<?xml version="1.0" encoding="UTF-8"?>
<testsuite xmlns:xsi="http://www.w3.org/2001/XMLSchema-instance" xsi:noNamespaceSchemaLocation="https://maven.apache.org/surefire/maven-surefire-plugin/xsd/surefire-test-report.xsd" version="3.0.2" name="org.apache.hadoop.ozone.client.rpc.TestFailureHandlingByClient" time="190.102" tests="7" errors="0" skipped="0" failures="2">
  <properties>
    <property name="java.specification.version" value="21"/>
    <property name="sun.jnu.encoding" value="UTF-8"/>
    <property name="java.class.path" value="/home/runner/work/ozone/ozone/hadoop-ozone/integration-test/target/test-classes:/home/runner/work/ozone/ozone/hadoop-ozone/integration-test/target/classes:/home/runner/.m2/repository/ch/qos/reload4j/reload4j/1.2.26/reload4j-1.2.26.jar:/home/runner/.m2/repository/com/fasterxml/jackson/core/jackson-core/2.16.2/jackson-core-2.16.2.jar:/home/runner/.m2/repository/com/fasterxml/jackson/core/jackson-databind/2.16.2/jackson-databind-2.16.2.jar:/home/runner/.m2/repository/com/fasterxml/jackson/core/jackson-annotations/2.16.2/jackson-annotations-2.16.2.jar:/home/runner/.m2/repository/com/github/stephenc/jcip/jcip-annotations/1.0-1/jcip-annotations-1.0-1.jar:/home/runner/.m2/repository/com/google/guava/guava/33.4.8-jre/guava-33.4.8-jre.jar:/home/runner/.m2/repository/com/google/guava/failureaccess/1.0.3/failureaccess-1.0.3.jar:/home/runner/.m2/repository/com/google/guava/listenablefuture/9999.0-empty-to-avoid-conflict-with-guava/listenablefuture-9999.0-empty-to-avoid-conflict-with-guava.jar:/home/runner/.m2/repository/org/jspecify/jspecify/1.0.0/jspecify-1.0.0.jar:/home/runner/.m2/repository/com/google/errorprone/error_prone_annotations/2.29.2/error_prone_annotations-2.29.2.jar:/home/runner/.m2/repository/com/google/j2objc/j2objc-annotations/3.0.0/j2objc-annotations-3.0.0.jar:/home/runner/.m2/repository/com/google/protobuf/protobuf-java/2.5.0/protobuf-java-2.5.0.jar:/home/runner/.m2/repository/com/squareup/okhttp3/okhttp/4.12.0/okhttp-4.12.0.jar:/home/runner/.m2/repository/com/squareup/okio/okio/3.6.0/okio-3.6.0.jar:/home/runner/.m2/repository/com/squareup/okio/okio-jvm/3.6.0/okio-jvm-3.6.0.jar:/home/runner/.m2/repository/org/jetbrains/kotlin/kotlin-stdlib-common/1.9.25/kotlin-stdlib-common-1.9.25.jar:/home/runner/.m2/repository/org/jetbrains/kotlin/kotlin-stdlib-jdk8/1.9.25/kotlin-stdlib-jdk8-1.9.25.jar:/home/runner/.m2/repository/org/jetbrains/kotlin/kotlin-stdlib/1.9.25/kotlin-stdlib-1.9.25.jar:/home/runner/.m2/repository/org/jetbrains/annotations/13.0/annotations-13.0.jar:/home/runner/.m2/repository/org/jetbrains/kotlin/kotlin-stdlib-jdk7/1.9.25/kotlin-stdlib-jdk7-1.9.25.jar:/home/runner/.m2/repository/commons-codec/commons-codec/1.18.0/commons-codec-1.18.0.jar:/home/runner/.m2/repository/commons-io/commons-io/2.18.0/commons-io-2.18.0.jar:/home/runner/.m2/repository/commons-validator/commons-validator/1.6/commons-validator-1.6.jar:/home/runner/.m2/repository/commons-beanutils/commons-beanutils/1.11.0/commons-beanutils-1.11.0.jar:/home/runner/.m2/repository/commons-digester/commons-digester/1.8.1/commons-digester-1.8.1.jar:/home/runner/.m2/repository/commons-collections/commons-collections/3.2.2/commons-collections-3.2.2.jar:/home/runner/.m2/repository/info/picocli/picocli/4.7.7/picocli-4.7.7.jar:/home/runner/.m2/repository/jakarta/annotation/jakarta.annotation-api/2.1.1/jakarta.annotation-api-2.1.1.jar:/home/runner/.m2/repository/jakarta/xml/bind/jakarta.xml.bind-api/2.3.3/jakarta.xml.bind-api-2.3.3.jar:/home/runner/.m2/repository/jakarta/activation/jakarta.activation-api/1.2.2/jakarta.activation-api-1.2.2.jar:/home/runner/.m2/repository/javax/servlet/javax.servlet-api/3.1.0/javax.servlet-api-3.1.0.jar:/home/runner/.m2/repository/javax/ws/rs/jsr311-api/1.1.1/jsr311-api-1.1.1.jar:/home/runner/.m2/repository/org/apache/commons/commons-compress/1.27.1/commons-compress-1.27.1.jar:/home/runner/.m2/repository/org/apache/commons/commons-lang3/3.18.0/commons-lang3-3.18.0.jar:/home/runner/.m2/repository/org/apache/commons/commons-text/1.13.1/commons-text-1.13.1.jar:/home/runner/.m2/repository/org/apache/hadoop/hadoop-auth/3.4.1/hadoop-auth-3.4.1.jar:/home/runner/.m2/repository/com/nimbusds/nimbus-jose-jwt/10.4/nimbus-jose-jwt-10.4.jar:/home/runner/.m2/repository/io/dropwizard/metrics/metrics-core/3.2.6/metrics-core-3.2.6.jar:/home/runner/.m2/repository/org/apache/kerby/kerb-core/1.0.1/kerb-core-1.0.1.jar:/home/runner/.m2/repository/org/apache/kerby/kerby-pkix/1.0.1/kerby-pkix-1.0.1.jar:/home/runner/.m2/repository/org/apache/kerby/kerby-asn1/1.0.1/kerby-asn1-1.0.1.jar:/home/runner/.m2/repository/org/apache/kerby/kerb-util/1.0.1/kerb-util-1.0.1.jar:/home/runner/.m2/repository/org/apache/kerby/kerby-config/1.0.1/kerby-config-1.0.1.jar:/home/runner/.m2/repository/org/apache/kerby/kerb-crypto/1.0.1/kerb-crypto-1.0.1.jar:/home/runner/.m2/repository/org/apache/hadoop/thirdparty/hadoop-shaded-guava/1.3.0/hadoop-shaded-guava-1.3.0.jar:/home/runner/.m2/repository/org/apache/hadoop/hadoop-common/3.4.1/hadoop-common-3.4.1.jar:/home/runner/.m2/repository/org/apache/hadoop/thirdparty/hadoop-shaded-protobuf_3_25/1.4.0/hadoop-shaded-protobuf_3_25-1.4.0.jar:/home/runner/.m2/repository/org/apache/hadoop/hadoop-annotations/3.4.1/hadoop-annotations-3.4.1.jar:/home/runner/.m2/repository/commons-cli/commons-cli/1.8.0/commons-cli-1.8.0.jar:/home/runner/.m2/repository/commons-net/commons-net/3.11.1/commons-net-3.11.1.jar:/home/runner/.m2/repository/org/eclipse/jetty/jetty-server/9.4.58.v20250814/jetty-server-9.4.58.v20250814.jar:/home/runner/.m2/repository/org/eclipse/jetty/jetty-io/9.4.58.v20250814/jetty-io-9.4.58.v20250814.jar:/home/runner/.m2/repository/org/eclipse/jetty/jetty-util/9.4.58.v20250814/jetty-util-9.4.58.v20250814.jar:/home/runner/.m2/repository/org/eclipse/jetty/jetty-servlet/9.4.58.v20250814/jetty-servlet-9.4.58.v20250814.jar:/home/runner/.m2/repository/org/eclipse/jetty/jetty-security/9.4.58.v20250814/jetty-security-9.4.58.v20250814.jar:/home/runner/.m2/repository/org/eclipse/jetty/jetty-webapp/9.4.58.v20250814/jetty-webapp-9.4.58.v20250814.jar:/home/runner/.m2/repository/org/eclipse/jetty/jetty-xml/9.4.58.v20250814/jetty-xml-9.4.58.v20250814.jar:/home/runner/.m2/repository/javax/servlet/jsp/jsp-api/2.1/jsp-api-2.1.jar:/home/runner/.m2/repository/org/codehaus/jettison/jettison/1.5.4/jettison-1.5.4.jar:/home/runner/.m2/repository/org/apache/commons/commons-configuration2/2.12.0/commons-configuration2-2.12.0.jar:/home/runner/.m2/repository/com/google/re2j/re2j/1.7/re2j-1.7.jar:/home/runner/.m2/repository/com/google/code/gson/gson/2.13.1/gson-2.13.1.jar:/home/runner/.m2/repository/com/jcraft/jsch/0.1.55/jsch-0.1.55.jar:/home/runner/.m2/repository/io/netty/netty-handler/4.1.119.Final/netty-handler-4.1.119.Final.jar:/home/runner/.m2/repository/io/netty/netty-resolver/4.1.119.Final/netty-resolver-4.1.119.Final.jar:/home/runner/.m2/repository/io/netty/netty-transport-native-epoll/4.1.119.Final/netty-transport-native-epoll-4.1.119.Final.jar:/home/runner/.m2/repository/org/bouncycastle/bcprov-jdk18on/1.81/bcprov-jdk18on-1.81.jar:/home/runner/.m2/repository/org/codehaus/woodstox/stax2-api/4.2.1/stax2-api-4.2.1.jar:/home/runner/.m2/repository/com/fasterxml/woodstox/woodstox-core/5.4.0/woodstox-core-5.4.0.jar:/home/runner/.m2/repository/dnsjava/dnsjava/3.6.1/dnsjava-3.6.1.jar:/home/runner/.m2/repository/org/apache/hadoop/hadoop-common/3.4.1/hadoop-common-3.4.1-tests.jar:/home/runner/.m2/repository/org/apache/commons/commons-math3/3.6.1/commons-math3-3.6.1.jar:/home/runner/.m2/repository/com/sun/jersey/jersey-core/1.19.4/jersey-core-1.19.4.jar:/home/runner/.m2/repository/com/sun/jersey/jersey-servlet/1.19.4/jersey-servlet-1.19.4.jar:/home/runner/.m2/repository/com/github/pjfanning/jersey-json/1.22.0/jersey-json-1.22.0.jar:/home/runner/.m2/repository/com/sun/xml/bind/jaxb-impl/2.2.3-1/jaxb-impl-2.2.3-1.jar:/home/runner/.m2/repository/com/sun/jersey/jersey-server/1.19.4/jersey-server-1.19.4.jar:/home/runner/.m2/repository/org/slf4j/slf4j-reload4j/2.0.17/slf4j-reload4j-2.0.17.jar:/home/runner/.m2/repository/org/apache/avro/avro/1.9.2/avro-1.9.2.jar:/home/runner/.m2/repository/org/apache/curator/curator-client/4.2.0/curator-client-4.2.0.jar:/home/runner/.m2/repository/org/apache/curator/curator-recipes/5.2.0/curator-recipes-5.2.0.jar:/home/runner/.m2/repository/org/apache/curator/curator-framework/4.2.0/curator-framework-4.2.0.jar:/home/runner/.m2/repository/com/google/code/findbugs/jsr305/3.0.2/jsr305-3.0.2.jar:/home/runner/.m2/repository/org/apache/zookeeper/zookeeper/3.8.4/zookeeper-3.8.4.jar:/home/runner/.m2/repository/org/apache/zookeeper/zookeeper-jute/3.8.4/zookeeper-jute-3.8.4.jar:/home/runner/.m2/repository/org/apache/yetus/audience-annotations/0.12.0/audience-annotations-0.12.0.jar:/home/runner/.m2/repository/org/xerial/snappy/snappy-java/1.1.10.8/snappy-java-1.1.10.8.jar:/home/runner/.m2/repository/org/apache/hadoop/hadoop-distcp/3.4.1/hadoop-distcp-3.4.1.jar:/home/runner/.m2/repository/org/apache/hadoop/hadoop-distcp/3.4.1/hadoop-distcp-3.4.1-tests.jar:/home/runner/.m2/repository/org/apache/hadoop/hadoop-hdfs/3.4.1/hadoop-hdfs-3.4.1.jar:/home/runner/.m2/repository/org/eclipse/jetty/jetty-util-ajax/9.4.58.v20250814/jetty-util-ajax-9.4.58.v20250814.jar:/home/runner/.m2/repository/commons-daemon/commons-daemon/1.4.0/commons-daemon-1.4.0.jar:/home/runner/.m2/repository/org/apache/hadoop/hadoop-hdfs/3.4.1/hadoop-hdfs-3.4.1-tests.jar:/home/runner/.m2/repository/io/netty/netty-all/4.1.119.Final/netty-all-4.1.119.Final.jar:/home/runner/.m2/repository/io/netty/netty-codec-dns/4.1.119.Final/netty-codec-dns-4.1.119.Final.jar:/home/runner/.m2/repository/io/netty/netty-codec-haproxy/4.1.119.Final/netty-codec-haproxy-4.1.119.Final.jar:/home/runner/.m2/repository/io/netty/netty-codec-http/4.1.119.Final/netty-codec-http-4.1.119.Final.jar:/home/runner/.m2/repository/io/netty/netty-codec-memcache/4.1.119.Final/netty-codec-memcache-4.1.119.Final.jar:/home/runner/.m2/repository/io/netty/netty-codec-mqtt/4.1.119.Final/netty-codec-mqtt-4.1.119.Final.jar:/home/runner/.m2/repository/io/netty/netty-codec-redis/4.1.119.Final/netty-codec-redis-4.1.119.Final.jar:/home/runner/.m2/repository/io/netty/netty-codec-smtp/4.1.119.Final/netty-codec-smtp-4.1.119.Final.jar:/home/runner/.m2/repository/io/netty/netty-codec-socks/4.1.119.Final/netty-codec-socks-4.1.119.Final.jar:/home/runner/.m2/repository/io/netty/netty-codec-stomp/4.1.119.Final/netty-codec-stomp-4.1.119.Final.jar:/home/runner/.m2/repository/io/netty/netty-codec-xml/4.1.119.Final/netty-codec-xml-4.1.119.Final.jar:/home/runner/.m2/repository/io/netty/netty-handler-ssl-ocsp/4.1.119.Final/netty-handler-ssl-ocsp-4.1.119.Final.jar:/home/runner/.m2/repository/io/netty/netty-resolver-dns/4.1.119.Final/netty-resolver-dns-4.1.119.Final.jar:/home/runner/.m2/repository/io/netty/netty-transport-rxtx/4.1.119.Final/netty-transport-rxtx-4.1.119.Final.jar:/home/runner/.m2/repository/io/netty/netty-transport-sctp/4.1.119.Final/netty-transport-sctp-4.1.119.Final.jar:/home/runner/.m2/repository/io/netty/netty-transport-udt/4.1.119.Final/netty-transport-udt-4.1.119.Final.jar:/home/runner/.m2/repository/io/netty/netty-transport-classes-kqueue/4.1.119.Final/netty-transport-classes-kqueue-4.1.119.Final.jar:/home/runner/.m2/repository/io/netty/netty-resolver-dns-classes-macos/4.1.119.Final/netty-resolver-dns-classes-macos-4.1.119.Final.jar:/home/runner/.m2/repository/io/netty/netty-transport-native-epoll/4.1.119.Final/netty-transport-native-epoll-4.1.119.Final-linux-aarch_64.jar:/home/runner/.m2/repository/io/netty/netty-transport-native-epoll/4.1.119.Final/netty-transport-native-epoll-4.1.119.Final-linux-riscv64.jar:/home/runner/.m2/repository/io/netty/netty-transport-native-kqueue/4.1.119.Final/netty-transport-native-kqueue-4.1.119.Final-osx-x86_64.jar:/home/runner/.m2/repository/io/netty/netty-transport-native-kqueue/4.1.119.Final/netty-transport-native-kqueue-4.1.119.Final-osx-aarch_64.jar:/home/runner/.m2/repository/io/netty/netty-resolver-dns-native-macos/4.1.119.Final/netty-resolver-dns-native-macos-4.1.119.Final-osx-x86_64.jar:/home/runner/.m2/repository/io/netty/netty-resolver-dns-native-macos/4.1.119.Final/netty-resolver-dns-native-macos-4.1.119.Final-osx-aarch_64.jar:/home/runner/.m2/repository/org/fusesource/leveldbjni/leveldbjni-all/1.8/leveldbjni-all-1.8.jar:/home/runner/.m2/repository/org/apache/hadoop/hadoop-hdfs-client/3.4.1/hadoop-hdfs-client-3.4.1.jar:/home/runner/.m2/repository/org/apache/hadoop/hadoop-kms/3.4.1/hadoop-kms-3.4.1.jar:/home/runner/.m2/repository/org/apache/hadoop/hadoop-kms/3.4.1/hadoop-kms-3.4.1-tests.jar:/home/runner/.m2/repository/org/apache/hadoop/hadoop-mapreduce-client-core/3.4.1/hadoop-mapreduce-client-core-3.4.1.jar:/home/runner/.m2/repository/org/apache/hadoop/hadoop-yarn-client/3.4.1/hadoop-yarn-client-3.4.1.jar:/home/runner/.m2/repository/org/eclipse/jetty/websocket/websocket-client/9.4.53.v20231009/websocket-client-9.4.53.v20231009.jar:/home/runner/.m2/repository/org/eclipse/jetty/jetty-client/9.4.58.v20250814/jetty-client-9.4.58.v20250814.jar:/home/runner/.m2/repository/org/eclipse/jetty/websocket/websocket-common/9.4.53.v20231009/websocket-common-9.4.53.v20231009.jar:/home/runner/.m2/repository/org/eclipse/jetty/websocket/websocket-api/9.4.53.v20231009/websocket-api-9.4.53.v20231009.jar:/home/runner/.m2/repository/org/apache/hadoop/hadoop-yarn-api/3.4.1/hadoop-yarn-api-3.4.1.jar:/home/runner/.m2/repository/org/apache/hadoop/hadoop-yarn-common/3.4.1/hadoop-yarn-common-3.4.1.jar:/home/runner/.m2/repository/javax/xml/bind/jaxb-api/2.2.11/jaxb-api-2.2.11.jar:/home/runner/.m2/repository/com/sun/jersey/contribs/jersey-guice/1.19.4/jersey-guice-1.19.4.jar:/home/runner/.m2/repository/com/fasterxml/jackson/module/jackson-module-jaxb-annotations/2.16.2/jackson-module-jaxb-annotations-2.16.2.jar:/home/runner/.m2/repository/com/fasterxml/jackson/jaxrs/jackson-jaxrs-json-provider/2.16.2/jackson-jaxrs-json-provider-2.16.2.jar:/home/runner/.m2/repository/com/google/inject/extensions/guice-servlet/6.0.0/guice-servlet-6.0.0.jar:/home/runner/.m2/repository/org/apache/hadoop/hadoop-mapreduce-client-jobclient/3.4.1/hadoop-mapreduce-client-jobclient-3.4.1.jar:/home/runner/.m2/repository/org/apache/hadoop/hadoop-mapreduce-client-common/3.4.1/hadoop-mapreduce-client-common-3.4.1.jar:/home/runner/.m2/repository/org/apache/hadoop/hadoop-minikdc/3.4.1/hadoop-minikdc-3.4.1.jar:/home/runner/.m2/repository/org/apache/kerby/kerb-simplekdc/2.0.3/kerb-simplekdc-2.0.3.jar:/home/runner/.m2/repository/org/apache/kerby/kerb-client/2.0.3/kerb-client-2.0.3.jar:/home/runner/.m2/repository/org/apache/kerby/kerb-common/2.0.3/kerb-common-2.0.3.jar:/home/runner/.m2/repository/org/apache/kerby/token-provider/2.0.3/token-provider-2.0.3.jar:/home/runner/.m2/repository/org/apache/kerby/kerb-admin/2.0.3/kerb-admin-2.0.3.jar:/home/runner/.m2/repository/org/apache/kerby/kerb-server/2.0.3/kerb-server-2.0.3.jar:/home/runner/.m2/repository/org/apache/kerby/kerb-identity/2.0.3/kerb-identity-2.0.3.jar:/home/runner/.m2/repository/org/apache/kerby/kerby-xdr/2.0.3/kerby-xdr-2.0.3.jar:/home/runner/.m2/repository/junit/junit/4.13.2/junit-4.13.2.jar:/home/runner/.m2/repository/org/hamcrest/hamcrest-core/1.3/hamcrest-core-1.3.jar:/home/runner/.m2/repository/org/apache/httpcomponents/httpclient/4.5.14/httpclient-4.5.14.jar:/home/runner/.m2/repository/org/apache/httpcomponents/httpcore/4.4.16/httpcore-4.4.16.jar:/home/runner/.m2/repository/org/apache/kerby/kerby-util/1.0.1/kerby-util-1.0.1.jar:/home/runner/work/ozone/ozone/hadoop-hdds/client/target/hdds-client-2.1.0-SNAPSHOT.jar:/home/runner/.m2/repository/io/opentracing/opentracing-api/0.33.0/opentracing-api-0.33.0.jar:/home/runner/.m2/repository/io/opentracing/opentracing-util/0.33.0/opentracing-util-0.33.0.jar:/home/runner/.m2/repository/io/opentracing/opentracing-noop/0.33.0/opentracing-noop-0.33.0.jar:/home/runner/work/ozone/ozone/hadoop-hdds/erasurecode/target/hdds-erasurecode-2.1.0-SNAPSHOT.jar:/home/runner/work/ozone/ozone/hadoop-hdds/common/target/hdds-common-2.1.0-SNAPSHOT.jar:/home/runner/.m2/repository/com/fasterxml/jackson/datatype/jackson-datatype-jsr310/2.16.2/jackson-datatype-jsr310-2.16.2.jar:/home/runner/.m2/repository/io/jaegertracing/jaeger-core/1.8.1/jaeger-core-1.8.1.jar:/home/runner/.m2/repository/org/apache/commons/commons-collections4/4.4/commons-collections4-4.4.jar:/home/runner/.m2/repository/org/apache/ratis/ratis-netty/3.2.0/ratis-netty-3.2.0.jar:/home/runner/.m2/repository/org/yaml/snakeyaml/2.0/snakeyaml-2.0.jar:/home/runner/.m2/repository/io/jaegertracing/jaeger-client/1.8.1/jaeger-client-1.8.1.jar:/home/runner/.m2/repository/io/jaegertracing/jaeger-thrift/1.8.1/jaeger-thrift-1.8.1.jar:/home/runner/.m2/repository/org/apache/thrift/libthrift/0.15.0/libthrift-0.15.0.jar:/home/runner/.m2/repository/io/jaegertracing/jaeger-tracerresolver/1.8.1/jaeger-tracerresolver-1.8.1.jar:/home/runner/.m2/repository/io/opentracing/contrib/opentracing-tracerresolver/0.1.8/opentracing-tracerresolver-0.1.8.jar:/home/runner/.m2/repository/org/apache/ratis/ratis-metrics-dropwizard3/3.2.0/ratis-metrics-dropwizard3-3.2.0.jar:/home/runner/.m2/repository/org/slf4j/jcl-over-slf4j/2.0.17/jcl-over-slf4j-2.0.17.jar:/home/runner/work/ozone/ozone/hadoop-hdds/common/target/hdds-common-2.1.0-SNAPSHOT-tests.jar:/home/runner/work/ozone/ozone/hadoop-hdds/config/target/hdds-config-2.1.0-SNAPSHOT.jar:/home/runner/work/ozone/ozone/hadoop-hdds/container-service/target/hdds-container-service-2.1.0-SNAPSHOT.jar:/home/runner/.m2/repository/io/netty/netty-buffer/4.1.119.Final/netty-buffer-4.1.119.Final.jar:/home/runner/.m2/repository/io/netty/netty-codec/4.1.119.Final/netty-codec-4.1.119.Final.jar:/home/runner/.m2/repository/io/netty/netty-common/4.1.119.Final/netty-common-4.1.119.Final.jar:/home/runner/.m2/repository/io/netty/netty-transport/4.1.119.Final/netty-transport-4.1.119.Final.jar:/home/runner/.m2/repository/org/apache/logging/log4j/log4j-api/2.25.0/log4j-api-2.25.0.jar:/home/runner/.m2/repository/com/github/luben/zstd-jni/1.5.7-4/zstd-jni-1.5.7-4.jar:/home/runner/.m2/repository/log4j/apache-log4j-extras/1.2.17/apache-log4j-extras-1.2.17.jar:/home/runner/.m2/repository/org/glassfish/jaxb/jaxb-runtime/2.3.9/jaxb-runtime-2.3.9.jar:/home/runner/.m2/repository/org/glassfish/jaxb/txw2/2.3.9/txw2-2.3.9.jar:/home/runner/.m2/repository/com/sun/istack/istack-commons-runtime/3.0.12/istack-commons-runtime-3.0.12.jar:/home/runner/.m2/repository/com/sun/activation/jakarta.activation/1.2.2/jakarta.activation-1.2.2.jar:/home/runner/work/ozone/ozone/hadoop-hdds/container-service/target/hdds-container-service-2.1.0-SNAPSHOT-tests.jar:/home/runner/work/ozone/ozone/hadoop-hdds/interface-admin/target/hdds-interface-admin-2.1.0-SNAPSHOT.jar:/home/runner/work/ozone/ozone/hadoop-hdds/interface-client/target/hdds-interface-client-2.1.0-SNAPSHOT.jar:/home/runner/work/ozone/ozone/hadoop-hdds/interface-server/target/hdds-interface-server-2.1.0-SNAPSHOT.jar:/home/runner/work/ozone/ozone/hadoop-hdds/managed-rocksdb/target/hdds-managed-rocksdb-2.1.0-SNAPSHOT.jar:/home/runner/work/ozone/ozone/hadoop-hdds/rocks-native/target/hdds-rocks-native-2.1.0-SNAPSHOT.jar:/home/runner/work/ozone/ozone/hadoop-hdds/framework/target/hdds-server-framework-2.1.0-SNAPSHOT.jar:/home/runner/.m2/repository/com/github/jnr/jnr-constants/0.10.4/jnr-constants-0.10.4.jar:/home/runner/.m2/repository/com/github/jnr/jnr-posix/3.1.20/jnr-posix-3.1.20.jar:/home/runner/.m2/repository/com/github/jnr/jnr-ffi/2.2.17/jnr-ffi-2.2.17.jar:/home/runner/.m2/repository/com/github/jnr/jffi/1.3.13/jffi-1.3.13.jar:/home/runner/.m2/repository/com/github/jnr/jffi/1.3.13/jffi-1.3.13-native.jar:/home/runner/.m2/repository/org/ow2/asm/asm/9.7.1/asm-9.7.1.jar:/home/runner/.m2/repository/org/ow2/asm/asm-commons/9.7.1/asm-commons-9.7.1.jar:/home/runner/.m2/repository/org/ow2/asm/asm-analysis/9.7.1/asm-analysis-9.7.1.jar:/home/runner/.m2/repository/org/ow2/asm/asm-tree/9.7.1/asm-tree-9.7.1.jar:/home/runner/.m2/repository/org/ow2/asm/asm-util/9.7.1/asm-util-9.7.1.jar:/home/runner/.m2/repository/com/github/jnr/jnr-a64asm/1.0.0/jnr-a64asm-1.0.0.jar:/home/runner/.m2/repository/com/github/jnr/jnr-x86asm/1.0.2/jnr-x86asm-1.0.2.jar:/home/runner/.m2/repository/commons-fileupload/commons-fileupload/1.6.0/commons-fileupload-1.6.0.jar:/home/runner/.m2/repository/io/grpc/grpc-api/1.71.0/grpc-api-1.71.0.jar:/home/runner/.m2/repository/io/prometheus/simpleclient/0.16.0/simpleclient-0.16.0.jar:/home/runner/.m2/repository/io/prometheus/simpleclient_common/0.16.0/simpleclient_common-0.16.0.jar:/home/runner/.m2/repository/io/prometheus/simpleclient_dropwizard/0.16.0/simpleclient_dropwizard-0.16.0.jar:/home/runner/.m2/repository/jakarta/ws/rs/jakarta.ws.rs-api/2.1.6/jakarta.ws.rs-api-2.1.6.jar:/home/runner/.m2/repository/org/eclipse/jetty/jetty-http/9.4.58.v20250814/jetty-http-9.4.58.v20250814.jar:/home/runner/.m2/repository/org/glassfish/jersey/containers/jersey-container-servlet-core/2.47/jersey-container-servlet-core-2.47.jar:/home/runner/.m2/repository/org/glassfish/jersey/core/jersey-server/2.47/jersey-server-2.47.jar:/home/runner/.m2/repository/org/glassfish/jersey/core/jersey-client/2.47/jersey-client-2.47.jar:/home/runner/.m2/repository/com/lmax/disruptor/3.4.4/disruptor-3.4.4.jar:/home/runner/.m2/repository/org/apache/logging/log4j/log4j-core/2.25.0/log4j-core-2.25.0.jar:/home/runner/work/ozone/ozone/hadoop-hdds/framework/target/hdds-server-framework-2.1.0-SNAPSHOT-tests.jar:/home/runner/work/ozone/ozone/hadoop-hdds/server-scm/target/hdds-server-scm-2.1.0-SNAPSHOT.jar:/home/runner/work/ozone/ozone/hadoop-hdds/server-scm/target/hdds-server-scm-2.1.0-SNAPSHOT-tests.jar:/home/runner/work/ozone/ozone/hadoop-hdds/test-utils/target/hdds-test-utils-2.1.0-SNAPSHOT-tests.jar:/home/runner/work/ozone/ozone/hadoop-ozone/cli-admin/target/ozone-cli-admin-2.1.0-SNAPSHOT.jar:/home/runner/work/ozone/ozone/hadoop-ozone/cli-shell/target/ozone-cli-shell-2.1.0-SNAPSHOT.jar:/home/runner/.m2/repository/info/picocli/picocli-shell-jline3/4.7.7/picocli-shell-jline3-4.7.7.jar:/home/runner/.m2/repository/org/jline/jline/3.30.5/jline-3.30.5.jar:/home/runner/work/ozone/ozone/hadoop-ozone/client/target/ozone-client-2.1.0-SNAPSHOT.jar:/home/runner/work/ozone/ozone/hadoop-ozone/common/target/ozone-common-2.1.0-SNAPSHOT.jar:/home/runner/.m2/repository/io/grpc/grpc-netty/1.71.0/grpc-netty-1.71.0.jar:/home/runner/.m2/repository/org/codehaus/mojo/animal-sniffer-annotations/1.24/animal-sniffer-annotations-1.24.jar:/home/runner/.m2/repository/io/grpc/grpc-core/1.71.0/grpc-core-1.71.0.jar:/home/runner/.m2/repository/com/google/android/annotations/4.1.1.4/annotations-4.1.1.4.jar:/home/runner/.m2/repository/io/grpc/grpc-context/1.71.0/grpc-context-1.71.0.jar:/home/runner/.m2/repository/io/perfmark/perfmark-api/0.27.0/perfmark-api-0.27.0.jar:/home/runner/.m2/repository/io/grpc/grpc-util/1.71.0/grpc-util-1.71.0.jar:/home/runner/.m2/repository/io/netty/netty-codec-http2/4.1.119.Final/netty-codec-http2-4.1.119.Final.jar:/home/runner/.m2/repository/io/netty/netty-handler-proxy/4.1.119.Final/netty-handler-proxy-4.1.119.Final.jar:/home/runner/.m2/repository/io/netty/netty-tcnative-boringssl-static/2.0.70.Final/netty-tcnative-boringssl-static-2.0.70.Final.jar:/home/runner/.m2/repository/io/netty/netty-tcnative-classes/2.0.70.Final/netty-tcnative-classes-2.0.70.Final.jar:/home/runner/.m2/repository/io/netty/netty-tcnative-boringssl-static/2.0.70.Final/netty-tcnative-boringssl-static-2.0.70.Final-linux-x86_64.jar:/home/runner/.m2/repository/io/netty/netty-tcnative-boringssl-static/2.0.70.Final/netty-tcnative-boringssl-static-2.0.70.Final-linux-aarch_64.jar:/home/runner/.m2/repository/io/netty/netty-tcnative-boringssl-static/2.0.70.Final/netty-tcnative-boringssl-static-2.0.70.Final-osx-x86_64.jar:/home/runner/.m2/repository/io/netty/netty-tcnative-boringssl-static/2.0.70.Final/netty-tcnative-boringssl-static-2.0.70.Final-osx-aarch_64.jar:/home/runner/.m2/repository/io/netty/netty-tcnative-boringssl-static/2.0.70.Final/netty-tcnative-boringssl-static-2.0.70.Final-windows-x86_64.jar:/home/runner/work/ozone/ozone/hadoop-ozone/csi/target/ozone-csi-2.1.0-SNAPSHOT.jar:/home/runner/.m2/repository/io/grpc/grpc-protobuf/1.71.0/grpc-protobuf-1.71.0.jar:/home/runner/.m2/repository/com/google/api/grpc/proto-google-common-protos/2.51.0/proto-google-common-protos-2.51.0.jar:/home/runner/.m2/repository/io/grpc/grpc-protobuf-lite/1.71.0/grpc-protobuf-lite-1.71.0.jar:/home/runner/.m2/repository/io/grpc/grpc-stub/1.71.0/grpc-stub-1.71.0.jar:/home/runner/.m2/repository/io/netty/netty-transport-classes-epoll/4.1.119.Final/netty-transport-classes-epoll-4.1.119.Final.jar:/home/runner/.m2/repository/io/netty/netty-transport-native-unix-common/4.1.119.Final/netty-transport-native-unix-common-4.1.119.Final.jar:/home/runner/.m2/repository/io/netty/netty-transport-native-epoll/4.1.119.Final/netty-transport-native-epoll-4.1.119.Final-linux-x86_64.jar:/home/runner/work/ozone/ozone/hadoop-ozone/ozonefs/target/ozone-filesystem-2.1.0-SNAPSHOT.jar:/home/runner/work/ozone/ozone/hadoop-ozone/ozonefs-common/target/ozone-filesystem-common-2.1.0-SNAPSHOT.jar:/home/runner/work/ozone/ozone/hadoop-ozone/freon/target/ozone-freon-2.1.0-SNAPSHOT.jar:/home/runner/.m2/repository/com/amazonaws/aws-java-sdk-core/1.12.788/aws-java-sdk-core-1.12.788.jar:/home/runner/.m2/repository/com/fasterxml/jackson/dataformat/jackson-dataformat-cbor/2.16.2/jackson-dataformat-cbor-2.16.2.jar:/home/runner/.m2/repository/joda-time/joda-time/2.12.7/joda-time-2.12.7.jar:/home/runner/.m2/repository/com/amazonaws/aws-java-sdk-s3/1.12.788/aws-java-sdk-s3-1.12.788.jar:/home/runner/.m2/repository/com/amazonaws/aws-java-sdk-kms/1.12.788/aws-java-sdk-kms-1.12.788.jar:/home/runner/.m2/repository/com/amazonaws/jmespath-java/1.12.788/jmespath-java-1.12.788.jar:/home/runner/work/ozone/ozone/hadoop-ozone/interface-client/target/ozone-interface-client-2.1.0-SNAPSHOT.jar:/home/runner/work/ozone/ozone/hadoop-ozone/interface-storage/target/ozone-interface-storage-2.1.0-SNAPSHOT.jar:/home/runner/work/ozone/ozone/hadoop-ozone/ozone-manager/target/ozone-manager-2.1.0-SNAPSHOT.jar:/home/runner/.m2/repository/com/sun/jersey/jersey-client/1.19.4/jersey-client-1.19.4.jar:/home/runner/.m2/repository/org/apache/ranger/ranger-plugins-common/2.6.0/ranger-plugins-common-2.6.0.jar:/home/runner/.m2/repository/com/fasterxml/jackson/jaxrs/jackson-jaxrs-base/2.16.2/jackson-jaxrs-base-2.16.2.jar:/home/runner/.m2/repository/com/kstruct/gethostname4j/1.0.0/gethostname4j-1.0.0.jar:/home/runner/.m2/repository/commons-lang/commons-lang/2.6/commons-lang-2.6.jar:/home/runner/.m2/repository/net/java/dev/jna/jna/5.2.0/jna-5.2.0.jar:/home/runner/.m2/repository/net/java/dev/jna/jna-platform/5.2.0/jna-platform-5.2.0.jar:/home/runner/.m2/repository/org/apache/ranger/ranger-plugin-classloader/2.6.0/ranger-plugin-classloader-2.6.0.jar:/home/runner/.m2/repository/org/apache/ranger/ranger-plugins-audit/2.6.0/ranger-plugins-audit-2.6.0.jar:/home/runner/.m2/repository/com/amazonaws/aws-java-sdk-logs/1.12.765/aws-java-sdk-logs-1.12.765.jar:/home/runner/.m2/repository/com/carrotsearch/hppc/0.8.0/hppc-0.8.0.jar:/home/runner/.m2/repository/io/airlift/aircompressor/0.27/aircompressor-0.27.jar:/home/runner/.m2/repository/org/apache/httpcomponents/httpasyncclient/4.1.4/httpasyncclient-4.1.4.jar:/home/runner/.m2/repository/org/apache/httpcomponents/httpcore-nio/4.4.16/httpcore-nio-4.4.16.jar:/home/runner/.m2/repository/org/apache/httpcomponents/httpmime/4.5.13/httpmime-4.5.13.jar:/home/runner/.m2/repository/org/apache/orc/orc-core/1.5.8/orc-core-1.5.8.jar:/home/runner/.m2/repository/org/apache/orc/orc-shims/1.5.8/orc-shims-1.5.8.jar:/home/runner/.m2/repository/org/apache/ranger/ranger-plugins-cred/2.6.0/ranger-plugins-cred-2.6.0.jar:/home/runner/.m2/repository/org/aspectj/aspectjrt/1.9.7/aspectjrt-1.9.7.jar:/home/runner/work/ozone/ozone/hadoop-ozone/ozone-manager/target/ozone-manager-2.1.0-SNAPSHOT-tests.jar:/home/runner/work/ozone/ozone/hadoop-ozone/mini-cluster/target/ozone-mini-cluster-2.1.0-SNAPSHOT.jar:/home/runner/work/ozone/ozone/hadoop-ozone/recon/target/ozone-recon-2.1.0-SNAPSHOT.jar:/home/runner/.m2/repository/aopalliance/aopalliance/1.0/aopalliance-1.0.jar:/home/runner/.m2/repository/com/google/inject/guice/6.0.0/guice-6.0.0.jar:/home/runner/.m2/repository/jakarta/inject/jakarta.inject-api/2.0.1/jakarta.inject-api-2.0.1.jar:/home/runner/.m2/repository/com/jolbox/bonecp/0.8.0.RELEASE/bonecp-0.8.0.RELEASE.jar:/home/runner/.m2/repository/jakarta/validation/jakarta.validation-api/2.0.2/jakarta.validation-api-2.0.2.jar:/home/runner/.m2/repository/javax/annotation/javax.annotation-api/1.3.2/javax.annotation-api-1.3.2.jar:/home/runner/.m2/repository/javax/inject/javax.inject/1/javax.inject-1.jar:/home/runner/.m2/repository/org/apache/derby/derby/10.14.2.0/derby-10.14.2.0.jar:/home/runner/.m2/repository/org/glassfish/hk2/guice-bridge/2.6.1/guice-bridge-2.6.1.jar:/home/runner/.m2/repository/org/glassfish/hk2/hk2-api/2.6.1/hk2-api-2.6.1.jar:/home/runner/.m2/repository/org/glassfish/hk2/hk2-utils/2.6.1/hk2-utils-2.6.1.jar:/home/runner/.m2/repository/org/glassfish/hk2/external/aopalliance-repackaged/2.6.1/aopalliance-repackaged-2.6.1.jar:/home/runner/.m2/repository/org/glassfish/jersey/core/jersey-common/2.47/jersey-common-2.47.jar:/home/runner/.m2/repository/org/glassfish/hk2/osgi-resource-locator/1.0.3/osgi-resource-locator-1.0.3.jar:/home/runner/.m2/repository/org/jooq/jooq/3.11.10/jooq-3.11.10.jar:/home/runner/.m2/repository/org/springframework/spring-core/5.3.39/spring-core-5.3.39.jar:/home/runner/.m2/repository/org/springframework/spring-jdbc/5.3.39/spring-jdbc-5.3.39.jar:/home/runner/.m2/repository/org/springframework/spring-beans/5.3.39/spring-beans-5.3.39.jar:/home/runner/.m2/repository/org/springframework/spring-tx/5.3.39/spring-tx-5.3.39.jar:/home/runner/.m2/repository/org/xerial/sqlite-jdbc/3.50.3.0/sqlite-jdbc-3.50.3.0.jar:/home/runner/.m2/repository/com/google/inject/extensions/guice-assistedinject/6.0.0/guice-assistedinject-6.0.0.jar:/home/runner/.m2/repository/org/glassfish/hk2/external/jakarta.inject/2.6.1/jakarta.inject-2.6.1.jar:/home/runner/.m2/repository/org/glassfish/jersey/inject/jersey-hk2/2.47/jersey-hk2-2.47.jar:/home/runner/.m2/repository/org/glassfish/hk2/hk2-locator/2.6.1/hk2-locator-2.6.1.jar:/home/runner/.m2/repository/org/glassfish/jersey/media/jersey-media-jaxb/2.47/jersey-media-jaxb-2.47.jar:/home/runner/.m2/repository/org/glassfish/jersey/media/jersey-media-json-jackson/2.47/jersey-media-json-jackson-2.47.jar:/home/runner/.m2/repository/org/glassfish/jersey/ext/jersey-entity-filtering/2.47/jersey-entity-filtering-2.47.jar:/home/runner/work/ozone/ozone/hadoop-ozone/recon-codegen/target/ozone-reconcodegen-2.1.0-SNAPSHOT.jar:/home/runner/.m2/repository/org/jooq/jooq-codegen/3.11.10/jooq-codegen-3.11.10.jar:/home/runner/.m2/repository/org/jooq/jooq-meta/3.11.10/jooq-meta-3.11.10.jar:/home/runner/work/ozone/ozone/hadoop-ozone/s3gateway/target/ozone-s3gateway-2.1.0-SNAPSHOT.jar:/home/runner/work/ozone/ozone/hadoop-ozone/tools/target/ozone-tools-2.1.0-SNAPSHOT.jar:/home/runner/.m2/repository/com/github/vlsi/mxgraph/jgraphx/3.9.12/jgraphx-3.9.12.jar:/home/runner/.m2/repository/org/apache/ratis/ratis-shell/3.2.0/ratis-shell-3.2.0.jar:/home/runner/.m2/repository/org/apache/ratis/ratis-tools/3.2.0/ratis-tools-3.2.0.jar:/home/runner/.m2/repository/org/jgrapht/jgrapht-core/1.4.0/jgrapht-core-1.4.0.jar:/home/runner/.m2/repository/org/jheaps/jheaps/0.11/jheaps-0.11.jar:/home/runner/.m2/repository/org/jgrapht/jgrapht-ext/1.4.0/jgrapht-ext-1.4.0.jar:/home/runner/work/ozone/ozone/hadoop-hdds/rocksdb-checkpoint-differ/target/rocksdb-checkpoint-differ-2.1.0-SNAPSHOT.jar:/home/runner/.m2/repository/org/apache/ranger/ranger-intg/2.6.0/ranger-intg-2.6.0.jar:/home/runner/.m2/repository/org/apache/ratis/ratis-client/3.2.0/ratis-client-3.2.0.jar:/home/runner/.m2/repository/org/apache/ratis/ratis-common/3.2.0/ratis-common-3.2.0.jar:/home/runner/.m2/repository/org/apache/ratis/ratis-grpc/3.2.0/ratis-grpc-3.2.0.jar:/home/runner/.m2/repository/org/apache/ratis/ratis-metrics-api/3.2.0/ratis-metrics-api-3.2.0.jar:/home/runner/.m2/repository/org/apache/ratis/ratis-proto/3.2.0/ratis-proto-3.2.0.jar:/home/runner/.m2/repository/org/apache/ratis/ratis-server/3.2.0/ratis-server-3.2.0.jar:/home/runner/.m2/repository/org/apache/ratis/ratis-server-api/3.2.0/ratis-server-api-3.2.0.jar:/home/runner/.m2/repository/org/apache/ratis/ratis-thirdparty-misc/1.0.9/ratis-thirdparty-misc-1.0.9.jar:/home/runner/.m2/repository/org/bouncycastle/bcpkix-jdk18on/1.81/bcpkix-jdk18on-1.81.jar:/home/runner/.m2/repository/org/bouncycastle/bcutil-jdk18on/1.81/bcutil-jdk18on-1.81.jar:/home/runner/.m2/repository/org/hamcrest/hamcrest/2.2/hamcrest-2.2.jar:/home/runner/.m2/repository/org/reflections/reflections/0.10.2/reflections-0.10.2.jar:/home/runner/.m2/repository/org/javassist/javassist/3.30.2-GA/javassist-3.30.2-GA.jar:/home/runner/.m2/repository/org/rocksdb/rocksdbjni/7.7.3/rocksdbjni-7.7.3.jar:/home/runner/.m2/repository/org/slf4j/jul-to-slf4j/2.0.17/jul-to-slf4j-2.0.17.jar:/home/runner/.m2/repository/org/slf4j/slf4j-api/2.0.17/slf4j-api-2.0.17.jar:/home/runner/.m2/repository/org/assertj/assertj-core/3.27.4/assertj-core-3.27.4.jar:/home/runner/.m2/repository/net/bytebuddy/byte-buddy/1.15.11/byte-buddy-1.15.11.jar:/home/runner/.m2/repository/org/junit/jupiter/junit-jupiter-api/5.13.4/junit-jupiter-api-5.13.4.jar:/home/runner/.m2/repository/org/opentest4j/opentest4j/1.3.0/opentest4j-1.3.0.jar:/home/runner/.m2/repository/org/junit/platform/junit-platform-commons/1.13.4/junit-platform-commons-1.13.4.jar:/home/runner/.m2/repository/org/apiguardian/apiguardian-api/1.1.2/apiguardian-api-1.1.2.jar:/home/runner/.m2/repository/org/junit/jupiter/junit-jupiter-params/5.13.4/junit-jupiter-params-5.13.4.jar:/home/runner/.m2/repository/org/mockito/mockito-core/4.11.0/mockito-core-4.11.0.jar:/home/runner/.m2/repository/net/bytebuddy/byte-buddy-agent/1.12.19/byte-buddy-agent-1.12.19.jar:/home/runner/.m2/repository/org/objenesis/objenesis/3.3/objenesis-3.3.jar:/home/runner/.m2/repository/org/mockito/mockito-inline/4.11.0/mockito-inline-4.11.0.jar:/home/runner/.m2/repository/org/mockito/mockito-junit-jupiter/4.11.0/mockito-junit-jupiter-4.11.0.jar:/home/runner/work/ozone/ozone/hadoop-ozone/integration-test/target/gradle-enterprise/test-listeners.jar:"/>
    <property name="java.vm.vendor" value="Eclipse Adoptium"/>
    <property name="sun.arch.data.model" value="64"/>
    <property name="test.build.dir" value="/home/runner/work/ozone/ozone/hadoop-ozone/integration-test/target/test-dir"/>
    <property name="test.cache.data" value=""/>
    <property name="java.vendor.url" value="https://adoptium.net/"/>
    <property name="user.timezone" value="Etc/UTC"/>
    <property name="maven-surefire-plugin.argLineAccessArgs" value=" --add-opens java.management/com.sun.jmx.mbeanserver=ALL-UNNAMED --add-exports java.management/com.sun.jmx.mbeanserver=ALL-UNNAMED --add-opens java.base/java.nio=ALL-UNNAMED --add-opens java.base/java.lang=ALL-UNNAMED --add-opens java.base/java.lang.reflect=ALL-UNNAMED"/>
    <property name="os.name" value="Linux"/>
    <property name="java.vm.specification.version" value="21"/>
    <property name="test.build.data" value="/home/runner/work/ozone/ozone/hadoop-ozone/integration-test/target/test-dir"/>
    <property name="sun.java.launcher" value="SUN_STANDARD"/>
    <property name="sun.boot.library.path" value="/usr/lib/jvm/temurin-21-jdk-amd64/lib"/>
    <property name="sun.java.command" value="/home/runner/work/ozone/ozone/hadoop-ozone/integration-test/target/surefire/surefirebooter-20250907093625021_178.jar /home/runner/work/ozone/ozone/hadoop-ozone/integration-test/target/surefire 2025-09-07T09-31-50_324-jvmRun1 surefire-20250907093625021_176tmp surefire_24-20250907093625021_177tmp"/>
    <property name="jdk.debug" value="release"/>
    <property name="native.lib.tmp.dir" value="/tmp"/>
    <property name="surefire.test.class.path" value="/home/runner/work/ozone/ozone/hadoop-ozone/integration-test/target/test-classes:/home/runner/work/ozone/ozone/hadoop-ozone/integration-test/target/classes:/home/runner/.m2/repository/ch/qos/reload4j/reload4j/1.2.26/reload4j-1.2.26.jar:/home/runner/.m2/repository/com/fasterxml/jackson/core/jackson-core/2.16.2/jackson-core-2.16.2.jar:/home/runner/.m2/repository/com/fasterxml/jackson/core/jackson-databind/2.16.2/jackson-databind-2.16.2.jar:/home/runner/.m2/repository/com/fasterxml/jackson/core/jackson-annotations/2.16.2/jackson-annotations-2.16.2.jar:/home/runner/.m2/repository/com/github/stephenc/jcip/jcip-annotations/1.0-1/jcip-annotations-1.0-1.jar:/home/runner/.m2/repository/com/google/guava/guava/33.4.8-jre/guava-33.4.8-jre.jar:/home/runner/.m2/repository/com/google/guava/failureaccess/1.0.3/failureaccess-1.0.3.jar:/home/runner/.m2/repository/com/google/guava/listenablefuture/9999.0-empty-to-avoid-conflict-with-guava/listenablefuture-9999.0-empty-to-avoid-conflict-with-guava.jar:/home/runner/.m2/repository/org/jspecify/jspecify/1.0.0/jspecify-1.0.0.jar:/home/runner/.m2/repository/com/google/errorprone/error_prone_annotations/2.29.2/error_prone_annotations-2.29.2.jar:/home/runner/.m2/repository/com/google/j2objc/j2objc-annotations/3.0.0/j2objc-annotations-3.0.0.jar:/home/runner/.m2/repository/com/google/protobuf/protobuf-java/2.5.0/protobuf-java-2.5.0.jar:/home/runner/.m2/repository/com/squareup/okhttp3/okhttp/4.12.0/okhttp-4.12.0.jar:/home/runner/.m2/repository/com/squareup/okio/okio/3.6.0/okio-3.6.0.jar:/home/runner/.m2/repository/com/squareup/okio/okio-jvm/3.6.0/okio-jvm-3.6.0.jar:/home/runner/.m2/repository/org/jetbrains/kotlin/kotlin-stdlib-common/1.9.25/kotlin-stdlib-common-1.9.25.jar:/home/runner/.m2/repository/org/jetbrains/kotlin/kotlin-stdlib-jdk8/1.9.25/kotlin-stdlib-jdk8-1.9.25.jar:/home/runner/.m2/repository/org/jetbrains/kotlin/kotlin-stdlib/1.9.25/kotlin-stdlib-1.9.25.jar:/home/runner/.m2/repository/org/jetbrains/annotations/13.0/annotations-13.0.jar:/home/runner/.m2/repository/org/jetbrains/kotlin/kotlin-stdlib-jdk7/1.9.25/kotlin-stdlib-jdk7-1.9.25.jar:/home/runner/.m2/repository/commons-codec/commons-codec/1.18.0/commons-codec-1.18.0.jar:/home/runner/.m2/repository/commons-io/commons-io/2.18.0/commons-io-2.18.0.jar:/home/runner/.m2/repository/commons-validator/commons-validator/1.6/commons-validator-1.6.jar:/home/runner/.m2/repository/commons-beanutils/commons-beanutils/1.11.0/commons-beanutils-1.11.0.jar:/home/runner/.m2/repository/commons-digester/commons-digester/1.8.1/commons-digester-1.8.1.jar:/home/runner/.m2/repository/commons-collections/commons-collections/3.2.2/commons-collections-3.2.2.jar:/home/runner/.m2/repository/info/picocli/picocli/4.7.7/picocli-4.7.7.jar:/home/runner/.m2/repository/jakarta/annotation/jakarta.annotation-api/2.1.1/jakarta.annotation-api-2.1.1.jar:/home/runner/.m2/repository/jakarta/xml/bind/jakarta.xml.bind-api/2.3.3/jakarta.xml.bind-api-2.3.3.jar:/home/runner/.m2/repository/jakarta/activation/jakarta.activation-api/1.2.2/jakarta.activation-api-1.2.2.jar:/home/runner/.m2/repository/javax/servlet/javax.servlet-api/3.1.0/javax.servlet-api-3.1.0.jar:/home/runner/.m2/repository/javax/ws/rs/jsr311-api/1.1.1/jsr311-api-1.1.1.jar:/home/runner/.m2/repository/org/apache/commons/commons-compress/1.27.1/commons-compress-1.27.1.jar:/home/runner/.m2/repository/org/apache/commons/commons-lang3/3.18.0/commons-lang3-3.18.0.jar:/home/runner/.m2/repository/org/apache/commons/commons-text/1.13.1/commons-text-1.13.1.jar:/home/runner/.m2/repository/org/apache/hadoop/hadoop-auth/3.4.1/hadoop-auth-3.4.1.jar:/home/runner/.m2/repository/com/nimbusds/nimbus-jose-jwt/10.4/nimbus-jose-jwt-10.4.jar:/home/runner/.m2/repository/io/dropwizard/metrics/metrics-core/3.2.6/metrics-core-3.2.6.jar:/home/runner/.m2/repository/org/apache/kerby/kerb-core/1.0.1/kerb-core-1.0.1.jar:/home/runner/.m2/repository/org/apache/kerby/kerby-pkix/1.0.1/kerby-pkix-1.0.1.jar:/home/runner/.m2/repository/org/apache/kerby/kerby-asn1/1.0.1/kerby-asn1-1.0.1.jar:/home/runner/.m2/repository/org/apache/kerby/kerb-util/1.0.1/kerb-util-1.0.1.jar:/home/runner/.m2/repository/org/apache/kerby/kerby-config/1.0.1/kerby-config-1.0.1.jar:/home/runner/.m2/repository/org/apache/kerby/kerb-crypto/1.0.1/kerb-crypto-1.0.1.jar:/home/runner/.m2/repository/org/apache/hadoop/thirdparty/hadoop-shaded-guava/1.3.0/hadoop-shaded-guava-1.3.0.jar:/home/runner/.m2/repository/org/apache/hadoop/hadoop-common/3.4.1/hadoop-common-3.4.1.jar:/home/runner/.m2/repository/org/apache/hadoop/thirdparty/hadoop-shaded-protobuf_3_25/1.4.0/hadoop-shaded-protobuf_3_25-1.4.0.jar:/home/runner/.m2/repository/org/apache/hadoop/hadoop-annotations/3.4.1/hadoop-annotations-3.4.1.jar:/home/runner/.m2/repository/commons-cli/commons-cli/1.8.0/commons-cli-1.8.0.jar:/home/runner/.m2/repository/commons-net/commons-net/3.11.1/commons-net-3.11.1.jar:/home/runner/.m2/repository/org/eclipse/jetty/jetty-server/9.4.58.v20250814/jetty-server-9.4.58.v20250814.jar:/home/runner/.m2/repository/org/eclipse/jetty/jetty-io/9.4.58.v20250814/jetty-io-9.4.58.v20250814.jar:/home/runner/.m2/repository/org/eclipse/jetty/jetty-util/9.4.58.v20250814/jetty-util-9.4.58.v20250814.jar:/home/runner/.m2/repository/org/eclipse/jetty/jetty-servlet/9.4.58.v20250814/jetty-servlet-9.4.58.v20250814.jar:/home/runner/.m2/repository/org/eclipse/jetty/jetty-security/9.4.58.v20250814/jetty-security-9.4.58.v20250814.jar:/home/runner/.m2/repository/org/eclipse/jetty/jetty-webapp/9.4.58.v20250814/jetty-webapp-9.4.58.v20250814.jar:/home/runner/.m2/repository/org/eclipse/jetty/jetty-xml/9.4.58.v20250814/jetty-xml-9.4.58.v20250814.jar:/home/runner/.m2/repository/javax/servlet/jsp/jsp-api/2.1/jsp-api-2.1.jar:/home/runner/.m2/repository/org/codehaus/jettison/jettison/1.5.4/jettison-1.5.4.jar:/home/runner/.m2/repository/org/apache/commons/commons-configuration2/2.12.0/commons-configuration2-2.12.0.jar:/home/runner/.m2/repository/com/google/re2j/re2j/1.7/re2j-1.7.jar:/home/runner/.m2/repository/com/google/code/gson/gson/2.13.1/gson-2.13.1.jar:/home/runner/.m2/repository/com/jcraft/jsch/0.1.55/jsch-0.1.55.jar:/home/runner/.m2/repository/io/netty/netty-handler/4.1.119.Final/netty-handler-4.1.119.Final.jar:/home/runner/.m2/repository/io/netty/netty-resolver/4.1.119.Final/netty-resolver-4.1.119.Final.jar:/home/runner/.m2/repository/io/netty/netty-transport-native-epoll/4.1.119.Final/netty-transport-native-epoll-4.1.119.Final.jar:/home/runner/.m2/repository/org/bouncycastle/bcprov-jdk18on/1.81/bcprov-jdk18on-1.81.jar:/home/runner/.m2/repository/org/codehaus/woodstox/stax2-api/4.2.1/stax2-api-4.2.1.jar:/home/runner/.m2/repository/com/fasterxml/woodstox/woodstox-core/5.4.0/woodstox-core-5.4.0.jar:/home/runner/.m2/repository/dnsjava/dnsjava/3.6.1/dnsjava-3.6.1.jar:/home/runner/.m2/repository/org/apache/hadoop/hadoop-common/3.4.1/hadoop-common-3.4.1-tests.jar:/home/runner/.m2/repository/org/apache/commons/commons-math3/3.6.1/commons-math3-3.6.1.jar:/home/runner/.m2/repository/com/sun/jersey/jersey-core/1.19.4/jersey-core-1.19.4.jar:/home/runner/.m2/repository/com/sun/jersey/jersey-servlet/1.19.4/jersey-servlet-1.19.4.jar:/home/runner/.m2/repository/com/github/pjfanning/jersey-json/1.22.0/jersey-json-1.22.0.jar:/home/runner/.m2/repository/com/sun/xml/bind/jaxb-impl/2.2.3-1/jaxb-impl-2.2.3-1.jar:/home/runner/.m2/repository/com/sun/jersey/jersey-server/1.19.4/jersey-server-1.19.4.jar:/home/runner/.m2/repository/org/slf4j/slf4j-reload4j/2.0.17/slf4j-reload4j-2.0.17.jar:/home/runner/.m2/repository/org/apache/avro/avro/1.9.2/avro-1.9.2.jar:/home/runner/.m2/repository/org/apache/curator/curator-client/4.2.0/curator-client-4.2.0.jar:/home/runner/.m2/repository/org/apache/curator/curator-recipes/5.2.0/curator-recipes-5.2.0.jar:/home/runner/.m2/repository/org/apache/curator/curator-framework/4.2.0/curator-framework-4.2.0.jar:/home/runner/.m2/repository/com/google/code/findbugs/jsr305/3.0.2/jsr305-3.0.2.jar:/home/runner/.m2/repository/org/apache/zookeeper/zookeeper/3.8.4/zookeeper-3.8.4.jar:/home/runner/.m2/repository/org/apache/zookeeper/zookeeper-jute/3.8.4/zookeeper-jute-3.8.4.jar:/home/runner/.m2/repository/org/apache/yetus/audience-annotations/0.12.0/audience-annotations-0.12.0.jar:/home/runner/.m2/repository/org/xerial/snappy/snappy-java/1.1.10.8/snappy-java-1.1.10.8.jar:/home/runner/.m2/repository/org/apache/hadoop/hadoop-distcp/3.4.1/hadoop-distcp-3.4.1.jar:/home/runner/.m2/repository/org/apache/hadoop/hadoop-distcp/3.4.1/hadoop-distcp-3.4.1-tests.jar:/home/runner/.m2/repository/org/apache/hadoop/hadoop-hdfs/3.4.1/hadoop-hdfs-3.4.1.jar:/home/runner/.m2/repository/org/eclipse/jetty/jetty-util-ajax/9.4.58.v20250814/jetty-util-ajax-9.4.58.v20250814.jar:/home/runner/.m2/repository/commons-daemon/commons-daemon/1.4.0/commons-daemon-1.4.0.jar:/home/runner/.m2/repository/org/apache/hadoop/hadoop-hdfs/3.4.1/hadoop-hdfs-3.4.1-tests.jar:/home/runner/.m2/repository/io/netty/netty-all/4.1.119.Final/netty-all-4.1.119.Final.jar:/home/runner/.m2/repository/io/netty/netty-codec-dns/4.1.119.Final/netty-codec-dns-4.1.119.Final.jar:/home/runner/.m2/repository/io/netty/netty-codec-haproxy/4.1.119.Final/netty-codec-haproxy-4.1.119.Final.jar:/home/runner/.m2/repository/io/netty/netty-codec-http/4.1.119.Final/netty-codec-http-4.1.119.Final.jar:/home/runner/.m2/repository/io/netty/netty-codec-memcache/4.1.119.Final/netty-codec-memcache-4.1.119.Final.jar:/home/runner/.m2/repository/io/netty/netty-codec-mqtt/4.1.119.Final/netty-codec-mqtt-4.1.119.Final.jar:/home/runner/.m2/repository/io/netty/netty-codec-redis/4.1.119.Final/netty-codec-redis-4.1.119.Final.jar:/home/runner/.m2/repository/io/netty/netty-codec-smtp/4.1.119.Final/netty-codec-smtp-4.1.119.Final.jar:/home/runner/.m2/repository/io/netty/netty-codec-socks/4.1.119.Final/netty-codec-socks-4.1.119.Final.jar:/home/runner/.m2/repository/io/netty/netty-codec-stomp/4.1.119.Final/netty-codec-stomp-4.1.119.Final.jar:/home/runner/.m2/repository/io/netty/netty-codec-xml/4.1.119.Final/netty-codec-xml-4.1.119.Final.jar:/home/runner/.m2/repository/io/netty/netty-handler-ssl-ocsp/4.1.119.Final/netty-handler-ssl-ocsp-4.1.119.Final.jar:/home/runner/.m2/repository/io/netty/netty-resolver-dns/4.1.119.Final/netty-resolver-dns-4.1.119.Final.jar:/home/runner/.m2/repository/io/netty/netty-transport-rxtx/4.1.119.Final/netty-transport-rxtx-4.1.119.Final.jar:/home/runner/.m2/repository/io/netty/netty-transport-sctp/4.1.119.Final/netty-transport-sctp-4.1.119.Final.jar:/home/runner/.m2/repository/io/netty/netty-transport-udt/4.1.119.Final/netty-transport-udt-4.1.119.Final.jar:/home/runner/.m2/repository/io/netty/netty-transport-classes-kqueue/4.1.119.Final/netty-transport-classes-kqueue-4.1.119.Final.jar:/home/runner/.m2/repository/io/netty/netty-resolver-dns-classes-macos/4.1.119.Final/netty-resolver-dns-classes-macos-4.1.119.Final.jar:/home/runner/.m2/repository/io/netty/netty-transport-native-epoll/4.1.119.Final/netty-transport-native-epoll-4.1.119.Final-linux-aarch_64.jar:/home/runner/.m2/repository/io/netty/netty-transport-native-epoll/4.1.119.Final/netty-transport-native-epoll-4.1.119.Final-linux-riscv64.jar:/home/runner/.m2/repository/io/netty/netty-transport-native-kqueue/4.1.119.Final/netty-transport-native-kqueue-4.1.119.Final-osx-x86_64.jar:/home/runner/.m2/repository/io/netty/netty-transport-native-kqueue/4.1.119.Final/netty-transport-native-kqueue-4.1.119.Final-osx-aarch_64.jar:/home/runner/.m2/repository/io/netty/netty-resolver-dns-native-macos/4.1.119.Final/netty-resolver-dns-native-macos-4.1.119.Final-osx-x86_64.jar:/home/runner/.m2/repository/io/netty/netty-resolver-dns-native-macos/4.1.119.Final/netty-resolver-dns-native-macos-4.1.119.Final-osx-aarch_64.jar:/home/runner/.m2/repository/org/fusesource/leveldbjni/leveldbjni-all/1.8/leveldbjni-all-1.8.jar:/home/runner/.m2/repository/org/apache/hadoop/hadoop-hdfs-client/3.4.1/hadoop-hdfs-client-3.4.1.jar:/home/runner/.m2/repository/org/apache/hadoop/hadoop-kms/3.4.1/hadoop-kms-3.4.1.jar:/home/runner/.m2/repository/org/apache/hadoop/hadoop-kms/3.4.1/hadoop-kms-3.4.1-tests.jar:/home/runner/.m2/repository/org/apache/hadoop/hadoop-mapreduce-client-core/3.4.1/hadoop-mapreduce-client-core-3.4.1.jar:/home/runner/.m2/repository/org/apache/hadoop/hadoop-yarn-client/3.4.1/hadoop-yarn-client-3.4.1.jar:/home/runner/.m2/repository/org/eclipse/jetty/websocket/websocket-client/9.4.53.v20231009/websocket-client-9.4.53.v20231009.jar:/home/runner/.m2/repository/org/eclipse/jetty/jetty-client/9.4.58.v20250814/jetty-client-9.4.58.v20250814.jar:/home/runner/.m2/repository/org/eclipse/jetty/websocket/websocket-common/9.4.53.v20231009/websocket-common-9.4.53.v20231009.jar:/home/runner/.m2/repository/org/eclipse/jetty/websocket/websocket-api/9.4.53.v20231009/websocket-api-9.4.53.v20231009.jar:/home/runner/.m2/repository/org/apache/hadoop/hadoop-yarn-api/3.4.1/hadoop-yarn-api-3.4.1.jar:/home/runner/.m2/repository/org/apache/hadoop/hadoop-yarn-common/3.4.1/hadoop-yarn-common-3.4.1.jar:/home/runner/.m2/repository/javax/xml/bind/jaxb-api/2.2.11/jaxb-api-2.2.11.jar:/home/runner/.m2/repository/com/sun/jersey/contribs/jersey-guice/1.19.4/jersey-guice-1.19.4.jar:/home/runner/.m2/repository/com/fasterxml/jackson/module/jackson-module-jaxb-annotations/2.16.2/jackson-module-jaxb-annotations-2.16.2.jar:/home/runner/.m2/repository/com/fasterxml/jackson/jaxrs/jackson-jaxrs-json-provider/2.16.2/jackson-jaxrs-json-provider-2.16.2.jar:/home/runner/.m2/repository/com/google/inject/extensions/guice-servlet/6.0.0/guice-servlet-6.0.0.jar:/home/runner/.m2/repository/org/apache/hadoop/hadoop-mapreduce-client-jobclient/3.4.1/hadoop-mapreduce-client-jobclient-3.4.1.jar:/home/runner/.m2/repository/org/apache/hadoop/hadoop-mapreduce-client-common/3.4.1/hadoop-mapreduce-client-common-3.4.1.jar:/home/runner/.m2/repository/org/apache/hadoop/hadoop-minikdc/3.4.1/hadoop-minikdc-3.4.1.jar:/home/runner/.m2/repository/org/apache/kerby/kerb-simplekdc/2.0.3/kerb-simplekdc-2.0.3.jar:/home/runner/.m2/repository/org/apache/kerby/kerb-client/2.0.3/kerb-client-2.0.3.jar:/home/runner/.m2/repository/org/apache/kerby/kerb-common/2.0.3/kerb-common-2.0.3.jar:/home/runner/.m2/repository/org/apache/kerby/token-provider/2.0.3/token-provider-2.0.3.jar:/home/runner/.m2/repository/org/apache/kerby/kerb-admin/2.0.3/kerb-admin-2.0.3.jar:/home/runner/.m2/repository/org/apache/kerby/kerb-server/2.0.3/kerb-server-2.0.3.jar:/home/runner/.m2/repository/org/apache/kerby/kerb-identity/2.0.3/kerb-identity-2.0.3.jar:/home/runner/.m2/repository/org/apache/kerby/kerby-xdr/2.0.3/kerby-xdr-2.0.3.jar:/home/runner/.m2/repository/junit/junit/4.13.2/junit-4.13.2.jar:/home/runner/.m2/repository/org/hamcrest/hamcrest-core/1.3/hamcrest-core-1.3.jar:/home/runner/.m2/repository/org/apache/httpcomponents/httpclient/4.5.14/httpclient-4.5.14.jar:/home/runner/.m2/repository/org/apache/httpcomponents/httpcore/4.4.16/httpcore-4.4.16.jar:/home/runner/.m2/repository/org/apache/kerby/kerby-util/1.0.1/kerby-util-1.0.1.jar:/home/runner/work/ozone/ozone/hadoop-hdds/client/target/hdds-client-2.1.0-SNAPSHOT.jar:/home/runner/.m2/repository/io/opentracing/opentracing-api/0.33.0/opentracing-api-0.33.0.jar:/home/runner/.m2/repository/io/opentracing/opentracing-util/0.33.0/opentracing-util-0.33.0.jar:/home/runner/.m2/repository/io/opentracing/opentracing-noop/0.33.0/opentracing-noop-0.33.0.jar:/home/runner/work/ozone/ozone/hadoop-hdds/erasurecode/target/hdds-erasurecode-2.1.0-SNAPSHOT.jar:/home/runner/work/ozone/ozone/hadoop-hdds/common/target/hdds-common-2.1.0-SNAPSHOT.jar:/home/runner/.m2/repository/com/fasterxml/jackson/datatype/jackson-datatype-jsr310/2.16.2/jackson-datatype-jsr310-2.16.2.jar:/home/runner/.m2/repository/io/jaegertracing/jaeger-core/1.8.1/jaeger-core-1.8.1.jar:/home/runner/.m2/repository/org/apache/commons/commons-collections4/4.4/commons-collections4-4.4.jar:/home/runner/.m2/repository/org/apache/ratis/ratis-netty/3.2.0/ratis-netty-3.2.0.jar:/home/runner/.m2/repository/org/yaml/snakeyaml/2.0/snakeyaml-2.0.jar:/home/runner/.m2/repository/io/jaegertracing/jaeger-client/1.8.1/jaeger-client-1.8.1.jar:/home/runner/.m2/repository/io/jaegertracing/jaeger-thrift/1.8.1/jaeger-thrift-1.8.1.jar:/home/runner/.m2/repository/org/apache/thrift/libthrift/0.15.0/libthrift-0.15.0.jar:/home/runner/.m2/repository/io/jaegertracing/jaeger-tracerresolver/1.8.1/jaeger-tracerresolver-1.8.1.jar:/home/runner/.m2/repository/io/opentracing/contrib/opentracing-tracerresolver/0.1.8/opentracing-tracerresolver-0.1.8.jar:/home/runner/.m2/repository/org/apache/ratis/ratis-metrics-dropwizard3/3.2.0/ratis-metrics-dropwizard3-3.2.0.jar:/home/runner/.m2/repository/org/slf4j/jcl-over-slf4j/2.0.17/jcl-over-slf4j-2.0.17.jar:/home/runner/work/ozone/ozone/hadoop-hdds/common/target/hdds-common-2.1.0-SNAPSHOT-tests.jar:/home/runner/work/ozone/ozone/hadoop-hdds/config/target/hdds-config-2.1.0-SNAPSHOT.jar:/home/runner/work/ozone/ozone/hadoop-hdds/container-service/target/hdds-container-service-2.1.0-SNAPSHOT.jar:/home/runner/.m2/repository/io/netty/netty-buffer/4.1.119.Final/netty-buffer-4.1.119.Final.jar:/home/runner/.m2/repository/io/netty/netty-codec/4.1.119.Final/netty-codec-4.1.119.Final.jar:/home/runner/.m2/repository/io/netty/netty-common/4.1.119.Final/netty-common-4.1.119.Final.jar:/home/runner/.m2/repository/io/netty/netty-transport/4.1.119.Final/netty-transport-4.1.119.Final.jar:/home/runner/.m2/repository/org/apache/logging/log4j/log4j-api/2.25.0/log4j-api-2.25.0.jar:/home/runner/.m2/repository/com/github/luben/zstd-jni/1.5.7-4/zstd-jni-1.5.7-4.jar:/home/runner/.m2/repository/log4j/apache-log4j-extras/1.2.17/apache-log4j-extras-1.2.17.jar:/home/runner/.m2/repository/org/glassfish/jaxb/jaxb-runtime/2.3.9/jaxb-runtime-2.3.9.jar:/home/runner/.m2/repository/org/glassfish/jaxb/txw2/2.3.9/txw2-2.3.9.jar:/home/runner/.m2/repository/com/sun/istack/istack-commons-runtime/3.0.12/istack-commons-runtime-3.0.12.jar:/home/runner/.m2/repository/com/sun/activation/jakarta.activation/1.2.2/jakarta.activation-1.2.2.jar:/home/runner/work/ozone/ozone/hadoop-hdds/container-service/target/hdds-container-service-2.1.0-SNAPSHOT-tests.jar:/home/runner/work/ozone/ozone/hadoop-hdds/interface-admin/target/hdds-interface-admin-2.1.0-SNAPSHOT.jar:/home/runner/work/ozone/ozone/hadoop-hdds/interface-client/target/hdds-interface-client-2.1.0-SNAPSHOT.jar:/home/runner/work/ozone/ozone/hadoop-hdds/interface-server/target/hdds-interface-server-2.1.0-SNAPSHOT.jar:/home/runner/work/ozone/ozone/hadoop-hdds/managed-rocksdb/target/hdds-managed-rocksdb-2.1.0-SNAPSHOT.jar:/home/runner/work/ozone/ozone/hadoop-hdds/rocks-native/target/hdds-rocks-native-2.1.0-SNAPSHOT.jar:/home/runner/work/ozone/ozone/hadoop-hdds/framework/target/hdds-server-framework-2.1.0-SNAPSHOT.jar:/home/runner/.m2/repository/com/github/jnr/jnr-constants/0.10.4/jnr-constants-0.10.4.jar:/home/runner/.m2/repository/com/github/jnr/jnr-posix/3.1.20/jnr-posix-3.1.20.jar:/home/runner/.m2/repository/com/github/jnr/jnr-ffi/2.2.17/jnr-ffi-2.2.17.jar:/home/runner/.m2/repository/com/github/jnr/jffi/1.3.13/jffi-1.3.13.jar:/home/runner/.m2/repository/com/github/jnr/jffi/1.3.13/jffi-1.3.13-native.jar:/home/runner/.m2/repository/org/ow2/asm/asm/9.7.1/asm-9.7.1.jar:/home/runner/.m2/repository/org/ow2/asm/asm-commons/9.7.1/asm-commons-9.7.1.jar:/home/runner/.m2/repository/org/ow2/asm/asm-analysis/9.7.1/asm-analysis-9.7.1.jar:/home/runner/.m2/repository/org/ow2/asm/asm-tree/9.7.1/asm-tree-9.7.1.jar:/home/runner/.m2/repository/org/ow2/asm/asm-util/9.7.1/asm-util-9.7.1.jar:/home/runner/.m2/repository/com/github/jnr/jnr-a64asm/1.0.0/jnr-a64asm-1.0.0.jar:/home/runner/.m2/repository/com/github/jnr/jnr-x86asm/1.0.2/jnr-x86asm-1.0.2.jar:/home/runner/.m2/repository/commons-fileupload/commons-fileupload/1.6.0/commons-fileupload-1.6.0.jar:/home/runner/.m2/repository/io/grpc/grpc-api/1.71.0/grpc-api-1.71.0.jar:/home/runner/.m2/repository/io/prometheus/simpleclient/0.16.0/simpleclient-0.16.0.jar:/home/runner/.m2/repository/io/prometheus/simpleclient_common/0.16.0/simpleclient_common-0.16.0.jar:/home/runner/.m2/repository/io/prometheus/simpleclient_dropwizard/0.16.0/simpleclient_dropwizard-0.16.0.jar:/home/runner/.m2/repository/jakarta/ws/rs/jakarta.ws.rs-api/2.1.6/jakarta.ws.rs-api-2.1.6.jar:/home/runner/.m2/repository/org/eclipse/jetty/jetty-http/9.4.58.v20250814/jetty-http-9.4.58.v20250814.jar:/home/runner/.m2/repository/org/glassfish/jersey/containers/jersey-container-servlet-core/2.47/jersey-container-servlet-core-2.47.jar:/home/runner/.m2/repository/org/glassfish/jersey/core/jersey-server/2.47/jersey-server-2.47.jar:/home/runner/.m2/repository/org/glassfish/jersey/core/jersey-client/2.47/jersey-client-2.47.jar:/home/runner/.m2/repository/com/lmax/disruptor/3.4.4/disruptor-3.4.4.jar:/home/runner/.m2/repository/org/apache/logging/log4j/log4j-core/2.25.0/log4j-core-2.25.0.jar:/home/runner/work/ozone/ozone/hadoop-hdds/framework/target/hdds-server-framework-2.1.0-SNAPSHOT-tests.jar:/home/runner/work/ozone/ozone/hadoop-hdds/server-scm/target/hdds-server-scm-2.1.0-SNAPSHOT.jar:/home/runner/work/ozone/ozone/hadoop-hdds/server-scm/target/hdds-server-scm-2.1.0-SNAPSHOT-tests.jar:/home/runner/work/ozone/ozone/hadoop-hdds/test-utils/target/hdds-test-utils-2.1.0-SNAPSHOT-tests.jar:/home/runner/work/ozone/ozone/hadoop-ozone/cli-admin/target/ozone-cli-admin-2.1.0-SNAPSHOT.jar:/home/runner/work/ozone/ozone/hadoop-ozone/cli-shell/target/ozone-cli-shell-2.1.0-SNAPSHOT.jar:/home/runner/.m2/repository/info/picocli/picocli-shell-jline3/4.7.7/picocli-shell-jline3-4.7.7.jar:/home/runner/.m2/repository/org/jline/jline/3.30.5/jline-3.30.5.jar:/home/runner/work/ozone/ozone/hadoop-ozone/client/target/ozone-client-2.1.0-SNAPSHOT.jar:/home/runner/work/ozone/ozone/hadoop-ozone/common/target/ozone-common-2.1.0-SNAPSHOT.jar:/home/runner/.m2/repository/io/grpc/grpc-netty/1.71.0/grpc-netty-1.71.0.jar:/home/runner/.m2/repository/org/codehaus/mojo/animal-sniffer-annotations/1.24/animal-sniffer-annotations-1.24.jar:/home/runner/.m2/repository/io/grpc/grpc-core/1.71.0/grpc-core-1.71.0.jar:/home/runner/.m2/repository/com/google/android/annotations/4.1.1.4/annotations-4.1.1.4.jar:/home/runner/.m2/repository/io/grpc/grpc-context/1.71.0/grpc-context-1.71.0.jar:/home/runner/.m2/repository/io/perfmark/perfmark-api/0.27.0/perfmark-api-0.27.0.jar:/home/runner/.m2/repository/io/grpc/grpc-util/1.71.0/grpc-util-1.71.0.jar:/home/runner/.m2/repository/io/netty/netty-codec-http2/4.1.119.Final/netty-codec-http2-4.1.119.Final.jar:/home/runner/.m2/repository/io/netty/netty-handler-proxy/4.1.119.Final/netty-handler-proxy-4.1.119.Final.jar:/home/runner/.m2/repository/io/netty/netty-tcnative-boringssl-static/2.0.70.Final/netty-tcnative-boringssl-static-2.0.70.Final.jar:/home/runner/.m2/repository/io/netty/netty-tcnative-classes/2.0.70.Final/netty-tcnative-classes-2.0.70.Final.jar:/home/runner/.m2/repository/io/netty/netty-tcnative-boringssl-static/2.0.70.Final/netty-tcnative-boringssl-static-2.0.70.Final-linux-x86_64.jar:/home/runner/.m2/repository/io/netty/netty-tcnative-boringssl-static/2.0.70.Final/netty-tcnative-boringssl-static-2.0.70.Final-linux-aarch_64.jar:/home/runner/.m2/repository/io/netty/netty-tcnative-boringssl-static/2.0.70.Final/netty-tcnative-boringssl-static-2.0.70.Final-osx-x86_64.jar:/home/runner/.m2/repository/io/netty/netty-tcnative-boringssl-static/2.0.70.Final/netty-tcnative-boringssl-static-2.0.70.Final-osx-aarch_64.jar:/home/runner/.m2/repository/io/netty/netty-tcnative-boringssl-static/2.0.70.Final/netty-tcnative-boringssl-static-2.0.70.Final-windows-x86_64.jar:/home/runner/work/ozone/ozone/hadoop-ozone/csi/target/ozone-csi-2.1.0-SNAPSHOT.jar:/home/runner/.m2/repository/io/grpc/grpc-protobuf/1.71.0/grpc-protobuf-1.71.0.jar:/home/runner/.m2/repository/com/google/api/grpc/proto-google-common-protos/2.51.0/proto-google-common-protos-2.51.0.jar:/home/runner/.m2/repository/io/grpc/grpc-protobuf-lite/1.71.0/grpc-protobuf-lite-1.71.0.jar:/home/runner/.m2/repository/io/grpc/grpc-stub/1.71.0/grpc-stub-1.71.0.jar:/home/runner/.m2/repository/io/netty/netty-transport-classes-epoll/4.1.119.Final/netty-transport-classes-epoll-4.1.119.Final.jar:/home/runner/.m2/repository/io/netty/netty-transport-native-unix-common/4.1.119.Final/netty-transport-native-unix-common-4.1.119.Final.jar:/home/runner/.m2/repository/io/netty/netty-transport-native-epoll/4.1.119.Final/netty-transport-native-epoll-4.1.119.Final-linux-x86_64.jar:/home/runner/work/ozone/ozone/hadoop-ozone/ozonefs/target/ozone-filesystem-2.1.0-SNAPSHOT.jar:/home/runner/work/ozone/ozone/hadoop-ozone/ozonefs-common/target/ozone-filesystem-common-2.1.0-SNAPSHOT.jar:/home/runner/work/ozone/ozone/hadoop-ozone/freon/target/ozone-freon-2.1.0-SNAPSHOT.jar:/home/runner/.m2/repository/com/amazonaws/aws-java-sdk-core/1.12.788/aws-java-sdk-core-1.12.788.jar:/home/runner/.m2/repository/com/fasterxml/jackson/dataformat/jackson-dataformat-cbor/2.16.2/jackson-dataformat-cbor-2.16.2.jar:/home/runner/.m2/repository/joda-time/joda-time/2.12.7/joda-time-2.12.7.jar:/home/runner/.m2/repository/com/amazonaws/aws-java-sdk-s3/1.12.788/aws-java-sdk-s3-1.12.788.jar:/home/runner/.m2/repository/com/amazonaws/aws-java-sdk-kms/1.12.788/aws-java-sdk-kms-1.12.788.jar:/home/runner/.m2/repository/com/amazonaws/jmespath-java/1.12.788/jmespath-java-1.12.788.jar:/home/runner/work/ozone/ozone/hadoop-ozone/interface-client/target/ozone-interface-client-2.1.0-SNAPSHOT.jar:/home/runner/work/ozone/ozone/hadoop-ozone/interface-storage/target/ozone-interface-storage-2.1.0-SNAPSHOT.jar:/home/runner/work/ozone/ozone/hadoop-ozone/ozone-manager/target/ozone-manager-2.1.0-SNAPSHOT.jar:/home/runner/.m2/repository/com/sun/jersey/jersey-client/1.19.4/jersey-client-1.19.4.jar:/home/runner/.m2/repository/org/apache/ranger/ranger-plugins-common/2.6.0/ranger-plugins-common-2.6.0.jar:/home/runner/.m2/repository/com/fasterxml/jackson/jaxrs/jackson-jaxrs-base/2.16.2/jackson-jaxrs-base-2.16.2.jar:/home/runner/.m2/repository/com/kstruct/gethostname4j/1.0.0/gethostname4j-1.0.0.jar:/home/runner/.m2/repository/commons-lang/commons-lang/2.6/commons-lang-2.6.jar:/home/runner/.m2/repository/net/java/dev/jna/jna/5.2.0/jna-5.2.0.jar:/home/runner/.m2/repository/net/java/dev/jna/jna-platform/5.2.0/jna-platform-5.2.0.jar:/home/runner/.m2/repository/org/apache/ranger/ranger-plugin-classloader/2.6.0/ranger-plugin-classloader-2.6.0.jar:/home/runner/.m2/repository/org/apache/ranger/ranger-plugins-audit/2.6.0/ranger-plugins-audit-2.6.0.jar:/home/runner/.m2/repository/com/amazonaws/aws-java-sdk-logs/1.12.765/aws-java-sdk-logs-1.12.765.jar:/home/runner/.m2/repository/com/carrotsearch/hppc/0.8.0/hppc-0.8.0.jar:/home/runner/.m2/repository/io/airlift/aircompressor/0.27/aircompressor-0.27.jar:/home/runner/.m2/repository/org/apache/httpcomponents/httpasyncclient/4.1.4/httpasyncclient-4.1.4.jar:/home/runner/.m2/repository/org/apache/httpcomponents/httpcore-nio/4.4.16/httpcore-nio-4.4.16.jar:/home/runner/.m2/repository/org/apache/httpcomponents/httpmime/4.5.13/httpmime-4.5.13.jar:/home/runner/.m2/repository/org/apache/orc/orc-core/1.5.8/orc-core-1.5.8.jar:/home/runner/.m2/repository/org/apache/orc/orc-shims/1.5.8/orc-shims-1.5.8.jar:/home/runner/.m2/repository/org/apache/ranger/ranger-plugins-cred/2.6.0/ranger-plugins-cred-2.6.0.jar:/home/runner/.m2/repository/org/aspectj/aspectjrt/1.9.7/aspectjrt-1.9.7.jar:/home/runner/work/ozone/ozone/hadoop-ozone/ozone-manager/target/ozone-manager-2.1.0-SNAPSHOT-tests.jar:/home/runner/work/ozone/ozone/hadoop-ozone/mini-cluster/target/ozone-mini-cluster-2.1.0-SNAPSHOT.jar:/home/runner/work/ozone/ozone/hadoop-ozone/recon/target/ozone-recon-2.1.0-SNAPSHOT.jar:/home/runner/.m2/repository/aopalliance/aopalliance/1.0/aopalliance-1.0.jar:/home/runner/.m2/repository/com/google/inject/guice/6.0.0/guice-6.0.0.jar:/home/runner/.m2/repository/jakarta/inject/jakarta.inject-api/2.0.1/jakarta.inject-api-2.0.1.jar:/home/runner/.m2/repository/com/jolbox/bonecp/0.8.0.RELEASE/bonecp-0.8.0.RELEASE.jar:/home/runner/.m2/repository/jakarta/validation/jakarta.validation-api/2.0.2/jakarta.validation-api-2.0.2.jar:/home/runner/.m2/repository/javax/annotation/javax.annotation-api/1.3.2/javax.annotation-api-1.3.2.jar:/home/runner/.m2/repository/javax/inject/javax.inject/1/javax.inject-1.jar:/home/runner/.m2/repository/org/apache/derby/derby/10.14.2.0/derby-10.14.2.0.jar:/home/runner/.m2/repository/org/glassfish/hk2/guice-bridge/2.6.1/guice-bridge-2.6.1.jar:/home/runner/.m2/repository/org/glassfish/hk2/hk2-api/2.6.1/hk2-api-2.6.1.jar:/home/runner/.m2/repository/org/glassfish/hk2/hk2-utils/2.6.1/hk2-utils-2.6.1.jar:/home/runner/.m2/repository/org/glassfish/hk2/external/aopalliance-repackaged/2.6.1/aopalliance-repackaged-2.6.1.jar:/home/runner/.m2/repository/org/glassfish/jersey/core/jersey-common/2.47/jersey-common-2.47.jar:/home/runner/.m2/repository/org/glassfish/hk2/osgi-resource-locator/1.0.3/osgi-resource-locator-1.0.3.jar:/home/runner/.m2/repository/org/jooq/jooq/3.11.10/jooq-3.11.10.jar:/home/runner/.m2/repository/org/springframework/spring-core/5.3.39/spring-core-5.3.39.jar:/home/runner/.m2/repository/org/springframework/spring-jdbc/5.3.39/spring-jdbc-5.3.39.jar:/home/runner/.m2/repository/org/springframework/spring-beans/5.3.39/spring-beans-5.3.39.jar:/home/runner/.m2/repository/org/springframework/spring-tx/5.3.39/spring-tx-5.3.39.jar:/home/runner/.m2/repository/org/xerial/sqlite-jdbc/3.50.3.0/sqlite-jdbc-3.50.3.0.jar:/home/runner/.m2/repository/com/google/inject/extensions/guice-assistedinject/6.0.0/guice-assistedinject-6.0.0.jar:/home/runner/.m2/repository/org/glassfish/hk2/external/jakarta.inject/2.6.1/jakarta.inject-2.6.1.jar:/home/runner/.m2/repository/org/glassfish/jersey/inject/jersey-hk2/2.47/jersey-hk2-2.47.jar:/home/runner/.m2/repository/org/glassfish/hk2/hk2-locator/2.6.1/hk2-locator-2.6.1.jar:/home/runner/.m2/repository/org/glassfish/jersey/media/jersey-media-jaxb/2.47/jersey-media-jaxb-2.47.jar:/home/runner/.m2/repository/org/glassfish/jersey/media/jersey-media-json-jackson/2.47/jersey-media-json-jackson-2.47.jar:/home/runner/.m2/repository/org/glassfish/jersey/ext/jersey-entity-filtering/2.47/jersey-entity-filtering-2.47.jar:/home/runner/work/ozone/ozone/hadoop-ozone/recon-codegen/target/ozone-reconcodegen-2.1.0-SNAPSHOT.jar:/home/runner/.m2/repository/org/jooq/jooq-codegen/3.11.10/jooq-codegen-3.11.10.jar:/home/runner/.m2/repository/org/jooq/jooq-meta/3.11.10/jooq-meta-3.11.10.jar:/home/runner/work/ozone/ozone/hadoop-ozone/s3gateway/target/ozone-s3gateway-2.1.0-SNAPSHOT.jar:/home/runner/work/ozone/ozone/hadoop-ozone/tools/target/ozone-tools-2.1.0-SNAPSHOT.jar:/home/runner/.m2/repository/com/github/vlsi/mxgraph/jgraphx/3.9.12/jgraphx-3.9.12.jar:/home/runner/.m2/repository/org/apache/ratis/ratis-shell/3.2.0/ratis-shell-3.2.0.jar:/home/runner/.m2/repository/org/apache/ratis/ratis-tools/3.2.0/ratis-tools-3.2.0.jar:/home/runner/.m2/repository/org/jgrapht/jgrapht-core/1.4.0/jgrapht-core-1.4.0.jar:/home/runner/.m2/repository/org/jheaps/jheaps/0.11/jheaps-0.11.jar:/home/runner/.m2/repository/org/jgrapht/jgrapht-ext/1.4.0/jgrapht-ext-1.4.0.jar:/home/runner/work/ozone/ozone/hadoop-hdds/rocksdb-checkpoint-differ/target/rocksdb-checkpoint-differ-2.1.0-SNAPSHOT.jar:/home/runner/.m2/repository/org/apache/ranger/ranger-intg/2.6.0/ranger-intg-2.6.0.jar:/home/runner/.m2/repository/org/apache/ratis/ratis-client/3.2.0/ratis-client-3.2.0.jar:/home/runner/.m2/repository/org/apache/ratis/ratis-common/3.2.0/ratis-common-3.2.0.jar:/home/runner/.m2/repository/org/apache/ratis/ratis-grpc/3.2.0/ratis-grpc-3.2.0.jar:/home/runner/.m2/repository/org/apache/ratis/ratis-metrics-api/3.2.0/ratis-metrics-api-3.2.0.jar:/home/runner/.m2/repository/org/apache/ratis/ratis-proto/3.2.0/ratis-proto-3.2.0.jar:/home/runner/.m2/repository/org/apache/ratis/ratis-server/3.2.0/ratis-server-3.2.0.jar:/home/runner/.m2/repository/org/apache/ratis/ratis-server-api/3.2.0/ratis-server-api-3.2.0.jar:/home/runner/.m2/repository/org/apache/ratis/ratis-thirdparty-misc/1.0.9/ratis-thirdparty-misc-1.0.9.jar:/home/runner/.m2/repository/org/bouncycastle/bcpkix-jdk18on/1.81/bcpkix-jdk18on-1.81.jar:/home/runner/.m2/repository/org/bouncycastle/bcutil-jdk18on/1.81/bcutil-jdk18on-1.81.jar:/home/runner/.m2/repository/org/hamcrest/hamcrest/2.2/hamcrest-2.2.jar:/home/runner/.m2/repository/org/reflections/reflections/0.10.2/reflections-0.10.2.jar:/home/runner/.m2/repository/org/javassist/javassist/3.30.2-GA/javassist-3.30.2-GA.jar:/home/runner/.m2/repository/org/rocksdb/rocksdbjni/7.7.3/rocksdbjni-7.7.3.jar:/home/runner/.m2/repository/org/slf4j/jul-to-slf4j/2.0.17/jul-to-slf4j-2.0.17.jar:/home/runner/.m2/repository/org/slf4j/slf4j-api/2.0.17/slf4j-api-2.0.17.jar:/home/runner/.m2/repository/org/assertj/assertj-core/3.27.4/assertj-core-3.27.4.jar:/home/runner/.m2/repository/net/bytebuddy/byte-buddy/1.15.11/byte-buddy-1.15.11.jar:/home/runner/.m2/repository/org/junit/jupiter/junit-jupiter-api/5.13.4/junit-jupiter-api-5.13.4.jar:/home/runner/.m2/repository/org/opentest4j/opentest4j/1.3.0/opentest4j-1.3.0.jar:/home/runner/.m2/repository/org/junit/platform/junit-platform-commons/1.13.4/junit-platform-commons-1.13.4.jar:/home/runner/.m2/repository/org/apiguardian/apiguardian-api/1.1.2/apiguardian-api-1.1.2.jar:/home/runner/.m2/repository/org/junit/jupiter/junit-jupiter-params/5.13.4/junit-jupiter-params-5.13.4.jar:/home/runner/.m2/repository/org/mockito/mockito-core/4.11.0/mockito-core-4.11.0.jar:/home/runner/.m2/repository/net/bytebuddy/byte-buddy-agent/1.12.19/byte-buddy-agent-1.12.19.jar:/home/runner/.m2/repository/org/objenesis/objenesis/3.3/objenesis-3.3.jar:/home/runner/.m2/repository/org/mockito/mockito-inline/4.11.0/mockito-inline-4.11.0.jar:/home/runner/.m2/repository/org/mockito/mockito-junit-jupiter/4.11.0/mockito-junit-jupiter-4.11.0.jar:/home/runner/work/ozone/ozone/hadoop-ozone/integration-test/target/gradle-enterprise/test-listeners.jar:"/>
    <property name="sun.cpu.endian" value="little"/>
    <property name="user.home" value="/home/runner"/>
    <property name="user.language" value="en"/>
    <property name="java.specification.vendor" value="Oracle Corporation"/>
    <property name="skipRecon" value="true"/>
    <property name="java.version.date" value="2025-07-15"/>
    <property name="java.home" value="/usr/lib/jvm/temurin-21-jdk-amd64"/>
    <property name="java.security.krb5.conf" value="/home/runner/work/ozone/ozone/hadoop-ozone/integration-test/target/test-classes/krb5.conf"/>
    <property name="file.separator" value="/"/>
    <property name="basedir" value="/home/runner/work/ozone/ozone/hadoop-ozone/integration-test"/>
    <property name="java.vm.compressedOopsMode" value="Zero based"/>
    <property name="line.separator" value="&#10;"/>
    <property name="java.vm.specification.vendor" value="Oracle Corporation"/>
    <property name="java.specification.name" value="Java Platform API Specification"/>
    <property name="surefire.real.class.path" value="/home/runner/work/ozone/ozone/hadoop-ozone/integration-test/target/surefire/surefirebooter-20250907093625021_178.jar"/>
    <property name="hadoop.log.dir" value="/home/runner/work/ozone/ozone/hadoop-ozone/integration-test/target/log"/>
    <property name="sun.management.compiler" value="HotSpot 64-Bit Tiered Compilers"/>
    <property name="skipShade" value="true"/>
    <property name="java.runtime.version" value="21.0.8+9-LTS"/>
    <property name="user.name" value="runner"/>
    <property name="java.net.preferIPv4Stack" value="true"/>
    <property name="stdout.encoding" value="UTF-8"/>
    <property name="path.separator" value=":"/>
    <property name="java.security.egd" value="file:///dev/urandom"/>
    <property name="os.version" value="6.11.0-1018-azure"/>
    <property name="java.runtime.name" value="OpenJDK Runtime Environment"/>
    <property name="com.gradle.maven.scan.extension.test.listener.junitplatform.NestedExecutionSafeDelegatingTestExecutionListener" value="75c56eb9"/>
    <property name="file.encoding" value="UTF-8"/>
    <property name="java.vm.name" value="OpenJDK 64-Bit Server VM"/>
    <property name="rocks_tools_native" value="true"/>
    <property name="java.vendor.version" value="Temurin-21.0.8+9"/>
    <property name="test.build.webapps" value=""/>
    <property name="develocity.listener.surefire.forkId" value="1"/>
    <property name="localRepository" value="/home/runner/.m2/repository"/>
    <property name="java.vendor.url.bug" value="https://github.com/adoptium/adoptium-support/issues"/>
    <property name="jetty.git.hash" value="8f1440587e9e4ae7db3d74cf205643f3d707148d"/>
    <property name="java.io.tmpdir" value="/tmp"/>
    <property name="require.test.libhadoop" value=""/>
    <property name="java.version" value="21.0.8"/>
    <property name="user.dir" value="/home/runner/work/ozone/ozone/hadoop-ozone/integration-test"/>
    <property name="os.arch" value="amd64"/>
    <property name="java.vm.specification.name" value="Java Virtual Machine Specification"/>
    <property name="test.build.classes" value="/home/runner/work/ozone/ozone/hadoop-ozone/integration-test/target/test-classes"/>
    <property name="org.apache.ratis.thirdparty.io.netty.allocator.useCacheForAllThreads" value="false"/>
    <property name="native.encoding" value="UTF-8"/>
    <property name="hadoop.tmp.dir" value="/home/runner/work/ozone/ozone/hadoop-ozone/integration-test/target/tmp"/>
    <property name="java.library.path" value="/usr/java/packages/lib:/usr/lib64:/lib64:/lib:/usr/lib"/>
    <property name="java.vm.info" value="mixed mode, sharing"/>
    <property name="stderr.encoding" value="UTF-8"/>
    <property name="java.vendor" value="Eclipse Adoptium"/>
    <property name="java.vm.version" value="21.0.8+9-LTS"/>
    <property name="sun.io.unicode.encoding" value="UnicodeLittle"/>
    <property name="develocity.listener.port" value="38189"/>
    <property name="java.class.version" value="65.0"/>
  </properties>
  <testcase name="testPipelineExclusionWithPipelineFailure" classname="org.apache.hadoop.ozone.client.rpc.TestFailureHandlingByClient" time="39.088">
    <system-out><![CDATA[2025-09-07 09:43:50,771 [ForkJoinPool-1-worker-1] INFO  reflections.Reflections (Reflections.java:scan(219)) - Reflections took 214 ms to scan 7 urls, producing 168 keys and 381 values
2025-09-07 09:43:50,910 [ForkJoinPool-1-worker-1] INFO  ha.SCMHANodeDetails (SCMHANodeDetails.java:loadSCMHAConfig(162)) - ServiceID for StorageContainerManager is null
2025-09-07 09:43:50,910 [ForkJoinPool-1-worker-1] INFO  ha.SCMHANodeDetails (SCMHANodeDetails.java:loadSCMHAConfig(166)) - ozone.scm.default.service.id is not defined, falling back to ozone.scm.service.ids to find serviceID for StorageContainerManager if it is HA enabled cluster
2025-09-07 09:43:51,072 [ForkJoinPool-1-worker-1] INFO  server.RaftServerConfigKeys (ConfUtils.java:logGet(62)) - raft.server.log.appender.buffer.byte-limit = 4194304 (custom)
2025-09-07 09:43:51,094 [ForkJoinPool-1-worker-1] INFO  server.RaftServer (ConfUtils.java:logGet(62)) - raft.rpc.type = GRPC (default)
2025-09-07 09:43:51,152 [ForkJoinPool-1-worker-1] INFO  grpc.GrpcConfigKeys (ConfUtils.java:logFallback(69)) - raft.grpc.admin.host = null (fallback to raft.grpc.server.host)
2025-09-07 09:43:51,153 [ForkJoinPool-1-worker-1] INFO  grpc.GrpcConfigKeys (ConfUtils.java:logFallback(69)) - raft.grpc.admin.port = 15004 (fallback to raft.grpc.server.port)
2025-09-07 09:43:51,154 [ForkJoinPool-1-worker-1] INFO  grpc.GrpcConfigKeys (ConfUtils.java:logFallback(69)) - raft.grpc.client.host = null (fallback to raft.grpc.server.host)
2025-09-07 09:43:51,154 [ForkJoinPool-1-worker-1] INFO  grpc.GrpcConfigKeys (ConfUtils.java:logFallback(69)) - raft.grpc.client.port = 15004 (fallback to raft.grpc.server.port)
2025-09-07 09:43:51,155 [ForkJoinPool-1-worker-1] INFO  grpc.GrpcConfigKeys (ConfUtils.java:logGet(62)) - raft.grpc.server.port = 15004 (custom)
2025-09-07 09:43:51,155 [ForkJoinPool-1-worker-1] INFO  server.GrpcServicesImpl (ConfUtils.java:logGet(62)) - raft.grpc.message.size.max = 5242880 (custom)
2025-09-07 09:43:51,156 [ForkJoinPool-1-worker-1] INFO  server.GrpcServicesImpl (ConfUtils.java:logGet(62)) - raft.grpc.flow.control.window = 1MB (=1048576) (default)
2025-09-07 09:43:51,157 [ForkJoinPool-1-worker-1] INFO  server.RaftServerConfigKeys (ConfUtils.java:logGet(62)) - raft.server.rpc.request.timeout = 30000ms (custom)
2025-09-07 09:43:51,161 [ForkJoinPool-1-worker-1] INFO  grpc.GrpcConfigKeys (ConfUtils.java:logGet(62)) - raft.grpc.server.heartbeat.channel = true (default)
2025-09-07 09:43:51,162 [ForkJoinPool-1-worker-1] INFO  server.RaftServerConfigKeys (ConfUtils.java:logGet(62)) - raft.server.log.appender.buffer.byte-limit = 4194304 (custom)
2025-09-07 09:43:51,165 [ForkJoinPool-1-worker-1] INFO  grpc.GrpcConfigKeys (ConfUtils.java:logGet(62)) - raft.grpc.server.async.request.thread.pool.cached = true (default)
2025-09-07 09:43:51,165 [ForkJoinPool-1-worker-1] INFO  grpc.GrpcConfigKeys (ConfUtils.java:logGet(62)) - raft.grpc.server.async.request.thread.pool.size = 32 (default)
2025-09-07 09:43:51,339 [ForkJoinPool-1-worker-1] INFO  impl.DataStreamServerImpl (ConfUtils.java:logGet(62)) - raft.datastream.type = DISABLED (default)
2025-09-07 09:43:51,342 [ForkJoinPool-1-worker-1] INFO  server.RaftServerConfigKeys (ConfUtils.java:logGet(62)) - raft.server.sleep.deviation.threshold = 300ms (default)
2025-09-07 09:43:51,342 [ForkJoinPool-1-worker-1] INFO  server.RaftServerConfigKeys (ConfUtils.java:logGet(62)) - raft.server.close.threshold = 60s (default)
2025-09-07 09:43:51,343 [ForkJoinPool-1-worker-1] INFO  server.RaftServerConfigKeys (ConfUtils.java:logGet(62)) - raft.server.leaderelection.leader.step-down.wait-time = 10s (default)
2025-09-07 09:43:51,346 [ForkJoinPool-1-worker-1] INFO  server.RaftServerConfigKeys (ConfUtils.java:logGet(62)) - raft.server.storage.dir = [/home/runner/work/ozone/ozone/hadoop-ozone/integration-test/target/test-dir/MiniOzoneClusterImpl-023d5a78-e64c-43f3-a4d9-6f7884931d6c/scm/ratis] (custom)
2025-09-07 09:43:51,347 [ForkJoinPool-1-worker-1] INFO  server.RaftServerConfigKeys (ConfUtils.java:logGet(62)) - raft.server.threadpool.proxy.cached = true (default)
2025-09-07 09:43:51,348 [ForkJoinPool-1-worker-1] INFO  server.RaftServerConfigKeys (ConfUtils.java:logGet(62)) - raft.server.threadpool.proxy.size = 0 (default)
2025-09-07 09:43:51,355 [ForkJoinPool-1-worker-1] INFO  server.RaftServer (RaftServerProxy.java:addNew(105)) - a68d7e4a-8be2-4109-84e0-ed7537249ab2: addNew group-6F7884931D6C:[a68d7e4a-8be2-4109-84e0-ed7537249ab2|localhost:15004] returns group-6F7884931D6C:java.util.concurrent.CompletableFuture@310cd6cf[Not completed]
2025-09-07 09:43:51,371 [a68d7e4a-8be2-4109-84e0-ed7537249ab2-groupManagement] INFO  server.RaftServer$Division (RaftServerImpl.java:<init>(268)) - a68d7e4a-8be2-4109-84e0-ed7537249ab2: new RaftServerImpl for group-6F7884931D6C:[a68d7e4a-8be2-4109-84e0-ed7537249ab2|localhost:15004] with SCMStateMachine:uninitialized
2025-09-07 09:43:51,372 [a68d7e4a-8be2-4109-84e0-ed7537249ab2-groupManagement] INFO  server.RaftServerConfigKeys (ConfUtils.java:logGet(62)) - raft.server.rpc.timeout.min = 5000ms (custom)
2025-09-07 09:43:51,373 [a68d7e4a-8be2-4109-84e0-ed7537249ab2-groupManagement] INFO  server.RaftServerConfigKeys (ConfUtils.java:logGet(62)) - raft.server.rpc.timeout.max = 5200ms (custom)
2025-09-07 09:43:51,373 [a68d7e4a-8be2-4109-84e0-ed7537249ab2-groupManagement] INFO  server.RaftServerConfigKeys (ConfUtils.java:logGet(62)) - raft.server.rpc.sleep.time = 25ms (default)
2025-09-07 09:43:51,373 [a68d7e4a-8be2-4109-84e0-ed7537249ab2-groupManagement] INFO  server.RaftServerConfigKeys (ConfUtils.java:logGet(62)) - raft.server.rpc.slowness.timeout = 120000ms (custom)
2025-09-07 09:43:51,374 [a68d7e4a-8be2-4109-84e0-ed7537249ab2-groupManagement] INFO  server.RaftServerConfigKeys (ConfUtils.java:logGet(62)) - raft.server.leaderelection.member.majority-add = false (default)
2025-09-07 09:43:51,379 [a68d7e4a-8be2-4109-84e0-ed7537249ab2-groupManagement] INFO  server.RaftServer$Division (ServerState.java:<init>(114)) - a68d7e4a-8be2-4109-84e0-ed7537249ab2@group-6F7884931D6C: ConfigurationManager, init=conf: {index: -1, cur=peers:[a68d7e4a-8be2-4109-84e0-ed7537249ab2|localhost:15004]|listeners:[], old=null}, confs=<EMPTY_MAP>
2025-09-07 09:43:51,384 [a68d7e4a-8be2-4109-84e0-ed7537249ab2-groupManagement] INFO  server.RaftServerConfigKeys (ConfUtils.java:logGet(62)) - raft.server.notification.no-leader.timeout = 60s (default)
2025-09-07 09:43:51,386 [a68d7e4a-8be2-4109-84e0-ed7537249ab2-groupManagement] INFO  server.RaftServerConfigKeys (ConfUtils.java:logGet(62)) - raft.server.read.timeout = 10s (default)
2025-09-07 09:43:51,389 [a68d7e4a-8be2-4109-84e0-ed7537249ab2-groupManagement] INFO  server.RaftServerConfigKeys (ConfUtils.java:logGet(62)) - raft.server.retrycache.expirytime = 60000ms (default)
2025-09-07 09:43:51,389 [a68d7e4a-8be2-4109-84e0-ed7537249ab2-groupManagement] INFO  server.RaftServerConfigKeys (ConfUtils.java:logGet(62)) - raft.server.retrycache.statistics.expirytime = 100ms (default)
2025-09-07 09:43:51,404 [a68d7e4a-8be2-4109-84e0-ed7537249ab2-groupManagement] INFO  server.RaftServerConfigKeys (ConfUtils.java:logGet(62)) - raft.server.read.option = DEFAULT (default)
2025-09-07 09:43:51,405 [a68d7e4a-8be2-4109-84e0-ed7537249ab2-groupManagement] INFO  server.RaftServerConfigKeys (ConfUtils.java:logGet(62)) - raft.server.read.read-after-write-consistent.write-index-cache.expiry-time = 60s (default)
2025-09-07 09:43:51,534 [a68d7e4a-8be2-4109-84e0-ed7537249ab2-groupManagement] INFO  server.RaftServerConfigKeys (ConfUtils.java:logGet(62)) - raft.server.log.appender.install.snapshot.enabled = false (custom)
2025-09-07 09:43:51,534 [a68d7e4a-8be2-4109-84e0-ed7537249ab2-groupManagement] INFO  server.RaftServerConfigKeys (ConfUtils.java:logGet(62)) - raft.server.threadpool.server.cached = true (default)
2025-09-07 09:43:51,535 [a68d7e4a-8be2-4109-84e0-ed7537249ab2-groupManagement] INFO  server.RaftServerConfigKeys (ConfUtils.java:logGet(62)) - raft.server.threadpool.server.size = 0 (default)
2025-09-07 09:43:51,535 [a68d7e4a-8be2-4109-84e0-ed7537249ab2-groupManagement] INFO  server.RaftServerConfigKeys (ConfUtils.java:logGet(62)) - raft.server.threadpool.client.cached = true (default)
2025-09-07 09:43:51,535 [a68d7e4a-8be2-4109-84e0-ed7537249ab2-groupManagement] INFO  server.RaftServerConfigKeys (ConfUtils.java:logGet(62)) - raft.server.threadpool.client.size = 0 (default)
2025-09-07 09:43:51,537 [a68d7e4a-8be2-4109-84e0-ed7537249ab2-impl-thread1] INFO  server.RaftServerConfigKeys (ConfUtils.java:logGet(62)) - raft.server.storage.free-space.min = 0MB (=0) (default)
2025-09-07 09:43:51,538 [a68d7e4a-8be2-4109-84e0-ed7537249ab2-impl-thread1] INFO  server.RaftServerConfigKeys (ConfUtils.java:logGet(62)) - raft.server.log.corruption.policy = EXCEPTION (default)
2025-09-07 09:43:51,543 [a68d7e4a-8be2-4109-84e0-ed7537249ab2-impl-thread1] INFO  storage.RaftStorageDirectory (RaftStorageDirectoryImpl.java:analyzeStorage(138)) - The storage directory /home/runner/work/ozone/ozone/hadoop-ozone/integration-test/target/test-dir/MiniOzoneClusterImpl-023d5a78-e64c-43f3-a4d9-6f7884931d6c/scm/ratis/023d5a78-e64c-43f3-a4d9-6f7884931d6c does not exist. Creating ...
2025-09-07 09:43:51,546 [a68d7e4a-8be2-4109-84e0-ed7537249ab2-impl-thread1] INFO  storage.RaftStorageDirectory (RaftStorageDirectoryImpl.java:tryLock(229)) - Lock on /home/runner/work/ozone/ozone/hadoop-ozone/integration-test/target/test-dir/MiniOzoneClusterImpl-023d5a78-e64c-43f3-a4d9-6f7884931d6c/scm/ratis/023d5a78-e64c-43f3-a4d9-6f7884931d6c/in_use.lock acquired by nodename 23079@localhost
2025-09-07 09:43:51,550 [a68d7e4a-8be2-4109-84e0-ed7537249ab2-impl-thread1] INFO  storage.RaftStorage (RaftStorageImpl.java:format(98)) - Storage directory /home/runner/work/ozone/ozone/hadoop-ozone/integration-test/target/test-dir/MiniOzoneClusterImpl-023d5a78-e64c-43f3-a4d9-6f7884931d6c/scm/ratis/023d5a78-e64c-43f3-a4d9-6f7884931d6c has been successfully formatted.
2025-09-07 09:43:51,552 [a68d7e4a-8be2-4109-84e0-ed7537249ab2-impl-thread1] INFO  ha.SCMStateMachine (SCMStateMachine.java:lambda$initialize$0(135)) - a68d7e4a-8be2-4109-84e0-ed7537249ab2: initialize group-6F7884931D6C
2025-09-07 09:43:51,553 [a68d7e4a-8be2-4109-84e0-ed7537249ab2-impl-thread1] INFO  server.RaftServerConfigKeys (ConfUtils.java:logGet(62)) - raft.server.log.use.memory = false (default)
2025-09-07 09:43:51,560 [a68d7e4a-8be2-4109-84e0-ed7537249ab2-impl-thread1] INFO  server.RaftServerConfigKeys (ConfUtils.java:logGet(62)) - raft.server.log.purge.gap = 1000000 (custom)
2025-09-07 09:43:51,560 [a68d7e4a-8be2-4109-84e0-ed7537249ab2-impl-thread1] INFO  server.RaftServerConfigKeys (ConfUtils.java:logGet(62)) - raft.server.log.appender.buffer.byte-limit = 4194304 (custom)
2025-09-07 09:43:51,562 [a68d7e4a-8be2-4109-84e0-ed7537249ab2-impl-thread1] INFO  server.RaftServerConfigKeys (ConfUtils.java:logGet(62)) - raft.server.log.statemachine.data.read.timeout = 1000ms (default)
2025-09-07 09:43:51,562 [a68d7e4a-8be2-4109-84e0-ed7537249ab2-impl-thread1] INFO  server.RaftServerConfigKeys (ConfUtils.java:logGet(62)) - raft.server.log.purge.preservation.log.num = 0 (default)
2025-09-07 09:43:51,565 [a68d7e4a-8be2-4109-84e0-ed7537249ab2-impl-thread1] INFO  server.RaftServerConfigKeys (ConfUtils.java:logGet(62)) - raft.server.log.segment.size.max = 67108864 (custom)
2025-09-07 09:43:51,569 [a68d7e4a-8be2-4109-84e0-ed7537249ab2-impl-thread1] INFO  server.RaftServerConfigKeys (ConfUtils.java:logGet(62)) - raft.server.log.segment.cache.num.max = 2 (custom)
2025-09-07 09:43:51,569 [a68d7e4a-8be2-4109-84e0-ed7537249ab2-impl-thread1] INFO  server.RaftServerConfigKeys (ConfUtils.java:logGet(62)) - raft.server.log.segment.cache.size.max = 200MB (=209715200) (default)
2025-09-07 09:43:51,569 [a68d7e4a-8be2-4109-84e0-ed7537249ab2-impl-thread1] INFO  server.RaftServerConfigKeys (ConfUtils.java:logGet(62)) - raft.server.log.appender.buffer.byte-limit = 4194304 (custom)
2025-09-07 09:43:51,571 [a68d7e4a-8be2-4109-84e0-ed7537249ab2-impl-thread1] INFO  util.AwaitToRun (AwaitToRun.java:start(81)) - Thread[#41,a68d7e4a-8be2-4109-84e0-ed7537249ab2@group-6F7884931D6C-cacheEviction-AwaitToRun,5,main] started
2025-09-07 09:43:51,574 [a68d7e4a-8be2-4109-84e0-ed7537249ab2-impl-thread1] INFO  segmented.SegmentedRaftLogWorker (SegmentedRaftLogWorker.java:<init>(190)) - new a68d7e4a-8be2-4109-84e0-ed7537249ab2@group-6F7884931D6C-SegmentedRaftLogWorker for RaftStorageImpl:Storage Directory /home/runner/work/ozone/ozone/hadoop-ozone/integration-test/target/test-dir/MiniOzoneClusterImpl-023d5a78-e64c-43f3-a4d9-6f7884931d6c/scm/ratis/023d5a78-e64c-43f3-a4d9-6f7884931d6c
2025-09-07 09:43:51,575 [a68d7e4a-8be2-4109-84e0-ed7537249ab2-impl-thread1] INFO  server.RaftServerConfigKeys (ConfUtils.java:logGet(62)) - raft.server.log.queue.byte-limit = 64MB (=67108864) (default)
2025-09-07 09:43:51,575 [a68d7e4a-8be2-4109-84e0-ed7537249ab2-impl-thread1] INFO  server.RaftServerConfigKeys (ConfUtils.java:logGet(62)) - raft.server.log.queue.element-limit = 4096 (default)
2025-09-07 09:43:51,576 [a68d7e4a-8be2-4109-84e0-ed7537249ab2-impl-thread1] INFO  server.RaftServerConfigKeys (ConfUtils.java:logGet(62)) - raft.server.log.segment.size.max = 67108864 (custom)
2025-09-07 09:43:51,577 [a68d7e4a-8be2-4109-84e0-ed7537249ab2-impl-thread1] INFO  server.RaftServerConfigKeys (ConfUtils.java:logGet(62)) - raft.server.log.preallocated.size = 4194304 (custom)
2025-09-07 09:43:51,578 [a68d7e4a-8be2-4109-84e0-ed7537249ab2-impl-thread1] INFO  server.RaftServerConfigKeys (ConfUtils.java:logGet(62)) - raft.server.log.force.sync.num = 128 (default)
2025-09-07 09:43:51,579 [a68d7e4a-8be2-4109-84e0-ed7537249ab2-impl-thread1] INFO  server.RaftServerConfigKeys (ConfUtils.java:logGet(62)) - raft.server.log.statemachine.data.sync = true (default)
2025-09-07 09:43:51,579 [a68d7e4a-8be2-4109-84e0-ed7537249ab2-impl-thread1] INFO  server.RaftServerConfigKeys (ConfUtils.java:logGet(62)) - raft.server.log.statemachine.data.sync.timeout = 10s (default)
2025-09-07 09:43:51,580 [a68d7e4a-8be2-4109-84e0-ed7537249ab2-impl-thread1] INFO  server.RaftServerConfigKeys (ConfUtils.java:logGet(62)) - raft.server.log.statemachine.data.sync.timeout.retry = -1 (default)
2025-09-07 09:43:51,581 [a68d7e4a-8be2-4109-84e0-ed7537249ab2-impl-thread1] INFO  server.RaftServerConfigKeys (ConfUtils.java:logGet(62)) - raft.server.log.write.buffer.size = 4194312 (custom)
2025-09-07 09:43:51,582 [a68d7e4a-8be2-4109-84e0-ed7537249ab2-impl-thread1] INFO  server.RaftServerConfigKeys (ConfUtils.java:logGet(62)) - raft.server.log.appender.buffer.byte-limit = 4194304 (custom)
2025-09-07 09:43:51,583 [a68d7e4a-8be2-4109-84e0-ed7537249ab2-impl-thread1] INFO  server.RaftServerConfigKeys (ConfUtils.java:logGet(62)) - raft.server.log.unsafe-flush.enabled = false (default)
2025-09-07 09:43:51,583 [a68d7e4a-8be2-4109-84e0-ed7537249ab2-impl-thread1] INFO  server.RaftServerConfigKeys (ConfUtils.java:logGet(62)) - raft.server.log.async-flush.enabled = false (default)
2025-09-07 09:43:51,583 [a68d7e4a-8be2-4109-84e0-ed7537249ab2-impl-thread1] INFO  server.RaftServerConfigKeys (ConfUtils.java:logGet(62)) - raft.server.log.statemachine.data.caching.enabled = false (default)
2025-09-07 09:43:51,589 [a68d7e4a-8be2-4109-84e0-ed7537249ab2-impl-thread1] INFO  segmented.SegmentedRaftLogWorker (SegmentedRaftLogWorker.java:lambda$new$0(141)) - a68d7e4a-8be2-4109-84e0-ed7537249ab2@group-6F7884931D6C-SegmentedRaftLogWorker: flushIndex: setUnconditionally 0 -> -1
2025-09-07 09:43:51,590 [a68d7e4a-8be2-4109-84e0-ed7537249ab2-impl-thread1] INFO  segmented.SegmentedRaftLogWorker (SegmentedRaftLogWorker.java:lambda$new$0(141)) - a68d7e4a-8be2-4109-84e0-ed7537249ab2@group-6F7884931D6C-SegmentedRaftLogWorker: safeCacheEvictIndex: setUnconditionally 0 -> -1
2025-09-07 09:43:51,592 [a68d7e4a-8be2-4109-84e0-ed7537249ab2-impl-thread1] INFO  server.RaftServer$Division (RaftServerImpl.java:start(405)) - a68d7e4a-8be2-4109-84e0-ed7537249ab2@group-6F7884931D6C: start as a follower, conf=conf: {index: -1, cur=peers:[a68d7e4a-8be2-4109-84e0-ed7537249ab2|localhost:15004]|listeners:[], old=null}
2025-09-07 09:43:51,592 [a68d7e4a-8be2-4109-84e0-ed7537249ab2-impl-thread1] INFO  server.RaftServer$Division (RaftServerImpl.java:setRole(392)) - a68d7e4a-8be2-4109-84e0-ed7537249ab2@group-6F7884931D6C: changes role from      null to FOLLOWER at term 0 for startAsFollower
2025-09-07 09:43:51,594 [a68d7e4a-8be2-4109-84e0-ed7537249ab2-impl-thread1] INFO  impl.RoleInfo (RoleInfo.java:updateAndGet(148)) - a68d7e4a-8be2-4109-84e0-ed7537249ab2: start a68d7e4a-8be2-4109-84e0-ed7537249ab2@group-6F7884931D6C-FollowerState
2025-09-07 09:43:51,595 [a68d7e4a-8be2-4109-84e0-ed7537249ab2@group-6F7884931D6C-FollowerState] INFO  server.RaftServerConfigKeys (ConfUtils.java:logGet(62)) - raft.server.rpc.first-election.timeout.min = 1000ms (custom)
2025-09-07 09:43:51,595 [a68d7e4a-8be2-4109-84e0-ed7537249ab2@group-6F7884931D6C-FollowerState] INFO  server.RaftServerConfigKeys (ConfUtils.java:logGet(62)) - raft.server.rpc.first-election.timeout.max = 1200ms (custom)
2025-09-07 09:43:51,595 [a68d7e4a-8be2-4109-84e0-ed7537249ab2-impl-thread1] INFO  util.JmxRegister (JmxRegister.java:tryRegister(44)) - Successfully registered JMX Bean with object name Ratis:service=RaftServer,group=group-6F7884931D6C,id=a68d7e4a-8be2-4109-84e0-ed7537249ab2
2025-09-07 09:43:51,596 [a68d7e4a-8be2-4109-84e0-ed7537249ab2-impl-thread1] INFO  util.JmxRegister (JmxRegister.java:register(58)) - register mxBean class org.apache.ratis.server.impl.RaftServerJmxAdapter as Ratis:service=RaftServer,group=group-6F7884931D6C,id=a68d7e4a-8be2-4109-84e0-ed7537249ab2
2025-09-07 09:43:51,597 [a68d7e4a-8be2-4109-84e0-ed7537249ab2-impl-thread1] INFO  server.RaftServerConfigKeys (ConfUtils.java:logGet(62)) - raft.server.snapshot.trigger-when-stop.enabled = true (default)
2025-09-07 09:43:51,598 [a68d7e4a-8be2-4109-84e0-ed7537249ab2-impl-thread1] INFO  server.RaftServerConfigKeys (ConfUtils.java:logGet(62)) - raft.server.snapshot.trigger-when-remove.enabled = true (default)
2025-09-07 09:43:51,598 [a68d7e4a-8be2-4109-84e0-ed7537249ab2-impl-thread1] INFO  server.RaftServerConfigKeys (ConfUtils.java:logGet(62)) - raft.server.snapshot.auto.trigger.enabled = true (custom)
2025-09-07 09:43:51,599 [a68d7e4a-8be2-4109-84e0-ed7537249ab2-impl-thread1] INFO  server.RaftServerConfigKeys (ConfUtils.java:logGet(62)) - raft.server.snapshot.auto.trigger.threshold = 1000 (custom)
2025-09-07 09:43:51,599 [a68d7e4a-8be2-4109-84e0-ed7537249ab2-impl-thread1] INFO  server.RaftServerConfigKeys (ConfUtils.java:logGet(62)) - raft.server.snapshot.retention.file.num = -1 (default)
2025-09-07 09:43:51,599 [a68d7e4a-8be2-4109-84e0-ed7537249ab2-impl-thread1] INFO  server.RaftServerConfigKeys (ConfUtils.java:logGet(62)) - raft.server.log.purge.upto.snapshot.index = false (default)
2025-09-07 09:43:51,603 [a68d7e4a-8be2-4109-84e0-ed7537249ab2-impl-thread1] INFO  server.RaftServer$Division (RaftServerImpl.java:start(419)) - a68d7e4a-8be2-4109-84e0-ed7537249ab2@group-6F7884931D6C: Successfully started.
2025-09-07 09:43:51,603 [ForkJoinPool-1-worker-1] INFO  server.RaftServer (RaftServerProxy.java:startImpl(412)) - a68d7e4a-8be2-4109-84e0-ed7537249ab2: start RPC server
2025-09-07 09:43:51,638 [ForkJoinPool-1-worker-1] INFO  server.GrpcServicesImpl (GrpcServicesImpl.java:startImpl(346)) - a68d7e4a-8be2-4109-84e0-ed7537249ab2: GrpcServicesImpl started, listening on 15004
2025-09-07 09:43:51,639 [JvmPauseMonitor0] INFO  util.JvmPauseMonitor (JvmPauseMonitor.java:run(146)) - JvmPauseMonitor-a68d7e4a-8be2-4109-84e0-ed7537249ab2: Started
2025-09-07 09:43:52,622 [a68d7e4a-8be2-4109-84e0-ed7537249ab2@group-6F7884931D6C-FollowerState] INFO  impl.FollowerState (FollowerState.java:runImpl(161)) - a68d7e4a-8be2-4109-84e0-ed7537249ab2@group-6F7884931D6C-FollowerState: change to CANDIDATE, lastRpcElapsedTime:1028670676ns, electionTimeout:1026ms
2025-09-07 09:43:52,623 [a68d7e4a-8be2-4109-84e0-ed7537249ab2@group-6F7884931D6C-FollowerState] INFO  impl.RoleInfo (RoleInfo.java:shutdownFollowerState(121)) - a68d7e4a-8be2-4109-84e0-ed7537249ab2: shutdown a68d7e4a-8be2-4109-84e0-ed7537249ab2@group-6F7884931D6C-FollowerState
2025-09-07 09:43:52,623 [a68d7e4a-8be2-4109-84e0-ed7537249ab2@group-6F7884931D6C-FollowerState] INFO  server.RaftServer$Division (RaftServerImpl.java:setRole(392)) - a68d7e4a-8be2-4109-84e0-ed7537249ab2@group-6F7884931D6C: changes role from  FOLLOWER to CANDIDATE at term 0 for changeToCandidate
2025-09-07 09:43:52,625 [a68d7e4a-8be2-4109-84e0-ed7537249ab2@group-6F7884931D6C-FollowerState] INFO  server.RaftServerConfigKeys (ConfUtils.java:logGet(62)) - raft.server.leaderelection.pre-vote = true (default)
2025-09-07 09:43:52,626 [a68d7e4a-8be2-4109-84e0-ed7537249ab2@group-6F7884931D6C-FollowerState] INFO  impl.RoleInfo (RoleInfo.java:updateAndGet(148)) - a68d7e4a-8be2-4109-84e0-ed7537249ab2: start a68d7e4a-8be2-4109-84e0-ed7537249ab2@group-6F7884931D6C-LeaderElection1
2025-09-07 09:43:52,629 [a68d7e4a-8be2-4109-84e0-ed7537249ab2@group-6F7884931D6C-LeaderElection1] INFO  impl.LeaderElection (LeaderElection.java:askForVotes(448)) - a68d7e4a-8be2-4109-84e0-ed7537249ab2@group-6F7884931D6C-LeaderElection1 PRE_VOTE round 0: submit vote requests at term 0 for conf: {index: -1, cur=peers:[a68d7e4a-8be2-4109-84e0-ed7537249ab2|localhost:15004]|listeners:[], old=null}
2025-09-07 09:43:52,630 [a68d7e4a-8be2-4109-84e0-ed7537249ab2@group-6F7884931D6C-LeaderElection1] INFO  impl.LeaderElection (LeaderElection.java:askForVotes(450)) - a68d7e4a-8be2-4109-84e0-ed7537249ab2@group-6F7884931D6C-LeaderElection1 PRE_VOTE round 0: result PASSED (term=0)
2025-09-07 09:43:52,632 [a68d7e4a-8be2-4109-84e0-ed7537249ab2@group-6F7884931D6C-LeaderElection1] INFO  impl.LeaderElection (LeaderElection.java:askForVotes(448)) - a68d7e4a-8be2-4109-84e0-ed7537249ab2@group-6F7884931D6C-LeaderElection1 ELECTION round 0: submit vote requests at term 1 for conf: {index: -1, cur=peers:[a68d7e4a-8be2-4109-84e0-ed7537249ab2|localhost:15004]|listeners:[], old=null}
2025-09-07 09:43:52,633 [a68d7e4a-8be2-4109-84e0-ed7537249ab2@group-6F7884931D6C-LeaderElection1] INFO  impl.LeaderElection (LeaderElection.java:askForVotes(450)) - a68d7e4a-8be2-4109-84e0-ed7537249ab2@group-6F7884931D6C-LeaderElection1 ELECTION round 0: result PASSED (term=1)
2025-09-07 09:43:52,633 [a68d7e4a-8be2-4109-84e0-ed7537249ab2@group-6F7884931D6C-LeaderElection1] INFO  impl.RoleInfo (RoleInfo.java:shutdownLeaderElection(141)) - a68d7e4a-8be2-4109-84e0-ed7537249ab2: shutdown a68d7e4a-8be2-4109-84e0-ed7537249ab2@group-6F7884931D6C-LeaderElection1
2025-09-07 09:43:52,633 [a68d7e4a-8be2-4109-84e0-ed7537249ab2@group-6F7884931D6C-LeaderElection1] INFO  server.RaftServer$Division (RaftServerImpl.java:setRole(392)) - a68d7e4a-8be2-4109-84e0-ed7537249ab2@group-6F7884931D6C: changes role from CANDIDATE to LEADER at term 1 for changeToLeader
2025-09-07 09:43:52,638 [a68d7e4a-8be2-4109-84e0-ed7537249ab2@group-6F7884931D6C-LeaderElection1] INFO  server.RaftServerConfigKeys (ConfUtils.java:logGet(62)) - raft.server.staging.catchup.gap = 1000 (default)
2025-09-07 09:43:52,638 [a68d7e4a-8be2-4109-84e0-ed7537249ab2@group-6F7884931D6C-LeaderElection1] INFO  server.RaftServerConfigKeys (ConfUtils.java:logFallback(69)) - raft.server.staging.timeout = 15600ms (fallback to raft.server.rpc.timeout.max)
2025-09-07 09:43:52,641 [a68d7e4a-8be2-4109-84e0-ed7537249ab2@group-6F7884931D6C-LeaderElection1] INFO  server.RaftServerConfigKeys (ConfUtils.java:logGet(62)) - raft.server.write.element-limit = 4096 (default)
2025-09-07 09:43:52,641 [a68d7e4a-8be2-4109-84e0-ed7537249ab2@group-6F7884931D6C-LeaderElection1] INFO  server.RaftServerConfigKeys (ConfUtils.java:logGet(62)) - raft.server.write.byte-limit = 64MB (=67108864) (default)
2025-09-07 09:43:52,644 [a68d7e4a-8be2-4109-84e0-ed7537249ab2@group-6F7884931D6C-LeaderElection1] INFO  server.RaftServerConfigKeys (ConfUtils.java:logGet(62)) - raft.server.watch.timeout = 10s (default)
2025-09-07 09:43:52,645 [a68d7e4a-8be2-4109-84e0-ed7537249ab2@group-6F7884931D6C-LeaderElection1] INFO  server.RaftServerConfigKeys (ConfUtils.java:logGet(62)) - raft.server.watch.timeout.denomination = 1s (default)
2025-09-07 09:43:52,645 [a68d7e4a-8be2-4109-84e0-ed7537249ab2@group-6F7884931D6C-LeaderElection1] INFO  server.RaftServerConfigKeys (ConfUtils.java:logGet(62)) - raft.server.watch.element-limit = 65536 (default)
2025-09-07 09:43:52,651 [a68d7e4a-8be2-4109-84e0-ed7537249ab2@group-6F7884931D6C-LeaderElection1] INFO  server.RaftServerConfigKeys (ConfUtils.java:logGet(62)) - raft.server.read.leader.lease.enabled = false (default)
2025-09-07 09:43:52,652 [a68d7e4a-8be2-4109-84e0-ed7537249ab2@group-6F7884931D6C-LeaderElection1] INFO  server.RaftServerConfigKeys (ConfUtils.java:logGet(62)) - raft.server.read.leader.lease.timeout.ratio = 0.9 (default)
2025-09-07 09:43:52,653 [a68d7e4a-8be2-4109-84e0-ed7537249ab2@group-6F7884931D6C-LeaderElection1] INFO  server.RaftServerConfigKeys (ConfUtils.java:logGet(62)) - raft.server.log.log-metadata.enabled = false (custom)
2025-09-07 09:43:52,653 [a68d7e4a-8be2-4109-84e0-ed7537249ab2@group-6F7884931D6C-LeaderElection1] INFO  server.RaftServerConfigKeys (ConfUtils.java:logGet(62)) - raft.server.write.follower.gap.ratio.max = -1.0 (default)
2025-09-07 09:43:52,655 [a68d7e4a-8be2-4109-84e0-ed7537249ab2@group-6F7884931D6C-LeaderElection1] INFO  impl.RoleInfo (RoleInfo.java:updateAndGet(148)) - a68d7e4a-8be2-4109-84e0-ed7537249ab2: start a68d7e4a-8be2-4109-84e0-ed7537249ab2@group-6F7884931D6C-LeaderStateImpl
2025-09-07 09:43:52,655 [a68d7e4a-8be2-4109-84e0-ed7537249ab2@group-6F7884931D6C-LeaderElection1] INFO  server.RaftServer$Division (RaftServerImpl.java:setFirstElection(576)) - a68d7e4a-8be2-4109-84e0-ed7537249ab2@group-6F7884931D6C: set firstElectionSinceStartup to false for becomeLeader
2025-09-07 09:43:52,655 [a68d7e4a-8be2-4109-84e0-ed7537249ab2@group-6F7884931D6C-LeaderElection1] INFO  server.RaftServer$Division (ServerState.java:setLeader(272)) - a68d7e4a-8be2-4109-84e0-ed7537249ab2@group-6F7884931D6C: change Leader from null to a68d7e4a-8be2-4109-84e0-ed7537249ab2 at term 1 for becomeLeader, leader elected after 1271ms
2025-09-07 09:43:52,668 [a68d7e4a-8be2-4109-84e0-ed7537249ab2@group-6F7884931D6C-LeaderElection1] INFO  segmented.SegmentedRaftLogWorker (SegmentedRaftLogWorker.java:startLogSegment(440)) - a68d7e4a-8be2-4109-84e0-ed7537249ab2@group-6F7884931D6C-SegmentedRaftLogWorker: Starting segment from index:0
2025-09-07 09:43:52,682 [a68d7e4a-8be2-4109-84e0-ed7537249ab2@group-6F7884931D6C-LeaderElection1] INFO  server.RaftServer$Division (ServerState.java:setRaftConf(386)) - a68d7e4a-8be2-4109-84e0-ed7537249ab2@group-6F7884931D6C: set configuration conf: {index: 0, cur=peers:[a68d7e4a-8be2-4109-84e0-ed7537249ab2|localhost:15004]|listeners:[], old=null}
2025-09-07 09:43:52,683 [a68d7e4a-8be2-4109-84e0-ed7537249ab2@group-6F7884931D6C-SegmentedRaftLogWorker] INFO  segmented.BufferedWriteChannel (BufferedWriteChannel.java:open(61)) - open log_inprogress_0 at position 0
2025-09-07 09:43:52,692 [a68d7e4a-8be2-4109-84e0-ed7537249ab2@group-6F7884931D6C-SegmentedRaftLogWorker] INFO  segmented.SegmentedRaftLogWorker (SegmentedRaftLogWorker.java:execute(647)) - a68d7e4a-8be2-4109-84e0-ed7537249ab2@group-6F7884931D6C-SegmentedRaftLogWorker: created new log segment /home/runner/work/ozone/ozone/hadoop-ozone/integration-test/target/test-dir/MiniOzoneClusterImpl-023d5a78-e64c-43f3-a4d9-6f7884931d6c/scm/ratis/023d5a78-e64c-43f3-a4d9-6f7884931d6c/current/log_inprogress_0
2025-09-07 09:43:52,703 [a68d7e4a-8be2-4109-84e0-ed7537249ab2@group-6F7884931D6C-StateMachineUpdater] INFO  server.RaftServer$Division (LeaderStateImpl.java:checkStartIndex(309)) - Leader a68d7e4a-8be2-4109-84e0-ed7537249ab2@group-6F7884931D6C-LeaderStateImpl is ready since appliedIndex == startIndex == 0
2025-09-07 09:43:53,640 [ForkJoinPool-1-worker-1] INFO  server.RaftServer (RaftServerProxy.java:lambda$close$9(422)) - a68d7e4a-8be2-4109-84e0-ed7537249ab2: close
2025-09-07 09:43:53,642 [a68d7e4a-8be2-4109-84e0-ed7537249ab2-impl-thread1] INFO  server.RaftServer$Division (RaftServerImpl.java:lambda$close$1(527)) - a68d7e4a-8be2-4109-84e0-ed7537249ab2@group-6F7884931D6C: shutdown
2025-09-07 09:43:53,642 [ForkJoinPool-1-worker-1] INFO  server.GrpcServicesImpl (GrpcServicesImpl.java:closeImpl(355)) - a68d7e4a-8be2-4109-84e0-ed7537249ab2: shutdown server GrpcServerProtocolService now
2025-09-07 09:43:53,642 [a68d7e4a-8be2-4109-84e0-ed7537249ab2-impl-thread1] INFO  util.JmxRegister (JmxRegister.java:unregister(74)) - Successfully un-registered JMX Bean with object name Ratis:service=RaftServer,group=group-6F7884931D6C,id=a68d7e4a-8be2-4109-84e0-ed7537249ab2
2025-09-07 09:43:53,642 [a68d7e4a-8be2-4109-84e0-ed7537249ab2-impl-thread1] INFO  impl.RoleInfo (RoleInfo.java:shutdownLeaderState(103)) - a68d7e4a-8be2-4109-84e0-ed7537249ab2: shutdown a68d7e4a-8be2-4109-84e0-ed7537249ab2@group-6F7884931D6C-LeaderStateImpl
2025-09-07 09:43:53,646 [a68d7e4a-8be2-4109-84e0-ed7537249ab2-impl-thread1] INFO  impl.PendingRequests (PendingRequests.java:sendNotLeaderResponses(287)) - a68d7e4a-8be2-4109-84e0-ed7537249ab2@group-6F7884931D6C-PendingRequests: sendNotLeaderResponses
2025-09-07 09:43:53,649 [a68d7e4a-8be2-4109-84e0-ed7537249ab2-impl-thread1] INFO  impl.StateMachineUpdater (StateMachineUpdater.java:stopAndJoin(163)) - a68d7e4a-8be2-4109-84e0-ed7537249ab2@group-6F7884931D6C-StateMachineUpdater: set stopIndex = 0
2025-09-07 09:43:53,650 [a68d7e4a-8be2-4109-84e0-ed7537249ab2@group-6F7884931D6C-StateMachineUpdater] INFO  impl.StateMachineUpdater (StateMachineUpdater.java:takeSnapshot(307)) - a68d7e4a-8be2-4109-84e0-ed7537249ab2@group-6F7884931D6C-StateMachineUpdater: Took a snapshot at index 0
2025-09-07 09:43:53,650 [ForkJoinPool-1-worker-1] INFO  server.GrpcServicesImpl (GrpcServicesImpl.java:closeImpl(364)) - a68d7e4a-8be2-4109-84e0-ed7537249ab2: shutdown server GrpcServerProtocolService successfully
2025-09-07 09:43:53,650 [a68d7e4a-8be2-4109-84e0-ed7537249ab2@group-6F7884931D6C-StateMachineUpdater] INFO  impl.StateMachineUpdater (StateMachineUpdater.java:lambda$new$0(101)) - a68d7e4a-8be2-4109-84e0-ed7537249ab2@group-6F7884931D6C-StateMachineUpdater: snapshotIndex: updateIncreasingly -1 -> 0
2025-09-07 09:43:53,652 [a68d7e4a-8be2-4109-84e0-ed7537249ab2@group-6F7884931D6C-StateMachineUpdater] INFO  impl.StateMachineUpdater (StateMachineUpdater.java:stop(140)) - a68d7e4a-8be2-4109-84e0-ed7537249ab2@group-6F7884931D6C-StateMachineUpdater: closing SCMStateMachine, lastApplied=(t:1, i:0)
2025-09-07 09:43:53,653 [a68d7e4a-8be2-4109-84e0-ed7537249ab2@group-6F7884931D6C-cacheEviction-AwaitToRun] INFO  util.AwaitToRun (AwaitToRun.java:run(49)) - a68d7e4a-8be2-4109-84e0-ed7537249ab2@group-6F7884931D6C-cacheEviction-AwaitToRun-AwaitForSignal is interrupted
2025-09-07 09:43:53,699 [a68d7e4a-8be2-4109-84e0-ed7537249ab2-impl-thread1] INFO  segmented.SegmentedRaftLogWorker (SegmentedRaftLogWorker.java:close(254)) - a68d7e4a-8be2-4109-84e0-ed7537249ab2@group-6F7884931D6C-SegmentedRaftLogWorker close()
2025-09-07 09:43:53,704 [JvmPauseMonitor0] INFO  util.JvmPauseMonitor (JvmPauseMonitor.java:run(152)) - JvmPauseMonitor-a68d7e4a-8be2-4109-84e0-ed7537249ab2: Stopped
2025-09-07 09:43:53,740 [ForkJoinPool-1-worker-1] INFO  ha.SCMHANodeDetails (SCMHANodeDetails.java:loadSCMHAConfig(162)) - ServiceID for StorageContainerManager is null
2025-09-07 09:43:53,740 [ForkJoinPool-1-worker-1] INFO  ha.SCMHANodeDetails (SCMHANodeDetails.java:loadSCMHAConfig(166)) - ozone.scm.default.service.id is not defined, falling back to ozone.scm.service.ids to find serviceID for StorageContainerManager if it is HA enabled cluster
2025-09-07 09:43:54,361 [ForkJoinPool-1-worker-1] INFO  net.NodeSchemaLoader (NodeSchemaLoader.java:loadSchemaFromFile(128)) - Loading schema from [jar:file:/home/runner/work/ozone/ozone/hadoop-hdds/common/target/hdds-common-2.1.0-SNAPSHOT.jar!/network-topology-default.xml]
2025-09-07 09:43:54,362 [ForkJoinPool-1-worker-1] INFO  net.NodeSchemaLoader (NodeSchemaLoader.java:loadSchema(175)) - Loading network topology layer schema file
2025-09-07 09:43:54,449 [ForkJoinPool-1-worker-1] INFO  ha.SCMRatisServerImpl (SCMRatisServerImpl.java:<init>(100)) - starting Raft server for scm:a68d7e4a-8be2-4109-84e0-ed7537249ab2
2025-09-07 09:43:54,452 [ForkJoinPool-1-worker-1] INFO  server.RaftServerConfigKeys (ConfUtils.java:logGet(62)) - raft.server.log.appender.buffer.byte-limit = 4194304 (custom)
2025-09-07 09:43:54,454 [ForkJoinPool-1-worker-1] INFO  grpc.GrpcConfigKeys (ConfUtils.java:logFallback(69)) - raft.grpc.admin.host = null (fallback to raft.grpc.server.host)
2025-09-07 09:43:54,455 [ForkJoinPool-1-worker-1] INFO  grpc.GrpcConfigKeys (ConfUtils.java:logFallback(69)) - raft.grpc.admin.port = 15004 (fallback to raft.grpc.server.port)
2025-09-07 09:43:54,455 [ForkJoinPool-1-worker-1] INFO  grpc.GrpcConfigKeys (ConfUtils.java:logFallback(69)) - raft.grpc.client.host = null (fallback to raft.grpc.server.host)
2025-09-07 09:43:54,455 [ForkJoinPool-1-worker-1] INFO  grpc.GrpcConfigKeys (ConfUtils.java:logFallback(69)) - raft.grpc.client.port = 15004 (fallback to raft.grpc.server.port)
2025-09-07 09:43:54,455 [ForkJoinPool-1-worker-1] INFO  server.GrpcServicesImpl (ConfUtils.java:logGet(62)) - raft.grpc.message.size.max = 5242880 (custom)
2025-09-07 09:43:54,456 [ForkJoinPool-1-worker-1] INFO  server.RaftServerConfigKeys (ConfUtils.java:logGet(62)) - raft.server.log.appender.buffer.byte-limit = 4194304 (custom)
2025-09-07 09:43:54,458 [a68d7e4a-8be2-4109-84e0-ed7537249ab2-impl-thread1] INFO  server.RaftServer (RaftServerProxy.java:initGroupDir(270)) - a68d7e4a-8be2-4109-84e0-ed7537249ab2: found a subdirectory /home/runner/work/ozone/ozone/hadoop-ozone/integration-test/target/test-dir/MiniOzoneClusterImpl-023d5a78-e64c-43f3-a4d9-6f7884931d6c/scm/ratis/023d5a78-e64c-43f3-a4d9-6f7884931d6c
2025-09-07 09:43:54,459 [ForkJoinPool-1-worker-1] INFO  server.RaftServer (RaftServerProxy.java:addNew(105)) - a68d7e4a-8be2-4109-84e0-ed7537249ab2: addNew group-6F7884931D6C:[] returns group-6F7884931D6C:java.util.concurrent.CompletableFuture@4044f545[Not completed]
2025-09-07 09:43:54,461 [a68d7e4a-8be2-4109-84e0-ed7537249ab2-groupManagement] INFO  server.RaftServer$Division (RaftServerImpl.java:<init>(268)) - a68d7e4a-8be2-4109-84e0-ed7537249ab2: new RaftServerImpl for group-6F7884931D6C:[] with SCMStateMachine:uninitialized
2025-09-07 09:43:54,461 [a68d7e4a-8be2-4109-84e0-ed7537249ab2-groupManagement] INFO  server.RaftServer$Division (ServerState.java:<init>(114)) - a68d7e4a-8be2-4109-84e0-ed7537249ab2@group-6F7884931D6C: ConfigurationManager, init=conf: {index: -1, cur=peers:[]|listeners:[], old=null}, confs=<EMPTY_MAP>
2025-09-07 09:43:54,470 [ForkJoinPool-1-worker-1] INFO  ha.SCMSnapshotProvider (SCMSnapshotProvider.java:<init>(61)) - Initializing SCM Snapshot Provider
2025-09-07 09:43:54,494 [ForkJoinPool-1-worker-1] INFO  upgrade.AbstractLayoutVersionManager (AbstractLayoutVersionManager.java:init(80)) - Initializing Layout version manager with metadata layout = WITNESSED_CONTAINER_DB_PROTO_VALUE (version = 9), software layout = WITNESSED_CONTAINER_DB_PROTO_VALUE (version = 9)
2025-09-07 09:43:54,523 [ForkJoinPool-1-worker-1] INFO  ha.SequenceIdGenerator (SequenceIdGenerator.java:upgradeToSequenceId(353)) - upgrade localId to 115816896921600000
2025-09-07 09:43:54,524 [ForkJoinPool-1-worker-1] INFO  ha.SequenceIdGenerator (SequenceIdGenerator.java:upgradeToSequenceId(363)) - upgrade delTxnId to 0
2025-09-07 09:43:54,530 [ForkJoinPool-1-worker-1] INFO  ha.SequenceIdGenerator (SequenceIdGenerator.java:upgradeToSequenceId(379)) - upgrade containerId to 0
2025-09-07 09:43:54,533 [ForkJoinPool-1-worker-1] INFO  ha.SequenceIdGenerator (SequenceIdGenerator.java:upgradeToCertificateSequenceId(414)) - upgrade CertificateId to 2
2025-09-07 09:43:54,535 [ForkJoinPool-1-worker-1] INFO  ha.SequenceIdGenerator (SequenceIdGenerator.java:<init>(231)) - Init the HA SequenceIdGenerator.
2025-09-07 09:43:54,539 [ForkJoinPool-1-worker-1] INFO  Configuration.deprecation (Configuration.java:logDeprecation(1462)) - hadoop.configured.node.mapping is deprecated. Instead, use net.topology.configured.node.mapping
2025-09-07 09:43:54,577 [ForkJoinPool-1-worker-1] INFO  node.SCMNodeManager (SCMNodeManager.java:<init>(180)) - Entering startup safe mode.
2025-09-07 09:43:54,587 [ForkJoinPool-1-worker-1] INFO  algorithms.ContainerPlacementPolicyFactory (ContainerPlacementPolicyFactory.java:getPolicyInternal(83)) - Create container placement policy of type org.apache.hadoop.hdds.scm.container.placement.algorithms.SCMContainerPlacementRackAware
2025-09-07 09:43:54,592 [ForkJoinPool-1-worker-1] INFO  algorithms.ContainerPlacementPolicyFactory (ContainerPlacementPolicyFactory.java:getPolicyInternal(83)) - Create container placement policy of type org.apache.hadoop.hdds.scm.container.placement.algorithms.SCMContainerPlacementRackScatter
2025-09-07 09:43:54,600 [ForkJoinPool-1-worker-1] INFO  pipeline.PipelineStateManagerImpl (PipelineStateManagerImpl.java:initialize(75)) - No pipeline exists in current db
2025-09-07 09:43:54,612 [ForkJoinPool-1-worker-1] INFO  algorithms.LeaderChoosePolicyFactory (LeaderChoosePolicyFactory.java:getPolicy(55)) - Create leader choose policy of type org.apache.hadoop.hdds.scm.pipeline.leader.choose.algorithms.MinLeaderCountChoosePolicy
2025-09-07 09:43:54,612 [ForkJoinPool-1-worker-1] INFO  algorithms.ContainerPlacementPolicyFactory (ContainerPlacementPolicyFactory.java:getPolicyInternal(83)) - Create container placement policy of type org.apache.hadoop.hdds.scm.container.placement.algorithms.SCMContainerPlacementRackScatter
2025-09-07 09:43:54,619 [ForkJoinPool-1-worker-1] INFO  ha.SCMServiceManager (SCMServiceManager.java:register(42)) - Registering service BackgroundPipelineCreator.
2025-09-07 09:43:54,620 [ForkJoinPool-1-worker-1] INFO  pipeline.BackgroundPipelineCreator (BackgroundPipelineCreator.java:start(126)) - Starting RatisPipelineUtilsThread.
2025-09-07 09:43:54,622 [ForkJoinPool-1-worker-1] INFO  BackgroundPipelineScrubber (BackgroundSCMService.java:start(64)) - Starting BackgroundPipelineScrubber Service.
2025-09-07 09:43:54,622 [ForkJoinPool-1-worker-1] INFO  ha.SCMServiceManager (SCMServiceManager.java:register(42)) - Registering service BackgroundPipelineScrubber.
2025-09-07 09:43:54,631 [ForkJoinPool-1-worker-1] INFO  ExpiredContainerReplicaOpScrubber (BackgroundSCMService.java:start(64)) - Starting ExpiredContainerReplicaOpScrubber Service.
2025-09-07 09:43:54,631 [ForkJoinPool-1-worker-1] INFO  ha.SCMServiceManager (SCMServiceManager.java:register(42)) - Registering service ExpiredContainerReplicaOpScrubber.
2025-09-07 09:43:54,653 [ForkJoinPool-1-worker-1] INFO  algorithms.PipelineChoosePolicyFactory (PipelineChoosePolicyFactory.java:createPipelineChoosePolicyFromClass(78)) - Create pipeline choose policy of type org.apache.hadoop.hdds.scm.pipeline.choose.algorithms.RandomPipelineChoosePolicy
2025-09-07 09:43:54,653 [ForkJoinPool-1-worker-1] INFO  algorithms.PipelineChoosePolicyFactory (PipelineChoosePolicyFactory.java:createPipelineChoosePolicyFromClass(78)) - Create pipeline choose policy of type org.apache.hadoop.hdds.scm.pipeline.choose.algorithms.RandomPipelineChoosePolicy
2025-09-07 09:43:54,681 [ForkJoinPool-1-worker-1] INFO  ha.SCMServiceManager (SCMServiceManager.java:register(42)) - Registering service SCMBlockDeletingService.
2025-09-07 09:43:54,733 [ForkJoinPool-1-worker-1] INFO  replication.ReplicationManager (ReplicationManager.java:start(287)) - Starting Replication Monitor Thread.
2025-09-07 09:43:54,735 [ForkJoinPool-1-worker-1] INFO  ha.SCMServiceManager (SCMServiceManager.java:register(42)) - Registering service ReplicationManager.
2025-09-07 09:43:54,745 [ForkJoinPool-1-worker-1] INFO  safemode.RatisContainerSafeModeRule (RatisContainerSafeModeRule.java:initializeRule(160)) - Refreshed Containers with one replica threshold count 0.
2025-09-07 09:43:54,747 [ForkJoinPool-1-worker-1] INFO  safemode.ECContainerSafeModeRule (ECContainerSafeModeRule.java:initializeRule(204)) - Refreshed Containers with ec n replica threshold count 0.
2025-09-07 09:43:54,751 [ForkJoinPool-1-worker-1] INFO  safemode.HealthyPipelineSafeModeRule (HealthyPipelineSafeModeRule.java:initializeRule(232)) - Total pipeline count is 0, healthy pipeline threshold count is 1
2025-09-07 09:43:54,753 [ForkJoinPool-1-worker-1] INFO  safemode.OneReplicaPipelineSafeModeRule (OneReplicaPipelineSafeModeRule.java:initializeRule(190)) - Total pipeline count is 0, pipeline's with at least one datanode reported threshold count is 0
2025-09-07 09:43:54,806 [ForkJoinPool-1-worker-1] INFO  server.StorageContainerManager (StorageContainerManager.java:<init>(432)) - SCM start with adminUsers: [admin, runner]
2025-09-07 09:43:55,008 [ForkJoinPool-1-worker-1] INFO  audit.AuditLogger (AuditLogger.java:refreshDebugCmdSet(133)) - Refresh DebugCmdSet for SCMAudit to [].
2025-09-07 09:43:55,027 [ForkJoinPool-1-worker-1] INFO  ipc.CallQueueManager (CallQueueManager.java:<init>(93)) - Using callQueue: class java.util.concurrent.LinkedBlockingQueue, queueCapacity: 10000, scheduler: class org.apache.hadoop.ipc.DefaultRpcScheduler, ipcBackoff: false, ipcFailOver: false.
2025-09-07 09:43:55,049 [ForkJoinPool-1-worker-1] INFO  ipc.Server (Server.java:<init>(1438)) - Listener at 0.0.0.0:15002
2025-09-07 09:43:55,051 [Socket Reader #1 for port 15002] INFO  ipc.Server (Server.java:run(1474)) - Starting Socket Reader #1 for port 15002
2025-09-07 09:43:55,053 [Socket Reader #2 for port 15002] INFO  ipc.Server (Server.java:run(1474)) - Starting Socket Reader #2 for port 15002
2025-09-07 09:43:55,053 [Socket Reader #3 for port 15002] INFO  ipc.Server (Server.java:run(1474)) - Starting Socket Reader #3 for port 15002
2025-09-07 09:43:55,054 [Socket Reader #4 for port 15002] INFO  ipc.Server (Server.java:run(1474)) - Starting Socket Reader #4 for port 15002
2025-09-07 09:43:55,056 [Socket Reader #6 for port 15002] INFO  ipc.Server (Server.java:run(1474)) - Starting Socket Reader #6 for port 15002
2025-09-07 09:43:55,057 [Socket Reader #5 for port 15002] INFO  ipc.Server (Server.java:run(1474)) - Starting Socket Reader #5 for port 15002
2025-09-07 09:43:55,057 [Socket Reader #7 for port 15002] INFO  ipc.Server (Server.java:run(1474)) - Starting Socket Reader #7 for port 15002
2025-09-07 09:43:55,059 [Socket Reader #8 for port 15002] INFO  ipc.Server (Server.java:run(1474)) - Starting Socket Reader #8 for port 15002
2025-09-07 09:43:55,059 [Socket Reader #9 for port 15002] INFO  ipc.Server (Server.java:run(1474)) - Starting Socket Reader #9 for port 15002
2025-09-07 09:43:55,060 [Socket Reader #10 for port 15002] INFO  ipc.Server (Server.java:run(1474)) - Starting Socket Reader #10 for port 15002
2025-09-07 09:43:55,104 [ForkJoinPool-1-worker-1] INFO  audit.AuditLogger (AuditLogger.java:refreshDebugCmdSet(133)) - Refresh DebugCmdSet for SCMAudit to [].
2025-09-07 09:43:55,109 [ForkJoinPool-1-worker-1] INFO  ipc.CallQueueManager (CallQueueManager.java:<init>(93)) - Using callQueue: class java.util.concurrent.LinkedBlockingQueue, queueCapacity: 10000, scheduler: class org.apache.hadoop.ipc.DefaultRpcScheduler, ipcBackoff: false, ipcFailOver: false.
2025-09-07 09:43:55,110 [ForkJoinPool-1-worker-1] INFO  ipc.Server (Server.java:<init>(1438)) - Listener at 0.0.0.0:15001
2025-09-07 09:43:55,119 [Socket Reader #2 for port 15001] INFO  ipc.Server (Server.java:run(1474)) - Starting Socket Reader #2 for port 15001
2025-09-07 09:43:55,120 [Socket Reader #1 for port 15001] INFO  ipc.Server (Server.java:run(1474)) - Starting Socket Reader #1 for port 15001
2025-09-07 09:43:55,120 [Socket Reader #3 for port 15001] INFO  ipc.Server (Server.java:run(1474)) - Starting Socket Reader #3 for port 15001
2025-09-07 09:43:55,121 [Socket Reader #5 for port 15001] INFO  ipc.Server (Server.java:run(1474)) - Starting Socket Reader #5 for port 15001
2025-09-07 09:43:55,122 [Socket Reader #6 for port 15001] INFO  ipc.Server (Server.java:run(1474)) - Starting Socket Reader #6 for port 15001
2025-09-07 09:43:55,122 [Socket Reader #4 for port 15001] INFO  ipc.Server (Server.java:run(1474)) - Starting Socket Reader #4 for port 15001
2025-09-07 09:43:55,122 [Socket Reader #7 for port 15001] INFO  ipc.Server (Server.java:run(1474)) - Starting Socket Reader #7 for port 15001
2025-09-07 09:43:55,123 [Socket Reader #8 for port 15001] INFO  ipc.Server (Server.java:run(1474)) - Starting Socket Reader #8 for port 15001
2025-09-07 09:43:55,123 [Socket Reader #9 for port 15001] INFO  ipc.Server (Server.java:run(1474)) - Starting Socket Reader #9 for port 15001
2025-09-07 09:43:55,123 [Socket Reader #10 for port 15001] INFO  ipc.Server (Server.java:run(1474)) - Starting Socket Reader #10 for port 15001
2025-09-07 09:43:55,158 [ForkJoinPool-1-worker-1] INFO  audit.AuditLogger (AuditLogger.java:refreshDebugCmdSet(133)) - Refresh DebugCmdSet for SCMAudit to [].
2025-09-07 09:43:55,168 [ForkJoinPool-1-worker-1] INFO  ipc.CallQueueManager (CallQueueManager.java:<init>(93)) - Using callQueue: class java.util.concurrent.LinkedBlockingQueue, queueCapacity: 10000, scheduler: class org.apache.hadoop.ipc.DefaultRpcScheduler, ipcBackoff: false, ipcFailOver: false.
2025-09-07 09:43:55,169 [ForkJoinPool-1-worker-1] INFO  ipc.Server (Server.java:<init>(1438)) - Listener at 0.0.0.0:15000
2025-09-07 09:43:55,170 [Socket Reader #1 for port 15000] INFO  ipc.Server (Server.java:run(1474)) - Starting Socket Reader #1 for port 15000
2025-09-07 09:43:55,170 [Socket Reader #2 for port 15000] INFO  ipc.Server (Server.java:run(1474)) - Starting Socket Reader #2 for port 15000
2025-09-07 09:43:55,170 [Socket Reader #3 for port 15000] INFO  ipc.Server (Server.java:run(1474)) - Starting Socket Reader #3 for port 15000
2025-09-07 09:43:55,171 [Socket Reader #4 for port 15000] INFO  ipc.Server (Server.java:run(1474)) - Starting Socket Reader #4 for port 15000
2025-09-07 09:43:55,171 [Socket Reader #5 for port 15000] INFO  ipc.Server (Server.java:run(1474)) - Starting Socket Reader #5 for port 15000
2025-09-07 09:43:55,172 [Socket Reader #6 for port 15000] INFO  ipc.Server (Server.java:run(1474)) - Starting Socket Reader #6 for port 15000
2025-09-07 09:43:55,172 [Socket Reader #7 for port 15000] INFO  ipc.Server (Server.java:run(1474)) - Starting Socket Reader #7 for port 15000
2025-09-07 09:43:55,172 [Socket Reader #8 for port 15000] INFO  ipc.Server (Server.java:run(1474)) - Starting Socket Reader #8 for port 15000
2025-09-07 09:43:55,173 [Socket Reader #9 for port 15000] INFO  ipc.Server (Server.java:run(1474)) - Starting Socket Reader #9 for port 15000
2025-09-07 09:43:55,173 [Socket Reader #10 for port 15000] INFO  ipc.Server (Server.java:run(1474)) - Starting Socket Reader #10 for port 15000
2025-09-07 09:43:55,225 [ForkJoinPool-1-worker-1] INFO  ha.SCMServiceManager (SCMServiceManager.java:register(42)) - Registering service ContainerBalancer.
2025-09-07 09:43:55,225 [ForkJoinPool-1-worker-1] INFO  ha.SCMContext (SCMContext.java:updateSafeModeStatus(224)) - Update SafeModeStatus from SafeModeStatus{safeModeStatus=true, preCheckPassed=false} to SafeModeStatus{safeModeStatus=true, preCheckPassed=false}.
2025-09-07 09:43:55,233 [ForkJoinPool-1-worker-1] INFO  server.StorageContainerManager (StorageContainerManager.java:start(1515)) - StorageContainerLocationProtocol RPC server is listening at /0.0.0.0:15000
2025-09-07 09:43:55,234 [ForkJoinPool-1-worker-1] INFO  ha.SCMRatisServerImpl (SCMRatisServerImpl.java:start(203)) - starting ratis server 0.0.0.0:15004
2025-09-07 09:43:55,237 [a68d7e4a-8be2-4109-84e0-ed7537249ab2-impl-thread1] INFO  storage.RaftStorageDirectory (RaftStorageDirectoryImpl.java:tryLock(229)) - Lock on /home/runner/work/ozone/ozone/hadoop-ozone/integration-test/target/test-dir/MiniOzoneClusterImpl-023d5a78-e64c-43f3-a4d9-6f7884931d6c/scm/ratis/023d5a78-e64c-43f3-a4d9-6f7884931d6c/in_use.lock acquired by nodename 23079@localhost
2025-09-07 09:43:55,240 [a68d7e4a-8be2-4109-84e0-ed7537249ab2-impl-thread1] INFO  storage.RaftStorage (RaftStorageImpl.java:analyzeAndRecoverStorage(118)) - Read RaftStorageMetadata{term=1, votedFor=a68d7e4a-8be2-4109-84e0-ed7537249ab2} from /home/runner/work/ozone/ozone/hadoop-ozone/integration-test/target/test-dir/MiniOzoneClusterImpl-023d5a78-e64c-43f3-a4d9-6f7884931d6c/scm/ratis/023d5a78-e64c-43f3-a4d9-6f7884931d6c/current/raft-meta
2025-09-07 09:43:55,244 [a68d7e4a-8be2-4109-84e0-ed7537249ab2-impl-thread1] INFO  server.RaftServer$Division (ServerState.java:setRaftConf(386)) - a68d7e4a-8be2-4109-84e0-ed7537249ab2@group-6F7884931D6C: set configuration conf: {index: 0, cur=peers:[a68d7e4a-8be2-4109-84e0-ed7537249ab2|localhost:15004]|listeners:[], old=null}
2025-09-07 09:43:55,244 [a68d7e4a-8be2-4109-84e0-ed7537249ab2-impl-thread1] INFO  ha.SCMStateMachine (SCMStateMachine.java:lambda$initialize$0(135)) - a68d7e4a-8be2-4109-84e0-ed7537249ab2: initialize group-6F7884931D6C
2025-09-07 09:43:55,245 [a68d7e4a-8be2-4109-84e0-ed7537249ab2-impl-thread1] INFO  server.RaftServerConfigKeys (ConfUtils.java:logGet(62)) - raft.server.log.appender.buffer.byte-limit = 4194304 (custom)
2025-09-07 09:43:55,249 [a68d7e4a-8be2-4109-84e0-ed7537249ab2-impl-thread1] INFO  server.RaftServerConfigKeys (ConfUtils.java:logGet(62)) - raft.server.log.segment.size.max = 67108864 (custom)
2025-09-07 09:43:55,249 [a68d7e4a-8be2-4109-84e0-ed7537249ab2-impl-thread1] INFO  server.RaftServerConfigKeys (ConfUtils.java:logGet(62)) - raft.server.log.appender.buffer.byte-limit = 4194304 (custom)
2025-09-07 09:43:55,251 [a68d7e4a-8be2-4109-84e0-ed7537249ab2-impl-thread1] INFO  util.AwaitToRun (AwaitToRun.java:start(81)) - Thread[#114,a68d7e4a-8be2-4109-84e0-ed7537249ab2@group-6F7884931D6C-cacheEviction-AwaitToRun,5,main] started
2025-09-07 09:43:55,251 [a68d7e4a-8be2-4109-84e0-ed7537249ab2-impl-thread1] INFO  segmented.SegmentedRaftLogWorker (SegmentedRaftLogWorker.java:<init>(190)) - new a68d7e4a-8be2-4109-84e0-ed7537249ab2@group-6F7884931D6C-SegmentedRaftLogWorker for RaftStorageImpl:Storage Directory /home/runner/work/ozone/ozone/hadoop-ozone/integration-test/target/test-dir/MiniOzoneClusterImpl-023d5a78-e64c-43f3-a4d9-6f7884931d6c/scm/ratis/023d5a78-e64c-43f3-a4d9-6f7884931d6c
2025-09-07 09:43:55,251 [a68d7e4a-8be2-4109-84e0-ed7537249ab2-impl-thread1] INFO  server.RaftServerConfigKeys (ConfUtils.java:logGet(62)) - raft.server.log.segment.size.max = 67108864 (custom)
2025-09-07 09:43:55,251 [a68d7e4a-8be2-4109-84e0-ed7537249ab2-impl-thread1] INFO  server.RaftServerConfigKeys (ConfUtils.java:logGet(62)) - raft.server.log.preallocated.size = 4194304 (custom)
2025-09-07 09:43:55,253 [a68d7e4a-8be2-4109-84e0-ed7537249ab2-impl-thread1] INFO  server.RaftServerConfigKeys (ConfUtils.java:logGet(62)) - raft.server.log.write.buffer.size = 4194312 (custom)
2025-09-07 09:43:55,254 [a68d7e4a-8be2-4109-84e0-ed7537249ab2-impl-thread1] INFO  server.RaftServerConfigKeys (ConfUtils.java:logGet(62)) - raft.server.log.appender.buffer.byte-limit = 4194304 (custom)
2025-09-07 09:43:55,261 [a68d7e4a-8be2-4109-84e0-ed7537249ab2-impl-thread1] INFO  server.RaftServer$Division (ServerState.java:setRaftConf(386)) - a68d7e4a-8be2-4109-84e0-ed7537249ab2@group-6F7884931D6C: set configuration conf: {index: 0, cur=peers:[a68d7e4a-8be2-4109-84e0-ed7537249ab2|localhost:15004]|listeners:[], old=null}
2025-09-07 09:43:55,262 [a68d7e4a-8be2-4109-84e0-ed7537249ab2-impl-thread1] INFO  segmented.LogSegment (LogSegment.java:loadSegment(171)) - Successfully read 1 entries from segment file /home/runner/work/ozone/ozone/hadoop-ozone/integration-test/target/test-dir/MiniOzoneClusterImpl-023d5a78-e64c-43f3-a4d9-6f7884931d6c/scm/ratis/023d5a78-e64c-43f3-a4d9-6f7884931d6c/current/log_inprogress_0
2025-09-07 09:43:55,262 [a68d7e4a-8be2-4109-84e0-ed7537249ab2-impl-thread1] INFO  segmented.SegmentedRaftLogWorker (SegmentedRaftLogWorker.java:lambda$new$0(141)) - a68d7e4a-8be2-4109-84e0-ed7537249ab2@group-6F7884931D6C-SegmentedRaftLogWorker: safeCacheEvictIndex: setUnconditionally 0 -> -1
2025-09-07 09:43:55,263 [a68d7e4a-8be2-4109-84e0-ed7537249ab2-impl-thread1] INFO  segmented.BufferedWriteChannel (BufferedWriteChannel.java:open(61)) - open log_inprogress_0 (append) at position 76
2025-09-07 09:43:55,263 [a68d7e4a-8be2-4109-84e0-ed7537249ab2-impl-thread1] INFO  server.RaftServer$Division (RaftServerImpl.java:start(405)) - a68d7e4a-8be2-4109-84e0-ed7537249ab2@group-6F7884931D6C: start as a follower, conf=conf: {index: 0, cur=peers:[a68d7e4a-8be2-4109-84e0-ed7537249ab2|localhost:15004]|listeners:[], old=null}
2025-09-07 09:43:55,264 [a68d7e4a-8be2-4109-84e0-ed7537249ab2-impl-thread1] INFO  server.RaftServer$Division (RaftServerImpl.java:setRole(392)) - a68d7e4a-8be2-4109-84e0-ed7537249ab2@group-6F7884931D6C: changes role from      null to FOLLOWER at term 1 for startAsFollower
2025-09-07 09:43:55,264 [a68d7e4a-8be2-4109-84e0-ed7537249ab2-impl-thread1] INFO  impl.RoleInfo (RoleInfo.java:updateAndGet(148)) - a68d7e4a-8be2-4109-84e0-ed7537249ab2: start a68d7e4a-8be2-4109-84e0-ed7537249ab2@group-6F7884931D6C-FollowerState
2025-09-07 09:43:55,265 [a68d7e4a-8be2-4109-84e0-ed7537249ab2-impl-thread1] INFO  util.JmxRegister (JmxRegister.java:tryRegister(44)) - Successfully registered JMX Bean with object name Ratis:service=RaftServer,group=group-6F7884931D6C,id=a68d7e4a-8be2-4109-84e0-ed7537249ab2
2025-09-07 09:43:55,265 [a68d7e4a-8be2-4109-84e0-ed7537249ab2-impl-thread1] INFO  util.JmxRegister (JmxRegister.java:register(58)) - register mxBean class org.apache.ratis.server.impl.RaftServerJmxAdapter as Ratis:service=RaftServer,group=group-6F7884931D6C,id=a68d7e4a-8be2-4109-84e0-ed7537249ab2
2025-09-07 09:43:55,268 [a68d7e4a-8be2-4109-84e0-ed7537249ab2-impl-thread1] INFO  server.RaftServer$Division (RaftServerImpl.java:start(419)) - a68d7e4a-8be2-4109-84e0-ed7537249ab2@group-6F7884931D6C: Successfully started.
2025-09-07 09:43:55,268 [ForkJoinPool-1-worker-1] INFO  server.RaftServer (RaftServerProxy.java:startImpl(412)) - a68d7e4a-8be2-4109-84e0-ed7537249ab2: start RPC server
2025-09-07 09:43:55,270 [ForkJoinPool-1-worker-1] INFO  server.GrpcServicesImpl (GrpcServicesImpl.java:startImpl(346)) - a68d7e4a-8be2-4109-84e0-ed7537249ab2: GrpcServicesImpl started, listening on 15004
2025-09-07 09:43:55,270 [JvmPauseMonitor1] INFO  util.JvmPauseMonitor (JvmPauseMonitor.java:run(146)) - JvmPauseMonitor-a68d7e4a-8be2-4109-84e0-ed7537249ab2: Started
2025-09-07 09:43:55,278 [ForkJoinPool-1-worker-1] INFO  ha.SCMHAManagerImpl (SCMHAManagerImpl.java:start(131)) -  scm role is FOLLOWER peers [a68d7e4a-8be2-4109-84e0-ed7537249ab2|localhost:15004]
2025-09-07 09:43:55,279 [ForkJoinPool-1-worker-1] INFO  ha.InterSCMGrpcService (InterSCMGrpcProtocolService.java:start(98)) - Starting SCM Grpc Service at port 15005
2025-09-07 09:43:55,280 [ForkJoinPool-1-worker-1] INFO  SCMHATransactionMonitor (BackgroundSCMService.java:start(64)) - Starting SCMHATransactionMonitor Service.
2025-09-07 09:43:55,281 [ForkJoinPool-1-worker-1] INFO  ha.SCMServiceManager (SCMServiceManager.java:register(42)) - Registering service SCMHATransactionMonitor.
2025-09-07 09:43:55,281 [ForkJoinPool-1-worker-1] INFO  SCMHATransactionMonitor (BackgroundSCMService.java:start(61)) - SCMHATransactionMonitor Service is already running, skip start.
2025-09-07 09:43:55,323 [ForkJoinPool-1-worker-1] WARN  impl.MetricsConfig (MetricsConfig.java:loadFirst(138)) - Cannot locate configuration: tried hadoop-metrics2-storagecontainermanager.properties,hadoop-metrics2.properties
2025-09-07 09:43:55,332 [ForkJoinPool-1-worker-1] INFO  impl.MetricsSystemImpl (MetricsSystemImpl.java:startTimer(378)) - Scheduled Metric snapshot period at 10 second(s).
2025-09-07 09:43:55,332 [ForkJoinPool-1-worker-1] INFO  impl.MetricsSystemImpl (MetricsSystemImpl.java:start(191)) - StorageContainerManager metrics system started
2025-09-07 09:43:55,468 [ForkJoinPool-1-worker-1] INFO  server.SCMClientProtocolServer (SCMClientProtocolServer.java:start(209)) - RPC server for Client  is listening at /0.0.0.0:15000
2025-09-07 09:43:55,469 [IPC Server Responder] INFO  ipc.Server (Server.java:run(1713)) - IPC Server Responder: starting
2025-09-07 09:43:55,469 [IPC Server listener on 15000] INFO  ipc.Server (Server.java:run(1553)) - IPC Server listener on 15000: starting
2025-09-07 09:43:55,481 [ForkJoinPool-1-worker-1] INFO  server.StorageContainerManager (StorageContainerManager.java:start(1528)) - ScmBlockLocationProtocol RPC server is listening at /0.0.0.0:15001
2025-09-07 09:43:55,482 [ForkJoinPool-1-worker-1] INFO  server.SCMBlockProtocolServer (SCMBlockProtocolServer.java:start(166)) - RPC server for Block Protocol is listening at /0.0.0.0:15001
2025-09-07 09:43:55,482 [IPC Server Responder] INFO  ipc.Server (Server.java:run(1713)) - IPC Server Responder: starting
2025-09-07 09:43:55,482 [IPC Server listener on 15001] INFO  ipc.Server (Server.java:run(1553)) - IPC Server listener on 15001: starting
2025-09-07 09:43:55,494 [ForkJoinPool-1-worker-1] INFO  utils.BackgroundService (BackgroundService.java:start(119)) - Starting service SCMBlockDeletingService with interval 60000 milliseconds
2025-09-07 09:43:55,505 [ForkJoinPool-1-worker-1] INFO  http.BaseHttpServer (BaseHttpServer.java:newHttpServer2BuilderForOzone(227)) - Starting Web-server for scm at: http://0.0.0.0:15003
2025-09-07 09:43:55,506 [ForkJoinPool-1-worker-1] INFO  http.BaseHttpServer (BaseHttpServer.java:<init>(105)) - Hadoop Security Enabled: false Ozone Security Enabled: false Ozone HTTP Security Enabled: false 
2025-09-07 09:43:55,521 [ForkJoinPool-1-worker-1] INFO  util.log (Log.java:initialized(170)) - Logging initialized @6267ms to org.eclipse.jetty.util.log.Slf4jLog
2025-09-07 09:43:55,596 [ForkJoinPool-1-worker-1] WARN  server.AuthenticationFilter (AuthenticationFilter.java:constructSecretProvider(240)) - Unable to initialize FileSignerSecretProvider, falling back to use random secrets. Reason: Could not read signature secret file: /home/runner/hadoop-http-auth-signature-secret
2025-09-07 09:43:55,619 [ForkJoinPool-1-worker-1] INFO  http.HttpServer2 (HttpServer2.java:addGlobalFilter(1041)) - Added global filter 'safety' (class=org.apache.hadoop.hdds.server.http.HttpServer2$QuotingInputFilter)
2025-09-07 09:43:55,623 [ForkJoinPool-1-worker-1] INFO  http.HttpServer2 (HttpServer2.java:addFilter(1017)) - Added filter static_user_filter (class=org.apache.hadoop.http.lib.StaticUserWebFilter$StaticUserFilter) to context scm
2025-09-07 09:43:55,623 [ForkJoinPool-1-worker-1] INFO  http.HttpServer2 (HttpServer2.java:addFilter(1025)) - Added filter static_user_filter (class=org.apache.hadoop.http.lib.StaticUserWebFilter$StaticUserFilter) to context logs
2025-09-07 09:43:55,623 [ForkJoinPool-1-worker-1] INFO  http.HttpServer2 (HttpServer2.java:addFilter(1025)) - Added filter static_user_filter (class=org.apache.hadoop.http.lib.StaticUserWebFilter$StaticUserFilter) to context static
2025-09-07 09:43:55,647 [ForkJoinPool-1-worker-1] INFO  http.BaseHttpServer (BaseHttpServer.java:<init>(193)) - HTTP server of scm uses base directory /home/runner/work/ozone/ozone/hadoop-ozone/integration-test/target/test-dir/MiniOzoneClusterImpl-023d5a78-e64c-43f3-a4d9-6f7884931d6c/scm/ozone-metadata/webserver
2025-09-07 09:43:55,648 [ForkJoinPool-1-worker-1] INFO  http.HttpServer2 (HttpServer2.java:bindListener(1241)) - Jetty bound to port 15003
2025-09-07 09:43:55,649 [ForkJoinPool-1-worker-1] INFO  server.Server (Server.java:doStart(375)) - jetty-9.4.58.v20250814; built: 2025-08-14T02:28:49.637Z; git: 8f1440587e9e4ae7db3d74cf205643f3d707148d; jvm 21.0.8+9-LTS
2025-09-07 09:43:55,667 [ForkJoinPool-1-worker-1] INFO  server.session (DefaultSessionIdManager.java:doStart(334)) - DefaultSessionIdManager workerName=node0
2025-09-07 09:43:55,667 [ForkJoinPool-1-worker-1] INFO  server.session (DefaultSessionIdManager.java:doStart(339)) - No SessionScavenger set, using defaults
2025-09-07 09:43:55,668 [ForkJoinPool-1-worker-1] INFO  server.session (HouseKeeper.java:startScavenging(132)) - node0 Scavenging every 600000ms
2025-09-07 09:43:55,677 [ForkJoinPool-1-worker-1] INFO  handler.ContextHandler (ContextHandler.java:doStart(921)) - Started o.e.j.s.ServletContextHandler@2c777265{logs,/logs,file:///home/runner/work/ozone/ozone/hadoop-ozone/integration-test/target/log,AVAILABLE}
2025-09-07 09:43:55,677 [ForkJoinPool-1-worker-1] INFO  handler.ContextHandler (ContextHandler.java:doStart(921)) - Started o.e.j.s.ServletContextHandler@6f2cc392{static,/static,file:///home/runner/work/ozone/ozone/hadoop-ozone/integration-test/target/test-classes/webapps/static,AVAILABLE}
2025-09-07 09:43:55,714 [ForkJoinPool-1-worker-1] INFO  handler.ContextHandler (ContextHandler.java:doStart(921)) - Started o.e.j.w.WebAppContext@4b181333{scm,/,file:///home/runner/work/ozone/ozone/hadoop-ozone/integration-test/target/test-classes/webapps/scm/,AVAILABLE}{file:/home/runner/work/ozone/ozone/hadoop-ozone/integration-test/target/test-classes/webapps/scm}
2025-09-07 09:43:55,719 [ForkJoinPool-1-worker-1] INFO  server.AbstractConnector (AbstractConnector.java:doStart(333)) - Started ServerConnector@3d572c84{HTTP/1.1, (http/1.1)}{0.0.0.0:15003}
2025-09-07 09:43:55,719 [ForkJoinPool-1-worker-1] INFO  server.Server (Server.java:doStart(415)) - Started @6465ms
2025-09-07 09:43:55,721 [ForkJoinPool-1-worker-1] INFO  impl.MetricsSinkAdapter (MetricsSinkAdapter.java:start(204)) - Sink prometheus started
2025-09-07 09:43:55,721 [ForkJoinPool-1-worker-1] INFO  impl.MetricsSystemImpl (MetricsSystemImpl.java:registerSink(305)) - Registered sink prometheus
2025-09-07 09:43:55,722 [ForkJoinPool-1-worker-1] INFO  http.BaseHttpServer (BaseHttpServer.java:updateConnectorAddress(357)) - HTTP server of scm listening at http://localhost:15003
2025-09-07 09:43:55,796 [ForkJoinPool-1-worker-1] INFO  audit.AuditLogger (AuditLogger.java:refreshDebugCmdSet(133)) - Refresh DebugCmdSet for OMAudit to [].
2025-09-07 09:43:55,819 [ForkJoinPool-1-worker-1] INFO  audit.AuditLogger (AuditLogger.java:refreshDebugCmdSet(133)) - Refresh DebugCmdSet for OMSystemAudit to [].
2025-09-07 09:43:55,866 [ForkJoinPool-1-worker-1] INFO  ha.OMHANodeDetails (OMHANodeDetails.java:loadOMHAConfig(114)) - ozone.om.internal.service.id is not defined, falling back to ozone.om.service.ids to find serviceID for OzoneManager if it is HA enabled cluster
2025-09-07 09:43:55,869 [ForkJoinPool-1-worker-1] INFO  ha.OMHANodeDetails (OMHANodeDetails.java:loadOMHAConfig(228)) - Configuration does not have ozone.om.address set. Falling back to the default OM address /127.0.0.1:15006
2025-09-07 09:43:55,869 [ForkJoinPool-1-worker-1] INFO  ha.OMHANodeDetails (OMHANodeDetails.java:getOMNodeDetailsForNonHA(262)) - OM Service ID is not set. Setting it to the default ID: omServiceIdDefault
2025-09-07 09:43:55,869 [ForkJoinPool-1-worker-1] INFO  ha.OMHANodeDetails (OMHANodeDetails.java:getOMNodeDetailsForNonHA(269)) - OM Node ID is not set. Setting it to the default ID: om1
2025-09-07 09:43:55,878 [ForkJoinPool-1-worker-1] INFO  upgrade.AbstractLayoutVersionManager (AbstractLayoutVersionManager.java:init(80)) - Initializing Layout version manager with metadata layout = DELEGATION_TOKEN_SYMMETRIC_SIGN (version = 8), software layout = DELEGATION_TOKEN_SYMMETRIC_SIGN (version = 8)
2025-09-07 09:43:56,007 [ForkJoinPool-1-worker-1] INFO  reflections.Reflections (Reflections.java:scan(219)) - Reflections took 127 ms to scan 2 urls, producing 212 keys and 625 values
2025-09-07 09:43:56,010 [ForkJoinPool-1-worker-1] INFO  upgrade.OMLayoutVersionManager (OMLayoutVersionManager.java:lambda$0(110)) - Skipping Upgrade Action QuotaRepairUpgradeAction since it has been finalized.
2025-09-07 09:43:56,012 [ForkJoinPool-1-worker-1] INFO  upgrade.OMLayoutVersionManager (OMLayoutVersionManager.java:lambda$0(110)) - Skipping Upgrade Action MockOmUpgradeAction since it has been finalized.
2025-09-07 09:43:56,018 [ForkJoinPool-1-worker-1] INFO  om.OzoneManager (OzoneManager.java:setReplicationFromConfig(4650)) - Set default replication in OM: RATIS/3 -> RATIS/THREE
2025-09-07 09:43:56,024 [ForkJoinPool-1-worker-1] INFO  proxy.SCMContainerLocationFailoverProxyProvider (SCMFailoverProxyProviderBase.java:<init>(120)) - Created fail-over proxy for protocol StorageContainerLocationProtocolPB with 1 nodes: [nodeId=scmNodeId,nodeAddress=/0.0.0.0:15000]
2025-09-07 09:43:56,063 [ForkJoinPool-1-worker-1] INFO  proxy.SCMBlockLocationFailoverProxyProvider (SCMFailoverProxyProviderBase.java:<init>(120)) - Created fail-over proxy for protocol ScmBlockLocationProtocolPB with 1 nodes: [nodeId=scmNodeId,nodeAddress=/0.0.0.0:15001]
2025-09-07 09:43:56,078 [ForkJoinPool-1-worker-1] INFO  proxy.SCMBlockLocationFailoverProxyProvider (SCMFailoverProxyProviderBase.java:<init>(120)) - Created fail-over proxy for protocol ScmBlockLocationProtocolPB with 1 nodes: [nodeId=scmNodeId,nodeAddress=/0.0.0.0:15001]
2025-09-07 09:43:56,443 [a68d7e4a-8be2-4109-84e0-ed7537249ab2@group-6F7884931D6C-FollowerState] INFO  impl.FollowerState (FollowerState.java:runImpl(161)) - a68d7e4a-8be2-4109-84e0-ed7537249ab2@group-6F7884931D6C-FollowerState: change to CANDIDATE, lastRpcElapsedTime:1178772784ns, electionTimeout:1178ms
2025-09-07 09:43:56,443 [a68d7e4a-8be2-4109-84e0-ed7537249ab2@group-6F7884931D6C-FollowerState] INFO  impl.RoleInfo (RoleInfo.java:shutdownFollowerState(121)) - a68d7e4a-8be2-4109-84e0-ed7537249ab2: shutdown a68d7e4a-8be2-4109-84e0-ed7537249ab2@group-6F7884931D6C-FollowerState
2025-09-07 09:43:56,443 [a68d7e4a-8be2-4109-84e0-ed7537249ab2@group-6F7884931D6C-FollowerState] INFO  server.RaftServer$Division (RaftServerImpl.java:setRole(392)) - a68d7e4a-8be2-4109-84e0-ed7537249ab2@group-6F7884931D6C: changes role from  FOLLOWER to CANDIDATE at term 1 for changeToCandidate
2025-09-07 09:43:56,444 [a68d7e4a-8be2-4109-84e0-ed7537249ab2@group-6F7884931D6C-FollowerState] INFO  impl.RoleInfo (RoleInfo.java:updateAndGet(148)) - a68d7e4a-8be2-4109-84e0-ed7537249ab2: start a68d7e4a-8be2-4109-84e0-ed7537249ab2@group-6F7884931D6C-LeaderElection2
2025-09-07 09:43:56,444 [a68d7e4a-8be2-4109-84e0-ed7537249ab2@group-6F7884931D6C-LeaderElection2] INFO  impl.LeaderElection (LeaderElection.java:askForVotes(448)) - a68d7e4a-8be2-4109-84e0-ed7537249ab2@group-6F7884931D6C-LeaderElection2 PRE_VOTE round 0: submit vote requests at term 1 for conf: {index: 0, cur=peers:[a68d7e4a-8be2-4109-84e0-ed7537249ab2|localhost:15004]|listeners:[], old=null}
2025-09-07 09:43:56,445 [a68d7e4a-8be2-4109-84e0-ed7537249ab2@group-6F7884931D6C-LeaderElection2] INFO  impl.LeaderElection (LeaderElection.java:askForVotes(450)) - a68d7e4a-8be2-4109-84e0-ed7537249ab2@group-6F7884931D6C-LeaderElection2 PRE_VOTE round 0: result PASSED (term=1)
2025-09-07 09:43:56,447 [a68d7e4a-8be2-4109-84e0-ed7537249ab2@group-6F7884931D6C-LeaderElection2] INFO  impl.LeaderElection (LeaderElection.java:askForVotes(448)) - a68d7e4a-8be2-4109-84e0-ed7537249ab2@group-6F7884931D6C-LeaderElection2 ELECTION round 0: submit vote requests at term 2 for conf: {index: 0, cur=peers:[a68d7e4a-8be2-4109-84e0-ed7537249ab2|localhost:15004]|listeners:[], old=null}
2025-09-07 09:43:56,447 [a68d7e4a-8be2-4109-84e0-ed7537249ab2@group-6F7884931D6C-LeaderElection2] INFO  impl.LeaderElection (LeaderElection.java:askForVotes(450)) - a68d7e4a-8be2-4109-84e0-ed7537249ab2@group-6F7884931D6C-LeaderElection2 ELECTION round 0: result PASSED (term=2)
2025-09-07 09:43:56,447 [a68d7e4a-8be2-4109-84e0-ed7537249ab2@group-6F7884931D6C-LeaderElection2] INFO  impl.RoleInfo (RoleInfo.java:shutdownLeaderElection(141)) - a68d7e4a-8be2-4109-84e0-ed7537249ab2: shutdown a68d7e4a-8be2-4109-84e0-ed7537249ab2@group-6F7884931D6C-LeaderElection2
2025-09-07 09:43:56,447 [a68d7e4a-8be2-4109-84e0-ed7537249ab2@group-6F7884931D6C-LeaderElection2] INFO  server.RaftServer$Division (RaftServerImpl.java:setRole(392)) - a68d7e4a-8be2-4109-84e0-ed7537249ab2@group-6F7884931D6C: changes role from CANDIDATE to LEADER at term 2 for changeToLeader
2025-09-07 09:43:56,447 [a68d7e4a-8be2-4109-84e0-ed7537249ab2@group-6F7884931D6C-LeaderElection2] INFO  server.RaftServerConfigKeys (ConfUtils.java:logFallback(69)) - raft.server.staging.timeout = 15600ms (fallback to raft.server.rpc.timeout.max)
2025-09-07 09:43:56,449 [a68d7e4a-8be2-4109-84e0-ed7537249ab2@group-6F7884931D6C-LeaderElection2] INFO  impl.RoleInfo (RoleInfo.java:updateAndGet(148)) - a68d7e4a-8be2-4109-84e0-ed7537249ab2: start a68d7e4a-8be2-4109-84e0-ed7537249ab2@group-6F7884931D6C-LeaderStateImpl
2025-09-07 09:43:56,449 [a68d7e4a-8be2-4109-84e0-ed7537249ab2@group-6F7884931D6C-LeaderElection2] INFO  server.RaftServer$Division (RaftServerImpl.java:setFirstElection(576)) - a68d7e4a-8be2-4109-84e0-ed7537249ab2@group-6F7884931D6C: set firstElectionSinceStartup to false for becomeLeader
2025-09-07 09:43:56,449 [a68d7e4a-8be2-4109-84e0-ed7537249ab2@group-6F7884931D6C-LeaderElection2] INFO  ha.SCMStateMachine (SCMStateMachine.java:notifyLeaderChanged(293)) - current SCM becomes leader of term 2.
2025-09-07 09:43:56,450 [a68d7e4a-8be2-4109-84e0-ed7537249ab2@group-6F7884931D6C-LeaderElection2] INFO  ha.SCMContext (SCMContext.java:updateLeaderAndTerm(95)) - update <isLeader,term> from <false,0> to <true,2>
2025-09-07 09:43:56,453 [a68d7e4a-8be2-4109-84e0-ed7537249ab2@group-6F7884931D6C-LeaderElection2] INFO  server.RaftServer$Division (ServerState.java:setLeader(272)) - a68d7e4a-8be2-4109-84e0-ed7537249ab2@group-6F7884931D6C: change Leader from null to a68d7e4a-8be2-4109-84e0-ed7537249ab2 at term 2 for becomeLeader, leader elected after 1987ms
2025-09-07 09:43:56,453 [a68d7e4a-8be2-4109-84e0-ed7537249ab2@group-6F7884931D6C-LeaderElection2] INFO  segmented.SegmentedRaftLogWorker (SegmentedRaftLogWorker.java:rollLogSegment(445)) - a68d7e4a-8be2-4109-84e0-ed7537249ab2@group-6F7884931D6C-SegmentedRaftLogWorker: Rolling segment log-0_0 to index:0
2025-09-07 09:43:56,454 [a68d7e4a-8be2-4109-84e0-ed7537249ab2@group-6F7884931D6C-LeaderElection2] INFO  server.RaftServer$Division (ServerState.java:setRaftConf(386)) - a68d7e4a-8be2-4109-84e0-ed7537249ab2@group-6F7884931D6C: set configuration conf: {index: 1, cur=peers:[a68d7e4a-8be2-4109-84e0-ed7537249ab2|localhost:15004]|listeners:[], old=null}
2025-09-07 09:43:56,455 [a68d7e4a-8be2-4109-84e0-ed7537249ab2@group-6F7884931D6C-SegmentedRaftLogWorker] INFO  segmented.SegmentedRaftLogWorker (SegmentedRaftLogWorker.java:execute(604)) - a68d7e4a-8be2-4109-84e0-ed7537249ab2@group-6F7884931D6C-SegmentedRaftLogWorker: Rolled log segment from /home/runner/work/ozone/ozone/hadoop-ozone/integration-test/target/test-dir/MiniOzoneClusterImpl-023d5a78-e64c-43f3-a4d9-6f7884931d6c/scm/ratis/023d5a78-e64c-43f3-a4d9-6f7884931d6c/current/log_inprogress_0 to /home/runner/work/ozone/ozone/hadoop-ozone/integration-test/target/test-dir/MiniOzoneClusterImpl-023d5a78-e64c-43f3-a4d9-6f7884931d6c/scm/ratis/023d5a78-e64c-43f3-a4d9-6f7884931d6c/current/log_0-0
2025-09-07 09:43:56,457 [a68d7e4a-8be2-4109-84e0-ed7537249ab2@group-6F7884931D6C-SegmentedRaftLogWorker] INFO  segmented.BufferedWriteChannel (BufferedWriteChannel.java:open(61)) - open log_inprogress_1 at position 0
2025-09-07 09:43:56,465 [a68d7e4a-8be2-4109-84e0-ed7537249ab2@group-6F7884931D6C-SegmentedRaftLogWorker] INFO  segmented.SegmentedRaftLogWorker (SegmentedRaftLogWorker.java:execute(647)) - a68d7e4a-8be2-4109-84e0-ed7537249ab2@group-6F7884931D6C-SegmentedRaftLogWorker: created new log segment /home/runner/work/ozone/ozone/hadoop-ozone/integration-test/target/test-dir/MiniOzoneClusterImpl-023d5a78-e64c-43f3-a4d9-6f7884931d6c/scm/ratis/023d5a78-e64c-43f3-a4d9-6f7884931d6c/current/log_inprogress_1
2025-09-07 09:43:56,469 [a68d7e4a-8be2-4109-84e0-ed7537249ab2@group-6F7884931D6C-StateMachineUpdater] INFO  server.RaftServer$Division (LeaderStateImpl.java:checkStartIndex(309)) - Leader a68d7e4a-8be2-4109-84e0-ed7537249ab2@group-6F7884931D6C-LeaderStateImpl is ready since appliedIndex == startIndex == 1
2025-09-07 09:43:56,469 [a68d7e4a-8be2-4109-84e0-ed7537249ab2@group-6F7884931D6C-StateMachineUpdater] INFO  ha.SCMContext (SCMContext.java:setLeaderReady(122)) - update <isLeaderReady> from <false> to <true>
2025-09-07 09:43:56,469 [a68d7e4a-8be2-4109-84e0-ed7537249ab2@group-6F7884931D6C-StateMachineUpdater] INFO  pipeline.BackgroundPipelineCreator (BackgroundPipelineCreator.java:notifyStatusChanged(268)) - Service BackgroundPipelineCreator transitions to RUNNING.
2025-09-07 09:43:56,470 [a68d7e4a-8be2-4109-84e0-ed7537249ab2@group-6F7884931D6C-StateMachineUpdater] INFO  safemode.RatisContainerSafeModeRule (RatisContainerSafeModeRule.java:initializeRule(160)) - Refreshed Containers with one replica threshold count 0.
2025-09-07 09:43:56,470 [a68d7e4a-8be2-4109-84e0-ed7537249ab2@group-6F7884931D6C-StateMachineUpdater] INFO  safemode.HealthyPipelineSafeModeRule (HealthyPipelineSafeModeRule.java:initializeRule(228)) - Refreshed total pipeline count is 0, healthy pipeline threshold count is 1
2025-09-07 09:43:56,471 [a68d7e4a-8be2-4109-84e0-ed7537249ab2@group-6F7884931D6C-StateMachineUpdater] INFO  safemode.ECContainerSafeModeRule (ECContainerSafeModeRule.java:initializeRule(204)) - Refreshed Containers with ec n replica threshold count 0.
2025-09-07 09:43:56,471 [a68d7e4a-8be2-4109-84e0-ed7537249ab2@group-6F7884931D6C-StateMachineUpdater] INFO  safemode.OneReplicaPipelineSafeModeRule (OneReplicaPipelineSafeModeRule.java:initializeRule(186)) - Refreshed Total pipeline count is 0, pipeline's with at least one datanode reported threshold count is 0
2025-09-07 09:43:56,471 [a68d7e4a-8be2-4109-84e0-ed7537249ab2@group-6F7884931D6C-StateMachineUpdater] INFO  server.SCMDatanodeProtocolServer (SCMDatanodeProtocolServer.java:start(195)) - ScmDatanodeProtocol RPC server for DataNodes is listening at /0.0.0.0:15002
2025-09-07 09:43:56,472 [IPC Server Responder] INFO  ipc.Server (Server.java:run(1713)) - IPC Server Responder: starting
2025-09-07 09:43:56,472 [IPC Server listener on 15002] INFO  ipc.Server (Server.java:run(1553)) - IPC Server listener on 15002: starting
2025-09-07 09:43:58,291 [ForkJoinPool-1-worker-1] INFO  om.OzoneManager (OzoneManager.java:<init>(683)) - OM start with adminUsers: [admin, runner]
2025-09-07 09:43:58,412 [ForkJoinPool-1-worker-1] INFO  utils.NativeLibraryLoader (NativeLibraryLoader.java:loadLibrary(120)) - Loading Library: ozone_rocksdb_tools
2025-09-07 09:43:58,688 [ForkJoinPool-1-worker-1] INFO  om.OzoneManager (OzoneManager.java:instantiateServices(927)) - S3 Multi-Tenancy is disabled
2025-09-07 09:43:58,711 [ForkJoinPool-1-worker-1] INFO  acl.OzoneAuthorizerFactory (OzoneAuthorizerFactory.java:create(69)) - om1: Authorizer for OM is class org.apache.hadoop.ozone.security.acl.OzoneAccessAuthorizer
2025-09-07 09:43:58,717 [ForkJoinPool-1-worker-1] INFO  om.OmSnapshotManager (OmSnapshotManager.java:<init>(202)) - Ozone filesystem snapshot feature is enabled.
2025-09-07 09:43:58,765 [ForkJoinPool-1-worker-1] INFO  utils.BackgroundService (BackgroundService.java:start(119)) - Starting service SnapshotDiffCleanupService with interval 60000 milliseconds
2025-09-07 09:43:58,812 [ForkJoinPool-1-worker-1] INFO  om.OzoneManager (OzoneManager.java:addS3GVolumeToDB(4708)) - Created Volume s3v With Owner runner required for S3Gateway operations.
2025-09-07 09:43:58,873 [ForkJoinPool-1-worker-1] WARN  dropwizard3.Dm3MetricRegistriesImpl (Dm3MetricRegistriesImpl.java:addReporterRegistration(114)) - New reporters are added after registries were created. Some metrics will be missing from the reporter. Please add reporter before adding any new registry.
2025-09-07 09:43:58,874 [ForkJoinPool-1-worker-1] WARN  dropwizard3.Dm3MetricRegistriesImpl (Dm3MetricRegistriesImpl.java:addReporterRegistration(114)) - New reporters are added after registries were created. Some metrics will be missing from the reporter. Please add reporter before adding any new registry.
2025-09-07 09:43:58,875 [ForkJoinPool-1-worker-1] INFO  server.RaftServerConfigKeys (ConfUtils.java:logGet(62)) - raft.server.log.appender.buffer.byte-limit = 4194304 (custom)
2025-09-07 09:43:58,878 [ForkJoinPool-1-worker-1] INFO  ratis.OzoneManagerRatisServer (OzoneManagerRatisServer.java:<init>(169)) - Instantiating OM Ratis server with groupID: omServiceIdDefault and peers: localhost:15009
2025-09-07 09:43:58,883 [ForkJoinPool-1-worker-1] INFO  ratis.OzoneManagerStateMachine (OzoneManagerStateMachine.java:loadSnapshotInfoFromDB(628)) - TransactionInfo not found in OM DB.
2025-09-07 09:43:58,923 [ForkJoinPool-1-worker-1] INFO  grpc.GrpcConfigKeys (ConfUtils.java:logFallback(69)) - raft.grpc.admin.host = null (fallback to raft.grpc.server.host)
2025-09-07 09:43:58,924 [ForkJoinPool-1-worker-1] INFO  grpc.GrpcConfigKeys (ConfUtils.java:logFallback(69)) - raft.grpc.admin.port = 15009 (fallback to raft.grpc.server.port)
2025-09-07 09:43:58,924 [ForkJoinPool-1-worker-1] INFO  grpc.GrpcConfigKeys (ConfUtils.java:logFallback(69)) - raft.grpc.client.host = null (fallback to raft.grpc.server.host)
2025-09-07 09:43:58,924 [ForkJoinPool-1-worker-1] INFO  grpc.GrpcConfigKeys (ConfUtils.java:logFallback(69)) - raft.grpc.client.port = 15009 (fallback to raft.grpc.server.port)
2025-09-07 09:43:58,924 [ForkJoinPool-1-worker-1] INFO  grpc.GrpcConfigKeys (ConfUtils.java:logGet(62)) - raft.grpc.server.port = 15009 (custom)
2025-09-07 09:43:58,924 [ForkJoinPool-1-worker-1] INFO  server.GrpcServicesImpl (ConfUtils.java:logGet(62)) - raft.grpc.message.size.max = 5242880 (custom)
2025-09-07 09:43:58,924 [ForkJoinPool-1-worker-1] INFO  server.RaftServerConfigKeys (ConfUtils.java:logGet(62)) - raft.server.rpc.request.timeout = 3000ms (default)
2025-09-07 09:43:58,924 [ForkJoinPool-1-worker-1] INFO  server.RaftServerConfigKeys (ConfUtils.java:logGet(62)) - raft.server.log.appender.buffer.byte-limit = 4194304 (custom)
2025-09-07 09:43:58,926 [ForkJoinPool-1-worker-1] INFO  server.RaftServerConfigKeys (ConfUtils.java:logGet(62)) - raft.server.storage.dir = [/home/runner/work/ozone/ozone/hadoop-ozone/integration-test/target/test-dir/MiniOzoneClusterImpl-023d5a78-e64c-43f3-a4d9-6f7884931d6c/om/ratis] (custom)
2025-09-07 09:43:58,927 [ForkJoinPool-1-worker-1] INFO  server.RaftServer (RaftServerProxy.java:addNew(105)) - om1: addNew group-C5BA1605619E:[om1|localhost:15009] returns group-C5BA1605619E:java.util.concurrent.CompletableFuture@1fa7fb91[Not completed]
2025-09-07 09:43:58,927 [om1-groupManagement] INFO  server.RaftServer$Division (RaftServerImpl.java:<init>(268)) - om1: new RaftServerImpl for group-C5BA1605619E:[om1|localhost:15009] with OzoneManagerStateMachine:uninitialized
2025-09-07 09:43:58,927 [om1-groupManagement] INFO  server.RaftServerConfigKeys (ConfUtils.java:logGet(62)) - raft.server.rpc.timeout.min = 1s (custom)
2025-09-07 09:43:58,927 [om1-groupManagement] INFO  server.RaftServerConfigKeys (ConfUtils.java:logGet(62)) - raft.server.rpc.timeout.max = 1200ms (custom)
2025-09-07 09:43:58,927 [ForkJoinPool-1-worker-1] INFO  om.OzoneManager (OzoneManager.java:initializeRatisServer(2338)) - OzoneManager Ratis server initialized at port 15009
2025-09-07 09:43:58,928 [om1-groupManagement] INFO  server.RaftServer$Division (ServerState.java:<init>(114)) - om1@group-C5BA1605619E: ConfigurationManager, init=conf: {index: -1, cur=peers:[om1|localhost:15009]|listeners:[], old=null}, confs=<EMPTY_MAP>
2025-09-07 09:43:58,929 [om1-groupManagement] INFO  server.RaftServerConfigKeys (ConfUtils.java:logGet(62)) - raft.server.notification.no-leader.timeout = 120s (custom)
2025-09-07 09:43:58,929 [om1-groupManagement] INFO  server.RaftServerConfigKeys (ConfUtils.java:logGet(62)) - raft.server.retrycache.expirytime = 300s (custom)
2025-09-07 09:43:58,932 [ForkJoinPool-1-worker-1] INFO  om.OzoneManager (OzoneManager.java:getRpcServer(1390)) - Creating RPC Server
2025-09-07 09:43:59,759 [ForkJoinPool-1-worker-1] INFO  reflections.Reflections (Reflections.java:scan(219)) - Reflections took 779 ms to scan 24 urls, producing 62 keys and 7916 values
2025-09-07 09:43:59,912 [ForkJoinPool-1-worker-1] INFO  ipc.CallQueueManager (CallQueueManager.java:<init>(93)) - Using callQueue: class java.util.concurrent.LinkedBlockingQueue, queueCapacity: 2000, scheduler: class org.apache.hadoop.ipc.DefaultRpcScheduler, ipcBackoff: false, ipcFailOver: false.
2025-09-07 09:43:59,913 [ForkJoinPool-1-worker-1] INFO  ipc.Server (Server.java:<init>(1438)) - Listener at 127.0.0.1:15006
2025-09-07 09:43:59,913 [Socket Reader #1 for port 15006] INFO  ipc.Server (Server.java:run(1474)) - Starting Socket Reader #1 for port 15006
2025-09-07 09:43:59,914 [Socket Reader #3 for port 15006] INFO  ipc.Server (Server.java:run(1474)) - Starting Socket Reader #3 for port 15006
2025-09-07 09:43:59,914 [Socket Reader #2 for port 15006] INFO  ipc.Server (Server.java:run(1474)) - Starting Socket Reader #2 for port 15006
2025-09-07 09:43:59,914 [Socket Reader #4 for port 15006] INFO  ipc.Server (Server.java:run(1474)) - Starting Socket Reader #4 for port 15006
2025-09-07 09:43:59,914 [Socket Reader #5 for port 15006] INFO  ipc.Server (Server.java:run(1474)) - Starting Socket Reader #5 for port 15006
2025-09-07 09:43:59,915 [Socket Reader #6 for port 15006] INFO  ipc.Server (Server.java:run(1474)) - Starting Socket Reader #6 for port 15006
2025-09-07 09:43:59,916 [Socket Reader #7 for port 15006] INFO  ipc.Server (Server.java:run(1474)) - Starting Socket Reader #7 for port 15006
2025-09-07 09:43:59,916 [Socket Reader #8 for port 15006] INFO  ipc.Server (Server.java:run(1474)) - Starting Socket Reader #8 for port 15006
2025-09-07 09:43:59,917 [Socket Reader #9 for port 15006] INFO  ipc.Server (Server.java:run(1474)) - Starting Socket Reader #9 for port 15006
2025-09-07 09:43:59,918 [Socket Reader #10 for port 15006] INFO  ipc.Server (Server.java:run(1474)) - Starting Socket Reader #10 for port 15006
2025-09-07 09:43:59,950 [ForkJoinPool-1-worker-1] INFO  impl.MetricsSystemImpl (MetricsSystemImpl.java:init(158)) - OzoneManager metrics system started (again)
2025-09-07 09:43:59,974 [ForkJoinPool-1-worker-1] INFO  om.OzoneManager (OzoneManager.java:start(1822)) - OzoneManager RPC server is listening at localhost/127.0.0.1:15006
2025-09-07 09:43:59,975 [ForkJoinPool-1-worker-1] INFO  ratis.OzoneManagerRatisServer (OzoneManagerRatisServer.java:start(673)) - Starting OzoneManagerRatisServer om1 at port 15009
2025-09-07 09:43:59,976 [om1-impl-thread1] INFO  storage.RaftStorageDirectory (RaftStorageDirectoryImpl.java:analyzeStorage(138)) - The storage directory /home/runner/work/ozone/ozone/hadoop-ozone/integration-test/target/test-dir/MiniOzoneClusterImpl-023d5a78-e64c-43f3-a4d9-6f7884931d6c/om/ratis/bf265839-605b-3f16-9796-c5ba1605619e does not exist. Creating ...
2025-09-07 09:43:59,977 [om1-impl-thread1] INFO  storage.RaftStorageDirectory (RaftStorageDirectoryImpl.java:tryLock(229)) - Lock on /home/runner/work/ozone/ozone/hadoop-ozone/integration-test/target/test-dir/MiniOzoneClusterImpl-023d5a78-e64c-43f3-a4d9-6f7884931d6c/om/ratis/bf265839-605b-3f16-9796-c5ba1605619e/in_use.lock acquired by nodename 23079@localhost
2025-09-07 09:43:59,979 [om1-impl-thread1] INFO  storage.RaftStorage (RaftStorageImpl.java:format(98)) - Storage directory /home/runner/work/ozone/ozone/hadoop-ozone/integration-test/target/test-dir/MiniOzoneClusterImpl-023d5a78-e64c-43f3-a4d9-6f7884931d6c/om/ratis/bf265839-605b-3f16-9796-c5ba1605619e has been successfully formatted.
2025-09-07 09:43:59,980 [om1-impl-thread1] INFO  ratis.OzoneManagerStateMachine (OzoneManagerStateMachine.java:lambda$0(138)) - om1: initialize group-C5BA1605619E with <INITIAL_VALUE>
2025-09-07 09:43:59,980 [om1-impl-thread1] INFO  server.RaftServerConfigKeys (ConfUtils.java:logGet(62)) - raft.server.log.appender.buffer.byte-limit = 4194304 (custom)
2025-09-07 09:43:59,985 [om1-impl-thread1] INFO  server.RaftServerConfigKeys (ConfUtils.java:logGet(62)) - raft.server.log.segment.size.max = 67108864 (custom)
2025-09-07 09:43:59,986 [om1-impl-thread1] INFO  server.RaftServerConfigKeys (ConfUtils.java:logGet(62)) - raft.server.log.appender.buffer.byte-limit = 4194304 (custom)
2025-09-07 09:43:59,986 [om1-impl-thread1] INFO  util.AwaitToRun (AwaitToRun.java:start(81)) - Thread[#463,om1@group-C5BA1605619E-cacheEviction-AwaitToRun,5,main] started
2025-09-07 09:43:59,986 [om1-impl-thread1] INFO  segmented.SegmentedRaftLogWorker (SegmentedRaftLogWorker.java:<init>(190)) - new om1@group-C5BA1605619E-SegmentedRaftLogWorker for RaftStorageImpl:Storage Directory /home/runner/work/ozone/ozone/hadoop-ozone/integration-test/target/test-dir/MiniOzoneClusterImpl-023d5a78-e64c-43f3-a4d9-6f7884931d6c/om/ratis/bf265839-605b-3f16-9796-c5ba1605619e
2025-09-07 09:43:59,986 [om1-impl-thread1] INFO  server.RaftServerConfigKeys (ConfUtils.java:logGet(62)) - raft.server.log.segment.size.max = 67108864 (custom)
2025-09-07 09:43:59,987 [om1-impl-thread1] INFO  server.RaftServerConfigKeys (ConfUtils.java:logGet(62)) - raft.server.log.preallocated.size = 4194304 (custom)
2025-09-07 09:43:59,987 [om1-impl-thread1] INFO  server.RaftServerConfigKeys (ConfUtils.java:logGet(62)) - raft.server.log.write.buffer.size = 4194312 (custom)
2025-09-07 09:43:59,988 [om1-impl-thread1] INFO  server.RaftServerConfigKeys (ConfUtils.java:logGet(62)) - raft.server.log.appender.buffer.byte-limit = 4194304 (custom)
2025-09-07 09:43:59,988 [om1-impl-thread1] INFO  segmented.SegmentedRaftLogWorker (SegmentedRaftLogWorker.java:lambda$new$0(141)) - om1@group-C5BA1605619E-SegmentedRaftLogWorker: flushIndex: setUnconditionally 0 -> -1
2025-09-07 09:43:59,988 [om1-impl-thread1] INFO  segmented.SegmentedRaftLogWorker (SegmentedRaftLogWorker.java:lambda$new$0(141)) - om1@group-C5BA1605619E-SegmentedRaftLogWorker: safeCacheEvictIndex: setUnconditionally 0 -> -1
2025-09-07 09:43:59,989 [om1-impl-thread1] INFO  server.RaftServer$Division (RaftServerImpl.java:start(405)) - om1@group-C5BA1605619E: start as a follower, conf=conf: {index: -1, cur=peers:[om1|localhost:15009]|listeners:[], old=null}
2025-09-07 09:43:59,989 [om1-impl-thread1] INFO  server.RaftServer$Division (RaftServerImpl.java:setRole(392)) - om1@group-C5BA1605619E: changes role from      null to FOLLOWER at term 0 for startAsFollower
2025-09-07 09:43:59,990 [om1-impl-thread1] INFO  impl.RoleInfo (RoleInfo.java:updateAndGet(148)) - om1: start om1@group-C5BA1605619E-FollowerState
2025-09-07 09:43:59,990 [om1@group-C5BA1605619E-FollowerState] INFO  server.RaftServerConfigKeys (ConfUtils.java:logFallback(69)) - raft.server.rpc.first-election.timeout.min = 1s (fallback to raft.server.rpc.timeout.min)
2025-09-07 09:43:59,990 [om1@group-C5BA1605619E-FollowerState] INFO  server.RaftServerConfigKeys (ConfUtils.java:logFallback(69)) - raft.server.rpc.first-election.timeout.max = 1200ms (fallback to raft.server.rpc.timeout.max)
2025-09-07 09:43:59,991 [om1-impl-thread1] INFO  util.JmxRegister (JmxRegister.java:tryRegister(44)) - Successfully registered JMX Bean with object name Ratis:service=RaftServer,group=group-C5BA1605619E,id=om1
2025-09-07 09:43:59,991 [om1-impl-thread1] INFO  util.JmxRegister (JmxRegister.java:register(58)) - register mxBean class org.apache.ratis.server.impl.RaftServerJmxAdapter as Ratis:service=RaftServer,group=group-C5BA1605619E,id=om1
2025-09-07 09:43:59,991 [om1-impl-thread1] INFO  server.RaftServerConfigKeys (ConfUtils.java:logGet(62)) - raft.server.snapshot.auto.trigger.threshold = 400000 (default)
2025-09-07 09:43:59,991 [om1-impl-thread1] INFO  server.RaftServerConfigKeys (ConfUtils.java:logGet(62)) - raft.server.log.purge.upto.snapshot.index = true (custom)
2025-09-07 09:43:59,992 [om1-impl-thread1] INFO  server.RaftServer$Division (RaftServerImpl.java:start(419)) - om1@group-C5BA1605619E: Successfully started.
2025-09-07 09:43:59,992 [ForkJoinPool-1-worker-1] INFO  server.RaftServer (RaftServerProxy.java:startImpl(412)) - om1: start RPC server
2025-09-07 09:43:59,993 [ForkJoinPool-1-worker-1] INFO  server.GrpcServicesImpl (GrpcServicesImpl.java:startImpl(346)) - om1: GrpcServicesImpl started, listening on 15009
2025-09-07 09:43:59,994 [JvmPauseMonitor2] INFO  util.JvmPauseMonitor (JvmPauseMonitor.java:run(146)) - JvmPauseMonitor-om1: Started
2025-09-07 09:43:59,995 [ForkJoinPool-1-worker-1] INFO  om.OzoneManager (OzoneManager.java:start(1837)) - Version File has different layout version (8) than OM DB (null). That is expected if this OM has never been finalized to a newer layout version.
2025-09-07 09:44:00,011 [ForkJoinPool-1-worker-1] INFO  client.ScmTopologyClient (ScmTopologyClient.java:start(70)) - Initial network topology fetched from SCM: /.
2025-09-07 09:44:00,011 [ForkJoinPool-1-worker-1] INFO  net.NodeSchemaLoader (NodeSchemaLoader.java:loadSchemaFromFile(128)) - Loading schema from [jar:file:/home/runner/work/ozone/ozone/hadoop-hdds/common/target/hdds-common-2.1.0-SNAPSHOT.jar!/network-topology-default.xml]
2025-09-07 09:44:00,011 [ForkJoinPool-1-worker-1] INFO  net.NodeSchemaLoader (NodeSchemaLoader.java:loadSchema(175)) - Loading network topology layer schema file
2025-09-07 09:44:00,018 [ForkJoinPool-1-worker-1] INFO  utils.BackgroundService (BackgroundService.java:start(119)) - Starting service KeyDeletingService with interval 60000 milliseconds
2025-09-07 09:44:00,022 [ForkJoinPool-1-worker-1] INFO  utils.BackgroundService (BackgroundService.java:start(119)) - Starting service DirectoryDeletingService with interval 120000 milliseconds
2025-09-07 09:44:00,022 [ForkJoinPool-1-worker-1] INFO  utils.BackgroundService (BackgroundService.java:start(119)) - Starting service OpenKeyCleanupService with interval 86400000 milliseconds
2025-09-07 09:44:00,023 [ForkJoinPool-1-worker-1] INFO  utils.BackgroundService (BackgroundService.java:start(119)) - Starting service SstFilteringService with interval 60000 milliseconds
2025-09-07 09:44:00,025 [ForkJoinPool-1-worker-1] INFO  utils.BackgroundService (BackgroundService.java:start(119)) - Starting service SnapshotDeletingService with interval 30000 milliseconds
2025-09-07 09:44:00,026 [ForkJoinPool-1-worker-1] INFO  utils.BackgroundService (BackgroundService.java:start(119)) - Starting service MultipartUploadCleanupService with interval 86400000 milliseconds
2025-09-07 09:44:00,029 [ForkJoinPool-1-worker-1] INFO  http.BaseHttpServer (BaseHttpServer.java:newHttpServer2BuilderForOzone(227)) - Starting Web-server for ozoneManager at: http://0.0.0.0:15007
2025-09-07 09:44:00,029 [ForkJoinPool-1-worker-1] INFO  http.BaseHttpServer (BaseHttpServer.java:<init>(105)) - Hadoop Security Enabled: false Ozone Security Enabled: false Ozone HTTP Security Enabled: false 
2025-09-07 09:44:00,031 [ForkJoinPool-1-worker-1] WARN  server.AuthenticationFilter (AuthenticationFilter.java:constructSecretProvider(240)) - Unable to initialize FileSignerSecretProvider, falling back to use random secrets. Reason: Could not read signature secret file: /home/runner/hadoop-http-auth-signature-secret
2025-09-07 09:44:00,034 [ForkJoinPool-1-worker-1] INFO  http.HttpServer2 (HttpServer2.java:addGlobalFilter(1041)) - Added global filter 'safety' (class=org.apache.hadoop.hdds.server.http.HttpServer2$QuotingInputFilter)
2025-09-07 09:44:00,036 [ForkJoinPool-1-worker-1] INFO  http.HttpServer2 (HttpServer2.java:addFilter(1017)) - Added filter static_user_filter (class=org.apache.hadoop.http.lib.StaticUserWebFilter$StaticUserFilter) to context ozoneManager
2025-09-07 09:44:00,036 [ForkJoinPool-1-worker-1] INFO  http.HttpServer2 (HttpServer2.java:addFilter(1025)) - Added filter static_user_filter (class=org.apache.hadoop.http.lib.StaticUserWebFilter$StaticUserFilter) to context logs
2025-09-07 09:44:00,036 [ForkJoinPool-1-worker-1] INFO  http.HttpServer2 (HttpServer2.java:addFilter(1025)) - Added filter static_user_filter (class=org.apache.hadoop.http.lib.StaticUserWebFilter$StaticUserFilter) to context static
2025-09-07 09:44:00,037 [ForkJoinPool-1-worker-1] INFO  http.BaseHttpServer (BaseHttpServer.java:<init>(193)) - HTTP server of ozoneManager uses base directory /home/runner/work/ozone/ozone/hadoop-ozone/integration-test/target/test-dir/MiniOzoneClusterImpl-023d5a78-e64c-43f3-a4d9-6f7884931d6c/scm/ozone-metadata/webserver
2025-09-07 09:44:00,040 [ForkJoinPool-1-worker-1] INFO  http.HttpServer2 (HttpServer2.java:bindListener(1241)) - Jetty bound to port 15007
2025-09-07 09:44:00,040 [ForkJoinPool-1-worker-1] INFO  server.Server (Server.java:doStart(375)) - jetty-9.4.58.v20250814; built: 2025-08-14T02:28:49.637Z; git: 8f1440587e9e4ae7db3d74cf205643f3d707148d; jvm 21.0.8+9-LTS
2025-09-07 09:44:00,042 [ForkJoinPool-1-worker-1] INFO  server.session (DefaultSessionIdManager.java:doStart(334)) - DefaultSessionIdManager workerName=node0
2025-09-07 09:44:00,042 [ForkJoinPool-1-worker-1] INFO  server.session (DefaultSessionIdManager.java:doStart(339)) - No SessionScavenger set, using defaults
2025-09-07 09:44:00,042 [ForkJoinPool-1-worker-1] INFO  server.session (HouseKeeper.java:startScavenging(132)) - node0 Scavenging every 660000ms
2025-09-07 09:44:00,043 [ForkJoinPool-1-worker-1] INFO  handler.ContextHandler (ContextHandler.java:doStart(921)) - Started o.e.j.s.ServletContextHandler@3ee9a18{logs,/logs,file:///home/runner/work/ozone/ozone/hadoop-ozone/integration-test/target/log,AVAILABLE}
2025-09-07 09:44:00,043 [ForkJoinPool-1-worker-1] INFO  handler.ContextHandler (ContextHandler.java:doStart(921)) - Started o.e.j.s.ServletContextHandler@6265277b{static,/static,file:///home/runner/work/ozone/ozone/hadoop-ozone/integration-test/target/test-classes/webapps/static,AVAILABLE}
2025-09-07 09:44:00,054 [ForkJoinPool-1-worker-1] INFO  handler.ContextHandler (ContextHandler.java:doStart(921)) - Started o.e.j.w.WebAppContext@2f9882f{ozoneManager,/,file:///home/runner/work/ozone/ozone/hadoop-ozone/integration-test/target/test-classes/webapps/ozoneManager/,AVAILABLE}{file:/home/runner/work/ozone/ozone/hadoop-ozone/integration-test/target/test-classes/webapps/ozoneManager}
2025-09-07 09:44:00,055 [ForkJoinPool-1-worker-1] INFO  server.AbstractConnector (AbstractConnector.java:doStart(333)) - Started ServerConnector@25fe0c9a{HTTP/1.1, (http/1.1)}{0.0.0.0:15007}
2025-09-07 09:44:00,056 [ForkJoinPool-1-worker-1] INFO  server.Server (Server.java:doStart(415)) - Started @10802ms
2025-09-07 09:44:00,056 [ForkJoinPool-1-worker-1] WARN  impl.MetricsSystemImpl (MetricsSystemImpl.java:register(279)) - Sink prometheus already exists!
2025-09-07 09:44:00,057 [ForkJoinPool-1-worker-1] INFO  http.BaseHttpServer (BaseHttpServer.java:updateConnectorAddress(357)) - HTTP server of ozoneManager listening at http://localhost:15007
2025-09-07 09:44:00,058 [IPC Server Responder] INFO  ipc.Server (Server.java:run(1713)) - IPC Server Responder: starting
2025-09-07 09:44:00,058 [IPC Server listener on 15006] INFO  ipc.Server (Server.java:run(1553)) - IPC Server listener on 15006: starting
2025-09-07 09:44:00,061 [ForkJoinPool-1-worker-1] INFO  om.OzoneManager (OzoneManager.java:startTrashEmptier(2292)) - Trash Interval set to 0. Files deleted won't move to trash
2025-09-07 09:44:00,078 [ForkJoinPool-1-worker-1] INFO  db.CodecBuffer (CodecBuffer.java:set(85)) - Successfully set constructor to LeakDetector::newCodecBuffer: org.apache.hadoop.hdds.utils.db.CodecBuffer$$Lambda/0x00007fd8cc8163c0@4bdfbca5
2025-09-07 09:44:00,161 [ForkJoinPool-1-worker-1] WARN  dropwizard3.Dm3MetricRegistriesImpl (Dm3MetricRegistriesImpl.java:addReporterRegistration(114)) - New reporters are added after registries were created. Some metrics will be missing from the reporter. Please add reporter before adding any new registry.
2025-09-07 09:44:00,162 [ForkJoinPool-1-worker-1] WARN  dropwizard3.Dm3MetricRegistriesImpl (Dm3MetricRegistriesImpl.java:addReporterRegistration(114)) - New reporters are added after registries were created. Some metrics will be missing from the reporter. Please add reporter before adding any new registry.
2025-09-07 09:44:00,162 [ForkJoinPool-1-worker-1] INFO  impl.MetricsSystemImpl (MetricsSystemImpl.java:init(158)) - HddsDatanode metrics system started (again)
2025-09-07 09:44:00,183 [ForkJoinPool-1-worker-1] INFO  protocol.DatanodeDetails (DatanodeDetails.java:validateDatanodeIpAddress(199)) - Updating IP address of datanode ff2509eb-55dd-4ad3-b532-83d6209e1a92(localhost/null) to 127.0.0.1
2025-09-07 09:44:00,184 [ForkJoinPool-1-worker-1] INFO  ozone.HddsDatanodeService (HddsDatanodeService.java:start(236)) - HddsDatanodeService ff2509eb-55dd-4ad3-b532-83d6209e1a92(localhost/127.0.0.1)
2025-09-07 09:44:00,188 [ForkJoinPool-1-worker-1] INFO  upgrade.AbstractLayoutVersionManager (AbstractLayoutVersionManager.java:init(80)) - Initializing Layout version manager with metadata layout = WITNESSED_CONTAINER_DB_PROTO_VALUE (version = 9), software layout = WITNESSED_CONTAINER_DB_PROTO_VALUE (version = 9)
2025-09-07 09:44:00,190 [ForkJoinPool-1-worker-1] INFO  statemachine.DatanodeStateMachine (DatanodeStateMachine.java:getEndPointTaskThreadPoolSize(305)) - Datanode State Machine Task Thread Pool size 2
2025-09-07 09:44:00,235 [ForkJoinPool-1-worker-1] INFO  volume.HddsVolume (HddsVolume.java:<init>(162)) - HddsVolume: { id=DS-ff90a977-9b82-4d44-bc3c-69af46be93ed dir=/home/runner/work/ozone/ozone/hadoop-ozone/integration-test/target/test-dir/MiniOzoneClusterImpl-023d5a78-e64c-43f3-a4d9-6f7884931d6c/ozone-metadata/datanode-1/data-0/hdds type=DISK capacity=9222449699674390527 used=0 available=9222449699674390527 minFree=9222450130714624 committed=0 }
2025-09-07 09:44:00,235 [ForkJoinPool-1-worker-1] INFO  volume.MutableVolumeSet (MutableVolumeSet.java:initializeVolumeSet(175)) - Added Volume : /home/runner/work/ozone/ozone/hadoop-ozone/integration-test/target/test-dir/MiniOzoneClusterImpl-023d5a78-e64c-43f3-a4d9-6f7884931d6c/ozone-metadata/datanode-1/data-0/hdds to VolumeSet
2025-09-07 09:44:00,239 [ForkJoinPool-1-worker-1] INFO  volume.MutableVolumeSet (MutableVolumeSet.java:initializeVolumeSet(175)) - Added Volume : /home/runner/work/ozone/ozone/hadoop-ozone/integration-test/target/test-dir/MiniOzoneClusterImpl-023d5a78-e64c-43f3-a4d9-6f7884931d6c/ozone-metadata/datanode-1/ratis to VolumeSet
2025-09-07 09:44:00,243 [ForkJoinPool-1-worker-1] INFO  ozoneimpl.OzoneContainer (HddsVolumeUtil.java:loadAllHddsVolumeDbStore(102)) - Load 1 volumes DbStore cost: 1ms
2025-09-07 09:44:00,248 [ForkJoinPool-1-worker-1] WARN  db.DBStoreBuilder (DBStoreBuilder.java:getDBDirPath(158)) - ozone.scm.datanode.id.dir is not configured. We recommend adding this setting. Falling back to ozone.metadata.dirs instead.
2025-09-07 09:44:00,253 [ForkJoinPool-1-worker-1] WARN  db.DBStoreBuilder (DBStoreBuilder.java:getDBDirPath(158)) - ozone.scm.datanode.id.dir is not configured. We recommend adding this setting. Falling back to ozone.metadata.dirs instead.
2025-09-07 09:44:00,302 [ForkJoinPool-1-worker-1] INFO  impl.FilePerChunkStrategy (FilePerChunkStrategy.java:<init>(79)) - ozone.chunk.read.mapped.buffer.max.count is load with 0
2025-09-07 09:44:00,305 [ForkJoinPool-1-worker-1] INFO  impl.FilePerBlockStrategy (FilePerBlockStrategy.java:<init>(88)) - ozone.chunk.read.mapped.buffer.max.count is load with 0
2025-09-07 09:44:00,342 [ForkJoinPool-1-worker-1] INFO  audit.AuditLogger (AuditLogger.java:refreshDebugCmdSet(133)) - Refresh DebugCmdSet for DNAudit to [].
2025-09-07 09:44:00,356 [ForkJoinPool-1-worker-1] INFO  server.RaftServerConfigKeys (ConfUtils.java:logGet(62)) - raft.server.log.appender.buffer.byte-limit = 33554432 (custom)
2025-09-07 09:44:00,366 [ForkJoinPool-1-worker-1] INFO  grpc.GrpcConfigKeys (ConfUtils.java:logFallback(69)) - raft.grpc.admin.host = null (fallback to raft.grpc.server.host)
2025-09-07 09:44:00,366 [ForkJoinPool-1-worker-1] INFO  grpc.GrpcConfigKeys (ConfUtils.java:logGet(62)) - raft.grpc.admin.port = 15014 (custom)
2025-09-07 09:44:00,366 [ForkJoinPool-1-worker-1] INFO  grpc.GrpcConfigKeys (ConfUtils.java:logFallback(69)) - raft.grpc.client.host = null (fallback to raft.grpc.server.host)
2025-09-07 09:44:00,367 [ForkJoinPool-1-worker-1] INFO  grpc.GrpcConfigKeys (ConfUtils.java:logGet(62)) - raft.grpc.client.port = 15013 (custom)
2025-09-07 09:44:00,367 [ForkJoinPool-1-worker-1] INFO  grpc.GrpcConfigKeys (ConfUtils.java:logGet(62)) - raft.grpc.server.port = 15015 (custom)
2025-09-07 09:44:00,367 [ForkJoinPool-1-worker-1] INFO  server.GrpcServicesImpl (ConfUtils.java:logGet(62)) - raft.grpc.message.size.max = 34603008 (custom)
2025-09-07 09:44:00,367 [ForkJoinPool-1-worker-1] INFO  server.GrpcServicesImpl (ConfUtils.java:logGet(62)) - raft.grpc.flow.control.window = 5MB (=5242880) (custom)
2025-09-07 09:44:00,367 [ForkJoinPool-1-worker-1] INFO  server.RaftServerConfigKeys (ConfUtils.java:logGet(62)) - raft.server.log.appender.buffer.byte-limit = 33554432 (custom)
2025-09-07 09:44:00,369 [ForkJoinPool-1-worker-1] INFO  impl.DataStreamServerImpl (ConfUtils.java:logGet(62)) - raft.datastream.type = NETTY (custom)
2025-09-07 09:44:00,378 [ForkJoinPool-1-worker-1] INFO  server.RaftServerConfigKeys (ConfUtils.java:logGet(62)) - raft.server.data-stream.async.request.thread.pool.cached = false (default)
2025-09-07 09:44:00,378 [ForkJoinPool-1-worker-1] INFO  server.RaftServerConfigKeys (ConfUtils.java:logGet(62)) - raft.server.data-stream.async.request.thread.pool.size = 20 (custom)
2025-09-07 09:44:00,379 [ForkJoinPool-1-worker-1] INFO  server.RaftServerConfigKeys (ConfUtils.java:logGet(62)) - raft.server.data-stream.async.write.thread.pool.size = 16 (default)
2025-09-07 09:44:00,380 [ForkJoinPool-1-worker-1] INFO  netty.NettyConfigKeys$DataStream (ConfUtils.java:logGet(62)) - raft.netty.dataStream.server.channel.inactive.grace-period = 10min (default)
2025-09-07 09:44:00,380 [ForkJoinPool-1-worker-1] INFO  server.RaftServerConfigKeys (ConfUtils.java:logGet(62)) - raft.server.data-stream.client.pool.size = 10 (default)
2025-09-07 09:44:00,382 [ForkJoinPool-1-worker-1] INFO  netty.NettyConfigKeys$DataStream (ConfUtils.java:logGet(62)) - raft.netty.dataStream.server.use-epoll = true (default)
2025-09-07 09:44:00,382 [ForkJoinPool-1-worker-1] INFO  netty.NettyConfigKeys$DataStream (ConfUtils.java:logGet(62)) - raft.netty.dataStream.server.boss-group.size = 0 (default)
2025-09-07 09:44:00,382 [ForkJoinPool-1-worker-1] INFO  netty.NettyUtils (NettyUtils.java:newEventLoopGroup(74)) - Create EpollEventLoopGroup for ff2509eb-55dd-4ad3-b532-83d6209e1a92-NettyServerStreamRpc-bossGroup; Thread size is 0.
2025-09-07 09:44:00,383 [ForkJoinPool-1-worker-1] INFO  netty.NettyConfigKeys$DataStream (ConfUtils.java:logGet(62)) - raft.netty.dataStream.server.worker-group.size = 0 (default)
2025-09-07 09:44:00,383 [ForkJoinPool-1-worker-1] INFO  netty.NettyUtils (NettyUtils.java:newEventLoopGroup(74)) - Create EpollEventLoopGroup for ff2509eb-55dd-4ad3-b532-83d6209e1a92-NettyServerStreamRpc-workerGroup; Thread size is 0.
2025-09-07 09:44:00,385 [ForkJoinPool-1-worker-1] INFO  netty.NettyConfigKeys$DataStream (ConfUtils.java:logGet(62)) - raft.netty.dataStream.port = 15016 (custom)
2025-09-07 09:44:00,388 [ForkJoinPool-1-worker-1] INFO  server.RaftServerConfigKeys (ConfUtils.java:logGet(62)) - raft.server.storage.dir = [/home/runner/work/ozone/ozone/hadoop-ozone/integration-test/target/test-dir/MiniOzoneClusterImpl-023d5a78-e64c-43f3-a4d9-6f7884931d6c/ozone-metadata/datanode-1/ratis] (custom)
2025-09-07 09:44:00,389 [ff2509eb-55dd-4ad3-b532-83d6209e1a92-impl-thread1] INFO  server.RaftServer (RaftServerProxy.java:initGroupDir(270)) - ff2509eb-55dd-4ad3-b532-83d6209e1a92: found a subdirectory /home/runner/work/ozone/ozone/hadoop-ozone/integration-test/target/test-dir/MiniOzoneClusterImpl-023d5a78-e64c-43f3-a4d9-6f7884931d6c/ozone-metadata/datanode-1/ratis/tmp
2025-09-07 09:44:00,389 [ff2509eb-55dd-4ad3-b532-83d6209e1a92-impl-thread1] INFO  server.RaftServer (RaftServerProxy.java:initGroupDir(275)) - ff2509eb-55dd-4ad3-b532-83d6209e1a92: The directory /home/runner/work/ozone/ozone/hadoop-ozone/integration-test/target/test-dir/MiniOzoneClusterImpl-023d5a78-e64c-43f3-a4d9-6f7884931d6c/ozone-metadata/datanode-1/ratis/tmp is not a group directory; ignoring it. 
2025-09-07 09:44:00,391 [ForkJoinPool-1-worker-1] INFO  replication.ReplicationServer (ReplicationServer.java:<init>(84)) - Initializing replication server with thread count = 10 queue length = 4096
2025-09-07 09:44:00,397 [ff2509eb-55dd-4ad3-b532-83d6209e1a92-NettyServerStreamRpc-bossGroup--thread1] INFO  logging.LoggingHandler (AbstractInternalLogger.java:log(148)) - [id: 0x1de5c667] REGISTERED
2025-09-07 09:44:00,397 [ff2509eb-55dd-4ad3-b532-83d6209e1a92-NettyServerStreamRpc-bossGroup--thread1] INFO  logging.LoggingHandler (AbstractInternalLogger.java:log(148)) - [id: 0x1de5c667] BIND: 0.0.0.0/0.0.0.0:15016
2025-09-07 09:44:00,397 [ff2509eb-55dd-4ad3-b532-83d6209e1a92-NettyServerStreamRpc-bossGroup--thread1] INFO  logging.LoggingHandler (AbstractInternalLogger.java:log(148)) - [id: 0x1de5c667, L:/0.0.0.0:15016] ACTIVE
2025-09-07 09:44:00,411 [ForkJoinPool-1-worker-1] INFO  server.XceiverServerGrpc (XceiverServerGrpc.java:<init>(130)) - GrpcServer channel type EpollServerSocketChannel
2025-09-07 09:44:00,441 [ForkJoinPool-1-worker-1] INFO  replication.ReplicationSupervisor (ReplicationSupervisor.java:build(169)) - Initializing replication supervisor with thread count = 10
2025-09-07 09:44:00,442 [ForkJoinPool-1-worker-1] INFO  replication.ReplicationSupervisor (ReplicationSupervisor.java:nodeStateUpdated(358)) - Node state updated to IN_SERVICE, scaling executor pool size to 10
2025-09-07 09:44:00,456 [ForkJoinPool-1-worker-1] INFO  lib.Interns (Interns.java:removeEldestEntry(50)) - Metrics intern cache overflow at 2011 for MetricsSystem={MetricsSystem=MetricsInfoImpl{name=MetricsSystem, description=MetricsSystem}, MetricsSystem record=MetricsInfoImpl{name=MetricsSystem, description=MetricsSystem record}}
2025-09-07 09:44:00,484 [ForkJoinPool-1-worker-1] INFO  http.BaseHttpServer (BaseHttpServer.java:newHttpServer2BuilderForOzone(227)) - Starting Web-server for hddsDatanode at: http://0.0.0.0:15010
2025-09-07 09:44:00,484 [ForkJoinPool-1-worker-1] INFO  http.BaseHttpServer (BaseHttpServer.java:<init>(105)) - Hadoop Security Enabled: false Ozone Security Enabled: false Ozone HTTP Security Enabled: false 
2025-09-07 09:44:00,486 [ForkJoinPool-1-worker-1] WARN  server.AuthenticationFilter (AuthenticationFilter.java:constructSecretProvider(240)) - Unable to initialize FileSignerSecretProvider, falling back to use random secrets. Reason: Could not read signature secret file: /home/runner/hadoop-http-auth-signature-secret
2025-09-07 09:44:00,489 [ForkJoinPool-1-worker-1] INFO  http.HttpServer2 (HttpServer2.java:addGlobalFilter(1041)) - Added global filter 'safety' (class=org.apache.hadoop.hdds.server.http.HttpServer2$QuotingInputFilter)
2025-09-07 09:44:00,491 [ForkJoinPool-1-worker-1] INFO  http.HttpServer2 (HttpServer2.java:addFilter(1017)) - Added filter static_user_filter (class=org.apache.hadoop.http.lib.StaticUserWebFilter$StaticUserFilter) to context hddsDatanode
2025-09-07 09:44:00,491 [ForkJoinPool-1-worker-1] INFO  http.HttpServer2 (HttpServer2.java:addFilter(1025)) - Added filter static_user_filter (class=org.apache.hadoop.http.lib.StaticUserWebFilter$StaticUserFilter) to context logs
2025-09-07 09:44:00,491 [ForkJoinPool-1-worker-1] INFO  http.HttpServer2 (HttpServer2.java:addFilter(1025)) - Added filter static_user_filter (class=org.apache.hadoop.http.lib.StaticUserWebFilter$StaticUserFilter) to context static
2025-09-07 09:44:00,492 [ForkJoinPool-1-worker-1] INFO  http.BaseHttpServer (BaseHttpServer.java:<init>(193)) - HTTP server of hddsDatanode uses base directory /home/runner/work/ozone/ozone/hadoop-ozone/integration-test/target/test-dir/MiniOzoneClusterImpl-023d5a78-e64c-43f3-a4d9-6f7884931d6c/scm/ozone-metadata/webserver
2025-09-07 09:44:00,493 [ForkJoinPool-1-worker-1] INFO  http.HttpServer2 (HttpServer2.java:bindListener(1241)) - Jetty bound to port 15010
2025-09-07 09:44:00,493 [ForkJoinPool-1-worker-1] INFO  server.Server (Server.java:doStart(375)) - jetty-9.4.58.v20250814; built: 2025-08-14T02:28:49.637Z; git: 8f1440587e9e4ae7db3d74cf205643f3d707148d; jvm 21.0.8+9-LTS
2025-09-07 09:44:00,495 [ForkJoinPool-1-worker-1] INFO  server.session (DefaultSessionIdManager.java:doStart(334)) - DefaultSessionIdManager workerName=node0
2025-09-07 09:44:00,495 [ForkJoinPool-1-worker-1] INFO  server.session (DefaultSessionIdManager.java:doStart(339)) - No SessionScavenger set, using defaults
2025-09-07 09:44:00,495 [ForkJoinPool-1-worker-1] INFO  server.session (HouseKeeper.java:startScavenging(132)) - node0 Scavenging every 600000ms
2025-09-07 09:44:00,496 [ForkJoinPool-1-worker-1] INFO  handler.ContextHandler (ContextHandler.java:doStart(921)) - Started o.e.j.s.ServletContextHandler@2c8a858a{logs,/logs,file:///home/runner/work/ozone/ozone/hadoop-ozone/integration-test/target/log,AVAILABLE}
2025-09-07 09:44:00,497 [ForkJoinPool-1-worker-1] INFO  handler.ContextHandler (ContextHandler.java:doStart(921)) - Started o.e.j.s.ServletContextHandler@531daaf7{static,/static,jar:file:/home/runner/work/ozone/ozone/hadoop-hdds/container-service/target/hdds-container-service-2.1.0-SNAPSHOT.jar!/webapps/static,AVAILABLE}
2025-09-07 09:44:00,662 [ForkJoinPool-1-worker-1] INFO  handler.ContextHandler (ContextHandler.java:doStart(921)) - Started o.e.j.w.WebAppContext@4ea18d29{hddsDatanode,/,file:///home/runner/work/ozone/ozone/hadoop-ozone/integration-test/target/test-dir/MiniOzoneClusterImpl-023d5a78-e64c-43f3-a4d9-6f7884931d6c/scm/ozone-metadata/webserver/jetty-0_0_0_0-15010-hdds-container-service-2_1_0-SNAPSHOT_jar-_-any-2110722134583720495/webapp/,AVAILABLE}{jar:file:/home/runner/work/ozone/ozone/hadoop-hdds/container-service/target/hdds-container-service-2.1.0-SNAPSHOT.jar!/webapps/hddsDatanode}
2025-09-07 09:44:00,663 [ForkJoinPool-1-worker-1] INFO  server.AbstractConnector (AbstractConnector.java:doStart(333)) - Started ServerConnector@6c0c1075{HTTP/1.1, (http/1.1)}{0.0.0.0:15010}
2025-09-07 09:44:00,663 [ForkJoinPool-1-worker-1] INFO  server.Server (Server.java:doStart(415)) - Started @11409ms
2025-09-07 09:44:00,663 [ForkJoinPool-1-worker-1] WARN  impl.MetricsSystemImpl (MetricsSystemImpl.java:register(279)) - Sink prometheus already exists!
2025-09-07 09:44:00,663 [ForkJoinPool-1-worker-1] INFO  http.BaseHttpServer (BaseHttpServer.java:updateConnectorAddress(357)) - HTTP server of hddsDatanode listening at http://localhost:15010
2025-09-07 09:44:00,666 [ForkJoinPool-1-worker-1] INFO  ipc.CallQueueManager (CallQueueManager.java:<init>(93)) - Using callQueue: class java.util.concurrent.LinkedBlockingQueue, queueCapacity: 1000, scheduler: class org.apache.hadoop.ipc.DefaultRpcScheduler, ipcBackoff: false, ipcFailOver: false.
2025-09-07 09:44:00,667 [ForkJoinPool-1-worker-1] INFO  ipc.Server (Server.java:<init>(1438)) - Listener at 0.0.0.0:15011
2025-09-07 09:44:00,667 [Socket Reader #1 for port 15011] INFO  ipc.Server (Server.java:run(1474)) - Starting Socket Reader #1 for port 15011
2025-09-07 09:44:00,668 [Socket Reader #2 for port 15011] INFO  ipc.Server (Server.java:run(1474)) - Starting Socket Reader #2 for port 15011
2025-09-07 09:44:00,669 [Socket Reader #3 for port 15011] INFO  ipc.Server (Server.java:run(1474)) - Starting Socket Reader #3 for port 15011
2025-09-07 09:44:00,669 [Socket Reader #4 for port 15011] INFO  ipc.Server (Server.java:run(1474)) - Starting Socket Reader #4 for port 15011
2025-09-07 09:44:00,669 [Socket Reader #5 for port 15011] INFO  ipc.Server (Server.java:run(1474)) - Starting Socket Reader #5 for port 15011
2025-09-07 09:44:00,669 [Socket Reader #6 for port 15011] INFO  ipc.Server (Server.java:run(1474)) - Starting Socket Reader #6 for port 15011
2025-09-07 09:44:00,670 [Socket Reader #7 for port 15011] INFO  ipc.Server (Server.java:run(1474)) - Starting Socket Reader #7 for port 15011
2025-09-07 09:44:00,670 [Socket Reader #8 for port 15011] INFO  ipc.Server (Server.java:run(1474)) - Starting Socket Reader #8 for port 15011
2025-09-07 09:44:00,670 [Socket Reader #9 for port 15011] INFO  ipc.Server (Server.java:run(1474)) - Starting Socket Reader #9 for port 15011
2025-09-07 09:44:00,671 [Socket Reader #10 for port 15011] INFO  ipc.Server (Server.java:run(1474)) - Starting Socket Reader #10 for port 15011
2025-09-07 09:44:00,673 [ForkJoinPool-1-worker-1] INFO  ozone.HddsDatanodeService (HddsDatanodeService.java:start(333)) - Datanode start with admins: [admin, runner]
2025-09-07 09:44:00,673 [ForkJoinPool-1-worker-1] INFO  ozone.HddsDatanodeClientProtocolServer (HddsDatanodeClientProtocolServer.java:start(76)) - RPC server for Client /0.0.0.0:15011
2025-09-07 09:44:00,673 [IPC Server Responder] INFO  ipc.Server (Server.java:run(1713)) - IPC Server Responder: starting
2025-09-07 09:44:00,674 [IPC Server listener on 15011] INFO  ipc.Server (Server.java:run(1553)) - IPC Server listener on 15011: starting
2025-09-07 09:44:00,676 [ForkJoinPool-1-worker-1] WARN  dropwizard3.Dm3MetricRegistriesImpl (Dm3MetricRegistriesImpl.java:addReporterRegistration(114)) - New reporters are added after registries were created. Some metrics will be missing from the reporter. Please add reporter before adding any new registry.
2025-09-07 09:44:00,676 [ForkJoinPool-1-worker-1] WARN  dropwizard3.Dm3MetricRegistriesImpl (Dm3MetricRegistriesImpl.java:addReporterRegistration(114)) - New reporters are added after registries were created. Some metrics will be missing from the reporter. Please add reporter before adding any new registry.
2025-09-07 09:44:00,676 [ForkJoinPool-1-worker-1] INFO  impl.MetricsSystemImpl (MetricsSystemImpl.java:init(158)) - HddsDatanode metrics system started (again)
2025-09-07 09:44:00,679 [ff2509eb-55dd-4ad3-b532-83d6209e1a92-DatanodeStateMachineDaemonThread] INFO  statemachine.DatanodeStateMachine (DatanodeStateMachine.java:startStateMachineThread(347)) - Ozone container server started.
2025-09-07 09:44:00,698 [ForkJoinPool-1-worker-1] INFO  protocol.DatanodeDetails (DatanodeDetails.java:validateDatanodeIpAddress(199)) - Updating IP address of datanode 8500c972-c6d1-4433-9d49-a8e3bb920002(localhost/null) to 127.0.0.1
2025-09-07 09:44:00,698 [ForkJoinPool-1-worker-1] INFO  ozone.HddsDatanodeService (HddsDatanodeService.java:start(236)) - HddsDatanodeService 8500c972-c6d1-4433-9d49-a8e3bb920002(localhost/127.0.0.1)
2025-09-07 09:44:00,701 [ForkJoinPool-1-worker-1] INFO  upgrade.AbstractLayoutVersionManager (AbstractLayoutVersionManager.java:init(80)) - Initializing Layout version manager with metadata layout = WITNESSED_CONTAINER_DB_PROTO_VALUE (version = 9), software layout = WITNESSED_CONTAINER_DB_PROTO_VALUE (version = 9)
2025-09-07 09:44:00,702 [ForkJoinPool-1-worker-1] INFO  statemachine.DatanodeStateMachine (DatanodeStateMachine.java:getEndPointTaskThreadPoolSize(305)) - Datanode State Machine Task Thread Pool size 2
2025-09-07 09:44:00,707 [ForkJoinPool-1-worker-1] INFO  volume.HddsVolume (HddsVolume.java:<init>(162)) - HddsVolume: { id=DS-e9efd171-8ec2-452e-a57b-0cda445f01cf dir=/home/runner/work/ozone/ozone/hadoop-ozone/integration-test/target/test-dir/MiniOzoneClusterImpl-023d5a78-e64c-43f3-a4d9-6f7884931d6c/ozone-metadata/datanode-2/data-0/hdds type=DISK capacity=9222449699674390527 used=0 available=9222449699674390527 minFree=9222450130714624 committed=0 }
2025-09-07 09:44:00,707 [ForkJoinPool-1-worker-1] INFO  volume.MutableVolumeSet (MutableVolumeSet.java:initializeVolumeSet(175)) - Added Volume : /home/runner/work/ozone/ozone/hadoop-ozone/integration-test/target/test-dir/MiniOzoneClusterImpl-023d5a78-e64c-43f3-a4d9-6f7884931d6c/ozone-metadata/datanode-2/data-0/hdds to VolumeSet
2025-09-07 09:44:00,709 [ForkJoinPool-1-worker-1] INFO  volume.MutableVolumeSet (MutableVolumeSet.java:initializeVolumeSet(175)) - Added Volume : /home/runner/work/ozone/ozone/hadoop-ozone/integration-test/target/test-dir/MiniOzoneClusterImpl-023d5a78-e64c-43f3-a4d9-6f7884931d6c/ozone-metadata/datanode-2/ratis to VolumeSet
2025-09-07 09:44:00,710 [ForkJoinPool-1-worker-1] INFO  ozoneimpl.OzoneContainer (HddsVolumeUtil.java:loadAllHddsVolumeDbStore(102)) - Load 1 volumes DbStore cost: 0ms
2025-09-07 09:44:00,711 [ForkJoinPool-1-worker-1] WARN  db.DBStoreBuilder (DBStoreBuilder.java:getDBDirPath(158)) - ozone.scm.datanode.id.dir is not configured. We recommend adding this setting. Falling back to ozone.metadata.dirs instead.
2025-09-07 09:44:00,712 [ForkJoinPool-1-worker-1] WARN  db.DBStoreBuilder (DBStoreBuilder.java:getDBDirPath(158)) - ozone.scm.datanode.id.dir is not configured. We recommend adding this setting. Falling back to ozone.metadata.dirs instead.
2025-09-07 09:44:00,731 [ff2509eb-55dd-4ad3-b532-83d6209e1a92-DatanodeStateMachineTaskThread-0] INFO  datanode.InitDatanodeState (InitDatanodeState.java:persistContainerDatanodeDetails(139)) - DatanodeDetails is persisted to /home/runner/work/ozone/ozone/hadoop-ozone/integration-test/target/test-dir/MiniOzoneClusterImpl-023d5a78-e64c-43f3-a4d9-6f7884931d6c/ozone-metadata/datanode-1/ozone-metadata/datanode.id
2025-09-07 09:44:00,733 [ForkJoinPool-1-worker-1] INFO  impl.FilePerChunkStrategy (FilePerChunkStrategy.java:<init>(79)) - ozone.chunk.read.mapped.buffer.max.count is load with 0
2025-09-07 09:44:00,734 [ForkJoinPool-1-worker-1] INFO  impl.FilePerBlockStrategy (FilePerBlockStrategy.java:<init>(88)) - ozone.chunk.read.mapped.buffer.max.count is load with 0
2025-09-07 09:44:00,736 [ForkJoinPool-1-worker-1] INFO  server.RaftServerConfigKeys (ConfUtils.java:logGet(62)) - raft.server.log.appender.buffer.byte-limit = 33554432 (custom)
2025-09-07 09:44:00,738 [ForkJoinPool-1-worker-1] INFO  grpc.GrpcConfigKeys (ConfUtils.java:logFallback(69)) - raft.grpc.admin.host = null (fallback to raft.grpc.server.host)
2025-09-07 09:44:00,739 [ForkJoinPool-1-worker-1] INFO  grpc.GrpcConfigKeys (ConfUtils.java:logGet(62)) - raft.grpc.admin.port = 15022 (custom)
2025-09-07 09:44:00,739 [ForkJoinPool-1-worker-1] INFO  grpc.GrpcConfigKeys (ConfUtils.java:logFallback(69)) - raft.grpc.client.host = null (fallback to raft.grpc.server.host)
2025-09-07 09:44:00,740 [ForkJoinPool-1-worker-1] INFO  grpc.GrpcConfigKeys (ConfUtils.java:logGet(62)) - raft.grpc.client.port = 15021 (custom)
2025-09-07 09:44:00,740 [ForkJoinPool-1-worker-1] INFO  grpc.GrpcConfigKeys (ConfUtils.java:logGet(62)) - raft.grpc.server.port = 15023 (custom)
2025-09-07 09:44:00,741 [ForkJoinPool-1-worker-1] INFO  server.GrpcServicesImpl (ConfUtils.java:logGet(62)) - raft.grpc.message.size.max = 34603008 (custom)
2025-09-07 09:44:00,741 [ForkJoinPool-1-worker-1] INFO  server.GrpcServicesImpl (ConfUtils.java:logGet(62)) - raft.grpc.flow.control.window = 5MB (=5242880) (custom)
2025-09-07 09:44:00,742 [ForkJoinPool-1-worker-1] INFO  server.RaftServerConfigKeys (ConfUtils.java:logGet(62)) - raft.server.log.appender.buffer.byte-limit = 33554432 (custom)
2025-09-07 09:44:00,744 [ForkJoinPool-1-worker-1] INFO  netty.NettyUtils (NettyUtils.java:newEventLoopGroup(74)) - Create EpollEventLoopGroup for 8500c972-c6d1-4433-9d49-a8e3bb920002-NettyServerStreamRpc-bossGroup; Thread size is 0.
2025-09-07 09:44:00,745 [ForkJoinPool-1-worker-1] INFO  netty.NettyUtils (NettyUtils.java:newEventLoopGroup(74)) - Create EpollEventLoopGroup for 8500c972-c6d1-4433-9d49-a8e3bb920002-NettyServerStreamRpc-workerGroup; Thread size is 0.
2025-09-07 09:44:00,746 [ForkJoinPool-1-worker-1] INFO  netty.NettyConfigKeys$DataStream (ConfUtils.java:logGet(62)) - raft.netty.dataStream.port = 15024 (custom)
2025-09-07 09:44:00,747 [ForkJoinPool-1-worker-1] INFO  server.RaftServerConfigKeys (ConfUtils.java:logGet(62)) - raft.server.storage.dir = [/home/runner/work/ozone/ozone/hadoop-ozone/integration-test/target/test-dir/MiniOzoneClusterImpl-023d5a78-e64c-43f3-a4d9-6f7884931d6c/ozone-metadata/datanode-2/ratis] (custom)
2025-09-07 09:44:00,747 [8500c972-c6d1-4433-9d49-a8e3bb920002-NettyServerStreamRpc-bossGroup--thread1] INFO  logging.LoggingHandler (AbstractInternalLogger.java:log(148)) - [id: 0x9386ff6f] REGISTERED
2025-09-07 09:44:00,748 [8500c972-c6d1-4433-9d49-a8e3bb920002-NettyServerStreamRpc-bossGroup--thread1] INFO  logging.LoggingHandler (AbstractInternalLogger.java:log(148)) - [id: 0x9386ff6f] BIND: 0.0.0.0/0.0.0.0:15024
2025-09-07 09:44:00,748 [8500c972-c6d1-4433-9d49-a8e3bb920002-NettyServerStreamRpc-bossGroup--thread1] INFO  logging.LoggingHandler (AbstractInternalLogger.java:log(148)) - [id: 0x9386ff6f, L:/0.0.0.0:15024] ACTIVE
2025-09-07 09:44:00,748 [8500c972-c6d1-4433-9d49-a8e3bb920002-impl-thread1] INFO  server.RaftServer (RaftServerProxy.java:initGroupDir(270)) - 8500c972-c6d1-4433-9d49-a8e3bb920002: found a subdirectory /home/runner/work/ozone/ozone/hadoop-ozone/integration-test/target/test-dir/MiniOzoneClusterImpl-023d5a78-e64c-43f3-a4d9-6f7884931d6c/ozone-metadata/datanode-2/ratis/tmp
2025-09-07 09:44:00,748 [8500c972-c6d1-4433-9d49-a8e3bb920002-impl-thread1] INFO  server.RaftServer (RaftServerProxy.java:initGroupDir(275)) - 8500c972-c6d1-4433-9d49-a8e3bb920002: The directory /home/runner/work/ozone/ozone/hadoop-ozone/integration-test/target/test-dir/MiniOzoneClusterImpl-023d5a78-e64c-43f3-a4d9-6f7884931d6c/ozone-metadata/datanode-2/ratis/tmp is not a group directory; ignoring it. 
2025-09-07 09:44:00,749 [ForkJoinPool-1-worker-1] INFO  replication.ReplicationServer (ReplicationServer.java:<init>(84)) - Initializing replication server with thread count = 10 queue length = 4096
2025-09-07 09:44:00,750 [ForkJoinPool-1-worker-1] INFO  server.XceiverServerGrpc (XceiverServerGrpc.java:<init>(130)) - GrpcServer channel type EpollServerSocketChannel
2025-09-07 09:44:00,752 [ForkJoinPool-1-worker-1] INFO  replication.ReplicationSupervisor (ReplicationSupervisor.java:build(169)) - Initializing replication supervisor with thread count = 10
2025-09-07 09:44:00,752 [ForkJoinPool-1-worker-1] INFO  replication.ReplicationSupervisor (ReplicationSupervisor.java:nodeStateUpdated(358)) - Node state updated to IN_SERVICE, scaling executor pool size to 10
2025-09-07 09:44:00,755 [ForkJoinPool-1-worker-1] INFO  http.BaseHttpServer (BaseHttpServer.java:newHttpServer2BuilderForOzone(227)) - Starting Web-server for hddsDatanode at: http://0.0.0.0:15018
2025-09-07 09:44:00,755 [ForkJoinPool-1-worker-1] INFO  http.BaseHttpServer (BaseHttpServer.java:<init>(105)) - Hadoop Security Enabled: false Ozone Security Enabled: false Ozone HTTP Security Enabled: false 
2025-09-07 09:44:00,757 [ForkJoinPool-1-worker-1] WARN  server.AuthenticationFilter (AuthenticationFilter.java:constructSecretProvider(240)) - Unable to initialize FileSignerSecretProvider, falling back to use random secrets. Reason: Could not read signature secret file: /home/runner/hadoop-http-auth-signature-secret
2025-09-07 09:44:00,759 [ForkJoinPool-1-worker-1] INFO  http.HttpServer2 (HttpServer2.java:addGlobalFilter(1041)) - Added global filter 'safety' (class=org.apache.hadoop.hdds.server.http.HttpServer2$QuotingInputFilter)
2025-09-07 09:44:00,760 [ForkJoinPool-1-worker-1] INFO  http.HttpServer2 (HttpServer2.java:addFilter(1017)) - Added filter static_user_filter (class=org.apache.hadoop.http.lib.StaticUserWebFilter$StaticUserFilter) to context hddsDatanode
2025-09-07 09:44:00,760 [ForkJoinPool-1-worker-1] INFO  http.HttpServer2 (HttpServer2.java:addFilter(1025)) - Added filter static_user_filter (class=org.apache.hadoop.http.lib.StaticUserWebFilter$StaticUserFilter) to context logs
2025-09-07 09:44:00,761 [ForkJoinPool-1-worker-1] INFO  http.HttpServer2 (HttpServer2.java:addFilter(1025)) - Added filter static_user_filter (class=org.apache.hadoop.http.lib.StaticUserWebFilter$StaticUserFilter) to context static
2025-09-07 09:44:00,761 [ForkJoinPool-1-worker-1] INFO  http.BaseHttpServer (BaseHttpServer.java:<init>(193)) - HTTP server of hddsDatanode uses base directory /home/runner/work/ozone/ozone/hadoop-ozone/integration-test/target/test-dir/MiniOzoneClusterImpl-023d5a78-e64c-43f3-a4d9-6f7884931d6c/scm/ozone-metadata/webserver
2025-09-07 09:44:00,761 [ForkJoinPool-1-worker-1] INFO  http.HttpServer2 (HttpServer2.java:bindListener(1241)) - Jetty bound to port 15018
2025-09-07 09:44:00,762 [ForkJoinPool-1-worker-1] INFO  server.Server (Server.java:doStart(375)) - jetty-9.4.58.v20250814; built: 2025-08-14T02:28:49.637Z; git: 8f1440587e9e4ae7db3d74cf205643f3d707148d; jvm 21.0.8+9-LTS
2025-09-07 09:44:00,763 [ForkJoinPool-1-worker-1] INFO  server.session (DefaultSessionIdManager.java:doStart(334)) - DefaultSessionIdManager workerName=node0
2025-09-07 09:44:00,763 [ForkJoinPool-1-worker-1] INFO  server.session (DefaultSessionIdManager.java:doStart(339)) - No SessionScavenger set, using defaults
2025-09-07 09:44:00,763 [ForkJoinPool-1-worker-1] INFO  server.session (HouseKeeper.java:startScavenging(132)) - node0 Scavenging every 600000ms
2025-09-07 09:44:00,764 [ForkJoinPool-1-worker-1] INFO  handler.ContextHandler (ContextHandler.java:doStart(921)) - Started o.e.j.s.ServletContextHandler@5929e65f{logs,/logs,file:///home/runner/work/ozone/ozone/hadoop-ozone/integration-test/target/log,AVAILABLE}
2025-09-07 09:44:00,764 [ForkJoinPool-1-worker-1] INFO  handler.ContextHandler (ContextHandler.java:doStart(921)) - Started o.e.j.s.ServletContextHandler@668398{static,/static,jar:file:/home/runner/work/ozone/ozone/hadoop-hdds/container-service/target/hdds-container-service-2.1.0-SNAPSHOT.jar!/webapps/static,AVAILABLE}
2025-09-07 09:44:00,921 [ForkJoinPool-1-worker-1] INFO  handler.ContextHandler (ContextHandler.java:doStart(921)) - Started o.e.j.w.WebAppContext@3c6cb358{hddsDatanode,/,file:///home/runner/work/ozone/ozone/hadoop-ozone/integration-test/target/test-dir/MiniOzoneClusterImpl-023d5a78-e64c-43f3-a4d9-6f7884931d6c/scm/ozone-metadata/webserver/jetty-0_0_0_0-15018-hdds-container-service-2_1_0-SNAPSHOT_jar-_-any-10804192114781256772/webapp/,AVAILABLE}{jar:file:/home/runner/work/ozone/ozone/hadoop-hdds/container-service/target/hdds-container-service-2.1.0-SNAPSHOT.jar!/webapps/hddsDatanode}
2025-09-07 09:44:00,922 [ForkJoinPool-1-worker-1] INFO  server.AbstractConnector (AbstractConnector.java:doStart(333)) - Started ServerConnector@580047c2{HTTP/1.1, (http/1.1)}{0.0.0.0:15018}
2025-09-07 09:44:00,922 [ForkJoinPool-1-worker-1] INFO  server.Server (Server.java:doStart(415)) - Started @11668ms
2025-09-07 09:44:00,922 [ForkJoinPool-1-worker-1] WARN  impl.MetricsSystemImpl (MetricsSystemImpl.java:register(279)) - Sink prometheus already exists!
2025-09-07 09:44:00,922 [ForkJoinPool-1-worker-1] INFO  http.BaseHttpServer (BaseHttpServer.java:updateConnectorAddress(357)) - HTTP server of hddsDatanode listening at http://localhost:15018
2025-09-07 09:44:00,923 [ForkJoinPool-1-worker-1] INFO  ipc.CallQueueManager (CallQueueManager.java:<init>(93)) - Using callQueue: class java.util.concurrent.LinkedBlockingQueue, queueCapacity: 1000, scheduler: class org.apache.hadoop.ipc.DefaultRpcScheduler, ipcBackoff: false, ipcFailOver: false.
2025-09-07 09:44:00,923 [ForkJoinPool-1-worker-1] INFO  ipc.Server (Server.java:<init>(1438)) - Listener at 0.0.0.0:15019
2025-09-07 09:44:00,924 [Socket Reader #1 for port 15019] INFO  ipc.Server (Server.java:run(1474)) - Starting Socket Reader #1 for port 15019
2025-09-07 09:44:00,924 [Socket Reader #2 for port 15019] INFO  ipc.Server (Server.java:run(1474)) - Starting Socket Reader #2 for port 15019
2025-09-07 09:44:00,924 [Socket Reader #3 for port 15019] INFO  ipc.Server (Server.java:run(1474)) - Starting Socket Reader #3 for port 15019
2025-09-07 09:44:00,924 [Socket Reader #4 for port 15019] INFO  ipc.Server (Server.java:run(1474)) - Starting Socket Reader #4 for port 15019
2025-09-07 09:44:00,925 [Socket Reader #5 for port 15019] INFO  ipc.Server (Server.java:run(1474)) - Starting Socket Reader #5 for port 15019
2025-09-07 09:44:00,925 [Socket Reader #6 for port 15019] INFO  ipc.Server (Server.java:run(1474)) - Starting Socket Reader #6 for port 15019
2025-09-07 09:44:00,925 [Socket Reader #7 for port 15019] INFO  ipc.Server (Server.java:run(1474)) - Starting Socket Reader #7 for port 15019
2025-09-07 09:44:00,925 [Socket Reader #8 for port 15019] INFO  ipc.Server (Server.java:run(1474)) - Starting Socket Reader #8 for port 15019
2025-09-07 09:44:00,925 [Socket Reader #9 for port 15019] INFO  ipc.Server (Server.java:run(1474)) - Starting Socket Reader #9 for port 15019
2025-09-07 09:44:00,926 [Socket Reader #10 for port 15019] INFO  ipc.Server (Server.java:run(1474)) - Starting Socket Reader #10 for port 15019
2025-09-07 09:44:00,928 [ForkJoinPool-1-worker-1] INFO  ozone.HddsDatanodeService (HddsDatanodeService.java:start(333)) - Datanode start with admins: [admin, runner]
2025-09-07 09:44:00,928 [ForkJoinPool-1-worker-1] INFO  ozone.HddsDatanodeClientProtocolServer (HddsDatanodeClientProtocolServer.java:start(76)) - RPC server for Client /0.0.0.0:15019
2025-09-07 09:44:00,929 [IPC Server Responder] INFO  ipc.Server (Server.java:run(1713)) - IPC Server Responder: starting
2025-09-07 09:44:00,929 [IPC Server listener on 15019] INFO  ipc.Server (Server.java:run(1553)) - IPC Server listener on 15019: starting
2025-09-07 09:44:00,930 [ForkJoinPool-1-worker-1] WARN  dropwizard3.Dm3MetricRegistriesImpl (Dm3MetricRegistriesImpl.java:addReporterRegistration(114)) - New reporters are added after registries were created. Some metrics will be missing from the reporter. Please add reporter before adding any new registry.
2025-09-07 09:44:00,930 [ForkJoinPool-1-worker-1] WARN  dropwizard3.Dm3MetricRegistriesImpl (Dm3MetricRegistriesImpl.java:addReporterRegistration(114)) - New reporters are added after registries were created. Some metrics will be missing from the reporter. Please add reporter before adding any new registry.
2025-09-07 09:44:00,931 [ForkJoinPool-1-worker-1] INFO  impl.MetricsSystemImpl (MetricsSystemImpl.java:init(158)) - HddsDatanode metrics system started (again)
2025-09-07 09:44:00,932 [8500c972-c6d1-4433-9d49-a8e3bb920002-DatanodeStateMachineDaemonThread] INFO  statemachine.DatanodeStateMachine (DatanodeStateMachine.java:startStateMachineThread(347)) - Ozone container server started.
2025-09-07 09:44:00,937 [8500c972-c6d1-4433-9d49-a8e3bb920002-DatanodeStateMachineTaskThread-0] INFO  datanode.InitDatanodeState (InitDatanodeState.java:persistContainerDatanodeDetails(139)) - DatanodeDetails is persisted to /home/runner/work/ozone/ozone/hadoop-ozone/integration-test/target/test-dir/MiniOzoneClusterImpl-023d5a78-e64c-43f3-a4d9-6f7884931d6c/ozone-metadata/datanode-2/ozone-metadata/datanode.id
2025-09-07 09:44:00,948 [ForkJoinPool-1-worker-1] INFO  protocol.DatanodeDetails (DatanodeDetails.java:validateDatanodeIpAddress(199)) - Updating IP address of datanode 95d41743-cdf0-4105-938b-93fe980aeffc(localhost/null) to 127.0.0.1
2025-09-07 09:44:00,949 [ForkJoinPool-1-worker-1] INFO  ozone.HddsDatanodeService (HddsDatanodeService.java:start(236)) - HddsDatanodeService 95d41743-cdf0-4105-938b-93fe980aeffc(localhost/127.0.0.1)
2025-09-07 09:44:00,951 [ForkJoinPool-1-worker-1] INFO  upgrade.AbstractLayoutVersionManager (AbstractLayoutVersionManager.java:init(80)) - Initializing Layout version manager with metadata layout = WITNESSED_CONTAINER_DB_PROTO_VALUE (version = 9), software layout = WITNESSED_CONTAINER_DB_PROTO_VALUE (version = 9)
2025-09-07 09:44:00,952 [ForkJoinPool-1-worker-1] INFO  statemachine.DatanodeStateMachine (DatanodeStateMachine.java:getEndPointTaskThreadPoolSize(305)) - Datanode State Machine Task Thread Pool size 2
2025-09-07 09:44:00,957 [ForkJoinPool-1-worker-1] INFO  volume.HddsVolume (HddsVolume.java:<init>(162)) - HddsVolume: { id=DS-5aa14831-b237-492a-a9cd-ba116113bdce dir=/home/runner/work/ozone/ozone/hadoop-ozone/integration-test/target/test-dir/MiniOzoneClusterImpl-023d5a78-e64c-43f3-a4d9-6f7884931d6c/ozone-metadata/datanode-3/data-0/hdds type=DISK capacity=9222449699674390527 used=0 available=9222449699674390527 minFree=9222450130714624 committed=0 }
2025-09-07 09:44:00,957 [ForkJoinPool-1-worker-1] INFO  volume.MutableVolumeSet (MutableVolumeSet.java:initializeVolumeSet(175)) - Added Volume : /home/runner/work/ozone/ozone/hadoop-ozone/integration-test/target/test-dir/MiniOzoneClusterImpl-023d5a78-e64c-43f3-a4d9-6f7884931d6c/ozone-metadata/datanode-3/data-0/hdds to VolumeSet
2025-09-07 09:44:00,959 [ForkJoinPool-1-worker-1] INFO  volume.MutableVolumeSet (MutableVolumeSet.java:initializeVolumeSet(175)) - Added Volume : /home/runner/work/ozone/ozone/hadoop-ozone/integration-test/target/test-dir/MiniOzoneClusterImpl-023d5a78-e64c-43f3-a4d9-6f7884931d6c/ozone-metadata/datanode-3/ratis to VolumeSet
2025-09-07 09:44:00,960 [ForkJoinPool-1-worker-1] INFO  ozoneimpl.OzoneContainer (HddsVolumeUtil.java:loadAllHddsVolumeDbStore(102)) - Load 1 volumes DbStore cost: 0ms
2025-09-07 09:44:00,960 [ForkJoinPool-1-worker-1] WARN  db.DBStoreBuilder (DBStoreBuilder.java:getDBDirPath(158)) - ozone.scm.datanode.id.dir is not configured. We recommend adding this setting. Falling back to ozone.metadata.dirs instead.
2025-09-07 09:44:00,961 [ForkJoinPool-1-worker-1] WARN  db.DBStoreBuilder (DBStoreBuilder.java:getDBDirPath(158)) - ozone.scm.datanode.id.dir is not configured. We recommend adding this setting. Falling back to ozone.metadata.dirs instead.
2025-09-07 09:44:00,978 [ForkJoinPool-1-worker-1] INFO  impl.FilePerChunkStrategy (FilePerChunkStrategy.java:<init>(79)) - ozone.chunk.read.mapped.buffer.max.count is load with 0
2025-09-07 09:44:00,979 [ForkJoinPool-1-worker-1] INFO  impl.FilePerBlockStrategy (FilePerBlockStrategy.java:<init>(88)) - ozone.chunk.read.mapped.buffer.max.count is load with 0
2025-09-07 09:44:00,980 [ForkJoinPool-1-worker-1] INFO  server.RaftServerConfigKeys (ConfUtils.java:logGet(62)) - raft.server.log.appender.buffer.byte-limit = 33554432 (custom)
2025-09-07 09:44:00,982 [ForkJoinPool-1-worker-1] INFO  grpc.GrpcConfigKeys (ConfUtils.java:logFallback(69)) - raft.grpc.admin.host = null (fallback to raft.grpc.server.host)
2025-09-07 09:44:00,982 [ForkJoinPool-1-worker-1] INFO  grpc.GrpcConfigKeys (ConfUtils.java:logGet(62)) - raft.grpc.admin.port = 15030 (custom)
2025-09-07 09:44:00,982 [ForkJoinPool-1-worker-1] INFO  grpc.GrpcConfigKeys (ConfUtils.java:logFallback(69)) - raft.grpc.client.host = null (fallback to raft.grpc.server.host)
2025-09-07 09:44:00,982 [ForkJoinPool-1-worker-1] INFO  grpc.GrpcConfigKeys (ConfUtils.java:logGet(62)) - raft.grpc.client.port = 15029 (custom)
2025-09-07 09:44:00,982 [ForkJoinPool-1-worker-1] INFO  grpc.GrpcConfigKeys (ConfUtils.java:logGet(62)) - raft.grpc.server.port = 15031 (custom)
2025-09-07 09:44:00,982 [ForkJoinPool-1-worker-1] INFO  server.GrpcServicesImpl (ConfUtils.java:logGet(62)) - raft.grpc.message.size.max = 34603008 (custom)
2025-09-07 09:44:00,983 [ForkJoinPool-1-worker-1] INFO  server.GrpcServicesImpl (ConfUtils.java:logGet(62)) - raft.grpc.flow.control.window = 5MB (=5242880) (custom)
2025-09-07 09:44:00,983 [ForkJoinPool-1-worker-1] INFO  server.RaftServerConfigKeys (ConfUtils.java:logGet(62)) - raft.server.log.appender.buffer.byte-limit = 33554432 (custom)
2025-09-07 09:44:00,985 [ForkJoinPool-1-worker-1] INFO  netty.NettyUtils (NettyUtils.java:newEventLoopGroup(74)) - Create EpollEventLoopGroup for 95d41743-cdf0-4105-938b-93fe980aeffc-NettyServerStreamRpc-bossGroup; Thread size is 0.
2025-09-07 09:44:00,986 [ForkJoinPool-1-worker-1] INFO  netty.NettyUtils (NettyUtils.java:newEventLoopGroup(74)) - Create EpollEventLoopGroup for 95d41743-cdf0-4105-938b-93fe980aeffc-NettyServerStreamRpc-workerGroup; Thread size is 0.
2025-09-07 09:44:00,986 [ForkJoinPool-1-worker-1] INFO  netty.NettyConfigKeys$DataStream (ConfUtils.java:logGet(62)) - raft.netty.dataStream.port = 15032 (custom)
2025-09-07 09:44:00,987 [ForkJoinPool-1-worker-1] INFO  server.RaftServerConfigKeys (ConfUtils.java:logGet(62)) - raft.server.storage.dir = [/home/runner/work/ozone/ozone/hadoop-ozone/integration-test/target/test-dir/MiniOzoneClusterImpl-023d5a78-e64c-43f3-a4d9-6f7884931d6c/ozone-metadata/datanode-3/ratis] (custom)
2025-09-07 09:44:00,987 [95d41743-cdf0-4105-938b-93fe980aeffc-NettyServerStreamRpc-bossGroup--thread1] INFO  logging.LoggingHandler (AbstractInternalLogger.java:log(148)) - [id: 0x27c5f5dd] REGISTERED
2025-09-07 09:44:00,987 [95d41743-cdf0-4105-938b-93fe980aeffc-NettyServerStreamRpc-bossGroup--thread1] INFO  logging.LoggingHandler (AbstractInternalLogger.java:log(148)) - [id: 0x27c5f5dd] BIND: 0.0.0.0/0.0.0.0:15032
2025-09-07 09:44:00,987 [95d41743-cdf0-4105-938b-93fe980aeffc-NettyServerStreamRpc-bossGroup--thread1] INFO  logging.LoggingHandler (AbstractInternalLogger.java:log(148)) - [id: 0x27c5f5dd, L:/0.0.0.0:15032] ACTIVE
2025-09-07 09:44:00,987 [95d41743-cdf0-4105-938b-93fe980aeffc-impl-thread1] INFO  server.RaftServer (RaftServerProxy.java:initGroupDir(270)) - 95d41743-cdf0-4105-938b-93fe980aeffc: found a subdirectory /home/runner/work/ozone/ozone/hadoop-ozone/integration-test/target/test-dir/MiniOzoneClusterImpl-023d5a78-e64c-43f3-a4d9-6f7884931d6c/ozone-metadata/datanode-3/ratis/tmp
2025-09-07 09:44:00,988 [95d41743-cdf0-4105-938b-93fe980aeffc-impl-thread1] INFO  server.RaftServer (RaftServerProxy.java:initGroupDir(275)) - 95d41743-cdf0-4105-938b-93fe980aeffc: The directory /home/runner/work/ozone/ozone/hadoop-ozone/integration-test/target/test-dir/MiniOzoneClusterImpl-023d5a78-e64c-43f3-a4d9-6f7884931d6c/ozone-metadata/datanode-3/ratis/tmp is not a group directory; ignoring it. 
2025-09-07 09:44:00,988 [ForkJoinPool-1-worker-1] INFO  replication.ReplicationServer (ReplicationServer.java:<init>(84)) - Initializing replication server with thread count = 10 queue length = 4096
2025-09-07 09:44:00,989 [ForkJoinPool-1-worker-1] INFO  server.XceiverServerGrpc (XceiverServerGrpc.java:<init>(130)) - GrpcServer channel type EpollServerSocketChannel
2025-09-07 09:44:00,991 [ForkJoinPool-1-worker-1] INFO  replication.ReplicationSupervisor (ReplicationSupervisor.java:build(169)) - Initializing replication supervisor with thread count = 10
2025-09-07 09:44:00,991 [ForkJoinPool-1-worker-1] INFO  replication.ReplicationSupervisor (ReplicationSupervisor.java:nodeStateUpdated(358)) - Node state updated to IN_SERVICE, scaling executor pool size to 10
2025-09-07 09:44:00,997 [ForkJoinPool-1-worker-1] INFO  http.BaseHttpServer (BaseHttpServer.java:newHttpServer2BuilderForOzone(227)) - Starting Web-server for hddsDatanode at: http://0.0.0.0:15026
2025-09-07 09:44:00,997 [ForkJoinPool-1-worker-1] INFO  http.BaseHttpServer (BaseHttpServer.java:<init>(105)) - Hadoop Security Enabled: false Ozone Security Enabled: false Ozone HTTP Security Enabled: false 
2025-09-07 09:44:01,000 [ForkJoinPool-1-worker-1] WARN  server.AuthenticationFilter (AuthenticationFilter.java:constructSecretProvider(240)) - Unable to initialize FileSignerSecretProvider, falling back to use random secrets. Reason: Could not read signature secret file: /home/runner/hadoop-http-auth-signature-secret
2025-09-07 09:44:01,003 [ForkJoinPool-1-worker-1] INFO  http.HttpServer2 (HttpServer2.java:addGlobalFilter(1041)) - Added global filter 'safety' (class=org.apache.hadoop.hdds.server.http.HttpServer2$QuotingInputFilter)
2025-09-07 09:44:01,005 [ForkJoinPool-1-worker-1] INFO  http.HttpServer2 (HttpServer2.java:addFilter(1017)) - Added filter static_user_filter (class=org.apache.hadoop.http.lib.StaticUserWebFilter$StaticUserFilter) to context hddsDatanode
2025-09-07 09:44:01,005 [ForkJoinPool-1-worker-1] INFO  http.HttpServer2 (HttpServer2.java:addFilter(1025)) - Added filter static_user_filter (class=org.apache.hadoop.http.lib.StaticUserWebFilter$StaticUserFilter) to context static
2025-09-07 09:44:01,005 [ForkJoinPool-1-worker-1] INFO  http.HttpServer2 (HttpServer2.java:addFilter(1025)) - Added filter static_user_filter (class=org.apache.hadoop.http.lib.StaticUserWebFilter$StaticUserFilter) to context logs
2025-09-07 09:44:01,006 [ForkJoinPool-1-worker-1] INFO  http.BaseHttpServer (BaseHttpServer.java:<init>(193)) - HTTP server of hddsDatanode uses base directory /home/runner/work/ozone/ozone/hadoop-ozone/integration-test/target/test-dir/MiniOzoneClusterImpl-023d5a78-e64c-43f3-a4d9-6f7884931d6c/scm/ozone-metadata/webserver
2025-09-07 09:44:01,006 [ForkJoinPool-1-worker-1] INFO  http.HttpServer2 (HttpServer2.java:bindListener(1241)) - Jetty bound to port 15026
2025-09-07 09:44:01,006 [ForkJoinPool-1-worker-1] INFO  server.Server (Server.java:doStart(375)) - jetty-9.4.58.v20250814; built: 2025-08-14T02:28:49.637Z; git: 8f1440587e9e4ae7db3d74cf205643f3d707148d; jvm 21.0.8+9-LTS
2025-09-07 09:44:01,008 [ForkJoinPool-1-worker-1] INFO  server.session (DefaultSessionIdManager.java:doStart(334)) - DefaultSessionIdManager workerName=node0
2025-09-07 09:44:01,008 [ForkJoinPool-1-worker-1] INFO  server.session (DefaultSessionIdManager.java:doStart(339)) - No SessionScavenger set, using defaults
2025-09-07 09:44:01,009 [ForkJoinPool-1-worker-1] INFO  server.session (HouseKeeper.java:startScavenging(132)) - node0 Scavenging every 600000ms
2025-09-07 09:44:01,010 [ForkJoinPool-1-worker-1] INFO  handler.ContextHandler (ContextHandler.java:doStart(921)) - Started o.e.j.s.ServletContextHandler@4c7a93f1{logs,/logs,file:///home/runner/work/ozone/ozone/hadoop-ozone/integration-test/target/log,AVAILABLE}
2025-09-07 09:44:01,010 [ForkJoinPool-1-worker-1] INFO  handler.ContextHandler (ContextHandler.java:doStart(921)) - Started o.e.j.s.ServletContextHandler@60e77061{static,/static,jar:file:/home/runner/work/ozone/ozone/hadoop-hdds/container-service/target/hdds-container-service-2.1.0-SNAPSHOT.jar!/webapps/static,AVAILABLE}
2025-09-07 09:44:01,035 [om1@group-C5BA1605619E-FollowerState] INFO  impl.FollowerState (FollowerState.java:runImpl(161)) - om1@group-C5BA1605619E-FollowerState: change to CANDIDATE, lastRpcElapsedTime:1045435115ns, electionTimeout:1044ms
2025-09-07 09:44:01,035 [om1@group-C5BA1605619E-FollowerState] INFO  impl.RoleInfo (RoleInfo.java:shutdownFollowerState(121)) - om1: shutdown om1@group-C5BA1605619E-FollowerState
2025-09-07 09:44:01,035 [om1@group-C5BA1605619E-FollowerState] INFO  server.RaftServer$Division (RaftServerImpl.java:setRole(392)) - om1@group-C5BA1605619E: changes role from  FOLLOWER to CANDIDATE at term 0 for changeToCandidate
2025-09-07 09:44:01,036 [om1@group-C5BA1605619E-FollowerState] INFO  impl.RoleInfo (RoleInfo.java:updateAndGet(148)) - om1: start om1@group-C5BA1605619E-LeaderElection3
2025-09-07 09:44:01,036 [om1@group-C5BA1605619E-LeaderElection3] INFO  impl.LeaderElection (LeaderElection.java:askForVotes(448)) - om1@group-C5BA1605619E-LeaderElection3 PRE_VOTE round 0: submit vote requests at term 0 for conf: {index: -1, cur=peers:[om1|localhost:15009]|listeners:[], old=null}
2025-09-07 09:44:01,037 [om1@group-C5BA1605619E-LeaderElection3] INFO  impl.LeaderElection (LeaderElection.java:askForVotes(450)) - om1@group-C5BA1605619E-LeaderElection3 PRE_VOTE round 0: result PASSED (term=0)
2025-09-07 09:44:01,040 [om1@group-C5BA1605619E-LeaderElection3] INFO  impl.LeaderElection (LeaderElection.java:askForVotes(448)) - om1@group-C5BA1605619E-LeaderElection3 ELECTION round 0: submit vote requests at term 1 for conf: {index: -1, cur=peers:[om1|localhost:15009]|listeners:[], old=null}
2025-09-07 09:44:01,040 [om1@group-C5BA1605619E-LeaderElection3] INFO  impl.LeaderElection (LeaderElection.java:askForVotes(450)) - om1@group-C5BA1605619E-LeaderElection3 ELECTION round 0: result PASSED (term=1)
2025-09-07 09:44:01,040 [om1@group-C5BA1605619E-LeaderElection3] INFO  impl.RoleInfo (RoleInfo.java:shutdownLeaderElection(141)) - om1: shutdown om1@group-C5BA1605619E-LeaderElection3
2025-09-07 09:44:01,040 [om1@group-C5BA1605619E-LeaderElection3] INFO  server.RaftServer$Division (RaftServerImpl.java:setRole(392)) - om1@group-C5BA1605619E: changes role from CANDIDATE to LEADER at term 1 for changeToLeader
2025-09-07 09:44:01,041 [om1@group-C5BA1605619E-LeaderElection3] INFO  server.RaftServerConfigKeys (ConfUtils.java:logFallback(69)) - raft.server.staging.timeout = 3600ms (fallback to raft.server.rpc.timeout.max)
2025-09-07 09:44:01,041 [om1@group-C5BA1605619E-LeaderElection3] INFO  server.RaftServerConfigKeys (ConfUtils.java:logGet(62)) - raft.server.write.byte-limit = 67108864 (custom)
2025-09-07 09:44:01,043 [om1@group-C5BA1605619E-LeaderElection3] INFO  impl.RoleInfo (RoleInfo.java:updateAndGet(148)) - om1: start om1@group-C5BA1605619E-LeaderStateImpl
2025-09-07 09:44:01,043 [om1@group-C5BA1605619E-LeaderElection3] INFO  server.RaftServer$Division (RaftServerImpl.java:setFirstElection(576)) - om1@group-C5BA1605619E: set firstElectionSinceStartup to false for becomeLeader
2025-09-07 09:44:01,045 [om1@group-C5BA1605619E-LeaderElection3] INFO  ratis.OzoneManagerStateMachine (OzoneManagerStateMachine.java:notifyLeaderChanged(174)) - om1@group-C5BA1605619E: leader changed to om1
2025-09-07 09:44:01,045 [om1@group-C5BA1605619E-LeaderElection3] INFO  server.RaftServer$Division (ServerState.java:setLeader(272)) - om1@group-C5BA1605619E: change Leader from null to om1 at term 1 for becomeLeader, leader elected after 2114ms
2025-09-07 09:44:01,046 [om1@group-C5BA1605619E-LeaderElection3] INFO  segmented.SegmentedRaftLogWorker (SegmentedRaftLogWorker.java:startLogSegment(440)) - om1@group-C5BA1605619E-SegmentedRaftLogWorker: Starting segment from index:0
2025-09-07 09:44:01,047 [om1@group-C5BA1605619E-SegmentedRaftLogWorker] INFO  segmented.BufferedWriteChannel (BufferedWriteChannel.java:open(61)) - open log_inprogress_0 at position 0
2025-09-07 09:44:01,051 [om1@group-C5BA1605619E-LeaderElection3] INFO  server.RaftServer$Division (ServerState.java:setRaftConf(386)) - om1@group-C5BA1605619E: set configuration conf: {index: 0, cur=peers:[om1|localhost:15009]|listeners:[], old=null}
2025-09-07 09:44:01,058 [om1@group-C5BA1605619E-SegmentedRaftLogWorker] INFO  segmented.SegmentedRaftLogWorker (SegmentedRaftLogWorker.java:execute(647)) - om1@group-C5BA1605619E-SegmentedRaftLogWorker: created new log segment /home/runner/work/ozone/ozone/hadoop-ozone/integration-test/target/test-dir/MiniOzoneClusterImpl-023d5a78-e64c-43f3-a4d9-6f7884931d6c/om/ratis/bf265839-605b-3f16-9796-c5ba1605619e/current/log_inprogress_0
2025-09-07 09:44:01,068 [om1@group-C5BA1605619E-StateMachineUpdater] INFO  ratis.OzoneManagerStateMachine (OzoneManagerStateMachine.java:notifyConfigurationChanged(243)) - notifyConfigurationChanged from Ratis: term=1, index=0, New Peer list: om1(localhost:15009), New Listener list
2025-09-07 09:44:01,069 [om1@group-C5BA1605619E-StateMachineUpdater] INFO  server.RaftServer$Division (LeaderStateImpl.java:checkStartIndex(309)) - Leader om1@group-C5BA1605619E-LeaderStateImpl is ready since appliedIndex == startIndex == 0
2025-09-07 09:44:01,201 [ForkJoinPool-1-worker-1] INFO  handler.ContextHandler (ContextHandler.java:doStart(921)) - Started o.e.j.w.WebAppContext@268333b6{hddsDatanode,/,file:///home/runner/work/ozone/ozone/hadoop-ozone/integration-test/target/test-dir/MiniOzoneClusterImpl-023d5a78-e64c-43f3-a4d9-6f7884931d6c/scm/ozone-metadata/webserver/jetty-0_0_0_0-15026-hdds-container-service-2_1_0-SNAPSHOT_jar-_-any-2092138654664647644/webapp/,AVAILABLE}{jar:file:/home/runner/work/ozone/ozone/hadoop-hdds/container-service/target/hdds-container-service-2.1.0-SNAPSHOT.jar!/webapps/hddsDatanode}
2025-09-07 09:44:01,202 [ForkJoinPool-1-worker-1] INFO  server.AbstractConnector (AbstractConnector.java:doStart(333)) - Started ServerConnector@5cb18c41{HTTP/1.1, (http/1.1)}{0.0.0.0:15026}
2025-09-07 09:44:01,202 [ForkJoinPool-1-worker-1] INFO  server.Server (Server.java:doStart(415)) - Started @11948ms
2025-09-07 09:44:01,202 [ForkJoinPool-1-worker-1] WARN  impl.MetricsSystemImpl (MetricsSystemImpl.java:register(279)) - Sink prometheus already exists!
2025-09-07 09:44:01,202 [ForkJoinPool-1-worker-1] INFO  http.BaseHttpServer (BaseHttpServer.java:updateConnectorAddress(357)) - HTTP server of hddsDatanode listening at http://localhost:15026
2025-09-07 09:44:01,203 [ForkJoinPool-1-worker-1] INFO  ipc.CallQueueManager (CallQueueManager.java:<init>(93)) - Using callQueue: class java.util.concurrent.LinkedBlockingQueue, queueCapacity: 1000, scheduler: class org.apache.hadoop.ipc.DefaultRpcScheduler, ipcBackoff: false, ipcFailOver: false.
2025-09-07 09:44:01,203 [ForkJoinPool-1-worker-1] INFO  ipc.Server (Server.java:<init>(1438)) - Listener at 0.0.0.0:15027
2025-09-07 09:44:01,204 [Socket Reader #1 for port 15027] INFO  ipc.Server (Server.java:run(1474)) - Starting Socket Reader #1 for port 15027
2025-09-07 09:44:01,205 [Socket Reader #2 for port 15027] INFO  ipc.Server (Server.java:run(1474)) - Starting Socket Reader #2 for port 15027
2025-09-07 09:44:01,205 [Socket Reader #3 for port 15027] INFO  ipc.Server (Server.java:run(1474)) - Starting Socket Reader #3 for port 15027
2025-09-07 09:44:01,206 [Socket Reader #4 for port 15027] INFO  ipc.Server (Server.java:run(1474)) - Starting Socket Reader #4 for port 15027
2025-09-07 09:44:01,206 [Socket Reader #5 for port 15027] INFO  ipc.Server (Server.java:run(1474)) - Starting Socket Reader #5 for port 15027
2025-09-07 09:44:01,207 [Socket Reader #6 for port 15027] INFO  ipc.Server (Server.java:run(1474)) - Starting Socket Reader #6 for port 15027
2025-09-07 09:44:01,208 [Socket Reader #7 for port 15027] INFO  ipc.Server (Server.java:run(1474)) - Starting Socket Reader #7 for port 15027
2025-09-07 09:44:01,209 [Socket Reader #8 for port 15027] INFO  ipc.Server (Server.java:run(1474)) - Starting Socket Reader #8 for port 15027
2025-09-07 09:44:01,209 [Socket Reader #9 for port 15027] INFO  ipc.Server (Server.java:run(1474)) - Starting Socket Reader #9 for port 15027
2025-09-07 09:44:01,210 [Socket Reader #10 for port 15027] INFO  ipc.Server (Server.java:run(1474)) - Starting Socket Reader #10 for port 15027
2025-09-07 09:44:01,213 [ForkJoinPool-1-worker-1] INFO  ozone.HddsDatanodeService (HddsDatanodeService.java:start(333)) - Datanode start with admins: [admin, runner]
2025-09-07 09:44:01,214 [ForkJoinPool-1-worker-1] INFO  ozone.HddsDatanodeClientProtocolServer (HddsDatanodeClientProtocolServer.java:start(76)) - RPC server for Client /0.0.0.0:15027
2025-09-07 09:44:01,216 [IPC Server Responder] INFO  ipc.Server (Server.java:run(1713)) - IPC Server Responder: starting
2025-09-07 09:44:01,216 [IPC Server listener on 15027] INFO  ipc.Server (Server.java:run(1553)) - IPC Server listener on 15027: starting
2025-09-07 09:44:01,220 [ForkJoinPool-1-worker-1] WARN  dropwizard3.Dm3MetricRegistriesImpl (Dm3MetricRegistriesImpl.java:addReporterRegistration(114)) - New reporters are added after registries were created. Some metrics will be missing from the reporter. Please add reporter before adding any new registry.
2025-09-07 09:44:01,220 [ForkJoinPool-1-worker-1] WARN  dropwizard3.Dm3MetricRegistriesImpl (Dm3MetricRegistriesImpl.java:addReporterRegistration(114)) - New reporters are added after registries were created. Some metrics will be missing from the reporter. Please add reporter before adding any new registry.
2025-09-07 09:44:01,220 [ForkJoinPool-1-worker-1] INFO  impl.MetricsSystemImpl (MetricsSystemImpl.java:init(158)) - HddsDatanode metrics system started (again)
2025-09-07 09:44:01,228 [95d41743-cdf0-4105-938b-93fe980aeffc-DatanodeStateMachineDaemonThread] INFO  statemachine.DatanodeStateMachine (DatanodeStateMachine.java:startStateMachineThread(347)) - Ozone container server started.
2025-09-07 09:44:01,235 [95d41743-cdf0-4105-938b-93fe980aeffc-DatanodeStateMachineTaskThread-0] INFO  datanode.InitDatanodeState (InitDatanodeState.java:persistContainerDatanodeDetails(139)) - DatanodeDetails is persisted to /home/runner/work/ozone/ozone/hadoop-ozone/integration-test/target/test-dir/MiniOzoneClusterImpl-023d5a78-e64c-43f3-a4d9-6f7884931d6c/ozone-metadata/datanode-3/ozone-metadata/datanode.id
2025-09-07 09:44:01,254 [ForkJoinPool-1-worker-1] INFO  protocol.DatanodeDetails (DatanodeDetails.java:validateDatanodeIpAddress(199)) - Updating IP address of datanode 7c7182dc-ac7f-44a8-b1d4-5d10f99cbcf2(localhost/null) to 127.0.0.1
2025-09-07 09:44:01,254 [ForkJoinPool-1-worker-1] INFO  ozone.HddsDatanodeService (HddsDatanodeService.java:start(236)) - HddsDatanodeService 7c7182dc-ac7f-44a8-b1d4-5d10f99cbcf2(localhost/127.0.0.1)
2025-09-07 09:44:01,258 [ForkJoinPool-1-worker-1] INFO  upgrade.AbstractLayoutVersionManager (AbstractLayoutVersionManager.java:init(80)) - Initializing Layout version manager with metadata layout = WITNESSED_CONTAINER_DB_PROTO_VALUE (version = 9), software layout = WITNESSED_CONTAINER_DB_PROTO_VALUE (version = 9)
2025-09-07 09:44:01,259 [ForkJoinPool-1-worker-1] INFO  statemachine.DatanodeStateMachine (DatanodeStateMachine.java:getEndPointTaskThreadPoolSize(305)) - Datanode State Machine Task Thread Pool size 2
2025-09-07 09:44:01,265 [ForkJoinPool-1-worker-1] INFO  volume.HddsVolume (HddsVolume.java:<init>(162)) - HddsVolume: { id=DS-da7b9a0d-3245-431e-8819-6da727de56a7 dir=/home/runner/work/ozone/ozone/hadoop-ozone/integration-test/target/test-dir/MiniOzoneClusterImpl-023d5a78-e64c-43f3-a4d9-6f7884931d6c/ozone-metadata/datanode-4/data-0/hdds type=DISK capacity=9222449699674390527 used=0 available=9222449699674390527 minFree=9222450130714624 committed=0 }
2025-09-07 09:44:01,266 [ForkJoinPool-1-worker-1] INFO  volume.MutableVolumeSet (MutableVolumeSet.java:initializeVolumeSet(175)) - Added Volume : /home/runner/work/ozone/ozone/hadoop-ozone/integration-test/target/test-dir/MiniOzoneClusterImpl-023d5a78-e64c-43f3-a4d9-6f7884931d6c/ozone-metadata/datanode-4/data-0/hdds to VolumeSet
2025-09-07 09:44:01,269 [ForkJoinPool-1-worker-1] INFO  volume.MutableVolumeSet (MutableVolumeSet.java:initializeVolumeSet(175)) - Added Volume : /home/runner/work/ozone/ozone/hadoop-ozone/integration-test/target/test-dir/MiniOzoneClusterImpl-023d5a78-e64c-43f3-a4d9-6f7884931d6c/ozone-metadata/datanode-4/ratis to VolumeSet
2025-09-07 09:44:01,270 [ForkJoinPool-1-worker-1] INFO  ozoneimpl.OzoneContainer (HddsVolumeUtil.java:loadAllHddsVolumeDbStore(102)) - Load 1 volumes DbStore cost: 0ms
2025-09-07 09:44:01,272 [ForkJoinPool-1-worker-1] WARN  db.DBStoreBuilder (DBStoreBuilder.java:getDBDirPath(158)) - ozone.scm.datanode.id.dir is not configured. We recommend adding this setting. Falling back to ozone.metadata.dirs instead.
2025-09-07 09:44:01,275 [ForkJoinPool-1-worker-1] WARN  db.DBStoreBuilder (DBStoreBuilder.java:getDBDirPath(158)) - ozone.scm.datanode.id.dir is not configured. We recommend adding this setting. Falling back to ozone.metadata.dirs instead.
2025-09-07 09:44:01,296 [ForkJoinPool-1-worker-1] INFO  impl.FilePerChunkStrategy (FilePerChunkStrategy.java:<init>(79)) - ozone.chunk.read.mapped.buffer.max.count is load with 0
2025-09-07 09:44:01,297 [ForkJoinPool-1-worker-1] INFO  impl.FilePerBlockStrategy (FilePerBlockStrategy.java:<init>(88)) - ozone.chunk.read.mapped.buffer.max.count is load with 0
2025-09-07 09:44:01,298 [ForkJoinPool-1-worker-1] INFO  server.RaftServerConfigKeys (ConfUtils.java:logGet(62)) - raft.server.log.appender.buffer.byte-limit = 33554432 (custom)
2025-09-07 09:44:01,301 [ForkJoinPool-1-worker-1] INFO  grpc.GrpcConfigKeys (ConfUtils.java:logFallback(69)) - raft.grpc.admin.host = null (fallback to raft.grpc.server.host)
2025-09-07 09:44:01,301 [ForkJoinPool-1-worker-1] INFO  grpc.GrpcConfigKeys (ConfUtils.java:logGet(62)) - raft.grpc.admin.port = 15038 (custom)
2025-09-07 09:44:01,302 [ForkJoinPool-1-worker-1] INFO  grpc.GrpcConfigKeys (ConfUtils.java:logFallback(69)) - raft.grpc.client.host = null (fallback to raft.grpc.server.host)
2025-09-07 09:44:01,302 [ForkJoinPool-1-worker-1] INFO  grpc.GrpcConfigKeys (ConfUtils.java:logGet(62)) - raft.grpc.client.port = 15037 (custom)
2025-09-07 09:44:01,302 [ForkJoinPool-1-worker-1] INFO  grpc.GrpcConfigKeys (ConfUtils.java:logGet(62)) - raft.grpc.server.port = 15039 (custom)
2025-09-07 09:44:01,302 [ForkJoinPool-1-worker-1] INFO  server.GrpcServicesImpl (ConfUtils.java:logGet(62)) - raft.grpc.message.size.max = 34603008 (custom)
2025-09-07 09:44:01,302 [ForkJoinPool-1-worker-1] INFO  server.GrpcServicesImpl (ConfUtils.java:logGet(62)) - raft.grpc.flow.control.window = 5MB (=5242880) (custom)
2025-09-07 09:44:01,302 [ForkJoinPool-1-worker-1] INFO  server.RaftServerConfigKeys (ConfUtils.java:logGet(62)) - raft.server.log.appender.buffer.byte-limit = 33554432 (custom)
2025-09-07 09:44:01,305 [ForkJoinPool-1-worker-1] INFO  netty.NettyUtils (NettyUtils.java:newEventLoopGroup(74)) - Create EpollEventLoopGroup for 7c7182dc-ac7f-44a8-b1d4-5d10f99cbcf2-NettyServerStreamRpc-bossGroup; Thread size is 0.
2025-09-07 09:44:01,306 [ForkJoinPool-1-worker-1] INFO  netty.NettyUtils (NettyUtils.java:newEventLoopGroup(74)) - Create EpollEventLoopGroup for 7c7182dc-ac7f-44a8-b1d4-5d10f99cbcf2-NettyServerStreamRpc-workerGroup; Thread size is 0.
2025-09-07 09:44:01,307 [ForkJoinPool-1-worker-1] INFO  netty.NettyConfigKeys$DataStream (ConfUtils.java:logGet(62)) - raft.netty.dataStream.port = 15040 (custom)
2025-09-07 09:44:01,309 [ForkJoinPool-1-worker-1] INFO  server.RaftServerConfigKeys (ConfUtils.java:logGet(62)) - raft.server.storage.dir = [/home/runner/work/ozone/ozone/hadoop-ozone/integration-test/target/test-dir/MiniOzoneClusterImpl-023d5a78-e64c-43f3-a4d9-6f7884931d6c/ozone-metadata/datanode-4/ratis] (custom)
2025-09-07 09:44:01,309 [7c7182dc-ac7f-44a8-b1d4-5d10f99cbcf2-NettyServerStreamRpc-bossGroup--thread1] INFO  logging.LoggingHandler (AbstractInternalLogger.java:log(148)) - [id: 0xc3435b4b] REGISTERED
2025-09-07 09:44:01,310 [7c7182dc-ac7f-44a8-b1d4-5d10f99cbcf2-NettyServerStreamRpc-bossGroup--thread1] INFO  logging.LoggingHandler (AbstractInternalLogger.java:log(148)) - [id: 0xc3435b4b] BIND: 0.0.0.0/0.0.0.0:15040
2025-09-07 09:44:01,310 [7c7182dc-ac7f-44a8-b1d4-5d10f99cbcf2-NettyServerStreamRpc-bossGroup--thread1] INFO  logging.LoggingHandler (AbstractInternalLogger.java:log(148)) - [id: 0xc3435b4b, L:/0.0.0.0:15040] ACTIVE
2025-09-07 09:44:01,312 [7c7182dc-ac7f-44a8-b1d4-5d10f99cbcf2-impl-thread1] INFO  server.RaftServer (RaftServerProxy.java:initGroupDir(270)) - 7c7182dc-ac7f-44a8-b1d4-5d10f99cbcf2: found a subdirectory /home/runner/work/ozone/ozone/hadoop-ozone/integration-test/target/test-dir/MiniOzoneClusterImpl-023d5a78-e64c-43f3-a4d9-6f7884931d6c/ozone-metadata/datanode-4/ratis/tmp
2025-09-07 09:44:01,312 [7c7182dc-ac7f-44a8-b1d4-5d10f99cbcf2-impl-thread1] INFO  server.RaftServer (RaftServerProxy.java:initGroupDir(275)) - 7c7182dc-ac7f-44a8-b1d4-5d10f99cbcf2: The directory /home/runner/work/ozone/ozone/hadoop-ozone/integration-test/target/test-dir/MiniOzoneClusterImpl-023d5a78-e64c-43f3-a4d9-6f7884931d6c/ozone-metadata/datanode-4/ratis/tmp is not a group directory; ignoring it. 
2025-09-07 09:44:01,313 [ForkJoinPool-1-worker-1] INFO  replication.ReplicationServer (ReplicationServer.java:<init>(84)) - Initializing replication server with thread count = 10 queue length = 4096
2025-09-07 09:44:01,314 [ff2509eb-55dd-4ad3-b532-83d6209e1a92-EndpointStateMachineTaskThread-/0.0.0.0:15002-0 ] INFO  utils.DatanodeStoreCache (DatanodeStoreCache.java:addDB(70)) - Added db /home/runner/work/ozone/ozone/hadoop-ozone/integration-test/target/test-dir/MiniOzoneClusterImpl-023d5a78-e64c-43f3-a4d9-6f7884931d6c/ozone-metadata/datanode-1/data-0/hdds/023d5a78-e64c-43f3-a4d9-6f7884931d6c/DS-5fbd3f51-2257-4844-a78a-38b1b6d3b151/container.db to cache
2025-09-07 09:44:01,314 [ff2509eb-55dd-4ad3-b532-83d6209e1a92-EndpointStateMachineTaskThread-/0.0.0.0:15002-0 ] INFO  volume.HddsVolume (HddsVolume.java:createDbStore(576)) - SchemaV3 db is created and loaded at /home/runner/work/ozone/ozone/hadoop-ozone/integration-test/target/test-dir/MiniOzoneClusterImpl-023d5a78-e64c-43f3-a4d9-6f7884931d6c/ozone-metadata/datanode-1/data-0/hdds/023d5a78-e64c-43f3-a4d9-6f7884931d6c/DS-5fbd3f51-2257-4844-a78a-38b1b6d3b151/container.db for volume DS-5fbd3f51-2257-4844-a78a-38b1b6d3b151
2025-09-07 09:44:01,314 [ForkJoinPool-1-worker-1] INFO  server.XceiverServerGrpc (XceiverServerGrpc.java:<init>(130)) - GrpcServer channel type EpollServerSocketChannel
2025-09-07 09:44:01,317 [ForkJoinPool-1-worker-1] INFO  replication.ReplicationSupervisor (ReplicationSupervisor.java:build(169)) - Initializing replication supervisor with thread count = 10
2025-09-07 09:44:01,318 [ForkJoinPool-1-worker-1] INFO  replication.ReplicationSupervisor (ReplicationSupervisor.java:nodeStateUpdated(358)) - Node state updated to IN_SERVICE, scaling executor pool size to 10
2025-09-07 09:44:01,325 [ff2509eb-55dd-4ad3-b532-83d6209e1a92-ContainerReader-0] INFO  ozoneimpl.ContainerReader (ContainerReader.java:readVolume(147)) - Start to verify containers on volume /home/runner/work/ozone/ozone/hadoop-ozone/integration-test/target/test-dir/MiniOzoneClusterImpl-023d5a78-e64c-43f3-a4d9-6f7884931d6c/ozone-metadata/datanode-1/data-0/hdds
2025-09-07 09:44:01,326 [ff2509eb-55dd-4ad3-b532-83d6209e1a92-ContainerReader-0] INFO  ozoneimpl.ContainerReader (ContainerReader.java:readVolume(177)) - Finish verifying containers on volume /home/runner/work/ozone/ozone/hadoop-ozone/integration-test/target/test-dir/MiniOzoneClusterImpl-023d5a78-e64c-43f3-a4d9-6f7884931d6c/ozone-metadata/datanode-1/data-0/hdds
2025-09-07 09:44:01,326 [ForkJoinPool-1-worker-1] INFO  http.BaseHttpServer (BaseHttpServer.java:newHttpServer2BuilderForOzone(227)) - Starting Web-server for hddsDatanode at: http://0.0.0.0:15034
2025-09-07 09:44:01,327 [ForkJoinPool-1-worker-1] INFO  http.BaseHttpServer (BaseHttpServer.java:<init>(105)) - Hadoop Security Enabled: false Ozone Security Enabled: false Ozone HTTP Security Enabled: false 
2025-09-07 09:44:01,328 [ff2509eb-55dd-4ad3-b532-83d6209e1a92-EndpointStateMachineTaskThread-/0.0.0.0:15002-0 ] INFO  ozoneimpl.OzoneContainer (OzoneContainer.java:buildContainerSet(370)) - Build ContainerSet costs 0s
2025-09-07 09:44:01,329 [ff2509eb-55dd-4ad3-b532-83d6209e1a92-EndpointStateMachineTaskThread-/0.0.0.0:15002-0 ] INFO  volume.ThrottledAsyncChecker (ThrottledAsyncChecker.java:schedule(138)) - Scheduling a check for /home/runner/work/ozone/ozone/hadoop-ozone/integration-test/target/test-dir/MiniOzoneClusterImpl-023d5a78-e64c-43f3-a4d9-6f7884931d6c/ozone-metadata/datanode-1/data-0/hdds
2025-09-07 09:44:01,330 [ForkJoinPool-1-worker-1] WARN  server.AuthenticationFilter (AuthenticationFilter.java:constructSecretProvider(240)) - Unable to initialize FileSignerSecretProvider, falling back to use random secrets. Reason: Could not read signature secret file: /home/runner/hadoop-http-auth-signature-secret
2025-09-07 09:44:01,333 [ForkJoinPool-1-worker-1] INFO  http.HttpServer2 (HttpServer2.java:addGlobalFilter(1041)) - Added global filter 'safety' (class=org.apache.hadoop.hdds.server.http.HttpServer2$QuotingInputFilter)
2025-09-07 09:44:01,335 [ForkJoinPool-1-worker-1] INFO  http.HttpServer2 (HttpServer2.java:addFilter(1017)) - Added filter static_user_filter (class=org.apache.hadoop.http.lib.StaticUserWebFilter$StaticUserFilter) to context hddsDatanode
2025-09-07 09:44:01,336 [ForkJoinPool-1-worker-1] INFO  http.HttpServer2 (HttpServer2.java:addFilter(1025)) - Added filter static_user_filter (class=org.apache.hadoop.http.lib.StaticUserWebFilter$StaticUserFilter) to context static
2025-09-07 09:44:01,336 [ForkJoinPool-1-worker-1] INFO  http.HttpServer2 (HttpServer2.java:addFilter(1025)) - Added filter static_user_filter (class=org.apache.hadoop.http.lib.StaticUserWebFilter$StaticUserFilter) to context logs
2025-09-07 09:44:01,336 [ff2509eb-55dd-4ad3-b532-83d6209e1a92-EndpointStateMachineTaskThread-/0.0.0.0:15002-0 ] INFO  volume.StorageVolumeChecker (StorageVolumeChecker.java:checkAllVolumes(231)) - Scheduled health check for volume /home/runner/work/ozone/ozone/hadoop-ozone/integration-test/target/test-dir/MiniOzoneClusterImpl-023d5a78-e64c-43f3-a4d9-6f7884931d6c/ozone-metadata/datanode-1/data-0/hdds
2025-09-07 09:44:01,336 [ForkJoinPool-1-worker-1] INFO  http.BaseHttpServer (BaseHttpServer.java:<init>(193)) - HTTP server of hddsDatanode uses base directory /home/runner/work/ozone/ozone/hadoop-ozone/integration-test/target/test-dir/MiniOzoneClusterImpl-023d5a78-e64c-43f3-a4d9-6f7884931d6c/scm/ozone-metadata/webserver
2025-09-07 09:44:01,337 [ForkJoinPool-1-worker-1] INFO  http.HttpServer2 (HttpServer2.java:bindListener(1241)) - Jetty bound to port 15034
2025-09-07 09:44:01,337 [ForkJoinPool-1-worker-1] INFO  server.Server (Server.java:doStart(375)) - jetty-9.4.58.v20250814; built: 2025-08-14T02:28:49.637Z; git: 8f1440587e9e4ae7db3d74cf205643f3d707148d; jvm 21.0.8+9-LTS
2025-09-07 09:44:01,339 [ForkJoinPool-1-worker-1] INFO  server.session (DefaultSessionIdManager.java:doStart(334)) - DefaultSessionIdManager workerName=node0
2025-09-07 09:44:01,339 [ForkJoinPool-1-worker-1] INFO  server.session (DefaultSessionIdManager.java:doStart(339)) - No SessionScavenger set, using defaults
2025-09-07 09:44:01,339 [ForkJoinPool-1-worker-1] INFO  server.session (HouseKeeper.java:startScavenging(132)) - node0 Scavenging every 600000ms
2025-09-07 09:44:01,340 [ForkJoinPool-1-worker-1] INFO  handler.ContextHandler (ContextHandler.java:doStart(921)) - Started o.e.j.s.ServletContextHandler@4ae0955d{logs,/logs,file:///home/runner/work/ozone/ozone/hadoop-ozone/integration-test/target/log,AVAILABLE}
2025-09-07 09:44:01,341 [ForkJoinPool-1-worker-1] INFO  handler.ContextHandler (ContextHandler.java:doStart(921)) - Started o.e.j.s.ServletContextHandler@697b893c{static,/static,jar:file:/home/runner/work/ozone/ozone/hadoop-hdds/container-service/target/hdds-container-service-2.1.0-SNAPSHOT.jar!/webapps/static,AVAILABLE}
2025-09-07 09:44:01,345 [ff2509eb-55dd-4ad3-b532-83d6209e1a92-EndpointStateMachineTaskThread-/0.0.0.0:15002-0 ] INFO  volume.ThrottledAsyncChecker (ThrottledAsyncChecker.java:schedule(138)) - Scheduling a check for /home/runner/work/ozone/ozone/hadoop-ozone/integration-test/target/test-dir/MiniOzoneClusterImpl-023d5a78-e64c-43f3-a4d9-6f7884931d6c/ozone-metadata/datanode-1/ratis
2025-09-07 09:44:01,345 [ff2509eb-55dd-4ad3-b532-83d6209e1a92-EndpointStateMachineTaskThread-/0.0.0.0:15002-0 ] INFO  volume.StorageVolumeChecker (StorageVolumeChecker.java:checkAllVolumes(231)) - Scheduled health check for volume /home/runner/work/ozone/ozone/hadoop-ozone/integration-test/target/test-dir/MiniOzoneClusterImpl-023d5a78-e64c-43f3-a4d9-6f7884931d6c/ozone-metadata/datanode-1/ratis
2025-09-07 09:44:01,346 [ff2509eb-55dd-4ad3-b532-83d6209e1a92-EndpointStateMachineTaskThread-/0.0.0.0:15002-0 ] INFO  ozoneimpl.OzoneContainer (OzoneContainer.java:start(525)) - Attempting to start container services.
2025-09-07 09:44:01,351 [ContainerMetadataScanner] INFO  ozoneimpl.AbstractBackgroundContainerScanner (AbstractBackgroundContainerScanner.java:runIteration(89)) - Completed an iteration in 0 minutes. Number of iterations (since the data-node restart) : 1, Number of containers scanned in this iteration : 0, Number of unhealthy containers found in this iteration : 0
2025-09-07 09:44:01,354 [ContainerDataScanner(/home/runner/work/ozone/ozone/hadoop-ozone/integration-test/target/test-dir/MiniOzoneClusterImpl-023d5a78-e64c-43f3-a4d9-6f7884931d6c/ozone-metadata/datanode-1/data-0/hdds)] INFO  ozoneimpl.AbstractBackgroundContainerScanner (AbstractBackgroundContainerScanner.java:runIteration(89)) - Completed an iteration in 0 minutes. Number of iterations (since the data-node restart) : 1, Number of containers scanned in this iteration : 0, Number of unhealthy containers found in this iteration : 0
2025-09-07 09:44:01,355 [ff2509eb-55dd-4ad3-b532-83d6209e1a92-EndpointStateMachineTaskThread-/0.0.0.0:15002-0 ] INFO  replication.ReplicationServer (ReplicationServer.java:start(137)) - ReplicationServer is started using port 15017
2025-09-07 09:44:01,356 [ff2509eb-55dd-4ad3-b532-83d6209e1a92-EndpointStateMachineTaskThread-/0.0.0.0:15002-0 ] INFO  ratis.XceiverServerRatis (XceiverServerRatis.java:start(562)) - Starting XceiverServerRatis(ff2509eb-55dd-4ad3-b532-83d6209e1a92)
2025-09-07 09:44:01,357 [ff2509eb-55dd-4ad3-b532-83d6209e1a92-EndpointStateMachineTaskThread-/0.0.0.0:15002-0 ] INFO  server.RaftServer (RaftServerProxy.java:startImpl(412)) - ff2509eb-55dd-4ad3-b532-83d6209e1a92: start RPC server
2025-09-07 09:44:01,357 [ff2509eb-55dd-4ad3-b532-83d6209e1a92-EndpointStateMachineTaskThread-/0.0.0.0:15002-0 ] INFO  server.GrpcServicesImpl (GrpcServicesImpl.java:startImpl(346)) - ff2509eb-55dd-4ad3-b532-83d6209e1a92: GrpcServicesImpl started, listening on 15013
2025-09-07 09:44:01,358 [ff2509eb-55dd-4ad3-b532-83d6209e1a92-EndpointStateMachineTaskThread-/0.0.0.0:15002-0 ] INFO  server.GrpcServicesImpl (GrpcServicesImpl.java:startImpl(346)) - ff2509eb-55dd-4ad3-b532-83d6209e1a92: GrpcServicesImpl started, listening on 15015
2025-09-07 09:44:01,358 [ff2509eb-55dd-4ad3-b532-83d6209e1a92-EndpointStateMachineTaskThread-/0.0.0.0:15002-0 ] INFO  server.GrpcServicesImpl (GrpcServicesImpl.java:startImpl(346)) - ff2509eb-55dd-4ad3-b532-83d6209e1a92: GrpcServicesImpl started, listening on 15014
2025-09-07 09:44:01,359 [ff2509eb-55dd-4ad3-b532-83d6209e1a92-EndpointStateMachineTaskThread-/0.0.0.0:15002-0 ] INFO  ratis.XceiverServerRatis (XceiverServerRatis.java:getRealPort(589)) - XceiverServerRatis(ff2509eb-55dd-4ad3-b532-83d6209e1a92) is started using port RATIS=15013
2025-09-07 09:44:01,359 [ff2509eb-55dd-4ad3-b532-83d6209e1a92-EndpointStateMachineTaskThread-/0.0.0.0:15002-0 ] INFO  ratis.XceiverServerRatis (XceiverServerRatis.java:getRealPort(589)) - XceiverServerRatis(ff2509eb-55dd-4ad3-b532-83d6209e1a92) is started using port RATIS_ADMIN=15014
2025-09-07 09:44:01,359 [ff2509eb-55dd-4ad3-b532-83d6209e1a92-EndpointStateMachineTaskThread-/0.0.0.0:15002-0 ] INFO  ratis.XceiverServerRatis (XceiverServerRatis.java:getRealPort(589)) - XceiverServerRatis(ff2509eb-55dd-4ad3-b532-83d6209e1a92) is started using port RATIS_SERVER=15015
2025-09-07 09:44:01,359 [ff2509eb-55dd-4ad3-b532-83d6209e1a92-EndpointStateMachineTaskThread-/0.0.0.0:15002-0 ] INFO  ratis.XceiverServerRatis (XceiverServerRatis.java:getRealPort(589)) - XceiverServerRatis(ff2509eb-55dd-4ad3-b532-83d6209e1a92) is started using port RATIS_DATASTREAM=15016
2025-09-07 09:44:01,359 [JvmPauseMonitor3] INFO  util.JvmPauseMonitor (JvmPauseMonitor.java:run(146)) - JvmPauseMonitor-ff2509eb-55dd-4ad3-b532-83d6209e1a92: Started
2025-09-07 09:44:01,360 [ff2509eb-55dd-4ad3-b532-83d6209e1a92-EndpointStateMachineTaskThread-/0.0.0.0:15002-0 ] INFO  utils.BackgroundService (BackgroundService.java:start(119)) - Starting service BlockDeletingService with interval 60000 milliseconds
2025-09-07 09:44:01,361 [ff2509eb-55dd-4ad3-b532-83d6209e1a92-EndpointStateMachineTaskThread-/0.0.0.0:15002-0 ] INFO  utils.BackgroundService (BackgroundService.java:start(119)) - Starting service StaleRecoveringContainerScrubbingService with interval 60000 milliseconds
2025-09-07 09:44:01,472 [8500c972-c6d1-4433-9d49-a8e3bb920002-EndpointStateMachineTaskThread-/0.0.0.0:15002-0 ] INFO  utils.DatanodeStoreCache (DatanodeStoreCache.java:addDB(70)) - Added db /home/runner/work/ozone/ozone/hadoop-ozone/integration-test/target/test-dir/MiniOzoneClusterImpl-023d5a78-e64c-43f3-a4d9-6f7884931d6c/ozone-metadata/datanode-2/data-0/hdds/023d5a78-e64c-43f3-a4d9-6f7884931d6c/DS-bea88637-aed5-486c-a715-f30d7867fd4b/container.db to cache
2025-09-07 09:44:01,472 [8500c972-c6d1-4433-9d49-a8e3bb920002-EndpointStateMachineTaskThread-/0.0.0.0:15002-0 ] INFO  volume.HddsVolume (HddsVolume.java:createDbStore(576)) - SchemaV3 db is created and loaded at /home/runner/work/ozone/ozone/hadoop-ozone/integration-test/target/test-dir/MiniOzoneClusterImpl-023d5a78-e64c-43f3-a4d9-6f7884931d6c/ozone-metadata/datanode-2/data-0/hdds/023d5a78-e64c-43f3-a4d9-6f7884931d6c/DS-bea88637-aed5-486c-a715-f30d7867fd4b/container.db for volume DS-bea88637-aed5-486c-a715-f30d7867fd4b
2025-09-07 09:44:01,476 [8500c972-c6d1-4433-9d49-a8e3bb920002-ContainerReader-0] INFO  ozoneimpl.ContainerReader (ContainerReader.java:readVolume(147)) - Start to verify containers on volume /home/runner/work/ozone/ozone/hadoop-ozone/integration-test/target/test-dir/MiniOzoneClusterImpl-023d5a78-e64c-43f3-a4d9-6f7884931d6c/ozone-metadata/datanode-2/data-0/hdds
2025-09-07 09:44:01,476 [8500c972-c6d1-4433-9d49-a8e3bb920002-ContainerReader-0] INFO  ozoneimpl.ContainerReader (ContainerReader.java:readVolume(177)) - Finish verifying containers on volume /home/runner/work/ozone/ozone/hadoop-ozone/integration-test/target/test-dir/MiniOzoneClusterImpl-023d5a78-e64c-43f3-a4d9-6f7884931d6c/ozone-metadata/datanode-2/data-0/hdds
2025-09-07 09:44:01,478 [8500c972-c6d1-4433-9d49-a8e3bb920002-EndpointStateMachineTaskThread-/0.0.0.0:15002-0 ] INFO  ozoneimpl.OzoneContainer (OzoneContainer.java:buildContainerSet(370)) - Build ContainerSet costs 0s
2025-09-07 09:44:01,478 [8500c972-c6d1-4433-9d49-a8e3bb920002-EndpointStateMachineTaskThread-/0.0.0.0:15002-0 ] INFO  volume.ThrottledAsyncChecker (ThrottledAsyncChecker.java:schedule(138)) - Scheduling a check for /home/runner/work/ozone/ozone/hadoop-ozone/integration-test/target/test-dir/MiniOzoneClusterImpl-023d5a78-e64c-43f3-a4d9-6f7884931d6c/ozone-metadata/datanode-2/data-0/hdds
2025-09-07 09:44:01,479 [8500c972-c6d1-4433-9d49-a8e3bb920002-EndpointStateMachineTaskThread-/0.0.0.0:15002-0 ] INFO  volume.StorageVolumeChecker (StorageVolumeChecker.java:checkAllVolumes(231)) - Scheduled health check for volume /home/runner/work/ozone/ozone/hadoop-ozone/integration-test/target/test-dir/MiniOzoneClusterImpl-023d5a78-e64c-43f3-a4d9-6f7884931d6c/ozone-metadata/datanode-2/data-0/hdds
2025-09-07 09:44:01,483 [8500c972-c6d1-4433-9d49-a8e3bb920002-EndpointStateMachineTaskThread-/0.0.0.0:15002-0 ] INFO  volume.ThrottledAsyncChecker (ThrottledAsyncChecker.java:schedule(138)) - Scheduling a check for /home/runner/work/ozone/ozone/hadoop-ozone/integration-test/target/test-dir/MiniOzoneClusterImpl-023d5a78-e64c-43f3-a4d9-6f7884931d6c/ozone-metadata/datanode-2/ratis
2025-09-07 09:44:01,484 [8500c972-c6d1-4433-9d49-a8e3bb920002-EndpointStateMachineTaskThread-/0.0.0.0:15002-0 ] INFO  volume.StorageVolumeChecker (StorageVolumeChecker.java:checkAllVolumes(231)) - Scheduled health check for volume /home/runner/work/ozone/ozone/hadoop-ozone/integration-test/target/test-dir/MiniOzoneClusterImpl-023d5a78-e64c-43f3-a4d9-6f7884931d6c/ozone-metadata/datanode-2/ratis
2025-09-07 09:44:01,485 [8500c972-c6d1-4433-9d49-a8e3bb920002-EndpointStateMachineTaskThread-/0.0.0.0:15002-0 ] INFO  ozoneimpl.OzoneContainer (OzoneContainer.java:start(525)) - Attempting to start container services.
2025-09-07 09:44:01,487 [ContainerMetadataScanner] INFO  ozoneimpl.AbstractBackgroundContainerScanner (AbstractBackgroundContainerScanner.java:runIteration(89)) - Completed an iteration in 0 minutes. Number of iterations (since the data-node restart) : 1, Number of containers scanned in this iteration : 0, Number of unhealthy containers found in this iteration : 0
2025-09-07 09:44:01,487 [ContainerDataScanner(/home/runner/work/ozone/ozone/hadoop-ozone/integration-test/target/test-dir/MiniOzoneClusterImpl-023d5a78-e64c-43f3-a4d9-6f7884931d6c/ozone-metadata/datanode-2/data-0/hdds)] INFO  ozoneimpl.AbstractBackgroundContainerScanner (AbstractBackgroundContainerScanner.java:runIteration(89)) - Completed an iteration in 0 minutes. Number of iterations (since the data-node restart) : 1, Number of containers scanned in this iteration : 0, Number of unhealthy containers found in this iteration : 0
2025-09-07 09:44:01,489 [8500c972-c6d1-4433-9d49-a8e3bb920002-EndpointStateMachineTaskThread-/0.0.0.0:15002-0 ] INFO  replication.ReplicationServer (ReplicationServer.java:start(137)) - ReplicationServer is started using port 15025
2025-09-07 09:44:01,490 [8500c972-c6d1-4433-9d49-a8e3bb920002-EndpointStateMachineTaskThread-/0.0.0.0:15002-0 ] INFO  ratis.XceiverServerRatis (XceiverServerRatis.java:start(562)) - Starting XceiverServerRatis(8500c972-c6d1-4433-9d49-a8e3bb920002)
2025-09-07 09:44:01,491 [8500c972-c6d1-4433-9d49-a8e3bb920002-EndpointStateMachineTaskThread-/0.0.0.0:15002-0 ] INFO  server.RaftServer (RaftServerProxy.java:startImpl(412)) - 8500c972-c6d1-4433-9d49-a8e3bb920002: start RPC server
2025-09-07 09:44:01,492 [8500c972-c6d1-4433-9d49-a8e3bb920002-EndpointStateMachineTaskThread-/0.0.0.0:15002-0 ] INFO  server.GrpcServicesImpl (GrpcServicesImpl.java:startImpl(346)) - 8500c972-c6d1-4433-9d49-a8e3bb920002: GrpcServicesImpl started, listening on 15021
2025-09-07 09:44:01,493 [8500c972-c6d1-4433-9d49-a8e3bb920002-EndpointStateMachineTaskThread-/0.0.0.0:15002-0 ] INFO  server.GrpcServicesImpl (GrpcServicesImpl.java:startImpl(346)) - 8500c972-c6d1-4433-9d49-a8e3bb920002: GrpcServicesImpl started, listening on 15023
2025-09-07 09:44:01,493 [8500c972-c6d1-4433-9d49-a8e3bb920002-EndpointStateMachineTaskThread-/0.0.0.0:15002-0 ] INFO  server.GrpcServicesImpl (GrpcServicesImpl.java:startImpl(346)) - 8500c972-c6d1-4433-9d49-a8e3bb920002: GrpcServicesImpl started, listening on 15022
2025-09-07 09:44:01,494 [8500c972-c6d1-4433-9d49-a8e3bb920002-EndpointStateMachineTaskThread-/0.0.0.0:15002-0 ] INFO  ratis.XceiverServerRatis (XceiverServerRatis.java:getRealPort(589)) - XceiverServerRatis(8500c972-c6d1-4433-9d49-a8e3bb920002) is started using port RATIS=15021
2025-09-07 09:44:01,494 [JvmPauseMonitor4] INFO  util.JvmPauseMonitor (JvmPauseMonitor.java:run(146)) - JvmPauseMonitor-8500c972-c6d1-4433-9d49-a8e3bb920002: Started
2025-09-07 09:44:01,494 [8500c972-c6d1-4433-9d49-a8e3bb920002-EndpointStateMachineTaskThread-/0.0.0.0:15002-0 ] INFO  ratis.XceiverServerRatis (XceiverServerRatis.java:getRealPort(589)) - XceiverServerRatis(8500c972-c6d1-4433-9d49-a8e3bb920002) is started using port RATIS_ADMIN=15022
2025-09-07 09:44:01,495 [8500c972-c6d1-4433-9d49-a8e3bb920002-EndpointStateMachineTaskThread-/0.0.0.0:15002-0 ] INFO  ratis.XceiverServerRatis (XceiverServerRatis.java:getRealPort(589)) - XceiverServerRatis(8500c972-c6d1-4433-9d49-a8e3bb920002) is started using port RATIS_SERVER=15023
2025-09-07 09:44:01,495 [8500c972-c6d1-4433-9d49-a8e3bb920002-EndpointStateMachineTaskThread-/0.0.0.0:15002-0 ] INFO  ratis.XceiverServerRatis (XceiverServerRatis.java:getRealPort(589)) - XceiverServerRatis(8500c972-c6d1-4433-9d49-a8e3bb920002) is started using port RATIS_DATASTREAM=15024
2025-09-07 09:44:01,496 [8500c972-c6d1-4433-9d49-a8e3bb920002-EndpointStateMachineTaskThread-/0.0.0.0:15002-0 ] INFO  utils.BackgroundService (BackgroundService.java:start(119)) - Starting service BlockDeletingService with interval 60000 milliseconds
2025-09-07 09:44:01,497 [8500c972-c6d1-4433-9d49-a8e3bb920002-EndpointStateMachineTaskThread-/0.0.0.0:15002-0 ] INFO  utils.BackgroundService (BackgroundService.java:start(119)) - Starting service StaleRecoveringContainerScrubbingService with interval 60000 milliseconds
2025-09-07 09:44:01,502 [ForkJoinPool-1-worker-1] INFO  handler.ContextHandler (ContextHandler.java:doStart(921)) - Started o.e.j.w.WebAppContext@29fbaabf{hddsDatanode,/,file:///home/runner/work/ozone/ozone/hadoop-ozone/integration-test/target/test-dir/MiniOzoneClusterImpl-023d5a78-e64c-43f3-a4d9-6f7884931d6c/scm/ozone-metadata/webserver/jetty-0_0_0_0-15034-hdds-container-service-2_1_0-SNAPSHOT_jar-_-any-4846906988148198616/webapp/,AVAILABLE}{jar:file:/home/runner/work/ozone/ozone/hadoop-hdds/container-service/target/hdds-container-service-2.1.0-SNAPSHOT.jar!/webapps/hddsDatanode}
2025-09-07 09:44:01,503 [ForkJoinPool-1-worker-1] INFO  server.AbstractConnector (AbstractConnector.java:doStart(333)) - Started ServerConnector@30271c25{HTTP/1.1, (http/1.1)}{0.0.0.0:15034}
2025-09-07 09:44:01,503 [ForkJoinPool-1-worker-1] INFO  server.Server (Server.java:doStart(415)) - Started @12249ms
2025-09-07 09:44:01,503 [ForkJoinPool-1-worker-1] WARN  impl.MetricsSystemImpl (MetricsSystemImpl.java:register(279)) - Sink prometheus already exists!
2025-09-07 09:44:01,503 [ForkJoinPool-1-worker-1] INFO  http.BaseHttpServer (BaseHttpServer.java:updateConnectorAddress(357)) - HTTP server of hddsDatanode listening at http://localhost:15034
2025-09-07 09:44:01,504 [ForkJoinPool-1-worker-1] INFO  ipc.CallQueueManager (CallQueueManager.java:<init>(93)) - Using callQueue: class java.util.concurrent.LinkedBlockingQueue, queueCapacity: 1000, scheduler: class org.apache.hadoop.ipc.DefaultRpcScheduler, ipcBackoff: false, ipcFailOver: false.
2025-09-07 09:44:01,504 [ForkJoinPool-1-worker-1] INFO  ipc.Server (Server.java:<init>(1438)) - Listener at 0.0.0.0:15035
2025-09-07 09:44:01,504 [Socket Reader #1 for port 15035] INFO  ipc.Server (Server.java:run(1474)) - Starting Socket Reader #1 for port 15035
2025-09-07 09:44:01,504 [Socket Reader #2 for port 15035] INFO  ipc.Server (Server.java:run(1474)) - Starting Socket Reader #2 for port 15035
2025-09-07 09:44:01,505 [Socket Reader #3 for port 15035] INFO  ipc.Server (Server.java:run(1474)) - Starting Socket Reader #3 for port 15035
2025-09-07 09:44:01,505 [Socket Reader #4 for port 15035] INFO  ipc.Server (Server.java:run(1474)) - Starting Socket Reader #4 for port 15035
2025-09-07 09:44:01,505 [Socket Reader #5 for port 15035] INFO  ipc.Server (Server.java:run(1474)) - Starting Socket Reader #5 for port 15035
2025-09-07 09:44:01,505 [Socket Reader #6 for port 15035] INFO  ipc.Server (Server.java:run(1474)) - Starting Socket Reader #6 for port 15035
2025-09-07 09:44:01,505 [Socket Reader #7 for port 15035] INFO  ipc.Server (Server.java:run(1474)) - Starting Socket Reader #7 for port 15035
2025-09-07 09:44:01,506 [Socket Reader #8 for port 15035] INFO  ipc.Server (Server.java:run(1474)) - Starting Socket Reader #8 for port 15035
2025-09-07 09:44:01,506 [Socket Reader #9 for port 15035] INFO  ipc.Server (Server.java:run(1474)) - Starting Socket Reader #9 for port 15035
2025-09-07 09:44:01,506 [Socket Reader #10 for port 15035] INFO  ipc.Server (Server.java:run(1474)) - Starting Socket Reader #10 for port 15035
2025-09-07 09:44:01,509 [ForkJoinPool-1-worker-1] INFO  ozone.HddsDatanodeService (HddsDatanodeService.java:start(333)) - Datanode start with admins: [admin, runner]
2025-09-07 09:44:01,509 [ForkJoinPool-1-worker-1] INFO  ozone.HddsDatanodeClientProtocolServer (HddsDatanodeClientProtocolServer.java:start(76)) - RPC server for Client /0.0.0.0:15035
2025-09-07 09:44:01,509 [IPC Server Responder] INFO  ipc.Server (Server.java:run(1713)) - IPC Server Responder: starting
2025-09-07 09:44:01,510 [IPC Server listener on 15035] INFO  ipc.Server (Server.java:run(1553)) - IPC Server listener on 15035: starting
2025-09-07 09:44:01,512 [ForkJoinPool-1-worker-1] WARN  dropwizard3.Dm3MetricRegistriesImpl (Dm3MetricRegistriesImpl.java:addReporterRegistration(114)) - New reporters are added after registries were created. Some metrics will be missing from the reporter. Please add reporter before adding any new registry.
2025-09-07 09:44:01,512 [ForkJoinPool-1-worker-1] WARN  dropwizard3.Dm3MetricRegistriesImpl (Dm3MetricRegistriesImpl.java:addReporterRegistration(114)) - New reporters are added after registries were created. Some metrics will be missing from the reporter. Please add reporter before adding any new registry.
2025-09-07 09:44:01,512 [ForkJoinPool-1-worker-1] INFO  impl.MetricsSystemImpl (MetricsSystemImpl.java:init(158)) - HddsDatanode metrics system started (again)
2025-09-07 09:44:01,513 [7c7182dc-ac7f-44a8-b1d4-5d10f99cbcf2-DatanodeStateMachineDaemonThread] INFO  statemachine.DatanodeStateMachine (DatanodeStateMachine.java:startStateMachineThread(347)) - Ozone container server started.
2025-09-07 09:44:01,518 [7c7182dc-ac7f-44a8-b1d4-5d10f99cbcf2-DatanodeStateMachineTaskThread-0] INFO  datanode.InitDatanodeState (InitDatanodeState.java:persistContainerDatanodeDetails(139)) - DatanodeDetails is persisted to /home/runner/work/ozone/ozone/hadoop-ozone/integration-test/target/test-dir/MiniOzoneClusterImpl-023d5a78-e64c-43f3-a4d9-6f7884931d6c/ozone-metadata/datanode-4/ozone-metadata/datanode.id
2025-09-07 09:44:01,535 [ForkJoinPool-1-worker-1] INFO  protocol.DatanodeDetails (DatanodeDetails.java:validateDatanodeIpAddress(199)) - Updating IP address of datanode 90a60b70-6b91-4fb2-a612-7ac0b6911dfc(localhost/null) to 127.0.0.1
2025-09-07 09:44:01,535 [ForkJoinPool-1-worker-1] INFO  ozone.HddsDatanodeService (HddsDatanodeService.java:start(236)) - HddsDatanodeService 90a60b70-6b91-4fb2-a612-7ac0b6911dfc(localhost/127.0.0.1)
2025-09-07 09:44:01,538 [ForkJoinPool-1-worker-1] INFO  upgrade.AbstractLayoutVersionManager (AbstractLayoutVersionManager.java:init(80)) - Initializing Layout version manager with metadata layout = WITNESSED_CONTAINER_DB_PROTO_VALUE (version = 9), software layout = WITNESSED_CONTAINER_DB_PROTO_VALUE (version = 9)
2025-09-07 09:44:01,539 [ForkJoinPool-1-worker-1] INFO  statemachine.DatanodeStateMachine (DatanodeStateMachine.java:getEndPointTaskThreadPoolSize(305)) - Datanode State Machine Task Thread Pool size 2
2025-09-07 09:44:01,543 [ForkJoinPool-1-worker-1] INFO  volume.HddsVolume (HddsVolume.java:<init>(162)) - HddsVolume: { id=DS-c3d165ae-b3d0-41fb-a9bc-a63c228c792d dir=/home/runner/work/ozone/ozone/hadoop-ozone/integration-test/target/test-dir/MiniOzoneClusterImpl-023d5a78-e64c-43f3-a4d9-6f7884931d6c/ozone-metadata/datanode-5/data-0/hdds type=DISK capacity=9222449699674390527 used=0 available=9222449699674390527 minFree=9222450130714624 committed=0 }
2025-09-07 09:44:01,543 [ForkJoinPool-1-worker-1] INFO  volume.MutableVolumeSet (MutableVolumeSet.java:initializeVolumeSet(175)) - Added Volume : /home/runner/work/ozone/ozone/hadoop-ozone/integration-test/target/test-dir/MiniOzoneClusterImpl-023d5a78-e64c-43f3-a4d9-6f7884931d6c/ozone-metadata/datanode-5/data-0/hdds to VolumeSet
2025-09-07 09:44:01,545 [ForkJoinPool-1-worker-1] INFO  volume.MutableVolumeSet (MutableVolumeSet.java:initializeVolumeSet(175)) - Added Volume : /home/runner/work/ozone/ozone/hadoop-ozone/integration-test/target/test-dir/MiniOzoneClusterImpl-023d5a78-e64c-43f3-a4d9-6f7884931d6c/ozone-metadata/datanode-5/ratis to VolumeSet
2025-09-07 09:44:01,546 [ForkJoinPool-1-worker-1] INFO  ozoneimpl.OzoneContainer (HddsVolumeUtil.java:loadAllHddsVolumeDbStore(102)) - Load 1 volumes DbStore cost: 0ms
2025-09-07 09:44:01,547 [ForkJoinPool-1-worker-1] WARN  db.DBStoreBuilder (DBStoreBuilder.java:getDBDirPath(158)) - ozone.scm.datanode.id.dir is not configured. We recommend adding this setting. Falling back to ozone.metadata.dirs instead.
2025-09-07 09:44:01,549 [ForkJoinPool-1-worker-1] WARN  db.DBStoreBuilder (DBStoreBuilder.java:getDBDirPath(158)) - ozone.scm.datanode.id.dir is not configured. We recommend adding this setting. Falling back to ozone.metadata.dirs instead.
2025-09-07 09:44:01,568 [ForkJoinPool-1-worker-1] INFO  impl.FilePerChunkStrategy (FilePerChunkStrategy.java:<init>(79)) - ozone.chunk.read.mapped.buffer.max.count is load with 0
2025-09-07 09:44:01,568 [ForkJoinPool-1-worker-1] INFO  impl.FilePerBlockStrategy (FilePerBlockStrategy.java:<init>(88)) - ozone.chunk.read.mapped.buffer.max.count is load with 0
2025-09-07 09:44:01,569 [ForkJoinPool-1-worker-1] INFO  server.RaftServerConfigKeys (ConfUtils.java:logGet(62)) - raft.server.log.appender.buffer.byte-limit = 33554432 (custom)
2025-09-07 09:44:01,571 [ForkJoinPool-1-worker-1] INFO  grpc.GrpcConfigKeys (ConfUtils.java:logFallback(69)) - raft.grpc.admin.host = null (fallback to raft.grpc.server.host)
2025-09-07 09:44:01,572 [ForkJoinPool-1-worker-1] INFO  grpc.GrpcConfigKeys (ConfUtils.java:logGet(62)) - raft.grpc.admin.port = 15046 (custom)
2025-09-07 09:44:01,572 [ForkJoinPool-1-worker-1] INFO  grpc.GrpcConfigKeys (ConfUtils.java:logFallback(69)) - raft.grpc.client.host = null (fallback to raft.grpc.server.host)
2025-09-07 09:44:01,572 [ForkJoinPool-1-worker-1] INFO  grpc.GrpcConfigKeys (ConfUtils.java:logGet(62)) - raft.grpc.client.port = 15045 (custom)
2025-09-07 09:44:01,572 [ForkJoinPool-1-worker-1] INFO  grpc.GrpcConfigKeys (ConfUtils.java:logGet(62)) - raft.grpc.server.port = 15047 (custom)
2025-09-07 09:44:01,572 [ForkJoinPool-1-worker-1] INFO  server.GrpcServicesImpl (ConfUtils.java:logGet(62)) - raft.grpc.message.size.max = 34603008 (custom)
2025-09-07 09:44:01,572 [ForkJoinPool-1-worker-1] INFO  server.GrpcServicesImpl (ConfUtils.java:logGet(62)) - raft.grpc.flow.control.window = 5MB (=5242880) (custom)
2025-09-07 09:44:01,572 [ForkJoinPool-1-worker-1] INFO  server.RaftServerConfigKeys (ConfUtils.java:logGet(62)) - raft.server.log.appender.buffer.byte-limit = 33554432 (custom)
2025-09-07 09:44:01,574 [ForkJoinPool-1-worker-1] INFO  netty.NettyUtils (NettyUtils.java:newEventLoopGroup(74)) - Create EpollEventLoopGroup for 90a60b70-6b91-4fb2-a612-7ac0b6911dfc-NettyServerStreamRpc-bossGroup; Thread size is 0.
2025-09-07 09:44:01,575 [ForkJoinPool-1-worker-1] INFO  netty.NettyUtils (NettyUtils.java:newEventLoopGroup(74)) - Create EpollEventLoopGroup for 90a60b70-6b91-4fb2-a612-7ac0b6911dfc-NettyServerStreamRpc-workerGroup; Thread size is 0.
2025-09-07 09:44:01,576 [ForkJoinPool-1-worker-1] INFO  netty.NettyConfigKeys$DataStream (ConfUtils.java:logGet(62)) - raft.netty.dataStream.port = 15048 (custom)
2025-09-07 09:44:01,576 [ForkJoinPool-1-worker-1] INFO  server.RaftServerConfigKeys (ConfUtils.java:logGet(62)) - raft.server.storage.dir = [/home/runner/work/ozone/ozone/hadoop-ozone/integration-test/target/test-dir/MiniOzoneClusterImpl-023d5a78-e64c-43f3-a4d9-6f7884931d6c/ozone-metadata/datanode-5/ratis] (custom)
2025-09-07 09:44:01,577 [90a60b70-6b91-4fb2-a612-7ac0b6911dfc-NettyServerStreamRpc-bossGroup--thread1] INFO  logging.LoggingHandler (AbstractInternalLogger.java:log(148)) - [id: 0xe95cd6dc] REGISTERED
2025-09-07 09:44:01,577 [90a60b70-6b91-4fb2-a612-7ac0b6911dfc-NettyServerStreamRpc-bossGroup--thread1] INFO  logging.LoggingHandler (AbstractInternalLogger.java:log(148)) - [id: 0xe95cd6dc] BIND: 0.0.0.0/0.0.0.0:15048
2025-09-07 09:44:01,577 [90a60b70-6b91-4fb2-a612-7ac0b6911dfc-NettyServerStreamRpc-bossGroup--thread1] INFO  logging.LoggingHandler (AbstractInternalLogger.java:log(148)) - [id: 0xe95cd6dc, L:/0.0.0.0:15048] ACTIVE
2025-09-07 09:44:01,577 [90a60b70-6b91-4fb2-a612-7ac0b6911dfc-impl-thread1] INFO  server.RaftServer (RaftServerProxy.java:initGroupDir(270)) - 90a60b70-6b91-4fb2-a612-7ac0b6911dfc: found a subdirectory /home/runner/work/ozone/ozone/hadoop-ozone/integration-test/target/test-dir/MiniOzoneClusterImpl-023d5a78-e64c-43f3-a4d9-6f7884931d6c/ozone-metadata/datanode-5/ratis/tmp
2025-09-07 09:44:01,578 [90a60b70-6b91-4fb2-a612-7ac0b6911dfc-impl-thread1] INFO  server.RaftServer (RaftServerProxy.java:initGroupDir(275)) - 90a60b70-6b91-4fb2-a612-7ac0b6911dfc: The directory /home/runner/work/ozone/ozone/hadoop-ozone/integration-test/target/test-dir/MiniOzoneClusterImpl-023d5a78-e64c-43f3-a4d9-6f7884931d6c/ozone-metadata/datanode-5/ratis/tmp is not a group directory; ignoring it. 
2025-09-07 09:44:01,578 [ForkJoinPool-1-worker-1] INFO  replication.ReplicationServer (ReplicationServer.java:<init>(84)) - Initializing replication server with thread count = 10 queue length = 4096
2025-09-07 09:44:01,579 [ForkJoinPool-1-worker-1] INFO  server.XceiverServerGrpc (XceiverServerGrpc.java:<init>(130)) - GrpcServer channel type EpollServerSocketChannel
2025-09-07 09:44:01,581 [ForkJoinPool-1-worker-1] INFO  replication.ReplicationSupervisor (ReplicationSupervisor.java:build(169)) - Initializing replication supervisor with thread count = 10
2025-09-07 09:44:01,581 [ForkJoinPool-1-worker-1] INFO  replication.ReplicationSupervisor (ReplicationSupervisor.java:nodeStateUpdated(358)) - Node state updated to IN_SERVICE, scaling executor pool size to 10
2025-09-07 09:44:01,584 [ForkJoinPool-1-worker-1] INFO  http.BaseHttpServer (BaseHttpServer.java:newHttpServer2BuilderForOzone(227)) - Starting Web-server for hddsDatanode at: http://0.0.0.0:15042
2025-09-07 09:44:01,584 [ForkJoinPool-1-worker-1] INFO  http.BaseHttpServer (BaseHttpServer.java:<init>(105)) - Hadoop Security Enabled: false Ozone Security Enabled: false Ozone HTTP Security Enabled: false 
2025-09-07 09:44:01,586 [ForkJoinPool-1-worker-1] WARN  server.AuthenticationFilter (AuthenticationFilter.java:constructSecretProvider(240)) - Unable to initialize FileSignerSecretProvider, falling back to use random secrets. Reason: Could not read signature secret file: /home/runner/hadoop-http-auth-signature-secret
2025-09-07 09:44:01,589 [ForkJoinPool-1-worker-1] INFO  http.HttpServer2 (HttpServer2.java:addGlobalFilter(1041)) - Added global filter 'safety' (class=org.apache.hadoop.hdds.server.http.HttpServer2$QuotingInputFilter)
2025-09-07 09:44:01,590 [ForkJoinPool-1-worker-1] INFO  http.HttpServer2 (HttpServer2.java:addFilter(1017)) - Added filter static_user_filter (class=org.apache.hadoop.http.lib.StaticUserWebFilter$StaticUserFilter) to context hddsDatanode
2025-09-07 09:44:01,590 [ForkJoinPool-1-worker-1] INFO  http.HttpServer2 (HttpServer2.java:addFilter(1025)) - Added filter static_user_filter (class=org.apache.hadoop.http.lib.StaticUserWebFilter$StaticUserFilter) to context static
2025-09-07 09:44:01,591 [ForkJoinPool-1-worker-1] INFO  http.HttpServer2 (HttpServer2.java:addFilter(1025)) - Added filter static_user_filter (class=org.apache.hadoop.http.lib.StaticUserWebFilter$StaticUserFilter) to context logs
2025-09-07 09:44:01,591 [ForkJoinPool-1-worker-1] INFO  http.BaseHttpServer (BaseHttpServer.java:<init>(193)) - HTTP server of hddsDatanode uses base directory /home/runner/work/ozone/ozone/hadoop-ozone/integration-test/target/test-dir/MiniOzoneClusterImpl-023d5a78-e64c-43f3-a4d9-6f7884931d6c/scm/ozone-metadata/webserver
2025-09-07 09:44:01,591 [ForkJoinPool-1-worker-1] INFO  http.HttpServer2 (HttpServer2.java:bindListener(1241)) - Jetty bound to port 15042
2025-09-07 09:44:01,591 [ForkJoinPool-1-worker-1] INFO  server.Server (Server.java:doStart(375)) - jetty-9.4.58.v20250814; built: 2025-08-14T02:28:49.637Z; git: 8f1440587e9e4ae7db3d74cf205643f3d707148d; jvm 21.0.8+9-LTS
2025-09-07 09:44:01,593 [ForkJoinPool-1-worker-1] INFO  server.session (DefaultSessionIdManager.java:doStart(334)) - DefaultSessionIdManager workerName=node0
2025-09-07 09:44:01,593 [ForkJoinPool-1-worker-1] INFO  server.session (DefaultSessionIdManager.java:doStart(339)) - No SessionScavenger set, using defaults
2025-09-07 09:44:01,593 [ForkJoinPool-1-worker-1] INFO  server.session (HouseKeeper.java:startScavenging(132)) - node0 Scavenging every 600000ms
2025-09-07 09:44:01,593 [ForkJoinPool-1-worker-1] INFO  handler.ContextHandler (ContextHandler.java:doStart(921)) - Started o.e.j.s.ServletContextHandler@4f4e281{logs,/logs,file:///home/runner/work/ozone/ozone/hadoop-ozone/integration-test/target/log,AVAILABLE}
2025-09-07 09:44:01,595 [ForkJoinPool-1-worker-1] INFO  handler.ContextHandler (ContextHandler.java:doStart(921)) - Started o.e.j.s.ServletContextHandler@169c805d{static,/static,jar:file:/home/runner/work/ozone/ozone/hadoop-hdds/container-service/target/hdds-container-service-2.1.0-SNAPSHOT.jar!/webapps/static,AVAILABLE}
2025-09-07 09:44:01,715 [IPC Server handler 0 on default port 15002] INFO  net.NetworkTopologyImpl (NetworkTopologyImpl.java:add(133)) - Added a new node: /rack1/ff2509eb-55dd-4ad3-b532-83d6209e1a92
2025-09-07 09:44:01,718 [IPC Server handler 0 on default port 15002] INFO  node.SCMNodeManager (SCMNodeManager.java:register(423)) - Registered datanode: ff2509eb-55dd-4ad3-b532-83d6209e1a92{ip: 127.0.0.1, host: localhost, ports: [HTTP=15010, CLIENT_RPC=15011, REPLICATION=15017, RATIS=15013, RATIS_ADMIN=15014, RATIS_SERVER=15015, RATIS_DATASTREAM=15016, STANDALONE=15012], networkLocation: /rack1, certSerialId: null, persistedOpState: null, persistedOpStateExpiryEpochSec: 0}
2025-09-07 09:44:01,722 [EventQueue-NewNodeForNewNodeHandler] INFO  pipeline.BackgroundPipelineCreator (BackgroundPipelineCreator.java:notifyEventTriggered(290)) - trigger a one-shot run on RatisPipelineUtilsThread.
2025-09-07 09:44:01,726 [EventQueue-PipelineReportForOneReplicaPipelineSafeModeRule] INFO  safemode.SCMSafeModeManager (SCMSafeModeManager.java:validateSafeModeExitRules(138)) - AtleastOneDatanodeReportedRule rule is successfully validated
2025-09-07 09:44:01,728 [EventQueue-NodeRegistrationContainerReportForDataNodeSafeModeRule] INFO  safemode.SCMSafeModeManager (DataNodeSafeModeRule.java:process(80)) - SCM in safe mode. 1 DataNodes registered, 3 required.
2025-09-07 09:44:01,733 [EventQueue-ContainerRegistrationReportForRatisContainerSafeModeRule] INFO  safemode.SCMSafeModeManager (SCMSafeModeManager.java:validateSafeModeExitRules(138)) - RatisContainerSafeModeRule rule is successfully validated
2025-09-07 09:44:01,733 [RatisPipelineUtilsThread-0] INFO  pipeline.RatisPipelineProvider (RatisPipelineProvider.java:lambda$create$0(208)) - Sending CreatePipelineCommand for pipeline:Pipeline-84ca9d0f-7cf9-4c2b-a636-8f87d7c2bfc6 to datanode:ff2509eb-55dd-4ad3-b532-83d6209e1a92(localhost/127.0.0.1)
2025-09-07 09:44:01,735 [EventQueue-ContainerRegistrationReportForECContainerSafeModeRule] INFO  safemode.SCMSafeModeManager (SCMSafeModeManager.java:validateSafeModeExitRules(138)) - ECContainerSafeModeRule rule is successfully validated
2025-09-07 09:44:01,758 [ForkJoinPool-1-worker-1] INFO  handler.ContextHandler (ContextHandler.java:doStart(921)) - Started o.e.j.w.WebAppContext@213cd8a3{hddsDatanode,/,file:///home/runner/work/ozone/ozone/hadoop-ozone/integration-test/target/test-dir/MiniOzoneClusterImpl-023d5a78-e64c-43f3-a4d9-6f7884931d6c/scm/ozone-metadata/webserver/jetty-0_0_0_0-15042-hdds-container-service-2_1_0-SNAPSHOT_jar-_-any-4839020873816236445/webapp/,AVAILABLE}{jar:file:/home/runner/work/ozone/ozone/hadoop-hdds/container-service/target/hdds-container-service-2.1.0-SNAPSHOT.jar!/webapps/hddsDatanode}
2025-09-07 09:44:01,763 [ForkJoinPool-1-worker-1] INFO  server.AbstractConnector (AbstractConnector.java:doStart(333)) - Started ServerConnector@75665cec{HTTP/1.1, (http/1.1)}{0.0.0.0:15042}
2025-09-07 09:44:01,764 [ForkJoinPool-1-worker-1] INFO  server.Server (Server.java:doStart(415)) - Started @12509ms
2025-09-07 09:44:01,764 [ForkJoinPool-1-worker-1] WARN  impl.MetricsSystemImpl (MetricsSystemImpl.java:register(279)) - Sink prometheus already exists!
2025-09-07 09:44:01,764 [ForkJoinPool-1-worker-1] INFO  http.BaseHttpServer (BaseHttpServer.java:updateConnectorAddress(357)) - HTTP server of hddsDatanode listening at http://localhost:15042
2025-09-07 09:44:01,764 [ForkJoinPool-1-worker-1] INFO  ipc.CallQueueManager (CallQueueManager.java:<init>(93)) - Using callQueue: class java.util.concurrent.LinkedBlockingQueue, queueCapacity: 1000, scheduler: class org.apache.hadoop.ipc.DefaultRpcScheduler, ipcBackoff: false, ipcFailOver: false.
2025-09-07 09:44:01,765 [ForkJoinPool-1-worker-1] INFO  ipc.Server (Server.java:<init>(1438)) - Listener at 0.0.0.0:15043
2025-09-07 09:44:01,766 [Socket Reader #1 for port 15043] INFO  ipc.Server (Server.java:run(1474)) - Starting Socket Reader #1 for port 15043
2025-09-07 09:44:01,767 [Socket Reader #2 for port 15043] INFO  ipc.Server (Server.java:run(1474)) - Starting Socket Reader #2 for port 15043
2025-09-07 09:44:01,768 [Socket Reader #3 for port 15043] INFO  ipc.Server (Server.java:run(1474)) - Starting Socket Reader #3 for port 15043
2025-09-07 09:44:01,769 [Socket Reader #4 for port 15043] INFO  ipc.Server (Server.java:run(1474)) - Starting Socket Reader #4 for port 15043
2025-09-07 09:44:01,770 [Socket Reader #5 for port 15043] INFO  ipc.Server (Server.java:run(1474)) - Starting Socket Reader #5 for port 15043
2025-09-07 09:44:01,772 [Socket Reader #6 for port 15043] INFO  ipc.Server (Server.java:run(1474)) - Starting Socket Reader #6 for port 15043
2025-09-07 09:44:01,773 [Socket Reader #7 for port 15043] INFO  ipc.Server (Server.java:run(1474)) - Starting Socket Reader #7 for port 15043
2025-09-07 09:44:01,774 [Socket Reader #8 for port 15043] INFO  ipc.Server (Server.java:run(1474)) - Starting Socket Reader #8 for port 15043
2025-09-07 09:44:01,775 [Socket Reader #9 for port 15043] INFO  ipc.Server (Server.java:run(1474)) - Starting Socket Reader #9 for port 15043
2025-09-07 09:44:01,776 [Socket Reader #10 for port 15043] INFO  ipc.Server (Server.java:run(1474)) - Starting Socket Reader #10 for port 15043
2025-09-07 09:44:01,780 [ForkJoinPool-1-worker-1] INFO  ozone.HddsDatanodeService (HddsDatanodeService.java:start(333)) - Datanode start with admins: [admin, runner]
2025-09-07 09:44:01,780 [ForkJoinPool-1-worker-1] INFO  ozone.HddsDatanodeClientProtocolServer (HddsDatanodeClientProtocolServer.java:start(76)) - RPC server for Client /0.0.0.0:15043
2025-09-07 09:44:01,781 [IPC Server Responder] INFO  ipc.Server (Server.java:run(1713)) - IPC Server Responder: starting
2025-09-07 09:44:01,782 [IPC Server listener on 15043] INFO  ipc.Server (Server.java:run(1553)) - IPC Server listener on 15043: starting
2025-09-07 09:44:01,785 [ForkJoinPool-1-worker-1] WARN  dropwizard3.Dm3MetricRegistriesImpl (Dm3MetricRegistriesImpl.java:addReporterRegistration(114)) - New reporters are added after registries were created. Some metrics will be missing from the reporter. Please add reporter before adding any new registry.
2025-09-07 09:44:01,785 [ForkJoinPool-1-worker-1] WARN  dropwizard3.Dm3MetricRegistriesImpl (Dm3MetricRegistriesImpl.java:addReporterRegistration(114)) - New reporters are added after registries were created. Some metrics will be missing from the reporter. Please add reporter before adding any new registry.
2025-09-07 09:44:01,786 [ForkJoinPool-1-worker-1] INFO  impl.MetricsSystemImpl (MetricsSystemImpl.java:init(158)) - HddsDatanode metrics system started (again)
2025-09-07 09:44:01,796 [90a60b70-6b91-4fb2-a612-7ac0b6911dfc-DatanodeStateMachineDaemonThread] INFO  statemachine.DatanodeStateMachine (DatanodeStateMachine.java:startStateMachineThread(347)) - Ozone container server started.
2025-09-07 09:44:01,805 [90a60b70-6b91-4fb2-a612-7ac0b6911dfc-DatanodeStateMachineTaskThread-0] INFO  datanode.InitDatanodeState (InitDatanodeState.java:persistContainerDatanodeDetails(139)) - DatanodeDetails is persisted to /home/runner/work/ozone/ozone/hadoop-ozone/integration-test/target/test-dir/MiniOzoneClusterImpl-023d5a78-e64c-43f3-a4d9-6f7884931d6c/ozone-metadata/datanode-5/ozone-metadata/datanode.id
2025-09-07 09:44:01,808 [ForkJoinPool-1-worker-1] INFO  protocol.DatanodeDetails (DatanodeDetails.java:validateDatanodeIpAddress(199)) - Updating IP address of datanode e6e13cb3-e32b-4d2d-874a-1e4700c67398(localhost/null) to 127.0.0.1
2025-09-07 09:44:01,809 [ForkJoinPool-1-worker-1] INFO  ozone.HddsDatanodeService (HddsDatanodeService.java:start(236)) - HddsDatanodeService e6e13cb3-e32b-4d2d-874a-1e4700c67398(localhost/127.0.0.1)
2025-09-07 09:44:01,812 [95d41743-cdf0-4105-938b-93fe980aeffc-EndpointStateMachineTaskThread-/0.0.0.0:15002-0 ] INFO  utils.DatanodeStoreCache (DatanodeStoreCache.java:addDB(70)) - Added db /home/runner/work/ozone/ozone/hadoop-ozone/integration-test/target/test-dir/MiniOzoneClusterImpl-023d5a78-e64c-43f3-a4d9-6f7884931d6c/ozone-metadata/datanode-3/data-0/hdds/023d5a78-e64c-43f3-a4d9-6f7884931d6c/DS-8f593202-9c4b-47bd-8b22-f98b2017cb5e/container.db to cache
2025-09-07 09:44:01,813 [95d41743-cdf0-4105-938b-93fe980aeffc-EndpointStateMachineTaskThread-/0.0.0.0:15002-0 ] INFO  volume.HddsVolume (HddsVolume.java:createDbStore(576)) - SchemaV3 db is created and loaded at /home/runner/work/ozone/ozone/hadoop-ozone/integration-test/target/test-dir/MiniOzoneClusterImpl-023d5a78-e64c-43f3-a4d9-6f7884931d6c/ozone-metadata/datanode-3/data-0/hdds/023d5a78-e64c-43f3-a4d9-6f7884931d6c/DS-8f593202-9c4b-47bd-8b22-f98b2017cb5e/container.db for volume DS-8f593202-9c4b-47bd-8b22-f98b2017cb5e
2025-09-07 09:44:01,815 [ForkJoinPool-1-worker-1] INFO  upgrade.AbstractLayoutVersionManager (AbstractLayoutVersionManager.java:init(80)) - Initializing Layout version manager with metadata layout = WITNESSED_CONTAINER_DB_PROTO_VALUE (version = 9), software layout = WITNESSED_CONTAINER_DB_PROTO_VALUE (version = 9)
2025-09-07 09:44:01,817 [95d41743-cdf0-4105-938b-93fe980aeffc-ContainerReader-0] INFO  ozoneimpl.ContainerReader (ContainerReader.java:readVolume(147)) - Start to verify containers on volume /home/runner/work/ozone/ozone/hadoop-ozone/integration-test/target/test-dir/MiniOzoneClusterImpl-023d5a78-e64c-43f3-a4d9-6f7884931d6c/ozone-metadata/datanode-3/data-0/hdds
2025-09-07 09:44:01,817 [95d41743-cdf0-4105-938b-93fe980aeffc-ContainerReader-0] INFO  ozoneimpl.ContainerReader (ContainerReader.java:readVolume(177)) - Finish verifying containers on volume /home/runner/work/ozone/ozone/hadoop-ozone/integration-test/target/test-dir/MiniOzoneClusterImpl-023d5a78-e64c-43f3-a4d9-6f7884931d6c/ozone-metadata/datanode-3/data-0/hdds
2025-09-07 09:44:01,817 [ForkJoinPool-1-worker-1] INFO  statemachine.DatanodeStateMachine (DatanodeStateMachine.java:getEndPointTaskThreadPoolSize(305)) - Datanode State Machine Task Thread Pool size 2
2025-09-07 09:44:01,820 [95d41743-cdf0-4105-938b-93fe980aeffc-EndpointStateMachineTaskThread-/0.0.0.0:15002-0 ] INFO  ozoneimpl.OzoneContainer (OzoneContainer.java:buildContainerSet(370)) - Build ContainerSet costs 0s
2025-09-07 09:44:01,821 [95d41743-cdf0-4105-938b-93fe980aeffc-EndpointStateMachineTaskThread-/0.0.0.0:15002-0 ] INFO  volume.ThrottledAsyncChecker (ThrottledAsyncChecker.java:schedule(138)) - Scheduling a check for /home/runner/work/ozone/ozone/hadoop-ozone/integration-test/target/test-dir/MiniOzoneClusterImpl-023d5a78-e64c-43f3-a4d9-6f7884931d6c/ozone-metadata/datanode-3/data-0/hdds
2025-09-07 09:44:01,823 [95d41743-cdf0-4105-938b-93fe980aeffc-EndpointStateMachineTaskThread-/0.0.0.0:15002-0 ] INFO  volume.StorageVolumeChecker (StorageVolumeChecker.java:checkAllVolumes(231)) - Scheduled health check for volume /home/runner/work/ozone/ozone/hadoop-ozone/integration-test/target/test-dir/MiniOzoneClusterImpl-023d5a78-e64c-43f3-a4d9-6f7884931d6c/ozone-metadata/datanode-3/data-0/hdds
2025-09-07 09:44:01,824 [ForkJoinPool-1-worker-1] INFO  volume.HddsVolume (HddsVolume.java:<init>(162)) - HddsVolume: { id=DS-3f584c25-eaf3-4b06-9cc2-b39e4c0570ce dir=/home/runner/work/ozone/ozone/hadoop-ozone/integration-test/target/test-dir/MiniOzoneClusterImpl-023d5a78-e64c-43f3-a4d9-6f7884931d6c/ozone-metadata/datanode-6/data-0/hdds type=DISK capacity=9222449699674390527 used=0 available=9222449699674390527 minFree=9222450130714624 committed=0 }
2025-09-07 09:44:01,825 [ForkJoinPool-1-worker-1] INFO  volume.MutableVolumeSet (MutableVolumeSet.java:initializeVolumeSet(175)) - Added Volume : /home/runner/work/ozone/ozone/hadoop-ozone/integration-test/target/test-dir/MiniOzoneClusterImpl-023d5a78-e64c-43f3-a4d9-6f7884931d6c/ozone-metadata/datanode-6/data-0/hdds to VolumeSet
2025-09-07 09:44:01,827 [ForkJoinPool-1-worker-1] INFO  volume.MutableVolumeSet (MutableVolumeSet.java:initializeVolumeSet(175)) - Added Volume : /home/runner/work/ozone/ozone/hadoop-ozone/integration-test/target/test-dir/MiniOzoneClusterImpl-023d5a78-e64c-43f3-a4d9-6f7884931d6c/ozone-metadata/datanode-6/ratis to VolumeSet
2025-09-07 09:44:01,828 [ForkJoinPool-1-worker-1] INFO  ozoneimpl.OzoneContainer (HddsVolumeUtil.java:loadAllHddsVolumeDbStore(102)) - Load 1 volumes DbStore cost: 0ms
2025-09-07 09:44:01,829 [ForkJoinPool-1-worker-1] WARN  db.DBStoreBuilder (DBStoreBuilder.java:getDBDirPath(158)) - ozone.scm.datanode.id.dir is not configured. We recommend adding this setting. Falling back to ozone.metadata.dirs instead.
2025-09-07 09:44:01,831 [ForkJoinPool-1-worker-1] WARN  db.DBStoreBuilder (DBStoreBuilder.java:getDBDirPath(158)) - ozone.scm.datanode.id.dir is not configured. We recommend adding this setting. Falling back to ozone.metadata.dirs instead.
2025-09-07 09:44:01,831 [a68d7e4a-8be2-4109-84e0-ed7537249ab2@group-6F7884931D6C-StateMachineUpdater] INFO  safemode.SCMSafeModeManager (SCMSafeModeManager.java:validateSafeModeExitRules(138)) - RatisContainerSafeModeRule rule is successfully validated
2025-09-07 09:44:01,834 [95d41743-cdf0-4105-938b-93fe980aeffc-EndpointStateMachineTaskThread-/0.0.0.0:15002-0 ] INFO  volume.ThrottledAsyncChecker (ThrottledAsyncChecker.java:schedule(138)) - Scheduling a check for /home/runner/work/ozone/ozone/hadoop-ozone/integration-test/target/test-dir/MiniOzoneClusterImpl-023d5a78-e64c-43f3-a4d9-6f7884931d6c/ozone-metadata/datanode-3/ratis
2025-09-07 09:44:01,834 [a68d7e4a-8be2-4109-84e0-ed7537249ab2@group-6F7884931D6C-StateMachineUpdater] INFO  safemode.HealthyPipelineSafeModeRule (HealthyPipelineSafeModeRule.java:initializeRule(228)) - Refreshed total pipeline count is 0, healthy pipeline threshold count is 1
2025-09-07 09:44:01,834 [a68d7e4a-8be2-4109-84e0-ed7537249ab2@group-6F7884931D6C-StateMachineUpdater] INFO  safemode.SCMSafeModeManager (SCMSafeModeManager.java:validateSafeModeExitRules(138)) - ECContainerSafeModeRule rule is successfully validated
2025-09-07 09:44:01,834 [95d41743-cdf0-4105-938b-93fe980aeffc-EndpointStateMachineTaskThread-/0.0.0.0:15002-0 ] INFO  volume.StorageVolumeChecker (StorageVolumeChecker.java:checkAllVolumes(231)) - Scheduled health check for volume /home/runner/work/ozone/ozone/hadoop-ozone/integration-test/target/test-dir/MiniOzoneClusterImpl-023d5a78-e64c-43f3-a4d9-6f7884931d6c/ozone-metadata/datanode-3/ratis
2025-09-07 09:44:01,834 [a68d7e4a-8be2-4109-84e0-ed7537249ab2@group-6F7884931D6C-StateMachineUpdater] INFO  safemode.SCMSafeModeManager (SCMSafeModeManager.java:validateSafeModeExitRules(138)) - AtleastOneDatanodeReportedRule rule is successfully validated
2025-09-07 09:44:01,835 [95d41743-cdf0-4105-938b-93fe980aeffc-EndpointStateMachineTaskThread-/0.0.0.0:15002-0 ] INFO  ozoneimpl.OzoneContainer (OzoneContainer.java:start(525)) - Attempting to start container services.
2025-09-07 09:44:01,836 [ContainerMetadataScanner] INFO  ozoneimpl.AbstractBackgroundContainerScanner (AbstractBackgroundContainerScanner.java:runIteration(89)) - Completed an iteration in 0 minutes. Number of iterations (since the data-node restart) : 1, Number of containers scanned in this iteration : 0, Number of unhealthy containers found in this iteration : 0
2025-09-07 09:44:01,837 [ContainerDataScanner(/home/runner/work/ozone/ozone/hadoop-ozone/integration-test/target/test-dir/MiniOzoneClusterImpl-023d5a78-e64c-43f3-a4d9-6f7884931d6c/ozone-metadata/datanode-3/data-0/hdds)] INFO  ozoneimpl.AbstractBackgroundContainerScanner (AbstractBackgroundContainerScanner.java:runIteration(89)) - Completed an iteration in 0 minutes. Number of iterations (since the data-node restart) : 1, Number of containers scanned in this iteration : 0, Number of unhealthy containers found in this iteration : 0
2025-09-07 09:44:01,838 [95d41743-cdf0-4105-938b-93fe980aeffc-EndpointStateMachineTaskThread-/0.0.0.0:15002-0 ] INFO  replication.ReplicationServer (ReplicationServer.java:start(137)) - ReplicationServer is started using port 15033
2025-09-07 09:44:01,839 [95d41743-cdf0-4105-938b-93fe980aeffc-EndpointStateMachineTaskThread-/0.0.0.0:15002-0 ] INFO  ratis.XceiverServerRatis (XceiverServerRatis.java:start(562)) - Starting XceiverServerRatis(95d41743-cdf0-4105-938b-93fe980aeffc)
2025-09-07 09:44:01,840 [95d41743-cdf0-4105-938b-93fe980aeffc-EndpointStateMachineTaskThread-/0.0.0.0:15002-0 ] INFO  server.RaftServer (RaftServerProxy.java:startImpl(412)) - 95d41743-cdf0-4105-938b-93fe980aeffc: start RPC server
2025-09-07 09:44:01,841 [RatisPipelineUtilsThread-0] INFO  pipeline.BackgroundPipelineCreator (BackgroundPipelineCreator.java:createPipelines(246)) - Created new pipeline Pipeline{ Id: 84ca9d0f-7cf9-4c2b-a636-8f87d7c2bfc6, Nodes: [ {ff2509eb-55dd-4ad3-b532-83d6209e1a92(localhost/127.0.0.1), ReplicaIndex: 0},], ReplicationConfig: RATIS/ONE, State:ALLOCATED, leaderId:, CreationTimestamp2025-09-07T09:44:01.732095212Z[Etc/UTC]}
2025-09-07 09:44:01,842 [95d41743-cdf0-4105-938b-93fe980aeffc-EndpointStateMachineTaskThread-/0.0.0.0:15002-0 ] INFO  server.GrpcServicesImpl (GrpcServicesImpl.java:startImpl(346)) - 95d41743-cdf0-4105-938b-93fe980aeffc: GrpcServicesImpl started, listening on 15029
2025-09-07 09:44:01,842 [95d41743-cdf0-4105-938b-93fe980aeffc-EndpointStateMachineTaskThread-/0.0.0.0:15002-0 ] INFO  server.GrpcServicesImpl (GrpcServicesImpl.java:startImpl(346)) - 95d41743-cdf0-4105-938b-93fe980aeffc: GrpcServicesImpl started, listening on 15031
2025-09-07 09:44:01,843 [95d41743-cdf0-4105-938b-93fe980aeffc-EndpointStateMachineTaskThread-/0.0.0.0:15002-0 ] INFO  server.GrpcServicesImpl (GrpcServicesImpl.java:startImpl(346)) - 95d41743-cdf0-4105-938b-93fe980aeffc: GrpcServicesImpl started, listening on 15030
2025-09-07 09:44:01,843 [95d41743-cdf0-4105-938b-93fe980aeffc-EndpointStateMachineTaskThread-/0.0.0.0:15002-0 ] INFO  ratis.XceiverServerRatis (XceiverServerRatis.java:getRealPort(589)) - XceiverServerRatis(95d41743-cdf0-4105-938b-93fe980aeffc) is started using port RATIS=15029
2025-09-07 09:44:01,843 [95d41743-cdf0-4105-938b-93fe980aeffc-EndpointStateMachineTaskThread-/0.0.0.0:15002-0 ] INFO  ratis.XceiverServerRatis (XceiverServerRatis.java:getRealPort(589)) - XceiverServerRatis(95d41743-cdf0-4105-938b-93fe980aeffc) is started using port RATIS_ADMIN=15030
2025-09-07 09:44:01,843 [95d41743-cdf0-4105-938b-93fe980aeffc-EndpointStateMachineTaskThread-/0.0.0.0:15002-0 ] INFO  ratis.XceiverServerRatis (XceiverServerRatis.java:getRealPort(589)) - XceiverServerRatis(95d41743-cdf0-4105-938b-93fe980aeffc) is started using port RATIS_SERVER=15031
2025-09-07 09:44:01,843 [95d41743-cdf0-4105-938b-93fe980aeffc-EndpointStateMachineTaskThread-/0.0.0.0:15002-0 ] INFO  ratis.XceiverServerRatis (XceiverServerRatis.java:getRealPort(589)) - XceiverServerRatis(95d41743-cdf0-4105-938b-93fe980aeffc) is started using port RATIS_DATASTREAM=15032
2025-09-07 09:44:01,843 [JvmPauseMonitor5] INFO  util.JvmPauseMonitor (JvmPauseMonitor.java:run(146)) - JvmPauseMonitor-95d41743-cdf0-4105-938b-93fe980aeffc: Started
2025-09-07 09:44:01,844 [95d41743-cdf0-4105-938b-93fe980aeffc-EndpointStateMachineTaskThread-/0.0.0.0:15002-0 ] INFO  utils.BackgroundService (BackgroundService.java:start(119)) - Starting service BlockDeletingService with interval 60000 milliseconds
2025-09-07 09:44:01,844 [95d41743-cdf0-4105-938b-93fe980aeffc-EndpointStateMachineTaskThread-/0.0.0.0:15002-0 ] INFO  utils.BackgroundService (BackgroundService.java:start(119)) - Starting service StaleRecoveringContainerScrubbingService with interval 60000 milliseconds
2025-09-07 09:44:01,856 [ForkJoinPool-1-worker-1] INFO  impl.FilePerChunkStrategy (FilePerChunkStrategy.java:<init>(79)) - ozone.chunk.read.mapped.buffer.max.count is load with 0
2025-09-07 09:44:01,856 [ForkJoinPool-1-worker-1] INFO  impl.FilePerBlockStrategy (FilePerBlockStrategy.java:<init>(88)) - ozone.chunk.read.mapped.buffer.max.count is load with 0
2025-09-07 09:44:01,857 [ForkJoinPool-1-worker-1] INFO  server.RaftServerConfigKeys (ConfUtils.java:logGet(62)) - raft.server.log.appender.buffer.byte-limit = 33554432 (custom)
2025-09-07 09:44:01,859 [ForkJoinPool-1-worker-1] INFO  grpc.GrpcConfigKeys (ConfUtils.java:logFallback(69)) - raft.grpc.admin.host = null (fallback to raft.grpc.server.host)
2025-09-07 09:44:01,859 [ForkJoinPool-1-worker-1] INFO  grpc.GrpcConfigKeys (ConfUtils.java:logGet(62)) - raft.grpc.admin.port = 15054 (custom)
2025-09-07 09:44:01,859 [ForkJoinPool-1-worker-1] INFO  grpc.GrpcConfigKeys (ConfUtils.java:logFallback(69)) - raft.grpc.client.host = null (fallback to raft.grpc.server.host)
2025-09-07 09:44:01,859 [ForkJoinPool-1-worker-1] INFO  grpc.GrpcConfigKeys (ConfUtils.java:logGet(62)) - raft.grpc.client.port = 15053 (custom)
2025-09-07 09:44:01,859 [ForkJoinPool-1-worker-1] INFO  grpc.GrpcConfigKeys (ConfUtils.java:logGet(62)) - raft.grpc.server.port = 15055 (custom)
2025-09-07 09:44:01,859 [ForkJoinPool-1-worker-1] INFO  server.GrpcServicesImpl (ConfUtils.java:logGet(62)) - raft.grpc.message.size.max = 34603008 (custom)
2025-09-07 09:44:01,860 [ForkJoinPool-1-worker-1] INFO  server.GrpcServicesImpl (ConfUtils.java:logGet(62)) - raft.grpc.flow.control.window = 5MB (=5242880) (custom)
2025-09-07 09:44:01,860 [ForkJoinPool-1-worker-1] INFO  server.RaftServerConfigKeys (ConfUtils.java:logGet(62)) - raft.server.log.appender.buffer.byte-limit = 33554432 (custom)
2025-09-07 09:44:01,862 [ForkJoinPool-1-worker-1] INFO  netty.NettyUtils (NettyUtils.java:newEventLoopGroup(74)) - Create EpollEventLoopGroup for e6e13cb3-e32b-4d2d-874a-1e4700c67398-NettyServerStreamRpc-bossGroup; Thread size is 0.
2025-09-07 09:44:01,863 [ForkJoinPool-1-worker-1] INFO  netty.NettyUtils (NettyUtils.java:newEventLoopGroup(74)) - Create EpollEventLoopGroup for e6e13cb3-e32b-4d2d-874a-1e4700c67398-NettyServerStreamRpc-workerGroup; Thread size is 0.
2025-09-07 09:44:01,863 [ForkJoinPool-1-worker-1] INFO  netty.NettyConfigKeys$DataStream (ConfUtils.java:logGet(62)) - raft.netty.dataStream.port = 15056 (custom)
2025-09-07 09:44:01,864 [ForkJoinPool-1-worker-1] INFO  server.RaftServerConfigKeys (ConfUtils.java:logGet(62)) - raft.server.storage.dir = [/home/runner/work/ozone/ozone/hadoop-ozone/integration-test/target/test-dir/MiniOzoneClusterImpl-023d5a78-e64c-43f3-a4d9-6f7884931d6c/ozone-metadata/datanode-6/ratis] (custom)
2025-09-07 09:44:01,865 [e6e13cb3-e32b-4d2d-874a-1e4700c67398-NettyServerStreamRpc-bossGroup--thread1] INFO  logging.LoggingHandler (AbstractInternalLogger.java:log(148)) - [id: 0x1ce658d4] REGISTERED
2025-09-07 09:44:01,865 [e6e13cb3-e32b-4d2d-874a-1e4700c67398-NettyServerStreamRpc-bossGroup--thread1] INFO  logging.LoggingHandler (AbstractInternalLogger.java:log(148)) - [id: 0x1ce658d4] BIND: 0.0.0.0/0.0.0.0:15056
2025-09-07 09:44:01,865 [e6e13cb3-e32b-4d2d-874a-1e4700c67398-NettyServerStreamRpc-bossGroup--thread1] INFO  logging.LoggingHandler (AbstractInternalLogger.java:log(148)) - [id: 0x1ce658d4, L:/0.0.0.0:15056] ACTIVE
2025-09-07 09:44:01,865 [e6e13cb3-e32b-4d2d-874a-1e4700c67398-impl-thread1] INFO  server.RaftServer (RaftServerProxy.java:initGroupDir(270)) - e6e13cb3-e32b-4d2d-874a-1e4700c67398: found a subdirectory /home/runner/work/ozone/ozone/hadoop-ozone/integration-test/target/test-dir/MiniOzoneClusterImpl-023d5a78-e64c-43f3-a4d9-6f7884931d6c/ozone-metadata/datanode-6/ratis/tmp
2025-09-07 09:44:01,865 [e6e13cb3-e32b-4d2d-874a-1e4700c67398-impl-thread1] INFO  server.RaftServer (RaftServerProxy.java:initGroupDir(275)) - e6e13cb3-e32b-4d2d-874a-1e4700c67398: The directory /home/runner/work/ozone/ozone/hadoop-ozone/integration-test/target/test-dir/MiniOzoneClusterImpl-023d5a78-e64c-43f3-a4d9-6f7884931d6c/ozone-metadata/datanode-6/ratis/tmp is not a group directory; ignoring it. 
2025-09-07 09:44:01,866 [ForkJoinPool-1-worker-1] INFO  replication.ReplicationServer (ReplicationServer.java:<init>(84)) - Initializing replication server with thread count = 10 queue length = 4096
2025-09-07 09:44:01,867 [ForkJoinPool-1-worker-1] INFO  server.XceiverServerGrpc (XceiverServerGrpc.java:<init>(130)) - GrpcServer channel type EpollServerSocketChannel
2025-09-07 09:44:01,869 [ForkJoinPool-1-worker-1] INFO  replication.ReplicationSupervisor (ReplicationSupervisor.java:build(169)) - Initializing replication supervisor with thread count = 10
2025-09-07 09:44:01,869 [ForkJoinPool-1-worker-1] INFO  replication.ReplicationSupervisor (ReplicationSupervisor.java:nodeStateUpdated(358)) - Node state updated to IN_SERVICE, scaling executor pool size to 10
2025-09-07 09:44:01,872 [ForkJoinPool-1-worker-1] INFO  http.BaseHttpServer (BaseHttpServer.java:newHttpServer2BuilderForOzone(227)) - Starting Web-server for hddsDatanode at: http://0.0.0.0:15050
2025-09-07 09:44:01,872 [ForkJoinPool-1-worker-1] INFO  http.BaseHttpServer (BaseHttpServer.java:<init>(105)) - Hadoop Security Enabled: false Ozone Security Enabled: false Ozone HTTP Security Enabled: false 
2025-09-07 09:44:01,874 [ForkJoinPool-1-worker-1] WARN  server.AuthenticationFilter (AuthenticationFilter.java:constructSecretProvider(240)) - Unable to initialize FileSignerSecretProvider, falling back to use random secrets. Reason: Could not read signature secret file: /home/runner/hadoop-http-auth-signature-secret
2025-09-07 09:44:01,877 [ForkJoinPool-1-worker-1] INFO  http.HttpServer2 (HttpServer2.java:addGlobalFilter(1041)) - Added global filter 'safety' (class=org.apache.hadoop.hdds.server.http.HttpServer2$QuotingInputFilter)
2025-09-07 09:44:01,879 [ForkJoinPool-1-worker-1] INFO  http.HttpServer2 (HttpServer2.java:addFilter(1017)) - Added filter static_user_filter (class=org.apache.hadoop.http.lib.StaticUserWebFilter$StaticUserFilter) to context hddsDatanode
2025-09-07 09:44:01,879 [ForkJoinPool-1-worker-1] INFO  http.HttpServer2 (HttpServer2.java:addFilter(1025)) - Added filter static_user_filter (class=org.apache.hadoop.http.lib.StaticUserWebFilter$StaticUserFilter) to context logs
2025-09-07 09:44:01,879 [ForkJoinPool-1-worker-1] INFO  http.HttpServer2 (HttpServer2.java:addFilter(1025)) - Added filter static_user_filter (class=org.apache.hadoop.http.lib.StaticUserWebFilter$StaticUserFilter) to context static
2025-09-07 09:44:01,880 [ForkJoinPool-1-worker-1] INFO  http.BaseHttpServer (BaseHttpServer.java:<init>(193)) - HTTP server of hddsDatanode uses base directory /home/runner/work/ozone/ozone/hadoop-ozone/integration-test/target/test-dir/MiniOzoneClusterImpl-023d5a78-e64c-43f3-a4d9-6f7884931d6c/scm/ozone-metadata/webserver
2025-09-07 09:44:01,880 [ForkJoinPool-1-worker-1] INFO  http.HttpServer2 (HttpServer2.java:bindListener(1241)) - Jetty bound to port 15050
2025-09-07 09:44:01,880 [ForkJoinPool-1-worker-1] INFO  server.Server (Server.java:doStart(375)) - jetty-9.4.58.v20250814; built: 2025-08-14T02:28:49.637Z; git: 8f1440587e9e4ae7db3d74cf205643f3d707148d; jvm 21.0.8+9-LTS
2025-09-07 09:44:01,885 [ForkJoinPool-1-worker-1] INFO  server.session (DefaultSessionIdManager.java:doStart(334)) - DefaultSessionIdManager workerName=node0
2025-09-07 09:44:01,885 [ForkJoinPool-1-worker-1] INFO  server.session (DefaultSessionIdManager.java:doStart(339)) - No SessionScavenger set, using defaults
2025-09-07 09:44:01,885 [ForkJoinPool-1-worker-1] INFO  server.session (HouseKeeper.java:startScavenging(132)) - node0 Scavenging every 600000ms
2025-09-07 09:44:01,886 [ForkJoinPool-1-worker-1] INFO  handler.ContextHandler (ContextHandler.java:doStart(921)) - Started o.e.j.s.ServletContextHandler@23ba375c{logs,/logs,file:///home/runner/work/ozone/ozone/hadoop-ozone/integration-test/target/log,AVAILABLE}
2025-09-07 09:44:01,886 [ForkJoinPool-1-worker-1] INFO  handler.ContextHandler (ContextHandler.java:doStart(921)) - Started o.e.j.s.ServletContextHandler@6c81eccb{static,/static,jar:file:/home/runner/work/ozone/ozone/hadoop-hdds/container-service/target/hdds-container-service-2.1.0-SNAPSHOT.jar!/webapps/static,AVAILABLE}
2025-09-07 09:44:01,943 [IPC Server handler 4 on default port 15002] INFO  net.NetworkTopologyImpl (NetworkTopologyImpl.java:add(133)) - Added a new node: /rack1/8500c972-c6d1-4433-9d49-a8e3bb920002
2025-09-07 09:44:01,944 [IPC Server handler 4 on default port 15002] INFO  node.SCMNodeManager (SCMNodeManager.java:register(423)) - Registered datanode: 8500c972-c6d1-4433-9d49-a8e3bb920002{ip: 127.0.0.1, host: localhost, ports: [HTTP=15018, CLIENT_RPC=15019, REPLICATION=15025, RATIS=15021, RATIS_ADMIN=15022, RATIS_SERVER=15023, RATIS_DATASTREAM=15024, STANDALONE=15020], networkLocation: /rack1, certSerialId: null, persistedOpState: null, persistedOpStateExpiryEpochSec: 0}
2025-09-07 09:44:01,944 [EventQueue-NewNodeForNewNodeHandler] INFO  pipeline.BackgroundPipelineCreator (BackgroundPipelineCreator.java:notifyEventTriggered(290)) - trigger a one-shot run on RatisPipelineUtilsThread.
2025-09-07 09:44:01,945 [EventQueue-NodeRegistrationContainerReportForDataNodeSafeModeRule] INFO  safemode.SCMSafeModeManager (DataNodeSafeModeRule.java:process(80)) - SCM in safe mode. 2 DataNodes registered, 3 required.
2025-09-07 09:44:01,945 [EventQueue-PipelineReportForOneReplicaPipelineSafeModeRule] INFO  safemode.SCMSafeModeManager (SCMSafeModeManager.java:validateSafeModeExitRules(138)) - AtleastOneDatanodeReportedRule rule is successfully validated
2025-09-07 09:44:01,946 [RatisPipelineUtilsThread-0] INFO  pipeline.RatisPipelineProvider (RatisPipelineProvider.java:lambda$create$0(208)) - Sending CreatePipelineCommand for pipeline:Pipeline-964e2755-6250-4d78-b504-7b86a1802608 to datanode:8500c972-c6d1-4433-9d49-a8e3bb920002(localhost/127.0.0.1)
2025-09-07 09:44:01,946 [EventQueue-ContainerRegistrationReportForECContainerSafeModeRule] INFO  safemode.SCMSafeModeManager (SCMSafeModeManager.java:validateSafeModeExitRules(138)) - ECContainerSafeModeRule rule is successfully validated
2025-09-07 09:44:01,946 [EventQueue-ContainerRegistrationReportForRatisContainerSafeModeRule] INFO  safemode.SCMSafeModeManager (SCMSafeModeManager.java:validateSafeModeExitRules(138)) - RatisContainerSafeModeRule rule is successfully validated
2025-09-07 09:44:01,950 [a68d7e4a-8be2-4109-84e0-ed7537249ab2@group-6F7884931D6C-StateMachineUpdater] INFO  safemode.SCMSafeModeManager (SCMSafeModeManager.java:validateSafeModeExitRules(138)) - RatisContainerSafeModeRule rule is successfully validated
2025-09-07 09:44:01,950 [a68d7e4a-8be2-4109-84e0-ed7537249ab2@group-6F7884931D6C-StateMachineUpdater] INFO  safemode.HealthyPipelineSafeModeRule (HealthyPipelineSafeModeRule.java:initializeRule(228)) - Refreshed total pipeline count is 0, healthy pipeline threshold count is 1
2025-09-07 09:44:01,950 [a68d7e4a-8be2-4109-84e0-ed7537249ab2@group-6F7884931D6C-StateMachineUpdater] INFO  safemode.SCMSafeModeManager (SCMSafeModeManager.java:validateSafeModeExitRules(138)) - ECContainerSafeModeRule rule is successfully validated
2025-09-07 09:44:01,951 [a68d7e4a-8be2-4109-84e0-ed7537249ab2@group-6F7884931D6C-StateMachineUpdater] INFO  safemode.SCMSafeModeManager (SCMSafeModeManager.java:validateSafeModeExitRules(138)) - AtleastOneDatanodeReportedRule rule is successfully validated
2025-09-07 09:44:01,951 [RatisPipelineUtilsThread-0] INFO  pipeline.BackgroundPipelineCreator (BackgroundPipelineCreator.java:createPipelines(246)) - Created new pipeline Pipeline{ Id: 964e2755-6250-4d78-b504-7b86a1802608, Nodes: [ {8500c972-c6d1-4433-9d49-a8e3bb920002(localhost/127.0.0.1), ReplicaIndex: 0},], ReplicationConfig: RATIS/ONE, State:ALLOCATED, leaderId:, CreationTimestamp2025-09-07T09:44:01.946029703Z[Etc/UTC]}
2025-09-07 09:44:02,052 [7c7182dc-ac7f-44a8-b1d4-5d10f99cbcf2-EndpointStateMachineTaskThread-/0.0.0.0:15002-0 ] INFO  utils.DatanodeStoreCache (DatanodeStoreCache.java:addDB(70)) - Added db /home/runner/work/ozone/ozone/hadoop-ozone/integration-test/target/test-dir/MiniOzoneClusterImpl-023d5a78-e64c-43f3-a4d9-6f7884931d6c/ozone-metadata/datanode-4/data-0/hdds/023d5a78-e64c-43f3-a4d9-6f7884931d6c/DS-670d5789-61e1-408c-a8be-006216e53fc7/container.db to cache
2025-09-07 09:44:02,052 [7c7182dc-ac7f-44a8-b1d4-5d10f99cbcf2-EndpointStateMachineTaskThread-/0.0.0.0:15002-0 ] INFO  volume.HddsVolume (HddsVolume.java:createDbStore(576)) - SchemaV3 db is created and loaded at /home/runner/work/ozone/ozone/hadoop-ozone/integration-test/target/test-dir/MiniOzoneClusterImpl-023d5a78-e64c-43f3-a4d9-6f7884931d6c/ozone-metadata/datanode-4/data-0/hdds/023d5a78-e64c-43f3-a4d9-6f7884931d6c/DS-670d5789-61e1-408c-a8be-006216e53fc7/container.db for volume DS-670d5789-61e1-408c-a8be-006216e53fc7
2025-09-07 09:44:02,057 [7c7182dc-ac7f-44a8-b1d4-5d10f99cbcf2-ContainerReader-0] INFO  ozoneimpl.ContainerReader (ContainerReader.java:readVolume(147)) - Start to verify containers on volume /home/runner/work/ozone/ozone/hadoop-ozone/integration-test/target/test-dir/MiniOzoneClusterImpl-023d5a78-e64c-43f3-a4d9-6f7884931d6c/ozone-metadata/datanode-4/data-0/hdds
2025-09-07 09:44:02,057 [7c7182dc-ac7f-44a8-b1d4-5d10f99cbcf2-ContainerReader-0] INFO  ozoneimpl.ContainerReader (ContainerReader.java:readVolume(177)) - Finish verifying containers on volume /home/runner/work/ozone/ozone/hadoop-ozone/integration-test/target/test-dir/MiniOzoneClusterImpl-023d5a78-e64c-43f3-a4d9-6f7884931d6c/ozone-metadata/datanode-4/data-0/hdds
2025-09-07 09:44:02,058 [7c7182dc-ac7f-44a8-b1d4-5d10f99cbcf2-EndpointStateMachineTaskThread-/0.0.0.0:15002-0 ] INFO  ozoneimpl.OzoneContainer (OzoneContainer.java:buildContainerSet(370)) - Build ContainerSet costs 0s
2025-09-07 09:44:02,059 [7c7182dc-ac7f-44a8-b1d4-5d10f99cbcf2-EndpointStateMachineTaskThread-/0.0.0.0:15002-0 ] INFO  volume.ThrottledAsyncChecker (ThrottledAsyncChecker.java:schedule(138)) - Scheduling a check for /home/runner/work/ozone/ozone/hadoop-ozone/integration-test/target/test-dir/MiniOzoneClusterImpl-023d5a78-e64c-43f3-a4d9-6f7884931d6c/ozone-metadata/datanode-4/data-0/hdds
2025-09-07 09:44:02,060 [7c7182dc-ac7f-44a8-b1d4-5d10f99cbcf2-EndpointStateMachineTaskThread-/0.0.0.0:15002-0 ] INFO  volume.StorageVolumeChecker (StorageVolumeChecker.java:checkAllVolumes(231)) - Scheduled health check for volume /home/runner/work/ozone/ozone/hadoop-ozone/integration-test/target/test-dir/MiniOzoneClusterImpl-023d5a78-e64c-43f3-a4d9-6f7884931d6c/ozone-metadata/datanode-4/data-0/hdds
2025-09-07 09:44:02,067 [7c7182dc-ac7f-44a8-b1d4-5d10f99cbcf2-EndpointStateMachineTaskThread-/0.0.0.0:15002-0 ] INFO  volume.ThrottledAsyncChecker (ThrottledAsyncChecker.java:schedule(138)) - Scheduling a check for /home/runner/work/ozone/ozone/hadoop-ozone/integration-test/target/test-dir/MiniOzoneClusterImpl-023d5a78-e64c-43f3-a4d9-6f7884931d6c/ozone-metadata/datanode-4/ratis
2025-09-07 09:44:02,069 [7c7182dc-ac7f-44a8-b1d4-5d10f99cbcf2-EndpointStateMachineTaskThread-/0.0.0.0:15002-0 ] INFO  volume.StorageVolumeChecker (StorageVolumeChecker.java:checkAllVolumes(231)) - Scheduled health check for volume /home/runner/work/ozone/ozone/hadoop-ozone/integration-test/target/test-dir/MiniOzoneClusterImpl-023d5a78-e64c-43f3-a4d9-6f7884931d6c/ozone-metadata/datanode-4/ratis
2025-09-07 09:44:02,074 [7c7182dc-ac7f-44a8-b1d4-5d10f99cbcf2-EndpointStateMachineTaskThread-/0.0.0.0:15002-0 ] INFO  ozoneimpl.OzoneContainer (OzoneContainer.java:start(525)) - Attempting to start container services.
2025-09-07 09:44:02,074 [ForkJoinPool-1-worker-1] INFO  handler.ContextHandler (ContextHandler.java:doStart(921)) - Started o.e.j.w.WebAppContext@6cf27b8b{hddsDatanode,/,file:///home/runner/work/ozone/ozone/hadoop-ozone/integration-test/target/test-dir/MiniOzoneClusterImpl-023d5a78-e64c-43f3-a4d9-6f7884931d6c/scm/ozone-metadata/webserver/jetty-0_0_0_0-15050-hdds-container-service-2_1_0-SNAPSHOT_jar-_-any-790011353428158663/webapp/,AVAILABLE}{jar:file:/home/runner/work/ozone/ozone/hadoop-hdds/container-service/target/hdds-container-service-2.1.0-SNAPSHOT.jar!/webapps/hddsDatanode}
2025-09-07 09:44:02,075 [ContainerMetadataScanner] INFO  ozoneimpl.AbstractBackgroundContainerScanner (AbstractBackgroundContainerScanner.java:runIteration(89)) - Completed an iteration in 0 minutes. Number of iterations (since the data-node restart) : 1, Number of containers scanned in this iteration : 0, Number of unhealthy containers found in this iteration : 0
2025-09-07 09:44:02,075 [ForkJoinPool-1-worker-1] INFO  server.AbstractConnector (AbstractConnector.java:doStart(333)) - Started ServerConnector@455bca8b{HTTP/1.1, (http/1.1)}{0.0.0.0:15050}
2025-09-07 09:44:02,075 [ForkJoinPool-1-worker-1] INFO  server.Server (Server.java:doStart(415)) - Started @12821ms
2025-09-07 09:44:02,075 [ForkJoinPool-1-worker-1] WARN  impl.MetricsSystemImpl (MetricsSystemImpl.java:register(279)) - Sink prometheus already exists!
2025-09-07 09:44:02,075 [ForkJoinPool-1-worker-1] INFO  http.BaseHttpServer (BaseHttpServer.java:updateConnectorAddress(357)) - HTTP server of hddsDatanode listening at http://localhost:15050
2025-09-07 09:44:02,076 [ContainerDataScanner(/home/runner/work/ozone/ozone/hadoop-ozone/integration-test/target/test-dir/MiniOzoneClusterImpl-023d5a78-e64c-43f3-a4d9-6f7884931d6c/ozone-metadata/datanode-4/data-0/hdds)] INFO  ozoneimpl.AbstractBackgroundContainerScanner (AbstractBackgroundContainerScanner.java:runIteration(89)) - Completed an iteration in 0 minutes. Number of iterations (since the data-node restart) : 1, Number of containers scanned in this iteration : 0, Number of unhealthy containers found in this iteration : 0
2025-09-07 09:44:02,076 [ForkJoinPool-1-worker-1] INFO  ipc.CallQueueManager (CallQueueManager.java:<init>(93)) - Using callQueue: class java.util.concurrent.LinkedBlockingQueue, queueCapacity: 1000, scheduler: class org.apache.hadoop.ipc.DefaultRpcScheduler, ipcBackoff: false, ipcFailOver: false.
2025-09-07 09:44:02,076 [ForkJoinPool-1-worker-1] INFO  ipc.Server (Server.java:<init>(1438)) - Listener at 0.0.0.0:15051
2025-09-07 09:44:02,077 [Socket Reader #1 for port 15051] INFO  ipc.Server (Server.java:run(1474)) - Starting Socket Reader #1 for port 15051
2025-09-07 09:44:02,077 [7c7182dc-ac7f-44a8-b1d4-5d10f99cbcf2-EndpointStateMachineTaskThread-/0.0.0.0:15002-0 ] INFO  replication.ReplicationServer (ReplicationServer.java:start(137)) - ReplicationServer is started using port 15041
2025-09-07 09:44:02,078 [7c7182dc-ac7f-44a8-b1d4-5d10f99cbcf2-EndpointStateMachineTaskThread-/0.0.0.0:15002-0 ] INFO  ratis.XceiverServerRatis (XceiverServerRatis.java:start(562)) - Starting XceiverServerRatis(7c7182dc-ac7f-44a8-b1d4-5d10f99cbcf2)
2025-09-07 09:44:02,078 [Socket Reader #2 for port 15051] INFO  ipc.Server (Server.java:run(1474)) - Starting Socket Reader #2 for port 15051
2025-09-07 09:44:02,079 [Socket Reader #3 for port 15051] INFO  ipc.Server (Server.java:run(1474)) - Starting Socket Reader #3 for port 15051
2025-09-07 09:44:02,079 [Socket Reader #4 for port 15051] INFO  ipc.Server (Server.java:run(1474)) - Starting Socket Reader #4 for port 15051
2025-09-07 09:44:02,080 [Socket Reader #5 for port 15051] INFO  ipc.Server (Server.java:run(1474)) - Starting Socket Reader #5 for port 15051
2025-09-07 09:44:02,080 [7c7182dc-ac7f-44a8-b1d4-5d10f99cbcf2-EndpointStateMachineTaskThread-/0.0.0.0:15002-0 ] INFO  server.RaftServer (RaftServerProxy.java:startImpl(412)) - 7c7182dc-ac7f-44a8-b1d4-5d10f99cbcf2: start RPC server
2025-09-07 09:44:02,080 [Socket Reader #6 for port 15051] INFO  ipc.Server (Server.java:run(1474)) - Starting Socket Reader #6 for port 15051
2025-09-07 09:44:02,080 [Socket Reader #7 for port 15051] INFO  ipc.Server (Server.java:run(1474)) - Starting Socket Reader #7 for port 15051
2025-09-07 09:44:02,080 [7c7182dc-ac7f-44a8-b1d4-5d10f99cbcf2-EndpointStateMachineTaskThread-/0.0.0.0:15002-0 ] INFO  server.GrpcServicesImpl (GrpcServicesImpl.java:startImpl(346)) - 7c7182dc-ac7f-44a8-b1d4-5d10f99cbcf2: GrpcServicesImpl started, listening on 15037
2025-09-07 09:44:02,081 [Socket Reader #8 for port 15051] INFO  ipc.Server (Server.java:run(1474)) - Starting Socket Reader #8 for port 15051
2025-09-07 09:44:02,081 [Socket Reader #9 for port 15051] INFO  ipc.Server (Server.java:run(1474)) - Starting Socket Reader #9 for port 15051
2025-09-07 09:44:02,081 [7c7182dc-ac7f-44a8-b1d4-5d10f99cbcf2-EndpointStateMachineTaskThread-/0.0.0.0:15002-0 ] INFO  server.GrpcServicesImpl (GrpcServicesImpl.java:startImpl(346)) - 7c7182dc-ac7f-44a8-b1d4-5d10f99cbcf2: GrpcServicesImpl started, listening on 15039
2025-09-07 09:44:02,081 [Socket Reader #10 for port 15051] INFO  ipc.Server (Server.java:run(1474)) - Starting Socket Reader #10 for port 15051
2025-09-07 09:44:02,081 [7c7182dc-ac7f-44a8-b1d4-5d10f99cbcf2-EndpointStateMachineTaskThread-/0.0.0.0:15002-0 ] INFO  server.GrpcServicesImpl (GrpcServicesImpl.java:startImpl(346)) - 7c7182dc-ac7f-44a8-b1d4-5d10f99cbcf2: GrpcServicesImpl started, listening on 15038
2025-09-07 09:44:02,082 [7c7182dc-ac7f-44a8-b1d4-5d10f99cbcf2-EndpointStateMachineTaskThread-/0.0.0.0:15002-0 ] INFO  ratis.XceiverServerRatis (XceiverServerRatis.java:getRealPort(589)) - XceiverServerRatis(7c7182dc-ac7f-44a8-b1d4-5d10f99cbcf2) is started using port RATIS=15037
2025-09-07 09:44:02,082 [7c7182dc-ac7f-44a8-b1d4-5d10f99cbcf2-EndpointStateMachineTaskThread-/0.0.0.0:15002-0 ] INFO  ratis.XceiverServerRatis (XceiverServerRatis.java:getRealPort(589)) - XceiverServerRatis(7c7182dc-ac7f-44a8-b1d4-5d10f99cbcf2) is started using port RATIS_ADMIN=15038
2025-09-07 09:44:02,082 [7c7182dc-ac7f-44a8-b1d4-5d10f99cbcf2-EndpointStateMachineTaskThread-/0.0.0.0:15002-0 ] INFO  ratis.XceiverServerRatis (XceiverServerRatis.java:getRealPort(589)) - XceiverServerRatis(7c7182dc-ac7f-44a8-b1d4-5d10f99cbcf2) is started using port RATIS_SERVER=15039
2025-09-07 09:44:02,082 [7c7182dc-ac7f-44a8-b1d4-5d10f99cbcf2-EndpointStateMachineTaskThread-/0.0.0.0:15002-0 ] INFO  ratis.XceiverServerRatis (XceiverServerRatis.java:getRealPort(589)) - XceiverServerRatis(7c7182dc-ac7f-44a8-b1d4-5d10f99cbcf2) is started using port RATIS_DATASTREAM=15040
2025-09-07 09:44:02,082 [JvmPauseMonitor6] INFO  util.JvmPauseMonitor (JvmPauseMonitor.java:run(146)) - JvmPauseMonitor-7c7182dc-ac7f-44a8-b1d4-5d10f99cbcf2: Started
2025-09-07 09:44:02,084 [7c7182dc-ac7f-44a8-b1d4-5d10f99cbcf2-EndpointStateMachineTaskThread-/0.0.0.0:15002-0 ] INFO  utils.BackgroundService (BackgroundService.java:start(119)) - Starting service BlockDeletingService with interval 60000 milliseconds
2025-09-07 09:44:02,084 [ForkJoinPool-1-worker-1] INFO  ozone.HddsDatanodeService (HddsDatanodeService.java:start(333)) - Datanode start with admins: [admin, runner]
2025-09-07 09:44:02,084 [ForkJoinPool-1-worker-1] INFO  ozone.HddsDatanodeClientProtocolServer (HddsDatanodeClientProtocolServer.java:start(76)) - RPC server for Client /0.0.0.0:15051
2025-09-07 09:44:02,084 [7c7182dc-ac7f-44a8-b1d4-5d10f99cbcf2-EndpointStateMachineTaskThread-/0.0.0.0:15002-0 ] INFO  utils.BackgroundService (BackgroundService.java:start(119)) - Starting service StaleRecoveringContainerScrubbingService with interval 60000 milliseconds
2025-09-07 09:44:02,085 [IPC Server Responder] INFO  ipc.Server (Server.java:run(1713)) - IPC Server Responder: starting
2025-09-07 09:44:02,085 [IPC Server listener on 15051] INFO  ipc.Server (Server.java:run(1553)) - IPC Server listener on 15051: starting
2025-09-07 09:44:02,088 [ForkJoinPool-1-worker-1] WARN  dropwizard3.Dm3MetricRegistriesImpl (Dm3MetricRegistriesImpl.java:addReporterRegistration(114)) - New reporters are added after registries were created. Some metrics will be missing from the reporter. Please add reporter before adding any new registry.
2025-09-07 09:44:02,088 [ForkJoinPool-1-worker-1] WARN  dropwizard3.Dm3MetricRegistriesImpl (Dm3MetricRegistriesImpl.java:addReporterRegistration(114)) - New reporters are added after registries were created. Some metrics will be missing from the reporter. Please add reporter before adding any new registry.
2025-09-07 09:44:02,088 [ForkJoinPool-1-worker-1] INFO  impl.MetricsSystemImpl (MetricsSystemImpl.java:init(158)) - HddsDatanode metrics system started (again)
2025-09-07 09:44:02,090 [e6e13cb3-e32b-4d2d-874a-1e4700c67398-DatanodeStateMachineDaemonThread] INFO  statemachine.DatanodeStateMachine (DatanodeStateMachine.java:startStateMachineThread(347)) - Ozone container server started.
2025-09-07 09:44:02,095 [e6e13cb3-e32b-4d2d-874a-1e4700c67398-DatanodeStateMachineTaskThread-0] INFO  datanode.InitDatanodeState (InitDatanodeState.java:persistContainerDatanodeDetails(139)) - DatanodeDetails is persisted to /home/runner/work/ozone/ozone/hadoop-ozone/integration-test/target/test-dir/MiniOzoneClusterImpl-023d5a78-e64c-43f3-a4d9-6f7884931d6c/ozone-metadata/datanode-6/ozone-metadata/datanode.id
2025-09-07 09:44:02,108 [ForkJoinPool-1-worker-1] INFO  protocol.DatanodeDetails (DatanodeDetails.java:validateDatanodeIpAddress(199)) - Updating IP address of datanode c7c0d573-77b1-47db-b09e-d84959a4a43f(localhost/null) to 127.0.0.1
2025-09-07 09:44:02,109 [ForkJoinPool-1-worker-1] INFO  ozone.HddsDatanodeService (HddsDatanodeService.java:start(236)) - HddsDatanodeService c7c0d573-77b1-47db-b09e-d84959a4a43f(localhost/127.0.0.1)
2025-09-07 09:44:02,111 [ForkJoinPool-1-worker-1] INFO  upgrade.AbstractLayoutVersionManager (AbstractLayoutVersionManager.java:init(80)) - Initializing Layout version manager with metadata layout = WITNESSED_CONTAINER_DB_PROTO_VALUE (version = 9), software layout = WITNESSED_CONTAINER_DB_PROTO_VALUE (version = 9)
2025-09-07 09:44:02,111 [ForkJoinPool-1-worker-1] INFO  statemachine.DatanodeStateMachine (DatanodeStateMachine.java:getEndPointTaskThreadPoolSize(305)) - Datanode State Machine Task Thread Pool size 2
2025-09-07 09:44:02,115 [ForkJoinPool-1-worker-1] INFO  volume.HddsVolume (HddsVolume.java:<init>(162)) - HddsVolume: { id=DS-10ac8ed4-cc74-4a81-99ac-2631c708c822 dir=/home/runner/work/ozone/ozone/hadoop-ozone/integration-test/target/test-dir/MiniOzoneClusterImpl-023d5a78-e64c-43f3-a4d9-6f7884931d6c/ozone-metadata/datanode-7/data-0/hdds type=DISK capacity=9222449699674390527 used=0 available=9222449699674390527 minFree=9222450130714624 committed=0 }
2025-09-07 09:44:02,115 [ForkJoinPool-1-worker-1] INFO  volume.MutableVolumeSet (MutableVolumeSet.java:initializeVolumeSet(175)) - Added Volume : /home/runner/work/ozone/ozone/hadoop-ozone/integration-test/target/test-dir/MiniOzoneClusterImpl-023d5a78-e64c-43f3-a4d9-6f7884931d6c/ozone-metadata/datanode-7/data-0/hdds to VolumeSet
2025-09-07 09:44:02,116 [ForkJoinPool-1-worker-1] INFO  volume.MutableVolumeSet (MutableVolumeSet.java:initializeVolumeSet(175)) - Added Volume : /home/runner/work/ozone/ozone/hadoop-ozone/integration-test/target/test-dir/MiniOzoneClusterImpl-023d5a78-e64c-43f3-a4d9-6f7884931d6c/ozone-metadata/datanode-7/ratis to VolumeSet
2025-09-07 09:44:02,117 [ForkJoinPool-1-worker-1] INFO  ozoneimpl.OzoneContainer (HddsVolumeUtil.java:loadAllHddsVolumeDbStore(102)) - Load 1 volumes DbStore cost: 0ms
2025-09-07 09:44:02,117 [ForkJoinPool-1-worker-1] WARN  db.DBStoreBuilder (DBStoreBuilder.java:getDBDirPath(158)) - ozone.scm.datanode.id.dir is not configured. We recommend adding this setting. Falling back to ozone.metadata.dirs instead.
2025-09-07 09:44:02,118 [ForkJoinPool-1-worker-1] WARN  db.DBStoreBuilder (DBStoreBuilder.java:getDBDirPath(158)) - ozone.scm.datanode.id.dir is not configured. We recommend adding this setting. Falling back to ozone.metadata.dirs instead.
2025-09-07 09:44:02,132 [ForkJoinPool-1-worker-1] INFO  impl.FilePerChunkStrategy (FilePerChunkStrategy.java:<init>(79)) - ozone.chunk.read.mapped.buffer.max.count is load with 0
2025-09-07 09:44:02,132 [ForkJoinPool-1-worker-1] INFO  impl.FilePerBlockStrategy (FilePerBlockStrategy.java:<init>(88)) - ozone.chunk.read.mapped.buffer.max.count is load with 0
2025-09-07 09:44:02,134 [ForkJoinPool-1-worker-1] INFO  server.RaftServerConfigKeys (ConfUtils.java:logGet(62)) - raft.server.log.appender.buffer.byte-limit = 33554432 (custom)
2025-09-07 09:44:02,135 [ForkJoinPool-1-worker-1] INFO  grpc.GrpcConfigKeys (ConfUtils.java:logFallback(69)) - raft.grpc.admin.host = null (fallback to raft.grpc.server.host)
2025-09-07 09:44:02,135 [ForkJoinPool-1-worker-1] INFO  grpc.GrpcConfigKeys (ConfUtils.java:logGet(62)) - raft.grpc.admin.port = 15062 (custom)
2025-09-07 09:44:02,135 [ForkJoinPool-1-worker-1] INFO  grpc.GrpcConfigKeys (ConfUtils.java:logFallback(69)) - raft.grpc.client.host = null (fallback to raft.grpc.server.host)
2025-09-07 09:44:02,136 [ForkJoinPool-1-worker-1] INFO  grpc.GrpcConfigKeys (ConfUtils.java:logGet(62)) - raft.grpc.client.port = 15061 (custom)
2025-09-07 09:44:02,136 [ForkJoinPool-1-worker-1] INFO  grpc.GrpcConfigKeys (ConfUtils.java:logGet(62)) - raft.grpc.server.port = 15063 (custom)
2025-09-07 09:44:02,136 [ForkJoinPool-1-worker-1] INFO  server.GrpcServicesImpl (ConfUtils.java:logGet(62)) - raft.grpc.message.size.max = 34603008 (custom)
2025-09-07 09:44:02,136 [ForkJoinPool-1-worker-1] INFO  server.GrpcServicesImpl (ConfUtils.java:logGet(62)) - raft.grpc.flow.control.window = 5MB (=5242880) (custom)
2025-09-07 09:44:02,136 [ForkJoinPool-1-worker-1] INFO  server.RaftServerConfigKeys (ConfUtils.java:logGet(62)) - raft.server.log.appender.buffer.byte-limit = 33554432 (custom)
2025-09-07 09:44:02,138 [ForkJoinPool-1-worker-1] INFO  netty.NettyUtils (NettyUtils.java:newEventLoopGroup(74)) - Create EpollEventLoopGroup for c7c0d573-77b1-47db-b09e-d84959a4a43f-NettyServerStreamRpc-bossGroup; Thread size is 0.
2025-09-07 09:44:02,139 [ForkJoinPool-1-worker-1] INFO  netty.NettyUtils (NettyUtils.java:newEventLoopGroup(74)) - Create EpollEventLoopGroup for c7c0d573-77b1-47db-b09e-d84959a4a43f-NettyServerStreamRpc-workerGroup; Thread size is 0.
2025-09-07 09:44:02,139 [ForkJoinPool-1-worker-1] INFO  netty.NettyConfigKeys$DataStream (ConfUtils.java:logGet(62)) - raft.netty.dataStream.port = 15064 (custom)
2025-09-07 09:44:02,140 [ForkJoinPool-1-worker-1] INFO  server.RaftServerConfigKeys (ConfUtils.java:logGet(62)) - raft.server.storage.dir = [/home/runner/work/ozone/ozone/hadoop-ozone/integration-test/target/test-dir/MiniOzoneClusterImpl-023d5a78-e64c-43f3-a4d9-6f7884931d6c/ozone-metadata/datanode-7/ratis] (custom)
2025-09-07 09:44:02,140 [c7c0d573-77b1-47db-b09e-d84959a4a43f-NettyServerStreamRpc-bossGroup--thread1] INFO  logging.LoggingHandler (AbstractInternalLogger.java:log(148)) - [id: 0x6900a887] REGISTERED
2025-09-07 09:44:02,140 [c7c0d573-77b1-47db-b09e-d84959a4a43f-NettyServerStreamRpc-bossGroup--thread1] INFO  logging.LoggingHandler (AbstractInternalLogger.java:log(148)) - [id: 0x6900a887] BIND: 0.0.0.0/0.0.0.0:15064
2025-09-07 09:44:02,141 [c7c0d573-77b1-47db-b09e-d84959a4a43f-impl-thread1] INFO  server.RaftServer (RaftServerProxy.java:initGroupDir(270)) - c7c0d573-77b1-47db-b09e-d84959a4a43f: found a subdirectory /home/runner/work/ozone/ozone/hadoop-ozone/integration-test/target/test-dir/MiniOzoneClusterImpl-023d5a78-e64c-43f3-a4d9-6f7884931d6c/ozone-metadata/datanode-7/ratis/tmp
2025-09-07 09:44:02,141 [c7c0d573-77b1-47db-b09e-d84959a4a43f-NettyServerStreamRpc-bossGroup--thread1] INFO  logging.LoggingHandler (AbstractInternalLogger.java:log(148)) - [id: 0x6900a887, L:/0.0.0.0:15064] ACTIVE
2025-09-07 09:44:02,141 [c7c0d573-77b1-47db-b09e-d84959a4a43f-impl-thread1] INFO  server.RaftServer (RaftServerProxy.java:initGroupDir(275)) - c7c0d573-77b1-47db-b09e-d84959a4a43f: The directory /home/runner/work/ozone/ozone/hadoop-ozone/integration-test/target/test-dir/MiniOzoneClusterImpl-023d5a78-e64c-43f3-a4d9-6f7884931d6c/ozone-metadata/datanode-7/ratis/tmp is not a group directory; ignoring it. 
2025-09-07 09:44:02,141 [ForkJoinPool-1-worker-1] INFO  replication.ReplicationServer (ReplicationServer.java:<init>(84)) - Initializing replication server with thread count = 10 queue length = 4096
2025-09-07 09:44:02,142 [ForkJoinPool-1-worker-1] INFO  server.XceiverServerGrpc (XceiverServerGrpc.java:<init>(130)) - GrpcServer channel type EpollServerSocketChannel
2025-09-07 09:44:02,149 [ForkJoinPool-1-worker-1] INFO  replication.ReplicationSupervisor (ReplicationSupervisor.java:build(169)) - Initializing replication supervisor with thread count = 10
2025-09-07 09:44:02,149 [ForkJoinPool-1-worker-1] INFO  replication.ReplicationSupervisor (ReplicationSupervisor.java:nodeStateUpdated(358)) - Node state updated to IN_SERVICE, scaling executor pool size to 10
2025-09-07 09:44:02,153 [ForkJoinPool-1-worker-1] INFO  http.BaseHttpServer (BaseHttpServer.java:newHttpServer2BuilderForOzone(227)) - Starting Web-server for hddsDatanode at: http://0.0.0.0:15058
2025-09-07 09:44:02,153 [ForkJoinPool-1-worker-1] INFO  http.BaseHttpServer (BaseHttpServer.java:<init>(105)) - Hadoop Security Enabled: false Ozone Security Enabled: false Ozone HTTP Security Enabled: false 
2025-09-07 09:44:02,156 [ForkJoinPool-1-worker-1] WARN  server.AuthenticationFilter (AuthenticationFilter.java:constructSecretProvider(240)) - Unable to initialize FileSignerSecretProvider, falling back to use random secrets. Reason: Could not read signature secret file: /home/runner/hadoop-http-auth-signature-secret
2025-09-07 09:44:02,159 [ForkJoinPool-1-worker-1] INFO  http.HttpServer2 (HttpServer2.java:addGlobalFilter(1041)) - Added global filter 'safety' (class=org.apache.hadoop.hdds.server.http.HttpServer2$QuotingInputFilter)
2025-09-07 09:44:02,161 [ForkJoinPool-1-worker-1] INFO  http.HttpServer2 (HttpServer2.java:addFilter(1017)) - Added filter static_user_filter (class=org.apache.hadoop.http.lib.StaticUserWebFilter$StaticUserFilter) to context hddsDatanode
2025-09-07 09:44:02,161 [ForkJoinPool-1-worker-1] INFO  http.HttpServer2 (HttpServer2.java:addFilter(1025)) - Added filter static_user_filter (class=org.apache.hadoop.http.lib.StaticUserWebFilter$StaticUserFilter) to context logs
2025-09-07 09:44:02,161 [ForkJoinPool-1-worker-1] INFO  http.HttpServer2 (HttpServer2.java:addFilter(1025)) - Added filter static_user_filter (class=org.apache.hadoop.http.lib.StaticUserWebFilter$StaticUserFilter) to context static
2025-09-07 09:44:02,161 [ForkJoinPool-1-worker-1] INFO  http.BaseHttpServer (BaseHttpServer.java:<init>(193)) - HTTP server of hddsDatanode uses base directory /home/runner/work/ozone/ozone/hadoop-ozone/integration-test/target/test-dir/MiniOzoneClusterImpl-023d5a78-e64c-43f3-a4d9-6f7884931d6c/scm/ozone-metadata/webserver
2025-09-07 09:44:02,162 [ForkJoinPool-1-worker-1] INFO  http.HttpServer2 (HttpServer2.java:bindListener(1241)) - Jetty bound to port 15058
2025-09-07 09:44:02,162 [ForkJoinPool-1-worker-1] INFO  server.Server (Server.java:doStart(375)) - jetty-9.4.58.v20250814; built: 2025-08-14T02:28:49.637Z; git: 8f1440587e9e4ae7db3d74cf205643f3d707148d; jvm 21.0.8+9-LTS
2025-09-07 09:44:02,163 [ForkJoinPool-1-worker-1] INFO  server.session (DefaultSessionIdManager.java:doStart(334)) - DefaultSessionIdManager workerName=node0
2025-09-07 09:44:02,163 [ForkJoinPool-1-worker-1] INFO  server.session (DefaultSessionIdManager.java:doStart(339)) - No SessionScavenger set, using defaults
2025-09-07 09:44:02,164 [ForkJoinPool-1-worker-1] INFO  server.session (HouseKeeper.java:startScavenging(132)) - node0 Scavenging every 660000ms
2025-09-07 09:44:02,164 [ForkJoinPool-1-worker-1] INFO  handler.ContextHandler (ContextHandler.java:doStart(921)) - Started o.e.j.s.ServletContextHandler@2bcba760{logs,/logs,file:///home/runner/work/ozone/ozone/hadoop-ozone/integration-test/target/log,AVAILABLE}
2025-09-07 09:44:02,165 [ForkJoinPool-1-worker-1] INFO  handler.ContextHandler (ContextHandler.java:doStart(921)) - Started o.e.j.s.ServletContextHandler@77cc54d1{static,/static,jar:file:/home/runner/work/ozone/ozone/hadoop-hdds/container-service/target/hdds-container-service-2.1.0-SNAPSHOT.jar!/webapps/static,AVAILABLE}
2025-09-07 09:44:02,237 [IPC Server handler 8 on default port 15002] INFO  net.NetworkTopologyImpl (NetworkTopologyImpl.java:add(133)) - Added a new node: /rack1/95d41743-cdf0-4105-938b-93fe980aeffc
2025-09-07 09:44:02,238 [IPC Server handler 8 on default port 15002] INFO  node.SCMNodeManager (SCMNodeManager.java:register(423)) - Registered datanode: 95d41743-cdf0-4105-938b-93fe980aeffc{ip: 127.0.0.1, host: localhost, ports: [HTTP=15026, CLIENT_RPC=15027, REPLICATION=15033, RATIS=15029, RATIS_ADMIN=15030, RATIS_SERVER=15031, RATIS_DATASTREAM=15032, STANDALONE=15028], networkLocation: /rack1, certSerialId: null, persistedOpState: null, persistedOpStateExpiryEpochSec: 0}
2025-09-07 09:44:02,239 [EventQueue-ContainerRegistrationReportForRatisContainerSafeModeRule] INFO  safemode.SCMSafeModeManager (SCMSafeModeManager.java:validateSafeModeExitRules(138)) - RatisContainerSafeModeRule rule is successfully validated
2025-09-07 09:44:02,239 [EventQueue-NodeRegistrationContainerReportForDataNodeSafeModeRule] INFO  safemode.SCMSafeModeManager (DataNodeSafeModeRule.java:process(80)) - SCM in safe mode. 3 DataNodes registered, 3 required.
2025-09-07 09:44:02,239 [EventQueue-PipelineReportForOneReplicaPipelineSafeModeRule] INFO  safemode.SCMSafeModeManager (SCMSafeModeManager.java:validateSafeModeExitRules(138)) - AtleastOneDatanodeReportedRule rule is successfully validated
2025-09-07 09:44:02,239 [EventQueue-NodeRegistrationContainerReportForDataNodeSafeModeRule] INFO  safemode.SCMSafeModeManager (SCMSafeModeManager.java:validateSafeModeExitRules(138)) - DataNodeSafeModeRule rule is successfully validated
2025-09-07 09:44:02,239 [EventQueue-NodeRegistrationContainerReportForDataNodeSafeModeRule] INFO  safemode.SCMSafeModeManager (SCMSafeModeManager.java:validateSafeModeExitRules(151)) - All SCM safe mode pre check rules have passed
2025-09-07 09:44:02,239 [EventQueue-NodeRegistrationContainerReportForDataNodeSafeModeRule] INFO  ha.SCMContext (SCMContext.java:updateSafeModeStatus(224)) - Update SafeModeStatus from SafeModeStatus{safeModeStatus=true, preCheckPassed=false} to SafeModeStatus{safeModeStatus=true, preCheckPassed=true}.
2025-09-07 09:44:02,240 [EventQueue-NodeRegistrationContainerReportForDataNodeSafeModeRule] INFO  pipeline.BackgroundPipelineCreator (BackgroundPipelineCreator.java:notifyEventTriggered(290)) - trigger a one-shot run on RatisPipelineUtilsThread.
2025-09-07 09:44:02,240 [EventQueue-ContainerRegistrationReportForECContainerSafeModeRule] INFO  safemode.SCMSafeModeManager (SCMSafeModeManager.java:validateSafeModeExitRules(138)) - ECContainerSafeModeRule rule is successfully validated
2025-09-07 09:44:02,240 [EventQueue-NewNodeForNewNodeHandler] INFO  pipeline.BackgroundPipelineCreator (BackgroundPipelineCreator.java:notifyEventTriggered(290)) - trigger a one-shot run on RatisPipelineUtilsThread.
2025-09-07 09:44:02,240 [RatisPipelineUtilsThread-0] INFO  pipeline.RatisPipelineProvider (RatisPipelineProvider.java:lambda$create$0(208)) - Sending CreatePipelineCommand for pipeline:Pipeline-2c858840-64f0-47f7-8b6a-054c9c7be8b6 to datanode:95d41743-cdf0-4105-938b-93fe980aeffc(localhost/127.0.0.1)
2025-09-07 09:44:02,247 [a68d7e4a-8be2-4109-84e0-ed7537249ab2@group-6F7884931D6C-StateMachineUpdater] INFO  safemode.SCMSafeModeManager (SCMSafeModeManager.java:validateSafeModeExitRules(138)) - DataNodeSafeModeRule rule is successfully validated
2025-09-07 09:44:02,248 [a68d7e4a-8be2-4109-84e0-ed7537249ab2@group-6F7884931D6C-StateMachineUpdater] INFO  safemode.SCMSafeModeManager (SCMSafeModeManager.java:validateSafeModeExitRules(138)) - RatisContainerSafeModeRule rule is successfully validated
2025-09-07 09:44:02,248 [a68d7e4a-8be2-4109-84e0-ed7537249ab2@group-6F7884931D6C-StateMachineUpdater] INFO  safemode.HealthyPipelineSafeModeRule (HealthyPipelineSafeModeRule.java:initializeRule(228)) - Refreshed total pipeline count is 0, healthy pipeline threshold count is 1
2025-09-07 09:44:02,248 [a68d7e4a-8be2-4109-84e0-ed7537249ab2@group-6F7884931D6C-StateMachineUpdater] INFO  safemode.SCMSafeModeManager (SCMSafeModeManager.java:validateSafeModeExitRules(138)) - ECContainerSafeModeRule rule is successfully validated
2025-09-07 09:44:02,249 [a68d7e4a-8be2-4109-84e0-ed7537249ab2@group-6F7884931D6C-StateMachineUpdater] INFO  safemode.SCMSafeModeManager (SCMSafeModeManager.java:validateSafeModeExitRules(138)) - AtleastOneDatanodeReportedRule rule is successfully validated
2025-09-07 09:44:02,249 [RatisPipelineUtilsThread-0] INFO  pipeline.BackgroundPipelineCreator (BackgroundPipelineCreator.java:createPipelines(246)) - Created new pipeline Pipeline{ Id: 2c858840-64f0-47f7-8b6a-054c9c7be8b6, Nodes: [ {95d41743-cdf0-4105-938b-93fe980aeffc(localhost/127.0.0.1), ReplicaIndex: 0},], ReplicationConfig: RATIS/ONE, State:ALLOCATED, leaderId:, CreationTimestamp2025-09-07T09:44:02.240961411Z[Etc/UTC]}
2025-09-07 09:44:02,256 [RatisPipelineUtilsThread-0] INFO  pipeline.RatisPipelineProvider (RatisPipelineProvider.java:lambda$create$0(208)) - Sending CreatePipelineCommand for pipeline:Pipeline-3adef986-442f-409a-a79f-dde89b3f2afe to datanode:ff2509eb-55dd-4ad3-b532-83d6209e1a92(localhost/127.0.0.1)
2025-09-07 09:44:02,256 [RatisPipelineUtilsThread-0] INFO  pipeline.RatisPipelineProvider (RatisPipelineProvider.java:lambda$create$0(208)) - Sending CreatePipelineCommand for pipeline:Pipeline-3adef986-442f-409a-a79f-dde89b3f2afe to datanode:8500c972-c6d1-4433-9d49-a8e3bb920002(localhost/127.0.0.1)
2025-09-07 09:44:02,256 [RatisPipelineUtilsThread-0] INFO  pipeline.RatisPipelineProvider (RatisPipelineProvider.java:lambda$create$0(208)) - Sending CreatePipelineCommand for pipeline:Pipeline-3adef986-442f-409a-a79f-dde89b3f2afe to datanode:95d41743-cdf0-4105-938b-93fe980aeffc(localhost/127.0.0.1)
2025-09-07 09:44:02,263 [a68d7e4a-8be2-4109-84e0-ed7537249ab2@group-6F7884931D6C-StateMachineUpdater] INFO  safemode.SCMSafeModeManager (SCMSafeModeManager.java:validateSafeModeExitRules(138)) - DataNodeSafeModeRule rule is successfully validated
2025-09-07 09:44:02,264 [a68d7e4a-8be2-4109-84e0-ed7537249ab2@group-6F7884931D6C-StateMachineUpdater] INFO  safemode.SCMSafeModeManager (SCMSafeModeManager.java:validateSafeModeExitRules(138)) - RatisContainerSafeModeRule rule is successfully validated
2025-09-07 09:44:02,264 [a68d7e4a-8be2-4109-84e0-ed7537249ab2@group-6F7884931D6C-StateMachineUpdater] INFO  safemode.HealthyPipelineSafeModeRule (HealthyPipelineSafeModeRule.java:initializeRule(228)) - Refreshed total pipeline count is 0, healthy pipeline threshold count is 1
2025-09-07 09:44:02,265 [a68d7e4a-8be2-4109-84e0-ed7537249ab2@group-6F7884931D6C-StateMachineUpdater] INFO  safemode.SCMSafeModeManager (SCMSafeModeManager.java:validateSafeModeExitRules(138)) - ECContainerSafeModeRule rule is successfully validated
2025-09-07 09:44:02,265 [a68d7e4a-8be2-4109-84e0-ed7537249ab2@group-6F7884931D6C-StateMachineUpdater] INFO  safemode.SCMSafeModeManager (SCMSafeModeManager.java:validateSafeModeExitRules(138)) - AtleastOneDatanodeReportedRule rule is successfully validated
2025-09-07 09:44:02,266 [RatisPipelineUtilsThread-0] INFO  pipeline.BackgroundPipelineCreator (BackgroundPipelineCreator.java:createPipelines(246)) - Created new pipeline Pipeline{ Id: 3adef986-442f-409a-a79f-dde89b3f2afe, Nodes: [ {ff2509eb-55dd-4ad3-b532-83d6209e1a92(localhost/127.0.0.1), ReplicaIndex: 0}, {8500c972-c6d1-4433-9d49-a8e3bb920002(localhost/127.0.0.1), ReplicaIndex: 0}, {95d41743-cdf0-4105-938b-93fe980aeffc(localhost/127.0.0.1), ReplicaIndex: 0},], ReplicationConfig: RATIS/THREE, State:ALLOCATED, leaderId:, CreationTimestamp2025-09-07T09:44:02.256147185Z[Etc/UTC]}
2025-09-07 09:44:02,268 [RatisPipelineUtilsThread-0] INFO  pipeline.RatisPipelineProvider (RatisPipelineProvider.java:lambda$create$0(208)) - Sending CreatePipelineCommand for pipeline:Pipeline-766115e5-0d59-4db5-b7b5-77dc33c8a8ca to datanode:ff2509eb-55dd-4ad3-b532-83d6209e1a92(localhost/127.0.0.1)
2025-09-07 09:44:02,268 [RatisPipelineUtilsThread-0] INFO  pipeline.RatisPipelineProvider (RatisPipelineProvider.java:lambda$create$0(208)) - Sending CreatePipelineCommand for pipeline:Pipeline-766115e5-0d59-4db5-b7b5-77dc33c8a8ca to datanode:95d41743-cdf0-4105-938b-93fe980aeffc(localhost/127.0.0.1)
2025-09-07 09:44:02,268 [RatisPipelineUtilsThread-0] INFO  pipeline.RatisPipelineProvider (RatisPipelineProvider.java:lambda$create$0(208)) - Sending CreatePipelineCommand for pipeline:Pipeline-766115e5-0d59-4db5-b7b5-77dc33c8a8ca to datanode:8500c972-c6d1-4433-9d49-a8e3bb920002(localhost/127.0.0.1)
2025-09-07 09:44:02,274 [a68d7e4a-8be2-4109-84e0-ed7537249ab2@group-6F7884931D6C-StateMachineUpdater] INFO  safemode.SCMSafeModeManager (SCMSafeModeManager.java:validateSafeModeExitRules(138)) - DataNodeSafeModeRule rule is successfully validated
2025-09-07 09:44:02,274 [a68d7e4a-8be2-4109-84e0-ed7537249ab2@group-6F7884931D6C-StateMachineUpdater] INFO  safemode.SCMSafeModeManager (SCMSafeModeManager.java:validateSafeModeExitRules(138)) - RatisContainerSafeModeRule rule is successfully validated
2025-09-07 09:44:02,274 [a68d7e4a-8be2-4109-84e0-ed7537249ab2@group-6F7884931D6C-StateMachineUpdater] INFO  safemode.HealthyPipelineSafeModeRule (HealthyPipelineSafeModeRule.java:initializeRule(228)) - Refreshed total pipeline count is 0, healthy pipeline threshold count is 1
2025-09-07 09:44:02,275 [a68d7e4a-8be2-4109-84e0-ed7537249ab2@group-6F7884931D6C-StateMachineUpdater] INFO  safemode.SCMSafeModeManager (SCMSafeModeManager.java:validateSafeModeExitRules(138)) - ECContainerSafeModeRule rule is successfully validated
2025-09-07 09:44:02,275 [a68d7e4a-8be2-4109-84e0-ed7537249ab2@group-6F7884931D6C-StateMachineUpdater] INFO  safemode.SCMSafeModeManager (SCMSafeModeManager.java:validateSafeModeExitRules(138)) - AtleastOneDatanodeReportedRule rule is successfully validated
2025-09-07 09:44:02,275 [RatisPipelineUtilsThread-0] INFO  pipeline.PipelineManagerImpl (PipelineManagerImpl.java:recordMetricsForPipeline(922)) - Pipeline-766115e5-0d59-4db5-b7b5-77dc33c8a8ca and Pipeline-3adef986-442f-409a-a79f-dde89b3f2afe have exactly the same set of datanodes: [ff2509eb-55dd-4ad3-b532-83d6209e1a92(localhost/127.0.0.1), 95d41743-cdf0-4105-938b-93fe980aeffc(localhost/127.0.0.1), 8500c972-c6d1-4433-9d49-a8e3bb920002(localhost/127.0.0.1)]
2025-09-07 09:44:02,275 [RatisPipelineUtilsThread-0] INFO  pipeline.BackgroundPipelineCreator (BackgroundPipelineCreator.java:createPipelines(246)) - Created new pipeline Pipeline{ Id: 766115e5-0d59-4db5-b7b5-77dc33c8a8ca, Nodes: [ {ff2509eb-55dd-4ad3-b532-83d6209e1a92(localhost/127.0.0.1), ReplicaIndex: 0}, {95d41743-cdf0-4105-938b-93fe980aeffc(localhost/127.0.0.1), ReplicaIndex: 0}, {8500c972-c6d1-4433-9d49-a8e3bb920002(localhost/127.0.0.1), ReplicaIndex: 0},], ReplicationConfig: RATIS/THREE, State:ALLOCATED, leaderId:, CreationTimestamp2025-09-07T09:44:02.268161752Z[Etc/UTC]}
2025-09-07 09:44:02,334 [90a60b70-6b91-4fb2-a612-7ac0b6911dfc-EndpointStateMachineTaskThread-/0.0.0.0:15002-0 ] INFO  utils.DatanodeStoreCache (DatanodeStoreCache.java:addDB(70)) - Added db /home/runner/work/ozone/ozone/hadoop-ozone/integration-test/target/test-dir/MiniOzoneClusterImpl-023d5a78-e64c-43f3-a4d9-6f7884931d6c/ozone-metadata/datanode-5/data-0/hdds/023d5a78-e64c-43f3-a4d9-6f7884931d6c/DS-ba4d3214-2eca-4c53-96e2-3c88d4f4b29f/container.db to cache
2025-09-07 09:44:02,334 [90a60b70-6b91-4fb2-a612-7ac0b6911dfc-EndpointStateMachineTaskThread-/0.0.0.0:15002-0 ] INFO  volume.HddsVolume (HddsVolume.java:createDbStore(576)) - SchemaV3 db is created and loaded at /home/runner/work/ozone/ozone/hadoop-ozone/integration-test/target/test-dir/MiniOzoneClusterImpl-023d5a78-e64c-43f3-a4d9-6f7884931d6c/ozone-metadata/datanode-5/data-0/hdds/023d5a78-e64c-43f3-a4d9-6f7884931d6c/DS-ba4d3214-2eca-4c53-96e2-3c88d4f4b29f/container.db for volume DS-ba4d3214-2eca-4c53-96e2-3c88d4f4b29f
2025-09-07 09:44:02,337 [90a60b70-6b91-4fb2-a612-7ac0b6911dfc-ContainerReader-0] INFO  ozoneimpl.ContainerReader (ContainerReader.java:readVolume(147)) - Start to verify containers on volume /home/runner/work/ozone/ozone/hadoop-ozone/integration-test/target/test-dir/MiniOzoneClusterImpl-023d5a78-e64c-43f3-a4d9-6f7884931d6c/ozone-metadata/datanode-5/data-0/hdds
2025-09-07 09:44:02,338 [90a60b70-6b91-4fb2-a612-7ac0b6911dfc-ContainerReader-0] INFO  ozoneimpl.ContainerReader (ContainerReader.java:readVolume(177)) - Finish verifying containers on volume /home/runner/work/ozone/ozone/hadoop-ozone/integration-test/target/test-dir/MiniOzoneClusterImpl-023d5a78-e64c-43f3-a4d9-6f7884931d6c/ozone-metadata/datanode-5/data-0/hdds
2025-09-07 09:44:02,338 [90a60b70-6b91-4fb2-a612-7ac0b6911dfc-EndpointStateMachineTaskThread-/0.0.0.0:15002-0 ] INFO  ozoneimpl.OzoneContainer (OzoneContainer.java:buildContainerSet(370)) - Build ContainerSet costs 0s
2025-09-07 09:44:02,339 [90a60b70-6b91-4fb2-a612-7ac0b6911dfc-EndpointStateMachineTaskThread-/0.0.0.0:15002-0 ] INFO  volume.ThrottledAsyncChecker (ThrottledAsyncChecker.java:schedule(138)) - Scheduling a check for /home/runner/work/ozone/ozone/hadoop-ozone/integration-test/target/test-dir/MiniOzoneClusterImpl-023d5a78-e64c-43f3-a4d9-6f7884931d6c/ozone-metadata/datanode-5/data-0/hdds
2025-09-07 09:44:02,340 [90a60b70-6b91-4fb2-a612-7ac0b6911dfc-EndpointStateMachineTaskThread-/0.0.0.0:15002-0 ] INFO  volume.StorageVolumeChecker (StorageVolumeChecker.java:checkAllVolumes(231)) - Scheduled health check for volume /home/runner/work/ozone/ozone/hadoop-ozone/integration-test/target/test-dir/MiniOzoneClusterImpl-023d5a78-e64c-43f3-a4d9-6f7884931d6c/ozone-metadata/datanode-5/data-0/hdds
2025-09-07 09:44:02,344 [90a60b70-6b91-4fb2-a612-7ac0b6911dfc-EndpointStateMachineTaskThread-/0.0.0.0:15002-0 ] INFO  volume.ThrottledAsyncChecker (ThrottledAsyncChecker.java:schedule(138)) - Scheduling a check for /home/runner/work/ozone/ozone/hadoop-ozone/integration-test/target/test-dir/MiniOzoneClusterImpl-023d5a78-e64c-43f3-a4d9-6f7884931d6c/ozone-metadata/datanode-5/ratis
2025-09-07 09:44:02,346 [90a60b70-6b91-4fb2-a612-7ac0b6911dfc-EndpointStateMachineTaskThread-/0.0.0.0:15002-0 ] INFO  volume.StorageVolumeChecker (StorageVolumeChecker.java:checkAllVolumes(231)) - Scheduled health check for volume /home/runner/work/ozone/ozone/hadoop-ozone/integration-test/target/test-dir/MiniOzoneClusterImpl-023d5a78-e64c-43f3-a4d9-6f7884931d6c/ozone-metadata/datanode-5/ratis
2025-09-07 09:44:02,347 [90a60b70-6b91-4fb2-a612-7ac0b6911dfc-EndpointStateMachineTaskThread-/0.0.0.0:15002-0 ] INFO  ozoneimpl.OzoneContainer (OzoneContainer.java:start(525)) - Attempting to start container services.
2025-09-07 09:44:02,348 [ForkJoinPool-1-worker-1] INFO  handler.ContextHandler (ContextHandler.java:doStart(921)) - Started o.e.j.w.WebAppContext@61babe41{hddsDatanode,/,file:///home/runner/work/ozone/ozone/hadoop-ozone/integration-test/target/test-dir/MiniOzoneClusterImpl-023d5a78-e64c-43f3-a4d9-6f7884931d6c/scm/ozone-metadata/webserver/jetty-0_0_0_0-15058-hdds-container-service-2_1_0-SNAPSHOT_jar-_-any-217265393420368377/webapp/,AVAILABLE}{jar:file:/home/runner/work/ozone/ozone/hadoop-hdds/container-service/target/hdds-container-service-2.1.0-SNAPSHOT.jar!/webapps/hddsDatanode}
2025-09-07 09:44:02,349 [ContainerMetadataScanner] INFO  ozoneimpl.AbstractBackgroundContainerScanner (AbstractBackgroundContainerScanner.java:runIteration(89)) - Completed an iteration in 0 minutes. Number of iterations (since the data-node restart) : 1, Number of containers scanned in this iteration : 0, Number of unhealthy containers found in this iteration : 0
2025-09-07 09:44:02,350 [ContainerDataScanner(/home/runner/work/ozone/ozone/hadoop-ozone/integration-test/target/test-dir/MiniOzoneClusterImpl-023d5a78-e64c-43f3-a4d9-6f7884931d6c/ozone-metadata/datanode-5/data-0/hdds)] INFO  ozoneimpl.AbstractBackgroundContainerScanner (AbstractBackgroundContainerScanner.java:runIteration(89)) - Completed an iteration in 0 minutes. Number of iterations (since the data-node restart) : 1, Number of containers scanned in this iteration : 0, Number of unhealthy containers found in this iteration : 0
2025-09-07 09:44:02,351 [90a60b70-6b91-4fb2-a612-7ac0b6911dfc-EndpointStateMachineTaskThread-/0.0.0.0:15002-0 ] INFO  replication.ReplicationServer (ReplicationServer.java:start(137)) - ReplicationServer is started using port 15049
2025-09-07 09:44:02,351 [90a60b70-6b91-4fb2-a612-7ac0b6911dfc-EndpointStateMachineTaskThread-/0.0.0.0:15002-0 ] INFO  ratis.XceiverServerRatis (XceiverServerRatis.java:start(562)) - Starting XceiverServerRatis(90a60b70-6b91-4fb2-a612-7ac0b6911dfc)
2025-09-07 09:44:02,351 [ForkJoinPool-1-worker-1] INFO  server.AbstractConnector (AbstractConnector.java:doStart(333)) - Started ServerConnector@15b46e8e{HTTP/1.1, (http/1.1)}{0.0.0.0:15058}
2025-09-07 09:44:02,352 [ForkJoinPool-1-worker-1] INFO  server.Server (Server.java:doStart(415)) - Started @13097ms
2025-09-07 09:44:02,352 [ForkJoinPool-1-worker-1] WARN  impl.MetricsSystemImpl (MetricsSystemImpl.java:register(279)) - Sink prometheus already exists!
2025-09-07 09:44:02,352 [ForkJoinPool-1-worker-1] INFO  http.BaseHttpServer (BaseHttpServer.java:updateConnectorAddress(357)) - HTTP server of hddsDatanode listening at http://localhost:15058
2025-09-07 09:44:02,352 [ForkJoinPool-1-worker-1] INFO  ipc.CallQueueManager (CallQueueManager.java:<init>(93)) - Using callQueue: class java.util.concurrent.LinkedBlockingQueue, queueCapacity: 1000, scheduler: class org.apache.hadoop.ipc.DefaultRpcScheduler, ipcBackoff: false, ipcFailOver: false.
2025-09-07 09:44:02,353 [ForkJoinPool-1-worker-1] INFO  ipc.Server (Server.java:<init>(1438)) - Listener at 0.0.0.0:15059
2025-09-07 09:44:02,353 [90a60b70-6b91-4fb2-a612-7ac0b6911dfc-EndpointStateMachineTaskThread-/0.0.0.0:15002-0 ] INFO  server.RaftServer (RaftServerProxy.java:startImpl(412)) - 90a60b70-6b91-4fb2-a612-7ac0b6911dfc: start RPC server
2025-09-07 09:44:02,353 [90a60b70-6b91-4fb2-a612-7ac0b6911dfc-EndpointStateMachineTaskThread-/0.0.0.0:15002-0 ] INFO  server.GrpcServicesImpl (GrpcServicesImpl.java:startImpl(346)) - 90a60b70-6b91-4fb2-a612-7ac0b6911dfc: GrpcServicesImpl started, listening on 15045
2025-09-07 09:44:02,354 [90a60b70-6b91-4fb2-a612-7ac0b6911dfc-EndpointStateMachineTaskThread-/0.0.0.0:15002-0 ] INFO  server.GrpcServicesImpl (GrpcServicesImpl.java:startImpl(346)) - 90a60b70-6b91-4fb2-a612-7ac0b6911dfc: GrpcServicesImpl started, listening on 15047
2025-09-07 09:44:02,354 [Socket Reader #1 for port 15059] INFO  ipc.Server (Server.java:run(1474)) - Starting Socket Reader #1 for port 15059
2025-09-07 09:44:02,354 [90a60b70-6b91-4fb2-a612-7ac0b6911dfc-EndpointStateMachineTaskThread-/0.0.0.0:15002-0 ] INFO  server.GrpcServicesImpl (GrpcServicesImpl.java:startImpl(346)) - 90a60b70-6b91-4fb2-a612-7ac0b6911dfc: GrpcServicesImpl started, listening on 15046
2025-09-07 09:44:02,355 [Socket Reader #2 for port 15059] INFO  ipc.Server (Server.java:run(1474)) - Starting Socket Reader #2 for port 15059
2025-09-07 09:44:02,355 [Socket Reader #3 for port 15059] INFO  ipc.Server (Server.java:run(1474)) - Starting Socket Reader #3 for port 15059
2025-09-07 09:44:02,355 [90a60b70-6b91-4fb2-a612-7ac0b6911dfc-EndpointStateMachineTaskThread-/0.0.0.0:15002-0 ] INFO  ratis.XceiverServerRatis (XceiverServerRatis.java:getRealPort(589)) - XceiverServerRatis(90a60b70-6b91-4fb2-a612-7ac0b6911dfc) is started using port RATIS=15045
2025-09-07 09:44:02,355 [90a60b70-6b91-4fb2-a612-7ac0b6911dfc-EndpointStateMachineTaskThread-/0.0.0.0:15002-0 ] INFO  ratis.XceiverServerRatis (XceiverServerRatis.java:getRealPort(589)) - XceiverServerRatis(90a60b70-6b91-4fb2-a612-7ac0b6911dfc) is started using port RATIS_ADMIN=15046
2025-09-07 09:44:02,355 [90a60b70-6b91-4fb2-a612-7ac0b6911dfc-EndpointStateMachineTaskThread-/0.0.0.0:15002-0 ] INFO  ratis.XceiverServerRatis (XceiverServerRatis.java:getRealPort(589)) - XceiverServerRatis(90a60b70-6b91-4fb2-a612-7ac0b6911dfc) is started using port RATIS_SERVER=15047
2025-09-07 09:44:02,355 [90a60b70-6b91-4fb2-a612-7ac0b6911dfc-EndpointStateMachineTaskThread-/0.0.0.0:15002-0 ] INFO  ratis.XceiverServerRatis (XceiverServerRatis.java:getRealPort(589)) - XceiverServerRatis(90a60b70-6b91-4fb2-a612-7ac0b6911dfc) is started using port RATIS_DATASTREAM=15048
2025-09-07 09:44:02,355 [JvmPauseMonitor7] INFO  util.JvmPauseMonitor (JvmPauseMonitor.java:run(146)) - JvmPauseMonitor-90a60b70-6b91-4fb2-a612-7ac0b6911dfc: Started
2025-09-07 09:44:02,355 [Socket Reader #4 for port 15059] INFO  ipc.Server (Server.java:run(1474)) - Starting Socket Reader #4 for port 15059
2025-09-07 09:44:02,356 [Socket Reader #5 for port 15059] INFO  ipc.Server (Server.java:run(1474)) - Starting Socket Reader #5 for port 15059
2025-09-07 09:44:02,356 [Socket Reader #6 for port 15059] INFO  ipc.Server (Server.java:run(1474)) - Starting Socket Reader #6 for port 15059
2025-09-07 09:44:02,356 [Socket Reader #7 for port 15059] INFO  ipc.Server (Server.java:run(1474)) - Starting Socket Reader #7 for port 15059
2025-09-07 09:44:02,357 [Socket Reader #8 for port 15059] INFO  ipc.Server (Server.java:run(1474)) - Starting Socket Reader #8 for port 15059
2025-09-07 09:44:02,357 [90a60b70-6b91-4fb2-a612-7ac0b6911dfc-EndpointStateMachineTaskThread-/0.0.0.0:15002-0 ] INFO  utils.BackgroundService (BackgroundService.java:start(119)) - Starting service BlockDeletingService with interval 60000 milliseconds
2025-09-07 09:44:02,357 [Socket Reader #9 for port 15059] INFO  ipc.Server (Server.java:run(1474)) - Starting Socket Reader #9 for port 15059
2025-09-07 09:44:02,357 [90a60b70-6b91-4fb2-a612-7ac0b6911dfc-EndpointStateMachineTaskThread-/0.0.0.0:15002-0 ] INFO  utils.BackgroundService (BackgroundService.java:start(119)) - Starting service StaleRecoveringContainerScrubbingService with interval 60000 milliseconds
2025-09-07 09:44:02,358 [Socket Reader #10 for port 15059] INFO  ipc.Server (Server.java:run(1474)) - Starting Socket Reader #10 for port 15059
2025-09-07 09:44:02,360 [ForkJoinPool-1-worker-1] INFO  ozone.HddsDatanodeService (HddsDatanodeService.java:start(333)) - Datanode start with admins: [admin, runner]
2025-09-07 09:44:02,360 [ForkJoinPool-1-worker-1] INFO  ozone.HddsDatanodeClientProtocolServer (HddsDatanodeClientProtocolServer.java:start(76)) - RPC server for Client /0.0.0.0:15059
2025-09-07 09:44:02,360 [IPC Server Responder] INFO  ipc.Server (Server.java:run(1713)) - IPC Server Responder: starting
2025-09-07 09:44:02,361 [IPC Server listener on 15059] INFO  ipc.Server (Server.java:run(1553)) - IPC Server listener on 15059: starting
2025-09-07 09:44:02,362 [ForkJoinPool-1-worker-1] WARN  dropwizard3.Dm3MetricRegistriesImpl (Dm3MetricRegistriesImpl.java:addReporterRegistration(114)) - New reporters are added after registries were created. Some metrics will be missing from the reporter. Please add reporter before adding any new registry.
2025-09-07 09:44:02,362 [ForkJoinPool-1-worker-1] WARN  dropwizard3.Dm3MetricRegistriesImpl (Dm3MetricRegistriesImpl.java:addReporterRegistration(114)) - New reporters are added after registries were created. Some metrics will be missing from the reporter. Please add reporter before adding any new registry.
2025-09-07 09:44:02,362 [ForkJoinPool-1-worker-1] INFO  impl.MetricsSystemImpl (MetricsSystemImpl.java:init(158)) - HddsDatanode metrics system started (again)
2025-09-07 09:44:02,363 [c7c0d573-77b1-47db-b09e-d84959a4a43f-DatanodeStateMachineDaemonThread] INFO  statemachine.DatanodeStateMachine (DatanodeStateMachine.java:startStateMachineThread(347)) - Ozone container server started.
2025-09-07 09:44:02,368 [c7c0d573-77b1-47db-b09e-d84959a4a43f-DatanodeStateMachineTaskThread-0] INFO  datanode.InitDatanodeState (InitDatanodeState.java:persistContainerDatanodeDetails(139)) - DatanodeDetails is persisted to /home/runner/work/ozone/ozone/hadoop-ozone/integration-test/target/test-dir/MiniOzoneClusterImpl-023d5a78-e64c-43f3-a4d9-6f7884931d6c/ozone-metadata/datanode-7/ozone-metadata/datanode.id
2025-09-07 09:44:02,381 [ForkJoinPool-1-worker-1] INFO  protocol.DatanodeDetails (DatanodeDetails.java:validateDatanodeIpAddress(199)) - Updating IP address of datanode 486fef96-c6ec-41d9-a4ca-7ebb3d261081(localhost/null) to 127.0.0.1
2025-09-07 09:44:02,382 [ForkJoinPool-1-worker-1] INFO  ozone.HddsDatanodeService (HddsDatanodeService.java:start(236)) - HddsDatanodeService 486fef96-c6ec-41d9-a4ca-7ebb3d261081(localhost/127.0.0.1)
2025-09-07 09:44:02,384 [ForkJoinPool-1-worker-1] INFO  upgrade.AbstractLayoutVersionManager (AbstractLayoutVersionManager.java:init(80)) - Initializing Layout version manager with metadata layout = WITNESSED_CONTAINER_DB_PROTO_VALUE (version = 9), software layout = WITNESSED_CONTAINER_DB_PROTO_VALUE (version = 9)
2025-09-07 09:44:02,384 [ForkJoinPool-1-worker-1] INFO  statemachine.DatanodeStateMachine (DatanodeStateMachine.java:getEndPointTaskThreadPoolSize(305)) - Datanode State Machine Task Thread Pool size 2
2025-09-07 09:44:02,387 [ForkJoinPool-1-worker-1] INFO  volume.HddsVolume (HddsVolume.java:<init>(162)) - HddsVolume: { id=DS-77503846-0c2c-4207-9b9d-c73ff54fe994 dir=/home/runner/work/ozone/ozone/hadoop-ozone/integration-test/target/test-dir/MiniOzoneClusterImpl-023d5a78-e64c-43f3-a4d9-6f7884931d6c/ozone-metadata/datanode-8/data-0/hdds type=DISK capacity=9222449699674390527 used=0 available=9222449699674390527 minFree=9222450130714624 committed=0 }
2025-09-07 09:44:02,387 [ForkJoinPool-1-worker-1] INFO  volume.MutableVolumeSet (MutableVolumeSet.java:initializeVolumeSet(175)) - Added Volume : /home/runner/work/ozone/ozone/hadoop-ozone/integration-test/target/test-dir/MiniOzoneClusterImpl-023d5a78-e64c-43f3-a4d9-6f7884931d6c/ozone-metadata/datanode-8/data-0/hdds to VolumeSet
2025-09-07 09:44:02,388 [ForkJoinPool-1-worker-1] INFO  volume.MutableVolumeSet (MutableVolumeSet.java:initializeVolumeSet(175)) - Added Volume : /home/runner/work/ozone/ozone/hadoop-ozone/integration-test/target/test-dir/MiniOzoneClusterImpl-023d5a78-e64c-43f3-a4d9-6f7884931d6c/ozone-metadata/datanode-8/ratis to VolumeSet
2025-09-07 09:44:02,389 [ForkJoinPool-1-worker-1] INFO  ozoneimpl.OzoneContainer (HddsVolumeUtil.java:loadAllHddsVolumeDbStore(102)) - Load 1 volumes DbStore cost: 0ms
2025-09-07 09:44:02,390 [ForkJoinPool-1-worker-1] WARN  db.DBStoreBuilder (DBStoreBuilder.java:getDBDirPath(158)) - ozone.scm.datanode.id.dir is not configured. We recommend adding this setting. Falling back to ozone.metadata.dirs instead.
2025-09-07 09:44:02,390 [ForkJoinPool-1-worker-1] WARN  db.DBStoreBuilder (DBStoreBuilder.java:getDBDirPath(158)) - ozone.scm.datanode.id.dir is not configured. We recommend adding this setting. Falling back to ozone.metadata.dirs instead.
2025-09-07 09:44:02,407 [ForkJoinPool-1-worker-1] INFO  impl.FilePerChunkStrategy (FilePerChunkStrategy.java:<init>(79)) - ozone.chunk.read.mapped.buffer.max.count is load with 0
2025-09-07 09:44:02,407 [ForkJoinPool-1-worker-1] INFO  impl.FilePerBlockStrategy (FilePerBlockStrategy.java:<init>(88)) - ozone.chunk.read.mapped.buffer.max.count is load with 0
2025-09-07 09:44:02,408 [ForkJoinPool-1-worker-1] INFO  server.RaftServerConfigKeys (ConfUtils.java:logGet(62)) - raft.server.log.appender.buffer.byte-limit = 33554432 (custom)
2025-09-07 09:44:02,410 [ForkJoinPool-1-worker-1] INFO  grpc.GrpcConfigKeys (ConfUtils.java:logFallback(69)) - raft.grpc.admin.host = null (fallback to raft.grpc.server.host)
2025-09-07 09:44:02,410 [ForkJoinPool-1-worker-1] INFO  grpc.GrpcConfigKeys (ConfUtils.java:logGet(62)) - raft.grpc.admin.port = 15070 (custom)
2025-09-07 09:44:02,410 [ForkJoinPool-1-worker-1] INFO  grpc.GrpcConfigKeys (ConfUtils.java:logFallback(69)) - raft.grpc.client.host = null (fallback to raft.grpc.server.host)
2025-09-07 09:44:02,410 [ForkJoinPool-1-worker-1] INFO  grpc.GrpcConfigKeys (ConfUtils.java:logGet(62)) - raft.grpc.client.port = 15069 (custom)
2025-09-07 09:44:02,410 [ForkJoinPool-1-worker-1] INFO  grpc.GrpcConfigKeys (ConfUtils.java:logGet(62)) - raft.grpc.server.port = 15071 (custom)
2025-09-07 09:44:02,410 [ForkJoinPool-1-worker-1] INFO  server.GrpcServicesImpl (ConfUtils.java:logGet(62)) - raft.grpc.message.size.max = 34603008 (custom)
2025-09-07 09:44:02,410 [ForkJoinPool-1-worker-1] INFO  server.GrpcServicesImpl (ConfUtils.java:logGet(62)) - raft.grpc.flow.control.window = 5MB (=5242880) (custom)
2025-09-07 09:44:02,411 [ForkJoinPool-1-worker-1] INFO  server.RaftServerConfigKeys (ConfUtils.java:logGet(62)) - raft.server.log.appender.buffer.byte-limit = 33554432 (custom)
2025-09-07 09:44:02,413 [ForkJoinPool-1-worker-1] INFO  netty.NettyUtils (NettyUtils.java:newEventLoopGroup(74)) - Create EpollEventLoopGroup for 486fef96-c6ec-41d9-a4ca-7ebb3d261081-NettyServerStreamRpc-bossGroup; Thread size is 0.
2025-09-07 09:44:02,413 [ForkJoinPool-1-worker-1] INFO  netty.NettyUtils (NettyUtils.java:newEventLoopGroup(74)) - Create EpollEventLoopGroup for 486fef96-c6ec-41d9-a4ca-7ebb3d261081-NettyServerStreamRpc-workerGroup; Thread size is 0.
2025-09-07 09:44:02,414 [ForkJoinPool-1-worker-1] INFO  netty.NettyConfigKeys$DataStream (ConfUtils.java:logGet(62)) - raft.netty.dataStream.port = 15072 (custom)
2025-09-07 09:44:02,415 [ForkJoinPool-1-worker-1] INFO  server.RaftServerConfigKeys (ConfUtils.java:logGet(62)) - raft.server.storage.dir = [/home/runner/work/ozone/ozone/hadoop-ozone/integration-test/target/test-dir/MiniOzoneClusterImpl-023d5a78-e64c-43f3-a4d9-6f7884931d6c/ozone-metadata/datanode-8/ratis] (custom)
2025-09-07 09:44:02,415 [486fef96-c6ec-41d9-a4ca-7ebb3d261081-NettyServerStreamRpc-bossGroup--thread1] INFO  logging.LoggingHandler (AbstractInternalLogger.java:log(148)) - [id: 0x289e639d] REGISTERED
2025-09-07 09:44:02,415 [486fef96-c6ec-41d9-a4ca-7ebb3d261081-NettyServerStreamRpc-bossGroup--thread1] INFO  logging.LoggingHandler (AbstractInternalLogger.java:log(148)) - [id: 0x289e639d] BIND: 0.0.0.0/0.0.0.0:15072
2025-09-07 09:44:02,415 [486fef96-c6ec-41d9-a4ca-7ebb3d261081-impl-thread1] INFO  server.RaftServer (RaftServerProxy.java:initGroupDir(270)) - 486fef96-c6ec-41d9-a4ca-7ebb3d261081: found a subdirectory /home/runner/work/ozone/ozone/hadoop-ozone/integration-test/target/test-dir/MiniOzoneClusterImpl-023d5a78-e64c-43f3-a4d9-6f7884931d6c/ozone-metadata/datanode-8/ratis/tmp
2025-09-07 09:44:02,416 [486fef96-c6ec-41d9-a4ca-7ebb3d261081-impl-thread1] INFO  server.RaftServer (RaftServerProxy.java:initGroupDir(275)) - 486fef96-c6ec-41d9-a4ca-7ebb3d261081: The directory /home/runner/work/ozone/ozone/hadoop-ozone/integration-test/target/test-dir/MiniOzoneClusterImpl-023d5a78-e64c-43f3-a4d9-6f7884931d6c/ozone-metadata/datanode-8/ratis/tmp is not a group directory; ignoring it. 
2025-09-07 09:44:02,416 [486fef96-c6ec-41d9-a4ca-7ebb3d261081-NettyServerStreamRpc-bossGroup--thread1] INFO  logging.LoggingHandler (AbstractInternalLogger.java:log(148)) - [id: 0x289e639d, L:/0.0.0.0:15072] ACTIVE
2025-09-07 09:44:02,416 [ForkJoinPool-1-worker-1] INFO  replication.ReplicationServer (ReplicationServer.java:<init>(84)) - Initializing replication server with thread count = 10 queue length = 4096
2025-09-07 09:44:02,417 [ForkJoinPool-1-worker-1] INFO  server.XceiverServerGrpc (XceiverServerGrpc.java:<init>(130)) - GrpcServer channel type EpollServerSocketChannel
2025-09-07 09:44:02,419 [ForkJoinPool-1-worker-1] INFO  replication.ReplicationSupervisor (ReplicationSupervisor.java:build(169)) - Initializing replication supervisor with thread count = 10
2025-09-07 09:44:02,419 [ForkJoinPool-1-worker-1] INFO  replication.ReplicationSupervisor (ReplicationSupervisor.java:nodeStateUpdated(358)) - Node state updated to IN_SERVICE, scaling executor pool size to 10
2025-09-07 09:44:02,422 [ForkJoinPool-1-worker-1] INFO  http.BaseHttpServer (BaseHttpServer.java:newHttpServer2BuilderForOzone(227)) - Starting Web-server for hddsDatanode at: http://0.0.0.0:15066
2025-09-07 09:44:02,422 [ForkJoinPool-1-worker-1] INFO  http.BaseHttpServer (BaseHttpServer.java:<init>(105)) - Hadoop Security Enabled: false Ozone Security Enabled: false Ozone HTTP Security Enabled: false 
2025-09-07 09:44:02,423 [ForkJoinPool-1-worker-1] WARN  server.AuthenticationFilter (AuthenticationFilter.java:constructSecretProvider(240)) - Unable to initialize FileSignerSecretProvider, falling back to use random secrets. Reason: Could not read signature secret file: /home/runner/hadoop-http-auth-signature-secret
2025-09-07 09:44:02,426 [ForkJoinPool-1-worker-1] INFO  http.HttpServer2 (HttpServer2.java:addGlobalFilter(1041)) - Added global filter 'safety' (class=org.apache.hadoop.hdds.server.http.HttpServer2$QuotingInputFilter)
2025-09-07 09:44:02,427 [ForkJoinPool-1-worker-1] INFO  http.HttpServer2 (HttpServer2.java:addFilter(1017)) - Added filter static_user_filter (class=org.apache.hadoop.http.lib.StaticUserWebFilter$StaticUserFilter) to context hddsDatanode
2025-09-07 09:44:02,427 [ForkJoinPool-1-worker-1] INFO  http.HttpServer2 (HttpServer2.java:addFilter(1025)) - Added filter static_user_filter (class=org.apache.hadoop.http.lib.StaticUserWebFilter$StaticUserFilter) to context static
2025-09-07 09:44:02,427 [ForkJoinPool-1-worker-1] INFO  http.HttpServer2 (HttpServer2.java:addFilter(1025)) - Added filter static_user_filter (class=org.apache.hadoop.http.lib.StaticUserWebFilter$StaticUserFilter) to context logs
2025-09-07 09:44:02,428 [ForkJoinPool-1-worker-1] INFO  http.BaseHttpServer (BaseHttpServer.java:<init>(193)) - HTTP server of hddsDatanode uses base directory /home/runner/work/ozone/ozone/hadoop-ozone/integration-test/target/test-dir/MiniOzoneClusterImpl-023d5a78-e64c-43f3-a4d9-6f7884931d6c/scm/ozone-metadata/webserver
2025-09-07 09:44:02,428 [ForkJoinPool-1-worker-1] INFO  http.HttpServer2 (HttpServer2.java:bindListener(1241)) - Jetty bound to port 15066
2025-09-07 09:44:02,428 [ForkJoinPool-1-worker-1] INFO  server.Server (Server.java:doStart(375)) - jetty-9.4.58.v20250814; built: 2025-08-14T02:28:49.637Z; git: 8f1440587e9e4ae7db3d74cf205643f3d707148d; jvm 21.0.8+9-LTS
2025-09-07 09:44:02,429 [ForkJoinPool-1-worker-1] INFO  server.session (DefaultSessionIdManager.java:doStart(334)) - DefaultSessionIdManager workerName=node0
2025-09-07 09:44:02,430 [ForkJoinPool-1-worker-1] INFO  server.session (DefaultSessionIdManager.java:doStart(339)) - No SessionScavenger set, using defaults
2025-09-07 09:44:02,430 [ForkJoinPool-1-worker-1] INFO  server.session (HouseKeeper.java:startScavenging(132)) - node0 Scavenging every 660000ms
2025-09-07 09:44:02,430 [ForkJoinPool-1-worker-1] INFO  handler.ContextHandler (ContextHandler.java:doStart(921)) - Started o.e.j.s.ServletContextHandler@49d402cb{logs,/logs,file:///home/runner/work/ozone/ozone/hadoop-ozone/integration-test/target/log,AVAILABLE}
2025-09-07 09:44:02,431 [ForkJoinPool-1-worker-1] INFO  handler.ContextHandler (ContextHandler.java:doStart(921)) - Started o.e.j.s.ServletContextHandler@62b0721c{static,/static,jar:file:/home/runner/work/ozone/ozone/hadoop-hdds/container-service/target/hdds-container-service-2.1.0-SNAPSHOT.jar!/webapps/static,AVAILABLE}
2025-09-07 09:44:02,514 [IPC Server handler 0 on default port 15002] INFO  net.NetworkTopologyImpl (NetworkTopologyImpl.java:add(133)) - Added a new node: /rack1/7c7182dc-ac7f-44a8-b1d4-5d10f99cbcf2
2025-09-07 09:44:02,515 [IPC Server handler 0 on default port 15002] INFO  node.SCMNodeManager (SCMNodeManager.java:register(423)) - Registered datanode: 7c7182dc-ac7f-44a8-b1d4-5d10f99cbcf2{ip: 127.0.0.1, host: localhost, ports: [HTTP=15034, CLIENT_RPC=15035, REPLICATION=15041, RATIS=15037, RATIS_ADMIN=15038, RATIS_SERVER=15039, RATIS_DATASTREAM=15040, STANDALONE=15036], networkLocation: /rack1, certSerialId: null, persistedOpState: null, persistedOpStateExpiryEpochSec: 0}
2025-09-07 09:44:02,515 [EventQueue-PipelineReportForOneReplicaPipelineSafeModeRule] INFO  safemode.SCMSafeModeManager (SCMSafeModeManager.java:validateSafeModeExitRules(138)) - AtleastOneDatanodeReportedRule rule is successfully validated
2025-09-07 09:44:02,515 [EventQueue-NewNodeForNewNodeHandler] INFO  pipeline.BackgroundPipelineCreator (BackgroundPipelineCreator.java:notifyEventTriggered(290)) - trigger a one-shot run on RatisPipelineUtilsThread.
2025-09-07 09:44:02,515 [EventQueue-ContainerRegistrationReportForRatisContainerSafeModeRule] INFO  safemode.SCMSafeModeManager (SCMSafeModeManager.java:validateSafeModeExitRules(138)) - RatisContainerSafeModeRule rule is successfully validated
2025-09-07 09:44:02,515 [EventQueue-NodeRegistrationContainerReportForDataNodeSafeModeRule] INFO  safemode.SCMSafeModeManager (SCMSafeModeManager.java:validateSafeModeExitRules(138)) - DataNodeSafeModeRule rule is successfully validated
2025-09-07 09:44:02,515 [EventQueue-ContainerRegistrationReportForECContainerSafeModeRule] INFO  safemode.SCMSafeModeManager (SCMSafeModeManager.java:validateSafeModeExitRules(138)) - ECContainerSafeModeRule rule is successfully validated
2025-09-07 09:44:02,516 [RatisPipelineUtilsThread-0] INFO  pipeline.RatisPipelineProvider (RatisPipelineProvider.java:lambda$create$0(208)) - Sending CreatePipelineCommand for pipeline:Pipeline-40ed6c18-2432-483b-87ed-91458cd34e0f to datanode:7c7182dc-ac7f-44a8-b1d4-5d10f99cbcf2(localhost/127.0.0.1)
2025-09-07 09:44:02,522 [a68d7e4a-8be2-4109-84e0-ed7537249ab2@group-6F7884931D6C-StateMachineUpdater] INFO  safemode.SCMSafeModeManager (SCMSafeModeManager.java:validateSafeModeExitRules(138)) - DataNodeSafeModeRule rule is successfully validated
2025-09-07 09:44:02,523 [a68d7e4a-8be2-4109-84e0-ed7537249ab2@group-6F7884931D6C-StateMachineUpdater] INFO  safemode.SCMSafeModeManager (SCMSafeModeManager.java:validateSafeModeExitRules(138)) - RatisContainerSafeModeRule rule is successfully validated
2025-09-07 09:44:02,523 [a68d7e4a-8be2-4109-84e0-ed7537249ab2@group-6F7884931D6C-StateMachineUpdater] INFO  safemode.HealthyPipelineSafeModeRule (HealthyPipelineSafeModeRule.java:initializeRule(228)) - Refreshed total pipeline count is 0, healthy pipeline threshold count is 1
2025-09-07 09:44:02,523 [a68d7e4a-8be2-4109-84e0-ed7537249ab2@group-6F7884931D6C-StateMachineUpdater] INFO  safemode.SCMSafeModeManager (SCMSafeModeManager.java:validateSafeModeExitRules(138)) - ECContainerSafeModeRule rule is successfully validated
2025-09-07 09:44:02,523 [a68d7e4a-8be2-4109-84e0-ed7537249ab2@group-6F7884931D6C-StateMachineUpdater] INFO  safemode.SCMSafeModeManager (SCMSafeModeManager.java:validateSafeModeExitRules(138)) - AtleastOneDatanodeReportedRule rule is successfully validated
2025-09-07 09:44:02,523 [RatisPipelineUtilsThread-0] INFO  pipeline.BackgroundPipelineCreator (BackgroundPipelineCreator.java:createPipelines(246)) - Created new pipeline Pipeline{ Id: 40ed6c18-2432-483b-87ed-91458cd34e0f, Nodes: [ {7c7182dc-ac7f-44a8-b1d4-5d10f99cbcf2(localhost/127.0.0.1), ReplicaIndex: 0},], ReplicationConfig: RATIS/ONE, State:ALLOCATED, leaderId:, CreationTimestamp2025-09-07T09:44:02.516439568Z[Etc/UTC]}
2025-09-07 09:44:02,580 [ForkJoinPool-1-worker-1] INFO  handler.ContextHandler (ContextHandler.java:doStart(921)) - Started o.e.j.w.WebAppContext@7d5b95bb{hddsDatanode,/,file:///home/runner/work/ozone/ozone/hadoop-ozone/integration-test/target/test-dir/MiniOzoneClusterImpl-023d5a78-e64c-43f3-a4d9-6f7884931d6c/scm/ozone-metadata/webserver/jetty-0_0_0_0-15066-hdds-container-service-2_1_0-SNAPSHOT_jar-_-any-4845968171224987452/webapp/,AVAILABLE}{jar:file:/home/runner/work/ozone/ozone/hadoop-hdds/container-service/target/hdds-container-service-2.1.0-SNAPSHOT.jar!/webapps/hddsDatanode}
2025-09-07 09:44:02,581 [ForkJoinPool-1-worker-1] INFO  server.AbstractConnector (AbstractConnector.java:doStart(333)) - Started ServerConnector@7a5b570b{HTTP/1.1, (http/1.1)}{0.0.0.0:15066}
2025-09-07 09:44:02,581 [ForkJoinPool-1-worker-1] INFO  server.Server (Server.java:doStart(415)) - Started @13327ms
2025-09-07 09:44:02,581 [ForkJoinPool-1-worker-1] WARN  impl.MetricsSystemImpl (MetricsSystemImpl.java:register(279)) - Sink prometheus already exists!
2025-09-07 09:44:02,581 [ForkJoinPool-1-worker-1] INFO  http.BaseHttpServer (BaseHttpServer.java:updateConnectorAddress(357)) - HTTP server of hddsDatanode listening at http://localhost:15066
2025-09-07 09:44:02,582 [ForkJoinPool-1-worker-1] INFO  ipc.CallQueueManager (CallQueueManager.java:<init>(93)) - Using callQueue: class java.util.concurrent.LinkedBlockingQueue, queueCapacity: 1000, scheduler: class org.apache.hadoop.ipc.DefaultRpcScheduler, ipcBackoff: false, ipcFailOver: false.
2025-09-07 09:44:02,582 [ForkJoinPool-1-worker-1] INFO  ipc.Server (Server.java:<init>(1438)) - Listener at 0.0.0.0:15067
2025-09-07 09:44:02,583 [Socket Reader #1 for port 15067] INFO  ipc.Server (Server.java:run(1474)) - Starting Socket Reader #1 for port 15067
2025-09-07 09:44:02,583 [Socket Reader #2 for port 15067] INFO  ipc.Server (Server.java:run(1474)) - Starting Socket Reader #2 for port 15067
2025-09-07 09:44:02,583 [Socket Reader #3 for port 15067] INFO  ipc.Server (Server.java:run(1474)) - Starting Socket Reader #3 for port 15067
2025-09-07 09:44:02,583 [Socket Reader #4 for port 15067] INFO  ipc.Server (Server.java:run(1474)) - Starting Socket Reader #4 for port 15067
2025-09-07 09:44:02,583 [Socket Reader #5 for port 15067] INFO  ipc.Server (Server.java:run(1474)) - Starting Socket Reader #5 for port 15067
2025-09-07 09:44:02,583 [Socket Reader #6 for port 15067] INFO  ipc.Server (Server.java:run(1474)) - Starting Socket Reader #6 for port 15067
2025-09-07 09:44:02,584 [Socket Reader #7 for port 15067] INFO  ipc.Server (Server.java:run(1474)) - Starting Socket Reader #7 for port 15067
2025-09-07 09:44:02,584 [Socket Reader #8 for port 15067] INFO  ipc.Server (Server.java:run(1474)) - Starting Socket Reader #8 for port 15067
2025-09-07 09:44:02,584 [Socket Reader #9 for port 15067] INFO  ipc.Server (Server.java:run(1474)) - Starting Socket Reader #9 for port 15067
2025-09-07 09:44:02,584 [Socket Reader #10 for port 15067] INFO  ipc.Server (Server.java:run(1474)) - Starting Socket Reader #10 for port 15067
2025-09-07 09:44:02,586 [ForkJoinPool-1-worker-1] INFO  ozone.HddsDatanodeService (HddsDatanodeService.java:start(333)) - Datanode start with admins: [admin, runner]
2025-09-07 09:44:02,586 [ForkJoinPool-1-worker-1] INFO  ozone.HddsDatanodeClientProtocolServer (HddsDatanodeClientProtocolServer.java:start(76)) - RPC server for Client /0.0.0.0:15067
2025-09-07 09:44:02,586 [IPC Server Responder] INFO  ipc.Server (Server.java:run(1713)) - IPC Server Responder: starting
2025-09-07 09:44:02,586 [IPC Server listener on 15067] INFO  ipc.Server (Server.java:run(1553)) - IPC Server listener on 15067: starting
2025-09-07 09:44:02,588 [ForkJoinPool-1-worker-1] WARN  dropwizard3.Dm3MetricRegistriesImpl (Dm3MetricRegistriesImpl.java:addReporterRegistration(114)) - New reporters are added after registries were created. Some metrics will be missing from the reporter. Please add reporter before adding any new registry.
2025-09-07 09:44:02,588 [ForkJoinPool-1-worker-1] WARN  dropwizard3.Dm3MetricRegistriesImpl (Dm3MetricRegistriesImpl.java:addReporterRegistration(114)) - New reporters are added after registries were created. Some metrics will be missing from the reporter. Please add reporter before adding any new registry.
2025-09-07 09:44:02,588 [ForkJoinPool-1-worker-1] INFO  impl.MetricsSystemImpl (MetricsSystemImpl.java:init(158)) - HddsDatanode metrics system started (again)
2025-09-07 09:44:02,589 [486fef96-c6ec-41d9-a4ca-7ebb3d261081-DatanodeStateMachineDaemonThread] INFO  statemachine.DatanodeStateMachine (DatanodeStateMachine.java:startStateMachineThread(347)) - Ozone container server started.
2025-09-07 09:44:02,595 [486fef96-c6ec-41d9-a4ca-7ebb3d261081-DatanodeStateMachineTaskThread-0] INFO  datanode.InitDatanodeState (InitDatanodeState.java:persistContainerDatanodeDetails(139)) - DatanodeDetails is persisted to /home/runner/work/ozone/ozone/hadoop-ozone/integration-test/target/test-dir/MiniOzoneClusterImpl-023d5a78-e64c-43f3-a4d9-6f7884931d6c/ozone-metadata/datanode-8/ozone-metadata/datanode.id
2025-09-07 09:44:02,610 [ForkJoinPool-1-worker-1] INFO  protocol.DatanodeDetails (DatanodeDetails.java:validateDatanodeIpAddress(199)) - Updating IP address of datanode 4c7984b5-42f1-4e4b-a334-601f88f38b33(localhost/null) to 127.0.0.1
2025-09-07 09:44:02,611 [ForkJoinPool-1-worker-1] INFO  ozone.HddsDatanodeService (HddsDatanodeService.java:start(236)) - HddsDatanodeService 4c7984b5-42f1-4e4b-a334-601f88f38b33(localhost/127.0.0.1)
2025-09-07 09:44:02,614 [ForkJoinPool-1-worker-1] INFO  upgrade.AbstractLayoutVersionManager (AbstractLayoutVersionManager.java:init(80)) - Initializing Layout version manager with metadata layout = WITNESSED_CONTAINER_DB_PROTO_VALUE (version = 9), software layout = WITNESSED_CONTAINER_DB_PROTO_VALUE (version = 9)
2025-09-07 09:44:02,614 [ForkJoinPool-1-worker-1] INFO  statemachine.DatanodeStateMachine (DatanodeStateMachine.java:getEndPointTaskThreadPoolSize(305)) - Datanode State Machine Task Thread Pool size 2
2025-09-07 09:44:02,617 [ForkJoinPool-1-worker-1] INFO  volume.HddsVolume (HddsVolume.java:<init>(162)) - HddsVolume: { id=DS-b55dbcc6-6c1a-4c6a-8ab4-38a36b772be6 dir=/home/runner/work/ozone/ozone/hadoop-ozone/integration-test/target/test-dir/MiniOzoneClusterImpl-023d5a78-e64c-43f3-a4d9-6f7884931d6c/ozone-metadata/datanode-9/data-0/hdds type=DISK capacity=9222449699674390527 used=0 available=9222449699674390527 minFree=9222450130714624 committed=0 }
2025-09-07 09:44:02,617 [ForkJoinPool-1-worker-1] INFO  volume.MutableVolumeSet (MutableVolumeSet.java:initializeVolumeSet(175)) - Added Volume : /home/runner/work/ozone/ozone/hadoop-ozone/integration-test/target/test-dir/MiniOzoneClusterImpl-023d5a78-e64c-43f3-a4d9-6f7884931d6c/ozone-metadata/datanode-9/data-0/hdds to VolumeSet
2025-09-07 09:44:02,619 [ForkJoinPool-1-worker-1] INFO  volume.MutableVolumeSet (MutableVolumeSet.java:initializeVolumeSet(175)) - Added Volume : /home/runner/work/ozone/ozone/hadoop-ozone/integration-test/target/test-dir/MiniOzoneClusterImpl-023d5a78-e64c-43f3-a4d9-6f7884931d6c/ozone-metadata/datanode-9/ratis to VolumeSet
2025-09-07 09:44:02,619 [ForkJoinPool-1-worker-1] INFO  ozoneimpl.OzoneContainer (HddsVolumeUtil.java:loadAllHddsVolumeDbStore(102)) - Load 1 volumes DbStore cost: 0ms
2025-09-07 09:44:02,620 [ForkJoinPool-1-worker-1] WARN  db.DBStoreBuilder (DBStoreBuilder.java:getDBDirPath(158)) - ozone.scm.datanode.id.dir is not configured. We recommend adding this setting. Falling back to ozone.metadata.dirs instead.
2025-09-07 09:44:02,620 [ForkJoinPool-1-worker-1] WARN  db.DBStoreBuilder (DBStoreBuilder.java:getDBDirPath(158)) - ozone.scm.datanode.id.dir is not configured. We recommend adding this setting. Falling back to ozone.metadata.dirs instead.
2025-09-07 09:44:02,642 [ForkJoinPool-1-worker-1] INFO  impl.FilePerChunkStrategy (FilePerChunkStrategy.java:<init>(79)) - ozone.chunk.read.mapped.buffer.max.count is load with 0
2025-09-07 09:44:02,642 [ForkJoinPool-1-worker-1] INFO  impl.FilePerBlockStrategy (FilePerBlockStrategy.java:<init>(88)) - ozone.chunk.read.mapped.buffer.max.count is load with 0
2025-09-07 09:44:02,643 [e6e13cb3-e32b-4d2d-874a-1e4700c67398-EndpointStateMachineTaskThread-/0.0.0.0:15002-0 ] INFO  utils.DatanodeStoreCache (DatanodeStoreCache.java:addDB(70)) - Added db /home/runner/work/ozone/ozone/hadoop-ozone/integration-test/target/test-dir/MiniOzoneClusterImpl-023d5a78-e64c-43f3-a4d9-6f7884931d6c/ozone-metadata/datanode-6/data-0/hdds/023d5a78-e64c-43f3-a4d9-6f7884931d6c/DS-c5c95cee-9ff3-461a-9937-607d9784b933/container.db to cache
2025-09-07 09:44:02,643 [e6e13cb3-e32b-4d2d-874a-1e4700c67398-EndpointStateMachineTaskThread-/0.0.0.0:15002-0 ] INFO  volume.HddsVolume (HddsVolume.java:createDbStore(576)) - SchemaV3 db is created and loaded at /home/runner/work/ozone/ozone/hadoop-ozone/integration-test/target/test-dir/MiniOzoneClusterImpl-023d5a78-e64c-43f3-a4d9-6f7884931d6c/ozone-metadata/datanode-6/data-0/hdds/023d5a78-e64c-43f3-a4d9-6f7884931d6c/DS-c5c95cee-9ff3-461a-9937-607d9784b933/container.db for volume DS-c5c95cee-9ff3-461a-9937-607d9784b933
2025-09-07 09:44:02,643 [ForkJoinPool-1-worker-1] INFO  server.RaftServerConfigKeys (ConfUtils.java:logGet(62)) - raft.server.log.appender.buffer.byte-limit = 33554432 (custom)
2025-09-07 09:44:02,645 [ForkJoinPool-1-worker-1] INFO  grpc.GrpcConfigKeys (ConfUtils.java:logFallback(69)) - raft.grpc.admin.host = null (fallback to raft.grpc.server.host)
2025-09-07 09:44:02,645 [ForkJoinPool-1-worker-1] INFO  grpc.GrpcConfigKeys (ConfUtils.java:logGet(62)) - raft.grpc.admin.port = 15078 (custom)
2025-09-07 09:44:02,645 [ForkJoinPool-1-worker-1] INFO  grpc.GrpcConfigKeys (ConfUtils.java:logFallback(69)) - raft.grpc.client.host = null (fallback to raft.grpc.server.host)
2025-09-07 09:44:02,645 [ForkJoinPool-1-worker-1] INFO  grpc.GrpcConfigKeys (ConfUtils.java:logGet(62)) - raft.grpc.client.port = 15077 (custom)
2025-09-07 09:44:02,646 [ForkJoinPool-1-worker-1] INFO  grpc.GrpcConfigKeys (ConfUtils.java:logGet(62)) - raft.grpc.server.port = 15079 (custom)
2025-09-07 09:44:02,646 [ForkJoinPool-1-worker-1] INFO  server.GrpcServicesImpl (ConfUtils.java:logGet(62)) - raft.grpc.message.size.max = 34603008 (custom)
2025-09-07 09:44:02,646 [ForkJoinPool-1-worker-1] INFO  server.GrpcServicesImpl (ConfUtils.java:logGet(62)) - raft.grpc.flow.control.window = 5MB (=5242880) (custom)
2025-09-07 09:44:02,646 [e6e13cb3-e32b-4d2d-874a-1e4700c67398-ContainerReader-0] INFO  ozoneimpl.ContainerReader (ContainerReader.java:readVolume(147)) - Start to verify containers on volume /home/runner/work/ozone/ozone/hadoop-ozone/integration-test/target/test-dir/MiniOzoneClusterImpl-023d5a78-e64c-43f3-a4d9-6f7884931d6c/ozone-metadata/datanode-6/data-0/hdds
2025-09-07 09:44:02,646 [ForkJoinPool-1-worker-1] INFO  server.RaftServerConfigKeys (ConfUtils.java:logGet(62)) - raft.server.log.appender.buffer.byte-limit = 33554432 (custom)
2025-09-07 09:44:02,646 [e6e13cb3-e32b-4d2d-874a-1e4700c67398-ContainerReader-0] INFO  ozoneimpl.ContainerReader (ContainerReader.java:readVolume(177)) - Finish verifying containers on volume /home/runner/work/ozone/ozone/hadoop-ozone/integration-test/target/test-dir/MiniOzoneClusterImpl-023d5a78-e64c-43f3-a4d9-6f7884931d6c/ozone-metadata/datanode-6/data-0/hdds
2025-09-07 09:44:02,646 [e6e13cb3-e32b-4d2d-874a-1e4700c67398-EndpointStateMachineTaskThread-/0.0.0.0:15002-0 ] INFO  ozoneimpl.OzoneContainer (OzoneContainer.java:buildContainerSet(370)) - Build ContainerSet costs 0s
2025-09-07 09:44:02,647 [e6e13cb3-e32b-4d2d-874a-1e4700c67398-EndpointStateMachineTaskThread-/0.0.0.0:15002-0 ] INFO  volume.ThrottledAsyncChecker (ThrottledAsyncChecker.java:schedule(138)) - Scheduling a check for /home/runner/work/ozone/ozone/hadoop-ozone/integration-test/target/test-dir/MiniOzoneClusterImpl-023d5a78-e64c-43f3-a4d9-6f7884931d6c/ozone-metadata/datanode-6/data-0/hdds
2025-09-07 09:44:02,647 [e6e13cb3-e32b-4d2d-874a-1e4700c67398-EndpointStateMachineTaskThread-/0.0.0.0:15002-0 ] INFO  volume.StorageVolumeChecker (StorageVolumeChecker.java:checkAllVolumes(231)) - Scheduled health check for volume /home/runner/work/ozone/ozone/hadoop-ozone/integration-test/target/test-dir/MiniOzoneClusterImpl-023d5a78-e64c-43f3-a4d9-6f7884931d6c/ozone-metadata/datanode-6/data-0/hdds
2025-09-07 09:44:02,649 [ForkJoinPool-1-worker-1] INFO  netty.NettyUtils (NettyUtils.java:newEventLoopGroup(74)) - Create EpollEventLoopGroup for 4c7984b5-42f1-4e4b-a334-601f88f38b33-NettyServerStreamRpc-bossGroup; Thread size is 0.
2025-09-07 09:44:02,649 [ForkJoinPool-1-worker-1] INFO  netty.NettyUtils (NettyUtils.java:newEventLoopGroup(74)) - Create EpollEventLoopGroup for 4c7984b5-42f1-4e4b-a334-601f88f38b33-NettyServerStreamRpc-workerGroup; Thread size is 0.
2025-09-07 09:44:02,650 [ForkJoinPool-1-worker-1] INFO  netty.NettyConfigKeys$DataStream (ConfUtils.java:logGet(62)) - raft.netty.dataStream.port = 15080 (custom)
2025-09-07 09:44:02,651 [ForkJoinPool-1-worker-1] INFO  server.RaftServerConfigKeys (ConfUtils.java:logGet(62)) - raft.server.storage.dir = [/home/runner/work/ozone/ozone/hadoop-ozone/integration-test/target/test-dir/MiniOzoneClusterImpl-023d5a78-e64c-43f3-a4d9-6f7884931d6c/ozone-metadata/datanode-9/ratis] (custom)
2025-09-07 09:44:02,651 [4c7984b5-42f1-4e4b-a334-601f88f38b33-NettyServerStreamRpc-bossGroup--thread1] INFO  logging.LoggingHandler (AbstractInternalLogger.java:log(148)) - [id: 0x6dd33a48] REGISTERED
2025-09-07 09:44:02,651 [4c7984b5-42f1-4e4b-a334-601f88f38b33-NettyServerStreamRpc-bossGroup--thread1] INFO  logging.LoggingHandler (AbstractInternalLogger.java:log(148)) - [id: 0x6dd33a48] BIND: 0.0.0.0/0.0.0.0:15080
2025-09-07 09:44:02,651 [e6e13cb3-e32b-4d2d-874a-1e4700c67398-EndpointStateMachineTaskThread-/0.0.0.0:15002-0 ] INFO  volume.ThrottledAsyncChecker (ThrottledAsyncChecker.java:schedule(138)) - Scheduling a check for /home/runner/work/ozone/ozone/hadoop-ozone/integration-test/target/test-dir/MiniOzoneClusterImpl-023d5a78-e64c-43f3-a4d9-6f7884931d6c/ozone-metadata/datanode-6/ratis
2025-09-07 09:44:02,651 [4c7984b5-42f1-4e4b-a334-601f88f38b33-NettyServerStreamRpc-bossGroup--thread1] INFO  logging.LoggingHandler (AbstractInternalLogger.java:log(148)) - [id: 0x6dd33a48, L:/0.0.0.0:15080] ACTIVE
2025-09-07 09:44:02,652 [e6e13cb3-e32b-4d2d-874a-1e4700c67398-EndpointStateMachineTaskThread-/0.0.0.0:15002-0 ] INFO  volume.StorageVolumeChecker (StorageVolumeChecker.java:checkAllVolumes(231)) - Scheduled health check for volume /home/runner/work/ozone/ozone/hadoop-ozone/integration-test/target/test-dir/MiniOzoneClusterImpl-023d5a78-e64c-43f3-a4d9-6f7884931d6c/ozone-metadata/datanode-6/ratis
2025-09-07 09:44:02,652 [4c7984b5-42f1-4e4b-a334-601f88f38b33-impl-thread1] INFO  server.RaftServer (RaftServerProxy.java:initGroupDir(270)) - 4c7984b5-42f1-4e4b-a334-601f88f38b33: found a subdirectory /home/runner/work/ozone/ozone/hadoop-ozone/integration-test/target/test-dir/MiniOzoneClusterImpl-023d5a78-e64c-43f3-a4d9-6f7884931d6c/ozone-metadata/datanode-9/ratis/tmp
2025-09-07 09:44:02,652 [4c7984b5-42f1-4e4b-a334-601f88f38b33-impl-thread1] INFO  server.RaftServer (RaftServerProxy.java:initGroupDir(275)) - 4c7984b5-42f1-4e4b-a334-601f88f38b33: The directory /home/runner/work/ozone/ozone/hadoop-ozone/integration-test/target/test-dir/MiniOzoneClusterImpl-023d5a78-e64c-43f3-a4d9-6f7884931d6c/ozone-metadata/datanode-9/ratis/tmp is not a group directory; ignoring it. 
2025-09-07 09:44:02,652 [ForkJoinPool-1-worker-1] INFO  replication.ReplicationServer (ReplicationServer.java:<init>(84)) - Initializing replication server with thread count = 10 queue length = 4096
2025-09-07 09:44:02,653 [e6e13cb3-e32b-4d2d-874a-1e4700c67398-EndpointStateMachineTaskThread-/0.0.0.0:15002-0 ] INFO  ozoneimpl.OzoneContainer (OzoneContainer.java:start(525)) - Attempting to start container services.
2025-09-07 09:44:02,653 [ContainerMetadataScanner] INFO  ozoneimpl.AbstractBackgroundContainerScanner (AbstractBackgroundContainerScanner.java:runIteration(89)) - Completed an iteration in 0 minutes. Number of iterations (since the data-node restart) : 1, Number of containers scanned in this iteration : 0, Number of unhealthy containers found in this iteration : 0
2025-09-07 09:44:02,654 [ForkJoinPool-1-worker-1] INFO  server.XceiverServerGrpc (XceiverServerGrpc.java:<init>(130)) - GrpcServer channel type EpollServerSocketChannel
2025-09-07 09:44:02,654 [ContainerDataScanner(/home/runner/work/ozone/ozone/hadoop-ozone/integration-test/target/test-dir/MiniOzoneClusterImpl-023d5a78-e64c-43f3-a4d9-6f7884931d6c/ozone-metadata/datanode-6/data-0/hdds)] INFO  ozoneimpl.AbstractBackgroundContainerScanner (AbstractBackgroundContainerScanner.java:runIteration(89)) - Completed an iteration in 0 minutes. Number of iterations (since the data-node restart) : 1, Number of containers scanned in this iteration : 0, Number of unhealthy containers found in this iteration : 0
2025-09-07 09:44:02,655 [e6e13cb3-e32b-4d2d-874a-1e4700c67398-EndpointStateMachineTaskThread-/0.0.0.0:15002-0 ] INFO  replication.ReplicationServer (ReplicationServer.java:start(137)) - ReplicationServer is started using port 15057
2025-09-07 09:44:02,655 [e6e13cb3-e32b-4d2d-874a-1e4700c67398-EndpointStateMachineTaskThread-/0.0.0.0:15002-0 ] INFO  ratis.XceiverServerRatis (XceiverServerRatis.java:start(562)) - Starting XceiverServerRatis(e6e13cb3-e32b-4d2d-874a-1e4700c67398)
2025-09-07 09:44:02,655 [ForkJoinPool-1-worker-1] INFO  replication.ReplicationSupervisor (ReplicationSupervisor.java:build(169)) - Initializing replication supervisor with thread count = 10
2025-09-07 09:44:02,655 [ForkJoinPool-1-worker-1] INFO  replication.ReplicationSupervisor (ReplicationSupervisor.java:nodeStateUpdated(358)) - Node state updated to IN_SERVICE, scaling executor pool size to 10
2025-09-07 09:44:02,656 [e6e13cb3-e32b-4d2d-874a-1e4700c67398-EndpointStateMachineTaskThread-/0.0.0.0:15002-0 ] INFO  server.RaftServer (RaftServerProxy.java:startImpl(412)) - e6e13cb3-e32b-4d2d-874a-1e4700c67398: start RPC server
2025-09-07 09:44:02,657 [e6e13cb3-e32b-4d2d-874a-1e4700c67398-EndpointStateMachineTaskThread-/0.0.0.0:15002-0 ] INFO  server.GrpcServicesImpl (GrpcServicesImpl.java:startImpl(346)) - e6e13cb3-e32b-4d2d-874a-1e4700c67398: GrpcServicesImpl started, listening on 15053
2025-09-07 09:44:02,657 [e6e13cb3-e32b-4d2d-874a-1e4700c67398-EndpointStateMachineTaskThread-/0.0.0.0:15002-0 ] INFO  server.GrpcServicesImpl (GrpcServicesImpl.java:startImpl(346)) - e6e13cb3-e32b-4d2d-874a-1e4700c67398: GrpcServicesImpl started, listening on 15055
2025-09-07 09:44:02,657 [e6e13cb3-e32b-4d2d-874a-1e4700c67398-EndpointStateMachineTaskThread-/0.0.0.0:15002-0 ] INFO  server.GrpcServicesImpl (GrpcServicesImpl.java:startImpl(346)) - e6e13cb3-e32b-4d2d-874a-1e4700c67398: GrpcServicesImpl started, listening on 15054
2025-09-07 09:44:02,658 [e6e13cb3-e32b-4d2d-874a-1e4700c67398-EndpointStateMachineTaskThread-/0.0.0.0:15002-0 ] INFO  ratis.XceiverServerRatis (XceiverServerRatis.java:getRealPort(589)) - XceiverServerRatis(e6e13cb3-e32b-4d2d-874a-1e4700c67398) is started using port RATIS=15053
2025-09-07 09:44:02,658 [JvmPauseMonitor8] INFO  util.JvmPauseMonitor (JvmPauseMonitor.java:run(146)) - JvmPauseMonitor-e6e13cb3-e32b-4d2d-874a-1e4700c67398: Started
2025-09-07 09:44:02,658 [e6e13cb3-e32b-4d2d-874a-1e4700c67398-EndpointStateMachineTaskThread-/0.0.0.0:15002-0 ] INFO  ratis.XceiverServerRatis (XceiverServerRatis.java:getRealPort(589)) - XceiverServerRatis(e6e13cb3-e32b-4d2d-874a-1e4700c67398) is started using port RATIS_ADMIN=15054
2025-09-07 09:44:02,658 [e6e13cb3-e32b-4d2d-874a-1e4700c67398-EndpointStateMachineTaskThread-/0.0.0.0:15002-0 ] INFO  ratis.XceiverServerRatis (XceiverServerRatis.java:getRealPort(589)) - XceiverServerRatis(e6e13cb3-e32b-4d2d-874a-1e4700c67398) is started using port RATIS_SERVER=15055
2025-09-07 09:44:02,658 [e6e13cb3-e32b-4d2d-874a-1e4700c67398-EndpointStateMachineTaskThread-/0.0.0.0:15002-0 ] INFO  ratis.XceiverServerRatis (XceiverServerRatis.java:getRealPort(589)) - XceiverServerRatis(e6e13cb3-e32b-4d2d-874a-1e4700c67398) is started using port RATIS_DATASTREAM=15056
2025-09-07 09:44:02,659 [ForkJoinPool-1-worker-1] INFO  http.BaseHttpServer (BaseHttpServer.java:newHttpServer2BuilderForOzone(227)) - Starting Web-server for hddsDatanode at: http://0.0.0.0:15074
2025-09-07 09:44:02,659 [ForkJoinPool-1-worker-1] INFO  http.BaseHttpServer (BaseHttpServer.java:<init>(105)) - Hadoop Security Enabled: false Ozone Security Enabled: false Ozone HTTP Security Enabled: false 
2025-09-07 09:44:02,659 [e6e13cb3-e32b-4d2d-874a-1e4700c67398-EndpointStateMachineTaskThread-/0.0.0.0:15002-0 ] INFO  utils.BackgroundService (BackgroundService.java:start(119)) - Starting service BlockDeletingService with interval 60000 milliseconds
2025-09-07 09:44:02,660 [e6e13cb3-e32b-4d2d-874a-1e4700c67398-EndpointStateMachineTaskThread-/0.0.0.0:15002-0 ] INFO  utils.BackgroundService (BackgroundService.java:start(119)) - Starting service StaleRecoveringContainerScrubbingService with interval 60000 milliseconds
2025-09-07 09:44:02,660 [ForkJoinPool-1-worker-1] WARN  server.AuthenticationFilter (AuthenticationFilter.java:constructSecretProvider(240)) - Unable to initialize FileSignerSecretProvider, falling back to use random secrets. Reason: Could not read signature secret file: /home/runner/hadoop-http-auth-signature-secret
2025-09-07 09:44:02,662 [ForkJoinPool-1-worker-1] INFO  http.HttpServer2 (HttpServer2.java:addGlobalFilter(1041)) - Added global filter 'safety' (class=org.apache.hadoop.hdds.server.http.HttpServer2$QuotingInputFilter)
2025-09-07 09:44:02,663 [ForkJoinPool-1-worker-1] INFO  http.HttpServer2 (HttpServer2.java:addFilter(1017)) - Added filter static_user_filter (class=org.apache.hadoop.http.lib.StaticUserWebFilter$StaticUserFilter) to context hddsDatanode
2025-09-07 09:44:02,664 [ForkJoinPool-1-worker-1] INFO  http.HttpServer2 (HttpServer2.java:addFilter(1025)) - Added filter static_user_filter (class=org.apache.hadoop.http.lib.StaticUserWebFilter$StaticUserFilter) to context logs
2025-09-07 09:44:02,664 [ForkJoinPool-1-worker-1] INFO  http.HttpServer2 (HttpServer2.java:addFilter(1025)) - Added filter static_user_filter (class=org.apache.hadoop.http.lib.StaticUserWebFilter$StaticUserFilter) to context static
2025-09-07 09:44:02,664 [ForkJoinPool-1-worker-1] INFO  http.BaseHttpServer (BaseHttpServer.java:<init>(193)) - HTTP server of hddsDatanode uses base directory /home/runner/work/ozone/ozone/hadoop-ozone/integration-test/target/test-dir/MiniOzoneClusterImpl-023d5a78-e64c-43f3-a4d9-6f7884931d6c/scm/ozone-metadata/webserver
2025-09-07 09:44:02,664 [ForkJoinPool-1-worker-1] INFO  http.HttpServer2 (HttpServer2.java:bindListener(1241)) - Jetty bound to port 15074
2025-09-07 09:44:02,664 [ForkJoinPool-1-worker-1] INFO  server.Server (Server.java:doStart(375)) - jetty-9.4.58.v20250814; built: 2025-08-14T02:28:49.637Z; git: 8f1440587e9e4ae7db3d74cf205643f3d707148d; jvm 21.0.8+9-LTS
2025-09-07 09:44:02,666 [ForkJoinPool-1-worker-1] INFO  server.session (DefaultSessionIdManager.java:doStart(334)) - DefaultSessionIdManager workerName=node0
2025-09-07 09:44:02,666 [ForkJoinPool-1-worker-1] INFO  server.session (DefaultSessionIdManager.java:doStart(339)) - No SessionScavenger set, using defaults
2025-09-07 09:44:02,666 [ForkJoinPool-1-worker-1] INFO  server.session (HouseKeeper.java:startScavenging(132)) - node0 Scavenging every 660000ms
2025-09-07 09:44:02,666 [ForkJoinPool-1-worker-1] INFO  handler.ContextHandler (ContextHandler.java:doStart(921)) - Started o.e.j.s.ServletContextHandler@61a9499d{logs,/logs,file:///home/runner/work/ozone/ozone/hadoop-ozone/integration-test/target/log,AVAILABLE}
2025-09-07 09:44:02,667 [ForkJoinPool-1-worker-1] INFO  handler.ContextHandler (ContextHandler.java:doStart(921)) - Started o.e.j.s.ServletContextHandler@7c4ce641{static,/static,jar:file:/home/runner/work/ozone/ozone/hadoop-hdds/container-service/target/hdds-container-service-2.1.0-SNAPSHOT.jar!/webapps/static,AVAILABLE}
2025-09-07 09:44:02,797 [IPC Server handler 3 on default port 15002] INFO  net.NetworkTopologyImpl (NetworkTopologyImpl.java:add(133)) - Added a new node: /rack1/90a60b70-6b91-4fb2-a612-7ac0b6911dfc
2025-09-07 09:44:02,797 [IPC Server handler 3 on default port 15002] INFO  node.SCMNodeManager (SCMNodeManager.java:register(423)) - Registered datanode: 90a60b70-6b91-4fb2-a612-7ac0b6911dfc{ip: 127.0.0.1, host: localhost, ports: [HTTP=15042, CLIENT_RPC=15043, REPLICATION=15049, RATIS=15045, RATIS_ADMIN=15046, RATIS_SERVER=15047, RATIS_DATASTREAM=15048, STANDALONE=15044], networkLocation: /rack1, certSerialId: null, persistedOpState: null, persistedOpStateExpiryEpochSec: 0}
2025-09-07 09:44:02,798 [EventQueue-NewNodeForNewNodeHandler] INFO  pipeline.BackgroundPipelineCreator (BackgroundPipelineCreator.java:notifyEventTriggered(290)) - trigger a one-shot run on RatisPipelineUtilsThread.
2025-09-07 09:44:02,798 [EventQueue-NodeRegistrationContainerReportForDataNodeSafeModeRule] INFO  safemode.SCMSafeModeManager (SCMSafeModeManager.java:validateSafeModeExitRules(138)) - DataNodeSafeModeRule rule is successfully validated
2025-09-07 09:44:02,798 [EventQueue-PipelineReportForOneReplicaPipelineSafeModeRule] INFO  safemode.SCMSafeModeManager (SCMSafeModeManager.java:validateSafeModeExitRules(138)) - AtleastOneDatanodeReportedRule rule is successfully validated
2025-09-07 09:44:02,798 [EventQueue-ContainerRegistrationReportForECContainerSafeModeRule] INFO  safemode.SCMSafeModeManager (SCMSafeModeManager.java:validateSafeModeExitRules(138)) - ECContainerSafeModeRule rule is successfully validated
2025-09-07 09:44:02,799 [EventQueue-ContainerRegistrationReportForRatisContainerSafeModeRule] INFO  safemode.SCMSafeModeManager (SCMSafeModeManager.java:validateSafeModeExitRules(138)) - RatisContainerSafeModeRule rule is successfully validated
2025-09-07 09:44:02,799 [RatisPipelineUtilsThread-0] INFO  pipeline.RatisPipelineProvider (RatisPipelineProvider.java:lambda$create$0(208)) - Sending CreatePipelineCommand for pipeline:Pipeline-290201cc-74e0-4698-a1ce-8ab8e1487aaf to datanode:90a60b70-6b91-4fb2-a612-7ac0b6911dfc(localhost/127.0.0.1)
2025-09-07 09:44:02,802 [a68d7e4a-8be2-4109-84e0-ed7537249ab2@group-6F7884931D6C-StateMachineUpdater] INFO  safemode.SCMSafeModeManager (SCMSafeModeManager.java:validateSafeModeExitRules(138)) - DataNodeSafeModeRule rule is successfully validated
2025-09-07 09:44:02,802 [a68d7e4a-8be2-4109-84e0-ed7537249ab2@group-6F7884931D6C-StateMachineUpdater] INFO  safemode.SCMSafeModeManager (SCMSafeModeManager.java:validateSafeModeExitRules(138)) - RatisContainerSafeModeRule rule is successfully validated
2025-09-07 09:44:02,802 [a68d7e4a-8be2-4109-84e0-ed7537249ab2@group-6F7884931D6C-StateMachineUpdater] INFO  safemode.HealthyPipelineSafeModeRule (HealthyPipelineSafeModeRule.java:initializeRule(228)) - Refreshed total pipeline count is 0, healthy pipeline threshold count is 1
2025-09-07 09:44:02,802 [a68d7e4a-8be2-4109-84e0-ed7537249ab2@group-6F7884931D6C-StateMachineUpdater] INFO  safemode.SCMSafeModeManager (SCMSafeModeManager.java:validateSafeModeExitRules(138)) - ECContainerSafeModeRule rule is successfully validated
2025-09-07 09:44:02,802 [a68d7e4a-8be2-4109-84e0-ed7537249ab2@group-6F7884931D6C-StateMachineUpdater] INFO  safemode.SCMSafeModeManager (SCMSafeModeManager.java:validateSafeModeExitRules(138)) - AtleastOneDatanodeReportedRule rule is successfully validated
2025-09-07 09:44:02,803 [RatisPipelineUtilsThread-0] INFO  pipeline.BackgroundPipelineCreator (BackgroundPipelineCreator.java:createPipelines(246)) - Created new pipeline Pipeline{ Id: 290201cc-74e0-4698-a1ce-8ab8e1487aaf, Nodes: [ {90a60b70-6b91-4fb2-a612-7ac0b6911dfc(localhost/127.0.0.1), ReplicaIndex: 0},], ReplicationConfig: RATIS/ONE, State:ALLOCATED, leaderId:, CreationTimestamp2025-09-07T09:44:02.799343032Z[Etc/UTC]}
2025-09-07 09:44:02,811 [ForkJoinPool-1-worker-1] INFO  handler.ContextHandler (ContextHandler.java:doStart(921)) - Started o.e.j.w.WebAppContext@164a31d9{hddsDatanode,/,file:///home/runner/work/ozone/ozone/hadoop-ozone/integration-test/target/test-dir/MiniOzoneClusterImpl-023d5a78-e64c-43f3-a4d9-6f7884931d6c/scm/ozone-metadata/webserver/jetty-0_0_0_0-15074-hdds-container-service-2_1_0-SNAPSHOT_jar-_-any-6497255192429548067/webapp/,AVAILABLE}{jar:file:/home/runner/work/ozone/ozone/hadoop-hdds/container-service/target/hdds-container-service-2.1.0-SNAPSHOT.jar!/webapps/hddsDatanode}
2025-09-07 09:44:02,812 [ForkJoinPool-1-worker-1] INFO  server.AbstractConnector (AbstractConnector.java:doStart(333)) - Started ServerConnector@2f45fc94{HTTP/1.1, (http/1.1)}{0.0.0.0:15074}
2025-09-07 09:44:02,812 [ForkJoinPool-1-worker-1] INFO  server.Server (Server.java:doStart(415)) - Started @13558ms
2025-09-07 09:44:02,812 [ForkJoinPool-1-worker-1] WARN  impl.MetricsSystemImpl (MetricsSystemImpl.java:register(279)) - Sink prometheus already exists!
2025-09-07 09:44:02,812 [ForkJoinPool-1-worker-1] INFO  http.BaseHttpServer (BaseHttpServer.java:updateConnectorAddress(357)) - HTTP server of hddsDatanode listening at http://localhost:15074
2025-09-07 09:44:02,812 [ForkJoinPool-1-worker-1] INFO  ipc.CallQueueManager (CallQueueManager.java:<init>(93)) - Using callQueue: class java.util.concurrent.LinkedBlockingQueue, queueCapacity: 1000, scheduler: class org.apache.hadoop.ipc.DefaultRpcScheduler, ipcBackoff: false, ipcFailOver: false.
2025-09-07 09:44:02,813 [ForkJoinPool-1-worker-1] INFO  ipc.Server (Server.java:<init>(1438)) - Listener at 0.0.0.0:15075
2025-09-07 09:44:02,813 [Socket Reader #1 for port 15075] INFO  ipc.Server (Server.java:run(1474)) - Starting Socket Reader #1 for port 15075
2025-09-07 09:44:02,813 [Socket Reader #2 for port 15075] INFO  ipc.Server (Server.java:run(1474)) - Starting Socket Reader #2 for port 15075
2025-09-07 09:44:02,813 [Socket Reader #3 for port 15075] INFO  ipc.Server (Server.java:run(1474)) - Starting Socket Reader #3 for port 15075
2025-09-07 09:44:02,814 [Socket Reader #4 for port 15075] INFO  ipc.Server (Server.java:run(1474)) - Starting Socket Reader #4 for port 15075
2025-09-07 09:44:02,814 [Socket Reader #5 for port 15075] INFO  ipc.Server (Server.java:run(1474)) - Starting Socket Reader #5 for port 15075
2025-09-07 09:44:02,814 [Socket Reader #6 for port 15075] INFO  ipc.Server (Server.java:run(1474)) - Starting Socket Reader #6 for port 15075
2025-09-07 09:44:02,814 [Socket Reader #7 for port 15075] INFO  ipc.Server (Server.java:run(1474)) - Starting Socket Reader #7 for port 15075
2025-09-07 09:44:02,814 [Socket Reader #8 for port 15075] INFO  ipc.Server (Server.java:run(1474)) - Starting Socket Reader #8 for port 15075
2025-09-07 09:44:02,814 [Socket Reader #9 for port 15075] INFO  ipc.Server (Server.java:run(1474)) - Starting Socket Reader #9 for port 15075
2025-09-07 09:44:02,815 [Socket Reader #10 for port 15075] INFO  ipc.Server (Server.java:run(1474)) - Starting Socket Reader #10 for port 15075
2025-09-07 09:44:02,816 [ForkJoinPool-1-worker-1] INFO  ozone.HddsDatanodeService (HddsDatanodeService.java:start(333)) - Datanode start with admins: [admin, runner]
2025-09-07 09:44:02,816 [ForkJoinPool-1-worker-1] INFO  ozone.HddsDatanodeClientProtocolServer (HddsDatanodeClientProtocolServer.java:start(76)) - RPC server for Client /0.0.0.0:15075
2025-09-07 09:44:02,817 [IPC Server Responder] INFO  ipc.Server (Server.java:run(1713)) - IPC Server Responder: starting
2025-09-07 09:44:02,817 [IPC Server listener on 15075] INFO  ipc.Server (Server.java:run(1553)) - IPC Server listener on 15075: starting
2025-09-07 09:44:02,818 [ForkJoinPool-1-worker-1] WARN  dropwizard3.Dm3MetricRegistriesImpl (Dm3MetricRegistriesImpl.java:addReporterRegistration(114)) - New reporters are added after registries were created. Some metrics will be missing from the reporter. Please add reporter before adding any new registry.
2025-09-07 09:44:02,819 [ForkJoinPool-1-worker-1] WARN  dropwizard3.Dm3MetricRegistriesImpl (Dm3MetricRegistriesImpl.java:addReporterRegistration(114)) - New reporters are added after registries were created. Some metrics will be missing from the reporter. Please add reporter before adding any new registry.
2025-09-07 09:44:02,819 [ForkJoinPool-1-worker-1] INFO  impl.MetricsSystemImpl (MetricsSystemImpl.java:init(158)) - HddsDatanode metrics system started (again)
2025-09-07 09:44:02,821 [4c7984b5-42f1-4e4b-a334-601f88f38b33-DatanodeStateMachineDaemonThread] INFO  statemachine.DatanodeStateMachine (DatanodeStateMachine.java:startStateMachineThread(347)) - Ozone container server started.
2025-09-07 09:44:02,826 [4c7984b5-42f1-4e4b-a334-601f88f38b33-DatanodeStateMachineTaskThread-0] INFO  datanode.InitDatanodeState (InitDatanodeState.java:persistContainerDatanodeDetails(139)) - DatanodeDetails is persisted to /home/runner/work/ozone/ozone/hadoop-ozone/integration-test/target/test-dir/MiniOzoneClusterImpl-023d5a78-e64c-43f3-a4d9-6f7884931d6c/ozone-metadata/datanode-9/ozone-metadata/datanode.id
2025-09-07 09:44:02,837 [ForkJoinPool-1-worker-1] INFO  protocol.DatanodeDetails (DatanodeDetails.java:validateDatanodeIpAddress(199)) - Updating IP address of datanode c7928d43-6313-4dde-8a75-1660f92a858c(localhost/null) to 127.0.0.1
2025-09-07 09:44:02,837 [ForkJoinPool-1-worker-1] INFO  ozone.HddsDatanodeService (HddsDatanodeService.java:start(236)) - HddsDatanodeService c7928d43-6313-4dde-8a75-1660f92a858c(localhost/127.0.0.1)
2025-09-07 09:44:02,839 [ForkJoinPool-1-worker-1] INFO  upgrade.AbstractLayoutVersionManager (AbstractLayoutVersionManager.java:init(80)) - Initializing Layout version manager with metadata layout = WITNESSED_CONTAINER_DB_PROTO_VALUE (version = 9), software layout = WITNESSED_CONTAINER_DB_PROTO_VALUE (version = 9)
2025-09-07 09:44:02,840 [ForkJoinPool-1-worker-1] INFO  statemachine.DatanodeStateMachine (DatanodeStateMachine.java:getEndPointTaskThreadPoolSize(305)) - Datanode State Machine Task Thread Pool size 2
2025-09-07 09:44:02,843 [ForkJoinPool-1-worker-1] INFO  volume.HddsVolume (HddsVolume.java:<init>(162)) - HddsVolume: { id=DS-ae2536d5-767d-41e0-b425-7fa6d505b759 dir=/home/runner/work/ozone/ozone/hadoop-ozone/integration-test/target/test-dir/MiniOzoneClusterImpl-023d5a78-e64c-43f3-a4d9-6f7884931d6c/ozone-metadata/datanode-10/data-0/hdds type=DISK capacity=9222449699674390527 used=0 available=9222449699674390527 minFree=9222450130714624 committed=0 }
2025-09-07 09:44:02,843 [ForkJoinPool-1-worker-1] INFO  volume.MutableVolumeSet (MutableVolumeSet.java:initializeVolumeSet(175)) - Added Volume : /home/runner/work/ozone/ozone/hadoop-ozone/integration-test/target/test-dir/MiniOzoneClusterImpl-023d5a78-e64c-43f3-a4d9-6f7884931d6c/ozone-metadata/datanode-10/data-0/hdds to VolumeSet
2025-09-07 09:44:02,844 [ForkJoinPool-1-worker-1] INFO  volume.MutableVolumeSet (MutableVolumeSet.java:initializeVolumeSet(175)) - Added Volume : /home/runner/work/ozone/ozone/hadoop-ozone/integration-test/target/test-dir/MiniOzoneClusterImpl-023d5a78-e64c-43f3-a4d9-6f7884931d6c/ozone-metadata/datanode-10/ratis to VolumeSet
2025-09-07 09:44:02,845 [ForkJoinPool-1-worker-1] INFO  ozoneimpl.OzoneContainer (HddsVolumeUtil.java:loadAllHddsVolumeDbStore(102)) - Load 1 volumes DbStore cost: 0ms
2025-09-07 09:44:02,845 [ForkJoinPool-1-worker-1] WARN  db.DBStoreBuilder (DBStoreBuilder.java:getDBDirPath(158)) - ozone.scm.datanode.id.dir is not configured. We recommend adding this setting. Falling back to ozone.metadata.dirs instead.
2025-09-07 09:44:02,846 [ForkJoinPool-1-worker-1] WARN  db.DBStoreBuilder (DBStoreBuilder.java:getDBDirPath(158)) - ozone.scm.datanode.id.dir is not configured. We recommend adding this setting. Falling back to ozone.metadata.dirs instead.
2025-09-07 09:44:02,860 [ForkJoinPool-1-worker-1] INFO  impl.FilePerChunkStrategy (FilePerChunkStrategy.java:<init>(79)) - ozone.chunk.read.mapped.buffer.max.count is load with 0
2025-09-07 09:44:02,860 [ForkJoinPool-1-worker-1] INFO  impl.FilePerBlockStrategy (FilePerBlockStrategy.java:<init>(88)) - ozone.chunk.read.mapped.buffer.max.count is load with 0
2025-09-07 09:44:02,861 [ForkJoinPool-1-worker-1] INFO  server.RaftServerConfigKeys (ConfUtils.java:logGet(62)) - raft.server.log.appender.buffer.byte-limit = 33554432 (custom)
2025-09-07 09:44:02,862 [ForkJoinPool-1-worker-1] INFO  grpc.GrpcConfigKeys (ConfUtils.java:logFallback(69)) - raft.grpc.admin.host = null (fallback to raft.grpc.server.host)
2025-09-07 09:44:02,862 [ForkJoinPool-1-worker-1] INFO  grpc.GrpcConfigKeys (ConfUtils.java:logGet(62)) - raft.grpc.admin.port = 15086 (custom)
2025-09-07 09:44:02,862 [ForkJoinPool-1-worker-1] INFO  grpc.GrpcConfigKeys (ConfUtils.java:logFallback(69)) - raft.grpc.client.host = null (fallback to raft.grpc.server.host)
2025-09-07 09:44:02,862 [ForkJoinPool-1-worker-1] INFO  grpc.GrpcConfigKeys (ConfUtils.java:logGet(62)) - raft.grpc.client.port = 15085 (custom)
2025-09-07 09:44:02,862 [ForkJoinPool-1-worker-1] INFO  grpc.GrpcConfigKeys (ConfUtils.java:logGet(62)) - raft.grpc.server.port = 15087 (custom)
2025-09-07 09:44:02,863 [ForkJoinPool-1-worker-1] INFO  server.GrpcServicesImpl (ConfUtils.java:logGet(62)) - raft.grpc.message.size.max = 34603008 (custom)
2025-09-07 09:44:02,863 [ForkJoinPool-1-worker-1] INFO  server.GrpcServicesImpl (ConfUtils.java:logGet(62)) - raft.grpc.flow.control.window = 5MB (=5242880) (custom)
2025-09-07 09:44:02,863 [ForkJoinPool-1-worker-1] INFO  server.RaftServerConfigKeys (ConfUtils.java:logGet(62)) - raft.server.log.appender.buffer.byte-limit = 33554432 (custom)
2025-09-07 09:44:02,865 [ForkJoinPool-1-worker-1] INFO  netty.NettyUtils (NettyUtils.java:newEventLoopGroup(74)) - Create EpollEventLoopGroup for c7928d43-6313-4dde-8a75-1660f92a858c-NettyServerStreamRpc-bossGroup; Thread size is 0.
2025-09-07 09:44:02,865 [ForkJoinPool-1-worker-1] INFO  netty.NettyUtils (NettyUtils.java:newEventLoopGroup(74)) - Create EpollEventLoopGroup for c7928d43-6313-4dde-8a75-1660f92a858c-NettyServerStreamRpc-workerGroup; Thread size is 0.
2025-09-07 09:44:02,866 [ForkJoinPool-1-worker-1] INFO  netty.NettyConfigKeys$DataStream (ConfUtils.java:logGet(62)) - raft.netty.dataStream.port = 15088 (custom)
2025-09-07 09:44:02,867 [ForkJoinPool-1-worker-1] INFO  server.RaftServerConfigKeys (ConfUtils.java:logGet(62)) - raft.server.storage.dir = [/home/runner/work/ozone/ozone/hadoop-ozone/integration-test/target/test-dir/MiniOzoneClusterImpl-023d5a78-e64c-43f3-a4d9-6f7884931d6c/ozone-metadata/datanode-10/ratis] (custom)
2025-09-07 09:44:02,867 [c7928d43-6313-4dde-8a75-1660f92a858c-impl-thread1] INFO  server.RaftServer (RaftServerProxy.java:initGroupDir(270)) - c7928d43-6313-4dde-8a75-1660f92a858c: found a subdirectory /home/runner/work/ozone/ozone/hadoop-ozone/integration-test/target/test-dir/MiniOzoneClusterImpl-023d5a78-e64c-43f3-a4d9-6f7884931d6c/ozone-metadata/datanode-10/ratis/tmp
2025-09-07 09:44:02,867 [c7928d43-6313-4dde-8a75-1660f92a858c-impl-thread1] INFO  server.RaftServer (RaftServerProxy.java:initGroupDir(275)) - c7928d43-6313-4dde-8a75-1660f92a858c: The directory /home/runner/work/ozone/ozone/hadoop-ozone/integration-test/target/test-dir/MiniOzoneClusterImpl-023d5a78-e64c-43f3-a4d9-6f7884931d6c/ozone-metadata/datanode-10/ratis/tmp is not a group directory; ignoring it. 
2025-09-07 09:44:02,867 [c7928d43-6313-4dde-8a75-1660f92a858c-NettyServerStreamRpc-bossGroup--thread1] INFO  logging.LoggingHandler (AbstractInternalLogger.java:log(148)) - [id: 0xaa86e86a] REGISTERED
2025-09-07 09:44:02,867 [ForkJoinPool-1-worker-1] INFO  replication.ReplicationServer (ReplicationServer.java:<init>(84)) - Initializing replication server with thread count = 10 queue length = 4096
2025-09-07 09:44:02,868 [c7928d43-6313-4dde-8a75-1660f92a858c-NettyServerStreamRpc-bossGroup--thread1] INFO  logging.LoggingHandler (AbstractInternalLogger.java:log(148)) - [id: 0xaa86e86a] BIND: 0.0.0.0/0.0.0.0:15088
2025-09-07 09:44:02,868 [c7928d43-6313-4dde-8a75-1660f92a858c-NettyServerStreamRpc-bossGroup--thread1] INFO  logging.LoggingHandler (AbstractInternalLogger.java:log(148)) - [id: 0xaa86e86a, L:/0.0.0.0:15088] ACTIVE
2025-09-07 09:44:02,869 [ForkJoinPool-1-worker-1] INFO  server.XceiverServerGrpc (XceiverServerGrpc.java:<init>(130)) - GrpcServer channel type EpollServerSocketChannel
2025-09-07 09:44:02,870 [ForkJoinPool-1-worker-1] INFO  replication.ReplicationSupervisor (ReplicationSupervisor.java:build(169)) - Initializing replication supervisor with thread count = 10
2025-09-07 09:44:02,871 [ForkJoinPool-1-worker-1] INFO  replication.ReplicationSupervisor (ReplicationSupervisor.java:nodeStateUpdated(358)) - Node state updated to IN_SERVICE, scaling executor pool size to 10
2025-09-07 09:44:02,873 [ForkJoinPool-1-worker-1] INFO  http.BaseHttpServer (BaseHttpServer.java:newHttpServer2BuilderForOzone(227)) - Starting Web-server for hddsDatanode at: http://0.0.0.0:15082
2025-09-07 09:44:02,873 [ForkJoinPool-1-worker-1] INFO  http.BaseHttpServer (BaseHttpServer.java:<init>(105)) - Hadoop Security Enabled: false Ozone Security Enabled: false Ozone HTTP Security Enabled: false 
2025-09-07 09:44:02,875 [ForkJoinPool-1-worker-1] WARN  server.AuthenticationFilter (AuthenticationFilter.java:constructSecretProvider(240)) - Unable to initialize FileSignerSecretProvider, falling back to use random secrets. Reason: Could not read signature secret file: /home/runner/hadoop-http-auth-signature-secret
2025-09-07 09:44:02,878 [ForkJoinPool-1-worker-1] INFO  http.HttpServer2 (HttpServer2.java:addGlobalFilter(1041)) - Added global filter 'safety' (class=org.apache.hadoop.hdds.server.http.HttpServer2$QuotingInputFilter)
2025-09-07 09:44:02,880 [ForkJoinPool-1-worker-1] INFO  http.HttpServer2 (HttpServer2.java:addFilter(1017)) - Added filter static_user_filter (class=org.apache.hadoop.http.lib.StaticUserWebFilter$StaticUserFilter) to context hddsDatanode
2025-09-07 09:44:02,880 [ForkJoinPool-1-worker-1] INFO  http.HttpServer2 (HttpServer2.java:addFilter(1025)) - Added filter static_user_filter (class=org.apache.hadoop.http.lib.StaticUserWebFilter$StaticUserFilter) to context static
2025-09-07 09:44:02,880 [ForkJoinPool-1-worker-1] INFO  http.HttpServer2 (HttpServer2.java:addFilter(1025)) - Added filter static_user_filter (class=org.apache.hadoop.http.lib.StaticUserWebFilter$StaticUserFilter) to context logs
2025-09-07 09:44:02,881 [ForkJoinPool-1-worker-1] INFO  http.BaseHttpServer (BaseHttpServer.java:<init>(193)) - HTTP server of hddsDatanode uses base directory /home/runner/work/ozone/ozone/hadoop-ozone/integration-test/target/test-dir/MiniOzoneClusterImpl-023d5a78-e64c-43f3-a4d9-6f7884931d6c/scm/ozone-metadata/webserver
2025-09-07 09:44:02,881 [ForkJoinPool-1-worker-1] INFO  http.HttpServer2 (HttpServer2.java:bindListener(1241)) - Jetty bound to port 15082
2025-09-07 09:44:02,881 [ForkJoinPool-1-worker-1] INFO  server.Server (Server.java:doStart(375)) - jetty-9.4.58.v20250814; built: 2025-08-14T02:28:49.637Z; git: 8f1440587e9e4ae7db3d74cf205643f3d707148d; jvm 21.0.8+9-LTS
2025-09-07 09:44:02,883 [ForkJoinPool-1-worker-1] INFO  server.session (DefaultSessionIdManager.java:doStart(334)) - DefaultSessionIdManager workerName=node0
2025-09-07 09:44:02,883 [ForkJoinPool-1-worker-1] INFO  server.session (DefaultSessionIdManager.java:doStart(339)) - No SessionScavenger set, using defaults
2025-09-07 09:44:02,883 [ForkJoinPool-1-worker-1] INFO  server.session (HouseKeeper.java:startScavenging(132)) - node0 Scavenging every 600000ms
2025-09-07 09:44:02,884 [ForkJoinPool-1-worker-1] INFO  handler.ContextHandler (ContextHandler.java:doStart(921)) - Started o.e.j.s.ServletContextHandler@6953dfb{logs,/logs,file:///home/runner/work/ozone/ozone/hadoop-ozone/integration-test/target/log,AVAILABLE}
2025-09-07 09:44:02,884 [ForkJoinPool-1-worker-1] INFO  handler.ContextHandler (ContextHandler.java:doStart(921)) - Started o.e.j.s.ServletContextHandler@726acd37{static,/static,jar:file:/home/runner/work/ozone/ozone/hadoop-hdds/container-service/target/hdds-container-service-2.1.0-SNAPSHOT.jar!/webapps/static,AVAILABLE}
2025-09-07 09:44:02,900 [c7c0d573-77b1-47db-b09e-d84959a4a43f-EndpointStateMachineTaskThread-/0.0.0.0:15002-0 ] INFO  utils.DatanodeStoreCache (DatanodeStoreCache.java:addDB(70)) - Added db /home/runner/work/ozone/ozone/hadoop-ozone/integration-test/target/test-dir/MiniOzoneClusterImpl-023d5a78-e64c-43f3-a4d9-6f7884931d6c/ozone-metadata/datanode-7/data-0/hdds/023d5a78-e64c-43f3-a4d9-6f7884931d6c/DS-7d6b5525-c31c-4cde-b529-f7d3e2c4ede0/container.db to cache
2025-09-07 09:44:02,900 [c7c0d573-77b1-47db-b09e-d84959a4a43f-EndpointStateMachineTaskThread-/0.0.0.0:15002-0 ] INFO  volume.HddsVolume (HddsVolume.java:createDbStore(576)) - SchemaV3 db is created and loaded at /home/runner/work/ozone/ozone/hadoop-ozone/integration-test/target/test-dir/MiniOzoneClusterImpl-023d5a78-e64c-43f3-a4d9-6f7884931d6c/ozone-metadata/datanode-7/data-0/hdds/023d5a78-e64c-43f3-a4d9-6f7884931d6c/DS-7d6b5525-c31c-4cde-b529-f7d3e2c4ede0/container.db for volume DS-7d6b5525-c31c-4cde-b529-f7d3e2c4ede0
2025-09-07 09:44:02,904 [c7c0d573-77b1-47db-b09e-d84959a4a43f-ContainerReader-0] INFO  ozoneimpl.ContainerReader (ContainerReader.java:readVolume(147)) - Start to verify containers on volume /home/runner/work/ozone/ozone/hadoop-ozone/integration-test/target/test-dir/MiniOzoneClusterImpl-023d5a78-e64c-43f3-a4d9-6f7884931d6c/ozone-metadata/datanode-7/data-0/hdds
2025-09-07 09:44:02,904 [c7c0d573-77b1-47db-b09e-d84959a4a43f-ContainerReader-0] INFO  ozoneimpl.ContainerReader (ContainerReader.java:readVolume(177)) - Finish verifying containers on volume /home/runner/work/ozone/ozone/hadoop-ozone/integration-test/target/test-dir/MiniOzoneClusterImpl-023d5a78-e64c-43f3-a4d9-6f7884931d6c/ozone-metadata/datanode-7/data-0/hdds
2025-09-07 09:44:02,904 [c7c0d573-77b1-47db-b09e-d84959a4a43f-EndpointStateMachineTaskThread-/0.0.0.0:15002-0 ] INFO  ozoneimpl.OzoneContainer (OzoneContainer.java:buildContainerSet(370)) - Build ContainerSet costs 0s
2025-09-07 09:44:02,905 [c7c0d573-77b1-47db-b09e-d84959a4a43f-EndpointStateMachineTaskThread-/0.0.0.0:15002-0 ] INFO  volume.ThrottledAsyncChecker (ThrottledAsyncChecker.java:schedule(138)) - Scheduling a check for /home/runner/work/ozone/ozone/hadoop-ozone/integration-test/target/test-dir/MiniOzoneClusterImpl-023d5a78-e64c-43f3-a4d9-6f7884931d6c/ozone-metadata/datanode-7/data-0/hdds
2025-09-07 09:44:02,906 [c7c0d573-77b1-47db-b09e-d84959a4a43f-EndpointStateMachineTaskThread-/0.0.0.0:15002-0 ] INFO  volume.StorageVolumeChecker (StorageVolumeChecker.java:checkAllVolumes(231)) - Scheduled health check for volume /home/runner/work/ozone/ozone/hadoop-ozone/integration-test/target/test-dir/MiniOzoneClusterImpl-023d5a78-e64c-43f3-a4d9-6f7884931d6c/ozone-metadata/datanode-7/data-0/hdds
2025-09-07 09:44:02,912 [c7c0d573-77b1-47db-b09e-d84959a4a43f-EndpointStateMachineTaskThread-/0.0.0.0:15002-0 ] INFO  volume.ThrottledAsyncChecker (ThrottledAsyncChecker.java:schedule(138)) - Scheduling a check for /home/runner/work/ozone/ozone/hadoop-ozone/integration-test/target/test-dir/MiniOzoneClusterImpl-023d5a78-e64c-43f3-a4d9-6f7884931d6c/ozone-metadata/datanode-7/ratis
2025-09-07 09:44:02,912 [c7c0d573-77b1-47db-b09e-d84959a4a43f-EndpointStateMachineTaskThread-/0.0.0.0:15002-0 ] INFO  volume.StorageVolumeChecker (StorageVolumeChecker.java:checkAllVolumes(231)) - Scheduled health check for volume /home/runner/work/ozone/ozone/hadoop-ozone/integration-test/target/test-dir/MiniOzoneClusterImpl-023d5a78-e64c-43f3-a4d9-6f7884931d6c/ozone-metadata/datanode-7/ratis
2025-09-07 09:44:02,913 [c7c0d573-77b1-47db-b09e-d84959a4a43f-EndpointStateMachineTaskThread-/0.0.0.0:15002-0 ] INFO  ozoneimpl.OzoneContainer (OzoneContainer.java:start(525)) - Attempting to start container services.
2025-09-07 09:44:02,914 [ContainerMetadataScanner] INFO  ozoneimpl.AbstractBackgroundContainerScanner (AbstractBackgroundContainerScanner.java:runIteration(89)) - Completed an iteration in 0 minutes. Number of iterations (since the data-node restart) : 1, Number of containers scanned in this iteration : 0, Number of unhealthy containers found in this iteration : 0
2025-09-07 09:44:02,915 [ContainerDataScanner(/home/runner/work/ozone/ozone/hadoop-ozone/integration-test/target/test-dir/MiniOzoneClusterImpl-023d5a78-e64c-43f3-a4d9-6f7884931d6c/ozone-metadata/datanode-7/data-0/hdds)] INFO  ozoneimpl.AbstractBackgroundContainerScanner (AbstractBackgroundContainerScanner.java:runIteration(89)) - Completed an iteration in 0 minutes. Number of iterations (since the data-node restart) : 1, Number of containers scanned in this iteration : 0, Number of unhealthy containers found in this iteration : 0
2025-09-07 09:44:02,916 [c7c0d573-77b1-47db-b09e-d84959a4a43f-EndpointStateMachineTaskThread-/0.0.0.0:15002-0 ] INFO  replication.ReplicationServer (ReplicationServer.java:start(137)) - ReplicationServer is started using port 15065
2025-09-07 09:44:02,916 [c7c0d573-77b1-47db-b09e-d84959a4a43f-EndpointStateMachineTaskThread-/0.0.0.0:15002-0 ] INFO  ratis.XceiverServerRatis (XceiverServerRatis.java:start(562)) - Starting XceiverServerRatis(c7c0d573-77b1-47db-b09e-d84959a4a43f)
2025-09-07 09:44:02,917 [c7c0d573-77b1-47db-b09e-d84959a4a43f-EndpointStateMachineTaskThread-/0.0.0.0:15002-0 ] INFO  server.RaftServer (RaftServerProxy.java:startImpl(412)) - c7c0d573-77b1-47db-b09e-d84959a4a43f: start RPC server
2025-09-07 09:44:02,917 [c7c0d573-77b1-47db-b09e-d84959a4a43f-EndpointStateMachineTaskThread-/0.0.0.0:15002-0 ] INFO  server.GrpcServicesImpl (GrpcServicesImpl.java:startImpl(346)) - c7c0d573-77b1-47db-b09e-d84959a4a43f: GrpcServicesImpl started, listening on 15061
2025-09-07 09:44:02,918 [c7c0d573-77b1-47db-b09e-d84959a4a43f-EndpointStateMachineTaskThread-/0.0.0.0:15002-0 ] INFO  server.GrpcServicesImpl (GrpcServicesImpl.java:startImpl(346)) - c7c0d573-77b1-47db-b09e-d84959a4a43f: GrpcServicesImpl started, listening on 15063
2025-09-07 09:44:02,918 [c7c0d573-77b1-47db-b09e-d84959a4a43f-EndpointStateMachineTaskThread-/0.0.0.0:15002-0 ] INFO  server.GrpcServicesImpl (GrpcServicesImpl.java:startImpl(346)) - c7c0d573-77b1-47db-b09e-d84959a4a43f: GrpcServicesImpl started, listening on 15062
2025-09-07 09:44:02,919 [JvmPauseMonitor9] INFO  util.JvmPauseMonitor (JvmPauseMonitor.java:run(146)) - JvmPauseMonitor-c7c0d573-77b1-47db-b09e-d84959a4a43f: Started
2025-09-07 09:44:02,919 [c7c0d573-77b1-47db-b09e-d84959a4a43f-EndpointStateMachineTaskThread-/0.0.0.0:15002-0 ] INFO  ratis.XceiverServerRatis (XceiverServerRatis.java:getRealPort(589)) - XceiverServerRatis(c7c0d573-77b1-47db-b09e-d84959a4a43f) is started using port RATIS=15061
2025-09-07 09:44:02,919 [c7c0d573-77b1-47db-b09e-d84959a4a43f-EndpointStateMachineTaskThread-/0.0.0.0:15002-0 ] INFO  ratis.XceiverServerRatis (XceiverServerRatis.java:getRealPort(589)) - XceiverServerRatis(c7c0d573-77b1-47db-b09e-d84959a4a43f) is started using port RATIS_ADMIN=15062
2025-09-07 09:44:02,920 [c7c0d573-77b1-47db-b09e-d84959a4a43f-EndpointStateMachineTaskThread-/0.0.0.0:15002-0 ] INFO  ratis.XceiverServerRatis (XceiverServerRatis.java:getRealPort(589)) - XceiverServerRatis(c7c0d573-77b1-47db-b09e-d84959a4a43f) is started using port RATIS_SERVER=15063
2025-09-07 09:44:02,920 [c7c0d573-77b1-47db-b09e-d84959a4a43f-EndpointStateMachineTaskThread-/0.0.0.0:15002-0 ] INFO  ratis.XceiverServerRatis (XceiverServerRatis.java:getRealPort(589)) - XceiverServerRatis(c7c0d573-77b1-47db-b09e-d84959a4a43f) is started using port RATIS_DATASTREAM=15064
2025-09-07 09:44:02,921 [c7c0d573-77b1-47db-b09e-d84959a4a43f-EndpointStateMachineTaskThread-/0.0.0.0:15002-0 ] INFO  utils.BackgroundService (BackgroundService.java:start(119)) - Starting service BlockDeletingService with interval 60000 milliseconds
2025-09-07 09:44:02,921 [c7c0d573-77b1-47db-b09e-d84959a4a43f-EndpointStateMachineTaskThread-/0.0.0.0:15002-0 ] INFO  utils.BackgroundService (BackgroundService.java:start(119)) - Starting service StaleRecoveringContainerScrubbingService with interval 60000 milliseconds
2025-09-07 09:44:03,055 [ForkJoinPool-1-worker-1] INFO  handler.ContextHandler (ContextHandler.java:doStart(921)) - Started o.e.j.w.WebAppContext@7052ef1b{hddsDatanode,/,file:///home/runner/work/ozone/ozone/hadoop-ozone/integration-test/target/test-dir/MiniOzoneClusterImpl-023d5a78-e64c-43f3-a4d9-6f7884931d6c/scm/ozone-metadata/webserver/jetty-0_0_0_0-15082-hdds-container-service-2_1_0-SNAPSHOT_jar-_-any-14769897659941380147/webapp/,AVAILABLE}{jar:file:/home/runner/work/ozone/ozone/hadoop-hdds/container-service/target/hdds-container-service-2.1.0-SNAPSHOT.jar!/webapps/hddsDatanode}
2025-09-07 09:44:03,056 [ForkJoinPool-1-worker-1] INFO  server.AbstractConnector (AbstractConnector.java:doStart(333)) - Started ServerConnector@226eba0{HTTP/1.1, (http/1.1)}{0.0.0.0:15082}
2025-09-07 09:44:03,056 [ForkJoinPool-1-worker-1] INFO  server.Server (Server.java:doStart(415)) - Started @13801ms
2025-09-07 09:44:03,056 [ForkJoinPool-1-worker-1] WARN  impl.MetricsSystemImpl (MetricsSystemImpl.java:register(279)) - Sink prometheus already exists!
2025-09-07 09:44:03,056 [ForkJoinPool-1-worker-1] INFO  http.BaseHttpServer (BaseHttpServer.java:updateConnectorAddress(357)) - HTTP server of hddsDatanode listening at http://localhost:15082
2025-09-07 09:44:03,056 [ForkJoinPool-1-worker-1] INFO  ipc.CallQueueManager (CallQueueManager.java:<init>(93)) - Using callQueue: class java.util.concurrent.LinkedBlockingQueue, queueCapacity: 1000, scheduler: class org.apache.hadoop.ipc.DefaultRpcScheduler, ipcBackoff: false, ipcFailOver: false.
2025-09-07 09:44:03,057 [ForkJoinPool-1-worker-1] INFO  ipc.Server (Server.java:<init>(1438)) - Listener at 0.0.0.0:15083
2025-09-07 09:44:03,057 [Socket Reader #1 for port 15083] INFO  ipc.Server (Server.java:run(1474)) - Starting Socket Reader #1 for port 15083
2025-09-07 09:44:03,058 [Socket Reader #2 for port 15083] INFO  ipc.Server (Server.java:run(1474)) - Starting Socket Reader #2 for port 15083
2025-09-07 09:44:03,058 [Socket Reader #3 for port 15083] INFO  ipc.Server (Server.java:run(1474)) - Starting Socket Reader #3 for port 15083
2025-09-07 09:44:03,058 [Socket Reader #4 for port 15083] INFO  ipc.Server (Server.java:run(1474)) - Starting Socket Reader #4 for port 15083
2025-09-07 09:44:03,059 [Socket Reader #5 for port 15083] INFO  ipc.Server (Server.java:run(1474)) - Starting Socket Reader #5 for port 15083
2025-09-07 09:44:03,059 [Socket Reader #6 for port 15083] INFO  ipc.Server (Server.java:run(1474)) - Starting Socket Reader #6 for port 15083
2025-09-07 09:44:03,059 [Socket Reader #7 for port 15083] INFO  ipc.Server (Server.java:run(1474)) - Starting Socket Reader #7 for port 15083
2025-09-07 09:44:03,060 [Socket Reader #8 for port 15083] INFO  ipc.Server (Server.java:run(1474)) - Starting Socket Reader #8 for port 15083
2025-09-07 09:44:03,060 [Socket Reader #9 for port 15083] INFO  ipc.Server (Server.java:run(1474)) - Starting Socket Reader #9 for port 15083
2025-09-07 09:44:03,061 [Socket Reader #10 for port 15083] INFO  ipc.Server (Server.java:run(1474)) - Starting Socket Reader #10 for port 15083
2025-09-07 09:44:03,063 [ForkJoinPool-1-worker-1] INFO  ozone.HddsDatanodeService (HddsDatanodeService.java:start(333)) - Datanode start with admins: [admin, runner]
2025-09-07 09:44:03,063 [ForkJoinPool-1-worker-1] INFO  ozone.HddsDatanodeClientProtocolServer (HddsDatanodeClientProtocolServer.java:start(76)) - RPC server for Client /0.0.0.0:15083
2025-09-07 09:44:03,064 [IPC Server Responder] INFO  ipc.Server (Server.java:run(1713)) - IPC Server Responder: starting
2025-09-07 09:44:03,064 [IPC Server listener on 15083] INFO  ipc.Server (Server.java:run(1553)) - IPC Server listener on 15083: starting
2025-09-07 09:44:03,069 [c7928d43-6313-4dde-8a75-1660f92a858c-DatanodeStateMachineDaemonThread] INFO  statemachine.DatanodeStateMachine (DatanodeStateMachine.java:startStateMachineThread(347)) - Ozone container server started.
2025-09-07 09:44:03,071 [ForkJoinPool-1-worker-1] INFO  ozone.MiniOzoneClusterImpl (MiniOzoneClusterImpl.java:lambda$waitForClusterToBeReady$0(181)) - Waiting for nodes to be ready. Got 5 of 10 DN Heartbeats.
2025-09-07 09:44:03,071 [ForkJoinPool-1-worker-1] INFO  ozone.MiniOzoneClusterImpl (MiniOzoneClusterImpl.java:lambda$waitForClusterToBeReady$0(184)) - Waiting for cluster to exit safe mode
2025-09-07 09:44:03,071 [ForkJoinPool-1-worker-1] INFO  ozone.MiniOzoneClusterImpl (MiniOzoneClusterImpl.java:lambda$waitForClusterToBeReady$0(186)) - SCM became leader
2025-09-07 09:44:03,073 [c7928d43-6313-4dde-8a75-1660f92a858c-DatanodeStateMachineTaskThread-0] INFO  datanode.InitDatanodeState (InitDatanodeState.java:persistContainerDatanodeDetails(139)) - DatanodeDetails is persisted to /home/runner/work/ozone/ozone/hadoop-ozone/integration-test/target/test-dir/MiniOzoneClusterImpl-023d5a78-e64c-43f3-a4d9-6f7884931d6c/ozone-metadata/datanode-10/ozone-metadata/datanode.id
2025-09-07 09:44:03,093 [IPC Server handler 9 on default port 15002] INFO  net.NetworkTopologyImpl (NetworkTopologyImpl.java:add(133)) - Added a new node: /rack1/e6e13cb3-e32b-4d2d-874a-1e4700c67398
2025-09-07 09:44:03,093 [IPC Server handler 9 on default port 15002] INFO  node.SCMNodeManager (SCMNodeManager.java:register(423)) - Registered datanode: e6e13cb3-e32b-4d2d-874a-1e4700c67398{ip: 127.0.0.1, host: localhost, ports: [HTTP=15050, CLIENT_RPC=15051, REPLICATION=15057, RATIS=15053, RATIS_ADMIN=15054, RATIS_SERVER=15055, RATIS_DATASTREAM=15056, STANDALONE=15052], networkLocation: /rack1, certSerialId: null, persistedOpState: null, persistedOpStateExpiryEpochSec: 0}
2025-09-07 09:44:03,093 [EventQueue-PipelineReportForOneReplicaPipelineSafeModeRule] INFO  safemode.SCMSafeModeManager (SCMSafeModeManager.java:validateSafeModeExitRules(138)) - AtleastOneDatanodeReportedRule rule is successfully validated
2025-09-07 09:44:03,093 [EventQueue-ContainerRegistrationReportForECContainerSafeModeRule] INFO  safemode.SCMSafeModeManager (SCMSafeModeManager.java:validateSafeModeExitRules(138)) - ECContainerSafeModeRule rule is successfully validated
2025-09-07 09:44:03,094 [EventQueue-NodeRegistrationContainerReportForDataNodeSafeModeRule] INFO  safemode.SCMSafeModeManager (SCMSafeModeManager.java:validateSafeModeExitRules(138)) - DataNodeSafeModeRule rule is successfully validated
2025-09-07 09:44:03,094 [EventQueue-NewNodeForNewNodeHandler] INFO  pipeline.BackgroundPipelineCreator (BackgroundPipelineCreator.java:notifyEventTriggered(290)) - trigger a one-shot run on RatisPipelineUtilsThread.
2025-09-07 09:44:03,095 [EventQueue-ContainerRegistrationReportForRatisContainerSafeModeRule] INFO  safemode.SCMSafeModeManager (SCMSafeModeManager.java:validateSafeModeExitRules(138)) - RatisContainerSafeModeRule rule is successfully validated
2025-09-07 09:44:03,095 [RatisPipelineUtilsThread-0] INFO  pipeline.RatisPipelineProvider (RatisPipelineProvider.java:lambda$create$0(208)) - Sending CreatePipelineCommand for pipeline:Pipeline-c14d92d3-50ac-4189-a704-c4e7921f2a5c to datanode:e6e13cb3-e32b-4d2d-874a-1e4700c67398(localhost/127.0.0.1)
2025-09-07 09:44:03,098 [a68d7e4a-8be2-4109-84e0-ed7537249ab2@group-6F7884931D6C-StateMachineUpdater] INFO  safemode.SCMSafeModeManager (SCMSafeModeManager.java:validateSafeModeExitRules(138)) - DataNodeSafeModeRule rule is successfully validated
2025-09-07 09:44:03,098 [a68d7e4a-8be2-4109-84e0-ed7537249ab2@group-6F7884931D6C-StateMachineUpdater] INFO  safemode.SCMSafeModeManager (SCMSafeModeManager.java:validateSafeModeExitRules(138)) - RatisContainerSafeModeRule rule is successfully validated
2025-09-07 09:44:03,098 [a68d7e4a-8be2-4109-84e0-ed7537249ab2@group-6F7884931D6C-StateMachineUpdater] INFO  safemode.HealthyPipelineSafeModeRule (HealthyPipelineSafeModeRule.java:initializeRule(228)) - Refreshed total pipeline count is 0, healthy pipeline threshold count is 1
2025-09-07 09:44:03,098 [a68d7e4a-8be2-4109-84e0-ed7537249ab2@group-6F7884931D6C-StateMachineUpdater] INFO  safemode.SCMSafeModeManager (SCMSafeModeManager.java:validateSafeModeExitRules(138)) - ECContainerSafeModeRule rule is successfully validated
2025-09-07 09:44:03,098 [a68d7e4a-8be2-4109-84e0-ed7537249ab2@group-6F7884931D6C-StateMachineUpdater] INFO  safemode.SCMSafeModeManager (SCMSafeModeManager.java:validateSafeModeExitRules(138)) - AtleastOneDatanodeReportedRule rule is successfully validated
2025-09-07 09:44:03,099 [RatisPipelineUtilsThread-0] INFO  pipeline.BackgroundPipelineCreator (BackgroundPipelineCreator.java:createPipelines(246)) - Created new pipeline Pipeline{ Id: c14d92d3-50ac-4189-a704-c4e7921f2a5c, Nodes: [ {e6e13cb3-e32b-4d2d-874a-1e4700c67398(localhost/127.0.0.1), ReplicaIndex: 0},], ReplicationConfig: RATIS/ONE, State:ALLOCATED, leaderId:, CreationTimestamp2025-09-07T09:44:03.095610530Z[Etc/UTC]}
2025-09-07 09:44:03,099 [RatisPipelineUtilsThread-0] INFO  pipeline.RatisPipelineProvider (RatisPipelineProvider.java:lambda$create$0(208)) - Sending CreatePipelineCommand for pipeline:Pipeline-de1a2be5-feda-49eb-9ee6-09a5c1734f32 to datanode:90a60b70-6b91-4fb2-a612-7ac0b6911dfc(localhost/127.0.0.1)
2025-09-07 09:44:03,100 [RatisPipelineUtilsThread-0] INFO  pipeline.RatisPipelineProvider (RatisPipelineProvider.java:lambda$create$0(208)) - Sending CreatePipelineCommand for pipeline:Pipeline-de1a2be5-feda-49eb-9ee6-09a5c1734f32 to datanode:7c7182dc-ac7f-44a8-b1d4-5d10f99cbcf2(localhost/127.0.0.1)
2025-09-07 09:44:03,100 [RatisPipelineUtilsThread-0] INFO  pipeline.RatisPipelineProvider (RatisPipelineProvider.java:lambda$create$0(208)) - Sending CreatePipelineCommand for pipeline:Pipeline-de1a2be5-feda-49eb-9ee6-09a5c1734f32 to datanode:e6e13cb3-e32b-4d2d-874a-1e4700c67398(localhost/127.0.0.1)
2025-09-07 09:44:03,103 [a68d7e4a-8be2-4109-84e0-ed7537249ab2@group-6F7884931D6C-StateMachineUpdater] INFO  safemode.SCMSafeModeManager (SCMSafeModeManager.java:validateSafeModeExitRules(138)) - DataNodeSafeModeRule rule is successfully validated
2025-09-07 09:44:03,103 [a68d7e4a-8be2-4109-84e0-ed7537249ab2@group-6F7884931D6C-StateMachineUpdater] INFO  safemode.SCMSafeModeManager (SCMSafeModeManager.java:validateSafeModeExitRules(138)) - RatisContainerSafeModeRule rule is successfully validated
2025-09-07 09:44:03,103 [a68d7e4a-8be2-4109-84e0-ed7537249ab2@group-6F7884931D6C-StateMachineUpdater] INFO  safemode.HealthyPipelineSafeModeRule (HealthyPipelineSafeModeRule.java:initializeRule(228)) - Refreshed total pipeline count is 0, healthy pipeline threshold count is 1
2025-09-07 09:44:03,103 [a68d7e4a-8be2-4109-84e0-ed7537249ab2@group-6F7884931D6C-StateMachineUpdater] INFO  safemode.SCMSafeModeManager (SCMSafeModeManager.java:validateSafeModeExitRules(138)) - ECContainerSafeModeRule rule is successfully validated
2025-09-07 09:44:03,103 [a68d7e4a-8be2-4109-84e0-ed7537249ab2@group-6F7884931D6C-StateMachineUpdater] INFO  safemode.SCMSafeModeManager (SCMSafeModeManager.java:validateSafeModeExitRules(138)) - AtleastOneDatanodeReportedRule rule is successfully validated
2025-09-07 09:44:03,104 [RatisPipelineUtilsThread-0] INFO  pipeline.BackgroundPipelineCreator (BackgroundPipelineCreator.java:createPipelines(246)) - Created new pipeline Pipeline{ Id: de1a2be5-feda-49eb-9ee6-09a5c1734f32, Nodes: [ {90a60b70-6b91-4fb2-a612-7ac0b6911dfc(localhost/127.0.0.1), ReplicaIndex: 0}, {7c7182dc-ac7f-44a8-b1d4-5d10f99cbcf2(localhost/127.0.0.1), ReplicaIndex: 0}, {e6e13cb3-e32b-4d2d-874a-1e4700c67398(localhost/127.0.0.1), ReplicaIndex: 0},], ReplicationConfig: RATIS/THREE, State:ALLOCATED, leaderId:, CreationTimestamp2025-09-07T09:44:03.099955485Z[Etc/UTC]}
2025-09-07 09:44:03,105 [RatisPipelineUtilsThread-0] INFO  pipeline.RatisPipelineProvider (RatisPipelineProvider.java:lambda$create$0(208)) - Sending CreatePipelineCommand for pipeline:Pipeline-d8d7c1c9-dd4a-4c6e-b9b0-9e511d2458d0 to datanode:7c7182dc-ac7f-44a8-b1d4-5d10f99cbcf2(localhost/127.0.0.1)
2025-09-07 09:44:03,105 [RatisPipelineUtilsThread-0] INFO  pipeline.RatisPipelineProvider (RatisPipelineProvider.java:lambda$create$0(208)) - Sending CreatePipelineCommand for pipeline:Pipeline-d8d7c1c9-dd4a-4c6e-b9b0-9e511d2458d0 to datanode:90a60b70-6b91-4fb2-a612-7ac0b6911dfc(localhost/127.0.0.1)
2025-09-07 09:44:03,105 [RatisPipelineUtilsThread-0] INFO  pipeline.RatisPipelineProvider (RatisPipelineProvider.java:lambda$create$0(208)) - Sending CreatePipelineCommand for pipeline:Pipeline-d8d7c1c9-dd4a-4c6e-b9b0-9e511d2458d0 to datanode:e6e13cb3-e32b-4d2d-874a-1e4700c67398(localhost/127.0.0.1)
2025-09-07 09:44:03,108 [a68d7e4a-8be2-4109-84e0-ed7537249ab2@group-6F7884931D6C-StateMachineUpdater] INFO  safemode.SCMSafeModeManager (SCMSafeModeManager.java:validateSafeModeExitRules(138)) - DataNodeSafeModeRule rule is successfully validated
2025-09-07 09:44:03,108 [a68d7e4a-8be2-4109-84e0-ed7537249ab2@group-6F7884931D6C-StateMachineUpdater] INFO  safemode.SCMSafeModeManager (SCMSafeModeManager.java:validateSafeModeExitRules(138)) - RatisContainerSafeModeRule rule is successfully validated
2025-09-07 09:44:03,108 [a68d7e4a-8be2-4109-84e0-ed7537249ab2@group-6F7884931D6C-StateMachineUpdater] INFO  safemode.HealthyPipelineSafeModeRule (HealthyPipelineSafeModeRule.java:initializeRule(228)) - Refreshed total pipeline count is 0, healthy pipeline threshold count is 1
2025-09-07 09:44:03,108 [a68d7e4a-8be2-4109-84e0-ed7537249ab2@group-6F7884931D6C-StateMachineUpdater] INFO  safemode.SCMSafeModeManager (SCMSafeModeManager.java:validateSafeModeExitRules(138)) - ECContainerSafeModeRule rule is successfully validated
2025-09-07 09:44:03,108 [a68d7e4a-8be2-4109-84e0-ed7537249ab2@group-6F7884931D6C-StateMachineUpdater] INFO  safemode.SCMSafeModeManager (SCMSafeModeManager.java:validateSafeModeExitRules(138)) - AtleastOneDatanodeReportedRule rule is successfully validated
2025-09-07 09:44:03,109 [RatisPipelineUtilsThread-0] INFO  pipeline.PipelineManagerImpl (PipelineManagerImpl.java:recordMetricsForPipeline(922)) - Pipeline-d8d7c1c9-dd4a-4c6e-b9b0-9e511d2458d0 and Pipeline-de1a2be5-feda-49eb-9ee6-09a5c1734f32 have exactly the same set of datanodes: [7c7182dc-ac7f-44a8-b1d4-5d10f99cbcf2(localhost/127.0.0.1), 90a60b70-6b91-4fb2-a612-7ac0b6911dfc(localhost/127.0.0.1), e6e13cb3-e32b-4d2d-874a-1e4700c67398(localhost/127.0.0.1)]
2025-09-07 09:44:03,109 [RatisPipelineUtilsThread-0] INFO  pipeline.BackgroundPipelineCreator (BackgroundPipelineCreator.java:createPipelines(246)) - Created new pipeline Pipeline{ Id: d8d7c1c9-dd4a-4c6e-b9b0-9e511d2458d0, Nodes: [ {7c7182dc-ac7f-44a8-b1d4-5d10f99cbcf2(localhost/127.0.0.1), ReplicaIndex: 0}, {90a60b70-6b91-4fb2-a612-7ac0b6911dfc(localhost/127.0.0.1), ReplicaIndex: 0}, {e6e13cb3-e32b-4d2d-874a-1e4700c67398(localhost/127.0.0.1), ReplicaIndex: 0},], ReplicationConfig: RATIS/THREE, State:ALLOCATED, leaderId:, CreationTimestamp2025-09-07T09:44:03.105314360Z[Etc/UTC]}
2025-09-07 09:44:03,127 [486fef96-c6ec-41d9-a4ca-7ebb3d261081-EndpointStateMachineTaskThread-/0.0.0.0:15002-0 ] INFO  utils.DatanodeStoreCache (DatanodeStoreCache.java:addDB(70)) - Added db /home/runner/work/ozone/ozone/hadoop-ozone/integration-test/target/test-dir/MiniOzoneClusterImpl-023d5a78-e64c-43f3-a4d9-6f7884931d6c/ozone-metadata/datanode-8/data-0/hdds/023d5a78-e64c-43f3-a4d9-6f7884931d6c/DS-28acb988-f0e1-4edb-963c-7151ad2f49d2/container.db to cache
2025-09-07 09:44:03,127 [486fef96-c6ec-41d9-a4ca-7ebb3d261081-EndpointStateMachineTaskThread-/0.0.0.0:15002-0 ] INFO  volume.HddsVolume (HddsVolume.java:createDbStore(576)) - SchemaV3 db is created and loaded at /home/runner/work/ozone/ozone/hadoop-ozone/integration-test/target/test-dir/MiniOzoneClusterImpl-023d5a78-e64c-43f3-a4d9-6f7884931d6c/ozone-metadata/datanode-8/data-0/hdds/023d5a78-e64c-43f3-a4d9-6f7884931d6c/DS-28acb988-f0e1-4edb-963c-7151ad2f49d2/container.db for volume DS-28acb988-f0e1-4edb-963c-7151ad2f49d2
2025-09-07 09:44:03,129 [486fef96-c6ec-41d9-a4ca-7ebb3d261081-ContainerReader-0] INFO  ozoneimpl.ContainerReader (ContainerReader.java:readVolume(147)) - Start to verify containers on volume /home/runner/work/ozone/ozone/hadoop-ozone/integration-test/target/test-dir/MiniOzoneClusterImpl-023d5a78-e64c-43f3-a4d9-6f7884931d6c/ozone-metadata/datanode-8/data-0/hdds
2025-09-07 09:44:03,129 [486fef96-c6ec-41d9-a4ca-7ebb3d261081-ContainerReader-0] INFO  ozoneimpl.ContainerReader (ContainerReader.java:readVolume(177)) - Finish verifying containers on volume /home/runner/work/ozone/ozone/hadoop-ozone/integration-test/target/test-dir/MiniOzoneClusterImpl-023d5a78-e64c-43f3-a4d9-6f7884931d6c/ozone-metadata/datanode-8/data-0/hdds
2025-09-07 09:44:03,130 [486fef96-c6ec-41d9-a4ca-7ebb3d261081-EndpointStateMachineTaskThread-/0.0.0.0:15002-0 ] INFO  ozoneimpl.OzoneContainer (OzoneContainer.java:buildContainerSet(370)) - Build ContainerSet costs 0s
2025-09-07 09:44:03,130 [486fef96-c6ec-41d9-a4ca-7ebb3d261081-EndpointStateMachineTaskThread-/0.0.0.0:15002-0 ] INFO  volume.ThrottledAsyncChecker (ThrottledAsyncChecker.java:schedule(138)) - Scheduling a check for /home/runner/work/ozone/ozone/hadoop-ozone/integration-test/target/test-dir/MiniOzoneClusterImpl-023d5a78-e64c-43f3-a4d9-6f7884931d6c/ozone-metadata/datanode-8/data-0/hdds
2025-09-07 09:44:03,130 [486fef96-c6ec-41d9-a4ca-7ebb3d261081-EndpointStateMachineTaskThread-/0.0.0.0:15002-0 ] INFO  volume.StorageVolumeChecker (StorageVolumeChecker.java:checkAllVolumes(231)) - Scheduled health check for volume /home/runner/work/ozone/ozone/hadoop-ozone/integration-test/target/test-dir/MiniOzoneClusterImpl-023d5a78-e64c-43f3-a4d9-6f7884931d6c/ozone-metadata/datanode-8/data-0/hdds
2025-09-07 09:44:03,133 [486fef96-c6ec-41d9-a4ca-7ebb3d261081-EndpointStateMachineTaskThread-/0.0.0.0:15002-0 ] INFO  volume.ThrottledAsyncChecker (ThrottledAsyncChecker.java:schedule(138)) - Scheduling a check for /home/runner/work/ozone/ozone/hadoop-ozone/integration-test/target/test-dir/MiniOzoneClusterImpl-023d5a78-e64c-43f3-a4d9-6f7884931d6c/ozone-metadata/datanode-8/ratis
2025-09-07 09:44:03,133 [486fef96-c6ec-41d9-a4ca-7ebb3d261081-EndpointStateMachineTaskThread-/0.0.0.0:15002-0 ] INFO  volume.StorageVolumeChecker (StorageVolumeChecker.java:checkAllVolumes(231)) - Scheduled health check for volume /home/runner/work/ozone/ozone/hadoop-ozone/integration-test/target/test-dir/MiniOzoneClusterImpl-023d5a78-e64c-43f3-a4d9-6f7884931d6c/ozone-metadata/datanode-8/ratis
2025-09-07 09:44:03,135 [486fef96-c6ec-41d9-a4ca-7ebb3d261081-EndpointStateMachineTaskThread-/0.0.0.0:15002-0 ] INFO  ozoneimpl.OzoneContainer (OzoneContainer.java:start(525)) - Attempting to start container services.
2025-09-07 09:44:03,135 [ContainerMetadataScanner] INFO  ozoneimpl.AbstractBackgroundContainerScanner (AbstractBackgroundContainerScanner.java:runIteration(89)) - Completed an iteration in 0 minutes. Number of iterations (since the data-node restart) : 1, Number of containers scanned in this iteration : 0, Number of unhealthy containers found in this iteration : 0
2025-09-07 09:44:03,136 [ContainerDataScanner(/home/runner/work/ozone/ozone/hadoop-ozone/integration-test/target/test-dir/MiniOzoneClusterImpl-023d5a78-e64c-43f3-a4d9-6f7884931d6c/ozone-metadata/datanode-8/data-0/hdds)] INFO  ozoneimpl.AbstractBackgroundContainerScanner (AbstractBackgroundContainerScanner.java:runIteration(89)) - Completed an iteration in 0 minutes. Number of iterations (since the data-node restart) : 1, Number of containers scanned in this iteration : 0, Number of unhealthy containers found in this iteration : 0
2025-09-07 09:44:03,137 [486fef96-c6ec-41d9-a4ca-7ebb3d261081-EndpointStateMachineTaskThread-/0.0.0.0:15002-0 ] INFO  replication.ReplicationServer (ReplicationServer.java:start(137)) - ReplicationServer is started using port 15073
2025-09-07 09:44:03,137 [486fef96-c6ec-41d9-a4ca-7ebb3d261081-EndpointStateMachineTaskThread-/0.0.0.0:15002-0 ] INFO  ratis.XceiverServerRatis (XceiverServerRatis.java:start(562)) - Starting XceiverServerRatis(486fef96-c6ec-41d9-a4ca-7ebb3d261081)
2025-09-07 09:44:03,138 [486fef96-c6ec-41d9-a4ca-7ebb3d261081-EndpointStateMachineTaskThread-/0.0.0.0:15002-0 ] INFO  server.RaftServer (RaftServerProxy.java:startImpl(412)) - 486fef96-c6ec-41d9-a4ca-7ebb3d261081: start RPC server
2025-09-07 09:44:03,138 [486fef96-c6ec-41d9-a4ca-7ebb3d261081-EndpointStateMachineTaskThread-/0.0.0.0:15002-0 ] INFO  server.GrpcServicesImpl (GrpcServicesImpl.java:startImpl(346)) - 486fef96-c6ec-41d9-a4ca-7ebb3d261081: GrpcServicesImpl started, listening on 15069
2025-09-07 09:44:03,138 [486fef96-c6ec-41d9-a4ca-7ebb3d261081-EndpointStateMachineTaskThread-/0.0.0.0:15002-0 ] INFO  server.GrpcServicesImpl (GrpcServicesImpl.java:startImpl(346)) - 486fef96-c6ec-41d9-a4ca-7ebb3d261081: GrpcServicesImpl started, listening on 15071
2025-09-07 09:44:03,139 [486fef96-c6ec-41d9-a4ca-7ebb3d261081-EndpointStateMachineTaskThread-/0.0.0.0:15002-0 ] INFO  server.GrpcServicesImpl (GrpcServicesImpl.java:startImpl(346)) - 486fef96-c6ec-41d9-a4ca-7ebb3d261081: GrpcServicesImpl started, listening on 15070
2025-09-07 09:44:03,139 [486fef96-c6ec-41d9-a4ca-7ebb3d261081-EndpointStateMachineTaskThread-/0.0.0.0:15002-0 ] INFO  ratis.XceiverServerRatis (XceiverServerRatis.java:getRealPort(589)) - XceiverServerRatis(486fef96-c6ec-41d9-a4ca-7ebb3d261081) is started using port RATIS=15069
2025-09-07 09:44:03,139 [486fef96-c6ec-41d9-a4ca-7ebb3d261081-EndpointStateMachineTaskThread-/0.0.0.0:15002-0 ] INFO  ratis.XceiverServerRatis (XceiverServerRatis.java:getRealPort(589)) - XceiverServerRatis(486fef96-c6ec-41d9-a4ca-7ebb3d261081) is started using port RATIS_ADMIN=15070
2025-09-07 09:44:03,139 [486fef96-c6ec-41d9-a4ca-7ebb3d261081-EndpointStateMachineTaskThread-/0.0.0.0:15002-0 ] INFO  ratis.XceiverServerRatis (XceiverServerRatis.java:getRealPort(589)) - XceiverServerRatis(486fef96-c6ec-41d9-a4ca-7ebb3d261081) is started using port RATIS_SERVER=15071
2025-09-07 09:44:03,139 [486fef96-c6ec-41d9-a4ca-7ebb3d261081-EndpointStateMachineTaskThread-/0.0.0.0:15002-0 ] INFO  ratis.XceiverServerRatis (XceiverServerRatis.java:getRealPort(589)) - XceiverServerRatis(486fef96-c6ec-41d9-a4ca-7ebb3d261081) is started using port RATIS_DATASTREAM=15072
2025-09-07 09:44:03,139 [JvmPauseMonitor10] INFO  util.JvmPauseMonitor (JvmPauseMonitor.java:run(146)) - JvmPauseMonitor-486fef96-c6ec-41d9-a4ca-7ebb3d261081: Started
2025-09-07 09:44:03,140 [486fef96-c6ec-41d9-a4ca-7ebb3d261081-EndpointStateMachineTaskThread-/0.0.0.0:15002-0 ] INFO  utils.BackgroundService (BackgroundService.java:start(119)) - Starting service BlockDeletingService with interval 60000 milliseconds
2025-09-07 09:44:03,140 [486fef96-c6ec-41d9-a4ca-7ebb3d261081-EndpointStateMachineTaskThread-/0.0.0.0:15002-0 ] INFO  utils.BackgroundService (BackgroundService.java:start(119)) - Starting service StaleRecoveringContainerScrubbingService with interval 60000 milliseconds
2025-09-07 09:44:03,355 [4c7984b5-42f1-4e4b-a334-601f88f38b33-EndpointStateMachineTaskThread-/0.0.0.0:15002-0 ] INFO  utils.DatanodeStoreCache (DatanodeStoreCache.java:addDB(70)) - Added db /home/runner/work/ozone/ozone/hadoop-ozone/integration-test/target/test-dir/MiniOzoneClusterImpl-023d5a78-e64c-43f3-a4d9-6f7884931d6c/ozone-metadata/datanode-9/data-0/hdds/023d5a78-e64c-43f3-a4d9-6f7884931d6c/DS-a111d4ad-79ac-4961-bf93-2799ac6eaee3/container.db to cache
2025-09-07 09:44:03,355 [4c7984b5-42f1-4e4b-a334-601f88f38b33-EndpointStateMachineTaskThread-/0.0.0.0:15002-0 ] INFO  volume.HddsVolume (HddsVolume.java:createDbStore(576)) - SchemaV3 db is created and loaded at /home/runner/work/ozone/ozone/hadoop-ozone/integration-test/target/test-dir/MiniOzoneClusterImpl-023d5a78-e64c-43f3-a4d9-6f7884931d6c/ozone-metadata/datanode-9/data-0/hdds/023d5a78-e64c-43f3-a4d9-6f7884931d6c/DS-a111d4ad-79ac-4961-bf93-2799ac6eaee3/container.db for volume DS-a111d4ad-79ac-4961-bf93-2799ac6eaee3
2025-09-07 09:44:03,358 [4c7984b5-42f1-4e4b-a334-601f88f38b33-ContainerReader-0] INFO  ozoneimpl.ContainerReader (ContainerReader.java:readVolume(147)) - Start to verify containers on volume /home/runner/work/ozone/ozone/hadoop-ozone/integration-test/target/test-dir/MiniOzoneClusterImpl-023d5a78-e64c-43f3-a4d9-6f7884931d6c/ozone-metadata/datanode-9/data-0/hdds
2025-09-07 09:44:03,358 [4c7984b5-42f1-4e4b-a334-601f88f38b33-ContainerReader-0] INFO  ozoneimpl.ContainerReader (ContainerReader.java:readVolume(177)) - Finish verifying containers on volume /home/runner/work/ozone/ozone/hadoop-ozone/integration-test/target/test-dir/MiniOzoneClusterImpl-023d5a78-e64c-43f3-a4d9-6f7884931d6c/ozone-metadata/datanode-9/data-0/hdds
2025-09-07 09:44:03,358 [4c7984b5-42f1-4e4b-a334-601f88f38b33-EndpointStateMachineTaskThread-/0.0.0.0:15002-0 ] INFO  ozoneimpl.OzoneContainer (OzoneContainer.java:buildContainerSet(370)) - Build ContainerSet costs 0s
2025-09-07 09:44:03,358 [4c7984b5-42f1-4e4b-a334-601f88f38b33-EndpointStateMachineTaskThread-/0.0.0.0:15002-0 ] INFO  volume.ThrottledAsyncChecker (ThrottledAsyncChecker.java:schedule(138)) - Scheduling a check for /home/runner/work/ozone/ozone/hadoop-ozone/integration-test/target/test-dir/MiniOzoneClusterImpl-023d5a78-e64c-43f3-a4d9-6f7884931d6c/ozone-metadata/datanode-9/data-0/hdds
2025-09-07 09:44:03,359 [4c7984b5-42f1-4e4b-a334-601f88f38b33-EndpointStateMachineTaskThread-/0.0.0.0:15002-0 ] INFO  volume.StorageVolumeChecker (StorageVolumeChecker.java:checkAllVolumes(231)) - Scheduled health check for volume /home/runner/work/ozone/ozone/hadoop-ozone/integration-test/target/test-dir/MiniOzoneClusterImpl-023d5a78-e64c-43f3-a4d9-6f7884931d6c/ozone-metadata/datanode-9/data-0/hdds
2025-09-07 09:44:03,363 [4c7984b5-42f1-4e4b-a334-601f88f38b33-EndpointStateMachineTaskThread-/0.0.0.0:15002-0 ] INFO  volume.ThrottledAsyncChecker (ThrottledAsyncChecker.java:schedule(138)) - Scheduling a check for /home/runner/work/ozone/ozone/hadoop-ozone/integration-test/target/test-dir/MiniOzoneClusterImpl-023d5a78-e64c-43f3-a4d9-6f7884931d6c/ozone-metadata/datanode-9/ratis
2025-09-07 09:44:03,363 [4c7984b5-42f1-4e4b-a334-601f88f38b33-EndpointStateMachineTaskThread-/0.0.0.0:15002-0 ] INFO  volume.StorageVolumeChecker (StorageVolumeChecker.java:checkAllVolumes(231)) - Scheduled health check for volume /home/runner/work/ozone/ozone/hadoop-ozone/integration-test/target/test-dir/MiniOzoneClusterImpl-023d5a78-e64c-43f3-a4d9-6f7884931d6c/ozone-metadata/datanode-9/ratis
2025-09-07 09:44:03,364 [4c7984b5-42f1-4e4b-a334-601f88f38b33-EndpointStateMachineTaskThread-/0.0.0.0:15002-0 ] INFO  ozoneimpl.OzoneContainer (OzoneContainer.java:start(525)) - Attempting to start container services.
2025-09-07 09:44:03,365 [ContainerMetadataScanner] INFO  ozoneimpl.AbstractBackgroundContainerScanner (AbstractBackgroundContainerScanner.java:runIteration(89)) - Completed an iteration in 0 minutes. Number of iterations (since the data-node restart) : 1, Number of containers scanned in this iteration : 0, Number of unhealthy containers found in this iteration : 0
2025-09-07 09:44:03,365 [ContainerDataScanner(/home/runner/work/ozone/ozone/hadoop-ozone/integration-test/target/test-dir/MiniOzoneClusterImpl-023d5a78-e64c-43f3-a4d9-6f7884931d6c/ozone-metadata/datanode-9/data-0/hdds)] INFO  ozoneimpl.AbstractBackgroundContainerScanner (AbstractBackgroundContainerScanner.java:runIteration(89)) - Completed an iteration in 0 minutes. Number of iterations (since the data-node restart) : 1, Number of containers scanned in this iteration : 0, Number of unhealthy containers found in this iteration : 0
2025-09-07 09:44:03,366 [4c7984b5-42f1-4e4b-a334-601f88f38b33-EndpointStateMachineTaskThread-/0.0.0.0:15002-0 ] INFO  replication.ReplicationServer (ReplicationServer.java:start(137)) - ReplicationServer is started using port 15081
2025-09-07 09:44:03,366 [4c7984b5-42f1-4e4b-a334-601f88f38b33-EndpointStateMachineTaskThread-/0.0.0.0:15002-0 ] INFO  ratis.XceiverServerRatis (XceiverServerRatis.java:start(562)) - Starting XceiverServerRatis(4c7984b5-42f1-4e4b-a334-601f88f38b33)
2025-09-07 09:44:03,367 [4c7984b5-42f1-4e4b-a334-601f88f38b33-EndpointStateMachineTaskThread-/0.0.0.0:15002-0 ] INFO  server.RaftServer (RaftServerProxy.java:startImpl(412)) - 4c7984b5-42f1-4e4b-a334-601f88f38b33: start RPC server
2025-09-07 09:44:03,367 [4c7984b5-42f1-4e4b-a334-601f88f38b33-EndpointStateMachineTaskThread-/0.0.0.0:15002-0 ] INFO  server.GrpcServicesImpl (GrpcServicesImpl.java:startImpl(346)) - 4c7984b5-42f1-4e4b-a334-601f88f38b33: GrpcServicesImpl started, listening on 15077
2025-09-07 09:44:03,367 [IPC Server handler 11 on default port 15002] INFO  net.NetworkTopologyImpl (NetworkTopologyImpl.java:add(133)) - Added a new node: /rack1/c7c0d573-77b1-47db-b09e-d84959a4a43f
2025-09-07 09:44:03,368 [4c7984b5-42f1-4e4b-a334-601f88f38b33-EndpointStateMachineTaskThread-/0.0.0.0:15002-0 ] INFO  server.GrpcServicesImpl (GrpcServicesImpl.java:startImpl(346)) - 4c7984b5-42f1-4e4b-a334-601f88f38b33: GrpcServicesImpl started, listening on 15079
2025-09-07 09:44:03,368 [IPC Server handler 11 on default port 15002] INFO  node.SCMNodeManager (SCMNodeManager.java:register(423)) - Registered datanode: c7c0d573-77b1-47db-b09e-d84959a4a43f{ip: 127.0.0.1, host: localhost, ports: [HTTP=15058, CLIENT_RPC=15059, REPLICATION=15065, RATIS=15061, RATIS_ADMIN=15062, RATIS_SERVER=15063, RATIS_DATASTREAM=15064, STANDALONE=15060], networkLocation: /rack1, certSerialId: null, persistedOpState: null, persistedOpStateExpiryEpochSec: 0}
2025-09-07 09:44:03,368 [4c7984b5-42f1-4e4b-a334-601f88f38b33-EndpointStateMachineTaskThread-/0.0.0.0:15002-0 ] INFO  server.GrpcServicesImpl (GrpcServicesImpl.java:startImpl(346)) - 4c7984b5-42f1-4e4b-a334-601f88f38b33: GrpcServicesImpl started, listening on 15078
2025-09-07 09:44:03,368 [EventQueue-NewNodeForNewNodeHandler] INFO  pipeline.BackgroundPipelineCreator (BackgroundPipelineCreator.java:notifyEventTriggered(290)) - trigger a one-shot run on RatisPipelineUtilsThread.
2025-09-07 09:44:03,368 [EventQueue-NodeRegistrationContainerReportForDataNodeSafeModeRule] INFO  safemode.SCMSafeModeManager (SCMSafeModeManager.java:validateSafeModeExitRules(138)) - DataNodeSafeModeRule rule is successfully validated
2025-09-07 09:44:03,368 [EventQueue-PipelineReportForOneReplicaPipelineSafeModeRule] INFO  safemode.SCMSafeModeManager (SCMSafeModeManager.java:validateSafeModeExitRules(138)) - AtleastOneDatanodeReportedRule rule is successfully validated
2025-09-07 09:44:03,368 [4c7984b5-42f1-4e4b-a334-601f88f38b33-EndpointStateMachineTaskThread-/0.0.0.0:15002-0 ] INFO  ratis.XceiverServerRatis (XceiverServerRatis.java:getRealPort(589)) - XceiverServerRatis(4c7984b5-42f1-4e4b-a334-601f88f38b33) is started using port RATIS=15077
2025-09-07 09:44:03,369 [4c7984b5-42f1-4e4b-a334-601f88f38b33-EndpointStateMachineTaskThread-/0.0.0.0:15002-0 ] INFO  ratis.XceiverServerRatis (XceiverServerRatis.java:getRealPort(589)) - XceiverServerRatis(4c7984b5-42f1-4e4b-a334-601f88f38b33) is started using port RATIS_ADMIN=15078
2025-09-07 09:44:03,369 [4c7984b5-42f1-4e4b-a334-601f88f38b33-EndpointStateMachineTaskThread-/0.0.0.0:15002-0 ] INFO  ratis.XceiverServerRatis (XceiverServerRatis.java:getRealPort(589)) - XceiverServerRatis(4c7984b5-42f1-4e4b-a334-601f88f38b33) is started using port RATIS_SERVER=15079
2025-09-07 09:44:03,369 [RatisPipelineUtilsThread-0] INFO  pipeline.RatisPipelineProvider (RatisPipelineProvider.java:lambda$create$0(208)) - Sending CreatePipelineCommand for pipeline:Pipeline-83208cbc-1a5b-4af7-83c4-3c9828298815 to datanode:c7c0d573-77b1-47db-b09e-d84959a4a43f(localhost/127.0.0.1)
2025-09-07 09:44:03,369 [4c7984b5-42f1-4e4b-a334-601f88f38b33-EndpointStateMachineTaskThread-/0.0.0.0:15002-0 ] INFO  ratis.XceiverServerRatis (XceiverServerRatis.java:getRealPort(589)) - XceiverServerRatis(4c7984b5-42f1-4e4b-a334-601f88f38b33) is started using port RATIS_DATASTREAM=15080
2025-09-07 09:44:03,369 [JvmPauseMonitor11] INFO  util.JvmPauseMonitor (JvmPauseMonitor.java:run(146)) - JvmPauseMonitor-4c7984b5-42f1-4e4b-a334-601f88f38b33: Started
2025-09-07 09:44:03,369 [EventQueue-ContainerRegistrationReportForRatisContainerSafeModeRule] INFO  safemode.SCMSafeModeManager (SCMSafeModeManager.java:validateSafeModeExitRules(138)) - RatisContainerSafeModeRule rule is successfully validated
2025-09-07 09:44:03,369 [EventQueue-ContainerRegistrationReportForECContainerSafeModeRule] INFO  safemode.SCMSafeModeManager (SCMSafeModeManager.java:validateSafeModeExitRules(138)) - ECContainerSafeModeRule rule is successfully validated
2025-09-07 09:44:03,370 [4c7984b5-42f1-4e4b-a334-601f88f38b33-EndpointStateMachineTaskThread-/0.0.0.0:15002-0 ] INFO  utils.BackgroundService (BackgroundService.java:start(119)) - Starting service BlockDeletingService with interval 60000 milliseconds
2025-09-07 09:44:03,370 [4c7984b5-42f1-4e4b-a334-601f88f38b33-EndpointStateMachineTaskThread-/0.0.0.0:15002-0 ] INFO  utils.BackgroundService (BackgroundService.java:start(119)) - Starting service StaleRecoveringContainerScrubbingService with interval 60000 milliseconds
2025-09-07 09:44:03,371 [a68d7e4a-8be2-4109-84e0-ed7537249ab2@group-6F7884931D6C-StateMachineUpdater] INFO  safemode.SCMSafeModeManager (SCMSafeModeManager.java:validateSafeModeExitRules(138)) - DataNodeSafeModeRule rule is successfully validated
2025-09-07 09:44:03,371 [a68d7e4a-8be2-4109-84e0-ed7537249ab2@group-6F7884931D6C-StateMachineUpdater] INFO  safemode.SCMSafeModeManager (SCMSafeModeManager.java:validateSafeModeExitRules(138)) - RatisContainerSafeModeRule rule is successfully validated
2025-09-07 09:44:03,371 [a68d7e4a-8be2-4109-84e0-ed7537249ab2@group-6F7884931D6C-StateMachineUpdater] INFO  safemode.HealthyPipelineSafeModeRule (HealthyPipelineSafeModeRule.java:initializeRule(228)) - Refreshed total pipeline count is 0, healthy pipeline threshold count is 1
2025-09-07 09:44:03,371 [a68d7e4a-8be2-4109-84e0-ed7537249ab2@group-6F7884931D6C-StateMachineUpdater] INFO  safemode.SCMSafeModeManager (SCMSafeModeManager.java:validateSafeModeExitRules(138)) - ECContainerSafeModeRule rule is successfully validated
2025-09-07 09:44:03,372 [a68d7e4a-8be2-4109-84e0-ed7537249ab2@group-6F7884931D6C-StateMachineUpdater] INFO  safemode.SCMSafeModeManager (SCMSafeModeManager.java:validateSafeModeExitRules(138)) - AtleastOneDatanodeReportedRule rule is successfully validated
2025-09-07 09:44:03,372 [RatisPipelineUtilsThread-0] INFO  pipeline.BackgroundPipelineCreator (BackgroundPipelineCreator.java:createPipelines(246)) - Created new pipeline Pipeline{ Id: 83208cbc-1a5b-4af7-83c4-3c9828298815, Nodes: [ {c7c0d573-77b1-47db-b09e-d84959a4a43f(localhost/127.0.0.1), ReplicaIndex: 0},], ReplicationConfig: RATIS/ONE, State:ALLOCATED, leaderId:, CreationTimestamp2025-09-07T09:44:03.368998076Z[Etc/UTC]}
2025-09-07 09:44:03,466 [8500c972-c6d1-4433-9d49-a8e3bb920002-PipelineCommandHandlerThread-0] INFO  server.RaftServer (RaftServerProxy.java:addNew(105)) - 8500c972-c6d1-4433-9d49-a8e3bb920002: addNew group-7B86A1802608:[8500c972-c6d1-4433-9d49-a8e3bb920002|127.0.0.1:15023] returns group-7B86A1802608:java.util.concurrent.CompletableFuture@7823ac11[Not completed]
2025-09-07 09:44:03,472 [8500c972-c6d1-4433-9d49-a8e3bb920002-groupManagement] INFO  server.RaftServer$Division (RaftServerImpl.java:<init>(268)) - 8500c972-c6d1-4433-9d49-a8e3bb920002: new RaftServerImpl for group-7B86A1802608:[8500c972-c6d1-4433-9d49-a8e3bb920002|127.0.0.1:15023] with ContainerStateMachine:uninitialized
2025-09-07 09:44:03,472 [8500c972-c6d1-4433-9d49-a8e3bb920002-groupManagement] INFO  server.RaftServerConfigKeys (ConfUtils.java:logGet(62)) - raft.server.rpc.slowness.timeout = 300000ms (custom)
2025-09-07 09:44:03,472 [8500c972-c6d1-4433-9d49-a8e3bb920002-groupManagement] INFO  server.RaftServer$Division (ServerState.java:<init>(114)) - 8500c972-c6d1-4433-9d49-a8e3bb920002@group-7B86A1802608: ConfigurationManager, init=conf: {index: -1, cur=peers:[8500c972-c6d1-4433-9d49-a8e3bb920002|127.0.0.1:15023]|listeners:[], old=null}, confs=<EMPTY_MAP>
2025-09-07 09:44:03,473 [8500c972-c6d1-4433-9d49-a8e3bb920002-groupManagement] INFO  server.RaftServerConfigKeys (ConfUtils.java:logGet(62)) - raft.server.notification.no-leader.timeout = 300000ms (custom)
2025-09-07 09:44:03,473 [8500c972-c6d1-4433-9d49-a8e3bb920002-groupManagement] INFO  server.RaftServerConfigKeys (ConfUtils.java:logGet(62)) - raft.server.retrycache.expirytime = 600000ms (custom)
2025-09-07 09:44:03,485 [8500c972-c6d1-4433-9d49-a8e3bb920002-groupManagement] INFO  server.RaftServerConfigKeys (ConfUtils.java:logGet(62)) - raft.server.storage.dir = [/home/runner/work/ozone/ozone/hadoop-ozone/integration-test/target/test-dir/MiniOzoneClusterImpl-023d5a78-e64c-43f3-a4d9-6f7884931d6c/ozone-metadata/datanode-2/ratis] (custom)
2025-09-07 09:44:03,485 [8500c972-c6d1-4433-9d49-a8e3bb920002-groupManagement] INFO  storage.RaftStorageDirectory (RaftStorageDirectoryImpl.java:analyzeStorage(138)) - The storage directory /home/runner/work/ozone/ozone/hadoop-ozone/integration-test/target/test-dir/MiniOzoneClusterImpl-023d5a78-e64c-43f3-a4d9-6f7884931d6c/ozone-metadata/datanode-2/ratis/964e2755-6250-4d78-b504-7b86a1802608 does not exist. Creating ...
2025-09-07 09:44:03,487 [8500c972-c6d1-4433-9d49-a8e3bb920002-groupManagement] INFO  storage.RaftStorageDirectory (RaftStorageDirectoryImpl.java:tryLock(229)) - Lock on /home/runner/work/ozone/ozone/hadoop-ozone/integration-test/target/test-dir/MiniOzoneClusterImpl-023d5a78-e64c-43f3-a4d9-6f7884931d6c/ozone-metadata/datanode-2/ratis/964e2755-6250-4d78-b504-7b86a1802608/in_use.lock acquired by nodename 23079@localhost
2025-09-07 09:44:03,488 [8500c972-c6d1-4433-9d49-a8e3bb920002-groupManagement] INFO  storage.RaftStorage (RaftStorageImpl.java:format(98)) - Storage directory /home/runner/work/ozone/ozone/hadoop-ozone/integration-test/target/test-dir/MiniOzoneClusterImpl-023d5a78-e64c-43f3-a4d9-6f7884931d6c/ozone-metadata/datanode-2/ratis/964e2755-6250-4d78-b504-7b86a1802608 has been successfully formatted.
2025-09-07 09:44:03,491 [8500c972-c6d1-4433-9d49-a8e3bb920002-groupManagement] INFO  ratis.ContainerStateMachine (ContainerStateMachine.java:initialize(339)) - 8500c972-c6d1-4433-9d49-a8e3bb920002: initialize group-7B86A1802608
2025-09-07 09:44:03,492 [8500c972-c6d1-4433-9d49-a8e3bb920002-groupManagement] INFO  ratis.ContainerStateMachine (ContainerStateMachine.java:loadSnapshot(347)) - group-7B86A1802608: The snapshot info is null. Setting the last applied index to:<INITIAL_VALUE>
2025-09-07 09:44:03,492 [8500c972-c6d1-4433-9d49-a8e3bb920002-groupManagement] INFO  server.RaftServerConfigKeys (ConfUtils.java:logGet(62)) - raft.server.log.appender.buffer.byte-limit = 33554432 (custom)
2025-09-07 09:44:03,495 [8500c972-c6d1-4433-9d49-a8e3bb920002-groupManagement] INFO  server.RaftServerConfigKeys (ConfUtils.java:logGet(62)) - raft.server.log.segment.size.max = 67108864 (custom)
2025-09-07 09:44:03,496 [8500c972-c6d1-4433-9d49-a8e3bb920002-groupManagement] INFO  server.RaftServerConfigKeys (ConfUtils.java:logGet(62)) - raft.server.log.appender.buffer.byte-limit = 33554432 (custom)
2025-09-07 09:44:03,496 [8500c972-c6d1-4433-9d49-a8e3bb920002-groupManagement] INFO  util.AwaitToRun (AwaitToRun.java:start(81)) - Thread[#1155,8500c972-c6d1-4433-9d49-a8e3bb920002@group-7B86A1802608-cacheEviction-AwaitToRun,5,main] started
2025-09-07 09:44:03,497 [8500c972-c6d1-4433-9d49-a8e3bb920002-groupManagement] INFO  segmented.SegmentedRaftLogWorker (SegmentedRaftLogWorker.java:<init>(190)) - new 8500c972-c6d1-4433-9d49-a8e3bb920002@group-7B86A1802608-SegmentedRaftLogWorker for RaftStorageImpl:Storage Directory /home/runner/work/ozone/ozone/hadoop-ozone/integration-test/target/test-dir/MiniOzoneClusterImpl-023d5a78-e64c-43f3-a4d9-6f7884931d6c/ozone-metadata/datanode-2/ratis/964e2755-6250-4d78-b504-7b86a1802608
2025-09-07 09:44:03,497 [8500c972-c6d1-4433-9d49-a8e3bb920002-groupManagement] INFO  server.RaftServerConfigKeys (ConfUtils.java:logGet(62)) - raft.server.log.queue.byte-limit = 4294967296 (custom)
2025-09-07 09:44:03,497 [8500c972-c6d1-4433-9d49-a8e3bb920002-groupManagement] INFO  server.RaftServerConfigKeys (ConfUtils.java:logGet(62)) - raft.server.log.queue.element-limit = 1024 (custom)
2025-09-07 09:44:03,497 [8500c972-c6d1-4433-9d49-a8e3bb920002-groupManagement] INFO  server.RaftServerConfigKeys (ConfUtils.java:logGet(62)) - raft.server.log.segment.size.max = 67108864 (custom)
2025-09-07 09:44:03,497 [8500c972-c6d1-4433-9d49-a8e3bb920002-groupManagement] INFO  server.RaftServerConfigKeys (ConfUtils.java:logGet(62)) - raft.server.log.preallocated.size = 4194304 (custom)
2025-09-07 09:44:03,497 [8500c972-c6d1-4433-9d49-a8e3bb920002-groupManagement] INFO  server.RaftServerConfigKeys (ConfUtils.java:logGet(62)) - raft.server.log.statemachine.data.sync.timeout.retry = 30 (custom)
2025-09-07 09:44:03,498 [8500c972-c6d1-4433-9d49-a8e3bb920002-groupManagement] INFO  server.RaftServerConfigKeys (ConfUtils.java:logGet(62)) - raft.server.log.write.buffer.size = 33554440 (custom)
2025-09-07 09:44:03,503 [EventQueue-PipelineReportForOneReplicaPipelineSafeModeRule] INFO  safemode.SCMSafeModeManager (SCMSafeModeManager.java:validateSafeModeExitRules(138)) - AtleastOneDatanodeReportedRule rule is successfully validated
2025-09-07 09:44:03,504 [8500c972-c6d1-4433-9d49-a8e3bb920002-groupManagement] INFO  server.RaftServerConfigKeys (ConfUtils.java:logGet(62)) - raft.server.log.appender.buffer.byte-limit = 33554432 (custom)
2025-09-07 09:44:03,505 [8500c972-c6d1-4433-9d49-a8e3bb920002-groupManagement] INFO  server.RaftServerConfigKeys (ConfUtils.java:logGet(62)) - raft.server.log.statemachine.data.caching.enabled = true (custom)
2025-09-07 09:44:03,505 [8500c972-c6d1-4433-9d49-a8e3bb920002-groupManagement] INFO  segmented.SegmentedRaftLogWorker (SegmentedRaftLogWorker.java:lambda$new$0(141)) - 8500c972-c6d1-4433-9d49-a8e3bb920002@group-7B86A1802608-SegmentedRaftLogWorker: flushIndex: setUnconditionally 0 -> -1
2025-09-07 09:44:03,505 [8500c972-c6d1-4433-9d49-a8e3bb920002-groupManagement] INFO  segmented.SegmentedRaftLogWorker (SegmentedRaftLogWorker.java:lambda$new$0(141)) - 8500c972-c6d1-4433-9d49-a8e3bb920002@group-7B86A1802608-SegmentedRaftLogWorker: safeCacheEvictIndex: setUnconditionally 0 -> -1
2025-09-07 09:44:03,505 [8500c972-c6d1-4433-9d49-a8e3bb920002-groupManagement] INFO  server.RaftServer$Division (RaftServerImpl.java:start(405)) - 8500c972-c6d1-4433-9d49-a8e3bb920002@group-7B86A1802608: start as a follower, conf=conf: {index: -1, cur=peers:[8500c972-c6d1-4433-9d49-a8e3bb920002|127.0.0.1:15023]|listeners:[], old=null}
2025-09-07 09:44:03,505 [8500c972-c6d1-4433-9d49-a8e3bb920002-groupManagement] INFO  server.RaftServer$Division (RaftServerImpl.java:setRole(392)) - 8500c972-c6d1-4433-9d49-a8e3bb920002@group-7B86A1802608: changes role from      null to FOLLOWER at term 0 for startAsFollower
2025-09-07 09:44:03,506 [8500c972-c6d1-4433-9d49-a8e3bb920002-groupManagement] INFO  impl.RoleInfo (RoleInfo.java:updateAndGet(148)) - 8500c972-c6d1-4433-9d49-a8e3bb920002: start 8500c972-c6d1-4433-9d49-a8e3bb920002@group-7B86A1802608-FollowerState
2025-09-07 09:44:03,506 [8500c972-c6d1-4433-9d49-a8e3bb920002-groupManagement] INFO  util.JmxRegister (JmxRegister.java:tryRegister(44)) - Successfully registered JMX Bean with object name Ratis:service=RaftServer,group=group-7B86A1802608,id=8500c972-c6d1-4433-9d49-a8e3bb920002
2025-09-07 09:44:03,506 [8500c972-c6d1-4433-9d49-a8e3bb920002-groupManagement] INFO  util.JmxRegister (JmxRegister.java:register(58)) - register mxBean class org.apache.ratis.server.impl.RaftServerJmxAdapter as Ratis:service=RaftServer,group=group-7B86A1802608,id=8500c972-c6d1-4433-9d49-a8e3bb920002
2025-09-07 09:44:03,506 [8500c972-c6d1-4433-9d49-a8e3bb920002-groupManagement] INFO  server.RaftServerConfigKeys (ConfUtils.java:logGet(62)) - raft.server.snapshot.auto.trigger.threshold = 100000 (custom)
2025-09-07 09:44:03,506 [8500c972-c6d1-4433-9d49-a8e3bb920002-groupManagement] INFO  server.RaftServerConfigKeys (ConfUtils.java:logGet(62)) - raft.server.snapshot.retention.file.num = 5 (custom)
2025-09-07 09:44:03,507 [8500c972-c6d1-4433-9d49-a8e3bb920002-groupManagement] INFO  server.RaftServerConfigKeys (ConfUtils.java:logGet(62)) - raft.server.log.purge.upto.snapshot.index = false (default)
2025-09-07 09:44:03,508 [a68d7e4a-8be2-4109-84e0-ed7537249ab2@group-6F7884931D6C-StateMachineUpdater] INFO  safemode.SCMSafeModeManager (SCMSafeModeManager.java:validateSafeModeExitRules(138)) - DataNodeSafeModeRule rule is successfully validated
2025-09-07 09:44:03,508 [a68d7e4a-8be2-4109-84e0-ed7537249ab2@group-6F7884931D6C-StateMachineUpdater] INFO  safemode.SCMSafeModeManager (SCMSafeModeManager.java:validateSafeModeExitRules(138)) - RatisContainerSafeModeRule rule is successfully validated
2025-09-07 09:44:03,508 [a68d7e4a-8be2-4109-84e0-ed7537249ab2@group-6F7884931D6C-StateMachineUpdater] INFO  safemode.HealthyPipelineSafeModeRule (HealthyPipelineSafeModeRule.java:initializeRule(228)) - Refreshed total pipeline count is 0, healthy pipeline threshold count is 1
2025-09-07 09:44:03,508 [a68d7e4a-8be2-4109-84e0-ed7537249ab2@group-6F7884931D6C-StateMachineUpdater] INFO  safemode.SCMSafeModeManager (SCMSafeModeManager.java:validateSafeModeExitRules(138)) - ECContainerSafeModeRule rule is successfully validated
2025-09-07 09:44:03,508 [a68d7e4a-8be2-4109-84e0-ed7537249ab2@group-6F7884931D6C-StateMachineUpdater] INFO  safemode.SCMSafeModeManager (SCMSafeModeManager.java:validateSafeModeExitRules(138)) - AtleastOneDatanodeReportedRule rule is successfully validated
2025-09-07 09:44:03,508 [8500c972-c6d1-4433-9d49-a8e3bb920002-groupManagement] INFO  server.RaftServer$Division (RaftServerImpl.java:start(419)) - 8500c972-c6d1-4433-9d49-a8e3bb920002@group-7B86A1802608: Successfully started.
2025-09-07 09:44:03,509 [EventQueue-PipelineReportForPipelineReportHandler] INFO  pipeline.PipelineReportHandler (PipelineReportHandler.java:processPipelineReport(134)) - Opened pipeline Pipeline-964e2755-6250-4d78-b504-7b86a1802608
2025-09-07 09:44:03,509 [8500c972-c6d1-4433-9d49-a8e3bb920002-PipelineCommandHandlerThread-0] INFO  ratis.XceiverServerRatis (XceiverServerRatis.java:addGroup(846)) - Created group Pipeline-964e2755-6250-4d78-b504-7b86a1802608
2025-09-07 09:44:03,510 [8500c972-c6d1-4433-9d49-a8e3bb920002-PipelineCommandHandlerThread-0] INFO  commandhandler.CreatePipelineCommandHandler (CreatePipelineCommandHandler.java:lambda$handle$2(127)) - Created Pipeline RATIS ONE Pipeline-964e2755-6250-4d78-b504-7b86a1802608.
2025-09-07 09:44:03,510 [8500c972-c6d1-4433-9d49-a8e3bb920002-PipelineCommandHandlerThread-0] INFO  server.RaftServer (RaftServerProxy.java:addNew(105)) - 8500c972-c6d1-4433-9d49-a8e3bb920002: addNew group-DDE89B3F2AFE:[95d41743-cdf0-4105-938b-93fe980aeffc|127.0.0.1:15031, 8500c972-c6d1-4433-9d49-a8e3bb920002|127.0.0.1:15023, ff2509eb-55dd-4ad3-b532-83d6209e1a92|127.0.0.1:15015] returns group-DDE89B3F2AFE:java.util.concurrent.CompletableFuture@613591a7[Not completed]
2025-09-07 09:44:03,512 [8500c972-c6d1-4433-9d49-a8e3bb920002-groupManagement] INFO  server.RaftServer$Division (RaftServerImpl.java:<init>(268)) - 8500c972-c6d1-4433-9d49-a8e3bb920002: new RaftServerImpl for group-DDE89B3F2AFE:[95d41743-cdf0-4105-938b-93fe980aeffc|127.0.0.1:15031, 8500c972-c6d1-4433-9d49-a8e3bb920002|127.0.0.1:15023, ff2509eb-55dd-4ad3-b532-83d6209e1a92|127.0.0.1:15015] with ContainerStateMachine:uninitialized
2025-09-07 09:44:03,512 [8500c972-c6d1-4433-9d49-a8e3bb920002-groupManagement] INFO  server.RaftServer$Division (ServerState.java:<init>(114)) - 8500c972-c6d1-4433-9d49-a8e3bb920002@group-DDE89B3F2AFE: ConfigurationManager, init=conf: {index: -1, cur=peers:[95d41743-cdf0-4105-938b-93fe980aeffc|127.0.0.1:15031, 8500c972-c6d1-4433-9d49-a8e3bb920002|127.0.0.1:15023, ff2509eb-55dd-4ad3-b532-83d6209e1a92|127.0.0.1:15015]|listeners:[], old=null}, confs=<EMPTY_MAP>
2025-09-07 09:44:03,521 [8500c972-c6d1-4433-9d49-a8e3bb920002-groupManagement] INFO  storage.RaftStorageDirectory (RaftStorageDirectoryImpl.java:analyzeStorage(138)) - The storage directory /home/runner/work/ozone/ozone/hadoop-ozone/integration-test/target/test-dir/MiniOzoneClusterImpl-023d5a78-e64c-43f3-a4d9-6f7884931d6c/ozone-metadata/datanode-2/ratis/3adef986-442f-409a-a79f-dde89b3f2afe does not exist. Creating ...
2025-09-07 09:44:03,522 [8500c972-c6d1-4433-9d49-a8e3bb920002-groupManagement] INFO  storage.RaftStorageDirectory (RaftStorageDirectoryImpl.java:tryLock(229)) - Lock on /home/runner/work/ozone/ozone/hadoop-ozone/integration-test/target/test-dir/MiniOzoneClusterImpl-023d5a78-e64c-43f3-a4d9-6f7884931d6c/ozone-metadata/datanode-2/ratis/3adef986-442f-409a-a79f-dde89b3f2afe/in_use.lock acquired by nodename 23079@localhost
2025-09-07 09:44:03,523 [8500c972-c6d1-4433-9d49-a8e3bb920002-groupManagement] INFO  storage.RaftStorage (RaftStorageImpl.java:format(98)) - Storage directory /home/runner/work/ozone/ozone/hadoop-ozone/integration-test/target/test-dir/MiniOzoneClusterImpl-023d5a78-e64c-43f3-a4d9-6f7884931d6c/ozone-metadata/datanode-2/ratis/3adef986-442f-409a-a79f-dde89b3f2afe has been successfully formatted.
2025-09-07 09:44:03,524 [8500c972-c6d1-4433-9d49-a8e3bb920002-groupManagement] INFO  ratis.ContainerStateMachine (ContainerStateMachine.java:initialize(339)) - 8500c972-c6d1-4433-9d49-a8e3bb920002: initialize group-DDE89B3F2AFE
2025-09-07 09:44:03,524 [8500c972-c6d1-4433-9d49-a8e3bb920002-groupManagement] INFO  ratis.ContainerStateMachine (ContainerStateMachine.java:loadSnapshot(347)) - group-DDE89B3F2AFE: The snapshot info is null. Setting the last applied index to:<INITIAL_VALUE>
2025-09-07 09:44:03,524 [8500c972-c6d1-4433-9d49-a8e3bb920002-groupManagement] INFO  server.RaftServerConfigKeys (ConfUtils.java:logGet(62)) - raft.server.log.appender.buffer.byte-limit = 33554432 (custom)
2025-09-07 09:44:03,527 [EventQueue-PipelineReportForOneReplicaPipelineSafeModeRule] INFO  safemode.SCMSafeModeManager (SCMSafeModeManager.java:validateSafeModeExitRules(138)) - AtleastOneDatanodeReportedRule rule is successfully validated
2025-09-07 09:44:03,529 [8500c972-c6d1-4433-9d49-a8e3bb920002-groupManagement] INFO  server.RaftServerConfigKeys (ConfUtils.java:logGet(62)) - raft.server.log.segment.size.max = 67108864 (custom)
2025-09-07 09:44:03,530 [8500c972-c6d1-4433-9d49-a8e3bb920002-groupManagement] INFO  server.RaftServerConfigKeys (ConfUtils.java:logGet(62)) - raft.server.log.appender.buffer.byte-limit = 33554432 (custom)
2025-09-07 09:44:03,530 [8500c972-c6d1-4433-9d49-a8e3bb920002-groupManagement] INFO  util.AwaitToRun (AwaitToRun.java:start(81)) - Thread[#1160,8500c972-c6d1-4433-9d49-a8e3bb920002@group-DDE89B3F2AFE-cacheEviction-AwaitToRun,5,main] started
2025-09-07 09:44:03,530 [8500c972-c6d1-4433-9d49-a8e3bb920002-groupManagement] INFO  segmented.SegmentedRaftLogWorker (SegmentedRaftLogWorker.java:<init>(190)) - new 8500c972-c6d1-4433-9d49-a8e3bb920002@group-DDE89B3F2AFE-SegmentedRaftLogWorker for RaftStorageImpl:Storage Directory /home/runner/work/ozone/ozone/hadoop-ozone/integration-test/target/test-dir/MiniOzoneClusterImpl-023d5a78-e64c-43f3-a4d9-6f7884931d6c/ozone-metadata/datanode-2/ratis/3adef986-442f-409a-a79f-dde89b3f2afe
2025-09-07 09:44:03,530 [8500c972-c6d1-4433-9d49-a8e3bb920002-groupManagement] INFO  server.RaftServerConfigKeys (ConfUtils.java:logGet(62)) - raft.server.log.queue.byte-limit = 4294967296 (custom)
2025-09-07 09:44:03,530 [8500c972-c6d1-4433-9d49-a8e3bb920002-groupManagement] INFO  server.RaftServerConfigKeys (ConfUtils.java:logGet(62)) - raft.server.log.segment.size.max = 67108864 (custom)
2025-09-07 09:44:03,530 [8500c972-c6d1-4433-9d49-a8e3bb920002-groupManagement] INFO  server.RaftServerConfigKeys (ConfUtils.java:logGet(62)) - raft.server.log.preallocated.size = 4194304 (custom)
2025-09-07 09:44:03,531 [8500c972-c6d1-4433-9d49-a8e3bb920002-groupManagement] INFO  server.RaftServerConfigKeys (ConfUtils.java:logGet(62)) - raft.server.log.write.buffer.size = 33554440 (custom)
2025-09-07 09:44:03,537 [8500c972-c6d1-4433-9d49-a8e3bb920002-groupManagement] INFO  server.RaftServerConfigKeys (ConfUtils.java:logGet(62)) - raft.server.log.appender.buffer.byte-limit = 33554432 (custom)
2025-09-07 09:44:03,537 [8500c972-c6d1-4433-9d49-a8e3bb920002-groupManagement] INFO  segmented.SegmentedRaftLogWorker (SegmentedRaftLogWorker.java:lambda$new$0(141)) - 8500c972-c6d1-4433-9d49-a8e3bb920002@group-DDE89B3F2AFE-SegmentedRaftLogWorker: flushIndex: setUnconditionally 0 -> -1
2025-09-07 09:44:03,538 [8500c972-c6d1-4433-9d49-a8e3bb920002-groupManagement] INFO  segmented.SegmentedRaftLogWorker (SegmentedRaftLogWorker.java:lambda$new$0(141)) - 8500c972-c6d1-4433-9d49-a8e3bb920002@group-DDE89B3F2AFE-SegmentedRaftLogWorker: safeCacheEvictIndex: setUnconditionally 0 -> -1
2025-09-07 09:44:03,538 [8500c972-c6d1-4433-9d49-a8e3bb920002-groupManagement] INFO  server.RaftServer$Division (RaftServerImpl.java:start(405)) - 8500c972-c6d1-4433-9d49-a8e3bb920002@group-DDE89B3F2AFE: start as a follower, conf=conf: {index: -1, cur=peers:[95d41743-cdf0-4105-938b-93fe980aeffc|127.0.0.1:15031, 8500c972-c6d1-4433-9d49-a8e3bb920002|127.0.0.1:15023, ff2509eb-55dd-4ad3-b532-83d6209e1a92|127.0.0.1:15015]|listeners:[], old=null}
2025-09-07 09:44:03,538 [8500c972-c6d1-4433-9d49-a8e3bb920002-groupManagement] INFO  server.RaftServer$Division (RaftServerImpl.java:setRole(392)) - 8500c972-c6d1-4433-9d49-a8e3bb920002@group-DDE89B3F2AFE: changes role from      null to FOLLOWER at term 0 for startAsFollower
2025-09-07 09:44:03,538 [8500c972-c6d1-4433-9d49-a8e3bb920002-groupManagement] INFO  impl.RoleInfo (RoleInfo.java:updateAndGet(148)) - 8500c972-c6d1-4433-9d49-a8e3bb920002: start 8500c972-c6d1-4433-9d49-a8e3bb920002@group-DDE89B3F2AFE-FollowerState
2025-09-07 09:44:03,538 [8500c972-c6d1-4433-9d49-a8e3bb920002-groupManagement] INFO  util.JmxRegister (JmxRegister.java:tryRegister(44)) - Successfully registered JMX Bean with object name Ratis:service=RaftServer,group=group-DDE89B3F2AFE,id=8500c972-c6d1-4433-9d49-a8e3bb920002
2025-09-07 09:44:03,538 [8500c972-c6d1-4433-9d49-a8e3bb920002-groupManagement] INFO  util.JmxRegister (JmxRegister.java:register(58)) - register mxBean class org.apache.ratis.server.impl.RaftServerJmxAdapter as Ratis:service=RaftServer,group=group-DDE89B3F2AFE,id=8500c972-c6d1-4433-9d49-a8e3bb920002
2025-09-07 09:44:03,539 [8500c972-c6d1-4433-9d49-a8e3bb920002-groupManagement] INFO  server.RaftServer$Division (RaftServerImpl.java:start(419)) - 8500c972-c6d1-4433-9d49-a8e3bb920002@group-DDE89B3F2AFE: Successfully started.
2025-09-07 09:44:03,540 [8500c972-c6d1-4433-9d49-a8e3bb920002-PipelineCommandHandlerThread-0] INFO  ratis.XceiverServerRatis (XceiverServerRatis.java:addGroup(846)) - Created group Pipeline-3adef986-442f-409a-a79f-dde89b3f2afe
2025-09-07 09:44:03,590 [IPC Server handler 3 on default port 15002] INFO  net.NetworkTopologyImpl (NetworkTopologyImpl.java:add(133)) - Added a new node: /rack1/486fef96-c6ec-41d9-a4ca-7ebb3d261081
2025-09-07 09:44:03,591 [IPC Server handler 3 on default port 15002] INFO  node.SCMNodeManager (SCMNodeManager.java:register(423)) - Registered datanode: 486fef96-c6ec-41d9-a4ca-7ebb3d261081{ip: 127.0.0.1, host: localhost, ports: [HTTP=15066, CLIENT_RPC=15067, REPLICATION=15073, RATIS=15069, RATIS_ADMIN=15070, RATIS_SERVER=15071, RATIS_DATASTREAM=15072, STANDALONE=15068], networkLocation: /rack1, certSerialId: null, persistedOpState: null, persistedOpStateExpiryEpochSec: 0}
2025-09-07 09:44:03,591 [EventQueue-NewNodeForNewNodeHandler] INFO  pipeline.BackgroundPipelineCreator (BackgroundPipelineCreator.java:notifyEventTriggered(290)) - trigger a one-shot run on RatisPipelineUtilsThread.
2025-09-07 09:44:03,591 [EventQueue-ContainerRegistrationReportForRatisContainerSafeModeRule] INFO  safemode.SCMSafeModeManager (SCMSafeModeManager.java:validateSafeModeExitRules(138)) - RatisContainerSafeModeRule rule is successfully validated
2025-09-07 09:44:03,591 [EventQueue-ContainerRegistrationReportForECContainerSafeModeRule] INFO  safemode.SCMSafeModeManager (SCMSafeModeManager.java:validateSafeModeExitRules(138)) - ECContainerSafeModeRule rule is successfully validated
2025-09-07 09:44:03,592 [EventQueue-PipelineReportForOneReplicaPipelineSafeModeRule] INFO  safemode.SCMSafeModeManager (SCMSafeModeManager.java:validateSafeModeExitRules(138)) - AtleastOneDatanodeReportedRule rule is successfully validated
2025-09-07 09:44:03,592 [EventQueue-NodeRegistrationContainerReportForDataNodeSafeModeRule] INFO  safemode.SCMSafeModeManager (SCMSafeModeManager.java:validateSafeModeExitRules(138)) - DataNodeSafeModeRule rule is successfully validated
2025-09-07 09:44:03,593 [RatisPipelineUtilsThread-0] INFO  pipeline.RatisPipelineProvider (RatisPipelineProvider.java:lambda$create$0(208)) - Sending CreatePipelineCommand for pipeline:Pipeline-ca43f102-4fc8-4b2e-baf8-a6d30a1c9e4d to datanode:486fef96-c6ec-41d9-a4ca-7ebb3d261081(localhost/127.0.0.1)
2025-09-07 09:44:03,598 [a68d7e4a-8be2-4109-84e0-ed7537249ab2@group-6F7884931D6C-StateMachineUpdater] INFO  safemode.SCMSafeModeManager (SCMSafeModeManager.java:validateSafeModeExitRules(138)) - DataNodeSafeModeRule rule is successfully validated
2025-09-07 09:44:03,598 [a68d7e4a-8be2-4109-84e0-ed7537249ab2@group-6F7884931D6C-StateMachineUpdater] INFO  safemode.SCMSafeModeManager (SCMSafeModeManager.java:validateSafeModeExitRules(138)) - RatisContainerSafeModeRule rule is successfully validated
2025-09-07 09:44:03,598 [a68d7e4a-8be2-4109-84e0-ed7537249ab2@group-6F7884931D6C-StateMachineUpdater] INFO  safemode.HealthyPipelineSafeModeRule (HealthyPipelineSafeModeRule.java:initializeRule(228)) - Refreshed total pipeline count is 0, healthy pipeline threshold count is 1
2025-09-07 09:44:03,598 [a68d7e4a-8be2-4109-84e0-ed7537249ab2@group-6F7884931D6C-StateMachineUpdater] INFO  safemode.SCMSafeModeManager (SCMSafeModeManager.java:validateSafeModeExitRules(138)) - ECContainerSafeModeRule rule is successfully validated
2025-09-07 09:44:03,598 [a68d7e4a-8be2-4109-84e0-ed7537249ab2@group-6F7884931D6C-StateMachineUpdater] INFO  safemode.SCMSafeModeManager (SCMSafeModeManager.java:validateSafeModeExitRules(138)) - AtleastOneDatanodeReportedRule rule is successfully validated
2025-09-07 09:44:03,599 [RatisPipelineUtilsThread-0] INFO  pipeline.BackgroundPipelineCreator (BackgroundPipelineCreator.java:createPipelines(246)) - Created new pipeline Pipeline{ Id: ca43f102-4fc8-4b2e-baf8-a6d30a1c9e4d, Nodes: [ {486fef96-c6ec-41d9-a4ca-7ebb3d261081(localhost/127.0.0.1), ReplicaIndex: 0},], ReplicationConfig: RATIS/ONE, State:ALLOCATED, leaderId:, CreationTimestamp2025-09-07T09:44:03.593301226Z[Etc/UTC]}
2025-09-07 09:44:03,615 [c7928d43-6313-4dde-8a75-1660f92a858c-EndpointStateMachineTaskThread-/0.0.0.0:15002-0 ] INFO  utils.DatanodeStoreCache (DatanodeStoreCache.java:addDB(70)) - Added db /home/runner/work/ozone/ozone/hadoop-ozone/integration-test/target/test-dir/MiniOzoneClusterImpl-023d5a78-e64c-43f3-a4d9-6f7884931d6c/ozone-metadata/datanode-10/data-0/hdds/023d5a78-e64c-43f3-a4d9-6f7884931d6c/DS-84c6fba7-595d-4177-8ffc-7588853120c4/container.db to cache
2025-09-07 09:44:03,615 [c7928d43-6313-4dde-8a75-1660f92a858c-EndpointStateMachineTaskThread-/0.0.0.0:15002-0 ] INFO  volume.HddsVolume (HddsVolume.java:createDbStore(576)) - SchemaV3 db is created and loaded at /home/runner/work/ozone/ozone/hadoop-ozone/integration-test/target/test-dir/MiniOzoneClusterImpl-023d5a78-e64c-43f3-a4d9-6f7884931d6c/ozone-metadata/datanode-10/data-0/hdds/023d5a78-e64c-43f3-a4d9-6f7884931d6c/DS-84c6fba7-595d-4177-8ffc-7588853120c4/container.db for volume DS-84c6fba7-595d-4177-8ffc-7588853120c4
2025-09-07 09:44:03,619 [c7928d43-6313-4dde-8a75-1660f92a858c-ContainerReader-0] INFO  ozoneimpl.ContainerReader (ContainerReader.java:readVolume(147)) - Start to verify containers on volume /home/runner/work/ozone/ozone/hadoop-ozone/integration-test/target/test-dir/MiniOzoneClusterImpl-023d5a78-e64c-43f3-a4d9-6f7884931d6c/ozone-metadata/datanode-10/data-0/hdds
2025-09-07 09:44:03,619 [c7928d43-6313-4dde-8a75-1660f92a858c-ContainerReader-0] INFO  ozoneimpl.ContainerReader (ContainerReader.java:readVolume(177)) - Finish verifying containers on volume /home/runner/work/ozone/ozone/hadoop-ozone/integration-test/target/test-dir/MiniOzoneClusterImpl-023d5a78-e64c-43f3-a4d9-6f7884931d6c/ozone-metadata/datanode-10/data-0/hdds
2025-09-07 09:44:03,620 [c7928d43-6313-4dde-8a75-1660f92a858c-EndpointStateMachineTaskThread-/0.0.0.0:15002-0 ] INFO  ozoneimpl.OzoneContainer (OzoneContainer.java:buildContainerSet(370)) - Build ContainerSet costs 0s
2025-09-07 09:44:03,620 [c7928d43-6313-4dde-8a75-1660f92a858c-EndpointStateMachineTaskThread-/0.0.0.0:15002-0 ] INFO  volume.ThrottledAsyncChecker (ThrottledAsyncChecker.java:schedule(138)) - Scheduling a check for /home/runner/work/ozone/ozone/hadoop-ozone/integration-test/target/test-dir/MiniOzoneClusterImpl-023d5a78-e64c-43f3-a4d9-6f7884931d6c/ozone-metadata/datanode-10/data-0/hdds
2025-09-07 09:44:03,621 [c7928d43-6313-4dde-8a75-1660f92a858c-EndpointStateMachineTaskThread-/0.0.0.0:15002-0 ] INFO  volume.StorageVolumeChecker (StorageVolumeChecker.java:checkAllVolumes(231)) - Scheduled health check for volume /home/runner/work/ozone/ozone/hadoop-ozone/integration-test/target/test-dir/MiniOzoneClusterImpl-023d5a78-e64c-43f3-a4d9-6f7884931d6c/ozone-metadata/datanode-10/data-0/hdds
2025-09-07 09:44:03,625 [c7928d43-6313-4dde-8a75-1660f92a858c-EndpointStateMachineTaskThread-/0.0.0.0:15002-0 ] INFO  volume.ThrottledAsyncChecker (ThrottledAsyncChecker.java:schedule(138)) - Scheduling a check for /home/runner/work/ozone/ozone/hadoop-ozone/integration-test/target/test-dir/MiniOzoneClusterImpl-023d5a78-e64c-43f3-a4d9-6f7884931d6c/ozone-metadata/datanode-10/ratis
2025-09-07 09:44:03,625 [c7928d43-6313-4dde-8a75-1660f92a858c-EndpointStateMachineTaskThread-/0.0.0.0:15002-0 ] INFO  volume.StorageVolumeChecker (StorageVolumeChecker.java:checkAllVolumes(231)) - Scheduled health check for volume /home/runner/work/ozone/ozone/hadoop-ozone/integration-test/target/test-dir/MiniOzoneClusterImpl-023d5a78-e64c-43f3-a4d9-6f7884931d6c/ozone-metadata/datanode-10/ratis
2025-09-07 09:44:03,626 [c7928d43-6313-4dde-8a75-1660f92a858c-EndpointStateMachineTaskThread-/0.0.0.0:15002-0 ] INFO  ozoneimpl.OzoneContainer (OzoneContainer.java:start(525)) - Attempting to start container services.
2025-09-07 09:44:03,627 [ContainerMetadataScanner] INFO  ozoneimpl.AbstractBackgroundContainerScanner (AbstractBackgroundContainerScanner.java:runIteration(89)) - Completed an iteration in 0 minutes. Number of iterations (since the data-node restart) : 1, Number of containers scanned in this iteration : 0, Number of unhealthy containers found in this iteration : 0
2025-09-07 09:44:03,627 [ContainerDataScanner(/home/runner/work/ozone/ozone/hadoop-ozone/integration-test/target/test-dir/MiniOzoneClusterImpl-023d5a78-e64c-43f3-a4d9-6f7884931d6c/ozone-metadata/datanode-10/data-0/hdds)] INFO  ozoneimpl.AbstractBackgroundContainerScanner (AbstractBackgroundContainerScanner.java:runIteration(89)) - Completed an iteration in 0 minutes. Number of iterations (since the data-node restart) : 1, Number of containers scanned in this iteration : 0, Number of unhealthy containers found in this iteration : 0
2025-09-07 09:44:03,628 [c7928d43-6313-4dde-8a75-1660f92a858c-EndpointStateMachineTaskThread-/0.0.0.0:15002-0 ] INFO  replication.ReplicationServer (ReplicationServer.java:start(137)) - ReplicationServer is started using port 15089
2025-09-07 09:44:03,628 [c7928d43-6313-4dde-8a75-1660f92a858c-EndpointStateMachineTaskThread-/0.0.0.0:15002-0 ] INFO  ratis.XceiverServerRatis (XceiverServerRatis.java:start(562)) - Starting XceiverServerRatis(c7928d43-6313-4dde-8a75-1660f92a858c)
2025-09-07 09:44:03,629 [c7928d43-6313-4dde-8a75-1660f92a858c-EndpointStateMachineTaskThread-/0.0.0.0:15002-0 ] INFO  server.RaftServer (RaftServerProxy.java:startImpl(412)) - c7928d43-6313-4dde-8a75-1660f92a858c: start RPC server
2025-09-07 09:44:03,630 [c7928d43-6313-4dde-8a75-1660f92a858c-EndpointStateMachineTaskThread-/0.0.0.0:15002-0 ] INFO  server.GrpcServicesImpl (GrpcServicesImpl.java:startImpl(346)) - c7928d43-6313-4dde-8a75-1660f92a858c: GrpcServicesImpl started, listening on 15085
2025-09-07 09:44:03,631 [c7928d43-6313-4dde-8a75-1660f92a858c-EndpointStateMachineTaskThread-/0.0.0.0:15002-0 ] INFO  server.GrpcServicesImpl (GrpcServicesImpl.java:startImpl(346)) - c7928d43-6313-4dde-8a75-1660f92a858c: GrpcServicesImpl started, listening on 15087
2025-09-07 09:44:03,631 [c7928d43-6313-4dde-8a75-1660f92a858c-EndpointStateMachineTaskThread-/0.0.0.0:15002-0 ] INFO  server.GrpcServicesImpl (GrpcServicesImpl.java:startImpl(346)) - c7928d43-6313-4dde-8a75-1660f92a858c: GrpcServicesImpl started, listening on 15086
2025-09-07 09:44:03,632 [c7928d43-6313-4dde-8a75-1660f92a858c-EndpointStateMachineTaskThread-/0.0.0.0:15002-0 ] INFO  ratis.XceiverServerRatis (XceiverServerRatis.java:getRealPort(589)) - XceiverServerRatis(c7928d43-6313-4dde-8a75-1660f92a858c) is started using port RATIS=15085
2025-09-07 09:44:03,632 [c7928d43-6313-4dde-8a75-1660f92a858c-EndpointStateMachineTaskThread-/0.0.0.0:15002-0 ] INFO  ratis.XceiverServerRatis (XceiverServerRatis.java:getRealPort(589)) - XceiverServerRatis(c7928d43-6313-4dde-8a75-1660f92a858c) is started using port RATIS_ADMIN=15086
2025-09-07 09:44:03,632 [JvmPauseMonitor12] INFO  util.JvmPauseMonitor (JvmPauseMonitor.java:run(146)) - JvmPauseMonitor-c7928d43-6313-4dde-8a75-1660f92a858c: Started
2025-09-07 09:44:03,632 [c7928d43-6313-4dde-8a75-1660f92a858c-EndpointStateMachineTaskThread-/0.0.0.0:15002-0 ] INFO  ratis.XceiverServerRatis (XceiverServerRatis.java:getRealPort(589)) - XceiverServerRatis(c7928d43-6313-4dde-8a75-1660f92a858c) is started using port RATIS_SERVER=15087
2025-09-07 09:44:03,632 [c7928d43-6313-4dde-8a75-1660f92a858c-EndpointStateMachineTaskThread-/0.0.0.0:15002-0 ] INFO  ratis.XceiverServerRatis (XceiverServerRatis.java:getRealPort(589)) - XceiverServerRatis(c7928d43-6313-4dde-8a75-1660f92a858c) is started using port RATIS_DATASTREAM=15088
2025-09-07 09:44:03,633 [c7928d43-6313-4dde-8a75-1660f92a858c-EndpointStateMachineTaskThread-/0.0.0.0:15002-0 ] INFO  utils.BackgroundService (BackgroundService.java:start(119)) - Starting service BlockDeletingService with interval 60000 milliseconds
2025-09-07 09:44:03,634 [c7928d43-6313-4dde-8a75-1660f92a858c-EndpointStateMachineTaskThread-/0.0.0.0:15002-0 ] INFO  utils.BackgroundService (BackgroundService.java:start(119)) - Starting service StaleRecoveringContainerScrubbingService with interval 60000 milliseconds
2025-09-07 09:44:03,734 [95d41743-cdf0-4105-938b-93fe980aeffc-PipelineCommandHandlerThread-0] INFO  server.RaftServer (RaftServerProxy.java:addNew(105)) - 95d41743-cdf0-4105-938b-93fe980aeffc: addNew group-054C9C7BE8B6:[95d41743-cdf0-4105-938b-93fe980aeffc|127.0.0.1:15031] returns group-054C9C7BE8B6:java.util.concurrent.CompletableFuture@1c1c370[Not completed]
2025-09-07 09:44:03,737 [95d41743-cdf0-4105-938b-93fe980aeffc-groupManagement] INFO  server.RaftServer$Division (RaftServerImpl.java:<init>(268)) - 95d41743-cdf0-4105-938b-93fe980aeffc: new RaftServerImpl for group-054C9C7BE8B6:[95d41743-cdf0-4105-938b-93fe980aeffc|127.0.0.1:15031] with ContainerStateMachine:uninitialized
2025-09-07 09:44:03,737 [95d41743-cdf0-4105-938b-93fe980aeffc-groupManagement] INFO  server.RaftServer$Division (ServerState.java:<init>(114)) - 95d41743-cdf0-4105-938b-93fe980aeffc@group-054C9C7BE8B6: ConfigurationManager, init=conf: {index: -1, cur=peers:[95d41743-cdf0-4105-938b-93fe980aeffc|127.0.0.1:15031]|listeners:[], old=null}, confs=<EMPTY_MAP>
2025-09-07 09:44:03,746 [95d41743-cdf0-4105-938b-93fe980aeffc-groupManagement] INFO  server.RaftServerConfigKeys (ConfUtils.java:logGet(62)) - raft.server.storage.dir = [/home/runner/work/ozone/ozone/hadoop-ozone/integration-test/target/test-dir/MiniOzoneClusterImpl-023d5a78-e64c-43f3-a4d9-6f7884931d6c/ozone-metadata/datanode-3/ratis] (custom)
2025-09-07 09:44:03,746 [95d41743-cdf0-4105-938b-93fe980aeffc-groupManagement] INFO  storage.RaftStorageDirectory (RaftStorageDirectoryImpl.java:analyzeStorage(138)) - The storage directory /home/runner/work/ozone/ozone/hadoop-ozone/integration-test/target/test-dir/MiniOzoneClusterImpl-023d5a78-e64c-43f3-a4d9-6f7884931d6c/ozone-metadata/datanode-3/ratis/2c858840-64f0-47f7-8b6a-054c9c7be8b6 does not exist. Creating ...
2025-09-07 09:44:03,752 [95d41743-cdf0-4105-938b-93fe980aeffc-groupManagement] INFO  storage.RaftStorageDirectory (RaftStorageDirectoryImpl.java:tryLock(229)) - Lock on /home/runner/work/ozone/ozone/hadoop-ozone/integration-test/target/test-dir/MiniOzoneClusterImpl-023d5a78-e64c-43f3-a4d9-6f7884931d6c/ozone-metadata/datanode-3/ratis/2c858840-64f0-47f7-8b6a-054c9c7be8b6/in_use.lock acquired by nodename 23079@localhost
2025-09-07 09:44:03,755 [95d41743-cdf0-4105-938b-93fe980aeffc-groupManagement] INFO  storage.RaftStorage (RaftStorageImpl.java:format(98)) - Storage directory /home/runner/work/ozone/ozone/hadoop-ozone/integration-test/target/test-dir/MiniOzoneClusterImpl-023d5a78-e64c-43f3-a4d9-6f7884931d6c/ozone-metadata/datanode-3/ratis/2c858840-64f0-47f7-8b6a-054c9c7be8b6 has been successfully formatted.
2025-09-07 09:44:03,757 [95d41743-cdf0-4105-938b-93fe980aeffc-groupManagement] INFO  ratis.ContainerStateMachine (ContainerStateMachine.java:initialize(339)) - 95d41743-cdf0-4105-938b-93fe980aeffc: initialize group-054C9C7BE8B6
2025-09-07 09:44:03,757 [95d41743-cdf0-4105-938b-93fe980aeffc-groupManagement] INFO  ratis.ContainerStateMachine (ContainerStateMachine.java:loadSnapshot(347)) - group-054C9C7BE8B6: The snapshot info is null. Setting the last applied index to:<INITIAL_VALUE>
2025-09-07 09:44:03,758 [95d41743-cdf0-4105-938b-93fe980aeffc-groupManagement] INFO  server.RaftServerConfigKeys (ConfUtils.java:logGet(62)) - raft.server.log.appender.buffer.byte-limit = 33554432 (custom)
2025-09-07 09:44:03,762 [EventQueue-PipelineReportForOneReplicaPipelineSafeModeRule] INFO  safemode.SCMSafeModeManager (SCMSafeModeManager.java:validateSafeModeExitRules(138)) - AtleastOneDatanodeReportedRule rule is successfully validated
2025-09-07 09:44:03,764 [95d41743-cdf0-4105-938b-93fe980aeffc-groupManagement] INFO  server.RaftServerConfigKeys (ConfUtils.java:logGet(62)) - raft.server.log.segment.size.max = 67108864 (custom)
2025-09-07 09:44:03,764 [95d41743-cdf0-4105-938b-93fe980aeffc-groupManagement] INFO  server.RaftServerConfigKeys (ConfUtils.java:logGet(62)) - raft.server.log.appender.buffer.byte-limit = 33554432 (custom)
2025-09-07 09:44:03,766 [95d41743-cdf0-4105-938b-93fe980aeffc-groupManagement] INFO  util.AwaitToRun (AwaitToRun.java:start(81)) - Thread[#1189,95d41743-cdf0-4105-938b-93fe980aeffc@group-054C9C7BE8B6-cacheEviction-AwaitToRun,5,main] started
2025-09-07 09:44:03,766 [95d41743-cdf0-4105-938b-93fe980aeffc-groupManagement] INFO  segmented.SegmentedRaftLogWorker (SegmentedRaftLogWorker.java:<init>(190)) - new 95d41743-cdf0-4105-938b-93fe980aeffc@group-054C9C7BE8B6-SegmentedRaftLogWorker for RaftStorageImpl:Storage Directory /home/runner/work/ozone/ozone/hadoop-ozone/integration-test/target/test-dir/MiniOzoneClusterImpl-023d5a78-e64c-43f3-a4d9-6f7884931d6c/ozone-metadata/datanode-3/ratis/2c858840-64f0-47f7-8b6a-054c9c7be8b6
2025-09-07 09:44:03,766 [95d41743-cdf0-4105-938b-93fe980aeffc-groupManagement] INFO  server.RaftServerConfigKeys (ConfUtils.java:logGet(62)) - raft.server.log.queue.byte-limit = 4294967296 (custom)
2025-09-07 09:44:03,766 [95d41743-cdf0-4105-938b-93fe980aeffc-groupManagement] INFO  server.RaftServerConfigKeys (ConfUtils.java:logGet(62)) - raft.server.log.segment.size.max = 67108864 (custom)
2025-09-07 09:44:03,766 [95d41743-cdf0-4105-938b-93fe980aeffc-groupManagement] INFO  server.RaftServerConfigKeys (ConfUtils.java:logGet(62)) - raft.server.log.preallocated.size = 4194304 (custom)
2025-09-07 09:44:03,767 [95d41743-cdf0-4105-938b-93fe980aeffc-groupManagement] INFO  server.RaftServerConfigKeys (ConfUtils.java:logGet(62)) - raft.server.log.write.buffer.size = 33554440 (custom)
2025-09-07 09:44:03,769 [a68d7e4a-8be2-4109-84e0-ed7537249ab2@group-6F7884931D6C-StateMachineUpdater] INFO  safemode.SCMSafeModeManager (SCMSafeModeManager.java:validateSafeModeExitRules(138)) - DataNodeSafeModeRule rule is successfully validated
2025-09-07 09:44:03,769 [a68d7e4a-8be2-4109-84e0-ed7537249ab2@group-6F7884931D6C-StateMachineUpdater] INFO  safemode.SCMSafeModeManager (SCMSafeModeManager.java:validateSafeModeExitRules(138)) - RatisContainerSafeModeRule rule is successfully validated
2025-09-07 09:44:03,769 [a68d7e4a-8be2-4109-84e0-ed7537249ab2@group-6F7884931D6C-StateMachineUpdater] INFO  safemode.HealthyPipelineSafeModeRule (HealthyPipelineSafeModeRule.java:initializeRule(228)) - Refreshed total pipeline count is 0, healthy pipeline threshold count is 1
2025-09-07 09:44:03,769 [a68d7e4a-8be2-4109-84e0-ed7537249ab2@group-6F7884931D6C-StateMachineUpdater] INFO  safemode.SCMSafeModeManager (SCMSafeModeManager.java:validateSafeModeExitRules(138)) - ECContainerSafeModeRule rule is successfully validated
2025-09-07 09:44:03,769 [a68d7e4a-8be2-4109-84e0-ed7537249ab2@group-6F7884931D6C-StateMachineUpdater] INFO  safemode.SCMSafeModeManager (SCMSafeModeManager.java:validateSafeModeExitRules(138)) - AtleastOneDatanodeReportedRule rule is successfully validated
2025-09-07 09:44:03,770 [EventQueue-PipelineReportForPipelineReportHandler] INFO  pipeline.PipelineReportHandler (PipelineReportHandler.java:processPipelineReport(134)) - Opened pipeline Pipeline-2c858840-64f0-47f7-8b6a-054c9c7be8b6
2025-09-07 09:44:03,775 [95d41743-cdf0-4105-938b-93fe980aeffc-groupManagement] INFO  server.RaftServerConfigKeys (ConfUtils.java:logGet(62)) - raft.server.log.appender.buffer.byte-limit = 33554432 (custom)
2025-09-07 09:44:03,775 [95d41743-cdf0-4105-938b-93fe980aeffc-groupManagement] INFO  segmented.SegmentedRaftLogWorker (SegmentedRaftLogWorker.java:lambda$new$0(141)) - 95d41743-cdf0-4105-938b-93fe980aeffc@group-054C9C7BE8B6-SegmentedRaftLogWorker: flushIndex: setUnconditionally 0 -> -1
2025-09-07 09:44:03,775 [95d41743-cdf0-4105-938b-93fe980aeffc-groupManagement] INFO  segmented.SegmentedRaftLogWorker (SegmentedRaftLogWorker.java:lambda$new$0(141)) - 95d41743-cdf0-4105-938b-93fe980aeffc@group-054C9C7BE8B6-SegmentedRaftLogWorker: safeCacheEvictIndex: setUnconditionally 0 -> -1
2025-09-07 09:44:03,776 [95d41743-cdf0-4105-938b-93fe980aeffc-groupManagement] INFO  server.RaftServer$Division (RaftServerImpl.java:start(405)) - 95d41743-cdf0-4105-938b-93fe980aeffc@group-054C9C7BE8B6: start as a follower, conf=conf: {index: -1, cur=peers:[95d41743-cdf0-4105-938b-93fe980aeffc|127.0.0.1:15031]|listeners:[], old=null}
2025-09-07 09:44:03,776 [95d41743-cdf0-4105-938b-93fe980aeffc-groupManagement] INFO  server.RaftServer$Division (RaftServerImpl.java:setRole(392)) - 95d41743-cdf0-4105-938b-93fe980aeffc@group-054C9C7BE8B6: changes role from      null to FOLLOWER at term 0 for startAsFollower
2025-09-07 09:44:03,776 [95d41743-cdf0-4105-938b-93fe980aeffc-groupManagement] INFO  impl.RoleInfo (RoleInfo.java:updateAndGet(148)) - 95d41743-cdf0-4105-938b-93fe980aeffc: start 95d41743-cdf0-4105-938b-93fe980aeffc@group-054C9C7BE8B6-FollowerState
2025-09-07 09:44:03,776 [95d41743-cdf0-4105-938b-93fe980aeffc-groupManagement] INFO  util.JmxRegister (JmxRegister.java:tryRegister(44)) - Successfully registered JMX Bean with object name Ratis:service=RaftServer,group=group-054C9C7BE8B6,id=95d41743-cdf0-4105-938b-93fe980aeffc
2025-09-07 09:44:03,777 [95d41743-cdf0-4105-938b-93fe980aeffc-groupManagement] INFO  util.JmxRegister (JmxRegister.java:register(58)) - register mxBean class org.apache.ratis.server.impl.RaftServerJmxAdapter as Ratis:service=RaftServer,group=group-054C9C7BE8B6,id=95d41743-cdf0-4105-938b-93fe980aeffc
2025-09-07 09:44:03,777 [95d41743-cdf0-4105-938b-93fe980aeffc-groupManagement] INFO  server.RaftServer$Division (RaftServerImpl.java:start(419)) - 95d41743-cdf0-4105-938b-93fe980aeffc@group-054C9C7BE8B6: Successfully started.
2025-09-07 09:44:03,778 [95d41743-cdf0-4105-938b-93fe980aeffc-PipelineCommandHandlerThread-0] INFO  ratis.XceiverServerRatis (XceiverServerRatis.java:addGroup(846)) - Created group Pipeline-2c858840-64f0-47f7-8b6a-054c9c7be8b6
2025-09-07 09:44:03,778 [95d41743-cdf0-4105-938b-93fe980aeffc-PipelineCommandHandlerThread-0] INFO  commandhandler.CreatePipelineCommandHandler (CreatePipelineCommandHandler.java:lambda$handle$2(127)) - Created Pipeline RATIS ONE Pipeline-2c858840-64f0-47f7-8b6a-054c9c7be8b6.
2025-09-07 09:44:03,778 [95d41743-cdf0-4105-938b-93fe980aeffc-PipelineCommandHandlerThread-0] INFO  server.RaftServer (RaftServerProxy.java:addNew(105)) - 95d41743-cdf0-4105-938b-93fe980aeffc: addNew group-DDE89B3F2AFE:[95d41743-cdf0-4105-938b-93fe980aeffc|127.0.0.1:15031, 8500c972-c6d1-4433-9d49-a8e3bb920002|127.0.0.1:15023, ff2509eb-55dd-4ad3-b532-83d6209e1a92|127.0.0.1:15015] returns group-DDE89B3F2AFE:java.util.concurrent.CompletableFuture@169a417a[Not completed]
2025-09-07 09:44:03,780 [95d41743-cdf0-4105-938b-93fe980aeffc-groupManagement] INFO  server.RaftServer$Division (RaftServerImpl.java:<init>(268)) - 95d41743-cdf0-4105-938b-93fe980aeffc: new RaftServerImpl for group-DDE89B3F2AFE:[95d41743-cdf0-4105-938b-93fe980aeffc|127.0.0.1:15031, 8500c972-c6d1-4433-9d49-a8e3bb920002|127.0.0.1:15023, ff2509eb-55dd-4ad3-b532-83d6209e1a92|127.0.0.1:15015] with ContainerStateMachine:uninitialized
2025-09-07 09:44:03,780 [95d41743-cdf0-4105-938b-93fe980aeffc-groupManagement] INFO  server.RaftServer$Division (ServerState.java:<init>(114)) - 95d41743-cdf0-4105-938b-93fe980aeffc@group-DDE89B3F2AFE: ConfigurationManager, init=conf: {index: -1, cur=peers:[95d41743-cdf0-4105-938b-93fe980aeffc|127.0.0.1:15031, 8500c972-c6d1-4433-9d49-a8e3bb920002|127.0.0.1:15023, ff2509eb-55dd-4ad3-b532-83d6209e1a92|127.0.0.1:15015]|listeners:[], old=null}, confs=<EMPTY_MAP>
2025-09-07 09:44:03,787 [95d41743-cdf0-4105-938b-93fe980aeffc-groupManagement] INFO  storage.RaftStorageDirectory (RaftStorageDirectoryImpl.java:analyzeStorage(138)) - The storage directory /home/runner/work/ozone/ozone/hadoop-ozone/integration-test/target/test-dir/MiniOzoneClusterImpl-023d5a78-e64c-43f3-a4d9-6f7884931d6c/ozone-metadata/datanode-3/ratis/3adef986-442f-409a-a79f-dde89b3f2afe does not exist. Creating ...
2025-09-07 09:44:03,788 [95d41743-cdf0-4105-938b-93fe980aeffc-groupManagement] INFO  storage.RaftStorageDirectory (RaftStorageDirectoryImpl.java:tryLock(229)) - Lock on /home/runner/work/ozone/ozone/hadoop-ozone/integration-test/target/test-dir/MiniOzoneClusterImpl-023d5a78-e64c-43f3-a4d9-6f7884931d6c/ozone-metadata/datanode-3/ratis/3adef986-442f-409a-a79f-dde89b3f2afe/in_use.lock acquired by nodename 23079@localhost
2025-09-07 09:44:03,789 [95d41743-cdf0-4105-938b-93fe980aeffc-groupManagement] INFO  storage.RaftStorage (RaftStorageImpl.java:format(98)) - Storage directory /home/runner/work/ozone/ozone/hadoop-ozone/integration-test/target/test-dir/MiniOzoneClusterImpl-023d5a78-e64c-43f3-a4d9-6f7884931d6c/ozone-metadata/datanode-3/ratis/3adef986-442f-409a-a79f-dde89b3f2afe has been successfully formatted.
2025-09-07 09:44:03,789 [95d41743-cdf0-4105-938b-93fe980aeffc-groupManagement] INFO  ratis.ContainerStateMachine (ContainerStateMachine.java:initialize(339)) - 95d41743-cdf0-4105-938b-93fe980aeffc: initialize group-DDE89B3F2AFE
2025-09-07 09:44:03,790 [95d41743-cdf0-4105-938b-93fe980aeffc-groupManagement] INFO  ratis.ContainerStateMachine (ContainerStateMachine.java:loadSnapshot(347)) - group-DDE89B3F2AFE: The snapshot info is null. Setting the last applied index to:<INITIAL_VALUE>
2025-09-07 09:44:03,790 [95d41743-cdf0-4105-938b-93fe980aeffc-groupManagement] INFO  server.RaftServerConfigKeys (ConfUtils.java:logGet(62)) - raft.server.log.appender.buffer.byte-limit = 33554432 (custom)
2025-09-07 09:44:03,791 [EventQueue-PipelineReportForOneReplicaPipelineSafeModeRule] INFO  safemode.SCMSafeModeManager (SCMSafeModeManager.java:validateSafeModeExitRules(138)) - AtleastOneDatanodeReportedRule rule is successfully validated
2025-09-07 09:44:03,793 [95d41743-cdf0-4105-938b-93fe980aeffc-groupManagement] INFO  server.RaftServerConfigKeys (ConfUtils.java:logGet(62)) - raft.server.log.segment.size.max = 67108864 (custom)
2025-09-07 09:44:03,793 [95d41743-cdf0-4105-938b-93fe980aeffc-groupManagement] INFO  server.RaftServerConfigKeys (ConfUtils.java:logGet(62)) - raft.server.log.appender.buffer.byte-limit = 33554432 (custom)
2025-09-07 09:44:03,794 [95d41743-cdf0-4105-938b-93fe980aeffc-groupManagement] INFO  util.AwaitToRun (AwaitToRun.java:start(81)) - Thread[#1193,95d41743-cdf0-4105-938b-93fe980aeffc@group-DDE89B3F2AFE-cacheEviction-AwaitToRun,5,main] started
2025-09-07 09:44:03,794 [95d41743-cdf0-4105-938b-93fe980aeffc-groupManagement] INFO  segmented.SegmentedRaftLogWorker (SegmentedRaftLogWorker.java:<init>(190)) - new 95d41743-cdf0-4105-938b-93fe980aeffc@group-DDE89B3F2AFE-SegmentedRaftLogWorker for RaftStorageImpl:Storage Directory /home/runner/work/ozone/ozone/hadoop-ozone/integration-test/target/test-dir/MiniOzoneClusterImpl-023d5a78-e64c-43f3-a4d9-6f7884931d6c/ozone-metadata/datanode-3/ratis/3adef986-442f-409a-a79f-dde89b3f2afe
2025-09-07 09:44:03,794 [95d41743-cdf0-4105-938b-93fe980aeffc-groupManagement] INFO  server.RaftServerConfigKeys (ConfUtils.java:logGet(62)) - raft.server.log.queue.byte-limit = 4294967296 (custom)
2025-09-07 09:44:03,794 [95d41743-cdf0-4105-938b-93fe980aeffc-groupManagement] INFO  server.RaftServerConfigKeys (ConfUtils.java:logGet(62)) - raft.server.log.segment.size.max = 67108864 (custom)
2025-09-07 09:44:03,794 [95d41743-cdf0-4105-938b-93fe980aeffc-groupManagement] INFO  server.RaftServerConfigKeys (ConfUtils.java:logGet(62)) - raft.server.log.preallocated.size = 4194304 (custom)
2025-09-07 09:44:03,795 [95d41743-cdf0-4105-938b-93fe980aeffc-groupManagement] INFO  server.RaftServerConfigKeys (ConfUtils.java:logGet(62)) - raft.server.log.write.buffer.size = 33554440 (custom)
2025-09-07 09:44:03,800 [95d41743-cdf0-4105-938b-93fe980aeffc-groupManagement] INFO  server.RaftServerConfigKeys (ConfUtils.java:logGet(62)) - raft.server.log.appender.buffer.byte-limit = 33554432 (custom)
2025-09-07 09:44:03,801 [95d41743-cdf0-4105-938b-93fe980aeffc-groupManagement] INFO  segmented.SegmentedRaftLogWorker (SegmentedRaftLogWorker.java:lambda$new$0(141)) - 95d41743-cdf0-4105-938b-93fe980aeffc@group-DDE89B3F2AFE-SegmentedRaftLogWorker: flushIndex: setUnconditionally 0 -> -1
2025-09-07 09:44:03,801 [95d41743-cdf0-4105-938b-93fe980aeffc-groupManagement] INFO  segmented.SegmentedRaftLogWorker (SegmentedRaftLogWorker.java:lambda$new$0(141)) - 95d41743-cdf0-4105-938b-93fe980aeffc@group-DDE89B3F2AFE-SegmentedRaftLogWorker: safeCacheEvictIndex: setUnconditionally 0 -> -1
2025-09-07 09:44:03,801 [95d41743-cdf0-4105-938b-93fe980aeffc-groupManagement] INFO  server.RaftServer$Division (RaftServerImpl.java:start(405)) - 95d41743-cdf0-4105-938b-93fe980aeffc@group-DDE89B3F2AFE: start as a follower, conf=conf: {index: -1, cur=peers:[95d41743-cdf0-4105-938b-93fe980aeffc|127.0.0.1:15031, 8500c972-c6d1-4433-9d49-a8e3bb920002|127.0.0.1:15023, ff2509eb-55dd-4ad3-b532-83d6209e1a92|127.0.0.1:15015]|listeners:[], old=null}
2025-09-07 09:44:03,801 [95d41743-cdf0-4105-938b-93fe980aeffc-groupManagement] INFO  server.RaftServer$Division (RaftServerImpl.java:setRole(392)) - 95d41743-cdf0-4105-938b-93fe980aeffc@group-DDE89B3F2AFE: changes role from      null to FOLLOWER at term 0 for startAsFollower
2025-09-07 09:44:03,801 [95d41743-cdf0-4105-938b-93fe980aeffc-groupManagement] INFO  impl.RoleInfo (RoleInfo.java:updateAndGet(148)) - 95d41743-cdf0-4105-938b-93fe980aeffc: start 95d41743-cdf0-4105-938b-93fe980aeffc@group-DDE89B3F2AFE-FollowerState
2025-09-07 09:44:03,802 [95d41743-cdf0-4105-938b-93fe980aeffc-groupManagement] INFO  util.JmxRegister (JmxRegister.java:tryRegister(44)) - Successfully registered JMX Bean with object name Ratis:service=RaftServer,group=group-DDE89B3F2AFE,id=95d41743-cdf0-4105-938b-93fe980aeffc
2025-09-07 09:44:03,802 [95d41743-cdf0-4105-938b-93fe980aeffc-groupManagement] INFO  util.JmxRegister (JmxRegister.java:register(58)) - register mxBean class org.apache.ratis.server.impl.RaftServerJmxAdapter as Ratis:service=RaftServer,group=group-DDE89B3F2AFE,id=95d41743-cdf0-4105-938b-93fe980aeffc
2025-09-07 09:44:03,803 [95d41743-cdf0-4105-938b-93fe980aeffc-groupManagement] INFO  server.RaftServer$Division (RaftServerImpl.java:start(419)) - 95d41743-cdf0-4105-938b-93fe980aeffc@group-DDE89B3F2AFE: Successfully started.
2025-09-07 09:44:03,803 [95d41743-cdf0-4105-938b-93fe980aeffc-PipelineCommandHandlerThread-0] INFO  ratis.XceiverServerRatis (XceiverServerRatis.java:addGroup(846)) - Created group Pipeline-3adef986-442f-409a-a79f-dde89b3f2afe
2025-09-07 09:44:03,824 [IPC Server handler 6 on default port 15002] INFO  net.NetworkTopologyImpl (NetworkTopologyImpl.java:add(133)) - Added a new node: /rack1/4c7984b5-42f1-4e4b-a334-601f88f38b33
2025-09-07 09:44:03,825 [IPC Server handler 6 on default port 15002] INFO  node.SCMNodeManager (SCMNodeManager.java:register(423)) - Registered datanode: 4c7984b5-42f1-4e4b-a334-601f88f38b33{ip: 127.0.0.1, host: localhost, ports: [HTTP=15074, CLIENT_RPC=15075, REPLICATION=15081, RATIS=15077, RATIS_ADMIN=15078, RATIS_SERVER=15079, RATIS_DATASTREAM=15080, STANDALONE=15076], networkLocation: /rack1, certSerialId: null, persistedOpState: null, persistedOpStateExpiryEpochSec: 0}
2025-09-07 09:44:03,826 [EventQueue-NodeRegistrationContainerReportForDataNodeSafeModeRule] INFO  safemode.SCMSafeModeManager (SCMSafeModeManager.java:validateSafeModeExitRules(138)) - DataNodeSafeModeRule rule is successfully validated
2025-09-07 09:44:03,826 [EventQueue-PipelineReportForOneReplicaPipelineSafeModeRule] INFO  safemode.SCMSafeModeManager (SCMSafeModeManager.java:validateSafeModeExitRules(138)) - AtleastOneDatanodeReportedRule rule is successfully validated
2025-09-07 09:44:03,826 [EventQueue-NewNodeForNewNodeHandler] INFO  pipeline.BackgroundPipelineCreator (BackgroundPipelineCreator.java:notifyEventTriggered(290)) - trigger a one-shot run on RatisPipelineUtilsThread.
2025-09-07 09:44:03,827 [EventQueue-ContainerRegistrationReportForECContainerSafeModeRule] INFO  safemode.SCMSafeModeManager (SCMSafeModeManager.java:validateSafeModeExitRules(138)) - ECContainerSafeModeRule rule is successfully validated
2025-09-07 09:44:03,827 [EventQueue-ContainerRegistrationReportForRatisContainerSafeModeRule] INFO  safemode.SCMSafeModeManager (SCMSafeModeManager.java:validateSafeModeExitRules(138)) - RatisContainerSafeModeRule rule is successfully validated
2025-09-07 09:44:03,827 [RatisPipelineUtilsThread-0] INFO  pipeline.RatisPipelineProvider (RatisPipelineProvider.java:lambda$create$0(208)) - Sending CreatePipelineCommand for pipeline:Pipeline-5553b1e0-63fd-431b-a529-729ac8688bc2 to datanode:4c7984b5-42f1-4e4b-a334-601f88f38b33(localhost/127.0.0.1)
2025-09-07 09:44:03,831 [a68d7e4a-8be2-4109-84e0-ed7537249ab2@group-6F7884931D6C-StateMachineUpdater] INFO  safemode.SCMSafeModeManager (SCMSafeModeManager.java:validateSafeModeExitRules(138)) - DataNodeSafeModeRule rule is successfully validated
2025-09-07 09:44:03,831 [a68d7e4a-8be2-4109-84e0-ed7537249ab2@group-6F7884931D6C-StateMachineUpdater] INFO  safemode.SCMSafeModeManager (SCMSafeModeManager.java:validateSafeModeExitRules(138)) - RatisContainerSafeModeRule rule is successfully validated
2025-09-07 09:44:03,831 [a68d7e4a-8be2-4109-84e0-ed7537249ab2@group-6F7884931D6C-StateMachineUpdater] INFO  safemode.HealthyPipelineSafeModeRule (HealthyPipelineSafeModeRule.java:initializeRule(228)) - Refreshed total pipeline count is 0, healthy pipeline threshold count is 1
2025-09-07 09:44:03,832 [a68d7e4a-8be2-4109-84e0-ed7537249ab2@group-6F7884931D6C-StateMachineUpdater] INFO  safemode.SCMSafeModeManager (SCMSafeModeManager.java:validateSafeModeExitRules(138)) - ECContainerSafeModeRule rule is successfully validated
2025-09-07 09:44:03,832 [a68d7e4a-8be2-4109-84e0-ed7537249ab2@group-6F7884931D6C-StateMachineUpdater] INFO  safemode.SCMSafeModeManager (SCMSafeModeManager.java:validateSafeModeExitRules(138)) - AtleastOneDatanodeReportedRule rule is successfully validated
2025-09-07 09:44:03,832 [RatisPipelineUtilsThread-0] INFO  pipeline.BackgroundPipelineCreator (BackgroundPipelineCreator.java:createPipelines(246)) - Created new pipeline Pipeline{ Id: 5553b1e0-63fd-431b-a529-729ac8688bc2, Nodes: [ {4c7984b5-42f1-4e4b-a334-601f88f38b33(localhost/127.0.0.1), ReplicaIndex: 0},], ReplicationConfig: RATIS/ONE, State:ALLOCATED, leaderId:, CreationTimestamp2025-09-07T09:44:03.827895761Z[Etc/UTC]}
2025-09-07 09:44:03,833 [RatisPipelineUtilsThread-0] INFO  pipeline.RatisPipelineProvider (RatisPipelineProvider.java:lambda$create$0(208)) - Sending CreatePipelineCommand for pipeline:Pipeline-00271ae9-8e75-458f-be58-af0cbe3d3eb0 to datanode:486fef96-c6ec-41d9-a4ca-7ebb3d261081(localhost/127.0.0.1)
2025-09-07 09:44:03,833 [RatisPipelineUtilsThread-0] INFO  pipeline.RatisPipelineProvider (RatisPipelineProvider.java:lambda$create$0(208)) - Sending CreatePipelineCommand for pipeline:Pipeline-00271ae9-8e75-458f-be58-af0cbe3d3eb0 to datanode:c7c0d573-77b1-47db-b09e-d84959a4a43f(localhost/127.0.0.1)
2025-09-07 09:44:03,834 [RatisPipelineUtilsThread-0] INFO  pipeline.RatisPipelineProvider (RatisPipelineProvider.java:lambda$create$0(208)) - Sending CreatePipelineCommand for pipeline:Pipeline-00271ae9-8e75-458f-be58-af0cbe3d3eb0 to datanode:4c7984b5-42f1-4e4b-a334-601f88f38b33(localhost/127.0.0.1)
2025-09-07 09:44:03,836 [a68d7e4a-8be2-4109-84e0-ed7537249ab2@group-6F7884931D6C-StateMachineUpdater] INFO  safemode.SCMSafeModeManager (SCMSafeModeManager.java:validateSafeModeExitRules(138)) - DataNodeSafeModeRule rule is successfully validated
2025-09-07 09:44:03,836 [a68d7e4a-8be2-4109-84e0-ed7537249ab2@group-6F7884931D6C-StateMachineUpdater] INFO  safemode.SCMSafeModeManager (SCMSafeModeManager.java:validateSafeModeExitRules(138)) - RatisContainerSafeModeRule rule is successfully validated
2025-09-07 09:44:03,836 [a68d7e4a-8be2-4109-84e0-ed7537249ab2@group-6F7884931D6C-StateMachineUpdater] INFO  safemode.HealthyPipelineSafeModeRule (HealthyPipelineSafeModeRule.java:initializeRule(228)) - Refreshed total pipeline count is 0, healthy pipeline threshold count is 1
2025-09-07 09:44:03,836 [a68d7e4a-8be2-4109-84e0-ed7537249ab2@group-6F7884931D6C-StateMachineUpdater] INFO  safemode.SCMSafeModeManager (SCMSafeModeManager.java:validateSafeModeExitRules(138)) - ECContainerSafeModeRule rule is successfully validated
2025-09-07 09:44:03,836 [a68d7e4a-8be2-4109-84e0-ed7537249ab2@group-6F7884931D6C-StateMachineUpdater] INFO  safemode.SCMSafeModeManager (SCMSafeModeManager.java:validateSafeModeExitRules(138)) - AtleastOneDatanodeReportedRule rule is successfully validated
2025-09-07 09:44:03,837 [RatisPipelineUtilsThread-0] INFO  pipeline.BackgroundPipelineCreator (BackgroundPipelineCreator.java:createPipelines(246)) - Created new pipeline Pipeline{ Id: 00271ae9-8e75-458f-be58-af0cbe3d3eb0, Nodes: [ {486fef96-c6ec-41d9-a4ca-7ebb3d261081(localhost/127.0.0.1), ReplicaIndex: 0}, {c7c0d573-77b1-47db-b09e-d84959a4a43f(localhost/127.0.0.1), ReplicaIndex: 0}, {4c7984b5-42f1-4e4b-a334-601f88f38b33(localhost/127.0.0.1), ReplicaIndex: 0},], ReplicationConfig: RATIS/THREE, State:ALLOCATED, leaderId:, CreationTimestamp2025-09-07T09:44:03.833748247Z[Etc/UTC]}
2025-09-07 09:44:03,838 [RatisPipelineUtilsThread-0] INFO  pipeline.RatisPipelineProvider (RatisPipelineProvider.java:lambda$create$0(208)) - Sending CreatePipelineCommand for pipeline:Pipeline-c966e9dd-f994-4bc9-96f7-7a90e47a063c to datanode:486fef96-c6ec-41d9-a4ca-7ebb3d261081(localhost/127.0.0.1)
2025-09-07 09:44:03,838 [RatisPipelineUtilsThread-0] INFO  pipeline.RatisPipelineProvider (RatisPipelineProvider.java:lambda$create$0(208)) - Sending CreatePipelineCommand for pipeline:Pipeline-c966e9dd-f994-4bc9-96f7-7a90e47a063c to datanode:4c7984b5-42f1-4e4b-a334-601f88f38b33(localhost/127.0.0.1)
2025-09-07 09:44:03,839 [RatisPipelineUtilsThread-0] INFO  pipeline.RatisPipelineProvider (RatisPipelineProvider.java:lambda$create$0(208)) - Sending CreatePipelineCommand for pipeline:Pipeline-c966e9dd-f994-4bc9-96f7-7a90e47a063c to datanode:c7c0d573-77b1-47db-b09e-d84959a4a43f(localhost/127.0.0.1)
2025-09-07 09:44:03,845 [a68d7e4a-8be2-4109-84e0-ed7537249ab2@group-6F7884931D6C-StateMachineUpdater] INFO  safemode.SCMSafeModeManager (SCMSafeModeManager.java:validateSafeModeExitRules(138)) - DataNodeSafeModeRule rule is successfully validated
2025-09-07 09:44:03,845 [a68d7e4a-8be2-4109-84e0-ed7537249ab2@group-6F7884931D6C-StateMachineUpdater] INFO  safemode.SCMSafeModeManager (SCMSafeModeManager.java:validateSafeModeExitRules(138)) - RatisContainerSafeModeRule rule is successfully validated
2025-09-07 09:44:03,845 [a68d7e4a-8be2-4109-84e0-ed7537249ab2@group-6F7884931D6C-StateMachineUpdater] INFO  safemode.HealthyPipelineSafeModeRule (HealthyPipelineSafeModeRule.java:initializeRule(228)) - Refreshed total pipeline count is 0, healthy pipeline threshold count is 1
2025-09-07 09:44:03,845 [a68d7e4a-8be2-4109-84e0-ed7537249ab2@group-6F7884931D6C-StateMachineUpdater] INFO  safemode.SCMSafeModeManager (SCMSafeModeManager.java:validateSafeModeExitRules(138)) - ECContainerSafeModeRule rule is successfully validated
2025-09-07 09:44:03,845 [a68d7e4a-8be2-4109-84e0-ed7537249ab2@group-6F7884931D6C-StateMachineUpdater] INFO  safemode.SCMSafeModeManager (SCMSafeModeManager.java:validateSafeModeExitRules(138)) - AtleastOneDatanodeReportedRule rule is successfully validated
2025-09-07 09:44:03,845 [RatisPipelineUtilsThread-0] INFO  pipeline.PipelineManagerImpl (PipelineManagerImpl.java:recordMetricsForPipeline(922)) - Pipeline-c966e9dd-f994-4bc9-96f7-7a90e47a063c and Pipeline-00271ae9-8e75-458f-be58-af0cbe3d3eb0 have exactly the same set of datanodes: [486fef96-c6ec-41d9-a4ca-7ebb3d261081(localhost/127.0.0.1), 4c7984b5-42f1-4e4b-a334-601f88f38b33(localhost/127.0.0.1), c7c0d573-77b1-47db-b09e-d84959a4a43f(localhost/127.0.0.1)]
2025-09-07 09:44:03,845 [RatisPipelineUtilsThread-0] INFO  pipeline.BackgroundPipelineCreator (BackgroundPipelineCreator.java:createPipelines(246)) - Created new pipeline Pipeline{ Id: c966e9dd-f994-4bc9-96f7-7a90e47a063c, Nodes: [ {486fef96-c6ec-41d9-a4ca-7ebb3d261081(localhost/127.0.0.1), ReplicaIndex: 0}, {4c7984b5-42f1-4e4b-a334-601f88f38b33(localhost/127.0.0.1), ReplicaIndex: 0}, {c7c0d573-77b1-47db-b09e-d84959a4a43f(localhost/127.0.0.1), ReplicaIndex: 0},], ReplicationConfig: RATIS/THREE, State:ALLOCATED, leaderId:, CreationTimestamp2025-09-07T09:44:03.838465896Z[Etc/UTC]}
2025-09-07 09:44:03,849 [grpc-default-executor-0] INFO  server.RaftServer (RaftServerProxy.java:addNew(105)) - ff2509eb-55dd-4ad3-b532-83d6209e1a92: addNew group-DDE89B3F2AFE:[95d41743-cdf0-4105-938b-93fe980aeffc|127.0.0.1:15031, 8500c972-c6d1-4433-9d49-a8e3bb920002|127.0.0.1:15023, ff2509eb-55dd-4ad3-b532-83d6209e1a92|127.0.0.1:15015] returns group-DDE89B3F2AFE:java.util.concurrent.CompletableFuture@2cb1d07e[Not completed]
2025-09-07 09:44:03,851 [grpc-default-executor-1] WARN  server.GrpcAdminProtocolService (GrpcAdminProtocolService.java:lambda$groupManagement$1(53)) - Failed groupManagement: GROUPADD, GroupManagementRequest:client-7E363FB2E241->ff2509eb-55dd-4ad3-b532-83d6209e1a92@group-DDE89B3F2AFE, cid=1, seq=null, RW, null, Add:group-DDE89B3F2AFE:[95d41743-cdf0-4105-938b-93fe980aeffc|127.0.0.1:15031, 8500c972-c6d1-4433-9d49-a8e3bb920002|127.0.0.1:15023, ff2509eb-55dd-4ad3-b532-83d6209e1a92|127.0.0.1:15015]
java.util.concurrent.CompletionException: org.apache.ratis.protocol.exceptions.AlreadyExistsException: ff2509eb-55dd-4ad3-b532-83d6209e1a92: Failed to add group-DDE89B3F2AFE:[95d41743-cdf0-4105-938b-93fe980aeffc|127.0.0.1:15031, 8500c972-c6d1-4433-9d49-a8e3bb920002|127.0.0.1:15023, ff2509eb-55dd-4ad3-b532-83d6209e1a92|127.0.0.1:15015] since the group already exists in the map.
	at java.base/java.util.concurrent.CompletableFuture.encodeThrowable(CompletableFuture.java:332)
	at java.base/java.util.concurrent.CompletableFuture.uniApplyNow(CompletableFuture.java:674)
	at java.base/java.util.concurrent.CompletableFuture.uniApplyStage(CompletableFuture.java:662)
	at java.base/java.util.concurrent.CompletableFuture.thenApplyAsync(CompletableFuture.java:2210)
	at org.apache.ratis.server.impl.RaftServerProxy.groupAddAsync(RaftServerProxy.java:513)
	at org.apache.ratis.server.impl.RaftServerProxy.groupManagementAsync(RaftServerProxy.java:495)
	at org.apache.ratis.grpc.server.GrpcAdminProtocolService.lambda$groupManagement$0(GrpcAdminProtocolService.java:51)
	at org.apache.ratis.grpc.GrpcUtil.asyncCall(GrpcUtil.java:172)
	at org.apache.ratis.grpc.server.GrpcAdminProtocolService.groupManagement(GrpcAdminProtocolService.java:51)
	at org.apache.ratis.proto.grpc.AdminProtocolServiceGrpc$MethodHandlers.invoke(AdminProtocolServiceGrpc.java:701)
	at org.apache.ratis.thirdparty.io.grpc.stub.ServerCalls$UnaryServerCallHandler$UnaryServerCallListener.onHalfClose(ServerCalls.java:182)
	at org.apache.ratis.thirdparty.io.grpc.internal.ServerCallImpl$ServerStreamListenerImpl.halfClosed(ServerCallImpl.java:356)
	at org.apache.ratis.thirdparty.io.grpc.internal.ServerImpl$JumpToApplicationThreadServerStreamListener$1HalfClosed.runInContext(ServerImpl.java:861)
	at org.apache.ratis.thirdparty.io.grpc.internal.ContextRunnable.run(ContextRunnable.java:37)
	at org.apache.ratis.thirdparty.io.grpc.internal.SerializingExecutor.run(SerializingExecutor.java:133)
	at java.base/java.util.concurrent.ThreadPoolExecutor.runWorker(ThreadPoolExecutor.java:1144)
	at java.base/java.util.concurrent.ThreadPoolExecutor$Worker.run(ThreadPoolExecutor.java:642)
	at java.base/java.lang.Thread.run(Thread.java:1583)
Caused by: org.apache.ratis.protocol.exceptions.AlreadyExistsException: ff2509eb-55dd-4ad3-b532-83d6209e1a92: Failed to add group-DDE89B3F2AFE:[95d41743-cdf0-4105-938b-93fe980aeffc|127.0.0.1:15031, 8500c972-c6d1-4433-9d49-a8e3bb920002|127.0.0.1:15023, ff2509eb-55dd-4ad3-b532-83d6209e1a92|127.0.0.1:15015] since the group already exists in the map.
	at org.apache.ratis.server.impl.RaftServerProxy$ImplMap.addNew(RaftServerProxy.java:99)
	at org.apache.ratis.server.impl.RaftServerProxy.groupAddAsync(RaftServerProxy.java:512)
	... 13 more
2025-09-07 09:44:03,853 [ff2509eb-55dd-4ad3-b532-83d6209e1a92-groupManagement] INFO  server.RaftServer$Division (RaftServerImpl.java:<init>(268)) - ff2509eb-55dd-4ad3-b532-83d6209e1a92: new RaftServerImpl for group-DDE89B3F2AFE:[95d41743-cdf0-4105-938b-93fe980aeffc|127.0.0.1:15031, 8500c972-c6d1-4433-9d49-a8e3bb920002|127.0.0.1:15023, ff2509eb-55dd-4ad3-b532-83d6209e1a92|127.0.0.1:15015] with ContainerStateMachine:uninitialized
2025-09-07 09:44:03,853 [ff2509eb-55dd-4ad3-b532-83d6209e1a92-groupManagement] INFO  server.RaftServer$Division (ServerState.java:<init>(114)) - ff2509eb-55dd-4ad3-b532-83d6209e1a92@group-DDE89B3F2AFE: ConfigurationManager, init=conf: {index: -1, cur=peers:[95d41743-cdf0-4105-938b-93fe980aeffc|127.0.0.1:15031, 8500c972-c6d1-4433-9d49-a8e3bb920002|127.0.0.1:15023, ff2509eb-55dd-4ad3-b532-83d6209e1a92|127.0.0.1:15015]|listeners:[], old=null}, confs=<EMPTY_MAP>
2025-09-07 09:44:03,862 [ff2509eb-55dd-4ad3-b532-83d6209e1a92-groupManagement] INFO  server.RaftServerConfigKeys (ConfUtils.java:logGet(62)) - raft.server.storage.dir = [/home/runner/work/ozone/ozone/hadoop-ozone/integration-test/target/test-dir/MiniOzoneClusterImpl-023d5a78-e64c-43f3-a4d9-6f7884931d6c/ozone-metadata/datanode-1/ratis] (custom)
2025-09-07 09:44:03,862 [ff2509eb-55dd-4ad3-b532-83d6209e1a92-groupManagement] INFO  storage.RaftStorageDirectory (RaftStorageDirectoryImpl.java:analyzeStorage(138)) - The storage directory /home/runner/work/ozone/ozone/hadoop-ozone/integration-test/target/test-dir/MiniOzoneClusterImpl-023d5a78-e64c-43f3-a4d9-6f7884931d6c/ozone-metadata/datanode-1/ratis/3adef986-442f-409a-a79f-dde89b3f2afe does not exist. Creating ...
2025-09-07 09:44:03,868 [ff2509eb-55dd-4ad3-b532-83d6209e1a92-groupManagement] INFO  storage.RaftStorageDirectory (RaftStorageDirectoryImpl.java:tryLock(229)) - Lock on /home/runner/work/ozone/ozone/hadoop-ozone/integration-test/target/test-dir/MiniOzoneClusterImpl-023d5a78-e64c-43f3-a4d9-6f7884931d6c/ozone-metadata/datanode-1/ratis/3adef986-442f-409a-a79f-dde89b3f2afe/in_use.lock acquired by nodename 23079@localhost
2025-09-07 09:44:03,871 [ff2509eb-55dd-4ad3-b532-83d6209e1a92-groupManagement] INFO  storage.RaftStorage (RaftStorageImpl.java:format(98)) - Storage directory /home/runner/work/ozone/ozone/hadoop-ozone/integration-test/target/test-dir/MiniOzoneClusterImpl-023d5a78-e64c-43f3-a4d9-6f7884931d6c/ozone-metadata/datanode-1/ratis/3adef986-442f-409a-a79f-dde89b3f2afe has been successfully formatted.
2025-09-07 09:44:03,872 [ff2509eb-55dd-4ad3-b532-83d6209e1a92-groupManagement] INFO  ratis.ContainerStateMachine (ContainerStateMachine.java:initialize(339)) - ff2509eb-55dd-4ad3-b532-83d6209e1a92: initialize group-DDE89B3F2AFE
2025-09-07 09:44:03,872 [ff2509eb-55dd-4ad3-b532-83d6209e1a92-groupManagement] INFO  ratis.ContainerStateMachine (ContainerStateMachine.java:loadSnapshot(347)) - group-DDE89B3F2AFE: The snapshot info is null. Setting the last applied index to:<INITIAL_VALUE>
2025-09-07 09:44:03,872 [ff2509eb-55dd-4ad3-b532-83d6209e1a92-groupManagement] INFO  server.RaftServerConfigKeys (ConfUtils.java:logGet(62)) - raft.server.log.appender.buffer.byte-limit = 33554432 (custom)
2025-09-07 09:44:03,875 [EventQueue-PipelineReportForOneReplicaPipelineSafeModeRule] INFO  safemode.SCMSafeModeManager (SCMSafeModeManager.java:validateSafeModeExitRules(138)) - AtleastOneDatanodeReportedRule rule is successfully validated
2025-09-07 09:44:03,877 [ff2509eb-55dd-4ad3-b532-83d6209e1a92-groupManagement] INFO  server.RaftServerConfigKeys (ConfUtils.java:logGet(62)) - raft.server.log.segment.size.max = 67108864 (custom)
2025-09-07 09:44:03,878 [ff2509eb-55dd-4ad3-b532-83d6209e1a92-groupManagement] INFO  server.RaftServerConfigKeys (ConfUtils.java:logGet(62)) - raft.server.log.appender.buffer.byte-limit = 33554432 (custom)
2025-09-07 09:44:03,879 [ff2509eb-55dd-4ad3-b532-83d6209e1a92-groupManagement] INFO  util.AwaitToRun (AwaitToRun.java:start(81)) - Thread[#1199,ff2509eb-55dd-4ad3-b532-83d6209e1a92@group-DDE89B3F2AFE-cacheEviction-AwaitToRun,5,main] started
2025-09-07 09:44:03,879 [ff2509eb-55dd-4ad3-b532-83d6209e1a92-groupManagement] INFO  segmented.SegmentedRaftLogWorker (SegmentedRaftLogWorker.java:<init>(190)) - new ff2509eb-55dd-4ad3-b532-83d6209e1a92@group-DDE89B3F2AFE-SegmentedRaftLogWorker for RaftStorageImpl:Storage Directory /home/runner/work/ozone/ozone/hadoop-ozone/integration-test/target/test-dir/MiniOzoneClusterImpl-023d5a78-e64c-43f3-a4d9-6f7884931d6c/ozone-metadata/datanode-1/ratis/3adef986-442f-409a-a79f-dde89b3f2afe
2025-09-07 09:44:03,880 [ff2509eb-55dd-4ad3-b532-83d6209e1a92-groupManagement] INFO  server.RaftServerConfigKeys (ConfUtils.java:logGet(62)) - raft.server.log.queue.byte-limit = 4294967296 (custom)
2025-09-07 09:44:03,880 [ff2509eb-55dd-4ad3-b532-83d6209e1a92-groupManagement] INFO  server.RaftServerConfigKeys (ConfUtils.java:logGet(62)) - raft.server.log.segment.size.max = 67108864 (custom)
2025-09-07 09:44:03,880 [ff2509eb-55dd-4ad3-b532-83d6209e1a92-groupManagement] INFO  server.RaftServerConfigKeys (ConfUtils.java:logGet(62)) - raft.server.log.preallocated.size = 4194304 (custom)
2025-09-07 09:44:03,881 [ff2509eb-55dd-4ad3-b532-83d6209e1a92-groupManagement] INFO  server.RaftServerConfigKeys (ConfUtils.java:logGet(62)) - raft.server.log.write.buffer.size = 33554440 (custom)
2025-09-07 09:44:03,887 [ff2509eb-55dd-4ad3-b532-83d6209e1a92-groupManagement] INFO  server.RaftServerConfigKeys (ConfUtils.java:logGet(62)) - raft.server.log.appender.buffer.byte-limit = 33554432 (custom)
2025-09-07 09:44:03,888 [ff2509eb-55dd-4ad3-b532-83d6209e1a92-groupManagement] INFO  segmented.SegmentedRaftLogWorker (SegmentedRaftLogWorker.java:lambda$new$0(141)) - ff2509eb-55dd-4ad3-b532-83d6209e1a92@group-DDE89B3F2AFE-SegmentedRaftLogWorker: flushIndex: setUnconditionally 0 -> -1
2025-09-07 09:44:03,889 [ff2509eb-55dd-4ad3-b532-83d6209e1a92-groupManagement] INFO  segmented.SegmentedRaftLogWorker (SegmentedRaftLogWorker.java:lambda$new$0(141)) - ff2509eb-55dd-4ad3-b532-83d6209e1a92@group-DDE89B3F2AFE-SegmentedRaftLogWorker: safeCacheEvictIndex: setUnconditionally 0 -> -1
2025-09-07 09:44:03,890 [ff2509eb-55dd-4ad3-b532-83d6209e1a92-groupManagement] INFO  server.RaftServer$Division (RaftServerImpl.java:start(405)) - ff2509eb-55dd-4ad3-b532-83d6209e1a92@group-DDE89B3F2AFE: start as a follower, conf=conf: {index: -1, cur=peers:[95d41743-cdf0-4105-938b-93fe980aeffc|127.0.0.1:15031, 8500c972-c6d1-4433-9d49-a8e3bb920002|127.0.0.1:15023, ff2509eb-55dd-4ad3-b532-83d6209e1a92|127.0.0.1:15015]|listeners:[], old=null}
2025-09-07 09:44:03,890 [ff2509eb-55dd-4ad3-b532-83d6209e1a92-groupManagement] INFO  server.RaftServer$Division (RaftServerImpl.java:setRole(392)) - ff2509eb-55dd-4ad3-b532-83d6209e1a92@group-DDE89B3F2AFE: changes role from      null to FOLLOWER at term 0 for startAsFollower
2025-09-07 09:44:03,890 [ff2509eb-55dd-4ad3-b532-83d6209e1a92-groupManagement] INFO  impl.RoleInfo (RoleInfo.java:updateAndGet(148)) - ff2509eb-55dd-4ad3-b532-83d6209e1a92: start ff2509eb-55dd-4ad3-b532-83d6209e1a92@group-DDE89B3F2AFE-FollowerState
2025-09-07 09:44:03,891 [ff2509eb-55dd-4ad3-b532-83d6209e1a92-groupManagement] INFO  util.JmxRegister (JmxRegister.java:tryRegister(44)) - Successfully registered JMX Bean with object name Ratis:service=RaftServer,group=group-DDE89B3F2AFE,id=ff2509eb-55dd-4ad3-b532-83d6209e1a92
2025-09-07 09:44:03,891 [ff2509eb-55dd-4ad3-b532-83d6209e1a92-groupManagement] INFO  util.JmxRegister (JmxRegister.java:register(58)) - register mxBean class org.apache.ratis.server.impl.RaftServerJmxAdapter as Ratis:service=RaftServer,group=group-DDE89B3F2AFE,id=ff2509eb-55dd-4ad3-b532-83d6209e1a92
2025-09-07 09:44:03,893 [ff2509eb-55dd-4ad3-b532-83d6209e1a92-groupManagement] INFO  server.RaftServer$Division (RaftServerImpl.java:start(419)) - ff2509eb-55dd-4ad3-b532-83d6209e1a92@group-DDE89B3F2AFE: Successfully started.
2025-09-07 09:44:03,919 [grpc-default-executor-1] WARN  server.GrpcAdminProtocolService (GrpcAdminProtocolService.java:lambda$groupManagement$1(53)) - Failed groupManagement: GROUPADD, GroupManagementRequest:client-AF53E20FD9D7->95d41743-cdf0-4105-938b-93fe980aeffc@group-DDE89B3F2AFE, cid=3, seq=null, RW, null, Add:group-DDE89B3F2AFE:[95d41743-cdf0-4105-938b-93fe980aeffc|127.0.0.1:15031, 8500c972-c6d1-4433-9d49-a8e3bb920002|127.0.0.1:15023, ff2509eb-55dd-4ad3-b532-83d6209e1a92|127.0.0.1:15015]
java.util.concurrent.CompletionException: org.apache.ratis.protocol.exceptions.AlreadyExistsException: 95d41743-cdf0-4105-938b-93fe980aeffc: Failed to add group-DDE89B3F2AFE:[95d41743-cdf0-4105-938b-93fe980aeffc|127.0.0.1:15031, 8500c972-c6d1-4433-9d49-a8e3bb920002|127.0.0.1:15023, ff2509eb-55dd-4ad3-b532-83d6209e1a92|127.0.0.1:15015] since the group already exists in the map.
	at java.base/java.util.concurrent.CompletableFuture.encodeThrowable(CompletableFuture.java:332)
	at java.base/java.util.concurrent.CompletableFuture.uniApplyNow(CompletableFuture.java:674)
	at java.base/java.util.concurrent.CompletableFuture.uniApplyStage(CompletableFuture.java:662)
	at java.base/java.util.concurrent.CompletableFuture.thenApplyAsync(CompletableFuture.java:2210)
	at org.apache.ratis.server.impl.RaftServerProxy.groupAddAsync(RaftServerProxy.java:513)
	at org.apache.ratis.server.impl.RaftServerProxy.groupManagementAsync(RaftServerProxy.java:495)
	at org.apache.ratis.grpc.server.GrpcAdminProtocolService.lambda$groupManagement$0(GrpcAdminProtocolService.java:51)
	at org.apache.ratis.grpc.GrpcUtil.asyncCall(GrpcUtil.java:172)
	at org.apache.ratis.grpc.server.GrpcAdminProtocolService.groupManagement(GrpcAdminProtocolService.java:51)
	at org.apache.ratis.proto.grpc.AdminProtocolServiceGrpc$MethodHandlers.invoke(AdminProtocolServiceGrpc.java:701)
	at org.apache.ratis.thirdparty.io.grpc.stub.ServerCalls$UnaryServerCallHandler$UnaryServerCallListener.onHalfClose(ServerCalls.java:182)
	at org.apache.ratis.thirdparty.io.grpc.internal.ServerCallImpl$ServerStreamListenerImpl.halfClosed(ServerCallImpl.java:356)
	at org.apache.ratis.thirdparty.io.grpc.internal.ServerImpl$JumpToApplicationThreadServerStreamListener$1HalfClosed.runInContext(ServerImpl.java:861)
	at org.apache.ratis.thirdparty.io.grpc.internal.ContextRunnable.run(ContextRunnable.java:37)
	at org.apache.ratis.thirdparty.io.grpc.internal.SerializingExecutor.run(SerializingExecutor.java:133)
	at java.base/java.util.concurrent.ThreadPoolExecutor.runWorker(ThreadPoolExecutor.java:1144)
	at java.base/java.util.concurrent.ThreadPoolExecutor$Worker.run(ThreadPoolExecutor.java:642)
	at java.base/java.lang.Thread.run(Thread.java:1583)
Caused by: org.apache.ratis.protocol.exceptions.AlreadyExistsException: 95d41743-cdf0-4105-938b-93fe980aeffc: Failed to add group-DDE89B3F2AFE:[95d41743-cdf0-4105-938b-93fe980aeffc|127.0.0.1:15031, 8500c972-c6d1-4433-9d49-a8e3bb920002|127.0.0.1:15023, ff2509eb-55dd-4ad3-b532-83d6209e1a92|127.0.0.1:15015] since the group already exists in the map.
	at org.apache.ratis.server.impl.RaftServerProxy$ImplMap.addNew(RaftServerProxy.java:99)
	at org.apache.ratis.server.impl.RaftServerProxy.groupAddAsync(RaftServerProxy.java:512)
	... 13 more
2025-09-07 09:44:03,934 [8500c972-c6d1-4433-9d49-a8e3bb920002-PipelineCommandHandlerThread-0] INFO  commandhandler.CreatePipelineCommandHandler (CreatePipelineCommandHandler.java:lambda$handle$2(127)) - Created Pipeline RATIS THREE Pipeline-3adef986-442f-409a-a79f-dde89b3f2afe.
2025-09-07 09:44:03,935 [8500c972-c6d1-4433-9d49-a8e3bb920002-PipelineCommandHandlerThread-0] INFO  server.RaftServer (RaftServerProxy.java:addNew(105)) - 8500c972-c6d1-4433-9d49-a8e3bb920002: addNew group-77DC33C8A8CA:[95d41743-cdf0-4105-938b-93fe980aeffc|127.0.0.1:15031, 8500c972-c6d1-4433-9d49-a8e3bb920002|127.0.0.1:15023, ff2509eb-55dd-4ad3-b532-83d6209e1a92|127.0.0.1:15015] returns group-77DC33C8A8CA:java.util.concurrent.CompletableFuture@43e381bb[Not completed]
2025-09-07 09:44:03,937 [8500c972-c6d1-4433-9d49-a8e3bb920002-groupManagement] INFO  server.RaftServer$Division (RaftServerImpl.java:<init>(268)) - 8500c972-c6d1-4433-9d49-a8e3bb920002: new RaftServerImpl for group-77DC33C8A8CA:[95d41743-cdf0-4105-938b-93fe980aeffc|127.0.0.1:15031, 8500c972-c6d1-4433-9d49-a8e3bb920002|127.0.0.1:15023, ff2509eb-55dd-4ad3-b532-83d6209e1a92|127.0.0.1:15015] with ContainerStateMachine:uninitialized
2025-09-07 09:44:03,937 [8500c972-c6d1-4433-9d49-a8e3bb920002-groupManagement] INFO  server.RaftServer$Division (ServerState.java:<init>(114)) - 8500c972-c6d1-4433-9d49-a8e3bb920002@group-77DC33C8A8CA: ConfigurationManager, init=conf: {index: -1, cur=peers:[95d41743-cdf0-4105-938b-93fe980aeffc|127.0.0.1:15031, 8500c972-c6d1-4433-9d49-a8e3bb920002|127.0.0.1:15023, ff2509eb-55dd-4ad3-b532-83d6209e1a92|127.0.0.1:15015]|listeners:[], old=null}, confs=<EMPTY_MAP>
2025-09-07 09:44:03,947 [8500c972-c6d1-4433-9d49-a8e3bb920002-groupManagement] INFO  server.RaftServerConfigKeys (ConfUtils.java:logGet(62)) - raft.server.storage.dir = [/home/runner/work/ozone/ozone/hadoop-ozone/integration-test/target/test-dir/MiniOzoneClusterImpl-023d5a78-e64c-43f3-a4d9-6f7884931d6c/ozone-metadata/datanode-2/ratis] (custom)
2025-09-07 09:44:03,948 [8500c972-c6d1-4433-9d49-a8e3bb920002-groupManagement] INFO  storage.RaftStorageDirectory (RaftStorageDirectoryImpl.java:analyzeStorage(138)) - The storage directory /home/runner/work/ozone/ozone/hadoop-ozone/integration-test/target/test-dir/MiniOzoneClusterImpl-023d5a78-e64c-43f3-a4d9-6f7884931d6c/ozone-metadata/datanode-2/ratis/766115e5-0d59-4db5-b7b5-77dc33c8a8ca does not exist. Creating ...
2025-09-07 09:44:03,949 [grpc-default-executor-1] WARN  server.GrpcAdminProtocolService (GrpcAdminProtocolService.java:lambda$groupManagement$1(53)) - Failed groupManagement: GROUPADD, GroupManagementRequest:client-D11C2B5B279B->8500c972-c6d1-4433-9d49-a8e3bb920002@group-DDE89B3F2AFE, cid=4, seq=null, RW, null, Add:group-DDE89B3F2AFE:[95d41743-cdf0-4105-938b-93fe980aeffc|127.0.0.1:15031, 8500c972-c6d1-4433-9d49-a8e3bb920002|127.0.0.1:15023, ff2509eb-55dd-4ad3-b532-83d6209e1a92|127.0.0.1:15015]
java.util.concurrent.CompletionException: org.apache.ratis.protocol.exceptions.AlreadyExistsException: 8500c972-c6d1-4433-9d49-a8e3bb920002: Failed to add group-DDE89B3F2AFE:[95d41743-cdf0-4105-938b-93fe980aeffc|127.0.0.1:15031, 8500c972-c6d1-4433-9d49-a8e3bb920002|127.0.0.1:15023, ff2509eb-55dd-4ad3-b532-83d6209e1a92|127.0.0.1:15015] since the group already exists in the map.
	at java.base/java.util.concurrent.CompletableFuture.encodeThrowable(CompletableFuture.java:332)
	at java.base/java.util.concurrent.CompletableFuture.uniApplyNow(CompletableFuture.java:674)
	at java.base/java.util.concurrent.CompletableFuture.uniApplyStage(CompletableFuture.java:662)
	at java.base/java.util.concurrent.CompletableFuture.thenApplyAsync(CompletableFuture.java:2210)
	at org.apache.ratis.server.impl.RaftServerProxy.groupAddAsync(RaftServerProxy.java:513)
	at org.apache.ratis.server.impl.RaftServerProxy.groupManagementAsync(RaftServerProxy.java:495)
	at org.apache.ratis.grpc.server.GrpcAdminProtocolService.lambda$groupManagement$0(GrpcAdminProtocolService.java:51)
	at org.apache.ratis.grpc.GrpcUtil.asyncCall(GrpcUtil.java:172)
	at org.apache.ratis.grpc.server.GrpcAdminProtocolService.groupManagement(GrpcAdminProtocolService.java:51)
	at org.apache.ratis.proto.grpc.AdminProtocolServiceGrpc$MethodHandlers.invoke(AdminProtocolServiceGrpc.java:701)
	at org.apache.ratis.thirdparty.io.grpc.stub.ServerCalls$UnaryServerCallHandler$UnaryServerCallListener.onHalfClose(ServerCalls.java:182)
	at org.apache.ratis.thirdparty.io.grpc.internal.ServerCallImpl$ServerStreamListenerImpl.halfClosed(ServerCallImpl.java:356)
	at org.apache.ratis.thirdparty.io.grpc.internal.ServerImpl$JumpToApplicationThreadServerStreamListener$1HalfClosed.runInContext(ServerImpl.java:861)
	at org.apache.ratis.thirdparty.io.grpc.internal.ContextRunnable.run(ContextRunnable.java:37)
	at org.apache.ratis.thirdparty.io.grpc.internal.SerializingExecutor.run(SerializingExecutor.java:133)
	at java.base/java.util.concurrent.ThreadPoolExecutor.runWorker(ThreadPoolExecutor.java:1144)
	at java.base/java.util.concurrent.ThreadPoolExecutor$Worker.run(ThreadPoolExecutor.java:642)
	at java.base/java.lang.Thread.run(Thread.java:1583)
Caused by: org.apache.ratis.protocol.exceptions.AlreadyExistsException: 8500c972-c6d1-4433-9d49-a8e3bb920002: Failed to add group-DDE89B3F2AFE:[95d41743-cdf0-4105-938b-93fe980aeffc|127.0.0.1:15031, 8500c972-c6d1-4433-9d49-a8e3bb920002|127.0.0.1:15023, ff2509eb-55dd-4ad3-b532-83d6209e1a92|127.0.0.1:15015] since the group already exists in the map.
	at org.apache.ratis.server.impl.RaftServerProxy$ImplMap.addNew(RaftServerProxy.java:99)
	at org.apache.ratis.server.impl.RaftServerProxy.groupAddAsync(RaftServerProxy.java:512)
	... 13 more
2025-09-07 09:44:03,950 [8500c972-c6d1-4433-9d49-a8e3bb920002-groupManagement] INFO  storage.RaftStorageDirectory (RaftStorageDirectoryImpl.java:tryLock(229)) - Lock on /home/runner/work/ozone/ozone/hadoop-ozone/integration-test/target/test-dir/MiniOzoneClusterImpl-023d5a78-e64c-43f3-a4d9-6f7884931d6c/ozone-metadata/datanode-2/ratis/766115e5-0d59-4db5-b7b5-77dc33c8a8ca/in_use.lock acquired by nodename 23079@localhost
2025-09-07 09:44:03,953 [8500c972-c6d1-4433-9d49-a8e3bb920002-groupManagement] INFO  storage.RaftStorage (RaftStorageImpl.java:format(98)) - Storage directory /home/runner/work/ozone/ozone/hadoop-ozone/integration-test/target/test-dir/MiniOzoneClusterImpl-023d5a78-e64c-43f3-a4d9-6f7884931d6c/ozone-metadata/datanode-2/ratis/766115e5-0d59-4db5-b7b5-77dc33c8a8ca has been successfully formatted.
2025-09-07 09:44:03,953 [8500c972-c6d1-4433-9d49-a8e3bb920002-groupManagement] INFO  ratis.ContainerStateMachine (ContainerStateMachine.java:initialize(339)) - 8500c972-c6d1-4433-9d49-a8e3bb920002: initialize group-77DC33C8A8CA
2025-09-07 09:44:03,953 [8500c972-c6d1-4433-9d49-a8e3bb920002-groupManagement] INFO  ratis.ContainerStateMachine (ContainerStateMachine.java:loadSnapshot(347)) - group-77DC33C8A8CA: The snapshot info is null. Setting the last applied index to:<INITIAL_VALUE>
2025-09-07 09:44:03,954 [8500c972-c6d1-4433-9d49-a8e3bb920002-groupManagement] INFO  server.RaftServerConfigKeys (ConfUtils.java:logGet(62)) - raft.server.log.appender.buffer.byte-limit = 33554432 (custom)
2025-09-07 09:44:03,960 [EventQueue-PipelineReportForOneReplicaPipelineSafeModeRule] INFO  safemode.SCMSafeModeManager (SCMSafeModeManager.java:validateSafeModeExitRules(138)) - AtleastOneDatanodeReportedRule rule is successfully validated
2025-09-07 09:44:03,961 [8500c972-c6d1-4433-9d49-a8e3bb920002-groupManagement] INFO  server.RaftServerConfigKeys (ConfUtils.java:logGet(62)) - raft.server.log.segment.size.max = 67108864 (custom)
2025-09-07 09:44:03,962 [8500c972-c6d1-4433-9d49-a8e3bb920002-groupManagement] INFO  server.RaftServerConfigKeys (ConfUtils.java:logGet(62)) - raft.server.log.appender.buffer.byte-limit = 33554432 (custom)
2025-09-07 09:44:03,962 [95d41743-cdf0-4105-938b-93fe980aeffc-PipelineCommandHandlerThread-0] INFO  commandhandler.CreatePipelineCommandHandler (CreatePipelineCommandHandler.java:lambda$handle$2(127)) - Created Pipeline RATIS THREE Pipeline-3adef986-442f-409a-a79f-dde89b3f2afe.
2025-09-07 09:44:03,963 [95d41743-cdf0-4105-938b-93fe980aeffc-PipelineCommandHandlerThread-0] INFO  server.RaftServer (RaftServerProxy.java:addNew(105)) - 95d41743-cdf0-4105-938b-93fe980aeffc: addNew group-77DC33C8A8CA:[95d41743-cdf0-4105-938b-93fe980aeffc|127.0.0.1:15031, 8500c972-c6d1-4433-9d49-a8e3bb920002|127.0.0.1:15023, ff2509eb-55dd-4ad3-b532-83d6209e1a92|127.0.0.1:15015] returns group-77DC33C8A8CA:java.util.concurrent.CompletableFuture@5af3d2a2[Not completed]
2025-09-07 09:44:03,964 [8500c972-c6d1-4433-9d49-a8e3bb920002-groupManagement] INFO  util.AwaitToRun (AwaitToRun.java:start(81)) - Thread[#1215,8500c972-c6d1-4433-9d49-a8e3bb920002@group-77DC33C8A8CA-cacheEviction-AwaitToRun,5,main] started
2025-09-07 09:44:03,964 [8500c972-c6d1-4433-9d49-a8e3bb920002-groupManagement] INFO  segmented.SegmentedRaftLogWorker (SegmentedRaftLogWorker.java:<init>(190)) - new 8500c972-c6d1-4433-9d49-a8e3bb920002@group-77DC33C8A8CA-SegmentedRaftLogWorker for RaftStorageImpl:Storage Directory /home/runner/work/ozone/ozone/hadoop-ozone/integration-test/target/test-dir/MiniOzoneClusterImpl-023d5a78-e64c-43f3-a4d9-6f7884931d6c/ozone-metadata/datanode-2/ratis/766115e5-0d59-4db5-b7b5-77dc33c8a8ca
2025-09-07 09:44:03,964 [8500c972-c6d1-4433-9d49-a8e3bb920002-groupManagement] INFO  server.RaftServerConfigKeys (ConfUtils.java:logGet(62)) - raft.server.log.queue.byte-limit = 4294967296 (custom)
2025-09-07 09:44:03,964 [8500c972-c6d1-4433-9d49-a8e3bb920002-groupManagement] INFO  server.RaftServerConfigKeys (ConfUtils.java:logGet(62)) - raft.server.log.segment.size.max = 67108864 (custom)
2025-09-07 09:44:03,964 [8500c972-c6d1-4433-9d49-a8e3bb920002-groupManagement] INFO  server.RaftServerConfigKeys (ConfUtils.java:logGet(62)) - raft.server.log.preallocated.size = 4194304 (custom)
2025-09-07 09:44:03,965 [8500c972-c6d1-4433-9d49-a8e3bb920002-groupManagement] INFO  server.RaftServerConfigKeys (ConfUtils.java:logGet(62)) - raft.server.log.write.buffer.size = 33554440 (custom)
2025-09-07 09:44:03,966 [95d41743-cdf0-4105-938b-93fe980aeffc-groupManagement] INFO  server.RaftServer$Division (RaftServerImpl.java:<init>(268)) - 95d41743-cdf0-4105-938b-93fe980aeffc: new RaftServerImpl for group-77DC33C8A8CA:[95d41743-cdf0-4105-938b-93fe980aeffc|127.0.0.1:15031, 8500c972-c6d1-4433-9d49-a8e3bb920002|127.0.0.1:15023, ff2509eb-55dd-4ad3-b532-83d6209e1a92|127.0.0.1:15015] with ContainerStateMachine:uninitialized
2025-09-07 09:44:03,966 [95d41743-cdf0-4105-938b-93fe980aeffc-groupManagement] INFO  server.RaftServer$Division (ServerState.java:<init>(114)) - 95d41743-cdf0-4105-938b-93fe980aeffc@group-77DC33C8A8CA: ConfigurationManager, init=conf: {index: -1, cur=peers:[95d41743-cdf0-4105-938b-93fe980aeffc|127.0.0.1:15031, 8500c972-c6d1-4433-9d49-a8e3bb920002|127.0.0.1:15023, ff2509eb-55dd-4ad3-b532-83d6209e1a92|127.0.0.1:15015]|listeners:[], old=null}, confs=<EMPTY_MAP>
2025-09-07 09:44:03,972 [8500c972-c6d1-4433-9d49-a8e3bb920002-groupManagement] INFO  server.RaftServerConfigKeys (ConfUtils.java:logGet(62)) - raft.server.log.appender.buffer.byte-limit = 33554432 (custom)
2025-09-07 09:44:03,973 [8500c972-c6d1-4433-9d49-a8e3bb920002-groupManagement] INFO  segmented.SegmentedRaftLogWorker (SegmentedRaftLogWorker.java:lambda$new$0(141)) - 8500c972-c6d1-4433-9d49-a8e3bb920002@group-77DC33C8A8CA-SegmentedRaftLogWorker: flushIndex: setUnconditionally 0 -> -1
2025-09-07 09:44:03,973 [8500c972-c6d1-4433-9d49-a8e3bb920002-groupManagement] INFO  segmented.SegmentedRaftLogWorker (SegmentedRaftLogWorker.java:lambda$new$0(141)) - 8500c972-c6d1-4433-9d49-a8e3bb920002@group-77DC33C8A8CA-SegmentedRaftLogWorker: safeCacheEvictIndex: setUnconditionally 0 -> -1
2025-09-07 09:44:03,974 [8500c972-c6d1-4433-9d49-a8e3bb920002-groupManagement] INFO  server.RaftServer$Division (RaftServerImpl.java:start(405)) - 8500c972-c6d1-4433-9d49-a8e3bb920002@group-77DC33C8A8CA: start as a follower, conf=conf: {index: -1, cur=peers:[95d41743-cdf0-4105-938b-93fe980aeffc|127.0.0.1:15031, 8500c972-c6d1-4433-9d49-a8e3bb920002|127.0.0.1:15023, ff2509eb-55dd-4ad3-b532-83d6209e1a92|127.0.0.1:15015]|listeners:[], old=null}
2025-09-07 09:44:03,975 [8500c972-c6d1-4433-9d49-a8e3bb920002-groupManagement] INFO  server.RaftServer$Division (RaftServerImpl.java:setRole(392)) - 8500c972-c6d1-4433-9d49-a8e3bb920002@group-77DC33C8A8CA: changes role from      null to FOLLOWER at term 0 for startAsFollower
2025-09-07 09:44:03,975 [8500c972-c6d1-4433-9d49-a8e3bb920002-groupManagement] INFO  impl.RoleInfo (RoleInfo.java:updateAndGet(148)) - 8500c972-c6d1-4433-9d49-a8e3bb920002: start 8500c972-c6d1-4433-9d49-a8e3bb920002@group-77DC33C8A8CA-FollowerState
2025-09-07 09:44:03,976 [8500c972-c6d1-4433-9d49-a8e3bb920002-groupManagement] INFO  util.JmxRegister (JmxRegister.java:tryRegister(44)) - Successfully registered JMX Bean with object name Ratis:service=RaftServer,group=group-77DC33C8A8CA,id=8500c972-c6d1-4433-9d49-a8e3bb920002
2025-09-07 09:44:03,976 [8500c972-c6d1-4433-9d49-a8e3bb920002-groupManagement] INFO  util.JmxRegister (JmxRegister.java:register(58)) - register mxBean class org.apache.ratis.server.impl.RaftServerJmxAdapter as Ratis:service=RaftServer,group=group-77DC33C8A8CA,id=8500c972-c6d1-4433-9d49-a8e3bb920002
2025-09-07 09:44:03,978 [8500c972-c6d1-4433-9d49-a8e3bb920002-groupManagement] INFO  server.RaftServer$Division (RaftServerImpl.java:start(419)) - 8500c972-c6d1-4433-9d49-a8e3bb920002@group-77DC33C8A8CA: Successfully started.
2025-09-07 09:44:03,978 [95d41743-cdf0-4105-938b-93fe980aeffc-groupManagement] INFO  server.RaftServerConfigKeys (ConfUtils.java:logGet(62)) - raft.server.storage.dir = [/home/runner/work/ozone/ozone/hadoop-ozone/integration-test/target/test-dir/MiniOzoneClusterImpl-023d5a78-e64c-43f3-a4d9-6f7884931d6c/ozone-metadata/datanode-3/ratis] (custom)
2025-09-07 09:44:03,978 [8500c972-c6d1-4433-9d49-a8e3bb920002-PipelineCommandHandlerThread-0] INFO  ratis.XceiverServerRatis (XceiverServerRatis.java:addGroup(846)) - Created group Pipeline-766115e5-0d59-4db5-b7b5-77dc33c8a8ca
2025-09-07 09:44:03,979 [95d41743-cdf0-4105-938b-93fe980aeffc-groupManagement] INFO  storage.RaftStorageDirectory (RaftStorageDirectoryImpl.java:analyzeStorage(138)) - The storage directory /home/runner/work/ozone/ozone/hadoop-ozone/integration-test/target/test-dir/MiniOzoneClusterImpl-023d5a78-e64c-43f3-a4d9-6f7884931d6c/ozone-metadata/datanode-3/ratis/766115e5-0d59-4db5-b7b5-77dc33c8a8ca does not exist. Creating ...
2025-09-07 09:44:03,981 [95d41743-cdf0-4105-938b-93fe980aeffc-groupManagement] INFO  storage.RaftStorageDirectory (RaftStorageDirectoryImpl.java:tryLock(229)) - Lock on /home/runner/work/ozone/ozone/hadoop-ozone/integration-test/target/test-dir/MiniOzoneClusterImpl-023d5a78-e64c-43f3-a4d9-6f7884931d6c/ozone-metadata/datanode-3/ratis/766115e5-0d59-4db5-b7b5-77dc33c8a8ca/in_use.lock acquired by nodename 23079@localhost
2025-09-07 09:44:03,984 [95d41743-cdf0-4105-938b-93fe980aeffc-groupManagement] INFO  storage.RaftStorage (RaftStorageImpl.java:format(98)) - Storage directory /home/runner/work/ozone/ozone/hadoop-ozone/integration-test/target/test-dir/MiniOzoneClusterImpl-023d5a78-e64c-43f3-a4d9-6f7884931d6c/ozone-metadata/datanode-3/ratis/766115e5-0d59-4db5-b7b5-77dc33c8a8ca has been successfully formatted.
2025-09-07 09:44:03,985 [95d41743-cdf0-4105-938b-93fe980aeffc-groupManagement] INFO  ratis.ContainerStateMachine (ContainerStateMachine.java:initialize(339)) - 95d41743-cdf0-4105-938b-93fe980aeffc: initialize group-77DC33C8A8CA
2025-09-07 09:44:03,985 [95d41743-cdf0-4105-938b-93fe980aeffc-groupManagement] INFO  ratis.ContainerStateMachine (ContainerStateMachine.java:loadSnapshot(347)) - group-77DC33C8A8CA: The snapshot info is null. Setting the last applied index to:<INITIAL_VALUE>
2025-09-07 09:44:03,986 [95d41743-cdf0-4105-938b-93fe980aeffc-groupManagement] INFO  server.RaftServerConfigKeys (ConfUtils.java:logGet(62)) - raft.server.log.appender.buffer.byte-limit = 33554432 (custom)
2025-09-07 09:44:03,991 [grpc-default-executor-1] INFO  server.RaftServer (RaftServerProxy.java:addNew(105)) - ff2509eb-55dd-4ad3-b532-83d6209e1a92: addNew group-77DC33C8A8CA:[95d41743-cdf0-4105-938b-93fe980aeffc|127.0.0.1:15031, 8500c972-c6d1-4433-9d49-a8e3bb920002|127.0.0.1:15023, ff2509eb-55dd-4ad3-b532-83d6209e1a92|127.0.0.1:15015] returns group-77DC33C8A8CA:java.util.concurrent.CompletableFuture@7ecffc6b[Not completed]
2025-09-07 09:44:03,991 [95d41743-cdf0-4105-938b-93fe980aeffc-groupManagement] INFO  server.RaftServerConfigKeys (ConfUtils.java:logGet(62)) - raft.server.log.segment.size.max = 67108864 (custom)
2025-09-07 09:44:03,992 [EventQueue-PipelineReportForOneReplicaPipelineSafeModeRule] INFO  safemode.SCMSafeModeManager (SCMSafeModeManager.java:validateSafeModeExitRules(138)) - AtleastOneDatanodeReportedRule rule is successfully validated
2025-09-07 09:44:03,993 [95d41743-cdf0-4105-938b-93fe980aeffc-groupManagement] INFO  server.RaftServerConfigKeys (ConfUtils.java:logGet(62)) - raft.server.log.appender.buffer.byte-limit = 33554432 (custom)
2025-09-07 09:44:03,994 [95d41743-cdf0-4105-938b-93fe980aeffc-groupManagement] INFO  util.AwaitToRun (AwaitToRun.java:start(81)) - Thread[#1219,95d41743-cdf0-4105-938b-93fe980aeffc@group-77DC33C8A8CA-cacheEviction-AwaitToRun,5,main] started
2025-09-07 09:44:03,994 [95d41743-cdf0-4105-938b-93fe980aeffc-groupManagement] INFO  segmented.SegmentedRaftLogWorker (SegmentedRaftLogWorker.java:<init>(190)) - new 95d41743-cdf0-4105-938b-93fe980aeffc@group-77DC33C8A8CA-SegmentedRaftLogWorker for RaftStorageImpl:Storage Directory /home/runner/work/ozone/ozone/hadoop-ozone/integration-test/target/test-dir/MiniOzoneClusterImpl-023d5a78-e64c-43f3-a4d9-6f7884931d6c/ozone-metadata/datanode-3/ratis/766115e5-0d59-4db5-b7b5-77dc33c8a8ca
2025-09-07 09:44:03,994 [95d41743-cdf0-4105-938b-93fe980aeffc-groupManagement] INFO  server.RaftServerConfigKeys (ConfUtils.java:logGet(62)) - raft.server.log.queue.byte-limit = 4294967296 (custom)
2025-09-07 09:44:03,994 [95d41743-cdf0-4105-938b-93fe980aeffc-groupManagement] INFO  server.RaftServerConfigKeys (ConfUtils.java:logGet(62)) - raft.server.log.segment.size.max = 67108864 (custom)
2025-09-07 09:44:03,994 [95d41743-cdf0-4105-938b-93fe980aeffc-groupManagement] INFO  server.RaftServerConfigKeys (ConfUtils.java:logGet(62)) - raft.server.log.preallocated.size = 4194304 (custom)
2025-09-07 09:44:03,994 [ff2509eb-55dd-4ad3-b532-83d6209e1a92-groupManagement] INFO  server.RaftServer$Division (RaftServerImpl.java:<init>(268)) - ff2509eb-55dd-4ad3-b532-83d6209e1a92: new RaftServerImpl for group-77DC33C8A8CA:[95d41743-cdf0-4105-938b-93fe980aeffc|127.0.0.1:15031, 8500c972-c6d1-4433-9d49-a8e3bb920002|127.0.0.1:15023, ff2509eb-55dd-4ad3-b532-83d6209e1a92|127.0.0.1:15015] with ContainerStateMachine:uninitialized
2025-09-07 09:44:03,994 [ff2509eb-55dd-4ad3-b532-83d6209e1a92-groupManagement] INFO  server.RaftServer$Division (ServerState.java:<init>(114)) - ff2509eb-55dd-4ad3-b532-83d6209e1a92@group-77DC33C8A8CA: ConfigurationManager, init=conf: {index: -1, cur=peers:[95d41743-cdf0-4105-938b-93fe980aeffc|127.0.0.1:15031, 8500c972-c6d1-4433-9d49-a8e3bb920002|127.0.0.1:15023, ff2509eb-55dd-4ad3-b532-83d6209e1a92|127.0.0.1:15015]|listeners:[], old=null}, confs=<EMPTY_MAP>
2025-09-07 09:44:03,996 [95d41743-cdf0-4105-938b-93fe980aeffc-groupManagement] INFO  server.RaftServerConfigKeys (ConfUtils.java:logGet(62)) - raft.server.log.write.buffer.size = 33554440 (custom)
2025-09-07 09:44:04,002 [95d41743-cdf0-4105-938b-93fe980aeffc-groupManagement] INFO  server.RaftServerConfigKeys (ConfUtils.java:logGet(62)) - raft.server.log.appender.buffer.byte-limit = 33554432 (custom)
2025-09-07 09:44:04,002 [95d41743-cdf0-4105-938b-93fe980aeffc-groupManagement] INFO  segmented.SegmentedRaftLogWorker (SegmentedRaftLogWorker.java:lambda$new$0(141)) - 95d41743-cdf0-4105-938b-93fe980aeffc@group-77DC33C8A8CA-SegmentedRaftLogWorker: flushIndex: setUnconditionally 0 -> -1
2025-09-07 09:44:04,003 [95d41743-cdf0-4105-938b-93fe980aeffc-groupManagement] INFO  segmented.SegmentedRaftLogWorker (SegmentedRaftLogWorker.java:lambda$new$0(141)) - 95d41743-cdf0-4105-938b-93fe980aeffc@group-77DC33C8A8CA-SegmentedRaftLogWorker: safeCacheEvictIndex: setUnconditionally 0 -> -1
2025-09-07 09:44:04,003 [ff2509eb-55dd-4ad3-b532-83d6209e1a92-groupManagement] INFO  server.RaftServerConfigKeys (ConfUtils.java:logGet(62)) - raft.server.storage.dir = [/home/runner/work/ozone/ozone/hadoop-ozone/integration-test/target/test-dir/MiniOzoneClusterImpl-023d5a78-e64c-43f3-a4d9-6f7884931d6c/ozone-metadata/datanode-1/ratis] (custom)
2025-09-07 09:44:04,003 [ff2509eb-55dd-4ad3-b532-83d6209e1a92-groupManagement] INFO  storage.RaftStorageDirectory (RaftStorageDirectoryImpl.java:analyzeStorage(138)) - The storage directory /home/runner/work/ozone/ozone/hadoop-ozone/integration-test/target/test-dir/MiniOzoneClusterImpl-023d5a78-e64c-43f3-a4d9-6f7884931d6c/ozone-metadata/datanode-1/ratis/766115e5-0d59-4db5-b7b5-77dc33c8a8ca does not exist. Creating ...
2025-09-07 09:44:04,004 [95d41743-cdf0-4105-938b-93fe980aeffc-groupManagement] INFO  server.RaftServer$Division (RaftServerImpl.java:start(405)) - 95d41743-cdf0-4105-938b-93fe980aeffc@group-77DC33C8A8CA: start as a follower, conf=conf: {index: -1, cur=peers:[95d41743-cdf0-4105-938b-93fe980aeffc|127.0.0.1:15031, 8500c972-c6d1-4433-9d49-a8e3bb920002|127.0.0.1:15023, ff2509eb-55dd-4ad3-b532-83d6209e1a92|127.0.0.1:15015]|listeners:[], old=null}
2025-09-07 09:44:04,004 [95d41743-cdf0-4105-938b-93fe980aeffc-groupManagement] INFO  server.RaftServer$Division (RaftServerImpl.java:setRole(392)) - 95d41743-cdf0-4105-938b-93fe980aeffc@group-77DC33C8A8CA: changes role from      null to FOLLOWER at term 0 for startAsFollower
2025-09-07 09:44:04,004 [95d41743-cdf0-4105-938b-93fe980aeffc-groupManagement] INFO  impl.RoleInfo (RoleInfo.java:updateAndGet(148)) - 95d41743-cdf0-4105-938b-93fe980aeffc: start 95d41743-cdf0-4105-938b-93fe980aeffc@group-77DC33C8A8CA-FollowerState
2025-09-07 09:44:04,004 [95d41743-cdf0-4105-938b-93fe980aeffc-groupManagement] INFO  util.JmxRegister (JmxRegister.java:tryRegister(44)) - Successfully registered JMX Bean with object name Ratis:service=RaftServer,group=group-77DC33C8A8CA,id=95d41743-cdf0-4105-938b-93fe980aeffc
2025-09-07 09:44:04,004 [95d41743-cdf0-4105-938b-93fe980aeffc-groupManagement] INFO  util.JmxRegister (JmxRegister.java:register(58)) - register mxBean class org.apache.ratis.server.impl.RaftServerJmxAdapter as Ratis:service=RaftServer,group=group-77DC33C8A8CA,id=95d41743-cdf0-4105-938b-93fe980aeffc
2025-09-07 09:44:04,005 [95d41743-cdf0-4105-938b-93fe980aeffc-groupManagement] INFO  server.RaftServer$Division (RaftServerImpl.java:start(419)) - 95d41743-cdf0-4105-938b-93fe980aeffc@group-77DC33C8A8CA: Successfully started.
2025-09-07 09:44:04,006 [95d41743-cdf0-4105-938b-93fe980aeffc-PipelineCommandHandlerThread-0] INFO  ratis.XceiverServerRatis (XceiverServerRatis.java:addGroup(846)) - Created group Pipeline-766115e5-0d59-4db5-b7b5-77dc33c8a8ca
2025-09-07 09:44:04,006 [ff2509eb-55dd-4ad3-b532-83d6209e1a92-groupManagement] INFO  storage.RaftStorageDirectory (RaftStorageDirectoryImpl.java:tryLock(229)) - Lock on /home/runner/work/ozone/ozone/hadoop-ozone/integration-test/target/test-dir/MiniOzoneClusterImpl-023d5a78-e64c-43f3-a4d9-6f7884931d6c/ozone-metadata/datanode-1/ratis/766115e5-0d59-4db5-b7b5-77dc33c8a8ca/in_use.lock acquired by nodename 23079@localhost
2025-09-07 09:44:04,007 [ff2509eb-55dd-4ad3-b532-83d6209e1a92-groupManagement] INFO  storage.RaftStorage (RaftStorageImpl.java:format(98)) - Storage directory /home/runner/work/ozone/ozone/hadoop-ozone/integration-test/target/test-dir/MiniOzoneClusterImpl-023d5a78-e64c-43f3-a4d9-6f7884931d6c/ozone-metadata/datanode-1/ratis/766115e5-0d59-4db5-b7b5-77dc33c8a8ca has been successfully formatted.
2025-09-07 09:44:04,008 [ff2509eb-55dd-4ad3-b532-83d6209e1a92-groupManagement] INFO  ratis.ContainerStateMachine (ContainerStateMachine.java:initialize(339)) - ff2509eb-55dd-4ad3-b532-83d6209e1a92: initialize group-77DC33C8A8CA
2025-09-07 09:44:04,008 [ff2509eb-55dd-4ad3-b532-83d6209e1a92-groupManagement] INFO  ratis.ContainerStateMachine (ContainerStateMachine.java:loadSnapshot(347)) - group-77DC33C8A8CA: The snapshot info is null. Setting the last applied index to:<INITIAL_VALUE>
2025-09-07 09:44:04,009 [ff2509eb-55dd-4ad3-b532-83d6209e1a92-groupManagement] INFO  server.RaftServerConfigKeys (ConfUtils.java:logGet(62)) - raft.server.log.appender.buffer.byte-limit = 33554432 (custom)
2025-09-07 09:44:04,013 [EventQueue-PipelineReportForOneReplicaPipelineSafeModeRule] INFO  safemode.SCMSafeModeManager (SCMSafeModeManager.java:validateSafeModeExitRules(138)) - AtleastOneDatanodeReportedRule rule is successfully validated
2025-09-07 09:44:04,015 [ff2509eb-55dd-4ad3-b532-83d6209e1a92-groupManagement] INFO  server.RaftServerConfigKeys (ConfUtils.java:logGet(62)) - raft.server.log.segment.size.max = 67108864 (custom)
2025-09-07 09:44:04,017 [ff2509eb-55dd-4ad3-b532-83d6209e1a92-groupManagement] INFO  server.RaftServerConfigKeys (ConfUtils.java:logGet(62)) - raft.server.log.appender.buffer.byte-limit = 33554432 (custom)
2025-09-07 09:44:04,019 [grpc-default-executor-0] WARN  server.GrpcAdminProtocolService (GrpcAdminProtocolService.java:lambda$groupManagement$1(53)) - Failed groupManagement: GROUPADD, GroupManagementRequest:client-DAA6B6BC03FE->ff2509eb-55dd-4ad3-b532-83d6209e1a92@group-77DC33C8A8CA, cid=6, seq=null, RW, null, Add:group-77DC33C8A8CA:[95d41743-cdf0-4105-938b-93fe980aeffc|127.0.0.1:15031, 8500c972-c6d1-4433-9d49-a8e3bb920002|127.0.0.1:15023, ff2509eb-55dd-4ad3-b532-83d6209e1a92|127.0.0.1:15015]
java.util.concurrent.CompletionException: org.apache.ratis.protocol.exceptions.AlreadyExistsException: ff2509eb-55dd-4ad3-b532-83d6209e1a92: Failed to add group-77DC33C8A8CA:[95d41743-cdf0-4105-938b-93fe980aeffc|127.0.0.1:15031, 8500c972-c6d1-4433-9d49-a8e3bb920002|127.0.0.1:15023, ff2509eb-55dd-4ad3-b532-83d6209e1a92|127.0.0.1:15015] since the group already exists in the map.
	at java.base/java.util.concurrent.CompletableFuture.encodeThrowable(CompletableFuture.java:332)
	at java.base/java.util.concurrent.CompletableFuture.uniApplyNow(CompletableFuture.java:674)
	at java.base/java.util.concurrent.CompletableFuture.uniApplyStage(CompletableFuture.java:662)
	at java.base/java.util.concurrent.CompletableFuture.thenApplyAsync(CompletableFuture.java:2210)
	at org.apache.ratis.server.impl.RaftServerProxy.groupAddAsync(RaftServerProxy.java:513)
	at org.apache.ratis.server.impl.RaftServerProxy.groupManagementAsync(RaftServerProxy.java:495)
	at org.apache.ratis.grpc.server.GrpcAdminProtocolService.lambda$groupManagement$0(GrpcAdminProtocolService.java:51)
	at org.apache.ratis.grpc.GrpcUtil.asyncCall(GrpcUtil.java:172)
	at org.apache.ratis.grpc.server.GrpcAdminProtocolService.groupManagement(GrpcAdminProtocolService.java:51)
	at org.apache.ratis.proto.grpc.AdminProtocolServiceGrpc$MethodHandlers.invoke(AdminProtocolServiceGrpc.java:701)
	at org.apache.ratis.thirdparty.io.grpc.stub.ServerCalls$UnaryServerCallHandler$UnaryServerCallListener.onHalfClose(ServerCalls.java:182)
	at org.apache.ratis.thirdparty.io.grpc.internal.ServerCallImpl$ServerStreamListenerImpl.halfClosed(ServerCallImpl.java:356)
	at org.apache.ratis.thirdparty.io.grpc.internal.ServerImpl$JumpToApplicationThreadServerStreamListener$1HalfClosed.runInContext(ServerImpl.java:861)
	at org.apache.ratis.thirdparty.io.grpc.internal.ContextRunnable.run(ContextRunnable.java:37)
	at org.apache.ratis.thirdparty.io.grpc.internal.SerializingExecutor.run(SerializingExecutor.java:133)
	at java.base/java.util.concurrent.ThreadPoolExecutor.runWorker(ThreadPoolExecutor.java:1144)
	at java.base/java.util.concurrent.ThreadPoolExecutor$Worker.run(ThreadPoolExecutor.java:642)
	at java.base/java.lang.Thread.run(Thread.java:1583)
Caused by: org.apache.ratis.protocol.exceptions.AlreadyExistsException: ff2509eb-55dd-4ad3-b532-83d6209e1a92: Failed to add group-77DC33C8A8CA:[95d41743-cdf0-4105-938b-93fe980aeffc|127.0.0.1:15031, 8500c972-c6d1-4433-9d49-a8e3bb920002|127.0.0.1:15023, ff2509eb-55dd-4ad3-b532-83d6209e1a92|127.0.0.1:15015] since the group already exists in the map.
	at org.apache.ratis.server.impl.RaftServerProxy$ImplMap.addNew(RaftServerProxy.java:99)
	at org.apache.ratis.server.impl.RaftServerProxy.groupAddAsync(RaftServerProxy.java:512)
	... 13 more
2025-09-07 09:44:04,019 [ff2509eb-55dd-4ad3-b532-83d6209e1a92-groupManagement] INFO  util.AwaitToRun (AwaitToRun.java:start(81)) - Thread[#1223,ff2509eb-55dd-4ad3-b532-83d6209e1a92@group-77DC33C8A8CA-cacheEviction-AwaitToRun,5,main] started
2025-09-07 09:44:04,019 [ff2509eb-55dd-4ad3-b532-83d6209e1a92-groupManagement] INFO  segmented.SegmentedRaftLogWorker (SegmentedRaftLogWorker.java:<init>(190)) - new ff2509eb-55dd-4ad3-b532-83d6209e1a92@group-77DC33C8A8CA-SegmentedRaftLogWorker for RaftStorageImpl:Storage Directory /home/runner/work/ozone/ozone/hadoop-ozone/integration-test/target/test-dir/MiniOzoneClusterImpl-023d5a78-e64c-43f3-a4d9-6f7884931d6c/ozone-metadata/datanode-1/ratis/766115e5-0d59-4db5-b7b5-77dc33c8a8ca
2025-09-07 09:44:04,020 [ff2509eb-55dd-4ad3-b532-83d6209e1a92-groupManagement] INFO  server.RaftServerConfigKeys (ConfUtils.java:logGet(62)) - raft.server.log.queue.byte-limit = 4294967296 (custom)
2025-09-07 09:44:04,020 [ff2509eb-55dd-4ad3-b532-83d6209e1a92-groupManagement] INFO  server.RaftServerConfigKeys (ConfUtils.java:logGet(62)) - raft.server.log.segment.size.max = 67108864 (custom)
2025-09-07 09:44:04,020 [ff2509eb-55dd-4ad3-b532-83d6209e1a92-groupManagement] INFO  server.RaftServerConfigKeys (ConfUtils.java:logGet(62)) - raft.server.log.preallocated.size = 4194304 (custom)
2025-09-07 09:44:04,020 [ff2509eb-55dd-4ad3-b532-83d6209e1a92-groupManagement] INFO  server.RaftServerConfigKeys (ConfUtils.java:logGet(62)) - raft.server.log.write.buffer.size = 33554440 (custom)
2025-09-07 09:44:04,028 [ff2509eb-55dd-4ad3-b532-83d6209e1a92-groupManagement] INFO  server.RaftServerConfigKeys (ConfUtils.java:logGet(62)) - raft.server.log.appender.buffer.byte-limit = 33554432 (custom)
2025-09-07 09:44:04,029 [ff2509eb-55dd-4ad3-b532-83d6209e1a92-groupManagement] INFO  segmented.SegmentedRaftLogWorker (SegmentedRaftLogWorker.java:lambda$new$0(141)) - ff2509eb-55dd-4ad3-b532-83d6209e1a92@group-77DC33C8A8CA-SegmentedRaftLogWorker: flushIndex: setUnconditionally 0 -> -1
2025-09-07 09:44:04,029 [ff2509eb-55dd-4ad3-b532-83d6209e1a92-groupManagement] INFO  segmented.SegmentedRaftLogWorker (SegmentedRaftLogWorker.java:lambda$new$0(141)) - ff2509eb-55dd-4ad3-b532-83d6209e1a92@group-77DC33C8A8CA-SegmentedRaftLogWorker: safeCacheEvictIndex: setUnconditionally 0 -> -1
2025-09-07 09:44:04,029 [ff2509eb-55dd-4ad3-b532-83d6209e1a92-groupManagement] INFO  server.RaftServer$Division (RaftServerImpl.java:start(405)) - ff2509eb-55dd-4ad3-b532-83d6209e1a92@group-77DC33C8A8CA: start as a follower, conf=conf: {index: -1, cur=peers:[95d41743-cdf0-4105-938b-93fe980aeffc|127.0.0.1:15031, 8500c972-c6d1-4433-9d49-a8e3bb920002|127.0.0.1:15023, ff2509eb-55dd-4ad3-b532-83d6209e1a92|127.0.0.1:15015]|listeners:[], old=null}
2025-09-07 09:44:04,029 [ff2509eb-55dd-4ad3-b532-83d6209e1a92-groupManagement] INFO  server.RaftServer$Division (RaftServerImpl.java:setRole(392)) - ff2509eb-55dd-4ad3-b532-83d6209e1a92@group-77DC33C8A8CA: changes role from      null to FOLLOWER at term 0 for startAsFollower
2025-09-07 09:44:04,029 [ff2509eb-55dd-4ad3-b532-83d6209e1a92-groupManagement] INFO  impl.RoleInfo (RoleInfo.java:updateAndGet(148)) - ff2509eb-55dd-4ad3-b532-83d6209e1a92: start ff2509eb-55dd-4ad3-b532-83d6209e1a92@group-77DC33C8A8CA-FollowerState
2025-09-07 09:44:04,030 [ff2509eb-55dd-4ad3-b532-83d6209e1a92-groupManagement] INFO  util.JmxRegister (JmxRegister.java:tryRegister(44)) - Successfully registered JMX Bean with object name Ratis:service=RaftServer,group=group-77DC33C8A8CA,id=ff2509eb-55dd-4ad3-b532-83d6209e1a92
2025-09-07 09:44:04,030 [ff2509eb-55dd-4ad3-b532-83d6209e1a92-groupManagement] INFO  util.JmxRegister (JmxRegister.java:register(58)) - register mxBean class org.apache.ratis.server.impl.RaftServerJmxAdapter as Ratis:service=RaftServer,group=group-77DC33C8A8CA,id=ff2509eb-55dd-4ad3-b532-83d6209e1a92
2025-09-07 09:44:04,033 [ff2509eb-55dd-4ad3-b532-83d6209e1a92-groupManagement] INFO  server.RaftServer$Division (RaftServerImpl.java:start(419)) - ff2509eb-55dd-4ad3-b532-83d6209e1a92@group-77DC33C8A8CA: Successfully started.
2025-09-07 09:44:04,048 [grpc-default-executor-0] WARN  server.GrpcAdminProtocolService (GrpcAdminProtocolService.java:lambda$groupManagement$1(53)) - Failed groupManagement: GROUPADD, GroupManagementRequest:client-F08CD78E4486->8500c972-c6d1-4433-9d49-a8e3bb920002@group-77DC33C8A8CA, cid=7, seq=null, RW, null, Add:group-77DC33C8A8CA:[95d41743-cdf0-4105-938b-93fe980aeffc|127.0.0.1:15031, 8500c972-c6d1-4433-9d49-a8e3bb920002|127.0.0.1:15023, ff2509eb-55dd-4ad3-b532-83d6209e1a92|127.0.0.1:15015]
java.util.concurrent.CompletionException: org.apache.ratis.protocol.exceptions.AlreadyExistsException: 8500c972-c6d1-4433-9d49-a8e3bb920002: Failed to add group-77DC33C8A8CA:[95d41743-cdf0-4105-938b-93fe980aeffc|127.0.0.1:15031, 8500c972-c6d1-4433-9d49-a8e3bb920002|127.0.0.1:15023, ff2509eb-55dd-4ad3-b532-83d6209e1a92|127.0.0.1:15015] since the group already exists in the map.
	at java.base/java.util.concurrent.CompletableFuture.encodeThrowable(CompletableFuture.java:332)
	at java.base/java.util.concurrent.CompletableFuture.uniApplyNow(CompletableFuture.java:674)
	at java.base/java.util.concurrent.CompletableFuture.uniApplyStage(CompletableFuture.java:662)
	at java.base/java.util.concurrent.CompletableFuture.thenApplyAsync(CompletableFuture.java:2210)
	at org.apache.ratis.server.impl.RaftServerProxy.groupAddAsync(RaftServerProxy.java:513)
	at org.apache.ratis.server.impl.RaftServerProxy.groupManagementAsync(RaftServerProxy.java:495)
	at org.apache.ratis.grpc.server.GrpcAdminProtocolService.lambda$groupManagement$0(GrpcAdminProtocolService.java:51)
	at org.apache.ratis.grpc.GrpcUtil.asyncCall(GrpcUtil.java:172)
	at org.apache.ratis.grpc.server.GrpcAdminProtocolService.groupManagement(GrpcAdminProtocolService.java:51)
	at org.apache.ratis.proto.grpc.AdminProtocolServiceGrpc$MethodHandlers.invoke(AdminProtocolServiceGrpc.java:701)
	at org.apache.ratis.thirdparty.io.grpc.stub.ServerCalls$UnaryServerCallHandler$UnaryServerCallListener.onHalfClose(ServerCalls.java:182)
	at org.apache.ratis.thirdparty.io.grpc.internal.ServerCallImpl$ServerStreamListenerImpl.halfClosed(ServerCallImpl.java:356)
	at org.apache.ratis.thirdparty.io.grpc.internal.ServerImpl$JumpToApplicationThreadServerStreamListener$1HalfClosed.runInContext(ServerImpl.java:861)
	at org.apache.ratis.thirdparty.io.grpc.internal.ContextRunnable.run(ContextRunnable.java:37)
	at org.apache.ratis.thirdparty.io.grpc.internal.SerializingExecutor.run(SerializingExecutor.java:133)
	at java.base/java.util.concurrent.ThreadPoolExecutor.runWorker(ThreadPoolExecutor.java:1144)
	at java.base/java.util.concurrent.ThreadPoolExecutor$Worker.run(ThreadPoolExecutor.java:642)
	at java.base/java.lang.Thread.run(Thread.java:1583)
Caused by: org.apache.ratis.protocol.exceptions.AlreadyExistsException: 8500c972-c6d1-4433-9d49-a8e3bb920002: Failed to add group-77DC33C8A8CA:[95d41743-cdf0-4105-938b-93fe980aeffc|127.0.0.1:15031, 8500c972-c6d1-4433-9d49-a8e3bb920002|127.0.0.1:15023, ff2509eb-55dd-4ad3-b532-83d6209e1a92|127.0.0.1:15015] since the group already exists in the map.
	at org.apache.ratis.server.impl.RaftServerProxy$ImplMap.addNew(RaftServerProxy.java:99)
	at org.apache.ratis.server.impl.RaftServerProxy.groupAddAsync(RaftServerProxy.java:512)
	... 13 more
2025-09-07 09:44:04,055 [grpc-default-executor-0] WARN  server.GrpcAdminProtocolService (GrpcAdminProtocolService.java:lambda$groupManagement$1(53)) - Failed groupManagement: GROUPADD, GroupManagementRequest:client-9109C12E10BF->95d41743-cdf0-4105-938b-93fe980aeffc@group-77DC33C8A8CA, cid=8, seq=null, RW, null, Add:group-77DC33C8A8CA:[95d41743-cdf0-4105-938b-93fe980aeffc|127.0.0.1:15031, 8500c972-c6d1-4433-9d49-a8e3bb920002|127.0.0.1:15023, ff2509eb-55dd-4ad3-b532-83d6209e1a92|127.0.0.1:15015]
java.util.concurrent.CompletionException: org.apache.ratis.protocol.exceptions.AlreadyExistsException: 95d41743-cdf0-4105-938b-93fe980aeffc: Failed to add group-77DC33C8A8CA:[95d41743-cdf0-4105-938b-93fe980aeffc|127.0.0.1:15031, 8500c972-c6d1-4433-9d49-a8e3bb920002|127.0.0.1:15023, ff2509eb-55dd-4ad3-b532-83d6209e1a92|127.0.0.1:15015] since the group already exists in the map.
	at java.base/java.util.concurrent.CompletableFuture.encodeThrowable(CompletableFuture.java:332)
	at java.base/java.util.concurrent.CompletableFuture.uniApplyNow(CompletableFuture.java:674)
	at java.base/java.util.concurrent.CompletableFuture.uniApplyStage(CompletableFuture.java:662)
	at java.base/java.util.concurrent.CompletableFuture.thenApplyAsync(CompletableFuture.java:2210)
	at org.apache.ratis.server.impl.RaftServerProxy.groupAddAsync(RaftServerProxy.java:513)
	at org.apache.ratis.server.impl.RaftServerProxy.groupManagementAsync(RaftServerProxy.java:495)
	at org.apache.ratis.grpc.server.GrpcAdminProtocolService.lambda$groupManagement$0(GrpcAdminProtocolService.java:51)
	at org.apache.ratis.grpc.GrpcUtil.asyncCall(GrpcUtil.java:172)
	at org.apache.ratis.grpc.server.GrpcAdminProtocolService.groupManagement(GrpcAdminProtocolService.java:51)
	at org.apache.ratis.proto.grpc.AdminProtocolServiceGrpc$MethodHandlers.invoke(AdminProtocolServiceGrpc.java:701)
	at org.apache.ratis.thirdparty.io.grpc.stub.ServerCalls$UnaryServerCallHandler$UnaryServerCallListener.onHalfClose(ServerCalls.java:182)
	at org.apache.ratis.thirdparty.io.grpc.internal.ServerCallImpl$ServerStreamListenerImpl.halfClosed(ServerCallImpl.java:356)
	at org.apache.ratis.thirdparty.io.grpc.internal.ServerImpl$JumpToApplicationThreadServerStreamListener$1HalfClosed.runInContext(ServerImpl.java:861)
	at org.apache.ratis.thirdparty.io.grpc.internal.ContextRunnable.run(ContextRunnable.java:37)
	at org.apache.ratis.thirdparty.io.grpc.internal.SerializingExecutor.run(SerializingExecutor.java:133)
	at java.base/java.util.concurrent.ThreadPoolExecutor.runWorker(ThreadPoolExecutor.java:1144)
	at java.base/java.util.concurrent.ThreadPoolExecutor$Worker.run(ThreadPoolExecutor.java:642)
	at java.base/java.lang.Thread.run(Thread.java:1583)
Caused by: org.apache.ratis.protocol.exceptions.AlreadyExistsException: 95d41743-cdf0-4105-938b-93fe980aeffc: Failed to add group-77DC33C8A8CA:[95d41743-cdf0-4105-938b-93fe980aeffc|127.0.0.1:15031, 8500c972-c6d1-4433-9d49-a8e3bb920002|127.0.0.1:15023, ff2509eb-55dd-4ad3-b532-83d6209e1a92|127.0.0.1:15015] since the group already exists in the map.
	at org.apache.ratis.server.impl.RaftServerProxy$ImplMap.addNew(RaftServerProxy.java:99)
	at org.apache.ratis.server.impl.RaftServerProxy.groupAddAsync(RaftServerProxy.java:512)
	... 13 more
2025-09-07 09:44:04,056 [95d41743-cdf0-4105-938b-93fe980aeffc-PipelineCommandHandlerThread-0] INFO  commandhandler.CreatePipelineCommandHandler (CreatePipelineCommandHandler.java:lambda$handle$2(127)) - Created Pipeline RATIS THREE Pipeline-766115e5-0d59-4db5-b7b5-77dc33c8a8ca.
2025-09-07 09:44:04,072 [ForkJoinPool-1-worker-1] INFO  ozone.MiniOzoneClusterImpl (MiniOzoneClusterImpl.java:lambda$waitForClusterToBeReady$0(181)) - Waiting for nodes to be ready. Got 9 of 10 DN Heartbeats.
2025-09-07 09:44:04,072 [ForkJoinPool-1-worker-1] INFO  ozone.MiniOzoneClusterImpl (MiniOzoneClusterImpl.java:lambda$waitForClusterToBeReady$0(184)) - Waiting for cluster to exit safe mode
2025-09-07 09:44:04,072 [ForkJoinPool-1-worker-1] INFO  ozone.MiniOzoneClusterImpl (MiniOzoneClusterImpl.java:lambda$waitForClusterToBeReady$0(186)) - SCM became leader
2025-09-07 09:44:04,073 [8500c972-c6d1-4433-9d49-a8e3bb920002-PipelineCommandHandlerThread-0] INFO  commandhandler.CreatePipelineCommandHandler (CreatePipelineCommandHandler.java:lambda$handle$2(127)) - Created Pipeline RATIS THREE Pipeline-766115e5-0d59-4db5-b7b5-77dc33c8a8ca.
2025-09-07 09:44:04,074 [IPC Server handler 16 on default port 15002] INFO  net.NetworkTopologyImpl (NetworkTopologyImpl.java:add(133)) - Added a new node: /rack1/c7928d43-6313-4dde-8a75-1660f92a858c
2025-09-07 09:44:04,074 [IPC Server handler 16 on default port 15002] INFO  node.SCMNodeManager (SCMNodeManager.java:register(423)) - Registered datanode: c7928d43-6313-4dde-8a75-1660f92a858c{ip: 127.0.0.1, host: localhost, ports: [HTTP=15082, CLIENT_RPC=15083, REPLICATION=15089, RATIS=15085, RATIS_ADMIN=15086, RATIS_SERVER=15087, RATIS_DATASTREAM=15088, STANDALONE=15084], networkLocation: /rack1, certSerialId: null, persistedOpState: null, persistedOpStateExpiryEpochSec: 0}
2025-09-07 09:44:04,074 [EventQueue-NodeRegistrationContainerReportForDataNodeSafeModeRule] INFO  safemode.SCMSafeModeManager (SCMSafeModeManager.java:validateSafeModeExitRules(138)) - DataNodeSafeModeRule rule is successfully validated
2025-09-07 09:44:04,074 [EventQueue-ContainerRegistrationReportForECContainerSafeModeRule] INFO  safemode.SCMSafeModeManager (SCMSafeModeManager.java:validateSafeModeExitRules(138)) - ECContainerSafeModeRule rule is successfully validated
2025-09-07 09:44:04,075 [EventQueue-ContainerRegistrationReportForRatisContainerSafeModeRule] INFO  safemode.SCMSafeModeManager (SCMSafeModeManager.java:validateSafeModeExitRules(138)) - RatisContainerSafeModeRule rule is successfully validated
2025-09-07 09:44:04,075 [EventQueue-NewNodeForNewNodeHandler] INFO  pipeline.BackgroundPipelineCreator (BackgroundPipelineCreator.java:notifyEventTriggered(290)) - trigger a one-shot run on RatisPipelineUtilsThread.
2025-09-07 09:44:04,075 [RatisPipelineUtilsThread-0] INFO  pipeline.RatisPipelineProvider (RatisPipelineProvider.java:lambda$create$0(208)) - Sending CreatePipelineCommand for pipeline:Pipeline-b90fb3c1-d77c-4cba-a089-63593b63008f to datanode:c7928d43-6313-4dde-8a75-1660f92a858c(localhost/127.0.0.1)
2025-09-07 09:44:04,075 [EventQueue-PipelineReportForOneReplicaPipelineSafeModeRule] INFO  safemode.SCMSafeModeManager (SCMSafeModeManager.java:validateSafeModeExitRules(138)) - AtleastOneDatanodeReportedRule rule is successfully validated
2025-09-07 09:44:04,079 [a68d7e4a-8be2-4109-84e0-ed7537249ab2@group-6F7884931D6C-StateMachineUpdater] INFO  safemode.SCMSafeModeManager (SCMSafeModeManager.java:validateSafeModeExitRules(138)) - DataNodeSafeModeRule rule is successfully validated
2025-09-07 09:44:04,079 [a68d7e4a-8be2-4109-84e0-ed7537249ab2@group-6F7884931D6C-StateMachineUpdater] INFO  safemode.SCMSafeModeManager (SCMSafeModeManager.java:validateSafeModeExitRules(138)) - RatisContainerSafeModeRule rule is successfully validated
2025-09-07 09:44:04,079 [a68d7e4a-8be2-4109-84e0-ed7537249ab2@group-6F7884931D6C-StateMachineUpdater] INFO  safemode.HealthyPipelineSafeModeRule (HealthyPipelineSafeModeRule.java:initializeRule(228)) - Refreshed total pipeline count is 0, healthy pipeline threshold count is 1
2025-09-07 09:44:04,080 [a68d7e4a-8be2-4109-84e0-ed7537249ab2@group-6F7884931D6C-StateMachineUpdater] INFO  safemode.SCMSafeModeManager (SCMSafeModeManager.java:validateSafeModeExitRules(138)) - ECContainerSafeModeRule rule is successfully validated
2025-09-07 09:44:04,080 [a68d7e4a-8be2-4109-84e0-ed7537249ab2@group-6F7884931D6C-StateMachineUpdater] INFO  safemode.SCMSafeModeManager (SCMSafeModeManager.java:validateSafeModeExitRules(138)) - AtleastOneDatanodeReportedRule rule is successfully validated
2025-09-07 09:44:04,080 [RatisPipelineUtilsThread-0] INFO  pipeline.BackgroundPipelineCreator (BackgroundPipelineCreator.java:createPipelines(246)) - Created new pipeline Pipeline{ Id: b90fb3c1-d77c-4cba-a089-63593b63008f, Nodes: [ {c7928d43-6313-4dde-8a75-1660f92a858c(localhost/127.0.0.1), ReplicaIndex: 0},], ReplicationConfig: RATIS/ONE, State:ALLOCATED, leaderId:, CreationTimestamp2025-09-07T09:44:04.075788865Z[Etc/UTC]}
2025-09-07 09:44:04,181 [ff2509eb-55dd-4ad3-b532-83d6209e1a92-PipelineCommandHandlerThread-0] INFO  server.RaftServer (RaftServerProxy.java:addNew(105)) - ff2509eb-55dd-4ad3-b532-83d6209e1a92: addNew group-8F87D7C2BFC6:[ff2509eb-55dd-4ad3-b532-83d6209e1a92|127.0.0.1:15015] returns group-8F87D7C2BFC6:java.util.concurrent.CompletableFuture@191bbabf[Not completed]
2025-09-07 09:44:04,183 [ff2509eb-55dd-4ad3-b532-83d6209e1a92-groupManagement] INFO  server.RaftServer$Division (RaftServerImpl.java:<init>(268)) - ff2509eb-55dd-4ad3-b532-83d6209e1a92: new RaftServerImpl for group-8F87D7C2BFC6:[ff2509eb-55dd-4ad3-b532-83d6209e1a92|127.0.0.1:15015] with ContainerStateMachine:uninitialized
2025-09-07 09:44:04,183 [ff2509eb-55dd-4ad3-b532-83d6209e1a92-groupManagement] INFO  server.RaftServer$Division (ServerState.java:<init>(114)) - ff2509eb-55dd-4ad3-b532-83d6209e1a92@group-8F87D7C2BFC6: ConfigurationManager, init=conf: {index: -1, cur=peers:[ff2509eb-55dd-4ad3-b532-83d6209e1a92|127.0.0.1:15015]|listeners:[], old=null}, confs=<EMPTY_MAP>
2025-09-07 09:44:04,189 [ff2509eb-55dd-4ad3-b532-83d6209e1a92-groupManagement] INFO  storage.RaftStorageDirectory (RaftStorageDirectoryImpl.java:analyzeStorage(138)) - The storage directory /home/runner/work/ozone/ozone/hadoop-ozone/integration-test/target/test-dir/MiniOzoneClusterImpl-023d5a78-e64c-43f3-a4d9-6f7884931d6c/ozone-metadata/datanode-1/ratis/84ca9d0f-7cf9-4c2b-a636-8f87d7c2bfc6 does not exist. Creating ...
2025-09-07 09:44:04,190 [ff2509eb-55dd-4ad3-b532-83d6209e1a92-groupManagement] INFO  storage.RaftStorageDirectory (RaftStorageDirectoryImpl.java:tryLock(229)) - Lock on /home/runner/work/ozone/ozone/hadoop-ozone/integration-test/target/test-dir/MiniOzoneClusterImpl-023d5a78-e64c-43f3-a4d9-6f7884931d6c/ozone-metadata/datanode-1/ratis/84ca9d0f-7cf9-4c2b-a636-8f87d7c2bfc6/in_use.lock acquired by nodename 23079@localhost
2025-09-07 09:44:04,191 [ff2509eb-55dd-4ad3-b532-83d6209e1a92-groupManagement] INFO  storage.RaftStorage (RaftStorageImpl.java:format(98)) - Storage directory /home/runner/work/ozone/ozone/hadoop-ozone/integration-test/target/test-dir/MiniOzoneClusterImpl-023d5a78-e64c-43f3-a4d9-6f7884931d6c/ozone-metadata/datanode-1/ratis/84ca9d0f-7cf9-4c2b-a636-8f87d7c2bfc6 has been successfully formatted.
2025-09-07 09:44:04,192 [ff2509eb-55dd-4ad3-b532-83d6209e1a92-groupManagement] INFO  ratis.ContainerStateMachine (ContainerStateMachine.java:initialize(339)) - ff2509eb-55dd-4ad3-b532-83d6209e1a92: initialize group-8F87D7C2BFC6
2025-09-07 09:44:04,192 [ff2509eb-55dd-4ad3-b532-83d6209e1a92-groupManagement] INFO  ratis.ContainerStateMachine (ContainerStateMachine.java:loadSnapshot(347)) - group-8F87D7C2BFC6: The snapshot info is null. Setting the last applied index to:<INITIAL_VALUE>
2025-09-07 09:44:04,192 [ff2509eb-55dd-4ad3-b532-83d6209e1a92-groupManagement] INFO  server.RaftServerConfigKeys (ConfUtils.java:logGet(62)) - raft.server.log.appender.buffer.byte-limit = 33554432 (custom)
2025-09-07 09:44:04,196 [ff2509eb-55dd-4ad3-b532-83d6209e1a92-groupManagement] INFO  server.RaftServerConfigKeys (ConfUtils.java:logGet(62)) - raft.server.log.segment.size.max = 67108864 (custom)
2025-09-07 09:44:04,197 [EventQueue-PipelineReportForOneReplicaPipelineSafeModeRule] INFO  safemode.SCMSafeModeManager (SCMSafeModeManager.java:validateSafeModeExitRules(138)) - AtleastOneDatanodeReportedRule rule is successfully validated
2025-09-07 09:44:04,198 [ff2509eb-55dd-4ad3-b532-83d6209e1a92-groupManagement] INFO  server.RaftServerConfigKeys (ConfUtils.java:logGet(62)) - raft.server.log.appender.buffer.byte-limit = 33554432 (custom)
2025-09-07 09:44:04,199 [ff2509eb-55dd-4ad3-b532-83d6209e1a92-groupManagement] INFO  util.AwaitToRun (AwaitToRun.java:start(81)) - Thread[#1240,ff2509eb-55dd-4ad3-b532-83d6209e1a92@group-8F87D7C2BFC6-cacheEviction-AwaitToRun,5,main] started
2025-09-07 09:44:04,199 [ff2509eb-55dd-4ad3-b532-83d6209e1a92-groupManagement] INFO  segmented.SegmentedRaftLogWorker (SegmentedRaftLogWorker.java:<init>(190)) - new ff2509eb-55dd-4ad3-b532-83d6209e1a92@group-8F87D7C2BFC6-SegmentedRaftLogWorker for RaftStorageImpl:Storage Directory /home/runner/work/ozone/ozone/hadoop-ozone/integration-test/target/test-dir/MiniOzoneClusterImpl-023d5a78-e64c-43f3-a4d9-6f7884931d6c/ozone-metadata/datanode-1/ratis/84ca9d0f-7cf9-4c2b-a636-8f87d7c2bfc6
2025-09-07 09:44:04,199 [ff2509eb-55dd-4ad3-b532-83d6209e1a92-groupManagement] INFO  server.RaftServerConfigKeys (ConfUtils.java:logGet(62)) - raft.server.log.queue.byte-limit = 4294967296 (custom)
2025-09-07 09:44:04,199 [ff2509eb-55dd-4ad3-b532-83d6209e1a92-groupManagement] INFO  server.RaftServerConfigKeys (ConfUtils.java:logGet(62)) - raft.server.log.segment.size.max = 67108864 (custom)
2025-09-07 09:44:04,199 [ff2509eb-55dd-4ad3-b532-83d6209e1a92-groupManagement] INFO  server.RaftServerConfigKeys (ConfUtils.java:logGet(62)) - raft.server.log.preallocated.size = 4194304 (custom)
2025-09-07 09:44:04,200 [ff2509eb-55dd-4ad3-b532-83d6209e1a92-groupManagement] INFO  server.RaftServerConfigKeys (ConfUtils.java:logGet(62)) - raft.server.log.write.buffer.size = 33554440 (custom)
2025-09-07 09:44:04,205 [a68d7e4a-8be2-4109-84e0-ed7537249ab2@group-6F7884931D6C-StateMachineUpdater] INFO  safemode.SCMSafeModeManager (SCMSafeModeManager.java:validateSafeModeExitRules(138)) - DataNodeSafeModeRule rule is successfully validated
2025-09-07 09:44:04,207 [a68d7e4a-8be2-4109-84e0-ed7537249ab2@group-6F7884931D6C-StateMachineUpdater] INFO  safemode.SCMSafeModeManager (SCMSafeModeManager.java:validateSafeModeExitRules(138)) - RatisContainerSafeModeRule rule is successfully validated
2025-09-07 09:44:04,206 [ff2509eb-55dd-4ad3-b532-83d6209e1a92-groupManagement] INFO  server.RaftServerConfigKeys (ConfUtils.java:logGet(62)) - raft.server.log.appender.buffer.byte-limit = 33554432 (custom)
2025-09-07 09:44:04,207 [ff2509eb-55dd-4ad3-b532-83d6209e1a92-groupManagement] INFO  segmented.SegmentedRaftLogWorker (SegmentedRaftLogWorker.java:lambda$new$0(141)) - ff2509eb-55dd-4ad3-b532-83d6209e1a92@group-8F87D7C2BFC6-SegmentedRaftLogWorker: flushIndex: setUnconditionally 0 -> -1
2025-09-07 09:44:04,207 [ff2509eb-55dd-4ad3-b532-83d6209e1a92-groupManagement] INFO  segmented.SegmentedRaftLogWorker (SegmentedRaftLogWorker.java:lambda$new$0(141)) - ff2509eb-55dd-4ad3-b532-83d6209e1a92@group-8F87D7C2BFC6-SegmentedRaftLogWorker: safeCacheEvictIndex: setUnconditionally 0 -> -1
2025-09-07 09:44:04,208 [a68d7e4a-8be2-4109-84e0-ed7537249ab2@group-6F7884931D6C-StateMachineUpdater] INFO  safemode.HealthyPipelineSafeModeRule (HealthyPipelineSafeModeRule.java:initializeRule(228)) - Refreshed total pipeline count is 0, healthy pipeline threshold count is 1
2025-09-07 09:44:04,208 [a68d7e4a-8be2-4109-84e0-ed7537249ab2@group-6F7884931D6C-StateMachineUpdater] INFO  safemode.SCMSafeModeManager (SCMSafeModeManager.java:validateSafeModeExitRules(138)) - ECContainerSafeModeRule rule is successfully validated
2025-09-07 09:44:04,208 [a68d7e4a-8be2-4109-84e0-ed7537249ab2@group-6F7884931D6C-StateMachineUpdater] INFO  safemode.SCMSafeModeManager (SCMSafeModeManager.java:validateSafeModeExitRules(138)) - AtleastOneDatanodeReportedRule rule is successfully validated
2025-09-07 09:44:04,208 [EventQueue-PipelineReportForPipelineReportHandler] INFO  pipeline.PipelineReportHandler (PipelineReportHandler.java:processPipelineReport(134)) - Opened pipeline Pipeline-84ca9d0f-7cf9-4c2b-a636-8f87d7c2bfc6
2025-09-07 09:44:04,209 [ff2509eb-55dd-4ad3-b532-83d6209e1a92-groupManagement] INFO  server.RaftServer$Division (RaftServerImpl.java:start(405)) - ff2509eb-55dd-4ad3-b532-83d6209e1a92@group-8F87D7C2BFC6: start as a follower, conf=conf: {index: -1, cur=peers:[ff2509eb-55dd-4ad3-b532-83d6209e1a92|127.0.0.1:15015]|listeners:[], old=null}
2025-09-07 09:44:04,209 [ff2509eb-55dd-4ad3-b532-83d6209e1a92-groupManagement] INFO  server.RaftServer$Division (RaftServerImpl.java:setRole(392)) - ff2509eb-55dd-4ad3-b532-83d6209e1a92@group-8F87D7C2BFC6: changes role from      null to FOLLOWER at term 0 for startAsFollower
2025-09-07 09:44:04,209 [ff2509eb-55dd-4ad3-b532-83d6209e1a92-groupManagement] INFO  impl.RoleInfo (RoleInfo.java:updateAndGet(148)) - ff2509eb-55dd-4ad3-b532-83d6209e1a92: start ff2509eb-55dd-4ad3-b532-83d6209e1a92@group-8F87D7C2BFC6-FollowerState
2025-09-07 09:44:04,210 [ff2509eb-55dd-4ad3-b532-83d6209e1a92-groupManagement] INFO  util.JmxRegister (JmxRegister.java:tryRegister(44)) - Successfully registered JMX Bean with object name Ratis:service=RaftServer,group=group-8F87D7C2BFC6,id=ff2509eb-55dd-4ad3-b532-83d6209e1a92
2025-09-07 09:44:04,210 [ff2509eb-55dd-4ad3-b532-83d6209e1a92-groupManagement] INFO  util.JmxRegister (JmxRegister.java:register(58)) - register mxBean class org.apache.ratis.server.impl.RaftServerJmxAdapter as Ratis:service=RaftServer,group=group-8F87D7C2BFC6,id=ff2509eb-55dd-4ad3-b532-83d6209e1a92
2025-09-07 09:44:04,211 [ff2509eb-55dd-4ad3-b532-83d6209e1a92-groupManagement] INFO  server.RaftServer$Division (RaftServerImpl.java:start(419)) - ff2509eb-55dd-4ad3-b532-83d6209e1a92@group-8F87D7C2BFC6: Successfully started.
2025-09-07 09:44:04,211 [ff2509eb-55dd-4ad3-b532-83d6209e1a92-PipelineCommandHandlerThread-0] INFO  ratis.XceiverServerRatis (XceiverServerRatis.java:addGroup(846)) - Created group Pipeline-84ca9d0f-7cf9-4c2b-a636-8f87d7c2bfc6
2025-09-07 09:44:04,211 [ff2509eb-55dd-4ad3-b532-83d6209e1a92-PipelineCommandHandlerThread-0] INFO  commandhandler.CreatePipelineCommandHandler (CreatePipelineCommandHandler.java:lambda$handle$2(127)) - Created Pipeline RATIS ONE Pipeline-84ca9d0f-7cf9-4c2b-a636-8f87d7c2bfc6.
2025-09-07 09:44:04,573 [8500c972-c6d1-4433-9d49-a8e3bb920002@group-7B86A1802608-FollowerState] INFO  impl.FollowerState (FollowerState.java:runImpl(161)) - 8500c972-c6d1-4433-9d49-a8e3bb920002@group-7B86A1802608-FollowerState: change to CANDIDATE, lastRpcElapsedTime:1067505262ns, electionTimeout:1067ms
2025-09-07 09:44:04,573 [8500c972-c6d1-4433-9d49-a8e3bb920002@group-7B86A1802608-FollowerState] INFO  impl.RoleInfo (RoleInfo.java:shutdownFollowerState(121)) - 8500c972-c6d1-4433-9d49-a8e3bb920002: shutdown 8500c972-c6d1-4433-9d49-a8e3bb920002@group-7B86A1802608-FollowerState
2025-09-07 09:44:04,573 [8500c972-c6d1-4433-9d49-a8e3bb920002@group-7B86A1802608-FollowerState] INFO  server.RaftServer$Division (RaftServerImpl.java:setRole(392)) - 8500c972-c6d1-4433-9d49-a8e3bb920002@group-7B86A1802608: changes role from  FOLLOWER to CANDIDATE at term 0 for changeToCandidate
2025-09-07 09:44:04,574 [8500c972-c6d1-4433-9d49-a8e3bb920002@group-7B86A1802608-FollowerState] INFO  impl.RoleInfo (RoleInfo.java:updateAndGet(148)) - 8500c972-c6d1-4433-9d49-a8e3bb920002: start 8500c972-c6d1-4433-9d49-a8e3bb920002@group-7B86A1802608-LeaderElection4
2025-09-07 09:44:04,574 [8500c972-c6d1-4433-9d49-a8e3bb920002@group-7B86A1802608-LeaderElection4] INFO  impl.LeaderElection (LeaderElection.java:askForVotes(448)) - 8500c972-c6d1-4433-9d49-a8e3bb920002@group-7B86A1802608-LeaderElection4 PRE_VOTE round 0: submit vote requests at term 0 for conf: {index: -1, cur=peers:[8500c972-c6d1-4433-9d49-a8e3bb920002|127.0.0.1:15023]|listeners:[], old=null}
2025-09-07 09:44:04,574 [8500c972-c6d1-4433-9d49-a8e3bb920002@group-7B86A1802608-LeaderElection4] INFO  impl.LeaderElection (LeaderElection.java:askForVotes(450)) - 8500c972-c6d1-4433-9d49-a8e3bb920002@group-7B86A1802608-LeaderElection4 PRE_VOTE round 0: result PASSED (term=0)
2025-09-07 09:44:04,576 [8500c972-c6d1-4433-9d49-a8e3bb920002@group-7B86A1802608-LeaderElection4] INFO  impl.LeaderElection (LeaderElection.java:askForVotes(448)) - 8500c972-c6d1-4433-9d49-a8e3bb920002@group-7B86A1802608-LeaderElection4 ELECTION round 0: submit vote requests at term 1 for conf: {index: -1, cur=peers:[8500c972-c6d1-4433-9d49-a8e3bb920002|127.0.0.1:15023]|listeners:[], old=null}
2025-09-07 09:44:04,576 [8500c972-c6d1-4433-9d49-a8e3bb920002@group-7B86A1802608-LeaderElection4] INFO  impl.LeaderElection (LeaderElection.java:askForVotes(450)) - 8500c972-c6d1-4433-9d49-a8e3bb920002@group-7B86A1802608-LeaderElection4 ELECTION round 0: result PASSED (term=1)
2025-09-07 09:44:04,576 [8500c972-c6d1-4433-9d49-a8e3bb920002@group-7B86A1802608-LeaderElection4] INFO  impl.RoleInfo (RoleInfo.java:shutdownLeaderElection(141)) - 8500c972-c6d1-4433-9d49-a8e3bb920002: shutdown 8500c972-c6d1-4433-9d49-a8e3bb920002@group-7B86A1802608-LeaderElection4
2025-09-07 09:44:04,576 [8500c972-c6d1-4433-9d49-a8e3bb920002@group-7B86A1802608-LeaderElection4] INFO  server.RaftServer$Division (RaftServerImpl.java:setRole(392)) - 8500c972-c6d1-4433-9d49-a8e3bb920002@group-7B86A1802608: changes role from CANDIDATE to LEADER at term 1 for changeToLeader
2025-09-07 09:44:04,576 [8500c972-c6d1-4433-9d49-a8e3bb920002@group-7B86A1802608-LeaderElection4] INFO  server.RaftServerConfigKeys (ConfUtils.java:logFallback(69)) - raft.server.staging.timeout = 3600ms (fallback to raft.server.rpc.timeout.max)
2025-09-07 09:44:04,576 [8500c972-c6d1-4433-9d49-a8e3bb920002@group-7B86A1802608-LeaderElection4] INFO  server.RaftServerConfigKeys (ConfUtils.java:logGet(62)) - raft.server.write.element-limit = 1024 (custom)
2025-09-07 09:44:04,576 [8500c972-c6d1-4433-9d49-a8e3bb920002@group-7B86A1802608-LeaderElection4] INFO  server.RaftServerConfigKeys (ConfUtils.java:logGet(62)) - raft.server.write.byte-limit = 1024 M (=1073741824) (custom)
2025-09-07 09:44:04,577 [8500c972-c6d1-4433-9d49-a8e3bb920002@group-7B86A1802608-LeaderElection4] INFO  server.RaftServerConfigKeys (ConfUtils.java:logGet(62)) - raft.server.watch.timeout = 3000ms (custom)
2025-09-07 09:44:04,578 [8500c972-c6d1-4433-9d49-a8e3bb920002@group-7B86A1802608-LeaderElection4] INFO  server.RaftServerConfigKeys (ConfUtils.java:logGet(62)) - raft.server.log.log-metadata.enabled = true (default)
2025-09-07 09:44:04,578 [8500c972-c6d1-4433-9d49-a8e3bb920002@group-7B86A1802608-LeaderElection4] INFO  impl.RoleInfo (RoleInfo.java:updateAndGet(148)) - 8500c972-c6d1-4433-9d49-a8e3bb920002: start 8500c972-c6d1-4433-9d49-a8e3bb920002@group-7B86A1802608-LeaderStateImpl
2025-09-07 09:44:04,578 [8500c972-c6d1-4433-9d49-a8e3bb920002@group-7B86A1802608-LeaderElection4] INFO  server.RaftServer$Division (RaftServerImpl.java:setFirstElection(576)) - 8500c972-c6d1-4433-9d49-a8e3bb920002@group-7B86A1802608: set firstElectionSinceStartup to false for becomeLeader
2025-09-07 09:44:04,578 [8500c972-c6d1-4433-9d49-a8e3bb920002@group-7B86A1802608-LeaderElection4] INFO  ratis.XceiverServerRatis (XceiverServerRatis.java:handleLeaderChangedNotification(947)) - Leader change notification received for group: group-7B86A1802608 with new leaderId: 8500c972-c6d1-4433-9d49-a8e3bb920002
2025-09-07 09:44:04,579 [8500c972-c6d1-4433-9d49-a8e3bb920002@group-7B86A1802608-LeaderElection4] INFO  server.RaftServer$Division (ServerState.java:setLeader(272)) - 8500c972-c6d1-4433-9d49-a8e3bb920002@group-7B86A1802608: change Leader from null to 8500c972-c6d1-4433-9d49-a8e3bb920002 at term 1 for becomeLeader, leader elected after 1105ms
2025-09-07 09:44:04,579 [8500c972-c6d1-4433-9d49-a8e3bb920002@group-7B86A1802608-LeaderElection4] INFO  segmented.SegmentedRaftLogWorker (SegmentedRaftLogWorker.java:startLogSegment(440)) - 8500c972-c6d1-4433-9d49-a8e3bb920002@group-7B86A1802608-SegmentedRaftLogWorker: Starting segment from index:0
2025-09-07 09:44:04,579 [8500c972-c6d1-4433-9d49-a8e3bb920002@group-7B86A1802608-LeaderElection4] INFO  server.RaftServer$Division (ServerState.java:setRaftConf(386)) - 8500c972-c6d1-4433-9d49-a8e3bb920002@group-7B86A1802608: set configuration conf: {index: 0, cur=peers:[8500c972-c6d1-4433-9d49-a8e3bb920002|127.0.0.1:15023]|listeners:[], old=null}
2025-09-07 09:44:04,580 [8500c972-c6d1-4433-9d49-a8e3bb920002@group-7B86A1802608-SegmentedRaftLogWorker] INFO  segmented.BufferedWriteChannel (BufferedWriteChannel.java:open(61)) - open log_inprogress_0 at position 0
2025-09-07 09:44:04,580 [EventQueue-PipelineReportForOneReplicaPipelineSafeModeRule] INFO  safemode.SCMSafeModeManager (SCMSafeModeManager.java:validateSafeModeExitRules(138)) - AtleastOneDatanodeReportedRule rule is successfully validated
2025-09-07 09:44:04,587 [8500c972-c6d1-4433-9d49-a8e3bb920002@group-7B86A1802608-SegmentedRaftLogWorker] INFO  segmented.SegmentedRaftLogWorker (SegmentedRaftLogWorker.java:execute(647)) - 8500c972-c6d1-4433-9d49-a8e3bb920002@group-7B86A1802608-SegmentedRaftLogWorker: created new log segment /home/runner/work/ozone/ozone/hadoop-ozone/integration-test/target/test-dir/MiniOzoneClusterImpl-023d5a78-e64c-43f3-a4d9-6f7884931d6c/ozone-metadata/datanode-2/ratis/964e2755-6250-4d78-b504-7b86a1802608/current/log_inprogress_0
2025-09-07 09:44:04,590 [8500c972-c6d1-4433-9d49-a8e3bb920002@group-7B86A1802608-StateMachineUpdater] INFO  server.RaftServer$Division (LeaderStateImpl.java:checkStartIndex(309)) - Leader 8500c972-c6d1-4433-9d49-a8e3bb920002@group-7B86A1802608-LeaderStateImpl is ready since appliedIndex == startIndex == 0
2025-09-07 09:44:04,660 [8500c972-c6d1-4433-9d49-a8e3bb920002@group-DDE89B3F2AFE-FollowerState] INFO  impl.FollowerState (FollowerState.java:runImpl(161)) - 8500c972-c6d1-4433-9d49-a8e3bb920002@group-DDE89B3F2AFE-FollowerState: change to CANDIDATE, lastRpcElapsedTime:1121467892ns, electionTimeout:1121ms
2025-09-07 09:44:04,660 [8500c972-c6d1-4433-9d49-a8e3bb920002@group-DDE89B3F2AFE-FollowerState] INFO  impl.RoleInfo (RoleInfo.java:shutdownFollowerState(121)) - 8500c972-c6d1-4433-9d49-a8e3bb920002: shutdown 8500c972-c6d1-4433-9d49-a8e3bb920002@group-DDE89B3F2AFE-FollowerState
2025-09-07 09:44:04,660 [8500c972-c6d1-4433-9d49-a8e3bb920002@group-DDE89B3F2AFE-FollowerState] INFO  server.RaftServer$Division (RaftServerImpl.java:setRole(392)) - 8500c972-c6d1-4433-9d49-a8e3bb920002@group-DDE89B3F2AFE: changes role from  FOLLOWER to CANDIDATE at term 0 for changeToCandidate
2025-09-07 09:44:04,660 [8500c972-c6d1-4433-9d49-a8e3bb920002@group-DDE89B3F2AFE-FollowerState] INFO  impl.RoleInfo (RoleInfo.java:updateAndGet(148)) - 8500c972-c6d1-4433-9d49-a8e3bb920002: start 8500c972-c6d1-4433-9d49-a8e3bb920002@group-DDE89B3F2AFE-LeaderElection5
2025-09-07 09:44:04,660 [8500c972-c6d1-4433-9d49-a8e3bb920002@group-DDE89B3F2AFE-LeaderElection5] INFO  impl.LeaderElection (LeaderElection.java:askForVotes(448)) - 8500c972-c6d1-4433-9d49-a8e3bb920002@group-DDE89B3F2AFE-LeaderElection5 PRE_VOTE round 0: submit vote requests at term 0 for conf: {index: -1, cur=peers:[95d41743-cdf0-4105-938b-93fe980aeffc|127.0.0.1:15031, 8500c972-c6d1-4433-9d49-a8e3bb920002|127.0.0.1:15023, ff2509eb-55dd-4ad3-b532-83d6209e1a92|127.0.0.1:15015]|listeners:[], old=null}
2025-09-07 09:44:04,663 [8500c972-c6d1-4433-9d49-a8e3bb920002@group-DDE89B3F2AFE-LeaderElection5-1] INFO  server.GrpcServerProtocolClient (GrpcServerProtocolClient.java:<init>(65)) - Build channel for 95d41743-cdf0-4105-938b-93fe980aeffc|127.0.0.1:15031
2025-09-07 09:44:04,663 [8500c972-c6d1-4433-9d49-a8e3bb920002@group-DDE89B3F2AFE-LeaderElection5-2] INFO  server.GrpcServerProtocolClient (GrpcServerProtocolClient.java:<init>(65)) - Build channel for ff2509eb-55dd-4ad3-b532-83d6209e1a92|127.0.0.1:15015
2025-09-07 09:44:04,673 [grpc-default-executor-0] INFO  server.RaftServer$Division (RaftServerImpl.java:requestVote(1421)) - ff2509eb-55dd-4ad3-b532-83d6209e1a92@group-DDE89B3F2AFE: receive requestVote(PRE_VOTE, 8500c972-c6d1-4433-9d49-a8e3bb920002, group-DDE89B3F2AFE, 0, <PROTO_DEFAULT>)
2025-09-07 09:44:04,673 [grpc-default-executor-1] INFO  server.RaftServer$Division (RaftServerImpl.java:requestVote(1421)) - 95d41743-cdf0-4105-938b-93fe980aeffc@group-DDE89B3F2AFE: receive requestVote(PRE_VOTE, 8500c972-c6d1-4433-9d49-a8e3bb920002, group-DDE89B3F2AFE, 0, <PROTO_DEFAULT>)
2025-09-07 09:44:04,675 [grpc-default-executor-1] INFO  impl.VoteContext (VoteContext.java:log(49)) - 95d41743-cdf0-4105-938b-93fe980aeffc@group-DDE89B3F2AFE-FOLLOWER: reject PRE_VOTE from 8500c972-c6d1-4433-9d49-a8e3bb920002: our priority 1 > candidate's priority 0
2025-09-07 09:44:04,675 [grpc-default-executor-0] INFO  impl.VoteContext (VoteContext.java:log(49)) - ff2509eb-55dd-4ad3-b532-83d6209e1a92@group-DDE89B3F2AFE-FOLLOWER: accept PRE_VOTE from 8500c972-c6d1-4433-9d49-a8e3bb920002: our priority 0 <= candidate's priority 0
2025-09-07 09:44:04,677 [grpc-default-executor-0] INFO  server.RaftServer$Division (RaftServerImpl.java:requestVote(1455)) - ff2509eb-55dd-4ad3-b532-83d6209e1a92@group-DDE89B3F2AFE replies to PRE_VOTE vote request: 8500c972-c6d1-4433-9d49-a8e3bb920002<-ff2509eb-55dd-4ad3-b532-83d6209e1a92#0:OK-t0-last:<INITIAL_VALUE>. Peer's state: ff2509eb-55dd-4ad3-b532-83d6209e1a92@group-DDE89B3F2AFE:t0, leader=null, voted=, raftlog=Memoized:ff2509eb-55dd-4ad3-b532-83d6209e1a92@group-DDE89B3F2AFE-SegmentedRaftLog:OPENED:c-1:lastnull, conf=conf: {index: -1, cur=peers:[95d41743-cdf0-4105-938b-93fe980aeffc|127.0.0.1:15031, 8500c972-c6d1-4433-9d49-a8e3bb920002|127.0.0.1:15023, ff2509eb-55dd-4ad3-b532-83d6209e1a92|127.0.0.1:15015]|listeners:[], old=null}
2025-09-07 09:44:04,677 [grpc-default-executor-1] INFO  server.RaftServer$Division (RaftServerImpl.java:requestVote(1455)) - 95d41743-cdf0-4105-938b-93fe980aeffc@group-DDE89B3F2AFE replies to PRE_VOTE vote request: 8500c972-c6d1-4433-9d49-a8e3bb920002<-95d41743-cdf0-4105-938b-93fe980aeffc#0:FAIL-t0-last:<INITIAL_VALUE>. Peer's state: 95d41743-cdf0-4105-938b-93fe980aeffc@group-DDE89B3F2AFE:t0, leader=null, voted=, raftlog=Memoized:95d41743-cdf0-4105-938b-93fe980aeffc@group-DDE89B3F2AFE-SegmentedRaftLog:OPENED:c-1:lastnull, conf=conf: {index: -1, cur=peers:[95d41743-cdf0-4105-938b-93fe980aeffc|127.0.0.1:15031, 8500c972-c6d1-4433-9d49-a8e3bb920002|127.0.0.1:15023, ff2509eb-55dd-4ad3-b532-83d6209e1a92|127.0.0.1:15015]|listeners:[], old=null}
2025-09-07 09:44:04,681 [8500c972-c6d1-4433-9d49-a8e3bb920002@group-DDE89B3F2AFE-LeaderElection5] INFO  impl.LeaderElection (LeaderElection.java:logAndReturn(206)) - 8500c972-c6d1-4433-9d49-a8e3bb920002@group-DDE89B3F2AFE-LeaderElection5: PRE_VOTE REJECTED received 1 response(s) and 0 exception(s):
2025-09-07 09:44:04,681 [8500c972-c6d1-4433-9d49-a8e3bb920002@group-DDE89B3F2AFE-LeaderElection5] INFO  impl.LeaderElection (LeaderElection.java:logAndReturn(210)) -   Response 0: 8500c972-c6d1-4433-9d49-a8e3bb920002<-95d41743-cdf0-4105-938b-93fe980aeffc#0:FAIL-t0-last:<INITIAL_VALUE>
2025-09-07 09:44:04,682 [8500c972-c6d1-4433-9d49-a8e3bb920002@group-DDE89B3F2AFE-LeaderElection5] INFO  impl.LeaderElection (LeaderElection.java:askForVotes(450)) - 8500c972-c6d1-4433-9d49-a8e3bb920002@group-DDE89B3F2AFE-LeaderElection5 PRE_VOTE round 0: result REJECTED
2025-09-07 09:44:04,682 [8500c972-c6d1-4433-9d49-a8e3bb920002@group-DDE89B3F2AFE-LeaderElection5] INFO  server.RaftServer$Division (RaftServerImpl.java:setRole(392)) - 8500c972-c6d1-4433-9d49-a8e3bb920002@group-DDE89B3F2AFE: changes role from CANDIDATE to FOLLOWER at term 0 for REJECTED
2025-09-07 09:44:04,682 [8500c972-c6d1-4433-9d49-a8e3bb920002@group-DDE89B3F2AFE-LeaderElection5] INFO  impl.RoleInfo (RoleInfo.java:shutdownLeaderElection(141)) - 8500c972-c6d1-4433-9d49-a8e3bb920002: shutdown 8500c972-c6d1-4433-9d49-a8e3bb920002@group-DDE89B3F2AFE-LeaderElection5
2025-09-07 09:44:04,682 [8500c972-c6d1-4433-9d49-a8e3bb920002@group-DDE89B3F2AFE-LeaderElection5] INFO  impl.RoleInfo (RoleInfo.java:updateAndGet(148)) - 8500c972-c6d1-4433-9d49-a8e3bb920002: start 8500c972-c6d1-4433-9d49-a8e3bb920002@group-DDE89B3F2AFE-FollowerState
2025-09-07 09:44:04,683 [8500c972-c6d1-4433-9d49-a8e3bb920002@group-DDE89B3F2AFE-LeaderElection5] INFO  server.RaftServer$Division (RaftServerImpl.java:setFirstElection(576)) - 8500c972-c6d1-4433-9d49-a8e3bb920002@group-DDE89B3F2AFE: set firstElectionSinceStartup to false for REJECTED
2025-09-07 09:44:04,846 [95d41743-cdf0-4105-938b-93fe980aeffc@group-DDE89B3F2AFE-FollowerState] INFO  impl.FollowerState (FollowerState.java:runImpl(161)) - 95d41743-cdf0-4105-938b-93fe980aeffc@group-DDE89B3F2AFE-FollowerState: change to CANDIDATE, lastRpcElapsedTime:1044512519ns, electionTimeout:1044ms
2025-09-07 09:44:04,846 [95d41743-cdf0-4105-938b-93fe980aeffc@group-DDE89B3F2AFE-FollowerState] INFO  impl.RoleInfo (RoleInfo.java:shutdownFollowerState(121)) - 95d41743-cdf0-4105-938b-93fe980aeffc: shutdown 95d41743-cdf0-4105-938b-93fe980aeffc@group-DDE89B3F2AFE-FollowerState
2025-09-07 09:44:04,846 [95d41743-cdf0-4105-938b-93fe980aeffc@group-DDE89B3F2AFE-FollowerState] INFO  server.RaftServer$Division (RaftServerImpl.java:setRole(392)) - 95d41743-cdf0-4105-938b-93fe980aeffc@group-DDE89B3F2AFE: changes role from  FOLLOWER to CANDIDATE at term 0 for changeToCandidate
2025-09-07 09:44:04,846 [95d41743-cdf0-4105-938b-93fe980aeffc@group-DDE89B3F2AFE-FollowerState] INFO  impl.RoleInfo (RoleInfo.java:updateAndGet(148)) - 95d41743-cdf0-4105-938b-93fe980aeffc: start 95d41743-cdf0-4105-938b-93fe980aeffc@group-DDE89B3F2AFE-LeaderElection6
2025-09-07 09:44:04,847 [95d41743-cdf0-4105-938b-93fe980aeffc@group-DDE89B3F2AFE-LeaderElection6] INFO  impl.LeaderElection (LeaderElection.java:askForVotes(448)) - 95d41743-cdf0-4105-938b-93fe980aeffc@group-DDE89B3F2AFE-LeaderElection6 PRE_VOTE round 0: submit vote requests at term 0 for conf: {index: -1, cur=peers:[95d41743-cdf0-4105-938b-93fe980aeffc|127.0.0.1:15031, 8500c972-c6d1-4433-9d49-a8e3bb920002|127.0.0.1:15023, ff2509eb-55dd-4ad3-b532-83d6209e1a92|127.0.0.1:15015]|listeners:[], old=null}
2025-09-07 09:44:04,847 [95d41743-cdf0-4105-938b-93fe980aeffc@group-DDE89B3F2AFE-LeaderElection6-1] INFO  server.GrpcServerProtocolClient (GrpcServerProtocolClient.java:<init>(65)) - Build channel for 8500c972-c6d1-4433-9d49-a8e3bb920002|127.0.0.1:15023
2025-09-07 09:44:04,847 [95d41743-cdf0-4105-938b-93fe980aeffc@group-DDE89B3F2AFE-LeaderElection6-2] INFO  server.GrpcServerProtocolClient (GrpcServerProtocolClient.java:<init>(65)) - Build channel for ff2509eb-55dd-4ad3-b532-83d6209e1a92|127.0.0.1:15015
2025-09-07 09:44:04,852 [grpc-default-executor-1] INFO  server.RaftServer$Division (RaftServerImpl.java:requestVote(1421)) - ff2509eb-55dd-4ad3-b532-83d6209e1a92@group-DDE89B3F2AFE: receive requestVote(PRE_VOTE, 95d41743-cdf0-4105-938b-93fe980aeffc, group-DDE89B3F2AFE, 0, <PROTO_DEFAULT>)
2025-09-07 09:44:04,852 [grpc-default-executor-0] INFO  server.RaftServer$Division (RaftServerImpl.java:requestVote(1421)) - 8500c972-c6d1-4433-9d49-a8e3bb920002@group-DDE89B3F2AFE: receive requestVote(PRE_VOTE, 95d41743-cdf0-4105-938b-93fe980aeffc, group-DDE89B3F2AFE, 0, <PROTO_DEFAULT>)
2025-09-07 09:44:04,852 [grpc-default-executor-1] INFO  impl.VoteContext (VoteContext.java:log(49)) - ff2509eb-55dd-4ad3-b532-83d6209e1a92@group-DDE89B3F2AFE-FOLLOWER: accept PRE_VOTE from 95d41743-cdf0-4105-938b-93fe980aeffc: our priority 0 <= candidate's priority 1
2025-09-07 09:44:04,852 [grpc-default-executor-0] INFO  impl.VoteContext (VoteContext.java:log(49)) - 8500c972-c6d1-4433-9d49-a8e3bb920002@group-DDE89B3F2AFE-FOLLOWER: accept PRE_VOTE from 95d41743-cdf0-4105-938b-93fe980aeffc: our priority 0 <= candidate's priority 1
2025-09-07 09:44:04,853 [grpc-default-executor-1] INFO  server.RaftServer$Division (RaftServerImpl.java:requestVote(1455)) - ff2509eb-55dd-4ad3-b532-83d6209e1a92@group-DDE89B3F2AFE replies to PRE_VOTE vote request: 95d41743-cdf0-4105-938b-93fe980aeffc<-ff2509eb-55dd-4ad3-b532-83d6209e1a92#0:OK-t0-last:<INITIAL_VALUE>. Peer's state: ff2509eb-55dd-4ad3-b532-83d6209e1a92@group-DDE89B3F2AFE:t0, leader=null, voted=, raftlog=Memoized:ff2509eb-55dd-4ad3-b532-83d6209e1a92@group-DDE89B3F2AFE-SegmentedRaftLog:OPENED:c-1:lastnull, conf=conf: {index: -1, cur=peers:[95d41743-cdf0-4105-938b-93fe980aeffc|127.0.0.1:15031, 8500c972-c6d1-4433-9d49-a8e3bb920002|127.0.0.1:15023, ff2509eb-55dd-4ad3-b532-83d6209e1a92|127.0.0.1:15015]|listeners:[], old=null}
2025-09-07 09:44:04,853 [grpc-default-executor-0] INFO  server.RaftServer$Division (RaftServerImpl.java:requestVote(1455)) - 8500c972-c6d1-4433-9d49-a8e3bb920002@group-DDE89B3F2AFE replies to PRE_VOTE vote request: 95d41743-cdf0-4105-938b-93fe980aeffc<-8500c972-c6d1-4433-9d49-a8e3bb920002#0:OK-t0-last:<INITIAL_VALUE>. Peer's state: 8500c972-c6d1-4433-9d49-a8e3bb920002@group-DDE89B3F2AFE:t0, leader=null, voted=, raftlog=Memoized:8500c972-c6d1-4433-9d49-a8e3bb920002@group-DDE89B3F2AFE-SegmentedRaftLog:OPENED:c-1:lastnull, conf=conf: {index: -1, cur=peers:[95d41743-cdf0-4105-938b-93fe980aeffc|127.0.0.1:15031, 8500c972-c6d1-4433-9d49-a8e3bb920002|127.0.0.1:15023, ff2509eb-55dd-4ad3-b532-83d6209e1a92|127.0.0.1:15015]|listeners:[], old=null}
2025-09-07 09:44:04,854 [95d41743-cdf0-4105-938b-93fe980aeffc@group-DDE89B3F2AFE-LeaderElection6] INFO  impl.LeaderElection (LeaderElection.java:logAndReturn(206)) - 95d41743-cdf0-4105-938b-93fe980aeffc@group-DDE89B3F2AFE-LeaderElection6: PRE_VOTE PASSED received 1 response(s) and 0 exception(s):
2025-09-07 09:44:04,854 [95d41743-cdf0-4105-938b-93fe980aeffc@group-DDE89B3F2AFE-LeaderElection6] INFO  impl.LeaderElection (LeaderElection.java:logAndReturn(210)) -   Response 0: 95d41743-cdf0-4105-938b-93fe980aeffc<-ff2509eb-55dd-4ad3-b532-83d6209e1a92#0:OK-t0-last:<INITIAL_VALUE>
2025-09-07 09:44:04,855 [95d41743-cdf0-4105-938b-93fe980aeffc@group-DDE89B3F2AFE-LeaderElection6] INFO  impl.LeaderElection (LeaderElection.java:askForVotes(450)) - 95d41743-cdf0-4105-938b-93fe980aeffc@group-DDE89B3F2AFE-LeaderElection6 PRE_VOTE round 0: result PASSED
2025-09-07 09:44:04,856 [95d41743-cdf0-4105-938b-93fe980aeffc@group-DDE89B3F2AFE-LeaderElection6] INFO  impl.LeaderElection (LeaderElection.java:askForVotes(448)) - 95d41743-cdf0-4105-938b-93fe980aeffc@group-DDE89B3F2AFE-LeaderElection6 ELECTION round 0: submit vote requests at term 1 for conf: {index: -1, cur=peers:[95d41743-cdf0-4105-938b-93fe980aeffc|127.0.0.1:15031, 8500c972-c6d1-4433-9d49-a8e3bb920002|127.0.0.1:15023, ff2509eb-55dd-4ad3-b532-83d6209e1a92|127.0.0.1:15015]|listeners:[], old=null}
2025-09-07 09:44:04,859 [grpc-default-executor-1] INFO  server.RaftServer$Division (RaftServerImpl.java:requestVote(1421)) - ff2509eb-55dd-4ad3-b532-83d6209e1a92@group-DDE89B3F2AFE: receive requestVote(ELECTION, 95d41743-cdf0-4105-938b-93fe980aeffc, group-DDE89B3F2AFE, 1, <PROTO_DEFAULT>)
2025-09-07 09:44:04,859 [grpc-default-executor-1] INFO  impl.VoteContext (VoteContext.java:log(49)) - ff2509eb-55dd-4ad3-b532-83d6209e1a92@group-DDE89B3F2AFE-FOLLOWER: accept ELECTION from 95d41743-cdf0-4105-938b-93fe980aeffc: our priority 0 <= candidate's priority 1
2025-09-07 09:44:04,859 [grpc-default-executor-1] INFO  server.RaftServer$Division (RaftServerImpl.java:setRole(392)) - ff2509eb-55dd-4ad3-b532-83d6209e1a92@group-DDE89B3F2AFE: changes role from  FOLLOWER to FOLLOWER at term 0 for candidate:95d41743-cdf0-4105-938b-93fe980aeffc
2025-09-07 09:44:04,859 [grpc-default-executor-1] INFO  impl.RoleInfo (RoleInfo.java:shutdownFollowerState(121)) - ff2509eb-55dd-4ad3-b532-83d6209e1a92: shutdown ff2509eb-55dd-4ad3-b532-83d6209e1a92@group-DDE89B3F2AFE-FollowerState
2025-09-07 09:44:04,859 [grpc-default-executor-1] INFO  impl.RoleInfo (RoleInfo.java:updateAndGet(148)) - ff2509eb-55dd-4ad3-b532-83d6209e1a92: start ff2509eb-55dd-4ad3-b532-83d6209e1a92@group-DDE89B3F2AFE-FollowerState
2025-09-07 09:44:04,860 [ff2509eb-55dd-4ad3-b532-83d6209e1a92@group-DDE89B3F2AFE-FollowerState] INFO  impl.FollowerState (FollowerState.java:runImpl(170)) - ff2509eb-55dd-4ad3-b532-83d6209e1a92@group-DDE89B3F2AFE-FollowerState was interrupted
2025-09-07 09:44:04,860 [grpc-default-executor-0] INFO  server.RaftServer$Division (RaftServerImpl.java:requestVote(1421)) - 8500c972-c6d1-4433-9d49-a8e3bb920002@group-DDE89B3F2AFE: receive requestVote(ELECTION, 95d41743-cdf0-4105-938b-93fe980aeffc, group-DDE89B3F2AFE, 1, <PROTO_DEFAULT>)
2025-09-07 09:44:04,860 [grpc-default-executor-0] INFO  impl.VoteContext (VoteContext.java:log(49)) - 8500c972-c6d1-4433-9d49-a8e3bb920002@group-DDE89B3F2AFE-FOLLOWER: accept ELECTION from 95d41743-cdf0-4105-938b-93fe980aeffc: our priority 0 <= candidate's priority 1
2025-09-07 09:44:04,860 [grpc-default-executor-0] INFO  server.RaftServer$Division (RaftServerImpl.java:setRole(392)) - 8500c972-c6d1-4433-9d49-a8e3bb920002@group-DDE89B3F2AFE: changes role from  FOLLOWER to FOLLOWER at term 0 for candidate:95d41743-cdf0-4105-938b-93fe980aeffc
2025-09-07 09:44:04,860 [grpc-default-executor-0] INFO  impl.RoleInfo (RoleInfo.java:shutdownFollowerState(121)) - 8500c972-c6d1-4433-9d49-a8e3bb920002: shutdown 8500c972-c6d1-4433-9d49-a8e3bb920002@group-DDE89B3F2AFE-FollowerState
2025-09-07 09:44:04,860 [grpc-default-executor-0] INFO  impl.RoleInfo (RoleInfo.java:updateAndGet(148)) - 8500c972-c6d1-4433-9d49-a8e3bb920002: start 8500c972-c6d1-4433-9d49-a8e3bb920002@group-DDE89B3F2AFE-FollowerState
2025-09-07 09:44:04,860 [8500c972-c6d1-4433-9d49-a8e3bb920002@group-DDE89B3F2AFE-FollowerState] INFO  impl.FollowerState (FollowerState.java:runImpl(170)) - 8500c972-c6d1-4433-9d49-a8e3bb920002@group-DDE89B3F2AFE-FollowerState was interrupted
2025-09-07 09:44:04,860 [grpc-default-executor-1] INFO  server.RaftServer$Division (RaftServerImpl.java:setFirstElection(576)) - ff2509eb-55dd-4ad3-b532-83d6209e1a92@group-DDE89B3F2AFE: set firstElectionSinceStartup to false for candidate:95d41743-cdf0-4105-938b-93fe980aeffc
2025-09-07 09:44:04,862 [grpc-default-executor-1] INFO  server.RaftServer$Division (RaftServerImpl.java:requestVote(1455)) - ff2509eb-55dd-4ad3-b532-83d6209e1a92@group-DDE89B3F2AFE replies to ELECTION vote request: 95d41743-cdf0-4105-938b-93fe980aeffc<-ff2509eb-55dd-4ad3-b532-83d6209e1a92#0:OK-t1-last:<INITIAL_VALUE>. Peer's state: ff2509eb-55dd-4ad3-b532-83d6209e1a92@group-DDE89B3F2AFE:t1, leader=null, voted=95d41743-cdf0-4105-938b-93fe980aeffc, raftlog=Memoized:ff2509eb-55dd-4ad3-b532-83d6209e1a92@group-DDE89B3F2AFE-SegmentedRaftLog:OPENED:c-1:lastnull, conf=conf: {index: -1, cur=peers:[95d41743-cdf0-4105-938b-93fe980aeffc|127.0.0.1:15031, 8500c972-c6d1-4433-9d49-a8e3bb920002|127.0.0.1:15023, ff2509eb-55dd-4ad3-b532-83d6209e1a92|127.0.0.1:15015]|listeners:[], old=null}
2025-09-07 09:44:04,862 [grpc-default-executor-0] INFO  server.RaftServer$Division (RaftServerImpl.java:requestVote(1455)) - 8500c972-c6d1-4433-9d49-a8e3bb920002@group-DDE89B3F2AFE replies to ELECTION vote request: 95d41743-cdf0-4105-938b-93fe980aeffc<-8500c972-c6d1-4433-9d49-a8e3bb920002#0:OK-t1-last:<INITIAL_VALUE>. Peer's state: 8500c972-c6d1-4433-9d49-a8e3bb920002@group-DDE89B3F2AFE:t1, leader=null, voted=95d41743-cdf0-4105-938b-93fe980aeffc, raftlog=Memoized:8500c972-c6d1-4433-9d49-a8e3bb920002@group-DDE89B3F2AFE-SegmentedRaftLog:OPENED:c-1:lastnull, conf=conf: {index: -1, cur=peers:[95d41743-cdf0-4105-938b-93fe980aeffc|127.0.0.1:15031, 8500c972-c6d1-4433-9d49-a8e3bb920002|127.0.0.1:15023, ff2509eb-55dd-4ad3-b532-83d6209e1a92|127.0.0.1:15015]|listeners:[], old=null}
2025-09-07 09:44:04,864 [95d41743-cdf0-4105-938b-93fe980aeffc@group-DDE89B3F2AFE-LeaderElection6] INFO  impl.LeaderElection (LeaderElection.java:logAndReturn(206)) - 95d41743-cdf0-4105-938b-93fe980aeffc@group-DDE89B3F2AFE-LeaderElection6: ELECTION PASSED received 1 response(s) and 0 exception(s):
2025-09-07 09:44:04,864 [95d41743-cdf0-4105-938b-93fe980aeffc@group-DDE89B3F2AFE-LeaderElection6] INFO  impl.LeaderElection (LeaderElection.java:logAndReturn(210)) -   Response 0: 95d41743-cdf0-4105-938b-93fe980aeffc<-ff2509eb-55dd-4ad3-b532-83d6209e1a92#0:OK-t1-last:<INITIAL_VALUE>
2025-09-07 09:44:04,864 [95d41743-cdf0-4105-938b-93fe980aeffc@group-DDE89B3F2AFE-LeaderElection6] INFO  impl.LeaderElection (LeaderElection.java:askForVotes(450)) - 95d41743-cdf0-4105-938b-93fe980aeffc@group-DDE89B3F2AFE-LeaderElection6 ELECTION round 0: result PASSED
2025-09-07 09:44:04,864 [95d41743-cdf0-4105-938b-93fe980aeffc@group-DDE89B3F2AFE-LeaderElection6] INFO  impl.RoleInfo (RoleInfo.java:shutdownLeaderElection(141)) - 95d41743-cdf0-4105-938b-93fe980aeffc: shutdown 95d41743-cdf0-4105-938b-93fe980aeffc@group-DDE89B3F2AFE-LeaderElection6
2025-09-07 09:44:04,864 [95d41743-cdf0-4105-938b-93fe980aeffc@group-DDE89B3F2AFE-LeaderElection6] INFO  server.RaftServer$Division (RaftServerImpl.java:setRole(392)) - 95d41743-cdf0-4105-938b-93fe980aeffc@group-DDE89B3F2AFE: changes role from CANDIDATE to LEADER at term 1 for changeToLeader
2025-09-07 09:44:04,864 [95d41743-cdf0-4105-938b-93fe980aeffc@group-DDE89B3F2AFE-LeaderElection6] INFO  server.RaftServerConfigKeys (ConfUtils.java:logFallback(69)) - raft.server.staging.timeout = 3600ms (fallback to raft.server.rpc.timeout.max)
2025-09-07 09:44:04,865 [95d41743-cdf0-4105-938b-93fe980aeffc@group-DDE89B3F2AFE-LeaderElection6] INFO  server.RaftServerConfigKeys (ConfUtils.java:logGet(62)) - raft.server.write.byte-limit = 1024 M (=1073741824) (custom)
2025-09-07 09:44:04,867 [c7c0d573-77b1-47db-b09e-d84959a4a43f-PipelineCommandHandlerThread-0] INFO  server.RaftServer (RaftServerProxy.java:addNew(105)) - c7c0d573-77b1-47db-b09e-d84959a4a43f: addNew group-3C9828298815:[c7c0d573-77b1-47db-b09e-d84959a4a43f|127.0.0.1:15063] returns group-3C9828298815:java.util.concurrent.CompletableFuture@5c0be3dd[Not completed]
2025-09-07 09:44:04,869 [c7c0d573-77b1-47db-b09e-d84959a4a43f-groupManagement] INFO  server.RaftServer$Division (RaftServerImpl.java:<init>(268)) - c7c0d573-77b1-47db-b09e-d84959a4a43f: new RaftServerImpl for group-3C9828298815:[c7c0d573-77b1-47db-b09e-d84959a4a43f|127.0.0.1:15063] with ContainerStateMachine:uninitialized
2025-09-07 09:44:04,869 [c7c0d573-77b1-47db-b09e-d84959a4a43f-groupManagement] INFO  server.RaftServer$Division (ServerState.java:<init>(114)) - c7c0d573-77b1-47db-b09e-d84959a4a43f@group-3C9828298815: ConfigurationManager, init=conf: {index: -1, cur=peers:[c7c0d573-77b1-47db-b09e-d84959a4a43f|127.0.0.1:15063]|listeners:[], old=null}, confs=<EMPTY_MAP>
2025-09-07 09:44:04,875 [95d41743-cdf0-4105-938b-93fe980aeffc@group-DDE89B3F2AFE-LeaderElection6] INFO  server.RaftServerConfigKeys (ConfUtils.java:logGet(62)) - raft.server.log.appender.snapshot.chunk.size.max = 16MB (=16777216) (default)
2025-09-07 09:44:04,875 [95d41743-cdf0-4105-938b-93fe980aeffc@group-DDE89B3F2AFE-LeaderElection6] INFO  server.RaftServerConfigKeys (ConfUtils.java:logGet(62)) - raft.server.log.appender.buffer.byte-limit = 33554432 (custom)
2025-09-07 09:44:04,875 [95d41743-cdf0-4105-938b-93fe980aeffc@group-DDE89B3F2AFE-LeaderElection6] INFO  server.RaftServerConfigKeys (ConfUtils.java:logGet(62)) - raft.server.log.appender.buffer.element-limit = 1024 (custom)
2025-09-07 09:44:04,877 [95d41743-cdf0-4105-938b-93fe980aeffc@group-DDE89B3F2AFE-LeaderElection6] INFO  server.RaftServerConfigKeys (ConfUtils.java:logGet(62)) - raft.server.log.appender.wait-time.min = 0ms (custom)
2025-09-07 09:44:04,877 [c7c0d573-77b1-47db-b09e-d84959a4a43f-groupManagement] INFO  server.RaftServerConfigKeys (ConfUtils.java:logGet(62)) - raft.server.storage.dir = [/home/runner/work/ozone/ozone/hadoop-ozone/integration-test/target/test-dir/MiniOzoneClusterImpl-023d5a78-e64c-43f3-a4d9-6f7884931d6c/ozone-metadata/datanode-7/ratis] (custom)
2025-09-07 09:44:04,877 [c7c0d573-77b1-47db-b09e-d84959a4a43f-groupManagement] INFO  storage.RaftStorageDirectory (RaftStorageDirectoryImpl.java:analyzeStorage(138)) - The storage directory /home/runner/work/ozone/ozone/hadoop-ozone/integration-test/target/test-dir/MiniOzoneClusterImpl-023d5a78-e64c-43f3-a4d9-6f7884931d6c/ozone-metadata/datanode-7/ratis/83208cbc-1a5b-4af7-83c4-3c9828298815 does not exist. Creating ...
2025-09-07 09:44:04,878 [95d41743-cdf0-4105-938b-93fe980aeffc@group-DDE89B3F2AFE-LeaderElection6] INFO  grpc.GrpcConfigKeys (ConfUtils.java:logGet(62)) - raft.grpc.server.leader.outstanding.appends.max = 8 (default)
2025-09-07 09:44:04,878 [95d41743-cdf0-4105-938b-93fe980aeffc@group-DDE89B3F2AFE-LeaderElection6] INFO  grpc.GrpcConfigKeys (ConfUtils.java:logGet(62)) - raft.grpc.server.install_snapshot.request.element-limit = 8 (default)
2025-09-07 09:44:04,878 [95d41743-cdf0-4105-938b-93fe980aeffc@group-DDE89B3F2AFE-LeaderElection6] INFO  grpc.GrpcConfigKeys (ConfUtils.java:logGet(62)) - raft.grpc.server.install_snapshot.request.timeout = 3000ms (default)
2025-09-07 09:44:04,878 [95d41743-cdf0-4105-938b-93fe980aeffc@group-DDE89B3F2AFE-LeaderElection6] INFO  grpc.GrpcConfigKeys (ConfUtils.java:logGet(62)) - raft.grpc.server.log-message.batch.duration = 5s (default)
2025-09-07 09:44:04,879 [c7c0d573-77b1-47db-b09e-d84959a4a43f-groupManagement] INFO  storage.RaftStorageDirectory (RaftStorageDirectoryImpl.java:tryLock(229)) - Lock on /home/runner/work/ozone/ozone/hadoop-ozone/integration-test/target/test-dir/MiniOzoneClusterImpl-023d5a78-e64c-43f3-a4d9-6f7884931d6c/ozone-metadata/datanode-7/ratis/83208cbc-1a5b-4af7-83c4-3c9828298815/in_use.lock acquired by nodename 23079@localhost
2025-09-07 09:44:04,881 [95d41743-cdf0-4105-938b-93fe980aeffc@group-DDE89B3F2AFE-LeaderElection6] INFO  server.RaftServerConfigKeys (ConfUtils.java:logGet(62)) - raft.server.log.appender.buffer.byte-limit = 33554432 (custom)
2025-09-07 09:44:04,881 [c7c0d573-77b1-47db-b09e-d84959a4a43f-groupManagement] INFO  storage.RaftStorage (RaftStorageImpl.java:format(98)) - Storage directory /home/runner/work/ozone/ozone/hadoop-ozone/integration-test/target/test-dir/MiniOzoneClusterImpl-023d5a78-e64c-43f3-a4d9-6f7884931d6c/ozone-metadata/datanode-7/ratis/83208cbc-1a5b-4af7-83c4-3c9828298815 has been successfully formatted.
2025-09-07 09:44:04,882 [c7c0d573-77b1-47db-b09e-d84959a4a43f-groupManagement] INFO  ratis.ContainerStateMachine (ContainerStateMachine.java:initialize(339)) - c7c0d573-77b1-47db-b09e-d84959a4a43f: initialize group-3C9828298815
2025-09-07 09:44:04,882 [c7c0d573-77b1-47db-b09e-d84959a4a43f-groupManagement] INFO  ratis.ContainerStateMachine (ContainerStateMachine.java:loadSnapshot(347)) - group-3C9828298815: The snapshot info is null. Setting the last applied index to:<INITIAL_VALUE>
2025-09-07 09:44:04,882 [95d41743-cdf0-4105-938b-93fe980aeffc@group-DDE89B3F2AFE-LeaderElection6] INFO  impl.RoleInfo (RoleInfo.java:updateAndGet(148)) - 95d41743-cdf0-4105-938b-93fe980aeffc: start 95d41743-cdf0-4105-938b-93fe980aeffc@group-DDE89B3F2AFE-LeaderStateImpl
2025-09-07 09:44:04,882 [95d41743-cdf0-4105-938b-93fe980aeffc@group-DDE89B3F2AFE-LeaderElection6] INFO  server.RaftServer$Division (RaftServerImpl.java:setFirstElection(576)) - 95d41743-cdf0-4105-938b-93fe980aeffc@group-DDE89B3F2AFE: set firstElectionSinceStartup to false for becomeLeader
2025-09-07 09:44:04,882 [95d41743-cdf0-4105-938b-93fe980aeffc@group-DDE89B3F2AFE-LeaderElection6] INFO  ratis.XceiverServerRatis (XceiverServerRatis.java:handleLeaderChangedNotification(947)) - Leader change notification received for group: group-DDE89B3F2AFE with new leaderId: 95d41743-cdf0-4105-938b-93fe980aeffc
2025-09-07 09:44:04,882 [95d41743-cdf0-4105-938b-93fe980aeffc@group-DDE89B3F2AFE-LeaderElection6] INFO  server.RaftServer$Division (ServerState.java:setLeader(272)) - 95d41743-cdf0-4105-938b-93fe980aeffc@group-DDE89B3F2AFE: change Leader from null to 95d41743-cdf0-4105-938b-93fe980aeffc at term 1 for becomeLeader, leader elected after 1102ms
2025-09-07 09:44:04,882 [95d41743-cdf0-4105-938b-93fe980aeffc@group-DDE89B3F2AFE-LeaderElection6] INFO  segmented.SegmentedRaftLogWorker (SegmentedRaftLogWorker.java:startLogSegment(440)) - 95d41743-cdf0-4105-938b-93fe980aeffc@group-DDE89B3F2AFE-SegmentedRaftLogWorker: Starting segment from index:0
2025-09-07 09:44:04,884 [95d41743-cdf0-4105-938b-93fe980aeffc@group-DDE89B3F2AFE-LeaderElection6] INFO  server.RaftServer$Division (ServerState.java:setRaftConf(386)) - 95d41743-cdf0-4105-938b-93fe980aeffc@group-DDE89B3F2AFE: set configuration conf: {index: 0, cur=peers:[95d41743-cdf0-4105-938b-93fe980aeffc|127.0.0.1:15031, 8500c972-c6d1-4433-9d49-a8e3bb920002|127.0.0.1:15023, ff2509eb-55dd-4ad3-b532-83d6209e1a92|127.0.0.1:15015]|listeners:[], old=null}
2025-09-07 09:44:04,885 [EventQueue-PipelineReportForOneReplicaPipelineSafeModeRule] INFO  safemode.SCMSafeModeManager (SCMSafeModeManager.java:validateSafeModeExitRules(138)) - AtleastOneDatanodeReportedRule rule is successfully validated
2025-09-07 09:44:04,885 [c7c0d573-77b1-47db-b09e-d84959a4a43f-groupManagement] INFO  server.RaftServerConfigKeys (ConfUtils.java:logGet(62)) - raft.server.log.appender.buffer.byte-limit = 33554432 (custom)
2025-09-07 09:44:04,886 [EventQueue-PipelineReportForOneReplicaPipelineSafeModeRule] INFO  safemode.SCMSafeModeManager (SCMSafeModeManager.java:validateSafeModeExitRules(138)) - AtleastOneDatanodeReportedRule rule is successfully validated
2025-09-07 09:44:04,886 [95d41743-cdf0-4105-938b-93fe980aeffc@group-DDE89B3F2AFE-SegmentedRaftLogWorker] INFO  segmented.BufferedWriteChannel (BufferedWriteChannel.java:open(61)) - open log_inprogress_0 at position 0
2025-09-07 09:44:04,889 [a68d7e4a-8be2-4109-84e0-ed7537249ab2@group-6F7884931D6C-StateMachineUpdater] INFO  safemode.SCMSafeModeManager (SCMSafeModeManager.java:validateSafeModeExitRules(138)) - DataNodeSafeModeRule rule is successfully validated
2025-09-07 09:44:04,890 [a68d7e4a-8be2-4109-84e0-ed7537249ab2@group-6F7884931D6C-StateMachineUpdater] INFO  safemode.SCMSafeModeManager (SCMSafeModeManager.java:validateSafeModeExitRules(138)) - RatisContainerSafeModeRule rule is successfully validated
2025-09-07 09:44:04,890 [a68d7e4a-8be2-4109-84e0-ed7537249ab2@group-6F7884931D6C-StateMachineUpdater] INFO  safemode.HealthyPipelineSafeModeRule (HealthyPipelineSafeModeRule.java:initializeRule(228)) - Refreshed total pipeline count is 0, healthy pipeline threshold count is 1
2025-09-07 09:44:04,890 [a68d7e4a-8be2-4109-84e0-ed7537249ab2@group-6F7884931D6C-StateMachineUpdater] INFO  safemode.SCMSafeModeManager (SCMSafeModeManager.java:validateSafeModeExitRules(138)) - ECContainerSafeModeRule rule is successfully validated
2025-09-07 09:44:04,890 [a68d7e4a-8be2-4109-84e0-ed7537249ab2@group-6F7884931D6C-StateMachineUpdater] INFO  safemode.SCMSafeModeManager (SCMSafeModeManager.java:validateSafeModeExitRules(138)) - AtleastOneDatanodeReportedRule rule is successfully validated
2025-09-07 09:44:04,891 [95d41743-cdf0-4105-938b-93fe980aeffc@group-054C9C7BE8B6-FollowerState] INFO  impl.FollowerState (FollowerState.java:runImpl(161)) - 95d41743-cdf0-4105-938b-93fe980aeffc@group-054C9C7BE8B6-FollowerState: change to CANDIDATE, lastRpcElapsedTime:1114685944ns, electionTimeout:1114ms
2025-09-07 09:44:04,891 [95d41743-cdf0-4105-938b-93fe980aeffc@group-054C9C7BE8B6-FollowerState] INFO  impl.RoleInfo (RoleInfo.java:shutdownFollowerState(121)) - 95d41743-cdf0-4105-938b-93fe980aeffc: shutdown 95d41743-cdf0-4105-938b-93fe980aeffc@group-054C9C7BE8B6-FollowerState
2025-09-07 09:44:04,891 [95d41743-cdf0-4105-938b-93fe980aeffc@group-054C9C7BE8B6-FollowerState] INFO  server.RaftServer$Division (RaftServerImpl.java:setRole(392)) - 95d41743-cdf0-4105-938b-93fe980aeffc@group-054C9C7BE8B6: changes role from  FOLLOWER to CANDIDATE at term 0 for changeToCandidate
2025-09-07 09:44:04,891 [95d41743-cdf0-4105-938b-93fe980aeffc@group-054C9C7BE8B6-FollowerState] INFO  impl.RoleInfo (RoleInfo.java:updateAndGet(148)) - 95d41743-cdf0-4105-938b-93fe980aeffc: start 95d41743-cdf0-4105-938b-93fe980aeffc@group-054C9C7BE8B6-LeaderElection7
2025-09-07 09:44:04,890 [c7c0d573-77b1-47db-b09e-d84959a4a43f-groupManagement] INFO  server.RaftServerConfigKeys (ConfUtils.java:logGet(62)) - raft.server.log.segment.size.max = 67108864 (custom)
2025-09-07 09:44:04,892 [c7c0d573-77b1-47db-b09e-d84959a4a43f-groupManagement] INFO  server.RaftServerConfigKeys (ConfUtils.java:logGet(62)) - raft.server.log.appender.buffer.byte-limit = 33554432 (custom)
2025-09-07 09:44:04,891 [EventQueue-PipelineReportForPipelineReportHandler] INFO  pipeline.PipelineReportHandler (PipelineReportHandler.java:processPipelineReport(134)) - Opened pipeline Pipeline-83208cbc-1a5b-4af7-83c4-3c9828298815
2025-09-07 09:44:04,893 [95d41743-cdf0-4105-938b-93fe980aeffc@group-054C9C7BE8B6-LeaderElection7] INFO  impl.LeaderElection (LeaderElection.java:askForVotes(448)) - 95d41743-cdf0-4105-938b-93fe980aeffc@group-054C9C7BE8B6-LeaderElection7 PRE_VOTE round 0: submit vote requests at term 0 for conf: {index: -1, cur=peers:[95d41743-cdf0-4105-938b-93fe980aeffc|127.0.0.1:15031]|listeners:[], old=null}
2025-09-07 09:44:04,893 [95d41743-cdf0-4105-938b-93fe980aeffc@group-054C9C7BE8B6-LeaderElection7] INFO  impl.LeaderElection (LeaderElection.java:askForVotes(450)) - 95d41743-cdf0-4105-938b-93fe980aeffc@group-054C9C7BE8B6-LeaderElection7 PRE_VOTE round 0: result PASSED (term=0)
2025-09-07 09:44:04,896 [95d41743-cdf0-4105-938b-93fe980aeffc@group-054C9C7BE8B6-LeaderElection7] INFO  impl.LeaderElection (LeaderElection.java:askForVotes(448)) - 95d41743-cdf0-4105-938b-93fe980aeffc@group-054C9C7BE8B6-LeaderElection7 ELECTION round 0: submit vote requests at term 1 for conf: {index: -1, cur=peers:[95d41743-cdf0-4105-938b-93fe980aeffc|127.0.0.1:15031]|listeners:[], old=null}
2025-09-07 09:44:04,896 [95d41743-cdf0-4105-938b-93fe980aeffc@group-054C9C7BE8B6-LeaderElection7] INFO  impl.LeaderElection (LeaderElection.java:askForVotes(450)) - 95d41743-cdf0-4105-938b-93fe980aeffc@group-054C9C7BE8B6-LeaderElection7 ELECTION round 0: result PASSED (term=1)
2025-09-07 09:44:04,896 [c7c0d573-77b1-47db-b09e-d84959a4a43f-groupManagement] INFO  util.AwaitToRun (AwaitToRun.java:start(81)) - Thread[#1263,c7c0d573-77b1-47db-b09e-d84959a4a43f@group-3C9828298815-cacheEviction-AwaitToRun,5,main] started
2025-09-07 09:44:04,896 [95d41743-cdf0-4105-938b-93fe980aeffc@group-054C9C7BE8B6-LeaderElection7] INFO  impl.RoleInfo (RoleInfo.java:shutdownLeaderElection(141)) - 95d41743-cdf0-4105-938b-93fe980aeffc: shutdown 95d41743-cdf0-4105-938b-93fe980aeffc@group-054C9C7BE8B6-LeaderElection7
2025-09-07 09:44:04,896 [95d41743-cdf0-4105-938b-93fe980aeffc@group-054C9C7BE8B6-LeaderElection7] INFO  server.RaftServer$Division (RaftServerImpl.java:setRole(392)) - 95d41743-cdf0-4105-938b-93fe980aeffc@group-054C9C7BE8B6: changes role from CANDIDATE to LEADER at term 1 for changeToLeader
2025-09-07 09:44:04,896 [95d41743-cdf0-4105-938b-93fe980aeffc@group-054C9C7BE8B6-LeaderElection7] INFO  server.RaftServerConfigKeys (ConfUtils.java:logFallback(69)) - raft.server.staging.timeout = 3600ms (fallback to raft.server.rpc.timeout.max)
2025-09-07 09:44:04,897 [c7c0d573-77b1-47db-b09e-d84959a4a43f-groupManagement] INFO  segmented.SegmentedRaftLogWorker (SegmentedRaftLogWorker.java:<init>(190)) - new c7c0d573-77b1-47db-b09e-d84959a4a43f@group-3C9828298815-SegmentedRaftLogWorker for RaftStorageImpl:Storage Directory /home/runner/work/ozone/ozone/hadoop-ozone/integration-test/target/test-dir/MiniOzoneClusterImpl-023d5a78-e64c-43f3-a4d9-6f7884931d6c/ozone-metadata/datanode-7/ratis/83208cbc-1a5b-4af7-83c4-3c9828298815
2025-09-07 09:44:04,897 [c7c0d573-77b1-47db-b09e-d84959a4a43f-groupManagement] INFO  server.RaftServerConfigKeys (ConfUtils.java:logGet(62)) - raft.server.log.queue.byte-limit = 4294967296 (custom)
2025-09-07 09:44:04,897 [c7c0d573-77b1-47db-b09e-d84959a4a43f-groupManagement] INFO  server.RaftServerConfigKeys (ConfUtils.java:logGet(62)) - raft.server.log.segment.size.max = 67108864 (custom)
2025-09-07 09:44:04,897 [c7c0d573-77b1-47db-b09e-d84959a4a43f-groupManagement] INFO  server.RaftServerConfigKeys (ConfUtils.java:logGet(62)) - raft.server.log.preallocated.size = 4194304 (custom)
2025-09-07 09:44:04,898 [c7c0d573-77b1-47db-b09e-d84959a4a43f-groupManagement] INFO  server.RaftServerConfigKeys (ConfUtils.java:logGet(62)) - raft.server.log.write.buffer.size = 33554440 (custom)
2025-09-07 09:44:04,898 [95d41743-cdf0-4105-938b-93fe980aeffc@group-054C9C7BE8B6-LeaderElection7] INFO  server.RaftServerConfigKeys (ConfUtils.java:logGet(62)) - raft.server.write.byte-limit = 1024 M (=1073741824) (custom)
2025-09-07 09:44:04,902 [95d41743-cdf0-4105-938b-93fe980aeffc@group-054C9C7BE8B6-LeaderElection7] INFO  impl.RoleInfo (RoleInfo.java:updateAndGet(148)) - 95d41743-cdf0-4105-938b-93fe980aeffc: start 95d41743-cdf0-4105-938b-93fe980aeffc@group-054C9C7BE8B6-LeaderStateImpl
2025-09-07 09:44:04,903 [95d41743-cdf0-4105-938b-93fe980aeffc@group-054C9C7BE8B6-LeaderElection7] INFO  server.RaftServer$Division (RaftServerImpl.java:setFirstElection(576)) - 95d41743-cdf0-4105-938b-93fe980aeffc@group-054C9C7BE8B6: set firstElectionSinceStartup to false for becomeLeader
2025-09-07 09:44:04,903 [95d41743-cdf0-4105-938b-93fe980aeffc@group-054C9C7BE8B6-LeaderElection7] INFO  ratis.XceiverServerRatis (XceiverServerRatis.java:handleLeaderChangedNotification(947)) - Leader change notification received for group: group-054C9C7BE8B6 with new leaderId: 95d41743-cdf0-4105-938b-93fe980aeffc
2025-09-07 09:44:04,904 [95d41743-cdf0-4105-938b-93fe980aeffc@group-DDE89B3F2AFE-SegmentedRaftLogWorker] INFO  segmented.SegmentedRaftLogWorker (SegmentedRaftLogWorker.java:execute(647)) - 95d41743-cdf0-4105-938b-93fe980aeffc@group-DDE89B3F2AFE-SegmentedRaftLogWorker: created new log segment /home/runner/work/ozone/ozone/hadoop-ozone/integration-test/target/test-dir/MiniOzoneClusterImpl-023d5a78-e64c-43f3-a4d9-6f7884931d6c/ozone-metadata/datanode-3/ratis/3adef986-442f-409a-a79f-dde89b3f2afe/current/log_inprogress_0
2025-09-07 09:44:04,905 [95d41743-cdf0-4105-938b-93fe980aeffc@group-054C9C7BE8B6-LeaderElection7] INFO  server.RaftServer$Division (ServerState.java:setLeader(272)) - 95d41743-cdf0-4105-938b-93fe980aeffc@group-054C9C7BE8B6: change Leader from null to 95d41743-cdf0-4105-938b-93fe980aeffc at term 1 for becomeLeader, leader elected after 1165ms
2025-09-07 09:44:04,903 [a68d7e4a-8be2-4109-84e0-ed7537249ab2@group-6F7884931D6C-StateMachineUpdater] INFO  safemode.SCMSafeModeManager (SCMSafeModeManager.java:validateSafeModeExitRules(138)) - DataNodeSafeModeRule rule is successfully validated
2025-09-07 09:44:04,906 [a68d7e4a-8be2-4109-84e0-ed7537249ab2@group-6F7884931D6C-StateMachineUpdater] INFO  safemode.SCMSafeModeManager (SCMSafeModeManager.java:validateSafeModeExitRules(138)) - RatisContainerSafeModeRule rule is successfully validated
2025-09-07 09:44:04,906 [a68d7e4a-8be2-4109-84e0-ed7537249ab2@group-6F7884931D6C-StateMachineUpdater] INFO  safemode.HealthyPipelineSafeModeRule (HealthyPipelineSafeModeRule.java:initializeRule(228)) - Refreshed total pipeline count is 1, healthy pipeline threshold count is 1
2025-09-07 09:44:04,906 [a68d7e4a-8be2-4109-84e0-ed7537249ab2@group-6F7884931D6C-StateMachineUpdater] INFO  safemode.SCMSafeModeManager (SCMSafeModeManager.java:validateSafeModeExitRules(138)) - ECContainerSafeModeRule rule is successfully validated
2025-09-07 09:44:04,906 [a68d7e4a-8be2-4109-84e0-ed7537249ab2@group-6F7884931D6C-StateMachineUpdater] INFO  safemode.SCMSafeModeManager (SCMSafeModeManager.java:validateSafeModeExitRules(138)) - AtleastOneDatanodeReportedRule rule is successfully validated
2025-09-07 09:44:04,905 [c7c0d573-77b1-47db-b09e-d84959a4a43f-groupManagement] INFO  server.RaftServerConfigKeys (ConfUtils.java:logGet(62)) - raft.server.log.appender.buffer.byte-limit = 33554432 (custom)
2025-09-07 09:44:04,906 [EventQueue-PipelineReportForPipelineReportHandler] INFO  pipeline.PipelineReportHandler (PipelineReportHandler.java:processPipelineReport(134)) - Opened pipeline Pipeline-3adef986-442f-409a-a79f-dde89b3f2afe
2025-09-07 09:44:04,906 [c7c0d573-77b1-47db-b09e-d84959a4a43f-groupManagement] INFO  segmented.SegmentedRaftLogWorker (SegmentedRaftLogWorker.java:lambda$new$0(141)) - c7c0d573-77b1-47db-b09e-d84959a4a43f@group-3C9828298815-SegmentedRaftLogWorker: flushIndex: setUnconditionally 0 -> -1
2025-09-07 09:44:04,908 [95d41743-cdf0-4105-938b-93fe980aeffc@group-054C9C7BE8B6-LeaderElection7] INFO  segmented.SegmentedRaftLogWorker (SegmentedRaftLogWorker.java:startLogSegment(440)) - 95d41743-cdf0-4105-938b-93fe980aeffc@group-054C9C7BE8B6-SegmentedRaftLogWorker: Starting segment from index:0
2025-09-07 09:44:04,908 [95d41743-cdf0-4105-938b-93fe980aeffc@group-054C9C7BE8B6-LeaderElection7] INFO  server.RaftServer$Division (ServerState.java:setRaftConf(386)) - 95d41743-cdf0-4105-938b-93fe980aeffc@group-054C9C7BE8B6: set configuration conf: {index: 0, cur=peers:[95d41743-cdf0-4105-938b-93fe980aeffc|127.0.0.1:15031]|listeners:[], old=null}
2025-09-07 09:44:04,908 [c7c0d573-77b1-47db-b09e-d84959a4a43f-groupManagement] INFO  segmented.SegmentedRaftLogWorker (SegmentedRaftLogWorker.java:lambda$new$0(141)) - c7c0d573-77b1-47db-b09e-d84959a4a43f@group-3C9828298815-SegmentedRaftLogWorker: safeCacheEvictIndex: setUnconditionally 0 -> -1
2025-09-07 09:44:04,906 [EventQueue-OpenPipelineForHealthyPipelineSafeModeRule] INFO  safemode.SCMSafeModeManager (HealthyPipelineSafeModeRule.java:process(196)) - SCM in safe mode. Healthy pipelines reported count is 1, required healthy pipeline reported count is 1
2025-09-07 09:44:04,909 [EventQueue-OpenPipelineForHealthyPipelineSafeModeRule] INFO  safemode.SCMSafeModeManager (SCMSafeModeManager.java:validateSafeModeExitRules(138)) - HealthyPipelineSafeModeRule rule is successfully validated
2025-09-07 09:44:04,909 [EventQueue-OpenPipelineForHealthyPipelineSafeModeRule] INFO  safemode.SCMSafeModeManager (SCMSafeModeManager.java:validateSafeModeExitRules(158)) - ScmSafeModeManager, all rules are successfully validated
2025-09-07 09:44:04,909 [EventQueue-OpenPipelineForHealthyPipelineSafeModeRule] INFO  safemode.SCMSafeModeManager (SCMSafeModeManager.java:validateSafeModeExitRules(159)) - SCM exiting safe mode.
2025-09-07 09:44:04,909 [EventQueue-OpenPipelineForHealthyPipelineSafeModeRule] INFO  ha.SCMContext (SCMContext.java:updateSafeModeStatus(224)) - Update SafeModeStatus from SafeModeStatus{safeModeStatus=true, preCheckPassed=true} to SafeModeStatus{safeModeStatus=false, preCheckPassed=true}.
2025-09-07 09:44:04,909 [EventQueue-OpenPipelineForHealthyPipelineSafeModeRule] INFO  BackgroundPipelineScrubber (BackgroundSCMService.java:notifyStatusChanged(78)) - Service BackgroundPipelineScrubber transitions to RUNNING.
2025-09-07 09:44:04,909 [EventQueue-OpenPipelineForHealthyPipelineSafeModeRule] INFO  ExpiredContainerReplicaOpScrubber (BackgroundSCMService.java:notifyStatusChanged(78)) - Service ExpiredContainerReplicaOpScrubber transitions to RUNNING.
2025-09-07 09:44:04,909 [EventQueue-OpenPipelineForHealthyPipelineSafeModeRule] INFO  block.SCMBlockDeletingService (SCMBlockDeletingService.java:notifyStatusChanged(265)) - notifyStatusChanged:RUNNING
2025-09-07 09:44:04,909 [EventQueue-OpenPipelineForHealthyPipelineSafeModeRule] INFO  replication.ReplicationManager (ReplicationManager.java:notifyStatusChanged(1389)) - Service ReplicationManager transitions to RUNNING.
2025-09-07 09:44:04,910 [95d41743-cdf0-4105-938b-93fe980aeffc@group-054C9C7BE8B6-SegmentedRaftLogWorker] INFO  segmented.BufferedWriteChannel (BufferedWriteChannel.java:open(61)) - open log_inprogress_0 at position 0
2025-09-07 09:44:04,912 [c7c0d573-77b1-47db-b09e-d84959a4a43f-groupManagement] INFO  server.RaftServer$Division (RaftServerImpl.java:start(405)) - c7c0d573-77b1-47db-b09e-d84959a4a43f@group-3C9828298815: start as a follower, conf=conf: {index: -1, cur=peers:[c7c0d573-77b1-47db-b09e-d84959a4a43f|127.0.0.1:15063]|listeners:[], old=null}
2025-09-07 09:44:04,912 [c7c0d573-77b1-47db-b09e-d84959a4a43f-groupManagement] INFO  server.RaftServer$Division (RaftServerImpl.java:setRole(392)) - c7c0d573-77b1-47db-b09e-d84959a4a43f@group-3C9828298815: changes role from      null to FOLLOWER at term 0 for startAsFollower
2025-09-07 09:44:04,912 [c7c0d573-77b1-47db-b09e-d84959a4a43f-groupManagement] INFO  impl.RoleInfo (RoleInfo.java:updateAndGet(148)) - c7c0d573-77b1-47db-b09e-d84959a4a43f: start c7c0d573-77b1-47db-b09e-d84959a4a43f@group-3C9828298815-FollowerState
2025-09-07 09:44:04,913 [c7c0d573-77b1-47db-b09e-d84959a4a43f-groupManagement] INFO  util.JmxRegister (JmxRegister.java:tryRegister(44)) - Successfully registered JMX Bean with object name Ratis:service=RaftServer,group=group-3C9828298815,id=c7c0d573-77b1-47db-b09e-d84959a4a43f
2025-09-07 09:44:04,913 [c7c0d573-77b1-47db-b09e-d84959a4a43f-groupManagement] INFO  util.JmxRegister (JmxRegister.java:register(58)) - register mxBean class org.apache.ratis.server.impl.RaftServerJmxAdapter as Ratis:service=RaftServer,group=group-3C9828298815,id=c7c0d573-77b1-47db-b09e-d84959a4a43f
2025-09-07 09:44:04,916 [grpc-default-executor-5] INFO  ratis.XceiverServerRatis (XceiverServerRatis.java:handleLeaderChangedNotification(947)) - Leader change notification received for group: group-DDE89B3F2AFE with new leaderId: 95d41743-cdf0-4105-938b-93fe980aeffc
2025-09-07 09:44:04,916 [grpc-default-executor-1] INFO  ratis.XceiverServerRatis (XceiverServerRatis.java:handleLeaderChangedNotification(947)) - Leader change notification received for group: group-DDE89B3F2AFE with new leaderId: 95d41743-cdf0-4105-938b-93fe980aeffc
2025-09-07 09:44:04,916 [grpc-default-executor-1] INFO  server.RaftServer$Division (ServerState.java:setLeader(272)) - ff2509eb-55dd-4ad3-b532-83d6209e1a92@group-DDE89B3F2AFE: change Leader from null to 95d41743-cdf0-4105-938b-93fe980aeffc at term 1 for appendEntries, leader elected after 1062ms
2025-09-07 09:44:04,916 [grpc-default-executor-5] INFO  server.RaftServer$Division (ServerState.java:setLeader(272)) - 8500c972-c6d1-4433-9d49-a8e3bb920002@group-DDE89B3F2AFE: change Leader from null to 95d41743-cdf0-4105-938b-93fe980aeffc at term 1 for appendEntries, leader elected after 1403ms
2025-09-07 09:44:04,919 [c7c0d573-77b1-47db-b09e-d84959a4a43f-groupManagement] INFO  server.RaftServer$Division (RaftServerImpl.java:start(419)) - c7c0d573-77b1-47db-b09e-d84959a4a43f@group-3C9828298815: Successfully started.
2025-09-07 09:44:04,919 [c7c0d573-77b1-47db-b09e-d84959a4a43f-PipelineCommandHandlerThread-0] INFO  ratis.XceiverServerRatis (XceiverServerRatis.java:addGroup(846)) - Created group Pipeline-83208cbc-1a5b-4af7-83c4-3c9828298815
2025-09-07 09:44:04,919 [c7c0d573-77b1-47db-b09e-d84959a4a43f-PipelineCommandHandlerThread-0] INFO  commandhandler.CreatePipelineCommandHandler (CreatePipelineCommandHandler.java:lambda$handle$2(127)) - Created Pipeline RATIS ONE Pipeline-83208cbc-1a5b-4af7-83c4-3c9828298815.
2025-09-07 09:44:04,920 [c7c0d573-77b1-47db-b09e-d84959a4a43f-PipelineCommandHandlerThread-0] INFO  server.RaftServer (RaftServerProxy.java:addNew(105)) - c7c0d573-77b1-47db-b09e-d84959a4a43f: addNew group-AF0CBE3D3EB0:[c7c0d573-77b1-47db-b09e-d84959a4a43f|127.0.0.1:15063, 486fef96-c6ec-41d9-a4ca-7ebb3d261081|127.0.0.1:15071, 4c7984b5-42f1-4e4b-a334-601f88f38b33|127.0.0.1:15079] returns group-AF0CBE3D3EB0:java.util.concurrent.CompletableFuture@47cef3e1[Not completed]
2025-09-07 09:44:04,922 [EventQueue-OpenPipelineForHealthyPipelineSafeModeRule] WARN  balancer.ContainerBalancer (ContainerBalancer.java:shouldRun(136)) - Could not find persisted configuration for ContainerBalancer when checking if ContainerBalancer should run. ContainerBalancer should not run now.
2025-09-07 09:44:04,922 [EventQueue-OpenPipelineForHealthyPipelineSafeModeRule] INFO  SCMHATransactionMonitor (BackgroundSCMService.java:notifyStatusChanged(78)) - Service SCMHATransactionMonitor transitions to RUNNING.
2025-09-07 09:44:04,924 [c7c0d573-77b1-47db-b09e-d84959a4a43f-groupManagement] INFO  server.RaftServer$Division (RaftServerImpl.java:<init>(268)) - c7c0d573-77b1-47db-b09e-d84959a4a43f: new RaftServerImpl for group-AF0CBE3D3EB0:[c7c0d573-77b1-47db-b09e-d84959a4a43f|127.0.0.1:15063, 486fef96-c6ec-41d9-a4ca-7ebb3d261081|127.0.0.1:15071, 4c7984b5-42f1-4e4b-a334-601f88f38b33|127.0.0.1:15079] with ContainerStateMachine:uninitialized
2025-09-07 09:44:04,925 [c7c0d573-77b1-47db-b09e-d84959a4a43f-groupManagement] INFO  server.RaftServer$Division (ServerState.java:<init>(114)) - c7c0d573-77b1-47db-b09e-d84959a4a43f@group-AF0CBE3D3EB0: ConfigurationManager, init=conf: {index: -1, cur=peers:[c7c0d573-77b1-47db-b09e-d84959a4a43f|127.0.0.1:15063, 486fef96-c6ec-41d9-a4ca-7ebb3d261081|127.0.0.1:15071, 4c7984b5-42f1-4e4b-a334-601f88f38b33|127.0.0.1:15079]|listeners:[], old=null}, confs=<EMPTY_MAP>
2025-09-07 09:44:04,930 [95d41743-cdf0-4105-938b-93fe980aeffc@group-054C9C7BE8B6-SegmentedRaftLogWorker] INFO  segmented.SegmentedRaftLogWorker (SegmentedRaftLogWorker.java:execute(647)) - 95d41743-cdf0-4105-938b-93fe980aeffc@group-054C9C7BE8B6-SegmentedRaftLogWorker: created new log segment /home/runner/work/ozone/ozone/hadoop-ozone/integration-test/target/test-dir/MiniOzoneClusterImpl-023d5a78-e64c-43f3-a4d9-6f7884931d6c/ozone-metadata/datanode-3/ratis/2c858840-64f0-47f7-8b6a-054c9c7be8b6/current/log_inprogress_0
2025-09-07 09:44:04,931 [grpc-default-executor-0] INFO  server.RaftServer$Division (ServerState.java:setRaftConf(386)) - ff2509eb-55dd-4ad3-b532-83d6209e1a92@group-DDE89B3F2AFE: set configuration conf: {index: 0, cur=peers:[95d41743-cdf0-4105-938b-93fe980aeffc|127.0.0.1:15031, 8500c972-c6d1-4433-9d49-a8e3bb920002|127.0.0.1:15023, ff2509eb-55dd-4ad3-b532-83d6209e1a92|127.0.0.1:15015]|listeners:[], old=null}
2025-09-07 09:44:04,933 [grpc-default-executor-0] INFO  segmented.SegmentedRaftLogWorker (SegmentedRaftLogWorker.java:startLogSegment(440)) - ff2509eb-55dd-4ad3-b532-83d6209e1a92@group-DDE89B3F2AFE-SegmentedRaftLogWorker: Starting segment from index:0
2025-09-07 09:44:04,935 [95d41743-cdf0-4105-938b-93fe980aeffc@group-054C9C7BE8B6-StateMachineUpdater] INFO  server.RaftServer$Division (LeaderStateImpl.java:checkStartIndex(309)) - Leader 95d41743-cdf0-4105-938b-93fe980aeffc@group-054C9C7BE8B6-LeaderStateImpl is ready since appliedIndex == startIndex == 0
2025-09-07 09:44:04,937 [grpc-default-executor-5] INFO  server.RaftServer$Division (ServerState.java:setRaftConf(386)) - 8500c972-c6d1-4433-9d49-a8e3bb920002@group-DDE89B3F2AFE: set configuration conf: {index: 0, cur=peers:[95d41743-cdf0-4105-938b-93fe980aeffc|127.0.0.1:15031, 8500c972-c6d1-4433-9d49-a8e3bb920002|127.0.0.1:15023, ff2509eb-55dd-4ad3-b532-83d6209e1a92|127.0.0.1:15015]|listeners:[], old=null}
2025-09-07 09:44:04,937 [grpc-default-executor-5] INFO  segmented.SegmentedRaftLogWorker (SegmentedRaftLogWorker.java:startLogSegment(440)) - 8500c972-c6d1-4433-9d49-a8e3bb920002@group-DDE89B3F2AFE-SegmentedRaftLogWorker: Starting segment from index:0
2025-09-07 09:44:04,937 [8500c972-c6d1-4433-9d49-a8e3bb920002@group-DDE89B3F2AFE-SegmentedRaftLogWorker] INFO  segmented.BufferedWriteChannel (BufferedWriteChannel.java:open(61)) - open log_inprogress_0 at position 0
2025-09-07 09:44:04,937 [ff2509eb-55dd-4ad3-b532-83d6209e1a92@group-DDE89B3F2AFE-SegmentedRaftLogWorker] INFO  segmented.BufferedWriteChannel (BufferedWriteChannel.java:open(61)) - open log_inprogress_0 at position 0
2025-09-07 09:44:04,939 [c7c0d573-77b1-47db-b09e-d84959a4a43f-groupManagement] INFO  storage.RaftStorageDirectory (RaftStorageDirectoryImpl.java:analyzeStorage(138)) - The storage directory /home/runner/work/ozone/ozone/hadoop-ozone/integration-test/target/test-dir/MiniOzoneClusterImpl-023d5a78-e64c-43f3-a4d9-6f7884931d6c/ozone-metadata/datanode-7/ratis/00271ae9-8e75-458f-be58-af0cbe3d3eb0 does not exist. Creating ...
2025-09-07 09:44:04,941 [c7c0d573-77b1-47db-b09e-d84959a4a43f-groupManagement] INFO  storage.RaftStorageDirectory (RaftStorageDirectoryImpl.java:tryLock(229)) - Lock on /home/runner/work/ozone/ozone/hadoop-ozone/integration-test/target/test-dir/MiniOzoneClusterImpl-023d5a78-e64c-43f3-a4d9-6f7884931d6c/ozone-metadata/datanode-7/ratis/00271ae9-8e75-458f-be58-af0cbe3d3eb0/in_use.lock acquired by nodename 23079@localhost
2025-09-07 09:44:04,945 [c7c0d573-77b1-47db-b09e-d84959a4a43f-groupManagement] INFO  storage.RaftStorage (RaftStorageImpl.java:format(98)) - Storage directory /home/runner/work/ozone/ozone/hadoop-ozone/integration-test/target/test-dir/MiniOzoneClusterImpl-023d5a78-e64c-43f3-a4d9-6f7884931d6c/ozone-metadata/datanode-7/ratis/00271ae9-8e75-458f-be58-af0cbe3d3eb0 has been successfully formatted.
2025-09-07 09:44:04,946 [c7c0d573-77b1-47db-b09e-d84959a4a43f-groupManagement] INFO  ratis.ContainerStateMachine (ContainerStateMachine.java:initialize(339)) - c7c0d573-77b1-47db-b09e-d84959a4a43f: initialize group-AF0CBE3D3EB0
2025-09-07 09:44:04,947 [c7c0d573-77b1-47db-b09e-d84959a4a43f-groupManagement] INFO  ratis.ContainerStateMachine (ContainerStateMachine.java:loadSnapshot(347)) - group-AF0CBE3D3EB0: The snapshot info is null. Setting the last applied index to:<INITIAL_VALUE>
2025-09-07 09:44:04,948 [c7c0d573-77b1-47db-b09e-d84959a4a43f-groupManagement] INFO  server.RaftServerConfigKeys (ConfUtils.java:logGet(62)) - raft.server.log.appender.buffer.byte-limit = 33554432 (custom)
2025-09-07 09:44:04,952 [8500c972-c6d1-4433-9d49-a8e3bb920002@group-DDE89B3F2AFE-SegmentedRaftLogWorker] INFO  segmented.SegmentedRaftLogWorker (SegmentedRaftLogWorker.java:execute(647)) - 8500c972-c6d1-4433-9d49-a8e3bb920002@group-DDE89B3F2AFE-SegmentedRaftLogWorker: created new log segment /home/runner/work/ozone/ozone/hadoop-ozone/integration-test/target/test-dir/MiniOzoneClusterImpl-023d5a78-e64c-43f3-a4d9-6f7884931d6c/ozone-metadata/datanode-2/ratis/3adef986-442f-409a-a79f-dde89b3f2afe/current/log_inprogress_0
2025-09-07 09:44:04,953 [c7c0d573-77b1-47db-b09e-d84959a4a43f-groupManagement] INFO  server.RaftServerConfigKeys (ConfUtils.java:logGet(62)) - raft.server.log.segment.size.max = 67108864 (custom)
2025-09-07 09:44:04,954 [ff2509eb-55dd-4ad3-b532-83d6209e1a92@group-DDE89B3F2AFE-SegmentedRaftLogWorker] INFO  segmented.SegmentedRaftLogWorker (SegmentedRaftLogWorker.java:execute(647)) - ff2509eb-55dd-4ad3-b532-83d6209e1a92@group-DDE89B3F2AFE-SegmentedRaftLogWorker: created new log segment /home/runner/work/ozone/ozone/hadoop-ozone/integration-test/target/test-dir/MiniOzoneClusterImpl-023d5a78-e64c-43f3-a4d9-6f7884931d6c/ozone-metadata/datanode-1/ratis/3adef986-442f-409a-a79f-dde89b3f2afe/current/log_inprogress_0
2025-09-07 09:44:04,955 [c7c0d573-77b1-47db-b09e-d84959a4a43f-groupManagement] INFO  server.RaftServerConfigKeys (ConfUtils.java:logGet(62)) - raft.server.log.appender.buffer.byte-limit = 33554432 (custom)
2025-09-07 09:44:04,956 [c7c0d573-77b1-47db-b09e-d84959a4a43f-groupManagement] INFO  util.AwaitToRun (AwaitToRun.java:start(81)) - Thread[#1278,c7c0d573-77b1-47db-b09e-d84959a4a43f@group-AF0CBE3D3EB0-cacheEviction-AwaitToRun,5,main] started
2025-09-07 09:44:04,956 [c7c0d573-77b1-47db-b09e-d84959a4a43f-groupManagement] INFO  segmented.SegmentedRaftLogWorker (SegmentedRaftLogWorker.java:<init>(190)) - new c7c0d573-77b1-47db-b09e-d84959a4a43f@group-AF0CBE3D3EB0-SegmentedRaftLogWorker for RaftStorageImpl:Storage Directory /home/runner/work/ozone/ozone/hadoop-ozone/integration-test/target/test-dir/MiniOzoneClusterImpl-023d5a78-e64c-43f3-a4d9-6f7884931d6c/ozone-metadata/datanode-7/ratis/00271ae9-8e75-458f-be58-af0cbe3d3eb0
2025-09-07 09:44:04,956 [c7c0d573-77b1-47db-b09e-d84959a4a43f-groupManagement] INFO  server.RaftServerConfigKeys (ConfUtils.java:logGet(62)) - raft.server.log.queue.byte-limit = 4294967296 (custom)
2025-09-07 09:44:04,956 [c7c0d573-77b1-47db-b09e-d84959a4a43f-groupManagement] INFO  server.RaftServerConfigKeys (ConfUtils.java:logGet(62)) - raft.server.log.segment.size.max = 67108864 (custom)
2025-09-07 09:44:04,956 [c7c0d573-77b1-47db-b09e-d84959a4a43f-groupManagement] INFO  server.RaftServerConfigKeys (ConfUtils.java:logGet(62)) - raft.server.log.preallocated.size = 4194304 (custom)
2025-09-07 09:44:04,957 [c7c0d573-77b1-47db-b09e-d84959a4a43f-groupManagement] INFO  server.RaftServerConfigKeys (ConfUtils.java:logGet(62)) - raft.server.log.write.buffer.size = 33554440 (custom)
2025-09-07 09:44:04,963 [c7c0d573-77b1-47db-b09e-d84959a4a43f-groupManagement] INFO  server.RaftServerConfigKeys (ConfUtils.java:logGet(62)) - raft.server.log.appender.buffer.byte-limit = 33554432 (custom)
2025-09-07 09:44:04,964 [95d41743-cdf0-4105-938b-93fe980aeffc@group-DDE89B3F2AFE-StateMachineUpdater] INFO  server.RaftServer$Division (LeaderStateImpl.java:checkStartIndex(309)) - Leader 95d41743-cdf0-4105-938b-93fe980aeffc@group-DDE89B3F2AFE-LeaderStateImpl is ready since appliedIndex == startIndex == 0
2025-09-07 09:44:04,964 [c7c0d573-77b1-47db-b09e-d84959a4a43f-groupManagement] INFO  segmented.SegmentedRaftLogWorker (SegmentedRaftLogWorker.java:lambda$new$0(141)) - c7c0d573-77b1-47db-b09e-d84959a4a43f@group-AF0CBE3D3EB0-SegmentedRaftLogWorker: flushIndex: setUnconditionally 0 -> -1
2025-09-07 09:44:04,964 [c7c0d573-77b1-47db-b09e-d84959a4a43f-groupManagement] INFO  segmented.SegmentedRaftLogWorker (SegmentedRaftLogWorker.java:lambda$new$0(141)) - c7c0d573-77b1-47db-b09e-d84959a4a43f@group-AF0CBE3D3EB0-SegmentedRaftLogWorker: safeCacheEvictIndex: setUnconditionally 0 -> -1
2025-09-07 09:44:04,965 [c7c0d573-77b1-47db-b09e-d84959a4a43f-groupManagement] INFO  server.RaftServer$Division (RaftServerImpl.java:start(405)) - c7c0d573-77b1-47db-b09e-d84959a4a43f@group-AF0CBE3D3EB0: start as a follower, conf=conf: {index: -1, cur=peers:[c7c0d573-77b1-47db-b09e-d84959a4a43f|127.0.0.1:15063, 486fef96-c6ec-41d9-a4ca-7ebb3d261081|127.0.0.1:15071, 4c7984b5-42f1-4e4b-a334-601f88f38b33|127.0.0.1:15079]|listeners:[], old=null}
2025-09-07 09:44:04,965 [c7c0d573-77b1-47db-b09e-d84959a4a43f-groupManagement] INFO  server.RaftServer$Division (RaftServerImpl.java:setRole(392)) - c7c0d573-77b1-47db-b09e-d84959a4a43f@group-AF0CBE3D3EB0: changes role from      null to FOLLOWER at term 0 for startAsFollower
2025-09-07 09:44:04,965 [c7c0d573-77b1-47db-b09e-d84959a4a43f-groupManagement] INFO  impl.RoleInfo (RoleInfo.java:updateAndGet(148)) - c7c0d573-77b1-47db-b09e-d84959a4a43f: start c7c0d573-77b1-47db-b09e-d84959a4a43f@group-AF0CBE3D3EB0-FollowerState
2025-09-07 09:44:04,965 [c7c0d573-77b1-47db-b09e-d84959a4a43f-groupManagement] INFO  util.JmxRegister (JmxRegister.java:tryRegister(44)) - Successfully registered JMX Bean with object name Ratis:service=RaftServer,group=group-AF0CBE3D3EB0,id=c7c0d573-77b1-47db-b09e-d84959a4a43f
2025-09-07 09:44:04,965 [c7c0d573-77b1-47db-b09e-d84959a4a43f-groupManagement] INFO  util.JmxRegister (JmxRegister.java:register(58)) - register mxBean class org.apache.ratis.server.impl.RaftServerJmxAdapter as Ratis:service=RaftServer,group=group-AF0CBE3D3EB0,id=c7c0d573-77b1-47db-b09e-d84959a4a43f
2025-09-07 09:44:04,966 [c7c0d573-77b1-47db-b09e-d84959a4a43f-groupManagement] INFO  server.RaftServer$Division (RaftServerImpl.java:start(419)) - c7c0d573-77b1-47db-b09e-d84959a4a43f@group-AF0CBE3D3EB0: Successfully started.
2025-09-07 09:44:04,966 [c7c0d573-77b1-47db-b09e-d84959a4a43f-PipelineCommandHandlerThread-0] INFO  ratis.XceiverServerRatis (XceiverServerRatis.java:addGroup(846)) - Created group Pipeline-00271ae9-8e75-458f-be58-af0cbe3d3eb0
2025-09-07 09:44:04,974 [grpc-default-executor-5] INFO  server.RaftServer (RaftServerProxy.java:addNew(105)) - 486fef96-c6ec-41d9-a4ca-7ebb3d261081: addNew group-AF0CBE3D3EB0:[c7c0d573-77b1-47db-b09e-d84959a4a43f|127.0.0.1:15063, 486fef96-c6ec-41d9-a4ca-7ebb3d261081|127.0.0.1:15071, 4c7984b5-42f1-4e4b-a334-601f88f38b33|127.0.0.1:15079] returns group-AF0CBE3D3EB0:java.util.concurrent.CompletableFuture@7a227669[Not completed]
2025-09-07 09:44:04,976 [486fef96-c6ec-41d9-a4ca-7ebb3d261081-groupManagement] INFO  server.RaftServer$Division (RaftServerImpl.java:<init>(268)) - 486fef96-c6ec-41d9-a4ca-7ebb3d261081: new RaftServerImpl for group-AF0CBE3D3EB0:[c7c0d573-77b1-47db-b09e-d84959a4a43f|127.0.0.1:15063, 486fef96-c6ec-41d9-a4ca-7ebb3d261081|127.0.0.1:15071, 4c7984b5-42f1-4e4b-a334-601f88f38b33|127.0.0.1:15079] with ContainerStateMachine:uninitialized
2025-09-07 09:44:04,976 [486fef96-c6ec-41d9-a4ca-7ebb3d261081-groupManagement] INFO  server.RaftServer$Division (ServerState.java:<init>(114)) - 486fef96-c6ec-41d9-a4ca-7ebb3d261081@group-AF0CBE3D3EB0: ConfigurationManager, init=conf: {index: -1, cur=peers:[c7c0d573-77b1-47db-b09e-d84959a4a43f|127.0.0.1:15063, 486fef96-c6ec-41d9-a4ca-7ebb3d261081|127.0.0.1:15071, 4c7984b5-42f1-4e4b-a334-601f88f38b33|127.0.0.1:15079]|listeners:[], old=null}, confs=<EMPTY_MAP>
2025-09-07 09:44:04,980 [486fef96-c6ec-41d9-a4ca-7ebb3d261081-groupManagement] INFO  server.RaftServerConfigKeys (ConfUtils.java:logGet(62)) - raft.server.storage.dir = [/home/runner/work/ozone/ozone/hadoop-ozone/integration-test/target/test-dir/MiniOzoneClusterImpl-023d5a78-e64c-43f3-a4d9-6f7884931d6c/ozone-metadata/datanode-8/ratis] (custom)
2025-09-07 09:44:04,980 [486fef96-c6ec-41d9-a4ca-7ebb3d261081-groupManagement] INFO  storage.RaftStorageDirectory (RaftStorageDirectoryImpl.java:analyzeStorage(138)) - The storage directory /home/runner/work/ozone/ozone/hadoop-ozone/integration-test/target/test-dir/MiniOzoneClusterImpl-023d5a78-e64c-43f3-a4d9-6f7884931d6c/ozone-metadata/datanode-8/ratis/00271ae9-8e75-458f-be58-af0cbe3d3eb0 does not exist. Creating ...
2025-09-07 09:44:04,985 [486fef96-c6ec-41d9-a4ca-7ebb3d261081-groupManagement] INFO  storage.RaftStorageDirectory (RaftStorageDirectoryImpl.java:tryLock(229)) - Lock on /home/runner/work/ozone/ozone/hadoop-ozone/integration-test/target/test-dir/MiniOzoneClusterImpl-023d5a78-e64c-43f3-a4d9-6f7884931d6c/ozone-metadata/datanode-8/ratis/00271ae9-8e75-458f-be58-af0cbe3d3eb0/in_use.lock acquired by nodename 23079@localhost
2025-09-07 09:44:04,987 [486fef96-c6ec-41d9-a4ca-7ebb3d261081-groupManagement] INFO  storage.RaftStorage (RaftStorageImpl.java:format(98)) - Storage directory /home/runner/work/ozone/ozone/hadoop-ozone/integration-test/target/test-dir/MiniOzoneClusterImpl-023d5a78-e64c-43f3-a4d9-6f7884931d6c/ozone-metadata/datanode-8/ratis/00271ae9-8e75-458f-be58-af0cbe3d3eb0 has been successfully formatted.
2025-09-07 09:44:04,987 [486fef96-c6ec-41d9-a4ca-7ebb3d261081-groupManagement] INFO  ratis.ContainerStateMachine (ContainerStateMachine.java:initialize(339)) - 486fef96-c6ec-41d9-a4ca-7ebb3d261081: initialize group-AF0CBE3D3EB0
2025-09-07 09:44:04,987 [486fef96-c6ec-41d9-a4ca-7ebb3d261081-groupManagement] INFO  ratis.ContainerStateMachine (ContainerStateMachine.java:loadSnapshot(347)) - group-AF0CBE3D3EB0: The snapshot info is null. Setting the last applied index to:<INITIAL_VALUE>
2025-09-07 09:44:04,987 [486fef96-c6ec-41d9-a4ca-7ebb3d261081-groupManagement] INFO  server.RaftServerConfigKeys (ConfUtils.java:logGet(62)) - raft.server.log.appender.buffer.byte-limit = 33554432 (custom)
2025-09-07 09:44:04,989 [486fef96-c6ec-41d9-a4ca-7ebb3d261081-groupManagement] INFO  server.RaftServerConfigKeys (ConfUtils.java:logGet(62)) - raft.server.log.segment.size.max = 67108864 (custom)
2025-09-07 09:44:04,990 [486fef96-c6ec-41d9-a4ca-7ebb3d261081-groupManagement] INFO  server.RaftServerConfigKeys (ConfUtils.java:logGet(62)) - raft.server.log.appender.buffer.byte-limit = 33554432 (custom)
2025-09-07 09:44:04,990 [486fef96-c6ec-41d9-a4ca-7ebb3d261081-groupManagement] INFO  util.AwaitToRun (AwaitToRun.java:start(81)) - Thread[#1283,486fef96-c6ec-41d9-a4ca-7ebb3d261081@group-AF0CBE3D3EB0-cacheEviction-AwaitToRun,5,main] started
2025-09-07 09:44:04,990 [486fef96-c6ec-41d9-a4ca-7ebb3d261081-groupManagement] INFO  segmented.SegmentedRaftLogWorker (SegmentedRaftLogWorker.java:<init>(190)) - new 486fef96-c6ec-41d9-a4ca-7ebb3d261081@group-AF0CBE3D3EB0-SegmentedRaftLogWorker for RaftStorageImpl:Storage Directory /home/runner/work/ozone/ozone/hadoop-ozone/integration-test/target/test-dir/MiniOzoneClusterImpl-023d5a78-e64c-43f3-a4d9-6f7884931d6c/ozone-metadata/datanode-8/ratis/00271ae9-8e75-458f-be58-af0cbe3d3eb0
2025-09-07 09:44:04,990 [486fef96-c6ec-41d9-a4ca-7ebb3d261081-groupManagement] INFO  server.RaftServerConfigKeys (ConfUtils.java:logGet(62)) - raft.server.log.queue.byte-limit = 4294967296 (custom)
2025-09-07 09:44:04,990 [486fef96-c6ec-41d9-a4ca-7ebb3d261081-groupManagement] INFO  server.RaftServerConfigKeys (ConfUtils.java:logGet(62)) - raft.server.log.segment.size.max = 67108864 (custom)
2025-09-07 09:44:04,990 [486fef96-c6ec-41d9-a4ca-7ebb3d261081-groupManagement] INFO  server.RaftServerConfigKeys (ConfUtils.java:logGet(62)) - raft.server.log.preallocated.size = 4194304 (custom)
2025-09-07 09:44:04,990 [486fef96-c6ec-41d9-a4ca-7ebb3d261081-groupManagement] INFO  server.RaftServerConfigKeys (ConfUtils.java:logGet(62)) - raft.server.log.write.buffer.size = 33554440 (custom)
2025-09-07 09:44:04,996 [486fef96-c6ec-41d9-a4ca-7ebb3d261081-groupManagement] INFO  server.RaftServerConfigKeys (ConfUtils.java:logGet(62)) - raft.server.log.appender.buffer.byte-limit = 33554432 (custom)
2025-09-07 09:44:04,997 [486fef96-c6ec-41d9-a4ca-7ebb3d261081-groupManagement] INFO  segmented.SegmentedRaftLogWorker (SegmentedRaftLogWorker.java:lambda$new$0(141)) - 486fef96-c6ec-41d9-a4ca-7ebb3d261081@group-AF0CBE3D3EB0-SegmentedRaftLogWorker: flushIndex: setUnconditionally 0 -> -1
2025-09-07 09:44:04,997 [486fef96-c6ec-41d9-a4ca-7ebb3d261081-groupManagement] INFO  segmented.SegmentedRaftLogWorker (SegmentedRaftLogWorker.java:lambda$new$0(141)) - 486fef96-c6ec-41d9-a4ca-7ebb3d261081@group-AF0CBE3D3EB0-SegmentedRaftLogWorker: safeCacheEvictIndex: setUnconditionally 0 -> -1
2025-09-07 09:44:04,997 [486fef96-c6ec-41d9-a4ca-7ebb3d261081-groupManagement] INFO  server.RaftServer$Division (RaftServerImpl.java:start(405)) - 486fef96-c6ec-41d9-a4ca-7ebb3d261081@group-AF0CBE3D3EB0: start as a follower, conf=conf: {index: -1, cur=peers:[c7c0d573-77b1-47db-b09e-d84959a4a43f|127.0.0.1:15063, 486fef96-c6ec-41d9-a4ca-7ebb3d261081|127.0.0.1:15071, 4c7984b5-42f1-4e4b-a334-601f88f38b33|127.0.0.1:15079]|listeners:[], old=null}
2025-09-07 09:44:04,997 [486fef96-c6ec-41d9-a4ca-7ebb3d261081-groupManagement] INFO  server.RaftServer$Division (RaftServerImpl.java:setRole(392)) - 486fef96-c6ec-41d9-a4ca-7ebb3d261081@group-AF0CBE3D3EB0: changes role from      null to FOLLOWER at term 0 for startAsFollower
2025-09-07 09:44:04,997 [486fef96-c6ec-41d9-a4ca-7ebb3d261081-groupManagement] INFO  impl.RoleInfo (RoleInfo.java:updateAndGet(148)) - 486fef96-c6ec-41d9-a4ca-7ebb3d261081: start 486fef96-c6ec-41d9-a4ca-7ebb3d261081@group-AF0CBE3D3EB0-FollowerState
2025-09-07 09:44:04,998 [486fef96-c6ec-41d9-a4ca-7ebb3d261081-groupManagement] INFO  util.JmxRegister (JmxRegister.java:tryRegister(44)) - Successfully registered JMX Bean with object name Ratis:service=RaftServer,group=group-AF0CBE3D3EB0,id=486fef96-c6ec-41d9-a4ca-7ebb3d261081
2025-09-07 09:44:04,998 [486fef96-c6ec-41d9-a4ca-7ebb3d261081-groupManagement] INFO  util.JmxRegister (JmxRegister.java:register(58)) - register mxBean class org.apache.ratis.server.impl.RaftServerJmxAdapter as Ratis:service=RaftServer,group=group-AF0CBE3D3EB0,id=486fef96-c6ec-41d9-a4ca-7ebb3d261081
2025-09-07 09:44:04,999 [486fef96-c6ec-41d9-a4ca-7ebb3d261081-groupManagement] INFO  server.RaftServer$Division (RaftServerImpl.java:start(419)) - 486fef96-c6ec-41d9-a4ca-7ebb3d261081@group-AF0CBE3D3EB0: Successfully started.
2025-09-07 09:44:05,012 [grpc-default-executor-5] INFO  server.RaftServer (RaftServerProxy.java:addNew(105)) - 4c7984b5-42f1-4e4b-a334-601f88f38b33: addNew group-AF0CBE3D3EB0:[c7c0d573-77b1-47db-b09e-d84959a4a43f|127.0.0.1:15063, 486fef96-c6ec-41d9-a4ca-7ebb3d261081|127.0.0.1:15071, 4c7984b5-42f1-4e4b-a334-601f88f38b33|127.0.0.1:15079] returns group-AF0CBE3D3EB0:java.util.concurrent.CompletableFuture@1edc762c[Not completed]
2025-09-07 09:44:05,014 [4c7984b5-42f1-4e4b-a334-601f88f38b33-groupManagement] INFO  server.RaftServer$Division (RaftServerImpl.java:<init>(268)) - 4c7984b5-42f1-4e4b-a334-601f88f38b33: new RaftServerImpl for group-AF0CBE3D3EB0:[c7c0d573-77b1-47db-b09e-d84959a4a43f|127.0.0.1:15063, 486fef96-c6ec-41d9-a4ca-7ebb3d261081|127.0.0.1:15071, 4c7984b5-42f1-4e4b-a334-601f88f38b33|127.0.0.1:15079] with ContainerStateMachine:uninitialized
2025-09-07 09:44:05,014 [4c7984b5-42f1-4e4b-a334-601f88f38b33-groupManagement] INFO  server.RaftServer$Division (ServerState.java:<init>(114)) - 4c7984b5-42f1-4e4b-a334-601f88f38b33@group-AF0CBE3D3EB0: ConfigurationManager, init=conf: {index: -1, cur=peers:[c7c0d573-77b1-47db-b09e-d84959a4a43f|127.0.0.1:15063, 486fef96-c6ec-41d9-a4ca-7ebb3d261081|127.0.0.1:15071, 4c7984b5-42f1-4e4b-a334-601f88f38b33|127.0.0.1:15079]|listeners:[], old=null}, confs=<EMPTY_MAP>
2025-09-07 09:44:05,017 [7c7182dc-ac7f-44a8-b1d4-5d10f99cbcf2-PipelineCommandHandlerThread-0] INFO  server.RaftServer (RaftServerProxy.java:addNew(105)) - 7c7182dc-ac7f-44a8-b1d4-5d10f99cbcf2: addNew group-91458CD34E0F:[7c7182dc-ac7f-44a8-b1d4-5d10f99cbcf2|127.0.0.1:15039] returns group-91458CD34E0F:java.util.concurrent.CompletableFuture@5f1ea26a[Not completed]
2025-09-07 09:44:05,020 [7c7182dc-ac7f-44a8-b1d4-5d10f99cbcf2-groupManagement] INFO  server.RaftServer$Division (RaftServerImpl.java:<init>(268)) - 7c7182dc-ac7f-44a8-b1d4-5d10f99cbcf2: new RaftServerImpl for group-91458CD34E0F:[7c7182dc-ac7f-44a8-b1d4-5d10f99cbcf2|127.0.0.1:15039] with ContainerStateMachine:uninitialized
2025-09-07 09:44:05,020 [7c7182dc-ac7f-44a8-b1d4-5d10f99cbcf2-groupManagement] INFO  server.RaftServer$Division (ServerState.java:<init>(114)) - 7c7182dc-ac7f-44a8-b1d4-5d10f99cbcf2@group-91458CD34E0F: ConfigurationManager, init=conf: {index: -1, cur=peers:[7c7182dc-ac7f-44a8-b1d4-5d10f99cbcf2|127.0.0.1:15039]|listeners:[], old=null}, confs=<EMPTY_MAP>
2025-09-07 09:44:05,022 [4c7984b5-42f1-4e4b-a334-601f88f38b33-groupManagement] INFO  server.RaftServerConfigKeys (ConfUtils.java:logGet(62)) - raft.server.storage.dir = [/home/runner/work/ozone/ozone/hadoop-ozone/integration-test/target/test-dir/MiniOzoneClusterImpl-023d5a78-e64c-43f3-a4d9-6f7884931d6c/ozone-metadata/datanode-9/ratis] (custom)
2025-09-07 09:44:05,022 [4c7984b5-42f1-4e4b-a334-601f88f38b33-groupManagement] INFO  storage.RaftStorageDirectory (RaftStorageDirectoryImpl.java:analyzeStorage(138)) - The storage directory /home/runner/work/ozone/ozone/hadoop-ozone/integration-test/target/test-dir/MiniOzoneClusterImpl-023d5a78-e64c-43f3-a4d9-6f7884931d6c/ozone-metadata/datanode-9/ratis/00271ae9-8e75-458f-be58-af0cbe3d3eb0 does not exist. Creating ...
2025-09-07 09:44:05,024 [4c7984b5-42f1-4e4b-a334-601f88f38b33-groupManagement] INFO  storage.RaftStorageDirectory (RaftStorageDirectoryImpl.java:tryLock(229)) - Lock on /home/runner/work/ozone/ozone/hadoop-ozone/integration-test/target/test-dir/MiniOzoneClusterImpl-023d5a78-e64c-43f3-a4d9-6f7884931d6c/ozone-metadata/datanode-9/ratis/00271ae9-8e75-458f-be58-af0cbe3d3eb0/in_use.lock acquired by nodename 23079@localhost
2025-09-07 09:44:05,026 [7c7182dc-ac7f-44a8-b1d4-5d10f99cbcf2-groupManagement] INFO  server.RaftServerConfigKeys (ConfUtils.java:logGet(62)) - raft.server.storage.dir = [/home/runner/work/ozone/ozone/hadoop-ozone/integration-test/target/test-dir/MiniOzoneClusterImpl-023d5a78-e64c-43f3-a4d9-6f7884931d6c/ozone-metadata/datanode-4/ratis] (custom)
2025-09-07 09:44:05,027 [7c7182dc-ac7f-44a8-b1d4-5d10f99cbcf2-groupManagement] INFO  storage.RaftStorageDirectory (RaftStorageDirectoryImpl.java:analyzeStorage(138)) - The storage directory /home/runner/work/ozone/ozone/hadoop-ozone/integration-test/target/test-dir/MiniOzoneClusterImpl-023d5a78-e64c-43f3-a4d9-6f7884931d6c/ozone-metadata/datanode-4/ratis/40ed6c18-2432-483b-87ed-91458cd34e0f does not exist. Creating ...
2025-09-07 09:44:05,028 [4c7984b5-42f1-4e4b-a334-601f88f38b33-groupManagement] INFO  storage.RaftStorage (RaftStorageImpl.java:format(98)) - Storage directory /home/runner/work/ozone/ozone/hadoop-ozone/integration-test/target/test-dir/MiniOzoneClusterImpl-023d5a78-e64c-43f3-a4d9-6f7884931d6c/ozone-metadata/datanode-9/ratis/00271ae9-8e75-458f-be58-af0cbe3d3eb0 has been successfully formatted.
2025-09-07 09:44:05,028 [4c7984b5-42f1-4e4b-a334-601f88f38b33-groupManagement] INFO  ratis.ContainerStateMachine (ContainerStateMachine.java:initialize(339)) - 4c7984b5-42f1-4e4b-a334-601f88f38b33: initialize group-AF0CBE3D3EB0
2025-09-07 09:44:05,028 [7c7182dc-ac7f-44a8-b1d4-5d10f99cbcf2-groupManagement] INFO  storage.RaftStorageDirectory (RaftStorageDirectoryImpl.java:tryLock(229)) - Lock on /home/runner/work/ozone/ozone/hadoop-ozone/integration-test/target/test-dir/MiniOzoneClusterImpl-023d5a78-e64c-43f3-a4d9-6f7884931d6c/ozone-metadata/datanode-4/ratis/40ed6c18-2432-483b-87ed-91458cd34e0f/in_use.lock acquired by nodename 23079@localhost
2025-09-07 09:44:05,028 [4c7984b5-42f1-4e4b-a334-601f88f38b33-groupManagement] INFO  ratis.ContainerStateMachine (ContainerStateMachine.java:loadSnapshot(347)) - group-AF0CBE3D3EB0: The snapshot info is null. Setting the last applied index to:<INITIAL_VALUE>
2025-09-07 09:44:05,028 [4c7984b5-42f1-4e4b-a334-601f88f38b33-groupManagement] INFO  server.RaftServerConfigKeys (ConfUtils.java:logGet(62)) - raft.server.log.appender.buffer.byte-limit = 33554432 (custom)
2025-09-07 09:44:05,030 [4c7984b5-42f1-4e4b-a334-601f88f38b33-groupManagement] INFO  server.RaftServerConfigKeys (ConfUtils.java:logGet(62)) - raft.server.log.segment.size.max = 67108864 (custom)
2025-09-07 09:44:05,031 [4c7984b5-42f1-4e4b-a334-601f88f38b33-groupManagement] INFO  server.RaftServerConfigKeys (ConfUtils.java:logGet(62)) - raft.server.log.appender.buffer.byte-limit = 33554432 (custom)
2025-09-07 09:44:05,032 [4c7984b5-42f1-4e4b-a334-601f88f38b33-groupManagement] INFO  util.AwaitToRun (AwaitToRun.java:start(81)) - Thread[#1293,4c7984b5-42f1-4e4b-a334-601f88f38b33@group-AF0CBE3D3EB0-cacheEviction-AwaitToRun,5,main] started
2025-09-07 09:44:05,032 [4c7984b5-42f1-4e4b-a334-601f88f38b33-groupManagement] INFO  segmented.SegmentedRaftLogWorker (SegmentedRaftLogWorker.java:<init>(190)) - new 4c7984b5-42f1-4e4b-a334-601f88f38b33@group-AF0CBE3D3EB0-SegmentedRaftLogWorker for RaftStorageImpl:Storage Directory /home/runner/work/ozone/ozone/hadoop-ozone/integration-test/target/test-dir/MiniOzoneClusterImpl-023d5a78-e64c-43f3-a4d9-6f7884931d6c/ozone-metadata/datanode-9/ratis/00271ae9-8e75-458f-be58-af0cbe3d3eb0
2025-09-07 09:44:05,032 [4c7984b5-42f1-4e4b-a334-601f88f38b33-groupManagement] INFO  server.RaftServerConfigKeys (ConfUtils.java:logGet(62)) - raft.server.log.queue.byte-limit = 4294967296 (custom)
2025-09-07 09:44:05,032 [4c7984b5-42f1-4e4b-a334-601f88f38b33-groupManagement] INFO  server.RaftServerConfigKeys (ConfUtils.java:logGet(62)) - raft.server.log.segment.size.max = 67108864 (custom)
2025-09-07 09:44:05,032 [4c7984b5-42f1-4e4b-a334-601f88f38b33-groupManagement] INFO  server.RaftServerConfigKeys (ConfUtils.java:logGet(62)) - raft.server.log.preallocated.size = 4194304 (custom)
2025-09-07 09:44:05,032 [7c7182dc-ac7f-44a8-b1d4-5d10f99cbcf2-groupManagement] INFO  storage.RaftStorage (RaftStorageImpl.java:format(98)) - Storage directory /home/runner/work/ozone/ozone/hadoop-ozone/integration-test/target/test-dir/MiniOzoneClusterImpl-023d5a78-e64c-43f3-a4d9-6f7884931d6c/ozone-metadata/datanode-4/ratis/40ed6c18-2432-483b-87ed-91458cd34e0f has been successfully formatted.
2025-09-07 09:44:05,032 [4c7984b5-42f1-4e4b-a334-601f88f38b33-groupManagement] INFO  server.RaftServerConfigKeys (ConfUtils.java:logGet(62)) - raft.server.log.write.buffer.size = 33554440 (custom)
2025-09-07 09:44:05,033 [7c7182dc-ac7f-44a8-b1d4-5d10f99cbcf2-groupManagement] INFO  ratis.ContainerStateMachine (ContainerStateMachine.java:initialize(339)) - 7c7182dc-ac7f-44a8-b1d4-5d10f99cbcf2: initialize group-91458CD34E0F
2025-09-07 09:44:05,033 [7c7182dc-ac7f-44a8-b1d4-5d10f99cbcf2-groupManagement] INFO  ratis.ContainerStateMachine (ContainerStateMachine.java:loadSnapshot(347)) - group-91458CD34E0F: The snapshot info is null. Setting the last applied index to:<INITIAL_VALUE>
2025-09-07 09:44:05,033 [7c7182dc-ac7f-44a8-b1d4-5d10f99cbcf2-groupManagement] INFO  server.RaftServerConfigKeys (ConfUtils.java:logGet(62)) - raft.server.log.appender.buffer.byte-limit = 33554432 (custom)
2025-09-07 09:44:05,038 [7c7182dc-ac7f-44a8-b1d4-5d10f99cbcf2-groupManagement] INFO  server.RaftServerConfigKeys (ConfUtils.java:logGet(62)) - raft.server.log.segment.size.max = 67108864 (custom)
2025-09-07 09:44:05,039 [EventQueue-PipelineReportForPipelineReportHandler] INFO  pipeline.PipelineReportHandler (PipelineReportHandler.java:processPipelineReport(134)) - Opened pipeline Pipeline-40ed6c18-2432-483b-87ed-91458cd34e0f
2025-09-07 09:44:05,039 [4c7984b5-42f1-4e4b-a334-601f88f38b33-groupManagement] INFO  server.RaftServerConfigKeys (ConfUtils.java:logGet(62)) - raft.server.log.appender.buffer.byte-limit = 33554432 (custom)
2025-09-07 09:44:05,040 [4c7984b5-42f1-4e4b-a334-601f88f38b33-groupManagement] INFO  segmented.SegmentedRaftLogWorker (SegmentedRaftLogWorker.java:lambda$new$0(141)) - 4c7984b5-42f1-4e4b-a334-601f88f38b33@group-AF0CBE3D3EB0-SegmentedRaftLogWorker: flushIndex: setUnconditionally 0 -> -1
2025-09-07 09:44:05,040 [4c7984b5-42f1-4e4b-a334-601f88f38b33-groupManagement] INFO  segmented.SegmentedRaftLogWorker (SegmentedRaftLogWorker.java:lambda$new$0(141)) - 4c7984b5-42f1-4e4b-a334-601f88f38b33@group-AF0CBE3D3EB0-SegmentedRaftLogWorker: safeCacheEvictIndex: setUnconditionally 0 -> -1
2025-09-07 09:44:05,039 [7c7182dc-ac7f-44a8-b1d4-5d10f99cbcf2-groupManagement] INFO  server.RaftServerConfigKeys (ConfUtils.java:logGet(62)) - raft.server.log.appender.buffer.byte-limit = 33554432 (custom)
2025-09-07 09:44:05,041 [4c7984b5-42f1-4e4b-a334-601f88f38b33-groupManagement] INFO  server.RaftServer$Division (RaftServerImpl.java:start(405)) - 4c7984b5-42f1-4e4b-a334-601f88f38b33@group-AF0CBE3D3EB0: start as a follower, conf=conf: {index: -1, cur=peers:[c7c0d573-77b1-47db-b09e-d84959a4a43f|127.0.0.1:15063, 486fef96-c6ec-41d9-a4ca-7ebb3d261081|127.0.0.1:15071, 4c7984b5-42f1-4e4b-a334-601f88f38b33|127.0.0.1:15079]|listeners:[], old=null}
2025-09-07 09:44:05,041 [4c7984b5-42f1-4e4b-a334-601f88f38b33-groupManagement] INFO  server.RaftServer$Division (RaftServerImpl.java:setRole(392)) - 4c7984b5-42f1-4e4b-a334-601f88f38b33@group-AF0CBE3D3EB0: changes role from      null to FOLLOWER at term 0 for startAsFollower
2025-09-07 09:44:05,041 [4c7984b5-42f1-4e4b-a334-601f88f38b33-groupManagement] INFO  impl.RoleInfo (RoleInfo.java:updateAndGet(148)) - 4c7984b5-42f1-4e4b-a334-601f88f38b33: start 4c7984b5-42f1-4e4b-a334-601f88f38b33@group-AF0CBE3D3EB0-FollowerState
2025-09-07 09:44:05,041 [7c7182dc-ac7f-44a8-b1d4-5d10f99cbcf2-groupManagement] INFO  util.AwaitToRun (AwaitToRun.java:start(81)) - Thread[#1295,7c7182dc-ac7f-44a8-b1d4-5d10f99cbcf2@group-91458CD34E0F-cacheEviction-AwaitToRun,5,main] started
2025-09-07 09:44:05,041 [7c7182dc-ac7f-44a8-b1d4-5d10f99cbcf2-groupManagement] INFO  segmented.SegmentedRaftLogWorker (SegmentedRaftLogWorker.java:<init>(190)) - new 7c7182dc-ac7f-44a8-b1d4-5d10f99cbcf2@group-91458CD34E0F-SegmentedRaftLogWorker for RaftStorageImpl:Storage Directory /home/runner/work/ozone/ozone/hadoop-ozone/integration-test/target/test-dir/MiniOzoneClusterImpl-023d5a78-e64c-43f3-a4d9-6f7884931d6c/ozone-metadata/datanode-4/ratis/40ed6c18-2432-483b-87ed-91458cd34e0f
2025-09-07 09:44:05,041 [7c7182dc-ac7f-44a8-b1d4-5d10f99cbcf2-groupManagement] INFO  server.RaftServerConfigKeys (ConfUtils.java:logGet(62)) - raft.server.log.queue.byte-limit = 4294967296 (custom)
2025-09-07 09:44:05,041 [7c7182dc-ac7f-44a8-b1d4-5d10f99cbcf2-groupManagement] INFO  server.RaftServerConfigKeys (ConfUtils.java:logGet(62)) - raft.server.log.segment.size.max = 67108864 (custom)
2025-09-07 09:44:05,041 [7c7182dc-ac7f-44a8-b1d4-5d10f99cbcf2-groupManagement] INFO  server.RaftServerConfigKeys (ConfUtils.java:logGet(62)) - raft.server.log.preallocated.size = 4194304 (custom)
2025-09-07 09:44:05,042 [7c7182dc-ac7f-44a8-b1d4-5d10f99cbcf2-groupManagement] INFO  server.RaftServerConfigKeys (ConfUtils.java:logGet(62)) - raft.server.log.write.buffer.size = 33554440 (custom)
2025-09-07 09:44:05,042 [4c7984b5-42f1-4e4b-a334-601f88f38b33-groupManagement] INFO  util.JmxRegister (JmxRegister.java:tryRegister(44)) - Successfully registered JMX Bean with object name Ratis:service=RaftServer,group=group-AF0CBE3D3EB0,id=4c7984b5-42f1-4e4b-a334-601f88f38b33
2025-09-07 09:44:05,042 [4c7984b5-42f1-4e4b-a334-601f88f38b33-groupManagement] INFO  util.JmxRegister (JmxRegister.java:register(58)) - register mxBean class org.apache.ratis.server.impl.RaftServerJmxAdapter as Ratis:service=RaftServer,group=group-AF0CBE3D3EB0,id=4c7984b5-42f1-4e4b-a334-601f88f38b33
2025-09-07 09:44:05,043 [4c7984b5-42f1-4e4b-a334-601f88f38b33-groupManagement] INFO  server.RaftServer$Division (RaftServerImpl.java:start(419)) - 4c7984b5-42f1-4e4b-a334-601f88f38b33@group-AF0CBE3D3EB0: Successfully started.
2025-09-07 09:44:05,049 [7c7182dc-ac7f-44a8-b1d4-5d10f99cbcf2-groupManagement] INFO  server.RaftServerConfigKeys (ConfUtils.java:logGet(62)) - raft.server.log.appender.buffer.byte-limit = 33554432 (custom)
2025-09-07 09:44:05,050 [7c7182dc-ac7f-44a8-b1d4-5d10f99cbcf2-groupManagement] INFO  segmented.SegmentedRaftLogWorker (SegmentedRaftLogWorker.java:lambda$new$0(141)) - 7c7182dc-ac7f-44a8-b1d4-5d10f99cbcf2@group-91458CD34E0F-SegmentedRaftLogWorker: flushIndex: setUnconditionally 0 -> -1
2025-09-07 09:44:05,050 [7c7182dc-ac7f-44a8-b1d4-5d10f99cbcf2-groupManagement] INFO  segmented.SegmentedRaftLogWorker (SegmentedRaftLogWorker.java:lambda$new$0(141)) - 7c7182dc-ac7f-44a8-b1d4-5d10f99cbcf2@group-91458CD34E0F-SegmentedRaftLogWorker: safeCacheEvictIndex: setUnconditionally 0 -> -1
2025-09-07 09:44:05,050 [7c7182dc-ac7f-44a8-b1d4-5d10f99cbcf2-groupManagement] INFO  server.RaftServer$Division (RaftServerImpl.java:start(405)) - 7c7182dc-ac7f-44a8-b1d4-5d10f99cbcf2@group-91458CD34E0F: start as a follower, conf=conf: {index: -1, cur=peers:[7c7182dc-ac7f-44a8-b1d4-5d10f99cbcf2|127.0.0.1:15039]|listeners:[], old=null}
2025-09-07 09:44:05,051 [7c7182dc-ac7f-44a8-b1d4-5d10f99cbcf2-groupManagement] INFO  server.RaftServer$Division (RaftServerImpl.java:setRole(392)) - 7c7182dc-ac7f-44a8-b1d4-5d10f99cbcf2@group-91458CD34E0F: changes role from      null to FOLLOWER at term 0 for startAsFollower
2025-09-07 09:44:05,051 [7c7182dc-ac7f-44a8-b1d4-5d10f99cbcf2-groupManagement] INFO  impl.RoleInfo (RoleInfo.java:updateAndGet(148)) - 7c7182dc-ac7f-44a8-b1d4-5d10f99cbcf2: start 7c7182dc-ac7f-44a8-b1d4-5d10f99cbcf2@group-91458CD34E0F-FollowerState
2025-09-07 09:44:05,052 [7c7182dc-ac7f-44a8-b1d4-5d10f99cbcf2-groupManagement] INFO  util.JmxRegister (JmxRegister.java:tryRegister(44)) - Successfully registered JMX Bean with object name Ratis:service=RaftServer,group=group-91458CD34E0F,id=7c7182dc-ac7f-44a8-b1d4-5d10f99cbcf2
2025-09-07 09:44:05,052 [c7c0d573-77b1-47db-b09e-d84959a4a43f-PipelineCommandHandlerThread-0] INFO  commandhandler.CreatePipelineCommandHandler (CreatePipelineCommandHandler.java:lambda$handle$2(127)) - Created Pipeline RATIS THREE Pipeline-00271ae9-8e75-458f-be58-af0cbe3d3eb0.
2025-09-07 09:44:05,052 [7c7182dc-ac7f-44a8-b1d4-5d10f99cbcf2-groupManagement] INFO  util.JmxRegister (JmxRegister.java:register(58)) - register mxBean class org.apache.ratis.server.impl.RaftServerJmxAdapter as Ratis:service=RaftServer,group=group-91458CD34E0F,id=7c7182dc-ac7f-44a8-b1d4-5d10f99cbcf2
2025-09-07 09:44:05,054 [c7c0d573-77b1-47db-b09e-d84959a4a43f-PipelineCommandHandlerThread-0] INFO  server.RaftServer (RaftServerProxy.java:addNew(105)) - c7c0d573-77b1-47db-b09e-d84959a4a43f: addNew group-7A90E47A063C:[c7c0d573-77b1-47db-b09e-d84959a4a43f|127.0.0.1:15063, 486fef96-c6ec-41d9-a4ca-7ebb3d261081|127.0.0.1:15071, 4c7984b5-42f1-4e4b-a334-601f88f38b33|127.0.0.1:15079] returns group-7A90E47A063C:java.util.concurrent.CompletableFuture@22aaa6e4[Not completed]
2025-09-07 09:44:05,055 [7c7182dc-ac7f-44a8-b1d4-5d10f99cbcf2-groupManagement] INFO  server.RaftServer$Division (RaftServerImpl.java:start(419)) - 7c7182dc-ac7f-44a8-b1d4-5d10f99cbcf2@group-91458CD34E0F: Successfully started.
2025-09-07 09:44:05,055 [7c7182dc-ac7f-44a8-b1d4-5d10f99cbcf2-PipelineCommandHandlerThread-0] INFO  ratis.XceiverServerRatis (XceiverServerRatis.java:addGroup(846)) - Created group Pipeline-40ed6c18-2432-483b-87ed-91458cd34e0f
2025-09-07 09:44:05,056 [7c7182dc-ac7f-44a8-b1d4-5d10f99cbcf2-PipelineCommandHandlerThread-0] INFO  commandhandler.CreatePipelineCommandHandler (CreatePipelineCommandHandler.java:lambda$handle$2(127)) - Created Pipeline RATIS ONE Pipeline-40ed6c18-2432-483b-87ed-91458cd34e0f.
2025-09-07 09:44:05,056 [7c7182dc-ac7f-44a8-b1d4-5d10f99cbcf2-PipelineCommandHandlerThread-0] INFO  server.RaftServer (RaftServerProxy.java:addNew(105)) - 7c7182dc-ac7f-44a8-b1d4-5d10f99cbcf2: addNew group-09A5C1734F32:[90a60b70-6b91-4fb2-a612-7ac0b6911dfc|127.0.0.1:15047, e6e13cb3-e32b-4d2d-874a-1e4700c67398|127.0.0.1:15055, 7c7182dc-ac7f-44a8-b1d4-5d10f99cbcf2|127.0.0.1:15039] returns group-09A5C1734F32:java.util.concurrent.CompletableFuture@6d694008[Not completed]
2025-09-07 09:44:05,058 [7c7182dc-ac7f-44a8-b1d4-5d10f99cbcf2-groupManagement] INFO  server.RaftServer$Division (RaftServerImpl.java:<init>(268)) - 7c7182dc-ac7f-44a8-b1d4-5d10f99cbcf2: new RaftServerImpl for group-09A5C1734F32:[90a60b70-6b91-4fb2-a612-7ac0b6911dfc|127.0.0.1:15047, e6e13cb3-e32b-4d2d-874a-1e4700c67398|127.0.0.1:15055, 7c7182dc-ac7f-44a8-b1d4-5d10f99cbcf2|127.0.0.1:15039] with ContainerStateMachine:uninitialized
2025-09-07 09:44:05,056 [c7c0d573-77b1-47db-b09e-d84959a4a43f-groupManagement] INFO  server.RaftServer$Division (RaftServerImpl.java:<init>(268)) - c7c0d573-77b1-47db-b09e-d84959a4a43f: new RaftServerImpl for group-7A90E47A063C:[c7c0d573-77b1-47db-b09e-d84959a4a43f|127.0.0.1:15063, 486fef96-c6ec-41d9-a4ca-7ebb3d261081|127.0.0.1:15071, 4c7984b5-42f1-4e4b-a334-601f88f38b33|127.0.0.1:15079] with ContainerStateMachine:uninitialized
2025-09-07 09:44:05,059 [c7c0d573-77b1-47db-b09e-d84959a4a43f-groupManagement] INFO  server.RaftServer$Division (ServerState.java:<init>(114)) - c7c0d573-77b1-47db-b09e-d84959a4a43f@group-7A90E47A063C: ConfigurationManager, init=conf: {index: -1, cur=peers:[c7c0d573-77b1-47db-b09e-d84959a4a43f|127.0.0.1:15063, 486fef96-c6ec-41d9-a4ca-7ebb3d261081|127.0.0.1:15071, 4c7984b5-42f1-4e4b-a334-601f88f38b33|127.0.0.1:15079]|listeners:[], old=null}, confs=<EMPTY_MAP>
2025-09-07 09:44:05,062 [7c7182dc-ac7f-44a8-b1d4-5d10f99cbcf2-groupManagement] INFO  server.RaftServer$Division (ServerState.java:<init>(114)) - 7c7182dc-ac7f-44a8-b1d4-5d10f99cbcf2@group-09A5C1734F32: ConfigurationManager, init=conf: {index: -1, cur=peers:[90a60b70-6b91-4fb2-a612-7ac0b6911dfc|127.0.0.1:15047, e6e13cb3-e32b-4d2d-874a-1e4700c67398|127.0.0.1:15055, 7c7182dc-ac7f-44a8-b1d4-5d10f99cbcf2|127.0.0.1:15039]|listeners:[], old=null}, confs=<EMPTY_MAP>
2025-09-07 09:44:05,068 [c7c0d573-77b1-47db-b09e-d84959a4a43f-groupManagement] INFO  server.RaftServerConfigKeys (ConfUtils.java:logGet(62)) - raft.server.storage.dir = [/home/runner/work/ozone/ozone/hadoop-ozone/integration-test/target/test-dir/MiniOzoneClusterImpl-023d5a78-e64c-43f3-a4d9-6f7884931d6c/ozone-metadata/datanode-7/ratis] (custom)
2025-09-07 09:44:05,068 [c7c0d573-77b1-47db-b09e-d84959a4a43f-groupManagement] INFO  storage.RaftStorageDirectory (RaftStorageDirectoryImpl.java:analyzeStorage(138)) - The storage directory /home/runner/work/ozone/ozone/hadoop-ozone/integration-test/target/test-dir/MiniOzoneClusterImpl-023d5a78-e64c-43f3-a4d9-6f7884931d6c/ozone-metadata/datanode-7/ratis/c966e9dd-f994-4bc9-96f7-7a90e47a063c does not exist. Creating ...
2025-09-07 09:44:05,069 [7c7182dc-ac7f-44a8-b1d4-5d10f99cbcf2-groupManagement] INFO  server.RaftServerConfigKeys (ConfUtils.java:logGet(62)) - raft.server.storage.dir = [/home/runner/work/ozone/ozone/hadoop-ozone/integration-test/target/test-dir/MiniOzoneClusterImpl-023d5a78-e64c-43f3-a4d9-6f7884931d6c/ozone-metadata/datanode-4/ratis] (custom)
2025-09-07 09:44:05,069 [7c7182dc-ac7f-44a8-b1d4-5d10f99cbcf2-groupManagement] INFO  storage.RaftStorageDirectory (RaftStorageDirectoryImpl.java:analyzeStorage(138)) - The storage directory /home/runner/work/ozone/ozone/hadoop-ozone/integration-test/target/test-dir/MiniOzoneClusterImpl-023d5a78-e64c-43f3-a4d9-6f7884931d6c/ozone-metadata/datanode-4/ratis/de1a2be5-feda-49eb-9ee6-09a5c1734f32 does not exist. Creating ...
2025-09-07 09:44:05,071 [7c7182dc-ac7f-44a8-b1d4-5d10f99cbcf2-groupManagement] INFO  storage.RaftStorageDirectory (RaftStorageDirectoryImpl.java:tryLock(229)) - Lock on /home/runner/work/ozone/ozone/hadoop-ozone/integration-test/target/test-dir/MiniOzoneClusterImpl-023d5a78-e64c-43f3-a4d9-6f7884931d6c/ozone-metadata/datanode-4/ratis/de1a2be5-feda-49eb-9ee6-09a5c1734f32/in_use.lock acquired by nodename 23079@localhost
2025-09-07 09:44:05,072 [c7c0d573-77b1-47db-b09e-d84959a4a43f-groupManagement] INFO  storage.RaftStorageDirectory (RaftStorageDirectoryImpl.java:tryLock(229)) - Lock on /home/runner/work/ozone/ozone/hadoop-ozone/integration-test/target/test-dir/MiniOzoneClusterImpl-023d5a78-e64c-43f3-a4d9-6f7884931d6c/ozone-metadata/datanode-7/ratis/c966e9dd-f994-4bc9-96f7-7a90e47a063c/in_use.lock acquired by nodename 23079@localhost
2025-09-07 09:44:05,072 [ForkJoinPool-1-worker-1] INFO  ozone.MiniOzoneClusterImpl (MiniOzoneClusterImpl.java:lambda$waitForClusterToBeReady$0(181)) - Nodes are ready. Got 10 of 10 DN Heartbeats.
2025-09-07 09:44:05,072 [ForkJoinPool-1-worker-1] INFO  ozone.MiniOzoneClusterImpl (MiniOzoneClusterImpl.java:lambda$waitForClusterToBeReady$0(184)) - Cluster exits safe mode
2025-09-07 09:44:05,072 [ForkJoinPool-1-worker-1] INFO  ozone.MiniOzoneClusterImpl (MiniOzoneClusterImpl.java:lambda$waitForClusterToBeReady$0(186)) - SCM became leader
2025-09-07 09:44:05,073 [7c7182dc-ac7f-44a8-b1d4-5d10f99cbcf2-groupManagement] INFO  storage.RaftStorage (RaftStorageImpl.java:format(98)) - Storage directory /home/runner/work/ozone/ozone/hadoop-ozone/integration-test/target/test-dir/MiniOzoneClusterImpl-023d5a78-e64c-43f3-a4d9-6f7884931d6c/ozone-metadata/datanode-4/ratis/de1a2be5-feda-49eb-9ee6-09a5c1734f32 has been successfully formatted.
2025-09-07 09:44:05,074 [95d41743-cdf0-4105-938b-93fe980aeffc@group-77DC33C8A8CA-FollowerState] INFO  impl.FollowerState (FollowerState.java:runImpl(161)) - 95d41743-cdf0-4105-938b-93fe980aeffc@group-77DC33C8A8CA-FollowerState: change to CANDIDATE, lastRpcElapsedTime:1069834638ns, electionTimeout:1069ms
2025-09-07 09:44:05,074 [95d41743-cdf0-4105-938b-93fe980aeffc@group-77DC33C8A8CA-FollowerState] INFO  impl.RoleInfo (RoleInfo.java:shutdownFollowerState(121)) - 95d41743-cdf0-4105-938b-93fe980aeffc: shutdown 95d41743-cdf0-4105-938b-93fe980aeffc@group-77DC33C8A8CA-FollowerState
2025-09-07 09:44:05,074 [95d41743-cdf0-4105-938b-93fe980aeffc@group-77DC33C8A8CA-FollowerState] INFO  server.RaftServer$Division (RaftServerImpl.java:setRole(392)) - 95d41743-cdf0-4105-938b-93fe980aeffc@group-77DC33C8A8CA: changes role from  FOLLOWER to CANDIDATE at term 0 for changeToCandidate
2025-09-07 09:44:05,074 [95d41743-cdf0-4105-938b-93fe980aeffc@group-77DC33C8A8CA-FollowerState] INFO  impl.RoleInfo (RoleInfo.java:updateAndGet(148)) - 95d41743-cdf0-4105-938b-93fe980aeffc: start 95d41743-cdf0-4105-938b-93fe980aeffc@group-77DC33C8A8CA-LeaderElection8
2025-09-07 09:44:05,074 [7c7182dc-ac7f-44a8-b1d4-5d10f99cbcf2-groupManagement] INFO  ratis.ContainerStateMachine (ContainerStateMachine.java:initialize(339)) - 7c7182dc-ac7f-44a8-b1d4-5d10f99cbcf2: initialize group-09A5C1734F32
2025-09-07 09:44:05,076 [7c7182dc-ac7f-44a8-b1d4-5d10f99cbcf2-groupManagement] INFO  ratis.ContainerStateMachine (ContainerStateMachine.java:loadSnapshot(347)) - group-09A5C1734F32: The snapshot info is null. Setting the last applied index to:<INITIAL_VALUE>
2025-09-07 09:44:05,076 [7c7182dc-ac7f-44a8-b1d4-5d10f99cbcf2-groupManagement] INFO  server.RaftServerConfigKeys (ConfUtils.java:logGet(62)) - raft.server.log.appender.buffer.byte-limit = 33554432 (custom)
2025-09-07 09:44:05,076 [95d41743-cdf0-4105-938b-93fe980aeffc@group-77DC33C8A8CA-LeaderElection8] INFO  impl.LeaderElection (LeaderElection.java:askForVotes(448)) - 95d41743-cdf0-4105-938b-93fe980aeffc@group-77DC33C8A8CA-LeaderElection8 PRE_VOTE round 0: submit vote requests at term 0 for conf: {index: -1, cur=peers:[95d41743-cdf0-4105-938b-93fe980aeffc|127.0.0.1:15031, 8500c972-c6d1-4433-9d49-a8e3bb920002|127.0.0.1:15023, ff2509eb-55dd-4ad3-b532-83d6209e1a92|127.0.0.1:15015]|listeners:[], old=null}
2025-09-07 09:44:05,077 [c7c0d573-77b1-47db-b09e-d84959a4a43f-groupManagement] INFO  storage.RaftStorage (RaftStorageImpl.java:format(98)) - Storage directory /home/runner/work/ozone/ozone/hadoop-ozone/integration-test/target/test-dir/MiniOzoneClusterImpl-023d5a78-e64c-43f3-a4d9-6f7884931d6c/ozone-metadata/datanode-7/ratis/c966e9dd-f994-4bc9-96f7-7a90e47a063c has been successfully formatted.
2025-09-07 09:44:05,077 [c7c0d573-77b1-47db-b09e-d84959a4a43f-groupManagement] INFO  ratis.ContainerStateMachine (ContainerStateMachine.java:initialize(339)) - c7c0d573-77b1-47db-b09e-d84959a4a43f: initialize group-7A90E47A063C
2025-09-07 09:44:05,077 [c7c0d573-77b1-47db-b09e-d84959a4a43f-groupManagement] INFO  ratis.ContainerStateMachine (ContainerStateMachine.java:loadSnapshot(347)) - group-7A90E47A063C: The snapshot info is null. Setting the last applied index to:<INITIAL_VALUE>
2025-09-07 09:44:05,077 [c7c0d573-77b1-47db-b09e-d84959a4a43f-groupManagement] INFO  server.RaftServerConfigKeys (ConfUtils.java:logGet(62)) - raft.server.log.appender.buffer.byte-limit = 33554432 (custom)
2025-09-07 09:44:05,080 [grpc-default-executor-5] INFO  server.RaftServer$Division (RaftServerImpl.java:requestVote(1421)) - ff2509eb-55dd-4ad3-b532-83d6209e1a92@group-77DC33C8A8CA: receive requestVote(PRE_VOTE, 95d41743-cdf0-4105-938b-93fe980aeffc, group-77DC33C8A8CA, 0, <PROTO_DEFAULT>)
2025-09-07 09:44:05,080 [grpc-default-executor-5] INFO  impl.VoteContext (VoteContext.java:log(49)) - ff2509eb-55dd-4ad3-b532-83d6209e1a92@group-77DC33C8A8CA-FOLLOWER: reject PRE_VOTE from 95d41743-cdf0-4105-938b-93fe980aeffc: our priority 1 > candidate's priority 0
2025-09-07 09:44:05,080 [grpc-default-executor-5] INFO  server.RaftServer$Division (RaftServerImpl.java:requestVote(1455)) - ff2509eb-55dd-4ad3-b532-83d6209e1a92@group-77DC33C8A8CA replies to PRE_VOTE vote request: 95d41743-cdf0-4105-938b-93fe980aeffc<-ff2509eb-55dd-4ad3-b532-83d6209e1a92#0:FAIL-t0-last:<INITIAL_VALUE>. Peer's state: ff2509eb-55dd-4ad3-b532-83d6209e1a92@group-77DC33C8A8CA:t0, leader=null, voted=, raftlog=Memoized:ff2509eb-55dd-4ad3-b532-83d6209e1a92@group-77DC33C8A8CA-SegmentedRaftLog:OPENED:c-1:lastnull, conf=conf: {index: -1, cur=peers:[95d41743-cdf0-4105-938b-93fe980aeffc|127.0.0.1:15031, 8500c972-c6d1-4433-9d49-a8e3bb920002|127.0.0.1:15023, ff2509eb-55dd-4ad3-b532-83d6209e1a92|127.0.0.1:15015]|listeners:[], old=null}
2025-09-07 09:44:05,081 [95d41743-cdf0-4105-938b-93fe980aeffc@group-77DC33C8A8CA-LeaderElection8] INFO  impl.LeaderElection (LeaderElection.java:logAndReturn(206)) - 95d41743-cdf0-4105-938b-93fe980aeffc@group-77DC33C8A8CA-LeaderElection8: PRE_VOTE REJECTED received 1 response(s) and 0 exception(s):
2025-09-07 09:44:05,081 [95d41743-cdf0-4105-938b-93fe980aeffc@group-77DC33C8A8CA-LeaderElection8] INFO  impl.LeaderElection (LeaderElection.java:logAndReturn(210)) -   Response 0: 95d41743-cdf0-4105-938b-93fe980aeffc<-ff2509eb-55dd-4ad3-b532-83d6209e1a92#0:FAIL-t0-last:<INITIAL_VALUE>
2025-09-07 09:44:05,081 [95d41743-cdf0-4105-938b-93fe980aeffc@group-77DC33C8A8CA-LeaderElection8] INFO  impl.LeaderElection (LeaderElection.java:askForVotes(450)) - 95d41743-cdf0-4105-938b-93fe980aeffc@group-77DC33C8A8CA-LeaderElection8 PRE_VOTE round 0: result REJECTED
2025-09-07 09:44:05,081 [95d41743-cdf0-4105-938b-93fe980aeffc@group-77DC33C8A8CA-LeaderElection8] INFO  server.RaftServer$Division (RaftServerImpl.java:setRole(392)) - 95d41743-cdf0-4105-938b-93fe980aeffc@group-77DC33C8A8CA: changes role from CANDIDATE to FOLLOWER at term 0 for REJECTED
2025-09-07 09:44:05,082 [95d41743-cdf0-4105-938b-93fe980aeffc@group-77DC33C8A8CA-LeaderElection8] INFO  impl.RoleInfo (RoleInfo.java:shutdownLeaderElection(141)) - 95d41743-cdf0-4105-938b-93fe980aeffc: shutdown 95d41743-cdf0-4105-938b-93fe980aeffc@group-77DC33C8A8CA-LeaderElection8
2025-09-07 09:44:05,082 [95d41743-cdf0-4105-938b-93fe980aeffc@group-77DC33C8A8CA-LeaderElection8] INFO  impl.RoleInfo (RoleInfo.java:updateAndGet(148)) - 95d41743-cdf0-4105-938b-93fe980aeffc: start 95d41743-cdf0-4105-938b-93fe980aeffc@group-77DC33C8A8CA-FollowerState
2025-09-07 09:44:05,082 [grpc-default-executor-0] INFO  server.RaftServer$Division (RaftServerImpl.java:requestVote(1421)) - 8500c972-c6d1-4433-9d49-a8e3bb920002@group-77DC33C8A8CA: receive requestVote(PRE_VOTE, 95d41743-cdf0-4105-938b-93fe980aeffc, group-77DC33C8A8CA, 0, <PROTO_DEFAULT>)
2025-09-07 09:44:05,082 [grpc-default-executor-0] INFO  impl.VoteContext (VoteContext.java:log(49)) - 8500c972-c6d1-4433-9d49-a8e3bb920002@group-77DC33C8A8CA-FOLLOWER: accept PRE_VOTE from 95d41743-cdf0-4105-938b-93fe980aeffc: our priority 0 <= candidate's priority 0
2025-09-07 09:44:05,083 [grpc-default-executor-0] INFO  server.RaftServer$Division (RaftServerImpl.java:requestVote(1455)) - 8500c972-c6d1-4433-9d49-a8e3bb920002@group-77DC33C8A8CA replies to PRE_VOTE vote request: 95d41743-cdf0-4105-938b-93fe980aeffc<-8500c972-c6d1-4433-9d49-a8e3bb920002#0:OK-t0-last:<INITIAL_VALUE>. Peer's state: 8500c972-c6d1-4433-9d49-a8e3bb920002@group-77DC33C8A8CA:t0, leader=null, voted=, raftlog=Memoized:8500c972-c6d1-4433-9d49-a8e3bb920002@group-77DC33C8A8CA-SegmentedRaftLog:OPENED:c-1:lastnull, conf=conf: {index: -1, cur=peers:[95d41743-cdf0-4105-938b-93fe980aeffc|127.0.0.1:15031, 8500c972-c6d1-4433-9d49-a8e3bb920002|127.0.0.1:15023, ff2509eb-55dd-4ad3-b532-83d6209e1a92|127.0.0.1:15015]|listeners:[], old=null}
2025-09-07 09:44:05,084 [95d41743-cdf0-4105-938b-93fe980aeffc@group-77DC33C8A8CA-LeaderElection8] INFO  server.RaftServer$Division (RaftServerImpl.java:setFirstElection(576)) - 95d41743-cdf0-4105-938b-93fe980aeffc@group-77DC33C8A8CA: set firstElectionSinceStartup to false for REJECTED
2025-09-07 09:44:05,085 [c7c0d573-77b1-47db-b09e-d84959a4a43f-groupManagement] INFO  server.RaftServerConfigKeys (ConfUtils.java:logGet(62)) - raft.server.log.segment.size.max = 67108864 (custom)
2025-09-07 09:44:05,085 [c7c0d573-77b1-47db-b09e-d84959a4a43f-groupManagement] INFO  server.RaftServerConfigKeys (ConfUtils.java:logGet(62)) - raft.server.log.appender.buffer.byte-limit = 33554432 (custom)
2025-09-07 09:44:05,087 [7c7182dc-ac7f-44a8-b1d4-5d10f99cbcf2-groupManagement] INFO  server.RaftServerConfigKeys (ConfUtils.java:logGet(62)) - raft.server.log.segment.size.max = 67108864 (custom)
2025-09-07 09:44:05,087 [7c7182dc-ac7f-44a8-b1d4-5d10f99cbcf2-groupManagement] INFO  server.RaftServerConfigKeys (ConfUtils.java:logGet(62)) - raft.server.log.appender.buffer.byte-limit = 33554432 (custom)
2025-09-07 09:44:05,088 [c7c0d573-77b1-47db-b09e-d84959a4a43f-groupManagement] INFO  util.AwaitToRun (AwaitToRun.java:start(81)) - Thread[#1309,c7c0d573-77b1-47db-b09e-d84959a4a43f@group-7A90E47A063C-cacheEviction-AwaitToRun,5,main] started
2025-09-07 09:44:05,088 [c7c0d573-77b1-47db-b09e-d84959a4a43f-groupManagement] INFO  segmented.SegmentedRaftLogWorker (SegmentedRaftLogWorker.java:<init>(190)) - new c7c0d573-77b1-47db-b09e-d84959a4a43f@group-7A90E47A063C-SegmentedRaftLogWorker for RaftStorageImpl:Storage Directory /home/runner/work/ozone/ozone/hadoop-ozone/integration-test/target/test-dir/MiniOzoneClusterImpl-023d5a78-e64c-43f3-a4d9-6f7884931d6c/ozone-metadata/datanode-7/ratis/c966e9dd-f994-4bc9-96f7-7a90e47a063c
2025-09-07 09:44:05,088 [c7c0d573-77b1-47db-b09e-d84959a4a43f-groupManagement] INFO  server.RaftServerConfigKeys (ConfUtils.java:logGet(62)) - raft.server.log.queue.byte-limit = 4294967296 (custom)
2025-09-07 09:44:05,088 [c7c0d573-77b1-47db-b09e-d84959a4a43f-groupManagement] INFO  server.RaftServerConfigKeys (ConfUtils.java:logGet(62)) - raft.server.log.segment.size.max = 67108864 (custom)
2025-09-07 09:44:05,088 [c7c0d573-77b1-47db-b09e-d84959a4a43f-groupManagement] INFO  server.RaftServerConfigKeys (ConfUtils.java:logGet(62)) - raft.server.log.preallocated.size = 4194304 (custom)
2025-09-07 09:44:05,088 [c7c0d573-77b1-47db-b09e-d84959a4a43f-groupManagement] INFO  server.RaftServerConfigKeys (ConfUtils.java:logGet(62)) - raft.server.log.write.buffer.size = 33554440 (custom)
2025-09-07 09:44:05,090 [7c7182dc-ac7f-44a8-b1d4-5d10f99cbcf2-groupManagement] INFO  util.AwaitToRun (AwaitToRun.java:start(81)) - Thread[#1310,7c7182dc-ac7f-44a8-b1d4-5d10f99cbcf2@group-09A5C1734F32-cacheEviction-AwaitToRun,5,main] started
2025-09-07 09:44:05,092 [7c7182dc-ac7f-44a8-b1d4-5d10f99cbcf2-groupManagement] INFO  segmented.SegmentedRaftLogWorker (SegmentedRaftLogWorker.java:<init>(190)) - new 7c7182dc-ac7f-44a8-b1d4-5d10f99cbcf2@group-09A5C1734F32-SegmentedRaftLogWorker for RaftStorageImpl:Storage Directory /home/runner/work/ozone/ozone/hadoop-ozone/integration-test/target/test-dir/MiniOzoneClusterImpl-023d5a78-e64c-43f3-a4d9-6f7884931d6c/ozone-metadata/datanode-4/ratis/de1a2be5-feda-49eb-9ee6-09a5c1734f32
2025-09-07 09:44:05,092 [7c7182dc-ac7f-44a8-b1d4-5d10f99cbcf2-groupManagement] INFO  server.RaftServerConfigKeys (ConfUtils.java:logGet(62)) - raft.server.log.queue.byte-limit = 4294967296 (custom)
2025-09-07 09:44:05,092 [7c7182dc-ac7f-44a8-b1d4-5d10f99cbcf2-groupManagement] INFO  server.RaftServerConfigKeys (ConfUtils.java:logGet(62)) - raft.server.log.segment.size.max = 67108864 (custom)
2025-09-07 09:44:05,092 [7c7182dc-ac7f-44a8-b1d4-5d10f99cbcf2-groupManagement] INFO  server.RaftServerConfigKeys (ConfUtils.java:logGet(62)) - raft.server.log.preallocated.size = 4194304 (custom)
2025-09-07 09:44:05,092 [7c7182dc-ac7f-44a8-b1d4-5d10f99cbcf2-groupManagement] INFO  server.RaftServerConfigKeys (ConfUtils.java:logGet(62)) - raft.server.log.write.buffer.size = 33554440 (custom)
2025-09-07 09:44:05,098 [c7c0d573-77b1-47db-b09e-d84959a4a43f-groupManagement] INFO  server.RaftServerConfigKeys (ConfUtils.java:logGet(62)) - raft.server.log.appender.buffer.byte-limit = 33554432 (custom)
2025-09-07 09:44:05,098 [c7c0d573-77b1-47db-b09e-d84959a4a43f-groupManagement] INFO  segmented.SegmentedRaftLogWorker (SegmentedRaftLogWorker.java:lambda$new$0(141)) - c7c0d573-77b1-47db-b09e-d84959a4a43f@group-7A90E47A063C-SegmentedRaftLogWorker: flushIndex: setUnconditionally 0 -> -1
2025-09-07 09:44:05,098 [c7c0d573-77b1-47db-b09e-d84959a4a43f-groupManagement] INFO  segmented.SegmentedRaftLogWorker (SegmentedRaftLogWorker.java:lambda$new$0(141)) - c7c0d573-77b1-47db-b09e-d84959a4a43f@group-7A90E47A063C-SegmentedRaftLogWorker: safeCacheEvictIndex: setUnconditionally 0 -> -1
2025-09-07 09:44:05,098 [c7c0d573-77b1-47db-b09e-d84959a4a43f-groupManagement] INFO  server.RaftServer$Division (RaftServerImpl.java:start(405)) - c7c0d573-77b1-47db-b09e-d84959a4a43f@group-7A90E47A063C: start as a follower, conf=conf: {index: -1, cur=peers:[c7c0d573-77b1-47db-b09e-d84959a4a43f|127.0.0.1:15063, 486fef96-c6ec-41d9-a4ca-7ebb3d261081|127.0.0.1:15071, 4c7984b5-42f1-4e4b-a334-601f88f38b33|127.0.0.1:15079]|listeners:[], old=null}
2025-09-07 09:44:05,098 [c7c0d573-77b1-47db-b09e-d84959a4a43f-groupManagement] INFO  server.RaftServer$Division (RaftServerImpl.java:setRole(392)) - c7c0d573-77b1-47db-b09e-d84959a4a43f@group-7A90E47A063C: changes role from      null to FOLLOWER at term 0 for startAsFollower
2025-09-07 09:44:05,099 [c7c0d573-77b1-47db-b09e-d84959a4a43f-groupManagement] INFO  impl.RoleInfo (RoleInfo.java:updateAndGet(148)) - c7c0d573-77b1-47db-b09e-d84959a4a43f: start c7c0d573-77b1-47db-b09e-d84959a4a43f@group-7A90E47A063C-FollowerState
2025-09-07 09:44:05,099 [c7c0d573-77b1-47db-b09e-d84959a4a43f-groupManagement] INFO  util.JmxRegister (JmxRegister.java:tryRegister(44)) - Successfully registered JMX Bean with object name Ratis:service=RaftServer,group=group-7A90E47A063C,id=c7c0d573-77b1-47db-b09e-d84959a4a43f
2025-09-07 09:44:05,099 [c7c0d573-77b1-47db-b09e-d84959a4a43f-groupManagement] INFO  util.JmxRegister (JmxRegister.java:register(58)) - register mxBean class org.apache.ratis.server.impl.RaftServerJmxAdapter as Ratis:service=RaftServer,group=group-7A90E47A063C,id=c7c0d573-77b1-47db-b09e-d84959a4a43f
2025-09-07 09:44:05,100 [7c7182dc-ac7f-44a8-b1d4-5d10f99cbcf2-groupManagement] INFO  server.RaftServerConfigKeys (ConfUtils.java:logGet(62)) - raft.server.log.appender.buffer.byte-limit = 33554432 (custom)
2025-09-07 09:44:05,100 [c7c0d573-77b1-47db-b09e-d84959a4a43f-groupManagement] INFO  server.RaftServer$Division (RaftServerImpl.java:start(419)) - c7c0d573-77b1-47db-b09e-d84959a4a43f@group-7A90E47A063C: Successfully started.
2025-09-07 09:44:05,100 [7c7182dc-ac7f-44a8-b1d4-5d10f99cbcf2-groupManagement] INFO  segmented.SegmentedRaftLogWorker (SegmentedRaftLogWorker.java:lambda$new$0(141)) - 7c7182dc-ac7f-44a8-b1d4-5d10f99cbcf2@group-09A5C1734F32-SegmentedRaftLogWorker: flushIndex: setUnconditionally 0 -> -1
2025-09-07 09:44:05,100 [7c7182dc-ac7f-44a8-b1d4-5d10f99cbcf2-groupManagement] INFO  segmented.SegmentedRaftLogWorker (SegmentedRaftLogWorker.java:lambda$new$0(141)) - 7c7182dc-ac7f-44a8-b1d4-5d10f99cbcf2@group-09A5C1734F32-SegmentedRaftLogWorker: safeCacheEvictIndex: setUnconditionally 0 -> -1
2025-09-07 09:44:05,100 [7c7182dc-ac7f-44a8-b1d4-5d10f99cbcf2-groupManagement] INFO  server.RaftServer$Division (RaftServerImpl.java:start(405)) - 7c7182dc-ac7f-44a8-b1d4-5d10f99cbcf2@group-09A5C1734F32: start as a follower, conf=conf: {index: -1, cur=peers:[90a60b70-6b91-4fb2-a612-7ac0b6911dfc|127.0.0.1:15047, e6e13cb3-e32b-4d2d-874a-1e4700c67398|127.0.0.1:15055, 7c7182dc-ac7f-44a8-b1d4-5d10f99cbcf2|127.0.0.1:15039]|listeners:[], old=null}
2025-09-07 09:44:05,100 [7c7182dc-ac7f-44a8-b1d4-5d10f99cbcf2-groupManagement] INFO  server.RaftServer$Division (RaftServerImpl.java:setRole(392)) - 7c7182dc-ac7f-44a8-b1d4-5d10f99cbcf2@group-09A5C1734F32: changes role from      null to FOLLOWER at term 0 for startAsFollower
2025-09-07 09:44:05,101 [7c7182dc-ac7f-44a8-b1d4-5d10f99cbcf2-groupManagement] INFO  impl.RoleInfo (RoleInfo.java:updateAndGet(148)) - 7c7182dc-ac7f-44a8-b1d4-5d10f99cbcf2: start 7c7182dc-ac7f-44a8-b1d4-5d10f99cbcf2@group-09A5C1734F32-FollowerState
2025-09-07 09:44:05,100 [c7c0d573-77b1-47db-b09e-d84959a4a43f-PipelineCommandHandlerThread-0] INFO  ratis.XceiverServerRatis (XceiverServerRatis.java:addGroup(846)) - Created group Pipeline-c966e9dd-f994-4bc9-96f7-7a90e47a063c
2025-09-07 09:44:05,101 [7c7182dc-ac7f-44a8-b1d4-5d10f99cbcf2-groupManagement] INFO  util.JmxRegister (JmxRegister.java:tryRegister(44)) - Successfully registered JMX Bean with object name Ratis:service=RaftServer,group=group-09A5C1734F32,id=7c7182dc-ac7f-44a8-b1d4-5d10f99cbcf2
2025-09-07 09:44:05,101 [7c7182dc-ac7f-44a8-b1d4-5d10f99cbcf2-groupManagement] INFO  util.JmxRegister (JmxRegister.java:register(58)) - register mxBean class org.apache.ratis.server.impl.RaftServerJmxAdapter as Ratis:service=RaftServer,group=group-09A5C1734F32,id=7c7182dc-ac7f-44a8-b1d4-5d10f99cbcf2
2025-09-07 09:44:05,102 [7c7182dc-ac7f-44a8-b1d4-5d10f99cbcf2-groupManagement] INFO  server.RaftServer$Division (RaftServerImpl.java:start(419)) - 7c7182dc-ac7f-44a8-b1d4-5d10f99cbcf2@group-09A5C1734F32: Successfully started.
2025-09-07 09:44:05,102 [7c7182dc-ac7f-44a8-b1d4-5d10f99cbcf2-PipelineCommandHandlerThread-0] INFO  ratis.XceiverServerRatis (XceiverServerRatis.java:addGroup(846)) - Created group Pipeline-de1a2be5-feda-49eb-9ee6-09a5c1734f32
2025-09-07 09:44:05,108 [ff2509eb-55dd-4ad3-b532-83d6209e1a92@group-77DC33C8A8CA-FollowerState] INFO  impl.FollowerState (FollowerState.java:runImpl(161)) - ff2509eb-55dd-4ad3-b532-83d6209e1a92@group-77DC33C8A8CA-FollowerState: change to CANDIDATE, lastRpcElapsedTime:1079139431ns, electionTimeout:1078ms
2025-09-07 09:44:05,109 [ff2509eb-55dd-4ad3-b532-83d6209e1a92@group-77DC33C8A8CA-FollowerState] INFO  impl.RoleInfo (RoleInfo.java:shutdownFollowerState(121)) - ff2509eb-55dd-4ad3-b532-83d6209e1a92: shutdown ff2509eb-55dd-4ad3-b532-83d6209e1a92@group-77DC33C8A8CA-FollowerState
2025-09-07 09:44:05,109 [ff2509eb-55dd-4ad3-b532-83d6209e1a92@group-77DC33C8A8CA-FollowerState] INFO  server.RaftServer$Division (RaftServerImpl.java:setRole(392)) - ff2509eb-55dd-4ad3-b532-83d6209e1a92@group-77DC33C8A8CA: changes role from  FOLLOWER to CANDIDATE at term 0 for changeToCandidate
2025-09-07 09:44:05,109 [ff2509eb-55dd-4ad3-b532-83d6209e1a92@group-77DC33C8A8CA-FollowerState] INFO  impl.RoleInfo (RoleInfo.java:updateAndGet(148)) - ff2509eb-55dd-4ad3-b532-83d6209e1a92: start ff2509eb-55dd-4ad3-b532-83d6209e1a92@group-77DC33C8A8CA-LeaderElection9
2025-09-07 09:44:05,109 [ff2509eb-55dd-4ad3-b532-83d6209e1a92@group-77DC33C8A8CA-LeaderElection9] INFO  impl.LeaderElection (LeaderElection.java:askForVotes(448)) - ff2509eb-55dd-4ad3-b532-83d6209e1a92@group-77DC33C8A8CA-LeaderElection9 PRE_VOTE round 0: submit vote requests at term 0 for conf: {index: -1, cur=peers:[95d41743-cdf0-4105-938b-93fe980aeffc|127.0.0.1:15031, 8500c972-c6d1-4433-9d49-a8e3bb920002|127.0.0.1:15023, ff2509eb-55dd-4ad3-b532-83d6209e1a92|127.0.0.1:15015]|listeners:[], old=null}
2025-09-07 09:44:05,110 [ff2509eb-55dd-4ad3-b532-83d6209e1a92@group-77DC33C8A8CA-LeaderElection9-1] INFO  server.GrpcServerProtocolClient (GrpcServerProtocolClient.java:<init>(65)) - Build channel for 95d41743-cdf0-4105-938b-93fe980aeffc|127.0.0.1:15031
2025-09-07 09:44:05,110 [ff2509eb-55dd-4ad3-b532-83d6209e1a92@group-77DC33C8A8CA-LeaderElection9-2] INFO  server.GrpcServerProtocolClient (GrpcServerProtocolClient.java:<init>(65)) - Build channel for 8500c972-c6d1-4433-9d49-a8e3bb920002|127.0.0.1:15023
2025-09-07 09:44:05,128 [grpc-default-executor-0] INFO  server.RaftServer (RaftServerProxy.java:addNew(105)) - 486fef96-c6ec-41d9-a4ca-7ebb3d261081: addNew group-7A90E47A063C:[c7c0d573-77b1-47db-b09e-d84959a4a43f|127.0.0.1:15063, 486fef96-c6ec-41d9-a4ca-7ebb3d261081|127.0.0.1:15071, 4c7984b5-42f1-4e4b-a334-601f88f38b33|127.0.0.1:15079] returns group-7A90E47A063C:java.util.concurrent.CompletableFuture@40762355[Not completed]
2025-09-07 09:44:05,130 [grpc-default-executor-1] INFO  server.RaftServer$Division (RaftServerImpl.java:requestVote(1421)) - 8500c972-c6d1-4433-9d49-a8e3bb920002@group-77DC33C8A8CA: receive requestVote(PRE_VOTE, ff2509eb-55dd-4ad3-b532-83d6209e1a92, group-77DC33C8A8CA, 0, <PROTO_DEFAULT>)
2025-09-07 09:44:05,130 [grpc-default-executor-1] INFO  impl.VoteContext (VoteContext.java:log(49)) - 8500c972-c6d1-4433-9d49-a8e3bb920002@group-77DC33C8A8CA-FOLLOWER: accept PRE_VOTE from ff2509eb-55dd-4ad3-b532-83d6209e1a92: our priority 0 <= candidate's priority 1
2025-09-07 09:44:05,130 [grpc-default-executor-1] INFO  server.RaftServer$Division (RaftServerImpl.java:requestVote(1455)) - 8500c972-c6d1-4433-9d49-a8e3bb920002@group-77DC33C8A8CA replies to PRE_VOTE vote request: ff2509eb-55dd-4ad3-b532-83d6209e1a92<-8500c972-c6d1-4433-9d49-a8e3bb920002#0:OK-t0-last:<INITIAL_VALUE>. Peer's state: 8500c972-c6d1-4433-9d49-a8e3bb920002@group-77DC33C8A8CA:t0, leader=null, voted=, raftlog=Memoized:8500c972-c6d1-4433-9d49-a8e3bb920002@group-77DC33C8A8CA-SegmentedRaftLog:OPENED:c-1:lastnull, conf=conf: {index: -1, cur=peers:[95d41743-cdf0-4105-938b-93fe980aeffc|127.0.0.1:15031, 8500c972-c6d1-4433-9d49-a8e3bb920002|127.0.0.1:15023, ff2509eb-55dd-4ad3-b532-83d6209e1a92|127.0.0.1:15015]|listeners:[], old=null}
2025-09-07 09:44:05,132 [486fef96-c6ec-41d9-a4ca-7ebb3d261081-groupManagement] INFO  server.RaftServer$Division (RaftServerImpl.java:<init>(268)) - 486fef96-c6ec-41d9-a4ca-7ebb3d261081: new RaftServerImpl for group-7A90E47A063C:[c7c0d573-77b1-47db-b09e-d84959a4a43f|127.0.0.1:15063, 486fef96-c6ec-41d9-a4ca-7ebb3d261081|127.0.0.1:15071, 4c7984b5-42f1-4e4b-a334-601f88f38b33|127.0.0.1:15079] with ContainerStateMachine:uninitialized
2025-09-07 09:44:05,132 [486fef96-c6ec-41d9-a4ca-7ebb3d261081-groupManagement] INFO  server.RaftServer$Division (ServerState.java:<init>(114)) - 486fef96-c6ec-41d9-a4ca-7ebb3d261081@group-7A90E47A063C: ConfigurationManager, init=conf: {index: -1, cur=peers:[c7c0d573-77b1-47db-b09e-d84959a4a43f|127.0.0.1:15063, 486fef96-c6ec-41d9-a4ca-7ebb3d261081|127.0.0.1:15071, 4c7984b5-42f1-4e4b-a334-601f88f38b33|127.0.0.1:15079]|listeners:[], old=null}, confs=<EMPTY_MAP>
2025-09-07 09:44:05,132 [ff2509eb-55dd-4ad3-b532-83d6209e1a92@group-77DC33C8A8CA-LeaderElection9] INFO  impl.LeaderElection (LeaderElection.java:logAndReturn(206)) - ff2509eb-55dd-4ad3-b532-83d6209e1a92@group-77DC33C8A8CA-LeaderElection9: PRE_VOTE PASSED received 1 response(s) and 0 exception(s):
2025-09-07 09:44:05,132 [ff2509eb-55dd-4ad3-b532-83d6209e1a92@group-77DC33C8A8CA-LeaderElection9] INFO  impl.LeaderElection (LeaderElection.java:logAndReturn(210)) -   Response 0: ff2509eb-55dd-4ad3-b532-83d6209e1a92<-8500c972-c6d1-4433-9d49-a8e3bb920002#0:OK-t0-last:<INITIAL_VALUE>
2025-09-07 09:44:05,133 [grpc-default-executor-5] INFO  server.RaftServer (RaftServerProxy.java:addNew(105)) - 90a60b70-6b91-4fb2-a612-7ac0b6911dfc: addNew group-09A5C1734F32:[90a60b70-6b91-4fb2-a612-7ac0b6911dfc|127.0.0.1:15047, e6e13cb3-e32b-4d2d-874a-1e4700c67398|127.0.0.1:15055, 7c7182dc-ac7f-44a8-b1d4-5d10f99cbcf2|127.0.0.1:15039] returns group-09A5C1734F32:java.util.concurrent.CompletableFuture@4a983c16[Not completed]
2025-09-07 09:44:05,133 [grpc-default-executor-1] INFO  server.RaftServer$Division (RaftServerImpl.java:requestVote(1421)) - 95d41743-cdf0-4105-938b-93fe980aeffc@group-77DC33C8A8CA: receive requestVote(PRE_VOTE, ff2509eb-55dd-4ad3-b532-83d6209e1a92, group-77DC33C8A8CA, 0, <PROTO_DEFAULT>)
2025-09-07 09:44:05,133 [grpc-default-executor-1] INFO  impl.VoteContext (VoteContext.java:log(49)) - 95d41743-cdf0-4105-938b-93fe980aeffc@group-77DC33C8A8CA-FOLLOWER: accept PRE_VOTE from ff2509eb-55dd-4ad3-b532-83d6209e1a92: our priority 0 <= candidate's priority 1
2025-09-07 09:44:05,133 [grpc-default-executor-1] INFO  server.RaftServer$Division (RaftServerImpl.java:requestVote(1455)) - 95d41743-cdf0-4105-938b-93fe980aeffc@group-77DC33C8A8CA replies to PRE_VOTE vote request: ff2509eb-55dd-4ad3-b532-83d6209e1a92<-95d41743-cdf0-4105-938b-93fe980aeffc#0:OK-t0-last:<INITIAL_VALUE>. Peer's state: 95d41743-cdf0-4105-938b-93fe980aeffc@group-77DC33C8A8CA:t0, leader=null, voted=, raftlog=Memoized:95d41743-cdf0-4105-938b-93fe980aeffc@group-77DC33C8A8CA-SegmentedRaftLog:OPENED:c-1:lastnull, conf=conf: {index: -1, cur=peers:[95d41743-cdf0-4105-938b-93fe980aeffc|127.0.0.1:15031, 8500c972-c6d1-4433-9d49-a8e3bb920002|127.0.0.1:15023, ff2509eb-55dd-4ad3-b532-83d6209e1a92|127.0.0.1:15015]|listeners:[], old=null}
2025-09-07 09:44:05,134 [ff2509eb-55dd-4ad3-b532-83d6209e1a92@group-77DC33C8A8CA-LeaderElection9] INFO  impl.LeaderElection (LeaderElection.java:askForVotes(450)) - ff2509eb-55dd-4ad3-b532-83d6209e1a92@group-77DC33C8A8CA-LeaderElection9 PRE_VOTE round 0: result PASSED
2025-09-07 09:44:05,136 [90a60b70-6b91-4fb2-a612-7ac0b6911dfc-groupManagement] INFO  server.RaftServer$Division (RaftServerImpl.java:<init>(268)) - 90a60b70-6b91-4fb2-a612-7ac0b6911dfc: new RaftServerImpl for group-09A5C1734F32:[90a60b70-6b91-4fb2-a612-7ac0b6911dfc|127.0.0.1:15047, e6e13cb3-e32b-4d2d-874a-1e4700c67398|127.0.0.1:15055, 7c7182dc-ac7f-44a8-b1d4-5d10f99cbcf2|127.0.0.1:15039] with ContainerStateMachine:uninitialized
2025-09-07 09:44:05,136 [90a60b70-6b91-4fb2-a612-7ac0b6911dfc-groupManagement] INFO  server.RaftServer$Division (ServerState.java:<init>(114)) - 90a60b70-6b91-4fb2-a612-7ac0b6911dfc@group-09A5C1734F32: ConfigurationManager, init=conf: {index: -1, cur=peers:[90a60b70-6b91-4fb2-a612-7ac0b6911dfc|127.0.0.1:15047, e6e13cb3-e32b-4d2d-874a-1e4700c67398|127.0.0.1:15055, 7c7182dc-ac7f-44a8-b1d4-5d10f99cbcf2|127.0.0.1:15039]|listeners:[], old=null}, confs=<EMPTY_MAP>
2025-09-07 09:44:05,136 [ff2509eb-55dd-4ad3-b532-83d6209e1a92@group-77DC33C8A8CA-LeaderElection9] INFO  impl.LeaderElection (LeaderElection.java:askForVotes(448)) - ff2509eb-55dd-4ad3-b532-83d6209e1a92@group-77DC33C8A8CA-LeaderElection9 ELECTION round 0: submit vote requests at term 1 for conf: {index: -1, cur=peers:[95d41743-cdf0-4105-938b-93fe980aeffc|127.0.0.1:15031, 8500c972-c6d1-4433-9d49-a8e3bb920002|127.0.0.1:15023, ff2509eb-55dd-4ad3-b532-83d6209e1a92|127.0.0.1:15015]|listeners:[], old=null}
2025-09-07 09:44:05,140 [grpc-default-executor-1] INFO  server.RaftServer$Division (RaftServerImpl.java:requestVote(1421)) - 95d41743-cdf0-4105-938b-93fe980aeffc@group-77DC33C8A8CA: receive requestVote(ELECTION, ff2509eb-55dd-4ad3-b532-83d6209e1a92, group-77DC33C8A8CA, 1, <PROTO_DEFAULT>)
2025-09-07 09:44:05,140 [grpc-default-executor-5] INFO  server.RaftServer$Division (RaftServerImpl.java:requestVote(1421)) - 8500c972-c6d1-4433-9d49-a8e3bb920002@group-77DC33C8A8CA: receive requestVote(ELECTION, ff2509eb-55dd-4ad3-b532-83d6209e1a92, group-77DC33C8A8CA, 1, <PROTO_DEFAULT>)
2025-09-07 09:44:05,141 [grpc-default-executor-5] INFO  impl.VoteContext (VoteContext.java:log(49)) - 8500c972-c6d1-4433-9d49-a8e3bb920002@group-77DC33C8A8CA-FOLLOWER: accept ELECTION from ff2509eb-55dd-4ad3-b532-83d6209e1a92: our priority 0 <= candidate's priority 1
2025-09-07 09:44:05,141 [grpc-default-executor-5] INFO  server.RaftServer$Division (RaftServerImpl.java:setRole(392)) - 8500c972-c6d1-4433-9d49-a8e3bb920002@group-77DC33C8A8CA: changes role from  FOLLOWER to FOLLOWER at term 0 for candidate:ff2509eb-55dd-4ad3-b532-83d6209e1a92
2025-09-07 09:44:05,142 [grpc-default-executor-5] INFO  impl.RoleInfo (RoleInfo.java:shutdownFollowerState(121)) - 8500c972-c6d1-4433-9d49-a8e3bb920002: shutdown 8500c972-c6d1-4433-9d49-a8e3bb920002@group-77DC33C8A8CA-FollowerState
2025-09-07 09:44:05,142 [grpc-default-executor-5] INFO  impl.RoleInfo (RoleInfo.java:updateAndGet(148)) - 8500c972-c6d1-4433-9d49-a8e3bb920002: start 8500c972-c6d1-4433-9d49-a8e3bb920002@group-77DC33C8A8CA-FollowerState
2025-09-07 09:44:05,142 [grpc-default-executor-1] INFO  impl.VoteContext (VoteContext.java:log(49)) - 95d41743-cdf0-4105-938b-93fe980aeffc@group-77DC33C8A8CA-FOLLOWER: accept ELECTION from ff2509eb-55dd-4ad3-b532-83d6209e1a92: our priority 0 <= candidate's priority 1
2025-09-07 09:44:05,142 [grpc-default-executor-1] INFO  server.RaftServer$Division (RaftServerImpl.java:setRole(392)) - 95d41743-cdf0-4105-938b-93fe980aeffc@group-77DC33C8A8CA: changes role from  FOLLOWER to FOLLOWER at term 0 for candidate:ff2509eb-55dd-4ad3-b532-83d6209e1a92
2025-09-07 09:44:05,142 [grpc-default-executor-1] INFO  impl.RoleInfo (RoleInfo.java:shutdownFollowerState(121)) - 95d41743-cdf0-4105-938b-93fe980aeffc: shutdown 95d41743-cdf0-4105-938b-93fe980aeffc@group-77DC33C8A8CA-FollowerState
2025-09-07 09:44:05,143 [grpc-default-executor-1] INFO  impl.RoleInfo (RoleInfo.java:updateAndGet(148)) - 95d41743-cdf0-4105-938b-93fe980aeffc: start 95d41743-cdf0-4105-938b-93fe980aeffc@group-77DC33C8A8CA-FollowerState
2025-09-07 09:44:05,143 [95d41743-cdf0-4105-938b-93fe980aeffc@group-77DC33C8A8CA-FollowerState] INFO  impl.FollowerState (FollowerState.java:runImpl(170)) - 95d41743-cdf0-4105-938b-93fe980aeffc@group-77DC33C8A8CA-FollowerState was interrupted
2025-09-07 09:44:05,143 [grpc-default-executor-5] INFO  server.RaftServer$Division (RaftServerImpl.java:setFirstElection(576)) - 8500c972-c6d1-4433-9d49-a8e3bb920002@group-77DC33C8A8CA: set firstElectionSinceStartup to false for candidate:ff2509eb-55dd-4ad3-b532-83d6209e1a92
2025-09-07 09:44:05,143 [8500c972-c6d1-4433-9d49-a8e3bb920002@group-77DC33C8A8CA-FollowerState] INFO  impl.FollowerState (FollowerState.java:runImpl(170)) - 8500c972-c6d1-4433-9d49-a8e3bb920002@group-77DC33C8A8CA-FollowerState was interrupted
2025-09-07 09:44:05,146 [486fef96-c6ec-41d9-a4ca-7ebb3d261081-groupManagement] INFO  server.RaftServerConfigKeys (ConfUtils.java:logGet(62)) - raft.server.storage.dir = [/home/runner/work/ozone/ozone/hadoop-ozone/integration-test/target/test-dir/MiniOzoneClusterImpl-023d5a78-e64c-43f3-a4d9-6f7884931d6c/ozone-metadata/datanode-8/ratis] (custom)
2025-09-07 09:44:05,146 [486fef96-c6ec-41d9-a4ca-7ebb3d261081-groupManagement] INFO  storage.RaftStorageDirectory (RaftStorageDirectoryImpl.java:analyzeStorage(138)) - The storage directory /home/runner/work/ozone/ozone/hadoop-ozone/integration-test/target/test-dir/MiniOzoneClusterImpl-023d5a78-e64c-43f3-a4d9-6f7884931d6c/ozone-metadata/datanode-8/ratis/c966e9dd-f994-4bc9-96f7-7a90e47a063c does not exist. Creating ...
2025-09-07 09:44:05,146 [grpc-default-executor-1] INFO  server.RaftServer$Division (RaftServerImpl.java:requestVote(1455)) - 95d41743-cdf0-4105-938b-93fe980aeffc@group-77DC33C8A8CA replies to ELECTION vote request: ff2509eb-55dd-4ad3-b532-83d6209e1a92<-95d41743-cdf0-4105-938b-93fe980aeffc#0:OK-t1-last:<INITIAL_VALUE>. Peer's state: 95d41743-cdf0-4105-938b-93fe980aeffc@group-77DC33C8A8CA:t1, leader=null, voted=ff2509eb-55dd-4ad3-b532-83d6209e1a92, raftlog=Memoized:95d41743-cdf0-4105-938b-93fe980aeffc@group-77DC33C8A8CA-SegmentedRaftLog:OPENED:c-1:lastnull, conf=conf: {index: -1, cur=peers:[95d41743-cdf0-4105-938b-93fe980aeffc|127.0.0.1:15031, 8500c972-c6d1-4433-9d49-a8e3bb920002|127.0.0.1:15023, ff2509eb-55dd-4ad3-b532-83d6209e1a92|127.0.0.1:15015]|listeners:[], old=null}
2025-09-07 09:44:05,146 [grpc-default-executor-5] INFO  server.RaftServer$Division (RaftServerImpl.java:requestVote(1455)) - 8500c972-c6d1-4433-9d49-a8e3bb920002@group-77DC33C8A8CA replies to ELECTION vote request: ff2509eb-55dd-4ad3-b532-83d6209e1a92<-8500c972-c6d1-4433-9d49-a8e3bb920002#0:OK-t1-last:<INITIAL_VALUE>. Peer's state: 8500c972-c6d1-4433-9d49-a8e3bb920002@group-77DC33C8A8CA:t1, leader=null, voted=ff2509eb-55dd-4ad3-b532-83d6209e1a92, raftlog=Memoized:8500c972-c6d1-4433-9d49-a8e3bb920002@group-77DC33C8A8CA-SegmentedRaftLog:OPENED:c-1:lastnull, conf=conf: {index: -1, cur=peers:[95d41743-cdf0-4105-938b-93fe980aeffc|127.0.0.1:15031, 8500c972-c6d1-4433-9d49-a8e3bb920002|127.0.0.1:15023, ff2509eb-55dd-4ad3-b532-83d6209e1a92|127.0.0.1:15015]|listeners:[], old=null}
2025-09-07 09:44:05,152 [90a60b70-6b91-4fb2-a612-7ac0b6911dfc-groupManagement] INFO  server.RaftServerConfigKeys (ConfUtils.java:logGet(62)) - raft.server.storage.dir = [/home/runner/work/ozone/ozone/hadoop-ozone/integration-test/target/test-dir/MiniOzoneClusterImpl-023d5a78-e64c-43f3-a4d9-6f7884931d6c/ozone-metadata/datanode-5/ratis] (custom)
2025-09-07 09:44:05,152 [ff2509eb-55dd-4ad3-b532-83d6209e1a92@group-77DC33C8A8CA-LeaderElection9] INFO  impl.LeaderElection (LeaderElection.java:logAndReturn(206)) - ff2509eb-55dd-4ad3-b532-83d6209e1a92@group-77DC33C8A8CA-LeaderElection9: ELECTION PASSED received 1 response(s) and 0 exception(s):
2025-09-07 09:44:05,152 [ff2509eb-55dd-4ad3-b532-83d6209e1a92@group-77DC33C8A8CA-LeaderElection9] INFO  impl.LeaderElection (LeaderElection.java:logAndReturn(210)) -   Response 0: ff2509eb-55dd-4ad3-b532-83d6209e1a92<-95d41743-cdf0-4105-938b-93fe980aeffc#0:OK-t1-last:<INITIAL_VALUE>
2025-09-07 09:44:05,152 [ff2509eb-55dd-4ad3-b532-83d6209e1a92@group-77DC33C8A8CA-LeaderElection9] INFO  impl.LeaderElection (LeaderElection.java:askForVotes(450)) - ff2509eb-55dd-4ad3-b532-83d6209e1a92@group-77DC33C8A8CA-LeaderElection9 ELECTION round 0: result PASSED
2025-09-07 09:44:05,152 [ff2509eb-55dd-4ad3-b532-83d6209e1a92@group-77DC33C8A8CA-LeaderElection9] INFO  impl.RoleInfo (RoleInfo.java:shutdownLeaderElection(141)) - ff2509eb-55dd-4ad3-b532-83d6209e1a92: shutdown ff2509eb-55dd-4ad3-b532-83d6209e1a92@group-77DC33C8A8CA-LeaderElection9
2025-09-07 09:44:05,152 [ff2509eb-55dd-4ad3-b532-83d6209e1a92@group-77DC33C8A8CA-LeaderElection9] INFO  server.RaftServer$Division (RaftServerImpl.java:setRole(392)) - ff2509eb-55dd-4ad3-b532-83d6209e1a92@group-77DC33C8A8CA: changes role from CANDIDATE to LEADER at term 1 for changeToLeader
2025-09-07 09:44:05,152 [ff2509eb-55dd-4ad3-b532-83d6209e1a92@group-77DC33C8A8CA-LeaderElection9] INFO  server.RaftServerConfigKeys (ConfUtils.java:logFallback(69)) - raft.server.staging.timeout = 3600ms (fallback to raft.server.rpc.timeout.max)
2025-09-07 09:44:05,153 [ff2509eb-55dd-4ad3-b532-83d6209e1a92@group-77DC33C8A8CA-LeaderElection9] INFO  server.RaftServerConfigKeys (ConfUtils.java:logGet(62)) - raft.server.write.byte-limit = 1024 M (=1073741824) (custom)
2025-09-07 09:44:05,154 [90a60b70-6b91-4fb2-a612-7ac0b6911dfc-groupManagement] INFO  storage.RaftStorageDirectory (RaftStorageDirectoryImpl.java:analyzeStorage(138)) - The storage directory /home/runner/work/ozone/ozone/hadoop-ozone/integration-test/target/test-dir/MiniOzoneClusterImpl-023d5a78-e64c-43f3-a4d9-6f7884931d6c/ozone-metadata/datanode-5/ratis/de1a2be5-feda-49eb-9ee6-09a5c1734f32 does not exist. Creating ...
2025-09-07 09:44:05,155 [ff2509eb-55dd-4ad3-b532-83d6209e1a92@group-77DC33C8A8CA-LeaderElection9] INFO  server.RaftServerConfigKeys (ConfUtils.java:logGet(62)) - raft.server.log.appender.buffer.byte-limit = 33554432 (custom)
2025-09-07 09:44:05,157 [ff2509eb-55dd-4ad3-b532-83d6209e1a92@group-77DC33C8A8CA-LeaderElection9] INFO  server.RaftServerConfigKeys (ConfUtils.java:logGet(62)) - raft.server.log.appender.buffer.byte-limit = 33554432 (custom)
2025-09-07 09:44:05,157 [90a60b70-6b91-4fb2-a612-7ac0b6911dfc-groupManagement] INFO  storage.RaftStorageDirectory (RaftStorageDirectoryImpl.java:tryLock(229)) - Lock on /home/runner/work/ozone/ozone/hadoop-ozone/integration-test/target/test-dir/MiniOzoneClusterImpl-023d5a78-e64c-43f3-a4d9-6f7884931d6c/ozone-metadata/datanode-5/ratis/de1a2be5-feda-49eb-9ee6-09a5c1734f32/in_use.lock acquired by nodename 23079@localhost
2025-09-07 09:44:05,157 [486fef96-c6ec-41d9-a4ca-7ebb3d261081-groupManagement] INFO  storage.RaftStorageDirectory (RaftStorageDirectoryImpl.java:tryLock(229)) - Lock on /home/runner/work/ozone/ozone/hadoop-ozone/integration-test/target/test-dir/MiniOzoneClusterImpl-023d5a78-e64c-43f3-a4d9-6f7884931d6c/ozone-metadata/datanode-8/ratis/c966e9dd-f994-4bc9-96f7-7a90e47a063c/in_use.lock acquired by nodename 23079@localhost
2025-09-07 09:44:05,159 [ff2509eb-55dd-4ad3-b532-83d6209e1a92@group-77DC33C8A8CA-LeaderElection9] INFO  impl.RoleInfo (RoleInfo.java:updateAndGet(148)) - ff2509eb-55dd-4ad3-b532-83d6209e1a92: start ff2509eb-55dd-4ad3-b532-83d6209e1a92@group-77DC33C8A8CA-LeaderStateImpl
2025-09-07 09:44:05,159 [ff2509eb-55dd-4ad3-b532-83d6209e1a92@group-77DC33C8A8CA-LeaderElection9] INFO  server.RaftServer$Division (RaftServerImpl.java:setFirstElection(576)) - ff2509eb-55dd-4ad3-b532-83d6209e1a92@group-77DC33C8A8CA: set firstElectionSinceStartup to false for becomeLeader
2025-09-07 09:44:05,159 [ff2509eb-55dd-4ad3-b532-83d6209e1a92@group-77DC33C8A8CA-LeaderElection9] INFO  ratis.XceiverServerRatis (XceiverServerRatis.java:handleLeaderChangedNotification(947)) - Leader change notification received for group: group-77DC33C8A8CA with new leaderId: ff2509eb-55dd-4ad3-b532-83d6209e1a92
2025-09-07 09:44:05,159 [ff2509eb-55dd-4ad3-b532-83d6209e1a92@group-77DC33C8A8CA-LeaderElection9] INFO  server.RaftServer$Division (ServerState.java:setLeader(272)) - ff2509eb-55dd-4ad3-b532-83d6209e1a92@group-77DC33C8A8CA: change Leader from null to ff2509eb-55dd-4ad3-b532-83d6209e1a92 at term 1 for becomeLeader, leader elected after 1164ms
2025-09-07 09:44:05,159 [ff2509eb-55dd-4ad3-b532-83d6209e1a92@group-77DC33C8A8CA-LeaderElection9] INFO  segmented.SegmentedRaftLogWorker (SegmentedRaftLogWorker.java:startLogSegment(440)) - ff2509eb-55dd-4ad3-b532-83d6209e1a92@group-77DC33C8A8CA-SegmentedRaftLogWorker: Starting segment from index:0
2025-09-07 09:44:05,160 [ff2509eb-55dd-4ad3-b532-83d6209e1a92@group-77DC33C8A8CA-SegmentedRaftLogWorker] INFO  segmented.BufferedWriteChannel (BufferedWriteChannel.java:open(61)) - open log_inprogress_0 at position 0
2025-09-07 09:44:05,163 [ff2509eb-55dd-4ad3-b532-83d6209e1a92@group-77DC33C8A8CA-LeaderElection9] INFO  server.RaftServer$Division (ServerState.java:setRaftConf(386)) - ff2509eb-55dd-4ad3-b532-83d6209e1a92@group-77DC33C8A8CA: set configuration conf: {index: 0, cur=peers:[95d41743-cdf0-4105-938b-93fe980aeffc|127.0.0.1:15031, 8500c972-c6d1-4433-9d49-a8e3bb920002|127.0.0.1:15023, ff2509eb-55dd-4ad3-b532-83d6209e1a92|127.0.0.1:15015]|listeners:[], old=null}
2025-09-07 09:44:05,163 [486fef96-c6ec-41d9-a4ca-7ebb3d261081-groupManagement] INFO  storage.RaftStorage (RaftStorageImpl.java:format(98)) - Storage directory /home/runner/work/ozone/ozone/hadoop-ozone/integration-test/target/test-dir/MiniOzoneClusterImpl-023d5a78-e64c-43f3-a4d9-6f7884931d6c/ozone-metadata/datanode-8/ratis/c966e9dd-f994-4bc9-96f7-7a90e47a063c has been successfully formatted.
2025-09-07 09:44:05,164 [486fef96-c6ec-41d9-a4ca-7ebb3d261081-groupManagement] INFO  ratis.ContainerStateMachine (ContainerStateMachine.java:initialize(339)) - 486fef96-c6ec-41d9-a4ca-7ebb3d261081: initialize group-7A90E47A063C
2025-09-07 09:44:05,164 [486fef96-c6ec-41d9-a4ca-7ebb3d261081-groupManagement] INFO  ratis.ContainerStateMachine (ContainerStateMachine.java:loadSnapshot(347)) - group-7A90E47A063C: The snapshot info is null. Setting the last applied index to:<INITIAL_VALUE>
2025-09-07 09:44:05,164 [486fef96-c6ec-41d9-a4ca-7ebb3d261081-groupManagement] INFO  server.RaftServerConfigKeys (ConfUtils.java:logGet(62)) - raft.server.log.appender.buffer.byte-limit = 33554432 (custom)
2025-09-07 09:44:05,165 [90a60b70-6b91-4fb2-a612-7ac0b6911dfc-groupManagement] INFO  storage.RaftStorage (RaftStorageImpl.java:format(98)) - Storage directory /home/runner/work/ozone/ozone/hadoop-ozone/integration-test/target/test-dir/MiniOzoneClusterImpl-023d5a78-e64c-43f3-a4d9-6f7884931d6c/ozone-metadata/datanode-5/ratis/de1a2be5-feda-49eb-9ee6-09a5c1734f32 has been successfully formatted.
2025-09-07 09:44:05,166 [90a60b70-6b91-4fb2-a612-7ac0b6911dfc-groupManagement] INFO  ratis.ContainerStateMachine (ContainerStateMachine.java:initialize(339)) - 90a60b70-6b91-4fb2-a612-7ac0b6911dfc: initialize group-09A5C1734F32
2025-09-07 09:44:05,166 [90a60b70-6b91-4fb2-a612-7ac0b6911dfc-groupManagement] INFO  ratis.ContainerStateMachine (ContainerStateMachine.java:loadSnapshot(347)) - group-09A5C1734F32: The snapshot info is null. Setting the last applied index to:<INITIAL_VALUE>
2025-09-07 09:44:05,166 [90a60b70-6b91-4fb2-a612-7ac0b6911dfc-groupManagement] INFO  server.RaftServerConfigKeys (ConfUtils.java:logGet(62)) - raft.server.log.appender.buffer.byte-limit = 33554432 (custom)
2025-09-07 09:44:05,173 [EventQueue-PipelineReportForPipelineReportHandler] INFO  pipeline.PipelineReportHandler (PipelineReportHandler.java:processPipelineReport(134)) - Opened pipeline Pipeline-766115e5-0d59-4db5-b7b5-77dc33c8a8ca
2025-09-07 09:44:05,176 [90a60b70-6b91-4fb2-a612-7ac0b6911dfc-groupManagement] INFO  server.RaftServerConfigKeys (ConfUtils.java:logGet(62)) - raft.server.log.segment.size.max = 67108864 (custom)
2025-09-07 09:44:05,177 [ff2509eb-55dd-4ad3-b532-83d6209e1a92@group-77DC33C8A8CA-SegmentedRaftLogWorker] INFO  segmented.SegmentedRaftLogWorker (SegmentedRaftLogWorker.java:execute(647)) - ff2509eb-55dd-4ad3-b532-83d6209e1a92@group-77DC33C8A8CA-SegmentedRaftLogWorker: created new log segment /home/runner/work/ozone/ozone/hadoop-ozone/integration-test/target/test-dir/MiniOzoneClusterImpl-023d5a78-e64c-43f3-a4d9-6f7884931d6c/ozone-metadata/datanode-1/ratis/766115e5-0d59-4db5-b7b5-77dc33c8a8ca/current/log_inprogress_0
2025-09-07 09:44:05,178 [486fef96-c6ec-41d9-a4ca-7ebb3d261081-groupManagement] INFO  server.RaftServerConfigKeys (ConfUtils.java:logGet(62)) - raft.server.log.segment.size.max = 67108864 (custom)
2025-09-07 09:44:05,178 [486fef96-c6ec-41d9-a4ca-7ebb3d261081-groupManagement] INFO  server.RaftServerConfigKeys (ConfUtils.java:logGet(62)) - raft.server.log.appender.buffer.byte-limit = 33554432 (custom)
2025-09-07 09:44:05,179 [grpc-default-executor-0] INFO  ratis.XceiverServerRatis (XceiverServerRatis.java:handleLeaderChangedNotification(947)) - Leader change notification received for group: group-77DC33C8A8CA with new leaderId: ff2509eb-55dd-4ad3-b532-83d6209e1a92
2025-09-07 09:44:05,179 [grpc-default-executor-0] INFO  server.RaftServer$Division (ServerState.java:setLeader(272)) - 95d41743-cdf0-4105-938b-93fe980aeffc@group-77DC33C8A8CA: change Leader from null to ff2509eb-55dd-4ad3-b532-83d6209e1a92 at term 1 for appendEntries, leader elected after 1212ms
2025-09-07 09:44:05,180 [90a60b70-6b91-4fb2-a612-7ac0b6911dfc-groupManagement] INFO  server.RaftServerConfigKeys (ConfUtils.java:logGet(62)) - raft.server.log.appender.buffer.byte-limit = 33554432 (custom)
2025-09-07 09:44:05,180 [486fef96-c6ec-41d9-a4ca-7ebb3d261081-groupManagement] INFO  util.AwaitToRun (AwaitToRun.java:start(81)) - Thread[#1330,486fef96-c6ec-41d9-a4ca-7ebb3d261081@group-7A90E47A063C-cacheEviction-AwaitToRun,5,main] started
2025-09-07 09:44:05,181 [grpc-default-executor-1] INFO  server.RaftServer$Division (ServerState.java:setRaftConf(386)) - 95d41743-cdf0-4105-938b-93fe980aeffc@group-77DC33C8A8CA: set configuration conf: {index: 0, cur=peers:[95d41743-cdf0-4105-938b-93fe980aeffc|127.0.0.1:15031, 8500c972-c6d1-4433-9d49-a8e3bb920002|127.0.0.1:15023, ff2509eb-55dd-4ad3-b532-83d6209e1a92|127.0.0.1:15015]|listeners:[], old=null}
2025-09-07 09:44:05,181 [grpc-default-executor-1] INFO  segmented.SegmentedRaftLogWorker (SegmentedRaftLogWorker.java:startLogSegment(440)) - 95d41743-cdf0-4105-938b-93fe980aeffc@group-77DC33C8A8CA-SegmentedRaftLogWorker: Starting segment from index:0
2025-09-07 09:44:05,182 [95d41743-cdf0-4105-938b-93fe980aeffc@group-77DC33C8A8CA-SegmentedRaftLogWorker] INFO  segmented.BufferedWriteChannel (BufferedWriteChannel.java:open(61)) - open log_inprogress_0 at position 0
2025-09-07 09:44:05,182 [90a60b70-6b91-4fb2-a612-7ac0b6911dfc-groupManagement] INFO  util.AwaitToRun (AwaitToRun.java:start(81)) - Thread[#1334,90a60b70-6b91-4fb2-a612-7ac0b6911dfc@group-09A5C1734F32-cacheEviction-AwaitToRun,5,main] started
2025-09-07 09:44:05,182 [90a60b70-6b91-4fb2-a612-7ac0b6911dfc-groupManagement] INFO  segmented.SegmentedRaftLogWorker (SegmentedRaftLogWorker.java:<init>(190)) - new 90a60b70-6b91-4fb2-a612-7ac0b6911dfc@group-09A5C1734F32-SegmentedRaftLogWorker for RaftStorageImpl:Storage Directory /home/runner/work/ozone/ozone/hadoop-ozone/integration-test/target/test-dir/MiniOzoneClusterImpl-023d5a78-e64c-43f3-a4d9-6f7884931d6c/ozone-metadata/datanode-5/ratis/de1a2be5-feda-49eb-9ee6-09a5c1734f32
2025-09-07 09:44:05,182 [90a60b70-6b91-4fb2-a612-7ac0b6911dfc-groupManagement] INFO  server.RaftServerConfigKeys (ConfUtils.java:logGet(62)) - raft.server.log.queue.byte-limit = 4294967296 (custom)
2025-09-07 09:44:05,182 [90a60b70-6b91-4fb2-a612-7ac0b6911dfc-groupManagement] INFO  server.RaftServerConfigKeys (ConfUtils.java:logGet(62)) - raft.server.log.segment.size.max = 67108864 (custom)
2025-09-07 09:44:05,182 [90a60b70-6b91-4fb2-a612-7ac0b6911dfc-groupManagement] INFO  server.RaftServerConfigKeys (ConfUtils.java:logGet(62)) - raft.server.log.preallocated.size = 4194304 (custom)
2025-09-07 09:44:05,183 [90a60b70-6b91-4fb2-a612-7ac0b6911dfc-groupManagement] INFO  server.RaftServerConfigKeys (ConfUtils.java:logGet(62)) - raft.server.log.write.buffer.size = 33554440 (custom)
2025-09-07 09:44:05,181 [486fef96-c6ec-41d9-a4ca-7ebb3d261081-groupManagement] INFO  segmented.SegmentedRaftLogWorker (SegmentedRaftLogWorker.java:<init>(190)) - new 486fef96-c6ec-41d9-a4ca-7ebb3d261081@group-7A90E47A063C-SegmentedRaftLogWorker for RaftStorageImpl:Storage Directory /home/runner/work/ozone/ozone/hadoop-ozone/integration-test/target/test-dir/MiniOzoneClusterImpl-023d5a78-e64c-43f3-a4d9-6f7884931d6c/ozone-metadata/datanode-8/ratis/c966e9dd-f994-4bc9-96f7-7a90e47a063c
2025-09-07 09:44:05,185 [486fef96-c6ec-41d9-a4ca-7ebb3d261081-groupManagement] INFO  server.RaftServerConfigKeys (ConfUtils.java:logGet(62)) - raft.server.log.queue.byte-limit = 4294967296 (custom)
2025-09-07 09:44:05,185 [486fef96-c6ec-41d9-a4ca-7ebb3d261081-groupManagement] INFO  server.RaftServerConfigKeys (ConfUtils.java:logGet(62)) - raft.server.log.segment.size.max = 67108864 (custom)
2025-09-07 09:44:05,185 [486fef96-c6ec-41d9-a4ca-7ebb3d261081-groupManagement] INFO  server.RaftServerConfigKeys (ConfUtils.java:logGet(62)) - raft.server.log.preallocated.size = 4194304 (custom)
2025-09-07 09:44:05,185 [486fef96-c6ec-41d9-a4ca-7ebb3d261081-groupManagement] INFO  server.RaftServerConfigKeys (ConfUtils.java:logGet(62)) - raft.server.log.write.buffer.size = 33554440 (custom)
2025-09-07 09:44:05,189 [90a60b70-6b91-4fb2-a612-7ac0b6911dfc-groupManagement] INFO  server.RaftServerConfigKeys (ConfUtils.java:logGet(62)) - raft.server.log.appender.buffer.byte-limit = 33554432 (custom)
2025-09-07 09:44:05,191 [90a60b70-6b91-4fb2-a612-7ac0b6911dfc-groupManagement] INFO  segmented.SegmentedRaftLogWorker (SegmentedRaftLogWorker.java:lambda$new$0(141)) - 90a60b70-6b91-4fb2-a612-7ac0b6911dfc@group-09A5C1734F32-SegmentedRaftLogWorker: flushIndex: setUnconditionally 0 -> -1
2025-09-07 09:44:05,191 [grpc-default-executor-0] INFO  ratis.XceiverServerRatis (XceiverServerRatis.java:handleLeaderChangedNotification(947)) - Leader change notification received for group: group-77DC33C8A8CA with new leaderId: ff2509eb-55dd-4ad3-b532-83d6209e1a92
2025-09-07 09:44:05,191 [grpc-default-executor-0] INFO  server.RaftServer$Division (ServerState.java:setLeader(272)) - 8500c972-c6d1-4433-9d49-a8e3bb920002@group-77DC33C8A8CA: change Leader from null to ff2509eb-55dd-4ad3-b532-83d6209e1a92 at term 1 for appendEntries, leader elected after 1253ms
2025-09-07 09:44:05,191 [grpc-default-executor-0] INFO  server.RaftServer$Division (ServerState.java:setRaftConf(386)) - 8500c972-c6d1-4433-9d49-a8e3bb920002@group-77DC33C8A8CA: set configuration conf: {index: 0, cur=peers:[95d41743-cdf0-4105-938b-93fe980aeffc|127.0.0.1:15031, 8500c972-c6d1-4433-9d49-a8e3bb920002|127.0.0.1:15023, ff2509eb-55dd-4ad3-b532-83d6209e1a92|127.0.0.1:15015]|listeners:[], old=null}
2025-09-07 09:44:05,191 [grpc-default-executor-0] INFO  segmented.SegmentedRaftLogWorker (SegmentedRaftLogWorker.java:startLogSegment(440)) - 8500c972-c6d1-4433-9d49-a8e3bb920002@group-77DC33C8A8CA-SegmentedRaftLogWorker: Starting segment from index:0
2025-09-07 09:44:05,192 [8500c972-c6d1-4433-9d49-a8e3bb920002@group-77DC33C8A8CA-SegmentedRaftLogWorker] INFO  segmented.BufferedWriteChannel (BufferedWriteChannel.java:open(61)) - open log_inprogress_0 at position 0
2025-09-07 09:44:05,191 [90a60b70-6b91-4fb2-a612-7ac0b6911dfc-groupManagement] INFO  segmented.SegmentedRaftLogWorker (SegmentedRaftLogWorker.java:lambda$new$0(141)) - 90a60b70-6b91-4fb2-a612-7ac0b6911dfc@group-09A5C1734F32-SegmentedRaftLogWorker: safeCacheEvictIndex: setUnconditionally 0 -> -1
2025-09-07 09:44:05,193 [486fef96-c6ec-41d9-a4ca-7ebb3d261081-groupManagement] INFO  server.RaftServerConfigKeys (ConfUtils.java:logGet(62)) - raft.server.log.appender.buffer.byte-limit = 33554432 (custom)
2025-09-07 09:44:05,193 [486fef96-c6ec-41d9-a4ca-7ebb3d261081-groupManagement] INFO  segmented.SegmentedRaftLogWorker (SegmentedRaftLogWorker.java:lambda$new$0(141)) - 486fef96-c6ec-41d9-a4ca-7ebb3d261081@group-7A90E47A063C-SegmentedRaftLogWorker: flushIndex: setUnconditionally 0 -> -1
2025-09-07 09:44:05,193 [486fef96-c6ec-41d9-a4ca-7ebb3d261081-groupManagement] INFO  segmented.SegmentedRaftLogWorker (SegmentedRaftLogWorker.java:lambda$new$0(141)) - 486fef96-c6ec-41d9-a4ca-7ebb3d261081@group-7A90E47A063C-SegmentedRaftLogWorker: safeCacheEvictIndex: setUnconditionally 0 -> -1
2025-09-07 09:44:05,195 [90a60b70-6b91-4fb2-a612-7ac0b6911dfc-groupManagement] INFO  server.RaftServer$Division (RaftServerImpl.java:start(405)) - 90a60b70-6b91-4fb2-a612-7ac0b6911dfc@group-09A5C1734F32: start as a follower, conf=conf: {index: -1, cur=peers:[90a60b70-6b91-4fb2-a612-7ac0b6911dfc|127.0.0.1:15047, e6e13cb3-e32b-4d2d-874a-1e4700c67398|127.0.0.1:15055, 7c7182dc-ac7f-44a8-b1d4-5d10f99cbcf2|127.0.0.1:15039]|listeners:[], old=null}
2025-09-07 09:44:05,195 [90a60b70-6b91-4fb2-a612-7ac0b6911dfc-groupManagement] INFO  server.RaftServer$Division (RaftServerImpl.java:setRole(392)) - 90a60b70-6b91-4fb2-a612-7ac0b6911dfc@group-09A5C1734F32: changes role from      null to FOLLOWER at term 0 for startAsFollower
2025-09-07 09:44:05,195 [90a60b70-6b91-4fb2-a612-7ac0b6911dfc-groupManagement] INFO  impl.RoleInfo (RoleInfo.java:updateAndGet(148)) - 90a60b70-6b91-4fb2-a612-7ac0b6911dfc: start 90a60b70-6b91-4fb2-a612-7ac0b6911dfc@group-09A5C1734F32-FollowerState
2025-09-07 09:44:05,197 [90a60b70-6b91-4fb2-a612-7ac0b6911dfc-groupManagement] INFO  util.JmxRegister (JmxRegister.java:tryRegister(44)) - Successfully registered JMX Bean with object name Ratis:service=RaftServer,group=group-09A5C1734F32,id=90a60b70-6b91-4fb2-a612-7ac0b6911dfc
2025-09-07 09:44:05,197 [90a60b70-6b91-4fb2-a612-7ac0b6911dfc-groupManagement] INFO  util.JmxRegister (JmxRegister.java:register(58)) - register mxBean class org.apache.ratis.server.impl.RaftServerJmxAdapter as Ratis:service=RaftServer,group=group-09A5C1734F32,id=90a60b70-6b91-4fb2-a612-7ac0b6911dfc
2025-09-07 09:44:05,198 [486fef96-c6ec-41d9-a4ca-7ebb3d261081-groupManagement] INFO  server.RaftServer$Division (RaftServerImpl.java:start(405)) - 486fef96-c6ec-41d9-a4ca-7ebb3d261081@group-7A90E47A063C: start as a follower, conf=conf: {index: -1, cur=peers:[c7c0d573-77b1-47db-b09e-d84959a4a43f|127.0.0.1:15063, 486fef96-c6ec-41d9-a4ca-7ebb3d261081|127.0.0.1:15071, 4c7984b5-42f1-4e4b-a334-601f88f38b33|127.0.0.1:15079]|listeners:[], old=null}
2025-09-07 09:44:05,198 [486fef96-c6ec-41d9-a4ca-7ebb3d261081-groupManagement] INFO  server.RaftServer$Division (RaftServerImpl.java:setRole(392)) - 486fef96-c6ec-41d9-a4ca-7ebb3d261081@group-7A90E47A063C: changes role from      null to FOLLOWER at term 0 for startAsFollower
2025-09-07 09:44:05,198 [486fef96-c6ec-41d9-a4ca-7ebb3d261081-groupManagement] INFO  impl.RoleInfo (RoleInfo.java:updateAndGet(148)) - 486fef96-c6ec-41d9-a4ca-7ebb3d261081: start 486fef96-c6ec-41d9-a4ca-7ebb3d261081@group-7A90E47A063C-FollowerState
2025-09-07 09:44:05,198 [486fef96-c6ec-41d9-a4ca-7ebb3d261081-groupManagement] INFO  util.JmxRegister (JmxRegister.java:tryRegister(44)) - Successfully registered JMX Bean with object name Ratis:service=RaftServer,group=group-7A90E47A063C,id=486fef96-c6ec-41d9-a4ca-7ebb3d261081
2025-09-07 09:44:05,198 [486fef96-c6ec-41d9-a4ca-7ebb3d261081-groupManagement] INFO  util.JmxRegister (JmxRegister.java:register(58)) - register mxBean class org.apache.ratis.server.impl.RaftServerJmxAdapter as Ratis:service=RaftServer,group=group-7A90E47A063C,id=486fef96-c6ec-41d9-a4ca-7ebb3d261081
2025-09-07 09:44:05,200 [486fef96-c6ec-41d9-a4ca-7ebb3d261081-groupManagement] INFO  server.RaftServer$Division (RaftServerImpl.java:start(419)) - 486fef96-c6ec-41d9-a4ca-7ebb3d261081@group-7A90E47A063C: Successfully started.
2025-09-07 09:44:05,201 [8500c972-c6d1-4433-9d49-a8e3bb920002@group-77DC33C8A8CA-SegmentedRaftLogWorker] INFO  segmented.SegmentedRaftLogWorker (SegmentedRaftLogWorker.java:execute(647)) - 8500c972-c6d1-4433-9d49-a8e3bb920002@group-77DC33C8A8CA-SegmentedRaftLogWorker: created new log segment /home/runner/work/ozone/ozone/hadoop-ozone/integration-test/target/test-dir/MiniOzoneClusterImpl-023d5a78-e64c-43f3-a4d9-6f7884931d6c/ozone-metadata/datanode-2/ratis/766115e5-0d59-4db5-b7b5-77dc33c8a8ca/current/log_inprogress_0
2025-09-07 09:44:05,202 [95d41743-cdf0-4105-938b-93fe980aeffc@group-77DC33C8A8CA-SegmentedRaftLogWorker] INFO  segmented.SegmentedRaftLogWorker (SegmentedRaftLogWorker.java:execute(647)) - 95d41743-cdf0-4105-938b-93fe980aeffc@group-77DC33C8A8CA-SegmentedRaftLogWorker: created new log segment /home/runner/work/ozone/ozone/hadoop-ozone/integration-test/target/test-dir/MiniOzoneClusterImpl-023d5a78-e64c-43f3-a4d9-6f7884931d6c/ozone-metadata/datanode-3/ratis/766115e5-0d59-4db5-b7b5-77dc33c8a8ca/current/log_inprogress_0
2025-09-07 09:44:05,202 [90a60b70-6b91-4fb2-a612-7ac0b6911dfc-groupManagement] INFO  server.RaftServer$Division (RaftServerImpl.java:start(419)) - 90a60b70-6b91-4fb2-a612-7ac0b6911dfc@group-09A5C1734F32: Successfully started.
2025-09-07 09:44:05,211 [ff2509eb-55dd-4ad3-b532-83d6209e1a92@group-77DC33C8A8CA-StateMachineUpdater] INFO  server.RaftServer$Division (LeaderStateImpl.java:checkStartIndex(309)) - Leader ff2509eb-55dd-4ad3-b532-83d6209e1a92@group-77DC33C8A8CA-LeaderStateImpl is ready since appliedIndex == startIndex == 0
2025-09-07 09:44:05,227 [grpc-default-executor-1] INFO  server.RaftServer (RaftServerProxy.java:addNew(105)) - 4c7984b5-42f1-4e4b-a334-601f88f38b33: addNew group-7A90E47A063C:[c7c0d573-77b1-47db-b09e-d84959a4a43f|127.0.0.1:15063, 486fef96-c6ec-41d9-a4ca-7ebb3d261081|127.0.0.1:15071, 4c7984b5-42f1-4e4b-a334-601f88f38b33|127.0.0.1:15079] returns group-7A90E47A063C:java.util.concurrent.CompletableFuture@34a7c321[Not completed]
2025-09-07 09:44:05,227 [grpc-default-executor-0] INFO  server.RaftServer (RaftServerProxy.java:addNew(105)) - e6e13cb3-e32b-4d2d-874a-1e4700c67398: addNew group-09A5C1734F32:[90a60b70-6b91-4fb2-a612-7ac0b6911dfc|127.0.0.1:15047, e6e13cb3-e32b-4d2d-874a-1e4700c67398|127.0.0.1:15055, 7c7182dc-ac7f-44a8-b1d4-5d10f99cbcf2|127.0.0.1:15039] returns group-09A5C1734F32:java.util.concurrent.CompletableFuture@53b7628b[Not completed]
2025-09-07 09:44:05,229 [4c7984b5-42f1-4e4b-a334-601f88f38b33-groupManagement] INFO  server.RaftServer$Division (RaftServerImpl.java:<init>(268)) - 4c7984b5-42f1-4e4b-a334-601f88f38b33: new RaftServerImpl for group-7A90E47A063C:[c7c0d573-77b1-47db-b09e-d84959a4a43f|127.0.0.1:15063, 486fef96-c6ec-41d9-a4ca-7ebb3d261081|127.0.0.1:15071, 4c7984b5-42f1-4e4b-a334-601f88f38b33|127.0.0.1:15079] with ContainerStateMachine:uninitialized
2025-09-07 09:44:05,229 [4c7984b5-42f1-4e4b-a334-601f88f38b33-groupManagement] INFO  server.RaftServer$Division (ServerState.java:<init>(114)) - 4c7984b5-42f1-4e4b-a334-601f88f38b33@group-7A90E47A063C: ConfigurationManager, init=conf: {index: -1, cur=peers:[c7c0d573-77b1-47db-b09e-d84959a4a43f|127.0.0.1:15063, 486fef96-c6ec-41d9-a4ca-7ebb3d261081|127.0.0.1:15071, 4c7984b5-42f1-4e4b-a334-601f88f38b33|127.0.0.1:15079]|listeners:[], old=null}, confs=<EMPTY_MAP>
2025-09-07 09:44:05,233 [e6e13cb3-e32b-4d2d-874a-1e4700c67398-groupManagement] INFO  server.RaftServer$Division (RaftServerImpl.java:<init>(268)) - e6e13cb3-e32b-4d2d-874a-1e4700c67398: new RaftServerImpl for group-09A5C1734F32:[90a60b70-6b91-4fb2-a612-7ac0b6911dfc|127.0.0.1:15047, e6e13cb3-e32b-4d2d-874a-1e4700c67398|127.0.0.1:15055, 7c7182dc-ac7f-44a8-b1d4-5d10f99cbcf2|127.0.0.1:15039] with ContainerStateMachine:uninitialized
2025-09-07 09:44:05,233 [e6e13cb3-e32b-4d2d-874a-1e4700c67398-groupManagement] INFO  server.RaftServer$Division (ServerState.java:<init>(114)) - e6e13cb3-e32b-4d2d-874a-1e4700c67398@group-09A5C1734F32: ConfigurationManager, init=conf: {index: -1, cur=peers:[90a60b70-6b91-4fb2-a612-7ac0b6911dfc|127.0.0.1:15047, e6e13cb3-e32b-4d2d-874a-1e4700c67398|127.0.0.1:15055, 7c7182dc-ac7f-44a8-b1d4-5d10f99cbcf2|127.0.0.1:15039]|listeners:[], old=null}, confs=<EMPTY_MAP>
2025-09-07 09:44:05,236 [4c7984b5-42f1-4e4b-a334-601f88f38b33-groupManagement] INFO  server.RaftServerConfigKeys (ConfUtils.java:logGet(62)) - raft.server.storage.dir = [/home/runner/work/ozone/ozone/hadoop-ozone/integration-test/target/test-dir/MiniOzoneClusterImpl-023d5a78-e64c-43f3-a4d9-6f7884931d6c/ozone-metadata/datanode-9/ratis] (custom)
2025-09-07 09:44:05,236 [4c7984b5-42f1-4e4b-a334-601f88f38b33-groupManagement] INFO  storage.RaftStorageDirectory (RaftStorageDirectoryImpl.java:analyzeStorage(138)) - The storage directory /home/runner/work/ozone/ozone/hadoop-ozone/integration-test/target/test-dir/MiniOzoneClusterImpl-023d5a78-e64c-43f3-a4d9-6f7884931d6c/ozone-metadata/datanode-9/ratis/c966e9dd-f994-4bc9-96f7-7a90e47a063c does not exist. Creating ...
2025-09-07 09:44:05,241 [e6e13cb3-e32b-4d2d-874a-1e4700c67398-groupManagement] INFO  server.RaftServerConfigKeys (ConfUtils.java:logGet(62)) - raft.server.storage.dir = [/home/runner/work/ozone/ozone/hadoop-ozone/integration-test/target/test-dir/MiniOzoneClusterImpl-023d5a78-e64c-43f3-a4d9-6f7884931d6c/ozone-metadata/datanode-6/ratis] (custom)
2025-09-07 09:44:05,241 [4c7984b5-42f1-4e4b-a334-601f88f38b33-groupManagement] INFO  storage.RaftStorageDirectory (RaftStorageDirectoryImpl.java:tryLock(229)) - Lock on /home/runner/work/ozone/ozone/hadoop-ozone/integration-test/target/test-dir/MiniOzoneClusterImpl-023d5a78-e64c-43f3-a4d9-6f7884931d6c/ozone-metadata/datanode-9/ratis/c966e9dd-f994-4bc9-96f7-7a90e47a063c/in_use.lock acquired by nodename 23079@localhost
2025-09-07 09:44:05,243 [e6e13cb3-e32b-4d2d-874a-1e4700c67398-groupManagement] INFO  storage.RaftStorageDirectory (RaftStorageDirectoryImpl.java:analyzeStorage(138)) - The storage directory /home/runner/work/ozone/ozone/hadoop-ozone/integration-test/target/test-dir/MiniOzoneClusterImpl-023d5a78-e64c-43f3-a4d9-6f7884931d6c/ozone-metadata/datanode-6/ratis/de1a2be5-feda-49eb-9ee6-09a5c1734f32 does not exist. Creating ...
2025-09-07 09:44:05,244 [4c7984b5-42f1-4e4b-a334-601f88f38b33-groupManagement] INFO  storage.RaftStorage (RaftStorageImpl.java:format(98)) - Storage directory /home/runner/work/ozone/ozone/hadoop-ozone/integration-test/target/test-dir/MiniOzoneClusterImpl-023d5a78-e64c-43f3-a4d9-6f7884931d6c/ozone-metadata/datanode-9/ratis/c966e9dd-f994-4bc9-96f7-7a90e47a063c has been successfully formatted.
2025-09-07 09:44:05,247 [e6e13cb3-e32b-4d2d-874a-1e4700c67398-groupManagement] INFO  storage.RaftStorageDirectory (RaftStorageDirectoryImpl.java:tryLock(229)) - Lock on /home/runner/work/ozone/ozone/hadoop-ozone/integration-test/target/test-dir/MiniOzoneClusterImpl-023d5a78-e64c-43f3-a4d9-6f7884931d6c/ozone-metadata/datanode-6/ratis/de1a2be5-feda-49eb-9ee6-09a5c1734f32/in_use.lock acquired by nodename 23079@localhost
2025-09-07 09:44:05,248 [4c7984b5-42f1-4e4b-a334-601f88f38b33-groupManagement] INFO  ratis.ContainerStateMachine (ContainerStateMachine.java:initialize(339)) - 4c7984b5-42f1-4e4b-a334-601f88f38b33: initialize group-7A90E47A063C
2025-09-07 09:44:05,248 [4c7984b5-42f1-4e4b-a334-601f88f38b33-groupManagement] INFO  ratis.ContainerStateMachine (ContainerStateMachine.java:loadSnapshot(347)) - group-7A90E47A063C: The snapshot info is null. Setting the last applied index to:<INITIAL_VALUE>
2025-09-07 09:44:05,248 [4c7984b5-42f1-4e4b-a334-601f88f38b33-groupManagement] INFO  server.RaftServerConfigKeys (ConfUtils.java:logGet(62)) - raft.server.log.appender.buffer.byte-limit = 33554432 (custom)
2025-09-07 09:44:05,250 [4c7984b5-42f1-4e4b-a334-601f88f38b33-groupManagement] INFO  server.RaftServerConfigKeys (ConfUtils.java:logGet(62)) - raft.server.log.segment.size.max = 67108864 (custom)
2025-09-07 09:44:05,252 [4c7984b5-42f1-4e4b-a334-601f88f38b33-groupManagement] INFO  server.RaftServerConfigKeys (ConfUtils.java:logGet(62)) - raft.server.log.appender.buffer.byte-limit = 33554432 (custom)
2025-09-07 09:44:05,253 [e6e13cb3-e32b-4d2d-874a-1e4700c67398-groupManagement] INFO  storage.RaftStorage (RaftStorageImpl.java:format(98)) - Storage directory /home/runner/work/ozone/ozone/hadoop-ozone/integration-test/target/test-dir/MiniOzoneClusterImpl-023d5a78-e64c-43f3-a4d9-6f7884931d6c/ozone-metadata/datanode-6/ratis/de1a2be5-feda-49eb-9ee6-09a5c1734f32 has been successfully formatted.
2025-09-07 09:44:05,253 [e6e13cb3-e32b-4d2d-874a-1e4700c67398-groupManagement] INFO  ratis.ContainerStateMachine (ContainerStateMachine.java:initialize(339)) - e6e13cb3-e32b-4d2d-874a-1e4700c67398: initialize group-09A5C1734F32
2025-09-07 09:44:05,253 [e6e13cb3-e32b-4d2d-874a-1e4700c67398-groupManagement] INFO  ratis.ContainerStateMachine (ContainerStateMachine.java:loadSnapshot(347)) - group-09A5C1734F32: The snapshot info is null. Setting the last applied index to:<INITIAL_VALUE>
2025-09-07 09:44:05,254 [e6e13cb3-e32b-4d2d-874a-1e4700c67398-groupManagement] INFO  server.RaftServerConfigKeys (ConfUtils.java:logGet(62)) - raft.server.log.appender.buffer.byte-limit = 33554432 (custom)
2025-09-07 09:44:05,256 [e6e13cb3-e32b-4d2d-874a-1e4700c67398-groupManagement] INFO  server.RaftServerConfigKeys (ConfUtils.java:logGet(62)) - raft.server.log.segment.size.max = 67108864 (custom)
2025-09-07 09:44:05,257 [4c7984b5-42f1-4e4b-a334-601f88f38b33-groupManagement] INFO  util.AwaitToRun (AwaitToRun.java:start(81)) - Thread[#1349,4c7984b5-42f1-4e4b-a334-601f88f38b33@group-7A90E47A063C-cacheEviction-AwaitToRun,5,main] started
2025-09-07 09:44:05,257 [4c7984b5-42f1-4e4b-a334-601f88f38b33-groupManagement] INFO  segmented.SegmentedRaftLogWorker (SegmentedRaftLogWorker.java:<init>(190)) - new 4c7984b5-42f1-4e4b-a334-601f88f38b33@group-7A90E47A063C-SegmentedRaftLogWorker for RaftStorageImpl:Storage Directory /home/runner/work/ozone/ozone/hadoop-ozone/integration-test/target/test-dir/MiniOzoneClusterImpl-023d5a78-e64c-43f3-a4d9-6f7884931d6c/ozone-metadata/datanode-9/ratis/c966e9dd-f994-4bc9-96f7-7a90e47a063c
2025-09-07 09:44:05,257 [4c7984b5-42f1-4e4b-a334-601f88f38b33-groupManagement] INFO  server.RaftServerConfigKeys (ConfUtils.java:logGet(62)) - raft.server.log.queue.byte-limit = 4294967296 (custom)
2025-09-07 09:44:05,257 [4c7984b5-42f1-4e4b-a334-601f88f38b33-groupManagement] INFO  server.RaftServerConfigKeys (ConfUtils.java:logGet(62)) - raft.server.log.segment.size.max = 67108864 (custom)
2025-09-07 09:44:05,257 [4c7984b5-42f1-4e4b-a334-601f88f38b33-groupManagement] INFO  server.RaftServerConfigKeys (ConfUtils.java:logGet(62)) - raft.server.log.preallocated.size = 4194304 (custom)
2025-09-07 09:44:05,258 [e6e13cb3-e32b-4d2d-874a-1e4700c67398-groupManagement] INFO  server.RaftServerConfigKeys (ConfUtils.java:logGet(62)) - raft.server.log.appender.buffer.byte-limit = 33554432 (custom)
2025-09-07 09:44:05,259 [4c7984b5-42f1-4e4b-a334-601f88f38b33-groupManagement] INFO  server.RaftServerConfigKeys (ConfUtils.java:logGet(62)) - raft.server.log.write.buffer.size = 33554440 (custom)
2025-09-07 09:44:05,261 [e6e13cb3-e32b-4d2d-874a-1e4700c67398-groupManagement] INFO  util.AwaitToRun (AwaitToRun.java:start(81)) - Thread[#1350,e6e13cb3-e32b-4d2d-874a-1e4700c67398@group-09A5C1734F32-cacheEviction-AwaitToRun,5,main] started
2025-09-07 09:44:05,261 [e6e13cb3-e32b-4d2d-874a-1e4700c67398-groupManagement] INFO  segmented.SegmentedRaftLogWorker (SegmentedRaftLogWorker.java:<init>(190)) - new e6e13cb3-e32b-4d2d-874a-1e4700c67398@group-09A5C1734F32-SegmentedRaftLogWorker for RaftStorageImpl:Storage Directory /home/runner/work/ozone/ozone/hadoop-ozone/integration-test/target/test-dir/MiniOzoneClusterImpl-023d5a78-e64c-43f3-a4d9-6f7884931d6c/ozone-metadata/datanode-6/ratis/de1a2be5-feda-49eb-9ee6-09a5c1734f32
2025-09-07 09:44:05,261 [e6e13cb3-e32b-4d2d-874a-1e4700c67398-groupManagement] INFO  server.RaftServerConfigKeys (ConfUtils.java:logGet(62)) - raft.server.log.queue.byte-limit = 4294967296 (custom)
2025-09-07 09:44:05,261 [e6e13cb3-e32b-4d2d-874a-1e4700c67398-groupManagement] INFO  server.RaftServerConfigKeys (ConfUtils.java:logGet(62)) - raft.server.log.segment.size.max = 67108864 (custom)
2025-09-07 09:44:05,261 [e6e13cb3-e32b-4d2d-874a-1e4700c67398-groupManagement] INFO  server.RaftServerConfigKeys (ConfUtils.java:logGet(62)) - raft.server.log.preallocated.size = 4194304 (custom)
2025-09-07 09:44:05,261 [e6e13cb3-e32b-4d2d-874a-1e4700c67398-groupManagement] INFO  server.RaftServerConfigKeys (ConfUtils.java:logGet(62)) - raft.server.log.write.buffer.size = 33554440 (custom)
2025-09-07 09:44:05,268 [e6e13cb3-e32b-4d2d-874a-1e4700c67398-groupManagement] INFO  server.RaftServerConfigKeys (ConfUtils.java:logGet(62)) - raft.server.log.appender.buffer.byte-limit = 33554432 (custom)
2025-09-07 09:44:05,269 [e6e13cb3-e32b-4d2d-874a-1e4700c67398-groupManagement] INFO  segmented.SegmentedRaftLogWorker (SegmentedRaftLogWorker.java:lambda$new$0(141)) - e6e13cb3-e32b-4d2d-874a-1e4700c67398@group-09A5C1734F32-SegmentedRaftLogWorker: flushIndex: setUnconditionally 0 -> -1
2025-09-07 09:44:05,269 [e6e13cb3-e32b-4d2d-874a-1e4700c67398-groupManagement] INFO  segmented.SegmentedRaftLogWorker (SegmentedRaftLogWorker.java:lambda$new$0(141)) - e6e13cb3-e32b-4d2d-874a-1e4700c67398@group-09A5C1734F32-SegmentedRaftLogWorker: safeCacheEvictIndex: setUnconditionally 0 -> -1
2025-09-07 09:44:05,271 [4c7984b5-42f1-4e4b-a334-601f88f38b33-groupManagement] INFO  server.RaftServerConfigKeys (ConfUtils.java:logGet(62)) - raft.server.log.appender.buffer.byte-limit = 33554432 (custom)
2025-09-07 09:44:05,271 [4c7984b5-42f1-4e4b-a334-601f88f38b33-groupManagement] INFO  segmented.SegmentedRaftLogWorker (SegmentedRaftLogWorker.java:lambda$new$0(141)) - 4c7984b5-42f1-4e4b-a334-601f88f38b33@group-7A90E47A063C-SegmentedRaftLogWorker: flushIndex: setUnconditionally 0 -> -1
2025-09-07 09:44:05,271 [e6e13cb3-e32b-4d2d-874a-1e4700c67398-groupManagement] INFO  server.RaftServer$Division (RaftServerImpl.java:start(405)) - e6e13cb3-e32b-4d2d-874a-1e4700c67398@group-09A5C1734F32: start as a follower, conf=conf: {index: -1, cur=peers:[90a60b70-6b91-4fb2-a612-7ac0b6911dfc|127.0.0.1:15047, e6e13cb3-e32b-4d2d-874a-1e4700c67398|127.0.0.1:15055, 7c7182dc-ac7f-44a8-b1d4-5d10f99cbcf2|127.0.0.1:15039]|listeners:[], old=null}
2025-09-07 09:44:05,272 [e6e13cb3-e32b-4d2d-874a-1e4700c67398-groupManagement] INFO  server.RaftServer$Division (RaftServerImpl.java:setRole(392)) - e6e13cb3-e32b-4d2d-874a-1e4700c67398@group-09A5C1734F32: changes role from      null to FOLLOWER at term 0 for startAsFollower
2025-09-07 09:44:05,272 [e6e13cb3-e32b-4d2d-874a-1e4700c67398-groupManagement] INFO  impl.RoleInfo (RoleInfo.java:updateAndGet(148)) - e6e13cb3-e32b-4d2d-874a-1e4700c67398: start e6e13cb3-e32b-4d2d-874a-1e4700c67398@group-09A5C1734F32-FollowerState
2025-09-07 09:44:05,272 [4c7984b5-42f1-4e4b-a334-601f88f38b33-groupManagement] INFO  segmented.SegmentedRaftLogWorker (SegmentedRaftLogWorker.java:lambda$new$0(141)) - 4c7984b5-42f1-4e4b-a334-601f88f38b33@group-7A90E47A063C-SegmentedRaftLogWorker: safeCacheEvictIndex: setUnconditionally 0 -> -1
2025-09-07 09:44:05,274 [4c7984b5-42f1-4e4b-a334-601f88f38b33-groupManagement] INFO  server.RaftServer$Division (RaftServerImpl.java:start(405)) - 4c7984b5-42f1-4e4b-a334-601f88f38b33@group-7A90E47A063C: start as a follower, conf=conf: {index: -1, cur=peers:[c7c0d573-77b1-47db-b09e-d84959a4a43f|127.0.0.1:15063, 486fef96-c6ec-41d9-a4ca-7ebb3d261081|127.0.0.1:15071, 4c7984b5-42f1-4e4b-a334-601f88f38b33|127.0.0.1:15079]|listeners:[], old=null}
2025-09-07 09:44:05,274 [4c7984b5-42f1-4e4b-a334-601f88f38b33-groupManagement] INFO  server.RaftServer$Division (RaftServerImpl.java:setRole(392)) - 4c7984b5-42f1-4e4b-a334-601f88f38b33@group-7A90E47A063C: changes role from      null to FOLLOWER at term 0 for startAsFollower
2025-09-07 09:44:05,274 [4c7984b5-42f1-4e4b-a334-601f88f38b33-groupManagement] INFO  impl.RoleInfo (RoleInfo.java:updateAndGet(148)) - 4c7984b5-42f1-4e4b-a334-601f88f38b33: start 4c7984b5-42f1-4e4b-a334-601f88f38b33@group-7A90E47A063C-FollowerState
2025-09-07 09:44:05,274 [e6e13cb3-e32b-4d2d-874a-1e4700c67398-groupManagement] INFO  util.JmxRegister (JmxRegister.java:tryRegister(44)) - Successfully registered JMX Bean with object name Ratis:service=RaftServer,group=group-09A5C1734F32,id=e6e13cb3-e32b-4d2d-874a-1e4700c67398
2025-09-07 09:44:05,274 [e6e13cb3-e32b-4d2d-874a-1e4700c67398-groupManagement] INFO  util.JmxRegister (JmxRegister.java:register(58)) - register mxBean class org.apache.ratis.server.impl.RaftServerJmxAdapter as Ratis:service=RaftServer,group=group-09A5C1734F32,id=e6e13cb3-e32b-4d2d-874a-1e4700c67398
2025-09-07 09:44:05,275 [4c7984b5-42f1-4e4b-a334-601f88f38b33-groupManagement] INFO  util.JmxRegister (JmxRegister.java:tryRegister(44)) - Successfully registered JMX Bean with object name Ratis:service=RaftServer,group=group-7A90E47A063C,id=4c7984b5-42f1-4e4b-a334-601f88f38b33
2025-09-07 09:44:05,275 [4c7984b5-42f1-4e4b-a334-601f88f38b33-groupManagement] INFO  util.JmxRegister (JmxRegister.java:register(58)) - register mxBean class org.apache.ratis.server.impl.RaftServerJmxAdapter as Ratis:service=RaftServer,group=group-7A90E47A063C,id=4c7984b5-42f1-4e4b-a334-601f88f38b33
2025-09-07 09:44:05,278 [4c7984b5-42f1-4e4b-a334-601f88f38b33-groupManagement] INFO  server.RaftServer$Division (RaftServerImpl.java:start(419)) - 4c7984b5-42f1-4e4b-a334-601f88f38b33@group-7A90E47A063C: Successfully started.
2025-09-07 09:44:05,279 [e6e13cb3-e32b-4d2d-874a-1e4700c67398-groupManagement] INFO  server.RaftServer$Division (RaftServerImpl.java:start(419)) - e6e13cb3-e32b-4d2d-874a-1e4700c67398@group-09A5C1734F32: Successfully started.
2025-09-07 09:44:05,285 [c7c0d573-77b1-47db-b09e-d84959a4a43f-PipelineCommandHandlerThread-0] INFO  commandhandler.CreatePipelineCommandHandler (CreatePipelineCommandHandler.java:lambda$handle$2(127)) - Created Pipeline RATIS THREE Pipeline-c966e9dd-f994-4bc9-96f7-7a90e47a063c.
2025-09-07 09:44:05,286 [7c7182dc-ac7f-44a8-b1d4-5d10f99cbcf2-PipelineCommandHandlerThread-0] INFO  commandhandler.CreatePipelineCommandHandler (CreatePipelineCommandHandler.java:lambda$handle$2(127)) - Created Pipeline RATIS THREE Pipeline-de1a2be5-feda-49eb-9ee6-09a5c1734f32.
2025-09-07 09:44:05,288 [7c7182dc-ac7f-44a8-b1d4-5d10f99cbcf2-PipelineCommandHandlerThread-0] INFO  server.RaftServer (RaftServerProxy.java:addNew(105)) - 7c7182dc-ac7f-44a8-b1d4-5d10f99cbcf2: addNew group-9E511D2458D0:[90a60b70-6b91-4fb2-a612-7ac0b6911dfc|127.0.0.1:15047, e6e13cb3-e32b-4d2d-874a-1e4700c67398|127.0.0.1:15055, 7c7182dc-ac7f-44a8-b1d4-5d10f99cbcf2|127.0.0.1:15039] returns group-9E511D2458D0:java.util.concurrent.CompletableFuture@665e514c[Not completed]
2025-09-07 09:44:05,290 [7c7182dc-ac7f-44a8-b1d4-5d10f99cbcf2-groupManagement] INFO  server.RaftServer$Division (RaftServerImpl.java:<init>(268)) - 7c7182dc-ac7f-44a8-b1d4-5d10f99cbcf2: new RaftServerImpl for group-9E511D2458D0:[90a60b70-6b91-4fb2-a612-7ac0b6911dfc|127.0.0.1:15047, e6e13cb3-e32b-4d2d-874a-1e4700c67398|127.0.0.1:15055, 7c7182dc-ac7f-44a8-b1d4-5d10f99cbcf2|127.0.0.1:15039] with ContainerStateMachine:uninitialized
2025-09-07 09:44:05,290 [7c7182dc-ac7f-44a8-b1d4-5d10f99cbcf2-groupManagement] INFO  server.RaftServer$Division (ServerState.java:<init>(114)) - 7c7182dc-ac7f-44a8-b1d4-5d10f99cbcf2@group-9E511D2458D0: ConfigurationManager, init=conf: {index: -1, cur=peers:[90a60b70-6b91-4fb2-a612-7ac0b6911dfc|127.0.0.1:15047, e6e13cb3-e32b-4d2d-874a-1e4700c67398|127.0.0.1:15055, 7c7182dc-ac7f-44a8-b1d4-5d10f99cbcf2|127.0.0.1:15039]|listeners:[], old=null}, confs=<EMPTY_MAP>
2025-09-07 09:44:05,296 [7c7182dc-ac7f-44a8-b1d4-5d10f99cbcf2-groupManagement] INFO  server.RaftServerConfigKeys (ConfUtils.java:logGet(62)) - raft.server.storage.dir = [/home/runner/work/ozone/ozone/hadoop-ozone/integration-test/target/test-dir/MiniOzoneClusterImpl-023d5a78-e64c-43f3-a4d9-6f7884931d6c/ozone-metadata/datanode-4/ratis] (custom)
2025-09-07 09:44:05,296 [90a60b70-6b91-4fb2-a612-7ac0b6911dfc-PipelineCommandHandlerThread-0] INFO  server.RaftServer (RaftServerProxy.java:addNew(105)) - 90a60b70-6b91-4fb2-a612-7ac0b6911dfc: addNew group-8AB8E1487AAF:[90a60b70-6b91-4fb2-a612-7ac0b6911dfc|127.0.0.1:15047] returns group-8AB8E1487AAF:java.util.concurrent.CompletableFuture@3eddfbff[Not completed]
2025-09-07 09:44:05,296 [7c7182dc-ac7f-44a8-b1d4-5d10f99cbcf2-groupManagement] INFO  storage.RaftStorageDirectory (RaftStorageDirectoryImpl.java:analyzeStorage(138)) - The storage directory /home/runner/work/ozone/ozone/hadoop-ozone/integration-test/target/test-dir/MiniOzoneClusterImpl-023d5a78-e64c-43f3-a4d9-6f7884931d6c/ozone-metadata/datanode-4/ratis/d8d7c1c9-dd4a-4c6e-b9b0-9e511d2458d0 does not exist. Creating ...
2025-09-07 09:44:05,299 [7c7182dc-ac7f-44a8-b1d4-5d10f99cbcf2-groupManagement] INFO  storage.RaftStorageDirectory (RaftStorageDirectoryImpl.java:tryLock(229)) - Lock on /home/runner/work/ozone/ozone/hadoop-ozone/integration-test/target/test-dir/MiniOzoneClusterImpl-023d5a78-e64c-43f3-a4d9-6f7884931d6c/ozone-metadata/datanode-4/ratis/d8d7c1c9-dd4a-4c6e-b9b0-9e511d2458d0/in_use.lock acquired by nodename 23079@localhost
2025-09-07 09:44:05,300 [90a60b70-6b91-4fb2-a612-7ac0b6911dfc-groupManagement] INFO  server.RaftServer$Division (RaftServerImpl.java:<init>(268)) - 90a60b70-6b91-4fb2-a612-7ac0b6911dfc: new RaftServerImpl for group-8AB8E1487AAF:[90a60b70-6b91-4fb2-a612-7ac0b6911dfc|127.0.0.1:15047] with ContainerStateMachine:uninitialized
2025-09-07 09:44:05,300 [90a60b70-6b91-4fb2-a612-7ac0b6911dfc-groupManagement] INFO  server.RaftServer$Division (ServerState.java:<init>(114)) - 90a60b70-6b91-4fb2-a612-7ac0b6911dfc@group-8AB8E1487AAF: ConfigurationManager, init=conf: {index: -1, cur=peers:[90a60b70-6b91-4fb2-a612-7ac0b6911dfc|127.0.0.1:15047]|listeners:[], old=null}, confs=<EMPTY_MAP>
2025-09-07 09:44:05,302 [7c7182dc-ac7f-44a8-b1d4-5d10f99cbcf2-groupManagement] INFO  storage.RaftStorage (RaftStorageImpl.java:format(98)) - Storage directory /home/runner/work/ozone/ozone/hadoop-ozone/integration-test/target/test-dir/MiniOzoneClusterImpl-023d5a78-e64c-43f3-a4d9-6f7884931d6c/ozone-metadata/datanode-4/ratis/d8d7c1c9-dd4a-4c6e-b9b0-9e511d2458d0 has been successfully formatted.
2025-09-07 09:44:05,302 [7c7182dc-ac7f-44a8-b1d4-5d10f99cbcf2-groupManagement] INFO  ratis.ContainerStateMachine (ContainerStateMachine.java:initialize(339)) - 7c7182dc-ac7f-44a8-b1d4-5d10f99cbcf2: initialize group-9E511D2458D0
2025-09-07 09:44:05,302 [7c7182dc-ac7f-44a8-b1d4-5d10f99cbcf2-groupManagement] INFO  ratis.ContainerStateMachine (ContainerStateMachine.java:loadSnapshot(347)) - group-9E511D2458D0: The snapshot info is null. Setting the last applied index to:<INITIAL_VALUE>
2025-09-07 09:44:05,302 [7c7182dc-ac7f-44a8-b1d4-5d10f99cbcf2-groupManagement] INFO  server.RaftServerConfigKeys (ConfUtils.java:logGet(62)) - raft.server.log.appender.buffer.byte-limit = 33554432 (custom)
2025-09-07 09:44:05,309 [7c7182dc-ac7f-44a8-b1d4-5d10f99cbcf2-groupManagement] INFO  server.RaftServerConfigKeys (ConfUtils.java:logGet(62)) - raft.server.log.segment.size.max = 67108864 (custom)
2025-09-07 09:44:05,310 [7c7182dc-ac7f-44a8-b1d4-5d10f99cbcf2-groupManagement] INFO  server.RaftServerConfigKeys (ConfUtils.java:logGet(62)) - raft.server.log.appender.buffer.byte-limit = 33554432 (custom)
2025-09-07 09:44:05,311 [90a60b70-6b91-4fb2-a612-7ac0b6911dfc-groupManagement] INFO  server.RaftServerConfigKeys (ConfUtils.java:logGet(62)) - raft.server.storage.dir = [/home/runner/work/ozone/ozone/hadoop-ozone/integration-test/target/test-dir/MiniOzoneClusterImpl-023d5a78-e64c-43f3-a4d9-6f7884931d6c/ozone-metadata/datanode-5/ratis] (custom)
2025-09-07 09:44:05,312 [90a60b70-6b91-4fb2-a612-7ac0b6911dfc-groupManagement] INFO  storage.RaftStorageDirectory (RaftStorageDirectoryImpl.java:analyzeStorage(138)) - The storage directory /home/runner/work/ozone/ozone/hadoop-ozone/integration-test/target/test-dir/MiniOzoneClusterImpl-023d5a78-e64c-43f3-a4d9-6f7884931d6c/ozone-metadata/datanode-5/ratis/290201cc-74e0-4698-a1ce-8ab8e1487aaf does not exist. Creating ...
2025-09-07 09:44:05,311 [7c7182dc-ac7f-44a8-b1d4-5d10f99cbcf2-groupManagement] INFO  util.AwaitToRun (AwaitToRun.java:start(81)) - Thread[#1364,7c7182dc-ac7f-44a8-b1d4-5d10f99cbcf2@group-9E511D2458D0-cacheEviction-AwaitToRun,5,main] started
2025-09-07 09:44:05,312 [7c7182dc-ac7f-44a8-b1d4-5d10f99cbcf2-groupManagement] INFO  segmented.SegmentedRaftLogWorker (SegmentedRaftLogWorker.java:<init>(190)) - new 7c7182dc-ac7f-44a8-b1d4-5d10f99cbcf2@group-9E511D2458D0-SegmentedRaftLogWorker for RaftStorageImpl:Storage Directory /home/runner/work/ozone/ozone/hadoop-ozone/integration-test/target/test-dir/MiniOzoneClusterImpl-023d5a78-e64c-43f3-a4d9-6f7884931d6c/ozone-metadata/datanode-4/ratis/d8d7c1c9-dd4a-4c6e-b9b0-9e511d2458d0
2025-09-07 09:44:05,312 [7c7182dc-ac7f-44a8-b1d4-5d10f99cbcf2-groupManagement] INFO  server.RaftServerConfigKeys (ConfUtils.java:logGet(62)) - raft.server.log.queue.byte-limit = 4294967296 (custom)
2025-09-07 09:44:05,312 [7c7182dc-ac7f-44a8-b1d4-5d10f99cbcf2-groupManagement] INFO  server.RaftServerConfigKeys (ConfUtils.java:logGet(62)) - raft.server.log.segment.size.max = 67108864 (custom)
2025-09-07 09:44:05,312 [7c7182dc-ac7f-44a8-b1d4-5d10f99cbcf2-groupManagement] INFO  server.RaftServerConfigKeys (ConfUtils.java:logGet(62)) - raft.server.log.preallocated.size = 4194304 (custom)
2025-09-07 09:44:05,313 [7c7182dc-ac7f-44a8-b1d4-5d10f99cbcf2-groupManagement] INFO  server.RaftServerConfigKeys (ConfUtils.java:logGet(62)) - raft.server.log.write.buffer.size = 33554440 (custom)
2025-09-07 09:44:05,316 [90a60b70-6b91-4fb2-a612-7ac0b6911dfc-groupManagement] INFO  storage.RaftStorageDirectory (RaftStorageDirectoryImpl.java:tryLock(229)) - Lock on /home/runner/work/ozone/ozone/hadoop-ozone/integration-test/target/test-dir/MiniOzoneClusterImpl-023d5a78-e64c-43f3-a4d9-6f7884931d6c/ozone-metadata/datanode-5/ratis/290201cc-74e0-4698-a1ce-8ab8e1487aaf/in_use.lock acquired by nodename 23079@localhost
2025-09-07 09:44:05,320 [7c7182dc-ac7f-44a8-b1d4-5d10f99cbcf2-groupManagement] INFO  server.RaftServerConfigKeys (ConfUtils.java:logGet(62)) - raft.server.log.appender.buffer.byte-limit = 33554432 (custom)
2025-09-07 09:44:05,321 [7c7182dc-ac7f-44a8-b1d4-5d10f99cbcf2-groupManagement] INFO  segmented.SegmentedRaftLogWorker (SegmentedRaftLogWorker.java:lambda$new$0(141)) - 7c7182dc-ac7f-44a8-b1d4-5d10f99cbcf2@group-9E511D2458D0-SegmentedRaftLogWorker: flushIndex: setUnconditionally 0 -> -1
2025-09-07 09:44:05,321 [90a60b70-6b91-4fb2-a612-7ac0b6911dfc-groupManagement] INFO  storage.RaftStorage (RaftStorageImpl.java:format(98)) - Storage directory /home/runner/work/ozone/ozone/hadoop-ozone/integration-test/target/test-dir/MiniOzoneClusterImpl-023d5a78-e64c-43f3-a4d9-6f7884931d6c/ozone-metadata/datanode-5/ratis/290201cc-74e0-4698-a1ce-8ab8e1487aaf has been successfully formatted.
2025-09-07 09:44:05,322 [90a60b70-6b91-4fb2-a612-7ac0b6911dfc-groupManagement] INFO  ratis.ContainerStateMachine (ContainerStateMachine.java:initialize(339)) - 90a60b70-6b91-4fb2-a612-7ac0b6911dfc: initialize group-8AB8E1487AAF
2025-09-07 09:44:05,322 [90a60b70-6b91-4fb2-a612-7ac0b6911dfc-groupManagement] INFO  ratis.ContainerStateMachine (ContainerStateMachine.java:loadSnapshot(347)) - group-8AB8E1487AAF: The snapshot info is null. Setting the last applied index to:<INITIAL_VALUE>
2025-09-07 09:44:05,322 [90a60b70-6b91-4fb2-a612-7ac0b6911dfc-groupManagement] INFO  server.RaftServerConfigKeys (ConfUtils.java:logGet(62)) - raft.server.log.appender.buffer.byte-limit = 33554432 (custom)
2025-09-07 09:44:05,324 [7c7182dc-ac7f-44a8-b1d4-5d10f99cbcf2-groupManagement] INFO  segmented.SegmentedRaftLogWorker (SegmentedRaftLogWorker.java:lambda$new$0(141)) - 7c7182dc-ac7f-44a8-b1d4-5d10f99cbcf2@group-9E511D2458D0-SegmentedRaftLogWorker: safeCacheEvictIndex: setUnconditionally 0 -> -1
2025-09-07 09:44:05,326 [7c7182dc-ac7f-44a8-b1d4-5d10f99cbcf2-groupManagement] INFO  server.RaftServer$Division (RaftServerImpl.java:start(405)) - 7c7182dc-ac7f-44a8-b1d4-5d10f99cbcf2@group-9E511D2458D0: start as a follower, conf=conf: {index: -1, cur=peers:[90a60b70-6b91-4fb2-a612-7ac0b6911dfc|127.0.0.1:15047, e6e13cb3-e32b-4d2d-874a-1e4700c67398|127.0.0.1:15055, 7c7182dc-ac7f-44a8-b1d4-5d10f99cbcf2|127.0.0.1:15039]|listeners:[], old=null}
2025-09-07 09:44:05,326 [7c7182dc-ac7f-44a8-b1d4-5d10f99cbcf2-groupManagement] INFO  server.RaftServer$Division (RaftServerImpl.java:setRole(392)) - 7c7182dc-ac7f-44a8-b1d4-5d10f99cbcf2@group-9E511D2458D0: changes role from      null to FOLLOWER at term 0 for startAsFollower
2025-09-07 09:44:05,326 [7c7182dc-ac7f-44a8-b1d4-5d10f99cbcf2-groupManagement] INFO  impl.RoleInfo (RoleInfo.java:updateAndGet(148)) - 7c7182dc-ac7f-44a8-b1d4-5d10f99cbcf2: start 7c7182dc-ac7f-44a8-b1d4-5d10f99cbcf2@group-9E511D2458D0-FollowerState
2025-09-07 09:44:05,329 [7c7182dc-ac7f-44a8-b1d4-5d10f99cbcf2-groupManagement] INFO  util.JmxRegister (JmxRegister.java:tryRegister(44)) - Successfully registered JMX Bean with object name Ratis:service=RaftServer,group=group-9E511D2458D0,id=7c7182dc-ac7f-44a8-b1d4-5d10f99cbcf2
2025-09-07 09:44:05,329 [7c7182dc-ac7f-44a8-b1d4-5d10f99cbcf2-groupManagement] INFO  util.JmxRegister (JmxRegister.java:register(58)) - register mxBean class org.apache.ratis.server.impl.RaftServerJmxAdapter as Ratis:service=RaftServer,group=group-9E511D2458D0,id=7c7182dc-ac7f-44a8-b1d4-5d10f99cbcf2
2025-09-07 09:44:05,331 [90a60b70-6b91-4fb2-a612-7ac0b6911dfc-groupManagement] INFO  server.RaftServerConfigKeys (ConfUtils.java:logGet(62)) - raft.server.log.segment.size.max = 67108864 (custom)
2025-09-07 09:44:05,332 [90a60b70-6b91-4fb2-a612-7ac0b6911dfc-groupManagement] INFO  server.RaftServerConfigKeys (ConfUtils.java:logGet(62)) - raft.server.log.appender.buffer.byte-limit = 33554432 (custom)
2025-09-07 09:44:05,332 [7c7182dc-ac7f-44a8-b1d4-5d10f99cbcf2-groupManagement] INFO  server.RaftServer$Division (RaftServerImpl.java:start(419)) - 7c7182dc-ac7f-44a8-b1d4-5d10f99cbcf2@group-9E511D2458D0: Successfully started.
2025-09-07 09:44:05,333 [7c7182dc-ac7f-44a8-b1d4-5d10f99cbcf2-PipelineCommandHandlerThread-0] INFO  ratis.XceiverServerRatis (XceiverServerRatis.java:addGroup(846)) - Created group Pipeline-d8d7c1c9-dd4a-4c6e-b9b0-9e511d2458d0
2025-09-07 09:44:05,333 [90a60b70-6b91-4fb2-a612-7ac0b6911dfc-groupManagement] INFO  util.AwaitToRun (AwaitToRun.java:start(81)) - Thread[#1368,90a60b70-6b91-4fb2-a612-7ac0b6911dfc@group-8AB8E1487AAF-cacheEviction-AwaitToRun,5,main] started
2025-09-07 09:44:05,333 [90a60b70-6b91-4fb2-a612-7ac0b6911dfc-groupManagement] INFO  segmented.SegmentedRaftLogWorker (SegmentedRaftLogWorker.java:<init>(190)) - new 90a60b70-6b91-4fb2-a612-7ac0b6911dfc@group-8AB8E1487AAF-SegmentedRaftLogWorker for RaftStorageImpl:Storage Directory /home/runner/work/ozone/ozone/hadoop-ozone/integration-test/target/test-dir/MiniOzoneClusterImpl-023d5a78-e64c-43f3-a4d9-6f7884931d6c/ozone-metadata/datanode-5/ratis/290201cc-74e0-4698-a1ce-8ab8e1487aaf
2025-09-07 09:44:05,333 [90a60b70-6b91-4fb2-a612-7ac0b6911dfc-groupManagement] INFO  server.RaftServerConfigKeys (ConfUtils.java:logGet(62)) - raft.server.log.queue.byte-limit = 4294967296 (custom)
2025-09-07 09:44:05,333 [90a60b70-6b91-4fb2-a612-7ac0b6911dfc-groupManagement] INFO  server.RaftServerConfigKeys (ConfUtils.java:logGet(62)) - raft.server.log.segment.size.max = 67108864 (custom)
2025-09-07 09:44:05,333 [90a60b70-6b91-4fb2-a612-7ac0b6911dfc-groupManagement] INFO  server.RaftServerConfigKeys (ConfUtils.java:logGet(62)) - raft.server.log.preallocated.size = 4194304 (custom)
2025-09-07 09:44:05,333 [90a60b70-6b91-4fb2-a612-7ac0b6911dfc-groupManagement] INFO  server.RaftServerConfigKeys (ConfUtils.java:logGet(62)) - raft.server.log.write.buffer.size = 33554440 (custom)
2025-09-07 09:44:05,335 [EventQueue-PipelineReportForPipelineReportHandler] INFO  pipeline.PipelineReportHandler (PipelineReportHandler.java:processPipelineReport(134)) - Opened pipeline Pipeline-290201cc-74e0-4698-a1ce-8ab8e1487aaf
2025-09-07 09:44:05,336 [ff2509eb-55dd-4ad3-b532-83d6209e1a92@group-8F87D7C2BFC6-FollowerState] INFO  impl.FollowerState (FollowerState.java:runImpl(161)) - ff2509eb-55dd-4ad3-b532-83d6209e1a92@group-8F87D7C2BFC6-FollowerState: change to CANDIDATE, lastRpcElapsedTime:1126397111ns, electionTimeout:1123ms
2025-09-07 09:44:05,336 [ff2509eb-55dd-4ad3-b532-83d6209e1a92@group-8F87D7C2BFC6-FollowerState] INFO  impl.RoleInfo (RoleInfo.java:shutdownFollowerState(121)) - ff2509eb-55dd-4ad3-b532-83d6209e1a92: shutdown ff2509eb-55dd-4ad3-b532-83d6209e1a92@group-8F87D7C2BFC6-FollowerState
2025-09-07 09:44:05,336 [ff2509eb-55dd-4ad3-b532-83d6209e1a92@group-8F87D7C2BFC6-FollowerState] INFO  server.RaftServer$Division (RaftServerImpl.java:setRole(392)) - ff2509eb-55dd-4ad3-b532-83d6209e1a92@group-8F87D7C2BFC6: changes role from  FOLLOWER to CANDIDATE at term 0 for changeToCandidate
2025-09-07 09:44:05,336 [ff2509eb-55dd-4ad3-b532-83d6209e1a92@group-8F87D7C2BFC6-FollowerState] INFO  impl.RoleInfo (RoleInfo.java:updateAndGet(148)) - ff2509eb-55dd-4ad3-b532-83d6209e1a92: start ff2509eb-55dd-4ad3-b532-83d6209e1a92@group-8F87D7C2BFC6-LeaderElection10
2025-09-07 09:44:05,337 [ff2509eb-55dd-4ad3-b532-83d6209e1a92@group-8F87D7C2BFC6-LeaderElection10] INFO  impl.LeaderElection (LeaderElection.java:askForVotes(448)) - ff2509eb-55dd-4ad3-b532-83d6209e1a92@group-8F87D7C2BFC6-LeaderElection10 PRE_VOTE round 0: submit vote requests at term 0 for conf: {index: -1, cur=peers:[ff2509eb-55dd-4ad3-b532-83d6209e1a92|127.0.0.1:15015]|listeners:[], old=null}
2025-09-07 09:44:05,337 [ff2509eb-55dd-4ad3-b532-83d6209e1a92@group-8F87D7C2BFC6-LeaderElection10] INFO  impl.LeaderElection (LeaderElection.java:askForVotes(450)) - ff2509eb-55dd-4ad3-b532-83d6209e1a92@group-8F87D7C2BFC6-LeaderElection10 PRE_VOTE round 0: result PASSED (term=0)
2025-09-07 09:44:05,341 [ff2509eb-55dd-4ad3-b532-83d6209e1a92@group-8F87D7C2BFC6-LeaderElection10] INFO  impl.LeaderElection (LeaderElection.java:askForVotes(448)) - ff2509eb-55dd-4ad3-b532-83d6209e1a92@group-8F87D7C2BFC6-LeaderElection10 ELECTION round 0: submit vote requests at term 1 for conf: {index: -1, cur=peers:[ff2509eb-55dd-4ad3-b532-83d6209e1a92|127.0.0.1:15015]|listeners:[], old=null}
2025-09-07 09:44:05,341 [ff2509eb-55dd-4ad3-b532-83d6209e1a92@group-8F87D7C2BFC6-LeaderElection10] INFO  impl.LeaderElection (LeaderElection.java:askForVotes(450)) - ff2509eb-55dd-4ad3-b532-83d6209e1a92@group-8F87D7C2BFC6-LeaderElection10 ELECTION round 0: result PASSED (term=1)
2025-09-07 09:44:05,341 [ff2509eb-55dd-4ad3-b532-83d6209e1a92@group-8F87D7C2BFC6-LeaderElection10] INFO  impl.RoleInfo (RoleInfo.java:shutdownLeaderElection(141)) - ff2509eb-55dd-4ad3-b532-83d6209e1a92: shutdown ff2509eb-55dd-4ad3-b532-83d6209e1a92@group-8F87D7C2BFC6-LeaderElection10
2025-09-07 09:44:05,341 [ff2509eb-55dd-4ad3-b532-83d6209e1a92@group-8F87D7C2BFC6-LeaderElection10] INFO  server.RaftServer$Division (RaftServerImpl.java:setRole(392)) - ff2509eb-55dd-4ad3-b532-83d6209e1a92@group-8F87D7C2BFC6: changes role from CANDIDATE to LEADER at term 1 for changeToLeader
2025-09-07 09:44:05,341 [ff2509eb-55dd-4ad3-b532-83d6209e1a92@group-8F87D7C2BFC6-LeaderElection10] INFO  server.RaftServerConfigKeys (ConfUtils.java:logFallback(69)) - raft.server.staging.timeout = 3600ms (fallback to raft.server.rpc.timeout.max)
2025-09-07 09:44:05,341 [ff2509eb-55dd-4ad3-b532-83d6209e1a92@group-8F87D7C2BFC6-LeaderElection10] INFO  server.RaftServerConfigKeys (ConfUtils.java:logGet(62)) - raft.server.write.byte-limit = 1024 M (=1073741824) (custom)
2025-09-07 09:44:05,342 [ff2509eb-55dd-4ad3-b532-83d6209e1a92@group-8F87D7C2BFC6-LeaderElection10] INFO  impl.RoleInfo (RoleInfo.java:updateAndGet(148)) - ff2509eb-55dd-4ad3-b532-83d6209e1a92: start ff2509eb-55dd-4ad3-b532-83d6209e1a92@group-8F87D7C2BFC6-LeaderStateImpl
2025-09-07 09:44:05,342 [ff2509eb-55dd-4ad3-b532-83d6209e1a92@group-8F87D7C2BFC6-LeaderElection10] INFO  server.RaftServer$Division (RaftServerImpl.java:setFirstElection(576)) - ff2509eb-55dd-4ad3-b532-83d6209e1a92@group-8F87D7C2BFC6: set firstElectionSinceStartup to false for becomeLeader
2025-09-07 09:44:05,342 [ff2509eb-55dd-4ad3-b532-83d6209e1a92@group-8F87D7C2BFC6-LeaderElection10] INFO  ratis.XceiverServerRatis (XceiverServerRatis.java:handleLeaderChangedNotification(947)) - Leader change notification received for group: group-8F87D7C2BFC6 with new leaderId: ff2509eb-55dd-4ad3-b532-83d6209e1a92
2025-09-07 09:44:05,343 [ff2509eb-55dd-4ad3-b532-83d6209e1a92@group-8F87D7C2BFC6-LeaderElection10] INFO  server.RaftServer$Division (ServerState.java:setLeader(272)) - ff2509eb-55dd-4ad3-b532-83d6209e1a92@group-8F87D7C2BFC6: change Leader from null to ff2509eb-55dd-4ad3-b532-83d6209e1a92 at term 1 for becomeLeader, leader elected after 1158ms
2025-09-07 09:44:05,343 [ff2509eb-55dd-4ad3-b532-83d6209e1a92@group-8F87D7C2BFC6-LeaderElection10] INFO  segmented.SegmentedRaftLogWorker (SegmentedRaftLogWorker.java:startLogSegment(440)) - ff2509eb-55dd-4ad3-b532-83d6209e1a92@group-8F87D7C2BFC6-SegmentedRaftLogWorker: Starting segment from index:0
2025-09-07 09:44:05,344 [ff2509eb-55dd-4ad3-b532-83d6209e1a92@group-8F87D7C2BFC6-SegmentedRaftLogWorker] INFO  segmented.BufferedWriteChannel (BufferedWriteChannel.java:open(61)) - open log_inprogress_0 at position 0
2025-09-07 09:44:05,348 [90a60b70-6b91-4fb2-a612-7ac0b6911dfc-groupManagement] INFO  server.RaftServerConfigKeys (ConfUtils.java:logGet(62)) - raft.server.log.appender.buffer.byte-limit = 33554432 (custom)
2025-09-07 09:44:05,349 [90a60b70-6b91-4fb2-a612-7ac0b6911dfc-groupManagement] INFO  segmented.SegmentedRaftLogWorker (SegmentedRaftLogWorker.java:lambda$new$0(141)) - 90a60b70-6b91-4fb2-a612-7ac0b6911dfc@group-8AB8E1487AAF-SegmentedRaftLogWorker: flushIndex: setUnconditionally 0 -> -1
2025-09-07 09:44:05,349 [90a60b70-6b91-4fb2-a612-7ac0b6911dfc-groupManagement] INFO  segmented.SegmentedRaftLogWorker (SegmentedRaftLogWorker.java:lambda$new$0(141)) - 90a60b70-6b91-4fb2-a612-7ac0b6911dfc@group-8AB8E1487AAF-SegmentedRaftLogWorker: safeCacheEvictIndex: setUnconditionally 0 -> -1
2025-09-07 09:44:05,350 [90a60b70-6b91-4fb2-a612-7ac0b6911dfc-groupManagement] INFO  server.RaftServer$Division (RaftServerImpl.java:start(405)) - 90a60b70-6b91-4fb2-a612-7ac0b6911dfc@group-8AB8E1487AAF: start as a follower, conf=conf: {index: -1, cur=peers:[90a60b70-6b91-4fb2-a612-7ac0b6911dfc|127.0.0.1:15047]|listeners:[], old=null}
2025-09-07 09:44:05,351 [90a60b70-6b91-4fb2-a612-7ac0b6911dfc-groupManagement] INFO  server.RaftServer$Division (RaftServerImpl.java:setRole(392)) - 90a60b70-6b91-4fb2-a612-7ac0b6911dfc@group-8AB8E1487AAF: changes role from      null to FOLLOWER at term 0 for startAsFollower
2025-09-07 09:44:05,351 [90a60b70-6b91-4fb2-a612-7ac0b6911dfc-groupManagement] INFO  impl.RoleInfo (RoleInfo.java:updateAndGet(148)) - 90a60b70-6b91-4fb2-a612-7ac0b6911dfc: start 90a60b70-6b91-4fb2-a612-7ac0b6911dfc@group-8AB8E1487AAF-FollowerState
2025-09-07 09:44:05,351 [90a60b70-6b91-4fb2-a612-7ac0b6911dfc-groupManagement] INFO  util.JmxRegister (JmxRegister.java:tryRegister(44)) - Successfully registered JMX Bean with object name Ratis:service=RaftServer,group=group-8AB8E1487AAF,id=90a60b70-6b91-4fb2-a612-7ac0b6911dfc
2025-09-07 09:44:05,351 [90a60b70-6b91-4fb2-a612-7ac0b6911dfc-groupManagement] INFO  util.JmxRegister (JmxRegister.java:register(58)) - register mxBean class org.apache.ratis.server.impl.RaftServerJmxAdapter as Ratis:service=RaftServer,group=group-8AB8E1487AAF,id=90a60b70-6b91-4fb2-a612-7ac0b6911dfc
2025-09-07 09:44:05,352 [ff2509eb-55dd-4ad3-b532-83d6209e1a92@group-8F87D7C2BFC6-LeaderElection10] INFO  server.RaftServer$Division (ServerState.java:setRaftConf(386)) - ff2509eb-55dd-4ad3-b532-83d6209e1a92@group-8F87D7C2BFC6: set configuration conf: {index: 0, cur=peers:[ff2509eb-55dd-4ad3-b532-83d6209e1a92|127.0.0.1:15015]|listeners:[], old=null}
2025-09-07 09:44:05,356 [90a60b70-6b91-4fb2-a612-7ac0b6911dfc-groupManagement] INFO  server.RaftServer$Division (RaftServerImpl.java:start(419)) - 90a60b70-6b91-4fb2-a612-7ac0b6911dfc@group-8AB8E1487AAF: Successfully started.
2025-09-07 09:44:05,356 [90a60b70-6b91-4fb2-a612-7ac0b6911dfc-PipelineCommandHandlerThread-0] INFO  ratis.XceiverServerRatis (XceiverServerRatis.java:addGroup(846)) - Created group Pipeline-290201cc-74e0-4698-a1ce-8ab8e1487aaf
2025-09-07 09:44:05,357 [90a60b70-6b91-4fb2-a612-7ac0b6911dfc-PipelineCommandHandlerThread-0] INFO  commandhandler.CreatePipelineCommandHandler (CreatePipelineCommandHandler.java:lambda$handle$2(127)) - Created Pipeline RATIS ONE Pipeline-290201cc-74e0-4698-a1ce-8ab8e1487aaf.
2025-09-07 09:44:05,357 [90a60b70-6b91-4fb2-a612-7ac0b6911dfc-PipelineCommandHandlerThread-0] INFO  server.RaftServer (RaftServerProxy.java:addNew(105)) - 90a60b70-6b91-4fb2-a612-7ac0b6911dfc: addNew group-9E511D2458D0:[90a60b70-6b91-4fb2-a612-7ac0b6911dfc|127.0.0.1:15047, e6e13cb3-e32b-4d2d-874a-1e4700c67398|127.0.0.1:15055, 7c7182dc-ac7f-44a8-b1d4-5d10f99cbcf2|127.0.0.1:15039] returns group-9E511D2458D0:java.util.concurrent.CompletableFuture@301a1254[Not completed]
2025-09-07 09:44:05,358 [grpc-default-executor-0] WARN  server.GrpcAdminProtocolService (GrpcAdminProtocolService.java:lambda$groupManagement$1(53)) - Failed groupManagement: GROUPADD, GroupManagementRequest:client-A463C0E69261->90a60b70-6b91-4fb2-a612-7ac0b6911dfc@group-9E511D2458D0, cid=15, seq=null, RW, null, Add:group-9E511D2458D0:[90a60b70-6b91-4fb2-a612-7ac0b6911dfc|127.0.0.1:15047, e6e13cb3-e32b-4d2d-874a-1e4700c67398|127.0.0.1:15055, 7c7182dc-ac7f-44a8-b1d4-5d10f99cbcf2|127.0.0.1:15039]
java.util.concurrent.CompletionException: org.apache.ratis.protocol.exceptions.AlreadyExistsException: 90a60b70-6b91-4fb2-a612-7ac0b6911dfc: Failed to add group-9E511D2458D0:[90a60b70-6b91-4fb2-a612-7ac0b6911dfc|127.0.0.1:15047, e6e13cb3-e32b-4d2d-874a-1e4700c67398|127.0.0.1:15055, 7c7182dc-ac7f-44a8-b1d4-5d10f99cbcf2|127.0.0.1:15039] since the group already exists in the map.
	at java.base/java.util.concurrent.CompletableFuture.encodeThrowable(CompletableFuture.java:332)
	at java.base/java.util.concurrent.CompletableFuture.uniApplyNow(CompletableFuture.java:674)
	at java.base/java.util.concurrent.CompletableFuture.uniApplyStage(CompletableFuture.java:662)
	at java.base/java.util.concurrent.CompletableFuture.thenApplyAsync(CompletableFuture.java:2210)
	at org.apache.ratis.server.impl.RaftServerProxy.groupAddAsync(RaftServerProxy.java:513)
	at org.apache.ratis.server.impl.RaftServerProxy.groupManagementAsync(RaftServerProxy.java:495)
	at org.apache.ratis.grpc.server.GrpcAdminProtocolService.lambda$groupManagement$0(GrpcAdminProtocolService.java:51)
	at org.apache.ratis.grpc.GrpcUtil.asyncCall(GrpcUtil.java:172)
	at org.apache.ratis.grpc.server.GrpcAdminProtocolService.groupManagement(GrpcAdminProtocolService.java:51)
	at org.apache.ratis.proto.grpc.AdminProtocolServiceGrpc$MethodHandlers.invoke(AdminProtocolServiceGrpc.java:701)
	at org.apache.ratis.thirdparty.io.grpc.stub.ServerCalls$UnaryServerCallHandler$UnaryServerCallListener.onHalfClose(ServerCalls.java:182)
	at org.apache.ratis.thirdparty.io.grpc.internal.ServerCallImpl$ServerStreamListenerImpl.halfClosed(ServerCallImpl.java:356)
	at org.apache.ratis.thirdparty.io.grpc.internal.ServerImpl$JumpToApplicationThreadServerStreamListener$1HalfClosed.runInContext(ServerImpl.java:861)
	at org.apache.ratis.thirdparty.io.grpc.internal.ContextRunnable.run(ContextRunnable.java:37)
	at org.apache.ratis.thirdparty.io.grpc.internal.SerializingExecutor.run(SerializingExecutor.java:133)
	at java.base/java.util.concurrent.ThreadPoolExecutor.runWorker(ThreadPoolExecutor.java:1144)
	at java.base/java.util.concurrent.ThreadPoolExecutor$Worker.run(ThreadPoolExecutor.java:642)
	at java.base/java.lang.Thread.run(Thread.java:1583)
Caused by: org.apache.ratis.protocol.exceptions.AlreadyExistsException: 90a60b70-6b91-4fb2-a612-7ac0b6911dfc: Failed to add group-9E511D2458D0:[90a60b70-6b91-4fb2-a612-7ac0b6911dfc|127.0.0.1:15047, e6e13cb3-e32b-4d2d-874a-1e4700c67398|127.0.0.1:15055, 7c7182dc-ac7f-44a8-b1d4-5d10f99cbcf2|127.0.0.1:15039] since the group already exists in the map.
	at org.apache.ratis.server.impl.RaftServerProxy$ImplMap.addNew(RaftServerProxy.java:99)
	at org.apache.ratis.server.impl.RaftServerProxy.groupAddAsync(RaftServerProxy.java:512)
	... 13 more
2025-09-07 09:44:05,365 [ff2509eb-55dd-4ad3-b532-83d6209e1a92@group-8F87D7C2BFC6-SegmentedRaftLogWorker] INFO  segmented.SegmentedRaftLogWorker (SegmentedRaftLogWorker.java:execute(647)) - ff2509eb-55dd-4ad3-b532-83d6209e1a92@group-8F87D7C2BFC6-SegmentedRaftLogWorker: created new log segment /home/runner/work/ozone/ozone/hadoop-ozone/integration-test/target/test-dir/MiniOzoneClusterImpl-023d5a78-e64c-43f3-a4d9-6f7884931d6c/ozone-metadata/datanode-1/ratis/84ca9d0f-7cf9-4c2b-a636-8f87d7c2bfc6/current/log_inprogress_0
2025-09-07 09:44:05,370 [ff2509eb-55dd-4ad3-b532-83d6209e1a92@group-8F87D7C2BFC6-StateMachineUpdater] INFO  server.RaftServer$Division (LeaderStateImpl.java:checkStartIndex(309)) - Leader ff2509eb-55dd-4ad3-b532-83d6209e1a92@group-8F87D7C2BFC6-LeaderStateImpl is ready since appliedIndex == startIndex == 0
2025-09-07 09:44:05,378 [grpc-default-executor-0] INFO  server.RaftServer (RaftServerProxy.java:addNew(105)) - e6e13cb3-e32b-4d2d-874a-1e4700c67398: addNew group-9E511D2458D0:[90a60b70-6b91-4fb2-a612-7ac0b6911dfc|127.0.0.1:15047, e6e13cb3-e32b-4d2d-874a-1e4700c67398|127.0.0.1:15055, 7c7182dc-ac7f-44a8-b1d4-5d10f99cbcf2|127.0.0.1:15039] returns group-9E511D2458D0:java.util.concurrent.CompletableFuture@58199ae7[Not completed]
2025-09-07 09:44:05,401 [90a60b70-6b91-4fb2-a612-7ac0b6911dfc-groupManagement] INFO  server.RaftServer$Division (RaftServerImpl.java:<init>(268)) - 90a60b70-6b91-4fb2-a612-7ac0b6911dfc: new RaftServerImpl for group-9E511D2458D0:[90a60b70-6b91-4fb2-a612-7ac0b6911dfc|127.0.0.1:15047, e6e13cb3-e32b-4d2d-874a-1e4700c67398|127.0.0.1:15055, 7c7182dc-ac7f-44a8-b1d4-5d10f99cbcf2|127.0.0.1:15039] with ContainerStateMachine:uninitialized
2025-09-07 09:44:05,401 [90a60b70-6b91-4fb2-a612-7ac0b6911dfc-groupManagement] INFO  server.RaftServer$Division (ServerState.java:<init>(114)) - 90a60b70-6b91-4fb2-a612-7ac0b6911dfc@group-9E511D2458D0: ConfigurationManager, init=conf: {index: -1, cur=peers:[90a60b70-6b91-4fb2-a612-7ac0b6911dfc|127.0.0.1:15047, e6e13cb3-e32b-4d2d-874a-1e4700c67398|127.0.0.1:15055, 7c7182dc-ac7f-44a8-b1d4-5d10f99cbcf2|127.0.0.1:15039]|listeners:[], old=null}, confs=<EMPTY_MAP>
2025-09-07 09:44:05,403 [e6e13cb3-e32b-4d2d-874a-1e4700c67398-groupManagement] INFO  server.RaftServer$Division (RaftServerImpl.java:<init>(268)) - e6e13cb3-e32b-4d2d-874a-1e4700c67398: new RaftServerImpl for group-9E511D2458D0:[90a60b70-6b91-4fb2-a612-7ac0b6911dfc|127.0.0.1:15047, e6e13cb3-e32b-4d2d-874a-1e4700c67398|127.0.0.1:15055, 7c7182dc-ac7f-44a8-b1d4-5d10f99cbcf2|127.0.0.1:15039] with ContainerStateMachine:uninitialized
2025-09-07 09:44:05,403 [e6e13cb3-e32b-4d2d-874a-1e4700c67398-groupManagement] INFO  server.RaftServer$Division (ServerState.java:<init>(114)) - e6e13cb3-e32b-4d2d-874a-1e4700c67398@group-9E511D2458D0: ConfigurationManager, init=conf: {index: -1, cur=peers:[90a60b70-6b91-4fb2-a612-7ac0b6911dfc|127.0.0.1:15047, e6e13cb3-e32b-4d2d-874a-1e4700c67398|127.0.0.1:15055, 7c7182dc-ac7f-44a8-b1d4-5d10f99cbcf2|127.0.0.1:15039]|listeners:[], old=null}, confs=<EMPTY_MAP>
2025-09-07 09:44:05,416 [90a60b70-6b91-4fb2-a612-7ac0b6911dfc-groupManagement] INFO  storage.RaftStorageDirectory (RaftStorageDirectoryImpl.java:analyzeStorage(138)) - The storage directory /home/runner/work/ozone/ozone/hadoop-ozone/integration-test/target/test-dir/MiniOzoneClusterImpl-023d5a78-e64c-43f3-a4d9-6f7884931d6c/ozone-metadata/datanode-5/ratis/d8d7c1c9-dd4a-4c6e-b9b0-9e511d2458d0 does not exist. Creating ...
2025-09-07 09:44:05,421 [90a60b70-6b91-4fb2-a612-7ac0b6911dfc-groupManagement] INFO  storage.RaftStorageDirectory (RaftStorageDirectoryImpl.java:tryLock(229)) - Lock on /home/runner/work/ozone/ozone/hadoop-ozone/integration-test/target/test-dir/MiniOzoneClusterImpl-023d5a78-e64c-43f3-a4d9-6f7884931d6c/ozone-metadata/datanode-5/ratis/d8d7c1c9-dd4a-4c6e-b9b0-9e511d2458d0/in_use.lock acquired by nodename 23079@localhost
2025-09-07 09:44:05,422 [e6e13cb3-e32b-4d2d-874a-1e4700c67398-groupManagement] INFO  server.RaftServerConfigKeys (ConfUtils.java:logGet(62)) - raft.server.storage.dir = [/home/runner/work/ozone/ozone/hadoop-ozone/integration-test/target/test-dir/MiniOzoneClusterImpl-023d5a78-e64c-43f3-a4d9-6f7884931d6c/ozone-metadata/datanode-6/ratis] (custom)
2025-09-07 09:44:05,424 [e6e13cb3-e32b-4d2d-874a-1e4700c67398-groupManagement] INFO  storage.RaftStorageDirectory (RaftStorageDirectoryImpl.java:analyzeStorage(138)) - The storage directory /home/runner/work/ozone/ozone/hadoop-ozone/integration-test/target/test-dir/MiniOzoneClusterImpl-023d5a78-e64c-43f3-a4d9-6f7884931d6c/ozone-metadata/datanode-6/ratis/d8d7c1c9-dd4a-4c6e-b9b0-9e511d2458d0 does not exist. Creating ...
2025-09-07 09:44:05,426 [e6e13cb3-e32b-4d2d-874a-1e4700c67398-groupManagement] INFO  storage.RaftStorageDirectory (RaftStorageDirectoryImpl.java:tryLock(229)) - Lock on /home/runner/work/ozone/ozone/hadoop-ozone/integration-test/target/test-dir/MiniOzoneClusterImpl-023d5a78-e64c-43f3-a4d9-6f7884931d6c/ozone-metadata/datanode-6/ratis/d8d7c1c9-dd4a-4c6e-b9b0-9e511d2458d0/in_use.lock acquired by nodename 23079@localhost
2025-09-07 09:44:05,426 [90a60b70-6b91-4fb2-a612-7ac0b6911dfc-groupManagement] INFO  storage.RaftStorage (RaftStorageImpl.java:format(98)) - Storage directory /home/runner/work/ozone/ozone/hadoop-ozone/integration-test/target/test-dir/MiniOzoneClusterImpl-023d5a78-e64c-43f3-a4d9-6f7884931d6c/ozone-metadata/datanode-5/ratis/d8d7c1c9-dd4a-4c6e-b9b0-9e511d2458d0 has been successfully formatted.
2025-09-07 09:44:05,428 [90a60b70-6b91-4fb2-a612-7ac0b6911dfc-groupManagement] INFO  ratis.ContainerStateMachine (ContainerStateMachine.java:initialize(339)) - 90a60b70-6b91-4fb2-a612-7ac0b6911dfc: initialize group-9E511D2458D0
2025-09-07 09:44:05,429 [90a60b70-6b91-4fb2-a612-7ac0b6911dfc-groupManagement] INFO  ratis.ContainerStateMachine (ContainerStateMachine.java:loadSnapshot(347)) - group-9E511D2458D0: The snapshot info is null. Setting the last applied index to:<INITIAL_VALUE>
2025-09-07 09:44:05,429 [90a60b70-6b91-4fb2-a612-7ac0b6911dfc-groupManagement] INFO  server.RaftServerConfigKeys (ConfUtils.java:logGet(62)) - raft.server.log.appender.buffer.byte-limit = 33554432 (custom)
2025-09-07 09:44:05,429 [e6e13cb3-e32b-4d2d-874a-1e4700c67398-groupManagement] INFO  storage.RaftStorage (RaftStorageImpl.java:format(98)) - Storage directory /home/runner/work/ozone/ozone/hadoop-ozone/integration-test/target/test-dir/MiniOzoneClusterImpl-023d5a78-e64c-43f3-a4d9-6f7884931d6c/ozone-metadata/datanode-6/ratis/d8d7c1c9-dd4a-4c6e-b9b0-9e511d2458d0 has been successfully formatted.
2025-09-07 09:44:05,431 [e6e13cb3-e32b-4d2d-874a-1e4700c67398-groupManagement] INFO  ratis.ContainerStateMachine (ContainerStateMachine.java:initialize(339)) - e6e13cb3-e32b-4d2d-874a-1e4700c67398: initialize group-9E511D2458D0
2025-09-07 09:44:05,431 [e6e13cb3-e32b-4d2d-874a-1e4700c67398-groupManagement] INFO  ratis.ContainerStateMachine (ContainerStateMachine.java:loadSnapshot(347)) - group-9E511D2458D0: The snapshot info is null. Setting the last applied index to:<INITIAL_VALUE>
2025-09-07 09:44:05,431 [e6e13cb3-e32b-4d2d-874a-1e4700c67398-groupManagement] INFO  server.RaftServerConfigKeys (ConfUtils.java:logGet(62)) - raft.server.log.appender.buffer.byte-limit = 33554432 (custom)
2025-09-07 09:44:05,437 [e6e13cb3-e32b-4d2d-874a-1e4700c67398-groupManagement] INFO  server.RaftServerConfigKeys (ConfUtils.java:logGet(62)) - raft.server.log.segment.size.max = 67108864 (custom)
2025-09-07 09:44:05,438 [90a60b70-6b91-4fb2-a612-7ac0b6911dfc-groupManagement] INFO  server.RaftServerConfigKeys (ConfUtils.java:logGet(62)) - raft.server.log.segment.size.max = 67108864 (custom)
2025-09-07 09:44:05,439 [90a60b70-6b91-4fb2-a612-7ac0b6911dfc-groupManagement] INFO  server.RaftServerConfigKeys (ConfUtils.java:logGet(62)) - raft.server.log.appender.buffer.byte-limit = 33554432 (custom)
2025-09-07 09:44:05,439 [e6e13cb3-e32b-4d2d-874a-1e4700c67398-groupManagement] INFO  server.RaftServerConfigKeys (ConfUtils.java:logGet(62)) - raft.server.log.appender.buffer.byte-limit = 33554432 (custom)
2025-09-07 09:44:05,441 [90a60b70-6b91-4fb2-a612-7ac0b6911dfc-groupManagement] INFO  util.AwaitToRun (AwaitToRun.java:start(81)) - Thread[#1377,90a60b70-6b91-4fb2-a612-7ac0b6911dfc@group-9E511D2458D0-cacheEviction-AwaitToRun,5,main] started
2025-09-07 09:44:05,441 [90a60b70-6b91-4fb2-a612-7ac0b6911dfc-groupManagement] INFO  segmented.SegmentedRaftLogWorker (SegmentedRaftLogWorker.java:<init>(190)) - new 90a60b70-6b91-4fb2-a612-7ac0b6911dfc@group-9E511D2458D0-SegmentedRaftLogWorker for RaftStorageImpl:Storage Directory /home/runner/work/ozone/ozone/hadoop-ozone/integration-test/target/test-dir/MiniOzoneClusterImpl-023d5a78-e64c-43f3-a4d9-6f7884931d6c/ozone-metadata/datanode-5/ratis/d8d7c1c9-dd4a-4c6e-b9b0-9e511d2458d0
2025-09-07 09:44:05,441 [90a60b70-6b91-4fb2-a612-7ac0b6911dfc-groupManagement] INFO  server.RaftServerConfigKeys (ConfUtils.java:logGet(62)) - raft.server.log.queue.byte-limit = 4294967296 (custom)
2025-09-07 09:44:05,441 [90a60b70-6b91-4fb2-a612-7ac0b6911dfc-groupManagement] INFO  server.RaftServerConfigKeys (ConfUtils.java:logGet(62)) - raft.server.log.segment.size.max = 67108864 (custom)
2025-09-07 09:44:05,441 [90a60b70-6b91-4fb2-a612-7ac0b6911dfc-groupManagement] INFO  server.RaftServerConfigKeys (ConfUtils.java:logGet(62)) - raft.server.log.preallocated.size = 4194304 (custom)
2025-09-07 09:44:05,442 [90a60b70-6b91-4fb2-a612-7ac0b6911dfc-groupManagement] INFO  server.RaftServerConfigKeys (ConfUtils.java:logGet(62)) - raft.server.log.write.buffer.size = 33554440 (custom)
2025-09-07 09:44:05,443 [e6e13cb3-e32b-4d2d-874a-1e4700c67398-groupManagement] INFO  util.AwaitToRun (AwaitToRun.java:start(81)) - Thread[#1378,e6e13cb3-e32b-4d2d-874a-1e4700c67398@group-9E511D2458D0-cacheEviction-AwaitToRun,5,main] started
2025-09-07 09:44:05,443 [e6e13cb3-e32b-4d2d-874a-1e4700c67398-groupManagement] INFO  segmented.SegmentedRaftLogWorker (SegmentedRaftLogWorker.java:<init>(190)) - new e6e13cb3-e32b-4d2d-874a-1e4700c67398@group-9E511D2458D0-SegmentedRaftLogWorker for RaftStorageImpl:Storage Directory /home/runner/work/ozone/ozone/hadoop-ozone/integration-test/target/test-dir/MiniOzoneClusterImpl-023d5a78-e64c-43f3-a4d9-6f7884931d6c/ozone-metadata/datanode-6/ratis/d8d7c1c9-dd4a-4c6e-b9b0-9e511d2458d0
2025-09-07 09:44:05,443 [e6e13cb3-e32b-4d2d-874a-1e4700c67398-groupManagement] INFO  server.RaftServerConfigKeys (ConfUtils.java:logGet(62)) - raft.server.log.queue.byte-limit = 4294967296 (custom)
2025-09-07 09:44:05,443 [e6e13cb3-e32b-4d2d-874a-1e4700c67398-groupManagement] INFO  server.RaftServerConfigKeys (ConfUtils.java:logGet(62)) - raft.server.log.segment.size.max = 67108864 (custom)
2025-09-07 09:44:05,443 [e6e13cb3-e32b-4d2d-874a-1e4700c67398-groupManagement] INFO  server.RaftServerConfigKeys (ConfUtils.java:logGet(62)) - raft.server.log.preallocated.size = 4194304 (custom)
2025-09-07 09:44:05,445 [e6e13cb3-e32b-4d2d-874a-1e4700c67398-groupManagement] INFO  server.RaftServerConfigKeys (ConfUtils.java:logGet(62)) - raft.server.log.write.buffer.size = 33554440 (custom)
2025-09-07 09:44:05,457 [90a60b70-6b91-4fb2-a612-7ac0b6911dfc-groupManagement] INFO  server.RaftServerConfigKeys (ConfUtils.java:logGet(62)) - raft.server.log.appender.buffer.byte-limit = 33554432 (custom)
2025-09-07 09:44:05,459 [90a60b70-6b91-4fb2-a612-7ac0b6911dfc-groupManagement] INFO  segmented.SegmentedRaftLogWorker (SegmentedRaftLogWorker.java:lambda$new$0(141)) - 90a60b70-6b91-4fb2-a612-7ac0b6911dfc@group-9E511D2458D0-SegmentedRaftLogWorker: flushIndex: setUnconditionally 0 -> -1
2025-09-07 09:44:05,459 [90a60b70-6b91-4fb2-a612-7ac0b6911dfc-groupManagement] INFO  segmented.SegmentedRaftLogWorker (SegmentedRaftLogWorker.java:lambda$new$0(141)) - 90a60b70-6b91-4fb2-a612-7ac0b6911dfc@group-9E511D2458D0-SegmentedRaftLogWorker: safeCacheEvictIndex: setUnconditionally 0 -> -1
2025-09-07 09:44:05,461 [90a60b70-6b91-4fb2-a612-7ac0b6911dfc-groupManagement] INFO  server.RaftServer$Division (RaftServerImpl.java:start(405)) - 90a60b70-6b91-4fb2-a612-7ac0b6911dfc@group-9E511D2458D0: start as a follower, conf=conf: {index: -1, cur=peers:[90a60b70-6b91-4fb2-a612-7ac0b6911dfc|127.0.0.1:15047, e6e13cb3-e32b-4d2d-874a-1e4700c67398|127.0.0.1:15055, 7c7182dc-ac7f-44a8-b1d4-5d10f99cbcf2|127.0.0.1:15039]|listeners:[], old=null}
2025-09-07 09:44:05,461 [90a60b70-6b91-4fb2-a612-7ac0b6911dfc-groupManagement] INFO  server.RaftServer$Division (RaftServerImpl.java:setRole(392)) - 90a60b70-6b91-4fb2-a612-7ac0b6911dfc@group-9E511D2458D0: changes role from      null to FOLLOWER at term 0 for startAsFollower
2025-09-07 09:44:05,461 [90a60b70-6b91-4fb2-a612-7ac0b6911dfc-groupManagement] INFO  impl.RoleInfo (RoleInfo.java:updateAndGet(148)) - 90a60b70-6b91-4fb2-a612-7ac0b6911dfc: start 90a60b70-6b91-4fb2-a612-7ac0b6911dfc@group-9E511D2458D0-FollowerState
2025-09-07 09:44:05,462 [e6e13cb3-e32b-4d2d-874a-1e4700c67398-groupManagement] INFO  server.RaftServerConfigKeys (ConfUtils.java:logGet(62)) - raft.server.log.appender.buffer.byte-limit = 33554432 (custom)
2025-09-07 09:44:05,462 [e6e13cb3-e32b-4d2d-874a-1e4700c67398-groupManagement] INFO  segmented.SegmentedRaftLogWorker (SegmentedRaftLogWorker.java:lambda$new$0(141)) - e6e13cb3-e32b-4d2d-874a-1e4700c67398@group-9E511D2458D0-SegmentedRaftLogWorker: flushIndex: setUnconditionally 0 -> -1
2025-09-07 09:44:05,462 [e6e13cb3-e32b-4d2d-874a-1e4700c67398-groupManagement] INFO  segmented.SegmentedRaftLogWorker (SegmentedRaftLogWorker.java:lambda$new$0(141)) - e6e13cb3-e32b-4d2d-874a-1e4700c67398@group-9E511D2458D0-SegmentedRaftLogWorker: safeCacheEvictIndex: setUnconditionally 0 -> -1
2025-09-07 09:44:05,463 [90a60b70-6b91-4fb2-a612-7ac0b6911dfc-groupManagement] INFO  util.JmxRegister (JmxRegister.java:tryRegister(44)) - Successfully registered JMX Bean with object name Ratis:service=RaftServer,group=group-9E511D2458D0,id=90a60b70-6b91-4fb2-a612-7ac0b6911dfc
2025-09-07 09:44:05,464 [90a60b70-6b91-4fb2-a612-7ac0b6911dfc-groupManagement] INFO  util.JmxRegister (JmxRegister.java:register(58)) - register mxBean class org.apache.ratis.server.impl.RaftServerJmxAdapter as Ratis:service=RaftServer,group=group-9E511D2458D0,id=90a60b70-6b91-4fb2-a612-7ac0b6911dfc
2025-09-07 09:44:05,465 [e6e13cb3-e32b-4d2d-874a-1e4700c67398-groupManagement] INFO  server.RaftServer$Division (RaftServerImpl.java:start(405)) - e6e13cb3-e32b-4d2d-874a-1e4700c67398@group-9E511D2458D0: start as a follower, conf=conf: {index: -1, cur=peers:[90a60b70-6b91-4fb2-a612-7ac0b6911dfc|127.0.0.1:15047, e6e13cb3-e32b-4d2d-874a-1e4700c67398|127.0.0.1:15055, 7c7182dc-ac7f-44a8-b1d4-5d10f99cbcf2|127.0.0.1:15039]|listeners:[], old=null}
2025-09-07 09:44:05,465 [e6e13cb3-e32b-4d2d-874a-1e4700c67398-groupManagement] INFO  server.RaftServer$Division (RaftServerImpl.java:setRole(392)) - e6e13cb3-e32b-4d2d-874a-1e4700c67398@group-9E511D2458D0: changes role from      null to FOLLOWER at term 0 for startAsFollower
2025-09-07 09:44:05,465 [e6e13cb3-e32b-4d2d-874a-1e4700c67398-groupManagement] INFO  impl.RoleInfo (RoleInfo.java:updateAndGet(148)) - e6e13cb3-e32b-4d2d-874a-1e4700c67398: start e6e13cb3-e32b-4d2d-874a-1e4700c67398@group-9E511D2458D0-FollowerState
2025-09-07 09:44:05,466 [e6e13cb3-e32b-4d2d-874a-1e4700c67398-groupManagement] INFO  util.JmxRegister (JmxRegister.java:tryRegister(44)) - Successfully registered JMX Bean with object name Ratis:service=RaftServer,group=group-9E511D2458D0,id=e6e13cb3-e32b-4d2d-874a-1e4700c67398
2025-09-07 09:44:05,466 [e6e13cb3-e32b-4d2d-874a-1e4700c67398-groupManagement] INFO  util.JmxRegister (JmxRegister.java:register(58)) - register mxBean class org.apache.ratis.server.impl.RaftServerJmxAdapter as Ratis:service=RaftServer,group=group-9E511D2458D0,id=e6e13cb3-e32b-4d2d-874a-1e4700c67398
2025-09-07 09:44:05,466 [90a60b70-6b91-4fb2-a612-7ac0b6911dfc-groupManagement] INFO  server.RaftServer$Division (RaftServerImpl.java:start(419)) - 90a60b70-6b91-4fb2-a612-7ac0b6911dfc@group-9E511D2458D0: Successfully started.
2025-09-07 09:44:05,468 [90a60b70-6b91-4fb2-a612-7ac0b6911dfc-PipelineCommandHandlerThread-0] INFO  ratis.XceiverServerRatis (XceiverServerRatis.java:addGroup(846)) - Created group Pipeline-d8d7c1c9-dd4a-4c6e-b9b0-9e511d2458d0
2025-09-07 09:44:05,469 [e6e13cb3-e32b-4d2d-874a-1e4700c67398-groupManagement] INFO  server.RaftServer$Division (RaftServerImpl.java:start(419)) - e6e13cb3-e32b-4d2d-874a-1e4700c67398@group-9E511D2458D0: Successfully started.
2025-09-07 09:44:05,474 [7c7182dc-ac7f-44a8-b1d4-5d10f99cbcf2-PipelineCommandHandlerThread-0] INFO  commandhandler.CreatePipelineCommandHandler (CreatePipelineCommandHandler.java:lambda$handle$2(127)) - Created Pipeline RATIS THREE Pipeline-d8d7c1c9-dd4a-4c6e-b9b0-9e511d2458d0.
2025-09-07 09:44:05,485 [grpc-default-executor-0] WARN  server.GrpcAdminProtocolService (GrpcAdminProtocolService.java:lambda$groupManagement$1(53)) - Failed groupManagement: GROUPADD, GroupManagementRequest:client-9A01591977A0->7c7182dc-ac7f-44a8-b1d4-5d10f99cbcf2@group-9E511D2458D0, cid=17, seq=null, RW, null, Add:group-9E511D2458D0:[90a60b70-6b91-4fb2-a612-7ac0b6911dfc|127.0.0.1:15047, e6e13cb3-e32b-4d2d-874a-1e4700c67398|127.0.0.1:15055, 7c7182dc-ac7f-44a8-b1d4-5d10f99cbcf2|127.0.0.1:15039]
java.util.concurrent.CompletionException: org.apache.ratis.protocol.exceptions.AlreadyExistsException: 7c7182dc-ac7f-44a8-b1d4-5d10f99cbcf2: Failed to add group-9E511D2458D0:[90a60b70-6b91-4fb2-a612-7ac0b6911dfc|127.0.0.1:15047, e6e13cb3-e32b-4d2d-874a-1e4700c67398|127.0.0.1:15055, 7c7182dc-ac7f-44a8-b1d4-5d10f99cbcf2|127.0.0.1:15039] since the group already exists in the map.
	at java.base/java.util.concurrent.CompletableFuture.encodeThrowable(CompletableFuture.java:332)
	at java.base/java.util.concurrent.CompletableFuture.uniApplyNow(CompletableFuture.java:674)
	at java.base/java.util.concurrent.CompletableFuture.uniApplyStage(CompletableFuture.java:662)
	at java.base/java.util.concurrent.CompletableFuture.thenApplyAsync(CompletableFuture.java:2210)
	at org.apache.ratis.server.impl.RaftServerProxy.groupAddAsync(RaftServerProxy.java:513)
	at org.apache.ratis.server.impl.RaftServerProxy.groupManagementAsync(RaftServerProxy.java:495)
	at org.apache.ratis.grpc.server.GrpcAdminProtocolService.lambda$groupManagement$0(GrpcAdminProtocolService.java:51)
	at org.apache.ratis.grpc.GrpcUtil.asyncCall(GrpcUtil.java:172)
	at org.apache.ratis.grpc.server.GrpcAdminProtocolService.groupManagement(GrpcAdminProtocolService.java:51)
	at org.apache.ratis.proto.grpc.AdminProtocolServiceGrpc$MethodHandlers.invoke(AdminProtocolServiceGrpc.java:701)
	at org.apache.ratis.thirdparty.io.grpc.stub.ServerCalls$UnaryServerCallHandler$UnaryServerCallListener.onHalfClose(ServerCalls.java:182)
	at org.apache.ratis.thirdparty.io.grpc.internal.ServerCallImpl$ServerStreamListenerImpl.halfClosed(ServerCallImpl.java:356)
	at org.apache.ratis.thirdparty.io.grpc.internal.ServerImpl$JumpToApplicationThreadServerStreamListener$1HalfClosed.runInContext(ServerImpl.java:861)
	at org.apache.ratis.thirdparty.io.grpc.internal.ContextRunnable.run(ContextRunnable.java:37)
	at org.apache.ratis.thirdparty.io.grpc.internal.SerializingExecutor.run(SerializingExecutor.java:133)
	at java.base/java.util.concurrent.ThreadPoolExecutor.runWorker(ThreadPoolExecutor.java:1144)
	at java.base/java.util.concurrent.ThreadPoolExecutor$Worker.run(ThreadPoolExecutor.java:642)
	at java.base/java.lang.Thread.run(Thread.java:1583)
Caused by: org.apache.ratis.protocol.exceptions.AlreadyExistsException: 7c7182dc-ac7f-44a8-b1d4-5d10f99cbcf2: Failed to add group-9E511D2458D0:[90a60b70-6b91-4fb2-a612-7ac0b6911dfc|127.0.0.1:15047, e6e13cb3-e32b-4d2d-874a-1e4700c67398|127.0.0.1:15055, 7c7182dc-ac7f-44a8-b1d4-5d10f99cbcf2|127.0.0.1:15039] since the group already exists in the map.
	at org.apache.ratis.server.impl.RaftServerProxy$ImplMap.addNew(RaftServerProxy.java:99)
	at org.apache.ratis.server.impl.RaftServerProxy.groupAddAsync(RaftServerProxy.java:512)
	... 13 more
2025-09-07 09:44:05,510 [grpc-default-executor-0] WARN  server.GrpcAdminProtocolService (GrpcAdminProtocolService.java:lambda$groupManagement$1(53)) - Failed groupManagement: GROUPADD, GroupManagementRequest:client-55AA955BCC19->e6e13cb3-e32b-4d2d-874a-1e4700c67398@group-9E511D2458D0, cid=18, seq=null, RW, null, Add:group-9E511D2458D0:[90a60b70-6b91-4fb2-a612-7ac0b6911dfc|127.0.0.1:15047, e6e13cb3-e32b-4d2d-874a-1e4700c67398|127.0.0.1:15055, 7c7182dc-ac7f-44a8-b1d4-5d10f99cbcf2|127.0.0.1:15039]
java.util.concurrent.CompletionException: org.apache.ratis.protocol.exceptions.AlreadyExistsException: e6e13cb3-e32b-4d2d-874a-1e4700c67398: Failed to add group-9E511D2458D0:[90a60b70-6b91-4fb2-a612-7ac0b6911dfc|127.0.0.1:15047, e6e13cb3-e32b-4d2d-874a-1e4700c67398|127.0.0.1:15055, 7c7182dc-ac7f-44a8-b1d4-5d10f99cbcf2|127.0.0.1:15039] since the group already exists in the map.
	at java.base/java.util.concurrent.CompletableFuture.encodeThrowable(CompletableFuture.java:332)
	at java.base/java.util.concurrent.CompletableFuture.uniApplyNow(CompletableFuture.java:674)
	at java.base/java.util.concurrent.CompletableFuture.uniApplyStage(CompletableFuture.java:662)
	at java.base/java.util.concurrent.CompletableFuture.thenApplyAsync(CompletableFuture.java:2210)
	at org.apache.ratis.server.impl.RaftServerProxy.groupAddAsync(RaftServerProxy.java:513)
	at org.apache.ratis.server.impl.RaftServerProxy.groupManagementAsync(RaftServerProxy.java:495)
	at org.apache.ratis.grpc.server.GrpcAdminProtocolService.lambda$groupManagement$0(GrpcAdminProtocolService.java:51)
	at org.apache.ratis.grpc.GrpcUtil.asyncCall(GrpcUtil.java:172)
	at org.apache.ratis.grpc.server.GrpcAdminProtocolService.groupManagement(GrpcAdminProtocolService.java:51)
	at org.apache.ratis.proto.grpc.AdminProtocolServiceGrpc$MethodHandlers.invoke(AdminProtocolServiceGrpc.java:701)
	at org.apache.ratis.thirdparty.io.grpc.stub.ServerCalls$UnaryServerCallHandler$UnaryServerCallListener.onHalfClose(ServerCalls.java:182)
	at org.apache.ratis.thirdparty.io.grpc.internal.ServerCallImpl$ServerStreamListenerImpl.halfClosed(ServerCallImpl.java:356)
	at org.apache.ratis.thirdparty.io.grpc.internal.ServerImpl$JumpToApplicationThreadServerStreamListener$1HalfClosed.runInContext(ServerImpl.java:861)
	at org.apache.ratis.thirdparty.io.grpc.internal.ContextRunnable.run(ContextRunnable.java:37)
	at org.apache.ratis.thirdparty.io.grpc.internal.SerializingExecutor.run(SerializingExecutor.java:133)
	at java.base/java.util.concurrent.ThreadPoolExecutor.runWorker(ThreadPoolExecutor.java:1144)
	at java.base/java.util.concurrent.ThreadPoolExecutor$Worker.run(ThreadPoolExecutor.java:642)
	at java.base/java.lang.Thread.run(Thread.java:1583)
Caused by: org.apache.ratis.protocol.exceptions.AlreadyExistsException: e6e13cb3-e32b-4d2d-874a-1e4700c67398: Failed to add group-9E511D2458D0:[90a60b70-6b91-4fb2-a612-7ac0b6911dfc|127.0.0.1:15047, e6e13cb3-e32b-4d2d-874a-1e4700c67398|127.0.0.1:15055, 7c7182dc-ac7f-44a8-b1d4-5d10f99cbcf2|127.0.0.1:15039] since the group already exists in the map.
	at org.apache.ratis.server.impl.RaftServerProxy$ImplMap.addNew(RaftServerProxy.java:99)
	at org.apache.ratis.server.impl.RaftServerProxy.groupAddAsync(RaftServerProxy.java:512)
	... 13 more
2025-09-07 09:44:05,523 [90a60b70-6b91-4fb2-a612-7ac0b6911dfc-PipelineCommandHandlerThread-0] INFO  commandhandler.CreatePipelineCommandHandler (CreatePipelineCommandHandler.java:lambda$handle$2(127)) - Created Pipeline RATIS THREE Pipeline-d8d7c1c9-dd4a-4c6e-b9b0-9e511d2458d0.
2025-09-07 09:44:05,594 [e6e13cb3-e32b-4d2d-874a-1e4700c67398-PipelineCommandHandlerThread-0] INFO  server.RaftServer (RaftServerProxy.java:addNew(105)) - e6e13cb3-e32b-4d2d-874a-1e4700c67398: addNew group-C4E7921F2A5C:[e6e13cb3-e32b-4d2d-874a-1e4700c67398|127.0.0.1:15055] returns group-C4E7921F2A5C:java.util.concurrent.CompletableFuture@686d576c[Not completed]
2025-09-07 09:44:05,597 [e6e13cb3-e32b-4d2d-874a-1e4700c67398-groupManagement] INFO  server.RaftServer$Division (RaftServerImpl.java:<init>(268)) - e6e13cb3-e32b-4d2d-874a-1e4700c67398: new RaftServerImpl for group-C4E7921F2A5C:[e6e13cb3-e32b-4d2d-874a-1e4700c67398|127.0.0.1:15055] with ContainerStateMachine:uninitialized
2025-09-07 09:44:05,597 [e6e13cb3-e32b-4d2d-874a-1e4700c67398-groupManagement] INFO  server.RaftServer$Division (ServerState.java:<init>(114)) - e6e13cb3-e32b-4d2d-874a-1e4700c67398@group-C4E7921F2A5C: ConfigurationManager, init=conf: {index: -1, cur=peers:[e6e13cb3-e32b-4d2d-874a-1e4700c67398|127.0.0.1:15055]|listeners:[], old=null}, confs=<EMPTY_MAP>
2025-09-07 09:44:05,607 [e6e13cb3-e32b-4d2d-874a-1e4700c67398-groupManagement] INFO  storage.RaftStorageDirectory (RaftStorageDirectoryImpl.java:analyzeStorage(138)) - The storage directory /home/runner/work/ozone/ozone/hadoop-ozone/integration-test/target/test-dir/MiniOzoneClusterImpl-023d5a78-e64c-43f3-a4d9-6f7884931d6c/ozone-metadata/datanode-6/ratis/c14d92d3-50ac-4189-a704-c4e7921f2a5c does not exist. Creating ...
2025-09-07 09:44:05,612 [e6e13cb3-e32b-4d2d-874a-1e4700c67398-groupManagement] INFO  storage.RaftStorageDirectory (RaftStorageDirectoryImpl.java:tryLock(229)) - Lock on /home/runner/work/ozone/ozone/hadoop-ozone/integration-test/target/test-dir/MiniOzoneClusterImpl-023d5a78-e64c-43f3-a4d9-6f7884931d6c/ozone-metadata/datanode-6/ratis/c14d92d3-50ac-4189-a704-c4e7921f2a5c/in_use.lock acquired by nodename 23079@localhost
2025-09-07 09:44:05,616 [e6e13cb3-e32b-4d2d-874a-1e4700c67398-groupManagement] INFO  storage.RaftStorage (RaftStorageImpl.java:format(98)) - Storage directory /home/runner/work/ozone/ozone/hadoop-ozone/integration-test/target/test-dir/MiniOzoneClusterImpl-023d5a78-e64c-43f3-a4d9-6f7884931d6c/ozone-metadata/datanode-6/ratis/c14d92d3-50ac-4189-a704-c4e7921f2a5c has been successfully formatted.
2025-09-07 09:44:05,620 [e6e13cb3-e32b-4d2d-874a-1e4700c67398-groupManagement] INFO  ratis.ContainerStateMachine (ContainerStateMachine.java:initialize(339)) - e6e13cb3-e32b-4d2d-874a-1e4700c67398: initialize group-C4E7921F2A5C
2025-09-07 09:44:05,622 [e6e13cb3-e32b-4d2d-874a-1e4700c67398-groupManagement] INFO  ratis.ContainerStateMachine (ContainerStateMachine.java:loadSnapshot(347)) - group-C4E7921F2A5C: The snapshot info is null. Setting the last applied index to:<INITIAL_VALUE>
2025-09-07 09:44:05,622 [e6e13cb3-e32b-4d2d-874a-1e4700c67398-groupManagement] INFO  server.RaftServerConfigKeys (ConfUtils.java:logGet(62)) - raft.server.log.appender.buffer.byte-limit = 33554432 (custom)
2025-09-07 09:44:05,625 [e6e13cb3-e32b-4d2d-874a-1e4700c67398-groupManagement] INFO  server.RaftServerConfigKeys (ConfUtils.java:logGet(62)) - raft.server.log.segment.size.max = 67108864 (custom)
2025-09-07 09:44:05,626 [EventQueue-PipelineReportForPipelineReportHandler] INFO  pipeline.PipelineReportHandler (PipelineReportHandler.java:processPipelineReport(134)) - Opened pipeline Pipeline-c14d92d3-50ac-4189-a704-c4e7921f2a5c
2025-09-07 09:44:05,627 [e6e13cb3-e32b-4d2d-874a-1e4700c67398-groupManagement] INFO  server.RaftServerConfigKeys (ConfUtils.java:logGet(62)) - raft.server.log.appender.buffer.byte-limit = 33554432 (custom)
2025-09-07 09:44:05,627 [e6e13cb3-e32b-4d2d-874a-1e4700c67398-groupManagement] INFO  util.AwaitToRun (AwaitToRun.java:start(81)) - Thread[#1397,e6e13cb3-e32b-4d2d-874a-1e4700c67398@group-C4E7921F2A5C-cacheEviction-AwaitToRun,5,main] started
2025-09-07 09:44:05,628 [e6e13cb3-e32b-4d2d-874a-1e4700c67398-groupManagement] INFO  segmented.SegmentedRaftLogWorker (SegmentedRaftLogWorker.java:<init>(190)) - new e6e13cb3-e32b-4d2d-874a-1e4700c67398@group-C4E7921F2A5C-SegmentedRaftLogWorker for RaftStorageImpl:Storage Directory /home/runner/work/ozone/ozone/hadoop-ozone/integration-test/target/test-dir/MiniOzoneClusterImpl-023d5a78-e64c-43f3-a4d9-6f7884931d6c/ozone-metadata/datanode-6/ratis/c14d92d3-50ac-4189-a704-c4e7921f2a5c
2025-09-07 09:44:05,628 [e6e13cb3-e32b-4d2d-874a-1e4700c67398-groupManagement] INFO  server.RaftServerConfigKeys (ConfUtils.java:logGet(62)) - raft.server.log.queue.byte-limit = 4294967296 (custom)
2025-09-07 09:44:05,628 [e6e13cb3-e32b-4d2d-874a-1e4700c67398-groupManagement] INFO  server.RaftServerConfigKeys (ConfUtils.java:logGet(62)) - raft.server.log.segment.size.max = 67108864 (custom)
2025-09-07 09:44:05,628 [e6e13cb3-e32b-4d2d-874a-1e4700c67398-groupManagement] INFO  server.RaftServerConfigKeys (ConfUtils.java:logGet(62)) - raft.server.log.preallocated.size = 4194304 (custom)
2025-09-07 09:44:05,629 [e6e13cb3-e32b-4d2d-874a-1e4700c67398-groupManagement] INFO  server.RaftServerConfigKeys (ConfUtils.java:logGet(62)) - raft.server.log.write.buffer.size = 33554440 (custom)
2025-09-07 09:44:05,640 [e6e13cb3-e32b-4d2d-874a-1e4700c67398-groupManagement] INFO  server.RaftServerConfigKeys (ConfUtils.java:logGet(62)) - raft.server.log.appender.buffer.byte-limit = 33554432 (custom)
2025-09-07 09:44:05,640 [e6e13cb3-e32b-4d2d-874a-1e4700c67398-groupManagement] INFO  segmented.SegmentedRaftLogWorker (SegmentedRaftLogWorker.java:lambda$new$0(141)) - e6e13cb3-e32b-4d2d-874a-1e4700c67398@group-C4E7921F2A5C-SegmentedRaftLogWorker: flushIndex: setUnconditionally 0 -> -1
2025-09-07 09:44:05,640 [e6e13cb3-e32b-4d2d-874a-1e4700c67398-groupManagement] INFO  segmented.SegmentedRaftLogWorker (SegmentedRaftLogWorker.java:lambda$new$0(141)) - e6e13cb3-e32b-4d2d-874a-1e4700c67398@group-C4E7921F2A5C-SegmentedRaftLogWorker: safeCacheEvictIndex: setUnconditionally 0 -> -1
2025-09-07 09:44:05,641 [e6e13cb3-e32b-4d2d-874a-1e4700c67398-groupManagement] INFO  server.RaftServer$Division (RaftServerImpl.java:start(405)) - e6e13cb3-e32b-4d2d-874a-1e4700c67398@group-C4E7921F2A5C: start as a follower, conf=conf: {index: -1, cur=peers:[e6e13cb3-e32b-4d2d-874a-1e4700c67398|127.0.0.1:15055]|listeners:[], old=null}
2025-09-07 09:44:05,641 [e6e13cb3-e32b-4d2d-874a-1e4700c67398-groupManagement] INFO  server.RaftServer$Division (RaftServerImpl.java:setRole(392)) - e6e13cb3-e32b-4d2d-874a-1e4700c67398@group-C4E7921F2A5C: changes role from      null to FOLLOWER at term 0 for startAsFollower
2025-09-07 09:44:05,641 [e6e13cb3-e32b-4d2d-874a-1e4700c67398-groupManagement] INFO  impl.RoleInfo (RoleInfo.java:updateAndGet(148)) - e6e13cb3-e32b-4d2d-874a-1e4700c67398: start e6e13cb3-e32b-4d2d-874a-1e4700c67398@group-C4E7921F2A5C-FollowerState
2025-09-07 09:44:05,642 [e6e13cb3-e32b-4d2d-874a-1e4700c67398-groupManagement] INFO  util.JmxRegister (JmxRegister.java:tryRegister(44)) - Successfully registered JMX Bean with object name Ratis:service=RaftServer,group=group-C4E7921F2A5C,id=e6e13cb3-e32b-4d2d-874a-1e4700c67398
2025-09-07 09:44:05,642 [e6e13cb3-e32b-4d2d-874a-1e4700c67398-groupManagement] INFO  util.JmxRegister (JmxRegister.java:register(58)) - register mxBean class org.apache.ratis.server.impl.RaftServerJmxAdapter as Ratis:service=RaftServer,group=group-C4E7921F2A5C,id=e6e13cb3-e32b-4d2d-874a-1e4700c67398
2025-09-07 09:44:05,643 [e6e13cb3-e32b-4d2d-874a-1e4700c67398-groupManagement] INFO  server.RaftServer$Division (RaftServerImpl.java:start(419)) - e6e13cb3-e32b-4d2d-874a-1e4700c67398@group-C4E7921F2A5C: Successfully started.
2025-09-07 09:44:05,643 [e6e13cb3-e32b-4d2d-874a-1e4700c67398-PipelineCommandHandlerThread-0] INFO  ratis.XceiverServerRatis (XceiverServerRatis.java:addGroup(846)) - Created group Pipeline-c14d92d3-50ac-4189-a704-c4e7921f2a5c
2025-09-07 09:44:05,644 [e6e13cb3-e32b-4d2d-874a-1e4700c67398-PipelineCommandHandlerThread-0] INFO  commandhandler.CreatePipelineCommandHandler (CreatePipelineCommandHandler.java:lambda$handle$2(127)) - Created Pipeline RATIS ONE Pipeline-c14d92d3-50ac-4189-a704-c4e7921f2a5c.
2025-09-07 09:44:05,818 [ForkJoinPool-1-worker-1] INFO  rpc.RpcClient (RpcClient.java:createVolume(461)) - Creating Volume: datanodefailurehandlingtest, with runner as owner and space quota set to -1 bytes, counts quota set to -1
2025-09-07 09:44:05,833 [om1-OMStateMachineApplyTransactionThread - 0] INFO  volume.OMVolumeCreateRequest (OMVolumeCreateRequest.java:validateAndUpdateCache(203)) - created volume:datanodefailurehandlingtest for user:runner
2025-09-07 09:44:05,847 [ForkJoinPool-1-worker-1] INFO  rpc.RpcClient (RpcClient.java:createBucket(686)) - Creating Bucket: datanodefailurehandlingtest/datanodefailurehandlingtest, with server-side default bucket layout, runner as owner, Versioning false, Storage Type set to DISK and Encryption set to false, Replication Type set to server-side default replication type, Namespace Quota set to -1, Space Quota set to -1 
2025-09-07 09:44:05,857 [om1-OMStateMachineApplyTransactionThread - 0] INFO  bucket.OMBucketCreateRequest (OMBucketCreateRequest.java:validateAndUpdateCache(292)) - created bucket: datanodefailurehandlingtest of layout FILE_SYSTEM_OPTIMIZED in volume: datanodefailurehandlingtest
2025-09-07 09:44:05,921 [IPC Server handler 0 on default port 15001] INFO  ha.SequenceIdGenerator (SequenceIdGenerator.java:getNextId(135)) - Allocate a batch for containerId, change lastId from 0 to 1000.
2025-09-07 09:44:05,934 [a68d7e4a-8be2-4109-84e0-ed7537249ab2@group-6F7884931D6C-StateMachineUpdater] WARN  ha.SequenceIdGenerator (SequenceIdGenerator.java:allocateBatch(248)) - Failed to allocate a batch for localId, expected lastId is 0, actual lastId is 115816896921600000.
2025-09-07 09:44:05,936 [IPC Server handler 0 on default port 15001] INFO  ha.SequenceIdGenerator (SequenceIdGenerator.java:getNextId(135)) - Allocate a batch for localId, change lastId from 115816896921600000 to 115816896921601000.
2025-09-07 09:44:05,949 [c7c0d573-77b1-47db-b09e-d84959a4a43f@group-3C9828298815-FollowerState] INFO  impl.FollowerState (FollowerState.java:runImpl(161)) - c7c0d573-77b1-47db-b09e-d84959a4a43f@group-3C9828298815-FollowerState: change to CANDIDATE, lastRpcElapsedTime:1037465814ns, electionTimeout:1036ms
2025-09-07 09:44:05,950 [c7c0d573-77b1-47db-b09e-d84959a4a43f@group-3C9828298815-FollowerState] INFO  impl.RoleInfo (RoleInfo.java:shutdownFollowerState(121)) - c7c0d573-77b1-47db-b09e-d84959a4a43f: shutdown c7c0d573-77b1-47db-b09e-d84959a4a43f@group-3C9828298815-FollowerState
2025-09-07 09:44:05,950 [c7c0d573-77b1-47db-b09e-d84959a4a43f@group-3C9828298815-FollowerState] INFO  server.RaftServer$Division (RaftServerImpl.java:setRole(392)) - c7c0d573-77b1-47db-b09e-d84959a4a43f@group-3C9828298815: changes role from  FOLLOWER to CANDIDATE at term 0 for changeToCandidate
2025-09-07 09:44:05,950 [c7c0d573-77b1-47db-b09e-d84959a4a43f@group-3C9828298815-FollowerState] INFO  impl.RoleInfo (RoleInfo.java:updateAndGet(148)) - c7c0d573-77b1-47db-b09e-d84959a4a43f: start c7c0d573-77b1-47db-b09e-d84959a4a43f@group-3C9828298815-LeaderElection11
2025-09-07 09:44:05,950 [c7c0d573-77b1-47db-b09e-d84959a4a43f@group-3C9828298815-LeaderElection11] INFO  impl.LeaderElection (LeaderElection.java:askForVotes(448)) - c7c0d573-77b1-47db-b09e-d84959a4a43f@group-3C9828298815-LeaderElection11 PRE_VOTE round 0: submit vote requests at term 0 for conf: {index: -1, cur=peers:[c7c0d573-77b1-47db-b09e-d84959a4a43f|127.0.0.1:15063]|listeners:[], old=null}
2025-09-07 09:44:05,951 [c7c0d573-77b1-47db-b09e-d84959a4a43f@group-3C9828298815-LeaderElection11] INFO  impl.LeaderElection (LeaderElection.java:askForVotes(450)) - c7c0d573-77b1-47db-b09e-d84959a4a43f@group-3C9828298815-LeaderElection11 PRE_VOTE round 0: result PASSED (term=0)
2025-09-07 09:44:05,952 [c7c0d573-77b1-47db-b09e-d84959a4a43f@group-3C9828298815-LeaderElection11] INFO  impl.LeaderElection (LeaderElection.java:askForVotes(448)) - c7c0d573-77b1-47db-b09e-d84959a4a43f@group-3C9828298815-LeaderElection11 ELECTION round 0: submit vote requests at term 1 for conf: {index: -1, cur=peers:[c7c0d573-77b1-47db-b09e-d84959a4a43f|127.0.0.1:15063]|listeners:[], old=null}
2025-09-07 09:44:05,952 [c7c0d573-77b1-47db-b09e-d84959a4a43f@group-3C9828298815-LeaderElection11] INFO  impl.LeaderElection (LeaderElection.java:askForVotes(450)) - c7c0d573-77b1-47db-b09e-d84959a4a43f@group-3C9828298815-LeaderElection11 ELECTION round 0: result PASSED (term=1)
2025-09-07 09:44:05,952 [c7c0d573-77b1-47db-b09e-d84959a4a43f@group-3C9828298815-LeaderElection11] INFO  impl.RoleInfo (RoleInfo.java:shutdownLeaderElection(141)) - c7c0d573-77b1-47db-b09e-d84959a4a43f: shutdown c7c0d573-77b1-47db-b09e-d84959a4a43f@group-3C9828298815-LeaderElection11
2025-09-07 09:44:05,952 [c7c0d573-77b1-47db-b09e-d84959a4a43f@group-3C9828298815-LeaderElection11] INFO  server.RaftServer$Division (RaftServerImpl.java:setRole(392)) - c7c0d573-77b1-47db-b09e-d84959a4a43f@group-3C9828298815: changes role from CANDIDATE to LEADER at term 1 for changeToLeader
2025-09-07 09:44:05,952 [c7c0d573-77b1-47db-b09e-d84959a4a43f@group-3C9828298815-LeaderElection11] INFO  server.RaftServerConfigKeys (ConfUtils.java:logFallback(69)) - raft.server.staging.timeout = 3600ms (fallback to raft.server.rpc.timeout.max)
2025-09-07 09:44:05,953 [c7c0d573-77b1-47db-b09e-d84959a4a43f@group-3C9828298815-LeaderElection11] INFO  server.RaftServerConfigKeys (ConfUtils.java:logGet(62)) - raft.server.write.byte-limit = 1024 M (=1073741824) (custom)
2025-09-07 09:44:05,954 [c7c0d573-77b1-47db-b09e-d84959a4a43f@group-3C9828298815-LeaderElection11] INFO  impl.RoleInfo (RoleInfo.java:updateAndGet(148)) - c7c0d573-77b1-47db-b09e-d84959a4a43f: start c7c0d573-77b1-47db-b09e-d84959a4a43f@group-3C9828298815-LeaderStateImpl
2025-09-07 09:44:05,954 [c7c0d573-77b1-47db-b09e-d84959a4a43f@group-3C9828298815-LeaderElection11] INFO  server.RaftServer$Division (RaftServerImpl.java:setFirstElection(576)) - c7c0d573-77b1-47db-b09e-d84959a4a43f@group-3C9828298815: set firstElectionSinceStartup to false for becomeLeader
2025-09-07 09:44:05,954 [c7c0d573-77b1-47db-b09e-d84959a4a43f@group-3C9828298815-LeaderElection11] INFO  ratis.XceiverServerRatis (XceiverServerRatis.java:handleLeaderChangedNotification(947)) - Leader change notification received for group: group-3C9828298815 with new leaderId: c7c0d573-77b1-47db-b09e-d84959a4a43f
2025-09-07 09:44:05,954 [c7c0d573-77b1-47db-b09e-d84959a4a43f@group-3C9828298815-LeaderElection11] INFO  server.RaftServer$Division (ServerState.java:setLeader(272)) - c7c0d573-77b1-47db-b09e-d84959a4a43f@group-3C9828298815: change Leader from null to c7c0d573-77b1-47db-b09e-d84959a4a43f at term 1 for becomeLeader, leader elected after 1084ms
2025-09-07 09:44:05,954 [c7c0d573-77b1-47db-b09e-d84959a4a43f@group-3C9828298815-LeaderElection11] INFO  segmented.SegmentedRaftLogWorker (SegmentedRaftLogWorker.java:startLogSegment(440)) - c7c0d573-77b1-47db-b09e-d84959a4a43f@group-3C9828298815-SegmentedRaftLogWorker: Starting segment from index:0
2025-09-07 09:44:05,955 [c7c0d573-77b1-47db-b09e-d84959a4a43f@group-3C9828298815-LeaderElection11] INFO  server.RaftServer$Division (ServerState.java:setRaftConf(386)) - c7c0d573-77b1-47db-b09e-d84959a4a43f@group-3C9828298815: set configuration conf: {index: 0, cur=peers:[c7c0d573-77b1-47db-b09e-d84959a4a43f|127.0.0.1:15063]|listeners:[], old=null}
2025-09-07 09:44:05,955 [c7c0d573-77b1-47db-b09e-d84959a4a43f@group-3C9828298815-SegmentedRaftLogWorker] INFO  segmented.BufferedWriteChannel (BufferedWriteChannel.java:open(61)) - open log_inprogress_0 at position 0
2025-09-07 09:44:05,966 [c7c0d573-77b1-47db-b09e-d84959a4a43f@group-3C9828298815-SegmentedRaftLogWorker] INFO  segmented.SegmentedRaftLogWorker (SegmentedRaftLogWorker.java:execute(647)) - c7c0d573-77b1-47db-b09e-d84959a4a43f@group-3C9828298815-SegmentedRaftLogWorker: created new log segment /home/runner/work/ozone/ozone/hadoop-ozone/integration-test/target/test-dir/MiniOzoneClusterImpl-023d5a78-e64c-43f3-a4d9-6f7884931d6c/ozone-metadata/datanode-7/ratis/83208cbc-1a5b-4af7-83c4-3c9828298815/current/log_inprogress_0
2025-09-07 09:44:05,971 [c7c0d573-77b1-47db-b09e-d84959a4a43f@group-3C9828298815-StateMachineUpdater] INFO  server.RaftServer$Division (LeaderStateImpl.java:checkStartIndex(309)) - Leader c7c0d573-77b1-47db-b09e-d84959a4a43f@group-3C9828298815-LeaderStateImpl is ready since appliedIndex == startIndex == 0
2025-09-07 09:44:06,015 [ForkJoinPool-1-worker-1] INFO  impl.MetricsSystemImpl (MetricsSystemImpl.java:init(158)) - XceiverClientMetrics metrics system started (again)
2025-09-07 09:44:06,016 [c7c0d573-77b1-47db-b09e-d84959a4a43f@group-AF0CBE3D3EB0-FollowerState] INFO  impl.FollowerState (FollowerState.java:runImpl(161)) - c7c0d573-77b1-47db-b09e-d84959a4a43f@group-AF0CBE3D3EB0-FollowerState: change to CANDIDATE, lastRpcElapsedTime:1051285363ns, electionTimeout:1050ms
2025-09-07 09:44:06,017 [c7c0d573-77b1-47db-b09e-d84959a4a43f@group-AF0CBE3D3EB0-FollowerState] INFO  impl.RoleInfo (RoleInfo.java:shutdownFollowerState(121)) - c7c0d573-77b1-47db-b09e-d84959a4a43f: shutdown c7c0d573-77b1-47db-b09e-d84959a4a43f@group-AF0CBE3D3EB0-FollowerState
2025-09-07 09:44:06,017 [c7c0d573-77b1-47db-b09e-d84959a4a43f@group-AF0CBE3D3EB0-FollowerState] INFO  server.RaftServer$Division (RaftServerImpl.java:setRole(392)) - c7c0d573-77b1-47db-b09e-d84959a4a43f@group-AF0CBE3D3EB0: changes role from  FOLLOWER to CANDIDATE at term 0 for changeToCandidate
2025-09-07 09:44:06,017 [c7c0d573-77b1-47db-b09e-d84959a4a43f@group-AF0CBE3D3EB0-FollowerState] INFO  impl.RoleInfo (RoleInfo.java:updateAndGet(148)) - c7c0d573-77b1-47db-b09e-d84959a4a43f: start c7c0d573-77b1-47db-b09e-d84959a4a43f@group-AF0CBE3D3EB0-LeaderElection12
2025-09-07 09:44:06,017 [c7c0d573-77b1-47db-b09e-d84959a4a43f@group-AF0CBE3D3EB0-LeaderElection12] INFO  impl.LeaderElection (LeaderElection.java:askForVotes(448)) - c7c0d573-77b1-47db-b09e-d84959a4a43f@group-AF0CBE3D3EB0-LeaderElection12 PRE_VOTE round 0: submit vote requests at term 0 for conf: {index: -1, cur=peers:[c7c0d573-77b1-47db-b09e-d84959a4a43f|127.0.0.1:15063, 486fef96-c6ec-41d9-a4ca-7ebb3d261081|127.0.0.1:15071, 4c7984b5-42f1-4e4b-a334-601f88f38b33|127.0.0.1:15079]|listeners:[], old=null}
2025-09-07 09:44:06,018 [c7c0d573-77b1-47db-b09e-d84959a4a43f@group-AF0CBE3D3EB0-LeaderElection12-1] INFO  server.GrpcServerProtocolClient (GrpcServerProtocolClient.java:<init>(65)) - Build channel for 486fef96-c6ec-41d9-a4ca-7ebb3d261081|127.0.0.1:15071
2025-09-07 09:44:06,018 [c7c0d573-77b1-47db-b09e-d84959a4a43f@group-AF0CBE3D3EB0-LeaderElection12-2] INFO  server.GrpcServerProtocolClient (GrpcServerProtocolClient.java:<init>(65)) - Build channel for 4c7984b5-42f1-4e4b-a334-601f88f38b33|127.0.0.1:15079
2025-09-07 09:44:06,024 [grpc-default-executor-0] INFO  server.RaftServer$Division (RaftServerImpl.java:requestVote(1421)) - 4c7984b5-42f1-4e4b-a334-601f88f38b33@group-AF0CBE3D3EB0: receive requestVote(PRE_VOTE, c7c0d573-77b1-47db-b09e-d84959a4a43f, group-AF0CBE3D3EB0, 0, <PROTO_DEFAULT>)
2025-09-07 09:44:06,024 [grpc-default-executor-0] INFO  impl.VoteContext (VoteContext.java:log(49)) - 4c7984b5-42f1-4e4b-a334-601f88f38b33@group-AF0CBE3D3EB0-FOLLOWER: accept PRE_VOTE from c7c0d573-77b1-47db-b09e-d84959a4a43f: our priority 0 <= candidate's priority 1
2025-09-07 09:44:06,025 [grpc-default-executor-0] INFO  server.RaftServer$Division (RaftServerImpl.java:requestVote(1455)) - 4c7984b5-42f1-4e4b-a334-601f88f38b33@group-AF0CBE3D3EB0 replies to PRE_VOTE vote request: c7c0d573-77b1-47db-b09e-d84959a4a43f<-4c7984b5-42f1-4e4b-a334-601f88f38b33#0:OK-t0-last:<INITIAL_VALUE>. Peer's state: 4c7984b5-42f1-4e4b-a334-601f88f38b33@group-AF0CBE3D3EB0:t0, leader=null, voted=, raftlog=Memoized:4c7984b5-42f1-4e4b-a334-601f88f38b33@group-AF0CBE3D3EB0-SegmentedRaftLog:OPENED:c-1:lastnull, conf=conf: {index: -1, cur=peers:[c7c0d573-77b1-47db-b09e-d84959a4a43f|127.0.0.1:15063, 486fef96-c6ec-41d9-a4ca-7ebb3d261081|127.0.0.1:15071, 4c7984b5-42f1-4e4b-a334-601f88f38b33|127.0.0.1:15079]|listeners:[], old=null}
2025-09-07 09:44:06,025 [grpc-default-executor-1] INFO  server.RaftServer$Division (RaftServerImpl.java:requestVote(1421)) - 486fef96-c6ec-41d9-a4ca-7ebb3d261081@group-AF0CBE3D3EB0: receive requestVote(PRE_VOTE, c7c0d573-77b1-47db-b09e-d84959a4a43f, group-AF0CBE3D3EB0, 0, <PROTO_DEFAULT>)
2025-09-07 09:44:06,026 [grpc-default-executor-1] INFO  impl.VoteContext (VoteContext.java:log(49)) - 486fef96-c6ec-41d9-a4ca-7ebb3d261081@group-AF0CBE3D3EB0-FOLLOWER: accept PRE_VOTE from c7c0d573-77b1-47db-b09e-d84959a4a43f: our priority 0 <= candidate's priority 1
2025-09-07 09:44:06,026 [grpc-default-executor-1] INFO  server.RaftServer$Division (RaftServerImpl.java:requestVote(1455)) - 486fef96-c6ec-41d9-a4ca-7ebb3d261081@group-AF0CBE3D3EB0 replies to PRE_VOTE vote request: c7c0d573-77b1-47db-b09e-d84959a4a43f<-486fef96-c6ec-41d9-a4ca-7ebb3d261081#0:OK-t0-last:<INITIAL_VALUE>. Peer's state: 486fef96-c6ec-41d9-a4ca-7ebb3d261081@group-AF0CBE3D3EB0:t0, leader=null, voted=, raftlog=Memoized:486fef96-c6ec-41d9-a4ca-7ebb3d261081@group-AF0CBE3D3EB0-SegmentedRaftLog:OPENED:c-1:lastnull, conf=conf: {index: -1, cur=peers:[c7c0d573-77b1-47db-b09e-d84959a4a43f|127.0.0.1:15063, 486fef96-c6ec-41d9-a4ca-7ebb3d261081|127.0.0.1:15071, 4c7984b5-42f1-4e4b-a334-601f88f38b33|127.0.0.1:15079]|listeners:[], old=null}
2025-09-07 09:44:06,028 [c7c0d573-77b1-47db-b09e-d84959a4a43f@group-AF0CBE3D3EB0-LeaderElection12] INFO  impl.LeaderElection (LeaderElection.java:logAndReturn(206)) - c7c0d573-77b1-47db-b09e-d84959a4a43f@group-AF0CBE3D3EB0-LeaderElection12: PRE_VOTE PASSED received 1 response(s) and 0 exception(s):
2025-09-07 09:44:06,029 [c7c0d573-77b1-47db-b09e-d84959a4a43f@group-AF0CBE3D3EB0-LeaderElection12] INFO  impl.LeaderElection (LeaderElection.java:logAndReturn(210)) -   Response 0: c7c0d573-77b1-47db-b09e-d84959a4a43f<-4c7984b5-42f1-4e4b-a334-601f88f38b33#0:OK-t0-last:<INITIAL_VALUE>
2025-09-07 09:44:06,029 [c7c0d573-77b1-47db-b09e-d84959a4a43f@group-AF0CBE3D3EB0-LeaderElection12] INFO  impl.LeaderElection (LeaderElection.java:askForVotes(450)) - c7c0d573-77b1-47db-b09e-d84959a4a43f@group-AF0CBE3D3EB0-LeaderElection12 PRE_VOTE round 0: result PASSED
2025-09-07 09:44:06,031 [c7c0d573-77b1-47db-b09e-d84959a4a43f@group-AF0CBE3D3EB0-LeaderElection12] INFO  impl.LeaderElection (LeaderElection.java:askForVotes(448)) - c7c0d573-77b1-47db-b09e-d84959a4a43f@group-AF0CBE3D3EB0-LeaderElection12 ELECTION round 0: submit vote requests at term 1 for conf: {index: -1, cur=peers:[c7c0d573-77b1-47db-b09e-d84959a4a43f|127.0.0.1:15063, 486fef96-c6ec-41d9-a4ca-7ebb3d261081|127.0.0.1:15071, 4c7984b5-42f1-4e4b-a334-601f88f38b33|127.0.0.1:15079]|listeners:[], old=null}
2025-09-07 09:44:06,034 [grpc-default-executor-1] INFO  server.RaftServer$Division (RaftServerImpl.java:requestVote(1421)) - 486fef96-c6ec-41d9-a4ca-7ebb3d261081@group-AF0CBE3D3EB0: receive requestVote(ELECTION, c7c0d573-77b1-47db-b09e-d84959a4a43f, group-AF0CBE3D3EB0, 1, <PROTO_DEFAULT>)
2025-09-07 09:44:06,034 [grpc-default-executor-1] INFO  impl.VoteContext (VoteContext.java:log(49)) - 486fef96-c6ec-41d9-a4ca-7ebb3d261081@group-AF0CBE3D3EB0-FOLLOWER: accept ELECTION from c7c0d573-77b1-47db-b09e-d84959a4a43f: our priority 0 <= candidate's priority 1
2025-09-07 09:44:06,034 [grpc-default-executor-1] INFO  server.RaftServer$Division (RaftServerImpl.java:setRole(392)) - 486fef96-c6ec-41d9-a4ca-7ebb3d261081@group-AF0CBE3D3EB0: changes role from  FOLLOWER to FOLLOWER at term 0 for candidate:c7c0d573-77b1-47db-b09e-d84959a4a43f
2025-09-07 09:44:06,034 [grpc-default-executor-1] INFO  impl.RoleInfo (RoleInfo.java:shutdownFollowerState(121)) - 486fef96-c6ec-41d9-a4ca-7ebb3d261081: shutdown 486fef96-c6ec-41d9-a4ca-7ebb3d261081@group-AF0CBE3D3EB0-FollowerState
2025-09-07 09:44:06,034 [grpc-default-executor-1] INFO  impl.RoleInfo (RoleInfo.java:updateAndGet(148)) - 486fef96-c6ec-41d9-a4ca-7ebb3d261081: start 486fef96-c6ec-41d9-a4ca-7ebb3d261081@group-AF0CBE3D3EB0-FollowerState
2025-09-07 09:44:06,035 [486fef96-c6ec-41d9-a4ca-7ebb3d261081@group-AF0CBE3D3EB0-FollowerState] INFO  impl.FollowerState (FollowerState.java:runImpl(170)) - 486fef96-c6ec-41d9-a4ca-7ebb3d261081@group-AF0CBE3D3EB0-FollowerState was interrupted
2025-09-07 09:44:06,035 [grpc-default-executor-0] INFO  server.RaftServer$Division (RaftServerImpl.java:requestVote(1421)) - 4c7984b5-42f1-4e4b-a334-601f88f38b33@group-AF0CBE3D3EB0: receive requestVote(ELECTION, c7c0d573-77b1-47db-b09e-d84959a4a43f, group-AF0CBE3D3EB0, 1, <PROTO_DEFAULT>)
2025-09-07 09:44:06,035 [grpc-default-executor-0] INFO  impl.VoteContext (VoteContext.java:log(49)) - 4c7984b5-42f1-4e4b-a334-601f88f38b33@group-AF0CBE3D3EB0-FOLLOWER: accept ELECTION from c7c0d573-77b1-47db-b09e-d84959a4a43f: our priority 0 <= candidate's priority 1
2025-09-07 09:44:06,035 [grpc-default-executor-0] INFO  server.RaftServer$Division (RaftServerImpl.java:setRole(392)) - 4c7984b5-42f1-4e4b-a334-601f88f38b33@group-AF0CBE3D3EB0: changes role from  FOLLOWER to FOLLOWER at term 0 for candidate:c7c0d573-77b1-47db-b09e-d84959a4a43f
2025-09-07 09:44:06,035 [grpc-default-executor-0] INFO  impl.RoleInfo (RoleInfo.java:shutdownFollowerState(121)) - 4c7984b5-42f1-4e4b-a334-601f88f38b33: shutdown 4c7984b5-42f1-4e4b-a334-601f88f38b33@group-AF0CBE3D3EB0-FollowerState
2025-09-07 09:44:06,035 [4c7984b5-42f1-4e4b-a334-601f88f38b33@group-AF0CBE3D3EB0-FollowerState] INFO  impl.FollowerState (FollowerState.java:runImpl(170)) - 4c7984b5-42f1-4e4b-a334-601f88f38b33@group-AF0CBE3D3EB0-FollowerState was interrupted
2025-09-07 09:44:06,036 [grpc-default-executor-0] INFO  impl.RoleInfo (RoleInfo.java:updateAndGet(148)) - 4c7984b5-42f1-4e4b-a334-601f88f38b33: start 4c7984b5-42f1-4e4b-a334-601f88f38b33@group-AF0CBE3D3EB0-FollowerState
2025-09-07 09:44:06,036 [grpc-default-executor-1] INFO  server.RaftServer$Division (RaftServerImpl.java:setFirstElection(576)) - 486fef96-c6ec-41d9-a4ca-7ebb3d261081@group-AF0CBE3D3EB0: set firstElectionSinceStartup to false for candidate:c7c0d573-77b1-47db-b09e-d84959a4a43f
2025-09-07 09:44:06,037 [grpc-default-executor-1] INFO  server.RaftServer$Division (RaftServerImpl.java:requestVote(1455)) - 486fef96-c6ec-41d9-a4ca-7ebb3d261081@group-AF0CBE3D3EB0 replies to ELECTION vote request: c7c0d573-77b1-47db-b09e-d84959a4a43f<-486fef96-c6ec-41d9-a4ca-7ebb3d261081#0:OK-t1-last:<INITIAL_VALUE>. Peer's state: 486fef96-c6ec-41d9-a4ca-7ebb3d261081@group-AF0CBE3D3EB0:t1, leader=null, voted=c7c0d573-77b1-47db-b09e-d84959a4a43f, raftlog=Memoized:486fef96-c6ec-41d9-a4ca-7ebb3d261081@group-AF0CBE3D3EB0-SegmentedRaftLog:OPENED:c-1:lastnull, conf=conf: {index: -1, cur=peers:[c7c0d573-77b1-47db-b09e-d84959a4a43f|127.0.0.1:15063, 486fef96-c6ec-41d9-a4ca-7ebb3d261081|127.0.0.1:15071, 4c7984b5-42f1-4e4b-a334-601f88f38b33|127.0.0.1:15079]|listeners:[], old=null}
2025-09-07 09:44:06,039 [c7c0d573-77b1-47db-b09e-d84959a4a43f@group-AF0CBE3D3EB0-LeaderElection12] INFO  impl.LeaderElection (LeaderElection.java:logAndReturn(206)) - c7c0d573-77b1-47db-b09e-d84959a4a43f@group-AF0CBE3D3EB0-LeaderElection12: ELECTION PASSED received 1 response(s) and 0 exception(s):
2025-09-07 09:44:06,039 [c7c0d573-77b1-47db-b09e-d84959a4a43f@group-AF0CBE3D3EB0-LeaderElection12] INFO  impl.LeaderElection (LeaderElection.java:logAndReturn(210)) -   Response 0: c7c0d573-77b1-47db-b09e-d84959a4a43f<-486fef96-c6ec-41d9-a4ca-7ebb3d261081#0:OK-t1-last:<INITIAL_VALUE>
2025-09-07 09:44:06,040 [c7c0d573-77b1-47db-b09e-d84959a4a43f@group-AF0CBE3D3EB0-LeaderElection12] INFO  impl.LeaderElection (LeaderElection.java:askForVotes(450)) - c7c0d573-77b1-47db-b09e-d84959a4a43f@group-AF0CBE3D3EB0-LeaderElection12 ELECTION round 0: result PASSED
2025-09-07 09:44:06,041 [c7c0d573-77b1-47db-b09e-d84959a4a43f@group-AF0CBE3D3EB0-LeaderElection12] INFO  impl.RoleInfo (RoleInfo.java:shutdownLeaderElection(141)) - c7c0d573-77b1-47db-b09e-d84959a4a43f: shutdown c7c0d573-77b1-47db-b09e-d84959a4a43f@group-AF0CBE3D3EB0-LeaderElection12
2025-09-07 09:44:06,041 [c7c0d573-77b1-47db-b09e-d84959a4a43f@group-AF0CBE3D3EB0-LeaderElection12] INFO  server.RaftServer$Division (RaftServerImpl.java:setRole(392)) - c7c0d573-77b1-47db-b09e-d84959a4a43f@group-AF0CBE3D3EB0: changes role from CANDIDATE to LEADER at term 1 for changeToLeader
2025-09-07 09:44:06,041 [c7c0d573-77b1-47db-b09e-d84959a4a43f@group-AF0CBE3D3EB0-LeaderElection12] INFO  server.RaftServerConfigKeys (ConfUtils.java:logFallback(69)) - raft.server.staging.timeout = 3600ms (fallback to raft.server.rpc.timeout.max)
2025-09-07 09:44:06,041 [c7c0d573-77b1-47db-b09e-d84959a4a43f@group-AF0CBE3D3EB0-LeaderElection12] INFO  server.RaftServerConfigKeys (ConfUtils.java:logGet(62)) - raft.server.write.byte-limit = 1024 M (=1073741824) (custom)
2025-09-07 09:44:06,042 [grpc-default-executor-0] INFO  server.RaftServer$Division (RaftServerImpl.java:setFirstElection(576)) - 4c7984b5-42f1-4e4b-a334-601f88f38b33@group-AF0CBE3D3EB0: set firstElectionSinceStartup to false for candidate:c7c0d573-77b1-47db-b09e-d84959a4a43f
2025-09-07 09:44:06,045 [c7c0d573-77b1-47db-b09e-d84959a4a43f@group-AF0CBE3D3EB0-LeaderElection12] INFO  server.RaftServerConfigKeys (ConfUtils.java:logGet(62)) - raft.server.log.appender.buffer.byte-limit = 33554432 (custom)
2025-09-07 09:44:06,046 [grpc-default-executor-0] INFO  server.RaftServer$Division (RaftServerImpl.java:requestVote(1455)) - 4c7984b5-42f1-4e4b-a334-601f88f38b33@group-AF0CBE3D3EB0 replies to ELECTION vote request: c7c0d573-77b1-47db-b09e-d84959a4a43f<-4c7984b5-42f1-4e4b-a334-601f88f38b33#0:OK-t1-last:<INITIAL_VALUE>. Peer's state: 4c7984b5-42f1-4e4b-a334-601f88f38b33@group-AF0CBE3D3EB0:t1, leader=null, voted=c7c0d573-77b1-47db-b09e-d84959a4a43f, raftlog=Memoized:4c7984b5-42f1-4e4b-a334-601f88f38b33@group-AF0CBE3D3EB0-SegmentedRaftLog:OPENED:c-1:lastnull, conf=conf: {index: -1, cur=peers:[c7c0d573-77b1-47db-b09e-d84959a4a43f|127.0.0.1:15063, 486fef96-c6ec-41d9-a4ca-7ebb3d261081|127.0.0.1:15071, 4c7984b5-42f1-4e4b-a334-601f88f38b33|127.0.0.1:15079]|listeners:[], old=null}
2025-09-07 09:44:06,047 [c7c0d573-77b1-47db-b09e-d84959a4a43f@group-AF0CBE3D3EB0-LeaderElection12] INFO  server.RaftServerConfigKeys (ConfUtils.java:logGet(62)) - raft.server.log.appender.buffer.byte-limit = 33554432 (custom)
2025-09-07 09:44:06,048 [c7c0d573-77b1-47db-b09e-d84959a4a43f@group-AF0CBE3D3EB0-LeaderElection12] INFO  impl.RoleInfo (RoleInfo.java:updateAndGet(148)) - c7c0d573-77b1-47db-b09e-d84959a4a43f: start c7c0d573-77b1-47db-b09e-d84959a4a43f@group-AF0CBE3D3EB0-LeaderStateImpl
2025-09-07 09:44:06,048 [c7c0d573-77b1-47db-b09e-d84959a4a43f@group-AF0CBE3D3EB0-LeaderElection12] INFO  server.RaftServer$Division (RaftServerImpl.java:setFirstElection(576)) - c7c0d573-77b1-47db-b09e-d84959a4a43f@group-AF0CBE3D3EB0: set firstElectionSinceStartup to false for becomeLeader
2025-09-07 09:44:06,048 [c7c0d573-77b1-47db-b09e-d84959a4a43f@group-AF0CBE3D3EB0-LeaderElection12] INFO  ratis.XceiverServerRatis (XceiverServerRatis.java:handleLeaderChangedNotification(947)) - Leader change notification received for group: group-AF0CBE3D3EB0 with new leaderId: c7c0d573-77b1-47db-b09e-d84959a4a43f
2025-09-07 09:44:06,049 [c7c0d573-77b1-47db-b09e-d84959a4a43f@group-AF0CBE3D3EB0-LeaderElection12] INFO  server.RaftServer$Division (ServerState.java:setLeader(272)) - c7c0d573-77b1-47db-b09e-d84959a4a43f@group-AF0CBE3D3EB0: change Leader from null to c7c0d573-77b1-47db-b09e-d84959a4a43f at term 1 for becomeLeader, leader elected after 1123ms
2025-09-07 09:44:06,049 [c7c0d573-77b1-47db-b09e-d84959a4a43f@group-AF0CBE3D3EB0-LeaderElection12] INFO  segmented.SegmentedRaftLogWorker (SegmentedRaftLogWorker.java:startLogSegment(440)) - c7c0d573-77b1-47db-b09e-d84959a4a43f@group-AF0CBE3D3EB0-SegmentedRaftLogWorker: Starting segment from index:0
2025-09-07 09:44:06,049 [c7c0d573-77b1-47db-b09e-d84959a4a43f@group-AF0CBE3D3EB0-LeaderElection12] INFO  server.RaftServer$Division (ServerState.java:setRaftConf(386)) - c7c0d573-77b1-47db-b09e-d84959a4a43f@group-AF0CBE3D3EB0: set configuration conf: {index: 0, cur=peers:[c7c0d573-77b1-47db-b09e-d84959a4a43f|127.0.0.1:15063, 486fef96-c6ec-41d9-a4ca-7ebb3d261081|127.0.0.1:15071, 4c7984b5-42f1-4e4b-a334-601f88f38b33|127.0.0.1:15079]|listeners:[], old=null}
2025-09-07 09:44:06,050 [c7c0d573-77b1-47db-b09e-d84959a4a43f@group-AF0CBE3D3EB0-SegmentedRaftLogWorker] INFO  segmented.BufferedWriteChannel (BufferedWriteChannel.java:open(61)) - open log_inprogress_0 at position 0
2025-09-07 09:44:06,062 [grpc-default-executor-4] INFO  ratis.XceiverServerRatis (XceiverServerRatis.java:handleLeaderChangedNotification(947)) - Leader change notification received for group: group-AF0CBE3D3EB0 with new leaderId: c7c0d573-77b1-47db-b09e-d84959a4a43f
2025-09-07 09:44:06,062 [grpc-default-executor-4] INFO  server.RaftServer$Division (ServerState.java:setLeader(272)) - 4c7984b5-42f1-4e4b-a334-601f88f38b33@group-AF0CBE3D3EB0: change Leader from null to c7c0d573-77b1-47db-b09e-d84959a4a43f at term 1 for appendEntries, leader elected after 1047ms
2025-09-07 09:44:06,063 [grpc-default-executor-4] INFO  server.RaftServer$Division (ServerState.java:setRaftConf(386)) - 4c7984b5-42f1-4e4b-a334-601f88f38b33@group-AF0CBE3D3EB0: set configuration conf: {index: 0, cur=peers:[c7c0d573-77b1-47db-b09e-d84959a4a43f|127.0.0.1:15063, 486fef96-c6ec-41d9-a4ca-7ebb3d261081|127.0.0.1:15071, 4c7984b5-42f1-4e4b-a334-601f88f38b33|127.0.0.1:15079]|listeners:[], old=null}
2025-09-07 09:44:06,063 [grpc-default-executor-4] INFO  segmented.SegmentedRaftLogWorker (SegmentedRaftLogWorker.java:startLogSegment(440)) - 4c7984b5-42f1-4e4b-a334-601f88f38b33@group-AF0CBE3D3EB0-SegmentedRaftLogWorker: Starting segment from index:0
2025-09-07 09:44:06,064 [4c7984b5-42f1-4e4b-a334-601f88f38b33@group-AF0CBE3D3EB0-SegmentedRaftLogWorker] INFO  segmented.BufferedWriteChannel (BufferedWriteChannel.java:open(61)) - open log_inprogress_0 at position 0
2025-09-07 09:44:06,065 [EventQueue-PipelineReportForPipelineReportHandler] INFO  pipeline.PipelineReportHandler (PipelineReportHandler.java:processPipelineReport(134)) - Opened pipeline Pipeline-00271ae9-8e75-458f-be58-af0cbe3d3eb0
2025-09-07 09:44:06,068 [c7c0d573-77b1-47db-b09e-d84959a4a43f@group-AF0CBE3D3EB0-SegmentedRaftLogWorker] INFO  segmented.SegmentedRaftLogWorker (SegmentedRaftLogWorker.java:execute(647)) - c7c0d573-77b1-47db-b09e-d84959a4a43f@group-AF0CBE3D3EB0-SegmentedRaftLogWorker: created new log segment /home/runner/work/ozone/ozone/hadoop-ozone/integration-test/target/test-dir/MiniOzoneClusterImpl-023d5a78-e64c-43f3-a4d9-6f7884931d6c/ozone-metadata/datanode-7/ratis/00271ae9-8e75-458f-be58-af0cbe3d3eb0/current/log_inprogress_0
2025-09-07 09:44:06,069 [grpc-default-executor-5] INFO  ratis.XceiverServerRatis (XceiverServerRatis.java:handleLeaderChangedNotification(947)) - Leader change notification received for group: group-AF0CBE3D3EB0 with new leaderId: c7c0d573-77b1-47db-b09e-d84959a4a43f
2025-09-07 09:44:06,069 [grpc-default-executor-5] INFO  server.RaftServer$Division (ServerState.java:setLeader(272)) - 486fef96-c6ec-41d9-a4ca-7ebb3d261081@group-AF0CBE3D3EB0: change Leader from null to c7c0d573-77b1-47db-b09e-d84959a4a43f at term 1 for appendEntries, leader elected after 1092ms
2025-09-07 09:44:06,069 [grpc-default-executor-5] INFO  server.RaftServer$Division (ServerState.java:setRaftConf(386)) - 486fef96-c6ec-41d9-a4ca-7ebb3d261081@group-AF0CBE3D3EB0: set configuration conf: {index: 0, cur=peers:[c7c0d573-77b1-47db-b09e-d84959a4a43f|127.0.0.1:15063, 486fef96-c6ec-41d9-a4ca-7ebb3d261081|127.0.0.1:15071, 4c7984b5-42f1-4e4b-a334-601f88f38b33|127.0.0.1:15079]|listeners:[], old=null}
2025-09-07 09:44:06,069 [grpc-default-executor-5] INFO  segmented.SegmentedRaftLogWorker (SegmentedRaftLogWorker.java:startLogSegment(440)) - 486fef96-c6ec-41d9-a4ca-7ebb3d261081@group-AF0CBE3D3EB0-SegmentedRaftLogWorker: Starting segment from index:0
2025-09-07 09:44:06,071 [486fef96-c6ec-41d9-a4ca-7ebb3d261081@group-AF0CBE3D3EB0-SegmentedRaftLogWorker] INFO  segmented.BufferedWriteChannel (BufferedWriteChannel.java:open(61)) - open log_inprogress_0 at position 0
2025-09-07 09:44:06,082 [4c7984b5-42f1-4e4b-a334-601f88f38b33@group-AF0CBE3D3EB0-SegmentedRaftLogWorker] INFO  segmented.SegmentedRaftLogWorker (SegmentedRaftLogWorker.java:execute(647)) - 4c7984b5-42f1-4e4b-a334-601f88f38b33@group-AF0CBE3D3EB0-SegmentedRaftLogWorker: created new log segment /home/runner/work/ozone/ozone/hadoop-ozone/integration-test/target/test-dir/MiniOzoneClusterImpl-023d5a78-e64c-43f3-a4d9-6f7884931d6c/ozone-metadata/datanode-9/ratis/00271ae9-8e75-458f-be58-af0cbe3d3eb0/current/log_inprogress_0
2025-09-07 09:44:06,083 [486fef96-c6ec-41d9-a4ca-7ebb3d261081@group-AF0CBE3D3EB0-SegmentedRaftLogWorker] INFO  segmented.SegmentedRaftLogWorker (SegmentedRaftLogWorker.java:execute(647)) - 486fef96-c6ec-41d9-a4ca-7ebb3d261081@group-AF0CBE3D3EB0-SegmentedRaftLogWorker: created new log segment /home/runner/work/ozone/ozone/hadoop-ozone/integration-test/target/test-dir/MiniOzoneClusterImpl-023d5a78-e64c-43f3-a4d9-6f7884931d6c/ozone-metadata/datanode-8/ratis/00271ae9-8e75-458f-be58-af0cbe3d3eb0/current/log_inprogress_0
2025-09-07 09:44:06,088 [c7c0d573-77b1-47db-b09e-d84959a4a43f@group-AF0CBE3D3EB0-StateMachineUpdater] INFO  server.RaftServer$Division (LeaderStateImpl.java:checkStartIndex(309)) - Leader c7c0d573-77b1-47db-b09e-d84959a4a43f@group-AF0CBE3D3EB0-LeaderStateImpl is ready since appliedIndex == startIndex == 0
2025-09-07 09:44:06,092 [486fef96-c6ec-41d9-a4ca-7ebb3d261081-PipelineCommandHandlerThread-0] INFO  server.RaftServer (RaftServerProxy.java:addNew(105)) - 486fef96-c6ec-41d9-a4ca-7ebb3d261081: addNew group-A6D30A1C9E4D:[486fef96-c6ec-41d9-a4ca-7ebb3d261081|127.0.0.1:15071] returns group-A6D30A1C9E4D:java.util.concurrent.CompletableFuture@2ed31131[Not completed]
2025-09-07 09:44:06,095 [486fef96-c6ec-41d9-a4ca-7ebb3d261081-groupManagement] INFO  server.RaftServer$Division (RaftServerImpl.java:<init>(268)) - 486fef96-c6ec-41d9-a4ca-7ebb3d261081: new RaftServerImpl for group-A6D30A1C9E4D:[486fef96-c6ec-41d9-a4ca-7ebb3d261081|127.0.0.1:15071] with ContainerStateMachine:uninitialized
2025-09-07 09:44:06,096 [486fef96-c6ec-41d9-a4ca-7ebb3d261081-groupManagement] INFO  server.RaftServer$Division (ServerState.java:<init>(114)) - 486fef96-c6ec-41d9-a4ca-7ebb3d261081@group-A6D30A1C9E4D: ConfigurationManager, init=conf: {index: -1, cur=peers:[486fef96-c6ec-41d9-a4ca-7ebb3d261081|127.0.0.1:15071]|listeners:[], old=null}, confs=<EMPTY_MAP>
2025-09-07 09:44:06,100 [486fef96-c6ec-41d9-a4ca-7ebb3d261081-groupManagement] INFO  server.RaftServerConfigKeys (ConfUtils.java:logGet(62)) - raft.server.storage.dir = [/home/runner/work/ozone/ozone/hadoop-ozone/integration-test/target/test-dir/MiniOzoneClusterImpl-023d5a78-e64c-43f3-a4d9-6f7884931d6c/ozone-metadata/datanode-8/ratis] (custom)
2025-09-07 09:44:06,101 [486fef96-c6ec-41d9-a4ca-7ebb3d261081-groupManagement] INFO  storage.RaftStorageDirectory (RaftStorageDirectoryImpl.java:analyzeStorage(138)) - The storage directory /home/runner/work/ozone/ozone/hadoop-ozone/integration-test/target/test-dir/MiniOzoneClusterImpl-023d5a78-e64c-43f3-a4d9-6f7884931d6c/ozone-metadata/datanode-8/ratis/ca43f102-4fc8-4b2e-baf8-a6d30a1c9e4d does not exist. Creating ...
2025-09-07 09:44:06,104 [486fef96-c6ec-41d9-a4ca-7ebb3d261081-groupManagement] INFO  storage.RaftStorageDirectory (RaftStorageDirectoryImpl.java:tryLock(229)) - Lock on /home/runner/work/ozone/ozone/hadoop-ozone/integration-test/target/test-dir/MiniOzoneClusterImpl-023d5a78-e64c-43f3-a4d9-6f7884931d6c/ozone-metadata/datanode-8/ratis/ca43f102-4fc8-4b2e-baf8-a6d30a1c9e4d/in_use.lock acquired by nodename 23079@localhost
2025-09-07 09:44:06,105 [486fef96-c6ec-41d9-a4ca-7ebb3d261081-groupManagement] INFO  storage.RaftStorage (RaftStorageImpl.java:format(98)) - Storage directory /home/runner/work/ozone/ozone/hadoop-ozone/integration-test/target/test-dir/MiniOzoneClusterImpl-023d5a78-e64c-43f3-a4d9-6f7884931d6c/ozone-metadata/datanode-8/ratis/ca43f102-4fc8-4b2e-baf8-a6d30a1c9e4d has been successfully formatted.
2025-09-07 09:44:06,106 [486fef96-c6ec-41d9-a4ca-7ebb3d261081-groupManagement] INFO  ratis.ContainerStateMachine (ContainerStateMachine.java:initialize(339)) - 486fef96-c6ec-41d9-a4ca-7ebb3d261081: initialize group-A6D30A1C9E4D
2025-09-07 09:44:06,106 [486fef96-c6ec-41d9-a4ca-7ebb3d261081-groupManagement] INFO  ratis.ContainerStateMachine (ContainerStateMachine.java:loadSnapshot(347)) - group-A6D30A1C9E4D: The snapshot info is null. Setting the last applied index to:<INITIAL_VALUE>
2025-09-07 09:44:06,106 [486fef96-c6ec-41d9-a4ca-7ebb3d261081-groupManagement] INFO  server.RaftServerConfigKeys (ConfUtils.java:logGet(62)) - raft.server.log.appender.buffer.byte-limit = 33554432 (custom)
2025-09-07 09:44:06,108 [486fef96-c6ec-41d9-a4ca-7ebb3d261081-groupManagement] INFO  server.RaftServerConfigKeys (ConfUtils.java:logGet(62)) - raft.server.log.segment.size.max = 67108864 (custom)
2025-09-07 09:44:06,111 [EventQueue-PipelineReportForPipelineReportHandler] INFO  pipeline.PipelineReportHandler (PipelineReportHandler.java:processPipelineReport(134)) - Opened pipeline Pipeline-ca43f102-4fc8-4b2e-baf8-a6d30a1c9e4d
2025-09-07 09:44:06,113 [486fef96-c6ec-41d9-a4ca-7ebb3d261081-groupManagement] INFO  server.RaftServerConfigKeys (ConfUtils.java:logGet(62)) - raft.server.log.appender.buffer.byte-limit = 33554432 (custom)
2025-09-07 09:44:06,114 [486fef96-c6ec-41d9-a4ca-7ebb3d261081-groupManagement] INFO  util.AwaitToRun (AwaitToRun.java:start(81)) - Thread[#1420,486fef96-c6ec-41d9-a4ca-7ebb3d261081@group-A6D30A1C9E4D-cacheEviction-AwaitToRun,5,main] started
2025-09-07 09:44:06,114 [486fef96-c6ec-41d9-a4ca-7ebb3d261081-groupManagement] INFO  segmented.SegmentedRaftLogWorker (SegmentedRaftLogWorker.java:<init>(190)) - new 486fef96-c6ec-41d9-a4ca-7ebb3d261081@group-A6D30A1C9E4D-SegmentedRaftLogWorker for RaftStorageImpl:Storage Directory /home/runner/work/ozone/ozone/hadoop-ozone/integration-test/target/test-dir/MiniOzoneClusterImpl-023d5a78-e64c-43f3-a4d9-6f7884931d6c/ozone-metadata/datanode-8/ratis/ca43f102-4fc8-4b2e-baf8-a6d30a1c9e4d
2025-09-07 09:44:06,114 [486fef96-c6ec-41d9-a4ca-7ebb3d261081-groupManagement] INFO  server.RaftServerConfigKeys (ConfUtils.java:logGet(62)) - raft.server.log.queue.byte-limit = 4294967296 (custom)
2025-09-07 09:44:06,114 [486fef96-c6ec-41d9-a4ca-7ebb3d261081-groupManagement] INFO  server.RaftServerConfigKeys (ConfUtils.java:logGet(62)) - raft.server.log.segment.size.max = 67108864 (custom)
2025-09-07 09:44:06,114 [486fef96-c6ec-41d9-a4ca-7ebb3d261081-groupManagement] INFO  server.RaftServerConfigKeys (ConfUtils.java:logGet(62)) - raft.server.log.preallocated.size = 4194304 (custom)
2025-09-07 09:44:06,115 [486fef96-c6ec-41d9-a4ca-7ebb3d261081-groupManagement] INFO  server.RaftServerConfigKeys (ConfUtils.java:logGet(62)) - raft.server.log.write.buffer.size = 33554440 (custom)
2025-09-07 09:44:06,121 [486fef96-c6ec-41d9-a4ca-7ebb3d261081-groupManagement] INFO  server.RaftServerConfigKeys (ConfUtils.java:logGet(62)) - raft.server.log.appender.buffer.byte-limit = 33554432 (custom)
2025-09-07 09:44:06,122 [486fef96-c6ec-41d9-a4ca-7ebb3d261081-groupManagement] INFO  segmented.SegmentedRaftLogWorker (SegmentedRaftLogWorker.java:lambda$new$0(141)) - 486fef96-c6ec-41d9-a4ca-7ebb3d261081@group-A6D30A1C9E4D-SegmentedRaftLogWorker: flushIndex: setUnconditionally 0 -> -1
2025-09-07 09:44:06,123 [486fef96-c6ec-41d9-a4ca-7ebb3d261081-groupManagement] INFO  segmented.SegmentedRaftLogWorker (SegmentedRaftLogWorker.java:lambda$new$0(141)) - 486fef96-c6ec-41d9-a4ca-7ebb3d261081@group-A6D30A1C9E4D-SegmentedRaftLogWorker: safeCacheEvictIndex: setUnconditionally 0 -> -1
2025-09-07 09:44:06,123 [486fef96-c6ec-41d9-a4ca-7ebb3d261081-groupManagement] INFO  server.RaftServer$Division (RaftServerImpl.java:start(405)) - 486fef96-c6ec-41d9-a4ca-7ebb3d261081@group-A6D30A1C9E4D: start as a follower, conf=conf: {index: -1, cur=peers:[486fef96-c6ec-41d9-a4ca-7ebb3d261081|127.0.0.1:15071]|listeners:[], old=null}
2025-09-07 09:44:06,124 [486fef96-c6ec-41d9-a4ca-7ebb3d261081-groupManagement] INFO  server.RaftServer$Division (RaftServerImpl.java:setRole(392)) - 486fef96-c6ec-41d9-a4ca-7ebb3d261081@group-A6D30A1C9E4D: changes role from      null to FOLLOWER at term 0 for startAsFollower
2025-09-07 09:44:06,124 [486fef96-c6ec-41d9-a4ca-7ebb3d261081-groupManagement] INFO  impl.RoleInfo (RoleInfo.java:updateAndGet(148)) - 486fef96-c6ec-41d9-a4ca-7ebb3d261081: start 486fef96-c6ec-41d9-a4ca-7ebb3d261081@group-A6D30A1C9E4D-FollowerState
2025-09-07 09:44:06,125 [486fef96-c6ec-41d9-a4ca-7ebb3d261081-groupManagement] INFO  util.JmxRegister (JmxRegister.java:tryRegister(44)) - Successfully registered JMX Bean with object name Ratis:service=RaftServer,group=group-A6D30A1C9E4D,id=486fef96-c6ec-41d9-a4ca-7ebb3d261081
2025-09-07 09:44:06,125 [486fef96-c6ec-41d9-a4ca-7ebb3d261081-groupManagement] INFO  util.JmxRegister (JmxRegister.java:register(58)) - register mxBean class org.apache.ratis.server.impl.RaftServerJmxAdapter as Ratis:service=RaftServer,group=group-A6D30A1C9E4D,id=486fef96-c6ec-41d9-a4ca-7ebb3d261081
2025-09-07 09:44:06,126 [486fef96-c6ec-41d9-a4ca-7ebb3d261081-groupManagement] INFO  server.RaftServer$Division (RaftServerImpl.java:start(419)) - 486fef96-c6ec-41d9-a4ca-7ebb3d261081@group-A6D30A1C9E4D: Successfully started.
2025-09-07 09:44:06,127 [486fef96-c6ec-41d9-a4ca-7ebb3d261081-PipelineCommandHandlerThread-0] INFO  ratis.XceiverServerRatis (XceiverServerRatis.java:addGroup(846)) - Created group Pipeline-ca43f102-4fc8-4b2e-baf8-a6d30a1c9e4d
2025-09-07 09:44:06,127 [486fef96-c6ec-41d9-a4ca-7ebb3d261081-PipelineCommandHandlerThread-0] INFO  commandhandler.CreatePipelineCommandHandler (CreatePipelineCommandHandler.java:lambda$handle$2(127)) - Created Pipeline RATIS ONE Pipeline-ca43f102-4fc8-4b2e-baf8-a6d30a1c9e4d.
2025-09-07 09:44:06,155 [c7c0d573-77b1-47db-b09e-d84959a4a43f@group-7A90E47A063C-FollowerState] INFO  impl.FollowerState (FollowerState.java:runImpl(161)) - c7c0d573-77b1-47db-b09e-d84959a4a43f@group-7A90E47A063C-FollowerState: change to CANDIDATE, lastRpcElapsedTime:1056884193ns, electionTimeout:1056ms
2025-09-07 09:44:06,156 [c7c0d573-77b1-47db-b09e-d84959a4a43f@group-7A90E47A063C-FollowerState] INFO  impl.RoleInfo (RoleInfo.java:shutdownFollowerState(121)) - c7c0d573-77b1-47db-b09e-d84959a4a43f: shutdown c7c0d573-77b1-47db-b09e-d84959a4a43f@group-7A90E47A063C-FollowerState
2025-09-07 09:44:06,156 [c7c0d573-77b1-47db-b09e-d84959a4a43f@group-7A90E47A063C-FollowerState] INFO  server.RaftServer$Division (RaftServerImpl.java:setRole(392)) - c7c0d573-77b1-47db-b09e-d84959a4a43f@group-7A90E47A063C: changes role from  FOLLOWER to CANDIDATE at term 0 for changeToCandidate
2025-09-07 09:44:06,156 [c7c0d573-77b1-47db-b09e-d84959a4a43f@group-7A90E47A063C-FollowerState] INFO  impl.RoleInfo (RoleInfo.java:updateAndGet(148)) - c7c0d573-77b1-47db-b09e-d84959a4a43f: start c7c0d573-77b1-47db-b09e-d84959a4a43f@group-7A90E47A063C-LeaderElection13
2025-09-07 09:44:06,158 [c7c0d573-77b1-47db-b09e-d84959a4a43f@group-7A90E47A063C-LeaderElection13] INFO  impl.LeaderElection (LeaderElection.java:askForVotes(448)) - c7c0d573-77b1-47db-b09e-d84959a4a43f@group-7A90E47A063C-LeaderElection13 PRE_VOTE round 0: submit vote requests at term 0 for conf: {index: -1, cur=peers:[c7c0d573-77b1-47db-b09e-d84959a4a43f|127.0.0.1:15063, 486fef96-c6ec-41d9-a4ca-7ebb3d261081|127.0.0.1:15071, 4c7984b5-42f1-4e4b-a334-601f88f38b33|127.0.0.1:15079]|listeners:[], old=null}
2025-09-07 09:44:06,164 [grpc-default-executor-4] INFO  server.RaftServer$Division (RaftServerImpl.java:requestVote(1421)) - 486fef96-c6ec-41d9-a4ca-7ebb3d261081@group-7A90E47A063C: receive requestVote(PRE_VOTE, c7c0d573-77b1-47db-b09e-d84959a4a43f, group-7A90E47A063C, 0, <PROTO_DEFAULT>)
2025-09-07 09:44:06,165 [grpc-default-executor-4] INFO  impl.VoteContext (VoteContext.java:log(49)) - 486fef96-c6ec-41d9-a4ca-7ebb3d261081@group-7A90E47A063C-FOLLOWER: reject PRE_VOTE from c7c0d573-77b1-47db-b09e-d84959a4a43f: our priority 1 > candidate's priority 0
2025-09-07 09:44:06,165 [grpc-default-executor-4] INFO  server.RaftServer$Division (RaftServerImpl.java:requestVote(1455)) - 486fef96-c6ec-41d9-a4ca-7ebb3d261081@group-7A90E47A063C replies to PRE_VOTE vote request: c7c0d573-77b1-47db-b09e-d84959a4a43f<-486fef96-c6ec-41d9-a4ca-7ebb3d261081#0:FAIL-t0-last:<INITIAL_VALUE>. Peer's state: 486fef96-c6ec-41d9-a4ca-7ebb3d261081@group-7A90E47A063C:t0, leader=null, voted=, raftlog=Memoized:486fef96-c6ec-41d9-a4ca-7ebb3d261081@group-7A90E47A063C-SegmentedRaftLog:OPENED:c-1:lastnull, conf=conf: {index: -1, cur=peers:[c7c0d573-77b1-47db-b09e-d84959a4a43f|127.0.0.1:15063, 486fef96-c6ec-41d9-a4ca-7ebb3d261081|127.0.0.1:15071, 4c7984b5-42f1-4e4b-a334-601f88f38b33|127.0.0.1:15079]|listeners:[], old=null}
2025-09-07 09:44:06,167 [c7c0d573-77b1-47db-b09e-d84959a4a43f@group-7A90E47A063C-LeaderElection13] INFO  impl.LeaderElection (LeaderElection.java:logAndReturn(206)) - c7c0d573-77b1-47db-b09e-d84959a4a43f@group-7A90E47A063C-LeaderElection13: PRE_VOTE REJECTED received 1 response(s) and 0 exception(s):
2025-09-07 09:44:06,167 [c7c0d573-77b1-47db-b09e-d84959a4a43f@group-7A90E47A063C-LeaderElection13] INFO  impl.LeaderElection (LeaderElection.java:logAndReturn(210)) -   Response 0: c7c0d573-77b1-47db-b09e-d84959a4a43f<-486fef96-c6ec-41d9-a4ca-7ebb3d261081#0:FAIL-t0-last:<INITIAL_VALUE>
2025-09-07 09:44:06,168 [c7c0d573-77b1-47db-b09e-d84959a4a43f@group-7A90E47A063C-LeaderElection13] INFO  impl.LeaderElection (LeaderElection.java:askForVotes(450)) - c7c0d573-77b1-47db-b09e-d84959a4a43f@group-7A90E47A063C-LeaderElection13 PRE_VOTE round 0: result REJECTED
2025-09-07 09:44:06,168 [c7c0d573-77b1-47db-b09e-d84959a4a43f@group-7A90E47A063C-LeaderElection13] INFO  server.RaftServer$Division (RaftServerImpl.java:setRole(392)) - c7c0d573-77b1-47db-b09e-d84959a4a43f@group-7A90E47A063C: changes role from CANDIDATE to FOLLOWER at term 0 for REJECTED
2025-09-07 09:44:06,168 [c7c0d573-77b1-47db-b09e-d84959a4a43f@group-7A90E47A063C-LeaderElection13] INFO  impl.RoleInfo (RoleInfo.java:shutdownLeaderElection(141)) - c7c0d573-77b1-47db-b09e-d84959a4a43f: shutdown c7c0d573-77b1-47db-b09e-d84959a4a43f@group-7A90E47A063C-LeaderElection13
2025-09-07 09:44:06,168 [c7c0d573-77b1-47db-b09e-d84959a4a43f@group-7A90E47A063C-LeaderElection13] INFO  impl.RoleInfo (RoleInfo.java:updateAndGet(148)) - c7c0d573-77b1-47db-b09e-d84959a4a43f: start c7c0d573-77b1-47db-b09e-d84959a4a43f@group-7A90E47A063C-FollowerState
2025-09-07 09:44:06,169 [c7c0d573-77b1-47db-b09e-d84959a4a43f@group-7A90E47A063C-LeaderElection13] INFO  server.RaftServer$Division (RaftServerImpl.java:setFirstElection(576)) - c7c0d573-77b1-47db-b09e-d84959a4a43f@group-7A90E47A063C: set firstElectionSinceStartup to false for REJECTED
2025-09-07 09:44:06,170 [7c7182dc-ac7f-44a8-b1d4-5d10f99cbcf2@group-91458CD34E0F-FollowerState] INFO  impl.FollowerState (FollowerState.java:runImpl(161)) - 7c7182dc-ac7f-44a8-b1d4-5d10f99cbcf2@group-91458CD34E0F-FollowerState: change to CANDIDATE, lastRpcElapsedTime:1119168299ns, electionTimeout:1118ms
2025-09-07 09:44:06,170 [7c7182dc-ac7f-44a8-b1d4-5d10f99cbcf2@group-91458CD34E0F-FollowerState] INFO  impl.RoleInfo (RoleInfo.java:shutdownFollowerState(121)) - 7c7182dc-ac7f-44a8-b1d4-5d10f99cbcf2: shutdown 7c7182dc-ac7f-44a8-b1d4-5d10f99cbcf2@group-91458CD34E0F-FollowerState
2025-09-07 09:44:06,170 [7c7182dc-ac7f-44a8-b1d4-5d10f99cbcf2@group-91458CD34E0F-FollowerState] INFO  server.RaftServer$Division (RaftServerImpl.java:setRole(392)) - 7c7182dc-ac7f-44a8-b1d4-5d10f99cbcf2@group-91458CD34E0F: changes role from  FOLLOWER to CANDIDATE at term 0 for changeToCandidate
2025-09-07 09:44:06,170 [7c7182dc-ac7f-44a8-b1d4-5d10f99cbcf2@group-91458CD34E0F-FollowerState] INFO  impl.RoleInfo (RoleInfo.java:updateAndGet(148)) - 7c7182dc-ac7f-44a8-b1d4-5d10f99cbcf2: start 7c7182dc-ac7f-44a8-b1d4-5d10f99cbcf2@group-91458CD34E0F-LeaderElection14
2025-09-07 09:44:06,171 [7c7182dc-ac7f-44a8-b1d4-5d10f99cbcf2@group-91458CD34E0F-LeaderElection14] INFO  impl.LeaderElection (LeaderElection.java:askForVotes(448)) - 7c7182dc-ac7f-44a8-b1d4-5d10f99cbcf2@group-91458CD34E0F-LeaderElection14 PRE_VOTE round 0: submit vote requests at term 0 for conf: {index: -1, cur=peers:[7c7182dc-ac7f-44a8-b1d4-5d10f99cbcf2|127.0.0.1:15039]|listeners:[], old=null}
2025-09-07 09:44:06,171 [7c7182dc-ac7f-44a8-b1d4-5d10f99cbcf2@group-91458CD34E0F-LeaderElection14] INFO  impl.LeaderElection (LeaderElection.java:askForVotes(450)) - 7c7182dc-ac7f-44a8-b1d4-5d10f99cbcf2@group-91458CD34E0F-LeaderElection14 PRE_VOTE round 0: result PASSED (term=0)
2025-09-07 09:44:06,174 [7c7182dc-ac7f-44a8-b1d4-5d10f99cbcf2@group-91458CD34E0F-LeaderElection14] INFO  impl.LeaderElection (LeaderElection.java:askForVotes(448)) - 7c7182dc-ac7f-44a8-b1d4-5d10f99cbcf2@group-91458CD34E0F-LeaderElection14 ELECTION round 0: submit vote requests at term 1 for conf: {index: -1, cur=peers:[7c7182dc-ac7f-44a8-b1d4-5d10f99cbcf2|127.0.0.1:15039]|listeners:[], old=null}
2025-09-07 09:44:06,174 [7c7182dc-ac7f-44a8-b1d4-5d10f99cbcf2@group-91458CD34E0F-LeaderElection14] INFO  impl.LeaderElection (LeaderElection.java:askForVotes(450)) - 7c7182dc-ac7f-44a8-b1d4-5d10f99cbcf2@group-91458CD34E0F-LeaderElection14 ELECTION round 0: result PASSED (term=1)
2025-09-07 09:44:06,174 [7c7182dc-ac7f-44a8-b1d4-5d10f99cbcf2@group-91458CD34E0F-LeaderElection14] INFO  impl.RoleInfo (RoleInfo.java:shutdownLeaderElection(141)) - 7c7182dc-ac7f-44a8-b1d4-5d10f99cbcf2: shutdown 7c7182dc-ac7f-44a8-b1d4-5d10f99cbcf2@group-91458CD34E0F-LeaderElection14
2025-09-07 09:44:06,174 [7c7182dc-ac7f-44a8-b1d4-5d10f99cbcf2@group-91458CD34E0F-LeaderElection14] INFO  server.RaftServer$Division (RaftServerImpl.java:setRole(392)) - 7c7182dc-ac7f-44a8-b1d4-5d10f99cbcf2@group-91458CD34E0F: changes role from CANDIDATE to LEADER at term 1 for changeToLeader
2025-09-07 09:44:06,174 [7c7182dc-ac7f-44a8-b1d4-5d10f99cbcf2@group-91458CD34E0F-LeaderElection14] INFO  server.RaftServerConfigKeys (ConfUtils.java:logFallback(69)) - raft.server.staging.timeout = 3600ms (fallback to raft.server.rpc.timeout.max)
2025-09-07 09:44:06,174 [7c7182dc-ac7f-44a8-b1d4-5d10f99cbcf2@group-91458CD34E0F-LeaderElection14] INFO  server.RaftServerConfigKeys (ConfUtils.java:logGet(62)) - raft.server.write.byte-limit = 1024 M (=1073741824) (custom)
2025-09-07 09:44:06,178 [7c7182dc-ac7f-44a8-b1d4-5d10f99cbcf2@group-91458CD34E0F-LeaderElection14] INFO  impl.RoleInfo (RoleInfo.java:updateAndGet(148)) - 7c7182dc-ac7f-44a8-b1d4-5d10f99cbcf2: start 7c7182dc-ac7f-44a8-b1d4-5d10f99cbcf2@group-91458CD34E0F-LeaderStateImpl
2025-09-07 09:44:06,178 [7c7182dc-ac7f-44a8-b1d4-5d10f99cbcf2@group-91458CD34E0F-LeaderElection14] INFO  server.RaftServer$Division (RaftServerImpl.java:setFirstElection(576)) - 7c7182dc-ac7f-44a8-b1d4-5d10f99cbcf2@group-91458CD34E0F: set firstElectionSinceStartup to false for becomeLeader
2025-09-07 09:44:06,178 [7c7182dc-ac7f-44a8-b1d4-5d10f99cbcf2@group-91458CD34E0F-LeaderElection14] INFO  ratis.XceiverServerRatis (XceiverServerRatis.java:handleLeaderChangedNotification(947)) - Leader change notification received for group: group-91458CD34E0F with new leaderId: 7c7182dc-ac7f-44a8-b1d4-5d10f99cbcf2
2025-09-07 09:44:06,179 [7c7182dc-ac7f-44a8-b1d4-5d10f99cbcf2@group-91458CD34E0F-LeaderElection14] INFO  server.RaftServer$Division (ServerState.java:setLeader(272)) - 7c7182dc-ac7f-44a8-b1d4-5d10f99cbcf2@group-91458CD34E0F: change Leader from null to 7c7182dc-ac7f-44a8-b1d4-5d10f99cbcf2 at term 1 for becomeLeader, leader elected after 1157ms
2025-09-07 09:44:06,180 [7c7182dc-ac7f-44a8-b1d4-5d10f99cbcf2@group-91458CD34E0F-LeaderElection14] INFO  segmented.SegmentedRaftLogWorker (SegmentedRaftLogWorker.java:startLogSegment(440)) - 7c7182dc-ac7f-44a8-b1d4-5d10f99cbcf2@group-91458CD34E0F-SegmentedRaftLogWorker: Starting segment from index:0
2025-09-07 09:44:06,180 [7c7182dc-ac7f-44a8-b1d4-5d10f99cbcf2@group-91458CD34E0F-SegmentedRaftLogWorker] INFO  segmented.BufferedWriteChannel (BufferedWriteChannel.java:open(61)) - open log_inprogress_0 at position 0
2025-09-07 09:44:06,181 [7c7182dc-ac7f-44a8-b1d4-5d10f99cbcf2@group-91458CD34E0F-LeaderElection14] INFO  server.RaftServer$Division (ServerState.java:setRaftConf(386)) - 7c7182dc-ac7f-44a8-b1d4-5d10f99cbcf2@group-91458CD34E0F: set configuration conf: {index: 0, cur=peers:[7c7182dc-ac7f-44a8-b1d4-5d10f99cbcf2|127.0.0.1:15039]|listeners:[], old=null}
2025-09-07 09:44:06,191 [7c7182dc-ac7f-44a8-b1d4-5d10f99cbcf2@group-91458CD34E0F-SegmentedRaftLogWorker] INFO  segmented.SegmentedRaftLogWorker (SegmentedRaftLogWorker.java:execute(647)) - 7c7182dc-ac7f-44a8-b1d4-5d10f99cbcf2@group-91458CD34E0F-SegmentedRaftLogWorker: created new log segment /home/runner/work/ozone/ozone/hadoop-ozone/integration-test/target/test-dir/MiniOzoneClusterImpl-023d5a78-e64c-43f3-a4d9-6f7884931d6c/ozone-metadata/datanode-4/ratis/40ed6c18-2432-483b-87ed-91458cd34e0f/current/log_inprogress_0
2025-09-07 09:44:06,193 [7c7182dc-ac7f-44a8-b1d4-5d10f99cbcf2@group-09A5C1734F32-FollowerState] INFO  impl.FollowerState (FollowerState.java:runImpl(161)) - 7c7182dc-ac7f-44a8-b1d4-5d10f99cbcf2@group-09A5C1734F32-FollowerState: change to CANDIDATE, lastRpcElapsedTime:1092660467ns, electionTimeout:1091ms
2025-09-07 09:44:06,193 [7c7182dc-ac7f-44a8-b1d4-5d10f99cbcf2@group-09A5C1734F32-FollowerState] INFO  impl.RoleInfo (RoleInfo.java:shutdownFollowerState(121)) - 7c7182dc-ac7f-44a8-b1d4-5d10f99cbcf2: shutdown 7c7182dc-ac7f-44a8-b1d4-5d10f99cbcf2@group-09A5C1734F32-FollowerState
2025-09-07 09:44:06,193 [7c7182dc-ac7f-44a8-b1d4-5d10f99cbcf2@group-09A5C1734F32-FollowerState] INFO  server.RaftServer$Division (RaftServerImpl.java:setRole(392)) - 7c7182dc-ac7f-44a8-b1d4-5d10f99cbcf2@group-09A5C1734F32: changes role from  FOLLOWER to CANDIDATE at term 0 for changeToCandidate
2025-09-07 09:44:06,194 [7c7182dc-ac7f-44a8-b1d4-5d10f99cbcf2@group-09A5C1734F32-FollowerState] INFO  impl.RoleInfo (RoleInfo.java:updateAndGet(148)) - 7c7182dc-ac7f-44a8-b1d4-5d10f99cbcf2: start 7c7182dc-ac7f-44a8-b1d4-5d10f99cbcf2@group-09A5C1734F32-LeaderElection15
2025-09-07 09:44:06,194 [7c7182dc-ac7f-44a8-b1d4-5d10f99cbcf2@group-09A5C1734F32-LeaderElection15] INFO  impl.LeaderElection (LeaderElection.java:askForVotes(448)) - 7c7182dc-ac7f-44a8-b1d4-5d10f99cbcf2@group-09A5C1734F32-LeaderElection15 PRE_VOTE round 0: submit vote requests at term 0 for conf: {index: -1, cur=peers:[90a60b70-6b91-4fb2-a612-7ac0b6911dfc|127.0.0.1:15047, e6e13cb3-e32b-4d2d-874a-1e4700c67398|127.0.0.1:15055, 7c7182dc-ac7f-44a8-b1d4-5d10f99cbcf2|127.0.0.1:15039]|listeners:[], old=null}
2025-09-07 09:44:06,195 [7c7182dc-ac7f-44a8-b1d4-5d10f99cbcf2@group-09A5C1734F32-LeaderElection15-1] INFO  server.GrpcServerProtocolClient (GrpcServerProtocolClient.java:<init>(65)) - Build channel for 90a60b70-6b91-4fb2-a612-7ac0b6911dfc|127.0.0.1:15047
2025-09-07 09:44:06,195 [7c7182dc-ac7f-44a8-b1d4-5d10f99cbcf2@group-91458CD34E0F-StateMachineUpdater] INFO  server.RaftServer$Division (LeaderStateImpl.java:checkStartIndex(309)) - Leader 7c7182dc-ac7f-44a8-b1d4-5d10f99cbcf2@group-91458CD34E0F-LeaderStateImpl is ready since appliedIndex == startIndex == 0
2025-09-07 09:44:06,199 [7c7182dc-ac7f-44a8-b1d4-5d10f99cbcf2@group-09A5C1734F32-LeaderElection15-2] INFO  server.GrpcServerProtocolClient (GrpcServerProtocolClient.java:<init>(65)) - Build channel for e6e13cb3-e32b-4d2d-874a-1e4700c67398|127.0.0.1:15055
2025-09-07 09:44:06,208 [grpc-default-executor-4] INFO  server.RaftServer$Division (RaftServerImpl.java:requestVote(1421)) - 90a60b70-6b91-4fb2-a612-7ac0b6911dfc@group-09A5C1734F32: receive requestVote(PRE_VOTE, 7c7182dc-ac7f-44a8-b1d4-5d10f99cbcf2, group-09A5C1734F32, 0, <PROTO_DEFAULT>)
2025-09-07 09:44:06,209 [grpc-default-executor-4] INFO  impl.VoteContext (VoteContext.java:log(49)) - 90a60b70-6b91-4fb2-a612-7ac0b6911dfc@group-09A5C1734F32-FOLLOWER: accept PRE_VOTE from 7c7182dc-ac7f-44a8-b1d4-5d10f99cbcf2: our priority 0 <= candidate's priority 1
2025-09-07 09:44:06,210 [grpc-default-executor-4] INFO  server.RaftServer$Division (RaftServerImpl.java:requestVote(1455)) - 90a60b70-6b91-4fb2-a612-7ac0b6911dfc@group-09A5C1734F32 replies to PRE_VOTE vote request: 7c7182dc-ac7f-44a8-b1d4-5d10f99cbcf2<-90a60b70-6b91-4fb2-a612-7ac0b6911dfc#0:OK-t0-last:<INITIAL_VALUE>. Peer's state: 90a60b70-6b91-4fb2-a612-7ac0b6911dfc@group-09A5C1734F32:t0, leader=null, voted=, raftlog=Memoized:90a60b70-6b91-4fb2-a612-7ac0b6911dfc@group-09A5C1734F32-SegmentedRaftLog:OPENED:c-1:lastnull, conf=conf: {index: -1, cur=peers:[90a60b70-6b91-4fb2-a612-7ac0b6911dfc|127.0.0.1:15047, e6e13cb3-e32b-4d2d-874a-1e4700c67398|127.0.0.1:15055, 7c7182dc-ac7f-44a8-b1d4-5d10f99cbcf2|127.0.0.1:15039]|listeners:[], old=null}
2025-09-07 09:44:06,212 [grpc-default-executor-0] INFO  server.RaftServer$Division (RaftServerImpl.java:requestVote(1421)) - e6e13cb3-e32b-4d2d-874a-1e4700c67398@group-09A5C1734F32: receive requestVote(PRE_VOTE, 7c7182dc-ac7f-44a8-b1d4-5d10f99cbcf2, group-09A5C1734F32, 0, <PROTO_DEFAULT>)
2025-09-07 09:44:06,213 [grpc-default-executor-0] INFO  impl.VoteContext (VoteContext.java:log(49)) - e6e13cb3-e32b-4d2d-874a-1e4700c67398@group-09A5C1734F32-FOLLOWER: accept PRE_VOTE from 7c7182dc-ac7f-44a8-b1d4-5d10f99cbcf2: our priority 0 <= candidate's priority 1
2025-09-07 09:44:06,213 [grpc-default-executor-0] INFO  server.RaftServer$Division (RaftServerImpl.java:requestVote(1455)) - e6e13cb3-e32b-4d2d-874a-1e4700c67398@group-09A5C1734F32 replies to PRE_VOTE vote request: 7c7182dc-ac7f-44a8-b1d4-5d10f99cbcf2<-e6e13cb3-e32b-4d2d-874a-1e4700c67398#0:OK-t0-last:<INITIAL_VALUE>. Peer's state: e6e13cb3-e32b-4d2d-874a-1e4700c67398@group-09A5C1734F32:t0, leader=null, voted=, raftlog=Memoized:e6e13cb3-e32b-4d2d-874a-1e4700c67398@group-09A5C1734F32-SegmentedRaftLog:OPENED:c-1:lastnull, conf=conf: {index: -1, cur=peers:[90a60b70-6b91-4fb2-a612-7ac0b6911dfc|127.0.0.1:15047, e6e13cb3-e32b-4d2d-874a-1e4700c67398|127.0.0.1:15055, 7c7182dc-ac7f-44a8-b1d4-5d10f99cbcf2|127.0.0.1:15039]|listeners:[], old=null}
2025-09-07 09:44:06,216 [7c7182dc-ac7f-44a8-b1d4-5d10f99cbcf2@group-09A5C1734F32-LeaderElection15] INFO  impl.LeaderElection (LeaderElection.java:logAndReturn(206)) - 7c7182dc-ac7f-44a8-b1d4-5d10f99cbcf2@group-09A5C1734F32-LeaderElection15: PRE_VOTE PASSED received 1 response(s) and 0 exception(s):
2025-09-07 09:44:06,217 [7c7182dc-ac7f-44a8-b1d4-5d10f99cbcf2@group-09A5C1734F32-LeaderElection15] INFO  impl.LeaderElection (LeaderElection.java:logAndReturn(210)) -   Response 0: 7c7182dc-ac7f-44a8-b1d4-5d10f99cbcf2<-90a60b70-6b91-4fb2-a612-7ac0b6911dfc#0:OK-t0-last:<INITIAL_VALUE>
2025-09-07 09:44:06,217 [7c7182dc-ac7f-44a8-b1d4-5d10f99cbcf2@group-09A5C1734F32-LeaderElection15] INFO  impl.LeaderElection (LeaderElection.java:askForVotes(450)) - 7c7182dc-ac7f-44a8-b1d4-5d10f99cbcf2@group-09A5C1734F32-LeaderElection15 PRE_VOTE round 0: result PASSED
2025-09-07 09:44:06,219 [7c7182dc-ac7f-44a8-b1d4-5d10f99cbcf2@group-09A5C1734F32-LeaderElection15] INFO  impl.LeaderElection (LeaderElection.java:askForVotes(448)) - 7c7182dc-ac7f-44a8-b1d4-5d10f99cbcf2@group-09A5C1734F32-LeaderElection15 ELECTION round 0: submit vote requests at term 1 for conf: {index: -1, cur=peers:[90a60b70-6b91-4fb2-a612-7ac0b6911dfc|127.0.0.1:15047, e6e13cb3-e32b-4d2d-874a-1e4700c67398|127.0.0.1:15055, 7c7182dc-ac7f-44a8-b1d4-5d10f99cbcf2|127.0.0.1:15039]|listeners:[], old=null}
2025-09-07 09:44:06,231 [grpc-default-executor-1] INFO  server.RaftServer$Division (RaftServerImpl.java:requestVote(1421)) - 90a60b70-6b91-4fb2-a612-7ac0b6911dfc@group-09A5C1734F32: receive requestVote(ELECTION, 7c7182dc-ac7f-44a8-b1d4-5d10f99cbcf2, group-09A5C1734F32, 1, <PROTO_DEFAULT>)
2025-09-07 09:44:06,232 [grpc-default-executor-1] INFO  impl.VoteContext (VoteContext.java:log(49)) - 90a60b70-6b91-4fb2-a612-7ac0b6911dfc@group-09A5C1734F32-FOLLOWER: accept ELECTION from 7c7182dc-ac7f-44a8-b1d4-5d10f99cbcf2: our priority 0 <= candidate's priority 1
2025-09-07 09:44:06,232 [grpc-default-executor-1] INFO  server.RaftServer$Division (RaftServerImpl.java:setRole(392)) - 90a60b70-6b91-4fb2-a612-7ac0b6911dfc@group-09A5C1734F32: changes role from  FOLLOWER to FOLLOWER at term 0 for candidate:7c7182dc-ac7f-44a8-b1d4-5d10f99cbcf2
2025-09-07 09:44:06,232 [grpc-default-executor-1] INFO  impl.RoleInfo (RoleInfo.java:shutdownFollowerState(121)) - 90a60b70-6b91-4fb2-a612-7ac0b6911dfc: shutdown 90a60b70-6b91-4fb2-a612-7ac0b6911dfc@group-09A5C1734F32-FollowerState
2025-09-07 09:44:06,232 [grpc-default-executor-1] INFO  impl.RoleInfo (RoleInfo.java:updateAndGet(148)) - 90a60b70-6b91-4fb2-a612-7ac0b6911dfc: start 90a60b70-6b91-4fb2-a612-7ac0b6911dfc@group-09A5C1734F32-FollowerState
2025-09-07 09:44:06,232 [90a60b70-6b91-4fb2-a612-7ac0b6911dfc@group-09A5C1734F32-FollowerState] INFO  impl.FollowerState (FollowerState.java:runImpl(170)) - 90a60b70-6b91-4fb2-a612-7ac0b6911dfc@group-09A5C1734F32-FollowerState was interrupted
2025-09-07 09:44:06,233 [grpc-default-executor-1] INFO  server.RaftServer$Division (RaftServerImpl.java:setFirstElection(576)) - 90a60b70-6b91-4fb2-a612-7ac0b6911dfc@group-09A5C1734F32: set firstElectionSinceStartup to false for candidate:7c7182dc-ac7f-44a8-b1d4-5d10f99cbcf2
2025-09-07 09:44:06,234 [grpc-default-executor-4] INFO  server.RaftServer$Division (RaftServerImpl.java:requestVote(1421)) - e6e13cb3-e32b-4d2d-874a-1e4700c67398@group-09A5C1734F32: receive requestVote(ELECTION, 7c7182dc-ac7f-44a8-b1d4-5d10f99cbcf2, group-09A5C1734F32, 1, <PROTO_DEFAULT>)
2025-09-07 09:44:06,235 [grpc-default-executor-4] INFO  impl.VoteContext (VoteContext.java:log(49)) - e6e13cb3-e32b-4d2d-874a-1e4700c67398@group-09A5C1734F32-FOLLOWER: accept ELECTION from 7c7182dc-ac7f-44a8-b1d4-5d10f99cbcf2: our priority 0 <= candidate's priority 1
2025-09-07 09:44:06,235 [grpc-default-executor-4] INFO  server.RaftServer$Division (RaftServerImpl.java:setRole(392)) - e6e13cb3-e32b-4d2d-874a-1e4700c67398@group-09A5C1734F32: changes role from  FOLLOWER to FOLLOWER at term 0 for candidate:7c7182dc-ac7f-44a8-b1d4-5d10f99cbcf2
2025-09-07 09:44:06,235 [grpc-default-executor-4] INFO  impl.RoleInfo (RoleInfo.java:shutdownFollowerState(121)) - e6e13cb3-e32b-4d2d-874a-1e4700c67398: shutdown e6e13cb3-e32b-4d2d-874a-1e4700c67398@group-09A5C1734F32-FollowerState
2025-09-07 09:44:06,235 [grpc-default-executor-4] INFO  impl.RoleInfo (RoleInfo.java:updateAndGet(148)) - e6e13cb3-e32b-4d2d-874a-1e4700c67398: start e6e13cb3-e32b-4d2d-874a-1e4700c67398@group-09A5C1734F32-FollowerState
2025-09-07 09:44:06,235 [e6e13cb3-e32b-4d2d-874a-1e4700c67398@group-09A5C1734F32-FollowerState] INFO  impl.FollowerState (FollowerState.java:runImpl(170)) - e6e13cb3-e32b-4d2d-874a-1e4700c67398@group-09A5C1734F32-FollowerState was interrupted
2025-09-07 09:44:06,236 [grpc-default-executor-4] INFO  server.RaftServer$Division (RaftServerImpl.java:setFirstElection(576)) - e6e13cb3-e32b-4d2d-874a-1e4700c67398@group-09A5C1734F32: set firstElectionSinceStartup to false for candidate:7c7182dc-ac7f-44a8-b1d4-5d10f99cbcf2
2025-09-07 09:44:06,236 [grpc-default-executor-1] INFO  server.RaftServer$Division (RaftServerImpl.java:requestVote(1455)) - 90a60b70-6b91-4fb2-a612-7ac0b6911dfc@group-09A5C1734F32 replies to ELECTION vote request: 7c7182dc-ac7f-44a8-b1d4-5d10f99cbcf2<-90a60b70-6b91-4fb2-a612-7ac0b6911dfc#0:OK-t1-last:<INITIAL_VALUE>. Peer's state: 90a60b70-6b91-4fb2-a612-7ac0b6911dfc@group-09A5C1734F32:t1, leader=null, voted=7c7182dc-ac7f-44a8-b1d4-5d10f99cbcf2, raftlog=Memoized:90a60b70-6b91-4fb2-a612-7ac0b6911dfc@group-09A5C1734F32-SegmentedRaftLog:OPENED:c-1:lastnull, conf=conf: {index: -1, cur=peers:[90a60b70-6b91-4fb2-a612-7ac0b6911dfc|127.0.0.1:15047, e6e13cb3-e32b-4d2d-874a-1e4700c67398|127.0.0.1:15055, 7c7182dc-ac7f-44a8-b1d4-5d10f99cbcf2|127.0.0.1:15039]|listeners:[], old=null}
2025-09-07 09:44:06,239 [7c7182dc-ac7f-44a8-b1d4-5d10f99cbcf2@group-09A5C1734F32-LeaderElection15] INFO  impl.LeaderElection (LeaderElection.java:logAndReturn(206)) - 7c7182dc-ac7f-44a8-b1d4-5d10f99cbcf2@group-09A5C1734F32-LeaderElection15: ELECTION PASSED received 1 response(s) and 0 exception(s):
2025-09-07 09:44:06,239 [7c7182dc-ac7f-44a8-b1d4-5d10f99cbcf2@group-09A5C1734F32-LeaderElection15] INFO  impl.LeaderElection (LeaderElection.java:logAndReturn(210)) -   Response 0: 7c7182dc-ac7f-44a8-b1d4-5d10f99cbcf2<-90a60b70-6b91-4fb2-a612-7ac0b6911dfc#0:OK-t1-last:<INITIAL_VALUE>
2025-09-07 09:44:06,239 [7c7182dc-ac7f-44a8-b1d4-5d10f99cbcf2@group-09A5C1734F32-LeaderElection15] INFO  impl.LeaderElection (LeaderElection.java:askForVotes(450)) - 7c7182dc-ac7f-44a8-b1d4-5d10f99cbcf2@group-09A5C1734F32-LeaderElection15 ELECTION round 0: result PASSED
2025-09-07 09:44:06,239 [7c7182dc-ac7f-44a8-b1d4-5d10f99cbcf2@group-09A5C1734F32-LeaderElection15] INFO  impl.RoleInfo (RoleInfo.java:shutdownLeaderElection(141)) - 7c7182dc-ac7f-44a8-b1d4-5d10f99cbcf2: shutdown 7c7182dc-ac7f-44a8-b1d4-5d10f99cbcf2@group-09A5C1734F32-LeaderElection15
2025-09-07 09:44:06,239 [7c7182dc-ac7f-44a8-b1d4-5d10f99cbcf2@group-09A5C1734F32-LeaderElection15] INFO  server.RaftServer$Division (RaftServerImpl.java:setRole(392)) - 7c7182dc-ac7f-44a8-b1d4-5d10f99cbcf2@group-09A5C1734F32: changes role from CANDIDATE to LEADER at term 1 for changeToLeader
2025-09-07 09:44:06,240 [grpc-default-executor-4] INFO  server.RaftServer$Division (RaftServerImpl.java:requestVote(1455)) - e6e13cb3-e32b-4d2d-874a-1e4700c67398@group-09A5C1734F32 replies to ELECTION vote request: 7c7182dc-ac7f-44a8-b1d4-5d10f99cbcf2<-e6e13cb3-e32b-4d2d-874a-1e4700c67398#0:OK-t1-last:<INITIAL_VALUE>. Peer's state: e6e13cb3-e32b-4d2d-874a-1e4700c67398@group-09A5C1734F32:t1, leader=null, voted=7c7182dc-ac7f-44a8-b1d4-5d10f99cbcf2, raftlog=Memoized:e6e13cb3-e32b-4d2d-874a-1e4700c67398@group-09A5C1734F32-SegmentedRaftLog:OPENED:c-1:lastnull, conf=conf: {index: -1, cur=peers:[90a60b70-6b91-4fb2-a612-7ac0b6911dfc|127.0.0.1:15047, e6e13cb3-e32b-4d2d-874a-1e4700c67398|127.0.0.1:15055, 7c7182dc-ac7f-44a8-b1d4-5d10f99cbcf2|127.0.0.1:15039]|listeners:[], old=null}
2025-09-07 09:44:06,240 [7c7182dc-ac7f-44a8-b1d4-5d10f99cbcf2@group-09A5C1734F32-LeaderElection15] INFO  server.RaftServerConfigKeys (ConfUtils.java:logFallback(69)) - raft.server.staging.timeout = 3600ms (fallback to raft.server.rpc.timeout.max)
2025-09-07 09:44:06,241 [7c7182dc-ac7f-44a8-b1d4-5d10f99cbcf2@group-09A5C1734F32-LeaderElection15] INFO  server.RaftServerConfigKeys (ConfUtils.java:logGet(62)) - raft.server.write.byte-limit = 1024 M (=1073741824) (custom)
2025-09-07 09:44:06,243 [7c7182dc-ac7f-44a8-b1d4-5d10f99cbcf2@group-09A5C1734F32-LeaderElection15] INFO  server.RaftServerConfigKeys (ConfUtils.java:logGet(62)) - raft.server.log.appender.buffer.byte-limit = 33554432 (custom)
2025-09-07 09:44:06,244 [7c7182dc-ac7f-44a8-b1d4-5d10f99cbcf2@group-09A5C1734F32-LeaderElection15] INFO  server.RaftServerConfigKeys (ConfUtils.java:logGet(62)) - raft.server.log.appender.buffer.byte-limit = 33554432 (custom)
2025-09-07 09:44:06,244 [7c7182dc-ac7f-44a8-b1d4-5d10f99cbcf2@group-09A5C1734F32-LeaderElection15] INFO  impl.RoleInfo (RoleInfo.java:updateAndGet(148)) - 7c7182dc-ac7f-44a8-b1d4-5d10f99cbcf2: start 7c7182dc-ac7f-44a8-b1d4-5d10f99cbcf2@group-09A5C1734F32-LeaderStateImpl
2025-09-07 09:44:06,244 [7c7182dc-ac7f-44a8-b1d4-5d10f99cbcf2@group-09A5C1734F32-LeaderElection15] INFO  server.RaftServer$Division (RaftServerImpl.java:setFirstElection(576)) - 7c7182dc-ac7f-44a8-b1d4-5d10f99cbcf2@group-09A5C1734F32: set firstElectionSinceStartup to false for becomeLeader
2025-09-07 09:44:06,244 [7c7182dc-ac7f-44a8-b1d4-5d10f99cbcf2@group-09A5C1734F32-LeaderElection15] INFO  ratis.XceiverServerRatis (XceiverServerRatis.java:handleLeaderChangedNotification(947)) - Leader change notification received for group: group-09A5C1734F32 with new leaderId: 7c7182dc-ac7f-44a8-b1d4-5d10f99cbcf2
2025-09-07 09:44:06,245 [7c7182dc-ac7f-44a8-b1d4-5d10f99cbcf2@group-09A5C1734F32-LeaderElection15] INFO  server.RaftServer$Division (ServerState.java:setLeader(272)) - 7c7182dc-ac7f-44a8-b1d4-5d10f99cbcf2@group-09A5C1734F32: change Leader from null to 7c7182dc-ac7f-44a8-b1d4-5d10f99cbcf2 at term 1 for becomeLeader, leader elected after 1182ms
2025-09-07 09:44:06,245 [7c7182dc-ac7f-44a8-b1d4-5d10f99cbcf2@group-09A5C1734F32-LeaderElection15] INFO  segmented.SegmentedRaftLogWorker (SegmentedRaftLogWorker.java:startLogSegment(440)) - 7c7182dc-ac7f-44a8-b1d4-5d10f99cbcf2@group-09A5C1734F32-SegmentedRaftLogWorker: Starting segment from index:0
2025-09-07 09:44:06,246 [7c7182dc-ac7f-44a8-b1d4-5d10f99cbcf2@group-09A5C1734F32-SegmentedRaftLogWorker] INFO  segmented.BufferedWriteChannel (BufferedWriteChannel.java:open(61)) - open log_inprogress_0 at position 0
2025-09-07 09:44:06,248 [7c7182dc-ac7f-44a8-b1d4-5d10f99cbcf2@group-09A5C1734F32-LeaderElection15] INFO  server.RaftServer$Division (ServerState.java:setRaftConf(386)) - 7c7182dc-ac7f-44a8-b1d4-5d10f99cbcf2@group-09A5C1734F32: set configuration conf: {index: 0, cur=peers:[90a60b70-6b91-4fb2-a612-7ac0b6911dfc|127.0.0.1:15047, e6e13cb3-e32b-4d2d-874a-1e4700c67398|127.0.0.1:15055, 7c7182dc-ac7f-44a8-b1d4-5d10f99cbcf2|127.0.0.1:15039]|listeners:[], old=null}
2025-09-07 09:44:06,253 [EventQueue-PipelineReportForPipelineReportHandler] INFO  pipeline.PipelineReportHandler (PipelineReportHandler.java:processPipelineReport(134)) - Opened pipeline Pipeline-de1a2be5-feda-49eb-9ee6-09a5c1734f32
2025-09-07 09:44:06,260 [7c7182dc-ac7f-44a8-b1d4-5d10f99cbcf2@group-09A5C1734F32-SegmentedRaftLogWorker] INFO  segmented.SegmentedRaftLogWorker (SegmentedRaftLogWorker.java:execute(647)) - 7c7182dc-ac7f-44a8-b1d4-5d10f99cbcf2@group-09A5C1734F32-SegmentedRaftLogWorker: created new log segment /home/runner/work/ozone/ozone/hadoop-ozone/integration-test/target/test-dir/MiniOzoneClusterImpl-023d5a78-e64c-43f3-a4d9-6f7884931d6c/ozone-metadata/datanode-4/ratis/de1a2be5-feda-49eb-9ee6-09a5c1734f32/current/log_inprogress_0
2025-09-07 09:44:06,264 [grpc-default-executor-1] INFO  ratis.XceiverServerRatis (XceiverServerRatis.java:handleLeaderChangedNotification(947)) - Leader change notification received for group: group-09A5C1734F32 with new leaderId: 7c7182dc-ac7f-44a8-b1d4-5d10f99cbcf2
2025-09-07 09:44:06,264 [grpc-default-executor-1] INFO  server.RaftServer$Division (ServerState.java:setLeader(272)) - e6e13cb3-e32b-4d2d-874a-1e4700c67398@group-09A5C1734F32: change Leader from null to 7c7182dc-ac7f-44a8-b1d4-5d10f99cbcf2 at term 1 for appendEntries, leader elected after 1030ms
2025-09-07 09:44:06,265 [grpc-default-executor-0] INFO  server.RaftServer$Division (ServerState.java:setRaftConf(386)) - e6e13cb3-e32b-4d2d-874a-1e4700c67398@group-09A5C1734F32: set configuration conf: {index: 0, cur=peers:[90a60b70-6b91-4fb2-a612-7ac0b6911dfc|127.0.0.1:15047, e6e13cb3-e32b-4d2d-874a-1e4700c67398|127.0.0.1:15055, 7c7182dc-ac7f-44a8-b1d4-5d10f99cbcf2|127.0.0.1:15039]|listeners:[], old=null}
2025-09-07 09:44:06,265 [grpc-default-executor-0] INFO  segmented.SegmentedRaftLogWorker (SegmentedRaftLogWorker.java:startLogSegment(440)) - e6e13cb3-e32b-4d2d-874a-1e4700c67398@group-09A5C1734F32-SegmentedRaftLogWorker: Starting segment from index:0
2025-09-07 09:44:06,266 [e6e13cb3-e32b-4d2d-874a-1e4700c67398@group-09A5C1734F32-SegmentedRaftLogWorker] INFO  segmented.BufferedWriteChannel (BufferedWriteChannel.java:open(61)) - open log_inprogress_0 at position 0
2025-09-07 09:44:06,268 [grpc-default-executor-0] INFO  ratis.XceiverServerRatis (XceiverServerRatis.java:handleLeaderChangedNotification(947)) - Leader change notification received for group: group-09A5C1734F32 with new leaderId: 7c7182dc-ac7f-44a8-b1d4-5d10f99cbcf2
2025-09-07 09:44:06,269 [grpc-default-executor-0] INFO  server.RaftServer$Division (ServerState.java:setLeader(272)) - 90a60b70-6b91-4fb2-a612-7ac0b6911dfc@group-09A5C1734F32: change Leader from null to 7c7182dc-ac7f-44a8-b1d4-5d10f99cbcf2 at term 1 for appendEntries, leader elected after 1131ms
2025-09-07 09:44:06,269 [grpc-default-executor-0] INFO  server.RaftServer$Division (ServerState.java:setRaftConf(386)) - 90a60b70-6b91-4fb2-a612-7ac0b6911dfc@group-09A5C1734F32: set configuration conf: {index: 0, cur=peers:[90a60b70-6b91-4fb2-a612-7ac0b6911dfc|127.0.0.1:15047, e6e13cb3-e32b-4d2d-874a-1e4700c67398|127.0.0.1:15055, 7c7182dc-ac7f-44a8-b1d4-5d10f99cbcf2|127.0.0.1:15039]|listeners:[], old=null}
2025-09-07 09:44:06,270 [grpc-default-executor-0] INFO  segmented.SegmentedRaftLogWorker (SegmentedRaftLogWorker.java:startLogSegment(440)) - 90a60b70-6b91-4fb2-a612-7ac0b6911dfc@group-09A5C1734F32-SegmentedRaftLogWorker: Starting segment from index:0
2025-09-07 09:44:06,270 [90a60b70-6b91-4fb2-a612-7ac0b6911dfc@group-09A5C1734F32-SegmentedRaftLogWorker] INFO  segmented.BufferedWriteChannel (BufferedWriteChannel.java:open(61)) - open log_inprogress_0 at position 0
2025-09-07 09:44:06,278 [e6e13cb3-e32b-4d2d-874a-1e4700c67398@group-09A5C1734F32-SegmentedRaftLogWorker] INFO  segmented.SegmentedRaftLogWorker (SegmentedRaftLogWorker.java:execute(647)) - e6e13cb3-e32b-4d2d-874a-1e4700c67398@group-09A5C1734F32-SegmentedRaftLogWorker: created new log segment /home/runner/work/ozone/ozone/hadoop-ozone/integration-test/target/test-dir/MiniOzoneClusterImpl-023d5a78-e64c-43f3-a4d9-6f7884931d6c/ozone-metadata/datanode-6/ratis/de1a2be5-feda-49eb-9ee6-09a5c1734f32/current/log_inprogress_0
2025-09-07 09:44:06,283 [90a60b70-6b91-4fb2-a612-7ac0b6911dfc@group-09A5C1734F32-SegmentedRaftLogWorker] INFO  segmented.SegmentedRaftLogWorker (SegmentedRaftLogWorker.java:execute(647)) - 90a60b70-6b91-4fb2-a612-7ac0b6911dfc@group-09A5C1734F32-SegmentedRaftLogWorker: created new log segment /home/runner/work/ozone/ozone/hadoop-ozone/integration-test/target/test-dir/MiniOzoneClusterImpl-023d5a78-e64c-43f3-a4d9-6f7884931d6c/ozone-metadata/datanode-5/ratis/de1a2be5-feda-49eb-9ee6-09a5c1734f32/current/log_inprogress_0
2025-09-07 09:44:06,290 [7c7182dc-ac7f-44a8-b1d4-5d10f99cbcf2@group-09A5C1734F32-StateMachineUpdater] INFO  server.RaftServer$Division (LeaderStateImpl.java:checkStartIndex(309)) - Leader 7c7182dc-ac7f-44a8-b1d4-5d10f99cbcf2@group-09A5C1734F32-LeaderStateImpl is ready since appliedIndex == startIndex == 0
2025-09-07 09:44:06,324 [4c7984b5-42f1-4e4b-a334-601f88f38b33-PipelineCommandHandlerThread-0] INFO  server.RaftServer (RaftServerProxy.java:addNew(105)) - 4c7984b5-42f1-4e4b-a334-601f88f38b33: addNew group-729AC8688BC2:[4c7984b5-42f1-4e4b-a334-601f88f38b33|127.0.0.1:15079] returns group-729AC8688BC2:java.util.concurrent.CompletableFuture@6ea852cd[Not completed]
2025-09-07 09:44:06,326 [4c7984b5-42f1-4e4b-a334-601f88f38b33-groupManagement] INFO  server.RaftServer$Division (RaftServerImpl.java:<init>(268)) - 4c7984b5-42f1-4e4b-a334-601f88f38b33: new RaftServerImpl for group-729AC8688BC2:[4c7984b5-42f1-4e4b-a334-601f88f38b33|127.0.0.1:15079] with ContainerStateMachine:uninitialized
2025-09-07 09:44:06,326 [4c7984b5-42f1-4e4b-a334-601f88f38b33-groupManagement] INFO  server.RaftServer$Division (ServerState.java:<init>(114)) - 4c7984b5-42f1-4e4b-a334-601f88f38b33@group-729AC8688BC2: ConfigurationManager, init=conf: {index: -1, cur=peers:[4c7984b5-42f1-4e4b-a334-601f88f38b33|127.0.0.1:15079]|listeners:[], old=null}, confs=<EMPTY_MAP>
2025-09-07 09:44:06,332 [4c7984b5-42f1-4e4b-a334-601f88f38b33-groupManagement] INFO  server.RaftServerConfigKeys (ConfUtils.java:logGet(62)) - raft.server.storage.dir = [/home/runner/work/ozone/ozone/hadoop-ozone/integration-test/target/test-dir/MiniOzoneClusterImpl-023d5a78-e64c-43f3-a4d9-6f7884931d6c/ozone-metadata/datanode-9/ratis] (custom)
2025-09-07 09:44:06,333 [4c7984b5-42f1-4e4b-a334-601f88f38b33-groupManagement] INFO  storage.RaftStorageDirectory (RaftStorageDirectoryImpl.java:analyzeStorage(138)) - The storage directory /home/runner/work/ozone/ozone/hadoop-ozone/integration-test/target/test-dir/MiniOzoneClusterImpl-023d5a78-e64c-43f3-a4d9-6f7884931d6c/ozone-metadata/datanode-9/ratis/5553b1e0-63fd-431b-a529-729ac8688bc2 does not exist. Creating ...
2025-09-07 09:44:06,336 [4c7984b5-42f1-4e4b-a334-601f88f38b33-groupManagement] INFO  storage.RaftStorageDirectory (RaftStorageDirectoryImpl.java:tryLock(229)) - Lock on /home/runner/work/ozone/ozone/hadoop-ozone/integration-test/target/test-dir/MiniOzoneClusterImpl-023d5a78-e64c-43f3-a4d9-6f7884931d6c/ozone-metadata/datanode-9/ratis/5553b1e0-63fd-431b-a529-729ac8688bc2/in_use.lock acquired by nodename 23079@localhost
2025-09-07 09:44:06,337 [4c7984b5-42f1-4e4b-a334-601f88f38b33-groupManagement] INFO  storage.RaftStorage (RaftStorageImpl.java:format(98)) - Storage directory /home/runner/work/ozone/ozone/hadoop-ozone/integration-test/target/test-dir/MiniOzoneClusterImpl-023d5a78-e64c-43f3-a4d9-6f7884931d6c/ozone-metadata/datanode-9/ratis/5553b1e0-63fd-431b-a529-729ac8688bc2 has been successfully formatted.
2025-09-07 09:44:06,338 [4c7984b5-42f1-4e4b-a334-601f88f38b33-groupManagement] INFO  ratis.ContainerStateMachine (ContainerStateMachine.java:initialize(339)) - 4c7984b5-42f1-4e4b-a334-601f88f38b33: initialize group-729AC8688BC2
2025-09-07 09:44:06,338 [4c7984b5-42f1-4e4b-a334-601f88f38b33-groupManagement] INFO  ratis.ContainerStateMachine (ContainerStateMachine.java:loadSnapshot(347)) - group-729AC8688BC2: The snapshot info is null. Setting the last applied index to:<INITIAL_VALUE>
2025-09-07 09:44:06,338 [4c7984b5-42f1-4e4b-a334-601f88f38b33-groupManagement] INFO  server.RaftServerConfigKeys (ConfUtils.java:logGet(62)) - raft.server.log.appender.buffer.byte-limit = 33554432 (custom)
2025-09-07 09:44:06,340 [4c7984b5-42f1-4e4b-a334-601f88f38b33-groupManagement] INFO  server.RaftServerConfigKeys (ConfUtils.java:logGet(62)) - raft.server.log.segment.size.max = 67108864 (custom)
2025-09-07 09:44:06,341 [4c7984b5-42f1-4e4b-a334-601f88f38b33-groupManagement] INFO  server.RaftServerConfigKeys (ConfUtils.java:logGet(62)) - raft.server.log.appender.buffer.byte-limit = 33554432 (custom)
2025-09-07 09:44:06,341 [4c7984b5-42f1-4e4b-a334-601f88f38b33-groupManagement] INFO  util.AwaitToRun (AwaitToRun.java:start(81)) - Thread[#1445,4c7984b5-42f1-4e4b-a334-601f88f38b33@group-729AC8688BC2-cacheEviction-AwaitToRun,5,main] started
2025-09-07 09:44:06,342 [4c7984b5-42f1-4e4b-a334-601f88f38b33-groupManagement] INFO  segmented.SegmentedRaftLogWorker (SegmentedRaftLogWorker.java:<init>(190)) - new 4c7984b5-42f1-4e4b-a334-601f88f38b33@group-729AC8688BC2-SegmentedRaftLogWorker for RaftStorageImpl:Storage Directory /home/runner/work/ozone/ozone/hadoop-ozone/integration-test/target/test-dir/MiniOzoneClusterImpl-023d5a78-e64c-43f3-a4d9-6f7884931d6c/ozone-metadata/datanode-9/ratis/5553b1e0-63fd-431b-a529-729ac8688bc2
2025-09-07 09:44:06,342 [4c7984b5-42f1-4e4b-a334-601f88f38b33-groupManagement] INFO  server.RaftServerConfigKeys (ConfUtils.java:logGet(62)) - raft.server.log.queue.byte-limit = 4294967296 (custom)
2025-09-07 09:44:06,342 [4c7984b5-42f1-4e4b-a334-601f88f38b33-groupManagement] INFO  server.RaftServerConfigKeys (ConfUtils.java:logGet(62)) - raft.server.log.segment.size.max = 67108864 (custom)
2025-09-07 09:44:06,342 [4c7984b5-42f1-4e4b-a334-601f88f38b33-groupManagement] INFO  server.RaftServerConfigKeys (ConfUtils.java:logGet(62)) - raft.server.log.preallocated.size = 4194304 (custom)
2025-09-07 09:44:06,342 [4c7984b5-42f1-4e4b-a334-601f88f38b33-groupManagement] INFO  server.RaftServerConfigKeys (ConfUtils.java:logGet(62)) - raft.server.log.write.buffer.size = 33554440 (custom)
2025-09-07 09:44:06,348 [EventQueue-PipelineReportForPipelineReportHandler] INFO  pipeline.PipelineReportHandler (PipelineReportHandler.java:processPipelineReport(134)) - Opened pipeline Pipeline-5553b1e0-63fd-431b-a529-729ac8688bc2
2025-09-07 09:44:06,349 [4c7984b5-42f1-4e4b-a334-601f88f38b33-groupManagement] INFO  server.RaftServerConfigKeys (ConfUtils.java:logGet(62)) - raft.server.log.appender.buffer.byte-limit = 33554432 (custom)
2025-09-07 09:44:06,349 [4c7984b5-42f1-4e4b-a334-601f88f38b33-groupManagement] INFO  segmented.SegmentedRaftLogWorker (SegmentedRaftLogWorker.java:lambda$new$0(141)) - 4c7984b5-42f1-4e4b-a334-601f88f38b33@group-729AC8688BC2-SegmentedRaftLogWorker: flushIndex: setUnconditionally 0 -> -1
2025-09-07 09:44:06,350 [4c7984b5-42f1-4e4b-a334-601f88f38b33-groupManagement] INFO  segmented.SegmentedRaftLogWorker (SegmentedRaftLogWorker.java:lambda$new$0(141)) - 4c7984b5-42f1-4e4b-a334-601f88f38b33@group-729AC8688BC2-SegmentedRaftLogWorker: safeCacheEvictIndex: setUnconditionally 0 -> -1
2025-09-07 09:44:06,352 [4c7984b5-42f1-4e4b-a334-601f88f38b33-groupManagement] INFO  server.RaftServer$Division (RaftServerImpl.java:start(405)) - 4c7984b5-42f1-4e4b-a334-601f88f38b33@group-729AC8688BC2: start as a follower, conf=conf: {index: -1, cur=peers:[4c7984b5-42f1-4e4b-a334-601f88f38b33|127.0.0.1:15079]|listeners:[], old=null}
2025-09-07 09:44:06,353 [4c7984b5-42f1-4e4b-a334-601f88f38b33-groupManagement] INFO  server.RaftServer$Division (RaftServerImpl.java:setRole(392)) - 4c7984b5-42f1-4e4b-a334-601f88f38b33@group-729AC8688BC2: changes role from      null to FOLLOWER at term 0 for startAsFollower
2025-09-07 09:44:06,353 [4c7984b5-42f1-4e4b-a334-601f88f38b33-groupManagement] INFO  impl.RoleInfo (RoleInfo.java:updateAndGet(148)) - 4c7984b5-42f1-4e4b-a334-601f88f38b33: start 4c7984b5-42f1-4e4b-a334-601f88f38b33@group-729AC8688BC2-FollowerState
2025-09-07 09:44:06,354 [4c7984b5-42f1-4e4b-a334-601f88f38b33-groupManagement] INFO  util.JmxRegister (JmxRegister.java:tryRegister(44)) - Successfully registered JMX Bean with object name Ratis:service=RaftServer,group=group-729AC8688BC2,id=4c7984b5-42f1-4e4b-a334-601f88f38b33
2025-09-07 09:44:06,354 [4c7984b5-42f1-4e4b-a334-601f88f38b33-groupManagement] INFO  util.JmxRegister (JmxRegister.java:register(58)) - register mxBean class org.apache.ratis.server.impl.RaftServerJmxAdapter as Ratis:service=RaftServer,group=group-729AC8688BC2,id=4c7984b5-42f1-4e4b-a334-601f88f38b33
2025-09-07 09:44:06,354 [486fef96-c6ec-41d9-a4ca-7ebb3d261081@group-7A90E47A063C-FollowerState] INFO  impl.FollowerState (FollowerState.java:runImpl(161)) - 486fef96-c6ec-41d9-a4ca-7ebb3d261081@group-7A90E47A063C-FollowerState: change to CANDIDATE, lastRpcElapsedTime:1155911289ns, electionTimeout:1154ms
2025-09-07 09:44:06,355 [486fef96-c6ec-41d9-a4ca-7ebb3d261081@group-7A90E47A063C-FollowerState] INFO  impl.RoleInfo (RoleInfo.java:shutdownFollowerState(121)) - 486fef96-c6ec-41d9-a4ca-7ebb3d261081: shutdown 486fef96-c6ec-41d9-a4ca-7ebb3d261081@group-7A90E47A063C-FollowerState
2025-09-07 09:44:06,355 [486fef96-c6ec-41d9-a4ca-7ebb3d261081@group-7A90E47A063C-FollowerState] INFO  server.RaftServer$Division (RaftServerImpl.java:setRole(392)) - 486fef96-c6ec-41d9-a4ca-7ebb3d261081@group-7A90E47A063C: changes role from  FOLLOWER to CANDIDATE at term 0 for changeToCandidate
2025-09-07 09:44:06,355 [486fef96-c6ec-41d9-a4ca-7ebb3d261081@group-7A90E47A063C-FollowerState] INFO  impl.RoleInfo (RoleInfo.java:updateAndGet(148)) - 486fef96-c6ec-41d9-a4ca-7ebb3d261081: start 486fef96-c6ec-41d9-a4ca-7ebb3d261081@group-7A90E47A063C-LeaderElection16
2025-09-07 09:44:06,356 [4c7984b5-42f1-4e4b-a334-601f88f38b33-groupManagement] INFO  server.RaftServer$Division (RaftServerImpl.java:start(419)) - 4c7984b5-42f1-4e4b-a334-601f88f38b33@group-729AC8688BC2: Successfully started.
2025-09-07 09:44:06,357 [486fef96-c6ec-41d9-a4ca-7ebb3d261081@group-7A90E47A063C-LeaderElection16] INFO  impl.LeaderElection (LeaderElection.java:askForVotes(448)) - 486fef96-c6ec-41d9-a4ca-7ebb3d261081@group-7A90E47A063C-LeaderElection16 PRE_VOTE round 0: submit vote requests at term 0 for conf: {index: -1, cur=peers:[c7c0d573-77b1-47db-b09e-d84959a4a43f|127.0.0.1:15063, 486fef96-c6ec-41d9-a4ca-7ebb3d261081|127.0.0.1:15071, 4c7984b5-42f1-4e4b-a334-601f88f38b33|127.0.0.1:15079]|listeners:[], old=null}
2025-09-07 09:44:06,357 [4c7984b5-42f1-4e4b-a334-601f88f38b33-PipelineCommandHandlerThread-0] INFO  ratis.XceiverServerRatis (XceiverServerRatis.java:addGroup(846)) - Created group Pipeline-5553b1e0-63fd-431b-a529-729ac8688bc2
2025-09-07 09:44:06,360 [4c7984b5-42f1-4e4b-a334-601f88f38b33-PipelineCommandHandlerThread-0] INFO  commandhandler.CreatePipelineCommandHandler (CreatePipelineCommandHandler.java:lambda$handle$2(127)) - Created Pipeline RATIS ONE Pipeline-5553b1e0-63fd-431b-a529-729ac8688bc2.
2025-09-07 09:44:06,361 [486fef96-c6ec-41d9-a4ca-7ebb3d261081@group-7A90E47A063C-LeaderElection16-1] INFO  server.GrpcServerProtocolClient (GrpcServerProtocolClient.java:<init>(65)) - Build channel for c7c0d573-77b1-47db-b09e-d84959a4a43f|127.0.0.1:15063
2025-09-07 09:44:06,362 [486fef96-c6ec-41d9-a4ca-7ebb3d261081@group-7A90E47A063C-LeaderElection16-2] INFO  server.GrpcServerProtocolClient (GrpcServerProtocolClient.java:<init>(65)) - Build channel for 4c7984b5-42f1-4e4b-a334-601f88f38b33|127.0.0.1:15079
2025-09-07 09:44:06,376 [grpc-default-executor-5] INFO  server.RaftServer$Division (RaftServerImpl.java:requestVote(1421)) - 4c7984b5-42f1-4e4b-a334-601f88f38b33@group-7A90E47A063C: receive requestVote(PRE_VOTE, 486fef96-c6ec-41d9-a4ca-7ebb3d261081, group-7A90E47A063C, 0, <PROTO_DEFAULT>)
2025-09-07 09:44:06,377 [grpc-default-executor-1] INFO  server.RaftServer$Division (RaftServerImpl.java:requestVote(1421)) - c7c0d573-77b1-47db-b09e-d84959a4a43f@group-7A90E47A063C: receive requestVote(PRE_VOTE, 486fef96-c6ec-41d9-a4ca-7ebb3d261081, group-7A90E47A063C, 0, <PROTO_DEFAULT>)
2025-09-07 09:44:06,378 [grpc-default-executor-1] INFO  impl.VoteContext (VoteContext.java:log(49)) - c7c0d573-77b1-47db-b09e-d84959a4a43f@group-7A90E47A063C-FOLLOWER: accept PRE_VOTE from 486fef96-c6ec-41d9-a4ca-7ebb3d261081: our priority 0 <= candidate's priority 1
2025-09-07 09:44:06,378 [grpc-default-executor-1] INFO  server.RaftServer$Division (RaftServerImpl.java:requestVote(1455)) - c7c0d573-77b1-47db-b09e-d84959a4a43f@group-7A90E47A063C replies to PRE_VOTE vote request: 486fef96-c6ec-41d9-a4ca-7ebb3d261081<-c7c0d573-77b1-47db-b09e-d84959a4a43f#0:OK-t0-last:<INITIAL_VALUE>. Peer's state: c7c0d573-77b1-47db-b09e-d84959a4a43f@group-7A90E47A063C:t0, leader=null, voted=, raftlog=Memoized:c7c0d573-77b1-47db-b09e-d84959a4a43f@group-7A90E47A063C-SegmentedRaftLog:OPENED:c-1:lastnull, conf=conf: {index: -1, cur=peers:[c7c0d573-77b1-47db-b09e-d84959a4a43f|127.0.0.1:15063, 486fef96-c6ec-41d9-a4ca-7ebb3d261081|127.0.0.1:15071, 4c7984b5-42f1-4e4b-a334-601f88f38b33|127.0.0.1:15079]|listeners:[], old=null}
2025-09-07 09:44:06,379 [grpc-default-executor-5] INFO  impl.VoteContext (VoteContext.java:log(49)) - 4c7984b5-42f1-4e4b-a334-601f88f38b33@group-7A90E47A063C-FOLLOWER: accept PRE_VOTE from 486fef96-c6ec-41d9-a4ca-7ebb3d261081: our priority 0 <= candidate's priority 1
2025-09-07 09:44:06,379 [grpc-default-executor-5] INFO  server.RaftServer$Division (RaftServerImpl.java:requestVote(1455)) - 4c7984b5-42f1-4e4b-a334-601f88f38b33@group-7A90E47A063C replies to PRE_VOTE vote request: 486fef96-c6ec-41d9-a4ca-7ebb3d261081<-4c7984b5-42f1-4e4b-a334-601f88f38b33#0:OK-t0-last:<INITIAL_VALUE>. Peer's state: 4c7984b5-42f1-4e4b-a334-601f88f38b33@group-7A90E47A063C:t0, leader=null, voted=, raftlog=Memoized:4c7984b5-42f1-4e4b-a334-601f88f38b33@group-7A90E47A063C-SegmentedRaftLog:OPENED:c-1:lastnull, conf=conf: {index: -1, cur=peers:[c7c0d573-77b1-47db-b09e-d84959a4a43f|127.0.0.1:15063, 486fef96-c6ec-41d9-a4ca-7ebb3d261081|127.0.0.1:15071, 4c7984b5-42f1-4e4b-a334-601f88f38b33|127.0.0.1:15079]|listeners:[], old=null}
2025-09-07 09:44:06,382 [486fef96-c6ec-41d9-a4ca-7ebb3d261081@group-7A90E47A063C-LeaderElection16] INFO  impl.LeaderElection (LeaderElection.java:logAndReturn(206)) - 486fef96-c6ec-41d9-a4ca-7ebb3d261081@group-7A90E47A063C-LeaderElection16: PRE_VOTE PASSED received 1 response(s) and 0 exception(s):
2025-09-07 09:44:06,382 [486fef96-c6ec-41d9-a4ca-7ebb3d261081@group-7A90E47A063C-LeaderElection16] INFO  impl.LeaderElection (LeaderElection.java:logAndReturn(210)) -   Response 0: 486fef96-c6ec-41d9-a4ca-7ebb3d261081<-c7c0d573-77b1-47db-b09e-d84959a4a43f#0:OK-t0-last:<INITIAL_VALUE>
2025-09-07 09:44:06,384 [486fef96-c6ec-41d9-a4ca-7ebb3d261081@group-7A90E47A063C-LeaderElection16] INFO  impl.LeaderElection (LeaderElection.java:askForVotes(450)) - 486fef96-c6ec-41d9-a4ca-7ebb3d261081@group-7A90E47A063C-LeaderElection16 PRE_VOTE round 0: result PASSED
2025-09-07 09:44:06,390 [486fef96-c6ec-41d9-a4ca-7ebb3d261081@group-7A90E47A063C-LeaderElection16] INFO  impl.LeaderElection (LeaderElection.java:askForVotes(448)) - 486fef96-c6ec-41d9-a4ca-7ebb3d261081@group-7A90E47A063C-LeaderElection16 ELECTION round 0: submit vote requests at term 1 for conf: {index: -1, cur=peers:[c7c0d573-77b1-47db-b09e-d84959a4a43f|127.0.0.1:15063, 486fef96-c6ec-41d9-a4ca-7ebb3d261081|127.0.0.1:15071, 4c7984b5-42f1-4e4b-a334-601f88f38b33|127.0.0.1:15079]|listeners:[], old=null}
2025-09-07 09:44:06,390 [90a60b70-6b91-4fb2-a612-7ac0b6911dfc@group-8AB8E1487AAF-FollowerState] INFO  impl.FollowerState (FollowerState.java:runImpl(161)) - 90a60b70-6b91-4fb2-a612-7ac0b6911dfc@group-8AB8E1487AAF-FollowerState: change to CANDIDATE, lastRpcElapsedTime:1039806752ns, electionTimeout:1038ms
2025-09-07 09:44:06,391 [90a60b70-6b91-4fb2-a612-7ac0b6911dfc@group-8AB8E1487AAF-FollowerState] INFO  impl.RoleInfo (RoleInfo.java:shutdownFollowerState(121)) - 90a60b70-6b91-4fb2-a612-7ac0b6911dfc: shutdown 90a60b70-6b91-4fb2-a612-7ac0b6911dfc@group-8AB8E1487AAF-FollowerState
2025-09-07 09:44:06,391 [90a60b70-6b91-4fb2-a612-7ac0b6911dfc@group-8AB8E1487AAF-FollowerState] INFO  server.RaftServer$Division (RaftServerImpl.java:setRole(392)) - 90a60b70-6b91-4fb2-a612-7ac0b6911dfc@group-8AB8E1487AAF: changes role from  FOLLOWER to CANDIDATE at term 0 for changeToCandidate
2025-09-07 09:44:06,391 [90a60b70-6b91-4fb2-a612-7ac0b6911dfc@group-8AB8E1487AAF-FollowerState] INFO  impl.RoleInfo (RoleInfo.java:updateAndGet(148)) - 90a60b70-6b91-4fb2-a612-7ac0b6911dfc: start 90a60b70-6b91-4fb2-a612-7ac0b6911dfc@group-8AB8E1487AAF-LeaderElection17
2025-09-07 09:44:06,394 [90a60b70-6b91-4fb2-a612-7ac0b6911dfc@group-8AB8E1487AAF-LeaderElection17] INFO  impl.LeaderElection (LeaderElection.java:askForVotes(448)) - 90a60b70-6b91-4fb2-a612-7ac0b6911dfc@group-8AB8E1487AAF-LeaderElection17 PRE_VOTE round 0: submit vote requests at term 0 for conf: {index: -1, cur=peers:[90a60b70-6b91-4fb2-a612-7ac0b6911dfc|127.0.0.1:15047]|listeners:[], old=null}
2025-09-07 09:44:06,395 [90a60b70-6b91-4fb2-a612-7ac0b6911dfc@group-8AB8E1487AAF-LeaderElection17] INFO  impl.LeaderElection (LeaderElection.java:askForVotes(450)) - 90a60b70-6b91-4fb2-a612-7ac0b6911dfc@group-8AB8E1487AAF-LeaderElection17 PRE_VOTE round 0: result PASSED (term=0)
2025-09-07 09:44:06,396 [grpc-default-executor-0] INFO  server.RaftServer$Division (RaftServerImpl.java:requestVote(1421)) - 4c7984b5-42f1-4e4b-a334-601f88f38b33@group-7A90E47A063C: receive requestVote(ELECTION, 486fef96-c6ec-41d9-a4ca-7ebb3d261081, group-7A90E47A063C, 1, <PROTO_DEFAULT>)
2025-09-07 09:44:06,396 [grpc-default-executor-0] INFO  impl.VoteContext (VoteContext.java:log(49)) - 4c7984b5-42f1-4e4b-a334-601f88f38b33@group-7A90E47A063C-FOLLOWER: accept ELECTION from 486fef96-c6ec-41d9-a4ca-7ebb3d261081: our priority 0 <= candidate's priority 1
2025-09-07 09:44:06,396 [grpc-default-executor-0] INFO  server.RaftServer$Division (RaftServerImpl.java:setRole(392)) - 4c7984b5-42f1-4e4b-a334-601f88f38b33@group-7A90E47A063C: changes role from  FOLLOWER to FOLLOWER at term 0 for candidate:486fef96-c6ec-41d9-a4ca-7ebb3d261081
2025-09-07 09:44:06,396 [grpc-default-executor-0] INFO  impl.RoleInfo (RoleInfo.java:shutdownFollowerState(121)) - 4c7984b5-42f1-4e4b-a334-601f88f38b33: shutdown 4c7984b5-42f1-4e4b-a334-601f88f38b33@group-7A90E47A063C-FollowerState
2025-09-07 09:44:06,396 [grpc-default-executor-0] INFO  impl.RoleInfo (RoleInfo.java:updateAndGet(148)) - 4c7984b5-42f1-4e4b-a334-601f88f38b33: start 4c7984b5-42f1-4e4b-a334-601f88f38b33@group-7A90E47A063C-FollowerState
2025-09-07 09:44:06,396 [grpc-default-executor-5] INFO  server.RaftServer$Division (RaftServerImpl.java:requestVote(1421)) - c7c0d573-77b1-47db-b09e-d84959a4a43f@group-7A90E47A063C: receive requestVote(ELECTION, 486fef96-c6ec-41d9-a4ca-7ebb3d261081, group-7A90E47A063C, 1, <PROTO_DEFAULT>)
2025-09-07 09:44:06,397 [grpc-default-executor-5] INFO  impl.VoteContext (VoteContext.java:log(49)) - c7c0d573-77b1-47db-b09e-d84959a4a43f@group-7A90E47A063C-FOLLOWER: accept ELECTION from 486fef96-c6ec-41d9-a4ca-7ebb3d261081: our priority 0 <= candidate's priority 1
2025-09-07 09:44:06,397 [grpc-default-executor-5] INFO  server.RaftServer$Division (RaftServerImpl.java:setRole(392)) - c7c0d573-77b1-47db-b09e-d84959a4a43f@group-7A90E47A063C: changes role from  FOLLOWER to FOLLOWER at term 0 for candidate:486fef96-c6ec-41d9-a4ca-7ebb3d261081
2025-09-07 09:44:06,397 [grpc-default-executor-5] INFO  impl.RoleInfo (RoleInfo.java:shutdownFollowerState(121)) - c7c0d573-77b1-47db-b09e-d84959a4a43f: shutdown c7c0d573-77b1-47db-b09e-d84959a4a43f@group-7A90E47A063C-FollowerState
2025-09-07 09:44:06,397 [grpc-default-executor-5] INFO  impl.RoleInfo (RoleInfo.java:updateAndGet(148)) - c7c0d573-77b1-47db-b09e-d84959a4a43f: start c7c0d573-77b1-47db-b09e-d84959a4a43f@group-7A90E47A063C-FollowerState
2025-09-07 09:44:06,397 [4c7984b5-42f1-4e4b-a334-601f88f38b33@group-7A90E47A063C-FollowerState] INFO  impl.FollowerState (FollowerState.java:runImpl(170)) - 4c7984b5-42f1-4e4b-a334-601f88f38b33@group-7A90E47A063C-FollowerState was interrupted
2025-09-07 09:44:06,397 [c7c0d573-77b1-47db-b09e-d84959a4a43f@group-7A90E47A063C-FollowerState] INFO  impl.FollowerState (FollowerState.java:runImpl(170)) - c7c0d573-77b1-47db-b09e-d84959a4a43f@group-7A90E47A063C-FollowerState was interrupted
2025-09-07 09:44:06,398 [grpc-default-executor-0] INFO  server.RaftServer$Division (RaftServerImpl.java:setFirstElection(576)) - 4c7984b5-42f1-4e4b-a334-601f88f38b33@group-7A90E47A063C: set firstElectionSinceStartup to false for candidate:486fef96-c6ec-41d9-a4ca-7ebb3d261081
2025-09-07 09:44:06,399 [90a60b70-6b91-4fb2-a612-7ac0b6911dfc@group-8AB8E1487AAF-LeaderElection17] INFO  impl.LeaderElection (LeaderElection.java:askForVotes(448)) - 90a60b70-6b91-4fb2-a612-7ac0b6911dfc@group-8AB8E1487AAF-LeaderElection17 ELECTION round 0: submit vote requests at term 1 for conf: {index: -1, cur=peers:[90a60b70-6b91-4fb2-a612-7ac0b6911dfc|127.0.0.1:15047]|listeners:[], old=null}
2025-09-07 09:44:06,399 [90a60b70-6b91-4fb2-a612-7ac0b6911dfc@group-8AB8E1487AAF-LeaderElection17] INFO  impl.LeaderElection (LeaderElection.java:askForVotes(450)) - 90a60b70-6b91-4fb2-a612-7ac0b6911dfc@group-8AB8E1487AAF-LeaderElection17 ELECTION round 0: result PASSED (term=1)
2025-09-07 09:44:06,400 [90a60b70-6b91-4fb2-a612-7ac0b6911dfc@group-8AB8E1487AAF-LeaderElection17] INFO  impl.RoleInfo (RoleInfo.java:shutdownLeaderElection(141)) - 90a60b70-6b91-4fb2-a612-7ac0b6911dfc: shutdown 90a60b70-6b91-4fb2-a612-7ac0b6911dfc@group-8AB8E1487AAF-LeaderElection17
2025-09-07 09:44:06,400 [90a60b70-6b91-4fb2-a612-7ac0b6911dfc@group-8AB8E1487AAF-LeaderElection17] INFO  server.RaftServer$Division (RaftServerImpl.java:setRole(392)) - 90a60b70-6b91-4fb2-a612-7ac0b6911dfc@group-8AB8E1487AAF: changes role from CANDIDATE to LEADER at term 1 for changeToLeader
2025-09-07 09:44:06,401 [90a60b70-6b91-4fb2-a612-7ac0b6911dfc@group-8AB8E1487AAF-LeaderElection17] INFO  server.RaftServerConfigKeys (ConfUtils.java:logFallback(69)) - raft.server.staging.timeout = 3600ms (fallback to raft.server.rpc.timeout.max)
2025-09-07 09:44:06,401 [grpc-default-executor-0] INFO  server.RaftServer$Division (RaftServerImpl.java:requestVote(1455)) - 4c7984b5-42f1-4e4b-a334-601f88f38b33@group-7A90E47A063C replies to ELECTION vote request: 486fef96-c6ec-41d9-a4ca-7ebb3d261081<-4c7984b5-42f1-4e4b-a334-601f88f38b33#0:OK-t1-last:<INITIAL_VALUE>. Peer's state: 4c7984b5-42f1-4e4b-a334-601f88f38b33@group-7A90E47A063C:t1, leader=null, voted=486fef96-c6ec-41d9-a4ca-7ebb3d261081, raftlog=Memoized:4c7984b5-42f1-4e4b-a334-601f88f38b33@group-7A90E47A063C-SegmentedRaftLog:OPENED:c-1:lastnull, conf=conf: {index: -1, cur=peers:[c7c0d573-77b1-47db-b09e-d84959a4a43f|127.0.0.1:15063, 486fef96-c6ec-41d9-a4ca-7ebb3d261081|127.0.0.1:15071, 4c7984b5-42f1-4e4b-a334-601f88f38b33|127.0.0.1:15079]|listeners:[], old=null}
2025-09-07 09:44:06,403 [90a60b70-6b91-4fb2-a612-7ac0b6911dfc@group-8AB8E1487AAF-LeaderElection17] INFO  server.RaftServerConfigKeys (ConfUtils.java:logGet(62)) - raft.server.write.byte-limit = 1024 M (=1073741824) (custom)
2025-09-07 09:44:06,404 [486fef96-c6ec-41d9-a4ca-7ebb3d261081@group-7A90E47A063C-LeaderElection16] INFO  impl.LeaderElection (LeaderElection.java:logAndReturn(206)) - 486fef96-c6ec-41d9-a4ca-7ebb3d261081@group-7A90E47A063C-LeaderElection16: ELECTION PASSED received 1 response(s) and 0 exception(s):
2025-09-07 09:44:06,405 [grpc-default-executor-5] INFO  server.RaftServer$Division (RaftServerImpl.java:requestVote(1455)) - c7c0d573-77b1-47db-b09e-d84959a4a43f@group-7A90E47A063C replies to ELECTION vote request: 486fef96-c6ec-41d9-a4ca-7ebb3d261081<-c7c0d573-77b1-47db-b09e-d84959a4a43f#0:OK-t1-last:<INITIAL_VALUE>. Peer's state: c7c0d573-77b1-47db-b09e-d84959a4a43f@group-7A90E47A063C:t1, leader=null, voted=486fef96-c6ec-41d9-a4ca-7ebb3d261081, raftlog=Memoized:c7c0d573-77b1-47db-b09e-d84959a4a43f@group-7A90E47A063C-SegmentedRaftLog:OPENED:c-1:lastnull, conf=conf: {index: -1, cur=peers:[c7c0d573-77b1-47db-b09e-d84959a4a43f|127.0.0.1:15063, 486fef96-c6ec-41d9-a4ca-7ebb3d261081|127.0.0.1:15071, 4c7984b5-42f1-4e4b-a334-601f88f38b33|127.0.0.1:15079]|listeners:[], old=null}
2025-09-07 09:44:06,405 [486fef96-c6ec-41d9-a4ca-7ebb3d261081@group-7A90E47A063C-LeaderElection16] INFO  impl.LeaderElection (LeaderElection.java:logAndReturn(210)) -   Response 0: 486fef96-c6ec-41d9-a4ca-7ebb3d261081<-4c7984b5-42f1-4e4b-a334-601f88f38b33#0:OK-t1-last:<INITIAL_VALUE>
2025-09-07 09:44:06,406 [486fef96-c6ec-41d9-a4ca-7ebb3d261081@group-7A90E47A063C-LeaderElection16] INFO  impl.LeaderElection (LeaderElection.java:askForVotes(450)) - 486fef96-c6ec-41d9-a4ca-7ebb3d261081@group-7A90E47A063C-LeaderElection16 ELECTION round 0: result PASSED
2025-09-07 09:44:06,406 [486fef96-c6ec-41d9-a4ca-7ebb3d261081@group-7A90E47A063C-LeaderElection16] INFO  impl.RoleInfo (RoleInfo.java:shutdownLeaderElection(141)) - 486fef96-c6ec-41d9-a4ca-7ebb3d261081: shutdown 486fef96-c6ec-41d9-a4ca-7ebb3d261081@group-7A90E47A063C-LeaderElection16
2025-09-07 09:44:06,406 [486fef96-c6ec-41d9-a4ca-7ebb3d261081@group-7A90E47A063C-LeaderElection16] INFO  server.RaftServer$Division (RaftServerImpl.java:setRole(392)) - 486fef96-c6ec-41d9-a4ca-7ebb3d261081@group-7A90E47A063C: changes role from CANDIDATE to LEADER at term 1 for changeToLeader
2025-09-07 09:44:06,407 [486fef96-c6ec-41d9-a4ca-7ebb3d261081@group-7A90E47A063C-LeaderElection16] INFO  server.RaftServerConfigKeys (ConfUtils.java:logFallback(69)) - raft.server.staging.timeout = 3600ms (fallback to raft.server.rpc.timeout.max)
2025-09-07 09:44:06,407 [486fef96-c6ec-41d9-a4ca-7ebb3d261081@group-7A90E47A063C-LeaderElection16] INFO  server.RaftServerConfigKeys (ConfUtils.java:logGet(62)) - raft.server.write.byte-limit = 1024 M (=1073741824) (custom)
2025-09-07 09:44:06,407 [90a60b70-6b91-4fb2-a612-7ac0b6911dfc@group-8AB8E1487AAF-LeaderElection17] INFO  impl.RoleInfo (RoleInfo.java:updateAndGet(148)) - 90a60b70-6b91-4fb2-a612-7ac0b6911dfc: start 90a60b70-6b91-4fb2-a612-7ac0b6911dfc@group-8AB8E1487AAF-LeaderStateImpl
2025-09-07 09:44:06,407 [90a60b70-6b91-4fb2-a612-7ac0b6911dfc@group-8AB8E1487AAF-LeaderElection17] INFO  server.RaftServer$Division (RaftServerImpl.java:setFirstElection(576)) - 90a60b70-6b91-4fb2-a612-7ac0b6911dfc@group-8AB8E1487AAF: set firstElectionSinceStartup to false for becomeLeader
2025-09-07 09:44:06,407 [90a60b70-6b91-4fb2-a612-7ac0b6911dfc@group-8AB8E1487AAF-LeaderElection17] INFO  ratis.XceiverServerRatis (XceiverServerRatis.java:handleLeaderChangedNotification(947)) - Leader change notification received for group: group-8AB8E1487AAF with new leaderId: 90a60b70-6b91-4fb2-a612-7ac0b6911dfc
2025-09-07 09:44:06,410 [90a60b70-6b91-4fb2-a612-7ac0b6911dfc@group-8AB8E1487AAF-LeaderElection17] INFO  server.RaftServer$Division (ServerState.java:setLeader(272)) - 90a60b70-6b91-4fb2-a612-7ac0b6911dfc@group-8AB8E1487AAF: change Leader from null to 90a60b70-6b91-4fb2-a612-7ac0b6911dfc at term 1 for becomeLeader, leader elected after 1107ms
2025-09-07 09:44:06,411 [90a60b70-6b91-4fb2-a612-7ac0b6911dfc@group-8AB8E1487AAF-LeaderElection17] INFO  segmented.SegmentedRaftLogWorker (SegmentedRaftLogWorker.java:startLogSegment(440)) - 90a60b70-6b91-4fb2-a612-7ac0b6911dfc@group-8AB8E1487AAF-SegmentedRaftLogWorker: Starting segment from index:0
2025-09-07 09:44:06,412 [90a60b70-6b91-4fb2-a612-7ac0b6911dfc@group-8AB8E1487AAF-SegmentedRaftLogWorker] INFO  segmented.BufferedWriteChannel (BufferedWriteChannel.java:open(61)) - open log_inprogress_0 at position 0
2025-09-07 09:44:06,414 [ForkJoinPool-1-worker-1] INFO  ozoneimpl.OzoneContainer (OzoneContainer.java:stop(549)) - Attempting to stop container services.
2025-09-07 09:44:06,415 [90a60b70-6b91-4fb2-a612-7ac0b6911dfc@group-8AB8E1487AAF-LeaderElection17] INFO  server.RaftServer$Division (ServerState.java:setRaftConf(386)) - 90a60b70-6b91-4fb2-a612-7ac0b6911dfc@group-8AB8E1487AAF: set configuration conf: {index: 0, cur=peers:[90a60b70-6b91-4fb2-a612-7ac0b6911dfc|127.0.0.1:15047]|listeners:[], old=null}
2025-09-07 09:44:06,415 [486fef96-c6ec-41d9-a4ca-7ebb3d261081@group-7A90E47A063C-LeaderElection16] INFO  server.RaftServerConfigKeys (ConfUtils.java:logGet(62)) - raft.server.log.appender.buffer.byte-limit = 33554432 (custom)
2025-09-07 09:44:06,415 [ContainerMetadataScanner] WARN  ozoneimpl.AbstractBackgroundContainerScanner (AbstractBackgroundContainerScanner.java:handleRemainingSleep(136)) - Background container scan was interrupted.
2025-09-07 09:44:06,416 [ContainerMetadataScanner] INFO  ozoneimpl.AbstractBackgroundContainerScanner (AbstractBackgroundContainerScanner.java:run(63)) - org.apache.hadoop.ozone.container.ozoneimpl.BackgroundContainerMetadataScanner@2d8de902 exiting.
2025-09-07 09:44:06,417 [ForkJoinPool-1-worker-1] INFO  ozoneimpl.BackgroundContainerDataScanner (BackgroundContainerDataScanner.java:shutdown(87)) - ContainerDataScanner(/home/runner/work/ozone/ozone/hadoop-ozone/integration-test/target/test-dir/MiniOzoneClusterImpl-023d5a78-e64c-43f3-a4d9-6f7884931d6c/ozone-metadata/datanode-1/data-0/hdds) is shutting down. 
2025-09-07 09:44:06,419 [ContainerDataScanner(/home/runner/work/ozone/ozone/hadoop-ozone/integration-test/target/test-dir/MiniOzoneClusterImpl-023d5a78-e64c-43f3-a4d9-6f7884931d6c/ozone-metadata/datanode-1/data-0/hdds)] WARN  ozoneimpl.AbstractBackgroundContainerScanner (AbstractBackgroundContainerScanner.java:handleRemainingSleep(136)) - Background container scan was interrupted.
2025-09-07 09:44:06,419 [ContainerDataScanner(/home/runner/work/ozone/ozone/hadoop-ozone/integration-test/target/test-dir/MiniOzoneClusterImpl-023d5a78-e64c-43f3-a4d9-6f7884931d6c/ozone-metadata/datanode-1/data-0/hdds)] INFO  ozoneimpl.AbstractBackgroundContainerScanner (AbstractBackgroundContainerScanner.java:run(63)) - ContainerDataScanner(/home/runner/work/ozone/ozone/hadoop-ozone/integration-test/target/test-dir/MiniOzoneClusterImpl-023d5a78-e64c-43f3-a4d9-6f7884931d6c/ozone-metadata/datanode-1/data-0/hdds, DS-5fbd3f51-2257-4844-a78a-38b1b6d3b151) exiting.
2025-09-07 09:44:06,419 [486fef96-c6ec-41d9-a4ca-7ebb3d261081@group-7A90E47A063C-LeaderElection16] INFO  server.RaftServerConfigKeys (ConfUtils.java:logGet(62)) - raft.server.log.appender.buffer.byte-limit = 33554432 (custom)
2025-09-07 09:44:06,420 [ForkJoinPool-1-worker-1] INFO  ozoneimpl.OnDemandContainerScanner (OnDemandContainerScanner.java:shutdown(141)) - On-demand container scanner is shutting down.
2025-09-07 09:44:06,420 [486fef96-c6ec-41d9-a4ca-7ebb3d261081@group-7A90E47A063C-LeaderElection16] INFO  impl.RoleInfo (RoleInfo.java:updateAndGet(148)) - 486fef96-c6ec-41d9-a4ca-7ebb3d261081: start 486fef96-c6ec-41d9-a4ca-7ebb3d261081@group-7A90E47A063C-LeaderStateImpl
2025-09-07 09:44:06,420 [486fef96-c6ec-41d9-a4ca-7ebb3d261081@group-7A90E47A063C-LeaderElection16] INFO  server.RaftServer$Division (RaftServerImpl.java:setFirstElection(576)) - 486fef96-c6ec-41d9-a4ca-7ebb3d261081@group-7A90E47A063C: set firstElectionSinceStartup to false for becomeLeader
2025-09-07 09:44:06,420 [486fef96-c6ec-41d9-a4ca-7ebb3d261081@group-7A90E47A063C-LeaderElection16] INFO  ratis.XceiverServerRatis (XceiverServerRatis.java:handleLeaderChangedNotification(947)) - Leader change notification received for group: group-7A90E47A063C with new leaderId: 486fef96-c6ec-41d9-a4ca-7ebb3d261081
2025-09-07 09:44:06,421 [486fef96-c6ec-41d9-a4ca-7ebb3d261081@group-7A90E47A063C-LeaderElection16] INFO  server.RaftServer$Division (ServerState.java:setLeader(272)) - 486fef96-c6ec-41d9-a4ca-7ebb3d261081@group-7A90E47A063C: change Leader from null to 486fef96-c6ec-41d9-a4ca-7ebb3d261081 at term 1 for becomeLeader, leader elected after 1287ms
2025-09-07 09:44:06,421 [486fef96-c6ec-41d9-a4ca-7ebb3d261081@group-7A90E47A063C-LeaderElection16] INFO  segmented.SegmentedRaftLogWorker (SegmentedRaftLogWorker.java:startLogSegment(440)) - 486fef96-c6ec-41d9-a4ca-7ebb3d261081@group-7A90E47A063C-SegmentedRaftLogWorker: Starting segment from index:0
2025-09-07 09:44:06,421 [486fef96-c6ec-41d9-a4ca-7ebb3d261081@group-7A90E47A063C-LeaderElection16] INFO  server.RaftServer$Division (ServerState.java:setRaftConf(386)) - 486fef96-c6ec-41d9-a4ca-7ebb3d261081@group-7A90E47A063C: set configuration conf: {index: 0, cur=peers:[c7c0d573-77b1-47db-b09e-d84959a4a43f|127.0.0.1:15063, 486fef96-c6ec-41d9-a4ca-7ebb3d261081|127.0.0.1:15071, 4c7984b5-42f1-4e4b-a334-601f88f38b33|127.0.0.1:15079]|listeners:[], old=null}
2025-09-07 09:44:06,421 [486fef96-c6ec-41d9-a4ca-7ebb3d261081@group-7A90E47A063C-SegmentedRaftLogWorker] INFO  segmented.BufferedWriteChannel (BufferedWriteChannel.java:open(61)) - open log_inprogress_0 at position 0
2025-09-07 09:44:06,423 [90a60b70-6b91-4fb2-a612-7ac0b6911dfc@group-8AB8E1487AAF-SegmentedRaftLogWorker] INFO  segmented.SegmentedRaftLogWorker (SegmentedRaftLogWorker.java:execute(647)) - 90a60b70-6b91-4fb2-a612-7ac0b6911dfc@group-8AB8E1487AAF-SegmentedRaftLogWorker: created new log segment /home/runner/work/ozone/ozone/hadoop-ozone/integration-test/target/test-dir/MiniOzoneClusterImpl-023d5a78-e64c-43f3-a4d9-6f7884931d6c/ozone-metadata/datanode-5/ratis/290201cc-74e0-4698-a1ce-8ab8e1487aaf/current/log_inprogress_0
2025-09-07 09:44:06,426 [90a60b70-6b91-4fb2-a612-7ac0b6911dfc@group-8AB8E1487AAF-StateMachineUpdater] INFO  server.RaftServer$Division (LeaderStateImpl.java:checkStartIndex(309)) - Leader 90a60b70-6b91-4fb2-a612-7ac0b6911dfc@group-8AB8E1487AAF-LeaderStateImpl is ready since appliedIndex == startIndex == 0
2025-09-07 09:44:06,430 [ForkJoinPool-1-worker-1] INFO  ratis.XceiverServerRatis (XceiverServerRatis.java:stop(597)) - Closing XceiverServerRatis(ff2509eb-55dd-4ad3-b532-83d6209e1a92)
2025-09-07 09:44:06,430 [ForkJoinPool-1-worker-1] INFO  server.RaftServer (RaftServerProxy.java:lambda$close$9(422)) - ff2509eb-55dd-4ad3-b532-83d6209e1a92: close
2025-09-07 09:44:06,430 [EventQueue-PipelineReportForPipelineReportHandler] INFO  pipeline.PipelineReportHandler (PipelineReportHandler.java:processPipelineReport(134)) - Opened pipeline Pipeline-c966e9dd-f994-4bc9-96f7-7a90e47a063c
2025-09-07 09:44:06,431 [ff2509eb-55dd-4ad3-b532-83d6209e1a92-impl-thread2] INFO  server.RaftServer$Division (RaftServerImpl.java:lambda$close$1(527)) - ff2509eb-55dd-4ad3-b532-83d6209e1a92@group-77DC33C8A8CA: shutdown
2025-09-07 09:44:06,431 [ff2509eb-55dd-4ad3-b532-83d6209e1a92-impl-thread2] INFO  util.JmxRegister (JmxRegister.java:unregister(74)) - Successfully un-registered JMX Bean with object name Ratis:service=RaftServer,group=group-77DC33C8A8CA,id=ff2509eb-55dd-4ad3-b532-83d6209e1a92
2025-09-07 09:44:06,431 [ff2509eb-55dd-4ad3-b532-83d6209e1a92-impl-thread2] INFO  impl.RoleInfo (RoleInfo.java:shutdownLeaderState(103)) - ff2509eb-55dd-4ad3-b532-83d6209e1a92: shutdown ff2509eb-55dd-4ad3-b532-83d6209e1a92@group-77DC33C8A8CA-LeaderStateImpl
2025-09-07 09:44:06,431 [ff2509eb-55dd-4ad3-b532-83d6209e1a92@group-77DC33C8A8CA->8500c972-c6d1-4433-9d49-a8e3bb920002-GrpcLogAppender-LogAppenderDaemon] WARN  server.GrpcLogAppender (GrpcLogAppender.java:mayWait(300)) - ff2509eb-55dd-4ad3-b532-83d6209e1a92@group-77DC33C8A8CA->8500c972-c6d1-4433-9d49-a8e3bb920002-GrpcLogAppender: Wait interrupted by java.lang.InterruptedException
2025-09-07 09:44:06,431 [ff2509eb-55dd-4ad3-b532-83d6209e1a92@group-77DC33C8A8CA->95d41743-cdf0-4105-938b-93fe980aeffc-GrpcLogAppender-LogAppenderDaemon] WARN  server.GrpcLogAppender (GrpcLogAppender.java:mayWait(300)) - ff2509eb-55dd-4ad3-b532-83d6209e1a92@group-77DC33C8A8CA->95d41743-cdf0-4105-938b-93fe980aeffc-GrpcLogAppender: Wait interrupted by java.lang.InterruptedException
2025-09-07 09:44:06,431 [ff2509eb-55dd-4ad3-b532-83d6209e1a92-impl-thread1] INFO  server.RaftServer$Division (RaftServerImpl.java:lambda$close$1(527)) - ff2509eb-55dd-4ad3-b532-83d6209e1a92@group-8F87D7C2BFC6: shutdown
2025-09-07 09:44:06,432 [ff2509eb-55dd-4ad3-b532-83d6209e1a92-impl-thread1] INFO  util.JmxRegister (JmxRegister.java:unregister(74)) - Successfully un-registered JMX Bean with object name Ratis:service=RaftServer,group=group-8F87D7C2BFC6,id=ff2509eb-55dd-4ad3-b532-83d6209e1a92
2025-09-07 09:44:06,432 [ff2509eb-55dd-4ad3-b532-83d6209e1a92-impl-thread1] INFO  impl.RoleInfo (RoleInfo.java:shutdownLeaderState(103)) - ff2509eb-55dd-4ad3-b532-83d6209e1a92: shutdown ff2509eb-55dd-4ad3-b532-83d6209e1a92@group-8F87D7C2BFC6-LeaderStateImpl
2025-09-07 09:44:06,432 [ff2509eb-55dd-4ad3-b532-83d6209e1a92-impl-thread1] INFO  impl.PendingRequests (PendingRequests.java:sendNotLeaderResponses(287)) - ff2509eb-55dd-4ad3-b532-83d6209e1a92@group-8F87D7C2BFC6-PendingRequests: sendNotLeaderResponses
2025-09-07 09:44:06,433 [ff2509eb-55dd-4ad3-b532-83d6209e1a92-impl-thread2] INFO  impl.PendingRequests (PendingRequests.java:sendNotLeaderResponses(287)) - ff2509eb-55dd-4ad3-b532-83d6209e1a92@group-77DC33C8A8CA-PendingRequests: sendNotLeaderResponses
2025-09-07 09:44:06,433 [ForkJoinPool-1-worker-1] INFO  server.GrpcServicesImpl (GrpcServicesImpl.java:closeImpl(355)) - ff2509eb-55dd-4ad3-b532-83d6209e1a92: shutdown server org.apache.ratis.grpc.server.GrpcClientProtocolService now
2025-09-07 09:44:06,433 [ff2509eb-55dd-4ad3-b532-83d6209e1a92-impl-thread3] INFO  server.RaftServer$Division (RaftServerImpl.java:lambda$close$1(527)) - ff2509eb-55dd-4ad3-b532-83d6209e1a92@group-DDE89B3F2AFE: shutdown
2025-09-07 09:44:06,434 [ff2509eb-55dd-4ad3-b532-83d6209e1a92-impl-thread3] INFO  util.JmxRegister (JmxRegister.java:unregister(74)) - Successfully un-registered JMX Bean with object name Ratis:service=RaftServer,group=group-DDE89B3F2AFE,id=ff2509eb-55dd-4ad3-b532-83d6209e1a92
2025-09-07 09:44:06,434 [ff2509eb-55dd-4ad3-b532-83d6209e1a92-impl-thread3] INFO  impl.RoleInfo (RoleInfo.java:shutdownFollowerState(121)) - ff2509eb-55dd-4ad3-b532-83d6209e1a92: shutdown ff2509eb-55dd-4ad3-b532-83d6209e1a92@group-DDE89B3F2AFE-FollowerState
2025-09-07 09:44:06,434 [ff2509eb-55dd-4ad3-b532-83d6209e1a92@group-DDE89B3F2AFE-StateMachineUpdater] INFO  ratis.ContainerStateMachine (ContainerStateMachine.java:takeSnapshot(427)) - group-DDE89B3F2AFE: Taking a snapshot at:(t:1, i:2) file /home/runner/work/ozone/ozone/hadoop-ozone/integration-test/target/test-dir/MiniOzoneClusterImpl-023d5a78-e64c-43f3-a4d9-6f7884931d6c/ozone-metadata/datanode-1/ratis/3adef986-442f-409a-a79f-dde89b3f2afe/sm/snapshot.1_2
2025-09-07 09:44:06,434 [Thread-990] INFO  server.GrpcServerProtocolClient (GrpcServerProtocolClient.java:close(105)) - 95d41743-cdf0-4105-938b-93fe980aeffc Close channels
2025-09-07 09:44:06,434 [ff2509eb-55dd-4ad3-b532-83d6209e1a92@group-DDE89B3F2AFE-FollowerState] INFO  impl.FollowerState (FollowerState.java:runImpl(170)) - ff2509eb-55dd-4ad3-b532-83d6209e1a92@group-DDE89B3F2AFE-FollowerState was interrupted
2025-09-07 09:44:06,434 [Thread-991] INFO  server.GrpcServerProtocolClient (GrpcServerProtocolClient.java:close(105)) - 8500c972-c6d1-4433-9d49-a8e3bb920002 Close channels
2025-09-07 09:44:06,434 [ff2509eb-55dd-4ad3-b532-83d6209e1a92-impl-thread3] INFO  impl.StateMachineUpdater (StateMachineUpdater.java:stopAndJoin(163)) - ff2509eb-55dd-4ad3-b532-83d6209e1a92@group-DDE89B3F2AFE-StateMachineUpdater: set stopIndex = 2
2025-09-07 09:44:06,441 [486fef96-c6ec-41d9-a4ca-7ebb3d261081@group-7A90E47A063C-SegmentedRaftLogWorker] INFO  segmented.SegmentedRaftLogWorker (SegmentedRaftLogWorker.java:execute(647)) - 486fef96-c6ec-41d9-a4ca-7ebb3d261081@group-7A90E47A063C-SegmentedRaftLogWorker: created new log segment /home/runner/work/ozone/ozone/hadoop-ozone/integration-test/target/test-dir/MiniOzoneClusterImpl-023d5a78-e64c-43f3-a4d9-6f7884931d6c/ozone-metadata/datanode-8/ratis/c966e9dd-f994-4bc9-96f7-7a90e47a063c/current/log_inprogress_0
2025-09-07 09:44:06,441 [ff2509eb-55dd-4ad3-b532-83d6209e1a92@group-8F87D7C2BFC6-StateMachineUpdater] INFO  ratis.ContainerStateMachine (ContainerStateMachine.java:takeSnapshot(427)) - group-8F87D7C2BFC6: Taking a snapshot at:(t:1, i:0) file /home/runner/work/ozone/ozone/hadoop-ozone/integration-test/target/test-dir/MiniOzoneClusterImpl-023d5a78-e64c-43f3-a4d9-6f7884931d6c/ozone-metadata/datanode-1/ratis/84ca9d0f-7cf9-4c2b-a636-8f87d7c2bfc6/sm/snapshot.1_0
2025-09-07 09:44:06,442 [grpc-default-executor-4] INFO  ratis.XceiverServerRatis (XceiverServerRatis.java:handleLeaderChangedNotification(947)) - Leader change notification received for group: group-7A90E47A063C with new leaderId: 486fef96-c6ec-41d9-a4ca-7ebb3d261081
2025-09-07 09:44:06,443 [grpc-default-executor-4] INFO  server.RaftServer$Division (ServerState.java:setLeader(272)) - 4c7984b5-42f1-4e4b-a334-601f88f38b33@group-7A90E47A063C: change Leader from null to 486fef96-c6ec-41d9-a4ca-7ebb3d261081 at term 1 for appendEntries, leader elected after 1213ms
2025-09-07 09:44:06,443 [grpc-default-executor-4] INFO  server.RaftServer$Division (ServerState.java:setRaftConf(386)) - 4c7984b5-42f1-4e4b-a334-601f88f38b33@group-7A90E47A063C: set configuration conf: {index: 0, cur=peers:[c7c0d573-77b1-47db-b09e-d84959a4a43f|127.0.0.1:15063, 486fef96-c6ec-41d9-a4ca-7ebb3d261081|127.0.0.1:15071, 4c7984b5-42f1-4e4b-a334-601f88f38b33|127.0.0.1:15079]|listeners:[], old=null}
2025-09-07 09:44:06,443 [grpc-default-executor-4] INFO  segmented.SegmentedRaftLogWorker (SegmentedRaftLogWorker.java:startLogSegment(440)) - 4c7984b5-42f1-4e4b-a334-601f88f38b33@group-7A90E47A063C-SegmentedRaftLogWorker: Starting segment from index:0
2025-09-07 09:44:06,443 [grpc-default-executor-6] INFO  ratis.XceiverServerRatis (XceiverServerRatis.java:handleLeaderChangedNotification(947)) - Leader change notification received for group: group-7A90E47A063C with new leaderId: 486fef96-c6ec-41d9-a4ca-7ebb3d261081
2025-09-07 09:44:06,443 [grpc-default-executor-6] INFO  server.RaftServer$Division (ServerState.java:setLeader(272)) - c7c0d573-77b1-47db-b09e-d84959a4a43f@group-7A90E47A063C: change Leader from null to 486fef96-c6ec-41d9-a4ca-7ebb3d261081 at term 1 for appendEntries, leader elected after 1383ms
2025-09-07 09:44:06,444 [4c7984b5-42f1-4e4b-a334-601f88f38b33@group-7A90E47A063C-SegmentedRaftLogWorker] INFO  segmented.BufferedWriteChannel (BufferedWriteChannel.java:open(61)) - open log_inprogress_0 at position 0
2025-09-07 09:44:06,444 [grpc-default-executor-7] INFO  server.RaftServer$Division (ServerState.java:setRaftConf(386)) - c7c0d573-77b1-47db-b09e-d84959a4a43f@group-7A90E47A063C: set configuration conf: {index: 0, cur=peers:[c7c0d573-77b1-47db-b09e-d84959a4a43f|127.0.0.1:15063, 486fef96-c6ec-41d9-a4ca-7ebb3d261081|127.0.0.1:15071, 4c7984b5-42f1-4e4b-a334-601f88f38b33|127.0.0.1:15079]|listeners:[], old=null}
2025-09-07 09:44:06,445 [grpc-default-executor-7] INFO  segmented.SegmentedRaftLogWorker (SegmentedRaftLogWorker.java:startLogSegment(440)) - c7c0d573-77b1-47db-b09e-d84959a4a43f@group-7A90E47A063C-SegmentedRaftLogWorker: Starting segment from index:0
2025-09-07 09:44:06,445 [ff2509eb-55dd-4ad3-b532-83d6209e1a92@group-77DC33C8A8CA-StateMachineUpdater] INFO  ratis.ContainerStateMachine (ContainerStateMachine.java:takeSnapshot(427)) - group-77DC33C8A8CA: Taking a snapshot at:(t:1, i:0) file /home/runner/work/ozone/ozone/hadoop-ozone/integration-test/target/test-dir/MiniOzoneClusterImpl-023d5a78-e64c-43f3-a4d9-6f7884931d6c/ozone-metadata/datanode-1/ratis/766115e5-0d59-4db5-b7b5-77dc33c8a8ca/sm/snapshot.1_0
2025-09-07 09:44:06,445 [c7c0d573-77b1-47db-b09e-d84959a4a43f@group-7A90E47A063C-SegmentedRaftLogWorker] INFO  segmented.BufferedWriteChannel (BufferedWriteChannel.java:open(61)) - open log_inprogress_0 at position 0
2025-09-07 09:44:06,444 [ff2509eb-55dd-4ad3-b532-83d6209e1a92-impl-thread2] INFO  impl.StateMachineUpdater (StateMachineUpdater.java:stopAndJoin(163)) - ff2509eb-55dd-4ad3-b532-83d6209e1a92@group-77DC33C8A8CA-StateMachineUpdater: set stopIndex = 0
2025-09-07 09:44:06,444 [ff2509eb-55dd-4ad3-b532-83d6209e1a92-impl-thread1] INFO  impl.StateMachineUpdater (StateMachineUpdater.java:stopAndJoin(163)) - ff2509eb-55dd-4ad3-b532-83d6209e1a92@group-8F87D7C2BFC6-StateMachineUpdater: set stopIndex = 0
2025-09-07 09:44:06,457 [4c7984b5-42f1-4e4b-a334-601f88f38b33@group-7A90E47A063C-SegmentedRaftLogWorker] INFO  segmented.SegmentedRaftLogWorker (SegmentedRaftLogWorker.java:execute(647)) - 4c7984b5-42f1-4e4b-a334-601f88f38b33@group-7A90E47A063C-SegmentedRaftLogWorker: created new log segment /home/runner/work/ozone/ozone/hadoop-ozone/integration-test/target/test-dir/MiniOzoneClusterImpl-023d5a78-e64c-43f3-a4d9-6f7884931d6c/ozone-metadata/datanode-9/ratis/c966e9dd-f994-4bc9-96f7-7a90e47a063c/current/log_inprogress_0
2025-09-07 09:44:06,458 [c7c0d573-77b1-47db-b09e-d84959a4a43f@group-7A90E47A063C-SegmentedRaftLogWorker] INFO  segmented.SegmentedRaftLogWorker (SegmentedRaftLogWorker.java:execute(647)) - c7c0d573-77b1-47db-b09e-d84959a4a43f@group-7A90E47A063C-SegmentedRaftLogWorker: created new log segment /home/runner/work/ozone/ozone/hadoop-ozone/integration-test/target/test-dir/MiniOzoneClusterImpl-023d5a78-e64c-43f3-a4d9-6f7884931d6c/ozone-metadata/datanode-7/ratis/c966e9dd-f994-4bc9-96f7-7a90e47a063c/current/log_inprogress_0
2025-09-07 09:44:06,465 [486fef96-c6ec-41d9-a4ca-7ebb3d261081@group-7A90E47A063C-StateMachineUpdater] INFO  server.RaftServer$Division (LeaderStateImpl.java:checkStartIndex(309)) - Leader 486fef96-c6ec-41d9-a4ca-7ebb3d261081@group-7A90E47A063C-LeaderStateImpl is ready since appliedIndex == startIndex == 0
2025-09-07 09:44:06,485 [7c7182dc-ac7f-44a8-b1d4-5d10f99cbcf2@group-9E511D2458D0-FollowerState] INFO  impl.FollowerState (FollowerState.java:runImpl(161)) - 7c7182dc-ac7f-44a8-b1d4-5d10f99cbcf2@group-9E511D2458D0-FollowerState: change to CANDIDATE, lastRpcElapsedTime:1158693456ns, electionTimeout:1157ms
2025-09-07 09:44:06,485 [7c7182dc-ac7f-44a8-b1d4-5d10f99cbcf2@group-9E511D2458D0-FollowerState] INFO  impl.RoleInfo (RoleInfo.java:shutdownFollowerState(121)) - 7c7182dc-ac7f-44a8-b1d4-5d10f99cbcf2: shutdown 7c7182dc-ac7f-44a8-b1d4-5d10f99cbcf2@group-9E511D2458D0-FollowerState
2025-09-07 09:44:06,485 [e6e13cb3-e32b-4d2d-874a-1e4700c67398@group-9E511D2458D0-FollowerState] INFO  impl.FollowerState (FollowerState.java:runImpl(161)) - e6e13cb3-e32b-4d2d-874a-1e4700c67398@group-9E511D2458D0-FollowerState: change to CANDIDATE, lastRpcElapsedTime:1019707710ns, electionTimeout:1018ms
2025-09-07 09:44:06,499 [e6e13cb3-e32b-4d2d-874a-1e4700c67398@group-9E511D2458D0-FollowerState] INFO  impl.RoleInfo (RoleInfo.java:shutdownFollowerState(121)) - e6e13cb3-e32b-4d2d-874a-1e4700c67398: shutdown e6e13cb3-e32b-4d2d-874a-1e4700c67398@group-9E511D2458D0-FollowerState
2025-09-07 09:44:06,499 [7c7182dc-ac7f-44a8-b1d4-5d10f99cbcf2@group-9E511D2458D0-FollowerState] INFO  server.RaftServer$Division (RaftServerImpl.java:setRole(392)) - 7c7182dc-ac7f-44a8-b1d4-5d10f99cbcf2@group-9E511D2458D0: changes role from  FOLLOWER to CANDIDATE at term 0 for changeToCandidate
2025-09-07 09:44:06,499 [7c7182dc-ac7f-44a8-b1d4-5d10f99cbcf2@group-9E511D2458D0-FollowerState] INFO  impl.RoleInfo (RoleInfo.java:updateAndGet(148)) - 7c7182dc-ac7f-44a8-b1d4-5d10f99cbcf2: start 7c7182dc-ac7f-44a8-b1d4-5d10f99cbcf2@group-9E511D2458D0-LeaderElection18
2025-09-07 09:44:06,499 [e6e13cb3-e32b-4d2d-874a-1e4700c67398@group-9E511D2458D0-FollowerState] INFO  server.RaftServer$Division (RaftServerImpl.java:setRole(392)) - e6e13cb3-e32b-4d2d-874a-1e4700c67398@group-9E511D2458D0: changes role from  FOLLOWER to CANDIDATE at term 0 for changeToCandidate
2025-09-07 09:44:06,500 [e6e13cb3-e32b-4d2d-874a-1e4700c67398@group-9E511D2458D0-FollowerState] INFO  impl.RoleInfo (RoleInfo.java:updateAndGet(148)) - e6e13cb3-e32b-4d2d-874a-1e4700c67398: start e6e13cb3-e32b-4d2d-874a-1e4700c67398@group-9E511D2458D0-LeaderElection19
2025-09-07 09:44:06,501 [7c7182dc-ac7f-44a8-b1d4-5d10f99cbcf2@group-9E511D2458D0-LeaderElection18] INFO  impl.LeaderElection (LeaderElection.java:askForVotes(448)) - 7c7182dc-ac7f-44a8-b1d4-5d10f99cbcf2@group-9E511D2458D0-LeaderElection18 PRE_VOTE round 0: submit vote requests at term 0 for conf: {index: -1, cur=peers:[90a60b70-6b91-4fb2-a612-7ac0b6911dfc|127.0.0.1:15047, e6e13cb3-e32b-4d2d-874a-1e4700c67398|127.0.0.1:15055, 7c7182dc-ac7f-44a8-b1d4-5d10f99cbcf2|127.0.0.1:15039]|listeners:[], old=null}
2025-09-07 09:44:06,503 [e6e13cb3-e32b-4d2d-874a-1e4700c67398@group-9E511D2458D0-LeaderElection19] INFO  impl.LeaderElection (LeaderElection.java:askForVotes(448)) - e6e13cb3-e32b-4d2d-874a-1e4700c67398@group-9E511D2458D0-LeaderElection19 PRE_VOTE round 0: submit vote requests at term 0 for conf: {index: -1, cur=peers:[90a60b70-6b91-4fb2-a612-7ac0b6911dfc|127.0.0.1:15047, e6e13cb3-e32b-4d2d-874a-1e4700c67398|127.0.0.1:15055, 7c7182dc-ac7f-44a8-b1d4-5d10f99cbcf2|127.0.0.1:15039]|listeners:[], old=null}
2025-09-07 09:44:06,504 [e6e13cb3-e32b-4d2d-874a-1e4700c67398@group-9E511D2458D0-LeaderElection19-1] INFO  server.GrpcServerProtocolClient (GrpcServerProtocolClient.java:<init>(65)) - Build channel for 90a60b70-6b91-4fb2-a612-7ac0b6911dfc|127.0.0.1:15047
2025-09-07 09:44:06,504 [e6e13cb3-e32b-4d2d-874a-1e4700c67398@group-9E511D2458D0-LeaderElection19-2] INFO  server.GrpcServerProtocolClient (GrpcServerProtocolClient.java:<init>(65)) - Build channel for 7c7182dc-ac7f-44a8-b1d4-5d10f99cbcf2|127.0.0.1:15039
2025-09-07 09:44:06,512 [grpc-default-executor-7] INFO  server.RaftServer$Division (RaftServerImpl.java:requestVote(1421)) - 90a60b70-6b91-4fb2-a612-7ac0b6911dfc@group-9E511D2458D0: receive requestVote(PRE_VOTE, 7c7182dc-ac7f-44a8-b1d4-5d10f99cbcf2, group-9E511D2458D0, 0, <PROTO_DEFAULT>)
2025-09-07 09:44:06,514 [grpc-default-executor-7] INFO  impl.VoteContext (VoteContext.java:log(49)) - 90a60b70-6b91-4fb2-a612-7ac0b6911dfc@group-9E511D2458D0-FOLLOWER: accept PRE_VOTE from 7c7182dc-ac7f-44a8-b1d4-5d10f99cbcf2: our priority 0 <= candidate's priority 0
2025-09-07 09:44:06,514 [grpc-default-executor-7] INFO  server.RaftServer$Division (RaftServerImpl.java:requestVote(1455)) - 90a60b70-6b91-4fb2-a612-7ac0b6911dfc@group-9E511D2458D0 replies to PRE_VOTE vote request: 7c7182dc-ac7f-44a8-b1d4-5d10f99cbcf2<-90a60b70-6b91-4fb2-a612-7ac0b6911dfc#0:OK-t0-last:<INITIAL_VALUE>. Peer's state: 90a60b70-6b91-4fb2-a612-7ac0b6911dfc@group-9E511D2458D0:t0, leader=null, voted=, raftlog=Memoized:90a60b70-6b91-4fb2-a612-7ac0b6911dfc@group-9E511D2458D0-SegmentedRaftLog:OPENED:c-1:lastnull, conf=conf: {index: -1, cur=peers:[90a60b70-6b91-4fb2-a612-7ac0b6911dfc|127.0.0.1:15047, e6e13cb3-e32b-4d2d-874a-1e4700c67398|127.0.0.1:15055, 7c7182dc-ac7f-44a8-b1d4-5d10f99cbcf2|127.0.0.1:15039]|listeners:[], old=null}
2025-09-07 09:44:06,513 [grpc-default-executor-4] INFO  server.RaftServer$Division (RaftServerImpl.java:requestVote(1421)) - 7c7182dc-ac7f-44a8-b1d4-5d10f99cbcf2@group-9E511D2458D0: receive requestVote(PRE_VOTE, e6e13cb3-e32b-4d2d-874a-1e4700c67398, group-9E511D2458D0, 0, <PROTO_DEFAULT>)
2025-09-07 09:44:06,515 [grpc-default-executor-4] INFO  impl.VoteContext (VoteContext.java:log(49)) - 7c7182dc-ac7f-44a8-b1d4-5d10f99cbcf2@group-9E511D2458D0-CANDIDATE: accept PRE_VOTE from e6e13cb3-e32b-4d2d-874a-1e4700c67398: our priority 0 <= candidate's priority 1
2025-09-07 09:44:06,515 [grpc-default-executor-4] INFO  server.RaftServer$Division (RaftServerImpl.java:requestVote(1455)) - 7c7182dc-ac7f-44a8-b1d4-5d10f99cbcf2@group-9E511D2458D0 replies to PRE_VOTE vote request: e6e13cb3-e32b-4d2d-874a-1e4700c67398<-7c7182dc-ac7f-44a8-b1d4-5d10f99cbcf2#0:OK-t0-last:<INITIAL_VALUE>. Peer's state: 7c7182dc-ac7f-44a8-b1d4-5d10f99cbcf2@group-9E511D2458D0:t0, leader=null, voted=, raftlog=Memoized:7c7182dc-ac7f-44a8-b1d4-5d10f99cbcf2@group-9E511D2458D0-SegmentedRaftLog:OPENED:c-1:lastnull, conf=conf: {index: -1, cur=peers:[90a60b70-6b91-4fb2-a612-7ac0b6911dfc|127.0.0.1:15047, e6e13cb3-e32b-4d2d-874a-1e4700c67398|127.0.0.1:15055, 7c7182dc-ac7f-44a8-b1d4-5d10f99cbcf2|127.0.0.1:15039]|listeners:[], old=null}
2025-09-07 09:44:06,513 [grpc-default-executor-6] INFO  server.RaftServer$Division (RaftServerImpl.java:requestVote(1421)) - e6e13cb3-e32b-4d2d-874a-1e4700c67398@group-9E511D2458D0: receive requestVote(PRE_VOTE, 7c7182dc-ac7f-44a8-b1d4-5d10f99cbcf2, group-9E511D2458D0, 0, <PROTO_DEFAULT>)
2025-09-07 09:44:06,513 [grpc-default-executor-0] INFO  server.RaftServer$Division (RaftServerImpl.java:requestVote(1421)) - 90a60b70-6b91-4fb2-a612-7ac0b6911dfc@group-9E511D2458D0: receive requestVote(PRE_VOTE, e6e13cb3-e32b-4d2d-874a-1e4700c67398, group-9E511D2458D0, 0, <PROTO_DEFAULT>)
2025-09-07 09:44:06,515 [grpc-default-executor-6] INFO  impl.VoteContext (VoteContext.java:log(49)) - e6e13cb3-e32b-4d2d-874a-1e4700c67398@group-9E511D2458D0-CANDIDATE: reject PRE_VOTE from 7c7182dc-ac7f-44a8-b1d4-5d10f99cbcf2: our priority 1 > candidate's priority 0
2025-09-07 09:44:06,516 [grpc-default-executor-0] INFO  impl.VoteContext (VoteContext.java:log(49)) - 90a60b70-6b91-4fb2-a612-7ac0b6911dfc@group-9E511D2458D0-FOLLOWER: accept PRE_VOTE from e6e13cb3-e32b-4d2d-874a-1e4700c67398: our priority 0 <= candidate's priority 1
2025-09-07 09:44:06,516 [grpc-default-executor-6] INFO  server.RaftServer$Division (RaftServerImpl.java:requestVote(1455)) - e6e13cb3-e32b-4d2d-874a-1e4700c67398@group-9E511D2458D0 replies to PRE_VOTE vote request: 7c7182dc-ac7f-44a8-b1d4-5d10f99cbcf2<-e6e13cb3-e32b-4d2d-874a-1e4700c67398#0:FAIL-t0-last:<INITIAL_VALUE>. Peer's state: e6e13cb3-e32b-4d2d-874a-1e4700c67398@group-9E511D2458D0:t0, leader=null, voted=, raftlog=Memoized:e6e13cb3-e32b-4d2d-874a-1e4700c67398@group-9E511D2458D0-SegmentedRaftLog:OPENED:c-1:lastnull, conf=conf: {index: -1, cur=peers:[90a60b70-6b91-4fb2-a612-7ac0b6911dfc|127.0.0.1:15047, e6e13cb3-e32b-4d2d-874a-1e4700c67398|127.0.0.1:15055, 7c7182dc-ac7f-44a8-b1d4-5d10f99cbcf2|127.0.0.1:15039]|listeners:[], old=null}
2025-09-07 09:44:06,516 [grpc-default-executor-0] INFO  server.RaftServer$Division (RaftServerImpl.java:requestVote(1455)) - 90a60b70-6b91-4fb2-a612-7ac0b6911dfc@group-9E511D2458D0 replies to PRE_VOTE vote request: e6e13cb3-e32b-4d2d-874a-1e4700c67398<-90a60b70-6b91-4fb2-a612-7ac0b6911dfc#0:OK-t0-last:<INITIAL_VALUE>. Peer's state: 90a60b70-6b91-4fb2-a612-7ac0b6911dfc@group-9E511D2458D0:t0, leader=null, voted=, raftlog=Memoized:90a60b70-6b91-4fb2-a612-7ac0b6911dfc@group-9E511D2458D0-SegmentedRaftLog:OPENED:c-1:lastnull, conf=conf: {index: -1, cur=peers:[90a60b70-6b91-4fb2-a612-7ac0b6911dfc|127.0.0.1:15047, e6e13cb3-e32b-4d2d-874a-1e4700c67398|127.0.0.1:15055, 7c7182dc-ac7f-44a8-b1d4-5d10f99cbcf2|127.0.0.1:15039]|listeners:[], old=null}
2025-09-07 09:44:06,517 [7c7182dc-ac7f-44a8-b1d4-5d10f99cbcf2@group-9E511D2458D0-LeaderElection18] INFO  impl.LeaderElection (LeaderElection.java:logAndReturn(206)) - 7c7182dc-ac7f-44a8-b1d4-5d10f99cbcf2@group-9E511D2458D0-LeaderElection18: PRE_VOTE REJECTED received 1 response(s) and 0 exception(s):
2025-09-07 09:44:06,517 [7c7182dc-ac7f-44a8-b1d4-5d10f99cbcf2@group-9E511D2458D0-LeaderElection18] INFO  impl.LeaderElection (LeaderElection.java:logAndReturn(210)) -   Response 0: 7c7182dc-ac7f-44a8-b1d4-5d10f99cbcf2<-e6e13cb3-e32b-4d2d-874a-1e4700c67398#0:FAIL-t0-last:<INITIAL_VALUE>
2025-09-07 09:44:06,517 [e6e13cb3-e32b-4d2d-874a-1e4700c67398@group-9E511D2458D0-LeaderElection19] INFO  impl.LeaderElection (LeaderElection.java:logAndReturn(206)) - e6e13cb3-e32b-4d2d-874a-1e4700c67398@group-9E511D2458D0-LeaderElection19: PRE_VOTE PASSED received 1 response(s) and 0 exception(s):
2025-09-07 09:44:06,517 [e6e13cb3-e32b-4d2d-874a-1e4700c67398@group-9E511D2458D0-LeaderElection19] INFO  impl.LeaderElection (LeaderElection.java:logAndReturn(210)) -   Response 0: e6e13cb3-e32b-4d2d-874a-1e4700c67398<-90a60b70-6b91-4fb2-a612-7ac0b6911dfc#0:OK-t0-last:<INITIAL_VALUE>
2025-09-07 09:44:06,517 [e6e13cb3-e32b-4d2d-874a-1e4700c67398@group-9E511D2458D0-LeaderElection19] INFO  impl.LeaderElection (LeaderElection.java:askForVotes(450)) - e6e13cb3-e32b-4d2d-874a-1e4700c67398@group-9E511D2458D0-LeaderElection19 PRE_VOTE round 0: result PASSED
2025-09-07 09:44:06,517 [7c7182dc-ac7f-44a8-b1d4-5d10f99cbcf2@group-9E511D2458D0-LeaderElection18] INFO  impl.LeaderElection (LeaderElection.java:askForVotes(450)) - 7c7182dc-ac7f-44a8-b1d4-5d10f99cbcf2@group-9E511D2458D0-LeaderElection18 PRE_VOTE round 0: result REJECTED
2025-09-07 09:44:06,518 [7c7182dc-ac7f-44a8-b1d4-5d10f99cbcf2@group-9E511D2458D0-LeaderElection18] INFO  server.RaftServer$Division (RaftServerImpl.java:setRole(392)) - 7c7182dc-ac7f-44a8-b1d4-5d10f99cbcf2@group-9E511D2458D0: changes role from CANDIDATE to FOLLOWER at term 0 for REJECTED
2025-09-07 09:44:06,518 [7c7182dc-ac7f-44a8-b1d4-5d10f99cbcf2@group-9E511D2458D0-LeaderElection18] INFO  impl.RoleInfo (RoleInfo.java:shutdownLeaderElection(141)) - 7c7182dc-ac7f-44a8-b1d4-5d10f99cbcf2: shutdown 7c7182dc-ac7f-44a8-b1d4-5d10f99cbcf2@group-9E511D2458D0-LeaderElection18
2025-09-07 09:44:06,519 [7c7182dc-ac7f-44a8-b1d4-5d10f99cbcf2@group-9E511D2458D0-LeaderElection18] INFO  impl.RoleInfo (RoleInfo.java:updateAndGet(148)) - 7c7182dc-ac7f-44a8-b1d4-5d10f99cbcf2: start 7c7182dc-ac7f-44a8-b1d4-5d10f99cbcf2@group-9E511D2458D0-FollowerState
2025-09-07 09:44:06,519 [7c7182dc-ac7f-44a8-b1d4-5d10f99cbcf2@group-9E511D2458D0-LeaderElection18] INFO  server.RaftServer$Division (RaftServerImpl.java:setFirstElection(576)) - 7c7182dc-ac7f-44a8-b1d4-5d10f99cbcf2@group-9E511D2458D0: set firstElectionSinceStartup to false for REJECTED
2025-09-07 09:44:06,519 [e6e13cb3-e32b-4d2d-874a-1e4700c67398@group-9E511D2458D0-LeaderElection19] INFO  impl.LeaderElection (LeaderElection.java:askForVotes(448)) - e6e13cb3-e32b-4d2d-874a-1e4700c67398@group-9E511D2458D0-LeaderElection19 ELECTION round 0: submit vote requests at term 1 for conf: {index: -1, cur=peers:[90a60b70-6b91-4fb2-a612-7ac0b6911dfc|127.0.0.1:15047, e6e13cb3-e32b-4d2d-874a-1e4700c67398|127.0.0.1:15055, 7c7182dc-ac7f-44a8-b1d4-5d10f99cbcf2|127.0.0.1:15039]|listeners:[], old=null}
2025-09-07 09:44:06,523 [grpc-default-executor-7] INFO  server.RaftServer$Division (RaftServerImpl.java:requestVote(1421)) - 7c7182dc-ac7f-44a8-b1d4-5d10f99cbcf2@group-9E511D2458D0: receive requestVote(ELECTION, e6e13cb3-e32b-4d2d-874a-1e4700c67398, group-9E511D2458D0, 1, <PROTO_DEFAULT>)
2025-09-07 09:44:06,523 [grpc-default-executor-7] INFO  impl.VoteContext (VoteContext.java:log(49)) - 7c7182dc-ac7f-44a8-b1d4-5d10f99cbcf2@group-9E511D2458D0-FOLLOWER: accept ELECTION from e6e13cb3-e32b-4d2d-874a-1e4700c67398: our priority 0 <= candidate's priority 1
2025-09-07 09:44:06,524 [grpc-default-executor-7] INFO  server.RaftServer$Division (RaftServerImpl.java:setRole(392)) - 7c7182dc-ac7f-44a8-b1d4-5d10f99cbcf2@group-9E511D2458D0: changes role from  FOLLOWER to FOLLOWER at term 0 for candidate:e6e13cb3-e32b-4d2d-874a-1e4700c67398
2025-09-07 09:44:06,524 [grpc-default-executor-7] INFO  impl.RoleInfo (RoleInfo.java:shutdownFollowerState(121)) - 7c7182dc-ac7f-44a8-b1d4-5d10f99cbcf2: shutdown 7c7182dc-ac7f-44a8-b1d4-5d10f99cbcf2@group-9E511D2458D0-FollowerState
2025-09-07 09:44:06,524 [grpc-default-executor-7] INFO  impl.RoleInfo (RoleInfo.java:updateAndGet(148)) - 7c7182dc-ac7f-44a8-b1d4-5d10f99cbcf2: start 7c7182dc-ac7f-44a8-b1d4-5d10f99cbcf2@group-9E511D2458D0-FollowerState
2025-09-07 09:44:06,524 [7c7182dc-ac7f-44a8-b1d4-5d10f99cbcf2@group-9E511D2458D0-FollowerState] INFO  impl.FollowerState (FollowerState.java:runImpl(170)) - 7c7182dc-ac7f-44a8-b1d4-5d10f99cbcf2@group-9E511D2458D0-FollowerState was interrupted
2025-09-07 09:44:06,525 [grpc-default-executor-0] INFO  server.RaftServer$Division (RaftServerImpl.java:requestVote(1421)) - 90a60b70-6b91-4fb2-a612-7ac0b6911dfc@group-9E511D2458D0: receive requestVote(ELECTION, e6e13cb3-e32b-4d2d-874a-1e4700c67398, group-9E511D2458D0, 1, <PROTO_DEFAULT>)
2025-09-07 09:44:06,525 [grpc-default-executor-0] INFO  impl.VoteContext (VoteContext.java:log(49)) - 90a60b70-6b91-4fb2-a612-7ac0b6911dfc@group-9E511D2458D0-FOLLOWER: accept ELECTION from e6e13cb3-e32b-4d2d-874a-1e4700c67398: our priority 0 <= candidate's priority 1
2025-09-07 09:44:06,525 [grpc-default-executor-0] INFO  server.RaftServer$Division (RaftServerImpl.java:setRole(392)) - 90a60b70-6b91-4fb2-a612-7ac0b6911dfc@group-9E511D2458D0: changes role from  FOLLOWER to FOLLOWER at term 0 for candidate:e6e13cb3-e32b-4d2d-874a-1e4700c67398
2025-09-07 09:44:06,525 [grpc-default-executor-0] INFO  impl.RoleInfo (RoleInfo.java:shutdownFollowerState(121)) - 90a60b70-6b91-4fb2-a612-7ac0b6911dfc: shutdown 90a60b70-6b91-4fb2-a612-7ac0b6911dfc@group-9E511D2458D0-FollowerState
2025-09-07 09:44:06,525 [grpc-default-executor-0] INFO  impl.RoleInfo (RoleInfo.java:updateAndGet(148)) - 90a60b70-6b91-4fb2-a612-7ac0b6911dfc: start 90a60b70-6b91-4fb2-a612-7ac0b6911dfc@group-9E511D2458D0-FollowerState
2025-09-07 09:44:06,525 [90a60b70-6b91-4fb2-a612-7ac0b6911dfc@group-9E511D2458D0-FollowerState] INFO  impl.FollowerState (FollowerState.java:runImpl(170)) - 90a60b70-6b91-4fb2-a612-7ac0b6911dfc@group-9E511D2458D0-FollowerState was interrupted
2025-09-07 09:44:06,526 [grpc-default-executor-0] INFO  server.RaftServer$Division (RaftServerImpl.java:setFirstElection(576)) - 90a60b70-6b91-4fb2-a612-7ac0b6911dfc@group-9E511D2458D0: set firstElectionSinceStartup to false for candidate:e6e13cb3-e32b-4d2d-874a-1e4700c67398
2025-09-07 09:44:06,528 [grpc-default-executor-7] INFO  server.RaftServer$Division (RaftServerImpl.java:requestVote(1455)) - 7c7182dc-ac7f-44a8-b1d4-5d10f99cbcf2@group-9E511D2458D0 replies to ELECTION vote request: e6e13cb3-e32b-4d2d-874a-1e4700c67398<-7c7182dc-ac7f-44a8-b1d4-5d10f99cbcf2#0:OK-t1-last:<INITIAL_VALUE>. Peer's state: 7c7182dc-ac7f-44a8-b1d4-5d10f99cbcf2@group-9E511D2458D0:t1, leader=null, voted=e6e13cb3-e32b-4d2d-874a-1e4700c67398, raftlog=Memoized:7c7182dc-ac7f-44a8-b1d4-5d10f99cbcf2@group-9E511D2458D0-SegmentedRaftLog:OPENED:c-1:lastnull, conf=conf: {index: -1, cur=peers:[90a60b70-6b91-4fb2-a612-7ac0b6911dfc|127.0.0.1:15047, e6e13cb3-e32b-4d2d-874a-1e4700c67398|127.0.0.1:15055, 7c7182dc-ac7f-44a8-b1d4-5d10f99cbcf2|127.0.0.1:15039]|listeners:[], old=null}
2025-09-07 09:44:06,528 [grpc-default-executor-0] INFO  server.RaftServer$Division (RaftServerImpl.java:requestVote(1455)) - 90a60b70-6b91-4fb2-a612-7ac0b6911dfc@group-9E511D2458D0 replies to ELECTION vote request: e6e13cb3-e32b-4d2d-874a-1e4700c67398<-90a60b70-6b91-4fb2-a612-7ac0b6911dfc#0:OK-t1-last:<INITIAL_VALUE>. Peer's state: 90a60b70-6b91-4fb2-a612-7ac0b6911dfc@group-9E511D2458D0:t1, leader=null, voted=e6e13cb3-e32b-4d2d-874a-1e4700c67398, raftlog=Memoized:90a60b70-6b91-4fb2-a612-7ac0b6911dfc@group-9E511D2458D0-SegmentedRaftLog:OPENED:c-1:lastnull, conf=conf: {index: -1, cur=peers:[90a60b70-6b91-4fb2-a612-7ac0b6911dfc|127.0.0.1:15047, e6e13cb3-e32b-4d2d-874a-1e4700c67398|127.0.0.1:15055, 7c7182dc-ac7f-44a8-b1d4-5d10f99cbcf2|127.0.0.1:15039]|listeners:[], old=null}
2025-09-07 09:44:06,530 [e6e13cb3-e32b-4d2d-874a-1e4700c67398@group-9E511D2458D0-LeaderElection19] INFO  impl.LeaderElection (LeaderElection.java:logAndReturn(206)) - e6e13cb3-e32b-4d2d-874a-1e4700c67398@group-9E511D2458D0-LeaderElection19: ELECTION PASSED received 1 response(s) and 0 exception(s):
2025-09-07 09:44:06,530 [e6e13cb3-e32b-4d2d-874a-1e4700c67398@group-9E511D2458D0-LeaderElection19] INFO  impl.LeaderElection (LeaderElection.java:logAndReturn(210)) -   Response 0: e6e13cb3-e32b-4d2d-874a-1e4700c67398<-90a60b70-6b91-4fb2-a612-7ac0b6911dfc#0:OK-t1-last:<INITIAL_VALUE>
2025-09-07 09:44:06,530 [e6e13cb3-e32b-4d2d-874a-1e4700c67398@group-9E511D2458D0-LeaderElection19] INFO  impl.LeaderElection (LeaderElection.java:askForVotes(450)) - e6e13cb3-e32b-4d2d-874a-1e4700c67398@group-9E511D2458D0-LeaderElection19 ELECTION round 0: result PASSED
2025-09-07 09:44:06,530 [e6e13cb3-e32b-4d2d-874a-1e4700c67398@group-9E511D2458D0-LeaderElection19] INFO  impl.RoleInfo (RoleInfo.java:shutdownLeaderElection(141)) - e6e13cb3-e32b-4d2d-874a-1e4700c67398: shutdown e6e13cb3-e32b-4d2d-874a-1e4700c67398@group-9E511D2458D0-LeaderElection19
2025-09-07 09:44:06,531 [e6e13cb3-e32b-4d2d-874a-1e4700c67398@group-9E511D2458D0-LeaderElection19] INFO  server.RaftServer$Division (RaftServerImpl.java:setRole(392)) - e6e13cb3-e32b-4d2d-874a-1e4700c67398@group-9E511D2458D0: changes role from CANDIDATE to LEADER at term 1 for changeToLeader
2025-09-07 09:44:06,531 [e6e13cb3-e32b-4d2d-874a-1e4700c67398@group-9E511D2458D0-LeaderElection19] INFO  server.RaftServerConfigKeys (ConfUtils.java:logFallback(69)) - raft.server.staging.timeout = 3600ms (fallback to raft.server.rpc.timeout.max)
2025-09-07 09:44:06,531 [e6e13cb3-e32b-4d2d-874a-1e4700c67398@group-9E511D2458D0-LeaderElection19] INFO  server.RaftServerConfigKeys (ConfUtils.java:logGet(62)) - raft.server.write.byte-limit = 1024 M (=1073741824) (custom)
2025-09-07 09:44:06,535 [e6e13cb3-e32b-4d2d-874a-1e4700c67398@group-9E511D2458D0-LeaderElection19] INFO  server.RaftServerConfigKeys (ConfUtils.java:logGet(62)) - raft.server.log.appender.buffer.byte-limit = 33554432 (custom)
2025-09-07 09:44:06,537 [e6e13cb3-e32b-4d2d-874a-1e4700c67398@group-9E511D2458D0-LeaderElection19] INFO  server.RaftServerConfigKeys (ConfUtils.java:logGet(62)) - raft.server.log.appender.buffer.byte-limit = 33554432 (custom)
2025-09-07 09:44:06,538 [e6e13cb3-e32b-4d2d-874a-1e4700c67398@group-9E511D2458D0-LeaderElection19] INFO  impl.RoleInfo (RoleInfo.java:updateAndGet(148)) - e6e13cb3-e32b-4d2d-874a-1e4700c67398: start e6e13cb3-e32b-4d2d-874a-1e4700c67398@group-9E511D2458D0-LeaderStateImpl
2025-09-07 09:44:06,539 [e6e13cb3-e32b-4d2d-874a-1e4700c67398@group-9E511D2458D0-LeaderElection19] INFO  server.RaftServer$Division (RaftServerImpl.java:setFirstElection(576)) - e6e13cb3-e32b-4d2d-874a-1e4700c67398@group-9E511D2458D0: set firstElectionSinceStartup to false for becomeLeader
2025-09-07 09:44:06,539 [e6e13cb3-e32b-4d2d-874a-1e4700c67398@group-9E511D2458D0-LeaderElection19] INFO  ratis.XceiverServerRatis (XceiverServerRatis.java:handleLeaderChangedNotification(947)) - Leader change notification received for group: group-9E511D2458D0 with new leaderId: e6e13cb3-e32b-4d2d-874a-1e4700c67398
2025-09-07 09:44:06,540 [e6e13cb3-e32b-4d2d-874a-1e4700c67398@group-9E511D2458D0-LeaderElection19] INFO  server.RaftServer$Division (ServerState.java:setLeader(272)) - e6e13cb3-e32b-4d2d-874a-1e4700c67398@group-9E511D2458D0: change Leader from null to e6e13cb3-e32b-4d2d-874a-1e4700c67398 at term 1 for becomeLeader, leader elected after 1135ms
2025-09-07 09:44:06,540 [e6e13cb3-e32b-4d2d-874a-1e4700c67398@group-9E511D2458D0-LeaderElection19] INFO  segmented.SegmentedRaftLogWorker (SegmentedRaftLogWorker.java:startLogSegment(440)) - e6e13cb3-e32b-4d2d-874a-1e4700c67398@group-9E511D2458D0-SegmentedRaftLogWorker: Starting segment from index:0
2025-09-07 09:44:06,542 [e6e13cb3-e32b-4d2d-874a-1e4700c67398@group-9E511D2458D0-SegmentedRaftLogWorker] INFO  segmented.BufferedWriteChannel (BufferedWriteChannel.java:open(61)) - open log_inprogress_0 at position 0
2025-09-07 09:44:06,543 [e6e13cb3-e32b-4d2d-874a-1e4700c67398@group-9E511D2458D0-LeaderElection19] INFO  server.RaftServer$Division (ServerState.java:setRaftConf(386)) - e6e13cb3-e32b-4d2d-874a-1e4700c67398@group-9E511D2458D0: set configuration conf: {index: 0, cur=peers:[90a60b70-6b91-4fb2-a612-7ac0b6911dfc|127.0.0.1:15047, e6e13cb3-e32b-4d2d-874a-1e4700c67398|127.0.0.1:15055, 7c7182dc-ac7f-44a8-b1d4-5d10f99cbcf2|127.0.0.1:15039]|listeners:[], old=null}
2025-09-07 09:44:06,555 [e6e13cb3-e32b-4d2d-874a-1e4700c67398@group-9E511D2458D0-SegmentedRaftLogWorker] INFO  segmented.SegmentedRaftLogWorker (SegmentedRaftLogWorker.java:execute(647)) - e6e13cb3-e32b-4d2d-874a-1e4700c67398@group-9E511D2458D0-SegmentedRaftLogWorker: created new log segment /home/runner/work/ozone/ozone/hadoop-ozone/integration-test/target/test-dir/MiniOzoneClusterImpl-023d5a78-e64c-43f3-a4d9-6f7884931d6c/ozone-metadata/datanode-6/ratis/d8d7c1c9-dd4a-4c6e-b9b0-9e511d2458d0/current/log_inprogress_0
2025-09-07 09:44:06,559 [grpc-default-executor-0] INFO  ratis.XceiverServerRatis (XceiverServerRatis.java:handleLeaderChangedNotification(947)) - Leader change notification received for group: group-9E511D2458D0 with new leaderId: e6e13cb3-e32b-4d2d-874a-1e4700c67398
2025-09-07 09:44:06,562 [grpc-default-executor-0] INFO  server.RaftServer$Division (ServerState.java:setLeader(272)) - 90a60b70-6b91-4fb2-a612-7ac0b6911dfc@group-9E511D2458D0: change Leader from null to e6e13cb3-e32b-4d2d-874a-1e4700c67398 at term 1 for appendEntries, leader elected after 1157ms
2025-09-07 09:44:06,562 [grpc-default-executor-0] INFO  server.RaftServer$Division (ServerState.java:setRaftConf(386)) - 90a60b70-6b91-4fb2-a612-7ac0b6911dfc@group-9E511D2458D0: set configuration conf: {index: 0, cur=peers:[90a60b70-6b91-4fb2-a612-7ac0b6911dfc|127.0.0.1:15047, e6e13cb3-e32b-4d2d-874a-1e4700c67398|127.0.0.1:15055, 7c7182dc-ac7f-44a8-b1d4-5d10f99cbcf2|127.0.0.1:15039]|listeners:[], old=null}
2025-09-07 09:44:06,562 [grpc-default-executor-0] INFO  segmented.SegmentedRaftLogWorker (SegmentedRaftLogWorker.java:startLogSegment(440)) - 90a60b70-6b91-4fb2-a612-7ac0b6911dfc@group-9E511D2458D0-SegmentedRaftLogWorker: Starting segment from index:0
2025-09-07 09:44:06,559 [grpc-default-executor-7] INFO  ratis.XceiverServerRatis (XceiverServerRatis.java:handleLeaderChangedNotification(947)) - Leader change notification received for group: group-9E511D2458D0 with new leaderId: e6e13cb3-e32b-4d2d-874a-1e4700c67398
2025-09-07 09:44:06,559 [EventQueue-PipelineReportForPipelineReportHandler] INFO  pipeline.PipelineReportHandler (PipelineReportHandler.java:processPipelineReport(134)) - Opened pipeline Pipeline-d8d7c1c9-dd4a-4c6e-b9b0-9e511d2458d0
2025-09-07 09:44:06,563 [grpc-default-executor-7] INFO  server.RaftServer$Division (ServerState.java:setLeader(272)) - 7c7182dc-ac7f-44a8-b1d4-5d10f99cbcf2@group-9E511D2458D0: change Leader from null to e6e13cb3-e32b-4d2d-874a-1e4700c67398 at term 1 for appendEntries, leader elected after 1268ms
2025-09-07 09:44:06,563 [grpc-default-executor-7] INFO  server.RaftServer$Division (ServerState.java:setRaftConf(386)) - 7c7182dc-ac7f-44a8-b1d4-5d10f99cbcf2@group-9E511D2458D0: set configuration conf: {index: 0, cur=peers:[90a60b70-6b91-4fb2-a612-7ac0b6911dfc|127.0.0.1:15047, e6e13cb3-e32b-4d2d-874a-1e4700c67398|127.0.0.1:15055, 7c7182dc-ac7f-44a8-b1d4-5d10f99cbcf2|127.0.0.1:15039]|listeners:[], old=null}
2025-09-07 09:44:06,563 [grpc-default-executor-7] INFO  segmented.SegmentedRaftLogWorker (SegmentedRaftLogWorker.java:startLogSegment(440)) - 7c7182dc-ac7f-44a8-b1d4-5d10f99cbcf2@group-9E511D2458D0-SegmentedRaftLogWorker: Starting segment from index:0
2025-09-07 09:44:06,563 [90a60b70-6b91-4fb2-a612-7ac0b6911dfc@group-9E511D2458D0-SegmentedRaftLogWorker] INFO  segmented.BufferedWriteChannel (BufferedWriteChannel.java:open(61)) - open log_inprogress_0 at position 0
2025-09-07 09:44:06,564 [7c7182dc-ac7f-44a8-b1d4-5d10f99cbcf2@group-9E511D2458D0-SegmentedRaftLogWorker] INFO  segmented.BufferedWriteChannel (BufferedWriteChannel.java:open(61)) - open log_inprogress_0 at position 0
2025-09-07 09:44:06,571 [grpc-default-executor-2] INFO  server.GrpcServerProtocolService (GrpcServerProtocolService.java:lambda$null$7(175)) - 95d41743-cdf0-4105-938b-93fe980aeffc: Completed APPEND_ENTRIES, lastReply: serverReply {
  requestorId: "ff2509eb-55dd-4ad3-b532-83d6209e1a92"
  replyId: "95d41743-cdf0-4105-938b-93fe980aeffc"
  raftGroupId {
    id: "va\025\345\rYM\265\267\265w\3343\310\250\312"
  }
  callId: 4
  success: true
}
term: 1
nextIndex: 1
matchIndex: 18446744073709551615
isHearbeat: true
 
2025-09-07 09:44:06,571 [grpc-default-executor-5] INFO  server.GrpcServerProtocolService (GrpcServerProtocolService.java:lambda$null$7(175)) - 8500c972-c6d1-4433-9d49-a8e3bb920002: Completed APPEND_ENTRIES, lastReply: serverReply {
  requestorId: "ff2509eb-55dd-4ad3-b532-83d6209e1a92"
  replyId: "8500c972-c6d1-4433-9d49-a8e3bb920002"
  raftGroupId {
    id: "va\025\345\rYM\265\267\265w\3343\310\250\312"
  }
  callId: 6
  success: true
}
term: 1
nextIndex: 1
matchIndex: 18446744073709551615
isHearbeat: true
 
2025-09-07 09:44:06,571 [grpc-default-executor-1] INFO  server.GrpcServerProtocolService (GrpcServerProtocolService.java:lambda$onCompleted$6(171)) - 95d41743-cdf0-4105-938b-93fe980aeffc: Completed APPEND_ENTRIES, lastRequest: ff2509eb-55dd-4ad3-b532-83d6209e1a92->95d41743-cdf0-4105-938b-93fe980aeffc#1-t1,previous=<PROTO_DEFAULT>,leaderCommit=-1,initializing? false,entries: size=1, first=(t:1, i:0), CONFIGURATIONENTRY(current:id:"95d41743-cdf0-4105-938b-93fe980aeffc"address:"127.0.0.1:15031"dataStreamAddress:"127.0.0.1:15032"clientAddress:"127.0.0.1:15029"adminAddress:"127.0.0.1:15030"startupRole:FOLLOWER, id:"8500c972-c6d1-4433-9d49-a8e3bb920002"address:"127.0.0.1:15023"dataStreamAddress:"127.0.0.1:15024"clientAddress:"127.0.0.1:15021"adminAddress:"127.0.0.1:15022"startupRole:FOLLOWER, id:"ff2509eb-55dd-4ad3-b532-83d6209e1a92"address:"127.0.0.1:15015"priority:1dataStreamAddress:"127.0.0.1:15016"clientAddress:"127.0.0.1:15013"adminAddress:"127.0.0.1:15014"startupRole:FOLLOWER, old:) 
2025-09-07 09:44:06,571 [grpc-default-executor-3] INFO  server.GrpcServerProtocolService (GrpcServerProtocolService.java:lambda$onCompleted$6(171)) - 8500c972-c6d1-4433-9d49-a8e3bb920002: Completed APPEND_ENTRIES, lastRequest: ff2509eb-55dd-4ad3-b532-83d6209e1a92->8500c972-c6d1-4433-9d49-a8e3bb920002#1-t1,previous=<PROTO_DEFAULT>,leaderCommit=-1,initializing? false,entries: size=1, first=(t:1, i:0), CONFIGURATIONENTRY(current:id:"95d41743-cdf0-4105-938b-93fe980aeffc"address:"127.0.0.1:15031"dataStreamAddress:"127.0.0.1:15032"clientAddress:"127.0.0.1:15029"adminAddress:"127.0.0.1:15030"startupRole:FOLLOWER, id:"8500c972-c6d1-4433-9d49-a8e3bb920002"address:"127.0.0.1:15023"dataStreamAddress:"127.0.0.1:15024"clientAddress:"127.0.0.1:15021"adminAddress:"127.0.0.1:15022"startupRole:FOLLOWER, id:"ff2509eb-55dd-4ad3-b532-83d6209e1a92"address:"127.0.0.1:15015"priority:1dataStreamAddress:"127.0.0.1:15016"clientAddress:"127.0.0.1:15013"adminAddress:"127.0.0.1:15014"startupRole:FOLLOWER, old:) 
2025-09-07 09:44:06,573 [c7928d43-6313-4dde-8a75-1660f92a858c-PipelineCommandHandlerThread-0] INFO  server.RaftServer (RaftServerProxy.java:addNew(105)) - c7928d43-6313-4dde-8a75-1660f92a858c: addNew group-63593B63008F:[c7928d43-6313-4dde-8a75-1660f92a858c|127.0.0.1:15087] returns group-63593B63008F:java.util.concurrent.CompletableFuture@11dee9fa[Not completed]
2025-09-07 09:44:06,573 [grpc-default-executor-6] INFO  server.GrpcLogAppender (GrpcLogAppender.java:onCompleted(558)) - ff2509eb-55dd-4ad3-b532-83d6209e1a92@group-77DC33C8A8CA->8500c972-c6d1-4433-9d49-a8e3bb920002-AppendLogResponseHandler: follower responses appendEntries COMPLETED
2025-09-07 09:44:06,574 [grpc-default-executor-6] WARN  server.GrpcLogAppender (GrpcLogAppender.java:resetClient(237)) - ff2509eb-55dd-4ad3-b532-83d6209e1a92@group-77DC33C8A8CA->8500c972-c6d1-4433-9d49-a8e3bb920002-GrpcLogAppender: Failed to getClient for 8500c972-c6d1-4433-9d49-a8e3bb920002
org.apache.ratis.protocol.exceptions.AlreadyClosedException: ff2509eb-55dd-4ad3-b532-83d6209e1a92 is already CLOSED
	at org.apache.ratis.util.PeerProxyMap$PeerAndProxy.getProxy(PeerProxyMap.java:67)
	at org.apache.ratis.util.PeerProxyMap.getProxy(PeerProxyMap.java:124)
	at org.apache.ratis.grpc.server.GrpcLogAppender.getClient(GrpcLogAppender.java:207)
	at org.apache.ratis.grpc.server.GrpcLogAppender.resetClient(GrpcLogAppender.java:212)
	at org.apache.ratis.grpc.server.GrpcLogAppender.access$800(GrpcLogAppender.java:70)
	at org.apache.ratis.grpc.server.GrpcLogAppender$AppendLogResponseHandler.onCompleted(GrpcLogAppender.java:559)
	at org.apache.ratis.thirdparty.io.grpc.stub.ClientCalls$StreamObserverToCallListenerAdapter.onClose(ClientCalls.java:562)
	at org.apache.ratis.thirdparty.io.grpc.internal.DelayedClientCall$DelayedListener$3.run(DelayedClientCall.java:489)
	at org.apache.ratis.thirdparty.io.grpc.internal.DelayedClientCall$DelayedListener.delayOrExecute(DelayedClientCall.java:453)
	at org.apache.ratis.thirdparty.io.grpc.internal.DelayedClientCall$DelayedListener.onClose(DelayedClientCall.java:486)
	at org.apache.ratis.thirdparty.io.grpc.internal.ClientCallImpl.closeObserver(ClientCallImpl.java:565)
	at org.apache.ratis.thirdparty.io.grpc.internal.ClientCallImpl.access$100(ClientCallImpl.java:72)
	at org.apache.ratis.thirdparty.io.grpc.internal.ClientCallImpl$ClientStreamListenerImpl$1StreamClosed.runInternal(ClientCallImpl.java:733)
	at org.apache.ratis.thirdparty.io.grpc.internal.ClientCallImpl$ClientStreamListenerImpl$1StreamClosed.runInContext(ClientCallImpl.java:714)
	at org.apache.ratis.thirdparty.io.grpc.internal.ContextRunnable.run(ContextRunnable.java:37)
	at org.apache.ratis.thirdparty.io.grpc.internal.SerializingExecutor.run(SerializingExecutor.java:133)
	at java.base/java.util.concurrent.ThreadPoolExecutor.runWorker(ThreadPoolExecutor.java:1144)
	at java.base/java.util.concurrent.ThreadPoolExecutor$Worker.run(ThreadPoolExecutor.java:642)
	at java.base/java.lang.Thread.run(Thread.java:1583)
2025-09-07 09:44:06,574 [grpc-default-executor-5] INFO  server.GrpcLogAppender (GrpcLogAppender.java:onCompleted(558)) - ff2509eb-55dd-4ad3-b532-83d6209e1a92@group-77DC33C8A8CA->8500c972-c6d1-4433-9d49-a8e3bb920002-AppendLogResponseHandler: follower responses appendEntries COMPLETED
2025-09-07 09:44:06,574 [grpc-default-executor-5] WARN  server.GrpcLogAppender (GrpcLogAppender.java:resetClient(237)) - ff2509eb-55dd-4ad3-b532-83d6209e1a92@group-77DC33C8A8CA->8500c972-c6d1-4433-9d49-a8e3bb920002-GrpcLogAppender: Failed to getClient for 8500c972-c6d1-4433-9d49-a8e3bb920002
org.apache.ratis.protocol.exceptions.AlreadyClosedException: ff2509eb-55dd-4ad3-b532-83d6209e1a92 is already CLOSED
	at org.apache.ratis.util.PeerProxyMap$PeerAndProxy.getProxy(PeerProxyMap.java:67)
	at org.apache.ratis.util.PeerProxyMap.getProxy(PeerProxyMap.java:124)
	at org.apache.ratis.grpc.server.GrpcLogAppender.getClient(GrpcLogAppender.java:207)
	at org.apache.ratis.grpc.server.GrpcLogAppender.resetClient(GrpcLogAppender.java:212)
	at org.apache.ratis.grpc.server.GrpcLogAppender.access$800(GrpcLogAppender.java:70)
	at org.apache.ratis.grpc.server.GrpcLogAppender$AppendLogResponseHandler.onCompleted(GrpcLogAppender.java:559)
	at org.apache.ratis.thirdparty.io.grpc.stub.ClientCalls$StreamObserverToCallListenerAdapter.onClose(ClientCalls.java:562)
	at org.apache.ratis.thirdparty.io.grpc.internal.ClientCallImpl.closeObserver(ClientCallImpl.java:565)
	at org.apache.ratis.thirdparty.io.grpc.internal.ClientCallImpl.access$100(ClientCallImpl.java:72)
	at org.apache.ratis.thirdparty.io.grpc.internal.ClientCallImpl$ClientStreamListenerImpl$1StreamClosed.runInternal(ClientCallImpl.java:733)
	at org.apache.ratis.thirdparty.io.grpc.internal.ClientCallImpl$ClientStreamListenerImpl$1StreamClosed.runInContext(ClientCallImpl.java:714)
	at org.apache.ratis.thirdparty.io.grpc.internal.ContextRunnable.run(ContextRunnable.java:37)
	at org.apache.ratis.thirdparty.io.grpc.internal.SerializingExecutor.run(SerializingExecutor.java:133)
	at java.base/java.util.concurrent.ThreadPoolExecutor.runWorker(ThreadPoolExecutor.java:1144)
	at java.base/java.util.concurrent.ThreadPoolExecutor$Worker.run(ThreadPoolExecutor.java:642)
	at java.base/java.lang.Thread.run(Thread.java:1583)
2025-09-07 09:44:06,575 [c7928d43-6313-4dde-8a75-1660f92a858c-groupManagement] INFO  server.RaftServer$Division (RaftServerImpl.java:<init>(268)) - c7928d43-6313-4dde-8a75-1660f92a858c: new RaftServerImpl for group-63593B63008F:[c7928d43-6313-4dde-8a75-1660f92a858c|127.0.0.1:15087] with ContainerStateMachine:uninitialized
2025-09-07 09:44:06,575 [c7928d43-6313-4dde-8a75-1660f92a858c-groupManagement] INFO  server.RaftServer$Division (ServerState.java:<init>(114)) - c7928d43-6313-4dde-8a75-1660f92a858c@group-63593B63008F: ConfigurationManager, init=conf: {index: -1, cur=peers:[c7928d43-6313-4dde-8a75-1660f92a858c|127.0.0.1:15087]|listeners:[], old=null}, confs=<EMPTY_MAP>
2025-09-07 09:44:06,577 [grpc-default-executor-1] INFO  server.GrpcLogAppender (GrpcLogAppender.java:onCompleted(558)) - ff2509eb-55dd-4ad3-b532-83d6209e1a92@group-77DC33C8A8CA->95d41743-cdf0-4105-938b-93fe980aeffc-AppendLogResponseHandler: follower responses appendEntries COMPLETED
2025-09-07 09:44:06,577 [grpc-default-executor-1] WARN  server.GrpcLogAppender (GrpcLogAppender.java:resetClient(237)) - ff2509eb-55dd-4ad3-b532-83d6209e1a92@group-77DC33C8A8CA->95d41743-cdf0-4105-938b-93fe980aeffc-GrpcLogAppender: Failed to getClient for 95d41743-cdf0-4105-938b-93fe980aeffc
org.apache.ratis.protocol.exceptions.AlreadyClosedException: ff2509eb-55dd-4ad3-b532-83d6209e1a92 is already CLOSED
	at org.apache.ratis.util.PeerProxyMap$PeerAndProxy.getProxy(PeerProxyMap.java:67)
	at org.apache.ratis.util.PeerProxyMap.getProxy(PeerProxyMap.java:124)
	at org.apache.ratis.grpc.server.GrpcLogAppender.getClient(GrpcLogAppender.java:207)
	at org.apache.ratis.grpc.server.GrpcLogAppender.resetClient(GrpcLogAppender.java:212)
	at org.apache.ratis.grpc.server.GrpcLogAppender.access$800(GrpcLogAppender.java:70)
	at org.apache.ratis.grpc.server.GrpcLogAppender$AppendLogResponseHandler.onCompleted(GrpcLogAppender.java:559)
	at org.apache.ratis.thirdparty.io.grpc.stub.ClientCalls$StreamObserverToCallListenerAdapter.onClose(ClientCalls.java:562)
	at org.apache.ratis.thirdparty.io.grpc.internal.ClientCallImpl.closeObserver(ClientCallImpl.java:565)
	at org.apache.ratis.thirdparty.io.grpc.internal.ClientCallImpl.access$100(ClientCallImpl.java:72)
	at org.apache.ratis.thirdparty.io.grpc.internal.ClientCallImpl$ClientStreamListenerImpl$1StreamClosed.runInternal(ClientCallImpl.java:733)
	at org.apache.ratis.thirdparty.io.grpc.internal.ClientCallImpl$ClientStreamListenerImpl$1StreamClosed.runInContext(ClientCallImpl.java:714)
	at org.apache.ratis.thirdparty.io.grpc.internal.ContextRunnable.run(ContextRunnable.java:37)
	at org.apache.ratis.thirdparty.io.grpc.internal.SerializingExecutor.run(SerializingExecutor.java:133)
	at java.base/java.util.concurrent.ThreadPoolExecutor.runWorker(ThreadPoolExecutor.java:1144)
	at java.base/java.util.concurrent.ThreadPoolExecutor$Worker.run(ThreadPoolExecutor.java:642)
	at java.base/java.lang.Thread.run(Thread.java:1583)
2025-09-07 09:44:06,578 [grpc-default-executor-4] INFO  server.GrpcLogAppender (GrpcLogAppender.java:onCompleted(558)) - ff2509eb-55dd-4ad3-b532-83d6209e1a92@group-77DC33C8A8CA->95d41743-cdf0-4105-938b-93fe980aeffc-AppendLogResponseHandler: follower responses appendEntries COMPLETED
2025-09-07 09:44:06,578 [grpc-default-executor-4] WARN  server.GrpcLogAppender (GrpcLogAppender.java:resetClient(237)) - ff2509eb-55dd-4ad3-b532-83d6209e1a92@group-77DC33C8A8CA->95d41743-cdf0-4105-938b-93fe980aeffc-GrpcLogAppender: Failed to getClient for 95d41743-cdf0-4105-938b-93fe980aeffc
org.apache.ratis.protocol.exceptions.AlreadyClosedException: ff2509eb-55dd-4ad3-b532-83d6209e1a92 is already CLOSED
	at org.apache.ratis.util.PeerProxyMap$PeerAndProxy.getProxy(PeerProxyMap.java:67)
	at org.apache.ratis.util.PeerProxyMap.getProxy(PeerProxyMap.java:124)
	at org.apache.ratis.grpc.server.GrpcLogAppender.getClient(GrpcLogAppender.java:207)
	at org.apache.ratis.grpc.server.GrpcLogAppender.resetClient(GrpcLogAppender.java:212)
	at org.apache.ratis.grpc.server.GrpcLogAppender.access$800(GrpcLogAppender.java:70)
	at org.apache.ratis.grpc.server.GrpcLogAppender$AppendLogResponseHandler.onCompleted(GrpcLogAppender.java:559)
	at org.apache.ratis.thirdparty.io.grpc.stub.ClientCalls$StreamObserverToCallListenerAdapter.onClose(ClientCalls.java:562)
	at org.apache.ratis.thirdparty.io.grpc.internal.ClientCallImpl.closeObserver(ClientCallImpl.java:565)
	at org.apache.ratis.thirdparty.io.grpc.internal.ClientCallImpl.access$100(ClientCallImpl.java:72)
	at org.apache.ratis.thirdparty.io.grpc.internal.ClientCallImpl$ClientStreamListenerImpl$1StreamClosed.runInternal(ClientCallImpl.java:733)
	at org.apache.ratis.thirdparty.io.grpc.internal.ClientCallImpl$ClientStreamListenerImpl$1StreamClosed.runInContext(ClientCallImpl.java:714)
	at org.apache.ratis.thirdparty.io.grpc.internal.ContextRunnable.run(ContextRunnable.java:37)
	at org.apache.ratis.thirdparty.io.grpc.internal.SerializingExecutor.run(SerializingExecutor.java:133)
	at java.base/java.util.concurrent.ThreadPoolExecutor.runWorker(ThreadPoolExecutor.java:1144)
	at java.base/java.util.concurrent.ThreadPoolExecutor$Worker.run(ThreadPoolExecutor.java:642)
	at java.base/java.lang.Thread.run(Thread.java:1583)
2025-09-07 09:44:06,579 [7c7182dc-ac7f-44a8-b1d4-5d10f99cbcf2@group-9E511D2458D0-SegmentedRaftLogWorker] INFO  segmented.SegmentedRaftLogWorker (SegmentedRaftLogWorker.java:execute(647)) - 7c7182dc-ac7f-44a8-b1d4-5d10f99cbcf2@group-9E511D2458D0-SegmentedRaftLogWorker: created new log segment /home/runner/work/ozone/ozone/hadoop-ozone/integration-test/target/test-dir/MiniOzoneClusterImpl-023d5a78-e64c-43f3-a4d9-6f7884931d6c/ozone-metadata/datanode-4/ratis/d8d7c1c9-dd4a-4c6e-b9b0-9e511d2458d0/current/log_inprogress_0
2025-09-07 09:44:06,579 [ForkJoinPool-1-worker-1] INFO  server.GrpcServicesImpl (GrpcServicesImpl.java:closeImpl(364)) - ff2509eb-55dd-4ad3-b532-83d6209e1a92: shutdown server org.apache.ratis.grpc.server.GrpcClientProtocolService successfully
2025-09-07 09:44:06,579 [ForkJoinPool-1-worker-1] INFO  server.GrpcServicesImpl (GrpcServicesImpl.java:closeImpl(355)) - ff2509eb-55dd-4ad3-b532-83d6209e1a92: shutdown server GrpcServerProtocolService now
2025-09-07 09:44:06,579 [90a60b70-6b91-4fb2-a612-7ac0b6911dfc@group-9E511D2458D0-SegmentedRaftLogWorker] INFO  segmented.SegmentedRaftLogWorker (SegmentedRaftLogWorker.java:execute(647)) - 90a60b70-6b91-4fb2-a612-7ac0b6911dfc@group-9E511D2458D0-SegmentedRaftLogWorker: created new log segment /home/runner/work/ozone/ozone/hadoop-ozone/integration-test/target/test-dir/MiniOzoneClusterImpl-023d5a78-e64c-43f3-a4d9-6f7884931d6c/ozone-metadata/datanode-5/ratis/d8d7c1c9-dd4a-4c6e-b9b0-9e511d2458d0/current/log_inprogress_0
2025-09-07 09:44:06,581 [ff2509eb-55dd-4ad3-b532-83d6209e1a92@group-8F87D7C2BFC6-StateMachineUpdater] INFO  ratis.ContainerStateMachine (ContainerStateMachine.java:takeSnapshot(436)) - group-8F87D7C2BFC6: Finished taking a snapshot at:(t:1, i:0) file:/home/runner/work/ozone/ozone/hadoop-ozone/integration-test/target/test-dir/MiniOzoneClusterImpl-023d5a78-e64c-43f3-a4d9-6f7884931d6c/ozone-metadata/datanode-1/ratis/84ca9d0f-7cf9-4c2b-a636-8f87d7c2bfc6/sm/snapshot.1_0 took: 139 ms
2025-09-07 09:44:06,581 [ff2509eb-55dd-4ad3-b532-83d6209e1a92@group-77DC33C8A8CA-StateMachineUpdater] INFO  ratis.ContainerStateMachine (ContainerStateMachine.java:takeSnapshot(436)) - group-77DC33C8A8CA: Finished taking a snapshot at:(t:1, i:0) file:/home/runner/work/ozone/ozone/hadoop-ozone/integration-test/target/test-dir/MiniOzoneClusterImpl-023d5a78-e64c-43f3-a4d9-6f7884931d6c/ozone-metadata/datanode-1/ratis/766115e5-0d59-4db5-b7b5-77dc33c8a8ca/sm/snapshot.1_0 took: 136 ms
2025-09-07 09:44:06,584 [ff2509eb-55dd-4ad3-b532-83d6209e1a92@group-77DC33C8A8CA-StateMachineUpdater] INFO  impl.StateMachineUpdater (StateMachineUpdater.java:takeSnapshot(307)) - ff2509eb-55dd-4ad3-b532-83d6209e1a92@group-77DC33C8A8CA-StateMachineUpdater: Took a snapshot at index 0
2025-09-07 09:44:06,584 [ff2509eb-55dd-4ad3-b532-83d6209e1a92@group-77DC33C8A8CA-StateMachineUpdater] INFO  impl.StateMachineUpdater (StateMachineUpdater.java:lambda$new$0(101)) - ff2509eb-55dd-4ad3-b532-83d6209e1a92@group-77DC33C8A8CA-StateMachineUpdater: snapshotIndex: updateIncreasingly -1 -> 0
2025-09-07 09:44:06,584 [ff2509eb-55dd-4ad3-b532-83d6209e1a92@group-77DC33C8A8CA-StateMachineUpdater] INFO  impl.StateMachineUpdater (StateMachineUpdater.java:stop(140)) - ff2509eb-55dd-4ad3-b532-83d6209e1a92@group-77DC33C8A8CA-StateMachineUpdater: closing ContainerStateMachine, lastApplied=(t:1, i:0)
2025-09-07 09:44:06,585 [ff2509eb-55dd-4ad3-b532-83d6209e1a92@group-8F87D7C2BFC6-StateMachineUpdater] INFO  impl.StateMachineUpdater (StateMachineUpdater.java:takeSnapshot(307)) - ff2509eb-55dd-4ad3-b532-83d6209e1a92@group-8F87D7C2BFC6-StateMachineUpdater: Took a snapshot at index 0
2025-09-07 09:44:06,585 [ff2509eb-55dd-4ad3-b532-83d6209e1a92@group-8F87D7C2BFC6-StateMachineUpdater] INFO  impl.StateMachineUpdater (StateMachineUpdater.java:lambda$new$0(101)) - ff2509eb-55dd-4ad3-b532-83d6209e1a92@group-8F87D7C2BFC6-StateMachineUpdater: snapshotIndex: updateIncreasingly -1 -> 0
2025-09-07 09:44:06,585 [ff2509eb-55dd-4ad3-b532-83d6209e1a92@group-8F87D7C2BFC6-StateMachineUpdater] INFO  impl.StateMachineUpdater (StateMachineUpdater.java:stop(140)) - ff2509eb-55dd-4ad3-b532-83d6209e1a92@group-8F87D7C2BFC6-StateMachineUpdater: closing ContainerStateMachine, lastApplied=(t:1, i:0)
2025-09-07 09:44:06,586 [ff2509eb-55dd-4ad3-b532-83d6209e1a92@group-77DC33C8A8CA-cacheEviction-AwaitToRun] INFO  util.AwaitToRun (AwaitToRun.java:run(49)) - ff2509eb-55dd-4ad3-b532-83d6209e1a92@group-77DC33C8A8CA-cacheEviction-AwaitToRun-AwaitForSignal is interrupted
2025-09-07 09:44:06,586 [e6e13cb3-e32b-4d2d-874a-1e4700c67398@group-9E511D2458D0-StateMachineUpdater] INFO  server.RaftServer$Division (LeaderStateImpl.java:checkStartIndex(309)) - Leader e6e13cb3-e32b-4d2d-874a-1e4700c67398@group-9E511D2458D0-LeaderStateImpl is ready since appliedIndex == startIndex == 0
2025-09-07 09:44:06,588 [c7928d43-6313-4dde-8a75-1660f92a858c-groupManagement] INFO  server.RaftServerConfigKeys (ConfUtils.java:logGet(62)) - raft.server.storage.dir = [/home/runner/work/ozone/ozone/hadoop-ozone/integration-test/target/test-dir/MiniOzoneClusterImpl-023d5a78-e64c-43f3-a4d9-6f7884931d6c/ozone-metadata/datanode-10/ratis] (custom)
2025-09-07 09:44:06,588 [ff2509eb-55dd-4ad3-b532-83d6209e1a92@group-8F87D7C2BFC6-cacheEviction-AwaitToRun] INFO  util.AwaitToRun (AwaitToRun.java:run(49)) - ff2509eb-55dd-4ad3-b532-83d6209e1a92@group-8F87D7C2BFC6-cacheEviction-AwaitToRun-AwaitForSignal is interrupted
2025-09-07 09:44:06,589 [c7928d43-6313-4dde-8a75-1660f92a858c-groupManagement] INFO  storage.RaftStorageDirectory (RaftStorageDirectoryImpl.java:analyzeStorage(138)) - The storage directory /home/runner/work/ozone/ozone/hadoop-ozone/integration-test/target/test-dir/MiniOzoneClusterImpl-023d5a78-e64c-43f3-a4d9-6f7884931d6c/ozone-metadata/datanode-10/ratis/b90fb3c1-d77c-4cba-a089-63593b63008f does not exist. Creating ...
2025-09-07 09:44:06,592 [ff2509eb-55dd-4ad3-b532-83d6209e1a92@group-DDE89B3F2AFE-StateMachineUpdater] INFO  ratis.ContainerStateMachine (ContainerStateMachine.java:takeSnapshot(436)) - group-DDE89B3F2AFE: Finished taking a snapshot at:(t:1, i:2) file:/home/runner/work/ozone/ozone/hadoop-ozone/integration-test/target/test-dir/MiniOzoneClusterImpl-023d5a78-e64c-43f3-a4d9-6f7884931d6c/ozone-metadata/datanode-1/ratis/3adef986-442f-409a-a79f-dde89b3f2afe/sm/snapshot.1_2 took: 158 ms
2025-09-07 09:44:06,592 [grpc-default-executor-1] WARN  server.GrpcServerProtocolService (LogUtils.java:warn(127)) - ff2509eb-55dd-4ad3-b532-83d6209e1a92: APPEND_ENTRIES onError, lastRequest: 95d41743-cdf0-4105-938b-93fe980aeffc->ff2509eb-55dd-4ad3-b532-83d6209e1a92#9-t1,previous=(t:1, i:2),leaderCommit=2,initializing? false,entries: size=1, first=(t:1, i:3), METADATAENTRY(c:2): org.apache.ratis.thirdparty.io.grpc.StatusRuntimeException: CANCELLED: client cancelled
2025-09-07 09:44:06,592 [ff2509eb-55dd-4ad3-b532-83d6209e1a92@group-DDE89B3F2AFE-StateMachineUpdater] INFO  impl.StateMachineUpdater (StateMachineUpdater.java:takeSnapshot(307)) - ff2509eb-55dd-4ad3-b532-83d6209e1a92@group-DDE89B3F2AFE-StateMachineUpdater: Took a snapshot at index 2
2025-09-07 09:44:06,592 [ff2509eb-55dd-4ad3-b532-83d6209e1a92@group-DDE89B3F2AFE-StateMachineUpdater] INFO  impl.StateMachineUpdater (StateMachineUpdater.java:lambda$new$0(101)) - ff2509eb-55dd-4ad3-b532-83d6209e1a92@group-DDE89B3F2AFE-StateMachineUpdater: snapshotIndex: updateIncreasingly -1 -> 2
2025-09-07 09:44:06,592 [ff2509eb-55dd-4ad3-b532-83d6209e1a92@group-DDE89B3F2AFE-StateMachineUpdater] INFO  impl.StateMachineUpdater (StateMachineUpdater.java:stop(140)) - ff2509eb-55dd-4ad3-b532-83d6209e1a92@group-DDE89B3F2AFE-StateMachineUpdater: closing ContainerStateMachine, lastApplied=(t:1, i:2)
2025-09-07 09:44:06,593 [ff2509eb-55dd-4ad3-b532-83d6209e1a92@group-DDE89B3F2AFE-cacheEviction-AwaitToRun] INFO  util.AwaitToRun (AwaitToRun.java:run(49)) - ff2509eb-55dd-4ad3-b532-83d6209e1a92@group-DDE89B3F2AFE-cacheEviction-AwaitToRun-AwaitForSignal is interrupted
2025-09-07 09:44:06,592 [c7928d43-6313-4dde-8a75-1660f92a858c-groupManagement] INFO  storage.RaftStorageDirectory (RaftStorageDirectoryImpl.java:tryLock(229)) - Lock on /home/runner/work/ozone/ozone/hadoop-ozone/integration-test/target/test-dir/MiniOzoneClusterImpl-023d5a78-e64c-43f3-a4d9-6f7884931d6c/ozone-metadata/datanode-10/ratis/b90fb3c1-d77c-4cba-a089-63593b63008f/in_use.lock acquired by nodename 23079@localhost
2025-09-07 09:44:06,595 [grpc-default-executor-2] WARN  server.GrpcServerProtocolService (LogUtils.java:warn(127)) - ff2509eb-55dd-4ad3-b532-83d6209e1a92: APPEND_ENTRIES onError, lastRequest: null: org.apache.ratis.thirdparty.io.grpc.StatusRuntimeException: CANCELLED: client cancelled
2025-09-07 09:44:06,596 [ForkJoinPool-1-worker-1] INFO  server.GrpcServicesImpl (GrpcServicesImpl.java:closeImpl(364)) - ff2509eb-55dd-4ad3-b532-83d6209e1a92: shutdown server GrpcServerProtocolService successfully
2025-09-07 09:44:06,597 [ForkJoinPool-1-worker-1] INFO  server.GrpcServicesImpl (GrpcServicesImpl.java:closeImpl(355)) - ff2509eb-55dd-4ad3-b532-83d6209e1a92: shutdown server org.apache.ratis.grpc.server.GrpcAdminProtocolService now
2025-09-07 09:44:06,597 [c7928d43-6313-4dde-8a75-1660f92a858c-groupManagement] INFO  storage.RaftStorage (RaftStorageImpl.java:format(98)) - Storage directory /home/runner/work/ozone/ozone/hadoop-ozone/integration-test/target/test-dir/MiniOzoneClusterImpl-023d5a78-e64c-43f3-a4d9-6f7884931d6c/ozone-metadata/datanode-10/ratis/b90fb3c1-d77c-4cba-a089-63593b63008f has been successfully formatted.
2025-09-07 09:44:06,601 [c7928d43-6313-4dde-8a75-1660f92a858c-groupManagement] INFO  ratis.ContainerStateMachine (ContainerStateMachine.java:initialize(339)) - c7928d43-6313-4dde-8a75-1660f92a858c: initialize group-63593B63008F
2025-09-07 09:44:06,601 [c7928d43-6313-4dde-8a75-1660f92a858c-groupManagement] INFO  ratis.ContainerStateMachine (ContainerStateMachine.java:loadSnapshot(347)) - group-63593B63008F: The snapshot info is null. Setting the last applied index to:<INITIAL_VALUE>
2025-09-07 09:44:06,601 [grpc-default-executor-2] WARN  server.GrpcLogAppender (LogUtils.java:warn(127)) - 95d41743-cdf0-4105-938b-93fe980aeffc@group-DDE89B3F2AFE->ff2509eb-55dd-4ad3-b532-83d6209e1a92-AppendLogResponseHandler: Failed appendEntries: org.apache.ratis.thirdparty.io.grpc.StatusRuntimeException: CANCELLED: RST_STREAM closed stream. HTTP/2 error code: CANCEL
2025-09-07 09:44:06,601 [ForkJoinPool-1-worker-1] INFO  server.GrpcServicesImpl (GrpcServicesImpl.java:closeImpl(364)) - ff2509eb-55dd-4ad3-b532-83d6209e1a92: shutdown server org.apache.ratis.grpc.server.GrpcAdminProtocolService successfully
2025-09-07 09:44:06,602 [c7928d43-6313-4dde-8a75-1660f92a858c-groupManagement] INFO  server.RaftServerConfigKeys (ConfUtils.java:logGet(62)) - raft.server.log.appender.buffer.byte-limit = 33554432 (custom)
2025-09-07 09:44:06,602 [grpc-default-executor-4] WARN  server.GrpcLogAppender (GrpcLogAppender.java:lambda$resetClient$1(228)) - 95d41743-cdf0-4105-938b-93fe980aeffc@group-DDE89B3F2AFE->ff2509eb-55dd-4ad3-b532-83d6209e1a92-GrpcLogAppender: Follower failed (request=null, errorCount=1); keep nextIndex (4) unchanged and retry.
2025-09-07 09:44:06,605 [EventQueue-PipelineReportForPipelineReportHandler] INFO  pipeline.PipelineReportHandler (PipelineReportHandler.java:processPipelineReport(134)) - Opened pipeline Pipeline-b90fb3c1-d77c-4cba-a089-63593b63008f
2025-09-07 09:44:06,606 [c7928d43-6313-4dde-8a75-1660f92a858c-groupManagement] INFO  server.RaftServerConfigKeys (ConfUtils.java:logGet(62)) - raft.server.log.segment.size.max = 67108864 (custom)
2025-09-07 09:44:06,607 [c7928d43-6313-4dde-8a75-1660f92a858c-groupManagement] INFO  server.RaftServerConfigKeys (ConfUtils.java:logGet(62)) - raft.server.log.appender.buffer.byte-limit = 33554432 (custom)
2025-09-07 09:44:06,607 [c7928d43-6313-4dde-8a75-1660f92a858c-groupManagement] INFO  util.AwaitToRun (AwaitToRun.java:start(81)) - Thread[#1503,c7928d43-6313-4dde-8a75-1660f92a858c@group-63593B63008F-cacheEviction-AwaitToRun,5,main] started
2025-09-07 09:44:06,607 [c7928d43-6313-4dde-8a75-1660f92a858c-groupManagement] INFO  segmented.SegmentedRaftLogWorker (SegmentedRaftLogWorker.java:<init>(190)) - new c7928d43-6313-4dde-8a75-1660f92a858c@group-63593B63008F-SegmentedRaftLogWorker for RaftStorageImpl:Storage Directory /home/runner/work/ozone/ozone/hadoop-ozone/integration-test/target/test-dir/MiniOzoneClusterImpl-023d5a78-e64c-43f3-a4d9-6f7884931d6c/ozone-metadata/datanode-10/ratis/b90fb3c1-d77c-4cba-a089-63593b63008f
2025-09-07 09:44:06,607 [c7928d43-6313-4dde-8a75-1660f92a858c-groupManagement] INFO  server.RaftServerConfigKeys (ConfUtils.java:logGet(62)) - raft.server.log.queue.byte-limit = 4294967296 (custom)
2025-09-07 09:44:06,607 [c7928d43-6313-4dde-8a75-1660f92a858c-groupManagement] INFO  server.RaftServerConfigKeys (ConfUtils.java:logGet(62)) - raft.server.log.segment.size.max = 67108864 (custom)
2025-09-07 09:44:06,607 [c7928d43-6313-4dde-8a75-1660f92a858c-groupManagement] INFO  server.RaftServerConfigKeys (ConfUtils.java:logGet(62)) - raft.server.log.preallocated.size = 4194304 (custom)
2025-09-07 09:44:06,608 [c7928d43-6313-4dde-8a75-1660f92a858c-groupManagement] INFO  server.RaftServerConfigKeys (ConfUtils.java:logGet(62)) - raft.server.log.write.buffer.size = 33554440 (custom)
2025-09-07 09:44:06,611 [ff2509eb-55dd-4ad3-b532-83d6209e1a92-NettyServerStreamRpc-bossGroup--thread1] INFO  logging.LoggingHandler (AbstractInternalLogger.java:log(148)) - [id: 0x1de5c667, L:/0.0.0.0:15016] CLOSE
2025-09-07 09:44:06,611 [ff2509eb-55dd-4ad3-b532-83d6209e1a92-NettyServerStreamRpc-bossGroup--thread1] INFO  logging.LoggingHandler (AbstractInternalLogger.java:log(148)) - [id: 0x1de5c667, L:/0.0.0.0:15016] INACTIVE
2025-09-07 09:44:06,611 [ff2509eb-55dd-4ad3-b532-83d6209e1a92-NettyServerStreamRpc-bossGroup--thread1] INFO  logging.LoggingHandler (AbstractInternalLogger.java:log(148)) - [id: 0x1de5c667, L:/0.0.0.0:15016] UNREGISTERED
2025-09-07 09:44:06,614 [c7928d43-6313-4dde-8a75-1660f92a858c-groupManagement] INFO  server.RaftServerConfigKeys (ConfUtils.java:logGet(62)) - raft.server.log.appender.buffer.byte-limit = 33554432 (custom)
2025-09-07 09:44:06,614 [c7928d43-6313-4dde-8a75-1660f92a858c-groupManagement] INFO  segmented.SegmentedRaftLogWorker (SegmentedRaftLogWorker.java:lambda$new$0(141)) - c7928d43-6313-4dde-8a75-1660f92a858c@group-63593B63008F-SegmentedRaftLogWorker: flushIndex: setUnconditionally 0 -> -1
2025-09-07 09:44:06,614 [c7928d43-6313-4dde-8a75-1660f92a858c-groupManagement] INFO  segmented.SegmentedRaftLogWorker (SegmentedRaftLogWorker.java:lambda$new$0(141)) - c7928d43-6313-4dde-8a75-1660f92a858c@group-63593B63008F-SegmentedRaftLogWorker: safeCacheEvictIndex: setUnconditionally 0 -> -1
2025-09-07 09:44:06,618 [c7928d43-6313-4dde-8a75-1660f92a858c-groupManagement] INFO  server.RaftServer$Division (RaftServerImpl.java:start(405)) - c7928d43-6313-4dde-8a75-1660f92a858c@group-63593B63008F: start as a follower, conf=conf: {index: -1, cur=peers:[c7928d43-6313-4dde-8a75-1660f92a858c|127.0.0.1:15087]|listeners:[], old=null}
2025-09-07 09:44:06,618 [c7928d43-6313-4dde-8a75-1660f92a858c-groupManagement] INFO  server.RaftServer$Division (RaftServerImpl.java:setRole(392)) - c7928d43-6313-4dde-8a75-1660f92a858c@group-63593B63008F: changes role from      null to FOLLOWER at term 0 for startAsFollower
2025-09-07 09:44:06,618 [c7928d43-6313-4dde-8a75-1660f92a858c-groupManagement] INFO  impl.RoleInfo (RoleInfo.java:updateAndGet(148)) - c7928d43-6313-4dde-8a75-1660f92a858c: start c7928d43-6313-4dde-8a75-1660f92a858c@group-63593B63008F-FollowerState
2025-09-07 09:44:06,619 [c7928d43-6313-4dde-8a75-1660f92a858c-groupManagement] INFO  util.JmxRegister (JmxRegister.java:tryRegister(44)) - Successfully registered JMX Bean with object name Ratis:service=RaftServer,group=group-63593B63008F,id=c7928d43-6313-4dde-8a75-1660f92a858c
2025-09-07 09:44:06,619 [c7928d43-6313-4dde-8a75-1660f92a858c-groupManagement] INFO  util.JmxRegister (JmxRegister.java:register(58)) - register mxBean class org.apache.ratis.server.impl.RaftServerJmxAdapter as Ratis:service=RaftServer,group=group-63593B63008F,id=c7928d43-6313-4dde-8a75-1660f92a858c
2025-09-07 09:44:06,621 [c7928d43-6313-4dde-8a75-1660f92a858c-groupManagement] INFO  server.RaftServer$Division (RaftServerImpl.java:start(419)) - c7928d43-6313-4dde-8a75-1660f92a858c@group-63593B63008F: Successfully started.
2025-09-07 09:44:06,621 [c7928d43-6313-4dde-8a75-1660f92a858c-PipelineCommandHandlerThread-0] INFO  ratis.XceiverServerRatis (XceiverServerRatis.java:addGroup(846)) - Created group Pipeline-b90fb3c1-d77c-4cba-a089-63593b63008f
2025-09-07 09:44:06,621 [c7928d43-6313-4dde-8a75-1660f92a858c-PipelineCommandHandlerThread-0] INFO  commandhandler.CreatePipelineCommandHandler (CreatePipelineCommandHandler.java:lambda$handle$2(127)) - Created Pipeline RATIS ONE Pipeline-b90fb3c1-d77c-4cba-a089-63593b63008f.
2025-09-07 09:44:06,670 [e6e13cb3-e32b-4d2d-874a-1e4700c67398@group-C4E7921F2A5C-FollowerState] INFO  impl.FollowerState (FollowerState.java:runImpl(161)) - e6e13cb3-e32b-4d2d-874a-1e4700c67398@group-C4E7921F2A5C-FollowerState: change to CANDIDATE, lastRpcElapsedTime:1029013404ns, electionTimeout:1028ms
2025-09-07 09:44:06,671 [e6e13cb3-e32b-4d2d-874a-1e4700c67398@group-C4E7921F2A5C-FollowerState] INFO  impl.RoleInfo (RoleInfo.java:shutdownFollowerState(121)) - e6e13cb3-e32b-4d2d-874a-1e4700c67398: shutdown e6e13cb3-e32b-4d2d-874a-1e4700c67398@group-C4E7921F2A5C-FollowerState
2025-09-07 09:44:06,671 [e6e13cb3-e32b-4d2d-874a-1e4700c67398@group-C4E7921F2A5C-FollowerState] INFO  server.RaftServer$Division (RaftServerImpl.java:setRole(392)) - e6e13cb3-e32b-4d2d-874a-1e4700c67398@group-C4E7921F2A5C: changes role from  FOLLOWER to CANDIDATE at term 0 for changeToCandidate
2025-09-07 09:44:06,671 [e6e13cb3-e32b-4d2d-874a-1e4700c67398@group-C4E7921F2A5C-FollowerState] INFO  impl.RoleInfo (RoleInfo.java:updateAndGet(148)) - e6e13cb3-e32b-4d2d-874a-1e4700c67398: start e6e13cb3-e32b-4d2d-874a-1e4700c67398@group-C4E7921F2A5C-LeaderElection20
2025-09-07 09:44:06,671 [e6e13cb3-e32b-4d2d-874a-1e4700c67398@group-C4E7921F2A5C-LeaderElection20] INFO  impl.LeaderElection (LeaderElection.java:askForVotes(448)) - e6e13cb3-e32b-4d2d-874a-1e4700c67398@group-C4E7921F2A5C-LeaderElection20 PRE_VOTE round 0: submit vote requests at term 0 for conf: {index: -1, cur=peers:[e6e13cb3-e32b-4d2d-874a-1e4700c67398|127.0.0.1:15055]|listeners:[], old=null}
2025-09-07 09:44:06,671 [e6e13cb3-e32b-4d2d-874a-1e4700c67398@group-C4E7921F2A5C-LeaderElection20] INFO  impl.LeaderElection (LeaderElection.java:askForVotes(450)) - e6e13cb3-e32b-4d2d-874a-1e4700c67398@group-C4E7921F2A5C-LeaderElection20 PRE_VOTE round 0: result PASSED (term=0)
2025-09-07 09:44:06,673 [e6e13cb3-e32b-4d2d-874a-1e4700c67398@group-C4E7921F2A5C-LeaderElection20] INFO  impl.LeaderElection (LeaderElection.java:askForVotes(448)) - e6e13cb3-e32b-4d2d-874a-1e4700c67398@group-C4E7921F2A5C-LeaderElection20 ELECTION round 0: submit vote requests at term 1 for conf: {index: -1, cur=peers:[e6e13cb3-e32b-4d2d-874a-1e4700c67398|127.0.0.1:15055]|listeners:[], old=null}
2025-09-07 09:44:06,673 [e6e13cb3-e32b-4d2d-874a-1e4700c67398@group-C4E7921F2A5C-LeaderElection20] INFO  impl.LeaderElection (LeaderElection.java:askForVotes(450)) - e6e13cb3-e32b-4d2d-874a-1e4700c67398@group-C4E7921F2A5C-LeaderElection20 ELECTION round 0: result PASSED (term=1)
2025-09-07 09:44:06,673 [e6e13cb3-e32b-4d2d-874a-1e4700c67398@group-C4E7921F2A5C-LeaderElection20] INFO  impl.RoleInfo (RoleInfo.java:shutdownLeaderElection(141)) - e6e13cb3-e32b-4d2d-874a-1e4700c67398: shutdown e6e13cb3-e32b-4d2d-874a-1e4700c67398@group-C4E7921F2A5C-LeaderElection20
2025-09-07 09:44:06,673 [e6e13cb3-e32b-4d2d-874a-1e4700c67398@group-C4E7921F2A5C-LeaderElection20] INFO  server.RaftServer$Division (RaftServerImpl.java:setRole(392)) - e6e13cb3-e32b-4d2d-874a-1e4700c67398@group-C4E7921F2A5C: changes role from CANDIDATE to LEADER at term 1 for changeToLeader
2025-09-07 09:44:06,673 [e6e13cb3-e32b-4d2d-874a-1e4700c67398@group-C4E7921F2A5C-LeaderElection20] INFO  server.RaftServerConfigKeys (ConfUtils.java:logFallback(69)) - raft.server.staging.timeout = 3600ms (fallback to raft.server.rpc.timeout.max)
2025-09-07 09:44:06,673 [e6e13cb3-e32b-4d2d-874a-1e4700c67398@group-C4E7921F2A5C-LeaderElection20] INFO  server.RaftServerConfigKeys (ConfUtils.java:logGet(62)) - raft.server.write.byte-limit = 1024 M (=1073741824) (custom)
2025-09-07 09:44:06,674 [e6e13cb3-e32b-4d2d-874a-1e4700c67398@group-C4E7921F2A5C-LeaderElection20] INFO  impl.RoleInfo (RoleInfo.java:updateAndGet(148)) - e6e13cb3-e32b-4d2d-874a-1e4700c67398: start e6e13cb3-e32b-4d2d-874a-1e4700c67398@group-C4E7921F2A5C-LeaderStateImpl
2025-09-07 09:44:06,674 [e6e13cb3-e32b-4d2d-874a-1e4700c67398@group-C4E7921F2A5C-LeaderElection20] INFO  server.RaftServer$Division (RaftServerImpl.java:setFirstElection(576)) - e6e13cb3-e32b-4d2d-874a-1e4700c67398@group-C4E7921F2A5C: set firstElectionSinceStartup to false for becomeLeader
2025-09-07 09:44:06,674 [e6e13cb3-e32b-4d2d-874a-1e4700c67398@group-C4E7921F2A5C-LeaderElection20] INFO  ratis.XceiverServerRatis (XceiverServerRatis.java:handleLeaderChangedNotification(947)) - Leader change notification received for group: group-C4E7921F2A5C with new leaderId: e6e13cb3-e32b-4d2d-874a-1e4700c67398
2025-09-07 09:44:06,674 [e6e13cb3-e32b-4d2d-874a-1e4700c67398@group-C4E7921F2A5C-LeaderElection20] INFO  server.RaftServer$Division (ServerState.java:setLeader(272)) - e6e13cb3-e32b-4d2d-874a-1e4700c67398@group-C4E7921F2A5C: change Leader from null to e6e13cb3-e32b-4d2d-874a-1e4700c67398 at term 1 for becomeLeader, leader elected after 1076ms
2025-09-07 09:44:06,675 [e6e13cb3-e32b-4d2d-874a-1e4700c67398@group-C4E7921F2A5C-LeaderElection20] INFO  segmented.SegmentedRaftLogWorker (SegmentedRaftLogWorker.java:startLogSegment(440)) - e6e13cb3-e32b-4d2d-874a-1e4700c67398@group-C4E7921F2A5C-SegmentedRaftLogWorker: Starting segment from index:0
2025-09-07 09:44:06,675 [e6e13cb3-e32b-4d2d-874a-1e4700c67398@group-C4E7921F2A5C-LeaderElection20] INFO  server.RaftServer$Division (ServerState.java:setRaftConf(386)) - e6e13cb3-e32b-4d2d-874a-1e4700c67398@group-C4E7921F2A5C: set configuration conf: {index: 0, cur=peers:[e6e13cb3-e32b-4d2d-874a-1e4700c67398|127.0.0.1:15055]|listeners:[], old=null}
2025-09-07 09:44:06,675 [e6e13cb3-e32b-4d2d-874a-1e4700c67398@group-C4E7921F2A5C-SegmentedRaftLogWorker] INFO  segmented.BufferedWriteChannel (BufferedWriteChannel.java:open(61)) - open log_inprogress_0 at position 0
2025-09-07 09:44:06,682 [e6e13cb3-e32b-4d2d-874a-1e4700c67398@group-C4E7921F2A5C-SegmentedRaftLogWorker] INFO  segmented.SegmentedRaftLogWorker (SegmentedRaftLogWorker.java:execute(647)) - e6e13cb3-e32b-4d2d-874a-1e4700c67398@group-C4E7921F2A5C-SegmentedRaftLogWorker: created new log segment /home/runner/work/ozone/ozone/hadoop-ozone/integration-test/target/test-dir/MiniOzoneClusterImpl-023d5a78-e64c-43f3-a4d9-6f7884931d6c/ozone-metadata/datanode-6/ratis/c14d92d3-50ac-4189-a704-c4e7921f2a5c/current/log_inprogress_0
2025-09-07 09:44:06,685 [e6e13cb3-e32b-4d2d-874a-1e4700c67398@group-C4E7921F2A5C-StateMachineUpdater] INFO  server.RaftServer$Division (LeaderStateImpl.java:checkStartIndex(309)) - Leader e6e13cb3-e32b-4d2d-874a-1e4700c67398@group-C4E7921F2A5C-LeaderStateImpl is ready since appliedIndex == startIndex == 0
2025-09-07 09:44:07,184 [ff2509eb-55dd-4ad3-b532-83d6209e1a92-impl-thread2] INFO  segmented.SegmentedRaftLogWorker (SegmentedRaftLogWorker.java:close(254)) - ff2509eb-55dd-4ad3-b532-83d6209e1a92@group-77DC33C8A8CA-SegmentedRaftLogWorker close()
2025-09-07 09:44:07,184 [ff2509eb-55dd-4ad3-b532-83d6209e1a92-impl-thread2] INFO  ratis.ContainerStateMachine (ContainerStateMachine.java:notifyServerShutdown(1038)) - group-77DC33C8A8CA is closed by HddsDatanodeService
2025-09-07 09:44:07,222 [486fef96-c6ec-41d9-a4ca-7ebb3d261081@group-A6D30A1C9E4D-FollowerState] INFO  impl.FollowerState (FollowerState.java:runImpl(161)) - 486fef96-c6ec-41d9-a4ca-7ebb3d261081@group-A6D30A1C9E4D-FollowerState: change to CANDIDATE, lastRpcElapsedTime:1097894341ns, electionTimeout:1097ms
2025-09-07 09:44:07,222 [486fef96-c6ec-41d9-a4ca-7ebb3d261081@group-A6D30A1C9E4D-FollowerState] INFO  impl.RoleInfo (RoleInfo.java:shutdownFollowerState(121)) - 486fef96-c6ec-41d9-a4ca-7ebb3d261081: shutdown 486fef96-c6ec-41d9-a4ca-7ebb3d261081@group-A6D30A1C9E4D-FollowerState
2025-09-07 09:44:07,222 [486fef96-c6ec-41d9-a4ca-7ebb3d261081@group-A6D30A1C9E4D-FollowerState] INFO  server.RaftServer$Division (RaftServerImpl.java:setRole(392)) - 486fef96-c6ec-41d9-a4ca-7ebb3d261081@group-A6D30A1C9E4D: changes role from  FOLLOWER to CANDIDATE at term 0 for changeToCandidate
2025-09-07 09:44:07,222 [486fef96-c6ec-41d9-a4ca-7ebb3d261081@group-A6D30A1C9E4D-FollowerState] INFO  impl.RoleInfo (RoleInfo.java:updateAndGet(148)) - 486fef96-c6ec-41d9-a4ca-7ebb3d261081: start 486fef96-c6ec-41d9-a4ca-7ebb3d261081@group-A6D30A1C9E4D-LeaderElection21
2025-09-07 09:44:07,223 [486fef96-c6ec-41d9-a4ca-7ebb3d261081@group-A6D30A1C9E4D-LeaderElection21] INFO  impl.LeaderElection (LeaderElection.java:askForVotes(448)) - 486fef96-c6ec-41d9-a4ca-7ebb3d261081@group-A6D30A1C9E4D-LeaderElection21 PRE_VOTE round 0: submit vote requests at term 0 for conf: {index: -1, cur=peers:[486fef96-c6ec-41d9-a4ca-7ebb3d261081|127.0.0.1:15071]|listeners:[], old=null}
2025-09-07 09:44:07,223 [486fef96-c6ec-41d9-a4ca-7ebb3d261081@group-A6D30A1C9E4D-LeaderElection21] INFO  impl.LeaderElection (LeaderElection.java:askForVotes(450)) - 486fef96-c6ec-41d9-a4ca-7ebb3d261081@group-A6D30A1C9E4D-LeaderElection21 PRE_VOTE round 0: result PASSED (term=0)
2025-09-07 09:44:07,224 [486fef96-c6ec-41d9-a4ca-7ebb3d261081@group-A6D30A1C9E4D-LeaderElection21] INFO  impl.LeaderElection (LeaderElection.java:askForVotes(448)) - 486fef96-c6ec-41d9-a4ca-7ebb3d261081@group-A6D30A1C9E4D-LeaderElection21 ELECTION round 0: submit vote requests at term 1 for conf: {index: -1, cur=peers:[486fef96-c6ec-41d9-a4ca-7ebb3d261081|127.0.0.1:15071]|listeners:[], old=null}
2025-09-07 09:44:07,224 [486fef96-c6ec-41d9-a4ca-7ebb3d261081@group-A6D30A1C9E4D-LeaderElection21] INFO  impl.LeaderElection (LeaderElection.java:askForVotes(450)) - 486fef96-c6ec-41d9-a4ca-7ebb3d261081@group-A6D30A1C9E4D-LeaderElection21 ELECTION round 0: result PASSED (term=1)
2025-09-07 09:44:07,224 [486fef96-c6ec-41d9-a4ca-7ebb3d261081@group-A6D30A1C9E4D-LeaderElection21] INFO  impl.RoleInfo (RoleInfo.java:shutdownLeaderElection(141)) - 486fef96-c6ec-41d9-a4ca-7ebb3d261081: shutdown 486fef96-c6ec-41d9-a4ca-7ebb3d261081@group-A6D30A1C9E4D-LeaderElection21
2025-09-07 09:44:07,224 [486fef96-c6ec-41d9-a4ca-7ebb3d261081@group-A6D30A1C9E4D-LeaderElection21] INFO  server.RaftServer$Division (RaftServerImpl.java:setRole(392)) - 486fef96-c6ec-41d9-a4ca-7ebb3d261081@group-A6D30A1C9E4D: changes role from CANDIDATE to LEADER at term 1 for changeToLeader
2025-09-07 09:44:07,224 [486fef96-c6ec-41d9-a4ca-7ebb3d261081@group-A6D30A1C9E4D-LeaderElection21] INFO  server.RaftServerConfigKeys (ConfUtils.java:logFallback(69)) - raft.server.staging.timeout = 3600ms (fallback to raft.server.rpc.timeout.max)
2025-09-07 09:44:07,225 [486fef96-c6ec-41d9-a4ca-7ebb3d261081@group-A6D30A1C9E4D-LeaderElection21] INFO  server.RaftServerConfigKeys (ConfUtils.java:logGet(62)) - raft.server.write.byte-limit = 1024 M (=1073741824) (custom)
2025-09-07 09:44:07,225 [486fef96-c6ec-41d9-a4ca-7ebb3d261081@group-A6D30A1C9E4D-LeaderElection21] INFO  impl.RoleInfo (RoleInfo.java:updateAndGet(148)) - 486fef96-c6ec-41d9-a4ca-7ebb3d261081: start 486fef96-c6ec-41d9-a4ca-7ebb3d261081@group-A6D30A1C9E4D-LeaderStateImpl
2025-09-07 09:44:07,225 [486fef96-c6ec-41d9-a4ca-7ebb3d261081@group-A6D30A1C9E4D-LeaderElection21] INFO  server.RaftServer$Division (RaftServerImpl.java:setFirstElection(576)) - 486fef96-c6ec-41d9-a4ca-7ebb3d261081@group-A6D30A1C9E4D: set firstElectionSinceStartup to false for becomeLeader
2025-09-07 09:44:07,225 [486fef96-c6ec-41d9-a4ca-7ebb3d261081@group-A6D30A1C9E4D-LeaderElection21] INFO  ratis.XceiverServerRatis (XceiverServerRatis.java:handleLeaderChangedNotification(947)) - Leader change notification received for group: group-A6D30A1C9E4D with new leaderId: 486fef96-c6ec-41d9-a4ca-7ebb3d261081
2025-09-07 09:44:07,226 [486fef96-c6ec-41d9-a4ca-7ebb3d261081@group-A6D30A1C9E4D-LeaderElection21] INFO  server.RaftServer$Division (ServerState.java:setLeader(272)) - 486fef96-c6ec-41d9-a4ca-7ebb3d261081@group-A6D30A1C9E4D: change Leader from null to 486fef96-c6ec-41d9-a4ca-7ebb3d261081 at term 1 for becomeLeader, leader elected after 1129ms
2025-09-07 09:44:07,226 [486fef96-c6ec-41d9-a4ca-7ebb3d261081@group-A6D30A1C9E4D-LeaderElection21] INFO  segmented.SegmentedRaftLogWorker (SegmentedRaftLogWorker.java:startLogSegment(440)) - 486fef96-c6ec-41d9-a4ca-7ebb3d261081@group-A6D30A1C9E4D-SegmentedRaftLogWorker: Starting segment from index:0
2025-09-07 09:44:07,226 [486fef96-c6ec-41d9-a4ca-7ebb3d261081@group-A6D30A1C9E4D-LeaderElection21] INFO  server.RaftServer$Division (ServerState.java:setRaftConf(386)) - 486fef96-c6ec-41d9-a4ca-7ebb3d261081@group-A6D30A1C9E4D: set configuration conf: {index: 0, cur=peers:[486fef96-c6ec-41d9-a4ca-7ebb3d261081|127.0.0.1:15071]|listeners:[], old=null}
2025-09-07 09:44:07,226 [486fef96-c6ec-41d9-a4ca-7ebb3d261081@group-A6D30A1C9E4D-SegmentedRaftLogWorker] INFO  segmented.BufferedWriteChannel (BufferedWriteChannel.java:open(61)) - open log_inprogress_0 at position 0
2025-09-07 09:44:07,232 [486fef96-c6ec-41d9-a4ca-7ebb3d261081@group-A6D30A1C9E4D-SegmentedRaftLogWorker] INFO  segmented.SegmentedRaftLogWorker (SegmentedRaftLogWorker.java:execute(647)) - 486fef96-c6ec-41d9-a4ca-7ebb3d261081@group-A6D30A1C9E4D-SegmentedRaftLogWorker: created new log segment /home/runner/work/ozone/ozone/hadoop-ozone/integration-test/target/test-dir/MiniOzoneClusterImpl-023d5a78-e64c-43f3-a4d9-6f7884931d6c/ozone-metadata/datanode-8/ratis/ca43f102-4fc8-4b2e-baf8-a6d30a1c9e4d/current/log_inprogress_0
2025-09-07 09:44:07,234 [486fef96-c6ec-41d9-a4ca-7ebb3d261081@group-A6D30A1C9E4D-StateMachineUpdater] INFO  server.RaftServer$Division (LeaderStateImpl.java:checkStartIndex(309)) - Leader 486fef96-c6ec-41d9-a4ca-7ebb3d261081@group-A6D30A1C9E4D-LeaderStateImpl is ready since appliedIndex == startIndex == 0
2025-09-07 09:44:07,369 [ff2509eb-55dd-4ad3-b532-83d6209e1a92-impl-thread1] INFO  segmented.SegmentedRaftLogWorker (SegmentedRaftLogWorker.java:close(254)) - ff2509eb-55dd-4ad3-b532-83d6209e1a92@group-8F87D7C2BFC6-SegmentedRaftLogWorker close()
2025-09-07 09:44:07,369 [ff2509eb-55dd-4ad3-b532-83d6209e1a92-impl-thread1] INFO  ratis.ContainerStateMachine (ContainerStateMachine.java:notifyServerShutdown(1038)) - group-8F87D7C2BFC6 is closed by HddsDatanodeService
2025-09-07 09:44:07,369 [ff2509eb-55dd-4ad3-b532-83d6209e1a92-impl-thread3] INFO  segmented.SegmentedRaftLogWorker (SegmentedRaftLogWorker.java:close(254)) - ff2509eb-55dd-4ad3-b532-83d6209e1a92@group-DDE89B3F2AFE-SegmentedRaftLogWorker close()
2025-09-07 09:44:07,371 [ff2509eb-55dd-4ad3-b532-83d6209e1a92-impl-thread3] INFO  ratis.ContainerStateMachine (ContainerStateMachine.java:notifyServerShutdown(1038)) - group-DDE89B3F2AFE is closed by HddsDatanodeService
2025-09-07 09:44:07,372 [JvmPauseMonitor3] INFO  util.JvmPauseMonitor (JvmPauseMonitor.java:run(152)) - JvmPauseMonitor-ff2509eb-55dd-4ad3-b532-83d6209e1a92: Stopped
2025-09-07 09:44:07,387 [95d41743-cdf0-4105-938b-93fe980aeffc@group-77DC33C8A8CA-FollowerState] INFO  impl.FollowerState (FollowerState.java:runImpl(161)) - 95d41743-cdf0-4105-938b-93fe980aeffc@group-77DC33C8A8CA-FollowerState: change to CANDIDATE, lastRpcElapsedTime:1163771689ns, electionTimeout:1072ms
2025-09-07 09:44:07,388 [95d41743-cdf0-4105-938b-93fe980aeffc@group-77DC33C8A8CA-FollowerState] INFO  impl.RoleInfo (RoleInfo.java:shutdownFollowerState(121)) - 95d41743-cdf0-4105-938b-93fe980aeffc: shutdown 95d41743-cdf0-4105-938b-93fe980aeffc@group-77DC33C8A8CA-FollowerState
2025-09-07 09:44:07,388 [95d41743-cdf0-4105-938b-93fe980aeffc@group-77DC33C8A8CA-FollowerState] INFO  server.RaftServer$Division (RaftServerImpl.java:setRole(392)) - 95d41743-cdf0-4105-938b-93fe980aeffc@group-77DC33C8A8CA: changes role from  FOLLOWER to CANDIDATE at term 1 for changeToCandidate
2025-09-07 09:44:07,388 [95d41743-cdf0-4105-938b-93fe980aeffc@group-77DC33C8A8CA-FollowerState] INFO  impl.RoleInfo (RoleInfo.java:updateAndGet(148)) - 95d41743-cdf0-4105-938b-93fe980aeffc: start 95d41743-cdf0-4105-938b-93fe980aeffc@group-77DC33C8A8CA-LeaderElection22
2025-09-07 09:44:07,388 [95d41743-cdf0-4105-938b-93fe980aeffc@group-77DC33C8A8CA-LeaderElection22] INFO  server.RaftServer$Division (ServerState.java:setLeader(272)) - 95d41743-cdf0-4105-938b-93fe980aeffc@group-77DC33C8A8CA: change Leader from ff2509eb-55dd-4ad3-b532-83d6209e1a92 to null at term 1 for PRE_VOTE
2025-09-07 09:44:07,388 [95d41743-cdf0-4105-938b-93fe980aeffc@group-77DC33C8A8CA-LeaderElection22] INFO  impl.LeaderElection (LeaderElection.java:askForVotes(448)) - 95d41743-cdf0-4105-938b-93fe980aeffc@group-77DC33C8A8CA-LeaderElection22 PRE_VOTE round 0: submit vote requests at term 1 for conf: {index: 0, cur=peers:[95d41743-cdf0-4105-938b-93fe980aeffc|127.0.0.1:15031, 8500c972-c6d1-4433-9d49-a8e3bb920002|127.0.0.1:15023, ff2509eb-55dd-4ad3-b532-83d6209e1a92|127.0.0.1:15015]|listeners:[], old=null}
2025-09-07 09:44:07,389 [95d41743-cdf0-4105-938b-93fe980aeffc@group-77DC33C8A8CA-LeaderElection22] INFO  impl.LeaderElection (LogUtils.java:infoOrTrace(142)) - 95d41743-cdf0-4105-938b-93fe980aeffc@group-77DC33C8A8CA-LeaderElection22 got exception when requesting votes: java.util.concurrent.ExecutionException: org.apache.ratis.thirdparty.io.grpc.StatusRuntimeException: UNAVAILABLE: io exception
2025-09-07 09:44:07,390 [grpc-default-executor-4] INFO  server.RaftServer$Division (RaftServerImpl.java:requestVote(1421)) - 8500c972-c6d1-4433-9d49-a8e3bb920002@group-77DC33C8A8CA: receive requestVote(PRE_VOTE, 95d41743-cdf0-4105-938b-93fe980aeffc, group-77DC33C8A8CA, 1, (t:1, i:0))
2025-09-07 09:44:07,390 [grpc-default-executor-4] INFO  impl.VoteContext (VoteContext.java:log(49)) - 8500c972-c6d1-4433-9d49-a8e3bb920002@group-77DC33C8A8CA-FOLLOWER: accept PRE_VOTE from 95d41743-cdf0-4105-938b-93fe980aeffc: our priority 0 <= candidate's priority 0
2025-09-07 09:44:07,390 [grpc-default-executor-4] INFO  server.RaftServer$Division (RaftServerImpl.java:requestVote(1455)) - 8500c972-c6d1-4433-9d49-a8e3bb920002@group-77DC33C8A8CA replies to PRE_VOTE vote request: 95d41743-cdf0-4105-938b-93fe980aeffc<-8500c972-c6d1-4433-9d49-a8e3bb920002#0:OK-t1-last:(t:1, i:0). Peer's state: 8500c972-c6d1-4433-9d49-a8e3bb920002@group-77DC33C8A8CA:t1, leader=ff2509eb-55dd-4ad3-b532-83d6209e1a92, voted=ff2509eb-55dd-4ad3-b532-83d6209e1a92, raftlog=Memoized:8500c972-c6d1-4433-9d49-a8e3bb920002@group-77DC33C8A8CA-SegmentedRaftLog:OPENED:c0:last(t:1, i:0), conf=conf: {index: 0, cur=peers:[95d41743-cdf0-4105-938b-93fe980aeffc|127.0.0.1:15031, 8500c972-c6d1-4433-9d49-a8e3bb920002|127.0.0.1:15023, ff2509eb-55dd-4ad3-b532-83d6209e1a92|127.0.0.1:15015]|listeners:[], old=null}
2025-09-07 09:44:07,391 [95d41743-cdf0-4105-938b-93fe980aeffc@group-77DC33C8A8CA-LeaderElection22] INFO  impl.LeaderElection (LeaderElection.java:logAndReturn(206)) - 95d41743-cdf0-4105-938b-93fe980aeffc@group-77DC33C8A8CA-LeaderElection22: PRE_VOTE PASSED received 1 response(s) and 1 exception(s):
2025-09-07 09:44:07,391 [95d41743-cdf0-4105-938b-93fe980aeffc@group-77DC33C8A8CA-LeaderElection22] INFO  impl.LeaderElection (LeaderElection.java:logAndReturn(210)) -   Response 0: 95d41743-cdf0-4105-938b-93fe980aeffc<-8500c972-c6d1-4433-9d49-a8e3bb920002#0:OK-t1-last:(t:1, i:0)
2025-09-07 09:44:07,392 [95d41743-cdf0-4105-938b-93fe980aeffc@group-77DC33C8A8CA-LeaderElection22] INFO  impl.LeaderElection (LogUtils.java:infoOrTrace(142)) -   Exception 1: java.util.concurrent.ExecutionException: org.apache.ratis.thirdparty.io.grpc.StatusRuntimeException: UNAVAILABLE: io exception
2025-09-07 09:44:07,392 [95d41743-cdf0-4105-938b-93fe980aeffc@group-77DC33C8A8CA-LeaderElection22] INFO  impl.LeaderElection (LeaderElection.java:askForVotes(450)) - 95d41743-cdf0-4105-938b-93fe980aeffc@group-77DC33C8A8CA-LeaderElection22 PRE_VOTE round 0: result PASSED
2025-09-07 09:44:07,393 [95d41743-cdf0-4105-938b-93fe980aeffc@group-77DC33C8A8CA-LeaderElection22] INFO  impl.LeaderElection (LeaderElection.java:askForVotes(448)) - 95d41743-cdf0-4105-938b-93fe980aeffc@group-77DC33C8A8CA-LeaderElection22 ELECTION round 0: submit vote requests at term 2 for conf: {index: 0, cur=peers:[95d41743-cdf0-4105-938b-93fe980aeffc|127.0.0.1:15031, 8500c972-c6d1-4433-9d49-a8e3bb920002|127.0.0.1:15023, ff2509eb-55dd-4ad3-b532-83d6209e1a92|127.0.0.1:15015]|listeners:[], old=null}
2025-09-07 09:44:07,394 [95d41743-cdf0-4105-938b-93fe980aeffc@group-77DC33C8A8CA-LeaderElection22] INFO  impl.LeaderElection (LogUtils.java:infoOrTrace(142)) - 95d41743-cdf0-4105-938b-93fe980aeffc@group-77DC33C8A8CA-LeaderElection22 got exception when requesting votes: java.util.concurrent.ExecutionException: org.apache.ratis.thirdparty.io.grpc.StatusRuntimeException: UNAVAILABLE: io exception
2025-09-07 09:44:07,394 [grpc-default-executor-4] INFO  server.RaftServer$Division (RaftServerImpl.java:requestVote(1421)) - 8500c972-c6d1-4433-9d49-a8e3bb920002@group-77DC33C8A8CA: receive requestVote(ELECTION, 95d41743-cdf0-4105-938b-93fe980aeffc, group-77DC33C8A8CA, 2, (t:1, i:0))
2025-09-07 09:44:07,394 [grpc-default-executor-4] INFO  impl.VoteContext (VoteContext.java:log(49)) - 8500c972-c6d1-4433-9d49-a8e3bb920002@group-77DC33C8A8CA-FOLLOWER: accept ELECTION from 95d41743-cdf0-4105-938b-93fe980aeffc: our priority 0 <= candidate's priority 0
2025-09-07 09:44:07,394 [grpc-default-executor-4] INFO  server.RaftServer$Division (RaftServerImpl.java:setRole(392)) - 8500c972-c6d1-4433-9d49-a8e3bb920002@group-77DC33C8A8CA: changes role from  FOLLOWER to FOLLOWER at term 1 for candidate:95d41743-cdf0-4105-938b-93fe980aeffc
2025-09-07 09:44:07,394 [grpc-default-executor-4] INFO  impl.RoleInfo (RoleInfo.java:shutdownFollowerState(121)) - 8500c972-c6d1-4433-9d49-a8e3bb920002: shutdown 8500c972-c6d1-4433-9d49-a8e3bb920002@group-77DC33C8A8CA-FollowerState
2025-09-07 09:44:07,395 [8500c972-c6d1-4433-9d49-a8e3bb920002@group-77DC33C8A8CA-FollowerState] INFO  impl.FollowerState (FollowerState.java:runImpl(170)) - 8500c972-c6d1-4433-9d49-a8e3bb920002@group-77DC33C8A8CA-FollowerState was interrupted
2025-09-07 09:44:07,395 [grpc-default-executor-4] INFO  server.RaftServer$Division (ServerState.java:setLeader(272)) - 8500c972-c6d1-4433-9d49-a8e3bb920002@group-77DC33C8A8CA: change Leader from ff2509eb-55dd-4ad3-b532-83d6209e1a92 to null at term 2 for updateCurrentTerm
2025-09-07 09:44:07,395 [grpc-default-executor-4] INFO  impl.RoleInfo (RoleInfo.java:updateAndGet(148)) - 8500c972-c6d1-4433-9d49-a8e3bb920002: start 8500c972-c6d1-4433-9d49-a8e3bb920002@group-77DC33C8A8CA-FollowerState
2025-09-07 09:44:07,396 [grpc-default-executor-4] INFO  server.RaftServer$Division (RaftServerImpl.java:requestVote(1455)) - 8500c972-c6d1-4433-9d49-a8e3bb920002@group-77DC33C8A8CA replies to ELECTION vote request: 95d41743-cdf0-4105-938b-93fe980aeffc<-8500c972-c6d1-4433-9d49-a8e3bb920002#0:OK-t2-last:(t:1, i:0). Peer's state: 8500c972-c6d1-4433-9d49-a8e3bb920002@group-77DC33C8A8CA:t2, leader=null, voted=95d41743-cdf0-4105-938b-93fe980aeffc, raftlog=Memoized:8500c972-c6d1-4433-9d49-a8e3bb920002@group-77DC33C8A8CA-SegmentedRaftLog:OPENED:c0:last(t:1, i:0), conf=conf: {index: 0, cur=peers:[95d41743-cdf0-4105-938b-93fe980aeffc|127.0.0.1:15031, 8500c972-c6d1-4433-9d49-a8e3bb920002|127.0.0.1:15023, ff2509eb-55dd-4ad3-b532-83d6209e1a92|127.0.0.1:15015]|listeners:[], old=null}
2025-09-07 09:44:07,397 [95d41743-cdf0-4105-938b-93fe980aeffc@group-77DC33C8A8CA-LeaderElection22] INFO  impl.LeaderElection (LeaderElection.java:logAndReturn(206)) - 95d41743-cdf0-4105-938b-93fe980aeffc@group-77DC33C8A8CA-LeaderElection22: ELECTION PASSED received 1 response(s) and 1 exception(s):
2025-09-07 09:44:07,397 [95d41743-cdf0-4105-938b-93fe980aeffc@group-77DC33C8A8CA-LeaderElection22] INFO  impl.LeaderElection (LeaderElection.java:logAndReturn(210)) -   Response 0: 95d41743-cdf0-4105-938b-93fe980aeffc<-8500c972-c6d1-4433-9d49-a8e3bb920002#0:OK-t2-last:(t:1, i:0)
2025-09-07 09:44:07,397 [95d41743-cdf0-4105-938b-93fe980aeffc@group-77DC33C8A8CA-LeaderElection22] INFO  impl.LeaderElection (LogUtils.java:infoOrTrace(142)) -   Exception 1: java.util.concurrent.ExecutionException: org.apache.ratis.thirdparty.io.grpc.StatusRuntimeException: UNAVAILABLE: io exception
2025-09-07 09:44:07,397 [95d41743-cdf0-4105-938b-93fe980aeffc@group-77DC33C8A8CA-LeaderElection22] INFO  impl.LeaderElection (LeaderElection.java:askForVotes(450)) - 95d41743-cdf0-4105-938b-93fe980aeffc@group-77DC33C8A8CA-LeaderElection22 ELECTION round 0: result PASSED
2025-09-07 09:44:07,397 [95d41743-cdf0-4105-938b-93fe980aeffc@group-77DC33C8A8CA-LeaderElection22] INFO  impl.RoleInfo (RoleInfo.java:shutdownLeaderElection(141)) - 95d41743-cdf0-4105-938b-93fe980aeffc: shutdown 95d41743-cdf0-4105-938b-93fe980aeffc@group-77DC33C8A8CA-LeaderElection22
2025-09-07 09:44:07,397 [95d41743-cdf0-4105-938b-93fe980aeffc@group-77DC33C8A8CA-LeaderElection22] INFO  server.RaftServer$Division (RaftServerImpl.java:setRole(392)) - 95d41743-cdf0-4105-938b-93fe980aeffc@group-77DC33C8A8CA: changes role from CANDIDATE to LEADER at term 2 for changeToLeader
2025-09-07 09:44:07,397 [95d41743-cdf0-4105-938b-93fe980aeffc@group-77DC33C8A8CA-LeaderElection22] INFO  server.RaftServerConfigKeys (ConfUtils.java:logFallback(69)) - raft.server.staging.timeout = 3600ms (fallback to raft.server.rpc.timeout.max)
2025-09-07 09:44:07,398 [95d41743-cdf0-4105-938b-93fe980aeffc@group-77DC33C8A8CA-LeaderElection22] INFO  server.RaftServerConfigKeys (ConfUtils.java:logGet(62)) - raft.server.write.byte-limit = 1024 M (=1073741824) (custom)
2025-09-07 09:44:07,399 [95d41743-cdf0-4105-938b-93fe980aeffc@group-77DC33C8A8CA-LeaderElection22] INFO  server.RaftServerConfigKeys (ConfUtils.java:logGet(62)) - raft.server.log.appender.buffer.byte-limit = 33554432 (custom)
2025-09-07 09:44:07,400 [95d41743-cdf0-4105-938b-93fe980aeffc@group-77DC33C8A8CA-LeaderElection22] INFO  server.RaftServerConfigKeys (ConfUtils.java:logGet(62)) - raft.server.log.appender.buffer.byte-limit = 33554432 (custom)
2025-09-07 09:44:07,401 [95d41743-cdf0-4105-938b-93fe980aeffc@group-77DC33C8A8CA-LeaderElection22] INFO  impl.RoleInfo (RoleInfo.java:updateAndGet(148)) - 95d41743-cdf0-4105-938b-93fe980aeffc: start 95d41743-cdf0-4105-938b-93fe980aeffc@group-77DC33C8A8CA-LeaderStateImpl
2025-09-07 09:44:07,401 [95d41743-cdf0-4105-938b-93fe980aeffc@group-77DC33C8A8CA-LeaderElection22] INFO  ratis.XceiverServerRatis (XceiverServerRatis.java:handleLeaderChangedNotification(947)) - Leader change notification received for group: group-77DC33C8A8CA with new leaderId: 95d41743-cdf0-4105-938b-93fe980aeffc
2025-09-07 09:44:07,401 [95d41743-cdf0-4105-938b-93fe980aeffc@group-77DC33C8A8CA-LeaderElection22] INFO  server.RaftServer$Division (ServerState.java:setLeader(272)) - 95d41743-cdf0-4105-938b-93fe980aeffc@group-77DC33C8A8CA: change Leader from null to 95d41743-cdf0-4105-938b-93fe980aeffc at term 2 for becomeLeader, leader elected after 12ms
2025-09-07 09:44:07,401 [95d41743-cdf0-4105-938b-93fe980aeffc@group-77DC33C8A8CA-LeaderElection22] INFO  segmented.SegmentedRaftLogWorker (SegmentedRaftLogWorker.java:rollLogSegment(445)) - 95d41743-cdf0-4105-938b-93fe980aeffc@group-77DC33C8A8CA-SegmentedRaftLogWorker: Rolling segment log-0_0 to index:0
2025-09-07 09:44:07,402 [95d41743-cdf0-4105-938b-93fe980aeffc@group-77DC33C8A8CA-LeaderElection22] INFO  server.RaftServer$Division (ServerState.java:setRaftConf(386)) - 95d41743-cdf0-4105-938b-93fe980aeffc@group-77DC33C8A8CA: set configuration conf: {index: 1, cur=peers:[95d41743-cdf0-4105-938b-93fe980aeffc|127.0.0.1:15031, 8500c972-c6d1-4433-9d49-a8e3bb920002|127.0.0.1:15023, ff2509eb-55dd-4ad3-b532-83d6209e1a92|127.0.0.1:15015]|listeners:[], old=null}
2025-09-07 09:44:07,403 [95d41743-cdf0-4105-938b-93fe980aeffc@group-77DC33C8A8CA-SegmentedRaftLogWorker] INFO  segmented.SegmentedRaftLogWorker (SegmentedRaftLogWorker.java:execute(604)) - 95d41743-cdf0-4105-938b-93fe980aeffc@group-77DC33C8A8CA-SegmentedRaftLogWorker: Rolled log segment from /home/runner/work/ozone/ozone/hadoop-ozone/integration-test/target/test-dir/MiniOzoneClusterImpl-023d5a78-e64c-43f3-a4d9-6f7884931d6c/ozone-metadata/datanode-3/ratis/766115e5-0d59-4db5-b7b5-77dc33c8a8ca/current/log_inprogress_0 to /home/runner/work/ozone/ozone/hadoop-ozone/integration-test/target/test-dir/MiniOzoneClusterImpl-023d5a78-e64c-43f3-a4d9-6f7884931d6c/ozone-metadata/datanode-3/ratis/766115e5-0d59-4db5-b7b5-77dc33c8a8ca/current/log_0-0
2025-09-07 09:44:07,403 [95d41743-cdf0-4105-938b-93fe980aeffc@group-77DC33C8A8CA-SegmentedRaftLogWorker] INFO  segmented.BufferedWriteChannel (BufferedWriteChannel.java:open(61)) - open log_inprogress_1 at position 0
2025-09-07 09:44:07,405 [grpc-default-executor-4] WARN  server.GrpcLogAppender (LogUtils.java:warn(127)) - 95d41743-cdf0-4105-938b-93fe980aeffc@group-77DC33C8A8CA->ff2509eb-55dd-4ad3-b532-83d6209e1a92-AppendLogResponseHandler: Failed appendEntries: org.apache.ratis.thirdparty.io.grpc.StatusRuntimeException: UNAVAILABLE: io exception
  Caused by: org.apache.ratis.thirdparty.io.netty.channel.AbstractChannel$AnnotatedConnectException: finishConnect(..) failed: Connection refused: /127.0.0.1:15015
  Caused by: java.net.ConnectException: finishConnect(..) failed: Connection refused
2025-09-07 09:44:07,406 [grpc-default-executor-4] WARN  server.GrpcLogAppender (GrpcLogAppender.java:lambda$resetClient$1(228)) - 95d41743-cdf0-4105-938b-93fe980aeffc@group-77DC33C8A8CA->ff2509eb-55dd-4ad3-b532-83d6209e1a92-GrpcLogAppender: Follower failed (request=null, errorCount=1); keep nextIndex (1) unchanged and retry.
2025-09-07 09:44:07,408 [grpc-default-executor-2] WARN  server.GrpcLogAppender (GrpcLogAppender.java:lambda$resetClient$1(228)) - 95d41743-cdf0-4105-938b-93fe980aeffc@group-77DC33C8A8CA->ff2509eb-55dd-4ad3-b532-83d6209e1a92-GrpcLogAppender: Follower failed (request=null, errorCount=3); keep nextIndex (2) unchanged and retry.
2025-09-07 09:44:07,409 [grpc-default-executor-5] INFO  ratis.XceiverServerRatis (XceiverServerRatis.java:handleLeaderChangedNotification(947)) - Leader change notification received for group: group-77DC33C8A8CA with new leaderId: 95d41743-cdf0-4105-938b-93fe980aeffc
2025-09-07 09:44:07,409 [grpc-default-executor-5] INFO  server.RaftServer$Division (ServerState.java:setLeader(272)) - 8500c972-c6d1-4433-9d49-a8e3bb920002@group-77DC33C8A8CA: change Leader from null to 95d41743-cdf0-4105-938b-93fe980aeffc at term 2 for appendEntries, leader elected after 14ms
2025-09-07 09:44:07,409 [grpc-default-executor-5] INFO  server.RaftServer$Division (ServerState.java:setRaftConf(386)) - 8500c972-c6d1-4433-9d49-a8e3bb920002@group-77DC33C8A8CA: set configuration conf: {index: 1, cur=peers:[95d41743-cdf0-4105-938b-93fe980aeffc|127.0.0.1:15031, 8500c972-c6d1-4433-9d49-a8e3bb920002|127.0.0.1:15023, ff2509eb-55dd-4ad3-b532-83d6209e1a92|127.0.0.1:15015]|listeners:[], old=null}
2025-09-07 09:44:07,409 [grpc-default-executor-5] INFO  segmented.SegmentedRaftLogWorker (SegmentedRaftLogWorker.java:rollLogSegment(445)) - 8500c972-c6d1-4433-9d49-a8e3bb920002@group-77DC33C8A8CA-SegmentedRaftLogWorker: Rolling segment log-0_0 to index:0
2025-09-07 09:44:07,411 [8500c972-c6d1-4433-9d49-a8e3bb920002@group-77DC33C8A8CA-SegmentedRaftLogWorker] INFO  segmented.SegmentedRaftLogWorker (SegmentedRaftLogWorker.java:execute(604)) - 8500c972-c6d1-4433-9d49-a8e3bb920002@group-77DC33C8A8CA-SegmentedRaftLogWorker: Rolled log segment from /home/runner/work/ozone/ozone/hadoop-ozone/integration-test/target/test-dir/MiniOzoneClusterImpl-023d5a78-e64c-43f3-a4d9-6f7884931d6c/ozone-metadata/datanode-2/ratis/766115e5-0d59-4db5-b7b5-77dc33c8a8ca/current/log_inprogress_0 to /home/runner/work/ozone/ozone/hadoop-ozone/integration-test/target/test-dir/MiniOzoneClusterImpl-023d5a78-e64c-43f3-a4d9-6f7884931d6c/ozone-metadata/datanode-2/ratis/766115e5-0d59-4db5-b7b5-77dc33c8a8ca/current/log_0-0
2025-09-07 09:44:07,411 [8500c972-c6d1-4433-9d49-a8e3bb920002@group-77DC33C8A8CA-SegmentedRaftLogWorker] INFO  segmented.BufferedWriteChannel (BufferedWriteChannel.java:open(61)) - open log_inprogress_1 at position 0
2025-09-07 09:44:07,414 [95d41743-cdf0-4105-938b-93fe980aeffc@group-77DC33C8A8CA-SegmentedRaftLogWorker] INFO  segmented.SegmentedRaftLogWorker (SegmentedRaftLogWorker.java:execute(647)) - 95d41743-cdf0-4105-938b-93fe980aeffc@group-77DC33C8A8CA-SegmentedRaftLogWorker: created new log segment /home/runner/work/ozone/ozone/hadoop-ozone/integration-test/target/test-dir/MiniOzoneClusterImpl-023d5a78-e64c-43f3-a4d9-6f7884931d6c/ozone-metadata/datanode-3/ratis/766115e5-0d59-4db5-b7b5-77dc33c8a8ca/current/log_inprogress_1
2025-09-07 09:44:07,418 [4c7984b5-42f1-4e4b-a334-601f88f38b33@group-729AC8688BC2-FollowerState] INFO  impl.FollowerState (FollowerState.java:runImpl(161)) - 4c7984b5-42f1-4e4b-a334-601f88f38b33@group-729AC8688BC2-FollowerState: change to CANDIDATE, lastRpcElapsedTime:1065216534ns, electionTimeout:1064ms
2025-09-07 09:44:07,418 [4c7984b5-42f1-4e4b-a334-601f88f38b33@group-729AC8688BC2-FollowerState] INFO  impl.RoleInfo (RoleInfo.java:shutdownFollowerState(121)) - 4c7984b5-42f1-4e4b-a334-601f88f38b33: shutdown 4c7984b5-42f1-4e4b-a334-601f88f38b33@group-729AC8688BC2-FollowerState
2025-09-07 09:44:07,418 [4c7984b5-42f1-4e4b-a334-601f88f38b33@group-729AC8688BC2-FollowerState] INFO  server.RaftServer$Division (RaftServerImpl.java:setRole(392)) - 4c7984b5-42f1-4e4b-a334-601f88f38b33@group-729AC8688BC2: changes role from  FOLLOWER to CANDIDATE at term 0 for changeToCandidate
2025-09-07 09:44:07,419 [4c7984b5-42f1-4e4b-a334-601f88f38b33@group-729AC8688BC2-FollowerState] INFO  impl.RoleInfo (RoleInfo.java:updateAndGet(148)) - 4c7984b5-42f1-4e4b-a334-601f88f38b33: start 4c7984b5-42f1-4e4b-a334-601f88f38b33@group-729AC8688BC2-LeaderElection23
2025-09-07 09:44:07,419 [4c7984b5-42f1-4e4b-a334-601f88f38b33@group-729AC8688BC2-LeaderElection23] INFO  impl.LeaderElection (LeaderElection.java:askForVotes(448)) - 4c7984b5-42f1-4e4b-a334-601f88f38b33@group-729AC8688BC2-LeaderElection23 PRE_VOTE round 0: submit vote requests at term 0 for conf: {index: -1, cur=peers:[4c7984b5-42f1-4e4b-a334-601f88f38b33|127.0.0.1:15079]|listeners:[], old=null}
2025-09-07 09:44:07,419 [4c7984b5-42f1-4e4b-a334-601f88f38b33@group-729AC8688BC2-LeaderElection23] INFO  impl.LeaderElection (LeaderElection.java:askForVotes(450)) - 4c7984b5-42f1-4e4b-a334-601f88f38b33@group-729AC8688BC2-LeaderElection23 PRE_VOTE round 0: result PASSED (term=0)
2025-09-07 09:44:07,420 [8500c972-c6d1-4433-9d49-a8e3bb920002@group-77DC33C8A8CA-SegmentedRaftLogWorker] INFO  segmented.SegmentedRaftLogWorker (SegmentedRaftLogWorker.java:execute(647)) - 8500c972-c6d1-4433-9d49-a8e3bb920002@group-77DC33C8A8CA-SegmentedRaftLogWorker: created new log segment /home/runner/work/ozone/ozone/hadoop-ozone/integration-test/target/test-dir/MiniOzoneClusterImpl-023d5a78-e64c-43f3-a4d9-6f7884931d6c/ozone-metadata/datanode-2/ratis/766115e5-0d59-4db5-b7b5-77dc33c8a8ca/current/log_inprogress_1
2025-09-07 09:44:07,420 [4c7984b5-42f1-4e4b-a334-601f88f38b33@group-729AC8688BC2-LeaderElection23] INFO  impl.LeaderElection (LeaderElection.java:askForVotes(448)) - 4c7984b5-42f1-4e4b-a334-601f88f38b33@group-729AC8688BC2-LeaderElection23 ELECTION round 0: submit vote requests at term 1 for conf: {index: -1, cur=peers:[4c7984b5-42f1-4e4b-a334-601f88f38b33|127.0.0.1:15079]|listeners:[], old=null}
2025-09-07 09:44:07,420 [4c7984b5-42f1-4e4b-a334-601f88f38b33@group-729AC8688BC2-LeaderElection23] INFO  impl.LeaderElection (LeaderElection.java:askForVotes(450)) - 4c7984b5-42f1-4e4b-a334-601f88f38b33@group-729AC8688BC2-LeaderElection23 ELECTION round 0: result PASSED (term=1)
2025-09-07 09:44:07,420 [4c7984b5-42f1-4e4b-a334-601f88f38b33@group-729AC8688BC2-LeaderElection23] INFO  impl.RoleInfo (RoleInfo.java:shutdownLeaderElection(141)) - 4c7984b5-42f1-4e4b-a334-601f88f38b33: shutdown 4c7984b5-42f1-4e4b-a334-601f88f38b33@group-729AC8688BC2-LeaderElection23
2025-09-07 09:44:07,420 [4c7984b5-42f1-4e4b-a334-601f88f38b33@group-729AC8688BC2-LeaderElection23] INFO  server.RaftServer$Division (RaftServerImpl.java:setRole(392)) - 4c7984b5-42f1-4e4b-a334-601f88f38b33@group-729AC8688BC2: changes role from CANDIDATE to LEADER at term 1 for changeToLeader
2025-09-07 09:44:07,420 [4c7984b5-42f1-4e4b-a334-601f88f38b33@group-729AC8688BC2-LeaderElection23] INFO  server.RaftServerConfigKeys (ConfUtils.java:logFallback(69)) - raft.server.staging.timeout = 3600ms (fallback to raft.server.rpc.timeout.max)
2025-09-07 09:44:07,421 [4c7984b5-42f1-4e4b-a334-601f88f38b33@group-729AC8688BC2-LeaderElection23] INFO  server.RaftServerConfigKeys (ConfUtils.java:logGet(62)) - raft.server.write.byte-limit = 1024 M (=1073741824) (custom)
2025-09-07 09:44:07,422 [4c7984b5-42f1-4e4b-a334-601f88f38b33@group-729AC8688BC2-LeaderElection23] INFO  impl.RoleInfo (RoleInfo.java:updateAndGet(148)) - 4c7984b5-42f1-4e4b-a334-601f88f38b33: start 4c7984b5-42f1-4e4b-a334-601f88f38b33@group-729AC8688BC2-LeaderStateImpl
2025-09-07 09:44:07,422 [4c7984b5-42f1-4e4b-a334-601f88f38b33@group-729AC8688BC2-LeaderElection23] INFO  server.RaftServer$Division (RaftServerImpl.java:setFirstElection(576)) - 4c7984b5-42f1-4e4b-a334-601f88f38b33@group-729AC8688BC2: set firstElectionSinceStartup to false for becomeLeader
2025-09-07 09:44:07,422 [4c7984b5-42f1-4e4b-a334-601f88f38b33@group-729AC8688BC2-LeaderElection23] INFO  ratis.XceiverServerRatis (XceiverServerRatis.java:handleLeaderChangedNotification(947)) - Leader change notification received for group: group-729AC8688BC2 with new leaderId: 4c7984b5-42f1-4e4b-a334-601f88f38b33
2025-09-07 09:44:07,422 [4c7984b5-42f1-4e4b-a334-601f88f38b33@group-729AC8688BC2-LeaderElection23] INFO  server.RaftServer$Division (ServerState.java:setLeader(272)) - 4c7984b5-42f1-4e4b-a334-601f88f38b33@group-729AC8688BC2: change Leader from null to 4c7984b5-42f1-4e4b-a334-601f88f38b33 at term 1 for becomeLeader, leader elected after 1095ms
2025-09-07 09:44:07,422 [4c7984b5-42f1-4e4b-a334-601f88f38b33@group-729AC8688BC2-LeaderElection23] INFO  segmented.SegmentedRaftLogWorker (SegmentedRaftLogWorker.java:startLogSegment(440)) - 4c7984b5-42f1-4e4b-a334-601f88f38b33@group-729AC8688BC2-SegmentedRaftLogWorker: Starting segment from index:0
2025-09-07 09:44:07,422 [4c7984b5-42f1-4e4b-a334-601f88f38b33@group-729AC8688BC2-LeaderElection23] INFO  server.RaftServer$Division (ServerState.java:setRaftConf(386)) - 4c7984b5-42f1-4e4b-a334-601f88f38b33@group-729AC8688BC2: set configuration conf: {index: 0, cur=peers:[4c7984b5-42f1-4e4b-a334-601f88f38b33|127.0.0.1:15079]|listeners:[], old=null}
2025-09-07 09:44:07,424 [4c7984b5-42f1-4e4b-a334-601f88f38b33@group-729AC8688BC2-SegmentedRaftLogWorker] INFO  segmented.BufferedWriteChannel (BufferedWriteChannel.java:open(61)) - open log_inprogress_0 at position 0
2025-09-07 09:44:07,425 [grpc-default-executor-5] WARN  server.GrpcLogAppender (GrpcLogAppender.java:lambda$resetClient$1(228)) - 95d41743-cdf0-4105-938b-93fe980aeffc@group-77DC33C8A8CA->ff2509eb-55dd-4ad3-b532-83d6209e1a92-GrpcLogAppender: Follower failed (request=null, errorCount=5); keep nextIndex (3) unchanged and retry.
2025-09-07 09:44:07,426 [95d41743-cdf0-4105-938b-93fe980aeffc@group-77DC33C8A8CA-StateMachineUpdater] INFO  server.RaftServer$Division (LeaderStateImpl.java:checkStartIndex(309)) - Leader 95d41743-cdf0-4105-938b-93fe980aeffc@group-77DC33C8A8CA-LeaderStateImpl is ready since appliedIndex == startIndex == 1
2025-09-07 09:44:07,431 [4c7984b5-42f1-4e4b-a334-601f88f38b33@group-729AC8688BC2-SegmentedRaftLogWorker] INFO  segmented.SegmentedRaftLogWorker (SegmentedRaftLogWorker.java:execute(647)) - 4c7984b5-42f1-4e4b-a334-601f88f38b33@group-729AC8688BC2-SegmentedRaftLogWorker: created new log segment /home/runner/work/ozone/ozone/hadoop-ozone/integration-test/target/test-dir/MiniOzoneClusterImpl-023d5a78-e64c-43f3-a4d9-6f7884931d6c/ozone-metadata/datanode-9/ratis/5553b1e0-63fd-431b-a529-729ac8688bc2/current/log_inprogress_0
2025-09-07 09:44:07,434 [4c7984b5-42f1-4e4b-a334-601f88f38b33@group-729AC8688BC2-StateMachineUpdater] INFO  server.RaftServer$Division (LeaderStateImpl.java:checkStartIndex(309)) - Leader 4c7984b5-42f1-4e4b-a334-601f88f38b33@group-729AC8688BC2-LeaderStateImpl is ready since appliedIndex == startIndex == 0
2025-09-07 09:44:07,764 [c7928d43-6313-4dde-8a75-1660f92a858c@group-63593B63008F-FollowerState] INFO  impl.FollowerState (FollowerState.java:runImpl(161)) - c7928d43-6313-4dde-8a75-1660f92a858c@group-63593B63008F-FollowerState: change to CANDIDATE, lastRpcElapsedTime:1146036053ns, electionTimeout:1145ms
2025-09-07 09:44:07,764 [c7928d43-6313-4dde-8a75-1660f92a858c@group-63593B63008F-FollowerState] INFO  impl.RoleInfo (RoleInfo.java:shutdownFollowerState(121)) - c7928d43-6313-4dde-8a75-1660f92a858c: shutdown c7928d43-6313-4dde-8a75-1660f92a858c@group-63593B63008F-FollowerState
2025-09-07 09:44:07,764 [c7928d43-6313-4dde-8a75-1660f92a858c@group-63593B63008F-FollowerState] INFO  server.RaftServer$Division (RaftServerImpl.java:setRole(392)) - c7928d43-6313-4dde-8a75-1660f92a858c@group-63593B63008F: changes role from  FOLLOWER to CANDIDATE at term 0 for changeToCandidate
2025-09-07 09:44:07,764 [c7928d43-6313-4dde-8a75-1660f92a858c@group-63593B63008F-FollowerState] INFO  impl.RoleInfo (RoleInfo.java:updateAndGet(148)) - c7928d43-6313-4dde-8a75-1660f92a858c: start c7928d43-6313-4dde-8a75-1660f92a858c@group-63593B63008F-LeaderElection24
2025-09-07 09:44:07,765 [c7928d43-6313-4dde-8a75-1660f92a858c@group-63593B63008F-LeaderElection24] INFO  impl.LeaderElection (LeaderElection.java:askForVotes(448)) - c7928d43-6313-4dde-8a75-1660f92a858c@group-63593B63008F-LeaderElection24 PRE_VOTE round 0: submit vote requests at term 0 for conf: {index: -1, cur=peers:[c7928d43-6313-4dde-8a75-1660f92a858c|127.0.0.1:15087]|listeners:[], old=null}
2025-09-07 09:44:07,765 [c7928d43-6313-4dde-8a75-1660f92a858c@group-63593B63008F-LeaderElection24] INFO  impl.LeaderElection (LeaderElection.java:askForVotes(450)) - c7928d43-6313-4dde-8a75-1660f92a858c@group-63593B63008F-LeaderElection24 PRE_VOTE round 0: result PASSED (term=0)
2025-09-07 09:44:07,767 [c7928d43-6313-4dde-8a75-1660f92a858c@group-63593B63008F-LeaderElection24] INFO  impl.LeaderElection (LeaderElection.java:askForVotes(448)) - c7928d43-6313-4dde-8a75-1660f92a858c@group-63593B63008F-LeaderElection24 ELECTION round 0: submit vote requests at term 1 for conf: {index: -1, cur=peers:[c7928d43-6313-4dde-8a75-1660f92a858c|127.0.0.1:15087]|listeners:[], old=null}
2025-09-07 09:44:07,767 [c7928d43-6313-4dde-8a75-1660f92a858c@group-63593B63008F-LeaderElection24] INFO  impl.LeaderElection (LeaderElection.java:askForVotes(450)) - c7928d43-6313-4dde-8a75-1660f92a858c@group-63593B63008F-LeaderElection24 ELECTION round 0: result PASSED (term=1)
2025-09-07 09:44:07,767 [c7928d43-6313-4dde-8a75-1660f92a858c@group-63593B63008F-LeaderElection24] INFO  impl.RoleInfo (RoleInfo.java:shutdownLeaderElection(141)) - c7928d43-6313-4dde-8a75-1660f92a858c: shutdown c7928d43-6313-4dde-8a75-1660f92a858c@group-63593B63008F-LeaderElection24
2025-09-07 09:44:07,767 [c7928d43-6313-4dde-8a75-1660f92a858c@group-63593B63008F-LeaderElection24] INFO  server.RaftServer$Division (RaftServerImpl.java:setRole(392)) - c7928d43-6313-4dde-8a75-1660f92a858c@group-63593B63008F: changes role from CANDIDATE to LEADER at term 1 for changeToLeader
2025-09-07 09:44:07,767 [c7928d43-6313-4dde-8a75-1660f92a858c@group-63593B63008F-LeaderElection24] INFO  server.RaftServerConfigKeys (ConfUtils.java:logFallback(69)) - raft.server.staging.timeout = 3600ms (fallback to raft.server.rpc.timeout.max)
2025-09-07 09:44:07,767 [c7928d43-6313-4dde-8a75-1660f92a858c@group-63593B63008F-LeaderElection24] INFO  server.RaftServerConfigKeys (ConfUtils.java:logGet(62)) - raft.server.write.byte-limit = 1024 M (=1073741824) (custom)
2025-09-07 09:44:07,768 [c7928d43-6313-4dde-8a75-1660f92a858c@group-63593B63008F-LeaderElection24] INFO  impl.RoleInfo (RoleInfo.java:updateAndGet(148)) - c7928d43-6313-4dde-8a75-1660f92a858c: start c7928d43-6313-4dde-8a75-1660f92a858c@group-63593B63008F-LeaderStateImpl
2025-09-07 09:44:07,768 [c7928d43-6313-4dde-8a75-1660f92a858c@group-63593B63008F-LeaderElection24] INFO  server.RaftServer$Division (RaftServerImpl.java:setFirstElection(576)) - c7928d43-6313-4dde-8a75-1660f92a858c@group-63593B63008F: set firstElectionSinceStartup to false for becomeLeader
2025-09-07 09:44:07,768 [c7928d43-6313-4dde-8a75-1660f92a858c@group-63593B63008F-LeaderElection24] INFO  ratis.XceiverServerRatis (XceiverServerRatis.java:handleLeaderChangedNotification(947)) - Leader change notification received for group: group-63593B63008F with new leaderId: c7928d43-6313-4dde-8a75-1660f92a858c
2025-09-07 09:44:07,768 [c7928d43-6313-4dde-8a75-1660f92a858c@group-63593B63008F-LeaderElection24] INFO  server.RaftServer$Division (ServerState.java:setLeader(272)) - c7928d43-6313-4dde-8a75-1660f92a858c@group-63593B63008F: change Leader from null to c7928d43-6313-4dde-8a75-1660f92a858c at term 1 for becomeLeader, leader elected after 1192ms
2025-09-07 09:44:07,768 [c7928d43-6313-4dde-8a75-1660f92a858c@group-63593B63008F-LeaderElection24] INFO  segmented.SegmentedRaftLogWorker (SegmentedRaftLogWorker.java:startLogSegment(440)) - c7928d43-6313-4dde-8a75-1660f92a858c@group-63593B63008F-SegmentedRaftLogWorker: Starting segment from index:0
2025-09-07 09:44:07,769 [c7928d43-6313-4dde-8a75-1660f92a858c@group-63593B63008F-LeaderElection24] INFO  server.RaftServer$Division (ServerState.java:setRaftConf(386)) - c7928d43-6313-4dde-8a75-1660f92a858c@group-63593B63008F: set configuration conf: {index: 0, cur=peers:[c7928d43-6313-4dde-8a75-1660f92a858c|127.0.0.1:15087]|listeners:[], old=null}
2025-09-07 09:44:07,770 [c7928d43-6313-4dde-8a75-1660f92a858c@group-63593B63008F-SegmentedRaftLogWorker] INFO  segmented.BufferedWriteChannel (BufferedWriteChannel.java:open(61)) - open log_inprogress_0 at position 0
2025-09-07 09:44:07,776 [c7928d43-6313-4dde-8a75-1660f92a858c@group-63593B63008F-SegmentedRaftLogWorker] INFO  segmented.SegmentedRaftLogWorker (SegmentedRaftLogWorker.java:execute(647)) - c7928d43-6313-4dde-8a75-1660f92a858c@group-63593B63008F-SegmentedRaftLogWorker: created new log segment /home/runner/work/ozone/ozone/hadoop-ozone/integration-test/target/test-dir/MiniOzoneClusterImpl-023d5a78-e64c-43f3-a4d9-6f7884931d6c/ozone-metadata/datanode-10/ratis/b90fb3c1-d77c-4cba-a089-63593b63008f/current/log_inprogress_0
2025-09-07 09:44:07,779 [c7928d43-6313-4dde-8a75-1660f92a858c@group-63593B63008F-StateMachineUpdater] INFO  server.RaftServer$Division (LeaderStateImpl.java:checkStartIndex(309)) - Leader c7928d43-6313-4dde-8a75-1660f92a858c@group-63593B63008F-LeaderStateImpl is ready since appliedIndex == startIndex == 0
2025-09-07 09:44:09,383 [ForkJoinPool-1-worker-1] INFO  utils.DatanodeStoreCache (DatanodeStoreCache.java:shutdownCache(110)) - Skip clearing cache in mini cluster mode. Entries left: [/home/runner/work/ozone/ozone/hadoop-ozone/integration-test/target/test-dir/MiniOzoneClusterImpl-023d5a78-e64c-43f3-a4d9-6f7884931d6c/ozone-metadata/datanode-1/data-0/hdds/023d5a78-e64c-43f3-a4d9-6f7884931d6c/DS-5fbd3f51-2257-4844-a78a-38b1b6d3b151/container.db, /home/runner/work/ozone/ozone/hadoop-ozone/integration-test/target/test-dir/MiniOzoneClusterImpl-023d5a78-e64c-43f3-a4d9-6f7884931d6c/ozone-metadata/datanode-10/data-0/hdds/023d5a78-e64c-43f3-a4d9-6f7884931d6c/DS-84c6fba7-595d-4177-8ffc-7588853120c4/container.db, /home/runner/work/ozone/ozone/hadoop-ozone/integration-test/target/test-dir/MiniOzoneClusterImpl-023d5a78-e64c-43f3-a4d9-6f7884931d6c/ozone-metadata/datanode-2/data-0/hdds/023d5a78-e64c-43f3-a4d9-6f7884931d6c/DS-bea88637-aed5-486c-a715-f30d7867fd4b/container.db, /home/runner/work/ozone/ozone/hadoop-ozone/integration-test/target/test-dir/MiniOzoneClusterImpl-023d5a78-e64c-43f3-a4d9-6f7884931d6c/ozone-metadata/datanode-3/data-0/hdds/023d5a78-e64c-43f3-a4d9-6f7884931d6c/DS-8f593202-9c4b-47bd-8b22-f98b2017cb5e/container.db, /home/runner/work/ozone/ozone/hadoop-ozone/integration-test/target/test-dir/MiniOzoneClusterImpl-023d5a78-e64c-43f3-a4d9-6f7884931d6c/ozone-metadata/datanode-4/data-0/hdds/023d5a78-e64c-43f3-a4d9-6f7884931d6c/DS-670d5789-61e1-408c-a8be-006216e53fc7/container.db, /home/runner/work/ozone/ozone/hadoop-ozone/integration-test/target/test-dir/MiniOzoneClusterImpl-023d5a78-e64c-43f3-a4d9-6f7884931d6c/ozone-metadata/datanode-5/data-0/hdds/023d5a78-e64c-43f3-a4d9-6f7884931d6c/DS-ba4d3214-2eca-4c53-96e2-3c88d4f4b29f/container.db, /home/runner/work/ozone/ozone/hadoop-ozone/integration-test/target/test-dir/MiniOzoneClusterImpl-023d5a78-e64c-43f3-a4d9-6f7884931d6c/ozone-metadata/datanode-6/data-0/hdds/023d5a78-e64c-43f3-a4d9-6f7884931d6c/DS-c5c95cee-9ff3-461a-9937-607d9784b933/container.db, /home/runner/work/ozone/ozone/hadoop-ozone/integration-test/target/test-dir/MiniOzoneClusterImpl-023d5a78-e64c-43f3-a4d9-6f7884931d6c/ozone-metadata/datanode-7/data-0/hdds/023d5a78-e64c-43f3-a4d9-6f7884931d6c/DS-7d6b5525-c31c-4cde-b529-f7d3e2c4ede0/container.db, /home/runner/work/ozone/ozone/hadoop-ozone/integration-test/target/test-dir/MiniOzoneClusterImpl-023d5a78-e64c-43f3-a4d9-6f7884931d6c/ozone-metadata/datanode-8/data-0/hdds/023d5a78-e64c-43f3-a4d9-6f7884931d6c/DS-28acb988-f0e1-4edb-963c-7151ad2f49d2/container.db, /home/runner/work/ozone/ozone/hadoop-ozone/integration-test/target/test-dir/MiniOzoneClusterImpl-023d5a78-e64c-43f3-a4d9-6f7884931d6c/ozone-metadata/datanode-9/data-0/hdds/023d5a78-e64c-43f3-a4d9-6f7884931d6c/DS-a111d4ad-79ac-4961-bf93-2799ac6eaee3/container.db]
2025-09-07 09:44:09,387 [ForkJoinPool-1-worker-1] INFO  utils.DatanodeStoreCache (DatanodeStoreCache.java:removeDB(104)) - Removed db /home/runner/work/ozone/ozone/hadoop-ozone/integration-test/target/test-dir/MiniOzoneClusterImpl-023d5a78-e64c-43f3-a4d9-6f7884931d6c/ozone-metadata/datanode-1/data-0/hdds/023d5a78-e64c-43f3-a4d9-6f7884931d6c/DS-5fbd3f51-2257-4844-a78a-38b1b6d3b151/container.db from cache
2025-09-07 09:44:09,387 [ForkJoinPool-1-worker-1] INFO  volume.HddsVolume (HddsVolume.java:closeDbStore(609)) - SchemaV3 db is stopped at /home/runner/work/ozone/ozone/hadoop-ozone/integration-test/target/test-dir/MiniOzoneClusterImpl-023d5a78-e64c-43f3-a4d9-6f7884931d6c/ozone-metadata/datanode-1/data-0/hdds/023d5a78-e64c-43f3-a4d9-6f7884931d6c/DS-5fbd3f51-2257-4844-a78a-38b1b6d3b151/container.db for volume DS-5fbd3f51-2257-4844-a78a-38b1b6d3b151
2025-09-07 09:44:09,387 [ForkJoinPool-1-worker-1] INFO  utils.BackgroundService (BackgroundService.java:shutdown(195)) - Shutting down service BlockDeletingService
2025-09-07 09:44:09,388 [ForkJoinPool-1-worker-1] INFO  utils.BackgroundService (BackgroundService.java:shutdown(195)) - Shutting down service StaleRecoveringContainerScrubbingService
2025-09-07 09:44:09,390 [ForkJoinPool-1-worker-1] INFO  statemachine.DatanodeStateMachine (DatanodeStateMachine.java:stopDaemon(637)) - Ozone container server stopped.
2025-09-07 09:44:09,404 [ForkJoinPool-1-worker-1] INFO  handler.ContextHandler (ContextHandler.java:doStop(1159)) - Stopped o.e.j.w.WebAppContext@4ea18d29{hddsDatanode,/,null,STOPPED}{jar:file:/home/runner/work/ozone/ozone/hadoop-hdds/container-service/target/hdds-container-service-2.1.0-SNAPSHOT.jar!/webapps/hddsDatanode}
2025-09-07 09:44:09,407 [ForkJoinPool-1-worker-1] INFO  server.AbstractConnector (AbstractConnector.java:doStop(383)) - Stopped ServerConnector@6c0c1075{HTTP/1.1, (http/1.1)}{0.0.0.0:15010}
2025-09-07 09:44:09,407 [ForkJoinPool-1-worker-1] INFO  server.session (HouseKeeper.java:stopScavenging(149)) - node0 Stopped scavenging
2025-09-07 09:44:09,407 [ForkJoinPool-1-worker-1] INFO  handler.ContextHandler (ContextHandler.java:doStop(1159)) - Stopped o.e.j.s.ServletContextHandler@531daaf7{static,/static,jar:file:/home/runner/work/ozone/ozone/hadoop-hdds/container-service/target/hdds-container-service-2.1.0-SNAPSHOT.jar!/webapps/static,STOPPED}
2025-09-07 09:44:09,407 [ForkJoinPool-1-worker-1] INFO  handler.ContextHandler (ContextHandler.java:doStop(1159)) - Stopped o.e.j.s.ServletContextHandler@2c8a858a{logs,/logs,file:///home/runner/work/ozone/ozone/hadoop-ozone/integration-test/target/log,STOPPED}
2025-09-07 09:44:09,409 [ForkJoinPool-1-worker-1] INFO  ozone.HddsDatanodeClientProtocolServer (HddsDatanodeClientProtocolServer.java:stop(82)) - Stopping the RPC server for Client Protocol
2025-09-07 09:44:09,409 [ForkJoinPool-1-worker-1] INFO  ipc.Server (Server.java:stop(3697)) - Stopping server on 15011
2025-09-07 09:44:09,411 [IPC Server listener on 15011] INFO  ipc.Server (Server.java:run(1585)) - Stopping IPC Server listener on 15011
2025-09-07 09:44:09,411 [IPC Server Responder] INFO  ipc.Server (Server.java:run(1718)) - Stopping IPC Server Responder
2025-09-07 09:44:09,413 [ForkJoinPool-1-worker-1] INFO  ozoneimpl.OzoneContainer (OzoneContainer.java:stop(549)) - Attempting to stop container services.
2025-09-07 09:44:09,413 [ContainerMetadataScanner] WARN  ozoneimpl.AbstractBackgroundContainerScanner (AbstractBackgroundContainerScanner.java:handleRemainingSleep(136)) - Background container scan was interrupted.
2025-09-07 09:44:09,413 [ContainerMetadataScanner] INFO  ozoneimpl.AbstractBackgroundContainerScanner (AbstractBackgroundContainerScanner.java:run(63)) - org.apache.hadoop.ozone.container.ozoneimpl.BackgroundContainerMetadataScanner@6782b9cc exiting.
2025-09-07 09:44:09,413 [ForkJoinPool-1-worker-1] INFO  ozoneimpl.BackgroundContainerDataScanner (BackgroundContainerDataScanner.java:shutdown(87)) - ContainerDataScanner(/home/runner/work/ozone/ozone/hadoop-ozone/integration-test/target/test-dir/MiniOzoneClusterImpl-023d5a78-e64c-43f3-a4d9-6f7884931d6c/ozone-metadata/datanode-2/data-0/hdds) is shutting down. 
2025-09-07 09:44:09,414 [ContainerDataScanner(/home/runner/work/ozone/ozone/hadoop-ozone/integration-test/target/test-dir/MiniOzoneClusterImpl-023d5a78-e64c-43f3-a4d9-6f7884931d6c/ozone-metadata/datanode-2/data-0/hdds)] WARN  ozoneimpl.AbstractBackgroundContainerScanner (AbstractBackgroundContainerScanner.java:handleRemainingSleep(136)) - Background container scan was interrupted.
2025-09-07 09:44:09,414 [ContainerDataScanner(/home/runner/work/ozone/ozone/hadoop-ozone/integration-test/target/test-dir/MiniOzoneClusterImpl-023d5a78-e64c-43f3-a4d9-6f7884931d6c/ozone-metadata/datanode-2/data-0/hdds)] INFO  ozoneimpl.AbstractBackgroundContainerScanner (AbstractBackgroundContainerScanner.java:run(63)) - ContainerDataScanner(/home/runner/work/ozone/ozone/hadoop-ozone/integration-test/target/test-dir/MiniOzoneClusterImpl-023d5a78-e64c-43f3-a4d9-6f7884931d6c/ozone-metadata/datanode-2/data-0/hdds, DS-bea88637-aed5-486c-a715-f30d7867fd4b) exiting.
2025-09-07 09:44:09,414 [ForkJoinPool-1-worker-1] INFO  ozoneimpl.OnDemandContainerScanner (OnDemandContainerScanner.java:shutdown(141)) - On-demand container scanner is shutting down.
2025-09-07 09:44:09,414 [ForkJoinPool-1-worker-1] INFO  ratis.XceiverServerRatis (XceiverServerRatis.java:stop(597)) - Closing XceiverServerRatis(8500c972-c6d1-4433-9d49-a8e3bb920002)
2025-09-07 09:44:09,414 [ForkJoinPool-1-worker-1] INFO  server.RaftServer (RaftServerProxy.java:lambda$close$9(422)) - 8500c972-c6d1-4433-9d49-a8e3bb920002: close
2025-09-07 09:44:09,415 [8500c972-c6d1-4433-9d49-a8e3bb920002-impl-thread1] INFO  server.RaftServer$Division (RaftServerImpl.java:lambda$close$1(527)) - 8500c972-c6d1-4433-9d49-a8e3bb920002@group-77DC33C8A8CA: shutdown
2025-09-07 09:44:09,415 [8500c972-c6d1-4433-9d49-a8e3bb920002-impl-thread2] INFO  server.RaftServer$Division (RaftServerImpl.java:lambda$close$1(527)) - 8500c972-c6d1-4433-9d49-a8e3bb920002@group-7B86A1802608: shutdown
2025-09-07 09:44:09,415 [8500c972-c6d1-4433-9d49-a8e3bb920002-impl-thread1] INFO  util.JmxRegister (JmxRegister.java:unregister(74)) - Successfully un-registered JMX Bean with object name Ratis:service=RaftServer,group=group-77DC33C8A8CA,id=8500c972-c6d1-4433-9d49-a8e3bb920002
2025-09-07 09:44:09,415 [8500c972-c6d1-4433-9d49-a8e3bb920002-impl-thread1] INFO  impl.RoleInfo (RoleInfo.java:shutdownFollowerState(121)) - 8500c972-c6d1-4433-9d49-a8e3bb920002: shutdown 8500c972-c6d1-4433-9d49-a8e3bb920002@group-77DC33C8A8CA-FollowerState
2025-09-07 09:44:09,415 [8500c972-c6d1-4433-9d49-a8e3bb920002-impl-thread1] INFO  impl.StateMachineUpdater (StateMachineUpdater.java:stopAndJoin(163)) - 8500c972-c6d1-4433-9d49-a8e3bb920002@group-77DC33C8A8CA-StateMachineUpdater: set stopIndex = 2
2025-09-07 09:44:09,415 [8500c972-c6d1-4433-9d49-a8e3bb920002@group-77DC33C8A8CA-FollowerState] INFO  impl.FollowerState (FollowerState.java:runImpl(170)) - 8500c972-c6d1-4433-9d49-a8e3bb920002@group-77DC33C8A8CA-FollowerState was interrupted
2025-09-07 09:44:09,415 [8500c972-c6d1-4433-9d49-a8e3bb920002-impl-thread3] INFO  server.RaftServer$Division (RaftServerImpl.java:lambda$close$1(527)) - 8500c972-c6d1-4433-9d49-a8e3bb920002@group-DDE89B3F2AFE: shutdown
2025-09-07 09:44:09,415 [8500c972-c6d1-4433-9d49-a8e3bb920002@group-77DC33C8A8CA-StateMachineUpdater] INFO  ratis.ContainerStateMachine (ContainerStateMachine.java:takeSnapshot(427)) - group-77DC33C8A8CA: Taking a snapshot at:(t:2, i:2) file /home/runner/work/ozone/ozone/hadoop-ozone/integration-test/target/test-dir/MiniOzoneClusterImpl-023d5a78-e64c-43f3-a4d9-6f7884931d6c/ozone-metadata/datanode-2/ratis/766115e5-0d59-4db5-b7b5-77dc33c8a8ca/sm/snapshot.2_2
2025-09-07 09:44:09,415 [ForkJoinPool-1-worker-1] INFO  server.GrpcServicesImpl (GrpcServicesImpl.java:closeImpl(355)) - 8500c972-c6d1-4433-9d49-a8e3bb920002: shutdown server org.apache.ratis.grpc.server.GrpcClientProtocolService now
2025-09-07 09:44:09,415 [8500c972-c6d1-4433-9d49-a8e3bb920002-impl-thread2] INFO  util.JmxRegister (JmxRegister.java:unregister(74)) - Successfully un-registered JMX Bean with object name Ratis:service=RaftServer,group=group-7B86A1802608,id=8500c972-c6d1-4433-9d49-a8e3bb920002
2025-09-07 09:44:09,416 [8500c972-c6d1-4433-9d49-a8e3bb920002-impl-thread2] INFO  impl.RoleInfo (RoleInfo.java:shutdownLeaderState(103)) - 8500c972-c6d1-4433-9d49-a8e3bb920002: shutdown 8500c972-c6d1-4433-9d49-a8e3bb920002@group-7B86A1802608-LeaderStateImpl
2025-09-07 09:44:09,416 [8500c972-c6d1-4433-9d49-a8e3bb920002-impl-thread2] INFO  impl.PendingRequests (PendingRequests.java:sendNotLeaderResponses(287)) - 8500c972-c6d1-4433-9d49-a8e3bb920002@group-7B86A1802608-PendingRequests: sendNotLeaderResponses
2025-09-07 09:44:09,416 [Thread-1072] INFO  server.GrpcServerProtocolClient (GrpcServerProtocolClient.java:close(105)) - ff2509eb-55dd-4ad3-b532-83d6209e1a92 Close channels
2025-09-07 09:44:09,415 [8500c972-c6d1-4433-9d49-a8e3bb920002-impl-thread3] INFO  util.JmxRegister (JmxRegister.java:unregister(74)) - Successfully un-registered JMX Bean with object name Ratis:service=RaftServer,group=group-DDE89B3F2AFE,id=8500c972-c6d1-4433-9d49-a8e3bb920002
2025-09-07 09:44:09,416 [Thread-1070] INFO  server.GrpcServerProtocolClient (GrpcServerProtocolClient.java:close(105)) - 95d41743-cdf0-4105-938b-93fe980aeffc Close channels
2025-09-07 09:44:09,417 [8500c972-c6d1-4433-9d49-a8e3bb920002-impl-thread3] INFO  impl.RoleInfo (RoleInfo.java:shutdownFollowerState(121)) - 8500c972-c6d1-4433-9d49-a8e3bb920002: shutdown 8500c972-c6d1-4433-9d49-a8e3bb920002@group-DDE89B3F2AFE-FollowerState
2025-09-07 09:44:09,417 [8500c972-c6d1-4433-9d49-a8e3bb920002-impl-thread3] INFO  impl.StateMachineUpdater (StateMachineUpdater.java:stopAndJoin(163)) - 8500c972-c6d1-4433-9d49-a8e3bb920002@group-DDE89B3F2AFE-StateMachineUpdater: set stopIndex = 3
2025-09-07 09:44:09,417 [8500c972-c6d1-4433-9d49-a8e3bb920002@group-DDE89B3F2AFE-StateMachineUpdater] INFO  ratis.ContainerStateMachine (ContainerStateMachine.java:takeSnapshot(427)) - group-DDE89B3F2AFE: Taking a snapshot at:(t:1, i:3) file /home/runner/work/ozone/ozone/hadoop-ozone/integration-test/target/test-dir/MiniOzoneClusterImpl-023d5a78-e64c-43f3-a4d9-6f7884931d6c/ozone-metadata/datanode-2/ratis/3adef986-442f-409a-a79f-dde89b3f2afe/sm/snapshot.1_3
2025-09-07 09:44:09,417 [8500c972-c6d1-4433-9d49-a8e3bb920002@group-DDE89B3F2AFE-FollowerState] INFO  impl.FollowerState (FollowerState.java:runImpl(170)) - 8500c972-c6d1-4433-9d49-a8e3bb920002@group-DDE89B3F2AFE-FollowerState was interrupted
2025-09-07 09:44:09,418 [ForkJoinPool-1-worker-1] INFO  server.GrpcServicesImpl (GrpcServicesImpl.java:closeImpl(364)) - 8500c972-c6d1-4433-9d49-a8e3bb920002: shutdown server org.apache.ratis.grpc.server.GrpcClientProtocolService successfully
2025-09-07 09:44:09,418 [ForkJoinPool-1-worker-1] INFO  server.GrpcServicesImpl (GrpcServicesImpl.java:closeImpl(355)) - 8500c972-c6d1-4433-9d49-a8e3bb920002: shutdown server GrpcServerProtocolService now
2025-09-07 09:44:09,418 [8500c972-c6d1-4433-9d49-a8e3bb920002@group-7B86A1802608-StateMachineUpdater] INFO  ratis.ContainerStateMachine (ContainerStateMachine.java:takeSnapshot(427)) - group-7B86A1802608: Taking a snapshot at:(t:1, i:0) file /home/runner/work/ozone/ozone/hadoop-ozone/integration-test/target/test-dir/MiniOzoneClusterImpl-023d5a78-e64c-43f3-a4d9-6f7884931d6c/ozone-metadata/datanode-2/ratis/964e2755-6250-4d78-b504-7b86a1802608/sm/snapshot.1_0
2025-09-07 09:44:09,419 [8500c972-c6d1-4433-9d49-a8e3bb920002@group-DDE89B3F2AFE-StateMachineUpdater] INFO  ratis.ContainerStateMachine (ContainerStateMachine.java:takeSnapshot(436)) - group-DDE89B3F2AFE: Finished taking a snapshot at:(t:1, i:3) file:/home/runner/work/ozone/ozone/hadoop-ozone/integration-test/target/test-dir/MiniOzoneClusterImpl-023d5a78-e64c-43f3-a4d9-6f7884931d6c/ozone-metadata/datanode-2/ratis/3adef986-442f-409a-a79f-dde89b3f2afe/sm/snapshot.1_3 took: 1 ms
2025-09-07 09:44:09,418 [8500c972-c6d1-4433-9d49-a8e3bb920002@group-77DC33C8A8CA-StateMachineUpdater] INFO  ratis.ContainerStateMachine (ContainerStateMachine.java:takeSnapshot(436)) - group-77DC33C8A8CA: Finished taking a snapshot at:(t:2, i:2) file:/home/runner/work/ozone/ozone/hadoop-ozone/integration-test/target/test-dir/MiniOzoneClusterImpl-023d5a78-e64c-43f3-a4d9-6f7884931d6c/ozone-metadata/datanode-2/ratis/766115e5-0d59-4db5-b7b5-77dc33c8a8ca/sm/snapshot.2_2 took: 3 ms
2025-09-07 09:44:09,419 [8500c972-c6d1-4433-9d49-a8e3bb920002@group-77DC33C8A8CA-StateMachineUpdater] INFO  impl.StateMachineUpdater (StateMachineUpdater.java:takeSnapshot(307)) - 8500c972-c6d1-4433-9d49-a8e3bb920002@group-77DC33C8A8CA-StateMachineUpdater: Took a snapshot at index 2
2025-09-07 09:44:09,419 [grpc-default-executor-1] WARN  server.GrpcServerProtocolService (LogUtils.java:warn(127)) - 8500c972-c6d1-4433-9d49-a8e3bb920002: APPEND_ENTRIES onError, lastRequest: 95d41743-cdf0-4105-938b-93fe980aeffc->8500c972-c6d1-4433-9d49-a8e3bb920002#2-t2,previous=(t:2, i:1),leaderCommit=1,initializing? false,entries: size=1, first=(t:2, i:2), METADATAENTRY(c:1): org.apache.ratis.thirdparty.io.grpc.StatusRuntimeException: CANCELLED: client cancelled
2025-09-07 09:44:09,418 [8500c972-c6d1-4433-9d49-a8e3bb920002-impl-thread2] INFO  impl.StateMachineUpdater (StateMachineUpdater.java:stopAndJoin(163)) - 8500c972-c6d1-4433-9d49-a8e3bb920002@group-7B86A1802608-StateMachineUpdater: set stopIndex = 0
2025-09-07 09:44:09,419 [8500c972-c6d1-4433-9d49-a8e3bb920002@group-7B86A1802608-StateMachineUpdater] INFO  ratis.ContainerStateMachine (ContainerStateMachine.java:takeSnapshot(436)) - group-7B86A1802608: Finished taking a snapshot at:(t:1, i:0) file:/home/runner/work/ozone/ozone/hadoop-ozone/integration-test/target/test-dir/MiniOzoneClusterImpl-023d5a78-e64c-43f3-a4d9-6f7884931d6c/ozone-metadata/datanode-2/ratis/964e2755-6250-4d78-b504-7b86a1802608/sm/snapshot.1_0 took: 1 ms
2025-09-07 09:44:09,420 [grpc-default-executor-6] WARN  server.GrpcServerProtocolService (LogUtils.java:warn(127)) - 8500c972-c6d1-4433-9d49-a8e3bb920002: APPEND_ENTRIES onError, lastRequest: null: org.apache.ratis.thirdparty.io.grpc.StatusRuntimeException: CANCELLED: client cancelled
2025-09-07 09:44:09,420 [8500c972-c6d1-4433-9d49-a8e3bb920002@group-7B86A1802608-StateMachineUpdater] INFO  impl.StateMachineUpdater (StateMachineUpdater.java:takeSnapshot(307)) - 8500c972-c6d1-4433-9d49-a8e3bb920002@group-7B86A1802608-StateMachineUpdater: Took a snapshot at index 0
2025-09-07 09:44:09,420 [8500c972-c6d1-4433-9d49-a8e3bb920002@group-77DC33C8A8CA-StateMachineUpdater] INFO  impl.StateMachineUpdater (StateMachineUpdater.java:lambda$new$0(101)) - 8500c972-c6d1-4433-9d49-a8e3bb920002@group-77DC33C8A8CA-StateMachineUpdater: snapshotIndex: updateIncreasingly -1 -> 2
2025-09-07 09:44:09,420 [8500c972-c6d1-4433-9d49-a8e3bb920002@group-7B86A1802608-StateMachineUpdater] INFO  impl.StateMachineUpdater (StateMachineUpdater.java:lambda$new$0(101)) - 8500c972-c6d1-4433-9d49-a8e3bb920002@group-7B86A1802608-StateMachineUpdater: snapshotIndex: updateIncreasingly -1 -> 0
2025-09-07 09:44:09,420 [grpc-default-executor-7] WARN  server.GrpcServerProtocolService (LogUtils.java:warn(127)) - 8500c972-c6d1-4433-9d49-a8e3bb920002: APPEND_ENTRIES onError, lastRequest: null: org.apache.ratis.thirdparty.io.grpc.StatusRuntimeException: CANCELLED: client cancelled
2025-09-07 09:44:09,420 [ForkJoinPool-1-worker-1] INFO  server.GrpcServicesImpl (GrpcServicesImpl.java:closeImpl(364)) - 8500c972-c6d1-4433-9d49-a8e3bb920002: shutdown server GrpcServerProtocolService successfully
2025-09-07 09:44:09,420 [ForkJoinPool-1-worker-1] INFO  server.GrpcServicesImpl (GrpcServicesImpl.java:closeImpl(355)) - 8500c972-c6d1-4433-9d49-a8e3bb920002: shutdown server org.apache.ratis.grpc.server.GrpcAdminProtocolService now
2025-09-07 09:44:09,420 [grpc-default-executor-2] WARN  server.GrpcServerProtocolService (LogUtils.java:warn(127)) - 8500c972-c6d1-4433-9d49-a8e3bb920002: APPEND_ENTRIES onError, lastRequest: 95d41743-cdf0-4105-938b-93fe980aeffc->8500c972-c6d1-4433-9d49-a8e3bb920002#8-t1,previous=(t:1, i:2),leaderCommit=2,initializing? false,entries: size=1, first=(t:1, i:3), METADATAENTRY(c:2): org.apache.ratis.thirdparty.io.grpc.StatusRuntimeException: CANCELLED: client cancelled
2025-09-07 09:44:09,420 [8500c972-c6d1-4433-9d49-a8e3bb920002@group-7B86A1802608-StateMachineUpdater] INFO  impl.StateMachineUpdater (StateMachineUpdater.java:stop(140)) - 8500c972-c6d1-4433-9d49-a8e3bb920002@group-7B86A1802608-StateMachineUpdater: closing ContainerStateMachine, lastApplied=(t:1, i:0)
2025-09-07 09:44:09,420 [8500c972-c6d1-4433-9d49-a8e3bb920002@group-77DC33C8A8CA-StateMachineUpdater] INFO  impl.StateMachineUpdater (StateMachineUpdater.java:stop(140)) - 8500c972-c6d1-4433-9d49-a8e3bb920002@group-77DC33C8A8CA-StateMachineUpdater: closing ContainerStateMachine, lastApplied=(t:2, i:2)
2025-09-07 09:44:09,421 [ForkJoinPool-1-worker-1] INFO  server.GrpcServicesImpl (GrpcServicesImpl.java:closeImpl(364)) - 8500c972-c6d1-4433-9d49-a8e3bb920002: shutdown server org.apache.ratis.grpc.server.GrpcAdminProtocolService successfully
2025-09-07 09:44:09,421 [grpc-default-executor-7] WARN  server.GrpcLogAppender (LogUtils.java:warn(127)) - 95d41743-cdf0-4105-938b-93fe980aeffc@group-DDE89B3F2AFE->8500c972-c6d1-4433-9d49-a8e3bb920002-AppendLogResponseHandler: Failed appendEntries: org.apache.ratis.thirdparty.io.grpc.StatusRuntimeException: CANCELLED: RST_STREAM closed stream. HTTP/2 error code: CANCEL
2025-09-07 09:44:09,421 [8500c972-c6d1-4433-9d49-a8e3bb920002@group-DDE89B3F2AFE-StateMachineUpdater] INFO  impl.StateMachineUpdater (StateMachineUpdater.java:takeSnapshot(307)) - 8500c972-c6d1-4433-9d49-a8e3bb920002@group-DDE89B3F2AFE-StateMachineUpdater: Took a snapshot at index 3
2025-09-07 09:44:09,421 [8500c972-c6d1-4433-9d49-a8e3bb920002@group-DDE89B3F2AFE-StateMachineUpdater] INFO  impl.StateMachineUpdater (StateMachineUpdater.java:lambda$new$0(101)) - 8500c972-c6d1-4433-9d49-a8e3bb920002@group-DDE89B3F2AFE-StateMachineUpdater: snapshotIndex: updateIncreasingly -1 -> 3
2025-09-07 09:44:09,421 [8500c972-c6d1-4433-9d49-a8e3bb920002@group-7B86A1802608-cacheEviction-AwaitToRun] INFO  util.AwaitToRun (AwaitToRun.java:run(49)) - 8500c972-c6d1-4433-9d49-a8e3bb920002@group-7B86A1802608-cacheEviction-AwaitToRun-AwaitForSignal is interrupted
2025-09-07 09:44:09,421 [8500c972-c6d1-4433-9d49-a8e3bb920002@group-DDE89B3F2AFE-StateMachineUpdater] INFO  impl.StateMachineUpdater (StateMachineUpdater.java:stop(140)) - 8500c972-c6d1-4433-9d49-a8e3bb920002@group-DDE89B3F2AFE-StateMachineUpdater: closing ContainerStateMachine, lastApplied=(t:1, i:3)
2025-09-07 09:44:09,420 [grpc-default-executor-5] WARN  server.GrpcLogAppender (LogUtils.java:warn(127)) - 95d41743-cdf0-4105-938b-93fe980aeffc@group-77DC33C8A8CA->8500c972-c6d1-4433-9d49-a8e3bb920002-AppendLogResponseHandler: Failed appendEntries: org.apache.ratis.thirdparty.io.grpc.StatusRuntimeException: CANCELLED: RST_STREAM closed stream. HTTP/2 error code: CANCEL
2025-09-07 09:44:09,421 [grpc-default-executor-5] WARN  server.GrpcLogAppender (GrpcLogAppender.java:lambda$resetClient$1(228)) - 95d41743-cdf0-4105-938b-93fe980aeffc@group-77DC33C8A8CA->8500c972-c6d1-4433-9d49-a8e3bb920002-GrpcLogAppender: Follower failed (request=null, errorCount=1); keep nextIndex (3) unchanged and retry.
2025-09-07 09:44:09,422 [8500c972-c6d1-4433-9d49-a8e3bb920002@group-77DC33C8A8CA-cacheEviction-AwaitToRun] INFO  util.AwaitToRun (AwaitToRun.java:run(49)) - 8500c972-c6d1-4433-9d49-a8e3bb920002@group-77DC33C8A8CA-cacheEviction-AwaitToRun-AwaitForSignal is interrupted
2025-09-07 09:44:09,421 [grpc-default-executor-7] WARN  server.GrpcLogAppender (GrpcLogAppender.java:lambda$resetClient$1(228)) - 95d41743-cdf0-4105-938b-93fe980aeffc@group-DDE89B3F2AFE->8500c972-c6d1-4433-9d49-a8e3bb920002-GrpcLogAppender: Follower failed (request=null, errorCount=1); keep nextIndex (4) unchanged and retry.
2025-09-07 09:44:09,421 [8500c972-c6d1-4433-9d49-a8e3bb920002@group-DDE89B3F2AFE-cacheEviction-AwaitToRun] INFO  util.AwaitToRun (AwaitToRun.java:run(49)) - 8500c972-c6d1-4433-9d49-a8e3bb920002@group-DDE89B3F2AFE-cacheEviction-AwaitToRun-AwaitForSignal is interrupted
2025-09-07 09:44:09,430 [8500c972-c6d1-4433-9d49-a8e3bb920002-impl-thread1] INFO  segmented.SegmentedRaftLogWorker (SegmentedRaftLogWorker.java:close(254)) - 8500c972-c6d1-4433-9d49-a8e3bb920002@group-77DC33C8A8CA-SegmentedRaftLogWorker close()
2025-09-07 09:44:09,430 [8500c972-c6d1-4433-9d49-a8e3bb920002-NettyServerStreamRpc-bossGroup--thread1] INFO  logging.LoggingHandler (AbstractInternalLogger.java:log(148)) - [id: 0x9386ff6f, L:/0.0.0.0:15024] CLOSE
2025-09-07 09:44:09,430 [8500c972-c6d1-4433-9d49-a8e3bb920002-impl-thread1] INFO  ratis.ContainerStateMachine (ContainerStateMachine.java:notifyServerShutdown(1038)) - group-77DC33C8A8CA is closed by HddsDatanodeService
2025-09-07 09:44:09,430 [8500c972-c6d1-4433-9d49-a8e3bb920002-NettyServerStreamRpc-bossGroup--thread1] INFO  logging.LoggingHandler (AbstractInternalLogger.java:log(148)) - [id: 0x9386ff6f, L:/0.0.0.0:15024] INACTIVE
2025-09-07 09:44:09,430 [8500c972-c6d1-4433-9d49-a8e3bb920002-NettyServerStreamRpc-bossGroup--thread1] INFO  logging.LoggingHandler (AbstractInternalLogger.java:log(148)) - [id: 0x9386ff6f, L:/0.0.0.0:15024] UNREGISTERED
2025-09-07 09:44:09,591 [8500c972-c6d1-4433-9d49-a8e3bb920002-impl-thread2] INFO  segmented.SegmentedRaftLogWorker (SegmentedRaftLogWorker.java:close(254)) - 8500c972-c6d1-4433-9d49-a8e3bb920002@group-7B86A1802608-SegmentedRaftLogWorker close()
2025-09-07 09:44:09,592 [8500c972-c6d1-4433-9d49-a8e3bb920002-impl-thread2] INFO  ratis.ContainerStateMachine (ContainerStateMachine.java:notifyServerShutdown(1038)) - group-7B86A1802608 is closed by HddsDatanodeService
2025-09-07 09:44:10,371 [8500c972-c6d1-4433-9d49-a8e3bb920002-impl-thread3] INFO  segmented.SegmentedRaftLogWorker (SegmentedRaftLogWorker.java:close(254)) - 8500c972-c6d1-4433-9d49-a8e3bb920002@group-DDE89B3F2AFE-SegmentedRaftLogWorker close()
2025-09-07 09:44:10,371 [8500c972-c6d1-4433-9d49-a8e3bb920002-impl-thread3] INFO  ratis.ContainerStateMachine (ContainerStateMachine.java:notifyServerShutdown(1038)) - group-DDE89B3F2AFE is closed by HddsDatanodeService
2025-09-07 09:44:10,371 [JvmPauseMonitor4] INFO  util.JvmPauseMonitor (JvmPauseMonitor.java:run(152)) - JvmPauseMonitor-8500c972-c6d1-4433-9d49-a8e3bb920002: Stopped
2025-09-07 09:44:11,029 [95d41743-cdf0-4105-938b-93fe980aeffc@group-77DC33C8A8CA-LeaderStateImpl] WARN  server.RaftServer$Division (LeaderStateImpl.java:checkLeadership(1121)) - 95d41743-cdf0-4105-938b-93fe980aeffc@group-77DC33C8A8CA-LeaderStateImpl: Lost leadership on term: 2. Election timeout: 1200ms. In charge for: 3631ms. Conf: conf: {index: 1, cur=peers:[95d41743-cdf0-4105-938b-93fe980aeffc|127.0.0.1:15031, 8500c972-c6d1-4433-9d49-a8e3bb920002|127.0.0.1:15023, ff2509eb-55dd-4ad3-b532-83d6209e1a92|127.0.0.1:15015]|listeners:[], old=null}
2025-09-07 09:44:11,029 [95d41743-cdf0-4105-938b-93fe980aeffc@group-77DC33C8A8CA-LeaderStateImpl] WARN  server.RaftServer$Division (LeaderStateImpl.java:lambda$checkLeadership$20(1125)) - Follower 95d41743-cdf0-4105-938b-93fe980aeffc@group-77DC33C8A8CA->8500c972-c6d1-4433-9d49-a8e3bb920002(c2,m2,n3, caughtUp=true, lastRpcSendTime=584, lastRpcResponseTime=2095)
2025-09-07 09:44:11,029 [95d41743-cdf0-4105-938b-93fe980aeffc@group-77DC33C8A8CA-LeaderStateImpl] WARN  server.RaftServer$Division (LeaderStateImpl.java:lambda$checkLeadership$20(1125)) - Follower 95d41743-cdf0-4105-938b-93fe980aeffc@group-77DC33C8A8CA->ff2509eb-55dd-4ad3-b532-83d6209e1a92(c-1,m-1,n3, caughtUp=true, lastRpcSendTime=395, lastRpcResponseTime=4830)
2025-09-07 09:44:11,030 [95d41743-cdf0-4105-938b-93fe980aeffc@group-77DC33C8A8CA-LeaderStateImpl] INFO  server.RaftServer$Division (RaftServerImpl.java:setRole(392)) - 95d41743-cdf0-4105-938b-93fe980aeffc@group-77DC33C8A8CA: changes role from    LEADER to FOLLOWER at term 2 for StepDownReason:LOST_MAJORITY_HEARTBEATS
2025-09-07 09:44:11,030 [95d41743-cdf0-4105-938b-93fe980aeffc@group-77DC33C8A8CA-LeaderStateImpl] INFO  impl.RoleInfo (RoleInfo.java:shutdownLeaderState(103)) - 95d41743-cdf0-4105-938b-93fe980aeffc: shutdown 95d41743-cdf0-4105-938b-93fe980aeffc@group-77DC33C8A8CA-LeaderStateImpl
2025-09-07 09:44:11,030 [95d41743-cdf0-4105-938b-93fe980aeffc@group-77DC33C8A8CA-LeaderStateImpl] INFO  impl.PendingRequests (PendingRequests.java:sendNotLeaderResponses(287)) - 95d41743-cdf0-4105-938b-93fe980aeffc@group-77DC33C8A8CA-PendingRequests: sendNotLeaderResponses
2025-09-07 09:44:11,030 [95d41743-cdf0-4105-938b-93fe980aeffc@group-77DC33C8A8CA->8500c972-c6d1-4433-9d49-a8e3bb920002-GrpcLogAppender-LogAppenderDaemon] WARN  server.GrpcLogAppender (GrpcLogAppender.java:mayWait(300)) - 95d41743-cdf0-4105-938b-93fe980aeffc@group-77DC33C8A8CA->8500c972-c6d1-4433-9d49-a8e3bb920002-GrpcLogAppender: Wait interrupted by java.lang.InterruptedException
2025-09-07 09:44:11,030 [95d41743-cdf0-4105-938b-93fe980aeffc@group-77DC33C8A8CA->ff2509eb-55dd-4ad3-b532-83d6209e1a92-GrpcLogAppender-LogAppenderDaemon] WARN  server.GrpcLogAppender (GrpcLogAppender.java:mayWait(300)) - 95d41743-cdf0-4105-938b-93fe980aeffc@group-77DC33C8A8CA->ff2509eb-55dd-4ad3-b532-83d6209e1a92-GrpcLogAppender: Wait interrupted by java.lang.InterruptedException
2025-09-07 09:44:11,032 [95d41743-cdf0-4105-938b-93fe980aeffc@group-77DC33C8A8CA-LeaderStateImpl] INFO  server.RaftServer$Division (ServerState.java:setLeader(272)) - 95d41743-cdf0-4105-938b-93fe980aeffc@group-77DC33C8A8CA: change Leader from 95d41743-cdf0-4105-938b-93fe980aeffc to null at term 2 for StepDownReason:LOST_MAJORITY_HEARTBEATS
2025-09-07 09:44:11,032 [95d41743-cdf0-4105-938b-93fe980aeffc@group-77DC33C8A8CA-LeaderStateImpl] INFO  impl.RoleInfo (RoleInfo.java:updateAndGet(148)) - 95d41743-cdf0-4105-938b-93fe980aeffc: start 95d41743-cdf0-4105-938b-93fe980aeffc@group-77DC33C8A8CA-FollowerState
2025-09-07 09:44:11,177 [95d41743-cdf0-4105-938b-93fe980aeffc@group-DDE89B3F2AFE-LeaderStateImpl] WARN  server.RaftServer$Division (LeaderStateImpl.java:checkLeadership(1121)) - 95d41743-cdf0-4105-938b-93fe980aeffc@group-DDE89B3F2AFE-LeaderStateImpl: Lost leadership on term: 1. Election timeout: 1200ms. In charge for: 6312ms. Conf: conf: {index: 0, cur=peers:[95d41743-cdf0-4105-938b-93fe980aeffc|127.0.0.1:15031, 8500c972-c6d1-4433-9d49-a8e3bb920002|127.0.0.1:15023, ff2509eb-55dd-4ad3-b532-83d6209e1a92|127.0.0.1:15015]|listeners:[], old=null}
2025-09-07 09:44:11,177 [95d41743-cdf0-4105-938b-93fe980aeffc@group-DDE89B3F2AFE-LeaderStateImpl] WARN  server.RaftServer$Division (LeaderStateImpl.java:lambda$checkLeadership$20(1125)) - Follower 95d41743-cdf0-4105-938b-93fe980aeffc@group-DDE89B3F2AFE->8500c972-c6d1-4433-9d49-a8e3bb920002(c3,m3,n4, caughtUp=true, lastRpcSendTime=280, lastRpcResponseTime=1790)
2025-09-07 09:44:11,177 [95d41743-cdf0-4105-938b-93fe980aeffc@group-DDE89B3F2AFE-LeaderStateImpl] WARN  server.RaftServer$Division (LeaderStateImpl.java:lambda$checkLeadership$20(1125)) - Follower 95d41743-cdf0-4105-938b-93fe980aeffc@group-DDE89B3F2AFE->ff2509eb-55dd-4ad3-b532-83d6209e1a92(c2,m3,n4, caughtUp=true, lastRpcSendTime=948, lastRpcResponseTime=4802)
2025-09-07 09:44:11,177 [95d41743-cdf0-4105-938b-93fe980aeffc@group-DDE89B3F2AFE-LeaderStateImpl] INFO  server.RaftServer$Division (RaftServerImpl.java:setRole(392)) - 95d41743-cdf0-4105-938b-93fe980aeffc@group-DDE89B3F2AFE: changes role from    LEADER to FOLLOWER at term 1 for StepDownReason:LOST_MAJORITY_HEARTBEATS
2025-09-07 09:44:11,178 [95d41743-cdf0-4105-938b-93fe980aeffc@group-DDE89B3F2AFE-LeaderStateImpl] INFO  impl.RoleInfo (RoleInfo.java:shutdownLeaderState(103)) - 95d41743-cdf0-4105-938b-93fe980aeffc: shutdown 95d41743-cdf0-4105-938b-93fe980aeffc@group-DDE89B3F2AFE-LeaderStateImpl
2025-09-07 09:44:11,178 [95d41743-cdf0-4105-938b-93fe980aeffc@group-DDE89B3F2AFE->ff2509eb-55dd-4ad3-b532-83d6209e1a92-GrpcLogAppender-LogAppenderDaemon] WARN  server.GrpcLogAppender (GrpcLogAppender.java:mayWait(300)) - 95d41743-cdf0-4105-938b-93fe980aeffc@group-DDE89B3F2AFE->ff2509eb-55dd-4ad3-b532-83d6209e1a92-GrpcLogAppender: Wait interrupted by java.lang.InterruptedException
2025-09-07 09:44:11,178 [95d41743-cdf0-4105-938b-93fe980aeffc@group-DDE89B3F2AFE-LeaderStateImpl] INFO  impl.PendingRequests (PendingRequests.java:sendNotLeaderResponses(287)) - 95d41743-cdf0-4105-938b-93fe980aeffc@group-DDE89B3F2AFE-PendingRequests: sendNotLeaderResponses
2025-09-07 09:44:11,178 [95d41743-cdf0-4105-938b-93fe980aeffc@group-DDE89B3F2AFE->8500c972-c6d1-4433-9d49-a8e3bb920002-GrpcLogAppender-LogAppenderDaemon] WARN  server.GrpcLogAppender (GrpcLogAppender.java:mayWait(300)) - 95d41743-cdf0-4105-938b-93fe980aeffc@group-DDE89B3F2AFE->8500c972-c6d1-4433-9d49-a8e3bb920002-GrpcLogAppender: Wait interrupted by java.lang.InterruptedException
2025-09-07 09:44:11,180 [95d41743-cdf0-4105-938b-93fe980aeffc@group-DDE89B3F2AFE-LeaderStateImpl] INFO  server.RaftServer$Division (ServerState.java:setLeader(272)) - 95d41743-cdf0-4105-938b-93fe980aeffc@group-DDE89B3F2AFE: change Leader from 95d41743-cdf0-4105-938b-93fe980aeffc to null at term 1 for StepDownReason:LOST_MAJORITY_HEARTBEATS
2025-09-07 09:44:11,180 [95d41743-cdf0-4105-938b-93fe980aeffc@group-DDE89B3F2AFE-LeaderStateImpl] INFO  impl.RoleInfo (RoleInfo.java:updateAndGet(148)) - 95d41743-cdf0-4105-938b-93fe980aeffc: start 95d41743-cdf0-4105-938b-93fe980aeffc@group-DDE89B3F2AFE-FollowerState
2025-09-07 09:44:11,571 [timer2] INFO  server.GrpcServerProtocolService (GrpcServerProtocolService.java:lambda$null$7(175)) - 95d41743-cdf0-4105-938b-93fe980aeffc: Completed APPEND_ENTRIES, lastReply: null  (Repeated 2 times in the last 5.123s)
2025-09-07 09:44:11,571 [timer3] INFO  server.GrpcServerProtocolService (GrpcServerProtocolService.java:lambda$null$7(175)) - 8500c972-c6d1-4433-9d49-a8e3bb920002: Completed APPEND_ENTRIES, lastReply: null  (Repeated 2 times in the last 5.127s)
2025-09-07 09:44:11,571 [timer4] INFO  server.GrpcServerProtocolService (GrpcServerProtocolService.java:lambda$onCompleted$6(171)) - 95d41743-cdf0-4105-938b-93fe980aeffc: Completed APPEND_ENTRIES, lastRequest: null  (Repeated 2 times in the last 5.133s)
2025-09-07 09:44:11,573 [timer5] INFO  server.GrpcServerProtocolService (GrpcServerProtocolService.java:lambda$onCompleted$6(171)) - 8500c972-c6d1-4433-9d49-a8e3bb920002: Completed APPEND_ENTRIES, lastRequest: null  (Repeated 2 times in the last 5.131s)
2025-09-07 09:44:11,601 [timer0] WARN  server.GrpcLogAppender (LogUtils.java:warn(127)) - 95d41743-cdf0-4105-938b-93fe980aeffc@group-DDE89B3F2AFE->ff2509eb-55dd-4ad3-b532-83d6209e1a92-AppendLogResponseHandler: Failed appendEntries (Repeated 16 times in the last 5.005s): org.apache.ratis.thirdparty.io.grpc.StatusRuntimeException: UNAVAILABLE: io exception
  Caused by: org.apache.ratis.thirdparty.io.netty.channel.AbstractChannel$AnnotatedConnectException: finishConnect(..) failed: Connection refused: /127.0.0.1:15015
  Caused by: java.net.ConnectException: finishConnect(..) failed: Connection refused
2025-09-07 09:44:11,604 [timer1] WARN  server.GrpcLogAppender (GrpcLogAppender.java:lambda$resetClient$1(228)) - 95d41743-cdf0-4105-938b-93fe980aeffc@group-DDE89B3F2AFE->ff2509eb-55dd-4ad3-b532-83d6209e1a92-GrpcLogAppender: Follower failed (request=null, errorCount=16); keep nextIndex (4) unchanged and retry. (Repeated 16 times in the last 5.002s)
2025-09-07 09:44:12,183 [95d41743-cdf0-4105-938b-93fe980aeffc@group-77DC33C8A8CA-FollowerState] INFO  impl.FollowerState (FollowerState.java:lostMajorityHeartbeatsRecently(113)) - 95d41743-cdf0-4105-938b-93fe980aeffc@group-77DC33C8A8CA-FollowerState: Skipping leader election since it stepped down recently (elapsed = 1151ms < waitTime = 10s)
2025-09-07 09:44:12,319 [95d41743-cdf0-4105-938b-93fe980aeffc@group-DDE89B3F2AFE-FollowerState] INFO  impl.FollowerState (FollowerState.java:lostMajorityHeartbeatsRecently(113)) - 95d41743-cdf0-4105-938b-93fe980aeffc@group-DDE89B3F2AFE-FollowerState: Skipping leader election since it stepped down recently (elapsed = 1139ms < waitTime = 10s)
2025-09-07 09:44:12,375 [ForkJoinPool-1-worker-1] INFO  utils.DatanodeStoreCache (DatanodeStoreCache.java:shutdownCache(110)) - Skip clearing cache in mini cluster mode. Entries left: [/home/runner/work/ozone/ozone/hadoop-ozone/integration-test/target/test-dir/MiniOzoneClusterImpl-023d5a78-e64c-43f3-a4d9-6f7884931d6c/ozone-metadata/datanode-10/data-0/hdds/023d5a78-e64c-43f3-a4d9-6f7884931d6c/DS-84c6fba7-595d-4177-8ffc-7588853120c4/container.db, /home/runner/work/ozone/ozone/hadoop-ozone/integration-test/target/test-dir/MiniOzoneClusterImpl-023d5a78-e64c-43f3-a4d9-6f7884931d6c/ozone-metadata/datanode-2/data-0/hdds/023d5a78-e64c-43f3-a4d9-6f7884931d6c/DS-bea88637-aed5-486c-a715-f30d7867fd4b/container.db, /home/runner/work/ozone/ozone/hadoop-ozone/integration-test/target/test-dir/MiniOzoneClusterImpl-023d5a78-e64c-43f3-a4d9-6f7884931d6c/ozone-metadata/datanode-3/data-0/hdds/023d5a78-e64c-43f3-a4d9-6f7884931d6c/DS-8f593202-9c4b-47bd-8b22-f98b2017cb5e/container.db, /home/runner/work/ozone/ozone/hadoop-ozone/integration-test/target/test-dir/MiniOzoneClusterImpl-023d5a78-e64c-43f3-a4d9-6f7884931d6c/ozone-metadata/datanode-4/data-0/hdds/023d5a78-e64c-43f3-a4d9-6f7884931d6c/DS-670d5789-61e1-408c-a8be-006216e53fc7/container.db, /home/runner/work/ozone/ozone/hadoop-ozone/integration-test/target/test-dir/MiniOzoneClusterImpl-023d5a78-e64c-43f3-a4d9-6f7884931d6c/ozone-metadata/datanode-5/data-0/hdds/023d5a78-e64c-43f3-a4d9-6f7884931d6c/DS-ba4d3214-2eca-4c53-96e2-3c88d4f4b29f/container.db, /home/runner/work/ozone/ozone/hadoop-ozone/integration-test/target/test-dir/MiniOzoneClusterImpl-023d5a78-e64c-43f3-a4d9-6f7884931d6c/ozone-metadata/datanode-6/data-0/hdds/023d5a78-e64c-43f3-a4d9-6f7884931d6c/DS-c5c95cee-9ff3-461a-9937-607d9784b933/container.db, /home/runner/work/ozone/ozone/hadoop-ozone/integration-test/target/test-dir/MiniOzoneClusterImpl-023d5a78-e64c-43f3-a4d9-6f7884931d6c/ozone-metadata/datanode-7/data-0/hdds/023d5a78-e64c-43f3-a4d9-6f7884931d6c/DS-7d6b5525-c31c-4cde-b529-f7d3e2c4ede0/container.db, /home/runner/work/ozone/ozone/hadoop-ozone/integration-test/target/test-dir/MiniOzoneClusterImpl-023d5a78-e64c-43f3-a4d9-6f7884931d6c/ozone-metadata/datanode-8/data-0/hdds/023d5a78-e64c-43f3-a4d9-6f7884931d6c/DS-28acb988-f0e1-4edb-963c-7151ad2f49d2/container.db, /home/runner/work/ozone/ozone/hadoop-ozone/integration-test/target/test-dir/MiniOzoneClusterImpl-023d5a78-e64c-43f3-a4d9-6f7884931d6c/ozone-metadata/datanode-9/data-0/hdds/023d5a78-e64c-43f3-a4d9-6f7884931d6c/DS-a111d4ad-79ac-4961-bf93-2799ac6eaee3/container.db]
2025-09-07 09:44:12,376 [ForkJoinPool-1-worker-1] INFO  utils.DatanodeStoreCache (DatanodeStoreCache.java:removeDB(104)) - Removed db /home/runner/work/ozone/ozone/hadoop-ozone/integration-test/target/test-dir/MiniOzoneClusterImpl-023d5a78-e64c-43f3-a4d9-6f7884931d6c/ozone-metadata/datanode-2/data-0/hdds/023d5a78-e64c-43f3-a4d9-6f7884931d6c/DS-bea88637-aed5-486c-a715-f30d7867fd4b/container.db from cache
2025-09-07 09:44:12,377 [ForkJoinPool-1-worker-1] INFO  volume.HddsVolume (HddsVolume.java:closeDbStore(609)) - SchemaV3 db is stopped at /home/runner/work/ozone/ozone/hadoop-ozone/integration-test/target/test-dir/MiniOzoneClusterImpl-023d5a78-e64c-43f3-a4d9-6f7884931d6c/ozone-metadata/datanode-2/data-0/hdds/023d5a78-e64c-43f3-a4d9-6f7884931d6c/DS-bea88637-aed5-486c-a715-f30d7867fd4b/container.db for volume DS-bea88637-aed5-486c-a715-f30d7867fd4b
2025-09-07 09:44:12,377 [ForkJoinPool-1-worker-1] INFO  utils.BackgroundService (BackgroundService.java:shutdown(195)) - Shutting down service BlockDeletingService
2025-09-07 09:44:12,377 [ForkJoinPool-1-worker-1] INFO  utils.BackgroundService (BackgroundService.java:shutdown(195)) - Shutting down service StaleRecoveringContainerScrubbingService
2025-09-07 09:44:12,379 [ForkJoinPool-1-worker-1] INFO  statemachine.DatanodeStateMachine (DatanodeStateMachine.java:stopDaemon(637)) - Ozone container server stopped.
2025-09-07 09:44:12,392 [ForkJoinPool-1-worker-1] INFO  handler.ContextHandler (ContextHandler.java:doStop(1159)) - Stopped o.e.j.w.WebAppContext@3c6cb358{hddsDatanode,/,null,STOPPED}{jar:file:/home/runner/work/ozone/ozone/hadoop-hdds/container-service/target/hdds-container-service-2.1.0-SNAPSHOT.jar!/webapps/hddsDatanode}
2025-09-07 09:44:12,393 [ForkJoinPool-1-worker-1] INFO  server.AbstractConnector (AbstractConnector.java:doStop(383)) - Stopped ServerConnector@580047c2{HTTP/1.1, (http/1.1)}{0.0.0.0:15018}
2025-09-07 09:44:12,393 [ForkJoinPool-1-worker-1] INFO  server.session (HouseKeeper.java:stopScavenging(149)) - node0 Stopped scavenging
2025-09-07 09:44:12,393 [ForkJoinPool-1-worker-1] INFO  handler.ContextHandler (ContextHandler.java:doStop(1159)) - Stopped o.e.j.s.ServletContextHandler@668398{static,/static,jar:file:/home/runner/work/ozone/ozone/hadoop-hdds/container-service/target/hdds-container-service-2.1.0-SNAPSHOT.jar!/webapps/static,STOPPED}
2025-09-07 09:44:12,394 [ForkJoinPool-1-worker-1] INFO  handler.ContextHandler (ContextHandler.java:doStop(1159)) - Stopped o.e.j.s.ServletContextHandler@5929e65f{logs,/logs,file:///home/runner/work/ozone/ozone/hadoop-ozone/integration-test/target/log,STOPPED}
2025-09-07 09:44:12,394 [ForkJoinPool-1-worker-1] INFO  ozone.HddsDatanodeClientProtocolServer (HddsDatanodeClientProtocolServer.java:stop(82)) - Stopping the RPC server for Client Protocol
2025-09-07 09:44:12,394 [ForkJoinPool-1-worker-1] INFO  ipc.Server (Server.java:stop(3697)) - Stopping server on 15019
2025-09-07 09:44:12,396 [IPC Server listener on 15019] INFO  ipc.Server (Server.java:run(1585)) - Stopping IPC Server listener on 15019
2025-09-07 09:44:12,396 [IPC Server Responder] INFO  ipc.Server (Server.java:run(1718)) - Stopping IPC Server Responder
2025-09-07 09:44:12,405 [timer1] WARN  server.GrpcLogAppender (LogUtils.java:warn(127)) - 95d41743-cdf0-4105-938b-93fe980aeffc@group-77DC33C8A8CA->ff2509eb-55dd-4ad3-b532-83d6209e1a92-AppendLogResponseHandler: Failed appendEntries (Repeated 16 times in the last 5.000s): org.apache.ratis.thirdparty.io.grpc.StatusRuntimeException: UNAVAILABLE: io exception
  Caused by: org.apache.ratis.thirdparty.io.netty.channel.AbstractChannel$AnnotatedConnectException: finishConnect(..) failed: Connection refused: /127.0.0.1:15015
  Caused by: java.net.ConnectException: finishConnect(..) failed: Connection refused
2025-09-07 09:44:12,406 [timer3] WARN  server.GrpcLogAppender (GrpcLogAppender.java:lambda$resetClient$1(228)) - 95d41743-cdf0-4105-938b-93fe980aeffc@group-77DC33C8A8CA->ff2509eb-55dd-4ad3-b532-83d6209e1a92-GrpcLogAppender: Follower failed (request=null, errorCount=2); keep nextIndex (1) unchanged and retry. (Repeated 2 times in the last 5.000s)
2025-09-07 09:44:12,408 [timer6] WARN  server.GrpcLogAppender (GrpcLogAppender.java:lambda$resetClient$1(228)) - 95d41743-cdf0-4105-938b-93fe980aeffc@group-77DC33C8A8CA->ff2509eb-55dd-4ad3-b532-83d6209e1a92-GrpcLogAppender: Follower failed (request=null, errorCount=4); keep nextIndex (2) unchanged and retry. (Repeated 2 times in the last 5.000s)
2025-09-07 09:44:12,426 [timer1] WARN  server.GrpcLogAppender (GrpcLogAppender.java:lambda$resetClient$1(228)) - 95d41743-cdf0-4105-938b-93fe980aeffc@group-77DC33C8A8CA->ff2509eb-55dd-4ad3-b532-83d6209e1a92-GrpcLogAppender: Follower failed (request=null, errorCount=16); keep nextIndex (3) unchanged and retry. (Repeated 12 times in the last 5.001s)
2025-09-07 09:44:12,433 [ForkJoinPool-1-worker-1] ERROR impl.OrderedAsync (OrderedAsync.java:lambda$null$6(215)) -  client-68C397D77D12: Failed* RaftClientRequest:client-68C397D77D12->95d41743-cdf0-4105-938b-93fe980aeffc@group-DDE89B3F2AFE, cid=22, seq=4, RW, cmdType: WriteChunk
traceID: ""
containerID: 1
datanodeUuid: "ff2509eb-55dd-4ad3-b532-83d6209e1a92"
writeChunk {
  blockID {
    containerID: 1
    localID: 115816896921600001
    blockCommitSequenceId: 2
    replicaIndex: 0
  }
  chunkData {
    chunkName: "115816896921600001_chunk_2"
    offset: 1048576
    len: 1048576
    checksumData {
      type: CRC32
      bytesPerChecksum: 16384
      checksums: "\326\360U\321"
      checksums: "\326\360U\321"
      checksums: "\326\360U\321"
      checksums: "\326\360U\321"
      checksums: "\326\360U\321"
      checksums: "\326\360U\321"
      checksums: "\326\360U\321"
      checksums: "\326\360U\321"
      checksums: "\326\360U\321"
      checksums: "\326\360U\321"
      checksums: "\326\360U\321"
      checksums: "\326\360U\321"
      checksums: "\326\360U\321"
      checksums: "\326\360U\321"
      checksums: "\326\360U\321"
      checksums: "\326\360U\321"
      checksums: "\326\360U\321"
      checksums: "\326\360U\321"
      checksums: "\326\360U\321"
      checksums: "\326\360U\321"
      checksums: "\326\360U\321"
      checksums: "\326\360U\321"
      checksums: "\326\360U\321"
      checksums: "\326\360U\321"
      checksums: "\326\360U\321"
      checksums: "\326\360U\321"
      checksums: "\326\360U\321"
      checksums: "\326\360U\321"
      checksums: "\326\360U\321"
      checksums: "\326\360U\321"
      checksums: "\326\360U\321"
      checksums: "\326\360U\321"
      checksums: "\326\360U\321"
      checksums: "\326\360U\321"
      checksums: "\326\360U\321"
      checksums: "\326\360U\321"
      checksums: "\326\360U\321"
      checksums: "\326\360U\321"
      checksums: "\326\360U\321"
      checksums: "\326\360U\321"
      checksums: "\326\360U\321"
      checksums: "\326\360U\321"
      checksums: "\326\360U\321"
      checksums: "\326\360U\321"
      checksums: "\326\360U\321"
      checksums: "\326\360U\321"
      checksums: "\326\360U\321"
      checksums: "\326\360U\321"
      checksums: "\326\360U\321"
      checksums: "\326\360U\321"
      checksums: "\326\360U\321"
      checksums: "\326\360U\321"
      checksums: "\326\360U\321"
      checksums: "\326\360U\321"
      checksums: "\326\360U\321"
      checksums: "\326\360U\321"
      checksums: "\326\360U\321"
      checksums: "\326\360U\321"
      checksums: "\326\360U\321"
      checksums: "\326\360U\321"
      checksums: "\326\360U\321"
      checksums: "\326\360U\321"
      checksums: "\326\360U\321"
      checksums: "a\003G\263"
    }
  }
}
version: 3
, data.size=1048576
java.util.concurrent.CompletionException: org.apache.ratis.protocol.exceptions.AlreadyClosedException: client-68C397D77D12->95d41743-cdf0-4105-938b-93fe980aeffc is closed.
	at java.base/java.util.concurrent.CompletableFuture.encodeThrowable(CompletableFuture.java:332)
	at java.base/java.util.concurrent.CompletableFuture.uniAcceptNow(CompletableFuture.java:747)
	at java.base/java.util.concurrent.CompletableFuture.uniAcceptStage(CompletableFuture.java:735)
	at java.base/java.util.concurrent.CompletableFuture.thenAccept(CompletableFuture.java:2214)
	at org.apache.ratis.client.impl.OrderedAsync.sendRequestWithRetry(OrderedAsync.java:206)
	at org.apache.ratis.util.SlidingWindow$Client.sendOrDelayRequest(SlidingWindow.java:306)
	at org.apache.ratis.util.SlidingWindow$Client.submitNewRequest(SlidingWindow.java:294)
	at org.apache.ratis.client.impl.OrderedAsync.send(OrderedAsync.java:173)
	at org.apache.ratis.client.impl.AsyncImpl.send(AsyncImpl.java:41)
	at org.apache.ratis.client.impl.AsyncImpl.send(AsyncImpl.java:46)
	at org.apache.ratis.client.api.AsyncApi.send(AsyncApi.java:46)
	at org.apache.hadoop.hdds.scm.XceiverClientRatis.lambda$sendRequestAsync$3(XceiverClientRatis.java:270)
	at org.apache.hadoop.hdds.tracing.TracingUtil.executeInSpan(TracingUtil.java:167)
	at org.apache.hadoop.hdds.tracing.TracingUtil.executeInNewSpan(TracingUtil.java:157)
	at org.apache.hadoop.hdds.scm.XceiverClientRatis.sendRequestAsync(XceiverClientRatis.java:255)
	at org.apache.hadoop.hdds.scm.XceiverClientRatis.sendCommandAsync(XceiverClientRatis.java:368)
	at org.apache.hadoop.hdds.scm.storage.ContainerProtocolCalls.writeChunkAsync(ContainerProtocolCalls.java:476)
	at org.apache.hadoop.hdds.scm.storage.BlockOutputStream.writeChunkToContainer(BlockOutputStream.java:965)
	at org.apache.hadoop.hdds.scm.storage.BlockOutputStream.writeChunk(BlockOutputStream.java:663)
	at org.apache.hadoop.hdds.scm.storage.BlockOutputStream.writeChunkIfNeeded(BlockOutputStream.java:363)
	at org.apache.hadoop.hdds.scm.storage.BlockOutputStream.write(BlockOutputStream.java:389)
	at org.apache.hadoop.ozone.client.io.BlockOutputStreamEntry.write(BlockOutputStreamEntry.java:183)
	at org.apache.hadoop.ozone.client.io.KeyOutputStream.writeToOutputStream(KeyOutputStream.java:298)
	at org.apache.hadoop.ozone.client.io.KeyOutputStream.handleWrite(KeyOutputStream.java:274)
	at org.apache.hadoop.ozone.client.io.KeyOutputStream.lambda$write$1(KeyOutputStream.java:240)
	at org.apache.hadoop.ozone.client.io.KeyOutputStream.doInWriteLock(KeyOutputStream.java:251)
	at org.apache.hadoop.ozone.client.io.KeyOutputStream.write(KeyOutputStream.java:239)
	at org.apache.hadoop.ozone.client.io.OzoneOutputStream.write(OzoneOutputStream.java:93)
	at java.base/java.io.OutputStream.write(OutputStream.java:124)
	at org.apache.hadoop.ozone.client.rpc.TestFailureHandlingByClient.testPipelineExclusionWithPipelineFailure(TestFailureHandlingByClient.java:530)
	at java.base/jdk.internal.reflect.DirectMethodHandleAccessor.invoke(DirectMethodHandleAccessor.java:103)
	at java.base/java.lang.reflect.Method.invoke(Method.java:580)
	at org.junit.platform.commons.util.ReflectionUtils.invokeMethod(ReflectionUtils.java:787)
	at org.junit.platform.commons.support.ReflectionSupport.invokeMethod(ReflectionSupport.java:478)
	at org.junit.jupiter.engine.execution.MethodInvocation.proceed(MethodInvocation.java:60)
	at org.junit.jupiter.engine.execution.InvocationInterceptorChain$ValidatingInvocation.proceed(InvocationInterceptorChain.java:131)
	at org.junit.jupiter.engine.extension.SameThreadTimeoutInvocation.proceed(SameThreadTimeoutInvocation.java:49)
	at org.junit.jupiter.engine.extension.TimeoutExtension.intercept(TimeoutExtension.java:161)
	at org.junit.jupiter.engine.extension.TimeoutExtension.interceptTestableMethod(TimeoutExtension.java:152)
	at org.junit.jupiter.engine.extension.TimeoutExtension.interceptTestMethod(TimeoutExtension.java:91)
	at org.junit.jupiter.engine.execution.InterceptingExecutableInvoker$ReflectiveInterceptorCall.lambda$ofVoidMethod$0(InterceptingExecutableInvoker.java:112)
	at org.junit.jupiter.engine.execution.InterceptingExecutableInvoker.lambda$invoke$0(InterceptingExecutableInvoker.java:94)
	at org.junit.jupiter.engine.execution.InvocationInterceptorChain$InterceptedInvocation.proceed(InvocationInterceptorChain.java:106)
	at org.junit.jupiter.engine.execution.InvocationInterceptorChain.proceed(InvocationInterceptorChain.java:64)
	at org.junit.jupiter.engine.execution.InvocationInterceptorChain.chainAndInvoke(InvocationInterceptorChain.java:45)
	at org.junit.jupiter.engine.execution.InvocationInterceptorChain.invoke(InvocationInterceptorChain.java:37)
	at org.junit.jupiter.engine.execution.InterceptingExecutableInvoker.invoke(InterceptingExecutableInvoker.java:93)
	at org.junit.jupiter.engine.execution.InterceptingExecutableInvoker.invoke(InterceptingExecutableInvoker.java:87)
	at org.junit.jupiter.engine.descriptor.TestMethodTestDescriptor.lambda$invokeTestMethod$4(TestMethodTestDescriptor.java:221)
	at org.junit.platform.engine.support.hierarchical.ThrowableCollector.execute(ThrowableCollector.java:73)
	at org.junit.jupiter.engine.descriptor.TestMethodTestDescriptor.invokeTestMethod(TestMethodTestDescriptor.java:217)
	at org.junit.jupiter.engine.descriptor.TestMethodTestDescriptor.execute(TestMethodTestDescriptor.java:159)
	at org.junit.jupiter.engine.descriptor.TestMethodTestDescriptor.execute(TestMethodTestDescriptor.java:70)
	at org.junit.platform.engine.support.hierarchical.NodeTestTask.lambda$executeRecursively$6(NodeTestTask.java:157)
	at org.junit.platform.engine.support.hierarchical.ThrowableCollector.execute(ThrowableCollector.java:73)
	at org.junit.platform.engine.support.hierarchical.NodeTestTask.lambda$executeRecursively$8(NodeTestTask.java:147)
	at org.junit.platform.engine.support.hierarchical.Node.around(Node.java:137)
	at org.junit.platform.engine.support.hierarchical.NodeTestTask.lambda$executeRecursively$9(NodeTestTask.java:145)
	at org.junit.platform.engine.support.hierarchical.ThrowableCollector.execute(ThrowableCollector.java:73)
	at org.junit.platform.engine.support.hierarchical.NodeTestTask.executeRecursively(NodeTestTask.java:144)
	at org.junit.platform.engine.support.hierarchical.NodeTestTask.execute(NodeTestTask.java:101)
	at org.junit.platform.engine.support.hierarchical.ForkJoinPoolHierarchicalTestExecutorService$ExclusiveTask.exec(ForkJoinPoolHierarchicalTestExecutorService.java:274)
	at org.junit.platform.engine.support.hierarchical.ForkJoinPoolHierarchicalTestExecutorService$ExclusiveTask.execSync(ForkJoinPoolHierarchicalTestExecutorService.java:247)
	at org.junit.platform.engine.support.hierarchical.ForkJoinPoolHierarchicalTestExecutorService.executeSync(ForkJoinPoolHierarchicalTestExecutorService.java:194)
	at org.junit.platform.engine.support.hierarchical.ForkJoinPoolHierarchicalTestExecutorService.invokeAll(ForkJoinPoolHierarchicalTestExecutorService.java:166)
	at org.junit.platform.engine.support.hierarchical.NodeTestTask.lambda$executeRecursively$6(NodeTestTask.java:161)
	at org.junit.platform.engine.support.hierarchical.ThrowableCollector.execute(ThrowableCollector.java:73)
	at org.junit.platform.engine.support.hierarchical.NodeTestTask.lambda$executeRecursively$8(NodeTestTask.java:147)
	at org.junit.platform.engine.support.hierarchical.Node.around(Node.java:137)
	at org.junit.platform.engine.support.hierarchical.NodeTestTask.lambda$executeRecursively$9(NodeTestTask.java:145)
	at org.junit.platform.engine.support.hierarchical.ThrowableCollector.execute(ThrowableCollector.java:73)
	at org.junit.platform.engine.support.hierarchical.NodeTestTask.executeRecursively(NodeTestTask.java:144)
	at org.junit.platform.engine.support.hierarchical.NodeTestTask.execute(NodeTestTask.java:101)
	at org.junit.platform.engine.support.hierarchical.ForkJoinPoolHierarchicalTestExecutorService$ExclusiveTask.exec(ForkJoinPoolHierarchicalTestExecutorService.java:274)
	at org.junit.platform.engine.support.hierarchical.ForkJoinPoolHierarchicalTestExecutorService$ExclusiveTask.execSync(ForkJoinPoolHierarchicalTestExecutorService.java:247)
	at org.junit.platform.engine.support.hierarchical.ForkJoinPoolHierarchicalTestExecutorService.invokeAll(ForkJoinPoolHierarchicalTestExecutorService.java:159)
	at org.junit.platform.engine.support.hierarchical.NodeTestTask.lambda$executeRecursively$6(NodeTestTask.java:161)
	at org.junit.platform.engine.support.hierarchical.ThrowableCollector.execute(ThrowableCollector.java:73)
	at org.junit.platform.engine.support.hierarchical.NodeTestTask.lambda$executeRecursively$8(NodeTestTask.java:147)
	at org.junit.platform.engine.support.hierarchical.Node.around(Node.java:137)
	at org.junit.platform.engine.support.hierarchical.NodeTestTask.lambda$executeRecursively$9(NodeTestTask.java:145)
	at org.junit.platform.engine.support.hierarchical.ThrowableCollector.execute(ThrowableCollector.java:73)
	at org.junit.platform.engine.support.hierarchical.NodeTestTask.executeRecursively(NodeTestTask.java:144)
	at org.junit.platform.engine.support.hierarchical.NodeTestTask.execute(NodeTestTask.java:101)
	at org.junit.platform.engine.support.hierarchical.ForkJoinPoolHierarchicalTestExecutorService$ExclusiveTask.exec(ForkJoinPoolHierarchicalTestExecutorService.java:274)
	at java.base/java.util.concurrent.ForkJoinTask.doExec(ForkJoinTask.java:387)
	at java.base/java.util.concurrent.ForkJoinPool$WorkQueue.topLevelExec(ForkJoinPool.java:1312)
	at java.base/java.util.concurrent.ForkJoinPool.scan(ForkJoinPool.java:1843)
	at java.base/java.util.concurrent.ForkJoinPool.runWorker(ForkJoinPool.java:1808)
	at java.base/java.util.concurrent.ForkJoinWorkerThread.run(ForkJoinWorkerThread.java:188)
Caused by: org.apache.ratis.protocol.exceptions.AlreadyClosedException: client-68C397D77D12->95d41743-cdf0-4105-938b-93fe980aeffc is closed.
	at org.apache.ratis.grpc.client.GrpcClientProtocolClient$AsyncStreamObservers.onNext(GrpcClientProtocolClient.java:352)
	at org.apache.ratis.grpc.client.GrpcClientRpc.sendRequestAsync(GrpcClientRpc.java:71)
	... 86 more
2025-09-07 09:44:13,187 [95d41743-cdf0-4105-938b-93fe980aeffc@group-77DC33C8A8CA-FollowerState] INFO  impl.FollowerState (FollowerState.java:lostMajorityHeartbeatsRecently(113)) - 95d41743-cdf0-4105-938b-93fe980aeffc@group-77DC33C8A8CA-FollowerState: Skipping leader election since it stepped down recently (elapsed = 2154ms < waitTime = 10s)
2025-09-07 09:44:13,432 [95d41743-cdf0-4105-938b-93fe980aeffc@group-DDE89B3F2AFE-FollowerState] INFO  impl.FollowerState (FollowerState.java:lostMajorityHeartbeatsRecently(113)) - 95d41743-cdf0-4105-938b-93fe980aeffc@group-DDE89B3F2AFE-FollowerState: Skipping leader election since it stepped down recently (elapsed = 2252ms < waitTime = 10s)
2025-09-07 09:44:14,355 [95d41743-cdf0-4105-938b-93fe980aeffc@group-77DC33C8A8CA-FollowerState] INFO  impl.FollowerState (FollowerState.java:lostMajorityHeartbeatsRecently(113)) - 95d41743-cdf0-4105-938b-93fe980aeffc@group-77DC33C8A8CA-FollowerState: Skipping leader election since it stepped down recently (elapsed = 3323ms < waitTime = 10s)
2025-09-07 09:44:14,421 [timer1] WARN  server.GrpcLogAppender (LogUtils.java:warn(127)) - 95d41743-cdf0-4105-938b-93fe980aeffc@group-77DC33C8A8CA->8500c972-c6d1-4433-9d49-a8e3bb920002-AppendLogResponseHandler: Failed appendEntries (Repeated 12 times in the last 5.001s): org.apache.ratis.thirdparty.io.grpc.StatusRuntimeException: UNAVAILABLE: io exception
  Caused by: org.apache.ratis.thirdparty.io.netty.channel.AbstractChannel$AnnotatedConnectException: finishConnect(..) failed: Connection refused: /127.0.0.1:15023
  Caused by: java.net.ConnectException: finishConnect(..) failed: Connection refused
2025-09-07 09:44:14,422 [timer2] WARN  server.GrpcLogAppender (GrpcLogAppender.java:lambda$resetClient$1(228)) - 95d41743-cdf0-4105-938b-93fe980aeffc@group-77DC33C8A8CA->8500c972-c6d1-4433-9d49-a8e3bb920002-GrpcLogAppender: Follower failed (request=null, errorCount=12); keep nextIndex (3) unchanged and retry. (Repeated 12 times in the last 5.000s)
2025-09-07 09:44:14,421 [timer0] WARN  server.GrpcLogAppender (LogUtils.java:warn(127)) - 95d41743-cdf0-4105-938b-93fe980aeffc@group-DDE89B3F2AFE->8500c972-c6d1-4433-9d49-a8e3bb920002-AppendLogResponseHandler: Failed appendEntries (Repeated 12 times in the last 5.001s): org.apache.ratis.thirdparty.io.grpc.StatusRuntimeException: UNAVAILABLE: io exception
  Caused by: org.apache.ratis.thirdparty.io.netty.channel.AbstractChannel$AnnotatedConnectException: finishConnect(..) failed: Connection refused: /127.0.0.1:15023
  Caused by: java.net.ConnectException: finishConnect(..) failed: Connection refused
2025-09-07 09:44:14,422 [timer3] WARN  server.GrpcLogAppender (GrpcLogAppender.java:lambda$resetClient$1(228)) - 95d41743-cdf0-4105-938b-93fe980aeffc@group-DDE89B3F2AFE->8500c972-c6d1-4433-9d49-a8e3bb920002-GrpcLogAppender: Follower failed (request=null, errorCount=12); keep nextIndex (4) unchanged and retry. (Repeated 12 times in the last 5.001s)
2025-09-07 09:44:14,475 [95d41743-cdf0-4105-938b-93fe980aeffc@group-DDE89B3F2AFE-FollowerState] INFO  impl.FollowerState (FollowerState.java:lostMajorityHeartbeatsRecently(113)) - 95d41743-cdf0-4105-938b-93fe980aeffc@group-DDE89B3F2AFE-FollowerState: Skipping leader election since it stepped down recently (elapsed = 3294ms < waitTime = 10s)
2025-09-07 09:44:15,382 [95d41743-cdf0-4105-938b-93fe980aeffc@group-77DC33C8A8CA-FollowerState] INFO  impl.FollowerState (FollowerState.java:lostMajorityHeartbeatsRecently(113)) - 95d41743-cdf0-4105-938b-93fe980aeffc@group-77DC33C8A8CA-FollowerState: Skipping leader election since it stepped down recently (elapsed = 4350ms < waitTime = 10s)
2025-09-07 09:44:15,600 [95d41743-cdf0-4105-938b-93fe980aeffc@group-DDE89B3F2AFE-FollowerState] INFO  impl.FollowerState (FollowerState.java:lostMajorityHeartbeatsRecently(113)) - 95d41743-cdf0-4105-938b-93fe980aeffc@group-DDE89B3F2AFE-FollowerState: Skipping leader election since it stepped down recently (elapsed = 4420ms < waitTime = 10s)
2025-09-07 09:44:16,576 [95d41743-cdf0-4105-938b-93fe980aeffc@group-77DC33C8A8CA-FollowerState] INFO  impl.FollowerState (FollowerState.java:lostMajorityHeartbeatsRecently(113)) - 95d41743-cdf0-4105-938b-93fe980aeffc@group-77DC33C8A8CA-FollowerState: Skipping leader election since it stepped down recently (elapsed = 5543ms < waitTime = 10s)
2025-09-07 09:44:16,663 [95d41743-cdf0-4105-938b-93fe980aeffc@group-DDE89B3F2AFE-FollowerState] INFO  impl.FollowerState (FollowerState.java:lostMajorityHeartbeatsRecently(113)) - 95d41743-cdf0-4105-938b-93fe980aeffc@group-DDE89B3F2AFE-FollowerState: Skipping leader election since it stepped down recently (elapsed = 5483ms < waitTime = 10s)
2025-09-07 09:44:17,592 [95d41743-cdf0-4105-938b-93fe980aeffc@group-77DC33C8A8CA-FollowerState] INFO  impl.FollowerState (FollowerState.java:lostMajorityHeartbeatsRecently(113)) - 95d41743-cdf0-4105-938b-93fe980aeffc@group-77DC33C8A8CA-FollowerState: Skipping leader election since it stepped down recently (elapsed = 6560ms < waitTime = 10s)
2025-09-07 09:44:17,712 [95d41743-cdf0-4105-938b-93fe980aeffc@group-DDE89B3F2AFE-FollowerState] INFO  impl.FollowerState (FollowerState.java:lostMajorityHeartbeatsRecently(113)) - 95d41743-cdf0-4105-938b-93fe980aeffc@group-DDE89B3F2AFE-FollowerState: Skipping leader election since it stepped down recently (elapsed = 6532ms < waitTime = 10s)
2025-09-07 09:44:18,607 [95d41743-cdf0-4105-938b-93fe980aeffc@group-77DC33C8A8CA-FollowerState] INFO  impl.FollowerState (FollowerState.java:lostMajorityHeartbeatsRecently(113)) - 95d41743-cdf0-4105-938b-93fe980aeffc@group-77DC33C8A8CA-FollowerState: Skipping leader election since it stepped down recently (elapsed = 7575ms < waitTime = 10s)
2025-09-07 09:44:18,792 [95d41743-cdf0-4105-938b-93fe980aeffc@group-DDE89B3F2AFE-FollowerState] INFO  impl.FollowerState (FollowerState.java:lostMajorityHeartbeatsRecently(113)) - 95d41743-cdf0-4105-938b-93fe980aeffc@group-DDE89B3F2AFE-FollowerState: Skipping leader election since it stepped down recently (elapsed = 7612ms < waitTime = 10s)
2025-09-07 09:44:19,358 [grpc-default-executor-3] ERROR impl.OrderedAsync (OrderedAsync.java:lambda$null$6(215)) -  client-68C397D77D12: Failed* RaftClientRequest:client-68C397D77D12->ff2509eb-55dd-4ad3-b532-83d6209e1a92@group-DDE89B3F2AFE, cid=22, seq=4*, RW, cmdType: WriteChunk
traceID: ""
containerID: 1
datanodeUuid: "ff2509eb-55dd-4ad3-b532-83d6209e1a92"
writeChunk {
  blockID {
    containerID: 1
    localID: 115816896921600001
    blockCommitSequenceId: 2
    replicaIndex: 0
  }
  chunkData {
    chunkName: "115816896921600001_chunk_2"
    offset: 1048576
    len: 1048576
    checksumData {
      type: CRC32
      bytesPerChecksum: 16384
      checksums: "\326\360U\321"
      checksums: "\326\360U\321"
      checksums: "\326\360U\321"
      checksums: "\326\360U\321"
      checksums: "\326\360U\321"
      checksums: "\326\360U\321"
      checksums: "\326\360U\321"
      checksums: "\326\360U\321"
      checksums: "\326\360U\321"
      checksums: "\326\360U\321"
      checksums: "\326\360U\321"
      checksums: "\326\360U\321"
      checksums: "\326\360U\321"
      checksums: "\326\360U\321"
      checksums: "\326\360U\321"
      checksums: "\326\360U\321"
      checksums: "\326\360U\321"
      checksums: "\326\360U\321"
      checksums: "\326\360U\321"
      checksums: "\326\360U\321"
      checksums: "\326\360U\321"
      checksums: "\326\360U\321"
      checksums: "\326\360U\321"
      checksums: "\326\360U\321"
      checksums: "\326\360U\321"
      checksums: "\326\360U\321"
      checksums: "\326\360U\321"
      checksums: "\326\360U\321"
      checksums: "\326\360U\321"
      checksums: "\326\360U\321"
      checksums: "\326\360U\321"
      checksums: "\326\360U\321"
      checksums: "\326\360U\321"
      checksums: "\326\360U\321"
      checksums: "\326\360U\321"
      checksums: "\326\360U\321"
      checksums: "\326\360U\321"
      checksums: "\326\360U\321"
      checksums: "\326\360U\321"
      checksums: "\326\360U\321"
      checksums: "\326\360U\321"
      checksums: "\326\360U\321"
      checksums: "\326\360U\321"
      checksums: "\326\360U\321"
      checksums: "\326\360U\321"
      checksums: "\326\360U\321"
      checksums: "\326\360U\321"
      checksums: "\326\360U\321"
      checksums: "\326\360U\321"
      checksums: "\326\360U\321"
      checksums: "\326\360U\321"
      checksums: "\326\360U\321"
      checksums: "\326\360U\321"
      checksums: "\326\360U\321"
      checksums: "\326\360U\321"
      checksums: "\326\360U\321"
      checksums: "\326\360U\321"
      checksums: "\326\360U\321"
      checksums: "\326\360U\321"
      checksums: "\326\360U\321"
      checksums: "\326\360U\321"
      checksums: "\326\360U\321"
      checksums: "\326\360U\321"
      checksums: "a\003G\263"
    }
  }
}
version: 3
, data.size=1048576
java.util.concurrent.CompletionException: java.io.IOException: org.apache.ratis.thirdparty.io.grpc.StatusRuntimeException: UNAVAILABLE: io exception
	at java.base/java.util.concurrent.CompletableFuture.encodeThrowable(CompletableFuture.java:332)
	at java.base/java.util.concurrent.CompletableFuture.completeThrowable(CompletableFuture.java:347)
	at java.base/java.util.concurrent.CompletableFuture$UniAccept.tryFire(CompletableFuture.java:708)
	at java.base/java.util.concurrent.CompletableFuture.postComplete(CompletableFuture.java:510)
	at java.base/java.util.concurrent.CompletableFuture.completeExceptionally(CompletableFuture.java:2194)
	at org.apache.ratis.grpc.client.GrpcClientProtocolClient$AsyncStreamObservers.completeReplyExceptionally(GrpcClientProtocolClient.java:397)
	at org.apache.ratis.grpc.client.GrpcClientProtocolClient$AsyncStreamObservers.access$000(GrpcClientProtocolClient.java:303)
	at org.apache.ratis.grpc.client.GrpcClientProtocolClient$AsyncStreamObservers$1.onError(GrpcClientProtocolClient.java:334)
	at org.apache.ratis.thirdparty.io.grpc.stub.ClientCalls$StreamObserverToCallListenerAdapter.onClose(ClientCalls.java:564)
	at org.apache.ratis.thirdparty.io.grpc.PartialForwardingClientCallListener.onClose(PartialForwardingClientCallListener.java:39)
	at org.apache.ratis.thirdparty.io.grpc.ForwardingClientCallListener.onClose(ForwardingClientCallListener.java:23)
	at org.apache.ratis.grpc.metrics.intercept.client.MetricClientCallListener.onClose(MetricClientCallListener.java:47)
	at org.apache.ratis.thirdparty.io.grpc.internal.ClientCallImpl.closeObserver(ClientCallImpl.java:565)
	at org.apache.ratis.thirdparty.io.grpc.internal.ClientCallImpl.access$100(ClientCallImpl.java:72)
	at org.apache.ratis.thirdparty.io.grpc.internal.ClientCallImpl$ClientStreamListenerImpl$1StreamClosed.runInternal(ClientCallImpl.java:733)
	at org.apache.ratis.thirdparty.io.grpc.internal.ClientCallImpl$ClientStreamListenerImpl$1StreamClosed.runInContext(ClientCallImpl.java:714)
	at org.apache.ratis.thirdparty.io.grpc.internal.ContextRunnable.run(ContextRunnable.java:37)
	at org.apache.ratis.thirdparty.io.grpc.internal.SerializingExecutor.run(SerializingExecutor.java:133)
	at java.base/java.util.concurrent.ThreadPoolExecutor.runWorker(ThreadPoolExecutor.java:1144)
	at java.base/java.util.concurrent.ThreadPoolExecutor$Worker.run(ThreadPoolExecutor.java:642)
	at java.base/java.lang.Thread.run(Thread.java:1583)
Caused by: java.io.IOException: org.apache.ratis.thirdparty.io.grpc.StatusRuntimeException: UNAVAILABLE: io exception
	at org.apache.ratis.grpc.GrpcUtil.unwrapException(GrpcUtil.java:99)
	at org.apache.ratis.grpc.GrpcUtil.unwrapIOException(GrpcUtil.java:159)
	at org.apache.ratis.grpc.client.GrpcClientProtocolClient$AsyncStreamObservers$1.onError(GrpcClientProtocolClient.java:333)
	... 13 more
Caused by: org.apache.ratis.thirdparty.io.grpc.StatusRuntimeException: UNAVAILABLE: io exception
	at org.apache.ratis.thirdparty.io.grpc.Status.asRuntimeException(Status.java:532)
	... 13 more
Caused by: org.apache.ratis.thirdparty.io.netty.channel.AbstractChannel$AnnotatedConnectException: finishConnect(..) failed: Connection refused: /127.0.0.1:15013
Caused by: java.net.ConnectException: finishConnect(..) failed: Connection refused
	at org.apache.ratis.thirdparty.io.netty.channel.unix.Errors.newConnectException0(Errors.java:166)
	at org.apache.ratis.thirdparty.io.netty.channel.unix.Errors.handleConnectErrno(Errors.java:131)
	at org.apache.ratis.thirdparty.io.netty.channel.unix.Socket.finishConnect(Socket.java:359)
	at org.apache.ratis.thirdparty.io.netty.channel.epoll.AbstractEpollChannel$AbstractEpollUnsafe.doFinishConnect(AbstractEpollChannel.java:715)
	at org.apache.ratis.thirdparty.io.netty.channel.epoll.AbstractEpollChannel$AbstractEpollUnsafe.finishConnect(AbstractEpollChannel.java:692)
	at org.apache.ratis.thirdparty.io.netty.channel.epoll.AbstractEpollChannel$AbstractEpollUnsafe.epollOutReady(AbstractEpollChannel.java:567)
	at org.apache.ratis.thirdparty.io.netty.channel.epoll.EpollEventLoop.processReady(EpollEventLoop.java:491)
	at org.apache.ratis.thirdparty.io.netty.channel.epoll.EpollEventLoop.run(EpollEventLoop.java:399)
	at org.apache.ratis.thirdparty.io.netty.util.concurrent.SingleThreadEventExecutor$4.run(SingleThreadEventExecutor.java:998)
	at org.apache.ratis.thirdparty.io.netty.util.internal.ThreadExecutorMap$2.run(ThreadExecutorMap.java:74)
	at org.apache.ratis.thirdparty.io.netty.util.concurrent.FastThreadLocalRunnable.run(FastThreadLocalRunnable.java:30)
	at java.base/java.lang.Thread.run(Thread.java:1583)
2025-09-07 09:44:19,672 [95d41743-cdf0-4105-938b-93fe980aeffc@group-77DC33C8A8CA-FollowerState] INFO  impl.FollowerState (FollowerState.java:lostMajorityHeartbeatsRecently(113)) - 95d41743-cdf0-4105-938b-93fe980aeffc@group-77DC33C8A8CA-FollowerState: Skipping leader election since it stepped down recently (elapsed = 8639ms < waitTime = 10s)
2025-09-07 09:44:19,962 [95d41743-cdf0-4105-938b-93fe980aeffc@group-DDE89B3F2AFE-FollowerState] INFO  impl.FollowerState (FollowerState.java:lostMajorityHeartbeatsRecently(113)) - 95d41743-cdf0-4105-938b-93fe980aeffc@group-DDE89B3F2AFE-FollowerState: Skipping leader election since it stepped down recently (elapsed = 8781ms < waitTime = 10s)
2025-09-07 09:44:20,745 [95d41743-cdf0-4105-938b-93fe980aeffc@group-77DC33C8A8CA-FollowerState] INFO  impl.FollowerState (FollowerState.java:lostMajorityHeartbeatsRecently(113)) - 95d41743-cdf0-4105-938b-93fe980aeffc@group-77DC33C8A8CA-FollowerState: Skipping leader election since it stepped down recently (elapsed = 9712ms < waitTime = 10s)
2025-09-07 09:44:21,124 [95d41743-cdf0-4105-938b-93fe980aeffc@group-DDE89B3F2AFE-FollowerState] INFO  impl.FollowerState (FollowerState.java:lostMajorityHeartbeatsRecently(113)) - 95d41743-cdf0-4105-938b-93fe980aeffc@group-DDE89B3F2AFE-FollowerState: Skipping leader election since it stepped down recently (elapsed = 9944ms < waitTime = 10s)
2025-09-07 09:44:21,804 [95d41743-cdf0-4105-938b-93fe980aeffc@group-77DC33C8A8CA-FollowerState] INFO  impl.FollowerState (FollowerState.java:runImpl(161)) - 95d41743-cdf0-4105-938b-93fe980aeffc@group-77DC33C8A8CA-FollowerState: change to CANDIDATE, lastRpcElapsedTime:10772145318ns, electionTimeout:1059ms
2025-09-07 09:44:21,804 [95d41743-cdf0-4105-938b-93fe980aeffc@group-77DC33C8A8CA-FollowerState] INFO  impl.RoleInfo (RoleInfo.java:shutdownFollowerState(121)) - 95d41743-cdf0-4105-938b-93fe980aeffc: shutdown 95d41743-cdf0-4105-938b-93fe980aeffc@group-77DC33C8A8CA-FollowerState
2025-09-07 09:44:21,804 [95d41743-cdf0-4105-938b-93fe980aeffc@group-77DC33C8A8CA-FollowerState] INFO  server.RaftServer$Division (RaftServerImpl.java:setRole(392)) - 95d41743-cdf0-4105-938b-93fe980aeffc@group-77DC33C8A8CA: changes role from  FOLLOWER to CANDIDATE at term 2 for changeToCandidate
2025-09-07 09:44:21,805 [95d41743-cdf0-4105-938b-93fe980aeffc@group-77DC33C8A8CA-FollowerState] INFO  impl.RoleInfo (RoleInfo.java:updateAndGet(148)) - 95d41743-cdf0-4105-938b-93fe980aeffc: start 95d41743-cdf0-4105-938b-93fe980aeffc@group-77DC33C8A8CA-LeaderElection25
2025-09-07 09:44:21,805 [95d41743-cdf0-4105-938b-93fe980aeffc@group-77DC33C8A8CA-LeaderElection25] INFO  impl.LeaderElection (LeaderElection.java:askForVotes(448)) - 95d41743-cdf0-4105-938b-93fe980aeffc@group-77DC33C8A8CA-LeaderElection25 PRE_VOTE round 0: submit vote requests at term 2 for conf: {index: 1, cur=peers:[95d41743-cdf0-4105-938b-93fe980aeffc|127.0.0.1:15031, 8500c972-c6d1-4433-9d49-a8e3bb920002|127.0.0.1:15023, ff2509eb-55dd-4ad3-b532-83d6209e1a92|127.0.0.1:15015]|listeners:[], old=null}
2025-09-07 09:44:21,806 [95d41743-cdf0-4105-938b-93fe980aeffc@group-77DC33C8A8CA-LeaderElection25] INFO  impl.LeaderElection (LogUtils.java:infoOrTrace(142)) - 95d41743-cdf0-4105-938b-93fe980aeffc@group-77DC33C8A8CA-LeaderElection25 got exception when requesting votes: java.util.concurrent.ExecutionException: org.apache.ratis.thirdparty.io.grpc.StatusRuntimeException: UNAVAILABLE: io exception
2025-09-07 09:44:21,806 [95d41743-cdf0-4105-938b-93fe980aeffc@group-77DC33C8A8CA-LeaderElection25] INFO  impl.LeaderElection (LogUtils.java:infoOrTrace(142)) - 95d41743-cdf0-4105-938b-93fe980aeffc@group-77DC33C8A8CA-LeaderElection25 got exception when requesting votes: java.util.concurrent.ExecutionException: org.apache.ratis.thirdparty.io.grpc.StatusRuntimeException: UNAVAILABLE: io exception
2025-09-07 09:44:21,806 [95d41743-cdf0-4105-938b-93fe980aeffc@group-77DC33C8A8CA-LeaderElection25] INFO  impl.LeaderElection (LeaderElection.java:logAndReturn(206)) - 95d41743-cdf0-4105-938b-93fe980aeffc@group-77DC33C8A8CA-LeaderElection25: PRE_VOTE REJECTED received 0 response(s) and 2 exception(s):
2025-09-07 09:44:21,806 [95d41743-cdf0-4105-938b-93fe980aeffc@group-77DC33C8A8CA-LeaderElection25] INFO  impl.LeaderElection (LogUtils.java:infoOrTrace(142)) -   Exception 0: java.util.concurrent.ExecutionException: org.apache.ratis.thirdparty.io.grpc.StatusRuntimeException: UNAVAILABLE: io exception
2025-09-07 09:44:21,806 [95d41743-cdf0-4105-938b-93fe980aeffc@group-77DC33C8A8CA-LeaderElection25] INFO  impl.LeaderElection (LogUtils.java:infoOrTrace(142)) -   Exception 1: java.util.concurrent.ExecutionException: org.apache.ratis.thirdparty.io.grpc.StatusRuntimeException: UNAVAILABLE: io exception
2025-09-07 09:44:21,806 [95d41743-cdf0-4105-938b-93fe980aeffc@group-77DC33C8A8CA-LeaderElection25] INFO  impl.LeaderElection (LeaderElection.java:askForVotes(450)) - 95d41743-cdf0-4105-938b-93fe980aeffc@group-77DC33C8A8CA-LeaderElection25 PRE_VOTE round 0: result REJECTED
2025-09-07 09:44:21,807 [95d41743-cdf0-4105-938b-93fe980aeffc@group-77DC33C8A8CA-LeaderElection25] INFO  server.RaftServer$Division (RaftServerImpl.java:setRole(392)) - 95d41743-cdf0-4105-938b-93fe980aeffc@group-77DC33C8A8CA: changes role from CANDIDATE to FOLLOWER at term 2 for REJECTED
2025-09-07 09:44:21,807 [95d41743-cdf0-4105-938b-93fe980aeffc@group-77DC33C8A8CA-LeaderElection25] INFO  impl.RoleInfo (RoleInfo.java:shutdownLeaderElection(141)) - 95d41743-cdf0-4105-938b-93fe980aeffc: shutdown 95d41743-cdf0-4105-938b-93fe980aeffc@group-77DC33C8A8CA-LeaderElection25
2025-09-07 09:44:21,807 [95d41743-cdf0-4105-938b-93fe980aeffc@group-77DC33C8A8CA-LeaderElection25] INFO  impl.RoleInfo (RoleInfo.java:updateAndGet(148)) - 95d41743-cdf0-4105-938b-93fe980aeffc: start 95d41743-cdf0-4105-938b-93fe980aeffc@group-77DC33C8A8CA-FollowerState
2025-09-07 09:44:22,155 [95d41743-cdf0-4105-938b-93fe980aeffc@group-DDE89B3F2AFE-FollowerState] INFO  impl.FollowerState (FollowerState.java:runImpl(161)) - 95d41743-cdf0-4105-938b-93fe980aeffc@group-DDE89B3F2AFE-FollowerState: change to CANDIDATE, lastRpcElapsedTime:10975296272ns, electionTimeout:1031ms
2025-09-07 09:44:22,155 [95d41743-cdf0-4105-938b-93fe980aeffc@group-DDE89B3F2AFE-FollowerState] INFO  impl.RoleInfo (RoleInfo.java:shutdownFollowerState(121)) - 95d41743-cdf0-4105-938b-93fe980aeffc: shutdown 95d41743-cdf0-4105-938b-93fe980aeffc@group-DDE89B3F2AFE-FollowerState
2025-09-07 09:44:22,155 [95d41743-cdf0-4105-938b-93fe980aeffc@group-DDE89B3F2AFE-FollowerState] INFO  server.RaftServer$Division (RaftServerImpl.java:setRole(392)) - 95d41743-cdf0-4105-938b-93fe980aeffc@group-DDE89B3F2AFE: changes role from  FOLLOWER to CANDIDATE at term 1 for changeToCandidate
2025-09-07 09:44:22,155 [95d41743-cdf0-4105-938b-93fe980aeffc@group-DDE89B3F2AFE-FollowerState] INFO  impl.RoleInfo (RoleInfo.java:updateAndGet(148)) - 95d41743-cdf0-4105-938b-93fe980aeffc: start 95d41743-cdf0-4105-938b-93fe980aeffc@group-DDE89B3F2AFE-LeaderElection26
2025-09-07 09:44:22,156 [95d41743-cdf0-4105-938b-93fe980aeffc@group-DDE89B3F2AFE-LeaderElection26] INFO  impl.LeaderElection (LeaderElection.java:askForVotes(448)) - 95d41743-cdf0-4105-938b-93fe980aeffc@group-DDE89B3F2AFE-LeaderElection26 PRE_VOTE round 0: submit vote requests at term 1 for conf: {index: 0, cur=peers:[95d41743-cdf0-4105-938b-93fe980aeffc|127.0.0.1:15031, 8500c972-c6d1-4433-9d49-a8e3bb920002|127.0.0.1:15023, ff2509eb-55dd-4ad3-b532-83d6209e1a92|127.0.0.1:15015]|listeners:[], old=null}
2025-09-07 09:44:22,157 [95d41743-cdf0-4105-938b-93fe980aeffc@group-DDE89B3F2AFE-LeaderElection26] INFO  impl.LeaderElection (LogUtils.java:infoOrTrace(142)) - 95d41743-cdf0-4105-938b-93fe980aeffc@group-DDE89B3F2AFE-LeaderElection26 got exception when requesting votes: java.util.concurrent.ExecutionException: org.apache.ratis.thirdparty.io.grpc.StatusRuntimeException: UNAVAILABLE: io exception
2025-09-07 09:44:22,157 [95d41743-cdf0-4105-938b-93fe980aeffc@group-DDE89B3F2AFE-LeaderElection26] INFO  impl.LeaderElection (LogUtils.java:infoOrTrace(142)) - 95d41743-cdf0-4105-938b-93fe980aeffc@group-DDE89B3F2AFE-LeaderElection26 got exception when requesting votes: java.util.concurrent.ExecutionException: org.apache.ratis.thirdparty.io.grpc.StatusRuntimeException: UNAVAILABLE: io exception
2025-09-07 09:44:22,157 [95d41743-cdf0-4105-938b-93fe980aeffc@group-DDE89B3F2AFE-LeaderElection26] INFO  impl.LeaderElection (LeaderElection.java:logAndReturn(206)) - 95d41743-cdf0-4105-938b-93fe980aeffc@group-DDE89B3F2AFE-LeaderElection26: PRE_VOTE REJECTED received 0 response(s) and 2 exception(s):
2025-09-07 09:44:22,157 [95d41743-cdf0-4105-938b-93fe980aeffc@group-DDE89B3F2AFE-LeaderElection26] INFO  impl.LeaderElection (LogUtils.java:infoOrTrace(142)) -   Exception 0: java.util.concurrent.ExecutionException: org.apache.ratis.thirdparty.io.grpc.StatusRuntimeException: UNAVAILABLE: io exception
2025-09-07 09:44:22,157 [95d41743-cdf0-4105-938b-93fe980aeffc@group-DDE89B3F2AFE-LeaderElection26] INFO  impl.LeaderElection (LogUtils.java:infoOrTrace(142)) -   Exception 1: java.util.concurrent.ExecutionException: org.apache.ratis.thirdparty.io.grpc.StatusRuntimeException: UNAVAILABLE: io exception
2025-09-07 09:44:22,157 [95d41743-cdf0-4105-938b-93fe980aeffc@group-DDE89B3F2AFE-LeaderElection26] INFO  impl.LeaderElection (LeaderElection.java:askForVotes(450)) - 95d41743-cdf0-4105-938b-93fe980aeffc@group-DDE89B3F2AFE-LeaderElection26 PRE_VOTE round 0: result REJECTED
2025-09-07 09:44:22,157 [95d41743-cdf0-4105-938b-93fe980aeffc@group-DDE89B3F2AFE-LeaderElection26] INFO  server.RaftServer$Division (RaftServerImpl.java:setRole(392)) - 95d41743-cdf0-4105-938b-93fe980aeffc@group-DDE89B3F2AFE: changes role from CANDIDATE to FOLLOWER at term 1 for REJECTED
2025-09-07 09:44:22,157 [95d41743-cdf0-4105-938b-93fe980aeffc@group-DDE89B3F2AFE-LeaderElection26] INFO  impl.RoleInfo (RoleInfo.java:shutdownLeaderElection(141)) - 95d41743-cdf0-4105-938b-93fe980aeffc: shutdown 95d41743-cdf0-4105-938b-93fe980aeffc@group-DDE89B3F2AFE-LeaderElection26
2025-09-07 09:44:22,157 [95d41743-cdf0-4105-938b-93fe980aeffc@group-DDE89B3F2AFE-LeaderElection26] INFO  impl.RoleInfo (RoleInfo.java:updateAndGet(148)) - 95d41743-cdf0-4105-938b-93fe980aeffc: start 95d41743-cdf0-4105-938b-93fe980aeffc@group-DDE89B3F2AFE-FollowerState
2025-09-07 09:44:22,913 [95d41743-cdf0-4105-938b-93fe980aeffc@group-77DC33C8A8CA-FollowerState] INFO  impl.FollowerState (FollowerState.java:runImpl(161)) - 95d41743-cdf0-4105-938b-93fe980aeffc@group-77DC33C8A8CA-FollowerState: change to CANDIDATE, lastRpcElapsedTime:1106368335ns, electionTimeout:1106ms
2025-09-07 09:44:22,913 [95d41743-cdf0-4105-938b-93fe980aeffc@group-77DC33C8A8CA-FollowerState] INFO  impl.RoleInfo (RoleInfo.java:shutdownFollowerState(121)) - 95d41743-cdf0-4105-938b-93fe980aeffc: shutdown 95d41743-cdf0-4105-938b-93fe980aeffc@group-77DC33C8A8CA-FollowerState
2025-09-07 09:44:22,913 [95d41743-cdf0-4105-938b-93fe980aeffc@group-77DC33C8A8CA-FollowerState] INFO  server.RaftServer$Division (RaftServerImpl.java:setRole(392)) - 95d41743-cdf0-4105-938b-93fe980aeffc@group-77DC33C8A8CA: changes role from  FOLLOWER to CANDIDATE at term 2 for changeToCandidate
2025-09-07 09:44:22,913 [95d41743-cdf0-4105-938b-93fe980aeffc@group-77DC33C8A8CA-FollowerState] INFO  impl.RoleInfo (RoleInfo.java:updateAndGet(148)) - 95d41743-cdf0-4105-938b-93fe980aeffc: start 95d41743-cdf0-4105-938b-93fe980aeffc@group-77DC33C8A8CA-LeaderElection27
2025-09-07 09:44:22,914 [95d41743-cdf0-4105-938b-93fe980aeffc@group-77DC33C8A8CA-LeaderElection27] INFO  impl.LeaderElection (LeaderElection.java:askForVotes(448)) - 95d41743-cdf0-4105-938b-93fe980aeffc@group-77DC33C8A8CA-LeaderElection27 PRE_VOTE round 0: submit vote requests at term 2 for conf: {index: 1, cur=peers:[95d41743-cdf0-4105-938b-93fe980aeffc|127.0.0.1:15031, 8500c972-c6d1-4433-9d49-a8e3bb920002|127.0.0.1:15023, ff2509eb-55dd-4ad3-b532-83d6209e1a92|127.0.0.1:15015]|listeners:[], old=null}
2025-09-07 09:44:22,915 [95d41743-cdf0-4105-938b-93fe980aeffc@group-77DC33C8A8CA-LeaderElection27] INFO  impl.LeaderElection (LogUtils.java:infoOrTrace(142)) - 95d41743-cdf0-4105-938b-93fe980aeffc@group-77DC33C8A8CA-LeaderElection27 got exception when requesting votes: java.util.concurrent.ExecutionException: org.apache.ratis.thirdparty.io.grpc.StatusRuntimeException: UNAVAILABLE: io exception
2025-09-07 09:44:22,915 [95d41743-cdf0-4105-938b-93fe980aeffc@group-77DC33C8A8CA-LeaderElection27] INFO  impl.LeaderElection (LogUtils.java:infoOrTrace(142)) - 95d41743-cdf0-4105-938b-93fe980aeffc@group-77DC33C8A8CA-LeaderElection27 got exception when requesting votes: java.util.concurrent.ExecutionException: org.apache.ratis.thirdparty.io.grpc.StatusRuntimeException: UNAVAILABLE: io exception
2025-09-07 09:44:22,915 [95d41743-cdf0-4105-938b-93fe980aeffc@group-77DC33C8A8CA-LeaderElection27] INFO  impl.LeaderElection (LeaderElection.java:logAndReturn(206)) - 95d41743-cdf0-4105-938b-93fe980aeffc@group-77DC33C8A8CA-LeaderElection27: PRE_VOTE REJECTED received 0 response(s) and 2 exception(s):
2025-09-07 09:44:22,915 [95d41743-cdf0-4105-938b-93fe980aeffc@group-77DC33C8A8CA-LeaderElection27] INFO  impl.LeaderElection (LogUtils.java:infoOrTrace(142)) -   Exception 0: java.util.concurrent.ExecutionException: org.apache.ratis.thirdparty.io.grpc.StatusRuntimeException: UNAVAILABLE: io exception
2025-09-07 09:44:22,915 [95d41743-cdf0-4105-938b-93fe980aeffc@group-77DC33C8A8CA-LeaderElection27] INFO  impl.LeaderElection (LogUtils.java:infoOrTrace(142)) -   Exception 1: java.util.concurrent.ExecutionException: org.apache.ratis.thirdparty.io.grpc.StatusRuntimeException: UNAVAILABLE: io exception
2025-09-07 09:44:22,915 [95d41743-cdf0-4105-938b-93fe980aeffc@group-77DC33C8A8CA-LeaderElection27] INFO  impl.LeaderElection (LeaderElection.java:askForVotes(450)) - 95d41743-cdf0-4105-938b-93fe980aeffc@group-77DC33C8A8CA-LeaderElection27 PRE_VOTE round 0: result REJECTED
2025-09-07 09:44:22,915 [95d41743-cdf0-4105-938b-93fe980aeffc@group-77DC33C8A8CA-LeaderElection27] INFO  server.RaftServer$Division (RaftServerImpl.java:setRole(392)) - 95d41743-cdf0-4105-938b-93fe980aeffc@group-77DC33C8A8CA: changes role from CANDIDATE to FOLLOWER at term 2 for REJECTED
2025-09-07 09:44:22,915 [95d41743-cdf0-4105-938b-93fe980aeffc@group-77DC33C8A8CA-LeaderElection27] INFO  impl.RoleInfo (RoleInfo.java:shutdownLeaderElection(141)) - 95d41743-cdf0-4105-938b-93fe980aeffc: shutdown 95d41743-cdf0-4105-938b-93fe980aeffc@group-77DC33C8A8CA-LeaderElection27
2025-09-07 09:44:22,915 [95d41743-cdf0-4105-938b-93fe980aeffc@group-77DC33C8A8CA-LeaderElection27] INFO  impl.RoleInfo (RoleInfo.java:updateAndGet(148)) - 95d41743-cdf0-4105-938b-93fe980aeffc: start 95d41743-cdf0-4105-938b-93fe980aeffc@group-77DC33C8A8CA-FollowerState
2025-09-07 09:44:23,209 [95d41743-cdf0-4105-938b-93fe980aeffc@group-DDE89B3F2AFE-FollowerState] INFO  impl.FollowerState (FollowerState.java:runImpl(161)) - 95d41743-cdf0-4105-938b-93fe980aeffc@group-DDE89B3F2AFE-FollowerState: change to CANDIDATE, lastRpcElapsedTime:1051653009ns, electionTimeout:1051ms
2025-09-07 09:44:23,209 [95d41743-cdf0-4105-938b-93fe980aeffc@group-DDE89B3F2AFE-FollowerState] INFO  impl.RoleInfo (RoleInfo.java:shutdownFollowerState(121)) - 95d41743-cdf0-4105-938b-93fe980aeffc: shutdown 95d41743-cdf0-4105-938b-93fe980aeffc@group-DDE89B3F2AFE-FollowerState
2025-09-07 09:44:23,209 [95d41743-cdf0-4105-938b-93fe980aeffc@group-DDE89B3F2AFE-FollowerState] INFO  server.RaftServer$Division (RaftServerImpl.java:setRole(392)) - 95d41743-cdf0-4105-938b-93fe980aeffc@group-DDE89B3F2AFE: changes role from  FOLLOWER to CANDIDATE at term 1 for changeToCandidate
2025-09-07 09:44:23,209 [95d41743-cdf0-4105-938b-93fe980aeffc@group-DDE89B3F2AFE-FollowerState] INFO  impl.RoleInfo (RoleInfo.java:updateAndGet(148)) - 95d41743-cdf0-4105-938b-93fe980aeffc: start 95d41743-cdf0-4105-938b-93fe980aeffc@group-DDE89B3F2AFE-LeaderElection28
2025-09-07 09:44:23,210 [95d41743-cdf0-4105-938b-93fe980aeffc@group-DDE89B3F2AFE-LeaderElection28] INFO  impl.LeaderElection (LeaderElection.java:askForVotes(448)) - 95d41743-cdf0-4105-938b-93fe980aeffc@group-DDE89B3F2AFE-LeaderElection28 PRE_VOTE round 0: submit vote requests at term 1 for conf: {index: 0, cur=peers:[95d41743-cdf0-4105-938b-93fe980aeffc|127.0.0.1:15031, 8500c972-c6d1-4433-9d49-a8e3bb920002|127.0.0.1:15023, ff2509eb-55dd-4ad3-b532-83d6209e1a92|127.0.0.1:15015]|listeners:[], old=null}
2025-09-07 09:44:23,210 [95d41743-cdf0-4105-938b-93fe980aeffc@group-DDE89B3F2AFE-LeaderElection28] INFO  impl.LeaderElection (LogUtils.java:infoOrTrace(142)) - 95d41743-cdf0-4105-938b-93fe980aeffc@group-DDE89B3F2AFE-LeaderElection28 got exception when requesting votes: java.util.concurrent.ExecutionException: org.apache.ratis.thirdparty.io.grpc.StatusRuntimeException: UNAVAILABLE: io exception
2025-09-07 09:44:23,210 [95d41743-cdf0-4105-938b-93fe980aeffc@group-DDE89B3F2AFE-LeaderElection28] INFO  impl.LeaderElection (LogUtils.java:infoOrTrace(142)) - 95d41743-cdf0-4105-938b-93fe980aeffc@group-DDE89B3F2AFE-LeaderElection28 got exception when requesting votes: java.util.concurrent.ExecutionException: org.apache.ratis.thirdparty.io.grpc.StatusRuntimeException: UNAVAILABLE: io exception
2025-09-07 09:44:23,210 [95d41743-cdf0-4105-938b-93fe980aeffc@group-DDE89B3F2AFE-LeaderElection28] INFO  impl.LeaderElection (LeaderElection.java:logAndReturn(206)) - 95d41743-cdf0-4105-938b-93fe980aeffc@group-DDE89B3F2AFE-LeaderElection28: PRE_VOTE REJECTED received 0 response(s) and 2 exception(s):
2025-09-07 09:44:23,210 [95d41743-cdf0-4105-938b-93fe980aeffc@group-DDE89B3F2AFE-LeaderElection28] INFO  impl.LeaderElection (LogUtils.java:infoOrTrace(142)) -   Exception 0: java.util.concurrent.ExecutionException: org.apache.ratis.thirdparty.io.grpc.StatusRuntimeException: UNAVAILABLE: io exception
2025-09-07 09:44:23,211 [95d41743-cdf0-4105-938b-93fe980aeffc@group-DDE89B3F2AFE-LeaderElection28] INFO  impl.LeaderElection (LogUtils.java:infoOrTrace(142)) -   Exception 1: java.util.concurrent.ExecutionException: org.apache.ratis.thirdparty.io.grpc.StatusRuntimeException: UNAVAILABLE: io exception
2025-09-07 09:44:23,211 [95d41743-cdf0-4105-938b-93fe980aeffc@group-DDE89B3F2AFE-LeaderElection28] INFO  impl.LeaderElection (LeaderElection.java:askForVotes(450)) - 95d41743-cdf0-4105-938b-93fe980aeffc@group-DDE89B3F2AFE-LeaderElection28 PRE_VOTE round 0: result REJECTED
2025-09-07 09:44:23,211 [95d41743-cdf0-4105-938b-93fe980aeffc@group-DDE89B3F2AFE-LeaderElection28] INFO  server.RaftServer$Division (RaftServerImpl.java:setRole(392)) - 95d41743-cdf0-4105-938b-93fe980aeffc@group-DDE89B3F2AFE: changes role from CANDIDATE to FOLLOWER at term 1 for REJECTED
2025-09-07 09:44:23,211 [95d41743-cdf0-4105-938b-93fe980aeffc@group-DDE89B3F2AFE-LeaderElection28] INFO  impl.RoleInfo (RoleInfo.java:shutdownLeaderElection(141)) - 95d41743-cdf0-4105-938b-93fe980aeffc: shutdown 95d41743-cdf0-4105-938b-93fe980aeffc@group-DDE89B3F2AFE-LeaderElection28
2025-09-07 09:44:23,211 [95d41743-cdf0-4105-938b-93fe980aeffc@group-DDE89B3F2AFE-LeaderElection28] INFO  impl.RoleInfo (RoleInfo.java:updateAndGet(148)) - 95d41743-cdf0-4105-938b-93fe980aeffc: start 95d41743-cdf0-4105-938b-93fe980aeffc@group-DDE89B3F2AFE-FollowerState
2025-09-07 09:44:23,927 [95d41743-cdf0-4105-938b-93fe980aeffc@group-77DC33C8A8CA-FollowerState] INFO  impl.FollowerState (FollowerState.java:runImpl(161)) - 95d41743-cdf0-4105-938b-93fe980aeffc@group-77DC33C8A8CA-FollowerState: change to CANDIDATE, lastRpcElapsedTime:1012294093ns, electionTimeout:1012ms
2025-09-07 09:44:23,928 [95d41743-cdf0-4105-938b-93fe980aeffc@group-77DC33C8A8CA-FollowerState] INFO  impl.RoleInfo (RoleInfo.java:shutdownFollowerState(121)) - 95d41743-cdf0-4105-938b-93fe980aeffc: shutdown 95d41743-cdf0-4105-938b-93fe980aeffc@group-77DC33C8A8CA-FollowerState
2025-09-07 09:44:23,928 [95d41743-cdf0-4105-938b-93fe980aeffc@group-77DC33C8A8CA-FollowerState] INFO  server.RaftServer$Division (RaftServerImpl.java:setRole(392)) - 95d41743-cdf0-4105-938b-93fe980aeffc@group-77DC33C8A8CA: changes role from  FOLLOWER to CANDIDATE at term 2 for changeToCandidate
2025-09-07 09:44:23,928 [95d41743-cdf0-4105-938b-93fe980aeffc@group-77DC33C8A8CA-FollowerState] INFO  impl.RoleInfo (RoleInfo.java:updateAndGet(148)) - 95d41743-cdf0-4105-938b-93fe980aeffc: start 95d41743-cdf0-4105-938b-93fe980aeffc@group-77DC33C8A8CA-LeaderElection29
2025-09-07 09:44:23,928 [95d41743-cdf0-4105-938b-93fe980aeffc@group-77DC33C8A8CA-LeaderElection29] INFO  impl.LeaderElection (LeaderElection.java:askForVotes(448)) - 95d41743-cdf0-4105-938b-93fe980aeffc@group-77DC33C8A8CA-LeaderElection29 PRE_VOTE round 0: submit vote requests at term 2 for conf: {index: 1, cur=peers:[95d41743-cdf0-4105-938b-93fe980aeffc|127.0.0.1:15031, 8500c972-c6d1-4433-9d49-a8e3bb920002|127.0.0.1:15023, ff2509eb-55dd-4ad3-b532-83d6209e1a92|127.0.0.1:15015]|listeners:[], old=null}
2025-09-07 09:44:23,929 [95d41743-cdf0-4105-938b-93fe980aeffc@group-77DC33C8A8CA-LeaderElection29] INFO  impl.LeaderElection (LogUtils.java:infoOrTrace(142)) - 95d41743-cdf0-4105-938b-93fe980aeffc@group-77DC33C8A8CA-LeaderElection29 got exception when requesting votes: java.util.concurrent.ExecutionException: org.apache.ratis.thirdparty.io.grpc.StatusRuntimeException: UNAVAILABLE: io exception
2025-09-07 09:44:23,929 [95d41743-cdf0-4105-938b-93fe980aeffc@group-77DC33C8A8CA-LeaderElection29] INFO  impl.LeaderElection (LogUtils.java:infoOrTrace(142)) - 95d41743-cdf0-4105-938b-93fe980aeffc@group-77DC33C8A8CA-LeaderElection29 got exception when requesting votes: java.util.concurrent.ExecutionException: org.apache.ratis.thirdparty.io.grpc.StatusRuntimeException: UNAVAILABLE: io exception
2025-09-07 09:44:23,929 [95d41743-cdf0-4105-938b-93fe980aeffc@group-77DC33C8A8CA-LeaderElection29] INFO  impl.LeaderElection (LeaderElection.java:logAndReturn(206)) - 95d41743-cdf0-4105-938b-93fe980aeffc@group-77DC33C8A8CA-LeaderElection29: PRE_VOTE REJECTED received 0 response(s) and 2 exception(s):
2025-09-07 09:44:23,929 [95d41743-cdf0-4105-938b-93fe980aeffc@group-77DC33C8A8CA-LeaderElection29] INFO  impl.LeaderElection (LogUtils.java:infoOrTrace(142)) -   Exception 0: java.util.concurrent.ExecutionException: org.apache.ratis.thirdparty.io.grpc.StatusRuntimeException: UNAVAILABLE: io exception
2025-09-07 09:44:23,929 [95d41743-cdf0-4105-938b-93fe980aeffc@group-77DC33C8A8CA-LeaderElection29] INFO  impl.LeaderElection (LogUtils.java:infoOrTrace(142)) -   Exception 1: java.util.concurrent.ExecutionException: org.apache.ratis.thirdparty.io.grpc.StatusRuntimeException: UNAVAILABLE: io exception
2025-09-07 09:44:23,929 [95d41743-cdf0-4105-938b-93fe980aeffc@group-77DC33C8A8CA-LeaderElection29] INFO  impl.LeaderElection (LeaderElection.java:askForVotes(450)) - 95d41743-cdf0-4105-938b-93fe980aeffc@group-77DC33C8A8CA-LeaderElection29 PRE_VOTE round 0: result REJECTED
2025-09-07 09:44:23,929 [95d41743-cdf0-4105-938b-93fe980aeffc@group-77DC33C8A8CA-LeaderElection29] INFO  server.RaftServer$Division (RaftServerImpl.java:setRole(392)) - 95d41743-cdf0-4105-938b-93fe980aeffc@group-77DC33C8A8CA: changes role from CANDIDATE to FOLLOWER at term 2 for REJECTED
2025-09-07 09:44:23,929 [95d41743-cdf0-4105-938b-93fe980aeffc@group-77DC33C8A8CA-LeaderElection29] INFO  impl.RoleInfo (RoleInfo.java:shutdownLeaderElection(141)) - 95d41743-cdf0-4105-938b-93fe980aeffc: shutdown 95d41743-cdf0-4105-938b-93fe980aeffc@group-77DC33C8A8CA-LeaderElection29
2025-09-07 09:44:23,929 [95d41743-cdf0-4105-938b-93fe980aeffc@group-77DC33C8A8CA-LeaderElection29] INFO  impl.RoleInfo (RoleInfo.java:updateAndGet(148)) - 95d41743-cdf0-4105-938b-93fe980aeffc: start 95d41743-cdf0-4105-938b-93fe980aeffc@group-77DC33C8A8CA-FollowerState
2025-09-07 09:44:24,262 [95d41743-cdf0-4105-938b-93fe980aeffc@group-DDE89B3F2AFE-FollowerState] INFO  impl.FollowerState (FollowerState.java:runImpl(161)) - 95d41743-cdf0-4105-938b-93fe980aeffc@group-DDE89B3F2AFE-FollowerState: change to CANDIDATE, lastRpcElapsedTime:1051369630ns, electionTimeout:1051ms
2025-09-07 09:44:24,262 [95d41743-cdf0-4105-938b-93fe980aeffc@group-DDE89B3F2AFE-FollowerState] INFO  impl.RoleInfo (RoleInfo.java:shutdownFollowerState(121)) - 95d41743-cdf0-4105-938b-93fe980aeffc: shutdown 95d41743-cdf0-4105-938b-93fe980aeffc@group-DDE89B3F2AFE-FollowerState
2025-09-07 09:44:24,262 [95d41743-cdf0-4105-938b-93fe980aeffc@group-DDE89B3F2AFE-FollowerState] INFO  server.RaftServer$Division (RaftServerImpl.java:setRole(392)) - 95d41743-cdf0-4105-938b-93fe980aeffc@group-DDE89B3F2AFE: changes role from  FOLLOWER to CANDIDATE at term 1 for changeToCandidate
2025-09-07 09:44:24,263 [95d41743-cdf0-4105-938b-93fe980aeffc@group-DDE89B3F2AFE-FollowerState] INFO  impl.RoleInfo (RoleInfo.java:updateAndGet(148)) - 95d41743-cdf0-4105-938b-93fe980aeffc: start 95d41743-cdf0-4105-938b-93fe980aeffc@group-DDE89B3F2AFE-LeaderElection30
2025-09-07 09:44:24,263 [95d41743-cdf0-4105-938b-93fe980aeffc@group-DDE89B3F2AFE-LeaderElection30] INFO  impl.LeaderElection (LeaderElection.java:askForVotes(448)) - 95d41743-cdf0-4105-938b-93fe980aeffc@group-DDE89B3F2AFE-LeaderElection30 PRE_VOTE round 0: submit vote requests at term 1 for conf: {index: 0, cur=peers:[95d41743-cdf0-4105-938b-93fe980aeffc|127.0.0.1:15031, 8500c972-c6d1-4433-9d49-a8e3bb920002|127.0.0.1:15023, ff2509eb-55dd-4ad3-b532-83d6209e1a92|127.0.0.1:15015]|listeners:[], old=null}
2025-09-07 09:44:24,264 [95d41743-cdf0-4105-938b-93fe980aeffc@group-DDE89B3F2AFE-LeaderElection30] INFO  impl.LeaderElection (LogUtils.java:infoOrTrace(142)) - 95d41743-cdf0-4105-938b-93fe980aeffc@group-DDE89B3F2AFE-LeaderElection30 got exception when requesting votes: java.util.concurrent.ExecutionException: org.apache.ratis.thirdparty.io.grpc.StatusRuntimeException: UNAVAILABLE: io exception
2025-09-07 09:44:24,264 [95d41743-cdf0-4105-938b-93fe980aeffc@group-DDE89B3F2AFE-LeaderElection30] INFO  impl.LeaderElection (LogUtils.java:infoOrTrace(142)) - 95d41743-cdf0-4105-938b-93fe980aeffc@group-DDE89B3F2AFE-LeaderElection30 got exception when requesting votes: java.util.concurrent.ExecutionException: org.apache.ratis.thirdparty.io.grpc.StatusRuntimeException: UNAVAILABLE: io exception
2025-09-07 09:44:24,264 [95d41743-cdf0-4105-938b-93fe980aeffc@group-DDE89B3F2AFE-LeaderElection30] INFO  impl.LeaderElection (LeaderElection.java:logAndReturn(206)) - 95d41743-cdf0-4105-938b-93fe980aeffc@group-DDE89B3F2AFE-LeaderElection30: PRE_VOTE REJECTED received 0 response(s) and 2 exception(s):
2025-09-07 09:44:24,264 [95d41743-cdf0-4105-938b-93fe980aeffc@group-DDE89B3F2AFE-LeaderElection30] INFO  impl.LeaderElection (LogUtils.java:infoOrTrace(142)) -   Exception 0: java.util.concurrent.ExecutionException: org.apache.ratis.thirdparty.io.grpc.StatusRuntimeException: UNAVAILABLE: io exception
2025-09-07 09:44:24,264 [95d41743-cdf0-4105-938b-93fe980aeffc@group-DDE89B3F2AFE-LeaderElection30] INFO  impl.LeaderElection (LogUtils.java:infoOrTrace(142)) -   Exception 1: java.util.concurrent.ExecutionException: org.apache.ratis.thirdparty.io.grpc.StatusRuntimeException: UNAVAILABLE: io exception
2025-09-07 09:44:24,264 [95d41743-cdf0-4105-938b-93fe980aeffc@group-DDE89B3F2AFE-LeaderElection30] INFO  impl.LeaderElection (LeaderElection.java:askForVotes(450)) - 95d41743-cdf0-4105-938b-93fe980aeffc@group-DDE89B3F2AFE-LeaderElection30 PRE_VOTE round 0: result REJECTED
2025-09-07 09:44:24,264 [95d41743-cdf0-4105-938b-93fe980aeffc@group-DDE89B3F2AFE-LeaderElection30] INFO  server.RaftServer$Division (RaftServerImpl.java:setRole(392)) - 95d41743-cdf0-4105-938b-93fe980aeffc@group-DDE89B3F2AFE: changes role from CANDIDATE to FOLLOWER at term 1 for REJECTED
2025-09-07 09:44:24,264 [95d41743-cdf0-4105-938b-93fe980aeffc@group-DDE89B3F2AFE-LeaderElection30] INFO  impl.RoleInfo (RoleInfo.java:shutdownLeaderElection(141)) - 95d41743-cdf0-4105-938b-93fe980aeffc: shutdown 95d41743-cdf0-4105-938b-93fe980aeffc@group-DDE89B3F2AFE-LeaderElection30
2025-09-07 09:44:24,264 [95d41743-cdf0-4105-938b-93fe980aeffc@group-DDE89B3F2AFE-LeaderElection30] INFO  impl.RoleInfo (RoleInfo.java:updateAndGet(148)) - 95d41743-cdf0-4105-938b-93fe980aeffc: start 95d41743-cdf0-4105-938b-93fe980aeffc@group-DDE89B3F2AFE-FollowerState
2025-09-07 09:44:24,359 [timer2] ERROR impl.OrderedAsync (OrderedAsync.java:lambda$null$6(215)) -  (Repeated 2 times in the last 5.001s) client-68C397D77D12: Failed* RaftClientRequest:client-68C397D77D12->8500c972-c6d1-4433-9d49-a8e3bb920002@group-DDE89B3F2AFE, cid=22, seq=4*, RW, cmdType: WriteChunk
traceID: ""
containerID: 1
datanodeUuid: "ff2509eb-55dd-4ad3-b532-83d6209e1a92"
writeChunk {
  blockID {
    containerID: 1
    localID: 115816896921600001
    blockCommitSequenceId: 2
    replicaIndex: 0
  }
  chunkData {
    chunkName: "115816896921600001_chunk_2"
    offset: 1048576
    len: 1048576
    checksumData {
      type: CRC32
      bytesPerChecksum: 16384
      checksums: "\326\360U\321"
      checksums: "\326\360U\321"
      checksums: "\326\360U\321"
      checksums: "\326\360U\321"
      checksums: "\326\360U\321"
      checksums: "\326\360U\321"
      checksums: "\326\360U\321"
      checksums: "\326\360U\321"
      checksums: "\326\360U\321"
      checksums: "\326\360U\321"
      checksums: "\326\360U\321"
      checksums: "\326\360U\321"
      checksums: "\326\360U\321"
      checksums: "\326\360U\321"
      checksums: "\326\360U\321"
      checksums: "\326\360U\321"
      checksums: "\326\360U\321"
      checksums: "\326\360U\321"
      checksums: "\326\360U\321"
      checksums: "\326\360U\321"
      checksums: "\326\360U\321"
      checksums: "\326\360U\321"
      checksums: "\326\360U\321"
      checksums: "\326\360U\321"
      checksums: "\326\360U\321"
      checksums: "\326\360U\321"
      checksums: "\326\360U\321"
      checksums: "\326\360U\321"
      checksums: "\326\360U\321"
      checksums: "\326\360U\321"
      checksums: "\326\360U\321"
      checksums: "\326\360U\321"
      checksums: "\326\360U\321"
      checksums: "\326\360U\321"
      checksums: "\326\360U\321"
      checksums: "\326\360U\321"
      checksums: "\326\360U\321"
      checksums: "\326\360U\321"
      checksums: "\326\360U\321"
      checksums: "\326\360U\321"
      checksums: "\326\360U\321"
      checksums: "\326\360U\321"
      checksums: "\326\360U\321"
      checksums: "\326\360U\321"
      checksums: "\326\360U\321"
      checksums: "\326\360U\321"
      checksums: "\326\360U\321"
      checksums: "\326\360U\321"
      checksums: "\326\360U\321"
      checksums: "\326\360U\321"
      checksums: "\326\360U\321"
      checksums: "\326\360U\321"
      checksums: "\326\360U\321"
      checksums: "\326\360U\321"
      checksums: "\326\360U\321"
      checksums: "\326\360U\321"
      checksums: "\326\360U\321"
      checksums: "\326\360U\321"
      checksums: "\326\360U\321"
      checksums: "\326\360U\321"
      checksums: "\326\360U\321"
      checksums: "\326\360U\321"
      checksums: "\326\360U\321"
      checksums: "a\003G\263"
    }
  }
}
version: 3
, data.size=1048576
java.util.concurrent.CompletionException: java.io.IOException: org.apache.ratis.thirdparty.io.grpc.StatusRuntimeException: UNAVAILABLE: io exception
	at java.base/java.util.concurrent.CompletableFuture.encodeThrowable(CompletableFuture.java:332)
	at java.base/java.util.concurrent.CompletableFuture.completeThrowable(CompletableFuture.java:347)
	at java.base/java.util.concurrent.CompletableFuture$UniAccept.tryFire(CompletableFuture.java:708)
	at java.base/java.util.concurrent.CompletableFuture.postComplete(CompletableFuture.java:510)
	at java.base/java.util.concurrent.CompletableFuture.completeExceptionally(CompletableFuture.java:2194)
	at org.apache.ratis.grpc.client.GrpcClientProtocolClient$AsyncStreamObservers.completeReplyExceptionally(GrpcClientProtocolClient.java:397)
	at org.apache.ratis.grpc.client.GrpcClientProtocolClient$AsyncStreamObservers.access$000(GrpcClientProtocolClient.java:303)
	at org.apache.ratis.grpc.client.GrpcClientProtocolClient$AsyncStreamObservers$1.onError(GrpcClientProtocolClient.java:334)
	at org.apache.ratis.thirdparty.io.grpc.stub.ClientCalls$StreamObserverToCallListenerAdapter.onClose(ClientCalls.java:564)
	at org.apache.ratis.thirdparty.io.grpc.PartialForwardingClientCallListener.onClose(PartialForwardingClientCallListener.java:39)
	at org.apache.ratis.thirdparty.io.grpc.ForwardingClientCallListener.onClose(ForwardingClientCallListener.java:23)
	at org.apache.ratis.grpc.metrics.intercept.client.MetricClientCallListener.onClose(MetricClientCallListener.java:47)
	at org.apache.ratis.thirdparty.io.grpc.internal.ClientCallImpl.closeObserver(ClientCallImpl.java:565)
	at org.apache.ratis.thirdparty.io.grpc.internal.ClientCallImpl.access$100(ClientCallImpl.java:72)
	at org.apache.ratis.thirdparty.io.grpc.internal.ClientCallImpl$ClientStreamListenerImpl$1StreamClosed.runInternal(ClientCallImpl.java:733)
	at org.apache.ratis.thirdparty.io.grpc.internal.ClientCallImpl$ClientStreamListenerImpl$1StreamClosed.runInContext(ClientCallImpl.java:714)
	at org.apache.ratis.thirdparty.io.grpc.internal.ContextRunnable.run(ContextRunnable.java:37)
	at org.apache.ratis.thirdparty.io.grpc.internal.SerializingExecutor.run(SerializingExecutor.java:133)
	at java.base/java.util.concurrent.ThreadPoolExecutor.runWorker(ThreadPoolExecutor.java:1144)
	at java.base/java.util.concurrent.ThreadPoolExecutor$Worker.run(ThreadPoolExecutor.java:642)
	at java.base/java.lang.Thread.run(Thread.java:1583)
Caused by: java.io.IOException: org.apache.ratis.thirdparty.io.grpc.StatusRuntimeException: UNAVAILABLE: io exception
	at org.apache.ratis.grpc.GrpcUtil.unwrapException(GrpcUtil.java:99)
	at org.apache.ratis.grpc.GrpcUtil.unwrapIOException(GrpcUtil.java:159)
	at org.apache.ratis.grpc.client.GrpcClientProtocolClient$AsyncStreamObservers$1.onError(GrpcClientProtocolClient.java:333)
	... 13 more
Caused by: org.apache.ratis.thirdparty.io.grpc.StatusRuntimeException: UNAVAILABLE: io exception
	at org.apache.ratis.thirdparty.io.grpc.Status.asRuntimeException(Status.java:532)
	... 13 more
Caused by: org.apache.ratis.thirdparty.io.netty.channel.AbstractChannel$AnnotatedConnectException: finishConnect(..) failed: Connection refused: /127.0.0.1:15021
Caused by: java.net.ConnectException: finishConnect(..) failed: Connection refused
	at org.apache.ratis.thirdparty.io.netty.channel.unix.Errors.newConnectException0(Errors.java:166)
	at org.apache.ratis.thirdparty.io.netty.channel.unix.Errors.handleConnectErrno(Errors.java:131)
	at org.apache.ratis.thirdparty.io.netty.channel.unix.Socket.finishConnect(Socket.java:359)
	at org.apache.ratis.thirdparty.io.netty.channel.epoll.AbstractEpollChannel$AbstractEpollUnsafe.doFinishConnect(AbstractEpollChannel.java:715)
	at org.apache.ratis.thirdparty.io.netty.channel.epoll.AbstractEpollChannel$AbstractEpollUnsafe.finishConnect(AbstractEpollChannel.java:692)
	at org.apache.ratis.thirdparty.io.netty.channel.epoll.AbstractEpollChannel$AbstractEpollUnsafe.epollOutReady(AbstractEpollChannel.java:567)
	at org.apache.ratis.thirdparty.io.netty.channel.epoll.EpollEventLoop.processReady(EpollEventLoop.java:491)
	at org.apache.ratis.thirdparty.io.netty.channel.epoll.EpollEventLoop.run(EpollEventLoop.java:399)
	at org.apache.ratis.thirdparty.io.netty.util.concurrent.SingleThreadEventExecutor$4.run(SingleThreadEventExecutor.java:998)
	at org.apache.ratis.thirdparty.io.netty.util.internal.ThreadExecutorMap$2.run(ThreadExecutorMap.java:74)
	at org.apache.ratis.thirdparty.io.netty.util.concurrent.FastThreadLocalRunnable.run(FastThreadLocalRunnable.java:30)
	at java.base/java.lang.Thread.run(Thread.java:1583)
2025-09-07 09:44:25,044 [95d41743-cdf0-4105-938b-93fe980aeffc@group-77DC33C8A8CA-FollowerState] INFO  impl.FollowerState (FollowerState.java:runImpl(161)) - 95d41743-cdf0-4105-938b-93fe980aeffc@group-77DC33C8A8CA-FollowerState: change to CANDIDATE, lastRpcElapsedTime:1114298962ns, electionTimeout:1114ms
2025-09-07 09:44:25,044 [95d41743-cdf0-4105-938b-93fe980aeffc@group-77DC33C8A8CA-FollowerState] INFO  impl.RoleInfo (RoleInfo.java:shutdownFollowerState(121)) - 95d41743-cdf0-4105-938b-93fe980aeffc: shutdown 95d41743-cdf0-4105-938b-93fe980aeffc@group-77DC33C8A8CA-FollowerState
2025-09-07 09:44:25,044 [95d41743-cdf0-4105-938b-93fe980aeffc@group-77DC33C8A8CA-FollowerState] INFO  server.RaftServer$Division (RaftServerImpl.java:setRole(392)) - 95d41743-cdf0-4105-938b-93fe980aeffc@group-77DC33C8A8CA: changes role from  FOLLOWER to CANDIDATE at term 2 for changeToCandidate
2025-09-07 09:44:25,044 [95d41743-cdf0-4105-938b-93fe980aeffc@group-77DC33C8A8CA-FollowerState] INFO  impl.RoleInfo (RoleInfo.java:updateAndGet(148)) - 95d41743-cdf0-4105-938b-93fe980aeffc: start 95d41743-cdf0-4105-938b-93fe980aeffc@group-77DC33C8A8CA-LeaderElection31
2025-09-07 09:44:25,044 [95d41743-cdf0-4105-938b-93fe980aeffc@group-77DC33C8A8CA-LeaderElection31] INFO  impl.LeaderElection (LeaderElection.java:askForVotes(448)) - 95d41743-cdf0-4105-938b-93fe980aeffc@group-77DC33C8A8CA-LeaderElection31 PRE_VOTE round 0: submit vote requests at term 2 for conf: {index: 1, cur=peers:[95d41743-cdf0-4105-938b-93fe980aeffc|127.0.0.1:15031, 8500c972-c6d1-4433-9d49-a8e3bb920002|127.0.0.1:15023, ff2509eb-55dd-4ad3-b532-83d6209e1a92|127.0.0.1:15015]|listeners:[], old=null}
2025-09-07 09:44:25,045 [95d41743-cdf0-4105-938b-93fe980aeffc@group-77DC33C8A8CA-LeaderElection31] INFO  impl.LeaderElection (LogUtils.java:infoOrTrace(142)) - 95d41743-cdf0-4105-938b-93fe980aeffc@group-77DC33C8A8CA-LeaderElection31 got exception when requesting votes: java.util.concurrent.ExecutionException: org.apache.ratis.thirdparty.io.grpc.StatusRuntimeException: UNAVAILABLE: io exception
2025-09-07 09:44:25,045 [95d41743-cdf0-4105-938b-93fe980aeffc@group-77DC33C8A8CA-LeaderElection31] INFO  impl.LeaderElection (LogUtils.java:infoOrTrace(142)) - 95d41743-cdf0-4105-938b-93fe980aeffc@group-77DC33C8A8CA-LeaderElection31 got exception when requesting votes: java.util.concurrent.ExecutionException: org.apache.ratis.thirdparty.io.grpc.StatusRuntimeException: UNAVAILABLE: io exception
2025-09-07 09:44:25,045 [95d41743-cdf0-4105-938b-93fe980aeffc@group-77DC33C8A8CA-LeaderElection31] INFO  impl.LeaderElection (LeaderElection.java:logAndReturn(206)) - 95d41743-cdf0-4105-938b-93fe980aeffc@group-77DC33C8A8CA-LeaderElection31: PRE_VOTE REJECTED received 0 response(s) and 2 exception(s):
2025-09-07 09:44:25,045 [95d41743-cdf0-4105-938b-93fe980aeffc@group-77DC33C8A8CA-LeaderElection31] INFO  impl.LeaderElection (LogUtils.java:infoOrTrace(142)) -   Exception 0: java.util.concurrent.ExecutionException: org.apache.ratis.thirdparty.io.grpc.StatusRuntimeException: UNAVAILABLE: io exception
2025-09-07 09:44:25,045 [95d41743-cdf0-4105-938b-93fe980aeffc@group-77DC33C8A8CA-LeaderElection31] INFO  impl.LeaderElection (LogUtils.java:infoOrTrace(142)) -   Exception 1: java.util.concurrent.ExecutionException: org.apache.ratis.thirdparty.io.grpc.StatusRuntimeException: UNAVAILABLE: io exception
2025-09-07 09:44:25,045 [95d41743-cdf0-4105-938b-93fe980aeffc@group-77DC33C8A8CA-LeaderElection31] INFO  impl.LeaderElection (LeaderElection.java:askForVotes(450)) - 95d41743-cdf0-4105-938b-93fe980aeffc@group-77DC33C8A8CA-LeaderElection31 PRE_VOTE round 0: result REJECTED
2025-09-07 09:44:25,045 [95d41743-cdf0-4105-938b-93fe980aeffc@group-77DC33C8A8CA-LeaderElection31] INFO  server.RaftServer$Division (RaftServerImpl.java:setRole(392)) - 95d41743-cdf0-4105-938b-93fe980aeffc@group-77DC33C8A8CA: changes role from CANDIDATE to FOLLOWER at term 2 for REJECTED
2025-09-07 09:44:25,045 [95d41743-cdf0-4105-938b-93fe980aeffc@group-77DC33C8A8CA-LeaderElection31] INFO  impl.RoleInfo (RoleInfo.java:shutdownLeaderElection(141)) - 95d41743-cdf0-4105-938b-93fe980aeffc: shutdown 95d41743-cdf0-4105-938b-93fe980aeffc@group-77DC33C8A8CA-LeaderElection31
2025-09-07 09:44:25,045 [95d41743-cdf0-4105-938b-93fe980aeffc@group-77DC33C8A8CA-LeaderElection31] INFO  impl.RoleInfo (RoleInfo.java:updateAndGet(148)) - 95d41743-cdf0-4105-938b-93fe980aeffc: start 95d41743-cdf0-4105-938b-93fe980aeffc@group-77DC33C8A8CA-FollowerState
2025-09-07 09:44:25,290 [95d41743-cdf0-4105-938b-93fe980aeffc@group-DDE89B3F2AFE-FollowerState] INFO  impl.FollowerState (FollowerState.java:runImpl(161)) - 95d41743-cdf0-4105-938b-93fe980aeffc@group-DDE89B3F2AFE-FollowerState: change to CANDIDATE, lastRpcElapsedTime:1026260886ns, electionTimeout:1026ms
2025-09-07 09:44:25,291 [95d41743-cdf0-4105-938b-93fe980aeffc@group-DDE89B3F2AFE-FollowerState] INFO  impl.RoleInfo (RoleInfo.java:shutdownFollowerState(121)) - 95d41743-cdf0-4105-938b-93fe980aeffc: shutdown 95d41743-cdf0-4105-938b-93fe980aeffc@group-DDE89B3F2AFE-FollowerState
2025-09-07 09:44:25,291 [95d41743-cdf0-4105-938b-93fe980aeffc@group-DDE89B3F2AFE-FollowerState] INFO  server.RaftServer$Division (RaftServerImpl.java:setRole(392)) - 95d41743-cdf0-4105-938b-93fe980aeffc@group-DDE89B3F2AFE: changes role from  FOLLOWER to CANDIDATE at term 1 for changeToCandidate
2025-09-07 09:44:25,291 [95d41743-cdf0-4105-938b-93fe980aeffc@group-DDE89B3F2AFE-FollowerState] INFO  impl.RoleInfo (RoleInfo.java:updateAndGet(148)) - 95d41743-cdf0-4105-938b-93fe980aeffc: start 95d41743-cdf0-4105-938b-93fe980aeffc@group-DDE89B3F2AFE-LeaderElection32
2025-09-07 09:44:25,291 [95d41743-cdf0-4105-938b-93fe980aeffc@group-DDE89B3F2AFE-LeaderElection32] INFO  impl.LeaderElection (LeaderElection.java:askForVotes(448)) - 95d41743-cdf0-4105-938b-93fe980aeffc@group-DDE89B3F2AFE-LeaderElection32 PRE_VOTE round 0: submit vote requests at term 1 for conf: {index: 0, cur=peers:[95d41743-cdf0-4105-938b-93fe980aeffc|127.0.0.1:15031, 8500c972-c6d1-4433-9d49-a8e3bb920002|127.0.0.1:15023, ff2509eb-55dd-4ad3-b532-83d6209e1a92|127.0.0.1:15015]|listeners:[], old=null}
2025-09-07 09:44:25,292 [95d41743-cdf0-4105-938b-93fe980aeffc@group-DDE89B3F2AFE-LeaderElection32] INFO  impl.LeaderElection (LogUtils.java:infoOrTrace(142)) - 95d41743-cdf0-4105-938b-93fe980aeffc@group-DDE89B3F2AFE-LeaderElection32 got exception when requesting votes: java.util.concurrent.ExecutionException: org.apache.ratis.thirdparty.io.grpc.StatusRuntimeException: UNAVAILABLE: io exception
2025-09-07 09:44:25,292 [95d41743-cdf0-4105-938b-93fe980aeffc@group-DDE89B3F2AFE-LeaderElection32] INFO  impl.LeaderElection (LogUtils.java:infoOrTrace(142)) - 95d41743-cdf0-4105-938b-93fe980aeffc@group-DDE89B3F2AFE-LeaderElection32 got exception when requesting votes: java.util.concurrent.ExecutionException: org.apache.ratis.thirdparty.io.grpc.StatusRuntimeException: UNAVAILABLE: io exception
2025-09-07 09:44:25,292 [95d41743-cdf0-4105-938b-93fe980aeffc@group-DDE89B3F2AFE-LeaderElection32] INFO  impl.LeaderElection (LeaderElection.java:logAndReturn(206)) - 95d41743-cdf0-4105-938b-93fe980aeffc@group-DDE89B3F2AFE-LeaderElection32: PRE_VOTE REJECTED received 0 response(s) and 2 exception(s):
2025-09-07 09:44:25,292 [95d41743-cdf0-4105-938b-93fe980aeffc@group-DDE89B3F2AFE-LeaderElection32] INFO  impl.LeaderElection (LogUtils.java:infoOrTrace(142)) -   Exception 0: java.util.concurrent.ExecutionException: org.apache.ratis.thirdparty.io.grpc.StatusRuntimeException: UNAVAILABLE: io exception
2025-09-07 09:44:25,293 [95d41743-cdf0-4105-938b-93fe980aeffc@group-DDE89B3F2AFE-LeaderElection32] INFO  impl.LeaderElection (LogUtils.java:infoOrTrace(142)) -   Exception 1: java.util.concurrent.ExecutionException: org.apache.ratis.thirdparty.io.grpc.StatusRuntimeException: UNAVAILABLE: io exception
2025-09-07 09:44:25,293 [95d41743-cdf0-4105-938b-93fe980aeffc@group-DDE89B3F2AFE-LeaderElection32] INFO  impl.LeaderElection (LeaderElection.java:askForVotes(450)) - 95d41743-cdf0-4105-938b-93fe980aeffc@group-DDE89B3F2AFE-LeaderElection32 PRE_VOTE round 0: result REJECTED
2025-09-07 09:44:25,293 [95d41743-cdf0-4105-938b-93fe980aeffc@group-DDE89B3F2AFE-LeaderElection32] INFO  server.RaftServer$Division (RaftServerImpl.java:setRole(392)) - 95d41743-cdf0-4105-938b-93fe980aeffc@group-DDE89B3F2AFE: changes role from CANDIDATE to FOLLOWER at term 1 for REJECTED
2025-09-07 09:44:25,293 [95d41743-cdf0-4105-938b-93fe980aeffc@group-DDE89B3F2AFE-LeaderElection32] INFO  impl.RoleInfo (RoleInfo.java:shutdownLeaderElection(141)) - 95d41743-cdf0-4105-938b-93fe980aeffc: shutdown 95d41743-cdf0-4105-938b-93fe980aeffc@group-DDE89B3F2AFE-LeaderElection32
2025-09-07 09:44:25,293 [95d41743-cdf0-4105-938b-93fe980aeffc@group-DDE89B3F2AFE-LeaderElection32] INFO  impl.RoleInfo (RoleInfo.java:updateAndGet(148)) - 95d41743-cdf0-4105-938b-93fe980aeffc: start 95d41743-cdf0-4105-938b-93fe980aeffc@group-DDE89B3F2AFE-FollowerState
2025-09-07 09:44:25,950 [grpc-default-executor-7] ERROR impl.OrderedAsync (OrderedAsync.java:lambda$null$6(215)) -  client-68C397D77D12: Failed* RaftClientRequest:client-68C397D77D12->95d41743-cdf0-4105-938b-93fe980aeffc@group-DDE89B3F2AFE, cid=22, seq=4*, RW, cmdType: WriteChunk
traceID: ""
containerID: 1
datanodeUuid: "ff2509eb-55dd-4ad3-b532-83d6209e1a92"
writeChunk {
  blockID {
    containerID: 1
    localID: 115816896921600001
    blockCommitSequenceId: 2
    replicaIndex: 0
  }
  chunkData {
    chunkName: "115816896921600001_chunk_2"
    offset: 1048576
    len: 1048576
    checksumData {
      type: CRC32
      bytesPerChecksum: 16384
      checksums: "\326\360U\321"
      checksums: "\326\360U\321"
      checksums: "\326\360U\321"
      checksums: "\326\360U\321"
      checksums: "\326\360U\321"
      checksums: "\326\360U\321"
      checksums: "\326\360U\321"
      checksums: "\326\360U\321"
      checksums: "\326\360U\321"
      checksums: "\326\360U\321"
      checksums: "\326\360U\321"
      checksums: "\326\360U\321"
      checksums: "\326\360U\321"
      checksums: "\326\360U\321"
      checksums: "\326\360U\321"
      checksums: "\326\360U\321"
      checksums: "\326\360U\321"
      checksums: "\326\360U\321"
      checksums: "\326\360U\321"
      checksums: "\326\360U\321"
      checksums: "\326\360U\321"
      checksums: "\326\360U\321"
      checksums: "\326\360U\321"
      checksums: "\326\360U\321"
      checksums: "\326\360U\321"
      checksums: "\326\360U\321"
      checksums: "\326\360U\321"
      checksums: "\326\360U\321"
      checksums: "\326\360U\321"
      checksums: "\326\360U\321"
      checksums: "\326\360U\321"
      checksums: "\326\360U\321"
      checksums: "\326\360U\321"
      checksums: "\326\360U\321"
      checksums: "\326\360U\321"
      checksums: "\326\360U\321"
      checksums: "\326\360U\321"
      checksums: "\326\360U\321"
      checksums: "\326\360U\321"
      checksums: "\326\360U\321"
      checksums: "\326\360U\321"
      checksums: "\326\360U\321"
      checksums: "\326\360U\321"
      checksums: "\326\360U\321"
      checksums: "\326\360U\321"
      checksums: "\326\360U\321"
      checksums: "\326\360U\321"
      checksums: "\326\360U\321"
      checksums: "\326\360U\321"
      checksums: "\326\360U\321"
      checksums: "\326\360U\321"
      checksums: "\326\360U\321"
      checksums: "\326\360U\321"
      checksums: "\326\360U\321"
      checksums: "\326\360U\321"
      checksums: "\326\360U\321"
      checksums: "\326\360U\321"
      checksums: "\326\360U\321"
      checksums: "\326\360U\321"
      checksums: "\326\360U\321"
      checksums: "\326\360U\321"
      checksums: "\326\360U\321"
      checksums: "\326\360U\321"
      checksums: "a\003G\263"
    }
  }
}
version: 3
, data.size=1048576
java.util.concurrent.CompletionException: org.apache.ratis.protocol.exceptions.NotLeaderException: Server 95d41743-cdf0-4105-938b-93fe980aeffc@group-DDE89B3F2AFE is not the leader
	at java.base/java.util.concurrent.CompletableFuture.encodeThrowable(CompletableFuture.java:332)
	at java.base/java.util.concurrent.CompletableFuture.completeThrowable(CompletableFuture.java:347)
	at java.base/java.util.concurrent.CompletableFuture$UniAccept.tryFire(CompletableFuture.java:708)
	at java.base/java.util.concurrent.CompletableFuture.postComplete(CompletableFuture.java:510)
	at java.base/java.util.concurrent.CompletableFuture.completeExceptionally(CompletableFuture.java:2194)
	at org.apache.ratis.grpc.client.GrpcClientProtocolClient$AsyncStreamObservers.completeReplyExceptionally(GrpcClientProtocolClient.java:397)
	at org.apache.ratis.grpc.client.GrpcClientProtocolClient$AsyncStreamObservers.access$000(GrpcClientProtocolClient.java:303)
	at org.apache.ratis.grpc.client.GrpcClientProtocolClient$AsyncStreamObservers$1.onNext(GrpcClientProtocolClient.java:317)
	at org.apache.ratis.grpc.client.GrpcClientProtocolClient$AsyncStreamObservers$1.onNext(GrpcClientProtocolClient.java:308)
	at org.apache.ratis.thirdparty.io.grpc.stub.ClientCalls$StreamObserverToCallListenerAdapter.onMessage(ClientCalls.java:551)
	at org.apache.ratis.thirdparty.io.grpc.ForwardingClientCallListener.onMessage(ForwardingClientCallListener.java:33)
	at org.apache.ratis.thirdparty.io.grpc.internal.ClientCallImpl$ClientStreamListenerImpl$1MessagesAvailable.runInternal(ClientCallImpl.java:661)
	at org.apache.ratis.thirdparty.io.grpc.internal.ClientCallImpl$ClientStreamListenerImpl$1MessagesAvailable.runInContext(ClientCallImpl.java:648)
	at org.apache.ratis.thirdparty.io.grpc.internal.ContextRunnable.run(ContextRunnable.java:37)
	at org.apache.ratis.thirdparty.io.grpc.internal.SerializingExecutor.run(SerializingExecutor.java:133)
	at java.base/java.util.concurrent.ThreadPoolExecutor.runWorker(ThreadPoolExecutor.java:1144)
	at java.base/java.util.concurrent.ThreadPoolExecutor$Worker.run(ThreadPoolExecutor.java:642)
	at java.base/java.lang.Thread.run(Thread.java:1583)
Caused by: org.apache.ratis.protocol.exceptions.NotLeaderException: Server 95d41743-cdf0-4105-938b-93fe980aeffc@group-DDE89B3F2AFE is not the leader
	at org.apache.ratis.client.impl.ClientProtoUtils.toRaftClientReply(ClientProtoUtils.java:402)
	at org.apache.ratis.grpc.client.GrpcClientProtocolClient$AsyncStreamObservers$1.onNext(GrpcClientProtocolClient.java:313)
	... 10 more
2025-09-07 09:44:26,166 [95d41743-cdf0-4105-938b-93fe980aeffc@group-77DC33C8A8CA-FollowerState] INFO  impl.FollowerState (FollowerState.java:runImpl(161)) - 95d41743-cdf0-4105-938b-93fe980aeffc@group-77DC33C8A8CA-FollowerState: change to CANDIDATE, lastRpcElapsedTime:1120395961ns, electionTimeout:1120ms
2025-09-07 09:44:26,166 [95d41743-cdf0-4105-938b-93fe980aeffc@group-77DC33C8A8CA-FollowerState] INFO  impl.RoleInfo (RoleInfo.java:shutdownFollowerState(121)) - 95d41743-cdf0-4105-938b-93fe980aeffc: shutdown 95d41743-cdf0-4105-938b-93fe980aeffc@group-77DC33C8A8CA-FollowerState
2025-09-07 09:44:26,166 [95d41743-cdf0-4105-938b-93fe980aeffc@group-77DC33C8A8CA-FollowerState] INFO  server.RaftServer$Division (RaftServerImpl.java:setRole(392)) - 95d41743-cdf0-4105-938b-93fe980aeffc@group-77DC33C8A8CA: changes role from  FOLLOWER to CANDIDATE at term 2 for changeToCandidate
2025-09-07 09:44:26,166 [95d41743-cdf0-4105-938b-93fe980aeffc@group-77DC33C8A8CA-FollowerState] INFO  impl.RoleInfo (RoleInfo.java:updateAndGet(148)) - 95d41743-cdf0-4105-938b-93fe980aeffc: start 95d41743-cdf0-4105-938b-93fe980aeffc@group-77DC33C8A8CA-LeaderElection33
2025-09-07 09:44:26,167 [95d41743-cdf0-4105-938b-93fe980aeffc@group-77DC33C8A8CA-LeaderElection33] INFO  impl.LeaderElection (LeaderElection.java:askForVotes(448)) - 95d41743-cdf0-4105-938b-93fe980aeffc@group-77DC33C8A8CA-LeaderElection33 PRE_VOTE round 0: submit vote requests at term 2 for conf: {index: 1, cur=peers:[95d41743-cdf0-4105-938b-93fe980aeffc|127.0.0.1:15031, 8500c972-c6d1-4433-9d49-a8e3bb920002|127.0.0.1:15023, ff2509eb-55dd-4ad3-b532-83d6209e1a92|127.0.0.1:15015]|listeners:[], old=null}
2025-09-07 09:44:26,167 [95d41743-cdf0-4105-938b-93fe980aeffc@group-77DC33C8A8CA-LeaderElection33] INFO  impl.LeaderElection (LogUtils.java:infoOrTrace(142)) - 95d41743-cdf0-4105-938b-93fe980aeffc@group-77DC33C8A8CA-LeaderElection33 got exception when requesting votes: java.util.concurrent.ExecutionException: org.apache.ratis.thirdparty.io.grpc.StatusRuntimeException: UNAVAILABLE: io exception
2025-09-07 09:44:26,167 [95d41743-cdf0-4105-938b-93fe980aeffc@group-77DC33C8A8CA-LeaderElection33] INFO  impl.LeaderElection (LogUtils.java:infoOrTrace(142)) - 95d41743-cdf0-4105-938b-93fe980aeffc@group-77DC33C8A8CA-LeaderElection33 got exception when requesting votes: java.util.concurrent.ExecutionException: org.apache.ratis.thirdparty.io.grpc.StatusRuntimeException: UNAVAILABLE: io exception
2025-09-07 09:44:26,167 [95d41743-cdf0-4105-938b-93fe980aeffc@group-77DC33C8A8CA-LeaderElection33] INFO  impl.LeaderElection (LeaderElection.java:logAndReturn(206)) - 95d41743-cdf0-4105-938b-93fe980aeffc@group-77DC33C8A8CA-LeaderElection33: PRE_VOTE REJECTED received 0 response(s) and 2 exception(s):
2025-09-07 09:44:26,167 [95d41743-cdf0-4105-938b-93fe980aeffc@group-77DC33C8A8CA-LeaderElection33] INFO  impl.LeaderElection (LogUtils.java:infoOrTrace(142)) -   Exception 0: java.util.concurrent.ExecutionException: org.apache.ratis.thirdparty.io.grpc.StatusRuntimeException: UNAVAILABLE: io exception
2025-09-07 09:44:26,167 [95d41743-cdf0-4105-938b-93fe980aeffc@group-77DC33C8A8CA-LeaderElection33] INFO  impl.LeaderElection (LogUtils.java:infoOrTrace(142)) -   Exception 1: java.util.concurrent.ExecutionException: org.apache.ratis.thirdparty.io.grpc.StatusRuntimeException: UNAVAILABLE: io exception
2025-09-07 09:44:26,168 [95d41743-cdf0-4105-938b-93fe980aeffc@group-77DC33C8A8CA-LeaderElection33] INFO  impl.LeaderElection (LeaderElection.java:askForVotes(450)) - 95d41743-cdf0-4105-938b-93fe980aeffc@group-77DC33C8A8CA-LeaderElection33 PRE_VOTE round 0: result REJECTED
2025-09-07 09:44:26,168 [95d41743-cdf0-4105-938b-93fe980aeffc@group-77DC33C8A8CA-LeaderElection33] INFO  server.RaftServer$Division (RaftServerImpl.java:setRole(392)) - 95d41743-cdf0-4105-938b-93fe980aeffc@group-77DC33C8A8CA: changes role from CANDIDATE to FOLLOWER at term 2 for REJECTED
2025-09-07 09:44:26,168 [95d41743-cdf0-4105-938b-93fe980aeffc@group-77DC33C8A8CA-LeaderElection33] INFO  impl.RoleInfo (RoleInfo.java:shutdownLeaderElection(141)) - 95d41743-cdf0-4105-938b-93fe980aeffc: shutdown 95d41743-cdf0-4105-938b-93fe980aeffc@group-77DC33C8A8CA-LeaderElection33
2025-09-07 09:44:26,168 [95d41743-cdf0-4105-938b-93fe980aeffc@group-77DC33C8A8CA-LeaderElection33] INFO  impl.RoleInfo (RoleInfo.java:updateAndGet(148)) - 95d41743-cdf0-4105-938b-93fe980aeffc: start 95d41743-cdf0-4105-938b-93fe980aeffc@group-77DC33C8A8CA-FollowerState
2025-09-07 09:44:26,365 [95d41743-cdf0-4105-938b-93fe980aeffc@group-DDE89B3F2AFE-FollowerState] INFO  impl.FollowerState (FollowerState.java:runImpl(161)) - 95d41743-cdf0-4105-938b-93fe980aeffc@group-DDE89B3F2AFE-FollowerState: change to CANDIDATE, lastRpcElapsedTime:1072324915ns, electionTimeout:1072ms
2025-09-07 09:44:26,365 [95d41743-cdf0-4105-938b-93fe980aeffc@group-DDE89B3F2AFE-FollowerState] INFO  impl.RoleInfo (RoleInfo.java:shutdownFollowerState(121)) - 95d41743-cdf0-4105-938b-93fe980aeffc: shutdown 95d41743-cdf0-4105-938b-93fe980aeffc@group-DDE89B3F2AFE-FollowerState
2025-09-07 09:44:26,365 [95d41743-cdf0-4105-938b-93fe980aeffc@group-DDE89B3F2AFE-FollowerState] INFO  server.RaftServer$Division (RaftServerImpl.java:setRole(392)) - 95d41743-cdf0-4105-938b-93fe980aeffc@group-DDE89B3F2AFE: changes role from  FOLLOWER to CANDIDATE at term 1 for changeToCandidate
2025-09-07 09:44:26,365 [95d41743-cdf0-4105-938b-93fe980aeffc@group-DDE89B3F2AFE-FollowerState] INFO  impl.RoleInfo (RoleInfo.java:updateAndGet(148)) - 95d41743-cdf0-4105-938b-93fe980aeffc: start 95d41743-cdf0-4105-938b-93fe980aeffc@group-DDE89B3F2AFE-LeaderElection34
2025-09-07 09:44:26,366 [95d41743-cdf0-4105-938b-93fe980aeffc@group-DDE89B3F2AFE-LeaderElection34] INFO  impl.LeaderElection (LeaderElection.java:askForVotes(448)) - 95d41743-cdf0-4105-938b-93fe980aeffc@group-DDE89B3F2AFE-LeaderElection34 PRE_VOTE round 0: submit vote requests at term 1 for conf: {index: 0, cur=peers:[95d41743-cdf0-4105-938b-93fe980aeffc|127.0.0.1:15031, 8500c972-c6d1-4433-9d49-a8e3bb920002|127.0.0.1:15023, ff2509eb-55dd-4ad3-b532-83d6209e1a92|127.0.0.1:15015]|listeners:[], old=null}
2025-09-07 09:44:26,366 [95d41743-cdf0-4105-938b-93fe980aeffc@group-DDE89B3F2AFE-LeaderElection34] INFO  impl.LeaderElection (LogUtils.java:infoOrTrace(142)) - 95d41743-cdf0-4105-938b-93fe980aeffc@group-DDE89B3F2AFE-LeaderElection34 got exception when requesting votes: java.util.concurrent.ExecutionException: org.apache.ratis.thirdparty.io.grpc.StatusRuntimeException: UNAVAILABLE: io exception
2025-09-07 09:44:26,366 [95d41743-cdf0-4105-938b-93fe980aeffc@group-DDE89B3F2AFE-LeaderElection34] INFO  impl.LeaderElection (LogUtils.java:infoOrTrace(142)) - 95d41743-cdf0-4105-938b-93fe980aeffc@group-DDE89B3F2AFE-LeaderElection34 got exception when requesting votes: java.util.concurrent.ExecutionException: org.apache.ratis.thirdparty.io.grpc.StatusRuntimeException: UNAVAILABLE: io exception
2025-09-07 09:44:26,367 [95d41743-cdf0-4105-938b-93fe980aeffc@group-DDE89B3F2AFE-LeaderElection34] INFO  impl.LeaderElection (LeaderElection.java:logAndReturn(206)) - 95d41743-cdf0-4105-938b-93fe980aeffc@group-DDE89B3F2AFE-LeaderElection34: PRE_VOTE REJECTED received 0 response(s) and 2 exception(s):
2025-09-07 09:44:26,367 [95d41743-cdf0-4105-938b-93fe980aeffc@group-DDE89B3F2AFE-LeaderElection34] INFO  impl.LeaderElection (LogUtils.java:infoOrTrace(142)) -   Exception 0: java.util.concurrent.ExecutionException: org.apache.ratis.thirdparty.io.grpc.StatusRuntimeException: UNAVAILABLE: io exception
2025-09-07 09:44:26,367 [95d41743-cdf0-4105-938b-93fe980aeffc@group-DDE89B3F2AFE-LeaderElection34] INFO  impl.LeaderElection (LogUtils.java:infoOrTrace(142)) -   Exception 1: java.util.concurrent.ExecutionException: org.apache.ratis.thirdparty.io.grpc.StatusRuntimeException: UNAVAILABLE: io exception
2025-09-07 09:44:26,367 [95d41743-cdf0-4105-938b-93fe980aeffc@group-DDE89B3F2AFE-LeaderElection34] INFO  impl.LeaderElection (LeaderElection.java:askForVotes(450)) - 95d41743-cdf0-4105-938b-93fe980aeffc@group-DDE89B3F2AFE-LeaderElection34 PRE_VOTE round 0: result REJECTED
2025-09-07 09:44:26,367 [95d41743-cdf0-4105-938b-93fe980aeffc@group-DDE89B3F2AFE-LeaderElection34] INFO  server.RaftServer$Division (RaftServerImpl.java:setRole(392)) - 95d41743-cdf0-4105-938b-93fe980aeffc@group-DDE89B3F2AFE: changes role from CANDIDATE to FOLLOWER at term 1 for REJECTED
2025-09-07 09:44:26,367 [95d41743-cdf0-4105-938b-93fe980aeffc@group-DDE89B3F2AFE-LeaderElection34] INFO  impl.RoleInfo (RoleInfo.java:shutdownLeaderElection(141)) - 95d41743-cdf0-4105-938b-93fe980aeffc: shutdown 95d41743-cdf0-4105-938b-93fe980aeffc@group-DDE89B3F2AFE-LeaderElection34
2025-09-07 09:44:26,367 [95d41743-cdf0-4105-938b-93fe980aeffc@group-DDE89B3F2AFE-LeaderElection34] INFO  impl.RoleInfo (RoleInfo.java:updateAndGet(148)) - 95d41743-cdf0-4105-938b-93fe980aeffc: start 95d41743-cdf0-4105-938b-93fe980aeffc@group-DDE89B3F2AFE-FollowerState
2025-09-07 09:44:27,322 [95d41743-cdf0-4105-938b-93fe980aeffc@group-77DC33C8A8CA-FollowerState] INFO  impl.FollowerState (FollowerState.java:runImpl(161)) - 95d41743-cdf0-4105-938b-93fe980aeffc@group-77DC33C8A8CA-FollowerState: change to CANDIDATE, lastRpcElapsedTime:1153811782ns, electionTimeout:1153ms
2025-09-07 09:44:27,322 [95d41743-cdf0-4105-938b-93fe980aeffc@group-77DC33C8A8CA-FollowerState] INFO  impl.RoleInfo (RoleInfo.java:shutdownFollowerState(121)) - 95d41743-cdf0-4105-938b-93fe980aeffc: shutdown 95d41743-cdf0-4105-938b-93fe980aeffc@group-77DC33C8A8CA-FollowerState
2025-09-07 09:44:27,322 [95d41743-cdf0-4105-938b-93fe980aeffc@group-77DC33C8A8CA-FollowerState] INFO  server.RaftServer$Division (RaftServerImpl.java:setRole(392)) - 95d41743-cdf0-4105-938b-93fe980aeffc@group-77DC33C8A8CA: changes role from  FOLLOWER to CANDIDATE at term 2 for changeToCandidate
2025-09-07 09:44:27,322 [95d41743-cdf0-4105-938b-93fe980aeffc@group-77DC33C8A8CA-FollowerState] INFO  impl.RoleInfo (RoleInfo.java:updateAndGet(148)) - 95d41743-cdf0-4105-938b-93fe980aeffc: start 95d41743-cdf0-4105-938b-93fe980aeffc@group-77DC33C8A8CA-LeaderElection35
2025-09-07 09:44:27,322 [95d41743-cdf0-4105-938b-93fe980aeffc@group-77DC33C8A8CA-LeaderElection35] INFO  impl.LeaderElection (LeaderElection.java:askForVotes(448)) - 95d41743-cdf0-4105-938b-93fe980aeffc@group-77DC33C8A8CA-LeaderElection35 PRE_VOTE round 0: submit vote requests at term 2 for conf: {index: 1, cur=peers:[95d41743-cdf0-4105-938b-93fe980aeffc|127.0.0.1:15031, 8500c972-c6d1-4433-9d49-a8e3bb920002|127.0.0.1:15023, ff2509eb-55dd-4ad3-b532-83d6209e1a92|127.0.0.1:15015]|listeners:[], old=null}
2025-09-07 09:44:27,323 [95d41743-cdf0-4105-938b-93fe980aeffc@group-77DC33C8A8CA-LeaderElection35] INFO  impl.LeaderElection (LogUtils.java:infoOrTrace(142)) - 95d41743-cdf0-4105-938b-93fe980aeffc@group-77DC33C8A8CA-LeaderElection35 got exception when requesting votes: java.util.concurrent.ExecutionException: org.apache.ratis.thirdparty.io.grpc.StatusRuntimeException: UNAVAILABLE: io exception
2025-09-07 09:44:27,323 [95d41743-cdf0-4105-938b-93fe980aeffc@group-77DC33C8A8CA-LeaderElection35] INFO  impl.LeaderElection (LogUtils.java:infoOrTrace(142)) - 95d41743-cdf0-4105-938b-93fe980aeffc@group-77DC33C8A8CA-LeaderElection35 got exception when requesting votes: java.util.concurrent.ExecutionException: org.apache.ratis.thirdparty.io.grpc.StatusRuntimeException: UNAVAILABLE: io exception
2025-09-07 09:44:27,323 [95d41743-cdf0-4105-938b-93fe980aeffc@group-77DC33C8A8CA-LeaderElection35] INFO  impl.LeaderElection (LeaderElection.java:logAndReturn(206)) - 95d41743-cdf0-4105-938b-93fe980aeffc@group-77DC33C8A8CA-LeaderElection35: PRE_VOTE REJECTED received 0 response(s) and 2 exception(s):
2025-09-07 09:44:27,323 [95d41743-cdf0-4105-938b-93fe980aeffc@group-77DC33C8A8CA-LeaderElection35] INFO  impl.LeaderElection (LogUtils.java:infoOrTrace(142)) -   Exception 0: java.util.concurrent.ExecutionException: org.apache.ratis.thirdparty.io.grpc.StatusRuntimeException: UNAVAILABLE: io exception
2025-09-07 09:44:27,323 [95d41743-cdf0-4105-938b-93fe980aeffc@group-77DC33C8A8CA-LeaderElection35] INFO  impl.LeaderElection (LogUtils.java:infoOrTrace(142)) -   Exception 1: java.util.concurrent.ExecutionException: org.apache.ratis.thirdparty.io.grpc.StatusRuntimeException: UNAVAILABLE: io exception
2025-09-07 09:44:27,323 [95d41743-cdf0-4105-938b-93fe980aeffc@group-77DC33C8A8CA-LeaderElection35] INFO  impl.LeaderElection (LeaderElection.java:askForVotes(450)) - 95d41743-cdf0-4105-938b-93fe980aeffc@group-77DC33C8A8CA-LeaderElection35 PRE_VOTE round 0: result REJECTED
2025-09-07 09:44:27,323 [95d41743-cdf0-4105-938b-93fe980aeffc@group-77DC33C8A8CA-LeaderElection35] INFO  server.RaftServer$Division (RaftServerImpl.java:setRole(392)) - 95d41743-cdf0-4105-938b-93fe980aeffc@group-77DC33C8A8CA: changes role from CANDIDATE to FOLLOWER at term 2 for REJECTED
2025-09-07 09:44:27,323 [95d41743-cdf0-4105-938b-93fe980aeffc@group-77DC33C8A8CA-LeaderElection35] INFO  impl.RoleInfo (RoleInfo.java:shutdownLeaderElection(141)) - 95d41743-cdf0-4105-938b-93fe980aeffc: shutdown 95d41743-cdf0-4105-938b-93fe980aeffc@group-77DC33C8A8CA-LeaderElection35
2025-09-07 09:44:27,323 [95d41743-cdf0-4105-938b-93fe980aeffc@group-77DC33C8A8CA-LeaderElection35] INFO  impl.RoleInfo (RoleInfo.java:updateAndGet(148)) - 95d41743-cdf0-4105-938b-93fe980aeffc: start 95d41743-cdf0-4105-938b-93fe980aeffc@group-77DC33C8A8CA-FollowerState
2025-09-07 09:44:27,459 [95d41743-cdf0-4105-938b-93fe980aeffc@group-DDE89B3F2AFE-FollowerState] INFO  impl.FollowerState (FollowerState.java:runImpl(161)) - 95d41743-cdf0-4105-938b-93fe980aeffc@group-DDE89B3F2AFE-FollowerState: change to CANDIDATE, lastRpcElapsedTime:1092430331ns, electionTimeout:1092ms
2025-09-07 09:44:27,459 [95d41743-cdf0-4105-938b-93fe980aeffc@group-DDE89B3F2AFE-FollowerState] INFO  impl.RoleInfo (RoleInfo.java:shutdownFollowerState(121)) - 95d41743-cdf0-4105-938b-93fe980aeffc: shutdown 95d41743-cdf0-4105-938b-93fe980aeffc@group-DDE89B3F2AFE-FollowerState
2025-09-07 09:44:27,459 [95d41743-cdf0-4105-938b-93fe980aeffc@group-DDE89B3F2AFE-FollowerState] INFO  server.RaftServer$Division (RaftServerImpl.java:setRole(392)) - 95d41743-cdf0-4105-938b-93fe980aeffc@group-DDE89B3F2AFE: changes role from  FOLLOWER to CANDIDATE at term 1 for changeToCandidate
2025-09-07 09:44:27,460 [95d41743-cdf0-4105-938b-93fe980aeffc@group-DDE89B3F2AFE-FollowerState] INFO  impl.RoleInfo (RoleInfo.java:updateAndGet(148)) - 95d41743-cdf0-4105-938b-93fe980aeffc: start 95d41743-cdf0-4105-938b-93fe980aeffc@group-DDE89B3F2AFE-LeaderElection36
2025-09-07 09:44:27,460 [95d41743-cdf0-4105-938b-93fe980aeffc@group-DDE89B3F2AFE-LeaderElection36] INFO  impl.LeaderElection (LeaderElection.java:askForVotes(448)) - 95d41743-cdf0-4105-938b-93fe980aeffc@group-DDE89B3F2AFE-LeaderElection36 PRE_VOTE round 0: submit vote requests at term 1 for conf: {index: 0, cur=peers:[95d41743-cdf0-4105-938b-93fe980aeffc|127.0.0.1:15031, 8500c972-c6d1-4433-9d49-a8e3bb920002|127.0.0.1:15023, ff2509eb-55dd-4ad3-b532-83d6209e1a92|127.0.0.1:15015]|listeners:[], old=null}
2025-09-07 09:44:27,461 [95d41743-cdf0-4105-938b-93fe980aeffc@group-DDE89B3F2AFE-LeaderElection36] INFO  impl.LeaderElection (LogUtils.java:infoOrTrace(142)) - 95d41743-cdf0-4105-938b-93fe980aeffc@group-DDE89B3F2AFE-LeaderElection36 got exception when requesting votes: java.util.concurrent.ExecutionException: org.apache.ratis.thirdparty.io.grpc.StatusRuntimeException: UNAVAILABLE: io exception
2025-09-07 09:44:27,461 [95d41743-cdf0-4105-938b-93fe980aeffc@group-DDE89B3F2AFE-LeaderElection36] INFO  impl.LeaderElection (LogUtils.java:infoOrTrace(142)) - 95d41743-cdf0-4105-938b-93fe980aeffc@group-DDE89B3F2AFE-LeaderElection36 got exception when requesting votes: java.util.concurrent.ExecutionException: org.apache.ratis.thirdparty.io.grpc.StatusRuntimeException: UNAVAILABLE: io exception
2025-09-07 09:44:27,461 [95d41743-cdf0-4105-938b-93fe980aeffc@group-DDE89B3F2AFE-LeaderElection36] INFO  impl.LeaderElection (LeaderElection.java:logAndReturn(206)) - 95d41743-cdf0-4105-938b-93fe980aeffc@group-DDE89B3F2AFE-LeaderElection36: PRE_VOTE REJECTED received 0 response(s) and 2 exception(s):
2025-09-07 09:44:27,461 [95d41743-cdf0-4105-938b-93fe980aeffc@group-DDE89B3F2AFE-LeaderElection36] INFO  impl.LeaderElection (LogUtils.java:infoOrTrace(142)) -   Exception 0: java.util.concurrent.ExecutionException: org.apache.ratis.thirdparty.io.grpc.StatusRuntimeException: UNAVAILABLE: io exception
2025-09-07 09:44:27,461 [95d41743-cdf0-4105-938b-93fe980aeffc@group-DDE89B3F2AFE-LeaderElection36] INFO  impl.LeaderElection (LogUtils.java:infoOrTrace(142)) -   Exception 1: java.util.concurrent.ExecutionException: org.apache.ratis.thirdparty.io.grpc.StatusRuntimeException: UNAVAILABLE: io exception
2025-09-07 09:44:27,461 [95d41743-cdf0-4105-938b-93fe980aeffc@group-DDE89B3F2AFE-LeaderElection36] INFO  impl.LeaderElection (LeaderElection.java:askForVotes(450)) - 95d41743-cdf0-4105-938b-93fe980aeffc@group-DDE89B3F2AFE-LeaderElection36 PRE_VOTE round 0: result REJECTED
2025-09-07 09:44:27,461 [95d41743-cdf0-4105-938b-93fe980aeffc@group-DDE89B3F2AFE-LeaderElection36] INFO  server.RaftServer$Division (RaftServerImpl.java:setRole(392)) - 95d41743-cdf0-4105-938b-93fe980aeffc@group-DDE89B3F2AFE: changes role from CANDIDATE to FOLLOWER at term 1 for REJECTED
2025-09-07 09:44:27,461 [95d41743-cdf0-4105-938b-93fe980aeffc@group-DDE89B3F2AFE-LeaderElection36] INFO  impl.RoleInfo (RoleInfo.java:shutdownLeaderElection(141)) - 95d41743-cdf0-4105-938b-93fe980aeffc: shutdown 95d41743-cdf0-4105-938b-93fe980aeffc@group-DDE89B3F2AFE-LeaderElection36
2025-09-07 09:44:27,461 [95d41743-cdf0-4105-938b-93fe980aeffc@group-DDE89B3F2AFE-LeaderElection36] INFO  impl.RoleInfo (RoleInfo.java:updateAndGet(148)) - 95d41743-cdf0-4105-938b-93fe980aeffc: start 95d41743-cdf0-4105-938b-93fe980aeffc@group-DDE89B3F2AFE-FollowerState
2025-09-07 09:44:28,443 [95d41743-cdf0-4105-938b-93fe980aeffc@group-77DC33C8A8CA-FollowerState] INFO  impl.FollowerState (FollowerState.java:runImpl(161)) - 95d41743-cdf0-4105-938b-93fe980aeffc@group-77DC33C8A8CA-FollowerState: change to CANDIDATE, lastRpcElapsedTime:1119268108ns, electionTimeout:1119ms
2025-09-07 09:44:28,443 [95d41743-cdf0-4105-938b-93fe980aeffc@group-77DC33C8A8CA-FollowerState] INFO  impl.RoleInfo (RoleInfo.java:shutdownFollowerState(121)) - 95d41743-cdf0-4105-938b-93fe980aeffc: shutdown 95d41743-cdf0-4105-938b-93fe980aeffc@group-77DC33C8A8CA-FollowerState
2025-09-07 09:44:28,443 [95d41743-cdf0-4105-938b-93fe980aeffc@group-77DC33C8A8CA-FollowerState] INFO  server.RaftServer$Division (RaftServerImpl.java:setRole(392)) - 95d41743-cdf0-4105-938b-93fe980aeffc@group-77DC33C8A8CA: changes role from  FOLLOWER to CANDIDATE at term 2 for changeToCandidate
2025-09-07 09:44:28,443 [95d41743-cdf0-4105-938b-93fe980aeffc@group-77DC33C8A8CA-FollowerState] INFO  impl.RoleInfo (RoleInfo.java:updateAndGet(148)) - 95d41743-cdf0-4105-938b-93fe980aeffc: start 95d41743-cdf0-4105-938b-93fe980aeffc@group-77DC33C8A8CA-LeaderElection37
2025-09-07 09:44:28,443 [95d41743-cdf0-4105-938b-93fe980aeffc@group-77DC33C8A8CA-LeaderElection37] INFO  impl.LeaderElection (LeaderElection.java:askForVotes(448)) - 95d41743-cdf0-4105-938b-93fe980aeffc@group-77DC33C8A8CA-LeaderElection37 PRE_VOTE round 0: submit vote requests at term 2 for conf: {index: 1, cur=peers:[95d41743-cdf0-4105-938b-93fe980aeffc|127.0.0.1:15031, 8500c972-c6d1-4433-9d49-a8e3bb920002|127.0.0.1:15023, ff2509eb-55dd-4ad3-b532-83d6209e1a92|127.0.0.1:15015]|listeners:[], old=null}
2025-09-07 09:44:28,444 [95d41743-cdf0-4105-938b-93fe980aeffc@group-77DC33C8A8CA-LeaderElection37] INFO  impl.LeaderElection (LogUtils.java:infoOrTrace(142)) - 95d41743-cdf0-4105-938b-93fe980aeffc@group-77DC33C8A8CA-LeaderElection37 got exception when requesting votes: java.util.concurrent.ExecutionException: org.apache.ratis.thirdparty.io.grpc.StatusRuntimeException: UNAVAILABLE: io exception
2025-09-07 09:44:28,444 [95d41743-cdf0-4105-938b-93fe980aeffc@group-77DC33C8A8CA-LeaderElection37] INFO  impl.LeaderElection (LogUtils.java:infoOrTrace(142)) - 95d41743-cdf0-4105-938b-93fe980aeffc@group-77DC33C8A8CA-LeaderElection37 got exception when requesting votes: java.util.concurrent.ExecutionException: org.apache.ratis.thirdparty.io.grpc.StatusRuntimeException: UNAVAILABLE: io exception
2025-09-07 09:44:28,444 [95d41743-cdf0-4105-938b-93fe980aeffc@group-77DC33C8A8CA-LeaderElection37] INFO  impl.LeaderElection (LeaderElection.java:logAndReturn(206)) - 95d41743-cdf0-4105-938b-93fe980aeffc@group-77DC33C8A8CA-LeaderElection37: PRE_VOTE REJECTED received 0 response(s) and 2 exception(s):
2025-09-07 09:44:28,444 [95d41743-cdf0-4105-938b-93fe980aeffc@group-77DC33C8A8CA-LeaderElection37] INFO  impl.LeaderElection (LogUtils.java:infoOrTrace(142)) -   Exception 0: java.util.concurrent.ExecutionException: org.apache.ratis.thirdparty.io.grpc.StatusRuntimeException: UNAVAILABLE: io exception
2025-09-07 09:44:28,444 [95d41743-cdf0-4105-938b-93fe980aeffc@group-77DC33C8A8CA-LeaderElection37] INFO  impl.LeaderElection (LogUtils.java:infoOrTrace(142)) -   Exception 1: java.util.concurrent.ExecutionException: org.apache.ratis.thirdparty.io.grpc.StatusRuntimeException: UNAVAILABLE: io exception
2025-09-07 09:44:28,444 [95d41743-cdf0-4105-938b-93fe980aeffc@group-77DC33C8A8CA-LeaderElection37] INFO  impl.LeaderElection (LeaderElection.java:askForVotes(450)) - 95d41743-cdf0-4105-938b-93fe980aeffc@group-77DC33C8A8CA-LeaderElection37 PRE_VOTE round 0: result REJECTED
2025-09-07 09:44:28,444 [95d41743-cdf0-4105-938b-93fe980aeffc@group-77DC33C8A8CA-LeaderElection37] INFO  server.RaftServer$Division (RaftServerImpl.java:setRole(392)) - 95d41743-cdf0-4105-938b-93fe980aeffc@group-77DC33C8A8CA: changes role from CANDIDATE to FOLLOWER at term 2 for REJECTED
2025-09-07 09:44:28,444 [95d41743-cdf0-4105-938b-93fe980aeffc@group-77DC33C8A8CA-LeaderElection37] INFO  impl.RoleInfo (RoleInfo.java:shutdownLeaderElection(141)) - 95d41743-cdf0-4105-938b-93fe980aeffc: shutdown 95d41743-cdf0-4105-938b-93fe980aeffc@group-77DC33C8A8CA-LeaderElection37
2025-09-07 09:44:28,444 [95d41743-cdf0-4105-938b-93fe980aeffc@group-77DC33C8A8CA-LeaderElection37] INFO  impl.RoleInfo (RoleInfo.java:updateAndGet(148)) - 95d41743-cdf0-4105-938b-93fe980aeffc: start 95d41743-cdf0-4105-938b-93fe980aeffc@group-77DC33C8A8CA-FollowerState
2025-09-07 09:44:28,501 [95d41743-cdf0-4105-938b-93fe980aeffc@group-DDE89B3F2AFE-FollowerState] INFO  impl.FollowerState (FollowerState.java:runImpl(161)) - 95d41743-cdf0-4105-938b-93fe980aeffc@group-DDE89B3F2AFE-FollowerState: change to CANDIDATE, lastRpcElapsedTime:1040292480ns, electionTimeout:1040ms
2025-09-07 09:44:28,501 [95d41743-cdf0-4105-938b-93fe980aeffc@group-DDE89B3F2AFE-FollowerState] INFO  impl.RoleInfo (RoleInfo.java:shutdownFollowerState(121)) - 95d41743-cdf0-4105-938b-93fe980aeffc: shutdown 95d41743-cdf0-4105-938b-93fe980aeffc@group-DDE89B3F2AFE-FollowerState
2025-09-07 09:44:28,502 [95d41743-cdf0-4105-938b-93fe980aeffc@group-DDE89B3F2AFE-FollowerState] INFO  server.RaftServer$Division (RaftServerImpl.java:setRole(392)) - 95d41743-cdf0-4105-938b-93fe980aeffc@group-DDE89B3F2AFE: changes role from  FOLLOWER to CANDIDATE at term 1 for changeToCandidate
2025-09-07 09:44:28,502 [95d41743-cdf0-4105-938b-93fe980aeffc@group-DDE89B3F2AFE-FollowerState] INFO  impl.RoleInfo (RoleInfo.java:updateAndGet(148)) - 95d41743-cdf0-4105-938b-93fe980aeffc: start 95d41743-cdf0-4105-938b-93fe980aeffc@group-DDE89B3F2AFE-LeaderElection38
2025-09-07 09:44:28,502 [95d41743-cdf0-4105-938b-93fe980aeffc@group-DDE89B3F2AFE-LeaderElection38] INFO  impl.LeaderElection (LeaderElection.java:askForVotes(448)) - 95d41743-cdf0-4105-938b-93fe980aeffc@group-DDE89B3F2AFE-LeaderElection38 PRE_VOTE round 0: submit vote requests at term 1 for conf: {index: 0, cur=peers:[95d41743-cdf0-4105-938b-93fe980aeffc|127.0.0.1:15031, 8500c972-c6d1-4433-9d49-a8e3bb920002|127.0.0.1:15023, ff2509eb-55dd-4ad3-b532-83d6209e1a92|127.0.0.1:15015]|listeners:[], old=null}
2025-09-07 09:44:28,503 [95d41743-cdf0-4105-938b-93fe980aeffc@group-DDE89B3F2AFE-LeaderElection38] INFO  impl.LeaderElection (LogUtils.java:infoOrTrace(142)) - 95d41743-cdf0-4105-938b-93fe980aeffc@group-DDE89B3F2AFE-LeaderElection38 got exception when requesting votes: java.util.concurrent.ExecutionException: org.apache.ratis.thirdparty.io.grpc.StatusRuntimeException: UNAVAILABLE: io exception
2025-09-07 09:44:28,503 [95d41743-cdf0-4105-938b-93fe980aeffc@group-DDE89B3F2AFE-LeaderElection38] INFO  impl.LeaderElection (LogUtils.java:infoOrTrace(142)) - 95d41743-cdf0-4105-938b-93fe980aeffc@group-DDE89B3F2AFE-LeaderElection38 got exception when requesting votes: java.util.concurrent.ExecutionException: org.apache.ratis.thirdparty.io.grpc.StatusRuntimeException: UNAVAILABLE: io exception
2025-09-07 09:44:28,503 [95d41743-cdf0-4105-938b-93fe980aeffc@group-DDE89B3F2AFE-LeaderElection38] INFO  impl.LeaderElection (LeaderElection.java:logAndReturn(206)) - 95d41743-cdf0-4105-938b-93fe980aeffc@group-DDE89B3F2AFE-LeaderElection38: PRE_VOTE REJECTED received 0 response(s) and 2 exception(s):
2025-09-07 09:44:28,503 [95d41743-cdf0-4105-938b-93fe980aeffc@group-DDE89B3F2AFE-LeaderElection38] INFO  impl.LeaderElection (LogUtils.java:infoOrTrace(142)) -   Exception 0: java.util.concurrent.ExecutionException: org.apache.ratis.thirdparty.io.grpc.StatusRuntimeException: UNAVAILABLE: io exception
2025-09-07 09:44:28,503 [95d41743-cdf0-4105-938b-93fe980aeffc@group-DDE89B3F2AFE-LeaderElection38] INFO  impl.LeaderElection (LogUtils.java:infoOrTrace(142)) -   Exception 1: java.util.concurrent.ExecutionException: org.apache.ratis.thirdparty.io.grpc.StatusRuntimeException: UNAVAILABLE: io exception
2025-09-07 09:44:28,503 [95d41743-cdf0-4105-938b-93fe980aeffc@group-DDE89B3F2AFE-LeaderElection38] INFO  impl.LeaderElection (LeaderElection.java:askForVotes(450)) - 95d41743-cdf0-4105-938b-93fe980aeffc@group-DDE89B3F2AFE-LeaderElection38 PRE_VOTE round 0: result REJECTED
2025-09-07 09:44:28,503 [95d41743-cdf0-4105-938b-93fe980aeffc@group-DDE89B3F2AFE-LeaderElection38] INFO  server.RaftServer$Division (RaftServerImpl.java:setRole(392)) - 95d41743-cdf0-4105-938b-93fe980aeffc@group-DDE89B3F2AFE: changes role from CANDIDATE to FOLLOWER at term 1 for REJECTED
2025-09-07 09:44:28,503 [95d41743-cdf0-4105-938b-93fe980aeffc@group-DDE89B3F2AFE-LeaderElection38] INFO  impl.RoleInfo (RoleInfo.java:shutdownLeaderElection(141)) - 95d41743-cdf0-4105-938b-93fe980aeffc: shutdown 95d41743-cdf0-4105-938b-93fe980aeffc@group-DDE89B3F2AFE-LeaderElection38
2025-09-07 09:44:28,503 [95d41743-cdf0-4105-938b-93fe980aeffc@group-DDE89B3F2AFE-LeaderElection38] INFO  impl.RoleInfo (RoleInfo.java:updateAndGet(148)) - 95d41743-cdf0-4105-938b-93fe980aeffc: start 95d41743-cdf0-4105-938b-93fe980aeffc@group-DDE89B3F2AFE-FollowerState
2025-09-07 09:44:29,031 [grpc-default-executor-5] ERROR impl.OrderedAsync (OrderedAsync.java:lambda$null$6(215)) -  client-68C397D77D12: Failed* RaftClientRequest:client-68C397D77D12->ff2509eb-55dd-4ad3-b532-83d6209e1a92@group-DDE89B3F2AFE, cid=22, seq=4*, RW, cmdType: WriteChunk
traceID: ""
containerID: 1
datanodeUuid: "ff2509eb-55dd-4ad3-b532-83d6209e1a92"
writeChunk {
  blockID {
    containerID: 1
    localID: 115816896921600001
    blockCommitSequenceId: 2
    replicaIndex: 0
  }
  chunkData {
    chunkName: "115816896921600001_chunk_2"
    offset: 1048576
    len: 1048576
    checksumData {
      type: CRC32
      bytesPerChecksum: 16384
      checksums: "\326\360U\321"
      checksums: "\326\360U\321"
      checksums: "\326\360U\321"
      checksums: "\326\360U\321"
      checksums: "\326\360U\321"
      checksums: "\326\360U\321"
      checksums: "\326\360U\321"
      checksums: "\326\360U\321"
      checksums: "\326\360U\321"
      checksums: "\326\360U\321"
      checksums: "\326\360U\321"
      checksums: "\326\360U\321"
      checksums: "\326\360U\321"
      checksums: "\326\360U\321"
      checksums: "\326\360U\321"
      checksums: "\326\360U\321"
      checksums: "\326\360U\321"
      checksums: "\326\360U\321"
      checksums: "\326\360U\321"
      checksums: "\326\360U\321"
      checksums: "\326\360U\321"
      checksums: "\326\360U\321"
      checksums: "\326\360U\321"
      checksums: "\326\360U\321"
      checksums: "\326\360U\321"
      checksums: "\326\360U\321"
      checksums: "\326\360U\321"
      checksums: "\326\360U\321"
      checksums: "\326\360U\321"
      checksums: "\326\360U\321"
      checksums: "\326\360U\321"
      checksums: "\326\360U\321"
      checksums: "\326\360U\321"
      checksums: "\326\360U\321"
      checksums: "\326\360U\321"
      checksums: "\326\360U\321"
      checksums: "\326\360U\321"
      checksums: "\326\360U\321"
      checksums: "\326\360U\321"
      checksums: "\326\360U\321"
      checksums: "\326\360U\321"
      checksums: "\326\360U\321"
      checksums: "\326\360U\321"
      checksums: "\326\360U\321"
      checksums: "\326\360U\321"
      checksums: "\326\360U\321"
      checksums: "\326\360U\321"
      checksums: "\326\360U\321"
      checksums: "\326\360U\321"
      checksums: "\326\360U\321"
      checksums: "\326\360U\321"
      checksums: "\326\360U\321"
      checksums: "\326\360U\321"
      checksums: "\326\360U\321"
      checksums: "\326\360U\321"
      checksums: "\326\360U\321"
      checksums: "\326\360U\321"
      checksums: "\326\360U\321"
      checksums: "\326\360U\321"
      checksums: "\326\360U\321"
      checksums: "\326\360U\321"
      checksums: "\326\360U\321"
      checksums: "\326\360U\321"
      checksums: "a\003G\263"
    }
  }
}
version: 3
, data.size=1048576
java.util.concurrent.CompletionException: java.io.IOException: org.apache.ratis.thirdparty.io.grpc.StatusRuntimeException: UNAVAILABLE: io exception
	at java.base/java.util.concurrent.CompletableFuture.encodeThrowable(CompletableFuture.java:332)
	at java.base/java.util.concurrent.CompletableFuture.completeThrowable(CompletableFuture.java:347)
	at java.base/java.util.concurrent.CompletableFuture$UniAccept.tryFire(CompletableFuture.java:708)
	at java.base/java.util.concurrent.CompletableFuture.postComplete(CompletableFuture.java:510)
	at java.base/java.util.concurrent.CompletableFuture.completeExceptionally(CompletableFuture.java:2194)
	at org.apache.ratis.grpc.client.GrpcClientProtocolClient$AsyncStreamObservers.completeReplyExceptionally(GrpcClientProtocolClient.java:397)
	at org.apache.ratis.grpc.client.GrpcClientProtocolClient$AsyncStreamObservers.access$000(GrpcClientProtocolClient.java:303)
	at org.apache.ratis.grpc.client.GrpcClientProtocolClient$AsyncStreamObservers$1.onError(GrpcClientProtocolClient.java:334)
	at org.apache.ratis.thirdparty.io.grpc.stub.ClientCalls$StreamObserverToCallListenerAdapter.onClose(ClientCalls.java:564)
	at org.apache.ratis.thirdparty.io.grpc.PartialForwardingClientCallListener.onClose(PartialForwardingClientCallListener.java:39)
	at org.apache.ratis.thirdparty.io.grpc.ForwardingClientCallListener.onClose(ForwardingClientCallListener.java:23)
	at org.apache.ratis.grpc.metrics.intercept.client.MetricClientCallListener.onClose(MetricClientCallListener.java:47)
	at org.apache.ratis.thirdparty.io.grpc.internal.DelayedClientCall$DelayedListener$3.run(DelayedClientCall.java:489)
	at org.apache.ratis.thirdparty.io.grpc.internal.DelayedClientCall$DelayedListener.delayOrExecute(DelayedClientCall.java:453)
	at org.apache.ratis.thirdparty.io.grpc.internal.DelayedClientCall$DelayedListener.onClose(DelayedClientCall.java:486)
	at org.apache.ratis.thirdparty.io.grpc.internal.ClientCallImpl.closeObserver(ClientCallImpl.java:565)
	at org.apache.ratis.thirdparty.io.grpc.internal.ClientCallImpl.access$100(ClientCallImpl.java:72)
	at org.apache.ratis.thirdparty.io.grpc.internal.ClientCallImpl$ClientStreamListenerImpl$1StreamClosed.runInternal(ClientCallImpl.java:733)
	at org.apache.ratis.thirdparty.io.grpc.internal.ClientCallImpl$ClientStreamListenerImpl$1StreamClosed.runInContext(ClientCallImpl.java:714)
	at org.apache.ratis.thirdparty.io.grpc.internal.ContextRunnable.run(ContextRunnable.java:37)
	at org.apache.ratis.thirdparty.io.grpc.internal.SerializingExecutor.run(SerializingExecutor.java:133)
	at java.base/java.util.concurrent.ThreadPoolExecutor.runWorker(ThreadPoolExecutor.java:1144)
	at java.base/java.util.concurrent.ThreadPoolExecutor$Worker.run(ThreadPoolExecutor.java:642)
	at java.base/java.lang.Thread.run(Thread.java:1583)
Caused by: java.io.IOException: org.apache.ratis.thirdparty.io.grpc.StatusRuntimeException: UNAVAILABLE: io exception
	at org.apache.ratis.grpc.GrpcUtil.unwrapException(GrpcUtil.java:99)
	at org.apache.ratis.grpc.GrpcUtil.unwrapIOException(GrpcUtil.java:159)
	at org.apache.ratis.grpc.client.GrpcClientProtocolClient$AsyncStreamObservers$1.onError(GrpcClientProtocolClient.java:333)
	... 16 more
Caused by: org.apache.ratis.thirdparty.io.grpc.StatusRuntimeException: UNAVAILABLE: io exception
	at org.apache.ratis.thirdparty.io.grpc.Status.asRuntimeException(Status.java:532)
	... 16 more
Caused by: org.apache.ratis.thirdparty.io.netty.channel.AbstractChannel$AnnotatedConnectException: finishConnect(..) failed: Connection refused: /127.0.0.1:15013
Caused by: java.net.ConnectException: finishConnect(..) failed: Connection refused
	at org.apache.ratis.thirdparty.io.netty.channel.unix.Errors.newConnectException0(Errors.java:166)
	at org.apache.ratis.thirdparty.io.netty.channel.unix.Errors.handleConnectErrno(Errors.java:131)
	at org.apache.ratis.thirdparty.io.netty.channel.unix.Socket.finishConnect(Socket.java:359)
	at org.apache.ratis.thirdparty.io.netty.channel.epoll.AbstractEpollChannel$AbstractEpollUnsafe.doFinishConnect(AbstractEpollChannel.java:715)
	at org.apache.ratis.thirdparty.io.netty.channel.epoll.AbstractEpollChannel$AbstractEpollUnsafe.finishConnect(AbstractEpollChannel.java:692)
	at org.apache.ratis.thirdparty.io.netty.channel.epoll.AbstractEpollChannel$AbstractEpollUnsafe.epollOutReady(AbstractEpollChannel.java:567)
	at org.apache.ratis.thirdparty.io.netty.channel.epoll.EpollEventLoop.processReady(EpollEventLoop.java:491)
	at org.apache.ratis.thirdparty.io.netty.channel.epoll.EpollEventLoop.run(EpollEventLoop.java:399)
	at org.apache.ratis.thirdparty.io.netty.util.concurrent.SingleThreadEventExecutor$4.run(SingleThreadEventExecutor.java:998)
	at org.apache.ratis.thirdparty.io.netty.util.internal.ThreadExecutorMap$2.run(ThreadExecutorMap.java:74)
	at org.apache.ratis.thirdparty.io.netty.util.concurrent.FastThreadLocalRunnable.run(FastThreadLocalRunnable.java:30)
	at java.base/java.lang.Thread.run(Thread.java:1583)
2025-09-07 09:44:29,512 [95d41743-cdf0-4105-938b-93fe980aeffc@group-77DC33C8A8CA-FollowerState] INFO  impl.FollowerState (FollowerState.java:runImpl(161)) - 95d41743-cdf0-4105-938b-93fe980aeffc@group-77DC33C8A8CA-FollowerState: change to CANDIDATE, lastRpcElapsedTime:1067254831ns, electionTimeout:1067ms
2025-09-07 09:44:29,512 [95d41743-cdf0-4105-938b-93fe980aeffc@group-77DC33C8A8CA-FollowerState] INFO  impl.RoleInfo (RoleInfo.java:shutdownFollowerState(121)) - 95d41743-cdf0-4105-938b-93fe980aeffc: shutdown 95d41743-cdf0-4105-938b-93fe980aeffc@group-77DC33C8A8CA-FollowerState
2025-09-07 09:44:29,512 [95d41743-cdf0-4105-938b-93fe980aeffc@group-77DC33C8A8CA-FollowerState] INFO  server.RaftServer$Division (RaftServerImpl.java:setRole(392)) - 95d41743-cdf0-4105-938b-93fe980aeffc@group-77DC33C8A8CA: changes role from  FOLLOWER to CANDIDATE at term 2 for changeToCandidate
2025-09-07 09:44:29,512 [95d41743-cdf0-4105-938b-93fe980aeffc@group-77DC33C8A8CA-FollowerState] INFO  impl.RoleInfo (RoleInfo.java:updateAndGet(148)) - 95d41743-cdf0-4105-938b-93fe980aeffc: start 95d41743-cdf0-4105-938b-93fe980aeffc@group-77DC33C8A8CA-LeaderElection39
2025-09-07 09:44:29,512 [95d41743-cdf0-4105-938b-93fe980aeffc@group-77DC33C8A8CA-LeaderElection39] INFO  impl.LeaderElection (LeaderElection.java:askForVotes(448)) - 95d41743-cdf0-4105-938b-93fe980aeffc@group-77DC33C8A8CA-LeaderElection39 PRE_VOTE round 0: submit vote requests at term 2 for conf: {index: 1, cur=peers:[95d41743-cdf0-4105-938b-93fe980aeffc|127.0.0.1:15031, 8500c972-c6d1-4433-9d49-a8e3bb920002|127.0.0.1:15023, ff2509eb-55dd-4ad3-b532-83d6209e1a92|127.0.0.1:15015]|listeners:[], old=null}
2025-09-07 09:44:29,513 [95d41743-cdf0-4105-938b-93fe980aeffc@group-77DC33C8A8CA-LeaderElection39] INFO  impl.LeaderElection (LogUtils.java:infoOrTrace(142)) - 95d41743-cdf0-4105-938b-93fe980aeffc@group-77DC33C8A8CA-LeaderElection39 got exception when requesting votes: java.util.concurrent.ExecutionException: org.apache.ratis.thirdparty.io.grpc.StatusRuntimeException: UNAVAILABLE: io exception
2025-09-07 09:44:29,513 [95d41743-cdf0-4105-938b-93fe980aeffc@group-77DC33C8A8CA-LeaderElection39] INFO  impl.LeaderElection (LogUtils.java:infoOrTrace(142)) - 95d41743-cdf0-4105-938b-93fe980aeffc@group-77DC33C8A8CA-LeaderElection39 got exception when requesting votes: java.util.concurrent.ExecutionException: org.apache.ratis.thirdparty.io.grpc.StatusRuntimeException: UNAVAILABLE: io exception
2025-09-07 09:44:29,513 [95d41743-cdf0-4105-938b-93fe980aeffc@group-77DC33C8A8CA-LeaderElection39] INFO  impl.LeaderElection (LeaderElection.java:logAndReturn(206)) - 95d41743-cdf0-4105-938b-93fe980aeffc@group-77DC33C8A8CA-LeaderElection39: PRE_VOTE REJECTED received 0 response(s) and 2 exception(s):
2025-09-07 09:44:29,513 [95d41743-cdf0-4105-938b-93fe980aeffc@group-77DC33C8A8CA-LeaderElection39] INFO  impl.LeaderElection (LogUtils.java:infoOrTrace(142)) -   Exception 0: java.util.concurrent.ExecutionException: org.apache.ratis.thirdparty.io.grpc.StatusRuntimeException: UNAVAILABLE: io exception
2025-09-07 09:44:29,513 [95d41743-cdf0-4105-938b-93fe980aeffc@group-77DC33C8A8CA-LeaderElection39] INFO  impl.LeaderElection (LogUtils.java:infoOrTrace(142)) -   Exception 1: java.util.concurrent.ExecutionException: org.apache.ratis.thirdparty.io.grpc.StatusRuntimeException: UNAVAILABLE: io exception
2025-09-07 09:44:29,513 [95d41743-cdf0-4105-938b-93fe980aeffc@group-77DC33C8A8CA-LeaderElection39] INFO  impl.LeaderElection (LeaderElection.java:askForVotes(450)) - 95d41743-cdf0-4105-938b-93fe980aeffc@group-77DC33C8A8CA-LeaderElection39 PRE_VOTE round 0: result REJECTED
2025-09-07 09:44:29,513 [95d41743-cdf0-4105-938b-93fe980aeffc@group-77DC33C8A8CA-LeaderElection39] INFO  server.RaftServer$Division (RaftServerImpl.java:setRole(392)) - 95d41743-cdf0-4105-938b-93fe980aeffc@group-77DC33C8A8CA: changes role from CANDIDATE to FOLLOWER at term 2 for REJECTED
2025-09-07 09:44:29,513 [95d41743-cdf0-4105-938b-93fe980aeffc@group-77DC33C8A8CA-LeaderElection39] INFO  impl.RoleInfo (RoleInfo.java:shutdownLeaderElection(141)) - 95d41743-cdf0-4105-938b-93fe980aeffc: shutdown 95d41743-cdf0-4105-938b-93fe980aeffc@group-77DC33C8A8CA-LeaderElection39
2025-09-07 09:44:29,514 [95d41743-cdf0-4105-938b-93fe980aeffc@group-77DC33C8A8CA-LeaderElection39] INFO  impl.RoleInfo (RoleInfo.java:updateAndGet(148)) - 95d41743-cdf0-4105-938b-93fe980aeffc: start 95d41743-cdf0-4105-938b-93fe980aeffc@group-77DC33C8A8CA-FollowerState
2025-09-07 09:44:29,643 [95d41743-cdf0-4105-938b-93fe980aeffc@group-DDE89B3F2AFE-FollowerState] INFO  impl.FollowerState (FollowerState.java:runImpl(161)) - 95d41743-cdf0-4105-938b-93fe980aeffc@group-DDE89B3F2AFE-FollowerState: change to CANDIDATE, lastRpcElapsedTime:1139309617ns, electionTimeout:1139ms
2025-09-07 09:44:29,643 [95d41743-cdf0-4105-938b-93fe980aeffc@group-DDE89B3F2AFE-FollowerState] INFO  impl.RoleInfo (RoleInfo.java:shutdownFollowerState(121)) - 95d41743-cdf0-4105-938b-93fe980aeffc: shutdown 95d41743-cdf0-4105-938b-93fe980aeffc@group-DDE89B3F2AFE-FollowerState
2025-09-07 09:44:29,643 [95d41743-cdf0-4105-938b-93fe980aeffc@group-DDE89B3F2AFE-FollowerState] INFO  server.RaftServer$Division (RaftServerImpl.java:setRole(392)) - 95d41743-cdf0-4105-938b-93fe980aeffc@group-DDE89B3F2AFE: changes role from  FOLLOWER to CANDIDATE at term 1 for changeToCandidate
2025-09-07 09:44:29,643 [95d41743-cdf0-4105-938b-93fe980aeffc@group-DDE89B3F2AFE-FollowerState] INFO  impl.RoleInfo (RoleInfo.java:updateAndGet(148)) - 95d41743-cdf0-4105-938b-93fe980aeffc: start 95d41743-cdf0-4105-938b-93fe980aeffc@group-DDE89B3F2AFE-LeaderElection40
2025-09-07 09:44:29,643 [95d41743-cdf0-4105-938b-93fe980aeffc@group-DDE89B3F2AFE-LeaderElection40] INFO  impl.LeaderElection (LeaderElection.java:askForVotes(448)) - 95d41743-cdf0-4105-938b-93fe980aeffc@group-DDE89B3F2AFE-LeaderElection40 PRE_VOTE round 0: submit vote requests at term 1 for conf: {index: 0, cur=peers:[95d41743-cdf0-4105-938b-93fe980aeffc|127.0.0.1:15031, 8500c972-c6d1-4433-9d49-a8e3bb920002|127.0.0.1:15023, ff2509eb-55dd-4ad3-b532-83d6209e1a92|127.0.0.1:15015]|listeners:[], old=null}
2025-09-07 09:44:29,644 [95d41743-cdf0-4105-938b-93fe980aeffc@group-DDE89B3F2AFE-LeaderElection40] INFO  impl.LeaderElection (LogUtils.java:infoOrTrace(142)) - 95d41743-cdf0-4105-938b-93fe980aeffc@group-DDE89B3F2AFE-LeaderElection40 got exception when requesting votes: java.util.concurrent.ExecutionException: org.apache.ratis.thirdparty.io.grpc.StatusRuntimeException: UNAVAILABLE: io exception
2025-09-07 09:44:29,644 [95d41743-cdf0-4105-938b-93fe980aeffc@group-DDE89B3F2AFE-LeaderElection40] INFO  impl.LeaderElection (LogUtils.java:infoOrTrace(142)) - 95d41743-cdf0-4105-938b-93fe980aeffc@group-DDE89B3F2AFE-LeaderElection40 got exception when requesting votes: java.util.concurrent.ExecutionException: org.apache.ratis.thirdparty.io.grpc.StatusRuntimeException: UNAVAILABLE: io exception
2025-09-07 09:44:29,644 [95d41743-cdf0-4105-938b-93fe980aeffc@group-DDE89B3F2AFE-LeaderElection40] INFO  impl.LeaderElection (LeaderElection.java:logAndReturn(206)) - 95d41743-cdf0-4105-938b-93fe980aeffc@group-DDE89B3F2AFE-LeaderElection40: PRE_VOTE REJECTED received 0 response(s) and 2 exception(s):
2025-09-07 09:44:29,644 [95d41743-cdf0-4105-938b-93fe980aeffc@group-DDE89B3F2AFE-LeaderElection40] INFO  impl.LeaderElection (LogUtils.java:infoOrTrace(142)) -   Exception 0: java.util.concurrent.ExecutionException: org.apache.ratis.thirdparty.io.grpc.StatusRuntimeException: UNAVAILABLE: io exception
2025-09-07 09:44:29,644 [95d41743-cdf0-4105-938b-93fe980aeffc@group-DDE89B3F2AFE-LeaderElection40] INFO  impl.LeaderElection (LogUtils.java:infoOrTrace(142)) -   Exception 1: java.util.concurrent.ExecutionException: org.apache.ratis.thirdparty.io.grpc.StatusRuntimeException: UNAVAILABLE: io exception
2025-09-07 09:44:29,644 [95d41743-cdf0-4105-938b-93fe980aeffc@group-DDE89B3F2AFE-LeaderElection40] INFO  impl.LeaderElection (LeaderElection.java:askForVotes(450)) - 95d41743-cdf0-4105-938b-93fe980aeffc@group-DDE89B3F2AFE-LeaderElection40 PRE_VOTE round 0: result REJECTED
2025-09-07 09:44:29,644 [95d41743-cdf0-4105-938b-93fe980aeffc@group-DDE89B3F2AFE-LeaderElection40] INFO  server.RaftServer$Division (RaftServerImpl.java:setRole(392)) - 95d41743-cdf0-4105-938b-93fe980aeffc@group-DDE89B3F2AFE: changes role from CANDIDATE to FOLLOWER at term 1 for REJECTED
2025-09-07 09:44:29,644 [95d41743-cdf0-4105-938b-93fe980aeffc@group-DDE89B3F2AFE-LeaderElection40] INFO  impl.RoleInfo (RoleInfo.java:shutdownLeaderElection(141)) - 95d41743-cdf0-4105-938b-93fe980aeffc: shutdown 95d41743-cdf0-4105-938b-93fe980aeffc@group-DDE89B3F2AFE-LeaderElection40
2025-09-07 09:44:29,644 [95d41743-cdf0-4105-938b-93fe980aeffc@group-DDE89B3F2AFE-LeaderElection40] INFO  impl.RoleInfo (RoleInfo.java:updateAndGet(148)) - 95d41743-cdf0-4105-938b-93fe980aeffc: start 95d41743-cdf0-4105-938b-93fe980aeffc@group-DDE89B3F2AFE-FollowerState
2025-09-07 09:44:30,645 [95d41743-cdf0-4105-938b-93fe980aeffc@group-77DC33C8A8CA-FollowerState] INFO  impl.FollowerState (FollowerState.java:runImpl(161)) - 95d41743-cdf0-4105-938b-93fe980aeffc@group-77DC33C8A8CA-FollowerState: change to CANDIDATE, lastRpcElapsedTime:1131302977ns, electionTimeout:1131ms
2025-09-07 09:44:30,645 [95d41743-cdf0-4105-938b-93fe980aeffc@group-77DC33C8A8CA-FollowerState] INFO  impl.RoleInfo (RoleInfo.java:shutdownFollowerState(121)) - 95d41743-cdf0-4105-938b-93fe980aeffc: shutdown 95d41743-cdf0-4105-938b-93fe980aeffc@group-77DC33C8A8CA-FollowerState
2025-09-07 09:44:30,645 [95d41743-cdf0-4105-938b-93fe980aeffc@group-77DC33C8A8CA-FollowerState] INFO  server.RaftServer$Division (RaftServerImpl.java:setRole(392)) - 95d41743-cdf0-4105-938b-93fe980aeffc@group-77DC33C8A8CA: changes role from  FOLLOWER to CANDIDATE at term 2 for changeToCandidate
2025-09-07 09:44:30,645 [95d41743-cdf0-4105-938b-93fe980aeffc@group-77DC33C8A8CA-FollowerState] INFO  impl.RoleInfo (RoleInfo.java:updateAndGet(148)) - 95d41743-cdf0-4105-938b-93fe980aeffc: start 95d41743-cdf0-4105-938b-93fe980aeffc@group-77DC33C8A8CA-LeaderElection41
2025-09-07 09:44:30,646 [95d41743-cdf0-4105-938b-93fe980aeffc@group-77DC33C8A8CA-LeaderElection41] INFO  impl.LeaderElection (LeaderElection.java:askForVotes(448)) - 95d41743-cdf0-4105-938b-93fe980aeffc@group-77DC33C8A8CA-LeaderElection41 PRE_VOTE round 0: submit vote requests at term 2 for conf: {index: 1, cur=peers:[95d41743-cdf0-4105-938b-93fe980aeffc|127.0.0.1:15031, 8500c972-c6d1-4433-9d49-a8e3bb920002|127.0.0.1:15023, ff2509eb-55dd-4ad3-b532-83d6209e1a92|127.0.0.1:15015]|listeners:[], old=null}
2025-09-07 09:44:30,646 [95d41743-cdf0-4105-938b-93fe980aeffc@group-77DC33C8A8CA-LeaderElection41] INFO  impl.LeaderElection (LogUtils.java:infoOrTrace(142)) - 95d41743-cdf0-4105-938b-93fe980aeffc@group-77DC33C8A8CA-LeaderElection41 got exception when requesting votes: java.util.concurrent.ExecutionException: org.apache.ratis.thirdparty.io.grpc.StatusRuntimeException: UNAVAILABLE: io exception
2025-09-07 09:44:30,646 [95d41743-cdf0-4105-938b-93fe980aeffc@group-77DC33C8A8CA-LeaderElection41] INFO  impl.LeaderElection (LogUtils.java:infoOrTrace(142)) - 95d41743-cdf0-4105-938b-93fe980aeffc@group-77DC33C8A8CA-LeaderElection41 got exception when requesting votes: java.util.concurrent.ExecutionException: org.apache.ratis.thirdparty.io.grpc.StatusRuntimeException: UNAVAILABLE: io exception
2025-09-07 09:44:30,646 [95d41743-cdf0-4105-938b-93fe980aeffc@group-77DC33C8A8CA-LeaderElection41] INFO  impl.LeaderElection (LeaderElection.java:logAndReturn(206)) - 95d41743-cdf0-4105-938b-93fe980aeffc@group-77DC33C8A8CA-LeaderElection41: PRE_VOTE REJECTED received 0 response(s) and 2 exception(s):
2025-09-07 09:44:30,646 [95d41743-cdf0-4105-938b-93fe980aeffc@group-77DC33C8A8CA-LeaderElection41] INFO  impl.LeaderElection (LogUtils.java:infoOrTrace(142)) -   Exception 0: java.util.concurrent.ExecutionException: org.apache.ratis.thirdparty.io.grpc.StatusRuntimeException: UNAVAILABLE: io exception
2025-09-07 09:44:30,646 [95d41743-cdf0-4105-938b-93fe980aeffc@group-77DC33C8A8CA-LeaderElection41] INFO  impl.LeaderElection (LogUtils.java:infoOrTrace(142)) -   Exception 1: java.util.concurrent.ExecutionException: org.apache.ratis.thirdparty.io.grpc.StatusRuntimeException: UNAVAILABLE: io exception
2025-09-07 09:44:30,647 [95d41743-cdf0-4105-938b-93fe980aeffc@group-77DC33C8A8CA-LeaderElection41] INFO  impl.LeaderElection (LeaderElection.java:askForVotes(450)) - 95d41743-cdf0-4105-938b-93fe980aeffc@group-77DC33C8A8CA-LeaderElection41 PRE_VOTE round 0: result REJECTED
2025-09-07 09:44:30,647 [95d41743-cdf0-4105-938b-93fe980aeffc@group-77DC33C8A8CA-LeaderElection41] INFO  server.RaftServer$Division (RaftServerImpl.java:setRole(392)) - 95d41743-cdf0-4105-938b-93fe980aeffc@group-77DC33C8A8CA: changes role from CANDIDATE to FOLLOWER at term 2 for REJECTED
2025-09-07 09:44:30,647 [95d41743-cdf0-4105-938b-93fe980aeffc@group-77DC33C8A8CA-LeaderElection41] INFO  impl.RoleInfo (RoleInfo.java:shutdownLeaderElection(141)) - 95d41743-cdf0-4105-938b-93fe980aeffc: shutdown 95d41743-cdf0-4105-938b-93fe980aeffc@group-77DC33C8A8CA-LeaderElection41
2025-09-07 09:44:30,647 [95d41743-cdf0-4105-938b-93fe980aeffc@group-77DC33C8A8CA-LeaderElection41] INFO  impl.RoleInfo (RoleInfo.java:updateAndGet(148)) - 95d41743-cdf0-4105-938b-93fe980aeffc: start 95d41743-cdf0-4105-938b-93fe980aeffc@group-77DC33C8A8CA-FollowerState
2025-09-07 09:44:30,675 [95d41743-cdf0-4105-938b-93fe980aeffc@group-DDE89B3F2AFE-FollowerState] INFO  impl.FollowerState (FollowerState.java:runImpl(161)) - 95d41743-cdf0-4105-938b-93fe980aeffc@group-DDE89B3F2AFE-FollowerState: change to CANDIDATE, lastRpcElapsedTime:1030319802ns, electionTimeout:1030ms
2025-09-07 09:44:30,675 [95d41743-cdf0-4105-938b-93fe980aeffc@group-DDE89B3F2AFE-FollowerState] INFO  impl.RoleInfo (RoleInfo.java:shutdownFollowerState(121)) - 95d41743-cdf0-4105-938b-93fe980aeffc: shutdown 95d41743-cdf0-4105-938b-93fe980aeffc@group-DDE89B3F2AFE-FollowerState
2025-09-07 09:44:30,675 [95d41743-cdf0-4105-938b-93fe980aeffc@group-DDE89B3F2AFE-FollowerState] INFO  server.RaftServer$Division (RaftServerImpl.java:setRole(392)) - 95d41743-cdf0-4105-938b-93fe980aeffc@group-DDE89B3F2AFE: changes role from  FOLLOWER to CANDIDATE at term 1 for changeToCandidate
2025-09-07 09:44:30,675 [95d41743-cdf0-4105-938b-93fe980aeffc@group-DDE89B3F2AFE-FollowerState] INFO  impl.RoleInfo (RoleInfo.java:updateAndGet(148)) - 95d41743-cdf0-4105-938b-93fe980aeffc: start 95d41743-cdf0-4105-938b-93fe980aeffc@group-DDE89B3F2AFE-LeaderElection42
2025-09-07 09:44:30,676 [95d41743-cdf0-4105-938b-93fe980aeffc@group-DDE89B3F2AFE-LeaderElection42] INFO  impl.LeaderElection (LeaderElection.java:askForVotes(448)) - 95d41743-cdf0-4105-938b-93fe980aeffc@group-DDE89B3F2AFE-LeaderElection42 PRE_VOTE round 0: submit vote requests at term 1 for conf: {index: 0, cur=peers:[95d41743-cdf0-4105-938b-93fe980aeffc|127.0.0.1:15031, 8500c972-c6d1-4433-9d49-a8e3bb920002|127.0.0.1:15023, ff2509eb-55dd-4ad3-b532-83d6209e1a92|127.0.0.1:15015]|listeners:[], old=null}
2025-09-07 09:44:30,676 [95d41743-cdf0-4105-938b-93fe980aeffc@group-DDE89B3F2AFE-LeaderElection42] INFO  impl.LeaderElection (LogUtils.java:infoOrTrace(142)) - 95d41743-cdf0-4105-938b-93fe980aeffc@group-DDE89B3F2AFE-LeaderElection42 got exception when requesting votes: java.util.concurrent.ExecutionException: org.apache.ratis.thirdparty.io.grpc.StatusRuntimeException: UNAVAILABLE: io exception
2025-09-07 09:44:30,676 [95d41743-cdf0-4105-938b-93fe980aeffc@group-DDE89B3F2AFE-LeaderElection42] INFO  impl.LeaderElection (LogUtils.java:infoOrTrace(142)) - 95d41743-cdf0-4105-938b-93fe980aeffc@group-DDE89B3F2AFE-LeaderElection42 got exception when requesting votes: java.util.concurrent.ExecutionException: org.apache.ratis.thirdparty.io.grpc.StatusRuntimeException: UNAVAILABLE: io exception
2025-09-07 09:44:30,676 [95d41743-cdf0-4105-938b-93fe980aeffc@group-DDE89B3F2AFE-LeaderElection42] INFO  impl.LeaderElection (LeaderElection.java:logAndReturn(206)) - 95d41743-cdf0-4105-938b-93fe980aeffc@group-DDE89B3F2AFE-LeaderElection42: PRE_VOTE REJECTED received 0 response(s) and 2 exception(s):
2025-09-07 09:44:30,676 [95d41743-cdf0-4105-938b-93fe980aeffc@group-DDE89B3F2AFE-LeaderElection42] INFO  impl.LeaderElection (LogUtils.java:infoOrTrace(142)) -   Exception 0: java.util.concurrent.ExecutionException: org.apache.ratis.thirdparty.io.grpc.StatusRuntimeException: UNAVAILABLE: io exception
2025-09-07 09:44:30,676 [95d41743-cdf0-4105-938b-93fe980aeffc@group-DDE89B3F2AFE-LeaderElection42] INFO  impl.LeaderElection (LogUtils.java:infoOrTrace(142)) -   Exception 1: java.util.concurrent.ExecutionException: org.apache.ratis.thirdparty.io.grpc.StatusRuntimeException: UNAVAILABLE: io exception
2025-09-07 09:44:30,677 [95d41743-cdf0-4105-938b-93fe980aeffc@group-DDE89B3F2AFE-LeaderElection42] INFO  impl.LeaderElection (LeaderElection.java:askForVotes(450)) - 95d41743-cdf0-4105-938b-93fe980aeffc@group-DDE89B3F2AFE-LeaderElection42 PRE_VOTE round 0: result REJECTED
2025-09-07 09:44:30,677 [95d41743-cdf0-4105-938b-93fe980aeffc@group-DDE89B3F2AFE-LeaderElection42] INFO  server.RaftServer$Division (RaftServerImpl.java:setRole(392)) - 95d41743-cdf0-4105-938b-93fe980aeffc@group-DDE89B3F2AFE: changes role from CANDIDATE to FOLLOWER at term 1 for REJECTED
2025-09-07 09:44:30,677 [95d41743-cdf0-4105-938b-93fe980aeffc@group-DDE89B3F2AFE-LeaderElection42] INFO  impl.RoleInfo (RoleInfo.java:shutdownLeaderElection(141)) - 95d41743-cdf0-4105-938b-93fe980aeffc: shutdown 95d41743-cdf0-4105-938b-93fe980aeffc@group-DDE89B3F2AFE-LeaderElection42
2025-09-07 09:44:30,677 [95d41743-cdf0-4105-938b-93fe980aeffc@group-DDE89B3F2AFE-LeaderElection42] INFO  impl.RoleInfo (RoleInfo.java:updateAndGet(148)) - 95d41743-cdf0-4105-938b-93fe980aeffc: start 95d41743-cdf0-4105-938b-93fe980aeffc@group-DDE89B3F2AFE-FollowerState
2025-09-07 09:44:31,750 [95d41743-cdf0-4105-938b-93fe980aeffc@group-DDE89B3F2AFE-FollowerState] INFO  impl.FollowerState (FollowerState.java:runImpl(161)) - 95d41743-cdf0-4105-938b-93fe980aeffc@group-DDE89B3F2AFE-FollowerState: change to CANDIDATE, lastRpcElapsedTime:1073270262ns, electionTimeout:1073ms
2025-09-07 09:44:31,750 [95d41743-cdf0-4105-938b-93fe980aeffc@group-DDE89B3F2AFE-FollowerState] INFO  impl.RoleInfo (RoleInfo.java:shutdownFollowerState(121)) - 95d41743-cdf0-4105-938b-93fe980aeffc: shutdown 95d41743-cdf0-4105-938b-93fe980aeffc@group-DDE89B3F2AFE-FollowerState
2025-09-07 09:44:31,750 [95d41743-cdf0-4105-938b-93fe980aeffc@group-DDE89B3F2AFE-FollowerState] INFO  server.RaftServer$Division (RaftServerImpl.java:setRole(392)) - 95d41743-cdf0-4105-938b-93fe980aeffc@group-DDE89B3F2AFE: changes role from  FOLLOWER to CANDIDATE at term 1 for changeToCandidate
2025-09-07 09:44:31,751 [95d41743-cdf0-4105-938b-93fe980aeffc@group-DDE89B3F2AFE-FollowerState] INFO  impl.RoleInfo (RoleInfo.java:updateAndGet(148)) - 95d41743-cdf0-4105-938b-93fe980aeffc: start 95d41743-cdf0-4105-938b-93fe980aeffc@group-DDE89B3F2AFE-LeaderElection43
2025-09-07 09:44:31,751 [95d41743-cdf0-4105-938b-93fe980aeffc@group-DDE89B3F2AFE-LeaderElection43] INFO  impl.LeaderElection (LeaderElection.java:askForVotes(448)) - 95d41743-cdf0-4105-938b-93fe980aeffc@group-DDE89B3F2AFE-LeaderElection43 PRE_VOTE round 0: submit vote requests at term 1 for conf: {index: 0, cur=peers:[95d41743-cdf0-4105-938b-93fe980aeffc|127.0.0.1:15031, 8500c972-c6d1-4433-9d49-a8e3bb920002|127.0.0.1:15023, ff2509eb-55dd-4ad3-b532-83d6209e1a92|127.0.0.1:15015]|listeners:[], old=null}
2025-09-07 09:44:31,752 [95d41743-cdf0-4105-938b-93fe980aeffc@group-DDE89B3F2AFE-LeaderElection43] INFO  impl.LeaderElection (LogUtils.java:infoOrTrace(142)) - 95d41743-cdf0-4105-938b-93fe980aeffc@group-DDE89B3F2AFE-LeaderElection43 got exception when requesting votes: java.util.concurrent.ExecutionException: org.apache.ratis.thirdparty.io.grpc.StatusRuntimeException: UNAVAILABLE: io exception
2025-09-07 09:44:31,752 [95d41743-cdf0-4105-938b-93fe980aeffc@group-DDE89B3F2AFE-LeaderElection43] INFO  impl.LeaderElection (LogUtils.java:infoOrTrace(142)) - 95d41743-cdf0-4105-938b-93fe980aeffc@group-DDE89B3F2AFE-LeaderElection43 got exception when requesting votes: java.util.concurrent.ExecutionException: org.apache.ratis.thirdparty.io.grpc.StatusRuntimeException: UNAVAILABLE: io exception
2025-09-07 09:44:31,752 [95d41743-cdf0-4105-938b-93fe980aeffc@group-DDE89B3F2AFE-LeaderElection43] INFO  impl.LeaderElection (LeaderElection.java:logAndReturn(206)) - 95d41743-cdf0-4105-938b-93fe980aeffc@group-DDE89B3F2AFE-LeaderElection43: PRE_VOTE REJECTED received 0 response(s) and 2 exception(s):
2025-09-07 09:44:31,752 [95d41743-cdf0-4105-938b-93fe980aeffc@group-DDE89B3F2AFE-LeaderElection43] INFO  impl.LeaderElection (LogUtils.java:infoOrTrace(142)) -   Exception 0: java.util.concurrent.ExecutionException: org.apache.ratis.thirdparty.io.grpc.StatusRuntimeException: UNAVAILABLE: io exception
2025-09-07 09:44:31,752 [95d41743-cdf0-4105-938b-93fe980aeffc@group-DDE89B3F2AFE-LeaderElection43] INFO  impl.LeaderElection (LogUtils.java:infoOrTrace(142)) -   Exception 1: java.util.concurrent.ExecutionException: org.apache.ratis.thirdparty.io.grpc.StatusRuntimeException: UNAVAILABLE: io exception
2025-09-07 09:44:31,752 [95d41743-cdf0-4105-938b-93fe980aeffc@group-DDE89B3F2AFE-LeaderElection43] INFO  impl.LeaderElection (LeaderElection.java:askForVotes(450)) - 95d41743-cdf0-4105-938b-93fe980aeffc@group-DDE89B3F2AFE-LeaderElection43 PRE_VOTE round 0: result REJECTED
2025-09-07 09:44:31,752 [95d41743-cdf0-4105-938b-93fe980aeffc@group-DDE89B3F2AFE-LeaderElection43] INFO  server.RaftServer$Division (RaftServerImpl.java:setRole(392)) - 95d41743-cdf0-4105-938b-93fe980aeffc@group-DDE89B3F2AFE: changes role from CANDIDATE to FOLLOWER at term 1 for REJECTED
2025-09-07 09:44:31,752 [95d41743-cdf0-4105-938b-93fe980aeffc@group-DDE89B3F2AFE-LeaderElection43] INFO  impl.RoleInfo (RoleInfo.java:shutdownLeaderElection(141)) - 95d41743-cdf0-4105-938b-93fe980aeffc: shutdown 95d41743-cdf0-4105-938b-93fe980aeffc@group-DDE89B3F2AFE-LeaderElection43
2025-09-07 09:44:31,752 [95d41743-cdf0-4105-938b-93fe980aeffc@group-DDE89B3F2AFE-LeaderElection43] INFO  impl.RoleInfo (RoleInfo.java:updateAndGet(148)) - 95d41743-cdf0-4105-938b-93fe980aeffc: start 95d41743-cdf0-4105-938b-93fe980aeffc@group-DDE89B3F2AFE-FollowerState
2025-09-07 09:44:31,776 [95d41743-cdf0-4105-938b-93fe980aeffc@group-77DC33C8A8CA-FollowerState] INFO  impl.FollowerState (FollowerState.java:runImpl(161)) - 95d41743-cdf0-4105-938b-93fe980aeffc@group-77DC33C8A8CA-FollowerState: change to CANDIDATE, lastRpcElapsedTime:1129419094ns, electionTimeout:1129ms
2025-09-07 09:44:31,776 [95d41743-cdf0-4105-938b-93fe980aeffc@group-77DC33C8A8CA-FollowerState] INFO  impl.RoleInfo (RoleInfo.java:shutdownFollowerState(121)) - 95d41743-cdf0-4105-938b-93fe980aeffc: shutdown 95d41743-cdf0-4105-938b-93fe980aeffc@group-77DC33C8A8CA-FollowerState
2025-09-07 09:44:31,776 [95d41743-cdf0-4105-938b-93fe980aeffc@group-77DC33C8A8CA-FollowerState] INFO  server.RaftServer$Division (RaftServerImpl.java:setRole(392)) - 95d41743-cdf0-4105-938b-93fe980aeffc@group-77DC33C8A8CA: changes role from  FOLLOWER to CANDIDATE at term 2 for changeToCandidate
2025-09-07 09:44:31,776 [95d41743-cdf0-4105-938b-93fe980aeffc@group-77DC33C8A8CA-FollowerState] INFO  impl.RoleInfo (RoleInfo.java:updateAndGet(148)) - 95d41743-cdf0-4105-938b-93fe980aeffc: start 95d41743-cdf0-4105-938b-93fe980aeffc@group-77DC33C8A8CA-LeaderElection44
2025-09-07 09:44:31,777 [95d41743-cdf0-4105-938b-93fe980aeffc@group-77DC33C8A8CA-LeaderElection44] INFO  impl.LeaderElection (LeaderElection.java:askForVotes(448)) - 95d41743-cdf0-4105-938b-93fe980aeffc@group-77DC33C8A8CA-LeaderElection44 PRE_VOTE round 0: submit vote requests at term 2 for conf: {index: 1, cur=peers:[95d41743-cdf0-4105-938b-93fe980aeffc|127.0.0.1:15031, 8500c972-c6d1-4433-9d49-a8e3bb920002|127.0.0.1:15023, ff2509eb-55dd-4ad3-b532-83d6209e1a92|127.0.0.1:15015]|listeners:[], old=null}
2025-09-07 09:44:31,777 [95d41743-cdf0-4105-938b-93fe980aeffc@group-77DC33C8A8CA-LeaderElection44] INFO  impl.LeaderElection (LogUtils.java:infoOrTrace(142)) - 95d41743-cdf0-4105-938b-93fe980aeffc@group-77DC33C8A8CA-LeaderElection44 got exception when requesting votes: java.util.concurrent.ExecutionException: org.apache.ratis.thirdparty.io.grpc.StatusRuntimeException: UNAVAILABLE: io exception
2025-09-07 09:44:31,778 [95d41743-cdf0-4105-938b-93fe980aeffc@group-77DC33C8A8CA-LeaderElection44] INFO  impl.LeaderElection (LogUtils.java:infoOrTrace(142)) - 95d41743-cdf0-4105-938b-93fe980aeffc@group-77DC33C8A8CA-LeaderElection44 got exception when requesting votes: java.util.concurrent.ExecutionException: org.apache.ratis.thirdparty.io.grpc.StatusRuntimeException: UNAVAILABLE: io exception
2025-09-07 09:44:31,778 [95d41743-cdf0-4105-938b-93fe980aeffc@group-77DC33C8A8CA-LeaderElection44] INFO  impl.LeaderElection (LeaderElection.java:logAndReturn(206)) - 95d41743-cdf0-4105-938b-93fe980aeffc@group-77DC33C8A8CA-LeaderElection44: PRE_VOTE REJECTED received 0 response(s) and 2 exception(s):
2025-09-07 09:44:31,778 [95d41743-cdf0-4105-938b-93fe980aeffc@group-77DC33C8A8CA-LeaderElection44] INFO  impl.LeaderElection (LogUtils.java:infoOrTrace(142)) -   Exception 0: java.util.concurrent.ExecutionException: org.apache.ratis.thirdparty.io.grpc.StatusRuntimeException: UNAVAILABLE: io exception
2025-09-07 09:44:31,778 [95d41743-cdf0-4105-938b-93fe980aeffc@group-77DC33C8A8CA-LeaderElection44] INFO  impl.LeaderElection (LogUtils.java:infoOrTrace(142)) -   Exception 1: java.util.concurrent.ExecutionException: org.apache.ratis.thirdparty.io.grpc.StatusRuntimeException: UNAVAILABLE: io exception
2025-09-07 09:44:31,778 [95d41743-cdf0-4105-938b-93fe980aeffc@group-77DC33C8A8CA-LeaderElection44] INFO  impl.LeaderElection (LeaderElection.java:askForVotes(450)) - 95d41743-cdf0-4105-938b-93fe980aeffc@group-77DC33C8A8CA-LeaderElection44 PRE_VOTE round 0: result REJECTED
2025-09-07 09:44:31,778 [95d41743-cdf0-4105-938b-93fe980aeffc@group-77DC33C8A8CA-LeaderElection44] INFO  server.RaftServer$Division (RaftServerImpl.java:setRole(392)) - 95d41743-cdf0-4105-938b-93fe980aeffc@group-77DC33C8A8CA: changes role from CANDIDATE to FOLLOWER at term 2 for REJECTED
2025-09-07 09:44:31,778 [95d41743-cdf0-4105-938b-93fe980aeffc@group-77DC33C8A8CA-LeaderElection44] INFO  impl.RoleInfo (RoleInfo.java:shutdownLeaderElection(141)) - 95d41743-cdf0-4105-938b-93fe980aeffc: shutdown 95d41743-cdf0-4105-938b-93fe980aeffc@group-77DC33C8A8CA-LeaderElection44
2025-09-07 09:44:31,778 [95d41743-cdf0-4105-938b-93fe980aeffc@group-77DC33C8A8CA-LeaderElection44] INFO  impl.RoleInfo (RoleInfo.java:updateAndGet(148)) - 95d41743-cdf0-4105-938b-93fe980aeffc: start 95d41743-cdf0-4105-938b-93fe980aeffc@group-77DC33C8A8CA-FollowerState
2025-09-07 09:44:32,784 [95d41743-cdf0-4105-938b-93fe980aeffc@group-77DC33C8A8CA-FollowerState] INFO  impl.FollowerState (FollowerState.java:runImpl(161)) - 95d41743-cdf0-4105-938b-93fe980aeffc@group-77DC33C8A8CA-FollowerState: change to CANDIDATE, lastRpcElapsedTime:1006290234ns, electionTimeout:1006ms
2025-09-07 09:44:32,785 [95d41743-cdf0-4105-938b-93fe980aeffc@group-77DC33C8A8CA-FollowerState] INFO  impl.RoleInfo (RoleInfo.java:shutdownFollowerState(121)) - 95d41743-cdf0-4105-938b-93fe980aeffc: shutdown 95d41743-cdf0-4105-938b-93fe980aeffc@group-77DC33C8A8CA-FollowerState
2025-09-07 09:44:32,785 [95d41743-cdf0-4105-938b-93fe980aeffc@group-77DC33C8A8CA-FollowerState] INFO  server.RaftServer$Division (RaftServerImpl.java:setRole(392)) - 95d41743-cdf0-4105-938b-93fe980aeffc@group-77DC33C8A8CA: changes role from  FOLLOWER to CANDIDATE at term 2 for changeToCandidate
2025-09-07 09:44:32,785 [95d41743-cdf0-4105-938b-93fe980aeffc@group-77DC33C8A8CA-FollowerState] INFO  impl.RoleInfo (RoleInfo.java:updateAndGet(148)) - 95d41743-cdf0-4105-938b-93fe980aeffc: start 95d41743-cdf0-4105-938b-93fe980aeffc@group-77DC33C8A8CA-LeaderElection45
2025-09-07 09:44:32,785 [95d41743-cdf0-4105-938b-93fe980aeffc@group-77DC33C8A8CA-LeaderElection45] INFO  impl.LeaderElection (LeaderElection.java:askForVotes(448)) - 95d41743-cdf0-4105-938b-93fe980aeffc@group-77DC33C8A8CA-LeaderElection45 PRE_VOTE round 0: submit vote requests at term 2 for conf: {index: 1, cur=peers:[95d41743-cdf0-4105-938b-93fe980aeffc|127.0.0.1:15031, 8500c972-c6d1-4433-9d49-a8e3bb920002|127.0.0.1:15023, ff2509eb-55dd-4ad3-b532-83d6209e1a92|127.0.0.1:15015]|listeners:[], old=null}
2025-09-07 09:44:32,786 [95d41743-cdf0-4105-938b-93fe980aeffc@group-77DC33C8A8CA-LeaderElection45] INFO  impl.LeaderElection (LogUtils.java:infoOrTrace(142)) - 95d41743-cdf0-4105-938b-93fe980aeffc@group-77DC33C8A8CA-LeaderElection45 got exception when requesting votes: java.util.concurrent.ExecutionException: org.apache.ratis.thirdparty.io.grpc.StatusRuntimeException: UNAVAILABLE: io exception
2025-09-07 09:44:32,786 [95d41743-cdf0-4105-938b-93fe980aeffc@group-77DC33C8A8CA-LeaderElection45] INFO  impl.LeaderElection (LogUtils.java:infoOrTrace(142)) - 95d41743-cdf0-4105-938b-93fe980aeffc@group-77DC33C8A8CA-LeaderElection45 got exception when requesting votes: java.util.concurrent.ExecutionException: org.apache.ratis.thirdparty.io.grpc.StatusRuntimeException: UNAVAILABLE: io exception
2025-09-07 09:44:32,786 [95d41743-cdf0-4105-938b-93fe980aeffc@group-77DC33C8A8CA-LeaderElection45] INFO  impl.LeaderElection (LeaderElection.java:logAndReturn(206)) - 95d41743-cdf0-4105-938b-93fe980aeffc@group-77DC33C8A8CA-LeaderElection45: PRE_VOTE REJECTED received 0 response(s) and 2 exception(s):
2025-09-07 09:44:32,786 [95d41743-cdf0-4105-938b-93fe980aeffc@group-77DC33C8A8CA-LeaderElection45] INFO  impl.LeaderElection (LogUtils.java:infoOrTrace(142)) -   Exception 0: java.util.concurrent.ExecutionException: org.apache.ratis.thirdparty.io.grpc.StatusRuntimeException: UNAVAILABLE: io exception
2025-09-07 09:44:32,786 [95d41743-cdf0-4105-938b-93fe980aeffc@group-77DC33C8A8CA-LeaderElection45] INFO  impl.LeaderElection (LogUtils.java:infoOrTrace(142)) -   Exception 1: java.util.concurrent.ExecutionException: org.apache.ratis.thirdparty.io.grpc.StatusRuntimeException: UNAVAILABLE: io exception
2025-09-07 09:44:32,786 [95d41743-cdf0-4105-938b-93fe980aeffc@group-77DC33C8A8CA-LeaderElection45] INFO  impl.LeaderElection (LeaderElection.java:askForVotes(450)) - 95d41743-cdf0-4105-938b-93fe980aeffc@group-77DC33C8A8CA-LeaderElection45 PRE_VOTE round 0: result REJECTED
2025-09-07 09:44:32,786 [95d41743-cdf0-4105-938b-93fe980aeffc@group-77DC33C8A8CA-LeaderElection45] INFO  server.RaftServer$Division (RaftServerImpl.java:setRole(392)) - 95d41743-cdf0-4105-938b-93fe980aeffc@group-77DC33C8A8CA: changes role from CANDIDATE to FOLLOWER at term 2 for REJECTED
2025-09-07 09:44:32,786 [95d41743-cdf0-4105-938b-93fe980aeffc@group-77DC33C8A8CA-LeaderElection45] INFO  impl.RoleInfo (RoleInfo.java:shutdownLeaderElection(141)) - 95d41743-cdf0-4105-938b-93fe980aeffc: shutdown 95d41743-cdf0-4105-938b-93fe980aeffc@group-77DC33C8A8CA-LeaderElection45
2025-09-07 09:44:32,786 [95d41743-cdf0-4105-938b-93fe980aeffc@group-77DC33C8A8CA-LeaderElection45] INFO  impl.RoleInfo (RoleInfo.java:updateAndGet(148)) - 95d41743-cdf0-4105-938b-93fe980aeffc: start 95d41743-cdf0-4105-938b-93fe980aeffc@group-77DC33C8A8CA-FollowerState
2025-09-07 09:44:32,848 [95d41743-cdf0-4105-938b-93fe980aeffc@group-DDE89B3F2AFE-FollowerState] INFO  impl.FollowerState (FollowerState.java:runImpl(161)) - 95d41743-cdf0-4105-938b-93fe980aeffc@group-DDE89B3F2AFE-FollowerState: change to CANDIDATE, lastRpcElapsedTime:1095368988ns, electionTimeout:1095ms
2025-09-07 09:44:32,848 [95d41743-cdf0-4105-938b-93fe980aeffc@group-DDE89B3F2AFE-FollowerState] INFO  impl.RoleInfo (RoleInfo.java:shutdownFollowerState(121)) - 95d41743-cdf0-4105-938b-93fe980aeffc: shutdown 95d41743-cdf0-4105-938b-93fe980aeffc@group-DDE89B3F2AFE-FollowerState
2025-09-07 09:44:32,848 [95d41743-cdf0-4105-938b-93fe980aeffc@group-DDE89B3F2AFE-FollowerState] INFO  server.RaftServer$Division (RaftServerImpl.java:setRole(392)) - 95d41743-cdf0-4105-938b-93fe980aeffc@group-DDE89B3F2AFE: changes role from  FOLLOWER to CANDIDATE at term 1 for changeToCandidate
2025-09-07 09:44:32,848 [95d41743-cdf0-4105-938b-93fe980aeffc@group-DDE89B3F2AFE-FollowerState] INFO  impl.RoleInfo (RoleInfo.java:updateAndGet(148)) - 95d41743-cdf0-4105-938b-93fe980aeffc: start 95d41743-cdf0-4105-938b-93fe980aeffc@group-DDE89B3F2AFE-LeaderElection46
2025-09-07 09:44:32,848 [95d41743-cdf0-4105-938b-93fe980aeffc@group-DDE89B3F2AFE-LeaderElection46] INFO  impl.LeaderElection (LeaderElection.java:askForVotes(448)) - 95d41743-cdf0-4105-938b-93fe980aeffc@group-DDE89B3F2AFE-LeaderElection46 PRE_VOTE round 0: submit vote requests at term 1 for conf: {index: 0, cur=peers:[95d41743-cdf0-4105-938b-93fe980aeffc|127.0.0.1:15031, 8500c972-c6d1-4433-9d49-a8e3bb920002|127.0.0.1:15023, ff2509eb-55dd-4ad3-b532-83d6209e1a92|127.0.0.1:15015]|listeners:[], old=null}
2025-09-07 09:44:32,849 [95d41743-cdf0-4105-938b-93fe980aeffc@group-DDE89B3F2AFE-LeaderElection46] INFO  impl.LeaderElection (LogUtils.java:infoOrTrace(142)) - 95d41743-cdf0-4105-938b-93fe980aeffc@group-DDE89B3F2AFE-LeaderElection46 got exception when requesting votes: java.util.concurrent.ExecutionException: org.apache.ratis.thirdparty.io.grpc.StatusRuntimeException: UNAVAILABLE: io exception
2025-09-07 09:44:32,849 [95d41743-cdf0-4105-938b-93fe980aeffc@group-DDE89B3F2AFE-LeaderElection46] INFO  impl.LeaderElection (LogUtils.java:infoOrTrace(142)) - 95d41743-cdf0-4105-938b-93fe980aeffc@group-DDE89B3F2AFE-LeaderElection46 got exception when requesting votes: java.util.concurrent.ExecutionException: org.apache.ratis.thirdparty.io.grpc.StatusRuntimeException: UNAVAILABLE: io exception
2025-09-07 09:44:32,849 [95d41743-cdf0-4105-938b-93fe980aeffc@group-DDE89B3F2AFE-LeaderElection46] INFO  impl.LeaderElection (LeaderElection.java:logAndReturn(206)) - 95d41743-cdf0-4105-938b-93fe980aeffc@group-DDE89B3F2AFE-LeaderElection46: PRE_VOTE REJECTED received 0 response(s) and 2 exception(s):
2025-09-07 09:44:32,849 [95d41743-cdf0-4105-938b-93fe980aeffc@group-DDE89B3F2AFE-LeaderElection46] INFO  impl.LeaderElection (LogUtils.java:infoOrTrace(142)) -   Exception 0: java.util.concurrent.ExecutionException: org.apache.ratis.thirdparty.io.grpc.StatusRuntimeException: UNAVAILABLE: io exception
2025-09-07 09:44:32,849 [95d41743-cdf0-4105-938b-93fe980aeffc@group-DDE89B3F2AFE-LeaderElection46] INFO  impl.LeaderElection (LogUtils.java:infoOrTrace(142)) -   Exception 1: java.util.concurrent.ExecutionException: org.apache.ratis.thirdparty.io.grpc.StatusRuntimeException: UNAVAILABLE: io exception
2025-09-07 09:44:32,849 [95d41743-cdf0-4105-938b-93fe980aeffc@group-DDE89B3F2AFE-LeaderElection46] INFO  impl.LeaderElection (LeaderElection.java:askForVotes(450)) - 95d41743-cdf0-4105-938b-93fe980aeffc@group-DDE89B3F2AFE-LeaderElection46 PRE_VOTE round 0: result REJECTED
2025-09-07 09:44:32,849 [95d41743-cdf0-4105-938b-93fe980aeffc@group-DDE89B3F2AFE-LeaderElection46] INFO  server.RaftServer$Division (RaftServerImpl.java:setRole(392)) - 95d41743-cdf0-4105-938b-93fe980aeffc@group-DDE89B3F2AFE: changes role from CANDIDATE to FOLLOWER at term 1 for REJECTED
2025-09-07 09:44:32,849 [95d41743-cdf0-4105-938b-93fe980aeffc@group-DDE89B3F2AFE-LeaderElection46] INFO  impl.RoleInfo (RoleInfo.java:shutdownLeaderElection(141)) - 95d41743-cdf0-4105-938b-93fe980aeffc: shutdown 95d41743-cdf0-4105-938b-93fe980aeffc@group-DDE89B3F2AFE-LeaderElection46
2025-09-07 09:44:32,849 [95d41743-cdf0-4105-938b-93fe980aeffc@group-DDE89B3F2AFE-LeaderElection46] INFO  impl.RoleInfo (RoleInfo.java:updateAndGet(148)) - 95d41743-cdf0-4105-938b-93fe980aeffc: start 95d41743-cdf0-4105-938b-93fe980aeffc@group-DDE89B3F2AFE-FollowerState
2025-09-07 09:44:33,946 [95d41743-cdf0-4105-938b-93fe980aeffc@group-DDE89B3F2AFE-FollowerState] INFO  impl.FollowerState (FollowerState.java:runImpl(161)) - 95d41743-cdf0-4105-938b-93fe980aeffc@group-DDE89B3F2AFE-FollowerState: change to CANDIDATE, lastRpcElapsedTime:1096265798ns, electionTimeout:1096ms
2025-09-07 09:44:33,946 [95d41743-cdf0-4105-938b-93fe980aeffc@group-DDE89B3F2AFE-FollowerState] INFO  impl.RoleInfo (RoleInfo.java:shutdownFollowerState(121)) - 95d41743-cdf0-4105-938b-93fe980aeffc: shutdown 95d41743-cdf0-4105-938b-93fe980aeffc@group-DDE89B3F2AFE-FollowerState
2025-09-07 09:44:33,946 [95d41743-cdf0-4105-938b-93fe980aeffc@group-DDE89B3F2AFE-FollowerState] INFO  server.RaftServer$Division (RaftServerImpl.java:setRole(392)) - 95d41743-cdf0-4105-938b-93fe980aeffc@group-DDE89B3F2AFE: changes role from  FOLLOWER to CANDIDATE at term 1 for changeToCandidate
2025-09-07 09:44:33,946 [95d41743-cdf0-4105-938b-93fe980aeffc@group-DDE89B3F2AFE-FollowerState] INFO  impl.RoleInfo (RoleInfo.java:updateAndGet(148)) - 95d41743-cdf0-4105-938b-93fe980aeffc: start 95d41743-cdf0-4105-938b-93fe980aeffc@group-DDE89B3F2AFE-LeaderElection47
2025-09-07 09:44:33,946 [95d41743-cdf0-4105-938b-93fe980aeffc@group-DDE89B3F2AFE-LeaderElection47] INFO  impl.LeaderElection (LeaderElection.java:askForVotes(448)) - 95d41743-cdf0-4105-938b-93fe980aeffc@group-DDE89B3F2AFE-LeaderElection47 PRE_VOTE round 0: submit vote requests at term 1 for conf: {index: 0, cur=peers:[95d41743-cdf0-4105-938b-93fe980aeffc|127.0.0.1:15031, 8500c972-c6d1-4433-9d49-a8e3bb920002|127.0.0.1:15023, ff2509eb-55dd-4ad3-b532-83d6209e1a92|127.0.0.1:15015]|listeners:[], old=null}
2025-09-07 09:44:33,947 [95d41743-cdf0-4105-938b-93fe980aeffc@group-DDE89B3F2AFE-LeaderElection47] INFO  impl.LeaderElection (LogUtils.java:infoOrTrace(142)) - 95d41743-cdf0-4105-938b-93fe980aeffc@group-DDE89B3F2AFE-LeaderElection47 got exception when requesting votes: java.util.concurrent.ExecutionException: org.apache.ratis.thirdparty.io.grpc.StatusRuntimeException: UNAVAILABLE: io exception
2025-09-07 09:44:33,947 [95d41743-cdf0-4105-938b-93fe980aeffc@group-DDE89B3F2AFE-LeaderElection47] INFO  impl.LeaderElection (LogUtils.java:infoOrTrace(142)) - 95d41743-cdf0-4105-938b-93fe980aeffc@group-DDE89B3F2AFE-LeaderElection47 got exception when requesting votes: java.util.concurrent.ExecutionException: org.apache.ratis.thirdparty.io.grpc.StatusRuntimeException: UNAVAILABLE: io exception
2025-09-07 09:44:33,947 [95d41743-cdf0-4105-938b-93fe980aeffc@group-DDE89B3F2AFE-LeaderElection47] INFO  impl.LeaderElection (LeaderElection.java:logAndReturn(206)) - 95d41743-cdf0-4105-938b-93fe980aeffc@group-DDE89B3F2AFE-LeaderElection47: PRE_VOTE REJECTED received 0 response(s) and 2 exception(s):
2025-09-07 09:44:33,947 [95d41743-cdf0-4105-938b-93fe980aeffc@group-DDE89B3F2AFE-LeaderElection47] INFO  impl.LeaderElection (LogUtils.java:infoOrTrace(142)) -   Exception 0: java.util.concurrent.ExecutionException: org.apache.ratis.thirdparty.io.grpc.StatusRuntimeException: UNAVAILABLE: io exception
2025-09-07 09:44:33,947 [95d41743-cdf0-4105-938b-93fe980aeffc@group-DDE89B3F2AFE-LeaderElection47] INFO  impl.LeaderElection (LogUtils.java:infoOrTrace(142)) -   Exception 1: java.util.concurrent.ExecutionException: org.apache.ratis.thirdparty.io.grpc.StatusRuntimeException: UNAVAILABLE: io exception
2025-09-07 09:44:33,947 [95d41743-cdf0-4105-938b-93fe980aeffc@group-DDE89B3F2AFE-LeaderElection47] INFO  impl.LeaderElection (LeaderElection.java:askForVotes(450)) - 95d41743-cdf0-4105-938b-93fe980aeffc@group-DDE89B3F2AFE-LeaderElection47 PRE_VOTE round 0: result REJECTED
2025-09-07 09:44:33,947 [95d41743-cdf0-4105-938b-93fe980aeffc@group-DDE89B3F2AFE-LeaderElection47] INFO  server.RaftServer$Division (RaftServerImpl.java:setRole(392)) - 95d41743-cdf0-4105-938b-93fe980aeffc@group-DDE89B3F2AFE: changes role from CANDIDATE to FOLLOWER at term 1 for REJECTED
2025-09-07 09:44:33,947 [95d41743-cdf0-4105-938b-93fe980aeffc@group-DDE89B3F2AFE-LeaderElection47] INFO  impl.RoleInfo (RoleInfo.java:shutdownLeaderElection(141)) - 95d41743-cdf0-4105-938b-93fe980aeffc: shutdown 95d41743-cdf0-4105-938b-93fe980aeffc@group-DDE89B3F2AFE-LeaderElection47
2025-09-07 09:44:33,947 [95d41743-cdf0-4105-938b-93fe980aeffc@group-DDE89B3F2AFE-LeaderElection47] INFO  impl.RoleInfo (RoleInfo.java:updateAndGet(148)) - 95d41743-cdf0-4105-938b-93fe980aeffc: start 95d41743-cdf0-4105-938b-93fe980aeffc@group-DDE89B3F2AFE-FollowerState
2025-09-07 09:44:33,956 [95d41743-cdf0-4105-938b-93fe980aeffc@group-77DC33C8A8CA-FollowerState] INFO  impl.FollowerState (FollowerState.java:runImpl(161)) - 95d41743-cdf0-4105-938b-93fe980aeffc@group-77DC33C8A8CA-FollowerState: change to CANDIDATE, lastRpcElapsedTime:1169272448ns, electionTimeout:1169ms
2025-09-07 09:44:33,956 [95d41743-cdf0-4105-938b-93fe980aeffc@group-77DC33C8A8CA-FollowerState] INFO  impl.RoleInfo (RoleInfo.java:shutdownFollowerState(121)) - 95d41743-cdf0-4105-938b-93fe980aeffc: shutdown 95d41743-cdf0-4105-938b-93fe980aeffc@group-77DC33C8A8CA-FollowerState
2025-09-07 09:44:33,956 [95d41743-cdf0-4105-938b-93fe980aeffc@group-77DC33C8A8CA-FollowerState] INFO  server.RaftServer$Division (RaftServerImpl.java:setRole(392)) - 95d41743-cdf0-4105-938b-93fe980aeffc@group-77DC33C8A8CA: changes role from  FOLLOWER to CANDIDATE at term 2 for changeToCandidate
2025-09-07 09:44:33,956 [95d41743-cdf0-4105-938b-93fe980aeffc@group-77DC33C8A8CA-FollowerState] INFO  impl.RoleInfo (RoleInfo.java:updateAndGet(148)) - 95d41743-cdf0-4105-938b-93fe980aeffc: start 95d41743-cdf0-4105-938b-93fe980aeffc@group-77DC33C8A8CA-LeaderElection48
2025-09-07 09:44:33,956 [95d41743-cdf0-4105-938b-93fe980aeffc@group-77DC33C8A8CA-LeaderElection48] INFO  impl.LeaderElection (LeaderElection.java:askForVotes(448)) - 95d41743-cdf0-4105-938b-93fe980aeffc@group-77DC33C8A8CA-LeaderElection48 PRE_VOTE round 0: submit vote requests at term 2 for conf: {index: 1, cur=peers:[95d41743-cdf0-4105-938b-93fe980aeffc|127.0.0.1:15031, 8500c972-c6d1-4433-9d49-a8e3bb920002|127.0.0.1:15023, ff2509eb-55dd-4ad3-b532-83d6209e1a92|127.0.0.1:15015]|listeners:[], old=null}
2025-09-07 09:44:33,957 [95d41743-cdf0-4105-938b-93fe980aeffc@group-77DC33C8A8CA-LeaderElection48] INFO  impl.LeaderElection (LogUtils.java:infoOrTrace(142)) - 95d41743-cdf0-4105-938b-93fe980aeffc@group-77DC33C8A8CA-LeaderElection48 got exception when requesting votes: java.util.concurrent.ExecutionException: org.apache.ratis.thirdparty.io.grpc.StatusRuntimeException: UNAVAILABLE: io exception
2025-09-07 09:44:33,957 [95d41743-cdf0-4105-938b-93fe980aeffc@group-77DC33C8A8CA-LeaderElection48] INFO  impl.LeaderElection (LogUtils.java:infoOrTrace(142)) - 95d41743-cdf0-4105-938b-93fe980aeffc@group-77DC33C8A8CA-LeaderElection48 got exception when requesting votes: java.util.concurrent.ExecutionException: org.apache.ratis.thirdparty.io.grpc.StatusRuntimeException: UNAVAILABLE: io exception
2025-09-07 09:44:33,957 [95d41743-cdf0-4105-938b-93fe980aeffc@group-77DC33C8A8CA-LeaderElection48] INFO  impl.LeaderElection (LeaderElection.java:logAndReturn(206)) - 95d41743-cdf0-4105-938b-93fe980aeffc@group-77DC33C8A8CA-LeaderElection48: PRE_VOTE REJECTED received 0 response(s) and 2 exception(s):
2025-09-07 09:44:33,957 [95d41743-cdf0-4105-938b-93fe980aeffc@group-77DC33C8A8CA-LeaderElection48] INFO  impl.LeaderElection (LogUtils.java:infoOrTrace(142)) -   Exception 0: java.util.concurrent.ExecutionException: org.apache.ratis.thirdparty.io.grpc.StatusRuntimeException: UNAVAILABLE: io exception
2025-09-07 09:44:33,957 [95d41743-cdf0-4105-938b-93fe980aeffc@group-77DC33C8A8CA-LeaderElection48] INFO  impl.LeaderElection (LogUtils.java:infoOrTrace(142)) -   Exception 1: java.util.concurrent.ExecutionException: org.apache.ratis.thirdparty.io.grpc.StatusRuntimeException: UNAVAILABLE: io exception
2025-09-07 09:44:33,957 [95d41743-cdf0-4105-938b-93fe980aeffc@group-77DC33C8A8CA-LeaderElection48] INFO  impl.LeaderElection (LeaderElection.java:askForVotes(450)) - 95d41743-cdf0-4105-938b-93fe980aeffc@group-77DC33C8A8CA-LeaderElection48 PRE_VOTE round 0: result REJECTED
2025-09-07 09:44:33,957 [95d41743-cdf0-4105-938b-93fe980aeffc@group-77DC33C8A8CA-LeaderElection48] INFO  server.RaftServer$Division (RaftServerImpl.java:setRole(392)) - 95d41743-cdf0-4105-938b-93fe980aeffc@group-77DC33C8A8CA: changes role from CANDIDATE to FOLLOWER at term 2 for REJECTED
2025-09-07 09:44:33,957 [95d41743-cdf0-4105-938b-93fe980aeffc@group-77DC33C8A8CA-LeaderElection48] INFO  impl.RoleInfo (RoleInfo.java:shutdownLeaderElection(141)) - 95d41743-cdf0-4105-938b-93fe980aeffc: shutdown 95d41743-cdf0-4105-938b-93fe980aeffc@group-77DC33C8A8CA-LeaderElection48
2025-09-07 09:44:33,957 [95d41743-cdf0-4105-938b-93fe980aeffc@group-77DC33C8A8CA-LeaderElection48] INFO  impl.RoleInfo (RoleInfo.java:updateAndGet(148)) - 95d41743-cdf0-4105-938b-93fe980aeffc: start 95d41743-cdf0-4105-938b-93fe980aeffc@group-77DC33C8A8CA-FollowerState
2025-09-07 09:44:34,033 [timer3] ERROR impl.OrderedAsync (OrderedAsync.java:lambda$null$6(215)) -  (Repeated 2 times in the last 5.001s) client-68C397D77D12: Failed* RaftClientRequest:client-68C397D77D12->8500c972-c6d1-4433-9d49-a8e3bb920002@group-DDE89B3F2AFE, cid=22, seq=4*, RW, cmdType: WriteChunk
traceID: ""
containerID: 1
datanodeUuid: "ff2509eb-55dd-4ad3-b532-83d6209e1a92"
writeChunk {
  blockID {
    containerID: 1
    localID: 115816896921600001
    blockCommitSequenceId: 2
    replicaIndex: 0
  }
  chunkData {
    chunkName: "115816896921600001_chunk_2"
    offset: 1048576
    len: 1048576
    checksumData {
      type: CRC32
      bytesPerChecksum: 16384
      checksums: "\326\360U\321"
      checksums: "\326\360U\321"
      checksums: "\326\360U\321"
      checksums: "\326\360U\321"
      checksums: "\326\360U\321"
      checksums: "\326\360U\321"
      checksums: "\326\360U\321"
      checksums: "\326\360U\321"
      checksums: "\326\360U\321"
      checksums: "\326\360U\321"
      checksums: "\326\360U\321"
      checksums: "\326\360U\321"
      checksums: "\326\360U\321"
      checksums: "\326\360U\321"
      checksums: "\326\360U\321"
      checksums: "\326\360U\321"
      checksums: "\326\360U\321"
      checksums: "\326\360U\321"
      checksums: "\326\360U\321"
      checksums: "\326\360U\321"
      checksums: "\326\360U\321"
      checksums: "\326\360U\321"
      checksums: "\326\360U\321"
      checksums: "\326\360U\321"
      checksums: "\326\360U\321"
      checksums: "\326\360U\321"
      checksums: "\326\360U\321"
      checksums: "\326\360U\321"
      checksums: "\326\360U\321"
      checksums: "\326\360U\321"
      checksums: "\326\360U\321"
      checksums: "\326\360U\321"
      checksums: "\326\360U\321"
      checksums: "\326\360U\321"
      checksums: "\326\360U\321"
      checksums: "\326\360U\321"
      checksums: "\326\360U\321"
      checksums: "\326\360U\321"
      checksums: "\326\360U\321"
      checksums: "\326\360U\321"
      checksums: "\326\360U\321"
      checksums: "\326\360U\321"
      checksums: "\326\360U\321"
      checksums: "\326\360U\321"
      checksums: "\326\360U\321"
      checksums: "\326\360U\321"
      checksums: "\326\360U\321"
      checksums: "\326\360U\321"
      checksums: "\326\360U\321"
      checksums: "\326\360U\321"
      checksums: "\326\360U\321"
      checksums: "\326\360U\321"
      checksums: "\326\360U\321"
      checksums: "\326\360U\321"
      checksums: "\326\360U\321"
      checksums: "\326\360U\321"
      checksums: "\326\360U\321"
      checksums: "\326\360U\321"
      checksums: "\326\360U\321"
      checksums: "\326\360U\321"
      checksums: "\326\360U\321"
      checksums: "\326\360U\321"
      checksums: "\326\360U\321"
      checksums: "a\003G\263"
    }
  }
}
version: 3
, data.size=1048576
java.util.concurrent.CompletionException: java.io.IOException: org.apache.ratis.thirdparty.io.grpc.StatusRuntimeException: UNAVAILABLE: io exception
	at java.base/java.util.concurrent.CompletableFuture.encodeThrowable(CompletableFuture.java:332)
	at java.base/java.util.concurrent.CompletableFuture.completeThrowable(CompletableFuture.java:347)
	at java.base/java.util.concurrent.CompletableFuture$UniAccept.tryFire(CompletableFuture.java:708)
	at java.base/java.util.concurrent.CompletableFuture.postComplete(CompletableFuture.java:510)
	at java.base/java.util.concurrent.CompletableFuture.completeExceptionally(CompletableFuture.java:2194)
	at org.apache.ratis.grpc.client.GrpcClientProtocolClient$AsyncStreamObservers.completeReplyExceptionally(GrpcClientProtocolClient.java:397)
	at org.apache.ratis.grpc.client.GrpcClientProtocolClient$AsyncStreamObservers.access$000(GrpcClientProtocolClient.java:303)
	at org.apache.ratis.grpc.client.GrpcClientProtocolClient$AsyncStreamObservers$1.onError(GrpcClientProtocolClient.java:334)
	at org.apache.ratis.thirdparty.io.grpc.stub.ClientCalls$StreamObserverToCallListenerAdapter.onClose(ClientCalls.java:564)
	at org.apache.ratis.thirdparty.io.grpc.PartialForwardingClientCallListener.onClose(PartialForwardingClientCallListener.java:39)
	at org.apache.ratis.thirdparty.io.grpc.ForwardingClientCallListener.onClose(ForwardingClientCallListener.java:23)
	at org.apache.ratis.grpc.metrics.intercept.client.MetricClientCallListener.onClose(MetricClientCallListener.java:47)
	at org.apache.ratis.thirdparty.io.grpc.internal.ClientCallImpl.closeObserver(ClientCallImpl.java:565)
	at org.apache.ratis.thirdparty.io.grpc.internal.ClientCallImpl.access$100(ClientCallImpl.java:72)
	at org.apache.ratis.thirdparty.io.grpc.internal.ClientCallImpl$ClientStreamListenerImpl$1StreamClosed.runInternal(ClientCallImpl.java:733)
	at org.apache.ratis.thirdparty.io.grpc.internal.ClientCallImpl$ClientStreamListenerImpl$1StreamClosed.runInContext(ClientCallImpl.java:714)
	at org.apache.ratis.thirdparty.io.grpc.internal.ContextRunnable.run(ContextRunnable.java:37)
	at org.apache.ratis.thirdparty.io.grpc.internal.SerializingExecutor.run(SerializingExecutor.java:133)
	at java.base/java.util.concurrent.ThreadPoolExecutor.runWorker(ThreadPoolExecutor.java:1144)
	at java.base/java.util.concurrent.ThreadPoolExecutor$Worker.run(ThreadPoolExecutor.java:642)
	at java.base/java.lang.Thread.run(Thread.java:1583)
Caused by: java.io.IOException: org.apache.ratis.thirdparty.io.grpc.StatusRuntimeException: UNAVAILABLE: io exception
	at org.apache.ratis.grpc.GrpcUtil.unwrapException(GrpcUtil.java:99)
	at org.apache.ratis.grpc.GrpcUtil.unwrapIOException(GrpcUtil.java:159)
	at org.apache.ratis.grpc.client.GrpcClientProtocolClient$AsyncStreamObservers$1.onError(GrpcClientProtocolClient.java:333)
	... 13 more
Caused by: org.apache.ratis.thirdparty.io.grpc.StatusRuntimeException: UNAVAILABLE: io exception
	at org.apache.ratis.thirdparty.io.grpc.Status.asRuntimeException(Status.java:532)
	... 13 more
Caused by: org.apache.ratis.thirdparty.io.netty.channel.AbstractChannel$AnnotatedConnectException: finishConnect(..) failed: Connection refused: /127.0.0.1:15021
Caused by: java.net.ConnectException: finishConnect(..) failed: Connection refused
	at org.apache.ratis.thirdparty.io.netty.channel.unix.Errors.newConnectException0(Errors.java:166)
	at org.apache.ratis.thirdparty.io.netty.channel.unix.Errors.handleConnectErrno(Errors.java:131)
	at org.apache.ratis.thirdparty.io.netty.channel.unix.Socket.finishConnect(Socket.java:359)
	at org.apache.ratis.thirdparty.io.netty.channel.epoll.AbstractEpollChannel$AbstractEpollUnsafe.doFinishConnect(AbstractEpollChannel.java:715)
	at org.apache.ratis.thirdparty.io.netty.channel.epoll.AbstractEpollChannel$AbstractEpollUnsafe.finishConnect(AbstractEpollChannel.java:692)
	at org.apache.ratis.thirdparty.io.netty.channel.epoll.AbstractEpollChannel$AbstractEpollUnsafe.epollOutReady(AbstractEpollChannel.java:567)
	at org.apache.ratis.thirdparty.io.netty.channel.epoll.EpollEventLoop.processReady(EpollEventLoop.java:491)
	at org.apache.ratis.thirdparty.io.netty.channel.epoll.EpollEventLoop.run(EpollEventLoop.java:399)
	at org.apache.ratis.thirdparty.io.netty.util.concurrent.SingleThreadEventExecutor$4.run(SingleThreadEventExecutor.java:998)
	at org.apache.ratis.thirdparty.io.netty.util.internal.ThreadExecutorMap$2.run(ThreadExecutorMap.java:74)
	at org.apache.ratis.thirdparty.io.netty.util.concurrent.FastThreadLocalRunnable.run(FastThreadLocalRunnable.java:30)
	at java.base/java.lang.Thread.run(Thread.java:1583)
2025-09-07 09:44:34,991 [95d41743-cdf0-4105-938b-93fe980aeffc@group-DDE89B3F2AFE-FollowerState] INFO  impl.FollowerState (FollowerState.java:runImpl(161)) - 95d41743-cdf0-4105-938b-93fe980aeffc@group-DDE89B3F2AFE-FollowerState: change to CANDIDATE, lastRpcElapsedTime:1043346163ns, electionTimeout:1043ms
2025-09-07 09:44:34,991 [95d41743-cdf0-4105-938b-93fe980aeffc@group-DDE89B3F2AFE-FollowerState] INFO  impl.RoleInfo (RoleInfo.java:shutdownFollowerState(121)) - 95d41743-cdf0-4105-938b-93fe980aeffc: shutdown 95d41743-cdf0-4105-938b-93fe980aeffc@group-DDE89B3F2AFE-FollowerState
2025-09-07 09:44:34,991 [95d41743-cdf0-4105-938b-93fe980aeffc@group-DDE89B3F2AFE-FollowerState] INFO  server.RaftServer$Division (RaftServerImpl.java:setRole(392)) - 95d41743-cdf0-4105-938b-93fe980aeffc@group-DDE89B3F2AFE: changes role from  FOLLOWER to CANDIDATE at term 1 for changeToCandidate
2025-09-07 09:44:34,991 [95d41743-cdf0-4105-938b-93fe980aeffc@group-DDE89B3F2AFE-FollowerState] INFO  impl.RoleInfo (RoleInfo.java:updateAndGet(148)) - 95d41743-cdf0-4105-938b-93fe980aeffc: start 95d41743-cdf0-4105-938b-93fe980aeffc@group-DDE89B3F2AFE-LeaderElection49
2025-09-07 09:44:34,992 [95d41743-cdf0-4105-938b-93fe980aeffc@group-DDE89B3F2AFE-LeaderElection49] INFO  impl.LeaderElection (LeaderElection.java:askForVotes(448)) - 95d41743-cdf0-4105-938b-93fe980aeffc@group-DDE89B3F2AFE-LeaderElection49 PRE_VOTE round 0: submit vote requests at term 1 for conf: {index: 0, cur=peers:[95d41743-cdf0-4105-938b-93fe980aeffc|127.0.0.1:15031, 8500c972-c6d1-4433-9d49-a8e3bb920002|127.0.0.1:15023, ff2509eb-55dd-4ad3-b532-83d6209e1a92|127.0.0.1:15015]|listeners:[], old=null}
2025-09-07 09:44:34,992 [95d41743-cdf0-4105-938b-93fe980aeffc@group-DDE89B3F2AFE-LeaderElection49] INFO  impl.LeaderElection (LogUtils.java:infoOrTrace(142)) - 95d41743-cdf0-4105-938b-93fe980aeffc@group-DDE89B3F2AFE-LeaderElection49 got exception when requesting votes: java.util.concurrent.ExecutionException: org.apache.ratis.thirdparty.io.grpc.StatusRuntimeException: UNAVAILABLE: io exception
2025-09-07 09:44:34,992 [95d41743-cdf0-4105-938b-93fe980aeffc@group-DDE89B3F2AFE-LeaderElection49] INFO  impl.LeaderElection (LogUtils.java:infoOrTrace(142)) - 95d41743-cdf0-4105-938b-93fe980aeffc@group-DDE89B3F2AFE-LeaderElection49 got exception when requesting votes: java.util.concurrent.ExecutionException: org.apache.ratis.thirdparty.io.grpc.StatusRuntimeException: UNAVAILABLE: io exception
2025-09-07 09:44:34,992 [95d41743-cdf0-4105-938b-93fe980aeffc@group-DDE89B3F2AFE-LeaderElection49] INFO  impl.LeaderElection (LeaderElection.java:logAndReturn(206)) - 95d41743-cdf0-4105-938b-93fe980aeffc@group-DDE89B3F2AFE-LeaderElection49: PRE_VOTE REJECTED received 0 response(s) and 2 exception(s):
2025-09-07 09:44:34,992 [95d41743-cdf0-4105-938b-93fe980aeffc@group-DDE89B3F2AFE-LeaderElection49] INFO  impl.LeaderElection (LogUtils.java:infoOrTrace(142)) -   Exception 0: java.util.concurrent.ExecutionException: org.apache.ratis.thirdparty.io.grpc.StatusRuntimeException: UNAVAILABLE: io exception
2025-09-07 09:44:34,992 [95d41743-cdf0-4105-938b-93fe980aeffc@group-DDE89B3F2AFE-LeaderElection49] INFO  impl.LeaderElection (LogUtils.java:infoOrTrace(142)) -   Exception 1: java.util.concurrent.ExecutionException: org.apache.ratis.thirdparty.io.grpc.StatusRuntimeException: UNAVAILABLE: io exception
2025-09-07 09:44:34,993 [95d41743-cdf0-4105-938b-93fe980aeffc@group-DDE89B3F2AFE-LeaderElection49] INFO  impl.LeaderElection (LeaderElection.java:askForVotes(450)) - 95d41743-cdf0-4105-938b-93fe980aeffc@group-DDE89B3F2AFE-LeaderElection49 PRE_VOTE round 0: result REJECTED
2025-09-07 09:44:34,993 [95d41743-cdf0-4105-938b-93fe980aeffc@group-DDE89B3F2AFE-LeaderElection49] INFO  server.RaftServer$Division (RaftServerImpl.java:setRole(392)) - 95d41743-cdf0-4105-938b-93fe980aeffc@group-DDE89B3F2AFE: changes role from CANDIDATE to FOLLOWER at term 1 for REJECTED
2025-09-07 09:44:34,993 [95d41743-cdf0-4105-938b-93fe980aeffc@group-DDE89B3F2AFE-LeaderElection49] INFO  impl.RoleInfo (RoleInfo.java:shutdownLeaderElection(141)) - 95d41743-cdf0-4105-938b-93fe980aeffc: shutdown 95d41743-cdf0-4105-938b-93fe980aeffc@group-DDE89B3F2AFE-LeaderElection49
2025-09-07 09:44:34,993 [95d41743-cdf0-4105-938b-93fe980aeffc@group-DDE89B3F2AFE-LeaderElection49] INFO  impl.RoleInfo (RoleInfo.java:updateAndGet(148)) - 95d41743-cdf0-4105-938b-93fe980aeffc: start 95d41743-cdf0-4105-938b-93fe980aeffc@group-DDE89B3F2AFE-FollowerState
2025-09-07 09:44:35,042 [95d41743-cdf0-4105-938b-93fe980aeffc@group-77DC33C8A8CA-FollowerState] INFO  impl.FollowerState (FollowerState.java:runImpl(161)) - 95d41743-cdf0-4105-938b-93fe980aeffc@group-77DC33C8A8CA-FollowerState: change to CANDIDATE, lastRpcElapsedTime:1084428682ns, electionTimeout:1084ms
2025-09-07 09:44:35,042 [95d41743-cdf0-4105-938b-93fe980aeffc@group-77DC33C8A8CA-FollowerState] INFO  impl.RoleInfo (RoleInfo.java:shutdownFollowerState(121)) - 95d41743-cdf0-4105-938b-93fe980aeffc: shutdown 95d41743-cdf0-4105-938b-93fe980aeffc@group-77DC33C8A8CA-FollowerState
2025-09-07 09:44:35,042 [95d41743-cdf0-4105-938b-93fe980aeffc@group-77DC33C8A8CA-FollowerState] INFO  server.RaftServer$Division (RaftServerImpl.java:setRole(392)) - 95d41743-cdf0-4105-938b-93fe980aeffc@group-77DC33C8A8CA: changes role from  FOLLOWER to CANDIDATE at term 2 for changeToCandidate
2025-09-07 09:44:35,042 [95d41743-cdf0-4105-938b-93fe980aeffc@group-77DC33C8A8CA-FollowerState] INFO  impl.RoleInfo (RoleInfo.java:updateAndGet(148)) - 95d41743-cdf0-4105-938b-93fe980aeffc: start 95d41743-cdf0-4105-938b-93fe980aeffc@group-77DC33C8A8CA-LeaderElection50
2025-09-07 09:44:35,043 [95d41743-cdf0-4105-938b-93fe980aeffc@group-77DC33C8A8CA-LeaderElection50] INFO  impl.LeaderElection (LeaderElection.java:askForVotes(448)) - 95d41743-cdf0-4105-938b-93fe980aeffc@group-77DC33C8A8CA-LeaderElection50 PRE_VOTE round 0: submit vote requests at term 2 for conf: {index: 1, cur=peers:[95d41743-cdf0-4105-938b-93fe980aeffc|127.0.0.1:15031, 8500c972-c6d1-4433-9d49-a8e3bb920002|127.0.0.1:15023, ff2509eb-55dd-4ad3-b532-83d6209e1a92|127.0.0.1:15015]|listeners:[], old=null}
2025-09-07 09:44:35,043 [95d41743-cdf0-4105-938b-93fe980aeffc@group-77DC33C8A8CA-LeaderElection50] INFO  impl.LeaderElection (LogUtils.java:infoOrTrace(142)) - 95d41743-cdf0-4105-938b-93fe980aeffc@group-77DC33C8A8CA-LeaderElection50 got exception when requesting votes: java.util.concurrent.ExecutionException: org.apache.ratis.thirdparty.io.grpc.StatusRuntimeException: UNAVAILABLE: io exception
2025-09-07 09:44:35,043 [95d41743-cdf0-4105-938b-93fe980aeffc@group-77DC33C8A8CA-LeaderElection50] INFO  impl.LeaderElection (LogUtils.java:infoOrTrace(142)) - 95d41743-cdf0-4105-938b-93fe980aeffc@group-77DC33C8A8CA-LeaderElection50 got exception when requesting votes: java.util.concurrent.ExecutionException: org.apache.ratis.thirdparty.io.grpc.StatusRuntimeException: UNAVAILABLE: io exception
2025-09-07 09:44:35,043 [95d41743-cdf0-4105-938b-93fe980aeffc@group-77DC33C8A8CA-LeaderElection50] INFO  impl.LeaderElection (LeaderElection.java:logAndReturn(206)) - 95d41743-cdf0-4105-938b-93fe980aeffc@group-77DC33C8A8CA-LeaderElection50: PRE_VOTE REJECTED received 0 response(s) and 2 exception(s):
2025-09-07 09:44:35,044 [95d41743-cdf0-4105-938b-93fe980aeffc@group-77DC33C8A8CA-LeaderElection50] INFO  impl.LeaderElection (LogUtils.java:infoOrTrace(142)) -   Exception 0: java.util.concurrent.ExecutionException: org.apache.ratis.thirdparty.io.grpc.StatusRuntimeException: UNAVAILABLE: io exception
2025-09-07 09:44:35,044 [95d41743-cdf0-4105-938b-93fe980aeffc@group-77DC33C8A8CA-LeaderElection50] INFO  impl.LeaderElection (LogUtils.java:infoOrTrace(142)) -   Exception 1: java.util.concurrent.ExecutionException: org.apache.ratis.thirdparty.io.grpc.StatusRuntimeException: UNAVAILABLE: io exception
2025-09-07 09:44:35,044 [95d41743-cdf0-4105-938b-93fe980aeffc@group-77DC33C8A8CA-LeaderElection50] INFO  impl.LeaderElection (LeaderElection.java:askForVotes(450)) - 95d41743-cdf0-4105-938b-93fe980aeffc@group-77DC33C8A8CA-LeaderElection50 PRE_VOTE round 0: result REJECTED
2025-09-07 09:44:35,044 [95d41743-cdf0-4105-938b-93fe980aeffc@group-77DC33C8A8CA-LeaderElection50] INFO  server.RaftServer$Division (RaftServerImpl.java:setRole(392)) - 95d41743-cdf0-4105-938b-93fe980aeffc@group-77DC33C8A8CA: changes role from CANDIDATE to FOLLOWER at term 2 for REJECTED
2025-09-07 09:44:35,044 [95d41743-cdf0-4105-938b-93fe980aeffc@group-77DC33C8A8CA-LeaderElection50] INFO  impl.RoleInfo (RoleInfo.java:shutdownLeaderElection(141)) - 95d41743-cdf0-4105-938b-93fe980aeffc: shutdown 95d41743-cdf0-4105-938b-93fe980aeffc@group-77DC33C8A8CA-LeaderElection50
2025-09-07 09:44:35,044 [95d41743-cdf0-4105-938b-93fe980aeffc@group-77DC33C8A8CA-LeaderElection50] INFO  impl.RoleInfo (RoleInfo.java:updateAndGet(148)) - 95d41743-cdf0-4105-938b-93fe980aeffc: start 95d41743-cdf0-4105-938b-93fe980aeffc@group-77DC33C8A8CA-FollowerState
2025-09-07 09:44:36,036 [95d41743-cdf0-4105-938b-93fe980aeffc@group-DDE89B3F2AFE-FollowerState] INFO  impl.FollowerState (FollowerState.java:runImpl(161)) - 95d41743-cdf0-4105-938b-93fe980aeffc@group-DDE89B3F2AFE-FollowerState: change to CANDIDATE, lastRpcElapsedTime:1043469488ns, electionTimeout:1043ms
2025-09-07 09:44:36,036 [95d41743-cdf0-4105-938b-93fe980aeffc@group-DDE89B3F2AFE-FollowerState] INFO  impl.RoleInfo (RoleInfo.java:shutdownFollowerState(121)) - 95d41743-cdf0-4105-938b-93fe980aeffc: shutdown 95d41743-cdf0-4105-938b-93fe980aeffc@group-DDE89B3F2AFE-FollowerState
2025-09-07 09:44:36,036 [95d41743-cdf0-4105-938b-93fe980aeffc@group-DDE89B3F2AFE-FollowerState] INFO  server.RaftServer$Division (RaftServerImpl.java:setRole(392)) - 95d41743-cdf0-4105-938b-93fe980aeffc@group-DDE89B3F2AFE: changes role from  FOLLOWER to CANDIDATE at term 1 for changeToCandidate
2025-09-07 09:44:36,036 [95d41743-cdf0-4105-938b-93fe980aeffc@group-DDE89B3F2AFE-FollowerState] INFO  impl.RoleInfo (RoleInfo.java:updateAndGet(148)) - 95d41743-cdf0-4105-938b-93fe980aeffc: start 95d41743-cdf0-4105-938b-93fe980aeffc@group-DDE89B3F2AFE-LeaderElection51
2025-09-07 09:44:36,037 [95d41743-cdf0-4105-938b-93fe980aeffc@group-DDE89B3F2AFE-LeaderElection51] INFO  impl.LeaderElection (LeaderElection.java:askForVotes(448)) - 95d41743-cdf0-4105-938b-93fe980aeffc@group-DDE89B3F2AFE-LeaderElection51 PRE_VOTE round 0: submit vote requests at term 1 for conf: {index: 0, cur=peers:[95d41743-cdf0-4105-938b-93fe980aeffc|127.0.0.1:15031, 8500c972-c6d1-4433-9d49-a8e3bb920002|127.0.0.1:15023, ff2509eb-55dd-4ad3-b532-83d6209e1a92|127.0.0.1:15015]|listeners:[], old=null}
2025-09-07 09:44:36,037 [95d41743-cdf0-4105-938b-93fe980aeffc@group-DDE89B3F2AFE-LeaderElection51] INFO  impl.LeaderElection (LogUtils.java:infoOrTrace(142)) - 95d41743-cdf0-4105-938b-93fe980aeffc@group-DDE89B3F2AFE-LeaderElection51 got exception when requesting votes: java.util.concurrent.ExecutionException: org.apache.ratis.thirdparty.io.grpc.StatusRuntimeException: UNAVAILABLE: io exception
2025-09-07 09:44:36,037 [95d41743-cdf0-4105-938b-93fe980aeffc@group-DDE89B3F2AFE-LeaderElection51] INFO  impl.LeaderElection (LogUtils.java:infoOrTrace(142)) - 95d41743-cdf0-4105-938b-93fe980aeffc@group-DDE89B3F2AFE-LeaderElection51 got exception when requesting votes: java.util.concurrent.ExecutionException: org.apache.ratis.thirdparty.io.grpc.StatusRuntimeException: UNAVAILABLE: io exception
2025-09-07 09:44:36,037 [95d41743-cdf0-4105-938b-93fe980aeffc@group-DDE89B3F2AFE-LeaderElection51] INFO  impl.LeaderElection (LeaderElection.java:logAndReturn(206)) - 95d41743-cdf0-4105-938b-93fe980aeffc@group-DDE89B3F2AFE-LeaderElection51: PRE_VOTE REJECTED received 0 response(s) and 2 exception(s):
2025-09-07 09:44:36,037 [95d41743-cdf0-4105-938b-93fe980aeffc@group-DDE89B3F2AFE-LeaderElection51] INFO  impl.LeaderElection (LogUtils.java:infoOrTrace(142)) -   Exception 0: java.util.concurrent.ExecutionException: org.apache.ratis.thirdparty.io.grpc.StatusRuntimeException: UNAVAILABLE: io exception
2025-09-07 09:44:36,037 [95d41743-cdf0-4105-938b-93fe980aeffc@group-DDE89B3F2AFE-LeaderElection51] INFO  impl.LeaderElection (LogUtils.java:infoOrTrace(142)) -   Exception 1: java.util.concurrent.ExecutionException: org.apache.ratis.thirdparty.io.grpc.StatusRuntimeException: UNAVAILABLE: io exception
2025-09-07 09:44:36,038 [95d41743-cdf0-4105-938b-93fe980aeffc@group-DDE89B3F2AFE-LeaderElection51] INFO  impl.LeaderElection (LeaderElection.java:askForVotes(450)) - 95d41743-cdf0-4105-938b-93fe980aeffc@group-DDE89B3F2AFE-LeaderElection51 PRE_VOTE round 0: result REJECTED
2025-09-07 09:44:36,038 [95d41743-cdf0-4105-938b-93fe980aeffc@group-DDE89B3F2AFE-LeaderElection51] INFO  server.RaftServer$Division (RaftServerImpl.java:setRole(392)) - 95d41743-cdf0-4105-938b-93fe980aeffc@group-DDE89B3F2AFE: changes role from CANDIDATE to FOLLOWER at term 1 for REJECTED
2025-09-07 09:44:36,038 [95d41743-cdf0-4105-938b-93fe980aeffc@group-DDE89B3F2AFE-LeaderElection51] INFO  impl.RoleInfo (RoleInfo.java:shutdownLeaderElection(141)) - 95d41743-cdf0-4105-938b-93fe980aeffc: shutdown 95d41743-cdf0-4105-938b-93fe980aeffc@group-DDE89B3F2AFE-LeaderElection51
2025-09-07 09:44:36,038 [95d41743-cdf0-4105-938b-93fe980aeffc@group-DDE89B3F2AFE-LeaderElection51] INFO  impl.RoleInfo (RoleInfo.java:updateAndGet(148)) - 95d41743-cdf0-4105-938b-93fe980aeffc: start 95d41743-cdf0-4105-938b-93fe980aeffc@group-DDE89B3F2AFE-FollowerState
2025-09-07 09:44:36,139 [95d41743-cdf0-4105-938b-93fe980aeffc@group-77DC33C8A8CA-FollowerState] INFO  impl.FollowerState (FollowerState.java:runImpl(161)) - 95d41743-cdf0-4105-938b-93fe980aeffc@group-77DC33C8A8CA-FollowerState: change to CANDIDATE, lastRpcElapsedTime:1095290630ns, electionTimeout:1095ms
2025-09-07 09:44:36,139 [95d41743-cdf0-4105-938b-93fe980aeffc@group-77DC33C8A8CA-FollowerState] INFO  impl.RoleInfo (RoleInfo.java:shutdownFollowerState(121)) - 95d41743-cdf0-4105-938b-93fe980aeffc: shutdown 95d41743-cdf0-4105-938b-93fe980aeffc@group-77DC33C8A8CA-FollowerState
2025-09-07 09:44:36,139 [95d41743-cdf0-4105-938b-93fe980aeffc@group-77DC33C8A8CA-FollowerState] INFO  server.RaftServer$Division (RaftServerImpl.java:setRole(392)) - 95d41743-cdf0-4105-938b-93fe980aeffc@group-77DC33C8A8CA: changes role from  FOLLOWER to CANDIDATE at term 2 for changeToCandidate
2025-09-07 09:44:36,139 [95d41743-cdf0-4105-938b-93fe980aeffc@group-77DC33C8A8CA-FollowerState] INFO  impl.RoleInfo (RoleInfo.java:updateAndGet(148)) - 95d41743-cdf0-4105-938b-93fe980aeffc: start 95d41743-cdf0-4105-938b-93fe980aeffc@group-77DC33C8A8CA-LeaderElection52
2025-09-07 09:44:36,140 [95d41743-cdf0-4105-938b-93fe980aeffc@group-77DC33C8A8CA-LeaderElection52] INFO  impl.LeaderElection (LeaderElection.java:askForVotes(448)) - 95d41743-cdf0-4105-938b-93fe980aeffc@group-77DC33C8A8CA-LeaderElection52 PRE_VOTE round 0: submit vote requests at term 2 for conf: {index: 1, cur=peers:[95d41743-cdf0-4105-938b-93fe980aeffc|127.0.0.1:15031, 8500c972-c6d1-4433-9d49-a8e3bb920002|127.0.0.1:15023, ff2509eb-55dd-4ad3-b532-83d6209e1a92|127.0.0.1:15015]|listeners:[], old=null}
2025-09-07 09:44:36,140 [95d41743-cdf0-4105-938b-93fe980aeffc@group-77DC33C8A8CA-LeaderElection52] INFO  impl.LeaderElection (LogUtils.java:infoOrTrace(142)) - 95d41743-cdf0-4105-938b-93fe980aeffc@group-77DC33C8A8CA-LeaderElection52 got exception when requesting votes: java.util.concurrent.ExecutionException: org.apache.ratis.thirdparty.io.grpc.StatusRuntimeException: UNAVAILABLE: io exception
2025-09-07 09:44:36,140 [95d41743-cdf0-4105-938b-93fe980aeffc@group-77DC33C8A8CA-LeaderElection52] INFO  impl.LeaderElection (LogUtils.java:infoOrTrace(142)) - 95d41743-cdf0-4105-938b-93fe980aeffc@group-77DC33C8A8CA-LeaderElection52 got exception when requesting votes: java.util.concurrent.ExecutionException: org.apache.ratis.thirdparty.io.grpc.StatusRuntimeException: UNAVAILABLE: io exception
2025-09-07 09:44:36,140 [95d41743-cdf0-4105-938b-93fe980aeffc@group-77DC33C8A8CA-LeaderElection52] INFO  impl.LeaderElection (LeaderElection.java:logAndReturn(206)) - 95d41743-cdf0-4105-938b-93fe980aeffc@group-77DC33C8A8CA-LeaderElection52: PRE_VOTE REJECTED received 0 response(s) and 2 exception(s):
2025-09-07 09:44:36,141 [95d41743-cdf0-4105-938b-93fe980aeffc@group-77DC33C8A8CA-LeaderElection52] INFO  impl.LeaderElection (LogUtils.java:infoOrTrace(142)) -   Exception 0: java.util.concurrent.ExecutionException: org.apache.ratis.thirdparty.io.grpc.StatusRuntimeException: UNAVAILABLE: io exception
2025-09-07 09:44:36,141 [95d41743-cdf0-4105-938b-93fe980aeffc@group-77DC33C8A8CA-LeaderElection52] INFO  impl.LeaderElection (LogUtils.java:infoOrTrace(142)) -   Exception 1: java.util.concurrent.ExecutionException: org.apache.ratis.thirdparty.io.grpc.StatusRuntimeException: UNAVAILABLE: io exception
2025-09-07 09:44:36,141 [95d41743-cdf0-4105-938b-93fe980aeffc@group-77DC33C8A8CA-LeaderElection52] INFO  impl.LeaderElection (LeaderElection.java:askForVotes(450)) - 95d41743-cdf0-4105-938b-93fe980aeffc@group-77DC33C8A8CA-LeaderElection52 PRE_VOTE round 0: result REJECTED
2025-09-07 09:44:36,141 [95d41743-cdf0-4105-938b-93fe980aeffc@group-77DC33C8A8CA-LeaderElection52] INFO  server.RaftServer$Division (RaftServerImpl.java:setRole(392)) - 95d41743-cdf0-4105-938b-93fe980aeffc@group-77DC33C8A8CA: changes role from CANDIDATE to FOLLOWER at term 2 for REJECTED
2025-09-07 09:44:36,141 [95d41743-cdf0-4105-938b-93fe980aeffc@group-77DC33C8A8CA-LeaderElection52] INFO  impl.RoleInfo (RoleInfo.java:shutdownLeaderElection(141)) - 95d41743-cdf0-4105-938b-93fe980aeffc: shutdown 95d41743-cdf0-4105-938b-93fe980aeffc@group-77DC33C8A8CA-LeaderElection52
2025-09-07 09:44:36,141 [95d41743-cdf0-4105-938b-93fe980aeffc@group-77DC33C8A8CA-LeaderElection52] INFO  impl.RoleInfo (RoleInfo.java:updateAndGet(148)) - 95d41743-cdf0-4105-938b-93fe980aeffc: start 95d41743-cdf0-4105-938b-93fe980aeffc@group-77DC33C8A8CA-FollowerState
2025-09-07 09:44:37,182 [95d41743-cdf0-4105-938b-93fe980aeffc@group-DDE89B3F2AFE-FollowerState] INFO  impl.FollowerState (FollowerState.java:runImpl(161)) - 95d41743-cdf0-4105-938b-93fe980aeffc@group-DDE89B3F2AFE-FollowerState: change to CANDIDATE, lastRpcElapsedTime:1144252633ns, electionTimeout:1144ms
2025-09-07 09:44:37,182 [95d41743-cdf0-4105-938b-93fe980aeffc@group-DDE89B3F2AFE-FollowerState] INFO  impl.RoleInfo (RoleInfo.java:shutdownFollowerState(121)) - 95d41743-cdf0-4105-938b-93fe980aeffc: shutdown 95d41743-cdf0-4105-938b-93fe980aeffc@group-DDE89B3F2AFE-FollowerState
2025-09-07 09:44:37,182 [95d41743-cdf0-4105-938b-93fe980aeffc@group-DDE89B3F2AFE-FollowerState] INFO  server.RaftServer$Division (RaftServerImpl.java:setRole(392)) - 95d41743-cdf0-4105-938b-93fe980aeffc@group-DDE89B3F2AFE: changes role from  FOLLOWER to CANDIDATE at term 1 for changeToCandidate
2025-09-07 09:44:37,182 [95d41743-cdf0-4105-938b-93fe980aeffc@group-DDE89B3F2AFE-FollowerState] INFO  impl.RoleInfo (RoleInfo.java:updateAndGet(148)) - 95d41743-cdf0-4105-938b-93fe980aeffc: start 95d41743-cdf0-4105-938b-93fe980aeffc@group-DDE89B3F2AFE-LeaderElection53
2025-09-07 09:44:37,183 [95d41743-cdf0-4105-938b-93fe980aeffc@group-DDE89B3F2AFE-LeaderElection53] INFO  impl.LeaderElection (LeaderElection.java:askForVotes(448)) - 95d41743-cdf0-4105-938b-93fe980aeffc@group-DDE89B3F2AFE-LeaderElection53 PRE_VOTE round 0: submit vote requests at term 1 for conf: {index: 0, cur=peers:[95d41743-cdf0-4105-938b-93fe980aeffc|127.0.0.1:15031, 8500c972-c6d1-4433-9d49-a8e3bb920002|127.0.0.1:15023, ff2509eb-55dd-4ad3-b532-83d6209e1a92|127.0.0.1:15015]|listeners:[], old=null}
2025-09-07 09:44:37,183 [95d41743-cdf0-4105-938b-93fe980aeffc@group-DDE89B3F2AFE-LeaderElection53] INFO  impl.LeaderElection (LogUtils.java:infoOrTrace(142)) - 95d41743-cdf0-4105-938b-93fe980aeffc@group-DDE89B3F2AFE-LeaderElection53 got exception when requesting votes: java.util.concurrent.ExecutionException: org.apache.ratis.thirdparty.io.grpc.StatusRuntimeException: UNAVAILABLE: io exception
2025-09-07 09:44:37,183 [95d41743-cdf0-4105-938b-93fe980aeffc@group-DDE89B3F2AFE-LeaderElection53] INFO  impl.LeaderElection (LogUtils.java:infoOrTrace(142)) - 95d41743-cdf0-4105-938b-93fe980aeffc@group-DDE89B3F2AFE-LeaderElection53 got exception when requesting votes: java.util.concurrent.ExecutionException: org.apache.ratis.thirdparty.io.grpc.StatusRuntimeException: UNAVAILABLE: io exception
2025-09-07 09:44:37,183 [95d41743-cdf0-4105-938b-93fe980aeffc@group-DDE89B3F2AFE-LeaderElection53] INFO  impl.LeaderElection (LeaderElection.java:logAndReturn(206)) - 95d41743-cdf0-4105-938b-93fe980aeffc@group-DDE89B3F2AFE-LeaderElection53: PRE_VOTE REJECTED received 0 response(s) and 2 exception(s):
2025-09-07 09:44:37,183 [95d41743-cdf0-4105-938b-93fe980aeffc@group-DDE89B3F2AFE-LeaderElection53] INFO  impl.LeaderElection (LogUtils.java:infoOrTrace(142)) -   Exception 0: java.util.concurrent.ExecutionException: org.apache.ratis.thirdparty.io.grpc.StatusRuntimeException: UNAVAILABLE: io exception
2025-09-07 09:44:37,183 [95d41743-cdf0-4105-938b-93fe980aeffc@group-DDE89B3F2AFE-LeaderElection53] INFO  impl.LeaderElection (LogUtils.java:infoOrTrace(142)) -   Exception 1: java.util.concurrent.ExecutionException: org.apache.ratis.thirdparty.io.grpc.StatusRuntimeException: UNAVAILABLE: io exception
2025-09-07 09:44:37,183 [95d41743-cdf0-4105-938b-93fe980aeffc@group-DDE89B3F2AFE-LeaderElection53] INFO  impl.LeaderElection (LeaderElection.java:askForVotes(450)) - 95d41743-cdf0-4105-938b-93fe980aeffc@group-DDE89B3F2AFE-LeaderElection53 PRE_VOTE round 0: result REJECTED
2025-09-07 09:44:37,184 [95d41743-cdf0-4105-938b-93fe980aeffc@group-DDE89B3F2AFE-LeaderElection53] INFO  server.RaftServer$Division (RaftServerImpl.java:setRole(392)) - 95d41743-cdf0-4105-938b-93fe980aeffc@group-DDE89B3F2AFE: changes role from CANDIDATE to FOLLOWER at term 1 for REJECTED
2025-09-07 09:44:37,184 [95d41743-cdf0-4105-938b-93fe980aeffc@group-DDE89B3F2AFE-LeaderElection53] INFO  impl.RoleInfo (RoleInfo.java:shutdownLeaderElection(141)) - 95d41743-cdf0-4105-938b-93fe980aeffc: shutdown 95d41743-cdf0-4105-938b-93fe980aeffc@group-DDE89B3F2AFE-LeaderElection53
2025-09-07 09:44:37,184 [95d41743-cdf0-4105-938b-93fe980aeffc@group-DDE89B3F2AFE-LeaderElection53] INFO  impl.RoleInfo (RoleInfo.java:updateAndGet(148)) - 95d41743-cdf0-4105-938b-93fe980aeffc: start 95d41743-cdf0-4105-938b-93fe980aeffc@group-DDE89B3F2AFE-FollowerState
2025-09-07 09:44:37,250 [95d41743-cdf0-4105-938b-93fe980aeffc@group-77DC33C8A8CA-FollowerState] INFO  impl.FollowerState (FollowerState.java:runImpl(161)) - 95d41743-cdf0-4105-938b-93fe980aeffc@group-77DC33C8A8CA-FollowerState: change to CANDIDATE, lastRpcElapsedTime:1109310121ns, electionTimeout:1109ms
2025-09-07 09:44:37,250 [95d41743-cdf0-4105-938b-93fe980aeffc@group-77DC33C8A8CA-FollowerState] INFO  impl.RoleInfo (RoleInfo.java:shutdownFollowerState(121)) - 95d41743-cdf0-4105-938b-93fe980aeffc: shutdown 95d41743-cdf0-4105-938b-93fe980aeffc@group-77DC33C8A8CA-FollowerState
2025-09-07 09:44:37,250 [95d41743-cdf0-4105-938b-93fe980aeffc@group-77DC33C8A8CA-FollowerState] INFO  server.RaftServer$Division (RaftServerImpl.java:setRole(392)) - 95d41743-cdf0-4105-938b-93fe980aeffc@group-77DC33C8A8CA: changes role from  FOLLOWER to CANDIDATE at term 2 for changeToCandidate
2025-09-07 09:44:37,250 [95d41743-cdf0-4105-938b-93fe980aeffc@group-77DC33C8A8CA-FollowerState] INFO  impl.RoleInfo (RoleInfo.java:updateAndGet(148)) - 95d41743-cdf0-4105-938b-93fe980aeffc: start 95d41743-cdf0-4105-938b-93fe980aeffc@group-77DC33C8A8CA-LeaderElection54
2025-09-07 09:44:37,251 [95d41743-cdf0-4105-938b-93fe980aeffc@group-77DC33C8A8CA-LeaderElection54] INFO  impl.LeaderElection (LeaderElection.java:askForVotes(448)) - 95d41743-cdf0-4105-938b-93fe980aeffc@group-77DC33C8A8CA-LeaderElection54 PRE_VOTE round 0: submit vote requests at term 2 for conf: {index: 1, cur=peers:[95d41743-cdf0-4105-938b-93fe980aeffc|127.0.0.1:15031, 8500c972-c6d1-4433-9d49-a8e3bb920002|127.0.0.1:15023, ff2509eb-55dd-4ad3-b532-83d6209e1a92|127.0.0.1:15015]|listeners:[], old=null}
2025-09-07 09:44:37,252 [95d41743-cdf0-4105-938b-93fe980aeffc@group-77DC33C8A8CA-LeaderElection54] INFO  impl.LeaderElection (LogUtils.java:infoOrTrace(142)) - 95d41743-cdf0-4105-938b-93fe980aeffc@group-77DC33C8A8CA-LeaderElection54 got exception when requesting votes: java.util.concurrent.ExecutionException: org.apache.ratis.thirdparty.io.grpc.StatusRuntimeException: UNAVAILABLE: io exception
2025-09-07 09:44:37,252 [95d41743-cdf0-4105-938b-93fe980aeffc@group-77DC33C8A8CA-LeaderElection54] INFO  impl.LeaderElection (LogUtils.java:infoOrTrace(142)) - 95d41743-cdf0-4105-938b-93fe980aeffc@group-77DC33C8A8CA-LeaderElection54 got exception when requesting votes: java.util.concurrent.ExecutionException: org.apache.ratis.thirdparty.io.grpc.StatusRuntimeException: UNAVAILABLE: io exception
2025-09-07 09:44:37,252 [95d41743-cdf0-4105-938b-93fe980aeffc@group-77DC33C8A8CA-LeaderElection54] INFO  impl.LeaderElection (LeaderElection.java:logAndReturn(206)) - 95d41743-cdf0-4105-938b-93fe980aeffc@group-77DC33C8A8CA-LeaderElection54: PRE_VOTE REJECTED received 0 response(s) and 2 exception(s):
2025-09-07 09:44:37,252 [95d41743-cdf0-4105-938b-93fe980aeffc@group-77DC33C8A8CA-LeaderElection54] INFO  impl.LeaderElection (LogUtils.java:infoOrTrace(142)) -   Exception 0: java.util.concurrent.ExecutionException: org.apache.ratis.thirdparty.io.grpc.StatusRuntimeException: UNAVAILABLE: io exception
2025-09-07 09:44:37,252 [95d41743-cdf0-4105-938b-93fe980aeffc@group-77DC33C8A8CA-LeaderElection54] INFO  impl.LeaderElection (LogUtils.java:infoOrTrace(142)) -   Exception 1: java.util.concurrent.ExecutionException: org.apache.ratis.thirdparty.io.grpc.StatusRuntimeException: UNAVAILABLE: io exception
2025-09-07 09:44:37,252 [95d41743-cdf0-4105-938b-93fe980aeffc@group-77DC33C8A8CA-LeaderElection54] INFO  impl.LeaderElection (LeaderElection.java:askForVotes(450)) - 95d41743-cdf0-4105-938b-93fe980aeffc@group-77DC33C8A8CA-LeaderElection54 PRE_VOTE round 0: result REJECTED
2025-09-07 09:44:37,252 [95d41743-cdf0-4105-938b-93fe980aeffc@group-77DC33C8A8CA-LeaderElection54] INFO  server.RaftServer$Division (RaftServerImpl.java:setRole(392)) - 95d41743-cdf0-4105-938b-93fe980aeffc@group-77DC33C8A8CA: changes role from CANDIDATE to FOLLOWER at term 2 for REJECTED
2025-09-07 09:44:37,252 [95d41743-cdf0-4105-938b-93fe980aeffc@group-77DC33C8A8CA-LeaderElection54] INFO  impl.RoleInfo (RoleInfo.java:shutdownLeaderElection(141)) - 95d41743-cdf0-4105-938b-93fe980aeffc: shutdown 95d41743-cdf0-4105-938b-93fe980aeffc@group-77DC33C8A8CA-LeaderElection54
2025-09-07 09:44:37,252 [95d41743-cdf0-4105-938b-93fe980aeffc@group-77DC33C8A8CA-LeaderElection54] INFO  impl.RoleInfo (RoleInfo.java:updateAndGet(148)) - 95d41743-cdf0-4105-938b-93fe980aeffc: start 95d41743-cdf0-4105-938b-93fe980aeffc@group-77DC33C8A8CA-FollowerState
2025-09-07 09:44:38,196 [95d41743-cdf0-4105-938b-93fe980aeffc@group-DDE89B3F2AFE-FollowerState] INFO  impl.FollowerState (FollowerState.java:runImpl(161)) - 95d41743-cdf0-4105-938b-93fe980aeffc@group-DDE89B3F2AFE-FollowerState: change to CANDIDATE, lastRpcElapsedTime:1012271607ns, electionTimeout:1012ms
2025-09-07 09:44:38,196 [95d41743-cdf0-4105-938b-93fe980aeffc@group-DDE89B3F2AFE-FollowerState] INFO  impl.RoleInfo (RoleInfo.java:shutdownFollowerState(121)) - 95d41743-cdf0-4105-938b-93fe980aeffc: shutdown 95d41743-cdf0-4105-938b-93fe980aeffc@group-DDE89B3F2AFE-FollowerState
2025-09-07 09:44:38,196 [95d41743-cdf0-4105-938b-93fe980aeffc@group-DDE89B3F2AFE-FollowerState] INFO  server.RaftServer$Division (RaftServerImpl.java:setRole(392)) - 95d41743-cdf0-4105-938b-93fe980aeffc@group-DDE89B3F2AFE: changes role from  FOLLOWER to CANDIDATE at term 1 for changeToCandidate
2025-09-07 09:44:38,196 [95d41743-cdf0-4105-938b-93fe980aeffc@group-DDE89B3F2AFE-FollowerState] INFO  impl.RoleInfo (RoleInfo.java:updateAndGet(148)) - 95d41743-cdf0-4105-938b-93fe980aeffc: start 95d41743-cdf0-4105-938b-93fe980aeffc@group-DDE89B3F2AFE-LeaderElection55
2025-09-07 09:44:38,197 [95d41743-cdf0-4105-938b-93fe980aeffc@group-DDE89B3F2AFE-LeaderElection55] INFO  impl.LeaderElection (LeaderElection.java:askForVotes(448)) - 95d41743-cdf0-4105-938b-93fe980aeffc@group-DDE89B3F2AFE-LeaderElection55 PRE_VOTE round 0: submit vote requests at term 1 for conf: {index: 0, cur=peers:[95d41743-cdf0-4105-938b-93fe980aeffc|127.0.0.1:15031, 8500c972-c6d1-4433-9d49-a8e3bb920002|127.0.0.1:15023, ff2509eb-55dd-4ad3-b532-83d6209e1a92|127.0.0.1:15015]|listeners:[], old=null}
2025-09-07 09:44:38,198 [95d41743-cdf0-4105-938b-93fe980aeffc@group-DDE89B3F2AFE-LeaderElection55] INFO  impl.LeaderElection (LogUtils.java:infoOrTrace(142)) - 95d41743-cdf0-4105-938b-93fe980aeffc@group-DDE89B3F2AFE-LeaderElection55 got exception when requesting votes: java.util.concurrent.ExecutionException: org.apache.ratis.thirdparty.io.grpc.StatusRuntimeException: UNAVAILABLE: io exception
2025-09-07 09:44:38,198 [95d41743-cdf0-4105-938b-93fe980aeffc@group-DDE89B3F2AFE-LeaderElection55] INFO  impl.LeaderElection (LogUtils.java:infoOrTrace(142)) - 95d41743-cdf0-4105-938b-93fe980aeffc@group-DDE89B3F2AFE-LeaderElection55 got exception when requesting votes: java.util.concurrent.ExecutionException: org.apache.ratis.thirdparty.io.grpc.StatusRuntimeException: UNAVAILABLE: io exception
2025-09-07 09:44:38,198 [95d41743-cdf0-4105-938b-93fe980aeffc@group-DDE89B3F2AFE-LeaderElection55] INFO  impl.LeaderElection (LeaderElection.java:logAndReturn(206)) - 95d41743-cdf0-4105-938b-93fe980aeffc@group-DDE89B3F2AFE-LeaderElection55: PRE_VOTE REJECTED received 0 response(s) and 2 exception(s):
2025-09-07 09:44:38,198 [95d41743-cdf0-4105-938b-93fe980aeffc@group-DDE89B3F2AFE-LeaderElection55] INFO  impl.LeaderElection (LogUtils.java:infoOrTrace(142)) -   Exception 0: java.util.concurrent.ExecutionException: org.apache.ratis.thirdparty.io.grpc.StatusRuntimeException: UNAVAILABLE: io exception
2025-09-07 09:44:38,198 [95d41743-cdf0-4105-938b-93fe980aeffc@group-DDE89B3F2AFE-LeaderElection55] INFO  impl.LeaderElection (LogUtils.java:infoOrTrace(142)) -   Exception 1: java.util.concurrent.ExecutionException: org.apache.ratis.thirdparty.io.grpc.StatusRuntimeException: UNAVAILABLE: io exception
2025-09-07 09:44:38,198 [95d41743-cdf0-4105-938b-93fe980aeffc@group-DDE89B3F2AFE-LeaderElection55] INFO  impl.LeaderElection (LeaderElection.java:askForVotes(450)) - 95d41743-cdf0-4105-938b-93fe980aeffc@group-DDE89B3F2AFE-LeaderElection55 PRE_VOTE round 0: result REJECTED
2025-09-07 09:44:38,198 [95d41743-cdf0-4105-938b-93fe980aeffc@group-DDE89B3F2AFE-LeaderElection55] INFO  server.RaftServer$Division (RaftServerImpl.java:setRole(392)) - 95d41743-cdf0-4105-938b-93fe980aeffc@group-DDE89B3F2AFE: changes role from CANDIDATE to FOLLOWER at term 1 for REJECTED
2025-09-07 09:44:38,198 [95d41743-cdf0-4105-938b-93fe980aeffc@group-DDE89B3F2AFE-LeaderElection55] INFO  impl.RoleInfo (RoleInfo.java:shutdownLeaderElection(141)) - 95d41743-cdf0-4105-938b-93fe980aeffc: shutdown 95d41743-cdf0-4105-938b-93fe980aeffc@group-DDE89B3F2AFE-LeaderElection55
2025-09-07 09:44:38,198 [95d41743-cdf0-4105-938b-93fe980aeffc@group-DDE89B3F2AFE-LeaderElection55] INFO  impl.RoleInfo (RoleInfo.java:updateAndGet(148)) - 95d41743-cdf0-4105-938b-93fe980aeffc: start 95d41743-cdf0-4105-938b-93fe980aeffc@group-DDE89B3F2AFE-FollowerState
2025-09-07 09:44:38,374 [grpc-default-executor-3] ERROR impl.OrderedAsync (OrderedAsync.java:lambda$null$6(215)) -  client-68C397D77D12: Failed* RaftClientRequest:client-68C397D77D12->95d41743-cdf0-4105-938b-93fe980aeffc@group-DDE89B3F2AFE, cid=22, seq=4*, RW, cmdType: WriteChunk
traceID: ""
containerID: 1
datanodeUuid: "ff2509eb-55dd-4ad3-b532-83d6209e1a92"
writeChunk {
  blockID {
    containerID: 1
    localID: 115816896921600001
    blockCommitSequenceId: 2
    replicaIndex: 0
  }
  chunkData {
    chunkName: "115816896921600001_chunk_2"
    offset: 1048576
    len: 1048576
    checksumData {
      type: CRC32
      bytesPerChecksum: 16384
      checksums: "\326\360U\321"
      checksums: "\326\360U\321"
      checksums: "\326\360U\321"
      checksums: "\326\360U\321"
      checksums: "\326\360U\321"
      checksums: "\326\360U\321"
      checksums: "\326\360U\321"
      checksums: "\326\360U\321"
      checksums: "\326\360U\321"
      checksums: "\326\360U\321"
      checksums: "\326\360U\321"
      checksums: "\326\360U\321"
      checksums: "\326\360U\321"
      checksums: "\326\360U\321"
      checksums: "\326\360U\321"
      checksums: "\326\360U\321"
      checksums: "\326\360U\321"
      checksums: "\326\360U\321"
      checksums: "\326\360U\321"
      checksums: "\326\360U\321"
      checksums: "\326\360U\321"
      checksums: "\326\360U\321"
      checksums: "\326\360U\321"
      checksums: "\326\360U\321"
      checksums: "\326\360U\321"
      checksums: "\326\360U\321"
      checksums: "\326\360U\321"
      checksums: "\326\360U\321"
      checksums: "\326\360U\321"
      checksums: "\326\360U\321"
      checksums: "\326\360U\321"
      checksums: "\326\360U\321"
      checksums: "\326\360U\321"
      checksums: "\326\360U\321"
      checksums: "\326\360U\321"
      checksums: "\326\360U\321"
      checksums: "\326\360U\321"
      checksums: "\326\360U\321"
      checksums: "\326\360U\321"
      checksums: "\326\360U\321"
      checksums: "\326\360U\321"
      checksums: "\326\360U\321"
      checksums: "\326\360U\321"
      checksums: "\326\360U\321"
      checksums: "\326\360U\321"
      checksums: "\326\360U\321"
      checksums: "\326\360U\321"
      checksums: "\326\360U\321"
      checksums: "\326\360U\321"
      checksums: "\326\360U\321"
      checksums: "\326\360U\321"
      checksums: "\326\360U\321"
      checksums: "\326\360U\321"
      checksums: "\326\360U\321"
      checksums: "\326\360U\321"
      checksums: "\326\360U\321"
      checksums: "\326\360U\321"
      checksums: "\326\360U\321"
      checksums: "\326\360U\321"
      checksums: "\326\360U\321"
      checksums: "\326\360U\321"
      checksums: "\326\360U\321"
      checksums: "\326\360U\321"
      checksums: "a\003G\263"
    }
  }
}
version: 3
, data.size=1048576
java.util.concurrent.CompletionException: org.apache.ratis.protocol.exceptions.NotLeaderException: Server 95d41743-cdf0-4105-938b-93fe980aeffc@group-DDE89B3F2AFE is not the leader
	at java.base/java.util.concurrent.CompletableFuture.encodeThrowable(CompletableFuture.java:332)
	at java.base/java.util.concurrent.CompletableFuture.completeThrowable(CompletableFuture.java:347)
	at java.base/java.util.concurrent.CompletableFuture$UniAccept.tryFire(CompletableFuture.java:708)
	at java.base/java.util.concurrent.CompletableFuture.postComplete(CompletableFuture.java:510)
	at java.base/java.util.concurrent.CompletableFuture.completeExceptionally(CompletableFuture.java:2194)
	at org.apache.ratis.grpc.client.GrpcClientProtocolClient$AsyncStreamObservers.completeReplyExceptionally(GrpcClientProtocolClient.java:397)
	at org.apache.ratis.grpc.client.GrpcClientProtocolClient$AsyncStreamObservers.access$000(GrpcClientProtocolClient.java:303)
	at org.apache.ratis.grpc.client.GrpcClientProtocolClient$AsyncStreamObservers$1.onNext(GrpcClientProtocolClient.java:317)
	at org.apache.ratis.grpc.client.GrpcClientProtocolClient$AsyncStreamObservers$1.onNext(GrpcClientProtocolClient.java:308)
	at org.apache.ratis.thirdparty.io.grpc.stub.ClientCalls$StreamObserverToCallListenerAdapter.onMessage(ClientCalls.java:551)
	at org.apache.ratis.thirdparty.io.grpc.ForwardingClientCallListener.onMessage(ForwardingClientCallListener.java:33)
	at org.apache.ratis.thirdparty.io.grpc.internal.ClientCallImpl$ClientStreamListenerImpl$1MessagesAvailable.runInternal(ClientCallImpl.java:661)
	at org.apache.ratis.thirdparty.io.grpc.internal.ClientCallImpl$ClientStreamListenerImpl$1MessagesAvailable.runInContext(ClientCallImpl.java:648)
	at org.apache.ratis.thirdparty.io.grpc.internal.ContextRunnable.run(ContextRunnable.java:37)
	at org.apache.ratis.thirdparty.io.grpc.internal.SerializingExecutor.run(SerializingExecutor.java:133)
	at java.base/java.util.concurrent.ThreadPoolExecutor.runWorker(ThreadPoolExecutor.java:1144)
	at java.base/java.util.concurrent.ThreadPoolExecutor$Worker.run(ThreadPoolExecutor.java:642)
	at java.base/java.lang.Thread.run(Thread.java:1583)
Caused by: org.apache.ratis.protocol.exceptions.NotLeaderException: Server 95d41743-cdf0-4105-938b-93fe980aeffc@group-DDE89B3F2AFE is not the leader
	at org.apache.ratis.client.impl.ClientProtoUtils.toRaftClientReply(ClientProtoUtils.java:402)
	at org.apache.ratis.grpc.client.GrpcClientProtocolClient$AsyncStreamObservers$1.onNext(GrpcClientProtocolClient.java:313)
	... 10 more
2025-09-07 09:44:38,450 [95d41743-cdf0-4105-938b-93fe980aeffc@group-77DC33C8A8CA-FollowerState] INFO  impl.FollowerState (FollowerState.java:runImpl(161)) - 95d41743-cdf0-4105-938b-93fe980aeffc@group-77DC33C8A8CA-FollowerState: change to CANDIDATE, lastRpcElapsedTime:1198467681ns, electionTimeout:1198ms
2025-09-07 09:44:38,451 [95d41743-cdf0-4105-938b-93fe980aeffc@group-77DC33C8A8CA-FollowerState] INFO  impl.RoleInfo (RoleInfo.java:shutdownFollowerState(121)) - 95d41743-cdf0-4105-938b-93fe980aeffc: shutdown 95d41743-cdf0-4105-938b-93fe980aeffc@group-77DC33C8A8CA-FollowerState
2025-09-07 09:44:38,451 [95d41743-cdf0-4105-938b-93fe980aeffc@group-77DC33C8A8CA-FollowerState] INFO  server.RaftServer$Division (RaftServerImpl.java:setRole(392)) - 95d41743-cdf0-4105-938b-93fe980aeffc@group-77DC33C8A8CA: changes role from  FOLLOWER to CANDIDATE at term 2 for changeToCandidate
2025-09-07 09:44:38,451 [95d41743-cdf0-4105-938b-93fe980aeffc@group-77DC33C8A8CA-FollowerState] INFO  impl.RoleInfo (RoleInfo.java:updateAndGet(148)) - 95d41743-cdf0-4105-938b-93fe980aeffc: start 95d41743-cdf0-4105-938b-93fe980aeffc@group-77DC33C8A8CA-LeaderElection56
2025-09-07 09:44:38,451 [95d41743-cdf0-4105-938b-93fe980aeffc@group-77DC33C8A8CA-LeaderElection56] INFO  impl.LeaderElection (LeaderElection.java:askForVotes(448)) - 95d41743-cdf0-4105-938b-93fe980aeffc@group-77DC33C8A8CA-LeaderElection56 PRE_VOTE round 0: submit vote requests at term 2 for conf: {index: 1, cur=peers:[95d41743-cdf0-4105-938b-93fe980aeffc|127.0.0.1:15031, 8500c972-c6d1-4433-9d49-a8e3bb920002|127.0.0.1:15023, ff2509eb-55dd-4ad3-b532-83d6209e1a92|127.0.0.1:15015]|listeners:[], old=null}
2025-09-07 09:44:38,452 [95d41743-cdf0-4105-938b-93fe980aeffc@group-77DC33C8A8CA-LeaderElection56] INFO  impl.LeaderElection (LogUtils.java:infoOrTrace(142)) - 95d41743-cdf0-4105-938b-93fe980aeffc@group-77DC33C8A8CA-LeaderElection56 got exception when requesting votes: java.util.concurrent.ExecutionException: org.apache.ratis.thirdparty.io.grpc.StatusRuntimeException: UNAVAILABLE: io exception
2025-09-07 09:44:38,452 [95d41743-cdf0-4105-938b-93fe980aeffc@group-77DC33C8A8CA-LeaderElection56] INFO  impl.LeaderElection (LogUtils.java:infoOrTrace(142)) - 95d41743-cdf0-4105-938b-93fe980aeffc@group-77DC33C8A8CA-LeaderElection56 got exception when requesting votes: java.util.concurrent.ExecutionException: org.apache.ratis.thirdparty.io.grpc.StatusRuntimeException: UNAVAILABLE: io exception
2025-09-07 09:44:38,452 [95d41743-cdf0-4105-938b-93fe980aeffc@group-77DC33C8A8CA-LeaderElection56] INFO  impl.LeaderElection (LeaderElection.java:logAndReturn(206)) - 95d41743-cdf0-4105-938b-93fe980aeffc@group-77DC33C8A8CA-LeaderElection56: PRE_VOTE REJECTED received 0 response(s) and 2 exception(s):
2025-09-07 09:44:38,452 [95d41743-cdf0-4105-938b-93fe980aeffc@group-77DC33C8A8CA-LeaderElection56] INFO  impl.LeaderElection (LogUtils.java:infoOrTrace(142)) -   Exception 0: java.util.concurrent.ExecutionException: org.apache.ratis.thirdparty.io.grpc.StatusRuntimeException: UNAVAILABLE: io exception
2025-09-07 09:44:38,452 [95d41743-cdf0-4105-938b-93fe980aeffc@group-77DC33C8A8CA-LeaderElection56] INFO  impl.LeaderElection (LogUtils.java:infoOrTrace(142)) -   Exception 1: java.util.concurrent.ExecutionException: org.apache.ratis.thirdparty.io.grpc.StatusRuntimeException: UNAVAILABLE: io exception
2025-09-07 09:44:38,452 [95d41743-cdf0-4105-938b-93fe980aeffc@group-77DC33C8A8CA-LeaderElection56] INFO  impl.LeaderElection (LeaderElection.java:askForVotes(450)) - 95d41743-cdf0-4105-938b-93fe980aeffc@group-77DC33C8A8CA-LeaderElection56 PRE_VOTE round 0: result REJECTED
2025-09-07 09:44:38,452 [95d41743-cdf0-4105-938b-93fe980aeffc@group-77DC33C8A8CA-LeaderElection56] INFO  server.RaftServer$Division (RaftServerImpl.java:setRole(392)) - 95d41743-cdf0-4105-938b-93fe980aeffc@group-77DC33C8A8CA: changes role from CANDIDATE to FOLLOWER at term 2 for REJECTED
2025-09-07 09:44:38,452 [95d41743-cdf0-4105-938b-93fe980aeffc@group-77DC33C8A8CA-LeaderElection56] INFO  impl.RoleInfo (RoleInfo.java:shutdownLeaderElection(141)) - 95d41743-cdf0-4105-938b-93fe980aeffc: shutdown 95d41743-cdf0-4105-938b-93fe980aeffc@group-77DC33C8A8CA-LeaderElection56
2025-09-07 09:44:38,452 [95d41743-cdf0-4105-938b-93fe980aeffc@group-77DC33C8A8CA-LeaderElection56] INFO  impl.RoleInfo (RoleInfo.java:updateAndGet(148)) - 95d41743-cdf0-4105-938b-93fe980aeffc: start 95d41743-cdf0-4105-938b-93fe980aeffc@group-77DC33C8A8CA-FollowerState
2025-09-07 09:44:39,351 [95d41743-cdf0-4105-938b-93fe980aeffc@group-DDE89B3F2AFE-FollowerState] INFO  impl.FollowerState (FollowerState.java:runImpl(161)) - 95d41743-cdf0-4105-938b-93fe980aeffc@group-DDE89B3F2AFE-FollowerState: change to CANDIDATE, lastRpcElapsedTime:1152492535ns, electionTimeout:1152ms
2025-09-07 09:44:39,351 [95d41743-cdf0-4105-938b-93fe980aeffc@group-DDE89B3F2AFE-FollowerState] INFO  impl.RoleInfo (RoleInfo.java:shutdownFollowerState(121)) - 95d41743-cdf0-4105-938b-93fe980aeffc: shutdown 95d41743-cdf0-4105-938b-93fe980aeffc@group-DDE89B3F2AFE-FollowerState
2025-09-07 09:44:39,351 [95d41743-cdf0-4105-938b-93fe980aeffc@group-DDE89B3F2AFE-FollowerState] INFO  server.RaftServer$Division (RaftServerImpl.java:setRole(392)) - 95d41743-cdf0-4105-938b-93fe980aeffc@group-DDE89B3F2AFE: changes role from  FOLLOWER to CANDIDATE at term 1 for changeToCandidate
2025-09-07 09:44:39,351 [95d41743-cdf0-4105-938b-93fe980aeffc@group-DDE89B3F2AFE-FollowerState] INFO  impl.RoleInfo (RoleInfo.java:updateAndGet(148)) - 95d41743-cdf0-4105-938b-93fe980aeffc: start 95d41743-cdf0-4105-938b-93fe980aeffc@group-DDE89B3F2AFE-LeaderElection57
2025-09-07 09:44:39,352 [95d41743-cdf0-4105-938b-93fe980aeffc@group-DDE89B3F2AFE-LeaderElection57] INFO  impl.LeaderElection (LeaderElection.java:askForVotes(448)) - 95d41743-cdf0-4105-938b-93fe980aeffc@group-DDE89B3F2AFE-LeaderElection57 PRE_VOTE round 0: submit vote requests at term 1 for conf: {index: 0, cur=peers:[95d41743-cdf0-4105-938b-93fe980aeffc|127.0.0.1:15031, 8500c972-c6d1-4433-9d49-a8e3bb920002|127.0.0.1:15023, ff2509eb-55dd-4ad3-b532-83d6209e1a92|127.0.0.1:15015]|listeners:[], old=null}
2025-09-07 09:44:39,352 [95d41743-cdf0-4105-938b-93fe980aeffc@group-DDE89B3F2AFE-LeaderElection57] INFO  impl.LeaderElection (LogUtils.java:infoOrTrace(142)) - 95d41743-cdf0-4105-938b-93fe980aeffc@group-DDE89B3F2AFE-LeaderElection57 got exception when requesting votes: java.util.concurrent.ExecutionException: org.apache.ratis.thirdparty.io.grpc.StatusRuntimeException: UNAVAILABLE: io exception
2025-09-07 09:44:39,352 [95d41743-cdf0-4105-938b-93fe980aeffc@group-DDE89B3F2AFE-LeaderElection57] INFO  impl.LeaderElection (LogUtils.java:infoOrTrace(142)) - 95d41743-cdf0-4105-938b-93fe980aeffc@group-DDE89B3F2AFE-LeaderElection57 got exception when requesting votes: java.util.concurrent.ExecutionException: org.apache.ratis.thirdparty.io.grpc.StatusRuntimeException: UNAVAILABLE: io exception
2025-09-07 09:44:39,352 [95d41743-cdf0-4105-938b-93fe980aeffc@group-DDE89B3F2AFE-LeaderElection57] INFO  impl.LeaderElection (LeaderElection.java:logAndReturn(206)) - 95d41743-cdf0-4105-938b-93fe980aeffc@group-DDE89B3F2AFE-LeaderElection57: PRE_VOTE REJECTED received 0 response(s) and 2 exception(s):
2025-09-07 09:44:39,352 [95d41743-cdf0-4105-938b-93fe980aeffc@group-DDE89B3F2AFE-LeaderElection57] INFO  impl.LeaderElection (LogUtils.java:infoOrTrace(142)) -   Exception 0: java.util.concurrent.ExecutionException: org.apache.ratis.thirdparty.io.grpc.StatusRuntimeException: UNAVAILABLE: io exception
2025-09-07 09:44:39,352 [95d41743-cdf0-4105-938b-93fe980aeffc@group-DDE89B3F2AFE-LeaderElection57] INFO  impl.LeaderElection (LogUtils.java:infoOrTrace(142)) -   Exception 1: java.util.concurrent.ExecutionException: org.apache.ratis.thirdparty.io.grpc.StatusRuntimeException: UNAVAILABLE: io exception
2025-09-07 09:44:39,352 [95d41743-cdf0-4105-938b-93fe980aeffc@group-DDE89B3F2AFE-LeaderElection57] INFO  impl.LeaderElection (LeaderElection.java:askForVotes(450)) - 95d41743-cdf0-4105-938b-93fe980aeffc@group-DDE89B3F2AFE-LeaderElection57 PRE_VOTE round 0: result REJECTED
2025-09-07 09:44:39,352 [95d41743-cdf0-4105-938b-93fe980aeffc@group-DDE89B3F2AFE-LeaderElection57] INFO  server.RaftServer$Division (RaftServerImpl.java:setRole(392)) - 95d41743-cdf0-4105-938b-93fe980aeffc@group-DDE89B3F2AFE: changes role from CANDIDATE to FOLLOWER at term 1 for REJECTED
2025-09-07 09:44:39,352 [95d41743-cdf0-4105-938b-93fe980aeffc@group-DDE89B3F2AFE-LeaderElection57] INFO  impl.RoleInfo (RoleInfo.java:shutdownLeaderElection(141)) - 95d41743-cdf0-4105-938b-93fe980aeffc: shutdown 95d41743-cdf0-4105-938b-93fe980aeffc@group-DDE89B3F2AFE-LeaderElection57
2025-09-07 09:44:39,353 [95d41743-cdf0-4105-938b-93fe980aeffc@group-DDE89B3F2AFE-LeaderElection57] INFO  impl.RoleInfo (RoleInfo.java:updateAndGet(148)) - 95d41743-cdf0-4105-938b-93fe980aeffc: start 95d41743-cdf0-4105-938b-93fe980aeffc@group-DDE89B3F2AFE-FollowerState
2025-09-07 09:44:39,588 [95d41743-cdf0-4105-938b-93fe980aeffc@group-77DC33C8A8CA-FollowerState] INFO  impl.FollowerState (FollowerState.java:runImpl(161)) - 95d41743-cdf0-4105-938b-93fe980aeffc@group-77DC33C8A8CA-FollowerState: change to CANDIDATE, lastRpcElapsedTime:1135256442ns, electionTimeout:1135ms
2025-09-07 09:44:39,588 [95d41743-cdf0-4105-938b-93fe980aeffc@group-77DC33C8A8CA-FollowerState] INFO  impl.RoleInfo (RoleInfo.java:shutdownFollowerState(121)) - 95d41743-cdf0-4105-938b-93fe980aeffc: shutdown 95d41743-cdf0-4105-938b-93fe980aeffc@group-77DC33C8A8CA-FollowerState
2025-09-07 09:44:39,588 [95d41743-cdf0-4105-938b-93fe980aeffc@group-77DC33C8A8CA-FollowerState] INFO  server.RaftServer$Division (RaftServerImpl.java:setRole(392)) - 95d41743-cdf0-4105-938b-93fe980aeffc@group-77DC33C8A8CA: changes role from  FOLLOWER to CANDIDATE at term 2 for changeToCandidate
2025-09-07 09:44:39,588 [95d41743-cdf0-4105-938b-93fe980aeffc@group-77DC33C8A8CA-FollowerState] INFO  impl.RoleInfo (RoleInfo.java:updateAndGet(148)) - 95d41743-cdf0-4105-938b-93fe980aeffc: start 95d41743-cdf0-4105-938b-93fe980aeffc@group-77DC33C8A8CA-LeaderElection58
2025-09-07 09:44:39,588 [95d41743-cdf0-4105-938b-93fe980aeffc@group-77DC33C8A8CA-LeaderElection58] INFO  impl.LeaderElection (LeaderElection.java:askForVotes(448)) - 95d41743-cdf0-4105-938b-93fe980aeffc@group-77DC33C8A8CA-LeaderElection58 PRE_VOTE round 0: submit vote requests at term 2 for conf: {index: 1, cur=peers:[95d41743-cdf0-4105-938b-93fe980aeffc|127.0.0.1:15031, 8500c972-c6d1-4433-9d49-a8e3bb920002|127.0.0.1:15023, ff2509eb-55dd-4ad3-b532-83d6209e1a92|127.0.0.1:15015]|listeners:[], old=null}
2025-09-07 09:44:39,589 [95d41743-cdf0-4105-938b-93fe980aeffc@group-77DC33C8A8CA-LeaderElection58] INFO  impl.LeaderElection (LogUtils.java:infoOrTrace(142)) - 95d41743-cdf0-4105-938b-93fe980aeffc@group-77DC33C8A8CA-LeaderElection58 got exception when requesting votes: java.util.concurrent.ExecutionException: org.apache.ratis.thirdparty.io.grpc.StatusRuntimeException: UNAVAILABLE: io exception
2025-09-07 09:44:39,589 [95d41743-cdf0-4105-938b-93fe980aeffc@group-77DC33C8A8CA-LeaderElection58] INFO  impl.LeaderElection (LogUtils.java:infoOrTrace(142)) - 95d41743-cdf0-4105-938b-93fe980aeffc@group-77DC33C8A8CA-LeaderElection58 got exception when requesting votes: java.util.concurrent.ExecutionException: org.apache.ratis.thirdparty.io.grpc.StatusRuntimeException: UNAVAILABLE: io exception
2025-09-07 09:44:39,589 [95d41743-cdf0-4105-938b-93fe980aeffc@group-77DC33C8A8CA-LeaderElection58] INFO  impl.LeaderElection (LeaderElection.java:logAndReturn(206)) - 95d41743-cdf0-4105-938b-93fe980aeffc@group-77DC33C8A8CA-LeaderElection58: PRE_VOTE REJECTED received 0 response(s) and 2 exception(s):
2025-09-07 09:44:39,589 [95d41743-cdf0-4105-938b-93fe980aeffc@group-77DC33C8A8CA-LeaderElection58] INFO  impl.LeaderElection (LogUtils.java:infoOrTrace(142)) -   Exception 0: java.util.concurrent.ExecutionException: org.apache.ratis.thirdparty.io.grpc.StatusRuntimeException: UNAVAILABLE: io exception
2025-09-07 09:44:39,589 [95d41743-cdf0-4105-938b-93fe980aeffc@group-77DC33C8A8CA-LeaderElection58] INFO  impl.LeaderElection (LogUtils.java:infoOrTrace(142)) -   Exception 1: java.util.concurrent.ExecutionException: org.apache.ratis.thirdparty.io.grpc.StatusRuntimeException: UNAVAILABLE: io exception
2025-09-07 09:44:39,589 [95d41743-cdf0-4105-938b-93fe980aeffc@group-77DC33C8A8CA-LeaderElection58] INFO  impl.LeaderElection (LeaderElection.java:askForVotes(450)) - 95d41743-cdf0-4105-938b-93fe980aeffc@group-77DC33C8A8CA-LeaderElection58 PRE_VOTE round 0: result REJECTED
2025-09-07 09:44:39,589 [95d41743-cdf0-4105-938b-93fe980aeffc@group-77DC33C8A8CA-LeaderElection58] INFO  server.RaftServer$Division (RaftServerImpl.java:setRole(392)) - 95d41743-cdf0-4105-938b-93fe980aeffc@group-77DC33C8A8CA: changes role from CANDIDATE to FOLLOWER at term 2 for REJECTED
2025-09-07 09:44:39,589 [95d41743-cdf0-4105-938b-93fe980aeffc@group-77DC33C8A8CA-LeaderElection58] INFO  impl.RoleInfo (RoleInfo.java:shutdownLeaderElection(141)) - 95d41743-cdf0-4105-938b-93fe980aeffc: shutdown 95d41743-cdf0-4105-938b-93fe980aeffc@group-77DC33C8A8CA-LeaderElection58
2025-09-07 09:44:39,589 [95d41743-cdf0-4105-938b-93fe980aeffc@group-77DC33C8A8CA-LeaderElection58] INFO  impl.RoleInfo (RoleInfo.java:updateAndGet(148)) - 95d41743-cdf0-4105-938b-93fe980aeffc: start 95d41743-cdf0-4105-938b-93fe980aeffc@group-77DC33C8A8CA-FollowerState
2025-09-07 09:44:40,364 [95d41743-cdf0-4105-938b-93fe980aeffc@group-DDE89B3F2AFE-FollowerState] INFO  impl.FollowerState (FollowerState.java:runImpl(161)) - 95d41743-cdf0-4105-938b-93fe980aeffc@group-DDE89B3F2AFE-FollowerState: change to CANDIDATE, lastRpcElapsedTime:1011256541ns, electionTimeout:1011ms
2025-09-07 09:44:40,364 [95d41743-cdf0-4105-938b-93fe980aeffc@group-DDE89B3F2AFE-FollowerState] INFO  impl.RoleInfo (RoleInfo.java:shutdownFollowerState(121)) - 95d41743-cdf0-4105-938b-93fe980aeffc: shutdown 95d41743-cdf0-4105-938b-93fe980aeffc@group-DDE89B3F2AFE-FollowerState
2025-09-07 09:44:40,364 [95d41743-cdf0-4105-938b-93fe980aeffc@group-DDE89B3F2AFE-FollowerState] INFO  server.RaftServer$Division (RaftServerImpl.java:setRole(392)) - 95d41743-cdf0-4105-938b-93fe980aeffc@group-DDE89B3F2AFE: changes role from  FOLLOWER to CANDIDATE at term 1 for changeToCandidate
2025-09-07 09:44:40,364 [95d41743-cdf0-4105-938b-93fe980aeffc@group-DDE89B3F2AFE-FollowerState] INFO  impl.RoleInfo (RoleInfo.java:updateAndGet(148)) - 95d41743-cdf0-4105-938b-93fe980aeffc: start 95d41743-cdf0-4105-938b-93fe980aeffc@group-DDE89B3F2AFE-LeaderElection59
2025-09-07 09:44:40,365 [95d41743-cdf0-4105-938b-93fe980aeffc@group-DDE89B3F2AFE-LeaderElection59] INFO  impl.LeaderElection (LeaderElection.java:askForVotes(448)) - 95d41743-cdf0-4105-938b-93fe980aeffc@group-DDE89B3F2AFE-LeaderElection59 PRE_VOTE round 0: submit vote requests at term 1 for conf: {index: 0, cur=peers:[95d41743-cdf0-4105-938b-93fe980aeffc|127.0.0.1:15031, 8500c972-c6d1-4433-9d49-a8e3bb920002|127.0.0.1:15023, ff2509eb-55dd-4ad3-b532-83d6209e1a92|127.0.0.1:15015]|listeners:[], old=null}
2025-09-07 09:44:40,365 [95d41743-cdf0-4105-938b-93fe980aeffc@group-DDE89B3F2AFE-LeaderElection59] INFO  impl.LeaderElection (LogUtils.java:infoOrTrace(142)) - 95d41743-cdf0-4105-938b-93fe980aeffc@group-DDE89B3F2AFE-LeaderElection59 got exception when requesting votes: java.util.concurrent.ExecutionException: org.apache.ratis.thirdparty.io.grpc.StatusRuntimeException: UNAVAILABLE: io exception
2025-09-07 09:44:40,365 [95d41743-cdf0-4105-938b-93fe980aeffc@group-DDE89B3F2AFE-LeaderElection59] INFO  impl.LeaderElection (LogUtils.java:infoOrTrace(142)) - 95d41743-cdf0-4105-938b-93fe980aeffc@group-DDE89B3F2AFE-LeaderElection59 got exception when requesting votes: java.util.concurrent.ExecutionException: org.apache.ratis.thirdparty.io.grpc.StatusRuntimeException: UNAVAILABLE: io exception
2025-09-07 09:44:40,365 [95d41743-cdf0-4105-938b-93fe980aeffc@group-DDE89B3F2AFE-LeaderElection59] INFO  impl.LeaderElection (LeaderElection.java:logAndReturn(206)) - 95d41743-cdf0-4105-938b-93fe980aeffc@group-DDE89B3F2AFE-LeaderElection59: PRE_VOTE REJECTED received 0 response(s) and 2 exception(s):
2025-09-07 09:44:40,365 [95d41743-cdf0-4105-938b-93fe980aeffc@group-DDE89B3F2AFE-LeaderElection59] INFO  impl.LeaderElection (LogUtils.java:infoOrTrace(142)) -   Exception 0: java.util.concurrent.ExecutionException: org.apache.ratis.thirdparty.io.grpc.StatusRuntimeException: UNAVAILABLE: io exception
2025-09-07 09:44:40,365 [95d41743-cdf0-4105-938b-93fe980aeffc@group-DDE89B3F2AFE-LeaderElection59] INFO  impl.LeaderElection (LogUtils.java:infoOrTrace(142)) -   Exception 1: java.util.concurrent.ExecutionException: org.apache.ratis.thirdparty.io.grpc.StatusRuntimeException: UNAVAILABLE: io exception
2025-09-07 09:44:40,366 [95d41743-cdf0-4105-938b-93fe980aeffc@group-DDE89B3F2AFE-LeaderElection59] INFO  impl.LeaderElection (LeaderElection.java:askForVotes(450)) - 95d41743-cdf0-4105-938b-93fe980aeffc@group-DDE89B3F2AFE-LeaderElection59 PRE_VOTE round 0: result REJECTED
2025-09-07 09:44:40,366 [95d41743-cdf0-4105-938b-93fe980aeffc@group-DDE89B3F2AFE-LeaderElection59] INFO  server.RaftServer$Division (RaftServerImpl.java:setRole(392)) - 95d41743-cdf0-4105-938b-93fe980aeffc@group-DDE89B3F2AFE: changes role from CANDIDATE to FOLLOWER at term 1 for REJECTED
2025-09-07 09:44:40,366 [95d41743-cdf0-4105-938b-93fe980aeffc@group-DDE89B3F2AFE-LeaderElection59] INFO  impl.RoleInfo (RoleInfo.java:shutdownLeaderElection(141)) - 95d41743-cdf0-4105-938b-93fe980aeffc: shutdown 95d41743-cdf0-4105-938b-93fe980aeffc@group-DDE89B3F2AFE-LeaderElection59
2025-09-07 09:44:40,366 [95d41743-cdf0-4105-938b-93fe980aeffc@group-DDE89B3F2AFE-LeaderElection59] INFO  impl.RoleInfo (RoleInfo.java:updateAndGet(148)) - 95d41743-cdf0-4105-938b-93fe980aeffc: start 95d41743-cdf0-4105-938b-93fe980aeffc@group-DDE89B3F2AFE-FollowerState
2025-09-07 09:44:40,621 [95d41743-cdf0-4105-938b-93fe980aeffc@group-77DC33C8A8CA-FollowerState] INFO  impl.FollowerState (FollowerState.java:runImpl(161)) - 95d41743-cdf0-4105-938b-93fe980aeffc@group-77DC33C8A8CA-FollowerState: change to CANDIDATE, lastRpcElapsedTime:1031284641ns, electionTimeout:1031ms
2025-09-07 09:44:40,621 [95d41743-cdf0-4105-938b-93fe980aeffc@group-77DC33C8A8CA-FollowerState] INFO  impl.RoleInfo (RoleInfo.java:shutdownFollowerState(121)) - 95d41743-cdf0-4105-938b-93fe980aeffc: shutdown 95d41743-cdf0-4105-938b-93fe980aeffc@group-77DC33C8A8CA-FollowerState
2025-09-07 09:44:40,621 [95d41743-cdf0-4105-938b-93fe980aeffc@group-77DC33C8A8CA-FollowerState] INFO  server.RaftServer$Division (RaftServerImpl.java:setRole(392)) - 95d41743-cdf0-4105-938b-93fe980aeffc@group-77DC33C8A8CA: changes role from  FOLLOWER to CANDIDATE at term 2 for changeToCandidate
2025-09-07 09:44:40,621 [95d41743-cdf0-4105-938b-93fe980aeffc@group-77DC33C8A8CA-FollowerState] INFO  impl.RoleInfo (RoleInfo.java:updateAndGet(148)) - 95d41743-cdf0-4105-938b-93fe980aeffc: start 95d41743-cdf0-4105-938b-93fe980aeffc@group-77DC33C8A8CA-LeaderElection60
2025-09-07 09:44:40,621 [95d41743-cdf0-4105-938b-93fe980aeffc@group-77DC33C8A8CA-LeaderElection60] INFO  impl.LeaderElection (LeaderElection.java:askForVotes(448)) - 95d41743-cdf0-4105-938b-93fe980aeffc@group-77DC33C8A8CA-LeaderElection60 PRE_VOTE round 0: submit vote requests at term 2 for conf: {index: 1, cur=peers:[95d41743-cdf0-4105-938b-93fe980aeffc|127.0.0.1:15031, 8500c972-c6d1-4433-9d49-a8e3bb920002|127.0.0.1:15023, ff2509eb-55dd-4ad3-b532-83d6209e1a92|127.0.0.1:15015]|listeners:[], old=null}
2025-09-07 09:44:40,622 [95d41743-cdf0-4105-938b-93fe980aeffc@group-77DC33C8A8CA-LeaderElection60] INFO  impl.LeaderElection (LogUtils.java:infoOrTrace(142)) - 95d41743-cdf0-4105-938b-93fe980aeffc@group-77DC33C8A8CA-LeaderElection60 got exception when requesting votes: java.util.concurrent.ExecutionException: org.apache.ratis.thirdparty.io.grpc.StatusRuntimeException: UNAVAILABLE: io exception
2025-09-07 09:44:40,622 [95d41743-cdf0-4105-938b-93fe980aeffc@group-77DC33C8A8CA-LeaderElection60] INFO  impl.LeaderElection (LogUtils.java:infoOrTrace(142)) - 95d41743-cdf0-4105-938b-93fe980aeffc@group-77DC33C8A8CA-LeaderElection60 got exception when requesting votes: java.util.concurrent.ExecutionException: org.apache.ratis.thirdparty.io.grpc.StatusRuntimeException: UNAVAILABLE: io exception
2025-09-07 09:44:40,622 [95d41743-cdf0-4105-938b-93fe980aeffc@group-77DC33C8A8CA-LeaderElection60] INFO  impl.LeaderElection (LeaderElection.java:logAndReturn(206)) - 95d41743-cdf0-4105-938b-93fe980aeffc@group-77DC33C8A8CA-LeaderElection60: PRE_VOTE REJECTED received 0 response(s) and 2 exception(s):
2025-09-07 09:44:40,622 [95d41743-cdf0-4105-938b-93fe980aeffc@group-77DC33C8A8CA-LeaderElection60] INFO  impl.LeaderElection (LogUtils.java:infoOrTrace(142)) -   Exception 0: java.util.concurrent.ExecutionException: org.apache.ratis.thirdparty.io.grpc.StatusRuntimeException: UNAVAILABLE: io exception
2025-09-07 09:44:40,622 [95d41743-cdf0-4105-938b-93fe980aeffc@group-77DC33C8A8CA-LeaderElection60] INFO  impl.LeaderElection (LogUtils.java:infoOrTrace(142)) -   Exception 1: java.util.concurrent.ExecutionException: org.apache.ratis.thirdparty.io.grpc.StatusRuntimeException: UNAVAILABLE: io exception
2025-09-07 09:44:40,622 [95d41743-cdf0-4105-938b-93fe980aeffc@group-77DC33C8A8CA-LeaderElection60] INFO  impl.LeaderElection (LeaderElection.java:askForVotes(450)) - 95d41743-cdf0-4105-938b-93fe980aeffc@group-77DC33C8A8CA-LeaderElection60 PRE_VOTE round 0: result REJECTED
2025-09-07 09:44:40,622 [95d41743-cdf0-4105-938b-93fe980aeffc@group-77DC33C8A8CA-LeaderElection60] INFO  server.RaftServer$Division (RaftServerImpl.java:setRole(392)) - 95d41743-cdf0-4105-938b-93fe980aeffc@group-77DC33C8A8CA: changes role from CANDIDATE to FOLLOWER at term 2 for REJECTED
2025-09-07 09:44:40,622 [95d41743-cdf0-4105-938b-93fe980aeffc@group-77DC33C8A8CA-LeaderElection60] INFO  impl.RoleInfo (RoleInfo.java:shutdownLeaderElection(141)) - 95d41743-cdf0-4105-938b-93fe980aeffc: shutdown 95d41743-cdf0-4105-938b-93fe980aeffc@group-77DC33C8A8CA-LeaderElection60
2025-09-07 09:44:40,623 [95d41743-cdf0-4105-938b-93fe980aeffc@group-77DC33C8A8CA-LeaderElection60] INFO  impl.RoleInfo (RoleInfo.java:updateAndGet(148)) - 95d41743-cdf0-4105-938b-93fe980aeffc: start 95d41743-cdf0-4105-938b-93fe980aeffc@group-77DC33C8A8CA-FollowerState
2025-09-07 09:44:41,446 [95d41743-cdf0-4105-938b-93fe980aeffc@group-DDE89B3F2AFE-FollowerState] INFO  impl.FollowerState (FollowerState.java:runImpl(161)) - 95d41743-cdf0-4105-938b-93fe980aeffc@group-DDE89B3F2AFE-FollowerState: change to CANDIDATE, lastRpcElapsedTime:1080328539ns, electionTimeout:1080ms
2025-09-07 09:44:41,446 [95d41743-cdf0-4105-938b-93fe980aeffc@group-DDE89B3F2AFE-FollowerState] INFO  impl.RoleInfo (RoleInfo.java:shutdownFollowerState(121)) - 95d41743-cdf0-4105-938b-93fe980aeffc: shutdown 95d41743-cdf0-4105-938b-93fe980aeffc@group-DDE89B3F2AFE-FollowerState
2025-09-07 09:44:41,446 [95d41743-cdf0-4105-938b-93fe980aeffc@group-DDE89B3F2AFE-FollowerState] INFO  server.RaftServer$Division (RaftServerImpl.java:setRole(392)) - 95d41743-cdf0-4105-938b-93fe980aeffc@group-DDE89B3F2AFE: changes role from  FOLLOWER to CANDIDATE at term 1 for changeToCandidate
2025-09-07 09:44:41,446 [95d41743-cdf0-4105-938b-93fe980aeffc@group-DDE89B3F2AFE-FollowerState] INFO  impl.RoleInfo (RoleInfo.java:updateAndGet(148)) - 95d41743-cdf0-4105-938b-93fe980aeffc: start 95d41743-cdf0-4105-938b-93fe980aeffc@group-DDE89B3F2AFE-LeaderElection61
2025-09-07 09:44:41,447 [95d41743-cdf0-4105-938b-93fe980aeffc@group-DDE89B3F2AFE-LeaderElection61] INFO  impl.LeaderElection (LeaderElection.java:askForVotes(448)) - 95d41743-cdf0-4105-938b-93fe980aeffc@group-DDE89B3F2AFE-LeaderElection61 PRE_VOTE round 0: submit vote requests at term 1 for conf: {index: 0, cur=peers:[95d41743-cdf0-4105-938b-93fe980aeffc|127.0.0.1:15031, 8500c972-c6d1-4433-9d49-a8e3bb920002|127.0.0.1:15023, ff2509eb-55dd-4ad3-b532-83d6209e1a92|127.0.0.1:15015]|listeners:[], old=null}
2025-09-07 09:44:41,448 [95d41743-cdf0-4105-938b-93fe980aeffc@group-DDE89B3F2AFE-LeaderElection61] INFO  impl.LeaderElection (LogUtils.java:infoOrTrace(142)) - 95d41743-cdf0-4105-938b-93fe980aeffc@group-DDE89B3F2AFE-LeaderElection61 got exception when requesting votes: java.util.concurrent.ExecutionException: org.apache.ratis.thirdparty.io.grpc.StatusRuntimeException: UNAVAILABLE: io exception
2025-09-07 09:44:41,448 [95d41743-cdf0-4105-938b-93fe980aeffc@group-DDE89B3F2AFE-LeaderElection61] INFO  impl.LeaderElection (LogUtils.java:infoOrTrace(142)) - 95d41743-cdf0-4105-938b-93fe980aeffc@group-DDE89B3F2AFE-LeaderElection61 got exception when requesting votes: java.util.concurrent.ExecutionException: org.apache.ratis.thirdparty.io.grpc.StatusRuntimeException: UNAVAILABLE: io exception
2025-09-07 09:44:41,448 [95d41743-cdf0-4105-938b-93fe980aeffc@group-DDE89B3F2AFE-LeaderElection61] INFO  impl.LeaderElection (LeaderElection.java:logAndReturn(206)) - 95d41743-cdf0-4105-938b-93fe980aeffc@group-DDE89B3F2AFE-LeaderElection61: PRE_VOTE REJECTED received 0 response(s) and 2 exception(s):
2025-09-07 09:44:41,448 [95d41743-cdf0-4105-938b-93fe980aeffc@group-DDE89B3F2AFE-LeaderElection61] INFO  impl.LeaderElection (LogUtils.java:infoOrTrace(142)) -   Exception 0: java.util.concurrent.ExecutionException: org.apache.ratis.thirdparty.io.grpc.StatusRuntimeException: UNAVAILABLE: io exception
2025-09-07 09:44:41,448 [95d41743-cdf0-4105-938b-93fe980aeffc@group-DDE89B3F2AFE-LeaderElection61] INFO  impl.LeaderElection (LogUtils.java:infoOrTrace(142)) -   Exception 1: java.util.concurrent.ExecutionException: org.apache.ratis.thirdparty.io.grpc.StatusRuntimeException: UNAVAILABLE: io exception
2025-09-07 09:44:41,448 [95d41743-cdf0-4105-938b-93fe980aeffc@group-DDE89B3F2AFE-LeaderElection61] INFO  impl.LeaderElection (LeaderElection.java:askForVotes(450)) - 95d41743-cdf0-4105-938b-93fe980aeffc@group-DDE89B3F2AFE-LeaderElection61 PRE_VOTE round 0: result REJECTED
2025-09-07 09:44:41,448 [95d41743-cdf0-4105-938b-93fe980aeffc@group-DDE89B3F2AFE-LeaderElection61] INFO  server.RaftServer$Division (RaftServerImpl.java:setRole(392)) - 95d41743-cdf0-4105-938b-93fe980aeffc@group-DDE89B3F2AFE: changes role from CANDIDATE to FOLLOWER at term 1 for REJECTED
2025-09-07 09:44:41,448 [95d41743-cdf0-4105-938b-93fe980aeffc@group-DDE89B3F2AFE-LeaderElection61] INFO  impl.RoleInfo (RoleInfo.java:shutdownLeaderElection(141)) - 95d41743-cdf0-4105-938b-93fe980aeffc: shutdown 95d41743-cdf0-4105-938b-93fe980aeffc@group-DDE89B3F2AFE-LeaderElection61
2025-09-07 09:44:41,448 [95d41743-cdf0-4105-938b-93fe980aeffc@group-DDE89B3F2AFE-LeaderElection61] INFO  impl.RoleInfo (RoleInfo.java:updateAndGet(148)) - 95d41743-cdf0-4105-938b-93fe980aeffc: start 95d41743-cdf0-4105-938b-93fe980aeffc@group-DDE89B3F2AFE-FollowerState
2025-09-07 09:44:41,628 [95d41743-cdf0-4105-938b-93fe980aeffc@group-77DC33C8A8CA-FollowerState] INFO  impl.FollowerState (FollowerState.java:runImpl(161)) - 95d41743-cdf0-4105-938b-93fe980aeffc@group-77DC33C8A8CA-FollowerState: change to CANDIDATE, lastRpcElapsedTime:1005533863ns, electionTimeout:1005ms
2025-09-07 09:44:41,628 [95d41743-cdf0-4105-938b-93fe980aeffc@group-77DC33C8A8CA-FollowerState] INFO  impl.RoleInfo (RoleInfo.java:shutdownFollowerState(121)) - 95d41743-cdf0-4105-938b-93fe980aeffc: shutdown 95d41743-cdf0-4105-938b-93fe980aeffc@group-77DC33C8A8CA-FollowerState
2025-09-07 09:44:41,628 [95d41743-cdf0-4105-938b-93fe980aeffc@group-77DC33C8A8CA-FollowerState] INFO  server.RaftServer$Division (RaftServerImpl.java:setRole(392)) - 95d41743-cdf0-4105-938b-93fe980aeffc@group-77DC33C8A8CA: changes role from  FOLLOWER to CANDIDATE at term 2 for changeToCandidate
2025-09-07 09:44:41,628 [95d41743-cdf0-4105-938b-93fe980aeffc@group-77DC33C8A8CA-FollowerState] INFO  impl.RoleInfo (RoleInfo.java:updateAndGet(148)) - 95d41743-cdf0-4105-938b-93fe980aeffc: start 95d41743-cdf0-4105-938b-93fe980aeffc@group-77DC33C8A8CA-LeaderElection62
2025-09-07 09:44:41,629 [95d41743-cdf0-4105-938b-93fe980aeffc@group-77DC33C8A8CA-LeaderElection62] INFO  impl.LeaderElection (LeaderElection.java:askForVotes(448)) - 95d41743-cdf0-4105-938b-93fe980aeffc@group-77DC33C8A8CA-LeaderElection62 PRE_VOTE round 0: submit vote requests at term 2 for conf: {index: 1, cur=peers:[95d41743-cdf0-4105-938b-93fe980aeffc|127.0.0.1:15031, 8500c972-c6d1-4433-9d49-a8e3bb920002|127.0.0.1:15023, ff2509eb-55dd-4ad3-b532-83d6209e1a92|127.0.0.1:15015]|listeners:[], old=null}
2025-09-07 09:44:41,629 [95d41743-cdf0-4105-938b-93fe980aeffc@group-77DC33C8A8CA-LeaderElection62] INFO  impl.LeaderElection (LogUtils.java:infoOrTrace(142)) - 95d41743-cdf0-4105-938b-93fe980aeffc@group-77DC33C8A8CA-LeaderElection62 got exception when requesting votes: java.util.concurrent.ExecutionException: org.apache.ratis.thirdparty.io.grpc.StatusRuntimeException: UNAVAILABLE: io exception
2025-09-07 09:44:41,629 [95d41743-cdf0-4105-938b-93fe980aeffc@group-77DC33C8A8CA-LeaderElection62] INFO  impl.LeaderElection (LogUtils.java:infoOrTrace(142)) - 95d41743-cdf0-4105-938b-93fe980aeffc@group-77DC33C8A8CA-LeaderElection62 got exception when requesting votes: java.util.concurrent.ExecutionException: org.apache.ratis.thirdparty.io.grpc.StatusRuntimeException: UNAVAILABLE: io exception
2025-09-07 09:44:41,629 [95d41743-cdf0-4105-938b-93fe980aeffc@group-77DC33C8A8CA-LeaderElection62] INFO  impl.LeaderElection (LeaderElection.java:logAndReturn(206)) - 95d41743-cdf0-4105-938b-93fe980aeffc@group-77DC33C8A8CA-LeaderElection62: PRE_VOTE REJECTED received 0 response(s) and 2 exception(s):
2025-09-07 09:44:41,629 [95d41743-cdf0-4105-938b-93fe980aeffc@group-77DC33C8A8CA-LeaderElection62] INFO  impl.LeaderElection (LogUtils.java:infoOrTrace(142)) -   Exception 0: java.util.concurrent.ExecutionException: org.apache.ratis.thirdparty.io.grpc.StatusRuntimeException: UNAVAILABLE: io exception
2025-09-07 09:44:41,629 [95d41743-cdf0-4105-938b-93fe980aeffc@group-77DC33C8A8CA-LeaderElection62] INFO  impl.LeaderElection (LogUtils.java:infoOrTrace(142)) -   Exception 1: java.util.concurrent.ExecutionException: org.apache.ratis.thirdparty.io.grpc.StatusRuntimeException: UNAVAILABLE: io exception
2025-09-07 09:44:41,630 [95d41743-cdf0-4105-938b-93fe980aeffc@group-77DC33C8A8CA-LeaderElection62] INFO  impl.LeaderElection (LeaderElection.java:askForVotes(450)) - 95d41743-cdf0-4105-938b-93fe980aeffc@group-77DC33C8A8CA-LeaderElection62 PRE_VOTE round 0: result REJECTED
2025-09-07 09:44:41,630 [95d41743-cdf0-4105-938b-93fe980aeffc@group-77DC33C8A8CA-LeaderElection62] INFO  server.RaftServer$Division (RaftServerImpl.java:setRole(392)) - 95d41743-cdf0-4105-938b-93fe980aeffc@group-77DC33C8A8CA: changes role from CANDIDATE to FOLLOWER at term 2 for REJECTED
2025-09-07 09:44:41,630 [95d41743-cdf0-4105-938b-93fe980aeffc@group-77DC33C8A8CA-LeaderElection62] INFO  impl.RoleInfo (RoleInfo.java:shutdownLeaderElection(141)) - 95d41743-cdf0-4105-938b-93fe980aeffc: shutdown 95d41743-cdf0-4105-938b-93fe980aeffc@group-77DC33C8A8CA-LeaderElection62
2025-09-07 09:44:41,630 [95d41743-cdf0-4105-938b-93fe980aeffc@group-77DC33C8A8CA-LeaderElection62] INFO  impl.RoleInfo (RoleInfo.java:updateAndGet(148)) - 95d41743-cdf0-4105-938b-93fe980aeffc: start 95d41743-cdf0-4105-938b-93fe980aeffc@group-77DC33C8A8CA-FollowerState
2025-09-07 09:44:42,450 [95d41743-cdf0-4105-938b-93fe980aeffc@group-DDE89B3F2AFE-FollowerState] INFO  impl.FollowerState (FollowerState.java:runImpl(161)) - 95d41743-cdf0-4105-938b-93fe980aeffc@group-DDE89B3F2AFE-FollowerState: change to CANDIDATE, lastRpcElapsedTime:1002391487ns, electionTimeout:1002ms
2025-09-07 09:44:42,450 [95d41743-cdf0-4105-938b-93fe980aeffc@group-DDE89B3F2AFE-FollowerState] INFO  impl.RoleInfo (RoleInfo.java:shutdownFollowerState(121)) - 95d41743-cdf0-4105-938b-93fe980aeffc: shutdown 95d41743-cdf0-4105-938b-93fe980aeffc@group-DDE89B3F2AFE-FollowerState
2025-09-07 09:44:42,451 [95d41743-cdf0-4105-938b-93fe980aeffc@group-DDE89B3F2AFE-FollowerState] INFO  server.RaftServer$Division (RaftServerImpl.java:setRole(392)) - 95d41743-cdf0-4105-938b-93fe980aeffc@group-DDE89B3F2AFE: changes role from  FOLLOWER to CANDIDATE at term 1 for changeToCandidate
2025-09-07 09:44:42,451 [95d41743-cdf0-4105-938b-93fe980aeffc@group-DDE89B3F2AFE-FollowerState] INFO  impl.RoleInfo (RoleInfo.java:updateAndGet(148)) - 95d41743-cdf0-4105-938b-93fe980aeffc: start 95d41743-cdf0-4105-938b-93fe980aeffc@group-DDE89B3F2AFE-LeaderElection63
2025-09-07 09:44:42,451 [95d41743-cdf0-4105-938b-93fe980aeffc@group-DDE89B3F2AFE-LeaderElection63] INFO  impl.LeaderElection (LeaderElection.java:askForVotes(448)) - 95d41743-cdf0-4105-938b-93fe980aeffc@group-DDE89B3F2AFE-LeaderElection63 PRE_VOTE round 0: submit vote requests at term 1 for conf: {index: 0, cur=peers:[95d41743-cdf0-4105-938b-93fe980aeffc|127.0.0.1:15031, 8500c972-c6d1-4433-9d49-a8e3bb920002|127.0.0.1:15023, ff2509eb-55dd-4ad3-b532-83d6209e1a92|127.0.0.1:15015]|listeners:[], old=null}
2025-09-07 09:44:42,452 [95d41743-cdf0-4105-938b-93fe980aeffc@group-DDE89B3F2AFE-LeaderElection63] INFO  impl.LeaderElection (LogUtils.java:infoOrTrace(142)) - 95d41743-cdf0-4105-938b-93fe980aeffc@group-DDE89B3F2AFE-LeaderElection63 got exception when requesting votes: java.util.concurrent.ExecutionException: org.apache.ratis.thirdparty.io.grpc.StatusRuntimeException: UNAVAILABLE: io exception
2025-09-07 09:44:42,452 [95d41743-cdf0-4105-938b-93fe980aeffc@group-DDE89B3F2AFE-LeaderElection63] INFO  impl.LeaderElection (LogUtils.java:infoOrTrace(142)) - 95d41743-cdf0-4105-938b-93fe980aeffc@group-DDE89B3F2AFE-LeaderElection63 got exception when requesting votes: java.util.concurrent.ExecutionException: org.apache.ratis.thirdparty.io.grpc.StatusRuntimeException: UNAVAILABLE: io exception
2025-09-07 09:44:42,452 [95d41743-cdf0-4105-938b-93fe980aeffc@group-DDE89B3F2AFE-LeaderElection63] INFO  impl.LeaderElection (LeaderElection.java:logAndReturn(206)) - 95d41743-cdf0-4105-938b-93fe980aeffc@group-DDE89B3F2AFE-LeaderElection63: PRE_VOTE REJECTED received 0 response(s) and 2 exception(s):
2025-09-07 09:44:42,452 [95d41743-cdf0-4105-938b-93fe980aeffc@group-DDE89B3F2AFE-LeaderElection63] INFO  impl.LeaderElection (LogUtils.java:infoOrTrace(142)) -   Exception 0: java.util.concurrent.ExecutionException: org.apache.ratis.thirdparty.io.grpc.StatusRuntimeException: UNAVAILABLE: io exception
2025-09-07 09:44:42,452 [95d41743-cdf0-4105-938b-93fe980aeffc@group-DDE89B3F2AFE-LeaderElection63] INFO  impl.LeaderElection (LogUtils.java:infoOrTrace(142)) -   Exception 1: java.util.concurrent.ExecutionException: org.apache.ratis.thirdparty.io.grpc.StatusRuntimeException: UNAVAILABLE: io exception
2025-09-07 09:44:42,452 [95d41743-cdf0-4105-938b-93fe980aeffc@group-DDE89B3F2AFE-LeaderElection63] INFO  impl.LeaderElection (LeaderElection.java:askForVotes(450)) - 95d41743-cdf0-4105-938b-93fe980aeffc@group-DDE89B3F2AFE-LeaderElection63 PRE_VOTE round 0: result REJECTED
2025-09-07 09:44:42,452 [95d41743-cdf0-4105-938b-93fe980aeffc@group-DDE89B3F2AFE-LeaderElection63] INFO  server.RaftServer$Division (RaftServerImpl.java:setRole(392)) - 95d41743-cdf0-4105-938b-93fe980aeffc@group-DDE89B3F2AFE: changes role from CANDIDATE to FOLLOWER at term 1 for REJECTED
2025-09-07 09:44:42,452 [95d41743-cdf0-4105-938b-93fe980aeffc@group-DDE89B3F2AFE-LeaderElection63] INFO  impl.RoleInfo (RoleInfo.java:shutdownLeaderElection(141)) - 95d41743-cdf0-4105-938b-93fe980aeffc: shutdown 95d41743-cdf0-4105-938b-93fe980aeffc@group-DDE89B3F2AFE-LeaderElection63
2025-09-07 09:44:42,452 [95d41743-cdf0-4105-938b-93fe980aeffc@group-DDE89B3F2AFE-LeaderElection63] INFO  impl.RoleInfo (RoleInfo.java:updateAndGet(148)) - 95d41743-cdf0-4105-938b-93fe980aeffc: start 95d41743-cdf0-4105-938b-93fe980aeffc@group-DDE89B3F2AFE-FollowerState
2025-09-07 09:44:42,690 [95d41743-cdf0-4105-938b-93fe980aeffc@group-77DC33C8A8CA-FollowerState] INFO  impl.FollowerState (FollowerState.java:runImpl(161)) - 95d41743-cdf0-4105-938b-93fe980aeffc@group-77DC33C8A8CA-FollowerState: change to CANDIDATE, lastRpcElapsedTime:1060480652ns, electionTimeout:1060ms
2025-09-07 09:44:42,690 [95d41743-cdf0-4105-938b-93fe980aeffc@group-77DC33C8A8CA-FollowerState] INFO  impl.RoleInfo (RoleInfo.java:shutdownFollowerState(121)) - 95d41743-cdf0-4105-938b-93fe980aeffc: shutdown 95d41743-cdf0-4105-938b-93fe980aeffc@group-77DC33C8A8CA-FollowerState
2025-09-07 09:44:42,690 [95d41743-cdf0-4105-938b-93fe980aeffc@group-77DC33C8A8CA-FollowerState] INFO  server.RaftServer$Division (RaftServerImpl.java:setRole(392)) - 95d41743-cdf0-4105-938b-93fe980aeffc@group-77DC33C8A8CA: changes role from  FOLLOWER to CANDIDATE at term 2 for changeToCandidate
2025-09-07 09:44:42,690 [95d41743-cdf0-4105-938b-93fe980aeffc@group-77DC33C8A8CA-FollowerState] INFO  impl.RoleInfo (RoleInfo.java:updateAndGet(148)) - 95d41743-cdf0-4105-938b-93fe980aeffc: start 95d41743-cdf0-4105-938b-93fe980aeffc@group-77DC33C8A8CA-LeaderElection64
2025-09-07 09:44:42,691 [95d41743-cdf0-4105-938b-93fe980aeffc@group-77DC33C8A8CA-LeaderElection64] INFO  impl.LeaderElection (LeaderElection.java:askForVotes(448)) - 95d41743-cdf0-4105-938b-93fe980aeffc@group-77DC33C8A8CA-LeaderElection64 PRE_VOTE round 0: submit vote requests at term 2 for conf: {index: 1, cur=peers:[95d41743-cdf0-4105-938b-93fe980aeffc|127.0.0.1:15031, 8500c972-c6d1-4433-9d49-a8e3bb920002|127.0.0.1:15023, ff2509eb-55dd-4ad3-b532-83d6209e1a92|127.0.0.1:15015]|listeners:[], old=null}
2025-09-07 09:44:42,691 [95d41743-cdf0-4105-938b-93fe980aeffc@group-77DC33C8A8CA-LeaderElection64] INFO  impl.LeaderElection (LogUtils.java:infoOrTrace(142)) - 95d41743-cdf0-4105-938b-93fe980aeffc@group-77DC33C8A8CA-LeaderElection64 got exception when requesting votes: java.util.concurrent.ExecutionException: org.apache.ratis.thirdparty.io.grpc.StatusRuntimeException: UNAVAILABLE: io exception
2025-09-07 09:44:42,691 [95d41743-cdf0-4105-938b-93fe980aeffc@group-77DC33C8A8CA-LeaderElection64] INFO  impl.LeaderElection (LogUtils.java:infoOrTrace(142)) - 95d41743-cdf0-4105-938b-93fe980aeffc@group-77DC33C8A8CA-LeaderElection64 got exception when requesting votes: java.util.concurrent.ExecutionException: org.apache.ratis.thirdparty.io.grpc.StatusRuntimeException: UNAVAILABLE: io exception
2025-09-07 09:44:42,692 [95d41743-cdf0-4105-938b-93fe980aeffc@group-77DC33C8A8CA-LeaderElection64] INFO  impl.LeaderElection (LeaderElection.java:logAndReturn(206)) - 95d41743-cdf0-4105-938b-93fe980aeffc@group-77DC33C8A8CA-LeaderElection64: PRE_VOTE REJECTED received 0 response(s) and 2 exception(s):
2025-09-07 09:44:42,692 [95d41743-cdf0-4105-938b-93fe980aeffc@group-77DC33C8A8CA-LeaderElection64] INFO  impl.LeaderElection (LogUtils.java:infoOrTrace(142)) -   Exception 0: java.util.concurrent.ExecutionException: org.apache.ratis.thirdparty.io.grpc.StatusRuntimeException: UNAVAILABLE: io exception
2025-09-07 09:44:42,692 [95d41743-cdf0-4105-938b-93fe980aeffc@group-77DC33C8A8CA-LeaderElection64] INFO  impl.LeaderElection (LogUtils.java:infoOrTrace(142)) -   Exception 1: java.util.concurrent.ExecutionException: org.apache.ratis.thirdparty.io.grpc.StatusRuntimeException: UNAVAILABLE: io exception
2025-09-07 09:44:42,692 [95d41743-cdf0-4105-938b-93fe980aeffc@group-77DC33C8A8CA-LeaderElection64] INFO  impl.LeaderElection (LeaderElection.java:askForVotes(450)) - 95d41743-cdf0-4105-938b-93fe980aeffc@group-77DC33C8A8CA-LeaderElection64 PRE_VOTE round 0: result REJECTED
2025-09-07 09:44:42,692 [95d41743-cdf0-4105-938b-93fe980aeffc@group-77DC33C8A8CA-LeaderElection64] INFO  server.RaftServer$Division (RaftServerImpl.java:setRole(392)) - 95d41743-cdf0-4105-938b-93fe980aeffc@group-77DC33C8A8CA: changes role from CANDIDATE to FOLLOWER at term 2 for REJECTED
2025-09-07 09:44:42,692 [95d41743-cdf0-4105-938b-93fe980aeffc@group-77DC33C8A8CA-LeaderElection64] INFO  impl.RoleInfo (RoleInfo.java:shutdownLeaderElection(141)) - 95d41743-cdf0-4105-938b-93fe980aeffc: shutdown 95d41743-cdf0-4105-938b-93fe980aeffc@group-77DC33C8A8CA-LeaderElection64
2025-09-07 09:44:42,692 [95d41743-cdf0-4105-938b-93fe980aeffc@group-77DC33C8A8CA-LeaderElection64] INFO  impl.RoleInfo (RoleInfo.java:updateAndGet(148)) - 95d41743-cdf0-4105-938b-93fe980aeffc: start 95d41743-cdf0-4105-938b-93fe980aeffc@group-77DC33C8A8CA-FollowerState
2025-09-07 09:44:43,481 [95d41743-cdf0-4105-938b-93fe980aeffc@group-DDE89B3F2AFE-FollowerState] INFO  impl.FollowerState (FollowerState.java:runImpl(161)) - 95d41743-cdf0-4105-938b-93fe980aeffc@group-DDE89B3F2AFE-FollowerState: change to CANDIDATE, lastRpcElapsedTime:1029284341ns, electionTimeout:1029ms
2025-09-07 09:44:43,482 [95d41743-cdf0-4105-938b-93fe980aeffc@group-DDE89B3F2AFE-FollowerState] INFO  impl.RoleInfo (RoleInfo.java:shutdownFollowerState(121)) - 95d41743-cdf0-4105-938b-93fe980aeffc: shutdown 95d41743-cdf0-4105-938b-93fe980aeffc@group-DDE89B3F2AFE-FollowerState
2025-09-07 09:44:43,482 [95d41743-cdf0-4105-938b-93fe980aeffc@group-DDE89B3F2AFE-FollowerState] INFO  server.RaftServer$Division (RaftServerImpl.java:setRole(392)) - 95d41743-cdf0-4105-938b-93fe980aeffc@group-DDE89B3F2AFE: changes role from  FOLLOWER to CANDIDATE at term 1 for changeToCandidate
2025-09-07 09:44:43,482 [95d41743-cdf0-4105-938b-93fe980aeffc@group-DDE89B3F2AFE-FollowerState] INFO  impl.RoleInfo (RoleInfo.java:updateAndGet(148)) - 95d41743-cdf0-4105-938b-93fe980aeffc: start 95d41743-cdf0-4105-938b-93fe980aeffc@group-DDE89B3F2AFE-LeaderElection65
2025-09-07 09:44:43,482 [95d41743-cdf0-4105-938b-93fe980aeffc@group-DDE89B3F2AFE-LeaderElection65] INFO  impl.LeaderElection (LeaderElection.java:askForVotes(448)) - 95d41743-cdf0-4105-938b-93fe980aeffc@group-DDE89B3F2AFE-LeaderElection65 PRE_VOTE round 0: submit vote requests at term 1 for conf: {index: 0, cur=peers:[95d41743-cdf0-4105-938b-93fe980aeffc|127.0.0.1:15031, 8500c972-c6d1-4433-9d49-a8e3bb920002|127.0.0.1:15023, ff2509eb-55dd-4ad3-b532-83d6209e1a92|127.0.0.1:15015]|listeners:[], old=null}
2025-09-07 09:44:43,483 [95d41743-cdf0-4105-938b-93fe980aeffc@group-DDE89B3F2AFE-LeaderElection65] INFO  impl.LeaderElection (LogUtils.java:infoOrTrace(142)) - 95d41743-cdf0-4105-938b-93fe980aeffc@group-DDE89B3F2AFE-LeaderElection65 got exception when requesting votes: java.util.concurrent.ExecutionException: org.apache.ratis.thirdparty.io.grpc.StatusRuntimeException: UNAVAILABLE: io exception
2025-09-07 09:44:43,483 [95d41743-cdf0-4105-938b-93fe980aeffc@group-DDE89B3F2AFE-LeaderElection65] INFO  impl.LeaderElection (LogUtils.java:infoOrTrace(142)) - 95d41743-cdf0-4105-938b-93fe980aeffc@group-DDE89B3F2AFE-LeaderElection65 got exception when requesting votes: java.util.concurrent.ExecutionException: org.apache.ratis.thirdparty.io.grpc.StatusRuntimeException: UNAVAILABLE: io exception
2025-09-07 09:44:43,483 [95d41743-cdf0-4105-938b-93fe980aeffc@group-DDE89B3F2AFE-LeaderElection65] INFO  impl.LeaderElection (LeaderElection.java:logAndReturn(206)) - 95d41743-cdf0-4105-938b-93fe980aeffc@group-DDE89B3F2AFE-LeaderElection65: PRE_VOTE REJECTED received 0 response(s) and 2 exception(s):
2025-09-07 09:44:43,483 [95d41743-cdf0-4105-938b-93fe980aeffc@group-DDE89B3F2AFE-LeaderElection65] INFO  impl.LeaderElection (LogUtils.java:infoOrTrace(142)) -   Exception 0: java.util.concurrent.ExecutionException: org.apache.ratis.thirdparty.io.grpc.StatusRuntimeException: UNAVAILABLE: io exception
2025-09-07 09:44:43,483 [95d41743-cdf0-4105-938b-93fe980aeffc@group-DDE89B3F2AFE-LeaderElection65] INFO  impl.LeaderElection (LogUtils.java:infoOrTrace(142)) -   Exception 1: java.util.concurrent.ExecutionException: org.apache.ratis.thirdparty.io.grpc.StatusRuntimeException: UNAVAILABLE: io exception
2025-09-07 09:44:43,483 [95d41743-cdf0-4105-938b-93fe980aeffc@group-DDE89B3F2AFE-LeaderElection65] INFO  impl.LeaderElection (LeaderElection.java:askForVotes(450)) - 95d41743-cdf0-4105-938b-93fe980aeffc@group-DDE89B3F2AFE-LeaderElection65 PRE_VOTE round 0: result REJECTED
2025-09-07 09:44:43,483 [95d41743-cdf0-4105-938b-93fe980aeffc@group-DDE89B3F2AFE-LeaderElection65] INFO  server.RaftServer$Division (RaftServerImpl.java:setRole(392)) - 95d41743-cdf0-4105-938b-93fe980aeffc@group-DDE89B3F2AFE: changes role from CANDIDATE to FOLLOWER at term 1 for REJECTED
2025-09-07 09:44:43,483 [95d41743-cdf0-4105-938b-93fe980aeffc@group-DDE89B3F2AFE-LeaderElection65] INFO  impl.RoleInfo (RoleInfo.java:shutdownLeaderElection(141)) - 95d41743-cdf0-4105-938b-93fe980aeffc: shutdown 95d41743-cdf0-4105-938b-93fe980aeffc@group-DDE89B3F2AFE-LeaderElection65
2025-09-07 09:44:43,483 [95d41743-cdf0-4105-938b-93fe980aeffc@group-DDE89B3F2AFE-LeaderElection65] INFO  impl.RoleInfo (RoleInfo.java:updateAndGet(148)) - 95d41743-cdf0-4105-938b-93fe980aeffc: start 95d41743-cdf0-4105-938b-93fe980aeffc@group-DDE89B3F2AFE-FollowerState
2025-09-07 09:44:43,827 [95d41743-cdf0-4105-938b-93fe980aeffc@group-77DC33C8A8CA-FollowerState] INFO  impl.FollowerState (FollowerState.java:runImpl(161)) - 95d41743-cdf0-4105-938b-93fe980aeffc@group-77DC33C8A8CA-FollowerState: change to CANDIDATE, lastRpcElapsedTime:1135332126ns, electionTimeout:1135ms
2025-09-07 09:44:43,827 [95d41743-cdf0-4105-938b-93fe980aeffc@group-77DC33C8A8CA-FollowerState] INFO  impl.RoleInfo (RoleInfo.java:shutdownFollowerState(121)) - 95d41743-cdf0-4105-938b-93fe980aeffc: shutdown 95d41743-cdf0-4105-938b-93fe980aeffc@group-77DC33C8A8CA-FollowerState
2025-09-07 09:44:43,827 [95d41743-cdf0-4105-938b-93fe980aeffc@group-77DC33C8A8CA-FollowerState] INFO  server.RaftServer$Division (RaftServerImpl.java:setRole(392)) - 95d41743-cdf0-4105-938b-93fe980aeffc@group-77DC33C8A8CA: changes role from  FOLLOWER to CANDIDATE at term 2 for changeToCandidate
2025-09-07 09:44:43,828 [95d41743-cdf0-4105-938b-93fe980aeffc@group-77DC33C8A8CA-FollowerState] INFO  impl.RoleInfo (RoleInfo.java:updateAndGet(148)) - 95d41743-cdf0-4105-938b-93fe980aeffc: start 95d41743-cdf0-4105-938b-93fe980aeffc@group-77DC33C8A8CA-LeaderElection66
2025-09-07 09:44:43,828 [95d41743-cdf0-4105-938b-93fe980aeffc@group-77DC33C8A8CA-LeaderElection66] INFO  impl.LeaderElection (LeaderElection.java:askForVotes(448)) - 95d41743-cdf0-4105-938b-93fe980aeffc@group-77DC33C8A8CA-LeaderElection66 PRE_VOTE round 0: submit vote requests at term 2 for conf: {index: 1, cur=peers:[95d41743-cdf0-4105-938b-93fe980aeffc|127.0.0.1:15031, 8500c972-c6d1-4433-9d49-a8e3bb920002|127.0.0.1:15023, ff2509eb-55dd-4ad3-b532-83d6209e1a92|127.0.0.1:15015]|listeners:[], old=null}
2025-09-07 09:44:43,829 [95d41743-cdf0-4105-938b-93fe980aeffc@group-77DC33C8A8CA-LeaderElection66] INFO  impl.LeaderElection (LogUtils.java:infoOrTrace(142)) - 95d41743-cdf0-4105-938b-93fe980aeffc@group-77DC33C8A8CA-LeaderElection66 got exception when requesting votes: java.util.concurrent.ExecutionException: org.apache.ratis.thirdparty.io.grpc.StatusRuntimeException: UNAVAILABLE: io exception
2025-09-07 09:44:43,829 [95d41743-cdf0-4105-938b-93fe980aeffc@group-77DC33C8A8CA-LeaderElection66] INFO  impl.LeaderElection (LogUtils.java:infoOrTrace(142)) - 95d41743-cdf0-4105-938b-93fe980aeffc@group-77DC33C8A8CA-LeaderElection66 got exception when requesting votes: java.util.concurrent.ExecutionException: org.apache.ratis.thirdparty.io.grpc.StatusRuntimeException: UNAVAILABLE: io exception
2025-09-07 09:44:43,829 [95d41743-cdf0-4105-938b-93fe980aeffc@group-77DC33C8A8CA-LeaderElection66] INFO  impl.LeaderElection (LeaderElection.java:logAndReturn(206)) - 95d41743-cdf0-4105-938b-93fe980aeffc@group-77DC33C8A8CA-LeaderElection66: PRE_VOTE REJECTED received 0 response(s) and 2 exception(s):
2025-09-07 09:44:43,829 [95d41743-cdf0-4105-938b-93fe980aeffc@group-77DC33C8A8CA-LeaderElection66] INFO  impl.LeaderElection (LogUtils.java:infoOrTrace(142)) -   Exception 0: java.util.concurrent.ExecutionException: org.apache.ratis.thirdparty.io.grpc.StatusRuntimeException: UNAVAILABLE: io exception
2025-09-07 09:44:43,829 [95d41743-cdf0-4105-938b-93fe980aeffc@group-77DC33C8A8CA-LeaderElection66] INFO  impl.LeaderElection (LogUtils.java:infoOrTrace(142)) -   Exception 1: java.util.concurrent.ExecutionException: org.apache.ratis.thirdparty.io.grpc.StatusRuntimeException: UNAVAILABLE: io exception
2025-09-07 09:44:43,829 [95d41743-cdf0-4105-938b-93fe980aeffc@group-77DC33C8A8CA-LeaderElection66] INFO  impl.LeaderElection (LeaderElection.java:askForVotes(450)) - 95d41743-cdf0-4105-938b-93fe980aeffc@group-77DC33C8A8CA-LeaderElection66 PRE_VOTE round 0: result REJECTED
2025-09-07 09:44:43,829 [95d41743-cdf0-4105-938b-93fe980aeffc@group-77DC33C8A8CA-LeaderElection66] INFO  server.RaftServer$Division (RaftServerImpl.java:setRole(392)) - 95d41743-cdf0-4105-938b-93fe980aeffc@group-77DC33C8A8CA: changes role from CANDIDATE to FOLLOWER at term 2 for REJECTED
2025-09-07 09:44:43,829 [95d41743-cdf0-4105-938b-93fe980aeffc@group-77DC33C8A8CA-LeaderElection66] INFO  impl.RoleInfo (RoleInfo.java:shutdownLeaderElection(141)) - 95d41743-cdf0-4105-938b-93fe980aeffc: shutdown 95d41743-cdf0-4105-938b-93fe980aeffc@group-77DC33C8A8CA-LeaderElection66
2025-09-07 09:44:43,829 [95d41743-cdf0-4105-938b-93fe980aeffc@group-77DC33C8A8CA-LeaderElection66] INFO  impl.RoleInfo (RoleInfo.java:updateAndGet(148)) - 95d41743-cdf0-4105-938b-93fe980aeffc: start 95d41743-cdf0-4105-938b-93fe980aeffc@group-77DC33C8A8CA-FollowerState
2025-09-07 09:44:44,486 [95d41743-cdf0-4105-938b-93fe980aeffc@group-DDE89B3F2AFE-FollowerState] INFO  impl.FollowerState (FollowerState.java:runImpl(161)) - 95d41743-cdf0-4105-938b-93fe980aeffc@group-DDE89B3F2AFE-FollowerState: change to CANDIDATE, lastRpcElapsedTime:1002309317ns, electionTimeout:1002ms
2025-09-07 09:44:44,486 [95d41743-cdf0-4105-938b-93fe980aeffc@group-DDE89B3F2AFE-FollowerState] INFO  impl.RoleInfo (RoleInfo.java:shutdownFollowerState(121)) - 95d41743-cdf0-4105-938b-93fe980aeffc: shutdown 95d41743-cdf0-4105-938b-93fe980aeffc@group-DDE89B3F2AFE-FollowerState
2025-09-07 09:44:44,486 [95d41743-cdf0-4105-938b-93fe980aeffc@group-DDE89B3F2AFE-FollowerState] INFO  server.RaftServer$Division (RaftServerImpl.java:setRole(392)) - 95d41743-cdf0-4105-938b-93fe980aeffc@group-DDE89B3F2AFE: changes role from  FOLLOWER to CANDIDATE at term 1 for changeToCandidate
2025-09-07 09:44:44,486 [95d41743-cdf0-4105-938b-93fe980aeffc@group-DDE89B3F2AFE-FollowerState] INFO  impl.RoleInfo (RoleInfo.java:updateAndGet(148)) - 95d41743-cdf0-4105-938b-93fe980aeffc: start 95d41743-cdf0-4105-938b-93fe980aeffc@group-DDE89B3F2AFE-LeaderElection67
2025-09-07 09:44:44,486 [95d41743-cdf0-4105-938b-93fe980aeffc@group-DDE89B3F2AFE-LeaderElection67] INFO  impl.LeaderElection (LeaderElection.java:askForVotes(448)) - 95d41743-cdf0-4105-938b-93fe980aeffc@group-DDE89B3F2AFE-LeaderElection67 PRE_VOTE round 0: submit vote requests at term 1 for conf: {index: 0, cur=peers:[95d41743-cdf0-4105-938b-93fe980aeffc|127.0.0.1:15031, 8500c972-c6d1-4433-9d49-a8e3bb920002|127.0.0.1:15023, ff2509eb-55dd-4ad3-b532-83d6209e1a92|127.0.0.1:15015]|listeners:[], old=null}
2025-09-07 09:44:44,487 [95d41743-cdf0-4105-938b-93fe980aeffc@group-DDE89B3F2AFE-LeaderElection67] INFO  impl.LeaderElection (LogUtils.java:infoOrTrace(142)) - 95d41743-cdf0-4105-938b-93fe980aeffc@group-DDE89B3F2AFE-LeaderElection67 got exception when requesting votes: java.util.concurrent.ExecutionException: org.apache.ratis.thirdparty.io.grpc.StatusRuntimeException: UNAVAILABLE: io exception
2025-09-07 09:44:44,487 [95d41743-cdf0-4105-938b-93fe980aeffc@group-DDE89B3F2AFE-LeaderElection67] INFO  impl.LeaderElection (LogUtils.java:infoOrTrace(142)) - 95d41743-cdf0-4105-938b-93fe980aeffc@group-DDE89B3F2AFE-LeaderElection67 got exception when requesting votes: java.util.concurrent.ExecutionException: org.apache.ratis.thirdparty.io.grpc.StatusRuntimeException: UNAVAILABLE: io exception
2025-09-07 09:44:44,487 [95d41743-cdf0-4105-938b-93fe980aeffc@group-DDE89B3F2AFE-LeaderElection67] INFO  impl.LeaderElection (LeaderElection.java:logAndReturn(206)) - 95d41743-cdf0-4105-938b-93fe980aeffc@group-DDE89B3F2AFE-LeaderElection67: PRE_VOTE REJECTED received 0 response(s) and 2 exception(s):
2025-09-07 09:44:44,487 [95d41743-cdf0-4105-938b-93fe980aeffc@group-DDE89B3F2AFE-LeaderElection67] INFO  impl.LeaderElection (LogUtils.java:infoOrTrace(142)) -   Exception 0: java.util.concurrent.ExecutionException: org.apache.ratis.thirdparty.io.grpc.StatusRuntimeException: UNAVAILABLE: io exception
2025-09-07 09:44:44,487 [95d41743-cdf0-4105-938b-93fe980aeffc@group-DDE89B3F2AFE-LeaderElection67] INFO  impl.LeaderElection (LogUtils.java:infoOrTrace(142)) -   Exception 1: java.util.concurrent.ExecutionException: org.apache.ratis.thirdparty.io.grpc.StatusRuntimeException: UNAVAILABLE: io exception
2025-09-07 09:44:44,487 [95d41743-cdf0-4105-938b-93fe980aeffc@group-DDE89B3F2AFE-LeaderElection67] INFO  impl.LeaderElection (LeaderElection.java:askForVotes(450)) - 95d41743-cdf0-4105-938b-93fe980aeffc@group-DDE89B3F2AFE-LeaderElection67 PRE_VOTE round 0: result REJECTED
2025-09-07 09:44:44,487 [95d41743-cdf0-4105-938b-93fe980aeffc@group-DDE89B3F2AFE-LeaderElection67] INFO  server.RaftServer$Division (RaftServerImpl.java:setRole(392)) - 95d41743-cdf0-4105-938b-93fe980aeffc@group-DDE89B3F2AFE: changes role from CANDIDATE to FOLLOWER at term 1 for REJECTED
2025-09-07 09:44:44,487 [95d41743-cdf0-4105-938b-93fe980aeffc@group-DDE89B3F2AFE-LeaderElection67] INFO  impl.RoleInfo (RoleInfo.java:shutdownLeaderElection(141)) - 95d41743-cdf0-4105-938b-93fe980aeffc: shutdown 95d41743-cdf0-4105-938b-93fe980aeffc@group-DDE89B3F2AFE-LeaderElection67
2025-09-07 09:44:44,488 [95d41743-cdf0-4105-938b-93fe980aeffc@group-DDE89B3F2AFE-LeaderElection67] INFO  impl.RoleInfo (RoleInfo.java:updateAndGet(148)) - 95d41743-cdf0-4105-938b-93fe980aeffc: start 95d41743-cdf0-4105-938b-93fe980aeffc@group-DDE89B3F2AFE-FollowerState
2025-09-07 09:44:44,501 [grpc-default-executor-3] ERROR impl.OrderedAsync (OrderedAsync.java:lambda$null$6(215)) -  client-68C397D77D12: Failed* RaftClientRequest:client-68C397D77D12->ff2509eb-55dd-4ad3-b532-83d6209e1a92@group-DDE89B3F2AFE, cid=22, seq=4*, RW, cmdType: WriteChunk
traceID: ""
containerID: 1
datanodeUuid: "ff2509eb-55dd-4ad3-b532-83d6209e1a92"
writeChunk {
  blockID {
    containerID: 1
    localID: 115816896921600001
    blockCommitSequenceId: 2
    replicaIndex: 0
  }
  chunkData {
    chunkName: "115816896921600001_chunk_2"
    offset: 1048576
    len: 1048576
    checksumData {
      type: CRC32
      bytesPerChecksum: 16384
      checksums: "\326\360U\321"
      checksums: "\326\360U\321"
      checksums: "\326\360U\321"
      checksums: "\326\360U\321"
      checksums: "\326\360U\321"
      checksums: "\326\360U\321"
      checksums: "\326\360U\321"
      checksums: "\326\360U\321"
      checksums: "\326\360U\321"
      checksums: "\326\360U\321"
      checksums: "\326\360U\321"
      checksums: "\326\360U\321"
      checksums: "\326\360U\321"
      checksums: "\326\360U\321"
      checksums: "\326\360U\321"
      checksums: "\326\360U\321"
      checksums: "\326\360U\321"
      checksums: "\326\360U\321"
      checksums: "\326\360U\321"
      checksums: "\326\360U\321"
      checksums: "\326\360U\321"
      checksums: "\326\360U\321"
      checksums: "\326\360U\321"
      checksums: "\326\360U\321"
      checksums: "\326\360U\321"
      checksums: "\326\360U\321"
      checksums: "\326\360U\321"
      checksums: "\326\360U\321"
      checksums: "\326\360U\321"
      checksums: "\326\360U\321"
      checksums: "\326\360U\321"
      checksums: "\326\360U\321"
      checksums: "\326\360U\321"
      checksums: "\326\360U\321"
      checksums: "\326\360U\321"
      checksums: "\326\360U\321"
      checksums: "\326\360U\321"
      checksums: "\326\360U\321"
      checksums: "\326\360U\321"
      checksums: "\326\360U\321"
      checksums: "\326\360U\321"
      checksums: "\326\360U\321"
      checksums: "\326\360U\321"
      checksums: "\326\360U\321"
      checksums: "\326\360U\321"
      checksums: "\326\360U\321"
      checksums: "\326\360U\321"
      checksums: "\326\360U\321"
      checksums: "\326\360U\321"
      checksums: "\326\360U\321"
      checksums: "\326\360U\321"
      checksums: "\326\360U\321"
      checksums: "\326\360U\321"
      checksums: "\326\360U\321"
      checksums: "\326\360U\321"
      checksums: "\326\360U\321"
      checksums: "\326\360U\321"
      checksums: "\326\360U\321"
      checksums: "\326\360U\321"
      checksums: "\326\360U\321"
      checksums: "\326\360U\321"
      checksums: "\326\360U\321"
      checksums: "\326\360U\321"
      checksums: "a\003G\263"
    }
  }
}
version: 3
, data.size=1048576
java.util.concurrent.CompletionException: java.io.IOException: org.apache.ratis.thirdparty.io.grpc.StatusRuntimeException: UNAVAILABLE: io exception
	at java.base/java.util.concurrent.CompletableFuture.encodeThrowable(CompletableFuture.java:332)
	at java.base/java.util.concurrent.CompletableFuture.completeThrowable(CompletableFuture.java:347)
	at java.base/java.util.concurrent.CompletableFuture$UniAccept.tryFire(CompletableFuture.java:708)
	at java.base/java.util.concurrent.CompletableFuture.postComplete(CompletableFuture.java:510)
	at java.base/java.util.concurrent.CompletableFuture.completeExceptionally(CompletableFuture.java:2194)
	at org.apache.ratis.grpc.client.GrpcClientProtocolClient$AsyncStreamObservers.completeReplyExceptionally(GrpcClientProtocolClient.java:397)
	at org.apache.ratis.grpc.client.GrpcClientProtocolClient$AsyncStreamObservers.access$000(GrpcClientProtocolClient.java:303)
	at org.apache.ratis.grpc.client.GrpcClientProtocolClient$AsyncStreamObservers$1.onError(GrpcClientProtocolClient.java:334)
	at org.apache.ratis.thirdparty.io.grpc.stub.ClientCalls$StreamObserverToCallListenerAdapter.onClose(ClientCalls.java:564)
	at org.apache.ratis.thirdparty.io.grpc.PartialForwardingClientCallListener.onClose(PartialForwardingClientCallListener.java:39)
	at org.apache.ratis.thirdparty.io.grpc.ForwardingClientCallListener.onClose(ForwardingClientCallListener.java:23)
	at org.apache.ratis.grpc.metrics.intercept.client.MetricClientCallListener.onClose(MetricClientCallListener.java:47)
	at org.apache.ratis.thirdparty.io.grpc.internal.ClientCallImpl.closeObserver(ClientCallImpl.java:565)
	at org.apache.ratis.thirdparty.io.grpc.internal.ClientCallImpl.access$100(ClientCallImpl.java:72)
	at org.apache.ratis.thirdparty.io.grpc.internal.ClientCallImpl$ClientStreamListenerImpl$1StreamClosed.runInternal(ClientCallImpl.java:733)
	at org.apache.ratis.thirdparty.io.grpc.internal.ClientCallImpl$ClientStreamListenerImpl$1StreamClosed.runInContext(ClientCallImpl.java:714)
	at org.apache.ratis.thirdparty.io.grpc.internal.ContextRunnable.run(ContextRunnable.java:37)
	at org.apache.ratis.thirdparty.io.grpc.internal.SerializingExecutor.run(SerializingExecutor.java:133)
	at java.base/java.util.concurrent.ThreadPoolExecutor.runWorker(ThreadPoolExecutor.java:1144)
	at java.base/java.util.concurrent.ThreadPoolExecutor$Worker.run(ThreadPoolExecutor.java:642)
	at java.base/java.lang.Thread.run(Thread.java:1583)
Caused by: java.io.IOException: org.apache.ratis.thirdparty.io.grpc.StatusRuntimeException: UNAVAILABLE: io exception
	at org.apache.ratis.grpc.GrpcUtil.unwrapException(GrpcUtil.java:99)
	at org.apache.ratis.grpc.GrpcUtil.unwrapIOException(GrpcUtil.java:159)
	at org.apache.ratis.grpc.client.GrpcClientProtocolClient$AsyncStreamObservers$1.onError(GrpcClientProtocolClient.java:333)
	... 13 more
Caused by: org.apache.ratis.thirdparty.io.grpc.StatusRuntimeException: UNAVAILABLE: io exception
	at org.apache.ratis.thirdparty.io.grpc.Status.asRuntimeException(Status.java:532)
	... 13 more
Caused by: org.apache.ratis.thirdparty.io.netty.channel.AbstractChannel$AnnotatedConnectException: finishConnect(..) failed: Connection refused: /127.0.0.1:15013
Caused by: java.net.ConnectException: finishConnect(..) failed: Connection refused
	at org.apache.ratis.thirdparty.io.netty.channel.unix.Errors.newConnectException0(Errors.java:166)
	at org.apache.ratis.thirdparty.io.netty.channel.unix.Errors.handleConnectErrno(Errors.java:131)
	at org.apache.ratis.thirdparty.io.netty.channel.unix.Socket.finishConnect(Socket.java:359)
	at org.apache.ratis.thirdparty.io.netty.channel.epoll.AbstractEpollChannel$AbstractEpollUnsafe.doFinishConnect(AbstractEpollChannel.java:715)
	at org.apache.ratis.thirdparty.io.netty.channel.epoll.AbstractEpollChannel$AbstractEpollUnsafe.finishConnect(AbstractEpollChannel.java:692)
	at org.apache.ratis.thirdparty.io.netty.channel.epoll.AbstractEpollChannel$AbstractEpollUnsafe.epollOutReady(AbstractEpollChannel.java:567)
	at org.apache.ratis.thirdparty.io.netty.channel.epoll.EpollEventLoop.processReady(EpollEventLoop.java:491)
	at org.apache.ratis.thirdparty.io.netty.channel.epoll.EpollEventLoop.run(EpollEventLoop.java:399)
	at org.apache.ratis.thirdparty.io.netty.util.concurrent.SingleThreadEventExecutor$4.run(SingleThreadEventExecutor.java:998)
	at org.apache.ratis.thirdparty.io.netty.util.internal.ThreadExecutorMap$2.run(ThreadExecutorMap.java:74)
	at org.apache.ratis.thirdparty.io.netty.util.concurrent.FastThreadLocalRunnable.run(FastThreadLocalRunnable.java:30)
	at java.base/java.lang.Thread.run(Thread.java:1583)
2025-09-07 09:44:44,506 [grpc-default-executor-3] ERROR impl.OrderedAsync (OrderedAsync.java:lambda$send$4(181)) - Failed to send request, message=cmdType: WriteChunk
traceID: ""
containerID: 1
datanodeUuid: "ff2509eb-55dd-4ad3-b532-83d6209e1a92"
writeChunk {
  blockID {
    containerID: 1
    localID: 115816896921600001
    blockCommitSequenceId: 2
    replicaIndex: 0
  }
  chunkData {
    chunkName: "115816896921600001_chunk_2"
    offset: 1048576
    len: 1048576
    checksumData {
      type: CRC32
      bytesPerChecksum: 16384
      checksums: "\326\360U\321"
      checksums: "\326\360U\321"
      checksums: "\326\360U\321"
      checksums: "\326\360U\321"
      checksums: "\326\360U\321"
      checksums: "\326\360U\321"
      checksums: "\326\360U\321"
      checksums: "\326\360U\321"
      checksums: "\326\360U\321"
      checksums: "\326\360U\321"
      checksums: "\326\360U\321"
      checksums: "\326\360U\321"
      checksums: "\326\360U\321"
      checksums: "\326\360U\321"
      checksums: "\326\360U\321"
      checksums: "\326\360U\321"
      checksums: "\326\360U\321"
      checksums: "\326\360U\321"
      checksums: "\326\360U\321"
      checksums: "\326\360U\321"
      checksums: "\326\360U\321"
      checksums: "\326\360U\321"
      checksums: "\326\360U\321"
      checksums: "\326\360U\321"
      checksums: "\326\360U\321"
      checksums: "\326\360U\321"
      checksums: "\326\360U\321"
      checksums: "\326\360U\321"
      checksums: "\326\360U\321"
      checksums: "\326\360U\321"
      checksums: "\326\360U\321"
      checksums: "\326\360U\321"
      checksums: "\326\360U\321"
      checksums: "\326\360U\321"
      checksums: "\326\360U\321"
      checksums: "\326\360U\321"
      checksums: "\326\360U\321"
      checksums: "\326\360U\321"
      checksums: "\326\360U\321"
      checksums: "\326\360U\321"
      checksums: "\326\360U\321"
      checksums: "\326\360U\321"
      checksums: "\326\360U\321"
      checksums: "\326\360U\321"
      checksums: "\326\360U\321"
      checksums: "\326\360U\321"
      checksums: "\326\360U\321"
      checksums: "\326\360U\321"
      checksums: "\326\360U\321"
      checksums: "\326\360U\321"
      checksums: "\326\360U\321"
      checksums: "\326\360U\321"
      checksums: "\326\360U\321"
      checksums: "\326\360U\321"
      checksums: "\326\360U\321"
      checksums: "\326\360U\321"
      checksums: "\326\360U\321"
      checksums: "\326\360U\321"
      checksums: "\326\360U\321"
      checksums: "\326\360U\321"
      checksums: "\326\360U\321"
      checksums: "\326\360U\321"
      checksums: "\326\360U\321"
      checksums: "a\003G\263"
    }
  }
}
version: 3
, data.size=1048576
java.util.concurrent.CompletionException: org.apache.ratis.protocol.exceptions.RaftRetryFailureException: Failed RaftClientRequest:client-68C397D77D12->ff2509eb-55dd-4ad3-b532-83d6209e1a92@group-DDE89B3F2AFE, cid=22, seq=4*, RW, cmdType: WriteChunk
traceID: ""
containerID: 1
datanodeUuid: "ff2509eb-55dd-4ad3-b532-83d6209e1a92"
writeChunk {
  blockID {
    containerID: 1
    localID: 115816896921600001
    blockCommitSequenceId: 2
    replicaIndex: 0
  }
  chunkData {
    chunkName: "115816896921600001_chunk_2"
    offset: 1048576
    len: 1048576
    checksumData {
      type: CRC32
      bytesPerChecksum: 16384
      checksums: "\326\360U\321"
      checksums: "\326\360U\321"
      checksums: "\326\360U\321"
      checksums: "\326\360U\321"
      checksums: "\326\360U\321"
      checksums: "\326\360U\321"
      checksums: "\326\360U\321"
      checksums: "\326\360U\321"
      checksums: "\326\360U\321"
      checksums: "\326\360U\321"
      checksums: "\326\360U\321"
      checksums: "\326\360U\321"
      checksums: "\326\360U\321"
      checksums: "\326\360U\321"
      checksums: "\326\360U\321"
      checksums: "\326\360U\321"
      checksums: "\326\360U\321"
      checksums: "\326\360U\321"
      checksums: "\326\360U\321"
      checksums: "\326\360U\321"
      checksums: "\326\360U\321"
      checksums: "\326\360U\321"
      checksums: "\326\360U\321"
      checksums: "\326\360U\321"
      checksums: "\326\360U\321"
      checksums: "\326\360U\321"
      checksums: "\326\360U\321"
      checksums: "\326\360U\321"
      checksums: "\326\360U\321"
      checksums: "\326\360U\321"
      checksums: "\326\360U\321"
      checksums: "\326\360U\321"
      checksums: "\326\360U\321"
      checksums: "\326\360U\321"
      checksums: "\326\360U\321"
      checksums: "\326\360U\321"
      checksums: "\326\360U\321"
      checksums: "\326\360U\321"
      checksums: "\326\360U\321"
      checksums: "\326\360U\321"
      checksums: "\326\360U\321"
      checksums: "\326\360U\321"
      checksums: "\326\360U\321"
      checksums: "\326\360U\321"
      checksums: "\326\360U\321"
      checksums: "\326\360U\321"
      checksums: "\326\360U\321"
      checksums: "\326\360U\321"
      checksums: "\326\360U\321"
      checksums: "\326\360U\321"
      checksums: "\326\360U\321"
      checksums: "\326\360U\321"
      checksums: "\326\360U\321"
      checksums: "\326\360U\321"
      checksums: "\326\360U\321"
      checksums: "\326\360U\321"
      checksums: "\326\360U\321"
      checksums: "\326\360U\321"
      checksums: "\326\360U\321"
      checksums: "\326\360U\321"
      checksums: "\326\360U\321"
      checksums: "\326\360U\321"
      checksums: "\326\360U\321"
      checksums: "a\003G\263"
    }
  }
}
version: 3
, data.size=1048576 for 8 attempts with RequestTypeDependentRetryPolicy{WRITE->ExceptionDependentRetry(maxAttempts=2147483647; defaultPolicy=MultipleLinearRandomRetry[5x5s, 5x10s, 5x15s, 5x20s, 5x25s, 10x60s]; map={org.apache.ratis.protocol.exceptions.GroupMismatchException->NoRetry, org.apache.ratis.protocol.exceptions.NotReplicatedException->NoRetry, org.apache.ratis.protocol.exceptions.ResourceUnavailableException->org.apache.ratis.retry.ExponentialBackoffRetry@1f7ed076, org.apache.ratis.protocol.exceptions.StateMachineException->NoRetry, org.apache.ratis.protocol.exceptions.TimeoutIOException->org.apache.ratis.retry.ExponentialBackoffRetry@1f7ed076}), WATCH->ExceptionDependentRetry(maxAttempts=2147483647; defaultPolicy=MultipleLinearRandomRetry[5x5s, 5x10s, 5x15s, 5x20s, 5x25s, 10x60s]; map={org.apache.ratis.protocol.exceptions.GroupMismatchException->NoRetry, org.apache.ratis.protocol.exceptions.NotReplicatedException->NoRetry, org.apache.ratis.protocol.exceptions.ResourceUnavailableException->org.apache.ratis.retry.ExponentialBackoffRetry@1f7ed076, org.apache.ratis.protocol.exceptions.StateMachineException->NoRetry, org.apache.ratis.protocol.exceptions.TimeoutIOException->NoRetry})}
	at java.base/java.util.concurrent.CompletableFuture.encodeThrowable(CompletableFuture.java:332)
	at java.base/java.util.concurrent.CompletableFuture.completeThrowable(CompletableFuture.java:347)
	at java.base/java.util.concurrent.CompletableFuture$UniApply.tryFire(CompletableFuture.java:636)
	at java.base/java.util.concurrent.CompletableFuture.postComplete(CompletableFuture.java:510)
	at java.base/java.util.concurrent.CompletableFuture.completeExceptionally(CompletableFuture.java:2194)
	at org.apache.ratis.client.impl.OrderedAsync$PendingOrderedRequest.fail(OrderedAsync.java:111)
	at org.apache.ratis.util.SlidingWindow$Client.fail(SlidingWindow.java:395)
	at org.apache.ratis.client.impl.OrderedAsync.failAllAsyncRequests(OrderedAsync.java:155)
	at org.apache.ratis.client.impl.OrderedAsync.handleException(OrderedAsync.java:239)
	at org.apache.ratis.client.impl.OrderedAsync.lambda$sendRequestWithRetry$7(OrderedAsync.java:217)
	at java.base/java.util.concurrent.CompletableFuture.uniExceptionally(CompletableFuture.java:990)
	at java.base/java.util.concurrent.CompletableFuture$UniExceptionally.tryFire(CompletableFuture.java:974)
	at java.base/java.util.concurrent.CompletableFuture.postComplete(CompletableFuture.java:510)
	at java.base/java.util.concurrent.CompletableFuture.completeExceptionally(CompletableFuture.java:2194)
	at org.apache.ratis.grpc.client.GrpcClientProtocolClient$AsyncStreamObservers.completeReplyExceptionally(GrpcClientProtocolClient.java:397)
	at org.apache.ratis.grpc.client.GrpcClientProtocolClient$AsyncStreamObservers.access$000(GrpcClientProtocolClient.java:303)
	at org.apache.ratis.grpc.client.GrpcClientProtocolClient$AsyncStreamObservers$1.onError(GrpcClientProtocolClient.java:334)
	at org.apache.ratis.thirdparty.io.grpc.stub.ClientCalls$StreamObserverToCallListenerAdapter.onClose(ClientCalls.java:564)
	at org.apache.ratis.thirdparty.io.grpc.PartialForwardingClientCallListener.onClose(PartialForwardingClientCallListener.java:39)
	at org.apache.ratis.thirdparty.io.grpc.ForwardingClientCallListener.onClose(ForwardingClientCallListener.java:23)
	at org.apache.ratis.grpc.metrics.intercept.client.MetricClientCallListener.onClose(MetricClientCallListener.java:47)
	at org.apache.ratis.thirdparty.io.grpc.internal.ClientCallImpl.closeObserver(ClientCallImpl.java:565)
	at org.apache.ratis.thirdparty.io.grpc.internal.ClientCallImpl.access$100(ClientCallImpl.java:72)
	at org.apache.ratis.thirdparty.io.grpc.internal.ClientCallImpl$ClientStreamListenerImpl$1StreamClosed.runInternal(ClientCallImpl.java:733)
	at org.apache.ratis.thirdparty.io.grpc.internal.ClientCallImpl$ClientStreamListenerImpl$1StreamClosed.runInContext(ClientCallImpl.java:714)
	at org.apache.ratis.thirdparty.io.grpc.internal.ContextRunnable.run(ContextRunnable.java:37)
	at org.apache.ratis.thirdparty.io.grpc.internal.SerializingExecutor.run(SerializingExecutor.java:133)
	at java.base/java.util.concurrent.ThreadPoolExecutor.runWorker(ThreadPoolExecutor.java:1144)
	at java.base/java.util.concurrent.ThreadPoolExecutor$Worker.run(ThreadPoolExecutor.java:642)
	at java.base/java.lang.Thread.run(Thread.java:1583)
Caused by: org.apache.ratis.protocol.exceptions.RaftRetryFailureException: Failed RaftClientRequest:client-68C397D77D12->ff2509eb-55dd-4ad3-b532-83d6209e1a92@group-DDE89B3F2AFE, cid=22, seq=4*, RW, cmdType: WriteChunk
traceID: ""
containerID: 1
datanodeUuid: "ff2509eb-55dd-4ad3-b532-83d6209e1a92"
writeChunk {
  blockID {
    containerID: 1
    localID: 115816896921600001
    blockCommitSequenceId: 2
    replicaIndex: 0
  }
  chunkData {
    chunkName: "115816896921600001_chunk_2"
    offset: 1048576
    len: 1048576
    checksumData {
      type: CRC32
      bytesPerChecksum: 16384
      checksums: "\326\360U\321"
      checksums: "\326\360U\321"
      checksums: "\326\360U\321"
      checksums: "\326\360U\321"
      checksums: "\326\360U\321"
      checksums: "\326\360U\321"
      checksums: "\326\360U\321"
      checksums: "\326\360U\321"
      checksums: "\326\360U\321"
      checksums: "\326\360U\321"
      checksums: "\326\360U\321"
      checksums: "\326\360U\321"
      checksums: "\326\360U\321"
      checksums: "\326\360U\321"
      checksums: "\326\360U\321"
      checksums: "\326\360U\321"
      checksums: "\326\360U\321"
      checksums: "\326\360U\321"
      checksums: "\326\360U\321"
      checksums: "\326\360U\321"
      checksums: "\326\360U\321"
      checksums: "\326\360U\321"
      checksums: "\326\360U\321"
      checksums: "\326\360U\321"
      checksums: "\326\360U\321"
      checksums: "\326\360U\321"
      checksums: "\326\360U\321"
      checksums: "\326\360U\321"
      checksums: "\326\360U\321"
      checksums: "\326\360U\321"
      checksums: "\326\360U\321"
      checksums: "\326\360U\321"
      checksums: "\326\360U\321"
      checksums: "\326\360U\321"
      checksums: "\326\360U\321"
      checksums: "\326\360U\321"
      checksums: "\326\360U\321"
      checksums: "\326\360U\321"
      checksums: "\326\360U\321"
      checksums: "\326\360U\321"
      checksums: "\326\360U\321"
      checksums: "\326\360U\321"
      checksums: "\326\360U\321"
      checksums: "\326\360U\321"
      checksums: "\326\360U\321"
      checksums: "\326\360U\321"
      checksums: "\326\360U\321"
      checksums: "\326\360U\321"
      checksums: "\326\360U\321"
      checksums: "\326\360U\321"
      checksums: "\326\360U\321"
      checksums: "\326\360U\321"
      checksums: "\326\360U\321"
      checksums: "\326\360U\321"
      checksums: "\326\360U\321"
      checksums: "\326\360U\321"
      checksums: "\326\360U\321"
      checksums: "\326\360U\321"
      checksums: "\326\360U\321"
      checksums: "\326\360U\321"
      checksums: "\326\360U\321"
      checksums: "\326\360U\321"
      checksums: "\326\360U\321"
      checksums: "a\003G\263"
    }
  }
}
version: 3
, data.size=1048576 for 8 attempts with RequestTypeDependentRetryPolicy{WRITE->ExceptionDependentRetry(maxAttempts=2147483647; defaultPolicy=MultipleLinearRandomRetry[5x5s, 5x10s, 5x15s, 5x20s, 5x25s, 10x60s]; map={org.apache.ratis.protocol.exceptions.GroupMismatchException->NoRetry, org.apache.ratis.protocol.exceptions.NotReplicatedException->NoRetry, org.apache.ratis.protocol.exceptions.ResourceUnavailableException->org.apache.ratis.retry.ExponentialBackoffRetry@1f7ed076, org.apache.ratis.protocol.exceptions.StateMachineException->NoRetry, org.apache.ratis.protocol.exceptions.TimeoutIOException->org.apache.ratis.retry.ExponentialBackoffRetry@1f7ed076}), WATCH->ExceptionDependentRetry(maxAttempts=2147483647; defaultPolicy=MultipleLinearRandomRetry[5x5s, 5x10s, 5x15s, 5x20s, 5x25s, 10x60s]; map={org.apache.ratis.protocol.exceptions.GroupMismatchException->NoRetry, org.apache.ratis.protocol.exceptions.NotReplicatedException->NoRetry, org.apache.ratis.protocol.exceptions.ResourceUnavailableException->org.apache.ratis.retry.ExponentialBackoffRetry@1f7ed076, org.apache.ratis.protocol.exceptions.StateMachineException->NoRetry, org.apache.ratis.protocol.exceptions.TimeoutIOException->NoRetry})}
	at org.apache.ratis.client.impl.RaftClientImpl.noMoreRetries(RaftClientImpl.java:352)
	... 22 more
Caused by: java.io.IOException: org.apache.ratis.thirdparty.io.grpc.StatusRuntimeException: UNAVAILABLE: io exception
	at org.apache.ratis.grpc.GrpcUtil.unwrapException(GrpcUtil.java:99)
	at org.apache.ratis.grpc.GrpcUtil.unwrapIOException(GrpcUtil.java:159)
	at org.apache.ratis.grpc.client.GrpcClientProtocolClient$AsyncStreamObservers$1.onError(GrpcClientProtocolClient.java:333)
	... 13 more
Caused by: org.apache.ratis.thirdparty.io.grpc.StatusRuntimeException: UNAVAILABLE: io exception
	at org.apache.ratis.thirdparty.io.grpc.Status.asRuntimeException(Status.java:532)
	... 13 more
Caused by: org.apache.ratis.thirdparty.io.netty.channel.AbstractChannel$AnnotatedConnectException: finishConnect(..) failed: Connection refused: /127.0.0.1:15013
Caused by: java.net.ConnectException: finishConnect(..) failed: Connection refused
	at org.apache.ratis.thirdparty.io.netty.channel.unix.Errors.newConnectException0(Errors.java:166)
	at org.apache.ratis.thirdparty.io.netty.channel.unix.Errors.handleConnectErrno(Errors.java:131)
	at org.apache.ratis.thirdparty.io.netty.channel.unix.Socket.finishConnect(Socket.java:359)
	at org.apache.ratis.thirdparty.io.netty.channel.epoll.AbstractEpollChannel$AbstractEpollUnsafe.doFinishConnect(AbstractEpollChannel.java:715)
	at org.apache.ratis.thirdparty.io.netty.channel.epoll.AbstractEpollChannel$AbstractEpollUnsafe.finishConnect(AbstractEpollChannel.java:692)
	at org.apache.ratis.thirdparty.io.netty.channel.epoll.AbstractEpollChannel$AbstractEpollUnsafe.epollOutReady(AbstractEpollChannel.java:567)
	at org.apache.ratis.thirdparty.io.netty.channel.epoll.EpollEventLoop.processReady(EpollEventLoop.java:491)
	at org.apache.ratis.thirdparty.io.netty.channel.epoll.EpollEventLoop.run(EpollEventLoop.java:399)
	at org.apache.ratis.thirdparty.io.netty.util.concurrent.SingleThreadEventExecutor$4.run(SingleThreadEventExecutor.java:998)
	at org.apache.ratis.thirdparty.io.netty.util.internal.ThreadExecutorMap$2.run(ThreadExecutorMap.java:74)
	at org.apache.ratis.thirdparty.io.netty.util.concurrent.FastThreadLocalRunnable.run(FastThreadLocalRunnable.java:30)
	at java.base/java.lang.Thread.run(Thread.java:1583)
2025-09-07 09:44:44,508 [grpc-default-executor-3] ERROR impl.OrderedAsync (OrderedAsync.java:lambda$send$4(179)) - Failed to send request, message=cmdType: PutBlock
traceID: ""
containerID: 1
datanodeUuid: "ff2509eb-55dd-4ad3-b532-83d6209e1a92"
putBlock {
  blockData {
    blockID {
      containerID: 1
      localID: 115816896921600001
      blockCommitSequenceId: 0
    }
    metadata {
      key: "TYPE"
      value: "KEY"
    }
    chunks {
      chunkName: "115816896921600001_chunk_1"
      offset: 0
      len: 1048576
      checksumData {
        type: CRC32
        bytesPerChecksum: 16384
        checksums: "\326\360U\321"
        checksums: "\326\360U\321"
        checksums: "\326\360U\321"
        checksums: "\326\360U\321"
        checksums: "\326\360U\321"
        checksums: "\326\360U\321"
        checksums: "\326\360U\321"
        checksums: "\326\360U\321"
        checksums: "\326\360U\321"
        checksums: "\326\360U\321"
        checksums: "\326\360U\321"
        checksums: "\326\360U\321"
        checksums: "\326\360U\321"
        checksums: "\326\360U\321"
        checksums: "\326\360U\321"
        checksums: "\326\360U\321"
        checksums: "\326\360U\321"
        checksums: "\326\360U\321"
        checksums: "\326\360U\321"
        checksums: "\326\360U\321"
        checksums: "\326\360U\321"
        checksums: "\326\360U\321"
        checksums: "\326\360U\321"
        checksums: "\326\360U\321"
        checksums: "\326\360U\321"
        checksums: "\326\360U\321"
        checksums: "\326\360U\321"
        checksums: "\326\360U\321"
        checksums: "\326\360U\321"
        checksums: "\326\360U\321"
        checksums: "\326\360U\321"
        checksums: "\326\360U\321"
        checksums: "\326\360U\321"
        checksums: "\326\360U\321"
        checksums: "\326\360U\321"
        checksums: "\326\360U\321"
        checksums: "\326\360U\321"
        checksums: "\326\360U\321"
        checksums: "\326\360U\321"
        checksums: "\326\360U\321"
        checksums: "\326\360U\321"
        checksums: "\326\360U\321"
        checksums: "\326\360U\321"
        checksums: "\326\360U\321"
        checksums: "\326\360U\321"
        checksums: "\326\360U\321"
        checksums: "\326\360U\321"
        checksums: "\326\360U\321"
        checksums: "\326\360U\321"
        checksums: "\326\360U\321"
        checksums: "\326\360U\321"
        checksums: "\326\360U\321"
        checksums: "\326\360U\321"
        checksums: "\326\360U\321"
        checksums: "\326\360U\321"
        checksums: "\326\360U\321"
        checksums: "\326\360U\321"
        checksums: "\326\360U\321"
        checksums: "\326\360U\321"
        checksums: "\326\360U\321"
        checksums: "\326\360U\321"
        checksums: "\326\360U\321"
        checksums: "\326\360U\321"
        checksums: "a\003G\263"
      }
    }
    chunks {
      chunkName: "115816896921600001_chunk_2"
      offset: 1048576
      len: 1048576
      checksumData {
        type: CRC32
        bytesPerChecksum: 16384
        checksums: "\326\360U\321"
        checksums: "\326\360U\321"
        checksums: "\326\360U\321"
        checksums: "\326\360U\321"
        checksums: "\326\360U\321"
        checksums: "\326\360U\321"
        checksums: "\326\360U\321"
        checksums: "\326\360U\321"
        checksums: "\326\360U\321"
        checksums: "\326\360U\321"
        checksums: "\326\360U\321"
        checksums: "\326\360U\321"
        checksums: "\326\360U\321"
        checksums: "\326\360U\321"
        checksums: "\326\360U\321"
        checksums: "\326\360U\321"
        checksums: "\326\360U\321"
        checksums: "\326\360U\321"
        checksums: "\326\360U\321"
        checksums: "\326\360U\321"
        checksums: "\326\360U\321"
        checksums: "\326\360U\321"
        checksums: "\326\360U\321"
        checksums: "\326\360U\321"
        checksums: "\326\360U\321"
        checksums: "\326\360U\321"
        checksums: "\326\360U\321"
        checksums: "\326\360U\321"
        checksums: "\326\360U\321"
        checksums: "\326\360U\321"
        checksums: "\326\360U\321"
        checksums: "\326\360U\321"
        checksums: "\326\360U\321"
        checksums: "\326\360U\321"
        checksums: "\326\360U\321"
        checksums: "\326\360U\321"
        checksums: "\326\360U\321"
        checksums: "\326\360U\321"
        checksums: "\326\360U\321"
        checksums: "\326\360U\321"
        checksums: "\326\360U\321"
        checksums: "\326\360U\321"
        checksums: "\326\360U\321"
        checksums: "\326\360U\321"
        checksums: "\326\360U\321"
        checksums: "\326\360U\321"
        checksums: "\326\360U\321"
        checksums: "\326\360U\321"
        checksums: "\326\360U\321"
        checksums: "\326\360U\321"
        checksums: "\326\360U\321"
        checksums: "\326\360U\321"
        checksums: "\326\360U\321"
        checksums: "\326\360U\321"
        checksums: "\326\360U\321"
        checksums: "\326\360U\321"
        checksums: "\326\360U\321"
        checksums: "\326\360U\321"
        checksums: "\326\360U\321"
        checksums: "\326\360U\321"
        checksums: "\326\360U\321"
        checksums: "\326\360U\321"
        checksums: "\326\360U\321"
        checksums: "a\003G\263"
      }
    }
  }
  eof: false
}
version: 3
, data.size=0 due to java.util.concurrent.CompletionException: org.apache.ratis.protocol.exceptions.AlreadyClosedException: SlidingWindow$Client:client-68C397D77D12->RAFT is closed.
2025-09-07 09:44:44,509 [grpc-default-executor-3] ERROR impl.OrderedAsync (OrderedAsync.java:lambda$send$4(179)) - Failed to send request, message=cmdType: WriteChunk
traceID: ""
containerID: 1
datanodeUuid: "ff2509eb-55dd-4ad3-b532-83d6209e1a92"
writeChunk {
  blockID {
    containerID: 1
    localID: 115816896921600001
    blockCommitSequenceId: 2
    replicaIndex: 0
  }
  chunkData {
    chunkName: "115816896921600001_chunk_3"
    offset: 2097152
    len: 1048576
    checksumData {
      type: CRC32
      bytesPerChecksum: 16384
      checksums: "\326\360U\321"
      checksums: "\326\360U\321"
      checksums: "\326\360U\321"
      checksums: "\326\360U\321"
      checksums: "\326\360U\321"
      checksums: "\326\360U\321"
      checksums: "\326\360U\321"
      checksums: "\326\360U\321"
      checksums: "\326\360U\321"
      checksums: "\326\360U\321"
      checksums: "\326\360U\321"
      checksums: "\326\360U\321"
      checksums: "\326\360U\321"
      checksums: "\326\360U\321"
      checksums: "\326\360U\321"
      checksums: "\326\360U\321"
      checksums: "\326\360U\321"
      checksums: "\326\360U\321"
      checksums: "\326\360U\321"
      checksums: "\326\360U\321"
      checksums: "\326\360U\321"
      checksums: "\326\360U\321"
      checksums: "\326\360U\321"
      checksums: "\326\360U\321"
      checksums: "\326\360U\321"
      checksums: "\326\360U\321"
      checksums: "\326\360U\321"
      checksums: "\326\360U\321"
      checksums: "\326\360U\321"
      checksums: "\326\360U\321"
      checksums: "\326\360U\321"
      checksums: "\326\360U\321"
      checksums: "\326\360U\321"
      checksums: "\326\360U\321"
      checksums: "\326\360U\321"
      checksums: "\326\360U\321"
      checksums: "\326\360U\321"
      checksums: "\326\360U\321"
      checksums: "\326\360U\321"
      checksums: "\326\360U\321"
      checksums: "\326\360U\321"
      checksums: "\326\360U\321"
      checksums: "\326\360U\321"
      checksums: "\326\360U\321"
      checksums: "\326\360U\321"
      checksums: "\326\360U\321"
      checksums: "\326\360U\321"
      checksums: "\326\360U\321"
      checksums: "\326\360U\321"
      checksums: "\326\360U\321"
      checksums: "\326\360U\321"
      checksums: "\326\360U\321"
      checksums: "\326\360U\321"
      checksums: "\326\360U\321"
      checksums: "\326\360U\321"
      checksums: "\326\360U\321"
      checksums: "\326\360U\321"
      checksums: "\326\360U\321"
      checksums: "\326\360U\321"
      checksums: "\326\360U\321"
      checksums: "\326\360U\321"
      checksums: "\326\360U\321"
      checksums: "\326\360U\321"
      checksums: "a\003G\263"
    }
  }
}
version: 3
, data.size=1048576 due to java.util.concurrent.CompletionException: org.apache.ratis.protocol.exceptions.AlreadyClosedException: SlidingWindow$Client:client-68C397D77D12->RAFT is closed.
2025-09-07 09:44:44,509 [grpc-default-executor-3] ERROR impl.OrderedAsync (OrderedAsync.java:lambda$send$4(179)) - Failed to send request, message=cmdType: PutBlock
traceID: ""
containerID: 1
datanodeUuid: "ff2509eb-55dd-4ad3-b532-83d6209e1a92"
putBlock {
  blockData {
    blockID {
      containerID: 1
      localID: 115816896921600001
      blockCommitSequenceId: 0
    }
    metadata {
      key: "TYPE"
      value: "KEY"
    }
    chunks {
      chunkName: "115816896921600001_chunk_1"
      offset: 0
      len: 1048576
      checksumData {
        type: CRC32
        bytesPerChecksum: 16384
        checksums: "\326\360U\321"
        checksums: "\326\360U\321"
        checksums: "\326\360U\321"
        checksums: "\326\360U\321"
        checksums: "\326\360U\321"
        checksums: "\326\360U\321"
        checksums: "\326\360U\321"
        checksums: "\326\360U\321"
        checksums: "\326\360U\321"
        checksums: "\326\360U\321"
        checksums: "\326\360U\321"
        checksums: "\326\360U\321"
        checksums: "\326\360U\321"
        checksums: "\326\360U\321"
        checksums: "\326\360U\321"
        checksums: "\326\360U\321"
        checksums: "\326\360U\321"
        checksums: "\326\360U\321"
        checksums: "\326\360U\321"
        checksums: "\326\360U\321"
        checksums: "\326\360U\321"
        checksums: "\326\360U\321"
        checksums: "\326\360U\321"
        checksums: "\326\360U\321"
        checksums: "\326\360U\321"
        checksums: "\326\360U\321"
        checksums: "\326\360U\321"
        checksums: "\326\360U\321"
        checksums: "\326\360U\321"
        checksums: "\326\360U\321"
        checksums: "\326\360U\321"
        checksums: "\326\360U\321"
        checksums: "\326\360U\321"
        checksums: "\326\360U\321"
        checksums: "\326\360U\321"
        checksums: "\326\360U\321"
        checksums: "\326\360U\321"
        checksums: "\326\360U\321"
        checksums: "\326\360U\321"
        checksums: "\326\360U\321"
        checksums: "\326\360U\321"
        checksums: "\326\360U\321"
        checksums: "\326\360U\321"
        checksums: "\326\360U\321"
        checksums: "\326\360U\321"
        checksums: "\326\360U\321"
        checksums: "\326\360U\321"
        checksums: "\326\360U\321"
        checksums: "\326\360U\321"
        checksums: "\326\360U\321"
        checksums: "\326\360U\321"
        checksums: "\326\360U\321"
        checksums: "\326\360U\321"
        checksums: "\326\360U\321"
        checksums: "\326\360U\321"
        checksums: "\326\360U\321"
        checksums: "\326\360U\321"
        checksums: "\326\360U\321"
        checksums: "\326\360U\321"
        checksums: "\326\360U\321"
        checksums: "\326\360U\321"
        checksums: "\326\360U\321"
        checksums: "\326\360U\321"
        checksums: "a\003G\263"
      }
    }
    chunks {
      chunkName: "115816896921600001_chunk_2"
      offset: 1048576
      len: 1048576
      checksumData {
        type: CRC32
        bytesPerChecksum: 16384
        checksums: "\326\360U\321"
        checksums: "\326\360U\321"
        checksums: "\326\360U\321"
        checksums: "\326\360U\321"
        checksums: "\326\360U\321"
        checksums: "\326\360U\321"
        checksums: "\326\360U\321"
        checksums: "\326\360U\321"
        checksums: "\326\360U\321"
        checksums: "\326\360U\321"
        checksums: "\326\360U\321"
        checksums: "\326\360U\321"
        checksums: "\326\360U\321"
        checksums: "\326\360U\321"
        checksums: "\326\360U\321"
        checksums: "\326\360U\321"
        checksums: "\326\360U\321"
        checksums: "\326\360U\321"
        checksums: "\326\360U\321"
        checksums: "\326\360U\321"
        checksums: "\326\360U\321"
        checksums: "\326\360U\321"
        checksums: "\326\360U\321"
        checksums: "\326\360U\321"
        checksums: "\326\360U\321"
        checksums: "\326\360U\321"
        checksums: "\326\360U\321"
        checksums: "\326\360U\321"
        checksums: "\326\360U\321"
        checksums: "\326\360U\321"
        checksums: "\326\360U\321"
        checksums: "\326\360U\321"
        checksums: "\326\360U\321"
        checksums: "\326\360U\321"
        checksums: "\326\360U\321"
        checksums: "\326\360U\321"
        checksums: "\326\360U\321"
        checksums: "\326\360U\321"
        checksums: "\326\360U\321"
        checksums: "\326\360U\321"
        checksums: "\326\360U\321"
        checksums: "\326\360U\321"
        checksums: "\326\360U\321"
        checksums: "\326\360U\321"
        checksums: "\326\360U\321"
        checksums: "\326\360U\321"
        checksums: "\326\360U\321"
        checksums: "\326\360U\321"
        checksums: "\326\360U\321"
        checksums: "\326\360U\321"
        checksums: "\326\360U\321"
        checksums: "\326\360U\321"
        checksums: "\326\360U\321"
        checksums: "\326\360U\321"
        checksums: "\326\360U\321"
        checksums: "\326\360U\321"
        checksums: "\326\360U\321"
        checksums: "\326\360U\321"
        checksums: "\326\360U\321"
        checksums: "\326\360U\321"
        checksums: "\326\360U\321"
        checksums: "\326\360U\321"
        checksums: "\326\360U\321"
        checksums: "a\003G\263"
      }
    }
    chunks {
      chunkName: "115816896921600001_chunk_3"
      offset: 2097152
      len: 1048576
      checksumData {
        type: CRC32
        bytesPerChecksum: 16384
        checksums: "\326\360U\321"
        checksums: "\326\360U\321"
        checksums: "\326\360U\321"
        checksums: "\326\360U\321"
        checksums: "\326\360U\321"
        checksums: "\326\360U\321"
        checksums: "\326\360U\321"
        checksums: "\326\360U\321"
        checksums: "\326\360U\321"
        checksums: "\326\360U\321"
        checksums: "\326\360U\321"
        checksums: "\326\360U\321"
        checksums: "\326\360U\321"
        checksums: "\326\360U\321"
        checksums: "\326\360U\321"
        checksums: "\326\360U\321"
        checksums: "\326\360U\321"
        checksums: "\326\360U\321"
        checksums: "\326\360U\321"
        checksums: "\326\360U\321"
        checksums: "\326\360U\321"
        checksums: "\326\360U\321"
        checksums: "\326\360U\321"
        checksums: "\326\360U\321"
        checksums: "\326\360U\321"
        checksums: "\326\360U\321"
        checksums: "\326\360U\321"
        checksums: "\326\360U\321"
        checksums: "\326\360U\321"
        checksums: "\326\360U\321"
        checksums: "\326\360U\321"
        checksums: "\326\360U\321"
        checksums: "\326\360U\321"
        checksums: "\326\360U\321"
        checksums: "\326\360U\321"
        checksums: "\326\360U\321"
        checksums: "\326\360U\321"
        checksums: "\326\360U\321"
        checksums: "\326\360U\321"
        checksums: "\326\360U\321"
        checksums: "\326\360U\321"
        checksums: "\326\360U\321"
        checksums: "\326\360U\321"
        checksums: "\326\360U\321"
        checksums: "\326\360U\321"
        checksums: "\326\360U\321"
        checksums: "\326\360U\321"
        checksums: "\326\360U\321"
        checksums: "\326\360U\321"
        checksums: "\326\360U\321"
        checksums: "\326\360U\321"
        checksums: "\326\360U\321"
        checksums: "\326\360U\321"
        checksums: "\326\360U\321"
        checksums: "\326\360U\321"
        checksums: "\326\360U\321"
        checksums: "\326\360U\321"
        checksums: "\326\360U\321"
        checksums: "\326\360U\321"
        checksums: "\326\360U\321"
        checksums: "\326\360U\321"
        checksums: "\326\360U\321"
        checksums: "\326\360U\321"
        checksums: "a\003G\263"
      }
    }
  }
  eof: false
}
version: 3
, data.size=0 due to java.util.concurrent.CompletionException: org.apache.ratis.protocol.exceptions.AlreadyClosedException: SlidingWindow$Client:client-68C397D77D12->RAFT is closed.
2025-09-07 09:44:44,511 [ForkJoinPool-1-worker-1] WARN  io.KeyOutputStream (KeyOutputStream.java:handleExceptionInternal(377)) - Encountered exception java.io.IOException: Unexpected Storage Container Exception: java.util.concurrent.CompletionException: Failed to write chunk 115816896921600001_chunk_2 into block conID: 1 locID: 115816896921600001 bcsId: 2 replicaIndex: null on the pipeline Pipeline{ Id: 3adef986-442f-409a-a79f-dde89b3f2afe, Nodes: [ {ff2509eb-55dd-4ad3-b532-83d6209e1a92(localhost/127.0.0.1), ReplicaIndex: 0}, {8500c972-c6d1-4433-9d49-a8e3bb920002(localhost/127.0.0.1), ReplicaIndex: 0}, {95d41743-cdf0-4105-938b-93fe980aeffc(localhost/127.0.0.1), ReplicaIndex: 0},], ReplicationConfig: RATIS/THREE, State:OPEN, leaderId:95d41743-cdf0-4105-938b-93fe980aeffc, CreationTimestamp2025-09-07T09:44:02.256Z[Etc/UTC]}. The last committed block length is 1048576, uncommitted data length is 2097152 retry count 0
2025-09-07 09:44:44,592 [ForkJoinPool-1-worker-1] INFO  io.BlockOutputStreamEntry (BlockOutputStreamEntry.java:writeOnRetry(192)) - BlockOutputStreamEntry:1b1a2ca5-bb65-4b9b-b0b3-9dd9ac601bd4 conID: 2 locID: 115816896921600002 bcsId: 0 replicaIndex: null: Finish retrying with len 2097152, currentPosition 2097152
2025-09-07 09:44:44,593 [ForkJoinPool-1-worker-1] INFO  io.BlockOutputStreamEntry (BlockOutputStreamEntry.java:finishRetryHandling(141)) - BlockOutputStreamEntry:1b1a2ca5-bb65-4b9b-b0b3-9dd9ac601bd4 conID: 2 locID: 115816896921600002 bcsId: 0 replicaIndex: null: Exiting retry handling mode
]]></system-out>
  </testcase>
  <testcase name="testContainerExclusionWithClosedContainerException" classname="org.apache.hadoop.ozone.client.rpc.TestFailureHandlingByClient" time="16.464">
    <system-out><![CDATA[2025-09-07 09:44:44,954 [ForkJoinPool-1-worker-1] WARN  dropwizard3.Dm3MetricRegistriesImpl (Dm3MetricRegistriesImpl.java:addReporterRegistration(114)) - New reporters are added after registries were created. Some metrics will be missing from the reporter. Please add reporter before adding any new registry.
2025-09-07 09:44:44,954 [ForkJoinPool-1-worker-1] WARN  dropwizard3.Dm3MetricRegistriesImpl (Dm3MetricRegistriesImpl.java:addReporterRegistration(114)) - New reporters are added after registries were created. Some metrics will be missing from the reporter. Please add reporter before adding any new registry.
2025-09-07 09:44:44,954 [ForkJoinPool-1-worker-1] INFO  impl.MetricsSystemImpl (MetricsSystemImpl.java:init(158)) - HddsDatanode metrics system started (again)
2025-09-07 09:44:44,989 [ForkJoinPool-1-worker-1] INFO  ozone.HddsDatanodeService (HddsDatanodeService.java:start(236)) - HddsDatanodeService ff2509eb-55dd-4ad3-b532-83d6209e1a92(localhost/127.0.0.1)
2025-09-07 09:44:44,990 [ForkJoinPool-1-worker-1] INFO  upgrade.AbstractLayoutVersionManager (AbstractLayoutVersionManager.java:init(80)) - Initializing Layout version manager with metadata layout = WITNESSED_CONTAINER_DB_PROTO_VALUE (version = 9), software layout = WITNESSED_CONTAINER_DB_PROTO_VALUE (version = 9)
2025-09-07 09:44:44,990 [ForkJoinPool-1-worker-1] INFO  statemachine.DatanodeStateMachine (DatanodeStateMachine.java:getEndPointTaskThreadPoolSize(305)) - Datanode State Machine Task Thread Pool size 2
2025-09-07 09:44:44,993 [ForkJoinPool-1-worker-1] INFO  volume.HddsVolume (HddsVolume.java:<init>(162)) - HddsVolume: { id=DS-5fbd3f51-2257-4844-a78a-38b1b6d3b151 dir=/home/runner/work/ozone/ozone/hadoop-ozone/integration-test/target/test-dir/MiniOzoneClusterImpl-023d5a78-e64c-43f3-a4d9-6f7884931d6c/ozone-metadata/datanode-1/data-0/hdds type=DISK capacity=9222449699674390527 used=0 available=9222449699674390527 minFree=9222450130714624 committed=0 }
2025-09-07 09:44:44,993 [ForkJoinPool-1-worker-1] INFO  volume.MutableVolumeSet (MutableVolumeSet.java:initializeVolumeSet(175)) - Added Volume : /home/runner/work/ozone/ozone/hadoop-ozone/integration-test/target/test-dir/MiniOzoneClusterImpl-023d5a78-e64c-43f3-a4d9-6f7884931d6c/ozone-metadata/datanode-1/data-0/hdds to VolumeSet
2025-09-07 09:44:44,994 [ForkJoinPool-1-worker-1] INFO  volume.MutableVolumeSet (MutableVolumeSet.java:initializeVolumeSet(175)) - Added Volume : /home/runner/work/ozone/ozone/hadoop-ozone/integration-test/target/test-dir/MiniOzoneClusterImpl-023d5a78-e64c-43f3-a4d9-6f7884931d6c/ozone-metadata/datanode-1/ratis to VolumeSet
2025-09-07 09:44:45,010 [ForkJoinPool.commonPool-worker-3] INFO  utils.DatanodeStoreCache (DatanodeStoreCache.java:addDB(70)) - Added db /home/runner/work/ozone/ozone/hadoop-ozone/integration-test/target/test-dir/MiniOzoneClusterImpl-023d5a78-e64c-43f3-a4d9-6f7884931d6c/ozone-metadata/datanode-1/data-0/hdds/023d5a78-e64c-43f3-a4d9-6f7884931d6c/DS-5fbd3f51-2257-4844-a78a-38b1b6d3b151/container.db to cache
2025-09-07 09:44:45,010 [ForkJoinPool.commonPool-worker-3] INFO  volume.HddsVolume (HddsVolume.java:loadDbStore(517)) - SchemaV3 db is loaded at /home/runner/work/ozone/ozone/hadoop-ozone/integration-test/target/test-dir/MiniOzoneClusterImpl-023d5a78-e64c-43f3-a4d9-6f7884931d6c/ozone-metadata/datanode-1/data-0/hdds/023d5a78-e64c-43f3-a4d9-6f7884931d6c/DS-5fbd3f51-2257-4844-a78a-38b1b6d3b151/container.db for volume DS-5fbd3f51-2257-4844-a78a-38b1b6d3b151
2025-09-07 09:44:45,010 [ForkJoinPool-1-worker-1] INFO  ozoneimpl.OzoneContainer (HddsVolumeUtil.java:loadAllHddsVolumeDbStore(102)) - Load 1 volumes DbStore cost: 16ms
2025-09-07 09:44:45,011 [ForkJoinPool-1-worker-1] WARN  db.DBStoreBuilder (DBStoreBuilder.java:getDBDirPath(158)) - ozone.scm.datanode.id.dir is not configured. We recommend adding this setting. Falling back to ozone.metadata.dirs instead.
2025-09-07 09:44:45,011 [ForkJoinPool-1-worker-1] WARN  db.DBStoreBuilder (DBStoreBuilder.java:getDBDirPath(158)) - ozone.scm.datanode.id.dir is not configured. We recommend adding this setting. Falling back to ozone.metadata.dirs instead.
2025-09-07 09:44:45,011 [95d41743-cdf0-4105-938b-93fe980aeffc@group-77DC33C8A8CA-FollowerState] INFO  impl.FollowerState (FollowerState.java:runImpl(161)) - 95d41743-cdf0-4105-938b-93fe980aeffc@group-77DC33C8A8CA-FollowerState: change to CANDIDATE, lastRpcElapsedTime:1182421026ns, electionTimeout:1182ms
2025-09-07 09:44:45,011 [95d41743-cdf0-4105-938b-93fe980aeffc@group-77DC33C8A8CA-FollowerState] INFO  impl.RoleInfo (RoleInfo.java:shutdownFollowerState(121)) - 95d41743-cdf0-4105-938b-93fe980aeffc: shutdown 95d41743-cdf0-4105-938b-93fe980aeffc@group-77DC33C8A8CA-FollowerState
2025-09-07 09:44:45,012 [95d41743-cdf0-4105-938b-93fe980aeffc@group-77DC33C8A8CA-FollowerState] INFO  server.RaftServer$Division (RaftServerImpl.java:setRole(392)) - 95d41743-cdf0-4105-938b-93fe980aeffc@group-77DC33C8A8CA: changes role from  FOLLOWER to CANDIDATE at term 2 for changeToCandidate
2025-09-07 09:44:45,012 [95d41743-cdf0-4105-938b-93fe980aeffc@group-77DC33C8A8CA-FollowerState] INFO  impl.RoleInfo (RoleInfo.java:updateAndGet(148)) - 95d41743-cdf0-4105-938b-93fe980aeffc: start 95d41743-cdf0-4105-938b-93fe980aeffc@group-77DC33C8A8CA-LeaderElection68
2025-09-07 09:44:45,012 [95d41743-cdf0-4105-938b-93fe980aeffc@group-77DC33C8A8CA-LeaderElection68] INFO  impl.LeaderElection (LeaderElection.java:askForVotes(448)) - 95d41743-cdf0-4105-938b-93fe980aeffc@group-77DC33C8A8CA-LeaderElection68 PRE_VOTE round 0: submit vote requests at term 2 for conf: {index: 1, cur=peers:[95d41743-cdf0-4105-938b-93fe980aeffc|127.0.0.1:15031, 8500c972-c6d1-4433-9d49-a8e3bb920002|127.0.0.1:15023, ff2509eb-55dd-4ad3-b532-83d6209e1a92|127.0.0.1:15015]|listeners:[], old=null}
2025-09-07 09:44:45,013 [95d41743-cdf0-4105-938b-93fe980aeffc@group-77DC33C8A8CA-LeaderElection68] INFO  impl.LeaderElection (LogUtils.java:infoOrTrace(142)) - 95d41743-cdf0-4105-938b-93fe980aeffc@group-77DC33C8A8CA-LeaderElection68 got exception when requesting votes: java.util.concurrent.ExecutionException: org.apache.ratis.thirdparty.io.grpc.StatusRuntimeException: UNAVAILABLE: io exception
2025-09-07 09:44:45,013 [95d41743-cdf0-4105-938b-93fe980aeffc@group-77DC33C8A8CA-LeaderElection68] INFO  impl.LeaderElection (LogUtils.java:infoOrTrace(142)) - 95d41743-cdf0-4105-938b-93fe980aeffc@group-77DC33C8A8CA-LeaderElection68 got exception when requesting votes: java.util.concurrent.ExecutionException: org.apache.ratis.thirdparty.io.grpc.StatusRuntimeException: UNAVAILABLE: io exception
2025-09-07 09:44:45,013 [95d41743-cdf0-4105-938b-93fe980aeffc@group-77DC33C8A8CA-LeaderElection68] INFO  impl.LeaderElection (LeaderElection.java:logAndReturn(206)) - 95d41743-cdf0-4105-938b-93fe980aeffc@group-77DC33C8A8CA-LeaderElection68: PRE_VOTE REJECTED received 0 response(s) and 2 exception(s):
2025-09-07 09:44:45,013 [95d41743-cdf0-4105-938b-93fe980aeffc@group-77DC33C8A8CA-LeaderElection68] INFO  impl.LeaderElection (LogUtils.java:infoOrTrace(142)) -   Exception 0: java.util.concurrent.ExecutionException: org.apache.ratis.thirdparty.io.grpc.StatusRuntimeException: UNAVAILABLE: io exception
2025-09-07 09:44:45,013 [95d41743-cdf0-4105-938b-93fe980aeffc@group-77DC33C8A8CA-LeaderElection68] INFO  impl.LeaderElection (LogUtils.java:infoOrTrace(142)) -   Exception 1: java.util.concurrent.ExecutionException: org.apache.ratis.thirdparty.io.grpc.StatusRuntimeException: UNAVAILABLE: io exception
2025-09-07 09:44:45,013 [95d41743-cdf0-4105-938b-93fe980aeffc@group-77DC33C8A8CA-LeaderElection68] INFO  impl.LeaderElection (LeaderElection.java:askForVotes(450)) - 95d41743-cdf0-4105-938b-93fe980aeffc@group-77DC33C8A8CA-LeaderElection68 PRE_VOTE round 0: result REJECTED
2025-09-07 09:44:45,013 [95d41743-cdf0-4105-938b-93fe980aeffc@group-77DC33C8A8CA-LeaderElection68] INFO  server.RaftServer$Division (RaftServerImpl.java:setRole(392)) - 95d41743-cdf0-4105-938b-93fe980aeffc@group-77DC33C8A8CA: changes role from CANDIDATE to FOLLOWER at term 2 for REJECTED
2025-09-07 09:44:45,013 [95d41743-cdf0-4105-938b-93fe980aeffc@group-77DC33C8A8CA-LeaderElection68] INFO  impl.RoleInfo (RoleInfo.java:shutdownLeaderElection(141)) - 95d41743-cdf0-4105-938b-93fe980aeffc: shutdown 95d41743-cdf0-4105-938b-93fe980aeffc@group-77DC33C8A8CA-LeaderElection68
2025-09-07 09:44:45,014 [95d41743-cdf0-4105-938b-93fe980aeffc@group-77DC33C8A8CA-LeaderElection68] INFO  impl.RoleInfo (RoleInfo.java:updateAndGet(148)) - 95d41743-cdf0-4105-938b-93fe980aeffc: start 95d41743-cdf0-4105-938b-93fe980aeffc@group-77DC33C8A8CA-FollowerState
2025-09-07 09:44:45,022 [ForkJoinPool-1-worker-1] INFO  impl.FilePerChunkStrategy (FilePerChunkStrategy.java:<init>(79)) - ozone.chunk.read.mapped.buffer.max.count is load with 0
2025-09-07 09:44:45,022 [ForkJoinPool-1-worker-1] INFO  impl.FilePerBlockStrategy (FilePerBlockStrategy.java:<init>(88)) - ozone.chunk.read.mapped.buffer.max.count is load with 0
2025-09-07 09:44:45,023 [ForkJoinPool-1-worker-1] INFO  server.RaftServerConfigKeys (ConfUtils.java:logGet(62)) - raft.server.log.appender.buffer.byte-limit = 33554432 (custom)
2025-09-07 09:44:45,024 [ForkJoinPool-1-worker-1] INFO  grpc.GrpcConfigKeys (ConfUtils.java:logFallback(69)) - raft.grpc.admin.host = null (fallback to raft.grpc.server.host)
2025-09-07 09:44:45,025 [ForkJoinPool-1-worker-1] INFO  grpc.GrpcConfigKeys (ConfUtils.java:logGet(62)) - raft.grpc.admin.port = 15014 (custom)
2025-09-07 09:44:45,025 [ForkJoinPool-1-worker-1] INFO  grpc.GrpcConfigKeys (ConfUtils.java:logFallback(69)) - raft.grpc.client.host = null (fallback to raft.grpc.server.host)
2025-09-07 09:44:45,025 [ForkJoinPool-1-worker-1] INFO  grpc.GrpcConfigKeys (ConfUtils.java:logGet(62)) - raft.grpc.client.port = 15013 (custom)
2025-09-07 09:44:45,025 [ForkJoinPool-1-worker-1] INFO  grpc.GrpcConfigKeys (ConfUtils.java:logGet(62)) - raft.grpc.server.port = 15015 (custom)
2025-09-07 09:44:45,025 [ForkJoinPool-1-worker-1] INFO  server.GrpcServicesImpl (ConfUtils.java:logGet(62)) - raft.grpc.message.size.max = 34603008 (custom)
2025-09-07 09:44:45,025 [ForkJoinPool-1-worker-1] INFO  server.GrpcServicesImpl (ConfUtils.java:logGet(62)) - raft.grpc.flow.control.window = 5MB (=5242880) (custom)
2025-09-07 09:44:45,025 [ForkJoinPool-1-worker-1] INFO  server.RaftServerConfigKeys (ConfUtils.java:logGet(62)) - raft.server.log.appender.buffer.byte-limit = 33554432 (custom)
2025-09-07 09:44:45,027 [ForkJoinPool-1-worker-1] INFO  netty.NettyUtils (NettyUtils.java:newEventLoopGroup(74)) - Create EpollEventLoopGroup for ff2509eb-55dd-4ad3-b532-83d6209e1a92-NettyServerStreamRpc-bossGroup; Thread size is 0.
2025-09-07 09:44:45,028 [ForkJoinPool-1-worker-1] INFO  netty.NettyUtils (NettyUtils.java:newEventLoopGroup(74)) - Create EpollEventLoopGroup for ff2509eb-55dd-4ad3-b532-83d6209e1a92-NettyServerStreamRpc-workerGroup; Thread size is 0.
2025-09-07 09:44:45,028 [ForkJoinPool-1-worker-1] INFO  netty.NettyConfigKeys$DataStream (ConfUtils.java:logGet(62)) - raft.netty.dataStream.port = 15016 (custom)
2025-09-07 09:44:45,029 [ForkJoinPool-1-worker-1] INFO  server.RaftServerConfigKeys (ConfUtils.java:logGet(62)) - raft.server.storage.dir = [/home/runner/work/ozone/ozone/hadoop-ozone/integration-test/target/test-dir/MiniOzoneClusterImpl-023d5a78-e64c-43f3-a4d9-6f7884931d6c/ozone-metadata/datanode-1/ratis] (custom)
2025-09-07 09:44:45,029 [ff2509eb-55dd-4ad3-b532-83d6209e1a92-NettyServerStreamRpc-bossGroup--thread1] INFO  logging.LoggingHandler (AbstractInternalLogger.java:log(148)) - [id: 0xbf2aff66] REGISTERED
2025-09-07 09:44:45,029 [ff2509eb-55dd-4ad3-b532-83d6209e1a92-impl-thread1] INFO  server.RaftServer (RaftServerProxy.java:initGroupDir(270)) - ff2509eb-55dd-4ad3-b532-83d6209e1a92: found a subdirectory /home/runner/work/ozone/ozone/hadoop-ozone/integration-test/target/test-dir/MiniOzoneClusterImpl-023d5a78-e64c-43f3-a4d9-6f7884931d6c/ozone-metadata/datanode-1/ratis/766115e5-0d59-4db5-b7b5-77dc33c8a8ca
2025-09-07 09:44:45,029 [ff2509eb-55dd-4ad3-b532-83d6209e1a92-NettyServerStreamRpc-bossGroup--thread1] INFO  logging.LoggingHandler (AbstractInternalLogger.java:log(148)) - [id: 0xbf2aff66] BIND: 0.0.0.0/0.0.0.0:15016
2025-09-07 09:44:45,029 [ff2509eb-55dd-4ad3-b532-83d6209e1a92-NettyServerStreamRpc-bossGroup--thread1] INFO  logging.LoggingHandler (AbstractInternalLogger.java:log(148)) - [id: 0xbf2aff66, L:/0.0.0.0:15016] ACTIVE
2025-09-07 09:44:45,029 [ff2509eb-55dd-4ad3-b532-83d6209e1a92-impl-thread1] INFO  server.RaftServer (RaftServerProxy.java:addNew(105)) - ff2509eb-55dd-4ad3-b532-83d6209e1a92: addNew group-77DC33C8A8CA:[] returns group-77DC33C8A8CA:java.util.concurrent.CompletableFuture@36a39040[Not completed]
2025-09-07 09:44:45,030 [ff2509eb-55dd-4ad3-b532-83d6209e1a92-impl-thread1] INFO  server.RaftServer (RaftServerProxy.java:initGroupDir(270)) - ff2509eb-55dd-4ad3-b532-83d6209e1a92: found a subdirectory /home/runner/work/ozone/ozone/hadoop-ozone/integration-test/target/test-dir/MiniOzoneClusterImpl-023d5a78-e64c-43f3-a4d9-6f7884931d6c/ozone-metadata/datanode-1/ratis/3adef986-442f-409a-a79f-dde89b3f2afe
2025-09-07 09:44:45,030 [ff2509eb-55dd-4ad3-b532-83d6209e1a92-impl-thread1] INFO  server.RaftServer (RaftServerProxy.java:addNew(105)) - ff2509eb-55dd-4ad3-b532-83d6209e1a92: addNew group-DDE89B3F2AFE:[] returns group-DDE89B3F2AFE:java.util.concurrent.CompletableFuture@411eddf[Not completed]
2025-09-07 09:44:45,030 [ff2509eb-55dd-4ad3-b532-83d6209e1a92-impl-thread1] INFO  server.RaftServer (RaftServerProxy.java:initGroupDir(270)) - ff2509eb-55dd-4ad3-b532-83d6209e1a92: found a subdirectory /home/runner/work/ozone/ozone/hadoop-ozone/integration-test/target/test-dir/MiniOzoneClusterImpl-023d5a78-e64c-43f3-a4d9-6f7884931d6c/ozone-metadata/datanode-1/ratis/tmp
2025-09-07 09:44:45,030 [ff2509eb-55dd-4ad3-b532-83d6209e1a92-impl-thread1] INFO  server.RaftServer (RaftServerProxy.java:initGroupDir(275)) - ff2509eb-55dd-4ad3-b532-83d6209e1a92: The directory /home/runner/work/ozone/ozone/hadoop-ozone/integration-test/target/test-dir/MiniOzoneClusterImpl-023d5a78-e64c-43f3-a4d9-6f7884931d6c/ozone-metadata/datanode-1/ratis/tmp is not a group directory; ignoring it. 
2025-09-07 09:44:45,030 [ff2509eb-55dd-4ad3-b532-83d6209e1a92-impl-thread1] INFO  server.RaftServer (RaftServerProxy.java:initGroupDir(270)) - ff2509eb-55dd-4ad3-b532-83d6209e1a92: found a subdirectory /home/runner/work/ozone/ozone/hadoop-ozone/integration-test/target/test-dir/MiniOzoneClusterImpl-023d5a78-e64c-43f3-a4d9-6f7884931d6c/ozone-metadata/datanode-1/ratis/84ca9d0f-7cf9-4c2b-a636-8f87d7c2bfc6
2025-09-07 09:44:45,030 [ff2509eb-55dd-4ad3-b532-83d6209e1a92-impl-thread1] INFO  server.RaftServer (RaftServerProxy.java:addNew(105)) - ff2509eb-55dd-4ad3-b532-83d6209e1a92: addNew group-8F87D7C2BFC6:[] returns group-8F87D7C2BFC6:java.util.concurrent.CompletableFuture@75fe264[Not completed]
2025-09-07 09:44:45,030 [ForkJoinPool-1-worker-1] INFO  replication.ReplicationServer (ReplicationServer.java:<init>(84)) - Initializing replication server with thread count = 10 queue length = 4096
2025-09-07 09:44:45,031 [ff2509eb-55dd-4ad3-b532-83d6209e1a92-groupManagement] INFO  server.RaftServer$Division (RaftServerImpl.java:<init>(268)) - ff2509eb-55dd-4ad3-b532-83d6209e1a92: new RaftServerImpl for group-77DC33C8A8CA:[] with ContainerStateMachine:uninitialized
2025-09-07 09:44:45,031 [ForkJoinPool-1-worker-1] INFO  server.XceiverServerGrpc (XceiverServerGrpc.java:<init>(130)) - GrpcServer channel type EpollServerSocketChannel
2025-09-07 09:44:45,031 [ff2509eb-55dd-4ad3-b532-83d6209e1a92-groupManagement] INFO  server.RaftServer$Division (ServerState.java:<init>(114)) - ff2509eb-55dd-4ad3-b532-83d6209e1a92@group-77DC33C8A8CA: ConfigurationManager, init=conf: {index: -1, cur=peers:[]|listeners:[], old=null}, confs=<EMPTY_MAP>
2025-09-07 09:44:45,032 [ForkJoinPool-1-worker-1] INFO  replication.ReplicationSupervisor (ReplicationSupervisor.java:build(169)) - Initializing replication supervisor with thread count = 10
2025-09-07 09:44:45,032 [ForkJoinPool-1-worker-1] INFO  replication.ReplicationSupervisor (ReplicationSupervisor.java:nodeStateUpdated(358)) - Node state updated to IN_SERVICE, scaling executor pool size to 10
2025-09-07 09:44:45,035 [ForkJoinPool-1-worker-1] INFO  http.BaseHttpServer (BaseHttpServer.java:newHttpServer2BuilderForOzone(227)) - Starting Web-server for hddsDatanode at: http://0.0.0.0:15010
2025-09-07 09:44:45,036 [ForkJoinPool-1-worker-1] INFO  http.BaseHttpServer (BaseHttpServer.java:<init>(105)) - Hadoop Security Enabled: false Ozone Security Enabled: false Ozone HTTP Security Enabled: false 
2025-09-07 09:44:45,037 [ff2509eb-55dd-4ad3-b532-83d6209e1a92-groupManagement] INFO  server.RaftServer$Division (RaftServerImpl.java:<init>(268)) - ff2509eb-55dd-4ad3-b532-83d6209e1a92: new RaftServerImpl for group-DDE89B3F2AFE:[] with ContainerStateMachine:uninitialized
2025-09-07 09:44:45,037 [ff2509eb-55dd-4ad3-b532-83d6209e1a92-groupManagement] INFO  server.RaftServer$Division (ServerState.java:<init>(114)) - ff2509eb-55dd-4ad3-b532-83d6209e1a92@group-DDE89B3F2AFE: ConfigurationManager, init=conf: {index: -1, cur=peers:[]|listeners:[], old=null}, confs=<EMPTY_MAP>
2025-09-07 09:44:45,039 [ForkJoinPool-1-worker-1] WARN  server.AuthenticationFilter (AuthenticationFilter.java:constructSecretProvider(240)) - Unable to initialize FileSignerSecretProvider, falling back to use random secrets. Reason: Could not read signature secret file: /home/runner/hadoop-http-auth-signature-secret
2025-09-07 09:44:45,042 [ForkJoinPool-1-worker-1] INFO  http.HttpServer2 (HttpServer2.java:addGlobalFilter(1041)) - Added global filter 'safety' (class=org.apache.hadoop.hdds.server.http.HttpServer2$QuotingInputFilter)
2025-09-07 09:44:45,043 [ff2509eb-55dd-4ad3-b532-83d6209e1a92-groupManagement] INFO  server.RaftServer$Division (RaftServerImpl.java:<init>(268)) - ff2509eb-55dd-4ad3-b532-83d6209e1a92: new RaftServerImpl for group-8F87D7C2BFC6:[] with ContainerStateMachine:uninitialized
2025-09-07 09:44:45,043 [ff2509eb-55dd-4ad3-b532-83d6209e1a92-groupManagement] INFO  server.RaftServer$Division (ServerState.java:<init>(114)) - ff2509eb-55dd-4ad3-b532-83d6209e1a92@group-8F87D7C2BFC6: ConfigurationManager, init=conf: {index: -1, cur=peers:[]|listeners:[], old=null}, confs=<EMPTY_MAP>
2025-09-07 09:44:45,044 [ForkJoinPool-1-worker-1] INFO  http.HttpServer2 (HttpServer2.java:addFilter(1017)) - Added filter static_user_filter (class=org.apache.hadoop.http.lib.StaticUserWebFilter$StaticUserFilter) to context hddsDatanode
2025-09-07 09:44:45,044 [ForkJoinPool-1-worker-1] INFO  http.HttpServer2 (HttpServer2.java:addFilter(1025)) - Added filter static_user_filter (class=org.apache.hadoop.http.lib.StaticUserWebFilter$StaticUserFilter) to context static
2025-09-07 09:44:45,044 [ForkJoinPool-1-worker-1] INFO  http.HttpServer2 (HttpServer2.java:addFilter(1025)) - Added filter static_user_filter (class=org.apache.hadoop.http.lib.StaticUserWebFilter$StaticUserFilter) to context logs
2025-09-07 09:44:45,044 [ForkJoinPool-1-worker-1] INFO  http.BaseHttpServer (BaseHttpServer.java:<init>(193)) - HTTP server of hddsDatanode uses base directory /home/runner/work/ozone/ozone/hadoop-ozone/integration-test/target/test-dir/MiniOzoneClusterImpl-023d5a78-e64c-43f3-a4d9-6f7884931d6c/scm/ozone-metadata/webserver
2025-09-07 09:44:45,045 [ForkJoinPool-1-worker-1] INFO  http.HttpServer2 (HttpServer2.java:bindListener(1241)) - Jetty bound to port 15010
2025-09-07 09:44:45,045 [ForkJoinPool-1-worker-1] INFO  server.Server (Server.java:doStart(375)) - jetty-9.4.58.v20250814; built: 2025-08-14T02:28:49.637Z; git: 8f1440587e9e4ae7db3d74cf205643f3d707148d; jvm 21.0.8+9-LTS
2025-09-07 09:44:45,048 [ForkJoinPool-1-worker-1] INFO  server.session (DefaultSessionIdManager.java:doStart(334)) - DefaultSessionIdManager workerName=node0
2025-09-07 09:44:45,049 [ForkJoinPool-1-worker-1] INFO  server.session (DefaultSessionIdManager.java:doStart(339)) - No SessionScavenger set, using defaults
2025-09-07 09:44:45,049 [ForkJoinPool-1-worker-1] INFO  server.session (HouseKeeper.java:startScavenging(132)) - node0 Scavenging every 600000ms
2025-09-07 09:44:45,049 [ForkJoinPool-1-worker-1] INFO  handler.ContextHandler (ContextHandler.java:doStart(921)) - Started o.e.j.s.ServletContextHandler@23d0fd54{logs,/logs,file:///home/runner/work/ozone/ozone/hadoop-ozone/integration-test/target/log,AVAILABLE}
2025-09-07 09:44:45,050 [ForkJoinPool-1-worker-1] INFO  handler.ContextHandler (ContextHandler.java:doStart(921)) - Started o.e.j.s.ServletContextHandler@2c1405e4{static,/static,jar:file:/home/runner/work/ozone/ozone/hadoop-hdds/container-service/target/hdds-container-service-2.1.0-SNAPSHOT.jar!/webapps/static,AVAILABLE}
2025-09-07 09:44:45,220 [ForkJoinPool-1-worker-1] INFO  handler.ContextHandler (ContextHandler.java:doStart(921)) - Started o.e.j.w.WebAppContext@461ef839{hddsDatanode,/,file:///home/runner/work/ozone/ozone/hadoop-ozone/integration-test/target/test-dir/MiniOzoneClusterImpl-023d5a78-e64c-43f3-a4d9-6f7884931d6c/scm/ozone-metadata/webserver/jetty-0_0_0_0-15010-hdds-container-service-2_1_0-SNAPSHOT_jar-_-any-8062668289949712352/webapp/,AVAILABLE}{jar:file:/home/runner/work/ozone/ozone/hadoop-hdds/container-service/target/hdds-container-service-2.1.0-SNAPSHOT.jar!/webapps/hddsDatanode}
2025-09-07 09:44:45,221 [ForkJoinPool-1-worker-1] INFO  server.AbstractConnector (AbstractConnector.java:doStart(333)) - Started ServerConnector@1b626f46{HTTP/1.1, (http/1.1)}{0.0.0.0:15010}
2025-09-07 09:44:45,221 [ForkJoinPool-1-worker-1] INFO  server.Server (Server.java:doStart(415)) - Started @55967ms
2025-09-07 09:44:45,221 [ForkJoinPool-1-worker-1] WARN  impl.MetricsSystemImpl (MetricsSystemImpl.java:register(279)) - Sink prometheus already exists!
2025-09-07 09:44:45,221 [ForkJoinPool-1-worker-1] INFO  http.BaseHttpServer (BaseHttpServer.java:updateConnectorAddress(357)) - HTTP server of hddsDatanode listening at http://localhost:15010
2025-09-07 09:44:45,222 [ForkJoinPool-1-worker-1] INFO  ipc.CallQueueManager (CallQueueManager.java:<init>(93)) - Using callQueue: class java.util.concurrent.LinkedBlockingQueue, queueCapacity: 1000, scheduler: class org.apache.hadoop.ipc.DefaultRpcScheduler, ipcBackoff: false, ipcFailOver: false.
2025-09-07 09:44:45,222 [ForkJoinPool-1-worker-1] INFO  ipc.Server (Server.java:<init>(1438)) - Listener at 0.0.0.0:15011
2025-09-07 09:44:45,223 [Socket Reader #1 for port 15011] INFO  ipc.Server (Server.java:run(1474)) - Starting Socket Reader #1 for port 15011
2025-09-07 09:44:45,223 [Socket Reader #2 for port 15011] INFO  ipc.Server (Server.java:run(1474)) - Starting Socket Reader #2 for port 15011
2025-09-07 09:44:45,223 [Socket Reader #3 for port 15011] INFO  ipc.Server (Server.java:run(1474)) - Starting Socket Reader #3 for port 15011
2025-09-07 09:44:45,223 [Socket Reader #4 for port 15011] INFO  ipc.Server (Server.java:run(1474)) - Starting Socket Reader #4 for port 15011
2025-09-07 09:44:45,223 [Socket Reader #5 for port 15011] INFO  ipc.Server (Server.java:run(1474)) - Starting Socket Reader #5 for port 15011
2025-09-07 09:44:45,223 [Socket Reader #6 for port 15011] INFO  ipc.Server (Server.java:run(1474)) - Starting Socket Reader #6 for port 15011
2025-09-07 09:44:45,224 [Socket Reader #7 for port 15011] INFO  ipc.Server (Server.java:run(1474)) - Starting Socket Reader #7 for port 15011
2025-09-07 09:44:45,224 [Socket Reader #8 for port 15011] INFO  ipc.Server (Server.java:run(1474)) - Starting Socket Reader #8 for port 15011
2025-09-07 09:44:45,224 [Socket Reader #9 for port 15011] INFO  ipc.Server (Server.java:run(1474)) - Starting Socket Reader #9 for port 15011
2025-09-07 09:44:45,224 [Socket Reader #10 for port 15011] INFO  ipc.Server (Server.java:run(1474)) - Starting Socket Reader #10 for port 15011
2025-09-07 09:44:45,226 [ForkJoinPool-1-worker-1] INFO  ozone.HddsDatanodeService (HddsDatanodeService.java:start(333)) - Datanode start with admins: [admin, runner]
2025-09-07 09:44:45,227 [ForkJoinPool-1-worker-1] INFO  ozone.HddsDatanodeClientProtocolServer (HddsDatanodeClientProtocolServer.java:start(76)) - RPC server for Client /0.0.0.0:15011
2025-09-07 09:44:45,227 [IPC Server Responder] INFO  ipc.Server (Server.java:run(1713)) - IPC Server Responder: starting
2025-09-07 09:44:45,228 [IPC Server listener on 15011] INFO  ipc.Server (Server.java:run(1553)) - IPC Server listener on 15011: starting
2025-09-07 09:44:45,231 [ff2509eb-55dd-4ad3-b532-83d6209e1a92-DatanodeStateMachineDaemonThread] INFO  statemachine.DatanodeStateMachine (DatanodeStateMachine.java:startStateMachineThread(347)) - Ozone container server started.
2025-09-07 09:44:45,232 [ForkJoinPool-1-worker-1] WARN  dropwizard3.Dm3MetricRegistriesImpl (Dm3MetricRegistriesImpl.java:addReporterRegistration(114)) - New reporters are added after registries were created. Some metrics will be missing from the reporter. Please add reporter before adding any new registry.
2025-09-07 09:44:45,232 [ForkJoinPool-1-worker-1] WARN  dropwizard3.Dm3MetricRegistriesImpl (Dm3MetricRegistriesImpl.java:addReporterRegistration(114)) - New reporters are added after registries were created. Some metrics will be missing from the reporter. Please add reporter before adding any new registry.
2025-09-07 09:44:45,232 [ForkJoinPool-1-worker-1] INFO  impl.MetricsSystemImpl (MetricsSystemImpl.java:init(158)) - HddsDatanode metrics system started (again)
2025-09-07 09:44:45,236 [ff2509eb-55dd-4ad3-b532-83d6209e1a92-DatanodeStateMachineTaskThread-0] INFO  datanode.InitDatanodeState (InitDatanodeState.java:persistContainerDatanodeDetails(139)) - DatanodeDetails is persisted to /home/runner/work/ozone/ozone/hadoop-ozone/integration-test/target/test-dir/MiniOzoneClusterImpl-023d5a78-e64c-43f3-a4d9-6f7884931d6c/ozone-metadata/datanode-1/ozone-metadata/datanode.id
2025-09-07 09:44:45,249 [ForkJoinPool-1-worker-1] INFO  ozone.HddsDatanodeService (HddsDatanodeService.java:start(236)) - HddsDatanodeService 8500c972-c6d1-4433-9d49-a8e3bb920002(localhost/127.0.0.1)
2025-09-07 09:44:45,250 [ForkJoinPool-1-worker-1] INFO  upgrade.AbstractLayoutVersionManager (AbstractLayoutVersionManager.java:init(80)) - Initializing Layout version manager with metadata layout = WITNESSED_CONTAINER_DB_PROTO_VALUE (version = 9), software layout = WITNESSED_CONTAINER_DB_PROTO_VALUE (version = 9)
2025-09-07 09:44:45,251 [ForkJoinPool-1-worker-1] INFO  statemachine.DatanodeStateMachine (DatanodeStateMachine.java:getEndPointTaskThreadPoolSize(305)) - Datanode State Machine Task Thread Pool size 2
2025-09-07 09:44:45,254 [ForkJoinPool-1-worker-1] INFO  volume.HddsVolume (HddsVolume.java:<init>(162)) - HddsVolume: { id=DS-bea88637-aed5-486c-a715-f30d7867fd4b dir=/home/runner/work/ozone/ozone/hadoop-ozone/integration-test/target/test-dir/MiniOzoneClusterImpl-023d5a78-e64c-43f3-a4d9-6f7884931d6c/ozone-metadata/datanode-2/data-0/hdds type=DISK capacity=9222449699674390527 used=0 available=9222449699674390527 minFree=9222450130714624 committed=0 }
2025-09-07 09:44:45,254 [ForkJoinPool-1-worker-1] INFO  volume.MutableVolumeSet (MutableVolumeSet.java:initializeVolumeSet(175)) - Added Volume : /home/runner/work/ozone/ozone/hadoop-ozone/integration-test/target/test-dir/MiniOzoneClusterImpl-023d5a78-e64c-43f3-a4d9-6f7884931d6c/ozone-metadata/datanode-2/data-0/hdds to VolumeSet
2025-09-07 09:44:45,255 [ForkJoinPool-1-worker-1] INFO  volume.MutableVolumeSet (MutableVolumeSet.java:initializeVolumeSet(175)) - Added Volume : /home/runner/work/ozone/ozone/hadoop-ozone/integration-test/target/test-dir/MiniOzoneClusterImpl-023d5a78-e64c-43f3-a4d9-6f7884931d6c/ozone-metadata/datanode-2/ratis to VolumeSet
2025-09-07 09:44:45,272 [ForkJoinPool.commonPool-worker-3] INFO  utils.DatanodeStoreCache (DatanodeStoreCache.java:addDB(70)) - Added db /home/runner/work/ozone/ozone/hadoop-ozone/integration-test/target/test-dir/MiniOzoneClusterImpl-023d5a78-e64c-43f3-a4d9-6f7884931d6c/ozone-metadata/datanode-2/data-0/hdds/023d5a78-e64c-43f3-a4d9-6f7884931d6c/DS-bea88637-aed5-486c-a715-f30d7867fd4b/container.db to cache
2025-09-07 09:44:45,272 [ForkJoinPool.commonPool-worker-3] INFO  volume.HddsVolume (HddsVolume.java:loadDbStore(517)) - SchemaV3 db is loaded at /home/runner/work/ozone/ozone/hadoop-ozone/integration-test/target/test-dir/MiniOzoneClusterImpl-023d5a78-e64c-43f3-a4d9-6f7884931d6c/ozone-metadata/datanode-2/data-0/hdds/023d5a78-e64c-43f3-a4d9-6f7884931d6c/DS-bea88637-aed5-486c-a715-f30d7867fd4b/container.db for volume DS-bea88637-aed5-486c-a715-f30d7867fd4b
2025-09-07 09:44:45,272 [ForkJoinPool-1-worker-1] INFO  ozoneimpl.OzoneContainer (HddsVolumeUtil.java:loadAllHddsVolumeDbStore(102)) - Load 1 volumes DbStore cost: 17ms
2025-09-07 09:44:45,273 [ForkJoinPool-1-worker-1] WARN  db.DBStoreBuilder (DBStoreBuilder.java:getDBDirPath(158)) - ozone.scm.datanode.id.dir is not configured. We recommend adding this setting. Falling back to ozone.metadata.dirs instead.
2025-09-07 09:44:45,273 [ForkJoinPool-1-worker-1] WARN  db.DBStoreBuilder (DBStoreBuilder.java:getDBDirPath(158)) - ozone.scm.datanode.id.dir is not configured. We recommend adding this setting. Falling back to ozone.metadata.dirs instead.
2025-09-07 09:44:45,282 [ForkJoinPool-1-worker-1] INFO  impl.FilePerChunkStrategy (FilePerChunkStrategy.java:<init>(79)) - ozone.chunk.read.mapped.buffer.max.count is load with 0
2025-09-07 09:44:45,282 [ForkJoinPool-1-worker-1] INFO  impl.FilePerBlockStrategy (FilePerBlockStrategy.java:<init>(88)) - ozone.chunk.read.mapped.buffer.max.count is load with 0
2025-09-07 09:44:45,283 [ForkJoinPool-1-worker-1] INFO  server.RaftServerConfigKeys (ConfUtils.java:logGet(62)) - raft.server.log.appender.buffer.byte-limit = 33554432 (custom)
2025-09-07 09:44:45,284 [ForkJoinPool-1-worker-1] INFO  grpc.GrpcConfigKeys (ConfUtils.java:logFallback(69)) - raft.grpc.admin.host = null (fallback to raft.grpc.server.host)
2025-09-07 09:44:45,284 [ForkJoinPool-1-worker-1] INFO  grpc.GrpcConfigKeys (ConfUtils.java:logGet(62)) - raft.grpc.admin.port = 15022 (custom)
2025-09-07 09:44:45,284 [ForkJoinPool-1-worker-1] INFO  grpc.GrpcConfigKeys (ConfUtils.java:logFallback(69)) - raft.grpc.client.host = null (fallback to raft.grpc.server.host)
2025-09-07 09:44:45,284 [ForkJoinPool-1-worker-1] INFO  grpc.GrpcConfigKeys (ConfUtils.java:logGet(62)) - raft.grpc.client.port = 15021 (custom)
2025-09-07 09:44:45,284 [ForkJoinPool-1-worker-1] INFO  grpc.GrpcConfigKeys (ConfUtils.java:logGet(62)) - raft.grpc.server.port = 15023 (custom)
2025-09-07 09:44:45,284 [ForkJoinPool-1-worker-1] INFO  server.GrpcServicesImpl (ConfUtils.java:logGet(62)) - raft.grpc.message.size.max = 34603008 (custom)
2025-09-07 09:44:45,284 [ForkJoinPool-1-worker-1] INFO  server.GrpcServicesImpl (ConfUtils.java:logGet(62)) - raft.grpc.flow.control.window = 5MB (=5242880) (custom)
2025-09-07 09:44:45,284 [ForkJoinPool-1-worker-1] INFO  server.RaftServerConfigKeys (ConfUtils.java:logGet(62)) - raft.server.log.appender.buffer.byte-limit = 33554432 (custom)
2025-09-07 09:44:45,286 [ForkJoinPool-1-worker-1] INFO  netty.NettyUtils (NettyUtils.java:newEventLoopGroup(74)) - Create EpollEventLoopGroup for 8500c972-c6d1-4433-9d49-a8e3bb920002-NettyServerStreamRpc-bossGroup; Thread size is 0.
2025-09-07 09:44:45,286 [ForkJoinPool-1-worker-1] INFO  netty.NettyUtils (NettyUtils.java:newEventLoopGroup(74)) - Create EpollEventLoopGroup for 8500c972-c6d1-4433-9d49-a8e3bb920002-NettyServerStreamRpc-workerGroup; Thread size is 0.
2025-09-07 09:44:45,286 [ForkJoinPool-1-worker-1] INFO  netty.NettyConfigKeys$DataStream (ConfUtils.java:logGet(62)) - raft.netty.dataStream.port = 15024 (custom)
2025-09-07 09:44:45,287 [ForkJoinPool-1-worker-1] INFO  server.RaftServerConfigKeys (ConfUtils.java:logGet(62)) - raft.server.storage.dir = [/home/runner/work/ozone/ozone/hadoop-ozone/integration-test/target/test-dir/MiniOzoneClusterImpl-023d5a78-e64c-43f3-a4d9-6f7884931d6c/ozone-metadata/datanode-2/ratis] (custom)
2025-09-07 09:44:45,287 [8500c972-c6d1-4433-9d49-a8e3bb920002-NettyServerStreamRpc-bossGroup--thread1] INFO  logging.LoggingHandler (AbstractInternalLogger.java:log(148)) - [id: 0xfac9c2cd] REGISTERED
2025-09-07 09:44:45,287 [8500c972-c6d1-4433-9d49-a8e3bb920002-NettyServerStreamRpc-bossGroup--thread1] INFO  logging.LoggingHandler (AbstractInternalLogger.java:log(148)) - [id: 0xfac9c2cd] BIND: 0.0.0.0/0.0.0.0:15024
2025-09-07 09:44:45,287 [8500c972-c6d1-4433-9d49-a8e3bb920002-impl-thread1] INFO  server.RaftServer (RaftServerProxy.java:initGroupDir(270)) - 8500c972-c6d1-4433-9d49-a8e3bb920002: found a subdirectory /home/runner/work/ozone/ozone/hadoop-ozone/integration-test/target/test-dir/MiniOzoneClusterImpl-023d5a78-e64c-43f3-a4d9-6f7884931d6c/ozone-metadata/datanode-2/ratis/964e2755-6250-4d78-b504-7b86a1802608
2025-09-07 09:44:45,287 [8500c972-c6d1-4433-9d49-a8e3bb920002-NettyServerStreamRpc-bossGroup--thread1] INFO  logging.LoggingHandler (AbstractInternalLogger.java:log(148)) - [id: 0xfac9c2cd, L:/0.0.0.0:15024] ACTIVE
2025-09-07 09:44:45,288 [8500c972-c6d1-4433-9d49-a8e3bb920002-impl-thread1] INFO  server.RaftServer (RaftServerProxy.java:addNew(105)) - 8500c972-c6d1-4433-9d49-a8e3bb920002: addNew group-7B86A1802608:[] returns group-7B86A1802608:java.util.concurrent.CompletableFuture@5eaca18d[Not completed]
2025-09-07 09:44:45,288 [8500c972-c6d1-4433-9d49-a8e3bb920002-impl-thread1] INFO  server.RaftServer (RaftServerProxy.java:initGroupDir(270)) - 8500c972-c6d1-4433-9d49-a8e3bb920002: found a subdirectory /home/runner/work/ozone/ozone/hadoop-ozone/integration-test/target/test-dir/MiniOzoneClusterImpl-023d5a78-e64c-43f3-a4d9-6f7884931d6c/ozone-metadata/datanode-2/ratis/766115e5-0d59-4db5-b7b5-77dc33c8a8ca
2025-09-07 09:44:45,288 [8500c972-c6d1-4433-9d49-a8e3bb920002-impl-thread1] INFO  server.RaftServer (RaftServerProxy.java:addNew(105)) - 8500c972-c6d1-4433-9d49-a8e3bb920002: addNew group-77DC33C8A8CA:[] returns group-77DC33C8A8CA:java.util.concurrent.CompletableFuture@7de6e493[Not completed]
2025-09-07 09:44:45,288 [8500c972-c6d1-4433-9d49-a8e3bb920002-impl-thread1] INFO  server.RaftServer (RaftServerProxy.java:initGroupDir(270)) - 8500c972-c6d1-4433-9d49-a8e3bb920002: found a subdirectory /home/runner/work/ozone/ozone/hadoop-ozone/integration-test/target/test-dir/MiniOzoneClusterImpl-023d5a78-e64c-43f3-a4d9-6f7884931d6c/ozone-metadata/datanode-2/ratis/3adef986-442f-409a-a79f-dde89b3f2afe
2025-09-07 09:44:45,288 [8500c972-c6d1-4433-9d49-a8e3bb920002-impl-thread1] INFO  server.RaftServer (RaftServerProxy.java:addNew(105)) - 8500c972-c6d1-4433-9d49-a8e3bb920002: addNew group-DDE89B3F2AFE:[] returns group-DDE89B3F2AFE:java.util.concurrent.CompletableFuture@6fb83c82[Not completed]
2025-09-07 09:44:45,288 [8500c972-c6d1-4433-9d49-a8e3bb920002-impl-thread1] INFO  server.RaftServer (RaftServerProxy.java:initGroupDir(270)) - 8500c972-c6d1-4433-9d49-a8e3bb920002: found a subdirectory /home/runner/work/ozone/ozone/hadoop-ozone/integration-test/target/test-dir/MiniOzoneClusterImpl-023d5a78-e64c-43f3-a4d9-6f7884931d6c/ozone-metadata/datanode-2/ratis/tmp
2025-09-07 09:44:45,288 [8500c972-c6d1-4433-9d49-a8e3bb920002-impl-thread1] INFO  server.RaftServer (RaftServerProxy.java:initGroupDir(275)) - 8500c972-c6d1-4433-9d49-a8e3bb920002: The directory /home/runner/work/ozone/ozone/hadoop-ozone/integration-test/target/test-dir/MiniOzoneClusterImpl-023d5a78-e64c-43f3-a4d9-6f7884931d6c/ozone-metadata/datanode-2/ratis/tmp is not a group directory; ignoring it. 
2025-09-07 09:44:45,289 [ForkJoinPool-1-worker-1] INFO  replication.ReplicationServer (ReplicationServer.java:<init>(84)) - Initializing replication server with thread count = 10 queue length = 4096
2025-09-07 09:44:45,290 [8500c972-c6d1-4433-9d49-a8e3bb920002-groupManagement] INFO  server.RaftServer$Division (RaftServerImpl.java:<init>(268)) - 8500c972-c6d1-4433-9d49-a8e3bb920002: new RaftServerImpl for group-7B86A1802608:[] with ContainerStateMachine:uninitialized
2025-09-07 09:44:45,290 [8500c972-c6d1-4433-9d49-a8e3bb920002-groupManagement] INFO  server.RaftServer$Division (ServerState.java:<init>(114)) - 8500c972-c6d1-4433-9d49-a8e3bb920002@group-7B86A1802608: ConfigurationManager, init=conf: {index: -1, cur=peers:[]|listeners:[], old=null}, confs=<EMPTY_MAP>
2025-09-07 09:44:45,291 [ForkJoinPool-1-worker-1] INFO  server.XceiverServerGrpc (XceiverServerGrpc.java:<init>(130)) - GrpcServer channel type EpollServerSocketChannel
2025-09-07 09:44:45,294 [ForkJoinPool-1-worker-1] INFO  replication.ReplicationSupervisor (ReplicationSupervisor.java:build(169)) - Initializing replication supervisor with thread count = 10
2025-09-07 09:44:45,294 [ForkJoinPool-1-worker-1] INFO  replication.ReplicationSupervisor (ReplicationSupervisor.java:nodeStateUpdated(358)) - Node state updated to IN_SERVICE, scaling executor pool size to 10
2025-09-07 09:44:45,295 [8500c972-c6d1-4433-9d49-a8e3bb920002-groupManagement] INFO  server.RaftServer$Division (RaftServerImpl.java:<init>(268)) - 8500c972-c6d1-4433-9d49-a8e3bb920002: new RaftServerImpl for group-77DC33C8A8CA:[] with ContainerStateMachine:uninitialized
2025-09-07 09:44:45,296 [8500c972-c6d1-4433-9d49-a8e3bb920002-groupManagement] INFO  server.RaftServer$Division (ServerState.java:<init>(114)) - 8500c972-c6d1-4433-9d49-a8e3bb920002@group-77DC33C8A8CA: ConfigurationManager, init=conf: {index: -1, cur=peers:[]|listeners:[], old=null}, confs=<EMPTY_MAP>
2025-09-07 09:44:45,298 [ForkJoinPool-1-worker-1] INFO  http.BaseHttpServer (BaseHttpServer.java:newHttpServer2BuilderForOzone(227)) - Starting Web-server for hddsDatanode at: http://0.0.0.0:15018
2025-09-07 09:44:45,298 [ForkJoinPool-1-worker-1] INFO  http.BaseHttpServer (BaseHttpServer.java:<init>(105)) - Hadoop Security Enabled: false Ozone Security Enabled: false Ozone HTTP Security Enabled: false 
2025-09-07 09:44:45,300 [ForkJoinPool-1-worker-1] WARN  server.AuthenticationFilter (AuthenticationFilter.java:constructSecretProvider(240)) - Unable to initialize FileSignerSecretProvider, falling back to use random secrets. Reason: Could not read signature secret file: /home/runner/hadoop-http-auth-signature-secret
2025-09-07 09:44:45,302 [8500c972-c6d1-4433-9d49-a8e3bb920002-groupManagement] INFO  server.RaftServer$Division (RaftServerImpl.java:<init>(268)) - 8500c972-c6d1-4433-9d49-a8e3bb920002: new RaftServerImpl for group-DDE89B3F2AFE:[] with ContainerStateMachine:uninitialized
2025-09-07 09:44:45,302 [8500c972-c6d1-4433-9d49-a8e3bb920002-groupManagement] INFO  server.RaftServer$Division (ServerState.java:<init>(114)) - 8500c972-c6d1-4433-9d49-a8e3bb920002@group-DDE89B3F2AFE: ConfigurationManager, init=conf: {index: -1, cur=peers:[]|listeners:[], old=null}, confs=<EMPTY_MAP>
2025-09-07 09:44:45,302 [ForkJoinPool-1-worker-1] INFO  http.HttpServer2 (HttpServer2.java:addGlobalFilter(1041)) - Added global filter 'safety' (class=org.apache.hadoop.hdds.server.http.HttpServer2$QuotingInputFilter)
2025-09-07 09:44:45,304 [ForkJoinPool-1-worker-1] INFO  http.HttpServer2 (HttpServer2.java:addFilter(1017)) - Added filter static_user_filter (class=org.apache.hadoop.http.lib.StaticUserWebFilter$StaticUserFilter) to context hddsDatanode
2025-09-07 09:44:45,304 [ForkJoinPool-1-worker-1] INFO  http.HttpServer2 (HttpServer2.java:addFilter(1025)) - Added filter static_user_filter (class=org.apache.hadoop.http.lib.StaticUserWebFilter$StaticUserFilter) to context static
2025-09-07 09:44:45,304 [ForkJoinPool-1-worker-1] INFO  http.HttpServer2 (HttpServer2.java:addFilter(1025)) - Added filter static_user_filter (class=org.apache.hadoop.http.lib.StaticUserWebFilter$StaticUserFilter) to context logs
2025-09-07 09:44:45,304 [ForkJoinPool-1-worker-1] INFO  http.BaseHttpServer (BaseHttpServer.java:<init>(193)) - HTTP server of hddsDatanode uses base directory /home/runner/work/ozone/ozone/hadoop-ozone/integration-test/target/test-dir/MiniOzoneClusterImpl-023d5a78-e64c-43f3-a4d9-6f7884931d6c/scm/ozone-metadata/webserver
2025-09-07 09:44:45,305 [ForkJoinPool-1-worker-1] INFO  http.HttpServer2 (HttpServer2.java:bindListener(1241)) - Jetty bound to port 15018
2025-09-07 09:44:45,305 [ForkJoinPool-1-worker-1] INFO  server.Server (Server.java:doStart(375)) - jetty-9.4.58.v20250814; built: 2025-08-14T02:28:49.637Z; git: 8f1440587e9e4ae7db3d74cf205643f3d707148d; jvm 21.0.8+9-LTS
2025-09-07 09:44:45,307 [ForkJoinPool-1-worker-1] INFO  server.session (DefaultSessionIdManager.java:doStart(334)) - DefaultSessionIdManager workerName=node0
2025-09-07 09:44:45,307 [ForkJoinPool-1-worker-1] INFO  server.session (DefaultSessionIdManager.java:doStart(339)) - No SessionScavenger set, using defaults
2025-09-07 09:44:45,308 [ForkJoinPool-1-worker-1] INFO  server.session (HouseKeeper.java:startScavenging(132)) - node0 Scavenging every 600000ms
2025-09-07 09:44:45,308 [ForkJoinPool-1-worker-1] INFO  handler.ContextHandler (ContextHandler.java:doStart(921)) - Started o.e.j.s.ServletContextHandler@1f194fb7{logs,/logs,file:///home/runner/work/ozone/ozone/hadoop-ozone/integration-test/target/log,AVAILABLE}
2025-09-07 09:44:45,309 [ForkJoinPool-1-worker-1] INFO  handler.ContextHandler (ContextHandler.java:doStart(921)) - Started o.e.j.s.ServletContextHandler@16c6f78c{static,/static,jar:file:/home/runner/work/ozone/ozone/hadoop-hdds/container-service/target/hdds-container-service-2.1.0-SNAPSHOT.jar!/webapps/static,AVAILABLE}
2025-09-07 09:44:45,502 [ForkJoinPool-1-worker-1] INFO  handler.ContextHandler (ContextHandler.java:doStart(921)) - Started o.e.j.w.WebAppContext@7f065ffd{hddsDatanode,/,file:///home/runner/work/ozone/ozone/hadoop-ozone/integration-test/target/test-dir/MiniOzoneClusterImpl-023d5a78-e64c-43f3-a4d9-6f7884931d6c/scm/ozone-metadata/webserver/jetty-0_0_0_0-15018-hdds-container-service-2_1_0-SNAPSHOT_jar-_-any-1201218969801406307/webapp/,AVAILABLE}{jar:file:/home/runner/work/ozone/ozone/hadoop-hdds/container-service/target/hdds-container-service-2.1.0-SNAPSHOT.jar!/webapps/hddsDatanode}
2025-09-07 09:44:45,503 [ForkJoinPool-1-worker-1] INFO  server.AbstractConnector (AbstractConnector.java:doStart(333)) - Started ServerConnector@a29180{HTTP/1.1, (http/1.1)}{0.0.0.0:15018}
2025-09-07 09:44:45,503 [ForkJoinPool-1-worker-1] INFO  server.Server (Server.java:doStart(415)) - Started @56249ms
2025-09-07 09:44:45,504 [ForkJoinPool-1-worker-1] WARN  impl.MetricsSystemImpl (MetricsSystemImpl.java:register(279)) - Sink prometheus already exists!
2025-09-07 09:44:45,504 [ForkJoinPool-1-worker-1] INFO  http.BaseHttpServer (BaseHttpServer.java:updateConnectorAddress(357)) - HTTP server of hddsDatanode listening at http://localhost:15018
2025-09-07 09:44:45,504 [ForkJoinPool-1-worker-1] INFO  ipc.CallQueueManager (CallQueueManager.java:<init>(93)) - Using callQueue: class java.util.concurrent.LinkedBlockingQueue, queueCapacity: 1000, scheduler: class org.apache.hadoop.ipc.DefaultRpcScheduler, ipcBackoff: false, ipcFailOver: false.
2025-09-07 09:44:45,504 [ForkJoinPool-1-worker-1] INFO  ipc.Server (Server.java:<init>(1438)) - Listener at 0.0.0.0:15019
2025-09-07 09:44:45,505 [Socket Reader #1 for port 15019] INFO  ipc.Server (Server.java:run(1474)) - Starting Socket Reader #1 for port 15019
2025-09-07 09:44:45,505 [Socket Reader #2 for port 15019] INFO  ipc.Server (Server.java:run(1474)) - Starting Socket Reader #2 for port 15019
2025-09-07 09:44:45,506 [Socket Reader #3 for port 15019] INFO  ipc.Server (Server.java:run(1474)) - Starting Socket Reader #3 for port 15019
2025-09-07 09:44:45,506 [Socket Reader #4 for port 15019] INFO  ipc.Server (Server.java:run(1474)) - Starting Socket Reader #4 for port 15019
2025-09-07 09:44:45,507 [Socket Reader #5 for port 15019] INFO  ipc.Server (Server.java:run(1474)) - Starting Socket Reader #5 for port 15019
2025-09-07 09:44:45,507 [Socket Reader #6 for port 15019] INFO  ipc.Server (Server.java:run(1474)) - Starting Socket Reader #6 for port 15019
2025-09-07 09:44:45,508 [Socket Reader #7 for port 15019] INFO  ipc.Server (Server.java:run(1474)) - Starting Socket Reader #7 for port 15019
2025-09-07 09:44:45,508 [Socket Reader #8 for port 15019] INFO  ipc.Server (Server.java:run(1474)) - Starting Socket Reader #8 for port 15019
2025-09-07 09:44:45,508 [Socket Reader #9 for port 15019] INFO  ipc.Server (Server.java:run(1474)) - Starting Socket Reader #9 for port 15019
2025-09-07 09:44:45,509 [Socket Reader #10 for port 15019] INFO  ipc.Server (Server.java:run(1474)) - Starting Socket Reader #10 for port 15019
2025-09-07 09:44:45,511 [ForkJoinPool-1-worker-1] INFO  ozone.HddsDatanodeService (HddsDatanodeService.java:start(333)) - Datanode start with admins: [admin, runner]
2025-09-07 09:44:45,511 [ForkJoinPool-1-worker-1] INFO  ozone.HddsDatanodeClientProtocolServer (HddsDatanodeClientProtocolServer.java:start(76)) - RPC server for Client /0.0.0.0:15019
2025-09-07 09:44:45,511 [IPC Server Responder] INFO  ipc.Server (Server.java:run(1713)) - IPC Server Responder: starting
2025-09-07 09:44:45,511 [IPC Server listener on 15019] INFO  ipc.Server (Server.java:run(1553)) - IPC Server listener on 15019: starting
2025-09-07 09:44:45,513 [ForkJoinPool-1-worker-1] INFO  ozone.MiniOzoneClusterImpl (MiniOzoneClusterImpl.java:lambda$waitForClusterToBeReady$0(181)) - Nodes are ready. Got 10 of 10 DN Heartbeats.
2025-09-07 09:44:45,513 [ForkJoinPool-1-worker-1] INFO  ozone.MiniOzoneClusterImpl (MiniOzoneClusterImpl.java:lambda$waitForClusterToBeReady$0(184)) - Cluster exits safe mode
2025-09-07 09:44:45,513 [ForkJoinPool-1-worker-1] INFO  ozone.MiniOzoneClusterImpl (MiniOzoneClusterImpl.java:lambda$waitForClusterToBeReady$0(186)) - SCM became leader
2025-09-07 09:44:45,516 [8500c972-c6d1-4433-9d49-a8e3bb920002-DatanodeStateMachineDaemonThread] INFO  statemachine.DatanodeStateMachine (DatanodeStateMachine.java:startStateMachineThread(347)) - Ozone container server started.
2025-09-07 09:44:45,522 [8500c972-c6d1-4433-9d49-a8e3bb920002-DatanodeStateMachineTaskThread-0] INFO  datanode.InitDatanodeState (InitDatanodeState.java:persistContainerDatanodeDetails(139)) - DatanodeDetails is persisted to /home/runner/work/ozone/ozone/hadoop-ozone/integration-test/target/test-dir/MiniOzoneClusterImpl-023d5a78-e64c-43f3-a4d9-6f7884931d6c/ozone-metadata/datanode-2/ozone-metadata/datanode.id
2025-09-07 09:44:45,544 [grpc-default-executor-2] ERROR impl.OrderedAsync (OrderedAsync.java:lambda$null$6(215)) -  client-5C93762BF05C: Failed* RaftClientRequest:client-5C93762BF05C->95d41743-cdf0-4105-938b-93fe980aeffc@group-DDE89B3F2AFE, cid=32, seq=1*, Watch(0), null
java.util.concurrent.CompletionException: org.apache.ratis.protocol.exceptions.NotLeaderException: Server 95d41743-cdf0-4105-938b-93fe980aeffc@group-DDE89B3F2AFE is not the leader
	at java.base/java.util.concurrent.CompletableFuture.encodeThrowable(CompletableFuture.java:332)
	at java.base/java.util.concurrent.CompletableFuture.completeThrowable(CompletableFuture.java:347)
	at java.base/java.util.concurrent.CompletableFuture$UniAccept.tryFire(CompletableFuture.java:708)
	at java.base/java.util.concurrent.CompletableFuture.postComplete(CompletableFuture.java:510)
	at java.base/java.util.concurrent.CompletableFuture.completeExceptionally(CompletableFuture.java:2194)
	at org.apache.ratis.grpc.client.GrpcClientProtocolClient$AsyncStreamObservers.completeReplyExceptionally(GrpcClientProtocolClient.java:397)
	at org.apache.ratis.grpc.client.GrpcClientProtocolClient$AsyncStreamObservers.access$000(GrpcClientProtocolClient.java:303)
	at org.apache.ratis.grpc.client.GrpcClientProtocolClient$AsyncStreamObservers$1.onNext(GrpcClientProtocolClient.java:317)
	at org.apache.ratis.grpc.client.GrpcClientProtocolClient$AsyncStreamObservers$1.onNext(GrpcClientProtocolClient.java:308)
	at org.apache.ratis.thirdparty.io.grpc.stub.ClientCalls$StreamObserverToCallListenerAdapter.onMessage(ClientCalls.java:551)
	at org.apache.ratis.thirdparty.io.grpc.ForwardingClientCallListener.onMessage(ForwardingClientCallListener.java:33)
	at org.apache.ratis.thirdparty.io.grpc.internal.ClientCallImpl$ClientStreamListenerImpl$1MessagesAvailable.runInternal(ClientCallImpl.java:661)
	at org.apache.ratis.thirdparty.io.grpc.internal.ClientCallImpl$ClientStreamListenerImpl$1MessagesAvailable.runInContext(ClientCallImpl.java:648)
	at org.apache.ratis.thirdparty.io.grpc.internal.ContextRunnable.run(ContextRunnable.java:37)
	at org.apache.ratis.thirdparty.io.grpc.internal.SerializingExecutor.run(SerializingExecutor.java:133)
	at java.base/java.util.concurrent.ThreadPoolExecutor.runWorker(ThreadPoolExecutor.java:1144)
	at java.base/java.util.concurrent.ThreadPoolExecutor$Worker.run(ThreadPoolExecutor.java:642)
	at java.base/java.lang.Thread.run(Thread.java:1583)
Caused by: org.apache.ratis.protocol.exceptions.NotLeaderException: Server 95d41743-cdf0-4105-938b-93fe980aeffc@group-DDE89B3F2AFE is not the leader
	at org.apache.ratis.client.impl.ClientProtoUtils.toRaftClientReply(ClientProtoUtils.java:402)
	at org.apache.ratis.grpc.client.GrpcClientProtocolClient$AsyncStreamObservers$1.onNext(GrpcClientProtocolClient.java:313)
	... 10 more
2025-09-07 09:44:45,595 [95d41743-cdf0-4105-938b-93fe980aeffc@group-DDE89B3F2AFE-FollowerState] INFO  impl.FollowerState (FollowerState.java:runImpl(161)) - 95d41743-cdf0-4105-938b-93fe980aeffc@group-DDE89B3F2AFE-FollowerState: change to CANDIDATE, lastRpcElapsedTime:1107411393ns, electionTimeout:1107ms
2025-09-07 09:44:45,595 [95d41743-cdf0-4105-938b-93fe980aeffc@group-DDE89B3F2AFE-FollowerState] INFO  impl.RoleInfo (RoleInfo.java:shutdownFollowerState(121)) - 95d41743-cdf0-4105-938b-93fe980aeffc: shutdown 95d41743-cdf0-4105-938b-93fe980aeffc@group-DDE89B3F2AFE-FollowerState
2025-09-07 09:44:45,595 [95d41743-cdf0-4105-938b-93fe980aeffc@group-DDE89B3F2AFE-FollowerState] INFO  server.RaftServer$Division (RaftServerImpl.java:setRole(392)) - 95d41743-cdf0-4105-938b-93fe980aeffc@group-DDE89B3F2AFE: changes role from  FOLLOWER to CANDIDATE at term 1 for changeToCandidate
2025-09-07 09:44:45,595 [95d41743-cdf0-4105-938b-93fe980aeffc@group-DDE89B3F2AFE-FollowerState] INFO  impl.RoleInfo (RoleInfo.java:updateAndGet(148)) - 95d41743-cdf0-4105-938b-93fe980aeffc: start 95d41743-cdf0-4105-938b-93fe980aeffc@group-DDE89B3F2AFE-LeaderElection69
2025-09-07 09:44:45,596 [95d41743-cdf0-4105-938b-93fe980aeffc@group-DDE89B3F2AFE-LeaderElection69] INFO  impl.LeaderElection (LeaderElection.java:askForVotes(448)) - 95d41743-cdf0-4105-938b-93fe980aeffc@group-DDE89B3F2AFE-LeaderElection69 PRE_VOTE round 0: submit vote requests at term 1 for conf: {index: 0, cur=peers:[95d41743-cdf0-4105-938b-93fe980aeffc|127.0.0.1:15031, 8500c972-c6d1-4433-9d49-a8e3bb920002|127.0.0.1:15023, ff2509eb-55dd-4ad3-b532-83d6209e1a92|127.0.0.1:15015]|listeners:[], old=null}
2025-09-07 09:44:45,596 [95d41743-cdf0-4105-938b-93fe980aeffc@group-DDE89B3F2AFE-LeaderElection69] INFO  impl.LeaderElection (LogUtils.java:infoOrTrace(142)) - 95d41743-cdf0-4105-938b-93fe980aeffc@group-DDE89B3F2AFE-LeaderElection69 got exception when requesting votes: java.util.concurrent.ExecutionException: org.apache.ratis.thirdparty.io.grpc.StatusRuntimeException: UNAVAILABLE: io exception
2025-09-07 09:44:45,596 [95d41743-cdf0-4105-938b-93fe980aeffc@group-DDE89B3F2AFE-LeaderElection69] INFO  impl.LeaderElection (LogUtils.java:infoOrTrace(142)) - 95d41743-cdf0-4105-938b-93fe980aeffc@group-DDE89B3F2AFE-LeaderElection69 got exception when requesting votes: java.util.concurrent.ExecutionException: org.apache.ratis.thirdparty.io.grpc.StatusRuntimeException: UNAVAILABLE: io exception
2025-09-07 09:44:45,596 [95d41743-cdf0-4105-938b-93fe980aeffc@group-DDE89B3F2AFE-LeaderElection69] INFO  impl.LeaderElection (LeaderElection.java:logAndReturn(206)) - 95d41743-cdf0-4105-938b-93fe980aeffc@group-DDE89B3F2AFE-LeaderElection69: PRE_VOTE REJECTED received 0 response(s) and 2 exception(s):
2025-09-07 09:44:45,597 [95d41743-cdf0-4105-938b-93fe980aeffc@group-DDE89B3F2AFE-LeaderElection69] INFO  impl.LeaderElection (LogUtils.java:infoOrTrace(142)) -   Exception 0: java.util.concurrent.ExecutionException: org.apache.ratis.thirdparty.io.grpc.StatusRuntimeException: UNAVAILABLE: io exception
2025-09-07 09:44:45,597 [95d41743-cdf0-4105-938b-93fe980aeffc@group-DDE89B3F2AFE-LeaderElection69] INFO  impl.LeaderElection (LogUtils.java:infoOrTrace(142)) -   Exception 1: java.util.concurrent.ExecutionException: org.apache.ratis.thirdparty.io.grpc.StatusRuntimeException: UNAVAILABLE: io exception
2025-09-07 09:44:45,597 [95d41743-cdf0-4105-938b-93fe980aeffc@group-DDE89B3F2AFE-LeaderElection69] INFO  impl.LeaderElection (LeaderElection.java:askForVotes(450)) - 95d41743-cdf0-4105-938b-93fe980aeffc@group-DDE89B3F2AFE-LeaderElection69 PRE_VOTE round 0: result REJECTED
2025-09-07 09:44:45,597 [95d41743-cdf0-4105-938b-93fe980aeffc@group-DDE89B3F2AFE-LeaderElection69] INFO  server.RaftServer$Division (RaftServerImpl.java:setRole(392)) - 95d41743-cdf0-4105-938b-93fe980aeffc@group-DDE89B3F2AFE: changes role from CANDIDATE to FOLLOWER at term 1 for REJECTED
2025-09-07 09:44:45,597 [95d41743-cdf0-4105-938b-93fe980aeffc@group-DDE89B3F2AFE-LeaderElection69] INFO  impl.RoleInfo (RoleInfo.java:shutdownLeaderElection(141)) - 95d41743-cdf0-4105-938b-93fe980aeffc: shutdown 95d41743-cdf0-4105-938b-93fe980aeffc@group-DDE89B3F2AFE-LeaderElection69
2025-09-07 09:44:45,597 [95d41743-cdf0-4105-938b-93fe980aeffc@group-DDE89B3F2AFE-LeaderElection69] INFO  impl.RoleInfo (RoleInfo.java:updateAndGet(148)) - 95d41743-cdf0-4105-938b-93fe980aeffc: start 95d41743-cdf0-4105-938b-93fe980aeffc@group-DDE89B3F2AFE-FollowerState
2025-09-07 09:44:45,735 [ff2509eb-55dd-4ad3-b532-83d6209e1a92-ContainerReader-0] INFO  ozoneimpl.ContainerReader (ContainerReader.java:readVolume(147)) - Start to verify containers on volume /home/runner/work/ozone/ozone/hadoop-ozone/integration-test/target/test-dir/MiniOzoneClusterImpl-023d5a78-e64c-43f3-a4d9-6f7884931d6c/ozone-metadata/datanode-1/data-0/hdds
2025-09-07 09:44:45,740 [ff2509eb-55dd-4ad3-b532-83d6209e1a92-ContainerReader-0] WARN  helpers.KeyValueContainerUtil (KeyValueContainerUtil.java:populateContainerMetadata(330)) - Missing pendingDeleteBlockCount from metadata: recalculate them from block table
2025-09-07 09:44:45,743 [ff2509eb-55dd-4ad3-b532-83d6209e1a92-ContainerReader-0] INFO  ozoneimpl.ContainerReader (ContainerReader.java:readVolume(177)) - Finish verifying containers on volume /home/runner/work/ozone/ozone/hadoop-ozone/integration-test/target/test-dir/MiniOzoneClusterImpl-023d5a78-e64c-43f3-a4d9-6f7884931d6c/ozone-metadata/datanode-1/data-0/hdds
2025-09-07 09:44:45,744 [ff2509eb-55dd-4ad3-b532-83d6209e1a92-EndpointStateMachineTaskThread-/0.0.0.0:15002-0 ] INFO  ozoneimpl.OzoneContainer (OzoneContainer.java:buildContainerSet(370)) - Build ContainerSet costs 0s
2025-09-07 09:44:45,744 [ff2509eb-55dd-4ad3-b532-83d6209e1a92-EndpointStateMachineTaskThread-/0.0.0.0:15002-0 ] INFO  volume.ThrottledAsyncChecker (ThrottledAsyncChecker.java:schedule(138)) - Scheduling a check for /home/runner/work/ozone/ozone/hadoop-ozone/integration-test/target/test-dir/MiniOzoneClusterImpl-023d5a78-e64c-43f3-a4d9-6f7884931d6c/ozone-metadata/datanode-1/data-0/hdds
2025-09-07 09:44:45,744 [ff2509eb-55dd-4ad3-b532-83d6209e1a92-EndpointStateMachineTaskThread-/0.0.0.0:15002-0 ] INFO  volume.StorageVolumeChecker (StorageVolumeChecker.java:checkAllVolumes(231)) - Scheduled health check for volume /home/runner/work/ozone/ozone/hadoop-ozone/integration-test/target/test-dir/MiniOzoneClusterImpl-023d5a78-e64c-43f3-a4d9-6f7884931d6c/ozone-metadata/datanode-1/data-0/hdds
2025-09-07 09:44:45,748 [ff2509eb-55dd-4ad3-b532-83d6209e1a92-EndpointStateMachineTaskThread-/0.0.0.0:15002-0 ] INFO  volume.ThrottledAsyncChecker (ThrottledAsyncChecker.java:schedule(138)) - Scheduling a check for /home/runner/work/ozone/ozone/hadoop-ozone/integration-test/target/test-dir/MiniOzoneClusterImpl-023d5a78-e64c-43f3-a4d9-6f7884931d6c/ozone-metadata/datanode-1/ratis
2025-09-07 09:44:45,748 [ff2509eb-55dd-4ad3-b532-83d6209e1a92-EndpointStateMachineTaskThread-/0.0.0.0:15002-0 ] INFO  volume.StorageVolumeChecker (StorageVolumeChecker.java:checkAllVolumes(231)) - Scheduled health check for volume /home/runner/work/ozone/ozone/hadoop-ozone/integration-test/target/test-dir/MiniOzoneClusterImpl-023d5a78-e64c-43f3-a4d9-6f7884931d6c/ozone-metadata/datanode-1/ratis
2025-09-07 09:44:45,749 [ff2509eb-55dd-4ad3-b532-83d6209e1a92-EndpointStateMachineTaskThread-/0.0.0.0:15002-0 ] INFO  ozoneimpl.OzoneContainer (OzoneContainer.java:start(525)) - Attempting to start container services.
2025-09-07 09:44:45,750 [ContainerDataScanner(/home/runner/work/ozone/ozone/hadoop-ozone/integration-test/target/test-dir/MiniOzoneClusterImpl-023d5a78-e64c-43f3-a4d9-6f7884931d6c/ozone-metadata/datanode-1/data-0/hdds)] INFO  ozoneimpl.AbstractBackgroundContainerScanner (AbstractBackgroundContainerScanner.java:runIteration(89)) - Completed an iteration in 0 minutes. Number of iterations (since the data-node restart) : 1, Number of containers scanned in this iteration : 0, Number of unhealthy containers found in this iteration : 0
2025-09-07 09:44:45,751 [ff2509eb-55dd-4ad3-b532-83d6209e1a92-EndpointStateMachineTaskThread-/0.0.0.0:15002-0 ] INFO  replication.ReplicationServer (ReplicationServer.java:start(137)) - ReplicationServer is started using port 15017
2025-09-07 09:44:45,751 [ff2509eb-55dd-4ad3-b532-83d6209e1a92-EndpointStateMachineTaskThread-/0.0.0.0:15002-0 ] INFO  ratis.XceiverServerRatis (XceiverServerRatis.java:start(562)) - Starting XceiverServerRatis(ff2509eb-55dd-4ad3-b532-83d6209e1a92)
2025-09-07 09:44:45,752 [ff2509eb-55dd-4ad3-b532-83d6209e1a92-impl-thread1] INFO  server.RaftServerConfigKeys (ConfUtils.java:logGet(62)) - raft.server.storage.dir = [/home/runner/work/ozone/ozone/hadoop-ozone/integration-test/target/test-dir/MiniOzoneClusterImpl-023d5a78-e64c-43f3-a4d9-6f7884931d6c/ozone-metadata/datanode-1/ratis] (custom)
2025-09-07 09:44:45,753 [ff2509eb-55dd-4ad3-b532-83d6209e1a92-impl-thread2] INFO  storage.RaftStorageDirectory (RaftStorageDirectoryImpl.java:tryLock(229)) - Lock on /home/runner/work/ozone/ozone/hadoop-ozone/integration-test/target/test-dir/MiniOzoneClusterImpl-023d5a78-e64c-43f3-a4d9-6f7884931d6c/ozone-metadata/datanode-1/ratis/766115e5-0d59-4db5-b7b5-77dc33c8a8ca/in_use.lock acquired by nodename 23079@localhost
2025-09-07 09:44:45,753 [ff2509eb-55dd-4ad3-b532-83d6209e1a92-impl-thread1] INFO  storage.RaftStorageDirectory (RaftStorageDirectoryImpl.java:tryLock(229)) - Lock on /home/runner/work/ozone/ozone/hadoop-ozone/integration-test/target/test-dir/MiniOzoneClusterImpl-023d5a78-e64c-43f3-a4d9-6f7884931d6c/ozone-metadata/datanode-1/ratis/84ca9d0f-7cf9-4c2b-a636-8f87d7c2bfc6/in_use.lock acquired by nodename 23079@localhost
2025-09-07 09:44:45,754 [ff2509eb-55dd-4ad3-b532-83d6209e1a92-impl-thread2] INFO  storage.RaftStorage (RaftStorageImpl.java:analyzeAndRecoverStorage(118)) - Read RaftStorageMetadata{term=1, votedFor=ff2509eb-55dd-4ad3-b532-83d6209e1a92} from /home/runner/work/ozone/ozone/hadoop-ozone/integration-test/target/test-dir/MiniOzoneClusterImpl-023d5a78-e64c-43f3-a4d9-6f7884931d6c/ozone-metadata/datanode-1/ratis/766115e5-0d59-4db5-b7b5-77dc33c8a8ca/current/raft-meta
2025-09-07 09:44:45,754 [ff2509eb-55dd-4ad3-b532-83d6209e1a92-impl-thread1] INFO  storage.RaftStorage (RaftStorageImpl.java:analyzeAndRecoverStorage(118)) - Read RaftStorageMetadata{term=1, votedFor=ff2509eb-55dd-4ad3-b532-83d6209e1a92} from /home/runner/work/ozone/ozone/hadoop-ozone/integration-test/target/test-dir/MiniOzoneClusterImpl-023d5a78-e64c-43f3-a4d9-6f7884931d6c/ozone-metadata/datanode-1/ratis/84ca9d0f-7cf9-4c2b-a636-8f87d7c2bfc6/current/raft-meta
2025-09-07 09:44:45,755 [ff2509eb-55dd-4ad3-b532-83d6209e1a92-impl-thread1] INFO  server.RaftServer$Division (ServerState.java:setRaftConf(386)) - ff2509eb-55dd-4ad3-b532-83d6209e1a92@group-8F87D7C2BFC6: set configuration conf: {index: 0, cur=peers:[ff2509eb-55dd-4ad3-b532-83d6209e1a92|127.0.0.1:15015]|listeners:[], old=null}
2025-09-07 09:44:45,755 [ff2509eb-55dd-4ad3-b532-83d6209e1a92-impl-thread3] INFO  storage.RaftStorageDirectory (RaftStorageDirectoryImpl.java:tryLock(229)) - Lock on /home/runner/work/ozone/ozone/hadoop-ozone/integration-test/target/test-dir/MiniOzoneClusterImpl-023d5a78-e64c-43f3-a4d9-6f7884931d6c/ozone-metadata/datanode-1/ratis/3adef986-442f-409a-a79f-dde89b3f2afe/in_use.lock acquired by nodename 23079@localhost
2025-09-07 09:44:45,756 [ContainerMetadataScanner] INFO  ozoneimpl.AbstractBackgroundContainerScanner (AbstractBackgroundContainerScanner.java:runIteration(89)) - Completed an iteration in 0 minutes. Number of iterations (since the data-node restart) : 1, Number of containers scanned in this iteration : 1, Number of unhealthy containers found in this iteration : 0
2025-09-07 09:44:45,754 [ff2509eb-55dd-4ad3-b532-83d6209e1a92-impl-thread2] INFO  server.RaftServer$Division (ServerState.java:setRaftConf(386)) - ff2509eb-55dd-4ad3-b532-83d6209e1a92@group-77DC33C8A8CA: set configuration conf: {index: 0, cur=peers:[95d41743-cdf0-4105-938b-93fe980aeffc|127.0.0.1:15031, 8500c972-c6d1-4433-9d49-a8e3bb920002|127.0.0.1:15023, ff2509eb-55dd-4ad3-b532-83d6209e1a92|127.0.0.1:15015]|listeners:[], old=null}
2025-09-07 09:44:45,757 [ff2509eb-55dd-4ad3-b532-83d6209e1a92-impl-thread1] INFO  ratis.ContainerStateMachine (ContainerStateMachine.java:initialize(339)) - ff2509eb-55dd-4ad3-b532-83d6209e1a92: initialize group-8F87D7C2BFC6
2025-09-07 09:44:45,757 [ff2509eb-55dd-4ad3-b532-83d6209e1a92-impl-thread2] INFO  ratis.ContainerStateMachine (ContainerStateMachine.java:initialize(339)) - ff2509eb-55dd-4ad3-b532-83d6209e1a92: initialize group-77DC33C8A8CA
2025-09-07 09:44:45,757 [ff2509eb-55dd-4ad3-b532-83d6209e1a92-impl-thread2] INFO  ratis.ContainerStateMachine (ContainerStateMachine.java:loadSnapshot(356)) - group-77DC33C8A8CA: Setting the last applied index to (t:1, i:0)
2025-09-07 09:44:45,757 [ff2509eb-55dd-4ad3-b532-83d6209e1a92-impl-thread3] INFO  storage.RaftStorage (RaftStorageImpl.java:analyzeAndRecoverStorage(118)) - Read RaftStorageMetadata{term=1, votedFor=95d41743-cdf0-4105-938b-93fe980aeffc} from /home/runner/work/ozone/ozone/hadoop-ozone/integration-test/target/test-dir/MiniOzoneClusterImpl-023d5a78-e64c-43f3-a4d9-6f7884931d6c/ozone-metadata/datanode-1/ratis/3adef986-442f-409a-a79f-dde89b3f2afe/current/raft-meta
2025-09-07 09:44:45,757 [ff2509eb-55dd-4ad3-b532-83d6209e1a92-impl-thread3] INFO  server.RaftServer$Division (ServerState.java:setRaftConf(386)) - ff2509eb-55dd-4ad3-b532-83d6209e1a92@group-DDE89B3F2AFE: set configuration conf: {index: 0, cur=peers:[95d41743-cdf0-4105-938b-93fe980aeffc|127.0.0.1:15031, 8500c972-c6d1-4433-9d49-a8e3bb920002|127.0.0.1:15023, ff2509eb-55dd-4ad3-b532-83d6209e1a92|127.0.0.1:15015]|listeners:[], old=null}
2025-09-07 09:44:45,757 [ff2509eb-55dd-4ad3-b532-83d6209e1a92-impl-thread2] INFO  server.RaftServerConfigKeys (ConfUtils.java:logGet(62)) - raft.server.log.appender.buffer.byte-limit = 33554432 (custom)
2025-09-07 09:44:45,757 [ff2509eb-55dd-4ad3-b532-83d6209e1a92-impl-thread1] INFO  ratis.ContainerStateMachine (ContainerStateMachine.java:loadSnapshot(356)) - group-8F87D7C2BFC6: Setting the last applied index to (t:1, i:0)
2025-09-07 09:44:45,758 [ff2509eb-55dd-4ad3-b532-83d6209e1a92-impl-thread3] INFO  ratis.ContainerStateMachine (ContainerStateMachine.java:initialize(339)) - ff2509eb-55dd-4ad3-b532-83d6209e1a92: initialize group-DDE89B3F2AFE
2025-09-07 09:44:45,759 [ff2509eb-55dd-4ad3-b532-83d6209e1a92-impl-thread1] INFO  server.RaftServerConfigKeys (ConfUtils.java:logGet(62)) - raft.server.log.appender.buffer.byte-limit = 33554432 (custom)
2025-09-07 09:44:45,759 [ff2509eb-55dd-4ad3-b532-83d6209e1a92-impl-thread3] INFO  ratis.ContainerStateMachine (ContainerStateMachine.java:loadSnapshot(356)) - group-DDE89B3F2AFE: Setting the last applied index to (t:1, i:2)
2025-09-07 09:44:45,761 [ff2509eb-55dd-4ad3-b532-83d6209e1a92-impl-thread3] INFO  server.RaftServerConfigKeys (ConfUtils.java:logGet(62)) - raft.server.log.appender.buffer.byte-limit = 33554432 (custom)
2025-09-07 09:44:45,761 [ff2509eb-55dd-4ad3-b532-83d6209e1a92-impl-thread2] INFO  server.RaftServerConfigKeys (ConfUtils.java:logGet(62)) - raft.server.log.segment.size.max = 67108864 (custom)
2025-09-07 09:44:45,762 [ff2509eb-55dd-4ad3-b532-83d6209e1a92-impl-thread2] INFO  server.RaftServerConfigKeys (ConfUtils.java:logGet(62)) - raft.server.log.appender.buffer.byte-limit = 33554432 (custom)
2025-09-07 09:44:45,762 [ff2509eb-55dd-4ad3-b532-83d6209e1a92-impl-thread1] INFO  server.RaftServerConfigKeys (ConfUtils.java:logGet(62)) - raft.server.log.segment.size.max = 67108864 (custom)
2025-09-07 09:44:45,762 [ff2509eb-55dd-4ad3-b532-83d6209e1a92-impl-thread1] INFO  server.RaftServerConfigKeys (ConfUtils.java:logGet(62)) - raft.server.log.appender.buffer.byte-limit = 33554432 (custom)
2025-09-07 09:44:45,763 [ff2509eb-55dd-4ad3-b532-83d6209e1a92-impl-thread2] INFO  util.AwaitToRun (AwaitToRun.java:start(81)) - Thread[#1928,ff2509eb-55dd-4ad3-b532-83d6209e1a92@group-77DC33C8A8CA-cacheEviction-AwaitToRun,5,main] started
2025-09-07 09:44:45,763 [ff2509eb-55dd-4ad3-b532-83d6209e1a92-impl-thread2] INFO  segmented.SegmentedRaftLogWorker (SegmentedRaftLogWorker.java:<init>(190)) - new ff2509eb-55dd-4ad3-b532-83d6209e1a92@group-77DC33C8A8CA-SegmentedRaftLogWorker for RaftStorageImpl:Storage Directory /home/runner/work/ozone/ozone/hadoop-ozone/integration-test/target/test-dir/MiniOzoneClusterImpl-023d5a78-e64c-43f3-a4d9-6f7884931d6c/ozone-metadata/datanode-1/ratis/766115e5-0d59-4db5-b7b5-77dc33c8a8ca
2025-09-07 09:44:45,763 [ff2509eb-55dd-4ad3-b532-83d6209e1a92-impl-thread2] INFO  server.RaftServerConfigKeys (ConfUtils.java:logGet(62)) - raft.server.log.queue.byte-limit = 4294967296 (custom)
2025-09-07 09:44:45,763 [ff2509eb-55dd-4ad3-b532-83d6209e1a92-impl-thread2] INFO  server.RaftServerConfigKeys (ConfUtils.java:logGet(62)) - raft.server.log.segment.size.max = 67108864 (custom)
2025-09-07 09:44:45,763 [ff2509eb-55dd-4ad3-b532-83d6209e1a92-impl-thread2] INFO  server.RaftServerConfigKeys (ConfUtils.java:logGet(62)) - raft.server.log.preallocated.size = 4194304 (custom)
2025-09-07 09:44:45,763 [ff2509eb-55dd-4ad3-b532-83d6209e1a92-impl-thread3] INFO  server.RaftServerConfigKeys (ConfUtils.java:logGet(62)) - raft.server.log.segment.size.max = 67108864 (custom)
2025-09-07 09:44:45,763 [ff2509eb-55dd-4ad3-b532-83d6209e1a92-impl-thread1] INFO  util.AwaitToRun (AwaitToRun.java:start(81)) - Thread[#1929,ff2509eb-55dd-4ad3-b532-83d6209e1a92@group-8F87D7C2BFC6-cacheEviction-AwaitToRun,5,main] started
2025-09-07 09:44:45,764 [ff2509eb-55dd-4ad3-b532-83d6209e1a92-impl-thread1] INFO  segmented.SegmentedRaftLogWorker (SegmentedRaftLogWorker.java:<init>(190)) - new ff2509eb-55dd-4ad3-b532-83d6209e1a92@group-8F87D7C2BFC6-SegmentedRaftLogWorker for RaftStorageImpl:Storage Directory /home/runner/work/ozone/ozone/hadoop-ozone/integration-test/target/test-dir/MiniOzoneClusterImpl-023d5a78-e64c-43f3-a4d9-6f7884931d6c/ozone-metadata/datanode-1/ratis/84ca9d0f-7cf9-4c2b-a636-8f87d7c2bfc6
2025-09-07 09:44:45,764 [ff2509eb-55dd-4ad3-b532-83d6209e1a92-impl-thread1] INFO  server.RaftServerConfigKeys (ConfUtils.java:logGet(62)) - raft.server.log.queue.byte-limit = 4294967296 (custom)
2025-09-07 09:44:45,764 [ff2509eb-55dd-4ad3-b532-83d6209e1a92-impl-thread1] INFO  server.RaftServerConfigKeys (ConfUtils.java:logGet(62)) - raft.server.log.segment.size.max = 67108864 (custom)
2025-09-07 09:44:45,764 [ff2509eb-55dd-4ad3-b532-83d6209e1a92-impl-thread1] INFO  server.RaftServerConfigKeys (ConfUtils.java:logGet(62)) - raft.server.log.preallocated.size = 4194304 (custom)
2025-09-07 09:44:45,765 [ff2509eb-55dd-4ad3-b532-83d6209e1a92-impl-thread1] INFO  server.RaftServerConfigKeys (ConfUtils.java:logGet(62)) - raft.server.log.write.buffer.size = 33554440 (custom)
2025-09-07 09:44:45,765 [ff2509eb-55dd-4ad3-b532-83d6209e1a92-impl-thread2] INFO  server.RaftServerConfigKeys (ConfUtils.java:logGet(62)) - raft.server.log.write.buffer.size = 33554440 (custom)
2025-09-07 09:44:45,766 [ff2509eb-55dd-4ad3-b532-83d6209e1a92-impl-thread3] INFO  server.RaftServerConfigKeys (ConfUtils.java:logGet(62)) - raft.server.log.appender.buffer.byte-limit = 33554432 (custom)
2025-09-07 09:44:45,766 [ff2509eb-55dd-4ad3-b532-83d6209e1a92-impl-thread3] INFO  util.AwaitToRun (AwaitToRun.java:start(81)) - Thread[#1930,ff2509eb-55dd-4ad3-b532-83d6209e1a92@group-DDE89B3F2AFE-cacheEviction-AwaitToRun,5,main] started
2025-09-07 09:44:45,767 [ff2509eb-55dd-4ad3-b532-83d6209e1a92-impl-thread3] INFO  segmented.SegmentedRaftLogWorker (SegmentedRaftLogWorker.java:<init>(190)) - new ff2509eb-55dd-4ad3-b532-83d6209e1a92@group-DDE89B3F2AFE-SegmentedRaftLogWorker for RaftStorageImpl:Storage Directory /home/runner/work/ozone/ozone/hadoop-ozone/integration-test/target/test-dir/MiniOzoneClusterImpl-023d5a78-e64c-43f3-a4d9-6f7884931d6c/ozone-metadata/datanode-1/ratis/3adef986-442f-409a-a79f-dde89b3f2afe
2025-09-07 09:44:45,767 [ff2509eb-55dd-4ad3-b532-83d6209e1a92-impl-thread3] INFO  server.RaftServerConfigKeys (ConfUtils.java:logGet(62)) - raft.server.log.queue.byte-limit = 4294967296 (custom)
2025-09-07 09:44:45,767 [ff2509eb-55dd-4ad3-b532-83d6209e1a92-impl-thread3] INFO  server.RaftServerConfigKeys (ConfUtils.java:logGet(62)) - raft.server.log.segment.size.max = 67108864 (custom)
2025-09-07 09:44:45,767 [ff2509eb-55dd-4ad3-b532-83d6209e1a92-impl-thread3] INFO  server.RaftServerConfigKeys (ConfUtils.java:logGet(62)) - raft.server.log.preallocated.size = 4194304 (custom)
2025-09-07 09:44:45,768 [ff2509eb-55dd-4ad3-b532-83d6209e1a92-impl-thread3] INFO  server.RaftServerConfigKeys (ConfUtils.java:logGet(62)) - raft.server.log.write.buffer.size = 33554440 (custom)
2025-09-07 09:44:45,770 [ff2509eb-55dd-4ad3-b532-83d6209e1a92-impl-thread1] INFO  server.RaftServerConfigKeys (ConfUtils.java:logGet(62)) - raft.server.log.appender.buffer.byte-limit = 33554432 (custom)
2025-09-07 09:44:45,771 [ff2509eb-55dd-4ad3-b532-83d6209e1a92-impl-thread1] INFO  server.RaftServer$Division (ServerState.java:setRaftConf(386)) - ff2509eb-55dd-4ad3-b532-83d6209e1a92@group-8F87D7C2BFC6: set configuration conf: {index: 0, cur=peers:[ff2509eb-55dd-4ad3-b532-83d6209e1a92|127.0.0.1:15015]|listeners:[], old=null}
2025-09-07 09:44:45,771 [ff2509eb-55dd-4ad3-b532-83d6209e1a92-impl-thread2] INFO  server.RaftServerConfigKeys (ConfUtils.java:logGet(62)) - raft.server.log.appender.buffer.byte-limit = 33554432 (custom)
2025-09-07 09:44:45,771 [ff2509eb-55dd-4ad3-b532-83d6209e1a92-impl-thread1] INFO  segmented.LogSegment (LogSegment.java:loadSegment(171)) - Successfully read 1 entries from segment file /home/runner/work/ozone/ozone/hadoop-ozone/integration-test/target/test-dir/MiniOzoneClusterImpl-023d5a78-e64c-43f3-a4d9-6f7884931d6c/ozone-metadata/datanode-1/ratis/84ca9d0f-7cf9-4c2b-a636-8f87d7c2bfc6/current/log_inprogress_0
2025-09-07 09:44:45,772 [ff2509eb-55dd-4ad3-b532-83d6209e1a92-impl-thread1] INFO  segmented.SegmentedRaftLogWorker (SegmentedRaftLogWorker.java:lambda$new$0(141)) - ff2509eb-55dd-4ad3-b532-83d6209e1a92@group-8F87D7C2BFC6-SegmentedRaftLogWorker: safeCacheEvictIndex: setUnconditionally 0 -> -1
2025-09-07 09:44:45,772 [ff2509eb-55dd-4ad3-b532-83d6209e1a92-impl-thread1] INFO  segmented.BufferedWriteChannel (BufferedWriteChannel.java:open(61)) - open log_inprogress_0 (append) at position 129
2025-09-07 09:44:45,772 [ff2509eb-55dd-4ad3-b532-83d6209e1a92-impl-thread2] INFO  server.RaftServer$Division (ServerState.java:setRaftConf(386)) - ff2509eb-55dd-4ad3-b532-83d6209e1a92@group-77DC33C8A8CA: set configuration conf: {index: 0, cur=peers:[95d41743-cdf0-4105-938b-93fe980aeffc|127.0.0.1:15031, 8500c972-c6d1-4433-9d49-a8e3bb920002|127.0.0.1:15023, ff2509eb-55dd-4ad3-b532-83d6209e1a92|127.0.0.1:15015]|listeners:[], old=null}
2025-09-07 09:44:45,772 [ff2509eb-55dd-4ad3-b532-83d6209e1a92-impl-thread2] INFO  segmented.LogSegment (LogSegment.java:loadSegment(171)) - Successfully read 1 entries from segment file /home/runner/work/ozone/ozone/hadoop-ozone/integration-test/target/test-dir/MiniOzoneClusterImpl-023d5a78-e64c-43f3-a4d9-6f7884931d6c/ozone-metadata/datanode-1/ratis/766115e5-0d59-4db5-b7b5-77dc33c8a8ca/current/log_inprogress_0
2025-09-07 09:44:45,772 [ff2509eb-55dd-4ad3-b532-83d6209e1a92-impl-thread1] INFO  server.RaftServer$Division (RaftServerImpl.java:start(405)) - ff2509eb-55dd-4ad3-b532-83d6209e1a92@group-8F87D7C2BFC6: start as a follower, conf=conf: {index: 0, cur=peers:[ff2509eb-55dd-4ad3-b532-83d6209e1a92|127.0.0.1:15015]|listeners:[], old=null}
2025-09-07 09:44:45,772 [ff2509eb-55dd-4ad3-b532-83d6209e1a92-impl-thread2] INFO  segmented.SegmentedRaftLogWorker (SegmentedRaftLogWorker.java:lambda$new$0(141)) - ff2509eb-55dd-4ad3-b532-83d6209e1a92@group-77DC33C8A8CA-SegmentedRaftLogWorker: safeCacheEvictIndex: setUnconditionally 0 -> -1
2025-09-07 09:44:45,772 [ff2509eb-55dd-4ad3-b532-83d6209e1a92-impl-thread2] INFO  segmented.BufferedWriteChannel (BufferedWriteChannel.java:open(61)) - open log_inprogress_0 (append) at position 351
2025-09-07 09:44:45,772 [ff2509eb-55dd-4ad3-b532-83d6209e1a92-impl-thread1] INFO  server.RaftServer$Division (RaftServerImpl.java:setRole(392)) - ff2509eb-55dd-4ad3-b532-83d6209e1a92@group-8F87D7C2BFC6: changes role from      null to FOLLOWER at term 1 for startAsFollower
2025-09-07 09:44:45,773 [ff2509eb-55dd-4ad3-b532-83d6209e1a92-impl-thread1] INFO  impl.RoleInfo (RoleInfo.java:updateAndGet(148)) - ff2509eb-55dd-4ad3-b532-83d6209e1a92: start ff2509eb-55dd-4ad3-b532-83d6209e1a92@group-8F87D7C2BFC6-FollowerState
2025-09-07 09:44:45,773 [ff2509eb-55dd-4ad3-b532-83d6209e1a92-impl-thread2] INFO  server.RaftServer$Division (RaftServerImpl.java:start(405)) - ff2509eb-55dd-4ad3-b532-83d6209e1a92@group-77DC33C8A8CA: start as a follower, conf=conf: {index: 0, cur=peers:[95d41743-cdf0-4105-938b-93fe980aeffc|127.0.0.1:15031, 8500c972-c6d1-4433-9d49-a8e3bb920002|127.0.0.1:15023, ff2509eb-55dd-4ad3-b532-83d6209e1a92|127.0.0.1:15015]|listeners:[], old=null}
2025-09-07 09:44:45,773 [ff2509eb-55dd-4ad3-b532-83d6209e1a92-impl-thread2] INFO  server.RaftServer$Division (RaftServerImpl.java:setRole(392)) - ff2509eb-55dd-4ad3-b532-83d6209e1a92@group-77DC33C8A8CA: changes role from      null to FOLLOWER at term 1 for startAsFollower
2025-09-07 09:44:45,773 [ff2509eb-55dd-4ad3-b532-83d6209e1a92-impl-thread2] INFO  impl.RoleInfo (RoleInfo.java:updateAndGet(148)) - ff2509eb-55dd-4ad3-b532-83d6209e1a92: start ff2509eb-55dd-4ad3-b532-83d6209e1a92@group-77DC33C8A8CA-FollowerState
2025-09-07 09:44:45,773 [ff2509eb-55dd-4ad3-b532-83d6209e1a92-impl-thread1] INFO  util.JmxRegister (JmxRegister.java:tryRegister(44)) - Successfully registered JMX Bean with object name Ratis:service=RaftServer,group=group-8F87D7C2BFC6,id=ff2509eb-55dd-4ad3-b532-83d6209e1a92
2025-09-07 09:44:45,773 [ff2509eb-55dd-4ad3-b532-83d6209e1a92-impl-thread1] INFO  util.JmxRegister (JmxRegister.java:register(58)) - register mxBean class org.apache.ratis.server.impl.RaftServerJmxAdapter as Ratis:service=RaftServer,group=group-8F87D7C2BFC6,id=ff2509eb-55dd-4ad3-b532-83d6209e1a92
2025-09-07 09:44:45,774 [ff2509eb-55dd-4ad3-b532-83d6209e1a92-impl-thread2] INFO  util.JmxRegister (JmxRegister.java:tryRegister(44)) - Successfully registered JMX Bean with object name Ratis:service=RaftServer,group=group-77DC33C8A8CA,id=ff2509eb-55dd-4ad3-b532-83d6209e1a92
2025-09-07 09:44:45,774 [ff2509eb-55dd-4ad3-b532-83d6209e1a92-impl-thread2] INFO  util.JmxRegister (JmxRegister.java:register(58)) - register mxBean class org.apache.ratis.server.impl.RaftServerJmxAdapter as Ratis:service=RaftServer,group=group-77DC33C8A8CA,id=ff2509eb-55dd-4ad3-b532-83d6209e1a92
2025-09-07 09:44:45,776 [ff2509eb-55dd-4ad3-b532-83d6209e1a92-impl-thread2] INFO  server.RaftServer$Division (RaftServerImpl.java:start(419)) - ff2509eb-55dd-4ad3-b532-83d6209e1a92@group-77DC33C8A8CA: Successfully started.
2025-09-07 09:44:45,776 [ff2509eb-55dd-4ad3-b532-83d6209e1a92-impl-thread1] INFO  server.RaftServer$Division (RaftServerImpl.java:start(419)) - ff2509eb-55dd-4ad3-b532-83d6209e1a92@group-8F87D7C2BFC6: Successfully started.
2025-09-07 09:44:45,776 [ff2509eb-55dd-4ad3-b532-83d6209e1a92-impl-thread3] INFO  server.RaftServerConfigKeys (ConfUtils.java:logGet(62)) - raft.server.log.appender.buffer.byte-limit = 33554432 (custom)
2025-09-07 09:44:45,777 [ff2509eb-55dd-4ad3-b532-83d6209e1a92-impl-thread3] INFO  server.RaftServer$Division (ServerState.java:setRaftConf(386)) - ff2509eb-55dd-4ad3-b532-83d6209e1a92@group-DDE89B3F2AFE: set configuration conf: {index: 0, cur=peers:[95d41743-cdf0-4105-938b-93fe980aeffc|127.0.0.1:15031, 8500c972-c6d1-4433-9d49-a8e3bb920002|127.0.0.1:15023, ff2509eb-55dd-4ad3-b532-83d6209e1a92|127.0.0.1:15015]|listeners:[], old=null}
2025-09-07 09:44:45,777 [ff2509eb-55dd-4ad3-b532-83d6209e1a92-impl-thread3] INFO  segmented.LogSegment (LogSegment.java:loadSegment(171)) - Successfully read 4 entries from segment file /home/runner/work/ozone/ozone/hadoop-ozone/integration-test/target/test-dir/MiniOzoneClusterImpl-023d5a78-e64c-43f3-a4d9-6f7884931d6c/ozone-metadata/datanode-1/ratis/3adef986-442f-409a-a79f-dde89b3f2afe/current/log_inprogress_0
2025-09-07 09:44:45,777 [ff2509eb-55dd-4ad3-b532-83d6209e1a92-impl-thread3] INFO  segmented.SegmentedRaftLogWorker (SegmentedRaftLogWorker.java:lambda$new$0(141)) - ff2509eb-55dd-4ad3-b532-83d6209e1a92@group-DDE89B3F2AFE-SegmentedRaftLogWorker: flushIndex: setUnconditionally 0 -> 3
2025-09-07 09:44:45,778 [ff2509eb-55dd-4ad3-b532-83d6209e1a92-impl-thread3] INFO  segmented.SegmentedRaftLogWorker (SegmentedRaftLogWorker.java:lambda$new$0(141)) - ff2509eb-55dd-4ad3-b532-83d6209e1a92@group-DDE89B3F2AFE-SegmentedRaftLogWorker: safeCacheEvictIndex: setUnconditionally 0 -> -1
2025-09-07 09:44:45,778 [ff2509eb-55dd-4ad3-b532-83d6209e1a92-impl-thread3] INFO  segmented.BufferedWriteChannel (BufferedWriteChannel.java:open(61)) - open log_inprogress_0 (append) at position 1531
2025-09-07 09:44:45,778 [ff2509eb-55dd-4ad3-b532-83d6209e1a92-impl-thread3] INFO  server.RaftServer$Division (RaftServerImpl.java:start(405)) - ff2509eb-55dd-4ad3-b532-83d6209e1a92@group-DDE89B3F2AFE: start as a follower, conf=conf: {index: 0, cur=peers:[95d41743-cdf0-4105-938b-93fe980aeffc|127.0.0.1:15031, 8500c972-c6d1-4433-9d49-a8e3bb920002|127.0.0.1:15023, ff2509eb-55dd-4ad3-b532-83d6209e1a92|127.0.0.1:15015]|listeners:[], old=null}
2025-09-07 09:44:45,778 [ff2509eb-55dd-4ad3-b532-83d6209e1a92-impl-thread3] INFO  server.RaftServer$Division (RaftServerImpl.java:setRole(392)) - ff2509eb-55dd-4ad3-b532-83d6209e1a92@group-DDE89B3F2AFE: changes role from      null to FOLLOWER at term 1 for startAsFollower
2025-09-07 09:44:45,778 [ff2509eb-55dd-4ad3-b532-83d6209e1a92-impl-thread3] INFO  impl.RoleInfo (RoleInfo.java:updateAndGet(148)) - ff2509eb-55dd-4ad3-b532-83d6209e1a92: start ff2509eb-55dd-4ad3-b532-83d6209e1a92@group-DDE89B3F2AFE-FollowerState
2025-09-07 09:44:45,778 [ff2509eb-55dd-4ad3-b532-83d6209e1a92-impl-thread3] INFO  util.JmxRegister (JmxRegister.java:tryRegister(44)) - Successfully registered JMX Bean with object name Ratis:service=RaftServer,group=group-DDE89B3F2AFE,id=ff2509eb-55dd-4ad3-b532-83d6209e1a92
2025-09-07 09:44:45,779 [ff2509eb-55dd-4ad3-b532-83d6209e1a92-impl-thread3] INFO  util.JmxRegister (JmxRegister.java:register(58)) - register mxBean class org.apache.ratis.server.impl.RaftServerJmxAdapter as Ratis:service=RaftServer,group=group-DDE89B3F2AFE,id=ff2509eb-55dd-4ad3-b532-83d6209e1a92
2025-09-07 09:44:45,779 [ff2509eb-55dd-4ad3-b532-83d6209e1a92-impl-thread3] INFO  server.RaftServer$Division (RaftServerImpl.java:start(419)) - ff2509eb-55dd-4ad3-b532-83d6209e1a92@group-DDE89B3F2AFE: Successfully started.
2025-09-07 09:44:45,779 [ff2509eb-55dd-4ad3-b532-83d6209e1a92-EndpointStateMachineTaskThread-/0.0.0.0:15002-0 ] INFO  server.RaftServer (RaftServerProxy.java:startImpl(412)) - ff2509eb-55dd-4ad3-b532-83d6209e1a92: start RPC server
2025-09-07 09:44:45,780 [ff2509eb-55dd-4ad3-b532-83d6209e1a92-EndpointStateMachineTaskThread-/0.0.0.0:15002-0 ] INFO  server.GrpcServicesImpl (GrpcServicesImpl.java:startImpl(346)) - ff2509eb-55dd-4ad3-b532-83d6209e1a92: GrpcServicesImpl started, listening on 15013
2025-09-07 09:44:45,780 [ff2509eb-55dd-4ad3-b532-83d6209e1a92-EndpointStateMachineTaskThread-/0.0.0.0:15002-0 ] INFO  server.GrpcServicesImpl (GrpcServicesImpl.java:startImpl(346)) - ff2509eb-55dd-4ad3-b532-83d6209e1a92: GrpcServicesImpl started, listening on 15015
2025-09-07 09:44:45,780 [ff2509eb-55dd-4ad3-b532-83d6209e1a92-EndpointStateMachineTaskThread-/0.0.0.0:15002-0 ] INFO  server.GrpcServicesImpl (GrpcServicesImpl.java:startImpl(346)) - ff2509eb-55dd-4ad3-b532-83d6209e1a92: GrpcServicesImpl started, listening on 15014
2025-09-07 09:44:45,781 [ff2509eb-55dd-4ad3-b532-83d6209e1a92-EndpointStateMachineTaskThread-/0.0.0.0:15002-0 ] INFO  ratis.XceiverServerRatis (XceiverServerRatis.java:getRealPort(589)) - XceiverServerRatis(ff2509eb-55dd-4ad3-b532-83d6209e1a92) is started using port RATIS=15013
2025-09-07 09:44:45,781 [ff2509eb-55dd-4ad3-b532-83d6209e1a92-EndpointStateMachineTaskThread-/0.0.0.0:15002-0 ] INFO  ratis.XceiverServerRatis (XceiverServerRatis.java:getRealPort(589)) - XceiverServerRatis(ff2509eb-55dd-4ad3-b532-83d6209e1a92) is started using port RATIS_ADMIN=15014
2025-09-07 09:44:45,781 [ff2509eb-55dd-4ad3-b532-83d6209e1a92-EndpointStateMachineTaskThread-/0.0.0.0:15002-0 ] INFO  ratis.XceiverServerRatis (XceiverServerRatis.java:getRealPort(589)) - XceiverServerRatis(ff2509eb-55dd-4ad3-b532-83d6209e1a92) is started using port RATIS_SERVER=15015
2025-09-07 09:44:45,781 [ff2509eb-55dd-4ad3-b532-83d6209e1a92-EndpointStateMachineTaskThread-/0.0.0.0:15002-0 ] INFO  ratis.XceiverServerRatis (XceiverServerRatis.java:getRealPort(589)) - XceiverServerRatis(ff2509eb-55dd-4ad3-b532-83d6209e1a92) is started using port RATIS_DATASTREAM=15016
2025-09-07 09:44:45,781 [JvmPauseMonitor13] INFO  util.JvmPauseMonitor (JvmPauseMonitor.java:run(146)) - JvmPauseMonitor-ff2509eb-55dd-4ad3-b532-83d6209e1a92: Started
2025-09-07 09:44:45,782 [ff2509eb-55dd-4ad3-b532-83d6209e1a92-EndpointStateMachineTaskThread-/0.0.0.0:15002-0 ] INFO  utils.BackgroundService (BackgroundService.java:start(119)) - Starting service BlockDeletingService with interval 60000 milliseconds
2025-09-07 09:44:45,782 [ff2509eb-55dd-4ad3-b532-83d6209e1a92-EndpointStateMachineTaskThread-/0.0.0.0:15002-0 ] INFO  utils.BackgroundService (BackgroundService.java:start(119)) - Starting service StaleRecoveringContainerScrubbingService with interval 60000 milliseconds
2025-09-07 09:44:46,020 [8500c972-c6d1-4433-9d49-a8e3bb920002-ContainerReader-0] INFO  ozoneimpl.ContainerReader (ContainerReader.java:readVolume(147)) - Start to verify containers on volume /home/runner/work/ozone/ozone/hadoop-ozone/integration-test/target/test-dir/MiniOzoneClusterImpl-023d5a78-e64c-43f3-a4d9-6f7884931d6c/ozone-metadata/datanode-2/data-0/hdds
2025-09-07 09:44:46,023 [8500c972-c6d1-4433-9d49-a8e3bb920002-ContainerReader-0] WARN  helpers.KeyValueContainerUtil (KeyValueContainerUtil.java:populateContainerMetadata(330)) - Missing pendingDeleteBlockCount from metadata: recalculate them from block table
2025-09-07 09:44:46,025 [8500c972-c6d1-4433-9d49-a8e3bb920002-ContainerReader-0] INFO  ozoneimpl.ContainerReader (ContainerReader.java:readVolume(177)) - Finish verifying containers on volume /home/runner/work/ozone/ozone/hadoop-ozone/integration-test/target/test-dir/MiniOzoneClusterImpl-023d5a78-e64c-43f3-a4d9-6f7884931d6c/ozone-metadata/datanode-2/data-0/hdds
2025-09-07 09:44:46,025 [8500c972-c6d1-4433-9d49-a8e3bb920002-EndpointStateMachineTaskThread-/0.0.0.0:15002-0 ] INFO  ozoneimpl.OzoneContainer (OzoneContainer.java:buildContainerSet(370)) - Build ContainerSet costs 0s
2025-09-07 09:44:46,025 [8500c972-c6d1-4433-9d49-a8e3bb920002-EndpointStateMachineTaskThread-/0.0.0.0:15002-0 ] INFO  volume.ThrottledAsyncChecker (ThrottledAsyncChecker.java:schedule(138)) - Scheduling a check for /home/runner/work/ozone/ozone/hadoop-ozone/integration-test/target/test-dir/MiniOzoneClusterImpl-023d5a78-e64c-43f3-a4d9-6f7884931d6c/ozone-metadata/datanode-2/data-0/hdds
2025-09-07 09:44:46,026 [8500c972-c6d1-4433-9d49-a8e3bb920002-EndpointStateMachineTaskThread-/0.0.0.0:15002-0 ] INFO  volume.StorageVolumeChecker (StorageVolumeChecker.java:checkAllVolumes(231)) - Scheduled health check for volume /home/runner/work/ozone/ozone/hadoop-ozone/integration-test/target/test-dir/MiniOzoneClusterImpl-023d5a78-e64c-43f3-a4d9-6f7884931d6c/ozone-metadata/datanode-2/data-0/hdds
2025-09-07 09:44:46,029 [8500c972-c6d1-4433-9d49-a8e3bb920002-EndpointStateMachineTaskThread-/0.0.0.0:15002-0 ] INFO  volume.ThrottledAsyncChecker (ThrottledAsyncChecker.java:schedule(138)) - Scheduling a check for /home/runner/work/ozone/ozone/hadoop-ozone/integration-test/target/test-dir/MiniOzoneClusterImpl-023d5a78-e64c-43f3-a4d9-6f7884931d6c/ozone-metadata/datanode-2/ratis
2025-09-07 09:44:46,029 [8500c972-c6d1-4433-9d49-a8e3bb920002-EndpointStateMachineTaskThread-/0.0.0.0:15002-0 ] INFO  volume.StorageVolumeChecker (StorageVolumeChecker.java:checkAllVolumes(231)) - Scheduled health check for volume /home/runner/work/ozone/ozone/hadoop-ozone/integration-test/target/test-dir/MiniOzoneClusterImpl-023d5a78-e64c-43f3-a4d9-6f7884931d6c/ozone-metadata/datanode-2/ratis
2025-09-07 09:44:46,030 [8500c972-c6d1-4433-9d49-a8e3bb920002-EndpointStateMachineTaskThread-/0.0.0.0:15002-0 ] INFO  ozoneimpl.OzoneContainer (OzoneContainer.java:start(525)) - Attempting to start container services.
2025-09-07 09:44:46,032 [ContainerDataScanner(/home/runner/work/ozone/ozone/hadoop-ozone/integration-test/target/test-dir/MiniOzoneClusterImpl-023d5a78-e64c-43f3-a4d9-6f7884931d6c/ozone-metadata/datanode-2/data-0/hdds)] INFO  ozoneimpl.AbstractBackgroundContainerScanner (AbstractBackgroundContainerScanner.java:runIteration(89)) - Completed an iteration in 0 minutes. Number of iterations (since the data-node restart) : 1, Number of containers scanned in this iteration : 0, Number of unhealthy containers found in this iteration : 0
2025-09-07 09:44:46,032 [8500c972-c6d1-4433-9d49-a8e3bb920002-EndpointStateMachineTaskThread-/0.0.0.0:15002-0 ] INFO  replication.ReplicationServer (ReplicationServer.java:start(137)) - ReplicationServer is started using port 15025
2025-09-07 09:44:46,032 [8500c972-c6d1-4433-9d49-a8e3bb920002-EndpointStateMachineTaskThread-/0.0.0.0:15002-0 ] INFO  ratis.XceiverServerRatis (XceiverServerRatis.java:start(562)) - Starting XceiverServerRatis(8500c972-c6d1-4433-9d49-a8e3bb920002)
2025-09-07 09:44:46,033 [8500c972-c6d1-4433-9d49-a8e3bb920002-impl-thread1] INFO  server.RaftServerConfigKeys (ConfUtils.java:logGet(62)) - raft.server.storage.dir = [/home/runner/work/ozone/ozone/hadoop-ozone/integration-test/target/test-dir/MiniOzoneClusterImpl-023d5a78-e64c-43f3-a4d9-6f7884931d6c/ozone-metadata/datanode-2/ratis] (custom)
2025-09-07 09:44:46,034 [ContainerMetadataScanner] INFO  ozoneimpl.AbstractBackgroundContainerScanner (AbstractBackgroundContainerScanner.java:runIteration(89)) - Completed an iteration in 0 minutes. Number of iterations (since the data-node restart) : 1, Number of containers scanned in this iteration : 1, Number of unhealthy containers found in this iteration : 0
2025-09-07 09:44:46,035 [8500c972-c6d1-4433-9d49-a8e3bb920002-impl-thread2] INFO  storage.RaftStorageDirectory (RaftStorageDirectoryImpl.java:tryLock(229)) - Lock on /home/runner/work/ozone/ozone/hadoop-ozone/integration-test/target/test-dir/MiniOzoneClusterImpl-023d5a78-e64c-43f3-a4d9-6f7884931d6c/ozone-metadata/datanode-2/ratis/964e2755-6250-4d78-b504-7b86a1802608/in_use.lock acquired by nodename 23079@localhost
2025-09-07 09:44:46,035 [8500c972-c6d1-4433-9d49-a8e3bb920002-impl-thread1] INFO  storage.RaftStorageDirectory (RaftStorageDirectoryImpl.java:tryLock(229)) - Lock on /home/runner/work/ozone/ozone/hadoop-ozone/integration-test/target/test-dir/MiniOzoneClusterImpl-023d5a78-e64c-43f3-a4d9-6f7884931d6c/ozone-metadata/datanode-2/ratis/766115e5-0d59-4db5-b7b5-77dc33c8a8ca/in_use.lock acquired by nodename 23079@localhost
2025-09-07 09:44:46,035 [8500c972-c6d1-4433-9d49-a8e3bb920002-impl-thread2] INFO  storage.RaftStorage (RaftStorageImpl.java:analyzeAndRecoverStorage(118)) - Read RaftStorageMetadata{term=1, votedFor=8500c972-c6d1-4433-9d49-a8e3bb920002} from /home/runner/work/ozone/ozone/hadoop-ozone/integration-test/target/test-dir/MiniOzoneClusterImpl-023d5a78-e64c-43f3-a4d9-6f7884931d6c/ozone-metadata/datanode-2/ratis/964e2755-6250-4d78-b504-7b86a1802608/current/raft-meta
2025-09-07 09:44:46,036 [8500c972-c6d1-4433-9d49-a8e3bb920002-impl-thread1] INFO  storage.RaftStorage (RaftStorageImpl.java:analyzeAndRecoverStorage(118)) - Read RaftStorageMetadata{term=2, votedFor=95d41743-cdf0-4105-938b-93fe980aeffc} from /home/runner/work/ozone/ozone/hadoop-ozone/integration-test/target/test-dir/MiniOzoneClusterImpl-023d5a78-e64c-43f3-a4d9-6f7884931d6c/ozone-metadata/datanode-2/ratis/766115e5-0d59-4db5-b7b5-77dc33c8a8ca/current/raft-meta
2025-09-07 09:44:46,036 [8500c972-c6d1-4433-9d49-a8e3bb920002-impl-thread2] INFO  server.RaftServer$Division (ServerState.java:setRaftConf(386)) - 8500c972-c6d1-4433-9d49-a8e3bb920002@group-7B86A1802608: set configuration conf: {index: 0, cur=peers:[8500c972-c6d1-4433-9d49-a8e3bb920002|127.0.0.1:15023]|listeners:[], old=null}
2025-09-07 09:44:46,035 [8500c972-c6d1-4433-9d49-a8e3bb920002-impl-thread3] INFO  storage.RaftStorageDirectory (RaftStorageDirectoryImpl.java:tryLock(229)) - Lock on /home/runner/work/ozone/ozone/hadoop-ozone/integration-test/target/test-dir/MiniOzoneClusterImpl-023d5a78-e64c-43f3-a4d9-6f7884931d6c/ozone-metadata/datanode-2/ratis/3adef986-442f-409a-a79f-dde89b3f2afe/in_use.lock acquired by nodename 23079@localhost
2025-09-07 09:44:46,036 [8500c972-c6d1-4433-9d49-a8e3bb920002-impl-thread2] INFO  ratis.ContainerStateMachine (ContainerStateMachine.java:initialize(339)) - 8500c972-c6d1-4433-9d49-a8e3bb920002: initialize group-7B86A1802608
2025-09-07 09:44:46,036 [8500c972-c6d1-4433-9d49-a8e3bb920002-impl-thread2] INFO  ratis.ContainerStateMachine (ContainerStateMachine.java:loadSnapshot(356)) - group-7B86A1802608: Setting the last applied index to (t:1, i:0)
2025-09-07 09:44:46,036 [8500c972-c6d1-4433-9d49-a8e3bb920002-impl-thread1] INFO  server.RaftServer$Division (ServerState.java:setRaftConf(386)) - 8500c972-c6d1-4433-9d49-a8e3bb920002@group-77DC33C8A8CA: set configuration conf: {index: 1, cur=peers:[95d41743-cdf0-4105-938b-93fe980aeffc|127.0.0.1:15031, 8500c972-c6d1-4433-9d49-a8e3bb920002|127.0.0.1:15023, ff2509eb-55dd-4ad3-b532-83d6209e1a92|127.0.0.1:15015]|listeners:[], old=null}
2025-09-07 09:44:46,036 [8500c972-c6d1-4433-9d49-a8e3bb920002-impl-thread3] INFO  storage.RaftStorage (RaftStorageImpl.java:analyzeAndRecoverStorage(118)) - Read RaftStorageMetadata{term=1, votedFor=95d41743-cdf0-4105-938b-93fe980aeffc} from /home/runner/work/ozone/ozone/hadoop-ozone/integration-test/target/test-dir/MiniOzoneClusterImpl-023d5a78-e64c-43f3-a4d9-6f7884931d6c/ozone-metadata/datanode-2/ratis/3adef986-442f-409a-a79f-dde89b3f2afe/current/raft-meta
2025-09-07 09:44:46,036 [8500c972-c6d1-4433-9d49-a8e3bb920002-impl-thread2] INFO  server.RaftServerConfigKeys (ConfUtils.java:logGet(62)) - raft.server.log.appender.buffer.byte-limit = 33554432 (custom)
2025-09-07 09:44:46,036 [8500c972-c6d1-4433-9d49-a8e3bb920002-impl-thread3] INFO  server.RaftServer$Division (ServerState.java:setRaftConf(386)) - 8500c972-c6d1-4433-9d49-a8e3bb920002@group-DDE89B3F2AFE: set configuration conf: {index: 0, cur=peers:[95d41743-cdf0-4105-938b-93fe980aeffc|127.0.0.1:15031, 8500c972-c6d1-4433-9d49-a8e3bb920002|127.0.0.1:15023, ff2509eb-55dd-4ad3-b532-83d6209e1a92|127.0.0.1:15015]|listeners:[], old=null}
2025-09-07 09:44:46,037 [8500c972-c6d1-4433-9d49-a8e3bb920002-impl-thread3] INFO  ratis.ContainerStateMachine (ContainerStateMachine.java:initialize(339)) - 8500c972-c6d1-4433-9d49-a8e3bb920002: initialize group-DDE89B3F2AFE
2025-09-07 09:44:46,037 [8500c972-c6d1-4433-9d49-a8e3bb920002-impl-thread3] INFO  ratis.ContainerStateMachine (ContainerStateMachine.java:loadSnapshot(356)) - group-DDE89B3F2AFE: Setting the last applied index to (t:1, i:3)
2025-09-07 09:44:46,037 [8500c972-c6d1-4433-9d49-a8e3bb920002-impl-thread3] INFO  server.RaftServerConfigKeys (ConfUtils.java:logGet(62)) - raft.server.log.appender.buffer.byte-limit = 33554432 (custom)
2025-09-07 09:44:46,037 [8500c972-c6d1-4433-9d49-a8e3bb920002-impl-thread1] INFO  ratis.ContainerStateMachine (ContainerStateMachine.java:initialize(339)) - 8500c972-c6d1-4433-9d49-a8e3bb920002: initialize group-77DC33C8A8CA
2025-09-07 09:44:46,037 [8500c972-c6d1-4433-9d49-a8e3bb920002-impl-thread1] INFO  ratis.ContainerStateMachine (ContainerStateMachine.java:loadSnapshot(356)) - group-77DC33C8A8CA: Setting the last applied index to (t:2, i:2)
2025-09-07 09:44:46,037 [8500c972-c6d1-4433-9d49-a8e3bb920002-impl-thread1] INFO  server.RaftServerConfigKeys (ConfUtils.java:logGet(62)) - raft.server.log.appender.buffer.byte-limit = 33554432 (custom)
2025-09-07 09:44:46,043 [8500c972-c6d1-4433-9d49-a8e3bb920002-impl-thread2] INFO  server.RaftServerConfigKeys (ConfUtils.java:logGet(62)) - raft.server.log.segment.size.max = 67108864 (custom)
2025-09-07 09:44:46,045 [8500c972-c6d1-4433-9d49-a8e3bb920002-impl-thread2] INFO  server.RaftServerConfigKeys (ConfUtils.java:logGet(62)) - raft.server.log.appender.buffer.byte-limit = 33554432 (custom)
2025-09-07 09:44:46,046 [8500c972-c6d1-4433-9d49-a8e3bb920002-impl-thread2] INFO  util.AwaitToRun (AwaitToRun.java:start(81)) - Thread[#1960,8500c972-c6d1-4433-9d49-a8e3bb920002@group-7B86A1802608-cacheEviction-AwaitToRun,5,main] started
2025-09-07 09:44:46,046 [8500c972-c6d1-4433-9d49-a8e3bb920002-impl-thread2] INFO  segmented.SegmentedRaftLogWorker (SegmentedRaftLogWorker.java:<init>(190)) - new 8500c972-c6d1-4433-9d49-a8e3bb920002@group-7B86A1802608-SegmentedRaftLogWorker for RaftStorageImpl:Storage Directory /home/runner/work/ozone/ozone/hadoop-ozone/integration-test/target/test-dir/MiniOzoneClusterImpl-023d5a78-e64c-43f3-a4d9-6f7884931d6c/ozone-metadata/datanode-2/ratis/964e2755-6250-4d78-b504-7b86a1802608
2025-09-07 09:44:46,046 [8500c972-c6d1-4433-9d49-a8e3bb920002-impl-thread2] INFO  server.RaftServerConfigKeys (ConfUtils.java:logGet(62)) - raft.server.log.queue.byte-limit = 4294967296 (custom)
2025-09-07 09:44:46,046 [8500c972-c6d1-4433-9d49-a8e3bb920002-impl-thread3] INFO  server.RaftServerConfigKeys (ConfUtils.java:logGet(62)) - raft.server.log.segment.size.max = 67108864 (custom)
2025-09-07 09:44:46,046 [8500c972-c6d1-4433-9d49-a8e3bb920002-impl-thread2] INFO  server.RaftServerConfigKeys (ConfUtils.java:logGet(62)) - raft.server.log.segment.size.max = 67108864 (custom)
2025-09-07 09:44:46,046 [8500c972-c6d1-4433-9d49-a8e3bb920002-impl-thread2] INFO  server.RaftServerConfigKeys (ConfUtils.java:logGet(62)) - raft.server.log.preallocated.size = 4194304 (custom)
2025-09-07 09:44:46,047 [8500c972-c6d1-4433-9d49-a8e3bb920002-impl-thread1] INFO  server.RaftServerConfigKeys (ConfUtils.java:logGet(62)) - raft.server.log.segment.size.max = 67108864 (custom)
2025-09-07 09:44:46,048 [8500c972-c6d1-4433-9d49-a8e3bb920002-impl-thread2] INFO  server.RaftServerConfigKeys (ConfUtils.java:logGet(62)) - raft.server.log.write.buffer.size = 33554440 (custom)
2025-09-07 09:44:46,050 [8500c972-c6d1-4433-9d49-a8e3bb920002-impl-thread3] INFO  server.RaftServerConfigKeys (ConfUtils.java:logGet(62)) - raft.server.log.appender.buffer.byte-limit = 33554432 (custom)
2025-09-07 09:44:46,050 [8500c972-c6d1-4433-9d49-a8e3bb920002-impl-thread1] INFO  server.RaftServerConfigKeys (ConfUtils.java:logGet(62)) - raft.server.log.appender.buffer.byte-limit = 33554432 (custom)
2025-09-07 09:44:46,051 [8500c972-c6d1-4433-9d49-a8e3bb920002-impl-thread3] INFO  util.AwaitToRun (AwaitToRun.java:start(81)) - Thread[#1961,8500c972-c6d1-4433-9d49-a8e3bb920002@group-DDE89B3F2AFE-cacheEviction-AwaitToRun,5,main] started
2025-09-07 09:44:46,051 [8500c972-c6d1-4433-9d49-a8e3bb920002-impl-thread3] INFO  segmented.SegmentedRaftLogWorker (SegmentedRaftLogWorker.java:<init>(190)) - new 8500c972-c6d1-4433-9d49-a8e3bb920002@group-DDE89B3F2AFE-SegmentedRaftLogWorker for RaftStorageImpl:Storage Directory /home/runner/work/ozone/ozone/hadoop-ozone/integration-test/target/test-dir/MiniOzoneClusterImpl-023d5a78-e64c-43f3-a4d9-6f7884931d6c/ozone-metadata/datanode-2/ratis/3adef986-442f-409a-a79f-dde89b3f2afe
2025-09-07 09:44:46,051 [8500c972-c6d1-4433-9d49-a8e3bb920002-impl-thread3] INFO  server.RaftServerConfigKeys (ConfUtils.java:logGet(62)) - raft.server.log.queue.byte-limit = 4294967296 (custom)
2025-09-07 09:44:46,051 [8500c972-c6d1-4433-9d49-a8e3bb920002-impl-thread1] INFO  util.AwaitToRun (AwaitToRun.java:start(81)) - Thread[#1962,8500c972-c6d1-4433-9d49-a8e3bb920002@group-77DC33C8A8CA-cacheEviction-AwaitToRun,5,main] started
2025-09-07 09:44:46,051 [8500c972-c6d1-4433-9d49-a8e3bb920002-impl-thread3] INFO  server.RaftServerConfigKeys (ConfUtils.java:logGet(62)) - raft.server.log.segment.size.max = 67108864 (custom)
2025-09-07 09:44:46,051 [8500c972-c6d1-4433-9d49-a8e3bb920002-impl-thread3] INFO  server.RaftServerConfigKeys (ConfUtils.java:logGet(62)) - raft.server.log.preallocated.size = 4194304 (custom)
2025-09-07 09:44:46,052 [8500c972-c6d1-4433-9d49-a8e3bb920002-impl-thread3] INFO  server.RaftServerConfigKeys (ConfUtils.java:logGet(62)) - raft.server.log.write.buffer.size = 33554440 (custom)
2025-09-07 09:44:46,051 [8500c972-c6d1-4433-9d49-a8e3bb920002-impl-thread1] INFO  segmented.SegmentedRaftLogWorker (SegmentedRaftLogWorker.java:<init>(190)) - new 8500c972-c6d1-4433-9d49-a8e3bb920002@group-77DC33C8A8CA-SegmentedRaftLogWorker for RaftStorageImpl:Storage Directory /home/runner/work/ozone/ozone/hadoop-ozone/integration-test/target/test-dir/MiniOzoneClusterImpl-023d5a78-e64c-43f3-a4d9-6f7884931d6c/ozone-metadata/datanode-2/ratis/766115e5-0d59-4db5-b7b5-77dc33c8a8ca
2025-09-07 09:44:46,052 [8500c972-c6d1-4433-9d49-a8e3bb920002-impl-thread1] INFO  server.RaftServerConfigKeys (ConfUtils.java:logGet(62)) - raft.server.log.queue.byte-limit = 4294967296 (custom)
2025-09-07 09:44:46,052 [8500c972-c6d1-4433-9d49-a8e3bb920002-impl-thread1] INFO  server.RaftServerConfigKeys (ConfUtils.java:logGet(62)) - raft.server.log.segment.size.max = 67108864 (custom)
2025-09-07 09:44:46,052 [8500c972-c6d1-4433-9d49-a8e3bb920002-impl-thread1] INFO  server.RaftServerConfigKeys (ConfUtils.java:logGet(62)) - raft.server.log.preallocated.size = 4194304 (custom)
2025-09-07 09:44:46,053 [8500c972-c6d1-4433-9d49-a8e3bb920002-impl-thread1] INFO  server.RaftServerConfigKeys (ConfUtils.java:logGet(62)) - raft.server.log.write.buffer.size = 33554440 (custom)
2025-09-07 09:44:46,056 [8500c972-c6d1-4433-9d49-a8e3bb920002-impl-thread2] INFO  server.RaftServerConfigKeys (ConfUtils.java:logGet(62)) - raft.server.log.appender.buffer.byte-limit = 33554432 (custom)
2025-09-07 09:44:46,057 [8500c972-c6d1-4433-9d49-a8e3bb920002-impl-thread2] INFO  server.RaftServer$Division (ServerState.java:setRaftConf(386)) - 8500c972-c6d1-4433-9d49-a8e3bb920002@group-7B86A1802608: set configuration conf: {index: 0, cur=peers:[8500c972-c6d1-4433-9d49-a8e3bb920002|127.0.0.1:15023]|listeners:[], old=null}
2025-09-07 09:44:46,057 [8500c972-c6d1-4433-9d49-a8e3bb920002-impl-thread2] INFO  segmented.LogSegment (LogSegment.java:loadSegment(171)) - Successfully read 1 entries from segment file /home/runner/work/ozone/ozone/hadoop-ozone/integration-test/target/test-dir/MiniOzoneClusterImpl-023d5a78-e64c-43f3-a4d9-6f7884931d6c/ozone-metadata/datanode-2/ratis/964e2755-6250-4d78-b504-7b86a1802608/current/log_inprogress_0
2025-09-07 09:44:46,057 [8500c972-c6d1-4433-9d49-a8e3bb920002-impl-thread2] INFO  segmented.SegmentedRaftLogWorker (SegmentedRaftLogWorker.java:lambda$new$0(141)) - 8500c972-c6d1-4433-9d49-a8e3bb920002@group-7B86A1802608-SegmentedRaftLogWorker: safeCacheEvictIndex: setUnconditionally 0 -> -1
2025-09-07 09:44:46,058 [8500c972-c6d1-4433-9d49-a8e3bb920002-impl-thread3] INFO  server.RaftServerConfigKeys (ConfUtils.java:logGet(62)) - raft.server.log.appender.buffer.byte-limit = 33554432 (custom)
2025-09-07 09:44:46,058 [8500c972-c6d1-4433-9d49-a8e3bb920002-impl-thread2] INFO  segmented.BufferedWriteChannel (BufferedWriteChannel.java:open(61)) - open log_inprogress_0 (append) at position 129
2025-09-07 09:44:46,059 [8500c972-c6d1-4433-9d49-a8e3bb920002-impl-thread3] INFO  server.RaftServer$Division (ServerState.java:setRaftConf(386)) - 8500c972-c6d1-4433-9d49-a8e3bb920002@group-DDE89B3F2AFE: set configuration conf: {index: 0, cur=peers:[95d41743-cdf0-4105-938b-93fe980aeffc|127.0.0.1:15031, 8500c972-c6d1-4433-9d49-a8e3bb920002|127.0.0.1:15023, ff2509eb-55dd-4ad3-b532-83d6209e1a92|127.0.0.1:15015]|listeners:[], old=null}
2025-09-07 09:44:46,059 [8500c972-c6d1-4433-9d49-a8e3bb920002-impl-thread3] INFO  segmented.LogSegment (LogSegment.java:loadSegment(171)) - Successfully read 4 entries from segment file /home/runner/work/ozone/ozone/hadoop-ozone/integration-test/target/test-dir/MiniOzoneClusterImpl-023d5a78-e64c-43f3-a4d9-6f7884931d6c/ozone-metadata/datanode-2/ratis/3adef986-442f-409a-a79f-dde89b3f2afe/current/log_inprogress_0
2025-09-07 09:44:46,059 [8500c972-c6d1-4433-9d49-a8e3bb920002-impl-thread3] INFO  segmented.SegmentedRaftLogWorker (SegmentedRaftLogWorker.java:lambda$new$0(141)) - 8500c972-c6d1-4433-9d49-a8e3bb920002@group-DDE89B3F2AFE-SegmentedRaftLogWorker: flushIndex: setUnconditionally 0 -> 3
2025-09-07 09:44:46,059 [8500c972-c6d1-4433-9d49-a8e3bb920002-impl-thread3] INFO  segmented.SegmentedRaftLogWorker (SegmentedRaftLogWorker.java:lambda$new$0(141)) - 8500c972-c6d1-4433-9d49-a8e3bb920002@group-DDE89B3F2AFE-SegmentedRaftLogWorker: safeCacheEvictIndex: setUnconditionally 0 -> -1
2025-09-07 09:44:46,059 [8500c972-c6d1-4433-9d49-a8e3bb920002-impl-thread3] INFO  segmented.BufferedWriteChannel (BufferedWriteChannel.java:open(61)) - open log_inprogress_0 (append) at position 1531
2025-09-07 09:44:46,059 [8500c972-c6d1-4433-9d49-a8e3bb920002-impl-thread1] INFO  server.RaftServerConfigKeys (ConfUtils.java:logGet(62)) - raft.server.log.appender.buffer.byte-limit = 33554432 (custom)
2025-09-07 09:44:46,060 [8500c972-c6d1-4433-9d49-a8e3bb920002-impl-thread2] INFO  server.RaftServer$Division (RaftServerImpl.java:start(405)) - 8500c972-c6d1-4433-9d49-a8e3bb920002@group-7B86A1802608: start as a follower, conf=conf: {index: 0, cur=peers:[8500c972-c6d1-4433-9d49-a8e3bb920002|127.0.0.1:15023]|listeners:[], old=null}
2025-09-07 09:44:46,060 [8500c972-c6d1-4433-9d49-a8e3bb920002-impl-thread2] INFO  server.RaftServer$Division (RaftServerImpl.java:setRole(392)) - 8500c972-c6d1-4433-9d49-a8e3bb920002@group-7B86A1802608: changes role from      null to FOLLOWER at term 1 for startAsFollower
2025-09-07 09:44:46,060 [8500c972-c6d1-4433-9d49-a8e3bb920002-impl-thread2] INFO  impl.RoleInfo (RoleInfo.java:updateAndGet(148)) - 8500c972-c6d1-4433-9d49-a8e3bb920002: start 8500c972-c6d1-4433-9d49-a8e3bb920002@group-7B86A1802608-FollowerState
2025-09-07 09:44:46,060 [8500c972-c6d1-4433-9d49-a8e3bb920002-impl-thread1] INFO  server.RaftServer$Division (ServerState.java:setRaftConf(386)) - 8500c972-c6d1-4433-9d49-a8e3bb920002@group-77DC33C8A8CA: set configuration conf: {index: 0, cur=peers:[95d41743-cdf0-4105-938b-93fe980aeffc|127.0.0.1:15031, 8500c972-c6d1-4433-9d49-a8e3bb920002|127.0.0.1:15023, ff2509eb-55dd-4ad3-b532-83d6209e1a92|127.0.0.1:15015]|listeners:[], old=null}
2025-09-07 09:44:46,060 [8500c972-c6d1-4433-9d49-a8e3bb920002-impl-thread1] INFO  segmented.LogSegment (LogSegment.java:loadSegment(171)) - Successfully read 1 entries from segment file /home/runner/work/ozone/ozone/hadoop-ozone/integration-test/target/test-dir/MiniOzoneClusterImpl-023d5a78-e64c-43f3-a4d9-6f7884931d6c/ozone-metadata/datanode-2/ratis/766115e5-0d59-4db5-b7b5-77dc33c8a8ca/current/log_0-0
2025-09-07 09:44:46,061 [8500c972-c6d1-4433-9d49-a8e3bb920002-impl-thread1] INFO  server.RaftServer$Division (ServerState.java:setRaftConf(386)) - 8500c972-c6d1-4433-9d49-a8e3bb920002@group-77DC33C8A8CA: set configuration conf: {index: 1, cur=peers:[95d41743-cdf0-4105-938b-93fe980aeffc|127.0.0.1:15031, 8500c972-c6d1-4433-9d49-a8e3bb920002|127.0.0.1:15023, ff2509eb-55dd-4ad3-b532-83d6209e1a92|127.0.0.1:15015]|listeners:[], old=null}
2025-09-07 09:44:46,061 [8500c972-c6d1-4433-9d49-a8e3bb920002-impl-thread1] INFO  segmented.LogSegment (LogSegment.java:loadSegment(171)) - Successfully read 2 entries from segment file /home/runner/work/ozone/ozone/hadoop-ozone/integration-test/target/test-dir/MiniOzoneClusterImpl-023d5a78-e64c-43f3-a4d9-6f7884931d6c/ozone-metadata/datanode-2/ratis/766115e5-0d59-4db5-b7b5-77dc33c8a8ca/current/log_inprogress_1
2025-09-07 09:44:46,061 [8500c972-c6d1-4433-9d49-a8e3bb920002-impl-thread1] INFO  segmented.SegmentedRaftLogWorker (SegmentedRaftLogWorker.java:lambda$new$0(141)) - 8500c972-c6d1-4433-9d49-a8e3bb920002@group-77DC33C8A8CA-SegmentedRaftLogWorker: flushIndex: setUnconditionally 0 -> 2
2025-09-07 09:44:46,061 [8500c972-c6d1-4433-9d49-a8e3bb920002-impl-thread1] INFO  segmented.BufferedWriteChannel (BufferedWriteChannel.java:open(61)) - open log_inprogress_1 (append) at position 366
2025-09-07 09:44:46,063 [8500c972-c6d1-4433-9d49-a8e3bb920002-impl-thread3] INFO  server.RaftServer$Division (RaftServerImpl.java:start(405)) - 8500c972-c6d1-4433-9d49-a8e3bb920002@group-DDE89B3F2AFE: start as a follower, conf=conf: {index: 0, cur=peers:[95d41743-cdf0-4105-938b-93fe980aeffc|127.0.0.1:15031, 8500c972-c6d1-4433-9d49-a8e3bb920002|127.0.0.1:15023, ff2509eb-55dd-4ad3-b532-83d6209e1a92|127.0.0.1:15015]|listeners:[], old=null}
2025-09-07 09:44:46,063 [8500c972-c6d1-4433-9d49-a8e3bb920002-impl-thread3] INFO  server.RaftServer$Division (RaftServerImpl.java:setRole(392)) - 8500c972-c6d1-4433-9d49-a8e3bb920002@group-DDE89B3F2AFE: changes role from      null to FOLLOWER at term 1 for startAsFollower
2025-09-07 09:44:46,063 [8500c972-c6d1-4433-9d49-a8e3bb920002-impl-thread3] INFO  impl.RoleInfo (RoleInfo.java:updateAndGet(148)) - 8500c972-c6d1-4433-9d49-a8e3bb920002: start 8500c972-c6d1-4433-9d49-a8e3bb920002@group-DDE89B3F2AFE-FollowerState
2025-09-07 09:44:46,064 [8500c972-c6d1-4433-9d49-a8e3bb920002-impl-thread3] INFO  util.JmxRegister (JmxRegister.java:tryRegister(44)) - Successfully registered JMX Bean with object name Ratis:service=RaftServer,group=group-DDE89B3F2AFE,id=8500c972-c6d1-4433-9d49-a8e3bb920002
2025-09-07 09:44:46,064 [8500c972-c6d1-4433-9d49-a8e3bb920002-impl-thread3] INFO  util.JmxRegister (JmxRegister.java:register(58)) - register mxBean class org.apache.ratis.server.impl.RaftServerJmxAdapter as Ratis:service=RaftServer,group=group-DDE89B3F2AFE,id=8500c972-c6d1-4433-9d49-a8e3bb920002
2025-09-07 09:44:46,065 [8500c972-c6d1-4433-9d49-a8e3bb920002-impl-thread1] INFO  server.RaftServer$Division (RaftServerImpl.java:start(405)) - 8500c972-c6d1-4433-9d49-a8e3bb920002@group-77DC33C8A8CA: start as a follower, conf=conf: {index: 1, cur=peers:[95d41743-cdf0-4105-938b-93fe980aeffc|127.0.0.1:15031, 8500c972-c6d1-4433-9d49-a8e3bb920002|127.0.0.1:15023, ff2509eb-55dd-4ad3-b532-83d6209e1a92|127.0.0.1:15015]|listeners:[], old=null}
2025-09-07 09:44:46,066 [8500c972-c6d1-4433-9d49-a8e3bb920002-impl-thread1] INFO  server.RaftServer$Division (RaftServerImpl.java:setRole(392)) - 8500c972-c6d1-4433-9d49-a8e3bb920002@group-77DC33C8A8CA: changes role from      null to FOLLOWER at term 2 for startAsFollower
2025-09-07 09:44:46,066 [8500c972-c6d1-4433-9d49-a8e3bb920002-impl-thread1] INFO  impl.RoleInfo (RoleInfo.java:updateAndGet(148)) - 8500c972-c6d1-4433-9d49-a8e3bb920002: start 8500c972-c6d1-4433-9d49-a8e3bb920002@group-77DC33C8A8CA-FollowerState
2025-09-07 09:44:46,065 [8500c972-c6d1-4433-9d49-a8e3bb920002-impl-thread3] INFO  server.RaftServer$Division (RaftServerImpl.java:start(419)) - 8500c972-c6d1-4433-9d49-a8e3bb920002@group-DDE89B3F2AFE: Successfully started.
2025-09-07 09:44:46,065 [8500c972-c6d1-4433-9d49-a8e3bb920002-impl-thread2] INFO  util.JmxRegister (JmxRegister.java:tryRegister(44)) - Successfully registered JMX Bean with object name Ratis:service=RaftServer,group=group-7B86A1802608,id=8500c972-c6d1-4433-9d49-a8e3bb920002
2025-09-07 09:44:46,066 [8500c972-c6d1-4433-9d49-a8e3bb920002-impl-thread2] INFO  util.JmxRegister (JmxRegister.java:register(58)) - register mxBean class org.apache.ratis.server.impl.RaftServerJmxAdapter as Ratis:service=RaftServer,group=group-7B86A1802608,id=8500c972-c6d1-4433-9d49-a8e3bb920002
2025-09-07 09:44:46,068 [8500c972-c6d1-4433-9d49-a8e3bb920002-impl-thread2] INFO  server.RaftServer$Division (RaftServerImpl.java:start(419)) - 8500c972-c6d1-4433-9d49-a8e3bb920002@group-7B86A1802608: Successfully started.
2025-09-07 09:44:46,069 [8500c972-c6d1-4433-9d49-a8e3bb920002-impl-thread1] INFO  util.JmxRegister (JmxRegister.java:tryRegister(44)) - Successfully registered JMX Bean with object name Ratis:service=RaftServer,group=group-77DC33C8A8CA,id=8500c972-c6d1-4433-9d49-a8e3bb920002
2025-09-07 09:44:46,069 [8500c972-c6d1-4433-9d49-a8e3bb920002-impl-thread1] INFO  util.JmxRegister (JmxRegister.java:register(58)) - register mxBean class org.apache.ratis.server.impl.RaftServerJmxAdapter as Ratis:service=RaftServer,group=group-77DC33C8A8CA,id=8500c972-c6d1-4433-9d49-a8e3bb920002
2025-09-07 09:44:46,070 [8500c972-c6d1-4433-9d49-a8e3bb920002-impl-thread1] INFO  server.RaftServer$Division (RaftServerImpl.java:start(419)) - 8500c972-c6d1-4433-9d49-a8e3bb920002@group-77DC33C8A8CA: Successfully started.
2025-09-07 09:44:46,070 [8500c972-c6d1-4433-9d49-a8e3bb920002-EndpointStateMachineTaskThread-/0.0.0.0:15002-0 ] INFO  server.RaftServer (RaftServerProxy.java:startImpl(412)) - 8500c972-c6d1-4433-9d49-a8e3bb920002: start RPC server
2025-09-07 09:44:46,070 [8500c972-c6d1-4433-9d49-a8e3bb920002-EndpointStateMachineTaskThread-/0.0.0.0:15002-0 ] INFO  server.GrpcServicesImpl (GrpcServicesImpl.java:startImpl(346)) - 8500c972-c6d1-4433-9d49-a8e3bb920002: GrpcServicesImpl started, listening on 15021
2025-09-07 09:44:46,071 [8500c972-c6d1-4433-9d49-a8e3bb920002-EndpointStateMachineTaskThread-/0.0.0.0:15002-0 ] INFO  server.GrpcServicesImpl (GrpcServicesImpl.java:startImpl(346)) - 8500c972-c6d1-4433-9d49-a8e3bb920002: GrpcServicesImpl started, listening on 15023
2025-09-07 09:44:46,071 [8500c972-c6d1-4433-9d49-a8e3bb920002-EndpointStateMachineTaskThread-/0.0.0.0:15002-0 ] INFO  server.GrpcServicesImpl (GrpcServicesImpl.java:startImpl(346)) - 8500c972-c6d1-4433-9d49-a8e3bb920002: GrpcServicesImpl started, listening on 15022
2025-09-07 09:44:46,071 [8500c972-c6d1-4433-9d49-a8e3bb920002-EndpointStateMachineTaskThread-/0.0.0.0:15002-0 ] INFO  ratis.XceiverServerRatis (XceiverServerRatis.java:getRealPort(589)) - XceiverServerRatis(8500c972-c6d1-4433-9d49-a8e3bb920002) is started using port RATIS=15021
2025-09-07 09:44:46,071 [8500c972-c6d1-4433-9d49-a8e3bb920002-EndpointStateMachineTaskThread-/0.0.0.0:15002-0 ] INFO  ratis.XceiverServerRatis (XceiverServerRatis.java:getRealPort(589)) - XceiverServerRatis(8500c972-c6d1-4433-9d49-a8e3bb920002) is started using port RATIS_ADMIN=15022
2025-09-07 09:44:46,071 [8500c972-c6d1-4433-9d49-a8e3bb920002-EndpointStateMachineTaskThread-/0.0.0.0:15002-0 ] INFO  ratis.XceiverServerRatis (XceiverServerRatis.java:getRealPort(589)) - XceiverServerRatis(8500c972-c6d1-4433-9d49-a8e3bb920002) is started using port RATIS_SERVER=15023
2025-09-07 09:44:46,071 [8500c972-c6d1-4433-9d49-a8e3bb920002-EndpointStateMachineTaskThread-/0.0.0.0:15002-0 ] INFO  ratis.XceiverServerRatis (XceiverServerRatis.java:getRealPort(589)) - XceiverServerRatis(8500c972-c6d1-4433-9d49-a8e3bb920002) is started using port RATIS_DATASTREAM=15024
2025-09-07 09:44:46,072 [JvmPauseMonitor14] INFO  util.JvmPauseMonitor (JvmPauseMonitor.java:run(146)) - JvmPauseMonitor-8500c972-c6d1-4433-9d49-a8e3bb920002: Started
2025-09-07 09:44:46,072 [8500c972-c6d1-4433-9d49-a8e3bb920002-EndpointStateMachineTaskThread-/0.0.0.0:15002-0 ] INFO  utils.BackgroundService (BackgroundService.java:start(119)) - Starting service BlockDeletingService with interval 60000 milliseconds
2025-09-07 09:44:46,073 [8500c972-c6d1-4433-9d49-a8e3bb920002-EndpointStateMachineTaskThread-/0.0.0.0:15002-0 ] INFO  utils.BackgroundService (BackgroundService.java:start(119)) - Starting service StaleRecoveringContainerScrubbingService with interval 60000 milliseconds
2025-09-07 09:44:46,104 [95d41743-cdf0-4105-938b-93fe980aeffc@group-77DC33C8A8CA-FollowerState] INFO  impl.FollowerState (FollowerState.java:runImpl(161)) - 95d41743-cdf0-4105-938b-93fe980aeffc@group-77DC33C8A8CA-FollowerState: change to CANDIDATE, lastRpcElapsedTime:1090614442ns, electionTimeout:1090ms
2025-09-07 09:44:46,104 [95d41743-cdf0-4105-938b-93fe980aeffc@group-77DC33C8A8CA-FollowerState] INFO  impl.RoleInfo (RoleInfo.java:shutdownFollowerState(121)) - 95d41743-cdf0-4105-938b-93fe980aeffc: shutdown 95d41743-cdf0-4105-938b-93fe980aeffc@group-77DC33C8A8CA-FollowerState
2025-09-07 09:44:46,104 [95d41743-cdf0-4105-938b-93fe980aeffc@group-77DC33C8A8CA-FollowerState] INFO  server.RaftServer$Division (RaftServerImpl.java:setRole(392)) - 95d41743-cdf0-4105-938b-93fe980aeffc@group-77DC33C8A8CA: changes role from  FOLLOWER to CANDIDATE at term 2 for changeToCandidate
2025-09-07 09:44:46,105 [95d41743-cdf0-4105-938b-93fe980aeffc@group-77DC33C8A8CA-FollowerState] INFO  impl.RoleInfo (RoleInfo.java:updateAndGet(148)) - 95d41743-cdf0-4105-938b-93fe980aeffc: start 95d41743-cdf0-4105-938b-93fe980aeffc@group-77DC33C8A8CA-LeaderElection70
2025-09-07 09:44:46,105 [95d41743-cdf0-4105-938b-93fe980aeffc@group-77DC33C8A8CA-LeaderElection70] INFO  impl.LeaderElection (LeaderElection.java:askForVotes(448)) - 95d41743-cdf0-4105-938b-93fe980aeffc@group-77DC33C8A8CA-LeaderElection70 PRE_VOTE round 0: submit vote requests at term 2 for conf: {index: 1, cur=peers:[95d41743-cdf0-4105-938b-93fe980aeffc|127.0.0.1:15031, 8500c972-c6d1-4433-9d49-a8e3bb920002|127.0.0.1:15023, ff2509eb-55dd-4ad3-b532-83d6209e1a92|127.0.0.1:15015]|listeners:[], old=null}
2025-09-07 09:44:46,106 [95d41743-cdf0-4105-938b-93fe980aeffc@group-77DC33C8A8CA-LeaderElection70] INFO  impl.LeaderElection (LogUtils.java:infoOrTrace(142)) - 95d41743-cdf0-4105-938b-93fe980aeffc@group-77DC33C8A8CA-LeaderElection70 got exception when requesting votes: java.util.concurrent.ExecutionException: org.apache.ratis.thirdparty.io.grpc.StatusRuntimeException: UNAVAILABLE: io exception
2025-09-07 09:44:46,106 [95d41743-cdf0-4105-938b-93fe980aeffc@group-77DC33C8A8CA-LeaderElection70] INFO  impl.LeaderElection (LogUtils.java:infoOrTrace(142)) - 95d41743-cdf0-4105-938b-93fe980aeffc@group-77DC33C8A8CA-LeaderElection70 got exception when requesting votes: java.util.concurrent.ExecutionException: org.apache.ratis.thirdparty.io.grpc.StatusRuntimeException: UNAVAILABLE: io exception
2025-09-07 09:44:46,106 [95d41743-cdf0-4105-938b-93fe980aeffc@group-77DC33C8A8CA-LeaderElection70] INFO  impl.LeaderElection (LeaderElection.java:logAndReturn(206)) - 95d41743-cdf0-4105-938b-93fe980aeffc@group-77DC33C8A8CA-LeaderElection70: PRE_VOTE REJECTED received 0 response(s) and 2 exception(s):
2025-09-07 09:44:46,106 [95d41743-cdf0-4105-938b-93fe980aeffc@group-77DC33C8A8CA-LeaderElection70] INFO  impl.LeaderElection (LogUtils.java:infoOrTrace(142)) -   Exception 0: java.util.concurrent.ExecutionException: org.apache.ratis.thirdparty.io.grpc.StatusRuntimeException: UNAVAILABLE: io exception
2025-09-07 09:44:46,106 [95d41743-cdf0-4105-938b-93fe980aeffc@group-77DC33C8A8CA-LeaderElection70] INFO  impl.LeaderElection (LogUtils.java:infoOrTrace(142)) -   Exception 1: java.util.concurrent.ExecutionException: org.apache.ratis.thirdparty.io.grpc.StatusRuntimeException: UNAVAILABLE: io exception
2025-09-07 09:44:46,106 [95d41743-cdf0-4105-938b-93fe980aeffc@group-77DC33C8A8CA-LeaderElection70] INFO  impl.LeaderElection (LeaderElection.java:askForVotes(450)) - 95d41743-cdf0-4105-938b-93fe980aeffc@group-77DC33C8A8CA-LeaderElection70 PRE_VOTE round 0: result REJECTED
2025-09-07 09:44:46,106 [95d41743-cdf0-4105-938b-93fe980aeffc@group-77DC33C8A8CA-LeaderElection70] INFO  server.RaftServer$Division (RaftServerImpl.java:setRole(392)) - 95d41743-cdf0-4105-938b-93fe980aeffc@group-77DC33C8A8CA: changes role from CANDIDATE to FOLLOWER at term 2 for REJECTED
2025-09-07 09:44:46,106 [95d41743-cdf0-4105-938b-93fe980aeffc@group-77DC33C8A8CA-LeaderElection70] INFO  impl.RoleInfo (RoleInfo.java:shutdownLeaderElection(141)) - 95d41743-cdf0-4105-938b-93fe980aeffc: shutdown 95d41743-cdf0-4105-938b-93fe980aeffc@group-77DC33C8A8CA-LeaderElection70
2025-09-07 09:44:46,106 [95d41743-cdf0-4105-938b-93fe980aeffc@group-77DC33C8A8CA-LeaderElection70] INFO  impl.RoleInfo (RoleInfo.java:updateAndGet(148)) - 95d41743-cdf0-4105-938b-93fe980aeffc: start 95d41743-cdf0-4105-938b-93fe980aeffc@group-77DC33C8A8CA-FollowerState
2025-09-07 09:44:46,634 [95d41743-cdf0-4105-938b-93fe980aeffc@group-DDE89B3F2AFE-FollowerState] INFO  impl.FollowerState (FollowerState.java:runImpl(161)) - 95d41743-cdf0-4105-938b-93fe980aeffc@group-DDE89B3F2AFE-FollowerState: change to CANDIDATE, lastRpcElapsedTime:1037279244ns, electionTimeout:1037ms
2025-09-07 09:44:46,634 [95d41743-cdf0-4105-938b-93fe980aeffc@group-DDE89B3F2AFE-FollowerState] INFO  impl.RoleInfo (RoleInfo.java:shutdownFollowerState(121)) - 95d41743-cdf0-4105-938b-93fe980aeffc: shutdown 95d41743-cdf0-4105-938b-93fe980aeffc@group-DDE89B3F2AFE-FollowerState
2025-09-07 09:44:46,635 [95d41743-cdf0-4105-938b-93fe980aeffc@group-DDE89B3F2AFE-FollowerState] INFO  server.RaftServer$Division (RaftServerImpl.java:setRole(392)) - 95d41743-cdf0-4105-938b-93fe980aeffc@group-DDE89B3F2AFE: changes role from  FOLLOWER to CANDIDATE at term 1 for changeToCandidate
2025-09-07 09:44:46,635 [95d41743-cdf0-4105-938b-93fe980aeffc@group-DDE89B3F2AFE-FollowerState] INFO  impl.RoleInfo (RoleInfo.java:updateAndGet(148)) - 95d41743-cdf0-4105-938b-93fe980aeffc: start 95d41743-cdf0-4105-938b-93fe980aeffc@group-DDE89B3F2AFE-LeaderElection71
2025-09-07 09:44:46,635 [95d41743-cdf0-4105-938b-93fe980aeffc@group-DDE89B3F2AFE-LeaderElection71] INFO  impl.LeaderElection (LeaderElection.java:askForVotes(448)) - 95d41743-cdf0-4105-938b-93fe980aeffc@group-DDE89B3F2AFE-LeaderElection71 PRE_VOTE round 0: submit vote requests at term 1 for conf: {index: 0, cur=peers:[95d41743-cdf0-4105-938b-93fe980aeffc|127.0.0.1:15031, 8500c972-c6d1-4433-9d49-a8e3bb920002|127.0.0.1:15023, ff2509eb-55dd-4ad3-b532-83d6209e1a92|127.0.0.1:15015]|listeners:[], old=null}
2025-09-07 09:44:46,636 [95d41743-cdf0-4105-938b-93fe980aeffc@group-DDE89B3F2AFE-LeaderElection71] INFO  impl.LeaderElection (LogUtils.java:infoOrTrace(142)) - 95d41743-cdf0-4105-938b-93fe980aeffc@group-DDE89B3F2AFE-LeaderElection71 got exception when requesting votes: java.util.concurrent.ExecutionException: org.apache.ratis.thirdparty.io.grpc.StatusRuntimeException: UNAVAILABLE: io exception
2025-09-07 09:44:46,636 [95d41743-cdf0-4105-938b-93fe980aeffc@group-DDE89B3F2AFE-LeaderElection71] INFO  impl.LeaderElection (LogUtils.java:infoOrTrace(142)) - 95d41743-cdf0-4105-938b-93fe980aeffc@group-DDE89B3F2AFE-LeaderElection71 got exception when requesting votes: java.util.concurrent.ExecutionException: org.apache.ratis.thirdparty.io.grpc.StatusRuntimeException: UNAVAILABLE: io exception
2025-09-07 09:44:46,636 [95d41743-cdf0-4105-938b-93fe980aeffc@group-DDE89B3F2AFE-LeaderElection71] INFO  impl.LeaderElection (LeaderElection.java:logAndReturn(206)) - 95d41743-cdf0-4105-938b-93fe980aeffc@group-DDE89B3F2AFE-LeaderElection71: PRE_VOTE REJECTED received 0 response(s) and 2 exception(s):
2025-09-07 09:44:46,636 [95d41743-cdf0-4105-938b-93fe980aeffc@group-DDE89B3F2AFE-LeaderElection71] INFO  impl.LeaderElection (LogUtils.java:infoOrTrace(142)) -   Exception 0: java.util.concurrent.ExecutionException: org.apache.ratis.thirdparty.io.grpc.StatusRuntimeException: UNAVAILABLE: io exception
2025-09-07 09:44:46,636 [95d41743-cdf0-4105-938b-93fe980aeffc@group-DDE89B3F2AFE-LeaderElection71] INFO  impl.LeaderElection (LogUtils.java:infoOrTrace(142)) -   Exception 1: java.util.concurrent.ExecutionException: org.apache.ratis.thirdparty.io.grpc.StatusRuntimeException: UNAVAILABLE: io exception
2025-09-07 09:44:46,636 [95d41743-cdf0-4105-938b-93fe980aeffc@group-DDE89B3F2AFE-LeaderElection71] INFO  impl.LeaderElection (LeaderElection.java:askForVotes(450)) - 95d41743-cdf0-4105-938b-93fe980aeffc@group-DDE89B3F2AFE-LeaderElection71 PRE_VOTE round 0: result REJECTED
2025-09-07 09:44:46,636 [95d41743-cdf0-4105-938b-93fe980aeffc@group-DDE89B3F2AFE-LeaderElection71] INFO  server.RaftServer$Division (RaftServerImpl.java:setRole(392)) - 95d41743-cdf0-4105-938b-93fe980aeffc@group-DDE89B3F2AFE: changes role from CANDIDATE to FOLLOWER at term 1 for REJECTED
2025-09-07 09:44:46,636 [95d41743-cdf0-4105-938b-93fe980aeffc@group-DDE89B3F2AFE-LeaderElection71] INFO  impl.RoleInfo (RoleInfo.java:shutdownLeaderElection(141)) - 95d41743-cdf0-4105-938b-93fe980aeffc: shutdown 95d41743-cdf0-4105-938b-93fe980aeffc@group-DDE89B3F2AFE-LeaderElection71
2025-09-07 09:44:46,636 [95d41743-cdf0-4105-938b-93fe980aeffc@group-DDE89B3F2AFE-LeaderElection71] INFO  impl.RoleInfo (RoleInfo.java:updateAndGet(148)) - 95d41743-cdf0-4105-938b-93fe980aeffc: start 95d41743-cdf0-4105-938b-93fe980aeffc@group-DDE89B3F2AFE-FollowerState
2025-09-07 09:44:46,840 [ff2509eb-55dd-4ad3-b532-83d6209e1a92@group-DDE89B3F2AFE-FollowerState] INFO  impl.FollowerState (FollowerState.java:runImpl(161)) - ff2509eb-55dd-4ad3-b532-83d6209e1a92@group-DDE89B3F2AFE-FollowerState: change to CANDIDATE, lastRpcElapsedTime:1062409518ns, electionTimeout:1062ms
2025-09-07 09:44:46,841 [ff2509eb-55dd-4ad3-b532-83d6209e1a92@group-DDE89B3F2AFE-FollowerState] INFO  impl.RoleInfo (RoleInfo.java:shutdownFollowerState(121)) - ff2509eb-55dd-4ad3-b532-83d6209e1a92: shutdown ff2509eb-55dd-4ad3-b532-83d6209e1a92@group-DDE89B3F2AFE-FollowerState
2025-09-07 09:44:46,841 [ff2509eb-55dd-4ad3-b532-83d6209e1a92@group-DDE89B3F2AFE-FollowerState] INFO  server.RaftServer$Division (RaftServerImpl.java:setRole(392)) - ff2509eb-55dd-4ad3-b532-83d6209e1a92@group-DDE89B3F2AFE: changes role from  FOLLOWER to CANDIDATE at term 1 for changeToCandidate
2025-09-07 09:44:46,841 [ff2509eb-55dd-4ad3-b532-83d6209e1a92@group-DDE89B3F2AFE-FollowerState] INFO  impl.RoleInfo (RoleInfo.java:updateAndGet(148)) - ff2509eb-55dd-4ad3-b532-83d6209e1a92: start ff2509eb-55dd-4ad3-b532-83d6209e1a92@group-DDE89B3F2AFE-LeaderElection72
2025-09-07 09:44:46,841 [ff2509eb-55dd-4ad3-b532-83d6209e1a92@group-DDE89B3F2AFE-LeaderElection72] INFO  impl.LeaderElection (LeaderElection.java:askForVotes(448)) - ff2509eb-55dd-4ad3-b532-83d6209e1a92@group-DDE89B3F2AFE-LeaderElection72 PRE_VOTE round 0: submit vote requests at term 1 for conf: {index: 0, cur=peers:[95d41743-cdf0-4105-938b-93fe980aeffc|127.0.0.1:15031, 8500c972-c6d1-4433-9d49-a8e3bb920002|127.0.0.1:15023, ff2509eb-55dd-4ad3-b532-83d6209e1a92|127.0.0.1:15015]|listeners:[], old=null}
2025-09-07 09:44:46,841 [ff2509eb-55dd-4ad3-b532-83d6209e1a92@group-DDE89B3F2AFE-LeaderElection72-1] INFO  server.GrpcServerProtocolClient (GrpcServerProtocolClient.java:<init>(65)) - Build channel for 95d41743-cdf0-4105-938b-93fe980aeffc|127.0.0.1:15031
2025-09-07 09:44:46,841 [ff2509eb-55dd-4ad3-b532-83d6209e1a92@group-DDE89B3F2AFE-LeaderElection72-2] INFO  server.GrpcServerProtocolClient (GrpcServerProtocolClient.java:<init>(65)) - Build channel for 8500c972-c6d1-4433-9d49-a8e3bb920002|127.0.0.1:15023
2025-09-07 09:44:46,845 [grpc-default-executor-2] INFO  server.RaftServer$Division (RaftServerImpl.java:requestVote(1421)) - 95d41743-cdf0-4105-938b-93fe980aeffc@group-DDE89B3F2AFE: receive requestVote(PRE_VOTE, ff2509eb-55dd-4ad3-b532-83d6209e1a92, group-DDE89B3F2AFE, 1, (t:1, i:3))
2025-09-07 09:44:46,845 [grpc-default-executor-2] INFO  impl.VoteContext (VoteContext.java:log(49)) - 95d41743-cdf0-4105-938b-93fe980aeffc@group-DDE89B3F2AFE-FOLLOWER: reject PRE_VOTE from ff2509eb-55dd-4ad3-b532-83d6209e1a92: our priority 1 > candidate's priority 0
2025-09-07 09:44:46,845 [grpc-default-executor-2] INFO  server.RaftServer$Division (RaftServerImpl.java:requestVote(1455)) - 95d41743-cdf0-4105-938b-93fe980aeffc@group-DDE89B3F2AFE replies to PRE_VOTE vote request: ff2509eb-55dd-4ad3-b532-83d6209e1a92<-95d41743-cdf0-4105-938b-93fe980aeffc#0:FAIL-t1-last:(t:1, i:3). Peer's state: 95d41743-cdf0-4105-938b-93fe980aeffc@group-DDE89B3F2AFE:t1, leader=null, voted=95d41743-cdf0-4105-938b-93fe980aeffc, raftlog=Memoized:95d41743-cdf0-4105-938b-93fe980aeffc@group-DDE89B3F2AFE-SegmentedRaftLog:OPENED:c3:last(t:1, i:3), conf=conf: {index: 0, cur=peers:[95d41743-cdf0-4105-938b-93fe980aeffc|127.0.0.1:15031, 8500c972-c6d1-4433-9d49-a8e3bb920002|127.0.0.1:15023, ff2509eb-55dd-4ad3-b532-83d6209e1a92|127.0.0.1:15015]|listeners:[], old=null}
2025-09-07 09:44:46,846 [grpc-default-executor-5] INFO  server.RaftServer$Division (RaftServerImpl.java:requestVote(1421)) - 8500c972-c6d1-4433-9d49-a8e3bb920002@group-DDE89B3F2AFE: receive requestVote(PRE_VOTE, ff2509eb-55dd-4ad3-b532-83d6209e1a92, group-DDE89B3F2AFE, 1, (t:1, i:3))
2025-09-07 09:44:46,846 [grpc-default-executor-5] INFO  impl.VoteContext (VoteContext.java:log(49)) - 8500c972-c6d1-4433-9d49-a8e3bb920002@group-DDE89B3F2AFE-FOLLOWER: accept PRE_VOTE from ff2509eb-55dd-4ad3-b532-83d6209e1a92: our priority 0 <= candidate's priority 0
2025-09-07 09:44:46,846 [grpc-default-executor-5] INFO  server.RaftServer$Division (RaftServerImpl.java:requestVote(1455)) - 8500c972-c6d1-4433-9d49-a8e3bb920002@group-DDE89B3F2AFE replies to PRE_VOTE vote request: ff2509eb-55dd-4ad3-b532-83d6209e1a92<-8500c972-c6d1-4433-9d49-a8e3bb920002#0:OK-t1-last:(t:1, i:3). Peer's state: 8500c972-c6d1-4433-9d49-a8e3bb920002@group-DDE89B3F2AFE:t1, leader=null, voted=95d41743-cdf0-4105-938b-93fe980aeffc, raftlog=Memoized:8500c972-c6d1-4433-9d49-a8e3bb920002@group-DDE89B3F2AFE-SegmentedRaftLog:OPENED:c3:last(t:1, i:3), conf=conf: {index: 0, cur=peers:[95d41743-cdf0-4105-938b-93fe980aeffc|127.0.0.1:15031, 8500c972-c6d1-4433-9d49-a8e3bb920002|127.0.0.1:15023, ff2509eb-55dd-4ad3-b532-83d6209e1a92|127.0.0.1:15015]|listeners:[], old=null}
2025-09-07 09:44:46,846 [ff2509eb-55dd-4ad3-b532-83d6209e1a92@group-DDE89B3F2AFE-LeaderElection72] INFO  impl.LeaderElection (LeaderElection.java:logAndReturn(206)) - ff2509eb-55dd-4ad3-b532-83d6209e1a92@group-DDE89B3F2AFE-LeaderElection72: PRE_VOTE REJECTED received 1 response(s) and 0 exception(s):
2025-09-07 09:44:46,846 [ff2509eb-55dd-4ad3-b532-83d6209e1a92@group-DDE89B3F2AFE-LeaderElection72] INFO  impl.LeaderElection (LeaderElection.java:logAndReturn(210)) -   Response 0: ff2509eb-55dd-4ad3-b532-83d6209e1a92<-95d41743-cdf0-4105-938b-93fe980aeffc#0:FAIL-t1-last:(t:1, i:3)
2025-09-07 09:44:46,846 [ff2509eb-55dd-4ad3-b532-83d6209e1a92@group-DDE89B3F2AFE-LeaderElection72] INFO  impl.LeaderElection (LeaderElection.java:askForVotes(450)) - ff2509eb-55dd-4ad3-b532-83d6209e1a92@group-DDE89B3F2AFE-LeaderElection72 PRE_VOTE round 0: result REJECTED
2025-09-07 09:44:46,846 [ff2509eb-55dd-4ad3-b532-83d6209e1a92@group-DDE89B3F2AFE-LeaderElection72] INFO  server.RaftServer$Division (RaftServerImpl.java:setRole(392)) - ff2509eb-55dd-4ad3-b532-83d6209e1a92@group-DDE89B3F2AFE: changes role from CANDIDATE to FOLLOWER at term 1 for REJECTED
2025-09-07 09:44:46,846 [ff2509eb-55dd-4ad3-b532-83d6209e1a92@group-DDE89B3F2AFE-LeaderElection72] INFO  impl.RoleInfo (RoleInfo.java:shutdownLeaderElection(141)) - ff2509eb-55dd-4ad3-b532-83d6209e1a92: shutdown ff2509eb-55dd-4ad3-b532-83d6209e1a92@group-DDE89B3F2AFE-LeaderElection72
2025-09-07 09:44:46,847 [ff2509eb-55dd-4ad3-b532-83d6209e1a92@group-DDE89B3F2AFE-LeaderElection72] INFO  impl.RoleInfo (RoleInfo.java:updateAndGet(148)) - ff2509eb-55dd-4ad3-b532-83d6209e1a92: start ff2509eb-55dd-4ad3-b532-83d6209e1a92@group-DDE89B3F2AFE-FollowerState
2025-09-07 09:44:46,847 [ff2509eb-55dd-4ad3-b532-83d6209e1a92@group-DDE89B3F2AFE-LeaderElection72] INFO  server.RaftServer$Division (RaftServerImpl.java:setFirstElection(576)) - ff2509eb-55dd-4ad3-b532-83d6209e1a92@group-DDE89B3F2AFE: set firstElectionSinceStartup to false for REJECTED
2025-09-07 09:44:46,892 [ff2509eb-55dd-4ad3-b532-83d6209e1a92@group-77DC33C8A8CA-FollowerState] INFO  impl.FollowerState (FollowerState.java:runImpl(161)) - ff2509eb-55dd-4ad3-b532-83d6209e1a92@group-77DC33C8A8CA-FollowerState: change to CANDIDATE, lastRpcElapsedTime:1119294457ns, electionTimeout:1118ms
2025-09-07 09:44:46,892 [ff2509eb-55dd-4ad3-b532-83d6209e1a92@group-77DC33C8A8CA-FollowerState] INFO  impl.RoleInfo (RoleInfo.java:shutdownFollowerState(121)) - ff2509eb-55dd-4ad3-b532-83d6209e1a92: shutdown ff2509eb-55dd-4ad3-b532-83d6209e1a92@group-77DC33C8A8CA-FollowerState
2025-09-07 09:44:46,893 [ff2509eb-55dd-4ad3-b532-83d6209e1a92@group-77DC33C8A8CA-FollowerState] INFO  server.RaftServer$Division (RaftServerImpl.java:setRole(392)) - ff2509eb-55dd-4ad3-b532-83d6209e1a92@group-77DC33C8A8CA: changes role from  FOLLOWER to CANDIDATE at term 1 for changeToCandidate
2025-09-07 09:44:46,893 [ff2509eb-55dd-4ad3-b532-83d6209e1a92@group-77DC33C8A8CA-FollowerState] INFO  impl.RoleInfo (RoleInfo.java:updateAndGet(148)) - ff2509eb-55dd-4ad3-b532-83d6209e1a92: start ff2509eb-55dd-4ad3-b532-83d6209e1a92@group-77DC33C8A8CA-LeaderElection73
2025-09-07 09:44:46,893 [ff2509eb-55dd-4ad3-b532-83d6209e1a92@group-77DC33C8A8CA-LeaderElection73] INFO  impl.LeaderElection (LeaderElection.java:askForVotes(448)) - ff2509eb-55dd-4ad3-b532-83d6209e1a92@group-77DC33C8A8CA-LeaderElection73 PRE_VOTE round 0: submit vote requests at term 1 for conf: {index: 0, cur=peers:[95d41743-cdf0-4105-938b-93fe980aeffc|127.0.0.1:15031, 8500c972-c6d1-4433-9d49-a8e3bb920002|127.0.0.1:15023, ff2509eb-55dd-4ad3-b532-83d6209e1a92|127.0.0.1:15015]|listeners:[], old=null}
2025-09-07 09:44:46,894 [grpc-default-executor-2] INFO  server.RaftServer$Division (RaftServerImpl.java:requestVote(1421)) - 8500c972-c6d1-4433-9d49-a8e3bb920002@group-77DC33C8A8CA: receive requestVote(PRE_VOTE, ff2509eb-55dd-4ad3-b532-83d6209e1a92, group-77DC33C8A8CA, 1, (t:1, i:0))
2025-09-07 09:44:46,894 [grpc-default-executor-5] INFO  server.RaftServer$Division (RaftServerImpl.java:requestVote(1421)) - 95d41743-cdf0-4105-938b-93fe980aeffc@group-77DC33C8A8CA: receive requestVote(PRE_VOTE, ff2509eb-55dd-4ad3-b532-83d6209e1a92, group-77DC33C8A8CA, 1, (t:1, i:0))
2025-09-07 09:44:46,895 [grpc-default-executor-2] INFO  impl.VoteContext (VoteContext.java:log(49)) - 8500c972-c6d1-4433-9d49-a8e3bb920002@group-77DC33C8A8CA-FOLLOWER: reject PRE_VOTE from ff2509eb-55dd-4ad3-b532-83d6209e1a92: our last entry (t:2, i:2) > candidate's last entry (t:1, i:0)
2025-09-07 09:44:46,895 [grpc-default-executor-5] INFO  impl.VoteContext (VoteContext.java:log(49)) - 95d41743-cdf0-4105-938b-93fe980aeffc@group-77DC33C8A8CA-FOLLOWER: reject PRE_VOTE from ff2509eb-55dd-4ad3-b532-83d6209e1a92: our last entry (t:2, i:2) > candidate's last entry (t:1, i:0)
2025-09-07 09:44:46,895 [grpc-default-executor-2] INFO  server.RaftServer$Division (RaftServerImpl.java:requestVote(1455)) - 8500c972-c6d1-4433-9d49-a8e3bb920002@group-77DC33C8A8CA replies to PRE_VOTE vote request: ff2509eb-55dd-4ad3-b532-83d6209e1a92<-8500c972-c6d1-4433-9d49-a8e3bb920002#0:FAIL-t2-last:(t:2, i:2). Peer's state: 8500c972-c6d1-4433-9d49-a8e3bb920002@group-77DC33C8A8CA:t2, leader=null, voted=95d41743-cdf0-4105-938b-93fe980aeffc, raftlog=Memoized:8500c972-c6d1-4433-9d49-a8e3bb920002@group-77DC33C8A8CA-SegmentedRaftLog:OPENED:c2:last(t:2, i:2), conf=conf: {index: 1, cur=peers:[95d41743-cdf0-4105-938b-93fe980aeffc|127.0.0.1:15031, 8500c972-c6d1-4433-9d49-a8e3bb920002|127.0.0.1:15023, ff2509eb-55dd-4ad3-b532-83d6209e1a92|127.0.0.1:15015]|listeners:[], old=null}
2025-09-07 09:44:46,895 [grpc-default-executor-5] INFO  server.RaftServer$Division (RaftServerImpl.java:requestVote(1455)) - 95d41743-cdf0-4105-938b-93fe980aeffc@group-77DC33C8A8CA replies to PRE_VOTE vote request: ff2509eb-55dd-4ad3-b532-83d6209e1a92<-95d41743-cdf0-4105-938b-93fe980aeffc#0:FAIL-t2-last:(t:2, i:2). Peer's state: 95d41743-cdf0-4105-938b-93fe980aeffc@group-77DC33C8A8CA:t2, leader=null, voted=95d41743-cdf0-4105-938b-93fe980aeffc, raftlog=Memoized:95d41743-cdf0-4105-938b-93fe980aeffc@group-77DC33C8A8CA-SegmentedRaftLog:OPENED:c2:last(t:2, i:2), conf=conf: {index: 1, cur=peers:[95d41743-cdf0-4105-938b-93fe980aeffc|127.0.0.1:15031, 8500c972-c6d1-4433-9d49-a8e3bb920002|127.0.0.1:15023, ff2509eb-55dd-4ad3-b532-83d6209e1a92|127.0.0.1:15015]|listeners:[], old=null}
2025-09-07 09:44:46,895 [ff2509eb-55dd-4ad3-b532-83d6209e1a92@group-77DC33C8A8CA-LeaderElection73] INFO  impl.LeaderElection (LeaderElection.java:logAndReturn(206)) - ff2509eb-55dd-4ad3-b532-83d6209e1a92@group-77DC33C8A8CA-LeaderElection73: PRE_VOTE DISCOVERED_A_NEW_TERM (term=2) received 1 response(s) and 0 exception(s):
2025-09-07 09:44:46,896 [ff2509eb-55dd-4ad3-b532-83d6209e1a92@group-77DC33C8A8CA-LeaderElection73] INFO  impl.LeaderElection (LeaderElection.java:logAndReturn(210)) -   Response 0: ff2509eb-55dd-4ad3-b532-83d6209e1a92<-95d41743-cdf0-4105-938b-93fe980aeffc#0:FAIL-t2-last:(t:2, i:2)
2025-09-07 09:44:46,896 [ff2509eb-55dd-4ad3-b532-83d6209e1a92@group-77DC33C8A8CA-LeaderElection73] INFO  impl.LeaderElection (LeaderElection.java:askForVotes(450)) - ff2509eb-55dd-4ad3-b532-83d6209e1a92@group-77DC33C8A8CA-LeaderElection73 PRE_VOTE round 0: result DISCOVERED_A_NEW_TERM (term=2)
2025-09-07 09:44:46,896 [ff2509eb-55dd-4ad3-b532-83d6209e1a92@group-77DC33C8A8CA-LeaderElection73] INFO  server.RaftServer$Division (RaftServerImpl.java:setRole(392)) - ff2509eb-55dd-4ad3-b532-83d6209e1a92@group-77DC33C8A8CA: changes role from CANDIDATE to FOLLOWER at term 1 for DISCOVERED_A_NEW_TERM (term=2)
2025-09-07 09:44:46,896 [ff2509eb-55dd-4ad3-b532-83d6209e1a92@group-77DC33C8A8CA-LeaderElection73] INFO  impl.RoleInfo (RoleInfo.java:shutdownLeaderElection(141)) - ff2509eb-55dd-4ad3-b532-83d6209e1a92: shutdown ff2509eb-55dd-4ad3-b532-83d6209e1a92@group-77DC33C8A8CA-LeaderElection73
2025-09-07 09:44:46,896 [ff2509eb-55dd-4ad3-b532-83d6209e1a92@group-77DC33C8A8CA-LeaderElection73] INFO  impl.RoleInfo (RoleInfo.java:updateAndGet(148)) - ff2509eb-55dd-4ad3-b532-83d6209e1a92: start ff2509eb-55dd-4ad3-b532-83d6209e1a92@group-77DC33C8A8CA-FollowerState
2025-09-07 09:44:46,896 [ff2509eb-55dd-4ad3-b532-83d6209e1a92@group-77DC33C8A8CA-LeaderElection73] INFO  server.RaftServer$Division (RaftServerImpl.java:setFirstElection(576)) - ff2509eb-55dd-4ad3-b532-83d6209e1a92@group-77DC33C8A8CA: set firstElectionSinceStartup to false for DISCOVERED_A_NEW_TERM (term=2)
2025-09-07 09:44:46,960 [ff2509eb-55dd-4ad3-b532-83d6209e1a92@group-8F87D7C2BFC6-FollowerState] INFO  impl.FollowerState (FollowerState.java:runImpl(161)) - ff2509eb-55dd-4ad3-b532-83d6209e1a92@group-8F87D7C2BFC6-FollowerState: change to CANDIDATE, lastRpcElapsedTime:1187789733ns, electionTimeout:1187ms
2025-09-07 09:44:46,961 [ff2509eb-55dd-4ad3-b532-83d6209e1a92@group-8F87D7C2BFC6-FollowerState] INFO  impl.RoleInfo (RoleInfo.java:shutdownFollowerState(121)) - ff2509eb-55dd-4ad3-b532-83d6209e1a92: shutdown ff2509eb-55dd-4ad3-b532-83d6209e1a92@group-8F87D7C2BFC6-FollowerState
2025-09-07 09:44:46,961 [ff2509eb-55dd-4ad3-b532-83d6209e1a92@group-8F87D7C2BFC6-FollowerState] INFO  server.RaftServer$Division (RaftServerImpl.java:setRole(392)) - ff2509eb-55dd-4ad3-b532-83d6209e1a92@group-8F87D7C2BFC6: changes role from  FOLLOWER to CANDIDATE at term 1 for changeToCandidate
2025-09-07 09:44:46,961 [ff2509eb-55dd-4ad3-b532-83d6209e1a92@group-8F87D7C2BFC6-FollowerState] INFO  impl.RoleInfo (RoleInfo.java:updateAndGet(148)) - ff2509eb-55dd-4ad3-b532-83d6209e1a92: start ff2509eb-55dd-4ad3-b532-83d6209e1a92@group-8F87D7C2BFC6-LeaderElection74
2025-09-07 09:44:46,961 [ff2509eb-55dd-4ad3-b532-83d6209e1a92@group-8F87D7C2BFC6-LeaderElection74] INFO  impl.LeaderElection (LeaderElection.java:askForVotes(448)) - ff2509eb-55dd-4ad3-b532-83d6209e1a92@group-8F87D7C2BFC6-LeaderElection74 PRE_VOTE round 0: submit vote requests at term 1 for conf: {index: 0, cur=peers:[ff2509eb-55dd-4ad3-b532-83d6209e1a92|127.0.0.1:15015]|listeners:[], old=null}
2025-09-07 09:44:46,961 [ff2509eb-55dd-4ad3-b532-83d6209e1a92@group-8F87D7C2BFC6-LeaderElection74] INFO  impl.LeaderElection (LeaderElection.java:askForVotes(450)) - ff2509eb-55dd-4ad3-b532-83d6209e1a92@group-8F87D7C2BFC6-LeaderElection74 PRE_VOTE round 0: result PASSED (term=1)
2025-09-07 09:44:46,963 [ff2509eb-55dd-4ad3-b532-83d6209e1a92@group-8F87D7C2BFC6-LeaderElection74] INFO  impl.LeaderElection (LeaderElection.java:askForVotes(448)) - ff2509eb-55dd-4ad3-b532-83d6209e1a92@group-8F87D7C2BFC6-LeaderElection74 ELECTION round 0: submit vote requests at term 2 for conf: {index: 0, cur=peers:[ff2509eb-55dd-4ad3-b532-83d6209e1a92|127.0.0.1:15015]|listeners:[], old=null}
2025-09-07 09:44:46,963 [ff2509eb-55dd-4ad3-b532-83d6209e1a92@group-8F87D7C2BFC6-LeaderElection74] INFO  impl.LeaderElection (LeaderElection.java:askForVotes(450)) - ff2509eb-55dd-4ad3-b532-83d6209e1a92@group-8F87D7C2BFC6-LeaderElection74 ELECTION round 0: result PASSED (term=2)
2025-09-07 09:44:46,963 [ff2509eb-55dd-4ad3-b532-83d6209e1a92@group-8F87D7C2BFC6-LeaderElection74] INFO  impl.RoleInfo (RoleInfo.java:shutdownLeaderElection(141)) - ff2509eb-55dd-4ad3-b532-83d6209e1a92: shutdown ff2509eb-55dd-4ad3-b532-83d6209e1a92@group-8F87D7C2BFC6-LeaderElection74
2025-09-07 09:44:46,963 [ff2509eb-55dd-4ad3-b532-83d6209e1a92@group-8F87D7C2BFC6-LeaderElection74] INFO  server.RaftServer$Division (RaftServerImpl.java:setRole(392)) - ff2509eb-55dd-4ad3-b532-83d6209e1a92@group-8F87D7C2BFC6: changes role from CANDIDATE to LEADER at term 2 for changeToLeader
2025-09-07 09:44:46,963 [ff2509eb-55dd-4ad3-b532-83d6209e1a92@group-8F87D7C2BFC6-LeaderElection74] INFO  server.RaftServerConfigKeys (ConfUtils.java:logFallback(69)) - raft.server.staging.timeout = 3600ms (fallback to raft.server.rpc.timeout.max)
2025-09-07 09:44:46,964 [ff2509eb-55dd-4ad3-b532-83d6209e1a92@group-8F87D7C2BFC6-LeaderElection74] INFO  server.RaftServerConfigKeys (ConfUtils.java:logGet(62)) - raft.server.write.byte-limit = 1024 M (=1073741824) (custom)
2025-09-07 09:44:46,965 [ff2509eb-55dd-4ad3-b532-83d6209e1a92@group-8F87D7C2BFC6-LeaderElection74] INFO  impl.RoleInfo (RoleInfo.java:updateAndGet(148)) - ff2509eb-55dd-4ad3-b532-83d6209e1a92: start ff2509eb-55dd-4ad3-b532-83d6209e1a92@group-8F87D7C2BFC6-LeaderStateImpl
2025-09-07 09:44:46,965 [ff2509eb-55dd-4ad3-b532-83d6209e1a92@group-8F87D7C2BFC6-LeaderElection74] INFO  server.RaftServer$Division (RaftServerImpl.java:setFirstElection(576)) - ff2509eb-55dd-4ad3-b532-83d6209e1a92@group-8F87D7C2BFC6: set firstElectionSinceStartup to false for becomeLeader
2025-09-07 09:44:46,965 [ff2509eb-55dd-4ad3-b532-83d6209e1a92@group-8F87D7C2BFC6-LeaderElection74] INFO  ratis.XceiverServerRatis (XceiverServerRatis.java:handleLeaderChangedNotification(947)) - Leader change notification received for group: group-8F87D7C2BFC6 with new leaderId: ff2509eb-55dd-4ad3-b532-83d6209e1a92
2025-09-07 09:44:46,965 [ff2509eb-55dd-4ad3-b532-83d6209e1a92@group-8F87D7C2BFC6-LeaderElection74] INFO  server.RaftServer$Division (ServerState.java:setLeader(272)) - ff2509eb-55dd-4ad3-b532-83d6209e1a92@group-8F87D7C2BFC6: change Leader from null to ff2509eb-55dd-4ad3-b532-83d6209e1a92 at term 2 for becomeLeader, leader elected after 1921ms
2025-09-07 09:44:46,965 [ff2509eb-55dd-4ad3-b532-83d6209e1a92@group-8F87D7C2BFC6-LeaderElection74] INFO  segmented.SegmentedRaftLogWorker (SegmentedRaftLogWorker.java:rollLogSegment(445)) - ff2509eb-55dd-4ad3-b532-83d6209e1a92@group-8F87D7C2BFC6-SegmentedRaftLogWorker: Rolling segment log-0_0 to index:0
2025-09-07 09:44:46,966 [ff2509eb-55dd-4ad3-b532-83d6209e1a92@group-8F87D7C2BFC6-LeaderElection74] INFO  server.RaftServer$Division (ServerState.java:setRaftConf(386)) - ff2509eb-55dd-4ad3-b532-83d6209e1a92@group-8F87D7C2BFC6: set configuration conf: {index: 1, cur=peers:[ff2509eb-55dd-4ad3-b532-83d6209e1a92|127.0.0.1:15015]|listeners:[], old=null}
2025-09-07 09:44:46,966 [ff2509eb-55dd-4ad3-b532-83d6209e1a92@group-8F87D7C2BFC6-SegmentedRaftLogWorker] INFO  segmented.SegmentedRaftLogWorker (SegmentedRaftLogWorker.java:execute(604)) - ff2509eb-55dd-4ad3-b532-83d6209e1a92@group-8F87D7C2BFC6-SegmentedRaftLogWorker: Rolled log segment from /home/runner/work/ozone/ozone/hadoop-ozone/integration-test/target/test-dir/MiniOzoneClusterImpl-023d5a78-e64c-43f3-a4d9-6f7884931d6c/ozone-metadata/datanode-1/ratis/84ca9d0f-7cf9-4c2b-a636-8f87d7c2bfc6/current/log_inprogress_0 to /home/runner/work/ozone/ozone/hadoop-ozone/integration-test/target/test-dir/MiniOzoneClusterImpl-023d5a78-e64c-43f3-a4d9-6f7884931d6c/ozone-metadata/datanode-1/ratis/84ca9d0f-7cf9-4c2b-a636-8f87d7c2bfc6/current/log_0-0
2025-09-07 09:44:46,966 [ff2509eb-55dd-4ad3-b532-83d6209e1a92@group-8F87D7C2BFC6-SegmentedRaftLogWorker] INFO  segmented.BufferedWriteChannel (BufferedWriteChannel.java:open(61)) - open log_inprogress_1 at position 0
2025-09-07 09:44:46,972 [ff2509eb-55dd-4ad3-b532-83d6209e1a92@group-8F87D7C2BFC6-SegmentedRaftLogWorker] INFO  segmented.SegmentedRaftLogWorker (SegmentedRaftLogWorker.java:execute(647)) - ff2509eb-55dd-4ad3-b532-83d6209e1a92@group-8F87D7C2BFC6-SegmentedRaftLogWorker: created new log segment /home/runner/work/ozone/ozone/hadoop-ozone/integration-test/target/test-dir/MiniOzoneClusterImpl-023d5a78-e64c-43f3-a4d9-6f7884931d6c/ozone-metadata/datanode-1/ratis/84ca9d0f-7cf9-4c2b-a636-8f87d7c2bfc6/current/log_inprogress_1
2025-09-07 09:44:46,974 [ff2509eb-55dd-4ad3-b532-83d6209e1a92@group-8F87D7C2BFC6-StateMachineUpdater] INFO  server.RaftServer$Division (LeaderStateImpl.java:checkStartIndex(309)) - Leader ff2509eb-55dd-4ad3-b532-83d6209e1a92@group-8F87D7C2BFC6-LeaderStateImpl is ready since appliedIndex == startIndex == 1
2025-09-07 09:44:47,094 [8500c972-c6d1-4433-9d49-a8e3bb920002@group-77DC33C8A8CA-FollowerState] INFO  impl.FollowerState (FollowerState.java:runImpl(161)) - 8500c972-c6d1-4433-9d49-a8e3bb920002@group-77DC33C8A8CA-FollowerState: change to CANDIDATE, lastRpcElapsedTime:1027518160ns, electionTimeout:1024ms
2025-09-07 09:44:47,094 [8500c972-c6d1-4433-9d49-a8e3bb920002@group-77DC33C8A8CA-FollowerState] INFO  impl.RoleInfo (RoleInfo.java:shutdownFollowerState(121)) - 8500c972-c6d1-4433-9d49-a8e3bb920002: shutdown 8500c972-c6d1-4433-9d49-a8e3bb920002@group-77DC33C8A8CA-FollowerState
2025-09-07 09:44:47,094 [8500c972-c6d1-4433-9d49-a8e3bb920002@group-77DC33C8A8CA-FollowerState] INFO  server.RaftServer$Division (RaftServerImpl.java:setRole(392)) - 8500c972-c6d1-4433-9d49-a8e3bb920002@group-77DC33C8A8CA: changes role from  FOLLOWER to CANDIDATE at term 2 for changeToCandidate
2025-09-07 09:44:47,094 [8500c972-c6d1-4433-9d49-a8e3bb920002@group-77DC33C8A8CA-FollowerState] INFO  impl.RoleInfo (RoleInfo.java:updateAndGet(148)) - 8500c972-c6d1-4433-9d49-a8e3bb920002: start 8500c972-c6d1-4433-9d49-a8e3bb920002@group-77DC33C8A8CA-LeaderElection75
2025-09-07 09:44:47,094 [8500c972-c6d1-4433-9d49-a8e3bb920002@group-77DC33C8A8CA-LeaderElection75] INFO  impl.LeaderElection (LeaderElection.java:askForVotes(448)) - 8500c972-c6d1-4433-9d49-a8e3bb920002@group-77DC33C8A8CA-LeaderElection75 PRE_VOTE round 0: submit vote requests at term 2 for conf: {index: 1, cur=peers:[95d41743-cdf0-4105-938b-93fe980aeffc|127.0.0.1:15031, 8500c972-c6d1-4433-9d49-a8e3bb920002|127.0.0.1:15023, ff2509eb-55dd-4ad3-b532-83d6209e1a92|127.0.0.1:15015]|listeners:[], old=null}
2025-09-07 09:44:47,095 [8500c972-c6d1-4433-9d49-a8e3bb920002@group-77DC33C8A8CA-LeaderElection75-1] INFO  server.GrpcServerProtocolClient (GrpcServerProtocolClient.java:<init>(65)) - Build channel for 95d41743-cdf0-4105-938b-93fe980aeffc|127.0.0.1:15031
2025-09-07 09:44:47,095 [8500c972-c6d1-4433-9d49-a8e3bb920002@group-77DC33C8A8CA-LeaderElection75-2] INFO  server.GrpcServerProtocolClient (GrpcServerProtocolClient.java:<init>(65)) - Build channel for ff2509eb-55dd-4ad3-b532-83d6209e1a92|127.0.0.1:15015
2025-09-07 09:44:47,099 [grpc-default-executor-5] INFO  server.RaftServer$Division (RaftServerImpl.java:requestVote(1421)) - 95d41743-cdf0-4105-938b-93fe980aeffc@group-77DC33C8A8CA: receive requestVote(PRE_VOTE, 8500c972-c6d1-4433-9d49-a8e3bb920002, group-77DC33C8A8CA, 2, (t:2, i:2))
2025-09-07 09:44:47,099 [grpc-default-executor-5] INFO  impl.VoteContext (VoteContext.java:log(49)) - 95d41743-cdf0-4105-938b-93fe980aeffc@group-77DC33C8A8CA-FOLLOWER: accept PRE_VOTE from 8500c972-c6d1-4433-9d49-a8e3bb920002: our priority 0 <= candidate's priority 0
2025-09-07 09:44:47,099 [grpc-default-executor-2] INFO  server.RaftServer$Division (RaftServerImpl.java:requestVote(1421)) - ff2509eb-55dd-4ad3-b532-83d6209e1a92@group-77DC33C8A8CA: receive requestVote(PRE_VOTE, 8500c972-c6d1-4433-9d49-a8e3bb920002, group-77DC33C8A8CA, 2, (t:2, i:2))
2025-09-07 09:44:47,099 [grpc-default-executor-5] INFO  server.RaftServer$Division (RaftServerImpl.java:requestVote(1455)) - 95d41743-cdf0-4105-938b-93fe980aeffc@group-77DC33C8A8CA replies to PRE_VOTE vote request: 8500c972-c6d1-4433-9d49-a8e3bb920002<-95d41743-cdf0-4105-938b-93fe980aeffc#0:OK-t2-last:(t:2, i:2). Peer's state: 95d41743-cdf0-4105-938b-93fe980aeffc@group-77DC33C8A8CA:t2, leader=null, voted=95d41743-cdf0-4105-938b-93fe980aeffc, raftlog=Memoized:95d41743-cdf0-4105-938b-93fe980aeffc@group-77DC33C8A8CA-SegmentedRaftLog:OPENED:c2:last(t:2, i:2), conf=conf: {index: 1, cur=peers:[95d41743-cdf0-4105-938b-93fe980aeffc|127.0.0.1:15031, 8500c972-c6d1-4433-9d49-a8e3bb920002|127.0.0.1:15023, ff2509eb-55dd-4ad3-b532-83d6209e1a92|127.0.0.1:15015]|listeners:[], old=null}
2025-09-07 09:44:47,099 [grpc-default-executor-2] INFO  impl.VoteContext (VoteContext.java:log(49)) - ff2509eb-55dd-4ad3-b532-83d6209e1a92@group-77DC33C8A8CA-FOLLOWER: accept PRE_VOTE from 8500c972-c6d1-4433-9d49-a8e3bb920002: our last entry (t:1, i:0) < candidate's last entry (t:2, i:2)
2025-09-07 09:44:47,099 [grpc-default-executor-2] INFO  server.RaftServer$Division (RaftServerImpl.java:requestVote(1455)) - ff2509eb-55dd-4ad3-b532-83d6209e1a92@group-77DC33C8A8CA replies to PRE_VOTE vote request: 8500c972-c6d1-4433-9d49-a8e3bb920002<-ff2509eb-55dd-4ad3-b532-83d6209e1a92#0:OK-t2-last:(t:1, i:0). Peer's state: ff2509eb-55dd-4ad3-b532-83d6209e1a92@group-77DC33C8A8CA:t2, leader=null, voted=null, raftlog=Memoized:ff2509eb-55dd-4ad3-b532-83d6209e1a92@group-77DC33C8A8CA-SegmentedRaftLog:OPENED:c0:last(t:1, i:0), conf=conf: {index: 0, cur=peers:[95d41743-cdf0-4105-938b-93fe980aeffc|127.0.0.1:15031, 8500c972-c6d1-4433-9d49-a8e3bb920002|127.0.0.1:15023, ff2509eb-55dd-4ad3-b532-83d6209e1a92|127.0.0.1:15015]|listeners:[], old=null}
2025-09-07 09:44:47,100 [8500c972-c6d1-4433-9d49-a8e3bb920002@group-77DC33C8A8CA-LeaderElection75] INFO  impl.LeaderElection (LeaderElection.java:logAndReturn(206)) - 8500c972-c6d1-4433-9d49-a8e3bb920002@group-77DC33C8A8CA-LeaderElection75: PRE_VOTE PASSED received 2 response(s) and 0 exception(s):
2025-09-07 09:44:47,100 [8500c972-c6d1-4433-9d49-a8e3bb920002@group-77DC33C8A8CA-LeaderElection75] INFO  impl.LeaderElection (LeaderElection.java:logAndReturn(210)) -   Response 0: 8500c972-c6d1-4433-9d49-a8e3bb920002<-95d41743-cdf0-4105-938b-93fe980aeffc#0:OK-t2-last:(t:2, i:2)
2025-09-07 09:44:47,100 [8500c972-c6d1-4433-9d49-a8e3bb920002@group-77DC33C8A8CA-LeaderElection75] INFO  impl.LeaderElection (LeaderElection.java:logAndReturn(210)) -   Response 1: 8500c972-c6d1-4433-9d49-a8e3bb920002<-ff2509eb-55dd-4ad3-b532-83d6209e1a92#0:OK-t2-last:(t:1, i:0)
2025-09-07 09:44:47,100 [8500c972-c6d1-4433-9d49-a8e3bb920002@group-77DC33C8A8CA-LeaderElection75] INFO  impl.LeaderElection (LeaderElection.java:askForVotes(450)) - 8500c972-c6d1-4433-9d49-a8e3bb920002@group-77DC33C8A8CA-LeaderElection75 PRE_VOTE round 0: result PASSED
2025-09-07 09:44:47,102 [8500c972-c6d1-4433-9d49-a8e3bb920002@group-77DC33C8A8CA-LeaderElection75] INFO  impl.LeaderElection (LeaderElection.java:askForVotes(448)) - 8500c972-c6d1-4433-9d49-a8e3bb920002@group-77DC33C8A8CA-LeaderElection75 ELECTION round 0: submit vote requests at term 3 for conf: {index: 1, cur=peers:[95d41743-cdf0-4105-938b-93fe980aeffc|127.0.0.1:15031, 8500c972-c6d1-4433-9d49-a8e3bb920002|127.0.0.1:15023, ff2509eb-55dd-4ad3-b532-83d6209e1a92|127.0.0.1:15015]|listeners:[], old=null}
2025-09-07 09:44:47,103 [grpc-default-executor-5] INFO  server.RaftServer$Division (RaftServerImpl.java:requestVote(1421)) - ff2509eb-55dd-4ad3-b532-83d6209e1a92@group-77DC33C8A8CA: receive requestVote(ELECTION, 8500c972-c6d1-4433-9d49-a8e3bb920002, group-77DC33C8A8CA, 3, (t:2, i:2))
2025-09-07 09:44:47,103 [grpc-default-executor-5] INFO  impl.VoteContext (VoteContext.java:log(49)) - ff2509eb-55dd-4ad3-b532-83d6209e1a92@group-77DC33C8A8CA-FOLLOWER: accept ELECTION from 8500c972-c6d1-4433-9d49-a8e3bb920002: our last entry (t:1, i:0) < candidate's last entry (t:2, i:2)
2025-09-07 09:44:47,103 [grpc-default-executor-5] INFO  server.RaftServer$Division (RaftServerImpl.java:setRole(392)) - ff2509eb-55dd-4ad3-b532-83d6209e1a92@group-77DC33C8A8CA: changes role from  FOLLOWER to FOLLOWER at term 2 for candidate:8500c972-c6d1-4433-9d49-a8e3bb920002
2025-09-07 09:44:47,103 [grpc-default-executor-5] INFO  impl.RoleInfo (RoleInfo.java:shutdownFollowerState(121)) - ff2509eb-55dd-4ad3-b532-83d6209e1a92: shutdown ff2509eb-55dd-4ad3-b532-83d6209e1a92@group-77DC33C8A8CA-FollowerState
2025-09-07 09:44:47,103 [grpc-default-executor-5] INFO  impl.RoleInfo (RoleInfo.java:updateAndGet(148)) - ff2509eb-55dd-4ad3-b532-83d6209e1a92: start ff2509eb-55dd-4ad3-b532-83d6209e1a92@group-77DC33C8A8CA-FollowerState
2025-09-07 09:44:47,103 [grpc-default-executor-2] INFO  server.RaftServer$Division (RaftServerImpl.java:requestVote(1421)) - 95d41743-cdf0-4105-938b-93fe980aeffc@group-77DC33C8A8CA: receive requestVote(ELECTION, 8500c972-c6d1-4433-9d49-a8e3bb920002, group-77DC33C8A8CA, 3, (t:2, i:2))
2025-09-07 09:44:47,103 [grpc-default-executor-2] INFO  impl.VoteContext (VoteContext.java:log(49)) - 95d41743-cdf0-4105-938b-93fe980aeffc@group-77DC33C8A8CA-FOLLOWER: accept ELECTION from 8500c972-c6d1-4433-9d49-a8e3bb920002: our priority 0 <= candidate's priority 0
2025-09-07 09:44:47,103 [grpc-default-executor-2] INFO  server.RaftServer$Division (RaftServerImpl.java:setRole(392)) - 95d41743-cdf0-4105-938b-93fe980aeffc@group-77DC33C8A8CA: changes role from  FOLLOWER to FOLLOWER at term 2 for candidate:8500c972-c6d1-4433-9d49-a8e3bb920002
2025-09-07 09:44:47,103 [grpc-default-executor-2] INFO  impl.RoleInfo (RoleInfo.java:shutdownFollowerState(121)) - 95d41743-cdf0-4105-938b-93fe980aeffc: shutdown 95d41743-cdf0-4105-938b-93fe980aeffc@group-77DC33C8A8CA-FollowerState
2025-09-07 09:44:47,104 [grpc-default-executor-2] INFO  impl.RoleInfo (RoleInfo.java:updateAndGet(148)) - 95d41743-cdf0-4105-938b-93fe980aeffc: start 95d41743-cdf0-4105-938b-93fe980aeffc@group-77DC33C8A8CA-FollowerState
2025-09-07 09:44:47,104 [95d41743-cdf0-4105-938b-93fe980aeffc@group-77DC33C8A8CA-FollowerState] INFO  impl.FollowerState (FollowerState.java:runImpl(170)) - 95d41743-cdf0-4105-938b-93fe980aeffc@group-77DC33C8A8CA-FollowerState was interrupted
2025-09-07 09:44:47,104 [ff2509eb-55dd-4ad3-b532-83d6209e1a92@group-77DC33C8A8CA-FollowerState] INFO  impl.FollowerState (FollowerState.java:runImpl(170)) - ff2509eb-55dd-4ad3-b532-83d6209e1a92@group-77DC33C8A8CA-FollowerState was interrupted
2025-09-07 09:44:47,105 [grpc-default-executor-5] INFO  server.RaftServer$Division (RaftServerImpl.java:requestVote(1455)) - ff2509eb-55dd-4ad3-b532-83d6209e1a92@group-77DC33C8A8CA replies to ELECTION vote request: 8500c972-c6d1-4433-9d49-a8e3bb920002<-ff2509eb-55dd-4ad3-b532-83d6209e1a92#0:OK-t3-last:(t:1, i:0). Peer's state: ff2509eb-55dd-4ad3-b532-83d6209e1a92@group-77DC33C8A8CA:t3, leader=null, voted=8500c972-c6d1-4433-9d49-a8e3bb920002, raftlog=Memoized:ff2509eb-55dd-4ad3-b532-83d6209e1a92@group-77DC33C8A8CA-SegmentedRaftLog:OPENED:c0:last(t:1, i:0), conf=conf: {index: 0, cur=peers:[95d41743-cdf0-4105-938b-93fe980aeffc|127.0.0.1:15031, 8500c972-c6d1-4433-9d49-a8e3bb920002|127.0.0.1:15023, ff2509eb-55dd-4ad3-b532-83d6209e1a92|127.0.0.1:15015]|listeners:[], old=null}
2025-09-07 09:44:47,106 [grpc-default-executor-2] INFO  server.RaftServer$Division (RaftServerImpl.java:requestVote(1455)) - 95d41743-cdf0-4105-938b-93fe980aeffc@group-77DC33C8A8CA replies to ELECTION vote request: 8500c972-c6d1-4433-9d49-a8e3bb920002<-95d41743-cdf0-4105-938b-93fe980aeffc#0:OK-t3-last:(t:2, i:2). Peer's state: 95d41743-cdf0-4105-938b-93fe980aeffc@group-77DC33C8A8CA:t3, leader=null, voted=8500c972-c6d1-4433-9d49-a8e3bb920002, raftlog=Memoized:95d41743-cdf0-4105-938b-93fe980aeffc@group-77DC33C8A8CA-SegmentedRaftLog:OPENED:c2:last(t:2, i:2), conf=conf: {index: 1, cur=peers:[95d41743-cdf0-4105-938b-93fe980aeffc|127.0.0.1:15031, 8500c972-c6d1-4433-9d49-a8e3bb920002|127.0.0.1:15023, ff2509eb-55dd-4ad3-b532-83d6209e1a92|127.0.0.1:15015]|listeners:[], old=null}
2025-09-07 09:44:47,106 [8500c972-c6d1-4433-9d49-a8e3bb920002@group-77DC33C8A8CA-LeaderElection75] INFO  impl.LeaderElection (LeaderElection.java:logAndReturn(206)) - 8500c972-c6d1-4433-9d49-a8e3bb920002@group-77DC33C8A8CA-LeaderElection75: ELECTION PASSED received 1 response(s) and 0 exception(s):
2025-09-07 09:44:47,106 [8500c972-c6d1-4433-9d49-a8e3bb920002@group-77DC33C8A8CA-LeaderElection75] INFO  impl.LeaderElection (LeaderElection.java:logAndReturn(210)) -   Response 0: 8500c972-c6d1-4433-9d49-a8e3bb920002<-ff2509eb-55dd-4ad3-b532-83d6209e1a92#0:OK-t3-last:(t:1, i:0)
2025-09-07 09:44:47,106 [8500c972-c6d1-4433-9d49-a8e3bb920002@group-77DC33C8A8CA-LeaderElection75] INFO  impl.LeaderElection (LeaderElection.java:askForVotes(450)) - 8500c972-c6d1-4433-9d49-a8e3bb920002@group-77DC33C8A8CA-LeaderElection75 ELECTION round 0: result PASSED
2025-09-07 09:44:47,106 [8500c972-c6d1-4433-9d49-a8e3bb920002@group-77DC33C8A8CA-LeaderElection75] INFO  impl.RoleInfo (RoleInfo.java:shutdownLeaderElection(141)) - 8500c972-c6d1-4433-9d49-a8e3bb920002: shutdown 8500c972-c6d1-4433-9d49-a8e3bb920002@group-77DC33C8A8CA-LeaderElection75
2025-09-07 09:44:47,106 [8500c972-c6d1-4433-9d49-a8e3bb920002@group-77DC33C8A8CA-LeaderElection75] INFO  server.RaftServer$Division (RaftServerImpl.java:setRole(392)) - 8500c972-c6d1-4433-9d49-a8e3bb920002@group-77DC33C8A8CA: changes role from CANDIDATE to LEADER at term 3 for changeToLeader
2025-09-07 09:44:47,106 [8500c972-c6d1-4433-9d49-a8e3bb920002@group-77DC33C8A8CA-LeaderElection75] INFO  server.RaftServerConfigKeys (ConfUtils.java:logFallback(69)) - raft.server.staging.timeout = 3600ms (fallback to raft.server.rpc.timeout.max)
2025-09-07 09:44:47,107 [8500c972-c6d1-4433-9d49-a8e3bb920002@group-77DC33C8A8CA-LeaderElection75] INFO  server.RaftServerConfigKeys (ConfUtils.java:logGet(62)) - raft.server.write.byte-limit = 1024 M (=1073741824) (custom)
2025-09-07 09:44:47,108 [8500c972-c6d1-4433-9d49-a8e3bb920002@group-77DC33C8A8CA-LeaderElection75] INFO  server.RaftServerConfigKeys (ConfUtils.java:logGet(62)) - raft.server.log.appender.buffer.byte-limit = 33554432 (custom)
2025-09-07 09:44:47,109 [8500c972-c6d1-4433-9d49-a8e3bb920002@group-77DC33C8A8CA-LeaderElection75] INFO  server.RaftServerConfigKeys (ConfUtils.java:logGet(62)) - raft.server.log.appender.buffer.byte-limit = 33554432 (custom)
2025-09-07 09:44:47,109 [8500c972-c6d1-4433-9d49-a8e3bb920002@group-77DC33C8A8CA-LeaderElection75] INFO  impl.RoleInfo (RoleInfo.java:updateAndGet(148)) - 8500c972-c6d1-4433-9d49-a8e3bb920002: start 8500c972-c6d1-4433-9d49-a8e3bb920002@group-77DC33C8A8CA-LeaderStateImpl
2025-09-07 09:44:47,110 [8500c972-c6d1-4433-9d49-a8e3bb920002@group-77DC33C8A8CA-LeaderElection75] INFO  server.RaftServer$Division (RaftServerImpl.java:setFirstElection(576)) - 8500c972-c6d1-4433-9d49-a8e3bb920002@group-77DC33C8A8CA: set firstElectionSinceStartup to false for becomeLeader
2025-09-07 09:44:47,110 [8500c972-c6d1-4433-9d49-a8e3bb920002@group-77DC33C8A8CA-LeaderElection75] INFO  ratis.XceiverServerRatis (XceiverServerRatis.java:handleLeaderChangedNotification(947)) - Leader change notification received for group: group-77DC33C8A8CA with new leaderId: 8500c972-c6d1-4433-9d49-a8e3bb920002
2025-09-07 09:44:47,110 [8500c972-c6d1-4433-9d49-a8e3bb920002@group-77DC33C8A8CA-LeaderElection75] INFO  server.RaftServer$Division (ServerState.java:setLeader(272)) - 8500c972-c6d1-4433-9d49-a8e3bb920002@group-77DC33C8A8CA: change Leader from null to 8500c972-c6d1-4433-9d49-a8e3bb920002 at term 3 for becomeLeader, leader elected after 1813ms
2025-09-07 09:44:47,110 [8500c972-c6d1-4433-9d49-a8e3bb920002@group-77DC33C8A8CA-LeaderElection75] INFO  segmented.SegmentedRaftLogWorker (SegmentedRaftLogWorker.java:rollLogSegment(445)) - 8500c972-c6d1-4433-9d49-a8e3bb920002@group-77DC33C8A8CA-SegmentedRaftLogWorker: Rolling segment log-1_2 to index:2
2025-09-07 09:44:47,110 [8500c972-c6d1-4433-9d49-a8e3bb920002@group-77DC33C8A8CA-LeaderElection75] INFO  server.RaftServer$Division (ServerState.java:setRaftConf(386)) - 8500c972-c6d1-4433-9d49-a8e3bb920002@group-77DC33C8A8CA: set configuration conf: {index: 3, cur=peers:[95d41743-cdf0-4105-938b-93fe980aeffc|127.0.0.1:15031, 8500c972-c6d1-4433-9d49-a8e3bb920002|127.0.0.1:15023, ff2509eb-55dd-4ad3-b532-83d6209e1a92|127.0.0.1:15015]|listeners:[], old=null}
2025-09-07 09:44:47,111 [8500c972-c6d1-4433-9d49-a8e3bb920002@group-77DC33C8A8CA-SegmentedRaftLogWorker] INFO  segmented.SegmentedRaftLogWorker (SegmentedRaftLogWorker.java:execute(604)) - 8500c972-c6d1-4433-9d49-a8e3bb920002@group-77DC33C8A8CA-SegmentedRaftLogWorker: Rolled log segment from /home/runner/work/ozone/ozone/hadoop-ozone/integration-test/target/test-dir/MiniOzoneClusterImpl-023d5a78-e64c-43f3-a4d9-6f7884931d6c/ozone-metadata/datanode-2/ratis/766115e5-0d59-4db5-b7b5-77dc33c8a8ca/current/log_inprogress_1 to /home/runner/work/ozone/ozone/hadoop-ozone/integration-test/target/test-dir/MiniOzoneClusterImpl-023d5a78-e64c-43f3-a4d9-6f7884931d6c/ozone-metadata/datanode-2/ratis/766115e5-0d59-4db5-b7b5-77dc33c8a8ca/current/log_1-2
2025-09-07 09:44:47,111 [8500c972-c6d1-4433-9d49-a8e3bb920002@group-77DC33C8A8CA-SegmentedRaftLogWorker] INFO  segmented.BufferedWriteChannel (BufferedWriteChannel.java:open(61)) - open log_inprogress_3 at position 0
2025-09-07 09:44:47,117 [grpc-default-executor-3] INFO  ratis.XceiverServerRatis (XceiverServerRatis.java:handleLeaderChangedNotification(947)) - Leader change notification received for group: group-77DC33C8A8CA with new leaderId: 8500c972-c6d1-4433-9d49-a8e3bb920002
2025-09-07 09:44:47,117 [grpc-default-executor-3] INFO  server.RaftServer$Division (ServerState.java:setLeader(272)) - ff2509eb-55dd-4ad3-b532-83d6209e1a92@group-77DC33C8A8CA: change Leader from null to 8500c972-c6d1-4433-9d49-a8e3bb920002 at term 3 for appendEntries, leader elected after 2085ms
2025-09-07 09:44:47,117 [grpc-default-executor-3] INFO  server.RaftServer$Division (RaftServerImpl.java:checkInconsistentAppendEntries(1673)) - ff2509eb-55dd-4ad3-b532-83d6209e1a92@group-77DC33C8A8CA: Failed appendEntries as previous log entry ((t:2, i:2)) is not found
2025-09-07 09:44:47,117 [grpc-default-executor-3] INFO  server.RaftServer$Division (RaftServerImpl.java:appendEntriesAsync(1594)) - ff2509eb-55dd-4ad3-b532-83d6209e1a92@group-77DC33C8A8CA: appendEntries* reply 8500c972-c6d1-4433-9d49-a8e3bb920002<-ff2509eb-55dd-4ad3-b532-83d6209e1a92#0:FAIL-t3,INCONSISTENCY,nextIndex=1,followerCommit=0,matchIndex=-1
2025-09-07 09:44:47,117 [grpc-default-executor-4] INFO  ratis.XceiverServerRatis (XceiverServerRatis.java:handleLeaderChangedNotification(947)) - Leader change notification received for group: group-77DC33C8A8CA with new leaderId: 8500c972-c6d1-4433-9d49-a8e3bb920002
2025-09-07 09:44:47,118 [grpc-default-executor-4] INFO  server.RaftServer$Division (ServerState.java:setLeader(272)) - 95d41743-cdf0-4105-938b-93fe980aeffc@group-77DC33C8A8CA: change Leader from null to 8500c972-c6d1-4433-9d49-a8e3bb920002 at term 3 for appendEntries, leader elected after 36085ms
2025-09-07 09:44:47,118 [grpc-default-executor-2] INFO  server.RaftServer$Division (RaftServerImpl.java:checkInconsistentAppendEntries(1673)) - ff2509eb-55dd-4ad3-b532-83d6209e1a92@group-77DC33C8A8CA: Failed appendEntries as previous log entry ((t:2, i:2)) is not found
2025-09-07 09:44:47,118 [grpc-default-executor-2] INFO  server.RaftServer$Division (RaftServerImpl.java:appendEntriesAsync(1594)) - ff2509eb-55dd-4ad3-b532-83d6209e1a92@group-77DC33C8A8CA: appendEntries* reply 8500c972-c6d1-4433-9d49-a8e3bb920002<-ff2509eb-55dd-4ad3-b532-83d6209e1a92#1:FAIL-t3,INCONSISTENCY,nextIndex=1,followerCommit=0,matchIndex=-1
2025-09-07 09:44:47,119 [8500c972-c6d1-4433-9d49-a8e3bb920002@group-77DC33C8A8CA-SegmentedRaftLogWorker] INFO  segmented.SegmentedRaftLogWorker (SegmentedRaftLogWorker.java:execute(647)) - 8500c972-c6d1-4433-9d49-a8e3bb920002@group-77DC33C8A8CA-SegmentedRaftLogWorker: created new log segment /home/runner/work/ozone/ozone/hadoop-ozone/integration-test/target/test-dir/MiniOzoneClusterImpl-023d5a78-e64c-43f3-a4d9-6f7884931d6c/ozone-metadata/datanode-2/ratis/766115e5-0d59-4db5-b7b5-77dc33c8a8ca/current/log_inprogress_3
2025-09-07 09:44:47,120 [grpc-default-executor-3] INFO  server.RaftServer$Division (ServerState.java:setRaftConf(386)) - 95d41743-cdf0-4105-938b-93fe980aeffc@group-77DC33C8A8CA: set configuration conf: {index: 3, cur=peers:[95d41743-cdf0-4105-938b-93fe980aeffc|127.0.0.1:15031, 8500c972-c6d1-4433-9d49-a8e3bb920002|127.0.0.1:15023, ff2509eb-55dd-4ad3-b532-83d6209e1a92|127.0.0.1:15015]|listeners:[], old=null}
2025-09-07 09:44:47,120 [grpc-default-executor-3] INFO  segmented.SegmentedRaftLogWorker (SegmentedRaftLogWorker.java:rollLogSegment(445)) - 95d41743-cdf0-4105-938b-93fe980aeffc@group-77DC33C8A8CA-SegmentedRaftLogWorker: Rolling segment log-1_2 to index:2
2025-09-07 09:44:47,121 [grpc-default-executor-2] WARN  server.GrpcLogAppender (GrpcLogAppender.java:lambda$onNextImpl$0(527)) - 8500c972-c6d1-4433-9d49-a8e3bb920002@group-77DC33C8A8CA->ff2509eb-55dd-4ad3-b532-83d6209e1a92-AppendLogResponseHandler: received INCONSISTENCY reply with nextIndex 1, errorCount=2, request=AppendEntriesRequest:cid=1,entriesCount=1,entry=(t:3, i:3) 
2025-09-07 09:44:47,122 [95d41743-cdf0-4105-938b-93fe980aeffc@group-77DC33C8A8CA-SegmentedRaftLogWorker] INFO  segmented.SegmentedRaftLogWorker (SegmentedRaftLogWorker.java:execute(604)) - 95d41743-cdf0-4105-938b-93fe980aeffc@group-77DC33C8A8CA-SegmentedRaftLogWorker: Rolled log segment from /home/runner/work/ozone/ozone/hadoop-ozone/integration-test/target/test-dir/MiniOzoneClusterImpl-023d5a78-e64c-43f3-a4d9-6f7884931d6c/ozone-metadata/datanode-3/ratis/766115e5-0d59-4db5-b7b5-77dc33c8a8ca/current/log_inprogress_1 to /home/runner/work/ozone/ozone/hadoop-ozone/integration-test/target/test-dir/MiniOzoneClusterImpl-023d5a78-e64c-43f3-a4d9-6f7884931d6c/ozone-metadata/datanode-3/ratis/766115e5-0d59-4db5-b7b5-77dc33c8a8ca/current/log_1-2
2025-09-07 09:44:47,122 [95d41743-cdf0-4105-938b-93fe980aeffc@group-77DC33C8A8CA-SegmentedRaftLogWorker] INFO  segmented.BufferedWriteChannel (BufferedWriteChannel.java:open(61)) - open log_inprogress_3 at position 0
2025-09-07 09:44:47,122 [grpc-default-executor-2] INFO  leader.FollowerInfo (FollowerInfoImpl.java:info(70)) - 8500c972-c6d1-4433-9d49-a8e3bb920002@group-77DC33C8A8CA->ff2509eb-55dd-4ad3-b532-83d6209e1a92: setNextIndex nextIndex: updateUnconditionally 4 -> 1
2025-09-07 09:44:47,123 [grpc-default-executor-4] INFO  server.RaftServer$Division (ServerState.java:setRaftConf(386)) - ff2509eb-55dd-4ad3-b532-83d6209e1a92@group-77DC33C8A8CA: set configuration conf: {index: 1, cur=peers:[95d41743-cdf0-4105-938b-93fe980aeffc|127.0.0.1:15031, 8500c972-c6d1-4433-9d49-a8e3bb920002|127.0.0.1:15023, ff2509eb-55dd-4ad3-b532-83d6209e1a92|127.0.0.1:15015]|listeners:[], old=null}
2025-09-07 09:44:47,123 [grpc-default-executor-4] INFO  server.RaftServer$Division (ServerState.java:setRaftConf(386)) - ff2509eb-55dd-4ad3-b532-83d6209e1a92@group-77DC33C8A8CA: set configuration conf: {index: 3, cur=peers:[95d41743-cdf0-4105-938b-93fe980aeffc|127.0.0.1:15031, 8500c972-c6d1-4433-9d49-a8e3bb920002|127.0.0.1:15023, ff2509eb-55dd-4ad3-b532-83d6209e1a92|127.0.0.1:15015]|listeners:[], old=null}
2025-09-07 09:44:47,123 [grpc-default-executor-4] INFO  segmented.SegmentedRaftLogWorker (SegmentedRaftLogWorker.java:rollLogSegment(445)) - ff2509eb-55dd-4ad3-b532-83d6209e1a92@group-77DC33C8A8CA-SegmentedRaftLogWorker: Rolling segment log-0_0 to index:0
2025-09-07 09:44:47,123 [grpc-default-executor-4] INFO  segmented.SegmentedRaftLogWorker (SegmentedRaftLogWorker.java:rollLogSegment(445)) - ff2509eb-55dd-4ad3-b532-83d6209e1a92@group-77DC33C8A8CA-SegmentedRaftLogWorker: Rolling segment log-1_2 to index:2
2025-09-07 09:44:47,124 [ff2509eb-55dd-4ad3-b532-83d6209e1a92@group-77DC33C8A8CA-SegmentedRaftLogWorker] INFO  segmented.SegmentedRaftLogWorker (SegmentedRaftLogWorker.java:execute(604)) - ff2509eb-55dd-4ad3-b532-83d6209e1a92@group-77DC33C8A8CA-SegmentedRaftLogWorker: Rolled log segment from /home/runner/work/ozone/ozone/hadoop-ozone/integration-test/target/test-dir/MiniOzoneClusterImpl-023d5a78-e64c-43f3-a4d9-6f7884931d6c/ozone-metadata/datanode-1/ratis/766115e5-0d59-4db5-b7b5-77dc33c8a8ca/current/log_inprogress_0 to /home/runner/work/ozone/ozone/hadoop-ozone/integration-test/target/test-dir/MiniOzoneClusterImpl-023d5a78-e64c-43f3-a4d9-6f7884931d6c/ozone-metadata/datanode-1/ratis/766115e5-0d59-4db5-b7b5-77dc33c8a8ca/current/log_0-0
2025-09-07 09:44:47,124 [ff2509eb-55dd-4ad3-b532-83d6209e1a92@group-77DC33C8A8CA-SegmentedRaftLogWorker] INFO  segmented.BufferedWriteChannel (BufferedWriteChannel.java:open(61)) - open log_inprogress_1 at position 0
2025-09-07 09:44:47,129 [95d41743-cdf0-4105-938b-93fe980aeffc@group-77DC33C8A8CA-SegmentedRaftLogWorker] INFO  segmented.SegmentedRaftLogWorker (SegmentedRaftLogWorker.java:execute(647)) - 95d41743-cdf0-4105-938b-93fe980aeffc@group-77DC33C8A8CA-SegmentedRaftLogWorker: created new log segment /home/runner/work/ozone/ozone/hadoop-ozone/integration-test/target/test-dir/MiniOzoneClusterImpl-023d5a78-e64c-43f3-a4d9-6f7884931d6c/ozone-metadata/datanode-3/ratis/766115e5-0d59-4db5-b7b5-77dc33c8a8ca/current/log_inprogress_3
2025-09-07 09:44:47,132 [ff2509eb-55dd-4ad3-b532-83d6209e1a92@group-77DC33C8A8CA-SegmentedRaftLogWorker] INFO  segmented.SegmentedRaftLogWorker (SegmentedRaftLogWorker.java:execute(647)) - ff2509eb-55dd-4ad3-b532-83d6209e1a92@group-77DC33C8A8CA-SegmentedRaftLogWorker: created new log segment /home/runner/work/ozone/ozone/hadoop-ozone/integration-test/target/test-dir/MiniOzoneClusterImpl-023d5a78-e64c-43f3-a4d9-6f7884931d6c/ozone-metadata/datanode-1/ratis/766115e5-0d59-4db5-b7b5-77dc33c8a8ca/current/log_inprogress_1
2025-09-07 09:44:47,134 [8500c972-c6d1-4433-9d49-a8e3bb920002@group-77DC33C8A8CA-StateMachineUpdater] INFO  server.RaftServer$Division (LeaderStateImpl.java:checkStartIndex(309)) - Leader 8500c972-c6d1-4433-9d49-a8e3bb920002@group-77DC33C8A8CA-LeaderStateImpl is ready since appliedIndex == startIndex == 3
2025-09-07 09:44:47,134 [ff2509eb-55dd-4ad3-b532-83d6209e1a92@group-77DC33C8A8CA-SegmentedRaftLogWorker] INFO  segmented.SegmentedRaftLogWorker (SegmentedRaftLogWorker.java:execute(604)) - ff2509eb-55dd-4ad3-b532-83d6209e1a92@group-77DC33C8A8CA-SegmentedRaftLogWorker: Rolled log segment from /home/runner/work/ozone/ozone/hadoop-ozone/integration-test/target/test-dir/MiniOzoneClusterImpl-023d5a78-e64c-43f3-a4d9-6f7884931d6c/ozone-metadata/datanode-1/ratis/766115e5-0d59-4db5-b7b5-77dc33c8a8ca/current/log_inprogress_1 to /home/runner/work/ozone/ozone/hadoop-ozone/integration-test/target/test-dir/MiniOzoneClusterImpl-023d5a78-e64c-43f3-a4d9-6f7884931d6c/ozone-metadata/datanode-1/ratis/766115e5-0d59-4db5-b7b5-77dc33c8a8ca/current/log_1-2
2025-09-07 09:44:47,135 [ff2509eb-55dd-4ad3-b532-83d6209e1a92@group-77DC33C8A8CA-SegmentedRaftLogWorker] INFO  segmented.BufferedWriteChannel (BufferedWriteChannel.java:open(61)) - open log_inprogress_3 at position 0
2025-09-07 09:44:47,140 [ff2509eb-55dd-4ad3-b532-83d6209e1a92@group-77DC33C8A8CA-SegmentedRaftLogWorker] INFO  segmented.SegmentedRaftLogWorker (SegmentedRaftLogWorker.java:execute(647)) - ff2509eb-55dd-4ad3-b532-83d6209e1a92@group-77DC33C8A8CA-SegmentedRaftLogWorker: created new log segment /home/runner/work/ozone/ozone/hadoop-ozone/integration-test/target/test-dir/MiniOzoneClusterImpl-023d5a78-e64c-43f3-a4d9-6f7884931d6c/ozone-metadata/datanode-1/ratis/766115e5-0d59-4db5-b7b5-77dc33c8a8ca/current/log_inprogress_3
2025-09-07 09:44:47,188 [8500c972-c6d1-4433-9d49-a8e3bb920002@group-7B86A1802608-FollowerState] INFO  impl.FollowerState (FollowerState.java:runImpl(161)) - 8500c972-c6d1-4433-9d49-a8e3bb920002@group-7B86A1802608-FollowerState: change to CANDIDATE, lastRpcElapsedTime:1127768494ns, electionTimeout:1123ms
2025-09-07 09:44:47,188 [8500c972-c6d1-4433-9d49-a8e3bb920002@group-7B86A1802608-FollowerState] INFO  impl.RoleInfo (RoleInfo.java:shutdownFollowerState(121)) - 8500c972-c6d1-4433-9d49-a8e3bb920002: shutdown 8500c972-c6d1-4433-9d49-a8e3bb920002@group-7B86A1802608-FollowerState
2025-09-07 09:44:47,188 [8500c972-c6d1-4433-9d49-a8e3bb920002@group-7B86A1802608-FollowerState] INFO  server.RaftServer$Division (RaftServerImpl.java:setRole(392)) - 8500c972-c6d1-4433-9d49-a8e3bb920002@group-7B86A1802608: changes role from  FOLLOWER to CANDIDATE at term 1 for changeToCandidate
2025-09-07 09:44:47,188 [8500c972-c6d1-4433-9d49-a8e3bb920002@group-7B86A1802608-FollowerState] INFO  impl.RoleInfo (RoleInfo.java:updateAndGet(148)) - 8500c972-c6d1-4433-9d49-a8e3bb920002: start 8500c972-c6d1-4433-9d49-a8e3bb920002@group-7B86A1802608-LeaderElection76
2025-09-07 09:44:47,188 [8500c972-c6d1-4433-9d49-a8e3bb920002@group-7B86A1802608-LeaderElection76] INFO  impl.LeaderElection (LeaderElection.java:askForVotes(448)) - 8500c972-c6d1-4433-9d49-a8e3bb920002@group-7B86A1802608-LeaderElection76 PRE_VOTE round 0: submit vote requests at term 1 for conf: {index: 0, cur=peers:[8500c972-c6d1-4433-9d49-a8e3bb920002|127.0.0.1:15023]|listeners:[], old=null}
2025-09-07 09:44:47,188 [8500c972-c6d1-4433-9d49-a8e3bb920002@group-7B86A1802608-LeaderElection76] INFO  impl.LeaderElection (LeaderElection.java:askForVotes(450)) - 8500c972-c6d1-4433-9d49-a8e3bb920002@group-7B86A1802608-LeaderElection76 PRE_VOTE round 0: result PASSED (term=1)
2025-09-07 09:44:47,190 [8500c972-c6d1-4433-9d49-a8e3bb920002@group-7B86A1802608-LeaderElection76] INFO  impl.LeaderElection (LeaderElection.java:askForVotes(448)) - 8500c972-c6d1-4433-9d49-a8e3bb920002@group-7B86A1802608-LeaderElection76 ELECTION round 0: submit vote requests at term 2 for conf: {index: 0, cur=peers:[8500c972-c6d1-4433-9d49-a8e3bb920002|127.0.0.1:15023]|listeners:[], old=null}
2025-09-07 09:44:47,190 [8500c972-c6d1-4433-9d49-a8e3bb920002@group-7B86A1802608-LeaderElection76] INFO  impl.LeaderElection (LeaderElection.java:askForVotes(450)) - 8500c972-c6d1-4433-9d49-a8e3bb920002@group-7B86A1802608-LeaderElection76 ELECTION round 0: result PASSED (term=2)
2025-09-07 09:44:47,190 [8500c972-c6d1-4433-9d49-a8e3bb920002@group-7B86A1802608-LeaderElection76] INFO  impl.RoleInfo (RoleInfo.java:shutdownLeaderElection(141)) - 8500c972-c6d1-4433-9d49-a8e3bb920002: shutdown 8500c972-c6d1-4433-9d49-a8e3bb920002@group-7B86A1802608-LeaderElection76
2025-09-07 09:44:47,190 [8500c972-c6d1-4433-9d49-a8e3bb920002@group-7B86A1802608-LeaderElection76] INFO  server.RaftServer$Division (RaftServerImpl.java:setRole(392)) - 8500c972-c6d1-4433-9d49-a8e3bb920002@group-7B86A1802608: changes role from CANDIDATE to LEADER at term 2 for changeToLeader
2025-09-07 09:44:47,190 [8500c972-c6d1-4433-9d49-a8e3bb920002@group-7B86A1802608-LeaderElection76] INFO  server.RaftServerConfigKeys (ConfUtils.java:logFallback(69)) - raft.server.staging.timeout = 3600ms (fallback to raft.server.rpc.timeout.max)
2025-09-07 09:44:47,190 [8500c972-c6d1-4433-9d49-a8e3bb920002@group-7B86A1802608-LeaderElection76] INFO  server.RaftServerConfigKeys (ConfUtils.java:logGet(62)) - raft.server.write.byte-limit = 1024 M (=1073741824) (custom)
2025-09-07 09:44:47,191 [8500c972-c6d1-4433-9d49-a8e3bb920002@group-7B86A1802608-LeaderElection76] INFO  impl.RoleInfo (RoleInfo.java:updateAndGet(148)) - 8500c972-c6d1-4433-9d49-a8e3bb920002: start 8500c972-c6d1-4433-9d49-a8e3bb920002@group-7B86A1802608-LeaderStateImpl
2025-09-07 09:44:47,191 [8500c972-c6d1-4433-9d49-a8e3bb920002@group-7B86A1802608-LeaderElection76] INFO  server.RaftServer$Division (RaftServerImpl.java:setFirstElection(576)) - 8500c972-c6d1-4433-9d49-a8e3bb920002@group-7B86A1802608: set firstElectionSinceStartup to false for becomeLeader
2025-09-07 09:44:47,191 [8500c972-c6d1-4433-9d49-a8e3bb920002@group-7B86A1802608-LeaderElection76] INFO  ratis.XceiverServerRatis (XceiverServerRatis.java:handleLeaderChangedNotification(947)) - Leader change notification received for group: group-7B86A1802608 with new leaderId: 8500c972-c6d1-4433-9d49-a8e3bb920002
2025-09-07 09:44:47,191 [8500c972-c6d1-4433-9d49-a8e3bb920002@group-7B86A1802608-LeaderElection76] INFO  server.RaftServer$Division (ServerState.java:setLeader(272)) - 8500c972-c6d1-4433-9d49-a8e3bb920002@group-7B86A1802608: change Leader from null to 8500c972-c6d1-4433-9d49-a8e3bb920002 at term 2 for becomeLeader, leader elected after 1901ms
2025-09-07 09:44:47,192 [8500c972-c6d1-4433-9d49-a8e3bb920002@group-7B86A1802608-LeaderElection76] INFO  segmented.SegmentedRaftLogWorker (SegmentedRaftLogWorker.java:rollLogSegment(445)) - 8500c972-c6d1-4433-9d49-a8e3bb920002@group-7B86A1802608-SegmentedRaftLogWorker: Rolling segment log-0_0 to index:0
2025-09-07 09:44:47,192 [8500c972-c6d1-4433-9d49-a8e3bb920002@group-7B86A1802608-LeaderElection76] INFO  server.RaftServer$Division (ServerState.java:setRaftConf(386)) - 8500c972-c6d1-4433-9d49-a8e3bb920002@group-7B86A1802608: set configuration conf: {index: 1, cur=peers:[8500c972-c6d1-4433-9d49-a8e3bb920002|127.0.0.1:15023]|listeners:[], old=null}
2025-09-07 09:44:47,192 [8500c972-c6d1-4433-9d49-a8e3bb920002@group-7B86A1802608-SegmentedRaftLogWorker] INFO  segmented.SegmentedRaftLogWorker (SegmentedRaftLogWorker.java:execute(604)) - 8500c972-c6d1-4433-9d49-a8e3bb920002@group-7B86A1802608-SegmentedRaftLogWorker: Rolled log segment from /home/runner/work/ozone/ozone/hadoop-ozone/integration-test/target/test-dir/MiniOzoneClusterImpl-023d5a78-e64c-43f3-a4d9-6f7884931d6c/ozone-metadata/datanode-2/ratis/964e2755-6250-4d78-b504-7b86a1802608/current/log_inprogress_0 to /home/runner/work/ozone/ozone/hadoop-ozone/integration-test/target/test-dir/MiniOzoneClusterImpl-023d5a78-e64c-43f3-a4d9-6f7884931d6c/ozone-metadata/datanode-2/ratis/964e2755-6250-4d78-b504-7b86a1802608/current/log_0-0
2025-09-07 09:44:47,192 [8500c972-c6d1-4433-9d49-a8e3bb920002@group-7B86A1802608-SegmentedRaftLogWorker] INFO  segmented.BufferedWriteChannel (BufferedWriteChannel.java:open(61)) - open log_inprogress_1 at position 0
2025-09-07 09:44:47,198 [8500c972-c6d1-4433-9d49-a8e3bb920002@group-7B86A1802608-SegmentedRaftLogWorker] INFO  segmented.SegmentedRaftLogWorker (SegmentedRaftLogWorker.java:execute(647)) - 8500c972-c6d1-4433-9d49-a8e3bb920002@group-7B86A1802608-SegmentedRaftLogWorker: created new log segment /home/runner/work/ozone/ozone/hadoop-ozone/integration-test/target/test-dir/MiniOzoneClusterImpl-023d5a78-e64c-43f3-a4d9-6f7884931d6c/ozone-metadata/datanode-2/ratis/964e2755-6250-4d78-b504-7b86a1802608/current/log_inprogress_1
2025-09-07 09:44:47,199 [8500c972-c6d1-4433-9d49-a8e3bb920002@group-7B86A1802608-StateMachineUpdater] INFO  server.RaftServer$Division (LeaderStateImpl.java:checkStartIndex(309)) - Leader 8500c972-c6d1-4433-9d49-a8e3bb920002@group-7B86A1802608-LeaderStateImpl is ready since appliedIndex == startIndex == 1
2025-09-07 09:44:47,743 [95d41743-cdf0-4105-938b-93fe980aeffc@group-DDE89B3F2AFE-FollowerState] INFO  impl.FollowerState (FollowerState.java:runImpl(161)) - 95d41743-cdf0-4105-938b-93fe980aeffc@group-DDE89B3F2AFE-FollowerState: change to CANDIDATE, lastRpcElapsedTime:1107362547ns, electionTimeout:1107ms
2025-09-07 09:44:47,744 [95d41743-cdf0-4105-938b-93fe980aeffc@group-DDE89B3F2AFE-FollowerState] INFO  impl.RoleInfo (RoleInfo.java:shutdownFollowerState(121)) - 95d41743-cdf0-4105-938b-93fe980aeffc: shutdown 95d41743-cdf0-4105-938b-93fe980aeffc@group-DDE89B3F2AFE-FollowerState
2025-09-07 09:44:47,744 [95d41743-cdf0-4105-938b-93fe980aeffc@group-DDE89B3F2AFE-FollowerState] INFO  server.RaftServer$Division (RaftServerImpl.java:setRole(392)) - 95d41743-cdf0-4105-938b-93fe980aeffc@group-DDE89B3F2AFE: changes role from  FOLLOWER to CANDIDATE at term 1 for changeToCandidate
2025-09-07 09:44:47,744 [95d41743-cdf0-4105-938b-93fe980aeffc@group-DDE89B3F2AFE-FollowerState] INFO  impl.RoleInfo (RoleInfo.java:updateAndGet(148)) - 95d41743-cdf0-4105-938b-93fe980aeffc: start 95d41743-cdf0-4105-938b-93fe980aeffc@group-DDE89B3F2AFE-LeaderElection77
2025-09-07 09:44:47,744 [95d41743-cdf0-4105-938b-93fe980aeffc@group-DDE89B3F2AFE-LeaderElection77] INFO  impl.LeaderElection (LeaderElection.java:askForVotes(448)) - 95d41743-cdf0-4105-938b-93fe980aeffc@group-DDE89B3F2AFE-LeaderElection77 PRE_VOTE round 0: submit vote requests at term 1 for conf: {index: 0, cur=peers:[95d41743-cdf0-4105-938b-93fe980aeffc|127.0.0.1:15031, 8500c972-c6d1-4433-9d49-a8e3bb920002|127.0.0.1:15023, ff2509eb-55dd-4ad3-b532-83d6209e1a92|127.0.0.1:15015]|listeners:[], old=null}
2025-09-07 09:44:47,745 [95d41743-cdf0-4105-938b-93fe980aeffc@group-DDE89B3F2AFE-LeaderElection77] INFO  impl.LeaderElection (LogUtils.java:infoOrTrace(142)) - 95d41743-cdf0-4105-938b-93fe980aeffc@group-DDE89B3F2AFE-LeaderElection77 got exception when requesting votes: java.util.concurrent.ExecutionException: org.apache.ratis.thirdparty.io.grpc.StatusRuntimeException: UNAVAILABLE: io exception
2025-09-07 09:44:47,745 [95d41743-cdf0-4105-938b-93fe980aeffc@group-DDE89B3F2AFE-LeaderElection77] INFO  impl.LeaderElection (LogUtils.java:infoOrTrace(142)) - 95d41743-cdf0-4105-938b-93fe980aeffc@group-DDE89B3F2AFE-LeaderElection77 got exception when requesting votes: java.util.concurrent.ExecutionException: org.apache.ratis.thirdparty.io.grpc.StatusRuntimeException: UNAVAILABLE: io exception
2025-09-07 09:44:47,745 [95d41743-cdf0-4105-938b-93fe980aeffc@group-DDE89B3F2AFE-LeaderElection77] INFO  impl.LeaderElection (LeaderElection.java:logAndReturn(206)) - 95d41743-cdf0-4105-938b-93fe980aeffc@group-DDE89B3F2AFE-LeaderElection77: PRE_VOTE REJECTED received 0 response(s) and 2 exception(s):
2025-09-07 09:44:47,745 [95d41743-cdf0-4105-938b-93fe980aeffc@group-DDE89B3F2AFE-LeaderElection77] INFO  impl.LeaderElection (LogUtils.java:infoOrTrace(142)) -   Exception 0: java.util.concurrent.ExecutionException: org.apache.ratis.thirdparty.io.grpc.StatusRuntimeException: UNAVAILABLE: io exception
2025-09-07 09:44:47,745 [95d41743-cdf0-4105-938b-93fe980aeffc@group-DDE89B3F2AFE-LeaderElection77] INFO  impl.LeaderElection (LogUtils.java:infoOrTrace(142)) -   Exception 1: java.util.concurrent.ExecutionException: org.apache.ratis.thirdparty.io.grpc.StatusRuntimeException: UNAVAILABLE: io exception
2025-09-07 09:44:47,745 [95d41743-cdf0-4105-938b-93fe980aeffc@group-DDE89B3F2AFE-LeaderElection77] INFO  impl.LeaderElection (LeaderElection.java:askForVotes(450)) - 95d41743-cdf0-4105-938b-93fe980aeffc@group-DDE89B3F2AFE-LeaderElection77 PRE_VOTE round 0: result REJECTED
2025-09-07 09:44:47,745 [95d41743-cdf0-4105-938b-93fe980aeffc@group-DDE89B3F2AFE-LeaderElection77] INFO  server.RaftServer$Division (RaftServerImpl.java:setRole(392)) - 95d41743-cdf0-4105-938b-93fe980aeffc@group-DDE89B3F2AFE: changes role from CANDIDATE to FOLLOWER at term 1 for REJECTED
2025-09-07 09:44:47,745 [95d41743-cdf0-4105-938b-93fe980aeffc@group-DDE89B3F2AFE-LeaderElection77] INFO  impl.RoleInfo (RoleInfo.java:shutdownLeaderElection(141)) - 95d41743-cdf0-4105-938b-93fe980aeffc: shutdown 95d41743-cdf0-4105-938b-93fe980aeffc@group-DDE89B3F2AFE-LeaderElection77
2025-09-07 09:44:47,745 [95d41743-cdf0-4105-938b-93fe980aeffc@group-DDE89B3F2AFE-LeaderElection77] INFO  impl.RoleInfo (RoleInfo.java:updateAndGet(148)) - 95d41743-cdf0-4105-938b-93fe980aeffc: start 95d41743-cdf0-4105-938b-93fe980aeffc@group-DDE89B3F2AFE-FollowerState
2025-09-07 09:44:48,045 [ff2509eb-55dd-4ad3-b532-83d6209e1a92@group-DDE89B3F2AFE-FollowerState] INFO  impl.FollowerState (FollowerState.java:runImpl(161)) - ff2509eb-55dd-4ad3-b532-83d6209e1a92@group-DDE89B3F2AFE-FollowerState: change to CANDIDATE, lastRpcElapsedTime:1198560552ns, electionTimeout:1198ms
2025-09-07 09:44:48,045 [ff2509eb-55dd-4ad3-b532-83d6209e1a92@group-DDE89B3F2AFE-FollowerState] INFO  impl.RoleInfo (RoleInfo.java:shutdownFollowerState(121)) - ff2509eb-55dd-4ad3-b532-83d6209e1a92: shutdown ff2509eb-55dd-4ad3-b532-83d6209e1a92@group-DDE89B3F2AFE-FollowerState
2025-09-07 09:44:48,045 [ff2509eb-55dd-4ad3-b532-83d6209e1a92@group-DDE89B3F2AFE-FollowerState] INFO  server.RaftServer$Division (RaftServerImpl.java:setRole(392)) - ff2509eb-55dd-4ad3-b532-83d6209e1a92@group-DDE89B3F2AFE: changes role from  FOLLOWER to CANDIDATE at term 1 for changeToCandidate
2025-09-07 09:44:48,045 [ff2509eb-55dd-4ad3-b532-83d6209e1a92@group-DDE89B3F2AFE-FollowerState] INFO  impl.RoleInfo (RoleInfo.java:updateAndGet(148)) - ff2509eb-55dd-4ad3-b532-83d6209e1a92: start ff2509eb-55dd-4ad3-b532-83d6209e1a92@group-DDE89B3F2AFE-LeaderElection78
2025-09-07 09:44:48,046 [ff2509eb-55dd-4ad3-b532-83d6209e1a92@group-DDE89B3F2AFE-LeaderElection78] INFO  impl.LeaderElection (LeaderElection.java:askForVotes(448)) - ff2509eb-55dd-4ad3-b532-83d6209e1a92@group-DDE89B3F2AFE-LeaderElection78 PRE_VOTE round 0: submit vote requests at term 1 for conf: {index: 0, cur=peers:[95d41743-cdf0-4105-938b-93fe980aeffc|127.0.0.1:15031, 8500c972-c6d1-4433-9d49-a8e3bb920002|127.0.0.1:15023, ff2509eb-55dd-4ad3-b532-83d6209e1a92|127.0.0.1:15015]|listeners:[], old=null}
2025-09-07 09:44:48,047 [grpc-default-executor-3] INFO  server.RaftServer$Division (RaftServerImpl.java:requestVote(1421)) - 8500c972-c6d1-4433-9d49-a8e3bb920002@group-DDE89B3F2AFE: receive requestVote(PRE_VOTE, ff2509eb-55dd-4ad3-b532-83d6209e1a92, group-DDE89B3F2AFE, 1, (t:1, i:3))
2025-09-07 09:44:48,048 [grpc-default-executor-2] INFO  server.RaftServer$Division (RaftServerImpl.java:requestVote(1421)) - 95d41743-cdf0-4105-938b-93fe980aeffc@group-DDE89B3F2AFE: receive requestVote(PRE_VOTE, ff2509eb-55dd-4ad3-b532-83d6209e1a92, group-DDE89B3F2AFE, 1, (t:1, i:3))
2025-09-07 09:44:48,048 [grpc-default-executor-3] INFO  impl.VoteContext (VoteContext.java:log(49)) - 8500c972-c6d1-4433-9d49-a8e3bb920002@group-DDE89B3F2AFE-FOLLOWER: accept PRE_VOTE from ff2509eb-55dd-4ad3-b532-83d6209e1a92: our priority 0 <= candidate's priority 0
2025-09-07 09:44:48,048 [grpc-default-executor-2] INFO  impl.VoteContext (VoteContext.java:log(49)) - 95d41743-cdf0-4105-938b-93fe980aeffc@group-DDE89B3F2AFE-FOLLOWER: reject PRE_VOTE from ff2509eb-55dd-4ad3-b532-83d6209e1a92: our priority 1 > candidate's priority 0
2025-09-07 09:44:48,048 [grpc-default-executor-3] INFO  server.RaftServer$Division (RaftServerImpl.java:requestVote(1455)) - 8500c972-c6d1-4433-9d49-a8e3bb920002@group-DDE89B3F2AFE replies to PRE_VOTE vote request: ff2509eb-55dd-4ad3-b532-83d6209e1a92<-8500c972-c6d1-4433-9d49-a8e3bb920002#0:OK-t1-last:(t:1, i:3). Peer's state: 8500c972-c6d1-4433-9d49-a8e3bb920002@group-DDE89B3F2AFE:t1, leader=null, voted=95d41743-cdf0-4105-938b-93fe980aeffc, raftlog=Memoized:8500c972-c6d1-4433-9d49-a8e3bb920002@group-DDE89B3F2AFE-SegmentedRaftLog:OPENED:c3:last(t:1, i:3), conf=conf: {index: 0, cur=peers:[95d41743-cdf0-4105-938b-93fe980aeffc|127.0.0.1:15031, 8500c972-c6d1-4433-9d49-a8e3bb920002|127.0.0.1:15023, ff2509eb-55dd-4ad3-b532-83d6209e1a92|127.0.0.1:15015]|listeners:[], old=null}
2025-09-07 09:44:48,048 [grpc-default-executor-2] INFO  server.RaftServer$Division (RaftServerImpl.java:requestVote(1455)) - 95d41743-cdf0-4105-938b-93fe980aeffc@group-DDE89B3F2AFE replies to PRE_VOTE vote request: ff2509eb-55dd-4ad3-b532-83d6209e1a92<-95d41743-cdf0-4105-938b-93fe980aeffc#0:FAIL-t1-last:(t:1, i:3). Peer's state: 95d41743-cdf0-4105-938b-93fe980aeffc@group-DDE89B3F2AFE:t1, leader=null, voted=95d41743-cdf0-4105-938b-93fe980aeffc, raftlog=Memoized:95d41743-cdf0-4105-938b-93fe980aeffc@group-DDE89B3F2AFE-SegmentedRaftLog:OPENED:c3:last(t:1, i:3), conf=conf: {index: 0, cur=peers:[95d41743-cdf0-4105-938b-93fe980aeffc|127.0.0.1:15031, 8500c972-c6d1-4433-9d49-a8e3bb920002|127.0.0.1:15023, ff2509eb-55dd-4ad3-b532-83d6209e1a92|127.0.0.1:15015]|listeners:[], old=null}
2025-09-07 09:44:48,048 [ff2509eb-55dd-4ad3-b532-83d6209e1a92@group-DDE89B3F2AFE-LeaderElection78] INFO  impl.LeaderElection (LeaderElection.java:logAndReturn(206)) - ff2509eb-55dd-4ad3-b532-83d6209e1a92@group-DDE89B3F2AFE-LeaderElection78: PRE_VOTE REJECTED received 1 response(s) and 0 exception(s):
2025-09-07 09:44:48,049 [ff2509eb-55dd-4ad3-b532-83d6209e1a92@group-DDE89B3F2AFE-LeaderElection78] INFO  impl.LeaderElection (LeaderElection.java:logAndReturn(210)) -   Response 0: ff2509eb-55dd-4ad3-b532-83d6209e1a92<-95d41743-cdf0-4105-938b-93fe980aeffc#0:FAIL-t1-last:(t:1, i:3)
2025-09-07 09:44:48,049 [ff2509eb-55dd-4ad3-b532-83d6209e1a92@group-DDE89B3F2AFE-LeaderElection78] INFO  impl.LeaderElection (LeaderElection.java:askForVotes(450)) - ff2509eb-55dd-4ad3-b532-83d6209e1a92@group-DDE89B3F2AFE-LeaderElection78 PRE_VOTE round 0: result REJECTED
2025-09-07 09:44:48,049 [ff2509eb-55dd-4ad3-b532-83d6209e1a92@group-DDE89B3F2AFE-LeaderElection78] INFO  server.RaftServer$Division (RaftServerImpl.java:setRole(392)) - ff2509eb-55dd-4ad3-b532-83d6209e1a92@group-DDE89B3F2AFE: changes role from CANDIDATE to FOLLOWER at term 1 for REJECTED
2025-09-07 09:44:48,049 [ff2509eb-55dd-4ad3-b532-83d6209e1a92@group-DDE89B3F2AFE-LeaderElection78] INFO  impl.RoleInfo (RoleInfo.java:shutdownLeaderElection(141)) - ff2509eb-55dd-4ad3-b532-83d6209e1a92: shutdown ff2509eb-55dd-4ad3-b532-83d6209e1a92@group-DDE89B3F2AFE-LeaderElection78
2025-09-07 09:44:48,049 [ff2509eb-55dd-4ad3-b532-83d6209e1a92@group-DDE89B3F2AFE-LeaderElection78] INFO  impl.RoleInfo (RoleInfo.java:updateAndGet(148)) - ff2509eb-55dd-4ad3-b532-83d6209e1a92: start ff2509eb-55dd-4ad3-b532-83d6209e1a92@group-DDE89B3F2AFE-FollowerState
2025-09-07 09:44:48,344 [8500c972-c6d1-4433-9d49-a8e3bb920002@group-77DC33C8A8CA-LeaderStateImpl] INFO  impl.TransferLeadership (TransferLeadership.java:tryTransferLeadership(258)) - 8500c972-c6d1-4433-9d49-a8e3bb920002@group-77DC33C8A8CA: start transferring leadership to ff2509eb-55dd-4ad3-b532-83d6209e1a92
2025-09-07 09:44:48,344 [8500c972-c6d1-4433-9d49-a8e3bb920002@group-77DC33C8A8CA-LeaderStateImpl] INFO  impl.TransferLeadership (TransferLeadership.java:sendStartLeaderElection(210)) - 8500c972-c6d1-4433-9d49-a8e3bb920002@group-77DC33C8A8CA: sendStartLeaderElection to follower ff2509eb-55dd-4ad3-b532-83d6209e1a92, lastEntry=(t:3, i:4)
2025-09-07 09:44:48,346 [8500c972-c6d1-4433-9d49-a8e3bb920002@group-77DC33C8A8CA-LeaderStateImpl] INFO  impl.TransferLeadership (TransferLeadership.java:tryTransferLeadership(266)) - 8500c972-c6d1-4433-9d49-a8e3bb920002@group-77DC33C8A8CA: SUCCESS sent StartLeaderElection to transferee ff2509eb-55dd-4ad3-b532-83d6209e1a92 immediately as it already has up-to-date log
2025-09-07 09:44:48,347 [grpc-default-executor-3] INFO  impl.RoleInfo (RoleInfo.java:shutdownFollowerState(121)) - ff2509eb-55dd-4ad3-b532-83d6209e1a92: shutdown ff2509eb-55dd-4ad3-b532-83d6209e1a92@group-77DC33C8A8CA-FollowerState
2025-09-07 09:44:48,347 [grpc-default-executor-3] INFO  server.RaftServer$Division (RaftServerImpl.java:setRole(392)) - ff2509eb-55dd-4ad3-b532-83d6209e1a92@group-77DC33C8A8CA: changes role from  FOLLOWER to CANDIDATE at term 3 for changeToCandidate
2025-09-07 09:44:48,347 [ff2509eb-55dd-4ad3-b532-83d6209e1a92@group-77DC33C8A8CA-FollowerState] INFO  impl.FollowerState (FollowerState.java:runImpl(170)) - ff2509eb-55dd-4ad3-b532-83d6209e1a92@group-77DC33C8A8CA-FollowerState was interrupted
2025-09-07 09:44:48,348 [grpc-default-executor-3] INFO  server.RaftServer$Division (ServerState.java:setLeader(272)) - ff2509eb-55dd-4ad3-b532-83d6209e1a92@group-77DC33C8A8CA: change Leader from 8500c972-c6d1-4433-9d49-a8e3bb920002 to null at term 3 for ELECTION
2025-09-07 09:44:48,349 [grpc-default-executor-3] INFO  impl.RoleInfo (RoleInfo.java:updateAndGet(148)) - ff2509eb-55dd-4ad3-b532-83d6209e1a92: start ff2509eb-55dd-4ad3-b532-83d6209e1a92@group-77DC33C8A8CA-LeaderElection79
2025-09-07 09:44:48,349 [ff2509eb-55dd-4ad3-b532-83d6209e1a92@group-77DC33C8A8CA-LeaderElection79] INFO  impl.LeaderElection (LeaderElection.java:askForVotes(448)) - ff2509eb-55dd-4ad3-b532-83d6209e1a92@group-77DC33C8A8CA-LeaderElection79 ELECTION round 0: submit vote requests at term 4 for conf: {index: 3, cur=peers:[95d41743-cdf0-4105-938b-93fe980aeffc|127.0.0.1:15031, 8500c972-c6d1-4433-9d49-a8e3bb920002|127.0.0.1:15023, ff2509eb-55dd-4ad3-b532-83d6209e1a92|127.0.0.1:15015]|listeners:[], old=null}
2025-09-07 09:44:48,350 [grpc-default-executor-2] INFO  server.RaftServer$Division (RaftServerImpl.java:requestVote(1421)) - 95d41743-cdf0-4105-938b-93fe980aeffc@group-77DC33C8A8CA: receive requestVote(ELECTION, ff2509eb-55dd-4ad3-b532-83d6209e1a92, group-77DC33C8A8CA, 4, (t:3, i:4))
2025-09-07 09:44:48,351 [grpc-default-executor-2] INFO  impl.VoteContext (VoteContext.java:log(49)) - 95d41743-cdf0-4105-938b-93fe980aeffc@group-77DC33C8A8CA-FOLLOWER: accept ELECTION from ff2509eb-55dd-4ad3-b532-83d6209e1a92: our priority 0 <= candidate's priority 1
2025-09-07 09:44:48,351 [grpc-default-executor-4] INFO  server.RaftServer$Division (RaftServerImpl.java:requestVote(1421)) - 8500c972-c6d1-4433-9d49-a8e3bb920002@group-77DC33C8A8CA: receive requestVote(ELECTION, ff2509eb-55dd-4ad3-b532-83d6209e1a92, group-77DC33C8A8CA, 4, (t:3, i:4))
2025-09-07 09:44:48,351 [grpc-default-executor-4] INFO  impl.VoteContext (VoteContext.java:log(49)) - 8500c972-c6d1-4433-9d49-a8e3bb920002@group-77DC33C8A8CA-LEADER: accept ELECTION from ff2509eb-55dd-4ad3-b532-83d6209e1a92: our priority 0 <= candidate's priority 1
2025-09-07 09:44:48,351 [grpc-default-executor-4] INFO  server.RaftServer$Division (RaftServerImpl.java:setRole(392)) - 8500c972-c6d1-4433-9d49-a8e3bb920002@group-77DC33C8A8CA: changes role from    LEADER to FOLLOWER at term 3 for candidate:ff2509eb-55dd-4ad3-b532-83d6209e1a92
2025-09-07 09:44:48,351 [grpc-default-executor-2] INFO  server.RaftServer$Division (RaftServerImpl.java:setRole(392)) - 95d41743-cdf0-4105-938b-93fe980aeffc@group-77DC33C8A8CA: changes role from  FOLLOWER to FOLLOWER at term 3 for candidate:ff2509eb-55dd-4ad3-b532-83d6209e1a92
2025-09-07 09:44:48,351 [grpc-default-executor-2] INFO  impl.RoleInfo (RoleInfo.java:shutdownFollowerState(121)) - 95d41743-cdf0-4105-938b-93fe980aeffc: shutdown 95d41743-cdf0-4105-938b-93fe980aeffc@group-77DC33C8A8CA-FollowerState
2025-09-07 09:44:48,351 [grpc-default-executor-2] INFO  server.RaftServer$Division (ServerState.java:setLeader(272)) - 95d41743-cdf0-4105-938b-93fe980aeffc@group-77DC33C8A8CA: change Leader from 8500c972-c6d1-4433-9d49-a8e3bb920002 to null at term 4 for updateCurrentTerm
2025-09-07 09:44:48,351 [grpc-default-executor-2] INFO  impl.RoleInfo (RoleInfo.java:updateAndGet(148)) - 95d41743-cdf0-4105-938b-93fe980aeffc: start 95d41743-cdf0-4105-938b-93fe980aeffc@group-77DC33C8A8CA-FollowerState
2025-09-07 09:44:48,351 [95d41743-cdf0-4105-938b-93fe980aeffc@group-77DC33C8A8CA-FollowerState] INFO  impl.FollowerState (FollowerState.java:runImpl(170)) - 95d41743-cdf0-4105-938b-93fe980aeffc@group-77DC33C8A8CA-FollowerState was interrupted
2025-09-07 09:44:48,351 [grpc-default-executor-4] INFO  impl.RoleInfo (RoleInfo.java:shutdownLeaderState(103)) - 8500c972-c6d1-4433-9d49-a8e3bb920002: shutdown 8500c972-c6d1-4433-9d49-a8e3bb920002@group-77DC33C8A8CA-LeaderStateImpl
2025-09-07 09:44:48,351 [8500c972-c6d1-4433-9d49-a8e3bb920002-server-thread1] INFO  impl.TransferLeadership (TransferLeadership.java:lambda$sendStartLeaderElection$2(224)) - 8500c972-c6d1-4433-9d49-a8e3bb920002@group-77DC33C8A8CA: Received startLeaderElection reply from ff2509eb-55dd-4ad3-b532-83d6209e1a92: success? true
2025-09-07 09:44:48,352 [grpc-default-executor-4] INFO  impl.PendingRequests (PendingRequests.java:sendNotLeaderResponses(287)) - 8500c972-c6d1-4433-9d49-a8e3bb920002@group-77DC33C8A8CA-PendingRequests: sendNotLeaderResponses
2025-09-07 09:44:48,352 [8500c972-c6d1-4433-9d49-a8e3bb920002@group-77DC33C8A8CA->95d41743-cdf0-4105-938b-93fe980aeffc-GrpcLogAppender-LogAppenderDaemon] WARN  server.GrpcLogAppender (GrpcLogAppender.java:mayWait(300)) - 8500c972-c6d1-4433-9d49-a8e3bb920002@group-77DC33C8A8CA->95d41743-cdf0-4105-938b-93fe980aeffc-GrpcLogAppender: Wait interrupted by java.lang.InterruptedException
2025-09-07 09:44:48,352 [8500c972-c6d1-4433-9d49-a8e3bb920002@group-77DC33C8A8CA->ff2509eb-55dd-4ad3-b532-83d6209e1a92-GrpcLogAppender-LogAppenderDaemon] WARN  server.GrpcLogAppender (GrpcLogAppender.java:mayWait(300)) - 8500c972-c6d1-4433-9d49-a8e3bb920002@group-77DC33C8A8CA->ff2509eb-55dd-4ad3-b532-83d6209e1a92-GrpcLogAppender: Wait interrupted by java.lang.InterruptedException
2025-09-07 09:44:48,353 [grpc-default-executor-5] INFO  server.GrpcServerProtocolService (GrpcServerProtocolService.java:lambda$onCompleted$6(171)) - ff2509eb-55dd-4ad3-b532-83d6209e1a92: Completed APPEND_ENTRIES, lastRequest: null 
2025-09-07 09:44:48,353 [grpc-default-executor-2] INFO  server.RaftServer$Division (RaftServerImpl.java:requestVote(1455)) - 95d41743-cdf0-4105-938b-93fe980aeffc@group-77DC33C8A8CA replies to ELECTION vote request: ff2509eb-55dd-4ad3-b532-83d6209e1a92<-95d41743-cdf0-4105-938b-93fe980aeffc#0:OK-t4-last:(t:3, i:4). Peer's state: 95d41743-cdf0-4105-938b-93fe980aeffc@group-77DC33C8A8CA:t4, leader=null, voted=ff2509eb-55dd-4ad3-b532-83d6209e1a92, raftlog=Memoized:95d41743-cdf0-4105-938b-93fe980aeffc@group-77DC33C8A8CA-SegmentedRaftLog:OPENED:c4:last(t:3, i:4), conf=conf: {index: 3, cur=peers:[95d41743-cdf0-4105-938b-93fe980aeffc|127.0.0.1:15031, 8500c972-c6d1-4433-9d49-a8e3bb920002|127.0.0.1:15023, ff2509eb-55dd-4ad3-b532-83d6209e1a92|127.0.0.1:15015]|listeners:[], old=null}
2025-09-07 09:44:48,353 [grpc-default-executor-5] INFO  server.GrpcServerProtocolService (GrpcServerProtocolService.java:lambda$null$7(175)) - ff2509eb-55dd-4ad3-b532-83d6209e1a92: Completed APPEND_ENTRIES, lastReply: serverReply {
  requestorId: "8500c972-c6d1-4433-9d49-a8e3bb920002"
  replyId: "ff2509eb-55dd-4ad3-b532-83d6209e1a92"
  raftGroupId {
    id: "va\025\345\rYM\265\267\265w\3343\310\250\312"
  }
  callId: 13
  success: true
}
term: 3
nextIndex: 5
followerCommit: 4
matchIndex: 18446744073709551615
isHearbeat: true
 
2025-09-07 09:44:48,353 [grpc-default-executor-4] INFO  server.RaftServer$Division (ServerState.java:setLeader(272)) - 8500c972-c6d1-4433-9d49-a8e3bb920002@group-77DC33C8A8CA: change Leader from 8500c972-c6d1-4433-9d49-a8e3bb920002 to null at term 3 for candidate:ff2509eb-55dd-4ad3-b532-83d6209e1a92
2025-09-07 09:44:48,353 [grpc-default-executor-4] INFO  impl.RoleInfo (RoleInfo.java:updateAndGet(148)) - 8500c972-c6d1-4433-9d49-a8e3bb920002: start 8500c972-c6d1-4433-9d49-a8e3bb920002@group-77DC33C8A8CA-FollowerState
2025-09-07 09:44:48,354 [grpc-default-executor-6] INFO  server.GrpcLogAppender (GrpcLogAppender.java:onCompleted(558)) - 8500c972-c6d1-4433-9d49-a8e3bb920002@group-77DC33C8A8CA->ff2509eb-55dd-4ad3-b532-83d6209e1a92-AppendLogResponseHandler: follower responses appendEntries COMPLETED
2025-09-07 09:44:48,354 [grpc-default-executor-2] INFO  server.GrpcServerProtocolService (GrpcServerProtocolService.java:lambda$null$7(175)) - 95d41743-cdf0-4105-938b-93fe980aeffc: Completed APPEND_ENTRIES, lastReply: serverReply {
  requestorId: "8500c972-c6d1-4433-9d49-a8e3bb920002"
  replyId: "95d41743-cdf0-4105-938b-93fe980aeffc"
  raftGroupId {
    id: "va\025\345\rYM\265\267\265w\3343\310\250\312"
  }
  callId: 7
  success: true
}
term: 3
nextIndex: 5
followerCommit: 4
matchIndex: 18446744073709551615
isHearbeat: true
 
2025-09-07 09:44:48,354 [grpc-default-executor-3] INFO  server.GrpcLogAppender (GrpcLogAppender.java:onCompleted(558)) - 8500c972-c6d1-4433-9d49-a8e3bb920002@group-77DC33C8A8CA->ff2509eb-55dd-4ad3-b532-83d6209e1a92-AppendLogResponseHandler: follower responses appendEntries COMPLETED
2025-09-07 09:44:48,354 [ff2509eb-55dd-4ad3-b532-83d6209e1a92@group-77DC33C8A8CA-LeaderElection79] INFO  impl.LeaderElection (LeaderElection.java:logAndReturn(206)) - ff2509eb-55dd-4ad3-b532-83d6209e1a92@group-77DC33C8A8CA-LeaderElection79: ELECTION PASSED received 1 response(s) and 0 exception(s):
2025-09-07 09:44:48,354 [ff2509eb-55dd-4ad3-b532-83d6209e1a92@group-77DC33C8A8CA-LeaderElection79] INFO  impl.LeaderElection (LeaderElection.java:logAndReturn(210)) -   Response 0: ff2509eb-55dd-4ad3-b532-83d6209e1a92<-95d41743-cdf0-4105-938b-93fe980aeffc#0:OK-t4-last:(t:3, i:4)
2025-09-07 09:44:48,354 [ff2509eb-55dd-4ad3-b532-83d6209e1a92@group-77DC33C8A8CA-LeaderElection79] INFO  impl.LeaderElection (LeaderElection.java:askForVotes(450)) - ff2509eb-55dd-4ad3-b532-83d6209e1a92@group-77DC33C8A8CA-LeaderElection79 ELECTION round 0: result PASSED
2025-09-07 09:44:48,354 [ff2509eb-55dd-4ad3-b532-83d6209e1a92@group-77DC33C8A8CA-LeaderElection79] INFO  impl.RoleInfo (RoleInfo.java:shutdownLeaderElection(141)) - ff2509eb-55dd-4ad3-b532-83d6209e1a92: shutdown ff2509eb-55dd-4ad3-b532-83d6209e1a92@group-77DC33C8A8CA-LeaderElection79
2025-09-07 09:44:48,354 [ff2509eb-55dd-4ad3-b532-83d6209e1a92@group-77DC33C8A8CA-LeaderElection79] INFO  server.RaftServer$Division (RaftServerImpl.java:setRole(392)) - ff2509eb-55dd-4ad3-b532-83d6209e1a92@group-77DC33C8A8CA: changes role from CANDIDATE to LEADER at term 4 for changeToLeader
2025-09-07 09:44:48,354 [ff2509eb-55dd-4ad3-b532-83d6209e1a92@group-77DC33C8A8CA-LeaderElection79] INFO  server.RaftServerConfigKeys (ConfUtils.java:logFallback(69)) - raft.server.staging.timeout = 3600ms (fallback to raft.server.rpc.timeout.max)
2025-09-07 09:44:48,354 [grpc-default-executor-1] INFO  server.GrpcServerProtocolService (GrpcServerProtocolService.java:lambda$onCompleted$6(171)) - 95d41743-cdf0-4105-938b-93fe980aeffc: Completed APPEND_ENTRIES, lastRequest: 8500c972-c6d1-4433-9d49-a8e3bb920002->95d41743-cdf0-4105-938b-93fe980aeffc#2-t3,previous=(t:3, i:3),leaderCommit=3,initializing? false,entries: size=1, first=(t:3, i:4), METADATAENTRY(c:3) 
2025-09-07 09:44:48,355 [ff2509eb-55dd-4ad3-b532-83d6209e1a92@group-77DC33C8A8CA-LeaderElection79] INFO  server.RaftServerConfigKeys (ConfUtils.java:logGet(62)) - raft.server.write.byte-limit = 1024 M (=1073741824) (custom)
2025-09-07 09:44:48,355 [grpc-default-executor-4] INFO  server.RaftServer$Division (RaftServerImpl.java:requestVote(1455)) - 8500c972-c6d1-4433-9d49-a8e3bb920002@group-77DC33C8A8CA replies to ELECTION vote request: ff2509eb-55dd-4ad3-b532-83d6209e1a92<-8500c972-c6d1-4433-9d49-a8e3bb920002#0:OK-t4-last:(t:3, i:4). Peer's state: 8500c972-c6d1-4433-9d49-a8e3bb920002@group-77DC33C8A8CA:t4, leader=null, voted=ff2509eb-55dd-4ad3-b532-83d6209e1a92, raftlog=Memoized:8500c972-c6d1-4433-9d49-a8e3bb920002@group-77DC33C8A8CA-SegmentedRaftLog:OPENED:c4:last(t:3, i:4), conf=conf: {index: 3, cur=peers:[95d41743-cdf0-4105-938b-93fe980aeffc|127.0.0.1:15031, 8500c972-c6d1-4433-9d49-a8e3bb920002|127.0.0.1:15023, ff2509eb-55dd-4ad3-b532-83d6209e1a92|127.0.0.1:15015]|listeners:[], old=null}
2025-09-07 09:44:48,355 [grpc-default-executor-3] INFO  server.GrpcLogAppender (GrpcLogAppender.java:onCompleted(558)) - 8500c972-c6d1-4433-9d49-a8e3bb920002@group-77DC33C8A8CA->95d41743-cdf0-4105-938b-93fe980aeffc-AppendLogResponseHandler: follower responses appendEntries COMPLETED
2025-09-07 09:44:48,356 [grpc-default-executor-6] INFO  server.GrpcLogAppender (GrpcLogAppender.java:onCompleted(558)) - 8500c972-c6d1-4433-9d49-a8e3bb920002@group-77DC33C8A8CA->95d41743-cdf0-4105-938b-93fe980aeffc-AppendLogResponseHandler: follower responses appendEntries COMPLETED
2025-09-07 09:44:48,356 [ff2509eb-55dd-4ad3-b532-83d6209e1a92@group-77DC33C8A8CA-LeaderElection79] INFO  server.RaftServerConfigKeys (ConfUtils.java:logGet(62)) - raft.server.log.appender.buffer.byte-limit = 33554432 (custom)
2025-09-07 09:44:48,357 [ff2509eb-55dd-4ad3-b532-83d6209e1a92@group-77DC33C8A8CA-LeaderElection79] INFO  server.RaftServerConfigKeys (ConfUtils.java:logGet(62)) - raft.server.log.appender.buffer.byte-limit = 33554432 (custom)
2025-09-07 09:44:48,357 [ff2509eb-55dd-4ad3-b532-83d6209e1a92@group-77DC33C8A8CA-LeaderElection79] INFO  impl.RoleInfo (RoleInfo.java:updateAndGet(148)) - ff2509eb-55dd-4ad3-b532-83d6209e1a92: start ff2509eb-55dd-4ad3-b532-83d6209e1a92@group-77DC33C8A8CA-LeaderStateImpl
2025-09-07 09:44:48,357 [ff2509eb-55dd-4ad3-b532-83d6209e1a92@group-77DC33C8A8CA-LeaderElection79] INFO  ratis.XceiverServerRatis (XceiverServerRatis.java:handleLeaderChangedNotification(947)) - Leader change notification received for group: group-77DC33C8A8CA with new leaderId: ff2509eb-55dd-4ad3-b532-83d6209e1a92
2025-09-07 09:44:48,358 [ff2509eb-55dd-4ad3-b532-83d6209e1a92@group-77DC33C8A8CA-LeaderElection79] INFO  server.RaftServer$Division (ServerState.java:setLeader(272)) - ff2509eb-55dd-4ad3-b532-83d6209e1a92@group-77DC33C8A8CA: change Leader from null to ff2509eb-55dd-4ad3-b532-83d6209e1a92 at term 4 for becomeLeader, leader elected after 9ms
2025-09-07 09:44:48,358 [ff2509eb-55dd-4ad3-b532-83d6209e1a92@group-77DC33C8A8CA-LeaderElection79] INFO  segmented.SegmentedRaftLogWorker (SegmentedRaftLogWorker.java:rollLogSegment(445)) - ff2509eb-55dd-4ad3-b532-83d6209e1a92@group-77DC33C8A8CA-SegmentedRaftLogWorker: Rolling segment log-3_4 to index:4
2025-09-07 09:44:48,358 [ff2509eb-55dd-4ad3-b532-83d6209e1a92@group-77DC33C8A8CA-LeaderElection79] INFO  server.RaftServer$Division (ServerState.java:setRaftConf(386)) - ff2509eb-55dd-4ad3-b532-83d6209e1a92@group-77DC33C8A8CA: set configuration conf: {index: 5, cur=peers:[95d41743-cdf0-4105-938b-93fe980aeffc|127.0.0.1:15031, 8500c972-c6d1-4433-9d49-a8e3bb920002|127.0.0.1:15023, ff2509eb-55dd-4ad3-b532-83d6209e1a92|127.0.0.1:15015]|listeners:[], old=null}
2025-09-07 09:44:48,359 [ff2509eb-55dd-4ad3-b532-83d6209e1a92@group-77DC33C8A8CA-SegmentedRaftLogWorker] INFO  segmented.SegmentedRaftLogWorker (SegmentedRaftLogWorker.java:execute(604)) - ff2509eb-55dd-4ad3-b532-83d6209e1a92@group-77DC33C8A8CA-SegmentedRaftLogWorker: Rolled log segment from /home/runner/work/ozone/ozone/hadoop-ozone/integration-test/target/test-dir/MiniOzoneClusterImpl-023d5a78-e64c-43f3-a4d9-6f7884931d6c/ozone-metadata/datanode-1/ratis/766115e5-0d59-4db5-b7b5-77dc33c8a8ca/current/log_inprogress_3 to /home/runner/work/ozone/ozone/hadoop-ozone/integration-test/target/test-dir/MiniOzoneClusterImpl-023d5a78-e64c-43f3-a4d9-6f7884931d6c/ozone-metadata/datanode-1/ratis/766115e5-0d59-4db5-b7b5-77dc33c8a8ca/current/log_3-4
2025-09-07 09:44:48,359 [ff2509eb-55dd-4ad3-b532-83d6209e1a92@group-77DC33C8A8CA-SegmentedRaftLogWorker] INFO  segmented.BufferedWriteChannel (BufferedWriteChannel.java:open(61)) - open log_inprogress_5 at position 0
2025-09-07 09:44:48,365 [ff2509eb-55dd-4ad3-b532-83d6209e1a92@group-77DC33C8A8CA-SegmentedRaftLogWorker] INFO  segmented.SegmentedRaftLogWorker (SegmentedRaftLogWorker.java:execute(647)) - ff2509eb-55dd-4ad3-b532-83d6209e1a92@group-77DC33C8A8CA-SegmentedRaftLogWorker: created new log segment /home/runner/work/ozone/ozone/hadoop-ozone/integration-test/target/test-dir/MiniOzoneClusterImpl-023d5a78-e64c-43f3-a4d9-6f7884931d6c/ozone-metadata/datanode-1/ratis/766115e5-0d59-4db5-b7b5-77dc33c8a8ca/current/log_inprogress_5
2025-09-07 09:44:48,378 [grpc-default-executor-1] INFO  ratis.XceiverServerRatis (XceiverServerRatis.java:handleLeaderChangedNotification(947)) - Leader change notification received for group: group-77DC33C8A8CA with new leaderId: ff2509eb-55dd-4ad3-b532-83d6209e1a92
2025-09-07 09:44:48,378 [grpc-default-executor-6] INFO  ratis.XceiverServerRatis (XceiverServerRatis.java:handleLeaderChangedNotification(947)) - Leader change notification received for group: group-77DC33C8A8CA with new leaderId: ff2509eb-55dd-4ad3-b532-83d6209e1a92
2025-09-07 09:44:48,378 [grpc-default-executor-6] INFO  server.RaftServer$Division (ServerState.java:setLeader(272)) - 95d41743-cdf0-4105-938b-93fe980aeffc@group-77DC33C8A8CA: change Leader from null to ff2509eb-55dd-4ad3-b532-83d6209e1a92 at term 4 for appendEntries, leader elected after 27ms
2025-09-07 09:44:48,378 [grpc-default-executor-1] INFO  server.RaftServer$Division (ServerState.java:setLeader(272)) - 8500c972-c6d1-4433-9d49-a8e3bb920002@group-77DC33C8A8CA: change Leader from null to ff2509eb-55dd-4ad3-b532-83d6209e1a92 at term 4 for appendEntries, leader elected after 24ms
2025-09-07 09:44:48,380 [grpc-default-executor-4] INFO  server.RaftServer$Division (ServerState.java:setRaftConf(386)) - 8500c972-c6d1-4433-9d49-a8e3bb920002@group-77DC33C8A8CA: set configuration conf: {index: 5, cur=peers:[95d41743-cdf0-4105-938b-93fe980aeffc|127.0.0.1:15031, 8500c972-c6d1-4433-9d49-a8e3bb920002|127.0.0.1:15023, ff2509eb-55dd-4ad3-b532-83d6209e1a92|127.0.0.1:15015]|listeners:[], old=null}
2025-09-07 09:44:48,380 [grpc-default-executor-4] INFO  segmented.SegmentedRaftLogWorker (SegmentedRaftLogWorker.java:rollLogSegment(445)) - 8500c972-c6d1-4433-9d49-a8e3bb920002@group-77DC33C8A8CA-SegmentedRaftLogWorker: Rolling segment log-3_4 to index:4
2025-09-07 09:44:48,380 [grpc-default-executor-6] INFO  server.RaftServer$Division (ServerState.java:setRaftConf(386)) - 95d41743-cdf0-4105-938b-93fe980aeffc@group-77DC33C8A8CA: set configuration conf: {index: 5, cur=peers:[95d41743-cdf0-4105-938b-93fe980aeffc|127.0.0.1:15031, 8500c972-c6d1-4433-9d49-a8e3bb920002|127.0.0.1:15023, ff2509eb-55dd-4ad3-b532-83d6209e1a92|127.0.0.1:15015]|listeners:[], old=null}
2025-09-07 09:44:48,381 [grpc-default-executor-6] INFO  segmented.SegmentedRaftLogWorker (SegmentedRaftLogWorker.java:rollLogSegment(445)) - 95d41743-cdf0-4105-938b-93fe980aeffc@group-77DC33C8A8CA-SegmentedRaftLogWorker: Rolling segment log-3_4 to index:4
2025-09-07 09:44:48,381 [8500c972-c6d1-4433-9d49-a8e3bb920002@group-77DC33C8A8CA-SegmentedRaftLogWorker] INFO  segmented.SegmentedRaftLogWorker (SegmentedRaftLogWorker.java:execute(604)) - 8500c972-c6d1-4433-9d49-a8e3bb920002@group-77DC33C8A8CA-SegmentedRaftLogWorker: Rolled log segment from /home/runner/work/ozone/ozone/hadoop-ozone/integration-test/target/test-dir/MiniOzoneClusterImpl-023d5a78-e64c-43f3-a4d9-6f7884931d6c/ozone-metadata/datanode-2/ratis/766115e5-0d59-4db5-b7b5-77dc33c8a8ca/current/log_inprogress_3 to /home/runner/work/ozone/ozone/hadoop-ozone/integration-test/target/test-dir/MiniOzoneClusterImpl-023d5a78-e64c-43f3-a4d9-6f7884931d6c/ozone-metadata/datanode-2/ratis/766115e5-0d59-4db5-b7b5-77dc33c8a8ca/current/log_3-4
2025-09-07 09:44:48,382 [8500c972-c6d1-4433-9d49-a8e3bb920002@group-77DC33C8A8CA-SegmentedRaftLogWorker] INFO  segmented.BufferedWriteChannel (BufferedWriteChannel.java:open(61)) - open log_inprogress_5 at position 0
2025-09-07 09:44:48,382 [95d41743-cdf0-4105-938b-93fe980aeffc@group-77DC33C8A8CA-SegmentedRaftLogWorker] INFO  segmented.SegmentedRaftLogWorker (SegmentedRaftLogWorker.java:execute(604)) - 95d41743-cdf0-4105-938b-93fe980aeffc@group-77DC33C8A8CA-SegmentedRaftLogWorker: Rolled log segment from /home/runner/work/ozone/ozone/hadoop-ozone/integration-test/target/test-dir/MiniOzoneClusterImpl-023d5a78-e64c-43f3-a4d9-6f7884931d6c/ozone-metadata/datanode-3/ratis/766115e5-0d59-4db5-b7b5-77dc33c8a8ca/current/log_inprogress_3 to /home/runner/work/ozone/ozone/hadoop-ozone/integration-test/target/test-dir/MiniOzoneClusterImpl-023d5a78-e64c-43f3-a4d9-6f7884931d6c/ozone-metadata/datanode-3/ratis/766115e5-0d59-4db5-b7b5-77dc33c8a8ca/current/log_3-4
2025-09-07 09:44:48,382 [95d41743-cdf0-4105-938b-93fe980aeffc@group-77DC33C8A8CA-SegmentedRaftLogWorker] INFO  segmented.BufferedWriteChannel (BufferedWriteChannel.java:open(61)) - open log_inprogress_5 at position 0
2025-09-07 09:44:48,388 [8500c972-c6d1-4433-9d49-a8e3bb920002@group-77DC33C8A8CA-SegmentedRaftLogWorker] INFO  segmented.SegmentedRaftLogWorker (SegmentedRaftLogWorker.java:execute(647)) - 8500c972-c6d1-4433-9d49-a8e3bb920002@group-77DC33C8A8CA-SegmentedRaftLogWorker: created new log segment /home/runner/work/ozone/ozone/hadoop-ozone/integration-test/target/test-dir/MiniOzoneClusterImpl-023d5a78-e64c-43f3-a4d9-6f7884931d6c/ozone-metadata/datanode-2/ratis/766115e5-0d59-4db5-b7b5-77dc33c8a8ca/current/log_inprogress_5
2025-09-07 09:44:48,391 [95d41743-cdf0-4105-938b-93fe980aeffc@group-77DC33C8A8CA-SegmentedRaftLogWorker] INFO  segmented.SegmentedRaftLogWorker (SegmentedRaftLogWorker.java:execute(647)) - 95d41743-cdf0-4105-938b-93fe980aeffc@group-77DC33C8A8CA-SegmentedRaftLogWorker: created new log segment /home/runner/work/ozone/ozone/hadoop-ozone/integration-test/target/test-dir/MiniOzoneClusterImpl-023d5a78-e64c-43f3-a4d9-6f7884931d6c/ozone-metadata/datanode-3/ratis/766115e5-0d59-4db5-b7b5-77dc33c8a8ca/current/log_inprogress_5
2025-09-07 09:44:48,394 [ff2509eb-55dd-4ad3-b532-83d6209e1a92@group-77DC33C8A8CA-StateMachineUpdater] INFO  server.RaftServer$Division (LeaderStateImpl.java:checkStartIndex(309)) - Leader ff2509eb-55dd-4ad3-b532-83d6209e1a92@group-77DC33C8A8CA-LeaderStateImpl is ready since appliedIndex == startIndex == 5
2025-09-07 09:44:48,645 [grpc-default-executor-4] ERROR impl.OrderedAsync (OrderedAsync.java:lambda$null$6(215)) -  client-5C93762BF05C: Failed* RaftClientRequest:client-5C93762BF05C->ff2509eb-55dd-4ad3-b532-83d6209e1a92@group-DDE89B3F2AFE, cid=32, seq=1*, Watch(0), null
java.util.concurrent.CompletionException: org.apache.ratis.protocol.exceptions.NotLeaderException: Server ff2509eb-55dd-4ad3-b532-83d6209e1a92@group-DDE89B3F2AFE is not the leader
	at java.base/java.util.concurrent.CompletableFuture.encodeThrowable(CompletableFuture.java:332)
	at java.base/java.util.concurrent.CompletableFuture.completeThrowable(CompletableFuture.java:347)
	at java.base/java.util.concurrent.CompletableFuture$UniAccept.tryFire(CompletableFuture.java:708)
	at java.base/java.util.concurrent.CompletableFuture.postComplete(CompletableFuture.java:510)
	at java.base/java.util.concurrent.CompletableFuture.completeExceptionally(CompletableFuture.java:2194)
	at org.apache.ratis.grpc.client.GrpcClientProtocolClient$AsyncStreamObservers.completeReplyExceptionally(GrpcClientProtocolClient.java:397)
	at org.apache.ratis.grpc.client.GrpcClientProtocolClient$AsyncStreamObservers.access$000(GrpcClientProtocolClient.java:303)
	at org.apache.ratis.grpc.client.GrpcClientProtocolClient$AsyncStreamObservers$1.onNext(GrpcClientProtocolClient.java:317)
	at org.apache.ratis.grpc.client.GrpcClientProtocolClient$AsyncStreamObservers$1.onNext(GrpcClientProtocolClient.java:308)
	at org.apache.ratis.thirdparty.io.grpc.stub.ClientCalls$StreamObserverToCallListenerAdapter.onMessage(ClientCalls.java:551)
	at org.apache.ratis.thirdparty.io.grpc.ForwardingClientCallListener.onMessage(ForwardingClientCallListener.java:33)
	at org.apache.ratis.thirdparty.io.grpc.internal.ClientCallImpl$ClientStreamListenerImpl$1MessagesAvailable.runInternal(ClientCallImpl.java:661)
	at org.apache.ratis.thirdparty.io.grpc.internal.ClientCallImpl$ClientStreamListenerImpl$1MessagesAvailable.runInContext(ClientCallImpl.java:648)
	at org.apache.ratis.thirdparty.io.grpc.internal.ContextRunnable.run(ContextRunnable.java:37)
	at org.apache.ratis.thirdparty.io.grpc.internal.SerializingExecutor.run(SerializingExecutor.java:133)
	at java.base/java.util.concurrent.ThreadPoolExecutor.runWorker(ThreadPoolExecutor.java:1144)
	at java.base/java.util.concurrent.ThreadPoolExecutor$Worker.run(ThreadPoolExecutor.java:642)
	at java.base/java.lang.Thread.run(Thread.java:1583)
Caused by: org.apache.ratis.protocol.exceptions.NotLeaderException: Server ff2509eb-55dd-4ad3-b532-83d6209e1a92@group-DDE89B3F2AFE is not the leader
	at org.apache.ratis.client.impl.ClientProtoUtils.toRaftClientReply(ClientProtoUtils.java:402)
	at org.apache.ratis.grpc.client.GrpcClientProtocolClient$AsyncStreamObservers$1.onNext(GrpcClientProtocolClient.java:313)
	... 10 more
2025-09-07 09:44:48,909 [95d41743-cdf0-4105-938b-93fe980aeffc@group-DDE89B3F2AFE-FollowerState] INFO  impl.FollowerState (FollowerState.java:runImpl(161)) - 95d41743-cdf0-4105-938b-93fe980aeffc@group-DDE89B3F2AFE-FollowerState: change to CANDIDATE, lastRpcElapsedTime:1163381642ns, electionTimeout:1163ms
2025-09-07 09:44:48,909 [95d41743-cdf0-4105-938b-93fe980aeffc@group-DDE89B3F2AFE-FollowerState] INFO  impl.RoleInfo (RoleInfo.java:shutdownFollowerState(121)) - 95d41743-cdf0-4105-938b-93fe980aeffc: shutdown 95d41743-cdf0-4105-938b-93fe980aeffc@group-DDE89B3F2AFE-FollowerState
2025-09-07 09:44:48,909 [95d41743-cdf0-4105-938b-93fe980aeffc@group-DDE89B3F2AFE-FollowerState] INFO  server.RaftServer$Division (RaftServerImpl.java:setRole(392)) - 95d41743-cdf0-4105-938b-93fe980aeffc@group-DDE89B3F2AFE: changes role from  FOLLOWER to CANDIDATE at term 1 for changeToCandidate
2025-09-07 09:44:48,909 [95d41743-cdf0-4105-938b-93fe980aeffc@group-DDE89B3F2AFE-FollowerState] INFO  impl.RoleInfo (RoleInfo.java:updateAndGet(148)) - 95d41743-cdf0-4105-938b-93fe980aeffc: start 95d41743-cdf0-4105-938b-93fe980aeffc@group-DDE89B3F2AFE-LeaderElection80
2025-09-07 09:44:48,909 [95d41743-cdf0-4105-938b-93fe980aeffc@group-DDE89B3F2AFE-LeaderElection80] INFO  impl.LeaderElection (LeaderElection.java:askForVotes(448)) - 95d41743-cdf0-4105-938b-93fe980aeffc@group-DDE89B3F2AFE-LeaderElection80 PRE_VOTE round 0: submit vote requests at term 1 for conf: {index: 0, cur=peers:[95d41743-cdf0-4105-938b-93fe980aeffc|127.0.0.1:15031, 8500c972-c6d1-4433-9d49-a8e3bb920002|127.0.0.1:15023, ff2509eb-55dd-4ad3-b532-83d6209e1a92|127.0.0.1:15015]|listeners:[], old=null}
2025-09-07 09:44:48,910 [95d41743-cdf0-4105-938b-93fe980aeffc@group-DDE89B3F2AFE-LeaderElection80] INFO  impl.LeaderElection (LogUtils.java:infoOrTrace(142)) - 95d41743-cdf0-4105-938b-93fe980aeffc@group-DDE89B3F2AFE-LeaderElection80 got exception when requesting votes: java.util.concurrent.ExecutionException: org.apache.ratis.thirdparty.io.grpc.StatusRuntimeException: UNAVAILABLE: io exception
2025-09-07 09:44:48,910 [95d41743-cdf0-4105-938b-93fe980aeffc@group-DDE89B3F2AFE-LeaderElection80] INFO  impl.LeaderElection (LogUtils.java:infoOrTrace(142)) - 95d41743-cdf0-4105-938b-93fe980aeffc@group-DDE89B3F2AFE-LeaderElection80 got exception when requesting votes: java.util.concurrent.ExecutionException: org.apache.ratis.thirdparty.io.grpc.StatusRuntimeException: UNAVAILABLE: io exception
2025-09-07 09:44:48,910 [95d41743-cdf0-4105-938b-93fe980aeffc@group-DDE89B3F2AFE-LeaderElection80] INFO  impl.LeaderElection (LeaderElection.java:logAndReturn(206)) - 95d41743-cdf0-4105-938b-93fe980aeffc@group-DDE89B3F2AFE-LeaderElection80: PRE_VOTE REJECTED received 0 response(s) and 2 exception(s):
2025-09-07 09:44:48,910 [95d41743-cdf0-4105-938b-93fe980aeffc@group-DDE89B3F2AFE-LeaderElection80] INFO  impl.LeaderElection (LogUtils.java:infoOrTrace(142)) -   Exception 0: java.util.concurrent.ExecutionException: org.apache.ratis.thirdparty.io.grpc.StatusRuntimeException: UNAVAILABLE: io exception
2025-09-07 09:44:48,910 [95d41743-cdf0-4105-938b-93fe980aeffc@group-DDE89B3F2AFE-LeaderElection80] INFO  impl.LeaderElection (LogUtils.java:infoOrTrace(142)) -   Exception 1: java.util.concurrent.ExecutionException: org.apache.ratis.thirdparty.io.grpc.StatusRuntimeException: UNAVAILABLE: io exception
2025-09-07 09:44:48,910 [95d41743-cdf0-4105-938b-93fe980aeffc@group-DDE89B3F2AFE-LeaderElection80] INFO  impl.LeaderElection (LeaderElection.java:askForVotes(450)) - 95d41743-cdf0-4105-938b-93fe980aeffc@group-DDE89B3F2AFE-LeaderElection80 PRE_VOTE round 0: result REJECTED
2025-09-07 09:44:48,910 [95d41743-cdf0-4105-938b-93fe980aeffc@group-DDE89B3F2AFE-LeaderElection80] INFO  server.RaftServer$Division (RaftServerImpl.java:setRole(392)) - 95d41743-cdf0-4105-938b-93fe980aeffc@group-DDE89B3F2AFE: changes role from CANDIDATE to FOLLOWER at term 1 for REJECTED
2025-09-07 09:44:48,910 [95d41743-cdf0-4105-938b-93fe980aeffc@group-DDE89B3F2AFE-LeaderElection80] INFO  impl.RoleInfo (RoleInfo.java:shutdownLeaderElection(141)) - 95d41743-cdf0-4105-938b-93fe980aeffc: shutdown 95d41743-cdf0-4105-938b-93fe980aeffc@group-DDE89B3F2AFE-LeaderElection80
2025-09-07 09:44:48,910 [95d41743-cdf0-4105-938b-93fe980aeffc@group-DDE89B3F2AFE-LeaderElection80] INFO  impl.RoleInfo (RoleInfo.java:updateAndGet(148)) - 95d41743-cdf0-4105-938b-93fe980aeffc: start 95d41743-cdf0-4105-938b-93fe980aeffc@group-DDE89B3F2AFE-FollowerState
2025-09-07 09:44:49,160 [ff2509eb-55dd-4ad3-b532-83d6209e1a92@group-DDE89B3F2AFE-FollowerState] INFO  impl.FollowerState (FollowerState.java:runImpl(161)) - ff2509eb-55dd-4ad3-b532-83d6209e1a92@group-DDE89B3F2AFE-FollowerState: change to CANDIDATE, lastRpcElapsedTime:1111278510ns, electionTimeout:1111ms
2025-09-07 09:44:49,160 [ff2509eb-55dd-4ad3-b532-83d6209e1a92@group-DDE89B3F2AFE-FollowerState] INFO  impl.RoleInfo (RoleInfo.java:shutdownFollowerState(121)) - ff2509eb-55dd-4ad3-b532-83d6209e1a92: shutdown ff2509eb-55dd-4ad3-b532-83d6209e1a92@group-DDE89B3F2AFE-FollowerState
2025-09-07 09:44:49,160 [ff2509eb-55dd-4ad3-b532-83d6209e1a92@group-DDE89B3F2AFE-FollowerState] INFO  server.RaftServer$Division (RaftServerImpl.java:setRole(392)) - ff2509eb-55dd-4ad3-b532-83d6209e1a92@group-DDE89B3F2AFE: changes role from  FOLLOWER to CANDIDATE at term 1 for changeToCandidate
2025-09-07 09:44:49,160 [ff2509eb-55dd-4ad3-b532-83d6209e1a92@group-DDE89B3F2AFE-FollowerState] INFO  impl.RoleInfo (RoleInfo.java:updateAndGet(148)) - ff2509eb-55dd-4ad3-b532-83d6209e1a92: start ff2509eb-55dd-4ad3-b532-83d6209e1a92@group-DDE89B3F2AFE-LeaderElection81
2025-09-07 09:44:49,161 [ff2509eb-55dd-4ad3-b532-83d6209e1a92@group-DDE89B3F2AFE-LeaderElection81] INFO  impl.LeaderElection (LeaderElection.java:askForVotes(448)) - ff2509eb-55dd-4ad3-b532-83d6209e1a92@group-DDE89B3F2AFE-LeaderElection81 PRE_VOTE round 0: submit vote requests at term 1 for conf: {index: 0, cur=peers:[95d41743-cdf0-4105-938b-93fe980aeffc|127.0.0.1:15031, 8500c972-c6d1-4433-9d49-a8e3bb920002|127.0.0.1:15023, ff2509eb-55dd-4ad3-b532-83d6209e1a92|127.0.0.1:15015]|listeners:[], old=null}
2025-09-07 09:44:49,162 [grpc-default-executor-1] INFO  server.RaftServer$Division (RaftServerImpl.java:requestVote(1421)) - 95d41743-cdf0-4105-938b-93fe980aeffc@group-DDE89B3F2AFE: receive requestVote(PRE_VOTE, ff2509eb-55dd-4ad3-b532-83d6209e1a92, group-DDE89B3F2AFE, 1, (t:1, i:3))
2025-09-07 09:44:49,162 [grpc-default-executor-4] INFO  server.RaftServer$Division (RaftServerImpl.java:requestVote(1421)) - 8500c972-c6d1-4433-9d49-a8e3bb920002@group-DDE89B3F2AFE: receive requestVote(PRE_VOTE, ff2509eb-55dd-4ad3-b532-83d6209e1a92, group-DDE89B3F2AFE, 1, (t:1, i:3))
2025-09-07 09:44:49,162 [grpc-default-executor-1] INFO  impl.VoteContext (VoteContext.java:log(49)) - 95d41743-cdf0-4105-938b-93fe980aeffc@group-DDE89B3F2AFE-FOLLOWER: reject PRE_VOTE from ff2509eb-55dd-4ad3-b532-83d6209e1a92: our priority 1 > candidate's priority 0
2025-09-07 09:44:49,162 [grpc-default-executor-4] INFO  impl.VoteContext (VoteContext.java:log(49)) - 8500c972-c6d1-4433-9d49-a8e3bb920002@group-DDE89B3F2AFE-FOLLOWER: accept PRE_VOTE from ff2509eb-55dd-4ad3-b532-83d6209e1a92: our priority 0 <= candidate's priority 0
2025-09-07 09:44:49,162 [grpc-default-executor-1] INFO  server.RaftServer$Division (RaftServerImpl.java:requestVote(1455)) - 95d41743-cdf0-4105-938b-93fe980aeffc@group-DDE89B3F2AFE replies to PRE_VOTE vote request: ff2509eb-55dd-4ad3-b532-83d6209e1a92<-95d41743-cdf0-4105-938b-93fe980aeffc#0:FAIL-t1-last:(t:1, i:3). Peer's state: 95d41743-cdf0-4105-938b-93fe980aeffc@group-DDE89B3F2AFE:t1, leader=null, voted=95d41743-cdf0-4105-938b-93fe980aeffc, raftlog=Memoized:95d41743-cdf0-4105-938b-93fe980aeffc@group-DDE89B3F2AFE-SegmentedRaftLog:OPENED:c3:last(t:1, i:3), conf=conf: {index: 0, cur=peers:[95d41743-cdf0-4105-938b-93fe980aeffc|127.0.0.1:15031, 8500c972-c6d1-4433-9d49-a8e3bb920002|127.0.0.1:15023, ff2509eb-55dd-4ad3-b532-83d6209e1a92|127.0.0.1:15015]|listeners:[], old=null}
2025-09-07 09:44:49,162 [grpc-default-executor-4] INFO  server.RaftServer$Division (RaftServerImpl.java:requestVote(1455)) - 8500c972-c6d1-4433-9d49-a8e3bb920002@group-DDE89B3F2AFE replies to PRE_VOTE vote request: ff2509eb-55dd-4ad3-b532-83d6209e1a92<-8500c972-c6d1-4433-9d49-a8e3bb920002#0:OK-t1-last:(t:1, i:3). Peer's state: 8500c972-c6d1-4433-9d49-a8e3bb920002@group-DDE89B3F2AFE:t1, leader=null, voted=95d41743-cdf0-4105-938b-93fe980aeffc, raftlog=Memoized:8500c972-c6d1-4433-9d49-a8e3bb920002@group-DDE89B3F2AFE-SegmentedRaftLog:OPENED:c3:last(t:1, i:3), conf=conf: {index: 0, cur=peers:[95d41743-cdf0-4105-938b-93fe980aeffc|127.0.0.1:15031, 8500c972-c6d1-4433-9d49-a8e3bb920002|127.0.0.1:15023, ff2509eb-55dd-4ad3-b532-83d6209e1a92|127.0.0.1:15015]|listeners:[], old=null}
2025-09-07 09:44:49,163 [ff2509eb-55dd-4ad3-b532-83d6209e1a92@group-DDE89B3F2AFE-LeaderElection81] INFO  impl.LeaderElection (LeaderElection.java:logAndReturn(206)) - ff2509eb-55dd-4ad3-b532-83d6209e1a92@group-DDE89B3F2AFE-LeaderElection81: PRE_VOTE REJECTED received 1 response(s) and 0 exception(s):
2025-09-07 09:44:49,163 [ff2509eb-55dd-4ad3-b532-83d6209e1a92@group-DDE89B3F2AFE-LeaderElection81] INFO  impl.LeaderElection (LeaderElection.java:logAndReturn(210)) -   Response 0: ff2509eb-55dd-4ad3-b532-83d6209e1a92<-95d41743-cdf0-4105-938b-93fe980aeffc#0:FAIL-t1-last:(t:1, i:3)
2025-09-07 09:44:49,163 [ff2509eb-55dd-4ad3-b532-83d6209e1a92@group-DDE89B3F2AFE-LeaderElection81] INFO  impl.LeaderElection (LeaderElection.java:askForVotes(450)) - ff2509eb-55dd-4ad3-b532-83d6209e1a92@group-DDE89B3F2AFE-LeaderElection81 PRE_VOTE round 0: result REJECTED
2025-09-07 09:44:49,163 [ff2509eb-55dd-4ad3-b532-83d6209e1a92@group-DDE89B3F2AFE-LeaderElection81] INFO  server.RaftServer$Division (RaftServerImpl.java:setRole(392)) - ff2509eb-55dd-4ad3-b532-83d6209e1a92@group-DDE89B3F2AFE: changes role from CANDIDATE to FOLLOWER at term 1 for REJECTED
2025-09-07 09:44:49,163 [ff2509eb-55dd-4ad3-b532-83d6209e1a92@group-DDE89B3F2AFE-LeaderElection81] INFO  impl.RoleInfo (RoleInfo.java:shutdownLeaderElection(141)) - ff2509eb-55dd-4ad3-b532-83d6209e1a92: shutdown ff2509eb-55dd-4ad3-b532-83d6209e1a92@group-DDE89B3F2AFE-LeaderElection81
2025-09-07 09:44:49,163 [ff2509eb-55dd-4ad3-b532-83d6209e1a92@group-DDE89B3F2AFE-LeaderElection81] INFO  impl.RoleInfo (RoleInfo.java:updateAndGet(148)) - ff2509eb-55dd-4ad3-b532-83d6209e1a92: start ff2509eb-55dd-4ad3-b532-83d6209e1a92@group-DDE89B3F2AFE-FollowerState
2025-09-07 09:44:50,044 [95d41743-cdf0-4105-938b-93fe980aeffc@group-DDE89B3F2AFE-FollowerState] INFO  impl.FollowerState (FollowerState.java:runImpl(161)) - 95d41743-cdf0-4105-938b-93fe980aeffc@group-DDE89B3F2AFE-FollowerState: change to CANDIDATE, lastRpcElapsedTime:1133295473ns, electionTimeout:1133ms
2025-09-07 09:44:50,044 [95d41743-cdf0-4105-938b-93fe980aeffc@group-DDE89B3F2AFE-FollowerState] INFO  impl.RoleInfo (RoleInfo.java:shutdownFollowerState(121)) - 95d41743-cdf0-4105-938b-93fe980aeffc: shutdown 95d41743-cdf0-4105-938b-93fe980aeffc@group-DDE89B3F2AFE-FollowerState
2025-09-07 09:44:50,044 [95d41743-cdf0-4105-938b-93fe980aeffc@group-DDE89B3F2AFE-FollowerState] INFO  server.RaftServer$Division (RaftServerImpl.java:setRole(392)) - 95d41743-cdf0-4105-938b-93fe980aeffc@group-DDE89B3F2AFE: changes role from  FOLLOWER to CANDIDATE at term 1 for changeToCandidate
2025-09-07 09:44:50,044 [95d41743-cdf0-4105-938b-93fe980aeffc@group-DDE89B3F2AFE-FollowerState] INFO  impl.RoleInfo (RoleInfo.java:updateAndGet(148)) - 95d41743-cdf0-4105-938b-93fe980aeffc: start 95d41743-cdf0-4105-938b-93fe980aeffc@group-DDE89B3F2AFE-LeaderElection82
2025-09-07 09:44:50,044 [95d41743-cdf0-4105-938b-93fe980aeffc@group-DDE89B3F2AFE-LeaderElection82] INFO  impl.LeaderElection (LeaderElection.java:askForVotes(448)) - 95d41743-cdf0-4105-938b-93fe980aeffc@group-DDE89B3F2AFE-LeaderElection82 PRE_VOTE round 0: submit vote requests at term 1 for conf: {index: 0, cur=peers:[95d41743-cdf0-4105-938b-93fe980aeffc|127.0.0.1:15031, 8500c972-c6d1-4433-9d49-a8e3bb920002|127.0.0.1:15023, ff2509eb-55dd-4ad3-b532-83d6209e1a92|127.0.0.1:15015]|listeners:[], old=null}
2025-09-07 09:44:50,045 [95d41743-cdf0-4105-938b-93fe980aeffc@group-DDE89B3F2AFE-LeaderElection82] INFO  impl.LeaderElection (LogUtils.java:infoOrTrace(142)) - 95d41743-cdf0-4105-938b-93fe980aeffc@group-DDE89B3F2AFE-LeaderElection82 got exception when requesting votes: java.util.concurrent.ExecutionException: org.apache.ratis.thirdparty.io.grpc.StatusRuntimeException: UNAVAILABLE: io exception
2025-09-07 09:44:50,045 [95d41743-cdf0-4105-938b-93fe980aeffc@group-DDE89B3F2AFE-LeaderElection82] INFO  impl.LeaderElection (LogUtils.java:infoOrTrace(142)) - 95d41743-cdf0-4105-938b-93fe980aeffc@group-DDE89B3F2AFE-LeaderElection82 got exception when requesting votes: java.util.concurrent.ExecutionException: org.apache.ratis.thirdparty.io.grpc.StatusRuntimeException: UNAVAILABLE: io exception
2025-09-07 09:44:50,045 [95d41743-cdf0-4105-938b-93fe980aeffc@group-DDE89B3F2AFE-LeaderElection82] INFO  impl.LeaderElection (LeaderElection.java:logAndReturn(206)) - 95d41743-cdf0-4105-938b-93fe980aeffc@group-DDE89B3F2AFE-LeaderElection82: PRE_VOTE REJECTED received 0 response(s) and 2 exception(s):
2025-09-07 09:44:50,045 [95d41743-cdf0-4105-938b-93fe980aeffc@group-DDE89B3F2AFE-LeaderElection82] INFO  impl.LeaderElection (LogUtils.java:infoOrTrace(142)) -   Exception 0: java.util.concurrent.ExecutionException: org.apache.ratis.thirdparty.io.grpc.StatusRuntimeException: UNAVAILABLE: io exception
2025-09-07 09:44:50,045 [95d41743-cdf0-4105-938b-93fe980aeffc@group-DDE89B3F2AFE-LeaderElection82] INFO  impl.LeaderElection (LogUtils.java:infoOrTrace(142)) -   Exception 1: java.util.concurrent.ExecutionException: org.apache.ratis.thirdparty.io.grpc.StatusRuntimeException: UNAVAILABLE: io exception
2025-09-07 09:44:50,045 [95d41743-cdf0-4105-938b-93fe980aeffc@group-DDE89B3F2AFE-LeaderElection82] INFO  impl.LeaderElection (LeaderElection.java:askForVotes(450)) - 95d41743-cdf0-4105-938b-93fe980aeffc@group-DDE89B3F2AFE-LeaderElection82 PRE_VOTE round 0: result REJECTED
2025-09-07 09:44:50,045 [95d41743-cdf0-4105-938b-93fe980aeffc@group-DDE89B3F2AFE-LeaderElection82] INFO  server.RaftServer$Division (RaftServerImpl.java:setRole(392)) - 95d41743-cdf0-4105-938b-93fe980aeffc@group-DDE89B3F2AFE: changes role from CANDIDATE to FOLLOWER at term 1 for REJECTED
2025-09-07 09:44:50,045 [95d41743-cdf0-4105-938b-93fe980aeffc@group-DDE89B3F2AFE-LeaderElection82] INFO  impl.RoleInfo (RoleInfo.java:shutdownLeaderElection(141)) - 95d41743-cdf0-4105-938b-93fe980aeffc: shutdown 95d41743-cdf0-4105-938b-93fe980aeffc@group-DDE89B3F2AFE-LeaderElection82
2025-09-07 09:44:50,045 [95d41743-cdf0-4105-938b-93fe980aeffc@group-DDE89B3F2AFE-LeaderElection82] INFO  impl.RoleInfo (RoleInfo.java:updateAndGet(148)) - 95d41743-cdf0-4105-938b-93fe980aeffc: start 95d41743-cdf0-4105-938b-93fe980aeffc@group-DDE89B3F2AFE-FollowerState
2025-09-07 09:44:50,286 [ff2509eb-55dd-4ad3-b532-83d6209e1a92@group-DDE89B3F2AFE-FollowerState] INFO  impl.FollowerState (FollowerState.java:runImpl(161)) - ff2509eb-55dd-4ad3-b532-83d6209e1a92@group-DDE89B3F2AFE-FollowerState: change to CANDIDATE, lastRpcElapsedTime:1122277134ns, electionTimeout:1122ms
2025-09-07 09:44:50,286 [ff2509eb-55dd-4ad3-b532-83d6209e1a92@group-DDE89B3F2AFE-FollowerState] INFO  impl.RoleInfo (RoleInfo.java:shutdownFollowerState(121)) - ff2509eb-55dd-4ad3-b532-83d6209e1a92: shutdown ff2509eb-55dd-4ad3-b532-83d6209e1a92@group-DDE89B3F2AFE-FollowerState
2025-09-07 09:44:50,286 [ff2509eb-55dd-4ad3-b532-83d6209e1a92@group-DDE89B3F2AFE-FollowerState] INFO  server.RaftServer$Division (RaftServerImpl.java:setRole(392)) - ff2509eb-55dd-4ad3-b532-83d6209e1a92@group-DDE89B3F2AFE: changes role from  FOLLOWER to CANDIDATE at term 1 for changeToCandidate
2025-09-07 09:44:50,286 [ff2509eb-55dd-4ad3-b532-83d6209e1a92@group-DDE89B3F2AFE-FollowerState] INFO  impl.RoleInfo (RoleInfo.java:updateAndGet(148)) - ff2509eb-55dd-4ad3-b532-83d6209e1a92: start ff2509eb-55dd-4ad3-b532-83d6209e1a92@group-DDE89B3F2AFE-LeaderElection83
2025-09-07 09:44:50,286 [ff2509eb-55dd-4ad3-b532-83d6209e1a92@group-DDE89B3F2AFE-LeaderElection83] INFO  impl.LeaderElection (LeaderElection.java:askForVotes(448)) - ff2509eb-55dd-4ad3-b532-83d6209e1a92@group-DDE89B3F2AFE-LeaderElection83 PRE_VOTE round 0: submit vote requests at term 1 for conf: {index: 0, cur=peers:[95d41743-cdf0-4105-938b-93fe980aeffc|127.0.0.1:15031, 8500c972-c6d1-4433-9d49-a8e3bb920002|127.0.0.1:15023, ff2509eb-55dd-4ad3-b532-83d6209e1a92|127.0.0.1:15015]|listeners:[], old=null}
2025-09-07 09:44:50,288 [grpc-default-executor-6] INFO  server.RaftServer$Division (RaftServerImpl.java:requestVote(1421)) - 8500c972-c6d1-4433-9d49-a8e3bb920002@group-DDE89B3F2AFE: receive requestVote(PRE_VOTE, ff2509eb-55dd-4ad3-b532-83d6209e1a92, group-DDE89B3F2AFE, 1, (t:1, i:3))
2025-09-07 09:44:50,288 [grpc-default-executor-4] INFO  server.RaftServer$Division (RaftServerImpl.java:requestVote(1421)) - 95d41743-cdf0-4105-938b-93fe980aeffc@group-DDE89B3F2AFE: receive requestVote(PRE_VOTE, ff2509eb-55dd-4ad3-b532-83d6209e1a92, group-DDE89B3F2AFE, 1, (t:1, i:3))
2025-09-07 09:44:50,288 [grpc-default-executor-6] INFO  impl.VoteContext (VoteContext.java:log(49)) - 8500c972-c6d1-4433-9d49-a8e3bb920002@group-DDE89B3F2AFE-FOLLOWER: accept PRE_VOTE from ff2509eb-55dd-4ad3-b532-83d6209e1a92: our priority 0 <= candidate's priority 0
2025-09-07 09:44:50,288 [grpc-default-executor-4] INFO  impl.VoteContext (VoteContext.java:log(49)) - 95d41743-cdf0-4105-938b-93fe980aeffc@group-DDE89B3F2AFE-FOLLOWER: reject PRE_VOTE from ff2509eb-55dd-4ad3-b532-83d6209e1a92: our priority 1 > candidate's priority 0
2025-09-07 09:44:50,288 [grpc-default-executor-4] INFO  server.RaftServer$Division (RaftServerImpl.java:requestVote(1455)) - 95d41743-cdf0-4105-938b-93fe980aeffc@group-DDE89B3F2AFE replies to PRE_VOTE vote request: ff2509eb-55dd-4ad3-b532-83d6209e1a92<-95d41743-cdf0-4105-938b-93fe980aeffc#0:FAIL-t1-last:(t:1, i:3). Peer's state: 95d41743-cdf0-4105-938b-93fe980aeffc@group-DDE89B3F2AFE:t1, leader=null, voted=95d41743-cdf0-4105-938b-93fe980aeffc, raftlog=Memoized:95d41743-cdf0-4105-938b-93fe980aeffc@group-DDE89B3F2AFE-SegmentedRaftLog:OPENED:c3:last(t:1, i:3), conf=conf: {index: 0, cur=peers:[95d41743-cdf0-4105-938b-93fe980aeffc|127.0.0.1:15031, 8500c972-c6d1-4433-9d49-a8e3bb920002|127.0.0.1:15023, ff2509eb-55dd-4ad3-b532-83d6209e1a92|127.0.0.1:15015]|listeners:[], old=null}
2025-09-07 09:44:50,288 [grpc-default-executor-6] INFO  server.RaftServer$Division (RaftServerImpl.java:requestVote(1455)) - 8500c972-c6d1-4433-9d49-a8e3bb920002@group-DDE89B3F2AFE replies to PRE_VOTE vote request: ff2509eb-55dd-4ad3-b532-83d6209e1a92<-8500c972-c6d1-4433-9d49-a8e3bb920002#0:OK-t1-last:(t:1, i:3). Peer's state: 8500c972-c6d1-4433-9d49-a8e3bb920002@group-DDE89B3F2AFE:t1, leader=null, voted=95d41743-cdf0-4105-938b-93fe980aeffc, raftlog=Memoized:8500c972-c6d1-4433-9d49-a8e3bb920002@group-DDE89B3F2AFE-SegmentedRaftLog:OPENED:c3:last(t:1, i:3), conf=conf: {index: 0, cur=peers:[95d41743-cdf0-4105-938b-93fe980aeffc|127.0.0.1:15031, 8500c972-c6d1-4433-9d49-a8e3bb920002|127.0.0.1:15023, ff2509eb-55dd-4ad3-b532-83d6209e1a92|127.0.0.1:15015]|listeners:[], old=null}
2025-09-07 09:44:50,289 [ff2509eb-55dd-4ad3-b532-83d6209e1a92@group-DDE89B3F2AFE-LeaderElection83] INFO  impl.LeaderElection (LeaderElection.java:logAndReturn(206)) - ff2509eb-55dd-4ad3-b532-83d6209e1a92@group-DDE89B3F2AFE-LeaderElection83: PRE_VOTE REJECTED received 2 response(s) and 0 exception(s):
2025-09-07 09:44:50,289 [ff2509eb-55dd-4ad3-b532-83d6209e1a92@group-DDE89B3F2AFE-LeaderElection83] INFO  impl.LeaderElection (LeaderElection.java:logAndReturn(210)) -   Response 0: ff2509eb-55dd-4ad3-b532-83d6209e1a92<-95d41743-cdf0-4105-938b-93fe980aeffc#0:FAIL-t1-last:(t:1, i:3)
2025-09-07 09:44:50,289 [ff2509eb-55dd-4ad3-b532-83d6209e1a92@group-DDE89B3F2AFE-LeaderElection83] INFO  impl.LeaderElection (LeaderElection.java:logAndReturn(210)) -   Response 1: ff2509eb-55dd-4ad3-b532-83d6209e1a92<-8500c972-c6d1-4433-9d49-a8e3bb920002#0:OK-t1-last:(t:1, i:3)
2025-09-07 09:44:50,289 [ff2509eb-55dd-4ad3-b532-83d6209e1a92@group-DDE89B3F2AFE-LeaderElection83] INFO  impl.LeaderElection (LeaderElection.java:askForVotes(450)) - ff2509eb-55dd-4ad3-b532-83d6209e1a92@group-DDE89B3F2AFE-LeaderElection83 PRE_VOTE round 0: result REJECTED
2025-09-07 09:44:50,289 [ff2509eb-55dd-4ad3-b532-83d6209e1a92@group-DDE89B3F2AFE-LeaderElection83] INFO  server.RaftServer$Division (RaftServerImpl.java:setRole(392)) - ff2509eb-55dd-4ad3-b532-83d6209e1a92@group-DDE89B3F2AFE: changes role from CANDIDATE to FOLLOWER at term 1 for REJECTED
2025-09-07 09:44:50,289 [ff2509eb-55dd-4ad3-b532-83d6209e1a92@group-DDE89B3F2AFE-LeaderElection83] INFO  impl.RoleInfo (RoleInfo.java:shutdownLeaderElection(141)) - ff2509eb-55dd-4ad3-b532-83d6209e1a92: shutdown ff2509eb-55dd-4ad3-b532-83d6209e1a92@group-DDE89B3F2AFE-LeaderElection83
2025-09-07 09:44:50,289 [ff2509eb-55dd-4ad3-b532-83d6209e1a92@group-DDE89B3F2AFE-LeaderElection83] INFO  impl.RoleInfo (RoleInfo.java:updateAndGet(148)) - ff2509eb-55dd-4ad3-b532-83d6209e1a92: start ff2509eb-55dd-4ad3-b532-83d6209e1a92@group-DDE89B3F2AFE-FollowerState
2025-09-07 09:44:51,207 [95d41743-cdf0-4105-938b-93fe980aeffc@group-DDE89B3F2AFE-FollowerState] INFO  impl.FollowerState (FollowerState.java:runImpl(161)) - 95d41743-cdf0-4105-938b-93fe980aeffc@group-DDE89B3F2AFE-FollowerState: change to CANDIDATE, lastRpcElapsedTime:1161268055ns, electionTimeout:1161ms
2025-09-07 09:44:51,207 [95d41743-cdf0-4105-938b-93fe980aeffc@group-DDE89B3F2AFE-FollowerState] INFO  impl.RoleInfo (RoleInfo.java:shutdownFollowerState(121)) - 95d41743-cdf0-4105-938b-93fe980aeffc: shutdown 95d41743-cdf0-4105-938b-93fe980aeffc@group-DDE89B3F2AFE-FollowerState
2025-09-07 09:44:51,207 [95d41743-cdf0-4105-938b-93fe980aeffc@group-DDE89B3F2AFE-FollowerState] INFO  server.RaftServer$Division (RaftServerImpl.java:setRole(392)) - 95d41743-cdf0-4105-938b-93fe980aeffc@group-DDE89B3F2AFE: changes role from  FOLLOWER to CANDIDATE at term 1 for changeToCandidate
2025-09-07 09:44:51,207 [95d41743-cdf0-4105-938b-93fe980aeffc@group-DDE89B3F2AFE-FollowerState] INFO  impl.RoleInfo (RoleInfo.java:updateAndGet(148)) - 95d41743-cdf0-4105-938b-93fe980aeffc: start 95d41743-cdf0-4105-938b-93fe980aeffc@group-DDE89B3F2AFE-LeaderElection84
2025-09-07 09:44:51,207 [95d41743-cdf0-4105-938b-93fe980aeffc@group-DDE89B3F2AFE-LeaderElection84] INFO  impl.LeaderElection (LeaderElection.java:askForVotes(448)) - 95d41743-cdf0-4105-938b-93fe980aeffc@group-DDE89B3F2AFE-LeaderElection84 PRE_VOTE round 0: submit vote requests at term 1 for conf: {index: 0, cur=peers:[95d41743-cdf0-4105-938b-93fe980aeffc|127.0.0.1:15031, 8500c972-c6d1-4433-9d49-a8e3bb920002|127.0.0.1:15023, ff2509eb-55dd-4ad3-b532-83d6209e1a92|127.0.0.1:15015]|listeners:[], old=null}
2025-09-07 09:44:51,208 [95d41743-cdf0-4105-938b-93fe980aeffc@group-DDE89B3F2AFE-LeaderElection84] INFO  impl.LeaderElection (LogUtils.java:infoOrTrace(142)) - 95d41743-cdf0-4105-938b-93fe980aeffc@group-DDE89B3F2AFE-LeaderElection84 got exception when requesting votes: java.util.concurrent.ExecutionException: org.apache.ratis.thirdparty.io.grpc.StatusRuntimeException: UNAVAILABLE: io exception
2025-09-07 09:44:51,208 [95d41743-cdf0-4105-938b-93fe980aeffc@group-DDE89B3F2AFE-LeaderElection84] INFO  impl.LeaderElection (LogUtils.java:infoOrTrace(142)) - 95d41743-cdf0-4105-938b-93fe980aeffc@group-DDE89B3F2AFE-LeaderElection84 got exception when requesting votes: java.util.concurrent.ExecutionException: org.apache.ratis.thirdparty.io.grpc.StatusRuntimeException: UNAVAILABLE: io exception
2025-09-07 09:44:51,208 [95d41743-cdf0-4105-938b-93fe980aeffc@group-DDE89B3F2AFE-LeaderElection84] INFO  impl.LeaderElection (LeaderElection.java:logAndReturn(206)) - 95d41743-cdf0-4105-938b-93fe980aeffc@group-DDE89B3F2AFE-LeaderElection84: PRE_VOTE REJECTED received 0 response(s) and 2 exception(s):
2025-09-07 09:44:51,208 [95d41743-cdf0-4105-938b-93fe980aeffc@group-DDE89B3F2AFE-LeaderElection84] INFO  impl.LeaderElection (LogUtils.java:infoOrTrace(142)) -   Exception 0: java.util.concurrent.ExecutionException: org.apache.ratis.thirdparty.io.grpc.StatusRuntimeException: UNAVAILABLE: io exception
2025-09-07 09:44:51,208 [95d41743-cdf0-4105-938b-93fe980aeffc@group-DDE89B3F2AFE-LeaderElection84] INFO  impl.LeaderElection (LogUtils.java:infoOrTrace(142)) -   Exception 1: java.util.concurrent.ExecutionException: org.apache.ratis.thirdparty.io.grpc.StatusRuntimeException: UNAVAILABLE: io exception
2025-09-07 09:44:51,208 [95d41743-cdf0-4105-938b-93fe980aeffc@group-DDE89B3F2AFE-LeaderElection84] INFO  impl.LeaderElection (LeaderElection.java:askForVotes(450)) - 95d41743-cdf0-4105-938b-93fe980aeffc@group-DDE89B3F2AFE-LeaderElection84 PRE_VOTE round 0: result REJECTED
2025-09-07 09:44:51,208 [95d41743-cdf0-4105-938b-93fe980aeffc@group-DDE89B3F2AFE-LeaderElection84] INFO  server.RaftServer$Division (RaftServerImpl.java:setRole(392)) - 95d41743-cdf0-4105-938b-93fe980aeffc@group-DDE89B3F2AFE: changes role from CANDIDATE to FOLLOWER at term 1 for REJECTED
2025-09-07 09:44:51,208 [95d41743-cdf0-4105-938b-93fe980aeffc@group-DDE89B3F2AFE-LeaderElection84] INFO  impl.RoleInfo (RoleInfo.java:shutdownLeaderElection(141)) - 95d41743-cdf0-4105-938b-93fe980aeffc: shutdown 95d41743-cdf0-4105-938b-93fe980aeffc@group-DDE89B3F2AFE-LeaderElection84
2025-09-07 09:44:51,208 [95d41743-cdf0-4105-938b-93fe980aeffc@group-DDE89B3F2AFE-LeaderElection84] INFO  impl.RoleInfo (RoleInfo.java:updateAndGet(148)) - 95d41743-cdf0-4105-938b-93fe980aeffc: start 95d41743-cdf0-4105-938b-93fe980aeffc@group-DDE89B3F2AFE-FollowerState
2025-09-07 09:44:51,361 [ff2509eb-55dd-4ad3-b532-83d6209e1a92@group-DDE89B3F2AFE-FollowerState] INFO  impl.FollowerState (FollowerState.java:runImpl(161)) - ff2509eb-55dd-4ad3-b532-83d6209e1a92@group-DDE89B3F2AFE-FollowerState: change to CANDIDATE, lastRpcElapsedTime:1072411414ns, electionTimeout:1072ms
2025-09-07 09:44:51,362 [ff2509eb-55dd-4ad3-b532-83d6209e1a92@group-DDE89B3F2AFE-FollowerState] INFO  impl.RoleInfo (RoleInfo.java:shutdownFollowerState(121)) - ff2509eb-55dd-4ad3-b532-83d6209e1a92: shutdown ff2509eb-55dd-4ad3-b532-83d6209e1a92@group-DDE89B3F2AFE-FollowerState
2025-09-07 09:44:51,362 [ff2509eb-55dd-4ad3-b532-83d6209e1a92@group-DDE89B3F2AFE-FollowerState] INFO  server.RaftServer$Division (RaftServerImpl.java:setRole(392)) - ff2509eb-55dd-4ad3-b532-83d6209e1a92@group-DDE89B3F2AFE: changes role from  FOLLOWER to CANDIDATE at term 1 for changeToCandidate
2025-09-07 09:44:51,362 [ff2509eb-55dd-4ad3-b532-83d6209e1a92@group-DDE89B3F2AFE-FollowerState] INFO  impl.RoleInfo (RoleInfo.java:updateAndGet(148)) - ff2509eb-55dd-4ad3-b532-83d6209e1a92: start ff2509eb-55dd-4ad3-b532-83d6209e1a92@group-DDE89B3F2AFE-LeaderElection85
2025-09-07 09:44:51,362 [ff2509eb-55dd-4ad3-b532-83d6209e1a92@group-DDE89B3F2AFE-LeaderElection85] INFO  impl.LeaderElection (LeaderElection.java:askForVotes(448)) - ff2509eb-55dd-4ad3-b532-83d6209e1a92@group-DDE89B3F2AFE-LeaderElection85 PRE_VOTE round 0: submit vote requests at term 1 for conf: {index: 0, cur=peers:[95d41743-cdf0-4105-938b-93fe980aeffc|127.0.0.1:15031, 8500c972-c6d1-4433-9d49-a8e3bb920002|127.0.0.1:15023, ff2509eb-55dd-4ad3-b532-83d6209e1a92|127.0.0.1:15015]|listeners:[], old=null}
2025-09-07 09:44:51,363 [grpc-default-executor-4] INFO  server.RaftServer$Division (RaftServerImpl.java:requestVote(1421)) - 8500c972-c6d1-4433-9d49-a8e3bb920002@group-DDE89B3F2AFE: receive requestVote(PRE_VOTE, ff2509eb-55dd-4ad3-b532-83d6209e1a92, group-DDE89B3F2AFE, 1, (t:1, i:3))
2025-09-07 09:44:51,363 [grpc-default-executor-6] INFO  server.RaftServer$Division (RaftServerImpl.java:requestVote(1421)) - 95d41743-cdf0-4105-938b-93fe980aeffc@group-DDE89B3F2AFE: receive requestVote(PRE_VOTE, ff2509eb-55dd-4ad3-b532-83d6209e1a92, group-DDE89B3F2AFE, 1, (t:1, i:3))
2025-09-07 09:44:51,364 [grpc-default-executor-4] INFO  impl.VoteContext (VoteContext.java:log(49)) - 8500c972-c6d1-4433-9d49-a8e3bb920002@group-DDE89B3F2AFE-FOLLOWER: accept PRE_VOTE from ff2509eb-55dd-4ad3-b532-83d6209e1a92: our priority 0 <= candidate's priority 0
2025-09-07 09:44:51,364 [grpc-default-executor-6] INFO  impl.VoteContext (VoteContext.java:log(49)) - 95d41743-cdf0-4105-938b-93fe980aeffc@group-DDE89B3F2AFE-FOLLOWER: reject PRE_VOTE from ff2509eb-55dd-4ad3-b532-83d6209e1a92: our priority 1 > candidate's priority 0
2025-09-07 09:44:51,364 [grpc-default-executor-4] INFO  server.RaftServer$Division (RaftServerImpl.java:requestVote(1455)) - 8500c972-c6d1-4433-9d49-a8e3bb920002@group-DDE89B3F2AFE replies to PRE_VOTE vote request: ff2509eb-55dd-4ad3-b532-83d6209e1a92<-8500c972-c6d1-4433-9d49-a8e3bb920002#0:OK-t1-last:(t:1, i:3). Peer's state: 8500c972-c6d1-4433-9d49-a8e3bb920002@group-DDE89B3F2AFE:t1, leader=null, voted=95d41743-cdf0-4105-938b-93fe980aeffc, raftlog=Memoized:8500c972-c6d1-4433-9d49-a8e3bb920002@group-DDE89B3F2AFE-SegmentedRaftLog:OPENED:c3:last(t:1, i:3), conf=conf: {index: 0, cur=peers:[95d41743-cdf0-4105-938b-93fe980aeffc|127.0.0.1:15031, 8500c972-c6d1-4433-9d49-a8e3bb920002|127.0.0.1:15023, ff2509eb-55dd-4ad3-b532-83d6209e1a92|127.0.0.1:15015]|listeners:[], old=null}
2025-09-07 09:44:51,364 [grpc-default-executor-6] INFO  server.RaftServer$Division (RaftServerImpl.java:requestVote(1455)) - 95d41743-cdf0-4105-938b-93fe980aeffc@group-DDE89B3F2AFE replies to PRE_VOTE vote request: ff2509eb-55dd-4ad3-b532-83d6209e1a92<-95d41743-cdf0-4105-938b-93fe980aeffc#0:FAIL-t1-last:(t:1, i:3). Peer's state: 95d41743-cdf0-4105-938b-93fe980aeffc@group-DDE89B3F2AFE:t1, leader=null, voted=95d41743-cdf0-4105-938b-93fe980aeffc, raftlog=Memoized:95d41743-cdf0-4105-938b-93fe980aeffc@group-DDE89B3F2AFE-SegmentedRaftLog:OPENED:c3:last(t:1, i:3), conf=conf: {index: 0, cur=peers:[95d41743-cdf0-4105-938b-93fe980aeffc|127.0.0.1:15031, 8500c972-c6d1-4433-9d49-a8e3bb920002|127.0.0.1:15023, ff2509eb-55dd-4ad3-b532-83d6209e1a92|127.0.0.1:15015]|listeners:[], old=null}
2025-09-07 09:44:51,364 [ff2509eb-55dd-4ad3-b532-83d6209e1a92@group-DDE89B3F2AFE-LeaderElection85] INFO  impl.LeaderElection (LeaderElection.java:logAndReturn(206)) - ff2509eb-55dd-4ad3-b532-83d6209e1a92@group-DDE89B3F2AFE-LeaderElection85: PRE_VOTE REJECTED received 1 response(s) and 0 exception(s):
2025-09-07 09:44:51,364 [ff2509eb-55dd-4ad3-b532-83d6209e1a92@group-DDE89B3F2AFE-LeaderElection85] INFO  impl.LeaderElection (LeaderElection.java:logAndReturn(210)) -   Response 0: ff2509eb-55dd-4ad3-b532-83d6209e1a92<-95d41743-cdf0-4105-938b-93fe980aeffc#0:FAIL-t1-last:(t:1, i:3)
2025-09-07 09:44:51,364 [ff2509eb-55dd-4ad3-b532-83d6209e1a92@group-DDE89B3F2AFE-LeaderElection85] INFO  impl.LeaderElection (LeaderElection.java:askForVotes(450)) - ff2509eb-55dd-4ad3-b532-83d6209e1a92@group-DDE89B3F2AFE-LeaderElection85 PRE_VOTE round 0: result REJECTED
2025-09-07 09:44:51,365 [ff2509eb-55dd-4ad3-b532-83d6209e1a92@group-DDE89B3F2AFE-LeaderElection85] INFO  server.RaftServer$Division (RaftServerImpl.java:setRole(392)) - ff2509eb-55dd-4ad3-b532-83d6209e1a92@group-DDE89B3F2AFE: changes role from CANDIDATE to FOLLOWER at term 1 for REJECTED
2025-09-07 09:44:51,365 [ff2509eb-55dd-4ad3-b532-83d6209e1a92@group-DDE89B3F2AFE-LeaderElection85] INFO  impl.RoleInfo (RoleInfo.java:shutdownLeaderElection(141)) - ff2509eb-55dd-4ad3-b532-83d6209e1a92: shutdown ff2509eb-55dd-4ad3-b532-83d6209e1a92@group-DDE89B3F2AFE-LeaderElection85
2025-09-07 09:44:51,365 [ff2509eb-55dd-4ad3-b532-83d6209e1a92@group-DDE89B3F2AFE-LeaderElection85] INFO  impl.RoleInfo (RoleInfo.java:updateAndGet(148)) - ff2509eb-55dd-4ad3-b532-83d6209e1a92: start ff2509eb-55dd-4ad3-b532-83d6209e1a92@group-DDE89B3F2AFE-FollowerState
2025-09-07 09:44:52,122 [timer0] WARN  server.GrpcLogAppender (GrpcLogAppender.java:lambda$onNextImpl$0(527)) - 8500c972-c6d1-4433-9d49-a8e3bb920002@group-77DC33C8A8CA->ff2509eb-55dd-4ad3-b532-83d6209e1a92-AppendLogResponseHandler: received INCONSISTENCY reply with nextIndex 1, errorCount=1, request=AppendEntriesRequest:cid=0,entriesCount=0  (Repeated 2 times in the last 5.001s)
2025-09-07 09:44:52,272 [95d41743-cdf0-4105-938b-93fe980aeffc@group-DDE89B3F2AFE-FollowerState] INFO  impl.FollowerState (FollowerState.java:runImpl(161)) - 95d41743-cdf0-4105-938b-93fe980aeffc@group-DDE89B3F2AFE-FollowerState: change to CANDIDATE, lastRpcElapsedTime:1063355931ns, electionTimeout:1063ms
2025-09-07 09:44:52,272 [95d41743-cdf0-4105-938b-93fe980aeffc@group-DDE89B3F2AFE-FollowerState] INFO  impl.RoleInfo (RoleInfo.java:shutdownFollowerState(121)) - 95d41743-cdf0-4105-938b-93fe980aeffc: shutdown 95d41743-cdf0-4105-938b-93fe980aeffc@group-DDE89B3F2AFE-FollowerState
2025-09-07 09:44:52,272 [95d41743-cdf0-4105-938b-93fe980aeffc@group-DDE89B3F2AFE-FollowerState] INFO  server.RaftServer$Division (RaftServerImpl.java:setRole(392)) - 95d41743-cdf0-4105-938b-93fe980aeffc@group-DDE89B3F2AFE: changes role from  FOLLOWER to CANDIDATE at term 1 for changeToCandidate
2025-09-07 09:44:52,272 [95d41743-cdf0-4105-938b-93fe980aeffc@group-DDE89B3F2AFE-FollowerState] INFO  impl.RoleInfo (RoleInfo.java:updateAndGet(148)) - 95d41743-cdf0-4105-938b-93fe980aeffc: start 95d41743-cdf0-4105-938b-93fe980aeffc@group-DDE89B3F2AFE-LeaderElection86
2025-09-07 09:44:52,272 [95d41743-cdf0-4105-938b-93fe980aeffc@group-DDE89B3F2AFE-LeaderElection86] INFO  impl.LeaderElection (LeaderElection.java:askForVotes(448)) - 95d41743-cdf0-4105-938b-93fe980aeffc@group-DDE89B3F2AFE-LeaderElection86 PRE_VOTE round 0: submit vote requests at term 1 for conf: {index: 0, cur=peers:[95d41743-cdf0-4105-938b-93fe980aeffc|127.0.0.1:15031, 8500c972-c6d1-4433-9d49-a8e3bb920002|127.0.0.1:15023, ff2509eb-55dd-4ad3-b532-83d6209e1a92|127.0.0.1:15015]|listeners:[], old=null}
2025-09-07 09:44:52,273 [95d41743-cdf0-4105-938b-93fe980aeffc@group-DDE89B3F2AFE-LeaderElection86] INFO  impl.LeaderElection (LogUtils.java:infoOrTrace(142)) - 95d41743-cdf0-4105-938b-93fe980aeffc@group-DDE89B3F2AFE-LeaderElection86 got exception when requesting votes: java.util.concurrent.ExecutionException: org.apache.ratis.thirdparty.io.grpc.StatusRuntimeException: UNAVAILABLE: io exception
2025-09-07 09:44:52,273 [95d41743-cdf0-4105-938b-93fe980aeffc@group-DDE89B3F2AFE-LeaderElection86] INFO  impl.LeaderElection (LogUtils.java:infoOrTrace(142)) - 95d41743-cdf0-4105-938b-93fe980aeffc@group-DDE89B3F2AFE-LeaderElection86 got exception when requesting votes: java.util.concurrent.ExecutionException: org.apache.ratis.thirdparty.io.grpc.StatusRuntimeException: UNAVAILABLE: io exception
2025-09-07 09:44:52,274 [95d41743-cdf0-4105-938b-93fe980aeffc@group-DDE89B3F2AFE-LeaderElection86] INFO  impl.LeaderElection (LeaderElection.java:logAndReturn(206)) - 95d41743-cdf0-4105-938b-93fe980aeffc@group-DDE89B3F2AFE-LeaderElection86: PRE_VOTE REJECTED received 0 response(s) and 2 exception(s):
2025-09-07 09:44:52,274 [95d41743-cdf0-4105-938b-93fe980aeffc@group-DDE89B3F2AFE-LeaderElection86] INFO  impl.LeaderElection (LogUtils.java:infoOrTrace(142)) -   Exception 0: java.util.concurrent.ExecutionException: org.apache.ratis.thirdparty.io.grpc.StatusRuntimeException: UNAVAILABLE: io exception
2025-09-07 09:44:52,274 [95d41743-cdf0-4105-938b-93fe980aeffc@group-DDE89B3F2AFE-LeaderElection86] INFO  impl.LeaderElection (LogUtils.java:infoOrTrace(142)) -   Exception 1: java.util.concurrent.ExecutionException: org.apache.ratis.thirdparty.io.grpc.StatusRuntimeException: UNAVAILABLE: io exception
2025-09-07 09:44:52,274 [95d41743-cdf0-4105-938b-93fe980aeffc@group-DDE89B3F2AFE-LeaderElection86] INFO  impl.LeaderElection (LeaderElection.java:askForVotes(450)) - 95d41743-cdf0-4105-938b-93fe980aeffc@group-DDE89B3F2AFE-LeaderElection86 PRE_VOTE round 0: result REJECTED
2025-09-07 09:44:52,274 [95d41743-cdf0-4105-938b-93fe980aeffc@group-DDE89B3F2AFE-LeaderElection86] INFO  server.RaftServer$Division (RaftServerImpl.java:setRole(392)) - 95d41743-cdf0-4105-938b-93fe980aeffc@group-DDE89B3F2AFE: changes role from CANDIDATE to FOLLOWER at term 1 for REJECTED
2025-09-07 09:44:52,274 [95d41743-cdf0-4105-938b-93fe980aeffc@group-DDE89B3F2AFE-LeaderElection86] INFO  impl.RoleInfo (RoleInfo.java:shutdownLeaderElection(141)) - 95d41743-cdf0-4105-938b-93fe980aeffc: shutdown 95d41743-cdf0-4105-938b-93fe980aeffc@group-DDE89B3F2AFE-LeaderElection86
2025-09-07 09:44:52,274 [95d41743-cdf0-4105-938b-93fe980aeffc@group-DDE89B3F2AFE-LeaderElection86] INFO  impl.RoleInfo (RoleInfo.java:updateAndGet(148)) - 95d41743-cdf0-4105-938b-93fe980aeffc: start 95d41743-cdf0-4105-938b-93fe980aeffc@group-DDE89B3F2AFE-FollowerState
2025-09-07 09:44:52,401 [grpc-default-executor-6] ERROR impl.OrderedAsync (OrderedAsync.java:lambda$null$6(215)) -  client-5C93762BF05C: Failed* RaftClientRequest:client-5C93762BF05C->95d41743-cdf0-4105-938b-93fe980aeffc@group-DDE89B3F2AFE, cid=32, seq=1*, Watch(0), null
java.util.concurrent.CompletionException: org.apache.ratis.protocol.exceptions.NotLeaderException: Server 95d41743-cdf0-4105-938b-93fe980aeffc@group-DDE89B3F2AFE is not the leader
	at java.base/java.util.concurrent.CompletableFuture.encodeThrowable(CompletableFuture.java:332)
	at java.base/java.util.concurrent.CompletableFuture.completeThrowable(CompletableFuture.java:347)
	at java.base/java.util.concurrent.CompletableFuture$UniAccept.tryFire(CompletableFuture.java:708)
	at java.base/java.util.concurrent.CompletableFuture.postComplete(CompletableFuture.java:510)
	at java.base/java.util.concurrent.CompletableFuture.completeExceptionally(CompletableFuture.java:2194)
	at org.apache.ratis.grpc.client.GrpcClientProtocolClient$AsyncStreamObservers.completeReplyExceptionally(GrpcClientProtocolClient.java:397)
	at org.apache.ratis.grpc.client.GrpcClientProtocolClient$AsyncStreamObservers.access$000(GrpcClientProtocolClient.java:303)
	at org.apache.ratis.grpc.client.GrpcClientProtocolClient$AsyncStreamObservers$1.onNext(GrpcClientProtocolClient.java:317)
	at org.apache.ratis.grpc.client.GrpcClientProtocolClient$AsyncStreamObservers$1.onNext(GrpcClientProtocolClient.java:308)
	at org.apache.ratis.thirdparty.io.grpc.stub.ClientCalls$StreamObserverToCallListenerAdapter.onMessage(ClientCalls.java:551)
	at org.apache.ratis.thirdparty.io.grpc.ForwardingClientCallListener.onMessage(ForwardingClientCallListener.java:33)
	at org.apache.ratis.thirdparty.io.grpc.internal.ClientCallImpl$ClientStreamListenerImpl$1MessagesAvailable.runInternal(ClientCallImpl.java:661)
	at org.apache.ratis.thirdparty.io.grpc.internal.ClientCallImpl$ClientStreamListenerImpl$1MessagesAvailable.runInContext(ClientCallImpl.java:648)
	at org.apache.ratis.thirdparty.io.grpc.internal.ContextRunnable.run(ContextRunnable.java:37)
	at org.apache.ratis.thirdparty.io.grpc.internal.SerializingExecutor.run(SerializingExecutor.java:133)
	at java.base/java.util.concurrent.ThreadPoolExecutor.runWorker(ThreadPoolExecutor.java:1144)
	at java.base/java.util.concurrent.ThreadPoolExecutor$Worker.run(ThreadPoolExecutor.java:642)
	at java.base/java.lang.Thread.run(Thread.java:1583)
Caused by: org.apache.ratis.protocol.exceptions.NotLeaderException: Server 95d41743-cdf0-4105-938b-93fe980aeffc@group-DDE89B3F2AFE is not the leader
	at org.apache.ratis.client.impl.ClientProtoUtils.toRaftClientReply(ClientProtoUtils.java:402)
	at org.apache.ratis.grpc.client.GrpcClientProtocolClient$AsyncStreamObservers$1.onNext(GrpcClientProtocolClient.java:313)
	... 10 more
2025-09-07 09:44:52,565 [ff2509eb-55dd-4ad3-b532-83d6209e1a92@group-DDE89B3F2AFE-FollowerState] INFO  impl.FollowerState (FollowerState.java:runImpl(161)) - ff2509eb-55dd-4ad3-b532-83d6209e1a92@group-DDE89B3F2AFE-FollowerState: change to CANDIDATE, lastRpcElapsedTime:1200327771ns, electionTimeout:1200ms
2025-09-07 09:44:52,565 [ff2509eb-55dd-4ad3-b532-83d6209e1a92@group-DDE89B3F2AFE-FollowerState] INFO  impl.RoleInfo (RoleInfo.java:shutdownFollowerState(121)) - ff2509eb-55dd-4ad3-b532-83d6209e1a92: shutdown ff2509eb-55dd-4ad3-b532-83d6209e1a92@group-DDE89B3F2AFE-FollowerState
2025-09-07 09:44:52,565 [ff2509eb-55dd-4ad3-b532-83d6209e1a92@group-DDE89B3F2AFE-FollowerState] INFO  server.RaftServer$Division (RaftServerImpl.java:setRole(392)) - ff2509eb-55dd-4ad3-b532-83d6209e1a92@group-DDE89B3F2AFE: changes role from  FOLLOWER to CANDIDATE at term 1 for changeToCandidate
2025-09-07 09:44:52,565 [ff2509eb-55dd-4ad3-b532-83d6209e1a92@group-DDE89B3F2AFE-FollowerState] INFO  impl.RoleInfo (RoleInfo.java:updateAndGet(148)) - ff2509eb-55dd-4ad3-b532-83d6209e1a92: start ff2509eb-55dd-4ad3-b532-83d6209e1a92@group-DDE89B3F2AFE-LeaderElection87
2025-09-07 09:44:52,566 [ff2509eb-55dd-4ad3-b532-83d6209e1a92@group-DDE89B3F2AFE-LeaderElection87] INFO  impl.LeaderElection (LeaderElection.java:askForVotes(448)) - ff2509eb-55dd-4ad3-b532-83d6209e1a92@group-DDE89B3F2AFE-LeaderElection87 PRE_VOTE round 0: submit vote requests at term 1 for conf: {index: 0, cur=peers:[95d41743-cdf0-4105-938b-93fe980aeffc|127.0.0.1:15031, 8500c972-c6d1-4433-9d49-a8e3bb920002|127.0.0.1:15023, ff2509eb-55dd-4ad3-b532-83d6209e1a92|127.0.0.1:15015]|listeners:[], old=null}
2025-09-07 09:44:52,567 [grpc-default-executor-4] INFO  server.RaftServer$Division (RaftServerImpl.java:requestVote(1421)) - 8500c972-c6d1-4433-9d49-a8e3bb920002@group-DDE89B3F2AFE: receive requestVote(PRE_VOTE, ff2509eb-55dd-4ad3-b532-83d6209e1a92, group-DDE89B3F2AFE, 1, (t:1, i:3))
2025-09-07 09:44:52,567 [grpc-default-executor-6] INFO  server.RaftServer$Division (RaftServerImpl.java:requestVote(1421)) - 95d41743-cdf0-4105-938b-93fe980aeffc@group-DDE89B3F2AFE: receive requestVote(PRE_VOTE, ff2509eb-55dd-4ad3-b532-83d6209e1a92, group-DDE89B3F2AFE, 1, (t:1, i:3))
2025-09-07 09:44:52,567 [grpc-default-executor-4] INFO  impl.VoteContext (VoteContext.java:log(49)) - 8500c972-c6d1-4433-9d49-a8e3bb920002@group-DDE89B3F2AFE-FOLLOWER: accept PRE_VOTE from ff2509eb-55dd-4ad3-b532-83d6209e1a92: our priority 0 <= candidate's priority 0
2025-09-07 09:44:52,567 [grpc-default-executor-6] INFO  impl.VoteContext (VoteContext.java:log(49)) - 95d41743-cdf0-4105-938b-93fe980aeffc@group-DDE89B3F2AFE-FOLLOWER: reject PRE_VOTE from ff2509eb-55dd-4ad3-b532-83d6209e1a92: our priority 1 > candidate's priority 0
2025-09-07 09:44:52,567 [grpc-default-executor-6] INFO  server.RaftServer$Division (RaftServerImpl.java:requestVote(1455)) - 95d41743-cdf0-4105-938b-93fe980aeffc@group-DDE89B3F2AFE replies to PRE_VOTE vote request: ff2509eb-55dd-4ad3-b532-83d6209e1a92<-95d41743-cdf0-4105-938b-93fe980aeffc#0:FAIL-t1-last:(t:1, i:3). Peer's state: 95d41743-cdf0-4105-938b-93fe980aeffc@group-DDE89B3F2AFE:t1, leader=null, voted=95d41743-cdf0-4105-938b-93fe980aeffc, raftlog=Memoized:95d41743-cdf0-4105-938b-93fe980aeffc@group-DDE89B3F2AFE-SegmentedRaftLog:OPENED:c3:last(t:1, i:3), conf=conf: {index: 0, cur=peers:[95d41743-cdf0-4105-938b-93fe980aeffc|127.0.0.1:15031, 8500c972-c6d1-4433-9d49-a8e3bb920002|127.0.0.1:15023, ff2509eb-55dd-4ad3-b532-83d6209e1a92|127.0.0.1:15015]|listeners:[], old=null}
2025-09-07 09:44:52,567 [grpc-default-executor-4] INFO  server.RaftServer$Division (RaftServerImpl.java:requestVote(1455)) - 8500c972-c6d1-4433-9d49-a8e3bb920002@group-DDE89B3F2AFE replies to PRE_VOTE vote request: ff2509eb-55dd-4ad3-b532-83d6209e1a92<-8500c972-c6d1-4433-9d49-a8e3bb920002#0:OK-t1-last:(t:1, i:3). Peer's state: 8500c972-c6d1-4433-9d49-a8e3bb920002@group-DDE89B3F2AFE:t1, leader=null, voted=95d41743-cdf0-4105-938b-93fe980aeffc, raftlog=Memoized:8500c972-c6d1-4433-9d49-a8e3bb920002@group-DDE89B3F2AFE-SegmentedRaftLog:OPENED:c3:last(t:1, i:3), conf=conf: {index: 0, cur=peers:[95d41743-cdf0-4105-938b-93fe980aeffc|127.0.0.1:15031, 8500c972-c6d1-4433-9d49-a8e3bb920002|127.0.0.1:15023, ff2509eb-55dd-4ad3-b532-83d6209e1a92|127.0.0.1:15015]|listeners:[], old=null}
2025-09-07 09:44:52,568 [ff2509eb-55dd-4ad3-b532-83d6209e1a92@group-DDE89B3F2AFE-LeaderElection87] INFO  impl.LeaderElection (LeaderElection.java:logAndReturn(206)) - ff2509eb-55dd-4ad3-b532-83d6209e1a92@group-DDE89B3F2AFE-LeaderElection87: PRE_VOTE REJECTED received 2 response(s) and 0 exception(s):
2025-09-07 09:44:52,568 [ff2509eb-55dd-4ad3-b532-83d6209e1a92@group-DDE89B3F2AFE-LeaderElection87] INFO  impl.LeaderElection (LeaderElection.java:logAndReturn(210)) -   Response 0: ff2509eb-55dd-4ad3-b532-83d6209e1a92<-95d41743-cdf0-4105-938b-93fe980aeffc#0:FAIL-t1-last:(t:1, i:3)
2025-09-07 09:44:52,568 [ff2509eb-55dd-4ad3-b532-83d6209e1a92@group-DDE89B3F2AFE-LeaderElection87] INFO  impl.LeaderElection (LeaderElection.java:logAndReturn(210)) -   Response 1: ff2509eb-55dd-4ad3-b532-83d6209e1a92<-8500c972-c6d1-4433-9d49-a8e3bb920002#0:OK-t1-last:(t:1, i:3)
2025-09-07 09:44:52,568 [ff2509eb-55dd-4ad3-b532-83d6209e1a92@group-DDE89B3F2AFE-LeaderElection87] INFO  impl.LeaderElection (LeaderElection.java:askForVotes(450)) - ff2509eb-55dd-4ad3-b532-83d6209e1a92@group-DDE89B3F2AFE-LeaderElection87 PRE_VOTE round 0: result REJECTED
2025-09-07 09:44:52,568 [ff2509eb-55dd-4ad3-b532-83d6209e1a92@group-DDE89B3F2AFE-LeaderElection87] INFO  server.RaftServer$Division (RaftServerImpl.java:setRole(392)) - ff2509eb-55dd-4ad3-b532-83d6209e1a92@group-DDE89B3F2AFE: changes role from CANDIDATE to FOLLOWER at term 1 for REJECTED
2025-09-07 09:44:52,568 [ff2509eb-55dd-4ad3-b532-83d6209e1a92@group-DDE89B3F2AFE-LeaderElection87] INFO  impl.RoleInfo (RoleInfo.java:shutdownLeaderElection(141)) - ff2509eb-55dd-4ad3-b532-83d6209e1a92: shutdown ff2509eb-55dd-4ad3-b532-83d6209e1a92@group-DDE89B3F2AFE-LeaderElection87
2025-09-07 09:44:52,568 [ff2509eb-55dd-4ad3-b532-83d6209e1a92@group-DDE89B3F2AFE-LeaderElection87] INFO  impl.RoleInfo (RoleInfo.java:updateAndGet(148)) - ff2509eb-55dd-4ad3-b532-83d6209e1a92: start ff2509eb-55dd-4ad3-b532-83d6209e1a92@group-DDE89B3F2AFE-FollowerState
2025-09-07 09:44:53,347 [95d41743-cdf0-4105-938b-93fe980aeffc@group-DDE89B3F2AFE-FollowerState] INFO  impl.FollowerState (FollowerState.java:runImpl(161)) - 95d41743-cdf0-4105-938b-93fe980aeffc@group-DDE89B3F2AFE-FollowerState: change to CANDIDATE, lastRpcElapsedTime:1072780132ns, electionTimeout:1072ms
2025-09-07 09:44:53,347 [95d41743-cdf0-4105-938b-93fe980aeffc@group-DDE89B3F2AFE-FollowerState] INFO  impl.RoleInfo (RoleInfo.java:shutdownFollowerState(121)) - 95d41743-cdf0-4105-938b-93fe980aeffc: shutdown 95d41743-cdf0-4105-938b-93fe980aeffc@group-DDE89B3F2AFE-FollowerState
2025-09-07 09:44:53,347 [95d41743-cdf0-4105-938b-93fe980aeffc@group-DDE89B3F2AFE-FollowerState] INFO  server.RaftServer$Division (RaftServerImpl.java:setRole(392)) - 95d41743-cdf0-4105-938b-93fe980aeffc@group-DDE89B3F2AFE: changes role from  FOLLOWER to CANDIDATE at term 1 for changeToCandidate
2025-09-07 09:44:53,347 [95d41743-cdf0-4105-938b-93fe980aeffc@group-DDE89B3F2AFE-FollowerState] INFO  impl.RoleInfo (RoleInfo.java:updateAndGet(148)) - 95d41743-cdf0-4105-938b-93fe980aeffc: start 95d41743-cdf0-4105-938b-93fe980aeffc@group-DDE89B3F2AFE-LeaderElection88
2025-09-07 09:44:53,347 [95d41743-cdf0-4105-938b-93fe980aeffc@group-DDE89B3F2AFE-LeaderElection88] INFO  impl.LeaderElection (LeaderElection.java:askForVotes(448)) - 95d41743-cdf0-4105-938b-93fe980aeffc@group-DDE89B3F2AFE-LeaderElection88 PRE_VOTE round 0: submit vote requests at term 1 for conf: {index: 0, cur=peers:[95d41743-cdf0-4105-938b-93fe980aeffc|127.0.0.1:15031, 8500c972-c6d1-4433-9d49-a8e3bb920002|127.0.0.1:15023, ff2509eb-55dd-4ad3-b532-83d6209e1a92|127.0.0.1:15015]|listeners:[], old=null}
2025-09-07 09:44:53,348 [95d41743-cdf0-4105-938b-93fe980aeffc@group-DDE89B3F2AFE-LeaderElection88] INFO  impl.LeaderElection (LogUtils.java:infoOrTrace(142)) - 95d41743-cdf0-4105-938b-93fe980aeffc@group-DDE89B3F2AFE-LeaderElection88 got exception when requesting votes: java.util.concurrent.ExecutionException: org.apache.ratis.thirdparty.io.grpc.StatusRuntimeException: UNAVAILABLE: io exception
2025-09-07 09:44:53,349 [grpc-default-executor-4] INFO  server.RaftServer$Division (RaftServerImpl.java:requestVote(1421)) - ff2509eb-55dd-4ad3-b532-83d6209e1a92@group-DDE89B3F2AFE: receive requestVote(PRE_VOTE, 95d41743-cdf0-4105-938b-93fe980aeffc, group-DDE89B3F2AFE, 1, (t:1, i:3))
2025-09-07 09:44:53,349 [grpc-default-executor-4] INFO  impl.VoteContext (VoteContext.java:log(49)) - ff2509eb-55dd-4ad3-b532-83d6209e1a92@group-DDE89B3F2AFE-FOLLOWER: accept PRE_VOTE from 95d41743-cdf0-4105-938b-93fe980aeffc: our priority 0 <= candidate's priority 1
2025-09-07 09:44:53,349 [grpc-default-executor-4] INFO  server.RaftServer$Division (RaftServerImpl.java:requestVote(1455)) - ff2509eb-55dd-4ad3-b532-83d6209e1a92@group-DDE89B3F2AFE replies to PRE_VOTE vote request: 95d41743-cdf0-4105-938b-93fe980aeffc<-ff2509eb-55dd-4ad3-b532-83d6209e1a92#0:OK-t1-last:(t:1, i:3). Peer's state: ff2509eb-55dd-4ad3-b532-83d6209e1a92@group-DDE89B3F2AFE:t1, leader=null, voted=95d41743-cdf0-4105-938b-93fe980aeffc, raftlog=Memoized:ff2509eb-55dd-4ad3-b532-83d6209e1a92@group-DDE89B3F2AFE-SegmentedRaftLog:OPENED:c2:last(t:1, i:3), conf=conf: {index: 0, cur=peers:[95d41743-cdf0-4105-938b-93fe980aeffc|127.0.0.1:15031, 8500c972-c6d1-4433-9d49-a8e3bb920002|127.0.0.1:15023, ff2509eb-55dd-4ad3-b532-83d6209e1a92|127.0.0.1:15015]|listeners:[], old=null}
2025-09-07 09:44:53,350 [95d41743-cdf0-4105-938b-93fe980aeffc@group-DDE89B3F2AFE-LeaderElection88] INFO  impl.LeaderElection (LeaderElection.java:logAndReturn(206)) - 95d41743-cdf0-4105-938b-93fe980aeffc@group-DDE89B3F2AFE-LeaderElection88: PRE_VOTE PASSED received 1 response(s) and 1 exception(s):
2025-09-07 09:44:53,350 [95d41743-cdf0-4105-938b-93fe980aeffc@group-DDE89B3F2AFE-LeaderElection88] INFO  impl.LeaderElection (LeaderElection.java:logAndReturn(210)) -   Response 0: 95d41743-cdf0-4105-938b-93fe980aeffc<-ff2509eb-55dd-4ad3-b532-83d6209e1a92#0:OK-t1-last:(t:1, i:3)
2025-09-07 09:44:53,350 [95d41743-cdf0-4105-938b-93fe980aeffc@group-DDE89B3F2AFE-LeaderElection88] INFO  impl.LeaderElection (LogUtils.java:infoOrTrace(142)) -   Exception 1: java.util.concurrent.ExecutionException: org.apache.ratis.thirdparty.io.grpc.StatusRuntimeException: UNAVAILABLE: io exception
2025-09-07 09:44:53,350 [95d41743-cdf0-4105-938b-93fe980aeffc@group-DDE89B3F2AFE-LeaderElection88] INFO  impl.LeaderElection (LeaderElection.java:askForVotes(450)) - 95d41743-cdf0-4105-938b-93fe980aeffc@group-DDE89B3F2AFE-LeaderElection88 PRE_VOTE round 0: result PASSED
2025-09-07 09:44:53,352 [95d41743-cdf0-4105-938b-93fe980aeffc@group-DDE89B3F2AFE-LeaderElection88] INFO  impl.LeaderElection (LeaderElection.java:askForVotes(448)) - 95d41743-cdf0-4105-938b-93fe980aeffc@group-DDE89B3F2AFE-LeaderElection88 ELECTION round 0: submit vote requests at term 2 for conf: {index: 0, cur=peers:[95d41743-cdf0-4105-938b-93fe980aeffc|127.0.0.1:15031, 8500c972-c6d1-4433-9d49-a8e3bb920002|127.0.0.1:15023, ff2509eb-55dd-4ad3-b532-83d6209e1a92|127.0.0.1:15015]|listeners:[], old=null}
2025-09-07 09:44:53,352 [95d41743-cdf0-4105-938b-93fe980aeffc@group-DDE89B3F2AFE-LeaderElection88] INFO  impl.LeaderElection (LogUtils.java:infoOrTrace(142)) - 95d41743-cdf0-4105-938b-93fe980aeffc@group-DDE89B3F2AFE-LeaderElection88 got exception when requesting votes: java.util.concurrent.ExecutionException: org.apache.ratis.thirdparty.io.grpc.StatusRuntimeException: UNAVAILABLE: io exception
2025-09-07 09:44:53,353 [grpc-default-executor-4] INFO  server.RaftServer$Division (RaftServerImpl.java:requestVote(1421)) - ff2509eb-55dd-4ad3-b532-83d6209e1a92@group-DDE89B3F2AFE: receive requestVote(ELECTION, 95d41743-cdf0-4105-938b-93fe980aeffc, group-DDE89B3F2AFE, 2, (t:1, i:3))
2025-09-07 09:44:53,353 [grpc-default-executor-4] INFO  impl.VoteContext (VoteContext.java:log(49)) - ff2509eb-55dd-4ad3-b532-83d6209e1a92@group-DDE89B3F2AFE-FOLLOWER: accept ELECTION from 95d41743-cdf0-4105-938b-93fe980aeffc: our priority 0 <= candidate's priority 1
2025-09-07 09:44:53,353 [grpc-default-executor-4] INFO  server.RaftServer$Division (RaftServerImpl.java:setRole(392)) - ff2509eb-55dd-4ad3-b532-83d6209e1a92@group-DDE89B3F2AFE: changes role from  FOLLOWER to FOLLOWER at term 1 for candidate:95d41743-cdf0-4105-938b-93fe980aeffc
2025-09-07 09:44:53,353 [grpc-default-executor-4] INFO  impl.RoleInfo (RoleInfo.java:shutdownFollowerState(121)) - ff2509eb-55dd-4ad3-b532-83d6209e1a92: shutdown ff2509eb-55dd-4ad3-b532-83d6209e1a92@group-DDE89B3F2AFE-FollowerState
2025-09-07 09:44:53,353 [timer2] INFO  server.GrpcServerProtocolService (GrpcServerProtocolService.java:lambda$onCompleted$6(171)) - ff2509eb-55dd-4ad3-b532-83d6209e1a92: Completed APPEND_ENTRIES, lastRequest: 8500c972-c6d1-4433-9d49-a8e3bb920002->ff2509eb-55dd-4ad3-b532-83d6209e1a92#4-t3,previous=(t:3, i:3),leaderCommit=3,initializing? false,entries: size=1, first=(t:3, i:4), METADATAENTRY(c:3)  (Repeated 2 times in the last 5.000s)
2025-09-07 09:44:53,353 [grpc-default-executor-4] INFO  impl.RoleInfo (RoleInfo.java:updateAndGet(148)) - ff2509eb-55dd-4ad3-b532-83d6209e1a92: start ff2509eb-55dd-4ad3-b532-83d6209e1a92@group-DDE89B3F2AFE-FollowerState
2025-09-07 09:44:53,353 [ff2509eb-55dd-4ad3-b532-83d6209e1a92@group-DDE89B3F2AFE-FollowerState] INFO  impl.FollowerState (FollowerState.java:runImpl(170)) - ff2509eb-55dd-4ad3-b532-83d6209e1a92@group-DDE89B3F2AFE-FollowerState was interrupted
2025-09-07 09:44:53,354 [timer3] INFO  server.GrpcServerProtocolService (GrpcServerProtocolService.java:lambda$null$7(175)) - ff2509eb-55dd-4ad3-b532-83d6209e1a92: Completed APPEND_ENTRIES, lastReply: null  (Repeated 2 times in the last 5.001s)
2025-09-07 09:44:53,354 [timer4] INFO  server.GrpcServerProtocolService (GrpcServerProtocolService.java:lambda$null$7(175)) - 95d41743-cdf0-4105-938b-93fe980aeffc: Completed APPEND_ENTRIES, lastReply: null  (Repeated 2 times in the last 5.001s)
2025-09-07 09:44:53,355 [grpc-default-executor-4] INFO  server.RaftServer$Division (RaftServerImpl.java:requestVote(1455)) - ff2509eb-55dd-4ad3-b532-83d6209e1a92@group-DDE89B3F2AFE replies to ELECTION vote request: 95d41743-cdf0-4105-938b-93fe980aeffc<-ff2509eb-55dd-4ad3-b532-83d6209e1a92#0:OK-t2-last:(t:1, i:3). Peer's state: ff2509eb-55dd-4ad3-b532-83d6209e1a92@group-DDE89B3F2AFE:t2, leader=null, voted=95d41743-cdf0-4105-938b-93fe980aeffc, raftlog=Memoized:ff2509eb-55dd-4ad3-b532-83d6209e1a92@group-DDE89B3F2AFE-SegmentedRaftLog:OPENED:c2:last(t:1, i:3), conf=conf: {index: 0, cur=peers:[95d41743-cdf0-4105-938b-93fe980aeffc|127.0.0.1:15031, 8500c972-c6d1-4433-9d49-a8e3bb920002|127.0.0.1:15023, ff2509eb-55dd-4ad3-b532-83d6209e1a92|127.0.0.1:15015]|listeners:[], old=null}
2025-09-07 09:44:53,355 [timer5] INFO  server.GrpcServerProtocolService (GrpcServerProtocolService.java:lambda$onCompleted$6(171)) - 95d41743-cdf0-4105-938b-93fe980aeffc: Completed APPEND_ENTRIES, lastRequest: null  (Repeated 2 times in the last 5.001s)
2025-09-07 09:44:53,355 [95d41743-cdf0-4105-938b-93fe980aeffc@group-DDE89B3F2AFE-LeaderElection88] INFO  impl.LeaderElection (LeaderElection.java:logAndReturn(206)) - 95d41743-cdf0-4105-938b-93fe980aeffc@group-DDE89B3F2AFE-LeaderElection88: ELECTION PASSED received 1 response(s) and 1 exception(s):
2025-09-07 09:44:53,355 [95d41743-cdf0-4105-938b-93fe980aeffc@group-DDE89B3F2AFE-LeaderElection88] INFO  impl.LeaderElection (LeaderElection.java:logAndReturn(210)) -   Response 0: 95d41743-cdf0-4105-938b-93fe980aeffc<-ff2509eb-55dd-4ad3-b532-83d6209e1a92#0:OK-t2-last:(t:1, i:3)
2025-09-07 09:44:53,355 [95d41743-cdf0-4105-938b-93fe980aeffc@group-DDE89B3F2AFE-LeaderElection88] INFO  impl.LeaderElection (LogUtils.java:infoOrTrace(142)) -   Exception 1: java.util.concurrent.ExecutionException: org.apache.ratis.thirdparty.io.grpc.StatusRuntimeException: UNAVAILABLE: io exception
2025-09-07 09:44:53,355 [95d41743-cdf0-4105-938b-93fe980aeffc@group-DDE89B3F2AFE-LeaderElection88] INFO  impl.LeaderElection (LeaderElection.java:askForVotes(450)) - 95d41743-cdf0-4105-938b-93fe980aeffc@group-DDE89B3F2AFE-LeaderElection88 ELECTION round 0: result PASSED
2025-09-07 09:44:53,355 [95d41743-cdf0-4105-938b-93fe980aeffc@group-DDE89B3F2AFE-LeaderElection88] INFO  impl.RoleInfo (RoleInfo.java:shutdownLeaderElection(141)) - 95d41743-cdf0-4105-938b-93fe980aeffc: shutdown 95d41743-cdf0-4105-938b-93fe980aeffc@group-DDE89B3F2AFE-LeaderElection88
2025-09-07 09:44:53,355 [95d41743-cdf0-4105-938b-93fe980aeffc@group-DDE89B3F2AFE-LeaderElection88] INFO  server.RaftServer$Division (RaftServerImpl.java:setRole(392)) - 95d41743-cdf0-4105-938b-93fe980aeffc@group-DDE89B3F2AFE: changes role from CANDIDATE to LEADER at term 2 for changeToLeader
2025-09-07 09:44:53,356 [95d41743-cdf0-4105-938b-93fe980aeffc@group-DDE89B3F2AFE-LeaderElection88] INFO  server.RaftServerConfigKeys (ConfUtils.java:logFallback(69)) - raft.server.staging.timeout = 3600ms (fallback to raft.server.rpc.timeout.max)
2025-09-07 09:44:53,356 [95d41743-cdf0-4105-938b-93fe980aeffc@group-DDE89B3F2AFE-LeaderElection88] INFO  server.RaftServerConfigKeys (ConfUtils.java:logGet(62)) - raft.server.write.byte-limit = 1024 M (=1073741824) (custom)
2025-09-07 09:44:53,357 [95d41743-cdf0-4105-938b-93fe980aeffc@group-DDE89B3F2AFE-LeaderElection88] INFO  server.RaftServerConfigKeys (ConfUtils.java:logGet(62)) - raft.server.log.appender.buffer.byte-limit = 33554432 (custom)
2025-09-07 09:44:53,357 [95d41743-cdf0-4105-938b-93fe980aeffc@group-DDE89B3F2AFE-LeaderElection88] INFO  server.RaftServerConfigKeys (ConfUtils.java:logGet(62)) - raft.server.log.appender.buffer.byte-limit = 33554432 (custom)
2025-09-07 09:44:53,357 [95d41743-cdf0-4105-938b-93fe980aeffc@group-DDE89B3F2AFE-LeaderElection88] INFO  impl.RoleInfo (RoleInfo.java:updateAndGet(148)) - 95d41743-cdf0-4105-938b-93fe980aeffc: start 95d41743-cdf0-4105-938b-93fe980aeffc@group-DDE89B3F2AFE-LeaderStateImpl
2025-09-07 09:44:53,358 [95d41743-cdf0-4105-938b-93fe980aeffc@group-DDE89B3F2AFE-LeaderElection88] INFO  ratis.XceiverServerRatis (XceiverServerRatis.java:handleLeaderChangedNotification(947)) - Leader change notification received for group: group-DDE89B3F2AFE with new leaderId: 95d41743-cdf0-4105-938b-93fe980aeffc
2025-09-07 09:44:53,358 [95d41743-cdf0-4105-938b-93fe980aeffc@group-DDE89B3F2AFE-LeaderElection88] INFO  server.RaftServer$Division (ServerState.java:setLeader(272)) - 95d41743-cdf0-4105-938b-93fe980aeffc@group-DDE89B3F2AFE: change Leader from null to 95d41743-cdf0-4105-938b-93fe980aeffc at term 2 for becomeLeader, leader elected after 42177ms
2025-09-07 09:44:53,358 [95d41743-cdf0-4105-938b-93fe980aeffc@group-DDE89B3F2AFE-LeaderElection88] INFO  segmented.SegmentedRaftLogWorker (SegmentedRaftLogWorker.java:rollLogSegment(445)) - 95d41743-cdf0-4105-938b-93fe980aeffc@group-DDE89B3F2AFE-SegmentedRaftLogWorker: Rolling segment log-0_3 to index:3
2025-09-07 09:44:53,358 [95d41743-cdf0-4105-938b-93fe980aeffc@group-DDE89B3F2AFE-LeaderElection88] INFO  server.RaftServer$Division (ServerState.java:setRaftConf(386)) - 95d41743-cdf0-4105-938b-93fe980aeffc@group-DDE89B3F2AFE: set configuration conf: {index: 4, cur=peers:[95d41743-cdf0-4105-938b-93fe980aeffc|127.0.0.1:15031, 8500c972-c6d1-4433-9d49-a8e3bb920002|127.0.0.1:15023, ff2509eb-55dd-4ad3-b532-83d6209e1a92|127.0.0.1:15015]|listeners:[], old=null}
2025-09-07 09:44:53,359 [grpc-default-executor-6] WARN  server.GrpcLogAppender (LogUtils.java:warn(127)) - 95d41743-cdf0-4105-938b-93fe980aeffc@group-DDE89B3F2AFE->8500c972-c6d1-4433-9d49-a8e3bb920002-AppendLogResponseHandler: Failed appendEntries: org.apache.ratis.thirdparty.io.grpc.StatusRuntimeException: UNAVAILABLE: io exception
  Caused by: org.apache.ratis.thirdparty.io.netty.channel.AbstractChannel$AnnotatedConnectException: finishConnect(..) failed: Connection refused: /127.0.0.1:15023
  Caused by: java.net.ConnectException: finishConnect(..) failed: Connection refused
2025-09-07 09:44:53,359 [95d41743-cdf0-4105-938b-93fe980aeffc@group-DDE89B3F2AFE-SegmentedRaftLogWorker] INFO  segmented.SegmentedRaftLogWorker (SegmentedRaftLogWorker.java:execute(604)) - 95d41743-cdf0-4105-938b-93fe980aeffc@group-DDE89B3F2AFE-SegmentedRaftLogWorker: Rolled log segment from /home/runner/work/ozone/ozone/hadoop-ozone/integration-test/target/test-dir/MiniOzoneClusterImpl-023d5a78-e64c-43f3-a4d9-6f7884931d6c/ozone-metadata/datanode-3/ratis/3adef986-442f-409a-a79f-dde89b3f2afe/current/log_inprogress_0 to /home/runner/work/ozone/ozone/hadoop-ozone/integration-test/target/test-dir/MiniOzoneClusterImpl-023d5a78-e64c-43f3-a4d9-6f7884931d6c/ozone-metadata/datanode-3/ratis/3adef986-442f-409a-a79f-dde89b3f2afe/current/log_0-3
2025-09-07 09:44:53,360 [95d41743-cdf0-4105-938b-93fe980aeffc@group-DDE89B3F2AFE-SegmentedRaftLogWorker] INFO  segmented.BufferedWriteChannel (BufferedWriteChannel.java:open(61)) - open log_inprogress_4 at position 0
2025-09-07 09:44:53,360 [grpc-default-executor-6] WARN  server.GrpcLogAppender (GrpcLogAppender.java:lambda$resetClient$1(228)) - 95d41743-cdf0-4105-938b-93fe980aeffc@group-DDE89B3F2AFE->8500c972-c6d1-4433-9d49-a8e3bb920002-GrpcLogAppender: Follower failed (request=null, errorCount=1); keep nextIndex (4) unchanged and retry.
2025-09-07 09:44:53,362 [grpc-default-executor-6] INFO  ratis.XceiverServerRatis (XceiverServerRatis.java:handleLeaderChangedNotification(947)) - Leader change notification received for group: group-DDE89B3F2AFE with new leaderId: 95d41743-cdf0-4105-938b-93fe980aeffc
2025-09-07 09:44:53,362 [grpc-default-executor-6] INFO  server.RaftServer$Division (ServerState.java:setLeader(272)) - ff2509eb-55dd-4ad3-b532-83d6209e1a92@group-DDE89B3F2AFE: change Leader from null to 95d41743-cdf0-4105-938b-93fe980aeffc at term 2 for appendEntries, leader elected after 8324ms
2025-09-07 09:44:53,362 [grpc-default-executor-6] INFO  server.RaftServer$Division (ServerState.java:setRaftConf(386)) - ff2509eb-55dd-4ad3-b532-83d6209e1a92@group-DDE89B3F2AFE: set configuration conf: {index: 4, cur=peers:[95d41743-cdf0-4105-938b-93fe980aeffc|127.0.0.1:15031, 8500c972-c6d1-4433-9d49-a8e3bb920002|127.0.0.1:15023, ff2509eb-55dd-4ad3-b532-83d6209e1a92|127.0.0.1:15015]|listeners:[], old=null}
2025-09-07 09:44:53,362 [grpc-default-executor-6] INFO  segmented.SegmentedRaftLogWorker (SegmentedRaftLogWorker.java:rollLogSegment(445)) - ff2509eb-55dd-4ad3-b532-83d6209e1a92@group-DDE89B3F2AFE-SegmentedRaftLogWorker: Rolling segment log-0_3 to index:3
2025-09-07 09:44:53,365 [ff2509eb-55dd-4ad3-b532-83d6209e1a92@group-DDE89B3F2AFE-SegmentedRaftLogWorker] INFO  segmented.SegmentedRaftLogWorker (SegmentedRaftLogWorker.java:execute(604)) - ff2509eb-55dd-4ad3-b532-83d6209e1a92@group-DDE89B3F2AFE-SegmentedRaftLogWorker: Rolled log segment from /home/runner/work/ozone/ozone/hadoop-ozone/integration-test/target/test-dir/MiniOzoneClusterImpl-023d5a78-e64c-43f3-a4d9-6f7884931d6c/ozone-metadata/datanode-1/ratis/3adef986-442f-409a-a79f-dde89b3f2afe/current/log_inprogress_0 to /home/runner/work/ozone/ozone/hadoop-ozone/integration-test/target/test-dir/MiniOzoneClusterImpl-023d5a78-e64c-43f3-a4d9-6f7884931d6c/ozone-metadata/datanode-1/ratis/3adef986-442f-409a-a79f-dde89b3f2afe/current/log_0-3
2025-09-07 09:44:53,365 [ff2509eb-55dd-4ad3-b532-83d6209e1a92@group-DDE89B3F2AFE-SegmentedRaftLogWorker] INFO  segmented.BufferedWriteChannel (BufferedWriteChannel.java:open(61)) - open log_inprogress_4 at position 0
2025-09-07 09:44:53,367 [95d41743-cdf0-4105-938b-93fe980aeffc@group-DDE89B3F2AFE-SegmentedRaftLogWorker] INFO  segmented.SegmentedRaftLogWorker (SegmentedRaftLogWorker.java:execute(647)) - 95d41743-cdf0-4105-938b-93fe980aeffc@group-DDE89B3F2AFE-SegmentedRaftLogWorker: created new log segment /home/runner/work/ozone/ozone/hadoop-ozone/integration-test/target/test-dir/MiniOzoneClusterImpl-023d5a78-e64c-43f3-a4d9-6f7884931d6c/ozone-metadata/datanode-3/ratis/3adef986-442f-409a-a79f-dde89b3f2afe/current/log_inprogress_4
2025-09-07 09:44:53,368 [grpc-default-executor-1] INFO  server.RaftServer$Division (RaftServerImpl.java:setFirstElection(576)) - 8500c972-c6d1-4433-9d49-a8e3bb920002@group-DDE89B3F2AFE: set firstElectionSinceStartup to false for appendEntries
2025-09-07 09:44:53,368 [grpc-default-executor-1] INFO  ratis.XceiverServerRatis (XceiverServerRatis.java:handleLeaderChangedNotification(947)) - Leader change notification received for group: group-DDE89B3F2AFE with new leaderId: 95d41743-cdf0-4105-938b-93fe980aeffc
2025-09-07 09:44:53,368 [grpc-default-executor-1] INFO  server.RaftServer$Division (ServerState.java:setLeader(272)) - 8500c972-c6d1-4433-9d49-a8e3bb920002@group-DDE89B3F2AFE: change Leader from null to 95d41743-cdf0-4105-938b-93fe980aeffc at term 2 for appendEntries, leader elected after 8065ms
2025-09-07 09:44:53,368 [grpc-default-executor-1] INFO  server.RaftServer$Division (ServerState.java:setRaftConf(386)) - 8500c972-c6d1-4433-9d49-a8e3bb920002@group-DDE89B3F2AFE: set configuration conf: {index: 4, cur=peers:[95d41743-cdf0-4105-938b-93fe980aeffc|127.0.0.1:15031, 8500c972-c6d1-4433-9d49-a8e3bb920002|127.0.0.1:15023, ff2509eb-55dd-4ad3-b532-83d6209e1a92|127.0.0.1:15015]|listeners:[], old=null}
2025-09-07 09:44:53,368 [grpc-default-executor-1] INFO  segmented.SegmentedRaftLogWorker (SegmentedRaftLogWorker.java:rollLogSegment(445)) - 8500c972-c6d1-4433-9d49-a8e3bb920002@group-DDE89B3F2AFE-SegmentedRaftLogWorker: Rolling segment log-0_3 to index:3
2025-09-07 09:44:53,369 [8500c972-c6d1-4433-9d49-a8e3bb920002@group-DDE89B3F2AFE-SegmentedRaftLogWorker] INFO  segmented.SegmentedRaftLogWorker (SegmentedRaftLogWorker.java:execute(604)) - 8500c972-c6d1-4433-9d49-a8e3bb920002@group-DDE89B3F2AFE-SegmentedRaftLogWorker: Rolled log segment from /home/runner/work/ozone/ozone/hadoop-ozone/integration-test/target/test-dir/MiniOzoneClusterImpl-023d5a78-e64c-43f3-a4d9-6f7884931d6c/ozone-metadata/datanode-2/ratis/3adef986-442f-409a-a79f-dde89b3f2afe/current/log_inprogress_0 to /home/runner/work/ozone/ozone/hadoop-ozone/integration-test/target/test-dir/MiniOzoneClusterImpl-023d5a78-e64c-43f3-a4d9-6f7884931d6c/ozone-metadata/datanode-2/ratis/3adef986-442f-409a-a79f-dde89b3f2afe/current/log_0-3
2025-09-07 09:44:53,369 [8500c972-c6d1-4433-9d49-a8e3bb920002@group-DDE89B3F2AFE-SegmentedRaftLogWorker] INFO  segmented.BufferedWriteChannel (BufferedWriteChannel.java:open(61)) - open log_inprogress_4 at position 0
2025-09-07 09:44:53,372 [ff2509eb-55dd-4ad3-b532-83d6209e1a92@group-DDE89B3F2AFE-SegmentedRaftLogWorker] INFO  segmented.SegmentedRaftLogWorker (SegmentedRaftLogWorker.java:execute(647)) - ff2509eb-55dd-4ad3-b532-83d6209e1a92@group-DDE89B3F2AFE-SegmentedRaftLogWorker: created new log segment /home/runner/work/ozone/ozone/hadoop-ozone/integration-test/target/test-dir/MiniOzoneClusterImpl-023d5a78-e64c-43f3-a4d9-6f7884931d6c/ozone-metadata/datanode-1/ratis/3adef986-442f-409a-a79f-dde89b3f2afe/current/log_inprogress_4
2025-09-07 09:44:53,376 [8500c972-c6d1-4433-9d49-a8e3bb920002@group-DDE89B3F2AFE-SegmentedRaftLogWorker] INFO  segmented.SegmentedRaftLogWorker (SegmentedRaftLogWorker.java:execute(647)) - 8500c972-c6d1-4433-9d49-a8e3bb920002@group-DDE89B3F2AFE-SegmentedRaftLogWorker: created new log segment /home/runner/work/ozone/ozone/hadoop-ozone/integration-test/target/test-dir/MiniOzoneClusterImpl-023d5a78-e64c-43f3-a4d9-6f7884931d6c/ozone-metadata/datanode-2/ratis/3adef986-442f-409a-a79f-dde89b3f2afe/current/log_inprogress_4
2025-09-07 09:44:53,376 [95d41743-cdf0-4105-938b-93fe980aeffc@group-DDE89B3F2AFE-StateMachineUpdater] INFO  server.RaftServer$Division (LeaderStateImpl.java:checkStartIndex(309)) - Leader 95d41743-cdf0-4105-938b-93fe980aeffc@group-DDE89B3F2AFE-LeaderStateImpl is ready since appliedIndex == startIndex == 4
2025-09-07 09:44:58,216 [grpc-default-executor-4] ERROR impl.OrderedAsync (OrderedAsync.java:lambda$null$6(215)) -  client-5C93762BF05C: Failed* RaftClientRequest:client-5C93762BF05C->ff2509eb-55dd-4ad3-b532-83d6209e1a92@group-DDE89B3F2AFE, cid=32, seq=1*, Watch(0), null
java.util.concurrent.CompletionException: org.apache.ratis.protocol.exceptions.NotLeaderException: Server ff2509eb-55dd-4ad3-b532-83d6209e1a92@group-DDE89B3F2AFE is not the leader, suggested leader is: 95d41743-cdf0-4105-938b-93fe980aeffc|127.0.0.1:15031
	at java.base/java.util.concurrent.CompletableFuture.encodeThrowable(CompletableFuture.java:332)
	at java.base/java.util.concurrent.CompletableFuture.completeThrowable(CompletableFuture.java:347)
	at java.base/java.util.concurrent.CompletableFuture$UniAccept.tryFire(CompletableFuture.java:708)
	at java.base/java.util.concurrent.CompletableFuture.postComplete(CompletableFuture.java:510)
	at java.base/java.util.concurrent.CompletableFuture.completeExceptionally(CompletableFuture.java:2194)
	at org.apache.ratis.grpc.client.GrpcClientProtocolClient$AsyncStreamObservers.completeReplyExceptionally(GrpcClientProtocolClient.java:397)
	at org.apache.ratis.grpc.client.GrpcClientProtocolClient$AsyncStreamObservers.access$000(GrpcClientProtocolClient.java:303)
	at org.apache.ratis.grpc.client.GrpcClientProtocolClient$AsyncStreamObservers$1.onNext(GrpcClientProtocolClient.java:317)
	at org.apache.ratis.grpc.client.GrpcClientProtocolClient$AsyncStreamObservers$1.onNext(GrpcClientProtocolClient.java:308)
	at org.apache.ratis.thirdparty.io.grpc.stub.ClientCalls$StreamObserverToCallListenerAdapter.onMessage(ClientCalls.java:551)
	at org.apache.ratis.thirdparty.io.grpc.ForwardingClientCallListener.onMessage(ForwardingClientCallListener.java:33)
	at org.apache.ratis.thirdparty.io.grpc.internal.ClientCallImpl$ClientStreamListenerImpl$1MessagesAvailable.runInternal(ClientCallImpl.java:661)
	at org.apache.ratis.thirdparty.io.grpc.internal.ClientCallImpl$ClientStreamListenerImpl$1MessagesAvailable.runInContext(ClientCallImpl.java:648)
	at org.apache.ratis.thirdparty.io.grpc.internal.ContextRunnable.run(ContextRunnable.java:37)
	at org.apache.ratis.thirdparty.io.grpc.internal.SerializingExecutor.run(SerializingExecutor.java:133)
	at java.base/java.util.concurrent.ThreadPoolExecutor.runWorker(ThreadPoolExecutor.java:1144)
	at java.base/java.util.concurrent.ThreadPoolExecutor$Worker.run(ThreadPoolExecutor.java:642)
	at java.base/java.lang.Thread.run(Thread.java:1583)
Caused by: org.apache.ratis.protocol.exceptions.NotLeaderException: Server ff2509eb-55dd-4ad3-b532-83d6209e1a92@group-DDE89B3F2AFE is not the leader, suggested leader is: 95d41743-cdf0-4105-938b-93fe980aeffc|127.0.0.1:15031
	at org.apache.ratis.client.impl.ClientProtoUtils.toRaftClientReply(ClientProtoUtils.java:402)
	at org.apache.ratis.grpc.client.GrpcClientProtocolClient$AsyncStreamObservers$1.onNext(GrpcClientProtocolClient.java:313)
	... 10 more
2025-09-07 09:44:58,248 [EventQueue-CloseContainerForCloseContainerEventHandler] INFO  container.CloseContainerEventHandler (CloseContainerEventHandler.java:onMessage(88)) - Close container Event triggered for container : #3, current state: OPEN
2025-09-07 09:44:58,256 [EventQueue-CloseContainerForCloseContainerEventHandler] INFO  container.CloseContainerEventHandler (CloseContainerEventHandler.java:onMessage(88)) - Close container Event triggered for container : #3, current state: CLOSING
2025-09-07 09:44:58,256 [EventQueue-CloseContainerForCloseContainerEventHandler] INFO  container.CloseContainerEventHandler (CloseContainerEventHandler.java:onMessage(88)) - Close container Event triggered for container : #3, current state: CLOSING
2025-09-07 09:44:58,360 [timer1] WARN  server.GrpcLogAppender (LogUtils.java:warn(127)) - 95d41743-cdf0-4105-938b-93fe980aeffc@group-DDE89B3F2AFE->8500c972-c6d1-4433-9d49-a8e3bb920002-AppendLogResponseHandler: Failed appendEntries (Repeated 2 times in the last 5.001s): org.apache.ratis.thirdparty.io.grpc.StatusRuntimeException: UNAVAILABLE: io exception
  Caused by: org.apache.ratis.thirdparty.io.netty.channel.AbstractChannel$AnnotatedConnectException: finishConnect(..) failed: Connection refused: /127.0.0.1:15023
  Caused by: java.net.ConnectException: finishConnect(..) failed: Connection refused
2025-09-07 09:44:58,360 [timer2] WARN  server.GrpcLogAppender (GrpcLogAppender.java:lambda$resetClient$1(228)) - 95d41743-cdf0-4105-938b-93fe980aeffc@group-DDE89B3F2AFE->8500c972-c6d1-4433-9d49-a8e3bb920002-GrpcLogAppender: Follower failed (request=null, errorCount=2); keep nextIndex (4) unchanged and retry. (Repeated 2 times in the last 5.000s)
2025-09-07 09:45:01,242 [95d41743-cdf0-4105-938b-93fe980aeffc-ContainerOp-3adef986-442f-409a-a79f-dde89b3f2afe-4] INFO  keyvalue.KeyValueContainer (KeyValueContainer.java:flushAndSyncDB(514)) - Synced container: KeyValueContainerData #3 (CLOSING, non-empty, ri=0, origin=[dn_95d41743-cdf0-4105-938b-93fe980aeffc, pipeline_3adef986-442f-409a-a79f-dde89b3f2afe])
2025-09-07 09:45:01,242 [95d41743-cdf0-4105-938b-93fe980aeffc-ContainerOp-3adef986-442f-409a-a79f-dde89b3f2afe-4] INFO  keyvalue.KeyValueContainer (KeyValueContainer.java:flushAndSyncDB(514)) - Synced container: KeyValueContainerData #3 (CLOSING, non-empty, ri=0, origin=[dn_95d41743-cdf0-4105-938b-93fe980aeffc, pipeline_3adef986-442f-409a-a79f-dde89b3f2afe])
2025-09-07 09:45:01,247 [95d41743-cdf0-4105-938b-93fe980aeffc-ContainerOp-3adef986-442f-409a-a79f-dde89b3f2afe-4] INFO  keyvalue.KeyValueContainer (KeyValueContainer.java:close(430)) - Closed container: KeyValueContainerData #3 (CLOSED, non-empty, ri=0, origin=[dn_95d41743-cdf0-4105-938b-93fe980aeffc, pipeline_3adef986-442f-409a-a79f-dde89b3f2afe])
2025-09-07 09:45:01,247 [ff2509eb-55dd-4ad3-b532-83d6209e1a92-ContainerOp-3adef986-442f-409a-a79f-dde89b3f2afe-2] INFO  keyvalue.KeyValueContainer (KeyValueContainer.java:flushAndSyncDB(514)) - Synced container: KeyValueContainerData #3 (CLOSING, non-empty, ri=0, origin=[dn_ff2509eb-55dd-4ad3-b532-83d6209e1a92, pipeline_3adef986-442f-409a-a79f-dde89b3f2afe])
2025-09-07 09:45:01,247 [8500c972-c6d1-4433-9d49-a8e3bb920002-ContainerOp-3adef986-442f-409a-a79f-dde89b3f2afe-2] INFO  keyvalue.KeyValueContainer (KeyValueContainer.java:flushAndSyncDB(514)) - Synced container: KeyValueContainerData #3 (CLOSING, non-empty, ri=0, origin=[dn_8500c972-c6d1-4433-9d49-a8e3bb920002, pipeline_3adef986-442f-409a-a79f-dde89b3f2afe])
2025-09-07 09:45:01,247 [ff2509eb-55dd-4ad3-b532-83d6209e1a92-ContainerOp-3adef986-442f-409a-a79f-dde89b3f2afe-2] INFO  keyvalue.KeyValueContainer (KeyValueContainer.java:flushAndSyncDB(514)) - Synced container: KeyValueContainerData #3 (CLOSING, non-empty, ri=0, origin=[dn_ff2509eb-55dd-4ad3-b532-83d6209e1a92, pipeline_3adef986-442f-409a-a79f-dde89b3f2afe])
2025-09-07 09:45:01,248 [8500c972-c6d1-4433-9d49-a8e3bb920002-ContainerOp-3adef986-442f-409a-a79f-dde89b3f2afe-2] INFO  keyvalue.KeyValueContainer (KeyValueContainer.java:flushAndSyncDB(514)) - Synced container: KeyValueContainerData #3 (CLOSING, non-empty, ri=0, origin=[dn_8500c972-c6d1-4433-9d49-a8e3bb920002, pipeline_3adef986-442f-409a-a79f-dde89b3f2afe])
2025-09-07 09:45:01,252 [ff2509eb-55dd-4ad3-b532-83d6209e1a92-ContainerOp-3adef986-442f-409a-a79f-dde89b3f2afe-2] INFO  keyvalue.KeyValueContainer (KeyValueContainer.java:close(430)) - Closed container: KeyValueContainerData #3 (CLOSED, non-empty, ri=0, origin=[dn_ff2509eb-55dd-4ad3-b532-83d6209e1a92, pipeline_3adef986-442f-409a-a79f-dde89b3f2afe])
2025-09-07 09:45:01,255 [8500c972-c6d1-4433-9d49-a8e3bb920002-ContainerOp-3adef986-442f-409a-a79f-dde89b3f2afe-2] INFO  keyvalue.KeyValueContainer (KeyValueContainer.java:close(430)) - Closed container: KeyValueContainerData #3 (CLOSED, non-empty, ri=0, origin=[dn_8500c972-c6d1-4433-9d49-a8e3bb920002, pipeline_3adef986-442f-409a-a79f-dde89b3f2afe])
2025-09-07T09:45:01.263217941Z 95d41743-cdf0-4105-938b-93fe980aeffc-client-thread1 ERROR user=null | ip=null | op=WRITE_CHUNK {blockData=conID: 3 locID: 115816896921600003 bcsId: 7 replicaIndex: 0, offset=1048576, size=1048576} | ret=FAILURE
org.apache.hadoop.hdds.scm.container.common.helpers.ContainerNotOpenException: Container 3 in CLOSED state
	at org.apache.hadoop.ozone.container.common.impl.HddsDispatcher.validateContainerCommand(HddsDispatcher.java:581)
	at org.apache.hadoop.ozone.container.common.transport.server.ratis.ContainerStateMachine.startTransaction(ContainerStateMachine.java:488)
	at org.apache.ratis.server.impl.RaftServerImpl.writeAsyncImpl(RaftServerImpl.java:987)
	at org.apache.ratis.server.impl.RaftServerImpl.writeAsync(RaftServerImpl.java:960)
	at org.apache.ratis.server.impl.RaftServerImpl.replyFuture(RaftServerImpl.java:953)
	at org.apache.ratis.server.impl.RaftServerImpl.submitClientRequestAsync(RaftServerImpl.java:930)
	at org.apache.ratis.server.impl.RaftServerImpl.lambda$null$11(RaftServerImpl.java:919)
	at org.apache.ratis.util.JavaUtils.callAsUnchecked(JavaUtils.java:118)
	at org.apache.ratis.server.impl.RaftServerImpl.lambda$executeSubmitClientRequestAsync$12(RaftServerImpl.java:919)
	at java.base/java.util.concurrent.CompletableFuture$AsyncSupply.run(CompletableFuture.java:1768)
	at java.base/java.util.concurrent.ThreadPoolExecutor.runWorker(ThreadPoolExecutor.java:1144)
	at java.base/java.util.concurrent.ThreadPoolExecutor$Worker.run(ThreadPoolExecutor.java:642)
	at java.base/java.lang.Thread.run(Thread.java:1583)
2025-09-07T09:45:01.270751609Z 95d41743-cdf0-4105-938b-93fe980aeffc-client-thread1 ERROR user=null | ip=null | op=PUT_BLOCK {blockData=[blockId=conID: 3 locID: 115816896921600003 bcsId: 0 replicaIndex: null, size=2097152]} | ret=FAILURE
org.apache.hadoop.hdds.scm.container.common.helpers.ContainerNotOpenException: Container 3 in CLOSED state
	at org.apache.hadoop.ozone.container.common.impl.HddsDispatcher.validateContainerCommand(HddsDispatcher.java:581)
	at org.apache.hadoop.ozone.container.common.transport.server.ratis.ContainerStateMachine.startTransaction(ContainerStateMachine.java:488)
	at org.apache.ratis.server.impl.RaftServerImpl.writeAsyncImpl(RaftServerImpl.java:987)
	at org.apache.ratis.server.impl.RaftServerImpl.writeAsync(RaftServerImpl.java:960)
	at org.apache.ratis.server.impl.RaftServerImpl.replyFuture(RaftServerImpl.java:953)
	at org.apache.ratis.server.impl.RaftServerImpl.submitClientRequestAsync(RaftServerImpl.java:930)
	at org.apache.ratis.server.impl.RaftServerImpl.lambda$null$11(RaftServerImpl.java:919)
	at org.apache.ratis.util.JavaUtils.callAsUnchecked(JavaUtils.java:118)
	at org.apache.ratis.server.impl.RaftServerImpl.lambda$executeSubmitClientRequestAsync$12(RaftServerImpl.java:919)
	at java.base/java.util.concurrent.CompletableFuture$AsyncSupply.run(CompletableFuture.java:1768)
	at java.base/java.util.concurrent.ThreadPoolExecutor.runWorker(ThreadPoolExecutor.java:1144)
	at java.base/java.util.concurrent.ThreadPoolExecutor$Worker.run(ThreadPoolExecutor.java:642)
	at java.base/java.lang.Thread.run(Thread.java:1583)
2025-09-07 09:45:01,271 [grpc-default-executor-4] ERROR impl.OrderedAsync (OrderedAsync.java:lambda$send$4(181)) - Failed to send request, message=cmdType: WriteChunk
traceID: ""
containerID: 3
datanodeUuid: "ff2509eb-55dd-4ad3-b532-83d6209e1a92"
writeChunk {
  blockID {
    containerID: 3
    localID: 115816896921600003
    blockCommitSequenceId: 7
    replicaIndex: 0
  }
  chunkData {
    chunkName: "115816896921600003_chunk_2"
    offset: 1048576
    len: 1048576
    checksumData {
      type: CRC32
      bytesPerChecksum: 16384
      checksums: "\326\360U\321"
      checksums: "\326\360U\321"
      checksums: "\326\360U\321"
      checksums: "\326\360U\321"
      checksums: "\326\360U\321"
      checksums: "\326\360U\321"
      checksums: "\326\360U\321"
      checksums: "\326\360U\321"
      checksums: "\326\360U\321"
      checksums: "\326\360U\321"
      checksums: "\326\360U\321"
      checksums: "\326\360U\321"
      checksums: "\326\360U\321"
      checksums: "\326\360U\321"
      checksums: "\326\360U\321"
      checksums: "\326\360U\321"
      checksums: "\326\360U\321"
      checksums: "\326\360U\321"
      checksums: "\326\360U\321"
      checksums: "\326\360U\321"
      checksums: "\326\360U\321"
      checksums: "\326\360U\321"
      checksums: "\326\360U\321"
      checksums: "\326\360U\321"
      checksums: "\326\360U\321"
      checksums: "\326\360U\321"
      checksums: "\326\360U\321"
      checksums: "\326\360U\321"
      checksums: "\326\360U\321"
      checksums: "\326\360U\321"
      checksums: "\326\360U\321"
      checksums: "\326\360U\321"
      checksums: "\326\360U\321"
      checksums: "\326\360U\321"
      checksums: "\326\360U\321"
      checksums: "\326\360U\321"
      checksums: "\326\360U\321"
      checksums: "\326\360U\321"
      checksums: "\326\360U\321"
      checksums: "\326\360U\321"
      checksums: "\326\360U\321"
      checksums: "\326\360U\321"
      checksums: "\326\360U\321"
      checksums: "\326\360U\321"
      checksums: "\326\360U\321"
      checksums: "\326\360U\321"
      checksums: "\326\360U\321"
      checksums: "\326\360U\321"
      checksums: "\326\360U\321"
      checksums: "\326\360U\321"
      checksums: "\326\360U\321"
      checksums: "\326\360U\321"
      checksums: "\326\360U\321"
      checksums: "\326\360U\321"
      checksums: "\326\360U\321"
      checksums: "\326\360U\321"
      checksums: "\326\360U\321"
      checksums: "\326\360U\321"
      checksums: "\326\360U\321"
      checksums: "\326\360U\321"
      checksums: "\326\360U\321"
      checksums: "\326\360U\321"
      checksums: "\326\360U\321"
      checksums: "a\003G\263"
    }
  }
}
version: 3
, data.size=1048576
java.util.concurrent.CompletionException: org.apache.ratis.protocol.exceptions.StateMachineException: org.apache.hadoop.hdds.scm.container.common.helpers.ContainerNotOpenException from Server 95d41743-cdf0-4105-938b-93fe980aeffc@group-DDE89B3F2AFE: Container 3 in CLOSED state
	at org.apache.ratis.client.impl.RaftClientImpl.handleRaftException(RaftClientImpl.java:373)
	at org.apache.ratis.client.impl.OrderedAsync.lambda$send$3(OrderedAsync.java:175)
	at java.base/java.util.concurrent.CompletableFuture$UniApply.tryFire(CompletableFuture.java:646)
	at java.base/java.util.concurrent.CompletableFuture.postComplete(CompletableFuture.java:510)
	at java.base/java.util.concurrent.CompletableFuture.complete(CompletableFuture.java:2179)
	at org.apache.ratis.client.impl.OrderedAsync$PendingOrderedRequest.setReply(OrderedAsync.java:105)
	at org.apache.ratis.client.impl.OrderedAsync$PendingOrderedRequest.setReply(OrderedAsync.java:66)
	at org.apache.ratis.util.SlidingWindow$RequestMap.setReply(SlidingWindow.java:147)
	at org.apache.ratis.util.SlidingWindow$Client.receiveReply(SlidingWindow.java:351)
	at org.apache.ratis.client.impl.OrderedAsync.lambda$sendRequestWithRetry$5(OrderedAsync.java:210)
	at java.base/java.util.concurrent.CompletableFuture$UniAccept.tryFire(CompletableFuture.java:718)
	at java.base/java.util.concurrent.CompletableFuture.postComplete(CompletableFuture.java:510)
	at java.base/java.util.concurrent.CompletableFuture.complete(CompletableFuture.java:2179)
	at org.apache.ratis.grpc.client.GrpcClientProtocolClient$AsyncStreamObservers$1.lambda$onNext$0(GrpcClientProtocolClient.java:325)
	at java.base/java.util.Optional.ifPresent(Optional.java:178)
	at org.apache.ratis.grpc.client.GrpcClientProtocolClient$AsyncStreamObservers.handleReplyFuture(GrpcClientProtocolClient.java:381)
	at org.apache.ratis.grpc.client.GrpcClientProtocolClient$AsyncStreamObservers.access$100(GrpcClientProtocolClient.java:303)
	at org.apache.ratis.grpc.client.GrpcClientProtocolClient$AsyncStreamObservers$1.onNext(GrpcClientProtocolClient.java:325)
	at org.apache.ratis.grpc.client.GrpcClientProtocolClient$AsyncStreamObservers$1.onNext(GrpcClientProtocolClient.java:308)
	at org.apache.ratis.thirdparty.io.grpc.stub.ClientCalls$StreamObserverToCallListenerAdapter.onMessage(ClientCalls.java:551)
	at org.apache.ratis.thirdparty.io.grpc.ForwardingClientCallListener.onMessage(ForwardingClientCallListener.java:33)
	at org.apache.ratis.thirdparty.io.grpc.internal.ClientCallImpl$ClientStreamListenerImpl$1MessagesAvailable.runInternal(ClientCallImpl.java:661)
	at org.apache.ratis.thirdparty.io.grpc.internal.ClientCallImpl$ClientStreamListenerImpl$1MessagesAvailable.runInContext(ClientCallImpl.java:648)
	at org.apache.ratis.thirdparty.io.grpc.internal.ContextRunnable.run(ContextRunnable.java:37)
	at org.apache.ratis.thirdparty.io.grpc.internal.SerializingExecutor.run(SerializingExecutor.java:133)
	at java.base/java.util.concurrent.ThreadPoolExecutor.runWorker(ThreadPoolExecutor.java:1144)
	at java.base/java.util.concurrent.ThreadPoolExecutor$Worker.run(ThreadPoolExecutor.java:642)
	at java.base/java.lang.Thread.run(Thread.java:1583)
Caused by: org.apache.ratis.protocol.exceptions.StateMachineException: org.apache.hadoop.hdds.scm.container.common.helpers.ContainerNotOpenException from Server 95d41743-cdf0-4105-938b-93fe980aeffc@group-DDE89B3F2AFE: Container 3 in CLOSED state
	at org.apache.hadoop.ozone.container.common.impl.HddsDispatcher.validateContainerCommand(HddsDispatcher.java:581)
	at org.apache.hadoop.ozone.container.common.transport.server.ratis.ContainerStateMachine.startTransaction(ContainerStateMachine.java:488)
	at org.apache.ratis.server.impl.RaftServerImpl.writeAsyncImpl(RaftServerImpl.java:987)
	at org.apache.ratis.server.impl.RaftServerImpl.writeAsync(RaftServerImpl.java:960)
	at org.apache.ratis.server.impl.RaftServerImpl.replyFuture(RaftServerImpl.java:953)
	at org.apache.ratis.server.impl.RaftServerImpl.submitClientRequestAsync(RaftServerImpl.java:930)
	at org.apache.ratis.server.impl.RaftServerImpl.lambda$null$11(RaftServerImpl.java:919)
	at org.apache.ratis.util.JavaUtils.callAsUnchecked(JavaUtils.java:118)
	at org.apache.ratis.server.impl.RaftServerImpl.lambda$executeSubmitClientRequestAsync$12(RaftServerImpl.java:919)
	at java.base/java.util.concurrent.CompletableFuture$AsyncSupply.run(CompletableFuture.java:1768)
	... 3 more
Caused by: org.apache.hadoop.hdds.scm.container.common.helpers.ContainerNotOpenException: Container 3 in CLOSED state
	at java.base/jdk.internal.reflect.DirectConstructorHandleAccessor.newInstance(DirectConstructorHandleAccessor.java:62)
	at java.base/java.lang.reflect.Constructor.newInstanceWithCaller(Constructor.java:502)
	at java.base/java.lang.reflect.Constructor.newInstance(Constructor.java:486)
	at org.apache.ratis.util.ReflectionUtils.instantiateException(ReflectionUtils.java:265)
	at org.apache.ratis.client.impl.ClientProtoUtils.toStateMachineException(ClientProtoUtils.java:455)
	at org.apache.ratis.client.impl.ClientProtoUtils.toStateMachineException(ClientProtoUtils.java:441)
	at org.apache.ratis.client.impl.ClientProtoUtils.toRaftClientReply(ClientProtoUtils.java:408)
	at org.apache.ratis.grpc.client.GrpcClientProtocolClient$AsyncStreamObservers$1.onNext(GrpcClientProtocolClient.java:313)
	at org.apache.ratis.grpc.client.GrpcClientProtocolClient$AsyncStreamObservers$1.onNext(GrpcClientProtocolClient.java:308)
	at org.apache.ratis.thirdparty.io.grpc.stub.ClientCalls$StreamObserverToCallListenerAdapter.onMessage(ClientCalls.java:551)
	at org.apache.ratis.thirdparty.io.grpc.ForwardingClientCallListener.onMessage(ForwardingClientCallListener.java:33)
	at org.apache.ratis.thirdparty.io.grpc.internal.ClientCallImpl$ClientStreamListenerImpl$1MessagesAvailable.runInternal(ClientCallImpl.java:661)
	at org.apache.ratis.thirdparty.io.grpc.internal.ClientCallImpl$ClientStreamListenerImpl$1MessagesAvailable.runInContext(ClientCallImpl.java:648)
	at org.apache.ratis.thirdparty.io.grpc.internal.ContextRunnable.run(ContextRunnable.java:37)
	at org.apache.ratis.thirdparty.io.grpc.internal.SerializingExecutor.run(SerializingExecutor.java:133)
	... 3 more
2025-09-07 09:45:01,274 [grpc-default-executor-4] ERROR impl.OrderedAsync (OrderedAsync.java:lambda$send$4(181)) - Failed to send request, message=cmdType: PutBlock
traceID: ""
containerID: 3
datanodeUuid: "ff2509eb-55dd-4ad3-b532-83d6209e1a92"
putBlock {
  blockData {
    blockID {
      containerID: 3
      localID: 115816896921600003
      blockCommitSequenceId: 0
    }
    metadata {
      key: "TYPE"
      value: "KEY"
    }
    chunks {
      chunkName: "115816896921600003_chunk_1"
      offset: 0
      len: 1048576
      checksumData {
        type: CRC32
        bytesPerChecksum: 16384
        checksums: "\326\360U\321"
        checksums: "\326\360U\321"
        checksums: "\326\360U\321"
        checksums: "\326\360U\321"
        checksums: "\326\360U\321"
        checksums: "\326\360U\321"
        checksums: "\326\360U\321"
        checksums: "\326\360U\321"
        checksums: "\326\360U\321"
        checksums: "\326\360U\321"
        checksums: "\326\360U\321"
        checksums: "\326\360U\321"
        checksums: "\326\360U\321"
        checksums: "\326\360U\321"
        checksums: "\326\360U\321"
        checksums: "\326\360U\321"
        checksums: "\326\360U\321"
        checksums: "\326\360U\321"
        checksums: "\326\360U\321"
        checksums: "\326\360U\321"
        checksums: "\326\360U\321"
        checksums: "\326\360U\321"
        checksums: "\326\360U\321"
        checksums: "\326\360U\321"
        checksums: "\326\360U\321"
        checksums: "\326\360U\321"
        checksums: "\326\360U\321"
        checksums: "\326\360U\321"
        checksums: "\326\360U\321"
        checksums: "\326\360U\321"
        checksums: "\326\360U\321"
        checksums: "\326\360U\321"
        checksums: "\326\360U\321"
        checksums: "\326\360U\321"
        checksums: "\326\360U\321"
        checksums: "\326\360U\321"
        checksums: "\326\360U\321"
        checksums: "\326\360U\321"
        checksums: "\326\360U\321"
        checksums: "\326\360U\321"
        checksums: "\326\360U\321"
        checksums: "\326\360U\321"
        checksums: "\326\360U\321"
        checksums: "\326\360U\321"
        checksums: "\326\360U\321"
        checksums: "\326\360U\321"
        checksums: "\326\360U\321"
        checksums: "\326\360U\321"
        checksums: "\326\360U\321"
        checksums: "\326\360U\321"
        checksums: "\326\360U\321"
        checksums: "\326\360U\321"
        checksums: "\326\360U\321"
        checksums: "\326\360U\321"
        checksums: "\326\360U\321"
        checksums: "\326\360U\321"
        checksums: "\326\360U\321"
        checksums: "\326\360U\321"
        checksums: "\326\360U\321"
        checksums: "\326\360U\321"
        checksums: "\326\360U\321"
        checksums: "\326\360U\321"
        checksums: "\326\360U\321"
        checksums: "a\003G\263"
      }
    }
    chunks {
      chunkName: "115816896921600003_chunk_2"
      offset: 1048576
      len: 1048576
      checksumData {
        type: CRC32
        bytesPerChecksum: 16384
        checksums: "\326\360U\321"
        checksums: "\326\360U\321"
        checksums: "\326\360U\321"
        checksums: "\326\360U\321"
        checksums: "\326\360U\321"
        checksums: "\326\360U\321"
        checksums: "\326\360U\321"
        checksums: "\326\360U\321"
        checksums: "\326\360U\321"
        checksums: "\326\360U\321"
        checksums: "\326\360U\321"
        checksums: "\326\360U\321"
        checksums: "\326\360U\321"
        checksums: "\326\360U\321"
        checksums: "\326\360U\321"
        checksums: "\326\360U\321"
        checksums: "\326\360U\321"
        checksums: "\326\360U\321"
        checksums: "\326\360U\321"
        checksums: "\326\360U\321"
        checksums: "\326\360U\321"
        checksums: "\326\360U\321"
        checksums: "\326\360U\321"
        checksums: "\326\360U\321"
        checksums: "\326\360U\321"
        checksums: "\326\360U\321"
        checksums: "\326\360U\321"
        checksums: "\326\360U\321"
        checksums: "\326\360U\321"
        checksums: "\326\360U\321"
        checksums: "\326\360U\321"
        checksums: "\326\360U\321"
        checksums: "\326\360U\321"
        checksums: "\326\360U\321"
        checksums: "\326\360U\321"
        checksums: "\326\360U\321"
        checksums: "\326\360U\321"
        checksums: "\326\360U\321"
        checksums: "\326\360U\321"
        checksums: "\326\360U\321"
        checksums: "\326\360U\321"
        checksums: "\326\360U\321"
        checksums: "\326\360U\321"
        checksums: "\326\360U\321"
        checksums: "\326\360U\321"
        checksums: "\326\360U\321"
        checksums: "\326\360U\321"
        checksums: "\326\360U\321"
        checksums: "\326\360U\321"
        checksums: "\326\360U\321"
        checksums: "\326\360U\321"
        checksums: "\326\360U\321"
        checksums: "\326\360U\321"
        checksums: "\326\360U\321"
        checksums: "\326\360U\321"
        checksums: "\326\360U\321"
        checksums: "\326\360U\321"
        checksums: "\326\360U\321"
        checksums: "\326\360U\321"
        checksums: "\326\360U\321"
        checksums: "\326\360U\321"
        checksums: "\326\360U\321"
        checksums: "\326\360U\321"
        checksums: "a\003G\263"
      }
    }
  }
  eof: false
}
version: 3
, data.size=0
java.util.concurrent.CompletionException: org.apache.ratis.protocol.exceptions.StateMachineException: org.apache.hadoop.hdds.scm.container.common.helpers.ContainerNotOpenException from Server 95d41743-cdf0-4105-938b-93fe980aeffc@group-DDE89B3F2AFE: Container 3 in CLOSED state
	at org.apache.ratis.client.impl.RaftClientImpl.handleRaftException(RaftClientImpl.java:373)
	at org.apache.ratis.client.impl.OrderedAsync.lambda$send$3(OrderedAsync.java:175)
	at java.base/java.util.concurrent.CompletableFuture$UniApply.tryFire(CompletableFuture.java:646)
	at java.base/java.util.concurrent.CompletableFuture.postComplete(CompletableFuture.java:510)
	at java.base/java.util.concurrent.CompletableFuture.complete(CompletableFuture.java:2179)
	at org.apache.ratis.client.impl.OrderedAsync$PendingOrderedRequest.setReply(OrderedAsync.java:105)
	at org.apache.ratis.client.impl.OrderedAsync$PendingOrderedRequest.setReply(OrderedAsync.java:66)
	at org.apache.ratis.util.SlidingWindow$RequestMap.setReply(SlidingWindow.java:147)
	at org.apache.ratis.util.SlidingWindow$Client.receiveReply(SlidingWindow.java:351)
	at org.apache.ratis.client.impl.OrderedAsync.lambda$sendRequestWithRetry$5(OrderedAsync.java:210)
	at java.base/java.util.concurrent.CompletableFuture$UniAccept.tryFire(CompletableFuture.java:718)
	at java.base/java.util.concurrent.CompletableFuture.postComplete(CompletableFuture.java:510)
	at java.base/java.util.concurrent.CompletableFuture.complete(CompletableFuture.java:2179)
	at org.apache.ratis.grpc.client.GrpcClientProtocolClient$AsyncStreamObservers$1.lambda$onNext$0(GrpcClientProtocolClient.java:325)
	at java.base/java.util.Optional.ifPresent(Optional.java:178)
	at org.apache.ratis.grpc.client.GrpcClientProtocolClient$AsyncStreamObservers.handleReplyFuture(GrpcClientProtocolClient.java:381)
	at org.apache.ratis.grpc.client.GrpcClientProtocolClient$AsyncStreamObservers.access$100(GrpcClientProtocolClient.java:303)
	at org.apache.ratis.grpc.client.GrpcClientProtocolClient$AsyncStreamObservers$1.onNext(GrpcClientProtocolClient.java:325)
	at org.apache.ratis.grpc.client.GrpcClientProtocolClient$AsyncStreamObservers$1.onNext(GrpcClientProtocolClient.java:308)
	at org.apache.ratis.thirdparty.io.grpc.stub.ClientCalls$StreamObserverToCallListenerAdapter.onMessage(ClientCalls.java:551)
	at org.apache.ratis.thirdparty.io.grpc.ForwardingClientCallListener.onMessage(ForwardingClientCallListener.java:33)
	at org.apache.ratis.thirdparty.io.grpc.internal.ClientCallImpl$ClientStreamListenerImpl$1MessagesAvailable.runInternal(ClientCallImpl.java:661)
	at org.apache.ratis.thirdparty.io.grpc.internal.ClientCallImpl$ClientStreamListenerImpl$1MessagesAvailable.runInContext(ClientCallImpl.java:648)
	at org.apache.ratis.thirdparty.io.grpc.internal.ContextRunnable.run(ContextRunnable.java:37)
	at org.apache.ratis.thirdparty.io.grpc.internal.SerializingExecutor.run(SerializingExecutor.java:133)
	at java.base/java.util.concurrent.ThreadPoolExecutor.runWorker(ThreadPoolExecutor.java:1144)
	at java.base/java.util.concurrent.ThreadPoolExecutor$Worker.run(ThreadPoolExecutor.java:642)
	at java.base/java.lang.Thread.run(Thread.java:1583)
Caused by: org.apache.ratis.protocol.exceptions.StateMachineException: org.apache.hadoop.hdds.scm.container.common.helpers.ContainerNotOpenException from Server 95d41743-cdf0-4105-938b-93fe980aeffc@group-DDE89B3F2AFE: Container 3 in CLOSED state
	at org.apache.hadoop.ozone.container.common.impl.HddsDispatcher.validateContainerCommand(HddsDispatcher.java:581)
	at org.apache.hadoop.ozone.container.common.transport.server.ratis.ContainerStateMachine.startTransaction(ContainerStateMachine.java:488)
	at org.apache.ratis.server.impl.RaftServerImpl.writeAsyncImpl(RaftServerImpl.java:987)
	at org.apache.ratis.server.impl.RaftServerImpl.writeAsync(RaftServerImpl.java:960)
	at org.apache.ratis.server.impl.RaftServerImpl.replyFuture(RaftServerImpl.java:953)
	at org.apache.ratis.server.impl.RaftServerImpl.submitClientRequestAsync(RaftServerImpl.java:930)
	at org.apache.ratis.server.impl.RaftServerImpl.lambda$null$11(RaftServerImpl.java:919)
	at org.apache.ratis.util.JavaUtils.callAsUnchecked(JavaUtils.java:118)
	at org.apache.ratis.server.impl.RaftServerImpl.lambda$executeSubmitClientRequestAsync$12(RaftServerImpl.java:919)
	at java.base/java.util.concurrent.CompletableFuture$AsyncSupply.run(CompletableFuture.java:1768)
	... 3 more
Caused by: org.apache.hadoop.hdds.scm.container.common.helpers.ContainerNotOpenException: Container 3 in CLOSED state
	at java.base/jdk.internal.reflect.DirectConstructorHandleAccessor.newInstance(DirectConstructorHandleAccessor.java:62)
	at java.base/java.lang.reflect.Constructor.newInstanceWithCaller(Constructor.java:502)
	at java.base/java.lang.reflect.Constructor.newInstance(Constructor.java:486)
	at org.apache.ratis.util.ReflectionUtils.instantiateException(ReflectionUtils.java:265)
	at org.apache.ratis.client.impl.ClientProtoUtils.toStateMachineException(ClientProtoUtils.java:455)
	at org.apache.ratis.client.impl.ClientProtoUtils.toStateMachineException(ClientProtoUtils.java:441)
	at org.apache.ratis.client.impl.ClientProtoUtils.toRaftClientReply(ClientProtoUtils.java:408)
	at org.apache.ratis.grpc.client.GrpcClientProtocolClient$AsyncStreamObservers$1.onNext(GrpcClientProtocolClient.java:313)
	at org.apache.ratis.grpc.client.GrpcClientProtocolClient$AsyncStreamObservers$1.onNext(GrpcClientProtocolClient.java:308)
	at org.apache.ratis.thirdparty.io.grpc.stub.ClientCalls$StreamObserverToCallListenerAdapter.onMessage(ClientCalls.java:551)
	at org.apache.ratis.thirdparty.io.grpc.ForwardingClientCallListener.onMessage(ForwardingClientCallListener.java:33)
	at org.apache.ratis.thirdparty.io.grpc.internal.ClientCallImpl$ClientStreamListenerImpl$1MessagesAvailable.runInternal(ClientCallImpl.java:661)
	at org.apache.ratis.thirdparty.io.grpc.internal.ClientCallImpl$ClientStreamListenerImpl$1MessagesAvailable.runInContext(ClientCallImpl.java:648)
	at org.apache.ratis.thirdparty.io.grpc.internal.ContextRunnable.run(ContextRunnable.java:37)
	at org.apache.ratis.thirdparty.io.grpc.internal.SerializingExecutor.run(SerializingExecutor.java:133)
	... 3 more
2025-09-07 09:45:01,278 [FixedThreadPoolWithAffinityExecutor-8-0] INFO  container.IncrementalContainerReportHandler (AbstractContainerReportHandler.java:updateContainerState(289)) - CLOSE Container #3 (CLOSING, sid=7) r0 (CLOSED, bcsid=7, origin=ff2509eb-55dd-4ad3-b532-83d6209e1a92, non-empty) from dn ff2509eb-55dd-4ad3-b532-83d6209e1a92(localhost/127.0.0.1)
2025-09-07 09:45:01,317 [ForkJoinPool-1-worker-1] INFO  io.BlockOutputStreamEntry (BlockOutputStreamEntry.java:writeOnRetry(192)) - BlockOutputStreamEntry:2ab027d2-6666-4c18-966a-54f738ab07d1 conID: 4 locID: 115816896921600004 bcsId: 0 replicaIndex: null: Finish retrying with len 1048576, currentPosition 1048576
2025-09-07 09:45:01,317 [ForkJoinPool-1-worker-1] INFO  io.BlockOutputStreamEntry (BlockOutputStreamEntry.java:finishRetryHandling(141)) - BlockOutputStreamEntry:2ab027d2-6666-4c18-966a-54f738ab07d1 conID: 4 locID: 115816896921600004 bcsId: 0 replicaIndex: null: Exiting retry handling mode
]]></system-out>
  </testcase>
  <testcase name="testWriteSmallFile" classname="org.apache.hadoop.ozone.client.rpc.TestFailureHandlingByClient" time="37.383">
    <system-out><![CDATA[2025-09-07 09:45:01,449 [ForkJoinPool-1-worker-1] INFO  ozoneimpl.OzoneContainer (OzoneContainer.java:stop(549)) - Attempting to stop container services.
2025-09-07 09:45:01,449 [ContainerMetadataScanner] WARN  ozoneimpl.AbstractBackgroundContainerScanner (AbstractBackgroundContainerScanner.java:handleRemainingSleep(136)) - Background container scan was interrupted.
2025-09-07 09:45:01,449 [ContainerMetadataScanner] INFO  ozoneimpl.AbstractBackgroundContainerScanner (AbstractBackgroundContainerScanner.java:run(63)) - org.apache.hadoop.ozone.container.ozoneimpl.BackgroundContainerMetadataScanner@3a52d23e exiting.
2025-09-07 09:45:01,450 [ForkJoinPool-1-worker-1] INFO  ozoneimpl.BackgroundContainerDataScanner (BackgroundContainerDataScanner.java:shutdown(87)) - ContainerDataScanner(/home/runner/work/ozone/ozone/hadoop-ozone/integration-test/target/test-dir/MiniOzoneClusterImpl-023d5a78-e64c-43f3-a4d9-6f7884931d6c/ozone-metadata/datanode-8/data-0/hdds) is shutting down. 
2025-09-07 09:45:01,450 [ContainerDataScanner(/home/runner/work/ozone/ozone/hadoop-ozone/integration-test/target/test-dir/MiniOzoneClusterImpl-023d5a78-e64c-43f3-a4d9-6f7884931d6c/ozone-metadata/datanode-8/data-0/hdds)] WARN  ozoneimpl.AbstractBackgroundContainerScanner (AbstractBackgroundContainerScanner.java:handleRemainingSleep(136)) - Background container scan was interrupted.
2025-09-07 09:45:01,450 [ContainerDataScanner(/home/runner/work/ozone/ozone/hadoop-ozone/integration-test/target/test-dir/MiniOzoneClusterImpl-023d5a78-e64c-43f3-a4d9-6f7884931d6c/ozone-metadata/datanode-8/data-0/hdds)] INFO  ozoneimpl.AbstractBackgroundContainerScanner (AbstractBackgroundContainerScanner.java:run(63)) - ContainerDataScanner(/home/runner/work/ozone/ozone/hadoop-ozone/integration-test/target/test-dir/MiniOzoneClusterImpl-023d5a78-e64c-43f3-a4d9-6f7884931d6c/ozone-metadata/datanode-8/data-0/hdds, DS-28acb988-f0e1-4edb-963c-7151ad2f49d2) exiting.
2025-09-07 09:45:01,450 [ForkJoinPool-1-worker-1] INFO  ozoneimpl.OnDemandContainerScanner (OnDemandContainerScanner.java:shutdown(141)) - On-demand container scanner is shutting down.
2025-09-07 09:45:01,451 [ForkJoinPool-1-worker-1] INFO  ratis.XceiverServerRatis (XceiverServerRatis.java:stop(597)) - Closing XceiverServerRatis(486fef96-c6ec-41d9-a4ca-7ebb3d261081)
2025-09-07 09:45:01,451 [ForkJoinPool-1-worker-1] INFO  server.RaftServer (RaftServerProxy.java:lambda$close$9(422)) - 486fef96-c6ec-41d9-a4ca-7ebb3d261081: close
2025-09-07 09:45:01,452 [486fef96-c6ec-41d9-a4ca-7ebb3d261081-impl-thread1] INFO  server.RaftServer$Division (RaftServerImpl.java:lambda$close$1(527)) - 486fef96-c6ec-41d9-a4ca-7ebb3d261081@group-7A90E47A063C: shutdown
2025-09-07 09:45:01,452 [486fef96-c6ec-41d9-a4ca-7ebb3d261081-impl-thread1] INFO  util.JmxRegister (JmxRegister.java:unregister(74)) - Successfully un-registered JMX Bean with object name Ratis:service=RaftServer,group=group-7A90E47A063C,id=486fef96-c6ec-41d9-a4ca-7ebb3d261081
2025-09-07 09:45:01,452 [486fef96-c6ec-41d9-a4ca-7ebb3d261081-impl-thread1] INFO  impl.RoleInfo (RoleInfo.java:shutdownLeaderState(103)) - 486fef96-c6ec-41d9-a4ca-7ebb3d261081: shutdown 486fef96-c6ec-41d9-a4ca-7ebb3d261081@group-7A90E47A063C-LeaderStateImpl
2025-09-07 09:45:01,453 [486fef96-c6ec-41d9-a4ca-7ebb3d261081@group-7A90E47A063C->4c7984b5-42f1-4e4b-a334-601f88f38b33-GrpcLogAppender-LogAppenderDaemon] WARN  server.GrpcLogAppender (GrpcLogAppender.java:mayWait(300)) - 486fef96-c6ec-41d9-a4ca-7ebb3d261081@group-7A90E47A063C->4c7984b5-42f1-4e4b-a334-601f88f38b33-GrpcLogAppender: Wait interrupted by java.lang.InterruptedException
2025-09-07 09:45:01,453 [486fef96-c6ec-41d9-a4ca-7ebb3d261081-impl-thread1] INFO  impl.PendingRequests (PendingRequests.java:sendNotLeaderResponses(287)) - 486fef96-c6ec-41d9-a4ca-7ebb3d261081@group-7A90E47A063C-PendingRequests: sendNotLeaderResponses
2025-09-07 09:45:01,453 [486fef96-c6ec-41d9-a4ca-7ebb3d261081@group-7A90E47A063C->c7c0d573-77b1-47db-b09e-d84959a4a43f-GrpcLogAppender-LogAppenderDaemon] WARN  server.GrpcLogAppender (GrpcLogAppender.java:mayWait(300)) - 486fef96-c6ec-41d9-a4ca-7ebb3d261081@group-7A90E47A063C->c7c0d573-77b1-47db-b09e-d84959a4a43f-GrpcLogAppender: Wait interrupted by java.lang.InterruptedException
2025-09-07 09:45:01,453 [ForkJoinPool-1-worker-1] INFO  server.GrpcServicesImpl (GrpcServicesImpl.java:closeImpl(355)) - 486fef96-c6ec-41d9-a4ca-7ebb3d261081: shutdown server org.apache.ratis.grpc.server.GrpcClientProtocolService now
2025-09-07 09:45:01,454 [486fef96-c6ec-41d9-a4ca-7ebb3d261081-impl-thread3] INFO  server.RaftServer$Division (RaftServerImpl.java:lambda$close$1(527)) - 486fef96-c6ec-41d9-a4ca-7ebb3d261081@group-A6D30A1C9E4D: shutdown
2025-09-07 09:45:01,454 [grpc-default-executor-1] INFO  server.GrpcServerProtocolService (GrpcServerProtocolService.java:lambda$onCompleted$6(171)) - 4c7984b5-42f1-4e4b-a334-601f88f38b33: Completed APPEND_ENTRIES, lastRequest: null 
2025-09-07 09:45:01,455 [grpc-default-executor-1] INFO  server.GrpcServerProtocolService (GrpcServerProtocolService.java:lambda$null$7(175)) - 4c7984b5-42f1-4e4b-a334-601f88f38b33: Completed APPEND_ENTRIES, lastReply: serverReply {
  requestorId: "486fef96-c6ec-41d9-a4ca-7ebb3d261081"
  replyId: "4c7984b5-42f1-4e4b-a334-601f88f38b33"
  raftGroupId {
    id: "\311f\351\335\371\224K\311\226\367z\220\344z\006<"
  }
  callId: 146
  success: true
}
term: 1
nextIndex: 11
followerCommit: 10
matchIndex: 18446744073709551615
isHearbeat: true
 
2025-09-07 09:45:01,455 [grpc-default-executor-6] INFO  server.GrpcServerProtocolService (GrpcServerProtocolService.java:lambda$onCompleted$6(171)) - c7c0d573-77b1-47db-b09e-d84959a4a43f: Completed APPEND_ENTRIES, lastRequest: null 
2025-09-07 09:45:01,454 [486fef96-c6ec-41d9-a4ca-7ebb3d261081-impl-thread3] INFO  util.JmxRegister (JmxRegister.java:unregister(74)) - Successfully un-registered JMX Bean with object name Ratis:service=RaftServer,group=group-A6D30A1C9E4D,id=486fef96-c6ec-41d9-a4ca-7ebb3d261081
2025-09-07 09:45:01,455 [grpc-default-executor-6] INFO  server.GrpcServerProtocolService (GrpcServerProtocolService.java:lambda$null$7(175)) - c7c0d573-77b1-47db-b09e-d84959a4a43f: Completed APPEND_ENTRIES, lastReply: serverReply {
  requestorId: "486fef96-c6ec-41d9-a4ca-7ebb3d261081"
  replyId: "c7c0d573-77b1-47db-b09e-d84959a4a43f"
  raftGroupId {
    id: "\311f\351\335\371\224K\311\226\367z\220\344z\006<"
  }
  callId: 139
  success: true
}
term: 1
nextIndex: 11
followerCommit: 10
matchIndex: 18446744073709551615
isHearbeat: true
 
2025-09-07 09:45:01,455 [486fef96-c6ec-41d9-a4ca-7ebb3d261081-impl-thread3] INFO  impl.RoleInfo (RoleInfo.java:shutdownLeaderState(103)) - 486fef96-c6ec-41d9-a4ca-7ebb3d261081: shutdown 486fef96-c6ec-41d9-a4ca-7ebb3d261081@group-A6D30A1C9E4D-LeaderStateImpl
2025-09-07 09:45:01,455 [486fef96-c6ec-41d9-a4ca-7ebb3d261081-impl-thread3] INFO  impl.PendingRequests (PendingRequests.java:sendNotLeaderResponses(287)) - 486fef96-c6ec-41d9-a4ca-7ebb3d261081@group-A6D30A1C9E4D-PendingRequests: sendNotLeaderResponses
2025-09-07 09:45:01,455 [Thread-1497] INFO  server.GrpcServerProtocolClient (GrpcServerProtocolClient.java:close(105)) - c7c0d573-77b1-47db-b09e-d84959a4a43f Close channels
2025-09-07 09:45:01,455 [grpc-default-executor-6] INFO  server.GrpcLogAppender (GrpcLogAppender.java:onCompleted(558)) - 486fef96-c6ec-41d9-a4ca-7ebb3d261081@group-7A90E47A063C->4c7984b5-42f1-4e4b-a334-601f88f38b33-AppendLogResponseHandler: follower responses appendEntries COMPLETED
2025-09-07 09:45:01,456 [486fef96-c6ec-41d9-a4ca-7ebb3d261081-impl-thread2] INFO  server.RaftServer$Division (RaftServerImpl.java:lambda$close$1(527)) - 486fef96-c6ec-41d9-a4ca-7ebb3d261081@group-AF0CBE3D3EB0: shutdown
2025-09-07 09:45:01,456 [486fef96-c6ec-41d9-a4ca-7ebb3d261081-impl-thread2] INFO  util.JmxRegister (JmxRegister.java:unregister(74)) - Successfully un-registered JMX Bean with object name Ratis:service=RaftServer,group=group-AF0CBE3D3EB0,id=486fef96-c6ec-41d9-a4ca-7ebb3d261081
2025-09-07 09:45:01,456 [486fef96-c6ec-41d9-a4ca-7ebb3d261081-impl-thread2] INFO  impl.RoleInfo (RoleInfo.java:shutdownFollowerState(121)) - 486fef96-c6ec-41d9-a4ca-7ebb3d261081: shutdown 486fef96-c6ec-41d9-a4ca-7ebb3d261081@group-AF0CBE3D3EB0-FollowerState
2025-09-07 09:45:01,456 [486fef96-c6ec-41d9-a4ca-7ebb3d261081@group-AF0CBE3D3EB0-FollowerState] INFO  impl.FollowerState (FollowerState.java:runImpl(170)) - 486fef96-c6ec-41d9-a4ca-7ebb3d261081@group-AF0CBE3D3EB0-FollowerState was interrupted
2025-09-07 09:45:01,456 [Thread-1499] INFO  server.GrpcServerProtocolClient (GrpcServerProtocolClient.java:close(105)) - 4c7984b5-42f1-4e4b-a334-601f88f38b33 Close channels
2025-09-07 09:45:01,457 [grpc-default-executor-3] INFO  server.GrpcLogAppender (GrpcLogAppender.java:onCompleted(558)) - 486fef96-c6ec-41d9-a4ca-7ebb3d261081@group-7A90E47A063C->4c7984b5-42f1-4e4b-a334-601f88f38b33-AppendLogResponseHandler: follower responses appendEntries COMPLETED
2025-09-07 09:45:01,458 [grpc-default-executor-3] WARN  server.GrpcLogAppender (GrpcLogAppender.java:resetClient(237)) - 486fef96-c6ec-41d9-a4ca-7ebb3d261081@group-7A90E47A063C->4c7984b5-42f1-4e4b-a334-601f88f38b33-GrpcLogAppender: Failed to getClient for 4c7984b5-42f1-4e4b-a334-601f88f38b33
org.apache.ratis.protocol.exceptions.AlreadyClosedException: 486fef96-c6ec-41d9-a4ca-7ebb3d261081 is already CLOSED
	at org.apache.ratis.util.PeerProxyMap$PeerAndProxy.getProxy(PeerProxyMap.java:67)
	at org.apache.ratis.util.PeerProxyMap.getProxy(PeerProxyMap.java:124)
	at org.apache.ratis.grpc.server.GrpcLogAppender.getClient(GrpcLogAppender.java:207)
	at org.apache.ratis.grpc.server.GrpcLogAppender.resetClient(GrpcLogAppender.java:212)
	at org.apache.ratis.grpc.server.GrpcLogAppender.access$800(GrpcLogAppender.java:70)
	at org.apache.ratis.grpc.server.GrpcLogAppender$AppendLogResponseHandler.onCompleted(GrpcLogAppender.java:559)
	at org.apache.ratis.thirdparty.io.grpc.stub.ClientCalls$StreamObserverToCallListenerAdapter.onClose(ClientCalls.java:562)
	at org.apache.ratis.thirdparty.io.grpc.internal.ClientCallImpl.closeObserver(ClientCallImpl.java:565)
	at org.apache.ratis.thirdparty.io.grpc.internal.ClientCallImpl.access$100(ClientCallImpl.java:72)
	at org.apache.ratis.thirdparty.io.grpc.internal.ClientCallImpl$ClientStreamListenerImpl$1StreamClosed.runInternal(ClientCallImpl.java:733)
	at org.apache.ratis.thirdparty.io.grpc.internal.ClientCallImpl$ClientStreamListenerImpl$1StreamClosed.runInContext(ClientCallImpl.java:714)
	at org.apache.ratis.thirdparty.io.grpc.internal.ContextRunnable.run(ContextRunnable.java:37)
	at org.apache.ratis.thirdparty.io.grpc.internal.SerializingExecutor.run(SerializingExecutor.java:133)
	at java.base/java.util.concurrent.ThreadPoolExecutor.runWorker(ThreadPoolExecutor.java:1144)
	at java.base/java.util.concurrent.ThreadPoolExecutor$Worker.run(ThreadPoolExecutor.java:642)
	at java.base/java.lang.Thread.run(Thread.java:1583)
2025-09-07 09:45:01,457 [grpc-default-executor-6] WARN  server.GrpcLogAppender (GrpcLogAppender.java:resetClient(237)) - 486fef96-c6ec-41d9-a4ca-7ebb3d261081@group-7A90E47A063C->4c7984b5-42f1-4e4b-a334-601f88f38b33-GrpcLogAppender: Failed to getClient for 4c7984b5-42f1-4e4b-a334-601f88f38b33
org.apache.ratis.protocol.exceptions.AlreadyClosedException: 486fef96-c6ec-41d9-a4ca-7ebb3d261081 is already CLOSED
	at org.apache.ratis.util.PeerProxyMap$PeerAndProxy.getProxy(PeerProxyMap.java:67)
	at org.apache.ratis.util.PeerProxyMap.getProxy(PeerProxyMap.java:124)
	at org.apache.ratis.grpc.server.GrpcLogAppender.getClient(GrpcLogAppender.java:207)
	at org.apache.ratis.grpc.server.GrpcLogAppender.resetClient(GrpcLogAppender.java:212)
	at org.apache.ratis.grpc.server.GrpcLogAppender.access$800(GrpcLogAppender.java:70)
	at org.apache.ratis.grpc.server.GrpcLogAppender$AppendLogResponseHandler.onCompleted(GrpcLogAppender.java:559)
	at org.apache.ratis.thirdparty.io.grpc.stub.ClientCalls$StreamObserverToCallListenerAdapter.onClose(ClientCalls.java:562)
	at org.apache.ratis.thirdparty.io.grpc.internal.DelayedClientCall$DelayedListener$3.run(DelayedClientCall.java:489)
	at org.apache.ratis.thirdparty.io.grpc.internal.DelayedClientCall$DelayedListener.delayOrExecute(DelayedClientCall.java:453)
	at org.apache.ratis.thirdparty.io.grpc.internal.DelayedClientCall$DelayedListener.onClose(DelayedClientCall.java:486)
	at org.apache.ratis.thirdparty.io.grpc.internal.ClientCallImpl.closeObserver(ClientCallImpl.java:565)
	at org.apache.ratis.thirdparty.io.grpc.internal.ClientCallImpl.access$100(ClientCallImpl.java:72)
	at org.apache.ratis.thirdparty.io.grpc.internal.ClientCallImpl$ClientStreamListenerImpl$1StreamClosed.runInternal(ClientCallImpl.java:733)
	at org.apache.ratis.thirdparty.io.grpc.internal.ClientCallImpl$ClientStreamListenerImpl$1StreamClosed.runInContext(ClientCallImpl.java:714)
	at org.apache.ratis.thirdparty.io.grpc.internal.ContextRunnable.run(ContextRunnable.java:37)
	at org.apache.ratis.thirdparty.io.grpc.internal.SerializingExecutor.run(SerializingExecutor.java:133)
	at java.base/java.util.concurrent.ThreadPoolExecutor.runWorker(ThreadPoolExecutor.java:1144)
	at java.base/java.util.concurrent.ThreadPoolExecutor$Worker.run(ThreadPoolExecutor.java:642)
	at java.base/java.lang.Thread.run(Thread.java:1583)
2025-09-07 09:45:01,459 [486fef96-c6ec-41d9-a4ca-7ebb3d261081-impl-thread2] INFO  impl.StateMachineUpdater (StateMachineUpdater.java:stopAndJoin(163)) - 486fef96-c6ec-41d9-a4ca-7ebb3d261081@group-AF0CBE3D3EB0-StateMachineUpdater: set stopIndex = 0
2025-09-07 09:45:01,459 [486fef96-c6ec-41d9-a4ca-7ebb3d261081@group-AF0CBE3D3EB0-StateMachineUpdater] INFO  ratis.ContainerStateMachine (ContainerStateMachine.java:takeSnapshot(427)) - group-AF0CBE3D3EB0: Taking a snapshot at:(t:1, i:0) file /home/runner/work/ozone/ozone/hadoop-ozone/integration-test/target/test-dir/MiniOzoneClusterImpl-023d5a78-e64c-43f3-a4d9-6f7884931d6c/ozone-metadata/datanode-8/ratis/00271ae9-8e75-458f-be58-af0cbe3d3eb0/sm/snapshot.1_0
2025-09-07 09:45:01,460 [grpc-default-executor-3] INFO  server.GrpcLogAppender (GrpcLogAppender.java:onCompleted(558)) - 486fef96-c6ec-41d9-a4ca-7ebb3d261081@group-7A90E47A063C->c7c0d573-77b1-47db-b09e-d84959a4a43f-AppendLogResponseHandler: follower responses appendEntries COMPLETED
2025-09-07 09:45:01,460 [grpc-default-executor-3] WARN  server.GrpcLogAppender (GrpcLogAppender.java:resetClient(237)) - 486fef96-c6ec-41d9-a4ca-7ebb3d261081@group-7A90E47A063C->c7c0d573-77b1-47db-b09e-d84959a4a43f-GrpcLogAppender: Failed to getClient for c7c0d573-77b1-47db-b09e-d84959a4a43f
org.apache.ratis.protocol.exceptions.AlreadyClosedException: 486fef96-c6ec-41d9-a4ca-7ebb3d261081 is already CLOSED
	at org.apache.ratis.util.PeerProxyMap$PeerAndProxy.getProxy(PeerProxyMap.java:67)
	at org.apache.ratis.util.PeerProxyMap.getProxy(PeerProxyMap.java:124)
	at org.apache.ratis.grpc.server.GrpcLogAppender.getClient(GrpcLogAppender.java:207)
	at org.apache.ratis.grpc.server.GrpcLogAppender.resetClient(GrpcLogAppender.java:212)
	at org.apache.ratis.grpc.server.GrpcLogAppender.access$800(GrpcLogAppender.java:70)
	at org.apache.ratis.grpc.server.GrpcLogAppender$AppendLogResponseHandler.onCompleted(GrpcLogAppender.java:559)
	at org.apache.ratis.thirdparty.io.grpc.stub.ClientCalls$StreamObserverToCallListenerAdapter.onClose(ClientCalls.java:562)
	at org.apache.ratis.thirdparty.io.grpc.internal.DelayedClientCall$DelayedListener$3.run(DelayedClientCall.java:489)
	at org.apache.ratis.thirdparty.io.grpc.internal.DelayedClientCall$DelayedListener.delayOrExecute(DelayedClientCall.java:453)
	at org.apache.ratis.thirdparty.io.grpc.internal.DelayedClientCall$DelayedListener.onClose(DelayedClientCall.java:486)
	at org.apache.ratis.thirdparty.io.grpc.internal.ClientCallImpl.closeObserver(ClientCallImpl.java:565)
	at org.apache.ratis.thirdparty.io.grpc.internal.ClientCallImpl.access$100(ClientCallImpl.java:72)
	at org.apache.ratis.thirdparty.io.grpc.internal.ClientCallImpl$ClientStreamListenerImpl$1StreamClosed.runInternal(ClientCallImpl.java:733)
	at org.apache.ratis.thirdparty.io.grpc.internal.ClientCallImpl$ClientStreamListenerImpl$1StreamClosed.runInContext(ClientCallImpl.java:714)
	at org.apache.ratis.thirdparty.io.grpc.internal.ContextRunnable.run(ContextRunnable.java:37)
	at org.apache.ratis.thirdparty.io.grpc.internal.SerializingExecutor.run(SerializingExecutor.java:133)
	at java.base/java.util.concurrent.ThreadPoolExecutor.runWorker(ThreadPoolExecutor.java:1144)
	at java.base/java.util.concurrent.ThreadPoolExecutor$Worker.run(ThreadPoolExecutor.java:642)
	at java.base/java.lang.Thread.run(Thread.java:1583)
2025-09-07 09:45:01,461 [486fef96-c6ec-41d9-a4ca-7ebb3d261081@group-AF0CBE3D3EB0-StateMachineUpdater] INFO  ratis.ContainerStateMachine (ContainerStateMachine.java:takeSnapshot(436)) - group-AF0CBE3D3EB0: Finished taking a snapshot at:(t:1, i:0) file:/home/runner/work/ozone/ozone/hadoop-ozone/integration-test/target/test-dir/MiniOzoneClusterImpl-023d5a78-e64c-43f3-a4d9-6f7884931d6c/ozone-metadata/datanode-8/ratis/00271ae9-8e75-458f-be58-af0cbe3d3eb0/sm/snapshot.1_0 took: 1 ms
2025-09-07 09:45:01,461 [486fef96-c6ec-41d9-a4ca-7ebb3d261081@group-AF0CBE3D3EB0-StateMachineUpdater] INFO  impl.StateMachineUpdater (StateMachineUpdater.java:takeSnapshot(307)) - 486fef96-c6ec-41d9-a4ca-7ebb3d261081@group-AF0CBE3D3EB0-StateMachineUpdater: Took a snapshot at index 0
2025-09-07 09:45:01,461 [486fef96-c6ec-41d9-a4ca-7ebb3d261081@group-AF0CBE3D3EB0-StateMachineUpdater] INFO  impl.StateMachineUpdater (StateMachineUpdater.java:lambda$new$0(101)) - 486fef96-c6ec-41d9-a4ca-7ebb3d261081@group-AF0CBE3D3EB0-StateMachineUpdater: snapshotIndex: updateIncreasingly -1 -> 0
2025-09-07 09:45:01,461 [grpc-default-executor-3] INFO  server.GrpcLogAppender (GrpcLogAppender.java:onCompleted(558)) - 486fef96-c6ec-41d9-a4ca-7ebb3d261081@group-7A90E47A063C->c7c0d573-77b1-47db-b09e-d84959a4a43f-AppendLogResponseHandler: follower responses appendEntries COMPLETED
2025-09-07 09:45:01,461 [grpc-default-executor-3] WARN  server.GrpcLogAppender (GrpcLogAppender.java:resetClient(237)) - 486fef96-c6ec-41d9-a4ca-7ebb3d261081@group-7A90E47A063C->c7c0d573-77b1-47db-b09e-d84959a4a43f-GrpcLogAppender: Failed to getClient for c7c0d573-77b1-47db-b09e-d84959a4a43f
org.apache.ratis.protocol.exceptions.AlreadyClosedException: 486fef96-c6ec-41d9-a4ca-7ebb3d261081 is already CLOSED
	at org.apache.ratis.util.PeerProxyMap$PeerAndProxy.getProxy(PeerProxyMap.java:67)
	at org.apache.ratis.util.PeerProxyMap.getProxy(PeerProxyMap.java:124)
	at org.apache.ratis.grpc.server.GrpcLogAppender.getClient(GrpcLogAppender.java:207)
	at org.apache.ratis.grpc.server.GrpcLogAppender.resetClient(GrpcLogAppender.java:212)
	at org.apache.ratis.grpc.server.GrpcLogAppender.access$800(GrpcLogAppender.java:70)
	at org.apache.ratis.grpc.server.GrpcLogAppender$AppendLogResponseHandler.onCompleted(GrpcLogAppender.java:559)
	at org.apache.ratis.thirdparty.io.grpc.stub.ClientCalls$StreamObserverToCallListenerAdapter.onClose(ClientCalls.java:562)
	at org.apache.ratis.thirdparty.io.grpc.internal.ClientCallImpl.closeObserver(ClientCallImpl.java:565)
	at org.apache.ratis.thirdparty.io.grpc.internal.ClientCallImpl.access$100(ClientCallImpl.java:72)
	at org.apache.ratis.thirdparty.io.grpc.internal.ClientCallImpl$ClientStreamListenerImpl$1StreamClosed.runInternal(ClientCallImpl.java:733)
	at org.apache.ratis.thirdparty.io.grpc.internal.ClientCallImpl$ClientStreamListenerImpl$1StreamClosed.runInContext(ClientCallImpl.java:714)
	at org.apache.ratis.thirdparty.io.grpc.internal.ContextRunnable.run(ContextRunnable.java:37)
	at org.apache.ratis.thirdparty.io.grpc.internal.SerializingExecutor.run(SerializingExecutor.java:133)
	at java.base/java.util.concurrent.ThreadPoolExecutor.runWorker(ThreadPoolExecutor.java:1144)
	at java.base/java.util.concurrent.ThreadPoolExecutor$Worker.run(ThreadPoolExecutor.java:642)
	at java.base/java.lang.Thread.run(Thread.java:1583)
2025-09-07 09:45:01,461 [486fef96-c6ec-41d9-a4ca-7ebb3d261081@group-AF0CBE3D3EB0-StateMachineUpdater] INFO  impl.StateMachineUpdater (StateMachineUpdater.java:stop(140)) - 486fef96-c6ec-41d9-a4ca-7ebb3d261081@group-AF0CBE3D3EB0-StateMachineUpdater: closing ContainerStateMachine, lastApplied=(t:1, i:0)
2025-09-07 09:45:01,462 [ForkJoinPool-1-worker-1] INFO  server.GrpcServicesImpl (GrpcServicesImpl.java:closeImpl(364)) - 486fef96-c6ec-41d9-a4ca-7ebb3d261081: shutdown server org.apache.ratis.grpc.server.GrpcClientProtocolService successfully
2025-09-07 09:45:01,462 [ForkJoinPool-1-worker-1] INFO  server.GrpcServicesImpl (GrpcServicesImpl.java:closeImpl(355)) - 486fef96-c6ec-41d9-a4ca-7ebb3d261081: shutdown server GrpcServerProtocolService now
2025-09-07 09:45:01,464 [486fef96-c6ec-41d9-a4ca-7ebb3d261081@group-AF0CBE3D3EB0-cacheEviction-AwaitToRun] INFO  util.AwaitToRun (AwaitToRun.java:run(49)) - 486fef96-c6ec-41d9-a4ca-7ebb3d261081@group-AF0CBE3D3EB0-cacheEviction-AwaitToRun-AwaitForSignal is interrupted
2025-09-07 09:45:01,465 [486fef96-c6ec-41d9-a4ca-7ebb3d261081@group-A6D30A1C9E4D-StateMachineUpdater] INFO  ratis.ContainerStateMachine (ContainerStateMachine.java:takeSnapshot(427)) - group-A6D30A1C9E4D: Taking a snapshot at:(t:1, i:0) file /home/runner/work/ozone/ozone/hadoop-ozone/integration-test/target/test-dir/MiniOzoneClusterImpl-023d5a78-e64c-43f3-a4d9-6f7884931d6c/ozone-metadata/datanode-8/ratis/ca43f102-4fc8-4b2e-baf8-a6d30a1c9e4d/sm/snapshot.1_0
2025-09-07 09:45:01,465 [grpc-default-executor-4] WARN  server.GrpcServerProtocolService (LogUtils.java:warn(127)) - 486fef96-c6ec-41d9-a4ca-7ebb3d261081: APPEND_ENTRIES onError, lastRequest: null: org.apache.ratis.thirdparty.io.grpc.StatusRuntimeException: CANCELLED: client cancelled
2025-09-07 09:45:01,465 [486fef96-c6ec-41d9-a4ca-7ebb3d261081-impl-thread1] INFO  impl.StateMachineUpdater (StateMachineUpdater.java:stopAndJoin(163)) - 486fef96-c6ec-41d9-a4ca-7ebb3d261081@group-7A90E47A063C-StateMachineUpdater: set stopIndex = 16
2025-09-07 09:45:01,486 [486fef96-c6ec-41d9-a4ca-7ebb3d261081@group-7A90E47A063C-StateMachineUpdater] INFO  ratis.ContainerStateMachine (ContainerStateMachine.java:takeSnapshot(427)) - group-7A90E47A063C: Taking a snapshot at:(t:1, i:16) file /home/runner/work/ozone/ozone/hadoop-ozone/integration-test/target/test-dir/MiniOzoneClusterImpl-023d5a78-e64c-43f3-a4d9-6f7884931d6c/ozone-metadata/datanode-8/ratis/c966e9dd-f994-4bc9-96f7-7a90e47a063c/sm/snapshot.1_16
2025-09-07 09:45:01,489 [grpc-default-executor-3] WARN  server.GrpcServerProtocolService (LogUtils.java:warn(127)) - 486fef96-c6ec-41d9-a4ca-7ebb3d261081: APPEND_ENTRIES onError, lastRequest: c7c0d573-77b1-47db-b09e-d84959a4a43f->486fef96-c6ec-41d9-a4ca-7ebb3d261081#1-t1,previous=<PROTO_DEFAULT>,leaderCommit=-1,initializing? false,entries: size=1, first=(t:1, i:0), CONFIGURATIONENTRY(current:id:"c7c0d573-77b1-47db-b09e-d84959a4a43f"address:"127.0.0.1:15063"priority:1dataStreamAddress:"127.0.0.1:15064"clientAddress:"127.0.0.1:15061"adminAddress:"127.0.0.1:15062"startupRole:FOLLOWER, id:"486fef96-c6ec-41d9-a4ca-7ebb3d261081"address:"127.0.0.1:15071"dataStreamAddress:"127.0.0.1:15072"clientAddress:"127.0.0.1:15069"adminAddress:"127.0.0.1:15070"startupRole:FOLLOWER, id:"4c7984b5-42f1-4e4b-a334-601f88f38b33"address:"127.0.0.1:15079"dataStreamAddress:"127.0.0.1:15080"clientAddress:"127.0.0.1:15077"adminAddress:"127.0.0.1:15078"startupRole:FOLLOWER, old:): org.apache.ratis.thirdparty.io.grpc.StatusRuntimeException: CANCELLED: client cancelled
2025-09-07 09:45:01,488 [grpc-default-executor-6] WARN  server.GrpcLogAppender (GrpcLogAppender.java:lambda$resetClient$1(228)) - c7c0d573-77b1-47db-b09e-d84959a4a43f@group-AF0CBE3D3EB0->486fef96-c6ec-41d9-a4ca-7ebb3d261081-GrpcLogAppender: Follower failed (request=null, errorCount=1); keep nextIndex (1) unchanged and retry.
2025-09-07 09:45:01,488 [ForkJoinPool-1-worker-1] INFO  server.GrpcServicesImpl (GrpcServicesImpl.java:closeImpl(364)) - 486fef96-c6ec-41d9-a4ca-7ebb3d261081: shutdown server GrpcServerProtocolService successfully
2025-09-07 09:45:01,491 [ForkJoinPool-1-worker-1] INFO  server.GrpcServicesImpl (GrpcServicesImpl.java:closeImpl(355)) - 486fef96-c6ec-41d9-a4ca-7ebb3d261081: shutdown server org.apache.ratis.grpc.server.GrpcAdminProtocolService now
2025-09-07 09:45:01,488 [grpc-default-executor-1] WARN  server.GrpcLogAppender (LogUtils.java:warn(127)) - c7c0d573-77b1-47db-b09e-d84959a4a43f@group-AF0CBE3D3EB0->486fef96-c6ec-41d9-a4ca-7ebb3d261081-AppendLogResponseHandler: Failed appendEntries: org.apache.ratis.thirdparty.io.grpc.StatusRuntimeException: CANCELLED: RST_STREAM closed stream. HTTP/2 error code: CANCEL
2025-09-07 09:45:01,488 [486fef96-c6ec-41d9-a4ca-7ebb3d261081@group-A6D30A1C9E4D-StateMachineUpdater] INFO  ratis.ContainerStateMachine (ContainerStateMachine.java:takeSnapshot(436)) - group-A6D30A1C9E4D: Finished taking a snapshot at:(t:1, i:0) file:/home/runner/work/ozone/ozone/hadoop-ozone/integration-test/target/test-dir/MiniOzoneClusterImpl-023d5a78-e64c-43f3-a4d9-6f7884931d6c/ozone-metadata/datanode-8/ratis/ca43f102-4fc8-4b2e-baf8-a6d30a1c9e4d/sm/snapshot.1_0 took: 23 ms
2025-09-07 09:45:01,487 [486fef96-c6ec-41d9-a4ca-7ebb3d261081-impl-thread3] INFO  impl.StateMachineUpdater (StateMachineUpdater.java:stopAndJoin(163)) - 486fef96-c6ec-41d9-a4ca-7ebb3d261081@group-A6D30A1C9E4D-StateMachineUpdater: set stopIndex = 0
2025-09-07 09:45:01,492 [486fef96-c6ec-41d9-a4ca-7ebb3d261081@group-7A90E47A063C-StateMachineUpdater] INFO  ratis.ContainerStateMachine (ContainerStateMachine.java:takeSnapshot(436)) - group-7A90E47A063C: Finished taking a snapshot at:(t:1, i:16) file:/home/runner/work/ozone/ozone/hadoop-ozone/integration-test/target/test-dir/MiniOzoneClusterImpl-023d5a78-e64c-43f3-a4d9-6f7884931d6c/ozone-metadata/datanode-8/ratis/c966e9dd-f994-4bc9-96f7-7a90e47a063c/sm/snapshot.1_16 took: 5 ms
2025-09-07 09:45:01,492 [486fef96-c6ec-41d9-a4ca-7ebb3d261081@group-7A90E47A063C-StateMachineUpdater] INFO  impl.StateMachineUpdater (StateMachineUpdater.java:takeSnapshot(307)) - 486fef96-c6ec-41d9-a4ca-7ebb3d261081@group-7A90E47A063C-StateMachineUpdater: Took a snapshot at index 16
2025-09-07 09:45:01,492 [486fef96-c6ec-41d9-a4ca-7ebb3d261081@group-7A90E47A063C-StateMachineUpdater] INFO  impl.StateMachineUpdater (StateMachineUpdater.java:lambda$new$0(101)) - 486fef96-c6ec-41d9-a4ca-7ebb3d261081@group-7A90E47A063C-StateMachineUpdater: snapshotIndex: updateIncreasingly -1 -> 16
2025-09-07 09:45:01,492 [486fef96-c6ec-41d9-a4ca-7ebb3d261081@group-7A90E47A063C-StateMachineUpdater] INFO  impl.StateMachineUpdater (StateMachineUpdater.java:stop(140)) - 486fef96-c6ec-41d9-a4ca-7ebb3d261081@group-7A90E47A063C-StateMachineUpdater: closing ContainerStateMachine, lastApplied=(t:1, i:16)
2025-09-07 09:45:01,493 [ForkJoinPool-1-worker-1] INFO  server.GrpcServicesImpl (GrpcServicesImpl.java:closeImpl(364)) - 486fef96-c6ec-41d9-a4ca-7ebb3d261081: shutdown server org.apache.ratis.grpc.server.GrpcAdminProtocolService successfully
2025-09-07 09:45:01,493 [486fef96-c6ec-41d9-a4ca-7ebb3d261081@group-A6D30A1C9E4D-StateMachineUpdater] INFO  impl.StateMachineUpdater (StateMachineUpdater.java:takeSnapshot(307)) - 486fef96-c6ec-41d9-a4ca-7ebb3d261081@group-A6D30A1C9E4D-StateMachineUpdater: Took a snapshot at index 0
2025-09-07 09:45:01,494 [486fef96-c6ec-41d9-a4ca-7ebb3d261081@group-A6D30A1C9E4D-StateMachineUpdater] INFO  impl.StateMachineUpdater (StateMachineUpdater.java:lambda$new$0(101)) - 486fef96-c6ec-41d9-a4ca-7ebb3d261081@group-A6D30A1C9E4D-StateMachineUpdater: snapshotIndex: updateIncreasingly -1 -> 0
2025-09-07 09:45:01,495 [486fef96-c6ec-41d9-a4ca-7ebb3d261081@group-A6D30A1C9E4D-StateMachineUpdater] INFO  impl.StateMachineUpdater (StateMachineUpdater.java:stop(140)) - 486fef96-c6ec-41d9-a4ca-7ebb3d261081@group-A6D30A1C9E4D-StateMachineUpdater: closing ContainerStateMachine, lastApplied=(t:1, i:0)
2025-09-07 09:45:01,496 [486fef96-c6ec-41d9-a4ca-7ebb3d261081@group-7A90E47A063C-cacheEviction-AwaitToRun] INFO  util.AwaitToRun (AwaitToRun.java:run(49)) - 486fef96-c6ec-41d9-a4ca-7ebb3d261081@group-7A90E47A063C-cacheEviction-AwaitToRun-AwaitForSignal is interrupted
2025-09-07 09:45:01,498 [486fef96-c6ec-41d9-a4ca-7ebb3d261081@group-A6D30A1C9E4D-cacheEviction-AwaitToRun] INFO  util.AwaitToRun (AwaitToRun.java:run(49)) - 486fef96-c6ec-41d9-a4ca-7ebb3d261081@group-A6D30A1C9E4D-cacheEviction-AwaitToRun-AwaitForSignal is interrupted
2025-09-07 09:45:01,507 [486fef96-c6ec-41d9-a4ca-7ebb3d261081-NettyServerStreamRpc-bossGroup--thread1] INFO  logging.LoggingHandler (AbstractInternalLogger.java:log(148)) - [id: 0x289e639d, L:/0.0.0.0:15072] CLOSE
2025-09-07 09:45:01,507 [486fef96-c6ec-41d9-a4ca-7ebb3d261081-NettyServerStreamRpc-bossGroup--thread1] INFO  logging.LoggingHandler (AbstractInternalLogger.java:log(148)) - [id: 0x289e639d, L:/0.0.0.0:15072] INACTIVE
2025-09-07 09:45:01,508 [486fef96-c6ec-41d9-a4ca-7ebb3d261081-NettyServerStreamRpc-bossGroup--thread1] INFO  logging.LoggingHandler (AbstractInternalLogger.java:log(148)) - [id: 0x289e639d, L:/0.0.0.0:15072] UNREGISTERED
2025-09-07 09:45:02,095 [486fef96-c6ec-41d9-a4ca-7ebb3d261081-impl-thread2] INFO  segmented.SegmentedRaftLogWorker (SegmentedRaftLogWorker.java:close(254)) - 486fef96-c6ec-41d9-a4ca-7ebb3d261081@group-AF0CBE3D3EB0-SegmentedRaftLogWorker close()
2025-09-07 09:45:02,096 [486fef96-c6ec-41d9-a4ca-7ebb3d261081-impl-thread2] INFO  ratis.ContainerStateMachine (ContainerStateMachine.java:notifyServerShutdown(1038)) - group-AF0CBE3D3EB0 is closed by HddsDatanodeService
2025-09-07 09:45:02,238 [486fef96-c6ec-41d9-a4ca-7ebb3d261081-impl-thread3] INFO  segmented.SegmentedRaftLogWorker (SegmentedRaftLogWorker.java:close(254)) - 486fef96-c6ec-41d9-a4ca-7ebb3d261081@group-A6D30A1C9E4D-SegmentedRaftLogWorker close()
2025-09-07 09:45:02,238 [486fef96-c6ec-41d9-a4ca-7ebb3d261081-impl-thread3] INFO  ratis.ContainerStateMachine (ContainerStateMachine.java:notifyServerShutdown(1038)) - group-A6D30A1C9E4D is closed by HddsDatanodeService
2025-09-07 09:45:02,324 [486fef96-c6ec-41d9-a4ca-7ebb3d261081-impl-thread1] INFO  segmented.SegmentedRaftLogWorker (SegmentedRaftLogWorker.java:close(254)) - 486fef96-c6ec-41d9-a4ca-7ebb3d261081@group-7A90E47A063C-SegmentedRaftLogWorker close()
2025-09-07 09:45:02,324 [486fef96-c6ec-41d9-a4ca-7ebb3d261081-impl-thread1] INFO  ratis.ContainerStateMachine (ContainerStateMachine.java:notifyServerShutdown(1038)) - group-7A90E47A063C is closed by HddsDatanodeService
2025-09-07 09:45:02,324 [JvmPauseMonitor10] INFO  util.JvmPauseMonitor (JvmPauseMonitor.java:run(152)) - JvmPauseMonitor-486fef96-c6ec-41d9-a4ca-7ebb3d261081: Stopped
2025-09-07 09:45:02,871 [4c7984b5-42f1-4e4b-a334-601f88f38b33@group-7A90E47A063C-FollowerState] INFO  impl.FollowerState (FollowerState.java:runImpl(161)) - 4c7984b5-42f1-4e4b-a334-601f88f38b33@group-7A90E47A063C-FollowerState: change to CANDIDATE, lastRpcElapsedTime:1547452944ns, electionTimeout:1177ms
2025-09-07 09:45:02,871 [4c7984b5-42f1-4e4b-a334-601f88f38b33@group-7A90E47A063C-FollowerState] INFO  impl.RoleInfo (RoleInfo.java:shutdownFollowerState(121)) - 4c7984b5-42f1-4e4b-a334-601f88f38b33: shutdown 4c7984b5-42f1-4e4b-a334-601f88f38b33@group-7A90E47A063C-FollowerState
2025-09-07 09:45:02,871 [4c7984b5-42f1-4e4b-a334-601f88f38b33@group-7A90E47A063C-FollowerState] INFO  server.RaftServer$Division (RaftServerImpl.java:setRole(392)) - 4c7984b5-42f1-4e4b-a334-601f88f38b33@group-7A90E47A063C: changes role from  FOLLOWER to CANDIDATE at term 1 for changeToCandidate
2025-09-07 09:45:02,871 [4c7984b5-42f1-4e4b-a334-601f88f38b33@group-7A90E47A063C-FollowerState] INFO  impl.RoleInfo (RoleInfo.java:updateAndGet(148)) - 4c7984b5-42f1-4e4b-a334-601f88f38b33: start 4c7984b5-42f1-4e4b-a334-601f88f38b33@group-7A90E47A063C-LeaderElection89
2025-09-07 09:45:02,871 [4c7984b5-42f1-4e4b-a334-601f88f38b33@group-7A90E47A063C-LeaderElection89] INFO  server.RaftServer$Division (ServerState.java:setLeader(272)) - 4c7984b5-42f1-4e4b-a334-601f88f38b33@group-7A90E47A063C: change Leader from 486fef96-c6ec-41d9-a4ca-7ebb3d261081 to null at term 1 for PRE_VOTE
2025-09-07 09:45:02,871 [4c7984b5-42f1-4e4b-a334-601f88f38b33@group-7A90E47A063C-LeaderElection89] INFO  impl.LeaderElection (LeaderElection.java:askForVotes(448)) - 4c7984b5-42f1-4e4b-a334-601f88f38b33@group-7A90E47A063C-LeaderElection89 PRE_VOTE round 0: submit vote requests at term 1 for conf: {index: 0, cur=peers:[c7c0d573-77b1-47db-b09e-d84959a4a43f|127.0.0.1:15063, 486fef96-c6ec-41d9-a4ca-7ebb3d261081|127.0.0.1:15071, 4c7984b5-42f1-4e4b-a334-601f88f38b33|127.0.0.1:15079]|listeners:[], old=null}
2025-09-07 09:45:02,872 [4c7984b5-42f1-4e4b-a334-601f88f38b33@group-7A90E47A063C-LeaderElection89-1] INFO  server.GrpcServerProtocolClient (GrpcServerProtocolClient.java:<init>(65)) - Build channel for c7c0d573-77b1-47db-b09e-d84959a4a43f|127.0.0.1:15063
2025-09-07 09:45:02,872 [4c7984b5-42f1-4e4b-a334-601f88f38b33@group-7A90E47A063C-LeaderElection89-2] INFO  server.GrpcServerProtocolClient (GrpcServerProtocolClient.java:<init>(65)) - Build channel for 486fef96-c6ec-41d9-a4ca-7ebb3d261081|127.0.0.1:15071
2025-09-07 09:45:02,875 [4c7984b5-42f1-4e4b-a334-601f88f38b33@group-7A90E47A063C-LeaderElection89] INFO  impl.LeaderElection (LogUtils.java:infoOrTrace(142)) - 4c7984b5-42f1-4e4b-a334-601f88f38b33@group-7A90E47A063C-LeaderElection89 got exception when requesting votes: java.util.concurrent.ExecutionException: org.apache.ratis.thirdparty.io.grpc.StatusRuntimeException: UNAVAILABLE: io exception
2025-09-07 09:45:02,876 [grpc-default-executor-3] INFO  server.RaftServer$Division (RaftServerImpl.java:requestVote(1421)) - c7c0d573-77b1-47db-b09e-d84959a4a43f@group-7A90E47A063C: receive requestVote(PRE_VOTE, 4c7984b5-42f1-4e4b-a334-601f88f38b33, group-7A90E47A063C, 1, (t:1, i:16))
2025-09-07 09:45:02,876 [grpc-default-executor-3] INFO  impl.VoteContext (VoteContext.java:log(49)) - c7c0d573-77b1-47db-b09e-d84959a4a43f@group-7A90E47A063C-FOLLOWER: accept PRE_VOTE from 4c7984b5-42f1-4e4b-a334-601f88f38b33: our priority 0 <= candidate's priority 0
2025-09-07 09:45:02,876 [grpc-default-executor-3] INFO  server.RaftServer$Division (RaftServerImpl.java:requestVote(1455)) - c7c0d573-77b1-47db-b09e-d84959a4a43f@group-7A90E47A063C replies to PRE_VOTE vote request: 4c7984b5-42f1-4e4b-a334-601f88f38b33<-c7c0d573-77b1-47db-b09e-d84959a4a43f#0:OK-t1-last:(t:1, i:16). Peer's state: c7c0d573-77b1-47db-b09e-d84959a4a43f@group-7A90E47A063C:t1, leader=486fef96-c6ec-41d9-a4ca-7ebb3d261081, voted=486fef96-c6ec-41d9-a4ca-7ebb3d261081, raftlog=Memoized:c7c0d573-77b1-47db-b09e-d84959a4a43f@group-7A90E47A063C-SegmentedRaftLog:OPENED:c15:last(t:1, i:16), conf=conf: {index: 0, cur=peers:[c7c0d573-77b1-47db-b09e-d84959a4a43f|127.0.0.1:15063, 486fef96-c6ec-41d9-a4ca-7ebb3d261081|127.0.0.1:15071, 4c7984b5-42f1-4e4b-a334-601f88f38b33|127.0.0.1:15079]|listeners:[], old=null}
2025-09-07 09:45:02,877 [4c7984b5-42f1-4e4b-a334-601f88f38b33@group-7A90E47A063C-LeaderElection89] INFO  impl.LeaderElection (LeaderElection.java:logAndReturn(206)) - 4c7984b5-42f1-4e4b-a334-601f88f38b33@group-7A90E47A063C-LeaderElection89: PRE_VOTE PASSED received 1 response(s) and 1 exception(s):
2025-09-07 09:45:02,877 [4c7984b5-42f1-4e4b-a334-601f88f38b33@group-7A90E47A063C-LeaderElection89] INFO  impl.LeaderElection (LeaderElection.java:logAndReturn(210)) -   Response 0: 4c7984b5-42f1-4e4b-a334-601f88f38b33<-c7c0d573-77b1-47db-b09e-d84959a4a43f#0:OK-t1-last:(t:1, i:16)
2025-09-07 09:45:02,877 [4c7984b5-42f1-4e4b-a334-601f88f38b33@group-7A90E47A063C-LeaderElection89] INFO  impl.LeaderElection (LogUtils.java:infoOrTrace(142)) -   Exception 1: java.util.concurrent.ExecutionException: org.apache.ratis.thirdparty.io.grpc.StatusRuntimeException: UNAVAILABLE: io exception
2025-09-07 09:45:02,877 [4c7984b5-42f1-4e4b-a334-601f88f38b33@group-7A90E47A063C-LeaderElection89] INFO  impl.LeaderElection (LeaderElection.java:askForVotes(450)) - 4c7984b5-42f1-4e4b-a334-601f88f38b33@group-7A90E47A063C-LeaderElection89 PRE_VOTE round 0: result PASSED
2025-09-07 09:45:02,879 [4c7984b5-42f1-4e4b-a334-601f88f38b33@group-7A90E47A063C-LeaderElection89] INFO  impl.LeaderElection (LeaderElection.java:askForVotes(448)) - 4c7984b5-42f1-4e4b-a334-601f88f38b33@group-7A90E47A063C-LeaderElection89 ELECTION round 0: submit vote requests at term 2 for conf: {index: 0, cur=peers:[c7c0d573-77b1-47db-b09e-d84959a4a43f|127.0.0.1:15063, 486fef96-c6ec-41d9-a4ca-7ebb3d261081|127.0.0.1:15071, 4c7984b5-42f1-4e4b-a334-601f88f38b33|127.0.0.1:15079]|listeners:[], old=null}
2025-09-07 09:45:02,880 [4c7984b5-42f1-4e4b-a334-601f88f38b33@group-7A90E47A063C-LeaderElection89] INFO  impl.LeaderElection (LogUtils.java:infoOrTrace(142)) - 4c7984b5-42f1-4e4b-a334-601f88f38b33@group-7A90E47A063C-LeaderElection89 got exception when requesting votes: java.util.concurrent.ExecutionException: org.apache.ratis.thirdparty.io.grpc.StatusRuntimeException: UNAVAILABLE: io exception
2025-09-07 09:45:02,880 [grpc-default-executor-3] INFO  server.RaftServer$Division (RaftServerImpl.java:requestVote(1421)) - c7c0d573-77b1-47db-b09e-d84959a4a43f@group-7A90E47A063C: receive requestVote(ELECTION, 4c7984b5-42f1-4e4b-a334-601f88f38b33, group-7A90E47A063C, 2, (t:1, i:16))
2025-09-07 09:45:02,880 [grpc-default-executor-3] INFO  impl.VoteContext (VoteContext.java:log(49)) - c7c0d573-77b1-47db-b09e-d84959a4a43f@group-7A90E47A063C-FOLLOWER: accept ELECTION from 4c7984b5-42f1-4e4b-a334-601f88f38b33: our priority 0 <= candidate's priority 0
2025-09-07 09:45:02,880 [grpc-default-executor-3] INFO  server.RaftServer$Division (RaftServerImpl.java:setRole(392)) - c7c0d573-77b1-47db-b09e-d84959a4a43f@group-7A90E47A063C: changes role from  FOLLOWER to FOLLOWER at term 1 for candidate:4c7984b5-42f1-4e4b-a334-601f88f38b33
2025-09-07 09:45:02,880 [grpc-default-executor-3] INFO  impl.RoleInfo (RoleInfo.java:shutdownFollowerState(121)) - c7c0d573-77b1-47db-b09e-d84959a4a43f: shutdown c7c0d573-77b1-47db-b09e-d84959a4a43f@group-7A90E47A063C-FollowerState
2025-09-07 09:45:02,880 [grpc-default-executor-3] INFO  server.RaftServer$Division (ServerState.java:setLeader(272)) - c7c0d573-77b1-47db-b09e-d84959a4a43f@group-7A90E47A063C: change Leader from 486fef96-c6ec-41d9-a4ca-7ebb3d261081 to null at term 2 for updateCurrentTerm
2025-09-07 09:45:02,880 [grpc-default-executor-3] INFO  impl.RoleInfo (RoleInfo.java:updateAndGet(148)) - c7c0d573-77b1-47db-b09e-d84959a4a43f: start c7c0d573-77b1-47db-b09e-d84959a4a43f@group-7A90E47A063C-FollowerState
2025-09-07 09:45:02,880 [c7c0d573-77b1-47db-b09e-d84959a4a43f@group-7A90E47A063C-FollowerState] INFO  impl.FollowerState (FollowerState.java:runImpl(170)) - c7c0d573-77b1-47db-b09e-d84959a4a43f@group-7A90E47A063C-FollowerState was interrupted
2025-09-07 09:45:02,881 [grpc-default-executor-3] INFO  server.RaftServer$Division (RaftServerImpl.java:requestVote(1455)) - c7c0d573-77b1-47db-b09e-d84959a4a43f@group-7A90E47A063C replies to ELECTION vote request: 4c7984b5-42f1-4e4b-a334-601f88f38b33<-c7c0d573-77b1-47db-b09e-d84959a4a43f#0:OK-t2-last:(t:1, i:16). Peer's state: c7c0d573-77b1-47db-b09e-d84959a4a43f@group-7A90E47A063C:t2, leader=null, voted=4c7984b5-42f1-4e4b-a334-601f88f38b33, raftlog=Memoized:c7c0d573-77b1-47db-b09e-d84959a4a43f@group-7A90E47A063C-SegmentedRaftLog:OPENED:c15:last(t:1, i:16), conf=conf: {index: 0, cur=peers:[c7c0d573-77b1-47db-b09e-d84959a4a43f|127.0.0.1:15063, 486fef96-c6ec-41d9-a4ca-7ebb3d261081|127.0.0.1:15071, 4c7984b5-42f1-4e4b-a334-601f88f38b33|127.0.0.1:15079]|listeners:[], old=null}
2025-09-07 09:45:02,882 [4c7984b5-42f1-4e4b-a334-601f88f38b33@group-7A90E47A063C-LeaderElection89] INFO  impl.LeaderElection (LeaderElection.java:logAndReturn(206)) - 4c7984b5-42f1-4e4b-a334-601f88f38b33@group-7A90E47A063C-LeaderElection89: ELECTION PASSED received 1 response(s) and 1 exception(s):
2025-09-07 09:45:02,882 [4c7984b5-42f1-4e4b-a334-601f88f38b33@group-7A90E47A063C-LeaderElection89] INFO  impl.LeaderElection (LeaderElection.java:logAndReturn(210)) -   Response 0: 4c7984b5-42f1-4e4b-a334-601f88f38b33<-c7c0d573-77b1-47db-b09e-d84959a4a43f#0:OK-t2-last:(t:1, i:16)
2025-09-07 09:45:02,882 [4c7984b5-42f1-4e4b-a334-601f88f38b33@group-7A90E47A063C-LeaderElection89] INFO  impl.LeaderElection (LogUtils.java:infoOrTrace(142)) -   Exception 1: java.util.concurrent.ExecutionException: org.apache.ratis.thirdparty.io.grpc.StatusRuntimeException: UNAVAILABLE: io exception
2025-09-07 09:45:02,882 [4c7984b5-42f1-4e4b-a334-601f88f38b33@group-7A90E47A063C-LeaderElection89] INFO  impl.LeaderElection (LeaderElection.java:askForVotes(450)) - 4c7984b5-42f1-4e4b-a334-601f88f38b33@group-7A90E47A063C-LeaderElection89 ELECTION round 0: result PASSED
2025-09-07 09:45:02,882 [4c7984b5-42f1-4e4b-a334-601f88f38b33@group-7A90E47A063C-LeaderElection89] INFO  impl.RoleInfo (RoleInfo.java:shutdownLeaderElection(141)) - 4c7984b5-42f1-4e4b-a334-601f88f38b33: shutdown 4c7984b5-42f1-4e4b-a334-601f88f38b33@group-7A90E47A063C-LeaderElection89
2025-09-07 09:45:02,882 [4c7984b5-42f1-4e4b-a334-601f88f38b33@group-7A90E47A063C-LeaderElection89] INFO  server.RaftServer$Division (RaftServerImpl.java:setRole(392)) - 4c7984b5-42f1-4e4b-a334-601f88f38b33@group-7A90E47A063C: changes role from CANDIDATE to LEADER at term 2 for changeToLeader
2025-09-07 09:45:02,882 [4c7984b5-42f1-4e4b-a334-601f88f38b33@group-7A90E47A063C-LeaderElection89] INFO  server.RaftServerConfigKeys (ConfUtils.java:logFallback(69)) - raft.server.staging.timeout = 3600ms (fallback to raft.server.rpc.timeout.max)
2025-09-07 09:45:02,883 [4c7984b5-42f1-4e4b-a334-601f88f38b33@group-7A90E47A063C-LeaderElection89] INFO  server.RaftServerConfigKeys (ConfUtils.java:logGet(62)) - raft.server.write.byte-limit = 1024 M (=1073741824) (custom)
2025-09-07 09:45:02,884 [4c7984b5-42f1-4e4b-a334-601f88f38b33@group-7A90E47A063C-LeaderElection89] INFO  server.RaftServerConfigKeys (ConfUtils.java:logGet(62)) - raft.server.log.appender.buffer.byte-limit = 33554432 (custom)
2025-09-07 09:45:02,886 [4c7984b5-42f1-4e4b-a334-601f88f38b33@group-7A90E47A063C-LeaderElection89] INFO  server.RaftServerConfigKeys (ConfUtils.java:logGet(62)) - raft.server.log.appender.buffer.byte-limit = 33554432 (custom)
2025-09-07 09:45:02,886 [4c7984b5-42f1-4e4b-a334-601f88f38b33@group-7A90E47A063C-LeaderElection89] INFO  impl.RoleInfo (RoleInfo.java:updateAndGet(148)) - 4c7984b5-42f1-4e4b-a334-601f88f38b33: start 4c7984b5-42f1-4e4b-a334-601f88f38b33@group-7A90E47A063C-LeaderStateImpl
2025-09-07 09:45:02,886 [4c7984b5-42f1-4e4b-a334-601f88f38b33@group-7A90E47A063C-LeaderElection89] INFO  ratis.XceiverServerRatis (XceiverServerRatis.java:handleLeaderChangedNotification(947)) - Leader change notification received for group: group-7A90E47A063C with new leaderId: 4c7984b5-42f1-4e4b-a334-601f88f38b33
2025-09-07 09:45:02,886 [4c7984b5-42f1-4e4b-a334-601f88f38b33@group-7A90E47A063C-LeaderElection89] INFO  server.RaftServer$Division (ServerState.java:setLeader(272)) - 4c7984b5-42f1-4e4b-a334-601f88f38b33@group-7A90E47A063C: change Leader from null to 4c7984b5-42f1-4e4b-a334-601f88f38b33 at term 2 for becomeLeader, leader elected after 14ms
2025-09-07 09:45:02,886 [4c7984b5-42f1-4e4b-a334-601f88f38b33@group-7A90E47A063C-LeaderElection89] INFO  segmented.SegmentedRaftLogWorker (SegmentedRaftLogWorker.java:rollLogSegment(445)) - 4c7984b5-42f1-4e4b-a334-601f88f38b33@group-7A90E47A063C-SegmentedRaftLogWorker: Rolling segment log-0_16 to index:16
2025-09-07 09:45:02,887 [4c7984b5-42f1-4e4b-a334-601f88f38b33@group-7A90E47A063C-LeaderElection89] INFO  server.RaftServer$Division (ServerState.java:setRaftConf(386)) - 4c7984b5-42f1-4e4b-a334-601f88f38b33@group-7A90E47A063C: set configuration conf: {index: 17, cur=peers:[c7c0d573-77b1-47db-b09e-d84959a4a43f|127.0.0.1:15063, 486fef96-c6ec-41d9-a4ca-7ebb3d261081|127.0.0.1:15071, 4c7984b5-42f1-4e4b-a334-601f88f38b33|127.0.0.1:15079]|listeners:[], old=null}
2025-09-07 09:45:02,888 [4c7984b5-42f1-4e4b-a334-601f88f38b33@group-7A90E47A063C-SegmentedRaftLogWorker] INFO  segmented.SegmentedRaftLogWorker (SegmentedRaftLogWorker.java:execute(604)) - 4c7984b5-42f1-4e4b-a334-601f88f38b33@group-7A90E47A063C-SegmentedRaftLogWorker: Rolled log segment from /home/runner/work/ozone/ozone/hadoop-ozone/integration-test/target/test-dir/MiniOzoneClusterImpl-023d5a78-e64c-43f3-a4d9-6f7884931d6c/ozone-metadata/datanode-9/ratis/c966e9dd-f994-4bc9-96f7-7a90e47a063c/current/log_inprogress_0 to /home/runner/work/ozone/ozone/hadoop-ozone/integration-test/target/test-dir/MiniOzoneClusterImpl-023d5a78-e64c-43f3-a4d9-6f7884931d6c/ozone-metadata/datanode-9/ratis/c966e9dd-f994-4bc9-96f7-7a90e47a063c/current/log_0-16
2025-09-07 09:45:02,888 [4c7984b5-42f1-4e4b-a334-601f88f38b33@group-7A90E47A063C-SegmentedRaftLogWorker] INFO  segmented.BufferedWriteChannel (BufferedWriteChannel.java:open(61)) - open log_inprogress_17 at position 0
2025-09-07 09:45:02,888 [grpc-default-executor-3] WARN  server.GrpcLogAppender (LogUtils.java:warn(127)) - 4c7984b5-42f1-4e4b-a334-601f88f38b33@group-7A90E47A063C->486fef96-c6ec-41d9-a4ca-7ebb3d261081-AppendLogResponseHandler: Failed appendEntries: org.apache.ratis.thirdparty.io.grpc.StatusRuntimeException: UNAVAILABLE: io exception
  Caused by: org.apache.ratis.thirdparty.io.netty.channel.AbstractChannel$AnnotatedConnectException: finishConnect(..) failed: Connection refused: /127.0.0.1:15071
  Caused by: java.net.ConnectException: finishConnect(..) failed: Connection refused
2025-09-07 09:45:02,889 [grpc-default-executor-3] WARN  server.GrpcLogAppender (GrpcLogAppender.java:lambda$resetClient$1(228)) - 4c7984b5-42f1-4e4b-a334-601f88f38b33@group-7A90E47A063C->486fef96-c6ec-41d9-a4ca-7ebb3d261081-GrpcLogAppender: Follower failed (request=null, errorCount=1); keep nextIndex (17) unchanged and retry.
2025-09-07 09:45:02,890 [grpc-default-executor-7] WARN  server.GrpcLogAppender (GrpcLogAppender.java:lambda$resetClient$1(228)) - 4c7984b5-42f1-4e4b-a334-601f88f38b33@group-7A90E47A063C->486fef96-c6ec-41d9-a4ca-7ebb3d261081-GrpcLogAppender: Follower failed (request=null, errorCount=2); keep nextIndex (18) unchanged and retry.
2025-09-07 09:45:02,892 [grpc-default-executor-6] INFO  ratis.XceiverServerRatis (XceiverServerRatis.java:handleLeaderChangedNotification(947)) - Leader change notification received for group: group-7A90E47A063C with new leaderId: 4c7984b5-42f1-4e4b-a334-601f88f38b33
2025-09-07 09:45:02,892 [grpc-default-executor-6] INFO  server.RaftServer$Division (ServerState.java:setLeader(272)) - c7c0d573-77b1-47db-b09e-d84959a4a43f@group-7A90E47A063C: change Leader from null to 4c7984b5-42f1-4e4b-a334-601f88f38b33 at term 2 for appendEntries, leader elected after 11ms
2025-09-07 09:45:02,893 [grpc-default-executor-5] INFO  server.RaftServer$Division (ServerState.java:setRaftConf(386)) - c7c0d573-77b1-47db-b09e-d84959a4a43f@group-7A90E47A063C: set configuration conf: {index: 17, cur=peers:[c7c0d573-77b1-47db-b09e-d84959a4a43f|127.0.0.1:15063, 486fef96-c6ec-41d9-a4ca-7ebb3d261081|127.0.0.1:15071, 4c7984b5-42f1-4e4b-a334-601f88f38b33|127.0.0.1:15079]|listeners:[], old=null}
2025-09-07 09:45:02,893 [grpc-default-executor-5] INFO  segmented.SegmentedRaftLogWorker (SegmentedRaftLogWorker.java:rollLogSegment(445)) - c7c0d573-77b1-47db-b09e-d84959a4a43f@group-7A90E47A063C-SegmentedRaftLogWorker: Rolling segment log-0_16 to index:16
2025-09-07 09:45:02,895 [c7c0d573-77b1-47db-b09e-d84959a4a43f@group-7A90E47A063C-SegmentedRaftLogWorker] INFO  segmented.SegmentedRaftLogWorker (SegmentedRaftLogWorker.java:execute(604)) - c7c0d573-77b1-47db-b09e-d84959a4a43f@group-7A90E47A063C-SegmentedRaftLogWorker: Rolled log segment from /home/runner/work/ozone/ozone/hadoop-ozone/integration-test/target/test-dir/MiniOzoneClusterImpl-023d5a78-e64c-43f3-a4d9-6f7884931d6c/ozone-metadata/datanode-7/ratis/c966e9dd-f994-4bc9-96f7-7a90e47a063c/current/log_inprogress_0 to /home/runner/work/ozone/ozone/hadoop-ozone/integration-test/target/test-dir/MiniOzoneClusterImpl-023d5a78-e64c-43f3-a4d9-6f7884931d6c/ozone-metadata/datanode-7/ratis/c966e9dd-f994-4bc9-96f7-7a90e47a063c/current/log_0-16
2025-09-07 09:45:02,895 [c7c0d573-77b1-47db-b09e-d84959a4a43f@group-7A90E47A063C-SegmentedRaftLogWorker] INFO  segmented.BufferedWriteChannel (BufferedWriteChannel.java:open(61)) - open log_inprogress_17 at position 0
2025-09-07 09:45:02,896 [4c7984b5-42f1-4e4b-a334-601f88f38b33@group-7A90E47A063C-SegmentedRaftLogWorker] INFO  segmented.SegmentedRaftLogWorker (SegmentedRaftLogWorker.java:execute(647)) - 4c7984b5-42f1-4e4b-a334-601f88f38b33@group-7A90E47A063C-SegmentedRaftLogWorker: created new log segment /home/runner/work/ozone/ozone/hadoop-ozone/integration-test/target/test-dir/MiniOzoneClusterImpl-023d5a78-e64c-43f3-a4d9-6f7884931d6c/ozone-metadata/datanode-9/ratis/c966e9dd-f994-4bc9-96f7-7a90e47a063c/current/log_inprogress_17
2025-09-07 09:45:02,900 [c7c0d573-77b1-47db-b09e-d84959a4a43f@group-7A90E47A063C-SegmentedRaftLogWorker] INFO  segmented.SegmentedRaftLogWorker (SegmentedRaftLogWorker.java:execute(647)) - c7c0d573-77b1-47db-b09e-d84959a4a43f@group-7A90E47A063C-SegmentedRaftLogWorker: created new log segment /home/runner/work/ozone/ozone/hadoop-ozone/integration-test/target/test-dir/MiniOzoneClusterImpl-023d5a78-e64c-43f3-a4d9-6f7884931d6c/ozone-metadata/datanode-7/ratis/c966e9dd-f994-4bc9-96f7-7a90e47a063c/current/log_inprogress_17
2025-09-07 09:45:02,902 [grpc-default-executor-5] WARN  server.GrpcLogAppender (GrpcLogAppender.java:lambda$resetClient$1(228)) - 4c7984b5-42f1-4e4b-a334-601f88f38b33@group-7A90E47A063C->486fef96-c6ec-41d9-a4ca-7ebb3d261081-GrpcLogAppender: Follower failed (request=null, errorCount=5); keep nextIndex (19) unchanged and retry.
2025-09-07 09:45:02,904 [4c7984b5-42f1-4e4b-a334-601f88f38b33@group-7A90E47A063C-StateMachineUpdater] INFO  server.RaftServer$Division (LeaderStateImpl.java:checkStartIndex(309)) - Leader 4c7984b5-42f1-4e4b-a334-601f88f38b33@group-7A90E47A063C-LeaderStateImpl is ready since appliedIndex == startIndex == 17
2025-09-07 09:45:04,329 [ForkJoinPool-1-worker-1] INFO  utils.DatanodeStoreCache (DatanodeStoreCache.java:shutdownCache(110)) - Skip clearing cache in mini cluster mode. Entries left: [/home/runner/work/ozone/ozone/hadoop-ozone/integration-test/target/test-dir/MiniOzoneClusterImpl-023d5a78-e64c-43f3-a4d9-6f7884931d6c/ozone-metadata/datanode-1/data-0/hdds/023d5a78-e64c-43f3-a4d9-6f7884931d6c/DS-5fbd3f51-2257-4844-a78a-38b1b6d3b151/container.db, /home/runner/work/ozone/ozone/hadoop-ozone/integration-test/target/test-dir/MiniOzoneClusterImpl-023d5a78-e64c-43f3-a4d9-6f7884931d6c/ozone-metadata/datanode-10/data-0/hdds/023d5a78-e64c-43f3-a4d9-6f7884931d6c/DS-84c6fba7-595d-4177-8ffc-7588853120c4/container.db, /home/runner/work/ozone/ozone/hadoop-ozone/integration-test/target/test-dir/MiniOzoneClusterImpl-023d5a78-e64c-43f3-a4d9-6f7884931d6c/ozone-metadata/datanode-2/data-0/hdds/023d5a78-e64c-43f3-a4d9-6f7884931d6c/DS-bea88637-aed5-486c-a715-f30d7867fd4b/container.db, /home/runner/work/ozone/ozone/hadoop-ozone/integration-test/target/test-dir/MiniOzoneClusterImpl-023d5a78-e64c-43f3-a4d9-6f7884931d6c/ozone-metadata/datanode-3/data-0/hdds/023d5a78-e64c-43f3-a4d9-6f7884931d6c/DS-8f593202-9c4b-47bd-8b22-f98b2017cb5e/container.db, /home/runner/work/ozone/ozone/hadoop-ozone/integration-test/target/test-dir/MiniOzoneClusterImpl-023d5a78-e64c-43f3-a4d9-6f7884931d6c/ozone-metadata/datanode-4/data-0/hdds/023d5a78-e64c-43f3-a4d9-6f7884931d6c/DS-670d5789-61e1-408c-a8be-006216e53fc7/container.db, /home/runner/work/ozone/ozone/hadoop-ozone/integration-test/target/test-dir/MiniOzoneClusterImpl-023d5a78-e64c-43f3-a4d9-6f7884931d6c/ozone-metadata/datanode-5/data-0/hdds/023d5a78-e64c-43f3-a4d9-6f7884931d6c/DS-ba4d3214-2eca-4c53-96e2-3c88d4f4b29f/container.db, /home/runner/work/ozone/ozone/hadoop-ozone/integration-test/target/test-dir/MiniOzoneClusterImpl-023d5a78-e64c-43f3-a4d9-6f7884931d6c/ozone-metadata/datanode-6/data-0/hdds/023d5a78-e64c-43f3-a4d9-6f7884931d6c/DS-c5c95cee-9ff3-461a-9937-607d9784b933/container.db, /home/runner/work/ozone/ozone/hadoop-ozone/integration-test/target/test-dir/MiniOzoneClusterImpl-023d5a78-e64c-43f3-a4d9-6f7884931d6c/ozone-metadata/datanode-7/data-0/hdds/023d5a78-e64c-43f3-a4d9-6f7884931d6c/DS-7d6b5525-c31c-4cde-b529-f7d3e2c4ede0/container.db, /home/runner/work/ozone/ozone/hadoop-ozone/integration-test/target/test-dir/MiniOzoneClusterImpl-023d5a78-e64c-43f3-a4d9-6f7884931d6c/ozone-metadata/datanode-8/data-0/hdds/023d5a78-e64c-43f3-a4d9-6f7884931d6c/DS-28acb988-f0e1-4edb-963c-7151ad2f49d2/container.db, /home/runner/work/ozone/ozone/hadoop-ozone/integration-test/target/test-dir/MiniOzoneClusterImpl-023d5a78-e64c-43f3-a4d9-6f7884931d6c/ozone-metadata/datanode-9/data-0/hdds/023d5a78-e64c-43f3-a4d9-6f7884931d6c/DS-a111d4ad-79ac-4961-bf93-2799ac6eaee3/container.db]
2025-09-07 09:45:04,331 [ForkJoinPool-1-worker-1] INFO  utils.DatanodeStoreCache (DatanodeStoreCache.java:removeDB(104)) - Removed db /home/runner/work/ozone/ozone/hadoop-ozone/integration-test/target/test-dir/MiniOzoneClusterImpl-023d5a78-e64c-43f3-a4d9-6f7884931d6c/ozone-metadata/datanode-8/data-0/hdds/023d5a78-e64c-43f3-a4d9-6f7884931d6c/DS-28acb988-f0e1-4edb-963c-7151ad2f49d2/container.db from cache
2025-09-07 09:45:04,331 [ForkJoinPool-1-worker-1] INFO  volume.HddsVolume (HddsVolume.java:closeDbStore(609)) - SchemaV3 db is stopped at /home/runner/work/ozone/ozone/hadoop-ozone/integration-test/target/test-dir/MiniOzoneClusterImpl-023d5a78-e64c-43f3-a4d9-6f7884931d6c/ozone-metadata/datanode-8/data-0/hdds/023d5a78-e64c-43f3-a4d9-6f7884931d6c/DS-28acb988-f0e1-4edb-963c-7151ad2f49d2/container.db for volume DS-28acb988-f0e1-4edb-963c-7151ad2f49d2
2025-09-07 09:45:04,331 [ForkJoinPool-1-worker-1] INFO  utils.BackgroundService (BackgroundService.java:shutdown(195)) - Shutting down service BlockDeletingService
2025-09-07 09:45:04,332 [ForkJoinPool-1-worker-1] INFO  utils.BackgroundService (BackgroundService.java:shutdown(195)) - Shutting down service StaleRecoveringContainerScrubbingService
2025-09-07 09:45:04,333 [ForkJoinPool-1-worker-1] INFO  statemachine.DatanodeStateMachine (DatanodeStateMachine.java:stopDaemon(637)) - Ozone container server stopped.
2025-09-07 09:45:04,348 [ForkJoinPool-1-worker-1] INFO  handler.ContextHandler (ContextHandler.java:doStop(1159)) - Stopped o.e.j.w.WebAppContext@7d5b95bb{hddsDatanode,/,null,STOPPED}{jar:file:/home/runner/work/ozone/ozone/hadoop-hdds/container-service/target/hdds-container-service-2.1.0-SNAPSHOT.jar!/webapps/hddsDatanode}
2025-09-07 09:45:04,348 [ForkJoinPool-1-worker-1] INFO  server.AbstractConnector (AbstractConnector.java:doStop(383)) - Stopped ServerConnector@7a5b570b{HTTP/1.1, (http/1.1)}{0.0.0.0:15066}
2025-09-07 09:45:04,349 [ForkJoinPool-1-worker-1] INFO  server.session (HouseKeeper.java:stopScavenging(149)) - node0 Stopped scavenging
2025-09-07 09:45:04,349 [ForkJoinPool-1-worker-1] INFO  handler.ContextHandler (ContextHandler.java:doStop(1159)) - Stopped o.e.j.s.ServletContextHandler@62b0721c{static,/static,jar:file:/home/runner/work/ozone/ozone/hadoop-hdds/container-service/target/hdds-container-service-2.1.0-SNAPSHOT.jar!/webapps/static,STOPPED}
2025-09-07 09:45:04,349 [ForkJoinPool-1-worker-1] INFO  handler.ContextHandler (ContextHandler.java:doStop(1159)) - Stopped o.e.j.s.ServletContextHandler@49d402cb{logs,/logs,file:///home/runner/work/ozone/ozone/hadoop-ozone/integration-test/target/log,STOPPED}
2025-09-07 09:45:04,349 [ForkJoinPool-1-worker-1] INFO  ozone.HddsDatanodeClientProtocolServer (HddsDatanodeClientProtocolServer.java:stop(82)) - Stopping the RPC server for Client Protocol
2025-09-07 09:45:04,350 [ForkJoinPool-1-worker-1] INFO  ipc.Server (Server.java:stop(3697)) - Stopping server on 15067
2025-09-07 09:45:04,351 [IPC Server listener on 15067] INFO  ipc.Server (Server.java:run(1585)) - Stopping IPC Server listener on 15067
2025-09-07 09:45:04,351 [IPC Server Responder] INFO  ipc.Server (Server.java:run(1718)) - Stopping IPC Server Responder
2025-09-07 09:45:04,353 [ForkJoinPool-1-worker-1] INFO  ozoneimpl.OzoneContainer (OzoneContainer.java:stop(549)) - Attempting to stop container services.
2025-09-07 09:45:04,353 [ContainerMetadataScanner] WARN  ozoneimpl.AbstractBackgroundContainerScanner (AbstractBackgroundContainerScanner.java:handleRemainingSleep(136)) - Background container scan was interrupted.
2025-09-07 09:45:04,353 [ContainerMetadataScanner] INFO  ozoneimpl.AbstractBackgroundContainerScanner (AbstractBackgroundContainerScanner.java:run(63)) - org.apache.hadoop.ozone.container.ozoneimpl.BackgroundContainerMetadataScanner@7310b462 exiting.
2025-09-07 09:45:04,353 [ForkJoinPool-1-worker-1] INFO  ozoneimpl.BackgroundContainerDataScanner (BackgroundContainerDataScanner.java:shutdown(87)) - ContainerDataScanner(/home/runner/work/ozone/ozone/hadoop-ozone/integration-test/target/test-dir/MiniOzoneClusterImpl-023d5a78-e64c-43f3-a4d9-6f7884931d6c/ozone-metadata/datanode-7/data-0/hdds) is shutting down. 
2025-09-07 09:45:04,353 [ContainerDataScanner(/home/runner/work/ozone/ozone/hadoop-ozone/integration-test/target/test-dir/MiniOzoneClusterImpl-023d5a78-e64c-43f3-a4d9-6f7884931d6c/ozone-metadata/datanode-7/data-0/hdds)] WARN  ozoneimpl.AbstractBackgroundContainerScanner (AbstractBackgroundContainerScanner.java:handleRemainingSleep(136)) - Background container scan was interrupted.
2025-09-07 09:45:04,353 [ContainerDataScanner(/home/runner/work/ozone/ozone/hadoop-ozone/integration-test/target/test-dir/MiniOzoneClusterImpl-023d5a78-e64c-43f3-a4d9-6f7884931d6c/ozone-metadata/datanode-7/data-0/hdds)] INFO  ozoneimpl.AbstractBackgroundContainerScanner (AbstractBackgroundContainerScanner.java:run(63)) - ContainerDataScanner(/home/runner/work/ozone/ozone/hadoop-ozone/integration-test/target/test-dir/MiniOzoneClusterImpl-023d5a78-e64c-43f3-a4d9-6f7884931d6c/ozone-metadata/datanode-7/data-0/hdds, DS-7d6b5525-c31c-4cde-b529-f7d3e2c4ede0) exiting.
2025-09-07 09:45:04,353 [ForkJoinPool-1-worker-1] INFO  ozoneimpl.OnDemandContainerScanner (OnDemandContainerScanner.java:shutdown(141)) - On-demand container scanner is shutting down.
2025-09-07 09:45:04,354 [ForkJoinPool-1-worker-1] INFO  ratis.XceiverServerRatis (XceiverServerRatis.java:stop(597)) - Closing XceiverServerRatis(c7c0d573-77b1-47db-b09e-d84959a4a43f)
2025-09-07 09:45:04,354 [ForkJoinPool-1-worker-1] INFO  server.RaftServer (RaftServerProxy.java:lambda$close$9(422)) - c7c0d573-77b1-47db-b09e-d84959a4a43f: close
2025-09-07 09:45:04,354 [c7c0d573-77b1-47db-b09e-d84959a4a43f-impl-thread2] INFO  server.RaftServer$Division (RaftServerImpl.java:lambda$close$1(527)) - c7c0d573-77b1-47db-b09e-d84959a4a43f@group-3C9828298815: shutdown
2025-09-07 09:45:04,354 [c7c0d573-77b1-47db-b09e-d84959a4a43f-impl-thread3] INFO  server.RaftServer$Division (RaftServerImpl.java:lambda$close$1(527)) - c7c0d573-77b1-47db-b09e-d84959a4a43f@group-7A90E47A063C: shutdown
2025-09-07 09:45:04,354 [ForkJoinPool-1-worker-1] INFO  server.GrpcServicesImpl (GrpcServicesImpl.java:closeImpl(355)) - c7c0d573-77b1-47db-b09e-d84959a4a43f: shutdown server org.apache.ratis.grpc.server.GrpcClientProtocolService now
2025-09-07 09:45:04,355 [c7c0d573-77b1-47db-b09e-d84959a4a43f-impl-thread4] INFO  server.RaftServer$Division (RaftServerImpl.java:lambda$close$1(527)) - c7c0d573-77b1-47db-b09e-d84959a4a43f@group-AF0CBE3D3EB0: shutdown
2025-09-07 09:45:04,354 [c7c0d573-77b1-47db-b09e-d84959a4a43f-impl-thread2] INFO  util.JmxRegister (JmxRegister.java:unregister(74)) - Successfully un-registered JMX Bean with object name Ratis:service=RaftServer,group=group-3C9828298815,id=c7c0d573-77b1-47db-b09e-d84959a4a43f
2025-09-07 09:45:04,355 [c7c0d573-77b1-47db-b09e-d84959a4a43f-impl-thread2] INFO  impl.RoleInfo (RoleInfo.java:shutdownLeaderState(103)) - c7c0d573-77b1-47db-b09e-d84959a4a43f: shutdown c7c0d573-77b1-47db-b09e-d84959a4a43f@group-3C9828298815-LeaderStateImpl
2025-09-07 09:45:04,355 [c7c0d573-77b1-47db-b09e-d84959a4a43f-impl-thread2] INFO  impl.PendingRequests (PendingRequests.java:sendNotLeaderResponses(287)) - c7c0d573-77b1-47db-b09e-d84959a4a43f@group-3C9828298815-PendingRequests: sendNotLeaderResponses
2025-09-07 09:45:04,355 [c7c0d573-77b1-47db-b09e-d84959a4a43f-impl-thread4] INFO  util.JmxRegister (JmxRegister.java:unregister(74)) - Successfully un-registered JMX Bean with object name Ratis:service=RaftServer,group=group-AF0CBE3D3EB0,id=c7c0d573-77b1-47db-b09e-d84959a4a43f
2025-09-07 09:45:04,355 [c7c0d573-77b1-47db-b09e-d84959a4a43f-impl-thread4] INFO  impl.RoleInfo (RoleInfo.java:shutdownLeaderState(103)) - c7c0d573-77b1-47db-b09e-d84959a4a43f: shutdown c7c0d573-77b1-47db-b09e-d84959a4a43f@group-AF0CBE3D3EB0-LeaderStateImpl
2025-09-07 09:45:04,355 [Thread-1564] INFO  server.GrpcServerProtocolClient (GrpcServerProtocolClient.java:close(105)) - 486fef96-c6ec-41d9-a4ca-7ebb3d261081 Close channels
2025-09-07 09:45:04,355 [c7c0d573-77b1-47db-b09e-d84959a4a43f-impl-thread4] INFO  impl.PendingRequests (PendingRequests.java:sendNotLeaderResponses(287)) - c7c0d573-77b1-47db-b09e-d84959a4a43f@group-AF0CBE3D3EB0-PendingRequests: sendNotLeaderResponses
2025-09-07 09:45:04,354 [c7c0d573-77b1-47db-b09e-d84959a4a43f-impl-thread3] INFO  util.JmxRegister (JmxRegister.java:unregister(74)) - Successfully un-registered JMX Bean with object name Ratis:service=RaftServer,group=group-7A90E47A063C,id=c7c0d573-77b1-47db-b09e-d84959a4a43f
2025-09-07 09:45:04,355 [c7c0d573-77b1-47db-b09e-d84959a4a43f-impl-thread3] INFO  impl.RoleInfo (RoleInfo.java:shutdownFollowerState(121)) - c7c0d573-77b1-47db-b09e-d84959a4a43f: shutdown c7c0d573-77b1-47db-b09e-d84959a4a43f@group-7A90E47A063C-FollowerState
2025-09-07 09:45:04,356 [c7c0d573-77b1-47db-b09e-d84959a4a43f@group-AF0CBE3D3EB0->486fef96-c6ec-41d9-a4ca-7ebb3d261081-GrpcLogAppender-LogAppenderDaemon] WARN  server.GrpcLogAppender (GrpcLogAppender.java:mayWait(300)) - c7c0d573-77b1-47db-b09e-d84959a4a43f@group-AF0CBE3D3EB0->486fef96-c6ec-41d9-a4ca-7ebb3d261081-GrpcLogAppender: Wait interrupted by java.lang.InterruptedException
2025-09-07 09:45:04,356 [c7c0d573-77b1-47db-b09e-d84959a4a43f@group-7A90E47A063C-StateMachineUpdater] INFO  ratis.ContainerStateMachine (ContainerStateMachine.java:takeSnapshot(427)) - group-7A90E47A063C: Taking a snapshot at:(t:2, i:18) file /home/runner/work/ozone/ozone/hadoop-ozone/integration-test/target/test-dir/MiniOzoneClusterImpl-023d5a78-e64c-43f3-a4d9-6f7884931d6c/ozone-metadata/datanode-7/ratis/c966e9dd-f994-4bc9-96f7-7a90e47a063c/sm/snapshot.2_18
2025-09-07 09:45:04,356 [Thread-1565] INFO  server.GrpcServerProtocolClient (GrpcServerProtocolClient.java:close(105)) - 4c7984b5-42f1-4e4b-a334-601f88f38b33 Close channels
2025-09-07 09:45:04,356 [c7c0d573-77b1-47db-b09e-d84959a4a43f@group-7A90E47A063C-FollowerState] INFO  impl.FollowerState (FollowerState.java:runImpl(170)) - c7c0d573-77b1-47db-b09e-d84959a4a43f@group-7A90E47A063C-FollowerState was interrupted
2025-09-07 09:45:04,356 [c7c0d573-77b1-47db-b09e-d84959a4a43f@group-AF0CBE3D3EB0->4c7984b5-42f1-4e4b-a334-601f88f38b33-GrpcLogAppender-LogAppenderDaemon] WARN  server.GrpcLogAppender (GrpcLogAppender.java:mayWait(300)) - c7c0d573-77b1-47db-b09e-d84959a4a43f@group-AF0CBE3D3EB0->4c7984b5-42f1-4e4b-a334-601f88f38b33-GrpcLogAppender: Wait interrupted by java.lang.InterruptedException
2025-09-07 09:45:04,356 [c7c0d573-77b1-47db-b09e-d84959a4a43f-impl-thread3] INFO  impl.StateMachineUpdater (StateMachineUpdater.java:stopAndJoin(163)) - c7c0d573-77b1-47db-b09e-d84959a4a43f@group-7A90E47A063C-StateMachineUpdater: set stopIndex = 18
2025-09-07 09:45:04,357 [grpc-default-executor-7] INFO  server.GrpcLogAppender (GrpcLogAppender.java:onCompleted(558)) - c7c0d573-77b1-47db-b09e-d84959a4a43f@group-AF0CBE3D3EB0->4c7984b5-42f1-4e4b-a334-601f88f38b33-AppendLogResponseHandler: follower responses appendEntries COMPLETED
2025-09-07 09:45:04,358 [grpc-default-executor-7] WARN  server.GrpcLogAppender (GrpcLogAppender.java:resetClient(237)) - c7c0d573-77b1-47db-b09e-d84959a4a43f@group-AF0CBE3D3EB0->4c7984b5-42f1-4e4b-a334-601f88f38b33-GrpcLogAppender: Failed to getClient for 4c7984b5-42f1-4e4b-a334-601f88f38b33
org.apache.ratis.protocol.exceptions.AlreadyClosedException: c7c0d573-77b1-47db-b09e-d84959a4a43f is already CLOSED
	at org.apache.ratis.util.PeerProxyMap$PeerAndProxy.getProxy(PeerProxyMap.java:67)
	at org.apache.ratis.util.PeerProxyMap.getProxy(PeerProxyMap.java:124)
	at org.apache.ratis.grpc.server.GrpcLogAppender.getClient(GrpcLogAppender.java:207)
	at org.apache.ratis.grpc.server.GrpcLogAppender.resetClient(GrpcLogAppender.java:212)
	at org.apache.ratis.grpc.server.GrpcLogAppender.access$800(GrpcLogAppender.java:70)
	at org.apache.ratis.grpc.server.GrpcLogAppender$AppendLogResponseHandler.onCompleted(GrpcLogAppender.java:559)
	at org.apache.ratis.thirdparty.io.grpc.stub.ClientCalls$StreamObserverToCallListenerAdapter.onClose(ClientCalls.java:562)
	at org.apache.ratis.thirdparty.io.grpc.internal.ClientCallImpl.closeObserver(ClientCallImpl.java:565)
	at org.apache.ratis.thirdparty.io.grpc.internal.ClientCallImpl.access$100(ClientCallImpl.java:72)
	at org.apache.ratis.thirdparty.io.grpc.internal.ClientCallImpl$ClientStreamListenerImpl$1StreamClosed.runInternal(ClientCallImpl.java:733)
	at org.apache.ratis.thirdparty.io.grpc.internal.ClientCallImpl$ClientStreamListenerImpl$1StreamClosed.runInContext(ClientCallImpl.java:714)
	at org.apache.ratis.thirdparty.io.grpc.internal.ContextRunnable.run(ContextRunnable.java:37)
	at org.apache.ratis.thirdparty.io.grpc.internal.SerializingExecutor.run(SerializingExecutor.java:133)
	at java.base/java.util.concurrent.ThreadPoolExecutor.runWorker(ThreadPoolExecutor.java:1144)
	at java.base/java.util.concurrent.ThreadPoolExecutor$Worker.run(ThreadPoolExecutor.java:642)
	at java.base/java.lang.Thread.run(Thread.java:1583)
2025-09-07 09:45:04,358 [c7c0d573-77b1-47db-b09e-d84959a4a43f-impl-thread2] INFO  impl.StateMachineUpdater (StateMachineUpdater.java:stopAndJoin(163)) - c7c0d573-77b1-47db-b09e-d84959a4a43f@group-3C9828298815-StateMachineUpdater: set stopIndex = 0
2025-09-07 09:45:04,359 [c7c0d573-77b1-47db-b09e-d84959a4a43f@group-7A90E47A063C-StateMachineUpdater] INFO  ratis.ContainerStateMachine (ContainerStateMachine.java:takeSnapshot(436)) - group-7A90E47A063C: Finished taking a snapshot at:(t:2, i:18) file:/home/runner/work/ozone/ozone/hadoop-ozone/integration-test/target/test-dir/MiniOzoneClusterImpl-023d5a78-e64c-43f3-a4d9-6f7884931d6c/ozone-metadata/datanode-7/ratis/c966e9dd-f994-4bc9-96f7-7a90e47a063c/sm/snapshot.2_18 took: 3 ms
2025-09-07 09:45:04,359 [c7c0d573-77b1-47db-b09e-d84959a4a43f@group-7A90E47A063C-StateMachineUpdater] INFO  impl.StateMachineUpdater (StateMachineUpdater.java:takeSnapshot(307)) - c7c0d573-77b1-47db-b09e-d84959a4a43f@group-7A90E47A063C-StateMachineUpdater: Took a snapshot at index 18
2025-09-07 09:45:04,359 [c7c0d573-77b1-47db-b09e-d84959a4a43f@group-7A90E47A063C-StateMachineUpdater] INFO  impl.StateMachineUpdater (StateMachineUpdater.java:lambda$new$0(101)) - c7c0d573-77b1-47db-b09e-d84959a4a43f@group-7A90E47A063C-StateMachineUpdater: snapshotIndex: updateIncreasingly -1 -> 18
2025-09-07 09:45:04,359 [c7c0d573-77b1-47db-b09e-d84959a4a43f@group-7A90E47A063C-StateMachineUpdater] INFO  impl.StateMachineUpdater (StateMachineUpdater.java:stop(140)) - c7c0d573-77b1-47db-b09e-d84959a4a43f@group-7A90E47A063C-StateMachineUpdater: closing ContainerStateMachine, lastApplied=(t:2, i:18)
2025-09-07 09:45:04,359 [grpc-default-executor-5] INFO  server.GrpcLogAppender (GrpcLogAppender.java:onCompleted(558)) - c7c0d573-77b1-47db-b09e-d84959a4a43f@group-AF0CBE3D3EB0->4c7984b5-42f1-4e4b-a334-601f88f38b33-AppendLogResponseHandler: follower responses appendEntries COMPLETED
2025-09-07 09:45:04,359 [ForkJoinPool-1-worker-1] INFO  server.GrpcServicesImpl (GrpcServicesImpl.java:closeImpl(364)) - c7c0d573-77b1-47db-b09e-d84959a4a43f: shutdown server org.apache.ratis.grpc.server.GrpcClientProtocolService successfully
2025-09-07 09:45:04,359 [ForkJoinPool-1-worker-1] INFO  server.GrpcServicesImpl (GrpcServicesImpl.java:closeImpl(355)) - c7c0d573-77b1-47db-b09e-d84959a4a43f: shutdown server GrpcServerProtocolService now
2025-09-07 09:45:04,359 [c7c0d573-77b1-47db-b09e-d84959a4a43f@group-3C9828298815-StateMachineUpdater] INFO  ratis.ContainerStateMachine (ContainerStateMachine.java:takeSnapshot(427)) - group-3C9828298815: Taking a snapshot at:(t:1, i:0) file /home/runner/work/ozone/ozone/hadoop-ozone/integration-test/target/test-dir/MiniOzoneClusterImpl-023d5a78-e64c-43f3-a4d9-6f7884931d6c/ozone-metadata/datanode-7/ratis/83208cbc-1a5b-4af7-83c4-3c9828298815/sm/snapshot.1_0
2025-09-07 09:45:04,359 [c7c0d573-77b1-47db-b09e-d84959a4a43f-impl-thread4] INFO  impl.StateMachineUpdater (StateMachineUpdater.java:stopAndJoin(163)) - c7c0d573-77b1-47db-b09e-d84959a4a43f@group-AF0CBE3D3EB0-StateMachineUpdater: set stopIndex = 0
2025-09-07 09:45:04,359 [grpc-default-executor-5] WARN  server.GrpcLogAppender (GrpcLogAppender.java:resetClient(237)) - c7c0d573-77b1-47db-b09e-d84959a4a43f@group-AF0CBE3D3EB0->4c7984b5-42f1-4e4b-a334-601f88f38b33-GrpcLogAppender: Failed to getClient for 4c7984b5-42f1-4e4b-a334-601f88f38b33
org.apache.ratis.protocol.exceptions.AlreadyClosedException: c7c0d573-77b1-47db-b09e-d84959a4a43f is already CLOSED
	at org.apache.ratis.util.PeerProxyMap$PeerAndProxy.getProxy(PeerProxyMap.java:67)
	at org.apache.ratis.util.PeerProxyMap.getProxy(PeerProxyMap.java:124)
	at org.apache.ratis.grpc.server.GrpcLogAppender.getClient(GrpcLogAppender.java:207)
	at org.apache.ratis.grpc.server.GrpcLogAppender.resetClient(GrpcLogAppender.java:212)
	at org.apache.ratis.grpc.server.GrpcLogAppender.access$800(GrpcLogAppender.java:70)
	at org.apache.ratis.grpc.server.GrpcLogAppender$AppendLogResponseHandler.onCompleted(GrpcLogAppender.java:559)
	at org.apache.ratis.thirdparty.io.grpc.stub.ClientCalls$StreamObserverToCallListenerAdapter.onClose(ClientCalls.java:562)
	at org.apache.ratis.thirdparty.io.grpc.internal.ClientCallImpl.closeObserver(ClientCallImpl.java:565)
	at org.apache.ratis.thirdparty.io.grpc.internal.ClientCallImpl.access$100(ClientCallImpl.java:72)
	at org.apache.ratis.thirdparty.io.grpc.internal.ClientCallImpl$ClientStreamListenerImpl$1StreamClosed.runInternal(ClientCallImpl.java:733)
	at org.apache.ratis.thirdparty.io.grpc.internal.ClientCallImpl$ClientStreamListenerImpl$1StreamClosed.runInContext(ClientCallImpl.java:714)
	at org.apache.ratis.thirdparty.io.grpc.internal.ContextRunnable.run(ContextRunnable.java:37)
	at org.apache.ratis.thirdparty.io.grpc.internal.SerializingExecutor.run(SerializingExecutor.java:133)
	at java.base/java.util.concurrent.ThreadPoolExecutor.runWorker(ThreadPoolExecutor.java:1144)
	at java.base/java.util.concurrent.ThreadPoolExecutor$Worker.run(ThreadPoolExecutor.java:642)
	at java.base/java.lang.Thread.run(Thread.java:1583)
2025-09-07 09:45:04,360 [c7c0d573-77b1-47db-b09e-d84959a4a43f@group-7A90E47A063C-cacheEviction-AwaitToRun] INFO  util.AwaitToRun (AwaitToRun.java:run(49)) - c7c0d573-77b1-47db-b09e-d84959a4a43f@group-7A90E47A063C-cacheEviction-AwaitToRun-AwaitForSignal is interrupted
2025-09-07 09:45:04,360 [c7c0d573-77b1-47db-b09e-d84959a4a43f@group-3C9828298815-StateMachineUpdater] INFO  ratis.ContainerStateMachine (ContainerStateMachine.java:takeSnapshot(436)) - group-3C9828298815: Finished taking a snapshot at:(t:1, i:0) file:/home/runner/work/ozone/ozone/hadoop-ozone/integration-test/target/test-dir/MiniOzoneClusterImpl-023d5a78-e64c-43f3-a4d9-6f7884931d6c/ozone-metadata/datanode-7/ratis/83208cbc-1a5b-4af7-83c4-3c9828298815/sm/snapshot.1_0 took: 1 ms
2025-09-07 09:45:04,361 [c7c0d573-77b1-47db-b09e-d84959a4a43f@group-3C9828298815-StateMachineUpdater] INFO  impl.StateMachineUpdater (StateMachineUpdater.java:takeSnapshot(307)) - c7c0d573-77b1-47db-b09e-d84959a4a43f@group-3C9828298815-StateMachineUpdater: Took a snapshot at index 0
2025-09-07 09:45:04,361 [c7c0d573-77b1-47db-b09e-d84959a4a43f@group-3C9828298815-StateMachineUpdater] INFO  impl.StateMachineUpdater (StateMachineUpdater.java:lambda$new$0(101)) - c7c0d573-77b1-47db-b09e-d84959a4a43f@group-3C9828298815-StateMachineUpdater: snapshotIndex: updateIncreasingly -1 -> 0
2025-09-07 09:45:04,359 [c7c0d573-77b1-47db-b09e-d84959a4a43f@group-AF0CBE3D3EB0-StateMachineUpdater] INFO  ratis.ContainerStateMachine (ContainerStateMachine.java:takeSnapshot(427)) - group-AF0CBE3D3EB0: Taking a snapshot at:(t:1, i:0) file /home/runner/work/ozone/ozone/hadoop-ozone/integration-test/target/test-dir/MiniOzoneClusterImpl-023d5a78-e64c-43f3-a4d9-6f7884931d6c/ozone-metadata/datanode-7/ratis/00271ae9-8e75-458f-be58-af0cbe3d3eb0/sm/snapshot.1_0
2025-09-07 09:45:04,361 [c7c0d573-77b1-47db-b09e-d84959a4a43f@group-3C9828298815-StateMachineUpdater] INFO  impl.StateMachineUpdater (StateMachineUpdater.java:stop(140)) - c7c0d573-77b1-47db-b09e-d84959a4a43f@group-3C9828298815-StateMachineUpdater: closing ContainerStateMachine, lastApplied=(t:1, i:0)
2025-09-07 09:45:04,361 [c7c0d573-77b1-47db-b09e-d84959a4a43f@group-3C9828298815-cacheEviction-AwaitToRun] INFO  util.AwaitToRun (AwaitToRun.java:run(49)) - c7c0d573-77b1-47db-b09e-d84959a4a43f@group-3C9828298815-cacheEviction-AwaitToRun-AwaitForSignal is interrupted
2025-09-07 09:45:04,361 [grpc-default-executor-6] WARN  server.GrpcServerProtocolService (LogUtils.java:warn(127)) - c7c0d573-77b1-47db-b09e-d84959a4a43f: APPEND_ENTRIES onError, lastRequest: 4c7984b5-42f1-4e4b-a334-601f88f38b33->c7c0d573-77b1-47db-b09e-d84959a4a43f#2-t2,previous=(t:2, i:17),leaderCommit=17,initializing? false,entries: size=1, first=(t:2, i:18), METADATAENTRY(c:17): org.apache.ratis.thirdparty.io.grpc.StatusRuntimeException: CANCELLED: client cancelled
2025-09-07 09:45:04,362 [grpc-default-executor-5] WARN  server.GrpcLogAppender (LogUtils.java:warn(127)) - 4c7984b5-42f1-4e4b-a334-601f88f38b33@group-7A90E47A063C->c7c0d573-77b1-47db-b09e-d84959a4a43f-AppendLogResponseHandler: Failed appendEntries: org.apache.ratis.thirdparty.io.grpc.StatusRuntimeException: CANCELLED: RST_STREAM closed stream. HTTP/2 error code: CANCEL
2025-09-07 09:45:04,362 [c7c0d573-77b1-47db-b09e-d84959a4a43f@group-AF0CBE3D3EB0-StateMachineUpdater] INFO  ratis.ContainerStateMachine (ContainerStateMachine.java:takeSnapshot(436)) - group-AF0CBE3D3EB0: Finished taking a snapshot at:(t:1, i:0) file:/home/runner/work/ozone/ozone/hadoop-ozone/integration-test/target/test-dir/MiniOzoneClusterImpl-023d5a78-e64c-43f3-a4d9-6f7884931d6c/ozone-metadata/datanode-7/ratis/00271ae9-8e75-458f-be58-af0cbe3d3eb0/sm/snapshot.1_0 took: 2 ms
2025-09-07 09:45:04,362 [grpc-default-executor-5] WARN  server.GrpcLogAppender (GrpcLogAppender.java:lambda$resetClient$1(228)) - 4c7984b5-42f1-4e4b-a334-601f88f38b33@group-7A90E47A063C->c7c0d573-77b1-47db-b09e-d84959a4a43f-GrpcLogAppender: Follower failed (request=null, errorCount=1); keep nextIndex (19) unchanged and retry.
2025-09-07 09:45:04,362 [c7c0d573-77b1-47db-b09e-d84959a4a43f@group-AF0CBE3D3EB0-StateMachineUpdater] INFO  impl.StateMachineUpdater (StateMachineUpdater.java:takeSnapshot(307)) - c7c0d573-77b1-47db-b09e-d84959a4a43f@group-AF0CBE3D3EB0-StateMachineUpdater: Took a snapshot at index 0
2025-09-07 09:45:04,362 [c7c0d573-77b1-47db-b09e-d84959a4a43f@group-AF0CBE3D3EB0-StateMachineUpdater] INFO  impl.StateMachineUpdater (StateMachineUpdater.java:lambda$new$0(101)) - c7c0d573-77b1-47db-b09e-d84959a4a43f@group-AF0CBE3D3EB0-StateMachineUpdater: snapshotIndex: updateIncreasingly -1 -> 0
2025-09-07 09:45:04,362 [c7c0d573-77b1-47db-b09e-d84959a4a43f@group-AF0CBE3D3EB0-StateMachineUpdater] INFO  impl.StateMachineUpdater (StateMachineUpdater.java:stop(140)) - c7c0d573-77b1-47db-b09e-d84959a4a43f@group-AF0CBE3D3EB0-StateMachineUpdater: closing ContainerStateMachine, lastApplied=(t:1, i:0)
2025-09-07 09:45:04,363 [c7c0d573-77b1-47db-b09e-d84959a4a43f@group-AF0CBE3D3EB0-cacheEviction-AwaitToRun] INFO  util.AwaitToRun (AwaitToRun.java:run(49)) - c7c0d573-77b1-47db-b09e-d84959a4a43f@group-AF0CBE3D3EB0-cacheEviction-AwaitToRun-AwaitForSignal is interrupted
2025-09-07 09:45:04,362 [grpc-default-executor-5] WARN  server.GrpcServerProtocolService (LogUtils.java:warn(127)) - c7c0d573-77b1-47db-b09e-d84959a4a43f: APPEND_ENTRIES onError, lastRequest: null: org.apache.ratis.thirdparty.io.grpc.StatusRuntimeException: CANCELLED: client cancelled
2025-09-07 09:45:04,363 [ForkJoinPool-1-worker-1] INFO  server.GrpcServicesImpl (GrpcServicesImpl.java:closeImpl(364)) - c7c0d573-77b1-47db-b09e-d84959a4a43f: shutdown server GrpcServerProtocolService successfully
2025-09-07 09:45:04,363 [ForkJoinPool-1-worker-1] INFO  server.GrpcServicesImpl (GrpcServicesImpl.java:closeImpl(355)) - c7c0d573-77b1-47db-b09e-d84959a4a43f: shutdown server org.apache.ratis.grpc.server.GrpcAdminProtocolService now
2025-09-07 09:45:04,364 [ForkJoinPool-1-worker-1] INFO  server.GrpcServicesImpl (GrpcServicesImpl.java:closeImpl(364)) - c7c0d573-77b1-47db-b09e-d84959a4a43f: shutdown server org.apache.ratis.grpc.server.GrpcAdminProtocolService successfully
2025-09-07 09:45:04,368 [c7c0d573-77b1-47db-b09e-d84959a4a43f-NettyServerStreamRpc-bossGroup--thread1] INFO  logging.LoggingHandler (AbstractInternalLogger.java:log(148)) - [id: 0x6900a887, L:/0.0.0.0:15064] CLOSE
2025-09-07 09:45:04,368 [c7c0d573-77b1-47db-b09e-d84959a4a43f-NettyServerStreamRpc-bossGroup--thread1] INFO  logging.LoggingHandler (AbstractInternalLogger.java:log(148)) - [id: 0x6900a887, L:/0.0.0.0:15064] INACTIVE
2025-09-07 09:45:04,369 [c7c0d573-77b1-47db-b09e-d84959a4a43f-NettyServerStreamRpc-bossGroup--thread1] INFO  logging.LoggingHandler (AbstractInternalLogger.java:log(148)) - [id: 0x6900a887, L:/0.0.0.0:15064] UNREGISTERED
2025-09-07 09:45:04,904 [c7c0d573-77b1-47db-b09e-d84959a4a43f-impl-thread3] INFO  segmented.SegmentedRaftLogWorker (SegmentedRaftLogWorker.java:close(254)) - c7c0d573-77b1-47db-b09e-d84959a4a43f@group-7A90E47A063C-SegmentedRaftLogWorker close()
2025-09-07 09:45:04,904 [c7c0d573-77b1-47db-b09e-d84959a4a43f-impl-thread3] INFO  ratis.ContainerStateMachine (ContainerStateMachine.java:notifyServerShutdown(1038)) - group-7A90E47A063C is closed by HddsDatanodeService
2025-09-07 09:45:04,974 [c7c0d573-77b1-47db-b09e-d84959a4a43f-impl-thread2] INFO  segmented.SegmentedRaftLogWorker (SegmentedRaftLogWorker.java:close(254)) - c7c0d573-77b1-47db-b09e-d84959a4a43f@group-3C9828298815-SegmentedRaftLogWorker close()
2025-09-07 09:45:04,975 [c7c0d573-77b1-47db-b09e-d84959a4a43f-impl-thread2] INFO  ratis.ContainerStateMachine (ContainerStateMachine.java:notifyServerShutdown(1038)) - group-3C9828298815 is closed by HddsDatanodeService
2025-09-07 09:45:05,078 [c7c0d573-77b1-47db-b09e-d84959a4a43f-impl-thread4] INFO  segmented.SegmentedRaftLogWorker (SegmentedRaftLogWorker.java:close(254)) - c7c0d573-77b1-47db-b09e-d84959a4a43f@group-AF0CBE3D3EB0-SegmentedRaftLogWorker close()
2025-09-07 09:45:05,078 [c7c0d573-77b1-47db-b09e-d84959a4a43f-impl-thread4] INFO  ratis.ContainerStateMachine (ContainerStateMachine.java:notifyServerShutdown(1038)) - group-AF0CBE3D3EB0 is closed by HddsDatanodeService
2025-09-07 09:45:05,078 [JvmPauseMonitor9] INFO  util.JvmPauseMonitor (JvmPauseMonitor.java:run(152)) - JvmPauseMonitor-c7c0d573-77b1-47db-b09e-d84959a4a43f: Stopped
2025-09-07 09:45:05,305 [4c7984b5-42f1-4e4b-a334-601f88f38b33@group-7A90E47A063C-LeaderStateImpl] WARN  server.RaftServer$Division (LeaderStateImpl.java:checkLeadership(1121)) - 4c7984b5-42f1-4e4b-a334-601f88f38b33@group-7A90E47A063C-LeaderStateImpl: Lost leadership on term: 2. Election timeout: 1200ms. In charge for: 2422ms. Conf: conf: {index: 17, cur=peers:[c7c0d573-77b1-47db-b09e-d84959a4a43f|127.0.0.1:15063, 486fef96-c6ec-41d9-a4ca-7ebb3d261081|127.0.0.1:15071, 4c7984b5-42f1-4e4b-a334-601f88f38b33|127.0.0.1:15079]|listeners:[], old=null}
2025-09-07 09:45:05,305 [4c7984b5-42f1-4e4b-a334-601f88f38b33@group-7A90E47A063C-LeaderStateImpl] WARN  server.RaftServer$Division (LeaderStateImpl.java:lambda$checkLeadership$20(1125)) - Follower 4c7984b5-42f1-4e4b-a334-601f88f38b33@group-7A90E47A063C->c7c0d573-77b1-47db-b09e-d84959a4a43f(c18,m18,n19, caughtUp=true, lastRpcSendTime=138, lastRpcResponseTime=1397)
2025-09-07 09:45:05,305 [4c7984b5-42f1-4e4b-a334-601f88f38b33@group-7A90E47A063C-LeaderStateImpl] WARN  server.RaftServer$Division (LeaderStateImpl.java:lambda$checkLeadership$20(1125)) - Follower 4c7984b5-42f1-4e4b-a334-601f88f38b33@group-7A90E47A063C->486fef96-c6ec-41d9-a4ca-7ebb3d261081(c-1,m-1,n19, caughtUp=true, lastRpcSendTime=428, lastRpcResponseTime=3621)
2025-09-07 09:45:05,305 [4c7984b5-42f1-4e4b-a334-601f88f38b33@group-7A90E47A063C-LeaderStateImpl] INFO  server.RaftServer$Division (RaftServerImpl.java:setRole(392)) - 4c7984b5-42f1-4e4b-a334-601f88f38b33@group-7A90E47A063C: changes role from    LEADER to FOLLOWER at term 2 for StepDownReason:LOST_MAJORITY_HEARTBEATS
2025-09-07 09:45:05,305 [4c7984b5-42f1-4e4b-a334-601f88f38b33@group-7A90E47A063C-LeaderStateImpl] INFO  impl.RoleInfo (RoleInfo.java:shutdownLeaderState(103)) - 4c7984b5-42f1-4e4b-a334-601f88f38b33: shutdown 4c7984b5-42f1-4e4b-a334-601f88f38b33@group-7A90E47A063C-LeaderStateImpl
2025-09-07 09:45:05,306 [4c7984b5-42f1-4e4b-a334-601f88f38b33@group-7A90E47A063C->c7c0d573-77b1-47db-b09e-d84959a4a43f-GrpcLogAppender-LogAppenderDaemon] WARN  server.GrpcLogAppender (GrpcLogAppender.java:mayWait(300)) - 4c7984b5-42f1-4e4b-a334-601f88f38b33@group-7A90E47A063C->c7c0d573-77b1-47db-b09e-d84959a4a43f-GrpcLogAppender: Wait interrupted by java.lang.InterruptedException
2025-09-07 09:45:05,306 [4c7984b5-42f1-4e4b-a334-601f88f38b33@group-7A90E47A063C-LeaderStateImpl] INFO  impl.PendingRequests (PendingRequests.java:sendNotLeaderResponses(287)) - 4c7984b5-42f1-4e4b-a334-601f88f38b33@group-7A90E47A063C-PendingRequests: sendNotLeaderResponses
2025-09-07 09:45:05,306 [4c7984b5-42f1-4e4b-a334-601f88f38b33@group-7A90E47A063C->486fef96-c6ec-41d9-a4ca-7ebb3d261081-GrpcLogAppender-LogAppenderDaemon] WARN  server.GrpcLogAppender (GrpcLogAppender.java:mayWait(300)) - 4c7984b5-42f1-4e4b-a334-601f88f38b33@group-7A90E47A063C->486fef96-c6ec-41d9-a4ca-7ebb3d261081-GrpcLogAppender: Wait interrupted by java.lang.InterruptedException
2025-09-07 09:45:05,307 [4c7984b5-42f1-4e4b-a334-601f88f38b33@group-7A90E47A063C-LeaderStateImpl] INFO  server.RaftServer$Division (ServerState.java:setLeader(272)) - 4c7984b5-42f1-4e4b-a334-601f88f38b33@group-7A90E47A063C: change Leader from 4c7984b5-42f1-4e4b-a334-601f88f38b33 to null at term 2 for StepDownReason:LOST_MAJORITY_HEARTBEATS
2025-09-07 09:45:05,307 [4c7984b5-42f1-4e4b-a334-601f88f38b33@group-7A90E47A063C-LeaderStateImpl] INFO  impl.RoleInfo (RoleInfo.java:updateAndGet(148)) - 4c7984b5-42f1-4e4b-a334-601f88f38b33: start 4c7984b5-42f1-4e4b-a334-601f88f38b33@group-7A90E47A063C-FollowerState
2025-09-07 09:45:05,666 [4c7984b5-42f1-4e4b-a334-601f88f38b33@group-AF0CBE3D3EB0-FollowerState] INFO  impl.FollowerState (FollowerState.java:runImpl(161)) - 4c7984b5-42f1-4e4b-a334-601f88f38b33@group-AF0CBE3D3EB0-FollowerState: change to CANDIDATE, lastRpcElapsedTime:1392903979ns, electionTimeout:1064ms
2025-09-07 09:45:05,666 [4c7984b5-42f1-4e4b-a334-601f88f38b33@group-AF0CBE3D3EB0-FollowerState] INFO  impl.RoleInfo (RoleInfo.java:shutdownFollowerState(121)) - 4c7984b5-42f1-4e4b-a334-601f88f38b33: shutdown 4c7984b5-42f1-4e4b-a334-601f88f38b33@group-AF0CBE3D3EB0-FollowerState
2025-09-07 09:45:05,666 [4c7984b5-42f1-4e4b-a334-601f88f38b33@group-AF0CBE3D3EB0-FollowerState] INFO  server.RaftServer$Division (RaftServerImpl.java:setRole(392)) - 4c7984b5-42f1-4e4b-a334-601f88f38b33@group-AF0CBE3D3EB0: changes role from  FOLLOWER to CANDIDATE at term 1 for changeToCandidate
2025-09-07 09:45:05,666 [4c7984b5-42f1-4e4b-a334-601f88f38b33@group-AF0CBE3D3EB0-FollowerState] INFO  impl.RoleInfo (RoleInfo.java:updateAndGet(148)) - 4c7984b5-42f1-4e4b-a334-601f88f38b33: start 4c7984b5-42f1-4e4b-a334-601f88f38b33@group-AF0CBE3D3EB0-LeaderElection90
2025-09-07 09:45:05,667 [4c7984b5-42f1-4e4b-a334-601f88f38b33@group-AF0CBE3D3EB0-LeaderElection90] INFO  server.RaftServer$Division (ServerState.java:setLeader(272)) - 4c7984b5-42f1-4e4b-a334-601f88f38b33@group-AF0CBE3D3EB0: change Leader from c7c0d573-77b1-47db-b09e-d84959a4a43f to null at term 1 for PRE_VOTE
2025-09-07 09:45:05,667 [4c7984b5-42f1-4e4b-a334-601f88f38b33@group-AF0CBE3D3EB0-LeaderElection90] INFO  impl.LeaderElection (LeaderElection.java:askForVotes(448)) - 4c7984b5-42f1-4e4b-a334-601f88f38b33@group-AF0CBE3D3EB0-LeaderElection90 PRE_VOTE round 0: submit vote requests at term 1 for conf: {index: 0, cur=peers:[c7c0d573-77b1-47db-b09e-d84959a4a43f|127.0.0.1:15063, 486fef96-c6ec-41d9-a4ca-7ebb3d261081|127.0.0.1:15071, 4c7984b5-42f1-4e4b-a334-601f88f38b33|127.0.0.1:15079]|listeners:[], old=null}
2025-09-07 09:45:05,667 [4c7984b5-42f1-4e4b-a334-601f88f38b33@group-AF0CBE3D3EB0-LeaderElection90] INFO  impl.LeaderElection (LogUtils.java:infoOrTrace(142)) - 4c7984b5-42f1-4e4b-a334-601f88f38b33@group-AF0CBE3D3EB0-LeaderElection90 got exception when requesting votes: java.util.concurrent.ExecutionException: org.apache.ratis.thirdparty.io.grpc.StatusRuntimeException: UNAVAILABLE: io exception
2025-09-07 09:45:05,667 [4c7984b5-42f1-4e4b-a334-601f88f38b33@group-AF0CBE3D3EB0-LeaderElection90] INFO  impl.LeaderElection (LogUtils.java:infoOrTrace(142)) - 4c7984b5-42f1-4e4b-a334-601f88f38b33@group-AF0CBE3D3EB0-LeaderElection90 got exception when requesting votes: java.util.concurrent.ExecutionException: org.apache.ratis.thirdparty.io.grpc.StatusRuntimeException: UNAVAILABLE: io exception
2025-09-07 09:45:05,667 [4c7984b5-42f1-4e4b-a334-601f88f38b33@group-AF0CBE3D3EB0-LeaderElection90] INFO  impl.LeaderElection (LeaderElection.java:logAndReturn(206)) - 4c7984b5-42f1-4e4b-a334-601f88f38b33@group-AF0CBE3D3EB0-LeaderElection90: PRE_VOTE REJECTED received 0 response(s) and 2 exception(s):
2025-09-07 09:45:05,668 [4c7984b5-42f1-4e4b-a334-601f88f38b33@group-AF0CBE3D3EB0-LeaderElection90] INFO  impl.LeaderElection (LogUtils.java:infoOrTrace(142)) -   Exception 0: java.util.concurrent.ExecutionException: org.apache.ratis.thirdparty.io.grpc.StatusRuntimeException: UNAVAILABLE: io exception
2025-09-07 09:45:05,668 [4c7984b5-42f1-4e4b-a334-601f88f38b33@group-AF0CBE3D3EB0-LeaderElection90] INFO  impl.LeaderElection (LogUtils.java:infoOrTrace(142)) -   Exception 1: java.util.concurrent.ExecutionException: org.apache.ratis.thirdparty.io.grpc.StatusRuntimeException: UNAVAILABLE: io exception
2025-09-07 09:45:05,668 [4c7984b5-42f1-4e4b-a334-601f88f38b33@group-AF0CBE3D3EB0-LeaderElection90] INFO  impl.LeaderElection (LeaderElection.java:askForVotes(450)) - 4c7984b5-42f1-4e4b-a334-601f88f38b33@group-AF0CBE3D3EB0-LeaderElection90 PRE_VOTE round 0: result REJECTED
2025-09-07 09:45:05,668 [4c7984b5-42f1-4e4b-a334-601f88f38b33@group-AF0CBE3D3EB0-LeaderElection90] INFO  server.RaftServer$Division (RaftServerImpl.java:setRole(392)) - 4c7984b5-42f1-4e4b-a334-601f88f38b33@group-AF0CBE3D3EB0: changes role from CANDIDATE to FOLLOWER at term 1 for REJECTED
2025-09-07 09:45:05,668 [4c7984b5-42f1-4e4b-a334-601f88f38b33@group-AF0CBE3D3EB0-LeaderElection90] INFO  impl.RoleInfo (RoleInfo.java:shutdownLeaderElection(141)) - 4c7984b5-42f1-4e4b-a334-601f88f38b33: shutdown 4c7984b5-42f1-4e4b-a334-601f88f38b33@group-AF0CBE3D3EB0-LeaderElection90
2025-09-07 09:45:05,668 [4c7984b5-42f1-4e4b-a334-601f88f38b33@group-AF0CBE3D3EB0-LeaderElection90] INFO  impl.RoleInfo (RoleInfo.java:updateAndGet(148)) - 4c7984b5-42f1-4e4b-a334-601f88f38b33: start 4c7984b5-42f1-4e4b-a334-601f88f38b33@group-AF0CBE3D3EB0-FollowerState
2025-09-07 09:45:06,454 [timer4] INFO  server.GrpcServerProtocolService (GrpcServerProtocolService.java:lambda$onCompleted$6(171)) - 4c7984b5-42f1-4e4b-a334-601f88f38b33: Completed APPEND_ENTRIES, lastRequest: null  (Repeated 4 times in the last 5.000s)
2025-09-07 09:45:06,455 [timer7] INFO  server.GrpcServerProtocolService (GrpcServerProtocolService.java:lambda$null$7(175)) - c7c0d573-77b1-47db-b09e-d84959a4a43f: Completed APPEND_ENTRIES, lastReply: null  (Repeated 2 times in the last 5.001s)
2025-09-07 09:45:06,455 [timer6] INFO  server.GrpcServerProtocolService (GrpcServerProtocolService.java:lambda$onCompleted$6(171)) - c7c0d573-77b1-47db-b09e-d84959a4a43f: Completed APPEND_ENTRIES, lastRequest: 486fef96-c6ec-41d9-a4ca-7ebb3d261081->c7c0d573-77b1-47db-b09e-d84959a4a43f#153-t1,previous=(t:1, i:15),leaderCommit=15,initializing? false,entries: size=1, first=(t:1, i:16), METADATAENTRY(c:15)  (Repeated 2 times in the last 5.001s)
2025-09-07 09:45:06,456 [timer5] INFO  server.GrpcServerProtocolService (GrpcServerProtocolService.java:lambda$null$7(175)) - 4c7984b5-42f1-4e4b-a334-601f88f38b33: Completed APPEND_ENTRIES, lastReply: serverReply {
  requestorId: "c7c0d573-77b1-47db-b09e-d84959a4a43f"
  replyId: "4c7984b5-42f1-4e4b-a334-601f88f38b33"
  raftGroupId {
    id: "\000\'\032\351\216uE\217\276X\257\f\276=>\260"
  }
  callId: 119
  success: true
}
term: 1
nextIndex: 1
matchIndex: 18446744073709551615
isHearbeat: true
  (Repeated 4 times in the last 5.001s)
2025-09-07 09:45:06,461 [4c7984b5-42f1-4e4b-a334-601f88f38b33@group-7A90E47A063C-FollowerState] INFO  impl.FollowerState (FollowerState.java:lostMajorityHeartbeatsRecently(113)) - 4c7984b5-42f1-4e4b-a334-601f88f38b33@group-7A90E47A063C-FollowerState: Skipping leader election since it stepped down recently (elapsed = 1154ms < waitTime = 10s)
2025-09-07 09:45:06,491 [timer2] WARN  server.GrpcLogAppender (LogUtils.java:warn(127)) - c7c0d573-77b1-47db-b09e-d84959a4a43f@group-AF0CBE3D3EB0->486fef96-c6ec-41d9-a4ca-7ebb3d261081-AppendLogResponseHandler: Failed appendEntries (Repeated 14 times in the last 5.004s): org.apache.ratis.thirdparty.io.grpc.StatusRuntimeException: UNAVAILABLE: io exception
  Caused by: org.apache.ratis.thirdparty.io.netty.channel.AbstractChannel$AnnotatedConnectException: finishConnect(..) failed: Connection refused: /127.0.0.1:15071
  Caused by: java.net.ConnectException: finishConnect(..) failed: Connection refused
2025-09-07 09:45:06,493 [timer3] WARN  server.GrpcLogAppender (GrpcLogAppender.java:lambda$resetClient$1(228)) - c7c0d573-77b1-47db-b09e-d84959a4a43f@group-AF0CBE3D3EB0->486fef96-c6ec-41d9-a4ca-7ebb3d261081-GrpcLogAppender: Follower failed (request=null, errorCount=14); keep nextIndex (1) unchanged and retry. (Repeated 14 times in the last 5.005s)
2025-09-07 09:45:06,753 [4c7984b5-42f1-4e4b-a334-601f88f38b33@group-AF0CBE3D3EB0-FollowerState] INFO  impl.FollowerState (FollowerState.java:runImpl(161)) - 4c7984b5-42f1-4e4b-a334-601f88f38b33@group-AF0CBE3D3EB0-FollowerState: change to CANDIDATE, lastRpcElapsedTime:1085286294ns, electionTimeout:1085ms
2025-09-07 09:45:06,753 [4c7984b5-42f1-4e4b-a334-601f88f38b33@group-AF0CBE3D3EB0-FollowerState] INFO  impl.RoleInfo (RoleInfo.java:shutdownFollowerState(121)) - 4c7984b5-42f1-4e4b-a334-601f88f38b33: shutdown 4c7984b5-42f1-4e4b-a334-601f88f38b33@group-AF0CBE3D3EB0-FollowerState
2025-09-07 09:45:06,753 [4c7984b5-42f1-4e4b-a334-601f88f38b33@group-AF0CBE3D3EB0-FollowerState] INFO  server.RaftServer$Division (RaftServerImpl.java:setRole(392)) - 4c7984b5-42f1-4e4b-a334-601f88f38b33@group-AF0CBE3D3EB0: changes role from  FOLLOWER to CANDIDATE at term 1 for changeToCandidate
2025-09-07 09:45:06,753 [4c7984b5-42f1-4e4b-a334-601f88f38b33@group-AF0CBE3D3EB0-FollowerState] INFO  impl.RoleInfo (RoleInfo.java:updateAndGet(148)) - 4c7984b5-42f1-4e4b-a334-601f88f38b33: start 4c7984b5-42f1-4e4b-a334-601f88f38b33@group-AF0CBE3D3EB0-LeaderElection91
2025-09-07 09:45:06,754 [4c7984b5-42f1-4e4b-a334-601f88f38b33@group-AF0CBE3D3EB0-LeaderElection91] INFO  impl.LeaderElection (LeaderElection.java:askForVotes(448)) - 4c7984b5-42f1-4e4b-a334-601f88f38b33@group-AF0CBE3D3EB0-LeaderElection91 PRE_VOTE round 0: submit vote requests at term 1 for conf: {index: 0, cur=peers:[c7c0d573-77b1-47db-b09e-d84959a4a43f|127.0.0.1:15063, 486fef96-c6ec-41d9-a4ca-7ebb3d261081|127.0.0.1:15071, 4c7984b5-42f1-4e4b-a334-601f88f38b33|127.0.0.1:15079]|listeners:[], old=null}
2025-09-07 09:45:06,754 [4c7984b5-42f1-4e4b-a334-601f88f38b33@group-AF0CBE3D3EB0-LeaderElection91] INFO  impl.LeaderElection (LogUtils.java:infoOrTrace(142)) - 4c7984b5-42f1-4e4b-a334-601f88f38b33@group-AF0CBE3D3EB0-LeaderElection91 got exception when requesting votes: java.util.concurrent.ExecutionException: org.apache.ratis.thirdparty.io.grpc.StatusRuntimeException: UNAVAILABLE: io exception
2025-09-07 09:45:06,754 [4c7984b5-42f1-4e4b-a334-601f88f38b33@group-AF0CBE3D3EB0-LeaderElection91] INFO  impl.LeaderElection (LogUtils.java:infoOrTrace(142)) - 4c7984b5-42f1-4e4b-a334-601f88f38b33@group-AF0CBE3D3EB0-LeaderElection91 got exception when requesting votes: java.util.concurrent.ExecutionException: org.apache.ratis.thirdparty.io.grpc.StatusRuntimeException: UNAVAILABLE: io exception
2025-09-07 09:45:06,754 [4c7984b5-42f1-4e4b-a334-601f88f38b33@group-AF0CBE3D3EB0-LeaderElection91] INFO  impl.LeaderElection (LeaderElection.java:logAndReturn(206)) - 4c7984b5-42f1-4e4b-a334-601f88f38b33@group-AF0CBE3D3EB0-LeaderElection91: PRE_VOTE REJECTED received 0 response(s) and 2 exception(s):
2025-09-07 09:45:06,755 [4c7984b5-42f1-4e4b-a334-601f88f38b33@group-AF0CBE3D3EB0-LeaderElection91] INFO  impl.LeaderElection (LogUtils.java:infoOrTrace(142)) -   Exception 0: java.util.concurrent.ExecutionException: org.apache.ratis.thirdparty.io.grpc.StatusRuntimeException: UNAVAILABLE: io exception
2025-09-07 09:45:06,755 [4c7984b5-42f1-4e4b-a334-601f88f38b33@group-AF0CBE3D3EB0-LeaderElection91] INFO  impl.LeaderElection (LogUtils.java:infoOrTrace(142)) -   Exception 1: java.util.concurrent.ExecutionException: org.apache.ratis.thirdparty.io.grpc.StatusRuntimeException: UNAVAILABLE: io exception
2025-09-07 09:45:06,755 [4c7984b5-42f1-4e4b-a334-601f88f38b33@group-AF0CBE3D3EB0-LeaderElection91] INFO  impl.LeaderElection (LeaderElection.java:askForVotes(450)) - 4c7984b5-42f1-4e4b-a334-601f88f38b33@group-AF0CBE3D3EB0-LeaderElection91 PRE_VOTE round 0: result REJECTED
2025-09-07 09:45:06,755 [4c7984b5-42f1-4e4b-a334-601f88f38b33@group-AF0CBE3D3EB0-LeaderElection91] INFO  server.RaftServer$Division (RaftServerImpl.java:setRole(392)) - 4c7984b5-42f1-4e4b-a334-601f88f38b33@group-AF0CBE3D3EB0: changes role from CANDIDATE to FOLLOWER at term 1 for REJECTED
2025-09-07 09:45:06,755 [4c7984b5-42f1-4e4b-a334-601f88f38b33@group-AF0CBE3D3EB0-LeaderElection91] INFO  impl.RoleInfo (RoleInfo.java:shutdownLeaderElection(141)) - 4c7984b5-42f1-4e4b-a334-601f88f38b33: shutdown 4c7984b5-42f1-4e4b-a334-601f88f38b33@group-AF0CBE3D3EB0-LeaderElection91
2025-09-07 09:45:06,755 [4c7984b5-42f1-4e4b-a334-601f88f38b33@group-AF0CBE3D3EB0-LeaderElection91] INFO  impl.RoleInfo (RoleInfo.java:updateAndGet(148)) - 4c7984b5-42f1-4e4b-a334-601f88f38b33: start 4c7984b5-42f1-4e4b-a334-601f88f38b33@group-AF0CBE3D3EB0-FollowerState
2025-09-07 09:45:07,082 [ForkJoinPool-1-worker-1] INFO  utils.DatanodeStoreCache (DatanodeStoreCache.java:shutdownCache(110)) - Skip clearing cache in mini cluster mode. Entries left: [/home/runner/work/ozone/ozone/hadoop-ozone/integration-test/target/test-dir/MiniOzoneClusterImpl-023d5a78-e64c-43f3-a4d9-6f7884931d6c/ozone-metadata/datanode-1/data-0/hdds/023d5a78-e64c-43f3-a4d9-6f7884931d6c/DS-5fbd3f51-2257-4844-a78a-38b1b6d3b151/container.db, /home/runner/work/ozone/ozone/hadoop-ozone/integration-test/target/test-dir/MiniOzoneClusterImpl-023d5a78-e64c-43f3-a4d9-6f7884931d6c/ozone-metadata/datanode-10/data-0/hdds/023d5a78-e64c-43f3-a4d9-6f7884931d6c/DS-84c6fba7-595d-4177-8ffc-7588853120c4/container.db, /home/runner/work/ozone/ozone/hadoop-ozone/integration-test/target/test-dir/MiniOzoneClusterImpl-023d5a78-e64c-43f3-a4d9-6f7884931d6c/ozone-metadata/datanode-2/data-0/hdds/023d5a78-e64c-43f3-a4d9-6f7884931d6c/DS-bea88637-aed5-486c-a715-f30d7867fd4b/container.db, /home/runner/work/ozone/ozone/hadoop-ozone/integration-test/target/test-dir/MiniOzoneClusterImpl-023d5a78-e64c-43f3-a4d9-6f7884931d6c/ozone-metadata/datanode-3/data-0/hdds/023d5a78-e64c-43f3-a4d9-6f7884931d6c/DS-8f593202-9c4b-47bd-8b22-f98b2017cb5e/container.db, /home/runner/work/ozone/ozone/hadoop-ozone/integration-test/target/test-dir/MiniOzoneClusterImpl-023d5a78-e64c-43f3-a4d9-6f7884931d6c/ozone-metadata/datanode-4/data-0/hdds/023d5a78-e64c-43f3-a4d9-6f7884931d6c/DS-670d5789-61e1-408c-a8be-006216e53fc7/container.db, /home/runner/work/ozone/ozone/hadoop-ozone/integration-test/target/test-dir/MiniOzoneClusterImpl-023d5a78-e64c-43f3-a4d9-6f7884931d6c/ozone-metadata/datanode-5/data-0/hdds/023d5a78-e64c-43f3-a4d9-6f7884931d6c/DS-ba4d3214-2eca-4c53-96e2-3c88d4f4b29f/container.db, /home/runner/work/ozone/ozone/hadoop-ozone/integration-test/target/test-dir/MiniOzoneClusterImpl-023d5a78-e64c-43f3-a4d9-6f7884931d6c/ozone-metadata/datanode-6/data-0/hdds/023d5a78-e64c-43f3-a4d9-6f7884931d6c/DS-c5c95cee-9ff3-461a-9937-607d9784b933/container.db, /home/runner/work/ozone/ozone/hadoop-ozone/integration-test/target/test-dir/MiniOzoneClusterImpl-023d5a78-e64c-43f3-a4d9-6f7884931d6c/ozone-metadata/datanode-7/data-0/hdds/023d5a78-e64c-43f3-a4d9-6f7884931d6c/DS-7d6b5525-c31c-4cde-b529-f7d3e2c4ede0/container.db, /home/runner/work/ozone/ozone/hadoop-ozone/integration-test/target/test-dir/MiniOzoneClusterImpl-023d5a78-e64c-43f3-a4d9-6f7884931d6c/ozone-metadata/datanode-9/data-0/hdds/023d5a78-e64c-43f3-a4d9-6f7884931d6c/DS-a111d4ad-79ac-4961-bf93-2799ac6eaee3/container.db]
2025-09-07 09:45:07,087 [ForkJoinPool-1-worker-1] INFO  utils.DatanodeStoreCache (DatanodeStoreCache.java:removeDB(104)) - Removed db /home/runner/work/ozone/ozone/hadoop-ozone/integration-test/target/test-dir/MiniOzoneClusterImpl-023d5a78-e64c-43f3-a4d9-6f7884931d6c/ozone-metadata/datanode-7/data-0/hdds/023d5a78-e64c-43f3-a4d9-6f7884931d6c/DS-7d6b5525-c31c-4cde-b529-f7d3e2c4ede0/container.db from cache
2025-09-07 09:45:07,087 [ForkJoinPool-1-worker-1] INFO  volume.HddsVolume (HddsVolume.java:closeDbStore(609)) - SchemaV3 db is stopped at /home/runner/work/ozone/ozone/hadoop-ozone/integration-test/target/test-dir/MiniOzoneClusterImpl-023d5a78-e64c-43f3-a4d9-6f7884931d6c/ozone-metadata/datanode-7/data-0/hdds/023d5a78-e64c-43f3-a4d9-6f7884931d6c/DS-7d6b5525-c31c-4cde-b529-f7d3e2c4ede0/container.db for volume DS-7d6b5525-c31c-4cde-b529-f7d3e2c4ede0
2025-09-07 09:45:07,087 [ForkJoinPool-1-worker-1] INFO  utils.BackgroundService (BackgroundService.java:shutdown(195)) - Shutting down service BlockDeletingService
2025-09-07 09:45:07,091 [ForkJoinPool-1-worker-1] INFO  utils.BackgroundService (BackgroundService.java:shutdown(195)) - Shutting down service StaleRecoveringContainerScrubbingService
2025-09-07 09:45:07,093 [ForkJoinPool-1-worker-1] INFO  statemachine.DatanodeStateMachine (DatanodeStateMachine.java:stopDaemon(637)) - Ozone container server stopped.
2025-09-07 09:45:07,109 [ForkJoinPool-1-worker-1] INFO  handler.ContextHandler (ContextHandler.java:doStop(1159)) - Stopped o.e.j.w.WebAppContext@61babe41{hddsDatanode,/,null,STOPPED}{jar:file:/home/runner/work/ozone/ozone/hadoop-hdds/container-service/target/hdds-container-service-2.1.0-SNAPSHOT.jar!/webapps/hddsDatanode}
2025-09-07 09:45:07,110 [ForkJoinPool-1-worker-1] INFO  server.AbstractConnector (AbstractConnector.java:doStop(383)) - Stopped ServerConnector@15b46e8e{HTTP/1.1, (http/1.1)}{0.0.0.0:15058}
2025-09-07 09:45:07,110 [ForkJoinPool-1-worker-1] INFO  server.session (HouseKeeper.java:stopScavenging(149)) - node0 Stopped scavenging
2025-09-07 09:45:07,110 [ForkJoinPool-1-worker-1] INFO  handler.ContextHandler (ContextHandler.java:doStop(1159)) - Stopped o.e.j.s.ServletContextHandler@77cc54d1{static,/static,jar:file:/home/runner/work/ozone/ozone/hadoop-hdds/container-service/target/hdds-container-service-2.1.0-SNAPSHOT.jar!/webapps/static,STOPPED}
2025-09-07 09:45:07,110 [ForkJoinPool-1-worker-1] INFO  handler.ContextHandler (ContextHandler.java:doStop(1159)) - Stopped o.e.j.s.ServletContextHandler@2bcba760{logs,/logs,file:///home/runner/work/ozone/ozone/hadoop-ozone/integration-test/target/log,STOPPED}
2025-09-07 09:45:07,111 [ForkJoinPool-1-worker-1] INFO  ozone.HddsDatanodeClientProtocolServer (HddsDatanodeClientProtocolServer.java:stop(82)) - Stopping the RPC server for Client Protocol
2025-09-07 09:45:07,111 [ForkJoinPool-1-worker-1] INFO  ipc.Server (Server.java:stop(3697)) - Stopping server on 15059
2025-09-07 09:45:07,113 [IPC Server listener on 15059] INFO  ipc.Server (Server.java:run(1585)) - Stopping IPC Server listener on 15059
2025-09-07 09:45:07,113 [IPC Server Responder] INFO  ipc.Server (Server.java:run(1718)) - Stopping IPC Server Responder
2025-09-07 09:45:07,116 [grpc-default-executor-6] ERROR impl.OrderedAsync (OrderedAsync.java:lambda$null$6(215)) -  client-C3B9DB0FB337: Failed* RaftClientRequest:client-C3B9DB0FB337->c7c0d573-77b1-47db-b09e-d84959a4a43f@group-AF0CBE3D3EB0, cid=41, seq=1*, Watch(0), null
java.util.concurrent.CompletionException: java.io.IOException: org.apache.ratis.thirdparty.io.grpc.StatusRuntimeException: UNAVAILABLE: io exception
	at java.base/java.util.concurrent.CompletableFuture.encodeThrowable(CompletableFuture.java:332)
	at java.base/java.util.concurrent.CompletableFuture.completeThrowable(CompletableFuture.java:347)
	at java.base/java.util.concurrent.CompletableFuture$UniAccept.tryFire(CompletableFuture.java:708)
	at java.base/java.util.concurrent.CompletableFuture.postComplete(CompletableFuture.java:510)
	at java.base/java.util.concurrent.CompletableFuture.completeExceptionally(CompletableFuture.java:2194)
	at org.apache.ratis.grpc.client.GrpcClientProtocolClient$AsyncStreamObservers.completeReplyExceptionally(GrpcClientProtocolClient.java:397)
	at org.apache.ratis.grpc.client.GrpcClientProtocolClient$AsyncStreamObservers.access$000(GrpcClientProtocolClient.java:303)
	at org.apache.ratis.grpc.client.GrpcClientProtocolClient$AsyncStreamObservers$1.onError(GrpcClientProtocolClient.java:334)
	at org.apache.ratis.thirdparty.io.grpc.stub.ClientCalls$StreamObserverToCallListenerAdapter.onClose(ClientCalls.java:564)
	at org.apache.ratis.thirdparty.io.grpc.PartialForwardingClientCallListener.onClose(PartialForwardingClientCallListener.java:39)
	at org.apache.ratis.thirdparty.io.grpc.ForwardingClientCallListener.onClose(ForwardingClientCallListener.java:23)
	at org.apache.ratis.grpc.metrics.intercept.client.MetricClientCallListener.onClose(MetricClientCallListener.java:47)
	at org.apache.ratis.thirdparty.io.grpc.internal.ClientCallImpl.closeObserver(ClientCallImpl.java:565)
	at org.apache.ratis.thirdparty.io.grpc.internal.ClientCallImpl.access$100(ClientCallImpl.java:72)
	at org.apache.ratis.thirdparty.io.grpc.internal.ClientCallImpl$ClientStreamListenerImpl$1StreamClosed.runInternal(ClientCallImpl.java:733)
	at org.apache.ratis.thirdparty.io.grpc.internal.ClientCallImpl$ClientStreamListenerImpl$1StreamClosed.runInContext(ClientCallImpl.java:714)
	at org.apache.ratis.thirdparty.io.grpc.internal.ContextRunnable.run(ContextRunnable.java:37)
	at org.apache.ratis.thirdparty.io.grpc.internal.SerializingExecutor.run(SerializingExecutor.java:133)
	at java.base/java.util.concurrent.ThreadPoolExecutor.runWorker(ThreadPoolExecutor.java:1144)
	at java.base/java.util.concurrent.ThreadPoolExecutor$Worker.run(ThreadPoolExecutor.java:642)
	at java.base/java.lang.Thread.run(Thread.java:1583)
Caused by: java.io.IOException: org.apache.ratis.thirdparty.io.grpc.StatusRuntimeException: UNAVAILABLE: io exception
	at org.apache.ratis.grpc.GrpcUtil.unwrapException(GrpcUtil.java:99)
	at org.apache.ratis.grpc.GrpcUtil.unwrapIOException(GrpcUtil.java:159)
	at org.apache.ratis.grpc.client.GrpcClientProtocolClient$AsyncStreamObservers$1.onError(GrpcClientProtocolClient.java:333)
	... 13 more
Caused by: org.apache.ratis.thirdparty.io.grpc.StatusRuntimeException: UNAVAILABLE: io exception
	at org.apache.ratis.thirdparty.io.grpc.Status.asRuntimeException(Status.java:532)
	... 13 more
Caused by: org.apache.ratis.thirdparty.io.netty.channel.AbstractChannel$AnnotatedConnectException: finishConnect(..) failed: Connection refused: /127.0.0.1:15061
Caused by: java.net.ConnectException: finishConnect(..) failed: Connection refused
	at org.apache.ratis.thirdparty.io.netty.channel.unix.Errors.newConnectException0(Errors.java:166)
	at org.apache.ratis.thirdparty.io.netty.channel.unix.Errors.handleConnectErrno(Errors.java:131)
	at org.apache.ratis.thirdparty.io.netty.channel.unix.Socket.finishConnect(Socket.java:359)
	at org.apache.ratis.thirdparty.io.netty.channel.epoll.AbstractEpollChannel$AbstractEpollUnsafe.doFinishConnect(AbstractEpollChannel.java:715)
	at org.apache.ratis.thirdparty.io.netty.channel.epoll.AbstractEpollChannel$AbstractEpollUnsafe.finishConnect(AbstractEpollChannel.java:692)
	at org.apache.ratis.thirdparty.io.netty.channel.epoll.AbstractEpollChannel$AbstractEpollUnsafe.epollOutReady(AbstractEpollChannel.java:567)
	at org.apache.ratis.thirdparty.io.netty.channel.epoll.EpollEventLoop.processReady(EpollEventLoop.java:491)
	at org.apache.ratis.thirdparty.io.netty.channel.epoll.EpollEventLoop.run(EpollEventLoop.java:399)
	at org.apache.ratis.thirdparty.io.netty.util.concurrent.SingleThreadEventExecutor$4.run(SingleThreadEventExecutor.java:998)
	at org.apache.ratis.thirdparty.io.netty.util.internal.ThreadExecutorMap$2.run(ThreadExecutorMap.java:74)
	at org.apache.ratis.thirdparty.io.netty.util.concurrent.FastThreadLocalRunnable.run(FastThreadLocalRunnable.java:30)
	at java.base/java.lang.Thread.run(Thread.java:1583)
2025-09-07 09:45:07,615 [4c7984b5-42f1-4e4b-a334-601f88f38b33@group-7A90E47A063C-FollowerState] INFO  impl.FollowerState (FollowerState.java:lostMajorityHeartbeatsRecently(113)) - 4c7984b5-42f1-4e4b-a334-601f88f38b33@group-7A90E47A063C-FollowerState: Skipping leader election since it stepped down recently (elapsed = 2308ms < waitTime = 10s)
2025-09-07 09:45:07,889 [timer0] WARN  server.GrpcLogAppender (LogUtils.java:warn(127)) - 4c7984b5-42f1-4e4b-a334-601f88f38b33@group-7A90E47A063C->486fef96-c6ec-41d9-a4ca-7ebb3d261081-AppendLogResponseHandler: Failed appendEntries (Repeated 16 times in the last 5.001s): org.apache.ratis.thirdparty.io.grpc.StatusRuntimeException: UNAVAILABLE: io exception
  Caused by: org.apache.ratis.thirdparty.io.netty.channel.AbstractChannel$AnnotatedConnectException: finishConnect(..) failed: Connection refused: /127.0.0.1:15071
  Caused by: java.net.ConnectException: finishConnect(..) failed: Connection refused
2025-09-07 09:45:07,891 [timer3] WARN  server.GrpcLogAppender (GrpcLogAppender.java:lambda$resetClient$1(228)) - 4c7984b5-42f1-4e4b-a334-601f88f38b33@group-7A90E47A063C->486fef96-c6ec-41d9-a4ca-7ebb3d261081-GrpcLogAppender: Follower failed (request=null, errorCount=4); keep nextIndex (18) unchanged and retry. (Repeated 3 times in the last 5.000s)
2025-09-07 09:45:07,903 [timer0] WARN  server.GrpcLogAppender (GrpcLogAppender.java:lambda$resetClient$1(228)) - 4c7984b5-42f1-4e4b-a334-601f88f38b33@group-7A90E47A063C->486fef96-c6ec-41d9-a4ca-7ebb3d261081-GrpcLogAppender: Follower failed (request=null, errorCount=16); keep nextIndex (19) unchanged and retry. (Repeated 12 times in the last 5.000s)
2025-09-07 09:45:07,912 [4c7984b5-42f1-4e4b-a334-601f88f38b33@group-AF0CBE3D3EB0-FollowerState] INFO  impl.FollowerState (FollowerState.java:runImpl(161)) - 4c7984b5-42f1-4e4b-a334-601f88f38b33@group-AF0CBE3D3EB0-FollowerState: change to CANDIDATE, lastRpcElapsedTime:1157353747ns, electionTimeout:1157ms
2025-09-07 09:45:07,912 [4c7984b5-42f1-4e4b-a334-601f88f38b33@group-AF0CBE3D3EB0-FollowerState] INFO  impl.RoleInfo (RoleInfo.java:shutdownFollowerState(121)) - 4c7984b5-42f1-4e4b-a334-601f88f38b33: shutdown 4c7984b5-42f1-4e4b-a334-601f88f38b33@group-AF0CBE3D3EB0-FollowerState
2025-09-07 09:45:07,912 [4c7984b5-42f1-4e4b-a334-601f88f38b33@group-AF0CBE3D3EB0-FollowerState] INFO  server.RaftServer$Division (RaftServerImpl.java:setRole(392)) - 4c7984b5-42f1-4e4b-a334-601f88f38b33@group-AF0CBE3D3EB0: changes role from  FOLLOWER to CANDIDATE at term 1 for changeToCandidate
2025-09-07 09:45:07,912 [4c7984b5-42f1-4e4b-a334-601f88f38b33@group-AF0CBE3D3EB0-FollowerState] INFO  impl.RoleInfo (RoleInfo.java:updateAndGet(148)) - 4c7984b5-42f1-4e4b-a334-601f88f38b33: start 4c7984b5-42f1-4e4b-a334-601f88f38b33@group-AF0CBE3D3EB0-LeaderElection92
2025-09-07 09:45:07,913 [4c7984b5-42f1-4e4b-a334-601f88f38b33@group-AF0CBE3D3EB0-LeaderElection92] INFO  impl.LeaderElection (LeaderElection.java:askForVotes(448)) - 4c7984b5-42f1-4e4b-a334-601f88f38b33@group-AF0CBE3D3EB0-LeaderElection92 PRE_VOTE round 0: submit vote requests at term 1 for conf: {index: 0, cur=peers:[c7c0d573-77b1-47db-b09e-d84959a4a43f|127.0.0.1:15063, 486fef96-c6ec-41d9-a4ca-7ebb3d261081|127.0.0.1:15071, 4c7984b5-42f1-4e4b-a334-601f88f38b33|127.0.0.1:15079]|listeners:[], old=null}
2025-09-07 09:45:07,913 [4c7984b5-42f1-4e4b-a334-601f88f38b33@group-AF0CBE3D3EB0-LeaderElection92] INFO  impl.LeaderElection (LogUtils.java:infoOrTrace(142)) - 4c7984b5-42f1-4e4b-a334-601f88f38b33@group-AF0CBE3D3EB0-LeaderElection92 got exception when requesting votes: java.util.concurrent.ExecutionException: org.apache.ratis.thirdparty.io.grpc.StatusRuntimeException: UNAVAILABLE: io exception
2025-09-07 09:45:07,913 [4c7984b5-42f1-4e4b-a334-601f88f38b33@group-AF0CBE3D3EB0-LeaderElection92] INFO  impl.LeaderElection (LogUtils.java:infoOrTrace(142)) - 4c7984b5-42f1-4e4b-a334-601f88f38b33@group-AF0CBE3D3EB0-LeaderElection92 got exception when requesting votes: java.util.concurrent.ExecutionException: org.apache.ratis.thirdparty.io.grpc.StatusRuntimeException: UNAVAILABLE: io exception
2025-09-07 09:45:07,913 [4c7984b5-42f1-4e4b-a334-601f88f38b33@group-AF0CBE3D3EB0-LeaderElection92] INFO  impl.LeaderElection (LeaderElection.java:logAndReturn(206)) - 4c7984b5-42f1-4e4b-a334-601f88f38b33@group-AF0CBE3D3EB0-LeaderElection92: PRE_VOTE REJECTED received 0 response(s) and 2 exception(s):
2025-09-07 09:45:07,913 [4c7984b5-42f1-4e4b-a334-601f88f38b33@group-AF0CBE3D3EB0-LeaderElection92] INFO  impl.LeaderElection (LogUtils.java:infoOrTrace(142)) -   Exception 0: java.util.concurrent.ExecutionException: org.apache.ratis.thirdparty.io.grpc.StatusRuntimeException: UNAVAILABLE: io exception
2025-09-07 09:45:07,913 [4c7984b5-42f1-4e4b-a334-601f88f38b33@group-AF0CBE3D3EB0-LeaderElection92] INFO  impl.LeaderElection (LogUtils.java:infoOrTrace(142)) -   Exception 1: java.util.concurrent.ExecutionException: org.apache.ratis.thirdparty.io.grpc.StatusRuntimeException: UNAVAILABLE: io exception
2025-09-07 09:45:07,914 [4c7984b5-42f1-4e4b-a334-601f88f38b33@group-AF0CBE3D3EB0-LeaderElection92] INFO  impl.LeaderElection (LeaderElection.java:askForVotes(450)) - 4c7984b5-42f1-4e4b-a334-601f88f38b33@group-AF0CBE3D3EB0-LeaderElection92 PRE_VOTE round 0: result REJECTED
2025-09-07 09:45:07,914 [4c7984b5-42f1-4e4b-a334-601f88f38b33@group-AF0CBE3D3EB0-LeaderElection92] INFO  server.RaftServer$Division (RaftServerImpl.java:setRole(392)) - 4c7984b5-42f1-4e4b-a334-601f88f38b33@group-AF0CBE3D3EB0: changes role from CANDIDATE to FOLLOWER at term 1 for REJECTED
2025-09-07 09:45:07,914 [4c7984b5-42f1-4e4b-a334-601f88f38b33@group-AF0CBE3D3EB0-LeaderElection92] INFO  impl.RoleInfo (RoleInfo.java:shutdownLeaderElection(141)) - 4c7984b5-42f1-4e4b-a334-601f88f38b33: shutdown 4c7984b5-42f1-4e4b-a334-601f88f38b33@group-AF0CBE3D3EB0-LeaderElection92
2025-09-07 09:45:07,914 [4c7984b5-42f1-4e4b-a334-601f88f38b33@group-AF0CBE3D3EB0-LeaderElection92] INFO  impl.RoleInfo (RoleInfo.java:updateAndGet(148)) - 4c7984b5-42f1-4e4b-a334-601f88f38b33: start 4c7984b5-42f1-4e4b-a334-601f88f38b33@group-AF0CBE3D3EB0-FollowerState
2025-09-07 09:45:08,671 [4c7984b5-42f1-4e4b-a334-601f88f38b33@group-7A90E47A063C-FollowerState] INFO  impl.FollowerState (FollowerState.java:lostMajorityHeartbeatsRecently(113)) - 4c7984b5-42f1-4e4b-a334-601f88f38b33@group-7A90E47A063C-FollowerState: Skipping leader election since it stepped down recently (elapsed = 3364ms < waitTime = 10s)
2025-09-07 09:45:08,943 [4c7984b5-42f1-4e4b-a334-601f88f38b33@group-AF0CBE3D3EB0-FollowerState] INFO  impl.FollowerState (FollowerState.java:runImpl(161)) - 4c7984b5-42f1-4e4b-a334-601f88f38b33@group-AF0CBE3D3EB0-FollowerState: change to CANDIDATE, lastRpcElapsedTime:1029355908ns, electionTimeout:1029ms
2025-09-07 09:45:08,943 [4c7984b5-42f1-4e4b-a334-601f88f38b33@group-AF0CBE3D3EB0-FollowerState] INFO  impl.RoleInfo (RoleInfo.java:shutdownFollowerState(121)) - 4c7984b5-42f1-4e4b-a334-601f88f38b33: shutdown 4c7984b5-42f1-4e4b-a334-601f88f38b33@group-AF0CBE3D3EB0-FollowerState
2025-09-07 09:45:08,943 [4c7984b5-42f1-4e4b-a334-601f88f38b33@group-AF0CBE3D3EB0-FollowerState] INFO  server.RaftServer$Division (RaftServerImpl.java:setRole(392)) - 4c7984b5-42f1-4e4b-a334-601f88f38b33@group-AF0CBE3D3EB0: changes role from  FOLLOWER to CANDIDATE at term 1 for changeToCandidate
2025-09-07 09:45:08,943 [4c7984b5-42f1-4e4b-a334-601f88f38b33@group-AF0CBE3D3EB0-FollowerState] INFO  impl.RoleInfo (RoleInfo.java:updateAndGet(148)) - 4c7984b5-42f1-4e4b-a334-601f88f38b33: start 4c7984b5-42f1-4e4b-a334-601f88f38b33@group-AF0CBE3D3EB0-LeaderElection93
2025-09-07 09:45:08,944 [4c7984b5-42f1-4e4b-a334-601f88f38b33@group-AF0CBE3D3EB0-LeaderElection93] INFO  impl.LeaderElection (LeaderElection.java:askForVotes(448)) - 4c7984b5-42f1-4e4b-a334-601f88f38b33@group-AF0CBE3D3EB0-LeaderElection93 PRE_VOTE round 0: submit vote requests at term 1 for conf: {index: 0, cur=peers:[c7c0d573-77b1-47db-b09e-d84959a4a43f|127.0.0.1:15063, 486fef96-c6ec-41d9-a4ca-7ebb3d261081|127.0.0.1:15071, 4c7984b5-42f1-4e4b-a334-601f88f38b33|127.0.0.1:15079]|listeners:[], old=null}
2025-09-07 09:45:08,944 [4c7984b5-42f1-4e4b-a334-601f88f38b33@group-AF0CBE3D3EB0-LeaderElection93] INFO  impl.LeaderElection (LogUtils.java:infoOrTrace(142)) - 4c7984b5-42f1-4e4b-a334-601f88f38b33@group-AF0CBE3D3EB0-LeaderElection93 got exception when requesting votes: java.util.concurrent.ExecutionException: org.apache.ratis.thirdparty.io.grpc.StatusRuntimeException: UNAVAILABLE: io exception
2025-09-07 09:45:08,944 [4c7984b5-42f1-4e4b-a334-601f88f38b33@group-AF0CBE3D3EB0-LeaderElection93] INFO  impl.LeaderElection (LogUtils.java:infoOrTrace(142)) - 4c7984b5-42f1-4e4b-a334-601f88f38b33@group-AF0CBE3D3EB0-LeaderElection93 got exception when requesting votes: java.util.concurrent.ExecutionException: org.apache.ratis.thirdparty.io.grpc.StatusRuntimeException: UNAVAILABLE: io exception
2025-09-07 09:45:08,945 [4c7984b5-42f1-4e4b-a334-601f88f38b33@group-AF0CBE3D3EB0-LeaderElection93] INFO  impl.LeaderElection (LeaderElection.java:logAndReturn(206)) - 4c7984b5-42f1-4e4b-a334-601f88f38b33@group-AF0CBE3D3EB0-LeaderElection93: PRE_VOTE REJECTED received 0 response(s) and 2 exception(s):
2025-09-07 09:45:08,945 [4c7984b5-42f1-4e4b-a334-601f88f38b33@group-AF0CBE3D3EB0-LeaderElection93] INFO  impl.LeaderElection (LogUtils.java:infoOrTrace(142)) -   Exception 0: java.util.concurrent.ExecutionException: org.apache.ratis.thirdparty.io.grpc.StatusRuntimeException: UNAVAILABLE: io exception
2025-09-07 09:45:08,945 [4c7984b5-42f1-4e4b-a334-601f88f38b33@group-AF0CBE3D3EB0-LeaderElection93] INFO  impl.LeaderElection (LogUtils.java:infoOrTrace(142)) -   Exception 1: java.util.concurrent.ExecutionException: org.apache.ratis.thirdparty.io.grpc.StatusRuntimeException: UNAVAILABLE: io exception
2025-09-07 09:45:08,945 [4c7984b5-42f1-4e4b-a334-601f88f38b33@group-AF0CBE3D3EB0-LeaderElection93] INFO  impl.LeaderElection (LeaderElection.java:askForVotes(450)) - 4c7984b5-42f1-4e4b-a334-601f88f38b33@group-AF0CBE3D3EB0-LeaderElection93 PRE_VOTE round 0: result REJECTED
2025-09-07 09:45:08,945 [4c7984b5-42f1-4e4b-a334-601f88f38b33@group-AF0CBE3D3EB0-LeaderElection93] INFO  server.RaftServer$Division (RaftServerImpl.java:setRole(392)) - 4c7984b5-42f1-4e4b-a334-601f88f38b33@group-AF0CBE3D3EB0: changes role from CANDIDATE to FOLLOWER at term 1 for REJECTED
2025-09-07 09:45:08,945 [4c7984b5-42f1-4e4b-a334-601f88f38b33@group-AF0CBE3D3EB0-LeaderElection93] INFO  impl.RoleInfo (RoleInfo.java:shutdownLeaderElection(141)) - 4c7984b5-42f1-4e4b-a334-601f88f38b33: shutdown 4c7984b5-42f1-4e4b-a334-601f88f38b33@group-AF0CBE3D3EB0-LeaderElection93
2025-09-07 09:45:08,945 [4c7984b5-42f1-4e4b-a334-601f88f38b33@group-AF0CBE3D3EB0-LeaderElection93] INFO  impl.RoleInfo (RoleInfo.java:updateAndGet(148)) - 4c7984b5-42f1-4e4b-a334-601f88f38b33: start 4c7984b5-42f1-4e4b-a334-601f88f38b33@group-AF0CBE3D3EB0-FollowerState
2025-09-07 09:45:09,362 [timer4] WARN  server.GrpcLogAppender (GrpcLogAppender.java:lambda$resetClient$1(228)) - 4c7984b5-42f1-4e4b-a334-601f88f38b33@group-7A90E47A063C->c7c0d573-77b1-47db-b09e-d84959a4a43f-GrpcLogAppender: Follower failed (request=null, errorCount=10); keep nextIndex (19) unchanged and retry. (Repeated 10 times in the last 5.000s)
2025-09-07 09:45:09,362 [timer3] WARN  server.GrpcLogAppender (LogUtils.java:warn(127)) - 4c7984b5-42f1-4e4b-a334-601f88f38b33@group-7A90E47A063C->c7c0d573-77b1-47db-b09e-d84959a4a43f-AppendLogResponseHandler: Failed appendEntries (Repeated 10 times in the last 5.001s): org.apache.ratis.thirdparty.io.grpc.StatusRuntimeException: UNAVAILABLE: io exception
  Caused by: org.apache.ratis.thirdparty.io.netty.channel.AbstractChannel$AnnotatedConnectException: finishConnect(..) failed: Connection refused: /127.0.0.1:15063
  Caused by: java.net.ConnectException: finishConnect(..) failed: Connection refused
2025-09-07 09:45:09,745 [4c7984b5-42f1-4e4b-a334-601f88f38b33@group-7A90E47A063C-FollowerState] INFO  impl.FollowerState (FollowerState.java:lostMajorityHeartbeatsRecently(113)) - 4c7984b5-42f1-4e4b-a334-601f88f38b33@group-7A90E47A063C-FollowerState: Skipping leader election since it stepped down recently (elapsed = 4437ms < waitTime = 10s)
2025-09-07 09:45:10,031 [4c7984b5-42f1-4e4b-a334-601f88f38b33@group-AF0CBE3D3EB0-FollowerState] INFO  impl.FollowerState (FollowerState.java:runImpl(161)) - 4c7984b5-42f1-4e4b-a334-601f88f38b33@group-AF0CBE3D3EB0-FollowerState: change to CANDIDATE, lastRpcElapsedTime:1086320725ns, electionTimeout:1086ms
2025-09-07 09:45:10,031 [4c7984b5-42f1-4e4b-a334-601f88f38b33@group-AF0CBE3D3EB0-FollowerState] INFO  impl.RoleInfo (RoleInfo.java:shutdownFollowerState(121)) - 4c7984b5-42f1-4e4b-a334-601f88f38b33: shutdown 4c7984b5-42f1-4e4b-a334-601f88f38b33@group-AF0CBE3D3EB0-FollowerState
2025-09-07 09:45:10,031 [4c7984b5-42f1-4e4b-a334-601f88f38b33@group-AF0CBE3D3EB0-FollowerState] INFO  server.RaftServer$Division (RaftServerImpl.java:setRole(392)) - 4c7984b5-42f1-4e4b-a334-601f88f38b33@group-AF0CBE3D3EB0: changes role from  FOLLOWER to CANDIDATE at term 1 for changeToCandidate
2025-09-07 09:45:10,031 [4c7984b5-42f1-4e4b-a334-601f88f38b33@group-AF0CBE3D3EB0-FollowerState] INFO  impl.RoleInfo (RoleInfo.java:updateAndGet(148)) - 4c7984b5-42f1-4e4b-a334-601f88f38b33: start 4c7984b5-42f1-4e4b-a334-601f88f38b33@group-AF0CBE3D3EB0-LeaderElection94
2025-09-07 09:45:10,032 [4c7984b5-42f1-4e4b-a334-601f88f38b33@group-AF0CBE3D3EB0-LeaderElection94] INFO  impl.LeaderElection (LeaderElection.java:askForVotes(448)) - 4c7984b5-42f1-4e4b-a334-601f88f38b33@group-AF0CBE3D3EB0-LeaderElection94 PRE_VOTE round 0: submit vote requests at term 1 for conf: {index: 0, cur=peers:[c7c0d573-77b1-47db-b09e-d84959a4a43f|127.0.0.1:15063, 486fef96-c6ec-41d9-a4ca-7ebb3d261081|127.0.0.1:15071, 4c7984b5-42f1-4e4b-a334-601f88f38b33|127.0.0.1:15079]|listeners:[], old=null}
2025-09-07 09:45:10,032 [4c7984b5-42f1-4e4b-a334-601f88f38b33@group-AF0CBE3D3EB0-LeaderElection94] INFO  impl.LeaderElection (LogUtils.java:infoOrTrace(142)) - 4c7984b5-42f1-4e4b-a334-601f88f38b33@group-AF0CBE3D3EB0-LeaderElection94 got exception when requesting votes: java.util.concurrent.ExecutionException: org.apache.ratis.thirdparty.io.grpc.StatusRuntimeException: UNAVAILABLE: io exception
2025-09-07 09:45:10,033 [4c7984b5-42f1-4e4b-a334-601f88f38b33@group-AF0CBE3D3EB0-LeaderElection94] INFO  impl.LeaderElection (LogUtils.java:infoOrTrace(142)) - 4c7984b5-42f1-4e4b-a334-601f88f38b33@group-AF0CBE3D3EB0-LeaderElection94 got exception when requesting votes: java.util.concurrent.ExecutionException: org.apache.ratis.thirdparty.io.grpc.StatusRuntimeException: UNAVAILABLE: io exception
2025-09-07 09:45:10,033 [4c7984b5-42f1-4e4b-a334-601f88f38b33@group-AF0CBE3D3EB0-LeaderElection94] INFO  impl.LeaderElection (LeaderElection.java:logAndReturn(206)) - 4c7984b5-42f1-4e4b-a334-601f88f38b33@group-AF0CBE3D3EB0-LeaderElection94: PRE_VOTE REJECTED received 0 response(s) and 2 exception(s):
2025-09-07 09:45:10,033 [4c7984b5-42f1-4e4b-a334-601f88f38b33@group-AF0CBE3D3EB0-LeaderElection94] INFO  impl.LeaderElection (LogUtils.java:infoOrTrace(142)) -   Exception 0: java.util.concurrent.ExecutionException: org.apache.ratis.thirdparty.io.grpc.StatusRuntimeException: UNAVAILABLE: io exception
2025-09-07 09:45:10,033 [4c7984b5-42f1-4e4b-a334-601f88f38b33@group-AF0CBE3D3EB0-LeaderElection94] INFO  impl.LeaderElection (LogUtils.java:infoOrTrace(142)) -   Exception 1: java.util.concurrent.ExecutionException: org.apache.ratis.thirdparty.io.grpc.StatusRuntimeException: UNAVAILABLE: io exception
2025-09-07 09:45:10,033 [4c7984b5-42f1-4e4b-a334-601f88f38b33@group-AF0CBE3D3EB0-LeaderElection94] INFO  impl.LeaderElection (LeaderElection.java:askForVotes(450)) - 4c7984b5-42f1-4e4b-a334-601f88f38b33@group-AF0CBE3D3EB0-LeaderElection94 PRE_VOTE round 0: result REJECTED
2025-09-07 09:45:10,033 [4c7984b5-42f1-4e4b-a334-601f88f38b33@group-AF0CBE3D3EB0-LeaderElection94] INFO  server.RaftServer$Division (RaftServerImpl.java:setRole(392)) - 4c7984b5-42f1-4e4b-a334-601f88f38b33@group-AF0CBE3D3EB0: changes role from CANDIDATE to FOLLOWER at term 1 for REJECTED
2025-09-07 09:45:10,033 [4c7984b5-42f1-4e4b-a334-601f88f38b33@group-AF0CBE3D3EB0-LeaderElection94] INFO  impl.RoleInfo (RoleInfo.java:shutdownLeaderElection(141)) - 4c7984b5-42f1-4e4b-a334-601f88f38b33: shutdown 4c7984b5-42f1-4e4b-a334-601f88f38b33@group-AF0CBE3D3EB0-LeaderElection94
2025-09-07 09:45:10,033 [4c7984b5-42f1-4e4b-a334-601f88f38b33@group-AF0CBE3D3EB0-LeaderElection94] INFO  impl.RoleInfo (RoleInfo.java:updateAndGet(148)) - 4c7984b5-42f1-4e4b-a334-601f88f38b33: start 4c7984b5-42f1-4e4b-a334-601f88f38b33@group-AF0CBE3D3EB0-FollowerState
2025-09-07 09:45:10,787 [4c7984b5-42f1-4e4b-a334-601f88f38b33@group-7A90E47A063C-FollowerState] INFO  impl.FollowerState (FollowerState.java:lostMajorityHeartbeatsRecently(113)) - 4c7984b5-42f1-4e4b-a334-601f88f38b33@group-7A90E47A063C-FollowerState: Skipping leader election since it stepped down recently (elapsed = 5480ms < waitTime = 10s)
2025-09-07 09:45:11,115 [4c7984b5-42f1-4e4b-a334-601f88f38b33@group-AF0CBE3D3EB0-FollowerState] INFO  impl.FollowerState (FollowerState.java:runImpl(161)) - 4c7984b5-42f1-4e4b-a334-601f88f38b33@group-AF0CBE3D3EB0-FollowerState: change to CANDIDATE, lastRpcElapsedTime:1082322728ns, electionTimeout:1082ms
2025-09-07 09:45:11,115 [4c7984b5-42f1-4e4b-a334-601f88f38b33@group-AF0CBE3D3EB0-FollowerState] INFO  impl.RoleInfo (RoleInfo.java:shutdownFollowerState(121)) - 4c7984b5-42f1-4e4b-a334-601f88f38b33: shutdown 4c7984b5-42f1-4e4b-a334-601f88f38b33@group-AF0CBE3D3EB0-FollowerState
2025-09-07 09:45:11,115 [4c7984b5-42f1-4e4b-a334-601f88f38b33@group-AF0CBE3D3EB0-FollowerState] INFO  server.RaftServer$Division (RaftServerImpl.java:setRole(392)) - 4c7984b5-42f1-4e4b-a334-601f88f38b33@group-AF0CBE3D3EB0: changes role from  FOLLOWER to CANDIDATE at term 1 for changeToCandidate
2025-09-07 09:45:11,116 [4c7984b5-42f1-4e4b-a334-601f88f38b33@group-AF0CBE3D3EB0-FollowerState] INFO  impl.RoleInfo (RoleInfo.java:updateAndGet(148)) - 4c7984b5-42f1-4e4b-a334-601f88f38b33: start 4c7984b5-42f1-4e4b-a334-601f88f38b33@group-AF0CBE3D3EB0-LeaderElection95
2025-09-07 09:45:11,116 [4c7984b5-42f1-4e4b-a334-601f88f38b33@group-AF0CBE3D3EB0-LeaderElection95] INFO  impl.LeaderElection (LeaderElection.java:askForVotes(448)) - 4c7984b5-42f1-4e4b-a334-601f88f38b33@group-AF0CBE3D3EB0-LeaderElection95 PRE_VOTE round 0: submit vote requests at term 1 for conf: {index: 0, cur=peers:[c7c0d573-77b1-47db-b09e-d84959a4a43f|127.0.0.1:15063, 486fef96-c6ec-41d9-a4ca-7ebb3d261081|127.0.0.1:15071, 4c7984b5-42f1-4e4b-a334-601f88f38b33|127.0.0.1:15079]|listeners:[], old=null}
2025-09-07 09:45:11,116 [4c7984b5-42f1-4e4b-a334-601f88f38b33@group-AF0CBE3D3EB0-LeaderElection95] INFO  impl.LeaderElection (LogUtils.java:infoOrTrace(142)) - 4c7984b5-42f1-4e4b-a334-601f88f38b33@group-AF0CBE3D3EB0-LeaderElection95 got exception when requesting votes: java.util.concurrent.ExecutionException: org.apache.ratis.thirdparty.io.grpc.StatusRuntimeException: UNAVAILABLE: io exception
2025-09-07 09:45:11,117 [4c7984b5-42f1-4e4b-a334-601f88f38b33@group-AF0CBE3D3EB0-LeaderElection95] INFO  impl.LeaderElection (LogUtils.java:infoOrTrace(142)) - 4c7984b5-42f1-4e4b-a334-601f88f38b33@group-AF0CBE3D3EB0-LeaderElection95 got exception when requesting votes: java.util.concurrent.ExecutionException: org.apache.ratis.thirdparty.io.grpc.StatusRuntimeException: UNAVAILABLE: io exception
2025-09-07 09:45:11,117 [4c7984b5-42f1-4e4b-a334-601f88f38b33@group-AF0CBE3D3EB0-LeaderElection95] INFO  impl.LeaderElection (LeaderElection.java:logAndReturn(206)) - 4c7984b5-42f1-4e4b-a334-601f88f38b33@group-AF0CBE3D3EB0-LeaderElection95: PRE_VOTE REJECTED received 0 response(s) and 2 exception(s):
2025-09-07 09:45:11,117 [4c7984b5-42f1-4e4b-a334-601f88f38b33@group-AF0CBE3D3EB0-LeaderElection95] INFO  impl.LeaderElection (LogUtils.java:infoOrTrace(142)) -   Exception 0: java.util.concurrent.ExecutionException: org.apache.ratis.thirdparty.io.grpc.StatusRuntimeException: UNAVAILABLE: io exception
2025-09-07 09:45:11,117 [4c7984b5-42f1-4e4b-a334-601f88f38b33@group-AF0CBE3D3EB0-LeaderElection95] INFO  impl.LeaderElection (LogUtils.java:infoOrTrace(142)) -   Exception 1: java.util.concurrent.ExecutionException: org.apache.ratis.thirdparty.io.grpc.StatusRuntimeException: UNAVAILABLE: io exception
2025-09-07 09:45:11,117 [4c7984b5-42f1-4e4b-a334-601f88f38b33@group-AF0CBE3D3EB0-LeaderElection95] INFO  impl.LeaderElection (LeaderElection.java:askForVotes(450)) - 4c7984b5-42f1-4e4b-a334-601f88f38b33@group-AF0CBE3D3EB0-LeaderElection95 PRE_VOTE round 0: result REJECTED
2025-09-07 09:45:11,117 [4c7984b5-42f1-4e4b-a334-601f88f38b33@group-AF0CBE3D3EB0-LeaderElection95] INFO  server.RaftServer$Division (RaftServerImpl.java:setRole(392)) - 4c7984b5-42f1-4e4b-a334-601f88f38b33@group-AF0CBE3D3EB0: changes role from CANDIDATE to FOLLOWER at term 1 for REJECTED
2025-09-07 09:45:11,117 [4c7984b5-42f1-4e4b-a334-601f88f38b33@group-AF0CBE3D3EB0-LeaderElection95] INFO  impl.RoleInfo (RoleInfo.java:shutdownLeaderElection(141)) - 4c7984b5-42f1-4e4b-a334-601f88f38b33: shutdown 4c7984b5-42f1-4e4b-a334-601f88f38b33@group-AF0CBE3D3EB0-LeaderElection95
2025-09-07 09:45:11,117 [4c7984b5-42f1-4e4b-a334-601f88f38b33@group-AF0CBE3D3EB0-LeaderElection95] INFO  impl.RoleInfo (RoleInfo.java:updateAndGet(148)) - 4c7984b5-42f1-4e4b-a334-601f88f38b33: start 4c7984b5-42f1-4e4b-a334-601f88f38b33@group-AF0CBE3D3EB0-FollowerState
2025-09-07 09:45:11,891 [4c7984b5-42f1-4e4b-a334-601f88f38b33@group-7A90E47A063C-FollowerState] INFO  impl.FollowerState (FollowerState.java:lostMajorityHeartbeatsRecently(113)) - 4c7984b5-42f1-4e4b-a334-601f88f38b33@group-7A90E47A063C-FollowerState: Skipping leader election since it stepped down recently (elapsed = 6584ms < waitTime = 10s)
2025-09-07 09:45:12,290 [4c7984b5-42f1-4e4b-a334-601f88f38b33@group-AF0CBE3D3EB0-FollowerState] INFO  impl.FollowerState (FollowerState.java:runImpl(161)) - 4c7984b5-42f1-4e4b-a334-601f88f38b33@group-AF0CBE3D3EB0-FollowerState: change to CANDIDATE, lastRpcElapsedTime:1173347136ns, electionTimeout:1173ms
2025-09-07 09:45:12,290 [4c7984b5-42f1-4e4b-a334-601f88f38b33@group-AF0CBE3D3EB0-FollowerState] INFO  impl.RoleInfo (RoleInfo.java:shutdownFollowerState(121)) - 4c7984b5-42f1-4e4b-a334-601f88f38b33: shutdown 4c7984b5-42f1-4e4b-a334-601f88f38b33@group-AF0CBE3D3EB0-FollowerState
2025-09-07 09:45:12,290 [4c7984b5-42f1-4e4b-a334-601f88f38b33@group-AF0CBE3D3EB0-FollowerState] INFO  server.RaftServer$Division (RaftServerImpl.java:setRole(392)) - 4c7984b5-42f1-4e4b-a334-601f88f38b33@group-AF0CBE3D3EB0: changes role from  FOLLOWER to CANDIDATE at term 1 for changeToCandidate
2025-09-07 09:45:12,291 [4c7984b5-42f1-4e4b-a334-601f88f38b33@group-AF0CBE3D3EB0-FollowerState] INFO  impl.RoleInfo (RoleInfo.java:updateAndGet(148)) - 4c7984b5-42f1-4e4b-a334-601f88f38b33: start 4c7984b5-42f1-4e4b-a334-601f88f38b33@group-AF0CBE3D3EB0-LeaderElection96
2025-09-07 09:45:12,291 [4c7984b5-42f1-4e4b-a334-601f88f38b33@group-AF0CBE3D3EB0-LeaderElection96] INFO  impl.LeaderElection (LeaderElection.java:askForVotes(448)) - 4c7984b5-42f1-4e4b-a334-601f88f38b33@group-AF0CBE3D3EB0-LeaderElection96 PRE_VOTE round 0: submit vote requests at term 1 for conf: {index: 0, cur=peers:[c7c0d573-77b1-47db-b09e-d84959a4a43f|127.0.0.1:15063, 486fef96-c6ec-41d9-a4ca-7ebb3d261081|127.0.0.1:15071, 4c7984b5-42f1-4e4b-a334-601f88f38b33|127.0.0.1:15079]|listeners:[], old=null}
2025-09-07 09:45:12,292 [4c7984b5-42f1-4e4b-a334-601f88f38b33@group-AF0CBE3D3EB0-LeaderElection96] INFO  impl.LeaderElection (LogUtils.java:infoOrTrace(142)) - 4c7984b5-42f1-4e4b-a334-601f88f38b33@group-AF0CBE3D3EB0-LeaderElection96 got exception when requesting votes: java.util.concurrent.ExecutionException: org.apache.ratis.thirdparty.io.grpc.StatusRuntimeException: UNAVAILABLE: io exception
2025-09-07 09:45:12,292 [4c7984b5-42f1-4e4b-a334-601f88f38b33@group-AF0CBE3D3EB0-LeaderElection96] INFO  impl.LeaderElection (LogUtils.java:infoOrTrace(142)) - 4c7984b5-42f1-4e4b-a334-601f88f38b33@group-AF0CBE3D3EB0-LeaderElection96 got exception when requesting votes: java.util.concurrent.ExecutionException: org.apache.ratis.thirdparty.io.grpc.StatusRuntimeException: UNAVAILABLE: io exception
2025-09-07 09:45:12,292 [4c7984b5-42f1-4e4b-a334-601f88f38b33@group-AF0CBE3D3EB0-LeaderElection96] INFO  impl.LeaderElection (LeaderElection.java:logAndReturn(206)) - 4c7984b5-42f1-4e4b-a334-601f88f38b33@group-AF0CBE3D3EB0-LeaderElection96: PRE_VOTE REJECTED received 0 response(s) and 2 exception(s):
2025-09-07 09:45:12,292 [4c7984b5-42f1-4e4b-a334-601f88f38b33@group-AF0CBE3D3EB0-LeaderElection96] INFO  impl.LeaderElection (LogUtils.java:infoOrTrace(142)) -   Exception 0: java.util.concurrent.ExecutionException: org.apache.ratis.thirdparty.io.grpc.StatusRuntimeException: UNAVAILABLE: io exception
2025-09-07 09:45:12,292 [4c7984b5-42f1-4e4b-a334-601f88f38b33@group-AF0CBE3D3EB0-LeaderElection96] INFO  impl.LeaderElection (LogUtils.java:infoOrTrace(142)) -   Exception 1: java.util.concurrent.ExecutionException: org.apache.ratis.thirdparty.io.grpc.StatusRuntimeException: UNAVAILABLE: io exception
2025-09-07 09:45:12,292 [4c7984b5-42f1-4e4b-a334-601f88f38b33@group-AF0CBE3D3EB0-LeaderElection96] INFO  impl.LeaderElection (LeaderElection.java:askForVotes(450)) - 4c7984b5-42f1-4e4b-a334-601f88f38b33@group-AF0CBE3D3EB0-LeaderElection96 PRE_VOTE round 0: result REJECTED
2025-09-07 09:45:12,292 [4c7984b5-42f1-4e4b-a334-601f88f38b33@group-AF0CBE3D3EB0-LeaderElection96] INFO  server.RaftServer$Division (RaftServerImpl.java:setRole(392)) - 4c7984b5-42f1-4e4b-a334-601f88f38b33@group-AF0CBE3D3EB0: changes role from CANDIDATE to FOLLOWER at term 1 for REJECTED
2025-09-07 09:45:12,293 [4c7984b5-42f1-4e4b-a334-601f88f38b33@group-AF0CBE3D3EB0-LeaderElection96] INFO  impl.RoleInfo (RoleInfo.java:shutdownLeaderElection(141)) - 4c7984b5-42f1-4e4b-a334-601f88f38b33: shutdown 4c7984b5-42f1-4e4b-a334-601f88f38b33@group-AF0CBE3D3EB0-LeaderElection96
2025-09-07 09:45:12,293 [4c7984b5-42f1-4e4b-a334-601f88f38b33@group-AF0CBE3D3EB0-LeaderElection96] INFO  impl.RoleInfo (RoleInfo.java:updateAndGet(148)) - 4c7984b5-42f1-4e4b-a334-601f88f38b33: start 4c7984b5-42f1-4e4b-a334-601f88f38b33@group-AF0CBE3D3EB0-FollowerState
2025-09-07 09:45:13,008 [4c7984b5-42f1-4e4b-a334-601f88f38b33@group-7A90E47A063C-FollowerState] INFO  impl.FollowerState (FollowerState.java:lostMajorityHeartbeatsRecently(113)) - 4c7984b5-42f1-4e4b-a334-601f88f38b33@group-7A90E47A063C-FollowerState: Skipping leader election since it stepped down recently (elapsed = 7701ms < waitTime = 10s)
2025-09-07 09:45:13,312 [4c7984b5-42f1-4e4b-a334-601f88f38b33@group-AF0CBE3D3EB0-FollowerState] INFO  impl.FollowerState (FollowerState.java:runImpl(161)) - 4c7984b5-42f1-4e4b-a334-601f88f38b33@group-AF0CBE3D3EB0-FollowerState: change to CANDIDATE, lastRpcElapsedTime:1019458327ns, electionTimeout:1019ms
2025-09-07 09:45:13,312 [4c7984b5-42f1-4e4b-a334-601f88f38b33@group-AF0CBE3D3EB0-FollowerState] INFO  impl.RoleInfo (RoleInfo.java:shutdownFollowerState(121)) - 4c7984b5-42f1-4e4b-a334-601f88f38b33: shutdown 4c7984b5-42f1-4e4b-a334-601f88f38b33@group-AF0CBE3D3EB0-FollowerState
2025-09-07 09:45:13,312 [4c7984b5-42f1-4e4b-a334-601f88f38b33@group-AF0CBE3D3EB0-FollowerState] INFO  server.RaftServer$Division (RaftServerImpl.java:setRole(392)) - 4c7984b5-42f1-4e4b-a334-601f88f38b33@group-AF0CBE3D3EB0: changes role from  FOLLOWER to CANDIDATE at term 1 for changeToCandidate
2025-09-07 09:45:13,312 [4c7984b5-42f1-4e4b-a334-601f88f38b33@group-AF0CBE3D3EB0-FollowerState] INFO  impl.RoleInfo (RoleInfo.java:updateAndGet(148)) - 4c7984b5-42f1-4e4b-a334-601f88f38b33: start 4c7984b5-42f1-4e4b-a334-601f88f38b33@group-AF0CBE3D3EB0-LeaderElection97
2025-09-07 09:45:13,313 [4c7984b5-42f1-4e4b-a334-601f88f38b33@group-AF0CBE3D3EB0-LeaderElection97] INFO  impl.LeaderElection (LeaderElection.java:askForVotes(448)) - 4c7984b5-42f1-4e4b-a334-601f88f38b33@group-AF0CBE3D3EB0-LeaderElection97 PRE_VOTE round 0: submit vote requests at term 1 for conf: {index: 0, cur=peers:[c7c0d573-77b1-47db-b09e-d84959a4a43f|127.0.0.1:15063, 486fef96-c6ec-41d9-a4ca-7ebb3d261081|127.0.0.1:15071, 4c7984b5-42f1-4e4b-a334-601f88f38b33|127.0.0.1:15079]|listeners:[], old=null}
2025-09-07 09:45:13,313 [4c7984b5-42f1-4e4b-a334-601f88f38b33@group-AF0CBE3D3EB0-LeaderElection97] INFO  impl.LeaderElection (LogUtils.java:infoOrTrace(142)) - 4c7984b5-42f1-4e4b-a334-601f88f38b33@group-AF0CBE3D3EB0-LeaderElection97 got exception when requesting votes: java.util.concurrent.ExecutionException: org.apache.ratis.thirdparty.io.grpc.StatusRuntimeException: UNAVAILABLE: io exception
2025-09-07 09:45:13,313 [4c7984b5-42f1-4e4b-a334-601f88f38b33@group-AF0CBE3D3EB0-LeaderElection97] INFO  impl.LeaderElection (LogUtils.java:infoOrTrace(142)) - 4c7984b5-42f1-4e4b-a334-601f88f38b33@group-AF0CBE3D3EB0-LeaderElection97 got exception when requesting votes: java.util.concurrent.ExecutionException: org.apache.ratis.thirdparty.io.grpc.StatusRuntimeException: UNAVAILABLE: io exception
2025-09-07 09:45:13,313 [4c7984b5-42f1-4e4b-a334-601f88f38b33@group-AF0CBE3D3EB0-LeaderElection97] INFO  impl.LeaderElection (LeaderElection.java:logAndReturn(206)) - 4c7984b5-42f1-4e4b-a334-601f88f38b33@group-AF0CBE3D3EB0-LeaderElection97: PRE_VOTE REJECTED received 0 response(s) and 2 exception(s):
2025-09-07 09:45:13,313 [4c7984b5-42f1-4e4b-a334-601f88f38b33@group-AF0CBE3D3EB0-LeaderElection97] INFO  impl.LeaderElection (LogUtils.java:infoOrTrace(142)) -   Exception 0: java.util.concurrent.ExecutionException: org.apache.ratis.thirdparty.io.grpc.StatusRuntimeException: UNAVAILABLE: io exception
2025-09-07 09:45:13,313 [4c7984b5-42f1-4e4b-a334-601f88f38b33@group-AF0CBE3D3EB0-LeaderElection97] INFO  impl.LeaderElection (LogUtils.java:infoOrTrace(142)) -   Exception 1: java.util.concurrent.ExecutionException: org.apache.ratis.thirdparty.io.grpc.StatusRuntimeException: UNAVAILABLE: io exception
2025-09-07 09:45:13,314 [4c7984b5-42f1-4e4b-a334-601f88f38b33@group-AF0CBE3D3EB0-LeaderElection97] INFO  impl.LeaderElection (LeaderElection.java:askForVotes(450)) - 4c7984b5-42f1-4e4b-a334-601f88f38b33@group-AF0CBE3D3EB0-LeaderElection97 PRE_VOTE round 0: result REJECTED
2025-09-07 09:45:13,314 [4c7984b5-42f1-4e4b-a334-601f88f38b33@group-AF0CBE3D3EB0-LeaderElection97] INFO  server.RaftServer$Division (RaftServerImpl.java:setRole(392)) - 4c7984b5-42f1-4e4b-a334-601f88f38b33@group-AF0CBE3D3EB0: changes role from CANDIDATE to FOLLOWER at term 1 for REJECTED
2025-09-07 09:45:13,314 [4c7984b5-42f1-4e4b-a334-601f88f38b33@group-AF0CBE3D3EB0-LeaderElection97] INFO  impl.RoleInfo (RoleInfo.java:shutdownLeaderElection(141)) - 4c7984b5-42f1-4e4b-a334-601f88f38b33: shutdown 4c7984b5-42f1-4e4b-a334-601f88f38b33@group-AF0CBE3D3EB0-LeaderElection97
2025-09-07 09:45:13,314 [4c7984b5-42f1-4e4b-a334-601f88f38b33@group-AF0CBE3D3EB0-LeaderElection97] INFO  impl.RoleInfo (RoleInfo.java:updateAndGet(148)) - 4c7984b5-42f1-4e4b-a334-601f88f38b33: start 4c7984b5-42f1-4e4b-a334-601f88f38b33@group-AF0CBE3D3EB0-FollowerState
2025-09-07 09:45:14,074 [grpc-default-executor-6] ERROR impl.OrderedAsync (OrderedAsync.java:lambda$null$6(215)) -  client-C3B9DB0FB337: Failed* RaftClientRequest:client-C3B9DB0FB337->4c7984b5-42f1-4e4b-a334-601f88f38b33@group-AF0CBE3D3EB0, cid=41, seq=1*, Watch(0), null
java.util.concurrent.CompletionException: org.apache.ratis.protocol.exceptions.NotLeaderException: Server 4c7984b5-42f1-4e4b-a334-601f88f38b33@group-AF0CBE3D3EB0 is not the leader
	at java.base/java.util.concurrent.CompletableFuture.encodeThrowable(CompletableFuture.java:332)
	at java.base/java.util.concurrent.CompletableFuture.completeThrowable(CompletableFuture.java:347)
	at java.base/java.util.concurrent.CompletableFuture$UniAccept.tryFire(CompletableFuture.java:708)
	at java.base/java.util.concurrent.CompletableFuture.postComplete(CompletableFuture.java:510)
	at java.base/java.util.concurrent.CompletableFuture.completeExceptionally(CompletableFuture.java:2194)
	at org.apache.ratis.grpc.client.GrpcClientProtocolClient$AsyncStreamObservers.completeReplyExceptionally(GrpcClientProtocolClient.java:397)
	at org.apache.ratis.grpc.client.GrpcClientProtocolClient$AsyncStreamObservers.access$000(GrpcClientProtocolClient.java:303)
	at org.apache.ratis.grpc.client.GrpcClientProtocolClient$AsyncStreamObservers$1.onNext(GrpcClientProtocolClient.java:317)
	at org.apache.ratis.grpc.client.GrpcClientProtocolClient$AsyncStreamObservers$1.onNext(GrpcClientProtocolClient.java:308)
	at org.apache.ratis.thirdparty.io.grpc.stub.ClientCalls$StreamObserverToCallListenerAdapter.onMessage(ClientCalls.java:551)
	at org.apache.ratis.thirdparty.io.grpc.ForwardingClientCallListener.onMessage(ForwardingClientCallListener.java:33)
	at org.apache.ratis.thirdparty.io.grpc.internal.DelayedClientCall$DelayedListener.onMessage(DelayedClientCall.java:473)
	at org.apache.ratis.thirdparty.io.grpc.internal.ClientCallImpl$ClientStreamListenerImpl$1MessagesAvailable.runInternal(ClientCallImpl.java:661)
	at org.apache.ratis.thirdparty.io.grpc.internal.ClientCallImpl$ClientStreamListenerImpl$1MessagesAvailable.runInContext(ClientCallImpl.java:648)
	at org.apache.ratis.thirdparty.io.grpc.internal.ContextRunnable.run(ContextRunnable.java:37)
	at org.apache.ratis.thirdparty.io.grpc.internal.SerializingExecutor.run(SerializingExecutor.java:133)
	at java.base/java.util.concurrent.ThreadPoolExecutor.runWorker(ThreadPoolExecutor.java:1144)
	at java.base/java.util.concurrent.ThreadPoolExecutor$Worker.run(ThreadPoolExecutor.java:642)
	at java.base/java.lang.Thread.run(Thread.java:1583)
Caused by: org.apache.ratis.protocol.exceptions.NotLeaderException: Server 4c7984b5-42f1-4e4b-a334-601f88f38b33@group-AF0CBE3D3EB0 is not the leader
	at org.apache.ratis.client.impl.ClientProtoUtils.toRaftClientReply(ClientProtoUtils.java:402)
	at org.apache.ratis.grpc.client.GrpcClientProtocolClient$AsyncStreamObservers$1.onNext(GrpcClientProtocolClient.java:313)
	... 11 more
2025-09-07 09:45:14,151 [4c7984b5-42f1-4e4b-a334-601f88f38b33@group-7A90E47A063C-FollowerState] INFO  impl.FollowerState (FollowerState.java:lostMajorityHeartbeatsRecently(113)) - 4c7984b5-42f1-4e4b-a334-601f88f38b33@group-7A90E47A063C-FollowerState: Skipping leader election since it stepped down recently (elapsed = 8843ms < waitTime = 10s)
2025-09-07 09:45:14,502 [4c7984b5-42f1-4e4b-a334-601f88f38b33@group-AF0CBE3D3EB0-FollowerState] INFO  impl.FollowerState (FollowerState.java:runImpl(161)) - 4c7984b5-42f1-4e4b-a334-601f88f38b33@group-AF0CBE3D3EB0-FollowerState: change to CANDIDATE, lastRpcElapsedTime:1188296215ns, electionTimeout:1188ms
2025-09-07 09:45:14,502 [4c7984b5-42f1-4e4b-a334-601f88f38b33@group-AF0CBE3D3EB0-FollowerState] INFO  impl.RoleInfo (RoleInfo.java:shutdownFollowerState(121)) - 4c7984b5-42f1-4e4b-a334-601f88f38b33: shutdown 4c7984b5-42f1-4e4b-a334-601f88f38b33@group-AF0CBE3D3EB0-FollowerState
2025-09-07 09:45:14,502 [4c7984b5-42f1-4e4b-a334-601f88f38b33@group-AF0CBE3D3EB0-FollowerState] INFO  server.RaftServer$Division (RaftServerImpl.java:setRole(392)) - 4c7984b5-42f1-4e4b-a334-601f88f38b33@group-AF0CBE3D3EB0: changes role from  FOLLOWER to CANDIDATE at term 1 for changeToCandidate
2025-09-07 09:45:14,502 [4c7984b5-42f1-4e4b-a334-601f88f38b33@group-AF0CBE3D3EB0-FollowerState] INFO  impl.RoleInfo (RoleInfo.java:updateAndGet(148)) - 4c7984b5-42f1-4e4b-a334-601f88f38b33: start 4c7984b5-42f1-4e4b-a334-601f88f38b33@group-AF0CBE3D3EB0-LeaderElection98
2025-09-07 09:45:14,503 [4c7984b5-42f1-4e4b-a334-601f88f38b33@group-AF0CBE3D3EB0-LeaderElection98] INFO  impl.LeaderElection (LeaderElection.java:askForVotes(448)) - 4c7984b5-42f1-4e4b-a334-601f88f38b33@group-AF0CBE3D3EB0-LeaderElection98 PRE_VOTE round 0: submit vote requests at term 1 for conf: {index: 0, cur=peers:[c7c0d573-77b1-47db-b09e-d84959a4a43f|127.0.0.1:15063, 486fef96-c6ec-41d9-a4ca-7ebb3d261081|127.0.0.1:15071, 4c7984b5-42f1-4e4b-a334-601f88f38b33|127.0.0.1:15079]|listeners:[], old=null}
2025-09-07 09:45:14,503 [4c7984b5-42f1-4e4b-a334-601f88f38b33@group-AF0CBE3D3EB0-LeaderElection98] INFO  impl.LeaderElection (LogUtils.java:infoOrTrace(142)) - 4c7984b5-42f1-4e4b-a334-601f88f38b33@group-AF0CBE3D3EB0-LeaderElection98 got exception when requesting votes: java.util.concurrent.ExecutionException: org.apache.ratis.thirdparty.io.grpc.StatusRuntimeException: UNAVAILABLE: io exception
2025-09-07 09:45:14,504 [4c7984b5-42f1-4e4b-a334-601f88f38b33@group-AF0CBE3D3EB0-LeaderElection98] INFO  impl.LeaderElection (LogUtils.java:infoOrTrace(142)) - 4c7984b5-42f1-4e4b-a334-601f88f38b33@group-AF0CBE3D3EB0-LeaderElection98 got exception when requesting votes: java.util.concurrent.ExecutionException: org.apache.ratis.thirdparty.io.grpc.StatusRuntimeException: UNAVAILABLE: io exception
2025-09-07 09:45:14,504 [4c7984b5-42f1-4e4b-a334-601f88f38b33@group-AF0CBE3D3EB0-LeaderElection98] INFO  impl.LeaderElection (LeaderElection.java:logAndReturn(206)) - 4c7984b5-42f1-4e4b-a334-601f88f38b33@group-AF0CBE3D3EB0-LeaderElection98: PRE_VOTE REJECTED received 0 response(s) and 2 exception(s):
2025-09-07 09:45:14,504 [4c7984b5-42f1-4e4b-a334-601f88f38b33@group-AF0CBE3D3EB0-LeaderElection98] INFO  impl.LeaderElection (LogUtils.java:infoOrTrace(142)) -   Exception 0: java.util.concurrent.ExecutionException: org.apache.ratis.thirdparty.io.grpc.StatusRuntimeException: UNAVAILABLE: io exception
2025-09-07 09:45:14,504 [4c7984b5-42f1-4e4b-a334-601f88f38b33@group-AF0CBE3D3EB0-LeaderElection98] INFO  impl.LeaderElection (LogUtils.java:infoOrTrace(142)) -   Exception 1: java.util.concurrent.ExecutionException: org.apache.ratis.thirdparty.io.grpc.StatusRuntimeException: UNAVAILABLE: io exception
2025-09-07 09:45:14,504 [4c7984b5-42f1-4e4b-a334-601f88f38b33@group-AF0CBE3D3EB0-LeaderElection98] INFO  impl.LeaderElection (LeaderElection.java:askForVotes(450)) - 4c7984b5-42f1-4e4b-a334-601f88f38b33@group-AF0CBE3D3EB0-LeaderElection98 PRE_VOTE round 0: result REJECTED
2025-09-07 09:45:14,504 [4c7984b5-42f1-4e4b-a334-601f88f38b33@group-AF0CBE3D3EB0-LeaderElection98] INFO  server.RaftServer$Division (RaftServerImpl.java:setRole(392)) - 4c7984b5-42f1-4e4b-a334-601f88f38b33@group-AF0CBE3D3EB0: changes role from CANDIDATE to FOLLOWER at term 1 for REJECTED
2025-09-07 09:45:14,504 [4c7984b5-42f1-4e4b-a334-601f88f38b33@group-AF0CBE3D3EB0-LeaderElection98] INFO  impl.RoleInfo (RoleInfo.java:shutdownLeaderElection(141)) - 4c7984b5-42f1-4e4b-a334-601f88f38b33: shutdown 4c7984b5-42f1-4e4b-a334-601f88f38b33@group-AF0CBE3D3EB0-LeaderElection98
2025-09-07 09:45:14,504 [4c7984b5-42f1-4e4b-a334-601f88f38b33@group-AF0CBE3D3EB0-LeaderElection98] INFO  impl.RoleInfo (RoleInfo.java:updateAndGet(148)) - 4c7984b5-42f1-4e4b-a334-601f88f38b33: start 4c7984b5-42f1-4e4b-a334-601f88f38b33@group-AF0CBE3D3EB0-FollowerState
2025-09-07 09:45:15,299 [4c7984b5-42f1-4e4b-a334-601f88f38b33@group-7A90E47A063C-FollowerState] INFO  impl.FollowerState (FollowerState.java:lostMajorityHeartbeatsRecently(113)) - 4c7984b5-42f1-4e4b-a334-601f88f38b33@group-7A90E47A063C-FollowerState: Skipping leader election since it stepped down recently (elapsed = 9992ms < waitTime = 10s)
2025-09-07 09:45:15,569 [4c7984b5-42f1-4e4b-a334-601f88f38b33@group-AF0CBE3D3EB0-FollowerState] INFO  impl.FollowerState (FollowerState.java:runImpl(161)) - 4c7984b5-42f1-4e4b-a334-601f88f38b33@group-AF0CBE3D3EB0-FollowerState: change to CANDIDATE, lastRpcElapsedTime:1065322270ns, electionTimeout:1065ms
2025-09-07 09:45:15,569 [4c7984b5-42f1-4e4b-a334-601f88f38b33@group-AF0CBE3D3EB0-FollowerState] INFO  impl.RoleInfo (RoleInfo.java:shutdownFollowerState(121)) - 4c7984b5-42f1-4e4b-a334-601f88f38b33: shutdown 4c7984b5-42f1-4e4b-a334-601f88f38b33@group-AF0CBE3D3EB0-FollowerState
2025-09-07 09:45:15,569 [4c7984b5-42f1-4e4b-a334-601f88f38b33@group-AF0CBE3D3EB0-FollowerState] INFO  server.RaftServer$Division (RaftServerImpl.java:setRole(392)) - 4c7984b5-42f1-4e4b-a334-601f88f38b33@group-AF0CBE3D3EB0: changes role from  FOLLOWER to CANDIDATE at term 1 for changeToCandidate
2025-09-07 09:45:15,570 [4c7984b5-42f1-4e4b-a334-601f88f38b33@group-AF0CBE3D3EB0-FollowerState] INFO  impl.RoleInfo (RoleInfo.java:updateAndGet(148)) - 4c7984b5-42f1-4e4b-a334-601f88f38b33: start 4c7984b5-42f1-4e4b-a334-601f88f38b33@group-AF0CBE3D3EB0-LeaderElection99
2025-09-07 09:45:15,570 [4c7984b5-42f1-4e4b-a334-601f88f38b33@group-AF0CBE3D3EB0-LeaderElection99] INFO  impl.LeaderElection (LeaderElection.java:askForVotes(448)) - 4c7984b5-42f1-4e4b-a334-601f88f38b33@group-AF0CBE3D3EB0-LeaderElection99 PRE_VOTE round 0: submit vote requests at term 1 for conf: {index: 0, cur=peers:[c7c0d573-77b1-47db-b09e-d84959a4a43f|127.0.0.1:15063, 486fef96-c6ec-41d9-a4ca-7ebb3d261081|127.0.0.1:15071, 4c7984b5-42f1-4e4b-a334-601f88f38b33|127.0.0.1:15079]|listeners:[], old=null}
2025-09-07 09:45:15,571 [4c7984b5-42f1-4e4b-a334-601f88f38b33@group-AF0CBE3D3EB0-LeaderElection99] INFO  impl.LeaderElection (LogUtils.java:infoOrTrace(142)) - 4c7984b5-42f1-4e4b-a334-601f88f38b33@group-AF0CBE3D3EB0-LeaderElection99 got exception when requesting votes: java.util.concurrent.ExecutionException: org.apache.ratis.thirdparty.io.grpc.StatusRuntimeException: UNAVAILABLE: io exception
2025-09-07 09:45:15,571 [4c7984b5-42f1-4e4b-a334-601f88f38b33@group-AF0CBE3D3EB0-LeaderElection99] INFO  impl.LeaderElection (LogUtils.java:infoOrTrace(142)) - 4c7984b5-42f1-4e4b-a334-601f88f38b33@group-AF0CBE3D3EB0-LeaderElection99 got exception when requesting votes: java.util.concurrent.ExecutionException: org.apache.ratis.thirdparty.io.grpc.StatusRuntimeException: UNAVAILABLE: io exception
2025-09-07 09:45:15,571 [4c7984b5-42f1-4e4b-a334-601f88f38b33@group-AF0CBE3D3EB0-LeaderElection99] INFO  impl.LeaderElection (LeaderElection.java:logAndReturn(206)) - 4c7984b5-42f1-4e4b-a334-601f88f38b33@group-AF0CBE3D3EB0-LeaderElection99: PRE_VOTE REJECTED received 0 response(s) and 2 exception(s):
2025-09-07 09:45:15,571 [4c7984b5-42f1-4e4b-a334-601f88f38b33@group-AF0CBE3D3EB0-LeaderElection99] INFO  impl.LeaderElection (LogUtils.java:infoOrTrace(142)) -   Exception 0: java.util.concurrent.ExecutionException: org.apache.ratis.thirdparty.io.grpc.StatusRuntimeException: UNAVAILABLE: io exception
2025-09-07 09:45:15,571 [4c7984b5-42f1-4e4b-a334-601f88f38b33@group-AF0CBE3D3EB0-LeaderElection99] INFO  impl.LeaderElection (LogUtils.java:infoOrTrace(142)) -   Exception 1: java.util.concurrent.ExecutionException: org.apache.ratis.thirdparty.io.grpc.StatusRuntimeException: UNAVAILABLE: io exception
2025-09-07 09:45:15,571 [4c7984b5-42f1-4e4b-a334-601f88f38b33@group-AF0CBE3D3EB0-LeaderElection99] INFO  impl.LeaderElection (LeaderElection.java:askForVotes(450)) - 4c7984b5-42f1-4e4b-a334-601f88f38b33@group-AF0CBE3D3EB0-LeaderElection99 PRE_VOTE round 0: result REJECTED
2025-09-07 09:45:15,571 [4c7984b5-42f1-4e4b-a334-601f88f38b33@group-AF0CBE3D3EB0-LeaderElection99] INFO  server.RaftServer$Division (RaftServerImpl.java:setRole(392)) - 4c7984b5-42f1-4e4b-a334-601f88f38b33@group-AF0CBE3D3EB0: changes role from CANDIDATE to FOLLOWER at term 1 for REJECTED
2025-09-07 09:45:15,571 [4c7984b5-42f1-4e4b-a334-601f88f38b33@group-AF0CBE3D3EB0-LeaderElection99] INFO  impl.RoleInfo (RoleInfo.java:shutdownLeaderElection(141)) - 4c7984b5-42f1-4e4b-a334-601f88f38b33: shutdown 4c7984b5-42f1-4e4b-a334-601f88f38b33@group-AF0CBE3D3EB0-LeaderElection99
2025-09-07 09:45:15,571 [4c7984b5-42f1-4e4b-a334-601f88f38b33@group-AF0CBE3D3EB0-LeaderElection99] INFO  impl.RoleInfo (RoleInfo.java:updateAndGet(148)) - 4c7984b5-42f1-4e4b-a334-601f88f38b33: start 4c7984b5-42f1-4e4b-a334-601f88f38b33@group-AF0CBE3D3EB0-FollowerState
2025-09-07 09:45:16,414 [4c7984b5-42f1-4e4b-a334-601f88f38b33@group-7A90E47A063C-FollowerState] INFO  impl.FollowerState (FollowerState.java:runImpl(161)) - 4c7984b5-42f1-4e4b-a334-601f88f38b33@group-7A90E47A063C-FollowerState: change to CANDIDATE, lastRpcElapsedTime:11107217711ns, electionTimeout:1115ms
2025-09-07 09:45:16,414 [4c7984b5-42f1-4e4b-a334-601f88f38b33@group-7A90E47A063C-FollowerState] INFO  impl.RoleInfo (RoleInfo.java:shutdownFollowerState(121)) - 4c7984b5-42f1-4e4b-a334-601f88f38b33: shutdown 4c7984b5-42f1-4e4b-a334-601f88f38b33@group-7A90E47A063C-FollowerState
2025-09-07 09:45:16,414 [4c7984b5-42f1-4e4b-a334-601f88f38b33@group-7A90E47A063C-FollowerState] INFO  server.RaftServer$Division (RaftServerImpl.java:setRole(392)) - 4c7984b5-42f1-4e4b-a334-601f88f38b33@group-7A90E47A063C: changes role from  FOLLOWER to CANDIDATE at term 2 for changeToCandidate
2025-09-07 09:45:16,414 [4c7984b5-42f1-4e4b-a334-601f88f38b33@group-7A90E47A063C-FollowerState] INFO  impl.RoleInfo (RoleInfo.java:updateAndGet(148)) - 4c7984b5-42f1-4e4b-a334-601f88f38b33: start 4c7984b5-42f1-4e4b-a334-601f88f38b33@group-7A90E47A063C-LeaderElection100
2025-09-07 09:45:16,415 [4c7984b5-42f1-4e4b-a334-601f88f38b33@group-7A90E47A063C-LeaderElection100] INFO  impl.LeaderElection (LeaderElection.java:askForVotes(448)) - 4c7984b5-42f1-4e4b-a334-601f88f38b33@group-7A90E47A063C-LeaderElection100 PRE_VOTE round 0: submit vote requests at term 2 for conf: {index: 17, cur=peers:[c7c0d573-77b1-47db-b09e-d84959a4a43f|127.0.0.1:15063, 486fef96-c6ec-41d9-a4ca-7ebb3d261081|127.0.0.1:15071, 4c7984b5-42f1-4e4b-a334-601f88f38b33|127.0.0.1:15079]|listeners:[], old=null}
2025-09-07 09:45:16,415 [4c7984b5-42f1-4e4b-a334-601f88f38b33@group-7A90E47A063C-LeaderElection100] INFO  impl.LeaderElection (LogUtils.java:infoOrTrace(142)) - 4c7984b5-42f1-4e4b-a334-601f88f38b33@group-7A90E47A063C-LeaderElection100 got exception when requesting votes: java.util.concurrent.ExecutionException: org.apache.ratis.thirdparty.io.grpc.StatusRuntimeException: UNAVAILABLE: io exception
2025-09-07 09:45:16,415 [4c7984b5-42f1-4e4b-a334-601f88f38b33@group-7A90E47A063C-LeaderElection100] INFO  impl.LeaderElection (LogUtils.java:infoOrTrace(142)) - 4c7984b5-42f1-4e4b-a334-601f88f38b33@group-7A90E47A063C-LeaderElection100 got exception when requesting votes: java.util.concurrent.ExecutionException: org.apache.ratis.thirdparty.io.grpc.StatusRuntimeException: UNAVAILABLE: io exception
2025-09-07 09:45:16,415 [4c7984b5-42f1-4e4b-a334-601f88f38b33@group-7A90E47A063C-LeaderElection100] INFO  impl.LeaderElection (LeaderElection.java:logAndReturn(206)) - 4c7984b5-42f1-4e4b-a334-601f88f38b33@group-7A90E47A063C-LeaderElection100: PRE_VOTE REJECTED received 0 response(s) and 2 exception(s):
2025-09-07 09:45:16,415 [4c7984b5-42f1-4e4b-a334-601f88f38b33@group-7A90E47A063C-LeaderElection100] INFO  impl.LeaderElection (LogUtils.java:infoOrTrace(142)) -   Exception 0: java.util.concurrent.ExecutionException: org.apache.ratis.thirdparty.io.grpc.StatusRuntimeException: UNAVAILABLE: io exception
2025-09-07 09:45:16,415 [4c7984b5-42f1-4e4b-a334-601f88f38b33@group-7A90E47A063C-LeaderElection100] INFO  impl.LeaderElection (LogUtils.java:infoOrTrace(142)) -   Exception 1: java.util.concurrent.ExecutionException: org.apache.ratis.thirdparty.io.grpc.StatusRuntimeException: UNAVAILABLE: io exception
2025-09-07 09:45:16,415 [4c7984b5-42f1-4e4b-a334-601f88f38b33@group-7A90E47A063C-LeaderElection100] INFO  impl.LeaderElection (LeaderElection.java:askForVotes(450)) - 4c7984b5-42f1-4e4b-a334-601f88f38b33@group-7A90E47A063C-LeaderElection100 PRE_VOTE round 0: result REJECTED
2025-09-07 09:45:16,416 [4c7984b5-42f1-4e4b-a334-601f88f38b33@group-7A90E47A063C-LeaderElection100] INFO  server.RaftServer$Division (RaftServerImpl.java:setRole(392)) - 4c7984b5-42f1-4e4b-a334-601f88f38b33@group-7A90E47A063C: changes role from CANDIDATE to FOLLOWER at term 2 for REJECTED
2025-09-07 09:45:16,416 [4c7984b5-42f1-4e4b-a334-601f88f38b33@group-7A90E47A063C-LeaderElection100] INFO  impl.RoleInfo (RoleInfo.java:shutdownLeaderElection(141)) - 4c7984b5-42f1-4e4b-a334-601f88f38b33: shutdown 4c7984b5-42f1-4e4b-a334-601f88f38b33@group-7A90E47A063C-LeaderElection100
2025-09-07 09:45:16,416 [4c7984b5-42f1-4e4b-a334-601f88f38b33@group-7A90E47A063C-LeaderElection100] INFO  impl.RoleInfo (RoleInfo.java:updateAndGet(148)) - 4c7984b5-42f1-4e4b-a334-601f88f38b33: start 4c7984b5-42f1-4e4b-a334-601f88f38b33@group-7A90E47A063C-FollowerState
2025-09-07 09:45:16,636 [4c7984b5-42f1-4e4b-a334-601f88f38b33@group-AF0CBE3D3EB0-FollowerState] INFO  impl.FollowerState (FollowerState.java:runImpl(161)) - 4c7984b5-42f1-4e4b-a334-601f88f38b33@group-AF0CBE3D3EB0-FollowerState: change to CANDIDATE, lastRpcElapsedTime:1064327308ns, electionTimeout:1064ms
2025-09-07 09:45:16,636 [4c7984b5-42f1-4e4b-a334-601f88f38b33@group-AF0CBE3D3EB0-FollowerState] INFO  impl.RoleInfo (RoleInfo.java:shutdownFollowerState(121)) - 4c7984b5-42f1-4e4b-a334-601f88f38b33: shutdown 4c7984b5-42f1-4e4b-a334-601f88f38b33@group-AF0CBE3D3EB0-FollowerState
2025-09-07 09:45:16,636 [4c7984b5-42f1-4e4b-a334-601f88f38b33@group-AF0CBE3D3EB0-FollowerState] INFO  server.RaftServer$Division (RaftServerImpl.java:setRole(392)) - 4c7984b5-42f1-4e4b-a334-601f88f38b33@group-AF0CBE3D3EB0: changes role from  FOLLOWER to CANDIDATE at term 1 for changeToCandidate
2025-09-07 09:45:16,636 [4c7984b5-42f1-4e4b-a334-601f88f38b33@group-AF0CBE3D3EB0-FollowerState] INFO  impl.RoleInfo (RoleInfo.java:updateAndGet(148)) - 4c7984b5-42f1-4e4b-a334-601f88f38b33: start 4c7984b5-42f1-4e4b-a334-601f88f38b33@group-AF0CBE3D3EB0-LeaderElection101
2025-09-07 09:45:16,636 [4c7984b5-42f1-4e4b-a334-601f88f38b33@group-AF0CBE3D3EB0-LeaderElection101] INFO  impl.LeaderElection (LeaderElection.java:askForVotes(448)) - 4c7984b5-42f1-4e4b-a334-601f88f38b33@group-AF0CBE3D3EB0-LeaderElection101 PRE_VOTE round 0: submit vote requests at term 1 for conf: {index: 0, cur=peers:[c7c0d573-77b1-47db-b09e-d84959a4a43f|127.0.0.1:15063, 486fef96-c6ec-41d9-a4ca-7ebb3d261081|127.0.0.1:15071, 4c7984b5-42f1-4e4b-a334-601f88f38b33|127.0.0.1:15079]|listeners:[], old=null}
2025-09-07 09:45:16,637 [4c7984b5-42f1-4e4b-a334-601f88f38b33@group-AF0CBE3D3EB0-LeaderElection101] INFO  impl.LeaderElection (LogUtils.java:infoOrTrace(142)) - 4c7984b5-42f1-4e4b-a334-601f88f38b33@group-AF0CBE3D3EB0-LeaderElection101 got exception when requesting votes: java.util.concurrent.ExecutionException: org.apache.ratis.thirdparty.io.grpc.StatusRuntimeException: UNAVAILABLE: io exception
2025-09-07 09:45:16,637 [4c7984b5-42f1-4e4b-a334-601f88f38b33@group-AF0CBE3D3EB0-LeaderElection101] INFO  impl.LeaderElection (LogUtils.java:infoOrTrace(142)) - 4c7984b5-42f1-4e4b-a334-601f88f38b33@group-AF0CBE3D3EB0-LeaderElection101 got exception when requesting votes: java.util.concurrent.ExecutionException: org.apache.ratis.thirdparty.io.grpc.StatusRuntimeException: UNAVAILABLE: io exception
2025-09-07 09:45:16,637 [4c7984b5-42f1-4e4b-a334-601f88f38b33@group-AF0CBE3D3EB0-LeaderElection101] INFO  impl.LeaderElection (LeaderElection.java:logAndReturn(206)) - 4c7984b5-42f1-4e4b-a334-601f88f38b33@group-AF0CBE3D3EB0-LeaderElection101: PRE_VOTE REJECTED received 0 response(s) and 2 exception(s):
2025-09-07 09:45:16,637 [4c7984b5-42f1-4e4b-a334-601f88f38b33@group-AF0CBE3D3EB0-LeaderElection101] INFO  impl.LeaderElection (LogUtils.java:infoOrTrace(142)) -   Exception 0: java.util.concurrent.ExecutionException: org.apache.ratis.thirdparty.io.grpc.StatusRuntimeException: UNAVAILABLE: io exception
2025-09-07 09:45:16,637 [4c7984b5-42f1-4e4b-a334-601f88f38b33@group-AF0CBE3D3EB0-LeaderElection101] INFO  impl.LeaderElection (LogUtils.java:infoOrTrace(142)) -   Exception 1: java.util.concurrent.ExecutionException: org.apache.ratis.thirdparty.io.grpc.StatusRuntimeException: UNAVAILABLE: io exception
2025-09-07 09:45:16,637 [4c7984b5-42f1-4e4b-a334-601f88f38b33@group-AF0CBE3D3EB0-LeaderElection101] INFO  impl.LeaderElection (LeaderElection.java:askForVotes(450)) - 4c7984b5-42f1-4e4b-a334-601f88f38b33@group-AF0CBE3D3EB0-LeaderElection101 PRE_VOTE round 0: result REJECTED
2025-09-07 09:45:16,637 [4c7984b5-42f1-4e4b-a334-601f88f38b33@group-AF0CBE3D3EB0-LeaderElection101] INFO  server.RaftServer$Division (RaftServerImpl.java:setRole(392)) - 4c7984b5-42f1-4e4b-a334-601f88f38b33@group-AF0CBE3D3EB0: changes role from CANDIDATE to FOLLOWER at term 1 for REJECTED
2025-09-07 09:45:16,637 [4c7984b5-42f1-4e4b-a334-601f88f38b33@group-AF0CBE3D3EB0-LeaderElection101] INFO  impl.RoleInfo (RoleInfo.java:shutdownLeaderElection(141)) - 4c7984b5-42f1-4e4b-a334-601f88f38b33: shutdown 4c7984b5-42f1-4e4b-a334-601f88f38b33@group-AF0CBE3D3EB0-LeaderElection101
2025-09-07 09:45:16,637 [4c7984b5-42f1-4e4b-a334-601f88f38b33@group-AF0CBE3D3EB0-LeaderElection101] INFO  impl.RoleInfo (RoleInfo.java:updateAndGet(148)) - 4c7984b5-42f1-4e4b-a334-601f88f38b33: start 4c7984b5-42f1-4e4b-a334-601f88f38b33@group-AF0CBE3D3EB0-FollowerState
2025-09-07 09:45:17,536 [4c7984b5-42f1-4e4b-a334-601f88f38b33@group-7A90E47A063C-FollowerState] INFO  impl.FollowerState (FollowerState.java:runImpl(161)) - 4c7984b5-42f1-4e4b-a334-601f88f38b33@group-7A90E47A063C-FollowerState: change to CANDIDATE, lastRpcElapsedTime:1120352223ns, electionTimeout:1120ms
2025-09-07 09:45:17,536 [4c7984b5-42f1-4e4b-a334-601f88f38b33@group-7A90E47A063C-FollowerState] INFO  impl.RoleInfo (RoleInfo.java:shutdownFollowerState(121)) - 4c7984b5-42f1-4e4b-a334-601f88f38b33: shutdown 4c7984b5-42f1-4e4b-a334-601f88f38b33@group-7A90E47A063C-FollowerState
2025-09-07 09:45:17,536 [4c7984b5-42f1-4e4b-a334-601f88f38b33@group-7A90E47A063C-FollowerState] INFO  server.RaftServer$Division (RaftServerImpl.java:setRole(392)) - 4c7984b5-42f1-4e4b-a334-601f88f38b33@group-7A90E47A063C: changes role from  FOLLOWER to CANDIDATE at term 2 for changeToCandidate
2025-09-07 09:45:17,536 [4c7984b5-42f1-4e4b-a334-601f88f38b33@group-7A90E47A063C-FollowerState] INFO  impl.RoleInfo (RoleInfo.java:updateAndGet(148)) - 4c7984b5-42f1-4e4b-a334-601f88f38b33: start 4c7984b5-42f1-4e4b-a334-601f88f38b33@group-7A90E47A063C-LeaderElection102
2025-09-07 09:45:17,537 [4c7984b5-42f1-4e4b-a334-601f88f38b33@group-7A90E47A063C-LeaderElection102] INFO  impl.LeaderElection (LeaderElection.java:askForVotes(448)) - 4c7984b5-42f1-4e4b-a334-601f88f38b33@group-7A90E47A063C-LeaderElection102 PRE_VOTE round 0: submit vote requests at term 2 for conf: {index: 17, cur=peers:[c7c0d573-77b1-47db-b09e-d84959a4a43f|127.0.0.1:15063, 486fef96-c6ec-41d9-a4ca-7ebb3d261081|127.0.0.1:15071, 4c7984b5-42f1-4e4b-a334-601f88f38b33|127.0.0.1:15079]|listeners:[], old=null}
2025-09-07 09:45:17,537 [4c7984b5-42f1-4e4b-a334-601f88f38b33@group-7A90E47A063C-LeaderElection102] INFO  impl.LeaderElection (LogUtils.java:infoOrTrace(142)) - 4c7984b5-42f1-4e4b-a334-601f88f38b33@group-7A90E47A063C-LeaderElection102 got exception when requesting votes: java.util.concurrent.ExecutionException: org.apache.ratis.thirdparty.io.grpc.StatusRuntimeException: UNAVAILABLE: io exception
2025-09-07 09:45:17,537 [4c7984b5-42f1-4e4b-a334-601f88f38b33@group-7A90E47A063C-LeaderElection102] INFO  impl.LeaderElection (LogUtils.java:infoOrTrace(142)) - 4c7984b5-42f1-4e4b-a334-601f88f38b33@group-7A90E47A063C-LeaderElection102 got exception when requesting votes: java.util.concurrent.ExecutionException: org.apache.ratis.thirdparty.io.grpc.StatusRuntimeException: UNAVAILABLE: io exception
2025-09-07 09:45:17,537 [4c7984b5-42f1-4e4b-a334-601f88f38b33@group-7A90E47A063C-LeaderElection102] INFO  impl.LeaderElection (LeaderElection.java:logAndReturn(206)) - 4c7984b5-42f1-4e4b-a334-601f88f38b33@group-7A90E47A063C-LeaderElection102: PRE_VOTE REJECTED received 0 response(s) and 2 exception(s):
2025-09-07 09:45:17,537 [4c7984b5-42f1-4e4b-a334-601f88f38b33@group-7A90E47A063C-LeaderElection102] INFO  impl.LeaderElection (LogUtils.java:infoOrTrace(142)) -   Exception 0: java.util.concurrent.ExecutionException: org.apache.ratis.thirdparty.io.grpc.StatusRuntimeException: UNAVAILABLE: io exception
2025-09-07 09:45:17,537 [4c7984b5-42f1-4e4b-a334-601f88f38b33@group-7A90E47A063C-LeaderElection102] INFO  impl.LeaderElection (LogUtils.java:infoOrTrace(142)) -   Exception 1: java.util.concurrent.ExecutionException: org.apache.ratis.thirdparty.io.grpc.StatusRuntimeException: UNAVAILABLE: io exception
2025-09-07 09:45:17,537 [4c7984b5-42f1-4e4b-a334-601f88f38b33@group-7A90E47A063C-LeaderElection102] INFO  impl.LeaderElection (LeaderElection.java:askForVotes(450)) - 4c7984b5-42f1-4e4b-a334-601f88f38b33@group-7A90E47A063C-LeaderElection102 PRE_VOTE round 0: result REJECTED
2025-09-07 09:45:17,537 [4c7984b5-42f1-4e4b-a334-601f88f38b33@group-7A90E47A063C-LeaderElection102] INFO  server.RaftServer$Division (RaftServerImpl.java:setRole(392)) - 4c7984b5-42f1-4e4b-a334-601f88f38b33@group-7A90E47A063C: changes role from CANDIDATE to FOLLOWER at term 2 for REJECTED
2025-09-07 09:45:17,538 [4c7984b5-42f1-4e4b-a334-601f88f38b33@group-7A90E47A063C-LeaderElection102] INFO  impl.RoleInfo (RoleInfo.java:shutdownLeaderElection(141)) - 4c7984b5-42f1-4e4b-a334-601f88f38b33: shutdown 4c7984b5-42f1-4e4b-a334-601f88f38b33@group-7A90E47A063C-LeaderElection102
2025-09-07 09:45:17,538 [4c7984b5-42f1-4e4b-a334-601f88f38b33@group-7A90E47A063C-LeaderElection102] INFO  impl.RoleInfo (RoleInfo.java:updateAndGet(148)) - 4c7984b5-42f1-4e4b-a334-601f88f38b33: start 4c7984b5-42f1-4e4b-a334-601f88f38b33@group-7A90E47A063C-FollowerState
2025-09-07 09:45:17,683 [4c7984b5-42f1-4e4b-a334-601f88f38b33@group-AF0CBE3D3EB0-FollowerState] INFO  impl.FollowerState (FollowerState.java:runImpl(161)) - 4c7984b5-42f1-4e4b-a334-601f88f38b33@group-AF0CBE3D3EB0-FollowerState: change to CANDIDATE, lastRpcElapsedTime:1045268281ns, electionTimeout:1045ms
2025-09-07 09:45:17,683 [4c7984b5-42f1-4e4b-a334-601f88f38b33@group-AF0CBE3D3EB0-FollowerState] INFO  impl.RoleInfo (RoleInfo.java:shutdownFollowerState(121)) - 4c7984b5-42f1-4e4b-a334-601f88f38b33: shutdown 4c7984b5-42f1-4e4b-a334-601f88f38b33@group-AF0CBE3D3EB0-FollowerState
2025-09-07 09:45:17,683 [4c7984b5-42f1-4e4b-a334-601f88f38b33@group-AF0CBE3D3EB0-FollowerState] INFO  server.RaftServer$Division (RaftServerImpl.java:setRole(392)) - 4c7984b5-42f1-4e4b-a334-601f88f38b33@group-AF0CBE3D3EB0: changes role from  FOLLOWER to CANDIDATE at term 1 for changeToCandidate
2025-09-07 09:45:17,683 [4c7984b5-42f1-4e4b-a334-601f88f38b33@group-AF0CBE3D3EB0-FollowerState] INFO  impl.RoleInfo (RoleInfo.java:updateAndGet(148)) - 4c7984b5-42f1-4e4b-a334-601f88f38b33: start 4c7984b5-42f1-4e4b-a334-601f88f38b33@group-AF0CBE3D3EB0-LeaderElection103
2025-09-07 09:45:17,683 [4c7984b5-42f1-4e4b-a334-601f88f38b33@group-AF0CBE3D3EB0-LeaderElection103] INFO  impl.LeaderElection (LeaderElection.java:askForVotes(448)) - 4c7984b5-42f1-4e4b-a334-601f88f38b33@group-AF0CBE3D3EB0-LeaderElection103 PRE_VOTE round 0: submit vote requests at term 1 for conf: {index: 0, cur=peers:[c7c0d573-77b1-47db-b09e-d84959a4a43f|127.0.0.1:15063, 486fef96-c6ec-41d9-a4ca-7ebb3d261081|127.0.0.1:15071, 4c7984b5-42f1-4e4b-a334-601f88f38b33|127.0.0.1:15079]|listeners:[], old=null}
2025-09-07 09:45:17,684 [4c7984b5-42f1-4e4b-a334-601f88f38b33@group-AF0CBE3D3EB0-LeaderElection103] INFO  impl.LeaderElection (LogUtils.java:infoOrTrace(142)) - 4c7984b5-42f1-4e4b-a334-601f88f38b33@group-AF0CBE3D3EB0-LeaderElection103 got exception when requesting votes: java.util.concurrent.ExecutionException: org.apache.ratis.thirdparty.io.grpc.StatusRuntimeException: UNAVAILABLE: io exception
2025-09-07 09:45:17,684 [4c7984b5-42f1-4e4b-a334-601f88f38b33@group-AF0CBE3D3EB0-LeaderElection103] INFO  impl.LeaderElection (LogUtils.java:infoOrTrace(142)) - 4c7984b5-42f1-4e4b-a334-601f88f38b33@group-AF0CBE3D3EB0-LeaderElection103 got exception when requesting votes: java.util.concurrent.ExecutionException: org.apache.ratis.thirdparty.io.grpc.StatusRuntimeException: UNAVAILABLE: io exception
2025-09-07 09:45:17,684 [4c7984b5-42f1-4e4b-a334-601f88f38b33@group-AF0CBE3D3EB0-LeaderElection103] INFO  impl.LeaderElection (LeaderElection.java:logAndReturn(206)) - 4c7984b5-42f1-4e4b-a334-601f88f38b33@group-AF0CBE3D3EB0-LeaderElection103: PRE_VOTE REJECTED received 0 response(s) and 2 exception(s):
2025-09-07 09:45:17,684 [4c7984b5-42f1-4e4b-a334-601f88f38b33@group-AF0CBE3D3EB0-LeaderElection103] INFO  impl.LeaderElection (LogUtils.java:infoOrTrace(142)) -   Exception 0: java.util.concurrent.ExecutionException: org.apache.ratis.thirdparty.io.grpc.StatusRuntimeException: UNAVAILABLE: io exception
2025-09-07 09:45:17,684 [4c7984b5-42f1-4e4b-a334-601f88f38b33@group-AF0CBE3D3EB0-LeaderElection103] INFO  impl.LeaderElection (LogUtils.java:infoOrTrace(142)) -   Exception 1: java.util.concurrent.ExecutionException: org.apache.ratis.thirdparty.io.grpc.StatusRuntimeException: UNAVAILABLE: io exception
2025-09-07 09:45:17,684 [4c7984b5-42f1-4e4b-a334-601f88f38b33@group-AF0CBE3D3EB0-LeaderElection103] INFO  impl.LeaderElection (LeaderElection.java:askForVotes(450)) - 4c7984b5-42f1-4e4b-a334-601f88f38b33@group-AF0CBE3D3EB0-LeaderElection103 PRE_VOTE round 0: result REJECTED
2025-09-07 09:45:17,684 [4c7984b5-42f1-4e4b-a334-601f88f38b33@group-AF0CBE3D3EB0-LeaderElection103] INFO  server.RaftServer$Division (RaftServerImpl.java:setRole(392)) - 4c7984b5-42f1-4e4b-a334-601f88f38b33@group-AF0CBE3D3EB0: changes role from CANDIDATE to FOLLOWER at term 1 for REJECTED
2025-09-07 09:45:17,684 [4c7984b5-42f1-4e4b-a334-601f88f38b33@group-AF0CBE3D3EB0-LeaderElection103] INFO  impl.RoleInfo (RoleInfo.java:shutdownLeaderElection(141)) - 4c7984b5-42f1-4e4b-a334-601f88f38b33: shutdown 4c7984b5-42f1-4e4b-a334-601f88f38b33@group-AF0CBE3D3EB0-LeaderElection103
2025-09-07 09:45:17,684 [4c7984b5-42f1-4e4b-a334-601f88f38b33@group-AF0CBE3D3EB0-LeaderElection103] INFO  impl.RoleInfo (RoleInfo.java:updateAndGet(148)) - 4c7984b5-42f1-4e4b-a334-601f88f38b33: start 4c7984b5-42f1-4e4b-a334-601f88f38b33@group-AF0CBE3D3EB0-FollowerState
2025-09-07 09:45:18,106 [grpc-default-executor-7] ERROR impl.OrderedAsync (OrderedAsync.java:lambda$null$6(215)) -  client-C3B9DB0FB337: Failed* RaftClientRequest:client-C3B9DB0FB337->486fef96-c6ec-41d9-a4ca-7ebb3d261081@group-AF0CBE3D3EB0, cid=41, seq=1*, Watch(0), null
java.util.concurrent.CompletionException: java.io.IOException: org.apache.ratis.thirdparty.io.grpc.StatusRuntimeException: UNAVAILABLE: io exception
	at java.base/java.util.concurrent.CompletableFuture.encodeThrowable(CompletableFuture.java:332)
	at java.base/java.util.concurrent.CompletableFuture.completeThrowable(CompletableFuture.java:347)
	at java.base/java.util.concurrent.CompletableFuture$UniAccept.tryFire(CompletableFuture.java:708)
	at java.base/java.util.concurrent.CompletableFuture.postComplete(CompletableFuture.java:510)
	at java.base/java.util.concurrent.CompletableFuture.completeExceptionally(CompletableFuture.java:2194)
	at org.apache.ratis.grpc.client.GrpcClientProtocolClient$AsyncStreamObservers.completeReplyExceptionally(GrpcClientProtocolClient.java:397)
	at org.apache.ratis.grpc.client.GrpcClientProtocolClient$AsyncStreamObservers.access$000(GrpcClientProtocolClient.java:303)
	at org.apache.ratis.grpc.client.GrpcClientProtocolClient$AsyncStreamObservers$1.onError(GrpcClientProtocolClient.java:334)
	at org.apache.ratis.thirdparty.io.grpc.stub.ClientCalls$StreamObserverToCallListenerAdapter.onClose(ClientCalls.java:564)
	at org.apache.ratis.thirdparty.io.grpc.PartialForwardingClientCallListener.onClose(PartialForwardingClientCallListener.java:39)
	at org.apache.ratis.thirdparty.io.grpc.ForwardingClientCallListener.onClose(ForwardingClientCallListener.java:23)
	at org.apache.ratis.grpc.metrics.intercept.client.MetricClientCallListener.onClose(MetricClientCallListener.java:47)
	at org.apache.ratis.thirdparty.io.grpc.internal.ClientCallImpl.closeObserver(ClientCallImpl.java:565)
	at org.apache.ratis.thirdparty.io.grpc.internal.ClientCallImpl.access$100(ClientCallImpl.java:72)
	at org.apache.ratis.thirdparty.io.grpc.internal.ClientCallImpl$ClientStreamListenerImpl$1StreamClosed.runInternal(ClientCallImpl.java:733)
	at org.apache.ratis.thirdparty.io.grpc.internal.ClientCallImpl$ClientStreamListenerImpl$1StreamClosed.runInContext(ClientCallImpl.java:714)
	at org.apache.ratis.thirdparty.io.grpc.internal.ContextRunnable.run(ContextRunnable.java:37)
	at org.apache.ratis.thirdparty.io.grpc.internal.SerializingExecutor.run(SerializingExecutor.java:133)
	at java.base/java.util.concurrent.ThreadPoolExecutor.runWorker(ThreadPoolExecutor.java:1144)
	at java.base/java.util.concurrent.ThreadPoolExecutor$Worker.run(ThreadPoolExecutor.java:642)
	at java.base/java.lang.Thread.run(Thread.java:1583)
Caused by: java.io.IOException: org.apache.ratis.thirdparty.io.grpc.StatusRuntimeException: UNAVAILABLE: io exception
	at org.apache.ratis.grpc.GrpcUtil.unwrapException(GrpcUtil.java:99)
	at org.apache.ratis.grpc.GrpcUtil.unwrapIOException(GrpcUtil.java:159)
	at org.apache.ratis.grpc.client.GrpcClientProtocolClient$AsyncStreamObservers$1.onError(GrpcClientProtocolClient.java:333)
	... 13 more
Caused by: org.apache.ratis.thirdparty.io.grpc.StatusRuntimeException: UNAVAILABLE: io exception
	at org.apache.ratis.thirdparty.io.grpc.Status.asRuntimeException(Status.java:532)
	... 13 more
Caused by: org.apache.ratis.thirdparty.io.netty.channel.AbstractChannel$AnnotatedConnectException: finishConnect(..) failed: Connection refused: /127.0.0.1:15069
Caused by: java.net.ConnectException: finishConnect(..) failed: Connection refused
	at org.apache.ratis.thirdparty.io.netty.channel.unix.Errors.newConnectException0(Errors.java:166)
	at org.apache.ratis.thirdparty.io.netty.channel.unix.Errors.handleConnectErrno(Errors.java:131)
	at org.apache.ratis.thirdparty.io.netty.channel.unix.Socket.finishConnect(Socket.java:359)
	at org.apache.ratis.thirdparty.io.netty.channel.epoll.AbstractEpollChannel$AbstractEpollUnsafe.doFinishConnect(AbstractEpollChannel.java:715)
	at org.apache.ratis.thirdparty.io.netty.channel.epoll.AbstractEpollChannel$AbstractEpollUnsafe.finishConnect(AbstractEpollChannel.java:692)
	at org.apache.ratis.thirdparty.io.netty.channel.epoll.AbstractEpollChannel$AbstractEpollUnsafe.epollOutReady(AbstractEpollChannel.java:567)
	at org.apache.ratis.thirdparty.io.netty.channel.epoll.EpollEventLoop.processReady(EpollEventLoop.java:491)
	at org.apache.ratis.thirdparty.io.netty.channel.epoll.EpollEventLoop.run(EpollEventLoop.java:399)
	at org.apache.ratis.thirdparty.io.netty.util.concurrent.SingleThreadEventExecutor$4.run(SingleThreadEventExecutor.java:998)
	at org.apache.ratis.thirdparty.io.netty.util.internal.ThreadExecutorMap$2.run(ThreadExecutorMap.java:74)
	at org.apache.ratis.thirdparty.io.netty.util.concurrent.FastThreadLocalRunnable.run(FastThreadLocalRunnable.java:30)
	at java.base/java.lang.Thread.run(Thread.java:1583)
2025-09-07 09:45:18,702 [4c7984b5-42f1-4e4b-a334-601f88f38b33@group-7A90E47A063C-FollowerState] INFO  impl.FollowerState (FollowerState.java:runImpl(161)) - 4c7984b5-42f1-4e4b-a334-601f88f38b33@group-7A90E47A063C-FollowerState: change to CANDIDATE, lastRpcElapsedTime:1164406308ns, electionTimeout:1164ms
2025-09-07 09:45:18,702 [4c7984b5-42f1-4e4b-a334-601f88f38b33@group-7A90E47A063C-FollowerState] INFO  impl.RoleInfo (RoleInfo.java:shutdownFollowerState(121)) - 4c7984b5-42f1-4e4b-a334-601f88f38b33: shutdown 4c7984b5-42f1-4e4b-a334-601f88f38b33@group-7A90E47A063C-FollowerState
2025-09-07 09:45:18,702 [4c7984b5-42f1-4e4b-a334-601f88f38b33@group-7A90E47A063C-FollowerState] INFO  server.RaftServer$Division (RaftServerImpl.java:setRole(392)) - 4c7984b5-42f1-4e4b-a334-601f88f38b33@group-7A90E47A063C: changes role from  FOLLOWER to CANDIDATE at term 2 for changeToCandidate
2025-09-07 09:45:18,702 [4c7984b5-42f1-4e4b-a334-601f88f38b33@group-7A90E47A063C-FollowerState] INFO  impl.RoleInfo (RoleInfo.java:updateAndGet(148)) - 4c7984b5-42f1-4e4b-a334-601f88f38b33: start 4c7984b5-42f1-4e4b-a334-601f88f38b33@group-7A90E47A063C-LeaderElection104
2025-09-07 09:45:18,703 [4c7984b5-42f1-4e4b-a334-601f88f38b33@group-7A90E47A063C-LeaderElection104] INFO  impl.LeaderElection (LeaderElection.java:askForVotes(448)) - 4c7984b5-42f1-4e4b-a334-601f88f38b33@group-7A90E47A063C-LeaderElection104 PRE_VOTE round 0: submit vote requests at term 2 for conf: {index: 17, cur=peers:[c7c0d573-77b1-47db-b09e-d84959a4a43f|127.0.0.1:15063, 486fef96-c6ec-41d9-a4ca-7ebb3d261081|127.0.0.1:15071, 4c7984b5-42f1-4e4b-a334-601f88f38b33|127.0.0.1:15079]|listeners:[], old=null}
2025-09-07 09:45:18,703 [4c7984b5-42f1-4e4b-a334-601f88f38b33@group-7A90E47A063C-LeaderElection104] INFO  impl.LeaderElection (LogUtils.java:infoOrTrace(142)) - 4c7984b5-42f1-4e4b-a334-601f88f38b33@group-7A90E47A063C-LeaderElection104 got exception when requesting votes: java.util.concurrent.ExecutionException: org.apache.ratis.thirdparty.io.grpc.StatusRuntimeException: UNAVAILABLE: io exception
2025-09-07 09:45:18,703 [4c7984b5-42f1-4e4b-a334-601f88f38b33@group-7A90E47A063C-LeaderElection104] INFO  impl.LeaderElection (LogUtils.java:infoOrTrace(142)) - 4c7984b5-42f1-4e4b-a334-601f88f38b33@group-7A90E47A063C-LeaderElection104 got exception when requesting votes: java.util.concurrent.ExecutionException: org.apache.ratis.thirdparty.io.grpc.StatusRuntimeException: UNAVAILABLE: io exception
2025-09-07 09:45:18,703 [4c7984b5-42f1-4e4b-a334-601f88f38b33@group-7A90E47A063C-LeaderElection104] INFO  impl.LeaderElection (LeaderElection.java:logAndReturn(206)) - 4c7984b5-42f1-4e4b-a334-601f88f38b33@group-7A90E47A063C-LeaderElection104: PRE_VOTE REJECTED received 0 response(s) and 2 exception(s):
2025-09-07 09:45:18,703 [4c7984b5-42f1-4e4b-a334-601f88f38b33@group-7A90E47A063C-LeaderElection104] INFO  impl.LeaderElection (LogUtils.java:infoOrTrace(142)) -   Exception 0: java.util.concurrent.ExecutionException: org.apache.ratis.thirdparty.io.grpc.StatusRuntimeException: UNAVAILABLE: io exception
2025-09-07 09:45:18,703 [4c7984b5-42f1-4e4b-a334-601f88f38b33@group-7A90E47A063C-LeaderElection104] INFO  impl.LeaderElection (LogUtils.java:infoOrTrace(142)) -   Exception 1: java.util.concurrent.ExecutionException: org.apache.ratis.thirdparty.io.grpc.StatusRuntimeException: UNAVAILABLE: io exception
2025-09-07 09:45:18,704 [4c7984b5-42f1-4e4b-a334-601f88f38b33@group-7A90E47A063C-LeaderElection104] INFO  impl.LeaderElection (LeaderElection.java:askForVotes(450)) - 4c7984b5-42f1-4e4b-a334-601f88f38b33@group-7A90E47A063C-LeaderElection104 PRE_VOTE round 0: result REJECTED
2025-09-07 09:45:18,704 [4c7984b5-42f1-4e4b-a334-601f88f38b33@group-7A90E47A063C-LeaderElection104] INFO  server.RaftServer$Division (RaftServerImpl.java:setRole(392)) - 4c7984b5-42f1-4e4b-a334-601f88f38b33@group-7A90E47A063C: changes role from CANDIDATE to FOLLOWER at term 2 for REJECTED
2025-09-07 09:45:18,704 [4c7984b5-42f1-4e4b-a334-601f88f38b33@group-7A90E47A063C-LeaderElection104] INFO  impl.RoleInfo (RoleInfo.java:shutdownLeaderElection(141)) - 4c7984b5-42f1-4e4b-a334-601f88f38b33: shutdown 4c7984b5-42f1-4e4b-a334-601f88f38b33@group-7A90E47A063C-LeaderElection104
2025-09-07 09:45:18,704 [4c7984b5-42f1-4e4b-a334-601f88f38b33@group-7A90E47A063C-LeaderElection104] INFO  impl.RoleInfo (RoleInfo.java:updateAndGet(148)) - 4c7984b5-42f1-4e4b-a334-601f88f38b33: start 4c7984b5-42f1-4e4b-a334-601f88f38b33@group-7A90E47A063C-FollowerState
2025-09-07 09:45:18,723 [4c7984b5-42f1-4e4b-a334-601f88f38b33@group-AF0CBE3D3EB0-FollowerState] INFO  impl.FollowerState (FollowerState.java:runImpl(161)) - 4c7984b5-42f1-4e4b-a334-601f88f38b33@group-AF0CBE3D3EB0-FollowerState: change to CANDIDATE, lastRpcElapsedTime:1038316236ns, electionTimeout:1038ms
2025-09-07 09:45:18,723 [4c7984b5-42f1-4e4b-a334-601f88f38b33@group-AF0CBE3D3EB0-FollowerState] INFO  impl.RoleInfo (RoleInfo.java:shutdownFollowerState(121)) - 4c7984b5-42f1-4e4b-a334-601f88f38b33: shutdown 4c7984b5-42f1-4e4b-a334-601f88f38b33@group-AF0CBE3D3EB0-FollowerState
2025-09-07 09:45:18,723 [4c7984b5-42f1-4e4b-a334-601f88f38b33@group-AF0CBE3D3EB0-FollowerState] INFO  server.RaftServer$Division (RaftServerImpl.java:setRole(392)) - 4c7984b5-42f1-4e4b-a334-601f88f38b33@group-AF0CBE3D3EB0: changes role from  FOLLOWER to CANDIDATE at term 1 for changeToCandidate
2025-09-07 09:45:18,723 [4c7984b5-42f1-4e4b-a334-601f88f38b33@group-AF0CBE3D3EB0-FollowerState] INFO  impl.RoleInfo (RoleInfo.java:updateAndGet(148)) - 4c7984b5-42f1-4e4b-a334-601f88f38b33: start 4c7984b5-42f1-4e4b-a334-601f88f38b33@group-AF0CBE3D3EB0-LeaderElection105
2025-09-07 09:45:18,723 [4c7984b5-42f1-4e4b-a334-601f88f38b33@group-AF0CBE3D3EB0-LeaderElection105] INFO  impl.LeaderElection (LeaderElection.java:askForVotes(448)) - 4c7984b5-42f1-4e4b-a334-601f88f38b33@group-AF0CBE3D3EB0-LeaderElection105 PRE_VOTE round 0: submit vote requests at term 1 for conf: {index: 0, cur=peers:[c7c0d573-77b1-47db-b09e-d84959a4a43f|127.0.0.1:15063, 486fef96-c6ec-41d9-a4ca-7ebb3d261081|127.0.0.1:15071, 4c7984b5-42f1-4e4b-a334-601f88f38b33|127.0.0.1:15079]|listeners:[], old=null}
2025-09-07 09:45:18,724 [4c7984b5-42f1-4e4b-a334-601f88f38b33@group-AF0CBE3D3EB0-LeaderElection105] INFO  impl.LeaderElection (LogUtils.java:infoOrTrace(142)) - 4c7984b5-42f1-4e4b-a334-601f88f38b33@group-AF0CBE3D3EB0-LeaderElection105 got exception when requesting votes: java.util.concurrent.ExecutionException: org.apache.ratis.thirdparty.io.grpc.StatusRuntimeException: UNAVAILABLE: io exception
2025-09-07 09:45:18,724 [4c7984b5-42f1-4e4b-a334-601f88f38b33@group-AF0CBE3D3EB0-LeaderElection105] INFO  impl.LeaderElection (LogUtils.java:infoOrTrace(142)) - 4c7984b5-42f1-4e4b-a334-601f88f38b33@group-AF0CBE3D3EB0-LeaderElection105 got exception when requesting votes: java.util.concurrent.ExecutionException: org.apache.ratis.thirdparty.io.grpc.StatusRuntimeException: UNAVAILABLE: io exception
2025-09-07 09:45:18,724 [4c7984b5-42f1-4e4b-a334-601f88f38b33@group-AF0CBE3D3EB0-LeaderElection105] INFO  impl.LeaderElection (LeaderElection.java:logAndReturn(206)) - 4c7984b5-42f1-4e4b-a334-601f88f38b33@group-AF0CBE3D3EB0-LeaderElection105: PRE_VOTE REJECTED received 0 response(s) and 2 exception(s):
2025-09-07 09:45:18,724 [4c7984b5-42f1-4e4b-a334-601f88f38b33@group-AF0CBE3D3EB0-LeaderElection105] INFO  impl.LeaderElection (LogUtils.java:infoOrTrace(142)) -   Exception 0: java.util.concurrent.ExecutionException: org.apache.ratis.thirdparty.io.grpc.StatusRuntimeException: UNAVAILABLE: io exception
2025-09-07 09:45:18,724 [4c7984b5-42f1-4e4b-a334-601f88f38b33@group-AF0CBE3D3EB0-LeaderElection105] INFO  impl.LeaderElection (LogUtils.java:infoOrTrace(142)) -   Exception 1: java.util.concurrent.ExecutionException: org.apache.ratis.thirdparty.io.grpc.StatusRuntimeException: UNAVAILABLE: io exception
2025-09-07 09:45:18,724 [4c7984b5-42f1-4e4b-a334-601f88f38b33@group-AF0CBE3D3EB0-LeaderElection105] INFO  impl.LeaderElection (LeaderElection.java:askForVotes(450)) - 4c7984b5-42f1-4e4b-a334-601f88f38b33@group-AF0CBE3D3EB0-LeaderElection105 PRE_VOTE round 0: result REJECTED
2025-09-07 09:45:18,724 [4c7984b5-42f1-4e4b-a334-601f88f38b33@group-AF0CBE3D3EB0-LeaderElection105] INFO  server.RaftServer$Division (RaftServerImpl.java:setRole(392)) - 4c7984b5-42f1-4e4b-a334-601f88f38b33@group-AF0CBE3D3EB0: changes role from CANDIDATE to FOLLOWER at term 1 for REJECTED
2025-09-07 09:45:18,724 [4c7984b5-42f1-4e4b-a334-601f88f38b33@group-AF0CBE3D3EB0-LeaderElection105] INFO  impl.RoleInfo (RoleInfo.java:shutdownLeaderElection(141)) - 4c7984b5-42f1-4e4b-a334-601f88f38b33: shutdown 4c7984b5-42f1-4e4b-a334-601f88f38b33@group-AF0CBE3D3EB0-LeaderElection105
2025-09-07 09:45:18,724 [4c7984b5-42f1-4e4b-a334-601f88f38b33@group-AF0CBE3D3EB0-LeaderElection105] INFO  impl.RoleInfo (RoleInfo.java:updateAndGet(148)) - 4c7984b5-42f1-4e4b-a334-601f88f38b33: start 4c7984b5-42f1-4e4b-a334-601f88f38b33@group-AF0CBE3D3EB0-FollowerState
2025-09-07 09:45:19,746 [4c7984b5-42f1-4e4b-a334-601f88f38b33@group-7A90E47A063C-FollowerState] INFO  impl.FollowerState (FollowerState.java:runImpl(161)) - 4c7984b5-42f1-4e4b-a334-601f88f38b33@group-7A90E47A063C-FollowerState: change to CANDIDATE, lastRpcElapsedTime:1042338367ns, electionTimeout:1042ms
2025-09-07 09:45:19,746 [4c7984b5-42f1-4e4b-a334-601f88f38b33@group-7A90E47A063C-FollowerState] INFO  impl.RoleInfo (RoleInfo.java:shutdownFollowerState(121)) - 4c7984b5-42f1-4e4b-a334-601f88f38b33: shutdown 4c7984b5-42f1-4e4b-a334-601f88f38b33@group-7A90E47A063C-FollowerState
2025-09-07 09:45:19,746 [4c7984b5-42f1-4e4b-a334-601f88f38b33@group-7A90E47A063C-FollowerState] INFO  server.RaftServer$Division (RaftServerImpl.java:setRole(392)) - 4c7984b5-42f1-4e4b-a334-601f88f38b33@group-7A90E47A063C: changes role from  FOLLOWER to CANDIDATE at term 2 for changeToCandidate
2025-09-07 09:45:19,746 [4c7984b5-42f1-4e4b-a334-601f88f38b33@group-7A90E47A063C-FollowerState] INFO  impl.RoleInfo (RoleInfo.java:updateAndGet(148)) - 4c7984b5-42f1-4e4b-a334-601f88f38b33: start 4c7984b5-42f1-4e4b-a334-601f88f38b33@group-7A90E47A063C-LeaderElection106
2025-09-07 09:45:19,747 [4c7984b5-42f1-4e4b-a334-601f88f38b33@group-7A90E47A063C-LeaderElection106] INFO  impl.LeaderElection (LeaderElection.java:askForVotes(448)) - 4c7984b5-42f1-4e4b-a334-601f88f38b33@group-7A90E47A063C-LeaderElection106 PRE_VOTE round 0: submit vote requests at term 2 for conf: {index: 17, cur=peers:[c7c0d573-77b1-47db-b09e-d84959a4a43f|127.0.0.1:15063, 486fef96-c6ec-41d9-a4ca-7ebb3d261081|127.0.0.1:15071, 4c7984b5-42f1-4e4b-a334-601f88f38b33|127.0.0.1:15079]|listeners:[], old=null}
2025-09-07 09:45:19,747 [4c7984b5-42f1-4e4b-a334-601f88f38b33@group-7A90E47A063C-LeaderElection106] INFO  impl.LeaderElection (LogUtils.java:infoOrTrace(142)) - 4c7984b5-42f1-4e4b-a334-601f88f38b33@group-7A90E47A063C-LeaderElection106 got exception when requesting votes: java.util.concurrent.ExecutionException: org.apache.ratis.thirdparty.io.grpc.StatusRuntimeException: UNAVAILABLE: io exception
2025-09-07 09:45:19,748 [4c7984b5-42f1-4e4b-a334-601f88f38b33@group-7A90E47A063C-LeaderElection106] INFO  impl.LeaderElection (LogUtils.java:infoOrTrace(142)) - 4c7984b5-42f1-4e4b-a334-601f88f38b33@group-7A90E47A063C-LeaderElection106 got exception when requesting votes: java.util.concurrent.ExecutionException: org.apache.ratis.thirdparty.io.grpc.StatusRuntimeException: UNAVAILABLE: io exception
2025-09-07 09:45:19,748 [4c7984b5-42f1-4e4b-a334-601f88f38b33@group-7A90E47A063C-LeaderElection106] INFO  impl.LeaderElection (LeaderElection.java:logAndReturn(206)) - 4c7984b5-42f1-4e4b-a334-601f88f38b33@group-7A90E47A063C-LeaderElection106: PRE_VOTE REJECTED received 0 response(s) and 2 exception(s):
2025-09-07 09:45:19,748 [4c7984b5-42f1-4e4b-a334-601f88f38b33@group-7A90E47A063C-LeaderElection106] INFO  impl.LeaderElection (LogUtils.java:infoOrTrace(142)) -   Exception 0: java.util.concurrent.ExecutionException: org.apache.ratis.thirdparty.io.grpc.StatusRuntimeException: UNAVAILABLE: io exception
2025-09-07 09:45:19,748 [4c7984b5-42f1-4e4b-a334-601f88f38b33@group-7A90E47A063C-LeaderElection106] INFO  impl.LeaderElection (LogUtils.java:infoOrTrace(142)) -   Exception 1: java.util.concurrent.ExecutionException: org.apache.ratis.thirdparty.io.grpc.StatusRuntimeException: UNAVAILABLE: io exception
2025-09-07 09:45:19,748 [4c7984b5-42f1-4e4b-a334-601f88f38b33@group-7A90E47A063C-LeaderElection106] INFO  impl.LeaderElection (LeaderElection.java:askForVotes(450)) - 4c7984b5-42f1-4e4b-a334-601f88f38b33@group-7A90E47A063C-LeaderElection106 PRE_VOTE round 0: result REJECTED
2025-09-07 09:45:19,748 [4c7984b5-42f1-4e4b-a334-601f88f38b33@group-7A90E47A063C-LeaderElection106] INFO  server.RaftServer$Division (RaftServerImpl.java:setRole(392)) - 4c7984b5-42f1-4e4b-a334-601f88f38b33@group-7A90E47A063C: changes role from CANDIDATE to FOLLOWER at term 2 for REJECTED
2025-09-07 09:45:19,748 [4c7984b5-42f1-4e4b-a334-601f88f38b33@group-7A90E47A063C-LeaderElection106] INFO  impl.RoleInfo (RoleInfo.java:shutdownLeaderElection(141)) - 4c7984b5-42f1-4e4b-a334-601f88f38b33: shutdown 4c7984b5-42f1-4e4b-a334-601f88f38b33@group-7A90E47A063C-LeaderElection106
2025-09-07 09:45:19,748 [4c7984b5-42f1-4e4b-a334-601f88f38b33@group-7A90E47A063C-LeaderElection106] INFO  impl.RoleInfo (RoleInfo.java:updateAndGet(148)) - 4c7984b5-42f1-4e4b-a334-601f88f38b33: start 4c7984b5-42f1-4e4b-a334-601f88f38b33@group-7A90E47A063C-FollowerState
2025-09-07 09:45:19,851 [4c7984b5-42f1-4e4b-a334-601f88f38b33@group-AF0CBE3D3EB0-FollowerState] INFO  impl.FollowerState (FollowerState.java:runImpl(161)) - 4c7984b5-42f1-4e4b-a334-601f88f38b33@group-AF0CBE3D3EB0-FollowerState: change to CANDIDATE, lastRpcElapsedTime:1126310503ns, electionTimeout:1126ms
2025-09-07 09:45:19,851 [4c7984b5-42f1-4e4b-a334-601f88f38b33@group-AF0CBE3D3EB0-FollowerState] INFO  impl.RoleInfo (RoleInfo.java:shutdownFollowerState(121)) - 4c7984b5-42f1-4e4b-a334-601f88f38b33: shutdown 4c7984b5-42f1-4e4b-a334-601f88f38b33@group-AF0CBE3D3EB0-FollowerState
2025-09-07 09:45:19,851 [4c7984b5-42f1-4e4b-a334-601f88f38b33@group-AF0CBE3D3EB0-FollowerState] INFO  server.RaftServer$Division (RaftServerImpl.java:setRole(392)) - 4c7984b5-42f1-4e4b-a334-601f88f38b33@group-AF0CBE3D3EB0: changes role from  FOLLOWER to CANDIDATE at term 1 for changeToCandidate
2025-09-07 09:45:19,851 [4c7984b5-42f1-4e4b-a334-601f88f38b33@group-AF0CBE3D3EB0-FollowerState] INFO  impl.RoleInfo (RoleInfo.java:updateAndGet(148)) - 4c7984b5-42f1-4e4b-a334-601f88f38b33: start 4c7984b5-42f1-4e4b-a334-601f88f38b33@group-AF0CBE3D3EB0-LeaderElection107
2025-09-07 09:45:19,851 [4c7984b5-42f1-4e4b-a334-601f88f38b33@group-AF0CBE3D3EB0-LeaderElection107] INFO  impl.LeaderElection (LeaderElection.java:askForVotes(448)) - 4c7984b5-42f1-4e4b-a334-601f88f38b33@group-AF0CBE3D3EB0-LeaderElection107 PRE_VOTE round 0: submit vote requests at term 1 for conf: {index: 0, cur=peers:[c7c0d573-77b1-47db-b09e-d84959a4a43f|127.0.0.1:15063, 486fef96-c6ec-41d9-a4ca-7ebb3d261081|127.0.0.1:15071, 4c7984b5-42f1-4e4b-a334-601f88f38b33|127.0.0.1:15079]|listeners:[], old=null}
2025-09-07 09:45:19,852 [4c7984b5-42f1-4e4b-a334-601f88f38b33@group-AF0CBE3D3EB0-LeaderElection107] INFO  impl.LeaderElection (LogUtils.java:infoOrTrace(142)) - 4c7984b5-42f1-4e4b-a334-601f88f38b33@group-AF0CBE3D3EB0-LeaderElection107 got exception when requesting votes: java.util.concurrent.ExecutionException: org.apache.ratis.thirdparty.io.grpc.StatusRuntimeException: UNAVAILABLE: io exception
2025-09-07 09:45:19,852 [4c7984b5-42f1-4e4b-a334-601f88f38b33@group-AF0CBE3D3EB0-LeaderElection107] INFO  impl.LeaderElection (LogUtils.java:infoOrTrace(142)) - 4c7984b5-42f1-4e4b-a334-601f88f38b33@group-AF0CBE3D3EB0-LeaderElection107 got exception when requesting votes: java.util.concurrent.ExecutionException: org.apache.ratis.thirdparty.io.grpc.StatusRuntimeException: UNAVAILABLE: io exception
2025-09-07 09:45:19,852 [4c7984b5-42f1-4e4b-a334-601f88f38b33@group-AF0CBE3D3EB0-LeaderElection107] INFO  impl.LeaderElection (LeaderElection.java:logAndReturn(206)) - 4c7984b5-42f1-4e4b-a334-601f88f38b33@group-AF0CBE3D3EB0-LeaderElection107: PRE_VOTE REJECTED received 0 response(s) and 2 exception(s):
2025-09-07 09:45:19,852 [4c7984b5-42f1-4e4b-a334-601f88f38b33@group-AF0CBE3D3EB0-LeaderElection107] INFO  impl.LeaderElection (LogUtils.java:infoOrTrace(142)) -   Exception 0: java.util.concurrent.ExecutionException: org.apache.ratis.thirdparty.io.grpc.StatusRuntimeException: UNAVAILABLE: io exception
2025-09-07 09:45:19,852 [4c7984b5-42f1-4e4b-a334-601f88f38b33@group-AF0CBE3D3EB0-LeaderElection107] INFO  impl.LeaderElection (LogUtils.java:infoOrTrace(142)) -   Exception 1: java.util.concurrent.ExecutionException: org.apache.ratis.thirdparty.io.grpc.StatusRuntimeException: UNAVAILABLE: io exception
2025-09-07 09:45:19,852 [4c7984b5-42f1-4e4b-a334-601f88f38b33@group-AF0CBE3D3EB0-LeaderElection107] INFO  impl.LeaderElection (LeaderElection.java:askForVotes(450)) - 4c7984b5-42f1-4e4b-a334-601f88f38b33@group-AF0CBE3D3EB0-LeaderElection107 PRE_VOTE round 0: result REJECTED
2025-09-07 09:45:19,852 [4c7984b5-42f1-4e4b-a334-601f88f38b33@group-AF0CBE3D3EB0-LeaderElection107] INFO  server.RaftServer$Division (RaftServerImpl.java:setRole(392)) - 4c7984b5-42f1-4e4b-a334-601f88f38b33@group-AF0CBE3D3EB0: changes role from CANDIDATE to FOLLOWER at term 1 for REJECTED
2025-09-07 09:45:19,852 [4c7984b5-42f1-4e4b-a334-601f88f38b33@group-AF0CBE3D3EB0-LeaderElection107] INFO  impl.RoleInfo (RoleInfo.java:shutdownLeaderElection(141)) - 4c7984b5-42f1-4e4b-a334-601f88f38b33: shutdown 4c7984b5-42f1-4e4b-a334-601f88f38b33@group-AF0CBE3D3EB0-LeaderElection107
2025-09-07 09:45:19,852 [4c7984b5-42f1-4e4b-a334-601f88f38b33@group-AF0CBE3D3EB0-LeaderElection107] INFO  impl.RoleInfo (RoleInfo.java:updateAndGet(148)) - 4c7984b5-42f1-4e4b-a334-601f88f38b33: start 4c7984b5-42f1-4e4b-a334-601f88f38b33@group-AF0CBE3D3EB0-FollowerState
2025-09-07 09:45:20,771 [4c7984b5-42f1-4e4b-a334-601f88f38b33@group-7A90E47A063C-FollowerState] INFO  impl.FollowerState (FollowerState.java:runImpl(161)) - 4c7984b5-42f1-4e4b-a334-601f88f38b33@group-7A90E47A063C-FollowerState: change to CANDIDATE, lastRpcElapsedTime:1023308268ns, electionTimeout:1023ms
2025-09-07 09:45:20,771 [4c7984b5-42f1-4e4b-a334-601f88f38b33@group-7A90E47A063C-FollowerState] INFO  impl.RoleInfo (RoleInfo.java:shutdownFollowerState(121)) - 4c7984b5-42f1-4e4b-a334-601f88f38b33: shutdown 4c7984b5-42f1-4e4b-a334-601f88f38b33@group-7A90E47A063C-FollowerState
2025-09-07 09:45:20,771 [4c7984b5-42f1-4e4b-a334-601f88f38b33@group-7A90E47A063C-FollowerState] INFO  server.RaftServer$Division (RaftServerImpl.java:setRole(392)) - 4c7984b5-42f1-4e4b-a334-601f88f38b33@group-7A90E47A063C: changes role from  FOLLOWER to CANDIDATE at term 2 for changeToCandidate
2025-09-07 09:45:20,771 [4c7984b5-42f1-4e4b-a334-601f88f38b33@group-7A90E47A063C-FollowerState] INFO  impl.RoleInfo (RoleInfo.java:updateAndGet(148)) - 4c7984b5-42f1-4e4b-a334-601f88f38b33: start 4c7984b5-42f1-4e4b-a334-601f88f38b33@group-7A90E47A063C-LeaderElection108
2025-09-07 09:45:20,772 [4c7984b5-42f1-4e4b-a334-601f88f38b33@group-7A90E47A063C-LeaderElection108] INFO  impl.LeaderElection (LeaderElection.java:askForVotes(448)) - 4c7984b5-42f1-4e4b-a334-601f88f38b33@group-7A90E47A063C-LeaderElection108 PRE_VOTE round 0: submit vote requests at term 2 for conf: {index: 17, cur=peers:[c7c0d573-77b1-47db-b09e-d84959a4a43f|127.0.0.1:15063, 486fef96-c6ec-41d9-a4ca-7ebb3d261081|127.0.0.1:15071, 4c7984b5-42f1-4e4b-a334-601f88f38b33|127.0.0.1:15079]|listeners:[], old=null}
2025-09-07 09:45:20,772 [4c7984b5-42f1-4e4b-a334-601f88f38b33@group-7A90E47A063C-LeaderElection108] INFO  impl.LeaderElection (LogUtils.java:infoOrTrace(142)) - 4c7984b5-42f1-4e4b-a334-601f88f38b33@group-7A90E47A063C-LeaderElection108 got exception when requesting votes: java.util.concurrent.ExecutionException: org.apache.ratis.thirdparty.io.grpc.StatusRuntimeException: UNAVAILABLE: io exception
2025-09-07 09:45:20,772 [4c7984b5-42f1-4e4b-a334-601f88f38b33@group-7A90E47A063C-LeaderElection108] INFO  impl.LeaderElection (LogUtils.java:infoOrTrace(142)) - 4c7984b5-42f1-4e4b-a334-601f88f38b33@group-7A90E47A063C-LeaderElection108 got exception when requesting votes: java.util.concurrent.ExecutionException: org.apache.ratis.thirdparty.io.grpc.StatusRuntimeException: UNAVAILABLE: io exception
2025-09-07 09:45:20,772 [4c7984b5-42f1-4e4b-a334-601f88f38b33@group-7A90E47A063C-LeaderElection108] INFO  impl.LeaderElection (LeaderElection.java:logAndReturn(206)) - 4c7984b5-42f1-4e4b-a334-601f88f38b33@group-7A90E47A063C-LeaderElection108: PRE_VOTE REJECTED received 0 response(s) and 2 exception(s):
2025-09-07 09:45:20,773 [4c7984b5-42f1-4e4b-a334-601f88f38b33@group-7A90E47A063C-LeaderElection108] INFO  impl.LeaderElection (LogUtils.java:infoOrTrace(142)) -   Exception 0: java.util.concurrent.ExecutionException: org.apache.ratis.thirdparty.io.grpc.StatusRuntimeException: UNAVAILABLE: io exception
2025-09-07 09:45:20,773 [4c7984b5-42f1-4e4b-a334-601f88f38b33@group-7A90E47A063C-LeaderElection108] INFO  impl.LeaderElection (LogUtils.java:infoOrTrace(142)) -   Exception 1: java.util.concurrent.ExecutionException: org.apache.ratis.thirdparty.io.grpc.StatusRuntimeException: UNAVAILABLE: io exception
2025-09-07 09:45:20,773 [4c7984b5-42f1-4e4b-a334-601f88f38b33@group-7A90E47A063C-LeaderElection108] INFO  impl.LeaderElection (LeaderElection.java:askForVotes(450)) - 4c7984b5-42f1-4e4b-a334-601f88f38b33@group-7A90E47A063C-LeaderElection108 PRE_VOTE round 0: result REJECTED
2025-09-07 09:45:20,773 [4c7984b5-42f1-4e4b-a334-601f88f38b33@group-7A90E47A063C-LeaderElection108] INFO  server.RaftServer$Division (RaftServerImpl.java:setRole(392)) - 4c7984b5-42f1-4e4b-a334-601f88f38b33@group-7A90E47A063C: changes role from CANDIDATE to FOLLOWER at term 2 for REJECTED
2025-09-07 09:45:20,773 [4c7984b5-42f1-4e4b-a334-601f88f38b33@group-7A90E47A063C-LeaderElection108] INFO  impl.RoleInfo (RoleInfo.java:shutdownLeaderElection(141)) - 4c7984b5-42f1-4e4b-a334-601f88f38b33: shutdown 4c7984b5-42f1-4e4b-a334-601f88f38b33@group-7A90E47A063C-LeaderElection108
2025-09-07 09:45:20,773 [4c7984b5-42f1-4e4b-a334-601f88f38b33@group-7A90E47A063C-LeaderElection108] INFO  impl.RoleInfo (RoleInfo.java:updateAndGet(148)) - 4c7984b5-42f1-4e4b-a334-601f88f38b33: start 4c7984b5-42f1-4e4b-a334-601f88f38b33@group-7A90E47A063C-FollowerState
2025-09-07 09:45:21,049 [4c7984b5-42f1-4e4b-a334-601f88f38b33@group-AF0CBE3D3EB0-FollowerState] INFO  impl.FollowerState (FollowerState.java:runImpl(161)) - 4c7984b5-42f1-4e4b-a334-601f88f38b33@group-AF0CBE3D3EB0-FollowerState: change to CANDIDATE, lastRpcElapsedTime:1196253230ns, electionTimeout:1196ms
2025-09-07 09:45:21,049 [4c7984b5-42f1-4e4b-a334-601f88f38b33@group-AF0CBE3D3EB0-FollowerState] INFO  impl.RoleInfo (RoleInfo.java:shutdownFollowerState(121)) - 4c7984b5-42f1-4e4b-a334-601f88f38b33: shutdown 4c7984b5-42f1-4e4b-a334-601f88f38b33@group-AF0CBE3D3EB0-FollowerState
2025-09-07 09:45:21,049 [4c7984b5-42f1-4e4b-a334-601f88f38b33@group-AF0CBE3D3EB0-FollowerState] INFO  server.RaftServer$Division (RaftServerImpl.java:setRole(392)) - 4c7984b5-42f1-4e4b-a334-601f88f38b33@group-AF0CBE3D3EB0: changes role from  FOLLOWER to CANDIDATE at term 1 for changeToCandidate
2025-09-07 09:45:21,049 [4c7984b5-42f1-4e4b-a334-601f88f38b33@group-AF0CBE3D3EB0-FollowerState] INFO  impl.RoleInfo (RoleInfo.java:updateAndGet(148)) - 4c7984b5-42f1-4e4b-a334-601f88f38b33: start 4c7984b5-42f1-4e4b-a334-601f88f38b33@group-AF0CBE3D3EB0-LeaderElection109
2025-09-07 09:45:21,049 [4c7984b5-42f1-4e4b-a334-601f88f38b33@group-AF0CBE3D3EB0-LeaderElection109] INFO  impl.LeaderElection (LeaderElection.java:askForVotes(448)) - 4c7984b5-42f1-4e4b-a334-601f88f38b33@group-AF0CBE3D3EB0-LeaderElection109 PRE_VOTE round 0: submit vote requests at term 1 for conf: {index: 0, cur=peers:[c7c0d573-77b1-47db-b09e-d84959a4a43f|127.0.0.1:15063, 486fef96-c6ec-41d9-a4ca-7ebb3d261081|127.0.0.1:15071, 4c7984b5-42f1-4e4b-a334-601f88f38b33|127.0.0.1:15079]|listeners:[], old=null}
2025-09-07 09:45:21,050 [4c7984b5-42f1-4e4b-a334-601f88f38b33@group-AF0CBE3D3EB0-LeaderElection109] INFO  impl.LeaderElection (LogUtils.java:infoOrTrace(142)) - 4c7984b5-42f1-4e4b-a334-601f88f38b33@group-AF0CBE3D3EB0-LeaderElection109 got exception when requesting votes: java.util.concurrent.ExecutionException: org.apache.ratis.thirdparty.io.grpc.StatusRuntimeException: UNAVAILABLE: io exception
2025-09-07 09:45:21,050 [4c7984b5-42f1-4e4b-a334-601f88f38b33@group-AF0CBE3D3EB0-LeaderElection109] INFO  impl.LeaderElection (LogUtils.java:infoOrTrace(142)) - 4c7984b5-42f1-4e4b-a334-601f88f38b33@group-AF0CBE3D3EB0-LeaderElection109 got exception when requesting votes: java.util.concurrent.ExecutionException: org.apache.ratis.thirdparty.io.grpc.StatusRuntimeException: UNAVAILABLE: io exception
2025-09-07 09:45:21,050 [4c7984b5-42f1-4e4b-a334-601f88f38b33@group-AF0CBE3D3EB0-LeaderElection109] INFO  impl.LeaderElection (LeaderElection.java:logAndReturn(206)) - 4c7984b5-42f1-4e4b-a334-601f88f38b33@group-AF0CBE3D3EB0-LeaderElection109: PRE_VOTE REJECTED received 0 response(s) and 2 exception(s):
2025-09-07 09:45:21,050 [4c7984b5-42f1-4e4b-a334-601f88f38b33@group-AF0CBE3D3EB0-LeaderElection109] INFO  impl.LeaderElection (LogUtils.java:infoOrTrace(142)) -   Exception 0: java.util.concurrent.ExecutionException: org.apache.ratis.thirdparty.io.grpc.StatusRuntimeException: UNAVAILABLE: io exception
2025-09-07 09:45:21,050 [4c7984b5-42f1-4e4b-a334-601f88f38b33@group-AF0CBE3D3EB0-LeaderElection109] INFO  impl.LeaderElection (LogUtils.java:infoOrTrace(142)) -   Exception 1: java.util.concurrent.ExecutionException: org.apache.ratis.thirdparty.io.grpc.StatusRuntimeException: UNAVAILABLE: io exception
2025-09-07 09:45:21,050 [4c7984b5-42f1-4e4b-a334-601f88f38b33@group-AF0CBE3D3EB0-LeaderElection109] INFO  impl.LeaderElection (LeaderElection.java:askForVotes(450)) - 4c7984b5-42f1-4e4b-a334-601f88f38b33@group-AF0CBE3D3EB0-LeaderElection109 PRE_VOTE round 0: result REJECTED
2025-09-07 09:45:21,050 [4c7984b5-42f1-4e4b-a334-601f88f38b33@group-AF0CBE3D3EB0-LeaderElection109] INFO  server.RaftServer$Division (RaftServerImpl.java:setRole(392)) - 4c7984b5-42f1-4e4b-a334-601f88f38b33@group-AF0CBE3D3EB0: changes role from CANDIDATE to FOLLOWER at term 1 for REJECTED
2025-09-07 09:45:21,050 [4c7984b5-42f1-4e4b-a334-601f88f38b33@group-AF0CBE3D3EB0-LeaderElection109] INFO  impl.RoleInfo (RoleInfo.java:shutdownLeaderElection(141)) - 4c7984b5-42f1-4e4b-a334-601f88f38b33: shutdown 4c7984b5-42f1-4e4b-a334-601f88f38b33@group-AF0CBE3D3EB0-LeaderElection109
2025-09-07 09:45:21,050 [4c7984b5-42f1-4e4b-a334-601f88f38b33@group-AF0CBE3D3EB0-LeaderElection109] INFO  impl.RoleInfo (RoleInfo.java:updateAndGet(148)) - 4c7984b5-42f1-4e4b-a334-601f88f38b33: start 4c7984b5-42f1-4e4b-a334-601f88f38b33@group-AF0CBE3D3EB0-FollowerState
2025-09-07 09:45:21,849 [4c7984b5-42f1-4e4b-a334-601f88f38b33@group-7A90E47A063C-FollowerState] INFO  impl.FollowerState (FollowerState.java:runImpl(161)) - 4c7984b5-42f1-4e4b-a334-601f88f38b33@group-7A90E47A063C-FollowerState: change to CANDIDATE, lastRpcElapsedTime:1076293327ns, electionTimeout:1076ms
2025-09-07 09:45:21,849 [4c7984b5-42f1-4e4b-a334-601f88f38b33@group-7A90E47A063C-FollowerState] INFO  impl.RoleInfo (RoleInfo.java:shutdownFollowerState(121)) - 4c7984b5-42f1-4e4b-a334-601f88f38b33: shutdown 4c7984b5-42f1-4e4b-a334-601f88f38b33@group-7A90E47A063C-FollowerState
2025-09-07 09:45:21,849 [4c7984b5-42f1-4e4b-a334-601f88f38b33@group-7A90E47A063C-FollowerState] INFO  server.RaftServer$Division (RaftServerImpl.java:setRole(392)) - 4c7984b5-42f1-4e4b-a334-601f88f38b33@group-7A90E47A063C: changes role from  FOLLOWER to CANDIDATE at term 2 for changeToCandidate
2025-09-07 09:45:21,849 [4c7984b5-42f1-4e4b-a334-601f88f38b33@group-7A90E47A063C-FollowerState] INFO  impl.RoleInfo (RoleInfo.java:updateAndGet(148)) - 4c7984b5-42f1-4e4b-a334-601f88f38b33: start 4c7984b5-42f1-4e4b-a334-601f88f38b33@group-7A90E47A063C-LeaderElection110
2025-09-07 09:45:21,850 [4c7984b5-42f1-4e4b-a334-601f88f38b33@group-7A90E47A063C-LeaderElection110] INFO  impl.LeaderElection (LeaderElection.java:askForVotes(448)) - 4c7984b5-42f1-4e4b-a334-601f88f38b33@group-7A90E47A063C-LeaderElection110 PRE_VOTE round 0: submit vote requests at term 2 for conf: {index: 17, cur=peers:[c7c0d573-77b1-47db-b09e-d84959a4a43f|127.0.0.1:15063, 486fef96-c6ec-41d9-a4ca-7ebb3d261081|127.0.0.1:15071, 4c7984b5-42f1-4e4b-a334-601f88f38b33|127.0.0.1:15079]|listeners:[], old=null}
2025-09-07 09:45:21,850 [4c7984b5-42f1-4e4b-a334-601f88f38b33@group-7A90E47A063C-LeaderElection110] INFO  impl.LeaderElection (LogUtils.java:infoOrTrace(142)) - 4c7984b5-42f1-4e4b-a334-601f88f38b33@group-7A90E47A063C-LeaderElection110 got exception when requesting votes: java.util.concurrent.ExecutionException: org.apache.ratis.thirdparty.io.grpc.StatusRuntimeException: UNAVAILABLE: io exception
2025-09-07 09:45:21,850 [4c7984b5-42f1-4e4b-a334-601f88f38b33@group-7A90E47A063C-LeaderElection110] INFO  impl.LeaderElection (LogUtils.java:infoOrTrace(142)) - 4c7984b5-42f1-4e4b-a334-601f88f38b33@group-7A90E47A063C-LeaderElection110 got exception when requesting votes: java.util.concurrent.ExecutionException: org.apache.ratis.thirdparty.io.grpc.StatusRuntimeException: UNAVAILABLE: io exception
2025-09-07 09:45:21,850 [4c7984b5-42f1-4e4b-a334-601f88f38b33@group-7A90E47A063C-LeaderElection110] INFO  impl.LeaderElection (LeaderElection.java:logAndReturn(206)) - 4c7984b5-42f1-4e4b-a334-601f88f38b33@group-7A90E47A063C-LeaderElection110: PRE_VOTE REJECTED received 0 response(s) and 2 exception(s):
2025-09-07 09:45:21,850 [4c7984b5-42f1-4e4b-a334-601f88f38b33@group-7A90E47A063C-LeaderElection110] INFO  impl.LeaderElection (LogUtils.java:infoOrTrace(142)) -   Exception 0: java.util.concurrent.ExecutionException: org.apache.ratis.thirdparty.io.grpc.StatusRuntimeException: UNAVAILABLE: io exception
2025-09-07 09:45:21,851 [4c7984b5-42f1-4e4b-a334-601f88f38b33@group-7A90E47A063C-LeaderElection110] INFO  impl.LeaderElection (LogUtils.java:infoOrTrace(142)) -   Exception 1: java.util.concurrent.ExecutionException: org.apache.ratis.thirdparty.io.grpc.StatusRuntimeException: UNAVAILABLE: io exception
2025-09-07 09:45:21,851 [4c7984b5-42f1-4e4b-a334-601f88f38b33@group-7A90E47A063C-LeaderElection110] INFO  impl.LeaderElection (LeaderElection.java:askForVotes(450)) - 4c7984b5-42f1-4e4b-a334-601f88f38b33@group-7A90E47A063C-LeaderElection110 PRE_VOTE round 0: result REJECTED
2025-09-07 09:45:21,851 [4c7984b5-42f1-4e4b-a334-601f88f38b33@group-7A90E47A063C-LeaderElection110] INFO  server.RaftServer$Division (RaftServerImpl.java:setRole(392)) - 4c7984b5-42f1-4e4b-a334-601f88f38b33@group-7A90E47A063C: changes role from CANDIDATE to FOLLOWER at term 2 for REJECTED
2025-09-07 09:45:21,851 [4c7984b5-42f1-4e4b-a334-601f88f38b33@group-7A90E47A063C-LeaderElection110] INFO  impl.RoleInfo (RoleInfo.java:shutdownLeaderElection(141)) - 4c7984b5-42f1-4e4b-a334-601f88f38b33: shutdown 4c7984b5-42f1-4e4b-a334-601f88f38b33@group-7A90E47A063C-LeaderElection110
2025-09-07 09:45:21,851 [4c7984b5-42f1-4e4b-a334-601f88f38b33@group-7A90E47A063C-LeaderElection110] INFO  impl.RoleInfo (RoleInfo.java:updateAndGet(148)) - 4c7984b5-42f1-4e4b-a334-601f88f38b33: start 4c7984b5-42f1-4e4b-a334-601f88f38b33@group-7A90E47A063C-FollowerState
2025-09-07 09:45:22,104 [4c7984b5-42f1-4e4b-a334-601f88f38b33@group-AF0CBE3D3EB0-FollowerState] INFO  impl.FollowerState (FollowerState.java:runImpl(161)) - 4c7984b5-42f1-4e4b-a334-601f88f38b33@group-AF0CBE3D3EB0-FollowerState: change to CANDIDATE, lastRpcElapsedTime:1053461510ns, electionTimeout:1053ms
2025-09-07 09:45:22,104 [4c7984b5-42f1-4e4b-a334-601f88f38b33@group-AF0CBE3D3EB0-FollowerState] INFO  impl.RoleInfo (RoleInfo.java:shutdownFollowerState(121)) - 4c7984b5-42f1-4e4b-a334-601f88f38b33: shutdown 4c7984b5-42f1-4e4b-a334-601f88f38b33@group-AF0CBE3D3EB0-FollowerState
2025-09-07 09:45:22,104 [4c7984b5-42f1-4e4b-a334-601f88f38b33@group-AF0CBE3D3EB0-FollowerState] INFO  server.RaftServer$Division (RaftServerImpl.java:setRole(392)) - 4c7984b5-42f1-4e4b-a334-601f88f38b33@group-AF0CBE3D3EB0: changes role from  FOLLOWER to CANDIDATE at term 1 for changeToCandidate
2025-09-07 09:45:22,104 [4c7984b5-42f1-4e4b-a334-601f88f38b33@group-AF0CBE3D3EB0-FollowerState] INFO  impl.RoleInfo (RoleInfo.java:updateAndGet(148)) - 4c7984b5-42f1-4e4b-a334-601f88f38b33: start 4c7984b5-42f1-4e4b-a334-601f88f38b33@group-AF0CBE3D3EB0-LeaderElection111
2025-09-07 09:45:22,105 [4c7984b5-42f1-4e4b-a334-601f88f38b33@group-AF0CBE3D3EB0-LeaderElection111] INFO  impl.LeaderElection (LeaderElection.java:askForVotes(448)) - 4c7984b5-42f1-4e4b-a334-601f88f38b33@group-AF0CBE3D3EB0-LeaderElection111 PRE_VOTE round 0: submit vote requests at term 1 for conf: {index: 0, cur=peers:[c7c0d573-77b1-47db-b09e-d84959a4a43f|127.0.0.1:15063, 486fef96-c6ec-41d9-a4ca-7ebb3d261081|127.0.0.1:15071, 4c7984b5-42f1-4e4b-a334-601f88f38b33|127.0.0.1:15079]|listeners:[], old=null}
2025-09-07 09:45:22,105 [4c7984b5-42f1-4e4b-a334-601f88f38b33@group-AF0CBE3D3EB0-LeaderElection111] INFO  impl.LeaderElection (LogUtils.java:infoOrTrace(142)) - 4c7984b5-42f1-4e4b-a334-601f88f38b33@group-AF0CBE3D3EB0-LeaderElection111 got exception when requesting votes: java.util.concurrent.ExecutionException: org.apache.ratis.thirdparty.io.grpc.StatusRuntimeException: UNAVAILABLE: io exception
2025-09-07 09:45:22,105 [4c7984b5-42f1-4e4b-a334-601f88f38b33@group-AF0CBE3D3EB0-LeaderElection111] INFO  impl.LeaderElection (LogUtils.java:infoOrTrace(142)) - 4c7984b5-42f1-4e4b-a334-601f88f38b33@group-AF0CBE3D3EB0-LeaderElection111 got exception when requesting votes: java.util.concurrent.ExecutionException: org.apache.ratis.thirdparty.io.grpc.StatusRuntimeException: UNAVAILABLE: io exception
2025-09-07 09:45:22,105 [4c7984b5-42f1-4e4b-a334-601f88f38b33@group-AF0CBE3D3EB0-LeaderElection111] INFO  impl.LeaderElection (LeaderElection.java:logAndReturn(206)) - 4c7984b5-42f1-4e4b-a334-601f88f38b33@group-AF0CBE3D3EB0-LeaderElection111: PRE_VOTE REJECTED received 0 response(s) and 2 exception(s):
2025-09-07 09:45:22,105 [4c7984b5-42f1-4e4b-a334-601f88f38b33@group-AF0CBE3D3EB0-LeaderElection111] INFO  impl.LeaderElection (LogUtils.java:infoOrTrace(142)) -   Exception 0: java.util.concurrent.ExecutionException: org.apache.ratis.thirdparty.io.grpc.StatusRuntimeException: UNAVAILABLE: io exception
2025-09-07 09:45:22,105 [4c7984b5-42f1-4e4b-a334-601f88f38b33@group-AF0CBE3D3EB0-LeaderElection111] INFO  impl.LeaderElection (LogUtils.java:infoOrTrace(142)) -   Exception 1: java.util.concurrent.ExecutionException: org.apache.ratis.thirdparty.io.grpc.StatusRuntimeException: UNAVAILABLE: io exception
2025-09-07 09:45:22,105 [4c7984b5-42f1-4e4b-a334-601f88f38b33@group-AF0CBE3D3EB0-LeaderElection111] INFO  impl.LeaderElection (LeaderElection.java:askForVotes(450)) - 4c7984b5-42f1-4e4b-a334-601f88f38b33@group-AF0CBE3D3EB0-LeaderElection111 PRE_VOTE round 0: result REJECTED
2025-09-07 09:45:22,106 [4c7984b5-42f1-4e4b-a334-601f88f38b33@group-AF0CBE3D3EB0-LeaderElection111] INFO  server.RaftServer$Division (RaftServerImpl.java:setRole(392)) - 4c7984b5-42f1-4e4b-a334-601f88f38b33@group-AF0CBE3D3EB0: changes role from CANDIDATE to FOLLOWER at term 1 for REJECTED
2025-09-07 09:45:22,106 [4c7984b5-42f1-4e4b-a334-601f88f38b33@group-AF0CBE3D3EB0-LeaderElection111] INFO  impl.RoleInfo (RoleInfo.java:shutdownLeaderElection(141)) - 4c7984b5-42f1-4e4b-a334-601f88f38b33: shutdown 4c7984b5-42f1-4e4b-a334-601f88f38b33@group-AF0CBE3D3EB0-LeaderElection111
2025-09-07 09:45:22,106 [4c7984b5-42f1-4e4b-a334-601f88f38b33@group-AF0CBE3D3EB0-LeaderElection111] INFO  impl.RoleInfo (RoleInfo.java:updateAndGet(148)) - 4c7984b5-42f1-4e4b-a334-601f88f38b33: start 4c7984b5-42f1-4e4b-a334-601f88f38b33@group-AF0CBE3D3EB0-FollowerState
2025-09-07 09:45:22,870 [4c7984b5-42f1-4e4b-a334-601f88f38b33@group-7A90E47A063C-FollowerState] INFO  impl.FollowerState (FollowerState.java:runImpl(161)) - 4c7984b5-42f1-4e4b-a334-601f88f38b33@group-7A90E47A063C-FollowerState: change to CANDIDATE, lastRpcElapsedTime:1019459254ns, electionTimeout:1019ms
2025-09-07 09:45:22,870 [4c7984b5-42f1-4e4b-a334-601f88f38b33@group-7A90E47A063C-FollowerState] INFO  impl.RoleInfo (RoleInfo.java:shutdownFollowerState(121)) - 4c7984b5-42f1-4e4b-a334-601f88f38b33: shutdown 4c7984b5-42f1-4e4b-a334-601f88f38b33@group-7A90E47A063C-FollowerState
2025-09-07 09:45:22,870 [4c7984b5-42f1-4e4b-a334-601f88f38b33@group-7A90E47A063C-FollowerState] INFO  server.RaftServer$Division (RaftServerImpl.java:setRole(392)) - 4c7984b5-42f1-4e4b-a334-601f88f38b33@group-7A90E47A063C: changes role from  FOLLOWER to CANDIDATE at term 2 for changeToCandidate
2025-09-07 09:45:22,870 [4c7984b5-42f1-4e4b-a334-601f88f38b33@group-7A90E47A063C-FollowerState] INFO  impl.RoleInfo (RoleInfo.java:updateAndGet(148)) - 4c7984b5-42f1-4e4b-a334-601f88f38b33: start 4c7984b5-42f1-4e4b-a334-601f88f38b33@group-7A90E47A063C-LeaderElection112
2025-09-07 09:45:22,871 [4c7984b5-42f1-4e4b-a334-601f88f38b33@group-7A90E47A063C-LeaderElection112] INFO  impl.LeaderElection (LeaderElection.java:askForVotes(448)) - 4c7984b5-42f1-4e4b-a334-601f88f38b33@group-7A90E47A063C-LeaderElection112 PRE_VOTE round 0: submit vote requests at term 2 for conf: {index: 17, cur=peers:[c7c0d573-77b1-47db-b09e-d84959a4a43f|127.0.0.1:15063, 486fef96-c6ec-41d9-a4ca-7ebb3d261081|127.0.0.1:15071, 4c7984b5-42f1-4e4b-a334-601f88f38b33|127.0.0.1:15079]|listeners:[], old=null}
2025-09-07 09:45:22,871 [4c7984b5-42f1-4e4b-a334-601f88f38b33@group-7A90E47A063C-LeaderElection112] INFO  impl.LeaderElection (LogUtils.java:infoOrTrace(142)) - 4c7984b5-42f1-4e4b-a334-601f88f38b33@group-7A90E47A063C-LeaderElection112 got exception when requesting votes: java.util.concurrent.ExecutionException: org.apache.ratis.thirdparty.io.grpc.StatusRuntimeException: UNAVAILABLE: io exception
2025-09-07 09:45:22,872 [4c7984b5-42f1-4e4b-a334-601f88f38b33@group-7A90E47A063C-LeaderElection112] INFO  impl.LeaderElection (LogUtils.java:infoOrTrace(142)) - 4c7984b5-42f1-4e4b-a334-601f88f38b33@group-7A90E47A063C-LeaderElection112 got exception when requesting votes: java.util.concurrent.ExecutionException: org.apache.ratis.thirdparty.io.grpc.StatusRuntimeException: UNAVAILABLE: io exception
2025-09-07 09:45:22,872 [4c7984b5-42f1-4e4b-a334-601f88f38b33@group-7A90E47A063C-LeaderElection112] INFO  impl.LeaderElection (LeaderElection.java:logAndReturn(206)) - 4c7984b5-42f1-4e4b-a334-601f88f38b33@group-7A90E47A063C-LeaderElection112: PRE_VOTE REJECTED received 0 response(s) and 2 exception(s):
2025-09-07 09:45:22,872 [4c7984b5-42f1-4e4b-a334-601f88f38b33@group-7A90E47A063C-LeaderElection112] INFO  impl.LeaderElection (LogUtils.java:infoOrTrace(142)) -   Exception 0: java.util.concurrent.ExecutionException: org.apache.ratis.thirdparty.io.grpc.StatusRuntimeException: UNAVAILABLE: io exception
2025-09-07 09:45:22,872 [4c7984b5-42f1-4e4b-a334-601f88f38b33@group-7A90E47A063C-LeaderElection112] INFO  impl.LeaderElection (LogUtils.java:infoOrTrace(142)) -   Exception 1: java.util.concurrent.ExecutionException: org.apache.ratis.thirdparty.io.grpc.StatusRuntimeException: UNAVAILABLE: io exception
2025-09-07 09:45:22,872 [4c7984b5-42f1-4e4b-a334-601f88f38b33@group-7A90E47A063C-LeaderElection112] INFO  impl.LeaderElection (LeaderElection.java:askForVotes(450)) - 4c7984b5-42f1-4e4b-a334-601f88f38b33@group-7A90E47A063C-LeaderElection112 PRE_VOTE round 0: result REJECTED
2025-09-07 09:45:22,872 [4c7984b5-42f1-4e4b-a334-601f88f38b33@group-7A90E47A063C-LeaderElection112] INFO  server.RaftServer$Division (RaftServerImpl.java:setRole(392)) - 4c7984b5-42f1-4e4b-a334-601f88f38b33@group-7A90E47A063C: changes role from CANDIDATE to FOLLOWER at term 2 for REJECTED
2025-09-07 09:45:22,872 [4c7984b5-42f1-4e4b-a334-601f88f38b33@group-7A90E47A063C-LeaderElection112] INFO  impl.RoleInfo (RoleInfo.java:shutdownLeaderElection(141)) - 4c7984b5-42f1-4e4b-a334-601f88f38b33: shutdown 4c7984b5-42f1-4e4b-a334-601f88f38b33@group-7A90E47A063C-LeaderElection112
2025-09-07 09:45:22,872 [4c7984b5-42f1-4e4b-a334-601f88f38b33@group-7A90E47A063C-LeaderElection112] INFO  impl.RoleInfo (RoleInfo.java:updateAndGet(148)) - 4c7984b5-42f1-4e4b-a334-601f88f38b33: start 4c7984b5-42f1-4e4b-a334-601f88f38b33@group-7A90E47A063C-FollowerState
2025-09-07 09:45:23,107 [timer3] ERROR impl.OrderedAsync (OrderedAsync.java:lambda$null$6(215)) -  (Repeated 2 times in the last 5.001s) client-C3B9DB0FB337: Failed* RaftClientRequest:client-C3B9DB0FB337->c7c0d573-77b1-47db-b09e-d84959a4a43f@group-AF0CBE3D3EB0, cid=41, seq=1*, Watch(0), null
java.util.concurrent.CompletionException: java.io.IOException: org.apache.ratis.thirdparty.io.grpc.StatusRuntimeException: UNAVAILABLE: io exception
	at java.base/java.util.concurrent.CompletableFuture.encodeThrowable(CompletableFuture.java:332)
	at java.base/java.util.concurrent.CompletableFuture.completeThrowable(CompletableFuture.java:347)
	at java.base/java.util.concurrent.CompletableFuture$UniAccept.tryFire(CompletableFuture.java:708)
	at java.base/java.util.concurrent.CompletableFuture.postComplete(CompletableFuture.java:510)
	at java.base/java.util.concurrent.CompletableFuture.completeExceptionally(CompletableFuture.java:2194)
	at org.apache.ratis.grpc.client.GrpcClientProtocolClient$AsyncStreamObservers.completeReplyExceptionally(GrpcClientProtocolClient.java:397)
	at org.apache.ratis.grpc.client.GrpcClientProtocolClient$AsyncStreamObservers.access$000(GrpcClientProtocolClient.java:303)
	at org.apache.ratis.grpc.client.GrpcClientProtocolClient$AsyncStreamObservers$1.onError(GrpcClientProtocolClient.java:334)
	at org.apache.ratis.thirdparty.io.grpc.stub.ClientCalls$StreamObserverToCallListenerAdapter.onClose(ClientCalls.java:564)
	at org.apache.ratis.thirdparty.io.grpc.PartialForwardingClientCallListener.onClose(PartialForwardingClientCallListener.java:39)
	at org.apache.ratis.thirdparty.io.grpc.ForwardingClientCallListener.onClose(ForwardingClientCallListener.java:23)
	at org.apache.ratis.grpc.metrics.intercept.client.MetricClientCallListener.onClose(MetricClientCallListener.java:47)
	at org.apache.ratis.thirdparty.io.grpc.internal.DelayedClientCall$DelayedListener$3.run(DelayedClientCall.java:489)
	at org.apache.ratis.thirdparty.io.grpc.internal.DelayedClientCall$DelayedListener.delayOrExecute(DelayedClientCall.java:453)
	at org.apache.ratis.thirdparty.io.grpc.internal.DelayedClientCall$DelayedListener.onClose(DelayedClientCall.java:486)
	at org.apache.ratis.thirdparty.io.grpc.internal.ClientCallImpl.closeObserver(ClientCallImpl.java:565)
	at org.apache.ratis.thirdparty.io.grpc.internal.ClientCallImpl.access$100(ClientCallImpl.java:72)
	at org.apache.ratis.thirdparty.io.grpc.internal.ClientCallImpl$ClientStreamListenerImpl$1StreamClosed.runInternal(ClientCallImpl.java:733)
	at org.apache.ratis.thirdparty.io.grpc.internal.ClientCallImpl$ClientStreamListenerImpl$1StreamClosed.runInContext(ClientCallImpl.java:714)
	at org.apache.ratis.thirdparty.io.grpc.internal.ContextRunnable.run(ContextRunnable.java:37)
	at org.apache.ratis.thirdparty.io.grpc.internal.SerializingExecutor.run(SerializingExecutor.java:133)
	at java.base/java.util.concurrent.ThreadPoolExecutor.runWorker(ThreadPoolExecutor.java:1144)
	at java.base/java.util.concurrent.ThreadPoolExecutor$Worker.run(ThreadPoolExecutor.java:642)
	at java.base/java.lang.Thread.run(Thread.java:1583)
Caused by: java.io.IOException: org.apache.ratis.thirdparty.io.grpc.StatusRuntimeException: UNAVAILABLE: io exception
	at org.apache.ratis.grpc.GrpcUtil.unwrapException(GrpcUtil.java:99)
	at org.apache.ratis.grpc.GrpcUtil.unwrapIOException(GrpcUtil.java:159)
	at org.apache.ratis.grpc.client.GrpcClientProtocolClient$AsyncStreamObservers$1.onError(GrpcClientProtocolClient.java:333)
	... 16 more
Caused by: org.apache.ratis.thirdparty.io.grpc.StatusRuntimeException: UNAVAILABLE: io exception
	at org.apache.ratis.thirdparty.io.grpc.Status.asRuntimeException(Status.java:532)
	... 16 more
Caused by: org.apache.ratis.thirdparty.io.netty.channel.AbstractChannel$AnnotatedConnectException: finishConnect(..) failed: Connection refused: /127.0.0.1:15061
Caused by: java.net.ConnectException: finishConnect(..) failed: Connection refused
	at org.apache.ratis.thirdparty.io.netty.channel.unix.Errors.newConnectException0(Errors.java:166)
	at org.apache.ratis.thirdparty.io.netty.channel.unix.Errors.handleConnectErrno(Errors.java:131)
	at org.apache.ratis.thirdparty.io.netty.channel.unix.Socket.finishConnect(Socket.java:359)
	at org.apache.ratis.thirdparty.io.netty.channel.epoll.AbstractEpollChannel$AbstractEpollUnsafe.doFinishConnect(AbstractEpollChannel.java:715)
	at org.apache.ratis.thirdparty.io.netty.channel.epoll.AbstractEpollChannel$AbstractEpollUnsafe.finishConnect(AbstractEpollChannel.java:692)
	at org.apache.ratis.thirdparty.io.netty.channel.epoll.AbstractEpollChannel$AbstractEpollUnsafe.epollOutReady(AbstractEpollChannel.java:567)
	at org.apache.ratis.thirdparty.io.netty.channel.epoll.EpollEventLoop.processReady(EpollEventLoop.java:491)
	at org.apache.ratis.thirdparty.io.netty.channel.epoll.EpollEventLoop.run(EpollEventLoop.java:399)
	at org.apache.ratis.thirdparty.io.netty.util.concurrent.SingleThreadEventExecutor$4.run(SingleThreadEventExecutor.java:998)
	at org.apache.ratis.thirdparty.io.netty.util.internal.ThreadExecutorMap$2.run(ThreadExecutorMap.java:74)
	at org.apache.ratis.thirdparty.io.netty.util.concurrent.FastThreadLocalRunnable.run(FastThreadLocalRunnable.java:30)
	at java.base/java.lang.Thread.run(Thread.java:1583)
2025-09-07 09:45:23,235 [4c7984b5-42f1-4e4b-a334-601f88f38b33@group-AF0CBE3D3EB0-FollowerState] INFO  impl.FollowerState (FollowerState.java:runImpl(161)) - 4c7984b5-42f1-4e4b-a334-601f88f38b33@group-AF0CBE3D3EB0-FollowerState: change to CANDIDATE, lastRpcElapsedTime:1129295274ns, electionTimeout:1129ms
2025-09-07 09:45:23,235 [4c7984b5-42f1-4e4b-a334-601f88f38b33@group-AF0CBE3D3EB0-FollowerState] INFO  impl.RoleInfo (RoleInfo.java:shutdownFollowerState(121)) - 4c7984b5-42f1-4e4b-a334-601f88f38b33: shutdown 4c7984b5-42f1-4e4b-a334-601f88f38b33@group-AF0CBE3D3EB0-FollowerState
2025-09-07 09:45:23,235 [4c7984b5-42f1-4e4b-a334-601f88f38b33@group-AF0CBE3D3EB0-FollowerState] INFO  server.RaftServer$Division (RaftServerImpl.java:setRole(392)) - 4c7984b5-42f1-4e4b-a334-601f88f38b33@group-AF0CBE3D3EB0: changes role from  FOLLOWER to CANDIDATE at term 1 for changeToCandidate
2025-09-07 09:45:23,235 [4c7984b5-42f1-4e4b-a334-601f88f38b33@group-AF0CBE3D3EB0-FollowerState] INFO  impl.RoleInfo (RoleInfo.java:updateAndGet(148)) - 4c7984b5-42f1-4e4b-a334-601f88f38b33: start 4c7984b5-42f1-4e4b-a334-601f88f38b33@group-AF0CBE3D3EB0-LeaderElection113
2025-09-07 09:45:23,236 [4c7984b5-42f1-4e4b-a334-601f88f38b33@group-AF0CBE3D3EB0-LeaderElection113] INFO  impl.LeaderElection (LeaderElection.java:askForVotes(448)) - 4c7984b5-42f1-4e4b-a334-601f88f38b33@group-AF0CBE3D3EB0-LeaderElection113 PRE_VOTE round 0: submit vote requests at term 1 for conf: {index: 0, cur=peers:[c7c0d573-77b1-47db-b09e-d84959a4a43f|127.0.0.1:15063, 486fef96-c6ec-41d9-a4ca-7ebb3d261081|127.0.0.1:15071, 4c7984b5-42f1-4e4b-a334-601f88f38b33|127.0.0.1:15079]|listeners:[], old=null}
2025-09-07 09:45:23,236 [4c7984b5-42f1-4e4b-a334-601f88f38b33@group-AF0CBE3D3EB0-LeaderElection113] INFO  impl.LeaderElection (LogUtils.java:infoOrTrace(142)) - 4c7984b5-42f1-4e4b-a334-601f88f38b33@group-AF0CBE3D3EB0-LeaderElection113 got exception when requesting votes: java.util.concurrent.ExecutionException: org.apache.ratis.thirdparty.io.grpc.StatusRuntimeException: UNAVAILABLE: io exception
2025-09-07 09:45:23,236 [4c7984b5-42f1-4e4b-a334-601f88f38b33@group-AF0CBE3D3EB0-LeaderElection113] INFO  impl.LeaderElection (LogUtils.java:infoOrTrace(142)) - 4c7984b5-42f1-4e4b-a334-601f88f38b33@group-AF0CBE3D3EB0-LeaderElection113 got exception when requesting votes: java.util.concurrent.ExecutionException: org.apache.ratis.thirdparty.io.grpc.StatusRuntimeException: UNAVAILABLE: io exception
2025-09-07 09:45:23,236 [4c7984b5-42f1-4e4b-a334-601f88f38b33@group-AF0CBE3D3EB0-LeaderElection113] INFO  impl.LeaderElection (LeaderElection.java:logAndReturn(206)) - 4c7984b5-42f1-4e4b-a334-601f88f38b33@group-AF0CBE3D3EB0-LeaderElection113: PRE_VOTE REJECTED received 0 response(s) and 2 exception(s):
2025-09-07 09:45:23,237 [4c7984b5-42f1-4e4b-a334-601f88f38b33@group-AF0CBE3D3EB0-LeaderElection113] INFO  impl.LeaderElection (LogUtils.java:infoOrTrace(142)) -   Exception 0: java.util.concurrent.ExecutionException: org.apache.ratis.thirdparty.io.grpc.StatusRuntimeException: UNAVAILABLE: io exception
2025-09-07 09:45:23,237 [4c7984b5-42f1-4e4b-a334-601f88f38b33@group-AF0CBE3D3EB0-LeaderElection113] INFO  impl.LeaderElection (LogUtils.java:infoOrTrace(142)) -   Exception 1: java.util.concurrent.ExecutionException: org.apache.ratis.thirdparty.io.grpc.StatusRuntimeException: UNAVAILABLE: io exception
2025-09-07 09:45:23,237 [4c7984b5-42f1-4e4b-a334-601f88f38b33@group-AF0CBE3D3EB0-LeaderElection113] INFO  impl.LeaderElection (LeaderElection.java:askForVotes(450)) - 4c7984b5-42f1-4e4b-a334-601f88f38b33@group-AF0CBE3D3EB0-LeaderElection113 PRE_VOTE round 0: result REJECTED
2025-09-07 09:45:23,237 [4c7984b5-42f1-4e4b-a334-601f88f38b33@group-AF0CBE3D3EB0-LeaderElection113] INFO  server.RaftServer$Division (RaftServerImpl.java:setRole(392)) - 4c7984b5-42f1-4e4b-a334-601f88f38b33@group-AF0CBE3D3EB0: changes role from CANDIDATE to FOLLOWER at term 1 for REJECTED
2025-09-07 09:45:23,237 [4c7984b5-42f1-4e4b-a334-601f88f38b33@group-AF0CBE3D3EB0-LeaderElection113] INFO  impl.RoleInfo (RoleInfo.java:shutdownLeaderElection(141)) - 4c7984b5-42f1-4e4b-a334-601f88f38b33: shutdown 4c7984b5-42f1-4e4b-a334-601f88f38b33@group-AF0CBE3D3EB0-LeaderElection113
2025-09-07 09:45:23,237 [4c7984b5-42f1-4e4b-a334-601f88f38b33@group-AF0CBE3D3EB0-LeaderElection113] INFO  impl.RoleInfo (RoleInfo.java:updateAndGet(148)) - 4c7984b5-42f1-4e4b-a334-601f88f38b33: start 4c7984b5-42f1-4e4b-a334-601f88f38b33@group-AF0CBE3D3EB0-FollowerState
2025-09-07 09:45:24,064 [4c7984b5-42f1-4e4b-a334-601f88f38b33@group-7A90E47A063C-FollowerState] INFO  impl.FollowerState (FollowerState.java:runImpl(161)) - 4c7984b5-42f1-4e4b-a334-601f88f38b33@group-7A90E47A063C-FollowerState: change to CANDIDATE, lastRpcElapsedTime:1191397718ns, electionTimeout:1191ms
2025-09-07 09:45:24,064 [4c7984b5-42f1-4e4b-a334-601f88f38b33@group-7A90E47A063C-FollowerState] INFO  impl.RoleInfo (RoleInfo.java:shutdownFollowerState(121)) - 4c7984b5-42f1-4e4b-a334-601f88f38b33: shutdown 4c7984b5-42f1-4e4b-a334-601f88f38b33@group-7A90E47A063C-FollowerState
2025-09-07 09:45:24,064 [4c7984b5-42f1-4e4b-a334-601f88f38b33@group-7A90E47A063C-FollowerState] INFO  server.RaftServer$Division (RaftServerImpl.java:setRole(392)) - 4c7984b5-42f1-4e4b-a334-601f88f38b33@group-7A90E47A063C: changes role from  FOLLOWER to CANDIDATE at term 2 for changeToCandidate
2025-09-07 09:45:24,064 [4c7984b5-42f1-4e4b-a334-601f88f38b33@group-7A90E47A063C-FollowerState] INFO  impl.RoleInfo (RoleInfo.java:updateAndGet(148)) - 4c7984b5-42f1-4e4b-a334-601f88f38b33: start 4c7984b5-42f1-4e4b-a334-601f88f38b33@group-7A90E47A063C-LeaderElection114
2025-09-07 09:45:24,064 [4c7984b5-42f1-4e4b-a334-601f88f38b33@group-7A90E47A063C-LeaderElection114] INFO  impl.LeaderElection (LeaderElection.java:askForVotes(448)) - 4c7984b5-42f1-4e4b-a334-601f88f38b33@group-7A90E47A063C-LeaderElection114 PRE_VOTE round 0: submit vote requests at term 2 for conf: {index: 17, cur=peers:[c7c0d573-77b1-47db-b09e-d84959a4a43f|127.0.0.1:15063, 486fef96-c6ec-41d9-a4ca-7ebb3d261081|127.0.0.1:15071, 4c7984b5-42f1-4e4b-a334-601f88f38b33|127.0.0.1:15079]|listeners:[], old=null}
2025-09-07 09:45:24,065 [4c7984b5-42f1-4e4b-a334-601f88f38b33@group-7A90E47A063C-LeaderElection114] INFO  impl.LeaderElection (LogUtils.java:infoOrTrace(142)) - 4c7984b5-42f1-4e4b-a334-601f88f38b33@group-7A90E47A063C-LeaderElection114 got exception when requesting votes: java.util.concurrent.ExecutionException: org.apache.ratis.thirdparty.io.grpc.StatusRuntimeException: UNAVAILABLE: io exception
2025-09-07 09:45:24,065 [4c7984b5-42f1-4e4b-a334-601f88f38b33@group-7A90E47A063C-LeaderElection114] INFO  impl.LeaderElection (LogUtils.java:infoOrTrace(142)) - 4c7984b5-42f1-4e4b-a334-601f88f38b33@group-7A90E47A063C-LeaderElection114 got exception when requesting votes: java.util.concurrent.ExecutionException: org.apache.ratis.thirdparty.io.grpc.StatusRuntimeException: UNAVAILABLE: io exception
2025-09-07 09:45:24,065 [4c7984b5-42f1-4e4b-a334-601f88f38b33@group-7A90E47A063C-LeaderElection114] INFO  impl.LeaderElection (LeaderElection.java:logAndReturn(206)) - 4c7984b5-42f1-4e4b-a334-601f88f38b33@group-7A90E47A063C-LeaderElection114: PRE_VOTE REJECTED received 0 response(s) and 2 exception(s):
2025-09-07 09:45:24,065 [4c7984b5-42f1-4e4b-a334-601f88f38b33@group-7A90E47A063C-LeaderElection114] INFO  impl.LeaderElection (LogUtils.java:infoOrTrace(142)) -   Exception 0: java.util.concurrent.ExecutionException: org.apache.ratis.thirdparty.io.grpc.StatusRuntimeException: UNAVAILABLE: io exception
2025-09-07 09:45:24,065 [4c7984b5-42f1-4e4b-a334-601f88f38b33@group-7A90E47A063C-LeaderElection114] INFO  impl.LeaderElection (LogUtils.java:infoOrTrace(142)) -   Exception 1: java.util.concurrent.ExecutionException: org.apache.ratis.thirdparty.io.grpc.StatusRuntimeException: UNAVAILABLE: io exception
2025-09-07 09:45:24,065 [4c7984b5-42f1-4e4b-a334-601f88f38b33@group-7A90E47A063C-LeaderElection114] INFO  impl.LeaderElection (LeaderElection.java:askForVotes(450)) - 4c7984b5-42f1-4e4b-a334-601f88f38b33@group-7A90E47A063C-LeaderElection114 PRE_VOTE round 0: result REJECTED
2025-09-07 09:45:24,065 [4c7984b5-42f1-4e4b-a334-601f88f38b33@group-7A90E47A063C-LeaderElection114] INFO  server.RaftServer$Division (RaftServerImpl.java:setRole(392)) - 4c7984b5-42f1-4e4b-a334-601f88f38b33@group-7A90E47A063C: changes role from CANDIDATE to FOLLOWER at term 2 for REJECTED
2025-09-07 09:45:24,065 [4c7984b5-42f1-4e4b-a334-601f88f38b33@group-7A90E47A063C-LeaderElection114] INFO  impl.RoleInfo (RoleInfo.java:shutdownLeaderElection(141)) - 4c7984b5-42f1-4e4b-a334-601f88f38b33: shutdown 4c7984b5-42f1-4e4b-a334-601f88f38b33@group-7A90E47A063C-LeaderElection114
2025-09-07 09:45:24,065 [4c7984b5-42f1-4e4b-a334-601f88f38b33@group-7A90E47A063C-LeaderElection114] INFO  impl.RoleInfo (RoleInfo.java:updateAndGet(148)) - 4c7984b5-42f1-4e4b-a334-601f88f38b33: start 4c7984b5-42f1-4e4b-a334-601f88f38b33@group-7A90E47A063C-FollowerState
2025-09-07 09:45:24,331 [4c7984b5-42f1-4e4b-a334-601f88f38b33@group-AF0CBE3D3EB0-FollowerState] INFO  impl.FollowerState (FollowerState.java:runImpl(161)) - 4c7984b5-42f1-4e4b-a334-601f88f38b33@group-AF0CBE3D3EB0-FollowerState: change to CANDIDATE, lastRpcElapsedTime:1093467703ns, electionTimeout:1093ms
2025-09-07 09:45:24,331 [4c7984b5-42f1-4e4b-a334-601f88f38b33@group-AF0CBE3D3EB0-FollowerState] INFO  impl.RoleInfo (RoleInfo.java:shutdownFollowerState(121)) - 4c7984b5-42f1-4e4b-a334-601f88f38b33: shutdown 4c7984b5-42f1-4e4b-a334-601f88f38b33@group-AF0CBE3D3EB0-FollowerState
2025-09-07 09:45:24,331 [4c7984b5-42f1-4e4b-a334-601f88f38b33@group-AF0CBE3D3EB0-FollowerState] INFO  server.RaftServer$Division (RaftServerImpl.java:setRole(392)) - 4c7984b5-42f1-4e4b-a334-601f88f38b33@group-AF0CBE3D3EB0: changes role from  FOLLOWER to CANDIDATE at term 1 for changeToCandidate
2025-09-07 09:45:24,331 [4c7984b5-42f1-4e4b-a334-601f88f38b33@group-AF0CBE3D3EB0-FollowerState] INFO  impl.RoleInfo (RoleInfo.java:updateAndGet(148)) - 4c7984b5-42f1-4e4b-a334-601f88f38b33: start 4c7984b5-42f1-4e4b-a334-601f88f38b33@group-AF0CBE3D3EB0-LeaderElection115
2025-09-07 09:45:24,331 [4c7984b5-42f1-4e4b-a334-601f88f38b33@group-AF0CBE3D3EB0-LeaderElection115] INFO  impl.LeaderElection (LeaderElection.java:askForVotes(448)) - 4c7984b5-42f1-4e4b-a334-601f88f38b33@group-AF0CBE3D3EB0-LeaderElection115 PRE_VOTE round 0: submit vote requests at term 1 for conf: {index: 0, cur=peers:[c7c0d573-77b1-47db-b09e-d84959a4a43f|127.0.0.1:15063, 486fef96-c6ec-41d9-a4ca-7ebb3d261081|127.0.0.1:15071, 4c7984b5-42f1-4e4b-a334-601f88f38b33|127.0.0.1:15079]|listeners:[], old=null}
2025-09-07 09:45:24,332 [4c7984b5-42f1-4e4b-a334-601f88f38b33@group-AF0CBE3D3EB0-LeaderElection115] INFO  impl.LeaderElection (LogUtils.java:infoOrTrace(142)) - 4c7984b5-42f1-4e4b-a334-601f88f38b33@group-AF0CBE3D3EB0-LeaderElection115 got exception when requesting votes: java.util.concurrent.ExecutionException: org.apache.ratis.thirdparty.io.grpc.StatusRuntimeException: UNAVAILABLE: io exception
2025-09-07 09:45:24,332 [4c7984b5-42f1-4e4b-a334-601f88f38b33@group-AF0CBE3D3EB0-LeaderElection115] INFO  impl.LeaderElection (LogUtils.java:infoOrTrace(142)) - 4c7984b5-42f1-4e4b-a334-601f88f38b33@group-AF0CBE3D3EB0-LeaderElection115 got exception when requesting votes: java.util.concurrent.ExecutionException: org.apache.ratis.thirdparty.io.grpc.StatusRuntimeException: UNAVAILABLE: io exception
2025-09-07 09:45:24,332 [4c7984b5-42f1-4e4b-a334-601f88f38b33@group-AF0CBE3D3EB0-LeaderElection115] INFO  impl.LeaderElection (LeaderElection.java:logAndReturn(206)) - 4c7984b5-42f1-4e4b-a334-601f88f38b33@group-AF0CBE3D3EB0-LeaderElection115: PRE_VOTE REJECTED received 0 response(s) and 2 exception(s):
2025-09-07 09:45:24,332 [4c7984b5-42f1-4e4b-a334-601f88f38b33@group-AF0CBE3D3EB0-LeaderElection115] INFO  impl.LeaderElection (LogUtils.java:infoOrTrace(142)) -   Exception 0: java.util.concurrent.ExecutionException: org.apache.ratis.thirdparty.io.grpc.StatusRuntimeException: UNAVAILABLE: io exception
2025-09-07 09:45:24,332 [4c7984b5-42f1-4e4b-a334-601f88f38b33@group-AF0CBE3D3EB0-LeaderElection115] INFO  impl.LeaderElection (LogUtils.java:infoOrTrace(142)) -   Exception 1: java.util.concurrent.ExecutionException: org.apache.ratis.thirdparty.io.grpc.StatusRuntimeException: UNAVAILABLE: io exception
2025-09-07 09:45:24,332 [4c7984b5-42f1-4e4b-a334-601f88f38b33@group-AF0CBE3D3EB0-LeaderElection115] INFO  impl.LeaderElection (LeaderElection.java:askForVotes(450)) - 4c7984b5-42f1-4e4b-a334-601f88f38b33@group-AF0CBE3D3EB0-LeaderElection115 PRE_VOTE round 0: result REJECTED
2025-09-07 09:45:24,332 [4c7984b5-42f1-4e4b-a334-601f88f38b33@group-AF0CBE3D3EB0-LeaderElection115] INFO  server.RaftServer$Division (RaftServerImpl.java:setRole(392)) - 4c7984b5-42f1-4e4b-a334-601f88f38b33@group-AF0CBE3D3EB0: changes role from CANDIDATE to FOLLOWER at term 1 for REJECTED
2025-09-07 09:45:24,332 [4c7984b5-42f1-4e4b-a334-601f88f38b33@group-AF0CBE3D3EB0-LeaderElection115] INFO  impl.RoleInfo (RoleInfo.java:shutdownLeaderElection(141)) - 4c7984b5-42f1-4e4b-a334-601f88f38b33: shutdown 4c7984b5-42f1-4e4b-a334-601f88f38b33@group-AF0CBE3D3EB0-LeaderElection115
2025-09-07 09:45:24,332 [4c7984b5-42f1-4e4b-a334-601f88f38b33@group-AF0CBE3D3EB0-LeaderElection115] INFO  impl.RoleInfo (RoleInfo.java:updateAndGet(148)) - 4c7984b5-42f1-4e4b-a334-601f88f38b33: start 4c7984b5-42f1-4e4b-a334-601f88f38b33@group-AF0CBE3D3EB0-FollowerState
2025-09-07 09:45:25,127 [4c7984b5-42f1-4e4b-a334-601f88f38b33@group-7A90E47A063C-FollowerState] INFO  impl.FollowerState (FollowerState.java:runImpl(161)) - 4c7984b5-42f1-4e4b-a334-601f88f38b33@group-7A90E47A063C-FollowerState: change to CANDIDATE, lastRpcElapsedTime:1061276172ns, electionTimeout:1061ms
2025-09-07 09:45:25,127 [4c7984b5-42f1-4e4b-a334-601f88f38b33@group-7A90E47A063C-FollowerState] INFO  impl.RoleInfo (RoleInfo.java:shutdownFollowerState(121)) - 4c7984b5-42f1-4e4b-a334-601f88f38b33: shutdown 4c7984b5-42f1-4e4b-a334-601f88f38b33@group-7A90E47A063C-FollowerState
2025-09-07 09:45:25,127 [4c7984b5-42f1-4e4b-a334-601f88f38b33@group-7A90E47A063C-FollowerState] INFO  server.RaftServer$Division (RaftServerImpl.java:setRole(392)) - 4c7984b5-42f1-4e4b-a334-601f88f38b33@group-7A90E47A063C: changes role from  FOLLOWER to CANDIDATE at term 2 for changeToCandidate
2025-09-07 09:45:25,127 [4c7984b5-42f1-4e4b-a334-601f88f38b33@group-7A90E47A063C-FollowerState] INFO  impl.RoleInfo (RoleInfo.java:updateAndGet(148)) - 4c7984b5-42f1-4e4b-a334-601f88f38b33: start 4c7984b5-42f1-4e4b-a334-601f88f38b33@group-7A90E47A063C-LeaderElection116
2025-09-07 09:45:25,128 [4c7984b5-42f1-4e4b-a334-601f88f38b33@group-7A90E47A063C-LeaderElection116] INFO  impl.LeaderElection (LeaderElection.java:askForVotes(448)) - 4c7984b5-42f1-4e4b-a334-601f88f38b33@group-7A90E47A063C-LeaderElection116 PRE_VOTE round 0: submit vote requests at term 2 for conf: {index: 17, cur=peers:[c7c0d573-77b1-47db-b09e-d84959a4a43f|127.0.0.1:15063, 486fef96-c6ec-41d9-a4ca-7ebb3d261081|127.0.0.1:15071, 4c7984b5-42f1-4e4b-a334-601f88f38b33|127.0.0.1:15079]|listeners:[], old=null}
2025-09-07 09:45:25,128 [4c7984b5-42f1-4e4b-a334-601f88f38b33@group-7A90E47A063C-LeaderElection116] INFO  impl.LeaderElection (LogUtils.java:infoOrTrace(142)) - 4c7984b5-42f1-4e4b-a334-601f88f38b33@group-7A90E47A063C-LeaderElection116 got exception when requesting votes: java.util.concurrent.ExecutionException: org.apache.ratis.thirdparty.io.grpc.StatusRuntimeException: UNAVAILABLE: io exception
2025-09-07 09:45:25,128 [4c7984b5-42f1-4e4b-a334-601f88f38b33@group-7A90E47A063C-LeaderElection116] INFO  impl.LeaderElection (LogUtils.java:infoOrTrace(142)) - 4c7984b5-42f1-4e4b-a334-601f88f38b33@group-7A90E47A063C-LeaderElection116 got exception when requesting votes: java.util.concurrent.ExecutionException: org.apache.ratis.thirdparty.io.grpc.StatusRuntimeException: UNAVAILABLE: io exception
2025-09-07 09:45:25,128 [4c7984b5-42f1-4e4b-a334-601f88f38b33@group-7A90E47A063C-LeaderElection116] INFO  impl.LeaderElection (LeaderElection.java:logAndReturn(206)) - 4c7984b5-42f1-4e4b-a334-601f88f38b33@group-7A90E47A063C-LeaderElection116: PRE_VOTE REJECTED received 0 response(s) and 2 exception(s):
2025-09-07 09:45:25,128 [4c7984b5-42f1-4e4b-a334-601f88f38b33@group-7A90E47A063C-LeaderElection116] INFO  impl.LeaderElection (LogUtils.java:infoOrTrace(142)) -   Exception 0: java.util.concurrent.ExecutionException: org.apache.ratis.thirdparty.io.grpc.StatusRuntimeException: UNAVAILABLE: io exception
2025-09-07 09:45:25,128 [4c7984b5-42f1-4e4b-a334-601f88f38b33@group-7A90E47A063C-LeaderElection116] INFO  impl.LeaderElection (LogUtils.java:infoOrTrace(142)) -   Exception 1: java.util.concurrent.ExecutionException: org.apache.ratis.thirdparty.io.grpc.StatusRuntimeException: UNAVAILABLE: io exception
2025-09-07 09:45:25,128 [4c7984b5-42f1-4e4b-a334-601f88f38b33@group-7A90E47A063C-LeaderElection116] INFO  impl.LeaderElection (LeaderElection.java:askForVotes(450)) - 4c7984b5-42f1-4e4b-a334-601f88f38b33@group-7A90E47A063C-LeaderElection116 PRE_VOTE round 0: result REJECTED
2025-09-07 09:45:25,128 [4c7984b5-42f1-4e4b-a334-601f88f38b33@group-7A90E47A063C-LeaderElection116] INFO  server.RaftServer$Division (RaftServerImpl.java:setRole(392)) - 4c7984b5-42f1-4e4b-a334-601f88f38b33@group-7A90E47A063C: changes role from CANDIDATE to FOLLOWER at term 2 for REJECTED
2025-09-07 09:45:25,128 [4c7984b5-42f1-4e4b-a334-601f88f38b33@group-7A90E47A063C-LeaderElection116] INFO  impl.RoleInfo (RoleInfo.java:shutdownLeaderElection(141)) - 4c7984b5-42f1-4e4b-a334-601f88f38b33: shutdown 4c7984b5-42f1-4e4b-a334-601f88f38b33@group-7A90E47A063C-LeaderElection116
2025-09-07 09:45:25,128 [4c7984b5-42f1-4e4b-a334-601f88f38b33@group-7A90E47A063C-LeaderElection116] INFO  impl.RoleInfo (RoleInfo.java:updateAndGet(148)) - 4c7984b5-42f1-4e4b-a334-601f88f38b33: start 4c7984b5-42f1-4e4b-a334-601f88f38b33@group-7A90E47A063C-FollowerState
2025-09-07 09:45:25,337 [4c7984b5-42f1-4e4b-a334-601f88f38b33@group-AF0CBE3D3EB0-FollowerState] INFO  impl.FollowerState (FollowerState.java:runImpl(161)) - 4c7984b5-42f1-4e4b-a334-601f88f38b33@group-AF0CBE3D3EB0-FollowerState: change to CANDIDATE, lastRpcElapsedTime:1004344122ns, electionTimeout:1004ms
2025-09-07 09:45:25,337 [4c7984b5-42f1-4e4b-a334-601f88f38b33@group-AF0CBE3D3EB0-FollowerState] INFO  impl.RoleInfo (RoleInfo.java:shutdownFollowerState(121)) - 4c7984b5-42f1-4e4b-a334-601f88f38b33: shutdown 4c7984b5-42f1-4e4b-a334-601f88f38b33@group-AF0CBE3D3EB0-FollowerState
2025-09-07 09:45:25,337 [4c7984b5-42f1-4e4b-a334-601f88f38b33@group-AF0CBE3D3EB0-FollowerState] INFO  server.RaftServer$Division (RaftServerImpl.java:setRole(392)) - 4c7984b5-42f1-4e4b-a334-601f88f38b33@group-AF0CBE3D3EB0: changes role from  FOLLOWER to CANDIDATE at term 1 for changeToCandidate
2025-09-07 09:45:25,337 [4c7984b5-42f1-4e4b-a334-601f88f38b33@group-AF0CBE3D3EB0-FollowerState] INFO  impl.RoleInfo (RoleInfo.java:updateAndGet(148)) - 4c7984b5-42f1-4e4b-a334-601f88f38b33: start 4c7984b5-42f1-4e4b-a334-601f88f38b33@group-AF0CBE3D3EB0-LeaderElection117
2025-09-07 09:45:25,337 [4c7984b5-42f1-4e4b-a334-601f88f38b33@group-AF0CBE3D3EB0-LeaderElection117] INFO  impl.LeaderElection (LeaderElection.java:askForVotes(448)) - 4c7984b5-42f1-4e4b-a334-601f88f38b33@group-AF0CBE3D3EB0-LeaderElection117 PRE_VOTE round 0: submit vote requests at term 1 for conf: {index: 0, cur=peers:[c7c0d573-77b1-47db-b09e-d84959a4a43f|127.0.0.1:15063, 486fef96-c6ec-41d9-a4ca-7ebb3d261081|127.0.0.1:15071, 4c7984b5-42f1-4e4b-a334-601f88f38b33|127.0.0.1:15079]|listeners:[], old=null}
2025-09-07 09:45:25,338 [4c7984b5-42f1-4e4b-a334-601f88f38b33@group-AF0CBE3D3EB0-LeaderElection117] INFO  impl.LeaderElection (LogUtils.java:infoOrTrace(142)) - 4c7984b5-42f1-4e4b-a334-601f88f38b33@group-AF0CBE3D3EB0-LeaderElection117 got exception when requesting votes: java.util.concurrent.ExecutionException: org.apache.ratis.thirdparty.io.grpc.StatusRuntimeException: UNAVAILABLE: io exception
2025-09-07 09:45:25,338 [4c7984b5-42f1-4e4b-a334-601f88f38b33@group-AF0CBE3D3EB0-LeaderElection117] INFO  impl.LeaderElection (LogUtils.java:infoOrTrace(142)) - 4c7984b5-42f1-4e4b-a334-601f88f38b33@group-AF0CBE3D3EB0-LeaderElection117 got exception when requesting votes: java.util.concurrent.ExecutionException: org.apache.ratis.thirdparty.io.grpc.StatusRuntimeException: UNAVAILABLE: io exception
2025-09-07 09:45:25,338 [4c7984b5-42f1-4e4b-a334-601f88f38b33@group-AF0CBE3D3EB0-LeaderElection117] INFO  impl.LeaderElection (LeaderElection.java:logAndReturn(206)) - 4c7984b5-42f1-4e4b-a334-601f88f38b33@group-AF0CBE3D3EB0-LeaderElection117: PRE_VOTE REJECTED received 0 response(s) and 2 exception(s):
2025-09-07 09:45:25,338 [4c7984b5-42f1-4e4b-a334-601f88f38b33@group-AF0CBE3D3EB0-LeaderElection117] INFO  impl.LeaderElection (LogUtils.java:infoOrTrace(142)) -   Exception 0: java.util.concurrent.ExecutionException: org.apache.ratis.thirdparty.io.grpc.StatusRuntimeException: UNAVAILABLE: io exception
2025-09-07 09:45:25,338 [4c7984b5-42f1-4e4b-a334-601f88f38b33@group-AF0CBE3D3EB0-LeaderElection117] INFO  impl.LeaderElection (LogUtils.java:infoOrTrace(142)) -   Exception 1: java.util.concurrent.ExecutionException: org.apache.ratis.thirdparty.io.grpc.StatusRuntimeException: UNAVAILABLE: io exception
2025-09-07 09:45:25,338 [4c7984b5-42f1-4e4b-a334-601f88f38b33@group-AF0CBE3D3EB0-LeaderElection117] INFO  impl.LeaderElection (LeaderElection.java:askForVotes(450)) - 4c7984b5-42f1-4e4b-a334-601f88f38b33@group-AF0CBE3D3EB0-LeaderElection117 PRE_VOTE round 0: result REJECTED
2025-09-07 09:45:25,338 [4c7984b5-42f1-4e4b-a334-601f88f38b33@group-AF0CBE3D3EB0-LeaderElection117] INFO  server.RaftServer$Division (RaftServerImpl.java:setRole(392)) - 4c7984b5-42f1-4e4b-a334-601f88f38b33@group-AF0CBE3D3EB0: changes role from CANDIDATE to FOLLOWER at term 1 for REJECTED
2025-09-07 09:45:25,338 [4c7984b5-42f1-4e4b-a334-601f88f38b33@group-AF0CBE3D3EB0-LeaderElection117] INFO  impl.RoleInfo (RoleInfo.java:shutdownLeaderElection(141)) - 4c7984b5-42f1-4e4b-a334-601f88f38b33: shutdown 4c7984b5-42f1-4e4b-a334-601f88f38b33@group-AF0CBE3D3EB0-LeaderElection117
2025-09-07 09:45:25,338 [4c7984b5-42f1-4e4b-a334-601f88f38b33@group-AF0CBE3D3EB0-LeaderElection117] INFO  impl.RoleInfo (RoleInfo.java:updateAndGet(148)) - 4c7984b5-42f1-4e4b-a334-601f88f38b33: start 4c7984b5-42f1-4e4b-a334-601f88f38b33@group-AF0CBE3D3EB0-FollowerState
2025-09-07 09:45:26,151 [4c7984b5-42f1-4e4b-a334-601f88f38b33@group-7A90E47A063C-FollowerState] INFO  impl.FollowerState (FollowerState.java:runImpl(161)) - 4c7984b5-42f1-4e4b-a334-601f88f38b33@group-7A90E47A063C-FollowerState: change to CANDIDATE, lastRpcElapsedTime:1022350809ns, electionTimeout:1022ms
2025-09-07 09:45:26,151 [4c7984b5-42f1-4e4b-a334-601f88f38b33@group-7A90E47A063C-FollowerState] INFO  impl.RoleInfo (RoleInfo.java:shutdownFollowerState(121)) - 4c7984b5-42f1-4e4b-a334-601f88f38b33: shutdown 4c7984b5-42f1-4e4b-a334-601f88f38b33@group-7A90E47A063C-FollowerState
2025-09-07 09:45:26,151 [4c7984b5-42f1-4e4b-a334-601f88f38b33@group-7A90E47A063C-FollowerState] INFO  server.RaftServer$Division (RaftServerImpl.java:setRole(392)) - 4c7984b5-42f1-4e4b-a334-601f88f38b33@group-7A90E47A063C: changes role from  FOLLOWER to CANDIDATE at term 2 for changeToCandidate
2025-09-07 09:45:26,151 [4c7984b5-42f1-4e4b-a334-601f88f38b33@group-7A90E47A063C-FollowerState] INFO  impl.RoleInfo (RoleInfo.java:updateAndGet(148)) - 4c7984b5-42f1-4e4b-a334-601f88f38b33: start 4c7984b5-42f1-4e4b-a334-601f88f38b33@group-7A90E47A063C-LeaderElection118
2025-09-07 09:45:26,151 [4c7984b5-42f1-4e4b-a334-601f88f38b33@group-7A90E47A063C-LeaderElection118] INFO  impl.LeaderElection (LeaderElection.java:askForVotes(448)) - 4c7984b5-42f1-4e4b-a334-601f88f38b33@group-7A90E47A063C-LeaderElection118 PRE_VOTE round 0: submit vote requests at term 2 for conf: {index: 17, cur=peers:[c7c0d573-77b1-47db-b09e-d84959a4a43f|127.0.0.1:15063, 486fef96-c6ec-41d9-a4ca-7ebb3d261081|127.0.0.1:15071, 4c7984b5-42f1-4e4b-a334-601f88f38b33|127.0.0.1:15079]|listeners:[], old=null}
2025-09-07 09:45:26,152 [4c7984b5-42f1-4e4b-a334-601f88f38b33@group-7A90E47A063C-LeaderElection118] INFO  impl.LeaderElection (LogUtils.java:infoOrTrace(142)) - 4c7984b5-42f1-4e4b-a334-601f88f38b33@group-7A90E47A063C-LeaderElection118 got exception when requesting votes: java.util.concurrent.ExecutionException: org.apache.ratis.thirdparty.io.grpc.StatusRuntimeException: UNAVAILABLE: io exception
2025-09-07 09:45:26,152 [4c7984b5-42f1-4e4b-a334-601f88f38b33@group-7A90E47A063C-LeaderElection118] INFO  impl.LeaderElection (LogUtils.java:infoOrTrace(142)) - 4c7984b5-42f1-4e4b-a334-601f88f38b33@group-7A90E47A063C-LeaderElection118 got exception when requesting votes: java.util.concurrent.ExecutionException: org.apache.ratis.thirdparty.io.grpc.StatusRuntimeException: UNAVAILABLE: io exception
2025-09-07 09:45:26,152 [4c7984b5-42f1-4e4b-a334-601f88f38b33@group-7A90E47A063C-LeaderElection118] INFO  impl.LeaderElection (LeaderElection.java:logAndReturn(206)) - 4c7984b5-42f1-4e4b-a334-601f88f38b33@group-7A90E47A063C-LeaderElection118: PRE_VOTE REJECTED received 0 response(s) and 2 exception(s):
2025-09-07 09:45:26,152 [4c7984b5-42f1-4e4b-a334-601f88f38b33@group-7A90E47A063C-LeaderElection118] INFO  impl.LeaderElection (LogUtils.java:infoOrTrace(142)) -   Exception 0: java.util.concurrent.ExecutionException: org.apache.ratis.thirdparty.io.grpc.StatusRuntimeException: UNAVAILABLE: io exception
2025-09-07 09:45:26,152 [4c7984b5-42f1-4e4b-a334-601f88f38b33@group-7A90E47A063C-LeaderElection118] INFO  impl.LeaderElection (LogUtils.java:infoOrTrace(142)) -   Exception 1: java.util.concurrent.ExecutionException: org.apache.ratis.thirdparty.io.grpc.StatusRuntimeException: UNAVAILABLE: io exception
2025-09-07 09:45:26,152 [4c7984b5-42f1-4e4b-a334-601f88f38b33@group-7A90E47A063C-LeaderElection118] INFO  impl.LeaderElection (LeaderElection.java:askForVotes(450)) - 4c7984b5-42f1-4e4b-a334-601f88f38b33@group-7A90E47A063C-LeaderElection118 PRE_VOTE round 0: result REJECTED
2025-09-07 09:45:26,152 [4c7984b5-42f1-4e4b-a334-601f88f38b33@group-7A90E47A063C-LeaderElection118] INFO  server.RaftServer$Division (RaftServerImpl.java:setRole(392)) - 4c7984b5-42f1-4e4b-a334-601f88f38b33@group-7A90E47A063C: changes role from CANDIDATE to FOLLOWER at term 2 for REJECTED
2025-09-07 09:45:26,152 [4c7984b5-42f1-4e4b-a334-601f88f38b33@group-7A90E47A063C-LeaderElection118] INFO  impl.RoleInfo (RoleInfo.java:shutdownLeaderElection(141)) - 4c7984b5-42f1-4e4b-a334-601f88f38b33: shutdown 4c7984b5-42f1-4e4b-a334-601f88f38b33@group-7A90E47A063C-LeaderElection118
2025-09-07 09:45:26,152 [4c7984b5-42f1-4e4b-a334-601f88f38b33@group-7A90E47A063C-LeaderElection118] INFO  impl.RoleInfo (RoleInfo.java:updateAndGet(148)) - 4c7984b5-42f1-4e4b-a334-601f88f38b33: start 4c7984b5-42f1-4e4b-a334-601f88f38b33@group-7A90E47A063C-FollowerState
2025-09-07 09:45:26,402 [4c7984b5-42f1-4e4b-a334-601f88f38b33@group-AF0CBE3D3EB0-FollowerState] INFO  impl.FollowerState (FollowerState.java:runImpl(161)) - 4c7984b5-42f1-4e4b-a334-601f88f38b33@group-AF0CBE3D3EB0-FollowerState: change to CANDIDATE, lastRpcElapsedTime:1063671230ns, electionTimeout:1063ms
2025-09-07 09:45:26,402 [4c7984b5-42f1-4e4b-a334-601f88f38b33@group-AF0CBE3D3EB0-FollowerState] INFO  impl.RoleInfo (RoleInfo.java:shutdownFollowerState(121)) - 4c7984b5-42f1-4e4b-a334-601f88f38b33: shutdown 4c7984b5-42f1-4e4b-a334-601f88f38b33@group-AF0CBE3D3EB0-FollowerState
2025-09-07 09:45:26,402 [4c7984b5-42f1-4e4b-a334-601f88f38b33@group-AF0CBE3D3EB0-FollowerState] INFO  server.RaftServer$Division (RaftServerImpl.java:setRole(392)) - 4c7984b5-42f1-4e4b-a334-601f88f38b33@group-AF0CBE3D3EB0: changes role from  FOLLOWER to CANDIDATE at term 1 for changeToCandidate
2025-09-07 09:45:26,402 [4c7984b5-42f1-4e4b-a334-601f88f38b33@group-AF0CBE3D3EB0-FollowerState] INFO  impl.RoleInfo (RoleInfo.java:updateAndGet(148)) - 4c7984b5-42f1-4e4b-a334-601f88f38b33: start 4c7984b5-42f1-4e4b-a334-601f88f38b33@group-AF0CBE3D3EB0-LeaderElection119
2025-09-07 09:45:26,403 [4c7984b5-42f1-4e4b-a334-601f88f38b33@group-AF0CBE3D3EB0-LeaderElection119] INFO  impl.LeaderElection (LeaderElection.java:askForVotes(448)) - 4c7984b5-42f1-4e4b-a334-601f88f38b33@group-AF0CBE3D3EB0-LeaderElection119 PRE_VOTE round 0: submit vote requests at term 1 for conf: {index: 0, cur=peers:[c7c0d573-77b1-47db-b09e-d84959a4a43f|127.0.0.1:15063, 486fef96-c6ec-41d9-a4ca-7ebb3d261081|127.0.0.1:15071, 4c7984b5-42f1-4e4b-a334-601f88f38b33|127.0.0.1:15079]|listeners:[], old=null}
2025-09-07 09:45:26,403 [4c7984b5-42f1-4e4b-a334-601f88f38b33@group-AF0CBE3D3EB0-LeaderElection119] INFO  impl.LeaderElection (LogUtils.java:infoOrTrace(142)) - 4c7984b5-42f1-4e4b-a334-601f88f38b33@group-AF0CBE3D3EB0-LeaderElection119 got exception when requesting votes: java.util.concurrent.ExecutionException: org.apache.ratis.thirdparty.io.grpc.StatusRuntimeException: UNAVAILABLE: io exception
2025-09-07 09:45:26,403 [4c7984b5-42f1-4e4b-a334-601f88f38b33@group-AF0CBE3D3EB0-LeaderElection119] INFO  impl.LeaderElection (LogUtils.java:infoOrTrace(142)) - 4c7984b5-42f1-4e4b-a334-601f88f38b33@group-AF0CBE3D3EB0-LeaderElection119 got exception when requesting votes: java.util.concurrent.ExecutionException: org.apache.ratis.thirdparty.io.grpc.StatusRuntimeException: UNAVAILABLE: io exception
2025-09-07 09:45:26,403 [4c7984b5-42f1-4e4b-a334-601f88f38b33@group-AF0CBE3D3EB0-LeaderElection119] INFO  impl.LeaderElection (LeaderElection.java:logAndReturn(206)) - 4c7984b5-42f1-4e4b-a334-601f88f38b33@group-AF0CBE3D3EB0-LeaderElection119: PRE_VOTE REJECTED received 0 response(s) and 2 exception(s):
2025-09-07 09:45:26,403 [4c7984b5-42f1-4e4b-a334-601f88f38b33@group-AF0CBE3D3EB0-LeaderElection119] INFO  impl.LeaderElection (LogUtils.java:infoOrTrace(142)) -   Exception 0: java.util.concurrent.ExecutionException: org.apache.ratis.thirdparty.io.grpc.StatusRuntimeException: UNAVAILABLE: io exception
2025-09-07 09:45:26,403 [4c7984b5-42f1-4e4b-a334-601f88f38b33@group-AF0CBE3D3EB0-LeaderElection119] INFO  impl.LeaderElection (LogUtils.java:infoOrTrace(142)) -   Exception 1: java.util.concurrent.ExecutionException: org.apache.ratis.thirdparty.io.grpc.StatusRuntimeException: UNAVAILABLE: io exception
2025-09-07 09:45:26,404 [4c7984b5-42f1-4e4b-a334-601f88f38b33@group-AF0CBE3D3EB0-LeaderElection119] INFO  impl.LeaderElection (LeaderElection.java:askForVotes(450)) - 4c7984b5-42f1-4e4b-a334-601f88f38b33@group-AF0CBE3D3EB0-LeaderElection119 PRE_VOTE round 0: result REJECTED
2025-09-07 09:45:26,404 [4c7984b5-42f1-4e4b-a334-601f88f38b33@group-AF0CBE3D3EB0-LeaderElection119] INFO  server.RaftServer$Division (RaftServerImpl.java:setRole(392)) - 4c7984b5-42f1-4e4b-a334-601f88f38b33@group-AF0CBE3D3EB0: changes role from CANDIDATE to FOLLOWER at term 1 for REJECTED
2025-09-07 09:45:26,404 [4c7984b5-42f1-4e4b-a334-601f88f38b33@group-AF0CBE3D3EB0-LeaderElection119] INFO  impl.RoleInfo (RoleInfo.java:shutdownLeaderElection(141)) - 4c7984b5-42f1-4e4b-a334-601f88f38b33: shutdown 4c7984b5-42f1-4e4b-a334-601f88f38b33@group-AF0CBE3D3EB0-LeaderElection119
2025-09-07 09:45:26,404 [4c7984b5-42f1-4e4b-a334-601f88f38b33@group-AF0CBE3D3EB0-LeaderElection119] INFO  impl.RoleInfo (RoleInfo.java:updateAndGet(148)) - 4c7984b5-42f1-4e4b-a334-601f88f38b33: start 4c7984b5-42f1-4e4b-a334-601f88f38b33@group-AF0CBE3D3EB0-FollowerState
2025-09-07 09:45:26,878 [grpc-default-executor-7] ERROR impl.OrderedAsync (OrderedAsync.java:lambda$null$6(215)) -  client-C3B9DB0FB337: Failed* RaftClientRequest:client-C3B9DB0FB337->4c7984b5-42f1-4e4b-a334-601f88f38b33@group-AF0CBE3D3EB0, cid=41, seq=1*, Watch(0), null
java.util.concurrent.CompletionException: org.apache.ratis.protocol.exceptions.NotLeaderException: Server 4c7984b5-42f1-4e4b-a334-601f88f38b33@group-AF0CBE3D3EB0 is not the leader
	at java.base/java.util.concurrent.CompletableFuture.encodeThrowable(CompletableFuture.java:332)
	at java.base/java.util.concurrent.CompletableFuture.completeThrowable(CompletableFuture.java:347)
	at java.base/java.util.concurrent.CompletableFuture$UniAccept.tryFire(CompletableFuture.java:708)
	at java.base/java.util.concurrent.CompletableFuture.postComplete(CompletableFuture.java:510)
	at java.base/java.util.concurrent.CompletableFuture.completeExceptionally(CompletableFuture.java:2194)
	at org.apache.ratis.grpc.client.GrpcClientProtocolClient$AsyncStreamObservers.completeReplyExceptionally(GrpcClientProtocolClient.java:397)
	at org.apache.ratis.grpc.client.GrpcClientProtocolClient$AsyncStreamObservers.access$000(GrpcClientProtocolClient.java:303)
	at org.apache.ratis.grpc.client.GrpcClientProtocolClient$AsyncStreamObservers$1.onNext(GrpcClientProtocolClient.java:317)
	at org.apache.ratis.grpc.client.GrpcClientProtocolClient$AsyncStreamObservers$1.onNext(GrpcClientProtocolClient.java:308)
	at org.apache.ratis.thirdparty.io.grpc.stub.ClientCalls$StreamObserverToCallListenerAdapter.onMessage(ClientCalls.java:551)
	at org.apache.ratis.thirdparty.io.grpc.ForwardingClientCallListener.onMessage(ForwardingClientCallListener.java:33)
	at org.apache.ratis.thirdparty.io.grpc.internal.ClientCallImpl$ClientStreamListenerImpl$1MessagesAvailable.runInternal(ClientCallImpl.java:661)
	at org.apache.ratis.thirdparty.io.grpc.internal.ClientCallImpl$ClientStreamListenerImpl$1MessagesAvailable.runInContext(ClientCallImpl.java:648)
	at org.apache.ratis.thirdparty.io.grpc.internal.ContextRunnable.run(ContextRunnable.java:37)
	at org.apache.ratis.thirdparty.io.grpc.internal.SerializingExecutor.run(SerializingExecutor.java:133)
	at java.base/java.util.concurrent.ThreadPoolExecutor.runWorker(ThreadPoolExecutor.java:1144)
	at java.base/java.util.concurrent.ThreadPoolExecutor$Worker.run(ThreadPoolExecutor.java:642)
	at java.base/java.lang.Thread.run(Thread.java:1583)
Caused by: org.apache.ratis.protocol.exceptions.NotLeaderException: Server 4c7984b5-42f1-4e4b-a334-601f88f38b33@group-AF0CBE3D3EB0 is not the leader
	at org.apache.ratis.client.impl.ClientProtoUtils.toRaftClientReply(ClientProtoUtils.java:402)
	at org.apache.ratis.grpc.client.GrpcClientProtocolClient$AsyncStreamObservers$1.onNext(GrpcClientProtocolClient.java:313)
	... 10 more
2025-09-07 09:45:27,318 [4c7984b5-42f1-4e4b-a334-601f88f38b33@group-7A90E47A063C-FollowerState] INFO  impl.FollowerState (FollowerState.java:runImpl(161)) - 4c7984b5-42f1-4e4b-a334-601f88f38b33@group-7A90E47A063C-FollowerState: change to CANDIDATE, lastRpcElapsedTime:1165338236ns, electionTimeout:1165ms
2025-09-07 09:45:27,318 [4c7984b5-42f1-4e4b-a334-601f88f38b33@group-7A90E47A063C-FollowerState] INFO  impl.RoleInfo (RoleInfo.java:shutdownFollowerState(121)) - 4c7984b5-42f1-4e4b-a334-601f88f38b33: shutdown 4c7984b5-42f1-4e4b-a334-601f88f38b33@group-7A90E47A063C-FollowerState
2025-09-07 09:45:27,318 [4c7984b5-42f1-4e4b-a334-601f88f38b33@group-7A90E47A063C-FollowerState] INFO  server.RaftServer$Division (RaftServerImpl.java:setRole(392)) - 4c7984b5-42f1-4e4b-a334-601f88f38b33@group-7A90E47A063C: changes role from  FOLLOWER to CANDIDATE at term 2 for changeToCandidate
2025-09-07 09:45:27,318 [4c7984b5-42f1-4e4b-a334-601f88f38b33@group-7A90E47A063C-FollowerState] INFO  impl.RoleInfo (RoleInfo.java:updateAndGet(148)) - 4c7984b5-42f1-4e4b-a334-601f88f38b33: start 4c7984b5-42f1-4e4b-a334-601f88f38b33@group-7A90E47A063C-LeaderElection120
2025-09-07 09:45:27,319 [4c7984b5-42f1-4e4b-a334-601f88f38b33@group-7A90E47A063C-LeaderElection120] INFO  impl.LeaderElection (LeaderElection.java:askForVotes(448)) - 4c7984b5-42f1-4e4b-a334-601f88f38b33@group-7A90E47A063C-LeaderElection120 PRE_VOTE round 0: submit vote requests at term 2 for conf: {index: 17, cur=peers:[c7c0d573-77b1-47db-b09e-d84959a4a43f|127.0.0.1:15063, 486fef96-c6ec-41d9-a4ca-7ebb3d261081|127.0.0.1:15071, 4c7984b5-42f1-4e4b-a334-601f88f38b33|127.0.0.1:15079]|listeners:[], old=null}
2025-09-07 09:45:27,319 [4c7984b5-42f1-4e4b-a334-601f88f38b33@group-7A90E47A063C-LeaderElection120] INFO  impl.LeaderElection (LogUtils.java:infoOrTrace(142)) - 4c7984b5-42f1-4e4b-a334-601f88f38b33@group-7A90E47A063C-LeaderElection120 got exception when requesting votes: java.util.concurrent.ExecutionException: org.apache.ratis.thirdparty.io.grpc.StatusRuntimeException: UNAVAILABLE: io exception
2025-09-07 09:45:27,319 [4c7984b5-42f1-4e4b-a334-601f88f38b33@group-7A90E47A063C-LeaderElection120] INFO  impl.LeaderElection (LogUtils.java:infoOrTrace(142)) - 4c7984b5-42f1-4e4b-a334-601f88f38b33@group-7A90E47A063C-LeaderElection120 got exception when requesting votes: java.util.concurrent.ExecutionException: org.apache.ratis.thirdparty.io.grpc.StatusRuntimeException: UNAVAILABLE: io exception
2025-09-07 09:45:27,319 [4c7984b5-42f1-4e4b-a334-601f88f38b33@group-7A90E47A063C-LeaderElection120] INFO  impl.LeaderElection (LeaderElection.java:logAndReturn(206)) - 4c7984b5-42f1-4e4b-a334-601f88f38b33@group-7A90E47A063C-LeaderElection120: PRE_VOTE REJECTED received 0 response(s) and 2 exception(s):
2025-09-07 09:45:27,319 [4c7984b5-42f1-4e4b-a334-601f88f38b33@group-7A90E47A063C-LeaderElection120] INFO  impl.LeaderElection (LogUtils.java:infoOrTrace(142)) -   Exception 0: java.util.concurrent.ExecutionException: org.apache.ratis.thirdparty.io.grpc.StatusRuntimeException: UNAVAILABLE: io exception
2025-09-07 09:45:27,319 [4c7984b5-42f1-4e4b-a334-601f88f38b33@group-7A90E47A063C-LeaderElection120] INFO  impl.LeaderElection (LogUtils.java:infoOrTrace(142)) -   Exception 1: java.util.concurrent.ExecutionException: org.apache.ratis.thirdparty.io.grpc.StatusRuntimeException: UNAVAILABLE: io exception
2025-09-07 09:45:27,319 [4c7984b5-42f1-4e4b-a334-601f88f38b33@group-7A90E47A063C-LeaderElection120] INFO  impl.LeaderElection (LeaderElection.java:askForVotes(450)) - 4c7984b5-42f1-4e4b-a334-601f88f38b33@group-7A90E47A063C-LeaderElection120 PRE_VOTE round 0: result REJECTED
2025-09-07 09:45:27,319 [4c7984b5-42f1-4e4b-a334-601f88f38b33@group-7A90E47A063C-LeaderElection120] INFO  server.RaftServer$Division (RaftServerImpl.java:setRole(392)) - 4c7984b5-42f1-4e4b-a334-601f88f38b33@group-7A90E47A063C: changes role from CANDIDATE to FOLLOWER at term 2 for REJECTED
2025-09-07 09:45:27,319 [4c7984b5-42f1-4e4b-a334-601f88f38b33@group-7A90E47A063C-LeaderElection120] INFO  impl.RoleInfo (RoleInfo.java:shutdownLeaderElection(141)) - 4c7984b5-42f1-4e4b-a334-601f88f38b33: shutdown 4c7984b5-42f1-4e4b-a334-601f88f38b33@group-7A90E47A063C-LeaderElection120
2025-09-07 09:45:27,319 [4c7984b5-42f1-4e4b-a334-601f88f38b33@group-7A90E47A063C-LeaderElection120] INFO  impl.RoleInfo (RoleInfo.java:updateAndGet(148)) - 4c7984b5-42f1-4e4b-a334-601f88f38b33: start 4c7984b5-42f1-4e4b-a334-601f88f38b33@group-7A90E47A063C-FollowerState
2025-09-07 09:45:27,553 [4c7984b5-42f1-4e4b-a334-601f88f38b33@group-AF0CBE3D3EB0-FollowerState] INFO  impl.FollowerState (FollowerState.java:runImpl(161)) - 4c7984b5-42f1-4e4b-a334-601f88f38b33@group-AF0CBE3D3EB0-FollowerState: change to CANDIDATE, lastRpcElapsedTime:1149348552ns, electionTimeout:1149ms
2025-09-07 09:45:27,553 [4c7984b5-42f1-4e4b-a334-601f88f38b33@group-AF0CBE3D3EB0-FollowerState] INFO  impl.RoleInfo (RoleInfo.java:shutdownFollowerState(121)) - 4c7984b5-42f1-4e4b-a334-601f88f38b33: shutdown 4c7984b5-42f1-4e4b-a334-601f88f38b33@group-AF0CBE3D3EB0-FollowerState
2025-09-07 09:45:27,553 [4c7984b5-42f1-4e4b-a334-601f88f38b33@group-AF0CBE3D3EB0-FollowerState] INFO  server.RaftServer$Division (RaftServerImpl.java:setRole(392)) - 4c7984b5-42f1-4e4b-a334-601f88f38b33@group-AF0CBE3D3EB0: changes role from  FOLLOWER to CANDIDATE at term 1 for changeToCandidate
2025-09-07 09:45:27,553 [4c7984b5-42f1-4e4b-a334-601f88f38b33@group-AF0CBE3D3EB0-FollowerState] INFO  impl.RoleInfo (RoleInfo.java:updateAndGet(148)) - 4c7984b5-42f1-4e4b-a334-601f88f38b33: start 4c7984b5-42f1-4e4b-a334-601f88f38b33@group-AF0CBE3D3EB0-LeaderElection121
2025-09-07 09:45:27,554 [4c7984b5-42f1-4e4b-a334-601f88f38b33@group-AF0CBE3D3EB0-LeaderElection121] INFO  impl.LeaderElection (LeaderElection.java:askForVotes(448)) - 4c7984b5-42f1-4e4b-a334-601f88f38b33@group-AF0CBE3D3EB0-LeaderElection121 PRE_VOTE round 0: submit vote requests at term 1 for conf: {index: 0, cur=peers:[c7c0d573-77b1-47db-b09e-d84959a4a43f|127.0.0.1:15063, 486fef96-c6ec-41d9-a4ca-7ebb3d261081|127.0.0.1:15071, 4c7984b5-42f1-4e4b-a334-601f88f38b33|127.0.0.1:15079]|listeners:[], old=null}
2025-09-07 09:45:27,554 [4c7984b5-42f1-4e4b-a334-601f88f38b33@group-AF0CBE3D3EB0-LeaderElection121] INFO  impl.LeaderElection (LogUtils.java:infoOrTrace(142)) - 4c7984b5-42f1-4e4b-a334-601f88f38b33@group-AF0CBE3D3EB0-LeaderElection121 got exception when requesting votes: java.util.concurrent.ExecutionException: org.apache.ratis.thirdparty.io.grpc.StatusRuntimeException: UNAVAILABLE: io exception
2025-09-07 09:45:27,554 [4c7984b5-42f1-4e4b-a334-601f88f38b33@group-AF0CBE3D3EB0-LeaderElection121] INFO  impl.LeaderElection (LogUtils.java:infoOrTrace(142)) - 4c7984b5-42f1-4e4b-a334-601f88f38b33@group-AF0CBE3D3EB0-LeaderElection121 got exception when requesting votes: java.util.concurrent.ExecutionException: org.apache.ratis.thirdparty.io.grpc.StatusRuntimeException: UNAVAILABLE: io exception
2025-09-07 09:45:27,554 [4c7984b5-42f1-4e4b-a334-601f88f38b33@group-AF0CBE3D3EB0-LeaderElection121] INFO  impl.LeaderElection (LeaderElection.java:logAndReturn(206)) - 4c7984b5-42f1-4e4b-a334-601f88f38b33@group-AF0CBE3D3EB0-LeaderElection121: PRE_VOTE REJECTED received 0 response(s) and 2 exception(s):
2025-09-07 09:45:27,554 [4c7984b5-42f1-4e4b-a334-601f88f38b33@group-AF0CBE3D3EB0-LeaderElection121] INFO  impl.LeaderElection (LogUtils.java:infoOrTrace(142)) -   Exception 0: java.util.concurrent.ExecutionException: org.apache.ratis.thirdparty.io.grpc.StatusRuntimeException: UNAVAILABLE: io exception
2025-09-07 09:45:27,554 [4c7984b5-42f1-4e4b-a334-601f88f38b33@group-AF0CBE3D3EB0-LeaderElection121] INFO  impl.LeaderElection (LogUtils.java:infoOrTrace(142)) -   Exception 1: java.util.concurrent.ExecutionException: org.apache.ratis.thirdparty.io.grpc.StatusRuntimeException: UNAVAILABLE: io exception
2025-09-07 09:45:27,554 [4c7984b5-42f1-4e4b-a334-601f88f38b33@group-AF0CBE3D3EB0-LeaderElection121] INFO  impl.LeaderElection (LeaderElection.java:askForVotes(450)) - 4c7984b5-42f1-4e4b-a334-601f88f38b33@group-AF0CBE3D3EB0-LeaderElection121 PRE_VOTE round 0: result REJECTED
2025-09-07 09:45:27,554 [4c7984b5-42f1-4e4b-a334-601f88f38b33@group-AF0CBE3D3EB0-LeaderElection121] INFO  server.RaftServer$Division (RaftServerImpl.java:setRole(392)) - 4c7984b5-42f1-4e4b-a334-601f88f38b33@group-AF0CBE3D3EB0: changes role from CANDIDATE to FOLLOWER at term 1 for REJECTED
2025-09-07 09:45:27,554 [4c7984b5-42f1-4e4b-a334-601f88f38b33@group-AF0CBE3D3EB0-LeaderElection121] INFO  impl.RoleInfo (RoleInfo.java:shutdownLeaderElection(141)) - 4c7984b5-42f1-4e4b-a334-601f88f38b33: shutdown 4c7984b5-42f1-4e4b-a334-601f88f38b33@group-AF0CBE3D3EB0-LeaderElection121
2025-09-07 09:45:27,554 [4c7984b5-42f1-4e4b-a334-601f88f38b33@group-AF0CBE3D3EB0-LeaderElection121] INFO  impl.RoleInfo (RoleInfo.java:updateAndGet(148)) - 4c7984b5-42f1-4e4b-a334-601f88f38b33: start 4c7984b5-42f1-4e4b-a334-601f88f38b33@group-AF0CBE3D3EB0-FollowerState
2025-09-07 09:45:28,459 [4c7984b5-42f1-4e4b-a334-601f88f38b33@group-7A90E47A063C-FollowerState] INFO  impl.FollowerState (FollowerState.java:runImpl(161)) - 4c7984b5-42f1-4e4b-a334-601f88f38b33@group-7A90E47A063C-FollowerState: change to CANDIDATE, lastRpcElapsedTime:1139390770ns, electionTimeout:1139ms
2025-09-07 09:45:28,459 [4c7984b5-42f1-4e4b-a334-601f88f38b33@group-7A90E47A063C-FollowerState] INFO  impl.RoleInfo (RoleInfo.java:shutdownFollowerState(121)) - 4c7984b5-42f1-4e4b-a334-601f88f38b33: shutdown 4c7984b5-42f1-4e4b-a334-601f88f38b33@group-7A90E47A063C-FollowerState
2025-09-07 09:45:28,459 [4c7984b5-42f1-4e4b-a334-601f88f38b33@group-7A90E47A063C-FollowerState] INFO  server.RaftServer$Division (RaftServerImpl.java:setRole(392)) - 4c7984b5-42f1-4e4b-a334-601f88f38b33@group-7A90E47A063C: changes role from  FOLLOWER to CANDIDATE at term 2 for changeToCandidate
2025-09-07 09:45:28,459 [4c7984b5-42f1-4e4b-a334-601f88f38b33@group-7A90E47A063C-FollowerState] INFO  impl.RoleInfo (RoleInfo.java:updateAndGet(148)) - 4c7984b5-42f1-4e4b-a334-601f88f38b33: start 4c7984b5-42f1-4e4b-a334-601f88f38b33@group-7A90E47A063C-LeaderElection122
2025-09-07 09:45:28,459 [4c7984b5-42f1-4e4b-a334-601f88f38b33@group-7A90E47A063C-LeaderElection122] INFO  impl.LeaderElection (LeaderElection.java:askForVotes(448)) - 4c7984b5-42f1-4e4b-a334-601f88f38b33@group-7A90E47A063C-LeaderElection122 PRE_VOTE round 0: submit vote requests at term 2 for conf: {index: 17, cur=peers:[c7c0d573-77b1-47db-b09e-d84959a4a43f|127.0.0.1:15063, 486fef96-c6ec-41d9-a4ca-7ebb3d261081|127.0.0.1:15071, 4c7984b5-42f1-4e4b-a334-601f88f38b33|127.0.0.1:15079]|listeners:[], old=null}
2025-09-07 09:45:28,460 [4c7984b5-42f1-4e4b-a334-601f88f38b33@group-7A90E47A063C-LeaderElection122] INFO  impl.LeaderElection (LogUtils.java:infoOrTrace(142)) - 4c7984b5-42f1-4e4b-a334-601f88f38b33@group-7A90E47A063C-LeaderElection122 got exception when requesting votes: java.util.concurrent.ExecutionException: org.apache.ratis.thirdparty.io.grpc.StatusRuntimeException: UNAVAILABLE: io exception
2025-09-07 09:45:28,460 [4c7984b5-42f1-4e4b-a334-601f88f38b33@group-7A90E47A063C-LeaderElection122] INFO  impl.LeaderElection (LogUtils.java:infoOrTrace(142)) - 4c7984b5-42f1-4e4b-a334-601f88f38b33@group-7A90E47A063C-LeaderElection122 got exception when requesting votes: java.util.concurrent.ExecutionException: org.apache.ratis.thirdparty.io.grpc.StatusRuntimeException: UNAVAILABLE: io exception
2025-09-07 09:45:28,460 [4c7984b5-42f1-4e4b-a334-601f88f38b33@group-7A90E47A063C-LeaderElection122] INFO  impl.LeaderElection (LeaderElection.java:logAndReturn(206)) - 4c7984b5-42f1-4e4b-a334-601f88f38b33@group-7A90E47A063C-LeaderElection122: PRE_VOTE REJECTED received 0 response(s) and 2 exception(s):
2025-09-07 09:45:28,460 [4c7984b5-42f1-4e4b-a334-601f88f38b33@group-7A90E47A063C-LeaderElection122] INFO  impl.LeaderElection (LogUtils.java:infoOrTrace(142)) -   Exception 0: java.util.concurrent.ExecutionException: org.apache.ratis.thirdparty.io.grpc.StatusRuntimeException: UNAVAILABLE: io exception
2025-09-07 09:45:28,460 [4c7984b5-42f1-4e4b-a334-601f88f38b33@group-7A90E47A063C-LeaderElection122] INFO  impl.LeaderElection (LogUtils.java:infoOrTrace(142)) -   Exception 1: java.util.concurrent.ExecutionException: org.apache.ratis.thirdparty.io.grpc.StatusRuntimeException: UNAVAILABLE: io exception
2025-09-07 09:45:28,460 [4c7984b5-42f1-4e4b-a334-601f88f38b33@group-7A90E47A063C-LeaderElection122] INFO  impl.LeaderElection (LeaderElection.java:askForVotes(450)) - 4c7984b5-42f1-4e4b-a334-601f88f38b33@group-7A90E47A063C-LeaderElection122 PRE_VOTE round 0: result REJECTED
2025-09-07 09:45:28,460 [4c7984b5-42f1-4e4b-a334-601f88f38b33@group-7A90E47A063C-LeaderElection122] INFO  server.RaftServer$Division (RaftServerImpl.java:setRole(392)) - 4c7984b5-42f1-4e4b-a334-601f88f38b33@group-7A90E47A063C: changes role from CANDIDATE to FOLLOWER at term 2 for REJECTED
2025-09-07 09:45:28,460 [4c7984b5-42f1-4e4b-a334-601f88f38b33@group-7A90E47A063C-LeaderElection122] INFO  impl.RoleInfo (RoleInfo.java:shutdownLeaderElection(141)) - 4c7984b5-42f1-4e4b-a334-601f88f38b33: shutdown 4c7984b5-42f1-4e4b-a334-601f88f38b33@group-7A90E47A063C-LeaderElection122
2025-09-07 09:45:28,460 [4c7984b5-42f1-4e4b-a334-601f88f38b33@group-7A90E47A063C-LeaderElection122] INFO  impl.RoleInfo (RoleInfo.java:updateAndGet(148)) - 4c7984b5-42f1-4e4b-a334-601f88f38b33: start 4c7984b5-42f1-4e4b-a334-601f88f38b33@group-7A90E47A063C-FollowerState
2025-09-07 09:45:28,624 [4c7984b5-42f1-4e4b-a334-601f88f38b33@group-AF0CBE3D3EB0-FollowerState] INFO  impl.FollowerState (FollowerState.java:runImpl(161)) - 4c7984b5-42f1-4e4b-a334-601f88f38b33@group-AF0CBE3D3EB0-FollowerState: change to CANDIDATE, lastRpcElapsedTime:1069289889ns, electionTimeout:1069ms
2025-09-07 09:45:28,624 [4c7984b5-42f1-4e4b-a334-601f88f38b33@group-AF0CBE3D3EB0-FollowerState] INFO  impl.RoleInfo (RoleInfo.java:shutdownFollowerState(121)) - 4c7984b5-42f1-4e4b-a334-601f88f38b33: shutdown 4c7984b5-42f1-4e4b-a334-601f88f38b33@group-AF0CBE3D3EB0-FollowerState
2025-09-07 09:45:28,624 [4c7984b5-42f1-4e4b-a334-601f88f38b33@group-AF0CBE3D3EB0-FollowerState] INFO  server.RaftServer$Division (RaftServerImpl.java:setRole(392)) - 4c7984b5-42f1-4e4b-a334-601f88f38b33@group-AF0CBE3D3EB0: changes role from  FOLLOWER to CANDIDATE at term 1 for changeToCandidate
2025-09-07 09:45:28,624 [4c7984b5-42f1-4e4b-a334-601f88f38b33@group-AF0CBE3D3EB0-FollowerState] INFO  impl.RoleInfo (RoleInfo.java:updateAndGet(148)) - 4c7984b5-42f1-4e4b-a334-601f88f38b33: start 4c7984b5-42f1-4e4b-a334-601f88f38b33@group-AF0CBE3D3EB0-LeaderElection123
2025-09-07 09:45:28,624 [4c7984b5-42f1-4e4b-a334-601f88f38b33@group-AF0CBE3D3EB0-LeaderElection123] INFO  impl.LeaderElection (LeaderElection.java:askForVotes(448)) - 4c7984b5-42f1-4e4b-a334-601f88f38b33@group-AF0CBE3D3EB0-LeaderElection123 PRE_VOTE round 0: submit vote requests at term 1 for conf: {index: 0, cur=peers:[c7c0d573-77b1-47db-b09e-d84959a4a43f|127.0.0.1:15063, 486fef96-c6ec-41d9-a4ca-7ebb3d261081|127.0.0.1:15071, 4c7984b5-42f1-4e4b-a334-601f88f38b33|127.0.0.1:15079]|listeners:[], old=null}
2025-09-07 09:45:28,625 [4c7984b5-42f1-4e4b-a334-601f88f38b33@group-AF0CBE3D3EB0-LeaderElection123] INFO  impl.LeaderElection (LogUtils.java:infoOrTrace(142)) - 4c7984b5-42f1-4e4b-a334-601f88f38b33@group-AF0CBE3D3EB0-LeaderElection123 got exception when requesting votes: java.util.concurrent.ExecutionException: org.apache.ratis.thirdparty.io.grpc.StatusRuntimeException: UNAVAILABLE: io exception
2025-09-07 09:45:28,625 [4c7984b5-42f1-4e4b-a334-601f88f38b33@group-AF0CBE3D3EB0-LeaderElection123] INFO  impl.LeaderElection (LogUtils.java:infoOrTrace(142)) - 4c7984b5-42f1-4e4b-a334-601f88f38b33@group-AF0CBE3D3EB0-LeaderElection123 got exception when requesting votes: java.util.concurrent.ExecutionException: org.apache.ratis.thirdparty.io.grpc.StatusRuntimeException: UNAVAILABLE: io exception
2025-09-07 09:45:28,625 [4c7984b5-42f1-4e4b-a334-601f88f38b33@group-AF0CBE3D3EB0-LeaderElection123] INFO  impl.LeaderElection (LeaderElection.java:logAndReturn(206)) - 4c7984b5-42f1-4e4b-a334-601f88f38b33@group-AF0CBE3D3EB0-LeaderElection123: PRE_VOTE REJECTED received 0 response(s) and 2 exception(s):
2025-09-07 09:45:28,625 [4c7984b5-42f1-4e4b-a334-601f88f38b33@group-AF0CBE3D3EB0-LeaderElection123] INFO  impl.LeaderElection (LogUtils.java:infoOrTrace(142)) -   Exception 0: java.util.concurrent.ExecutionException: org.apache.ratis.thirdparty.io.grpc.StatusRuntimeException: UNAVAILABLE: io exception
2025-09-07 09:45:28,625 [4c7984b5-42f1-4e4b-a334-601f88f38b33@group-AF0CBE3D3EB0-LeaderElection123] INFO  impl.LeaderElection (LogUtils.java:infoOrTrace(142)) -   Exception 1: java.util.concurrent.ExecutionException: org.apache.ratis.thirdparty.io.grpc.StatusRuntimeException: UNAVAILABLE: io exception
2025-09-07 09:45:28,625 [4c7984b5-42f1-4e4b-a334-601f88f38b33@group-AF0CBE3D3EB0-LeaderElection123] INFO  impl.LeaderElection (LeaderElection.java:askForVotes(450)) - 4c7984b5-42f1-4e4b-a334-601f88f38b33@group-AF0CBE3D3EB0-LeaderElection123 PRE_VOTE round 0: result REJECTED
2025-09-07 09:45:28,625 [4c7984b5-42f1-4e4b-a334-601f88f38b33@group-AF0CBE3D3EB0-LeaderElection123] INFO  server.RaftServer$Division (RaftServerImpl.java:setRole(392)) - 4c7984b5-42f1-4e4b-a334-601f88f38b33@group-AF0CBE3D3EB0: changes role from CANDIDATE to FOLLOWER at term 1 for REJECTED
2025-09-07 09:45:28,625 [4c7984b5-42f1-4e4b-a334-601f88f38b33@group-AF0CBE3D3EB0-LeaderElection123] INFO  impl.RoleInfo (RoleInfo.java:shutdownLeaderElection(141)) - 4c7984b5-42f1-4e4b-a334-601f88f38b33: shutdown 4c7984b5-42f1-4e4b-a334-601f88f38b33@group-AF0CBE3D3EB0-LeaderElection123
2025-09-07 09:45:28,625 [4c7984b5-42f1-4e4b-a334-601f88f38b33@group-AF0CBE3D3EB0-LeaderElection123] INFO  impl.RoleInfo (RoleInfo.java:updateAndGet(148)) - 4c7984b5-42f1-4e4b-a334-601f88f38b33: start 4c7984b5-42f1-4e4b-a334-601f88f38b33@group-AF0CBE3D3EB0-FollowerState
2025-09-07 09:45:29,535 [4c7984b5-42f1-4e4b-a334-601f88f38b33@group-7A90E47A063C-FollowerState] INFO  impl.FollowerState (FollowerState.java:runImpl(161)) - 4c7984b5-42f1-4e4b-a334-601f88f38b33@group-7A90E47A063C-FollowerState: change to CANDIDATE, lastRpcElapsedTime:1074272489ns, electionTimeout:1074ms
2025-09-07 09:45:29,535 [4c7984b5-42f1-4e4b-a334-601f88f38b33@group-7A90E47A063C-FollowerState] INFO  impl.RoleInfo (RoleInfo.java:shutdownFollowerState(121)) - 4c7984b5-42f1-4e4b-a334-601f88f38b33: shutdown 4c7984b5-42f1-4e4b-a334-601f88f38b33@group-7A90E47A063C-FollowerState
2025-09-07 09:45:29,535 [4c7984b5-42f1-4e4b-a334-601f88f38b33@group-7A90E47A063C-FollowerState] INFO  server.RaftServer$Division (RaftServerImpl.java:setRole(392)) - 4c7984b5-42f1-4e4b-a334-601f88f38b33@group-7A90E47A063C: changes role from  FOLLOWER to CANDIDATE at term 2 for changeToCandidate
2025-09-07 09:45:29,535 [4c7984b5-42f1-4e4b-a334-601f88f38b33@group-7A90E47A063C-FollowerState] INFO  impl.RoleInfo (RoleInfo.java:updateAndGet(148)) - 4c7984b5-42f1-4e4b-a334-601f88f38b33: start 4c7984b5-42f1-4e4b-a334-601f88f38b33@group-7A90E47A063C-LeaderElection124
2025-09-07 09:45:29,535 [4c7984b5-42f1-4e4b-a334-601f88f38b33@group-7A90E47A063C-LeaderElection124] INFO  impl.LeaderElection (LeaderElection.java:askForVotes(448)) - 4c7984b5-42f1-4e4b-a334-601f88f38b33@group-7A90E47A063C-LeaderElection124 PRE_VOTE round 0: submit vote requests at term 2 for conf: {index: 17, cur=peers:[c7c0d573-77b1-47db-b09e-d84959a4a43f|127.0.0.1:15063, 486fef96-c6ec-41d9-a4ca-7ebb3d261081|127.0.0.1:15071, 4c7984b5-42f1-4e4b-a334-601f88f38b33|127.0.0.1:15079]|listeners:[], old=null}
2025-09-07 09:45:29,536 [4c7984b5-42f1-4e4b-a334-601f88f38b33@group-7A90E47A063C-LeaderElection124] INFO  impl.LeaderElection (LogUtils.java:infoOrTrace(142)) - 4c7984b5-42f1-4e4b-a334-601f88f38b33@group-7A90E47A063C-LeaderElection124 got exception when requesting votes: java.util.concurrent.ExecutionException: org.apache.ratis.thirdparty.io.grpc.StatusRuntimeException: UNAVAILABLE: io exception
2025-09-07 09:45:29,536 [4c7984b5-42f1-4e4b-a334-601f88f38b33@group-7A90E47A063C-LeaderElection124] INFO  impl.LeaderElection (LogUtils.java:infoOrTrace(142)) - 4c7984b5-42f1-4e4b-a334-601f88f38b33@group-7A90E47A063C-LeaderElection124 got exception when requesting votes: java.util.concurrent.ExecutionException: org.apache.ratis.thirdparty.io.grpc.StatusRuntimeException: UNAVAILABLE: io exception
2025-09-07 09:45:29,536 [4c7984b5-42f1-4e4b-a334-601f88f38b33@group-7A90E47A063C-LeaderElection124] INFO  impl.LeaderElection (LeaderElection.java:logAndReturn(206)) - 4c7984b5-42f1-4e4b-a334-601f88f38b33@group-7A90E47A063C-LeaderElection124: PRE_VOTE REJECTED received 0 response(s) and 2 exception(s):
2025-09-07 09:45:29,536 [4c7984b5-42f1-4e4b-a334-601f88f38b33@group-7A90E47A063C-LeaderElection124] INFO  impl.LeaderElection (LogUtils.java:infoOrTrace(142)) -   Exception 0: java.util.concurrent.ExecutionException: org.apache.ratis.thirdparty.io.grpc.StatusRuntimeException: UNAVAILABLE: io exception
2025-09-07 09:45:29,536 [4c7984b5-42f1-4e4b-a334-601f88f38b33@group-7A90E47A063C-LeaderElection124] INFO  impl.LeaderElection (LogUtils.java:infoOrTrace(142)) -   Exception 1: java.util.concurrent.ExecutionException: org.apache.ratis.thirdparty.io.grpc.StatusRuntimeException: UNAVAILABLE: io exception
2025-09-07 09:45:29,536 [4c7984b5-42f1-4e4b-a334-601f88f38b33@group-7A90E47A063C-LeaderElection124] INFO  impl.LeaderElection (LeaderElection.java:askForVotes(450)) - 4c7984b5-42f1-4e4b-a334-601f88f38b33@group-7A90E47A063C-LeaderElection124 PRE_VOTE round 0: result REJECTED
2025-09-07 09:45:29,536 [4c7984b5-42f1-4e4b-a334-601f88f38b33@group-7A90E47A063C-LeaderElection124] INFO  server.RaftServer$Division (RaftServerImpl.java:setRole(392)) - 4c7984b5-42f1-4e4b-a334-601f88f38b33@group-7A90E47A063C: changes role from CANDIDATE to FOLLOWER at term 2 for REJECTED
2025-09-07 09:45:29,536 [4c7984b5-42f1-4e4b-a334-601f88f38b33@group-7A90E47A063C-LeaderElection124] INFO  impl.RoleInfo (RoleInfo.java:shutdownLeaderElection(141)) - 4c7984b5-42f1-4e4b-a334-601f88f38b33: shutdown 4c7984b5-42f1-4e4b-a334-601f88f38b33@group-7A90E47A063C-LeaderElection124
2025-09-07 09:45:29,536 [4c7984b5-42f1-4e4b-a334-601f88f38b33@group-7A90E47A063C-LeaderElection124] INFO  impl.RoleInfo (RoleInfo.java:updateAndGet(148)) - 4c7984b5-42f1-4e4b-a334-601f88f38b33: start 4c7984b5-42f1-4e4b-a334-601f88f38b33@group-7A90E47A063C-FollowerState
2025-09-07 09:45:29,800 [4c7984b5-42f1-4e4b-a334-601f88f38b33@group-AF0CBE3D3EB0-FollowerState] INFO  impl.FollowerState (FollowerState.java:runImpl(161)) - 4c7984b5-42f1-4e4b-a334-601f88f38b33@group-AF0CBE3D3EB0-FollowerState: change to CANDIDATE, lastRpcElapsedTime:1174422563ns, electionTimeout:1174ms
2025-09-07 09:45:29,800 [4c7984b5-42f1-4e4b-a334-601f88f38b33@group-AF0CBE3D3EB0-FollowerState] INFO  impl.RoleInfo (RoleInfo.java:shutdownFollowerState(121)) - 4c7984b5-42f1-4e4b-a334-601f88f38b33: shutdown 4c7984b5-42f1-4e4b-a334-601f88f38b33@group-AF0CBE3D3EB0-FollowerState
2025-09-07 09:45:29,800 [4c7984b5-42f1-4e4b-a334-601f88f38b33@group-AF0CBE3D3EB0-FollowerState] INFO  server.RaftServer$Division (RaftServerImpl.java:setRole(392)) - 4c7984b5-42f1-4e4b-a334-601f88f38b33@group-AF0CBE3D3EB0: changes role from  FOLLOWER to CANDIDATE at term 1 for changeToCandidate
2025-09-07 09:45:29,800 [4c7984b5-42f1-4e4b-a334-601f88f38b33@group-AF0CBE3D3EB0-FollowerState] INFO  impl.RoleInfo (RoleInfo.java:updateAndGet(148)) - 4c7984b5-42f1-4e4b-a334-601f88f38b33: start 4c7984b5-42f1-4e4b-a334-601f88f38b33@group-AF0CBE3D3EB0-LeaderElection125
2025-09-07 09:45:29,800 [4c7984b5-42f1-4e4b-a334-601f88f38b33@group-AF0CBE3D3EB0-LeaderElection125] INFO  impl.LeaderElection (LeaderElection.java:askForVotes(448)) - 4c7984b5-42f1-4e4b-a334-601f88f38b33@group-AF0CBE3D3EB0-LeaderElection125 PRE_VOTE round 0: submit vote requests at term 1 for conf: {index: 0, cur=peers:[c7c0d573-77b1-47db-b09e-d84959a4a43f|127.0.0.1:15063, 486fef96-c6ec-41d9-a4ca-7ebb3d261081|127.0.0.1:15071, 4c7984b5-42f1-4e4b-a334-601f88f38b33|127.0.0.1:15079]|listeners:[], old=null}
2025-09-07 09:45:29,801 [4c7984b5-42f1-4e4b-a334-601f88f38b33@group-AF0CBE3D3EB0-LeaderElection125] INFO  impl.LeaderElection (LogUtils.java:infoOrTrace(142)) - 4c7984b5-42f1-4e4b-a334-601f88f38b33@group-AF0CBE3D3EB0-LeaderElection125 got exception when requesting votes: java.util.concurrent.ExecutionException: org.apache.ratis.thirdparty.io.grpc.StatusRuntimeException: UNAVAILABLE: io exception
2025-09-07 09:45:29,801 [4c7984b5-42f1-4e4b-a334-601f88f38b33@group-AF0CBE3D3EB0-LeaderElection125] INFO  impl.LeaderElection (LogUtils.java:infoOrTrace(142)) - 4c7984b5-42f1-4e4b-a334-601f88f38b33@group-AF0CBE3D3EB0-LeaderElection125 got exception when requesting votes: java.util.concurrent.ExecutionException: org.apache.ratis.thirdparty.io.grpc.StatusRuntimeException: UNAVAILABLE: io exception
2025-09-07 09:45:29,801 [4c7984b5-42f1-4e4b-a334-601f88f38b33@group-AF0CBE3D3EB0-LeaderElection125] INFO  impl.LeaderElection (LeaderElection.java:logAndReturn(206)) - 4c7984b5-42f1-4e4b-a334-601f88f38b33@group-AF0CBE3D3EB0-LeaderElection125: PRE_VOTE REJECTED received 0 response(s) and 2 exception(s):
2025-09-07 09:45:29,801 [4c7984b5-42f1-4e4b-a334-601f88f38b33@group-AF0CBE3D3EB0-LeaderElection125] INFO  impl.LeaderElection (LogUtils.java:infoOrTrace(142)) -   Exception 0: java.util.concurrent.ExecutionException: org.apache.ratis.thirdparty.io.grpc.StatusRuntimeException: UNAVAILABLE: io exception
2025-09-07 09:45:29,801 [4c7984b5-42f1-4e4b-a334-601f88f38b33@group-AF0CBE3D3EB0-LeaderElection125] INFO  impl.LeaderElection (LogUtils.java:infoOrTrace(142)) -   Exception 1: java.util.concurrent.ExecutionException: org.apache.ratis.thirdparty.io.grpc.StatusRuntimeException: UNAVAILABLE: io exception
2025-09-07 09:45:29,801 [4c7984b5-42f1-4e4b-a334-601f88f38b33@group-AF0CBE3D3EB0-LeaderElection125] INFO  impl.LeaderElection (LeaderElection.java:askForVotes(450)) - 4c7984b5-42f1-4e4b-a334-601f88f38b33@group-AF0CBE3D3EB0-LeaderElection125 PRE_VOTE round 0: result REJECTED
2025-09-07 09:45:29,801 [4c7984b5-42f1-4e4b-a334-601f88f38b33@group-AF0CBE3D3EB0-LeaderElection125] INFO  server.RaftServer$Division (RaftServerImpl.java:setRole(392)) - 4c7984b5-42f1-4e4b-a334-601f88f38b33@group-AF0CBE3D3EB0: changes role from CANDIDATE to FOLLOWER at term 1 for REJECTED
2025-09-07 09:45:29,801 [4c7984b5-42f1-4e4b-a334-601f88f38b33@group-AF0CBE3D3EB0-LeaderElection125] INFO  impl.RoleInfo (RoleInfo.java:shutdownLeaderElection(141)) - 4c7984b5-42f1-4e4b-a334-601f88f38b33: shutdown 4c7984b5-42f1-4e4b-a334-601f88f38b33@group-AF0CBE3D3EB0-LeaderElection125
2025-09-07 09:45:29,801 [4c7984b5-42f1-4e4b-a334-601f88f38b33@group-AF0CBE3D3EB0-LeaderElection125] INFO  impl.RoleInfo (RoleInfo.java:updateAndGet(148)) - 4c7984b5-42f1-4e4b-a334-601f88f38b33: start 4c7984b5-42f1-4e4b-a334-601f88f38b33@group-AF0CBE3D3EB0-FollowerState
2025-09-07 09:45:30,561 [4c7984b5-42f1-4e4b-a334-601f88f38b33@group-7A90E47A063C-FollowerState] INFO  impl.FollowerState (FollowerState.java:runImpl(161)) - 4c7984b5-42f1-4e4b-a334-601f88f38b33@group-7A90E47A063C-FollowerState: change to CANDIDATE, lastRpcElapsedTime:1024388830ns, electionTimeout:1024ms
2025-09-07 09:45:30,561 [4c7984b5-42f1-4e4b-a334-601f88f38b33@group-7A90E47A063C-FollowerState] INFO  impl.RoleInfo (RoleInfo.java:shutdownFollowerState(121)) - 4c7984b5-42f1-4e4b-a334-601f88f38b33: shutdown 4c7984b5-42f1-4e4b-a334-601f88f38b33@group-7A90E47A063C-FollowerState
2025-09-07 09:45:30,561 [4c7984b5-42f1-4e4b-a334-601f88f38b33@group-7A90E47A063C-FollowerState] INFO  server.RaftServer$Division (RaftServerImpl.java:setRole(392)) - 4c7984b5-42f1-4e4b-a334-601f88f38b33@group-7A90E47A063C: changes role from  FOLLOWER to CANDIDATE at term 2 for changeToCandidate
2025-09-07 09:45:30,561 [4c7984b5-42f1-4e4b-a334-601f88f38b33@group-7A90E47A063C-FollowerState] INFO  impl.RoleInfo (RoleInfo.java:updateAndGet(148)) - 4c7984b5-42f1-4e4b-a334-601f88f38b33: start 4c7984b5-42f1-4e4b-a334-601f88f38b33@group-7A90E47A063C-LeaderElection126
2025-09-07 09:45:30,561 [4c7984b5-42f1-4e4b-a334-601f88f38b33@group-7A90E47A063C-LeaderElection126] INFO  impl.LeaderElection (LeaderElection.java:askForVotes(448)) - 4c7984b5-42f1-4e4b-a334-601f88f38b33@group-7A90E47A063C-LeaderElection126 PRE_VOTE round 0: submit vote requests at term 2 for conf: {index: 17, cur=peers:[c7c0d573-77b1-47db-b09e-d84959a4a43f|127.0.0.1:15063, 486fef96-c6ec-41d9-a4ca-7ebb3d261081|127.0.0.1:15071, 4c7984b5-42f1-4e4b-a334-601f88f38b33|127.0.0.1:15079]|listeners:[], old=null}
2025-09-07 09:45:30,562 [4c7984b5-42f1-4e4b-a334-601f88f38b33@group-7A90E47A063C-LeaderElection126] INFO  impl.LeaderElection (LogUtils.java:infoOrTrace(142)) - 4c7984b5-42f1-4e4b-a334-601f88f38b33@group-7A90E47A063C-LeaderElection126 got exception when requesting votes: java.util.concurrent.ExecutionException: org.apache.ratis.thirdparty.io.grpc.StatusRuntimeException: UNAVAILABLE: io exception
2025-09-07 09:45:30,562 [4c7984b5-42f1-4e4b-a334-601f88f38b33@group-7A90E47A063C-LeaderElection126] INFO  impl.LeaderElection (LogUtils.java:infoOrTrace(142)) - 4c7984b5-42f1-4e4b-a334-601f88f38b33@group-7A90E47A063C-LeaderElection126 got exception when requesting votes: java.util.concurrent.ExecutionException: org.apache.ratis.thirdparty.io.grpc.StatusRuntimeException: UNAVAILABLE: io exception
2025-09-07 09:45:30,562 [4c7984b5-42f1-4e4b-a334-601f88f38b33@group-7A90E47A063C-LeaderElection126] INFO  impl.LeaderElection (LeaderElection.java:logAndReturn(206)) - 4c7984b5-42f1-4e4b-a334-601f88f38b33@group-7A90E47A063C-LeaderElection126: PRE_VOTE REJECTED received 0 response(s) and 2 exception(s):
2025-09-07 09:45:30,562 [4c7984b5-42f1-4e4b-a334-601f88f38b33@group-7A90E47A063C-LeaderElection126] INFO  impl.LeaderElection (LogUtils.java:infoOrTrace(142)) -   Exception 0: java.util.concurrent.ExecutionException: org.apache.ratis.thirdparty.io.grpc.StatusRuntimeException: UNAVAILABLE: io exception
2025-09-07 09:45:30,562 [4c7984b5-42f1-4e4b-a334-601f88f38b33@group-7A90E47A063C-LeaderElection126] INFO  impl.LeaderElection (LogUtils.java:infoOrTrace(142)) -   Exception 1: java.util.concurrent.ExecutionException: org.apache.ratis.thirdparty.io.grpc.StatusRuntimeException: UNAVAILABLE: io exception
2025-09-07 09:45:30,562 [4c7984b5-42f1-4e4b-a334-601f88f38b33@group-7A90E47A063C-LeaderElection126] INFO  impl.LeaderElection (LeaderElection.java:askForVotes(450)) - 4c7984b5-42f1-4e4b-a334-601f88f38b33@group-7A90E47A063C-LeaderElection126 PRE_VOTE round 0: result REJECTED
2025-09-07 09:45:30,562 [4c7984b5-42f1-4e4b-a334-601f88f38b33@group-7A90E47A063C-LeaderElection126] INFO  server.RaftServer$Division (RaftServerImpl.java:setRole(392)) - 4c7984b5-42f1-4e4b-a334-601f88f38b33@group-7A90E47A063C: changes role from CANDIDATE to FOLLOWER at term 2 for REJECTED
2025-09-07 09:45:30,562 [4c7984b5-42f1-4e4b-a334-601f88f38b33@group-7A90E47A063C-LeaderElection126] INFO  impl.RoleInfo (RoleInfo.java:shutdownLeaderElection(141)) - 4c7984b5-42f1-4e4b-a334-601f88f38b33: shutdown 4c7984b5-42f1-4e4b-a334-601f88f38b33@group-7A90E47A063C-LeaderElection126
2025-09-07 09:45:30,562 [4c7984b5-42f1-4e4b-a334-601f88f38b33@group-7A90E47A063C-LeaderElection126] INFO  impl.RoleInfo (RoleInfo.java:updateAndGet(148)) - 4c7984b5-42f1-4e4b-a334-601f88f38b33: start 4c7984b5-42f1-4e4b-a334-601f88f38b33@group-7A90E47A063C-FollowerState
2025-09-07 09:45:30,832 [4c7984b5-42f1-4e4b-a334-601f88f38b33@group-AF0CBE3D3EB0-FollowerState] INFO  impl.FollowerState (FollowerState.java:runImpl(161)) - 4c7984b5-42f1-4e4b-a334-601f88f38b33@group-AF0CBE3D3EB0-FollowerState: change to CANDIDATE, lastRpcElapsedTime:1030362420ns, electionTimeout:1030ms
2025-09-07 09:45:30,832 [4c7984b5-42f1-4e4b-a334-601f88f38b33@group-AF0CBE3D3EB0-FollowerState] INFO  impl.RoleInfo (RoleInfo.java:shutdownFollowerState(121)) - 4c7984b5-42f1-4e4b-a334-601f88f38b33: shutdown 4c7984b5-42f1-4e4b-a334-601f88f38b33@group-AF0CBE3D3EB0-FollowerState
2025-09-07 09:45:30,832 [4c7984b5-42f1-4e4b-a334-601f88f38b33@group-AF0CBE3D3EB0-FollowerState] INFO  server.RaftServer$Division (RaftServerImpl.java:setRole(392)) - 4c7984b5-42f1-4e4b-a334-601f88f38b33@group-AF0CBE3D3EB0: changes role from  FOLLOWER to CANDIDATE at term 1 for changeToCandidate
2025-09-07 09:45:30,832 [4c7984b5-42f1-4e4b-a334-601f88f38b33@group-AF0CBE3D3EB0-FollowerState] INFO  impl.RoleInfo (RoleInfo.java:updateAndGet(148)) - 4c7984b5-42f1-4e4b-a334-601f88f38b33: start 4c7984b5-42f1-4e4b-a334-601f88f38b33@group-AF0CBE3D3EB0-LeaderElection127
2025-09-07 09:45:30,832 [4c7984b5-42f1-4e4b-a334-601f88f38b33@group-AF0CBE3D3EB0-LeaderElection127] INFO  impl.LeaderElection (LeaderElection.java:askForVotes(448)) - 4c7984b5-42f1-4e4b-a334-601f88f38b33@group-AF0CBE3D3EB0-LeaderElection127 PRE_VOTE round 0: submit vote requests at term 1 for conf: {index: 0, cur=peers:[c7c0d573-77b1-47db-b09e-d84959a4a43f|127.0.0.1:15063, 486fef96-c6ec-41d9-a4ca-7ebb3d261081|127.0.0.1:15071, 4c7984b5-42f1-4e4b-a334-601f88f38b33|127.0.0.1:15079]|listeners:[], old=null}
2025-09-07 09:45:30,833 [4c7984b5-42f1-4e4b-a334-601f88f38b33@group-AF0CBE3D3EB0-LeaderElection127] INFO  impl.LeaderElection (LogUtils.java:infoOrTrace(142)) - 4c7984b5-42f1-4e4b-a334-601f88f38b33@group-AF0CBE3D3EB0-LeaderElection127 got exception when requesting votes: java.util.concurrent.ExecutionException: org.apache.ratis.thirdparty.io.grpc.StatusRuntimeException: UNAVAILABLE: io exception
2025-09-07 09:45:30,833 [4c7984b5-42f1-4e4b-a334-601f88f38b33@group-AF0CBE3D3EB0-LeaderElection127] INFO  impl.LeaderElection (LogUtils.java:infoOrTrace(142)) - 4c7984b5-42f1-4e4b-a334-601f88f38b33@group-AF0CBE3D3EB0-LeaderElection127 got exception when requesting votes: java.util.concurrent.ExecutionException: org.apache.ratis.thirdparty.io.grpc.StatusRuntimeException: UNAVAILABLE: io exception
2025-09-07 09:45:30,833 [4c7984b5-42f1-4e4b-a334-601f88f38b33@group-AF0CBE3D3EB0-LeaderElection127] INFO  impl.LeaderElection (LeaderElection.java:logAndReturn(206)) - 4c7984b5-42f1-4e4b-a334-601f88f38b33@group-AF0CBE3D3EB0-LeaderElection127: PRE_VOTE REJECTED received 0 response(s) and 2 exception(s):
2025-09-07 09:45:30,833 [4c7984b5-42f1-4e4b-a334-601f88f38b33@group-AF0CBE3D3EB0-LeaderElection127] INFO  impl.LeaderElection (LogUtils.java:infoOrTrace(142)) -   Exception 0: java.util.concurrent.ExecutionException: org.apache.ratis.thirdparty.io.grpc.StatusRuntimeException: UNAVAILABLE: io exception
2025-09-07 09:45:30,833 [4c7984b5-42f1-4e4b-a334-601f88f38b33@group-AF0CBE3D3EB0-LeaderElection127] INFO  impl.LeaderElection (LogUtils.java:infoOrTrace(142)) -   Exception 1: java.util.concurrent.ExecutionException: org.apache.ratis.thirdparty.io.grpc.StatusRuntimeException: UNAVAILABLE: io exception
2025-09-07 09:45:30,833 [4c7984b5-42f1-4e4b-a334-601f88f38b33@group-AF0CBE3D3EB0-LeaderElection127] INFO  impl.LeaderElection (LeaderElection.java:askForVotes(450)) - 4c7984b5-42f1-4e4b-a334-601f88f38b33@group-AF0CBE3D3EB0-LeaderElection127 PRE_VOTE round 0: result REJECTED
2025-09-07 09:45:30,833 [4c7984b5-42f1-4e4b-a334-601f88f38b33@group-AF0CBE3D3EB0-LeaderElection127] INFO  server.RaftServer$Division (RaftServerImpl.java:setRole(392)) - 4c7984b5-42f1-4e4b-a334-601f88f38b33@group-AF0CBE3D3EB0: changes role from CANDIDATE to FOLLOWER at term 1 for REJECTED
2025-09-07 09:45:30,833 [4c7984b5-42f1-4e4b-a334-601f88f38b33@group-AF0CBE3D3EB0-LeaderElection127] INFO  impl.RoleInfo (RoleInfo.java:shutdownLeaderElection(141)) - 4c7984b5-42f1-4e4b-a334-601f88f38b33: shutdown 4c7984b5-42f1-4e4b-a334-601f88f38b33@group-AF0CBE3D3EB0-LeaderElection127
2025-09-07 09:45:30,833 [4c7984b5-42f1-4e4b-a334-601f88f38b33@group-AF0CBE3D3EB0-LeaderElection127] INFO  impl.RoleInfo (RoleInfo.java:updateAndGet(148)) - 4c7984b5-42f1-4e4b-a334-601f88f38b33: start 4c7984b5-42f1-4e4b-a334-601f88f38b33@group-AF0CBE3D3EB0-FollowerState
2025-09-07 09:45:31,664 [4c7984b5-42f1-4e4b-a334-601f88f38b33@group-7A90E47A063C-FollowerState] INFO  impl.FollowerState (FollowerState.java:runImpl(161)) - 4c7984b5-42f1-4e4b-a334-601f88f38b33@group-7A90E47A063C-FollowerState: change to CANDIDATE, lastRpcElapsedTime:1102371394ns, electionTimeout:1102ms
2025-09-07 09:45:31,665 [4c7984b5-42f1-4e4b-a334-601f88f38b33@group-7A90E47A063C-FollowerState] INFO  impl.RoleInfo (RoleInfo.java:shutdownFollowerState(121)) - 4c7984b5-42f1-4e4b-a334-601f88f38b33: shutdown 4c7984b5-42f1-4e4b-a334-601f88f38b33@group-7A90E47A063C-FollowerState
2025-09-07 09:45:31,665 [4c7984b5-42f1-4e4b-a334-601f88f38b33@group-7A90E47A063C-FollowerState] INFO  server.RaftServer$Division (RaftServerImpl.java:setRole(392)) - 4c7984b5-42f1-4e4b-a334-601f88f38b33@group-7A90E47A063C: changes role from  FOLLOWER to CANDIDATE at term 2 for changeToCandidate
2025-09-07 09:45:31,665 [4c7984b5-42f1-4e4b-a334-601f88f38b33@group-7A90E47A063C-FollowerState] INFO  impl.RoleInfo (RoleInfo.java:updateAndGet(148)) - 4c7984b5-42f1-4e4b-a334-601f88f38b33: start 4c7984b5-42f1-4e4b-a334-601f88f38b33@group-7A90E47A063C-LeaderElection128
2025-09-07 09:45:31,665 [4c7984b5-42f1-4e4b-a334-601f88f38b33@group-7A90E47A063C-LeaderElection128] INFO  impl.LeaderElection (LeaderElection.java:askForVotes(448)) - 4c7984b5-42f1-4e4b-a334-601f88f38b33@group-7A90E47A063C-LeaderElection128 PRE_VOTE round 0: submit vote requests at term 2 for conf: {index: 17, cur=peers:[c7c0d573-77b1-47db-b09e-d84959a4a43f|127.0.0.1:15063, 486fef96-c6ec-41d9-a4ca-7ebb3d261081|127.0.0.1:15071, 4c7984b5-42f1-4e4b-a334-601f88f38b33|127.0.0.1:15079]|listeners:[], old=null}
2025-09-07 09:45:31,666 [4c7984b5-42f1-4e4b-a334-601f88f38b33@group-7A90E47A063C-LeaderElection128] INFO  impl.LeaderElection (LogUtils.java:infoOrTrace(142)) - 4c7984b5-42f1-4e4b-a334-601f88f38b33@group-7A90E47A063C-LeaderElection128 got exception when requesting votes: java.util.concurrent.ExecutionException: org.apache.ratis.thirdparty.io.grpc.StatusRuntimeException: UNAVAILABLE: io exception
2025-09-07 09:45:31,666 [4c7984b5-42f1-4e4b-a334-601f88f38b33@group-7A90E47A063C-LeaderElection128] INFO  impl.LeaderElection (LogUtils.java:infoOrTrace(142)) - 4c7984b5-42f1-4e4b-a334-601f88f38b33@group-7A90E47A063C-LeaderElection128 got exception when requesting votes: java.util.concurrent.ExecutionException: org.apache.ratis.thirdparty.io.grpc.StatusRuntimeException: UNAVAILABLE: io exception
2025-09-07 09:45:31,666 [4c7984b5-42f1-4e4b-a334-601f88f38b33@group-7A90E47A063C-LeaderElection128] INFO  impl.LeaderElection (LeaderElection.java:logAndReturn(206)) - 4c7984b5-42f1-4e4b-a334-601f88f38b33@group-7A90E47A063C-LeaderElection128: PRE_VOTE REJECTED received 0 response(s) and 2 exception(s):
2025-09-07 09:45:31,666 [4c7984b5-42f1-4e4b-a334-601f88f38b33@group-7A90E47A063C-LeaderElection128] INFO  impl.LeaderElection (LogUtils.java:infoOrTrace(142)) -   Exception 0: java.util.concurrent.ExecutionException: org.apache.ratis.thirdparty.io.grpc.StatusRuntimeException: UNAVAILABLE: io exception
2025-09-07 09:45:31,666 [4c7984b5-42f1-4e4b-a334-601f88f38b33@group-7A90E47A063C-LeaderElection128] INFO  impl.LeaderElection (LogUtils.java:infoOrTrace(142)) -   Exception 1: java.util.concurrent.ExecutionException: org.apache.ratis.thirdparty.io.grpc.StatusRuntimeException: UNAVAILABLE: io exception
2025-09-07 09:45:31,666 [4c7984b5-42f1-4e4b-a334-601f88f38b33@group-7A90E47A063C-LeaderElection128] INFO  impl.LeaderElection (LeaderElection.java:askForVotes(450)) - 4c7984b5-42f1-4e4b-a334-601f88f38b33@group-7A90E47A063C-LeaderElection128 PRE_VOTE round 0: result REJECTED
2025-09-07 09:45:31,666 [4c7984b5-42f1-4e4b-a334-601f88f38b33@group-7A90E47A063C-LeaderElection128] INFO  server.RaftServer$Division (RaftServerImpl.java:setRole(392)) - 4c7984b5-42f1-4e4b-a334-601f88f38b33@group-7A90E47A063C: changes role from CANDIDATE to FOLLOWER at term 2 for REJECTED
2025-09-07 09:45:31,666 [4c7984b5-42f1-4e4b-a334-601f88f38b33@group-7A90E47A063C-LeaderElection128] INFO  impl.RoleInfo (RoleInfo.java:shutdownLeaderElection(141)) - 4c7984b5-42f1-4e4b-a334-601f88f38b33: shutdown 4c7984b5-42f1-4e4b-a334-601f88f38b33@group-7A90E47A063C-LeaderElection128
2025-09-07 09:45:31,666 [4c7984b5-42f1-4e4b-a334-601f88f38b33@group-7A90E47A063C-LeaderElection128] INFO  impl.RoleInfo (RoleInfo.java:updateAndGet(148)) - 4c7984b5-42f1-4e4b-a334-601f88f38b33: start 4c7984b5-42f1-4e4b-a334-601f88f38b33@group-7A90E47A063C-FollowerState
2025-09-07 09:45:31,990 [4c7984b5-42f1-4e4b-a334-601f88f38b33@group-AF0CBE3D3EB0-FollowerState] INFO  impl.FollowerState (FollowerState.java:runImpl(161)) - 4c7984b5-42f1-4e4b-a334-601f88f38b33@group-AF0CBE3D3EB0-FollowerState: change to CANDIDATE, lastRpcElapsedTime:1157307377ns, electionTimeout:1157ms
2025-09-07 09:45:31,991 [4c7984b5-42f1-4e4b-a334-601f88f38b33@group-AF0CBE3D3EB0-FollowerState] INFO  impl.RoleInfo (RoleInfo.java:shutdownFollowerState(121)) - 4c7984b5-42f1-4e4b-a334-601f88f38b33: shutdown 4c7984b5-42f1-4e4b-a334-601f88f38b33@group-AF0CBE3D3EB0-FollowerState
2025-09-07 09:45:31,991 [4c7984b5-42f1-4e4b-a334-601f88f38b33@group-AF0CBE3D3EB0-FollowerState] INFO  server.RaftServer$Division (RaftServerImpl.java:setRole(392)) - 4c7984b5-42f1-4e4b-a334-601f88f38b33@group-AF0CBE3D3EB0: changes role from  FOLLOWER to CANDIDATE at term 1 for changeToCandidate
2025-09-07 09:45:31,991 [4c7984b5-42f1-4e4b-a334-601f88f38b33@group-AF0CBE3D3EB0-FollowerState] INFO  impl.RoleInfo (RoleInfo.java:updateAndGet(148)) - 4c7984b5-42f1-4e4b-a334-601f88f38b33: start 4c7984b5-42f1-4e4b-a334-601f88f38b33@group-AF0CBE3D3EB0-LeaderElection129
2025-09-07 09:45:31,991 [4c7984b5-42f1-4e4b-a334-601f88f38b33@group-AF0CBE3D3EB0-LeaderElection129] INFO  impl.LeaderElection (LeaderElection.java:askForVotes(448)) - 4c7984b5-42f1-4e4b-a334-601f88f38b33@group-AF0CBE3D3EB0-LeaderElection129 PRE_VOTE round 0: submit vote requests at term 1 for conf: {index: 0, cur=peers:[c7c0d573-77b1-47db-b09e-d84959a4a43f|127.0.0.1:15063, 486fef96-c6ec-41d9-a4ca-7ebb3d261081|127.0.0.1:15071, 4c7984b5-42f1-4e4b-a334-601f88f38b33|127.0.0.1:15079]|listeners:[], old=null}
2025-09-07 09:45:31,992 [4c7984b5-42f1-4e4b-a334-601f88f38b33@group-AF0CBE3D3EB0-LeaderElection129] INFO  impl.LeaderElection (LogUtils.java:infoOrTrace(142)) - 4c7984b5-42f1-4e4b-a334-601f88f38b33@group-AF0CBE3D3EB0-LeaderElection129 got exception when requesting votes: java.util.concurrent.ExecutionException: org.apache.ratis.thirdparty.io.grpc.StatusRuntimeException: UNAVAILABLE: io exception
2025-09-07 09:45:31,992 [4c7984b5-42f1-4e4b-a334-601f88f38b33@group-AF0CBE3D3EB0-LeaderElection129] INFO  impl.LeaderElection (LogUtils.java:infoOrTrace(142)) - 4c7984b5-42f1-4e4b-a334-601f88f38b33@group-AF0CBE3D3EB0-LeaderElection129 got exception when requesting votes: java.util.concurrent.ExecutionException: org.apache.ratis.thirdparty.io.grpc.StatusRuntimeException: UNAVAILABLE: io exception
2025-09-07 09:45:31,992 [4c7984b5-42f1-4e4b-a334-601f88f38b33@group-AF0CBE3D3EB0-LeaderElection129] INFO  impl.LeaderElection (LeaderElection.java:logAndReturn(206)) - 4c7984b5-42f1-4e4b-a334-601f88f38b33@group-AF0CBE3D3EB0-LeaderElection129: PRE_VOTE REJECTED received 0 response(s) and 2 exception(s):
2025-09-07 09:45:31,992 [4c7984b5-42f1-4e4b-a334-601f88f38b33@group-AF0CBE3D3EB0-LeaderElection129] INFO  impl.LeaderElection (LogUtils.java:infoOrTrace(142)) -   Exception 0: java.util.concurrent.ExecutionException: org.apache.ratis.thirdparty.io.grpc.StatusRuntimeException: UNAVAILABLE: io exception
2025-09-07 09:45:31,992 [4c7984b5-42f1-4e4b-a334-601f88f38b33@group-AF0CBE3D3EB0-LeaderElection129] INFO  impl.LeaderElection (LogUtils.java:infoOrTrace(142)) -   Exception 1: java.util.concurrent.ExecutionException: org.apache.ratis.thirdparty.io.grpc.StatusRuntimeException: UNAVAILABLE: io exception
2025-09-07 09:45:31,992 [4c7984b5-42f1-4e4b-a334-601f88f38b33@group-AF0CBE3D3EB0-LeaderElection129] INFO  impl.LeaderElection (LeaderElection.java:askForVotes(450)) - 4c7984b5-42f1-4e4b-a334-601f88f38b33@group-AF0CBE3D3EB0-LeaderElection129 PRE_VOTE round 0: result REJECTED
2025-09-07 09:45:31,992 [4c7984b5-42f1-4e4b-a334-601f88f38b33@group-AF0CBE3D3EB0-LeaderElection129] INFO  server.RaftServer$Division (RaftServerImpl.java:setRole(392)) - 4c7984b5-42f1-4e4b-a334-601f88f38b33@group-AF0CBE3D3EB0: changes role from CANDIDATE to FOLLOWER at term 1 for REJECTED
2025-09-07 09:45:31,992 [4c7984b5-42f1-4e4b-a334-601f88f38b33@group-AF0CBE3D3EB0-LeaderElection129] INFO  impl.RoleInfo (RoleInfo.java:shutdownLeaderElection(141)) - 4c7984b5-42f1-4e4b-a334-601f88f38b33: shutdown 4c7984b5-42f1-4e4b-a334-601f88f38b33@group-AF0CBE3D3EB0-LeaderElection129
2025-09-07 09:45:31,992 [4c7984b5-42f1-4e4b-a334-601f88f38b33@group-AF0CBE3D3EB0-LeaderElection129] INFO  impl.RoleInfo (RoleInfo.java:updateAndGet(148)) - 4c7984b5-42f1-4e4b-a334-601f88f38b33: start 4c7984b5-42f1-4e4b-a334-601f88f38b33@group-AF0CBE3D3EB0-FollowerState
2025-09-07 09:45:32,201 [grpc-default-executor-5] ERROR impl.OrderedAsync (OrderedAsync.java:lambda$null$6(215)) -  client-C3B9DB0FB337: Failed* RaftClientRequest:client-C3B9DB0FB337->486fef96-c6ec-41d9-a4ca-7ebb3d261081@group-AF0CBE3D3EB0, cid=41, seq=1*, Watch(0), null
java.util.concurrent.CompletionException: java.io.IOException: org.apache.ratis.thirdparty.io.grpc.StatusRuntimeException: UNAVAILABLE: io exception
	at java.base/java.util.concurrent.CompletableFuture.encodeThrowable(CompletableFuture.java:332)
	at java.base/java.util.concurrent.CompletableFuture.completeThrowable(CompletableFuture.java:347)
	at java.base/java.util.concurrent.CompletableFuture$UniAccept.tryFire(CompletableFuture.java:708)
	at java.base/java.util.concurrent.CompletableFuture.postComplete(CompletableFuture.java:510)
	at java.base/java.util.concurrent.CompletableFuture.completeExceptionally(CompletableFuture.java:2194)
	at org.apache.ratis.grpc.client.GrpcClientProtocolClient$AsyncStreamObservers.completeReplyExceptionally(GrpcClientProtocolClient.java:397)
	at org.apache.ratis.grpc.client.GrpcClientProtocolClient$AsyncStreamObservers.access$000(GrpcClientProtocolClient.java:303)
	at org.apache.ratis.grpc.client.GrpcClientProtocolClient$AsyncStreamObservers$1.onError(GrpcClientProtocolClient.java:334)
	at org.apache.ratis.thirdparty.io.grpc.stub.ClientCalls$StreamObserverToCallListenerAdapter.onClose(ClientCalls.java:564)
	at org.apache.ratis.thirdparty.io.grpc.PartialForwardingClientCallListener.onClose(PartialForwardingClientCallListener.java:39)
	at org.apache.ratis.thirdparty.io.grpc.ForwardingClientCallListener.onClose(ForwardingClientCallListener.java:23)
	at org.apache.ratis.grpc.metrics.intercept.client.MetricClientCallListener.onClose(MetricClientCallListener.java:47)
	at org.apache.ratis.thirdparty.io.grpc.internal.ClientCallImpl.closeObserver(ClientCallImpl.java:565)
	at org.apache.ratis.thirdparty.io.grpc.internal.ClientCallImpl.access$100(ClientCallImpl.java:72)
	at org.apache.ratis.thirdparty.io.grpc.internal.ClientCallImpl$ClientStreamListenerImpl$1StreamClosed.runInternal(ClientCallImpl.java:733)
	at org.apache.ratis.thirdparty.io.grpc.internal.ClientCallImpl$ClientStreamListenerImpl$1StreamClosed.runInContext(ClientCallImpl.java:714)
	at org.apache.ratis.thirdparty.io.grpc.internal.ContextRunnable.run(ContextRunnable.java:37)
	at org.apache.ratis.thirdparty.io.grpc.internal.SerializingExecutor.run(SerializingExecutor.java:133)
	at java.base/java.util.concurrent.ThreadPoolExecutor.runWorker(ThreadPoolExecutor.java:1144)
	at java.base/java.util.concurrent.ThreadPoolExecutor$Worker.run(ThreadPoolExecutor.java:642)
	at java.base/java.lang.Thread.run(Thread.java:1583)
Caused by: java.io.IOException: org.apache.ratis.thirdparty.io.grpc.StatusRuntimeException: UNAVAILABLE: io exception
	at org.apache.ratis.grpc.GrpcUtil.unwrapException(GrpcUtil.java:99)
	at org.apache.ratis.grpc.GrpcUtil.unwrapIOException(GrpcUtil.java:159)
	at org.apache.ratis.grpc.client.GrpcClientProtocolClient$AsyncStreamObservers$1.onError(GrpcClientProtocolClient.java:333)
	... 13 more
Caused by: org.apache.ratis.thirdparty.io.grpc.StatusRuntimeException: UNAVAILABLE: io exception
	at org.apache.ratis.thirdparty.io.grpc.Status.asRuntimeException(Status.java:532)
	... 13 more
Caused by: org.apache.ratis.thirdparty.io.netty.channel.AbstractChannel$AnnotatedConnectException: finishConnect(..) failed: Connection refused: /127.0.0.1:15069
Caused by: java.net.ConnectException: finishConnect(..) failed: Connection refused
	at org.apache.ratis.thirdparty.io.netty.channel.unix.Errors.newConnectException0(Errors.java:166)
	at org.apache.ratis.thirdparty.io.netty.channel.unix.Errors.handleConnectErrno(Errors.java:131)
	at org.apache.ratis.thirdparty.io.netty.channel.unix.Socket.finishConnect(Socket.java:359)
	at org.apache.ratis.thirdparty.io.netty.channel.epoll.AbstractEpollChannel$AbstractEpollUnsafe.doFinishConnect(AbstractEpollChannel.java:715)
	at org.apache.ratis.thirdparty.io.netty.channel.epoll.AbstractEpollChannel$AbstractEpollUnsafe.finishConnect(AbstractEpollChannel.java:692)
	at org.apache.ratis.thirdparty.io.netty.channel.epoll.AbstractEpollChannel$AbstractEpollUnsafe.epollOutReady(AbstractEpollChannel.java:567)
	at org.apache.ratis.thirdparty.io.netty.channel.epoll.EpollEventLoop.processReady(EpollEventLoop.java:491)
	at org.apache.ratis.thirdparty.io.netty.channel.epoll.EpollEventLoop.run(EpollEventLoop.java:399)
	at org.apache.ratis.thirdparty.io.netty.util.concurrent.SingleThreadEventExecutor$4.run(SingleThreadEventExecutor.java:998)
	at org.apache.ratis.thirdparty.io.netty.util.internal.ThreadExecutorMap$2.run(ThreadExecutorMap.java:74)
	at org.apache.ratis.thirdparty.io.netty.util.concurrent.FastThreadLocalRunnable.run(FastThreadLocalRunnable.java:30)
	at java.base/java.lang.Thread.run(Thread.java:1583)
2025-09-07 09:45:32,771 [4c7984b5-42f1-4e4b-a334-601f88f38b33@group-7A90E47A063C-FollowerState] INFO  impl.FollowerState (FollowerState.java:runImpl(161)) - 4c7984b5-42f1-4e4b-a334-601f88f38b33@group-7A90E47A063C-FollowerState: change to CANDIDATE, lastRpcElapsedTime:1105285847ns, electionTimeout:1105ms
2025-09-07 09:45:32,771 [4c7984b5-42f1-4e4b-a334-601f88f38b33@group-7A90E47A063C-FollowerState] INFO  impl.RoleInfo (RoleInfo.java:shutdownFollowerState(121)) - 4c7984b5-42f1-4e4b-a334-601f88f38b33: shutdown 4c7984b5-42f1-4e4b-a334-601f88f38b33@group-7A90E47A063C-FollowerState
2025-09-07 09:45:32,772 [4c7984b5-42f1-4e4b-a334-601f88f38b33@group-7A90E47A063C-FollowerState] INFO  server.RaftServer$Division (RaftServerImpl.java:setRole(392)) - 4c7984b5-42f1-4e4b-a334-601f88f38b33@group-7A90E47A063C: changes role from  FOLLOWER to CANDIDATE at term 2 for changeToCandidate
2025-09-07 09:45:32,772 [4c7984b5-42f1-4e4b-a334-601f88f38b33@group-7A90E47A063C-FollowerState] INFO  impl.RoleInfo (RoleInfo.java:updateAndGet(148)) - 4c7984b5-42f1-4e4b-a334-601f88f38b33: start 4c7984b5-42f1-4e4b-a334-601f88f38b33@group-7A90E47A063C-LeaderElection130
2025-09-07 09:45:32,772 [4c7984b5-42f1-4e4b-a334-601f88f38b33@group-7A90E47A063C-LeaderElection130] INFO  impl.LeaderElection (LeaderElection.java:askForVotes(448)) - 4c7984b5-42f1-4e4b-a334-601f88f38b33@group-7A90E47A063C-LeaderElection130 PRE_VOTE round 0: submit vote requests at term 2 for conf: {index: 17, cur=peers:[c7c0d573-77b1-47db-b09e-d84959a4a43f|127.0.0.1:15063, 486fef96-c6ec-41d9-a4ca-7ebb3d261081|127.0.0.1:15071, 4c7984b5-42f1-4e4b-a334-601f88f38b33|127.0.0.1:15079]|listeners:[], old=null}
2025-09-07 09:45:32,773 [4c7984b5-42f1-4e4b-a334-601f88f38b33@group-7A90E47A063C-LeaderElection130] INFO  impl.LeaderElection (LogUtils.java:infoOrTrace(142)) - 4c7984b5-42f1-4e4b-a334-601f88f38b33@group-7A90E47A063C-LeaderElection130 got exception when requesting votes: java.util.concurrent.ExecutionException: org.apache.ratis.thirdparty.io.grpc.StatusRuntimeException: UNAVAILABLE: io exception
2025-09-07 09:45:32,773 [4c7984b5-42f1-4e4b-a334-601f88f38b33@group-7A90E47A063C-LeaderElection130] INFO  impl.LeaderElection (LogUtils.java:infoOrTrace(142)) - 4c7984b5-42f1-4e4b-a334-601f88f38b33@group-7A90E47A063C-LeaderElection130 got exception when requesting votes: java.util.concurrent.ExecutionException: org.apache.ratis.thirdparty.io.grpc.StatusRuntimeException: UNAVAILABLE: io exception
2025-09-07 09:45:32,773 [4c7984b5-42f1-4e4b-a334-601f88f38b33@group-7A90E47A063C-LeaderElection130] INFO  impl.LeaderElection (LeaderElection.java:logAndReturn(206)) - 4c7984b5-42f1-4e4b-a334-601f88f38b33@group-7A90E47A063C-LeaderElection130: PRE_VOTE REJECTED received 0 response(s) and 2 exception(s):
2025-09-07 09:45:32,773 [4c7984b5-42f1-4e4b-a334-601f88f38b33@group-7A90E47A063C-LeaderElection130] INFO  impl.LeaderElection (LogUtils.java:infoOrTrace(142)) -   Exception 0: java.util.concurrent.ExecutionException: org.apache.ratis.thirdparty.io.grpc.StatusRuntimeException: UNAVAILABLE: io exception
2025-09-07 09:45:32,773 [4c7984b5-42f1-4e4b-a334-601f88f38b33@group-7A90E47A063C-LeaderElection130] INFO  impl.LeaderElection (LogUtils.java:infoOrTrace(142)) -   Exception 1: java.util.concurrent.ExecutionException: org.apache.ratis.thirdparty.io.grpc.StatusRuntimeException: UNAVAILABLE: io exception
2025-09-07 09:45:32,773 [4c7984b5-42f1-4e4b-a334-601f88f38b33@group-7A90E47A063C-LeaderElection130] INFO  impl.LeaderElection (LeaderElection.java:askForVotes(450)) - 4c7984b5-42f1-4e4b-a334-601f88f38b33@group-7A90E47A063C-LeaderElection130 PRE_VOTE round 0: result REJECTED
2025-09-07 09:45:32,773 [4c7984b5-42f1-4e4b-a334-601f88f38b33@group-7A90E47A063C-LeaderElection130] INFO  server.RaftServer$Division (RaftServerImpl.java:setRole(392)) - 4c7984b5-42f1-4e4b-a334-601f88f38b33@group-7A90E47A063C: changes role from CANDIDATE to FOLLOWER at term 2 for REJECTED
2025-09-07 09:45:32,773 [4c7984b5-42f1-4e4b-a334-601f88f38b33@group-7A90E47A063C-LeaderElection130] INFO  impl.RoleInfo (RoleInfo.java:shutdownLeaderElection(141)) - 4c7984b5-42f1-4e4b-a334-601f88f38b33: shutdown 4c7984b5-42f1-4e4b-a334-601f88f38b33@group-7A90E47A063C-LeaderElection130
2025-09-07 09:45:32,773 [4c7984b5-42f1-4e4b-a334-601f88f38b33@group-7A90E47A063C-LeaderElection130] INFO  impl.RoleInfo (RoleInfo.java:updateAndGet(148)) - 4c7984b5-42f1-4e4b-a334-601f88f38b33: start 4c7984b5-42f1-4e4b-a334-601f88f38b33@group-7A90E47A063C-FollowerState
2025-09-07 09:45:33,094 [4c7984b5-42f1-4e4b-a334-601f88f38b33@group-AF0CBE3D3EB0-FollowerState] INFO  impl.FollowerState (FollowerState.java:runImpl(161)) - 4c7984b5-42f1-4e4b-a334-601f88f38b33@group-AF0CBE3D3EB0-FollowerState: change to CANDIDATE, lastRpcElapsedTime:1101387002ns, electionTimeout:1101ms
2025-09-07 09:45:33,094 [4c7984b5-42f1-4e4b-a334-601f88f38b33@group-AF0CBE3D3EB0-FollowerState] INFO  impl.RoleInfo (RoleInfo.java:shutdownFollowerState(121)) - 4c7984b5-42f1-4e4b-a334-601f88f38b33: shutdown 4c7984b5-42f1-4e4b-a334-601f88f38b33@group-AF0CBE3D3EB0-FollowerState
2025-09-07 09:45:33,094 [4c7984b5-42f1-4e4b-a334-601f88f38b33@group-AF0CBE3D3EB0-FollowerState] INFO  server.RaftServer$Division (RaftServerImpl.java:setRole(392)) - 4c7984b5-42f1-4e4b-a334-601f88f38b33@group-AF0CBE3D3EB0: changes role from  FOLLOWER to CANDIDATE at term 1 for changeToCandidate
2025-09-07 09:45:33,094 [4c7984b5-42f1-4e4b-a334-601f88f38b33@group-AF0CBE3D3EB0-FollowerState] INFO  impl.RoleInfo (RoleInfo.java:updateAndGet(148)) - 4c7984b5-42f1-4e4b-a334-601f88f38b33: start 4c7984b5-42f1-4e4b-a334-601f88f38b33@group-AF0CBE3D3EB0-LeaderElection131
2025-09-07 09:45:33,094 [4c7984b5-42f1-4e4b-a334-601f88f38b33@group-AF0CBE3D3EB0-LeaderElection131] INFO  impl.LeaderElection (LeaderElection.java:askForVotes(448)) - 4c7984b5-42f1-4e4b-a334-601f88f38b33@group-AF0CBE3D3EB0-LeaderElection131 PRE_VOTE round 0: submit vote requests at term 1 for conf: {index: 0, cur=peers:[c7c0d573-77b1-47db-b09e-d84959a4a43f|127.0.0.1:15063, 486fef96-c6ec-41d9-a4ca-7ebb3d261081|127.0.0.1:15071, 4c7984b5-42f1-4e4b-a334-601f88f38b33|127.0.0.1:15079]|listeners:[], old=null}
2025-09-07 09:45:33,095 [4c7984b5-42f1-4e4b-a334-601f88f38b33@group-AF0CBE3D3EB0-LeaderElection131] INFO  impl.LeaderElection (LogUtils.java:infoOrTrace(142)) - 4c7984b5-42f1-4e4b-a334-601f88f38b33@group-AF0CBE3D3EB0-LeaderElection131 got exception when requesting votes: java.util.concurrent.ExecutionException: org.apache.ratis.thirdparty.io.grpc.StatusRuntimeException: UNAVAILABLE: io exception
2025-09-07 09:45:33,095 [4c7984b5-42f1-4e4b-a334-601f88f38b33@group-AF0CBE3D3EB0-LeaderElection131] INFO  impl.LeaderElection (LogUtils.java:infoOrTrace(142)) - 4c7984b5-42f1-4e4b-a334-601f88f38b33@group-AF0CBE3D3EB0-LeaderElection131 got exception when requesting votes: java.util.concurrent.ExecutionException: org.apache.ratis.thirdparty.io.grpc.StatusRuntimeException: UNAVAILABLE: io exception
2025-09-07 09:45:33,095 [4c7984b5-42f1-4e4b-a334-601f88f38b33@group-AF0CBE3D3EB0-LeaderElection131] INFO  impl.LeaderElection (LeaderElection.java:logAndReturn(206)) - 4c7984b5-42f1-4e4b-a334-601f88f38b33@group-AF0CBE3D3EB0-LeaderElection131: PRE_VOTE REJECTED received 0 response(s) and 2 exception(s):
2025-09-07 09:45:33,095 [4c7984b5-42f1-4e4b-a334-601f88f38b33@group-AF0CBE3D3EB0-LeaderElection131] INFO  impl.LeaderElection (LogUtils.java:infoOrTrace(142)) -   Exception 0: java.util.concurrent.ExecutionException: org.apache.ratis.thirdparty.io.grpc.StatusRuntimeException: UNAVAILABLE: io exception
2025-09-07 09:45:33,095 [4c7984b5-42f1-4e4b-a334-601f88f38b33@group-AF0CBE3D3EB0-LeaderElection131] INFO  impl.LeaderElection (LogUtils.java:infoOrTrace(142)) -   Exception 1: java.util.concurrent.ExecutionException: org.apache.ratis.thirdparty.io.grpc.StatusRuntimeException: UNAVAILABLE: io exception
2025-09-07 09:45:33,095 [4c7984b5-42f1-4e4b-a334-601f88f38b33@group-AF0CBE3D3EB0-LeaderElection131] INFO  impl.LeaderElection (LeaderElection.java:askForVotes(450)) - 4c7984b5-42f1-4e4b-a334-601f88f38b33@group-AF0CBE3D3EB0-LeaderElection131 PRE_VOTE round 0: result REJECTED
2025-09-07 09:45:33,095 [4c7984b5-42f1-4e4b-a334-601f88f38b33@group-AF0CBE3D3EB0-LeaderElection131] INFO  server.RaftServer$Division (RaftServerImpl.java:setRole(392)) - 4c7984b5-42f1-4e4b-a334-601f88f38b33@group-AF0CBE3D3EB0: changes role from CANDIDATE to FOLLOWER at term 1 for REJECTED
2025-09-07 09:45:33,095 [4c7984b5-42f1-4e4b-a334-601f88f38b33@group-AF0CBE3D3EB0-LeaderElection131] INFO  impl.RoleInfo (RoleInfo.java:shutdownLeaderElection(141)) - 4c7984b5-42f1-4e4b-a334-601f88f38b33: shutdown 4c7984b5-42f1-4e4b-a334-601f88f38b33@group-AF0CBE3D3EB0-LeaderElection131
2025-09-07 09:45:33,095 [4c7984b5-42f1-4e4b-a334-601f88f38b33@group-AF0CBE3D3EB0-LeaderElection131] INFO  impl.RoleInfo (RoleInfo.java:updateAndGet(148)) - 4c7984b5-42f1-4e4b-a334-601f88f38b33: start 4c7984b5-42f1-4e4b-a334-601f88f38b33@group-AF0CBE3D3EB0-FollowerState
2025-09-07 09:45:33,889 [4c7984b5-42f1-4e4b-a334-601f88f38b33@group-7A90E47A063C-FollowerState] INFO  impl.FollowerState (FollowerState.java:runImpl(161)) - 4c7984b5-42f1-4e4b-a334-601f88f38b33@group-7A90E47A063C-FollowerState: change to CANDIDATE, lastRpcElapsedTime:1116289549ns, electionTimeout:1116ms
2025-09-07 09:45:33,889 [4c7984b5-42f1-4e4b-a334-601f88f38b33@group-7A90E47A063C-FollowerState] INFO  impl.RoleInfo (RoleInfo.java:shutdownFollowerState(121)) - 4c7984b5-42f1-4e4b-a334-601f88f38b33: shutdown 4c7984b5-42f1-4e4b-a334-601f88f38b33@group-7A90E47A063C-FollowerState
2025-09-07 09:45:33,889 [4c7984b5-42f1-4e4b-a334-601f88f38b33@group-7A90E47A063C-FollowerState] INFO  server.RaftServer$Division (RaftServerImpl.java:setRole(392)) - 4c7984b5-42f1-4e4b-a334-601f88f38b33@group-7A90E47A063C: changes role from  FOLLOWER to CANDIDATE at term 2 for changeToCandidate
2025-09-07 09:45:33,889 [4c7984b5-42f1-4e4b-a334-601f88f38b33@group-7A90E47A063C-FollowerState] INFO  impl.RoleInfo (RoleInfo.java:updateAndGet(148)) - 4c7984b5-42f1-4e4b-a334-601f88f38b33: start 4c7984b5-42f1-4e4b-a334-601f88f38b33@group-7A90E47A063C-LeaderElection132
2025-09-07 09:45:33,890 [4c7984b5-42f1-4e4b-a334-601f88f38b33@group-7A90E47A063C-LeaderElection132] INFO  impl.LeaderElection (LeaderElection.java:askForVotes(448)) - 4c7984b5-42f1-4e4b-a334-601f88f38b33@group-7A90E47A063C-LeaderElection132 PRE_VOTE round 0: submit vote requests at term 2 for conf: {index: 17, cur=peers:[c7c0d573-77b1-47db-b09e-d84959a4a43f|127.0.0.1:15063, 486fef96-c6ec-41d9-a4ca-7ebb3d261081|127.0.0.1:15071, 4c7984b5-42f1-4e4b-a334-601f88f38b33|127.0.0.1:15079]|listeners:[], old=null}
2025-09-07 09:45:33,891 [4c7984b5-42f1-4e4b-a334-601f88f38b33@group-7A90E47A063C-LeaderElection132] INFO  impl.LeaderElection (LogUtils.java:infoOrTrace(142)) - 4c7984b5-42f1-4e4b-a334-601f88f38b33@group-7A90E47A063C-LeaderElection132 got exception when requesting votes: java.util.concurrent.ExecutionException: org.apache.ratis.thirdparty.io.grpc.StatusRuntimeException: UNAVAILABLE: io exception
2025-09-07 09:45:33,891 [4c7984b5-42f1-4e4b-a334-601f88f38b33@group-7A90E47A063C-LeaderElection132] INFO  impl.LeaderElection (LogUtils.java:infoOrTrace(142)) - 4c7984b5-42f1-4e4b-a334-601f88f38b33@group-7A90E47A063C-LeaderElection132 got exception when requesting votes: java.util.concurrent.ExecutionException: org.apache.ratis.thirdparty.io.grpc.StatusRuntimeException: UNAVAILABLE: io exception
2025-09-07 09:45:33,891 [4c7984b5-42f1-4e4b-a334-601f88f38b33@group-7A90E47A063C-LeaderElection132] INFO  impl.LeaderElection (LeaderElection.java:logAndReturn(206)) - 4c7984b5-42f1-4e4b-a334-601f88f38b33@group-7A90E47A063C-LeaderElection132: PRE_VOTE REJECTED received 0 response(s) and 2 exception(s):
2025-09-07 09:45:33,891 [4c7984b5-42f1-4e4b-a334-601f88f38b33@group-7A90E47A063C-LeaderElection132] INFO  impl.LeaderElection (LogUtils.java:infoOrTrace(142)) -   Exception 0: java.util.concurrent.ExecutionException: org.apache.ratis.thirdparty.io.grpc.StatusRuntimeException: UNAVAILABLE: io exception
2025-09-07 09:45:33,891 [4c7984b5-42f1-4e4b-a334-601f88f38b33@group-7A90E47A063C-LeaderElection132] INFO  impl.LeaderElection (LogUtils.java:infoOrTrace(142)) -   Exception 1: java.util.concurrent.ExecutionException: org.apache.ratis.thirdparty.io.grpc.StatusRuntimeException: UNAVAILABLE: io exception
2025-09-07 09:45:33,891 [4c7984b5-42f1-4e4b-a334-601f88f38b33@group-7A90E47A063C-LeaderElection132] INFO  impl.LeaderElection (LeaderElection.java:askForVotes(450)) - 4c7984b5-42f1-4e4b-a334-601f88f38b33@group-7A90E47A063C-LeaderElection132 PRE_VOTE round 0: result REJECTED
2025-09-07 09:45:33,891 [4c7984b5-42f1-4e4b-a334-601f88f38b33@group-7A90E47A063C-LeaderElection132] INFO  server.RaftServer$Division (RaftServerImpl.java:setRole(392)) - 4c7984b5-42f1-4e4b-a334-601f88f38b33@group-7A90E47A063C: changes role from CANDIDATE to FOLLOWER at term 2 for REJECTED
2025-09-07 09:45:33,891 [4c7984b5-42f1-4e4b-a334-601f88f38b33@group-7A90E47A063C-LeaderElection132] INFO  impl.RoleInfo (RoleInfo.java:shutdownLeaderElection(141)) - 4c7984b5-42f1-4e4b-a334-601f88f38b33: shutdown 4c7984b5-42f1-4e4b-a334-601f88f38b33@group-7A90E47A063C-LeaderElection132
2025-09-07 09:45:33,891 [4c7984b5-42f1-4e4b-a334-601f88f38b33@group-7A90E47A063C-LeaderElection132] INFO  impl.RoleInfo (RoleInfo.java:updateAndGet(148)) - 4c7984b5-42f1-4e4b-a334-601f88f38b33: start 4c7984b5-42f1-4e4b-a334-601f88f38b33@group-7A90E47A063C-FollowerState
2025-09-07 09:45:34,182 [4c7984b5-42f1-4e4b-a334-601f88f38b33@group-AF0CBE3D3EB0-FollowerState] INFO  impl.FollowerState (FollowerState.java:runImpl(161)) - 4c7984b5-42f1-4e4b-a334-601f88f38b33@group-AF0CBE3D3EB0-FollowerState: change to CANDIDATE, lastRpcElapsedTime:1086299894ns, electionTimeout:1086ms
2025-09-07 09:45:34,182 [4c7984b5-42f1-4e4b-a334-601f88f38b33@group-AF0CBE3D3EB0-FollowerState] INFO  impl.RoleInfo (RoleInfo.java:shutdownFollowerState(121)) - 4c7984b5-42f1-4e4b-a334-601f88f38b33: shutdown 4c7984b5-42f1-4e4b-a334-601f88f38b33@group-AF0CBE3D3EB0-FollowerState
2025-09-07 09:45:34,182 [4c7984b5-42f1-4e4b-a334-601f88f38b33@group-AF0CBE3D3EB0-FollowerState] INFO  server.RaftServer$Division (RaftServerImpl.java:setRole(392)) - 4c7984b5-42f1-4e4b-a334-601f88f38b33@group-AF0CBE3D3EB0: changes role from  FOLLOWER to CANDIDATE at term 1 for changeToCandidate
2025-09-07 09:45:34,182 [4c7984b5-42f1-4e4b-a334-601f88f38b33@group-AF0CBE3D3EB0-FollowerState] INFO  impl.RoleInfo (RoleInfo.java:updateAndGet(148)) - 4c7984b5-42f1-4e4b-a334-601f88f38b33: start 4c7984b5-42f1-4e4b-a334-601f88f38b33@group-AF0CBE3D3EB0-LeaderElection133
2025-09-07 09:45:34,182 [4c7984b5-42f1-4e4b-a334-601f88f38b33@group-AF0CBE3D3EB0-LeaderElection133] INFO  impl.LeaderElection (LeaderElection.java:askForVotes(448)) - 4c7984b5-42f1-4e4b-a334-601f88f38b33@group-AF0CBE3D3EB0-LeaderElection133 PRE_VOTE round 0: submit vote requests at term 1 for conf: {index: 0, cur=peers:[c7c0d573-77b1-47db-b09e-d84959a4a43f|127.0.0.1:15063, 486fef96-c6ec-41d9-a4ca-7ebb3d261081|127.0.0.1:15071, 4c7984b5-42f1-4e4b-a334-601f88f38b33|127.0.0.1:15079]|listeners:[], old=null}
2025-09-07 09:45:34,183 [4c7984b5-42f1-4e4b-a334-601f88f38b33@group-AF0CBE3D3EB0-LeaderElection133] INFO  impl.LeaderElection (LogUtils.java:infoOrTrace(142)) - 4c7984b5-42f1-4e4b-a334-601f88f38b33@group-AF0CBE3D3EB0-LeaderElection133 got exception when requesting votes: java.util.concurrent.ExecutionException: org.apache.ratis.thirdparty.io.grpc.StatusRuntimeException: UNAVAILABLE: io exception
2025-09-07 09:45:34,183 [4c7984b5-42f1-4e4b-a334-601f88f38b33@group-AF0CBE3D3EB0-LeaderElection133] INFO  impl.LeaderElection (LogUtils.java:infoOrTrace(142)) - 4c7984b5-42f1-4e4b-a334-601f88f38b33@group-AF0CBE3D3EB0-LeaderElection133 got exception when requesting votes: java.util.concurrent.ExecutionException: org.apache.ratis.thirdparty.io.grpc.StatusRuntimeException: UNAVAILABLE: io exception
2025-09-07 09:45:34,183 [4c7984b5-42f1-4e4b-a334-601f88f38b33@group-AF0CBE3D3EB0-LeaderElection133] INFO  impl.LeaderElection (LeaderElection.java:logAndReturn(206)) - 4c7984b5-42f1-4e4b-a334-601f88f38b33@group-AF0CBE3D3EB0-LeaderElection133: PRE_VOTE REJECTED received 0 response(s) and 2 exception(s):
2025-09-07 09:45:34,183 [4c7984b5-42f1-4e4b-a334-601f88f38b33@group-AF0CBE3D3EB0-LeaderElection133] INFO  impl.LeaderElection (LogUtils.java:infoOrTrace(142)) -   Exception 0: java.util.concurrent.ExecutionException: org.apache.ratis.thirdparty.io.grpc.StatusRuntimeException: UNAVAILABLE: io exception
2025-09-07 09:45:34,183 [4c7984b5-42f1-4e4b-a334-601f88f38b33@group-AF0CBE3D3EB0-LeaderElection133] INFO  impl.LeaderElection (LogUtils.java:infoOrTrace(142)) -   Exception 1: java.util.concurrent.ExecutionException: org.apache.ratis.thirdparty.io.grpc.StatusRuntimeException: UNAVAILABLE: io exception
2025-09-07 09:45:34,183 [4c7984b5-42f1-4e4b-a334-601f88f38b33@group-AF0CBE3D3EB0-LeaderElection133] INFO  impl.LeaderElection (LeaderElection.java:askForVotes(450)) - 4c7984b5-42f1-4e4b-a334-601f88f38b33@group-AF0CBE3D3EB0-LeaderElection133 PRE_VOTE round 0: result REJECTED
2025-09-07 09:45:34,183 [4c7984b5-42f1-4e4b-a334-601f88f38b33@group-AF0CBE3D3EB0-LeaderElection133] INFO  server.RaftServer$Division (RaftServerImpl.java:setRole(392)) - 4c7984b5-42f1-4e4b-a334-601f88f38b33@group-AF0CBE3D3EB0: changes role from CANDIDATE to FOLLOWER at term 1 for REJECTED
2025-09-07 09:45:34,183 [4c7984b5-42f1-4e4b-a334-601f88f38b33@group-AF0CBE3D3EB0-LeaderElection133] INFO  impl.RoleInfo (RoleInfo.java:shutdownLeaderElection(141)) - 4c7984b5-42f1-4e4b-a334-601f88f38b33: shutdown 4c7984b5-42f1-4e4b-a334-601f88f38b33@group-AF0CBE3D3EB0-LeaderElection133
2025-09-07 09:45:34,183 [4c7984b5-42f1-4e4b-a334-601f88f38b33@group-AF0CBE3D3EB0-LeaderElection133] INFO  impl.RoleInfo (RoleInfo.java:updateAndGet(148)) - 4c7984b5-42f1-4e4b-a334-601f88f38b33: start 4c7984b5-42f1-4e4b-a334-601f88f38b33@group-AF0CBE3D3EB0-FollowerState
2025-09-07 09:45:34,931 [4c7984b5-42f1-4e4b-a334-601f88f38b33@group-7A90E47A063C-FollowerState] INFO  impl.FollowerState (FollowerState.java:runImpl(161)) - 4c7984b5-42f1-4e4b-a334-601f88f38b33@group-7A90E47A063C-FollowerState: change to CANDIDATE, lastRpcElapsedTime:1040332453ns, electionTimeout:1040ms
2025-09-07 09:45:34,931 [4c7984b5-42f1-4e4b-a334-601f88f38b33@group-7A90E47A063C-FollowerState] INFO  impl.RoleInfo (RoleInfo.java:shutdownFollowerState(121)) - 4c7984b5-42f1-4e4b-a334-601f88f38b33: shutdown 4c7984b5-42f1-4e4b-a334-601f88f38b33@group-7A90E47A063C-FollowerState
2025-09-07 09:45:34,931 [4c7984b5-42f1-4e4b-a334-601f88f38b33@group-7A90E47A063C-FollowerState] INFO  server.RaftServer$Division (RaftServerImpl.java:setRole(392)) - 4c7984b5-42f1-4e4b-a334-601f88f38b33@group-7A90E47A063C: changes role from  FOLLOWER to CANDIDATE at term 2 for changeToCandidate
2025-09-07 09:45:34,932 [4c7984b5-42f1-4e4b-a334-601f88f38b33@group-7A90E47A063C-FollowerState] INFO  impl.RoleInfo (RoleInfo.java:updateAndGet(148)) - 4c7984b5-42f1-4e4b-a334-601f88f38b33: start 4c7984b5-42f1-4e4b-a334-601f88f38b33@group-7A90E47A063C-LeaderElection134
2025-09-07 09:45:34,932 [4c7984b5-42f1-4e4b-a334-601f88f38b33@group-7A90E47A063C-LeaderElection134] INFO  impl.LeaderElection (LeaderElection.java:askForVotes(448)) - 4c7984b5-42f1-4e4b-a334-601f88f38b33@group-7A90E47A063C-LeaderElection134 PRE_VOTE round 0: submit vote requests at term 2 for conf: {index: 17, cur=peers:[c7c0d573-77b1-47db-b09e-d84959a4a43f|127.0.0.1:15063, 486fef96-c6ec-41d9-a4ca-7ebb3d261081|127.0.0.1:15071, 4c7984b5-42f1-4e4b-a334-601f88f38b33|127.0.0.1:15079]|listeners:[], old=null}
2025-09-07 09:45:34,933 [4c7984b5-42f1-4e4b-a334-601f88f38b33@group-7A90E47A063C-LeaderElection134] INFO  impl.LeaderElection (LogUtils.java:infoOrTrace(142)) - 4c7984b5-42f1-4e4b-a334-601f88f38b33@group-7A90E47A063C-LeaderElection134 got exception when requesting votes: java.util.concurrent.ExecutionException: org.apache.ratis.thirdparty.io.grpc.StatusRuntimeException: UNAVAILABLE: io exception
2025-09-07 09:45:34,933 [4c7984b5-42f1-4e4b-a334-601f88f38b33@group-7A90E47A063C-LeaderElection134] INFO  impl.LeaderElection (LogUtils.java:infoOrTrace(142)) - 4c7984b5-42f1-4e4b-a334-601f88f38b33@group-7A90E47A063C-LeaderElection134 got exception when requesting votes: java.util.concurrent.ExecutionException: org.apache.ratis.thirdparty.io.grpc.StatusRuntimeException: UNAVAILABLE: io exception
2025-09-07 09:45:34,933 [4c7984b5-42f1-4e4b-a334-601f88f38b33@group-7A90E47A063C-LeaderElection134] INFO  impl.LeaderElection (LeaderElection.java:logAndReturn(206)) - 4c7984b5-42f1-4e4b-a334-601f88f38b33@group-7A90E47A063C-LeaderElection134: PRE_VOTE REJECTED received 0 response(s) and 2 exception(s):
2025-09-07 09:45:34,933 [4c7984b5-42f1-4e4b-a334-601f88f38b33@group-7A90E47A063C-LeaderElection134] INFO  impl.LeaderElection (LogUtils.java:infoOrTrace(142)) -   Exception 0: java.util.concurrent.ExecutionException: org.apache.ratis.thirdparty.io.grpc.StatusRuntimeException: UNAVAILABLE: io exception
2025-09-07 09:45:34,933 [4c7984b5-42f1-4e4b-a334-601f88f38b33@group-7A90E47A063C-LeaderElection134] INFO  impl.LeaderElection (LogUtils.java:infoOrTrace(142)) -   Exception 1: java.util.concurrent.ExecutionException: org.apache.ratis.thirdparty.io.grpc.StatusRuntimeException: UNAVAILABLE: io exception
2025-09-07 09:45:34,933 [4c7984b5-42f1-4e4b-a334-601f88f38b33@group-7A90E47A063C-LeaderElection134] INFO  impl.LeaderElection (LeaderElection.java:askForVotes(450)) - 4c7984b5-42f1-4e4b-a334-601f88f38b33@group-7A90E47A063C-LeaderElection134 PRE_VOTE round 0: result REJECTED
2025-09-07 09:45:34,933 [4c7984b5-42f1-4e4b-a334-601f88f38b33@group-7A90E47A063C-LeaderElection134] INFO  server.RaftServer$Division (RaftServerImpl.java:setRole(392)) - 4c7984b5-42f1-4e4b-a334-601f88f38b33@group-7A90E47A063C: changes role from CANDIDATE to FOLLOWER at term 2 for REJECTED
2025-09-07 09:45:34,933 [4c7984b5-42f1-4e4b-a334-601f88f38b33@group-7A90E47A063C-LeaderElection134] INFO  impl.RoleInfo (RoleInfo.java:shutdownLeaderElection(141)) - 4c7984b5-42f1-4e4b-a334-601f88f38b33: shutdown 4c7984b5-42f1-4e4b-a334-601f88f38b33@group-7A90E47A063C-LeaderElection134
2025-09-07 09:45:34,933 [4c7984b5-42f1-4e4b-a334-601f88f38b33@group-7A90E47A063C-LeaderElection134] INFO  impl.RoleInfo (RoleInfo.java:updateAndGet(148)) - 4c7984b5-42f1-4e4b-a334-601f88f38b33: start 4c7984b5-42f1-4e4b-a334-601f88f38b33@group-7A90E47A063C-FollowerState
2025-09-07 09:45:35,372 [4c7984b5-42f1-4e4b-a334-601f88f38b33@group-AF0CBE3D3EB0-FollowerState] INFO  impl.FollowerState (FollowerState.java:runImpl(161)) - 4c7984b5-42f1-4e4b-a334-601f88f38b33@group-AF0CBE3D3EB0-FollowerState: change to CANDIDATE, lastRpcElapsedTime:1188428069ns, electionTimeout:1188ms
2025-09-07 09:45:35,372 [4c7984b5-42f1-4e4b-a334-601f88f38b33@group-AF0CBE3D3EB0-FollowerState] INFO  impl.RoleInfo (RoleInfo.java:shutdownFollowerState(121)) - 4c7984b5-42f1-4e4b-a334-601f88f38b33: shutdown 4c7984b5-42f1-4e4b-a334-601f88f38b33@group-AF0CBE3D3EB0-FollowerState
2025-09-07 09:45:35,372 [4c7984b5-42f1-4e4b-a334-601f88f38b33@group-AF0CBE3D3EB0-FollowerState] INFO  server.RaftServer$Division (RaftServerImpl.java:setRole(392)) - 4c7984b5-42f1-4e4b-a334-601f88f38b33@group-AF0CBE3D3EB0: changes role from  FOLLOWER to CANDIDATE at term 1 for changeToCandidate
2025-09-07 09:45:35,372 [4c7984b5-42f1-4e4b-a334-601f88f38b33@group-AF0CBE3D3EB0-FollowerState] INFO  impl.RoleInfo (RoleInfo.java:updateAndGet(148)) - 4c7984b5-42f1-4e4b-a334-601f88f38b33: start 4c7984b5-42f1-4e4b-a334-601f88f38b33@group-AF0CBE3D3EB0-LeaderElection135
2025-09-07 09:45:35,372 [4c7984b5-42f1-4e4b-a334-601f88f38b33@group-AF0CBE3D3EB0-LeaderElection135] INFO  impl.LeaderElection (LeaderElection.java:askForVotes(448)) - 4c7984b5-42f1-4e4b-a334-601f88f38b33@group-AF0CBE3D3EB0-LeaderElection135 PRE_VOTE round 0: submit vote requests at term 1 for conf: {index: 0, cur=peers:[c7c0d573-77b1-47db-b09e-d84959a4a43f|127.0.0.1:15063, 486fef96-c6ec-41d9-a4ca-7ebb3d261081|127.0.0.1:15071, 4c7984b5-42f1-4e4b-a334-601f88f38b33|127.0.0.1:15079]|listeners:[], old=null}
2025-09-07 09:45:35,373 [4c7984b5-42f1-4e4b-a334-601f88f38b33@group-AF0CBE3D3EB0-LeaderElection135] INFO  impl.LeaderElection (LogUtils.java:infoOrTrace(142)) - 4c7984b5-42f1-4e4b-a334-601f88f38b33@group-AF0CBE3D3EB0-LeaderElection135 got exception when requesting votes: java.util.concurrent.ExecutionException: org.apache.ratis.thirdparty.io.grpc.StatusRuntimeException: UNAVAILABLE: io exception
2025-09-07 09:45:35,373 [4c7984b5-42f1-4e4b-a334-601f88f38b33@group-AF0CBE3D3EB0-LeaderElection135] INFO  impl.LeaderElection (LogUtils.java:infoOrTrace(142)) - 4c7984b5-42f1-4e4b-a334-601f88f38b33@group-AF0CBE3D3EB0-LeaderElection135 got exception when requesting votes: java.util.concurrent.ExecutionException: org.apache.ratis.thirdparty.io.grpc.StatusRuntimeException: UNAVAILABLE: io exception
2025-09-07 09:45:35,373 [4c7984b5-42f1-4e4b-a334-601f88f38b33@group-AF0CBE3D3EB0-LeaderElection135] INFO  impl.LeaderElection (LeaderElection.java:logAndReturn(206)) - 4c7984b5-42f1-4e4b-a334-601f88f38b33@group-AF0CBE3D3EB0-LeaderElection135: PRE_VOTE REJECTED received 0 response(s) and 2 exception(s):
2025-09-07 09:45:35,373 [4c7984b5-42f1-4e4b-a334-601f88f38b33@group-AF0CBE3D3EB0-LeaderElection135] INFO  impl.LeaderElection (LogUtils.java:infoOrTrace(142)) -   Exception 0: java.util.concurrent.ExecutionException: org.apache.ratis.thirdparty.io.grpc.StatusRuntimeException: UNAVAILABLE: io exception
2025-09-07 09:45:35,373 [4c7984b5-42f1-4e4b-a334-601f88f38b33@group-AF0CBE3D3EB0-LeaderElection135] INFO  impl.LeaderElection (LogUtils.java:infoOrTrace(142)) -   Exception 1: java.util.concurrent.ExecutionException: org.apache.ratis.thirdparty.io.grpc.StatusRuntimeException: UNAVAILABLE: io exception
2025-09-07 09:45:35,373 [4c7984b5-42f1-4e4b-a334-601f88f38b33@group-AF0CBE3D3EB0-LeaderElection135] INFO  impl.LeaderElection (LeaderElection.java:askForVotes(450)) - 4c7984b5-42f1-4e4b-a334-601f88f38b33@group-AF0CBE3D3EB0-LeaderElection135 PRE_VOTE round 0: result REJECTED
2025-09-07 09:45:35,373 [4c7984b5-42f1-4e4b-a334-601f88f38b33@group-AF0CBE3D3EB0-LeaderElection135] INFO  server.RaftServer$Division (RaftServerImpl.java:setRole(392)) - 4c7984b5-42f1-4e4b-a334-601f88f38b33@group-AF0CBE3D3EB0: changes role from CANDIDATE to FOLLOWER at term 1 for REJECTED
2025-09-07 09:45:35,373 [4c7984b5-42f1-4e4b-a334-601f88f38b33@group-AF0CBE3D3EB0-LeaderElection135] INFO  impl.RoleInfo (RoleInfo.java:shutdownLeaderElection(141)) - 4c7984b5-42f1-4e4b-a334-601f88f38b33: shutdown 4c7984b5-42f1-4e4b-a334-601f88f38b33@group-AF0CBE3D3EB0-LeaderElection135
2025-09-07 09:45:35,373 [4c7984b5-42f1-4e4b-a334-601f88f38b33@group-AF0CBE3D3EB0-LeaderElection135] INFO  impl.RoleInfo (RoleInfo.java:updateAndGet(148)) - 4c7984b5-42f1-4e4b-a334-601f88f38b33: start 4c7984b5-42f1-4e4b-a334-601f88f38b33@group-AF0CBE3D3EB0-FollowerState
2025-09-07 09:45:36,055 [4c7984b5-42f1-4e4b-a334-601f88f38b33@group-7A90E47A063C-FollowerState] INFO  impl.FollowerState (FollowerState.java:runImpl(161)) - 4c7984b5-42f1-4e4b-a334-601f88f38b33@group-7A90E47A063C-FollowerState: change to CANDIDATE, lastRpcElapsedTime:1122280349ns, electionTimeout:1122ms
2025-09-07 09:45:36,055 [4c7984b5-42f1-4e4b-a334-601f88f38b33@group-7A90E47A063C-FollowerState] INFO  impl.RoleInfo (RoleInfo.java:shutdownFollowerState(121)) - 4c7984b5-42f1-4e4b-a334-601f88f38b33: shutdown 4c7984b5-42f1-4e4b-a334-601f88f38b33@group-7A90E47A063C-FollowerState
2025-09-07 09:45:36,055 [4c7984b5-42f1-4e4b-a334-601f88f38b33@group-7A90E47A063C-FollowerState] INFO  server.RaftServer$Division (RaftServerImpl.java:setRole(392)) - 4c7984b5-42f1-4e4b-a334-601f88f38b33@group-7A90E47A063C: changes role from  FOLLOWER to CANDIDATE at term 2 for changeToCandidate
2025-09-07 09:45:36,055 [4c7984b5-42f1-4e4b-a334-601f88f38b33@group-7A90E47A063C-FollowerState] INFO  impl.RoleInfo (RoleInfo.java:updateAndGet(148)) - 4c7984b5-42f1-4e4b-a334-601f88f38b33: start 4c7984b5-42f1-4e4b-a334-601f88f38b33@group-7A90E47A063C-LeaderElection136
2025-09-07 09:45:36,056 [4c7984b5-42f1-4e4b-a334-601f88f38b33@group-7A90E47A063C-LeaderElection136] INFO  impl.LeaderElection (LeaderElection.java:askForVotes(448)) - 4c7984b5-42f1-4e4b-a334-601f88f38b33@group-7A90E47A063C-LeaderElection136 PRE_VOTE round 0: submit vote requests at term 2 for conf: {index: 17, cur=peers:[c7c0d573-77b1-47db-b09e-d84959a4a43f|127.0.0.1:15063, 486fef96-c6ec-41d9-a4ca-7ebb3d261081|127.0.0.1:15071, 4c7984b5-42f1-4e4b-a334-601f88f38b33|127.0.0.1:15079]|listeners:[], old=null}
2025-09-07 09:45:36,056 [4c7984b5-42f1-4e4b-a334-601f88f38b33@group-7A90E47A063C-LeaderElection136] INFO  impl.LeaderElection (LogUtils.java:infoOrTrace(142)) - 4c7984b5-42f1-4e4b-a334-601f88f38b33@group-7A90E47A063C-LeaderElection136 got exception when requesting votes: java.util.concurrent.ExecutionException: org.apache.ratis.thirdparty.io.grpc.StatusRuntimeException: UNAVAILABLE: io exception
2025-09-07 09:45:36,056 [4c7984b5-42f1-4e4b-a334-601f88f38b33@group-7A90E47A063C-LeaderElection136] INFO  impl.LeaderElection (LogUtils.java:infoOrTrace(142)) - 4c7984b5-42f1-4e4b-a334-601f88f38b33@group-7A90E47A063C-LeaderElection136 got exception when requesting votes: java.util.concurrent.ExecutionException: org.apache.ratis.thirdparty.io.grpc.StatusRuntimeException: UNAVAILABLE: io exception
2025-09-07 09:45:36,056 [4c7984b5-42f1-4e4b-a334-601f88f38b33@group-7A90E47A063C-LeaderElection136] INFO  impl.LeaderElection (LeaderElection.java:logAndReturn(206)) - 4c7984b5-42f1-4e4b-a334-601f88f38b33@group-7A90E47A063C-LeaderElection136: PRE_VOTE REJECTED received 0 response(s) and 2 exception(s):
2025-09-07 09:45:36,056 [4c7984b5-42f1-4e4b-a334-601f88f38b33@group-7A90E47A063C-LeaderElection136] INFO  impl.LeaderElection (LogUtils.java:infoOrTrace(142)) -   Exception 0: java.util.concurrent.ExecutionException: org.apache.ratis.thirdparty.io.grpc.StatusRuntimeException: UNAVAILABLE: io exception
2025-09-07 09:45:36,056 [4c7984b5-42f1-4e4b-a334-601f88f38b33@group-7A90E47A063C-LeaderElection136] INFO  impl.LeaderElection (LogUtils.java:infoOrTrace(142)) -   Exception 1: java.util.concurrent.ExecutionException: org.apache.ratis.thirdparty.io.grpc.StatusRuntimeException: UNAVAILABLE: io exception
2025-09-07 09:45:36,056 [4c7984b5-42f1-4e4b-a334-601f88f38b33@group-7A90E47A063C-LeaderElection136] INFO  impl.LeaderElection (LeaderElection.java:askForVotes(450)) - 4c7984b5-42f1-4e4b-a334-601f88f38b33@group-7A90E47A063C-LeaderElection136 PRE_VOTE round 0: result REJECTED
2025-09-07 09:45:36,057 [4c7984b5-42f1-4e4b-a334-601f88f38b33@group-7A90E47A063C-LeaderElection136] INFO  server.RaftServer$Division (RaftServerImpl.java:setRole(392)) - 4c7984b5-42f1-4e4b-a334-601f88f38b33@group-7A90E47A063C: changes role from CANDIDATE to FOLLOWER at term 2 for REJECTED
2025-09-07 09:45:36,057 [4c7984b5-42f1-4e4b-a334-601f88f38b33@group-7A90E47A063C-LeaderElection136] INFO  impl.RoleInfo (RoleInfo.java:shutdownLeaderElection(141)) - 4c7984b5-42f1-4e4b-a334-601f88f38b33: shutdown 4c7984b5-42f1-4e4b-a334-601f88f38b33@group-7A90E47A063C-LeaderElection136
2025-09-07 09:45:36,057 [4c7984b5-42f1-4e4b-a334-601f88f38b33@group-7A90E47A063C-LeaderElection136] INFO  impl.RoleInfo (RoleInfo.java:updateAndGet(148)) - 4c7984b5-42f1-4e4b-a334-601f88f38b33: start 4c7984b5-42f1-4e4b-a334-601f88f38b33@group-7A90E47A063C-FollowerState
2025-09-07 09:45:36,420 [4c7984b5-42f1-4e4b-a334-601f88f38b33@group-AF0CBE3D3EB0-FollowerState] INFO  impl.FollowerState (FollowerState.java:runImpl(161)) - 4c7984b5-42f1-4e4b-a334-601f88f38b33@group-AF0CBE3D3EB0-FollowerState: change to CANDIDATE, lastRpcElapsedTime:1046418113ns, electionTimeout:1046ms
2025-09-07 09:45:36,420 [4c7984b5-42f1-4e4b-a334-601f88f38b33@group-AF0CBE3D3EB0-FollowerState] INFO  impl.RoleInfo (RoleInfo.java:shutdownFollowerState(121)) - 4c7984b5-42f1-4e4b-a334-601f88f38b33: shutdown 4c7984b5-42f1-4e4b-a334-601f88f38b33@group-AF0CBE3D3EB0-FollowerState
2025-09-07 09:45:36,420 [4c7984b5-42f1-4e4b-a334-601f88f38b33@group-AF0CBE3D3EB0-FollowerState] INFO  server.RaftServer$Division (RaftServerImpl.java:setRole(392)) - 4c7984b5-42f1-4e4b-a334-601f88f38b33@group-AF0CBE3D3EB0: changes role from  FOLLOWER to CANDIDATE at term 1 for changeToCandidate
2025-09-07 09:45:36,420 [4c7984b5-42f1-4e4b-a334-601f88f38b33@group-AF0CBE3D3EB0-FollowerState] INFO  impl.RoleInfo (RoleInfo.java:updateAndGet(148)) - 4c7984b5-42f1-4e4b-a334-601f88f38b33: start 4c7984b5-42f1-4e4b-a334-601f88f38b33@group-AF0CBE3D3EB0-LeaderElection137
2025-09-07 09:45:36,420 [4c7984b5-42f1-4e4b-a334-601f88f38b33@group-AF0CBE3D3EB0-LeaderElection137] INFO  impl.LeaderElection (LeaderElection.java:askForVotes(448)) - 4c7984b5-42f1-4e4b-a334-601f88f38b33@group-AF0CBE3D3EB0-LeaderElection137 PRE_VOTE round 0: submit vote requests at term 1 for conf: {index: 0, cur=peers:[c7c0d573-77b1-47db-b09e-d84959a4a43f|127.0.0.1:15063, 486fef96-c6ec-41d9-a4ca-7ebb3d261081|127.0.0.1:15071, 4c7984b5-42f1-4e4b-a334-601f88f38b33|127.0.0.1:15079]|listeners:[], old=null}
2025-09-07 09:45:36,421 [4c7984b5-42f1-4e4b-a334-601f88f38b33@group-AF0CBE3D3EB0-LeaderElection137] INFO  impl.LeaderElection (LogUtils.java:infoOrTrace(142)) - 4c7984b5-42f1-4e4b-a334-601f88f38b33@group-AF0CBE3D3EB0-LeaderElection137 got exception when requesting votes: java.util.concurrent.ExecutionException: org.apache.ratis.thirdparty.io.grpc.StatusRuntimeException: UNAVAILABLE: io exception
2025-09-07 09:45:36,421 [4c7984b5-42f1-4e4b-a334-601f88f38b33@group-AF0CBE3D3EB0-LeaderElection137] INFO  impl.LeaderElection (LogUtils.java:infoOrTrace(142)) - 4c7984b5-42f1-4e4b-a334-601f88f38b33@group-AF0CBE3D3EB0-LeaderElection137 got exception when requesting votes: java.util.concurrent.ExecutionException: org.apache.ratis.thirdparty.io.grpc.StatusRuntimeException: UNAVAILABLE: io exception
2025-09-07 09:45:36,421 [4c7984b5-42f1-4e4b-a334-601f88f38b33@group-AF0CBE3D3EB0-LeaderElection137] INFO  impl.LeaderElection (LeaderElection.java:logAndReturn(206)) - 4c7984b5-42f1-4e4b-a334-601f88f38b33@group-AF0CBE3D3EB0-LeaderElection137: PRE_VOTE REJECTED received 0 response(s) and 2 exception(s):
2025-09-07 09:45:36,421 [4c7984b5-42f1-4e4b-a334-601f88f38b33@group-AF0CBE3D3EB0-LeaderElection137] INFO  impl.LeaderElection (LogUtils.java:infoOrTrace(142)) -   Exception 0: java.util.concurrent.ExecutionException: org.apache.ratis.thirdparty.io.grpc.StatusRuntimeException: UNAVAILABLE: io exception
2025-09-07 09:45:36,421 [4c7984b5-42f1-4e4b-a334-601f88f38b33@group-AF0CBE3D3EB0-LeaderElection137] INFO  impl.LeaderElection (LogUtils.java:infoOrTrace(142)) -   Exception 1: java.util.concurrent.ExecutionException: org.apache.ratis.thirdparty.io.grpc.StatusRuntimeException: UNAVAILABLE: io exception
2025-09-07 09:45:36,421 [4c7984b5-42f1-4e4b-a334-601f88f38b33@group-AF0CBE3D3EB0-LeaderElection137] INFO  impl.LeaderElection (LeaderElection.java:askForVotes(450)) - 4c7984b5-42f1-4e4b-a334-601f88f38b33@group-AF0CBE3D3EB0-LeaderElection137 PRE_VOTE round 0: result REJECTED
2025-09-07 09:45:36,421 [4c7984b5-42f1-4e4b-a334-601f88f38b33@group-AF0CBE3D3EB0-LeaderElection137] INFO  server.RaftServer$Division (RaftServerImpl.java:setRole(392)) - 4c7984b5-42f1-4e4b-a334-601f88f38b33@group-AF0CBE3D3EB0: changes role from CANDIDATE to FOLLOWER at term 1 for REJECTED
2025-09-07 09:45:36,421 [4c7984b5-42f1-4e4b-a334-601f88f38b33@group-AF0CBE3D3EB0-LeaderElection137] INFO  impl.RoleInfo (RoleInfo.java:shutdownLeaderElection(141)) - 4c7984b5-42f1-4e4b-a334-601f88f38b33: shutdown 4c7984b5-42f1-4e4b-a334-601f88f38b33@group-AF0CBE3D3EB0-LeaderElection137
2025-09-07 09:45:36,421 [4c7984b5-42f1-4e4b-a334-601f88f38b33@group-AF0CBE3D3EB0-LeaderElection137] INFO  impl.RoleInfo (RoleInfo.java:updateAndGet(148)) - 4c7984b5-42f1-4e4b-a334-601f88f38b33: start 4c7984b5-42f1-4e4b-a334-601f88f38b33@group-AF0CBE3D3EB0-FollowerState
2025-09-07 09:45:37,102 [4c7984b5-42f1-4e4b-a334-601f88f38b33@group-7A90E47A063C-FollowerState] INFO  impl.FollowerState (FollowerState.java:runImpl(161)) - 4c7984b5-42f1-4e4b-a334-601f88f38b33@group-7A90E47A063C-FollowerState: change to CANDIDATE, lastRpcElapsedTime:1045355963ns, electionTimeout:1045ms
2025-09-07 09:45:37,102 [4c7984b5-42f1-4e4b-a334-601f88f38b33@group-7A90E47A063C-FollowerState] INFO  impl.RoleInfo (RoleInfo.java:shutdownFollowerState(121)) - 4c7984b5-42f1-4e4b-a334-601f88f38b33: shutdown 4c7984b5-42f1-4e4b-a334-601f88f38b33@group-7A90E47A063C-FollowerState
2025-09-07 09:45:37,102 [4c7984b5-42f1-4e4b-a334-601f88f38b33@group-7A90E47A063C-FollowerState] INFO  server.RaftServer$Division (RaftServerImpl.java:setRole(392)) - 4c7984b5-42f1-4e4b-a334-601f88f38b33@group-7A90E47A063C: changes role from  FOLLOWER to CANDIDATE at term 2 for changeToCandidate
2025-09-07 09:45:37,102 [4c7984b5-42f1-4e4b-a334-601f88f38b33@group-7A90E47A063C-FollowerState] INFO  impl.RoleInfo (RoleInfo.java:updateAndGet(148)) - 4c7984b5-42f1-4e4b-a334-601f88f38b33: start 4c7984b5-42f1-4e4b-a334-601f88f38b33@group-7A90E47A063C-LeaderElection138
2025-09-07 09:45:37,103 [4c7984b5-42f1-4e4b-a334-601f88f38b33@group-7A90E47A063C-LeaderElection138] INFO  impl.LeaderElection (LeaderElection.java:askForVotes(448)) - 4c7984b5-42f1-4e4b-a334-601f88f38b33@group-7A90E47A063C-LeaderElection138 PRE_VOTE round 0: submit vote requests at term 2 for conf: {index: 17, cur=peers:[c7c0d573-77b1-47db-b09e-d84959a4a43f|127.0.0.1:15063, 486fef96-c6ec-41d9-a4ca-7ebb3d261081|127.0.0.1:15071, 4c7984b5-42f1-4e4b-a334-601f88f38b33|127.0.0.1:15079]|listeners:[], old=null}
2025-09-07 09:45:37,103 [4c7984b5-42f1-4e4b-a334-601f88f38b33@group-7A90E47A063C-LeaderElection138] INFO  impl.LeaderElection (LogUtils.java:infoOrTrace(142)) - 4c7984b5-42f1-4e4b-a334-601f88f38b33@group-7A90E47A063C-LeaderElection138 got exception when requesting votes: java.util.concurrent.ExecutionException: org.apache.ratis.thirdparty.io.grpc.StatusRuntimeException: UNAVAILABLE: io exception
2025-09-07 09:45:37,103 [4c7984b5-42f1-4e4b-a334-601f88f38b33@group-7A90E47A063C-LeaderElection138] INFO  impl.LeaderElection (LogUtils.java:infoOrTrace(142)) - 4c7984b5-42f1-4e4b-a334-601f88f38b33@group-7A90E47A063C-LeaderElection138 got exception when requesting votes: java.util.concurrent.ExecutionException: org.apache.ratis.thirdparty.io.grpc.StatusRuntimeException: UNAVAILABLE: io exception
2025-09-07 09:45:37,103 [4c7984b5-42f1-4e4b-a334-601f88f38b33@group-7A90E47A063C-LeaderElection138] INFO  impl.LeaderElection (LeaderElection.java:logAndReturn(206)) - 4c7984b5-42f1-4e4b-a334-601f88f38b33@group-7A90E47A063C-LeaderElection138: PRE_VOTE REJECTED received 0 response(s) and 2 exception(s):
2025-09-07 09:45:37,103 [4c7984b5-42f1-4e4b-a334-601f88f38b33@group-7A90E47A063C-LeaderElection138] INFO  impl.LeaderElection (LogUtils.java:infoOrTrace(142)) -   Exception 0: java.util.concurrent.ExecutionException: org.apache.ratis.thirdparty.io.grpc.StatusRuntimeException: UNAVAILABLE: io exception
2025-09-07 09:45:37,103 [4c7984b5-42f1-4e4b-a334-601f88f38b33@group-7A90E47A063C-LeaderElection138] INFO  impl.LeaderElection (LogUtils.java:infoOrTrace(142)) -   Exception 1: java.util.concurrent.ExecutionException: org.apache.ratis.thirdparty.io.grpc.StatusRuntimeException: UNAVAILABLE: io exception
2025-09-07 09:45:37,103 [4c7984b5-42f1-4e4b-a334-601f88f38b33@group-7A90E47A063C-LeaderElection138] INFO  impl.LeaderElection (LeaderElection.java:askForVotes(450)) - 4c7984b5-42f1-4e4b-a334-601f88f38b33@group-7A90E47A063C-LeaderElection138 PRE_VOTE round 0: result REJECTED
2025-09-07 09:45:37,103 [4c7984b5-42f1-4e4b-a334-601f88f38b33@group-7A90E47A063C-LeaderElection138] INFO  server.RaftServer$Division (RaftServerImpl.java:setRole(392)) - 4c7984b5-42f1-4e4b-a334-601f88f38b33@group-7A90E47A063C: changes role from CANDIDATE to FOLLOWER at term 2 for REJECTED
2025-09-07 09:45:37,103 [4c7984b5-42f1-4e4b-a334-601f88f38b33@group-7A90E47A063C-LeaderElection138] INFO  impl.RoleInfo (RoleInfo.java:shutdownLeaderElection(141)) - 4c7984b5-42f1-4e4b-a334-601f88f38b33: shutdown 4c7984b5-42f1-4e4b-a334-601f88f38b33@group-7A90E47A063C-LeaderElection138
2025-09-07 09:45:37,103 [4c7984b5-42f1-4e4b-a334-601f88f38b33@group-7A90E47A063C-LeaderElection138] INFO  impl.RoleInfo (RoleInfo.java:updateAndGet(148)) - 4c7984b5-42f1-4e4b-a334-601f88f38b33: start 4c7984b5-42f1-4e4b-a334-601f88f38b33@group-7A90E47A063C-FollowerState
2025-09-07 09:45:37,508 [4c7984b5-42f1-4e4b-a334-601f88f38b33@group-AF0CBE3D3EB0-FollowerState] INFO  impl.FollowerState (FollowerState.java:runImpl(161)) - 4c7984b5-42f1-4e4b-a334-601f88f38b33@group-AF0CBE3D3EB0-FollowerState: change to CANDIDATE, lastRpcElapsedTime:1087253445ns, electionTimeout:1087ms
2025-09-07 09:45:37,508 [4c7984b5-42f1-4e4b-a334-601f88f38b33@group-AF0CBE3D3EB0-FollowerState] INFO  impl.RoleInfo (RoleInfo.java:shutdownFollowerState(121)) - 4c7984b5-42f1-4e4b-a334-601f88f38b33: shutdown 4c7984b5-42f1-4e4b-a334-601f88f38b33@group-AF0CBE3D3EB0-FollowerState
2025-09-07 09:45:37,508 [4c7984b5-42f1-4e4b-a334-601f88f38b33@group-AF0CBE3D3EB0-FollowerState] INFO  server.RaftServer$Division (RaftServerImpl.java:setRole(392)) - 4c7984b5-42f1-4e4b-a334-601f88f38b33@group-AF0CBE3D3EB0: changes role from  FOLLOWER to CANDIDATE at term 1 for changeToCandidate
2025-09-07 09:45:37,509 [4c7984b5-42f1-4e4b-a334-601f88f38b33@group-AF0CBE3D3EB0-FollowerState] INFO  impl.RoleInfo (RoleInfo.java:updateAndGet(148)) - 4c7984b5-42f1-4e4b-a334-601f88f38b33: start 4c7984b5-42f1-4e4b-a334-601f88f38b33@group-AF0CBE3D3EB0-LeaderElection139
2025-09-07 09:45:37,509 [4c7984b5-42f1-4e4b-a334-601f88f38b33@group-AF0CBE3D3EB0-LeaderElection139] INFO  impl.LeaderElection (LeaderElection.java:askForVotes(448)) - 4c7984b5-42f1-4e4b-a334-601f88f38b33@group-AF0CBE3D3EB0-LeaderElection139 PRE_VOTE round 0: submit vote requests at term 1 for conf: {index: 0, cur=peers:[c7c0d573-77b1-47db-b09e-d84959a4a43f|127.0.0.1:15063, 486fef96-c6ec-41d9-a4ca-7ebb3d261081|127.0.0.1:15071, 4c7984b5-42f1-4e4b-a334-601f88f38b33|127.0.0.1:15079]|listeners:[], old=null}
2025-09-07 09:45:37,509 [4c7984b5-42f1-4e4b-a334-601f88f38b33@group-AF0CBE3D3EB0-LeaderElection139] INFO  impl.LeaderElection (LogUtils.java:infoOrTrace(142)) - 4c7984b5-42f1-4e4b-a334-601f88f38b33@group-AF0CBE3D3EB0-LeaderElection139 got exception when requesting votes: java.util.concurrent.ExecutionException: org.apache.ratis.thirdparty.io.grpc.StatusRuntimeException: UNAVAILABLE: io exception
2025-09-07 09:45:37,509 [4c7984b5-42f1-4e4b-a334-601f88f38b33@group-AF0CBE3D3EB0-LeaderElection139] INFO  impl.LeaderElection (LogUtils.java:infoOrTrace(142)) - 4c7984b5-42f1-4e4b-a334-601f88f38b33@group-AF0CBE3D3EB0-LeaderElection139 got exception when requesting votes: java.util.concurrent.ExecutionException: org.apache.ratis.thirdparty.io.grpc.StatusRuntimeException: UNAVAILABLE: io exception
2025-09-07 09:45:37,509 [4c7984b5-42f1-4e4b-a334-601f88f38b33@group-AF0CBE3D3EB0-LeaderElection139] INFO  impl.LeaderElection (LeaderElection.java:logAndReturn(206)) - 4c7984b5-42f1-4e4b-a334-601f88f38b33@group-AF0CBE3D3EB0-LeaderElection139: PRE_VOTE REJECTED received 0 response(s) and 2 exception(s):
2025-09-07 09:45:37,510 [4c7984b5-42f1-4e4b-a334-601f88f38b33@group-AF0CBE3D3EB0-LeaderElection139] INFO  impl.LeaderElection (LogUtils.java:infoOrTrace(142)) -   Exception 0: java.util.concurrent.ExecutionException: org.apache.ratis.thirdparty.io.grpc.StatusRuntimeException: UNAVAILABLE: io exception
2025-09-07 09:45:37,510 [4c7984b5-42f1-4e4b-a334-601f88f38b33@group-AF0CBE3D3EB0-LeaderElection139] INFO  impl.LeaderElection (LogUtils.java:infoOrTrace(142)) -   Exception 1: java.util.concurrent.ExecutionException: org.apache.ratis.thirdparty.io.grpc.StatusRuntimeException: UNAVAILABLE: io exception
2025-09-07 09:45:37,510 [4c7984b5-42f1-4e4b-a334-601f88f38b33@group-AF0CBE3D3EB0-LeaderElection139] INFO  impl.LeaderElection (LeaderElection.java:askForVotes(450)) - 4c7984b5-42f1-4e4b-a334-601f88f38b33@group-AF0CBE3D3EB0-LeaderElection139 PRE_VOTE round 0: result REJECTED
2025-09-07 09:45:37,510 [4c7984b5-42f1-4e4b-a334-601f88f38b33@group-AF0CBE3D3EB0-LeaderElection139] INFO  server.RaftServer$Division (RaftServerImpl.java:setRole(392)) - 4c7984b5-42f1-4e4b-a334-601f88f38b33@group-AF0CBE3D3EB0: changes role from CANDIDATE to FOLLOWER at term 1 for REJECTED
2025-09-07 09:45:37,510 [4c7984b5-42f1-4e4b-a334-601f88f38b33@group-AF0CBE3D3EB0-LeaderElection139] INFO  impl.RoleInfo (RoleInfo.java:shutdownLeaderElection(141)) - 4c7984b5-42f1-4e4b-a334-601f88f38b33: shutdown 4c7984b5-42f1-4e4b-a334-601f88f38b33@group-AF0CBE3D3EB0-LeaderElection139
2025-09-07 09:45:37,510 [4c7984b5-42f1-4e4b-a334-601f88f38b33@group-AF0CBE3D3EB0-LeaderElection139] INFO  impl.RoleInfo (RoleInfo.java:updateAndGet(148)) - 4c7984b5-42f1-4e4b-a334-601f88f38b33: start 4c7984b5-42f1-4e4b-a334-601f88f38b33@group-AF0CBE3D3EB0-FollowerState
2025-09-07 09:45:38,149 [4c7984b5-42f1-4e4b-a334-601f88f38b33@group-7A90E47A063C-FollowerState] INFO  impl.FollowerState (FollowerState.java:runImpl(161)) - 4c7984b5-42f1-4e4b-a334-601f88f38b33@group-7A90E47A063C-FollowerState: change to CANDIDATE, lastRpcElapsedTime:1045305370ns, electionTimeout:1045ms
2025-09-07 09:45:38,149 [4c7984b5-42f1-4e4b-a334-601f88f38b33@group-7A90E47A063C-FollowerState] INFO  impl.RoleInfo (RoleInfo.java:shutdownFollowerState(121)) - 4c7984b5-42f1-4e4b-a334-601f88f38b33: shutdown 4c7984b5-42f1-4e4b-a334-601f88f38b33@group-7A90E47A063C-FollowerState
2025-09-07 09:45:38,149 [4c7984b5-42f1-4e4b-a334-601f88f38b33@group-7A90E47A063C-FollowerState] INFO  server.RaftServer$Division (RaftServerImpl.java:setRole(392)) - 4c7984b5-42f1-4e4b-a334-601f88f38b33@group-7A90E47A063C: changes role from  FOLLOWER to CANDIDATE at term 2 for changeToCandidate
2025-09-07 09:45:38,149 [4c7984b5-42f1-4e4b-a334-601f88f38b33@group-7A90E47A063C-FollowerState] INFO  impl.RoleInfo (RoleInfo.java:updateAndGet(148)) - 4c7984b5-42f1-4e4b-a334-601f88f38b33: start 4c7984b5-42f1-4e4b-a334-601f88f38b33@group-7A90E47A063C-LeaderElection140
2025-09-07 09:45:38,149 [4c7984b5-42f1-4e4b-a334-601f88f38b33@group-7A90E47A063C-LeaderElection140] INFO  impl.LeaderElection (LeaderElection.java:askForVotes(448)) - 4c7984b5-42f1-4e4b-a334-601f88f38b33@group-7A90E47A063C-LeaderElection140 PRE_VOTE round 0: submit vote requests at term 2 for conf: {index: 17, cur=peers:[c7c0d573-77b1-47db-b09e-d84959a4a43f|127.0.0.1:15063, 486fef96-c6ec-41d9-a4ca-7ebb3d261081|127.0.0.1:15071, 4c7984b5-42f1-4e4b-a334-601f88f38b33|127.0.0.1:15079]|listeners:[], old=null}
2025-09-07 09:45:38,150 [4c7984b5-42f1-4e4b-a334-601f88f38b33@group-7A90E47A063C-LeaderElection140] INFO  impl.LeaderElection (LogUtils.java:infoOrTrace(142)) - 4c7984b5-42f1-4e4b-a334-601f88f38b33@group-7A90E47A063C-LeaderElection140 got exception when requesting votes: java.util.concurrent.ExecutionException: org.apache.ratis.thirdparty.io.grpc.StatusRuntimeException: UNAVAILABLE: io exception
2025-09-07 09:45:38,150 [4c7984b5-42f1-4e4b-a334-601f88f38b33@group-7A90E47A063C-LeaderElection140] INFO  impl.LeaderElection (LogUtils.java:infoOrTrace(142)) - 4c7984b5-42f1-4e4b-a334-601f88f38b33@group-7A90E47A063C-LeaderElection140 got exception when requesting votes: java.util.concurrent.ExecutionException: org.apache.ratis.thirdparty.io.grpc.StatusRuntimeException: UNAVAILABLE: io exception
2025-09-07 09:45:38,150 [4c7984b5-42f1-4e4b-a334-601f88f38b33@group-7A90E47A063C-LeaderElection140] INFO  impl.LeaderElection (LeaderElection.java:logAndReturn(206)) - 4c7984b5-42f1-4e4b-a334-601f88f38b33@group-7A90E47A063C-LeaderElection140: PRE_VOTE REJECTED received 0 response(s) and 2 exception(s):
2025-09-07 09:45:38,150 [4c7984b5-42f1-4e4b-a334-601f88f38b33@group-7A90E47A063C-LeaderElection140] INFO  impl.LeaderElection (LogUtils.java:infoOrTrace(142)) -   Exception 0: java.util.concurrent.ExecutionException: org.apache.ratis.thirdparty.io.grpc.StatusRuntimeException: UNAVAILABLE: io exception
2025-09-07 09:45:38,150 [4c7984b5-42f1-4e4b-a334-601f88f38b33@group-7A90E47A063C-LeaderElection140] INFO  impl.LeaderElection (LogUtils.java:infoOrTrace(142)) -   Exception 1: java.util.concurrent.ExecutionException: org.apache.ratis.thirdparty.io.grpc.StatusRuntimeException: UNAVAILABLE: io exception
2025-09-07 09:45:38,150 [4c7984b5-42f1-4e4b-a334-601f88f38b33@group-7A90E47A063C-LeaderElection140] INFO  impl.LeaderElection (LeaderElection.java:askForVotes(450)) - 4c7984b5-42f1-4e4b-a334-601f88f38b33@group-7A90E47A063C-LeaderElection140 PRE_VOTE round 0: result REJECTED
2025-09-07 09:45:38,150 [4c7984b5-42f1-4e4b-a334-601f88f38b33@group-7A90E47A063C-LeaderElection140] INFO  server.RaftServer$Division (RaftServerImpl.java:setRole(392)) - 4c7984b5-42f1-4e4b-a334-601f88f38b33@group-7A90E47A063C: changes role from CANDIDATE to FOLLOWER at term 2 for REJECTED
2025-09-07 09:45:38,150 [4c7984b5-42f1-4e4b-a334-601f88f38b33@group-7A90E47A063C-LeaderElection140] INFO  impl.RoleInfo (RoleInfo.java:shutdownLeaderElection(141)) - 4c7984b5-42f1-4e4b-a334-601f88f38b33: shutdown 4c7984b5-42f1-4e4b-a334-601f88f38b33@group-7A90E47A063C-LeaderElection140
2025-09-07 09:45:38,150 [4c7984b5-42f1-4e4b-a334-601f88f38b33@group-7A90E47A063C-LeaderElection140] INFO  impl.RoleInfo (RoleInfo.java:updateAndGet(148)) - 4c7984b5-42f1-4e4b-a334-601f88f38b33: start 4c7984b5-42f1-4e4b-a334-601f88f38b33@group-7A90E47A063C-FollowerState
2025-09-07 09:45:38,561 [4c7984b5-42f1-4e4b-a334-601f88f38b33@group-AF0CBE3D3EB0-FollowerState] INFO  impl.FollowerState (FollowerState.java:runImpl(161)) - 4c7984b5-42f1-4e4b-a334-601f88f38b33@group-AF0CBE3D3EB0-FollowerState: change to CANDIDATE, lastRpcElapsedTime:1051246913ns, electionTimeout:1051ms
2025-09-07 09:45:38,561 [4c7984b5-42f1-4e4b-a334-601f88f38b33@group-AF0CBE3D3EB0-FollowerState] INFO  impl.RoleInfo (RoleInfo.java:shutdownFollowerState(121)) - 4c7984b5-42f1-4e4b-a334-601f88f38b33: shutdown 4c7984b5-42f1-4e4b-a334-601f88f38b33@group-AF0CBE3D3EB0-FollowerState
2025-09-07 09:45:38,561 [4c7984b5-42f1-4e4b-a334-601f88f38b33@group-AF0CBE3D3EB0-FollowerState] INFO  server.RaftServer$Division (RaftServerImpl.java:setRole(392)) - 4c7984b5-42f1-4e4b-a334-601f88f38b33@group-AF0CBE3D3EB0: changes role from  FOLLOWER to CANDIDATE at term 1 for changeToCandidate
2025-09-07 09:45:38,561 [4c7984b5-42f1-4e4b-a334-601f88f38b33@group-AF0CBE3D3EB0-FollowerState] INFO  impl.RoleInfo (RoleInfo.java:updateAndGet(148)) - 4c7984b5-42f1-4e4b-a334-601f88f38b33: start 4c7984b5-42f1-4e4b-a334-601f88f38b33@group-AF0CBE3D3EB0-LeaderElection141
2025-09-07 09:45:38,562 [4c7984b5-42f1-4e4b-a334-601f88f38b33@group-AF0CBE3D3EB0-LeaderElection141] INFO  impl.LeaderElection (LeaderElection.java:askForVotes(448)) - 4c7984b5-42f1-4e4b-a334-601f88f38b33@group-AF0CBE3D3EB0-LeaderElection141 PRE_VOTE round 0: submit vote requests at term 1 for conf: {index: 0, cur=peers:[c7c0d573-77b1-47db-b09e-d84959a4a43f|127.0.0.1:15063, 486fef96-c6ec-41d9-a4ca-7ebb3d261081|127.0.0.1:15071, 4c7984b5-42f1-4e4b-a334-601f88f38b33|127.0.0.1:15079]|listeners:[], old=null}
2025-09-07 09:45:38,562 [4c7984b5-42f1-4e4b-a334-601f88f38b33@group-AF0CBE3D3EB0-LeaderElection141] INFO  impl.LeaderElection (LogUtils.java:infoOrTrace(142)) - 4c7984b5-42f1-4e4b-a334-601f88f38b33@group-AF0CBE3D3EB0-LeaderElection141 got exception when requesting votes: java.util.concurrent.ExecutionException: org.apache.ratis.thirdparty.io.grpc.StatusRuntimeException: UNAVAILABLE: io exception
2025-09-07 09:45:38,562 [4c7984b5-42f1-4e4b-a334-601f88f38b33@group-AF0CBE3D3EB0-LeaderElection141] INFO  impl.LeaderElection (LogUtils.java:infoOrTrace(142)) - 4c7984b5-42f1-4e4b-a334-601f88f38b33@group-AF0CBE3D3EB0-LeaderElection141 got exception when requesting votes: java.util.concurrent.ExecutionException: org.apache.ratis.thirdparty.io.grpc.StatusRuntimeException: UNAVAILABLE: io exception
2025-09-07 09:45:38,562 [4c7984b5-42f1-4e4b-a334-601f88f38b33@group-AF0CBE3D3EB0-LeaderElection141] INFO  impl.LeaderElection (LeaderElection.java:logAndReturn(206)) - 4c7984b5-42f1-4e4b-a334-601f88f38b33@group-AF0CBE3D3EB0-LeaderElection141: PRE_VOTE REJECTED received 0 response(s) and 2 exception(s):
2025-09-07 09:45:38,562 [4c7984b5-42f1-4e4b-a334-601f88f38b33@group-AF0CBE3D3EB0-LeaderElection141] INFO  impl.LeaderElection (LogUtils.java:infoOrTrace(142)) -   Exception 0: java.util.concurrent.ExecutionException: org.apache.ratis.thirdparty.io.grpc.StatusRuntimeException: UNAVAILABLE: io exception
2025-09-07 09:45:38,562 [4c7984b5-42f1-4e4b-a334-601f88f38b33@group-AF0CBE3D3EB0-LeaderElection141] INFO  impl.LeaderElection (LogUtils.java:infoOrTrace(142)) -   Exception 1: java.util.concurrent.ExecutionException: org.apache.ratis.thirdparty.io.grpc.StatusRuntimeException: UNAVAILABLE: io exception
2025-09-07 09:45:38,562 [4c7984b5-42f1-4e4b-a334-601f88f38b33@group-AF0CBE3D3EB0-LeaderElection141] INFO  impl.LeaderElection (LeaderElection.java:askForVotes(450)) - 4c7984b5-42f1-4e4b-a334-601f88f38b33@group-AF0CBE3D3EB0-LeaderElection141 PRE_VOTE round 0: result REJECTED
2025-09-07 09:45:38,562 [4c7984b5-42f1-4e4b-a334-601f88f38b33@group-AF0CBE3D3EB0-LeaderElection141] INFO  server.RaftServer$Division (RaftServerImpl.java:setRole(392)) - 4c7984b5-42f1-4e4b-a334-601f88f38b33@group-AF0CBE3D3EB0: changes role from CANDIDATE to FOLLOWER at term 1 for REJECTED
2025-09-07 09:45:38,562 [4c7984b5-42f1-4e4b-a334-601f88f38b33@group-AF0CBE3D3EB0-LeaderElection141] INFO  impl.RoleInfo (RoleInfo.java:shutdownLeaderElection(141)) - 4c7984b5-42f1-4e4b-a334-601f88f38b33: shutdown 4c7984b5-42f1-4e4b-a334-601f88f38b33@group-AF0CBE3D3EB0-LeaderElection141
2025-09-07 09:45:38,562 [4c7984b5-42f1-4e4b-a334-601f88f38b33@group-AF0CBE3D3EB0-LeaderElection141] INFO  impl.RoleInfo (RoleInfo.java:updateAndGet(148)) - 4c7984b5-42f1-4e4b-a334-601f88f38b33: start 4c7984b5-42f1-4e4b-a334-601f88f38b33@group-AF0CBE3D3EB0-FollowerState
2025-09-07 09:45:38,724 [grpc-default-executor-6] ERROR impl.OrderedAsync (OrderedAsync.java:lambda$null$6(215)) -  client-C3B9DB0FB337: Failed* RaftClientRequest:client-C3B9DB0FB337->c7c0d573-77b1-47db-b09e-d84959a4a43f@group-AF0CBE3D3EB0, cid=41, seq=1*, Watch(0), null
java.util.concurrent.CompletionException: java.io.IOException: org.apache.ratis.thirdparty.io.grpc.StatusRuntimeException: UNAVAILABLE: io exception
	at java.base/java.util.concurrent.CompletableFuture.encodeThrowable(CompletableFuture.java:332)
	at java.base/java.util.concurrent.CompletableFuture.completeThrowable(CompletableFuture.java:347)
	at java.base/java.util.concurrent.CompletableFuture$UniAccept.tryFire(CompletableFuture.java:708)
	at java.base/java.util.concurrent.CompletableFuture.postComplete(CompletableFuture.java:510)
	at java.base/java.util.concurrent.CompletableFuture.completeExceptionally(CompletableFuture.java:2194)
	at org.apache.ratis.grpc.client.GrpcClientProtocolClient$AsyncStreamObservers.completeReplyExceptionally(GrpcClientProtocolClient.java:397)
	at org.apache.ratis.grpc.client.GrpcClientProtocolClient$AsyncStreamObservers.access$000(GrpcClientProtocolClient.java:303)
	at org.apache.ratis.grpc.client.GrpcClientProtocolClient$AsyncStreamObservers$1.onError(GrpcClientProtocolClient.java:334)
	at org.apache.ratis.thirdparty.io.grpc.stub.ClientCalls$StreamObserverToCallListenerAdapter.onClose(ClientCalls.java:564)
	at org.apache.ratis.thirdparty.io.grpc.PartialForwardingClientCallListener.onClose(PartialForwardingClientCallListener.java:39)
	at org.apache.ratis.thirdparty.io.grpc.ForwardingClientCallListener.onClose(ForwardingClientCallListener.java:23)
	at org.apache.ratis.grpc.metrics.intercept.client.MetricClientCallListener.onClose(MetricClientCallListener.java:47)
	at org.apache.ratis.thirdparty.io.grpc.internal.ClientCallImpl.closeObserver(ClientCallImpl.java:565)
	at org.apache.ratis.thirdparty.io.grpc.internal.ClientCallImpl.access$100(ClientCallImpl.java:72)
	at org.apache.ratis.thirdparty.io.grpc.internal.ClientCallImpl$ClientStreamListenerImpl$1StreamClosed.runInternal(ClientCallImpl.java:733)
	at org.apache.ratis.thirdparty.io.grpc.internal.ClientCallImpl$ClientStreamListenerImpl$1StreamClosed.runInContext(ClientCallImpl.java:714)
	at org.apache.ratis.thirdparty.io.grpc.internal.ContextRunnable.run(ContextRunnable.java:37)
	at org.apache.ratis.thirdparty.io.grpc.internal.SerializingExecutor.run(SerializingExecutor.java:133)
	at java.base/java.util.concurrent.ThreadPoolExecutor.runWorker(ThreadPoolExecutor.java:1144)
	at java.base/java.util.concurrent.ThreadPoolExecutor$Worker.run(ThreadPoolExecutor.java:642)
	at java.base/java.lang.Thread.run(Thread.java:1583)
Caused by: java.io.IOException: org.apache.ratis.thirdparty.io.grpc.StatusRuntimeException: UNAVAILABLE: io exception
	at org.apache.ratis.grpc.GrpcUtil.unwrapException(GrpcUtil.java:99)
	at org.apache.ratis.grpc.GrpcUtil.unwrapIOException(GrpcUtil.java:159)
	at org.apache.ratis.grpc.client.GrpcClientProtocolClient$AsyncStreamObservers$1.onError(GrpcClientProtocolClient.java:333)
	... 13 more
Caused by: org.apache.ratis.thirdparty.io.grpc.StatusRuntimeException: UNAVAILABLE: io exception
	at org.apache.ratis.thirdparty.io.grpc.Status.asRuntimeException(Status.java:532)
	... 13 more
Caused by: org.apache.ratis.thirdparty.io.netty.channel.AbstractChannel$AnnotatedConnectException: finishConnect(..) failed: Connection refused: /127.0.0.1:15061
Caused by: java.net.ConnectException: finishConnect(..) failed: Connection refused
	at org.apache.ratis.thirdparty.io.netty.channel.unix.Errors.newConnectException0(Errors.java:166)
	at org.apache.ratis.thirdparty.io.netty.channel.unix.Errors.handleConnectErrno(Errors.java:131)
	at org.apache.ratis.thirdparty.io.netty.channel.unix.Socket.finishConnect(Socket.java:359)
	at org.apache.ratis.thirdparty.io.netty.channel.epoll.AbstractEpollChannel$AbstractEpollUnsafe.doFinishConnect(AbstractEpollChannel.java:715)
	at org.apache.ratis.thirdparty.io.netty.channel.epoll.AbstractEpollChannel$AbstractEpollUnsafe.finishConnect(AbstractEpollChannel.java:692)
	at org.apache.ratis.thirdparty.io.netty.channel.epoll.AbstractEpollChannel$AbstractEpollUnsafe.epollOutReady(AbstractEpollChannel.java:567)
	at org.apache.ratis.thirdparty.io.netty.channel.epoll.EpollEventLoop.processReady(EpollEventLoop.java:491)
	at org.apache.ratis.thirdparty.io.netty.channel.epoll.EpollEventLoop.run(EpollEventLoop.java:399)
	at org.apache.ratis.thirdparty.io.netty.util.concurrent.SingleThreadEventExecutor$4.run(SingleThreadEventExecutor.java:998)
	at org.apache.ratis.thirdparty.io.netty.util.internal.ThreadExecutorMap$2.run(ThreadExecutorMap.java:74)
	at org.apache.ratis.thirdparty.io.netty.util.concurrent.FastThreadLocalRunnable.run(FastThreadLocalRunnable.java:30)
	at java.base/java.lang.Thread.run(Thread.java:1583)
2025-09-07 09:45:38,724 [grpc-default-executor-6] ERROR impl.OrderedAsync (OrderedAsync.java:lambda$send$4(181)) - Failed to send request, message=null
java.util.concurrent.CompletionException: org.apache.ratis.protocol.exceptions.RaftRetryFailureException: Failed RaftClientRequest:client-C3B9DB0FB337->c7c0d573-77b1-47db-b09e-d84959a4a43f@group-AF0CBE3D3EB0, cid=41, seq=1*, Watch(0), null for 7 attempts with RequestTypeDependentRetryPolicy{WRITE->ExceptionDependentRetry(maxAttempts=2147483647; defaultPolicy=MultipleLinearRandomRetry[5x5s, 5x10s, 5x15s, 5x20s, 5x25s, 10x60s]; map={org.apache.ratis.protocol.exceptions.GroupMismatchException->NoRetry, org.apache.ratis.protocol.exceptions.NotReplicatedException->NoRetry, org.apache.ratis.protocol.exceptions.ResourceUnavailableException->org.apache.ratis.retry.ExponentialBackoffRetry@7e983ba9, org.apache.ratis.protocol.exceptions.StateMachineException->NoRetry, org.apache.ratis.protocol.exceptions.TimeoutIOException->org.apache.ratis.retry.ExponentialBackoffRetry@7e983ba9}), WATCH->ExceptionDependentRetry(maxAttempts=2147483647; defaultPolicy=MultipleLinearRandomRetry[5x5s, 5x10s, 5x15s, 5x20s, 5x25s, 10x60s]; map={org.apache.ratis.protocol.exceptions.GroupMismatchException->NoRetry, org.apache.ratis.protocol.exceptions.NotReplicatedException->NoRetry, org.apache.ratis.protocol.exceptions.ResourceUnavailableException->org.apache.ratis.retry.ExponentialBackoffRetry@7e983ba9, org.apache.ratis.protocol.exceptions.StateMachineException->NoRetry, org.apache.ratis.protocol.exceptions.TimeoutIOException->NoRetry})}
	at java.base/java.util.concurrent.CompletableFuture.encodeThrowable(CompletableFuture.java:332)
	at java.base/java.util.concurrent.CompletableFuture.completeThrowable(CompletableFuture.java:347)
	at java.base/java.util.concurrent.CompletableFuture$UniApply.tryFire(CompletableFuture.java:636)
	at java.base/java.util.concurrent.CompletableFuture.postComplete(CompletableFuture.java:510)
	at java.base/java.util.concurrent.CompletableFuture.completeExceptionally(CompletableFuture.java:2194)
	at org.apache.ratis.client.impl.OrderedAsync$PendingOrderedRequest.fail(OrderedAsync.java:111)
	at org.apache.ratis.util.SlidingWindow$Client.fail(SlidingWindow.java:395)
	at org.apache.ratis.client.impl.OrderedAsync.failAllAsyncRequests(OrderedAsync.java:155)
	at org.apache.ratis.client.impl.OrderedAsync.handleException(OrderedAsync.java:239)
	at org.apache.ratis.client.impl.OrderedAsync.lambda$sendRequestWithRetry$7(OrderedAsync.java:217)
	at java.base/java.util.concurrent.CompletableFuture.uniExceptionally(CompletableFuture.java:990)
	at java.base/java.util.concurrent.CompletableFuture$UniExceptionally.tryFire(CompletableFuture.java:974)
	at java.base/java.util.concurrent.CompletableFuture.postComplete(CompletableFuture.java:510)
	at java.base/java.util.concurrent.CompletableFuture.completeExceptionally(CompletableFuture.java:2194)
	at org.apache.ratis.grpc.client.GrpcClientProtocolClient$AsyncStreamObservers.completeReplyExceptionally(GrpcClientProtocolClient.java:397)
	at org.apache.ratis.grpc.client.GrpcClientProtocolClient$AsyncStreamObservers.access$000(GrpcClientProtocolClient.java:303)
	at org.apache.ratis.grpc.client.GrpcClientProtocolClient$AsyncStreamObservers$1.onError(GrpcClientProtocolClient.java:334)
	at org.apache.ratis.thirdparty.io.grpc.stub.ClientCalls$StreamObserverToCallListenerAdapter.onClose(ClientCalls.java:564)
	at org.apache.ratis.thirdparty.io.grpc.PartialForwardingClientCallListener.onClose(PartialForwardingClientCallListener.java:39)
	at org.apache.ratis.thirdparty.io.grpc.ForwardingClientCallListener.onClose(ForwardingClientCallListener.java:23)
	at org.apache.ratis.grpc.metrics.intercept.client.MetricClientCallListener.onClose(MetricClientCallListener.java:47)
	at org.apache.ratis.thirdparty.io.grpc.internal.ClientCallImpl.closeObserver(ClientCallImpl.java:565)
	at org.apache.ratis.thirdparty.io.grpc.internal.ClientCallImpl.access$100(ClientCallImpl.java:72)
	at org.apache.ratis.thirdparty.io.grpc.internal.ClientCallImpl$ClientStreamListenerImpl$1StreamClosed.runInternal(ClientCallImpl.java:733)
	at org.apache.ratis.thirdparty.io.grpc.internal.ClientCallImpl$ClientStreamListenerImpl$1StreamClosed.runInContext(ClientCallImpl.java:714)
	at org.apache.ratis.thirdparty.io.grpc.internal.ContextRunnable.run(ContextRunnable.java:37)
	at org.apache.ratis.thirdparty.io.grpc.internal.SerializingExecutor.run(SerializingExecutor.java:133)
	at java.base/java.util.concurrent.ThreadPoolExecutor.runWorker(ThreadPoolExecutor.java:1144)
	at java.base/java.util.concurrent.ThreadPoolExecutor$Worker.run(ThreadPoolExecutor.java:642)
	at java.base/java.lang.Thread.run(Thread.java:1583)
Caused by: org.apache.ratis.protocol.exceptions.RaftRetryFailureException: Failed RaftClientRequest:client-C3B9DB0FB337->c7c0d573-77b1-47db-b09e-d84959a4a43f@group-AF0CBE3D3EB0, cid=41, seq=1*, Watch(0), null for 7 attempts with RequestTypeDependentRetryPolicy{WRITE->ExceptionDependentRetry(maxAttempts=2147483647; defaultPolicy=MultipleLinearRandomRetry[5x5s, 5x10s, 5x15s, 5x20s, 5x25s, 10x60s]; map={org.apache.ratis.protocol.exceptions.GroupMismatchException->NoRetry, org.apache.ratis.protocol.exceptions.NotReplicatedException->NoRetry, org.apache.ratis.protocol.exceptions.ResourceUnavailableException->org.apache.ratis.retry.ExponentialBackoffRetry@7e983ba9, org.apache.ratis.protocol.exceptions.StateMachineException->NoRetry, org.apache.ratis.protocol.exceptions.TimeoutIOException->org.apache.ratis.retry.ExponentialBackoffRetry@7e983ba9}), WATCH->ExceptionDependentRetry(maxAttempts=2147483647; defaultPolicy=MultipleLinearRandomRetry[5x5s, 5x10s, 5x15s, 5x20s, 5x25s, 10x60s]; map={org.apache.ratis.protocol.exceptions.GroupMismatchException->NoRetry, org.apache.ratis.protocol.exceptions.NotReplicatedException->NoRetry, org.apache.ratis.protocol.exceptions.ResourceUnavailableException->org.apache.ratis.retry.ExponentialBackoffRetry@7e983ba9, org.apache.ratis.protocol.exceptions.StateMachineException->NoRetry, org.apache.ratis.protocol.exceptions.TimeoutIOException->NoRetry})}
	at org.apache.ratis.client.impl.RaftClientImpl.noMoreRetries(RaftClientImpl.java:352)
	... 22 more
Caused by: java.io.IOException: org.apache.ratis.thirdparty.io.grpc.StatusRuntimeException: UNAVAILABLE: io exception
	at org.apache.ratis.grpc.GrpcUtil.unwrapException(GrpcUtil.java:99)
	at org.apache.ratis.grpc.GrpcUtil.unwrapIOException(GrpcUtil.java:159)
	at org.apache.ratis.grpc.client.GrpcClientProtocolClient$AsyncStreamObservers$1.onError(GrpcClientProtocolClient.java:333)
	... 13 more
Caused by: org.apache.ratis.thirdparty.io.grpc.StatusRuntimeException: UNAVAILABLE: io exception
	at org.apache.ratis.thirdparty.io.grpc.Status.asRuntimeException(Status.java:532)
	... 13 more
Caused by: org.apache.ratis.thirdparty.io.netty.channel.AbstractChannel$AnnotatedConnectException: finishConnect(..) failed: Connection refused: /127.0.0.1:15061
Caused by: java.net.ConnectException: finishConnect(..) failed: Connection refused
	at org.apache.ratis.thirdparty.io.netty.channel.unix.Errors.newConnectException0(Errors.java:166)
	at org.apache.ratis.thirdparty.io.netty.channel.unix.Errors.handleConnectErrno(Errors.java:131)
	at org.apache.ratis.thirdparty.io.netty.channel.unix.Socket.finishConnect(Socket.java:359)
	at org.apache.ratis.thirdparty.io.netty.channel.epoll.AbstractEpollChannel$AbstractEpollUnsafe.doFinishConnect(AbstractEpollChannel.java:715)
	at org.apache.ratis.thirdparty.io.netty.channel.epoll.AbstractEpollChannel$AbstractEpollUnsafe.finishConnect(AbstractEpollChannel.java:692)
	at org.apache.ratis.thirdparty.io.netty.channel.epoll.AbstractEpollChannel$AbstractEpollUnsafe.epollOutReady(AbstractEpollChannel.java:567)
	at org.apache.ratis.thirdparty.io.netty.channel.epoll.EpollEventLoop.processReady(EpollEventLoop.java:491)
	at org.apache.ratis.thirdparty.io.netty.channel.epoll.EpollEventLoop.run(EpollEventLoop.java:399)
	at org.apache.ratis.thirdparty.io.netty.util.concurrent.SingleThreadEventExecutor$4.run(SingleThreadEventExecutor.java:998)
	at org.apache.ratis.thirdparty.io.netty.util.internal.ThreadExecutorMap$2.run(ThreadExecutorMap.java:74)
	at org.apache.ratis.thirdparty.io.netty.util.concurrent.FastThreadLocalRunnable.run(FastThreadLocalRunnable.java:30)
	at java.base/java.lang.Thread.run(Thread.java:1583)
2025-09-07 09:45:38,725 [grpc-default-executor-6] ERROR impl.OrderedAsync (OrderedAsync.java:lambda$send$4(179)) - Failed to send request, message=cmdType: WriteChunk
traceID: ""
containerID: 5
datanodeUuid: "486fef96-c6ec-41d9-a4ca-7ebb3d261081"
writeChunk {
  blockID {
    containerID: 5
    localID: 115816896921600005
    blockCommitSequenceId: 0
    replicaIndex: 0
  }
  chunkData {
    chunkName: "115816896921600005_chunk_1"
    offset: 0
    len: 524288
    checksumData {
      type: CRC32
      bytesPerChecksum: 16384
      checksums: "\326\360U\321"
      checksums: "\326\360U\321"
      checksums: "\326\360U\321"
      checksums: "\326\360U\321"
      checksums: "\326\360U\321"
      checksums: "\326\360U\321"
      checksums: "\326\360U\321"
      checksums: "\326\360U\321"
      checksums: "\326\360U\321"
      checksums: "\326\360U\321"
      checksums: "\326\360U\321"
      checksums: "\326\360U\321"
      checksums: "\326\360U\321"
      checksums: "\326\360U\321"
      checksums: "\326\360U\321"
      checksums: "\326\360U\321"
      checksums: "\326\360U\321"
      checksums: "\326\360U\321"
      checksums: "\326\360U\321"
      checksums: "\326\360U\321"
      checksums: "\326\360U\321"
      checksums: "\326\360U\321"
      checksums: "\326\360U\321"
      checksums: "\326\360U\321"
      checksums: "\326\360U\321"
      checksums: "\326\360U\321"
      checksums: "\326\360U\321"
      checksums: "\326\360U\321"
      checksums: "\326\360U\321"
      checksums: "\326\360U\321"
      checksums: "\326\360U\321"
      checksums: "a\003G\263"
    }
  }
}
version: 3
, data.size=524288 due to java.util.concurrent.CompletionException: org.apache.ratis.protocol.exceptions.AlreadyClosedException: SlidingWindow$Client:client-C3B9DB0FB337->RAFT is closed.
2025-09-07 09:45:38,725 [grpc-default-executor-6] ERROR impl.OrderedAsync (OrderedAsync.java:lambda$send$4(179)) - Failed to send request, message=cmdType: PutBlock
traceID: ""
containerID: 5
datanodeUuid: "486fef96-c6ec-41d9-a4ca-7ebb3d261081"
putBlock {
  blockData {
    blockID {
      containerID: 5
      localID: 115816896921600005
      blockCommitSequenceId: 0
    }
    metadata {
      key: "TYPE"
      value: "KEY"
    }
    chunks {
      chunkName: "115816896921600005_chunk_1"
      offset: 0
      len: 524288
      checksumData {
        type: CRC32
        bytesPerChecksum: 16384
        checksums: "\326\360U\321"
        checksums: "\326\360U\321"
        checksums: "\326\360U\321"
        checksums: "\326\360U\321"
        checksums: "\326\360U\321"
        checksums: "\326\360U\321"
        checksums: "\326\360U\321"
        checksums: "\326\360U\321"
        checksums: "\326\360U\321"
        checksums: "\326\360U\321"
        checksums: "\326\360U\321"
        checksums: "\326\360U\321"
        checksums: "\326\360U\321"
        checksums: "\326\360U\321"
        checksums: "\326\360U\321"
        checksums: "\326\360U\321"
        checksums: "\326\360U\321"
        checksums: "\326\360U\321"
        checksums: "\326\360U\321"
        checksums: "\326\360U\321"
        checksums: "\326\360U\321"
        checksums: "\326\360U\321"
        checksums: "\326\360U\321"
        checksums: "\326\360U\321"
        checksums: "\326\360U\321"
        checksums: "\326\360U\321"
        checksums: "\326\360U\321"
        checksums: "\326\360U\321"
        checksums: "\326\360U\321"
        checksums: "\326\360U\321"
        checksums: "\326\360U\321"
        checksums: "a\003G\263"
      }
    }
  }
  eof: true
}
version: 3
, data.size=0 due to java.util.concurrent.CompletionException: org.apache.ratis.protocol.exceptions.AlreadyClosedException: SlidingWindow$Client:client-C3B9DB0FB337->RAFT is closed.
2025-09-07 09:45:38,725 [ForkJoinPool-1-worker-1] WARN  io.KeyOutputStream (KeyOutputStream.java:handleExceptionInternal(377)) - Encountered exception java.io.IOException: Unexpected Storage Container Exception: java.util.concurrent.CompletionException: Failed to write chunk 115816896921600005_chunk_1 into block conID: 5 locID: 115816896921600005 bcsId: 0 replicaIndex: null on the pipeline Pipeline{ Id: 00271ae9-8e75-458f-be58-af0cbe3d3eb0, Nodes: [ {486fef96-c6ec-41d9-a4ca-7ebb3d261081(localhost/127.0.0.1), ReplicaIndex: 0}, {c7c0d573-77b1-47db-b09e-d84959a4a43f(localhost/127.0.0.1), ReplicaIndex: 0}, {4c7984b5-42f1-4e4b-a334-601f88f38b33(localhost/127.0.0.1), ReplicaIndex: 0},], ReplicationConfig: RATIS/THREE, State:OPEN, leaderId:c7c0d573-77b1-47db-b09e-d84959a4a43f, CreationTimestamp2025-09-07T09:44:03.833Z[Etc/UTC]}. The last committed block length is 0, uncommitted data length is 524288 retry count 0
2025-09-07 09:45:38,769 [ForkJoinPool-1-worker-1] INFO  io.BlockOutputStreamEntry (BlockOutputStreamEntry.java:writeOnRetry(192)) - BlockOutputStreamEntry:0a55df70-5e1b-48eb-98b2-2f3eddbdb151 conID: 6 locID: 115816896921600006 bcsId: 0 replicaIndex: null: Finish retrying with len 524288, currentPosition 524288
2025-09-07 09:45:38,769 [ForkJoinPool-1-worker-1] INFO  io.BlockOutputStreamEntry (BlockOutputStreamEntry.java:finishRetryHandling(141)) - BlockOutputStreamEntry:0a55df70-5e1b-48eb-98b2-2f3eddbdb151 conID: 6 locID: 115816896921600006 bcsId: 0 replicaIndex: null: Exiting retry handling mode
]]></system-out>
  </testcase>
  <testcase name="testBlockWritesWithDnFailures" classname="org.apache.hadoop.ozone.client.rpc.TestFailureHandlingByClient" time="69.053">
    <system-out><![CDATA[2025-09-07 09:45:38,803 [ForkJoinPool-1-worker-1] WARN  dropwizard3.Dm3MetricRegistriesImpl (Dm3MetricRegistriesImpl.java:addReporterRegistration(114)) - New reporters are added after registries were created. Some metrics will be missing from the reporter. Please add reporter before adding any new registry.
2025-09-07 09:45:38,803 [ForkJoinPool-1-worker-1] WARN  dropwizard3.Dm3MetricRegistriesImpl (Dm3MetricRegistriesImpl.java:addReporterRegistration(114)) - New reporters are added after registries were created. Some metrics will be missing from the reporter. Please add reporter before adding any new registry.
2025-09-07 09:45:38,803 [ForkJoinPool-1-worker-1] INFO  impl.MetricsSystemImpl (MetricsSystemImpl.java:init(158)) - HddsDatanode metrics system started (again)
2025-09-07 09:45:38,822 [ForkJoinPool-1-worker-1] INFO  ozone.HddsDatanodeService (HddsDatanodeService.java:start(236)) - HddsDatanodeService 486fef96-c6ec-41d9-a4ca-7ebb3d261081(localhost/127.0.0.1)
2025-09-07 09:45:38,823 [ForkJoinPool-1-worker-1] INFO  upgrade.AbstractLayoutVersionManager (AbstractLayoutVersionManager.java:init(80)) - Initializing Layout version manager with metadata layout = WITNESSED_CONTAINER_DB_PROTO_VALUE (version = 9), software layout = WITNESSED_CONTAINER_DB_PROTO_VALUE (version = 9)
2025-09-07 09:45:38,823 [ForkJoinPool-1-worker-1] INFO  statemachine.DatanodeStateMachine (DatanodeStateMachine.java:getEndPointTaskThreadPoolSize(305)) - Datanode State Machine Task Thread Pool size 2
2025-09-07 09:45:38,825 [ForkJoinPool-1-worker-1] INFO  volume.HddsVolume (HddsVolume.java:<init>(162)) - HddsVolume: { id=DS-28acb988-f0e1-4edb-963c-7151ad2f49d2 dir=/home/runner/work/ozone/ozone/hadoop-ozone/integration-test/target/test-dir/MiniOzoneClusterImpl-023d5a78-e64c-43f3-a4d9-6f7884931d6c/ozone-metadata/datanode-8/data-0/hdds type=DISK capacity=9222449699674390527 used=0 available=9222449699674390527 minFree=9222450130714624 committed=0 }
2025-09-07 09:45:38,826 [ForkJoinPool-1-worker-1] INFO  volume.MutableVolumeSet (MutableVolumeSet.java:initializeVolumeSet(175)) - Added Volume : /home/runner/work/ozone/ozone/hadoop-ozone/integration-test/target/test-dir/MiniOzoneClusterImpl-023d5a78-e64c-43f3-a4d9-6f7884931d6c/ozone-metadata/datanode-8/data-0/hdds to VolumeSet
2025-09-07 09:45:38,826 [ForkJoinPool-1-worker-1] INFO  volume.MutableVolumeSet (MutableVolumeSet.java:initializeVolumeSet(175)) - Added Volume : /home/runner/work/ozone/ozone/hadoop-ozone/integration-test/target/test-dir/MiniOzoneClusterImpl-023d5a78-e64c-43f3-a4d9-6f7884931d6c/ozone-metadata/datanode-8/ratis to VolumeSet
2025-09-07 09:45:38,845 [ForkJoinPool.commonPool-worker-3] INFO  utils.DatanodeStoreCache (DatanodeStoreCache.java:addDB(70)) - Added db /home/runner/work/ozone/ozone/hadoop-ozone/integration-test/target/test-dir/MiniOzoneClusterImpl-023d5a78-e64c-43f3-a4d9-6f7884931d6c/ozone-metadata/datanode-8/data-0/hdds/023d5a78-e64c-43f3-a4d9-6f7884931d6c/DS-28acb988-f0e1-4edb-963c-7151ad2f49d2/container.db to cache
2025-09-07 09:45:38,845 [ForkJoinPool.commonPool-worker-3] INFO  volume.HddsVolume (HddsVolume.java:loadDbStore(517)) - SchemaV3 db is loaded at /home/runner/work/ozone/ozone/hadoop-ozone/integration-test/target/test-dir/MiniOzoneClusterImpl-023d5a78-e64c-43f3-a4d9-6f7884931d6c/ozone-metadata/datanode-8/data-0/hdds/023d5a78-e64c-43f3-a4d9-6f7884931d6c/DS-28acb988-f0e1-4edb-963c-7151ad2f49d2/container.db for volume DS-28acb988-f0e1-4edb-963c-7151ad2f49d2
2025-09-07 09:45:38,845 [ForkJoinPool-1-worker-1] INFO  ozoneimpl.OzoneContainer (HddsVolumeUtil.java:loadAllHddsVolumeDbStore(102)) - Load 1 volumes DbStore cost: 19ms
2025-09-07 09:45:38,845 [ForkJoinPool-1-worker-1] WARN  db.DBStoreBuilder (DBStoreBuilder.java:getDBDirPath(158)) - ozone.scm.datanode.id.dir is not configured. We recommend adding this setting. Falling back to ozone.metadata.dirs instead.
2025-09-07 09:45:38,846 [ForkJoinPool-1-worker-1] WARN  db.DBStoreBuilder (DBStoreBuilder.java:getDBDirPath(158)) - ozone.scm.datanode.id.dir is not configured. We recommend adding this setting. Falling back to ozone.metadata.dirs instead.
2025-09-07 09:45:38,860 [ForkJoinPool-1-worker-1] INFO  impl.FilePerChunkStrategy (FilePerChunkStrategy.java:<init>(79)) - ozone.chunk.read.mapped.buffer.max.count is load with 0
2025-09-07 09:45:38,860 [ForkJoinPool-1-worker-1] INFO  impl.FilePerBlockStrategy (FilePerBlockStrategy.java:<init>(88)) - ozone.chunk.read.mapped.buffer.max.count is load with 0
2025-09-07 09:45:38,860 [ForkJoinPool-1-worker-1] INFO  server.RaftServerConfigKeys (ConfUtils.java:logGet(62)) - raft.server.log.appender.buffer.byte-limit = 33554432 (custom)
2025-09-07 09:45:38,862 [ForkJoinPool-1-worker-1] INFO  grpc.GrpcConfigKeys (ConfUtils.java:logFallback(69)) - raft.grpc.admin.host = null (fallback to raft.grpc.server.host)
2025-09-07 09:45:38,862 [ForkJoinPool-1-worker-1] INFO  grpc.GrpcConfigKeys (ConfUtils.java:logGet(62)) - raft.grpc.admin.port = 15070 (custom)
2025-09-07 09:45:38,862 [ForkJoinPool-1-worker-1] INFO  grpc.GrpcConfigKeys (ConfUtils.java:logFallback(69)) - raft.grpc.client.host = null (fallback to raft.grpc.server.host)
2025-09-07 09:45:38,862 [ForkJoinPool-1-worker-1] INFO  grpc.GrpcConfigKeys (ConfUtils.java:logGet(62)) - raft.grpc.client.port = 15069 (custom)
2025-09-07 09:45:38,862 [ForkJoinPool-1-worker-1] INFO  grpc.GrpcConfigKeys (ConfUtils.java:logGet(62)) - raft.grpc.server.port = 15071 (custom)
2025-09-07 09:45:38,862 [ForkJoinPool-1-worker-1] INFO  server.GrpcServicesImpl (ConfUtils.java:logGet(62)) - raft.grpc.message.size.max = 34603008 (custom)
2025-09-07 09:45:38,863 [ForkJoinPool-1-worker-1] INFO  server.GrpcServicesImpl (ConfUtils.java:logGet(62)) - raft.grpc.flow.control.window = 5MB (=5242880) (custom)
2025-09-07 09:45:38,863 [ForkJoinPool-1-worker-1] INFO  server.RaftServerConfigKeys (ConfUtils.java:logGet(62)) - raft.server.log.appender.buffer.byte-limit = 33554432 (custom)
2025-09-07 09:45:38,864 [ForkJoinPool-1-worker-1] INFO  netty.NettyUtils (NettyUtils.java:newEventLoopGroup(74)) - Create EpollEventLoopGroup for 486fef96-c6ec-41d9-a4ca-7ebb3d261081-NettyServerStreamRpc-bossGroup; Thread size is 0.
2025-09-07 09:45:38,865 [ForkJoinPool-1-worker-1] INFO  netty.NettyUtils (NettyUtils.java:newEventLoopGroup(74)) - Create EpollEventLoopGroup for 486fef96-c6ec-41d9-a4ca-7ebb3d261081-NettyServerStreamRpc-workerGroup; Thread size is 0.
2025-09-07 09:45:38,865 [ForkJoinPool-1-worker-1] INFO  netty.NettyConfigKeys$DataStream (ConfUtils.java:logGet(62)) - raft.netty.dataStream.port = 15072 (custom)
2025-09-07 09:45:38,866 [ForkJoinPool-1-worker-1] INFO  server.RaftServerConfigKeys (ConfUtils.java:logGet(62)) - raft.server.storage.dir = [/home/runner/work/ozone/ozone/hadoop-ozone/integration-test/target/test-dir/MiniOzoneClusterImpl-023d5a78-e64c-43f3-a4d9-6f7884931d6c/ozone-metadata/datanode-8/ratis] (custom)
2025-09-07 09:45:38,866 [486fef96-c6ec-41d9-a4ca-7ebb3d261081-NettyServerStreamRpc-bossGroup--thread1] INFO  logging.LoggingHandler (AbstractInternalLogger.java:log(148)) - [id: 0xcb7cb59e] REGISTERED
2025-09-07 09:45:38,866 [486fef96-c6ec-41d9-a4ca-7ebb3d261081-NettyServerStreamRpc-bossGroup--thread1] INFO  logging.LoggingHandler (AbstractInternalLogger.java:log(148)) - [id: 0xcb7cb59e] BIND: 0.0.0.0/0.0.0.0:15072
2025-09-07 09:45:38,866 [486fef96-c6ec-41d9-a4ca-7ebb3d261081-NettyServerStreamRpc-bossGroup--thread1] INFO  logging.LoggingHandler (AbstractInternalLogger.java:log(148)) - [id: 0xcb7cb59e, L:/0.0.0.0:15072] ACTIVE
2025-09-07 09:45:38,866 [486fef96-c6ec-41d9-a4ca-7ebb3d261081-impl-thread1] INFO  server.RaftServer (RaftServerProxy.java:initGroupDir(270)) - 486fef96-c6ec-41d9-a4ca-7ebb3d261081: found a subdirectory /home/runner/work/ozone/ozone/hadoop-ozone/integration-test/target/test-dir/MiniOzoneClusterImpl-023d5a78-e64c-43f3-a4d9-6f7884931d6c/ozone-metadata/datanode-8/ratis/00271ae9-8e75-458f-be58-af0cbe3d3eb0
2025-09-07 09:45:38,867 [486fef96-c6ec-41d9-a4ca-7ebb3d261081-impl-thread1] INFO  server.RaftServer (RaftServerProxy.java:addNew(105)) - 486fef96-c6ec-41d9-a4ca-7ebb3d261081: addNew group-AF0CBE3D3EB0:[] returns group-AF0CBE3D3EB0:java.util.concurrent.CompletableFuture@6bb1e542[Not completed]
2025-09-07 09:45:38,867 [486fef96-c6ec-41d9-a4ca-7ebb3d261081-impl-thread1] INFO  server.RaftServer (RaftServerProxy.java:initGroupDir(270)) - 486fef96-c6ec-41d9-a4ca-7ebb3d261081: found a subdirectory /home/runner/work/ozone/ozone/hadoop-ozone/integration-test/target/test-dir/MiniOzoneClusterImpl-023d5a78-e64c-43f3-a4d9-6f7884931d6c/ozone-metadata/datanode-8/ratis/ca43f102-4fc8-4b2e-baf8-a6d30a1c9e4d
2025-09-07 09:45:38,868 [486fef96-c6ec-41d9-a4ca-7ebb3d261081-impl-thread1] INFO  server.RaftServer (RaftServerProxy.java:addNew(105)) - 486fef96-c6ec-41d9-a4ca-7ebb3d261081: addNew group-A6D30A1C9E4D:[] returns group-A6D30A1C9E4D:java.util.concurrent.CompletableFuture@172a0aa1[Not completed]
2025-09-07 09:45:38,868 [486fef96-c6ec-41d9-a4ca-7ebb3d261081-impl-thread1] INFO  server.RaftServer (RaftServerProxy.java:initGroupDir(270)) - 486fef96-c6ec-41d9-a4ca-7ebb3d261081: found a subdirectory /home/runner/work/ozone/ozone/hadoop-ozone/integration-test/target/test-dir/MiniOzoneClusterImpl-023d5a78-e64c-43f3-a4d9-6f7884931d6c/ozone-metadata/datanode-8/ratis/tmp
2025-09-07 09:45:38,868 [486fef96-c6ec-41d9-a4ca-7ebb3d261081-impl-thread1] INFO  server.RaftServer (RaftServerProxy.java:initGroupDir(275)) - 486fef96-c6ec-41d9-a4ca-7ebb3d261081: The directory /home/runner/work/ozone/ozone/hadoop-ozone/integration-test/target/test-dir/MiniOzoneClusterImpl-023d5a78-e64c-43f3-a4d9-6f7884931d6c/ozone-metadata/datanode-8/ratis/tmp is not a group directory; ignoring it. 
2025-09-07 09:45:38,868 [486fef96-c6ec-41d9-a4ca-7ebb3d261081-groupManagement] INFO  server.RaftServer$Division (RaftServerImpl.java:<init>(268)) - 486fef96-c6ec-41d9-a4ca-7ebb3d261081: new RaftServerImpl for group-AF0CBE3D3EB0:[] with ContainerStateMachine:uninitialized
2025-09-07 09:45:38,868 [486fef96-c6ec-41d9-a4ca-7ebb3d261081-impl-thread1] INFO  server.RaftServer (RaftServerProxy.java:initGroupDir(270)) - 486fef96-c6ec-41d9-a4ca-7ebb3d261081: found a subdirectory /home/runner/work/ozone/ozone/hadoop-ozone/integration-test/target/test-dir/MiniOzoneClusterImpl-023d5a78-e64c-43f3-a4d9-6f7884931d6c/ozone-metadata/datanode-8/ratis/c966e9dd-f994-4bc9-96f7-7a90e47a063c
2025-09-07 09:45:38,869 [486fef96-c6ec-41d9-a4ca-7ebb3d261081-impl-thread1] INFO  server.RaftServer (RaftServerProxy.java:addNew(105)) - 486fef96-c6ec-41d9-a4ca-7ebb3d261081: addNew group-7A90E47A063C:[] returns group-7A90E47A063C:java.util.concurrent.CompletableFuture@5a10c81a[Not completed]
2025-09-07 09:45:38,869 [486fef96-c6ec-41d9-a4ca-7ebb3d261081-groupManagement] INFO  server.RaftServer$Division (ServerState.java:<init>(114)) - 486fef96-c6ec-41d9-a4ca-7ebb3d261081@group-AF0CBE3D3EB0: ConfigurationManager, init=conf: {index: -1, cur=peers:[]|listeners:[], old=null}, confs=<EMPTY_MAP>
2025-09-07 09:45:38,869 [ForkJoinPool-1-worker-1] INFO  replication.ReplicationServer (ReplicationServer.java:<init>(84)) - Initializing replication server with thread count = 10 queue length = 4096
2025-09-07 09:45:38,871 [ForkJoinPool-1-worker-1] INFO  server.XceiverServerGrpc (XceiverServerGrpc.java:<init>(130)) - GrpcServer channel type EpollServerSocketChannel
2025-09-07 09:45:38,873 [ForkJoinPool-1-worker-1] INFO  replication.ReplicationSupervisor (ReplicationSupervisor.java:build(169)) - Initializing replication supervisor with thread count = 10
2025-09-07 09:45:38,873 [ForkJoinPool-1-worker-1] INFO  replication.ReplicationSupervisor (ReplicationSupervisor.java:nodeStateUpdated(358)) - Node state updated to IN_SERVICE, scaling executor pool size to 10
2025-09-07 09:45:38,875 [486fef96-c6ec-41d9-a4ca-7ebb3d261081-groupManagement] INFO  server.RaftServer$Division (RaftServerImpl.java:<init>(268)) - 486fef96-c6ec-41d9-a4ca-7ebb3d261081: new RaftServerImpl for group-A6D30A1C9E4D:[] with ContainerStateMachine:uninitialized
2025-09-07 09:45:38,875 [486fef96-c6ec-41d9-a4ca-7ebb3d261081-groupManagement] INFO  server.RaftServer$Division (ServerState.java:<init>(114)) - 486fef96-c6ec-41d9-a4ca-7ebb3d261081@group-A6D30A1C9E4D: ConfigurationManager, init=conf: {index: -1, cur=peers:[]|listeners:[], old=null}, confs=<EMPTY_MAP>
2025-09-07 09:45:38,878 [ForkJoinPool-1-worker-1] INFO  http.BaseHttpServer (BaseHttpServer.java:newHttpServer2BuilderForOzone(227)) - Starting Web-server for hddsDatanode at: http://0.0.0.0:15066
2025-09-07 09:45:38,878 [ForkJoinPool-1-worker-1] INFO  http.BaseHttpServer (BaseHttpServer.java:<init>(105)) - Hadoop Security Enabled: false Ozone Security Enabled: false Ozone HTTP Security Enabled: false 
2025-09-07 09:45:38,880 [ForkJoinPool-1-worker-1] WARN  server.AuthenticationFilter (AuthenticationFilter.java:constructSecretProvider(240)) - Unable to initialize FileSignerSecretProvider, falling back to use random secrets. Reason: Could not read signature secret file: /home/runner/hadoop-http-auth-signature-secret
2025-09-07 09:45:38,880 [486fef96-c6ec-41d9-a4ca-7ebb3d261081-groupManagement] INFO  server.RaftServer$Division (RaftServerImpl.java:<init>(268)) - 486fef96-c6ec-41d9-a4ca-7ebb3d261081: new RaftServerImpl for group-7A90E47A063C:[] with ContainerStateMachine:uninitialized
2025-09-07 09:45:38,881 [486fef96-c6ec-41d9-a4ca-7ebb3d261081-groupManagement] INFO  server.RaftServer$Division (ServerState.java:<init>(114)) - 486fef96-c6ec-41d9-a4ca-7ebb3d261081@group-7A90E47A063C: ConfigurationManager, init=conf: {index: -1, cur=peers:[]|listeners:[], old=null}, confs=<EMPTY_MAP>
2025-09-07 09:45:38,884 [ForkJoinPool-1-worker-1] INFO  http.HttpServer2 (HttpServer2.java:addGlobalFilter(1041)) - Added global filter 'safety' (class=org.apache.hadoop.hdds.server.http.HttpServer2$QuotingInputFilter)
2025-09-07 09:45:38,885 [ForkJoinPool-1-worker-1] INFO  http.HttpServer2 (HttpServer2.java:addFilter(1017)) - Added filter static_user_filter (class=org.apache.hadoop.http.lib.StaticUserWebFilter$StaticUserFilter) to context hddsDatanode
2025-09-07 09:45:38,885 [ForkJoinPool-1-worker-1] INFO  http.HttpServer2 (HttpServer2.java:addFilter(1025)) - Added filter static_user_filter (class=org.apache.hadoop.http.lib.StaticUserWebFilter$StaticUserFilter) to context logs
2025-09-07 09:45:38,885 [ForkJoinPool-1-worker-1] INFO  http.HttpServer2 (HttpServer2.java:addFilter(1025)) - Added filter static_user_filter (class=org.apache.hadoop.http.lib.StaticUserWebFilter$StaticUserFilter) to context static
2025-09-07 09:45:38,885 [ForkJoinPool-1-worker-1] INFO  http.BaseHttpServer (BaseHttpServer.java:<init>(193)) - HTTP server of hddsDatanode uses base directory /home/runner/work/ozone/ozone/hadoop-ozone/integration-test/target/test-dir/MiniOzoneClusterImpl-023d5a78-e64c-43f3-a4d9-6f7884931d6c/scm/ozone-metadata/webserver
2025-09-07 09:45:38,886 [ForkJoinPool-1-worker-1] INFO  http.HttpServer2 (HttpServer2.java:bindListener(1241)) - Jetty bound to port 15066
2025-09-07 09:45:38,886 [ForkJoinPool-1-worker-1] INFO  server.Server (Server.java:doStart(375)) - jetty-9.4.58.v20250814; built: 2025-08-14T02:28:49.637Z; git: 8f1440587e9e4ae7db3d74cf205643f3d707148d; jvm 21.0.8+9-LTS
2025-09-07 09:45:38,887 [ForkJoinPool-1-worker-1] INFO  server.session (DefaultSessionIdManager.java:doStart(334)) - DefaultSessionIdManager workerName=node0
2025-09-07 09:45:38,888 [ForkJoinPool-1-worker-1] INFO  server.session (DefaultSessionIdManager.java:doStart(339)) - No SessionScavenger set, using defaults
2025-09-07 09:45:38,888 [ForkJoinPool-1-worker-1] INFO  server.session (HouseKeeper.java:startScavenging(132)) - node0 Scavenging every 660000ms
2025-09-07 09:45:38,888 [ForkJoinPool-1-worker-1] INFO  handler.ContextHandler (ContextHandler.java:doStart(921)) - Started o.e.j.s.ServletContextHandler@41c31ed6{logs,/logs,file:///home/runner/work/ozone/ozone/hadoop-ozone/integration-test/target/log,AVAILABLE}
2025-09-07 09:45:38,889 [ForkJoinPool-1-worker-1] INFO  handler.ContextHandler (ContextHandler.java:doStart(921)) - Started o.e.j.s.ServletContextHandler@3041aeae{static,/static,jar:file:/home/runner/work/ozone/ozone/hadoop-hdds/container-service/target/hdds-container-service-2.1.0-SNAPSHOT.jar!/webapps/static,AVAILABLE}
2025-09-07 09:45:39,042 [ForkJoinPool-1-worker-1] INFO  handler.ContextHandler (ContextHandler.java:doStart(921)) - Started o.e.j.w.WebAppContext@6720caaf{hddsDatanode,/,file:///home/runner/work/ozone/ozone/hadoop-ozone/integration-test/target/test-dir/MiniOzoneClusterImpl-023d5a78-e64c-43f3-a4d9-6f7884931d6c/scm/ozone-metadata/webserver/jetty-0_0_0_0-15066-hdds-container-service-2_1_0-SNAPSHOT_jar-_-any-15154072323047213992/webapp/,AVAILABLE}{jar:file:/home/runner/work/ozone/ozone/hadoop-hdds/container-service/target/hdds-container-service-2.1.0-SNAPSHOT.jar!/webapps/hddsDatanode}
2025-09-07 09:45:39,043 [ForkJoinPool-1-worker-1] INFO  server.AbstractConnector (AbstractConnector.java:doStart(333)) - Started ServerConnector@521f7bef{HTTP/1.1, (http/1.1)}{0.0.0.0:15066}
2025-09-07 09:45:39,043 [ForkJoinPool-1-worker-1] INFO  server.Server (Server.java:doStart(415)) - Started @109789ms
2025-09-07 09:45:39,043 [ForkJoinPool-1-worker-1] WARN  impl.MetricsSystemImpl (MetricsSystemImpl.java:register(279)) - Sink prometheus already exists!
2025-09-07 09:45:39,043 [ForkJoinPool-1-worker-1] INFO  http.BaseHttpServer (BaseHttpServer.java:updateConnectorAddress(357)) - HTTP server of hddsDatanode listening at http://localhost:15066
2025-09-07 09:45:39,044 [ForkJoinPool-1-worker-1] INFO  ipc.CallQueueManager (CallQueueManager.java:<init>(93)) - Using callQueue: class java.util.concurrent.LinkedBlockingQueue, queueCapacity: 1000, scheduler: class org.apache.hadoop.ipc.DefaultRpcScheduler, ipcBackoff: false, ipcFailOver: false.
2025-09-07 09:45:39,044 [ForkJoinPool-1-worker-1] INFO  ipc.Server (Server.java:<init>(1438)) - Listener at 0.0.0.0:15067
2025-09-07 09:45:39,044 [Socket Reader #1 for port 15067] INFO  ipc.Server (Server.java:run(1474)) - Starting Socket Reader #1 for port 15067
2025-09-07 09:45:39,045 [Socket Reader #2 for port 15067] INFO  ipc.Server (Server.java:run(1474)) - Starting Socket Reader #2 for port 15067
2025-09-07 09:45:39,045 [Socket Reader #3 for port 15067] INFO  ipc.Server (Server.java:run(1474)) - Starting Socket Reader #3 for port 15067
2025-09-07 09:45:39,045 [Socket Reader #4 for port 15067] INFO  ipc.Server (Server.java:run(1474)) - Starting Socket Reader #4 for port 15067
2025-09-07 09:45:39,045 [Socket Reader #5 for port 15067] INFO  ipc.Server (Server.java:run(1474)) - Starting Socket Reader #5 for port 15067
2025-09-07 09:45:39,045 [Socket Reader #6 for port 15067] INFO  ipc.Server (Server.java:run(1474)) - Starting Socket Reader #6 for port 15067
2025-09-07 09:45:39,046 [Socket Reader #8 for port 15067] INFO  ipc.Server (Server.java:run(1474)) - Starting Socket Reader #8 for port 15067
2025-09-07 09:45:39,046 [Socket Reader #7 for port 15067] INFO  ipc.Server (Server.java:run(1474)) - Starting Socket Reader #7 for port 15067
2025-09-07 09:45:39,046 [Socket Reader #10 for port 15067] INFO  ipc.Server (Server.java:run(1474)) - Starting Socket Reader #10 for port 15067
2025-09-07 09:45:39,046 [Socket Reader #9 for port 15067] INFO  ipc.Server (Server.java:run(1474)) - Starting Socket Reader #9 for port 15067
2025-09-07 09:45:39,047 [ForkJoinPool-1-worker-1] INFO  ozone.HddsDatanodeService (HddsDatanodeService.java:start(333)) - Datanode start with admins: [admin, runner]
2025-09-07 09:45:39,047 [ForkJoinPool-1-worker-1] INFO  ozone.HddsDatanodeClientProtocolServer (HddsDatanodeClientProtocolServer.java:start(76)) - RPC server for Client /0.0.0.0:15067
2025-09-07 09:45:39,048 [IPC Server Responder] INFO  ipc.Server (Server.java:run(1713)) - IPC Server Responder: starting
2025-09-07 09:45:39,048 [IPC Server listener on 15067] INFO  ipc.Server (Server.java:run(1553)) - IPC Server listener on 15067: starting
2025-09-07 09:45:39,051 [486fef96-c6ec-41d9-a4ca-7ebb3d261081-DatanodeStateMachineDaemonThread] INFO  statemachine.DatanodeStateMachine (DatanodeStateMachine.java:startStateMachineThread(347)) - Ozone container server started.
2025-09-07 09:45:39,051 [ForkJoinPool-1-worker-1] WARN  dropwizard3.Dm3MetricRegistriesImpl (Dm3MetricRegistriesImpl.java:addReporterRegistration(114)) - New reporters are added after registries were created. Some metrics will be missing from the reporter. Please add reporter before adding any new registry.
2025-09-07 09:45:39,052 [ForkJoinPool-1-worker-1] WARN  dropwizard3.Dm3MetricRegistriesImpl (Dm3MetricRegistriesImpl.java:addReporterRegistration(114)) - New reporters are added after registries were created. Some metrics will be missing from the reporter. Please add reporter before adding any new registry.
2025-09-07 09:45:39,052 [ForkJoinPool-1-worker-1] INFO  impl.MetricsSystemImpl (MetricsSystemImpl.java:init(158)) - HddsDatanode metrics system started (again)
2025-09-07 09:45:39,055 [486fef96-c6ec-41d9-a4ca-7ebb3d261081-DatanodeStateMachineTaskThread-0] INFO  datanode.InitDatanodeState (InitDatanodeState.java:persistContainerDatanodeDetails(139)) - DatanodeDetails is persisted to /home/runner/work/ozone/ozone/hadoop-ozone/integration-test/target/test-dir/MiniOzoneClusterImpl-023d5a78-e64c-43f3-a4d9-6f7884931d6c/ozone-metadata/datanode-8/ozone-metadata/datanode.id
2025-09-07 09:45:39,073 [ForkJoinPool-1-worker-1] INFO  ozone.HddsDatanodeService (HddsDatanodeService.java:start(236)) - HddsDatanodeService c7c0d573-77b1-47db-b09e-d84959a4a43f(localhost/127.0.0.1)
2025-09-07 09:45:39,074 [ForkJoinPool-1-worker-1] INFO  upgrade.AbstractLayoutVersionManager (AbstractLayoutVersionManager.java:init(80)) - Initializing Layout version manager with metadata layout = WITNESSED_CONTAINER_DB_PROTO_VALUE (version = 9), software layout = WITNESSED_CONTAINER_DB_PROTO_VALUE (version = 9)
2025-09-07 09:45:39,074 [ForkJoinPool-1-worker-1] INFO  statemachine.DatanodeStateMachine (DatanodeStateMachine.java:getEndPointTaskThreadPoolSize(305)) - Datanode State Machine Task Thread Pool size 2
2025-09-07 09:45:39,077 [ForkJoinPool-1-worker-1] INFO  volume.HddsVolume (HddsVolume.java:<init>(162)) - HddsVolume: { id=DS-7d6b5525-c31c-4cde-b529-f7d3e2c4ede0 dir=/home/runner/work/ozone/ozone/hadoop-ozone/integration-test/target/test-dir/MiniOzoneClusterImpl-023d5a78-e64c-43f3-a4d9-6f7884931d6c/ozone-metadata/datanode-7/data-0/hdds type=DISK capacity=9222449699674390527 used=0 available=9222449699674390527 minFree=9222450130714624 committed=0 }
2025-09-07 09:45:39,077 [ForkJoinPool-1-worker-1] INFO  volume.MutableVolumeSet (MutableVolumeSet.java:initializeVolumeSet(175)) - Added Volume : /home/runner/work/ozone/ozone/hadoop-ozone/integration-test/target/test-dir/MiniOzoneClusterImpl-023d5a78-e64c-43f3-a4d9-6f7884931d6c/ozone-metadata/datanode-7/data-0/hdds to VolumeSet
2025-09-07 09:45:39,078 [ForkJoinPool-1-worker-1] INFO  volume.MutableVolumeSet (MutableVolumeSet.java:initializeVolumeSet(175)) - Added Volume : /home/runner/work/ozone/ozone/hadoop-ozone/integration-test/target/test-dir/MiniOzoneClusterImpl-023d5a78-e64c-43f3-a4d9-6f7884931d6c/ozone-metadata/datanode-7/ratis to VolumeSet
2025-09-07 09:45:39,100 [ForkJoinPool.commonPool-worker-3] INFO  utils.DatanodeStoreCache (DatanodeStoreCache.java:addDB(70)) - Added db /home/runner/work/ozone/ozone/hadoop-ozone/integration-test/target/test-dir/MiniOzoneClusterImpl-023d5a78-e64c-43f3-a4d9-6f7884931d6c/ozone-metadata/datanode-7/data-0/hdds/023d5a78-e64c-43f3-a4d9-6f7884931d6c/DS-7d6b5525-c31c-4cde-b529-f7d3e2c4ede0/container.db to cache
2025-09-07 09:45:39,101 [ForkJoinPool.commonPool-worker-3] INFO  volume.HddsVolume (HddsVolume.java:loadDbStore(517)) - SchemaV3 db is loaded at /home/runner/work/ozone/ozone/hadoop-ozone/integration-test/target/test-dir/MiniOzoneClusterImpl-023d5a78-e64c-43f3-a4d9-6f7884931d6c/ozone-metadata/datanode-7/data-0/hdds/023d5a78-e64c-43f3-a4d9-6f7884931d6c/DS-7d6b5525-c31c-4cde-b529-f7d3e2c4ede0/container.db for volume DS-7d6b5525-c31c-4cde-b529-f7d3e2c4ede0
2025-09-07 09:45:39,101 [ForkJoinPool-1-worker-1] INFO  ozoneimpl.OzoneContainer (HddsVolumeUtil.java:loadAllHddsVolumeDbStore(102)) - Load 1 volumes DbStore cost: 22ms
2025-09-07 09:45:39,101 [ForkJoinPool-1-worker-1] WARN  db.DBStoreBuilder (DBStoreBuilder.java:getDBDirPath(158)) - ozone.scm.datanode.id.dir is not configured. We recommend adding this setting. Falling back to ozone.metadata.dirs instead.
2025-09-07 09:45:39,102 [ForkJoinPool-1-worker-1] WARN  db.DBStoreBuilder (DBStoreBuilder.java:getDBDirPath(158)) - ozone.scm.datanode.id.dir is not configured. We recommend adding this setting. Falling back to ozone.metadata.dirs instead.
2025-09-07 09:45:39,112 [ForkJoinPool-1-worker-1] INFO  impl.FilePerChunkStrategy (FilePerChunkStrategy.java:<init>(79)) - ozone.chunk.read.mapped.buffer.max.count is load with 0
2025-09-07 09:45:39,112 [ForkJoinPool-1-worker-1] INFO  impl.FilePerBlockStrategy (FilePerBlockStrategy.java:<init>(88)) - ozone.chunk.read.mapped.buffer.max.count is load with 0
2025-09-07 09:45:39,113 [ForkJoinPool-1-worker-1] INFO  server.RaftServerConfigKeys (ConfUtils.java:logGet(62)) - raft.server.log.appender.buffer.byte-limit = 33554432 (custom)
2025-09-07 09:45:39,114 [ForkJoinPool-1-worker-1] INFO  grpc.GrpcConfigKeys (ConfUtils.java:logFallback(69)) - raft.grpc.admin.host = null (fallback to raft.grpc.server.host)
2025-09-07 09:45:39,114 [ForkJoinPool-1-worker-1] INFO  grpc.GrpcConfigKeys (ConfUtils.java:logGet(62)) - raft.grpc.admin.port = 15062 (custom)
2025-09-07 09:45:39,114 [ForkJoinPool-1-worker-1] INFO  grpc.GrpcConfigKeys (ConfUtils.java:logFallback(69)) - raft.grpc.client.host = null (fallback to raft.grpc.server.host)
2025-09-07 09:45:39,114 [ForkJoinPool-1-worker-1] INFO  grpc.GrpcConfigKeys (ConfUtils.java:logGet(62)) - raft.grpc.client.port = 15061 (custom)
2025-09-07 09:45:39,114 [ForkJoinPool-1-worker-1] INFO  grpc.GrpcConfigKeys (ConfUtils.java:logGet(62)) - raft.grpc.server.port = 15063 (custom)
2025-09-07 09:45:39,114 [ForkJoinPool-1-worker-1] INFO  server.GrpcServicesImpl (ConfUtils.java:logGet(62)) - raft.grpc.message.size.max = 34603008 (custom)
2025-09-07 09:45:39,114 [ForkJoinPool-1-worker-1] INFO  server.GrpcServicesImpl (ConfUtils.java:logGet(62)) - raft.grpc.flow.control.window = 5MB (=5242880) (custom)
2025-09-07 09:45:39,115 [ForkJoinPool-1-worker-1] INFO  server.RaftServerConfigKeys (ConfUtils.java:logGet(62)) - raft.server.log.appender.buffer.byte-limit = 33554432 (custom)
2025-09-07 09:45:39,116 [ForkJoinPool-1-worker-1] INFO  netty.NettyUtils (NettyUtils.java:newEventLoopGroup(74)) - Create EpollEventLoopGroup for c7c0d573-77b1-47db-b09e-d84959a4a43f-NettyServerStreamRpc-bossGroup; Thread size is 0.
2025-09-07 09:45:39,117 [ForkJoinPool-1-worker-1] INFO  netty.NettyUtils (NettyUtils.java:newEventLoopGroup(74)) - Create EpollEventLoopGroup for c7c0d573-77b1-47db-b09e-d84959a4a43f-NettyServerStreamRpc-workerGroup; Thread size is 0.
2025-09-07 09:45:39,117 [ForkJoinPool-1-worker-1] INFO  netty.NettyConfigKeys$DataStream (ConfUtils.java:logGet(62)) - raft.netty.dataStream.port = 15064 (custom)
2025-09-07 09:45:39,117 [ForkJoinPool-1-worker-1] INFO  server.RaftServerConfigKeys (ConfUtils.java:logGet(62)) - raft.server.storage.dir = [/home/runner/work/ozone/ozone/hadoop-ozone/integration-test/target/test-dir/MiniOzoneClusterImpl-023d5a78-e64c-43f3-a4d9-6f7884931d6c/ozone-metadata/datanode-7/ratis] (custom)
2025-09-07 09:45:39,118 [c7c0d573-77b1-47db-b09e-d84959a4a43f-NettyServerStreamRpc-bossGroup--thread1] INFO  logging.LoggingHandler (AbstractInternalLogger.java:log(148)) - [id: 0x00c5864d] REGISTERED
2025-09-07 09:45:39,118 [c7c0d573-77b1-47db-b09e-d84959a4a43f-NettyServerStreamRpc-bossGroup--thread1] INFO  logging.LoggingHandler (AbstractInternalLogger.java:log(148)) - [id: 0x00c5864d] BIND: 0.0.0.0/0.0.0.0:15064
2025-09-07 09:45:39,118 [c7c0d573-77b1-47db-b09e-d84959a4a43f-impl-thread1] INFO  server.RaftServer (RaftServerProxy.java:initGroupDir(270)) - c7c0d573-77b1-47db-b09e-d84959a4a43f: found a subdirectory /home/runner/work/ozone/ozone/hadoop-ozone/integration-test/target/test-dir/MiniOzoneClusterImpl-023d5a78-e64c-43f3-a4d9-6f7884931d6c/ozone-metadata/datanode-7/ratis/00271ae9-8e75-458f-be58-af0cbe3d3eb0
2025-09-07 09:45:39,118 [c7c0d573-77b1-47db-b09e-d84959a4a43f-NettyServerStreamRpc-bossGroup--thread1] INFO  logging.LoggingHandler (AbstractInternalLogger.java:log(148)) - [id: 0x00c5864d, L:/0.0.0.0:15064] ACTIVE
2025-09-07 09:45:39,118 [c7c0d573-77b1-47db-b09e-d84959a4a43f-impl-thread1] INFO  server.RaftServer (RaftServerProxy.java:addNew(105)) - c7c0d573-77b1-47db-b09e-d84959a4a43f: addNew group-AF0CBE3D3EB0:[] returns group-AF0CBE3D3EB0:java.util.concurrent.CompletableFuture@dbe8cb[Not completed]
2025-09-07 09:45:39,118 [c7c0d573-77b1-47db-b09e-d84959a4a43f-impl-thread1] INFO  server.RaftServer (RaftServerProxy.java:initGroupDir(270)) - c7c0d573-77b1-47db-b09e-d84959a4a43f: found a subdirectory /home/runner/work/ozone/ozone/hadoop-ozone/integration-test/target/test-dir/MiniOzoneClusterImpl-023d5a78-e64c-43f3-a4d9-6f7884931d6c/ozone-metadata/datanode-7/ratis/tmp
2025-09-07 09:45:39,119 [c7c0d573-77b1-47db-b09e-d84959a4a43f-impl-thread1] INFO  server.RaftServer (RaftServerProxy.java:initGroupDir(275)) - c7c0d573-77b1-47db-b09e-d84959a4a43f: The directory /home/runner/work/ozone/ozone/hadoop-ozone/integration-test/target/test-dir/MiniOzoneClusterImpl-023d5a78-e64c-43f3-a4d9-6f7884931d6c/ozone-metadata/datanode-7/ratis/tmp is not a group directory; ignoring it. 
2025-09-07 09:45:39,119 [c7c0d573-77b1-47db-b09e-d84959a4a43f-impl-thread1] INFO  server.RaftServer (RaftServerProxy.java:initGroupDir(270)) - c7c0d573-77b1-47db-b09e-d84959a4a43f: found a subdirectory /home/runner/work/ozone/ozone/hadoop-ozone/integration-test/target/test-dir/MiniOzoneClusterImpl-023d5a78-e64c-43f3-a4d9-6f7884931d6c/ozone-metadata/datanode-7/ratis/83208cbc-1a5b-4af7-83c4-3c9828298815
2025-09-07 09:45:39,119 [c7c0d573-77b1-47db-b09e-d84959a4a43f-impl-thread1] INFO  server.RaftServer (RaftServerProxy.java:addNew(105)) - c7c0d573-77b1-47db-b09e-d84959a4a43f: addNew group-3C9828298815:[] returns group-3C9828298815:java.util.concurrent.CompletableFuture@47164781[Not completed]
2025-09-07 09:45:39,119 [c7c0d573-77b1-47db-b09e-d84959a4a43f-impl-thread1] INFO  server.RaftServer (RaftServerProxy.java:initGroupDir(270)) - c7c0d573-77b1-47db-b09e-d84959a4a43f: found a subdirectory /home/runner/work/ozone/ozone/hadoop-ozone/integration-test/target/test-dir/MiniOzoneClusterImpl-023d5a78-e64c-43f3-a4d9-6f7884931d6c/ozone-metadata/datanode-7/ratis/c966e9dd-f994-4bc9-96f7-7a90e47a063c
2025-09-07 09:45:39,119 [c7c0d573-77b1-47db-b09e-d84959a4a43f-impl-thread1] INFO  server.RaftServer (RaftServerProxy.java:addNew(105)) - c7c0d573-77b1-47db-b09e-d84959a4a43f: addNew group-7A90E47A063C:[] returns group-7A90E47A063C:java.util.concurrent.CompletableFuture@3111ccf1[Not completed]
2025-09-07 09:45:39,119 [ForkJoinPool-1-worker-1] INFO  replication.ReplicationServer (ReplicationServer.java:<init>(84)) - Initializing replication server with thread count = 10 queue length = 4096
2025-09-07 09:45:39,120 [ForkJoinPool-1-worker-1] INFO  server.XceiverServerGrpc (XceiverServerGrpc.java:<init>(130)) - GrpcServer channel type EpollServerSocketChannel
2025-09-07 09:45:39,120 [c7c0d573-77b1-47db-b09e-d84959a4a43f-groupManagement] INFO  server.RaftServer$Division (RaftServerImpl.java:<init>(268)) - c7c0d573-77b1-47db-b09e-d84959a4a43f: new RaftServerImpl for group-AF0CBE3D3EB0:[] with ContainerStateMachine:uninitialized
2025-09-07 09:45:39,121 [c7c0d573-77b1-47db-b09e-d84959a4a43f-groupManagement] INFO  server.RaftServer$Division (ServerState.java:<init>(114)) - c7c0d573-77b1-47db-b09e-d84959a4a43f@group-AF0CBE3D3EB0: ConfigurationManager, init=conf: {index: -1, cur=peers:[]|listeners:[], old=null}, confs=<EMPTY_MAP>
2025-09-07 09:45:39,121 [ForkJoinPool-1-worker-1] INFO  replication.ReplicationSupervisor (ReplicationSupervisor.java:build(169)) - Initializing replication supervisor with thread count = 10
2025-09-07 09:45:39,121 [ForkJoinPool-1-worker-1] INFO  replication.ReplicationSupervisor (ReplicationSupervisor.java:nodeStateUpdated(358)) - Node state updated to IN_SERVICE, scaling executor pool size to 10
2025-09-07 09:45:39,124 [ForkJoinPool-1-worker-1] INFO  http.BaseHttpServer (BaseHttpServer.java:newHttpServer2BuilderForOzone(227)) - Starting Web-server for hddsDatanode at: http://0.0.0.0:15058
2025-09-07 09:45:39,124 [ForkJoinPool-1-worker-1] INFO  http.BaseHttpServer (BaseHttpServer.java:<init>(105)) - Hadoop Security Enabled: false Ozone Security Enabled: false Ozone HTTP Security Enabled: false 
2025-09-07 09:45:39,125 [ForkJoinPool-1-worker-1] WARN  server.AuthenticationFilter (AuthenticationFilter.java:constructSecretProvider(240)) - Unable to initialize FileSignerSecretProvider, falling back to use random secrets. Reason: Could not read signature secret file: /home/runner/hadoop-http-auth-signature-secret
2025-09-07 09:45:39,127 [c7c0d573-77b1-47db-b09e-d84959a4a43f-groupManagement] INFO  server.RaftServer$Division (RaftServerImpl.java:<init>(268)) - c7c0d573-77b1-47db-b09e-d84959a4a43f: new RaftServerImpl for group-3C9828298815:[] with ContainerStateMachine:uninitialized
2025-09-07 09:45:39,127 [c7c0d573-77b1-47db-b09e-d84959a4a43f-groupManagement] INFO  server.RaftServer$Division (ServerState.java:<init>(114)) - c7c0d573-77b1-47db-b09e-d84959a4a43f@group-3C9828298815: ConfigurationManager, init=conf: {index: -1, cur=peers:[]|listeners:[], old=null}, confs=<EMPTY_MAP>
2025-09-07 09:45:39,127 [ForkJoinPool-1-worker-1] INFO  http.HttpServer2 (HttpServer2.java:addGlobalFilter(1041)) - Added global filter 'safety' (class=org.apache.hadoop.hdds.server.http.HttpServer2$QuotingInputFilter)
2025-09-07 09:45:39,129 [ForkJoinPool-1-worker-1] INFO  http.HttpServer2 (HttpServer2.java:addFilter(1017)) - Added filter static_user_filter (class=org.apache.hadoop.http.lib.StaticUserWebFilter$StaticUserFilter) to context hddsDatanode
2025-09-07 09:45:39,129 [ForkJoinPool-1-worker-1] INFO  http.HttpServer2 (HttpServer2.java:addFilter(1025)) - Added filter static_user_filter (class=org.apache.hadoop.http.lib.StaticUserWebFilter$StaticUserFilter) to context static
2025-09-07 09:45:39,129 [ForkJoinPool-1-worker-1] INFO  http.HttpServer2 (HttpServer2.java:addFilter(1025)) - Added filter static_user_filter (class=org.apache.hadoop.http.lib.StaticUserWebFilter$StaticUserFilter) to context logs
2025-09-07 09:45:39,129 [ForkJoinPool-1-worker-1] INFO  http.BaseHttpServer (BaseHttpServer.java:<init>(193)) - HTTP server of hddsDatanode uses base directory /home/runner/work/ozone/ozone/hadoop-ozone/integration-test/target/test-dir/MiniOzoneClusterImpl-023d5a78-e64c-43f3-a4d9-6f7884931d6c/scm/ozone-metadata/webserver
2025-09-07 09:45:39,130 [ForkJoinPool-1-worker-1] INFO  http.HttpServer2 (HttpServer2.java:bindListener(1241)) - Jetty bound to port 15058
2025-09-07 09:45:39,130 [ForkJoinPool-1-worker-1] INFO  server.Server (Server.java:doStart(375)) - jetty-9.4.58.v20250814; built: 2025-08-14T02:28:49.637Z; git: 8f1440587e9e4ae7db3d74cf205643f3d707148d; jvm 21.0.8+9-LTS
2025-09-07 09:45:39,133 [ForkJoinPool-1-worker-1] INFO  server.session (DefaultSessionIdManager.java:doStart(334)) - DefaultSessionIdManager workerName=node0
2025-09-07 09:45:39,134 [c7c0d573-77b1-47db-b09e-d84959a4a43f-groupManagement] INFO  server.RaftServer$Division (RaftServerImpl.java:<init>(268)) - c7c0d573-77b1-47db-b09e-d84959a4a43f: new RaftServerImpl for group-7A90E47A063C:[] with ContainerStateMachine:uninitialized
2025-09-07 09:45:39,134 [c7c0d573-77b1-47db-b09e-d84959a4a43f-groupManagement] INFO  server.RaftServer$Division (ServerState.java:<init>(114)) - c7c0d573-77b1-47db-b09e-d84959a4a43f@group-7A90E47A063C: ConfigurationManager, init=conf: {index: -1, cur=peers:[]|listeners:[], old=null}, confs=<EMPTY_MAP>
2025-09-07 09:45:39,134 [ForkJoinPool-1-worker-1] INFO  server.session (DefaultSessionIdManager.java:doStart(339)) - No SessionScavenger set, using defaults
2025-09-07 09:45:39,135 [ForkJoinPool-1-worker-1] INFO  server.session (HouseKeeper.java:startScavenging(132)) - node0 Scavenging every 600000ms
2025-09-07 09:45:39,136 [ForkJoinPool-1-worker-1] INFO  handler.ContextHandler (ContextHandler.java:doStart(921)) - Started o.e.j.s.ServletContextHandler@78f2a3fc{logs,/logs,file:///home/runner/work/ozone/ozone/hadoop-ozone/integration-test/target/log,AVAILABLE}
2025-09-07 09:45:39,136 [ForkJoinPool-1-worker-1] INFO  handler.ContextHandler (ContextHandler.java:doStart(921)) - Started o.e.j.s.ServletContextHandler@4f923256{static,/static,jar:file:/home/runner/work/ozone/ozone/hadoop-hdds/container-service/target/hdds-container-service-2.1.0-SNAPSHOT.jar!/webapps/static,AVAILABLE}
2025-09-07 09:45:39,298 [ForkJoinPool-1-worker-1] INFO  handler.ContextHandler (ContextHandler.java:doStart(921)) - Started o.e.j.w.WebAppContext@2f6e9547{hddsDatanode,/,file:///home/runner/work/ozone/ozone/hadoop-ozone/integration-test/target/test-dir/MiniOzoneClusterImpl-023d5a78-e64c-43f3-a4d9-6f7884931d6c/scm/ozone-metadata/webserver/jetty-0_0_0_0-15058-hdds-container-service-2_1_0-SNAPSHOT_jar-_-any-9652816101322875504/webapp/,AVAILABLE}{jar:file:/home/runner/work/ozone/ozone/hadoop-hdds/container-service/target/hdds-container-service-2.1.0-SNAPSHOT.jar!/webapps/hddsDatanode}
2025-09-07 09:45:39,299 [ForkJoinPool-1-worker-1] INFO  server.AbstractConnector (AbstractConnector.java:doStart(333)) - Started ServerConnector@1e8f2a60{HTTP/1.1, (http/1.1)}{0.0.0.0:15058}
2025-09-07 09:45:39,299 [ForkJoinPool-1-worker-1] INFO  server.Server (Server.java:doStart(415)) - Started @110045ms
2025-09-07 09:45:39,299 [ForkJoinPool-1-worker-1] WARN  impl.MetricsSystemImpl (MetricsSystemImpl.java:register(279)) - Sink prometheus already exists!
2025-09-07 09:45:39,299 [ForkJoinPool-1-worker-1] INFO  http.BaseHttpServer (BaseHttpServer.java:updateConnectorAddress(357)) - HTTP server of hddsDatanode listening at http://localhost:15058
2025-09-07 09:45:39,300 [ForkJoinPool-1-worker-1] INFO  ipc.CallQueueManager (CallQueueManager.java:<init>(93)) - Using callQueue: class java.util.concurrent.LinkedBlockingQueue, queueCapacity: 1000, scheduler: class org.apache.hadoop.ipc.DefaultRpcScheduler, ipcBackoff: false, ipcFailOver: false.
2025-09-07 09:45:39,300 [ForkJoinPool-1-worker-1] INFO  ipc.Server (Server.java:<init>(1438)) - Listener at 0.0.0.0:15059
2025-09-07 09:45:39,300 [Socket Reader #1 for port 15059] INFO  ipc.Server (Server.java:run(1474)) - Starting Socket Reader #1 for port 15059
2025-09-07 09:45:39,301 [Socket Reader #2 for port 15059] INFO  ipc.Server (Server.java:run(1474)) - Starting Socket Reader #2 for port 15059
2025-09-07 09:45:39,301 [Socket Reader #3 for port 15059] INFO  ipc.Server (Server.java:run(1474)) - Starting Socket Reader #3 for port 15059
2025-09-07 09:45:39,302 [Socket Reader #4 for port 15059] INFO  ipc.Server (Server.java:run(1474)) - Starting Socket Reader #4 for port 15059
2025-09-07 09:45:39,302 [Socket Reader #5 for port 15059] INFO  ipc.Server (Server.java:run(1474)) - Starting Socket Reader #5 for port 15059
2025-09-07 09:45:39,302 [Socket Reader #6 for port 15059] INFO  ipc.Server (Server.java:run(1474)) - Starting Socket Reader #6 for port 15059
2025-09-07 09:45:39,302 [Socket Reader #7 for port 15059] INFO  ipc.Server (Server.java:run(1474)) - Starting Socket Reader #7 for port 15059
2025-09-07 09:45:39,302 [Socket Reader #8 for port 15059] INFO  ipc.Server (Server.java:run(1474)) - Starting Socket Reader #8 for port 15059
2025-09-07 09:45:39,302 [4c7984b5-42f1-4e4b-a334-601f88f38b33@group-7A90E47A063C-FollowerState] INFO  impl.FollowerState (FollowerState.java:runImpl(161)) - 4c7984b5-42f1-4e4b-a334-601f88f38b33@group-7A90E47A063C-FollowerState: change to CANDIDATE, lastRpcElapsedTime:1152262074ns, electionTimeout:1152ms
2025-09-07 09:45:39,303 [4c7984b5-42f1-4e4b-a334-601f88f38b33@group-7A90E47A063C-FollowerState] INFO  impl.RoleInfo (RoleInfo.java:shutdownFollowerState(121)) - 4c7984b5-42f1-4e4b-a334-601f88f38b33: shutdown 4c7984b5-42f1-4e4b-a334-601f88f38b33@group-7A90E47A063C-FollowerState
2025-09-07 09:45:39,303 [Socket Reader #10 for port 15059] INFO  ipc.Server (Server.java:run(1474)) - Starting Socket Reader #10 for port 15059
2025-09-07 09:45:39,303 [4c7984b5-42f1-4e4b-a334-601f88f38b33@group-7A90E47A063C-FollowerState] INFO  server.RaftServer$Division (RaftServerImpl.java:setRole(392)) - 4c7984b5-42f1-4e4b-a334-601f88f38b33@group-7A90E47A063C: changes role from  FOLLOWER to CANDIDATE at term 2 for changeToCandidate
2025-09-07 09:45:39,303 [4c7984b5-42f1-4e4b-a334-601f88f38b33@group-7A90E47A063C-FollowerState] INFO  impl.RoleInfo (RoleInfo.java:updateAndGet(148)) - 4c7984b5-42f1-4e4b-a334-601f88f38b33: start 4c7984b5-42f1-4e4b-a334-601f88f38b33@group-7A90E47A063C-LeaderElection142
2025-09-07 09:45:39,303 [4c7984b5-42f1-4e4b-a334-601f88f38b33@group-7A90E47A063C-LeaderElection142] INFO  impl.LeaderElection (LeaderElection.java:askForVotes(448)) - 4c7984b5-42f1-4e4b-a334-601f88f38b33@group-7A90E47A063C-LeaderElection142 PRE_VOTE round 0: submit vote requests at term 2 for conf: {index: 17, cur=peers:[c7c0d573-77b1-47db-b09e-d84959a4a43f|127.0.0.1:15063, 486fef96-c6ec-41d9-a4ca-7ebb3d261081|127.0.0.1:15071, 4c7984b5-42f1-4e4b-a334-601f88f38b33|127.0.0.1:15079]|listeners:[], old=null}
2025-09-07 09:45:39,304 [Socket Reader #9 for port 15059] INFO  ipc.Server (Server.java:run(1474)) - Starting Socket Reader #9 for port 15059
2025-09-07 09:45:39,304 [4c7984b5-42f1-4e4b-a334-601f88f38b33@group-7A90E47A063C-LeaderElection142] INFO  impl.LeaderElection (LogUtils.java:infoOrTrace(142)) - 4c7984b5-42f1-4e4b-a334-601f88f38b33@group-7A90E47A063C-LeaderElection142 got exception when requesting votes: java.util.concurrent.ExecutionException: org.apache.ratis.thirdparty.io.grpc.StatusRuntimeException: UNAVAILABLE: io exception
2025-09-07 09:45:39,304 [4c7984b5-42f1-4e4b-a334-601f88f38b33@group-7A90E47A063C-LeaderElection142] INFO  impl.LeaderElection (LogUtils.java:infoOrTrace(142)) - 4c7984b5-42f1-4e4b-a334-601f88f38b33@group-7A90E47A063C-LeaderElection142 got exception when requesting votes: java.util.concurrent.ExecutionException: org.apache.ratis.thirdparty.io.grpc.StatusRuntimeException: UNAVAILABLE: io exception
2025-09-07 09:45:39,305 [4c7984b5-42f1-4e4b-a334-601f88f38b33@group-7A90E47A063C-LeaderElection142] INFO  impl.LeaderElection (LeaderElection.java:logAndReturn(206)) - 4c7984b5-42f1-4e4b-a334-601f88f38b33@group-7A90E47A063C-LeaderElection142: PRE_VOTE REJECTED received 0 response(s) and 2 exception(s):
2025-09-07 09:45:39,305 [4c7984b5-42f1-4e4b-a334-601f88f38b33@group-7A90E47A063C-LeaderElection142] INFO  impl.LeaderElection (LogUtils.java:infoOrTrace(142)) -   Exception 0: java.util.concurrent.ExecutionException: org.apache.ratis.thirdparty.io.grpc.StatusRuntimeException: UNAVAILABLE: io exception
2025-09-07 09:45:39,305 [4c7984b5-42f1-4e4b-a334-601f88f38b33@group-7A90E47A063C-LeaderElection142] INFO  impl.LeaderElection (LogUtils.java:infoOrTrace(142)) -   Exception 1: java.util.concurrent.ExecutionException: org.apache.ratis.thirdparty.io.grpc.StatusRuntimeException: UNAVAILABLE: io exception
2025-09-07 09:45:39,305 [ForkJoinPool-1-worker-1] INFO  ozone.HddsDatanodeService (HddsDatanodeService.java:start(333)) - Datanode start with admins: [admin, runner]
2025-09-07 09:45:39,305 [ForkJoinPool-1-worker-1] INFO  ozone.HddsDatanodeClientProtocolServer (HddsDatanodeClientProtocolServer.java:start(76)) - RPC server for Client /0.0.0.0:15059
2025-09-07 09:45:39,305 [4c7984b5-42f1-4e4b-a334-601f88f38b33@group-7A90E47A063C-LeaderElection142] INFO  impl.LeaderElection (LeaderElection.java:askForVotes(450)) - 4c7984b5-42f1-4e4b-a334-601f88f38b33@group-7A90E47A063C-LeaderElection142 PRE_VOTE round 0: result REJECTED
2025-09-07 09:45:39,305 [4c7984b5-42f1-4e4b-a334-601f88f38b33@group-7A90E47A063C-LeaderElection142] INFO  server.RaftServer$Division (RaftServerImpl.java:setRole(392)) - 4c7984b5-42f1-4e4b-a334-601f88f38b33@group-7A90E47A063C: changes role from CANDIDATE to FOLLOWER at term 2 for REJECTED
2025-09-07 09:45:39,305 [4c7984b5-42f1-4e4b-a334-601f88f38b33@group-7A90E47A063C-LeaderElection142] INFO  impl.RoleInfo (RoleInfo.java:shutdownLeaderElection(141)) - 4c7984b5-42f1-4e4b-a334-601f88f38b33: shutdown 4c7984b5-42f1-4e4b-a334-601f88f38b33@group-7A90E47A063C-LeaderElection142
2025-09-07 09:45:39,305 [4c7984b5-42f1-4e4b-a334-601f88f38b33@group-7A90E47A063C-LeaderElection142] INFO  impl.RoleInfo (RoleInfo.java:updateAndGet(148)) - 4c7984b5-42f1-4e4b-a334-601f88f38b33: start 4c7984b5-42f1-4e4b-a334-601f88f38b33@group-7A90E47A063C-FollowerState
2025-09-07 09:45:39,306 [IPC Server Responder] INFO  ipc.Server (Server.java:run(1713)) - IPC Server Responder: starting
2025-09-07 09:45:39,306 [IPC Server listener on 15059] INFO  ipc.Server (Server.java:run(1553)) - IPC Server listener on 15059: starting
2025-09-07 09:45:39,308 [ForkJoinPool-1-worker-1] INFO  ozone.MiniOzoneClusterImpl (MiniOzoneClusterImpl.java:lambda$waitForClusterToBeReady$0(181)) - Nodes are ready. Got 10 of 10 DN Heartbeats.
2025-09-07 09:45:39,308 [ForkJoinPool-1-worker-1] INFO  ozone.MiniOzoneClusterImpl (MiniOzoneClusterImpl.java:lambda$waitForClusterToBeReady$0(184)) - Cluster exits safe mode
2025-09-07 09:45:39,308 [ForkJoinPool-1-worker-1] INFO  ozone.MiniOzoneClusterImpl (MiniOzoneClusterImpl.java:lambda$waitForClusterToBeReady$0(186)) - SCM became leader
2025-09-07 09:45:39,311 [c7c0d573-77b1-47db-b09e-d84959a4a43f-DatanodeStateMachineDaemonThread] INFO  statemachine.DatanodeStateMachine (DatanodeStateMachine.java:startStateMachineThread(347)) - Ozone container server started.
2025-09-07 09:45:39,315 [c7c0d573-77b1-47db-b09e-d84959a4a43f-DatanodeStateMachineTaskThread-0] INFO  datanode.InitDatanodeState (InitDatanodeState.java:persistContainerDatanodeDetails(139)) - DatanodeDetails is persisted to /home/runner/work/ozone/ozone/hadoop-ozone/integration-test/target/test-dir/MiniOzoneClusterImpl-023d5a78-e64c-43f3-a4d9-6f7884931d6c/ozone-metadata/datanode-7/ozone-metadata/datanode.id
2025-09-07 09:45:39,383 [ForkJoinPool-1-worker-1] INFO  ozoneimpl.OzoneContainer (OzoneContainer.java:stop(549)) - Attempting to stop container services.
2025-09-07 09:45:39,383 [ContainerMetadataScanner] WARN  ozoneimpl.AbstractBackgroundContainerScanner (AbstractBackgroundContainerScanner.java:handleRemainingSleep(136)) - Background container scan was interrupted.
2025-09-07 09:45:39,384 [ContainerMetadataScanner] INFO  ozoneimpl.AbstractBackgroundContainerScanner (AbstractBackgroundContainerScanner.java:run(63)) - org.apache.hadoop.ozone.container.ozoneimpl.BackgroundContainerMetadataScanner@77c72ff1 exiting.
2025-09-07 09:45:39,384 [ForkJoinPool-1-worker-1] INFO  ozoneimpl.BackgroundContainerDataScanner (BackgroundContainerDataScanner.java:shutdown(87)) - ContainerDataScanner(/home/runner/work/ozone/ozone/hadoop-ozone/integration-test/target/test-dir/MiniOzoneClusterImpl-023d5a78-e64c-43f3-a4d9-6f7884931d6c/ozone-metadata/datanode-5/data-0/hdds) is shutting down. 
2025-09-07 09:45:39,384 [ContainerDataScanner(/home/runner/work/ozone/ozone/hadoop-ozone/integration-test/target/test-dir/MiniOzoneClusterImpl-023d5a78-e64c-43f3-a4d9-6f7884931d6c/ozone-metadata/datanode-5/data-0/hdds)] WARN  ozoneimpl.AbstractBackgroundContainerScanner (AbstractBackgroundContainerScanner.java:handleRemainingSleep(136)) - Background container scan was interrupted.
2025-09-07 09:45:39,384 [ContainerDataScanner(/home/runner/work/ozone/ozone/hadoop-ozone/integration-test/target/test-dir/MiniOzoneClusterImpl-023d5a78-e64c-43f3-a4d9-6f7884931d6c/ozone-metadata/datanode-5/data-0/hdds)] INFO  ozoneimpl.AbstractBackgroundContainerScanner (AbstractBackgroundContainerScanner.java:run(63)) - ContainerDataScanner(/home/runner/work/ozone/ozone/hadoop-ozone/integration-test/target/test-dir/MiniOzoneClusterImpl-023d5a78-e64c-43f3-a4d9-6f7884931d6c/ozone-metadata/datanode-5/data-0/hdds, DS-ba4d3214-2eca-4c53-96e2-3c88d4f4b29f) exiting.
2025-09-07 09:45:39,385 [ForkJoinPool-1-worker-1] INFO  ozoneimpl.OnDemandContainerScanner (OnDemandContainerScanner.java:shutdown(141)) - On-demand container scanner is shutting down.
2025-09-07 09:45:39,385 [ForkJoinPool-1-worker-1] INFO  ratis.XceiverServerRatis (XceiverServerRatis.java:stop(597)) - Closing XceiverServerRatis(90a60b70-6b91-4fb2-a612-7ac0b6911dfc)
2025-09-07 09:45:39,385 [ForkJoinPool-1-worker-1] INFO  server.RaftServer (RaftServerProxy.java:lambda$close$9(422)) - 90a60b70-6b91-4fb2-a612-7ac0b6911dfc: close
2025-09-07 09:45:39,385 [90a60b70-6b91-4fb2-a612-7ac0b6911dfc-impl-thread2] INFO  server.RaftServer$Division (RaftServerImpl.java:lambda$close$1(527)) - 90a60b70-6b91-4fb2-a612-7ac0b6911dfc@group-8AB8E1487AAF: shutdown
2025-09-07 09:45:39,386 [90a60b70-6b91-4fb2-a612-7ac0b6911dfc-impl-thread2] INFO  util.JmxRegister (JmxRegister.java:unregister(74)) - Successfully un-registered JMX Bean with object name Ratis:service=RaftServer,group=group-8AB8E1487AAF,id=90a60b70-6b91-4fb2-a612-7ac0b6911dfc
2025-09-07 09:45:39,386 [90a60b70-6b91-4fb2-a612-7ac0b6911dfc-impl-thread2] INFO  impl.RoleInfo (RoleInfo.java:shutdownLeaderState(103)) - 90a60b70-6b91-4fb2-a612-7ac0b6911dfc: shutdown 90a60b70-6b91-4fb2-a612-7ac0b6911dfc@group-8AB8E1487AAF-LeaderStateImpl
2025-09-07 09:45:39,386 [90a60b70-6b91-4fb2-a612-7ac0b6911dfc-impl-thread2] INFO  impl.PendingRequests (PendingRequests.java:sendNotLeaderResponses(287)) - 90a60b70-6b91-4fb2-a612-7ac0b6911dfc@group-8AB8E1487AAF-PendingRequests: sendNotLeaderResponses
2025-09-07 09:45:39,386 [90a60b70-6b91-4fb2-a612-7ac0b6911dfc-impl-thread3] INFO  server.RaftServer$Division (RaftServerImpl.java:lambda$close$1(527)) - 90a60b70-6b91-4fb2-a612-7ac0b6911dfc@group-09A5C1734F32: shutdown
2025-09-07 09:45:39,386 [90a60b70-6b91-4fb2-a612-7ac0b6911dfc-impl-thread3] INFO  util.JmxRegister (JmxRegister.java:unregister(74)) - Successfully un-registered JMX Bean with object name Ratis:service=RaftServer,group=group-09A5C1734F32,id=90a60b70-6b91-4fb2-a612-7ac0b6911dfc
2025-09-07 09:45:39,386 [90a60b70-6b91-4fb2-a612-7ac0b6911dfc-impl-thread3] INFO  impl.RoleInfo (RoleInfo.java:shutdownFollowerState(121)) - 90a60b70-6b91-4fb2-a612-7ac0b6911dfc: shutdown 90a60b70-6b91-4fb2-a612-7ac0b6911dfc@group-09A5C1734F32-FollowerState
2025-09-07 09:45:39,386 [90a60b70-6b91-4fb2-a612-7ac0b6911dfc-impl-thread3] INFO  impl.StateMachineUpdater (StateMachineUpdater.java:stopAndJoin(163)) - 90a60b70-6b91-4fb2-a612-7ac0b6911dfc@group-09A5C1734F32-StateMachineUpdater: set stopIndex = 4
2025-09-07 09:45:39,386 [ForkJoinPool-1-worker-1] INFO  server.GrpcServicesImpl (GrpcServicesImpl.java:closeImpl(355)) - 90a60b70-6b91-4fb2-a612-7ac0b6911dfc: shutdown server org.apache.ratis.grpc.server.GrpcClientProtocolService now
2025-09-07 09:45:39,387 [90a60b70-6b91-4fb2-a612-7ac0b6911dfc-impl-thread2] INFO  impl.StateMachineUpdater (StateMachineUpdater.java:stopAndJoin(163)) - 90a60b70-6b91-4fb2-a612-7ac0b6911dfc@group-8AB8E1487AAF-StateMachineUpdater: set stopIndex = 0
2025-09-07 09:45:39,387 [90a60b70-6b91-4fb2-a612-7ac0b6911dfc@group-8AB8E1487AAF-StateMachineUpdater] INFO  ratis.ContainerStateMachine (ContainerStateMachine.java:takeSnapshot(427)) - group-8AB8E1487AAF: Taking a snapshot at:(t:1, i:0) file /home/runner/work/ozone/ozone/hadoop-ozone/integration-test/target/test-dir/MiniOzoneClusterImpl-023d5a78-e64c-43f3-a4d9-6f7884931d6c/ozone-metadata/datanode-5/ratis/290201cc-74e0-4698-a1ce-8ab8e1487aaf/sm/snapshot.1_0
2025-09-07 09:45:39,386 [90a60b70-6b91-4fb2-a612-7ac0b6911dfc-impl-thread4] INFO  server.RaftServer$Division (RaftServerImpl.java:lambda$close$1(527)) - 90a60b70-6b91-4fb2-a612-7ac0b6911dfc@group-9E511D2458D0: shutdown
2025-09-07 09:45:39,387 [90a60b70-6b91-4fb2-a612-7ac0b6911dfc-impl-thread4] INFO  util.JmxRegister (JmxRegister.java:unregister(74)) - Successfully un-registered JMX Bean with object name Ratis:service=RaftServer,group=group-9E511D2458D0,id=90a60b70-6b91-4fb2-a612-7ac0b6911dfc
2025-09-07 09:45:39,387 [90a60b70-6b91-4fb2-a612-7ac0b6911dfc-impl-thread4] INFO  impl.RoleInfo (RoleInfo.java:shutdownFollowerState(121)) - 90a60b70-6b91-4fb2-a612-7ac0b6911dfc: shutdown 90a60b70-6b91-4fb2-a612-7ac0b6911dfc@group-9E511D2458D0-FollowerState
2025-09-07 09:45:39,387 [90a60b70-6b91-4fb2-a612-7ac0b6911dfc-impl-thread4] INFO  impl.StateMachineUpdater (StateMachineUpdater.java:stopAndJoin(163)) - 90a60b70-6b91-4fb2-a612-7ac0b6911dfc@group-9E511D2458D0-StateMachineUpdater: set stopIndex = 0
2025-09-07 09:45:39,388 [90a60b70-6b91-4fb2-a612-7ac0b6911dfc@group-9E511D2458D0-StateMachineUpdater] INFO  ratis.ContainerStateMachine (ContainerStateMachine.java:takeSnapshot(427)) - group-9E511D2458D0: Taking a snapshot at:(t:1, i:0) file /home/runner/work/ozone/ozone/hadoop-ozone/integration-test/target/test-dir/MiniOzoneClusterImpl-023d5a78-e64c-43f3-a4d9-6f7884931d6c/ozone-metadata/datanode-5/ratis/d8d7c1c9-dd4a-4c6e-b9b0-9e511d2458d0/sm/snapshot.1_0
2025-09-07 09:45:39,388 [90a60b70-6b91-4fb2-a612-7ac0b6911dfc@group-9E511D2458D0-FollowerState] INFO  impl.FollowerState (FollowerState.java:runImpl(170)) - 90a60b70-6b91-4fb2-a612-7ac0b6911dfc@group-9E511D2458D0-FollowerState was interrupted
2025-09-07 09:45:39,386 [90a60b70-6b91-4fb2-a612-7ac0b6911dfc@group-09A5C1734F32-StateMachineUpdater] INFO  ratis.ContainerStateMachine (ContainerStateMachine.java:takeSnapshot(427)) - group-09A5C1734F32: Taking a snapshot at:(t:1, i:4) file /home/runner/work/ozone/ozone/hadoop-ozone/integration-test/target/test-dir/MiniOzoneClusterImpl-023d5a78-e64c-43f3-a4d9-6f7884931d6c/ozone-metadata/datanode-5/ratis/de1a2be5-feda-49eb-9ee6-09a5c1734f32/sm/snapshot.1_4
2025-09-07 09:45:39,388 [ForkJoinPool-1-worker-1] INFO  server.GrpcServicesImpl (GrpcServicesImpl.java:closeImpl(364)) - 90a60b70-6b91-4fb2-a612-7ac0b6911dfc: shutdown server org.apache.ratis.grpc.server.GrpcClientProtocolService successfully
2025-09-07 09:45:39,388 [ForkJoinPool-1-worker-1] INFO  server.GrpcServicesImpl (GrpcServicesImpl.java:closeImpl(355)) - 90a60b70-6b91-4fb2-a612-7ac0b6911dfc: shutdown server GrpcServerProtocolService now
2025-09-07 09:45:39,389 [90a60b70-6b91-4fb2-a612-7ac0b6911dfc@group-8AB8E1487AAF-StateMachineUpdater] INFO  ratis.ContainerStateMachine (ContainerStateMachine.java:takeSnapshot(436)) - group-8AB8E1487AAF: Finished taking a snapshot at:(t:1, i:0) file:/home/runner/work/ozone/ozone/hadoop-ozone/integration-test/target/test-dir/MiniOzoneClusterImpl-023d5a78-e64c-43f3-a4d9-6f7884931d6c/ozone-metadata/datanode-5/ratis/290201cc-74e0-4698-a1ce-8ab8e1487aaf/sm/snapshot.1_0 took: 2 ms
2025-09-07 09:45:39,389 [90a60b70-6b91-4fb2-a612-7ac0b6911dfc@group-8AB8E1487AAF-StateMachineUpdater] INFO  impl.StateMachineUpdater (StateMachineUpdater.java:takeSnapshot(307)) - 90a60b70-6b91-4fb2-a612-7ac0b6911dfc@group-8AB8E1487AAF-StateMachineUpdater: Took a snapshot at index 0
2025-09-07 09:45:39,389 [90a60b70-6b91-4fb2-a612-7ac0b6911dfc@group-8AB8E1487AAF-StateMachineUpdater] INFO  impl.StateMachineUpdater (StateMachineUpdater.java:lambda$new$0(101)) - 90a60b70-6b91-4fb2-a612-7ac0b6911dfc@group-8AB8E1487AAF-StateMachineUpdater: snapshotIndex: updateIncreasingly -1 -> 0
2025-09-07 09:45:39,389 [90a60b70-6b91-4fb2-a612-7ac0b6911dfc@group-8AB8E1487AAF-StateMachineUpdater] INFO  impl.StateMachineUpdater (StateMachineUpdater.java:stop(140)) - 90a60b70-6b91-4fb2-a612-7ac0b6911dfc@group-8AB8E1487AAF-StateMachineUpdater: closing ContainerStateMachine, lastApplied=(t:1, i:0)
2025-09-07 09:45:39,389 [grpc-default-executor-6] WARN  server.GrpcServerProtocolService (LogUtils.java:warn(127)) - 90a60b70-6b91-4fb2-a612-7ac0b6911dfc: APPEND_ENTRIES onError, lastRequest: null: org.apache.ratis.thirdparty.io.grpc.StatusRuntimeException: CANCELLED: client cancelled
2025-09-07 09:45:39,390 [grpc-default-executor-1] WARN  server.GrpcServerProtocolService (LogUtils.java:warn(127)) - 90a60b70-6b91-4fb2-a612-7ac0b6911dfc: APPEND_ENTRIES onError, lastRequest: 7c7182dc-ac7f-44a8-b1d4-5d10f99cbcf2->90a60b70-6b91-4fb2-a612-7ac0b6911dfc#198-t1,previous=(t:1, i:7),leaderCommit=4,initializing? false,entries: size=1, first=(t:1, i:8), METADATAENTRY(c:4): org.apache.ratis.thirdparty.io.grpc.StatusRuntimeException: CANCELLED: client cancelled
2025-09-07 09:45:39,386 [90a60b70-6b91-4fb2-a612-7ac0b6911dfc@group-09A5C1734F32-FollowerState] INFO  impl.FollowerState (FollowerState.java:runImpl(170)) - 90a60b70-6b91-4fb2-a612-7ac0b6911dfc@group-09A5C1734F32-FollowerState was interrupted
2025-09-07 09:45:39,390 [grpc-default-executor-6] WARN  server.GrpcLogAppender (LogUtils.java:warn(127)) - 7c7182dc-ac7f-44a8-b1d4-5d10f99cbcf2@group-09A5C1734F32->90a60b70-6b91-4fb2-a612-7ac0b6911dfc-AppendLogResponseHandler: Failed appendEntries: org.apache.ratis.thirdparty.io.grpc.StatusRuntimeException: CANCELLED: RST_STREAM closed stream. HTTP/2 error code: CANCEL
2025-09-07 09:45:39,390 [90a60b70-6b91-4fb2-a612-7ac0b6911dfc@group-09A5C1734F32-StateMachineUpdater] INFO  ratis.ContainerStateMachine (ContainerStateMachine.java:takeSnapshot(436)) - group-09A5C1734F32: Finished taking a snapshot at:(t:1, i:4) file:/home/runner/work/ozone/ozone/hadoop-ozone/integration-test/target/test-dir/MiniOzoneClusterImpl-023d5a78-e64c-43f3-a4d9-6f7884931d6c/ozone-metadata/datanode-5/ratis/de1a2be5-feda-49eb-9ee6-09a5c1734f32/sm/snapshot.1_4 took: 4 ms
2025-09-07 09:45:39,391 [grpc-default-executor-6] WARN  server.GrpcLogAppender (GrpcLogAppender.java:lambda$resetClient$1(228)) - 7c7182dc-ac7f-44a8-b1d4-5d10f99cbcf2@group-09A5C1734F32->90a60b70-6b91-4fb2-a612-7ac0b6911dfc-GrpcLogAppender: Follower failed (request=null, errorCount=1); keep nextIndex (9) unchanged and retry.
2025-09-07 09:45:39,391 [90a60b70-6b91-4fb2-a612-7ac0b6911dfc@group-9E511D2458D0-StateMachineUpdater] INFO  ratis.ContainerStateMachine (ContainerStateMachine.java:takeSnapshot(436)) - group-9E511D2458D0: Finished taking a snapshot at:(t:1, i:0) file:/home/runner/work/ozone/ozone/hadoop-ozone/integration-test/target/test-dir/MiniOzoneClusterImpl-023d5a78-e64c-43f3-a4d9-6f7884931d6c/ozone-metadata/datanode-5/ratis/d8d7c1c9-dd4a-4c6e-b9b0-9e511d2458d0/sm/snapshot.1_0 took: 3 ms
2025-09-07 09:45:39,391 [90a60b70-6b91-4fb2-a612-7ac0b6911dfc@group-9E511D2458D0-StateMachineUpdater] INFO  impl.StateMachineUpdater (StateMachineUpdater.java:takeSnapshot(307)) - 90a60b70-6b91-4fb2-a612-7ac0b6911dfc@group-9E511D2458D0-StateMachineUpdater: Took a snapshot at index 0
2025-09-07 09:45:39,391 [90a60b70-6b91-4fb2-a612-7ac0b6911dfc@group-9E511D2458D0-StateMachineUpdater] INFO  impl.StateMachineUpdater (StateMachineUpdater.java:lambda$new$0(101)) - 90a60b70-6b91-4fb2-a612-7ac0b6911dfc@group-9E511D2458D0-StateMachineUpdater: snapshotIndex: updateIncreasingly -1 -> 0
2025-09-07 09:45:39,391 [grpc-default-executor-3] WARN  server.GrpcLogAppender (LogUtils.java:warn(127)) - e6e13cb3-e32b-4d2d-874a-1e4700c67398@group-9E511D2458D0->90a60b70-6b91-4fb2-a612-7ac0b6911dfc-AppendLogResponseHandler: Failed appendEntries: org.apache.ratis.thirdparty.io.grpc.StatusRuntimeException: CANCELLED: RST_STREAM closed stream. HTTP/2 error code: CANCEL
2025-09-07 09:45:39,391 [grpc-default-executor-3] WARN  server.GrpcLogAppender (GrpcLogAppender.java:lambda$resetClient$1(228)) - e6e13cb3-e32b-4d2d-874a-1e4700c67398@group-9E511D2458D0->90a60b70-6b91-4fb2-a612-7ac0b6911dfc-GrpcLogAppender: Follower failed (request=null, errorCount=1); keep nextIndex (1) unchanged and retry.
2025-09-07 09:45:39,391 [grpc-default-executor-7] WARN  server.GrpcServerProtocolService (LogUtils.java:warn(127)) - 90a60b70-6b91-4fb2-a612-7ac0b6911dfc: APPEND_ENTRIES onError, lastRequest: e6e13cb3-e32b-4d2d-874a-1e4700c67398->90a60b70-6b91-4fb2-a612-7ac0b6911dfc#1-t1,previous=<PROTO_DEFAULT>,leaderCommit=-1,initializing? false,entries: size=1, first=(t:1, i:0), CONFIGURATIONENTRY(current:id:"90a60b70-6b91-4fb2-a612-7ac0b6911dfc"address:"127.0.0.1:15047"dataStreamAddress:"127.0.0.1:15048"clientAddress:"127.0.0.1:15045"adminAddress:"127.0.0.1:15046"startupRole:FOLLOWER, id:"e6e13cb3-e32b-4d2d-874a-1e4700c67398"address:"127.0.0.1:15055"priority:1dataStreamAddress:"127.0.0.1:15056"clientAddress:"127.0.0.1:15053"adminAddress:"127.0.0.1:15054"startupRole:FOLLOWER, id:"7c7182dc-ac7f-44a8-b1d4-5d10f99cbcf2"address:"127.0.0.1:15039"dataStreamAddress:"127.0.0.1:15040"clientAddress:"127.0.0.1:15037"adminAddress:"127.0.0.1:15038"startupRole:FOLLOWER, old:): org.apache.ratis.thirdparty.io.grpc.StatusRuntimeException: CANCELLED: client cancelled
2025-09-07 09:45:39,391 [90a60b70-6b91-4fb2-a612-7ac0b6911dfc@group-8AB8E1487AAF-cacheEviction-AwaitToRun] INFO  util.AwaitToRun (AwaitToRun.java:run(49)) - 90a60b70-6b91-4fb2-a612-7ac0b6911dfc@group-8AB8E1487AAF-cacheEviction-AwaitToRun-AwaitForSignal is interrupted
2025-09-07 09:45:39,392 [grpc-default-executor-3] WARN  server.GrpcServerProtocolService (LogUtils.java:warn(127)) - 90a60b70-6b91-4fb2-a612-7ac0b6911dfc: APPEND_ENTRIES onError, lastRequest: null: org.apache.ratis.thirdparty.io.grpc.StatusRuntimeException: CANCELLED: client cancelled
2025-09-07 09:45:39,393 [ForkJoinPool-1-worker-1] INFO  server.GrpcServicesImpl (GrpcServicesImpl.java:closeImpl(364)) - 90a60b70-6b91-4fb2-a612-7ac0b6911dfc: shutdown server GrpcServerProtocolService successfully
2025-09-07 09:45:39,393 [ForkJoinPool-1-worker-1] INFO  server.GrpcServicesImpl (GrpcServicesImpl.java:closeImpl(355)) - 90a60b70-6b91-4fb2-a612-7ac0b6911dfc: shutdown server org.apache.ratis.grpc.server.GrpcAdminProtocolService now
2025-09-07 09:45:39,393 [ForkJoinPool-1-worker-1] INFO  server.GrpcServicesImpl (GrpcServicesImpl.java:closeImpl(364)) - 90a60b70-6b91-4fb2-a612-7ac0b6911dfc: shutdown server org.apache.ratis.grpc.server.GrpcAdminProtocolService successfully
2025-09-07 09:45:39,391 [90a60b70-6b91-4fb2-a612-7ac0b6911dfc@group-09A5C1734F32-StateMachineUpdater] INFO  impl.StateMachineUpdater (StateMachineUpdater.java:takeSnapshot(307)) - 90a60b70-6b91-4fb2-a612-7ac0b6911dfc@group-09A5C1734F32-StateMachineUpdater: Took a snapshot at index 4
2025-09-07 09:45:39,395 [90a60b70-6b91-4fb2-a612-7ac0b6911dfc@group-09A5C1734F32-StateMachineUpdater] INFO  impl.StateMachineUpdater (StateMachineUpdater.java:lambda$new$0(101)) - 90a60b70-6b91-4fb2-a612-7ac0b6911dfc@group-09A5C1734F32-StateMachineUpdater: snapshotIndex: updateIncreasingly -1 -> 4
2025-09-07 09:45:39,395 [90a60b70-6b91-4fb2-a612-7ac0b6911dfc@group-09A5C1734F32-StateMachineUpdater] INFO  impl.StateMachineUpdater (StateMachineUpdater.java:stop(140)) - 90a60b70-6b91-4fb2-a612-7ac0b6911dfc@group-09A5C1734F32-StateMachineUpdater: closing ContainerStateMachine, lastApplied=(t:1, i:4)
2025-09-07 09:45:39,396 [90a60b70-6b91-4fb2-a612-7ac0b6911dfc@group-09A5C1734F32-cacheEviction-AwaitToRun] INFO  util.AwaitToRun (AwaitToRun.java:run(49)) - 90a60b70-6b91-4fb2-a612-7ac0b6911dfc@group-09A5C1734F32-cacheEviction-AwaitToRun-AwaitForSignal is interrupted
2025-09-07 09:45:39,391 [90a60b70-6b91-4fb2-a612-7ac0b6911dfc@group-9E511D2458D0-StateMachineUpdater] INFO  impl.StateMachineUpdater (StateMachineUpdater.java:stop(140)) - 90a60b70-6b91-4fb2-a612-7ac0b6911dfc@group-9E511D2458D0-StateMachineUpdater: closing ContainerStateMachine, lastApplied=(t:1, i:0)
2025-09-07 09:45:39,396 [90a60b70-6b91-4fb2-a612-7ac0b6911dfc@group-9E511D2458D0-cacheEviction-AwaitToRun] INFO  util.AwaitToRun (AwaitToRun.java:run(49)) - 90a60b70-6b91-4fb2-a612-7ac0b6911dfc@group-9E511D2458D0-cacheEviction-AwaitToRun-AwaitForSignal is interrupted
2025-09-07 09:45:39,399 [90a60b70-6b91-4fb2-a612-7ac0b6911dfc-NettyServerStreamRpc-bossGroup--thread1] INFO  logging.LoggingHandler (AbstractInternalLogger.java:log(148)) - [id: 0xe95cd6dc, L:/0.0.0.0:15048] CLOSE
2025-09-07 09:45:39,399 [90a60b70-6b91-4fb2-a612-7ac0b6911dfc-NettyServerStreamRpc-bossGroup--thread1] INFO  logging.LoggingHandler (AbstractInternalLogger.java:log(148)) - [id: 0xe95cd6dc, L:/0.0.0.0:15048] INACTIVE
2025-09-07 09:45:39,400 [90a60b70-6b91-4fb2-a612-7ac0b6911dfc-NettyServerStreamRpc-bossGroup--thread1] INFO  logging.LoggingHandler (AbstractInternalLogger.java:log(148)) - [id: 0xe95cd6dc, L:/0.0.0.0:15048] UNREGISTERED
2025-09-07 09:45:39,437 [90a60b70-6b91-4fb2-a612-7ac0b6911dfc-impl-thread2] INFO  segmented.SegmentedRaftLogWorker (SegmentedRaftLogWorker.java:close(254)) - 90a60b70-6b91-4fb2-a612-7ac0b6911dfc@group-8AB8E1487AAF-SegmentedRaftLogWorker close()
2025-09-07 09:45:39,437 [90a60b70-6b91-4fb2-a612-7ac0b6911dfc-impl-thread2] INFO  ratis.ContainerStateMachine (ContainerStateMachine.java:notifyServerShutdown(1038)) - group-8AB8E1487AAF is closed by HddsDatanodeService
2025-09-07 09:45:39,554 [486fef96-c6ec-41d9-a4ca-7ebb3d261081-ContainerReader-0] INFO  ozoneimpl.ContainerReader (ContainerReader.java:readVolume(147)) - Start to verify containers on volume /home/runner/work/ozone/ozone/hadoop-ozone/integration-test/target/test-dir/MiniOzoneClusterImpl-023d5a78-e64c-43f3-a4d9-6f7884931d6c/ozone-metadata/datanode-8/data-0/hdds
2025-09-07 09:45:39,557 [486fef96-c6ec-41d9-a4ca-7ebb3d261081-ContainerReader-0] WARN  helpers.KeyValueContainerUtil (KeyValueContainerUtil.java:populateContainerMetadata(330)) - Missing pendingDeleteBlockCount from metadata: recalculate them from block table
2025-09-07 09:45:39,560 [486fef96-c6ec-41d9-a4ca-7ebb3d261081-ContainerReader-0] WARN  helpers.KeyValueContainerUtil (KeyValueContainerUtil.java:populateContainerMetadata(330)) - Missing pendingDeleteBlockCount from metadata: recalculate them from block table
2025-09-07 09:45:39,561 [486fef96-c6ec-41d9-a4ca-7ebb3d261081-ContainerReader-0] INFO  ozoneimpl.ContainerReader (ContainerReader.java:readVolume(177)) - Finish verifying containers on volume /home/runner/work/ozone/ozone/hadoop-ozone/integration-test/target/test-dir/MiniOzoneClusterImpl-023d5a78-e64c-43f3-a4d9-6f7884931d6c/ozone-metadata/datanode-8/data-0/hdds
2025-09-07 09:45:39,562 [486fef96-c6ec-41d9-a4ca-7ebb3d261081-EndpointStateMachineTaskThread-/0.0.0.0:15002-0 ] INFO  ozoneimpl.OzoneContainer (OzoneContainer.java:buildContainerSet(370)) - Build ContainerSet costs 0s
2025-09-07 09:45:39,562 [486fef96-c6ec-41d9-a4ca-7ebb3d261081-EndpointStateMachineTaskThread-/0.0.0.0:15002-0 ] INFO  volume.ThrottledAsyncChecker (ThrottledAsyncChecker.java:schedule(138)) - Scheduling a check for /home/runner/work/ozone/ozone/hadoop-ozone/integration-test/target/test-dir/MiniOzoneClusterImpl-023d5a78-e64c-43f3-a4d9-6f7884931d6c/ozone-metadata/datanode-8/data-0/hdds
2025-09-07 09:45:39,563 [486fef96-c6ec-41d9-a4ca-7ebb3d261081-EndpointStateMachineTaskThread-/0.0.0.0:15002-0 ] INFO  volume.StorageVolumeChecker (StorageVolumeChecker.java:checkAllVolumes(231)) - Scheduled health check for volume /home/runner/work/ozone/ozone/hadoop-ozone/integration-test/target/test-dir/MiniOzoneClusterImpl-023d5a78-e64c-43f3-a4d9-6f7884931d6c/ozone-metadata/datanode-8/data-0/hdds
2025-09-07 09:45:39,566 [486fef96-c6ec-41d9-a4ca-7ebb3d261081-EndpointStateMachineTaskThread-/0.0.0.0:15002-0 ] INFO  volume.ThrottledAsyncChecker (ThrottledAsyncChecker.java:schedule(138)) - Scheduling a check for /home/runner/work/ozone/ozone/hadoop-ozone/integration-test/target/test-dir/MiniOzoneClusterImpl-023d5a78-e64c-43f3-a4d9-6f7884931d6c/ozone-metadata/datanode-8/ratis
2025-09-07 09:45:39,566 [486fef96-c6ec-41d9-a4ca-7ebb3d261081-EndpointStateMachineTaskThread-/0.0.0.0:15002-0 ] INFO  volume.StorageVolumeChecker (StorageVolumeChecker.java:checkAllVolumes(231)) - Scheduled health check for volume /home/runner/work/ozone/ozone/hadoop-ozone/integration-test/target/test-dir/MiniOzoneClusterImpl-023d5a78-e64c-43f3-a4d9-6f7884931d6c/ozone-metadata/datanode-8/ratis
2025-09-07 09:45:39,567 [486fef96-c6ec-41d9-a4ca-7ebb3d261081-EndpointStateMachineTaskThread-/0.0.0.0:15002-0 ] INFO  ozoneimpl.OzoneContainer (OzoneContainer.java:start(525)) - Attempting to start container services.
2025-09-07 09:45:39,568 [ContainerDataScanner(/home/runner/work/ozone/ozone/hadoop-ozone/integration-test/target/test-dir/MiniOzoneClusterImpl-023d5a78-e64c-43f3-a4d9-6f7884931d6c/ozone-metadata/datanode-8/data-0/hdds)] INFO  ozoneimpl.AbstractBackgroundContainerScanner (AbstractBackgroundContainerScanner.java:runIteration(89)) - Completed an iteration in 0 minutes. Number of iterations (since the data-node restart) : 1, Number of containers scanned in this iteration : 0, Number of unhealthy containers found in this iteration : 0
2025-09-07 09:45:39,569 [486fef96-c6ec-41d9-a4ca-7ebb3d261081-EndpointStateMachineTaskThread-/0.0.0.0:15002-0 ] INFO  replication.ReplicationServer (ReplicationServer.java:start(137)) - ReplicationServer is started using port 15073
2025-09-07 09:45:39,569 [486fef96-c6ec-41d9-a4ca-7ebb3d261081-EndpointStateMachineTaskThread-/0.0.0.0:15002-0 ] INFO  ratis.XceiverServerRatis (XceiverServerRatis.java:start(562)) - Starting XceiverServerRatis(486fef96-c6ec-41d9-a4ca-7ebb3d261081)
2025-09-07 09:45:39,570 [486fef96-c6ec-41d9-a4ca-7ebb3d261081-impl-thread1] INFO  server.RaftServerConfigKeys (ConfUtils.java:logGet(62)) - raft.server.storage.dir = [/home/runner/work/ozone/ozone/hadoop-ozone/integration-test/target/test-dir/MiniOzoneClusterImpl-023d5a78-e64c-43f3-a4d9-6f7884931d6c/ozone-metadata/datanode-8/ratis] (custom)
2025-09-07 09:45:39,571 [486fef96-c6ec-41d9-a4ca-7ebb3d261081-impl-thread2] INFO  storage.RaftStorageDirectory (RaftStorageDirectoryImpl.java:tryLock(229)) - Lock on /home/runner/work/ozone/ozone/hadoop-ozone/integration-test/target/test-dir/MiniOzoneClusterImpl-023d5a78-e64c-43f3-a4d9-6f7884931d6c/ozone-metadata/datanode-8/ratis/00271ae9-8e75-458f-be58-af0cbe3d3eb0/in_use.lock acquired by nodename 23079@localhost
2025-09-07 09:45:39,571 [ContainerMetadataScanner] INFO  ozoneimpl.AbstractBackgroundContainerScanner (AbstractBackgroundContainerScanner.java:runIteration(89)) - Completed an iteration in 0 minutes. Number of iterations (since the data-node restart) : 1, Number of containers scanned in this iteration : 2, Number of unhealthy containers found in this iteration : 0
2025-09-07 09:45:39,571 [486fef96-c6ec-41d9-a4ca-7ebb3d261081-impl-thread1] INFO  storage.RaftStorageDirectory (RaftStorageDirectoryImpl.java:tryLock(229)) - Lock on /home/runner/work/ozone/ozone/hadoop-ozone/integration-test/target/test-dir/MiniOzoneClusterImpl-023d5a78-e64c-43f3-a4d9-6f7884931d6c/ozone-metadata/datanode-8/ratis/c966e9dd-f994-4bc9-96f7-7a90e47a063c/in_use.lock acquired by nodename 23079@localhost
2025-09-07 09:45:39,572 [486fef96-c6ec-41d9-a4ca-7ebb3d261081-impl-thread2] INFO  storage.RaftStorage (RaftStorageImpl.java:analyzeAndRecoverStorage(118)) - Read RaftStorageMetadata{term=1, votedFor=c7c0d573-77b1-47db-b09e-d84959a4a43f} from /home/runner/work/ozone/ozone/hadoop-ozone/integration-test/target/test-dir/MiniOzoneClusterImpl-023d5a78-e64c-43f3-a4d9-6f7884931d6c/ozone-metadata/datanode-8/ratis/00271ae9-8e75-458f-be58-af0cbe3d3eb0/current/raft-meta
2025-09-07 09:45:39,572 [486fef96-c6ec-41d9-a4ca-7ebb3d261081-impl-thread1] INFO  storage.RaftStorage (RaftStorageImpl.java:analyzeAndRecoverStorage(118)) - Read RaftStorageMetadata{term=1, votedFor=486fef96-c6ec-41d9-a4ca-7ebb3d261081} from /home/runner/work/ozone/ozone/hadoop-ozone/integration-test/target/test-dir/MiniOzoneClusterImpl-023d5a78-e64c-43f3-a4d9-6f7884931d6c/ozone-metadata/datanode-8/ratis/c966e9dd-f994-4bc9-96f7-7a90e47a063c/current/raft-meta
2025-09-07 09:45:39,572 [486fef96-c6ec-41d9-a4ca-7ebb3d261081-impl-thread3] INFO  storage.RaftStorageDirectory (RaftStorageDirectoryImpl.java:tryLock(229)) - Lock on /home/runner/work/ozone/ozone/hadoop-ozone/integration-test/target/test-dir/MiniOzoneClusterImpl-023d5a78-e64c-43f3-a4d9-6f7884931d6c/ozone-metadata/datanode-8/ratis/ca43f102-4fc8-4b2e-baf8-a6d30a1c9e4d/in_use.lock acquired by nodename 23079@localhost
2025-09-07 09:45:39,572 [486fef96-c6ec-41d9-a4ca-7ebb3d261081-impl-thread1] INFO  server.RaftServer$Division (ServerState.java:setRaftConf(386)) - 486fef96-c6ec-41d9-a4ca-7ebb3d261081@group-7A90E47A063C: set configuration conf: {index: 0, cur=peers:[c7c0d573-77b1-47db-b09e-d84959a4a43f|127.0.0.1:15063, 486fef96-c6ec-41d9-a4ca-7ebb3d261081|127.0.0.1:15071, 4c7984b5-42f1-4e4b-a334-601f88f38b33|127.0.0.1:15079]|listeners:[], old=null}
2025-09-07 09:45:39,572 [486fef96-c6ec-41d9-a4ca-7ebb3d261081-impl-thread3] INFO  storage.RaftStorage (RaftStorageImpl.java:analyzeAndRecoverStorage(118)) - Read RaftStorageMetadata{term=1, votedFor=486fef96-c6ec-41d9-a4ca-7ebb3d261081} from /home/runner/work/ozone/ozone/hadoop-ozone/integration-test/target/test-dir/MiniOzoneClusterImpl-023d5a78-e64c-43f3-a4d9-6f7884931d6c/ozone-metadata/datanode-8/ratis/ca43f102-4fc8-4b2e-baf8-a6d30a1c9e4d/current/raft-meta
2025-09-07 09:45:39,572 [486fef96-c6ec-41d9-a4ca-7ebb3d261081-impl-thread3] INFO  server.RaftServer$Division (ServerState.java:setRaftConf(386)) - 486fef96-c6ec-41d9-a4ca-7ebb3d261081@group-A6D30A1C9E4D: set configuration conf: {index: 0, cur=peers:[486fef96-c6ec-41d9-a4ca-7ebb3d261081|127.0.0.1:15071]|listeners:[], old=null}
2025-09-07 09:45:39,573 [486fef96-c6ec-41d9-a4ca-7ebb3d261081-impl-thread1] INFO  ratis.ContainerStateMachine (ContainerStateMachine.java:initialize(339)) - 486fef96-c6ec-41d9-a4ca-7ebb3d261081: initialize group-7A90E47A063C
2025-09-07 09:45:39,573 [486fef96-c6ec-41d9-a4ca-7ebb3d261081-impl-thread1] INFO  ratis.ContainerStateMachine (ContainerStateMachine.java:loadSnapshot(356)) - group-7A90E47A063C: Setting the last applied index to (t:1, i:16)
2025-09-07 09:45:39,573 [486fef96-c6ec-41d9-a4ca-7ebb3d261081-impl-thread3] INFO  ratis.ContainerStateMachine (ContainerStateMachine.java:initialize(339)) - 486fef96-c6ec-41d9-a4ca-7ebb3d261081: initialize group-A6D30A1C9E4D
2025-09-07 09:45:39,573 [486fef96-c6ec-41d9-a4ca-7ebb3d261081-impl-thread3] INFO  ratis.ContainerStateMachine (ContainerStateMachine.java:loadSnapshot(356)) - group-A6D30A1C9E4D: Setting the last applied index to (t:1, i:0)
2025-09-07 09:45:39,573 [486fef96-c6ec-41d9-a4ca-7ebb3d261081-impl-thread3] INFO  server.RaftServerConfigKeys (ConfUtils.java:logGet(62)) - raft.server.log.appender.buffer.byte-limit = 33554432 (custom)
2025-09-07 09:45:39,573 [486fef96-c6ec-41d9-a4ca-7ebb3d261081-impl-thread2] INFO  server.RaftServer$Division (ServerState.java:setRaftConf(386)) - 486fef96-c6ec-41d9-a4ca-7ebb3d261081@group-AF0CBE3D3EB0: set configuration conf: {index: 0, cur=peers:[c7c0d573-77b1-47db-b09e-d84959a4a43f|127.0.0.1:15063, 486fef96-c6ec-41d9-a4ca-7ebb3d261081|127.0.0.1:15071, 4c7984b5-42f1-4e4b-a334-601f88f38b33|127.0.0.1:15079]|listeners:[], old=null}
2025-09-07 09:45:39,573 [486fef96-c6ec-41d9-a4ca-7ebb3d261081-impl-thread1] INFO  server.RaftServerConfigKeys (ConfUtils.java:logGet(62)) - raft.server.log.appender.buffer.byte-limit = 33554432 (custom)
2025-09-07 09:45:39,574 [486fef96-c6ec-41d9-a4ca-7ebb3d261081-impl-thread2] INFO  ratis.ContainerStateMachine (ContainerStateMachine.java:initialize(339)) - 486fef96-c6ec-41d9-a4ca-7ebb3d261081: initialize group-AF0CBE3D3EB0
2025-09-07 09:45:39,574 [486fef96-c6ec-41d9-a4ca-7ebb3d261081-impl-thread2] INFO  ratis.ContainerStateMachine (ContainerStateMachine.java:loadSnapshot(356)) - group-AF0CBE3D3EB0: Setting the last applied index to (t:1, i:0)
2025-09-07 09:45:39,574 [486fef96-c6ec-41d9-a4ca-7ebb3d261081-impl-thread2] INFO  server.RaftServerConfigKeys (ConfUtils.java:logGet(62)) - raft.server.log.appender.buffer.byte-limit = 33554432 (custom)
2025-09-07 09:45:39,582 [486fef96-c6ec-41d9-a4ca-7ebb3d261081-impl-thread1] INFO  server.RaftServerConfigKeys (ConfUtils.java:logGet(62)) - raft.server.log.segment.size.max = 67108864 (custom)
2025-09-07 09:45:39,582 [486fef96-c6ec-41d9-a4ca-7ebb3d261081-impl-thread3] INFO  server.RaftServerConfigKeys (ConfUtils.java:logGet(62)) - raft.server.log.segment.size.max = 67108864 (custom)
2025-09-07 09:45:39,584 [486fef96-c6ec-41d9-a4ca-7ebb3d261081-impl-thread1] INFO  server.RaftServerConfigKeys (ConfUtils.java:logGet(62)) - raft.server.log.appender.buffer.byte-limit = 33554432 (custom)
2025-09-07 09:45:39,584 [486fef96-c6ec-41d9-a4ca-7ebb3d261081-impl-thread1] INFO  util.AwaitToRun (AwaitToRun.java:start(81)) - Thread[#2637,486fef96-c6ec-41d9-a4ca-7ebb3d261081@group-7A90E47A063C-cacheEviction-AwaitToRun,5,main] started
2025-09-07 09:45:39,584 [486fef96-c6ec-41d9-a4ca-7ebb3d261081-impl-thread3] INFO  server.RaftServerConfigKeys (ConfUtils.java:logGet(62)) - raft.server.log.appender.buffer.byte-limit = 33554432 (custom)
2025-09-07 09:45:39,584 [486fef96-c6ec-41d9-a4ca-7ebb3d261081-impl-thread2] INFO  server.RaftServerConfigKeys (ConfUtils.java:logGet(62)) - raft.server.log.segment.size.max = 67108864 (custom)
2025-09-07 09:45:39,585 [486fef96-c6ec-41d9-a4ca-7ebb3d261081-impl-thread1] INFO  segmented.SegmentedRaftLogWorker (SegmentedRaftLogWorker.java:<init>(190)) - new 486fef96-c6ec-41d9-a4ca-7ebb3d261081@group-7A90E47A063C-SegmentedRaftLogWorker for RaftStorageImpl:Storage Directory /home/runner/work/ozone/ozone/hadoop-ozone/integration-test/target/test-dir/MiniOzoneClusterImpl-023d5a78-e64c-43f3-a4d9-6f7884931d6c/ozone-metadata/datanode-8/ratis/c966e9dd-f994-4bc9-96f7-7a90e47a063c
2025-09-07 09:45:39,585 [486fef96-c6ec-41d9-a4ca-7ebb3d261081-impl-thread1] INFO  server.RaftServerConfigKeys (ConfUtils.java:logGet(62)) - raft.server.log.queue.byte-limit = 4294967296 (custom)
2025-09-07 09:45:39,585 [486fef96-c6ec-41d9-a4ca-7ebb3d261081-impl-thread1] INFO  server.RaftServerConfigKeys (ConfUtils.java:logGet(62)) - raft.server.log.segment.size.max = 67108864 (custom)
2025-09-07 09:45:39,585 [486fef96-c6ec-41d9-a4ca-7ebb3d261081-impl-thread1] INFO  server.RaftServerConfigKeys (ConfUtils.java:logGet(62)) - raft.server.log.preallocated.size = 4194304 (custom)
2025-09-07 09:45:39,585 [486fef96-c6ec-41d9-a4ca-7ebb3d261081-impl-thread2] INFO  server.RaftServerConfigKeys (ConfUtils.java:logGet(62)) - raft.server.log.appender.buffer.byte-limit = 33554432 (custom)
2025-09-07 09:45:39,585 [486fef96-c6ec-41d9-a4ca-7ebb3d261081-impl-thread3] INFO  util.AwaitToRun (AwaitToRun.java:start(81)) - Thread[#2638,486fef96-c6ec-41d9-a4ca-7ebb3d261081@group-A6D30A1C9E4D-cacheEviction-AwaitToRun,5,main] started
2025-09-07 09:45:39,585 [486fef96-c6ec-41d9-a4ca-7ebb3d261081-impl-thread3] INFO  segmented.SegmentedRaftLogWorker (SegmentedRaftLogWorker.java:<init>(190)) - new 486fef96-c6ec-41d9-a4ca-7ebb3d261081@group-A6D30A1C9E4D-SegmentedRaftLogWorker for RaftStorageImpl:Storage Directory /home/runner/work/ozone/ozone/hadoop-ozone/integration-test/target/test-dir/MiniOzoneClusterImpl-023d5a78-e64c-43f3-a4d9-6f7884931d6c/ozone-metadata/datanode-8/ratis/ca43f102-4fc8-4b2e-baf8-a6d30a1c9e4d
2025-09-07 09:45:39,585 [486fef96-c6ec-41d9-a4ca-7ebb3d261081-impl-thread3] INFO  server.RaftServerConfigKeys (ConfUtils.java:logGet(62)) - raft.server.log.queue.byte-limit = 4294967296 (custom)
2025-09-07 09:45:39,585 [486fef96-c6ec-41d9-a4ca-7ebb3d261081-impl-thread3] INFO  server.RaftServerConfigKeys (ConfUtils.java:logGet(62)) - raft.server.log.segment.size.max = 67108864 (custom)
2025-09-07 09:45:39,585 [486fef96-c6ec-41d9-a4ca-7ebb3d261081-impl-thread3] INFO  server.RaftServerConfigKeys (ConfUtils.java:logGet(62)) - raft.server.log.preallocated.size = 4194304 (custom)
2025-09-07 09:45:39,585 [486fef96-c6ec-41d9-a4ca-7ebb3d261081-impl-thread2] INFO  util.AwaitToRun (AwaitToRun.java:start(81)) - Thread[#2639,486fef96-c6ec-41d9-a4ca-7ebb3d261081@group-AF0CBE3D3EB0-cacheEviction-AwaitToRun,5,main] started
2025-09-07 09:45:39,585 [486fef96-c6ec-41d9-a4ca-7ebb3d261081-impl-thread2] INFO  segmented.SegmentedRaftLogWorker (SegmentedRaftLogWorker.java:<init>(190)) - new 486fef96-c6ec-41d9-a4ca-7ebb3d261081@group-AF0CBE3D3EB0-SegmentedRaftLogWorker for RaftStorageImpl:Storage Directory /home/runner/work/ozone/ozone/hadoop-ozone/integration-test/target/test-dir/MiniOzoneClusterImpl-023d5a78-e64c-43f3-a4d9-6f7884931d6c/ozone-metadata/datanode-8/ratis/00271ae9-8e75-458f-be58-af0cbe3d3eb0
2025-09-07 09:45:39,585 [486fef96-c6ec-41d9-a4ca-7ebb3d261081-impl-thread2] INFO  server.RaftServerConfigKeys (ConfUtils.java:logGet(62)) - raft.server.log.queue.byte-limit = 4294967296 (custom)
2025-09-07 09:45:39,586 [486fef96-c6ec-41d9-a4ca-7ebb3d261081-impl-thread2] INFO  server.RaftServerConfigKeys (ConfUtils.java:logGet(62)) - raft.server.log.segment.size.max = 67108864 (custom)
2025-09-07 09:45:39,586 [486fef96-c6ec-41d9-a4ca-7ebb3d261081-impl-thread2] INFO  server.RaftServerConfigKeys (ConfUtils.java:logGet(62)) - raft.server.log.preallocated.size = 4194304 (custom)
2025-09-07 09:45:39,585 [486fef96-c6ec-41d9-a4ca-7ebb3d261081-impl-thread1] INFO  server.RaftServerConfigKeys (ConfUtils.java:logGet(62)) - raft.server.log.write.buffer.size = 33554440 (custom)
2025-09-07 09:45:39,586 [486fef96-c6ec-41d9-a4ca-7ebb3d261081-impl-thread2] INFO  server.RaftServerConfigKeys (ConfUtils.java:logGet(62)) - raft.server.log.write.buffer.size = 33554440 (custom)
2025-09-07 09:45:39,587 [486fef96-c6ec-41d9-a4ca-7ebb3d261081-impl-thread3] INFO  server.RaftServerConfigKeys (ConfUtils.java:logGet(62)) - raft.server.log.write.buffer.size = 33554440 (custom)
2025-09-07 09:45:39,591 [486fef96-c6ec-41d9-a4ca-7ebb3d261081-impl-thread2] INFO  server.RaftServerConfigKeys (ConfUtils.java:logGet(62)) - raft.server.log.appender.buffer.byte-limit = 33554432 (custom)
2025-09-07 09:45:39,592 [90a60b70-6b91-4fb2-a612-7ac0b6911dfc-impl-thread4] INFO  segmented.SegmentedRaftLogWorker (SegmentedRaftLogWorker.java:close(254)) - 90a60b70-6b91-4fb2-a612-7ac0b6911dfc@group-9E511D2458D0-SegmentedRaftLogWorker close()
2025-09-07 09:45:39,592 [486fef96-c6ec-41d9-a4ca-7ebb3d261081-impl-thread2] INFO  server.RaftServer$Division (ServerState.java:setRaftConf(386)) - 486fef96-c6ec-41d9-a4ca-7ebb3d261081@group-AF0CBE3D3EB0: set configuration conf: {index: 0, cur=peers:[c7c0d573-77b1-47db-b09e-d84959a4a43f|127.0.0.1:15063, 486fef96-c6ec-41d9-a4ca-7ebb3d261081|127.0.0.1:15071, 4c7984b5-42f1-4e4b-a334-601f88f38b33|127.0.0.1:15079]|listeners:[], old=null}
2025-09-07 09:45:39,592 [486fef96-c6ec-41d9-a4ca-7ebb3d261081-impl-thread2] INFO  segmented.LogSegment (LogSegment.java:loadSegment(171)) - Successfully read 1 entries from segment file /home/runner/work/ozone/ozone/hadoop-ozone/integration-test/target/test-dir/MiniOzoneClusterImpl-023d5a78-e64c-43f3-a4d9-6f7884931d6c/ozone-metadata/datanode-8/ratis/00271ae9-8e75-458f-be58-af0cbe3d3eb0/current/log_inprogress_0
2025-09-07 09:45:39,592 [486fef96-c6ec-41d9-a4ca-7ebb3d261081-impl-thread2] INFO  segmented.SegmentedRaftLogWorker (SegmentedRaftLogWorker.java:lambda$new$0(141)) - 486fef96-c6ec-41d9-a4ca-7ebb3d261081@group-AF0CBE3D3EB0-SegmentedRaftLogWorker: safeCacheEvictIndex: setUnconditionally 0 -> -1
2025-09-07 09:45:39,593 [90a60b70-6b91-4fb2-a612-7ac0b6911dfc-impl-thread4] INFO  ratis.ContainerStateMachine (ContainerStateMachine.java:notifyServerShutdown(1038)) - group-9E511D2458D0 is closed by HddsDatanodeService
2025-09-07 09:45:39,593 [486fef96-c6ec-41d9-a4ca-7ebb3d261081-impl-thread2] INFO  segmented.BufferedWriteChannel (BufferedWriteChannel.java:open(61)) - open log_inprogress_0 (append) at position 351
2025-09-07 09:45:39,593 [486fef96-c6ec-41d9-a4ca-7ebb3d261081-impl-thread2] INFO  server.RaftServer$Division (RaftServerImpl.java:start(405)) - 486fef96-c6ec-41d9-a4ca-7ebb3d261081@group-AF0CBE3D3EB0: start as a follower, conf=conf: {index: 0, cur=peers:[c7c0d573-77b1-47db-b09e-d84959a4a43f|127.0.0.1:15063, 486fef96-c6ec-41d9-a4ca-7ebb3d261081|127.0.0.1:15071, 4c7984b5-42f1-4e4b-a334-601f88f38b33|127.0.0.1:15079]|listeners:[], old=null}
2025-09-07 09:45:39,593 [486fef96-c6ec-41d9-a4ca-7ebb3d261081-impl-thread2] INFO  server.RaftServer$Division (RaftServerImpl.java:setRole(392)) - 486fef96-c6ec-41d9-a4ca-7ebb3d261081@group-AF0CBE3D3EB0: changes role from      null to FOLLOWER at term 1 for startAsFollower
2025-09-07 09:45:39,593 [486fef96-c6ec-41d9-a4ca-7ebb3d261081-impl-thread2] INFO  impl.RoleInfo (RoleInfo.java:updateAndGet(148)) - 486fef96-c6ec-41d9-a4ca-7ebb3d261081: start 486fef96-c6ec-41d9-a4ca-7ebb3d261081@group-AF0CBE3D3EB0-FollowerState
2025-09-07 09:45:39,593 [486fef96-c6ec-41d9-a4ca-7ebb3d261081-impl-thread1] INFO  server.RaftServerConfigKeys (ConfUtils.java:logGet(62)) - raft.server.log.appender.buffer.byte-limit = 33554432 (custom)
2025-09-07 09:45:39,594 [486fef96-c6ec-41d9-a4ca-7ebb3d261081-impl-thread2] INFO  util.JmxRegister (JmxRegister.java:tryRegister(44)) - Successfully registered JMX Bean with object name Ratis:service=RaftServer,group=group-AF0CBE3D3EB0,id=486fef96-c6ec-41d9-a4ca-7ebb3d261081
2025-09-07 09:45:39,594 [486fef96-c6ec-41d9-a4ca-7ebb3d261081-impl-thread2] INFO  util.JmxRegister (JmxRegister.java:register(58)) - register mxBean class org.apache.ratis.server.impl.RaftServerJmxAdapter as Ratis:service=RaftServer,group=group-AF0CBE3D3EB0,id=486fef96-c6ec-41d9-a4ca-7ebb3d261081
2025-09-07 09:45:39,594 [486fef96-c6ec-41d9-a4ca-7ebb3d261081-impl-thread1] INFO  server.RaftServer$Division (ServerState.java:setRaftConf(386)) - 486fef96-c6ec-41d9-a4ca-7ebb3d261081@group-7A90E47A063C: set configuration conf: {index: 0, cur=peers:[c7c0d573-77b1-47db-b09e-d84959a4a43f|127.0.0.1:15063, 486fef96-c6ec-41d9-a4ca-7ebb3d261081|127.0.0.1:15071, 4c7984b5-42f1-4e4b-a334-601f88f38b33|127.0.0.1:15079]|listeners:[], old=null}
2025-09-07 09:45:39,595 [486fef96-c6ec-41d9-a4ca-7ebb3d261081-impl-thread2] INFO  server.RaftServer$Division (RaftServerImpl.java:start(419)) - 486fef96-c6ec-41d9-a4ca-7ebb3d261081@group-AF0CBE3D3EB0: Successfully started.
2025-09-07 09:45:39,595 [486fef96-c6ec-41d9-a4ca-7ebb3d261081-impl-thread3] INFO  server.RaftServerConfigKeys (ConfUtils.java:logGet(62)) - raft.server.log.appender.buffer.byte-limit = 33554432 (custom)
2025-09-07 09:45:39,595 [486fef96-c6ec-41d9-a4ca-7ebb3d261081-impl-thread3] INFO  server.RaftServer$Division (ServerState.java:setRaftConf(386)) - 486fef96-c6ec-41d9-a4ca-7ebb3d261081@group-A6D30A1C9E4D: set configuration conf: {index: 0, cur=peers:[486fef96-c6ec-41d9-a4ca-7ebb3d261081|127.0.0.1:15071]|listeners:[], old=null}
2025-09-07 09:45:39,595 [486fef96-c6ec-41d9-a4ca-7ebb3d261081-impl-thread3] INFO  segmented.LogSegment (LogSegment.java:loadSegment(171)) - Successfully read 1 entries from segment file /home/runner/work/ozone/ozone/hadoop-ozone/integration-test/target/test-dir/MiniOzoneClusterImpl-023d5a78-e64c-43f3-a4d9-6f7884931d6c/ozone-metadata/datanode-8/ratis/ca43f102-4fc8-4b2e-baf8-a6d30a1c9e4d/current/log_inprogress_0
2025-09-07 09:45:39,595 [486fef96-c6ec-41d9-a4ca-7ebb3d261081-impl-thread3] INFO  segmented.SegmentedRaftLogWorker (SegmentedRaftLogWorker.java:lambda$new$0(141)) - 486fef96-c6ec-41d9-a4ca-7ebb3d261081@group-A6D30A1C9E4D-SegmentedRaftLogWorker: safeCacheEvictIndex: setUnconditionally 0 -> -1
2025-09-07 09:45:39,595 [486fef96-c6ec-41d9-a4ca-7ebb3d261081-impl-thread3] INFO  segmented.BufferedWriteChannel (BufferedWriteChannel.java:open(61)) - open log_inprogress_0 (append) at position 129
2025-09-07 09:45:39,596 [486fef96-c6ec-41d9-a4ca-7ebb3d261081-impl-thread1] INFO  segmented.LogSegment (LogSegment.java:loadSegment(171)) - Successfully read 17 entries from segment file /home/runner/work/ozone/ozone/hadoop-ozone/integration-test/target/test-dir/MiniOzoneClusterImpl-023d5a78-e64c-43f3-a4d9-6f7884931d6c/ozone-metadata/datanode-8/ratis/c966e9dd-f994-4bc9-96f7-7a90e47a063c/current/log_inprogress_0
2025-09-07 09:45:39,596 [486fef96-c6ec-41d9-a4ca-7ebb3d261081-impl-thread1] INFO  segmented.SegmentedRaftLogWorker (SegmentedRaftLogWorker.java:lambda$new$0(141)) - 486fef96-c6ec-41d9-a4ca-7ebb3d261081@group-7A90E47A063C-SegmentedRaftLogWorker: flushIndex: setUnconditionally 0 -> 16
2025-09-07 09:45:39,596 [486fef96-c6ec-41d9-a4ca-7ebb3d261081-impl-thread1] INFO  segmented.SegmentedRaftLogWorker (SegmentedRaftLogWorker.java:lambda$new$0(141)) - 486fef96-c6ec-41d9-a4ca-7ebb3d261081@group-7A90E47A063C-SegmentedRaftLogWorker: safeCacheEvictIndex: setUnconditionally 0 -> -1
2025-09-07 09:45:39,596 [486fef96-c6ec-41d9-a4ca-7ebb3d261081-impl-thread3] INFO  server.RaftServer$Division (RaftServerImpl.java:start(405)) - 486fef96-c6ec-41d9-a4ca-7ebb3d261081@group-A6D30A1C9E4D: start as a follower, conf=conf: {index: 0, cur=peers:[486fef96-c6ec-41d9-a4ca-7ebb3d261081|127.0.0.1:15071]|listeners:[], old=null}
2025-09-07 09:45:39,596 [486fef96-c6ec-41d9-a4ca-7ebb3d261081-impl-thread1] INFO  segmented.BufferedWriteChannel (BufferedWriteChannel.java:open(61)) - open log_inprogress_0 (append) at position 5998
2025-09-07 09:45:39,596 [486fef96-c6ec-41d9-a4ca-7ebb3d261081-impl-thread3] INFO  server.RaftServer$Division (RaftServerImpl.java:setRole(392)) - 486fef96-c6ec-41d9-a4ca-7ebb3d261081@group-A6D30A1C9E4D: changes role from      null to FOLLOWER at term 1 for startAsFollower
2025-09-07 09:45:39,596 [486fef96-c6ec-41d9-a4ca-7ebb3d261081-impl-thread3] INFO  impl.RoleInfo (RoleInfo.java:updateAndGet(148)) - 486fef96-c6ec-41d9-a4ca-7ebb3d261081: start 486fef96-c6ec-41d9-a4ca-7ebb3d261081@group-A6D30A1C9E4D-FollowerState
2025-09-07 09:45:39,596 [486fef96-c6ec-41d9-a4ca-7ebb3d261081-impl-thread1] INFO  server.RaftServer$Division (RaftServerImpl.java:start(405)) - 486fef96-c6ec-41d9-a4ca-7ebb3d261081@group-7A90E47A063C: start as a follower, conf=conf: {index: 0, cur=peers:[c7c0d573-77b1-47db-b09e-d84959a4a43f|127.0.0.1:15063, 486fef96-c6ec-41d9-a4ca-7ebb3d261081|127.0.0.1:15071, 4c7984b5-42f1-4e4b-a334-601f88f38b33|127.0.0.1:15079]|listeners:[], old=null}
2025-09-07 09:45:39,596 [486fef96-c6ec-41d9-a4ca-7ebb3d261081-impl-thread1] INFO  server.RaftServer$Division (RaftServerImpl.java:setRole(392)) - 486fef96-c6ec-41d9-a4ca-7ebb3d261081@group-7A90E47A063C: changes role from      null to FOLLOWER at term 1 for startAsFollower
2025-09-07 09:45:39,596 [486fef96-c6ec-41d9-a4ca-7ebb3d261081-impl-thread1] INFO  impl.RoleInfo (RoleInfo.java:updateAndGet(148)) - 486fef96-c6ec-41d9-a4ca-7ebb3d261081: start 486fef96-c6ec-41d9-a4ca-7ebb3d261081@group-7A90E47A063C-FollowerState
2025-09-07 09:45:39,597 [486fef96-c6ec-41d9-a4ca-7ebb3d261081-impl-thread3] INFO  util.JmxRegister (JmxRegister.java:tryRegister(44)) - Successfully registered JMX Bean with object name Ratis:service=RaftServer,group=group-A6D30A1C9E4D,id=486fef96-c6ec-41d9-a4ca-7ebb3d261081
2025-09-07 09:45:39,597 [486fef96-c6ec-41d9-a4ca-7ebb3d261081-impl-thread3] INFO  util.JmxRegister (JmxRegister.java:register(58)) - register mxBean class org.apache.ratis.server.impl.RaftServerJmxAdapter as Ratis:service=RaftServer,group=group-A6D30A1C9E4D,id=486fef96-c6ec-41d9-a4ca-7ebb3d261081
2025-09-07 09:45:39,597 [486fef96-c6ec-41d9-a4ca-7ebb3d261081-impl-thread1] INFO  util.JmxRegister (JmxRegister.java:tryRegister(44)) - Successfully registered JMX Bean with object name Ratis:service=RaftServer,group=group-7A90E47A063C,id=486fef96-c6ec-41d9-a4ca-7ebb3d261081
2025-09-07 09:45:39,597 [486fef96-c6ec-41d9-a4ca-7ebb3d261081-impl-thread1] INFO  util.JmxRegister (JmxRegister.java:register(58)) - register mxBean class org.apache.ratis.server.impl.RaftServerJmxAdapter as Ratis:service=RaftServer,group=group-7A90E47A063C,id=486fef96-c6ec-41d9-a4ca-7ebb3d261081
2025-09-07 09:45:39,597 [486fef96-c6ec-41d9-a4ca-7ebb3d261081-impl-thread3] INFO  server.RaftServer$Division (RaftServerImpl.java:start(419)) - 486fef96-c6ec-41d9-a4ca-7ebb3d261081@group-A6D30A1C9E4D: Successfully started.
2025-09-07 09:45:39,598 [486fef96-c6ec-41d9-a4ca-7ebb3d261081-impl-thread1] INFO  server.RaftServer$Division (RaftServerImpl.java:start(419)) - 486fef96-c6ec-41d9-a4ca-7ebb3d261081@group-7A90E47A063C: Successfully started.
2025-09-07 09:45:39,598 [486fef96-c6ec-41d9-a4ca-7ebb3d261081-EndpointStateMachineTaskThread-/0.0.0.0:15002-0 ] INFO  server.RaftServer (RaftServerProxy.java:startImpl(412)) - 486fef96-c6ec-41d9-a4ca-7ebb3d261081: start RPC server
2025-09-07 09:45:39,598 [486fef96-c6ec-41d9-a4ca-7ebb3d261081-EndpointStateMachineTaskThread-/0.0.0.0:15002-0 ] INFO  server.GrpcServicesImpl (GrpcServicesImpl.java:startImpl(346)) - 486fef96-c6ec-41d9-a4ca-7ebb3d261081: GrpcServicesImpl started, listening on 15069
2025-09-07 09:45:39,598 [486fef96-c6ec-41d9-a4ca-7ebb3d261081-EndpointStateMachineTaskThread-/0.0.0.0:15002-0 ] INFO  server.GrpcServicesImpl (GrpcServicesImpl.java:startImpl(346)) - 486fef96-c6ec-41d9-a4ca-7ebb3d261081: GrpcServicesImpl started, listening on 15071
2025-09-07 09:45:39,599 [486fef96-c6ec-41d9-a4ca-7ebb3d261081-EndpointStateMachineTaskThread-/0.0.0.0:15002-0 ] INFO  server.GrpcServicesImpl (GrpcServicesImpl.java:startImpl(346)) - 486fef96-c6ec-41d9-a4ca-7ebb3d261081: GrpcServicesImpl started, listening on 15070
2025-09-07 09:45:39,599 [486fef96-c6ec-41d9-a4ca-7ebb3d261081-EndpointStateMachineTaskThread-/0.0.0.0:15002-0 ] INFO  ratis.XceiverServerRatis (XceiverServerRatis.java:getRealPort(589)) - XceiverServerRatis(486fef96-c6ec-41d9-a4ca-7ebb3d261081) is started using port RATIS=15069
2025-09-07 09:45:39,599 [JvmPauseMonitor15] INFO  util.JvmPauseMonitor (JvmPauseMonitor.java:run(146)) - JvmPauseMonitor-486fef96-c6ec-41d9-a4ca-7ebb3d261081: Started
2025-09-07 09:45:39,599 [486fef96-c6ec-41d9-a4ca-7ebb3d261081-EndpointStateMachineTaskThread-/0.0.0.0:15002-0 ] INFO  ratis.XceiverServerRatis (XceiverServerRatis.java:getRealPort(589)) - XceiverServerRatis(486fef96-c6ec-41d9-a4ca-7ebb3d261081) is started using port RATIS_ADMIN=15070
2025-09-07 09:45:39,599 [486fef96-c6ec-41d9-a4ca-7ebb3d261081-EndpointStateMachineTaskThread-/0.0.0.0:15002-0 ] INFO  ratis.XceiverServerRatis (XceiverServerRatis.java:getRealPort(589)) - XceiverServerRatis(486fef96-c6ec-41d9-a4ca-7ebb3d261081) is started using port RATIS_SERVER=15071
2025-09-07 09:45:39,599 [486fef96-c6ec-41d9-a4ca-7ebb3d261081-EndpointStateMachineTaskThread-/0.0.0.0:15002-0 ] INFO  ratis.XceiverServerRatis (XceiverServerRatis.java:getRealPort(589)) - XceiverServerRatis(486fef96-c6ec-41d9-a4ca-7ebb3d261081) is started using port RATIS_DATASTREAM=15072
2025-09-07 09:45:39,600 [486fef96-c6ec-41d9-a4ca-7ebb3d261081-EndpointStateMachineTaskThread-/0.0.0.0:15002-0 ] INFO  utils.BackgroundService (BackgroundService.java:start(119)) - Starting service BlockDeletingService with interval 60000 milliseconds
2025-09-07 09:45:39,600 [486fef96-c6ec-41d9-a4ca-7ebb3d261081-EndpointStateMachineTaskThread-/0.0.0.0:15002-0 ] INFO  utils.BackgroundService (BackgroundService.java:start(119)) - Starting service StaleRecoveringContainerScrubbingService with interval 60000 milliseconds
2025-09-07 09:45:39,627 [4c7984b5-42f1-4e4b-a334-601f88f38b33@group-AF0CBE3D3EB0-FollowerState] INFO  impl.FollowerState (FollowerState.java:runImpl(161)) - 4c7984b5-42f1-4e4b-a334-601f88f38b33@group-AF0CBE3D3EB0-FollowerState: change to CANDIDATE, lastRpcElapsedTime:1064291754ns, electionTimeout:1064ms
2025-09-07 09:45:39,627 [4c7984b5-42f1-4e4b-a334-601f88f38b33@group-AF0CBE3D3EB0-FollowerState] INFO  impl.RoleInfo (RoleInfo.java:shutdownFollowerState(121)) - 4c7984b5-42f1-4e4b-a334-601f88f38b33: shutdown 4c7984b5-42f1-4e4b-a334-601f88f38b33@group-AF0CBE3D3EB0-FollowerState
2025-09-07 09:45:39,627 [4c7984b5-42f1-4e4b-a334-601f88f38b33@group-AF0CBE3D3EB0-FollowerState] INFO  server.RaftServer$Division (RaftServerImpl.java:setRole(392)) - 4c7984b5-42f1-4e4b-a334-601f88f38b33@group-AF0CBE3D3EB0: changes role from  FOLLOWER to CANDIDATE at term 1 for changeToCandidate
2025-09-07 09:45:39,627 [4c7984b5-42f1-4e4b-a334-601f88f38b33@group-AF0CBE3D3EB0-FollowerState] INFO  impl.RoleInfo (RoleInfo.java:updateAndGet(148)) - 4c7984b5-42f1-4e4b-a334-601f88f38b33: start 4c7984b5-42f1-4e4b-a334-601f88f38b33@group-AF0CBE3D3EB0-LeaderElection143
2025-09-07 09:45:39,627 [4c7984b5-42f1-4e4b-a334-601f88f38b33@group-AF0CBE3D3EB0-LeaderElection143] INFO  impl.LeaderElection (LeaderElection.java:askForVotes(448)) - 4c7984b5-42f1-4e4b-a334-601f88f38b33@group-AF0CBE3D3EB0-LeaderElection143 PRE_VOTE round 0: submit vote requests at term 1 for conf: {index: 0, cur=peers:[c7c0d573-77b1-47db-b09e-d84959a4a43f|127.0.0.1:15063, 486fef96-c6ec-41d9-a4ca-7ebb3d261081|127.0.0.1:15071, 4c7984b5-42f1-4e4b-a334-601f88f38b33|127.0.0.1:15079]|listeners:[], old=null}
2025-09-07 09:45:39,628 [4c7984b5-42f1-4e4b-a334-601f88f38b33@group-AF0CBE3D3EB0-LeaderElection143] INFO  impl.LeaderElection (LogUtils.java:infoOrTrace(142)) - 4c7984b5-42f1-4e4b-a334-601f88f38b33@group-AF0CBE3D3EB0-LeaderElection143 got exception when requesting votes: java.util.concurrent.ExecutionException: org.apache.ratis.thirdparty.io.grpc.StatusRuntimeException: UNAVAILABLE: io exception
2025-09-07 09:45:39,628 [4c7984b5-42f1-4e4b-a334-601f88f38b33@group-AF0CBE3D3EB0-LeaderElection143] INFO  impl.LeaderElection (LogUtils.java:infoOrTrace(142)) - 4c7984b5-42f1-4e4b-a334-601f88f38b33@group-AF0CBE3D3EB0-LeaderElection143 got exception when requesting votes: java.util.concurrent.ExecutionException: org.apache.ratis.thirdparty.io.grpc.StatusRuntimeException: UNAVAILABLE: io exception
2025-09-07 09:45:39,628 [4c7984b5-42f1-4e4b-a334-601f88f38b33@group-AF0CBE3D3EB0-LeaderElection143] INFO  impl.LeaderElection (LeaderElection.java:logAndReturn(206)) - 4c7984b5-42f1-4e4b-a334-601f88f38b33@group-AF0CBE3D3EB0-LeaderElection143: PRE_VOTE REJECTED received 0 response(s) and 2 exception(s):
2025-09-07 09:45:39,628 [4c7984b5-42f1-4e4b-a334-601f88f38b33@group-AF0CBE3D3EB0-LeaderElection143] INFO  impl.LeaderElection (LogUtils.java:infoOrTrace(142)) -   Exception 0: java.util.concurrent.ExecutionException: org.apache.ratis.thirdparty.io.grpc.StatusRuntimeException: UNAVAILABLE: io exception
2025-09-07 09:45:39,628 [4c7984b5-42f1-4e4b-a334-601f88f38b33@group-AF0CBE3D3EB0-LeaderElection143] INFO  impl.LeaderElection (LogUtils.java:infoOrTrace(142)) -   Exception 1: java.util.concurrent.ExecutionException: org.apache.ratis.thirdparty.io.grpc.StatusRuntimeException: UNAVAILABLE: io exception
2025-09-07 09:45:39,628 [4c7984b5-42f1-4e4b-a334-601f88f38b33@group-AF0CBE3D3EB0-LeaderElection143] INFO  impl.LeaderElection (LeaderElection.java:askForVotes(450)) - 4c7984b5-42f1-4e4b-a334-601f88f38b33@group-AF0CBE3D3EB0-LeaderElection143 PRE_VOTE round 0: result REJECTED
2025-09-07 09:45:39,628 [4c7984b5-42f1-4e4b-a334-601f88f38b33@group-AF0CBE3D3EB0-LeaderElection143] INFO  server.RaftServer$Division (RaftServerImpl.java:setRole(392)) - 4c7984b5-42f1-4e4b-a334-601f88f38b33@group-AF0CBE3D3EB0: changes role from CANDIDATE to FOLLOWER at term 1 for REJECTED
2025-09-07 09:45:39,628 [4c7984b5-42f1-4e4b-a334-601f88f38b33@group-AF0CBE3D3EB0-LeaderElection143] INFO  impl.RoleInfo (RoleInfo.java:shutdownLeaderElection(141)) - 4c7984b5-42f1-4e4b-a334-601f88f38b33: shutdown 4c7984b5-42f1-4e4b-a334-601f88f38b33@group-AF0CBE3D3EB0-LeaderElection143
2025-09-07 09:45:39,628 [4c7984b5-42f1-4e4b-a334-601f88f38b33@group-AF0CBE3D3EB0-LeaderElection143] INFO  impl.RoleInfo (RoleInfo.java:updateAndGet(148)) - 4c7984b5-42f1-4e4b-a334-601f88f38b33: start 4c7984b5-42f1-4e4b-a334-601f88f38b33@group-AF0CBE3D3EB0-FollowerState
2025-09-07 09:45:39,814 [c7c0d573-77b1-47db-b09e-d84959a4a43f-ContainerReader-0] INFO  ozoneimpl.ContainerReader (ContainerReader.java:readVolume(147)) - Start to verify containers on volume /home/runner/work/ozone/ozone/hadoop-ozone/integration-test/target/test-dir/MiniOzoneClusterImpl-023d5a78-e64c-43f3-a4d9-6f7884931d6c/ozone-metadata/datanode-7/data-0/hdds
2025-09-07 09:45:39,817 [c7c0d573-77b1-47db-b09e-d84959a4a43f-ContainerReader-0] WARN  helpers.KeyValueContainerUtil (KeyValueContainerUtil.java:populateContainerMetadata(330)) - Missing pendingDeleteBlockCount from metadata: recalculate them from block table
2025-09-07 09:45:39,819 [c7c0d573-77b1-47db-b09e-d84959a4a43f-ContainerReader-0] WARN  helpers.KeyValueContainerUtil (KeyValueContainerUtil.java:populateContainerMetadata(330)) - Missing pendingDeleteBlockCount from metadata: recalculate them from block table
2025-09-07 09:45:39,820 [c7c0d573-77b1-47db-b09e-d84959a4a43f-ContainerReader-0] INFO  ozoneimpl.ContainerReader (ContainerReader.java:readVolume(177)) - Finish verifying containers on volume /home/runner/work/ozone/ozone/hadoop-ozone/integration-test/target/test-dir/MiniOzoneClusterImpl-023d5a78-e64c-43f3-a4d9-6f7884931d6c/ozone-metadata/datanode-7/data-0/hdds
2025-09-07 09:45:39,820 [c7c0d573-77b1-47db-b09e-d84959a4a43f-EndpointStateMachineTaskThread-/0.0.0.0:15002-0 ] INFO  ozoneimpl.OzoneContainer (OzoneContainer.java:buildContainerSet(370)) - Build ContainerSet costs 0s
2025-09-07 09:45:39,821 [c7c0d573-77b1-47db-b09e-d84959a4a43f-EndpointStateMachineTaskThread-/0.0.0.0:15002-0 ] INFO  volume.ThrottledAsyncChecker (ThrottledAsyncChecker.java:schedule(138)) - Scheduling a check for /home/runner/work/ozone/ozone/hadoop-ozone/integration-test/target/test-dir/MiniOzoneClusterImpl-023d5a78-e64c-43f3-a4d9-6f7884931d6c/ozone-metadata/datanode-7/data-0/hdds
2025-09-07 09:45:39,821 [c7c0d573-77b1-47db-b09e-d84959a4a43f-EndpointStateMachineTaskThread-/0.0.0.0:15002-0 ] INFO  volume.StorageVolumeChecker (StorageVolumeChecker.java:checkAllVolumes(231)) - Scheduled health check for volume /home/runner/work/ozone/ozone/hadoop-ozone/integration-test/target/test-dir/MiniOzoneClusterImpl-023d5a78-e64c-43f3-a4d9-6f7884931d6c/ozone-metadata/datanode-7/data-0/hdds
2025-09-07 09:45:39,824 [c7c0d573-77b1-47db-b09e-d84959a4a43f-EndpointStateMachineTaskThread-/0.0.0.0:15002-0 ] INFO  volume.ThrottledAsyncChecker (ThrottledAsyncChecker.java:schedule(138)) - Scheduling a check for /home/runner/work/ozone/ozone/hadoop-ozone/integration-test/target/test-dir/MiniOzoneClusterImpl-023d5a78-e64c-43f3-a4d9-6f7884931d6c/ozone-metadata/datanode-7/ratis
2025-09-07 09:45:39,824 [c7c0d573-77b1-47db-b09e-d84959a4a43f-EndpointStateMachineTaskThread-/0.0.0.0:15002-0 ] INFO  volume.StorageVolumeChecker (StorageVolumeChecker.java:checkAllVolumes(231)) - Scheduled health check for volume /home/runner/work/ozone/ozone/hadoop-ozone/integration-test/target/test-dir/MiniOzoneClusterImpl-023d5a78-e64c-43f3-a4d9-6f7884931d6c/ozone-metadata/datanode-7/ratis
2025-09-07 09:45:39,825 [c7c0d573-77b1-47db-b09e-d84959a4a43f-EndpointStateMachineTaskThread-/0.0.0.0:15002-0 ] INFO  ozoneimpl.OzoneContainer (OzoneContainer.java:start(525)) - Attempting to start container services.
2025-09-07 09:45:39,826 [ContainerDataScanner(/home/runner/work/ozone/ozone/hadoop-ozone/integration-test/target/test-dir/MiniOzoneClusterImpl-023d5a78-e64c-43f3-a4d9-6f7884931d6c/ozone-metadata/datanode-7/data-0/hdds)] INFO  ozoneimpl.AbstractBackgroundContainerScanner (AbstractBackgroundContainerScanner.java:runIteration(89)) - Completed an iteration in 0 minutes. Number of iterations (since the data-node restart) : 1, Number of containers scanned in this iteration : 0, Number of unhealthy containers found in this iteration : 0
2025-09-07 09:45:39,826 [c7c0d573-77b1-47db-b09e-d84959a4a43f-EndpointStateMachineTaskThread-/0.0.0.0:15002-0 ] INFO  replication.ReplicationServer (ReplicationServer.java:start(137)) - ReplicationServer is started using port 15065
2025-09-07 09:45:39,827 [c7c0d573-77b1-47db-b09e-d84959a4a43f-EndpointStateMachineTaskThread-/0.0.0.0:15002-0 ] INFO  ratis.XceiverServerRatis (XceiverServerRatis.java:start(562)) - Starting XceiverServerRatis(c7c0d573-77b1-47db-b09e-d84959a4a43f)
2025-09-07 09:45:39,828 [c7c0d573-77b1-47db-b09e-d84959a4a43f-impl-thread1] INFO  server.RaftServerConfigKeys (ConfUtils.java:logGet(62)) - raft.server.storage.dir = [/home/runner/work/ozone/ozone/hadoop-ozone/integration-test/target/test-dir/MiniOzoneClusterImpl-023d5a78-e64c-43f3-a4d9-6f7884931d6c/ozone-metadata/datanode-7/ratis] (custom)
2025-09-07 09:45:39,829 [ContainerMetadataScanner] INFO  ozoneimpl.AbstractBackgroundContainerScanner (AbstractBackgroundContainerScanner.java:runIteration(89)) - Completed an iteration in 0 minutes. Number of iterations (since the data-node restart) : 1, Number of containers scanned in this iteration : 2, Number of unhealthy containers found in this iteration : 0
2025-09-07 09:45:39,829 [c7c0d573-77b1-47db-b09e-d84959a4a43f-impl-thread3] INFO  storage.RaftStorageDirectory (RaftStorageDirectoryImpl.java:tryLock(229)) - Lock on /home/runner/work/ozone/ozone/hadoop-ozone/integration-test/target/test-dir/MiniOzoneClusterImpl-023d5a78-e64c-43f3-a4d9-6f7884931d6c/ozone-metadata/datanode-7/ratis/00271ae9-8e75-458f-be58-af0cbe3d3eb0/in_use.lock acquired by nodename 23079@localhost
2025-09-07 09:45:39,829 [c7c0d573-77b1-47db-b09e-d84959a4a43f-impl-thread1] INFO  storage.RaftStorageDirectory (RaftStorageDirectoryImpl.java:tryLock(229)) - Lock on /home/runner/work/ozone/ozone/hadoop-ozone/integration-test/target/test-dir/MiniOzoneClusterImpl-023d5a78-e64c-43f3-a4d9-6f7884931d6c/ozone-metadata/datanode-7/ratis/83208cbc-1a5b-4af7-83c4-3c9828298815/in_use.lock acquired by nodename 23079@localhost
2025-09-07 09:45:39,830 [c7c0d573-77b1-47db-b09e-d84959a4a43f-impl-thread3] INFO  storage.RaftStorage (RaftStorageImpl.java:analyzeAndRecoverStorage(118)) - Read RaftStorageMetadata{term=1, votedFor=c7c0d573-77b1-47db-b09e-d84959a4a43f} from /home/runner/work/ozone/ozone/hadoop-ozone/integration-test/target/test-dir/MiniOzoneClusterImpl-023d5a78-e64c-43f3-a4d9-6f7884931d6c/ozone-metadata/datanode-7/ratis/00271ae9-8e75-458f-be58-af0cbe3d3eb0/current/raft-meta
2025-09-07 09:45:39,829 [c7c0d573-77b1-47db-b09e-d84959a4a43f-impl-thread2] INFO  storage.RaftStorageDirectory (RaftStorageDirectoryImpl.java:tryLock(229)) - Lock on /home/runner/work/ozone/ozone/hadoop-ozone/integration-test/target/test-dir/MiniOzoneClusterImpl-023d5a78-e64c-43f3-a4d9-6f7884931d6c/ozone-metadata/datanode-7/ratis/c966e9dd-f994-4bc9-96f7-7a90e47a063c/in_use.lock acquired by nodename 23079@localhost
2025-09-07 09:45:39,830 [c7c0d573-77b1-47db-b09e-d84959a4a43f-impl-thread3] INFO  server.RaftServer$Division (ServerState.java:setRaftConf(386)) - c7c0d573-77b1-47db-b09e-d84959a4a43f@group-AF0CBE3D3EB0: set configuration conf: {index: 0, cur=peers:[c7c0d573-77b1-47db-b09e-d84959a4a43f|127.0.0.1:15063, 486fef96-c6ec-41d9-a4ca-7ebb3d261081|127.0.0.1:15071, 4c7984b5-42f1-4e4b-a334-601f88f38b33|127.0.0.1:15079]|listeners:[], old=null}
2025-09-07 09:45:39,830 [c7c0d573-77b1-47db-b09e-d84959a4a43f-impl-thread2] INFO  storage.RaftStorage (RaftStorageImpl.java:analyzeAndRecoverStorage(118)) - Read RaftStorageMetadata{term=2, votedFor=4c7984b5-42f1-4e4b-a334-601f88f38b33} from /home/runner/work/ozone/ozone/hadoop-ozone/integration-test/target/test-dir/MiniOzoneClusterImpl-023d5a78-e64c-43f3-a4d9-6f7884931d6c/ozone-metadata/datanode-7/ratis/c966e9dd-f994-4bc9-96f7-7a90e47a063c/current/raft-meta
2025-09-07 09:45:39,830 [c7c0d573-77b1-47db-b09e-d84959a4a43f-impl-thread1] INFO  storage.RaftStorage (RaftStorageImpl.java:analyzeAndRecoverStorage(118)) - Read RaftStorageMetadata{term=1, votedFor=c7c0d573-77b1-47db-b09e-d84959a4a43f} from /home/runner/work/ozone/ozone/hadoop-ozone/integration-test/target/test-dir/MiniOzoneClusterImpl-023d5a78-e64c-43f3-a4d9-6f7884931d6c/ozone-metadata/datanode-7/ratis/83208cbc-1a5b-4af7-83c4-3c9828298815/current/raft-meta
2025-09-07 09:45:39,830 [c7c0d573-77b1-47db-b09e-d84959a4a43f-impl-thread3] INFO  ratis.ContainerStateMachine (ContainerStateMachine.java:initialize(339)) - c7c0d573-77b1-47db-b09e-d84959a4a43f: initialize group-AF0CBE3D3EB0
2025-09-07 09:45:39,830 [c7c0d573-77b1-47db-b09e-d84959a4a43f-impl-thread3] INFO  ratis.ContainerStateMachine (ContainerStateMachine.java:loadSnapshot(356)) - group-AF0CBE3D3EB0: Setting the last applied index to (t:1, i:0)
2025-09-07 09:45:39,830 [c7c0d573-77b1-47db-b09e-d84959a4a43f-impl-thread1] INFO  server.RaftServer$Division (ServerState.java:setRaftConf(386)) - c7c0d573-77b1-47db-b09e-d84959a4a43f@group-3C9828298815: set configuration conf: {index: 0, cur=peers:[c7c0d573-77b1-47db-b09e-d84959a4a43f|127.0.0.1:15063]|listeners:[], old=null}
2025-09-07 09:45:39,830 [c7c0d573-77b1-47db-b09e-d84959a4a43f-impl-thread3] INFO  server.RaftServerConfigKeys (ConfUtils.java:logGet(62)) - raft.server.log.appender.buffer.byte-limit = 33554432 (custom)
2025-09-07 09:45:39,831 [c7c0d573-77b1-47db-b09e-d84959a4a43f-impl-thread1] INFO  ratis.ContainerStateMachine (ContainerStateMachine.java:initialize(339)) - c7c0d573-77b1-47db-b09e-d84959a4a43f: initialize group-3C9828298815
2025-09-07 09:45:39,831 [c7c0d573-77b1-47db-b09e-d84959a4a43f-impl-thread1] INFO  ratis.ContainerStateMachine (ContainerStateMachine.java:loadSnapshot(356)) - group-3C9828298815: Setting the last applied index to (t:1, i:0)
2025-09-07 09:45:39,831 [c7c0d573-77b1-47db-b09e-d84959a4a43f-impl-thread1] INFO  server.RaftServerConfigKeys (ConfUtils.java:logGet(62)) - raft.server.log.appender.buffer.byte-limit = 33554432 (custom)
2025-09-07 09:45:39,831 [c7c0d573-77b1-47db-b09e-d84959a4a43f-impl-thread2] INFO  server.RaftServer$Division (ServerState.java:setRaftConf(386)) - c7c0d573-77b1-47db-b09e-d84959a4a43f@group-7A90E47A063C: set configuration conf: {index: 17, cur=peers:[c7c0d573-77b1-47db-b09e-d84959a4a43f|127.0.0.1:15063, 486fef96-c6ec-41d9-a4ca-7ebb3d261081|127.0.0.1:15071, 4c7984b5-42f1-4e4b-a334-601f88f38b33|127.0.0.1:15079]|listeners:[], old=null}
2025-09-07 09:45:39,831 [c7c0d573-77b1-47db-b09e-d84959a4a43f-impl-thread2] INFO  ratis.ContainerStateMachine (ContainerStateMachine.java:initialize(339)) - c7c0d573-77b1-47db-b09e-d84959a4a43f: initialize group-7A90E47A063C
2025-09-07 09:45:39,831 [c7c0d573-77b1-47db-b09e-d84959a4a43f-impl-thread2] INFO  ratis.ContainerStateMachine (ContainerStateMachine.java:loadSnapshot(356)) - group-7A90E47A063C: Setting the last applied index to (t:2, i:18)
2025-09-07 09:45:39,831 [c7c0d573-77b1-47db-b09e-d84959a4a43f-impl-thread2] INFO  server.RaftServerConfigKeys (ConfUtils.java:logGet(62)) - raft.server.log.appender.buffer.byte-limit = 33554432 (custom)
2025-09-07 09:45:39,837 [c7c0d573-77b1-47db-b09e-d84959a4a43f-impl-thread3] INFO  server.RaftServerConfigKeys (ConfUtils.java:logGet(62)) - raft.server.log.segment.size.max = 67108864 (custom)
2025-09-07 09:45:39,840 [c7c0d573-77b1-47db-b09e-d84959a4a43f-impl-thread3] INFO  server.RaftServerConfigKeys (ConfUtils.java:logGet(62)) - raft.server.log.appender.buffer.byte-limit = 33554432 (custom)
2025-09-07 09:45:39,840 [c7c0d573-77b1-47db-b09e-d84959a4a43f-impl-thread3] INFO  util.AwaitToRun (AwaitToRun.java:start(81)) - Thread[#2673,c7c0d573-77b1-47db-b09e-d84959a4a43f@group-AF0CBE3D3EB0-cacheEviction-AwaitToRun,5,main] started
2025-09-07 09:45:39,840 [c7c0d573-77b1-47db-b09e-d84959a4a43f-impl-thread3] INFO  segmented.SegmentedRaftLogWorker (SegmentedRaftLogWorker.java:<init>(190)) - new c7c0d573-77b1-47db-b09e-d84959a4a43f@group-AF0CBE3D3EB0-SegmentedRaftLogWorker for RaftStorageImpl:Storage Directory /home/runner/work/ozone/ozone/hadoop-ozone/integration-test/target/test-dir/MiniOzoneClusterImpl-023d5a78-e64c-43f3-a4d9-6f7884931d6c/ozone-metadata/datanode-7/ratis/00271ae9-8e75-458f-be58-af0cbe3d3eb0
2025-09-07 09:45:39,840 [c7c0d573-77b1-47db-b09e-d84959a4a43f-impl-thread3] INFO  server.RaftServerConfigKeys (ConfUtils.java:logGet(62)) - raft.server.log.queue.byte-limit = 4294967296 (custom)
2025-09-07 09:45:39,840 [c7c0d573-77b1-47db-b09e-d84959a4a43f-impl-thread3] INFO  server.RaftServerConfigKeys (ConfUtils.java:logGet(62)) - raft.server.log.segment.size.max = 67108864 (custom)
2025-09-07 09:45:39,840 [c7c0d573-77b1-47db-b09e-d84959a4a43f-impl-thread3] INFO  server.RaftServerConfigKeys (ConfUtils.java:logGet(62)) - raft.server.log.preallocated.size = 4194304 (custom)
2025-09-07 09:45:39,841 [c7c0d573-77b1-47db-b09e-d84959a4a43f-impl-thread2] INFO  server.RaftServerConfigKeys (ConfUtils.java:logGet(62)) - raft.server.log.segment.size.max = 67108864 (custom)
2025-09-07 09:45:39,842 [c7c0d573-77b1-47db-b09e-d84959a4a43f-impl-thread2] INFO  server.RaftServerConfigKeys (ConfUtils.java:logGet(62)) - raft.server.log.appender.buffer.byte-limit = 33554432 (custom)
2025-09-07 09:45:39,843 [c7c0d573-77b1-47db-b09e-d84959a4a43f-impl-thread2] INFO  util.AwaitToRun (AwaitToRun.java:start(81)) - Thread[#2674,c7c0d573-77b1-47db-b09e-d84959a4a43f@group-7A90E47A063C-cacheEviction-AwaitToRun,5,main] started
2025-09-07 09:45:39,843 [c7c0d573-77b1-47db-b09e-d84959a4a43f-impl-thread2] INFO  segmented.SegmentedRaftLogWorker (SegmentedRaftLogWorker.java:<init>(190)) - new c7c0d573-77b1-47db-b09e-d84959a4a43f@group-7A90E47A063C-SegmentedRaftLogWorker for RaftStorageImpl:Storage Directory /home/runner/work/ozone/ozone/hadoop-ozone/integration-test/target/test-dir/MiniOzoneClusterImpl-023d5a78-e64c-43f3-a4d9-6f7884931d6c/ozone-metadata/datanode-7/ratis/c966e9dd-f994-4bc9-96f7-7a90e47a063c
2025-09-07 09:45:39,843 [c7c0d573-77b1-47db-b09e-d84959a4a43f-impl-thread2] INFO  server.RaftServerConfigKeys (ConfUtils.java:logGet(62)) - raft.server.log.queue.byte-limit = 4294967296 (custom)
2025-09-07 09:45:39,843 [c7c0d573-77b1-47db-b09e-d84959a4a43f-impl-thread2] INFO  server.RaftServerConfigKeys (ConfUtils.java:logGet(62)) - raft.server.log.segment.size.max = 67108864 (custom)
2025-09-07 09:45:39,843 [c7c0d573-77b1-47db-b09e-d84959a4a43f-impl-thread2] INFO  server.RaftServerConfigKeys (ConfUtils.java:logGet(62)) - raft.server.log.preallocated.size = 4194304 (custom)
2025-09-07 09:45:39,843 [c7c0d573-77b1-47db-b09e-d84959a4a43f-impl-thread3] INFO  server.RaftServerConfigKeys (ConfUtils.java:logGet(62)) - raft.server.log.write.buffer.size = 33554440 (custom)
2025-09-07 09:45:39,844 [c7c0d573-77b1-47db-b09e-d84959a4a43f-impl-thread1] INFO  server.RaftServerConfigKeys (ConfUtils.java:logGet(62)) - raft.server.log.segment.size.max = 67108864 (custom)
2025-09-07 09:45:39,845 [c7c0d573-77b1-47db-b09e-d84959a4a43f-impl-thread2] INFO  server.RaftServerConfigKeys (ConfUtils.java:logGet(62)) - raft.server.log.write.buffer.size = 33554440 (custom)
2025-09-07 09:45:39,845 [c7c0d573-77b1-47db-b09e-d84959a4a43f-impl-thread1] INFO  server.RaftServerConfigKeys (ConfUtils.java:logGet(62)) - raft.server.log.appender.buffer.byte-limit = 33554432 (custom)
2025-09-07 09:45:39,846 [c7c0d573-77b1-47db-b09e-d84959a4a43f-impl-thread1] INFO  util.AwaitToRun (AwaitToRun.java:start(81)) - Thread[#2675,c7c0d573-77b1-47db-b09e-d84959a4a43f@group-3C9828298815-cacheEviction-AwaitToRun,5,main] started
2025-09-07 09:45:39,846 [c7c0d573-77b1-47db-b09e-d84959a4a43f-impl-thread1] INFO  segmented.SegmentedRaftLogWorker (SegmentedRaftLogWorker.java:<init>(190)) - new c7c0d573-77b1-47db-b09e-d84959a4a43f@group-3C9828298815-SegmentedRaftLogWorker for RaftStorageImpl:Storage Directory /home/runner/work/ozone/ozone/hadoop-ozone/integration-test/target/test-dir/MiniOzoneClusterImpl-023d5a78-e64c-43f3-a4d9-6f7884931d6c/ozone-metadata/datanode-7/ratis/83208cbc-1a5b-4af7-83c4-3c9828298815
2025-09-07 09:45:39,846 [c7c0d573-77b1-47db-b09e-d84959a4a43f-impl-thread1] INFO  server.RaftServerConfigKeys (ConfUtils.java:logGet(62)) - raft.server.log.queue.byte-limit = 4294967296 (custom)
2025-09-07 09:45:39,846 [c7c0d573-77b1-47db-b09e-d84959a4a43f-impl-thread1] INFO  server.RaftServerConfigKeys (ConfUtils.java:logGet(62)) - raft.server.log.segment.size.max = 67108864 (custom)
2025-09-07 09:45:39,846 [c7c0d573-77b1-47db-b09e-d84959a4a43f-impl-thread1] INFO  server.RaftServerConfigKeys (ConfUtils.java:logGet(62)) - raft.server.log.preallocated.size = 4194304 (custom)
2025-09-07 09:45:39,847 [c7c0d573-77b1-47db-b09e-d84959a4a43f-impl-thread1] INFO  server.RaftServerConfigKeys (ConfUtils.java:logGet(62)) - raft.server.log.write.buffer.size = 33554440 (custom)
2025-09-07 09:45:39,849 [c7c0d573-77b1-47db-b09e-d84959a4a43f-impl-thread3] INFO  server.RaftServerConfigKeys (ConfUtils.java:logGet(62)) - raft.server.log.appender.buffer.byte-limit = 33554432 (custom)
2025-09-07 09:45:39,849 [c7c0d573-77b1-47db-b09e-d84959a4a43f-impl-thread3] INFO  server.RaftServer$Division (ServerState.java:setRaftConf(386)) - c7c0d573-77b1-47db-b09e-d84959a4a43f@group-AF0CBE3D3EB0: set configuration conf: {index: 0, cur=peers:[c7c0d573-77b1-47db-b09e-d84959a4a43f|127.0.0.1:15063, 486fef96-c6ec-41d9-a4ca-7ebb3d261081|127.0.0.1:15071, 4c7984b5-42f1-4e4b-a334-601f88f38b33|127.0.0.1:15079]|listeners:[], old=null}
2025-09-07 09:45:39,850 [c7c0d573-77b1-47db-b09e-d84959a4a43f-impl-thread3] INFO  segmented.LogSegment (LogSegment.java:loadSegment(171)) - Successfully read 1 entries from segment file /home/runner/work/ozone/ozone/hadoop-ozone/integration-test/target/test-dir/MiniOzoneClusterImpl-023d5a78-e64c-43f3-a4d9-6f7884931d6c/ozone-metadata/datanode-7/ratis/00271ae9-8e75-458f-be58-af0cbe3d3eb0/current/log_inprogress_0
2025-09-07 09:45:39,850 [c7c0d573-77b1-47db-b09e-d84959a4a43f-impl-thread3] INFO  segmented.SegmentedRaftLogWorker (SegmentedRaftLogWorker.java:lambda$new$0(141)) - c7c0d573-77b1-47db-b09e-d84959a4a43f@group-AF0CBE3D3EB0-SegmentedRaftLogWorker: safeCacheEvictIndex: setUnconditionally 0 -> -1
2025-09-07 09:45:39,850 [c7c0d573-77b1-47db-b09e-d84959a4a43f-impl-thread3] INFO  segmented.BufferedWriteChannel (BufferedWriteChannel.java:open(61)) - open log_inprogress_0 (append) at position 351
2025-09-07 09:45:39,850 [c7c0d573-77b1-47db-b09e-d84959a4a43f-impl-thread3] INFO  server.RaftServer$Division (RaftServerImpl.java:start(405)) - c7c0d573-77b1-47db-b09e-d84959a4a43f@group-AF0CBE3D3EB0: start as a follower, conf=conf: {index: 0, cur=peers:[c7c0d573-77b1-47db-b09e-d84959a4a43f|127.0.0.1:15063, 486fef96-c6ec-41d9-a4ca-7ebb3d261081|127.0.0.1:15071, 4c7984b5-42f1-4e4b-a334-601f88f38b33|127.0.0.1:15079]|listeners:[], old=null}
2025-09-07 09:45:39,850 [c7c0d573-77b1-47db-b09e-d84959a4a43f-impl-thread3] INFO  server.RaftServer$Division (RaftServerImpl.java:setRole(392)) - c7c0d573-77b1-47db-b09e-d84959a4a43f@group-AF0CBE3D3EB0: changes role from      null to FOLLOWER at term 1 for startAsFollower
2025-09-07 09:45:39,850 [c7c0d573-77b1-47db-b09e-d84959a4a43f-impl-thread3] INFO  impl.RoleInfo (RoleInfo.java:updateAndGet(148)) - c7c0d573-77b1-47db-b09e-d84959a4a43f: start c7c0d573-77b1-47db-b09e-d84959a4a43f@group-AF0CBE3D3EB0-FollowerState
2025-09-07 09:45:39,851 [c7c0d573-77b1-47db-b09e-d84959a4a43f-impl-thread3] INFO  util.JmxRegister (JmxRegister.java:tryRegister(44)) - Successfully registered JMX Bean with object name Ratis:service=RaftServer,group=group-AF0CBE3D3EB0,id=c7c0d573-77b1-47db-b09e-d84959a4a43f
2025-09-07 09:45:39,851 [c7c0d573-77b1-47db-b09e-d84959a4a43f-impl-thread3] INFO  util.JmxRegister (JmxRegister.java:register(58)) - register mxBean class org.apache.ratis.server.impl.RaftServerJmxAdapter as Ratis:service=RaftServer,group=group-AF0CBE3D3EB0,id=c7c0d573-77b1-47db-b09e-d84959a4a43f
2025-09-07 09:45:39,852 [c7c0d573-77b1-47db-b09e-d84959a4a43f-impl-thread2] INFO  server.RaftServerConfigKeys (ConfUtils.java:logGet(62)) - raft.server.log.appender.buffer.byte-limit = 33554432 (custom)
2025-09-07 09:45:39,852 [c7c0d573-77b1-47db-b09e-d84959a4a43f-impl-thread3] INFO  server.RaftServer$Division (RaftServerImpl.java:start(419)) - c7c0d573-77b1-47db-b09e-d84959a4a43f@group-AF0CBE3D3EB0: Successfully started.
2025-09-07 09:45:39,852 [c7c0d573-77b1-47db-b09e-d84959a4a43f-impl-thread2] INFO  server.RaftServer$Division (ServerState.java:setRaftConf(386)) - c7c0d573-77b1-47db-b09e-d84959a4a43f@group-7A90E47A063C: set configuration conf: {index: 0, cur=peers:[c7c0d573-77b1-47db-b09e-d84959a4a43f|127.0.0.1:15063, 486fef96-c6ec-41d9-a4ca-7ebb3d261081|127.0.0.1:15071, 4c7984b5-42f1-4e4b-a334-601f88f38b33|127.0.0.1:15079]|listeners:[], old=null}
2025-09-07 09:45:39,854 [c7c0d573-77b1-47db-b09e-d84959a4a43f-impl-thread2] INFO  segmented.LogSegment (LogSegment.java:loadSegment(171)) - Successfully read 17 entries from segment file /home/runner/work/ozone/ozone/hadoop-ozone/integration-test/target/test-dir/MiniOzoneClusterImpl-023d5a78-e64c-43f3-a4d9-6f7884931d6c/ozone-metadata/datanode-7/ratis/c966e9dd-f994-4bc9-96f7-7a90e47a063c/current/log_0-16
2025-09-07 09:45:39,854 [c7c0d573-77b1-47db-b09e-d84959a4a43f-impl-thread1] INFO  server.RaftServerConfigKeys (ConfUtils.java:logGet(62)) - raft.server.log.appender.buffer.byte-limit = 33554432 (custom)
2025-09-07 09:45:39,854 [c7c0d573-77b1-47db-b09e-d84959a4a43f-impl-thread2] INFO  server.RaftServer$Division (ServerState.java:setRaftConf(386)) - c7c0d573-77b1-47db-b09e-d84959a4a43f@group-7A90E47A063C: set configuration conf: {index: 17, cur=peers:[c7c0d573-77b1-47db-b09e-d84959a4a43f|127.0.0.1:15063, 486fef96-c6ec-41d9-a4ca-7ebb3d261081|127.0.0.1:15071, 4c7984b5-42f1-4e4b-a334-601f88f38b33|127.0.0.1:15079]|listeners:[], old=null}
2025-09-07 09:45:39,854 [c7c0d573-77b1-47db-b09e-d84959a4a43f-impl-thread2] INFO  segmented.LogSegment (LogSegment.java:loadSegment(171)) - Successfully read 2 entries from segment file /home/runner/work/ozone/ozone/hadoop-ozone/integration-test/target/test-dir/MiniOzoneClusterImpl-023d5a78-e64c-43f3-a4d9-6f7884931d6c/ozone-metadata/datanode-7/ratis/c966e9dd-f994-4bc9-96f7-7a90e47a063c/current/log_inprogress_17
2025-09-07 09:45:39,855 [c7c0d573-77b1-47db-b09e-d84959a4a43f-impl-thread1] INFO  server.RaftServer$Division (ServerState.java:setRaftConf(386)) - c7c0d573-77b1-47db-b09e-d84959a4a43f@group-3C9828298815: set configuration conf: {index: 0, cur=peers:[c7c0d573-77b1-47db-b09e-d84959a4a43f|127.0.0.1:15063]|listeners:[], old=null}
2025-09-07 09:45:39,855 [c7c0d573-77b1-47db-b09e-d84959a4a43f-impl-thread1] INFO  segmented.LogSegment (LogSegment.java:loadSegment(171)) - Successfully read 1 entries from segment file /home/runner/work/ozone/ozone/hadoop-ozone/integration-test/target/test-dir/MiniOzoneClusterImpl-023d5a78-e64c-43f3-a4d9-6f7884931d6c/ozone-metadata/datanode-7/ratis/83208cbc-1a5b-4af7-83c4-3c9828298815/current/log_inprogress_0
2025-09-07 09:45:39,855 [c7c0d573-77b1-47db-b09e-d84959a4a43f-impl-thread1] INFO  segmented.SegmentedRaftLogWorker (SegmentedRaftLogWorker.java:lambda$new$0(141)) - c7c0d573-77b1-47db-b09e-d84959a4a43f@group-3C9828298815-SegmentedRaftLogWorker: safeCacheEvictIndex: setUnconditionally 0 -> -1
2025-09-07 09:45:39,855 [c7c0d573-77b1-47db-b09e-d84959a4a43f-impl-thread1] INFO  segmented.BufferedWriteChannel (BufferedWriteChannel.java:open(61)) - open log_inprogress_0 (append) at position 129
2025-09-07 09:45:39,855 [c7c0d573-77b1-47db-b09e-d84959a4a43f-impl-thread2] INFO  segmented.SegmentedRaftLogWorker (SegmentedRaftLogWorker.java:lambda$new$0(141)) - c7c0d573-77b1-47db-b09e-d84959a4a43f@group-7A90E47A063C-SegmentedRaftLogWorker: flushIndex: setUnconditionally 0 -> 18
2025-09-07 09:45:39,855 [c7c0d573-77b1-47db-b09e-d84959a4a43f-impl-thread2] INFO  segmented.SegmentedRaftLogWorker (SegmentedRaftLogWorker.java:lambda$new$0(141)) - c7c0d573-77b1-47db-b09e-d84959a4a43f@group-7A90E47A063C-SegmentedRaftLogWorker: safeCacheEvictIndex: setUnconditionally 0 -> 16
2025-09-07 09:45:39,855 [c7c0d573-77b1-47db-b09e-d84959a4a43f-impl-thread2] INFO  segmented.BufferedWriteChannel (BufferedWriteChannel.java:open(61)) - open log_inprogress_17 (append) at position 366
2025-09-07 09:45:39,856 [c7c0d573-77b1-47db-b09e-d84959a4a43f-impl-thread1] INFO  server.RaftServer$Division (RaftServerImpl.java:start(405)) - c7c0d573-77b1-47db-b09e-d84959a4a43f@group-3C9828298815: start as a follower, conf=conf: {index: 0, cur=peers:[c7c0d573-77b1-47db-b09e-d84959a4a43f|127.0.0.1:15063]|listeners:[], old=null}
2025-09-07 09:45:39,856 [c7c0d573-77b1-47db-b09e-d84959a4a43f-impl-thread1] INFO  server.RaftServer$Division (RaftServerImpl.java:setRole(392)) - c7c0d573-77b1-47db-b09e-d84959a4a43f@group-3C9828298815: changes role from      null to FOLLOWER at term 1 for startAsFollower
2025-09-07 09:45:39,856 [c7c0d573-77b1-47db-b09e-d84959a4a43f-impl-thread2] INFO  server.RaftServer$Division (RaftServerImpl.java:start(405)) - c7c0d573-77b1-47db-b09e-d84959a4a43f@group-7A90E47A063C: start as a follower, conf=conf: {index: 17, cur=peers:[c7c0d573-77b1-47db-b09e-d84959a4a43f|127.0.0.1:15063, 486fef96-c6ec-41d9-a4ca-7ebb3d261081|127.0.0.1:15071, 4c7984b5-42f1-4e4b-a334-601f88f38b33|127.0.0.1:15079]|listeners:[], old=null}
2025-09-07 09:45:39,856 [c7c0d573-77b1-47db-b09e-d84959a4a43f-impl-thread1] INFO  impl.RoleInfo (RoleInfo.java:updateAndGet(148)) - c7c0d573-77b1-47db-b09e-d84959a4a43f: start c7c0d573-77b1-47db-b09e-d84959a4a43f@group-3C9828298815-FollowerState
2025-09-07 09:45:39,856 [c7c0d573-77b1-47db-b09e-d84959a4a43f-impl-thread1] INFO  util.JmxRegister (JmxRegister.java:tryRegister(44)) - Successfully registered JMX Bean with object name Ratis:service=RaftServer,group=group-3C9828298815,id=c7c0d573-77b1-47db-b09e-d84959a4a43f
2025-09-07 09:45:39,857 [c7c0d573-77b1-47db-b09e-d84959a4a43f-impl-thread1] INFO  util.JmxRegister (JmxRegister.java:register(58)) - register mxBean class org.apache.ratis.server.impl.RaftServerJmxAdapter as Ratis:service=RaftServer,group=group-3C9828298815,id=c7c0d573-77b1-47db-b09e-d84959a4a43f
2025-09-07 09:45:39,856 [c7c0d573-77b1-47db-b09e-d84959a4a43f-impl-thread2] INFO  server.RaftServer$Division (RaftServerImpl.java:setRole(392)) - c7c0d573-77b1-47db-b09e-d84959a4a43f@group-7A90E47A063C: changes role from      null to FOLLOWER at term 2 for startAsFollower
2025-09-07 09:45:39,857 [c7c0d573-77b1-47db-b09e-d84959a4a43f-impl-thread2] INFO  impl.RoleInfo (RoleInfo.java:updateAndGet(148)) - c7c0d573-77b1-47db-b09e-d84959a4a43f: start c7c0d573-77b1-47db-b09e-d84959a4a43f@group-7A90E47A063C-FollowerState
2025-09-07 09:45:39,857 [c7c0d573-77b1-47db-b09e-d84959a4a43f-impl-thread2] INFO  util.JmxRegister (JmxRegister.java:tryRegister(44)) - Successfully registered JMX Bean with object name Ratis:service=RaftServer,group=group-7A90E47A063C,id=c7c0d573-77b1-47db-b09e-d84959a4a43f
2025-09-07 09:45:39,857 [c7c0d573-77b1-47db-b09e-d84959a4a43f-impl-thread2] INFO  util.JmxRegister (JmxRegister.java:register(58)) - register mxBean class org.apache.ratis.server.impl.RaftServerJmxAdapter as Ratis:service=RaftServer,group=group-7A90E47A063C,id=c7c0d573-77b1-47db-b09e-d84959a4a43f
2025-09-07 09:45:39,858 [c7c0d573-77b1-47db-b09e-d84959a4a43f-impl-thread1] INFO  server.RaftServer$Division (RaftServerImpl.java:start(419)) - c7c0d573-77b1-47db-b09e-d84959a4a43f@group-3C9828298815: Successfully started.
2025-09-07 09:45:39,858 [c7c0d573-77b1-47db-b09e-d84959a4a43f-impl-thread2] INFO  server.RaftServer$Division (RaftServerImpl.java:start(419)) - c7c0d573-77b1-47db-b09e-d84959a4a43f@group-7A90E47A063C: Successfully started.
2025-09-07 09:45:39,858 [c7c0d573-77b1-47db-b09e-d84959a4a43f-EndpointStateMachineTaskThread-/0.0.0.0:15002-0 ] INFO  server.RaftServer (RaftServerProxy.java:startImpl(412)) - c7c0d573-77b1-47db-b09e-d84959a4a43f: start RPC server
2025-09-07 09:45:39,859 [c7c0d573-77b1-47db-b09e-d84959a4a43f-EndpointStateMachineTaskThread-/0.0.0.0:15002-0 ] INFO  server.GrpcServicesImpl (GrpcServicesImpl.java:startImpl(346)) - c7c0d573-77b1-47db-b09e-d84959a4a43f: GrpcServicesImpl started, listening on 15061
2025-09-07 09:45:39,859 [c7c0d573-77b1-47db-b09e-d84959a4a43f-EndpointStateMachineTaskThread-/0.0.0.0:15002-0 ] INFO  server.GrpcServicesImpl (GrpcServicesImpl.java:startImpl(346)) - c7c0d573-77b1-47db-b09e-d84959a4a43f: GrpcServicesImpl started, listening on 15063
2025-09-07 09:45:39,859 [c7c0d573-77b1-47db-b09e-d84959a4a43f-EndpointStateMachineTaskThread-/0.0.0.0:15002-0 ] INFO  server.GrpcServicesImpl (GrpcServicesImpl.java:startImpl(346)) - c7c0d573-77b1-47db-b09e-d84959a4a43f: GrpcServicesImpl started, listening on 15062
2025-09-07 09:45:39,860 [JvmPauseMonitor16] INFO  util.JvmPauseMonitor (JvmPauseMonitor.java:run(146)) - JvmPauseMonitor-c7c0d573-77b1-47db-b09e-d84959a4a43f: Started
2025-09-07 09:45:39,860 [c7c0d573-77b1-47db-b09e-d84959a4a43f-EndpointStateMachineTaskThread-/0.0.0.0:15002-0 ] INFO  ratis.XceiverServerRatis (XceiverServerRatis.java:getRealPort(589)) - XceiverServerRatis(c7c0d573-77b1-47db-b09e-d84959a4a43f) is started using port RATIS=15061
2025-09-07 09:45:39,860 [c7c0d573-77b1-47db-b09e-d84959a4a43f-EndpointStateMachineTaskThread-/0.0.0.0:15002-0 ] INFO  ratis.XceiverServerRatis (XceiverServerRatis.java:getRealPort(589)) - XceiverServerRatis(c7c0d573-77b1-47db-b09e-d84959a4a43f) is started using port RATIS_ADMIN=15062
2025-09-07 09:45:39,860 [c7c0d573-77b1-47db-b09e-d84959a4a43f-EndpointStateMachineTaskThread-/0.0.0.0:15002-0 ] INFO  ratis.XceiverServerRatis (XceiverServerRatis.java:getRealPort(589)) - XceiverServerRatis(c7c0d573-77b1-47db-b09e-d84959a4a43f) is started using port RATIS_SERVER=15063
2025-09-07 09:45:39,860 [c7c0d573-77b1-47db-b09e-d84959a4a43f-EndpointStateMachineTaskThread-/0.0.0.0:15002-0 ] INFO  ratis.XceiverServerRatis (XceiverServerRatis.java:getRealPort(589)) - XceiverServerRatis(c7c0d573-77b1-47db-b09e-d84959a4a43f) is started using port RATIS_DATASTREAM=15064
2025-09-07 09:45:39,860 [c7c0d573-77b1-47db-b09e-d84959a4a43f-EndpointStateMachineTaskThread-/0.0.0.0:15002-0 ] INFO  utils.BackgroundService (BackgroundService.java:start(119)) - Starting service BlockDeletingService with interval 60000 milliseconds
2025-09-07 09:45:39,861 [c7c0d573-77b1-47db-b09e-d84959a4a43f-EndpointStateMachineTaskThread-/0.0.0.0:15002-0 ] INFO  utils.BackgroundService (BackgroundService.java:start(119)) - Starting service StaleRecoveringContainerScrubbingService with interval 60000 milliseconds
2025-09-07 09:45:40,346 [4c7984b5-42f1-4e4b-a334-601f88f38b33@group-7A90E47A063C-FollowerState] INFO  impl.FollowerState (FollowerState.java:runImpl(161)) - 4c7984b5-42f1-4e4b-a334-601f88f38b33@group-7A90E47A063C-FollowerState: change to CANDIDATE, lastRpcElapsedTime:1041149884ns, electionTimeout:1040ms
2025-09-07 09:45:40,347 [4c7984b5-42f1-4e4b-a334-601f88f38b33@group-7A90E47A063C-FollowerState] INFO  impl.RoleInfo (RoleInfo.java:shutdownFollowerState(121)) - 4c7984b5-42f1-4e4b-a334-601f88f38b33: shutdown 4c7984b5-42f1-4e4b-a334-601f88f38b33@group-7A90E47A063C-FollowerState
2025-09-07 09:45:40,347 [4c7984b5-42f1-4e4b-a334-601f88f38b33@group-7A90E47A063C-FollowerState] INFO  server.RaftServer$Division (RaftServerImpl.java:setRole(392)) - 4c7984b5-42f1-4e4b-a334-601f88f38b33@group-7A90E47A063C: changes role from  FOLLOWER to CANDIDATE at term 2 for changeToCandidate
2025-09-07 09:45:40,347 [4c7984b5-42f1-4e4b-a334-601f88f38b33@group-7A90E47A063C-FollowerState] INFO  impl.RoleInfo (RoleInfo.java:updateAndGet(148)) - 4c7984b5-42f1-4e4b-a334-601f88f38b33: start 4c7984b5-42f1-4e4b-a334-601f88f38b33@group-7A90E47A063C-LeaderElection144
2025-09-07 09:45:40,347 [4c7984b5-42f1-4e4b-a334-601f88f38b33@group-7A90E47A063C-LeaderElection144] INFO  impl.LeaderElection (LeaderElection.java:askForVotes(448)) - 4c7984b5-42f1-4e4b-a334-601f88f38b33@group-7A90E47A063C-LeaderElection144 PRE_VOTE round 0: submit vote requests at term 2 for conf: {index: 17, cur=peers:[c7c0d573-77b1-47db-b09e-d84959a4a43f|127.0.0.1:15063, 486fef96-c6ec-41d9-a4ca-7ebb3d261081|127.0.0.1:15071, 4c7984b5-42f1-4e4b-a334-601f88f38b33|127.0.0.1:15079]|listeners:[], old=null}
2025-09-07 09:45:40,348 [4c7984b5-42f1-4e4b-a334-601f88f38b33@group-7A90E47A063C-LeaderElection144] INFO  impl.LeaderElection (LogUtils.java:infoOrTrace(142)) - 4c7984b5-42f1-4e4b-a334-601f88f38b33@group-7A90E47A063C-LeaderElection144 got exception when requesting votes: java.util.concurrent.ExecutionException: org.apache.ratis.thirdparty.io.grpc.StatusRuntimeException: UNAVAILABLE: io exception
2025-09-07 09:45:40,348 [4c7984b5-42f1-4e4b-a334-601f88f38b33@group-7A90E47A063C-LeaderElection144] INFO  impl.LeaderElection (LogUtils.java:infoOrTrace(142)) - 4c7984b5-42f1-4e4b-a334-601f88f38b33@group-7A90E47A063C-LeaderElection144 got exception when requesting votes: java.util.concurrent.ExecutionException: org.apache.ratis.thirdparty.io.grpc.StatusRuntimeException: UNAVAILABLE: io exception
2025-09-07 09:45:40,348 [4c7984b5-42f1-4e4b-a334-601f88f38b33@group-7A90E47A063C-LeaderElection144] INFO  impl.LeaderElection (LeaderElection.java:logAndReturn(206)) - 4c7984b5-42f1-4e4b-a334-601f88f38b33@group-7A90E47A063C-LeaderElection144: PRE_VOTE REJECTED received 0 response(s) and 2 exception(s):
2025-09-07 09:45:40,348 [4c7984b5-42f1-4e4b-a334-601f88f38b33@group-7A90E47A063C-LeaderElection144] INFO  impl.LeaderElection (LogUtils.java:infoOrTrace(142)) -   Exception 0: java.util.concurrent.ExecutionException: org.apache.ratis.thirdparty.io.grpc.StatusRuntimeException: UNAVAILABLE: io exception
2025-09-07 09:45:40,348 [4c7984b5-42f1-4e4b-a334-601f88f38b33@group-7A90E47A063C-LeaderElection144] INFO  impl.LeaderElection (LogUtils.java:infoOrTrace(142)) -   Exception 1: java.util.concurrent.ExecutionException: org.apache.ratis.thirdparty.io.grpc.StatusRuntimeException: UNAVAILABLE: io exception
2025-09-07 09:45:40,348 [4c7984b5-42f1-4e4b-a334-601f88f38b33@group-7A90E47A063C-LeaderElection144] INFO  impl.LeaderElection (LeaderElection.java:askForVotes(450)) - 4c7984b5-42f1-4e4b-a334-601f88f38b33@group-7A90E47A063C-LeaderElection144 PRE_VOTE round 0: result REJECTED
2025-09-07 09:45:40,348 [4c7984b5-42f1-4e4b-a334-601f88f38b33@group-7A90E47A063C-LeaderElection144] INFO  server.RaftServer$Division (RaftServerImpl.java:setRole(392)) - 4c7984b5-42f1-4e4b-a334-601f88f38b33@group-7A90E47A063C: changes role from CANDIDATE to FOLLOWER at term 2 for REJECTED
2025-09-07 09:45:40,348 [4c7984b5-42f1-4e4b-a334-601f88f38b33@group-7A90E47A063C-LeaderElection144] INFO  impl.RoleInfo (RoleInfo.java:shutdownLeaderElection(141)) - 4c7984b5-42f1-4e4b-a334-601f88f38b33: shutdown 4c7984b5-42f1-4e4b-a334-601f88f38b33@group-7A90E47A063C-LeaderElection144
2025-09-07 09:45:40,348 [4c7984b5-42f1-4e4b-a334-601f88f38b33@group-7A90E47A063C-LeaderElection144] INFO  impl.RoleInfo (RoleInfo.java:updateAndGet(148)) - 4c7984b5-42f1-4e4b-a334-601f88f38b33: start 4c7984b5-42f1-4e4b-a334-601f88f38b33@group-7A90E47A063C-FollowerState
2025-09-07 09:45:40,377 [90a60b70-6b91-4fb2-a612-7ac0b6911dfc-impl-thread3] INFO  segmented.SegmentedRaftLogWorker (SegmentedRaftLogWorker.java:close(254)) - 90a60b70-6b91-4fb2-a612-7ac0b6911dfc@group-09A5C1734F32-SegmentedRaftLogWorker close()
2025-09-07 09:45:40,377 [90a60b70-6b91-4fb2-a612-7ac0b6911dfc-impl-thread3] INFO  ratis.ContainerStateMachine (ContainerStateMachine.java:notifyServerShutdown(1038)) - group-09A5C1734F32 is closed by HddsDatanodeService
2025-09-07 09:45:40,377 [JvmPauseMonitor7] INFO  util.JvmPauseMonitor (JvmPauseMonitor.java:run(152)) - JvmPauseMonitor-90a60b70-6b91-4fb2-a612-7ac0b6911dfc: Stopped
2025-09-07 09:45:40,666 [486fef96-c6ec-41d9-a4ca-7ebb3d261081@group-A6D30A1C9E4D-FollowerState] INFO  impl.FollowerState (FollowerState.java:runImpl(161)) - 486fef96-c6ec-41d9-a4ca-7ebb3d261081@group-A6D30A1C9E4D-FollowerState: change to CANDIDATE, lastRpcElapsedTime:1069670481ns, electionTimeout:1069ms
2025-09-07 09:45:40,666 [486fef96-c6ec-41d9-a4ca-7ebb3d261081@group-A6D30A1C9E4D-FollowerState] INFO  impl.RoleInfo (RoleInfo.java:shutdownFollowerState(121)) - 486fef96-c6ec-41d9-a4ca-7ebb3d261081: shutdown 486fef96-c6ec-41d9-a4ca-7ebb3d261081@group-A6D30A1C9E4D-FollowerState
2025-09-07 09:45:40,666 [486fef96-c6ec-41d9-a4ca-7ebb3d261081@group-A6D30A1C9E4D-FollowerState] INFO  server.RaftServer$Division (RaftServerImpl.java:setRole(392)) - 486fef96-c6ec-41d9-a4ca-7ebb3d261081@group-A6D30A1C9E4D: changes role from  FOLLOWER to CANDIDATE at term 1 for changeToCandidate
2025-09-07 09:45:40,666 [486fef96-c6ec-41d9-a4ca-7ebb3d261081@group-A6D30A1C9E4D-FollowerState] INFO  impl.RoleInfo (RoleInfo.java:updateAndGet(148)) - 486fef96-c6ec-41d9-a4ca-7ebb3d261081: start 486fef96-c6ec-41d9-a4ca-7ebb3d261081@group-A6D30A1C9E4D-LeaderElection145
2025-09-07 09:45:40,666 [486fef96-c6ec-41d9-a4ca-7ebb3d261081@group-A6D30A1C9E4D-LeaderElection145] INFO  impl.LeaderElection (LeaderElection.java:askForVotes(448)) - 486fef96-c6ec-41d9-a4ca-7ebb3d261081@group-A6D30A1C9E4D-LeaderElection145 PRE_VOTE round 0: submit vote requests at term 1 for conf: {index: 0, cur=peers:[486fef96-c6ec-41d9-a4ca-7ebb3d261081|127.0.0.1:15071]|listeners:[], old=null}
2025-09-07 09:45:40,666 [486fef96-c6ec-41d9-a4ca-7ebb3d261081@group-A6D30A1C9E4D-LeaderElection145] INFO  impl.LeaderElection (LeaderElection.java:askForVotes(450)) - 486fef96-c6ec-41d9-a4ca-7ebb3d261081@group-A6D30A1C9E4D-LeaderElection145 PRE_VOTE round 0: result PASSED (term=1)
2025-09-07 09:45:40,668 [486fef96-c6ec-41d9-a4ca-7ebb3d261081@group-A6D30A1C9E4D-LeaderElection145] INFO  impl.LeaderElection (LeaderElection.java:askForVotes(448)) - 486fef96-c6ec-41d9-a4ca-7ebb3d261081@group-A6D30A1C9E4D-LeaderElection145 ELECTION round 0: submit vote requests at term 2 for conf: {index: 0, cur=peers:[486fef96-c6ec-41d9-a4ca-7ebb3d261081|127.0.0.1:15071]|listeners:[], old=null}
2025-09-07 09:45:40,668 [486fef96-c6ec-41d9-a4ca-7ebb3d261081@group-A6D30A1C9E4D-LeaderElection145] INFO  impl.LeaderElection (LeaderElection.java:askForVotes(450)) - 486fef96-c6ec-41d9-a4ca-7ebb3d261081@group-A6D30A1C9E4D-LeaderElection145 ELECTION round 0: result PASSED (term=2)
2025-09-07 09:45:40,668 [486fef96-c6ec-41d9-a4ca-7ebb3d261081@group-A6D30A1C9E4D-LeaderElection145] INFO  impl.RoleInfo (RoleInfo.java:shutdownLeaderElection(141)) - 486fef96-c6ec-41d9-a4ca-7ebb3d261081: shutdown 486fef96-c6ec-41d9-a4ca-7ebb3d261081@group-A6D30A1C9E4D-LeaderElection145
2025-09-07 09:45:40,668 [486fef96-c6ec-41d9-a4ca-7ebb3d261081@group-A6D30A1C9E4D-LeaderElection145] INFO  server.RaftServer$Division (RaftServerImpl.java:setRole(392)) - 486fef96-c6ec-41d9-a4ca-7ebb3d261081@group-A6D30A1C9E4D: changes role from CANDIDATE to LEADER at term 2 for changeToLeader
2025-09-07 09:45:40,668 [486fef96-c6ec-41d9-a4ca-7ebb3d261081@group-A6D30A1C9E4D-LeaderElection145] INFO  server.RaftServerConfigKeys (ConfUtils.java:logFallback(69)) - raft.server.staging.timeout = 3600ms (fallback to raft.server.rpc.timeout.max)
2025-09-07 09:45:40,668 [486fef96-c6ec-41d9-a4ca-7ebb3d261081@group-A6D30A1C9E4D-LeaderElection145] INFO  server.RaftServerConfigKeys (ConfUtils.java:logGet(62)) - raft.server.write.byte-limit = 1024 M (=1073741824) (custom)
2025-09-07 09:45:40,669 [486fef96-c6ec-41d9-a4ca-7ebb3d261081@group-A6D30A1C9E4D-LeaderElection145] INFO  impl.RoleInfo (RoleInfo.java:updateAndGet(148)) - 486fef96-c6ec-41d9-a4ca-7ebb3d261081: start 486fef96-c6ec-41d9-a4ca-7ebb3d261081@group-A6D30A1C9E4D-LeaderStateImpl
2025-09-07 09:45:40,669 [486fef96-c6ec-41d9-a4ca-7ebb3d261081@group-A6D30A1C9E4D-LeaderElection145] INFO  server.RaftServer$Division (RaftServerImpl.java:setFirstElection(576)) - 486fef96-c6ec-41d9-a4ca-7ebb3d261081@group-A6D30A1C9E4D: set firstElectionSinceStartup to false for becomeLeader
2025-09-07 09:45:40,669 [486fef96-c6ec-41d9-a4ca-7ebb3d261081@group-A6D30A1C9E4D-LeaderElection145] INFO  ratis.XceiverServerRatis (XceiverServerRatis.java:handleLeaderChangedNotification(947)) - Leader change notification received for group: group-A6D30A1C9E4D with new leaderId: 486fef96-c6ec-41d9-a4ca-7ebb3d261081
2025-09-07 09:45:40,669 [486fef96-c6ec-41d9-a4ca-7ebb3d261081@group-A6D30A1C9E4D-LeaderElection145] INFO  server.RaftServer$Division (ServerState.java:setLeader(272)) - 486fef96-c6ec-41d9-a4ca-7ebb3d261081@group-A6D30A1C9E4D: change Leader from null to 486fef96-c6ec-41d9-a4ca-7ebb3d261081 at term 2 for becomeLeader, leader elected after 1794ms
2025-09-07 09:45:40,669 [486fef96-c6ec-41d9-a4ca-7ebb3d261081@group-A6D30A1C9E4D-LeaderElection145] INFO  segmented.SegmentedRaftLogWorker (SegmentedRaftLogWorker.java:rollLogSegment(445)) - 486fef96-c6ec-41d9-a4ca-7ebb3d261081@group-A6D30A1C9E4D-SegmentedRaftLogWorker: Rolling segment log-0_0 to index:0
2025-09-07 09:45:40,670 [486fef96-c6ec-41d9-a4ca-7ebb3d261081@group-A6D30A1C9E4D-LeaderElection145] INFO  server.RaftServer$Division (ServerState.java:setRaftConf(386)) - 486fef96-c6ec-41d9-a4ca-7ebb3d261081@group-A6D30A1C9E4D: set configuration conf: {index: 1, cur=peers:[486fef96-c6ec-41d9-a4ca-7ebb3d261081|127.0.0.1:15071]|listeners:[], old=null}
2025-09-07 09:45:40,670 [486fef96-c6ec-41d9-a4ca-7ebb3d261081@group-A6D30A1C9E4D-SegmentedRaftLogWorker] INFO  segmented.SegmentedRaftLogWorker (SegmentedRaftLogWorker.java:execute(604)) - 486fef96-c6ec-41d9-a4ca-7ebb3d261081@group-A6D30A1C9E4D-SegmentedRaftLogWorker: Rolled log segment from /home/runner/work/ozone/ozone/hadoop-ozone/integration-test/target/test-dir/MiniOzoneClusterImpl-023d5a78-e64c-43f3-a4d9-6f7884931d6c/ozone-metadata/datanode-8/ratis/ca43f102-4fc8-4b2e-baf8-a6d30a1c9e4d/current/log_inprogress_0 to /home/runner/work/ozone/ozone/hadoop-ozone/integration-test/target/test-dir/MiniOzoneClusterImpl-023d5a78-e64c-43f3-a4d9-6f7884931d6c/ozone-metadata/datanode-8/ratis/ca43f102-4fc8-4b2e-baf8-a6d30a1c9e4d/current/log_0-0
2025-09-07 09:45:40,670 [486fef96-c6ec-41d9-a4ca-7ebb3d261081@group-A6D30A1C9E4D-SegmentedRaftLogWorker] INFO  segmented.BufferedWriteChannel (BufferedWriteChannel.java:open(61)) - open log_inprogress_1 at position 0
2025-09-07 09:45:40,676 [486fef96-c6ec-41d9-a4ca-7ebb3d261081@group-A6D30A1C9E4D-SegmentedRaftLogWorker] INFO  segmented.SegmentedRaftLogWorker (SegmentedRaftLogWorker.java:execute(647)) - 486fef96-c6ec-41d9-a4ca-7ebb3d261081@group-A6D30A1C9E4D-SegmentedRaftLogWorker: created new log segment /home/runner/work/ozone/ozone/hadoop-ozone/integration-test/target/test-dir/MiniOzoneClusterImpl-023d5a78-e64c-43f3-a4d9-6f7884931d6c/ozone-metadata/datanode-8/ratis/ca43f102-4fc8-4b2e-baf8-a6d30a1c9e4d/current/log_inprogress_1
2025-09-07 09:45:40,678 [486fef96-c6ec-41d9-a4ca-7ebb3d261081@group-A6D30A1C9E4D-StateMachineUpdater] INFO  server.RaftServer$Division (LeaderStateImpl.java:checkStartIndex(309)) - Leader 486fef96-c6ec-41d9-a4ca-7ebb3d261081@group-A6D30A1C9E4D-LeaderStateImpl is ready since appliedIndex == startIndex == 1
2025-09-07 09:45:40,679 [486fef96-c6ec-41d9-a4ca-7ebb3d261081@group-AF0CBE3D3EB0-FollowerState] INFO  impl.FollowerState (FollowerState.java:runImpl(161)) - 486fef96-c6ec-41d9-a4ca-7ebb3d261081@group-AF0CBE3D3EB0-FollowerState: change to CANDIDATE, lastRpcElapsedTime:1086466756ns, electionTimeout:1086ms
2025-09-07 09:45:40,679 [486fef96-c6ec-41d9-a4ca-7ebb3d261081@group-AF0CBE3D3EB0-FollowerState] INFO  impl.RoleInfo (RoleInfo.java:shutdownFollowerState(121)) - 486fef96-c6ec-41d9-a4ca-7ebb3d261081: shutdown 486fef96-c6ec-41d9-a4ca-7ebb3d261081@group-AF0CBE3D3EB0-FollowerState
2025-09-07 09:45:40,680 [486fef96-c6ec-41d9-a4ca-7ebb3d261081@group-AF0CBE3D3EB0-FollowerState] INFO  server.RaftServer$Division (RaftServerImpl.java:setRole(392)) - 486fef96-c6ec-41d9-a4ca-7ebb3d261081@group-AF0CBE3D3EB0: changes role from  FOLLOWER to CANDIDATE at term 1 for changeToCandidate
2025-09-07 09:45:40,680 [486fef96-c6ec-41d9-a4ca-7ebb3d261081@group-AF0CBE3D3EB0-FollowerState] INFO  impl.RoleInfo (RoleInfo.java:updateAndGet(148)) - 486fef96-c6ec-41d9-a4ca-7ebb3d261081: start 486fef96-c6ec-41d9-a4ca-7ebb3d261081@group-AF0CBE3D3EB0-LeaderElection146
2025-09-07 09:45:40,680 [486fef96-c6ec-41d9-a4ca-7ebb3d261081@group-AF0CBE3D3EB0-LeaderElection146] INFO  impl.LeaderElection (LeaderElection.java:askForVotes(448)) - 486fef96-c6ec-41d9-a4ca-7ebb3d261081@group-AF0CBE3D3EB0-LeaderElection146 PRE_VOTE round 0: submit vote requests at term 1 for conf: {index: 0, cur=peers:[c7c0d573-77b1-47db-b09e-d84959a4a43f|127.0.0.1:15063, 486fef96-c6ec-41d9-a4ca-7ebb3d261081|127.0.0.1:15071, 4c7984b5-42f1-4e4b-a334-601f88f38b33|127.0.0.1:15079]|listeners:[], old=null}
2025-09-07 09:45:40,680 [486fef96-c6ec-41d9-a4ca-7ebb3d261081@group-AF0CBE3D3EB0-LeaderElection146-1] INFO  server.GrpcServerProtocolClient (GrpcServerProtocolClient.java:<init>(65)) - Build channel for c7c0d573-77b1-47db-b09e-d84959a4a43f|127.0.0.1:15063
2025-09-07 09:45:40,680 [486fef96-c6ec-41d9-a4ca-7ebb3d261081@group-AF0CBE3D3EB0-LeaderElection146-2] INFO  server.GrpcServerProtocolClient (GrpcServerProtocolClient.java:<init>(65)) - Build channel for 4c7984b5-42f1-4e4b-a334-601f88f38b33|127.0.0.1:15079
2025-09-07 09:45:40,684 [grpc-default-executor-7] INFO  server.RaftServer$Division (RaftServerImpl.java:requestVote(1421)) - 4c7984b5-42f1-4e4b-a334-601f88f38b33@group-AF0CBE3D3EB0: receive requestVote(PRE_VOTE, 486fef96-c6ec-41d9-a4ca-7ebb3d261081, group-AF0CBE3D3EB0, 1, (t:1, i:0))
2025-09-07 09:45:40,684 [grpc-default-executor-7] INFO  impl.VoteContext (VoteContext.java:log(49)) - 4c7984b5-42f1-4e4b-a334-601f88f38b33@group-AF0CBE3D3EB0-FOLLOWER: accept PRE_VOTE from 486fef96-c6ec-41d9-a4ca-7ebb3d261081: our priority 0 <= candidate's priority 0
2025-09-07 09:45:40,684 [grpc-default-executor-7] INFO  server.RaftServer$Division (RaftServerImpl.java:requestVote(1455)) - 4c7984b5-42f1-4e4b-a334-601f88f38b33@group-AF0CBE3D3EB0 replies to PRE_VOTE vote request: 486fef96-c6ec-41d9-a4ca-7ebb3d261081<-4c7984b5-42f1-4e4b-a334-601f88f38b33#0:OK-t1-last:(t:1, i:0). Peer's state: 4c7984b5-42f1-4e4b-a334-601f88f38b33@group-AF0CBE3D3EB0:t1, leader=null, voted=c7c0d573-77b1-47db-b09e-d84959a4a43f, raftlog=Memoized:4c7984b5-42f1-4e4b-a334-601f88f38b33@group-AF0CBE3D3EB0-SegmentedRaftLog:OPENED:c0:last(t:1, i:0), conf=conf: {index: 0, cur=peers:[c7c0d573-77b1-47db-b09e-d84959a4a43f|127.0.0.1:15063, 486fef96-c6ec-41d9-a4ca-7ebb3d261081|127.0.0.1:15071, 4c7984b5-42f1-4e4b-a334-601f88f38b33|127.0.0.1:15079]|listeners:[], old=null}
2025-09-07 09:45:40,684 [grpc-default-executor-1] INFO  server.RaftServer$Division (RaftServerImpl.java:requestVote(1421)) - c7c0d573-77b1-47db-b09e-d84959a4a43f@group-AF0CBE3D3EB0: receive requestVote(PRE_VOTE, 486fef96-c6ec-41d9-a4ca-7ebb3d261081, group-AF0CBE3D3EB0, 1, (t:1, i:0))
2025-09-07 09:45:40,684 [grpc-default-executor-1] INFO  impl.VoteContext (VoteContext.java:log(49)) - c7c0d573-77b1-47db-b09e-d84959a4a43f@group-AF0CBE3D3EB0-FOLLOWER: reject PRE_VOTE from 486fef96-c6ec-41d9-a4ca-7ebb3d261081: our priority 1 > candidate's priority 0
2025-09-07 09:45:40,684 [grpc-default-executor-1] INFO  server.RaftServer$Division (RaftServerImpl.java:requestVote(1455)) - c7c0d573-77b1-47db-b09e-d84959a4a43f@group-AF0CBE3D3EB0 replies to PRE_VOTE vote request: 486fef96-c6ec-41d9-a4ca-7ebb3d261081<-c7c0d573-77b1-47db-b09e-d84959a4a43f#0:FAIL-t1-last:(t:1, i:0). Peer's state: c7c0d573-77b1-47db-b09e-d84959a4a43f@group-AF0CBE3D3EB0:t1, leader=null, voted=c7c0d573-77b1-47db-b09e-d84959a4a43f, raftlog=Memoized:c7c0d573-77b1-47db-b09e-d84959a4a43f@group-AF0CBE3D3EB0-SegmentedRaftLog:OPENED:c0:last(t:1, i:0), conf=conf: {index: 0, cur=peers:[c7c0d573-77b1-47db-b09e-d84959a4a43f|127.0.0.1:15063, 486fef96-c6ec-41d9-a4ca-7ebb3d261081|127.0.0.1:15071, 4c7984b5-42f1-4e4b-a334-601f88f38b33|127.0.0.1:15079]|listeners:[], old=null}
2025-09-07 09:45:40,685 [486fef96-c6ec-41d9-a4ca-7ebb3d261081@group-AF0CBE3D3EB0-LeaderElection146] INFO  impl.LeaderElection (LeaderElection.java:logAndReturn(206)) - 486fef96-c6ec-41d9-a4ca-7ebb3d261081@group-AF0CBE3D3EB0-LeaderElection146: PRE_VOTE REJECTED received 2 response(s) and 0 exception(s):
2025-09-07 09:45:40,685 [486fef96-c6ec-41d9-a4ca-7ebb3d261081@group-AF0CBE3D3EB0-LeaderElection146] INFO  impl.LeaderElection (LeaderElection.java:logAndReturn(210)) -   Response 0: 486fef96-c6ec-41d9-a4ca-7ebb3d261081<-c7c0d573-77b1-47db-b09e-d84959a4a43f#0:FAIL-t1-last:(t:1, i:0)
2025-09-07 09:45:40,685 [486fef96-c6ec-41d9-a4ca-7ebb3d261081@group-AF0CBE3D3EB0-LeaderElection146] INFO  impl.LeaderElection (LeaderElection.java:logAndReturn(210)) -   Response 1: 486fef96-c6ec-41d9-a4ca-7ebb3d261081<-4c7984b5-42f1-4e4b-a334-601f88f38b33#0:OK-t1-last:(t:1, i:0)
2025-09-07 09:45:40,685 [486fef96-c6ec-41d9-a4ca-7ebb3d261081@group-AF0CBE3D3EB0-LeaderElection146] INFO  impl.LeaderElection (LeaderElection.java:askForVotes(450)) - 486fef96-c6ec-41d9-a4ca-7ebb3d261081@group-AF0CBE3D3EB0-LeaderElection146 PRE_VOTE round 0: result REJECTED
2025-09-07 09:45:40,685 [486fef96-c6ec-41d9-a4ca-7ebb3d261081@group-AF0CBE3D3EB0-LeaderElection146] INFO  server.RaftServer$Division (RaftServerImpl.java:setRole(392)) - 486fef96-c6ec-41d9-a4ca-7ebb3d261081@group-AF0CBE3D3EB0: changes role from CANDIDATE to FOLLOWER at term 1 for REJECTED
2025-09-07 09:45:40,685 [486fef96-c6ec-41d9-a4ca-7ebb3d261081@group-AF0CBE3D3EB0-LeaderElection146] INFO  impl.RoleInfo (RoleInfo.java:shutdownLeaderElection(141)) - 486fef96-c6ec-41d9-a4ca-7ebb3d261081: shutdown 486fef96-c6ec-41d9-a4ca-7ebb3d261081@group-AF0CBE3D3EB0-LeaderElection146
2025-09-07 09:45:40,685 [486fef96-c6ec-41d9-a4ca-7ebb3d261081@group-AF0CBE3D3EB0-LeaderElection146] INFO  impl.RoleInfo (RoleInfo.java:updateAndGet(148)) - 486fef96-c6ec-41d9-a4ca-7ebb3d261081: start 486fef96-c6ec-41d9-a4ca-7ebb3d261081@group-AF0CBE3D3EB0-FollowerState
2025-09-07 09:45:40,685 [486fef96-c6ec-41d9-a4ca-7ebb3d261081@group-AF0CBE3D3EB0-LeaderElection146] INFO  server.RaftServer$Division (RaftServerImpl.java:setFirstElection(576)) - 486fef96-c6ec-41d9-a4ca-7ebb3d261081@group-AF0CBE3D3EB0: set firstElectionSinceStartup to false for REJECTED
2025-09-07 09:45:40,747 [486fef96-c6ec-41d9-a4ca-7ebb3d261081@group-7A90E47A063C-FollowerState] INFO  impl.FollowerState (FollowerState.java:runImpl(161)) - 486fef96-c6ec-41d9-a4ca-7ebb3d261081@group-7A90E47A063C-FollowerState: change to CANDIDATE, lastRpcElapsedTime:1150207175ns, electionTimeout:1149ms
2025-09-07 09:45:40,747 [486fef96-c6ec-41d9-a4ca-7ebb3d261081@group-7A90E47A063C-FollowerState] INFO  impl.RoleInfo (RoleInfo.java:shutdownFollowerState(121)) - 486fef96-c6ec-41d9-a4ca-7ebb3d261081: shutdown 486fef96-c6ec-41d9-a4ca-7ebb3d261081@group-7A90E47A063C-FollowerState
2025-09-07 09:45:40,747 [486fef96-c6ec-41d9-a4ca-7ebb3d261081@group-7A90E47A063C-FollowerState] INFO  server.RaftServer$Division (RaftServerImpl.java:setRole(392)) - 486fef96-c6ec-41d9-a4ca-7ebb3d261081@group-7A90E47A063C: changes role from  FOLLOWER to CANDIDATE at term 1 for changeToCandidate
2025-09-07 09:45:40,747 [486fef96-c6ec-41d9-a4ca-7ebb3d261081@group-7A90E47A063C-FollowerState] INFO  impl.RoleInfo (RoleInfo.java:updateAndGet(148)) - 486fef96-c6ec-41d9-a4ca-7ebb3d261081: start 486fef96-c6ec-41d9-a4ca-7ebb3d261081@group-7A90E47A063C-LeaderElection147
2025-09-07 09:45:40,747 [486fef96-c6ec-41d9-a4ca-7ebb3d261081@group-7A90E47A063C-LeaderElection147] INFO  impl.LeaderElection (LeaderElection.java:askForVotes(448)) - 486fef96-c6ec-41d9-a4ca-7ebb3d261081@group-7A90E47A063C-LeaderElection147 PRE_VOTE round 0: submit vote requests at term 1 for conf: {index: 0, cur=peers:[c7c0d573-77b1-47db-b09e-d84959a4a43f|127.0.0.1:15063, 486fef96-c6ec-41d9-a4ca-7ebb3d261081|127.0.0.1:15071, 4c7984b5-42f1-4e4b-a334-601f88f38b33|127.0.0.1:15079]|listeners:[], old=null}
2025-09-07 09:45:40,749 [grpc-default-executor-1] INFO  server.RaftServer$Division (RaftServerImpl.java:requestVote(1421)) - 4c7984b5-42f1-4e4b-a334-601f88f38b33@group-7A90E47A063C: receive requestVote(PRE_VOTE, 486fef96-c6ec-41d9-a4ca-7ebb3d261081, group-7A90E47A063C, 1, (t:1, i:16))
2025-09-07 09:45:40,749 [grpc-default-executor-1] INFO  impl.VoteContext (VoteContext.java:log(49)) - 4c7984b5-42f1-4e4b-a334-601f88f38b33@group-7A90E47A063C-FOLLOWER: reject PRE_VOTE from 486fef96-c6ec-41d9-a4ca-7ebb3d261081: our last entry (t:2, i:18) > candidate's last entry (t:1, i:16)
2025-09-07 09:45:40,749 [grpc-default-executor-7] INFO  server.RaftServer$Division (RaftServerImpl.java:requestVote(1421)) - c7c0d573-77b1-47db-b09e-d84959a4a43f@group-7A90E47A063C: receive requestVote(PRE_VOTE, 486fef96-c6ec-41d9-a4ca-7ebb3d261081, group-7A90E47A063C, 1, (t:1, i:16))
2025-09-07 09:45:40,749 [grpc-default-executor-7] INFO  impl.VoteContext (VoteContext.java:log(49)) - c7c0d573-77b1-47db-b09e-d84959a4a43f@group-7A90E47A063C-FOLLOWER: reject PRE_VOTE from 486fef96-c6ec-41d9-a4ca-7ebb3d261081: our last entry (t:2, i:18) > candidate's last entry (t:1, i:16)
2025-09-07 09:45:40,749 [grpc-default-executor-7] INFO  server.RaftServer$Division (RaftServerImpl.java:requestVote(1455)) - c7c0d573-77b1-47db-b09e-d84959a4a43f@group-7A90E47A063C replies to PRE_VOTE vote request: 486fef96-c6ec-41d9-a4ca-7ebb3d261081<-c7c0d573-77b1-47db-b09e-d84959a4a43f#0:FAIL-t2-last:(t:2, i:18). Peer's state: c7c0d573-77b1-47db-b09e-d84959a4a43f@group-7A90E47A063C:t2, leader=null, voted=4c7984b5-42f1-4e4b-a334-601f88f38b33, raftlog=Memoized:c7c0d573-77b1-47db-b09e-d84959a4a43f@group-7A90E47A063C-SegmentedRaftLog:OPENED:c18:last(t:2, i:18), conf=conf: {index: 17, cur=peers:[c7c0d573-77b1-47db-b09e-d84959a4a43f|127.0.0.1:15063, 486fef96-c6ec-41d9-a4ca-7ebb3d261081|127.0.0.1:15071, 4c7984b5-42f1-4e4b-a334-601f88f38b33|127.0.0.1:15079]|listeners:[], old=null}
2025-09-07 09:45:40,749 [grpc-default-executor-1] INFO  server.RaftServer$Division (RaftServerImpl.java:requestVote(1455)) - 4c7984b5-42f1-4e4b-a334-601f88f38b33@group-7A90E47A063C replies to PRE_VOTE vote request: 486fef96-c6ec-41d9-a4ca-7ebb3d261081<-4c7984b5-42f1-4e4b-a334-601f88f38b33#0:FAIL-t2-last:(t:2, i:18). Peer's state: 4c7984b5-42f1-4e4b-a334-601f88f38b33@group-7A90E47A063C:t2, leader=null, voted=4c7984b5-42f1-4e4b-a334-601f88f38b33, raftlog=Memoized:4c7984b5-42f1-4e4b-a334-601f88f38b33@group-7A90E47A063C-SegmentedRaftLog:OPENED:c18:last(t:2, i:18), conf=conf: {index: 17, cur=peers:[c7c0d573-77b1-47db-b09e-d84959a4a43f|127.0.0.1:15063, 486fef96-c6ec-41d9-a4ca-7ebb3d261081|127.0.0.1:15071, 4c7984b5-42f1-4e4b-a334-601f88f38b33|127.0.0.1:15079]|listeners:[], old=null}
2025-09-07 09:45:40,750 [486fef96-c6ec-41d9-a4ca-7ebb3d261081@group-7A90E47A063C-LeaderElection147] INFO  impl.LeaderElection (LeaderElection.java:logAndReturn(206)) - 486fef96-c6ec-41d9-a4ca-7ebb3d261081@group-7A90E47A063C-LeaderElection147: PRE_VOTE DISCOVERED_A_NEW_TERM (term=2) received 1 response(s) and 0 exception(s):
2025-09-07 09:45:40,750 [486fef96-c6ec-41d9-a4ca-7ebb3d261081@group-7A90E47A063C-LeaderElection147] INFO  impl.LeaderElection (LeaderElection.java:logAndReturn(210)) -   Response 0: 486fef96-c6ec-41d9-a4ca-7ebb3d261081<-c7c0d573-77b1-47db-b09e-d84959a4a43f#0:FAIL-t2-last:(t:2, i:18)
2025-09-07 09:45:40,750 [486fef96-c6ec-41d9-a4ca-7ebb3d261081@group-7A90E47A063C-LeaderElection147] INFO  impl.LeaderElection (LeaderElection.java:askForVotes(450)) - 486fef96-c6ec-41d9-a4ca-7ebb3d261081@group-7A90E47A063C-LeaderElection147 PRE_VOTE round 0: result DISCOVERED_A_NEW_TERM (term=2)
2025-09-07 09:45:40,750 [486fef96-c6ec-41d9-a4ca-7ebb3d261081@group-7A90E47A063C-LeaderElection147] INFO  server.RaftServer$Division (RaftServerImpl.java:setRole(392)) - 486fef96-c6ec-41d9-a4ca-7ebb3d261081@group-7A90E47A063C: changes role from CANDIDATE to FOLLOWER at term 1 for DISCOVERED_A_NEW_TERM (term=2)
2025-09-07 09:45:40,751 [486fef96-c6ec-41d9-a4ca-7ebb3d261081@group-7A90E47A063C-LeaderElection147] INFO  impl.RoleInfo (RoleInfo.java:shutdownLeaderElection(141)) - 486fef96-c6ec-41d9-a4ca-7ebb3d261081: shutdown 486fef96-c6ec-41d9-a4ca-7ebb3d261081@group-7A90E47A063C-LeaderElection147
2025-09-07 09:45:40,751 [486fef96-c6ec-41d9-a4ca-7ebb3d261081@group-7A90E47A063C-LeaderElection147] INFO  impl.RoleInfo (RoleInfo.java:updateAndGet(148)) - 486fef96-c6ec-41d9-a4ca-7ebb3d261081: start 486fef96-c6ec-41d9-a4ca-7ebb3d261081@group-7A90E47A063C-FollowerState
2025-09-07 09:45:40,751 [486fef96-c6ec-41d9-a4ca-7ebb3d261081@group-7A90E47A063C-LeaderElection147] INFO  server.RaftServer$Division (RaftServerImpl.java:setFirstElection(576)) - 486fef96-c6ec-41d9-a4ca-7ebb3d261081@group-7A90E47A063C: set firstElectionSinceStartup to false for DISCOVERED_A_NEW_TERM (term=2)
2025-09-07 09:45:40,915 [c7c0d573-77b1-47db-b09e-d84959a4a43f@group-7A90E47A063C-FollowerState] INFO  impl.FollowerState (FollowerState.java:runImpl(161)) - c7c0d573-77b1-47db-b09e-d84959a4a43f@group-7A90E47A063C-FollowerState: change to CANDIDATE, lastRpcElapsedTime:1058365073ns, electionTimeout:1058ms
2025-09-07 09:45:40,915 [c7c0d573-77b1-47db-b09e-d84959a4a43f@group-7A90E47A063C-FollowerState] INFO  impl.RoleInfo (RoleInfo.java:shutdownFollowerState(121)) - c7c0d573-77b1-47db-b09e-d84959a4a43f: shutdown c7c0d573-77b1-47db-b09e-d84959a4a43f@group-7A90E47A063C-FollowerState
2025-09-07 09:45:40,915 [c7c0d573-77b1-47db-b09e-d84959a4a43f@group-7A90E47A063C-FollowerState] INFO  server.RaftServer$Division (RaftServerImpl.java:setRole(392)) - c7c0d573-77b1-47db-b09e-d84959a4a43f@group-7A90E47A063C: changes role from  FOLLOWER to CANDIDATE at term 2 for changeToCandidate
2025-09-07 09:45:40,916 [c7c0d573-77b1-47db-b09e-d84959a4a43f@group-7A90E47A063C-FollowerState] INFO  impl.RoleInfo (RoleInfo.java:updateAndGet(148)) - c7c0d573-77b1-47db-b09e-d84959a4a43f: start c7c0d573-77b1-47db-b09e-d84959a4a43f@group-7A90E47A063C-LeaderElection148
2025-09-07 09:45:40,916 [c7c0d573-77b1-47db-b09e-d84959a4a43f@group-7A90E47A063C-LeaderElection148] INFO  impl.LeaderElection (LeaderElection.java:askForVotes(448)) - c7c0d573-77b1-47db-b09e-d84959a4a43f@group-7A90E47A063C-LeaderElection148 PRE_VOTE round 0: submit vote requests at term 2 for conf: {index: 17, cur=peers:[c7c0d573-77b1-47db-b09e-d84959a4a43f|127.0.0.1:15063, 486fef96-c6ec-41d9-a4ca-7ebb3d261081|127.0.0.1:15071, 4c7984b5-42f1-4e4b-a334-601f88f38b33|127.0.0.1:15079]|listeners:[], old=null}
2025-09-07 09:45:40,916 [c7c0d573-77b1-47db-b09e-d84959a4a43f@group-7A90E47A063C-LeaderElection148-1] INFO  server.GrpcServerProtocolClient (GrpcServerProtocolClient.java:<init>(65)) - Build channel for 486fef96-c6ec-41d9-a4ca-7ebb3d261081|127.0.0.1:15071
2025-09-07 09:45:40,916 [c7c0d573-77b1-47db-b09e-d84959a4a43f@group-7A90E47A063C-LeaderElection148-2] INFO  server.GrpcServerProtocolClient (GrpcServerProtocolClient.java:<init>(65)) - Build channel for 4c7984b5-42f1-4e4b-a334-601f88f38b33|127.0.0.1:15079
2025-09-07 09:45:40,920 [grpc-default-executor-1] INFO  server.RaftServer$Division (RaftServerImpl.java:requestVote(1421)) - 4c7984b5-42f1-4e4b-a334-601f88f38b33@group-7A90E47A063C: receive requestVote(PRE_VOTE, c7c0d573-77b1-47db-b09e-d84959a4a43f, group-7A90E47A063C, 2, (t:2, i:18))
2025-09-07 09:45:40,920 [grpc-default-executor-1] INFO  impl.VoteContext (VoteContext.java:log(49)) - 4c7984b5-42f1-4e4b-a334-601f88f38b33@group-7A90E47A063C-FOLLOWER: accept PRE_VOTE from c7c0d573-77b1-47db-b09e-d84959a4a43f: our priority 0 <= candidate's priority 0
2025-09-07 09:45:40,920 [grpc-default-executor-7] INFO  server.RaftServer$Division (RaftServerImpl.java:requestVote(1421)) - 486fef96-c6ec-41d9-a4ca-7ebb3d261081@group-7A90E47A063C: receive requestVote(PRE_VOTE, c7c0d573-77b1-47db-b09e-d84959a4a43f, group-7A90E47A063C, 2, (t:2, i:18))
2025-09-07 09:45:40,920 [grpc-default-executor-1] INFO  server.RaftServer$Division (RaftServerImpl.java:requestVote(1455)) - 4c7984b5-42f1-4e4b-a334-601f88f38b33@group-7A90E47A063C replies to PRE_VOTE vote request: c7c0d573-77b1-47db-b09e-d84959a4a43f<-4c7984b5-42f1-4e4b-a334-601f88f38b33#0:OK-t2-last:(t:2, i:18). Peer's state: 4c7984b5-42f1-4e4b-a334-601f88f38b33@group-7A90E47A063C:t2, leader=null, voted=4c7984b5-42f1-4e4b-a334-601f88f38b33, raftlog=Memoized:4c7984b5-42f1-4e4b-a334-601f88f38b33@group-7A90E47A063C-SegmentedRaftLog:OPENED:c18:last(t:2, i:18), conf=conf: {index: 17, cur=peers:[c7c0d573-77b1-47db-b09e-d84959a4a43f|127.0.0.1:15063, 486fef96-c6ec-41d9-a4ca-7ebb3d261081|127.0.0.1:15071, 4c7984b5-42f1-4e4b-a334-601f88f38b33|127.0.0.1:15079]|listeners:[], old=null}
2025-09-07 09:45:40,920 [grpc-default-executor-7] INFO  impl.VoteContext (VoteContext.java:log(49)) - 486fef96-c6ec-41d9-a4ca-7ebb3d261081@group-7A90E47A063C-FOLLOWER: accept PRE_VOTE from c7c0d573-77b1-47db-b09e-d84959a4a43f: our last entry (t:1, i:16) < candidate's last entry (t:2, i:18)
2025-09-07 09:45:40,920 [grpc-default-executor-7] INFO  server.RaftServer$Division (RaftServerImpl.java:requestVote(1455)) - 486fef96-c6ec-41d9-a4ca-7ebb3d261081@group-7A90E47A063C replies to PRE_VOTE vote request: c7c0d573-77b1-47db-b09e-d84959a4a43f<-486fef96-c6ec-41d9-a4ca-7ebb3d261081#0:OK-t2-last:(t:1, i:16). Peer's state: 486fef96-c6ec-41d9-a4ca-7ebb3d261081@group-7A90E47A063C:t2, leader=null, voted=null, raftlog=Memoized:486fef96-c6ec-41d9-a4ca-7ebb3d261081@group-7A90E47A063C-SegmentedRaftLog:OPENED:c16:last(t:1, i:16), conf=conf: {index: 0, cur=peers:[c7c0d573-77b1-47db-b09e-d84959a4a43f|127.0.0.1:15063, 486fef96-c6ec-41d9-a4ca-7ebb3d261081|127.0.0.1:15071, 4c7984b5-42f1-4e4b-a334-601f88f38b33|127.0.0.1:15079]|listeners:[], old=null}
2025-09-07 09:45:40,921 [c7c0d573-77b1-47db-b09e-d84959a4a43f@group-7A90E47A063C-LeaderElection148] INFO  impl.LeaderElection (LeaderElection.java:logAndReturn(206)) - c7c0d573-77b1-47db-b09e-d84959a4a43f@group-7A90E47A063C-LeaderElection148: PRE_VOTE PASSED received 1 response(s) and 0 exception(s):
2025-09-07 09:45:40,921 [c7c0d573-77b1-47db-b09e-d84959a4a43f@group-7A90E47A063C-LeaderElection148] INFO  impl.LeaderElection (LeaderElection.java:logAndReturn(210)) -   Response 0: c7c0d573-77b1-47db-b09e-d84959a4a43f<-486fef96-c6ec-41d9-a4ca-7ebb3d261081#0:OK-t2-last:(t:1, i:16)
2025-09-07 09:45:40,921 [c7c0d573-77b1-47db-b09e-d84959a4a43f@group-7A90E47A063C-LeaderElection148] INFO  impl.LeaderElection (LeaderElection.java:askForVotes(450)) - c7c0d573-77b1-47db-b09e-d84959a4a43f@group-7A90E47A063C-LeaderElection148 PRE_VOTE round 0: result PASSED
2025-09-07 09:45:40,922 [c7c0d573-77b1-47db-b09e-d84959a4a43f@group-7A90E47A063C-LeaderElection148] INFO  impl.LeaderElection (LeaderElection.java:askForVotes(448)) - c7c0d573-77b1-47db-b09e-d84959a4a43f@group-7A90E47A063C-LeaderElection148 ELECTION round 0: submit vote requests at term 3 for conf: {index: 17, cur=peers:[c7c0d573-77b1-47db-b09e-d84959a4a43f|127.0.0.1:15063, 486fef96-c6ec-41d9-a4ca-7ebb3d261081|127.0.0.1:15071, 4c7984b5-42f1-4e4b-a334-601f88f38b33|127.0.0.1:15079]|listeners:[], old=null}
2025-09-07 09:45:40,923 [grpc-default-executor-7] INFO  server.RaftServer$Division (RaftServerImpl.java:requestVote(1421)) - 486fef96-c6ec-41d9-a4ca-7ebb3d261081@group-7A90E47A063C: receive requestVote(ELECTION, c7c0d573-77b1-47db-b09e-d84959a4a43f, group-7A90E47A063C, 3, (t:2, i:18))
2025-09-07 09:45:40,923 [grpc-default-executor-7] INFO  impl.VoteContext (VoteContext.java:log(49)) - 486fef96-c6ec-41d9-a4ca-7ebb3d261081@group-7A90E47A063C-FOLLOWER: accept ELECTION from c7c0d573-77b1-47db-b09e-d84959a4a43f: our last entry (t:1, i:16) < candidate's last entry (t:2, i:18)
2025-09-07 09:45:40,923 [grpc-default-executor-7] INFO  server.RaftServer$Division (RaftServerImpl.java:setRole(392)) - 486fef96-c6ec-41d9-a4ca-7ebb3d261081@group-7A90E47A063C: changes role from  FOLLOWER to FOLLOWER at term 2 for candidate:c7c0d573-77b1-47db-b09e-d84959a4a43f
2025-09-07 09:45:40,923 [grpc-default-executor-7] INFO  impl.RoleInfo (RoleInfo.java:shutdownFollowerState(121)) - 486fef96-c6ec-41d9-a4ca-7ebb3d261081: shutdown 486fef96-c6ec-41d9-a4ca-7ebb3d261081@group-7A90E47A063C-FollowerState
2025-09-07 09:45:40,923 [grpc-default-executor-7] INFO  impl.RoleInfo (RoleInfo.java:updateAndGet(148)) - 486fef96-c6ec-41d9-a4ca-7ebb3d261081: start 486fef96-c6ec-41d9-a4ca-7ebb3d261081@group-7A90E47A063C-FollowerState
2025-09-07 09:45:40,923 [grpc-default-executor-1] INFO  server.RaftServer$Division (RaftServerImpl.java:requestVote(1421)) - 4c7984b5-42f1-4e4b-a334-601f88f38b33@group-7A90E47A063C: receive requestVote(ELECTION, c7c0d573-77b1-47db-b09e-d84959a4a43f, group-7A90E47A063C, 3, (t:2, i:18))
2025-09-07 09:45:40,923 [grpc-default-executor-1] INFO  impl.VoteContext (VoteContext.java:log(49)) - 4c7984b5-42f1-4e4b-a334-601f88f38b33@group-7A90E47A063C-FOLLOWER: accept ELECTION from c7c0d573-77b1-47db-b09e-d84959a4a43f: our priority 0 <= candidate's priority 0
2025-09-07 09:45:40,924 [grpc-default-executor-1] INFO  server.RaftServer$Division (RaftServerImpl.java:setRole(392)) - 4c7984b5-42f1-4e4b-a334-601f88f38b33@group-7A90E47A063C: changes role from  FOLLOWER to FOLLOWER at term 2 for candidate:c7c0d573-77b1-47db-b09e-d84959a4a43f
2025-09-07 09:45:40,924 [grpc-default-executor-1] INFO  impl.RoleInfo (RoleInfo.java:shutdownFollowerState(121)) - 4c7984b5-42f1-4e4b-a334-601f88f38b33: shutdown 4c7984b5-42f1-4e4b-a334-601f88f38b33@group-7A90E47A063C-FollowerState
2025-09-07 09:45:40,924 [grpc-default-executor-1] INFO  impl.RoleInfo (RoleInfo.java:updateAndGet(148)) - 4c7984b5-42f1-4e4b-a334-601f88f38b33: start 4c7984b5-42f1-4e4b-a334-601f88f38b33@group-7A90E47A063C-FollowerState
2025-09-07 09:45:40,924 [486fef96-c6ec-41d9-a4ca-7ebb3d261081@group-7A90E47A063C-FollowerState] INFO  impl.FollowerState (FollowerState.java:runImpl(170)) - 486fef96-c6ec-41d9-a4ca-7ebb3d261081@group-7A90E47A063C-FollowerState was interrupted
2025-09-07 09:45:40,924 [4c7984b5-42f1-4e4b-a334-601f88f38b33@group-7A90E47A063C-FollowerState] INFO  impl.FollowerState (FollowerState.java:runImpl(170)) - 4c7984b5-42f1-4e4b-a334-601f88f38b33@group-7A90E47A063C-FollowerState was interrupted
2025-09-07 09:45:40,925 [grpc-default-executor-7] INFO  server.RaftServer$Division (RaftServerImpl.java:requestVote(1455)) - 486fef96-c6ec-41d9-a4ca-7ebb3d261081@group-7A90E47A063C replies to ELECTION vote request: c7c0d573-77b1-47db-b09e-d84959a4a43f<-486fef96-c6ec-41d9-a4ca-7ebb3d261081#0:OK-t3-last:(t:1, i:16). Peer's state: 486fef96-c6ec-41d9-a4ca-7ebb3d261081@group-7A90E47A063C:t3, leader=null, voted=c7c0d573-77b1-47db-b09e-d84959a4a43f, raftlog=Memoized:486fef96-c6ec-41d9-a4ca-7ebb3d261081@group-7A90E47A063C-SegmentedRaftLog:OPENED:c16:last(t:1, i:16), conf=conf: {index: 0, cur=peers:[c7c0d573-77b1-47db-b09e-d84959a4a43f|127.0.0.1:15063, 486fef96-c6ec-41d9-a4ca-7ebb3d261081|127.0.0.1:15071, 4c7984b5-42f1-4e4b-a334-601f88f38b33|127.0.0.1:15079]|listeners:[], old=null}
2025-09-07 09:45:40,925 [c7c0d573-77b1-47db-b09e-d84959a4a43f@group-7A90E47A063C-LeaderElection148] INFO  impl.LeaderElection (LeaderElection.java:logAndReturn(206)) - c7c0d573-77b1-47db-b09e-d84959a4a43f@group-7A90E47A063C-LeaderElection148: ELECTION PASSED received 1 response(s) and 0 exception(s):
2025-09-07 09:45:40,925 [grpc-default-executor-1] INFO  server.RaftServer$Division (RaftServerImpl.java:requestVote(1455)) - 4c7984b5-42f1-4e4b-a334-601f88f38b33@group-7A90E47A063C replies to ELECTION vote request: c7c0d573-77b1-47db-b09e-d84959a4a43f<-4c7984b5-42f1-4e4b-a334-601f88f38b33#0:OK-t3-last:(t:2, i:18). Peer's state: 4c7984b5-42f1-4e4b-a334-601f88f38b33@group-7A90E47A063C:t3, leader=null, voted=c7c0d573-77b1-47db-b09e-d84959a4a43f, raftlog=Memoized:4c7984b5-42f1-4e4b-a334-601f88f38b33@group-7A90E47A063C-SegmentedRaftLog:OPENED:c18:last(t:2, i:18), conf=conf: {index: 17, cur=peers:[c7c0d573-77b1-47db-b09e-d84959a4a43f|127.0.0.1:15063, 486fef96-c6ec-41d9-a4ca-7ebb3d261081|127.0.0.1:15071, 4c7984b5-42f1-4e4b-a334-601f88f38b33|127.0.0.1:15079]|listeners:[], old=null}
2025-09-07 09:45:40,925 [c7c0d573-77b1-47db-b09e-d84959a4a43f@group-7A90E47A063C-LeaderElection148] INFO  impl.LeaderElection (LeaderElection.java:logAndReturn(210)) -   Response 0: c7c0d573-77b1-47db-b09e-d84959a4a43f<-486fef96-c6ec-41d9-a4ca-7ebb3d261081#0:OK-t3-last:(t:1, i:16)
2025-09-07 09:45:40,926 [c7c0d573-77b1-47db-b09e-d84959a4a43f@group-7A90E47A063C-LeaderElection148] INFO  impl.LeaderElection (LeaderElection.java:askForVotes(450)) - c7c0d573-77b1-47db-b09e-d84959a4a43f@group-7A90E47A063C-LeaderElection148 ELECTION round 0: result PASSED
2025-09-07 09:45:40,926 [c7c0d573-77b1-47db-b09e-d84959a4a43f@group-7A90E47A063C-LeaderElection148] INFO  impl.RoleInfo (RoleInfo.java:shutdownLeaderElection(141)) - c7c0d573-77b1-47db-b09e-d84959a4a43f: shutdown c7c0d573-77b1-47db-b09e-d84959a4a43f@group-7A90E47A063C-LeaderElection148
2025-09-07 09:45:40,926 [c7c0d573-77b1-47db-b09e-d84959a4a43f@group-7A90E47A063C-LeaderElection148] INFO  server.RaftServer$Division (RaftServerImpl.java:setRole(392)) - c7c0d573-77b1-47db-b09e-d84959a4a43f@group-7A90E47A063C: changes role from CANDIDATE to LEADER at term 3 for changeToLeader
2025-09-07 09:45:40,926 [c7c0d573-77b1-47db-b09e-d84959a4a43f@group-7A90E47A063C-LeaderElection148] INFO  server.RaftServerConfigKeys (ConfUtils.java:logFallback(69)) - raft.server.staging.timeout = 3600ms (fallback to raft.server.rpc.timeout.max)
2025-09-07 09:45:40,926 [c7c0d573-77b1-47db-b09e-d84959a4a43f@group-7A90E47A063C-LeaderElection148] INFO  server.RaftServerConfigKeys (ConfUtils.java:logGet(62)) - raft.server.write.byte-limit = 1024 M (=1073741824) (custom)
2025-09-07 09:45:40,927 [c7c0d573-77b1-47db-b09e-d84959a4a43f@group-7A90E47A063C-LeaderElection148] INFO  server.RaftServerConfigKeys (ConfUtils.java:logGet(62)) - raft.server.log.appender.buffer.byte-limit = 33554432 (custom)
2025-09-07 09:45:40,928 [c7c0d573-77b1-47db-b09e-d84959a4a43f@group-7A90E47A063C-LeaderElection148] INFO  server.RaftServerConfigKeys (ConfUtils.java:logGet(62)) - raft.server.log.appender.buffer.byte-limit = 33554432 (custom)
2025-09-07 09:45:40,928 [c7c0d573-77b1-47db-b09e-d84959a4a43f@group-7A90E47A063C-LeaderElection148] INFO  impl.RoleInfo (RoleInfo.java:updateAndGet(148)) - c7c0d573-77b1-47db-b09e-d84959a4a43f: start c7c0d573-77b1-47db-b09e-d84959a4a43f@group-7A90E47A063C-LeaderStateImpl
2025-09-07 09:45:40,928 [c7c0d573-77b1-47db-b09e-d84959a4a43f@group-7A90E47A063C-LeaderElection148] INFO  server.RaftServer$Division (RaftServerImpl.java:setFirstElection(576)) - c7c0d573-77b1-47db-b09e-d84959a4a43f@group-7A90E47A063C: set firstElectionSinceStartup to false for becomeLeader
2025-09-07 09:45:40,928 [c7c0d573-77b1-47db-b09e-d84959a4a43f@group-7A90E47A063C-LeaderElection148] INFO  ratis.XceiverServerRatis (XceiverServerRatis.java:handleLeaderChangedNotification(947)) - Leader change notification received for group: group-7A90E47A063C with new leaderId: c7c0d573-77b1-47db-b09e-d84959a4a43f
2025-09-07 09:45:40,928 [c7c0d573-77b1-47db-b09e-d84959a4a43f@group-7A90E47A063C-LeaderElection148] INFO  server.RaftServer$Division (ServerState.java:setLeader(272)) - c7c0d573-77b1-47db-b09e-d84959a4a43f@group-7A90E47A063C: change Leader from null to c7c0d573-77b1-47db-b09e-d84959a4a43f at term 3 for becomeLeader, leader elected after 1794ms
2025-09-07 09:45:40,929 [c7c0d573-77b1-47db-b09e-d84959a4a43f@group-7A90E47A063C-LeaderElection148] INFO  segmented.SegmentedRaftLogWorker (SegmentedRaftLogWorker.java:rollLogSegment(445)) - c7c0d573-77b1-47db-b09e-d84959a4a43f@group-7A90E47A063C-SegmentedRaftLogWorker: Rolling segment log-17_18 to index:18
2025-09-07 09:45:40,929 [c7c0d573-77b1-47db-b09e-d84959a4a43f@group-7A90E47A063C-LeaderElection148] INFO  server.RaftServer$Division (ServerState.java:setRaftConf(386)) - c7c0d573-77b1-47db-b09e-d84959a4a43f@group-7A90E47A063C: set configuration conf: {index: 19, cur=peers:[c7c0d573-77b1-47db-b09e-d84959a4a43f|127.0.0.1:15063, 486fef96-c6ec-41d9-a4ca-7ebb3d261081|127.0.0.1:15071, 4c7984b5-42f1-4e4b-a334-601f88f38b33|127.0.0.1:15079]|listeners:[], old=null}
2025-09-07 09:45:40,929 [c7c0d573-77b1-47db-b09e-d84959a4a43f@group-7A90E47A063C-SegmentedRaftLogWorker] INFO  segmented.SegmentedRaftLogWorker (SegmentedRaftLogWorker.java:execute(604)) - c7c0d573-77b1-47db-b09e-d84959a4a43f@group-7A90E47A063C-SegmentedRaftLogWorker: Rolled log segment from /home/runner/work/ozone/ozone/hadoop-ozone/integration-test/target/test-dir/MiniOzoneClusterImpl-023d5a78-e64c-43f3-a4d9-6f7884931d6c/ozone-metadata/datanode-7/ratis/c966e9dd-f994-4bc9-96f7-7a90e47a063c/current/log_inprogress_17 to /home/runner/work/ozone/ozone/hadoop-ozone/integration-test/target/test-dir/MiniOzoneClusterImpl-023d5a78-e64c-43f3-a4d9-6f7884931d6c/ozone-metadata/datanode-7/ratis/c966e9dd-f994-4bc9-96f7-7a90e47a063c/current/log_17-18
2025-09-07 09:45:40,930 [c7c0d573-77b1-47db-b09e-d84959a4a43f@group-7A90E47A063C-SegmentedRaftLogWorker] INFO  segmented.BufferedWriteChannel (BufferedWriteChannel.java:open(61)) - open log_inprogress_19 at position 0
2025-09-07 09:45:40,934 [grpc-default-executor-1] INFO  ratis.XceiverServerRatis (XceiverServerRatis.java:handleLeaderChangedNotification(947)) - Leader change notification received for group: group-7A90E47A063C with new leaderId: c7c0d573-77b1-47db-b09e-d84959a4a43f
2025-09-07 09:45:40,934 [grpc-default-executor-3] INFO  ratis.XceiverServerRatis (XceiverServerRatis.java:handleLeaderChangedNotification(947)) - Leader change notification received for group: group-7A90E47A063C with new leaderId: c7c0d573-77b1-47db-b09e-d84959a4a43f
2025-09-07 09:45:40,935 [grpc-default-executor-3] INFO  server.RaftServer$Division (ServerState.java:setLeader(272)) - 486fef96-c6ec-41d9-a4ca-7ebb3d261081@group-7A90E47A063C: change Leader from null to c7c0d573-77b1-47db-b09e-d84959a4a43f at term 3 for appendEntries, leader elected after 2053ms
2025-09-07 09:45:40,935 [grpc-default-executor-3] INFO  server.RaftServer$Division (RaftServerImpl.java:checkInconsistentAppendEntries(1673)) - 486fef96-c6ec-41d9-a4ca-7ebb3d261081@group-7A90E47A063C: Failed appendEntries as previous log entry ((t:2, i:18)) is not found
2025-09-07 09:45:40,935 [grpc-default-executor-3] INFO  server.RaftServer$Division (RaftServerImpl.java:appendEntriesAsync(1594)) - 486fef96-c6ec-41d9-a4ca-7ebb3d261081@group-7A90E47A063C: appendEntries* reply c7c0d573-77b1-47db-b09e-d84959a4a43f<-486fef96-c6ec-41d9-a4ca-7ebb3d261081#0:FAIL-t3,INCONSISTENCY,nextIndex=17,followerCommit=16,matchIndex=-1
2025-09-07 09:45:40,935 [grpc-default-executor-1] INFO  server.RaftServer$Division (ServerState.java:setLeader(272)) - 4c7984b5-42f1-4e4b-a334-601f88f38b33@group-7A90E47A063C: change Leader from null to c7c0d573-77b1-47db-b09e-d84959a4a43f at term 3 for appendEntries, leader elected after 35627ms
2025-09-07 09:45:40,935 [grpc-default-executor-7] INFO  server.RaftServer$Division (RaftServerImpl.java:checkInconsistentAppendEntries(1673)) - 486fef96-c6ec-41d9-a4ca-7ebb3d261081@group-7A90E47A063C: Failed appendEntries as previous log entry ((t:2, i:18)) is not found
2025-09-07 09:45:40,935 [grpc-default-executor-7] INFO  server.RaftServer$Division (RaftServerImpl.java:appendEntriesAsync(1594)) - 486fef96-c6ec-41d9-a4ca-7ebb3d261081@group-7A90E47A063C: appendEntries* reply c7c0d573-77b1-47db-b09e-d84959a4a43f<-486fef96-c6ec-41d9-a4ca-7ebb3d261081#1:FAIL-t3,INCONSISTENCY,nextIndex=17,followerCommit=16,matchIndex=-1
2025-09-07 09:45:40,936 [grpc-default-executor-7] WARN  server.GrpcLogAppender (GrpcLogAppender.java:lambda$onNextImpl$0(527)) - c7c0d573-77b1-47db-b09e-d84959a4a43f@group-7A90E47A063C->486fef96-c6ec-41d9-a4ca-7ebb3d261081-AppendLogResponseHandler: received INCONSISTENCY reply with nextIndex 17, errorCount=1, request=AppendEntriesRequest:cid=0,entriesCount=0 
2025-09-07 09:45:40,936 [grpc-default-executor-7] INFO  leader.FollowerInfo (FollowerInfoImpl.java:info(70)) - c7c0d573-77b1-47db-b09e-d84959a4a43f@group-7A90E47A063C->486fef96-c6ec-41d9-a4ca-7ebb3d261081: setNextIndex nextIndex: updateUnconditionally 20 -> 17
2025-09-07 09:45:40,936 [grpc-default-executor-1] INFO  server.RaftServer$Division (ServerState.java:setRaftConf(386)) - 4c7984b5-42f1-4e4b-a334-601f88f38b33@group-7A90E47A063C: set configuration conf: {index: 19, cur=peers:[c7c0d573-77b1-47db-b09e-d84959a4a43f|127.0.0.1:15063, 486fef96-c6ec-41d9-a4ca-7ebb3d261081|127.0.0.1:15071, 4c7984b5-42f1-4e4b-a334-601f88f38b33|127.0.0.1:15079]|listeners:[], old=null}
2025-09-07 09:45:40,936 [grpc-default-executor-1] INFO  segmented.SegmentedRaftLogWorker (SegmentedRaftLogWorker.java:rollLogSegment(445)) - 4c7984b5-42f1-4e4b-a334-601f88f38b33@group-7A90E47A063C-SegmentedRaftLogWorker: Rolling segment log-17_18 to index:18
2025-09-07 09:45:40,937 [c7c0d573-77b1-47db-b09e-d84959a4a43f@group-7A90E47A063C-SegmentedRaftLogWorker] INFO  segmented.SegmentedRaftLogWorker (SegmentedRaftLogWorker.java:execute(647)) - c7c0d573-77b1-47db-b09e-d84959a4a43f@group-7A90E47A063C-SegmentedRaftLogWorker: created new log segment /home/runner/work/ozone/ozone/hadoop-ozone/integration-test/target/test-dir/MiniOzoneClusterImpl-023d5a78-e64c-43f3-a4d9-6f7884931d6c/ozone-metadata/datanode-7/ratis/c966e9dd-f994-4bc9-96f7-7a90e47a063c/current/log_inprogress_19
2025-09-07 09:45:40,938 [grpc-default-executor-1] INFO  server.RaftServer$Division (ServerState.java:setRaftConf(386)) - 486fef96-c6ec-41d9-a4ca-7ebb3d261081@group-7A90E47A063C: set configuration conf: {index: 17, cur=peers:[c7c0d573-77b1-47db-b09e-d84959a4a43f|127.0.0.1:15063, 486fef96-c6ec-41d9-a4ca-7ebb3d261081|127.0.0.1:15071, 4c7984b5-42f1-4e4b-a334-601f88f38b33|127.0.0.1:15079]|listeners:[], old=null}
2025-09-07 09:45:40,938 [grpc-default-executor-1] INFO  server.RaftServer$Division (ServerState.java:setRaftConf(386)) - 486fef96-c6ec-41d9-a4ca-7ebb3d261081@group-7A90E47A063C: set configuration conf: {index: 19, cur=peers:[c7c0d573-77b1-47db-b09e-d84959a4a43f|127.0.0.1:15063, 486fef96-c6ec-41d9-a4ca-7ebb3d261081|127.0.0.1:15071, 4c7984b5-42f1-4e4b-a334-601f88f38b33|127.0.0.1:15079]|listeners:[], old=null}
2025-09-07 09:45:40,938 [grpc-default-executor-1] INFO  segmented.SegmentedRaftLogWorker (SegmentedRaftLogWorker.java:rollLogSegment(445)) - 486fef96-c6ec-41d9-a4ca-7ebb3d261081@group-7A90E47A063C-SegmentedRaftLogWorker: Rolling segment log-0_16 to index:16
2025-09-07 09:45:40,938 [grpc-default-executor-1] INFO  segmented.SegmentedRaftLogWorker (SegmentedRaftLogWorker.java:rollLogSegment(445)) - 486fef96-c6ec-41d9-a4ca-7ebb3d261081@group-7A90E47A063C-SegmentedRaftLogWorker: Rolling segment log-17_18 to index:18
2025-09-07 09:45:40,939 [486fef96-c6ec-41d9-a4ca-7ebb3d261081@group-7A90E47A063C-SegmentedRaftLogWorker] INFO  segmented.SegmentedRaftLogWorker (SegmentedRaftLogWorker.java:execute(604)) - 486fef96-c6ec-41d9-a4ca-7ebb3d261081@group-7A90E47A063C-SegmentedRaftLogWorker: Rolled log segment from /home/runner/work/ozone/ozone/hadoop-ozone/integration-test/target/test-dir/MiniOzoneClusterImpl-023d5a78-e64c-43f3-a4d9-6f7884931d6c/ozone-metadata/datanode-8/ratis/c966e9dd-f994-4bc9-96f7-7a90e47a063c/current/log_inprogress_0 to /home/runner/work/ozone/ozone/hadoop-ozone/integration-test/target/test-dir/MiniOzoneClusterImpl-023d5a78-e64c-43f3-a4d9-6f7884931d6c/ozone-metadata/datanode-8/ratis/c966e9dd-f994-4bc9-96f7-7a90e47a063c/current/log_0-16
2025-09-07 09:45:40,939 [486fef96-c6ec-41d9-a4ca-7ebb3d261081@group-7A90E47A063C-SegmentedRaftLogWorker] INFO  segmented.BufferedWriteChannel (BufferedWriteChannel.java:open(61)) - open log_inprogress_17 at position 0
2025-09-07 09:45:40,940 [4c7984b5-42f1-4e4b-a334-601f88f38b33@group-7A90E47A063C-SegmentedRaftLogWorker] INFO  segmented.SegmentedRaftLogWorker (SegmentedRaftLogWorker.java:execute(604)) - 4c7984b5-42f1-4e4b-a334-601f88f38b33@group-7A90E47A063C-SegmentedRaftLogWorker: Rolled log segment from /home/runner/work/ozone/ozone/hadoop-ozone/integration-test/target/test-dir/MiniOzoneClusterImpl-023d5a78-e64c-43f3-a4d9-6f7884931d6c/ozone-metadata/datanode-9/ratis/c966e9dd-f994-4bc9-96f7-7a90e47a063c/current/log_inprogress_17 to /home/runner/work/ozone/ozone/hadoop-ozone/integration-test/target/test-dir/MiniOzoneClusterImpl-023d5a78-e64c-43f3-a4d9-6f7884931d6c/ozone-metadata/datanode-9/ratis/c966e9dd-f994-4bc9-96f7-7a90e47a063c/current/log_17-18
2025-09-07 09:45:40,940 [4c7984b5-42f1-4e4b-a334-601f88f38b33@group-7A90E47A063C-SegmentedRaftLogWorker] INFO  segmented.BufferedWriteChannel (BufferedWriteChannel.java:open(61)) - open log_inprogress_19 at position 0
2025-09-07 09:45:40,945 [486fef96-c6ec-41d9-a4ca-7ebb3d261081@group-7A90E47A063C-SegmentedRaftLogWorker] INFO  segmented.SegmentedRaftLogWorker (SegmentedRaftLogWorker.java:execute(647)) - 486fef96-c6ec-41d9-a4ca-7ebb3d261081@group-7A90E47A063C-SegmentedRaftLogWorker: created new log segment /home/runner/work/ozone/ozone/hadoop-ozone/integration-test/target/test-dir/MiniOzoneClusterImpl-023d5a78-e64c-43f3-a4d9-6f7884931d6c/ozone-metadata/datanode-8/ratis/c966e9dd-f994-4bc9-96f7-7a90e47a063c/current/log_inprogress_17
2025-09-07 09:45:40,946 [4c7984b5-42f1-4e4b-a334-601f88f38b33@group-7A90E47A063C-SegmentedRaftLogWorker] INFO  segmented.SegmentedRaftLogWorker (SegmentedRaftLogWorker.java:execute(647)) - 4c7984b5-42f1-4e4b-a334-601f88f38b33@group-7A90E47A063C-SegmentedRaftLogWorker: created new log segment /home/runner/work/ozone/ozone/hadoop-ozone/integration-test/target/test-dir/MiniOzoneClusterImpl-023d5a78-e64c-43f3-a4d9-6f7884931d6c/ozone-metadata/datanode-9/ratis/c966e9dd-f994-4bc9-96f7-7a90e47a063c/current/log_inprogress_19
2025-09-07 09:45:40,947 [486fef96-c6ec-41d9-a4ca-7ebb3d261081@group-7A90E47A063C-SegmentedRaftLogWorker] INFO  segmented.SegmentedRaftLogWorker (SegmentedRaftLogWorker.java:execute(604)) - 486fef96-c6ec-41d9-a4ca-7ebb3d261081@group-7A90E47A063C-SegmentedRaftLogWorker: Rolled log segment from /home/runner/work/ozone/ozone/hadoop-ozone/integration-test/target/test-dir/MiniOzoneClusterImpl-023d5a78-e64c-43f3-a4d9-6f7884931d6c/ozone-metadata/datanode-8/ratis/c966e9dd-f994-4bc9-96f7-7a90e47a063c/current/log_inprogress_17 to /home/runner/work/ozone/ozone/hadoop-ozone/integration-test/target/test-dir/MiniOzoneClusterImpl-023d5a78-e64c-43f3-a4d9-6f7884931d6c/ozone-metadata/datanode-8/ratis/c966e9dd-f994-4bc9-96f7-7a90e47a063c/current/log_17-18
2025-09-07 09:45:40,947 [486fef96-c6ec-41d9-a4ca-7ebb3d261081@group-7A90E47A063C-SegmentedRaftLogWorker] INFO  segmented.BufferedWriteChannel (BufferedWriteChannel.java:open(61)) - open log_inprogress_19 at position 0
2025-09-07 09:45:40,951 [c7c0d573-77b1-47db-b09e-d84959a4a43f@group-7A90E47A063C-StateMachineUpdater] INFO  server.RaftServer$Division (LeaderStateImpl.java:checkStartIndex(309)) - Leader c7c0d573-77b1-47db-b09e-d84959a4a43f@group-7A90E47A063C-LeaderStateImpl is ready since appliedIndex == startIndex == 19
2025-09-07 09:45:40,954 [486fef96-c6ec-41d9-a4ca-7ebb3d261081@group-7A90E47A063C-SegmentedRaftLogWorker] INFO  segmented.SegmentedRaftLogWorker (SegmentedRaftLogWorker.java:execute(647)) - 486fef96-c6ec-41d9-a4ca-7ebb3d261081@group-7A90E47A063C-SegmentedRaftLogWorker: created new log segment /home/runner/work/ozone/ozone/hadoop-ozone/integration-test/target/test-dir/MiniOzoneClusterImpl-023d5a78-e64c-43f3-a4d9-6f7884931d6c/ozone-metadata/datanode-8/ratis/c966e9dd-f994-4bc9-96f7-7a90e47a063c/current/log_inprogress_19
2025-09-07 09:45:40,961 [c7c0d573-77b1-47db-b09e-d84959a4a43f@group-AF0CBE3D3EB0-FollowerState] INFO  impl.FollowerState (FollowerState.java:runImpl(161)) - c7c0d573-77b1-47db-b09e-d84959a4a43f@group-AF0CBE3D3EB0-FollowerState: change to CANDIDATE, lastRpcElapsedTime:1110615211ns, electionTimeout:1110ms
2025-09-07 09:45:40,961 [c7c0d573-77b1-47db-b09e-d84959a4a43f@group-AF0CBE3D3EB0-FollowerState] INFO  impl.RoleInfo (RoleInfo.java:shutdownFollowerState(121)) - c7c0d573-77b1-47db-b09e-d84959a4a43f: shutdown c7c0d573-77b1-47db-b09e-d84959a4a43f@group-AF0CBE3D3EB0-FollowerState
2025-09-07 09:45:40,961 [c7c0d573-77b1-47db-b09e-d84959a4a43f@group-AF0CBE3D3EB0-FollowerState] INFO  server.RaftServer$Division (RaftServerImpl.java:setRole(392)) - c7c0d573-77b1-47db-b09e-d84959a4a43f@group-AF0CBE3D3EB0: changes role from  FOLLOWER to CANDIDATE at term 1 for changeToCandidate
2025-09-07 09:45:40,961 [c7c0d573-77b1-47db-b09e-d84959a4a43f@group-AF0CBE3D3EB0-FollowerState] INFO  impl.RoleInfo (RoleInfo.java:updateAndGet(148)) - c7c0d573-77b1-47db-b09e-d84959a4a43f: start c7c0d573-77b1-47db-b09e-d84959a4a43f@group-AF0CBE3D3EB0-LeaderElection149
2025-09-07 09:45:40,961 [c7c0d573-77b1-47db-b09e-d84959a4a43f@group-AF0CBE3D3EB0-LeaderElection149] INFO  impl.LeaderElection (LeaderElection.java:askForVotes(448)) - c7c0d573-77b1-47db-b09e-d84959a4a43f@group-AF0CBE3D3EB0-LeaderElection149 PRE_VOTE round 0: submit vote requests at term 1 for conf: {index: 0, cur=peers:[c7c0d573-77b1-47db-b09e-d84959a4a43f|127.0.0.1:15063, 486fef96-c6ec-41d9-a4ca-7ebb3d261081|127.0.0.1:15071, 4c7984b5-42f1-4e4b-a334-601f88f38b33|127.0.0.1:15079]|listeners:[], old=null}
2025-09-07 09:45:40,963 [grpc-default-executor-7] INFO  server.RaftServer$Division (RaftServerImpl.java:requestVote(1421)) - 4c7984b5-42f1-4e4b-a334-601f88f38b33@group-AF0CBE3D3EB0: receive requestVote(PRE_VOTE, c7c0d573-77b1-47db-b09e-d84959a4a43f, group-AF0CBE3D3EB0, 1, (t:1, i:0))
2025-09-07 09:45:40,963 [grpc-default-executor-1] INFO  server.RaftServer$Division (RaftServerImpl.java:requestVote(1421)) - 486fef96-c6ec-41d9-a4ca-7ebb3d261081@group-AF0CBE3D3EB0: receive requestVote(PRE_VOTE, c7c0d573-77b1-47db-b09e-d84959a4a43f, group-AF0CBE3D3EB0, 1, (t:1, i:0))
2025-09-07 09:45:40,963 [grpc-default-executor-1] INFO  impl.VoteContext (VoteContext.java:log(49)) - 486fef96-c6ec-41d9-a4ca-7ebb3d261081@group-AF0CBE3D3EB0-FOLLOWER: accept PRE_VOTE from c7c0d573-77b1-47db-b09e-d84959a4a43f: our priority 0 <= candidate's priority 1
2025-09-07 09:45:40,963 [grpc-default-executor-7] INFO  impl.VoteContext (VoteContext.java:log(49)) - 4c7984b5-42f1-4e4b-a334-601f88f38b33@group-AF0CBE3D3EB0-FOLLOWER: accept PRE_VOTE from c7c0d573-77b1-47db-b09e-d84959a4a43f: our priority 0 <= candidate's priority 1
2025-09-07 09:45:40,963 [grpc-default-executor-1] INFO  server.RaftServer$Division (RaftServerImpl.java:requestVote(1455)) - 486fef96-c6ec-41d9-a4ca-7ebb3d261081@group-AF0CBE3D3EB0 replies to PRE_VOTE vote request: c7c0d573-77b1-47db-b09e-d84959a4a43f<-486fef96-c6ec-41d9-a4ca-7ebb3d261081#0:OK-t1-last:(t:1, i:0). Peer's state: 486fef96-c6ec-41d9-a4ca-7ebb3d261081@group-AF0CBE3D3EB0:t1, leader=null, voted=c7c0d573-77b1-47db-b09e-d84959a4a43f, raftlog=Memoized:486fef96-c6ec-41d9-a4ca-7ebb3d261081@group-AF0CBE3D3EB0-SegmentedRaftLog:OPENED:c0:last(t:1, i:0), conf=conf: {index: 0, cur=peers:[c7c0d573-77b1-47db-b09e-d84959a4a43f|127.0.0.1:15063, 486fef96-c6ec-41d9-a4ca-7ebb3d261081|127.0.0.1:15071, 4c7984b5-42f1-4e4b-a334-601f88f38b33|127.0.0.1:15079]|listeners:[], old=null}
2025-09-07 09:45:40,963 [grpc-default-executor-7] INFO  server.RaftServer$Division (RaftServerImpl.java:requestVote(1455)) - 4c7984b5-42f1-4e4b-a334-601f88f38b33@group-AF0CBE3D3EB0 replies to PRE_VOTE vote request: c7c0d573-77b1-47db-b09e-d84959a4a43f<-4c7984b5-42f1-4e4b-a334-601f88f38b33#0:OK-t1-last:(t:1, i:0). Peer's state: 4c7984b5-42f1-4e4b-a334-601f88f38b33@group-AF0CBE3D3EB0:t1, leader=null, voted=c7c0d573-77b1-47db-b09e-d84959a4a43f, raftlog=Memoized:4c7984b5-42f1-4e4b-a334-601f88f38b33@group-AF0CBE3D3EB0-SegmentedRaftLog:OPENED:c0:last(t:1, i:0), conf=conf: {index: 0, cur=peers:[c7c0d573-77b1-47db-b09e-d84959a4a43f|127.0.0.1:15063, 486fef96-c6ec-41d9-a4ca-7ebb3d261081|127.0.0.1:15071, 4c7984b5-42f1-4e4b-a334-601f88f38b33|127.0.0.1:15079]|listeners:[], old=null}
2025-09-07 09:45:40,964 [c7c0d573-77b1-47db-b09e-d84959a4a43f@group-AF0CBE3D3EB0-LeaderElection149] INFO  impl.LeaderElection (LeaderElection.java:logAndReturn(206)) - c7c0d573-77b1-47db-b09e-d84959a4a43f@group-AF0CBE3D3EB0-LeaderElection149: PRE_VOTE PASSED received 1 response(s) and 0 exception(s):
2025-09-07 09:45:40,964 [c7c0d573-77b1-47db-b09e-d84959a4a43f@group-AF0CBE3D3EB0-LeaderElection149] INFO  impl.LeaderElection (LeaderElection.java:logAndReturn(210)) -   Response 0: c7c0d573-77b1-47db-b09e-d84959a4a43f<-4c7984b5-42f1-4e4b-a334-601f88f38b33#0:OK-t1-last:(t:1, i:0)
2025-09-07 09:45:40,964 [c7c0d573-77b1-47db-b09e-d84959a4a43f@group-AF0CBE3D3EB0-LeaderElection149] INFO  impl.LeaderElection (LeaderElection.java:askForVotes(450)) - c7c0d573-77b1-47db-b09e-d84959a4a43f@group-AF0CBE3D3EB0-LeaderElection149 PRE_VOTE round 0: result PASSED
2025-09-07 09:45:40,966 [c7c0d573-77b1-47db-b09e-d84959a4a43f@group-AF0CBE3D3EB0-LeaderElection149] INFO  impl.LeaderElection (LeaderElection.java:askForVotes(448)) - c7c0d573-77b1-47db-b09e-d84959a4a43f@group-AF0CBE3D3EB0-LeaderElection149 ELECTION round 0: submit vote requests at term 2 for conf: {index: 0, cur=peers:[c7c0d573-77b1-47db-b09e-d84959a4a43f|127.0.0.1:15063, 486fef96-c6ec-41d9-a4ca-7ebb3d261081|127.0.0.1:15071, 4c7984b5-42f1-4e4b-a334-601f88f38b33|127.0.0.1:15079]|listeners:[], old=null}
2025-09-07 09:45:40,967 [grpc-default-executor-1] INFO  server.RaftServer$Division (RaftServerImpl.java:requestVote(1421)) - 486fef96-c6ec-41d9-a4ca-7ebb3d261081@group-AF0CBE3D3EB0: receive requestVote(ELECTION, c7c0d573-77b1-47db-b09e-d84959a4a43f, group-AF0CBE3D3EB0, 2, (t:1, i:0))
2025-09-07 09:45:40,967 [grpc-default-executor-1] INFO  impl.VoteContext (VoteContext.java:log(49)) - 486fef96-c6ec-41d9-a4ca-7ebb3d261081@group-AF0CBE3D3EB0-FOLLOWER: accept ELECTION from c7c0d573-77b1-47db-b09e-d84959a4a43f: our priority 0 <= candidate's priority 1
2025-09-07 09:45:40,967 [grpc-default-executor-1] INFO  server.RaftServer$Division (RaftServerImpl.java:setRole(392)) - 486fef96-c6ec-41d9-a4ca-7ebb3d261081@group-AF0CBE3D3EB0: changes role from  FOLLOWER to FOLLOWER at term 1 for candidate:c7c0d573-77b1-47db-b09e-d84959a4a43f
2025-09-07 09:45:40,967 [grpc-default-executor-1] INFO  impl.RoleInfo (RoleInfo.java:shutdownFollowerState(121)) - 486fef96-c6ec-41d9-a4ca-7ebb3d261081: shutdown 486fef96-c6ec-41d9-a4ca-7ebb3d261081@group-AF0CBE3D3EB0-FollowerState
2025-09-07 09:45:40,967 [grpc-default-executor-7] INFO  server.RaftServer$Division (RaftServerImpl.java:requestVote(1421)) - 4c7984b5-42f1-4e4b-a334-601f88f38b33@group-AF0CBE3D3EB0: receive requestVote(ELECTION, c7c0d573-77b1-47db-b09e-d84959a4a43f, group-AF0CBE3D3EB0, 2, (t:1, i:0))
2025-09-07 09:45:40,967 [grpc-default-executor-7] INFO  impl.VoteContext (VoteContext.java:log(49)) - 4c7984b5-42f1-4e4b-a334-601f88f38b33@group-AF0CBE3D3EB0-FOLLOWER: accept ELECTION from c7c0d573-77b1-47db-b09e-d84959a4a43f: our priority 0 <= candidate's priority 1
2025-09-07 09:45:40,967 [grpc-default-executor-7] INFO  server.RaftServer$Division (RaftServerImpl.java:setRole(392)) - 4c7984b5-42f1-4e4b-a334-601f88f38b33@group-AF0CBE3D3EB0: changes role from  FOLLOWER to FOLLOWER at term 1 for candidate:c7c0d573-77b1-47db-b09e-d84959a4a43f
2025-09-07 09:45:40,967 [grpc-default-executor-7] INFO  impl.RoleInfo (RoleInfo.java:shutdownFollowerState(121)) - 4c7984b5-42f1-4e4b-a334-601f88f38b33: shutdown 4c7984b5-42f1-4e4b-a334-601f88f38b33@group-AF0CBE3D3EB0-FollowerState
2025-09-07 09:45:40,967 [grpc-default-executor-7] INFO  impl.RoleInfo (RoleInfo.java:updateAndGet(148)) - 4c7984b5-42f1-4e4b-a334-601f88f38b33: start 4c7984b5-42f1-4e4b-a334-601f88f38b33@group-AF0CBE3D3EB0-FollowerState
2025-09-07 09:45:40,967 [grpc-default-executor-1] INFO  impl.RoleInfo (RoleInfo.java:updateAndGet(148)) - 486fef96-c6ec-41d9-a4ca-7ebb3d261081: start 486fef96-c6ec-41d9-a4ca-7ebb3d261081@group-AF0CBE3D3EB0-FollowerState
2025-09-07 09:45:40,967 [4c7984b5-42f1-4e4b-a334-601f88f38b33@group-AF0CBE3D3EB0-FollowerState] INFO  impl.FollowerState (FollowerState.java:runImpl(170)) - 4c7984b5-42f1-4e4b-a334-601f88f38b33@group-AF0CBE3D3EB0-FollowerState was interrupted
2025-09-07 09:45:40,967 [486fef96-c6ec-41d9-a4ca-7ebb3d261081@group-AF0CBE3D3EB0-FollowerState] INFO  impl.FollowerState (FollowerState.java:runImpl(170)) - 486fef96-c6ec-41d9-a4ca-7ebb3d261081@group-AF0CBE3D3EB0-FollowerState was interrupted
2025-09-07 09:45:40,970 [grpc-default-executor-1] INFO  server.RaftServer$Division (RaftServerImpl.java:requestVote(1455)) - 486fef96-c6ec-41d9-a4ca-7ebb3d261081@group-AF0CBE3D3EB0 replies to ELECTION vote request: c7c0d573-77b1-47db-b09e-d84959a4a43f<-486fef96-c6ec-41d9-a4ca-7ebb3d261081#0:OK-t2-last:(t:1, i:0). Peer's state: 486fef96-c6ec-41d9-a4ca-7ebb3d261081@group-AF0CBE3D3EB0:t2, leader=null, voted=c7c0d573-77b1-47db-b09e-d84959a4a43f, raftlog=Memoized:486fef96-c6ec-41d9-a4ca-7ebb3d261081@group-AF0CBE3D3EB0-SegmentedRaftLog:OPENED:c0:last(t:1, i:0), conf=conf: {index: 0, cur=peers:[c7c0d573-77b1-47db-b09e-d84959a4a43f|127.0.0.1:15063, 486fef96-c6ec-41d9-a4ca-7ebb3d261081|127.0.0.1:15071, 4c7984b5-42f1-4e4b-a334-601f88f38b33|127.0.0.1:15079]|listeners:[], old=null}
2025-09-07 09:45:40,970 [c7c0d573-77b1-47db-b09e-d84959a4a43f@group-AF0CBE3D3EB0-LeaderElection149] INFO  impl.LeaderElection (LeaderElection.java:logAndReturn(206)) - c7c0d573-77b1-47db-b09e-d84959a4a43f@group-AF0CBE3D3EB0-LeaderElection149: ELECTION PASSED received 1 response(s) and 0 exception(s):
2025-09-07 09:45:40,970 [c7c0d573-77b1-47db-b09e-d84959a4a43f@group-AF0CBE3D3EB0-LeaderElection149] INFO  impl.LeaderElection (LeaderElection.java:logAndReturn(210)) -   Response 0: c7c0d573-77b1-47db-b09e-d84959a4a43f<-486fef96-c6ec-41d9-a4ca-7ebb3d261081#0:OK-t2-last:(t:1, i:0)
2025-09-07 09:45:40,970 [c7c0d573-77b1-47db-b09e-d84959a4a43f@group-AF0CBE3D3EB0-LeaderElection149] INFO  impl.LeaderElection (LeaderElection.java:askForVotes(450)) - c7c0d573-77b1-47db-b09e-d84959a4a43f@group-AF0CBE3D3EB0-LeaderElection149 ELECTION round 0: result PASSED
2025-09-07 09:45:40,970 [c7c0d573-77b1-47db-b09e-d84959a4a43f@group-AF0CBE3D3EB0-LeaderElection149] INFO  impl.RoleInfo (RoleInfo.java:shutdownLeaderElection(141)) - c7c0d573-77b1-47db-b09e-d84959a4a43f: shutdown c7c0d573-77b1-47db-b09e-d84959a4a43f@group-AF0CBE3D3EB0-LeaderElection149
2025-09-07 09:45:40,970 [c7c0d573-77b1-47db-b09e-d84959a4a43f@group-AF0CBE3D3EB0-LeaderElection149] INFO  server.RaftServer$Division (RaftServerImpl.java:setRole(392)) - c7c0d573-77b1-47db-b09e-d84959a4a43f@group-AF0CBE3D3EB0: changes role from CANDIDATE to LEADER at term 2 for changeToLeader
2025-09-07 09:45:40,970 [grpc-default-executor-7] INFO  server.RaftServer$Division (RaftServerImpl.java:requestVote(1455)) - 4c7984b5-42f1-4e4b-a334-601f88f38b33@group-AF0CBE3D3EB0 replies to ELECTION vote request: c7c0d573-77b1-47db-b09e-d84959a4a43f<-4c7984b5-42f1-4e4b-a334-601f88f38b33#0:OK-t2-last:(t:1, i:0). Peer's state: 4c7984b5-42f1-4e4b-a334-601f88f38b33@group-AF0CBE3D3EB0:t2, leader=null, voted=c7c0d573-77b1-47db-b09e-d84959a4a43f, raftlog=Memoized:4c7984b5-42f1-4e4b-a334-601f88f38b33@group-AF0CBE3D3EB0-SegmentedRaftLog:OPENED:c0:last(t:1, i:0), conf=conf: {index: 0, cur=peers:[c7c0d573-77b1-47db-b09e-d84959a4a43f|127.0.0.1:15063, 486fef96-c6ec-41d9-a4ca-7ebb3d261081|127.0.0.1:15071, 4c7984b5-42f1-4e4b-a334-601f88f38b33|127.0.0.1:15079]|listeners:[], old=null}
2025-09-07 09:45:40,971 [c7c0d573-77b1-47db-b09e-d84959a4a43f@group-AF0CBE3D3EB0-LeaderElection149] INFO  server.RaftServerConfigKeys (ConfUtils.java:logFallback(69)) - raft.server.staging.timeout = 3600ms (fallback to raft.server.rpc.timeout.max)
2025-09-07 09:45:40,971 [c7c0d573-77b1-47db-b09e-d84959a4a43f@group-AF0CBE3D3EB0-LeaderElection149] INFO  server.RaftServerConfigKeys (ConfUtils.java:logGet(62)) - raft.server.write.byte-limit = 1024 M (=1073741824) (custom)
2025-09-07 09:45:40,972 [c7c0d573-77b1-47db-b09e-d84959a4a43f@group-AF0CBE3D3EB0-LeaderElection149] INFO  server.RaftServerConfigKeys (ConfUtils.java:logGet(62)) - raft.server.log.appender.buffer.byte-limit = 33554432 (custom)
2025-09-07 09:45:40,973 [c7c0d573-77b1-47db-b09e-d84959a4a43f@group-AF0CBE3D3EB0-LeaderElection149] INFO  server.RaftServerConfigKeys (ConfUtils.java:logGet(62)) - raft.server.log.appender.buffer.byte-limit = 33554432 (custom)
2025-09-07 09:45:40,974 [c7c0d573-77b1-47db-b09e-d84959a4a43f@group-AF0CBE3D3EB0-LeaderElection149] INFO  impl.RoleInfo (RoleInfo.java:updateAndGet(148)) - c7c0d573-77b1-47db-b09e-d84959a4a43f: start c7c0d573-77b1-47db-b09e-d84959a4a43f@group-AF0CBE3D3EB0-LeaderStateImpl
2025-09-07 09:45:40,974 [c7c0d573-77b1-47db-b09e-d84959a4a43f@group-AF0CBE3D3EB0-LeaderElection149] INFO  server.RaftServer$Division (RaftServerImpl.java:setFirstElection(576)) - c7c0d573-77b1-47db-b09e-d84959a4a43f@group-AF0CBE3D3EB0: set firstElectionSinceStartup to false for becomeLeader
2025-09-07 09:45:40,974 [c7c0d573-77b1-47db-b09e-d84959a4a43f@group-AF0CBE3D3EB0-LeaderElection149] INFO  ratis.XceiverServerRatis (XceiverServerRatis.java:handleLeaderChangedNotification(947)) - Leader change notification received for group: group-AF0CBE3D3EB0 with new leaderId: c7c0d573-77b1-47db-b09e-d84959a4a43f
2025-09-07 09:45:40,974 [c7c0d573-77b1-47db-b09e-d84959a4a43f@group-AF0CBE3D3EB0-LeaderElection149] INFO  server.RaftServer$Division (ServerState.java:setLeader(272)) - c7c0d573-77b1-47db-b09e-d84959a4a43f@group-AF0CBE3D3EB0: change Leader from null to c7c0d573-77b1-47db-b09e-d84959a4a43f at term 2 for becomeLeader, leader elected after 1853ms
2025-09-07 09:45:40,975 [c7c0d573-77b1-47db-b09e-d84959a4a43f@group-AF0CBE3D3EB0-LeaderElection149] INFO  segmented.SegmentedRaftLogWorker (SegmentedRaftLogWorker.java:rollLogSegment(445)) - c7c0d573-77b1-47db-b09e-d84959a4a43f@group-AF0CBE3D3EB0-SegmentedRaftLogWorker: Rolling segment log-0_0 to index:0
2025-09-07 09:45:40,975 [c7c0d573-77b1-47db-b09e-d84959a4a43f@group-AF0CBE3D3EB0-LeaderElection149] INFO  server.RaftServer$Division (ServerState.java:setRaftConf(386)) - c7c0d573-77b1-47db-b09e-d84959a4a43f@group-AF0CBE3D3EB0: set configuration conf: {index: 1, cur=peers:[c7c0d573-77b1-47db-b09e-d84959a4a43f|127.0.0.1:15063, 486fef96-c6ec-41d9-a4ca-7ebb3d261081|127.0.0.1:15071, 4c7984b5-42f1-4e4b-a334-601f88f38b33|127.0.0.1:15079]|listeners:[], old=null}
2025-09-07 09:45:40,975 [c7c0d573-77b1-47db-b09e-d84959a4a43f@group-AF0CBE3D3EB0-SegmentedRaftLogWorker] INFO  segmented.SegmentedRaftLogWorker (SegmentedRaftLogWorker.java:execute(604)) - c7c0d573-77b1-47db-b09e-d84959a4a43f@group-AF0CBE3D3EB0-SegmentedRaftLogWorker: Rolled log segment from /home/runner/work/ozone/ozone/hadoop-ozone/integration-test/target/test-dir/MiniOzoneClusterImpl-023d5a78-e64c-43f3-a4d9-6f7884931d6c/ozone-metadata/datanode-7/ratis/00271ae9-8e75-458f-be58-af0cbe3d3eb0/current/log_inprogress_0 to /home/runner/work/ozone/ozone/hadoop-ozone/integration-test/target/test-dir/MiniOzoneClusterImpl-023d5a78-e64c-43f3-a4d9-6f7884931d6c/ozone-metadata/datanode-7/ratis/00271ae9-8e75-458f-be58-af0cbe3d3eb0/current/log_0-0
2025-09-07 09:45:40,976 [c7c0d573-77b1-47db-b09e-d84959a4a43f@group-AF0CBE3D3EB0-SegmentedRaftLogWorker] INFO  segmented.BufferedWriteChannel (BufferedWriteChannel.java:open(61)) - open log_inprogress_1 at position 0
2025-09-07 09:45:40,978 [grpc-default-executor-3] INFO  ratis.XceiverServerRatis (XceiverServerRatis.java:handleLeaderChangedNotification(947)) - Leader change notification received for group: group-AF0CBE3D3EB0 with new leaderId: c7c0d573-77b1-47db-b09e-d84959a4a43f
2025-09-07 09:45:40,978 [grpc-default-executor-3] INFO  server.RaftServer$Division (ServerState.java:setLeader(272)) - 486fef96-c6ec-41d9-a4ca-7ebb3d261081@group-AF0CBE3D3EB0: change Leader from null to c7c0d573-77b1-47db-b09e-d84959a4a43f at term 2 for appendEntries, leader elected after 2108ms
2025-09-07 09:45:40,978 [grpc-default-executor-7] INFO  ratis.XceiverServerRatis (XceiverServerRatis.java:handleLeaderChangedNotification(947)) - Leader change notification received for group: group-AF0CBE3D3EB0 with new leaderId: c7c0d573-77b1-47db-b09e-d84959a4a43f
2025-09-07 09:45:40,978 [grpc-default-executor-7] INFO  server.RaftServer$Division (ServerState.java:setLeader(272)) - 4c7984b5-42f1-4e4b-a334-601f88f38b33@group-AF0CBE3D3EB0: change Leader from null to c7c0d573-77b1-47db-b09e-d84959a4a43f at term 2 for appendEntries, leader elected after 35311ms
2025-09-07 09:45:40,978 [grpc-default-executor-7] INFO  server.RaftServer$Division (ServerState.java:setRaftConf(386)) - 4c7984b5-42f1-4e4b-a334-601f88f38b33@group-AF0CBE3D3EB0: set configuration conf: {index: 1, cur=peers:[c7c0d573-77b1-47db-b09e-d84959a4a43f|127.0.0.1:15063, 486fef96-c6ec-41d9-a4ca-7ebb3d261081|127.0.0.1:15071, 4c7984b5-42f1-4e4b-a334-601f88f38b33|127.0.0.1:15079]|listeners:[], old=null}
2025-09-07 09:45:40,978 [grpc-default-executor-7] INFO  segmented.SegmentedRaftLogWorker (SegmentedRaftLogWorker.java:rollLogSegment(445)) - 4c7984b5-42f1-4e4b-a334-601f88f38b33@group-AF0CBE3D3EB0-SegmentedRaftLogWorker: Rolling segment log-0_0 to index:0
2025-09-07 09:45:40,980 [grpc-default-executor-3] INFO  server.RaftServer$Division (ServerState.java:setRaftConf(386)) - 486fef96-c6ec-41d9-a4ca-7ebb3d261081@group-AF0CBE3D3EB0: set configuration conf: {index: 1, cur=peers:[c7c0d573-77b1-47db-b09e-d84959a4a43f|127.0.0.1:15063, 486fef96-c6ec-41d9-a4ca-7ebb3d261081|127.0.0.1:15071, 4c7984b5-42f1-4e4b-a334-601f88f38b33|127.0.0.1:15079]|listeners:[], old=null}
2025-09-07 09:45:40,980 [grpc-default-executor-3] INFO  segmented.SegmentedRaftLogWorker (SegmentedRaftLogWorker.java:rollLogSegment(445)) - 486fef96-c6ec-41d9-a4ca-7ebb3d261081@group-AF0CBE3D3EB0-SegmentedRaftLogWorker: Rolling segment log-0_0 to index:0
2025-09-07 09:45:40,980 [486fef96-c6ec-41d9-a4ca-7ebb3d261081@group-AF0CBE3D3EB0-SegmentedRaftLogWorker] INFO  segmented.SegmentedRaftLogWorker (SegmentedRaftLogWorker.java:execute(604)) - 486fef96-c6ec-41d9-a4ca-7ebb3d261081@group-AF0CBE3D3EB0-SegmentedRaftLogWorker: Rolled log segment from /home/runner/work/ozone/ozone/hadoop-ozone/integration-test/target/test-dir/MiniOzoneClusterImpl-023d5a78-e64c-43f3-a4d9-6f7884931d6c/ozone-metadata/datanode-8/ratis/00271ae9-8e75-458f-be58-af0cbe3d3eb0/current/log_inprogress_0 to /home/runner/work/ozone/ozone/hadoop-ozone/integration-test/target/test-dir/MiniOzoneClusterImpl-023d5a78-e64c-43f3-a4d9-6f7884931d6c/ozone-metadata/datanode-8/ratis/00271ae9-8e75-458f-be58-af0cbe3d3eb0/current/log_0-0
2025-09-07 09:45:40,981 [486fef96-c6ec-41d9-a4ca-7ebb3d261081@group-AF0CBE3D3EB0-SegmentedRaftLogWorker] INFO  segmented.BufferedWriteChannel (BufferedWriteChannel.java:open(61)) - open log_inprogress_1 at position 0
2025-09-07 09:45:40,980 [4c7984b5-42f1-4e4b-a334-601f88f38b33@group-AF0CBE3D3EB0-SegmentedRaftLogWorker] INFO  segmented.SegmentedRaftLogWorker (SegmentedRaftLogWorker.java:execute(604)) - 4c7984b5-42f1-4e4b-a334-601f88f38b33@group-AF0CBE3D3EB0-SegmentedRaftLogWorker: Rolled log segment from /home/runner/work/ozone/ozone/hadoop-ozone/integration-test/target/test-dir/MiniOzoneClusterImpl-023d5a78-e64c-43f3-a4d9-6f7884931d6c/ozone-metadata/datanode-9/ratis/00271ae9-8e75-458f-be58-af0cbe3d3eb0/current/log_inprogress_0 to /home/runner/work/ozone/ozone/hadoop-ozone/integration-test/target/test-dir/MiniOzoneClusterImpl-023d5a78-e64c-43f3-a4d9-6f7884931d6c/ozone-metadata/datanode-9/ratis/00271ae9-8e75-458f-be58-af0cbe3d3eb0/current/log_0-0
2025-09-07 09:45:40,982 [4c7984b5-42f1-4e4b-a334-601f88f38b33@group-AF0CBE3D3EB0-SegmentedRaftLogWorker] INFO  segmented.BufferedWriteChannel (BufferedWriteChannel.java:open(61)) - open log_inprogress_1 at position 0
2025-09-07 09:45:40,984 [c7c0d573-77b1-47db-b09e-d84959a4a43f@group-AF0CBE3D3EB0-SegmentedRaftLogWorker] INFO  segmented.SegmentedRaftLogWorker (SegmentedRaftLogWorker.java:execute(647)) - c7c0d573-77b1-47db-b09e-d84959a4a43f@group-AF0CBE3D3EB0-SegmentedRaftLogWorker: created new log segment /home/runner/work/ozone/ozone/hadoop-ozone/integration-test/target/test-dir/MiniOzoneClusterImpl-023d5a78-e64c-43f3-a4d9-6f7884931d6c/ozone-metadata/datanode-7/ratis/00271ae9-8e75-458f-be58-af0cbe3d3eb0/current/log_inprogress_1
2025-09-07 09:45:40,988 [486fef96-c6ec-41d9-a4ca-7ebb3d261081@group-AF0CBE3D3EB0-SegmentedRaftLogWorker] INFO  segmented.SegmentedRaftLogWorker (SegmentedRaftLogWorker.java:execute(647)) - 486fef96-c6ec-41d9-a4ca-7ebb3d261081@group-AF0CBE3D3EB0-SegmentedRaftLogWorker: created new log segment /home/runner/work/ozone/ozone/hadoop-ozone/integration-test/target/test-dir/MiniOzoneClusterImpl-023d5a78-e64c-43f3-a4d9-6f7884931d6c/ozone-metadata/datanode-8/ratis/00271ae9-8e75-458f-be58-af0cbe3d3eb0/current/log_inprogress_1
2025-09-07 09:45:40,988 [4c7984b5-42f1-4e4b-a334-601f88f38b33@group-AF0CBE3D3EB0-SegmentedRaftLogWorker] INFO  segmented.SegmentedRaftLogWorker (SegmentedRaftLogWorker.java:execute(647)) - 4c7984b5-42f1-4e4b-a334-601f88f38b33@group-AF0CBE3D3EB0-SegmentedRaftLogWorker: created new log segment /home/runner/work/ozone/ozone/hadoop-ozone/integration-test/target/test-dir/MiniOzoneClusterImpl-023d5a78-e64c-43f3-a4d9-6f7884931d6c/ozone-metadata/datanode-9/ratis/00271ae9-8e75-458f-be58-af0cbe3d3eb0/current/log_inprogress_1
2025-09-07 09:45:40,991 [c7c0d573-77b1-47db-b09e-d84959a4a43f@group-AF0CBE3D3EB0-StateMachineUpdater] INFO  server.RaftServer$Division (LeaderStateImpl.java:checkStartIndex(309)) - Leader c7c0d573-77b1-47db-b09e-d84959a4a43f@group-AF0CBE3D3EB0-LeaderStateImpl is ready since appliedIndex == startIndex == 1
2025-09-07 09:45:41,026 [c7c0d573-77b1-47db-b09e-d84959a4a43f@group-3C9828298815-FollowerState] INFO  impl.FollowerState (FollowerState.java:runImpl(161)) - c7c0d573-77b1-47db-b09e-d84959a4a43f@group-3C9828298815-FollowerState: change to CANDIDATE, lastRpcElapsedTime:1169613720ns, electionTimeout:1169ms
2025-09-07 09:45:41,026 [c7c0d573-77b1-47db-b09e-d84959a4a43f@group-3C9828298815-FollowerState] INFO  impl.RoleInfo (RoleInfo.java:shutdownFollowerState(121)) - c7c0d573-77b1-47db-b09e-d84959a4a43f: shutdown c7c0d573-77b1-47db-b09e-d84959a4a43f@group-3C9828298815-FollowerState
2025-09-07 09:45:41,026 [c7c0d573-77b1-47db-b09e-d84959a4a43f@group-3C9828298815-FollowerState] INFO  server.RaftServer$Division (RaftServerImpl.java:setRole(392)) - c7c0d573-77b1-47db-b09e-d84959a4a43f@group-3C9828298815: changes role from  FOLLOWER to CANDIDATE at term 1 for changeToCandidate
2025-09-07 09:45:41,026 [c7c0d573-77b1-47db-b09e-d84959a4a43f@group-3C9828298815-FollowerState] INFO  impl.RoleInfo (RoleInfo.java:updateAndGet(148)) - c7c0d573-77b1-47db-b09e-d84959a4a43f: start c7c0d573-77b1-47db-b09e-d84959a4a43f@group-3C9828298815-LeaderElection150
2025-09-07 09:45:41,026 [c7c0d573-77b1-47db-b09e-d84959a4a43f@group-3C9828298815-LeaderElection150] INFO  impl.LeaderElection (LeaderElection.java:askForVotes(448)) - c7c0d573-77b1-47db-b09e-d84959a4a43f@group-3C9828298815-LeaderElection150 PRE_VOTE round 0: submit vote requests at term 1 for conf: {index: 0, cur=peers:[c7c0d573-77b1-47db-b09e-d84959a4a43f|127.0.0.1:15063]|listeners:[], old=null}
2025-09-07 09:45:41,026 [c7c0d573-77b1-47db-b09e-d84959a4a43f@group-3C9828298815-LeaderElection150] INFO  impl.LeaderElection (LeaderElection.java:askForVotes(450)) - c7c0d573-77b1-47db-b09e-d84959a4a43f@group-3C9828298815-LeaderElection150 PRE_VOTE round 0: result PASSED (term=1)
2025-09-07 09:45:41,028 [c7c0d573-77b1-47db-b09e-d84959a4a43f@group-3C9828298815-LeaderElection150] INFO  impl.LeaderElection (LeaderElection.java:askForVotes(448)) - c7c0d573-77b1-47db-b09e-d84959a4a43f@group-3C9828298815-LeaderElection150 ELECTION round 0: submit vote requests at term 2 for conf: {index: 0, cur=peers:[c7c0d573-77b1-47db-b09e-d84959a4a43f|127.0.0.1:15063]|listeners:[], old=null}
2025-09-07 09:45:41,028 [c7c0d573-77b1-47db-b09e-d84959a4a43f@group-3C9828298815-LeaderElection150] INFO  impl.LeaderElection (LeaderElection.java:askForVotes(450)) - c7c0d573-77b1-47db-b09e-d84959a4a43f@group-3C9828298815-LeaderElection150 ELECTION round 0: result PASSED (term=2)
2025-09-07 09:45:41,028 [c7c0d573-77b1-47db-b09e-d84959a4a43f@group-3C9828298815-LeaderElection150] INFO  impl.RoleInfo (RoleInfo.java:shutdownLeaderElection(141)) - c7c0d573-77b1-47db-b09e-d84959a4a43f: shutdown c7c0d573-77b1-47db-b09e-d84959a4a43f@group-3C9828298815-LeaderElection150
2025-09-07 09:45:41,029 [c7c0d573-77b1-47db-b09e-d84959a4a43f@group-3C9828298815-LeaderElection150] INFO  server.RaftServer$Division (RaftServerImpl.java:setRole(392)) - c7c0d573-77b1-47db-b09e-d84959a4a43f@group-3C9828298815: changes role from CANDIDATE to LEADER at term 2 for changeToLeader
2025-09-07 09:45:41,029 [c7c0d573-77b1-47db-b09e-d84959a4a43f@group-3C9828298815-LeaderElection150] INFO  server.RaftServerConfigKeys (ConfUtils.java:logFallback(69)) - raft.server.staging.timeout = 3600ms (fallback to raft.server.rpc.timeout.max)
2025-09-07 09:45:41,029 [c7c0d573-77b1-47db-b09e-d84959a4a43f@group-3C9828298815-LeaderElection150] INFO  server.RaftServerConfigKeys (ConfUtils.java:logGet(62)) - raft.server.write.byte-limit = 1024 M (=1073741824) (custom)
2025-09-07 09:45:41,030 [c7c0d573-77b1-47db-b09e-d84959a4a43f@group-3C9828298815-LeaderElection150] INFO  impl.RoleInfo (RoleInfo.java:updateAndGet(148)) - c7c0d573-77b1-47db-b09e-d84959a4a43f: start c7c0d573-77b1-47db-b09e-d84959a4a43f@group-3C9828298815-LeaderStateImpl
2025-09-07 09:45:41,030 [c7c0d573-77b1-47db-b09e-d84959a4a43f@group-3C9828298815-LeaderElection150] INFO  server.RaftServer$Division (RaftServerImpl.java:setFirstElection(576)) - c7c0d573-77b1-47db-b09e-d84959a4a43f@group-3C9828298815: set firstElectionSinceStartup to false for becomeLeader
2025-09-07 09:45:41,030 [c7c0d573-77b1-47db-b09e-d84959a4a43f@group-3C9828298815-LeaderElection150] INFO  ratis.XceiverServerRatis (XceiverServerRatis.java:handleLeaderChangedNotification(947)) - Leader change notification received for group: group-3C9828298815 with new leaderId: c7c0d573-77b1-47db-b09e-d84959a4a43f
2025-09-07 09:45:41,030 [c7c0d573-77b1-47db-b09e-d84959a4a43f@group-3C9828298815-LeaderElection150] INFO  server.RaftServer$Division (ServerState.java:setLeader(272)) - c7c0d573-77b1-47db-b09e-d84959a4a43f@group-3C9828298815: change Leader from null to c7c0d573-77b1-47db-b09e-d84959a4a43f at term 2 for becomeLeader, leader elected after 1902ms
2025-09-07 09:45:41,030 [c7c0d573-77b1-47db-b09e-d84959a4a43f@group-3C9828298815-LeaderElection150] INFO  segmented.SegmentedRaftLogWorker (SegmentedRaftLogWorker.java:rollLogSegment(445)) - c7c0d573-77b1-47db-b09e-d84959a4a43f@group-3C9828298815-SegmentedRaftLogWorker: Rolling segment log-0_0 to index:0
2025-09-07 09:45:41,031 [c7c0d573-77b1-47db-b09e-d84959a4a43f@group-3C9828298815-LeaderElection150] INFO  server.RaftServer$Division (ServerState.java:setRaftConf(386)) - c7c0d573-77b1-47db-b09e-d84959a4a43f@group-3C9828298815: set configuration conf: {index: 1, cur=peers:[c7c0d573-77b1-47db-b09e-d84959a4a43f|127.0.0.1:15063]|listeners:[], old=null}
2025-09-07 09:45:41,031 [c7c0d573-77b1-47db-b09e-d84959a4a43f@group-3C9828298815-SegmentedRaftLogWorker] INFO  segmented.SegmentedRaftLogWorker (SegmentedRaftLogWorker.java:execute(604)) - c7c0d573-77b1-47db-b09e-d84959a4a43f@group-3C9828298815-SegmentedRaftLogWorker: Rolled log segment from /home/runner/work/ozone/ozone/hadoop-ozone/integration-test/target/test-dir/MiniOzoneClusterImpl-023d5a78-e64c-43f3-a4d9-6f7884931d6c/ozone-metadata/datanode-7/ratis/83208cbc-1a5b-4af7-83c4-3c9828298815/current/log_inprogress_0 to /home/runner/work/ozone/ozone/hadoop-ozone/integration-test/target/test-dir/MiniOzoneClusterImpl-023d5a78-e64c-43f3-a4d9-6f7884931d6c/ozone-metadata/datanode-7/ratis/83208cbc-1a5b-4af7-83c4-3c9828298815/current/log_0-0
2025-09-07 09:45:41,031 [c7c0d573-77b1-47db-b09e-d84959a4a43f@group-3C9828298815-SegmentedRaftLogWorker] INFO  segmented.BufferedWriteChannel (BufferedWriteChannel.java:open(61)) - open log_inprogress_1 at position 0
2025-09-07 09:45:41,037 [c7c0d573-77b1-47db-b09e-d84959a4a43f@group-3C9828298815-SegmentedRaftLogWorker] INFO  segmented.SegmentedRaftLogWorker (SegmentedRaftLogWorker.java:execute(647)) - c7c0d573-77b1-47db-b09e-d84959a4a43f@group-3C9828298815-SegmentedRaftLogWorker: created new log segment /home/runner/work/ozone/ozone/hadoop-ozone/integration-test/target/test-dir/MiniOzoneClusterImpl-023d5a78-e64c-43f3-a4d9-6f7884931d6c/ozone-metadata/datanode-7/ratis/83208cbc-1a5b-4af7-83c4-3c9828298815/current/log_inprogress_1
2025-09-07 09:45:41,039 [c7c0d573-77b1-47db-b09e-d84959a4a43f@group-3C9828298815-StateMachineUpdater] INFO  server.RaftServer$Division (LeaderStateImpl.java:checkStartIndex(309)) - Leader c7c0d573-77b1-47db-b09e-d84959a4a43f@group-3C9828298815-LeaderStateImpl is ready since appliedIndex == startIndex == 1
2025-09-07 09:45:42,156 [c7c0d573-77b1-47db-b09e-d84959a4a43f@group-7A90E47A063C-LeaderStateImpl] INFO  impl.TransferLeadership (TransferLeadership.java:tryTransferLeadership(258)) - c7c0d573-77b1-47db-b09e-d84959a4a43f@group-7A90E47A063C: start transferring leadership to 486fef96-c6ec-41d9-a4ca-7ebb3d261081
2025-09-07 09:45:42,156 [c7c0d573-77b1-47db-b09e-d84959a4a43f@group-7A90E47A063C-LeaderStateImpl] INFO  impl.TransferLeadership (TransferLeadership.java:sendStartLeaderElection(210)) - c7c0d573-77b1-47db-b09e-d84959a4a43f@group-7A90E47A063C: sendStartLeaderElection to follower 486fef96-c6ec-41d9-a4ca-7ebb3d261081, lastEntry=(t:3, i:20)
2025-09-07 09:45:42,157 [c7c0d573-77b1-47db-b09e-d84959a4a43f@group-7A90E47A063C-LeaderStateImpl] INFO  impl.TransferLeadership (TransferLeadership.java:tryTransferLeadership(266)) - c7c0d573-77b1-47db-b09e-d84959a4a43f@group-7A90E47A063C: SUCCESS sent StartLeaderElection to transferee 486fef96-c6ec-41d9-a4ca-7ebb3d261081 immediately as it already has up-to-date log
2025-09-07 09:45:42,158 [grpc-default-executor-1] INFO  impl.RoleInfo (RoleInfo.java:shutdownFollowerState(121)) - 486fef96-c6ec-41d9-a4ca-7ebb3d261081: shutdown 486fef96-c6ec-41d9-a4ca-7ebb3d261081@group-7A90E47A063C-FollowerState
2025-09-07 09:45:42,158 [grpc-default-executor-1] INFO  server.RaftServer$Division (RaftServerImpl.java:setRole(392)) - 486fef96-c6ec-41d9-a4ca-7ebb3d261081@group-7A90E47A063C: changes role from  FOLLOWER to CANDIDATE at term 3 for changeToCandidate
2025-09-07 09:45:42,158 [grpc-default-executor-1] INFO  server.RaftServer$Division (ServerState.java:setLeader(272)) - 486fef96-c6ec-41d9-a4ca-7ebb3d261081@group-7A90E47A063C: change Leader from c7c0d573-77b1-47db-b09e-d84959a4a43f to null at term 3 for ELECTION
2025-09-07 09:45:42,158 [486fef96-c6ec-41d9-a4ca-7ebb3d261081@group-7A90E47A063C-FollowerState] INFO  impl.FollowerState (FollowerState.java:runImpl(170)) - 486fef96-c6ec-41d9-a4ca-7ebb3d261081@group-7A90E47A063C-FollowerState was interrupted
2025-09-07 09:45:42,160 [grpc-default-executor-1] INFO  impl.RoleInfo (RoleInfo.java:updateAndGet(148)) - 486fef96-c6ec-41d9-a4ca-7ebb3d261081: start 486fef96-c6ec-41d9-a4ca-7ebb3d261081@group-7A90E47A063C-LeaderElection151
2025-09-07 09:45:42,160 [486fef96-c6ec-41d9-a4ca-7ebb3d261081@group-7A90E47A063C-LeaderElection151] INFO  impl.LeaderElection (LeaderElection.java:askForVotes(448)) - 486fef96-c6ec-41d9-a4ca-7ebb3d261081@group-7A90E47A063C-LeaderElection151 ELECTION round 0: submit vote requests at term 4 for conf: {index: 19, cur=peers:[c7c0d573-77b1-47db-b09e-d84959a4a43f|127.0.0.1:15063, 486fef96-c6ec-41d9-a4ca-7ebb3d261081|127.0.0.1:15071, 4c7984b5-42f1-4e4b-a334-601f88f38b33|127.0.0.1:15079]|listeners:[], old=null}
2025-09-07 09:45:42,161 [c7c0d573-77b1-47db-b09e-d84959a4a43f-server-thread1] INFO  impl.TransferLeadership (TransferLeadership.java:lambda$sendStartLeaderElection$2(224)) - c7c0d573-77b1-47db-b09e-d84959a4a43f@group-7A90E47A063C: Received startLeaderElection reply from 486fef96-c6ec-41d9-a4ca-7ebb3d261081: success? true
2025-09-07 09:45:42,162 [grpc-default-executor-1] INFO  server.RaftServer$Division (RaftServerImpl.java:requestVote(1421)) - c7c0d573-77b1-47db-b09e-d84959a4a43f@group-7A90E47A063C: receive requestVote(ELECTION, 486fef96-c6ec-41d9-a4ca-7ebb3d261081, group-7A90E47A063C, 4, (t:3, i:20))
2025-09-07 09:45:42,162 [grpc-default-executor-3] INFO  server.RaftServer$Division (RaftServerImpl.java:requestVote(1421)) - 4c7984b5-42f1-4e4b-a334-601f88f38b33@group-7A90E47A063C: receive requestVote(ELECTION, 486fef96-c6ec-41d9-a4ca-7ebb3d261081, group-7A90E47A063C, 4, (t:3, i:20))
2025-09-07 09:45:42,162 [grpc-default-executor-3] INFO  impl.VoteContext (VoteContext.java:log(49)) - 4c7984b5-42f1-4e4b-a334-601f88f38b33@group-7A90E47A063C-FOLLOWER: accept ELECTION from 486fef96-c6ec-41d9-a4ca-7ebb3d261081: our priority 0 <= candidate's priority 1
2025-09-07 09:45:42,162 [grpc-default-executor-3] INFO  server.RaftServer$Division (RaftServerImpl.java:setRole(392)) - 4c7984b5-42f1-4e4b-a334-601f88f38b33@group-7A90E47A063C: changes role from  FOLLOWER to FOLLOWER at term 3 for candidate:486fef96-c6ec-41d9-a4ca-7ebb3d261081
2025-09-07 09:45:42,162 [grpc-default-executor-3] INFO  impl.RoleInfo (RoleInfo.java:shutdownFollowerState(121)) - 4c7984b5-42f1-4e4b-a334-601f88f38b33: shutdown 4c7984b5-42f1-4e4b-a334-601f88f38b33@group-7A90E47A063C-FollowerState
2025-09-07 09:45:42,162 [grpc-default-executor-3] INFO  server.RaftServer$Division (ServerState.java:setLeader(272)) - 4c7984b5-42f1-4e4b-a334-601f88f38b33@group-7A90E47A063C: change Leader from c7c0d573-77b1-47db-b09e-d84959a4a43f to null at term 4 for updateCurrentTerm
2025-09-07 09:45:42,162 [grpc-default-executor-3] INFO  impl.RoleInfo (RoleInfo.java:updateAndGet(148)) - 4c7984b5-42f1-4e4b-a334-601f88f38b33: start 4c7984b5-42f1-4e4b-a334-601f88f38b33@group-7A90E47A063C-FollowerState
2025-09-07 09:45:42,162 [4c7984b5-42f1-4e4b-a334-601f88f38b33@group-7A90E47A063C-FollowerState] INFO  impl.FollowerState (FollowerState.java:runImpl(170)) - 4c7984b5-42f1-4e4b-a334-601f88f38b33@group-7A90E47A063C-FollowerState was interrupted
2025-09-07 09:45:42,162 [grpc-default-executor-1] INFO  impl.VoteContext (VoteContext.java:log(49)) - c7c0d573-77b1-47db-b09e-d84959a4a43f@group-7A90E47A063C-LEADER: accept ELECTION from 486fef96-c6ec-41d9-a4ca-7ebb3d261081: our priority 0 <= candidate's priority 1
2025-09-07 09:45:42,162 [grpc-default-executor-1] INFO  server.RaftServer$Division (RaftServerImpl.java:setRole(392)) - c7c0d573-77b1-47db-b09e-d84959a4a43f@group-7A90E47A063C: changes role from    LEADER to FOLLOWER at term 3 for candidate:486fef96-c6ec-41d9-a4ca-7ebb3d261081
2025-09-07 09:45:42,162 [grpc-default-executor-1] INFO  impl.RoleInfo (RoleInfo.java:shutdownLeaderState(103)) - c7c0d573-77b1-47db-b09e-d84959a4a43f: shutdown c7c0d573-77b1-47db-b09e-d84959a4a43f@group-7A90E47A063C-LeaderStateImpl
2025-09-07 09:45:42,163 [c7c0d573-77b1-47db-b09e-d84959a4a43f@group-7A90E47A063C->486fef96-c6ec-41d9-a4ca-7ebb3d261081-GrpcLogAppender-LogAppenderDaemon] WARN  server.GrpcLogAppender (GrpcLogAppender.java:mayWait(300)) - c7c0d573-77b1-47db-b09e-d84959a4a43f@group-7A90E47A063C->486fef96-c6ec-41d9-a4ca-7ebb3d261081-GrpcLogAppender: Wait interrupted by java.lang.InterruptedException
2025-09-07 09:45:42,163 [c7c0d573-77b1-47db-b09e-d84959a4a43f@group-7A90E47A063C->4c7984b5-42f1-4e4b-a334-601f88f38b33-GrpcLogAppender-LogAppenderDaemon] WARN  server.GrpcLogAppender (GrpcLogAppender.java:mayWait(300)) - c7c0d573-77b1-47db-b09e-d84959a4a43f@group-7A90E47A063C->4c7984b5-42f1-4e4b-a334-601f88f38b33-GrpcLogAppender: Wait interrupted by java.lang.InterruptedException
2025-09-07 09:45:42,163 [grpc-default-executor-1] INFO  impl.PendingRequests (PendingRequests.java:sendNotLeaderResponses(287)) - c7c0d573-77b1-47db-b09e-d84959a4a43f@group-7A90E47A063C-PendingRequests: sendNotLeaderResponses
2025-09-07 09:45:42,164 [grpc-default-executor-5] INFO  server.GrpcServerProtocolService (GrpcServerProtocolService.java:lambda$onCompleted$6(171)) - 486fef96-c6ec-41d9-a4ca-7ebb3d261081: Completed APPEND_ENTRIES, lastRequest: null 
2025-09-07 09:45:42,164 [grpc-default-executor-4] INFO  server.GrpcServerProtocolService (GrpcServerProtocolService.java:lambda$null$7(175)) - 4c7984b5-42f1-4e4b-a334-601f88f38b33: Completed APPEND_ENTRIES, lastReply: serverReply {
  requestorId: "c7c0d573-77b1-47db-b09e-d84959a4a43f"
  replyId: "4c7984b5-42f1-4e4b-a334-601f88f38b33"
  raftGroupId {
    id: "\311f\351\335\371\224K\311\226\367z\220\344z\006<"
  }
  callId: 7
  success: true
}
term: 3
nextIndex: 21
followerCommit: 20
matchIndex: 18446744073709551615
isHearbeat: true
 
2025-09-07 09:45:42,164 [grpc-default-executor-1] INFO  server.RaftServer$Division (ServerState.java:setLeader(272)) - c7c0d573-77b1-47db-b09e-d84959a4a43f@group-7A90E47A063C: change Leader from c7c0d573-77b1-47db-b09e-d84959a4a43f to null at term 3 for candidate:486fef96-c6ec-41d9-a4ca-7ebb3d261081
2025-09-07 09:45:42,165 [grpc-default-executor-1] INFO  impl.RoleInfo (RoleInfo.java:updateAndGet(148)) - c7c0d573-77b1-47db-b09e-d84959a4a43f: start c7c0d573-77b1-47db-b09e-d84959a4a43f@group-7A90E47A063C-FollowerState
2025-09-07 09:45:42,165 [grpc-default-executor-3] INFO  server.RaftServer$Division (RaftServerImpl.java:requestVote(1455)) - 4c7984b5-42f1-4e4b-a334-601f88f38b33@group-7A90E47A063C replies to ELECTION vote request: 486fef96-c6ec-41d9-a4ca-7ebb3d261081<-4c7984b5-42f1-4e4b-a334-601f88f38b33#0:OK-t4-last:(t:3, i:20). Peer's state: 4c7984b5-42f1-4e4b-a334-601f88f38b33@group-7A90E47A063C:t4, leader=null, voted=486fef96-c6ec-41d9-a4ca-7ebb3d261081, raftlog=Memoized:4c7984b5-42f1-4e4b-a334-601f88f38b33@group-7A90E47A063C-SegmentedRaftLog:OPENED:c20:last(t:3, i:20), conf=conf: {index: 19, cur=peers:[c7c0d573-77b1-47db-b09e-d84959a4a43f|127.0.0.1:15063, 486fef96-c6ec-41d9-a4ca-7ebb3d261081|127.0.0.1:15071, 4c7984b5-42f1-4e4b-a334-601f88f38b33|127.0.0.1:15079]|listeners:[], old=null}
2025-09-07 09:45:42,164 [grpc-default-executor-6] INFO  server.GrpcServerProtocolService (GrpcServerProtocolService.java:lambda$onCompleted$6(171)) - 4c7984b5-42f1-4e4b-a334-601f88f38b33: Completed APPEND_ENTRIES, lastRequest: c7c0d573-77b1-47db-b09e-d84959a4a43f->4c7984b5-42f1-4e4b-a334-601f88f38b33#2-t3,previous=(t:3, i:19),leaderCommit=19,initializing? false,entries: size=1, first=(t:3, i:20), METADATAENTRY(c:19) 
2025-09-07 09:45:42,165 [grpc-default-executor-2] INFO  server.GrpcLogAppender (GrpcLogAppender.java:onCompleted(558)) - c7c0d573-77b1-47db-b09e-d84959a4a43f@group-7A90E47A063C->4c7984b5-42f1-4e4b-a334-601f88f38b33-AppendLogResponseHandler: follower responses appendEntries COMPLETED
2025-09-07 09:45:42,164 [grpc-default-executor-5] INFO  server.GrpcServerProtocolService (GrpcServerProtocolService.java:lambda$null$7(175)) - 486fef96-c6ec-41d9-a4ca-7ebb3d261081: Completed APPEND_ENTRIES, lastReply: serverReply {
  requestorId: "c7c0d573-77b1-47db-b09e-d84959a4a43f"
  replyId: "486fef96-c6ec-41d9-a4ca-7ebb3d261081"
  raftGroupId {
    id: "\311f\351\335\371\224K\311\226\367z\220\344z\006<"
  }
  callId: 13
  success: true
}
term: 3
nextIndex: 21
followerCommit: 20
matchIndex: 18446744073709551615
isHearbeat: true
 
2025-09-07 09:45:42,165 [grpc-default-executor-5] INFO  server.GrpcLogAppender (GrpcLogAppender.java:onCompleted(558)) - c7c0d573-77b1-47db-b09e-d84959a4a43f@group-7A90E47A063C->486fef96-c6ec-41d9-a4ca-7ebb3d261081-AppendLogResponseHandler: follower responses appendEntries COMPLETED
2025-09-07 09:45:42,165 [grpc-default-executor-7] INFO  server.GrpcLogAppender (GrpcLogAppender.java:onCompleted(558)) - c7c0d573-77b1-47db-b09e-d84959a4a43f@group-7A90E47A063C->486fef96-c6ec-41d9-a4ca-7ebb3d261081-AppendLogResponseHandler: follower responses appendEntries COMPLETED
2025-09-07 09:45:42,166 [486fef96-c6ec-41d9-a4ca-7ebb3d261081@group-7A90E47A063C-LeaderElection151] INFO  impl.LeaderElection (LeaderElection.java:logAndReturn(206)) - 486fef96-c6ec-41d9-a4ca-7ebb3d261081@group-7A90E47A063C-LeaderElection151: ELECTION PASSED received 1 response(s) and 0 exception(s):
2025-09-07 09:45:42,166 [grpc-default-executor-2] INFO  server.GrpcLogAppender (GrpcLogAppender.java:onCompleted(558)) - c7c0d573-77b1-47db-b09e-d84959a4a43f@group-7A90E47A063C->4c7984b5-42f1-4e4b-a334-601f88f38b33-AppendLogResponseHandler: follower responses appendEntries COMPLETED
2025-09-07 09:45:42,166 [486fef96-c6ec-41d9-a4ca-7ebb3d261081@group-7A90E47A063C-LeaderElection151] INFO  impl.LeaderElection (LeaderElection.java:logAndReturn(210)) -   Response 0: 486fef96-c6ec-41d9-a4ca-7ebb3d261081<-4c7984b5-42f1-4e4b-a334-601f88f38b33#0:OK-t4-last:(t:3, i:20)
2025-09-07 09:45:42,166 [486fef96-c6ec-41d9-a4ca-7ebb3d261081@group-7A90E47A063C-LeaderElection151] INFO  impl.LeaderElection (LeaderElection.java:askForVotes(450)) - 486fef96-c6ec-41d9-a4ca-7ebb3d261081@group-7A90E47A063C-LeaderElection151 ELECTION round 0: result PASSED
2025-09-07 09:45:42,166 [486fef96-c6ec-41d9-a4ca-7ebb3d261081@group-7A90E47A063C-LeaderElection151] INFO  impl.RoleInfo (RoleInfo.java:shutdownLeaderElection(141)) - 486fef96-c6ec-41d9-a4ca-7ebb3d261081: shutdown 486fef96-c6ec-41d9-a4ca-7ebb3d261081@group-7A90E47A063C-LeaderElection151
2025-09-07 09:45:42,166 [486fef96-c6ec-41d9-a4ca-7ebb3d261081@group-7A90E47A063C-LeaderElection151] INFO  server.RaftServer$Division (RaftServerImpl.java:setRole(392)) - 486fef96-c6ec-41d9-a4ca-7ebb3d261081@group-7A90E47A063C: changes role from CANDIDATE to LEADER at term 4 for changeToLeader
2025-09-07 09:45:42,166 [486fef96-c6ec-41d9-a4ca-7ebb3d261081@group-7A90E47A063C-LeaderElection151] INFO  server.RaftServerConfigKeys (ConfUtils.java:logFallback(69)) - raft.server.staging.timeout = 3600ms (fallback to raft.server.rpc.timeout.max)
2025-09-07 09:45:42,166 [486fef96-c6ec-41d9-a4ca-7ebb3d261081@group-7A90E47A063C-LeaderElection151] INFO  server.RaftServerConfigKeys (ConfUtils.java:logGet(62)) - raft.server.write.byte-limit = 1024 M (=1073741824) (custom)
2025-09-07 09:45:42,167 [grpc-default-executor-1] INFO  server.RaftServer$Division (RaftServerImpl.java:requestVote(1455)) - c7c0d573-77b1-47db-b09e-d84959a4a43f@group-7A90E47A063C replies to ELECTION vote request: 486fef96-c6ec-41d9-a4ca-7ebb3d261081<-c7c0d573-77b1-47db-b09e-d84959a4a43f#0:OK-t4-last:(t:3, i:20). Peer's state: c7c0d573-77b1-47db-b09e-d84959a4a43f@group-7A90E47A063C:t4, leader=null, voted=486fef96-c6ec-41d9-a4ca-7ebb3d261081, raftlog=Memoized:c7c0d573-77b1-47db-b09e-d84959a4a43f@group-7A90E47A063C-SegmentedRaftLog:OPENED:c20:last(t:3, i:20), conf=conf: {index: 19, cur=peers:[c7c0d573-77b1-47db-b09e-d84959a4a43f|127.0.0.1:15063, 486fef96-c6ec-41d9-a4ca-7ebb3d261081|127.0.0.1:15071, 4c7984b5-42f1-4e4b-a334-601f88f38b33|127.0.0.1:15079]|listeners:[], old=null}
2025-09-07 09:45:42,168 [486fef96-c6ec-41d9-a4ca-7ebb3d261081@group-7A90E47A063C-LeaderElection151] INFO  server.RaftServerConfigKeys (ConfUtils.java:logGet(62)) - raft.server.log.appender.buffer.byte-limit = 33554432 (custom)
2025-09-07 09:45:42,169 [486fef96-c6ec-41d9-a4ca-7ebb3d261081@group-7A90E47A063C-LeaderElection151] INFO  server.RaftServerConfigKeys (ConfUtils.java:logGet(62)) - raft.server.log.appender.buffer.byte-limit = 33554432 (custom)
2025-09-07 09:45:42,169 [486fef96-c6ec-41d9-a4ca-7ebb3d261081@group-7A90E47A063C-LeaderElection151] INFO  impl.RoleInfo (RoleInfo.java:updateAndGet(148)) - 486fef96-c6ec-41d9-a4ca-7ebb3d261081: start 486fef96-c6ec-41d9-a4ca-7ebb3d261081@group-7A90E47A063C-LeaderStateImpl
2025-09-07 09:45:42,169 [486fef96-c6ec-41d9-a4ca-7ebb3d261081@group-7A90E47A063C-LeaderElection151] INFO  ratis.XceiverServerRatis (XceiverServerRatis.java:handleLeaderChangedNotification(947)) - Leader change notification received for group: group-7A90E47A063C with new leaderId: 486fef96-c6ec-41d9-a4ca-7ebb3d261081
2025-09-07 09:45:42,169 [486fef96-c6ec-41d9-a4ca-7ebb3d261081@group-7A90E47A063C-LeaderElection151] INFO  server.RaftServer$Division (ServerState.java:setLeader(272)) - 486fef96-c6ec-41d9-a4ca-7ebb3d261081@group-7A90E47A063C: change Leader from null to 486fef96-c6ec-41d9-a4ca-7ebb3d261081 at term 4 for becomeLeader, leader elected after 10ms
2025-09-07 09:45:42,169 [486fef96-c6ec-41d9-a4ca-7ebb3d261081@group-7A90E47A063C-LeaderElection151] INFO  segmented.SegmentedRaftLogWorker (SegmentedRaftLogWorker.java:rollLogSegment(445)) - 486fef96-c6ec-41d9-a4ca-7ebb3d261081@group-7A90E47A063C-SegmentedRaftLogWorker: Rolling segment log-19_20 to index:20
2025-09-07 09:45:42,169 [486fef96-c6ec-41d9-a4ca-7ebb3d261081@group-7A90E47A063C-LeaderElection151] INFO  server.RaftServer$Division (ServerState.java:setRaftConf(386)) - 486fef96-c6ec-41d9-a4ca-7ebb3d261081@group-7A90E47A063C: set configuration conf: {index: 21, cur=peers:[c7c0d573-77b1-47db-b09e-d84959a4a43f|127.0.0.1:15063, 486fef96-c6ec-41d9-a4ca-7ebb3d261081|127.0.0.1:15071, 4c7984b5-42f1-4e4b-a334-601f88f38b33|127.0.0.1:15079]|listeners:[], old=null}
2025-09-07 09:45:42,171 [486fef96-c6ec-41d9-a4ca-7ebb3d261081@group-7A90E47A063C-SegmentedRaftLogWorker] INFO  segmented.SegmentedRaftLogWorker (SegmentedRaftLogWorker.java:execute(604)) - 486fef96-c6ec-41d9-a4ca-7ebb3d261081@group-7A90E47A063C-SegmentedRaftLogWorker: Rolled log segment from /home/runner/work/ozone/ozone/hadoop-ozone/integration-test/target/test-dir/MiniOzoneClusterImpl-023d5a78-e64c-43f3-a4d9-6f7884931d6c/ozone-metadata/datanode-8/ratis/c966e9dd-f994-4bc9-96f7-7a90e47a063c/current/log_inprogress_19 to /home/runner/work/ozone/ozone/hadoop-ozone/integration-test/target/test-dir/MiniOzoneClusterImpl-023d5a78-e64c-43f3-a4d9-6f7884931d6c/ozone-metadata/datanode-8/ratis/c966e9dd-f994-4bc9-96f7-7a90e47a063c/current/log_19-20
2025-09-07 09:45:42,171 [486fef96-c6ec-41d9-a4ca-7ebb3d261081@group-7A90E47A063C-SegmentedRaftLogWorker] INFO  segmented.BufferedWriteChannel (BufferedWriteChannel.java:open(61)) - open log_inprogress_21 at position 0
2025-09-07 09:45:42,174 [grpc-default-executor-6] INFO  ratis.XceiverServerRatis (XceiverServerRatis.java:handleLeaderChangedNotification(947)) - Leader change notification received for group: group-7A90E47A063C with new leaderId: 486fef96-c6ec-41d9-a4ca-7ebb3d261081
2025-09-07 09:45:42,174 [grpc-default-executor-6] INFO  server.RaftServer$Division (ServerState.java:setLeader(272)) - c7c0d573-77b1-47db-b09e-d84959a4a43f@group-7A90E47A063C: change Leader from null to 486fef96-c6ec-41d9-a4ca-7ebb3d261081 at term 4 for appendEntries, leader elected after 9ms
2025-09-07 09:45:42,175 [grpc-default-executor-6] INFO  ratis.XceiverServerRatis (XceiverServerRatis.java:handleLeaderChangedNotification(947)) - Leader change notification received for group: group-7A90E47A063C with new leaderId: 486fef96-c6ec-41d9-a4ca-7ebb3d261081
2025-09-07 09:45:42,175 [grpc-default-executor-6] INFO  server.RaftServer$Division (ServerState.java:setLeader(272)) - 4c7984b5-42f1-4e4b-a334-601f88f38b33@group-7A90E47A063C: change Leader from null to 486fef96-c6ec-41d9-a4ca-7ebb3d261081 at term 4 for appendEntries, leader elected after 12ms
2025-09-07 09:45:42,175 [grpc-default-executor-1] INFO  server.RaftServer$Division (ServerState.java:setRaftConf(386)) - c7c0d573-77b1-47db-b09e-d84959a4a43f@group-7A90E47A063C: set configuration conf: {index: 21, cur=peers:[c7c0d573-77b1-47db-b09e-d84959a4a43f|127.0.0.1:15063, 486fef96-c6ec-41d9-a4ca-7ebb3d261081|127.0.0.1:15071, 4c7984b5-42f1-4e4b-a334-601f88f38b33|127.0.0.1:15079]|listeners:[], old=null}
2025-09-07 09:45:42,175 [grpc-default-executor-1] INFO  segmented.SegmentedRaftLogWorker (SegmentedRaftLogWorker.java:rollLogSegment(445)) - c7c0d573-77b1-47db-b09e-d84959a4a43f@group-7A90E47A063C-SegmentedRaftLogWorker: Rolling segment log-19_20 to index:20
2025-09-07 09:45:42,177 [c7c0d573-77b1-47db-b09e-d84959a4a43f@group-7A90E47A063C-SegmentedRaftLogWorker] INFO  segmented.SegmentedRaftLogWorker (SegmentedRaftLogWorker.java:execute(604)) - c7c0d573-77b1-47db-b09e-d84959a4a43f@group-7A90E47A063C-SegmentedRaftLogWorker: Rolled log segment from /home/runner/work/ozone/ozone/hadoop-ozone/integration-test/target/test-dir/MiniOzoneClusterImpl-023d5a78-e64c-43f3-a4d9-6f7884931d6c/ozone-metadata/datanode-7/ratis/c966e9dd-f994-4bc9-96f7-7a90e47a063c/current/log_inprogress_19 to /home/runner/work/ozone/ozone/hadoop-ozone/integration-test/target/test-dir/MiniOzoneClusterImpl-023d5a78-e64c-43f3-a4d9-6f7884931d6c/ozone-metadata/datanode-7/ratis/c966e9dd-f994-4bc9-96f7-7a90e47a063c/current/log_19-20
2025-09-07 09:45:42,177 [c7c0d573-77b1-47db-b09e-d84959a4a43f@group-7A90E47A063C-SegmentedRaftLogWorker] INFO  segmented.BufferedWriteChannel (BufferedWriteChannel.java:open(61)) - open log_inprogress_21 at position 0
2025-09-07 09:45:42,177 [grpc-default-executor-6] INFO  server.RaftServer$Division (ServerState.java:setRaftConf(386)) - 4c7984b5-42f1-4e4b-a334-601f88f38b33@group-7A90E47A063C: set configuration conf: {index: 21, cur=peers:[c7c0d573-77b1-47db-b09e-d84959a4a43f|127.0.0.1:15063, 486fef96-c6ec-41d9-a4ca-7ebb3d261081|127.0.0.1:15071, 4c7984b5-42f1-4e4b-a334-601f88f38b33|127.0.0.1:15079]|listeners:[], old=null}
2025-09-07 09:45:42,177 [grpc-default-executor-6] INFO  segmented.SegmentedRaftLogWorker (SegmentedRaftLogWorker.java:rollLogSegment(445)) - 4c7984b5-42f1-4e4b-a334-601f88f38b33@group-7A90E47A063C-SegmentedRaftLogWorker: Rolling segment log-19_20 to index:20
2025-09-07 09:45:42,179 [4c7984b5-42f1-4e4b-a334-601f88f38b33@group-7A90E47A063C-SegmentedRaftLogWorker] INFO  segmented.SegmentedRaftLogWorker (SegmentedRaftLogWorker.java:execute(604)) - 4c7984b5-42f1-4e4b-a334-601f88f38b33@group-7A90E47A063C-SegmentedRaftLogWorker: Rolled log segment from /home/runner/work/ozone/ozone/hadoop-ozone/integration-test/target/test-dir/MiniOzoneClusterImpl-023d5a78-e64c-43f3-a4d9-6f7884931d6c/ozone-metadata/datanode-9/ratis/c966e9dd-f994-4bc9-96f7-7a90e47a063c/current/log_inprogress_19 to /home/runner/work/ozone/ozone/hadoop-ozone/integration-test/target/test-dir/MiniOzoneClusterImpl-023d5a78-e64c-43f3-a4d9-6f7884931d6c/ozone-metadata/datanode-9/ratis/c966e9dd-f994-4bc9-96f7-7a90e47a063c/current/log_19-20
2025-09-07 09:45:42,179 [4c7984b5-42f1-4e4b-a334-601f88f38b33@group-7A90E47A063C-SegmentedRaftLogWorker] INFO  segmented.BufferedWriteChannel (BufferedWriteChannel.java:open(61)) - open log_inprogress_21 at position 0
2025-09-07 09:45:42,180 [486fef96-c6ec-41d9-a4ca-7ebb3d261081@group-7A90E47A063C-SegmentedRaftLogWorker] INFO  segmented.SegmentedRaftLogWorker (SegmentedRaftLogWorker.java:execute(647)) - 486fef96-c6ec-41d9-a4ca-7ebb3d261081@group-7A90E47A063C-SegmentedRaftLogWorker: created new log segment /home/runner/work/ozone/ozone/hadoop-ozone/integration-test/target/test-dir/MiniOzoneClusterImpl-023d5a78-e64c-43f3-a4d9-6f7884931d6c/ozone-metadata/datanode-8/ratis/c966e9dd-f994-4bc9-96f7-7a90e47a063c/current/log_inprogress_21
2025-09-07 09:45:42,185 [c7c0d573-77b1-47db-b09e-d84959a4a43f@group-7A90E47A063C-SegmentedRaftLogWorker] INFO  segmented.SegmentedRaftLogWorker (SegmentedRaftLogWorker.java:execute(647)) - c7c0d573-77b1-47db-b09e-d84959a4a43f@group-7A90E47A063C-SegmentedRaftLogWorker: created new log segment /home/runner/work/ozone/ozone/hadoop-ozone/integration-test/target/test-dir/MiniOzoneClusterImpl-023d5a78-e64c-43f3-a4d9-6f7884931d6c/ozone-metadata/datanode-7/ratis/c966e9dd-f994-4bc9-96f7-7a90e47a063c/current/log_inprogress_21
2025-09-07 09:45:42,186 [4c7984b5-42f1-4e4b-a334-601f88f38b33@group-7A90E47A063C-SegmentedRaftLogWorker] INFO  segmented.SegmentedRaftLogWorker (SegmentedRaftLogWorker.java:execute(647)) - 4c7984b5-42f1-4e4b-a334-601f88f38b33@group-7A90E47A063C-SegmentedRaftLogWorker: created new log segment /home/runner/work/ozone/ozone/hadoop-ozone/integration-test/target/test-dir/MiniOzoneClusterImpl-023d5a78-e64c-43f3-a4d9-6f7884931d6c/ozone-metadata/datanode-9/ratis/c966e9dd-f994-4bc9-96f7-7a90e47a063c/current/log_inprogress_21
2025-09-07 09:45:42,189 [486fef96-c6ec-41d9-a4ca-7ebb3d261081@group-7A90E47A063C-StateMachineUpdater] INFO  server.RaftServer$Division (LeaderStateImpl.java:checkStartIndex(309)) - Leader 486fef96-c6ec-41d9-a4ca-7ebb3d261081@group-7A90E47A063C-LeaderStateImpl is ready since appliedIndex == startIndex == 21
2025-09-07 09:45:42,381 [ForkJoinPool-1-worker-1] INFO  utils.DatanodeStoreCache (DatanodeStoreCache.java:shutdownCache(110)) - Skip clearing cache in mini cluster mode. Entries left: [/home/runner/work/ozone/ozone/hadoop-ozone/integration-test/target/test-dir/MiniOzoneClusterImpl-023d5a78-e64c-43f3-a4d9-6f7884931d6c/ozone-metadata/datanode-1/data-0/hdds/023d5a78-e64c-43f3-a4d9-6f7884931d6c/DS-5fbd3f51-2257-4844-a78a-38b1b6d3b151/container.db, /home/runner/work/ozone/ozone/hadoop-ozone/integration-test/target/test-dir/MiniOzoneClusterImpl-023d5a78-e64c-43f3-a4d9-6f7884931d6c/ozone-metadata/datanode-10/data-0/hdds/023d5a78-e64c-43f3-a4d9-6f7884931d6c/DS-84c6fba7-595d-4177-8ffc-7588853120c4/container.db, /home/runner/work/ozone/ozone/hadoop-ozone/integration-test/target/test-dir/MiniOzoneClusterImpl-023d5a78-e64c-43f3-a4d9-6f7884931d6c/ozone-metadata/datanode-2/data-0/hdds/023d5a78-e64c-43f3-a4d9-6f7884931d6c/DS-bea88637-aed5-486c-a715-f30d7867fd4b/container.db, /home/runner/work/ozone/ozone/hadoop-ozone/integration-test/target/test-dir/MiniOzoneClusterImpl-023d5a78-e64c-43f3-a4d9-6f7884931d6c/ozone-metadata/datanode-3/data-0/hdds/023d5a78-e64c-43f3-a4d9-6f7884931d6c/DS-8f593202-9c4b-47bd-8b22-f98b2017cb5e/container.db, /home/runner/work/ozone/ozone/hadoop-ozone/integration-test/target/test-dir/MiniOzoneClusterImpl-023d5a78-e64c-43f3-a4d9-6f7884931d6c/ozone-metadata/datanode-4/data-0/hdds/023d5a78-e64c-43f3-a4d9-6f7884931d6c/DS-670d5789-61e1-408c-a8be-006216e53fc7/container.db, /home/runner/work/ozone/ozone/hadoop-ozone/integration-test/target/test-dir/MiniOzoneClusterImpl-023d5a78-e64c-43f3-a4d9-6f7884931d6c/ozone-metadata/datanode-5/data-0/hdds/023d5a78-e64c-43f3-a4d9-6f7884931d6c/DS-ba4d3214-2eca-4c53-96e2-3c88d4f4b29f/container.db, /home/runner/work/ozone/ozone/hadoop-ozone/integration-test/target/test-dir/MiniOzoneClusterImpl-023d5a78-e64c-43f3-a4d9-6f7884931d6c/ozone-metadata/datanode-6/data-0/hdds/023d5a78-e64c-43f3-a4d9-6f7884931d6c/DS-c5c95cee-9ff3-461a-9937-607d9784b933/container.db, /home/runner/work/ozone/ozone/hadoop-ozone/integration-test/target/test-dir/MiniOzoneClusterImpl-023d5a78-e64c-43f3-a4d9-6f7884931d6c/ozone-metadata/datanode-7/data-0/hdds/023d5a78-e64c-43f3-a4d9-6f7884931d6c/DS-7d6b5525-c31c-4cde-b529-f7d3e2c4ede0/container.db, /home/runner/work/ozone/ozone/hadoop-ozone/integration-test/target/test-dir/MiniOzoneClusterImpl-023d5a78-e64c-43f3-a4d9-6f7884931d6c/ozone-metadata/datanode-8/data-0/hdds/023d5a78-e64c-43f3-a4d9-6f7884931d6c/DS-28acb988-f0e1-4edb-963c-7151ad2f49d2/container.db, /home/runner/work/ozone/ozone/hadoop-ozone/integration-test/target/test-dir/MiniOzoneClusterImpl-023d5a78-e64c-43f3-a4d9-6f7884931d6c/ozone-metadata/datanode-9/data-0/hdds/023d5a78-e64c-43f3-a4d9-6f7884931d6c/DS-a111d4ad-79ac-4961-bf93-2799ac6eaee3/container.db]
2025-09-07 09:45:42,382 [ForkJoinPool-1-worker-1] INFO  utils.DatanodeStoreCache (DatanodeStoreCache.java:removeDB(104)) - Removed db /home/runner/work/ozone/ozone/hadoop-ozone/integration-test/target/test-dir/MiniOzoneClusterImpl-023d5a78-e64c-43f3-a4d9-6f7884931d6c/ozone-metadata/datanode-5/data-0/hdds/023d5a78-e64c-43f3-a4d9-6f7884931d6c/DS-ba4d3214-2eca-4c53-96e2-3c88d4f4b29f/container.db from cache
2025-09-07 09:45:42,382 [ForkJoinPool-1-worker-1] INFO  volume.HddsVolume (HddsVolume.java:closeDbStore(609)) - SchemaV3 db is stopped at /home/runner/work/ozone/ozone/hadoop-ozone/integration-test/target/test-dir/MiniOzoneClusterImpl-023d5a78-e64c-43f3-a4d9-6f7884931d6c/ozone-metadata/datanode-5/data-0/hdds/023d5a78-e64c-43f3-a4d9-6f7884931d6c/DS-ba4d3214-2eca-4c53-96e2-3c88d4f4b29f/container.db for volume DS-ba4d3214-2eca-4c53-96e2-3c88d4f4b29f
2025-09-07 09:45:42,382 [ForkJoinPool-1-worker-1] INFO  utils.BackgroundService (BackgroundService.java:shutdown(195)) - Shutting down service BlockDeletingService
2025-09-07 09:45:42,383 [ForkJoinPool-1-worker-1] INFO  utils.BackgroundService (BackgroundService.java:shutdown(195)) - Shutting down service StaleRecoveringContainerScrubbingService
2025-09-07 09:45:42,384 [ForkJoinPool-1-worker-1] INFO  statemachine.DatanodeStateMachine (DatanodeStateMachine.java:stopDaemon(637)) - Ozone container server stopped.
2025-09-07 09:45:42,404 [ForkJoinPool-1-worker-1] INFO  handler.ContextHandler (ContextHandler.java:doStop(1159)) - Stopped o.e.j.w.WebAppContext@213cd8a3{hddsDatanode,/,null,STOPPED}{jar:file:/home/runner/work/ozone/ozone/hadoop-hdds/container-service/target/hdds-container-service-2.1.0-SNAPSHOT.jar!/webapps/hddsDatanode}
2025-09-07 09:45:42,405 [ForkJoinPool-1-worker-1] INFO  server.AbstractConnector (AbstractConnector.java:doStop(383)) - Stopped ServerConnector@75665cec{HTTP/1.1, (http/1.1)}{0.0.0.0:15042}
2025-09-07 09:45:42,405 [ForkJoinPool-1-worker-1] INFO  server.session (HouseKeeper.java:stopScavenging(149)) - node0 Stopped scavenging
2025-09-07 09:45:42,405 [ForkJoinPool-1-worker-1] INFO  handler.ContextHandler (ContextHandler.java:doStop(1159)) - Stopped o.e.j.s.ServletContextHandler@169c805d{static,/static,jar:file:/home/runner/work/ozone/ozone/hadoop-hdds/container-service/target/hdds-container-service-2.1.0-SNAPSHOT.jar!/webapps/static,STOPPED}
2025-09-07 09:45:42,405 [ForkJoinPool-1-worker-1] INFO  handler.ContextHandler (ContextHandler.java:doStop(1159)) - Stopped o.e.j.s.ServletContextHandler@4f4e281{logs,/logs,file:///home/runner/work/ozone/ozone/hadoop-ozone/integration-test/target/log,STOPPED}
2025-09-07 09:45:42,406 [ForkJoinPool-1-worker-1] INFO  ozone.HddsDatanodeClientProtocolServer (HddsDatanodeClientProtocolServer.java:stop(82)) - Stopping the RPC server for Client Protocol
2025-09-07 09:45:42,406 [ForkJoinPool-1-worker-1] INFO  ipc.Server (Server.java:stop(3697)) - Stopping server on 15043
2025-09-07 09:45:42,407 [IPC Server listener on 15043] INFO  ipc.Server (Server.java:run(1585)) - Stopping IPC Server listener on 15043
2025-09-07 09:45:42,407 [IPC Server Responder] INFO  ipc.Server (Server.java:run(1718)) - Stopping IPC Server Responder
2025-09-07 09:45:42,409 [ForkJoinPool-1-worker-1] INFO  ozoneimpl.OzoneContainer (OzoneContainer.java:stop(549)) - Attempting to stop container services.
2025-09-07 09:45:42,409 [ContainerMetadataScanner] WARN  ozoneimpl.AbstractBackgroundContainerScanner (AbstractBackgroundContainerScanner.java:handleRemainingSleep(136)) - Background container scan was interrupted.
2025-09-07 09:45:42,409 [ContainerMetadataScanner] INFO  ozoneimpl.AbstractBackgroundContainerScanner (AbstractBackgroundContainerScanner.java:run(63)) - org.apache.hadoop.ozone.container.ozoneimpl.BackgroundContainerMetadataScanner@66fc82ca exiting.
2025-09-07 09:45:42,409 [ForkJoinPool-1-worker-1] INFO  ozoneimpl.BackgroundContainerDataScanner (BackgroundContainerDataScanner.java:shutdown(87)) - ContainerDataScanner(/home/runner/work/ozone/ozone/hadoop-ozone/integration-test/target/test-dir/MiniOzoneClusterImpl-023d5a78-e64c-43f3-a4d9-6f7884931d6c/ozone-metadata/datanode-4/data-0/hdds) is shutting down. 
2025-09-07 09:45:42,409 [ContainerDataScanner(/home/runner/work/ozone/ozone/hadoop-ozone/integration-test/target/test-dir/MiniOzoneClusterImpl-023d5a78-e64c-43f3-a4d9-6f7884931d6c/ozone-metadata/datanode-4/data-0/hdds)] WARN  ozoneimpl.AbstractBackgroundContainerScanner (AbstractBackgroundContainerScanner.java:handleRemainingSleep(136)) - Background container scan was interrupted.
2025-09-07 09:45:42,409 [ContainerDataScanner(/home/runner/work/ozone/ozone/hadoop-ozone/integration-test/target/test-dir/MiniOzoneClusterImpl-023d5a78-e64c-43f3-a4d9-6f7884931d6c/ozone-metadata/datanode-4/data-0/hdds)] INFO  ozoneimpl.AbstractBackgroundContainerScanner (AbstractBackgroundContainerScanner.java:run(63)) - ContainerDataScanner(/home/runner/work/ozone/ozone/hadoop-ozone/integration-test/target/test-dir/MiniOzoneClusterImpl-023d5a78-e64c-43f3-a4d9-6f7884931d6c/ozone-metadata/datanode-4/data-0/hdds, DS-670d5789-61e1-408c-a8be-006216e53fc7) exiting.
2025-09-07 09:45:42,410 [ForkJoinPool-1-worker-1] INFO  ozoneimpl.OnDemandContainerScanner (OnDemandContainerScanner.java:shutdown(141)) - On-demand container scanner is shutting down.
2025-09-07 09:45:42,410 [ForkJoinPool-1-worker-1] INFO  ratis.XceiverServerRatis (XceiverServerRatis.java:stop(597)) - Closing XceiverServerRatis(7c7182dc-ac7f-44a8-b1d4-5d10f99cbcf2)
2025-09-07 09:45:42,410 [ForkJoinPool-1-worker-1] INFO  server.RaftServer (RaftServerProxy.java:lambda$close$9(422)) - 7c7182dc-ac7f-44a8-b1d4-5d10f99cbcf2: close
2025-09-07 09:45:42,410 [7c7182dc-ac7f-44a8-b1d4-5d10f99cbcf2-impl-thread2] INFO  server.RaftServer$Division (RaftServerImpl.java:lambda$close$1(527)) - 7c7182dc-ac7f-44a8-b1d4-5d10f99cbcf2@group-91458CD34E0F: shutdown
2025-09-07 09:45:42,410 [7c7182dc-ac7f-44a8-b1d4-5d10f99cbcf2-impl-thread3] INFO  server.RaftServer$Division (RaftServerImpl.java:lambda$close$1(527)) - 7c7182dc-ac7f-44a8-b1d4-5d10f99cbcf2@group-09A5C1734F32: shutdown
2025-09-07 09:45:42,410 [ForkJoinPool-1-worker-1] INFO  server.GrpcServicesImpl (GrpcServicesImpl.java:closeImpl(355)) - 7c7182dc-ac7f-44a8-b1d4-5d10f99cbcf2: shutdown server org.apache.ratis.grpc.server.GrpcClientProtocolService now
2025-09-07 09:45:42,411 [7c7182dc-ac7f-44a8-b1d4-5d10f99cbcf2-impl-thread4] INFO  server.RaftServer$Division (RaftServerImpl.java:lambda$close$1(527)) - 7c7182dc-ac7f-44a8-b1d4-5d10f99cbcf2@group-9E511D2458D0: shutdown
2025-09-07 09:45:42,411 [7c7182dc-ac7f-44a8-b1d4-5d10f99cbcf2-impl-thread4] INFO  util.JmxRegister (JmxRegister.java:unregister(74)) - Successfully un-registered JMX Bean with object name Ratis:service=RaftServer,group=group-9E511D2458D0,id=7c7182dc-ac7f-44a8-b1d4-5d10f99cbcf2
2025-09-07 09:45:42,411 [7c7182dc-ac7f-44a8-b1d4-5d10f99cbcf2-impl-thread4] INFO  impl.RoleInfo (RoleInfo.java:shutdownFollowerState(121)) - 7c7182dc-ac7f-44a8-b1d4-5d10f99cbcf2: shutdown 7c7182dc-ac7f-44a8-b1d4-5d10f99cbcf2@group-9E511D2458D0-FollowerState
2025-09-07 09:45:42,411 [7c7182dc-ac7f-44a8-b1d4-5d10f99cbcf2-impl-thread4] INFO  impl.StateMachineUpdater (StateMachineUpdater.java:stopAndJoin(163)) - 7c7182dc-ac7f-44a8-b1d4-5d10f99cbcf2@group-9E511D2458D0-StateMachineUpdater: set stopIndex = 0
2025-09-07 09:45:42,411 [7c7182dc-ac7f-44a8-b1d4-5d10f99cbcf2@group-9E511D2458D0-StateMachineUpdater] INFO  ratis.ContainerStateMachine (ContainerStateMachine.java:takeSnapshot(427)) - group-9E511D2458D0: Taking a snapshot at:(t:1, i:0) file /home/runner/work/ozone/ozone/hadoop-ozone/integration-test/target/test-dir/MiniOzoneClusterImpl-023d5a78-e64c-43f3-a4d9-6f7884931d6c/ozone-metadata/datanode-4/ratis/d8d7c1c9-dd4a-4c6e-b9b0-9e511d2458d0/sm/snapshot.1_0
2025-09-07 09:45:42,411 [Thread-2015] INFO  server.GrpcServerProtocolClient (GrpcServerProtocolClient.java:close(105)) - 90a60b70-6b91-4fb2-a612-7ac0b6911dfc Close channels
2025-09-07 09:45:42,411 [Thread-2016] INFO  server.GrpcServerProtocolClient (GrpcServerProtocolClient.java:close(105)) - e6e13cb3-e32b-4d2d-874a-1e4700c67398 Close channels
2025-09-07 09:45:42,410 [7c7182dc-ac7f-44a8-b1d4-5d10f99cbcf2-impl-thread2] INFO  util.JmxRegister (JmxRegister.java:unregister(74)) - Successfully un-registered JMX Bean with object name Ratis:service=RaftServer,group=group-91458CD34E0F,id=7c7182dc-ac7f-44a8-b1d4-5d10f99cbcf2
2025-09-07 09:45:42,412 [7c7182dc-ac7f-44a8-b1d4-5d10f99cbcf2-impl-thread2] INFO  impl.RoleInfo (RoleInfo.java:shutdownLeaderState(103)) - 7c7182dc-ac7f-44a8-b1d4-5d10f99cbcf2: shutdown 7c7182dc-ac7f-44a8-b1d4-5d10f99cbcf2@group-91458CD34E0F-LeaderStateImpl
2025-09-07 09:45:42,412 [7c7182dc-ac7f-44a8-b1d4-5d10f99cbcf2-impl-thread2] INFO  impl.PendingRequests (PendingRequests.java:sendNotLeaderResponses(287)) - 7c7182dc-ac7f-44a8-b1d4-5d10f99cbcf2@group-91458CD34E0F-PendingRequests: sendNotLeaderResponses
2025-09-07 09:45:42,411 [7c7182dc-ac7f-44a8-b1d4-5d10f99cbcf2@group-9E511D2458D0-FollowerState] INFO  impl.FollowerState (FollowerState.java:runImpl(170)) - 7c7182dc-ac7f-44a8-b1d4-5d10f99cbcf2@group-9E511D2458D0-FollowerState was interrupted
2025-09-07 09:45:42,410 [7c7182dc-ac7f-44a8-b1d4-5d10f99cbcf2-impl-thread3] INFO  util.JmxRegister (JmxRegister.java:unregister(74)) - Successfully un-registered JMX Bean with object name Ratis:service=RaftServer,group=group-09A5C1734F32,id=7c7182dc-ac7f-44a8-b1d4-5d10f99cbcf2
2025-09-07 09:45:42,413 [7c7182dc-ac7f-44a8-b1d4-5d10f99cbcf2-impl-thread3] INFO  impl.RoleInfo (RoleInfo.java:shutdownLeaderState(103)) - 7c7182dc-ac7f-44a8-b1d4-5d10f99cbcf2: shutdown 7c7182dc-ac7f-44a8-b1d4-5d10f99cbcf2@group-09A5C1734F32-LeaderStateImpl
2025-09-07 09:45:42,413 [7c7182dc-ac7f-44a8-b1d4-5d10f99cbcf2-impl-thread2] INFO  impl.StateMachineUpdater (StateMachineUpdater.java:stopAndJoin(163)) - 7c7182dc-ac7f-44a8-b1d4-5d10f99cbcf2@group-91458CD34E0F-StateMachineUpdater: set stopIndex = 0
2025-09-07 09:45:42,413 [7c7182dc-ac7f-44a8-b1d4-5d10f99cbcf2-impl-thread3] INFO  impl.PendingRequests (PendingRequests.java:sendNotLeaderResponses(287)) - 7c7182dc-ac7f-44a8-b1d4-5d10f99cbcf2@group-09A5C1734F32-PendingRequests: sendNotLeaderResponses
2025-09-07 09:45:42,413 [7c7182dc-ac7f-44a8-b1d4-5d10f99cbcf2@group-9E511D2458D0-StateMachineUpdater] INFO  ratis.ContainerStateMachine (ContainerStateMachine.java:takeSnapshot(436)) - group-9E511D2458D0: Finished taking a snapshot at:(t:1, i:0) file:/home/runner/work/ozone/ozone/hadoop-ozone/integration-test/target/test-dir/MiniOzoneClusterImpl-023d5a78-e64c-43f3-a4d9-6f7884931d6c/ozone-metadata/datanode-4/ratis/d8d7c1c9-dd4a-4c6e-b9b0-9e511d2458d0/sm/snapshot.1_0 took: 2 ms
2025-09-07 09:45:42,413 [7c7182dc-ac7f-44a8-b1d4-5d10f99cbcf2@group-9E511D2458D0-StateMachineUpdater] INFO  impl.StateMachineUpdater (StateMachineUpdater.java:takeSnapshot(307)) - 7c7182dc-ac7f-44a8-b1d4-5d10f99cbcf2@group-9E511D2458D0-StateMachineUpdater: Took a snapshot at index 0
2025-09-07 09:45:42,413 [7c7182dc-ac7f-44a8-b1d4-5d10f99cbcf2@group-9E511D2458D0-StateMachineUpdater] INFO  impl.StateMachineUpdater (StateMachineUpdater.java:lambda$new$0(101)) - 7c7182dc-ac7f-44a8-b1d4-5d10f99cbcf2@group-9E511D2458D0-StateMachineUpdater: snapshotIndex: updateIncreasingly -1 -> 0
2025-09-07 09:45:42,414 [7c7182dc-ac7f-44a8-b1d4-5d10f99cbcf2@group-9E511D2458D0-StateMachineUpdater] INFO  impl.StateMachineUpdater (StateMachineUpdater.java:stop(140)) - 7c7182dc-ac7f-44a8-b1d4-5d10f99cbcf2@group-9E511D2458D0-StateMachineUpdater: closing ContainerStateMachine, lastApplied=(t:1, i:0)
2025-09-07 09:45:42,414 [7c7182dc-ac7f-44a8-b1d4-5d10f99cbcf2@group-9E511D2458D0-cacheEviction-AwaitToRun] INFO  util.AwaitToRun (AwaitToRun.java:run(49)) - 7c7182dc-ac7f-44a8-b1d4-5d10f99cbcf2@group-9E511D2458D0-cacheEviction-AwaitToRun-AwaitForSignal is interrupted
2025-09-07 09:45:42,414 [7c7182dc-ac7f-44a8-b1d4-5d10f99cbcf2@group-09A5C1734F32->90a60b70-6b91-4fb2-a612-7ac0b6911dfc-GrpcLogAppender-LogAppenderDaemon] WARN  server.GrpcLogAppender (GrpcLogAppender.java:mayWait(300)) - 7c7182dc-ac7f-44a8-b1d4-5d10f99cbcf2@group-09A5C1734F32->90a60b70-6b91-4fb2-a612-7ac0b6911dfc-GrpcLogAppender: Wait interrupted by java.lang.InterruptedException
2025-09-07 09:45:42,414 [7c7182dc-ac7f-44a8-b1d4-5d10f99cbcf2@group-09A5C1734F32->e6e13cb3-e32b-4d2d-874a-1e4700c67398-GrpcLogAppender-LogAppenderDaemon] WARN  server.GrpcLogAppender (GrpcLogAppender.java:mayWait(300)) - 7c7182dc-ac7f-44a8-b1d4-5d10f99cbcf2@group-09A5C1734F32->e6e13cb3-e32b-4d2d-874a-1e4700c67398-GrpcLogAppender: Wait interrupted by java.lang.InterruptedException
2025-09-07 09:45:42,413 [7c7182dc-ac7f-44a8-b1d4-5d10f99cbcf2@group-91458CD34E0F-StateMachineUpdater] INFO  ratis.ContainerStateMachine (ContainerStateMachine.java:takeSnapshot(427)) - group-91458CD34E0F: Taking a snapshot at:(t:1, i:0) file /home/runner/work/ozone/ozone/hadoop-ozone/integration-test/target/test-dir/MiniOzoneClusterImpl-023d5a78-e64c-43f3-a4d9-6f7884931d6c/ozone-metadata/datanode-4/ratis/40ed6c18-2432-483b-87ed-91458cd34e0f/sm/snapshot.1_0
2025-09-07 09:45:42,414 [grpc-default-executor-2] WARN  server.GrpcClientProtocolService (LogUtils.java:warn(127)) - 0-OrderedRequestStreamObserver0: onError: org.apache.ratis.thirdparty.io.grpc.StatusRuntimeException: CANCELLED: client cancelled
2025-09-07 09:45:42,414 [7c7182dc-ac7f-44a8-b1d4-5d10f99cbcf2@group-09A5C1734F32-StateMachineUpdater] INFO  ratis.ContainerStateMachine (ContainerStateMachine.java:takeSnapshot(427)) - group-09A5C1734F32: Taking a snapshot at:(t:1, i:8) file /home/runner/work/ozone/ozone/hadoop-ozone/integration-test/target/test-dir/MiniOzoneClusterImpl-023d5a78-e64c-43f3-a4d9-6f7884931d6c/ozone-metadata/datanode-4/ratis/de1a2be5-feda-49eb-9ee6-09a5c1734f32/sm/snapshot.1_8
2025-09-07 09:45:42,414 [7c7182dc-ac7f-44a8-b1d4-5d10f99cbcf2-impl-thread3] INFO  impl.StateMachineUpdater (StateMachineUpdater.java:stopAndJoin(163)) - 7c7182dc-ac7f-44a8-b1d4-5d10f99cbcf2@group-09A5C1734F32-StateMachineUpdater: set stopIndex = 8
2025-09-07 09:45:42,414 [grpc-default-executor-2] INFO  server.GrpcServerProtocolService (GrpcServerProtocolService.java:lambda$onCompleted$6(171)) - e6e13cb3-e32b-4d2d-874a-1e4700c67398: Completed APPEND_ENTRIES, lastRequest: 7c7182dc-ac7f-44a8-b1d4-5d10f99cbcf2->e6e13cb3-e32b-4d2d-874a-1e4700c67398#196-t1,previous=(t:1, i:7),leaderCommit=4,initializing? false,entries: size=1, first=(t:1, i:8), METADATAENTRY(c:4) 
2025-09-07 09:45:42,415 [grpc-default-executor-6] INFO  server.GrpcServerProtocolService (GrpcServerProtocolService.java:lambda$null$7(175)) - e6e13cb3-e32b-4d2d-874a-1e4700c67398: Completed APPEND_ENTRIES, lastReply: serverReply {
  requestorId: "7c7182dc-ac7f-44a8-b1d4-5d10f99cbcf2"
  replyId: "e6e13cb3-e32b-4d2d-874a-1e4700c67398"
  raftGroupId {
    id: "\336\032+\345\376\332I\353\236\346\t\245\301sO2"
  }
  callId: 209
  success: true
}
term: 1
nextIndex: 9
followerCommit: 8
matchIndex: 18446744073709551615
isHearbeat: true
 
2025-09-07 09:45:42,415 [grpc-default-executor-6] INFO  server.GrpcLogAppender (GrpcLogAppender.java:onCompleted(558)) - 7c7182dc-ac7f-44a8-b1d4-5d10f99cbcf2@group-09A5C1734F32->e6e13cb3-e32b-4d2d-874a-1e4700c67398-AppendLogResponseHandler: follower responses appendEntries COMPLETED
2025-09-07 09:45:42,415 [grpc-default-executor-6] WARN  server.GrpcLogAppender (GrpcLogAppender.java:resetClient(237)) - 7c7182dc-ac7f-44a8-b1d4-5d10f99cbcf2@group-09A5C1734F32->e6e13cb3-e32b-4d2d-874a-1e4700c67398-GrpcLogAppender: Failed to getClient for e6e13cb3-e32b-4d2d-874a-1e4700c67398
org.apache.ratis.protocol.exceptions.AlreadyClosedException: 7c7182dc-ac7f-44a8-b1d4-5d10f99cbcf2 is already CLOSED
	at org.apache.ratis.util.PeerProxyMap$PeerAndProxy.getProxy(PeerProxyMap.java:67)
	at org.apache.ratis.util.PeerProxyMap.getProxy(PeerProxyMap.java:124)
	at org.apache.ratis.grpc.server.GrpcLogAppender.getClient(GrpcLogAppender.java:207)
	at org.apache.ratis.grpc.server.GrpcLogAppender.resetClient(GrpcLogAppender.java:212)
	at org.apache.ratis.grpc.server.GrpcLogAppender.access$800(GrpcLogAppender.java:70)
	at org.apache.ratis.grpc.server.GrpcLogAppender$AppendLogResponseHandler.onCompleted(GrpcLogAppender.java:559)
	at org.apache.ratis.thirdparty.io.grpc.stub.ClientCalls$StreamObserverToCallListenerAdapter.onClose(ClientCalls.java:562)
	at org.apache.ratis.thirdparty.io.grpc.internal.DelayedClientCall$DelayedListener$3.run(DelayedClientCall.java:489)
	at org.apache.ratis.thirdparty.io.grpc.internal.DelayedClientCall$DelayedListener.delayOrExecute(DelayedClientCall.java:453)
	at org.apache.ratis.thirdparty.io.grpc.internal.DelayedClientCall$DelayedListener.onClose(DelayedClientCall.java:486)
	at org.apache.ratis.thirdparty.io.grpc.internal.ClientCallImpl.closeObserver(ClientCallImpl.java:565)
	at org.apache.ratis.thirdparty.io.grpc.internal.ClientCallImpl.access$100(ClientCallImpl.java:72)
	at org.apache.ratis.thirdparty.io.grpc.internal.ClientCallImpl$ClientStreamListenerImpl$1StreamClosed.runInternal(ClientCallImpl.java:733)
	at org.apache.ratis.thirdparty.io.grpc.internal.ClientCallImpl$ClientStreamListenerImpl$1StreamClosed.runInContext(ClientCallImpl.java:714)
	at org.apache.ratis.thirdparty.io.grpc.internal.ContextRunnable.run(ContextRunnable.java:37)
	at org.apache.ratis.thirdparty.io.grpc.internal.SerializingExecutor.run(SerializingExecutor.java:133)
	at java.base/java.util.concurrent.ThreadPoolExecutor.runWorker(ThreadPoolExecutor.java:1144)
	at java.base/java.util.concurrent.ThreadPoolExecutor$Worker.run(ThreadPoolExecutor.java:642)
	at java.base/java.lang.Thread.run(Thread.java:1583)
2025-09-07 09:45:42,416 [7c7182dc-ac7f-44a8-b1d4-5d10f99cbcf2@group-91458CD34E0F-StateMachineUpdater] INFO  ratis.ContainerStateMachine (ContainerStateMachine.java:takeSnapshot(436)) - group-91458CD34E0F: Finished taking a snapshot at:(t:1, i:0) file:/home/runner/work/ozone/ozone/hadoop-ozone/integration-test/target/test-dir/MiniOzoneClusterImpl-023d5a78-e64c-43f3-a4d9-6f7884931d6c/ozone-metadata/datanode-4/ratis/40ed6c18-2432-483b-87ed-91458cd34e0f/sm/snapshot.1_0 took: 2 ms
2025-09-07 09:45:42,416 [7c7182dc-ac7f-44a8-b1d4-5d10f99cbcf2@group-91458CD34E0F-StateMachineUpdater] INFO  impl.StateMachineUpdater (StateMachineUpdater.java:takeSnapshot(307)) - 7c7182dc-ac7f-44a8-b1d4-5d10f99cbcf2@group-91458CD34E0F-StateMachineUpdater: Took a snapshot at index 0
2025-09-07 09:45:42,416 [7c7182dc-ac7f-44a8-b1d4-5d10f99cbcf2@group-91458CD34E0F-StateMachineUpdater] INFO  impl.StateMachineUpdater (StateMachineUpdater.java:lambda$new$0(101)) - 7c7182dc-ac7f-44a8-b1d4-5d10f99cbcf2@group-91458CD34E0F-StateMachineUpdater: snapshotIndex: updateIncreasingly -1 -> 0
2025-09-07 09:45:42,415 [grpc-default-executor-2] INFO  server.GrpcLogAppender (GrpcLogAppender.java:onCompleted(558)) - 7c7182dc-ac7f-44a8-b1d4-5d10f99cbcf2@group-09A5C1734F32->e6e13cb3-e32b-4d2d-874a-1e4700c67398-AppendLogResponseHandler: follower responses appendEntries COMPLETED
2025-09-07 09:45:42,416 [grpc-default-executor-2] WARN  server.GrpcLogAppender (GrpcLogAppender.java:resetClient(237)) - 7c7182dc-ac7f-44a8-b1d4-5d10f99cbcf2@group-09A5C1734F32->e6e13cb3-e32b-4d2d-874a-1e4700c67398-GrpcLogAppender: Failed to getClient for e6e13cb3-e32b-4d2d-874a-1e4700c67398
org.apache.ratis.protocol.exceptions.AlreadyClosedException: 7c7182dc-ac7f-44a8-b1d4-5d10f99cbcf2 is already CLOSED
	at org.apache.ratis.util.PeerProxyMap$PeerAndProxy.getProxy(PeerProxyMap.java:67)
	at org.apache.ratis.util.PeerProxyMap.getProxy(PeerProxyMap.java:124)
	at org.apache.ratis.grpc.server.GrpcLogAppender.getClient(GrpcLogAppender.java:207)
	at org.apache.ratis.grpc.server.GrpcLogAppender.resetClient(GrpcLogAppender.java:212)
	at org.apache.ratis.grpc.server.GrpcLogAppender.access$800(GrpcLogAppender.java:70)
	at org.apache.ratis.grpc.server.GrpcLogAppender$AppendLogResponseHandler.onCompleted(GrpcLogAppender.java:559)
	at org.apache.ratis.thirdparty.io.grpc.stub.ClientCalls$StreamObserverToCallListenerAdapter.onClose(ClientCalls.java:562)
	at org.apache.ratis.thirdparty.io.grpc.internal.ClientCallImpl.closeObserver(ClientCallImpl.java:565)
	at org.apache.ratis.thirdparty.io.grpc.internal.ClientCallImpl.access$100(ClientCallImpl.java:72)
	at org.apache.ratis.thirdparty.io.grpc.internal.ClientCallImpl$ClientStreamListenerImpl$1StreamClosed.runInternal(ClientCallImpl.java:733)
	at org.apache.ratis.thirdparty.io.grpc.internal.ClientCallImpl$ClientStreamListenerImpl$1StreamClosed.runInContext(ClientCallImpl.java:714)
	at org.apache.ratis.thirdparty.io.grpc.internal.ContextRunnable.run(ContextRunnable.java:37)
	at org.apache.ratis.thirdparty.io.grpc.internal.SerializingExecutor.run(SerializingExecutor.java:133)
	at java.base/java.util.concurrent.ThreadPoolExecutor.runWorker(ThreadPoolExecutor.java:1144)
	at java.base/java.util.concurrent.ThreadPoolExecutor$Worker.run(ThreadPoolExecutor.java:642)
	at java.base/java.lang.Thread.run(Thread.java:1583)
2025-09-07 09:45:42,416 [7c7182dc-ac7f-44a8-b1d4-5d10f99cbcf2@group-91458CD34E0F-StateMachineUpdater] INFO  impl.StateMachineUpdater (StateMachineUpdater.java:stop(140)) - 7c7182dc-ac7f-44a8-b1d4-5d10f99cbcf2@group-91458CD34E0F-StateMachineUpdater: closing ContainerStateMachine, lastApplied=(t:1, i:0)
2025-09-07 09:45:42,416 [ForkJoinPool-1-worker-1] INFO  server.GrpcServicesImpl (GrpcServicesImpl.java:closeImpl(364)) - 7c7182dc-ac7f-44a8-b1d4-5d10f99cbcf2: shutdown server org.apache.ratis.grpc.server.GrpcClientProtocolService successfully
2025-09-07 09:45:42,416 [ForkJoinPool-1-worker-1] INFO  server.GrpcServicesImpl (GrpcServicesImpl.java:closeImpl(355)) - 7c7182dc-ac7f-44a8-b1d4-5d10f99cbcf2: shutdown server GrpcServerProtocolService now
2025-09-07 09:45:42,417 [7c7182dc-ac7f-44a8-b1d4-5d10f99cbcf2@group-91458CD34E0F-cacheEviction-AwaitToRun] INFO  util.AwaitToRun (AwaitToRun.java:run(49)) - 7c7182dc-ac7f-44a8-b1d4-5d10f99cbcf2@group-91458CD34E0F-cacheEviction-AwaitToRun-AwaitForSignal is interrupted
2025-09-07 09:45:42,417 [7c7182dc-ac7f-44a8-b1d4-5d10f99cbcf2@group-09A5C1734F32-StateMachineUpdater] INFO  ratis.ContainerStateMachine (ContainerStateMachine.java:takeSnapshot(436)) - group-09A5C1734F32: Finished taking a snapshot at:(t:1, i:8) file:/home/runner/work/ozone/ozone/hadoop-ozone/integration-test/target/test-dir/MiniOzoneClusterImpl-023d5a78-e64c-43f3-a4d9-6f7884931d6c/ozone-metadata/datanode-4/ratis/de1a2be5-feda-49eb-9ee6-09a5c1734f32/sm/snapshot.1_8 took: 3 ms
2025-09-07 09:45:42,417 [7c7182dc-ac7f-44a8-b1d4-5d10f99cbcf2@group-09A5C1734F32-StateMachineUpdater] INFO  impl.StateMachineUpdater (StateMachineUpdater.java:takeSnapshot(307)) - 7c7182dc-ac7f-44a8-b1d4-5d10f99cbcf2@group-09A5C1734F32-StateMachineUpdater: Took a snapshot at index 8
2025-09-07 09:45:42,417 [7c7182dc-ac7f-44a8-b1d4-5d10f99cbcf2@group-09A5C1734F32-StateMachineUpdater] INFO  impl.StateMachineUpdater (StateMachineUpdater.java:lambda$new$0(101)) - 7c7182dc-ac7f-44a8-b1d4-5d10f99cbcf2@group-09A5C1734F32-StateMachineUpdater: snapshotIndex: updateIncreasingly -1 -> 8
2025-09-07 09:45:42,417 [7c7182dc-ac7f-44a8-b1d4-5d10f99cbcf2@group-09A5C1734F32-StateMachineUpdater] INFO  impl.StateMachineUpdater (StateMachineUpdater.java:stop(140)) - 7c7182dc-ac7f-44a8-b1d4-5d10f99cbcf2@group-09A5C1734F32-StateMachineUpdater: closing ContainerStateMachine, lastApplied=(t:1, i:8)
2025-09-07 09:45:42,417 [grpc-default-executor-1] WARN  server.GrpcServerProtocolService (LogUtils.java:warn(127)) - 7c7182dc-ac7f-44a8-b1d4-5d10f99cbcf2: APPEND_ENTRIES onError, lastRequest: null: org.apache.ratis.thirdparty.io.grpc.StatusRuntimeException: CANCELLED: client cancelled
2025-09-07 09:45:42,418 [grpc-default-executor-2] WARN  server.GrpcLogAppender (LogUtils.java:warn(127)) - e6e13cb3-e32b-4d2d-874a-1e4700c67398@group-9E511D2458D0->7c7182dc-ac7f-44a8-b1d4-5d10f99cbcf2-AppendLogResponseHandler: Failed appendEntries: org.apache.ratis.thirdparty.io.grpc.StatusRuntimeException: CANCELLED: RST_STREAM closed stream. HTTP/2 error code: CANCEL
2025-09-07 09:45:42,418 [7c7182dc-ac7f-44a8-b1d4-5d10f99cbcf2@group-09A5C1734F32-cacheEviction-AwaitToRun] INFO  util.AwaitToRun (AwaitToRun.java:run(49)) - 7c7182dc-ac7f-44a8-b1d4-5d10f99cbcf2@group-09A5C1734F32-cacheEviction-AwaitToRun-AwaitForSignal is interrupted
2025-09-07 09:45:42,419 [grpc-default-executor-1] WARN  server.GrpcServerProtocolService (LogUtils.java:warn(127)) - 7c7182dc-ac7f-44a8-b1d4-5d10f99cbcf2: APPEND_ENTRIES onError, lastRequest: e6e13cb3-e32b-4d2d-874a-1e4700c67398->7c7182dc-ac7f-44a8-b1d4-5d10f99cbcf2#1-t1,previous=<PROTO_DEFAULT>,leaderCommit=-1,initializing? false,entries: size=1, first=(t:1, i:0), CONFIGURATIONENTRY(current:id:"90a60b70-6b91-4fb2-a612-7ac0b6911dfc"address:"127.0.0.1:15047"dataStreamAddress:"127.0.0.1:15048"clientAddress:"127.0.0.1:15045"adminAddress:"127.0.0.1:15046"startupRole:FOLLOWER, id:"e6e13cb3-e32b-4d2d-874a-1e4700c67398"address:"127.0.0.1:15055"priority:1dataStreamAddress:"127.0.0.1:15056"clientAddress:"127.0.0.1:15053"adminAddress:"127.0.0.1:15054"startupRole:FOLLOWER, id:"7c7182dc-ac7f-44a8-b1d4-5d10f99cbcf2"address:"127.0.0.1:15039"dataStreamAddress:"127.0.0.1:15040"clientAddress:"127.0.0.1:15037"adminAddress:"127.0.0.1:15038"startupRole:FOLLOWER, old:): org.apache.ratis.thirdparty.io.grpc.StatusRuntimeException: CANCELLED: client cancelled
2025-09-07 09:45:42,419 [grpc-default-executor-2] WARN  server.GrpcLogAppender (GrpcLogAppender.java:lambda$resetClient$1(228)) - e6e13cb3-e32b-4d2d-874a-1e4700c67398@group-9E511D2458D0->7c7182dc-ac7f-44a8-b1d4-5d10f99cbcf2-GrpcLogAppender: Follower failed (request=null, errorCount=1); keep nextIndex (1) unchanged and retry.
2025-09-07 09:45:42,419 [ForkJoinPool-1-worker-1] INFO  server.GrpcServicesImpl (GrpcServicesImpl.java:closeImpl(364)) - 7c7182dc-ac7f-44a8-b1d4-5d10f99cbcf2: shutdown server GrpcServerProtocolService successfully
2025-09-07 09:45:42,419 [ForkJoinPool-1-worker-1] INFO  server.GrpcServicesImpl (GrpcServicesImpl.java:closeImpl(355)) - 7c7182dc-ac7f-44a8-b1d4-5d10f99cbcf2: shutdown server org.apache.ratis.grpc.server.GrpcAdminProtocolService now
2025-09-07 09:45:42,420 [ForkJoinPool-1-worker-1] INFO  server.GrpcServicesImpl (GrpcServicesImpl.java:closeImpl(364)) - 7c7182dc-ac7f-44a8-b1d4-5d10f99cbcf2: shutdown server org.apache.ratis.grpc.server.GrpcAdminProtocolService successfully
2025-09-07 09:45:42,424 [7c7182dc-ac7f-44a8-b1d4-5d10f99cbcf2-NettyServerStreamRpc-bossGroup--thread1] INFO  logging.LoggingHandler (AbstractInternalLogger.java:log(148)) - [id: 0xc3435b4b, L:/0.0.0.0:15040] CLOSE
2025-09-07 09:45:42,424 [7c7182dc-ac7f-44a8-b1d4-5d10f99cbcf2-NettyServerStreamRpc-bossGroup--thread1] INFO  logging.LoggingHandler (AbstractInternalLogger.java:log(148)) - [id: 0xc3435b4b, L:/0.0.0.0:15040] INACTIVE
2025-09-07 09:45:42,425 [7c7182dc-ac7f-44a8-b1d4-5d10f99cbcf2-NettyServerStreamRpc-bossGroup--thread1] INFO  logging.LoggingHandler (AbstractInternalLogger.java:log(148)) - [id: 0xc3435b4b, L:/0.0.0.0:15040] UNREGISTERED
2025-09-07 09:45:42,590 [7c7182dc-ac7f-44a8-b1d4-5d10f99cbcf2-impl-thread4] INFO  segmented.SegmentedRaftLogWorker (SegmentedRaftLogWorker.java:close(254)) - 7c7182dc-ac7f-44a8-b1d4-5d10f99cbcf2@group-9E511D2458D0-SegmentedRaftLogWorker close()
2025-09-07 09:45:42,590 [7c7182dc-ac7f-44a8-b1d4-5d10f99cbcf2-impl-thread4] INFO  ratis.ContainerStateMachine (ContainerStateMachine.java:notifyServerShutdown(1038)) - group-9E511D2458D0 is closed by HddsDatanodeService
2025-09-07 09:45:43,201 [7c7182dc-ac7f-44a8-b1d4-5d10f99cbcf2-impl-thread2] INFO  segmented.SegmentedRaftLogWorker (SegmentedRaftLogWorker.java:close(254)) - 7c7182dc-ac7f-44a8-b1d4-5d10f99cbcf2@group-91458CD34E0F-SegmentedRaftLogWorker close()
2025-09-07 09:45:43,201 [7c7182dc-ac7f-44a8-b1d4-5d10f99cbcf2-impl-thread2] INFO  ratis.ContainerStateMachine (ContainerStateMachine.java:notifyServerShutdown(1038)) - group-91458CD34E0F is closed by HddsDatanodeService
2025-09-07 09:45:43,373 [7c7182dc-ac7f-44a8-b1d4-5d10f99cbcf2-impl-thread3] INFO  segmented.SegmentedRaftLogWorker (SegmentedRaftLogWorker.java:close(254)) - 7c7182dc-ac7f-44a8-b1d4-5d10f99cbcf2@group-09A5C1734F32-SegmentedRaftLogWorker close()
2025-09-07 09:45:43,373 [7c7182dc-ac7f-44a8-b1d4-5d10f99cbcf2-impl-thread3] INFO  ratis.ContainerStateMachine (ContainerStateMachine.java:notifyServerShutdown(1038)) - group-09A5C1734F32 is closed by HddsDatanodeService
2025-09-07 09:45:43,374 [JvmPauseMonitor6] INFO  util.JvmPauseMonitor (JvmPauseMonitor.java:run(152)) - JvmPauseMonitor-7c7182dc-ac7f-44a8-b1d4-5d10f99cbcf2: Stopped
2025-09-07 09:45:43,797 [e6e13cb3-e32b-4d2d-874a-1e4700c67398@group-9E511D2458D0-LeaderStateImpl] WARN  server.RaftServer$Division (LeaderStateImpl.java:checkLeadership(1121)) - e6e13cb3-e32b-4d2d-874a-1e4700c67398@group-9E511D2458D0-LeaderStateImpl: Lost leadership on term: 1. Election timeout: 1200ms. In charge for: 97266ms. Conf: conf: {index: 0, cur=peers:[90a60b70-6b91-4fb2-a612-7ac0b6911dfc|127.0.0.1:15047, e6e13cb3-e32b-4d2d-874a-1e4700c67398|127.0.0.1:15055, 7c7182dc-ac7f-44a8-b1d4-5d10f99cbcf2|127.0.0.1:15039]|listeners:[], old=null}
2025-09-07 09:45:43,797 [e6e13cb3-e32b-4d2d-874a-1e4700c67398@group-9E511D2458D0-LeaderStateImpl] WARN  server.RaftServer$Division (LeaderStateImpl.java:lambda$checkLeadership$20(1125)) - Follower e6e13cb3-e32b-4d2d-874a-1e4700c67398@group-9E511D2458D0->90a60b70-6b91-4fb2-a612-7ac0b6911dfc(c0,m0,n1, caughtUp=true, lastRpcSendTime=704, lastRpcResponseTime=4435)
2025-09-07 09:45:43,797 [e6e13cb3-e32b-4d2d-874a-1e4700c67398@group-9E511D2458D0-LeaderStateImpl] WARN  server.RaftServer$Division (LeaderStateImpl.java:lambda$checkLeadership$20(1125)) - Follower e6e13cb3-e32b-4d2d-874a-1e4700c67398@group-9E511D2458D0->7c7182dc-ac7f-44a8-b1d4-5d10f99cbcf2(c0,m0,n1, caughtUp=true, lastRpcSendTime=173, lastRpcResponseTime=1430)
2025-09-07 09:45:43,797 [e6e13cb3-e32b-4d2d-874a-1e4700c67398@group-9E511D2458D0-LeaderStateImpl] INFO  server.RaftServer$Division (RaftServerImpl.java:setRole(392)) - e6e13cb3-e32b-4d2d-874a-1e4700c67398@group-9E511D2458D0: changes role from    LEADER to FOLLOWER at term 1 for StepDownReason:LOST_MAJORITY_HEARTBEATS
2025-09-07 09:45:43,797 [e6e13cb3-e32b-4d2d-874a-1e4700c67398@group-9E511D2458D0-LeaderStateImpl] INFO  impl.RoleInfo (RoleInfo.java:shutdownLeaderState(103)) - e6e13cb3-e32b-4d2d-874a-1e4700c67398: shutdown e6e13cb3-e32b-4d2d-874a-1e4700c67398@group-9E511D2458D0-LeaderStateImpl
2025-09-07 09:45:43,797 [e6e13cb3-e32b-4d2d-874a-1e4700c67398@group-9E511D2458D0->7c7182dc-ac7f-44a8-b1d4-5d10f99cbcf2-GrpcLogAppender-LogAppenderDaemon] WARN  server.GrpcLogAppender (GrpcLogAppender.java:mayWait(300)) - e6e13cb3-e32b-4d2d-874a-1e4700c67398@group-9E511D2458D0->7c7182dc-ac7f-44a8-b1d4-5d10f99cbcf2-GrpcLogAppender: Wait interrupted by java.lang.InterruptedException
2025-09-07 09:45:43,797 [e6e13cb3-e32b-4d2d-874a-1e4700c67398@group-9E511D2458D0-LeaderStateImpl] INFO  impl.PendingRequests (PendingRequests.java:sendNotLeaderResponses(287)) - e6e13cb3-e32b-4d2d-874a-1e4700c67398@group-9E511D2458D0-PendingRequests: sendNotLeaderResponses
2025-09-07 09:45:43,797 [e6e13cb3-e32b-4d2d-874a-1e4700c67398@group-9E511D2458D0->90a60b70-6b91-4fb2-a612-7ac0b6911dfc-GrpcLogAppender-LogAppenderDaemon] WARN  server.GrpcLogAppender (GrpcLogAppender.java:mayWait(300)) - e6e13cb3-e32b-4d2d-874a-1e4700c67398@group-9E511D2458D0->90a60b70-6b91-4fb2-a612-7ac0b6911dfc-GrpcLogAppender: Wait interrupted by java.lang.InterruptedException
2025-09-07 09:45:43,798 [e6e13cb3-e32b-4d2d-874a-1e4700c67398@group-9E511D2458D0-LeaderStateImpl] INFO  server.RaftServer$Division (ServerState.java:setLeader(272)) - e6e13cb3-e32b-4d2d-874a-1e4700c67398@group-9E511D2458D0: change Leader from e6e13cb3-e32b-4d2d-874a-1e4700c67398 to null at term 1 for StepDownReason:LOST_MAJORITY_HEARTBEATS
2025-09-07 09:45:43,798 [e6e13cb3-e32b-4d2d-874a-1e4700c67398@group-9E511D2458D0-LeaderStateImpl] INFO  impl.RoleInfo (RoleInfo.java:updateAndGet(148)) - e6e13cb3-e32b-4d2d-874a-1e4700c67398: start e6e13cb3-e32b-4d2d-874a-1e4700c67398@group-9E511D2458D0-FollowerState
2025-09-07 09:45:43,798 [e6e13cb3-e32b-4d2d-874a-1e4700c67398@group-09A5C1734F32-FollowerState] INFO  impl.FollowerState (FollowerState.java:runImpl(161)) - e6e13cb3-e32b-4d2d-874a-1e4700c67398@group-09A5C1734F32-FollowerState: change to CANDIDATE, lastRpcElapsedTime:1414316576ns, electionTimeout:1022ms
2025-09-07 09:45:43,798 [e6e13cb3-e32b-4d2d-874a-1e4700c67398@group-09A5C1734F32-FollowerState] INFO  impl.RoleInfo (RoleInfo.java:shutdownFollowerState(121)) - e6e13cb3-e32b-4d2d-874a-1e4700c67398: shutdown e6e13cb3-e32b-4d2d-874a-1e4700c67398@group-09A5C1734F32-FollowerState
2025-09-07 09:45:43,798 [e6e13cb3-e32b-4d2d-874a-1e4700c67398@group-09A5C1734F32-FollowerState] INFO  server.RaftServer$Division (RaftServerImpl.java:setRole(392)) - e6e13cb3-e32b-4d2d-874a-1e4700c67398@group-09A5C1734F32: changes role from  FOLLOWER to CANDIDATE at term 1 for changeToCandidate
2025-09-07 09:45:43,798 [e6e13cb3-e32b-4d2d-874a-1e4700c67398@group-09A5C1734F32-FollowerState] INFO  impl.RoleInfo (RoleInfo.java:updateAndGet(148)) - e6e13cb3-e32b-4d2d-874a-1e4700c67398: start e6e13cb3-e32b-4d2d-874a-1e4700c67398@group-09A5C1734F32-LeaderElection152
2025-09-07 09:45:43,799 [e6e13cb3-e32b-4d2d-874a-1e4700c67398@group-09A5C1734F32-LeaderElection152] INFO  server.RaftServer$Division (ServerState.java:setLeader(272)) - e6e13cb3-e32b-4d2d-874a-1e4700c67398@group-09A5C1734F32: change Leader from 7c7182dc-ac7f-44a8-b1d4-5d10f99cbcf2 to null at term 1 for PRE_VOTE
2025-09-07 09:45:43,799 [e6e13cb3-e32b-4d2d-874a-1e4700c67398@group-09A5C1734F32-LeaderElection152] INFO  impl.LeaderElection (LeaderElection.java:askForVotes(448)) - e6e13cb3-e32b-4d2d-874a-1e4700c67398@group-09A5C1734F32-LeaderElection152 PRE_VOTE round 0: submit vote requests at term 1 for conf: {index: 0, cur=peers:[90a60b70-6b91-4fb2-a612-7ac0b6911dfc|127.0.0.1:15047, e6e13cb3-e32b-4d2d-874a-1e4700c67398|127.0.0.1:15055, 7c7182dc-ac7f-44a8-b1d4-5d10f99cbcf2|127.0.0.1:15039]|listeners:[], old=null}
2025-09-07 09:45:43,799 [e6e13cb3-e32b-4d2d-874a-1e4700c67398@group-09A5C1734F32-LeaderElection152] INFO  impl.LeaderElection (LogUtils.java:infoOrTrace(142)) - e6e13cb3-e32b-4d2d-874a-1e4700c67398@group-09A5C1734F32-LeaderElection152 got exception when requesting votes: java.util.concurrent.ExecutionException: org.apache.ratis.thirdparty.io.grpc.StatusRuntimeException: UNAVAILABLE: io exception
2025-09-07 09:45:43,799 [e6e13cb3-e32b-4d2d-874a-1e4700c67398@group-09A5C1734F32-LeaderElection152] INFO  impl.LeaderElection (LogUtils.java:infoOrTrace(142)) - e6e13cb3-e32b-4d2d-874a-1e4700c67398@group-09A5C1734F32-LeaderElection152 got exception when requesting votes: java.util.concurrent.ExecutionException: org.apache.ratis.thirdparty.io.grpc.StatusRuntimeException: UNAVAILABLE: io exception
2025-09-07 09:45:43,799 [e6e13cb3-e32b-4d2d-874a-1e4700c67398@group-09A5C1734F32-LeaderElection152] INFO  impl.LeaderElection (LeaderElection.java:logAndReturn(206)) - e6e13cb3-e32b-4d2d-874a-1e4700c67398@group-09A5C1734F32-LeaderElection152: PRE_VOTE REJECTED received 0 response(s) and 2 exception(s):
2025-09-07 09:45:43,799 [e6e13cb3-e32b-4d2d-874a-1e4700c67398@group-09A5C1734F32-LeaderElection152] INFO  impl.LeaderElection (LogUtils.java:infoOrTrace(142)) -   Exception 0: java.util.concurrent.ExecutionException: org.apache.ratis.thirdparty.io.grpc.StatusRuntimeException: UNAVAILABLE: io exception
2025-09-07 09:45:43,799 [e6e13cb3-e32b-4d2d-874a-1e4700c67398@group-09A5C1734F32-LeaderElection152] INFO  impl.LeaderElection (LogUtils.java:infoOrTrace(142)) -   Exception 1: java.util.concurrent.ExecutionException: org.apache.ratis.thirdparty.io.grpc.StatusRuntimeException: UNAVAILABLE: io exception
2025-09-07 09:45:43,799 [e6e13cb3-e32b-4d2d-874a-1e4700c67398@group-09A5C1734F32-LeaderElection152] INFO  impl.LeaderElection (LeaderElection.java:askForVotes(450)) - e6e13cb3-e32b-4d2d-874a-1e4700c67398@group-09A5C1734F32-LeaderElection152 PRE_VOTE round 0: result REJECTED
2025-09-07 09:45:43,799 [e6e13cb3-e32b-4d2d-874a-1e4700c67398@group-09A5C1734F32-LeaderElection152] INFO  server.RaftServer$Division (RaftServerImpl.java:setRole(392)) - e6e13cb3-e32b-4d2d-874a-1e4700c67398@group-09A5C1734F32: changes role from CANDIDATE to FOLLOWER at term 1 for REJECTED
2025-09-07 09:45:43,799 [e6e13cb3-e32b-4d2d-874a-1e4700c67398@group-09A5C1734F32-LeaderElection152] INFO  impl.RoleInfo (RoleInfo.java:shutdownLeaderElection(141)) - e6e13cb3-e32b-4d2d-874a-1e4700c67398: shutdown e6e13cb3-e32b-4d2d-874a-1e4700c67398@group-09A5C1734F32-LeaderElection152
2025-09-07 09:45:43,800 [e6e13cb3-e32b-4d2d-874a-1e4700c67398@group-09A5C1734F32-LeaderElection152] INFO  impl.RoleInfo (RoleInfo.java:updateAndGet(148)) - e6e13cb3-e32b-4d2d-874a-1e4700c67398: start e6e13cb3-e32b-4d2d-874a-1e4700c67398@group-09A5C1734F32-FollowerState
2025-09-07 09:45:44,390 [timer0] WARN  server.GrpcLogAppender (LogUtils.java:warn(127)) - 7c7182dc-ac7f-44a8-b1d4-5d10f99cbcf2@group-09A5C1734F32->90a60b70-6b91-4fb2-a612-7ac0b6911dfc-AppendLogResponseHandler: Failed appendEntries (Repeated 14 times in the last 5.000s): org.apache.ratis.thirdparty.io.grpc.StatusRuntimeException: UNAVAILABLE: io exception
  Caused by: org.apache.ratis.thirdparty.io.netty.channel.AbstractChannel$AnnotatedConnectException: finishConnect(..) failed: Connection refused: /127.0.0.1:15047
  Caused by: java.net.ConnectException: finishConnect(..) failed: Connection refused
2025-09-07 09:45:44,391 [timer3] WARN  server.GrpcLogAppender (GrpcLogAppender.java:lambda$resetClient$1(228)) - e6e13cb3-e32b-4d2d-874a-1e4700c67398@group-9E511D2458D0->90a60b70-6b91-4fb2-a612-7ac0b6911dfc-GrpcLogAppender: Follower failed (request=null, errorCount=16); keep nextIndex (1) unchanged and retry. (Repeated 16 times in the last 5.000s)
2025-09-07 09:45:44,391 [timer2] WARN  server.GrpcLogAppender (LogUtils.java:warn(127)) - e6e13cb3-e32b-4d2d-874a-1e4700c67398@group-9E511D2458D0->90a60b70-6b91-4fb2-a612-7ac0b6911dfc-AppendLogResponseHandler: Failed appendEntries (Repeated 16 times in the last 5.000s): org.apache.ratis.thirdparty.io.grpc.StatusRuntimeException: UNAVAILABLE: io exception
  Caused by: org.apache.ratis.thirdparty.io.netty.channel.AbstractChannel$AnnotatedConnectException: finishConnect(..) failed: Connection refused: /127.0.0.1:15047
  Caused by: java.net.ConnectException: finishConnect(..) failed: Connection refused
2025-09-07 09:45:44,391 [timer1] WARN  server.GrpcLogAppender (GrpcLogAppender.java:lambda$resetClient$1(228)) - 7c7182dc-ac7f-44a8-b1d4-5d10f99cbcf2@group-09A5C1734F32->90a60b70-6b91-4fb2-a612-7ac0b6911dfc-GrpcLogAppender: Follower failed (request=null, errorCount=14); keep nextIndex (9) unchanged and retry. (Repeated 14 times in the last 5.001s)
2025-09-07 09:45:44,805 [e6e13cb3-e32b-4d2d-874a-1e4700c67398@group-9E511D2458D0-FollowerState] INFO  impl.FollowerState (FollowerState.java:lostMajorityHeartbeatsRecently(113)) - e6e13cb3-e32b-4d2d-874a-1e4700c67398@group-9E511D2458D0-FollowerState: Skipping leader election since it stepped down recently (elapsed = 1007ms < waitTime = 10s)
2025-09-07 09:45:44,877 [e6e13cb3-e32b-4d2d-874a-1e4700c67398@group-09A5C1734F32-FollowerState] INFO  impl.FollowerState (FollowerState.java:runImpl(161)) - e6e13cb3-e32b-4d2d-874a-1e4700c67398@group-09A5C1734F32-FollowerState: change to CANDIDATE, lastRpcElapsedTime:1077272539ns, electionTimeout:1077ms
2025-09-07 09:45:44,877 [e6e13cb3-e32b-4d2d-874a-1e4700c67398@group-09A5C1734F32-FollowerState] INFO  impl.RoleInfo (RoleInfo.java:shutdownFollowerState(121)) - e6e13cb3-e32b-4d2d-874a-1e4700c67398: shutdown e6e13cb3-e32b-4d2d-874a-1e4700c67398@group-09A5C1734F32-FollowerState
2025-09-07 09:45:44,877 [e6e13cb3-e32b-4d2d-874a-1e4700c67398@group-09A5C1734F32-FollowerState] INFO  server.RaftServer$Division (RaftServerImpl.java:setRole(392)) - e6e13cb3-e32b-4d2d-874a-1e4700c67398@group-09A5C1734F32: changes role from  FOLLOWER to CANDIDATE at term 1 for changeToCandidate
2025-09-07 09:45:44,877 [e6e13cb3-e32b-4d2d-874a-1e4700c67398@group-09A5C1734F32-FollowerState] INFO  impl.RoleInfo (RoleInfo.java:updateAndGet(148)) - e6e13cb3-e32b-4d2d-874a-1e4700c67398: start e6e13cb3-e32b-4d2d-874a-1e4700c67398@group-09A5C1734F32-LeaderElection153
2025-09-07 09:45:44,877 [e6e13cb3-e32b-4d2d-874a-1e4700c67398@group-09A5C1734F32-LeaderElection153] INFO  impl.LeaderElection (LeaderElection.java:askForVotes(448)) - e6e13cb3-e32b-4d2d-874a-1e4700c67398@group-09A5C1734F32-LeaderElection153 PRE_VOTE round 0: submit vote requests at term 1 for conf: {index: 0, cur=peers:[90a60b70-6b91-4fb2-a612-7ac0b6911dfc|127.0.0.1:15047, e6e13cb3-e32b-4d2d-874a-1e4700c67398|127.0.0.1:15055, 7c7182dc-ac7f-44a8-b1d4-5d10f99cbcf2|127.0.0.1:15039]|listeners:[], old=null}
2025-09-07 09:45:44,878 [e6e13cb3-e32b-4d2d-874a-1e4700c67398@group-09A5C1734F32-LeaderElection153] INFO  impl.LeaderElection (LogUtils.java:infoOrTrace(142)) - e6e13cb3-e32b-4d2d-874a-1e4700c67398@group-09A5C1734F32-LeaderElection153 got exception when requesting votes: java.util.concurrent.ExecutionException: org.apache.ratis.thirdparty.io.grpc.StatusRuntimeException: UNAVAILABLE: io exception
2025-09-07 09:45:44,878 [e6e13cb3-e32b-4d2d-874a-1e4700c67398@group-09A5C1734F32-LeaderElection153] INFO  impl.LeaderElection (LogUtils.java:infoOrTrace(142)) - e6e13cb3-e32b-4d2d-874a-1e4700c67398@group-09A5C1734F32-LeaderElection153 got exception when requesting votes: java.util.concurrent.ExecutionException: org.apache.ratis.thirdparty.io.grpc.StatusRuntimeException: UNAVAILABLE: io exception
2025-09-07 09:45:44,878 [e6e13cb3-e32b-4d2d-874a-1e4700c67398@group-09A5C1734F32-LeaderElection153] INFO  impl.LeaderElection (LeaderElection.java:logAndReturn(206)) - e6e13cb3-e32b-4d2d-874a-1e4700c67398@group-09A5C1734F32-LeaderElection153: PRE_VOTE REJECTED received 0 response(s) and 2 exception(s):
2025-09-07 09:45:44,878 [e6e13cb3-e32b-4d2d-874a-1e4700c67398@group-09A5C1734F32-LeaderElection153] INFO  impl.LeaderElection (LogUtils.java:infoOrTrace(142)) -   Exception 0: java.util.concurrent.ExecutionException: org.apache.ratis.thirdparty.io.grpc.StatusRuntimeException: UNAVAILABLE: io exception
2025-09-07 09:45:44,878 [e6e13cb3-e32b-4d2d-874a-1e4700c67398@group-09A5C1734F32-LeaderElection153] INFO  impl.LeaderElection (LogUtils.java:infoOrTrace(142)) -   Exception 1: java.util.concurrent.ExecutionException: org.apache.ratis.thirdparty.io.grpc.StatusRuntimeException: UNAVAILABLE: io exception
2025-09-07 09:45:44,878 [e6e13cb3-e32b-4d2d-874a-1e4700c67398@group-09A5C1734F32-LeaderElection153] INFO  impl.LeaderElection (LeaderElection.java:askForVotes(450)) - e6e13cb3-e32b-4d2d-874a-1e4700c67398@group-09A5C1734F32-LeaderElection153 PRE_VOTE round 0: result REJECTED
2025-09-07 09:45:44,878 [e6e13cb3-e32b-4d2d-874a-1e4700c67398@group-09A5C1734F32-LeaderElection153] INFO  server.RaftServer$Division (RaftServerImpl.java:setRole(392)) - e6e13cb3-e32b-4d2d-874a-1e4700c67398@group-09A5C1734F32: changes role from CANDIDATE to FOLLOWER at term 1 for REJECTED
2025-09-07 09:45:44,878 [e6e13cb3-e32b-4d2d-874a-1e4700c67398@group-09A5C1734F32-LeaderElection153] INFO  impl.RoleInfo (RoleInfo.java:shutdownLeaderElection(141)) - e6e13cb3-e32b-4d2d-874a-1e4700c67398: shutdown e6e13cb3-e32b-4d2d-874a-1e4700c67398@group-09A5C1734F32-LeaderElection153
2025-09-07 09:45:44,878 [e6e13cb3-e32b-4d2d-874a-1e4700c67398@group-09A5C1734F32-LeaderElection153] INFO  impl.RoleInfo (RoleInfo.java:updateAndGet(148)) - e6e13cb3-e32b-4d2d-874a-1e4700c67398: start e6e13cb3-e32b-4d2d-874a-1e4700c67398@group-09A5C1734F32-FollowerState
2025-09-07 09:45:45,376 [ForkJoinPool-1-worker-1] INFO  utils.DatanodeStoreCache (DatanodeStoreCache.java:shutdownCache(110)) - Skip clearing cache in mini cluster mode. Entries left: [/home/runner/work/ozone/ozone/hadoop-ozone/integration-test/target/test-dir/MiniOzoneClusterImpl-023d5a78-e64c-43f3-a4d9-6f7884931d6c/ozone-metadata/datanode-1/data-0/hdds/023d5a78-e64c-43f3-a4d9-6f7884931d6c/DS-5fbd3f51-2257-4844-a78a-38b1b6d3b151/container.db, /home/runner/work/ozone/ozone/hadoop-ozone/integration-test/target/test-dir/MiniOzoneClusterImpl-023d5a78-e64c-43f3-a4d9-6f7884931d6c/ozone-metadata/datanode-10/data-0/hdds/023d5a78-e64c-43f3-a4d9-6f7884931d6c/DS-84c6fba7-595d-4177-8ffc-7588853120c4/container.db, /home/runner/work/ozone/ozone/hadoop-ozone/integration-test/target/test-dir/MiniOzoneClusterImpl-023d5a78-e64c-43f3-a4d9-6f7884931d6c/ozone-metadata/datanode-2/data-0/hdds/023d5a78-e64c-43f3-a4d9-6f7884931d6c/DS-bea88637-aed5-486c-a715-f30d7867fd4b/container.db, /home/runner/work/ozone/ozone/hadoop-ozone/integration-test/target/test-dir/MiniOzoneClusterImpl-023d5a78-e64c-43f3-a4d9-6f7884931d6c/ozone-metadata/datanode-3/data-0/hdds/023d5a78-e64c-43f3-a4d9-6f7884931d6c/DS-8f593202-9c4b-47bd-8b22-f98b2017cb5e/container.db, /home/runner/work/ozone/ozone/hadoop-ozone/integration-test/target/test-dir/MiniOzoneClusterImpl-023d5a78-e64c-43f3-a4d9-6f7884931d6c/ozone-metadata/datanode-4/data-0/hdds/023d5a78-e64c-43f3-a4d9-6f7884931d6c/DS-670d5789-61e1-408c-a8be-006216e53fc7/container.db, /home/runner/work/ozone/ozone/hadoop-ozone/integration-test/target/test-dir/MiniOzoneClusterImpl-023d5a78-e64c-43f3-a4d9-6f7884931d6c/ozone-metadata/datanode-6/data-0/hdds/023d5a78-e64c-43f3-a4d9-6f7884931d6c/DS-c5c95cee-9ff3-461a-9937-607d9784b933/container.db, /home/runner/work/ozone/ozone/hadoop-ozone/integration-test/target/test-dir/MiniOzoneClusterImpl-023d5a78-e64c-43f3-a4d9-6f7884931d6c/ozone-metadata/datanode-7/data-0/hdds/023d5a78-e64c-43f3-a4d9-6f7884931d6c/DS-7d6b5525-c31c-4cde-b529-f7d3e2c4ede0/container.db, /home/runner/work/ozone/ozone/hadoop-ozone/integration-test/target/test-dir/MiniOzoneClusterImpl-023d5a78-e64c-43f3-a4d9-6f7884931d6c/ozone-metadata/datanode-8/data-0/hdds/023d5a78-e64c-43f3-a4d9-6f7884931d6c/DS-28acb988-f0e1-4edb-963c-7151ad2f49d2/container.db, /home/runner/work/ozone/ozone/hadoop-ozone/integration-test/target/test-dir/MiniOzoneClusterImpl-023d5a78-e64c-43f3-a4d9-6f7884931d6c/ozone-metadata/datanode-9/data-0/hdds/023d5a78-e64c-43f3-a4d9-6f7884931d6c/DS-a111d4ad-79ac-4961-bf93-2799ac6eaee3/container.db]
2025-09-07 09:45:45,378 [ForkJoinPool-1-worker-1] INFO  utils.DatanodeStoreCache (DatanodeStoreCache.java:removeDB(104)) - Removed db /home/runner/work/ozone/ozone/hadoop-ozone/integration-test/target/test-dir/MiniOzoneClusterImpl-023d5a78-e64c-43f3-a4d9-6f7884931d6c/ozone-metadata/datanode-4/data-0/hdds/023d5a78-e64c-43f3-a4d9-6f7884931d6c/DS-670d5789-61e1-408c-a8be-006216e53fc7/container.db from cache
2025-09-07 09:45:45,378 [ForkJoinPool-1-worker-1] INFO  volume.HddsVolume (HddsVolume.java:closeDbStore(609)) - SchemaV3 db is stopped at /home/runner/work/ozone/ozone/hadoop-ozone/integration-test/target/test-dir/MiniOzoneClusterImpl-023d5a78-e64c-43f3-a4d9-6f7884931d6c/ozone-metadata/datanode-4/data-0/hdds/023d5a78-e64c-43f3-a4d9-6f7884931d6c/DS-670d5789-61e1-408c-a8be-006216e53fc7/container.db for volume DS-670d5789-61e1-408c-a8be-006216e53fc7
2025-09-07 09:45:45,378 [ForkJoinPool-1-worker-1] INFO  utils.BackgroundService (BackgroundService.java:shutdown(195)) - Shutting down service BlockDeletingService
2025-09-07 09:45:45,378 [ForkJoinPool-1-worker-1] INFO  utils.BackgroundService (BackgroundService.java:shutdown(195)) - Shutting down service StaleRecoveringContainerScrubbingService
2025-09-07 09:45:45,379 [ForkJoinPool-1-worker-1] INFO  statemachine.DatanodeStateMachine (DatanodeStateMachine.java:stopDaemon(637)) - Ozone container server stopped.
2025-09-07 09:45:45,394 [ForkJoinPool-1-worker-1] INFO  handler.ContextHandler (ContextHandler.java:doStop(1159)) - Stopped o.e.j.w.WebAppContext@29fbaabf{hddsDatanode,/,null,STOPPED}{jar:file:/home/runner/work/ozone/ozone/hadoop-hdds/container-service/target/hdds-container-service-2.1.0-SNAPSHOT.jar!/webapps/hddsDatanode}
2025-09-07 09:45:45,395 [ForkJoinPool-1-worker-1] INFO  server.AbstractConnector (AbstractConnector.java:doStop(383)) - Stopped ServerConnector@30271c25{HTTP/1.1, (http/1.1)}{0.0.0.0:15034}
2025-09-07 09:45:45,395 [ForkJoinPool-1-worker-1] INFO  server.session (HouseKeeper.java:stopScavenging(149)) - node0 Stopped scavenging
2025-09-07 09:45:45,395 [ForkJoinPool-1-worker-1] INFO  handler.ContextHandler (ContextHandler.java:doStop(1159)) - Stopped o.e.j.s.ServletContextHandler@697b893c{static,/static,jar:file:/home/runner/work/ozone/ozone/hadoop-hdds/container-service/target/hdds-container-service-2.1.0-SNAPSHOT.jar!/webapps/static,STOPPED}
2025-09-07 09:45:45,395 [ForkJoinPool-1-worker-1] INFO  handler.ContextHandler (ContextHandler.java:doStop(1159)) - Stopped o.e.j.s.ServletContextHandler@4ae0955d{logs,/logs,file:///home/runner/work/ozone/ozone/hadoop-ozone/integration-test/target/log,STOPPED}
2025-09-07 09:45:45,396 [ForkJoinPool-1-worker-1] INFO  ozone.HddsDatanodeClientProtocolServer (HddsDatanodeClientProtocolServer.java:stop(82)) - Stopping the RPC server for Client Protocol
2025-09-07 09:45:45,396 [ForkJoinPool-1-worker-1] INFO  ipc.Server (Server.java:stop(3697)) - Stopping server on 15035
2025-09-07 09:45:45,397 [IPC Server listener on 15035] INFO  ipc.Server (Server.java:run(1585)) - Stopping IPC Server listener on 15035
2025-09-07 09:45:45,398 [IPC Server Responder] INFO  ipc.Server (Server.java:run(1718)) - Stopping IPC Server Responder
2025-09-07 09:45:45,399 [ForkJoinPool-1-worker-1] ERROR impl.OrderedAsync (OrderedAsync.java:lambda$null$6(215)) -  client-DE39E7586232: Failed* RaftClientRequest:client-DE39E7586232->7c7182dc-ac7f-44a8-b1d4-5d10f99cbcf2@group-09A5C1734F32, cid=55, seq=6, RW, cmdType: WriteChunk
traceID: ""
containerID: 7
datanodeUuid: "90a60b70-6b91-4fb2-a612-7ac0b6911dfc"
writeChunk {
  blockID {
    containerID: 7
    localID: 115816896921600007
    blockCommitSequenceId: 4
    replicaIndex: 0
  }
  chunkData {
    chunkName: "115816896921600007_chunk_3"
    offset: 2097152
    len: 524288
    checksumData {
      type: CRC32
      bytesPerChecksum: 16384
      checksums: "\326\360U\321"
      checksums: "\326\360U\321"
      checksums: "\326\360U\321"
      checksums: "\326\360U\321"
      checksums: "\326\360U\321"
      checksums: "\326\360U\321"
      checksums: "\326\360U\321"
      checksums: "\326\360U\321"
      checksums: "\326\360U\321"
      checksums: "\326\360U\321"
      checksums: "\326\360U\321"
      checksums: "\326\360U\321"
      checksums: "\326\360U\321"
      checksums: "\326\360U\321"
      checksums: "\326\360U\321"
      checksums: "\326\360U\321"
      checksums: "\326\360U\321"
      checksums: "\326\360U\321"
      checksums: "\326\360U\321"
      checksums: "\326\360U\321"
      checksums: "\326\360U\321"
      checksums: "\326\360U\321"
      checksums: "\326\360U\321"
      checksums: "\326\360U\321"
      checksums: "\326\360U\321"
      checksums: "\326\360U\321"
      checksums: "\326\360U\321"
      checksums: "\326\360U\321"
      checksums: "\326\360U\321"
      checksums: "\326\360U\321"
      checksums: "\326\360U\321"
      checksums: "a\003G\263"
    }
  }
}
version: 3
, data.size=524288
java.util.concurrent.CompletionException: org.apache.ratis.protocol.exceptions.AlreadyClosedException: client-DE39E7586232->7c7182dc-ac7f-44a8-b1d4-5d10f99cbcf2 is closed.
	at java.base/java.util.concurrent.CompletableFuture.encodeThrowable(CompletableFuture.java:332)
	at java.base/java.util.concurrent.CompletableFuture.uniAcceptNow(CompletableFuture.java:747)
	at java.base/java.util.concurrent.CompletableFuture.uniAcceptStage(CompletableFuture.java:735)
	at java.base/java.util.concurrent.CompletableFuture.thenAccept(CompletableFuture.java:2214)
	at org.apache.ratis.client.impl.OrderedAsync.sendRequestWithRetry(OrderedAsync.java:206)
	at org.apache.ratis.util.SlidingWindow$Client.sendOrDelayRequest(SlidingWindow.java:306)
	at org.apache.ratis.util.SlidingWindow$Client.submitNewRequest(SlidingWindow.java:294)
	at org.apache.ratis.client.impl.OrderedAsync.send(OrderedAsync.java:173)
	at org.apache.ratis.client.impl.AsyncImpl.send(AsyncImpl.java:41)
	at org.apache.ratis.client.impl.AsyncImpl.send(AsyncImpl.java:46)
	at org.apache.ratis.client.api.AsyncApi.send(AsyncApi.java:46)
	at org.apache.hadoop.hdds.scm.XceiverClientRatis.lambda$sendRequestAsync$3(XceiverClientRatis.java:270)
	at org.apache.hadoop.hdds.tracing.TracingUtil.executeInSpan(TracingUtil.java:167)
	at org.apache.hadoop.hdds.tracing.TracingUtil.executeInNewSpan(TracingUtil.java:157)
	at org.apache.hadoop.hdds.scm.XceiverClientRatis.sendRequestAsync(XceiverClientRatis.java:255)
	at org.apache.hadoop.hdds.scm.XceiverClientRatis.sendCommandAsync(XceiverClientRatis.java:368)
	at org.apache.hadoop.hdds.scm.storage.ContainerProtocolCalls.writeChunkAsync(ContainerProtocolCalls.java:476)
	at org.apache.hadoop.hdds.scm.storage.BlockOutputStream.writeChunkToContainer(BlockOutputStream.java:965)
	at org.apache.hadoop.hdds.scm.storage.BlockOutputStream.writeChunk(BlockOutputStream.java:663)
	at org.apache.hadoop.hdds.scm.storage.BlockOutputStream.handleFlushInternalSynchronized(BlockOutputStream.java:754)
	at org.apache.hadoop.hdds.scm.storage.BlockOutputStream.lambda$handleFlushInternal$8(BlockOutputStream.java:703)
	at org.apache.hadoop.ozone.util.MetricUtil.captureLatencyNs(MetricUtil.java:45)
	at org.apache.hadoop.hdds.scm.storage.BlockOutputStream.handleFlushInternal(BlockOutputStream.java:702)
	at org.apache.hadoop.hdds.scm.storage.BlockOutputStream.handleFlush(BlockOutputStream.java:678)
	at org.apache.hadoop.hdds.scm.storage.BlockOutputStream.close(BlockOutputStream.java:789)
	at org.apache.hadoop.ozone.client.io.BlockOutputStreamEntry.close(BlockOutputStreamEntry.java:217)
	at org.apache.hadoop.ozone.client.io.KeyOutputStream.handleStreamAction(KeyOutputStream.java:613)
	at org.apache.hadoop.ozone.client.io.KeyOutputStream.handleFlushOrClose(KeyOutputStream.java:581)
	at org.apache.hadoop.ozone.client.io.KeyOutputStream.closeInternal(KeyOutputStream.java:647)
	at org.apache.hadoop.ozone.client.io.KeyOutputStream.doInWriteLock(KeyOutputStream.java:251)
	at org.apache.hadoop.ozone.client.io.KeyOutputStream.close(KeyOutputStream.java:638)
	at org.apache.hadoop.ozone.client.io.OzoneOutputStream.close(OzoneOutputStream.java:104)
	at org.apache.hadoop.ozone.client.rpc.TestFailureHandlingByClient.testBlockWritesWithDnFailures(TestFailureHandlingByClient.java:214)
	at java.base/jdk.internal.reflect.DirectMethodHandleAccessor.invoke(DirectMethodHandleAccessor.java:103)
	at java.base/java.lang.reflect.Method.invoke(Method.java:580)
	at org.junit.platform.commons.util.ReflectionUtils.invokeMethod(ReflectionUtils.java:787)
	at org.junit.platform.commons.support.ReflectionSupport.invokeMethod(ReflectionSupport.java:478)
	at org.junit.jupiter.engine.execution.MethodInvocation.proceed(MethodInvocation.java:60)
	at org.junit.jupiter.engine.execution.InvocationInterceptorChain$ValidatingInvocation.proceed(InvocationInterceptorChain.java:131)
	at org.junit.jupiter.engine.extension.SameThreadTimeoutInvocation.proceed(SameThreadTimeoutInvocation.java:49)
	at org.junit.jupiter.engine.extension.TimeoutExtension.intercept(TimeoutExtension.java:161)
	at org.junit.jupiter.engine.extension.TimeoutExtension.interceptTestableMethod(TimeoutExtension.java:152)
	at org.junit.jupiter.engine.extension.TimeoutExtension.interceptTestMethod(TimeoutExtension.java:91)
	at org.junit.jupiter.engine.execution.InterceptingExecutableInvoker$ReflectiveInterceptorCall.lambda$ofVoidMethod$0(InterceptingExecutableInvoker.java:112)
	at org.junit.jupiter.engine.execution.InterceptingExecutableInvoker.lambda$invoke$0(InterceptingExecutableInvoker.java:94)
	at org.junit.jupiter.engine.execution.InvocationInterceptorChain$InterceptedInvocation.proceed(InvocationInterceptorChain.java:106)
	at org.junit.jupiter.engine.execution.InvocationInterceptorChain.proceed(InvocationInterceptorChain.java:64)
	at org.junit.jupiter.engine.execution.InvocationInterceptorChain.chainAndInvoke(InvocationInterceptorChain.java:45)
	at org.junit.jupiter.engine.execution.InvocationInterceptorChain.invoke(InvocationInterceptorChain.java:37)
	at org.junit.jupiter.engine.execution.InterceptingExecutableInvoker.invoke(InterceptingExecutableInvoker.java:93)
	at org.junit.jupiter.engine.execution.InterceptingExecutableInvoker.invoke(InterceptingExecutableInvoker.java:87)
	at org.junit.jupiter.engine.descriptor.TestMethodTestDescriptor.lambda$invokeTestMethod$4(TestMethodTestDescriptor.java:221)
	at org.junit.platform.engine.support.hierarchical.ThrowableCollector.execute(ThrowableCollector.java:73)
	at org.junit.jupiter.engine.descriptor.TestMethodTestDescriptor.invokeTestMethod(TestMethodTestDescriptor.java:217)
	at org.junit.jupiter.engine.descriptor.TestMethodTestDescriptor.execute(TestMethodTestDescriptor.java:159)
	at org.junit.jupiter.engine.descriptor.TestMethodTestDescriptor.execute(TestMethodTestDescriptor.java:70)
	at org.junit.platform.engine.support.hierarchical.NodeTestTask.lambda$executeRecursively$6(NodeTestTask.java:157)
	at org.junit.platform.engine.support.hierarchical.ThrowableCollector.execute(ThrowableCollector.java:73)
	at org.junit.platform.engine.support.hierarchical.NodeTestTask.lambda$executeRecursively$8(NodeTestTask.java:147)
	at org.junit.platform.engine.support.hierarchical.Node.around(Node.java:137)
	at org.junit.platform.engine.support.hierarchical.NodeTestTask.lambda$executeRecursively$9(NodeTestTask.java:145)
	at org.junit.platform.engine.support.hierarchical.ThrowableCollector.execute(ThrowableCollector.java:73)
	at org.junit.platform.engine.support.hierarchical.NodeTestTask.executeRecursively(NodeTestTask.java:144)
	at org.junit.platform.engine.support.hierarchical.NodeTestTask.execute(NodeTestTask.java:101)
	at org.junit.platform.engine.support.hierarchical.ForkJoinPoolHierarchicalTestExecutorService$ExclusiveTask.exec(ForkJoinPoolHierarchicalTestExecutorService.java:274)
	at org.junit.platform.engine.support.hierarchical.ForkJoinPoolHierarchicalTestExecutorService$ExclusiveTask.execSync(ForkJoinPoolHierarchicalTestExecutorService.java:247)
	at org.junit.platform.engine.support.hierarchical.ForkJoinPoolHierarchicalTestExecutorService.executeSync(ForkJoinPoolHierarchicalTestExecutorService.java:194)
	at org.junit.platform.engine.support.hierarchical.ForkJoinPoolHierarchicalTestExecutorService.invokeAll(ForkJoinPoolHierarchicalTestExecutorService.java:166)
	at org.junit.platform.engine.support.hierarchical.NodeTestTask.lambda$executeRecursively$6(NodeTestTask.java:161)
	at org.junit.platform.engine.support.hierarchical.ThrowableCollector.execute(ThrowableCollector.java:73)
	at org.junit.platform.engine.support.hierarchical.NodeTestTask.lambda$executeRecursively$8(NodeTestTask.java:147)
	at org.junit.platform.engine.support.hierarchical.Node.around(Node.java:137)
	at org.junit.platform.engine.support.hierarchical.NodeTestTask.lambda$executeRecursively$9(NodeTestTask.java:145)
	at org.junit.platform.engine.support.hierarchical.ThrowableCollector.execute(ThrowableCollector.java:73)
	at org.junit.platform.engine.support.hierarchical.NodeTestTask.executeRecursively(NodeTestTask.java:144)
	at org.junit.platform.engine.support.hierarchical.NodeTestTask.execute(NodeTestTask.java:101)
	at org.junit.platform.engine.support.hierarchical.ForkJoinPoolHierarchicalTestExecutorService$ExclusiveTask.exec(ForkJoinPoolHierarchicalTestExecutorService.java:274)
	at org.junit.platform.engine.support.hierarchical.ForkJoinPoolHierarchicalTestExecutorService$ExclusiveTask.execSync(ForkJoinPoolHierarchicalTestExecutorService.java:247)
	at org.junit.platform.engine.support.hierarchical.ForkJoinPoolHierarchicalTestExecutorService.invokeAll(ForkJoinPoolHierarchicalTestExecutorService.java:159)
	at org.junit.platform.engine.support.hierarchical.NodeTestTask.lambda$executeRecursively$6(NodeTestTask.java:161)
	at org.junit.platform.engine.support.hierarchical.ThrowableCollector.execute(ThrowableCollector.java:73)
	at org.junit.platform.engine.support.hierarchical.NodeTestTask.lambda$executeRecursively$8(NodeTestTask.java:147)
	at org.junit.platform.engine.support.hierarchical.Node.around(Node.java:137)
	at org.junit.platform.engine.support.hierarchical.NodeTestTask.lambda$executeRecursively$9(NodeTestTask.java:145)
	at org.junit.platform.engine.support.hierarchical.ThrowableCollector.execute(ThrowableCollector.java:73)
	at org.junit.platform.engine.support.hierarchical.NodeTestTask.executeRecursively(NodeTestTask.java:144)
	at org.junit.platform.engine.support.hierarchical.NodeTestTask.execute(NodeTestTask.java:101)
	at org.junit.platform.engine.support.hierarchical.ForkJoinPoolHierarchicalTestExecutorService$ExclusiveTask.exec(ForkJoinPoolHierarchicalTestExecutorService.java:274)
	at java.base/java.util.concurrent.ForkJoinTask.doExec(ForkJoinTask.java:387)
	at java.base/java.util.concurrent.ForkJoinPool$WorkQueue.topLevelExec(ForkJoinPool.java:1312)
	at java.base/java.util.concurrent.ForkJoinPool.scan(ForkJoinPool.java:1843)
	at java.base/java.util.concurrent.ForkJoinPool.runWorker(ForkJoinPool.java:1808)
	at java.base/java.util.concurrent.ForkJoinWorkerThread.run(ForkJoinWorkerThread.java:188)
Caused by: org.apache.ratis.protocol.exceptions.AlreadyClosedException: client-DE39E7586232->7c7182dc-ac7f-44a8-b1d4-5d10f99cbcf2 is closed.
	at org.apache.ratis.grpc.client.GrpcClientProtocolClient$AsyncStreamObservers.onNext(GrpcClientProtocolClient.java:352)
	at org.apache.ratis.grpc.client.GrpcClientRpc.sendRequestAsync(GrpcClientRpc.java:71)
	... 89 more
2025-09-07 09:45:45,848 [e6e13cb3-e32b-4d2d-874a-1e4700c67398@group-9E511D2458D0-FollowerState] INFO  impl.FollowerState (FollowerState.java:lostMajorityHeartbeatsRecently(113)) - e6e13cb3-e32b-4d2d-874a-1e4700c67398@group-9E511D2458D0-FollowerState: Skipping leader election since it stepped down recently (elapsed = 2049ms < waitTime = 10s)
2025-09-07 09:45:45,937 [timer3] WARN  server.GrpcLogAppender (GrpcLogAppender.java:lambda$onNextImpl$0(527)) - c7c0d573-77b1-47db-b09e-d84959a4a43f@group-7A90E47A063C->486fef96-c6ec-41d9-a4ca-7ebb3d261081-AppendLogResponseHandler: received INCONSISTENCY reply with nextIndex 17, errorCount=2, request=AppendEntriesRequest:cid=1,entriesCount=1,entry=(t:3, i:19)  (Repeated 2 times in the last 5.001s)
2025-09-07 09:45:45,963 [e6e13cb3-e32b-4d2d-874a-1e4700c67398@group-09A5C1734F32-FollowerState] INFO  impl.FollowerState (FollowerState.java:runImpl(161)) - e6e13cb3-e32b-4d2d-874a-1e4700c67398@group-09A5C1734F32-FollowerState: change to CANDIDATE, lastRpcElapsedTime:1084280390ns, electionTimeout:1084ms
2025-09-07 09:45:45,963 [e6e13cb3-e32b-4d2d-874a-1e4700c67398@group-09A5C1734F32-FollowerState] INFO  impl.RoleInfo (RoleInfo.java:shutdownFollowerState(121)) - e6e13cb3-e32b-4d2d-874a-1e4700c67398: shutdown e6e13cb3-e32b-4d2d-874a-1e4700c67398@group-09A5C1734F32-FollowerState
2025-09-07 09:45:45,963 [e6e13cb3-e32b-4d2d-874a-1e4700c67398@group-09A5C1734F32-FollowerState] INFO  server.RaftServer$Division (RaftServerImpl.java:setRole(392)) - e6e13cb3-e32b-4d2d-874a-1e4700c67398@group-09A5C1734F32: changes role from  FOLLOWER to CANDIDATE at term 1 for changeToCandidate
2025-09-07 09:45:45,963 [e6e13cb3-e32b-4d2d-874a-1e4700c67398@group-09A5C1734F32-FollowerState] INFO  impl.RoleInfo (RoleInfo.java:updateAndGet(148)) - e6e13cb3-e32b-4d2d-874a-1e4700c67398: start e6e13cb3-e32b-4d2d-874a-1e4700c67398@group-09A5C1734F32-LeaderElection154
2025-09-07 09:45:45,963 [e6e13cb3-e32b-4d2d-874a-1e4700c67398@group-09A5C1734F32-LeaderElection154] INFO  impl.LeaderElection (LeaderElection.java:askForVotes(448)) - e6e13cb3-e32b-4d2d-874a-1e4700c67398@group-09A5C1734F32-LeaderElection154 PRE_VOTE round 0: submit vote requests at term 1 for conf: {index: 0, cur=peers:[90a60b70-6b91-4fb2-a612-7ac0b6911dfc|127.0.0.1:15047, e6e13cb3-e32b-4d2d-874a-1e4700c67398|127.0.0.1:15055, 7c7182dc-ac7f-44a8-b1d4-5d10f99cbcf2|127.0.0.1:15039]|listeners:[], old=null}
2025-09-07 09:45:45,964 [e6e13cb3-e32b-4d2d-874a-1e4700c67398@group-09A5C1734F32-LeaderElection154] INFO  impl.LeaderElection (LogUtils.java:infoOrTrace(142)) - e6e13cb3-e32b-4d2d-874a-1e4700c67398@group-09A5C1734F32-LeaderElection154 got exception when requesting votes: java.util.concurrent.ExecutionException: org.apache.ratis.thirdparty.io.grpc.StatusRuntimeException: UNAVAILABLE: io exception
2025-09-07 09:45:45,964 [e6e13cb3-e32b-4d2d-874a-1e4700c67398@group-09A5C1734F32-LeaderElection154] INFO  impl.LeaderElection (LogUtils.java:infoOrTrace(142)) - e6e13cb3-e32b-4d2d-874a-1e4700c67398@group-09A5C1734F32-LeaderElection154 got exception when requesting votes: java.util.concurrent.ExecutionException: org.apache.ratis.thirdparty.io.grpc.StatusRuntimeException: UNAVAILABLE: io exception
2025-09-07 09:45:45,964 [e6e13cb3-e32b-4d2d-874a-1e4700c67398@group-09A5C1734F32-LeaderElection154] INFO  impl.LeaderElection (LeaderElection.java:logAndReturn(206)) - e6e13cb3-e32b-4d2d-874a-1e4700c67398@group-09A5C1734F32-LeaderElection154: PRE_VOTE REJECTED received 0 response(s) and 2 exception(s):
2025-09-07 09:45:45,964 [e6e13cb3-e32b-4d2d-874a-1e4700c67398@group-09A5C1734F32-LeaderElection154] INFO  impl.LeaderElection (LogUtils.java:infoOrTrace(142)) -   Exception 0: java.util.concurrent.ExecutionException: org.apache.ratis.thirdparty.io.grpc.StatusRuntimeException: UNAVAILABLE: io exception
2025-09-07 09:45:45,964 [e6e13cb3-e32b-4d2d-874a-1e4700c67398@group-09A5C1734F32-LeaderElection154] INFO  impl.LeaderElection (LogUtils.java:infoOrTrace(142)) -   Exception 1: java.util.concurrent.ExecutionException: org.apache.ratis.thirdparty.io.grpc.StatusRuntimeException: UNAVAILABLE: io exception
2025-09-07 09:45:45,964 [e6e13cb3-e32b-4d2d-874a-1e4700c67398@group-09A5C1734F32-LeaderElection154] INFO  impl.LeaderElection (LeaderElection.java:askForVotes(450)) - e6e13cb3-e32b-4d2d-874a-1e4700c67398@group-09A5C1734F32-LeaderElection154 PRE_VOTE round 0: result REJECTED
2025-09-07 09:45:45,964 [e6e13cb3-e32b-4d2d-874a-1e4700c67398@group-09A5C1734F32-LeaderElection154] INFO  server.RaftServer$Division (RaftServerImpl.java:setRole(392)) - e6e13cb3-e32b-4d2d-874a-1e4700c67398@group-09A5C1734F32: changes role from CANDIDATE to FOLLOWER at term 1 for REJECTED
2025-09-07 09:45:45,964 [e6e13cb3-e32b-4d2d-874a-1e4700c67398@group-09A5C1734F32-LeaderElection154] INFO  impl.RoleInfo (RoleInfo.java:shutdownLeaderElection(141)) - e6e13cb3-e32b-4d2d-874a-1e4700c67398: shutdown e6e13cb3-e32b-4d2d-874a-1e4700c67398@group-09A5C1734F32-LeaderElection154
2025-09-07 09:45:45,964 [e6e13cb3-e32b-4d2d-874a-1e4700c67398@group-09A5C1734F32-LeaderElection154] INFO  impl.RoleInfo (RoleInfo.java:updateAndGet(148)) - e6e13cb3-e32b-4d2d-874a-1e4700c67398: start e6e13cb3-e32b-4d2d-874a-1e4700c67398@group-09A5C1734F32-FollowerState
2025-09-07 09:45:47,044 [e6e13cb3-e32b-4d2d-874a-1e4700c67398@group-9E511D2458D0-FollowerState] INFO  impl.FollowerState (FollowerState.java:lostMajorityHeartbeatsRecently(113)) - e6e13cb3-e32b-4d2d-874a-1e4700c67398@group-9E511D2458D0-FollowerState: Skipping leader election since it stepped down recently (elapsed = 3245ms < waitTime = 10s)
2025-09-07 09:45:47,144 [e6e13cb3-e32b-4d2d-874a-1e4700c67398@group-09A5C1734F32-FollowerState] INFO  impl.FollowerState (FollowerState.java:runImpl(161)) - e6e13cb3-e32b-4d2d-874a-1e4700c67398@group-09A5C1734F32-FollowerState: change to CANDIDATE, lastRpcElapsedTime:1179304565ns, electionTimeout:1179ms
2025-09-07 09:45:47,144 [e6e13cb3-e32b-4d2d-874a-1e4700c67398@group-09A5C1734F32-FollowerState] INFO  impl.RoleInfo (RoleInfo.java:shutdownFollowerState(121)) - e6e13cb3-e32b-4d2d-874a-1e4700c67398: shutdown e6e13cb3-e32b-4d2d-874a-1e4700c67398@group-09A5C1734F32-FollowerState
2025-09-07 09:45:47,144 [e6e13cb3-e32b-4d2d-874a-1e4700c67398@group-09A5C1734F32-FollowerState] INFO  server.RaftServer$Division (RaftServerImpl.java:setRole(392)) - e6e13cb3-e32b-4d2d-874a-1e4700c67398@group-09A5C1734F32: changes role from  FOLLOWER to CANDIDATE at term 1 for changeToCandidate
2025-09-07 09:45:47,144 [e6e13cb3-e32b-4d2d-874a-1e4700c67398@group-09A5C1734F32-FollowerState] INFO  impl.RoleInfo (RoleInfo.java:updateAndGet(148)) - e6e13cb3-e32b-4d2d-874a-1e4700c67398: start e6e13cb3-e32b-4d2d-874a-1e4700c67398@group-09A5C1734F32-LeaderElection155
2025-09-07 09:45:47,144 [e6e13cb3-e32b-4d2d-874a-1e4700c67398@group-09A5C1734F32-LeaderElection155] INFO  impl.LeaderElection (LeaderElection.java:askForVotes(448)) - e6e13cb3-e32b-4d2d-874a-1e4700c67398@group-09A5C1734F32-LeaderElection155 PRE_VOTE round 0: submit vote requests at term 1 for conf: {index: 0, cur=peers:[90a60b70-6b91-4fb2-a612-7ac0b6911dfc|127.0.0.1:15047, e6e13cb3-e32b-4d2d-874a-1e4700c67398|127.0.0.1:15055, 7c7182dc-ac7f-44a8-b1d4-5d10f99cbcf2|127.0.0.1:15039]|listeners:[], old=null}
2025-09-07 09:45:47,145 [e6e13cb3-e32b-4d2d-874a-1e4700c67398@group-09A5C1734F32-LeaderElection155] INFO  impl.LeaderElection (LogUtils.java:infoOrTrace(142)) - e6e13cb3-e32b-4d2d-874a-1e4700c67398@group-09A5C1734F32-LeaderElection155 got exception when requesting votes: java.util.concurrent.ExecutionException: org.apache.ratis.thirdparty.io.grpc.StatusRuntimeException: UNAVAILABLE: io exception
2025-09-07 09:45:47,145 [e6e13cb3-e32b-4d2d-874a-1e4700c67398@group-09A5C1734F32-LeaderElection155] INFO  impl.LeaderElection (LogUtils.java:infoOrTrace(142)) - e6e13cb3-e32b-4d2d-874a-1e4700c67398@group-09A5C1734F32-LeaderElection155 got exception when requesting votes: java.util.concurrent.ExecutionException: org.apache.ratis.thirdparty.io.grpc.StatusRuntimeException: UNAVAILABLE: io exception
2025-09-07 09:45:47,145 [e6e13cb3-e32b-4d2d-874a-1e4700c67398@group-09A5C1734F32-LeaderElection155] INFO  impl.LeaderElection (LeaderElection.java:logAndReturn(206)) - e6e13cb3-e32b-4d2d-874a-1e4700c67398@group-09A5C1734F32-LeaderElection155: PRE_VOTE REJECTED received 0 response(s) and 2 exception(s):
2025-09-07 09:45:47,145 [e6e13cb3-e32b-4d2d-874a-1e4700c67398@group-09A5C1734F32-LeaderElection155] INFO  impl.LeaderElection (LogUtils.java:infoOrTrace(142)) -   Exception 0: java.util.concurrent.ExecutionException: org.apache.ratis.thirdparty.io.grpc.StatusRuntimeException: UNAVAILABLE: io exception
2025-09-07 09:45:47,145 [e6e13cb3-e32b-4d2d-874a-1e4700c67398@group-09A5C1734F32-LeaderElection155] INFO  impl.LeaderElection (LogUtils.java:infoOrTrace(142)) -   Exception 1: java.util.concurrent.ExecutionException: org.apache.ratis.thirdparty.io.grpc.StatusRuntimeException: UNAVAILABLE: io exception
2025-09-07 09:45:47,145 [e6e13cb3-e32b-4d2d-874a-1e4700c67398@group-09A5C1734F32-LeaderElection155] INFO  impl.LeaderElection (LeaderElection.java:askForVotes(450)) - e6e13cb3-e32b-4d2d-874a-1e4700c67398@group-09A5C1734F32-LeaderElection155 PRE_VOTE round 0: result REJECTED
2025-09-07 09:45:47,145 [e6e13cb3-e32b-4d2d-874a-1e4700c67398@group-09A5C1734F32-LeaderElection155] INFO  server.RaftServer$Division (RaftServerImpl.java:setRole(392)) - e6e13cb3-e32b-4d2d-874a-1e4700c67398@group-09A5C1734F32: changes role from CANDIDATE to FOLLOWER at term 1 for REJECTED
2025-09-07 09:45:47,145 [e6e13cb3-e32b-4d2d-874a-1e4700c67398@group-09A5C1734F32-LeaderElection155] INFO  impl.RoleInfo (RoleInfo.java:shutdownLeaderElection(141)) - e6e13cb3-e32b-4d2d-874a-1e4700c67398: shutdown e6e13cb3-e32b-4d2d-874a-1e4700c67398@group-09A5C1734F32-LeaderElection155
2025-09-07 09:45:47,145 [e6e13cb3-e32b-4d2d-874a-1e4700c67398@group-09A5C1734F32-LeaderElection155] INFO  impl.RoleInfo (RoleInfo.java:updateAndGet(148)) - e6e13cb3-e32b-4d2d-874a-1e4700c67398: start e6e13cb3-e32b-4d2d-874a-1e4700c67398@group-09A5C1734F32-FollowerState
2025-09-07 09:45:47,164 [timer3] INFO  server.GrpcServerProtocolService (GrpcServerProtocolService.java:lambda$onCompleted$6(171)) - 486fef96-c6ec-41d9-a4ca-7ebb3d261081: Completed APPEND_ENTRIES, lastRequest: c7c0d573-77b1-47db-b09e-d84959a4a43f->486fef96-c6ec-41d9-a4ca-7ebb3d261081#4-t3,previous=(t:3, i:19),leaderCommit=19,initializing? false,entries: size=1, first=(t:3, i:20), METADATAENTRY(c:19)  (Repeated 2 times in the last 5.000s)
2025-09-07 09:45:47,165 [timer4] INFO  server.GrpcServerProtocolService (GrpcServerProtocolService.java:lambda$null$7(175)) - 4c7984b5-42f1-4e4b-a334-601f88f38b33: Completed APPEND_ENTRIES, lastReply: null  (Repeated 2 times in the last 5.001s)
2025-09-07 09:45:47,165 [timer6] INFO  server.GrpcServerProtocolService (GrpcServerProtocolService.java:lambda$null$7(175)) - 486fef96-c6ec-41d9-a4ca-7ebb3d261081: Completed APPEND_ENTRIES, lastReply: null  (Repeated 2 times in the last 5.001s)
2025-09-07 09:45:47,165 [timer5] INFO  server.GrpcServerProtocolService (GrpcServerProtocolService.java:lambda$onCompleted$6(171)) - 4c7984b5-42f1-4e4b-a334-601f88f38b33: Completed APPEND_ENTRIES, lastRequest: null  (Repeated 2 times in the last 5.002s)
2025-09-07 09:45:47,415 [timer1] INFO  server.GrpcServerProtocolService (GrpcServerProtocolService.java:lambda$null$7(175)) - e6e13cb3-e32b-4d2d-874a-1e4700c67398: Completed APPEND_ENTRIES, lastReply: null  (Repeated 2 times in the last 5.000s)
2025-09-07 09:45:47,416 [timer0] INFO  server.GrpcServerProtocolService (GrpcServerProtocolService.java:lambda$onCompleted$6(171)) - e6e13cb3-e32b-4d2d-874a-1e4700c67398: Completed APPEND_ENTRIES, lastRequest: null  (Repeated 2 times in the last 5.001s)
2025-09-07 09:45:47,418 [timer2] WARN  server.GrpcLogAppender (LogUtils.java:warn(127)) - e6e13cb3-e32b-4d2d-874a-1e4700c67398@group-9E511D2458D0->7c7182dc-ac7f-44a8-b1d4-5d10f99cbcf2-AppendLogResponseHandler: Failed appendEntries (Repeated 10 times in the last 5.000s): org.apache.ratis.thirdparty.io.grpc.StatusRuntimeException: UNAVAILABLE: io exception
  Caused by: org.apache.ratis.thirdparty.io.netty.channel.AbstractChannel$AnnotatedConnectException: finishConnect(..) failed: Connection refused: /127.0.0.1:15039
  Caused by: java.net.ConnectException: finishConnect(..) failed: Connection refused
2025-09-07 09:45:47,419 [timer3] WARN  server.GrpcLogAppender (GrpcLogAppender.java:lambda$resetClient$1(228)) - e6e13cb3-e32b-4d2d-874a-1e4700c67398@group-9E511D2458D0->7c7182dc-ac7f-44a8-b1d4-5d10f99cbcf2-GrpcLogAppender: Follower failed (request=null, errorCount=10); keep nextIndex (1) unchanged and retry. (Repeated 10 times in the last 5.000s)
2025-09-07 09:45:48,174 [e6e13cb3-e32b-4d2d-874a-1e4700c67398@group-9E511D2458D0-FollowerState] INFO  impl.FollowerState (FollowerState.java:lostMajorityHeartbeatsRecently(113)) - e6e13cb3-e32b-4d2d-874a-1e4700c67398@group-9E511D2458D0-FollowerState: Skipping leader election since it stepped down recently (elapsed = 4376ms < waitTime = 10s)
2025-09-07 09:45:48,196 [e6e13cb3-e32b-4d2d-874a-1e4700c67398@group-09A5C1734F32-FollowerState] INFO  impl.FollowerState (FollowerState.java:runImpl(161)) - e6e13cb3-e32b-4d2d-874a-1e4700c67398@group-09A5C1734F32-FollowerState: change to CANDIDATE, lastRpcElapsedTime:1050268760ns, electionTimeout:1050ms
2025-09-07 09:45:48,196 [e6e13cb3-e32b-4d2d-874a-1e4700c67398@group-09A5C1734F32-FollowerState] INFO  impl.RoleInfo (RoleInfo.java:shutdownFollowerState(121)) - e6e13cb3-e32b-4d2d-874a-1e4700c67398: shutdown e6e13cb3-e32b-4d2d-874a-1e4700c67398@group-09A5C1734F32-FollowerState
2025-09-07 09:45:48,196 [e6e13cb3-e32b-4d2d-874a-1e4700c67398@group-09A5C1734F32-FollowerState] INFO  server.RaftServer$Division (RaftServerImpl.java:setRole(392)) - e6e13cb3-e32b-4d2d-874a-1e4700c67398@group-09A5C1734F32: changes role from  FOLLOWER to CANDIDATE at term 1 for changeToCandidate
2025-09-07 09:45:48,196 [e6e13cb3-e32b-4d2d-874a-1e4700c67398@group-09A5C1734F32-FollowerState] INFO  impl.RoleInfo (RoleInfo.java:updateAndGet(148)) - e6e13cb3-e32b-4d2d-874a-1e4700c67398: start e6e13cb3-e32b-4d2d-874a-1e4700c67398@group-09A5C1734F32-LeaderElection156
2025-09-07 09:45:48,196 [e6e13cb3-e32b-4d2d-874a-1e4700c67398@group-09A5C1734F32-LeaderElection156] INFO  impl.LeaderElection (LeaderElection.java:askForVotes(448)) - e6e13cb3-e32b-4d2d-874a-1e4700c67398@group-09A5C1734F32-LeaderElection156 PRE_VOTE round 0: submit vote requests at term 1 for conf: {index: 0, cur=peers:[90a60b70-6b91-4fb2-a612-7ac0b6911dfc|127.0.0.1:15047, e6e13cb3-e32b-4d2d-874a-1e4700c67398|127.0.0.1:15055, 7c7182dc-ac7f-44a8-b1d4-5d10f99cbcf2|127.0.0.1:15039]|listeners:[], old=null}
2025-09-07 09:45:48,197 [e6e13cb3-e32b-4d2d-874a-1e4700c67398@group-09A5C1734F32-LeaderElection156] INFO  impl.LeaderElection (LogUtils.java:infoOrTrace(142)) - e6e13cb3-e32b-4d2d-874a-1e4700c67398@group-09A5C1734F32-LeaderElection156 got exception when requesting votes: java.util.concurrent.ExecutionException: org.apache.ratis.thirdparty.io.grpc.StatusRuntimeException: UNAVAILABLE: io exception
2025-09-07 09:45:48,197 [e6e13cb3-e32b-4d2d-874a-1e4700c67398@group-09A5C1734F32-LeaderElection156] INFO  impl.LeaderElection (LogUtils.java:infoOrTrace(142)) - e6e13cb3-e32b-4d2d-874a-1e4700c67398@group-09A5C1734F32-LeaderElection156 got exception when requesting votes: java.util.concurrent.ExecutionException: org.apache.ratis.thirdparty.io.grpc.StatusRuntimeException: UNAVAILABLE: io exception
2025-09-07 09:45:48,197 [e6e13cb3-e32b-4d2d-874a-1e4700c67398@group-09A5C1734F32-LeaderElection156] INFO  impl.LeaderElection (LeaderElection.java:logAndReturn(206)) - e6e13cb3-e32b-4d2d-874a-1e4700c67398@group-09A5C1734F32-LeaderElection156: PRE_VOTE REJECTED received 0 response(s) and 2 exception(s):
2025-09-07 09:45:48,197 [e6e13cb3-e32b-4d2d-874a-1e4700c67398@group-09A5C1734F32-LeaderElection156] INFO  impl.LeaderElection (LogUtils.java:infoOrTrace(142)) -   Exception 0: java.util.concurrent.ExecutionException: org.apache.ratis.thirdparty.io.grpc.StatusRuntimeException: UNAVAILABLE: io exception
2025-09-07 09:45:48,197 [e6e13cb3-e32b-4d2d-874a-1e4700c67398@group-09A5C1734F32-LeaderElection156] INFO  impl.LeaderElection (LogUtils.java:infoOrTrace(142)) -   Exception 1: java.util.concurrent.ExecutionException: org.apache.ratis.thirdparty.io.grpc.StatusRuntimeException: UNAVAILABLE: io exception
2025-09-07 09:45:48,197 [e6e13cb3-e32b-4d2d-874a-1e4700c67398@group-09A5C1734F32-LeaderElection156] INFO  impl.LeaderElection (LeaderElection.java:askForVotes(450)) - e6e13cb3-e32b-4d2d-874a-1e4700c67398@group-09A5C1734F32-LeaderElection156 PRE_VOTE round 0: result REJECTED
2025-09-07 09:45:48,197 [e6e13cb3-e32b-4d2d-874a-1e4700c67398@group-09A5C1734F32-LeaderElection156] INFO  server.RaftServer$Division (RaftServerImpl.java:setRole(392)) - e6e13cb3-e32b-4d2d-874a-1e4700c67398@group-09A5C1734F32: changes role from CANDIDATE to FOLLOWER at term 1 for REJECTED
2025-09-07 09:45:48,197 [e6e13cb3-e32b-4d2d-874a-1e4700c67398@group-09A5C1734F32-LeaderElection156] INFO  impl.RoleInfo (RoleInfo.java:shutdownLeaderElection(141)) - e6e13cb3-e32b-4d2d-874a-1e4700c67398: shutdown e6e13cb3-e32b-4d2d-874a-1e4700c67398@group-09A5C1734F32-LeaderElection156
2025-09-07 09:45:48,197 [e6e13cb3-e32b-4d2d-874a-1e4700c67398@group-09A5C1734F32-LeaderElection156] INFO  impl.RoleInfo (RoleInfo.java:updateAndGet(148)) - e6e13cb3-e32b-4d2d-874a-1e4700c67398: start e6e13cb3-e32b-4d2d-874a-1e4700c67398@group-09A5C1734F32-FollowerState
2025-09-07 09:45:49,272 [e6e13cb3-e32b-4d2d-874a-1e4700c67398@group-09A5C1734F32-FollowerState] INFO  impl.FollowerState (FollowerState.java:runImpl(161)) - e6e13cb3-e32b-4d2d-874a-1e4700c67398@group-09A5C1734F32-FollowerState: change to CANDIDATE, lastRpcElapsedTime:1074434146ns, electionTimeout:1074ms
2025-09-07 09:45:49,272 [e6e13cb3-e32b-4d2d-874a-1e4700c67398@group-09A5C1734F32-FollowerState] INFO  impl.RoleInfo (RoleInfo.java:shutdownFollowerState(121)) - e6e13cb3-e32b-4d2d-874a-1e4700c67398: shutdown e6e13cb3-e32b-4d2d-874a-1e4700c67398@group-09A5C1734F32-FollowerState
2025-09-07 09:45:49,272 [e6e13cb3-e32b-4d2d-874a-1e4700c67398@group-09A5C1734F32-FollowerState] INFO  server.RaftServer$Division (RaftServerImpl.java:setRole(392)) - e6e13cb3-e32b-4d2d-874a-1e4700c67398@group-09A5C1734F32: changes role from  FOLLOWER to CANDIDATE at term 1 for changeToCandidate
2025-09-07 09:45:49,272 [e6e13cb3-e32b-4d2d-874a-1e4700c67398@group-09A5C1734F32-FollowerState] INFO  impl.RoleInfo (RoleInfo.java:updateAndGet(148)) - e6e13cb3-e32b-4d2d-874a-1e4700c67398: start e6e13cb3-e32b-4d2d-874a-1e4700c67398@group-09A5C1734F32-LeaderElection157
2025-09-07 09:45:49,273 [e6e13cb3-e32b-4d2d-874a-1e4700c67398@group-09A5C1734F32-LeaderElection157] INFO  impl.LeaderElection (LeaderElection.java:askForVotes(448)) - e6e13cb3-e32b-4d2d-874a-1e4700c67398@group-09A5C1734F32-LeaderElection157 PRE_VOTE round 0: submit vote requests at term 1 for conf: {index: 0, cur=peers:[90a60b70-6b91-4fb2-a612-7ac0b6911dfc|127.0.0.1:15047, e6e13cb3-e32b-4d2d-874a-1e4700c67398|127.0.0.1:15055, 7c7182dc-ac7f-44a8-b1d4-5d10f99cbcf2|127.0.0.1:15039]|listeners:[], old=null}
2025-09-07 09:45:49,273 [e6e13cb3-e32b-4d2d-874a-1e4700c67398@group-09A5C1734F32-LeaderElection157] INFO  impl.LeaderElection (LogUtils.java:infoOrTrace(142)) - e6e13cb3-e32b-4d2d-874a-1e4700c67398@group-09A5C1734F32-LeaderElection157 got exception when requesting votes: java.util.concurrent.ExecutionException: org.apache.ratis.thirdparty.io.grpc.StatusRuntimeException: UNAVAILABLE: io exception
2025-09-07 09:45:49,273 [e6e13cb3-e32b-4d2d-874a-1e4700c67398@group-09A5C1734F32-LeaderElection157] INFO  impl.LeaderElection (LogUtils.java:infoOrTrace(142)) - e6e13cb3-e32b-4d2d-874a-1e4700c67398@group-09A5C1734F32-LeaderElection157 got exception when requesting votes: java.util.concurrent.ExecutionException: org.apache.ratis.thirdparty.io.grpc.StatusRuntimeException: UNAVAILABLE: io exception
2025-09-07 09:45:49,273 [e6e13cb3-e32b-4d2d-874a-1e4700c67398@group-09A5C1734F32-LeaderElection157] INFO  impl.LeaderElection (LeaderElection.java:logAndReturn(206)) - e6e13cb3-e32b-4d2d-874a-1e4700c67398@group-09A5C1734F32-LeaderElection157: PRE_VOTE REJECTED received 0 response(s) and 2 exception(s):
2025-09-07 09:45:49,273 [e6e13cb3-e32b-4d2d-874a-1e4700c67398@group-09A5C1734F32-LeaderElection157] INFO  impl.LeaderElection (LogUtils.java:infoOrTrace(142)) -   Exception 0: java.util.concurrent.ExecutionException: org.apache.ratis.thirdparty.io.grpc.StatusRuntimeException: UNAVAILABLE: io exception
2025-09-07 09:45:49,273 [e6e13cb3-e32b-4d2d-874a-1e4700c67398@group-09A5C1734F32-LeaderElection157] INFO  impl.LeaderElection (LogUtils.java:infoOrTrace(142)) -   Exception 1: java.util.concurrent.ExecutionException: org.apache.ratis.thirdparty.io.grpc.StatusRuntimeException: UNAVAILABLE: io exception
2025-09-07 09:45:49,273 [e6e13cb3-e32b-4d2d-874a-1e4700c67398@group-09A5C1734F32-LeaderElection157] INFO  impl.LeaderElection (LeaderElection.java:askForVotes(450)) - e6e13cb3-e32b-4d2d-874a-1e4700c67398@group-09A5C1734F32-LeaderElection157 PRE_VOTE round 0: result REJECTED
2025-09-07 09:45:49,273 [e6e13cb3-e32b-4d2d-874a-1e4700c67398@group-09A5C1734F32-LeaderElection157] INFO  server.RaftServer$Division (RaftServerImpl.java:setRole(392)) - e6e13cb3-e32b-4d2d-874a-1e4700c67398@group-09A5C1734F32: changes role from CANDIDATE to FOLLOWER at term 1 for REJECTED
2025-09-07 09:45:49,273 [e6e13cb3-e32b-4d2d-874a-1e4700c67398@group-09A5C1734F32-LeaderElection157] INFO  impl.RoleInfo (RoleInfo.java:shutdownLeaderElection(141)) - e6e13cb3-e32b-4d2d-874a-1e4700c67398: shutdown e6e13cb3-e32b-4d2d-874a-1e4700c67398@group-09A5C1734F32-LeaderElection157
2025-09-07 09:45:49,274 [e6e13cb3-e32b-4d2d-874a-1e4700c67398@group-09A5C1734F32-LeaderElection157] INFO  impl.RoleInfo (RoleInfo.java:updateAndGet(148)) - e6e13cb3-e32b-4d2d-874a-1e4700c67398: start e6e13cb3-e32b-4d2d-874a-1e4700c67398@group-09A5C1734F32-FollowerState
2025-09-07 09:45:49,283 [e6e13cb3-e32b-4d2d-874a-1e4700c67398@group-9E511D2458D0-FollowerState] INFO  impl.FollowerState (FollowerState.java:lostMajorityHeartbeatsRecently(113)) - e6e13cb3-e32b-4d2d-874a-1e4700c67398@group-9E511D2458D0-FollowerState: Skipping leader election since it stepped down recently (elapsed = 5485ms < waitTime = 10s)
2025-09-07 09:45:49,812 [grpc-default-executor-2] ERROR impl.OrderedAsync (OrderedAsync.java:lambda$null$6(215)) -  client-DE39E7586232: Failed* RaftClientRequest:client-DE39E7586232->90a60b70-6b91-4fb2-a612-7ac0b6911dfc@group-09A5C1734F32, cid=55, seq=6*, RW, cmdType: WriteChunk
traceID: ""
containerID: 7
datanodeUuid: "90a60b70-6b91-4fb2-a612-7ac0b6911dfc"
writeChunk {
  blockID {
    containerID: 7
    localID: 115816896921600007
    blockCommitSequenceId: 4
    replicaIndex: 0
  }
  chunkData {
    chunkName: "115816896921600007_chunk_3"
    offset: 2097152
    len: 524288
    checksumData {
      type: CRC32
      bytesPerChecksum: 16384
      checksums: "\326\360U\321"
      checksums: "\326\360U\321"
      checksums: "\326\360U\321"
      checksums: "\326\360U\321"
      checksums: "\326\360U\321"
      checksums: "\326\360U\321"
      checksums: "\326\360U\321"
      checksums: "\326\360U\321"
      checksums: "\326\360U\321"
      checksums: "\326\360U\321"
      checksums: "\326\360U\321"
      checksums: "\326\360U\321"
      checksums: "\326\360U\321"
      checksums: "\326\360U\321"
      checksums: "\326\360U\321"
      checksums: "\326\360U\321"
      checksums: "\326\360U\321"
      checksums: "\326\360U\321"
      checksums: "\326\360U\321"
      checksums: "\326\360U\321"
      checksums: "\326\360U\321"
      checksums: "\326\360U\321"
      checksums: "\326\360U\321"
      checksums: "\326\360U\321"
      checksums: "\326\360U\321"
      checksums: "\326\360U\321"
      checksums: "\326\360U\321"
      checksums: "\326\360U\321"
      checksums: "\326\360U\321"
      checksums: "\326\360U\321"
      checksums: "\326\360U\321"
      checksums: "a\003G\263"
    }
  }
}
version: 3
, data.size=524288
java.util.concurrent.CompletionException: java.io.IOException: org.apache.ratis.thirdparty.io.grpc.StatusRuntimeException: UNAVAILABLE: io exception
	at java.base/java.util.concurrent.CompletableFuture.encodeThrowable(CompletableFuture.java:332)
	at java.base/java.util.concurrent.CompletableFuture.completeThrowable(CompletableFuture.java:347)
	at java.base/java.util.concurrent.CompletableFuture$UniAccept.tryFire(CompletableFuture.java:708)
	at java.base/java.util.concurrent.CompletableFuture.postComplete(CompletableFuture.java:510)
	at java.base/java.util.concurrent.CompletableFuture.completeExceptionally(CompletableFuture.java:2194)
	at org.apache.ratis.grpc.client.GrpcClientProtocolClient$AsyncStreamObservers.completeReplyExceptionally(GrpcClientProtocolClient.java:397)
	at org.apache.ratis.grpc.client.GrpcClientProtocolClient$AsyncStreamObservers.access$000(GrpcClientProtocolClient.java:303)
	at org.apache.ratis.grpc.client.GrpcClientProtocolClient$AsyncStreamObservers$1.onError(GrpcClientProtocolClient.java:334)
	at org.apache.ratis.thirdparty.io.grpc.stub.ClientCalls$StreamObserverToCallListenerAdapter.onClose(ClientCalls.java:564)
	at org.apache.ratis.thirdparty.io.grpc.PartialForwardingClientCallListener.onClose(PartialForwardingClientCallListener.java:39)
	at org.apache.ratis.thirdparty.io.grpc.ForwardingClientCallListener.onClose(ForwardingClientCallListener.java:23)
	at org.apache.ratis.grpc.metrics.intercept.client.MetricClientCallListener.onClose(MetricClientCallListener.java:47)
	at org.apache.ratis.thirdparty.io.grpc.internal.ClientCallImpl.closeObserver(ClientCallImpl.java:565)
	at org.apache.ratis.thirdparty.io.grpc.internal.ClientCallImpl.access$100(ClientCallImpl.java:72)
	at org.apache.ratis.thirdparty.io.grpc.internal.ClientCallImpl$ClientStreamListenerImpl$1StreamClosed.runInternal(ClientCallImpl.java:733)
	at org.apache.ratis.thirdparty.io.grpc.internal.ClientCallImpl$ClientStreamListenerImpl$1StreamClosed.runInContext(ClientCallImpl.java:714)
	at org.apache.ratis.thirdparty.io.grpc.internal.ContextRunnable.run(ContextRunnable.java:37)
	at org.apache.ratis.thirdparty.io.grpc.internal.SerializingExecutor.run(SerializingExecutor.java:133)
	at java.base/java.util.concurrent.ThreadPoolExecutor.runWorker(ThreadPoolExecutor.java:1144)
	at java.base/java.util.concurrent.ThreadPoolExecutor$Worker.run(ThreadPoolExecutor.java:642)
	at java.base/java.lang.Thread.run(Thread.java:1583)
Caused by: java.io.IOException: org.apache.ratis.thirdparty.io.grpc.StatusRuntimeException: UNAVAILABLE: io exception
	at org.apache.ratis.grpc.GrpcUtil.unwrapException(GrpcUtil.java:99)
	at org.apache.ratis.grpc.GrpcUtil.unwrapIOException(GrpcUtil.java:159)
	at org.apache.ratis.grpc.client.GrpcClientProtocolClient$AsyncStreamObservers$1.onError(GrpcClientProtocolClient.java:333)
	... 13 more
Caused by: org.apache.ratis.thirdparty.io.grpc.StatusRuntimeException: UNAVAILABLE: io exception
	at org.apache.ratis.thirdparty.io.grpc.Status.asRuntimeException(Status.java:532)
	... 13 more
Caused by: org.apache.ratis.thirdparty.io.netty.channel.AbstractChannel$AnnotatedConnectException: finishConnect(..) failed: Connection refused: /127.0.0.1:15045
Caused by: java.net.ConnectException: finishConnect(..) failed: Connection refused
	at org.apache.ratis.thirdparty.io.netty.channel.unix.Errors.newConnectException0(Errors.java:166)
	at org.apache.ratis.thirdparty.io.netty.channel.unix.Errors.handleConnectErrno(Errors.java:131)
	at org.apache.ratis.thirdparty.io.netty.channel.unix.Socket.finishConnect(Socket.java:359)
	at org.apache.ratis.thirdparty.io.netty.channel.epoll.AbstractEpollChannel$AbstractEpollUnsafe.doFinishConnect(AbstractEpollChannel.java:715)
	at org.apache.ratis.thirdparty.io.netty.channel.epoll.AbstractEpollChannel$AbstractEpollUnsafe.finishConnect(AbstractEpollChannel.java:692)
	at org.apache.ratis.thirdparty.io.netty.channel.epoll.AbstractEpollChannel$AbstractEpollUnsafe.epollOutReady(AbstractEpollChannel.java:567)
	at org.apache.ratis.thirdparty.io.netty.channel.epoll.EpollEventLoop.processReady(EpollEventLoop.java:491)
	at org.apache.ratis.thirdparty.io.netty.channel.epoll.EpollEventLoop.run(EpollEventLoop.java:399)
	at org.apache.ratis.thirdparty.io.netty.util.concurrent.SingleThreadEventExecutor$4.run(SingleThreadEventExecutor.java:998)
	at org.apache.ratis.thirdparty.io.netty.util.internal.ThreadExecutorMap$2.run(ThreadExecutorMap.java:74)
	at org.apache.ratis.thirdparty.io.netty.util.concurrent.FastThreadLocalRunnable.run(FastThreadLocalRunnable.java:30)
	at java.base/java.lang.Thread.run(Thread.java:1583)
2025-09-07 09:45:50,419 [e6e13cb3-e32b-4d2d-874a-1e4700c67398@group-09A5C1734F32-FollowerState] INFO  impl.FollowerState (FollowerState.java:runImpl(161)) - e6e13cb3-e32b-4d2d-874a-1e4700c67398@group-09A5C1734F32-FollowerState: change to CANDIDATE, lastRpcElapsedTime:1145502572ns, electionTimeout:1145ms
2025-09-07 09:45:50,419 [e6e13cb3-e32b-4d2d-874a-1e4700c67398@group-09A5C1734F32-FollowerState] INFO  impl.RoleInfo (RoleInfo.java:shutdownFollowerState(121)) - e6e13cb3-e32b-4d2d-874a-1e4700c67398: shutdown e6e13cb3-e32b-4d2d-874a-1e4700c67398@group-09A5C1734F32-FollowerState
2025-09-07 09:45:50,419 [e6e13cb3-e32b-4d2d-874a-1e4700c67398@group-09A5C1734F32-FollowerState] INFO  server.RaftServer$Division (RaftServerImpl.java:setRole(392)) - e6e13cb3-e32b-4d2d-874a-1e4700c67398@group-09A5C1734F32: changes role from  FOLLOWER to CANDIDATE at term 1 for changeToCandidate
2025-09-07 09:45:50,419 [e6e13cb3-e32b-4d2d-874a-1e4700c67398@group-09A5C1734F32-FollowerState] INFO  impl.RoleInfo (RoleInfo.java:updateAndGet(148)) - e6e13cb3-e32b-4d2d-874a-1e4700c67398: start e6e13cb3-e32b-4d2d-874a-1e4700c67398@group-09A5C1734F32-LeaderElection158
2025-09-07 09:45:50,420 [e6e13cb3-e32b-4d2d-874a-1e4700c67398@group-09A5C1734F32-LeaderElection158] INFO  impl.LeaderElection (LeaderElection.java:askForVotes(448)) - e6e13cb3-e32b-4d2d-874a-1e4700c67398@group-09A5C1734F32-LeaderElection158 PRE_VOTE round 0: submit vote requests at term 1 for conf: {index: 0, cur=peers:[90a60b70-6b91-4fb2-a612-7ac0b6911dfc|127.0.0.1:15047, e6e13cb3-e32b-4d2d-874a-1e4700c67398|127.0.0.1:15055, 7c7182dc-ac7f-44a8-b1d4-5d10f99cbcf2|127.0.0.1:15039]|listeners:[], old=null}
2025-09-07 09:45:50,420 [e6e13cb3-e32b-4d2d-874a-1e4700c67398@group-09A5C1734F32-LeaderElection158] INFO  impl.LeaderElection (LogUtils.java:infoOrTrace(142)) - e6e13cb3-e32b-4d2d-874a-1e4700c67398@group-09A5C1734F32-LeaderElection158 got exception when requesting votes: java.util.concurrent.ExecutionException: org.apache.ratis.thirdparty.io.grpc.StatusRuntimeException: UNAVAILABLE: io exception
2025-09-07 09:45:50,420 [e6e13cb3-e32b-4d2d-874a-1e4700c67398@group-09A5C1734F32-LeaderElection158] INFO  impl.LeaderElection (LogUtils.java:infoOrTrace(142)) - e6e13cb3-e32b-4d2d-874a-1e4700c67398@group-09A5C1734F32-LeaderElection158 got exception when requesting votes: java.util.concurrent.ExecutionException: org.apache.ratis.thirdparty.io.grpc.StatusRuntimeException: UNAVAILABLE: io exception
2025-09-07 09:45:50,420 [e6e13cb3-e32b-4d2d-874a-1e4700c67398@group-09A5C1734F32-LeaderElection158] INFO  impl.LeaderElection (LeaderElection.java:logAndReturn(206)) - e6e13cb3-e32b-4d2d-874a-1e4700c67398@group-09A5C1734F32-LeaderElection158: PRE_VOTE REJECTED received 0 response(s) and 2 exception(s):
2025-09-07 09:45:50,420 [e6e13cb3-e32b-4d2d-874a-1e4700c67398@group-09A5C1734F32-LeaderElection158] INFO  impl.LeaderElection (LogUtils.java:infoOrTrace(142)) -   Exception 0: java.util.concurrent.ExecutionException: org.apache.ratis.thirdparty.io.grpc.StatusRuntimeException: UNAVAILABLE: io exception
2025-09-07 09:45:50,420 [e6e13cb3-e32b-4d2d-874a-1e4700c67398@group-09A5C1734F32-LeaderElection158] INFO  impl.LeaderElection (LogUtils.java:infoOrTrace(142)) -   Exception 1: java.util.concurrent.ExecutionException: org.apache.ratis.thirdparty.io.grpc.StatusRuntimeException: UNAVAILABLE: io exception
2025-09-07 09:45:50,420 [e6e13cb3-e32b-4d2d-874a-1e4700c67398@group-09A5C1734F32-LeaderElection158] INFO  impl.LeaderElection (LeaderElection.java:askForVotes(450)) - e6e13cb3-e32b-4d2d-874a-1e4700c67398@group-09A5C1734F32-LeaderElection158 PRE_VOTE round 0: result REJECTED
2025-09-07 09:45:50,420 [e6e13cb3-e32b-4d2d-874a-1e4700c67398@group-09A5C1734F32-LeaderElection158] INFO  server.RaftServer$Division (RaftServerImpl.java:setRole(392)) - e6e13cb3-e32b-4d2d-874a-1e4700c67398@group-09A5C1734F32: changes role from CANDIDATE to FOLLOWER at term 1 for REJECTED
2025-09-07 09:45:50,421 [e6e13cb3-e32b-4d2d-874a-1e4700c67398@group-09A5C1734F32-LeaderElection158] INFO  impl.RoleInfo (RoleInfo.java:shutdownLeaderElection(141)) - e6e13cb3-e32b-4d2d-874a-1e4700c67398: shutdown e6e13cb3-e32b-4d2d-874a-1e4700c67398@group-09A5C1734F32-LeaderElection158
2025-09-07 09:45:50,421 [e6e13cb3-e32b-4d2d-874a-1e4700c67398@group-09A5C1734F32-LeaderElection158] INFO  impl.RoleInfo (RoleInfo.java:updateAndGet(148)) - e6e13cb3-e32b-4d2d-874a-1e4700c67398: start e6e13cb3-e32b-4d2d-874a-1e4700c67398@group-09A5C1734F32-FollowerState
2025-09-07 09:45:50,425 [e6e13cb3-e32b-4d2d-874a-1e4700c67398@group-9E511D2458D0-FollowerState] INFO  impl.FollowerState (FollowerState.java:lostMajorityHeartbeatsRecently(113)) - e6e13cb3-e32b-4d2d-874a-1e4700c67398@group-9E511D2458D0-FollowerState: Skipping leader election since it stepped down recently (elapsed = 6627ms < waitTime = 10s)
2025-09-07 09:45:51,526 [e6e13cb3-e32b-4d2d-874a-1e4700c67398@group-09A5C1734F32-FollowerState] INFO  impl.FollowerState (FollowerState.java:runImpl(161)) - e6e13cb3-e32b-4d2d-874a-1e4700c67398@group-09A5C1734F32-FollowerState: change to CANDIDATE, lastRpcElapsedTime:1105378363ns, electionTimeout:1105ms
2025-09-07 09:45:51,526 [e6e13cb3-e32b-4d2d-874a-1e4700c67398@group-09A5C1734F32-FollowerState] INFO  impl.RoleInfo (RoleInfo.java:shutdownFollowerState(121)) - e6e13cb3-e32b-4d2d-874a-1e4700c67398: shutdown e6e13cb3-e32b-4d2d-874a-1e4700c67398@group-09A5C1734F32-FollowerState
2025-09-07 09:45:51,526 [e6e13cb3-e32b-4d2d-874a-1e4700c67398@group-09A5C1734F32-FollowerState] INFO  server.RaftServer$Division (RaftServerImpl.java:setRole(392)) - e6e13cb3-e32b-4d2d-874a-1e4700c67398@group-09A5C1734F32: changes role from  FOLLOWER to CANDIDATE at term 1 for changeToCandidate
2025-09-07 09:45:51,526 [e6e13cb3-e32b-4d2d-874a-1e4700c67398@group-09A5C1734F32-FollowerState] INFO  impl.RoleInfo (RoleInfo.java:updateAndGet(148)) - e6e13cb3-e32b-4d2d-874a-1e4700c67398: start e6e13cb3-e32b-4d2d-874a-1e4700c67398@group-09A5C1734F32-LeaderElection159
2025-09-07 09:45:51,527 [e6e13cb3-e32b-4d2d-874a-1e4700c67398@group-09A5C1734F32-LeaderElection159] INFO  impl.LeaderElection (LeaderElection.java:askForVotes(448)) - e6e13cb3-e32b-4d2d-874a-1e4700c67398@group-09A5C1734F32-LeaderElection159 PRE_VOTE round 0: submit vote requests at term 1 for conf: {index: 0, cur=peers:[90a60b70-6b91-4fb2-a612-7ac0b6911dfc|127.0.0.1:15047, e6e13cb3-e32b-4d2d-874a-1e4700c67398|127.0.0.1:15055, 7c7182dc-ac7f-44a8-b1d4-5d10f99cbcf2|127.0.0.1:15039]|listeners:[], old=null}
2025-09-07 09:45:51,527 [e6e13cb3-e32b-4d2d-874a-1e4700c67398@group-09A5C1734F32-LeaderElection159] INFO  impl.LeaderElection (LogUtils.java:infoOrTrace(142)) - e6e13cb3-e32b-4d2d-874a-1e4700c67398@group-09A5C1734F32-LeaderElection159 got exception when requesting votes: java.util.concurrent.ExecutionException: org.apache.ratis.thirdparty.io.grpc.StatusRuntimeException: UNAVAILABLE: io exception
2025-09-07 09:45:51,527 [e6e13cb3-e32b-4d2d-874a-1e4700c67398@group-09A5C1734F32-LeaderElection159] INFO  impl.LeaderElection (LogUtils.java:infoOrTrace(142)) - e6e13cb3-e32b-4d2d-874a-1e4700c67398@group-09A5C1734F32-LeaderElection159 got exception when requesting votes: java.util.concurrent.ExecutionException: org.apache.ratis.thirdparty.io.grpc.StatusRuntimeException: UNAVAILABLE: io exception
2025-09-07 09:45:51,527 [e6e13cb3-e32b-4d2d-874a-1e4700c67398@group-09A5C1734F32-LeaderElection159] INFO  impl.LeaderElection (LeaderElection.java:logAndReturn(206)) - e6e13cb3-e32b-4d2d-874a-1e4700c67398@group-09A5C1734F32-LeaderElection159: PRE_VOTE REJECTED received 0 response(s) and 2 exception(s):
2025-09-07 09:45:51,527 [e6e13cb3-e32b-4d2d-874a-1e4700c67398@group-09A5C1734F32-LeaderElection159] INFO  impl.LeaderElection (LogUtils.java:infoOrTrace(142)) -   Exception 0: java.util.concurrent.ExecutionException: org.apache.ratis.thirdparty.io.grpc.StatusRuntimeException: UNAVAILABLE: io exception
2025-09-07 09:45:51,527 [e6e13cb3-e32b-4d2d-874a-1e4700c67398@group-09A5C1734F32-LeaderElection159] INFO  impl.LeaderElection (LogUtils.java:infoOrTrace(142)) -   Exception 1: java.util.concurrent.ExecutionException: org.apache.ratis.thirdparty.io.grpc.StatusRuntimeException: UNAVAILABLE: io exception
2025-09-07 09:45:51,527 [e6e13cb3-e32b-4d2d-874a-1e4700c67398@group-09A5C1734F32-LeaderElection159] INFO  impl.LeaderElection (LeaderElection.java:askForVotes(450)) - e6e13cb3-e32b-4d2d-874a-1e4700c67398@group-09A5C1734F32-LeaderElection159 PRE_VOTE round 0: result REJECTED
2025-09-07 09:45:51,527 [e6e13cb3-e32b-4d2d-874a-1e4700c67398@group-09A5C1734F32-LeaderElection159] INFO  server.RaftServer$Division (RaftServerImpl.java:setRole(392)) - e6e13cb3-e32b-4d2d-874a-1e4700c67398@group-09A5C1734F32: changes role from CANDIDATE to FOLLOWER at term 1 for REJECTED
2025-09-07 09:45:51,527 [e6e13cb3-e32b-4d2d-874a-1e4700c67398@group-09A5C1734F32-LeaderElection159] INFO  impl.RoleInfo (RoleInfo.java:shutdownLeaderElection(141)) - e6e13cb3-e32b-4d2d-874a-1e4700c67398: shutdown e6e13cb3-e32b-4d2d-874a-1e4700c67398@group-09A5C1734F32-LeaderElection159
2025-09-07 09:45:51,528 [e6e13cb3-e32b-4d2d-874a-1e4700c67398@group-09A5C1734F32-LeaderElection159] INFO  impl.RoleInfo (RoleInfo.java:updateAndGet(148)) - e6e13cb3-e32b-4d2d-874a-1e4700c67398: start e6e13cb3-e32b-4d2d-874a-1e4700c67398@group-09A5C1734F32-FollowerState
2025-09-07 09:45:51,552 [e6e13cb3-e32b-4d2d-874a-1e4700c67398@group-9E511D2458D0-FollowerState] INFO  impl.FollowerState (FollowerState.java:lostMajorityHeartbeatsRecently(113)) - e6e13cb3-e32b-4d2d-874a-1e4700c67398@group-9E511D2458D0-FollowerState: Skipping leader election since it stepped down recently (elapsed = 7753ms < waitTime = 10s)
2025-09-07 09:45:52,617 [e6e13cb3-e32b-4d2d-874a-1e4700c67398@group-9E511D2458D0-FollowerState] INFO  impl.FollowerState (FollowerState.java:lostMajorityHeartbeatsRecently(113)) - e6e13cb3-e32b-4d2d-874a-1e4700c67398@group-9E511D2458D0-FollowerState: Skipping leader election since it stepped down recently (elapsed = 8818ms < waitTime = 10s)
2025-09-07 09:45:52,660 [e6e13cb3-e32b-4d2d-874a-1e4700c67398@group-09A5C1734F32-FollowerState] INFO  impl.FollowerState (FollowerState.java:runImpl(161)) - e6e13cb3-e32b-4d2d-874a-1e4700c67398@group-09A5C1734F32-FollowerState: change to CANDIDATE, lastRpcElapsedTime:1132272919ns, electionTimeout:1132ms
2025-09-07 09:45:52,660 [e6e13cb3-e32b-4d2d-874a-1e4700c67398@group-09A5C1734F32-FollowerState] INFO  impl.RoleInfo (RoleInfo.java:shutdownFollowerState(121)) - e6e13cb3-e32b-4d2d-874a-1e4700c67398: shutdown e6e13cb3-e32b-4d2d-874a-1e4700c67398@group-09A5C1734F32-FollowerState
2025-09-07 09:45:52,660 [e6e13cb3-e32b-4d2d-874a-1e4700c67398@group-09A5C1734F32-FollowerState] INFO  server.RaftServer$Division (RaftServerImpl.java:setRole(392)) - e6e13cb3-e32b-4d2d-874a-1e4700c67398@group-09A5C1734F32: changes role from  FOLLOWER to CANDIDATE at term 1 for changeToCandidate
2025-09-07 09:45:52,660 [e6e13cb3-e32b-4d2d-874a-1e4700c67398@group-09A5C1734F32-FollowerState] INFO  impl.RoleInfo (RoleInfo.java:updateAndGet(148)) - e6e13cb3-e32b-4d2d-874a-1e4700c67398: start e6e13cb3-e32b-4d2d-874a-1e4700c67398@group-09A5C1734F32-LeaderElection160
2025-09-07 09:45:52,660 [e6e13cb3-e32b-4d2d-874a-1e4700c67398@group-09A5C1734F32-LeaderElection160] INFO  impl.LeaderElection (LeaderElection.java:askForVotes(448)) - e6e13cb3-e32b-4d2d-874a-1e4700c67398@group-09A5C1734F32-LeaderElection160 PRE_VOTE round 0: submit vote requests at term 1 for conf: {index: 0, cur=peers:[90a60b70-6b91-4fb2-a612-7ac0b6911dfc|127.0.0.1:15047, e6e13cb3-e32b-4d2d-874a-1e4700c67398|127.0.0.1:15055, 7c7182dc-ac7f-44a8-b1d4-5d10f99cbcf2|127.0.0.1:15039]|listeners:[], old=null}
2025-09-07 09:45:52,661 [e6e13cb3-e32b-4d2d-874a-1e4700c67398@group-09A5C1734F32-LeaderElection160] INFO  impl.LeaderElection (LogUtils.java:infoOrTrace(142)) - e6e13cb3-e32b-4d2d-874a-1e4700c67398@group-09A5C1734F32-LeaderElection160 got exception when requesting votes: java.util.concurrent.ExecutionException: org.apache.ratis.thirdparty.io.grpc.StatusRuntimeException: UNAVAILABLE: io exception
2025-09-07 09:45:52,661 [e6e13cb3-e32b-4d2d-874a-1e4700c67398@group-09A5C1734F32-LeaderElection160] INFO  impl.LeaderElection (LogUtils.java:infoOrTrace(142)) - e6e13cb3-e32b-4d2d-874a-1e4700c67398@group-09A5C1734F32-LeaderElection160 got exception when requesting votes: java.util.concurrent.ExecutionException: org.apache.ratis.thirdparty.io.grpc.StatusRuntimeException: UNAVAILABLE: io exception
2025-09-07 09:45:52,661 [e6e13cb3-e32b-4d2d-874a-1e4700c67398@group-09A5C1734F32-LeaderElection160] INFO  impl.LeaderElection (LeaderElection.java:logAndReturn(206)) - e6e13cb3-e32b-4d2d-874a-1e4700c67398@group-09A5C1734F32-LeaderElection160: PRE_VOTE REJECTED received 0 response(s) and 2 exception(s):
2025-09-07 09:45:52,661 [e6e13cb3-e32b-4d2d-874a-1e4700c67398@group-09A5C1734F32-LeaderElection160] INFO  impl.LeaderElection (LogUtils.java:infoOrTrace(142)) -   Exception 0: java.util.concurrent.ExecutionException: org.apache.ratis.thirdparty.io.grpc.StatusRuntimeException: UNAVAILABLE: io exception
2025-09-07 09:45:52,661 [e6e13cb3-e32b-4d2d-874a-1e4700c67398@group-09A5C1734F32-LeaderElection160] INFO  impl.LeaderElection (LogUtils.java:infoOrTrace(142)) -   Exception 1: java.util.concurrent.ExecutionException: org.apache.ratis.thirdparty.io.grpc.StatusRuntimeException: UNAVAILABLE: io exception
2025-09-07 09:45:52,661 [e6e13cb3-e32b-4d2d-874a-1e4700c67398@group-09A5C1734F32-LeaderElection160] INFO  impl.LeaderElection (LeaderElection.java:askForVotes(450)) - e6e13cb3-e32b-4d2d-874a-1e4700c67398@group-09A5C1734F32-LeaderElection160 PRE_VOTE round 0: result REJECTED
2025-09-07 09:45:52,661 [e6e13cb3-e32b-4d2d-874a-1e4700c67398@group-09A5C1734F32-LeaderElection160] INFO  server.RaftServer$Division (RaftServerImpl.java:setRole(392)) - e6e13cb3-e32b-4d2d-874a-1e4700c67398@group-09A5C1734F32: changes role from CANDIDATE to FOLLOWER at term 1 for REJECTED
2025-09-07 09:45:52,662 [e6e13cb3-e32b-4d2d-874a-1e4700c67398@group-09A5C1734F32-LeaderElection160] INFO  impl.RoleInfo (RoleInfo.java:shutdownLeaderElection(141)) - e6e13cb3-e32b-4d2d-874a-1e4700c67398: shutdown e6e13cb3-e32b-4d2d-874a-1e4700c67398@group-09A5C1734F32-LeaderElection160
2025-09-07 09:45:52,662 [e6e13cb3-e32b-4d2d-874a-1e4700c67398@group-09A5C1734F32-LeaderElection160] INFO  impl.RoleInfo (RoleInfo.java:updateAndGet(148)) - e6e13cb3-e32b-4d2d-874a-1e4700c67398: start e6e13cb3-e32b-4d2d-874a-1e4700c67398@group-09A5C1734F32-FollowerState
2025-09-07 09:45:53,678 [e6e13cb3-e32b-4d2d-874a-1e4700c67398@group-09A5C1734F32-FollowerState] INFO  impl.FollowerState (FollowerState.java:runImpl(161)) - e6e13cb3-e32b-4d2d-874a-1e4700c67398@group-09A5C1734F32-FollowerState: change to CANDIDATE, lastRpcElapsedTime:1016273092ns, electionTimeout:1016ms
2025-09-07 09:45:53,678 [e6e13cb3-e32b-4d2d-874a-1e4700c67398@group-09A5C1734F32-FollowerState] INFO  impl.RoleInfo (RoleInfo.java:shutdownFollowerState(121)) - e6e13cb3-e32b-4d2d-874a-1e4700c67398: shutdown e6e13cb3-e32b-4d2d-874a-1e4700c67398@group-09A5C1734F32-FollowerState
2025-09-07 09:45:53,678 [e6e13cb3-e32b-4d2d-874a-1e4700c67398@group-09A5C1734F32-FollowerState] INFO  server.RaftServer$Division (RaftServerImpl.java:setRole(392)) - e6e13cb3-e32b-4d2d-874a-1e4700c67398@group-09A5C1734F32: changes role from  FOLLOWER to CANDIDATE at term 1 for changeToCandidate
2025-09-07 09:45:53,678 [e6e13cb3-e32b-4d2d-874a-1e4700c67398@group-09A5C1734F32-FollowerState] INFO  impl.RoleInfo (RoleInfo.java:updateAndGet(148)) - e6e13cb3-e32b-4d2d-874a-1e4700c67398: start e6e13cb3-e32b-4d2d-874a-1e4700c67398@group-09A5C1734F32-LeaderElection161
2025-09-07 09:45:53,678 [e6e13cb3-e32b-4d2d-874a-1e4700c67398@group-09A5C1734F32-LeaderElection161] INFO  impl.LeaderElection (LeaderElection.java:askForVotes(448)) - e6e13cb3-e32b-4d2d-874a-1e4700c67398@group-09A5C1734F32-LeaderElection161 PRE_VOTE round 0: submit vote requests at term 1 for conf: {index: 0, cur=peers:[90a60b70-6b91-4fb2-a612-7ac0b6911dfc|127.0.0.1:15047, e6e13cb3-e32b-4d2d-874a-1e4700c67398|127.0.0.1:15055, 7c7182dc-ac7f-44a8-b1d4-5d10f99cbcf2|127.0.0.1:15039]|listeners:[], old=null}
2025-09-07 09:45:53,679 [e6e13cb3-e32b-4d2d-874a-1e4700c67398@group-09A5C1734F32-LeaderElection161] INFO  impl.LeaderElection (LogUtils.java:infoOrTrace(142)) - e6e13cb3-e32b-4d2d-874a-1e4700c67398@group-09A5C1734F32-LeaderElection161 got exception when requesting votes: java.util.concurrent.ExecutionException: org.apache.ratis.thirdparty.io.grpc.StatusRuntimeException: UNAVAILABLE: io exception
2025-09-07 09:45:53,679 [e6e13cb3-e32b-4d2d-874a-1e4700c67398@group-09A5C1734F32-LeaderElection161] INFO  impl.LeaderElection (LogUtils.java:infoOrTrace(142)) - e6e13cb3-e32b-4d2d-874a-1e4700c67398@group-09A5C1734F32-LeaderElection161 got exception when requesting votes: java.util.concurrent.ExecutionException: org.apache.ratis.thirdparty.io.grpc.StatusRuntimeException: UNAVAILABLE: io exception
2025-09-07 09:45:53,679 [e6e13cb3-e32b-4d2d-874a-1e4700c67398@group-09A5C1734F32-LeaderElection161] INFO  impl.LeaderElection (LeaderElection.java:logAndReturn(206)) - e6e13cb3-e32b-4d2d-874a-1e4700c67398@group-09A5C1734F32-LeaderElection161: PRE_VOTE REJECTED received 0 response(s) and 2 exception(s):
2025-09-07 09:45:53,679 [e6e13cb3-e32b-4d2d-874a-1e4700c67398@group-09A5C1734F32-LeaderElection161] INFO  impl.LeaderElection (LogUtils.java:infoOrTrace(142)) -   Exception 0: java.util.concurrent.ExecutionException: org.apache.ratis.thirdparty.io.grpc.StatusRuntimeException: UNAVAILABLE: io exception
2025-09-07 09:45:53,679 [e6e13cb3-e32b-4d2d-874a-1e4700c67398@group-09A5C1734F32-LeaderElection161] INFO  impl.LeaderElection (LogUtils.java:infoOrTrace(142)) -   Exception 1: java.util.concurrent.ExecutionException: org.apache.ratis.thirdparty.io.grpc.StatusRuntimeException: UNAVAILABLE: io exception
2025-09-07 09:45:53,679 [e6e13cb3-e32b-4d2d-874a-1e4700c67398@group-09A5C1734F32-LeaderElection161] INFO  impl.LeaderElection (LeaderElection.java:askForVotes(450)) - e6e13cb3-e32b-4d2d-874a-1e4700c67398@group-09A5C1734F32-LeaderElection161 PRE_VOTE round 0: result REJECTED
2025-09-07 09:45:53,679 [e6e13cb3-e32b-4d2d-874a-1e4700c67398@group-09A5C1734F32-LeaderElection161] INFO  server.RaftServer$Division (RaftServerImpl.java:setRole(392)) - e6e13cb3-e32b-4d2d-874a-1e4700c67398@group-09A5C1734F32: changes role from CANDIDATE to FOLLOWER at term 1 for REJECTED
2025-09-07 09:45:53,679 [e6e13cb3-e32b-4d2d-874a-1e4700c67398@group-09A5C1734F32-LeaderElection161] INFO  impl.RoleInfo (RoleInfo.java:shutdownLeaderElection(141)) - e6e13cb3-e32b-4d2d-874a-1e4700c67398: shutdown e6e13cb3-e32b-4d2d-874a-1e4700c67398@group-09A5C1734F32-LeaderElection161
2025-09-07 09:45:53,679 [e6e13cb3-e32b-4d2d-874a-1e4700c67398@group-09A5C1734F32-LeaderElection161] INFO  impl.RoleInfo (RoleInfo.java:updateAndGet(148)) - e6e13cb3-e32b-4d2d-874a-1e4700c67398: start e6e13cb3-e32b-4d2d-874a-1e4700c67398@group-09A5C1734F32-FollowerState
2025-09-07 09:45:53,799 [e6e13cb3-e32b-4d2d-874a-1e4700c67398@group-9E511D2458D0-FollowerState] INFO  impl.FollowerState (FollowerState.java:runImpl(161)) - e6e13cb3-e32b-4d2d-874a-1e4700c67398@group-9E511D2458D0-FollowerState: change to CANDIDATE, lastRpcElapsedTime:10000908134ns, electionTimeout:1182ms
2025-09-07 09:45:53,799 [e6e13cb3-e32b-4d2d-874a-1e4700c67398@group-9E511D2458D0-FollowerState] INFO  impl.RoleInfo (RoleInfo.java:shutdownFollowerState(121)) - e6e13cb3-e32b-4d2d-874a-1e4700c67398: shutdown e6e13cb3-e32b-4d2d-874a-1e4700c67398@group-9E511D2458D0-FollowerState
2025-09-07 09:45:53,799 [e6e13cb3-e32b-4d2d-874a-1e4700c67398@group-9E511D2458D0-FollowerState] INFO  server.RaftServer$Division (RaftServerImpl.java:setRole(392)) - e6e13cb3-e32b-4d2d-874a-1e4700c67398@group-9E511D2458D0: changes role from  FOLLOWER to CANDIDATE at term 1 for changeToCandidate
2025-09-07 09:45:53,799 [e6e13cb3-e32b-4d2d-874a-1e4700c67398@group-9E511D2458D0-FollowerState] INFO  impl.RoleInfo (RoleInfo.java:updateAndGet(148)) - e6e13cb3-e32b-4d2d-874a-1e4700c67398: start e6e13cb3-e32b-4d2d-874a-1e4700c67398@group-9E511D2458D0-LeaderElection162
2025-09-07 09:45:53,800 [e6e13cb3-e32b-4d2d-874a-1e4700c67398@group-9E511D2458D0-LeaderElection162] INFO  impl.LeaderElection (LeaderElection.java:askForVotes(448)) - e6e13cb3-e32b-4d2d-874a-1e4700c67398@group-9E511D2458D0-LeaderElection162 PRE_VOTE round 0: submit vote requests at term 1 for conf: {index: 0, cur=peers:[90a60b70-6b91-4fb2-a612-7ac0b6911dfc|127.0.0.1:15047, e6e13cb3-e32b-4d2d-874a-1e4700c67398|127.0.0.1:15055, 7c7182dc-ac7f-44a8-b1d4-5d10f99cbcf2|127.0.0.1:15039]|listeners:[], old=null}
2025-09-07 09:45:53,800 [e6e13cb3-e32b-4d2d-874a-1e4700c67398@group-9E511D2458D0-LeaderElection162] INFO  impl.LeaderElection (LogUtils.java:infoOrTrace(142)) - e6e13cb3-e32b-4d2d-874a-1e4700c67398@group-9E511D2458D0-LeaderElection162 got exception when requesting votes: java.util.concurrent.ExecutionException: org.apache.ratis.thirdparty.io.grpc.StatusRuntimeException: UNAVAILABLE: io exception
2025-09-07 09:45:53,800 [e6e13cb3-e32b-4d2d-874a-1e4700c67398@group-9E511D2458D0-LeaderElection162] INFO  impl.LeaderElection (LogUtils.java:infoOrTrace(142)) - e6e13cb3-e32b-4d2d-874a-1e4700c67398@group-9E511D2458D0-LeaderElection162 got exception when requesting votes: java.util.concurrent.ExecutionException: org.apache.ratis.thirdparty.io.grpc.StatusRuntimeException: UNAVAILABLE: io exception
2025-09-07 09:45:53,800 [e6e13cb3-e32b-4d2d-874a-1e4700c67398@group-9E511D2458D0-LeaderElection162] INFO  impl.LeaderElection (LeaderElection.java:logAndReturn(206)) - e6e13cb3-e32b-4d2d-874a-1e4700c67398@group-9E511D2458D0-LeaderElection162: PRE_VOTE REJECTED received 0 response(s) and 2 exception(s):
2025-09-07 09:45:53,800 [e6e13cb3-e32b-4d2d-874a-1e4700c67398@group-9E511D2458D0-LeaderElection162] INFO  impl.LeaderElection (LogUtils.java:infoOrTrace(142)) -   Exception 0: java.util.concurrent.ExecutionException: org.apache.ratis.thirdparty.io.grpc.StatusRuntimeException: UNAVAILABLE: io exception
2025-09-07 09:45:53,800 [e6e13cb3-e32b-4d2d-874a-1e4700c67398@group-9E511D2458D0-LeaderElection162] INFO  impl.LeaderElection (LogUtils.java:infoOrTrace(142)) -   Exception 1: java.util.concurrent.ExecutionException: org.apache.ratis.thirdparty.io.grpc.StatusRuntimeException: UNAVAILABLE: io exception
2025-09-07 09:45:53,800 [e6e13cb3-e32b-4d2d-874a-1e4700c67398@group-9E511D2458D0-LeaderElection162] INFO  impl.LeaderElection (LeaderElection.java:askForVotes(450)) - e6e13cb3-e32b-4d2d-874a-1e4700c67398@group-9E511D2458D0-LeaderElection162 PRE_VOTE round 0: result REJECTED
2025-09-07 09:45:53,800 [e6e13cb3-e32b-4d2d-874a-1e4700c67398@group-9E511D2458D0-LeaderElection162] INFO  server.RaftServer$Division (RaftServerImpl.java:setRole(392)) - e6e13cb3-e32b-4d2d-874a-1e4700c67398@group-9E511D2458D0: changes role from CANDIDATE to FOLLOWER at term 1 for REJECTED
2025-09-07 09:45:53,800 [e6e13cb3-e32b-4d2d-874a-1e4700c67398@group-9E511D2458D0-LeaderElection162] INFO  impl.RoleInfo (RoleInfo.java:shutdownLeaderElection(141)) - e6e13cb3-e32b-4d2d-874a-1e4700c67398: shutdown e6e13cb3-e32b-4d2d-874a-1e4700c67398@group-9E511D2458D0-LeaderElection162
2025-09-07 09:45:53,800 [e6e13cb3-e32b-4d2d-874a-1e4700c67398@group-9E511D2458D0-LeaderElection162] INFO  impl.RoleInfo (RoleInfo.java:updateAndGet(148)) - e6e13cb3-e32b-4d2d-874a-1e4700c67398: start e6e13cb3-e32b-4d2d-874a-1e4700c67398@group-9E511D2458D0-FollowerState
2025-09-07 09:45:54,805 [e6e13cb3-e32b-4d2d-874a-1e4700c67398@group-09A5C1734F32-FollowerState] INFO  impl.FollowerState (FollowerState.java:runImpl(161)) - e6e13cb3-e32b-4d2d-874a-1e4700c67398@group-09A5C1734F32-FollowerState: change to CANDIDATE, lastRpcElapsedTime:1125380585ns, electionTimeout:1125ms
2025-09-07 09:45:54,805 [e6e13cb3-e32b-4d2d-874a-1e4700c67398@group-09A5C1734F32-FollowerState] INFO  impl.RoleInfo (RoleInfo.java:shutdownFollowerState(121)) - e6e13cb3-e32b-4d2d-874a-1e4700c67398: shutdown e6e13cb3-e32b-4d2d-874a-1e4700c67398@group-09A5C1734F32-FollowerState
2025-09-07 09:45:54,805 [e6e13cb3-e32b-4d2d-874a-1e4700c67398@group-09A5C1734F32-FollowerState] INFO  server.RaftServer$Division (RaftServerImpl.java:setRole(392)) - e6e13cb3-e32b-4d2d-874a-1e4700c67398@group-09A5C1734F32: changes role from  FOLLOWER to CANDIDATE at term 1 for changeToCandidate
2025-09-07 09:45:54,805 [e6e13cb3-e32b-4d2d-874a-1e4700c67398@group-09A5C1734F32-FollowerState] INFO  impl.RoleInfo (RoleInfo.java:updateAndGet(148)) - e6e13cb3-e32b-4d2d-874a-1e4700c67398: start e6e13cb3-e32b-4d2d-874a-1e4700c67398@group-09A5C1734F32-LeaderElection163
2025-09-07 09:45:54,805 [e6e13cb3-e32b-4d2d-874a-1e4700c67398@group-09A5C1734F32-LeaderElection163] INFO  impl.LeaderElection (LeaderElection.java:askForVotes(448)) - e6e13cb3-e32b-4d2d-874a-1e4700c67398@group-09A5C1734F32-LeaderElection163 PRE_VOTE round 0: submit vote requests at term 1 for conf: {index: 0, cur=peers:[90a60b70-6b91-4fb2-a612-7ac0b6911dfc|127.0.0.1:15047, e6e13cb3-e32b-4d2d-874a-1e4700c67398|127.0.0.1:15055, 7c7182dc-ac7f-44a8-b1d4-5d10f99cbcf2|127.0.0.1:15039]|listeners:[], old=null}
2025-09-07 09:45:54,806 [e6e13cb3-e32b-4d2d-874a-1e4700c67398@group-09A5C1734F32-LeaderElection163] INFO  impl.LeaderElection (LogUtils.java:infoOrTrace(142)) - e6e13cb3-e32b-4d2d-874a-1e4700c67398@group-09A5C1734F32-LeaderElection163 got exception when requesting votes: java.util.concurrent.ExecutionException: org.apache.ratis.thirdparty.io.grpc.StatusRuntimeException: UNAVAILABLE: io exception
2025-09-07 09:45:54,806 [e6e13cb3-e32b-4d2d-874a-1e4700c67398@group-09A5C1734F32-LeaderElection163] INFO  impl.LeaderElection (LogUtils.java:infoOrTrace(142)) - e6e13cb3-e32b-4d2d-874a-1e4700c67398@group-09A5C1734F32-LeaderElection163 got exception when requesting votes: java.util.concurrent.ExecutionException: org.apache.ratis.thirdparty.io.grpc.StatusRuntimeException: UNAVAILABLE: io exception
2025-09-07 09:45:54,806 [e6e13cb3-e32b-4d2d-874a-1e4700c67398@group-09A5C1734F32-LeaderElection163] INFO  impl.LeaderElection (LeaderElection.java:logAndReturn(206)) - e6e13cb3-e32b-4d2d-874a-1e4700c67398@group-09A5C1734F32-LeaderElection163: PRE_VOTE REJECTED received 0 response(s) and 2 exception(s):
2025-09-07 09:45:54,806 [e6e13cb3-e32b-4d2d-874a-1e4700c67398@group-09A5C1734F32-LeaderElection163] INFO  impl.LeaderElection (LogUtils.java:infoOrTrace(142)) -   Exception 0: java.util.concurrent.ExecutionException: org.apache.ratis.thirdparty.io.grpc.StatusRuntimeException: UNAVAILABLE: io exception
2025-09-07 09:45:54,806 [e6e13cb3-e32b-4d2d-874a-1e4700c67398@group-09A5C1734F32-LeaderElection163] INFO  impl.LeaderElection (LogUtils.java:infoOrTrace(142)) -   Exception 1: java.util.concurrent.ExecutionException: org.apache.ratis.thirdparty.io.grpc.StatusRuntimeException: UNAVAILABLE: io exception
2025-09-07 09:45:54,806 [e6e13cb3-e32b-4d2d-874a-1e4700c67398@group-09A5C1734F32-LeaderElection163] INFO  impl.LeaderElection (LeaderElection.java:askForVotes(450)) - e6e13cb3-e32b-4d2d-874a-1e4700c67398@group-09A5C1734F32-LeaderElection163 PRE_VOTE round 0: result REJECTED
2025-09-07 09:45:54,806 [e6e13cb3-e32b-4d2d-874a-1e4700c67398@group-09A5C1734F32-LeaderElection163] INFO  server.RaftServer$Division (RaftServerImpl.java:setRole(392)) - e6e13cb3-e32b-4d2d-874a-1e4700c67398@group-09A5C1734F32: changes role from CANDIDATE to FOLLOWER at term 1 for REJECTED
2025-09-07 09:45:54,806 [e6e13cb3-e32b-4d2d-874a-1e4700c67398@group-09A5C1734F32-LeaderElection163] INFO  impl.RoleInfo (RoleInfo.java:shutdownLeaderElection(141)) - e6e13cb3-e32b-4d2d-874a-1e4700c67398: shutdown e6e13cb3-e32b-4d2d-874a-1e4700c67398@group-09A5C1734F32-LeaderElection163
2025-09-07 09:45:54,806 [e6e13cb3-e32b-4d2d-874a-1e4700c67398@group-09A5C1734F32-LeaderElection163] INFO  impl.RoleInfo (RoleInfo.java:updateAndGet(148)) - e6e13cb3-e32b-4d2d-874a-1e4700c67398: start e6e13cb3-e32b-4d2d-874a-1e4700c67398@group-09A5C1734F32-FollowerState
2025-09-07 09:45:54,911 [e6e13cb3-e32b-4d2d-874a-1e4700c67398@group-9E511D2458D0-FollowerState] INFO  impl.FollowerState (FollowerState.java:runImpl(161)) - e6e13cb3-e32b-4d2d-874a-1e4700c67398@group-9E511D2458D0-FollowerState: change to CANDIDATE, lastRpcElapsedTime:1110288905ns, electionTimeout:1110ms
2025-09-07 09:45:54,911 [e6e13cb3-e32b-4d2d-874a-1e4700c67398@group-9E511D2458D0-FollowerState] INFO  impl.RoleInfo (RoleInfo.java:shutdownFollowerState(121)) - e6e13cb3-e32b-4d2d-874a-1e4700c67398: shutdown e6e13cb3-e32b-4d2d-874a-1e4700c67398@group-9E511D2458D0-FollowerState
2025-09-07 09:45:54,911 [e6e13cb3-e32b-4d2d-874a-1e4700c67398@group-9E511D2458D0-FollowerState] INFO  server.RaftServer$Division (RaftServerImpl.java:setRole(392)) - e6e13cb3-e32b-4d2d-874a-1e4700c67398@group-9E511D2458D0: changes role from  FOLLOWER to CANDIDATE at term 1 for changeToCandidate
2025-09-07 09:45:54,911 [e6e13cb3-e32b-4d2d-874a-1e4700c67398@group-9E511D2458D0-FollowerState] INFO  impl.RoleInfo (RoleInfo.java:updateAndGet(148)) - e6e13cb3-e32b-4d2d-874a-1e4700c67398: start e6e13cb3-e32b-4d2d-874a-1e4700c67398@group-9E511D2458D0-LeaderElection164
2025-09-07 09:45:54,911 [e6e13cb3-e32b-4d2d-874a-1e4700c67398@group-9E511D2458D0-LeaderElection164] INFO  impl.LeaderElection (LeaderElection.java:askForVotes(448)) - e6e13cb3-e32b-4d2d-874a-1e4700c67398@group-9E511D2458D0-LeaderElection164 PRE_VOTE round 0: submit vote requests at term 1 for conf: {index: 0, cur=peers:[90a60b70-6b91-4fb2-a612-7ac0b6911dfc|127.0.0.1:15047, e6e13cb3-e32b-4d2d-874a-1e4700c67398|127.0.0.1:15055, 7c7182dc-ac7f-44a8-b1d4-5d10f99cbcf2|127.0.0.1:15039]|listeners:[], old=null}
2025-09-07 09:45:54,912 [e6e13cb3-e32b-4d2d-874a-1e4700c67398@group-9E511D2458D0-LeaderElection164] INFO  impl.LeaderElection (LogUtils.java:infoOrTrace(142)) - e6e13cb3-e32b-4d2d-874a-1e4700c67398@group-9E511D2458D0-LeaderElection164 got exception when requesting votes: java.util.concurrent.ExecutionException: org.apache.ratis.thirdparty.io.grpc.StatusRuntimeException: UNAVAILABLE: io exception
2025-09-07 09:45:54,912 [e6e13cb3-e32b-4d2d-874a-1e4700c67398@group-9E511D2458D0-LeaderElection164] INFO  impl.LeaderElection (LogUtils.java:infoOrTrace(142)) - e6e13cb3-e32b-4d2d-874a-1e4700c67398@group-9E511D2458D0-LeaderElection164 got exception when requesting votes: java.util.concurrent.ExecutionException: org.apache.ratis.thirdparty.io.grpc.StatusRuntimeException: UNAVAILABLE: io exception
2025-09-07 09:45:54,912 [e6e13cb3-e32b-4d2d-874a-1e4700c67398@group-9E511D2458D0-LeaderElection164] INFO  impl.LeaderElection (LeaderElection.java:logAndReturn(206)) - e6e13cb3-e32b-4d2d-874a-1e4700c67398@group-9E511D2458D0-LeaderElection164: PRE_VOTE REJECTED received 0 response(s) and 2 exception(s):
2025-09-07 09:45:54,912 [e6e13cb3-e32b-4d2d-874a-1e4700c67398@group-9E511D2458D0-LeaderElection164] INFO  impl.LeaderElection (LogUtils.java:infoOrTrace(142)) -   Exception 0: java.util.concurrent.ExecutionException: org.apache.ratis.thirdparty.io.grpc.StatusRuntimeException: UNAVAILABLE: io exception
2025-09-07 09:45:54,912 [e6e13cb3-e32b-4d2d-874a-1e4700c67398@group-9E511D2458D0-LeaderElection164] INFO  impl.LeaderElection (LogUtils.java:infoOrTrace(142)) -   Exception 1: java.util.concurrent.ExecutionException: org.apache.ratis.thirdparty.io.grpc.StatusRuntimeException: UNAVAILABLE: io exception
2025-09-07 09:45:54,912 [e6e13cb3-e32b-4d2d-874a-1e4700c67398@group-9E511D2458D0-LeaderElection164] INFO  impl.LeaderElection (LeaderElection.java:askForVotes(450)) - e6e13cb3-e32b-4d2d-874a-1e4700c67398@group-9E511D2458D0-LeaderElection164 PRE_VOTE round 0: result REJECTED
2025-09-07 09:45:54,912 [e6e13cb3-e32b-4d2d-874a-1e4700c67398@group-9E511D2458D0-LeaderElection164] INFO  server.RaftServer$Division (RaftServerImpl.java:setRole(392)) - e6e13cb3-e32b-4d2d-874a-1e4700c67398@group-9E511D2458D0: changes role from CANDIDATE to FOLLOWER at term 1 for REJECTED
2025-09-07 09:45:54,912 [e6e13cb3-e32b-4d2d-874a-1e4700c67398@group-9E511D2458D0-LeaderElection164] INFO  impl.RoleInfo (RoleInfo.java:shutdownLeaderElection(141)) - e6e13cb3-e32b-4d2d-874a-1e4700c67398: shutdown e6e13cb3-e32b-4d2d-874a-1e4700c67398@group-9E511D2458D0-LeaderElection164
2025-09-07 09:45:54,912 [e6e13cb3-e32b-4d2d-874a-1e4700c67398@group-9E511D2458D0-LeaderElection164] INFO  impl.RoleInfo (RoleInfo.java:updateAndGet(148)) - e6e13cb3-e32b-4d2d-874a-1e4700c67398: start e6e13cb3-e32b-4d2d-874a-1e4700c67398@group-9E511D2458D0-FollowerState
2025-09-07 09:45:55,283 [a68d7e4a-8be2-4109-84e0-ed7537249ab2-server-thread1] INFO  server.RaftServer$Division (RaftServerImpl.java:takeSnapshotAsync(1241)) - a68d7e4a-8be2-4109-84e0-ed7537249ab2@group-6F7884931D6C: takeSnapshotAsync SnapshotManagementRequest:client-30F2F7AA0573->a68d7e4a-8be2-4109-84e0-ed7537249ab2@group-6F7884931D6C, cid=44, seq=null, RO, null, Create:
2025-09-07 09:45:55,283 [a68d7e4a-8be2-4109-84e0-ed7537249ab2-server-thread1] INFO  server.RaftServerConfigKeys (ConfUtils.java:logGet(62)) - raft.server.snapshot.creation.gap = 1024 (default)
2025-09-07 09:45:55,979 [e6e13cb3-e32b-4d2d-874a-1e4700c67398@group-09A5C1734F32-FollowerState] INFO  impl.FollowerState (FollowerState.java:runImpl(161)) - e6e13cb3-e32b-4d2d-874a-1e4700c67398@group-09A5C1734F32-FollowerState: change to CANDIDATE, lastRpcElapsedTime:1172436835ns, electionTimeout:1172ms
2025-09-07 09:45:55,979 [e6e13cb3-e32b-4d2d-874a-1e4700c67398@group-09A5C1734F32-FollowerState] INFO  impl.RoleInfo (RoleInfo.java:shutdownFollowerState(121)) - e6e13cb3-e32b-4d2d-874a-1e4700c67398: shutdown e6e13cb3-e32b-4d2d-874a-1e4700c67398@group-09A5C1734F32-FollowerState
2025-09-07 09:45:55,979 [e6e13cb3-e32b-4d2d-874a-1e4700c67398@group-09A5C1734F32-FollowerState] INFO  server.RaftServer$Division (RaftServerImpl.java:setRole(392)) - e6e13cb3-e32b-4d2d-874a-1e4700c67398@group-09A5C1734F32: changes role from  FOLLOWER to CANDIDATE at term 1 for changeToCandidate
2025-09-07 09:45:55,979 [e6e13cb3-e32b-4d2d-874a-1e4700c67398@group-09A5C1734F32-FollowerState] INFO  impl.RoleInfo (RoleInfo.java:updateAndGet(148)) - e6e13cb3-e32b-4d2d-874a-1e4700c67398: start e6e13cb3-e32b-4d2d-874a-1e4700c67398@group-09A5C1734F32-LeaderElection165
2025-09-07 09:45:55,979 [e6e13cb3-e32b-4d2d-874a-1e4700c67398@group-09A5C1734F32-LeaderElection165] INFO  impl.LeaderElection (LeaderElection.java:askForVotes(448)) - e6e13cb3-e32b-4d2d-874a-1e4700c67398@group-09A5C1734F32-LeaderElection165 PRE_VOTE round 0: submit vote requests at term 1 for conf: {index: 0, cur=peers:[90a60b70-6b91-4fb2-a612-7ac0b6911dfc|127.0.0.1:15047, e6e13cb3-e32b-4d2d-874a-1e4700c67398|127.0.0.1:15055, 7c7182dc-ac7f-44a8-b1d4-5d10f99cbcf2|127.0.0.1:15039]|listeners:[], old=null}
2025-09-07 09:45:55,980 [e6e13cb3-e32b-4d2d-874a-1e4700c67398@group-09A5C1734F32-LeaderElection165] INFO  impl.LeaderElection (LogUtils.java:infoOrTrace(142)) - e6e13cb3-e32b-4d2d-874a-1e4700c67398@group-09A5C1734F32-LeaderElection165 got exception when requesting votes: java.util.concurrent.ExecutionException: org.apache.ratis.thirdparty.io.grpc.StatusRuntimeException: UNAVAILABLE: io exception
2025-09-07 09:45:55,980 [e6e13cb3-e32b-4d2d-874a-1e4700c67398@group-09A5C1734F32-LeaderElection165] INFO  impl.LeaderElection (LogUtils.java:infoOrTrace(142)) - e6e13cb3-e32b-4d2d-874a-1e4700c67398@group-09A5C1734F32-LeaderElection165 got exception when requesting votes: java.util.concurrent.ExecutionException: org.apache.ratis.thirdparty.io.grpc.StatusRuntimeException: UNAVAILABLE: io exception
2025-09-07 09:45:55,980 [e6e13cb3-e32b-4d2d-874a-1e4700c67398@group-09A5C1734F32-LeaderElection165] INFO  impl.LeaderElection (LeaderElection.java:logAndReturn(206)) - e6e13cb3-e32b-4d2d-874a-1e4700c67398@group-09A5C1734F32-LeaderElection165: PRE_VOTE REJECTED received 0 response(s) and 2 exception(s):
2025-09-07 09:45:55,980 [e6e13cb3-e32b-4d2d-874a-1e4700c67398@group-09A5C1734F32-LeaderElection165] INFO  impl.LeaderElection (LogUtils.java:infoOrTrace(142)) -   Exception 0: java.util.concurrent.ExecutionException: org.apache.ratis.thirdparty.io.grpc.StatusRuntimeException: UNAVAILABLE: io exception
2025-09-07 09:45:55,980 [e6e13cb3-e32b-4d2d-874a-1e4700c67398@group-09A5C1734F32-LeaderElection165] INFO  impl.LeaderElection (LogUtils.java:infoOrTrace(142)) -   Exception 1: java.util.concurrent.ExecutionException: org.apache.ratis.thirdparty.io.grpc.StatusRuntimeException: UNAVAILABLE: io exception
2025-09-07 09:45:55,980 [e6e13cb3-e32b-4d2d-874a-1e4700c67398@group-09A5C1734F32-LeaderElection165] INFO  impl.LeaderElection (LeaderElection.java:askForVotes(450)) - e6e13cb3-e32b-4d2d-874a-1e4700c67398@group-09A5C1734F32-LeaderElection165 PRE_VOTE round 0: result REJECTED
2025-09-07 09:45:55,980 [e6e13cb3-e32b-4d2d-874a-1e4700c67398@group-09A5C1734F32-LeaderElection165] INFO  server.RaftServer$Division (RaftServerImpl.java:setRole(392)) - e6e13cb3-e32b-4d2d-874a-1e4700c67398@group-09A5C1734F32: changes role from CANDIDATE to FOLLOWER at term 1 for REJECTED
2025-09-07 09:45:55,980 [e6e13cb3-e32b-4d2d-874a-1e4700c67398@group-09A5C1734F32-LeaderElection165] INFO  impl.RoleInfo (RoleInfo.java:shutdownLeaderElection(141)) - e6e13cb3-e32b-4d2d-874a-1e4700c67398: shutdown e6e13cb3-e32b-4d2d-874a-1e4700c67398@group-09A5C1734F32-LeaderElection165
2025-09-07 09:45:55,980 [e6e13cb3-e32b-4d2d-874a-1e4700c67398@group-09A5C1734F32-LeaderElection165] INFO  impl.RoleInfo (RoleInfo.java:updateAndGet(148)) - e6e13cb3-e32b-4d2d-874a-1e4700c67398: start e6e13cb3-e32b-4d2d-874a-1e4700c67398@group-09A5C1734F32-FollowerState
2025-09-07 09:45:56,100 [e6e13cb3-e32b-4d2d-874a-1e4700c67398@group-9E511D2458D0-FollowerState] INFO  impl.FollowerState (FollowerState.java:runImpl(161)) - e6e13cb3-e32b-4d2d-874a-1e4700c67398@group-9E511D2458D0-FollowerState: change to CANDIDATE, lastRpcElapsedTime:1187369121ns, electionTimeout:1187ms
2025-09-07 09:45:56,100 [e6e13cb3-e32b-4d2d-874a-1e4700c67398@group-9E511D2458D0-FollowerState] INFO  impl.RoleInfo (RoleInfo.java:shutdownFollowerState(121)) - e6e13cb3-e32b-4d2d-874a-1e4700c67398: shutdown e6e13cb3-e32b-4d2d-874a-1e4700c67398@group-9E511D2458D0-FollowerState
2025-09-07 09:45:56,100 [e6e13cb3-e32b-4d2d-874a-1e4700c67398@group-9E511D2458D0-FollowerState] INFO  server.RaftServer$Division (RaftServerImpl.java:setRole(392)) - e6e13cb3-e32b-4d2d-874a-1e4700c67398@group-9E511D2458D0: changes role from  FOLLOWER to CANDIDATE at term 1 for changeToCandidate
2025-09-07 09:45:56,100 [e6e13cb3-e32b-4d2d-874a-1e4700c67398@group-9E511D2458D0-FollowerState] INFO  impl.RoleInfo (RoleInfo.java:updateAndGet(148)) - e6e13cb3-e32b-4d2d-874a-1e4700c67398: start e6e13cb3-e32b-4d2d-874a-1e4700c67398@group-9E511D2458D0-LeaderElection166
2025-09-07 09:45:56,100 [e6e13cb3-e32b-4d2d-874a-1e4700c67398@group-9E511D2458D0-LeaderElection166] INFO  impl.LeaderElection (LeaderElection.java:askForVotes(448)) - e6e13cb3-e32b-4d2d-874a-1e4700c67398@group-9E511D2458D0-LeaderElection166 PRE_VOTE round 0: submit vote requests at term 1 for conf: {index: 0, cur=peers:[90a60b70-6b91-4fb2-a612-7ac0b6911dfc|127.0.0.1:15047, e6e13cb3-e32b-4d2d-874a-1e4700c67398|127.0.0.1:15055, 7c7182dc-ac7f-44a8-b1d4-5d10f99cbcf2|127.0.0.1:15039]|listeners:[], old=null}
2025-09-07 09:45:56,101 [e6e13cb3-e32b-4d2d-874a-1e4700c67398@group-9E511D2458D0-LeaderElection166] INFO  impl.LeaderElection (LogUtils.java:infoOrTrace(142)) - e6e13cb3-e32b-4d2d-874a-1e4700c67398@group-9E511D2458D0-LeaderElection166 got exception when requesting votes: java.util.concurrent.ExecutionException: org.apache.ratis.thirdparty.io.grpc.StatusRuntimeException: UNAVAILABLE: io exception
2025-09-07 09:45:56,101 [e6e13cb3-e32b-4d2d-874a-1e4700c67398@group-9E511D2458D0-LeaderElection166] INFO  impl.LeaderElection (LogUtils.java:infoOrTrace(142)) - e6e13cb3-e32b-4d2d-874a-1e4700c67398@group-9E511D2458D0-LeaderElection166 got exception when requesting votes: java.util.concurrent.ExecutionException: org.apache.ratis.thirdparty.io.grpc.StatusRuntimeException: UNAVAILABLE: io exception
2025-09-07 09:45:56,101 [e6e13cb3-e32b-4d2d-874a-1e4700c67398@group-9E511D2458D0-LeaderElection166] INFO  impl.LeaderElection (LeaderElection.java:logAndReturn(206)) - e6e13cb3-e32b-4d2d-874a-1e4700c67398@group-9E511D2458D0-LeaderElection166: PRE_VOTE REJECTED received 0 response(s) and 2 exception(s):
2025-09-07 09:45:56,101 [e6e13cb3-e32b-4d2d-874a-1e4700c67398@group-9E511D2458D0-LeaderElection166] INFO  impl.LeaderElection (LogUtils.java:infoOrTrace(142)) -   Exception 0: java.util.concurrent.ExecutionException: org.apache.ratis.thirdparty.io.grpc.StatusRuntimeException: UNAVAILABLE: io exception
2025-09-07 09:45:56,101 [e6e13cb3-e32b-4d2d-874a-1e4700c67398@group-9E511D2458D0-LeaderElection166] INFO  impl.LeaderElection (LogUtils.java:infoOrTrace(142)) -   Exception 1: java.util.concurrent.ExecutionException: org.apache.ratis.thirdparty.io.grpc.StatusRuntimeException: UNAVAILABLE: io exception
2025-09-07 09:45:56,101 [e6e13cb3-e32b-4d2d-874a-1e4700c67398@group-9E511D2458D0-LeaderElection166] INFO  impl.LeaderElection (LeaderElection.java:askForVotes(450)) - e6e13cb3-e32b-4d2d-874a-1e4700c67398@group-9E511D2458D0-LeaderElection166 PRE_VOTE round 0: result REJECTED
2025-09-07 09:45:56,101 [e6e13cb3-e32b-4d2d-874a-1e4700c67398@group-9E511D2458D0-LeaderElection166] INFO  server.RaftServer$Division (RaftServerImpl.java:setRole(392)) - e6e13cb3-e32b-4d2d-874a-1e4700c67398@group-9E511D2458D0: changes role from CANDIDATE to FOLLOWER at term 1 for REJECTED
2025-09-07 09:45:56,101 [e6e13cb3-e32b-4d2d-874a-1e4700c67398@group-9E511D2458D0-LeaderElection166] INFO  impl.RoleInfo (RoleInfo.java:shutdownLeaderElection(141)) - e6e13cb3-e32b-4d2d-874a-1e4700c67398: shutdown e6e13cb3-e32b-4d2d-874a-1e4700c67398@group-9E511D2458D0-LeaderElection166
2025-09-07 09:45:56,101 [e6e13cb3-e32b-4d2d-874a-1e4700c67398@group-9E511D2458D0-LeaderElection166] INFO  impl.RoleInfo (RoleInfo.java:updateAndGet(148)) - e6e13cb3-e32b-4d2d-874a-1e4700c67398: start e6e13cb3-e32b-4d2d-874a-1e4700c67398@group-9E511D2458D0-FollowerState
2025-09-07 09:45:56,931 [grpc-default-executor-2] ERROR impl.OrderedAsync (OrderedAsync.java:lambda$null$6(215)) -  client-DE39E7586232: Failed* RaftClientRequest:client-DE39E7586232->e6e13cb3-e32b-4d2d-874a-1e4700c67398@group-09A5C1734F32, cid=55, seq=6*, RW, cmdType: WriteChunk
traceID: ""
containerID: 7
datanodeUuid: "90a60b70-6b91-4fb2-a612-7ac0b6911dfc"
writeChunk {
  blockID {
    containerID: 7
    localID: 115816896921600007
    blockCommitSequenceId: 4
    replicaIndex: 0
  }
  chunkData {
    chunkName: "115816896921600007_chunk_3"
    offset: 2097152
    len: 524288
    checksumData {
      type: CRC32
      bytesPerChecksum: 16384
      checksums: "\326\360U\321"
      checksums: "\326\360U\321"
      checksums: "\326\360U\321"
      checksums: "\326\360U\321"
      checksums: "\326\360U\321"
      checksums: "\326\360U\321"
      checksums: "\326\360U\321"
      checksums: "\326\360U\321"
      checksums: "\326\360U\321"
      checksums: "\326\360U\321"
      checksums: "\326\360U\321"
      checksums: "\326\360U\321"
      checksums: "\326\360U\321"
      checksums: "\326\360U\321"
      checksums: "\326\360U\321"
      checksums: "\326\360U\321"
      checksums: "\326\360U\321"
      checksums: "\326\360U\321"
      checksums: "\326\360U\321"
      checksums: "\326\360U\321"
      checksums: "\326\360U\321"
      checksums: "\326\360U\321"
      checksums: "\326\360U\321"
      checksums: "\326\360U\321"
      checksums: "\326\360U\321"
      checksums: "\326\360U\321"
      checksums: "\326\360U\321"
      checksums: "\326\360U\321"
      checksums: "\326\360U\321"
      checksums: "\326\360U\321"
      checksums: "\326\360U\321"
      checksums: "a\003G\263"
    }
  }
}
version: 3
, data.size=524288
java.util.concurrent.CompletionException: org.apache.ratis.protocol.exceptions.NotLeaderException: Server e6e13cb3-e32b-4d2d-874a-1e4700c67398@group-09A5C1734F32 is not the leader
	at java.base/java.util.concurrent.CompletableFuture.encodeThrowable(CompletableFuture.java:332)
	at java.base/java.util.concurrent.CompletableFuture.completeThrowable(CompletableFuture.java:347)
	at java.base/java.util.concurrent.CompletableFuture$UniAccept.tryFire(CompletableFuture.java:708)
	at java.base/java.util.concurrent.CompletableFuture.postComplete(CompletableFuture.java:510)
	at java.base/java.util.concurrent.CompletableFuture.completeExceptionally(CompletableFuture.java:2194)
	at org.apache.ratis.grpc.client.GrpcClientProtocolClient$AsyncStreamObservers.completeReplyExceptionally(GrpcClientProtocolClient.java:397)
	at org.apache.ratis.grpc.client.GrpcClientProtocolClient$AsyncStreamObservers.access$000(GrpcClientProtocolClient.java:303)
	at org.apache.ratis.grpc.client.GrpcClientProtocolClient$AsyncStreamObservers$1.onNext(GrpcClientProtocolClient.java:317)
	at org.apache.ratis.grpc.client.GrpcClientProtocolClient$AsyncStreamObservers$1.onNext(GrpcClientProtocolClient.java:308)
	at org.apache.ratis.thirdparty.io.grpc.stub.ClientCalls$StreamObserverToCallListenerAdapter.onMessage(ClientCalls.java:551)
	at org.apache.ratis.thirdparty.io.grpc.ForwardingClientCallListener.onMessage(ForwardingClientCallListener.java:33)
	at org.apache.ratis.thirdparty.io.grpc.internal.ClientCallImpl$ClientStreamListenerImpl$1MessagesAvailable.runInternal(ClientCallImpl.java:661)
	at org.apache.ratis.thirdparty.io.grpc.internal.ClientCallImpl$ClientStreamListenerImpl$1MessagesAvailable.runInContext(ClientCallImpl.java:648)
	at org.apache.ratis.thirdparty.io.grpc.internal.ContextRunnable.run(ContextRunnable.java:37)
	at org.apache.ratis.thirdparty.io.grpc.internal.SerializingExecutor.run(SerializingExecutor.java:133)
	at java.base/java.util.concurrent.ThreadPoolExecutor.runWorker(ThreadPoolExecutor.java:1144)
	at java.base/java.util.concurrent.ThreadPoolExecutor$Worker.run(ThreadPoolExecutor.java:642)
	at java.base/java.lang.Thread.run(Thread.java:1583)
Caused by: org.apache.ratis.protocol.exceptions.NotLeaderException: Server e6e13cb3-e32b-4d2d-874a-1e4700c67398@group-09A5C1734F32 is not the leader
	at org.apache.ratis.client.impl.ClientProtoUtils.toRaftClientReply(ClientProtoUtils.java:402)
	at org.apache.ratis.grpc.client.GrpcClientProtocolClient$AsyncStreamObservers$1.onNext(GrpcClientProtocolClient.java:313)
	... 10 more
2025-09-07 09:45:57,127 [e6e13cb3-e32b-4d2d-874a-1e4700c67398@group-09A5C1734F32-FollowerState] INFO  impl.FollowerState (FollowerState.java:runImpl(161)) - e6e13cb3-e32b-4d2d-874a-1e4700c67398@group-09A5C1734F32-FollowerState: change to CANDIDATE, lastRpcElapsedTime:1146256376ns, electionTimeout:1146ms
2025-09-07 09:45:57,127 [e6e13cb3-e32b-4d2d-874a-1e4700c67398@group-09A5C1734F32-FollowerState] INFO  impl.RoleInfo (RoleInfo.java:shutdownFollowerState(121)) - e6e13cb3-e32b-4d2d-874a-1e4700c67398: shutdown e6e13cb3-e32b-4d2d-874a-1e4700c67398@group-09A5C1734F32-FollowerState
2025-09-07 09:45:57,127 [e6e13cb3-e32b-4d2d-874a-1e4700c67398@group-09A5C1734F32-FollowerState] INFO  server.RaftServer$Division (RaftServerImpl.java:setRole(392)) - e6e13cb3-e32b-4d2d-874a-1e4700c67398@group-09A5C1734F32: changes role from  FOLLOWER to CANDIDATE at term 1 for changeToCandidate
2025-09-07 09:45:57,127 [e6e13cb3-e32b-4d2d-874a-1e4700c67398@group-09A5C1734F32-FollowerState] INFO  impl.RoleInfo (RoleInfo.java:updateAndGet(148)) - e6e13cb3-e32b-4d2d-874a-1e4700c67398: start e6e13cb3-e32b-4d2d-874a-1e4700c67398@group-09A5C1734F32-LeaderElection167
2025-09-07 09:45:57,127 [e6e13cb3-e32b-4d2d-874a-1e4700c67398@group-09A5C1734F32-LeaderElection167] INFO  impl.LeaderElection (LeaderElection.java:askForVotes(448)) - e6e13cb3-e32b-4d2d-874a-1e4700c67398@group-09A5C1734F32-LeaderElection167 PRE_VOTE round 0: submit vote requests at term 1 for conf: {index: 0, cur=peers:[90a60b70-6b91-4fb2-a612-7ac0b6911dfc|127.0.0.1:15047, e6e13cb3-e32b-4d2d-874a-1e4700c67398|127.0.0.1:15055, 7c7182dc-ac7f-44a8-b1d4-5d10f99cbcf2|127.0.0.1:15039]|listeners:[], old=null}
2025-09-07 09:45:57,128 [e6e13cb3-e32b-4d2d-874a-1e4700c67398@group-09A5C1734F32-LeaderElection167] INFO  impl.LeaderElection (LogUtils.java:infoOrTrace(142)) - e6e13cb3-e32b-4d2d-874a-1e4700c67398@group-09A5C1734F32-LeaderElection167 got exception when requesting votes: java.util.concurrent.ExecutionException: org.apache.ratis.thirdparty.io.grpc.StatusRuntimeException: UNAVAILABLE: io exception
2025-09-07 09:45:57,128 [e6e13cb3-e32b-4d2d-874a-1e4700c67398@group-09A5C1734F32-LeaderElection167] INFO  impl.LeaderElection (LogUtils.java:infoOrTrace(142)) - e6e13cb3-e32b-4d2d-874a-1e4700c67398@group-09A5C1734F32-LeaderElection167 got exception when requesting votes: java.util.concurrent.ExecutionException: org.apache.ratis.thirdparty.io.grpc.StatusRuntimeException: UNAVAILABLE: io exception
2025-09-07 09:45:57,128 [e6e13cb3-e32b-4d2d-874a-1e4700c67398@group-09A5C1734F32-LeaderElection167] INFO  impl.LeaderElection (LeaderElection.java:logAndReturn(206)) - e6e13cb3-e32b-4d2d-874a-1e4700c67398@group-09A5C1734F32-LeaderElection167: PRE_VOTE REJECTED received 0 response(s) and 2 exception(s):
2025-09-07 09:45:57,128 [e6e13cb3-e32b-4d2d-874a-1e4700c67398@group-09A5C1734F32-LeaderElection167] INFO  impl.LeaderElection (LogUtils.java:infoOrTrace(142)) -   Exception 0: java.util.concurrent.ExecutionException: org.apache.ratis.thirdparty.io.grpc.StatusRuntimeException: UNAVAILABLE: io exception
2025-09-07 09:45:57,128 [e6e13cb3-e32b-4d2d-874a-1e4700c67398@group-09A5C1734F32-LeaderElection167] INFO  impl.LeaderElection (LogUtils.java:infoOrTrace(142)) -   Exception 1: java.util.concurrent.ExecutionException: org.apache.ratis.thirdparty.io.grpc.StatusRuntimeException: UNAVAILABLE: io exception
2025-09-07 09:45:57,128 [e6e13cb3-e32b-4d2d-874a-1e4700c67398@group-09A5C1734F32-LeaderElection167] INFO  impl.LeaderElection (LeaderElection.java:askForVotes(450)) - e6e13cb3-e32b-4d2d-874a-1e4700c67398@group-09A5C1734F32-LeaderElection167 PRE_VOTE round 0: result REJECTED
2025-09-07 09:45:57,128 [e6e13cb3-e32b-4d2d-874a-1e4700c67398@group-09A5C1734F32-LeaderElection167] INFO  server.RaftServer$Division (RaftServerImpl.java:setRole(392)) - e6e13cb3-e32b-4d2d-874a-1e4700c67398@group-09A5C1734F32: changes role from CANDIDATE to FOLLOWER at term 1 for REJECTED
2025-09-07 09:45:57,128 [e6e13cb3-e32b-4d2d-874a-1e4700c67398@group-09A5C1734F32-LeaderElection167] INFO  impl.RoleInfo (RoleInfo.java:shutdownLeaderElection(141)) - e6e13cb3-e32b-4d2d-874a-1e4700c67398: shutdown e6e13cb3-e32b-4d2d-874a-1e4700c67398@group-09A5C1734F32-LeaderElection167
2025-09-07 09:45:57,128 [e6e13cb3-e32b-4d2d-874a-1e4700c67398@group-09A5C1734F32-LeaderElection167] INFO  impl.RoleInfo (RoleInfo.java:updateAndGet(148)) - e6e13cb3-e32b-4d2d-874a-1e4700c67398: start e6e13cb3-e32b-4d2d-874a-1e4700c67398@group-09A5C1734F32-FollowerState
2025-09-07 09:45:57,130 [e6e13cb3-e32b-4d2d-874a-1e4700c67398@group-9E511D2458D0-FollowerState] INFO  impl.FollowerState (FollowerState.java:runImpl(161)) - e6e13cb3-e32b-4d2d-874a-1e4700c67398@group-9E511D2458D0-FollowerState: change to CANDIDATE, lastRpcElapsedTime:1028333739ns, electionTimeout:1028ms
2025-09-07 09:45:57,130 [e6e13cb3-e32b-4d2d-874a-1e4700c67398@group-9E511D2458D0-FollowerState] INFO  impl.RoleInfo (RoleInfo.java:shutdownFollowerState(121)) - e6e13cb3-e32b-4d2d-874a-1e4700c67398: shutdown e6e13cb3-e32b-4d2d-874a-1e4700c67398@group-9E511D2458D0-FollowerState
2025-09-07 09:45:57,130 [e6e13cb3-e32b-4d2d-874a-1e4700c67398@group-9E511D2458D0-FollowerState] INFO  server.RaftServer$Division (RaftServerImpl.java:setRole(392)) - e6e13cb3-e32b-4d2d-874a-1e4700c67398@group-9E511D2458D0: changes role from  FOLLOWER to CANDIDATE at term 1 for changeToCandidate
2025-09-07 09:45:57,130 [e6e13cb3-e32b-4d2d-874a-1e4700c67398@group-9E511D2458D0-FollowerState] INFO  impl.RoleInfo (RoleInfo.java:updateAndGet(148)) - e6e13cb3-e32b-4d2d-874a-1e4700c67398: start e6e13cb3-e32b-4d2d-874a-1e4700c67398@group-9E511D2458D0-LeaderElection168
2025-09-07 09:45:57,130 [e6e13cb3-e32b-4d2d-874a-1e4700c67398@group-9E511D2458D0-LeaderElection168] INFO  impl.LeaderElection (LeaderElection.java:askForVotes(448)) - e6e13cb3-e32b-4d2d-874a-1e4700c67398@group-9E511D2458D0-LeaderElection168 PRE_VOTE round 0: submit vote requests at term 1 for conf: {index: 0, cur=peers:[90a60b70-6b91-4fb2-a612-7ac0b6911dfc|127.0.0.1:15047, e6e13cb3-e32b-4d2d-874a-1e4700c67398|127.0.0.1:15055, 7c7182dc-ac7f-44a8-b1d4-5d10f99cbcf2|127.0.0.1:15039]|listeners:[], old=null}
2025-09-07 09:45:57,130 [e6e13cb3-e32b-4d2d-874a-1e4700c67398@group-9E511D2458D0-LeaderElection168] INFO  impl.LeaderElection (LogUtils.java:infoOrTrace(142)) - e6e13cb3-e32b-4d2d-874a-1e4700c67398@group-9E511D2458D0-LeaderElection168 got exception when requesting votes: java.util.concurrent.ExecutionException: org.apache.ratis.thirdparty.io.grpc.StatusRuntimeException: UNAVAILABLE: io exception
2025-09-07 09:45:57,130 [e6e13cb3-e32b-4d2d-874a-1e4700c67398@group-9E511D2458D0-LeaderElection168] INFO  impl.LeaderElection (LogUtils.java:infoOrTrace(142)) - e6e13cb3-e32b-4d2d-874a-1e4700c67398@group-9E511D2458D0-LeaderElection168 got exception when requesting votes: java.util.concurrent.ExecutionException: org.apache.ratis.thirdparty.io.grpc.StatusRuntimeException: UNAVAILABLE: io exception
2025-09-07 09:45:57,130 [e6e13cb3-e32b-4d2d-874a-1e4700c67398@group-9E511D2458D0-LeaderElection168] INFO  impl.LeaderElection (LeaderElection.java:logAndReturn(206)) - e6e13cb3-e32b-4d2d-874a-1e4700c67398@group-9E511D2458D0-LeaderElection168: PRE_VOTE REJECTED received 0 response(s) and 2 exception(s):
2025-09-07 09:45:57,130 [e6e13cb3-e32b-4d2d-874a-1e4700c67398@group-9E511D2458D0-LeaderElection168] INFO  impl.LeaderElection (LogUtils.java:infoOrTrace(142)) -   Exception 0: java.util.concurrent.ExecutionException: org.apache.ratis.thirdparty.io.grpc.StatusRuntimeException: UNAVAILABLE: io exception
2025-09-07 09:45:57,131 [e6e13cb3-e32b-4d2d-874a-1e4700c67398@group-9E511D2458D0-LeaderElection168] INFO  impl.LeaderElection (LogUtils.java:infoOrTrace(142)) -   Exception 1: java.util.concurrent.ExecutionException: org.apache.ratis.thirdparty.io.grpc.StatusRuntimeException: UNAVAILABLE: io exception
2025-09-07 09:45:57,131 [e6e13cb3-e32b-4d2d-874a-1e4700c67398@group-9E511D2458D0-LeaderElection168] INFO  impl.LeaderElection (LeaderElection.java:askForVotes(450)) - e6e13cb3-e32b-4d2d-874a-1e4700c67398@group-9E511D2458D0-LeaderElection168 PRE_VOTE round 0: result REJECTED
2025-09-07 09:45:57,131 [e6e13cb3-e32b-4d2d-874a-1e4700c67398@group-9E511D2458D0-LeaderElection168] INFO  server.RaftServer$Division (RaftServerImpl.java:setRole(392)) - e6e13cb3-e32b-4d2d-874a-1e4700c67398@group-9E511D2458D0: changes role from CANDIDATE to FOLLOWER at term 1 for REJECTED
2025-09-07 09:45:57,131 [e6e13cb3-e32b-4d2d-874a-1e4700c67398@group-9E511D2458D0-LeaderElection168] INFO  impl.RoleInfo (RoleInfo.java:shutdownLeaderElection(141)) - e6e13cb3-e32b-4d2d-874a-1e4700c67398: shutdown e6e13cb3-e32b-4d2d-874a-1e4700c67398@group-9E511D2458D0-LeaderElection168
2025-09-07 09:45:57,131 [e6e13cb3-e32b-4d2d-874a-1e4700c67398@group-9E511D2458D0-LeaderElection168] INFO  impl.RoleInfo (RoleInfo.java:updateAndGet(148)) - e6e13cb3-e32b-4d2d-874a-1e4700c67398: start e6e13cb3-e32b-4d2d-874a-1e4700c67398@group-9E511D2458D0-FollowerState
2025-09-07 09:45:58,219 [e6e13cb3-e32b-4d2d-874a-1e4700c67398@group-9E511D2458D0-FollowerState] INFO  impl.FollowerState (FollowerState.java:runImpl(161)) - e6e13cb3-e32b-4d2d-874a-1e4700c67398@group-9E511D2458D0-FollowerState: change to CANDIDATE, lastRpcElapsedTime:1088374908ns, electionTimeout:1088ms
2025-09-07 09:45:58,219 [e6e13cb3-e32b-4d2d-874a-1e4700c67398@group-9E511D2458D0-FollowerState] INFO  impl.RoleInfo (RoleInfo.java:shutdownFollowerState(121)) - e6e13cb3-e32b-4d2d-874a-1e4700c67398: shutdown e6e13cb3-e32b-4d2d-874a-1e4700c67398@group-9E511D2458D0-FollowerState
2025-09-07 09:45:58,219 [e6e13cb3-e32b-4d2d-874a-1e4700c67398@group-9E511D2458D0-FollowerState] INFO  server.RaftServer$Division (RaftServerImpl.java:setRole(392)) - e6e13cb3-e32b-4d2d-874a-1e4700c67398@group-9E511D2458D0: changes role from  FOLLOWER to CANDIDATE at term 1 for changeToCandidate
2025-09-07 09:45:58,219 [e6e13cb3-e32b-4d2d-874a-1e4700c67398@group-9E511D2458D0-FollowerState] INFO  impl.RoleInfo (RoleInfo.java:updateAndGet(148)) - e6e13cb3-e32b-4d2d-874a-1e4700c67398: start e6e13cb3-e32b-4d2d-874a-1e4700c67398@group-9E511D2458D0-LeaderElection169
2025-09-07 09:45:58,220 [e6e13cb3-e32b-4d2d-874a-1e4700c67398@group-9E511D2458D0-LeaderElection169] INFO  impl.LeaderElection (LeaderElection.java:askForVotes(448)) - e6e13cb3-e32b-4d2d-874a-1e4700c67398@group-9E511D2458D0-LeaderElection169 PRE_VOTE round 0: submit vote requests at term 1 for conf: {index: 0, cur=peers:[90a60b70-6b91-4fb2-a612-7ac0b6911dfc|127.0.0.1:15047, e6e13cb3-e32b-4d2d-874a-1e4700c67398|127.0.0.1:15055, 7c7182dc-ac7f-44a8-b1d4-5d10f99cbcf2|127.0.0.1:15039]|listeners:[], old=null}
2025-09-07 09:45:58,220 [e6e13cb3-e32b-4d2d-874a-1e4700c67398@group-9E511D2458D0-LeaderElection169] INFO  impl.LeaderElection (LogUtils.java:infoOrTrace(142)) - e6e13cb3-e32b-4d2d-874a-1e4700c67398@group-9E511D2458D0-LeaderElection169 got exception when requesting votes: java.util.concurrent.ExecutionException: org.apache.ratis.thirdparty.io.grpc.StatusRuntimeException: UNAVAILABLE: io exception
2025-09-07 09:45:58,220 [e6e13cb3-e32b-4d2d-874a-1e4700c67398@group-9E511D2458D0-LeaderElection169] INFO  impl.LeaderElection (LogUtils.java:infoOrTrace(142)) - e6e13cb3-e32b-4d2d-874a-1e4700c67398@group-9E511D2458D0-LeaderElection169 got exception when requesting votes: java.util.concurrent.ExecutionException: org.apache.ratis.thirdparty.io.grpc.StatusRuntimeException: UNAVAILABLE: io exception
2025-09-07 09:45:58,220 [e6e13cb3-e32b-4d2d-874a-1e4700c67398@group-9E511D2458D0-LeaderElection169] INFO  impl.LeaderElection (LeaderElection.java:logAndReturn(206)) - e6e13cb3-e32b-4d2d-874a-1e4700c67398@group-9E511D2458D0-LeaderElection169: PRE_VOTE REJECTED received 0 response(s) and 2 exception(s):
2025-09-07 09:45:58,220 [e6e13cb3-e32b-4d2d-874a-1e4700c67398@group-9E511D2458D0-LeaderElection169] INFO  impl.LeaderElection (LogUtils.java:infoOrTrace(142)) -   Exception 0: java.util.concurrent.ExecutionException: org.apache.ratis.thirdparty.io.grpc.StatusRuntimeException: UNAVAILABLE: io exception
2025-09-07 09:45:58,221 [e6e13cb3-e32b-4d2d-874a-1e4700c67398@group-9E511D2458D0-LeaderElection169] INFO  impl.LeaderElection (LogUtils.java:infoOrTrace(142)) -   Exception 1: java.util.concurrent.ExecutionException: org.apache.ratis.thirdparty.io.grpc.StatusRuntimeException: UNAVAILABLE: io exception
2025-09-07 09:45:58,221 [e6e13cb3-e32b-4d2d-874a-1e4700c67398@group-9E511D2458D0-LeaderElection169] INFO  impl.LeaderElection (LeaderElection.java:askForVotes(450)) - e6e13cb3-e32b-4d2d-874a-1e4700c67398@group-9E511D2458D0-LeaderElection169 PRE_VOTE round 0: result REJECTED
2025-09-07 09:45:58,221 [e6e13cb3-e32b-4d2d-874a-1e4700c67398@group-9E511D2458D0-LeaderElection169] INFO  server.RaftServer$Division (RaftServerImpl.java:setRole(392)) - e6e13cb3-e32b-4d2d-874a-1e4700c67398@group-9E511D2458D0: changes role from CANDIDATE to FOLLOWER at term 1 for REJECTED
2025-09-07 09:45:58,221 [e6e13cb3-e32b-4d2d-874a-1e4700c67398@group-9E511D2458D0-LeaderElection169] INFO  impl.RoleInfo (RoleInfo.java:shutdownLeaderElection(141)) - e6e13cb3-e32b-4d2d-874a-1e4700c67398: shutdown e6e13cb3-e32b-4d2d-874a-1e4700c67398@group-9E511D2458D0-LeaderElection169
2025-09-07 09:45:58,221 [e6e13cb3-e32b-4d2d-874a-1e4700c67398@group-9E511D2458D0-LeaderElection169] INFO  impl.RoleInfo (RoleInfo.java:updateAndGet(148)) - e6e13cb3-e32b-4d2d-874a-1e4700c67398: start e6e13cb3-e32b-4d2d-874a-1e4700c67398@group-9E511D2458D0-FollowerState
2025-09-07 09:45:58,309 [e6e13cb3-e32b-4d2d-874a-1e4700c67398@group-09A5C1734F32-FollowerState] INFO  impl.FollowerState (FollowerState.java:runImpl(161)) - e6e13cb3-e32b-4d2d-874a-1e4700c67398@group-09A5C1734F32-FollowerState: change to CANDIDATE, lastRpcElapsedTime:1181254563ns, electionTimeout:1181ms
2025-09-07 09:45:58,310 [e6e13cb3-e32b-4d2d-874a-1e4700c67398@group-09A5C1734F32-FollowerState] INFO  impl.RoleInfo (RoleInfo.java:shutdownFollowerState(121)) - e6e13cb3-e32b-4d2d-874a-1e4700c67398: shutdown e6e13cb3-e32b-4d2d-874a-1e4700c67398@group-09A5C1734F32-FollowerState
2025-09-07 09:45:58,310 [e6e13cb3-e32b-4d2d-874a-1e4700c67398@group-09A5C1734F32-FollowerState] INFO  server.RaftServer$Division (RaftServerImpl.java:setRole(392)) - e6e13cb3-e32b-4d2d-874a-1e4700c67398@group-09A5C1734F32: changes role from  FOLLOWER to CANDIDATE at term 1 for changeToCandidate
2025-09-07 09:45:58,310 [e6e13cb3-e32b-4d2d-874a-1e4700c67398@group-09A5C1734F32-FollowerState] INFO  impl.RoleInfo (RoleInfo.java:updateAndGet(148)) - e6e13cb3-e32b-4d2d-874a-1e4700c67398: start e6e13cb3-e32b-4d2d-874a-1e4700c67398@group-09A5C1734F32-LeaderElection170
2025-09-07 09:45:58,310 [e6e13cb3-e32b-4d2d-874a-1e4700c67398@group-09A5C1734F32-LeaderElection170] INFO  impl.LeaderElection (LeaderElection.java:askForVotes(448)) - e6e13cb3-e32b-4d2d-874a-1e4700c67398@group-09A5C1734F32-LeaderElection170 PRE_VOTE round 0: submit vote requests at term 1 for conf: {index: 0, cur=peers:[90a60b70-6b91-4fb2-a612-7ac0b6911dfc|127.0.0.1:15047, e6e13cb3-e32b-4d2d-874a-1e4700c67398|127.0.0.1:15055, 7c7182dc-ac7f-44a8-b1d4-5d10f99cbcf2|127.0.0.1:15039]|listeners:[], old=null}
2025-09-07 09:45:58,311 [e6e13cb3-e32b-4d2d-874a-1e4700c67398@group-09A5C1734F32-LeaderElection170] INFO  impl.LeaderElection (LogUtils.java:infoOrTrace(142)) - e6e13cb3-e32b-4d2d-874a-1e4700c67398@group-09A5C1734F32-LeaderElection170 got exception when requesting votes: java.util.concurrent.ExecutionException: org.apache.ratis.thirdparty.io.grpc.StatusRuntimeException: UNAVAILABLE: io exception
2025-09-07 09:45:58,311 [e6e13cb3-e32b-4d2d-874a-1e4700c67398@group-09A5C1734F32-LeaderElection170] INFO  impl.LeaderElection (LogUtils.java:infoOrTrace(142)) - e6e13cb3-e32b-4d2d-874a-1e4700c67398@group-09A5C1734F32-LeaderElection170 got exception when requesting votes: java.util.concurrent.ExecutionException: org.apache.ratis.thirdparty.io.grpc.StatusRuntimeException: UNAVAILABLE: io exception
2025-09-07 09:45:58,311 [e6e13cb3-e32b-4d2d-874a-1e4700c67398@group-09A5C1734F32-LeaderElection170] INFO  impl.LeaderElection (LeaderElection.java:logAndReturn(206)) - e6e13cb3-e32b-4d2d-874a-1e4700c67398@group-09A5C1734F32-LeaderElection170: PRE_VOTE REJECTED received 0 response(s) and 2 exception(s):
2025-09-07 09:45:58,311 [e6e13cb3-e32b-4d2d-874a-1e4700c67398@group-09A5C1734F32-LeaderElection170] INFO  impl.LeaderElection (LogUtils.java:infoOrTrace(142)) -   Exception 0: java.util.concurrent.ExecutionException: org.apache.ratis.thirdparty.io.grpc.StatusRuntimeException: UNAVAILABLE: io exception
2025-09-07 09:45:58,311 [e6e13cb3-e32b-4d2d-874a-1e4700c67398@group-09A5C1734F32-LeaderElection170] INFO  impl.LeaderElection (LogUtils.java:infoOrTrace(142)) -   Exception 1: java.util.concurrent.ExecutionException: org.apache.ratis.thirdparty.io.grpc.StatusRuntimeException: UNAVAILABLE: io exception
2025-09-07 09:45:58,311 [e6e13cb3-e32b-4d2d-874a-1e4700c67398@group-09A5C1734F32-LeaderElection170] INFO  impl.LeaderElection (LeaderElection.java:askForVotes(450)) - e6e13cb3-e32b-4d2d-874a-1e4700c67398@group-09A5C1734F32-LeaderElection170 PRE_VOTE round 0: result REJECTED
2025-09-07 09:45:58,311 [e6e13cb3-e32b-4d2d-874a-1e4700c67398@group-09A5C1734F32-LeaderElection170] INFO  server.RaftServer$Division (RaftServerImpl.java:setRole(392)) - e6e13cb3-e32b-4d2d-874a-1e4700c67398@group-09A5C1734F32: changes role from CANDIDATE to FOLLOWER at term 1 for REJECTED
2025-09-07 09:45:58,311 [e6e13cb3-e32b-4d2d-874a-1e4700c67398@group-09A5C1734F32-LeaderElection170] INFO  impl.RoleInfo (RoleInfo.java:shutdownLeaderElection(141)) - e6e13cb3-e32b-4d2d-874a-1e4700c67398: shutdown e6e13cb3-e32b-4d2d-874a-1e4700c67398@group-09A5C1734F32-LeaderElection170
2025-09-07 09:45:58,311 [e6e13cb3-e32b-4d2d-874a-1e4700c67398@group-09A5C1734F32-LeaderElection170] INFO  impl.RoleInfo (RoleInfo.java:updateAndGet(148)) - e6e13cb3-e32b-4d2d-874a-1e4700c67398: start e6e13cb3-e32b-4d2d-874a-1e4700c67398@group-09A5C1734F32-FollowerState
2025-09-07 09:45:59,255 [e6e13cb3-e32b-4d2d-874a-1e4700c67398@group-9E511D2458D0-FollowerState] INFO  impl.FollowerState (FollowerState.java:runImpl(161)) - e6e13cb3-e32b-4d2d-874a-1e4700c67398@group-9E511D2458D0-FollowerState: change to CANDIDATE, lastRpcElapsedTime:1034392073ns, electionTimeout:1034ms
2025-09-07 09:45:59,255 [e6e13cb3-e32b-4d2d-874a-1e4700c67398@group-9E511D2458D0-FollowerState] INFO  impl.RoleInfo (RoleInfo.java:shutdownFollowerState(121)) - e6e13cb3-e32b-4d2d-874a-1e4700c67398: shutdown e6e13cb3-e32b-4d2d-874a-1e4700c67398@group-9E511D2458D0-FollowerState
2025-09-07 09:45:59,255 [e6e13cb3-e32b-4d2d-874a-1e4700c67398@group-9E511D2458D0-FollowerState] INFO  server.RaftServer$Division (RaftServerImpl.java:setRole(392)) - e6e13cb3-e32b-4d2d-874a-1e4700c67398@group-9E511D2458D0: changes role from  FOLLOWER to CANDIDATE at term 1 for changeToCandidate
2025-09-07 09:45:59,255 [e6e13cb3-e32b-4d2d-874a-1e4700c67398@group-9E511D2458D0-FollowerState] INFO  impl.RoleInfo (RoleInfo.java:updateAndGet(148)) - e6e13cb3-e32b-4d2d-874a-1e4700c67398: start e6e13cb3-e32b-4d2d-874a-1e4700c67398@group-9E511D2458D0-LeaderElection171
2025-09-07 09:45:59,256 [e6e13cb3-e32b-4d2d-874a-1e4700c67398@group-9E511D2458D0-LeaderElection171] INFO  impl.LeaderElection (LeaderElection.java:askForVotes(448)) - e6e13cb3-e32b-4d2d-874a-1e4700c67398@group-9E511D2458D0-LeaderElection171 PRE_VOTE round 0: submit vote requests at term 1 for conf: {index: 0, cur=peers:[90a60b70-6b91-4fb2-a612-7ac0b6911dfc|127.0.0.1:15047, e6e13cb3-e32b-4d2d-874a-1e4700c67398|127.0.0.1:15055, 7c7182dc-ac7f-44a8-b1d4-5d10f99cbcf2|127.0.0.1:15039]|listeners:[], old=null}
2025-09-07 09:45:59,256 [e6e13cb3-e32b-4d2d-874a-1e4700c67398@group-9E511D2458D0-LeaderElection171] INFO  impl.LeaderElection (LogUtils.java:infoOrTrace(142)) - e6e13cb3-e32b-4d2d-874a-1e4700c67398@group-9E511D2458D0-LeaderElection171 got exception when requesting votes: java.util.concurrent.ExecutionException: org.apache.ratis.thirdparty.io.grpc.StatusRuntimeException: UNAVAILABLE: io exception
2025-09-07 09:45:59,256 [e6e13cb3-e32b-4d2d-874a-1e4700c67398@group-9E511D2458D0-LeaderElection171] INFO  impl.LeaderElection (LogUtils.java:infoOrTrace(142)) - e6e13cb3-e32b-4d2d-874a-1e4700c67398@group-9E511D2458D0-LeaderElection171 got exception when requesting votes: java.util.concurrent.ExecutionException: org.apache.ratis.thirdparty.io.grpc.StatusRuntimeException: UNAVAILABLE: io exception
2025-09-07 09:45:59,256 [e6e13cb3-e32b-4d2d-874a-1e4700c67398@group-9E511D2458D0-LeaderElection171] INFO  impl.LeaderElection (LeaderElection.java:logAndReturn(206)) - e6e13cb3-e32b-4d2d-874a-1e4700c67398@group-9E511D2458D0-LeaderElection171: PRE_VOTE REJECTED received 0 response(s) and 2 exception(s):
2025-09-07 09:45:59,256 [e6e13cb3-e32b-4d2d-874a-1e4700c67398@group-9E511D2458D0-LeaderElection171] INFO  impl.LeaderElection (LogUtils.java:infoOrTrace(142)) -   Exception 0: java.util.concurrent.ExecutionException: org.apache.ratis.thirdparty.io.grpc.StatusRuntimeException: UNAVAILABLE: io exception
2025-09-07 09:45:59,256 [e6e13cb3-e32b-4d2d-874a-1e4700c67398@group-9E511D2458D0-LeaderElection171] INFO  impl.LeaderElection (LogUtils.java:infoOrTrace(142)) -   Exception 1: java.util.concurrent.ExecutionException: org.apache.ratis.thirdparty.io.grpc.StatusRuntimeException: UNAVAILABLE: io exception
2025-09-07 09:45:59,256 [e6e13cb3-e32b-4d2d-874a-1e4700c67398@group-9E511D2458D0-LeaderElection171] INFO  impl.LeaderElection (LeaderElection.java:askForVotes(450)) - e6e13cb3-e32b-4d2d-874a-1e4700c67398@group-9E511D2458D0-LeaderElection171 PRE_VOTE round 0: result REJECTED
2025-09-07 09:45:59,257 [e6e13cb3-e32b-4d2d-874a-1e4700c67398@group-9E511D2458D0-LeaderElection171] INFO  server.RaftServer$Division (RaftServerImpl.java:setRole(392)) - e6e13cb3-e32b-4d2d-874a-1e4700c67398@group-9E511D2458D0: changes role from CANDIDATE to FOLLOWER at term 1 for REJECTED
2025-09-07 09:45:59,257 [e6e13cb3-e32b-4d2d-874a-1e4700c67398@group-9E511D2458D0-LeaderElection171] INFO  impl.RoleInfo (RoleInfo.java:shutdownLeaderElection(141)) - e6e13cb3-e32b-4d2d-874a-1e4700c67398: shutdown e6e13cb3-e32b-4d2d-874a-1e4700c67398@group-9E511D2458D0-LeaderElection171
2025-09-07 09:45:59,257 [e6e13cb3-e32b-4d2d-874a-1e4700c67398@group-9E511D2458D0-LeaderElection171] INFO  impl.RoleInfo (RoleInfo.java:updateAndGet(148)) - e6e13cb3-e32b-4d2d-874a-1e4700c67398: start e6e13cb3-e32b-4d2d-874a-1e4700c67398@group-9E511D2458D0-FollowerState
2025-09-07 09:45:59,451 [e6e13cb3-e32b-4d2d-874a-1e4700c67398@group-09A5C1734F32-FollowerState] INFO  impl.FollowerState (FollowerState.java:runImpl(161)) - e6e13cb3-e32b-4d2d-874a-1e4700c67398@group-09A5C1734F32-FollowerState: change to CANDIDATE, lastRpcElapsedTime:1140311368ns, electionTimeout:1140ms
2025-09-07 09:45:59,451 [e6e13cb3-e32b-4d2d-874a-1e4700c67398@group-09A5C1734F32-FollowerState] INFO  impl.RoleInfo (RoleInfo.java:shutdownFollowerState(121)) - e6e13cb3-e32b-4d2d-874a-1e4700c67398: shutdown e6e13cb3-e32b-4d2d-874a-1e4700c67398@group-09A5C1734F32-FollowerState
2025-09-07 09:45:59,452 [e6e13cb3-e32b-4d2d-874a-1e4700c67398@group-09A5C1734F32-FollowerState] INFO  server.RaftServer$Division (RaftServerImpl.java:setRole(392)) - e6e13cb3-e32b-4d2d-874a-1e4700c67398@group-09A5C1734F32: changes role from  FOLLOWER to CANDIDATE at term 1 for changeToCandidate
2025-09-07 09:45:59,452 [e6e13cb3-e32b-4d2d-874a-1e4700c67398@group-09A5C1734F32-FollowerState] INFO  impl.RoleInfo (RoleInfo.java:updateAndGet(148)) - e6e13cb3-e32b-4d2d-874a-1e4700c67398: start e6e13cb3-e32b-4d2d-874a-1e4700c67398@group-09A5C1734F32-LeaderElection172
2025-09-07 09:45:59,452 [e6e13cb3-e32b-4d2d-874a-1e4700c67398@group-09A5C1734F32-LeaderElection172] INFO  impl.LeaderElection (LeaderElection.java:askForVotes(448)) - e6e13cb3-e32b-4d2d-874a-1e4700c67398@group-09A5C1734F32-LeaderElection172 PRE_VOTE round 0: submit vote requests at term 1 for conf: {index: 0, cur=peers:[90a60b70-6b91-4fb2-a612-7ac0b6911dfc|127.0.0.1:15047, e6e13cb3-e32b-4d2d-874a-1e4700c67398|127.0.0.1:15055, 7c7182dc-ac7f-44a8-b1d4-5d10f99cbcf2|127.0.0.1:15039]|listeners:[], old=null}
2025-09-07 09:45:59,452 [e6e13cb3-e32b-4d2d-874a-1e4700c67398@group-09A5C1734F32-LeaderElection172] INFO  impl.LeaderElection (LogUtils.java:infoOrTrace(142)) - e6e13cb3-e32b-4d2d-874a-1e4700c67398@group-09A5C1734F32-LeaderElection172 got exception when requesting votes: java.util.concurrent.ExecutionException: org.apache.ratis.thirdparty.io.grpc.StatusRuntimeException: UNAVAILABLE: io exception
2025-09-07 09:45:59,453 [e6e13cb3-e32b-4d2d-874a-1e4700c67398@group-09A5C1734F32-LeaderElection172] INFO  impl.LeaderElection (LogUtils.java:infoOrTrace(142)) - e6e13cb3-e32b-4d2d-874a-1e4700c67398@group-09A5C1734F32-LeaderElection172 got exception when requesting votes: java.util.concurrent.ExecutionException: org.apache.ratis.thirdparty.io.grpc.StatusRuntimeException: UNAVAILABLE: io exception
2025-09-07 09:45:59,453 [e6e13cb3-e32b-4d2d-874a-1e4700c67398@group-09A5C1734F32-LeaderElection172] INFO  impl.LeaderElection (LeaderElection.java:logAndReturn(206)) - e6e13cb3-e32b-4d2d-874a-1e4700c67398@group-09A5C1734F32-LeaderElection172: PRE_VOTE REJECTED received 0 response(s) and 2 exception(s):
2025-09-07 09:45:59,453 [e6e13cb3-e32b-4d2d-874a-1e4700c67398@group-09A5C1734F32-LeaderElection172] INFO  impl.LeaderElection (LogUtils.java:infoOrTrace(142)) -   Exception 0: java.util.concurrent.ExecutionException: org.apache.ratis.thirdparty.io.grpc.StatusRuntimeException: UNAVAILABLE: io exception
2025-09-07 09:45:59,453 [e6e13cb3-e32b-4d2d-874a-1e4700c67398@group-09A5C1734F32-LeaderElection172] INFO  impl.LeaderElection (LogUtils.java:infoOrTrace(142)) -   Exception 1: java.util.concurrent.ExecutionException: org.apache.ratis.thirdparty.io.grpc.StatusRuntimeException: UNAVAILABLE: io exception
2025-09-07 09:45:59,453 [e6e13cb3-e32b-4d2d-874a-1e4700c67398@group-09A5C1734F32-LeaderElection172] INFO  impl.LeaderElection (LeaderElection.java:askForVotes(450)) - e6e13cb3-e32b-4d2d-874a-1e4700c67398@group-09A5C1734F32-LeaderElection172 PRE_VOTE round 0: result REJECTED
2025-09-07 09:45:59,453 [e6e13cb3-e32b-4d2d-874a-1e4700c67398@group-09A5C1734F32-LeaderElection172] INFO  server.RaftServer$Division (RaftServerImpl.java:setRole(392)) - e6e13cb3-e32b-4d2d-874a-1e4700c67398@group-09A5C1734F32: changes role from CANDIDATE to FOLLOWER at term 1 for REJECTED
2025-09-07 09:45:59,453 [e6e13cb3-e32b-4d2d-874a-1e4700c67398@group-09A5C1734F32-LeaderElection172] INFO  impl.RoleInfo (RoleInfo.java:shutdownLeaderElection(141)) - e6e13cb3-e32b-4d2d-874a-1e4700c67398: shutdown e6e13cb3-e32b-4d2d-874a-1e4700c67398@group-09A5C1734F32-LeaderElection172
2025-09-07 09:45:59,453 [e6e13cb3-e32b-4d2d-874a-1e4700c67398@group-09A5C1734F32-LeaderElection172] INFO  impl.RoleInfo (RoleInfo.java:updateAndGet(148)) - e6e13cb3-e32b-4d2d-874a-1e4700c67398: start e6e13cb3-e32b-4d2d-874a-1e4700c67398@group-09A5C1734F32-FollowerState
2025-09-07 09:45:59,841 [grpc-default-executor-2] ERROR impl.OrderedAsync (OrderedAsync.java:lambda$null$6(215)) -  client-DE39E7586232: Failed* RaftClientRequest:client-DE39E7586232->7c7182dc-ac7f-44a8-b1d4-5d10f99cbcf2@group-09A5C1734F32, cid=55, seq=6*, RW, cmdType: WriteChunk
traceID: ""
containerID: 7
datanodeUuid: "90a60b70-6b91-4fb2-a612-7ac0b6911dfc"
writeChunk {
  blockID {
    containerID: 7
    localID: 115816896921600007
    blockCommitSequenceId: 4
    replicaIndex: 0
  }
  chunkData {
    chunkName: "115816896921600007_chunk_3"
    offset: 2097152
    len: 524288
    checksumData {
      type: CRC32
      bytesPerChecksum: 16384
      checksums: "\326\360U\321"
      checksums: "\326\360U\321"
      checksums: "\326\360U\321"
      checksums: "\326\360U\321"
      checksums: "\326\360U\321"
      checksums: "\326\360U\321"
      checksums: "\326\360U\321"
      checksums: "\326\360U\321"
      checksums: "\326\360U\321"
      checksums: "\326\360U\321"
      checksums: "\326\360U\321"
      checksums: "\326\360U\321"
      checksums: "\326\360U\321"
      checksums: "\326\360U\321"
      checksums: "\326\360U\321"
      checksums: "\326\360U\321"
      checksums: "\326\360U\321"
      checksums: "\326\360U\321"
      checksums: "\326\360U\321"
      checksums: "\326\360U\321"
      checksums: "\326\360U\321"
      checksums: "\326\360U\321"
      checksums: "\326\360U\321"
      checksums: "\326\360U\321"
      checksums: "\326\360U\321"
      checksums: "\326\360U\321"
      checksums: "\326\360U\321"
      checksums: "\326\360U\321"
      checksums: "\326\360U\321"
      checksums: "\326\360U\321"
      checksums: "\326\360U\321"
      checksums: "a\003G\263"
    }
  }
}
version: 3
, data.size=524288
java.util.concurrent.CompletionException: java.io.IOException: org.apache.ratis.thirdparty.io.grpc.StatusRuntimeException: UNAVAILABLE: io exception
	at java.base/java.util.concurrent.CompletableFuture.encodeThrowable(CompletableFuture.java:332)
	at java.base/java.util.concurrent.CompletableFuture.completeThrowable(CompletableFuture.java:347)
	at java.base/java.util.concurrent.CompletableFuture$UniAccept.tryFire(CompletableFuture.java:708)
	at java.base/java.util.concurrent.CompletableFuture.postComplete(CompletableFuture.java:510)
	at java.base/java.util.concurrent.CompletableFuture.completeExceptionally(CompletableFuture.java:2194)
	at org.apache.ratis.grpc.client.GrpcClientProtocolClient$AsyncStreamObservers.completeReplyExceptionally(GrpcClientProtocolClient.java:397)
	at org.apache.ratis.grpc.client.GrpcClientProtocolClient$AsyncStreamObservers.access$000(GrpcClientProtocolClient.java:303)
	at org.apache.ratis.grpc.client.GrpcClientProtocolClient$AsyncStreamObservers$1.onError(GrpcClientProtocolClient.java:334)
	at org.apache.ratis.thirdparty.io.grpc.stub.ClientCalls$StreamObserverToCallListenerAdapter.onClose(ClientCalls.java:564)
	at org.apache.ratis.thirdparty.io.grpc.PartialForwardingClientCallListener.onClose(PartialForwardingClientCallListener.java:39)
	at org.apache.ratis.thirdparty.io.grpc.ForwardingClientCallListener.onClose(ForwardingClientCallListener.java:23)
	at org.apache.ratis.grpc.metrics.intercept.client.MetricClientCallListener.onClose(MetricClientCallListener.java:47)
	at org.apache.ratis.thirdparty.io.grpc.internal.DelayedClientCall$DelayedListener$3.run(DelayedClientCall.java:489)
	at org.apache.ratis.thirdparty.io.grpc.internal.DelayedClientCall$DelayedListener.delayOrExecute(DelayedClientCall.java:453)
	at org.apache.ratis.thirdparty.io.grpc.internal.DelayedClientCall$DelayedListener.onClose(DelayedClientCall.java:486)
	at org.apache.ratis.thirdparty.io.grpc.internal.ClientCallImpl.closeObserver(ClientCallImpl.java:565)
	at org.apache.ratis.thirdparty.io.grpc.internal.ClientCallImpl.access$100(ClientCallImpl.java:72)
	at org.apache.ratis.thirdparty.io.grpc.internal.ClientCallImpl$ClientStreamListenerImpl$1StreamClosed.runInternal(ClientCallImpl.java:733)
	at org.apache.ratis.thirdparty.io.grpc.internal.ClientCallImpl$ClientStreamListenerImpl$1StreamClosed.runInContext(ClientCallImpl.java:714)
	at org.apache.ratis.thirdparty.io.grpc.internal.ContextRunnable.run(ContextRunnable.java:37)
	at org.apache.ratis.thirdparty.io.grpc.internal.SerializingExecutor.run(SerializingExecutor.java:133)
	at java.base/java.util.concurrent.ThreadPoolExecutor.runWorker(ThreadPoolExecutor.java:1144)
	at java.base/java.util.concurrent.ThreadPoolExecutor$Worker.run(ThreadPoolExecutor.java:642)
	at java.base/java.lang.Thread.run(Thread.java:1583)
Caused by: java.io.IOException: org.apache.ratis.thirdparty.io.grpc.StatusRuntimeException: UNAVAILABLE: io exception
	at org.apache.ratis.grpc.GrpcUtil.unwrapException(GrpcUtil.java:99)
	at org.apache.ratis.grpc.GrpcUtil.unwrapIOException(GrpcUtil.java:159)
	at org.apache.ratis.grpc.client.GrpcClientProtocolClient$AsyncStreamObservers$1.onError(GrpcClientProtocolClient.java:333)
	... 16 more
Caused by: org.apache.ratis.thirdparty.io.grpc.StatusRuntimeException: UNAVAILABLE: io exception
	at org.apache.ratis.thirdparty.io.grpc.Status.asRuntimeException(Status.java:532)
	... 16 more
Caused by: org.apache.ratis.thirdparty.io.netty.channel.AbstractChannel$AnnotatedConnectException: finishConnect(..) failed: Connection refused: /127.0.0.1:15037
Caused by: java.net.ConnectException: finishConnect(..) failed: Connection refused
	at org.apache.ratis.thirdparty.io.netty.channel.unix.Errors.newConnectException0(Errors.java:166)
	at org.apache.ratis.thirdparty.io.netty.channel.unix.Errors.handleConnectErrno(Errors.java:131)
	at org.apache.ratis.thirdparty.io.netty.channel.unix.Socket.finishConnect(Socket.java:359)
	at org.apache.ratis.thirdparty.io.netty.channel.epoll.AbstractEpollChannel$AbstractEpollUnsafe.doFinishConnect(AbstractEpollChannel.java:715)
	at org.apache.ratis.thirdparty.io.netty.channel.epoll.AbstractEpollChannel$AbstractEpollUnsafe.finishConnect(AbstractEpollChannel.java:692)
	at org.apache.ratis.thirdparty.io.netty.channel.epoll.AbstractEpollChannel$AbstractEpollUnsafe.epollOutReady(AbstractEpollChannel.java:567)
	at org.apache.ratis.thirdparty.io.netty.channel.epoll.EpollEventLoop.processReady(EpollEventLoop.java:491)
	at org.apache.ratis.thirdparty.io.netty.channel.epoll.EpollEventLoop.run(EpollEventLoop.java:399)
	at org.apache.ratis.thirdparty.io.netty.util.concurrent.SingleThreadEventExecutor$4.run(SingleThreadEventExecutor.java:998)
	at org.apache.ratis.thirdparty.io.netty.util.internal.ThreadExecutorMap$2.run(ThreadExecutorMap.java:74)
	at org.apache.ratis.thirdparty.io.netty.util.concurrent.FastThreadLocalRunnable.run(FastThreadLocalRunnable.java:30)
	at java.base/java.lang.Thread.run(Thread.java:1583)
2025-09-07 09:46:00,027 [om1-KeyDeletingService#0] INFO  service.KeyDeletingService (KeyDeletingService.java:processKeyDeletes(148)) - Send 1 key(s) to SCM, first 1 keys: [BlockGroup[groupID='/datanodefailurehandlingtest/datanodefailurehandlingtest/0a55df70-5e1b-48eb-98b2-2f3eddbdb151/-9223372036854772992', blockIDs=[conID: 5 locID: 115816896921600005 bcsId: 0 replicaIndex: null]]]
2025-09-07 09:46:00,038 [IPC Server handler 5 on default port 15001] INFO  ha.SequenceIdGenerator (SequenceIdGenerator.java:getNextId(135)) - Allocate a batch for delTxnId, change lastId from 0 to 1000.
2025-09-07 09:46:00,051 [om1-KeyDeletingService#0] INFO  service.KeyDeletingService (KeyDeletingService.java:processKeyDeletes(153)) - 1 BlockGroup deletion are acked by SCM in 24 ms
2025-09-07 09:46:00,060 [om1-KeyDeletingService#0] INFO  service.KeyDeletingService (KeyDeletingService.java:processKeyDeletes(161)) - Blocks for 1 (out of 1) keys are deleted from DB in 10 ms. Limit per task is 50000.
2025-09-07 09:46:00,296 [e6e13cb3-e32b-4d2d-874a-1e4700c67398@group-9E511D2458D0-FollowerState] INFO  impl.FollowerState (FollowerState.java:runImpl(161)) - e6e13cb3-e32b-4d2d-874a-1e4700c67398@group-9E511D2458D0-FollowerState: change to CANDIDATE, lastRpcElapsedTime:1039300754ns, electionTimeout:1039ms
2025-09-07 09:46:00,296 [e6e13cb3-e32b-4d2d-874a-1e4700c67398@group-9E511D2458D0-FollowerState] INFO  impl.RoleInfo (RoleInfo.java:shutdownFollowerState(121)) - e6e13cb3-e32b-4d2d-874a-1e4700c67398: shutdown e6e13cb3-e32b-4d2d-874a-1e4700c67398@group-9E511D2458D0-FollowerState
2025-09-07 09:46:00,296 [e6e13cb3-e32b-4d2d-874a-1e4700c67398@group-9E511D2458D0-FollowerState] INFO  server.RaftServer$Division (RaftServerImpl.java:setRole(392)) - e6e13cb3-e32b-4d2d-874a-1e4700c67398@group-9E511D2458D0: changes role from  FOLLOWER to CANDIDATE at term 1 for changeToCandidate
2025-09-07 09:46:00,296 [e6e13cb3-e32b-4d2d-874a-1e4700c67398@group-9E511D2458D0-FollowerState] INFO  impl.RoleInfo (RoleInfo.java:updateAndGet(148)) - e6e13cb3-e32b-4d2d-874a-1e4700c67398: start e6e13cb3-e32b-4d2d-874a-1e4700c67398@group-9E511D2458D0-LeaderElection173
2025-09-07 09:46:00,297 [e6e13cb3-e32b-4d2d-874a-1e4700c67398@group-9E511D2458D0-LeaderElection173] INFO  impl.LeaderElection (LeaderElection.java:askForVotes(448)) - e6e13cb3-e32b-4d2d-874a-1e4700c67398@group-9E511D2458D0-LeaderElection173 PRE_VOTE round 0: submit vote requests at term 1 for conf: {index: 0, cur=peers:[90a60b70-6b91-4fb2-a612-7ac0b6911dfc|127.0.0.1:15047, e6e13cb3-e32b-4d2d-874a-1e4700c67398|127.0.0.1:15055, 7c7182dc-ac7f-44a8-b1d4-5d10f99cbcf2|127.0.0.1:15039]|listeners:[], old=null}
2025-09-07 09:46:00,297 [e6e13cb3-e32b-4d2d-874a-1e4700c67398@group-9E511D2458D0-LeaderElection173] INFO  impl.LeaderElection (LogUtils.java:infoOrTrace(142)) - e6e13cb3-e32b-4d2d-874a-1e4700c67398@group-9E511D2458D0-LeaderElection173 got exception when requesting votes: java.util.concurrent.ExecutionException: org.apache.ratis.thirdparty.io.grpc.StatusRuntimeException: UNAVAILABLE: io exception
2025-09-07 09:46:00,297 [e6e13cb3-e32b-4d2d-874a-1e4700c67398@group-9E511D2458D0-LeaderElection173] INFO  impl.LeaderElection (LogUtils.java:infoOrTrace(142)) - e6e13cb3-e32b-4d2d-874a-1e4700c67398@group-9E511D2458D0-LeaderElection173 got exception when requesting votes: java.util.concurrent.ExecutionException: org.apache.ratis.thirdparty.io.grpc.StatusRuntimeException: UNAVAILABLE: io exception
2025-09-07 09:46:00,297 [e6e13cb3-e32b-4d2d-874a-1e4700c67398@group-9E511D2458D0-LeaderElection173] INFO  impl.LeaderElection (LeaderElection.java:logAndReturn(206)) - e6e13cb3-e32b-4d2d-874a-1e4700c67398@group-9E511D2458D0-LeaderElection173: PRE_VOTE REJECTED received 0 response(s) and 2 exception(s):
2025-09-07 09:46:00,297 [e6e13cb3-e32b-4d2d-874a-1e4700c67398@group-9E511D2458D0-LeaderElection173] INFO  impl.LeaderElection (LogUtils.java:infoOrTrace(142)) -   Exception 0: java.util.concurrent.ExecutionException: org.apache.ratis.thirdparty.io.grpc.StatusRuntimeException: UNAVAILABLE: io exception
2025-09-07 09:46:00,297 [e6e13cb3-e32b-4d2d-874a-1e4700c67398@group-9E511D2458D0-LeaderElection173] INFO  impl.LeaderElection (LogUtils.java:infoOrTrace(142)) -   Exception 1: java.util.concurrent.ExecutionException: org.apache.ratis.thirdparty.io.grpc.StatusRuntimeException: UNAVAILABLE: io exception
2025-09-07 09:46:00,297 [e6e13cb3-e32b-4d2d-874a-1e4700c67398@group-9E511D2458D0-LeaderElection173] INFO  impl.LeaderElection (LeaderElection.java:askForVotes(450)) - e6e13cb3-e32b-4d2d-874a-1e4700c67398@group-9E511D2458D0-LeaderElection173 PRE_VOTE round 0: result REJECTED
2025-09-07 09:46:00,297 [e6e13cb3-e32b-4d2d-874a-1e4700c67398@group-9E511D2458D0-LeaderElection173] INFO  server.RaftServer$Division (RaftServerImpl.java:setRole(392)) - e6e13cb3-e32b-4d2d-874a-1e4700c67398@group-9E511D2458D0: changes role from CANDIDATE to FOLLOWER at term 1 for REJECTED
2025-09-07 09:46:00,297 [e6e13cb3-e32b-4d2d-874a-1e4700c67398@group-9E511D2458D0-LeaderElection173] INFO  impl.RoleInfo (RoleInfo.java:shutdownLeaderElection(141)) - e6e13cb3-e32b-4d2d-874a-1e4700c67398: shutdown e6e13cb3-e32b-4d2d-874a-1e4700c67398@group-9E511D2458D0-LeaderElection173
2025-09-07 09:46:00,298 [e6e13cb3-e32b-4d2d-874a-1e4700c67398@group-9E511D2458D0-LeaderElection173] INFO  impl.RoleInfo (RoleInfo.java:updateAndGet(148)) - e6e13cb3-e32b-4d2d-874a-1e4700c67398: start e6e13cb3-e32b-4d2d-874a-1e4700c67398@group-9E511D2458D0-FollowerState
2025-09-07 09:46:00,652 [e6e13cb3-e32b-4d2d-874a-1e4700c67398@group-09A5C1734F32-FollowerState] INFO  impl.FollowerState (FollowerState.java:runImpl(161)) - e6e13cb3-e32b-4d2d-874a-1e4700c67398@group-09A5C1734F32-FollowerState: change to CANDIDATE, lastRpcElapsedTime:1199300670ns, electionTimeout:1199ms
2025-09-07 09:46:00,652 [e6e13cb3-e32b-4d2d-874a-1e4700c67398@group-09A5C1734F32-FollowerState] INFO  impl.RoleInfo (RoleInfo.java:shutdownFollowerState(121)) - e6e13cb3-e32b-4d2d-874a-1e4700c67398: shutdown e6e13cb3-e32b-4d2d-874a-1e4700c67398@group-09A5C1734F32-FollowerState
2025-09-07 09:46:00,652 [e6e13cb3-e32b-4d2d-874a-1e4700c67398@group-09A5C1734F32-FollowerState] INFO  server.RaftServer$Division (RaftServerImpl.java:setRole(392)) - e6e13cb3-e32b-4d2d-874a-1e4700c67398@group-09A5C1734F32: changes role from  FOLLOWER to CANDIDATE at term 1 for changeToCandidate
2025-09-07 09:46:00,653 [e6e13cb3-e32b-4d2d-874a-1e4700c67398@group-09A5C1734F32-FollowerState] INFO  impl.RoleInfo (RoleInfo.java:updateAndGet(148)) - e6e13cb3-e32b-4d2d-874a-1e4700c67398: start e6e13cb3-e32b-4d2d-874a-1e4700c67398@group-09A5C1734F32-LeaderElection174
2025-09-07 09:46:00,653 [e6e13cb3-e32b-4d2d-874a-1e4700c67398@group-09A5C1734F32-LeaderElection174] INFO  impl.LeaderElection (LeaderElection.java:askForVotes(448)) - e6e13cb3-e32b-4d2d-874a-1e4700c67398@group-09A5C1734F32-LeaderElection174 PRE_VOTE round 0: submit vote requests at term 1 for conf: {index: 0, cur=peers:[90a60b70-6b91-4fb2-a612-7ac0b6911dfc|127.0.0.1:15047, e6e13cb3-e32b-4d2d-874a-1e4700c67398|127.0.0.1:15055, 7c7182dc-ac7f-44a8-b1d4-5d10f99cbcf2|127.0.0.1:15039]|listeners:[], old=null}
2025-09-07 09:46:00,653 [e6e13cb3-e32b-4d2d-874a-1e4700c67398@group-09A5C1734F32-LeaderElection174] INFO  impl.LeaderElection (LogUtils.java:infoOrTrace(142)) - e6e13cb3-e32b-4d2d-874a-1e4700c67398@group-09A5C1734F32-LeaderElection174 got exception when requesting votes: java.util.concurrent.ExecutionException: org.apache.ratis.thirdparty.io.grpc.StatusRuntimeException: UNAVAILABLE: io exception
2025-09-07 09:46:00,654 [e6e13cb3-e32b-4d2d-874a-1e4700c67398@group-09A5C1734F32-LeaderElection174] INFO  impl.LeaderElection (LogUtils.java:infoOrTrace(142)) - e6e13cb3-e32b-4d2d-874a-1e4700c67398@group-09A5C1734F32-LeaderElection174 got exception when requesting votes: java.util.concurrent.ExecutionException: org.apache.ratis.thirdparty.io.grpc.StatusRuntimeException: UNAVAILABLE: io exception
2025-09-07 09:46:00,654 [e6e13cb3-e32b-4d2d-874a-1e4700c67398@group-09A5C1734F32-LeaderElection174] INFO  impl.LeaderElection (LeaderElection.java:logAndReturn(206)) - e6e13cb3-e32b-4d2d-874a-1e4700c67398@group-09A5C1734F32-LeaderElection174: PRE_VOTE REJECTED received 0 response(s) and 2 exception(s):
2025-09-07 09:46:00,654 [e6e13cb3-e32b-4d2d-874a-1e4700c67398@group-09A5C1734F32-LeaderElection174] INFO  impl.LeaderElection (LogUtils.java:infoOrTrace(142)) -   Exception 0: java.util.concurrent.ExecutionException: org.apache.ratis.thirdparty.io.grpc.StatusRuntimeException: UNAVAILABLE: io exception
2025-09-07 09:46:00,654 [e6e13cb3-e32b-4d2d-874a-1e4700c67398@group-09A5C1734F32-LeaderElection174] INFO  impl.LeaderElection (LogUtils.java:infoOrTrace(142)) -   Exception 1: java.util.concurrent.ExecutionException: org.apache.ratis.thirdparty.io.grpc.StatusRuntimeException: UNAVAILABLE: io exception
2025-09-07 09:46:00,654 [e6e13cb3-e32b-4d2d-874a-1e4700c67398@group-09A5C1734F32-LeaderElection174] INFO  impl.LeaderElection (LeaderElection.java:askForVotes(450)) - e6e13cb3-e32b-4d2d-874a-1e4700c67398@group-09A5C1734F32-LeaderElection174 PRE_VOTE round 0: result REJECTED
2025-09-07 09:46:00,654 [e6e13cb3-e32b-4d2d-874a-1e4700c67398@group-09A5C1734F32-LeaderElection174] INFO  server.RaftServer$Division (RaftServerImpl.java:setRole(392)) - e6e13cb3-e32b-4d2d-874a-1e4700c67398@group-09A5C1734F32: changes role from CANDIDATE to FOLLOWER at term 1 for REJECTED
2025-09-07 09:46:00,654 [e6e13cb3-e32b-4d2d-874a-1e4700c67398@group-09A5C1734F32-LeaderElection174] INFO  impl.RoleInfo (RoleInfo.java:shutdownLeaderElection(141)) - e6e13cb3-e32b-4d2d-874a-1e4700c67398: shutdown e6e13cb3-e32b-4d2d-874a-1e4700c67398@group-09A5C1734F32-LeaderElection174
2025-09-07 09:46:00,654 [e6e13cb3-e32b-4d2d-874a-1e4700c67398@group-09A5C1734F32-LeaderElection174] INFO  impl.RoleInfo (RoleInfo.java:updateAndGet(148)) - e6e13cb3-e32b-4d2d-874a-1e4700c67398: start e6e13cb3-e32b-4d2d-874a-1e4700c67398@group-09A5C1734F32-FollowerState
2025-09-07 09:46:01,492 [e6e13cb3-e32b-4d2d-874a-1e4700c67398@group-9E511D2458D0-FollowerState] INFO  impl.FollowerState (FollowerState.java:runImpl(161)) - e6e13cb3-e32b-4d2d-874a-1e4700c67398@group-9E511D2458D0-FollowerState: change to CANDIDATE, lastRpcElapsedTime:1194298300ns, electionTimeout:1194ms
2025-09-07 09:46:01,492 [e6e13cb3-e32b-4d2d-874a-1e4700c67398@group-9E511D2458D0-FollowerState] INFO  impl.RoleInfo (RoleInfo.java:shutdownFollowerState(121)) - e6e13cb3-e32b-4d2d-874a-1e4700c67398: shutdown e6e13cb3-e32b-4d2d-874a-1e4700c67398@group-9E511D2458D0-FollowerState
2025-09-07 09:46:01,492 [e6e13cb3-e32b-4d2d-874a-1e4700c67398@group-9E511D2458D0-FollowerState] INFO  server.RaftServer$Division (RaftServerImpl.java:setRole(392)) - e6e13cb3-e32b-4d2d-874a-1e4700c67398@group-9E511D2458D0: changes role from  FOLLOWER to CANDIDATE at term 1 for changeToCandidate
2025-09-07 09:46:01,492 [e6e13cb3-e32b-4d2d-874a-1e4700c67398@group-9E511D2458D0-FollowerState] INFO  impl.RoleInfo (RoleInfo.java:updateAndGet(148)) - e6e13cb3-e32b-4d2d-874a-1e4700c67398: start e6e13cb3-e32b-4d2d-874a-1e4700c67398@group-9E511D2458D0-LeaderElection175
2025-09-07 09:46:01,493 [e6e13cb3-e32b-4d2d-874a-1e4700c67398@group-9E511D2458D0-LeaderElection175] INFO  impl.LeaderElection (LeaderElection.java:askForVotes(448)) - e6e13cb3-e32b-4d2d-874a-1e4700c67398@group-9E511D2458D0-LeaderElection175 PRE_VOTE round 0: submit vote requests at term 1 for conf: {index: 0, cur=peers:[90a60b70-6b91-4fb2-a612-7ac0b6911dfc|127.0.0.1:15047, e6e13cb3-e32b-4d2d-874a-1e4700c67398|127.0.0.1:15055, 7c7182dc-ac7f-44a8-b1d4-5d10f99cbcf2|127.0.0.1:15039]|listeners:[], old=null}
2025-09-07 09:46:01,493 [e6e13cb3-e32b-4d2d-874a-1e4700c67398@group-9E511D2458D0-LeaderElection175] INFO  impl.LeaderElection (LogUtils.java:infoOrTrace(142)) - e6e13cb3-e32b-4d2d-874a-1e4700c67398@group-9E511D2458D0-LeaderElection175 got exception when requesting votes: java.util.concurrent.ExecutionException: org.apache.ratis.thirdparty.io.grpc.StatusRuntimeException: UNAVAILABLE: io exception
2025-09-07 09:46:01,493 [e6e13cb3-e32b-4d2d-874a-1e4700c67398@group-9E511D2458D0-LeaderElection175] INFO  impl.LeaderElection (LogUtils.java:infoOrTrace(142)) - e6e13cb3-e32b-4d2d-874a-1e4700c67398@group-9E511D2458D0-LeaderElection175 got exception when requesting votes: java.util.concurrent.ExecutionException: org.apache.ratis.thirdparty.io.grpc.StatusRuntimeException: UNAVAILABLE: io exception
2025-09-07 09:46:01,493 [e6e13cb3-e32b-4d2d-874a-1e4700c67398@group-9E511D2458D0-LeaderElection175] INFO  impl.LeaderElection (LeaderElection.java:logAndReturn(206)) - e6e13cb3-e32b-4d2d-874a-1e4700c67398@group-9E511D2458D0-LeaderElection175: PRE_VOTE REJECTED received 0 response(s) and 2 exception(s):
2025-09-07 09:46:01,493 [e6e13cb3-e32b-4d2d-874a-1e4700c67398@group-9E511D2458D0-LeaderElection175] INFO  impl.LeaderElection (LogUtils.java:infoOrTrace(142)) -   Exception 0: java.util.concurrent.ExecutionException: org.apache.ratis.thirdparty.io.grpc.StatusRuntimeException: UNAVAILABLE: io exception
2025-09-07 09:46:01,493 [e6e13cb3-e32b-4d2d-874a-1e4700c67398@group-9E511D2458D0-LeaderElection175] INFO  impl.LeaderElection (LogUtils.java:infoOrTrace(142)) -   Exception 1: java.util.concurrent.ExecutionException: org.apache.ratis.thirdparty.io.grpc.StatusRuntimeException: UNAVAILABLE: io exception
2025-09-07 09:46:01,494 [e6e13cb3-e32b-4d2d-874a-1e4700c67398@group-9E511D2458D0-LeaderElection175] INFO  impl.LeaderElection (LeaderElection.java:askForVotes(450)) - e6e13cb3-e32b-4d2d-874a-1e4700c67398@group-9E511D2458D0-LeaderElection175 PRE_VOTE round 0: result REJECTED
2025-09-07 09:46:01,494 [e6e13cb3-e32b-4d2d-874a-1e4700c67398@group-9E511D2458D0-LeaderElection175] INFO  server.RaftServer$Division (RaftServerImpl.java:setRole(392)) - e6e13cb3-e32b-4d2d-874a-1e4700c67398@group-9E511D2458D0: changes role from CANDIDATE to FOLLOWER at term 1 for REJECTED
2025-09-07 09:46:01,494 [e6e13cb3-e32b-4d2d-874a-1e4700c67398@group-9E511D2458D0-LeaderElection175] INFO  impl.RoleInfo (RoleInfo.java:shutdownLeaderElection(141)) - e6e13cb3-e32b-4d2d-874a-1e4700c67398: shutdown e6e13cb3-e32b-4d2d-874a-1e4700c67398@group-9E511D2458D0-LeaderElection175
2025-09-07 09:46:01,494 [e6e13cb3-e32b-4d2d-874a-1e4700c67398@group-9E511D2458D0-LeaderElection175] INFO  impl.RoleInfo (RoleInfo.java:updateAndGet(148)) - e6e13cb3-e32b-4d2d-874a-1e4700c67398: start e6e13cb3-e32b-4d2d-874a-1e4700c67398@group-9E511D2458D0-FollowerState
2025-09-07 09:46:01,830 [e6e13cb3-e32b-4d2d-874a-1e4700c67398@group-09A5C1734F32-FollowerState] INFO  impl.FollowerState (FollowerState.java:runImpl(161)) - e6e13cb3-e32b-4d2d-874a-1e4700c67398@group-09A5C1734F32-FollowerState: change to CANDIDATE, lastRpcElapsedTime:1176271973ns, electionTimeout:1176ms
2025-09-07 09:46:01,830 [e6e13cb3-e32b-4d2d-874a-1e4700c67398@group-09A5C1734F32-FollowerState] INFO  impl.RoleInfo (RoleInfo.java:shutdownFollowerState(121)) - e6e13cb3-e32b-4d2d-874a-1e4700c67398: shutdown e6e13cb3-e32b-4d2d-874a-1e4700c67398@group-09A5C1734F32-FollowerState
2025-09-07 09:46:01,830 [e6e13cb3-e32b-4d2d-874a-1e4700c67398@group-09A5C1734F32-FollowerState] INFO  server.RaftServer$Division (RaftServerImpl.java:setRole(392)) - e6e13cb3-e32b-4d2d-874a-1e4700c67398@group-09A5C1734F32: changes role from  FOLLOWER to CANDIDATE at term 1 for changeToCandidate
2025-09-07 09:46:01,831 [e6e13cb3-e32b-4d2d-874a-1e4700c67398@group-09A5C1734F32-FollowerState] INFO  impl.RoleInfo (RoleInfo.java:updateAndGet(148)) - e6e13cb3-e32b-4d2d-874a-1e4700c67398: start e6e13cb3-e32b-4d2d-874a-1e4700c67398@group-09A5C1734F32-LeaderElection176
2025-09-07 09:46:01,831 [e6e13cb3-e32b-4d2d-874a-1e4700c67398@group-09A5C1734F32-LeaderElection176] INFO  impl.LeaderElection (LeaderElection.java:askForVotes(448)) - e6e13cb3-e32b-4d2d-874a-1e4700c67398@group-09A5C1734F32-LeaderElection176 PRE_VOTE round 0: submit vote requests at term 1 for conf: {index: 0, cur=peers:[90a60b70-6b91-4fb2-a612-7ac0b6911dfc|127.0.0.1:15047, e6e13cb3-e32b-4d2d-874a-1e4700c67398|127.0.0.1:15055, 7c7182dc-ac7f-44a8-b1d4-5d10f99cbcf2|127.0.0.1:15039]|listeners:[], old=null}
2025-09-07 09:46:01,831 [e6e13cb3-e32b-4d2d-874a-1e4700c67398@group-09A5C1734F32-LeaderElection176] INFO  impl.LeaderElection (LogUtils.java:infoOrTrace(142)) - e6e13cb3-e32b-4d2d-874a-1e4700c67398@group-09A5C1734F32-LeaderElection176 got exception when requesting votes: java.util.concurrent.ExecutionException: org.apache.ratis.thirdparty.io.grpc.StatusRuntimeException: UNAVAILABLE: io exception
2025-09-07 09:46:01,831 [e6e13cb3-e32b-4d2d-874a-1e4700c67398@group-09A5C1734F32-LeaderElection176] INFO  impl.LeaderElection (LogUtils.java:infoOrTrace(142)) - e6e13cb3-e32b-4d2d-874a-1e4700c67398@group-09A5C1734F32-LeaderElection176 got exception when requesting votes: java.util.concurrent.ExecutionException: org.apache.ratis.thirdparty.io.grpc.StatusRuntimeException: UNAVAILABLE: io exception
2025-09-07 09:46:01,832 [e6e13cb3-e32b-4d2d-874a-1e4700c67398@group-09A5C1734F32-LeaderElection176] INFO  impl.LeaderElection (LeaderElection.java:logAndReturn(206)) - e6e13cb3-e32b-4d2d-874a-1e4700c67398@group-09A5C1734F32-LeaderElection176: PRE_VOTE REJECTED received 0 response(s) and 2 exception(s):
2025-09-07 09:46:01,832 [e6e13cb3-e32b-4d2d-874a-1e4700c67398@group-09A5C1734F32-LeaderElection176] INFO  impl.LeaderElection (LogUtils.java:infoOrTrace(142)) -   Exception 0: java.util.concurrent.ExecutionException: org.apache.ratis.thirdparty.io.grpc.StatusRuntimeException: UNAVAILABLE: io exception
2025-09-07 09:46:01,832 [e6e13cb3-e32b-4d2d-874a-1e4700c67398@group-09A5C1734F32-LeaderElection176] INFO  impl.LeaderElection (LogUtils.java:infoOrTrace(142)) -   Exception 1: java.util.concurrent.ExecutionException: org.apache.ratis.thirdparty.io.grpc.StatusRuntimeException: UNAVAILABLE: io exception
2025-09-07 09:46:01,832 [e6e13cb3-e32b-4d2d-874a-1e4700c67398@group-09A5C1734F32-LeaderElection176] INFO  impl.LeaderElection (LeaderElection.java:askForVotes(450)) - e6e13cb3-e32b-4d2d-874a-1e4700c67398@group-09A5C1734F32-LeaderElection176 PRE_VOTE round 0: result REJECTED
2025-09-07 09:46:01,832 [e6e13cb3-e32b-4d2d-874a-1e4700c67398@group-09A5C1734F32-LeaderElection176] INFO  server.RaftServer$Division (RaftServerImpl.java:setRole(392)) - e6e13cb3-e32b-4d2d-874a-1e4700c67398@group-09A5C1734F32: changes role from CANDIDATE to FOLLOWER at term 1 for REJECTED
2025-09-07 09:46:01,832 [e6e13cb3-e32b-4d2d-874a-1e4700c67398@group-09A5C1734F32-LeaderElection176] INFO  impl.RoleInfo (RoleInfo.java:shutdownLeaderElection(141)) - e6e13cb3-e32b-4d2d-874a-1e4700c67398: shutdown e6e13cb3-e32b-4d2d-874a-1e4700c67398@group-09A5C1734F32-LeaderElection176
2025-09-07 09:46:01,832 [e6e13cb3-e32b-4d2d-874a-1e4700c67398@group-09A5C1734F32-LeaderElection176] INFO  impl.RoleInfo (RoleInfo.java:updateAndGet(148)) - e6e13cb3-e32b-4d2d-874a-1e4700c67398: start e6e13cb3-e32b-4d2d-874a-1e4700c67398@group-09A5C1734F32-FollowerState
2025-09-07 09:46:02,648 [e6e13cb3-e32b-4d2d-874a-1e4700c67398@group-9E511D2458D0-FollowerState] INFO  impl.FollowerState (FollowerState.java:runImpl(161)) - e6e13cb3-e32b-4d2d-874a-1e4700c67398@group-9E511D2458D0-FollowerState: change to CANDIDATE, lastRpcElapsedTime:1154311699ns, electionTimeout:1154ms
2025-09-07 09:46:02,648 [e6e13cb3-e32b-4d2d-874a-1e4700c67398@group-9E511D2458D0-FollowerState] INFO  impl.RoleInfo (RoleInfo.java:shutdownFollowerState(121)) - e6e13cb3-e32b-4d2d-874a-1e4700c67398: shutdown e6e13cb3-e32b-4d2d-874a-1e4700c67398@group-9E511D2458D0-FollowerState
2025-09-07 09:46:02,648 [e6e13cb3-e32b-4d2d-874a-1e4700c67398@group-9E511D2458D0-FollowerState] INFO  server.RaftServer$Division (RaftServerImpl.java:setRole(392)) - e6e13cb3-e32b-4d2d-874a-1e4700c67398@group-9E511D2458D0: changes role from  FOLLOWER to CANDIDATE at term 1 for changeToCandidate
2025-09-07 09:46:02,648 [e6e13cb3-e32b-4d2d-874a-1e4700c67398@group-9E511D2458D0-FollowerState] INFO  impl.RoleInfo (RoleInfo.java:updateAndGet(148)) - e6e13cb3-e32b-4d2d-874a-1e4700c67398: start e6e13cb3-e32b-4d2d-874a-1e4700c67398@group-9E511D2458D0-LeaderElection177
2025-09-07 09:46:02,649 [e6e13cb3-e32b-4d2d-874a-1e4700c67398@group-9E511D2458D0-LeaderElection177] INFO  impl.LeaderElection (LeaderElection.java:askForVotes(448)) - e6e13cb3-e32b-4d2d-874a-1e4700c67398@group-9E511D2458D0-LeaderElection177 PRE_VOTE round 0: submit vote requests at term 1 for conf: {index: 0, cur=peers:[90a60b70-6b91-4fb2-a612-7ac0b6911dfc|127.0.0.1:15047, e6e13cb3-e32b-4d2d-874a-1e4700c67398|127.0.0.1:15055, 7c7182dc-ac7f-44a8-b1d4-5d10f99cbcf2|127.0.0.1:15039]|listeners:[], old=null}
2025-09-07 09:46:02,649 [e6e13cb3-e32b-4d2d-874a-1e4700c67398@group-9E511D2458D0-LeaderElection177] INFO  impl.LeaderElection (LogUtils.java:infoOrTrace(142)) - e6e13cb3-e32b-4d2d-874a-1e4700c67398@group-9E511D2458D0-LeaderElection177 got exception when requesting votes: java.util.concurrent.ExecutionException: org.apache.ratis.thirdparty.io.grpc.StatusRuntimeException: UNAVAILABLE: io exception
2025-09-07 09:46:02,649 [e6e13cb3-e32b-4d2d-874a-1e4700c67398@group-9E511D2458D0-LeaderElection177] INFO  impl.LeaderElection (LogUtils.java:infoOrTrace(142)) - e6e13cb3-e32b-4d2d-874a-1e4700c67398@group-9E511D2458D0-LeaderElection177 got exception when requesting votes: java.util.concurrent.ExecutionException: org.apache.ratis.thirdparty.io.grpc.StatusRuntimeException: UNAVAILABLE: io exception
2025-09-07 09:46:02,649 [e6e13cb3-e32b-4d2d-874a-1e4700c67398@group-9E511D2458D0-LeaderElection177] INFO  impl.LeaderElection (LeaderElection.java:logAndReturn(206)) - e6e13cb3-e32b-4d2d-874a-1e4700c67398@group-9E511D2458D0-LeaderElection177: PRE_VOTE REJECTED received 0 response(s) and 2 exception(s):
2025-09-07 09:46:02,649 [e6e13cb3-e32b-4d2d-874a-1e4700c67398@group-9E511D2458D0-LeaderElection177] INFO  impl.LeaderElection (LogUtils.java:infoOrTrace(142)) -   Exception 0: java.util.concurrent.ExecutionException: org.apache.ratis.thirdparty.io.grpc.StatusRuntimeException: UNAVAILABLE: io exception
2025-09-07 09:46:02,649 [e6e13cb3-e32b-4d2d-874a-1e4700c67398@group-9E511D2458D0-LeaderElection177] INFO  impl.LeaderElection (LogUtils.java:infoOrTrace(142)) -   Exception 1: java.util.concurrent.ExecutionException: org.apache.ratis.thirdparty.io.grpc.StatusRuntimeException: UNAVAILABLE: io exception
2025-09-07 09:46:02,649 [e6e13cb3-e32b-4d2d-874a-1e4700c67398@group-9E511D2458D0-LeaderElection177] INFO  impl.LeaderElection (LeaderElection.java:askForVotes(450)) - e6e13cb3-e32b-4d2d-874a-1e4700c67398@group-9E511D2458D0-LeaderElection177 PRE_VOTE round 0: result REJECTED
2025-09-07 09:46:02,649 [e6e13cb3-e32b-4d2d-874a-1e4700c67398@group-9E511D2458D0-LeaderElection177] INFO  server.RaftServer$Division (RaftServerImpl.java:setRole(392)) - e6e13cb3-e32b-4d2d-874a-1e4700c67398@group-9E511D2458D0: changes role from CANDIDATE to FOLLOWER at term 1 for REJECTED
2025-09-07 09:46:02,649 [e6e13cb3-e32b-4d2d-874a-1e4700c67398@group-9E511D2458D0-LeaderElection177] INFO  impl.RoleInfo (RoleInfo.java:shutdownLeaderElection(141)) - e6e13cb3-e32b-4d2d-874a-1e4700c67398: shutdown e6e13cb3-e32b-4d2d-874a-1e4700c67398@group-9E511D2458D0-LeaderElection177
2025-09-07 09:46:02,649 [e6e13cb3-e32b-4d2d-874a-1e4700c67398@group-9E511D2458D0-LeaderElection177] INFO  impl.RoleInfo (RoleInfo.java:updateAndGet(148)) - e6e13cb3-e32b-4d2d-874a-1e4700c67398: start e6e13cb3-e32b-4d2d-874a-1e4700c67398@group-9E511D2458D0-FollowerState
2025-09-07 09:46:03,001 [e6e13cb3-e32b-4d2d-874a-1e4700c67398@group-09A5C1734F32-FollowerState] INFO  impl.FollowerState (FollowerState.java:runImpl(161)) - e6e13cb3-e32b-4d2d-874a-1e4700c67398@group-09A5C1734F32-FollowerState: change to CANDIDATE, lastRpcElapsedTime:1169295529ns, electionTimeout:1169ms
2025-09-07 09:46:03,001 [e6e13cb3-e32b-4d2d-874a-1e4700c67398@group-09A5C1734F32-FollowerState] INFO  impl.RoleInfo (RoleInfo.java:shutdownFollowerState(121)) - e6e13cb3-e32b-4d2d-874a-1e4700c67398: shutdown e6e13cb3-e32b-4d2d-874a-1e4700c67398@group-09A5C1734F32-FollowerState
2025-09-07 09:46:03,001 [e6e13cb3-e32b-4d2d-874a-1e4700c67398@group-09A5C1734F32-FollowerState] INFO  server.RaftServer$Division (RaftServerImpl.java:setRole(392)) - e6e13cb3-e32b-4d2d-874a-1e4700c67398@group-09A5C1734F32: changes role from  FOLLOWER to CANDIDATE at term 1 for changeToCandidate
2025-09-07 09:46:03,001 [e6e13cb3-e32b-4d2d-874a-1e4700c67398@group-09A5C1734F32-FollowerState] INFO  impl.RoleInfo (RoleInfo.java:updateAndGet(148)) - e6e13cb3-e32b-4d2d-874a-1e4700c67398: start e6e13cb3-e32b-4d2d-874a-1e4700c67398@group-09A5C1734F32-LeaderElection178
2025-09-07 09:46:03,002 [e6e13cb3-e32b-4d2d-874a-1e4700c67398@group-09A5C1734F32-LeaderElection178] INFO  impl.LeaderElection (LeaderElection.java:askForVotes(448)) - e6e13cb3-e32b-4d2d-874a-1e4700c67398@group-09A5C1734F32-LeaderElection178 PRE_VOTE round 0: submit vote requests at term 1 for conf: {index: 0, cur=peers:[90a60b70-6b91-4fb2-a612-7ac0b6911dfc|127.0.0.1:15047, e6e13cb3-e32b-4d2d-874a-1e4700c67398|127.0.0.1:15055, 7c7182dc-ac7f-44a8-b1d4-5d10f99cbcf2|127.0.0.1:15039]|listeners:[], old=null}
2025-09-07 09:46:03,002 [e6e13cb3-e32b-4d2d-874a-1e4700c67398@group-09A5C1734F32-LeaderElection178] INFO  impl.LeaderElection (LogUtils.java:infoOrTrace(142)) - e6e13cb3-e32b-4d2d-874a-1e4700c67398@group-09A5C1734F32-LeaderElection178 got exception when requesting votes: java.util.concurrent.ExecutionException: org.apache.ratis.thirdparty.io.grpc.StatusRuntimeException: UNAVAILABLE: io exception
2025-09-07 09:46:03,002 [e6e13cb3-e32b-4d2d-874a-1e4700c67398@group-09A5C1734F32-LeaderElection178] INFO  impl.LeaderElection (LogUtils.java:infoOrTrace(142)) - e6e13cb3-e32b-4d2d-874a-1e4700c67398@group-09A5C1734F32-LeaderElection178 got exception when requesting votes: java.util.concurrent.ExecutionException: org.apache.ratis.thirdparty.io.grpc.StatusRuntimeException: UNAVAILABLE: io exception
2025-09-07 09:46:03,002 [e6e13cb3-e32b-4d2d-874a-1e4700c67398@group-09A5C1734F32-LeaderElection178] INFO  impl.LeaderElection (LeaderElection.java:logAndReturn(206)) - e6e13cb3-e32b-4d2d-874a-1e4700c67398@group-09A5C1734F32-LeaderElection178: PRE_VOTE REJECTED received 0 response(s) and 2 exception(s):
2025-09-07 09:46:03,003 [e6e13cb3-e32b-4d2d-874a-1e4700c67398@group-09A5C1734F32-LeaderElection178] INFO  impl.LeaderElection (LogUtils.java:infoOrTrace(142)) -   Exception 0: java.util.concurrent.ExecutionException: org.apache.ratis.thirdparty.io.grpc.StatusRuntimeException: UNAVAILABLE: io exception
2025-09-07 09:46:03,003 [e6e13cb3-e32b-4d2d-874a-1e4700c67398@group-09A5C1734F32-LeaderElection178] INFO  impl.LeaderElection (LogUtils.java:infoOrTrace(142)) -   Exception 1: java.util.concurrent.ExecutionException: org.apache.ratis.thirdparty.io.grpc.StatusRuntimeException: UNAVAILABLE: io exception
2025-09-07 09:46:03,003 [e6e13cb3-e32b-4d2d-874a-1e4700c67398@group-09A5C1734F32-LeaderElection178] INFO  impl.LeaderElection (LeaderElection.java:askForVotes(450)) - e6e13cb3-e32b-4d2d-874a-1e4700c67398@group-09A5C1734F32-LeaderElection178 PRE_VOTE round 0: result REJECTED
2025-09-07 09:46:03,003 [e6e13cb3-e32b-4d2d-874a-1e4700c67398@group-09A5C1734F32-LeaderElection178] INFO  server.RaftServer$Division (RaftServerImpl.java:setRole(392)) - e6e13cb3-e32b-4d2d-874a-1e4700c67398@group-09A5C1734F32: changes role from CANDIDATE to FOLLOWER at term 1 for REJECTED
2025-09-07 09:46:03,003 [e6e13cb3-e32b-4d2d-874a-1e4700c67398@group-09A5C1734F32-LeaderElection178] INFO  impl.RoleInfo (RoleInfo.java:shutdownLeaderElection(141)) - e6e13cb3-e32b-4d2d-874a-1e4700c67398: shutdown e6e13cb3-e32b-4d2d-874a-1e4700c67398@group-09A5C1734F32-LeaderElection178
2025-09-07 09:46:03,003 [e6e13cb3-e32b-4d2d-874a-1e4700c67398@group-09A5C1734F32-LeaderElection178] INFO  impl.RoleInfo (RoleInfo.java:updateAndGet(148)) - e6e13cb3-e32b-4d2d-874a-1e4700c67398: start e6e13cb3-e32b-4d2d-874a-1e4700c67398@group-09A5C1734F32-FollowerState
2025-09-07 09:46:03,834 [e6e13cb3-e32b-4d2d-874a-1e4700c67398@group-9E511D2458D0-FollowerState] INFO  impl.FollowerState (FollowerState.java:runImpl(161)) - e6e13cb3-e32b-4d2d-874a-1e4700c67398@group-9E511D2458D0-FollowerState: change to CANDIDATE, lastRpcElapsedTime:1184313495ns, electionTimeout:1184ms
2025-09-07 09:46:03,834 [e6e13cb3-e32b-4d2d-874a-1e4700c67398@group-9E511D2458D0-FollowerState] INFO  impl.RoleInfo (RoleInfo.java:shutdownFollowerState(121)) - e6e13cb3-e32b-4d2d-874a-1e4700c67398: shutdown e6e13cb3-e32b-4d2d-874a-1e4700c67398@group-9E511D2458D0-FollowerState
2025-09-07 09:46:03,834 [e6e13cb3-e32b-4d2d-874a-1e4700c67398@group-9E511D2458D0-FollowerState] INFO  server.RaftServer$Division (RaftServerImpl.java:setRole(392)) - e6e13cb3-e32b-4d2d-874a-1e4700c67398@group-9E511D2458D0: changes role from  FOLLOWER to CANDIDATE at term 1 for changeToCandidate
2025-09-07 09:46:03,834 [e6e13cb3-e32b-4d2d-874a-1e4700c67398@group-9E511D2458D0-FollowerState] INFO  impl.RoleInfo (RoleInfo.java:updateAndGet(148)) - e6e13cb3-e32b-4d2d-874a-1e4700c67398: start e6e13cb3-e32b-4d2d-874a-1e4700c67398@group-9E511D2458D0-LeaderElection179
2025-09-07 09:46:03,835 [e6e13cb3-e32b-4d2d-874a-1e4700c67398@group-9E511D2458D0-LeaderElection179] INFO  impl.LeaderElection (LeaderElection.java:askForVotes(448)) - e6e13cb3-e32b-4d2d-874a-1e4700c67398@group-9E511D2458D0-LeaderElection179 PRE_VOTE round 0: submit vote requests at term 1 for conf: {index: 0, cur=peers:[90a60b70-6b91-4fb2-a612-7ac0b6911dfc|127.0.0.1:15047, e6e13cb3-e32b-4d2d-874a-1e4700c67398|127.0.0.1:15055, 7c7182dc-ac7f-44a8-b1d4-5d10f99cbcf2|127.0.0.1:15039]|listeners:[], old=null}
2025-09-07 09:46:03,835 [e6e13cb3-e32b-4d2d-874a-1e4700c67398@group-9E511D2458D0-LeaderElection179] INFO  impl.LeaderElection (LogUtils.java:infoOrTrace(142)) - e6e13cb3-e32b-4d2d-874a-1e4700c67398@group-9E511D2458D0-LeaderElection179 got exception when requesting votes: java.util.concurrent.ExecutionException: org.apache.ratis.thirdparty.io.grpc.StatusRuntimeException: UNAVAILABLE: io exception
2025-09-07 09:46:03,835 [e6e13cb3-e32b-4d2d-874a-1e4700c67398@group-9E511D2458D0-LeaderElection179] INFO  impl.LeaderElection (LogUtils.java:infoOrTrace(142)) - e6e13cb3-e32b-4d2d-874a-1e4700c67398@group-9E511D2458D0-LeaderElection179 got exception when requesting votes: java.util.concurrent.ExecutionException: org.apache.ratis.thirdparty.io.grpc.StatusRuntimeException: UNAVAILABLE: io exception
2025-09-07 09:46:03,835 [e6e13cb3-e32b-4d2d-874a-1e4700c67398@group-9E511D2458D0-LeaderElection179] INFO  impl.LeaderElection (LeaderElection.java:logAndReturn(206)) - e6e13cb3-e32b-4d2d-874a-1e4700c67398@group-9E511D2458D0-LeaderElection179: PRE_VOTE REJECTED received 0 response(s) and 2 exception(s):
2025-09-07 09:46:03,835 [e6e13cb3-e32b-4d2d-874a-1e4700c67398@group-9E511D2458D0-LeaderElection179] INFO  impl.LeaderElection (LogUtils.java:infoOrTrace(142)) -   Exception 0: java.util.concurrent.ExecutionException: org.apache.ratis.thirdparty.io.grpc.StatusRuntimeException: UNAVAILABLE: io exception
2025-09-07 09:46:03,835 [e6e13cb3-e32b-4d2d-874a-1e4700c67398@group-9E511D2458D0-LeaderElection179] INFO  impl.LeaderElection (LogUtils.java:infoOrTrace(142)) -   Exception 1: java.util.concurrent.ExecutionException: org.apache.ratis.thirdparty.io.grpc.StatusRuntimeException: UNAVAILABLE: io exception
2025-09-07 09:46:03,835 [e6e13cb3-e32b-4d2d-874a-1e4700c67398@group-9E511D2458D0-LeaderElection179] INFO  impl.LeaderElection (LeaderElection.java:askForVotes(450)) - e6e13cb3-e32b-4d2d-874a-1e4700c67398@group-9E511D2458D0-LeaderElection179 PRE_VOTE round 0: result REJECTED
2025-09-07 09:46:03,835 [e6e13cb3-e32b-4d2d-874a-1e4700c67398@group-9E511D2458D0-LeaderElection179] INFO  server.RaftServer$Division (RaftServerImpl.java:setRole(392)) - e6e13cb3-e32b-4d2d-874a-1e4700c67398@group-9E511D2458D0: changes role from CANDIDATE to FOLLOWER at term 1 for REJECTED
2025-09-07 09:46:03,835 [e6e13cb3-e32b-4d2d-874a-1e4700c67398@group-9E511D2458D0-LeaderElection179] INFO  impl.RoleInfo (RoleInfo.java:shutdownLeaderElection(141)) - e6e13cb3-e32b-4d2d-874a-1e4700c67398: shutdown e6e13cb3-e32b-4d2d-874a-1e4700c67398@group-9E511D2458D0-LeaderElection179
2025-09-07 09:46:03,835 [e6e13cb3-e32b-4d2d-874a-1e4700c67398@group-9E511D2458D0-LeaderElection179] INFO  impl.RoleInfo (RoleInfo.java:updateAndGet(148)) - e6e13cb3-e32b-4d2d-874a-1e4700c67398: start e6e13cb3-e32b-4d2d-874a-1e4700c67398@group-9E511D2458D0-FollowerState
2025-09-07 09:46:04,129 [e6e13cb3-e32b-4d2d-874a-1e4700c67398@group-09A5C1734F32-FollowerState] INFO  impl.FollowerState (FollowerState.java:runImpl(161)) - e6e13cb3-e32b-4d2d-874a-1e4700c67398@group-09A5C1734F32-FollowerState: change to CANDIDATE, lastRpcElapsedTime:1126323159ns, electionTimeout:1126ms
2025-09-07 09:46:04,129 [e6e13cb3-e32b-4d2d-874a-1e4700c67398@group-09A5C1734F32-FollowerState] INFO  impl.RoleInfo (RoleInfo.java:shutdownFollowerState(121)) - e6e13cb3-e32b-4d2d-874a-1e4700c67398: shutdown e6e13cb3-e32b-4d2d-874a-1e4700c67398@group-09A5C1734F32-FollowerState
2025-09-07 09:46:04,129 [e6e13cb3-e32b-4d2d-874a-1e4700c67398@group-09A5C1734F32-FollowerState] INFO  server.RaftServer$Division (RaftServerImpl.java:setRole(392)) - e6e13cb3-e32b-4d2d-874a-1e4700c67398@group-09A5C1734F32: changes role from  FOLLOWER to CANDIDATE at term 1 for changeToCandidate
2025-09-07 09:46:04,129 [e6e13cb3-e32b-4d2d-874a-1e4700c67398@group-09A5C1734F32-FollowerState] INFO  impl.RoleInfo (RoleInfo.java:updateAndGet(148)) - e6e13cb3-e32b-4d2d-874a-1e4700c67398: start e6e13cb3-e32b-4d2d-874a-1e4700c67398@group-09A5C1734F32-LeaderElection180
2025-09-07 09:46:04,130 [e6e13cb3-e32b-4d2d-874a-1e4700c67398@group-09A5C1734F32-LeaderElection180] INFO  impl.LeaderElection (LeaderElection.java:askForVotes(448)) - e6e13cb3-e32b-4d2d-874a-1e4700c67398@group-09A5C1734F32-LeaderElection180 PRE_VOTE round 0: submit vote requests at term 1 for conf: {index: 0, cur=peers:[90a60b70-6b91-4fb2-a612-7ac0b6911dfc|127.0.0.1:15047, e6e13cb3-e32b-4d2d-874a-1e4700c67398|127.0.0.1:15055, 7c7182dc-ac7f-44a8-b1d4-5d10f99cbcf2|127.0.0.1:15039]|listeners:[], old=null}
2025-09-07 09:46:04,130 [e6e13cb3-e32b-4d2d-874a-1e4700c67398@group-09A5C1734F32-LeaderElection180] INFO  impl.LeaderElection (LogUtils.java:infoOrTrace(142)) - e6e13cb3-e32b-4d2d-874a-1e4700c67398@group-09A5C1734F32-LeaderElection180 got exception when requesting votes: java.util.concurrent.ExecutionException: org.apache.ratis.thirdparty.io.grpc.StatusRuntimeException: UNAVAILABLE: io exception
2025-09-07 09:46:04,130 [e6e13cb3-e32b-4d2d-874a-1e4700c67398@group-09A5C1734F32-LeaderElection180] INFO  impl.LeaderElection (LogUtils.java:infoOrTrace(142)) - e6e13cb3-e32b-4d2d-874a-1e4700c67398@group-09A5C1734F32-LeaderElection180 got exception when requesting votes: java.util.concurrent.ExecutionException: org.apache.ratis.thirdparty.io.grpc.StatusRuntimeException: UNAVAILABLE: io exception
2025-09-07 09:46:04,130 [e6e13cb3-e32b-4d2d-874a-1e4700c67398@group-09A5C1734F32-LeaderElection180] INFO  impl.LeaderElection (LeaderElection.java:logAndReturn(206)) - e6e13cb3-e32b-4d2d-874a-1e4700c67398@group-09A5C1734F32-LeaderElection180: PRE_VOTE REJECTED received 0 response(s) and 2 exception(s):
2025-09-07 09:46:04,131 [e6e13cb3-e32b-4d2d-874a-1e4700c67398@group-09A5C1734F32-LeaderElection180] INFO  impl.LeaderElection (LogUtils.java:infoOrTrace(142)) -   Exception 0: java.util.concurrent.ExecutionException: org.apache.ratis.thirdparty.io.grpc.StatusRuntimeException: UNAVAILABLE: io exception
2025-09-07 09:46:04,131 [e6e13cb3-e32b-4d2d-874a-1e4700c67398@group-09A5C1734F32-LeaderElection180] INFO  impl.LeaderElection (LogUtils.java:infoOrTrace(142)) -   Exception 1: java.util.concurrent.ExecutionException: org.apache.ratis.thirdparty.io.grpc.StatusRuntimeException: UNAVAILABLE: io exception
2025-09-07 09:46:04,131 [e6e13cb3-e32b-4d2d-874a-1e4700c67398@group-09A5C1734F32-LeaderElection180] INFO  impl.LeaderElection (LeaderElection.java:askForVotes(450)) - e6e13cb3-e32b-4d2d-874a-1e4700c67398@group-09A5C1734F32-LeaderElection180 PRE_VOTE round 0: result REJECTED
2025-09-07 09:46:04,131 [e6e13cb3-e32b-4d2d-874a-1e4700c67398@group-09A5C1734F32-LeaderElection180] INFO  server.RaftServer$Division (RaftServerImpl.java:setRole(392)) - e6e13cb3-e32b-4d2d-874a-1e4700c67398@group-09A5C1734F32: changes role from CANDIDATE to FOLLOWER at term 1 for REJECTED
2025-09-07 09:46:04,131 [e6e13cb3-e32b-4d2d-874a-1e4700c67398@group-09A5C1734F32-LeaderElection180] INFO  impl.RoleInfo (RoleInfo.java:shutdownLeaderElection(141)) - e6e13cb3-e32b-4d2d-874a-1e4700c67398: shutdown e6e13cb3-e32b-4d2d-874a-1e4700c67398@group-09A5C1734F32-LeaderElection180
2025-09-07 09:46:04,131 [e6e13cb3-e32b-4d2d-874a-1e4700c67398@group-09A5C1734F32-LeaderElection180] INFO  impl.RoleInfo (RoleInfo.java:updateAndGet(148)) - e6e13cb3-e32b-4d2d-874a-1e4700c67398: start e6e13cb3-e32b-4d2d-874a-1e4700c67398@group-09A5C1734F32-FollowerState
2025-09-07 09:46:05,011 [e6e13cb3-e32b-4d2d-874a-1e4700c67398@group-9E511D2458D0-FollowerState] INFO  impl.FollowerState (FollowerState.java:runImpl(161)) - e6e13cb3-e32b-4d2d-874a-1e4700c67398@group-9E511D2458D0-FollowerState: change to CANDIDATE, lastRpcElapsedTime:1175297928ns, electionTimeout:1175ms
2025-09-07 09:46:05,011 [e6e13cb3-e32b-4d2d-874a-1e4700c67398@group-9E511D2458D0-FollowerState] INFO  impl.RoleInfo (RoleInfo.java:shutdownFollowerState(121)) - e6e13cb3-e32b-4d2d-874a-1e4700c67398: shutdown e6e13cb3-e32b-4d2d-874a-1e4700c67398@group-9E511D2458D0-FollowerState
2025-09-07 09:46:05,011 [e6e13cb3-e32b-4d2d-874a-1e4700c67398@group-9E511D2458D0-FollowerState] INFO  server.RaftServer$Division (RaftServerImpl.java:setRole(392)) - e6e13cb3-e32b-4d2d-874a-1e4700c67398@group-9E511D2458D0: changes role from  FOLLOWER to CANDIDATE at term 1 for changeToCandidate
2025-09-07 09:46:05,011 [e6e13cb3-e32b-4d2d-874a-1e4700c67398@group-9E511D2458D0-FollowerState] INFO  impl.RoleInfo (RoleInfo.java:updateAndGet(148)) - e6e13cb3-e32b-4d2d-874a-1e4700c67398: start e6e13cb3-e32b-4d2d-874a-1e4700c67398@group-9E511D2458D0-LeaderElection181
2025-09-07 09:46:05,011 [e6e13cb3-e32b-4d2d-874a-1e4700c67398@group-9E511D2458D0-LeaderElection181] INFO  impl.LeaderElection (LeaderElection.java:askForVotes(448)) - e6e13cb3-e32b-4d2d-874a-1e4700c67398@group-9E511D2458D0-LeaderElection181 PRE_VOTE round 0: submit vote requests at term 1 for conf: {index: 0, cur=peers:[90a60b70-6b91-4fb2-a612-7ac0b6911dfc|127.0.0.1:15047, e6e13cb3-e32b-4d2d-874a-1e4700c67398|127.0.0.1:15055, 7c7182dc-ac7f-44a8-b1d4-5d10f99cbcf2|127.0.0.1:15039]|listeners:[], old=null}
2025-09-07 09:46:05,012 [e6e13cb3-e32b-4d2d-874a-1e4700c67398@group-9E511D2458D0-LeaderElection181] INFO  impl.LeaderElection (LogUtils.java:infoOrTrace(142)) - e6e13cb3-e32b-4d2d-874a-1e4700c67398@group-9E511D2458D0-LeaderElection181 got exception when requesting votes: java.util.concurrent.ExecutionException: org.apache.ratis.thirdparty.io.grpc.StatusRuntimeException: UNAVAILABLE: io exception
2025-09-07 09:46:05,012 [e6e13cb3-e32b-4d2d-874a-1e4700c67398@group-9E511D2458D0-LeaderElection181] INFO  impl.LeaderElection (LogUtils.java:infoOrTrace(142)) - e6e13cb3-e32b-4d2d-874a-1e4700c67398@group-9E511D2458D0-LeaderElection181 got exception when requesting votes: java.util.concurrent.ExecutionException: org.apache.ratis.thirdparty.io.grpc.StatusRuntimeException: UNAVAILABLE: io exception
2025-09-07 09:46:05,012 [e6e13cb3-e32b-4d2d-874a-1e4700c67398@group-9E511D2458D0-LeaderElection181] INFO  impl.LeaderElection (LeaderElection.java:logAndReturn(206)) - e6e13cb3-e32b-4d2d-874a-1e4700c67398@group-9E511D2458D0-LeaderElection181: PRE_VOTE REJECTED received 0 response(s) and 2 exception(s):
2025-09-07 09:46:05,012 [e6e13cb3-e32b-4d2d-874a-1e4700c67398@group-9E511D2458D0-LeaderElection181] INFO  impl.LeaderElection (LogUtils.java:infoOrTrace(142)) -   Exception 0: java.util.concurrent.ExecutionException: org.apache.ratis.thirdparty.io.grpc.StatusRuntimeException: UNAVAILABLE: io exception
2025-09-07 09:46:05,012 [e6e13cb3-e32b-4d2d-874a-1e4700c67398@group-9E511D2458D0-LeaderElection181] INFO  impl.LeaderElection (LogUtils.java:infoOrTrace(142)) -   Exception 1: java.util.concurrent.ExecutionException: org.apache.ratis.thirdparty.io.grpc.StatusRuntimeException: UNAVAILABLE: io exception
2025-09-07 09:46:05,012 [e6e13cb3-e32b-4d2d-874a-1e4700c67398@group-9E511D2458D0-LeaderElection181] INFO  impl.LeaderElection (LeaderElection.java:askForVotes(450)) - e6e13cb3-e32b-4d2d-874a-1e4700c67398@group-9E511D2458D0-LeaderElection181 PRE_VOTE round 0: result REJECTED
2025-09-07 09:46:05,012 [e6e13cb3-e32b-4d2d-874a-1e4700c67398@group-9E511D2458D0-LeaderElection181] INFO  server.RaftServer$Division (RaftServerImpl.java:setRole(392)) - e6e13cb3-e32b-4d2d-874a-1e4700c67398@group-9E511D2458D0: changes role from CANDIDATE to FOLLOWER at term 1 for REJECTED
2025-09-07 09:46:05,012 [e6e13cb3-e32b-4d2d-874a-1e4700c67398@group-9E511D2458D0-LeaderElection181] INFO  impl.RoleInfo (RoleInfo.java:shutdownLeaderElection(141)) - e6e13cb3-e32b-4d2d-874a-1e4700c67398: shutdown e6e13cb3-e32b-4d2d-874a-1e4700c67398@group-9E511D2458D0-LeaderElection181
2025-09-07 09:46:05,012 [e6e13cb3-e32b-4d2d-874a-1e4700c67398@group-9E511D2458D0-LeaderElection181] INFO  impl.RoleInfo (RoleInfo.java:updateAndGet(148)) - e6e13cb3-e32b-4d2d-874a-1e4700c67398: start e6e13cb3-e32b-4d2d-874a-1e4700c67398@group-9E511D2458D0-FollowerState
2025-09-07 09:46:05,291 [e6e13cb3-e32b-4d2d-874a-1e4700c67398@group-09A5C1734F32-FollowerState] INFO  impl.FollowerState (FollowerState.java:runImpl(161)) - e6e13cb3-e32b-4d2d-874a-1e4700c67398@group-09A5C1734F32-FollowerState: change to CANDIDATE, lastRpcElapsedTime:1160290472ns, electionTimeout:1160ms
2025-09-07 09:46:05,291 [e6e13cb3-e32b-4d2d-874a-1e4700c67398@group-09A5C1734F32-FollowerState] INFO  impl.RoleInfo (RoleInfo.java:shutdownFollowerState(121)) - e6e13cb3-e32b-4d2d-874a-1e4700c67398: shutdown e6e13cb3-e32b-4d2d-874a-1e4700c67398@group-09A5C1734F32-FollowerState
2025-09-07 09:46:05,291 [e6e13cb3-e32b-4d2d-874a-1e4700c67398@group-09A5C1734F32-FollowerState] INFO  server.RaftServer$Division (RaftServerImpl.java:setRole(392)) - e6e13cb3-e32b-4d2d-874a-1e4700c67398@group-09A5C1734F32: changes role from  FOLLOWER to CANDIDATE at term 1 for changeToCandidate
2025-09-07 09:46:05,291 [e6e13cb3-e32b-4d2d-874a-1e4700c67398@group-09A5C1734F32-FollowerState] INFO  impl.RoleInfo (RoleInfo.java:updateAndGet(148)) - e6e13cb3-e32b-4d2d-874a-1e4700c67398: start e6e13cb3-e32b-4d2d-874a-1e4700c67398@group-09A5C1734F32-LeaderElection182
2025-09-07 09:46:05,292 [e6e13cb3-e32b-4d2d-874a-1e4700c67398@group-09A5C1734F32-LeaderElection182] INFO  impl.LeaderElection (LeaderElection.java:askForVotes(448)) - e6e13cb3-e32b-4d2d-874a-1e4700c67398@group-09A5C1734F32-LeaderElection182 PRE_VOTE round 0: submit vote requests at term 1 for conf: {index: 0, cur=peers:[90a60b70-6b91-4fb2-a612-7ac0b6911dfc|127.0.0.1:15047, e6e13cb3-e32b-4d2d-874a-1e4700c67398|127.0.0.1:15055, 7c7182dc-ac7f-44a8-b1d4-5d10f99cbcf2|127.0.0.1:15039]|listeners:[], old=null}
2025-09-07 09:46:05,292 [e6e13cb3-e32b-4d2d-874a-1e4700c67398@group-09A5C1734F32-LeaderElection182] INFO  impl.LeaderElection (LogUtils.java:infoOrTrace(142)) - e6e13cb3-e32b-4d2d-874a-1e4700c67398@group-09A5C1734F32-LeaderElection182 got exception when requesting votes: java.util.concurrent.ExecutionException: org.apache.ratis.thirdparty.io.grpc.StatusRuntimeException: UNAVAILABLE: io exception
2025-09-07 09:46:05,292 [e6e13cb3-e32b-4d2d-874a-1e4700c67398@group-09A5C1734F32-LeaderElection182] INFO  impl.LeaderElection (LogUtils.java:infoOrTrace(142)) - e6e13cb3-e32b-4d2d-874a-1e4700c67398@group-09A5C1734F32-LeaderElection182 got exception when requesting votes: java.util.concurrent.ExecutionException: org.apache.ratis.thirdparty.io.grpc.StatusRuntimeException: UNAVAILABLE: io exception
2025-09-07 09:46:05,292 [e6e13cb3-e32b-4d2d-874a-1e4700c67398@group-09A5C1734F32-LeaderElection182] INFO  impl.LeaderElection (LeaderElection.java:logAndReturn(206)) - e6e13cb3-e32b-4d2d-874a-1e4700c67398@group-09A5C1734F32-LeaderElection182: PRE_VOTE REJECTED received 0 response(s) and 2 exception(s):
2025-09-07 09:46:05,292 [e6e13cb3-e32b-4d2d-874a-1e4700c67398@group-09A5C1734F32-LeaderElection182] INFO  impl.LeaderElection (LogUtils.java:infoOrTrace(142)) -   Exception 0: java.util.concurrent.ExecutionException: org.apache.ratis.thirdparty.io.grpc.StatusRuntimeException: UNAVAILABLE: io exception
2025-09-07 09:46:05,292 [e6e13cb3-e32b-4d2d-874a-1e4700c67398@group-09A5C1734F32-LeaderElection182] INFO  impl.LeaderElection (LogUtils.java:infoOrTrace(142)) -   Exception 1: java.util.concurrent.ExecutionException: org.apache.ratis.thirdparty.io.grpc.StatusRuntimeException: UNAVAILABLE: io exception
2025-09-07 09:46:05,292 [e6e13cb3-e32b-4d2d-874a-1e4700c67398@group-09A5C1734F32-LeaderElection182] INFO  impl.LeaderElection (LeaderElection.java:askForVotes(450)) - e6e13cb3-e32b-4d2d-874a-1e4700c67398@group-09A5C1734F32-LeaderElection182 PRE_VOTE round 0: result REJECTED
2025-09-07 09:46:05,292 [e6e13cb3-e32b-4d2d-874a-1e4700c67398@group-09A5C1734F32-LeaderElection182] INFO  server.RaftServer$Division (RaftServerImpl.java:setRole(392)) - e6e13cb3-e32b-4d2d-874a-1e4700c67398@group-09A5C1734F32: changes role from CANDIDATE to FOLLOWER at term 1 for REJECTED
2025-09-07 09:46:05,292 [e6e13cb3-e32b-4d2d-874a-1e4700c67398@group-09A5C1734F32-LeaderElection182] INFO  impl.RoleInfo (RoleInfo.java:shutdownLeaderElection(141)) - e6e13cb3-e32b-4d2d-874a-1e4700c67398: shutdown e6e13cb3-e32b-4d2d-874a-1e4700c67398@group-09A5C1734F32-LeaderElection182
2025-09-07 09:46:05,292 [e6e13cb3-e32b-4d2d-874a-1e4700c67398@group-09A5C1734F32-LeaderElection182] INFO  impl.RoleInfo (RoleInfo.java:updateAndGet(148)) - e6e13cb3-e32b-4d2d-874a-1e4700c67398: start e6e13cb3-e32b-4d2d-874a-1e4700c67398@group-09A5C1734F32-FollowerState
2025-09-07 09:46:06,126 [e6e13cb3-e32b-4d2d-874a-1e4700c67398@group-9E511D2458D0-FollowerState] INFO  impl.FollowerState (FollowerState.java:runImpl(161)) - e6e13cb3-e32b-4d2d-874a-1e4700c67398@group-9E511D2458D0-FollowerState: change to CANDIDATE, lastRpcElapsedTime:1113299565ns, electionTimeout:1113ms
2025-09-07 09:46:06,126 [e6e13cb3-e32b-4d2d-874a-1e4700c67398@group-9E511D2458D0-FollowerState] INFO  impl.RoleInfo (RoleInfo.java:shutdownFollowerState(121)) - e6e13cb3-e32b-4d2d-874a-1e4700c67398: shutdown e6e13cb3-e32b-4d2d-874a-1e4700c67398@group-9E511D2458D0-FollowerState
2025-09-07 09:46:06,126 [e6e13cb3-e32b-4d2d-874a-1e4700c67398@group-9E511D2458D0-FollowerState] INFO  server.RaftServer$Division (RaftServerImpl.java:setRole(392)) - e6e13cb3-e32b-4d2d-874a-1e4700c67398@group-9E511D2458D0: changes role from  FOLLOWER to CANDIDATE at term 1 for changeToCandidate
2025-09-07 09:46:06,126 [e6e13cb3-e32b-4d2d-874a-1e4700c67398@group-9E511D2458D0-FollowerState] INFO  impl.RoleInfo (RoleInfo.java:updateAndGet(148)) - e6e13cb3-e32b-4d2d-874a-1e4700c67398: start e6e13cb3-e32b-4d2d-874a-1e4700c67398@group-9E511D2458D0-LeaderElection183
2025-09-07 09:46:06,126 [e6e13cb3-e32b-4d2d-874a-1e4700c67398@group-9E511D2458D0-LeaderElection183] INFO  impl.LeaderElection (LeaderElection.java:askForVotes(448)) - e6e13cb3-e32b-4d2d-874a-1e4700c67398@group-9E511D2458D0-LeaderElection183 PRE_VOTE round 0: submit vote requests at term 1 for conf: {index: 0, cur=peers:[90a60b70-6b91-4fb2-a612-7ac0b6911dfc|127.0.0.1:15047, e6e13cb3-e32b-4d2d-874a-1e4700c67398|127.0.0.1:15055, 7c7182dc-ac7f-44a8-b1d4-5d10f99cbcf2|127.0.0.1:15039]|listeners:[], old=null}
2025-09-07 09:46:06,127 [e6e13cb3-e32b-4d2d-874a-1e4700c67398@group-9E511D2458D0-LeaderElection183] INFO  impl.LeaderElection (LogUtils.java:infoOrTrace(142)) - e6e13cb3-e32b-4d2d-874a-1e4700c67398@group-9E511D2458D0-LeaderElection183 got exception when requesting votes: java.util.concurrent.ExecutionException: org.apache.ratis.thirdparty.io.grpc.StatusRuntimeException: UNAVAILABLE: io exception
2025-09-07 09:46:06,127 [e6e13cb3-e32b-4d2d-874a-1e4700c67398@group-9E511D2458D0-LeaderElection183] INFO  impl.LeaderElection (LogUtils.java:infoOrTrace(142)) - e6e13cb3-e32b-4d2d-874a-1e4700c67398@group-9E511D2458D0-LeaderElection183 got exception when requesting votes: java.util.concurrent.ExecutionException: org.apache.ratis.thirdparty.io.grpc.StatusRuntimeException: UNAVAILABLE: io exception
2025-09-07 09:46:06,127 [e6e13cb3-e32b-4d2d-874a-1e4700c67398@group-9E511D2458D0-LeaderElection183] INFO  impl.LeaderElection (LeaderElection.java:logAndReturn(206)) - e6e13cb3-e32b-4d2d-874a-1e4700c67398@group-9E511D2458D0-LeaderElection183: PRE_VOTE REJECTED received 0 response(s) and 2 exception(s):
2025-09-07 09:46:06,127 [e6e13cb3-e32b-4d2d-874a-1e4700c67398@group-9E511D2458D0-LeaderElection183] INFO  impl.LeaderElection (LogUtils.java:infoOrTrace(142)) -   Exception 0: java.util.concurrent.ExecutionException: org.apache.ratis.thirdparty.io.grpc.StatusRuntimeException: UNAVAILABLE: io exception
2025-09-07 09:46:06,127 [e6e13cb3-e32b-4d2d-874a-1e4700c67398@group-9E511D2458D0-LeaderElection183] INFO  impl.LeaderElection (LogUtils.java:infoOrTrace(142)) -   Exception 1: java.util.concurrent.ExecutionException: org.apache.ratis.thirdparty.io.grpc.StatusRuntimeException: UNAVAILABLE: io exception
2025-09-07 09:46:06,127 [e6e13cb3-e32b-4d2d-874a-1e4700c67398@group-9E511D2458D0-LeaderElection183] INFO  impl.LeaderElection (LeaderElection.java:askForVotes(450)) - e6e13cb3-e32b-4d2d-874a-1e4700c67398@group-9E511D2458D0-LeaderElection183 PRE_VOTE round 0: result REJECTED
2025-09-07 09:46:06,127 [e6e13cb3-e32b-4d2d-874a-1e4700c67398@group-9E511D2458D0-LeaderElection183] INFO  server.RaftServer$Division (RaftServerImpl.java:setRole(392)) - e6e13cb3-e32b-4d2d-874a-1e4700c67398@group-9E511D2458D0: changes role from CANDIDATE to FOLLOWER at term 1 for REJECTED
2025-09-07 09:46:06,127 [e6e13cb3-e32b-4d2d-874a-1e4700c67398@group-9E511D2458D0-LeaderElection183] INFO  impl.RoleInfo (RoleInfo.java:shutdownLeaderElection(141)) - e6e13cb3-e32b-4d2d-874a-1e4700c67398: shutdown e6e13cb3-e32b-4d2d-874a-1e4700c67398@group-9E511D2458D0-LeaderElection183
2025-09-07 09:46:06,127 [e6e13cb3-e32b-4d2d-874a-1e4700c67398@group-9E511D2458D0-LeaderElection183] INFO  impl.RoleInfo (RoleInfo.java:updateAndGet(148)) - e6e13cb3-e32b-4d2d-874a-1e4700c67398: start e6e13cb3-e32b-4d2d-874a-1e4700c67398@group-9E511D2458D0-FollowerState
2025-09-07 09:46:06,466 [e6e13cb3-e32b-4d2d-874a-1e4700c67398@group-09A5C1734F32-FollowerState] INFO  impl.FollowerState (FollowerState.java:runImpl(161)) - e6e13cb3-e32b-4d2d-874a-1e4700c67398@group-09A5C1734F32-FollowerState: change to CANDIDATE, lastRpcElapsedTime:1173303438ns, electionTimeout:1173ms
2025-09-07 09:46:06,466 [e6e13cb3-e32b-4d2d-874a-1e4700c67398@group-09A5C1734F32-FollowerState] INFO  impl.RoleInfo (RoleInfo.java:shutdownFollowerState(121)) - e6e13cb3-e32b-4d2d-874a-1e4700c67398: shutdown e6e13cb3-e32b-4d2d-874a-1e4700c67398@group-09A5C1734F32-FollowerState
2025-09-07 09:46:06,466 [e6e13cb3-e32b-4d2d-874a-1e4700c67398@group-09A5C1734F32-FollowerState] INFO  server.RaftServer$Division (RaftServerImpl.java:setRole(392)) - e6e13cb3-e32b-4d2d-874a-1e4700c67398@group-09A5C1734F32: changes role from  FOLLOWER to CANDIDATE at term 1 for changeToCandidate
2025-09-07 09:46:06,466 [e6e13cb3-e32b-4d2d-874a-1e4700c67398@group-09A5C1734F32-FollowerState] INFO  impl.RoleInfo (RoleInfo.java:updateAndGet(148)) - e6e13cb3-e32b-4d2d-874a-1e4700c67398: start e6e13cb3-e32b-4d2d-874a-1e4700c67398@group-09A5C1734F32-LeaderElection184
2025-09-07 09:46:06,466 [e6e13cb3-e32b-4d2d-874a-1e4700c67398@group-09A5C1734F32-LeaderElection184] INFO  impl.LeaderElection (LeaderElection.java:askForVotes(448)) - e6e13cb3-e32b-4d2d-874a-1e4700c67398@group-09A5C1734F32-LeaderElection184 PRE_VOTE round 0: submit vote requests at term 1 for conf: {index: 0, cur=peers:[90a60b70-6b91-4fb2-a612-7ac0b6911dfc|127.0.0.1:15047, e6e13cb3-e32b-4d2d-874a-1e4700c67398|127.0.0.1:15055, 7c7182dc-ac7f-44a8-b1d4-5d10f99cbcf2|127.0.0.1:15039]|listeners:[], old=null}
2025-09-07 09:46:06,467 [e6e13cb3-e32b-4d2d-874a-1e4700c67398@group-09A5C1734F32-LeaderElection184] INFO  impl.LeaderElection (LogUtils.java:infoOrTrace(142)) - e6e13cb3-e32b-4d2d-874a-1e4700c67398@group-09A5C1734F32-LeaderElection184 got exception when requesting votes: java.util.concurrent.ExecutionException: org.apache.ratis.thirdparty.io.grpc.StatusRuntimeException: UNAVAILABLE: io exception
2025-09-07 09:46:06,467 [e6e13cb3-e32b-4d2d-874a-1e4700c67398@group-09A5C1734F32-LeaderElection184] INFO  impl.LeaderElection (LogUtils.java:infoOrTrace(142)) - e6e13cb3-e32b-4d2d-874a-1e4700c67398@group-09A5C1734F32-LeaderElection184 got exception when requesting votes: java.util.concurrent.ExecutionException: org.apache.ratis.thirdparty.io.grpc.StatusRuntimeException: UNAVAILABLE: io exception
2025-09-07 09:46:06,467 [e6e13cb3-e32b-4d2d-874a-1e4700c67398@group-09A5C1734F32-LeaderElection184] INFO  impl.LeaderElection (LeaderElection.java:logAndReturn(206)) - e6e13cb3-e32b-4d2d-874a-1e4700c67398@group-09A5C1734F32-LeaderElection184: PRE_VOTE REJECTED received 0 response(s) and 2 exception(s):
2025-09-07 09:46:06,467 [e6e13cb3-e32b-4d2d-874a-1e4700c67398@group-09A5C1734F32-LeaderElection184] INFO  impl.LeaderElection (LogUtils.java:infoOrTrace(142)) -   Exception 0: java.util.concurrent.ExecutionException: org.apache.ratis.thirdparty.io.grpc.StatusRuntimeException: UNAVAILABLE: io exception
2025-09-07 09:46:06,467 [e6e13cb3-e32b-4d2d-874a-1e4700c67398@group-09A5C1734F32-LeaderElection184] INFO  impl.LeaderElection (LogUtils.java:infoOrTrace(142)) -   Exception 1: java.util.concurrent.ExecutionException: org.apache.ratis.thirdparty.io.grpc.StatusRuntimeException: UNAVAILABLE: io exception
2025-09-07 09:46:06,467 [e6e13cb3-e32b-4d2d-874a-1e4700c67398@group-09A5C1734F32-LeaderElection184] INFO  impl.LeaderElection (LeaderElection.java:askForVotes(450)) - e6e13cb3-e32b-4d2d-874a-1e4700c67398@group-09A5C1734F32-LeaderElection184 PRE_VOTE round 0: result REJECTED
2025-09-07 09:46:06,467 [e6e13cb3-e32b-4d2d-874a-1e4700c67398@group-09A5C1734F32-LeaderElection184] INFO  server.RaftServer$Division (RaftServerImpl.java:setRole(392)) - e6e13cb3-e32b-4d2d-874a-1e4700c67398@group-09A5C1734F32: changes role from CANDIDATE to FOLLOWER at term 1 for REJECTED
2025-09-07 09:46:06,467 [e6e13cb3-e32b-4d2d-874a-1e4700c67398@group-09A5C1734F32-LeaderElection184] INFO  impl.RoleInfo (RoleInfo.java:shutdownLeaderElection(141)) - e6e13cb3-e32b-4d2d-874a-1e4700c67398: shutdown e6e13cb3-e32b-4d2d-874a-1e4700c67398@group-09A5C1734F32-LeaderElection184
2025-09-07 09:46:06,467 [e6e13cb3-e32b-4d2d-874a-1e4700c67398@group-09A5C1734F32-LeaderElection184] INFO  impl.RoleInfo (RoleInfo.java:updateAndGet(148)) - e6e13cb3-e32b-4d2d-874a-1e4700c67398: start e6e13cb3-e32b-4d2d-874a-1e4700c67398@group-09A5C1734F32-FollowerState
2025-09-07 09:46:06,568 [grpc-default-executor-1] ERROR impl.OrderedAsync (OrderedAsync.java:lambda$null$6(215)) -  client-DE39E7586232: Failed* RaftClientRequest:client-DE39E7586232->e6e13cb3-e32b-4d2d-874a-1e4700c67398@group-09A5C1734F32, cid=55, seq=6*, RW, cmdType: WriteChunk
traceID: ""
containerID: 7
datanodeUuid: "90a60b70-6b91-4fb2-a612-7ac0b6911dfc"
writeChunk {
  blockID {
    containerID: 7
    localID: 115816896921600007
    blockCommitSequenceId: 4
    replicaIndex: 0
  }
  chunkData {
    chunkName: "115816896921600007_chunk_3"
    offset: 2097152
    len: 524288
    checksumData {
      type: CRC32
      bytesPerChecksum: 16384
      checksums: "\326\360U\321"
      checksums: "\326\360U\321"
      checksums: "\326\360U\321"
      checksums: "\326\360U\321"
      checksums: "\326\360U\321"
      checksums: "\326\360U\321"
      checksums: "\326\360U\321"
      checksums: "\326\360U\321"
      checksums: "\326\360U\321"
      checksums: "\326\360U\321"
      checksums: "\326\360U\321"
      checksums: "\326\360U\321"
      checksums: "\326\360U\321"
      checksums: "\326\360U\321"
      checksums: "\326\360U\321"
      checksums: "\326\360U\321"
      checksums: "\326\360U\321"
      checksums: "\326\360U\321"
      checksums: "\326\360U\321"
      checksums: "\326\360U\321"
      checksums: "\326\360U\321"
      checksums: "\326\360U\321"
      checksums: "\326\360U\321"
      checksums: "\326\360U\321"
      checksums: "\326\360U\321"
      checksums: "\326\360U\321"
      checksums: "\326\360U\321"
      checksums: "\326\360U\321"
      checksums: "\326\360U\321"
      checksums: "\326\360U\321"
      checksums: "\326\360U\321"
      checksums: "a\003G\263"
    }
  }
}
version: 3
, data.size=524288
java.util.concurrent.CompletionException: org.apache.ratis.protocol.exceptions.NotLeaderException: Server e6e13cb3-e32b-4d2d-874a-1e4700c67398@group-09A5C1734F32 is not the leader
	at java.base/java.util.concurrent.CompletableFuture.encodeThrowable(CompletableFuture.java:332)
	at java.base/java.util.concurrent.CompletableFuture.completeThrowable(CompletableFuture.java:347)
	at java.base/java.util.concurrent.CompletableFuture$UniAccept.tryFire(CompletableFuture.java:708)
	at java.base/java.util.concurrent.CompletableFuture.postComplete(CompletableFuture.java:510)
	at java.base/java.util.concurrent.CompletableFuture.completeExceptionally(CompletableFuture.java:2194)
	at org.apache.ratis.grpc.client.GrpcClientProtocolClient$AsyncStreamObservers.completeReplyExceptionally(GrpcClientProtocolClient.java:397)
	at org.apache.ratis.grpc.client.GrpcClientProtocolClient$AsyncStreamObservers.access$000(GrpcClientProtocolClient.java:303)
	at org.apache.ratis.grpc.client.GrpcClientProtocolClient$AsyncStreamObservers$1.onNext(GrpcClientProtocolClient.java:317)
	at org.apache.ratis.grpc.client.GrpcClientProtocolClient$AsyncStreamObservers$1.onNext(GrpcClientProtocolClient.java:308)
	at org.apache.ratis.thirdparty.io.grpc.stub.ClientCalls$StreamObserverToCallListenerAdapter.onMessage(ClientCalls.java:551)
	at org.apache.ratis.thirdparty.io.grpc.ForwardingClientCallListener.onMessage(ForwardingClientCallListener.java:33)
	at org.apache.ratis.thirdparty.io.grpc.internal.DelayedClientCall$DelayedListener.onMessage(DelayedClientCall.java:473)
	at org.apache.ratis.thirdparty.io.grpc.internal.ClientCallImpl$ClientStreamListenerImpl$1MessagesAvailable.runInternal(ClientCallImpl.java:661)
	at org.apache.ratis.thirdparty.io.grpc.internal.ClientCallImpl$ClientStreamListenerImpl$1MessagesAvailable.runInContext(ClientCallImpl.java:648)
	at org.apache.ratis.thirdparty.io.grpc.internal.ContextRunnable.run(ContextRunnable.java:37)
	at org.apache.ratis.thirdparty.io.grpc.internal.SerializingExecutor.run(SerializingExecutor.java:133)
	at java.base/java.util.concurrent.ThreadPoolExecutor.runWorker(ThreadPoolExecutor.java:1144)
	at java.base/java.util.concurrent.ThreadPoolExecutor$Worker.run(ThreadPoolExecutor.java:642)
	at java.base/java.lang.Thread.run(Thread.java:1583)
Caused by: org.apache.ratis.protocol.exceptions.NotLeaderException: Server e6e13cb3-e32b-4d2d-874a-1e4700c67398@group-09A5C1734F32 is not the leader
	at org.apache.ratis.client.impl.ClientProtoUtils.toRaftClientReply(ClientProtoUtils.java:402)
	at org.apache.ratis.grpc.client.GrpcClientProtocolClient$AsyncStreamObservers$1.onNext(GrpcClientProtocolClient.java:313)
	... 11 more
2025-09-07 09:46:07,287 [e6e13cb3-e32b-4d2d-874a-1e4700c67398@group-9E511D2458D0-FollowerState] INFO  impl.FollowerState (FollowerState.java:runImpl(161)) - e6e13cb3-e32b-4d2d-874a-1e4700c67398@group-9E511D2458D0-FollowerState: change to CANDIDATE, lastRpcElapsedTime:1160292818ns, electionTimeout:1160ms
2025-09-07 09:46:07,287 [e6e13cb3-e32b-4d2d-874a-1e4700c67398@group-9E511D2458D0-FollowerState] INFO  impl.RoleInfo (RoleInfo.java:shutdownFollowerState(121)) - e6e13cb3-e32b-4d2d-874a-1e4700c67398: shutdown e6e13cb3-e32b-4d2d-874a-1e4700c67398@group-9E511D2458D0-FollowerState
2025-09-07 09:46:07,287 [e6e13cb3-e32b-4d2d-874a-1e4700c67398@group-9E511D2458D0-FollowerState] INFO  server.RaftServer$Division (RaftServerImpl.java:setRole(392)) - e6e13cb3-e32b-4d2d-874a-1e4700c67398@group-9E511D2458D0: changes role from  FOLLOWER to CANDIDATE at term 1 for changeToCandidate
2025-09-07 09:46:07,288 [e6e13cb3-e32b-4d2d-874a-1e4700c67398@group-9E511D2458D0-FollowerState] INFO  impl.RoleInfo (RoleInfo.java:updateAndGet(148)) - e6e13cb3-e32b-4d2d-874a-1e4700c67398: start e6e13cb3-e32b-4d2d-874a-1e4700c67398@group-9E511D2458D0-LeaderElection185
2025-09-07 09:46:07,288 [e6e13cb3-e32b-4d2d-874a-1e4700c67398@group-9E511D2458D0-LeaderElection185] INFO  impl.LeaderElection (LeaderElection.java:askForVotes(448)) - e6e13cb3-e32b-4d2d-874a-1e4700c67398@group-9E511D2458D0-LeaderElection185 PRE_VOTE round 0: submit vote requests at term 1 for conf: {index: 0, cur=peers:[90a60b70-6b91-4fb2-a612-7ac0b6911dfc|127.0.0.1:15047, e6e13cb3-e32b-4d2d-874a-1e4700c67398|127.0.0.1:15055, 7c7182dc-ac7f-44a8-b1d4-5d10f99cbcf2|127.0.0.1:15039]|listeners:[], old=null}
2025-09-07 09:46:07,288 [e6e13cb3-e32b-4d2d-874a-1e4700c67398@group-9E511D2458D0-LeaderElection185] INFO  impl.LeaderElection (LogUtils.java:infoOrTrace(142)) - e6e13cb3-e32b-4d2d-874a-1e4700c67398@group-9E511D2458D0-LeaderElection185 got exception when requesting votes: java.util.concurrent.ExecutionException: org.apache.ratis.thirdparty.io.grpc.StatusRuntimeException: UNAVAILABLE: io exception
2025-09-07 09:46:07,288 [e6e13cb3-e32b-4d2d-874a-1e4700c67398@group-9E511D2458D0-LeaderElection185] INFO  impl.LeaderElection (LogUtils.java:infoOrTrace(142)) - e6e13cb3-e32b-4d2d-874a-1e4700c67398@group-9E511D2458D0-LeaderElection185 got exception when requesting votes: java.util.concurrent.ExecutionException: org.apache.ratis.thirdparty.io.grpc.StatusRuntimeException: UNAVAILABLE: io exception
2025-09-07 09:46:07,289 [e6e13cb3-e32b-4d2d-874a-1e4700c67398@group-9E511D2458D0-LeaderElection185] INFO  impl.LeaderElection (LeaderElection.java:logAndReturn(206)) - e6e13cb3-e32b-4d2d-874a-1e4700c67398@group-9E511D2458D0-LeaderElection185: PRE_VOTE REJECTED received 0 response(s) and 2 exception(s):
2025-09-07 09:46:07,289 [e6e13cb3-e32b-4d2d-874a-1e4700c67398@group-9E511D2458D0-LeaderElection185] INFO  impl.LeaderElection (LogUtils.java:infoOrTrace(142)) -   Exception 0: java.util.concurrent.ExecutionException: org.apache.ratis.thirdparty.io.grpc.StatusRuntimeException: UNAVAILABLE: io exception
2025-09-07 09:46:07,289 [e6e13cb3-e32b-4d2d-874a-1e4700c67398@group-9E511D2458D0-LeaderElection185] INFO  impl.LeaderElection (LogUtils.java:infoOrTrace(142)) -   Exception 1: java.util.concurrent.ExecutionException: org.apache.ratis.thirdparty.io.grpc.StatusRuntimeException: UNAVAILABLE: io exception
2025-09-07 09:46:07,289 [e6e13cb3-e32b-4d2d-874a-1e4700c67398@group-9E511D2458D0-LeaderElection185] INFO  impl.LeaderElection (LeaderElection.java:askForVotes(450)) - e6e13cb3-e32b-4d2d-874a-1e4700c67398@group-9E511D2458D0-LeaderElection185 PRE_VOTE round 0: result REJECTED
2025-09-07 09:46:07,289 [e6e13cb3-e32b-4d2d-874a-1e4700c67398@group-9E511D2458D0-LeaderElection185] INFO  server.RaftServer$Division (RaftServerImpl.java:setRole(392)) - e6e13cb3-e32b-4d2d-874a-1e4700c67398@group-9E511D2458D0: changes role from CANDIDATE to FOLLOWER at term 1 for REJECTED
2025-09-07 09:46:07,289 [e6e13cb3-e32b-4d2d-874a-1e4700c67398@group-9E511D2458D0-LeaderElection185] INFO  impl.RoleInfo (RoleInfo.java:shutdownLeaderElection(141)) - e6e13cb3-e32b-4d2d-874a-1e4700c67398: shutdown e6e13cb3-e32b-4d2d-874a-1e4700c67398@group-9E511D2458D0-LeaderElection185
2025-09-07 09:46:07,289 [e6e13cb3-e32b-4d2d-874a-1e4700c67398@group-9E511D2458D0-LeaderElection185] INFO  impl.RoleInfo (RoleInfo.java:updateAndGet(148)) - e6e13cb3-e32b-4d2d-874a-1e4700c67398: start e6e13cb3-e32b-4d2d-874a-1e4700c67398@group-9E511D2458D0-FollowerState
2025-09-07 09:46:07,638 [e6e13cb3-e32b-4d2d-874a-1e4700c67398@group-09A5C1734F32-FollowerState] INFO  impl.FollowerState (FollowerState.java:runImpl(161)) - e6e13cb3-e32b-4d2d-874a-1e4700c67398@group-09A5C1734F32-FollowerState: change to CANDIDATE, lastRpcElapsedTime:1171277532ns, electionTimeout:1171ms
2025-09-07 09:46:07,639 [e6e13cb3-e32b-4d2d-874a-1e4700c67398@group-09A5C1734F32-FollowerState] INFO  impl.RoleInfo (RoleInfo.java:shutdownFollowerState(121)) - e6e13cb3-e32b-4d2d-874a-1e4700c67398: shutdown e6e13cb3-e32b-4d2d-874a-1e4700c67398@group-09A5C1734F32-FollowerState
2025-09-07 09:46:07,639 [e6e13cb3-e32b-4d2d-874a-1e4700c67398@group-09A5C1734F32-FollowerState] INFO  server.RaftServer$Division (RaftServerImpl.java:setRole(392)) - e6e13cb3-e32b-4d2d-874a-1e4700c67398@group-09A5C1734F32: changes role from  FOLLOWER to CANDIDATE at term 1 for changeToCandidate
2025-09-07 09:46:07,639 [e6e13cb3-e32b-4d2d-874a-1e4700c67398@group-09A5C1734F32-FollowerState] INFO  impl.RoleInfo (RoleInfo.java:updateAndGet(148)) - e6e13cb3-e32b-4d2d-874a-1e4700c67398: start e6e13cb3-e32b-4d2d-874a-1e4700c67398@group-09A5C1734F32-LeaderElection186
2025-09-07 09:46:07,639 [e6e13cb3-e32b-4d2d-874a-1e4700c67398@group-09A5C1734F32-LeaderElection186] INFO  impl.LeaderElection (LeaderElection.java:askForVotes(448)) - e6e13cb3-e32b-4d2d-874a-1e4700c67398@group-09A5C1734F32-LeaderElection186 PRE_VOTE round 0: submit vote requests at term 1 for conf: {index: 0, cur=peers:[90a60b70-6b91-4fb2-a612-7ac0b6911dfc|127.0.0.1:15047, e6e13cb3-e32b-4d2d-874a-1e4700c67398|127.0.0.1:15055, 7c7182dc-ac7f-44a8-b1d4-5d10f99cbcf2|127.0.0.1:15039]|listeners:[], old=null}
2025-09-07 09:46:07,640 [e6e13cb3-e32b-4d2d-874a-1e4700c67398@group-09A5C1734F32-LeaderElection186] INFO  impl.LeaderElection (LogUtils.java:infoOrTrace(142)) - e6e13cb3-e32b-4d2d-874a-1e4700c67398@group-09A5C1734F32-LeaderElection186 got exception when requesting votes: java.util.concurrent.ExecutionException: org.apache.ratis.thirdparty.io.grpc.StatusRuntimeException: UNAVAILABLE: io exception
2025-09-07 09:46:07,640 [e6e13cb3-e32b-4d2d-874a-1e4700c67398@group-09A5C1734F32-LeaderElection186] INFO  impl.LeaderElection (LogUtils.java:infoOrTrace(142)) - e6e13cb3-e32b-4d2d-874a-1e4700c67398@group-09A5C1734F32-LeaderElection186 got exception when requesting votes: java.util.concurrent.ExecutionException: org.apache.ratis.thirdparty.io.grpc.StatusRuntimeException: UNAVAILABLE: io exception
2025-09-07 09:46:07,640 [e6e13cb3-e32b-4d2d-874a-1e4700c67398@group-09A5C1734F32-LeaderElection186] INFO  impl.LeaderElection (LeaderElection.java:logAndReturn(206)) - e6e13cb3-e32b-4d2d-874a-1e4700c67398@group-09A5C1734F32-LeaderElection186: PRE_VOTE REJECTED received 0 response(s) and 2 exception(s):
2025-09-07 09:46:07,640 [e6e13cb3-e32b-4d2d-874a-1e4700c67398@group-09A5C1734F32-LeaderElection186] INFO  impl.LeaderElection (LogUtils.java:infoOrTrace(142)) -   Exception 0: java.util.concurrent.ExecutionException: org.apache.ratis.thirdparty.io.grpc.StatusRuntimeException: UNAVAILABLE: io exception
2025-09-07 09:46:07,640 [e6e13cb3-e32b-4d2d-874a-1e4700c67398@group-09A5C1734F32-LeaderElection186] INFO  impl.LeaderElection (LogUtils.java:infoOrTrace(142)) -   Exception 1: java.util.concurrent.ExecutionException: org.apache.ratis.thirdparty.io.grpc.StatusRuntimeException: UNAVAILABLE: io exception
2025-09-07 09:46:07,640 [e6e13cb3-e32b-4d2d-874a-1e4700c67398@group-09A5C1734F32-LeaderElection186] INFO  impl.LeaderElection (LeaderElection.java:askForVotes(450)) - e6e13cb3-e32b-4d2d-874a-1e4700c67398@group-09A5C1734F32-LeaderElection186 PRE_VOTE round 0: result REJECTED
2025-09-07 09:46:07,640 [e6e13cb3-e32b-4d2d-874a-1e4700c67398@group-09A5C1734F32-LeaderElection186] INFO  server.RaftServer$Division (RaftServerImpl.java:setRole(392)) - e6e13cb3-e32b-4d2d-874a-1e4700c67398@group-09A5C1734F32: changes role from CANDIDATE to FOLLOWER at term 1 for REJECTED
2025-09-07 09:46:07,640 [e6e13cb3-e32b-4d2d-874a-1e4700c67398@group-09A5C1734F32-LeaderElection186] INFO  impl.RoleInfo (RoleInfo.java:shutdownLeaderElection(141)) - e6e13cb3-e32b-4d2d-874a-1e4700c67398: shutdown e6e13cb3-e32b-4d2d-874a-1e4700c67398@group-09A5C1734F32-LeaderElection186
2025-09-07 09:46:07,640 [e6e13cb3-e32b-4d2d-874a-1e4700c67398@group-09A5C1734F32-LeaderElection186] INFO  impl.RoleInfo (RoleInfo.java:updateAndGet(148)) - e6e13cb3-e32b-4d2d-874a-1e4700c67398: start e6e13cb3-e32b-4d2d-874a-1e4700c67398@group-09A5C1734F32-FollowerState
2025-09-07 09:46:08,441 [e6e13cb3-e32b-4d2d-874a-1e4700c67398@group-9E511D2458D0-FollowerState] INFO  impl.FollowerState (FollowerState.java:runImpl(161)) - e6e13cb3-e32b-4d2d-874a-1e4700c67398@group-9E511D2458D0-FollowerState: change to CANDIDATE, lastRpcElapsedTime:1152365216ns, electionTimeout:1152ms
2025-09-07 09:46:08,441 [e6e13cb3-e32b-4d2d-874a-1e4700c67398@group-9E511D2458D0-FollowerState] INFO  impl.RoleInfo (RoleInfo.java:shutdownFollowerState(121)) - e6e13cb3-e32b-4d2d-874a-1e4700c67398: shutdown e6e13cb3-e32b-4d2d-874a-1e4700c67398@group-9E511D2458D0-FollowerState
2025-09-07 09:46:08,441 [e6e13cb3-e32b-4d2d-874a-1e4700c67398@group-9E511D2458D0-FollowerState] INFO  server.RaftServer$Division (RaftServerImpl.java:setRole(392)) - e6e13cb3-e32b-4d2d-874a-1e4700c67398@group-9E511D2458D0: changes role from  FOLLOWER to CANDIDATE at term 1 for changeToCandidate
2025-09-07 09:46:08,441 [e6e13cb3-e32b-4d2d-874a-1e4700c67398@group-9E511D2458D0-FollowerState] INFO  impl.RoleInfo (RoleInfo.java:updateAndGet(148)) - e6e13cb3-e32b-4d2d-874a-1e4700c67398: start e6e13cb3-e32b-4d2d-874a-1e4700c67398@group-9E511D2458D0-LeaderElection187
2025-09-07 09:46:08,442 [e6e13cb3-e32b-4d2d-874a-1e4700c67398@group-9E511D2458D0-LeaderElection187] INFO  impl.LeaderElection (LeaderElection.java:askForVotes(448)) - e6e13cb3-e32b-4d2d-874a-1e4700c67398@group-9E511D2458D0-LeaderElection187 PRE_VOTE round 0: submit vote requests at term 1 for conf: {index: 0, cur=peers:[90a60b70-6b91-4fb2-a612-7ac0b6911dfc|127.0.0.1:15047, e6e13cb3-e32b-4d2d-874a-1e4700c67398|127.0.0.1:15055, 7c7182dc-ac7f-44a8-b1d4-5d10f99cbcf2|127.0.0.1:15039]|listeners:[], old=null}
2025-09-07 09:46:08,442 [e6e13cb3-e32b-4d2d-874a-1e4700c67398@group-9E511D2458D0-LeaderElection187] INFO  impl.LeaderElection (LogUtils.java:infoOrTrace(142)) - e6e13cb3-e32b-4d2d-874a-1e4700c67398@group-9E511D2458D0-LeaderElection187 got exception when requesting votes: java.util.concurrent.ExecutionException: org.apache.ratis.thirdparty.io.grpc.StatusRuntimeException: UNAVAILABLE: io exception
2025-09-07 09:46:08,442 [e6e13cb3-e32b-4d2d-874a-1e4700c67398@group-9E511D2458D0-LeaderElection187] INFO  impl.LeaderElection (LogUtils.java:infoOrTrace(142)) - e6e13cb3-e32b-4d2d-874a-1e4700c67398@group-9E511D2458D0-LeaderElection187 got exception when requesting votes: java.util.concurrent.ExecutionException: org.apache.ratis.thirdparty.io.grpc.StatusRuntimeException: UNAVAILABLE: io exception
2025-09-07 09:46:08,443 [e6e13cb3-e32b-4d2d-874a-1e4700c67398@group-9E511D2458D0-LeaderElection187] INFO  impl.LeaderElection (LeaderElection.java:logAndReturn(206)) - e6e13cb3-e32b-4d2d-874a-1e4700c67398@group-9E511D2458D0-LeaderElection187: PRE_VOTE REJECTED received 0 response(s) and 2 exception(s):
2025-09-07 09:46:08,443 [e6e13cb3-e32b-4d2d-874a-1e4700c67398@group-9E511D2458D0-LeaderElection187] INFO  impl.LeaderElection (LogUtils.java:infoOrTrace(142)) -   Exception 0: java.util.concurrent.ExecutionException: org.apache.ratis.thirdparty.io.grpc.StatusRuntimeException: UNAVAILABLE: io exception
2025-09-07 09:46:08,443 [e6e13cb3-e32b-4d2d-874a-1e4700c67398@group-9E511D2458D0-LeaderElection187] INFO  impl.LeaderElection (LogUtils.java:infoOrTrace(142)) -   Exception 1: java.util.concurrent.ExecutionException: org.apache.ratis.thirdparty.io.grpc.StatusRuntimeException: UNAVAILABLE: io exception
2025-09-07 09:46:08,443 [e6e13cb3-e32b-4d2d-874a-1e4700c67398@group-9E511D2458D0-LeaderElection187] INFO  impl.LeaderElection (LeaderElection.java:askForVotes(450)) - e6e13cb3-e32b-4d2d-874a-1e4700c67398@group-9E511D2458D0-LeaderElection187 PRE_VOTE round 0: result REJECTED
2025-09-07 09:46:08,443 [e6e13cb3-e32b-4d2d-874a-1e4700c67398@group-9E511D2458D0-LeaderElection187] INFO  server.RaftServer$Division (RaftServerImpl.java:setRole(392)) - e6e13cb3-e32b-4d2d-874a-1e4700c67398@group-9E511D2458D0: changes role from CANDIDATE to FOLLOWER at term 1 for REJECTED
2025-09-07 09:46:08,443 [e6e13cb3-e32b-4d2d-874a-1e4700c67398@group-9E511D2458D0-LeaderElection187] INFO  impl.RoleInfo (RoleInfo.java:shutdownLeaderElection(141)) - e6e13cb3-e32b-4d2d-874a-1e4700c67398: shutdown e6e13cb3-e32b-4d2d-874a-1e4700c67398@group-9E511D2458D0-LeaderElection187
2025-09-07 09:46:08,443 [e6e13cb3-e32b-4d2d-874a-1e4700c67398@group-9E511D2458D0-LeaderElection187] INFO  impl.RoleInfo (RoleInfo.java:updateAndGet(148)) - e6e13cb3-e32b-4d2d-874a-1e4700c67398: start e6e13cb3-e32b-4d2d-874a-1e4700c67398@group-9E511D2458D0-FollowerState
2025-09-07 09:46:08,733 [e6e13cb3-e32b-4d2d-874a-1e4700c67398@group-09A5C1734F32-FollowerState] INFO  impl.FollowerState (FollowerState.java:runImpl(161)) - e6e13cb3-e32b-4d2d-874a-1e4700c67398@group-09A5C1734F32-FollowerState: change to CANDIDATE, lastRpcElapsedTime:1093280372ns, electionTimeout:1093ms
2025-09-07 09:46:08,733 [e6e13cb3-e32b-4d2d-874a-1e4700c67398@group-09A5C1734F32-FollowerState] INFO  impl.RoleInfo (RoleInfo.java:shutdownFollowerState(121)) - e6e13cb3-e32b-4d2d-874a-1e4700c67398: shutdown e6e13cb3-e32b-4d2d-874a-1e4700c67398@group-09A5C1734F32-FollowerState
2025-09-07 09:46:08,733 [e6e13cb3-e32b-4d2d-874a-1e4700c67398@group-09A5C1734F32-FollowerState] INFO  server.RaftServer$Division (RaftServerImpl.java:setRole(392)) - e6e13cb3-e32b-4d2d-874a-1e4700c67398@group-09A5C1734F32: changes role from  FOLLOWER to CANDIDATE at term 1 for changeToCandidate
2025-09-07 09:46:08,734 [e6e13cb3-e32b-4d2d-874a-1e4700c67398@group-09A5C1734F32-FollowerState] INFO  impl.RoleInfo (RoleInfo.java:updateAndGet(148)) - e6e13cb3-e32b-4d2d-874a-1e4700c67398: start e6e13cb3-e32b-4d2d-874a-1e4700c67398@group-09A5C1734F32-LeaderElection188
2025-09-07 09:46:08,734 [e6e13cb3-e32b-4d2d-874a-1e4700c67398@group-09A5C1734F32-LeaderElection188] INFO  impl.LeaderElection (LeaderElection.java:askForVotes(448)) - e6e13cb3-e32b-4d2d-874a-1e4700c67398@group-09A5C1734F32-LeaderElection188 PRE_VOTE round 0: submit vote requests at term 1 for conf: {index: 0, cur=peers:[90a60b70-6b91-4fb2-a612-7ac0b6911dfc|127.0.0.1:15047, e6e13cb3-e32b-4d2d-874a-1e4700c67398|127.0.0.1:15055, 7c7182dc-ac7f-44a8-b1d4-5d10f99cbcf2|127.0.0.1:15039]|listeners:[], old=null}
2025-09-07 09:46:08,734 [e6e13cb3-e32b-4d2d-874a-1e4700c67398@group-09A5C1734F32-LeaderElection188] INFO  impl.LeaderElection (LogUtils.java:infoOrTrace(142)) - e6e13cb3-e32b-4d2d-874a-1e4700c67398@group-09A5C1734F32-LeaderElection188 got exception when requesting votes: java.util.concurrent.ExecutionException: org.apache.ratis.thirdparty.io.grpc.StatusRuntimeException: UNAVAILABLE: io exception
2025-09-07 09:46:08,735 [e6e13cb3-e32b-4d2d-874a-1e4700c67398@group-09A5C1734F32-LeaderElection188] INFO  impl.LeaderElection (LogUtils.java:infoOrTrace(142)) - e6e13cb3-e32b-4d2d-874a-1e4700c67398@group-09A5C1734F32-LeaderElection188 got exception when requesting votes: java.util.concurrent.ExecutionException: org.apache.ratis.thirdparty.io.grpc.StatusRuntimeException: UNAVAILABLE: io exception
2025-09-07 09:46:08,735 [e6e13cb3-e32b-4d2d-874a-1e4700c67398@group-09A5C1734F32-LeaderElection188] INFO  impl.LeaderElection (LeaderElection.java:logAndReturn(206)) - e6e13cb3-e32b-4d2d-874a-1e4700c67398@group-09A5C1734F32-LeaderElection188: PRE_VOTE REJECTED received 0 response(s) and 2 exception(s):
2025-09-07 09:46:08,735 [e6e13cb3-e32b-4d2d-874a-1e4700c67398@group-09A5C1734F32-LeaderElection188] INFO  impl.LeaderElection (LogUtils.java:infoOrTrace(142)) -   Exception 0: java.util.concurrent.ExecutionException: org.apache.ratis.thirdparty.io.grpc.StatusRuntimeException: UNAVAILABLE: io exception
2025-09-07 09:46:08,735 [e6e13cb3-e32b-4d2d-874a-1e4700c67398@group-09A5C1734F32-LeaderElection188] INFO  impl.LeaderElection (LogUtils.java:infoOrTrace(142)) -   Exception 1: java.util.concurrent.ExecutionException: org.apache.ratis.thirdparty.io.grpc.StatusRuntimeException: UNAVAILABLE: io exception
2025-09-07 09:46:08,735 [e6e13cb3-e32b-4d2d-874a-1e4700c67398@group-09A5C1734F32-LeaderElection188] INFO  impl.LeaderElection (LeaderElection.java:askForVotes(450)) - e6e13cb3-e32b-4d2d-874a-1e4700c67398@group-09A5C1734F32-LeaderElection188 PRE_VOTE round 0: result REJECTED
2025-09-07 09:46:08,735 [e6e13cb3-e32b-4d2d-874a-1e4700c67398@group-09A5C1734F32-LeaderElection188] INFO  server.RaftServer$Division (RaftServerImpl.java:setRole(392)) - e6e13cb3-e32b-4d2d-874a-1e4700c67398@group-09A5C1734F32: changes role from CANDIDATE to FOLLOWER at term 1 for REJECTED
2025-09-07 09:46:08,735 [e6e13cb3-e32b-4d2d-874a-1e4700c67398@group-09A5C1734F32-LeaderElection188] INFO  impl.RoleInfo (RoleInfo.java:shutdownLeaderElection(141)) - e6e13cb3-e32b-4d2d-874a-1e4700c67398: shutdown e6e13cb3-e32b-4d2d-874a-1e4700c67398@group-09A5C1734F32-LeaderElection188
2025-09-07 09:46:08,735 [e6e13cb3-e32b-4d2d-874a-1e4700c67398@group-09A5C1734F32-LeaderElection188] INFO  impl.RoleInfo (RoleInfo.java:updateAndGet(148)) - e6e13cb3-e32b-4d2d-874a-1e4700c67398: start e6e13cb3-e32b-4d2d-874a-1e4700c67398@group-09A5C1734F32-FollowerState
2025-09-07 09:46:09,445 [e6e13cb3-e32b-4d2d-874a-1e4700c67398@group-9E511D2458D0-FollowerState] INFO  impl.FollowerState (FollowerState.java:runImpl(161)) - e6e13cb3-e32b-4d2d-874a-1e4700c67398@group-9E511D2458D0-FollowerState: change to CANDIDATE, lastRpcElapsedTime:1002401392ns, electionTimeout:1002ms
2025-09-07 09:46:09,445 [e6e13cb3-e32b-4d2d-874a-1e4700c67398@group-9E511D2458D0-FollowerState] INFO  impl.RoleInfo (RoleInfo.java:shutdownFollowerState(121)) - e6e13cb3-e32b-4d2d-874a-1e4700c67398: shutdown e6e13cb3-e32b-4d2d-874a-1e4700c67398@group-9E511D2458D0-FollowerState
2025-09-07 09:46:09,445 [e6e13cb3-e32b-4d2d-874a-1e4700c67398@group-9E511D2458D0-FollowerState] INFO  server.RaftServer$Division (RaftServerImpl.java:setRole(392)) - e6e13cb3-e32b-4d2d-874a-1e4700c67398@group-9E511D2458D0: changes role from  FOLLOWER to CANDIDATE at term 1 for changeToCandidate
2025-09-07 09:46:09,445 [e6e13cb3-e32b-4d2d-874a-1e4700c67398@group-9E511D2458D0-FollowerState] INFO  impl.RoleInfo (RoleInfo.java:updateAndGet(148)) - e6e13cb3-e32b-4d2d-874a-1e4700c67398: start e6e13cb3-e32b-4d2d-874a-1e4700c67398@group-9E511D2458D0-LeaderElection189
2025-09-07 09:46:09,446 [e6e13cb3-e32b-4d2d-874a-1e4700c67398@group-9E511D2458D0-LeaderElection189] INFO  impl.LeaderElection (LeaderElection.java:askForVotes(448)) - e6e13cb3-e32b-4d2d-874a-1e4700c67398@group-9E511D2458D0-LeaderElection189 PRE_VOTE round 0: submit vote requests at term 1 for conf: {index: 0, cur=peers:[90a60b70-6b91-4fb2-a612-7ac0b6911dfc|127.0.0.1:15047, e6e13cb3-e32b-4d2d-874a-1e4700c67398|127.0.0.1:15055, 7c7182dc-ac7f-44a8-b1d4-5d10f99cbcf2|127.0.0.1:15039]|listeners:[], old=null}
2025-09-07 09:46:09,446 [e6e13cb3-e32b-4d2d-874a-1e4700c67398@group-9E511D2458D0-LeaderElection189] INFO  impl.LeaderElection (LogUtils.java:infoOrTrace(142)) - e6e13cb3-e32b-4d2d-874a-1e4700c67398@group-9E511D2458D0-LeaderElection189 got exception when requesting votes: java.util.concurrent.ExecutionException: org.apache.ratis.thirdparty.io.grpc.StatusRuntimeException: UNAVAILABLE: io exception
2025-09-07 09:46:09,446 [e6e13cb3-e32b-4d2d-874a-1e4700c67398@group-9E511D2458D0-LeaderElection189] INFO  impl.LeaderElection (LogUtils.java:infoOrTrace(142)) - e6e13cb3-e32b-4d2d-874a-1e4700c67398@group-9E511D2458D0-LeaderElection189 got exception when requesting votes: java.util.concurrent.ExecutionException: org.apache.ratis.thirdparty.io.grpc.StatusRuntimeException: UNAVAILABLE: io exception
2025-09-07 09:46:09,446 [e6e13cb3-e32b-4d2d-874a-1e4700c67398@group-9E511D2458D0-LeaderElection189] INFO  impl.LeaderElection (LeaderElection.java:logAndReturn(206)) - e6e13cb3-e32b-4d2d-874a-1e4700c67398@group-9E511D2458D0-LeaderElection189: PRE_VOTE REJECTED received 0 response(s) and 2 exception(s):
2025-09-07 09:46:09,446 [e6e13cb3-e32b-4d2d-874a-1e4700c67398@group-9E511D2458D0-LeaderElection189] INFO  impl.LeaderElection (LogUtils.java:infoOrTrace(142)) -   Exception 0: java.util.concurrent.ExecutionException: org.apache.ratis.thirdparty.io.grpc.StatusRuntimeException: UNAVAILABLE: io exception
2025-09-07 09:46:09,446 [e6e13cb3-e32b-4d2d-874a-1e4700c67398@group-9E511D2458D0-LeaderElection189] INFO  impl.LeaderElection (LogUtils.java:infoOrTrace(142)) -   Exception 1: java.util.concurrent.ExecutionException: org.apache.ratis.thirdparty.io.grpc.StatusRuntimeException: UNAVAILABLE: io exception
2025-09-07 09:46:09,447 [e6e13cb3-e32b-4d2d-874a-1e4700c67398@group-9E511D2458D0-LeaderElection189] INFO  impl.LeaderElection (LeaderElection.java:askForVotes(450)) - e6e13cb3-e32b-4d2d-874a-1e4700c67398@group-9E511D2458D0-LeaderElection189 PRE_VOTE round 0: result REJECTED
2025-09-07 09:46:09,447 [e6e13cb3-e32b-4d2d-874a-1e4700c67398@group-9E511D2458D0-LeaderElection189] INFO  server.RaftServer$Division (RaftServerImpl.java:setRole(392)) - e6e13cb3-e32b-4d2d-874a-1e4700c67398@group-9E511D2458D0: changes role from CANDIDATE to FOLLOWER at term 1 for REJECTED
2025-09-07 09:46:09,447 [e6e13cb3-e32b-4d2d-874a-1e4700c67398@group-9E511D2458D0-LeaderElection189] INFO  impl.RoleInfo (RoleInfo.java:shutdownLeaderElection(141)) - e6e13cb3-e32b-4d2d-874a-1e4700c67398: shutdown e6e13cb3-e32b-4d2d-874a-1e4700c67398@group-9E511D2458D0-LeaderElection189
2025-09-07 09:46:09,447 [e6e13cb3-e32b-4d2d-874a-1e4700c67398@group-9E511D2458D0-LeaderElection189] INFO  impl.RoleInfo (RoleInfo.java:updateAndGet(148)) - e6e13cb3-e32b-4d2d-874a-1e4700c67398: start e6e13cb3-e32b-4d2d-874a-1e4700c67398@group-9E511D2458D0-FollowerState
2025-09-07 09:46:09,860 [e6e13cb3-e32b-4d2d-874a-1e4700c67398@group-09A5C1734F32-FollowerState] INFO  impl.FollowerState (FollowerState.java:runImpl(161)) - e6e13cb3-e32b-4d2d-874a-1e4700c67398@group-09A5C1734F32-FollowerState: change to CANDIDATE, lastRpcElapsedTime:1125355826ns, electionTimeout:1125ms
2025-09-07 09:46:09,860 [e6e13cb3-e32b-4d2d-874a-1e4700c67398@group-09A5C1734F32-FollowerState] INFO  impl.RoleInfo (RoleInfo.java:shutdownFollowerState(121)) - e6e13cb3-e32b-4d2d-874a-1e4700c67398: shutdown e6e13cb3-e32b-4d2d-874a-1e4700c67398@group-09A5C1734F32-FollowerState
2025-09-07 09:46:09,860 [e6e13cb3-e32b-4d2d-874a-1e4700c67398@group-09A5C1734F32-FollowerState] INFO  server.RaftServer$Division (RaftServerImpl.java:setRole(392)) - e6e13cb3-e32b-4d2d-874a-1e4700c67398@group-09A5C1734F32: changes role from  FOLLOWER to CANDIDATE at term 1 for changeToCandidate
2025-09-07 09:46:09,860 [e6e13cb3-e32b-4d2d-874a-1e4700c67398@group-09A5C1734F32-FollowerState] INFO  impl.RoleInfo (RoleInfo.java:updateAndGet(148)) - e6e13cb3-e32b-4d2d-874a-1e4700c67398: start e6e13cb3-e32b-4d2d-874a-1e4700c67398@group-09A5C1734F32-LeaderElection190
2025-09-07 09:46:09,861 [e6e13cb3-e32b-4d2d-874a-1e4700c67398@group-09A5C1734F32-LeaderElection190] INFO  impl.LeaderElection (LeaderElection.java:askForVotes(448)) - e6e13cb3-e32b-4d2d-874a-1e4700c67398@group-09A5C1734F32-LeaderElection190 PRE_VOTE round 0: submit vote requests at term 1 for conf: {index: 0, cur=peers:[90a60b70-6b91-4fb2-a612-7ac0b6911dfc|127.0.0.1:15047, e6e13cb3-e32b-4d2d-874a-1e4700c67398|127.0.0.1:15055, 7c7182dc-ac7f-44a8-b1d4-5d10f99cbcf2|127.0.0.1:15039]|listeners:[], old=null}
2025-09-07 09:46:09,861 [e6e13cb3-e32b-4d2d-874a-1e4700c67398@group-09A5C1734F32-LeaderElection190] INFO  impl.LeaderElection (LogUtils.java:infoOrTrace(142)) - e6e13cb3-e32b-4d2d-874a-1e4700c67398@group-09A5C1734F32-LeaderElection190 got exception when requesting votes: java.util.concurrent.ExecutionException: org.apache.ratis.thirdparty.io.grpc.StatusRuntimeException: UNAVAILABLE: io exception
2025-09-07 09:46:09,861 [e6e13cb3-e32b-4d2d-874a-1e4700c67398@group-09A5C1734F32-LeaderElection190] INFO  impl.LeaderElection (LogUtils.java:infoOrTrace(142)) - e6e13cb3-e32b-4d2d-874a-1e4700c67398@group-09A5C1734F32-LeaderElection190 got exception when requesting votes: java.util.concurrent.ExecutionException: org.apache.ratis.thirdparty.io.grpc.StatusRuntimeException: UNAVAILABLE: io exception
2025-09-07 09:46:09,861 [e6e13cb3-e32b-4d2d-874a-1e4700c67398@group-09A5C1734F32-LeaderElection190] INFO  impl.LeaderElection (LeaderElection.java:logAndReturn(206)) - e6e13cb3-e32b-4d2d-874a-1e4700c67398@group-09A5C1734F32-LeaderElection190: PRE_VOTE REJECTED received 0 response(s) and 2 exception(s):
2025-09-07 09:46:09,862 [e6e13cb3-e32b-4d2d-874a-1e4700c67398@group-09A5C1734F32-LeaderElection190] INFO  impl.LeaderElection (LogUtils.java:infoOrTrace(142)) -   Exception 0: java.util.concurrent.ExecutionException: org.apache.ratis.thirdparty.io.grpc.StatusRuntimeException: UNAVAILABLE: io exception
2025-09-07 09:46:09,862 [e6e13cb3-e32b-4d2d-874a-1e4700c67398@group-09A5C1734F32-LeaderElection190] INFO  impl.LeaderElection (LogUtils.java:infoOrTrace(142)) -   Exception 1: java.util.concurrent.ExecutionException: org.apache.ratis.thirdparty.io.grpc.StatusRuntimeException: UNAVAILABLE: io exception
2025-09-07 09:46:09,862 [e6e13cb3-e32b-4d2d-874a-1e4700c67398@group-09A5C1734F32-LeaderElection190] INFO  impl.LeaderElection (LeaderElection.java:askForVotes(450)) - e6e13cb3-e32b-4d2d-874a-1e4700c67398@group-09A5C1734F32-LeaderElection190 PRE_VOTE round 0: result REJECTED
2025-09-07 09:46:09,862 [e6e13cb3-e32b-4d2d-874a-1e4700c67398@group-09A5C1734F32-LeaderElection190] INFO  server.RaftServer$Division (RaftServerImpl.java:setRole(392)) - e6e13cb3-e32b-4d2d-874a-1e4700c67398@group-09A5C1734F32: changes role from CANDIDATE to FOLLOWER at term 1 for REJECTED
2025-09-07 09:46:09,862 [e6e13cb3-e32b-4d2d-874a-1e4700c67398@group-09A5C1734F32-LeaderElection190] INFO  impl.RoleInfo (RoleInfo.java:shutdownLeaderElection(141)) - e6e13cb3-e32b-4d2d-874a-1e4700c67398: shutdown e6e13cb3-e32b-4d2d-874a-1e4700c67398@group-09A5C1734F32-LeaderElection190
2025-09-07 09:46:09,862 [e6e13cb3-e32b-4d2d-874a-1e4700c67398@group-09A5C1734F32-LeaderElection190] INFO  impl.RoleInfo (RoleInfo.java:updateAndGet(148)) - e6e13cb3-e32b-4d2d-874a-1e4700c67398: start e6e13cb3-e32b-4d2d-874a-1e4700c67398@group-09A5C1734F32-FollowerState
2025-09-07 09:46:10,628 [grpc-default-executor-2] ERROR impl.OrderedAsync (OrderedAsync.java:lambda$null$6(215)) -  client-DE39E7586232: Failed* RaftClientRequest:client-DE39E7586232->7c7182dc-ac7f-44a8-b1d4-5d10f99cbcf2@group-09A5C1734F32, cid=55, seq=6*, RW, cmdType: WriteChunk
traceID: ""
containerID: 7
datanodeUuid: "90a60b70-6b91-4fb2-a612-7ac0b6911dfc"
writeChunk {
  blockID {
    containerID: 7
    localID: 115816896921600007
    blockCommitSequenceId: 4
    replicaIndex: 0
  }
  chunkData {
    chunkName: "115816896921600007_chunk_3"
    offset: 2097152
    len: 524288
    checksumData {
      type: CRC32
      bytesPerChecksum: 16384
      checksums: "\326\360U\321"
      checksums: "\326\360U\321"
      checksums: "\326\360U\321"
      checksums: "\326\360U\321"
      checksums: "\326\360U\321"
      checksums: "\326\360U\321"
      checksums: "\326\360U\321"
      checksums: "\326\360U\321"
      checksums: "\326\360U\321"
      checksums: "\326\360U\321"
      checksums: "\326\360U\321"
      checksums: "\326\360U\321"
      checksums: "\326\360U\321"
      checksums: "\326\360U\321"
      checksums: "\326\360U\321"
      checksums: "\326\360U\321"
      checksums: "\326\360U\321"
      checksums: "\326\360U\321"
      checksums: "\326\360U\321"
      checksums: "\326\360U\321"
      checksums: "\326\360U\321"
      checksums: "\326\360U\321"
      checksums: "\326\360U\321"
      checksums: "\326\360U\321"
      checksums: "\326\360U\321"
      checksums: "\326\360U\321"
      checksums: "\326\360U\321"
      checksums: "\326\360U\321"
      checksums: "\326\360U\321"
      checksums: "\326\360U\321"
      checksums: "\326\360U\321"
      checksums: "a\003G\263"
    }
  }
}
version: 3
, data.size=524288
java.util.concurrent.CompletionException: java.io.IOException: org.apache.ratis.thirdparty.io.grpc.StatusRuntimeException: UNAVAILABLE: io exception
	at java.base/java.util.concurrent.CompletableFuture.encodeThrowable(CompletableFuture.java:332)
	at java.base/java.util.concurrent.CompletableFuture.completeThrowable(CompletableFuture.java:347)
	at java.base/java.util.concurrent.CompletableFuture$UniAccept.tryFire(CompletableFuture.java:708)
	at java.base/java.util.concurrent.CompletableFuture.postComplete(CompletableFuture.java:510)
	at java.base/java.util.concurrent.CompletableFuture.completeExceptionally(CompletableFuture.java:2194)
	at org.apache.ratis.grpc.client.GrpcClientProtocolClient$AsyncStreamObservers.completeReplyExceptionally(GrpcClientProtocolClient.java:397)
	at org.apache.ratis.grpc.client.GrpcClientProtocolClient$AsyncStreamObservers.access$000(GrpcClientProtocolClient.java:303)
	at org.apache.ratis.grpc.client.GrpcClientProtocolClient$AsyncStreamObservers$1.onError(GrpcClientProtocolClient.java:334)
	at org.apache.ratis.thirdparty.io.grpc.stub.ClientCalls$StreamObserverToCallListenerAdapter.onClose(ClientCalls.java:564)
	at org.apache.ratis.thirdparty.io.grpc.PartialForwardingClientCallListener.onClose(PartialForwardingClientCallListener.java:39)
	at org.apache.ratis.thirdparty.io.grpc.ForwardingClientCallListener.onClose(ForwardingClientCallListener.java:23)
	at org.apache.ratis.grpc.metrics.intercept.client.MetricClientCallListener.onClose(MetricClientCallListener.java:47)
	at org.apache.ratis.thirdparty.io.grpc.internal.ClientCallImpl.closeObserver(ClientCallImpl.java:565)
	at org.apache.ratis.thirdparty.io.grpc.internal.ClientCallImpl.access$100(ClientCallImpl.java:72)
	at org.apache.ratis.thirdparty.io.grpc.internal.ClientCallImpl$ClientStreamListenerImpl$1StreamClosed.runInternal(ClientCallImpl.java:733)
	at org.apache.ratis.thirdparty.io.grpc.internal.ClientCallImpl$ClientStreamListenerImpl$1StreamClosed.runInContext(ClientCallImpl.java:714)
	at org.apache.ratis.thirdparty.io.grpc.internal.ContextRunnable.run(ContextRunnable.java:37)
	at org.apache.ratis.thirdparty.io.grpc.internal.SerializingExecutor.run(SerializingExecutor.java:133)
	at java.base/java.util.concurrent.ThreadPoolExecutor.runWorker(ThreadPoolExecutor.java:1144)
	at java.base/java.util.concurrent.ThreadPoolExecutor$Worker.run(ThreadPoolExecutor.java:642)
	at java.base/java.lang.Thread.run(Thread.java:1583)
Caused by: java.io.IOException: org.apache.ratis.thirdparty.io.grpc.StatusRuntimeException: UNAVAILABLE: io exception
	at org.apache.ratis.grpc.GrpcUtil.unwrapException(GrpcUtil.java:99)
	at org.apache.ratis.grpc.GrpcUtil.unwrapIOException(GrpcUtil.java:159)
	at org.apache.ratis.grpc.client.GrpcClientProtocolClient$AsyncStreamObservers$1.onError(GrpcClientProtocolClient.java:333)
	... 13 more
Caused by: org.apache.ratis.thirdparty.io.grpc.StatusRuntimeException: UNAVAILABLE: io exception
	at org.apache.ratis.thirdparty.io.grpc.Status.asRuntimeException(Status.java:532)
	... 13 more
Caused by: org.apache.ratis.thirdparty.io.netty.channel.AbstractChannel$AnnotatedConnectException: finishConnect(..) failed: Connection refused: /127.0.0.1:15037
Caused by: java.net.ConnectException: finishConnect(..) failed: Connection refused
	at org.apache.ratis.thirdparty.io.netty.channel.unix.Errors.newConnectException0(Errors.java:166)
	at org.apache.ratis.thirdparty.io.netty.channel.unix.Errors.handleConnectErrno(Errors.java:131)
	at org.apache.ratis.thirdparty.io.netty.channel.unix.Socket.finishConnect(Socket.java:359)
	at org.apache.ratis.thirdparty.io.netty.channel.epoll.AbstractEpollChannel$AbstractEpollUnsafe.doFinishConnect(AbstractEpollChannel.java:715)
	at org.apache.ratis.thirdparty.io.netty.channel.epoll.AbstractEpollChannel$AbstractEpollUnsafe.finishConnect(AbstractEpollChannel.java:692)
	at org.apache.ratis.thirdparty.io.netty.channel.epoll.AbstractEpollChannel$AbstractEpollUnsafe.epollOutReady(AbstractEpollChannel.java:567)
	at org.apache.ratis.thirdparty.io.netty.channel.epoll.EpollEventLoop.processReady(EpollEventLoop.java:491)
	at org.apache.ratis.thirdparty.io.netty.channel.epoll.EpollEventLoop.run(EpollEventLoop.java:399)
	at org.apache.ratis.thirdparty.io.netty.util.concurrent.SingleThreadEventExecutor$4.run(SingleThreadEventExecutor.java:998)
	at org.apache.ratis.thirdparty.io.netty.util.internal.ThreadExecutorMap$2.run(ThreadExecutorMap.java:74)
	at org.apache.ratis.thirdparty.io.netty.util.concurrent.FastThreadLocalRunnable.run(FastThreadLocalRunnable.java:30)
	at java.base/java.lang.Thread.run(Thread.java:1583)
2025-09-07 09:46:10,645 [e6e13cb3-e32b-4d2d-874a-1e4700c67398@group-9E511D2458D0-FollowerState] INFO  impl.FollowerState (FollowerState.java:runImpl(161)) - e6e13cb3-e32b-4d2d-874a-1e4700c67398@group-9E511D2458D0-FollowerState: change to CANDIDATE, lastRpcElapsedTime:1198269861ns, electionTimeout:1198ms
2025-09-07 09:46:10,645 [e6e13cb3-e32b-4d2d-874a-1e4700c67398@group-9E511D2458D0-FollowerState] INFO  impl.RoleInfo (RoleInfo.java:shutdownFollowerState(121)) - e6e13cb3-e32b-4d2d-874a-1e4700c67398: shutdown e6e13cb3-e32b-4d2d-874a-1e4700c67398@group-9E511D2458D0-FollowerState
2025-09-07 09:46:10,645 [e6e13cb3-e32b-4d2d-874a-1e4700c67398@group-9E511D2458D0-FollowerState] INFO  server.RaftServer$Division (RaftServerImpl.java:setRole(392)) - e6e13cb3-e32b-4d2d-874a-1e4700c67398@group-9E511D2458D0: changes role from  FOLLOWER to CANDIDATE at term 1 for changeToCandidate
2025-09-07 09:46:10,645 [e6e13cb3-e32b-4d2d-874a-1e4700c67398@group-9E511D2458D0-FollowerState] INFO  impl.RoleInfo (RoleInfo.java:updateAndGet(148)) - e6e13cb3-e32b-4d2d-874a-1e4700c67398: start e6e13cb3-e32b-4d2d-874a-1e4700c67398@group-9E511D2458D0-LeaderElection191
2025-09-07 09:46:10,645 [e6e13cb3-e32b-4d2d-874a-1e4700c67398@group-9E511D2458D0-LeaderElection191] INFO  impl.LeaderElection (LeaderElection.java:askForVotes(448)) - e6e13cb3-e32b-4d2d-874a-1e4700c67398@group-9E511D2458D0-LeaderElection191 PRE_VOTE round 0: submit vote requests at term 1 for conf: {index: 0, cur=peers:[90a60b70-6b91-4fb2-a612-7ac0b6911dfc|127.0.0.1:15047, e6e13cb3-e32b-4d2d-874a-1e4700c67398|127.0.0.1:15055, 7c7182dc-ac7f-44a8-b1d4-5d10f99cbcf2|127.0.0.1:15039]|listeners:[], old=null}
2025-09-07 09:46:10,646 [e6e13cb3-e32b-4d2d-874a-1e4700c67398@group-9E511D2458D0-LeaderElection191] INFO  impl.LeaderElection (LogUtils.java:infoOrTrace(142)) - e6e13cb3-e32b-4d2d-874a-1e4700c67398@group-9E511D2458D0-LeaderElection191 got exception when requesting votes: java.util.concurrent.ExecutionException: org.apache.ratis.thirdparty.io.grpc.StatusRuntimeException: UNAVAILABLE: io exception
2025-09-07 09:46:10,646 [e6e13cb3-e32b-4d2d-874a-1e4700c67398@group-9E511D2458D0-LeaderElection191] INFO  impl.LeaderElection (LogUtils.java:infoOrTrace(142)) - e6e13cb3-e32b-4d2d-874a-1e4700c67398@group-9E511D2458D0-LeaderElection191 got exception when requesting votes: java.util.concurrent.ExecutionException: org.apache.ratis.thirdparty.io.grpc.StatusRuntimeException: UNAVAILABLE: io exception
2025-09-07 09:46:10,646 [e6e13cb3-e32b-4d2d-874a-1e4700c67398@group-9E511D2458D0-LeaderElection191] INFO  impl.LeaderElection (LeaderElection.java:logAndReturn(206)) - e6e13cb3-e32b-4d2d-874a-1e4700c67398@group-9E511D2458D0-LeaderElection191: PRE_VOTE REJECTED received 0 response(s) and 2 exception(s):
2025-09-07 09:46:10,646 [e6e13cb3-e32b-4d2d-874a-1e4700c67398@group-9E511D2458D0-LeaderElection191] INFO  impl.LeaderElection (LogUtils.java:infoOrTrace(142)) -   Exception 0: java.util.concurrent.ExecutionException: org.apache.ratis.thirdparty.io.grpc.StatusRuntimeException: UNAVAILABLE: io exception
2025-09-07 09:46:10,646 [e6e13cb3-e32b-4d2d-874a-1e4700c67398@group-9E511D2458D0-LeaderElection191] INFO  impl.LeaderElection (LogUtils.java:infoOrTrace(142)) -   Exception 1: java.util.concurrent.ExecutionException: org.apache.ratis.thirdparty.io.grpc.StatusRuntimeException: UNAVAILABLE: io exception
2025-09-07 09:46:10,646 [e6e13cb3-e32b-4d2d-874a-1e4700c67398@group-9E511D2458D0-LeaderElection191] INFO  impl.LeaderElection (LeaderElection.java:askForVotes(450)) - e6e13cb3-e32b-4d2d-874a-1e4700c67398@group-9E511D2458D0-LeaderElection191 PRE_VOTE round 0: result REJECTED
2025-09-07 09:46:10,646 [e6e13cb3-e32b-4d2d-874a-1e4700c67398@group-9E511D2458D0-LeaderElection191] INFO  server.RaftServer$Division (RaftServerImpl.java:setRole(392)) - e6e13cb3-e32b-4d2d-874a-1e4700c67398@group-9E511D2458D0: changes role from CANDIDATE to FOLLOWER at term 1 for REJECTED
2025-09-07 09:46:10,646 [e6e13cb3-e32b-4d2d-874a-1e4700c67398@group-9E511D2458D0-LeaderElection191] INFO  impl.RoleInfo (RoleInfo.java:shutdownLeaderElection(141)) - e6e13cb3-e32b-4d2d-874a-1e4700c67398: shutdown e6e13cb3-e32b-4d2d-874a-1e4700c67398@group-9E511D2458D0-LeaderElection191
2025-09-07 09:46:10,646 [e6e13cb3-e32b-4d2d-874a-1e4700c67398@group-9E511D2458D0-LeaderElection191] INFO  impl.RoleInfo (RoleInfo.java:updateAndGet(148)) - e6e13cb3-e32b-4d2d-874a-1e4700c67398: start e6e13cb3-e32b-4d2d-874a-1e4700c67398@group-9E511D2458D0-FollowerState
2025-09-07 09:46:10,879 [e6e13cb3-e32b-4d2d-874a-1e4700c67398@group-09A5C1734F32-FollowerState] INFO  impl.FollowerState (FollowerState.java:runImpl(161)) - e6e13cb3-e32b-4d2d-874a-1e4700c67398@group-09A5C1734F32-FollowerState: change to CANDIDATE, lastRpcElapsedTime:1017381959ns, electionTimeout:1017ms
2025-09-07 09:46:10,879 [e6e13cb3-e32b-4d2d-874a-1e4700c67398@group-09A5C1734F32-FollowerState] INFO  impl.RoleInfo (RoleInfo.java:shutdownFollowerState(121)) - e6e13cb3-e32b-4d2d-874a-1e4700c67398: shutdown e6e13cb3-e32b-4d2d-874a-1e4700c67398@group-09A5C1734F32-FollowerState
2025-09-07 09:46:10,879 [e6e13cb3-e32b-4d2d-874a-1e4700c67398@group-09A5C1734F32-FollowerState] INFO  server.RaftServer$Division (RaftServerImpl.java:setRole(392)) - e6e13cb3-e32b-4d2d-874a-1e4700c67398@group-09A5C1734F32: changes role from  FOLLOWER to CANDIDATE at term 1 for changeToCandidate
2025-09-07 09:46:10,879 [e6e13cb3-e32b-4d2d-874a-1e4700c67398@group-09A5C1734F32-FollowerState] INFO  impl.RoleInfo (RoleInfo.java:updateAndGet(148)) - e6e13cb3-e32b-4d2d-874a-1e4700c67398: start e6e13cb3-e32b-4d2d-874a-1e4700c67398@group-09A5C1734F32-LeaderElection192
2025-09-07 09:46:10,880 [e6e13cb3-e32b-4d2d-874a-1e4700c67398@group-09A5C1734F32-LeaderElection192] INFO  impl.LeaderElection (LeaderElection.java:askForVotes(448)) - e6e13cb3-e32b-4d2d-874a-1e4700c67398@group-09A5C1734F32-LeaderElection192 PRE_VOTE round 0: submit vote requests at term 1 for conf: {index: 0, cur=peers:[90a60b70-6b91-4fb2-a612-7ac0b6911dfc|127.0.0.1:15047, e6e13cb3-e32b-4d2d-874a-1e4700c67398|127.0.0.1:15055, 7c7182dc-ac7f-44a8-b1d4-5d10f99cbcf2|127.0.0.1:15039]|listeners:[], old=null}
2025-09-07 09:46:10,880 [e6e13cb3-e32b-4d2d-874a-1e4700c67398@group-09A5C1734F32-LeaderElection192] INFO  impl.LeaderElection (LogUtils.java:infoOrTrace(142)) - e6e13cb3-e32b-4d2d-874a-1e4700c67398@group-09A5C1734F32-LeaderElection192 got exception when requesting votes: java.util.concurrent.ExecutionException: org.apache.ratis.thirdparty.io.grpc.StatusRuntimeException: UNAVAILABLE: io exception
2025-09-07 09:46:10,880 [e6e13cb3-e32b-4d2d-874a-1e4700c67398@group-09A5C1734F32-LeaderElection192] INFO  impl.LeaderElection (LogUtils.java:infoOrTrace(142)) - e6e13cb3-e32b-4d2d-874a-1e4700c67398@group-09A5C1734F32-LeaderElection192 got exception when requesting votes: java.util.concurrent.ExecutionException: org.apache.ratis.thirdparty.io.grpc.StatusRuntimeException: UNAVAILABLE: io exception
2025-09-07 09:46:10,880 [e6e13cb3-e32b-4d2d-874a-1e4700c67398@group-09A5C1734F32-LeaderElection192] INFO  impl.LeaderElection (LeaderElection.java:logAndReturn(206)) - e6e13cb3-e32b-4d2d-874a-1e4700c67398@group-09A5C1734F32-LeaderElection192: PRE_VOTE REJECTED received 0 response(s) and 2 exception(s):
2025-09-07 09:46:10,880 [e6e13cb3-e32b-4d2d-874a-1e4700c67398@group-09A5C1734F32-LeaderElection192] INFO  impl.LeaderElection (LogUtils.java:infoOrTrace(142)) -   Exception 0: java.util.concurrent.ExecutionException: org.apache.ratis.thirdparty.io.grpc.StatusRuntimeException: UNAVAILABLE: io exception
2025-09-07 09:46:10,880 [e6e13cb3-e32b-4d2d-874a-1e4700c67398@group-09A5C1734F32-LeaderElection192] INFO  impl.LeaderElection (LogUtils.java:infoOrTrace(142)) -   Exception 1: java.util.concurrent.ExecutionException: org.apache.ratis.thirdparty.io.grpc.StatusRuntimeException: UNAVAILABLE: io exception
2025-09-07 09:46:10,880 [e6e13cb3-e32b-4d2d-874a-1e4700c67398@group-09A5C1734F32-LeaderElection192] INFO  impl.LeaderElection (LeaderElection.java:askForVotes(450)) - e6e13cb3-e32b-4d2d-874a-1e4700c67398@group-09A5C1734F32-LeaderElection192 PRE_VOTE round 0: result REJECTED
2025-09-07 09:46:10,880 [e6e13cb3-e32b-4d2d-874a-1e4700c67398@group-09A5C1734F32-LeaderElection192] INFO  server.RaftServer$Division (RaftServerImpl.java:setRole(392)) - e6e13cb3-e32b-4d2d-874a-1e4700c67398@group-09A5C1734F32: changes role from CANDIDATE to FOLLOWER at term 1 for REJECTED
2025-09-07 09:46:10,881 [e6e13cb3-e32b-4d2d-874a-1e4700c67398@group-09A5C1734F32-LeaderElection192] INFO  impl.RoleInfo (RoleInfo.java:shutdownLeaderElection(141)) - e6e13cb3-e32b-4d2d-874a-1e4700c67398: shutdown e6e13cb3-e32b-4d2d-874a-1e4700c67398@group-09A5C1734F32-LeaderElection192
2025-09-07 09:46:10,881 [e6e13cb3-e32b-4d2d-874a-1e4700c67398@group-09A5C1734F32-LeaderElection192] INFO  impl.RoleInfo (RoleInfo.java:updateAndGet(148)) - e6e13cb3-e32b-4d2d-874a-1e4700c67398: start e6e13cb3-e32b-4d2d-874a-1e4700c67398@group-09A5C1734F32-FollowerState
2025-09-07 09:46:11,803 [e6e13cb3-e32b-4d2d-874a-1e4700c67398@group-9E511D2458D0-FollowerState] INFO  impl.FollowerState (FollowerState.java:runImpl(161)) - e6e13cb3-e32b-4d2d-874a-1e4700c67398@group-9E511D2458D0-FollowerState: change to CANDIDATE, lastRpcElapsedTime:1156297912ns, electionTimeout:1156ms
2025-09-07 09:46:11,803 [e6e13cb3-e32b-4d2d-874a-1e4700c67398@group-9E511D2458D0-FollowerState] INFO  impl.RoleInfo (RoleInfo.java:shutdownFollowerState(121)) - e6e13cb3-e32b-4d2d-874a-1e4700c67398: shutdown e6e13cb3-e32b-4d2d-874a-1e4700c67398@group-9E511D2458D0-FollowerState
2025-09-07 09:46:11,803 [e6e13cb3-e32b-4d2d-874a-1e4700c67398@group-9E511D2458D0-FollowerState] INFO  server.RaftServer$Division (RaftServerImpl.java:setRole(392)) - e6e13cb3-e32b-4d2d-874a-1e4700c67398@group-9E511D2458D0: changes role from  FOLLOWER to CANDIDATE at term 1 for changeToCandidate
2025-09-07 09:46:11,803 [e6e13cb3-e32b-4d2d-874a-1e4700c67398@group-9E511D2458D0-FollowerState] INFO  impl.RoleInfo (RoleInfo.java:updateAndGet(148)) - e6e13cb3-e32b-4d2d-874a-1e4700c67398: start e6e13cb3-e32b-4d2d-874a-1e4700c67398@group-9E511D2458D0-LeaderElection193
2025-09-07 09:46:11,803 [e6e13cb3-e32b-4d2d-874a-1e4700c67398@group-9E511D2458D0-LeaderElection193] INFO  impl.LeaderElection (LeaderElection.java:askForVotes(448)) - e6e13cb3-e32b-4d2d-874a-1e4700c67398@group-9E511D2458D0-LeaderElection193 PRE_VOTE round 0: submit vote requests at term 1 for conf: {index: 0, cur=peers:[90a60b70-6b91-4fb2-a612-7ac0b6911dfc|127.0.0.1:15047, e6e13cb3-e32b-4d2d-874a-1e4700c67398|127.0.0.1:15055, 7c7182dc-ac7f-44a8-b1d4-5d10f99cbcf2|127.0.0.1:15039]|listeners:[], old=null}
2025-09-07 09:46:11,804 [e6e13cb3-e32b-4d2d-874a-1e4700c67398@group-9E511D2458D0-LeaderElection193] INFO  impl.LeaderElection (LogUtils.java:infoOrTrace(142)) - e6e13cb3-e32b-4d2d-874a-1e4700c67398@group-9E511D2458D0-LeaderElection193 got exception when requesting votes: java.util.concurrent.ExecutionException: org.apache.ratis.thirdparty.io.grpc.StatusRuntimeException: UNAVAILABLE: io exception
2025-09-07 09:46:11,804 [e6e13cb3-e32b-4d2d-874a-1e4700c67398@group-9E511D2458D0-LeaderElection193] INFO  impl.LeaderElection (LogUtils.java:infoOrTrace(142)) - e6e13cb3-e32b-4d2d-874a-1e4700c67398@group-9E511D2458D0-LeaderElection193 got exception when requesting votes: java.util.concurrent.ExecutionException: org.apache.ratis.thirdparty.io.grpc.StatusRuntimeException: UNAVAILABLE: io exception
2025-09-07 09:46:11,804 [e6e13cb3-e32b-4d2d-874a-1e4700c67398@group-9E511D2458D0-LeaderElection193] INFO  impl.LeaderElection (LeaderElection.java:logAndReturn(206)) - e6e13cb3-e32b-4d2d-874a-1e4700c67398@group-9E511D2458D0-LeaderElection193: PRE_VOTE REJECTED received 0 response(s) and 2 exception(s):
2025-09-07 09:46:11,804 [e6e13cb3-e32b-4d2d-874a-1e4700c67398@group-9E511D2458D0-LeaderElection193] INFO  impl.LeaderElection (LogUtils.java:infoOrTrace(142)) -   Exception 0: java.util.concurrent.ExecutionException: org.apache.ratis.thirdparty.io.grpc.StatusRuntimeException: UNAVAILABLE: io exception
2025-09-07 09:46:11,804 [e6e13cb3-e32b-4d2d-874a-1e4700c67398@group-9E511D2458D0-LeaderElection193] INFO  impl.LeaderElection (LogUtils.java:infoOrTrace(142)) -   Exception 1: java.util.concurrent.ExecutionException: org.apache.ratis.thirdparty.io.grpc.StatusRuntimeException: UNAVAILABLE: io exception
2025-09-07 09:46:11,804 [e6e13cb3-e32b-4d2d-874a-1e4700c67398@group-9E511D2458D0-LeaderElection193] INFO  impl.LeaderElection (LeaderElection.java:askForVotes(450)) - e6e13cb3-e32b-4d2d-874a-1e4700c67398@group-9E511D2458D0-LeaderElection193 PRE_VOTE round 0: result REJECTED
2025-09-07 09:46:11,804 [e6e13cb3-e32b-4d2d-874a-1e4700c67398@group-9E511D2458D0-LeaderElection193] INFO  server.RaftServer$Division (RaftServerImpl.java:setRole(392)) - e6e13cb3-e32b-4d2d-874a-1e4700c67398@group-9E511D2458D0: changes role from CANDIDATE to FOLLOWER at term 1 for REJECTED
2025-09-07 09:46:11,804 [e6e13cb3-e32b-4d2d-874a-1e4700c67398@group-9E511D2458D0-LeaderElection193] INFO  impl.RoleInfo (RoleInfo.java:shutdownLeaderElection(141)) - e6e13cb3-e32b-4d2d-874a-1e4700c67398: shutdown e6e13cb3-e32b-4d2d-874a-1e4700c67398@group-9E511D2458D0-LeaderElection193
2025-09-07 09:46:11,804 [e6e13cb3-e32b-4d2d-874a-1e4700c67398@group-9E511D2458D0-LeaderElection193] INFO  impl.RoleInfo (RoleInfo.java:updateAndGet(148)) - e6e13cb3-e32b-4d2d-874a-1e4700c67398: start e6e13cb3-e32b-4d2d-874a-1e4700c67398@group-9E511D2458D0-FollowerState
2025-09-07 09:46:11,942 [e6e13cb3-e32b-4d2d-874a-1e4700c67398@group-09A5C1734F32-FollowerState] INFO  impl.FollowerState (FollowerState.java:runImpl(161)) - e6e13cb3-e32b-4d2d-874a-1e4700c67398@group-09A5C1734F32-FollowerState: change to CANDIDATE, lastRpcElapsedTime:1061333495ns, electionTimeout:1061ms
2025-09-07 09:46:11,942 [e6e13cb3-e32b-4d2d-874a-1e4700c67398@group-09A5C1734F32-FollowerState] INFO  impl.RoleInfo (RoleInfo.java:shutdownFollowerState(121)) - e6e13cb3-e32b-4d2d-874a-1e4700c67398: shutdown e6e13cb3-e32b-4d2d-874a-1e4700c67398@group-09A5C1734F32-FollowerState
2025-09-07 09:46:11,942 [e6e13cb3-e32b-4d2d-874a-1e4700c67398@group-09A5C1734F32-FollowerState] INFO  server.RaftServer$Division (RaftServerImpl.java:setRole(392)) - e6e13cb3-e32b-4d2d-874a-1e4700c67398@group-09A5C1734F32: changes role from  FOLLOWER to CANDIDATE at term 1 for changeToCandidate
2025-09-07 09:46:11,942 [e6e13cb3-e32b-4d2d-874a-1e4700c67398@group-09A5C1734F32-FollowerState] INFO  impl.RoleInfo (RoleInfo.java:updateAndGet(148)) - e6e13cb3-e32b-4d2d-874a-1e4700c67398: start e6e13cb3-e32b-4d2d-874a-1e4700c67398@group-09A5C1734F32-LeaderElection194
2025-09-07 09:46:11,943 [e6e13cb3-e32b-4d2d-874a-1e4700c67398@group-09A5C1734F32-LeaderElection194] INFO  impl.LeaderElection (LeaderElection.java:askForVotes(448)) - e6e13cb3-e32b-4d2d-874a-1e4700c67398@group-09A5C1734F32-LeaderElection194 PRE_VOTE round 0: submit vote requests at term 1 for conf: {index: 0, cur=peers:[90a60b70-6b91-4fb2-a612-7ac0b6911dfc|127.0.0.1:15047, e6e13cb3-e32b-4d2d-874a-1e4700c67398|127.0.0.1:15055, 7c7182dc-ac7f-44a8-b1d4-5d10f99cbcf2|127.0.0.1:15039]|listeners:[], old=null}
2025-09-07 09:46:11,943 [e6e13cb3-e32b-4d2d-874a-1e4700c67398@group-09A5C1734F32-LeaderElection194] INFO  impl.LeaderElection (LogUtils.java:infoOrTrace(142)) - e6e13cb3-e32b-4d2d-874a-1e4700c67398@group-09A5C1734F32-LeaderElection194 got exception when requesting votes: java.util.concurrent.ExecutionException: org.apache.ratis.thirdparty.io.grpc.StatusRuntimeException: UNAVAILABLE: io exception
2025-09-07 09:46:11,943 [e6e13cb3-e32b-4d2d-874a-1e4700c67398@group-09A5C1734F32-LeaderElection194] INFO  impl.LeaderElection (LogUtils.java:infoOrTrace(142)) - e6e13cb3-e32b-4d2d-874a-1e4700c67398@group-09A5C1734F32-LeaderElection194 got exception when requesting votes: java.util.concurrent.ExecutionException: org.apache.ratis.thirdparty.io.grpc.StatusRuntimeException: UNAVAILABLE: io exception
2025-09-07 09:46:11,943 [e6e13cb3-e32b-4d2d-874a-1e4700c67398@group-09A5C1734F32-LeaderElection194] INFO  impl.LeaderElection (LeaderElection.java:logAndReturn(206)) - e6e13cb3-e32b-4d2d-874a-1e4700c67398@group-09A5C1734F32-LeaderElection194: PRE_VOTE REJECTED received 0 response(s) and 2 exception(s):
2025-09-07 09:46:11,943 [e6e13cb3-e32b-4d2d-874a-1e4700c67398@group-09A5C1734F32-LeaderElection194] INFO  impl.LeaderElection (LogUtils.java:infoOrTrace(142)) -   Exception 0: java.util.concurrent.ExecutionException: org.apache.ratis.thirdparty.io.grpc.StatusRuntimeException: UNAVAILABLE: io exception
2025-09-07 09:46:11,943 [e6e13cb3-e32b-4d2d-874a-1e4700c67398@group-09A5C1734F32-LeaderElection194] INFO  impl.LeaderElection (LogUtils.java:infoOrTrace(142)) -   Exception 1: java.util.concurrent.ExecutionException: org.apache.ratis.thirdparty.io.grpc.StatusRuntimeException: UNAVAILABLE: io exception
2025-09-07 09:46:11,943 [e6e13cb3-e32b-4d2d-874a-1e4700c67398@group-09A5C1734F32-LeaderElection194] INFO  impl.LeaderElection (LeaderElection.java:askForVotes(450)) - e6e13cb3-e32b-4d2d-874a-1e4700c67398@group-09A5C1734F32-LeaderElection194 PRE_VOTE round 0: result REJECTED
2025-09-07 09:46:11,943 [e6e13cb3-e32b-4d2d-874a-1e4700c67398@group-09A5C1734F32-LeaderElection194] INFO  server.RaftServer$Division (RaftServerImpl.java:setRole(392)) - e6e13cb3-e32b-4d2d-874a-1e4700c67398@group-09A5C1734F32: changes role from CANDIDATE to FOLLOWER at term 1 for REJECTED
2025-09-07 09:46:11,943 [e6e13cb3-e32b-4d2d-874a-1e4700c67398@group-09A5C1734F32-LeaderElection194] INFO  impl.RoleInfo (RoleInfo.java:shutdownLeaderElection(141)) - e6e13cb3-e32b-4d2d-874a-1e4700c67398: shutdown e6e13cb3-e32b-4d2d-874a-1e4700c67398@group-09A5C1734F32-LeaderElection194
2025-09-07 09:46:11,943 [e6e13cb3-e32b-4d2d-874a-1e4700c67398@group-09A5C1734F32-LeaderElection194] INFO  impl.RoleInfo (RoleInfo.java:updateAndGet(148)) - e6e13cb3-e32b-4d2d-874a-1e4700c67398: start e6e13cb3-e32b-4d2d-874a-1e4700c67398@group-09A5C1734F32-FollowerState
2025-09-07 09:46:12,882 [e6e13cb3-e32b-4d2d-874a-1e4700c67398@group-9E511D2458D0-FollowerState] INFO  impl.FollowerState (FollowerState.java:runImpl(161)) - e6e13cb3-e32b-4d2d-874a-1e4700c67398@group-9E511D2458D0-FollowerState: change to CANDIDATE, lastRpcElapsedTime:1078285189ns, electionTimeout:1078ms
2025-09-07 09:46:12,883 [e6e13cb3-e32b-4d2d-874a-1e4700c67398@group-9E511D2458D0-FollowerState] INFO  impl.RoleInfo (RoleInfo.java:shutdownFollowerState(121)) - e6e13cb3-e32b-4d2d-874a-1e4700c67398: shutdown e6e13cb3-e32b-4d2d-874a-1e4700c67398@group-9E511D2458D0-FollowerState
2025-09-07 09:46:12,883 [e6e13cb3-e32b-4d2d-874a-1e4700c67398@group-9E511D2458D0-FollowerState] INFO  server.RaftServer$Division (RaftServerImpl.java:setRole(392)) - e6e13cb3-e32b-4d2d-874a-1e4700c67398@group-9E511D2458D0: changes role from  FOLLOWER to CANDIDATE at term 1 for changeToCandidate
2025-09-07 09:46:12,883 [e6e13cb3-e32b-4d2d-874a-1e4700c67398@group-9E511D2458D0-FollowerState] INFO  impl.RoleInfo (RoleInfo.java:updateAndGet(148)) - e6e13cb3-e32b-4d2d-874a-1e4700c67398: start e6e13cb3-e32b-4d2d-874a-1e4700c67398@group-9E511D2458D0-LeaderElection195
2025-09-07 09:46:12,883 [e6e13cb3-e32b-4d2d-874a-1e4700c67398@group-9E511D2458D0-LeaderElection195] INFO  impl.LeaderElection (LeaderElection.java:askForVotes(448)) - e6e13cb3-e32b-4d2d-874a-1e4700c67398@group-9E511D2458D0-LeaderElection195 PRE_VOTE round 0: submit vote requests at term 1 for conf: {index: 0, cur=peers:[90a60b70-6b91-4fb2-a612-7ac0b6911dfc|127.0.0.1:15047, e6e13cb3-e32b-4d2d-874a-1e4700c67398|127.0.0.1:15055, 7c7182dc-ac7f-44a8-b1d4-5d10f99cbcf2|127.0.0.1:15039]|listeners:[], old=null}
2025-09-07 09:46:12,884 [e6e13cb3-e32b-4d2d-874a-1e4700c67398@group-9E511D2458D0-LeaderElection195] INFO  impl.LeaderElection (LogUtils.java:infoOrTrace(142)) - e6e13cb3-e32b-4d2d-874a-1e4700c67398@group-9E511D2458D0-LeaderElection195 got exception when requesting votes: java.util.concurrent.ExecutionException: org.apache.ratis.thirdparty.io.grpc.StatusRuntimeException: UNAVAILABLE: io exception
2025-09-07 09:46:12,884 [e6e13cb3-e32b-4d2d-874a-1e4700c67398@group-9E511D2458D0-LeaderElection195] INFO  impl.LeaderElection (LogUtils.java:infoOrTrace(142)) - e6e13cb3-e32b-4d2d-874a-1e4700c67398@group-9E511D2458D0-LeaderElection195 got exception when requesting votes: java.util.concurrent.ExecutionException: org.apache.ratis.thirdparty.io.grpc.StatusRuntimeException: UNAVAILABLE: io exception
2025-09-07 09:46:12,884 [e6e13cb3-e32b-4d2d-874a-1e4700c67398@group-9E511D2458D0-LeaderElection195] INFO  impl.LeaderElection (LeaderElection.java:logAndReturn(206)) - e6e13cb3-e32b-4d2d-874a-1e4700c67398@group-9E511D2458D0-LeaderElection195: PRE_VOTE REJECTED received 0 response(s) and 2 exception(s):
2025-09-07 09:46:12,884 [e6e13cb3-e32b-4d2d-874a-1e4700c67398@group-9E511D2458D0-LeaderElection195] INFO  impl.LeaderElection (LogUtils.java:infoOrTrace(142)) -   Exception 0: java.util.concurrent.ExecutionException: org.apache.ratis.thirdparty.io.grpc.StatusRuntimeException: UNAVAILABLE: io exception
2025-09-07 09:46:12,884 [e6e13cb3-e32b-4d2d-874a-1e4700c67398@group-9E511D2458D0-LeaderElection195] INFO  impl.LeaderElection (LogUtils.java:infoOrTrace(142)) -   Exception 1: java.util.concurrent.ExecutionException: org.apache.ratis.thirdparty.io.grpc.StatusRuntimeException: UNAVAILABLE: io exception
2025-09-07 09:46:12,884 [e6e13cb3-e32b-4d2d-874a-1e4700c67398@group-9E511D2458D0-LeaderElection195] INFO  impl.LeaderElection (LeaderElection.java:askForVotes(450)) - e6e13cb3-e32b-4d2d-874a-1e4700c67398@group-9E511D2458D0-LeaderElection195 PRE_VOTE round 0: result REJECTED
2025-09-07 09:46:12,884 [e6e13cb3-e32b-4d2d-874a-1e4700c67398@group-9E511D2458D0-LeaderElection195] INFO  server.RaftServer$Division (RaftServerImpl.java:setRole(392)) - e6e13cb3-e32b-4d2d-874a-1e4700c67398@group-9E511D2458D0: changes role from CANDIDATE to FOLLOWER at term 1 for REJECTED
2025-09-07 09:46:12,884 [e6e13cb3-e32b-4d2d-874a-1e4700c67398@group-9E511D2458D0-LeaderElection195] INFO  impl.RoleInfo (RoleInfo.java:shutdownLeaderElection(141)) - e6e13cb3-e32b-4d2d-874a-1e4700c67398: shutdown e6e13cb3-e32b-4d2d-874a-1e4700c67398@group-9E511D2458D0-LeaderElection195
2025-09-07 09:46:12,884 [e6e13cb3-e32b-4d2d-874a-1e4700c67398@group-9E511D2458D0-LeaderElection195] INFO  impl.RoleInfo (RoleInfo.java:updateAndGet(148)) - e6e13cb3-e32b-4d2d-874a-1e4700c67398: start e6e13cb3-e32b-4d2d-874a-1e4700c67398@group-9E511D2458D0-FollowerState
2025-09-07 09:46:13,050 [e6e13cb3-e32b-4d2d-874a-1e4700c67398@group-09A5C1734F32-FollowerState] INFO  impl.FollowerState (FollowerState.java:runImpl(161)) - e6e13cb3-e32b-4d2d-874a-1e4700c67398@group-09A5C1734F32-FollowerState: change to CANDIDATE, lastRpcElapsedTime:1106416945ns, electionTimeout:1106ms
2025-09-07 09:46:13,050 [e6e13cb3-e32b-4d2d-874a-1e4700c67398@group-09A5C1734F32-FollowerState] INFO  impl.RoleInfo (RoleInfo.java:shutdownFollowerState(121)) - e6e13cb3-e32b-4d2d-874a-1e4700c67398: shutdown e6e13cb3-e32b-4d2d-874a-1e4700c67398@group-09A5C1734F32-FollowerState
2025-09-07 09:46:13,050 [e6e13cb3-e32b-4d2d-874a-1e4700c67398@group-09A5C1734F32-FollowerState] INFO  server.RaftServer$Division (RaftServerImpl.java:setRole(392)) - e6e13cb3-e32b-4d2d-874a-1e4700c67398@group-09A5C1734F32: changes role from  FOLLOWER to CANDIDATE at term 1 for changeToCandidate
2025-09-07 09:46:13,050 [e6e13cb3-e32b-4d2d-874a-1e4700c67398@group-09A5C1734F32-FollowerState] INFO  impl.RoleInfo (RoleInfo.java:updateAndGet(148)) - e6e13cb3-e32b-4d2d-874a-1e4700c67398: start e6e13cb3-e32b-4d2d-874a-1e4700c67398@group-09A5C1734F32-LeaderElection196
2025-09-07 09:46:13,050 [e6e13cb3-e32b-4d2d-874a-1e4700c67398@group-09A5C1734F32-LeaderElection196] INFO  impl.LeaderElection (LeaderElection.java:askForVotes(448)) - e6e13cb3-e32b-4d2d-874a-1e4700c67398@group-09A5C1734F32-LeaderElection196 PRE_VOTE round 0: submit vote requests at term 1 for conf: {index: 0, cur=peers:[90a60b70-6b91-4fb2-a612-7ac0b6911dfc|127.0.0.1:15047, e6e13cb3-e32b-4d2d-874a-1e4700c67398|127.0.0.1:15055, 7c7182dc-ac7f-44a8-b1d4-5d10f99cbcf2|127.0.0.1:15039]|listeners:[], old=null}
2025-09-07 09:46:13,051 [e6e13cb3-e32b-4d2d-874a-1e4700c67398@group-09A5C1734F32-LeaderElection196] INFO  impl.LeaderElection (LogUtils.java:infoOrTrace(142)) - e6e13cb3-e32b-4d2d-874a-1e4700c67398@group-09A5C1734F32-LeaderElection196 got exception when requesting votes: java.util.concurrent.ExecutionException: org.apache.ratis.thirdparty.io.grpc.StatusRuntimeException: UNAVAILABLE: io exception
2025-09-07 09:46:13,051 [e6e13cb3-e32b-4d2d-874a-1e4700c67398@group-09A5C1734F32-LeaderElection196] INFO  impl.LeaderElection (LogUtils.java:infoOrTrace(142)) - e6e13cb3-e32b-4d2d-874a-1e4700c67398@group-09A5C1734F32-LeaderElection196 got exception when requesting votes: java.util.concurrent.ExecutionException: org.apache.ratis.thirdparty.io.grpc.StatusRuntimeException: UNAVAILABLE: io exception
2025-09-07 09:46:13,051 [e6e13cb3-e32b-4d2d-874a-1e4700c67398@group-09A5C1734F32-LeaderElection196] INFO  impl.LeaderElection (LeaderElection.java:logAndReturn(206)) - e6e13cb3-e32b-4d2d-874a-1e4700c67398@group-09A5C1734F32-LeaderElection196: PRE_VOTE REJECTED received 0 response(s) and 2 exception(s):
2025-09-07 09:46:13,051 [e6e13cb3-e32b-4d2d-874a-1e4700c67398@group-09A5C1734F32-LeaderElection196] INFO  impl.LeaderElection (LogUtils.java:infoOrTrace(142)) -   Exception 0: java.util.concurrent.ExecutionException: org.apache.ratis.thirdparty.io.grpc.StatusRuntimeException: UNAVAILABLE: io exception
2025-09-07 09:46:13,051 [e6e13cb3-e32b-4d2d-874a-1e4700c67398@group-09A5C1734F32-LeaderElection196] INFO  impl.LeaderElection (LogUtils.java:infoOrTrace(142)) -   Exception 1: java.util.concurrent.ExecutionException: org.apache.ratis.thirdparty.io.grpc.StatusRuntimeException: UNAVAILABLE: io exception
2025-09-07 09:46:13,051 [e6e13cb3-e32b-4d2d-874a-1e4700c67398@group-09A5C1734F32-LeaderElection196] INFO  impl.LeaderElection (LeaderElection.java:askForVotes(450)) - e6e13cb3-e32b-4d2d-874a-1e4700c67398@group-09A5C1734F32-LeaderElection196 PRE_VOTE round 0: result REJECTED
2025-09-07 09:46:13,051 [e6e13cb3-e32b-4d2d-874a-1e4700c67398@group-09A5C1734F32-LeaderElection196] INFO  server.RaftServer$Division (RaftServerImpl.java:setRole(392)) - e6e13cb3-e32b-4d2d-874a-1e4700c67398@group-09A5C1734F32: changes role from CANDIDATE to FOLLOWER at term 1 for REJECTED
2025-09-07 09:46:13,051 [e6e13cb3-e32b-4d2d-874a-1e4700c67398@group-09A5C1734F32-LeaderElection196] INFO  impl.RoleInfo (RoleInfo.java:shutdownLeaderElection(141)) - e6e13cb3-e32b-4d2d-874a-1e4700c67398: shutdown e6e13cb3-e32b-4d2d-874a-1e4700c67398@group-09A5C1734F32-LeaderElection196
2025-09-07 09:46:13,052 [e6e13cb3-e32b-4d2d-874a-1e4700c67398@group-09A5C1734F32-LeaderElection196] INFO  impl.RoleInfo (RoleInfo.java:updateAndGet(148)) - e6e13cb3-e32b-4d2d-874a-1e4700c67398: start e6e13cb3-e32b-4d2d-874a-1e4700c67398@group-09A5C1734F32-FollowerState
2025-09-07 09:46:14,061 [e6e13cb3-e32b-4d2d-874a-1e4700c67398@group-9E511D2458D0-FollowerState] INFO  impl.FollowerState (FollowerState.java:runImpl(161)) - e6e13cb3-e32b-4d2d-874a-1e4700c67398@group-9E511D2458D0-FollowerState: change to CANDIDATE, lastRpcElapsedTime:1177313624ns, electionTimeout:1177ms
2025-09-07 09:46:14,061 [e6e13cb3-e32b-4d2d-874a-1e4700c67398@group-9E511D2458D0-FollowerState] INFO  impl.RoleInfo (RoleInfo.java:shutdownFollowerState(121)) - e6e13cb3-e32b-4d2d-874a-1e4700c67398: shutdown e6e13cb3-e32b-4d2d-874a-1e4700c67398@group-9E511D2458D0-FollowerState
2025-09-07 09:46:14,061 [e6e13cb3-e32b-4d2d-874a-1e4700c67398@group-9E511D2458D0-FollowerState] INFO  server.RaftServer$Division (RaftServerImpl.java:setRole(392)) - e6e13cb3-e32b-4d2d-874a-1e4700c67398@group-9E511D2458D0: changes role from  FOLLOWER to CANDIDATE at term 1 for changeToCandidate
2025-09-07 09:46:14,062 [e6e13cb3-e32b-4d2d-874a-1e4700c67398@group-9E511D2458D0-FollowerState] INFO  impl.RoleInfo (RoleInfo.java:updateAndGet(148)) - e6e13cb3-e32b-4d2d-874a-1e4700c67398: start e6e13cb3-e32b-4d2d-874a-1e4700c67398@group-9E511D2458D0-LeaderElection197
2025-09-07 09:46:14,062 [e6e13cb3-e32b-4d2d-874a-1e4700c67398@group-9E511D2458D0-LeaderElection197] INFO  impl.LeaderElection (LeaderElection.java:askForVotes(448)) - e6e13cb3-e32b-4d2d-874a-1e4700c67398@group-9E511D2458D0-LeaderElection197 PRE_VOTE round 0: submit vote requests at term 1 for conf: {index: 0, cur=peers:[90a60b70-6b91-4fb2-a612-7ac0b6911dfc|127.0.0.1:15047, e6e13cb3-e32b-4d2d-874a-1e4700c67398|127.0.0.1:15055, 7c7182dc-ac7f-44a8-b1d4-5d10f99cbcf2|127.0.0.1:15039]|listeners:[], old=null}
2025-09-07 09:46:14,063 [e6e13cb3-e32b-4d2d-874a-1e4700c67398@group-9E511D2458D0-LeaderElection197] INFO  impl.LeaderElection (LogUtils.java:infoOrTrace(142)) - e6e13cb3-e32b-4d2d-874a-1e4700c67398@group-9E511D2458D0-LeaderElection197 got exception when requesting votes: java.util.concurrent.ExecutionException: org.apache.ratis.thirdparty.io.grpc.StatusRuntimeException: UNAVAILABLE: io exception
2025-09-07 09:46:14,063 [e6e13cb3-e32b-4d2d-874a-1e4700c67398@group-9E511D2458D0-LeaderElection197] INFO  impl.LeaderElection (LogUtils.java:infoOrTrace(142)) - e6e13cb3-e32b-4d2d-874a-1e4700c67398@group-9E511D2458D0-LeaderElection197 got exception when requesting votes: java.util.concurrent.ExecutionException: org.apache.ratis.thirdparty.io.grpc.StatusRuntimeException: UNAVAILABLE: io exception
2025-09-07 09:46:14,063 [e6e13cb3-e32b-4d2d-874a-1e4700c67398@group-9E511D2458D0-LeaderElection197] INFO  impl.LeaderElection (LeaderElection.java:logAndReturn(206)) - e6e13cb3-e32b-4d2d-874a-1e4700c67398@group-9E511D2458D0-LeaderElection197: PRE_VOTE REJECTED received 0 response(s) and 2 exception(s):
2025-09-07 09:46:14,063 [e6e13cb3-e32b-4d2d-874a-1e4700c67398@group-9E511D2458D0-LeaderElection197] INFO  impl.LeaderElection (LogUtils.java:infoOrTrace(142)) -   Exception 0: java.util.concurrent.ExecutionException: org.apache.ratis.thirdparty.io.grpc.StatusRuntimeException: UNAVAILABLE: io exception
2025-09-07 09:46:14,063 [e6e13cb3-e32b-4d2d-874a-1e4700c67398@group-9E511D2458D0-LeaderElection197] INFO  impl.LeaderElection (LogUtils.java:infoOrTrace(142)) -   Exception 1: java.util.concurrent.ExecutionException: org.apache.ratis.thirdparty.io.grpc.StatusRuntimeException: UNAVAILABLE: io exception
2025-09-07 09:46:14,063 [e6e13cb3-e32b-4d2d-874a-1e4700c67398@group-9E511D2458D0-LeaderElection197] INFO  impl.LeaderElection (LeaderElection.java:askForVotes(450)) - e6e13cb3-e32b-4d2d-874a-1e4700c67398@group-9E511D2458D0-LeaderElection197 PRE_VOTE round 0: result REJECTED
2025-09-07 09:46:14,063 [e6e13cb3-e32b-4d2d-874a-1e4700c67398@group-9E511D2458D0-LeaderElection197] INFO  server.RaftServer$Division (RaftServerImpl.java:setRole(392)) - e6e13cb3-e32b-4d2d-874a-1e4700c67398@group-9E511D2458D0: changes role from CANDIDATE to FOLLOWER at term 1 for REJECTED
2025-09-07 09:46:14,063 [e6e13cb3-e32b-4d2d-874a-1e4700c67398@group-9E511D2458D0-LeaderElection197] INFO  impl.RoleInfo (RoleInfo.java:shutdownLeaderElection(141)) - e6e13cb3-e32b-4d2d-874a-1e4700c67398: shutdown e6e13cb3-e32b-4d2d-874a-1e4700c67398@group-9E511D2458D0-LeaderElection197
2025-09-07 09:46:14,063 [e6e13cb3-e32b-4d2d-874a-1e4700c67398@group-9E511D2458D0-LeaderElection197] INFO  impl.RoleInfo (RoleInfo.java:updateAndGet(148)) - e6e13cb3-e32b-4d2d-874a-1e4700c67398: start e6e13cb3-e32b-4d2d-874a-1e4700c67398@group-9E511D2458D0-FollowerState
2025-09-07 09:46:14,081 [e6e13cb3-e32b-4d2d-874a-1e4700c67398@group-09A5C1734F32-FollowerState] INFO  impl.FollowerState (FollowerState.java:runImpl(161)) - e6e13cb3-e32b-4d2d-874a-1e4700c67398@group-09A5C1734F32-FollowerState: change to CANDIDATE, lastRpcElapsedTime:1029356883ns, electionTimeout:1029ms
2025-09-07 09:46:14,081 [e6e13cb3-e32b-4d2d-874a-1e4700c67398@group-09A5C1734F32-FollowerState] INFO  impl.RoleInfo (RoleInfo.java:shutdownFollowerState(121)) - e6e13cb3-e32b-4d2d-874a-1e4700c67398: shutdown e6e13cb3-e32b-4d2d-874a-1e4700c67398@group-09A5C1734F32-FollowerState
2025-09-07 09:46:14,081 [e6e13cb3-e32b-4d2d-874a-1e4700c67398@group-09A5C1734F32-FollowerState] INFO  server.RaftServer$Division (RaftServerImpl.java:setRole(392)) - e6e13cb3-e32b-4d2d-874a-1e4700c67398@group-09A5C1734F32: changes role from  FOLLOWER to CANDIDATE at term 1 for changeToCandidate
2025-09-07 09:46:14,081 [e6e13cb3-e32b-4d2d-874a-1e4700c67398@group-09A5C1734F32-FollowerState] INFO  impl.RoleInfo (RoleInfo.java:updateAndGet(148)) - e6e13cb3-e32b-4d2d-874a-1e4700c67398: start e6e13cb3-e32b-4d2d-874a-1e4700c67398@group-09A5C1734F32-LeaderElection198
2025-09-07 09:46:14,081 [e6e13cb3-e32b-4d2d-874a-1e4700c67398@group-09A5C1734F32-LeaderElection198] INFO  impl.LeaderElection (LeaderElection.java:askForVotes(448)) - e6e13cb3-e32b-4d2d-874a-1e4700c67398@group-09A5C1734F32-LeaderElection198 PRE_VOTE round 0: submit vote requests at term 1 for conf: {index: 0, cur=peers:[90a60b70-6b91-4fb2-a612-7ac0b6911dfc|127.0.0.1:15047, e6e13cb3-e32b-4d2d-874a-1e4700c67398|127.0.0.1:15055, 7c7182dc-ac7f-44a8-b1d4-5d10f99cbcf2|127.0.0.1:15039]|listeners:[], old=null}
2025-09-07 09:46:14,082 [e6e13cb3-e32b-4d2d-874a-1e4700c67398@group-09A5C1734F32-LeaderElection198] INFO  impl.LeaderElection (LogUtils.java:infoOrTrace(142)) - e6e13cb3-e32b-4d2d-874a-1e4700c67398@group-09A5C1734F32-LeaderElection198 got exception when requesting votes: java.util.concurrent.ExecutionException: org.apache.ratis.thirdparty.io.grpc.StatusRuntimeException: UNAVAILABLE: io exception
2025-09-07 09:46:14,083 [e6e13cb3-e32b-4d2d-874a-1e4700c67398@group-09A5C1734F32-LeaderElection198] INFO  impl.LeaderElection (LogUtils.java:infoOrTrace(142)) - e6e13cb3-e32b-4d2d-874a-1e4700c67398@group-09A5C1734F32-LeaderElection198 got exception when requesting votes: java.util.concurrent.ExecutionException: org.apache.ratis.thirdparty.io.grpc.StatusRuntimeException: UNAVAILABLE: io exception
2025-09-07 09:46:14,083 [e6e13cb3-e32b-4d2d-874a-1e4700c67398@group-09A5C1734F32-LeaderElection198] INFO  impl.LeaderElection (LeaderElection.java:logAndReturn(206)) - e6e13cb3-e32b-4d2d-874a-1e4700c67398@group-09A5C1734F32-LeaderElection198: PRE_VOTE REJECTED received 0 response(s) and 2 exception(s):
2025-09-07 09:46:14,083 [e6e13cb3-e32b-4d2d-874a-1e4700c67398@group-09A5C1734F32-LeaderElection198] INFO  impl.LeaderElection (LogUtils.java:infoOrTrace(142)) -   Exception 0: java.util.concurrent.ExecutionException: org.apache.ratis.thirdparty.io.grpc.StatusRuntimeException: UNAVAILABLE: io exception
2025-09-07 09:46:14,083 [e6e13cb3-e32b-4d2d-874a-1e4700c67398@group-09A5C1734F32-LeaderElection198] INFO  impl.LeaderElection (LogUtils.java:infoOrTrace(142)) -   Exception 1: java.util.concurrent.ExecutionException: org.apache.ratis.thirdparty.io.grpc.StatusRuntimeException: UNAVAILABLE: io exception
2025-09-07 09:46:14,083 [e6e13cb3-e32b-4d2d-874a-1e4700c67398@group-09A5C1734F32-LeaderElection198] INFO  impl.LeaderElection (LeaderElection.java:askForVotes(450)) - e6e13cb3-e32b-4d2d-874a-1e4700c67398@group-09A5C1734F32-LeaderElection198 PRE_VOTE round 0: result REJECTED
2025-09-07 09:46:14,083 [e6e13cb3-e32b-4d2d-874a-1e4700c67398@group-09A5C1734F32-LeaderElection198] INFO  server.RaftServer$Division (RaftServerImpl.java:setRole(392)) - e6e13cb3-e32b-4d2d-874a-1e4700c67398@group-09A5C1734F32: changes role from CANDIDATE to FOLLOWER at term 1 for REJECTED
2025-09-07 09:46:14,083 [e6e13cb3-e32b-4d2d-874a-1e4700c67398@group-09A5C1734F32-LeaderElection198] INFO  impl.RoleInfo (RoleInfo.java:shutdownLeaderElection(141)) - e6e13cb3-e32b-4d2d-874a-1e4700c67398: shutdown e6e13cb3-e32b-4d2d-874a-1e4700c67398@group-09A5C1734F32-LeaderElection198
2025-09-07 09:46:14,083 [e6e13cb3-e32b-4d2d-874a-1e4700c67398@group-09A5C1734F32-LeaderElection198] INFO  impl.RoleInfo (RoleInfo.java:updateAndGet(148)) - e6e13cb3-e32b-4d2d-874a-1e4700c67398: start e6e13cb3-e32b-4d2d-874a-1e4700c67398@group-09A5C1734F32-FollowerState
2025-09-07 09:46:15,086 [e6e13cb3-e32b-4d2d-874a-1e4700c67398@group-9E511D2458D0-FollowerState] INFO  impl.FollowerState (FollowerState.java:runImpl(161)) - e6e13cb3-e32b-4d2d-874a-1e4700c67398@group-9E511D2458D0-FollowerState: change to CANDIDATE, lastRpcElapsedTime:1023506074ns, electionTimeout:1023ms
2025-09-07 09:46:15,087 [e6e13cb3-e32b-4d2d-874a-1e4700c67398@group-9E511D2458D0-FollowerState] INFO  impl.RoleInfo (RoleInfo.java:shutdownFollowerState(121)) - e6e13cb3-e32b-4d2d-874a-1e4700c67398: shutdown e6e13cb3-e32b-4d2d-874a-1e4700c67398@group-9E511D2458D0-FollowerState
2025-09-07 09:46:15,087 [e6e13cb3-e32b-4d2d-874a-1e4700c67398@group-9E511D2458D0-FollowerState] INFO  server.RaftServer$Division (RaftServerImpl.java:setRole(392)) - e6e13cb3-e32b-4d2d-874a-1e4700c67398@group-9E511D2458D0: changes role from  FOLLOWER to CANDIDATE at term 1 for changeToCandidate
2025-09-07 09:46:15,087 [e6e13cb3-e32b-4d2d-874a-1e4700c67398@group-9E511D2458D0-FollowerState] INFO  impl.RoleInfo (RoleInfo.java:updateAndGet(148)) - e6e13cb3-e32b-4d2d-874a-1e4700c67398: start e6e13cb3-e32b-4d2d-874a-1e4700c67398@group-9E511D2458D0-LeaderElection199
2025-09-07 09:46:15,087 [e6e13cb3-e32b-4d2d-874a-1e4700c67398@group-9E511D2458D0-LeaderElection199] INFO  impl.LeaderElection (LeaderElection.java:askForVotes(448)) - e6e13cb3-e32b-4d2d-874a-1e4700c67398@group-9E511D2458D0-LeaderElection199 PRE_VOTE round 0: submit vote requests at term 1 for conf: {index: 0, cur=peers:[90a60b70-6b91-4fb2-a612-7ac0b6911dfc|127.0.0.1:15047, e6e13cb3-e32b-4d2d-874a-1e4700c67398|127.0.0.1:15055, 7c7182dc-ac7f-44a8-b1d4-5d10f99cbcf2|127.0.0.1:15039]|listeners:[], old=null}
2025-09-07 09:46:15,088 [e6e13cb3-e32b-4d2d-874a-1e4700c67398@group-9E511D2458D0-LeaderElection199] INFO  impl.LeaderElection (LogUtils.java:infoOrTrace(142)) - e6e13cb3-e32b-4d2d-874a-1e4700c67398@group-9E511D2458D0-LeaderElection199 got exception when requesting votes: java.util.concurrent.ExecutionException: org.apache.ratis.thirdparty.io.grpc.StatusRuntimeException: UNAVAILABLE: io exception
2025-09-07 09:46:15,088 [e6e13cb3-e32b-4d2d-874a-1e4700c67398@group-9E511D2458D0-LeaderElection199] INFO  impl.LeaderElection (LogUtils.java:infoOrTrace(142)) - e6e13cb3-e32b-4d2d-874a-1e4700c67398@group-9E511D2458D0-LeaderElection199 got exception when requesting votes: java.util.concurrent.ExecutionException: org.apache.ratis.thirdparty.io.grpc.StatusRuntimeException: UNAVAILABLE: io exception
2025-09-07 09:46:15,088 [e6e13cb3-e32b-4d2d-874a-1e4700c67398@group-9E511D2458D0-LeaderElection199] INFO  impl.LeaderElection (LeaderElection.java:logAndReturn(206)) - e6e13cb3-e32b-4d2d-874a-1e4700c67398@group-9E511D2458D0-LeaderElection199: PRE_VOTE REJECTED received 0 response(s) and 2 exception(s):
2025-09-07 09:46:15,088 [e6e13cb3-e32b-4d2d-874a-1e4700c67398@group-9E511D2458D0-LeaderElection199] INFO  impl.LeaderElection (LogUtils.java:infoOrTrace(142)) -   Exception 0: java.util.concurrent.ExecutionException: org.apache.ratis.thirdparty.io.grpc.StatusRuntimeException: UNAVAILABLE: io exception
2025-09-07 09:46:15,088 [e6e13cb3-e32b-4d2d-874a-1e4700c67398@group-9E511D2458D0-LeaderElection199] INFO  impl.LeaderElection (LogUtils.java:infoOrTrace(142)) -   Exception 1: java.util.concurrent.ExecutionException: org.apache.ratis.thirdparty.io.grpc.StatusRuntimeException: UNAVAILABLE: io exception
2025-09-07 09:46:15,088 [e6e13cb3-e32b-4d2d-874a-1e4700c67398@group-9E511D2458D0-LeaderElection199] INFO  impl.LeaderElection (LeaderElection.java:askForVotes(450)) - e6e13cb3-e32b-4d2d-874a-1e4700c67398@group-9E511D2458D0-LeaderElection199 PRE_VOTE round 0: result REJECTED
2025-09-07 09:46:15,088 [e6e13cb3-e32b-4d2d-874a-1e4700c67398@group-9E511D2458D0-LeaderElection199] INFO  server.RaftServer$Division (RaftServerImpl.java:setRole(392)) - e6e13cb3-e32b-4d2d-874a-1e4700c67398@group-9E511D2458D0: changes role from CANDIDATE to FOLLOWER at term 1 for REJECTED
2025-09-07 09:46:15,088 [e6e13cb3-e32b-4d2d-874a-1e4700c67398@group-9E511D2458D0-LeaderElection199] INFO  impl.RoleInfo (RoleInfo.java:shutdownLeaderElection(141)) - e6e13cb3-e32b-4d2d-874a-1e4700c67398: shutdown e6e13cb3-e32b-4d2d-874a-1e4700c67398@group-9E511D2458D0-LeaderElection199
2025-09-07 09:46:15,088 [e6e13cb3-e32b-4d2d-874a-1e4700c67398@group-9E511D2458D0-LeaderElection199] INFO  impl.RoleInfo (RoleInfo.java:updateAndGet(148)) - e6e13cb3-e32b-4d2d-874a-1e4700c67398: start e6e13cb3-e32b-4d2d-874a-1e4700c67398@group-9E511D2458D0-FollowerState
2025-09-07 09:46:15,268 [e6e13cb3-e32b-4d2d-874a-1e4700c67398@group-09A5C1734F32-FollowerState] INFO  impl.FollowerState (FollowerState.java:runImpl(161)) - e6e13cb3-e32b-4d2d-874a-1e4700c67398@group-09A5C1734F32-FollowerState: change to CANDIDATE, lastRpcElapsedTime:1185248148ns, electionTimeout:1185ms
2025-09-07 09:46:15,268 [e6e13cb3-e32b-4d2d-874a-1e4700c67398@group-09A5C1734F32-FollowerState] INFO  impl.RoleInfo (RoleInfo.java:shutdownFollowerState(121)) - e6e13cb3-e32b-4d2d-874a-1e4700c67398: shutdown e6e13cb3-e32b-4d2d-874a-1e4700c67398@group-09A5C1734F32-FollowerState
2025-09-07 09:46:15,268 [e6e13cb3-e32b-4d2d-874a-1e4700c67398@group-09A5C1734F32-FollowerState] INFO  server.RaftServer$Division (RaftServerImpl.java:setRole(392)) - e6e13cb3-e32b-4d2d-874a-1e4700c67398@group-09A5C1734F32: changes role from  FOLLOWER to CANDIDATE at term 1 for changeToCandidate
2025-09-07 09:46:15,269 [e6e13cb3-e32b-4d2d-874a-1e4700c67398@group-09A5C1734F32-FollowerState] INFO  impl.RoleInfo (RoleInfo.java:updateAndGet(148)) - e6e13cb3-e32b-4d2d-874a-1e4700c67398: start e6e13cb3-e32b-4d2d-874a-1e4700c67398@group-09A5C1734F32-LeaderElection200
2025-09-07 09:46:15,269 [e6e13cb3-e32b-4d2d-874a-1e4700c67398@group-09A5C1734F32-LeaderElection200] INFO  impl.LeaderElection (LeaderElection.java:askForVotes(448)) - e6e13cb3-e32b-4d2d-874a-1e4700c67398@group-09A5C1734F32-LeaderElection200 PRE_VOTE round 0: submit vote requests at term 1 for conf: {index: 0, cur=peers:[90a60b70-6b91-4fb2-a612-7ac0b6911dfc|127.0.0.1:15047, e6e13cb3-e32b-4d2d-874a-1e4700c67398|127.0.0.1:15055, 7c7182dc-ac7f-44a8-b1d4-5d10f99cbcf2|127.0.0.1:15039]|listeners:[], old=null}
2025-09-07 09:46:15,269 [e6e13cb3-e32b-4d2d-874a-1e4700c67398@group-09A5C1734F32-LeaderElection200] INFO  impl.LeaderElection (LogUtils.java:infoOrTrace(142)) - e6e13cb3-e32b-4d2d-874a-1e4700c67398@group-09A5C1734F32-LeaderElection200 got exception when requesting votes: java.util.concurrent.ExecutionException: org.apache.ratis.thirdparty.io.grpc.StatusRuntimeException: UNAVAILABLE: io exception
2025-09-07 09:46:15,269 [e6e13cb3-e32b-4d2d-874a-1e4700c67398@group-09A5C1734F32-LeaderElection200] INFO  impl.LeaderElection (LogUtils.java:infoOrTrace(142)) - e6e13cb3-e32b-4d2d-874a-1e4700c67398@group-09A5C1734F32-LeaderElection200 got exception when requesting votes: java.util.concurrent.ExecutionException: org.apache.ratis.thirdparty.io.grpc.StatusRuntimeException: UNAVAILABLE: io exception
2025-09-07 09:46:15,269 [e6e13cb3-e32b-4d2d-874a-1e4700c67398@group-09A5C1734F32-LeaderElection200] INFO  impl.LeaderElection (LeaderElection.java:logAndReturn(206)) - e6e13cb3-e32b-4d2d-874a-1e4700c67398@group-09A5C1734F32-LeaderElection200: PRE_VOTE REJECTED received 0 response(s) and 2 exception(s):
2025-09-07 09:46:15,270 [e6e13cb3-e32b-4d2d-874a-1e4700c67398@group-09A5C1734F32-LeaderElection200] INFO  impl.LeaderElection (LogUtils.java:infoOrTrace(142)) -   Exception 0: java.util.concurrent.ExecutionException: org.apache.ratis.thirdparty.io.grpc.StatusRuntimeException: UNAVAILABLE: io exception
2025-09-07 09:46:15,270 [e6e13cb3-e32b-4d2d-874a-1e4700c67398@group-09A5C1734F32-LeaderElection200] INFO  impl.LeaderElection (LogUtils.java:infoOrTrace(142)) -   Exception 1: java.util.concurrent.ExecutionException: org.apache.ratis.thirdparty.io.grpc.StatusRuntimeException: UNAVAILABLE: io exception
2025-09-07 09:46:15,270 [e6e13cb3-e32b-4d2d-874a-1e4700c67398@group-09A5C1734F32-LeaderElection200] INFO  impl.LeaderElection (LeaderElection.java:askForVotes(450)) - e6e13cb3-e32b-4d2d-874a-1e4700c67398@group-09A5C1734F32-LeaderElection200 PRE_VOTE round 0: result REJECTED
2025-09-07 09:46:15,270 [e6e13cb3-e32b-4d2d-874a-1e4700c67398@group-09A5C1734F32-LeaderElection200] INFO  server.RaftServer$Division (RaftServerImpl.java:setRole(392)) - e6e13cb3-e32b-4d2d-874a-1e4700c67398@group-09A5C1734F32: changes role from CANDIDATE to FOLLOWER at term 1 for REJECTED
2025-09-07 09:46:15,270 [e6e13cb3-e32b-4d2d-874a-1e4700c67398@group-09A5C1734F32-LeaderElection200] INFO  impl.RoleInfo (RoleInfo.java:shutdownLeaderElection(141)) - e6e13cb3-e32b-4d2d-874a-1e4700c67398: shutdown e6e13cb3-e32b-4d2d-874a-1e4700c67398@group-09A5C1734F32-LeaderElection200
2025-09-07 09:46:15,270 [e6e13cb3-e32b-4d2d-874a-1e4700c67398@group-09A5C1734F32-LeaderElection200] INFO  impl.RoleInfo (RoleInfo.java:updateAndGet(148)) - e6e13cb3-e32b-4d2d-874a-1e4700c67398: start e6e13cb3-e32b-4d2d-874a-1e4700c67398@group-09A5C1734F32-FollowerState
2025-09-07 09:46:15,933 [grpc-default-executor-6] ERROR impl.OrderedAsync (OrderedAsync.java:lambda$null$6(215)) -  client-DE39E7586232: Failed* RaftClientRequest:client-DE39E7586232->90a60b70-6b91-4fb2-a612-7ac0b6911dfc@group-09A5C1734F32, cid=55, seq=6*, RW, cmdType: WriteChunk
traceID: ""
containerID: 7
datanodeUuid: "90a60b70-6b91-4fb2-a612-7ac0b6911dfc"
writeChunk {
  blockID {
    containerID: 7
    localID: 115816896921600007
    blockCommitSequenceId: 4
    replicaIndex: 0
  }
  chunkData {
    chunkName: "115816896921600007_chunk_3"
    offset: 2097152
    len: 524288
    checksumData {
      type: CRC32
      bytesPerChecksum: 16384
      checksums: "\326\360U\321"
      checksums: "\326\360U\321"
      checksums: "\326\360U\321"
      checksums: "\326\360U\321"
      checksums: "\326\360U\321"
      checksums: "\326\360U\321"
      checksums: "\326\360U\321"
      checksums: "\326\360U\321"
      checksums: "\326\360U\321"
      checksums: "\326\360U\321"
      checksums: "\326\360U\321"
      checksums: "\326\360U\321"
      checksums: "\326\360U\321"
      checksums: "\326\360U\321"
      checksums: "\326\360U\321"
      checksums: "\326\360U\321"
      checksums: "\326\360U\321"
      checksums: "\326\360U\321"
      checksums: "\326\360U\321"
      checksums: "\326\360U\321"
      checksums: "\326\360U\321"
      checksums: "\326\360U\321"
      checksums: "\326\360U\321"
      checksums: "\326\360U\321"
      checksums: "\326\360U\321"
      checksums: "\326\360U\321"
      checksums: "\326\360U\321"
      checksums: "\326\360U\321"
      checksums: "\326\360U\321"
      checksums: "\326\360U\321"
      checksums: "\326\360U\321"
      checksums: "a\003G\263"
    }
  }
}
version: 3
, data.size=524288
java.util.concurrent.CompletionException: java.io.IOException: org.apache.ratis.thirdparty.io.grpc.StatusRuntimeException: UNAVAILABLE: io exception
	at java.base/java.util.concurrent.CompletableFuture.encodeThrowable(CompletableFuture.java:332)
	at java.base/java.util.concurrent.CompletableFuture.completeThrowable(CompletableFuture.java:347)
	at java.base/java.util.concurrent.CompletableFuture$UniAccept.tryFire(CompletableFuture.java:708)
	at java.base/java.util.concurrent.CompletableFuture.postComplete(CompletableFuture.java:510)
	at java.base/java.util.concurrent.CompletableFuture.completeExceptionally(CompletableFuture.java:2194)
	at org.apache.ratis.grpc.client.GrpcClientProtocolClient$AsyncStreamObservers.completeReplyExceptionally(GrpcClientProtocolClient.java:397)
	at org.apache.ratis.grpc.client.GrpcClientProtocolClient$AsyncStreamObservers.access$000(GrpcClientProtocolClient.java:303)
	at org.apache.ratis.grpc.client.GrpcClientProtocolClient$AsyncStreamObservers$1.onError(GrpcClientProtocolClient.java:334)
	at org.apache.ratis.thirdparty.io.grpc.stub.ClientCalls$StreamObserverToCallListenerAdapter.onClose(ClientCalls.java:564)
	at org.apache.ratis.thirdparty.io.grpc.PartialForwardingClientCallListener.onClose(PartialForwardingClientCallListener.java:39)
	at org.apache.ratis.thirdparty.io.grpc.ForwardingClientCallListener.onClose(ForwardingClientCallListener.java:23)
	at org.apache.ratis.grpc.metrics.intercept.client.MetricClientCallListener.onClose(MetricClientCallListener.java:47)
	at org.apache.ratis.thirdparty.io.grpc.internal.ClientCallImpl.closeObserver(ClientCallImpl.java:565)
	at org.apache.ratis.thirdparty.io.grpc.internal.ClientCallImpl.access$100(ClientCallImpl.java:72)
	at org.apache.ratis.thirdparty.io.grpc.internal.ClientCallImpl$ClientStreamListenerImpl$1StreamClosed.runInternal(ClientCallImpl.java:733)
	at org.apache.ratis.thirdparty.io.grpc.internal.ClientCallImpl$ClientStreamListenerImpl$1StreamClosed.runInContext(ClientCallImpl.java:714)
	at org.apache.ratis.thirdparty.io.grpc.internal.ContextRunnable.run(ContextRunnable.java:37)
	at org.apache.ratis.thirdparty.io.grpc.internal.SerializingExecutor.run(SerializingExecutor.java:133)
	at java.base/java.util.concurrent.ThreadPoolExecutor.runWorker(ThreadPoolExecutor.java:1144)
	at java.base/java.util.concurrent.ThreadPoolExecutor$Worker.run(ThreadPoolExecutor.java:642)
	at java.base/java.lang.Thread.run(Thread.java:1583)
Caused by: java.io.IOException: org.apache.ratis.thirdparty.io.grpc.StatusRuntimeException: UNAVAILABLE: io exception
	at org.apache.ratis.grpc.GrpcUtil.unwrapException(GrpcUtil.java:99)
	at org.apache.ratis.grpc.GrpcUtil.unwrapIOException(GrpcUtil.java:159)
	at org.apache.ratis.grpc.client.GrpcClientProtocolClient$AsyncStreamObservers$1.onError(GrpcClientProtocolClient.java:333)
	... 13 more
Caused by: org.apache.ratis.thirdparty.io.grpc.StatusRuntimeException: UNAVAILABLE: io exception
	at org.apache.ratis.thirdparty.io.grpc.Status.asRuntimeException(Status.java:532)
	... 13 more
Caused by: org.apache.ratis.thirdparty.io.netty.channel.AbstractChannel$AnnotatedConnectException: finishConnect(..) failed: Connection refused: /127.0.0.1:15045
Caused by: java.net.ConnectException: finishConnect(..) failed: Connection refused
	at org.apache.ratis.thirdparty.io.netty.channel.unix.Errors.newConnectException0(Errors.java:166)
	at org.apache.ratis.thirdparty.io.netty.channel.unix.Errors.handleConnectErrno(Errors.java:131)
	at org.apache.ratis.thirdparty.io.netty.channel.unix.Socket.finishConnect(Socket.java:359)
	at org.apache.ratis.thirdparty.io.netty.channel.epoll.AbstractEpollChannel$AbstractEpollUnsafe.doFinishConnect(AbstractEpollChannel.java:715)
	at org.apache.ratis.thirdparty.io.netty.channel.epoll.AbstractEpollChannel$AbstractEpollUnsafe.finishConnect(AbstractEpollChannel.java:692)
	at org.apache.ratis.thirdparty.io.netty.channel.epoll.AbstractEpollChannel$AbstractEpollUnsafe.epollOutReady(AbstractEpollChannel.java:567)
	at org.apache.ratis.thirdparty.io.netty.channel.epoll.EpollEventLoop.processReady(EpollEventLoop.java:491)
	at org.apache.ratis.thirdparty.io.netty.channel.epoll.EpollEventLoop.run(EpollEventLoop.java:399)
	at org.apache.ratis.thirdparty.io.netty.util.concurrent.SingleThreadEventExecutor$4.run(SingleThreadEventExecutor.java:998)
	at org.apache.ratis.thirdparty.io.netty.util.internal.ThreadExecutorMap$2.run(ThreadExecutorMap.java:74)
	at org.apache.ratis.thirdparty.io.netty.util.concurrent.FastThreadLocalRunnable.run(FastThreadLocalRunnable.java:30)
	at java.base/java.lang.Thread.run(Thread.java:1583)
2025-09-07 09:46:15,933 [grpc-default-executor-6] ERROR impl.OrderedAsync (OrderedAsync.java:lambda$send$4(181)) - Failed to send request, message=cmdType: WriteChunk
traceID: ""
containerID: 7
datanodeUuid: "90a60b70-6b91-4fb2-a612-7ac0b6911dfc"
writeChunk {
  blockID {
    containerID: 7
    localID: 115816896921600007
    blockCommitSequenceId: 4
    replicaIndex: 0
  }
  chunkData {
    chunkName: "115816896921600007_chunk_3"
    offset: 2097152
    len: 524288
    checksumData {
      type: CRC32
      bytesPerChecksum: 16384
      checksums: "\326\360U\321"
      checksums: "\326\360U\321"
      checksums: "\326\360U\321"
      checksums: "\326\360U\321"
      checksums: "\326\360U\321"
      checksums: "\326\360U\321"
      checksums: "\326\360U\321"
      checksums: "\326\360U\321"
      checksums: "\326\360U\321"
      checksums: "\326\360U\321"
      checksums: "\326\360U\321"
      checksums: "\326\360U\321"
      checksums: "\326\360U\321"
      checksums: "\326\360U\321"
      checksums: "\326\360U\321"
      checksums: "\326\360U\321"
      checksums: "\326\360U\321"
      checksums: "\326\360U\321"
      checksums: "\326\360U\321"
      checksums: "\326\360U\321"
      checksums: "\326\360U\321"
      checksums: "\326\360U\321"
      checksums: "\326\360U\321"
      checksums: "\326\360U\321"
      checksums: "\326\360U\321"
      checksums: "\326\360U\321"
      checksums: "\326\360U\321"
      checksums: "\326\360U\321"
      checksums: "\326\360U\321"
      checksums: "\326\360U\321"
      checksums: "\326\360U\321"
      checksums: "a\003G\263"
    }
  }
}
version: 3
, data.size=524288
java.util.concurrent.CompletionException: org.apache.ratis.protocol.exceptions.RaftRetryFailureException: Failed RaftClientRequest:client-DE39E7586232->90a60b70-6b91-4fb2-a612-7ac0b6911dfc@group-09A5C1734F32, cid=55, seq=6*, RW, cmdType: WriteChunk
traceID: ""
containerID: 7
datanodeUuid: "90a60b70-6b91-4fb2-a612-7ac0b6911dfc"
writeChunk {
  blockID {
    containerID: 7
    localID: 115816896921600007
    blockCommitSequenceId: 4
    replicaIndex: 0
  }
  chunkData {
    chunkName: "115816896921600007_chunk_3"
    offset: 2097152
    len: 524288
    checksumData {
      type: CRC32
      bytesPerChecksum: 16384
      checksums: "\326\360U\321"
      checksums: "\326\360U\321"
      checksums: "\326\360U\321"
      checksums: "\326\360U\321"
      checksums: "\326\360U\321"
      checksums: "\326\360U\321"
      checksums: "\326\360U\321"
      checksums: "\326\360U\321"
      checksums: "\326\360U\321"
      checksums: "\326\360U\321"
      checksums: "\326\360U\321"
      checksums: "\326\360U\321"
      checksums: "\326\360U\321"
      checksums: "\326\360U\321"
      checksums: "\326\360U\321"
      checksums: "\326\360U\321"
      checksums: "\326\360U\321"
      checksums: "\326\360U\321"
      checksums: "\326\360U\321"
      checksums: "\326\360U\321"
      checksums: "\326\360U\321"
      checksums: "\326\360U\321"
      checksums: "\326\360U\321"
      checksums: "\326\360U\321"
      checksums: "\326\360U\321"
      checksums: "\326\360U\321"
      checksums: "\326\360U\321"
      checksums: "\326\360U\321"
      checksums: "\326\360U\321"
      checksums: "\326\360U\321"
      checksums: "\326\360U\321"
      checksums: "a\003G\263"
    }
  }
}
version: 3
, data.size=524288 for 7 attempts with RequestTypeDependentRetryPolicy{WRITE->ExceptionDependentRetry(maxAttempts=2147483647; defaultPolicy=MultipleLinearRandomRetry[5x5s, 5x10s, 5x15s, 5x20s, 5x25s, 10x60s]; map={org.apache.ratis.protocol.exceptions.GroupMismatchException->NoRetry, org.apache.ratis.protocol.exceptions.NotReplicatedException->NoRetry, org.apache.ratis.protocol.exceptions.ResourceUnavailableException->org.apache.ratis.retry.ExponentialBackoffRetry@2339c287, org.apache.ratis.protocol.exceptions.StateMachineException->NoRetry, org.apache.ratis.protocol.exceptions.TimeoutIOException->org.apache.ratis.retry.ExponentialBackoffRetry@2339c287}), WATCH->ExceptionDependentRetry(maxAttempts=2147483647; defaultPolicy=MultipleLinearRandomRetry[5x5s, 5x10s, 5x15s, 5x20s, 5x25s, 10x60s]; map={org.apache.ratis.protocol.exceptions.GroupMismatchException->NoRetry, org.apache.ratis.protocol.exceptions.NotReplicatedException->NoRetry, org.apache.ratis.protocol.exceptions.ResourceUnavailableException->org.apache.ratis.retry.ExponentialBackoffRetry@2339c287, org.apache.ratis.protocol.exceptions.StateMachineException->NoRetry, org.apache.ratis.protocol.exceptions.TimeoutIOException->NoRetry})}
	at java.base/java.util.concurrent.CompletableFuture.encodeThrowable(CompletableFuture.java:332)
	at java.base/java.util.concurrent.CompletableFuture.completeThrowable(CompletableFuture.java:347)
	at java.base/java.util.concurrent.CompletableFuture$UniApply.tryFire(CompletableFuture.java:636)
	at java.base/java.util.concurrent.CompletableFuture.postComplete(CompletableFuture.java:510)
	at java.base/java.util.concurrent.CompletableFuture.completeExceptionally(CompletableFuture.java:2194)
	at org.apache.ratis.client.impl.OrderedAsync$PendingOrderedRequest.fail(OrderedAsync.java:111)
	at org.apache.ratis.util.SlidingWindow$Client.fail(SlidingWindow.java:395)
	at org.apache.ratis.client.impl.OrderedAsync.failAllAsyncRequests(OrderedAsync.java:155)
	at org.apache.ratis.client.impl.OrderedAsync.handleException(OrderedAsync.java:239)
	at org.apache.ratis.client.impl.OrderedAsync.lambda$sendRequestWithRetry$7(OrderedAsync.java:217)
	at java.base/java.util.concurrent.CompletableFuture.uniExceptionally(CompletableFuture.java:990)
	at java.base/java.util.concurrent.CompletableFuture$UniExceptionally.tryFire(CompletableFuture.java:974)
	at java.base/java.util.concurrent.CompletableFuture.postComplete(CompletableFuture.java:510)
	at java.base/java.util.concurrent.CompletableFuture.completeExceptionally(CompletableFuture.java:2194)
	at org.apache.ratis.grpc.client.GrpcClientProtocolClient$AsyncStreamObservers.completeReplyExceptionally(GrpcClientProtocolClient.java:397)
	at org.apache.ratis.grpc.client.GrpcClientProtocolClient$AsyncStreamObservers.access$000(GrpcClientProtocolClient.java:303)
	at org.apache.ratis.grpc.client.GrpcClientProtocolClient$AsyncStreamObservers$1.onError(GrpcClientProtocolClient.java:334)
	at org.apache.ratis.thirdparty.io.grpc.stub.ClientCalls$StreamObserverToCallListenerAdapter.onClose(ClientCalls.java:564)
	at org.apache.ratis.thirdparty.io.grpc.PartialForwardingClientCallListener.onClose(PartialForwardingClientCallListener.java:39)
	at org.apache.ratis.thirdparty.io.grpc.ForwardingClientCallListener.onClose(ForwardingClientCallListener.java:23)
	at org.apache.ratis.grpc.metrics.intercept.client.MetricClientCallListener.onClose(MetricClientCallListener.java:47)
	at org.apache.ratis.thirdparty.io.grpc.internal.ClientCallImpl.closeObserver(ClientCallImpl.java:565)
	at org.apache.ratis.thirdparty.io.grpc.internal.ClientCallImpl.access$100(ClientCallImpl.java:72)
	at org.apache.ratis.thirdparty.io.grpc.internal.ClientCallImpl$ClientStreamListenerImpl$1StreamClosed.runInternal(ClientCallImpl.java:733)
	at org.apache.ratis.thirdparty.io.grpc.internal.ClientCallImpl$ClientStreamListenerImpl$1StreamClosed.runInContext(ClientCallImpl.java:714)
	at org.apache.ratis.thirdparty.io.grpc.internal.ContextRunnable.run(ContextRunnable.java:37)
	at org.apache.ratis.thirdparty.io.grpc.internal.SerializingExecutor.run(SerializingExecutor.java:133)
	at java.base/java.util.concurrent.ThreadPoolExecutor.runWorker(ThreadPoolExecutor.java:1144)
	at java.base/java.util.concurrent.ThreadPoolExecutor$Worker.run(ThreadPoolExecutor.java:642)
	at java.base/java.lang.Thread.run(Thread.java:1583)
Caused by: org.apache.ratis.protocol.exceptions.RaftRetryFailureException: Failed RaftClientRequest:client-DE39E7586232->90a60b70-6b91-4fb2-a612-7ac0b6911dfc@group-09A5C1734F32, cid=55, seq=6*, RW, cmdType: WriteChunk
traceID: ""
containerID: 7
datanodeUuid: "90a60b70-6b91-4fb2-a612-7ac0b6911dfc"
writeChunk {
  blockID {
    containerID: 7
    localID: 115816896921600007
    blockCommitSequenceId: 4
    replicaIndex: 0
  }
  chunkData {
    chunkName: "115816896921600007_chunk_3"
    offset: 2097152
    len: 524288
    checksumData {
      type: CRC32
      bytesPerChecksum: 16384
      checksums: "\326\360U\321"
      checksums: "\326\360U\321"
      checksums: "\326\360U\321"
      checksums: "\326\360U\321"
      checksums: "\326\360U\321"
      checksums: "\326\360U\321"
      checksums: "\326\360U\321"
      checksums: "\326\360U\321"
      checksums: "\326\360U\321"
      checksums: "\326\360U\321"
      checksums: "\326\360U\321"
      checksums: "\326\360U\321"
      checksums: "\326\360U\321"
      checksums: "\326\360U\321"
      checksums: "\326\360U\321"
      checksums: "\326\360U\321"
      checksums: "\326\360U\321"
      checksums: "\326\360U\321"
      checksums: "\326\360U\321"
      checksums: "\326\360U\321"
      checksums: "\326\360U\321"
      checksums: "\326\360U\321"
      checksums: "\326\360U\321"
      checksums: "\326\360U\321"
      checksums: "\326\360U\321"
      checksums: "\326\360U\321"
      checksums: "\326\360U\321"
      checksums: "\326\360U\321"
      checksums: "\326\360U\321"
      checksums: "\326\360U\321"
      checksums: "\326\360U\321"
      checksums: "a\003G\263"
    }
  }
}
version: 3
, data.size=524288 for 7 attempts with RequestTypeDependentRetryPolicy{WRITE->ExceptionDependentRetry(maxAttempts=2147483647; defaultPolicy=MultipleLinearRandomRetry[5x5s, 5x10s, 5x15s, 5x20s, 5x25s, 10x60s]; map={org.apache.ratis.protocol.exceptions.GroupMismatchException->NoRetry, org.apache.ratis.protocol.exceptions.NotReplicatedException->NoRetry, org.apache.ratis.protocol.exceptions.ResourceUnavailableException->org.apache.ratis.retry.ExponentialBackoffRetry@2339c287, org.apache.ratis.protocol.exceptions.StateMachineException->NoRetry, org.apache.ratis.protocol.exceptions.TimeoutIOException->org.apache.ratis.retry.ExponentialBackoffRetry@2339c287}), WATCH->ExceptionDependentRetry(maxAttempts=2147483647; defaultPolicy=MultipleLinearRandomRetry[5x5s, 5x10s, 5x15s, 5x20s, 5x25s, 10x60s]; map={org.apache.ratis.protocol.exceptions.GroupMismatchException->NoRetry, org.apache.ratis.protocol.exceptions.NotReplicatedException->NoRetry, org.apache.ratis.protocol.exceptions.ResourceUnavailableException->org.apache.ratis.retry.ExponentialBackoffRetry@2339c287, org.apache.ratis.protocol.exceptions.StateMachineException->NoRetry, org.apache.ratis.protocol.exceptions.TimeoutIOException->NoRetry})}
	at org.apache.ratis.client.impl.RaftClientImpl.noMoreRetries(RaftClientImpl.java:352)
	... 22 more
Caused by: java.io.IOException: org.apache.ratis.thirdparty.io.grpc.StatusRuntimeException: UNAVAILABLE: io exception
	at org.apache.ratis.grpc.GrpcUtil.unwrapException(GrpcUtil.java:99)
	at org.apache.ratis.grpc.GrpcUtil.unwrapIOException(GrpcUtil.java:159)
	at org.apache.ratis.grpc.client.GrpcClientProtocolClient$AsyncStreamObservers$1.onError(GrpcClientProtocolClient.java:333)
	... 13 more
Caused by: org.apache.ratis.thirdparty.io.grpc.StatusRuntimeException: UNAVAILABLE: io exception
	at org.apache.ratis.thirdparty.io.grpc.Status.asRuntimeException(Status.java:532)
	... 13 more
Caused by: org.apache.ratis.thirdparty.io.netty.channel.AbstractChannel$AnnotatedConnectException: finishConnect(..) failed: Connection refused: /127.0.0.1:15045
Caused by: java.net.ConnectException: finishConnect(..) failed: Connection refused
	at org.apache.ratis.thirdparty.io.netty.channel.unix.Errors.newConnectException0(Errors.java:166)
	at org.apache.ratis.thirdparty.io.netty.channel.unix.Errors.handleConnectErrno(Errors.java:131)
	at org.apache.ratis.thirdparty.io.netty.channel.unix.Socket.finishConnect(Socket.java:359)
	at org.apache.ratis.thirdparty.io.netty.channel.epoll.AbstractEpollChannel$AbstractEpollUnsafe.doFinishConnect(AbstractEpollChannel.java:715)
	at org.apache.ratis.thirdparty.io.netty.channel.epoll.AbstractEpollChannel$AbstractEpollUnsafe.finishConnect(AbstractEpollChannel.java:692)
	at org.apache.ratis.thirdparty.io.netty.channel.epoll.AbstractEpollChannel$AbstractEpollUnsafe.epollOutReady(AbstractEpollChannel.java:567)
	at org.apache.ratis.thirdparty.io.netty.channel.epoll.EpollEventLoop.processReady(EpollEventLoop.java:491)
	at org.apache.ratis.thirdparty.io.netty.channel.epoll.EpollEventLoop.run(EpollEventLoop.java:399)
	at org.apache.ratis.thirdparty.io.netty.util.concurrent.SingleThreadEventExecutor$4.run(SingleThreadEventExecutor.java:998)
	at org.apache.ratis.thirdparty.io.netty.util.internal.ThreadExecutorMap$2.run(ThreadExecutorMap.java:74)
	at org.apache.ratis.thirdparty.io.netty.util.concurrent.FastThreadLocalRunnable.run(FastThreadLocalRunnable.java:30)
	at java.base/java.lang.Thread.run(Thread.java:1583)
2025-09-07 09:46:15,935 [grpc-default-executor-6] ERROR impl.OrderedAsync (OrderedAsync.java:lambda$send$4(179)) - Failed to send request, message=cmdType: PutBlock
traceID: ""
containerID: 7
datanodeUuid: "90a60b70-6b91-4fb2-a612-7ac0b6911dfc"
putBlock {
  blockData {
    blockID {
      containerID: 7
      localID: 115816896921600007
      blockCommitSequenceId: 0
    }
    metadata {
      key: "TYPE"
      value: "KEY"
    }
    chunks {
      chunkName: "115816896921600007_chunk_1"
      offset: 0
      len: 1048576
      checksumData {
        type: CRC32
        bytesPerChecksum: 16384
        checksums: "\326\360U\321"
        checksums: "\326\360U\321"
        checksums: "\326\360U\321"
        checksums: "\326\360U\321"
        checksums: "\326\360U\321"
        checksums: "\326\360U\321"
        checksums: "\326\360U\321"
        checksums: "\326\360U\321"
        checksums: "\326\360U\321"
        checksums: "\326\360U\321"
        checksums: "\326\360U\321"
        checksums: "\326\360U\321"
        checksums: "\326\360U\321"
        checksums: "\326\360U\321"
        checksums: "\326\360U\321"
        checksums: "\326\360U\321"
        checksums: "\326\360U\321"
        checksums: "\326\360U\321"
        checksums: "\326\360U\321"
        checksums: "\326\360U\321"
        checksums: "\326\360U\321"
        checksums: "\326\360U\321"
        checksums: "\326\360U\321"
        checksums: "\326\360U\321"
        checksums: "\326\360U\321"
        checksums: "\326\360U\321"
        checksums: "\326\360U\321"
        checksums: "\326\360U\321"
        checksums: "\326\360U\321"
        checksums: "\326\360U\321"
        checksums: "\326\360U\321"
        checksums: "\326\360U\321"
        checksums: "\326\360U\321"
        checksums: "\326\360U\321"
        checksums: "\326\360U\321"
        checksums: "\326\360U\321"
        checksums: "\326\360U\321"
        checksums: "\326\360U\321"
        checksums: "\326\360U\321"
        checksums: "\326\360U\321"
        checksums: "\326\360U\321"
        checksums: "\326\360U\321"
        checksums: "\326\360U\321"
        checksums: "\326\360U\321"
        checksums: "\326\360U\321"
        checksums: "\326\360U\321"
        checksums: "\326\360U\321"
        checksums: "\326\360U\321"
        checksums: "\326\360U\321"
        checksums: "\326\360U\321"
        checksums: "\326\360U\321"
        checksums: "\326\360U\321"
        checksums: "\326\360U\321"
        checksums: "\326\360U\321"
        checksums: "\326\360U\321"
        checksums: "\326\360U\321"
        checksums: "\326\360U\321"
        checksums: "\326\360U\321"
        checksums: "\326\360U\321"
        checksums: "\326\360U\321"
        checksums: "\326\360U\321"
        checksums: "\326\360U\321"
        checksums: "\326\360U\321"
        checksums: "\326\360U\321"
      }
    }
    chunks {
      chunkName: "115816896921600007_chunk_2"
      offset: 1048576
      len: 1048576
      checksumData {
        type: CRC32
        bytesPerChecksum: 16384
        checksums: "\326\360U\321"
        checksums: "\326\360U\321"
        checksums: "\326\360U\321"
        checksums: "\326\360U\321"
        checksums: "\326\360U\321"
        checksums: "\326\360U\321"
        checksums: "\326\360U\321"
        checksums: "\326\360U\321"
        checksums: "\326\360U\321"
        checksums: "\326\360U\321"
        checksums: "\326\360U\321"
        checksums: "\326\360U\321"
        checksums: "\326\360U\321"
        checksums: "\326\360U\321"
        checksums: "\326\360U\321"
        checksums: "\326\360U\321"
        checksums: "\326\360U\321"
        checksums: "\326\360U\321"
        checksums: "\326\360U\321"
        checksums: "\326\360U\321"
        checksums: "\326\360U\321"
        checksums: "\326\360U\321"
        checksums: "\326\360U\321"
        checksums: "\326\360U\321"
        checksums: "\326\360U\321"
        checksums: "\326\360U\321"
        checksums: "\326\360U\321"
        checksums: "\326\360U\321"
        checksums: "\326\360U\321"
        checksums: "\326\360U\321"
        checksums: "\326\360U\321"
        checksums: "\326\360U\321"
        checksums: "\326\360U\321"
        checksums: "\326\360U\321"
        checksums: "\326\360U\321"
        checksums: "\326\360U\321"
        checksums: "\326\360U\321"
        checksums: "\326\360U\321"
        checksums: "\326\360U\321"
        checksums: "\326\360U\321"
        checksums: "\326\360U\321"
        checksums: "\326\360U\321"
        checksums: "\326\360U\321"
        checksums: "\326\360U\321"
        checksums: "\326\360U\321"
        checksums: "\326\360U\321"
        checksums: "\326\360U\321"
        checksums: "\326\360U\321"
        checksums: "\326\360U\321"
        checksums: "\326\360U\321"
        checksums: "\326\360U\321"
        checksums: "\326\360U\321"
        checksums: "\326\360U\321"
        checksums: "\326\360U\321"
        checksums: "\326\360U\321"
        checksums: "\326\360U\321"
        checksums: "\326\360U\321"
        checksums: "\326\360U\321"
        checksums: "\326\360U\321"
        checksums: "\326\360U\321"
        checksums: "\326\360U\321"
        checksums: "\326\360U\321"
        checksums: "\326\360U\321"
        checksums: "\326\360U\321"
      }
    }
    chunks {
      chunkName: "115816896921600007_chunk_3"
      offset: 2097152
      len: 524288
      checksumData {
        type: CRC32
        bytesPerChecksum: 16384
        checksums: "\326\360U\321"
        checksums: "\326\360U\321"
        checksums: "\326\360U\321"
        checksums: "\326\360U\321"
        checksums: "\326\360U\321"
        checksums: "\326\360U\321"
        checksums: "\326\360U\321"
        checksums: "\326\360U\321"
        checksums: "\326\360U\321"
        checksums: "\326\360U\321"
        checksums: "\326\360U\321"
        checksums: "\326\360U\321"
        checksums: "\326\360U\321"
        checksums: "\326\360U\321"
        checksums: "\326\360U\321"
        checksums: "\326\360U\321"
        checksums: "\326\360U\321"
        checksums: "\326\360U\321"
        checksums: "\326\360U\321"
        checksums: "\326\360U\321"
        checksums: "\326\360U\321"
        checksums: "\326\360U\321"
        checksums: "\326\360U\321"
        checksums: "\326\360U\321"
        checksums: "\326\360U\321"
        checksums: "\326\360U\321"
        checksums: "\326\360U\321"
        checksums: "\326\360U\321"
        checksums: "\326\360U\321"
        checksums: "\326\360U\321"
        checksums: "\326\360U\321"
        checksums: "a\003G\263"
      }
    }
  }
  eof: true
}
version: 3
, data.size=0 due to java.util.concurrent.CompletionException: org.apache.ratis.protocol.exceptions.AlreadyClosedException: SlidingWindow$Client:client-DE39E7586232->RAFT is closed.
2025-09-07 09:46:15,935 [ForkJoinPool-1-worker-1] WARN  io.KeyOutputStream (KeyOutputStream.java:handleExceptionInternal(377)) - Encountered exception java.io.IOException: Unexpected Storage Container Exception: java.util.concurrent.CompletionException: Failed to write chunk 115816896921600007_chunk_3 into block conID: 7 locID: 115816896921600007 bcsId: 4 replicaIndex: null on the pipeline Pipeline{ Id: de1a2be5-feda-49eb-9ee6-09a5c1734f32, Nodes: [ {90a60b70-6b91-4fb2-a612-7ac0b6911dfc(localhost/127.0.0.1), ReplicaIndex: 0}, {7c7182dc-ac7f-44a8-b1d4-5d10f99cbcf2(localhost/127.0.0.1), ReplicaIndex: 0}, {e6e13cb3-e32b-4d2d-874a-1e4700c67398(localhost/127.0.0.1), ReplicaIndex: 0},], ReplicationConfig: RATIS/THREE, State:OPEN, leaderId:7c7182dc-ac7f-44a8-b1d4-5d10f99cbcf2, CreationTimestamp2025-09-07T09:44:03.099Z[Etc/UTC]}. The last committed block length is 2097152, uncommitted data length is 524288 retry count 0
2025-09-07 09:46:15,953 [grpc-default-executor-2] ERROR impl.OrderedAsync (OrderedAsync.java:lambda$null$6(215)) -  client-31430F4BE28C: Failed* RaftClientRequest:client-31430F4BE28C->e6e13cb3-e32b-4d2d-874a-1e4700c67398@group-9E511D2458D0, cid=57, seq=1*, Watch(0), null
java.util.concurrent.CompletionException: org.apache.ratis.protocol.exceptions.NotLeaderException: Server e6e13cb3-e32b-4d2d-874a-1e4700c67398@group-9E511D2458D0 is not the leader
	at java.base/java.util.concurrent.CompletableFuture.encodeThrowable(CompletableFuture.java:332)
	at java.base/java.util.concurrent.CompletableFuture.completeThrowable(CompletableFuture.java:347)
	at java.base/java.util.concurrent.CompletableFuture$UniAccept.tryFire(CompletableFuture.java:708)
	at java.base/java.util.concurrent.CompletableFuture.postComplete(CompletableFuture.java:510)
	at java.base/java.util.concurrent.CompletableFuture.completeExceptionally(CompletableFuture.java:2194)
	at org.apache.ratis.grpc.client.GrpcClientProtocolClient$AsyncStreamObservers.completeReplyExceptionally(GrpcClientProtocolClient.java:397)
	at org.apache.ratis.grpc.client.GrpcClientProtocolClient$AsyncStreamObservers.access$000(GrpcClientProtocolClient.java:303)
	at org.apache.ratis.grpc.client.GrpcClientProtocolClient$AsyncStreamObservers$1.onNext(GrpcClientProtocolClient.java:317)
	at org.apache.ratis.grpc.client.GrpcClientProtocolClient$AsyncStreamObservers$1.onNext(GrpcClientProtocolClient.java:308)
	at org.apache.ratis.thirdparty.io.grpc.stub.ClientCalls$StreamObserverToCallListenerAdapter.onMessage(ClientCalls.java:551)
	at org.apache.ratis.thirdparty.io.grpc.ForwardingClientCallListener.onMessage(ForwardingClientCallListener.java:33)
	at org.apache.ratis.thirdparty.io.grpc.internal.ClientCallImpl$ClientStreamListenerImpl$1MessagesAvailable.runInternal(ClientCallImpl.java:661)
	at org.apache.ratis.thirdparty.io.grpc.internal.ClientCallImpl$ClientStreamListenerImpl$1MessagesAvailable.runInContext(ClientCallImpl.java:648)
	at org.apache.ratis.thirdparty.io.grpc.internal.ContextRunnable.run(ContextRunnable.java:37)
	at org.apache.ratis.thirdparty.io.grpc.internal.SerializingExecutor.run(SerializingExecutor.java:133)
	at java.base/java.util.concurrent.ThreadPoolExecutor.runWorker(ThreadPoolExecutor.java:1144)
	at java.base/java.util.concurrent.ThreadPoolExecutor$Worker.run(ThreadPoolExecutor.java:642)
	at java.base/java.lang.Thread.run(Thread.java:1583)
Caused by: org.apache.ratis.protocol.exceptions.NotLeaderException: Server e6e13cb3-e32b-4d2d-874a-1e4700c67398@group-9E511D2458D0 is not the leader
	at org.apache.ratis.client.impl.ClientProtoUtils.toRaftClientReply(ClientProtoUtils.java:402)
	at org.apache.ratis.grpc.client.GrpcClientProtocolClient$AsyncStreamObservers$1.onNext(GrpcClientProtocolClient.java:313)
	... 10 more
2025-09-07 09:46:16,130 [e6e13cb3-e32b-4d2d-874a-1e4700c67398@group-9E511D2458D0-FollowerState] INFO  impl.FollowerState (FollowerState.java:runImpl(161)) - e6e13cb3-e32b-4d2d-874a-1e4700c67398@group-9E511D2458D0-FollowerState: change to CANDIDATE, lastRpcElapsedTime:1042293167ns, electionTimeout:1042ms
2025-09-07 09:46:16,130 [e6e13cb3-e32b-4d2d-874a-1e4700c67398@group-9E511D2458D0-FollowerState] INFO  impl.RoleInfo (RoleInfo.java:shutdownFollowerState(121)) - e6e13cb3-e32b-4d2d-874a-1e4700c67398: shutdown e6e13cb3-e32b-4d2d-874a-1e4700c67398@group-9E511D2458D0-FollowerState
2025-09-07 09:46:16,130 [e6e13cb3-e32b-4d2d-874a-1e4700c67398@group-9E511D2458D0-FollowerState] INFO  server.RaftServer$Division (RaftServerImpl.java:setRole(392)) - e6e13cb3-e32b-4d2d-874a-1e4700c67398@group-9E511D2458D0: changes role from  FOLLOWER to CANDIDATE at term 1 for changeToCandidate
2025-09-07 09:46:16,130 [e6e13cb3-e32b-4d2d-874a-1e4700c67398@group-9E511D2458D0-FollowerState] INFO  impl.RoleInfo (RoleInfo.java:updateAndGet(148)) - e6e13cb3-e32b-4d2d-874a-1e4700c67398: start e6e13cb3-e32b-4d2d-874a-1e4700c67398@group-9E511D2458D0-LeaderElection201
2025-09-07 09:46:16,131 [e6e13cb3-e32b-4d2d-874a-1e4700c67398@group-9E511D2458D0-LeaderElection201] INFO  impl.LeaderElection (LeaderElection.java:askForVotes(448)) - e6e13cb3-e32b-4d2d-874a-1e4700c67398@group-9E511D2458D0-LeaderElection201 PRE_VOTE round 0: submit vote requests at term 1 for conf: {index: 0, cur=peers:[90a60b70-6b91-4fb2-a612-7ac0b6911dfc|127.0.0.1:15047, e6e13cb3-e32b-4d2d-874a-1e4700c67398|127.0.0.1:15055, 7c7182dc-ac7f-44a8-b1d4-5d10f99cbcf2|127.0.0.1:15039]|listeners:[], old=null}
2025-09-07 09:46:16,131 [e6e13cb3-e32b-4d2d-874a-1e4700c67398@group-9E511D2458D0-LeaderElection201] INFO  impl.LeaderElection (LogUtils.java:infoOrTrace(142)) - e6e13cb3-e32b-4d2d-874a-1e4700c67398@group-9E511D2458D0-LeaderElection201 got exception when requesting votes: java.util.concurrent.ExecutionException: org.apache.ratis.thirdparty.io.grpc.StatusRuntimeException: UNAVAILABLE: io exception
2025-09-07 09:46:16,131 [e6e13cb3-e32b-4d2d-874a-1e4700c67398@group-9E511D2458D0-LeaderElection201] INFO  impl.LeaderElection (LogUtils.java:infoOrTrace(142)) - e6e13cb3-e32b-4d2d-874a-1e4700c67398@group-9E511D2458D0-LeaderElection201 got exception when requesting votes: java.util.concurrent.ExecutionException: org.apache.ratis.thirdparty.io.grpc.StatusRuntimeException: UNAVAILABLE: io exception
2025-09-07 09:46:16,131 [e6e13cb3-e32b-4d2d-874a-1e4700c67398@group-9E511D2458D0-LeaderElection201] INFO  impl.LeaderElection (LeaderElection.java:logAndReturn(206)) - e6e13cb3-e32b-4d2d-874a-1e4700c67398@group-9E511D2458D0-LeaderElection201: PRE_VOTE REJECTED received 0 response(s) and 2 exception(s):
2025-09-07 09:46:16,131 [e6e13cb3-e32b-4d2d-874a-1e4700c67398@group-9E511D2458D0-LeaderElection201] INFO  impl.LeaderElection (LogUtils.java:infoOrTrace(142)) -   Exception 0: java.util.concurrent.ExecutionException: org.apache.ratis.thirdparty.io.grpc.StatusRuntimeException: UNAVAILABLE: io exception
2025-09-07 09:46:16,131 [e6e13cb3-e32b-4d2d-874a-1e4700c67398@group-9E511D2458D0-LeaderElection201] INFO  impl.LeaderElection (LogUtils.java:infoOrTrace(142)) -   Exception 1: java.util.concurrent.ExecutionException: org.apache.ratis.thirdparty.io.grpc.StatusRuntimeException: UNAVAILABLE: io exception
2025-09-07 09:46:16,132 [e6e13cb3-e32b-4d2d-874a-1e4700c67398@group-9E511D2458D0-LeaderElection201] INFO  impl.LeaderElection (LeaderElection.java:askForVotes(450)) - e6e13cb3-e32b-4d2d-874a-1e4700c67398@group-9E511D2458D0-LeaderElection201 PRE_VOTE round 0: result REJECTED
2025-09-07 09:46:16,132 [e6e13cb3-e32b-4d2d-874a-1e4700c67398@group-9E511D2458D0-LeaderElection201] INFO  server.RaftServer$Division (RaftServerImpl.java:setRole(392)) - e6e13cb3-e32b-4d2d-874a-1e4700c67398@group-9E511D2458D0: changes role from CANDIDATE to FOLLOWER at term 1 for REJECTED
2025-09-07 09:46:16,132 [e6e13cb3-e32b-4d2d-874a-1e4700c67398@group-9E511D2458D0-LeaderElection201] INFO  impl.RoleInfo (RoleInfo.java:shutdownLeaderElection(141)) - e6e13cb3-e32b-4d2d-874a-1e4700c67398: shutdown e6e13cb3-e32b-4d2d-874a-1e4700c67398@group-9E511D2458D0-LeaderElection201
2025-09-07 09:46:16,132 [e6e13cb3-e32b-4d2d-874a-1e4700c67398@group-9E511D2458D0-LeaderElection201] INFO  impl.RoleInfo (RoleInfo.java:updateAndGet(148)) - e6e13cb3-e32b-4d2d-874a-1e4700c67398: start e6e13cb3-e32b-4d2d-874a-1e4700c67398@group-9E511D2458D0-FollowerState
2025-09-07 09:46:16,414 [e6e13cb3-e32b-4d2d-874a-1e4700c67398@group-09A5C1734F32-FollowerState] INFO  impl.FollowerState (FollowerState.java:runImpl(161)) - e6e13cb3-e32b-4d2d-874a-1e4700c67398@group-09A5C1734F32-FollowerState: change to CANDIDATE, lastRpcElapsedTime:1144262842ns, electionTimeout:1144ms
2025-09-07 09:46:16,414 [e6e13cb3-e32b-4d2d-874a-1e4700c67398@group-09A5C1734F32-FollowerState] INFO  impl.RoleInfo (RoleInfo.java:shutdownFollowerState(121)) - e6e13cb3-e32b-4d2d-874a-1e4700c67398: shutdown e6e13cb3-e32b-4d2d-874a-1e4700c67398@group-09A5C1734F32-FollowerState
2025-09-07 09:46:16,414 [e6e13cb3-e32b-4d2d-874a-1e4700c67398@group-09A5C1734F32-FollowerState] INFO  server.RaftServer$Division (RaftServerImpl.java:setRole(392)) - e6e13cb3-e32b-4d2d-874a-1e4700c67398@group-09A5C1734F32: changes role from  FOLLOWER to CANDIDATE at term 1 for changeToCandidate
2025-09-07 09:46:16,414 [e6e13cb3-e32b-4d2d-874a-1e4700c67398@group-09A5C1734F32-FollowerState] INFO  impl.RoleInfo (RoleInfo.java:updateAndGet(148)) - e6e13cb3-e32b-4d2d-874a-1e4700c67398: start e6e13cb3-e32b-4d2d-874a-1e4700c67398@group-09A5C1734F32-LeaderElection202
2025-09-07 09:46:16,415 [e6e13cb3-e32b-4d2d-874a-1e4700c67398@group-09A5C1734F32-LeaderElection202] INFO  impl.LeaderElection (LeaderElection.java:askForVotes(448)) - e6e13cb3-e32b-4d2d-874a-1e4700c67398@group-09A5C1734F32-LeaderElection202 PRE_VOTE round 0: submit vote requests at term 1 for conf: {index: 0, cur=peers:[90a60b70-6b91-4fb2-a612-7ac0b6911dfc|127.0.0.1:15047, e6e13cb3-e32b-4d2d-874a-1e4700c67398|127.0.0.1:15055, 7c7182dc-ac7f-44a8-b1d4-5d10f99cbcf2|127.0.0.1:15039]|listeners:[], old=null}
2025-09-07 09:46:16,415 [e6e13cb3-e32b-4d2d-874a-1e4700c67398@group-09A5C1734F32-LeaderElection202] INFO  impl.LeaderElection (LogUtils.java:infoOrTrace(142)) - e6e13cb3-e32b-4d2d-874a-1e4700c67398@group-09A5C1734F32-LeaderElection202 got exception when requesting votes: java.util.concurrent.ExecutionException: org.apache.ratis.thirdparty.io.grpc.StatusRuntimeException: UNAVAILABLE: io exception
2025-09-07 09:46:16,415 [e6e13cb3-e32b-4d2d-874a-1e4700c67398@group-09A5C1734F32-LeaderElection202] INFO  impl.LeaderElection (LogUtils.java:infoOrTrace(142)) - e6e13cb3-e32b-4d2d-874a-1e4700c67398@group-09A5C1734F32-LeaderElection202 got exception when requesting votes: java.util.concurrent.ExecutionException: org.apache.ratis.thirdparty.io.grpc.StatusRuntimeException: UNAVAILABLE: io exception
2025-09-07 09:46:16,415 [e6e13cb3-e32b-4d2d-874a-1e4700c67398@group-09A5C1734F32-LeaderElection202] INFO  impl.LeaderElection (LeaderElection.java:logAndReturn(206)) - e6e13cb3-e32b-4d2d-874a-1e4700c67398@group-09A5C1734F32-LeaderElection202: PRE_VOTE REJECTED received 0 response(s) and 2 exception(s):
2025-09-07 09:46:16,415 [e6e13cb3-e32b-4d2d-874a-1e4700c67398@group-09A5C1734F32-LeaderElection202] INFO  impl.LeaderElection (LogUtils.java:infoOrTrace(142)) -   Exception 0: java.util.concurrent.ExecutionException: org.apache.ratis.thirdparty.io.grpc.StatusRuntimeException: UNAVAILABLE: io exception
2025-09-07 09:46:16,415 [e6e13cb3-e32b-4d2d-874a-1e4700c67398@group-09A5C1734F32-LeaderElection202] INFO  impl.LeaderElection (LogUtils.java:infoOrTrace(142)) -   Exception 1: java.util.concurrent.ExecutionException: org.apache.ratis.thirdparty.io.grpc.StatusRuntimeException: UNAVAILABLE: io exception
2025-09-07 09:46:16,415 [e6e13cb3-e32b-4d2d-874a-1e4700c67398@group-09A5C1734F32-LeaderElection202] INFO  impl.LeaderElection (LeaderElection.java:askForVotes(450)) - e6e13cb3-e32b-4d2d-874a-1e4700c67398@group-09A5C1734F32-LeaderElection202 PRE_VOTE round 0: result REJECTED
2025-09-07 09:46:16,415 [e6e13cb3-e32b-4d2d-874a-1e4700c67398@group-09A5C1734F32-LeaderElection202] INFO  server.RaftServer$Division (RaftServerImpl.java:setRole(392)) - e6e13cb3-e32b-4d2d-874a-1e4700c67398@group-09A5C1734F32: changes role from CANDIDATE to FOLLOWER at term 1 for REJECTED
2025-09-07 09:46:16,416 [e6e13cb3-e32b-4d2d-874a-1e4700c67398@group-09A5C1734F32-LeaderElection202] INFO  impl.RoleInfo (RoleInfo.java:shutdownLeaderElection(141)) - e6e13cb3-e32b-4d2d-874a-1e4700c67398: shutdown e6e13cb3-e32b-4d2d-874a-1e4700c67398@group-09A5C1734F32-LeaderElection202
2025-09-07 09:46:16,416 [e6e13cb3-e32b-4d2d-874a-1e4700c67398@group-09A5C1734F32-LeaderElection202] INFO  impl.RoleInfo (RoleInfo.java:updateAndGet(148)) - e6e13cb3-e32b-4d2d-874a-1e4700c67398: start e6e13cb3-e32b-4d2d-874a-1e4700c67398@group-09A5C1734F32-FollowerState
2025-09-07 09:46:17,172 [e6e13cb3-e32b-4d2d-874a-1e4700c67398@group-9E511D2458D0-FollowerState] INFO  impl.FollowerState (FollowerState.java:runImpl(161)) - e6e13cb3-e32b-4d2d-874a-1e4700c67398@group-9E511D2458D0-FollowerState: change to CANDIDATE, lastRpcElapsedTime:1040424084ns, electionTimeout:1040ms
2025-09-07 09:46:17,172 [e6e13cb3-e32b-4d2d-874a-1e4700c67398@group-9E511D2458D0-FollowerState] INFO  impl.RoleInfo (RoleInfo.java:shutdownFollowerState(121)) - e6e13cb3-e32b-4d2d-874a-1e4700c67398: shutdown e6e13cb3-e32b-4d2d-874a-1e4700c67398@group-9E511D2458D0-FollowerState
2025-09-07 09:46:17,173 [e6e13cb3-e32b-4d2d-874a-1e4700c67398@group-9E511D2458D0-FollowerState] INFO  server.RaftServer$Division (RaftServerImpl.java:setRole(392)) - e6e13cb3-e32b-4d2d-874a-1e4700c67398@group-9E511D2458D0: changes role from  FOLLOWER to CANDIDATE at term 1 for changeToCandidate
2025-09-07 09:46:17,173 [e6e13cb3-e32b-4d2d-874a-1e4700c67398@group-9E511D2458D0-FollowerState] INFO  impl.RoleInfo (RoleInfo.java:updateAndGet(148)) - e6e13cb3-e32b-4d2d-874a-1e4700c67398: start e6e13cb3-e32b-4d2d-874a-1e4700c67398@group-9E511D2458D0-LeaderElection203
2025-09-07 09:46:17,173 [e6e13cb3-e32b-4d2d-874a-1e4700c67398@group-9E511D2458D0-LeaderElection203] INFO  impl.LeaderElection (LeaderElection.java:askForVotes(448)) - e6e13cb3-e32b-4d2d-874a-1e4700c67398@group-9E511D2458D0-LeaderElection203 PRE_VOTE round 0: submit vote requests at term 1 for conf: {index: 0, cur=peers:[90a60b70-6b91-4fb2-a612-7ac0b6911dfc|127.0.0.1:15047, e6e13cb3-e32b-4d2d-874a-1e4700c67398|127.0.0.1:15055, 7c7182dc-ac7f-44a8-b1d4-5d10f99cbcf2|127.0.0.1:15039]|listeners:[], old=null}
2025-09-07 09:46:17,173 [e6e13cb3-e32b-4d2d-874a-1e4700c67398@group-9E511D2458D0-LeaderElection203] INFO  impl.LeaderElection (LogUtils.java:infoOrTrace(142)) - e6e13cb3-e32b-4d2d-874a-1e4700c67398@group-9E511D2458D0-LeaderElection203 got exception when requesting votes: java.util.concurrent.ExecutionException: org.apache.ratis.thirdparty.io.grpc.StatusRuntimeException: UNAVAILABLE: io exception
2025-09-07 09:46:17,174 [e6e13cb3-e32b-4d2d-874a-1e4700c67398@group-9E511D2458D0-LeaderElection203] INFO  impl.LeaderElection (LogUtils.java:infoOrTrace(142)) - e6e13cb3-e32b-4d2d-874a-1e4700c67398@group-9E511D2458D0-LeaderElection203 got exception when requesting votes: java.util.concurrent.ExecutionException: org.apache.ratis.thirdparty.io.grpc.StatusRuntimeException: UNAVAILABLE: io exception
2025-09-07 09:46:17,174 [e6e13cb3-e32b-4d2d-874a-1e4700c67398@group-9E511D2458D0-LeaderElection203] INFO  impl.LeaderElection (LeaderElection.java:logAndReturn(206)) - e6e13cb3-e32b-4d2d-874a-1e4700c67398@group-9E511D2458D0-LeaderElection203: PRE_VOTE REJECTED received 0 response(s) and 2 exception(s):
2025-09-07 09:46:17,174 [e6e13cb3-e32b-4d2d-874a-1e4700c67398@group-9E511D2458D0-LeaderElection203] INFO  impl.LeaderElection (LogUtils.java:infoOrTrace(142)) -   Exception 0: java.util.concurrent.ExecutionException: org.apache.ratis.thirdparty.io.grpc.StatusRuntimeException: UNAVAILABLE: io exception
2025-09-07 09:46:17,174 [e6e13cb3-e32b-4d2d-874a-1e4700c67398@group-9E511D2458D0-LeaderElection203] INFO  impl.LeaderElection (LogUtils.java:infoOrTrace(142)) -   Exception 1: java.util.concurrent.ExecutionException: org.apache.ratis.thirdparty.io.grpc.StatusRuntimeException: UNAVAILABLE: io exception
2025-09-07 09:46:17,174 [e6e13cb3-e32b-4d2d-874a-1e4700c67398@group-9E511D2458D0-LeaderElection203] INFO  impl.LeaderElection (LeaderElection.java:askForVotes(450)) - e6e13cb3-e32b-4d2d-874a-1e4700c67398@group-9E511D2458D0-LeaderElection203 PRE_VOTE round 0: result REJECTED
2025-09-07 09:46:17,174 [e6e13cb3-e32b-4d2d-874a-1e4700c67398@group-9E511D2458D0-LeaderElection203] INFO  server.RaftServer$Division (RaftServerImpl.java:setRole(392)) - e6e13cb3-e32b-4d2d-874a-1e4700c67398@group-9E511D2458D0: changes role from CANDIDATE to FOLLOWER at term 1 for REJECTED
2025-09-07 09:46:17,174 [e6e13cb3-e32b-4d2d-874a-1e4700c67398@group-9E511D2458D0-LeaderElection203] INFO  impl.RoleInfo (RoleInfo.java:shutdownLeaderElection(141)) - e6e13cb3-e32b-4d2d-874a-1e4700c67398: shutdown e6e13cb3-e32b-4d2d-874a-1e4700c67398@group-9E511D2458D0-LeaderElection203
2025-09-07 09:46:17,174 [e6e13cb3-e32b-4d2d-874a-1e4700c67398@group-9E511D2458D0-LeaderElection203] INFO  impl.RoleInfo (RoleInfo.java:updateAndGet(148)) - e6e13cb3-e32b-4d2d-874a-1e4700c67398: start e6e13cb3-e32b-4d2d-874a-1e4700c67398@group-9E511D2458D0-FollowerState
2025-09-07 09:46:17,459 [e6e13cb3-e32b-4d2d-874a-1e4700c67398@group-09A5C1734F32-FollowerState] INFO  impl.FollowerState (FollowerState.java:runImpl(161)) - e6e13cb3-e32b-4d2d-874a-1e4700c67398@group-09A5C1734F32-FollowerState: change to CANDIDATE, lastRpcElapsedTime:1043272317ns, electionTimeout:1043ms
2025-09-07 09:46:17,459 [e6e13cb3-e32b-4d2d-874a-1e4700c67398@group-09A5C1734F32-FollowerState] INFO  impl.RoleInfo (RoleInfo.java:shutdownFollowerState(121)) - e6e13cb3-e32b-4d2d-874a-1e4700c67398: shutdown e6e13cb3-e32b-4d2d-874a-1e4700c67398@group-09A5C1734F32-FollowerState
2025-09-07 09:46:17,459 [e6e13cb3-e32b-4d2d-874a-1e4700c67398@group-09A5C1734F32-FollowerState] INFO  server.RaftServer$Division (RaftServerImpl.java:setRole(392)) - e6e13cb3-e32b-4d2d-874a-1e4700c67398@group-09A5C1734F32: changes role from  FOLLOWER to CANDIDATE at term 1 for changeToCandidate
2025-09-07 09:46:17,459 [e6e13cb3-e32b-4d2d-874a-1e4700c67398@group-09A5C1734F32-FollowerState] INFO  impl.RoleInfo (RoleInfo.java:updateAndGet(148)) - e6e13cb3-e32b-4d2d-874a-1e4700c67398: start e6e13cb3-e32b-4d2d-874a-1e4700c67398@group-09A5C1734F32-LeaderElection204
2025-09-07 09:46:17,459 [e6e13cb3-e32b-4d2d-874a-1e4700c67398@group-09A5C1734F32-LeaderElection204] INFO  impl.LeaderElection (LeaderElection.java:askForVotes(448)) - e6e13cb3-e32b-4d2d-874a-1e4700c67398@group-09A5C1734F32-LeaderElection204 PRE_VOTE round 0: submit vote requests at term 1 for conf: {index: 0, cur=peers:[90a60b70-6b91-4fb2-a612-7ac0b6911dfc|127.0.0.1:15047, e6e13cb3-e32b-4d2d-874a-1e4700c67398|127.0.0.1:15055, 7c7182dc-ac7f-44a8-b1d4-5d10f99cbcf2|127.0.0.1:15039]|listeners:[], old=null}
2025-09-07 09:46:17,460 [e6e13cb3-e32b-4d2d-874a-1e4700c67398@group-09A5C1734F32-LeaderElection204] INFO  impl.LeaderElection (LogUtils.java:infoOrTrace(142)) - e6e13cb3-e32b-4d2d-874a-1e4700c67398@group-09A5C1734F32-LeaderElection204 got exception when requesting votes: java.util.concurrent.ExecutionException: org.apache.ratis.thirdparty.io.grpc.StatusRuntimeException: UNAVAILABLE: io exception
2025-09-07 09:46:17,460 [e6e13cb3-e32b-4d2d-874a-1e4700c67398@group-09A5C1734F32-LeaderElection204] INFO  impl.LeaderElection (LogUtils.java:infoOrTrace(142)) - e6e13cb3-e32b-4d2d-874a-1e4700c67398@group-09A5C1734F32-LeaderElection204 got exception when requesting votes: java.util.concurrent.ExecutionException: org.apache.ratis.thirdparty.io.grpc.StatusRuntimeException: UNAVAILABLE: io exception
2025-09-07 09:46:17,460 [e6e13cb3-e32b-4d2d-874a-1e4700c67398@group-09A5C1734F32-LeaderElection204] INFO  impl.LeaderElection (LeaderElection.java:logAndReturn(206)) - e6e13cb3-e32b-4d2d-874a-1e4700c67398@group-09A5C1734F32-LeaderElection204: PRE_VOTE REJECTED received 0 response(s) and 2 exception(s):
2025-09-07 09:46:17,460 [e6e13cb3-e32b-4d2d-874a-1e4700c67398@group-09A5C1734F32-LeaderElection204] INFO  impl.LeaderElection (LogUtils.java:infoOrTrace(142)) -   Exception 0: java.util.concurrent.ExecutionException: org.apache.ratis.thirdparty.io.grpc.StatusRuntimeException: UNAVAILABLE: io exception
2025-09-07 09:46:17,460 [e6e13cb3-e32b-4d2d-874a-1e4700c67398@group-09A5C1734F32-LeaderElection204] INFO  impl.LeaderElection (LogUtils.java:infoOrTrace(142)) -   Exception 1: java.util.concurrent.ExecutionException: org.apache.ratis.thirdparty.io.grpc.StatusRuntimeException: UNAVAILABLE: io exception
2025-09-07 09:46:17,460 [e6e13cb3-e32b-4d2d-874a-1e4700c67398@group-09A5C1734F32-LeaderElection204] INFO  impl.LeaderElection (LeaderElection.java:askForVotes(450)) - e6e13cb3-e32b-4d2d-874a-1e4700c67398@group-09A5C1734F32-LeaderElection204 PRE_VOTE round 0: result REJECTED
2025-09-07 09:46:17,460 [e6e13cb3-e32b-4d2d-874a-1e4700c67398@group-09A5C1734F32-LeaderElection204] INFO  server.RaftServer$Division (RaftServerImpl.java:setRole(392)) - e6e13cb3-e32b-4d2d-874a-1e4700c67398@group-09A5C1734F32: changes role from CANDIDATE to FOLLOWER at term 1 for REJECTED
2025-09-07 09:46:17,460 [e6e13cb3-e32b-4d2d-874a-1e4700c67398@group-09A5C1734F32-LeaderElection204] INFO  impl.RoleInfo (RoleInfo.java:shutdownLeaderElection(141)) - e6e13cb3-e32b-4d2d-874a-1e4700c67398: shutdown e6e13cb3-e32b-4d2d-874a-1e4700c67398@group-09A5C1734F32-LeaderElection204
2025-09-07 09:46:17,460 [e6e13cb3-e32b-4d2d-874a-1e4700c67398@group-09A5C1734F32-LeaderElection204] INFO  impl.RoleInfo (RoleInfo.java:updateAndGet(148)) - e6e13cb3-e32b-4d2d-874a-1e4700c67398: start e6e13cb3-e32b-4d2d-874a-1e4700c67398@group-09A5C1734F32-FollowerState
2025-09-07 09:46:18,349 [e6e13cb3-e32b-4d2d-874a-1e4700c67398@group-9E511D2458D0-FollowerState] INFO  impl.FollowerState (FollowerState.java:runImpl(161)) - e6e13cb3-e32b-4d2d-874a-1e4700c67398@group-9E511D2458D0-FollowerState: change to CANDIDATE, lastRpcElapsedTime:1175262003ns, electionTimeout:1175ms
2025-09-07 09:46:18,349 [e6e13cb3-e32b-4d2d-874a-1e4700c67398@group-9E511D2458D0-FollowerState] INFO  impl.RoleInfo (RoleInfo.java:shutdownFollowerState(121)) - e6e13cb3-e32b-4d2d-874a-1e4700c67398: shutdown e6e13cb3-e32b-4d2d-874a-1e4700c67398@group-9E511D2458D0-FollowerState
2025-09-07 09:46:18,349 [e6e13cb3-e32b-4d2d-874a-1e4700c67398@group-9E511D2458D0-FollowerState] INFO  server.RaftServer$Division (RaftServerImpl.java:setRole(392)) - e6e13cb3-e32b-4d2d-874a-1e4700c67398@group-9E511D2458D0: changes role from  FOLLOWER to CANDIDATE at term 1 for changeToCandidate
2025-09-07 09:46:18,349 [e6e13cb3-e32b-4d2d-874a-1e4700c67398@group-9E511D2458D0-FollowerState] INFO  impl.RoleInfo (RoleInfo.java:updateAndGet(148)) - e6e13cb3-e32b-4d2d-874a-1e4700c67398: start e6e13cb3-e32b-4d2d-874a-1e4700c67398@group-9E511D2458D0-LeaderElection205
2025-09-07 09:46:18,350 [e6e13cb3-e32b-4d2d-874a-1e4700c67398@group-9E511D2458D0-LeaderElection205] INFO  impl.LeaderElection (LeaderElection.java:askForVotes(448)) - e6e13cb3-e32b-4d2d-874a-1e4700c67398@group-9E511D2458D0-LeaderElection205 PRE_VOTE round 0: submit vote requests at term 1 for conf: {index: 0, cur=peers:[90a60b70-6b91-4fb2-a612-7ac0b6911dfc|127.0.0.1:15047, e6e13cb3-e32b-4d2d-874a-1e4700c67398|127.0.0.1:15055, 7c7182dc-ac7f-44a8-b1d4-5d10f99cbcf2|127.0.0.1:15039]|listeners:[], old=null}
2025-09-07 09:46:18,350 [e6e13cb3-e32b-4d2d-874a-1e4700c67398@group-9E511D2458D0-LeaderElection205] INFO  impl.LeaderElection (LogUtils.java:infoOrTrace(142)) - e6e13cb3-e32b-4d2d-874a-1e4700c67398@group-9E511D2458D0-LeaderElection205 got exception when requesting votes: java.util.concurrent.ExecutionException: org.apache.ratis.thirdparty.io.grpc.StatusRuntimeException: UNAVAILABLE: io exception
2025-09-07 09:46:18,350 [e6e13cb3-e32b-4d2d-874a-1e4700c67398@group-9E511D2458D0-LeaderElection205] INFO  impl.LeaderElection (LogUtils.java:infoOrTrace(142)) - e6e13cb3-e32b-4d2d-874a-1e4700c67398@group-9E511D2458D0-LeaderElection205 got exception when requesting votes: java.util.concurrent.ExecutionException: org.apache.ratis.thirdparty.io.grpc.StatusRuntimeException: UNAVAILABLE: io exception
2025-09-07 09:46:18,350 [e6e13cb3-e32b-4d2d-874a-1e4700c67398@group-9E511D2458D0-LeaderElection205] INFO  impl.LeaderElection (LeaderElection.java:logAndReturn(206)) - e6e13cb3-e32b-4d2d-874a-1e4700c67398@group-9E511D2458D0-LeaderElection205: PRE_VOTE REJECTED received 0 response(s) and 2 exception(s):
2025-09-07 09:46:18,350 [e6e13cb3-e32b-4d2d-874a-1e4700c67398@group-9E511D2458D0-LeaderElection205] INFO  impl.LeaderElection (LogUtils.java:infoOrTrace(142)) -   Exception 0: java.util.concurrent.ExecutionException: org.apache.ratis.thirdparty.io.grpc.StatusRuntimeException: UNAVAILABLE: io exception
2025-09-07 09:46:18,350 [e6e13cb3-e32b-4d2d-874a-1e4700c67398@group-9E511D2458D0-LeaderElection205] INFO  impl.LeaderElection (LogUtils.java:infoOrTrace(142)) -   Exception 1: java.util.concurrent.ExecutionException: org.apache.ratis.thirdparty.io.grpc.StatusRuntimeException: UNAVAILABLE: io exception
2025-09-07 09:46:18,350 [e6e13cb3-e32b-4d2d-874a-1e4700c67398@group-9E511D2458D0-LeaderElection205] INFO  impl.LeaderElection (LeaderElection.java:askForVotes(450)) - e6e13cb3-e32b-4d2d-874a-1e4700c67398@group-9E511D2458D0-LeaderElection205 PRE_VOTE round 0: result REJECTED
2025-09-07 09:46:18,350 [e6e13cb3-e32b-4d2d-874a-1e4700c67398@group-9E511D2458D0-LeaderElection205] INFO  server.RaftServer$Division (RaftServerImpl.java:setRole(392)) - e6e13cb3-e32b-4d2d-874a-1e4700c67398@group-9E511D2458D0: changes role from CANDIDATE to FOLLOWER at term 1 for REJECTED
2025-09-07 09:46:18,350 [e6e13cb3-e32b-4d2d-874a-1e4700c67398@group-9E511D2458D0-LeaderElection205] INFO  impl.RoleInfo (RoleInfo.java:shutdownLeaderElection(141)) - e6e13cb3-e32b-4d2d-874a-1e4700c67398: shutdown e6e13cb3-e32b-4d2d-874a-1e4700c67398@group-9E511D2458D0-LeaderElection205
2025-09-07 09:46:18,350 [e6e13cb3-e32b-4d2d-874a-1e4700c67398@group-9E511D2458D0-LeaderElection205] INFO  impl.RoleInfo (RoleInfo.java:updateAndGet(148)) - e6e13cb3-e32b-4d2d-874a-1e4700c67398: start e6e13cb3-e32b-4d2d-874a-1e4700c67398@group-9E511D2458D0-FollowerState
2025-09-07 09:46:18,493 [e6e13cb3-e32b-4d2d-874a-1e4700c67398@group-09A5C1734F32-FollowerState] INFO  impl.FollowerState (FollowerState.java:runImpl(161)) - e6e13cb3-e32b-4d2d-874a-1e4700c67398@group-09A5C1734F32-FollowerState: change to CANDIDATE, lastRpcElapsedTime:1032335523ns, electionTimeout:1032ms
2025-09-07 09:46:18,493 [e6e13cb3-e32b-4d2d-874a-1e4700c67398@group-09A5C1734F32-FollowerState] INFO  impl.RoleInfo (RoleInfo.java:shutdownFollowerState(121)) - e6e13cb3-e32b-4d2d-874a-1e4700c67398: shutdown e6e13cb3-e32b-4d2d-874a-1e4700c67398@group-09A5C1734F32-FollowerState
2025-09-07 09:46:18,493 [e6e13cb3-e32b-4d2d-874a-1e4700c67398@group-09A5C1734F32-FollowerState] INFO  server.RaftServer$Division (RaftServerImpl.java:setRole(392)) - e6e13cb3-e32b-4d2d-874a-1e4700c67398@group-09A5C1734F32: changes role from  FOLLOWER to CANDIDATE at term 1 for changeToCandidate
2025-09-07 09:46:18,493 [e6e13cb3-e32b-4d2d-874a-1e4700c67398@group-09A5C1734F32-FollowerState] INFO  impl.RoleInfo (RoleInfo.java:updateAndGet(148)) - e6e13cb3-e32b-4d2d-874a-1e4700c67398: start e6e13cb3-e32b-4d2d-874a-1e4700c67398@group-09A5C1734F32-LeaderElection206
2025-09-07 09:46:18,494 [e6e13cb3-e32b-4d2d-874a-1e4700c67398@group-09A5C1734F32-LeaderElection206] INFO  impl.LeaderElection (LeaderElection.java:askForVotes(448)) - e6e13cb3-e32b-4d2d-874a-1e4700c67398@group-09A5C1734F32-LeaderElection206 PRE_VOTE round 0: submit vote requests at term 1 for conf: {index: 0, cur=peers:[90a60b70-6b91-4fb2-a612-7ac0b6911dfc|127.0.0.1:15047, e6e13cb3-e32b-4d2d-874a-1e4700c67398|127.0.0.1:15055, 7c7182dc-ac7f-44a8-b1d4-5d10f99cbcf2|127.0.0.1:15039]|listeners:[], old=null}
2025-09-07 09:46:18,494 [e6e13cb3-e32b-4d2d-874a-1e4700c67398@group-09A5C1734F32-LeaderElection206] INFO  impl.LeaderElection (LogUtils.java:infoOrTrace(142)) - e6e13cb3-e32b-4d2d-874a-1e4700c67398@group-09A5C1734F32-LeaderElection206 got exception when requesting votes: java.util.concurrent.ExecutionException: org.apache.ratis.thirdparty.io.grpc.StatusRuntimeException: UNAVAILABLE: io exception
2025-09-07 09:46:18,494 [e6e13cb3-e32b-4d2d-874a-1e4700c67398@group-09A5C1734F32-LeaderElection206] INFO  impl.LeaderElection (LogUtils.java:infoOrTrace(142)) - e6e13cb3-e32b-4d2d-874a-1e4700c67398@group-09A5C1734F32-LeaderElection206 got exception when requesting votes: java.util.concurrent.ExecutionException: org.apache.ratis.thirdparty.io.grpc.StatusRuntimeException: UNAVAILABLE: io exception
2025-09-07 09:46:18,494 [e6e13cb3-e32b-4d2d-874a-1e4700c67398@group-09A5C1734F32-LeaderElection206] INFO  impl.LeaderElection (LeaderElection.java:logAndReturn(206)) - e6e13cb3-e32b-4d2d-874a-1e4700c67398@group-09A5C1734F32-LeaderElection206: PRE_VOTE REJECTED received 0 response(s) and 2 exception(s):
2025-09-07 09:46:18,494 [e6e13cb3-e32b-4d2d-874a-1e4700c67398@group-09A5C1734F32-LeaderElection206] INFO  impl.LeaderElection (LogUtils.java:infoOrTrace(142)) -   Exception 0: java.util.concurrent.ExecutionException: org.apache.ratis.thirdparty.io.grpc.StatusRuntimeException: UNAVAILABLE: io exception
2025-09-07 09:46:18,494 [e6e13cb3-e32b-4d2d-874a-1e4700c67398@group-09A5C1734F32-LeaderElection206] INFO  impl.LeaderElection (LogUtils.java:infoOrTrace(142)) -   Exception 1: java.util.concurrent.ExecutionException: org.apache.ratis.thirdparty.io.grpc.StatusRuntimeException: UNAVAILABLE: io exception
2025-09-07 09:46:18,494 [e6e13cb3-e32b-4d2d-874a-1e4700c67398@group-09A5C1734F32-LeaderElection206] INFO  impl.LeaderElection (LeaderElection.java:askForVotes(450)) - e6e13cb3-e32b-4d2d-874a-1e4700c67398@group-09A5C1734F32-LeaderElection206 PRE_VOTE round 0: result REJECTED
2025-09-07 09:46:18,494 [e6e13cb3-e32b-4d2d-874a-1e4700c67398@group-09A5C1734F32-LeaderElection206] INFO  server.RaftServer$Division (RaftServerImpl.java:setRole(392)) - e6e13cb3-e32b-4d2d-874a-1e4700c67398@group-09A5C1734F32: changes role from CANDIDATE to FOLLOWER at term 1 for REJECTED
2025-09-07 09:46:18,494 [e6e13cb3-e32b-4d2d-874a-1e4700c67398@group-09A5C1734F32-LeaderElection206] INFO  impl.RoleInfo (RoleInfo.java:shutdownLeaderElection(141)) - e6e13cb3-e32b-4d2d-874a-1e4700c67398: shutdown e6e13cb3-e32b-4d2d-874a-1e4700c67398@group-09A5C1734F32-LeaderElection206
2025-09-07 09:46:18,494 [e6e13cb3-e32b-4d2d-874a-1e4700c67398@group-09A5C1734F32-LeaderElection206] INFO  impl.RoleInfo (RoleInfo.java:updateAndGet(148)) - e6e13cb3-e32b-4d2d-874a-1e4700c67398: start e6e13cb3-e32b-4d2d-874a-1e4700c67398@group-09A5C1734F32-FollowerState
2025-09-07 09:46:18,975 [grpc-default-executor-1] ERROR impl.OrderedAsync (OrderedAsync.java:lambda$null$6(215)) -  client-31430F4BE28C: Failed* RaftClientRequest:client-31430F4BE28C->90a60b70-6b91-4fb2-a612-7ac0b6911dfc@group-9E511D2458D0, cid=57, seq=1*, Watch(0), null
java.util.concurrent.CompletionException: java.io.IOException: org.apache.ratis.thirdparty.io.grpc.StatusRuntimeException: UNAVAILABLE: io exception
	at java.base/java.util.concurrent.CompletableFuture.encodeThrowable(CompletableFuture.java:332)
	at java.base/java.util.concurrent.CompletableFuture.completeThrowable(CompletableFuture.java:347)
	at java.base/java.util.concurrent.CompletableFuture$UniAccept.tryFire(CompletableFuture.java:708)
	at java.base/java.util.concurrent.CompletableFuture.postComplete(CompletableFuture.java:510)
	at java.base/java.util.concurrent.CompletableFuture.completeExceptionally(CompletableFuture.java:2194)
	at org.apache.ratis.grpc.client.GrpcClientProtocolClient$AsyncStreamObservers.completeReplyExceptionally(GrpcClientProtocolClient.java:397)
	at org.apache.ratis.grpc.client.GrpcClientProtocolClient$AsyncStreamObservers.access$000(GrpcClientProtocolClient.java:303)
	at org.apache.ratis.grpc.client.GrpcClientProtocolClient$AsyncStreamObservers$1.onError(GrpcClientProtocolClient.java:334)
	at org.apache.ratis.thirdparty.io.grpc.stub.ClientCalls$StreamObserverToCallListenerAdapter.onClose(ClientCalls.java:564)
	at org.apache.ratis.thirdparty.io.grpc.PartialForwardingClientCallListener.onClose(PartialForwardingClientCallListener.java:39)
	at org.apache.ratis.thirdparty.io.grpc.ForwardingClientCallListener.onClose(ForwardingClientCallListener.java:23)
	at org.apache.ratis.grpc.metrics.intercept.client.MetricClientCallListener.onClose(MetricClientCallListener.java:47)
	at org.apache.ratis.thirdparty.io.grpc.internal.ClientCallImpl.closeObserver(ClientCallImpl.java:565)
	at org.apache.ratis.thirdparty.io.grpc.internal.ClientCallImpl.access$100(ClientCallImpl.java:72)
	at org.apache.ratis.thirdparty.io.grpc.internal.ClientCallImpl$ClientStreamListenerImpl$1StreamClosed.runInternal(ClientCallImpl.java:733)
	at org.apache.ratis.thirdparty.io.grpc.internal.ClientCallImpl$ClientStreamListenerImpl$1StreamClosed.runInContext(ClientCallImpl.java:714)
	at org.apache.ratis.thirdparty.io.grpc.internal.ContextRunnable.run(ContextRunnable.java:37)
	at org.apache.ratis.thirdparty.io.grpc.internal.SerializingExecutor.run(SerializingExecutor.java:133)
	at java.base/java.util.concurrent.ThreadPoolExecutor.runWorker(ThreadPoolExecutor.java:1144)
	at java.base/java.util.concurrent.ThreadPoolExecutor$Worker.run(ThreadPoolExecutor.java:642)
	at java.base/java.lang.Thread.run(Thread.java:1583)
Caused by: java.io.IOException: org.apache.ratis.thirdparty.io.grpc.StatusRuntimeException: UNAVAILABLE: io exception
	at org.apache.ratis.grpc.GrpcUtil.unwrapException(GrpcUtil.java:99)
	at org.apache.ratis.grpc.GrpcUtil.unwrapIOException(GrpcUtil.java:159)
	at org.apache.ratis.grpc.client.GrpcClientProtocolClient$AsyncStreamObservers$1.onError(GrpcClientProtocolClient.java:333)
	... 13 more
Caused by: org.apache.ratis.thirdparty.io.grpc.StatusRuntimeException: UNAVAILABLE: io exception
	at org.apache.ratis.thirdparty.io.grpc.Status.asRuntimeException(Status.java:532)
	... 13 more
Caused by: org.apache.ratis.thirdparty.io.netty.channel.AbstractChannel$AnnotatedConnectException: finishConnect(..) failed: Connection refused: /127.0.0.1:15045
Caused by: java.net.ConnectException: finishConnect(..) failed: Connection refused
	at org.apache.ratis.thirdparty.io.netty.channel.unix.Errors.newConnectException0(Errors.java:166)
	at org.apache.ratis.thirdparty.io.netty.channel.unix.Errors.handleConnectErrno(Errors.java:131)
	at org.apache.ratis.thirdparty.io.netty.channel.unix.Socket.finishConnect(Socket.java:359)
	at org.apache.ratis.thirdparty.io.netty.channel.epoll.AbstractEpollChannel$AbstractEpollUnsafe.doFinishConnect(AbstractEpollChannel.java:715)
	at org.apache.ratis.thirdparty.io.netty.channel.epoll.AbstractEpollChannel$AbstractEpollUnsafe.finishConnect(AbstractEpollChannel.java:692)
	at org.apache.ratis.thirdparty.io.netty.channel.epoll.AbstractEpollChannel$AbstractEpollUnsafe.epollOutReady(AbstractEpollChannel.java:567)
	at org.apache.ratis.thirdparty.io.netty.channel.epoll.EpollEventLoop.processReady(EpollEventLoop.java:491)
	at org.apache.ratis.thirdparty.io.netty.channel.epoll.EpollEventLoop.run(EpollEventLoop.java:399)
	at org.apache.ratis.thirdparty.io.netty.util.concurrent.SingleThreadEventExecutor$4.run(SingleThreadEventExecutor.java:998)
	at org.apache.ratis.thirdparty.io.netty.util.internal.ThreadExecutorMap$2.run(ThreadExecutorMap.java:74)
	at org.apache.ratis.thirdparty.io.netty.util.concurrent.FastThreadLocalRunnable.run(FastThreadLocalRunnable.java:30)
	at java.base/java.lang.Thread.run(Thread.java:1583)
2025-09-07 09:46:19,441 [e6e13cb3-e32b-4d2d-874a-1e4700c67398@group-9E511D2458D0-FollowerState] INFO  impl.FollowerState (FollowerState.java:runImpl(161)) - e6e13cb3-e32b-4d2d-874a-1e4700c67398@group-9E511D2458D0-FollowerState: change to CANDIDATE, lastRpcElapsedTime:1090233313ns, electionTimeout:1090ms
2025-09-07 09:46:19,441 [e6e13cb3-e32b-4d2d-874a-1e4700c67398@group-9E511D2458D0-FollowerState] INFO  impl.RoleInfo (RoleInfo.java:shutdownFollowerState(121)) - e6e13cb3-e32b-4d2d-874a-1e4700c67398: shutdown e6e13cb3-e32b-4d2d-874a-1e4700c67398@group-9E511D2458D0-FollowerState
2025-09-07 09:46:19,441 [e6e13cb3-e32b-4d2d-874a-1e4700c67398@group-9E511D2458D0-FollowerState] INFO  server.RaftServer$Division (RaftServerImpl.java:setRole(392)) - e6e13cb3-e32b-4d2d-874a-1e4700c67398@group-9E511D2458D0: changes role from  FOLLOWER to CANDIDATE at term 1 for changeToCandidate
2025-09-07 09:46:19,441 [e6e13cb3-e32b-4d2d-874a-1e4700c67398@group-9E511D2458D0-FollowerState] INFO  impl.RoleInfo (RoleInfo.java:updateAndGet(148)) - e6e13cb3-e32b-4d2d-874a-1e4700c67398: start e6e13cb3-e32b-4d2d-874a-1e4700c67398@group-9E511D2458D0-LeaderElection207
2025-09-07 09:46:19,441 [e6e13cb3-e32b-4d2d-874a-1e4700c67398@group-9E511D2458D0-LeaderElection207] INFO  impl.LeaderElection (LeaderElection.java:askForVotes(448)) - e6e13cb3-e32b-4d2d-874a-1e4700c67398@group-9E511D2458D0-LeaderElection207 PRE_VOTE round 0: submit vote requests at term 1 for conf: {index: 0, cur=peers:[90a60b70-6b91-4fb2-a612-7ac0b6911dfc|127.0.0.1:15047, e6e13cb3-e32b-4d2d-874a-1e4700c67398|127.0.0.1:15055, 7c7182dc-ac7f-44a8-b1d4-5d10f99cbcf2|127.0.0.1:15039]|listeners:[], old=null}
2025-09-07 09:46:19,442 [e6e13cb3-e32b-4d2d-874a-1e4700c67398@group-9E511D2458D0-LeaderElection207] INFO  impl.LeaderElection (LogUtils.java:infoOrTrace(142)) - e6e13cb3-e32b-4d2d-874a-1e4700c67398@group-9E511D2458D0-LeaderElection207 got exception when requesting votes: java.util.concurrent.ExecutionException: org.apache.ratis.thirdparty.io.grpc.StatusRuntimeException: UNAVAILABLE: io exception
2025-09-07 09:46:19,442 [e6e13cb3-e32b-4d2d-874a-1e4700c67398@group-9E511D2458D0-LeaderElection207] INFO  impl.LeaderElection (LogUtils.java:infoOrTrace(142)) - e6e13cb3-e32b-4d2d-874a-1e4700c67398@group-9E511D2458D0-LeaderElection207 got exception when requesting votes: java.util.concurrent.ExecutionException: org.apache.ratis.thirdparty.io.grpc.StatusRuntimeException: UNAVAILABLE: io exception
2025-09-07 09:46:19,442 [e6e13cb3-e32b-4d2d-874a-1e4700c67398@group-9E511D2458D0-LeaderElection207] INFO  impl.LeaderElection (LeaderElection.java:logAndReturn(206)) - e6e13cb3-e32b-4d2d-874a-1e4700c67398@group-9E511D2458D0-LeaderElection207: PRE_VOTE REJECTED received 0 response(s) and 2 exception(s):
2025-09-07 09:46:19,442 [e6e13cb3-e32b-4d2d-874a-1e4700c67398@group-9E511D2458D0-LeaderElection207] INFO  impl.LeaderElection (LogUtils.java:infoOrTrace(142)) -   Exception 0: java.util.concurrent.ExecutionException: org.apache.ratis.thirdparty.io.grpc.StatusRuntimeException: UNAVAILABLE: io exception
2025-09-07 09:46:19,442 [e6e13cb3-e32b-4d2d-874a-1e4700c67398@group-9E511D2458D0-LeaderElection207] INFO  impl.LeaderElection (LogUtils.java:infoOrTrace(142)) -   Exception 1: java.util.concurrent.ExecutionException: org.apache.ratis.thirdparty.io.grpc.StatusRuntimeException: UNAVAILABLE: io exception
2025-09-07 09:46:19,442 [e6e13cb3-e32b-4d2d-874a-1e4700c67398@group-9E511D2458D0-LeaderElection207] INFO  impl.LeaderElection (LeaderElection.java:askForVotes(450)) - e6e13cb3-e32b-4d2d-874a-1e4700c67398@group-9E511D2458D0-LeaderElection207 PRE_VOTE round 0: result REJECTED
2025-09-07 09:46:19,442 [e6e13cb3-e32b-4d2d-874a-1e4700c67398@group-9E511D2458D0-LeaderElection207] INFO  server.RaftServer$Division (RaftServerImpl.java:setRole(392)) - e6e13cb3-e32b-4d2d-874a-1e4700c67398@group-9E511D2458D0: changes role from CANDIDATE to FOLLOWER at term 1 for REJECTED
2025-09-07 09:46:19,442 [e6e13cb3-e32b-4d2d-874a-1e4700c67398@group-9E511D2458D0-LeaderElection207] INFO  impl.RoleInfo (RoleInfo.java:shutdownLeaderElection(141)) - e6e13cb3-e32b-4d2d-874a-1e4700c67398: shutdown e6e13cb3-e32b-4d2d-874a-1e4700c67398@group-9E511D2458D0-LeaderElection207
2025-09-07 09:46:19,442 [e6e13cb3-e32b-4d2d-874a-1e4700c67398@group-9E511D2458D0-LeaderElection207] INFO  impl.RoleInfo (RoleInfo.java:updateAndGet(148)) - e6e13cb3-e32b-4d2d-874a-1e4700c67398: start e6e13cb3-e32b-4d2d-874a-1e4700c67398@group-9E511D2458D0-FollowerState
2025-09-07 09:46:19,572 [e6e13cb3-e32b-4d2d-874a-1e4700c67398@group-09A5C1734F32-FollowerState] INFO  impl.FollowerState (FollowerState.java:runImpl(161)) - e6e13cb3-e32b-4d2d-874a-1e4700c67398@group-09A5C1734F32-FollowerState: change to CANDIDATE, lastRpcElapsedTime:1077311687ns, electionTimeout:1077ms
2025-09-07 09:46:19,572 [e6e13cb3-e32b-4d2d-874a-1e4700c67398@group-09A5C1734F32-FollowerState] INFO  impl.RoleInfo (RoleInfo.java:shutdownFollowerState(121)) - e6e13cb3-e32b-4d2d-874a-1e4700c67398: shutdown e6e13cb3-e32b-4d2d-874a-1e4700c67398@group-09A5C1734F32-FollowerState
2025-09-07 09:46:19,572 [e6e13cb3-e32b-4d2d-874a-1e4700c67398@group-09A5C1734F32-FollowerState] INFO  server.RaftServer$Division (RaftServerImpl.java:setRole(392)) - e6e13cb3-e32b-4d2d-874a-1e4700c67398@group-09A5C1734F32: changes role from  FOLLOWER to CANDIDATE at term 1 for changeToCandidate
2025-09-07 09:46:19,572 [e6e13cb3-e32b-4d2d-874a-1e4700c67398@group-09A5C1734F32-FollowerState] INFO  impl.RoleInfo (RoleInfo.java:updateAndGet(148)) - e6e13cb3-e32b-4d2d-874a-1e4700c67398: start e6e13cb3-e32b-4d2d-874a-1e4700c67398@group-09A5C1734F32-LeaderElection208
2025-09-07 09:46:19,572 [e6e13cb3-e32b-4d2d-874a-1e4700c67398@group-09A5C1734F32-LeaderElection208] INFO  impl.LeaderElection (LeaderElection.java:askForVotes(448)) - e6e13cb3-e32b-4d2d-874a-1e4700c67398@group-09A5C1734F32-LeaderElection208 PRE_VOTE round 0: submit vote requests at term 1 for conf: {index: 0, cur=peers:[90a60b70-6b91-4fb2-a612-7ac0b6911dfc|127.0.0.1:15047, e6e13cb3-e32b-4d2d-874a-1e4700c67398|127.0.0.1:15055, 7c7182dc-ac7f-44a8-b1d4-5d10f99cbcf2|127.0.0.1:15039]|listeners:[], old=null}
2025-09-07 09:46:19,573 [e6e13cb3-e32b-4d2d-874a-1e4700c67398@group-09A5C1734F32-LeaderElection208] INFO  impl.LeaderElection (LogUtils.java:infoOrTrace(142)) - e6e13cb3-e32b-4d2d-874a-1e4700c67398@group-09A5C1734F32-LeaderElection208 got exception when requesting votes: java.util.concurrent.ExecutionException: org.apache.ratis.thirdparty.io.grpc.StatusRuntimeException: UNAVAILABLE: io exception
2025-09-07 09:46:19,573 [e6e13cb3-e32b-4d2d-874a-1e4700c67398@group-09A5C1734F32-LeaderElection208] INFO  impl.LeaderElection (LogUtils.java:infoOrTrace(142)) - e6e13cb3-e32b-4d2d-874a-1e4700c67398@group-09A5C1734F32-LeaderElection208 got exception when requesting votes: java.util.concurrent.ExecutionException: org.apache.ratis.thirdparty.io.grpc.StatusRuntimeException: UNAVAILABLE: io exception
2025-09-07 09:46:19,573 [e6e13cb3-e32b-4d2d-874a-1e4700c67398@group-09A5C1734F32-LeaderElection208] INFO  impl.LeaderElection (LeaderElection.java:logAndReturn(206)) - e6e13cb3-e32b-4d2d-874a-1e4700c67398@group-09A5C1734F32-LeaderElection208: PRE_VOTE REJECTED received 0 response(s) and 2 exception(s):
2025-09-07 09:46:19,573 [e6e13cb3-e32b-4d2d-874a-1e4700c67398@group-09A5C1734F32-LeaderElection208] INFO  impl.LeaderElection (LogUtils.java:infoOrTrace(142)) -   Exception 0: java.util.concurrent.ExecutionException: org.apache.ratis.thirdparty.io.grpc.StatusRuntimeException: UNAVAILABLE: io exception
2025-09-07 09:46:19,573 [e6e13cb3-e32b-4d2d-874a-1e4700c67398@group-09A5C1734F32-LeaderElection208] INFO  impl.LeaderElection (LogUtils.java:infoOrTrace(142)) -   Exception 1: java.util.concurrent.ExecutionException: org.apache.ratis.thirdparty.io.grpc.StatusRuntimeException: UNAVAILABLE: io exception
2025-09-07 09:46:19,573 [e6e13cb3-e32b-4d2d-874a-1e4700c67398@group-09A5C1734F32-LeaderElection208] INFO  impl.LeaderElection (LeaderElection.java:askForVotes(450)) - e6e13cb3-e32b-4d2d-874a-1e4700c67398@group-09A5C1734F32-LeaderElection208 PRE_VOTE round 0: result REJECTED
2025-09-07 09:46:19,573 [e6e13cb3-e32b-4d2d-874a-1e4700c67398@group-09A5C1734F32-LeaderElection208] INFO  server.RaftServer$Division (RaftServerImpl.java:setRole(392)) - e6e13cb3-e32b-4d2d-874a-1e4700c67398@group-09A5C1734F32: changes role from CANDIDATE to FOLLOWER at term 1 for REJECTED
2025-09-07 09:46:19,573 [e6e13cb3-e32b-4d2d-874a-1e4700c67398@group-09A5C1734F32-LeaderElection208] INFO  impl.RoleInfo (RoleInfo.java:shutdownLeaderElection(141)) - e6e13cb3-e32b-4d2d-874a-1e4700c67398: shutdown e6e13cb3-e32b-4d2d-874a-1e4700c67398@group-09A5C1734F32-LeaderElection208
2025-09-07 09:46:19,573 [e6e13cb3-e32b-4d2d-874a-1e4700c67398@group-09A5C1734F32-LeaderElection208] INFO  impl.RoleInfo (RoleInfo.java:updateAndGet(148)) - e6e13cb3-e32b-4d2d-874a-1e4700c67398: start e6e13cb3-e32b-4d2d-874a-1e4700c67398@group-09A5C1734F32-FollowerState
2025-09-07 09:46:20,546 [e6e13cb3-e32b-4d2d-874a-1e4700c67398@group-9E511D2458D0-FollowerState] INFO  impl.FollowerState (FollowerState.java:runImpl(161)) - e6e13cb3-e32b-4d2d-874a-1e4700c67398@group-9E511D2458D0-FollowerState: change to CANDIDATE, lastRpcElapsedTime:1104248526ns, electionTimeout:1104ms
2025-09-07 09:46:20,546 [e6e13cb3-e32b-4d2d-874a-1e4700c67398@group-9E511D2458D0-FollowerState] INFO  impl.RoleInfo (RoleInfo.java:shutdownFollowerState(121)) - e6e13cb3-e32b-4d2d-874a-1e4700c67398: shutdown e6e13cb3-e32b-4d2d-874a-1e4700c67398@group-9E511D2458D0-FollowerState
2025-09-07 09:46:20,546 [e6e13cb3-e32b-4d2d-874a-1e4700c67398@group-9E511D2458D0-FollowerState] INFO  server.RaftServer$Division (RaftServerImpl.java:setRole(392)) - e6e13cb3-e32b-4d2d-874a-1e4700c67398@group-9E511D2458D0: changes role from  FOLLOWER to CANDIDATE at term 1 for changeToCandidate
2025-09-07 09:46:20,547 [e6e13cb3-e32b-4d2d-874a-1e4700c67398@group-9E511D2458D0-FollowerState] INFO  impl.RoleInfo (RoleInfo.java:updateAndGet(148)) - e6e13cb3-e32b-4d2d-874a-1e4700c67398: start e6e13cb3-e32b-4d2d-874a-1e4700c67398@group-9E511D2458D0-LeaderElection209
2025-09-07 09:46:20,547 [e6e13cb3-e32b-4d2d-874a-1e4700c67398@group-9E511D2458D0-LeaderElection209] INFO  impl.LeaderElection (LeaderElection.java:askForVotes(448)) - e6e13cb3-e32b-4d2d-874a-1e4700c67398@group-9E511D2458D0-LeaderElection209 PRE_VOTE round 0: submit vote requests at term 1 for conf: {index: 0, cur=peers:[90a60b70-6b91-4fb2-a612-7ac0b6911dfc|127.0.0.1:15047, e6e13cb3-e32b-4d2d-874a-1e4700c67398|127.0.0.1:15055, 7c7182dc-ac7f-44a8-b1d4-5d10f99cbcf2|127.0.0.1:15039]|listeners:[], old=null}
2025-09-07 09:46:20,547 [e6e13cb3-e32b-4d2d-874a-1e4700c67398@group-9E511D2458D0-LeaderElection209] INFO  impl.LeaderElection (LogUtils.java:infoOrTrace(142)) - e6e13cb3-e32b-4d2d-874a-1e4700c67398@group-9E511D2458D0-LeaderElection209 got exception when requesting votes: java.util.concurrent.ExecutionException: org.apache.ratis.thirdparty.io.grpc.StatusRuntimeException: UNAVAILABLE: io exception
2025-09-07 09:46:20,547 [e6e13cb3-e32b-4d2d-874a-1e4700c67398@group-9E511D2458D0-LeaderElection209] INFO  impl.LeaderElection (LogUtils.java:infoOrTrace(142)) - e6e13cb3-e32b-4d2d-874a-1e4700c67398@group-9E511D2458D0-LeaderElection209 got exception when requesting votes: java.util.concurrent.ExecutionException: org.apache.ratis.thirdparty.io.grpc.StatusRuntimeException: UNAVAILABLE: io exception
2025-09-07 09:46:20,547 [e6e13cb3-e32b-4d2d-874a-1e4700c67398@group-9E511D2458D0-LeaderElection209] INFO  impl.LeaderElection (LeaderElection.java:logAndReturn(206)) - e6e13cb3-e32b-4d2d-874a-1e4700c67398@group-9E511D2458D0-LeaderElection209: PRE_VOTE REJECTED received 0 response(s) and 2 exception(s):
2025-09-07 09:46:20,547 [e6e13cb3-e32b-4d2d-874a-1e4700c67398@group-9E511D2458D0-LeaderElection209] INFO  impl.LeaderElection (LogUtils.java:infoOrTrace(142)) -   Exception 0: java.util.concurrent.ExecutionException: org.apache.ratis.thirdparty.io.grpc.StatusRuntimeException: UNAVAILABLE: io exception
2025-09-07 09:46:20,547 [e6e13cb3-e32b-4d2d-874a-1e4700c67398@group-9E511D2458D0-LeaderElection209] INFO  impl.LeaderElection (LogUtils.java:infoOrTrace(142)) -   Exception 1: java.util.concurrent.ExecutionException: org.apache.ratis.thirdparty.io.grpc.StatusRuntimeException: UNAVAILABLE: io exception
2025-09-07 09:46:20,547 [e6e13cb3-e32b-4d2d-874a-1e4700c67398@group-9E511D2458D0-LeaderElection209] INFO  impl.LeaderElection (LeaderElection.java:askForVotes(450)) - e6e13cb3-e32b-4d2d-874a-1e4700c67398@group-9E511D2458D0-LeaderElection209 PRE_VOTE round 0: result REJECTED
2025-09-07 09:46:20,547 [e6e13cb3-e32b-4d2d-874a-1e4700c67398@group-9E511D2458D0-LeaderElection209] INFO  server.RaftServer$Division (RaftServerImpl.java:setRole(392)) - e6e13cb3-e32b-4d2d-874a-1e4700c67398@group-9E511D2458D0: changes role from CANDIDATE to FOLLOWER at term 1 for REJECTED
2025-09-07 09:46:20,547 [e6e13cb3-e32b-4d2d-874a-1e4700c67398@group-9E511D2458D0-LeaderElection209] INFO  impl.RoleInfo (RoleInfo.java:shutdownLeaderElection(141)) - e6e13cb3-e32b-4d2d-874a-1e4700c67398: shutdown e6e13cb3-e32b-4d2d-874a-1e4700c67398@group-9E511D2458D0-LeaderElection209
2025-09-07 09:46:20,548 [e6e13cb3-e32b-4d2d-874a-1e4700c67398@group-9E511D2458D0-LeaderElection209] INFO  impl.RoleInfo (RoleInfo.java:updateAndGet(148)) - e6e13cb3-e32b-4d2d-874a-1e4700c67398: start e6e13cb3-e32b-4d2d-874a-1e4700c67398@group-9E511D2458D0-FollowerState
2025-09-07 09:46:20,651 [e6e13cb3-e32b-4d2d-874a-1e4700c67398@group-09A5C1734F32-FollowerState] INFO  impl.FollowerState (FollowerState.java:runImpl(161)) - e6e13cb3-e32b-4d2d-874a-1e4700c67398@group-09A5C1734F32-FollowerState: change to CANDIDATE, lastRpcElapsedTime:1077359657ns, electionTimeout:1077ms
2025-09-07 09:46:20,651 [e6e13cb3-e32b-4d2d-874a-1e4700c67398@group-09A5C1734F32-FollowerState] INFO  impl.RoleInfo (RoleInfo.java:shutdownFollowerState(121)) - e6e13cb3-e32b-4d2d-874a-1e4700c67398: shutdown e6e13cb3-e32b-4d2d-874a-1e4700c67398@group-09A5C1734F32-FollowerState
2025-09-07 09:46:20,651 [e6e13cb3-e32b-4d2d-874a-1e4700c67398@group-09A5C1734F32-FollowerState] INFO  server.RaftServer$Division (RaftServerImpl.java:setRole(392)) - e6e13cb3-e32b-4d2d-874a-1e4700c67398@group-09A5C1734F32: changes role from  FOLLOWER to CANDIDATE at term 1 for changeToCandidate
2025-09-07 09:46:20,651 [e6e13cb3-e32b-4d2d-874a-1e4700c67398@group-09A5C1734F32-FollowerState] INFO  impl.RoleInfo (RoleInfo.java:updateAndGet(148)) - e6e13cb3-e32b-4d2d-874a-1e4700c67398: start e6e13cb3-e32b-4d2d-874a-1e4700c67398@group-09A5C1734F32-LeaderElection210
2025-09-07 09:46:20,651 [e6e13cb3-e32b-4d2d-874a-1e4700c67398@group-09A5C1734F32-LeaderElection210] INFO  impl.LeaderElection (LeaderElection.java:askForVotes(448)) - e6e13cb3-e32b-4d2d-874a-1e4700c67398@group-09A5C1734F32-LeaderElection210 PRE_VOTE round 0: submit vote requests at term 1 for conf: {index: 0, cur=peers:[90a60b70-6b91-4fb2-a612-7ac0b6911dfc|127.0.0.1:15047, e6e13cb3-e32b-4d2d-874a-1e4700c67398|127.0.0.1:15055, 7c7182dc-ac7f-44a8-b1d4-5d10f99cbcf2|127.0.0.1:15039]|listeners:[], old=null}
2025-09-07 09:46:20,652 [e6e13cb3-e32b-4d2d-874a-1e4700c67398@group-09A5C1734F32-LeaderElection210] INFO  impl.LeaderElection (LogUtils.java:infoOrTrace(142)) - e6e13cb3-e32b-4d2d-874a-1e4700c67398@group-09A5C1734F32-LeaderElection210 got exception when requesting votes: java.util.concurrent.ExecutionException: org.apache.ratis.thirdparty.io.grpc.StatusRuntimeException: UNAVAILABLE: io exception
2025-09-07 09:46:20,652 [e6e13cb3-e32b-4d2d-874a-1e4700c67398@group-09A5C1734F32-LeaderElection210] INFO  impl.LeaderElection (LogUtils.java:infoOrTrace(142)) - e6e13cb3-e32b-4d2d-874a-1e4700c67398@group-09A5C1734F32-LeaderElection210 got exception when requesting votes: java.util.concurrent.ExecutionException: org.apache.ratis.thirdparty.io.grpc.StatusRuntimeException: UNAVAILABLE: io exception
2025-09-07 09:46:20,652 [e6e13cb3-e32b-4d2d-874a-1e4700c67398@group-09A5C1734F32-LeaderElection210] INFO  impl.LeaderElection (LeaderElection.java:logAndReturn(206)) - e6e13cb3-e32b-4d2d-874a-1e4700c67398@group-09A5C1734F32-LeaderElection210: PRE_VOTE REJECTED received 0 response(s) and 2 exception(s):
2025-09-07 09:46:20,652 [e6e13cb3-e32b-4d2d-874a-1e4700c67398@group-09A5C1734F32-LeaderElection210] INFO  impl.LeaderElection (LogUtils.java:infoOrTrace(142)) -   Exception 0: java.util.concurrent.ExecutionException: org.apache.ratis.thirdparty.io.grpc.StatusRuntimeException: UNAVAILABLE: io exception
2025-09-07 09:46:20,652 [e6e13cb3-e32b-4d2d-874a-1e4700c67398@group-09A5C1734F32-LeaderElection210] INFO  impl.LeaderElection (LogUtils.java:infoOrTrace(142)) -   Exception 1: java.util.concurrent.ExecutionException: org.apache.ratis.thirdparty.io.grpc.StatusRuntimeException: UNAVAILABLE: io exception
2025-09-07 09:46:20,652 [e6e13cb3-e32b-4d2d-874a-1e4700c67398@group-09A5C1734F32-LeaderElection210] INFO  impl.LeaderElection (LeaderElection.java:askForVotes(450)) - e6e13cb3-e32b-4d2d-874a-1e4700c67398@group-09A5C1734F32-LeaderElection210 PRE_VOTE round 0: result REJECTED
2025-09-07 09:46:20,652 [e6e13cb3-e32b-4d2d-874a-1e4700c67398@group-09A5C1734F32-LeaderElection210] INFO  server.RaftServer$Division (RaftServerImpl.java:setRole(392)) - e6e13cb3-e32b-4d2d-874a-1e4700c67398@group-09A5C1734F32: changes role from CANDIDATE to FOLLOWER at term 1 for REJECTED
2025-09-07 09:46:20,652 [e6e13cb3-e32b-4d2d-874a-1e4700c67398@group-09A5C1734F32-LeaderElection210] INFO  impl.RoleInfo (RoleInfo.java:shutdownLeaderElection(141)) - e6e13cb3-e32b-4d2d-874a-1e4700c67398: shutdown e6e13cb3-e32b-4d2d-874a-1e4700c67398@group-09A5C1734F32-LeaderElection210
2025-09-07 09:46:20,652 [e6e13cb3-e32b-4d2d-874a-1e4700c67398@group-09A5C1734F32-LeaderElection210] INFO  impl.RoleInfo (RoleInfo.java:updateAndGet(148)) - e6e13cb3-e32b-4d2d-874a-1e4700c67398: start e6e13cb3-e32b-4d2d-874a-1e4700c67398@group-09A5C1734F32-FollowerState
2025-09-07 09:46:21,670 [e6e13cb3-e32b-4d2d-874a-1e4700c67398@group-09A5C1734F32-FollowerState] INFO  impl.FollowerState (FollowerState.java:runImpl(161)) - e6e13cb3-e32b-4d2d-874a-1e4700c67398@group-09A5C1734F32-FollowerState: change to CANDIDATE, lastRpcElapsedTime:1017278716ns, electionTimeout:1017ms
2025-09-07 09:46:21,670 [e6e13cb3-e32b-4d2d-874a-1e4700c67398@group-09A5C1734F32-FollowerState] INFO  impl.RoleInfo (RoleInfo.java:shutdownFollowerState(121)) - e6e13cb3-e32b-4d2d-874a-1e4700c67398: shutdown e6e13cb3-e32b-4d2d-874a-1e4700c67398@group-09A5C1734F32-FollowerState
2025-09-07 09:46:21,670 [e6e13cb3-e32b-4d2d-874a-1e4700c67398@group-09A5C1734F32-FollowerState] INFO  server.RaftServer$Division (RaftServerImpl.java:setRole(392)) - e6e13cb3-e32b-4d2d-874a-1e4700c67398@group-09A5C1734F32: changes role from  FOLLOWER to CANDIDATE at term 1 for changeToCandidate
2025-09-07 09:46:21,670 [e6e13cb3-e32b-4d2d-874a-1e4700c67398@group-09A5C1734F32-FollowerState] INFO  impl.RoleInfo (RoleInfo.java:updateAndGet(148)) - e6e13cb3-e32b-4d2d-874a-1e4700c67398: start e6e13cb3-e32b-4d2d-874a-1e4700c67398@group-09A5C1734F32-LeaderElection211
2025-09-07 09:46:21,670 [e6e13cb3-e32b-4d2d-874a-1e4700c67398@group-09A5C1734F32-LeaderElection211] INFO  impl.LeaderElection (LeaderElection.java:askForVotes(448)) - e6e13cb3-e32b-4d2d-874a-1e4700c67398@group-09A5C1734F32-LeaderElection211 PRE_VOTE round 0: submit vote requests at term 1 for conf: {index: 0, cur=peers:[90a60b70-6b91-4fb2-a612-7ac0b6911dfc|127.0.0.1:15047, e6e13cb3-e32b-4d2d-874a-1e4700c67398|127.0.0.1:15055, 7c7182dc-ac7f-44a8-b1d4-5d10f99cbcf2|127.0.0.1:15039]|listeners:[], old=null}
2025-09-07 09:46:21,671 [e6e13cb3-e32b-4d2d-874a-1e4700c67398@group-09A5C1734F32-LeaderElection211] INFO  impl.LeaderElection (LogUtils.java:infoOrTrace(142)) - e6e13cb3-e32b-4d2d-874a-1e4700c67398@group-09A5C1734F32-LeaderElection211 got exception when requesting votes: java.util.concurrent.ExecutionException: org.apache.ratis.thirdparty.io.grpc.StatusRuntimeException: UNAVAILABLE: io exception
2025-09-07 09:46:21,671 [e6e13cb3-e32b-4d2d-874a-1e4700c67398@group-09A5C1734F32-LeaderElection211] INFO  impl.LeaderElection (LogUtils.java:infoOrTrace(142)) - e6e13cb3-e32b-4d2d-874a-1e4700c67398@group-09A5C1734F32-LeaderElection211 got exception when requesting votes: java.util.concurrent.ExecutionException: org.apache.ratis.thirdparty.io.grpc.StatusRuntimeException: UNAVAILABLE: io exception
2025-09-07 09:46:21,671 [e6e13cb3-e32b-4d2d-874a-1e4700c67398@group-09A5C1734F32-LeaderElection211] INFO  impl.LeaderElection (LeaderElection.java:logAndReturn(206)) - e6e13cb3-e32b-4d2d-874a-1e4700c67398@group-09A5C1734F32-LeaderElection211: PRE_VOTE REJECTED received 0 response(s) and 2 exception(s):
2025-09-07 09:46:21,671 [e6e13cb3-e32b-4d2d-874a-1e4700c67398@group-09A5C1734F32-LeaderElection211] INFO  impl.LeaderElection (LogUtils.java:infoOrTrace(142)) -   Exception 0: java.util.concurrent.ExecutionException: org.apache.ratis.thirdparty.io.grpc.StatusRuntimeException: UNAVAILABLE: io exception
2025-09-07 09:46:21,671 [e6e13cb3-e32b-4d2d-874a-1e4700c67398@group-09A5C1734F32-LeaderElection211] INFO  impl.LeaderElection (LogUtils.java:infoOrTrace(142)) -   Exception 1: java.util.concurrent.ExecutionException: org.apache.ratis.thirdparty.io.grpc.StatusRuntimeException: UNAVAILABLE: io exception
2025-09-07 09:46:21,671 [e6e13cb3-e32b-4d2d-874a-1e4700c67398@group-09A5C1734F32-LeaderElection211] INFO  impl.LeaderElection (LeaderElection.java:askForVotes(450)) - e6e13cb3-e32b-4d2d-874a-1e4700c67398@group-09A5C1734F32-LeaderElection211 PRE_VOTE round 0: result REJECTED
2025-09-07 09:46:21,671 [e6e13cb3-e32b-4d2d-874a-1e4700c67398@group-09A5C1734F32-LeaderElection211] INFO  server.RaftServer$Division (RaftServerImpl.java:setRole(392)) - e6e13cb3-e32b-4d2d-874a-1e4700c67398@group-09A5C1734F32: changes role from CANDIDATE to FOLLOWER at term 1 for REJECTED
2025-09-07 09:46:21,671 [e6e13cb3-e32b-4d2d-874a-1e4700c67398@group-09A5C1734F32-LeaderElection211] INFO  impl.RoleInfo (RoleInfo.java:shutdownLeaderElection(141)) - e6e13cb3-e32b-4d2d-874a-1e4700c67398: shutdown e6e13cb3-e32b-4d2d-874a-1e4700c67398@group-09A5C1734F32-LeaderElection211
2025-09-07 09:46:21,671 [e6e13cb3-e32b-4d2d-874a-1e4700c67398@group-09A5C1734F32-LeaderElection211] INFO  impl.RoleInfo (RoleInfo.java:updateAndGet(148)) - e6e13cb3-e32b-4d2d-874a-1e4700c67398: start e6e13cb3-e32b-4d2d-874a-1e4700c67398@group-09A5C1734F32-FollowerState
2025-09-07 09:46:21,742 [e6e13cb3-e32b-4d2d-874a-1e4700c67398@group-9E511D2458D0-FollowerState] INFO  impl.FollowerState (FollowerState.java:runImpl(161)) - e6e13cb3-e32b-4d2d-874a-1e4700c67398@group-9E511D2458D0-FollowerState: change to CANDIDATE, lastRpcElapsedTime:1194229071ns, electionTimeout:1194ms
2025-09-07 09:46:21,742 [e6e13cb3-e32b-4d2d-874a-1e4700c67398@group-9E511D2458D0-FollowerState] INFO  impl.RoleInfo (RoleInfo.java:shutdownFollowerState(121)) - e6e13cb3-e32b-4d2d-874a-1e4700c67398: shutdown e6e13cb3-e32b-4d2d-874a-1e4700c67398@group-9E511D2458D0-FollowerState
2025-09-07 09:46:21,742 [e6e13cb3-e32b-4d2d-874a-1e4700c67398@group-9E511D2458D0-FollowerState] INFO  server.RaftServer$Division (RaftServerImpl.java:setRole(392)) - e6e13cb3-e32b-4d2d-874a-1e4700c67398@group-9E511D2458D0: changes role from  FOLLOWER to CANDIDATE at term 1 for changeToCandidate
2025-09-07 09:46:21,742 [e6e13cb3-e32b-4d2d-874a-1e4700c67398@group-9E511D2458D0-FollowerState] INFO  impl.RoleInfo (RoleInfo.java:updateAndGet(148)) - e6e13cb3-e32b-4d2d-874a-1e4700c67398: start e6e13cb3-e32b-4d2d-874a-1e4700c67398@group-9E511D2458D0-LeaderElection212
2025-09-07 09:46:21,742 [e6e13cb3-e32b-4d2d-874a-1e4700c67398@group-9E511D2458D0-LeaderElection212] INFO  impl.LeaderElection (LeaderElection.java:askForVotes(448)) - e6e13cb3-e32b-4d2d-874a-1e4700c67398@group-9E511D2458D0-LeaderElection212 PRE_VOTE round 0: submit vote requests at term 1 for conf: {index: 0, cur=peers:[90a60b70-6b91-4fb2-a612-7ac0b6911dfc|127.0.0.1:15047, e6e13cb3-e32b-4d2d-874a-1e4700c67398|127.0.0.1:15055, 7c7182dc-ac7f-44a8-b1d4-5d10f99cbcf2|127.0.0.1:15039]|listeners:[], old=null}
2025-09-07 09:46:21,743 [e6e13cb3-e32b-4d2d-874a-1e4700c67398@group-9E511D2458D0-LeaderElection212] INFO  impl.LeaderElection (LogUtils.java:infoOrTrace(142)) - e6e13cb3-e32b-4d2d-874a-1e4700c67398@group-9E511D2458D0-LeaderElection212 got exception when requesting votes: java.util.concurrent.ExecutionException: org.apache.ratis.thirdparty.io.grpc.StatusRuntimeException: UNAVAILABLE: io exception
2025-09-07 09:46:21,743 [e6e13cb3-e32b-4d2d-874a-1e4700c67398@group-9E511D2458D0-LeaderElection212] INFO  impl.LeaderElection (LogUtils.java:infoOrTrace(142)) - e6e13cb3-e32b-4d2d-874a-1e4700c67398@group-9E511D2458D0-LeaderElection212 got exception when requesting votes: java.util.concurrent.ExecutionException: org.apache.ratis.thirdparty.io.grpc.StatusRuntimeException: UNAVAILABLE: io exception
2025-09-07 09:46:21,743 [e6e13cb3-e32b-4d2d-874a-1e4700c67398@group-9E511D2458D0-LeaderElection212] INFO  impl.LeaderElection (LeaderElection.java:logAndReturn(206)) - e6e13cb3-e32b-4d2d-874a-1e4700c67398@group-9E511D2458D0-LeaderElection212: PRE_VOTE REJECTED received 0 response(s) and 2 exception(s):
2025-09-07 09:46:21,743 [e6e13cb3-e32b-4d2d-874a-1e4700c67398@group-9E511D2458D0-LeaderElection212] INFO  impl.LeaderElection (LogUtils.java:infoOrTrace(142)) -   Exception 0: java.util.concurrent.ExecutionException: org.apache.ratis.thirdparty.io.grpc.StatusRuntimeException: UNAVAILABLE: io exception
2025-09-07 09:46:21,743 [e6e13cb3-e32b-4d2d-874a-1e4700c67398@group-9E511D2458D0-LeaderElection212] INFO  impl.LeaderElection (LogUtils.java:infoOrTrace(142)) -   Exception 1: java.util.concurrent.ExecutionException: org.apache.ratis.thirdparty.io.grpc.StatusRuntimeException: UNAVAILABLE: io exception
2025-09-07 09:46:21,743 [e6e13cb3-e32b-4d2d-874a-1e4700c67398@group-9E511D2458D0-LeaderElection212] INFO  impl.LeaderElection (LeaderElection.java:askForVotes(450)) - e6e13cb3-e32b-4d2d-874a-1e4700c67398@group-9E511D2458D0-LeaderElection212 PRE_VOTE round 0: result REJECTED
2025-09-07 09:46:21,743 [e6e13cb3-e32b-4d2d-874a-1e4700c67398@group-9E511D2458D0-LeaderElection212] INFO  server.RaftServer$Division (RaftServerImpl.java:setRole(392)) - e6e13cb3-e32b-4d2d-874a-1e4700c67398@group-9E511D2458D0: changes role from CANDIDATE to FOLLOWER at term 1 for REJECTED
2025-09-07 09:46:21,743 [e6e13cb3-e32b-4d2d-874a-1e4700c67398@group-9E511D2458D0-LeaderElection212] INFO  impl.RoleInfo (RoleInfo.java:shutdownLeaderElection(141)) - e6e13cb3-e32b-4d2d-874a-1e4700c67398: shutdown e6e13cb3-e32b-4d2d-874a-1e4700c67398@group-9E511D2458D0-LeaderElection212
2025-09-07 09:46:21,743 [e6e13cb3-e32b-4d2d-874a-1e4700c67398@group-9E511D2458D0-LeaderElection212] INFO  impl.RoleInfo (RoleInfo.java:updateAndGet(148)) - e6e13cb3-e32b-4d2d-874a-1e4700c67398: start e6e13cb3-e32b-4d2d-874a-1e4700c67398@group-9E511D2458D0-FollowerState
2025-09-07 09:46:22,693 [grpc-default-executor-6] ERROR impl.OrderedAsync (OrderedAsync.java:lambda$null$6(215)) -  client-31430F4BE28C: Failed* RaftClientRequest:client-31430F4BE28C->e6e13cb3-e32b-4d2d-874a-1e4700c67398@group-9E511D2458D0, cid=57, seq=1*, Watch(0), null
java.util.concurrent.CompletionException: org.apache.ratis.protocol.exceptions.NotLeaderException: Server e6e13cb3-e32b-4d2d-874a-1e4700c67398@group-9E511D2458D0 is not the leader
	at java.base/java.util.concurrent.CompletableFuture.encodeThrowable(CompletableFuture.java:332)
	at java.base/java.util.concurrent.CompletableFuture.completeThrowable(CompletableFuture.java:347)
	at java.base/java.util.concurrent.CompletableFuture$UniAccept.tryFire(CompletableFuture.java:708)
	at java.base/java.util.concurrent.CompletableFuture.postComplete(CompletableFuture.java:510)
	at java.base/java.util.concurrent.CompletableFuture.completeExceptionally(CompletableFuture.java:2194)
	at org.apache.ratis.grpc.client.GrpcClientProtocolClient$AsyncStreamObservers.completeReplyExceptionally(GrpcClientProtocolClient.java:397)
	at org.apache.ratis.grpc.client.GrpcClientProtocolClient$AsyncStreamObservers.access$000(GrpcClientProtocolClient.java:303)
	at org.apache.ratis.grpc.client.GrpcClientProtocolClient$AsyncStreamObservers$1.onNext(GrpcClientProtocolClient.java:317)
	at org.apache.ratis.grpc.client.GrpcClientProtocolClient$AsyncStreamObservers$1.onNext(GrpcClientProtocolClient.java:308)
	at org.apache.ratis.thirdparty.io.grpc.stub.ClientCalls$StreamObserverToCallListenerAdapter.onMessage(ClientCalls.java:551)
	at org.apache.ratis.thirdparty.io.grpc.ForwardingClientCallListener.onMessage(ForwardingClientCallListener.java:33)
	at org.apache.ratis.thirdparty.io.grpc.internal.ClientCallImpl$ClientStreamListenerImpl$1MessagesAvailable.runInternal(ClientCallImpl.java:661)
	at org.apache.ratis.thirdparty.io.grpc.internal.ClientCallImpl$ClientStreamListenerImpl$1MessagesAvailable.runInContext(ClientCallImpl.java:648)
	at org.apache.ratis.thirdparty.io.grpc.internal.ContextRunnable.run(ContextRunnable.java:37)
	at org.apache.ratis.thirdparty.io.grpc.internal.SerializingExecutor.run(SerializingExecutor.java:133)
	at java.base/java.util.concurrent.ThreadPoolExecutor.runWorker(ThreadPoolExecutor.java:1144)
	at java.base/java.util.concurrent.ThreadPoolExecutor$Worker.run(ThreadPoolExecutor.java:642)
	at java.base/java.lang.Thread.run(Thread.java:1583)
Caused by: org.apache.ratis.protocol.exceptions.NotLeaderException: Server e6e13cb3-e32b-4d2d-874a-1e4700c67398@group-9E511D2458D0 is not the leader
	at org.apache.ratis.client.impl.ClientProtoUtils.toRaftClientReply(ClientProtoUtils.java:402)
	at org.apache.ratis.grpc.client.GrpcClientProtocolClient$AsyncStreamObservers$1.onNext(GrpcClientProtocolClient.java:313)
	... 10 more
2025-09-07 09:46:22,791 [e6e13cb3-e32b-4d2d-874a-1e4700c67398@group-09A5C1734F32-FollowerState] INFO  impl.FollowerState (FollowerState.java:runImpl(161)) - e6e13cb3-e32b-4d2d-874a-1e4700c67398@group-09A5C1734F32-FollowerState: change to CANDIDATE, lastRpcElapsedTime:1120262725ns, electionTimeout:1120ms
2025-09-07 09:46:22,791 [e6e13cb3-e32b-4d2d-874a-1e4700c67398@group-09A5C1734F32-FollowerState] INFO  impl.RoleInfo (RoleInfo.java:shutdownFollowerState(121)) - e6e13cb3-e32b-4d2d-874a-1e4700c67398: shutdown e6e13cb3-e32b-4d2d-874a-1e4700c67398@group-09A5C1734F32-FollowerState
2025-09-07 09:46:22,791 [e6e13cb3-e32b-4d2d-874a-1e4700c67398@group-09A5C1734F32-FollowerState] INFO  server.RaftServer$Division (RaftServerImpl.java:setRole(392)) - e6e13cb3-e32b-4d2d-874a-1e4700c67398@group-09A5C1734F32: changes role from  FOLLOWER to CANDIDATE at term 1 for changeToCandidate
2025-09-07 09:46:22,792 [e6e13cb3-e32b-4d2d-874a-1e4700c67398@group-09A5C1734F32-FollowerState] INFO  impl.RoleInfo (RoleInfo.java:updateAndGet(148)) - e6e13cb3-e32b-4d2d-874a-1e4700c67398: start e6e13cb3-e32b-4d2d-874a-1e4700c67398@group-09A5C1734F32-LeaderElection213
2025-09-07 09:46:22,792 [e6e13cb3-e32b-4d2d-874a-1e4700c67398@group-09A5C1734F32-LeaderElection213] INFO  impl.LeaderElection (LeaderElection.java:askForVotes(448)) - e6e13cb3-e32b-4d2d-874a-1e4700c67398@group-09A5C1734F32-LeaderElection213 PRE_VOTE round 0: submit vote requests at term 1 for conf: {index: 0, cur=peers:[90a60b70-6b91-4fb2-a612-7ac0b6911dfc|127.0.0.1:15047, e6e13cb3-e32b-4d2d-874a-1e4700c67398|127.0.0.1:15055, 7c7182dc-ac7f-44a8-b1d4-5d10f99cbcf2|127.0.0.1:15039]|listeners:[], old=null}
2025-09-07 09:46:22,792 [e6e13cb3-e32b-4d2d-874a-1e4700c67398@group-09A5C1734F32-LeaderElection213] INFO  impl.LeaderElection (LogUtils.java:infoOrTrace(142)) - e6e13cb3-e32b-4d2d-874a-1e4700c67398@group-09A5C1734F32-LeaderElection213 got exception when requesting votes: java.util.concurrent.ExecutionException: org.apache.ratis.thirdparty.io.grpc.StatusRuntimeException: UNAVAILABLE: io exception
2025-09-07 09:46:22,792 [e6e13cb3-e32b-4d2d-874a-1e4700c67398@group-09A5C1734F32-LeaderElection213] INFO  impl.LeaderElection (LogUtils.java:infoOrTrace(142)) - e6e13cb3-e32b-4d2d-874a-1e4700c67398@group-09A5C1734F32-LeaderElection213 got exception when requesting votes: java.util.concurrent.ExecutionException: org.apache.ratis.thirdparty.io.grpc.StatusRuntimeException: UNAVAILABLE: io exception
2025-09-07 09:46:22,793 [e6e13cb3-e32b-4d2d-874a-1e4700c67398@group-09A5C1734F32-LeaderElection213] INFO  impl.LeaderElection (LeaderElection.java:logAndReturn(206)) - e6e13cb3-e32b-4d2d-874a-1e4700c67398@group-09A5C1734F32-LeaderElection213: PRE_VOTE REJECTED received 0 response(s) and 2 exception(s):
2025-09-07 09:46:22,793 [e6e13cb3-e32b-4d2d-874a-1e4700c67398@group-09A5C1734F32-LeaderElection213] INFO  impl.LeaderElection (LogUtils.java:infoOrTrace(142)) -   Exception 0: java.util.concurrent.ExecutionException: org.apache.ratis.thirdparty.io.grpc.StatusRuntimeException: UNAVAILABLE: io exception
2025-09-07 09:46:22,793 [e6e13cb3-e32b-4d2d-874a-1e4700c67398@group-09A5C1734F32-LeaderElection213] INFO  impl.LeaderElection (LogUtils.java:infoOrTrace(142)) -   Exception 1: java.util.concurrent.ExecutionException: org.apache.ratis.thirdparty.io.grpc.StatusRuntimeException: UNAVAILABLE: io exception
2025-09-07 09:46:22,793 [e6e13cb3-e32b-4d2d-874a-1e4700c67398@group-09A5C1734F32-LeaderElection213] INFO  impl.LeaderElection (LeaderElection.java:askForVotes(450)) - e6e13cb3-e32b-4d2d-874a-1e4700c67398@group-09A5C1734F32-LeaderElection213 PRE_VOTE round 0: result REJECTED
2025-09-07 09:46:22,793 [e6e13cb3-e32b-4d2d-874a-1e4700c67398@group-09A5C1734F32-LeaderElection213] INFO  server.RaftServer$Division (RaftServerImpl.java:setRole(392)) - e6e13cb3-e32b-4d2d-874a-1e4700c67398@group-09A5C1734F32: changes role from CANDIDATE to FOLLOWER at term 1 for REJECTED
2025-09-07 09:46:22,793 [e6e13cb3-e32b-4d2d-874a-1e4700c67398@group-09A5C1734F32-LeaderElection213] INFO  impl.RoleInfo (RoleInfo.java:shutdownLeaderElection(141)) - e6e13cb3-e32b-4d2d-874a-1e4700c67398: shutdown e6e13cb3-e32b-4d2d-874a-1e4700c67398@group-09A5C1734F32-LeaderElection213
2025-09-07 09:46:22,793 [e6e13cb3-e32b-4d2d-874a-1e4700c67398@group-09A5C1734F32-LeaderElection213] INFO  impl.RoleInfo (RoleInfo.java:updateAndGet(148)) - e6e13cb3-e32b-4d2d-874a-1e4700c67398: start e6e13cb3-e32b-4d2d-874a-1e4700c67398@group-09A5C1734F32-FollowerState
2025-09-07 09:46:22,892 [e6e13cb3-e32b-4d2d-874a-1e4700c67398@group-9E511D2458D0-FollowerState] INFO  impl.FollowerState (FollowerState.java:runImpl(161)) - e6e13cb3-e32b-4d2d-874a-1e4700c67398@group-9E511D2458D0-FollowerState: change to CANDIDATE, lastRpcElapsedTime:1148323478ns, electionTimeout:1148ms
2025-09-07 09:46:22,892 [e6e13cb3-e32b-4d2d-874a-1e4700c67398@group-9E511D2458D0-FollowerState] INFO  impl.RoleInfo (RoleInfo.java:shutdownFollowerState(121)) - e6e13cb3-e32b-4d2d-874a-1e4700c67398: shutdown e6e13cb3-e32b-4d2d-874a-1e4700c67398@group-9E511D2458D0-FollowerState
2025-09-07 09:46:22,892 [e6e13cb3-e32b-4d2d-874a-1e4700c67398@group-9E511D2458D0-FollowerState] INFO  server.RaftServer$Division (RaftServerImpl.java:setRole(392)) - e6e13cb3-e32b-4d2d-874a-1e4700c67398@group-9E511D2458D0: changes role from  FOLLOWER to CANDIDATE at term 1 for changeToCandidate
2025-09-07 09:46:22,892 [e6e13cb3-e32b-4d2d-874a-1e4700c67398@group-9E511D2458D0-FollowerState] INFO  impl.RoleInfo (RoleInfo.java:updateAndGet(148)) - e6e13cb3-e32b-4d2d-874a-1e4700c67398: start e6e13cb3-e32b-4d2d-874a-1e4700c67398@group-9E511D2458D0-LeaderElection214
2025-09-07 09:46:22,892 [e6e13cb3-e32b-4d2d-874a-1e4700c67398@group-9E511D2458D0-LeaderElection214] INFO  impl.LeaderElection (LeaderElection.java:askForVotes(448)) - e6e13cb3-e32b-4d2d-874a-1e4700c67398@group-9E511D2458D0-LeaderElection214 PRE_VOTE round 0: submit vote requests at term 1 for conf: {index: 0, cur=peers:[90a60b70-6b91-4fb2-a612-7ac0b6911dfc|127.0.0.1:15047, e6e13cb3-e32b-4d2d-874a-1e4700c67398|127.0.0.1:15055, 7c7182dc-ac7f-44a8-b1d4-5d10f99cbcf2|127.0.0.1:15039]|listeners:[], old=null}
2025-09-07 09:46:22,893 [e6e13cb3-e32b-4d2d-874a-1e4700c67398@group-9E511D2458D0-LeaderElection214] INFO  impl.LeaderElection (LogUtils.java:infoOrTrace(142)) - e6e13cb3-e32b-4d2d-874a-1e4700c67398@group-9E511D2458D0-LeaderElection214 got exception when requesting votes: java.util.concurrent.ExecutionException: org.apache.ratis.thirdparty.io.grpc.StatusRuntimeException: UNAVAILABLE: io exception
2025-09-07 09:46:22,893 [e6e13cb3-e32b-4d2d-874a-1e4700c67398@group-9E511D2458D0-LeaderElection214] INFO  impl.LeaderElection (LogUtils.java:infoOrTrace(142)) - e6e13cb3-e32b-4d2d-874a-1e4700c67398@group-9E511D2458D0-LeaderElection214 got exception when requesting votes: java.util.concurrent.ExecutionException: org.apache.ratis.thirdparty.io.grpc.StatusRuntimeException: UNAVAILABLE: io exception
2025-09-07 09:46:22,893 [e6e13cb3-e32b-4d2d-874a-1e4700c67398@group-9E511D2458D0-LeaderElection214] INFO  impl.LeaderElection (LeaderElection.java:logAndReturn(206)) - e6e13cb3-e32b-4d2d-874a-1e4700c67398@group-9E511D2458D0-LeaderElection214: PRE_VOTE REJECTED received 0 response(s) and 2 exception(s):
2025-09-07 09:46:22,893 [e6e13cb3-e32b-4d2d-874a-1e4700c67398@group-9E511D2458D0-LeaderElection214] INFO  impl.LeaderElection (LogUtils.java:infoOrTrace(142)) -   Exception 0: java.util.concurrent.ExecutionException: org.apache.ratis.thirdparty.io.grpc.StatusRuntimeException: UNAVAILABLE: io exception
2025-09-07 09:46:22,893 [e6e13cb3-e32b-4d2d-874a-1e4700c67398@group-9E511D2458D0-LeaderElection214] INFO  impl.LeaderElection (LogUtils.java:infoOrTrace(142)) -   Exception 1: java.util.concurrent.ExecutionException: org.apache.ratis.thirdparty.io.grpc.StatusRuntimeException: UNAVAILABLE: io exception
2025-09-07 09:46:22,893 [e6e13cb3-e32b-4d2d-874a-1e4700c67398@group-9E511D2458D0-LeaderElection214] INFO  impl.LeaderElection (LeaderElection.java:askForVotes(450)) - e6e13cb3-e32b-4d2d-874a-1e4700c67398@group-9E511D2458D0-LeaderElection214 PRE_VOTE round 0: result REJECTED
2025-09-07 09:46:22,893 [e6e13cb3-e32b-4d2d-874a-1e4700c67398@group-9E511D2458D0-LeaderElection214] INFO  server.RaftServer$Division (RaftServerImpl.java:setRole(392)) - e6e13cb3-e32b-4d2d-874a-1e4700c67398@group-9E511D2458D0: changes role from CANDIDATE to FOLLOWER at term 1 for REJECTED
2025-09-07 09:46:22,893 [e6e13cb3-e32b-4d2d-874a-1e4700c67398@group-9E511D2458D0-LeaderElection214] INFO  impl.RoleInfo (RoleInfo.java:shutdownLeaderElection(141)) - e6e13cb3-e32b-4d2d-874a-1e4700c67398: shutdown e6e13cb3-e32b-4d2d-874a-1e4700c67398@group-9E511D2458D0-LeaderElection214
2025-09-07 09:46:22,893 [e6e13cb3-e32b-4d2d-874a-1e4700c67398@group-9E511D2458D0-LeaderElection214] INFO  impl.RoleInfo (RoleInfo.java:updateAndGet(148)) - e6e13cb3-e32b-4d2d-874a-1e4700c67398: start e6e13cb3-e32b-4d2d-874a-1e4700c67398@group-9E511D2458D0-FollowerState
2025-09-07 09:46:23,866 [e6e13cb3-e32b-4d2d-874a-1e4700c67398@group-09A5C1734F32-FollowerState] INFO  impl.FollowerState (FollowerState.java:runImpl(161)) - e6e13cb3-e32b-4d2d-874a-1e4700c67398@group-09A5C1734F32-FollowerState: change to CANDIDATE, lastRpcElapsedTime:1073291275ns, electionTimeout:1073ms
2025-09-07 09:46:23,866 [e6e13cb3-e32b-4d2d-874a-1e4700c67398@group-09A5C1734F32-FollowerState] INFO  impl.RoleInfo (RoleInfo.java:shutdownFollowerState(121)) - e6e13cb3-e32b-4d2d-874a-1e4700c67398: shutdown e6e13cb3-e32b-4d2d-874a-1e4700c67398@group-09A5C1734F32-FollowerState
2025-09-07 09:46:23,866 [e6e13cb3-e32b-4d2d-874a-1e4700c67398@group-09A5C1734F32-FollowerState] INFO  server.RaftServer$Division (RaftServerImpl.java:setRole(392)) - e6e13cb3-e32b-4d2d-874a-1e4700c67398@group-09A5C1734F32: changes role from  FOLLOWER to CANDIDATE at term 1 for changeToCandidate
2025-09-07 09:46:23,866 [e6e13cb3-e32b-4d2d-874a-1e4700c67398@group-09A5C1734F32-FollowerState] INFO  impl.RoleInfo (RoleInfo.java:updateAndGet(148)) - e6e13cb3-e32b-4d2d-874a-1e4700c67398: start e6e13cb3-e32b-4d2d-874a-1e4700c67398@group-09A5C1734F32-LeaderElection215
2025-09-07 09:46:23,867 [e6e13cb3-e32b-4d2d-874a-1e4700c67398@group-09A5C1734F32-LeaderElection215] INFO  impl.LeaderElection (LeaderElection.java:askForVotes(448)) - e6e13cb3-e32b-4d2d-874a-1e4700c67398@group-09A5C1734F32-LeaderElection215 PRE_VOTE round 0: submit vote requests at term 1 for conf: {index: 0, cur=peers:[90a60b70-6b91-4fb2-a612-7ac0b6911dfc|127.0.0.1:15047, e6e13cb3-e32b-4d2d-874a-1e4700c67398|127.0.0.1:15055, 7c7182dc-ac7f-44a8-b1d4-5d10f99cbcf2|127.0.0.1:15039]|listeners:[], old=null}
2025-09-07 09:46:23,867 [e6e13cb3-e32b-4d2d-874a-1e4700c67398@group-09A5C1734F32-LeaderElection215] INFO  impl.LeaderElection (LogUtils.java:infoOrTrace(142)) - e6e13cb3-e32b-4d2d-874a-1e4700c67398@group-09A5C1734F32-LeaderElection215 got exception when requesting votes: java.util.concurrent.ExecutionException: org.apache.ratis.thirdparty.io.grpc.StatusRuntimeException: UNAVAILABLE: io exception
2025-09-07 09:46:23,867 [e6e13cb3-e32b-4d2d-874a-1e4700c67398@group-09A5C1734F32-LeaderElection215] INFO  impl.LeaderElection (LogUtils.java:infoOrTrace(142)) - e6e13cb3-e32b-4d2d-874a-1e4700c67398@group-09A5C1734F32-LeaderElection215 got exception when requesting votes: java.util.concurrent.ExecutionException: org.apache.ratis.thirdparty.io.grpc.StatusRuntimeException: UNAVAILABLE: io exception
2025-09-07 09:46:23,867 [e6e13cb3-e32b-4d2d-874a-1e4700c67398@group-09A5C1734F32-LeaderElection215] INFO  impl.LeaderElection (LeaderElection.java:logAndReturn(206)) - e6e13cb3-e32b-4d2d-874a-1e4700c67398@group-09A5C1734F32-LeaderElection215: PRE_VOTE REJECTED received 0 response(s) and 2 exception(s):
2025-09-07 09:46:23,867 [e6e13cb3-e32b-4d2d-874a-1e4700c67398@group-09A5C1734F32-LeaderElection215] INFO  impl.LeaderElection (LogUtils.java:infoOrTrace(142)) -   Exception 0: java.util.concurrent.ExecutionException: org.apache.ratis.thirdparty.io.grpc.StatusRuntimeException: UNAVAILABLE: io exception
2025-09-07 09:46:23,867 [e6e13cb3-e32b-4d2d-874a-1e4700c67398@group-09A5C1734F32-LeaderElection215] INFO  impl.LeaderElection (LogUtils.java:infoOrTrace(142)) -   Exception 1: java.util.concurrent.ExecutionException: org.apache.ratis.thirdparty.io.grpc.StatusRuntimeException: UNAVAILABLE: io exception
2025-09-07 09:46:23,867 [e6e13cb3-e32b-4d2d-874a-1e4700c67398@group-09A5C1734F32-LeaderElection215] INFO  impl.LeaderElection (LeaderElection.java:askForVotes(450)) - e6e13cb3-e32b-4d2d-874a-1e4700c67398@group-09A5C1734F32-LeaderElection215 PRE_VOTE round 0: result REJECTED
2025-09-07 09:46:23,868 [e6e13cb3-e32b-4d2d-874a-1e4700c67398@group-09A5C1734F32-LeaderElection215] INFO  server.RaftServer$Division (RaftServerImpl.java:setRole(392)) - e6e13cb3-e32b-4d2d-874a-1e4700c67398@group-09A5C1734F32: changes role from CANDIDATE to FOLLOWER at term 1 for REJECTED
2025-09-07 09:46:23,868 [e6e13cb3-e32b-4d2d-874a-1e4700c67398@group-09A5C1734F32-LeaderElection215] INFO  impl.RoleInfo (RoleInfo.java:shutdownLeaderElection(141)) - e6e13cb3-e32b-4d2d-874a-1e4700c67398: shutdown e6e13cb3-e32b-4d2d-874a-1e4700c67398@group-09A5C1734F32-LeaderElection215
2025-09-07 09:46:23,868 [e6e13cb3-e32b-4d2d-874a-1e4700c67398@group-09A5C1734F32-LeaderElection215] INFO  impl.RoleInfo (RoleInfo.java:updateAndGet(148)) - e6e13cb3-e32b-4d2d-874a-1e4700c67398: start e6e13cb3-e32b-4d2d-874a-1e4700c67398@group-09A5C1734F32-FollowerState
2025-09-07 09:46:23,909 [e6e13cb3-e32b-4d2d-874a-1e4700c67398@group-9E511D2458D0-FollowerState] INFO  impl.FollowerState (FollowerState.java:runImpl(161)) - e6e13cb3-e32b-4d2d-874a-1e4700c67398@group-9E511D2458D0-FollowerState: change to CANDIDATE, lastRpcElapsedTime:1016272614ns, electionTimeout:1016ms
2025-09-07 09:46:23,909 [e6e13cb3-e32b-4d2d-874a-1e4700c67398@group-9E511D2458D0-FollowerState] INFO  impl.RoleInfo (RoleInfo.java:shutdownFollowerState(121)) - e6e13cb3-e32b-4d2d-874a-1e4700c67398: shutdown e6e13cb3-e32b-4d2d-874a-1e4700c67398@group-9E511D2458D0-FollowerState
2025-09-07 09:46:23,910 [e6e13cb3-e32b-4d2d-874a-1e4700c67398@group-9E511D2458D0-FollowerState] INFO  server.RaftServer$Division (RaftServerImpl.java:setRole(392)) - e6e13cb3-e32b-4d2d-874a-1e4700c67398@group-9E511D2458D0: changes role from  FOLLOWER to CANDIDATE at term 1 for changeToCandidate
2025-09-07 09:46:23,910 [e6e13cb3-e32b-4d2d-874a-1e4700c67398@group-9E511D2458D0-FollowerState] INFO  impl.RoleInfo (RoleInfo.java:updateAndGet(148)) - e6e13cb3-e32b-4d2d-874a-1e4700c67398: start e6e13cb3-e32b-4d2d-874a-1e4700c67398@group-9E511D2458D0-LeaderElection216
2025-09-07 09:46:23,910 [e6e13cb3-e32b-4d2d-874a-1e4700c67398@group-9E511D2458D0-LeaderElection216] INFO  impl.LeaderElection (LeaderElection.java:askForVotes(448)) - e6e13cb3-e32b-4d2d-874a-1e4700c67398@group-9E511D2458D0-LeaderElection216 PRE_VOTE round 0: submit vote requests at term 1 for conf: {index: 0, cur=peers:[90a60b70-6b91-4fb2-a612-7ac0b6911dfc|127.0.0.1:15047, e6e13cb3-e32b-4d2d-874a-1e4700c67398|127.0.0.1:15055, 7c7182dc-ac7f-44a8-b1d4-5d10f99cbcf2|127.0.0.1:15039]|listeners:[], old=null}
2025-09-07 09:46:23,911 [e6e13cb3-e32b-4d2d-874a-1e4700c67398@group-9E511D2458D0-LeaderElection216] INFO  impl.LeaderElection (LogUtils.java:infoOrTrace(142)) - e6e13cb3-e32b-4d2d-874a-1e4700c67398@group-9E511D2458D0-LeaderElection216 got exception when requesting votes: java.util.concurrent.ExecutionException: org.apache.ratis.thirdparty.io.grpc.StatusRuntimeException: UNAVAILABLE: io exception
2025-09-07 09:46:23,911 [e6e13cb3-e32b-4d2d-874a-1e4700c67398@group-9E511D2458D0-LeaderElection216] INFO  impl.LeaderElection (LogUtils.java:infoOrTrace(142)) - e6e13cb3-e32b-4d2d-874a-1e4700c67398@group-9E511D2458D0-LeaderElection216 got exception when requesting votes: java.util.concurrent.ExecutionException: org.apache.ratis.thirdparty.io.grpc.StatusRuntimeException: UNAVAILABLE: io exception
2025-09-07 09:46:23,911 [e6e13cb3-e32b-4d2d-874a-1e4700c67398@group-9E511D2458D0-LeaderElection216] INFO  impl.LeaderElection (LeaderElection.java:logAndReturn(206)) - e6e13cb3-e32b-4d2d-874a-1e4700c67398@group-9E511D2458D0-LeaderElection216: PRE_VOTE REJECTED received 0 response(s) and 2 exception(s):
2025-09-07 09:46:23,911 [e6e13cb3-e32b-4d2d-874a-1e4700c67398@group-9E511D2458D0-LeaderElection216] INFO  impl.LeaderElection (LogUtils.java:infoOrTrace(142)) -   Exception 0: java.util.concurrent.ExecutionException: org.apache.ratis.thirdparty.io.grpc.StatusRuntimeException: UNAVAILABLE: io exception
2025-09-07 09:46:23,911 [e6e13cb3-e32b-4d2d-874a-1e4700c67398@group-9E511D2458D0-LeaderElection216] INFO  impl.LeaderElection (LogUtils.java:infoOrTrace(142)) -   Exception 1: java.util.concurrent.ExecutionException: org.apache.ratis.thirdparty.io.grpc.StatusRuntimeException: UNAVAILABLE: io exception
2025-09-07 09:46:23,911 [e6e13cb3-e32b-4d2d-874a-1e4700c67398@group-9E511D2458D0-LeaderElection216] INFO  impl.LeaderElection (LeaderElection.java:askForVotes(450)) - e6e13cb3-e32b-4d2d-874a-1e4700c67398@group-9E511D2458D0-LeaderElection216 PRE_VOTE round 0: result REJECTED
2025-09-07 09:46:23,911 [e6e13cb3-e32b-4d2d-874a-1e4700c67398@group-9E511D2458D0-LeaderElection216] INFO  server.RaftServer$Division (RaftServerImpl.java:setRole(392)) - e6e13cb3-e32b-4d2d-874a-1e4700c67398@group-9E511D2458D0: changes role from CANDIDATE to FOLLOWER at term 1 for REJECTED
2025-09-07 09:46:23,911 [e6e13cb3-e32b-4d2d-874a-1e4700c67398@group-9E511D2458D0-LeaderElection216] INFO  impl.RoleInfo (RoleInfo.java:shutdownLeaderElection(141)) - e6e13cb3-e32b-4d2d-874a-1e4700c67398: shutdown e6e13cb3-e32b-4d2d-874a-1e4700c67398@group-9E511D2458D0-LeaderElection216
2025-09-07 09:46:23,911 [e6e13cb3-e32b-4d2d-874a-1e4700c67398@group-9E511D2458D0-LeaderElection216] INFO  impl.RoleInfo (RoleInfo.java:updateAndGet(148)) - e6e13cb3-e32b-4d2d-874a-1e4700c67398: start e6e13cb3-e32b-4d2d-874a-1e4700c67398@group-9E511D2458D0-FollowerState
2025-09-07 09:46:24,933 [e6e13cb3-e32b-4d2d-874a-1e4700c67398@group-09A5C1734F32-FollowerState] INFO  impl.FollowerState (FollowerState.java:runImpl(161)) - e6e13cb3-e32b-4d2d-874a-1e4700c67398@group-09A5C1734F32-FollowerState: change to CANDIDATE, lastRpcElapsedTime:1065277552ns, electionTimeout:1065ms
2025-09-07 09:46:24,933 [e6e13cb3-e32b-4d2d-874a-1e4700c67398@group-09A5C1734F32-FollowerState] INFO  impl.RoleInfo (RoleInfo.java:shutdownFollowerState(121)) - e6e13cb3-e32b-4d2d-874a-1e4700c67398: shutdown e6e13cb3-e32b-4d2d-874a-1e4700c67398@group-09A5C1734F32-FollowerState
2025-09-07 09:46:24,933 [e6e13cb3-e32b-4d2d-874a-1e4700c67398@group-09A5C1734F32-FollowerState] INFO  server.RaftServer$Division (RaftServerImpl.java:setRole(392)) - e6e13cb3-e32b-4d2d-874a-1e4700c67398@group-09A5C1734F32: changes role from  FOLLOWER to CANDIDATE at term 1 for changeToCandidate
2025-09-07 09:46:24,933 [e6e13cb3-e32b-4d2d-874a-1e4700c67398@group-09A5C1734F32-FollowerState] INFO  impl.RoleInfo (RoleInfo.java:updateAndGet(148)) - e6e13cb3-e32b-4d2d-874a-1e4700c67398: start e6e13cb3-e32b-4d2d-874a-1e4700c67398@group-09A5C1734F32-LeaderElection217
2025-09-07 09:46:24,933 [e6e13cb3-e32b-4d2d-874a-1e4700c67398@group-09A5C1734F32-LeaderElection217] INFO  impl.LeaderElection (LeaderElection.java:askForVotes(448)) - e6e13cb3-e32b-4d2d-874a-1e4700c67398@group-09A5C1734F32-LeaderElection217 PRE_VOTE round 0: submit vote requests at term 1 for conf: {index: 0, cur=peers:[90a60b70-6b91-4fb2-a612-7ac0b6911dfc|127.0.0.1:15047, e6e13cb3-e32b-4d2d-874a-1e4700c67398|127.0.0.1:15055, 7c7182dc-ac7f-44a8-b1d4-5d10f99cbcf2|127.0.0.1:15039]|listeners:[], old=null}
2025-09-07 09:46:24,934 [e6e13cb3-e32b-4d2d-874a-1e4700c67398@group-09A5C1734F32-LeaderElection217] INFO  impl.LeaderElection (LogUtils.java:infoOrTrace(142)) - e6e13cb3-e32b-4d2d-874a-1e4700c67398@group-09A5C1734F32-LeaderElection217 got exception when requesting votes: java.util.concurrent.ExecutionException: org.apache.ratis.thirdparty.io.grpc.StatusRuntimeException: UNAVAILABLE: io exception
2025-09-07 09:46:24,934 [e6e13cb3-e32b-4d2d-874a-1e4700c67398@group-09A5C1734F32-LeaderElection217] INFO  impl.LeaderElection (LogUtils.java:infoOrTrace(142)) - e6e13cb3-e32b-4d2d-874a-1e4700c67398@group-09A5C1734F32-LeaderElection217 got exception when requesting votes: java.util.concurrent.ExecutionException: org.apache.ratis.thirdparty.io.grpc.StatusRuntimeException: UNAVAILABLE: io exception
2025-09-07 09:46:24,934 [e6e13cb3-e32b-4d2d-874a-1e4700c67398@group-09A5C1734F32-LeaderElection217] INFO  impl.LeaderElection (LeaderElection.java:logAndReturn(206)) - e6e13cb3-e32b-4d2d-874a-1e4700c67398@group-09A5C1734F32-LeaderElection217: PRE_VOTE REJECTED received 0 response(s) and 2 exception(s):
2025-09-07 09:46:24,934 [e6e13cb3-e32b-4d2d-874a-1e4700c67398@group-09A5C1734F32-LeaderElection217] INFO  impl.LeaderElection (LogUtils.java:infoOrTrace(142)) -   Exception 0: java.util.concurrent.ExecutionException: org.apache.ratis.thirdparty.io.grpc.StatusRuntimeException: UNAVAILABLE: io exception
2025-09-07 09:46:24,934 [e6e13cb3-e32b-4d2d-874a-1e4700c67398@group-09A5C1734F32-LeaderElection217] INFO  impl.LeaderElection (LogUtils.java:infoOrTrace(142)) -   Exception 1: java.util.concurrent.ExecutionException: org.apache.ratis.thirdparty.io.grpc.StatusRuntimeException: UNAVAILABLE: io exception
2025-09-07 09:46:24,934 [e6e13cb3-e32b-4d2d-874a-1e4700c67398@group-09A5C1734F32-LeaderElection217] INFO  impl.LeaderElection (LeaderElection.java:askForVotes(450)) - e6e13cb3-e32b-4d2d-874a-1e4700c67398@group-09A5C1734F32-LeaderElection217 PRE_VOTE round 0: result REJECTED
2025-09-07 09:46:24,934 [e6e13cb3-e32b-4d2d-874a-1e4700c67398@group-09A5C1734F32-LeaderElection217] INFO  server.RaftServer$Division (RaftServerImpl.java:setRole(392)) - e6e13cb3-e32b-4d2d-874a-1e4700c67398@group-09A5C1734F32: changes role from CANDIDATE to FOLLOWER at term 1 for REJECTED
2025-09-07 09:46:24,934 [e6e13cb3-e32b-4d2d-874a-1e4700c67398@group-09A5C1734F32-LeaderElection217] INFO  impl.RoleInfo (RoleInfo.java:shutdownLeaderElection(141)) - e6e13cb3-e32b-4d2d-874a-1e4700c67398: shutdown e6e13cb3-e32b-4d2d-874a-1e4700c67398@group-09A5C1734F32-LeaderElection217
2025-09-07 09:46:24,934 [e6e13cb3-e32b-4d2d-874a-1e4700c67398@group-09A5C1734F32-LeaderElection217] INFO  impl.RoleInfo (RoleInfo.java:updateAndGet(148)) - e6e13cb3-e32b-4d2d-874a-1e4700c67398: start e6e13cb3-e32b-4d2d-874a-1e4700c67398@group-09A5C1734F32-FollowerState
2025-09-07 09:46:25,032 [e6e13cb3-e32b-4d2d-874a-1e4700c67398@group-9E511D2458D0-FollowerState] INFO  impl.FollowerState (FollowerState.java:runImpl(161)) - e6e13cb3-e32b-4d2d-874a-1e4700c67398@group-9E511D2458D0-FollowerState: change to CANDIDATE, lastRpcElapsedTime:1121344532ns, electionTimeout:1121ms
2025-09-07 09:46:25,032 [e6e13cb3-e32b-4d2d-874a-1e4700c67398@group-9E511D2458D0-FollowerState] INFO  impl.RoleInfo (RoleInfo.java:shutdownFollowerState(121)) - e6e13cb3-e32b-4d2d-874a-1e4700c67398: shutdown e6e13cb3-e32b-4d2d-874a-1e4700c67398@group-9E511D2458D0-FollowerState
2025-09-07 09:46:25,033 [e6e13cb3-e32b-4d2d-874a-1e4700c67398@group-9E511D2458D0-FollowerState] INFO  server.RaftServer$Division (RaftServerImpl.java:setRole(392)) - e6e13cb3-e32b-4d2d-874a-1e4700c67398@group-9E511D2458D0: changes role from  FOLLOWER to CANDIDATE at term 1 for changeToCandidate
2025-09-07 09:46:25,033 [e6e13cb3-e32b-4d2d-874a-1e4700c67398@group-9E511D2458D0-FollowerState] INFO  impl.RoleInfo (RoleInfo.java:updateAndGet(148)) - e6e13cb3-e32b-4d2d-874a-1e4700c67398: start e6e13cb3-e32b-4d2d-874a-1e4700c67398@group-9E511D2458D0-LeaderElection218
2025-09-07 09:46:25,033 [e6e13cb3-e32b-4d2d-874a-1e4700c67398@group-9E511D2458D0-LeaderElection218] INFO  impl.LeaderElection (LeaderElection.java:askForVotes(448)) - e6e13cb3-e32b-4d2d-874a-1e4700c67398@group-9E511D2458D0-LeaderElection218 PRE_VOTE round 0: submit vote requests at term 1 for conf: {index: 0, cur=peers:[90a60b70-6b91-4fb2-a612-7ac0b6911dfc|127.0.0.1:15047, e6e13cb3-e32b-4d2d-874a-1e4700c67398|127.0.0.1:15055, 7c7182dc-ac7f-44a8-b1d4-5d10f99cbcf2|127.0.0.1:15039]|listeners:[], old=null}
2025-09-07 09:46:25,033 [e6e13cb3-e32b-4d2d-874a-1e4700c67398@group-9E511D2458D0-LeaderElection218] INFO  impl.LeaderElection (LogUtils.java:infoOrTrace(142)) - e6e13cb3-e32b-4d2d-874a-1e4700c67398@group-9E511D2458D0-LeaderElection218 got exception when requesting votes: java.util.concurrent.ExecutionException: org.apache.ratis.thirdparty.io.grpc.StatusRuntimeException: UNAVAILABLE: io exception
2025-09-07 09:46:25,033 [e6e13cb3-e32b-4d2d-874a-1e4700c67398@group-9E511D2458D0-LeaderElection218] INFO  impl.LeaderElection (LogUtils.java:infoOrTrace(142)) - e6e13cb3-e32b-4d2d-874a-1e4700c67398@group-9E511D2458D0-LeaderElection218 got exception when requesting votes: java.util.concurrent.ExecutionException: org.apache.ratis.thirdparty.io.grpc.StatusRuntimeException: UNAVAILABLE: io exception
2025-09-07 09:46:25,034 [e6e13cb3-e32b-4d2d-874a-1e4700c67398@group-9E511D2458D0-LeaderElection218] INFO  impl.LeaderElection (LeaderElection.java:logAndReturn(206)) - e6e13cb3-e32b-4d2d-874a-1e4700c67398@group-9E511D2458D0-LeaderElection218: PRE_VOTE REJECTED received 0 response(s) and 2 exception(s):
2025-09-07 09:46:25,034 [e6e13cb3-e32b-4d2d-874a-1e4700c67398@group-9E511D2458D0-LeaderElection218] INFO  impl.LeaderElection (LogUtils.java:infoOrTrace(142)) -   Exception 0: java.util.concurrent.ExecutionException: org.apache.ratis.thirdparty.io.grpc.StatusRuntimeException: UNAVAILABLE: io exception
2025-09-07 09:46:25,034 [e6e13cb3-e32b-4d2d-874a-1e4700c67398@group-9E511D2458D0-LeaderElection218] INFO  impl.LeaderElection (LogUtils.java:infoOrTrace(142)) -   Exception 1: java.util.concurrent.ExecutionException: org.apache.ratis.thirdparty.io.grpc.StatusRuntimeException: UNAVAILABLE: io exception
2025-09-07 09:46:25,034 [e6e13cb3-e32b-4d2d-874a-1e4700c67398@group-9E511D2458D0-LeaderElection218] INFO  impl.LeaderElection (LeaderElection.java:askForVotes(450)) - e6e13cb3-e32b-4d2d-874a-1e4700c67398@group-9E511D2458D0-LeaderElection218 PRE_VOTE round 0: result REJECTED
2025-09-07 09:46:25,034 [e6e13cb3-e32b-4d2d-874a-1e4700c67398@group-9E511D2458D0-LeaderElection218] INFO  server.RaftServer$Division (RaftServerImpl.java:setRole(392)) - e6e13cb3-e32b-4d2d-874a-1e4700c67398@group-9E511D2458D0: changes role from CANDIDATE to FOLLOWER at term 1 for REJECTED
2025-09-07 09:46:25,034 [e6e13cb3-e32b-4d2d-874a-1e4700c67398@group-9E511D2458D0-LeaderElection218] INFO  impl.RoleInfo (RoleInfo.java:shutdownLeaderElection(141)) - e6e13cb3-e32b-4d2d-874a-1e4700c67398: shutdown e6e13cb3-e32b-4d2d-874a-1e4700c67398@group-9E511D2458D0-LeaderElection218
2025-09-07 09:46:25,034 [e6e13cb3-e32b-4d2d-874a-1e4700c67398@group-9E511D2458D0-LeaderElection218] INFO  impl.RoleInfo (RoleInfo.java:updateAndGet(148)) - e6e13cb3-e32b-4d2d-874a-1e4700c67398: start e6e13cb3-e32b-4d2d-874a-1e4700c67398@group-9E511D2458D0-FollowerState
2025-09-07 09:46:26,059 [e6e13cb3-e32b-4d2d-874a-1e4700c67398@group-09A5C1734F32-FollowerState] INFO  impl.FollowerState (FollowerState.java:runImpl(161)) - e6e13cb3-e32b-4d2d-874a-1e4700c67398@group-09A5C1734F32-FollowerState: change to CANDIDATE, lastRpcElapsedTime:1124295707ns, electionTimeout:1124ms
2025-09-07 09:46:26,059 [e6e13cb3-e32b-4d2d-874a-1e4700c67398@group-09A5C1734F32-FollowerState] INFO  impl.RoleInfo (RoleInfo.java:shutdownFollowerState(121)) - e6e13cb3-e32b-4d2d-874a-1e4700c67398: shutdown e6e13cb3-e32b-4d2d-874a-1e4700c67398@group-09A5C1734F32-FollowerState
2025-09-07 09:46:26,059 [e6e13cb3-e32b-4d2d-874a-1e4700c67398@group-09A5C1734F32-FollowerState] INFO  server.RaftServer$Division (RaftServerImpl.java:setRole(392)) - e6e13cb3-e32b-4d2d-874a-1e4700c67398@group-09A5C1734F32: changes role from  FOLLOWER to CANDIDATE at term 1 for changeToCandidate
2025-09-07 09:46:26,059 [e6e13cb3-e32b-4d2d-874a-1e4700c67398@group-09A5C1734F32-FollowerState] INFO  impl.RoleInfo (RoleInfo.java:updateAndGet(148)) - e6e13cb3-e32b-4d2d-874a-1e4700c67398: start e6e13cb3-e32b-4d2d-874a-1e4700c67398@group-09A5C1734F32-LeaderElection219
2025-09-07 09:46:26,059 [e6e13cb3-e32b-4d2d-874a-1e4700c67398@group-09A5C1734F32-LeaderElection219] INFO  impl.LeaderElection (LeaderElection.java:askForVotes(448)) - e6e13cb3-e32b-4d2d-874a-1e4700c67398@group-09A5C1734F32-LeaderElection219 PRE_VOTE round 0: submit vote requests at term 1 for conf: {index: 0, cur=peers:[90a60b70-6b91-4fb2-a612-7ac0b6911dfc|127.0.0.1:15047, e6e13cb3-e32b-4d2d-874a-1e4700c67398|127.0.0.1:15055, 7c7182dc-ac7f-44a8-b1d4-5d10f99cbcf2|127.0.0.1:15039]|listeners:[], old=null}
2025-09-07 09:46:26,060 [e6e13cb3-e32b-4d2d-874a-1e4700c67398@group-09A5C1734F32-LeaderElection219] INFO  impl.LeaderElection (LogUtils.java:infoOrTrace(142)) - e6e13cb3-e32b-4d2d-874a-1e4700c67398@group-09A5C1734F32-LeaderElection219 got exception when requesting votes: java.util.concurrent.ExecutionException: org.apache.ratis.thirdparty.io.grpc.StatusRuntimeException: UNAVAILABLE: io exception
2025-09-07 09:46:26,060 [e6e13cb3-e32b-4d2d-874a-1e4700c67398@group-09A5C1734F32-LeaderElection219] INFO  impl.LeaderElection (LogUtils.java:infoOrTrace(142)) - e6e13cb3-e32b-4d2d-874a-1e4700c67398@group-09A5C1734F32-LeaderElection219 got exception when requesting votes: java.util.concurrent.ExecutionException: org.apache.ratis.thirdparty.io.grpc.StatusRuntimeException: UNAVAILABLE: io exception
2025-09-07 09:46:26,060 [e6e13cb3-e32b-4d2d-874a-1e4700c67398@group-09A5C1734F32-LeaderElection219] INFO  impl.LeaderElection (LeaderElection.java:logAndReturn(206)) - e6e13cb3-e32b-4d2d-874a-1e4700c67398@group-09A5C1734F32-LeaderElection219: PRE_VOTE REJECTED received 0 response(s) and 2 exception(s):
2025-09-07 09:46:26,060 [e6e13cb3-e32b-4d2d-874a-1e4700c67398@group-09A5C1734F32-LeaderElection219] INFO  impl.LeaderElection (LogUtils.java:infoOrTrace(142)) -   Exception 0: java.util.concurrent.ExecutionException: org.apache.ratis.thirdparty.io.grpc.StatusRuntimeException: UNAVAILABLE: io exception
2025-09-07 09:46:26,060 [e6e13cb3-e32b-4d2d-874a-1e4700c67398@group-09A5C1734F32-LeaderElection219] INFO  impl.LeaderElection (LogUtils.java:infoOrTrace(142)) -   Exception 1: java.util.concurrent.ExecutionException: org.apache.ratis.thirdparty.io.grpc.StatusRuntimeException: UNAVAILABLE: io exception
2025-09-07 09:46:26,060 [e6e13cb3-e32b-4d2d-874a-1e4700c67398@group-09A5C1734F32-LeaderElection219] INFO  impl.LeaderElection (LeaderElection.java:askForVotes(450)) - e6e13cb3-e32b-4d2d-874a-1e4700c67398@group-09A5C1734F32-LeaderElection219 PRE_VOTE round 0: result REJECTED
2025-09-07 09:46:26,060 [e6e13cb3-e32b-4d2d-874a-1e4700c67398@group-09A5C1734F32-LeaderElection219] INFO  server.RaftServer$Division (RaftServerImpl.java:setRole(392)) - e6e13cb3-e32b-4d2d-874a-1e4700c67398@group-09A5C1734F32: changes role from CANDIDATE to FOLLOWER at term 1 for REJECTED
2025-09-07 09:46:26,060 [e6e13cb3-e32b-4d2d-874a-1e4700c67398@group-09A5C1734F32-LeaderElection219] INFO  impl.RoleInfo (RoleInfo.java:shutdownLeaderElection(141)) - e6e13cb3-e32b-4d2d-874a-1e4700c67398: shutdown e6e13cb3-e32b-4d2d-874a-1e4700c67398@group-09A5C1734F32-LeaderElection219
2025-09-07 09:46:26,060 [e6e13cb3-e32b-4d2d-874a-1e4700c67398@group-09A5C1734F32-LeaderElection219] INFO  impl.RoleInfo (RoleInfo.java:updateAndGet(148)) - e6e13cb3-e32b-4d2d-874a-1e4700c67398: start e6e13cb3-e32b-4d2d-874a-1e4700c67398@group-09A5C1734F32-FollowerState
2025-09-07 09:46:26,117 [e6e13cb3-e32b-4d2d-874a-1e4700c67398@group-9E511D2458D0-FollowerState] INFO  impl.FollowerState (FollowerState.java:runImpl(161)) - e6e13cb3-e32b-4d2d-874a-1e4700c67398@group-9E511D2458D0-FollowerState: change to CANDIDATE, lastRpcElapsedTime:1083282539ns, electionTimeout:1083ms
2025-09-07 09:46:26,117 [e6e13cb3-e32b-4d2d-874a-1e4700c67398@group-9E511D2458D0-FollowerState] INFO  impl.RoleInfo (RoleInfo.java:shutdownFollowerState(121)) - e6e13cb3-e32b-4d2d-874a-1e4700c67398: shutdown e6e13cb3-e32b-4d2d-874a-1e4700c67398@group-9E511D2458D0-FollowerState
2025-09-07 09:46:26,117 [e6e13cb3-e32b-4d2d-874a-1e4700c67398@group-9E511D2458D0-FollowerState] INFO  server.RaftServer$Division (RaftServerImpl.java:setRole(392)) - e6e13cb3-e32b-4d2d-874a-1e4700c67398@group-9E511D2458D0: changes role from  FOLLOWER to CANDIDATE at term 1 for changeToCandidate
2025-09-07 09:46:26,117 [e6e13cb3-e32b-4d2d-874a-1e4700c67398@group-9E511D2458D0-FollowerState] INFO  impl.RoleInfo (RoleInfo.java:updateAndGet(148)) - e6e13cb3-e32b-4d2d-874a-1e4700c67398: start e6e13cb3-e32b-4d2d-874a-1e4700c67398@group-9E511D2458D0-LeaderElection220
2025-09-07 09:46:26,118 [e6e13cb3-e32b-4d2d-874a-1e4700c67398@group-9E511D2458D0-LeaderElection220] INFO  impl.LeaderElection (LeaderElection.java:askForVotes(448)) - e6e13cb3-e32b-4d2d-874a-1e4700c67398@group-9E511D2458D0-LeaderElection220 PRE_VOTE round 0: submit vote requests at term 1 for conf: {index: 0, cur=peers:[90a60b70-6b91-4fb2-a612-7ac0b6911dfc|127.0.0.1:15047, e6e13cb3-e32b-4d2d-874a-1e4700c67398|127.0.0.1:15055, 7c7182dc-ac7f-44a8-b1d4-5d10f99cbcf2|127.0.0.1:15039]|listeners:[], old=null}
2025-09-07 09:46:26,118 [e6e13cb3-e32b-4d2d-874a-1e4700c67398@group-9E511D2458D0-LeaderElection220] INFO  impl.LeaderElection (LogUtils.java:infoOrTrace(142)) - e6e13cb3-e32b-4d2d-874a-1e4700c67398@group-9E511D2458D0-LeaderElection220 got exception when requesting votes: java.util.concurrent.ExecutionException: org.apache.ratis.thirdparty.io.grpc.StatusRuntimeException: UNAVAILABLE: io exception
2025-09-07 09:46:26,118 [e6e13cb3-e32b-4d2d-874a-1e4700c67398@group-9E511D2458D0-LeaderElection220] INFO  impl.LeaderElection (LogUtils.java:infoOrTrace(142)) - e6e13cb3-e32b-4d2d-874a-1e4700c67398@group-9E511D2458D0-LeaderElection220 got exception when requesting votes: java.util.concurrent.ExecutionException: org.apache.ratis.thirdparty.io.grpc.StatusRuntimeException: UNAVAILABLE: io exception
2025-09-07 09:46:26,118 [e6e13cb3-e32b-4d2d-874a-1e4700c67398@group-9E511D2458D0-LeaderElection220] INFO  impl.LeaderElection (LeaderElection.java:logAndReturn(206)) - e6e13cb3-e32b-4d2d-874a-1e4700c67398@group-9E511D2458D0-LeaderElection220: PRE_VOTE REJECTED received 0 response(s) and 2 exception(s):
2025-09-07 09:46:26,118 [e6e13cb3-e32b-4d2d-874a-1e4700c67398@group-9E511D2458D0-LeaderElection220] INFO  impl.LeaderElection (LogUtils.java:infoOrTrace(142)) -   Exception 0: java.util.concurrent.ExecutionException: org.apache.ratis.thirdparty.io.grpc.StatusRuntimeException: UNAVAILABLE: io exception
2025-09-07 09:46:26,118 [e6e13cb3-e32b-4d2d-874a-1e4700c67398@group-9E511D2458D0-LeaderElection220] INFO  impl.LeaderElection (LogUtils.java:infoOrTrace(142)) -   Exception 1: java.util.concurrent.ExecutionException: org.apache.ratis.thirdparty.io.grpc.StatusRuntimeException: UNAVAILABLE: io exception
2025-09-07 09:46:26,118 [e6e13cb3-e32b-4d2d-874a-1e4700c67398@group-9E511D2458D0-LeaderElection220] INFO  impl.LeaderElection (LeaderElection.java:askForVotes(450)) - e6e13cb3-e32b-4d2d-874a-1e4700c67398@group-9E511D2458D0-LeaderElection220 PRE_VOTE round 0: result REJECTED
2025-09-07 09:46:26,118 [e6e13cb3-e32b-4d2d-874a-1e4700c67398@group-9E511D2458D0-LeaderElection220] INFO  server.RaftServer$Division (RaftServerImpl.java:setRole(392)) - e6e13cb3-e32b-4d2d-874a-1e4700c67398@group-9E511D2458D0: changes role from CANDIDATE to FOLLOWER at term 1 for REJECTED
2025-09-07 09:46:26,118 [e6e13cb3-e32b-4d2d-874a-1e4700c67398@group-9E511D2458D0-LeaderElection220] INFO  impl.RoleInfo (RoleInfo.java:shutdownLeaderElection(141)) - e6e13cb3-e32b-4d2d-874a-1e4700c67398: shutdown e6e13cb3-e32b-4d2d-874a-1e4700c67398@group-9E511D2458D0-LeaderElection220
2025-09-07 09:46:26,118 [e6e13cb3-e32b-4d2d-874a-1e4700c67398@group-9E511D2458D0-LeaderElection220] INFO  impl.RoleInfo (RoleInfo.java:updateAndGet(148)) - e6e13cb3-e32b-4d2d-874a-1e4700c67398: start e6e13cb3-e32b-4d2d-874a-1e4700c67398@group-9E511D2458D0-FollowerState
2025-09-07 09:46:26,478 [grpc-default-executor-2] ERROR impl.OrderedAsync (OrderedAsync.java:lambda$null$6(215)) -  client-31430F4BE28C: Failed* RaftClientRequest:client-31430F4BE28C->90a60b70-6b91-4fb2-a612-7ac0b6911dfc@group-9E511D2458D0, cid=57, seq=1*, Watch(0), null
java.util.concurrent.CompletionException: java.io.IOException: org.apache.ratis.thirdparty.io.grpc.StatusRuntimeException: UNAVAILABLE: io exception
	at java.base/java.util.concurrent.CompletableFuture.encodeThrowable(CompletableFuture.java:332)
	at java.base/java.util.concurrent.CompletableFuture.completeThrowable(CompletableFuture.java:347)
	at java.base/java.util.concurrent.CompletableFuture$UniAccept.tryFire(CompletableFuture.java:708)
	at java.base/java.util.concurrent.CompletableFuture.postComplete(CompletableFuture.java:510)
	at java.base/java.util.concurrent.CompletableFuture.completeExceptionally(CompletableFuture.java:2194)
	at org.apache.ratis.grpc.client.GrpcClientProtocolClient$AsyncStreamObservers.completeReplyExceptionally(GrpcClientProtocolClient.java:397)
	at org.apache.ratis.grpc.client.GrpcClientProtocolClient$AsyncStreamObservers.access$000(GrpcClientProtocolClient.java:303)
	at org.apache.ratis.grpc.client.GrpcClientProtocolClient$AsyncStreamObservers$1.onError(GrpcClientProtocolClient.java:334)
	at org.apache.ratis.thirdparty.io.grpc.stub.ClientCalls$StreamObserverToCallListenerAdapter.onClose(ClientCalls.java:564)
	at org.apache.ratis.thirdparty.io.grpc.PartialForwardingClientCallListener.onClose(PartialForwardingClientCallListener.java:39)
	at org.apache.ratis.thirdparty.io.grpc.ForwardingClientCallListener.onClose(ForwardingClientCallListener.java:23)
	at org.apache.ratis.grpc.metrics.intercept.client.MetricClientCallListener.onClose(MetricClientCallListener.java:47)
	at org.apache.ratis.thirdparty.io.grpc.internal.ClientCallImpl.closeObserver(ClientCallImpl.java:565)
	at org.apache.ratis.thirdparty.io.grpc.internal.ClientCallImpl.access$100(ClientCallImpl.java:72)
	at org.apache.ratis.thirdparty.io.grpc.internal.ClientCallImpl$ClientStreamListenerImpl$1StreamClosed.runInternal(ClientCallImpl.java:733)
	at org.apache.ratis.thirdparty.io.grpc.internal.ClientCallImpl$ClientStreamListenerImpl$1StreamClosed.runInContext(ClientCallImpl.java:714)
	at org.apache.ratis.thirdparty.io.grpc.internal.ContextRunnable.run(ContextRunnable.java:37)
	at org.apache.ratis.thirdparty.io.grpc.internal.SerializingExecutor.run(SerializingExecutor.java:133)
	at java.base/java.util.concurrent.ThreadPoolExecutor.runWorker(ThreadPoolExecutor.java:1144)
	at java.base/java.util.concurrent.ThreadPoolExecutor$Worker.run(ThreadPoolExecutor.java:642)
	at java.base/java.lang.Thread.run(Thread.java:1583)
Caused by: java.io.IOException: org.apache.ratis.thirdparty.io.grpc.StatusRuntimeException: UNAVAILABLE: io exception
	at org.apache.ratis.grpc.GrpcUtil.unwrapException(GrpcUtil.java:99)
	at org.apache.ratis.grpc.GrpcUtil.unwrapIOException(GrpcUtil.java:159)
	at org.apache.ratis.grpc.client.GrpcClientProtocolClient$AsyncStreamObservers$1.onError(GrpcClientProtocolClient.java:333)
	... 13 more
Caused by: org.apache.ratis.thirdparty.io.grpc.StatusRuntimeException: UNAVAILABLE: io exception
	at org.apache.ratis.thirdparty.io.grpc.Status.asRuntimeException(Status.java:532)
	... 13 more
Caused by: org.apache.ratis.thirdparty.io.netty.channel.AbstractChannel$AnnotatedConnectException: finishConnect(..) failed: Connection refused: /127.0.0.1:15045
Caused by: java.net.ConnectException: finishConnect(..) failed: Connection refused
	at org.apache.ratis.thirdparty.io.netty.channel.unix.Errors.newConnectException0(Errors.java:166)
	at org.apache.ratis.thirdparty.io.netty.channel.unix.Errors.handleConnectErrno(Errors.java:131)
	at org.apache.ratis.thirdparty.io.netty.channel.unix.Socket.finishConnect(Socket.java:359)
	at org.apache.ratis.thirdparty.io.netty.channel.epoll.AbstractEpollChannel$AbstractEpollUnsafe.doFinishConnect(AbstractEpollChannel.java:715)
	at org.apache.ratis.thirdparty.io.netty.channel.epoll.AbstractEpollChannel$AbstractEpollUnsafe.finishConnect(AbstractEpollChannel.java:692)
	at org.apache.ratis.thirdparty.io.netty.channel.epoll.AbstractEpollChannel$AbstractEpollUnsafe.epollOutReady(AbstractEpollChannel.java:567)
	at org.apache.ratis.thirdparty.io.netty.channel.epoll.EpollEventLoop.processReady(EpollEventLoop.java:491)
	at org.apache.ratis.thirdparty.io.netty.channel.epoll.EpollEventLoop.run(EpollEventLoop.java:399)
	at org.apache.ratis.thirdparty.io.netty.util.concurrent.SingleThreadEventExecutor$4.run(SingleThreadEventExecutor.java:998)
	at org.apache.ratis.thirdparty.io.netty.util.internal.ThreadExecutorMap$2.run(ThreadExecutorMap.java:74)
	at org.apache.ratis.thirdparty.io.netty.util.concurrent.FastThreadLocalRunnable.run(FastThreadLocalRunnable.java:30)
	at java.base/java.lang.Thread.run(Thread.java:1583)
2025-09-07 09:46:27,147 [e6e13cb3-e32b-4d2d-874a-1e4700c67398@group-09A5C1734F32-FollowerState] INFO  impl.FollowerState (FollowerState.java:runImpl(161)) - e6e13cb3-e32b-4d2d-874a-1e4700c67398@group-09A5C1734F32-FollowerState: change to CANDIDATE, lastRpcElapsedTime:1087280964ns, electionTimeout:1087ms
2025-09-07 09:46:27,147 [e6e13cb3-e32b-4d2d-874a-1e4700c67398@group-09A5C1734F32-FollowerState] INFO  impl.RoleInfo (RoleInfo.java:shutdownFollowerState(121)) - e6e13cb3-e32b-4d2d-874a-1e4700c67398: shutdown e6e13cb3-e32b-4d2d-874a-1e4700c67398@group-09A5C1734F32-FollowerState
2025-09-07 09:46:27,147 [e6e13cb3-e32b-4d2d-874a-1e4700c67398@group-09A5C1734F32-FollowerState] INFO  server.RaftServer$Division (RaftServerImpl.java:setRole(392)) - e6e13cb3-e32b-4d2d-874a-1e4700c67398@group-09A5C1734F32: changes role from  FOLLOWER to CANDIDATE at term 1 for changeToCandidate
2025-09-07 09:46:27,148 [e6e13cb3-e32b-4d2d-874a-1e4700c67398@group-09A5C1734F32-FollowerState] INFO  impl.RoleInfo (RoleInfo.java:updateAndGet(148)) - e6e13cb3-e32b-4d2d-874a-1e4700c67398: start e6e13cb3-e32b-4d2d-874a-1e4700c67398@group-09A5C1734F32-LeaderElection221
2025-09-07 09:46:27,148 [e6e13cb3-e32b-4d2d-874a-1e4700c67398@group-09A5C1734F32-LeaderElection221] INFO  impl.LeaderElection (LeaderElection.java:askForVotes(448)) - e6e13cb3-e32b-4d2d-874a-1e4700c67398@group-09A5C1734F32-LeaderElection221 PRE_VOTE round 0: submit vote requests at term 1 for conf: {index: 0, cur=peers:[90a60b70-6b91-4fb2-a612-7ac0b6911dfc|127.0.0.1:15047, e6e13cb3-e32b-4d2d-874a-1e4700c67398|127.0.0.1:15055, 7c7182dc-ac7f-44a8-b1d4-5d10f99cbcf2|127.0.0.1:15039]|listeners:[], old=null}
2025-09-07 09:46:27,148 [e6e13cb3-e32b-4d2d-874a-1e4700c67398@group-09A5C1734F32-LeaderElection221] INFO  impl.LeaderElection (LogUtils.java:infoOrTrace(142)) - e6e13cb3-e32b-4d2d-874a-1e4700c67398@group-09A5C1734F32-LeaderElection221 got exception when requesting votes: java.util.concurrent.ExecutionException: org.apache.ratis.thirdparty.io.grpc.StatusRuntimeException: UNAVAILABLE: io exception
2025-09-07 09:46:27,148 [e6e13cb3-e32b-4d2d-874a-1e4700c67398@group-09A5C1734F32-LeaderElection221] INFO  impl.LeaderElection (LogUtils.java:infoOrTrace(142)) - e6e13cb3-e32b-4d2d-874a-1e4700c67398@group-09A5C1734F32-LeaderElection221 got exception when requesting votes: java.util.concurrent.ExecutionException: org.apache.ratis.thirdparty.io.grpc.StatusRuntimeException: UNAVAILABLE: io exception
2025-09-07 09:46:27,148 [e6e13cb3-e32b-4d2d-874a-1e4700c67398@group-09A5C1734F32-LeaderElection221] INFO  impl.LeaderElection (LeaderElection.java:logAndReturn(206)) - e6e13cb3-e32b-4d2d-874a-1e4700c67398@group-09A5C1734F32-LeaderElection221: PRE_VOTE REJECTED received 0 response(s) and 2 exception(s):
2025-09-07 09:46:27,148 [e6e13cb3-e32b-4d2d-874a-1e4700c67398@group-09A5C1734F32-LeaderElection221] INFO  impl.LeaderElection (LogUtils.java:infoOrTrace(142)) -   Exception 0: java.util.concurrent.ExecutionException: org.apache.ratis.thirdparty.io.grpc.StatusRuntimeException: UNAVAILABLE: io exception
2025-09-07 09:46:27,148 [e6e13cb3-e32b-4d2d-874a-1e4700c67398@group-09A5C1734F32-LeaderElection221] INFO  impl.LeaderElection (LogUtils.java:infoOrTrace(142)) -   Exception 1: java.util.concurrent.ExecutionException: org.apache.ratis.thirdparty.io.grpc.StatusRuntimeException: UNAVAILABLE: io exception
2025-09-07 09:46:27,149 [e6e13cb3-e32b-4d2d-874a-1e4700c67398@group-09A5C1734F32-LeaderElection221] INFO  impl.LeaderElection (LeaderElection.java:askForVotes(450)) - e6e13cb3-e32b-4d2d-874a-1e4700c67398@group-09A5C1734F32-LeaderElection221 PRE_VOTE round 0: result REJECTED
2025-09-07 09:46:27,149 [e6e13cb3-e32b-4d2d-874a-1e4700c67398@group-09A5C1734F32-LeaderElection221] INFO  server.RaftServer$Division (RaftServerImpl.java:setRole(392)) - e6e13cb3-e32b-4d2d-874a-1e4700c67398@group-09A5C1734F32: changes role from CANDIDATE to FOLLOWER at term 1 for REJECTED
2025-09-07 09:46:27,149 [e6e13cb3-e32b-4d2d-874a-1e4700c67398@group-09A5C1734F32-LeaderElection221] INFO  impl.RoleInfo (RoleInfo.java:shutdownLeaderElection(141)) - e6e13cb3-e32b-4d2d-874a-1e4700c67398: shutdown e6e13cb3-e32b-4d2d-874a-1e4700c67398@group-09A5C1734F32-LeaderElection221
2025-09-07 09:46:27,149 [e6e13cb3-e32b-4d2d-874a-1e4700c67398@group-09A5C1734F32-LeaderElection221] INFO  impl.RoleInfo (RoleInfo.java:updateAndGet(148)) - e6e13cb3-e32b-4d2d-874a-1e4700c67398: start e6e13cb3-e32b-4d2d-874a-1e4700c67398@group-09A5C1734F32-FollowerState
2025-09-07 09:46:27,263 [e6e13cb3-e32b-4d2d-874a-1e4700c67398@group-9E511D2458D0-FollowerState] INFO  impl.FollowerState (FollowerState.java:runImpl(161)) - e6e13cb3-e32b-4d2d-874a-1e4700c67398@group-9E511D2458D0-FollowerState: change to CANDIDATE, lastRpcElapsedTime:1144386408ns, electionTimeout:1144ms
2025-09-07 09:46:27,263 [e6e13cb3-e32b-4d2d-874a-1e4700c67398@group-9E511D2458D0-FollowerState] INFO  impl.RoleInfo (RoleInfo.java:shutdownFollowerState(121)) - e6e13cb3-e32b-4d2d-874a-1e4700c67398: shutdown e6e13cb3-e32b-4d2d-874a-1e4700c67398@group-9E511D2458D0-FollowerState
2025-09-07 09:46:27,263 [e6e13cb3-e32b-4d2d-874a-1e4700c67398@group-9E511D2458D0-FollowerState] INFO  server.RaftServer$Division (RaftServerImpl.java:setRole(392)) - e6e13cb3-e32b-4d2d-874a-1e4700c67398@group-9E511D2458D0: changes role from  FOLLOWER to CANDIDATE at term 1 for changeToCandidate
2025-09-07 09:46:27,263 [e6e13cb3-e32b-4d2d-874a-1e4700c67398@group-9E511D2458D0-FollowerState] INFO  impl.RoleInfo (RoleInfo.java:updateAndGet(148)) - e6e13cb3-e32b-4d2d-874a-1e4700c67398: start e6e13cb3-e32b-4d2d-874a-1e4700c67398@group-9E511D2458D0-LeaderElection222
2025-09-07 09:46:27,264 [e6e13cb3-e32b-4d2d-874a-1e4700c67398@group-9E511D2458D0-LeaderElection222] INFO  impl.LeaderElection (LeaderElection.java:askForVotes(448)) - e6e13cb3-e32b-4d2d-874a-1e4700c67398@group-9E511D2458D0-LeaderElection222 PRE_VOTE round 0: submit vote requests at term 1 for conf: {index: 0, cur=peers:[90a60b70-6b91-4fb2-a612-7ac0b6911dfc|127.0.0.1:15047, e6e13cb3-e32b-4d2d-874a-1e4700c67398|127.0.0.1:15055, 7c7182dc-ac7f-44a8-b1d4-5d10f99cbcf2|127.0.0.1:15039]|listeners:[], old=null}
2025-09-07 09:46:27,264 [e6e13cb3-e32b-4d2d-874a-1e4700c67398@group-9E511D2458D0-LeaderElection222] INFO  impl.LeaderElection (LogUtils.java:infoOrTrace(142)) - e6e13cb3-e32b-4d2d-874a-1e4700c67398@group-9E511D2458D0-LeaderElection222 got exception when requesting votes: java.util.concurrent.ExecutionException: org.apache.ratis.thirdparty.io.grpc.StatusRuntimeException: UNAVAILABLE: io exception
2025-09-07 09:46:27,264 [e6e13cb3-e32b-4d2d-874a-1e4700c67398@group-9E511D2458D0-LeaderElection222] INFO  impl.LeaderElection (LogUtils.java:infoOrTrace(142)) - e6e13cb3-e32b-4d2d-874a-1e4700c67398@group-9E511D2458D0-LeaderElection222 got exception when requesting votes: java.util.concurrent.ExecutionException: org.apache.ratis.thirdparty.io.grpc.StatusRuntimeException: UNAVAILABLE: io exception
2025-09-07 09:46:27,264 [e6e13cb3-e32b-4d2d-874a-1e4700c67398@group-9E511D2458D0-LeaderElection222] INFO  impl.LeaderElection (LeaderElection.java:logAndReturn(206)) - e6e13cb3-e32b-4d2d-874a-1e4700c67398@group-9E511D2458D0-LeaderElection222: PRE_VOTE REJECTED received 0 response(s) and 2 exception(s):
2025-09-07 09:46:27,264 [e6e13cb3-e32b-4d2d-874a-1e4700c67398@group-9E511D2458D0-LeaderElection222] INFO  impl.LeaderElection (LogUtils.java:infoOrTrace(142)) -   Exception 0: java.util.concurrent.ExecutionException: org.apache.ratis.thirdparty.io.grpc.StatusRuntimeException: UNAVAILABLE: io exception
2025-09-07 09:46:27,264 [e6e13cb3-e32b-4d2d-874a-1e4700c67398@group-9E511D2458D0-LeaderElection222] INFO  impl.LeaderElection (LogUtils.java:infoOrTrace(142)) -   Exception 1: java.util.concurrent.ExecutionException: org.apache.ratis.thirdparty.io.grpc.StatusRuntimeException: UNAVAILABLE: io exception
2025-09-07 09:46:27,264 [e6e13cb3-e32b-4d2d-874a-1e4700c67398@group-9E511D2458D0-LeaderElection222] INFO  impl.LeaderElection (LeaderElection.java:askForVotes(450)) - e6e13cb3-e32b-4d2d-874a-1e4700c67398@group-9E511D2458D0-LeaderElection222 PRE_VOTE round 0: result REJECTED
2025-09-07 09:46:27,264 [e6e13cb3-e32b-4d2d-874a-1e4700c67398@group-9E511D2458D0-LeaderElection222] INFO  server.RaftServer$Division (RaftServerImpl.java:setRole(392)) - e6e13cb3-e32b-4d2d-874a-1e4700c67398@group-9E511D2458D0: changes role from CANDIDATE to FOLLOWER at term 1 for REJECTED
2025-09-07 09:46:27,264 [e6e13cb3-e32b-4d2d-874a-1e4700c67398@group-9E511D2458D0-LeaderElection222] INFO  impl.RoleInfo (RoleInfo.java:shutdownLeaderElection(141)) - e6e13cb3-e32b-4d2d-874a-1e4700c67398: shutdown e6e13cb3-e32b-4d2d-874a-1e4700c67398@group-9E511D2458D0-LeaderElection222
2025-09-07 09:46:27,264 [e6e13cb3-e32b-4d2d-874a-1e4700c67398@group-9E511D2458D0-LeaderElection222] INFO  impl.RoleInfo (RoleInfo.java:updateAndGet(148)) - e6e13cb3-e32b-4d2d-874a-1e4700c67398: start e6e13cb3-e32b-4d2d-874a-1e4700c67398@group-9E511D2458D0-FollowerState
2025-09-07 09:46:28,256 [e6e13cb3-e32b-4d2d-874a-1e4700c67398@group-09A5C1734F32-FollowerState] INFO  impl.FollowerState (FollowerState.java:runImpl(161)) - e6e13cb3-e32b-4d2d-874a-1e4700c67398@group-09A5C1734F32-FollowerState: change to CANDIDATE, lastRpcElapsedTime:1107275599ns, electionTimeout:1107ms
2025-09-07 09:46:28,256 [e6e13cb3-e32b-4d2d-874a-1e4700c67398@group-09A5C1734F32-FollowerState] INFO  impl.RoleInfo (RoleInfo.java:shutdownFollowerState(121)) - e6e13cb3-e32b-4d2d-874a-1e4700c67398: shutdown e6e13cb3-e32b-4d2d-874a-1e4700c67398@group-09A5C1734F32-FollowerState
2025-09-07 09:46:28,256 [e6e13cb3-e32b-4d2d-874a-1e4700c67398@group-09A5C1734F32-FollowerState] INFO  server.RaftServer$Division (RaftServerImpl.java:setRole(392)) - e6e13cb3-e32b-4d2d-874a-1e4700c67398@group-09A5C1734F32: changes role from  FOLLOWER to CANDIDATE at term 1 for changeToCandidate
2025-09-07 09:46:28,256 [e6e13cb3-e32b-4d2d-874a-1e4700c67398@group-09A5C1734F32-FollowerState] INFO  impl.RoleInfo (RoleInfo.java:updateAndGet(148)) - e6e13cb3-e32b-4d2d-874a-1e4700c67398: start e6e13cb3-e32b-4d2d-874a-1e4700c67398@group-09A5C1734F32-LeaderElection223
2025-09-07 09:46:28,257 [e6e13cb3-e32b-4d2d-874a-1e4700c67398@group-09A5C1734F32-LeaderElection223] INFO  impl.LeaderElection (LeaderElection.java:askForVotes(448)) - e6e13cb3-e32b-4d2d-874a-1e4700c67398@group-09A5C1734F32-LeaderElection223 PRE_VOTE round 0: submit vote requests at term 1 for conf: {index: 0, cur=peers:[90a60b70-6b91-4fb2-a612-7ac0b6911dfc|127.0.0.1:15047, e6e13cb3-e32b-4d2d-874a-1e4700c67398|127.0.0.1:15055, 7c7182dc-ac7f-44a8-b1d4-5d10f99cbcf2|127.0.0.1:15039]|listeners:[], old=null}
2025-09-07 09:46:28,257 [e6e13cb3-e32b-4d2d-874a-1e4700c67398@group-09A5C1734F32-LeaderElection223] INFO  impl.LeaderElection (LogUtils.java:infoOrTrace(142)) - e6e13cb3-e32b-4d2d-874a-1e4700c67398@group-09A5C1734F32-LeaderElection223 got exception when requesting votes: java.util.concurrent.ExecutionException: org.apache.ratis.thirdparty.io.grpc.StatusRuntimeException: UNAVAILABLE: io exception
2025-09-07 09:46:28,257 [e6e13cb3-e32b-4d2d-874a-1e4700c67398@group-09A5C1734F32-LeaderElection223] INFO  impl.LeaderElection (LogUtils.java:infoOrTrace(142)) - e6e13cb3-e32b-4d2d-874a-1e4700c67398@group-09A5C1734F32-LeaderElection223 got exception when requesting votes: java.util.concurrent.ExecutionException: org.apache.ratis.thirdparty.io.grpc.StatusRuntimeException: UNAVAILABLE: io exception
2025-09-07 09:46:28,257 [e6e13cb3-e32b-4d2d-874a-1e4700c67398@group-09A5C1734F32-LeaderElection223] INFO  impl.LeaderElection (LeaderElection.java:logAndReturn(206)) - e6e13cb3-e32b-4d2d-874a-1e4700c67398@group-09A5C1734F32-LeaderElection223: PRE_VOTE REJECTED received 0 response(s) and 2 exception(s):
2025-09-07 09:46:28,257 [e6e13cb3-e32b-4d2d-874a-1e4700c67398@group-09A5C1734F32-LeaderElection223] INFO  impl.LeaderElection (LogUtils.java:infoOrTrace(142)) -   Exception 0: java.util.concurrent.ExecutionException: org.apache.ratis.thirdparty.io.grpc.StatusRuntimeException: UNAVAILABLE: io exception
2025-09-07 09:46:28,257 [e6e13cb3-e32b-4d2d-874a-1e4700c67398@group-09A5C1734F32-LeaderElection223] INFO  impl.LeaderElection (LogUtils.java:infoOrTrace(142)) -   Exception 1: java.util.concurrent.ExecutionException: org.apache.ratis.thirdparty.io.grpc.StatusRuntimeException: UNAVAILABLE: io exception
2025-09-07 09:46:28,257 [e6e13cb3-e32b-4d2d-874a-1e4700c67398@group-09A5C1734F32-LeaderElection223] INFO  impl.LeaderElection (LeaderElection.java:askForVotes(450)) - e6e13cb3-e32b-4d2d-874a-1e4700c67398@group-09A5C1734F32-LeaderElection223 PRE_VOTE round 0: result REJECTED
2025-09-07 09:46:28,258 [e6e13cb3-e32b-4d2d-874a-1e4700c67398@group-09A5C1734F32-LeaderElection223] INFO  server.RaftServer$Division (RaftServerImpl.java:setRole(392)) - e6e13cb3-e32b-4d2d-874a-1e4700c67398@group-09A5C1734F32: changes role from CANDIDATE to FOLLOWER at term 1 for REJECTED
2025-09-07 09:46:28,258 [e6e13cb3-e32b-4d2d-874a-1e4700c67398@group-09A5C1734F32-LeaderElection223] INFO  impl.RoleInfo (RoleInfo.java:shutdownLeaderElection(141)) - e6e13cb3-e32b-4d2d-874a-1e4700c67398: shutdown e6e13cb3-e32b-4d2d-874a-1e4700c67398@group-09A5C1734F32-LeaderElection223
2025-09-07 09:46:28,258 [e6e13cb3-e32b-4d2d-874a-1e4700c67398@group-09A5C1734F32-LeaderElection223] INFO  impl.RoleInfo (RoleInfo.java:updateAndGet(148)) - e6e13cb3-e32b-4d2d-874a-1e4700c67398: start e6e13cb3-e32b-4d2d-874a-1e4700c67398@group-09A5C1734F32-FollowerState
2025-09-07 09:46:28,345 [e6e13cb3-e32b-4d2d-874a-1e4700c67398@group-9E511D2458D0-FollowerState] INFO  impl.FollowerState (FollowerState.java:runImpl(161)) - e6e13cb3-e32b-4d2d-874a-1e4700c67398@group-9E511D2458D0-FollowerState: change to CANDIDATE, lastRpcElapsedTime:1080279743ns, electionTimeout:1080ms
2025-09-07 09:46:28,345 [e6e13cb3-e32b-4d2d-874a-1e4700c67398@group-9E511D2458D0-FollowerState] INFO  impl.RoleInfo (RoleInfo.java:shutdownFollowerState(121)) - e6e13cb3-e32b-4d2d-874a-1e4700c67398: shutdown e6e13cb3-e32b-4d2d-874a-1e4700c67398@group-9E511D2458D0-FollowerState
2025-09-07 09:46:28,345 [e6e13cb3-e32b-4d2d-874a-1e4700c67398@group-9E511D2458D0-FollowerState] INFO  server.RaftServer$Division (RaftServerImpl.java:setRole(392)) - e6e13cb3-e32b-4d2d-874a-1e4700c67398@group-9E511D2458D0: changes role from  FOLLOWER to CANDIDATE at term 1 for changeToCandidate
2025-09-07 09:46:28,345 [e6e13cb3-e32b-4d2d-874a-1e4700c67398@group-9E511D2458D0-FollowerState] INFO  impl.RoleInfo (RoleInfo.java:updateAndGet(148)) - e6e13cb3-e32b-4d2d-874a-1e4700c67398: start e6e13cb3-e32b-4d2d-874a-1e4700c67398@group-9E511D2458D0-LeaderElection224
2025-09-07 09:46:28,345 [e6e13cb3-e32b-4d2d-874a-1e4700c67398@group-9E511D2458D0-LeaderElection224] INFO  impl.LeaderElection (LeaderElection.java:askForVotes(448)) - e6e13cb3-e32b-4d2d-874a-1e4700c67398@group-9E511D2458D0-LeaderElection224 PRE_VOTE round 0: submit vote requests at term 1 for conf: {index: 0, cur=peers:[90a60b70-6b91-4fb2-a612-7ac0b6911dfc|127.0.0.1:15047, e6e13cb3-e32b-4d2d-874a-1e4700c67398|127.0.0.1:15055, 7c7182dc-ac7f-44a8-b1d4-5d10f99cbcf2|127.0.0.1:15039]|listeners:[], old=null}
2025-09-07 09:46:28,346 [e6e13cb3-e32b-4d2d-874a-1e4700c67398@group-9E511D2458D0-LeaderElection224] INFO  impl.LeaderElection (LogUtils.java:infoOrTrace(142)) - e6e13cb3-e32b-4d2d-874a-1e4700c67398@group-9E511D2458D0-LeaderElection224 got exception when requesting votes: java.util.concurrent.ExecutionException: org.apache.ratis.thirdparty.io.grpc.StatusRuntimeException: UNAVAILABLE: io exception
2025-09-07 09:46:28,346 [e6e13cb3-e32b-4d2d-874a-1e4700c67398@group-9E511D2458D0-LeaderElection224] INFO  impl.LeaderElection (LogUtils.java:infoOrTrace(142)) - e6e13cb3-e32b-4d2d-874a-1e4700c67398@group-9E511D2458D0-LeaderElection224 got exception when requesting votes: java.util.concurrent.ExecutionException: org.apache.ratis.thirdparty.io.grpc.StatusRuntimeException: UNAVAILABLE: io exception
2025-09-07 09:46:28,346 [e6e13cb3-e32b-4d2d-874a-1e4700c67398@group-9E511D2458D0-LeaderElection224] INFO  impl.LeaderElection (LeaderElection.java:logAndReturn(206)) - e6e13cb3-e32b-4d2d-874a-1e4700c67398@group-9E511D2458D0-LeaderElection224: PRE_VOTE REJECTED received 0 response(s) and 2 exception(s):
2025-09-07 09:46:28,346 [e6e13cb3-e32b-4d2d-874a-1e4700c67398@group-9E511D2458D0-LeaderElection224] INFO  impl.LeaderElection (LogUtils.java:infoOrTrace(142)) -   Exception 0: java.util.concurrent.ExecutionException: org.apache.ratis.thirdparty.io.grpc.StatusRuntimeException: UNAVAILABLE: io exception
2025-09-07 09:46:28,346 [e6e13cb3-e32b-4d2d-874a-1e4700c67398@group-9E511D2458D0-LeaderElection224] INFO  impl.LeaderElection (LogUtils.java:infoOrTrace(142)) -   Exception 1: java.util.concurrent.ExecutionException: org.apache.ratis.thirdparty.io.grpc.StatusRuntimeException: UNAVAILABLE: io exception
2025-09-07 09:46:28,346 [e6e13cb3-e32b-4d2d-874a-1e4700c67398@group-9E511D2458D0-LeaderElection224] INFO  impl.LeaderElection (LeaderElection.java:askForVotes(450)) - e6e13cb3-e32b-4d2d-874a-1e4700c67398@group-9E511D2458D0-LeaderElection224 PRE_VOTE round 0: result REJECTED
2025-09-07 09:46:28,346 [e6e13cb3-e32b-4d2d-874a-1e4700c67398@group-9E511D2458D0-LeaderElection224] INFO  server.RaftServer$Division (RaftServerImpl.java:setRole(392)) - e6e13cb3-e32b-4d2d-874a-1e4700c67398@group-9E511D2458D0: changes role from CANDIDATE to FOLLOWER at term 1 for REJECTED
2025-09-07 09:46:28,346 [e6e13cb3-e32b-4d2d-874a-1e4700c67398@group-9E511D2458D0-LeaderElection224] INFO  impl.RoleInfo (RoleInfo.java:shutdownLeaderElection(141)) - e6e13cb3-e32b-4d2d-874a-1e4700c67398: shutdown e6e13cb3-e32b-4d2d-874a-1e4700c67398@group-9E511D2458D0-LeaderElection224
2025-09-07 09:46:28,346 [e6e13cb3-e32b-4d2d-874a-1e4700c67398@group-9E511D2458D0-LeaderElection224] INFO  impl.RoleInfo (RoleInfo.java:updateAndGet(148)) - e6e13cb3-e32b-4d2d-874a-1e4700c67398: start e6e13cb3-e32b-4d2d-874a-1e4700c67398@group-9E511D2458D0-FollowerState
2025-09-07 09:46:29,343 [e6e13cb3-e32b-4d2d-874a-1e4700c67398@group-09A5C1734F32-FollowerState] INFO  impl.FollowerState (FollowerState.java:runImpl(161)) - e6e13cb3-e32b-4d2d-874a-1e4700c67398@group-09A5C1734F32-FollowerState: change to CANDIDATE, lastRpcElapsedTime:1085363757ns, electionTimeout:1085ms
2025-09-07 09:46:29,343 [e6e13cb3-e32b-4d2d-874a-1e4700c67398@group-09A5C1734F32-FollowerState] INFO  impl.RoleInfo (RoleInfo.java:shutdownFollowerState(121)) - e6e13cb3-e32b-4d2d-874a-1e4700c67398: shutdown e6e13cb3-e32b-4d2d-874a-1e4700c67398@group-09A5C1734F32-FollowerState
2025-09-07 09:46:29,343 [e6e13cb3-e32b-4d2d-874a-1e4700c67398@group-09A5C1734F32-FollowerState] INFO  server.RaftServer$Division (RaftServerImpl.java:setRole(392)) - e6e13cb3-e32b-4d2d-874a-1e4700c67398@group-09A5C1734F32: changes role from  FOLLOWER to CANDIDATE at term 1 for changeToCandidate
2025-09-07 09:46:29,343 [e6e13cb3-e32b-4d2d-874a-1e4700c67398@group-09A5C1734F32-FollowerState] INFO  impl.RoleInfo (RoleInfo.java:updateAndGet(148)) - e6e13cb3-e32b-4d2d-874a-1e4700c67398: start e6e13cb3-e32b-4d2d-874a-1e4700c67398@group-09A5C1734F32-LeaderElection225
2025-09-07 09:46:29,344 [e6e13cb3-e32b-4d2d-874a-1e4700c67398@group-09A5C1734F32-LeaderElection225] INFO  impl.LeaderElection (LeaderElection.java:askForVotes(448)) - e6e13cb3-e32b-4d2d-874a-1e4700c67398@group-09A5C1734F32-LeaderElection225 PRE_VOTE round 0: submit vote requests at term 1 for conf: {index: 0, cur=peers:[90a60b70-6b91-4fb2-a612-7ac0b6911dfc|127.0.0.1:15047, e6e13cb3-e32b-4d2d-874a-1e4700c67398|127.0.0.1:15055, 7c7182dc-ac7f-44a8-b1d4-5d10f99cbcf2|127.0.0.1:15039]|listeners:[], old=null}
2025-09-07 09:46:29,344 [e6e13cb3-e32b-4d2d-874a-1e4700c67398@group-09A5C1734F32-LeaderElection225] INFO  impl.LeaderElection (LogUtils.java:infoOrTrace(142)) - e6e13cb3-e32b-4d2d-874a-1e4700c67398@group-09A5C1734F32-LeaderElection225 got exception when requesting votes: java.util.concurrent.ExecutionException: org.apache.ratis.thirdparty.io.grpc.StatusRuntimeException: UNAVAILABLE: io exception
2025-09-07 09:46:29,344 [e6e13cb3-e32b-4d2d-874a-1e4700c67398@group-09A5C1734F32-LeaderElection225] INFO  impl.LeaderElection (LogUtils.java:infoOrTrace(142)) - e6e13cb3-e32b-4d2d-874a-1e4700c67398@group-09A5C1734F32-LeaderElection225 got exception when requesting votes: java.util.concurrent.ExecutionException: org.apache.ratis.thirdparty.io.grpc.StatusRuntimeException: UNAVAILABLE: io exception
2025-09-07 09:46:29,344 [e6e13cb3-e32b-4d2d-874a-1e4700c67398@group-09A5C1734F32-LeaderElection225] INFO  impl.LeaderElection (LeaderElection.java:logAndReturn(206)) - e6e13cb3-e32b-4d2d-874a-1e4700c67398@group-09A5C1734F32-LeaderElection225: PRE_VOTE REJECTED received 0 response(s) and 2 exception(s):
2025-09-07 09:46:29,344 [e6e13cb3-e32b-4d2d-874a-1e4700c67398@group-09A5C1734F32-LeaderElection225] INFO  impl.LeaderElection (LogUtils.java:infoOrTrace(142)) -   Exception 0: java.util.concurrent.ExecutionException: org.apache.ratis.thirdparty.io.grpc.StatusRuntimeException: UNAVAILABLE: io exception
2025-09-07 09:46:29,344 [e6e13cb3-e32b-4d2d-874a-1e4700c67398@group-09A5C1734F32-LeaderElection225] INFO  impl.LeaderElection (LogUtils.java:infoOrTrace(142)) -   Exception 1: java.util.concurrent.ExecutionException: org.apache.ratis.thirdparty.io.grpc.StatusRuntimeException: UNAVAILABLE: io exception
2025-09-07 09:46:29,344 [e6e13cb3-e32b-4d2d-874a-1e4700c67398@group-09A5C1734F32-LeaderElection225] INFO  impl.LeaderElection (LeaderElection.java:askForVotes(450)) - e6e13cb3-e32b-4d2d-874a-1e4700c67398@group-09A5C1734F32-LeaderElection225 PRE_VOTE round 0: result REJECTED
2025-09-07 09:46:29,344 [e6e13cb3-e32b-4d2d-874a-1e4700c67398@group-09A5C1734F32-LeaderElection225] INFO  server.RaftServer$Division (RaftServerImpl.java:setRole(392)) - e6e13cb3-e32b-4d2d-874a-1e4700c67398@group-09A5C1734F32: changes role from CANDIDATE to FOLLOWER at term 1 for REJECTED
2025-09-07 09:46:29,344 [e6e13cb3-e32b-4d2d-874a-1e4700c67398@group-09A5C1734F32-LeaderElection225] INFO  impl.RoleInfo (RoleInfo.java:shutdownLeaderElection(141)) - e6e13cb3-e32b-4d2d-874a-1e4700c67398: shutdown e6e13cb3-e32b-4d2d-874a-1e4700c67398@group-09A5C1734F32-LeaderElection225
2025-09-07 09:46:29,345 [e6e13cb3-e32b-4d2d-874a-1e4700c67398@group-09A5C1734F32-LeaderElection225] INFO  impl.RoleInfo (RoleInfo.java:updateAndGet(148)) - e6e13cb3-e32b-4d2d-874a-1e4700c67398: start e6e13cb3-e32b-4d2d-874a-1e4700c67398@group-09A5C1734F32-FollowerState
2025-09-07 09:46:29,375 [e6e13cb3-e32b-4d2d-874a-1e4700c67398@group-9E511D2458D0-FollowerState] INFO  impl.FollowerState (FollowerState.java:runImpl(161)) - e6e13cb3-e32b-4d2d-874a-1e4700c67398@group-9E511D2458D0-FollowerState: change to CANDIDATE, lastRpcElapsedTime:1029259185ns, electionTimeout:1029ms
2025-09-07 09:46:29,375 [e6e13cb3-e32b-4d2d-874a-1e4700c67398@group-9E511D2458D0-FollowerState] INFO  impl.RoleInfo (RoleInfo.java:shutdownFollowerState(121)) - e6e13cb3-e32b-4d2d-874a-1e4700c67398: shutdown e6e13cb3-e32b-4d2d-874a-1e4700c67398@group-9E511D2458D0-FollowerState
2025-09-07 09:46:29,376 [e6e13cb3-e32b-4d2d-874a-1e4700c67398@group-9E511D2458D0-FollowerState] INFO  server.RaftServer$Division (RaftServerImpl.java:setRole(392)) - e6e13cb3-e32b-4d2d-874a-1e4700c67398@group-9E511D2458D0: changes role from  FOLLOWER to CANDIDATE at term 1 for changeToCandidate
2025-09-07 09:46:29,376 [e6e13cb3-e32b-4d2d-874a-1e4700c67398@group-9E511D2458D0-FollowerState] INFO  impl.RoleInfo (RoleInfo.java:updateAndGet(148)) - e6e13cb3-e32b-4d2d-874a-1e4700c67398: start e6e13cb3-e32b-4d2d-874a-1e4700c67398@group-9E511D2458D0-LeaderElection226
2025-09-07 09:46:29,376 [e6e13cb3-e32b-4d2d-874a-1e4700c67398@group-9E511D2458D0-LeaderElection226] INFO  impl.LeaderElection (LeaderElection.java:askForVotes(448)) - e6e13cb3-e32b-4d2d-874a-1e4700c67398@group-9E511D2458D0-LeaderElection226 PRE_VOTE round 0: submit vote requests at term 1 for conf: {index: 0, cur=peers:[90a60b70-6b91-4fb2-a612-7ac0b6911dfc|127.0.0.1:15047, e6e13cb3-e32b-4d2d-874a-1e4700c67398|127.0.0.1:15055, 7c7182dc-ac7f-44a8-b1d4-5d10f99cbcf2|127.0.0.1:15039]|listeners:[], old=null}
2025-09-07 09:46:29,376 [e6e13cb3-e32b-4d2d-874a-1e4700c67398@group-9E511D2458D0-LeaderElection226] INFO  impl.LeaderElection (LogUtils.java:infoOrTrace(142)) - e6e13cb3-e32b-4d2d-874a-1e4700c67398@group-9E511D2458D0-LeaderElection226 got exception when requesting votes: java.util.concurrent.ExecutionException: org.apache.ratis.thirdparty.io.grpc.StatusRuntimeException: UNAVAILABLE: io exception
2025-09-07 09:46:29,377 [e6e13cb3-e32b-4d2d-874a-1e4700c67398@group-9E511D2458D0-LeaderElection226] INFO  impl.LeaderElection (LogUtils.java:infoOrTrace(142)) - e6e13cb3-e32b-4d2d-874a-1e4700c67398@group-9E511D2458D0-LeaderElection226 got exception when requesting votes: java.util.concurrent.ExecutionException: org.apache.ratis.thirdparty.io.grpc.StatusRuntimeException: UNAVAILABLE: io exception
2025-09-07 09:46:29,377 [e6e13cb3-e32b-4d2d-874a-1e4700c67398@group-9E511D2458D0-LeaderElection226] INFO  impl.LeaderElection (LeaderElection.java:logAndReturn(206)) - e6e13cb3-e32b-4d2d-874a-1e4700c67398@group-9E511D2458D0-LeaderElection226: PRE_VOTE REJECTED received 0 response(s) and 2 exception(s):
2025-09-07 09:46:29,377 [e6e13cb3-e32b-4d2d-874a-1e4700c67398@group-9E511D2458D0-LeaderElection226] INFO  impl.LeaderElection (LogUtils.java:infoOrTrace(142)) -   Exception 0: java.util.concurrent.ExecutionException: org.apache.ratis.thirdparty.io.grpc.StatusRuntimeException: UNAVAILABLE: io exception
2025-09-07 09:46:29,377 [e6e13cb3-e32b-4d2d-874a-1e4700c67398@group-9E511D2458D0-LeaderElection226] INFO  impl.LeaderElection (LogUtils.java:infoOrTrace(142)) -   Exception 1: java.util.concurrent.ExecutionException: org.apache.ratis.thirdparty.io.grpc.StatusRuntimeException: UNAVAILABLE: io exception
2025-09-07 09:46:29,377 [e6e13cb3-e32b-4d2d-874a-1e4700c67398@group-9E511D2458D0-LeaderElection226] INFO  impl.LeaderElection (LeaderElection.java:askForVotes(450)) - e6e13cb3-e32b-4d2d-874a-1e4700c67398@group-9E511D2458D0-LeaderElection226 PRE_VOTE round 0: result REJECTED
2025-09-07 09:46:29,377 [e6e13cb3-e32b-4d2d-874a-1e4700c67398@group-9E511D2458D0-LeaderElection226] INFO  server.RaftServer$Division (RaftServerImpl.java:setRole(392)) - e6e13cb3-e32b-4d2d-874a-1e4700c67398@group-9E511D2458D0: changes role from CANDIDATE to FOLLOWER at term 1 for REJECTED
2025-09-07 09:46:29,377 [e6e13cb3-e32b-4d2d-874a-1e4700c67398@group-9E511D2458D0-LeaderElection226] INFO  impl.RoleInfo (RoleInfo.java:shutdownLeaderElection(141)) - e6e13cb3-e32b-4d2d-874a-1e4700c67398: shutdown e6e13cb3-e32b-4d2d-874a-1e4700c67398@group-9E511D2458D0-LeaderElection226
2025-09-07 09:46:29,377 [e6e13cb3-e32b-4d2d-874a-1e4700c67398@group-9E511D2458D0-LeaderElection226] INFO  impl.RoleInfo (RoleInfo.java:updateAndGet(148)) - e6e13cb3-e32b-4d2d-874a-1e4700c67398: start e6e13cb3-e32b-4d2d-874a-1e4700c67398@group-9E511D2458D0-FollowerState
2025-09-07 09:46:30,350 [e6e13cb3-e32b-4d2d-874a-1e4700c67398@group-09A5C1734F32-FollowerState] INFO  impl.FollowerState (FollowerState.java:runImpl(161)) - e6e13cb3-e32b-4d2d-874a-1e4700c67398@group-09A5C1734F32-FollowerState: change to CANDIDATE, lastRpcElapsedTime:1005268251ns, electionTimeout:1005ms
2025-09-07 09:46:30,350 [e6e13cb3-e32b-4d2d-874a-1e4700c67398@group-09A5C1734F32-FollowerState] INFO  impl.RoleInfo (RoleInfo.java:shutdownFollowerState(121)) - e6e13cb3-e32b-4d2d-874a-1e4700c67398: shutdown e6e13cb3-e32b-4d2d-874a-1e4700c67398@group-09A5C1734F32-FollowerState
2025-09-07 09:46:30,350 [e6e13cb3-e32b-4d2d-874a-1e4700c67398@group-09A5C1734F32-FollowerState] INFO  server.RaftServer$Division (RaftServerImpl.java:setRole(392)) - e6e13cb3-e32b-4d2d-874a-1e4700c67398@group-09A5C1734F32: changes role from  FOLLOWER to CANDIDATE at term 1 for changeToCandidate
2025-09-07 09:46:30,350 [e6e13cb3-e32b-4d2d-874a-1e4700c67398@group-09A5C1734F32-FollowerState] INFO  impl.RoleInfo (RoleInfo.java:updateAndGet(148)) - e6e13cb3-e32b-4d2d-874a-1e4700c67398: start e6e13cb3-e32b-4d2d-874a-1e4700c67398@group-09A5C1734F32-LeaderElection227
2025-09-07 09:46:30,350 [e6e13cb3-e32b-4d2d-874a-1e4700c67398@group-09A5C1734F32-LeaderElection227] INFO  impl.LeaderElection (LeaderElection.java:askForVotes(448)) - e6e13cb3-e32b-4d2d-874a-1e4700c67398@group-09A5C1734F32-LeaderElection227 PRE_VOTE round 0: submit vote requests at term 1 for conf: {index: 0, cur=peers:[90a60b70-6b91-4fb2-a612-7ac0b6911dfc|127.0.0.1:15047, e6e13cb3-e32b-4d2d-874a-1e4700c67398|127.0.0.1:15055, 7c7182dc-ac7f-44a8-b1d4-5d10f99cbcf2|127.0.0.1:15039]|listeners:[], old=null}
2025-09-07 09:46:30,351 [e6e13cb3-e32b-4d2d-874a-1e4700c67398@group-09A5C1734F32-LeaderElection227] INFO  impl.LeaderElection (LogUtils.java:infoOrTrace(142)) - e6e13cb3-e32b-4d2d-874a-1e4700c67398@group-09A5C1734F32-LeaderElection227 got exception when requesting votes: java.util.concurrent.ExecutionException: org.apache.ratis.thirdparty.io.grpc.StatusRuntimeException: UNAVAILABLE: io exception
2025-09-07 09:46:30,351 [e6e13cb3-e32b-4d2d-874a-1e4700c67398@group-09A5C1734F32-LeaderElection227] INFO  impl.LeaderElection (LogUtils.java:infoOrTrace(142)) - e6e13cb3-e32b-4d2d-874a-1e4700c67398@group-09A5C1734F32-LeaderElection227 got exception when requesting votes: java.util.concurrent.ExecutionException: org.apache.ratis.thirdparty.io.grpc.StatusRuntimeException: UNAVAILABLE: io exception
2025-09-07 09:46:30,351 [e6e13cb3-e32b-4d2d-874a-1e4700c67398@group-09A5C1734F32-LeaderElection227] INFO  impl.LeaderElection (LeaderElection.java:logAndReturn(206)) - e6e13cb3-e32b-4d2d-874a-1e4700c67398@group-09A5C1734F32-LeaderElection227: PRE_VOTE REJECTED received 0 response(s) and 2 exception(s):
2025-09-07 09:46:30,351 [e6e13cb3-e32b-4d2d-874a-1e4700c67398@group-09A5C1734F32-LeaderElection227] INFO  impl.LeaderElection (LogUtils.java:infoOrTrace(142)) -   Exception 0: java.util.concurrent.ExecutionException: org.apache.ratis.thirdparty.io.grpc.StatusRuntimeException: UNAVAILABLE: io exception
2025-09-07 09:46:30,351 [e6e13cb3-e32b-4d2d-874a-1e4700c67398@group-09A5C1734F32-LeaderElection227] INFO  impl.LeaderElection (LogUtils.java:infoOrTrace(142)) -   Exception 1: java.util.concurrent.ExecutionException: org.apache.ratis.thirdparty.io.grpc.StatusRuntimeException: UNAVAILABLE: io exception
2025-09-07 09:46:30,351 [e6e13cb3-e32b-4d2d-874a-1e4700c67398@group-09A5C1734F32-LeaderElection227] INFO  impl.LeaderElection (LeaderElection.java:askForVotes(450)) - e6e13cb3-e32b-4d2d-874a-1e4700c67398@group-09A5C1734F32-LeaderElection227 PRE_VOTE round 0: result REJECTED
2025-09-07 09:46:30,351 [e6e13cb3-e32b-4d2d-874a-1e4700c67398@group-09A5C1734F32-LeaderElection227] INFO  server.RaftServer$Division (RaftServerImpl.java:setRole(392)) - e6e13cb3-e32b-4d2d-874a-1e4700c67398@group-09A5C1734F32: changes role from CANDIDATE to FOLLOWER at term 1 for REJECTED
2025-09-07 09:46:30,351 [e6e13cb3-e32b-4d2d-874a-1e4700c67398@group-09A5C1734F32-LeaderElection227] INFO  impl.RoleInfo (RoleInfo.java:shutdownLeaderElection(141)) - e6e13cb3-e32b-4d2d-874a-1e4700c67398: shutdown e6e13cb3-e32b-4d2d-874a-1e4700c67398@group-09A5C1734F32-LeaderElection227
2025-09-07 09:46:30,351 [e6e13cb3-e32b-4d2d-874a-1e4700c67398@group-09A5C1734F32-LeaderElection227] INFO  impl.RoleInfo (RoleInfo.java:updateAndGet(148)) - e6e13cb3-e32b-4d2d-874a-1e4700c67398: start e6e13cb3-e32b-4d2d-874a-1e4700c67398@group-09A5C1734F32-FollowerState
2025-09-07 09:46:30,561 [e6e13cb3-e32b-4d2d-874a-1e4700c67398@group-9E511D2458D0-FollowerState] INFO  impl.FollowerState (FollowerState.java:runImpl(161)) - e6e13cb3-e32b-4d2d-874a-1e4700c67398@group-9E511D2458D0-FollowerState: change to CANDIDATE, lastRpcElapsedTime:1184261865ns, electionTimeout:1184ms
2025-09-07 09:46:30,561 [e6e13cb3-e32b-4d2d-874a-1e4700c67398@group-9E511D2458D0-FollowerState] INFO  impl.RoleInfo (RoleInfo.java:shutdownFollowerState(121)) - e6e13cb3-e32b-4d2d-874a-1e4700c67398: shutdown e6e13cb3-e32b-4d2d-874a-1e4700c67398@group-9E511D2458D0-FollowerState
2025-09-07 09:46:30,561 [e6e13cb3-e32b-4d2d-874a-1e4700c67398@group-9E511D2458D0-FollowerState] INFO  server.RaftServer$Division (RaftServerImpl.java:setRole(392)) - e6e13cb3-e32b-4d2d-874a-1e4700c67398@group-9E511D2458D0: changes role from  FOLLOWER to CANDIDATE at term 1 for changeToCandidate
2025-09-07 09:46:30,561 [e6e13cb3-e32b-4d2d-874a-1e4700c67398@group-9E511D2458D0-FollowerState] INFO  impl.RoleInfo (RoleInfo.java:updateAndGet(148)) - e6e13cb3-e32b-4d2d-874a-1e4700c67398: start e6e13cb3-e32b-4d2d-874a-1e4700c67398@group-9E511D2458D0-LeaderElection228
2025-09-07 09:46:30,562 [e6e13cb3-e32b-4d2d-874a-1e4700c67398@group-9E511D2458D0-LeaderElection228] INFO  impl.LeaderElection (LeaderElection.java:askForVotes(448)) - e6e13cb3-e32b-4d2d-874a-1e4700c67398@group-9E511D2458D0-LeaderElection228 PRE_VOTE round 0: submit vote requests at term 1 for conf: {index: 0, cur=peers:[90a60b70-6b91-4fb2-a612-7ac0b6911dfc|127.0.0.1:15047, e6e13cb3-e32b-4d2d-874a-1e4700c67398|127.0.0.1:15055, 7c7182dc-ac7f-44a8-b1d4-5d10f99cbcf2|127.0.0.1:15039]|listeners:[], old=null}
2025-09-07 09:46:30,562 [e6e13cb3-e32b-4d2d-874a-1e4700c67398@group-9E511D2458D0-LeaderElection228] INFO  impl.LeaderElection (LogUtils.java:infoOrTrace(142)) - e6e13cb3-e32b-4d2d-874a-1e4700c67398@group-9E511D2458D0-LeaderElection228 got exception when requesting votes: java.util.concurrent.ExecutionException: org.apache.ratis.thirdparty.io.grpc.StatusRuntimeException: UNAVAILABLE: io exception
2025-09-07 09:46:30,562 [e6e13cb3-e32b-4d2d-874a-1e4700c67398@group-9E511D2458D0-LeaderElection228] INFO  impl.LeaderElection (LogUtils.java:infoOrTrace(142)) - e6e13cb3-e32b-4d2d-874a-1e4700c67398@group-9E511D2458D0-LeaderElection228 got exception when requesting votes: java.util.concurrent.ExecutionException: org.apache.ratis.thirdparty.io.grpc.StatusRuntimeException: UNAVAILABLE: io exception
2025-09-07 09:46:30,562 [e6e13cb3-e32b-4d2d-874a-1e4700c67398@group-9E511D2458D0-LeaderElection228] INFO  impl.LeaderElection (LeaderElection.java:logAndReturn(206)) - e6e13cb3-e32b-4d2d-874a-1e4700c67398@group-9E511D2458D0-LeaderElection228: PRE_VOTE REJECTED received 0 response(s) and 2 exception(s):
2025-09-07 09:46:30,562 [e6e13cb3-e32b-4d2d-874a-1e4700c67398@group-9E511D2458D0-LeaderElection228] INFO  impl.LeaderElection (LogUtils.java:infoOrTrace(142)) -   Exception 0: java.util.concurrent.ExecutionException: org.apache.ratis.thirdparty.io.grpc.StatusRuntimeException: UNAVAILABLE: io exception
2025-09-07 09:46:30,562 [e6e13cb3-e32b-4d2d-874a-1e4700c67398@group-9E511D2458D0-LeaderElection228] INFO  impl.LeaderElection (LogUtils.java:infoOrTrace(142)) -   Exception 1: java.util.concurrent.ExecutionException: org.apache.ratis.thirdparty.io.grpc.StatusRuntimeException: UNAVAILABLE: io exception
2025-09-07 09:46:30,562 [e6e13cb3-e32b-4d2d-874a-1e4700c67398@group-9E511D2458D0-LeaderElection228] INFO  impl.LeaderElection (LeaderElection.java:askForVotes(450)) - e6e13cb3-e32b-4d2d-874a-1e4700c67398@group-9E511D2458D0-LeaderElection228 PRE_VOTE round 0: result REJECTED
2025-09-07 09:46:30,563 [e6e13cb3-e32b-4d2d-874a-1e4700c67398@group-9E511D2458D0-LeaderElection228] INFO  server.RaftServer$Division (RaftServerImpl.java:setRole(392)) - e6e13cb3-e32b-4d2d-874a-1e4700c67398@group-9E511D2458D0: changes role from CANDIDATE to FOLLOWER at term 1 for REJECTED
2025-09-07 09:46:30,563 [e6e13cb3-e32b-4d2d-874a-1e4700c67398@group-9E511D2458D0-LeaderElection228] INFO  impl.RoleInfo (RoleInfo.java:shutdownLeaderElection(141)) - e6e13cb3-e32b-4d2d-874a-1e4700c67398: shutdown e6e13cb3-e32b-4d2d-874a-1e4700c67398@group-9E511D2458D0-LeaderElection228
2025-09-07 09:46:30,563 [e6e13cb3-e32b-4d2d-874a-1e4700c67398@group-9E511D2458D0-LeaderElection228] INFO  impl.RoleInfo (RoleInfo.java:updateAndGet(148)) - e6e13cb3-e32b-4d2d-874a-1e4700c67398: start e6e13cb3-e32b-4d2d-874a-1e4700c67398@group-9E511D2458D0-FollowerState
2025-09-07 09:46:31,386 [e6e13cb3-e32b-4d2d-874a-1e4700c67398@group-09A5C1734F32-FollowerState] INFO  impl.FollowerState (FollowerState.java:runImpl(161)) - e6e13cb3-e32b-4d2d-874a-1e4700c67398@group-09A5C1734F32-FollowerState: change to CANDIDATE, lastRpcElapsedTime:1034307117ns, electionTimeout:1034ms
2025-09-07 09:46:31,386 [e6e13cb3-e32b-4d2d-874a-1e4700c67398@group-09A5C1734F32-FollowerState] INFO  impl.RoleInfo (RoleInfo.java:shutdownFollowerState(121)) - e6e13cb3-e32b-4d2d-874a-1e4700c67398: shutdown e6e13cb3-e32b-4d2d-874a-1e4700c67398@group-09A5C1734F32-FollowerState
2025-09-07 09:46:31,386 [e6e13cb3-e32b-4d2d-874a-1e4700c67398@group-09A5C1734F32-FollowerState] INFO  server.RaftServer$Division (RaftServerImpl.java:setRole(392)) - e6e13cb3-e32b-4d2d-874a-1e4700c67398@group-09A5C1734F32: changes role from  FOLLOWER to CANDIDATE at term 1 for changeToCandidate
2025-09-07 09:46:31,386 [e6e13cb3-e32b-4d2d-874a-1e4700c67398@group-09A5C1734F32-FollowerState] INFO  impl.RoleInfo (RoleInfo.java:updateAndGet(148)) - e6e13cb3-e32b-4d2d-874a-1e4700c67398: start e6e13cb3-e32b-4d2d-874a-1e4700c67398@group-09A5C1734F32-LeaderElection229
2025-09-07 09:46:31,386 [e6e13cb3-e32b-4d2d-874a-1e4700c67398@group-09A5C1734F32-LeaderElection229] INFO  impl.LeaderElection (LeaderElection.java:askForVotes(448)) - e6e13cb3-e32b-4d2d-874a-1e4700c67398@group-09A5C1734F32-LeaderElection229 PRE_VOTE round 0: submit vote requests at term 1 for conf: {index: 0, cur=peers:[90a60b70-6b91-4fb2-a612-7ac0b6911dfc|127.0.0.1:15047, e6e13cb3-e32b-4d2d-874a-1e4700c67398|127.0.0.1:15055, 7c7182dc-ac7f-44a8-b1d4-5d10f99cbcf2|127.0.0.1:15039]|listeners:[], old=null}
2025-09-07 09:46:31,387 [e6e13cb3-e32b-4d2d-874a-1e4700c67398@group-09A5C1734F32-LeaderElection229] INFO  impl.LeaderElection (LogUtils.java:infoOrTrace(142)) - e6e13cb3-e32b-4d2d-874a-1e4700c67398@group-09A5C1734F32-LeaderElection229 got exception when requesting votes: java.util.concurrent.ExecutionException: org.apache.ratis.thirdparty.io.grpc.StatusRuntimeException: UNAVAILABLE: io exception
2025-09-07 09:46:31,387 [e6e13cb3-e32b-4d2d-874a-1e4700c67398@group-09A5C1734F32-LeaderElection229] INFO  impl.LeaderElection (LogUtils.java:infoOrTrace(142)) - e6e13cb3-e32b-4d2d-874a-1e4700c67398@group-09A5C1734F32-LeaderElection229 got exception when requesting votes: java.util.concurrent.ExecutionException: org.apache.ratis.thirdparty.io.grpc.StatusRuntimeException: UNAVAILABLE: io exception
2025-09-07 09:46:31,387 [e6e13cb3-e32b-4d2d-874a-1e4700c67398@group-09A5C1734F32-LeaderElection229] INFO  impl.LeaderElection (LeaderElection.java:logAndReturn(206)) - e6e13cb3-e32b-4d2d-874a-1e4700c67398@group-09A5C1734F32-LeaderElection229: PRE_VOTE REJECTED received 0 response(s) and 2 exception(s):
2025-09-07 09:46:31,387 [e6e13cb3-e32b-4d2d-874a-1e4700c67398@group-09A5C1734F32-LeaderElection229] INFO  impl.LeaderElection (LogUtils.java:infoOrTrace(142)) -   Exception 0: java.util.concurrent.ExecutionException: org.apache.ratis.thirdparty.io.grpc.StatusRuntimeException: UNAVAILABLE: io exception
2025-09-07 09:46:31,387 [e6e13cb3-e32b-4d2d-874a-1e4700c67398@group-09A5C1734F32-LeaderElection229] INFO  impl.LeaderElection (LogUtils.java:infoOrTrace(142)) -   Exception 1: java.util.concurrent.ExecutionException: org.apache.ratis.thirdparty.io.grpc.StatusRuntimeException: UNAVAILABLE: io exception
2025-09-07 09:46:31,387 [e6e13cb3-e32b-4d2d-874a-1e4700c67398@group-09A5C1734F32-LeaderElection229] INFO  impl.LeaderElection (LeaderElection.java:askForVotes(450)) - e6e13cb3-e32b-4d2d-874a-1e4700c67398@group-09A5C1734F32-LeaderElection229 PRE_VOTE round 0: result REJECTED
2025-09-07 09:46:31,387 [e6e13cb3-e32b-4d2d-874a-1e4700c67398@group-09A5C1734F32-LeaderElection229] INFO  server.RaftServer$Division (RaftServerImpl.java:setRole(392)) - e6e13cb3-e32b-4d2d-874a-1e4700c67398@group-09A5C1734F32: changes role from CANDIDATE to FOLLOWER at term 1 for REJECTED
2025-09-07 09:46:31,387 [e6e13cb3-e32b-4d2d-874a-1e4700c67398@group-09A5C1734F32-LeaderElection229] INFO  impl.RoleInfo (RoleInfo.java:shutdownLeaderElection(141)) - e6e13cb3-e32b-4d2d-874a-1e4700c67398: shutdown e6e13cb3-e32b-4d2d-874a-1e4700c67398@group-09A5C1734F32-LeaderElection229
2025-09-07 09:46:31,387 [e6e13cb3-e32b-4d2d-874a-1e4700c67398@group-09A5C1734F32-LeaderElection229] INFO  impl.RoleInfo (RoleInfo.java:updateAndGet(148)) - e6e13cb3-e32b-4d2d-874a-1e4700c67398: start e6e13cb3-e32b-4d2d-874a-1e4700c67398@group-09A5C1734F32-FollowerState
2025-09-07 09:46:31,479 [timer3] ERROR impl.OrderedAsync (OrderedAsync.java:lambda$null$6(215)) -  (Repeated 2 times in the last 5.001s) client-31430F4BE28C: Failed* RaftClientRequest:client-31430F4BE28C->7c7182dc-ac7f-44a8-b1d4-5d10f99cbcf2@group-9E511D2458D0, cid=57, seq=1*, Watch(0), null
java.util.concurrent.CompletionException: java.io.IOException: org.apache.ratis.thirdparty.io.grpc.StatusRuntimeException: UNAVAILABLE: io exception
	at java.base/java.util.concurrent.CompletableFuture.encodeThrowable(CompletableFuture.java:332)
	at java.base/java.util.concurrent.CompletableFuture.completeThrowable(CompletableFuture.java:347)
	at java.base/java.util.concurrent.CompletableFuture$UniAccept.tryFire(CompletableFuture.java:708)
	at java.base/java.util.concurrent.CompletableFuture.postComplete(CompletableFuture.java:510)
	at java.base/java.util.concurrent.CompletableFuture.completeExceptionally(CompletableFuture.java:2194)
	at org.apache.ratis.grpc.client.GrpcClientProtocolClient$AsyncStreamObservers.completeReplyExceptionally(GrpcClientProtocolClient.java:397)
	at org.apache.ratis.grpc.client.GrpcClientProtocolClient$AsyncStreamObservers.access$000(GrpcClientProtocolClient.java:303)
	at org.apache.ratis.grpc.client.GrpcClientProtocolClient$AsyncStreamObservers$1.onError(GrpcClientProtocolClient.java:334)
	at org.apache.ratis.thirdparty.io.grpc.stub.ClientCalls$StreamObserverToCallListenerAdapter.onClose(ClientCalls.java:564)
	at org.apache.ratis.thirdparty.io.grpc.PartialForwardingClientCallListener.onClose(PartialForwardingClientCallListener.java:39)
	at org.apache.ratis.thirdparty.io.grpc.ForwardingClientCallListener.onClose(ForwardingClientCallListener.java:23)
	at org.apache.ratis.grpc.metrics.intercept.client.MetricClientCallListener.onClose(MetricClientCallListener.java:47)
	at org.apache.ratis.thirdparty.io.grpc.internal.ClientCallImpl.closeObserver(ClientCallImpl.java:565)
	at org.apache.ratis.thirdparty.io.grpc.internal.ClientCallImpl.access$100(ClientCallImpl.java:72)
	at org.apache.ratis.thirdparty.io.grpc.internal.ClientCallImpl$ClientStreamListenerImpl$1StreamClosed.runInternal(ClientCallImpl.java:733)
	at org.apache.ratis.thirdparty.io.grpc.internal.ClientCallImpl$ClientStreamListenerImpl$1StreamClosed.runInContext(ClientCallImpl.java:714)
	at org.apache.ratis.thirdparty.io.grpc.internal.ContextRunnable.run(ContextRunnable.java:37)
	at org.apache.ratis.thirdparty.io.grpc.internal.SerializingExecutor.run(SerializingExecutor.java:133)
	at java.base/java.util.concurrent.ThreadPoolExecutor.runWorker(ThreadPoolExecutor.java:1144)
	at java.base/java.util.concurrent.ThreadPoolExecutor$Worker.run(ThreadPoolExecutor.java:642)
	at java.base/java.lang.Thread.run(Thread.java:1583)
Caused by: java.io.IOException: org.apache.ratis.thirdparty.io.grpc.StatusRuntimeException: UNAVAILABLE: io exception
	at org.apache.ratis.grpc.GrpcUtil.unwrapException(GrpcUtil.java:99)
	at org.apache.ratis.grpc.GrpcUtil.unwrapIOException(GrpcUtil.java:159)
	at org.apache.ratis.grpc.client.GrpcClientProtocolClient$AsyncStreamObservers$1.onError(GrpcClientProtocolClient.java:333)
	... 13 more
Caused by: org.apache.ratis.thirdparty.io.grpc.StatusRuntimeException: UNAVAILABLE: io exception
	at org.apache.ratis.thirdparty.io.grpc.Status.asRuntimeException(Status.java:532)
	... 13 more
Caused by: org.apache.ratis.thirdparty.io.netty.channel.AbstractChannel$AnnotatedConnectException: finishConnect(..) failed: Connection refused: /127.0.0.1:15037
Caused by: java.net.ConnectException: finishConnect(..) failed: Connection refused
	at org.apache.ratis.thirdparty.io.netty.channel.unix.Errors.newConnectException0(Errors.java:166)
	at org.apache.ratis.thirdparty.io.netty.channel.unix.Errors.handleConnectErrno(Errors.java:131)
	at org.apache.ratis.thirdparty.io.netty.channel.unix.Socket.finishConnect(Socket.java:359)
	at org.apache.ratis.thirdparty.io.netty.channel.epoll.AbstractEpollChannel$AbstractEpollUnsafe.doFinishConnect(AbstractEpollChannel.java:715)
	at org.apache.ratis.thirdparty.io.netty.channel.epoll.AbstractEpollChannel$AbstractEpollUnsafe.finishConnect(AbstractEpollChannel.java:692)
	at org.apache.ratis.thirdparty.io.netty.channel.epoll.AbstractEpollChannel$AbstractEpollUnsafe.epollOutReady(AbstractEpollChannel.java:567)
	at org.apache.ratis.thirdparty.io.netty.channel.epoll.EpollEventLoop.processReady(EpollEventLoop.java:491)
	at org.apache.ratis.thirdparty.io.netty.channel.epoll.EpollEventLoop.run(EpollEventLoop.java:399)
	at org.apache.ratis.thirdparty.io.netty.util.concurrent.SingleThreadEventExecutor$4.run(SingleThreadEventExecutor.java:998)
	at org.apache.ratis.thirdparty.io.netty.util.internal.ThreadExecutorMap$2.run(ThreadExecutorMap.java:74)
	at org.apache.ratis.thirdparty.io.netty.util.concurrent.FastThreadLocalRunnable.run(FastThreadLocalRunnable.java:30)
	at java.base/java.lang.Thread.run(Thread.java:1583)
2025-09-07 09:46:31,606 [e6e13cb3-e32b-4d2d-874a-1e4700c67398@group-9E511D2458D0-FollowerState] INFO  impl.FollowerState (FollowerState.java:runImpl(161)) - e6e13cb3-e32b-4d2d-874a-1e4700c67398@group-9E511D2458D0-FollowerState: change to CANDIDATE, lastRpcElapsedTime:1043372303ns, electionTimeout:1043ms
2025-09-07 09:46:31,606 [e6e13cb3-e32b-4d2d-874a-1e4700c67398@group-9E511D2458D0-FollowerState] INFO  impl.RoleInfo (RoleInfo.java:shutdownFollowerState(121)) - e6e13cb3-e32b-4d2d-874a-1e4700c67398: shutdown e6e13cb3-e32b-4d2d-874a-1e4700c67398@group-9E511D2458D0-FollowerState
2025-09-07 09:46:31,606 [e6e13cb3-e32b-4d2d-874a-1e4700c67398@group-9E511D2458D0-FollowerState] INFO  server.RaftServer$Division (RaftServerImpl.java:setRole(392)) - e6e13cb3-e32b-4d2d-874a-1e4700c67398@group-9E511D2458D0: changes role from  FOLLOWER to CANDIDATE at term 1 for changeToCandidate
2025-09-07 09:46:31,606 [e6e13cb3-e32b-4d2d-874a-1e4700c67398@group-9E511D2458D0-FollowerState] INFO  impl.RoleInfo (RoleInfo.java:updateAndGet(148)) - e6e13cb3-e32b-4d2d-874a-1e4700c67398: start e6e13cb3-e32b-4d2d-874a-1e4700c67398@group-9E511D2458D0-LeaderElection230
2025-09-07 09:46:31,606 [e6e13cb3-e32b-4d2d-874a-1e4700c67398@group-9E511D2458D0-LeaderElection230] INFO  impl.LeaderElection (LeaderElection.java:askForVotes(448)) - e6e13cb3-e32b-4d2d-874a-1e4700c67398@group-9E511D2458D0-LeaderElection230 PRE_VOTE round 0: submit vote requests at term 1 for conf: {index: 0, cur=peers:[90a60b70-6b91-4fb2-a612-7ac0b6911dfc|127.0.0.1:15047, e6e13cb3-e32b-4d2d-874a-1e4700c67398|127.0.0.1:15055, 7c7182dc-ac7f-44a8-b1d4-5d10f99cbcf2|127.0.0.1:15039]|listeners:[], old=null}
2025-09-07 09:46:31,607 [e6e13cb3-e32b-4d2d-874a-1e4700c67398@group-9E511D2458D0-LeaderElection230] INFO  impl.LeaderElection (LogUtils.java:infoOrTrace(142)) - e6e13cb3-e32b-4d2d-874a-1e4700c67398@group-9E511D2458D0-LeaderElection230 got exception when requesting votes: java.util.concurrent.ExecutionException: org.apache.ratis.thirdparty.io.grpc.StatusRuntimeException: UNAVAILABLE: io exception
2025-09-07 09:46:31,607 [e6e13cb3-e32b-4d2d-874a-1e4700c67398@group-9E511D2458D0-LeaderElection230] INFO  impl.LeaderElection (LogUtils.java:infoOrTrace(142)) - e6e13cb3-e32b-4d2d-874a-1e4700c67398@group-9E511D2458D0-LeaderElection230 got exception when requesting votes: java.util.concurrent.ExecutionException: org.apache.ratis.thirdparty.io.grpc.StatusRuntimeException: UNAVAILABLE: io exception
2025-09-07 09:46:31,607 [e6e13cb3-e32b-4d2d-874a-1e4700c67398@group-9E511D2458D0-LeaderElection230] INFO  impl.LeaderElection (LeaderElection.java:logAndReturn(206)) - e6e13cb3-e32b-4d2d-874a-1e4700c67398@group-9E511D2458D0-LeaderElection230: PRE_VOTE REJECTED received 0 response(s) and 2 exception(s):
2025-09-07 09:46:31,607 [e6e13cb3-e32b-4d2d-874a-1e4700c67398@group-9E511D2458D0-LeaderElection230] INFO  impl.LeaderElection (LogUtils.java:infoOrTrace(142)) -   Exception 0: java.util.concurrent.ExecutionException: org.apache.ratis.thirdparty.io.grpc.StatusRuntimeException: UNAVAILABLE: io exception
2025-09-07 09:46:31,607 [e6e13cb3-e32b-4d2d-874a-1e4700c67398@group-9E511D2458D0-LeaderElection230] INFO  impl.LeaderElection (LogUtils.java:infoOrTrace(142)) -   Exception 1: java.util.concurrent.ExecutionException: org.apache.ratis.thirdparty.io.grpc.StatusRuntimeException: UNAVAILABLE: io exception
2025-09-07 09:46:31,607 [e6e13cb3-e32b-4d2d-874a-1e4700c67398@group-9E511D2458D0-LeaderElection230] INFO  impl.LeaderElection (LeaderElection.java:askForVotes(450)) - e6e13cb3-e32b-4d2d-874a-1e4700c67398@group-9E511D2458D0-LeaderElection230 PRE_VOTE round 0: result REJECTED
2025-09-07 09:46:31,607 [e6e13cb3-e32b-4d2d-874a-1e4700c67398@group-9E511D2458D0-LeaderElection230] INFO  server.RaftServer$Division (RaftServerImpl.java:setRole(392)) - e6e13cb3-e32b-4d2d-874a-1e4700c67398@group-9E511D2458D0: changes role from CANDIDATE to FOLLOWER at term 1 for REJECTED
2025-09-07 09:46:31,607 [e6e13cb3-e32b-4d2d-874a-1e4700c67398@group-9E511D2458D0-LeaderElection230] INFO  impl.RoleInfo (RoleInfo.java:shutdownLeaderElection(141)) - e6e13cb3-e32b-4d2d-874a-1e4700c67398: shutdown e6e13cb3-e32b-4d2d-874a-1e4700c67398@group-9E511D2458D0-LeaderElection230
2025-09-07 09:46:31,607 [e6e13cb3-e32b-4d2d-874a-1e4700c67398@group-9E511D2458D0-LeaderElection230] INFO  impl.RoleInfo (RoleInfo.java:updateAndGet(148)) - e6e13cb3-e32b-4d2d-874a-1e4700c67398: start e6e13cb3-e32b-4d2d-874a-1e4700c67398@group-9E511D2458D0-FollowerState
2025-09-07 09:46:32,479 [e6e13cb3-e32b-4d2d-874a-1e4700c67398@group-09A5C1734F32-FollowerState] INFO  impl.FollowerState (FollowerState.java:runImpl(161)) - e6e13cb3-e32b-4d2d-874a-1e4700c67398@group-09A5C1734F32-FollowerState: change to CANDIDATE, lastRpcElapsedTime:1092280515ns, electionTimeout:1092ms
2025-09-07 09:46:32,479 [e6e13cb3-e32b-4d2d-874a-1e4700c67398@group-09A5C1734F32-FollowerState] INFO  impl.RoleInfo (RoleInfo.java:shutdownFollowerState(121)) - e6e13cb3-e32b-4d2d-874a-1e4700c67398: shutdown e6e13cb3-e32b-4d2d-874a-1e4700c67398@group-09A5C1734F32-FollowerState
2025-09-07 09:46:32,479 [e6e13cb3-e32b-4d2d-874a-1e4700c67398@group-09A5C1734F32-FollowerState] INFO  server.RaftServer$Division (RaftServerImpl.java:setRole(392)) - e6e13cb3-e32b-4d2d-874a-1e4700c67398@group-09A5C1734F32: changes role from  FOLLOWER to CANDIDATE at term 1 for changeToCandidate
2025-09-07 09:46:32,479 [e6e13cb3-e32b-4d2d-874a-1e4700c67398@group-09A5C1734F32-FollowerState] INFO  impl.RoleInfo (RoleInfo.java:updateAndGet(148)) - e6e13cb3-e32b-4d2d-874a-1e4700c67398: start e6e13cb3-e32b-4d2d-874a-1e4700c67398@group-09A5C1734F32-LeaderElection231
2025-09-07 09:46:32,480 [e6e13cb3-e32b-4d2d-874a-1e4700c67398@group-09A5C1734F32-LeaderElection231] INFO  impl.LeaderElection (LeaderElection.java:askForVotes(448)) - e6e13cb3-e32b-4d2d-874a-1e4700c67398@group-09A5C1734F32-LeaderElection231 PRE_VOTE round 0: submit vote requests at term 1 for conf: {index: 0, cur=peers:[90a60b70-6b91-4fb2-a612-7ac0b6911dfc|127.0.0.1:15047, e6e13cb3-e32b-4d2d-874a-1e4700c67398|127.0.0.1:15055, 7c7182dc-ac7f-44a8-b1d4-5d10f99cbcf2|127.0.0.1:15039]|listeners:[], old=null}
2025-09-07 09:46:32,480 [e6e13cb3-e32b-4d2d-874a-1e4700c67398@group-09A5C1734F32-LeaderElection231] INFO  impl.LeaderElection (LogUtils.java:infoOrTrace(142)) - e6e13cb3-e32b-4d2d-874a-1e4700c67398@group-09A5C1734F32-LeaderElection231 got exception when requesting votes: java.util.concurrent.ExecutionException: org.apache.ratis.thirdparty.io.grpc.StatusRuntimeException: UNAVAILABLE: io exception
2025-09-07 09:46:32,480 [e6e13cb3-e32b-4d2d-874a-1e4700c67398@group-09A5C1734F32-LeaderElection231] INFO  impl.LeaderElection (LogUtils.java:infoOrTrace(142)) - e6e13cb3-e32b-4d2d-874a-1e4700c67398@group-09A5C1734F32-LeaderElection231 got exception when requesting votes: java.util.concurrent.ExecutionException: org.apache.ratis.thirdparty.io.grpc.StatusRuntimeException: UNAVAILABLE: io exception
2025-09-07 09:46:32,480 [e6e13cb3-e32b-4d2d-874a-1e4700c67398@group-09A5C1734F32-LeaderElection231] INFO  impl.LeaderElection (LeaderElection.java:logAndReturn(206)) - e6e13cb3-e32b-4d2d-874a-1e4700c67398@group-09A5C1734F32-LeaderElection231: PRE_VOTE REJECTED received 0 response(s) and 2 exception(s):
2025-09-07 09:46:32,480 [e6e13cb3-e32b-4d2d-874a-1e4700c67398@group-09A5C1734F32-LeaderElection231] INFO  impl.LeaderElection (LogUtils.java:infoOrTrace(142)) -   Exception 0: java.util.concurrent.ExecutionException: org.apache.ratis.thirdparty.io.grpc.StatusRuntimeException: UNAVAILABLE: io exception
2025-09-07 09:46:32,480 [e6e13cb3-e32b-4d2d-874a-1e4700c67398@group-09A5C1734F32-LeaderElection231] INFO  impl.LeaderElection (LogUtils.java:infoOrTrace(142)) -   Exception 1: java.util.concurrent.ExecutionException: org.apache.ratis.thirdparty.io.grpc.StatusRuntimeException: UNAVAILABLE: io exception
2025-09-07 09:46:32,480 [e6e13cb3-e32b-4d2d-874a-1e4700c67398@group-09A5C1734F32-LeaderElection231] INFO  impl.LeaderElection (LeaderElection.java:askForVotes(450)) - e6e13cb3-e32b-4d2d-874a-1e4700c67398@group-09A5C1734F32-LeaderElection231 PRE_VOTE round 0: result REJECTED
2025-09-07 09:46:32,480 [e6e13cb3-e32b-4d2d-874a-1e4700c67398@group-09A5C1734F32-LeaderElection231] INFO  server.RaftServer$Division (RaftServerImpl.java:setRole(392)) - e6e13cb3-e32b-4d2d-874a-1e4700c67398@group-09A5C1734F32: changes role from CANDIDATE to FOLLOWER at term 1 for REJECTED
2025-09-07 09:46:32,480 [e6e13cb3-e32b-4d2d-874a-1e4700c67398@group-09A5C1734F32-LeaderElection231] INFO  impl.RoleInfo (RoleInfo.java:shutdownLeaderElection(141)) - e6e13cb3-e32b-4d2d-874a-1e4700c67398: shutdown e6e13cb3-e32b-4d2d-874a-1e4700c67398@group-09A5C1734F32-LeaderElection231
2025-09-07 09:46:32,480 [e6e13cb3-e32b-4d2d-874a-1e4700c67398@group-09A5C1734F32-LeaderElection231] INFO  impl.RoleInfo (RoleInfo.java:updateAndGet(148)) - e6e13cb3-e32b-4d2d-874a-1e4700c67398: start e6e13cb3-e32b-4d2d-874a-1e4700c67398@group-09A5C1734F32-FollowerState
2025-09-07 09:46:32,787 [e6e13cb3-e32b-4d2d-874a-1e4700c67398@group-9E511D2458D0-FollowerState] INFO  impl.FollowerState (FollowerState.java:runImpl(161)) - e6e13cb3-e32b-4d2d-874a-1e4700c67398@group-9E511D2458D0-FollowerState: change to CANDIDATE, lastRpcElapsedTime:1179246689ns, electionTimeout:1179ms
2025-09-07 09:46:32,787 [e6e13cb3-e32b-4d2d-874a-1e4700c67398@group-9E511D2458D0-FollowerState] INFO  impl.RoleInfo (RoleInfo.java:shutdownFollowerState(121)) - e6e13cb3-e32b-4d2d-874a-1e4700c67398: shutdown e6e13cb3-e32b-4d2d-874a-1e4700c67398@group-9E511D2458D0-FollowerState
2025-09-07 09:46:32,787 [e6e13cb3-e32b-4d2d-874a-1e4700c67398@group-9E511D2458D0-FollowerState] INFO  server.RaftServer$Division (RaftServerImpl.java:setRole(392)) - e6e13cb3-e32b-4d2d-874a-1e4700c67398@group-9E511D2458D0: changes role from  FOLLOWER to CANDIDATE at term 1 for changeToCandidate
2025-09-07 09:46:32,787 [e6e13cb3-e32b-4d2d-874a-1e4700c67398@group-9E511D2458D0-FollowerState] INFO  impl.RoleInfo (RoleInfo.java:updateAndGet(148)) - e6e13cb3-e32b-4d2d-874a-1e4700c67398: start e6e13cb3-e32b-4d2d-874a-1e4700c67398@group-9E511D2458D0-LeaderElection232
2025-09-07 09:46:32,787 [e6e13cb3-e32b-4d2d-874a-1e4700c67398@group-9E511D2458D0-LeaderElection232] INFO  impl.LeaderElection (LeaderElection.java:askForVotes(448)) - e6e13cb3-e32b-4d2d-874a-1e4700c67398@group-9E511D2458D0-LeaderElection232 PRE_VOTE round 0: submit vote requests at term 1 for conf: {index: 0, cur=peers:[90a60b70-6b91-4fb2-a612-7ac0b6911dfc|127.0.0.1:15047, e6e13cb3-e32b-4d2d-874a-1e4700c67398|127.0.0.1:15055, 7c7182dc-ac7f-44a8-b1d4-5d10f99cbcf2|127.0.0.1:15039]|listeners:[], old=null}
2025-09-07 09:46:32,788 [e6e13cb3-e32b-4d2d-874a-1e4700c67398@group-9E511D2458D0-LeaderElection232] INFO  impl.LeaderElection (LogUtils.java:infoOrTrace(142)) - e6e13cb3-e32b-4d2d-874a-1e4700c67398@group-9E511D2458D0-LeaderElection232 got exception when requesting votes: java.util.concurrent.ExecutionException: org.apache.ratis.thirdparty.io.grpc.StatusRuntimeException: UNAVAILABLE: io exception
2025-09-07 09:46:32,788 [e6e13cb3-e32b-4d2d-874a-1e4700c67398@group-9E511D2458D0-LeaderElection232] INFO  impl.LeaderElection (LogUtils.java:infoOrTrace(142)) - e6e13cb3-e32b-4d2d-874a-1e4700c67398@group-9E511D2458D0-LeaderElection232 got exception when requesting votes: java.util.concurrent.ExecutionException: org.apache.ratis.thirdparty.io.grpc.StatusRuntimeException: UNAVAILABLE: io exception
2025-09-07 09:46:32,788 [e6e13cb3-e32b-4d2d-874a-1e4700c67398@group-9E511D2458D0-LeaderElection232] INFO  impl.LeaderElection (LeaderElection.java:logAndReturn(206)) - e6e13cb3-e32b-4d2d-874a-1e4700c67398@group-9E511D2458D0-LeaderElection232: PRE_VOTE REJECTED received 0 response(s) and 2 exception(s):
2025-09-07 09:46:32,788 [e6e13cb3-e32b-4d2d-874a-1e4700c67398@group-9E511D2458D0-LeaderElection232] INFO  impl.LeaderElection (LogUtils.java:infoOrTrace(142)) -   Exception 0: java.util.concurrent.ExecutionException: org.apache.ratis.thirdparty.io.grpc.StatusRuntimeException: UNAVAILABLE: io exception
2025-09-07 09:46:32,788 [e6e13cb3-e32b-4d2d-874a-1e4700c67398@group-9E511D2458D0-LeaderElection232] INFO  impl.LeaderElection (LogUtils.java:infoOrTrace(142)) -   Exception 1: java.util.concurrent.ExecutionException: org.apache.ratis.thirdparty.io.grpc.StatusRuntimeException: UNAVAILABLE: io exception
2025-09-07 09:46:32,788 [e6e13cb3-e32b-4d2d-874a-1e4700c67398@group-9E511D2458D0-LeaderElection232] INFO  impl.LeaderElection (LeaderElection.java:askForVotes(450)) - e6e13cb3-e32b-4d2d-874a-1e4700c67398@group-9E511D2458D0-LeaderElection232 PRE_VOTE round 0: result REJECTED
2025-09-07 09:46:32,788 [e6e13cb3-e32b-4d2d-874a-1e4700c67398@group-9E511D2458D0-LeaderElection232] INFO  server.RaftServer$Division (RaftServerImpl.java:setRole(392)) - e6e13cb3-e32b-4d2d-874a-1e4700c67398@group-9E511D2458D0: changes role from CANDIDATE to FOLLOWER at term 1 for REJECTED
2025-09-07 09:46:32,788 [e6e13cb3-e32b-4d2d-874a-1e4700c67398@group-9E511D2458D0-LeaderElection232] INFO  impl.RoleInfo (RoleInfo.java:shutdownLeaderElection(141)) - e6e13cb3-e32b-4d2d-874a-1e4700c67398: shutdown e6e13cb3-e32b-4d2d-874a-1e4700c67398@group-9E511D2458D0-LeaderElection232
2025-09-07 09:46:32,788 [e6e13cb3-e32b-4d2d-874a-1e4700c67398@group-9E511D2458D0-LeaderElection232] INFO  impl.RoleInfo (RoleInfo.java:updateAndGet(148)) - e6e13cb3-e32b-4d2d-874a-1e4700c67398: start e6e13cb3-e32b-4d2d-874a-1e4700c67398@group-9E511D2458D0-FollowerState
2025-09-07 09:46:33,622 [e6e13cb3-e32b-4d2d-874a-1e4700c67398@group-09A5C1734F32-FollowerState] INFO  impl.FollowerState (FollowerState.java:runImpl(161)) - e6e13cb3-e32b-4d2d-874a-1e4700c67398@group-09A5C1734F32-FollowerState: change to CANDIDATE, lastRpcElapsedTime:1141302426ns, electionTimeout:1141ms
2025-09-07 09:46:33,622 [e6e13cb3-e32b-4d2d-874a-1e4700c67398@group-09A5C1734F32-FollowerState] INFO  impl.RoleInfo (RoleInfo.java:shutdownFollowerState(121)) - e6e13cb3-e32b-4d2d-874a-1e4700c67398: shutdown e6e13cb3-e32b-4d2d-874a-1e4700c67398@group-09A5C1734F32-FollowerState
2025-09-07 09:46:33,622 [e6e13cb3-e32b-4d2d-874a-1e4700c67398@group-09A5C1734F32-FollowerState] INFO  server.RaftServer$Division (RaftServerImpl.java:setRole(392)) - e6e13cb3-e32b-4d2d-874a-1e4700c67398@group-09A5C1734F32: changes role from  FOLLOWER to CANDIDATE at term 1 for changeToCandidate
2025-09-07 09:46:33,622 [e6e13cb3-e32b-4d2d-874a-1e4700c67398@group-09A5C1734F32-FollowerState] INFO  impl.RoleInfo (RoleInfo.java:updateAndGet(148)) - e6e13cb3-e32b-4d2d-874a-1e4700c67398: start e6e13cb3-e32b-4d2d-874a-1e4700c67398@group-09A5C1734F32-LeaderElection233
2025-09-07 09:46:33,622 [e6e13cb3-e32b-4d2d-874a-1e4700c67398@group-09A5C1734F32-LeaderElection233] INFO  impl.LeaderElection (LeaderElection.java:askForVotes(448)) - e6e13cb3-e32b-4d2d-874a-1e4700c67398@group-09A5C1734F32-LeaderElection233 PRE_VOTE round 0: submit vote requests at term 1 for conf: {index: 0, cur=peers:[90a60b70-6b91-4fb2-a612-7ac0b6911dfc|127.0.0.1:15047, e6e13cb3-e32b-4d2d-874a-1e4700c67398|127.0.0.1:15055, 7c7182dc-ac7f-44a8-b1d4-5d10f99cbcf2|127.0.0.1:15039]|listeners:[], old=null}
2025-09-07 09:46:33,623 [e6e13cb3-e32b-4d2d-874a-1e4700c67398@group-09A5C1734F32-LeaderElection233] INFO  impl.LeaderElection (LogUtils.java:infoOrTrace(142)) - e6e13cb3-e32b-4d2d-874a-1e4700c67398@group-09A5C1734F32-LeaderElection233 got exception when requesting votes: java.util.concurrent.ExecutionException: org.apache.ratis.thirdparty.io.grpc.StatusRuntimeException: UNAVAILABLE: io exception
2025-09-07 09:46:33,623 [e6e13cb3-e32b-4d2d-874a-1e4700c67398@group-09A5C1734F32-LeaderElection233] INFO  impl.LeaderElection (LogUtils.java:infoOrTrace(142)) - e6e13cb3-e32b-4d2d-874a-1e4700c67398@group-09A5C1734F32-LeaderElection233 got exception when requesting votes: java.util.concurrent.ExecutionException: org.apache.ratis.thirdparty.io.grpc.StatusRuntimeException: UNAVAILABLE: io exception
2025-09-07 09:46:33,623 [e6e13cb3-e32b-4d2d-874a-1e4700c67398@group-09A5C1734F32-LeaderElection233] INFO  impl.LeaderElection (LeaderElection.java:logAndReturn(206)) - e6e13cb3-e32b-4d2d-874a-1e4700c67398@group-09A5C1734F32-LeaderElection233: PRE_VOTE REJECTED received 0 response(s) and 2 exception(s):
2025-09-07 09:46:33,623 [e6e13cb3-e32b-4d2d-874a-1e4700c67398@group-09A5C1734F32-LeaderElection233] INFO  impl.LeaderElection (LogUtils.java:infoOrTrace(142)) -   Exception 0: java.util.concurrent.ExecutionException: org.apache.ratis.thirdparty.io.grpc.StatusRuntimeException: UNAVAILABLE: io exception
2025-09-07 09:46:33,623 [e6e13cb3-e32b-4d2d-874a-1e4700c67398@group-09A5C1734F32-LeaderElection233] INFO  impl.LeaderElection (LogUtils.java:infoOrTrace(142)) -   Exception 1: java.util.concurrent.ExecutionException: org.apache.ratis.thirdparty.io.grpc.StatusRuntimeException: UNAVAILABLE: io exception
2025-09-07 09:46:33,623 [e6e13cb3-e32b-4d2d-874a-1e4700c67398@group-09A5C1734F32-LeaderElection233] INFO  impl.LeaderElection (LeaderElection.java:askForVotes(450)) - e6e13cb3-e32b-4d2d-874a-1e4700c67398@group-09A5C1734F32-LeaderElection233 PRE_VOTE round 0: result REJECTED
2025-09-07 09:46:33,623 [e6e13cb3-e32b-4d2d-874a-1e4700c67398@group-09A5C1734F32-LeaderElection233] INFO  server.RaftServer$Division (RaftServerImpl.java:setRole(392)) - e6e13cb3-e32b-4d2d-874a-1e4700c67398@group-09A5C1734F32: changes role from CANDIDATE to FOLLOWER at term 1 for REJECTED
2025-09-07 09:46:33,623 [e6e13cb3-e32b-4d2d-874a-1e4700c67398@group-09A5C1734F32-LeaderElection233] INFO  impl.RoleInfo (RoleInfo.java:shutdownLeaderElection(141)) - e6e13cb3-e32b-4d2d-874a-1e4700c67398: shutdown e6e13cb3-e32b-4d2d-874a-1e4700c67398@group-09A5C1734F32-LeaderElection233
2025-09-07 09:46:33,623 [e6e13cb3-e32b-4d2d-874a-1e4700c67398@group-09A5C1734F32-LeaderElection233] INFO  impl.RoleInfo (RoleInfo.java:updateAndGet(148)) - e6e13cb3-e32b-4d2d-874a-1e4700c67398: start e6e13cb3-e32b-4d2d-874a-1e4700c67398@group-09A5C1734F32-FollowerState
2025-09-07 09:46:33,959 [e6e13cb3-e32b-4d2d-874a-1e4700c67398@group-9E511D2458D0-FollowerState] INFO  impl.FollowerState (FollowerState.java:runImpl(161)) - e6e13cb3-e32b-4d2d-874a-1e4700c67398@group-9E511D2458D0-FollowerState: change to CANDIDATE, lastRpcElapsedTime:1171302514ns, electionTimeout:1171ms
2025-09-07 09:46:33,959 [e6e13cb3-e32b-4d2d-874a-1e4700c67398@group-9E511D2458D0-FollowerState] INFO  impl.RoleInfo (RoleInfo.java:shutdownFollowerState(121)) - e6e13cb3-e32b-4d2d-874a-1e4700c67398: shutdown e6e13cb3-e32b-4d2d-874a-1e4700c67398@group-9E511D2458D0-FollowerState
2025-09-07 09:46:33,959 [e6e13cb3-e32b-4d2d-874a-1e4700c67398@group-9E511D2458D0-FollowerState] INFO  server.RaftServer$Division (RaftServerImpl.java:setRole(392)) - e6e13cb3-e32b-4d2d-874a-1e4700c67398@group-9E511D2458D0: changes role from  FOLLOWER to CANDIDATE at term 1 for changeToCandidate
2025-09-07 09:46:33,959 [e6e13cb3-e32b-4d2d-874a-1e4700c67398@group-9E511D2458D0-FollowerState] INFO  impl.RoleInfo (RoleInfo.java:updateAndGet(148)) - e6e13cb3-e32b-4d2d-874a-1e4700c67398: start e6e13cb3-e32b-4d2d-874a-1e4700c67398@group-9E511D2458D0-LeaderElection234
2025-09-07 09:46:33,960 [e6e13cb3-e32b-4d2d-874a-1e4700c67398@group-9E511D2458D0-LeaderElection234] INFO  impl.LeaderElection (LeaderElection.java:askForVotes(448)) - e6e13cb3-e32b-4d2d-874a-1e4700c67398@group-9E511D2458D0-LeaderElection234 PRE_VOTE round 0: submit vote requests at term 1 for conf: {index: 0, cur=peers:[90a60b70-6b91-4fb2-a612-7ac0b6911dfc|127.0.0.1:15047, e6e13cb3-e32b-4d2d-874a-1e4700c67398|127.0.0.1:15055, 7c7182dc-ac7f-44a8-b1d4-5d10f99cbcf2|127.0.0.1:15039]|listeners:[], old=null}
2025-09-07 09:46:33,960 [e6e13cb3-e32b-4d2d-874a-1e4700c67398@group-9E511D2458D0-LeaderElection234] INFO  impl.LeaderElection (LogUtils.java:infoOrTrace(142)) - e6e13cb3-e32b-4d2d-874a-1e4700c67398@group-9E511D2458D0-LeaderElection234 got exception when requesting votes: java.util.concurrent.ExecutionException: org.apache.ratis.thirdparty.io.grpc.StatusRuntimeException: UNAVAILABLE: io exception
2025-09-07 09:46:33,960 [e6e13cb3-e32b-4d2d-874a-1e4700c67398@group-9E511D2458D0-LeaderElection234] INFO  impl.LeaderElection (LogUtils.java:infoOrTrace(142)) - e6e13cb3-e32b-4d2d-874a-1e4700c67398@group-9E511D2458D0-LeaderElection234 got exception when requesting votes: java.util.concurrent.ExecutionException: org.apache.ratis.thirdparty.io.grpc.StatusRuntimeException: UNAVAILABLE: io exception
2025-09-07 09:46:33,960 [e6e13cb3-e32b-4d2d-874a-1e4700c67398@group-9E511D2458D0-LeaderElection234] INFO  impl.LeaderElection (LeaderElection.java:logAndReturn(206)) - e6e13cb3-e32b-4d2d-874a-1e4700c67398@group-9E511D2458D0-LeaderElection234: PRE_VOTE REJECTED received 0 response(s) and 2 exception(s):
2025-09-07 09:46:33,960 [e6e13cb3-e32b-4d2d-874a-1e4700c67398@group-9E511D2458D0-LeaderElection234] INFO  impl.LeaderElection (LogUtils.java:infoOrTrace(142)) -   Exception 0: java.util.concurrent.ExecutionException: org.apache.ratis.thirdparty.io.grpc.StatusRuntimeException: UNAVAILABLE: io exception
2025-09-07 09:46:33,960 [e6e13cb3-e32b-4d2d-874a-1e4700c67398@group-9E511D2458D0-LeaderElection234] INFO  impl.LeaderElection (LogUtils.java:infoOrTrace(142)) -   Exception 1: java.util.concurrent.ExecutionException: org.apache.ratis.thirdparty.io.grpc.StatusRuntimeException: UNAVAILABLE: io exception
2025-09-07 09:46:33,960 [e6e13cb3-e32b-4d2d-874a-1e4700c67398@group-9E511D2458D0-LeaderElection234] INFO  impl.LeaderElection (LeaderElection.java:askForVotes(450)) - e6e13cb3-e32b-4d2d-874a-1e4700c67398@group-9E511D2458D0-LeaderElection234 PRE_VOTE round 0: result REJECTED
2025-09-07 09:46:33,960 [e6e13cb3-e32b-4d2d-874a-1e4700c67398@group-9E511D2458D0-LeaderElection234] INFO  server.RaftServer$Division (RaftServerImpl.java:setRole(392)) - e6e13cb3-e32b-4d2d-874a-1e4700c67398@group-9E511D2458D0: changes role from CANDIDATE to FOLLOWER at term 1 for REJECTED
2025-09-07 09:46:33,961 [e6e13cb3-e32b-4d2d-874a-1e4700c67398@group-9E511D2458D0-LeaderElection234] INFO  impl.RoleInfo (RoleInfo.java:shutdownLeaderElection(141)) - e6e13cb3-e32b-4d2d-874a-1e4700c67398: shutdown e6e13cb3-e32b-4d2d-874a-1e4700c67398@group-9E511D2458D0-LeaderElection234
2025-09-07 09:46:33,961 [e6e13cb3-e32b-4d2d-874a-1e4700c67398@group-9E511D2458D0-LeaderElection234] INFO  impl.RoleInfo (RoleInfo.java:updateAndGet(148)) - e6e13cb3-e32b-4d2d-874a-1e4700c67398: start e6e13cb3-e32b-4d2d-874a-1e4700c67398@group-9E511D2458D0-FollowerState
2025-09-07 09:46:34,699 [e6e13cb3-e32b-4d2d-874a-1e4700c67398@group-09A5C1734F32-FollowerState] INFO  impl.FollowerState (FollowerState.java:runImpl(161)) - e6e13cb3-e32b-4d2d-874a-1e4700c67398@group-09A5C1734F32-FollowerState: change to CANDIDATE, lastRpcElapsedTime:1075270637ns, electionTimeout:1075ms
2025-09-07 09:46:34,699 [e6e13cb3-e32b-4d2d-874a-1e4700c67398@group-09A5C1734F32-FollowerState] INFO  impl.RoleInfo (RoleInfo.java:shutdownFollowerState(121)) - e6e13cb3-e32b-4d2d-874a-1e4700c67398: shutdown e6e13cb3-e32b-4d2d-874a-1e4700c67398@group-09A5C1734F32-FollowerState
2025-09-07 09:46:34,699 [e6e13cb3-e32b-4d2d-874a-1e4700c67398@group-09A5C1734F32-FollowerState] INFO  server.RaftServer$Division (RaftServerImpl.java:setRole(392)) - e6e13cb3-e32b-4d2d-874a-1e4700c67398@group-09A5C1734F32: changes role from  FOLLOWER to CANDIDATE at term 1 for changeToCandidate
2025-09-07 09:46:34,699 [e6e13cb3-e32b-4d2d-874a-1e4700c67398@group-09A5C1734F32-FollowerState] INFO  impl.RoleInfo (RoleInfo.java:updateAndGet(148)) - e6e13cb3-e32b-4d2d-874a-1e4700c67398: start e6e13cb3-e32b-4d2d-874a-1e4700c67398@group-09A5C1734F32-LeaderElection235
2025-09-07 09:46:34,699 [e6e13cb3-e32b-4d2d-874a-1e4700c67398@group-09A5C1734F32-LeaderElection235] INFO  impl.LeaderElection (LeaderElection.java:askForVotes(448)) - e6e13cb3-e32b-4d2d-874a-1e4700c67398@group-09A5C1734F32-LeaderElection235 PRE_VOTE round 0: submit vote requests at term 1 for conf: {index: 0, cur=peers:[90a60b70-6b91-4fb2-a612-7ac0b6911dfc|127.0.0.1:15047, e6e13cb3-e32b-4d2d-874a-1e4700c67398|127.0.0.1:15055, 7c7182dc-ac7f-44a8-b1d4-5d10f99cbcf2|127.0.0.1:15039]|listeners:[], old=null}
2025-09-07 09:46:34,700 [e6e13cb3-e32b-4d2d-874a-1e4700c67398@group-09A5C1734F32-LeaderElection235] INFO  impl.LeaderElection (LogUtils.java:infoOrTrace(142)) - e6e13cb3-e32b-4d2d-874a-1e4700c67398@group-09A5C1734F32-LeaderElection235 got exception when requesting votes: java.util.concurrent.ExecutionException: org.apache.ratis.thirdparty.io.grpc.StatusRuntimeException: UNAVAILABLE: io exception
2025-09-07 09:46:34,700 [e6e13cb3-e32b-4d2d-874a-1e4700c67398@group-09A5C1734F32-LeaderElection235] INFO  impl.LeaderElection (LogUtils.java:infoOrTrace(142)) - e6e13cb3-e32b-4d2d-874a-1e4700c67398@group-09A5C1734F32-LeaderElection235 got exception when requesting votes: java.util.concurrent.ExecutionException: org.apache.ratis.thirdparty.io.grpc.StatusRuntimeException: UNAVAILABLE: io exception
2025-09-07 09:46:34,700 [e6e13cb3-e32b-4d2d-874a-1e4700c67398@group-09A5C1734F32-LeaderElection235] INFO  impl.LeaderElection (LeaderElection.java:logAndReturn(206)) - e6e13cb3-e32b-4d2d-874a-1e4700c67398@group-09A5C1734F32-LeaderElection235: PRE_VOTE REJECTED received 0 response(s) and 2 exception(s):
2025-09-07 09:46:34,700 [e6e13cb3-e32b-4d2d-874a-1e4700c67398@group-09A5C1734F32-LeaderElection235] INFO  impl.LeaderElection (LogUtils.java:infoOrTrace(142)) -   Exception 0: java.util.concurrent.ExecutionException: org.apache.ratis.thirdparty.io.grpc.StatusRuntimeException: UNAVAILABLE: io exception
2025-09-07 09:46:34,700 [e6e13cb3-e32b-4d2d-874a-1e4700c67398@group-09A5C1734F32-LeaderElection235] INFO  impl.LeaderElection (LogUtils.java:infoOrTrace(142)) -   Exception 1: java.util.concurrent.ExecutionException: org.apache.ratis.thirdparty.io.grpc.StatusRuntimeException: UNAVAILABLE: io exception
2025-09-07 09:46:34,700 [e6e13cb3-e32b-4d2d-874a-1e4700c67398@group-09A5C1734F32-LeaderElection235] INFO  impl.LeaderElection (LeaderElection.java:askForVotes(450)) - e6e13cb3-e32b-4d2d-874a-1e4700c67398@group-09A5C1734F32-LeaderElection235 PRE_VOTE round 0: result REJECTED
2025-09-07 09:46:34,700 [e6e13cb3-e32b-4d2d-874a-1e4700c67398@group-09A5C1734F32-LeaderElection235] INFO  server.RaftServer$Division (RaftServerImpl.java:setRole(392)) - e6e13cb3-e32b-4d2d-874a-1e4700c67398@group-09A5C1734F32: changes role from CANDIDATE to FOLLOWER at term 1 for REJECTED
2025-09-07 09:46:34,700 [e6e13cb3-e32b-4d2d-874a-1e4700c67398@group-09A5C1734F32-LeaderElection235] INFO  impl.RoleInfo (RoleInfo.java:shutdownLeaderElection(141)) - e6e13cb3-e32b-4d2d-874a-1e4700c67398: shutdown e6e13cb3-e32b-4d2d-874a-1e4700c67398@group-09A5C1734F32-LeaderElection235
2025-09-07 09:46:34,700 [e6e13cb3-e32b-4d2d-874a-1e4700c67398@group-09A5C1734F32-LeaderElection235] INFO  impl.RoleInfo (RoleInfo.java:updateAndGet(148)) - e6e13cb3-e32b-4d2d-874a-1e4700c67398: start e6e13cb3-e32b-4d2d-874a-1e4700c67398@group-09A5C1734F32-FollowerState
2025-09-07 09:46:35,044 [e6e13cb3-e32b-4d2d-874a-1e4700c67398@group-9E511D2458D0-FollowerState] INFO  impl.FollowerState (FollowerState.java:runImpl(161)) - e6e13cb3-e32b-4d2d-874a-1e4700c67398@group-9E511D2458D0-FollowerState: change to CANDIDATE, lastRpcElapsedTime:1083286373ns, electionTimeout:1083ms
2025-09-07 09:46:35,044 [e6e13cb3-e32b-4d2d-874a-1e4700c67398@group-9E511D2458D0-FollowerState] INFO  impl.RoleInfo (RoleInfo.java:shutdownFollowerState(121)) - e6e13cb3-e32b-4d2d-874a-1e4700c67398: shutdown e6e13cb3-e32b-4d2d-874a-1e4700c67398@group-9E511D2458D0-FollowerState
2025-09-07 09:46:35,044 [e6e13cb3-e32b-4d2d-874a-1e4700c67398@group-9E511D2458D0-FollowerState] INFO  server.RaftServer$Division (RaftServerImpl.java:setRole(392)) - e6e13cb3-e32b-4d2d-874a-1e4700c67398@group-9E511D2458D0: changes role from  FOLLOWER to CANDIDATE at term 1 for changeToCandidate
2025-09-07 09:46:35,044 [e6e13cb3-e32b-4d2d-874a-1e4700c67398@group-9E511D2458D0-FollowerState] INFO  impl.RoleInfo (RoleInfo.java:updateAndGet(148)) - e6e13cb3-e32b-4d2d-874a-1e4700c67398: start e6e13cb3-e32b-4d2d-874a-1e4700c67398@group-9E511D2458D0-LeaderElection236
2025-09-07 09:46:35,044 [e6e13cb3-e32b-4d2d-874a-1e4700c67398@group-9E511D2458D0-LeaderElection236] INFO  impl.LeaderElection (LeaderElection.java:askForVotes(448)) - e6e13cb3-e32b-4d2d-874a-1e4700c67398@group-9E511D2458D0-LeaderElection236 PRE_VOTE round 0: submit vote requests at term 1 for conf: {index: 0, cur=peers:[90a60b70-6b91-4fb2-a612-7ac0b6911dfc|127.0.0.1:15047, e6e13cb3-e32b-4d2d-874a-1e4700c67398|127.0.0.1:15055, 7c7182dc-ac7f-44a8-b1d4-5d10f99cbcf2|127.0.0.1:15039]|listeners:[], old=null}
2025-09-07 09:46:35,045 [e6e13cb3-e32b-4d2d-874a-1e4700c67398@group-9E511D2458D0-LeaderElection236] INFO  impl.LeaderElection (LogUtils.java:infoOrTrace(142)) - e6e13cb3-e32b-4d2d-874a-1e4700c67398@group-9E511D2458D0-LeaderElection236 got exception when requesting votes: java.util.concurrent.ExecutionException: org.apache.ratis.thirdparty.io.grpc.StatusRuntimeException: UNAVAILABLE: io exception
2025-09-07 09:46:35,045 [e6e13cb3-e32b-4d2d-874a-1e4700c67398@group-9E511D2458D0-LeaderElection236] INFO  impl.LeaderElection (LogUtils.java:infoOrTrace(142)) - e6e13cb3-e32b-4d2d-874a-1e4700c67398@group-9E511D2458D0-LeaderElection236 got exception when requesting votes: java.util.concurrent.ExecutionException: org.apache.ratis.thirdparty.io.grpc.StatusRuntimeException: UNAVAILABLE: io exception
2025-09-07 09:46:35,045 [e6e13cb3-e32b-4d2d-874a-1e4700c67398@group-9E511D2458D0-LeaderElection236] INFO  impl.LeaderElection (LeaderElection.java:logAndReturn(206)) - e6e13cb3-e32b-4d2d-874a-1e4700c67398@group-9E511D2458D0-LeaderElection236: PRE_VOTE REJECTED received 0 response(s) and 2 exception(s):
2025-09-07 09:46:35,045 [e6e13cb3-e32b-4d2d-874a-1e4700c67398@group-9E511D2458D0-LeaderElection236] INFO  impl.LeaderElection (LogUtils.java:infoOrTrace(142)) -   Exception 0: java.util.concurrent.ExecutionException: org.apache.ratis.thirdparty.io.grpc.StatusRuntimeException: UNAVAILABLE: io exception
2025-09-07 09:46:35,045 [e6e13cb3-e32b-4d2d-874a-1e4700c67398@group-9E511D2458D0-LeaderElection236] INFO  impl.LeaderElection (LogUtils.java:infoOrTrace(142)) -   Exception 1: java.util.concurrent.ExecutionException: org.apache.ratis.thirdparty.io.grpc.StatusRuntimeException: UNAVAILABLE: io exception
2025-09-07 09:46:35,045 [e6e13cb3-e32b-4d2d-874a-1e4700c67398@group-9E511D2458D0-LeaderElection236] INFO  impl.LeaderElection (LeaderElection.java:askForVotes(450)) - e6e13cb3-e32b-4d2d-874a-1e4700c67398@group-9E511D2458D0-LeaderElection236 PRE_VOTE round 0: result REJECTED
2025-09-07 09:46:35,045 [e6e13cb3-e32b-4d2d-874a-1e4700c67398@group-9E511D2458D0-LeaderElection236] INFO  server.RaftServer$Division (RaftServerImpl.java:setRole(392)) - e6e13cb3-e32b-4d2d-874a-1e4700c67398@group-9E511D2458D0: changes role from CANDIDATE to FOLLOWER at term 1 for REJECTED
2025-09-07 09:46:35,045 [e6e13cb3-e32b-4d2d-874a-1e4700c67398@group-9E511D2458D0-LeaderElection236] INFO  impl.RoleInfo (RoleInfo.java:shutdownLeaderElection(141)) - e6e13cb3-e32b-4d2d-874a-1e4700c67398: shutdown e6e13cb3-e32b-4d2d-874a-1e4700c67398@group-9E511D2458D0-LeaderElection236
2025-09-07 09:46:35,045 [e6e13cb3-e32b-4d2d-874a-1e4700c67398@group-9E511D2458D0-LeaderElection236] INFO  impl.RoleInfo (RoleInfo.java:updateAndGet(148)) - e6e13cb3-e32b-4d2d-874a-1e4700c67398: start e6e13cb3-e32b-4d2d-874a-1e4700c67398@group-9E511D2458D0-FollowerState
2025-09-07 09:46:35,741 [e6e13cb3-e32b-4d2d-874a-1e4700c67398@group-09A5C1734F32-FollowerState] INFO  impl.FollowerState (FollowerState.java:runImpl(161)) - e6e13cb3-e32b-4d2d-874a-1e4700c67398@group-09A5C1734F32-FollowerState: change to CANDIDATE, lastRpcElapsedTime:1041275148ns, electionTimeout:1041ms
2025-09-07 09:46:35,741 [e6e13cb3-e32b-4d2d-874a-1e4700c67398@group-09A5C1734F32-FollowerState] INFO  impl.RoleInfo (RoleInfo.java:shutdownFollowerState(121)) - e6e13cb3-e32b-4d2d-874a-1e4700c67398: shutdown e6e13cb3-e32b-4d2d-874a-1e4700c67398@group-09A5C1734F32-FollowerState
2025-09-07 09:46:35,742 [e6e13cb3-e32b-4d2d-874a-1e4700c67398@group-09A5C1734F32-FollowerState] INFO  server.RaftServer$Division (RaftServerImpl.java:setRole(392)) - e6e13cb3-e32b-4d2d-874a-1e4700c67398@group-09A5C1734F32: changes role from  FOLLOWER to CANDIDATE at term 1 for changeToCandidate
2025-09-07 09:46:35,742 [e6e13cb3-e32b-4d2d-874a-1e4700c67398@group-09A5C1734F32-FollowerState] INFO  impl.RoleInfo (RoleInfo.java:updateAndGet(148)) - e6e13cb3-e32b-4d2d-874a-1e4700c67398: start e6e13cb3-e32b-4d2d-874a-1e4700c67398@group-09A5C1734F32-LeaderElection237
2025-09-07 09:46:35,742 [e6e13cb3-e32b-4d2d-874a-1e4700c67398@group-09A5C1734F32-LeaderElection237] INFO  impl.LeaderElection (LeaderElection.java:askForVotes(448)) - e6e13cb3-e32b-4d2d-874a-1e4700c67398@group-09A5C1734F32-LeaderElection237 PRE_VOTE round 0: submit vote requests at term 1 for conf: {index: 0, cur=peers:[90a60b70-6b91-4fb2-a612-7ac0b6911dfc|127.0.0.1:15047, e6e13cb3-e32b-4d2d-874a-1e4700c67398|127.0.0.1:15055, 7c7182dc-ac7f-44a8-b1d4-5d10f99cbcf2|127.0.0.1:15039]|listeners:[], old=null}
2025-09-07 09:46:35,742 [e6e13cb3-e32b-4d2d-874a-1e4700c67398@group-09A5C1734F32-LeaderElection237] INFO  impl.LeaderElection (LogUtils.java:infoOrTrace(142)) - e6e13cb3-e32b-4d2d-874a-1e4700c67398@group-09A5C1734F32-LeaderElection237 got exception when requesting votes: java.util.concurrent.ExecutionException: org.apache.ratis.thirdparty.io.grpc.StatusRuntimeException: UNAVAILABLE: io exception
2025-09-07 09:46:35,742 [e6e13cb3-e32b-4d2d-874a-1e4700c67398@group-09A5C1734F32-LeaderElection237] INFO  impl.LeaderElection (LogUtils.java:infoOrTrace(142)) - e6e13cb3-e32b-4d2d-874a-1e4700c67398@group-09A5C1734F32-LeaderElection237 got exception when requesting votes: java.util.concurrent.ExecutionException: org.apache.ratis.thirdparty.io.grpc.StatusRuntimeException: UNAVAILABLE: io exception
2025-09-07 09:46:35,743 [e6e13cb3-e32b-4d2d-874a-1e4700c67398@group-09A5C1734F32-LeaderElection237] INFO  impl.LeaderElection (LeaderElection.java:logAndReturn(206)) - e6e13cb3-e32b-4d2d-874a-1e4700c67398@group-09A5C1734F32-LeaderElection237: PRE_VOTE REJECTED received 0 response(s) and 2 exception(s):
2025-09-07 09:46:35,743 [e6e13cb3-e32b-4d2d-874a-1e4700c67398@group-09A5C1734F32-LeaderElection237] INFO  impl.LeaderElection (LogUtils.java:infoOrTrace(142)) -   Exception 0: java.util.concurrent.ExecutionException: org.apache.ratis.thirdparty.io.grpc.StatusRuntimeException: UNAVAILABLE: io exception
2025-09-07 09:46:35,743 [e6e13cb3-e32b-4d2d-874a-1e4700c67398@group-09A5C1734F32-LeaderElection237] INFO  impl.LeaderElection (LogUtils.java:infoOrTrace(142)) -   Exception 1: java.util.concurrent.ExecutionException: org.apache.ratis.thirdparty.io.grpc.StatusRuntimeException: UNAVAILABLE: io exception
2025-09-07 09:46:35,743 [e6e13cb3-e32b-4d2d-874a-1e4700c67398@group-09A5C1734F32-LeaderElection237] INFO  impl.LeaderElection (LeaderElection.java:askForVotes(450)) - e6e13cb3-e32b-4d2d-874a-1e4700c67398@group-09A5C1734F32-LeaderElection237 PRE_VOTE round 0: result REJECTED
2025-09-07 09:46:35,743 [e6e13cb3-e32b-4d2d-874a-1e4700c67398@group-09A5C1734F32-LeaderElection237] INFO  server.RaftServer$Division (RaftServerImpl.java:setRole(392)) - e6e13cb3-e32b-4d2d-874a-1e4700c67398@group-09A5C1734F32: changes role from CANDIDATE to FOLLOWER at term 1 for REJECTED
2025-09-07 09:46:35,743 [e6e13cb3-e32b-4d2d-874a-1e4700c67398@group-09A5C1734F32-LeaderElection237] INFO  impl.RoleInfo (RoleInfo.java:shutdownLeaderElection(141)) - e6e13cb3-e32b-4d2d-874a-1e4700c67398: shutdown e6e13cb3-e32b-4d2d-874a-1e4700c67398@group-09A5C1734F32-LeaderElection237
2025-09-07 09:46:35,743 [e6e13cb3-e32b-4d2d-874a-1e4700c67398@group-09A5C1734F32-LeaderElection237] INFO  impl.RoleInfo (RoleInfo.java:updateAndGet(148)) - e6e13cb3-e32b-4d2d-874a-1e4700c67398: start e6e13cb3-e32b-4d2d-874a-1e4700c67398@group-09A5C1734F32-FollowerState
2025-09-07 09:46:36,132 [e6e13cb3-e32b-4d2d-874a-1e4700c67398@group-9E511D2458D0-FollowerState] INFO  impl.FollowerState (FollowerState.java:runImpl(161)) - e6e13cb3-e32b-4d2d-874a-1e4700c67398@group-9E511D2458D0-FollowerState: change to CANDIDATE, lastRpcElapsedTime:1086290066ns, electionTimeout:1086ms
2025-09-07 09:46:36,132 [e6e13cb3-e32b-4d2d-874a-1e4700c67398@group-9E511D2458D0-FollowerState] INFO  impl.RoleInfo (RoleInfo.java:shutdownFollowerState(121)) - e6e13cb3-e32b-4d2d-874a-1e4700c67398: shutdown e6e13cb3-e32b-4d2d-874a-1e4700c67398@group-9E511D2458D0-FollowerState
2025-09-07 09:46:36,132 [e6e13cb3-e32b-4d2d-874a-1e4700c67398@group-9E511D2458D0-FollowerState] INFO  server.RaftServer$Division (RaftServerImpl.java:setRole(392)) - e6e13cb3-e32b-4d2d-874a-1e4700c67398@group-9E511D2458D0: changes role from  FOLLOWER to CANDIDATE at term 1 for changeToCandidate
2025-09-07 09:46:36,132 [e6e13cb3-e32b-4d2d-874a-1e4700c67398@group-9E511D2458D0-FollowerState] INFO  impl.RoleInfo (RoleInfo.java:updateAndGet(148)) - e6e13cb3-e32b-4d2d-874a-1e4700c67398: start e6e13cb3-e32b-4d2d-874a-1e4700c67398@group-9E511D2458D0-LeaderElection238
2025-09-07 09:46:36,132 [e6e13cb3-e32b-4d2d-874a-1e4700c67398@group-9E511D2458D0-LeaderElection238] INFO  impl.LeaderElection (LeaderElection.java:askForVotes(448)) - e6e13cb3-e32b-4d2d-874a-1e4700c67398@group-9E511D2458D0-LeaderElection238 PRE_VOTE round 0: submit vote requests at term 1 for conf: {index: 0, cur=peers:[90a60b70-6b91-4fb2-a612-7ac0b6911dfc|127.0.0.1:15047, e6e13cb3-e32b-4d2d-874a-1e4700c67398|127.0.0.1:15055, 7c7182dc-ac7f-44a8-b1d4-5d10f99cbcf2|127.0.0.1:15039]|listeners:[], old=null}
2025-09-07 09:46:36,133 [e6e13cb3-e32b-4d2d-874a-1e4700c67398@group-9E511D2458D0-LeaderElection238] INFO  impl.LeaderElection (LogUtils.java:infoOrTrace(142)) - e6e13cb3-e32b-4d2d-874a-1e4700c67398@group-9E511D2458D0-LeaderElection238 got exception when requesting votes: java.util.concurrent.ExecutionException: org.apache.ratis.thirdparty.io.grpc.StatusRuntimeException: UNAVAILABLE: io exception
2025-09-07 09:46:36,133 [e6e13cb3-e32b-4d2d-874a-1e4700c67398@group-9E511D2458D0-LeaderElection238] INFO  impl.LeaderElection (LogUtils.java:infoOrTrace(142)) - e6e13cb3-e32b-4d2d-874a-1e4700c67398@group-9E511D2458D0-LeaderElection238 got exception when requesting votes: java.util.concurrent.ExecutionException: org.apache.ratis.thirdparty.io.grpc.StatusRuntimeException: UNAVAILABLE: io exception
2025-09-07 09:46:36,133 [e6e13cb3-e32b-4d2d-874a-1e4700c67398@group-9E511D2458D0-LeaderElection238] INFO  impl.LeaderElection (LeaderElection.java:logAndReturn(206)) - e6e13cb3-e32b-4d2d-874a-1e4700c67398@group-9E511D2458D0-LeaderElection238: PRE_VOTE REJECTED received 0 response(s) and 2 exception(s):
2025-09-07 09:46:36,133 [e6e13cb3-e32b-4d2d-874a-1e4700c67398@group-9E511D2458D0-LeaderElection238] INFO  impl.LeaderElection (LogUtils.java:infoOrTrace(142)) -   Exception 0: java.util.concurrent.ExecutionException: org.apache.ratis.thirdparty.io.grpc.StatusRuntimeException: UNAVAILABLE: io exception
2025-09-07 09:46:36,133 [e6e13cb3-e32b-4d2d-874a-1e4700c67398@group-9E511D2458D0-LeaderElection238] INFO  impl.LeaderElection (LogUtils.java:infoOrTrace(142)) -   Exception 1: java.util.concurrent.ExecutionException: org.apache.ratis.thirdparty.io.grpc.StatusRuntimeException: UNAVAILABLE: io exception
2025-09-07 09:46:36,133 [e6e13cb3-e32b-4d2d-874a-1e4700c67398@group-9E511D2458D0-LeaderElection238] INFO  impl.LeaderElection (LeaderElection.java:askForVotes(450)) - e6e13cb3-e32b-4d2d-874a-1e4700c67398@group-9E511D2458D0-LeaderElection238 PRE_VOTE round 0: result REJECTED
2025-09-07 09:46:36,133 [e6e13cb3-e32b-4d2d-874a-1e4700c67398@group-9E511D2458D0-LeaderElection238] INFO  server.RaftServer$Division (RaftServerImpl.java:setRole(392)) - e6e13cb3-e32b-4d2d-874a-1e4700c67398@group-9E511D2458D0: changes role from CANDIDATE to FOLLOWER at term 1 for REJECTED
2025-09-07 09:46:36,133 [e6e13cb3-e32b-4d2d-874a-1e4700c67398@group-9E511D2458D0-LeaderElection238] INFO  impl.RoleInfo (RoleInfo.java:shutdownLeaderElection(141)) - e6e13cb3-e32b-4d2d-874a-1e4700c67398: shutdown e6e13cb3-e32b-4d2d-874a-1e4700c67398@group-9E511D2458D0-LeaderElection238
2025-09-07 09:46:36,133 [e6e13cb3-e32b-4d2d-874a-1e4700c67398@group-9E511D2458D0-LeaderElection238] INFO  impl.RoleInfo (RoleInfo.java:updateAndGet(148)) - e6e13cb3-e32b-4d2d-874a-1e4700c67398: start e6e13cb3-e32b-4d2d-874a-1e4700c67398@group-9E511D2458D0-FollowerState
2025-09-07 09:46:36,834 [e6e13cb3-e32b-4d2d-874a-1e4700c67398@group-09A5C1734F32-FollowerState] INFO  impl.FollowerState (FollowerState.java:runImpl(161)) - e6e13cb3-e32b-4d2d-874a-1e4700c67398@group-09A5C1734F32-FollowerState: change to CANDIDATE, lastRpcElapsedTime:1091309697ns, electionTimeout:1091ms
2025-09-07 09:46:36,834 [e6e13cb3-e32b-4d2d-874a-1e4700c67398@group-09A5C1734F32-FollowerState] INFO  impl.RoleInfo (RoleInfo.java:shutdownFollowerState(121)) - e6e13cb3-e32b-4d2d-874a-1e4700c67398: shutdown e6e13cb3-e32b-4d2d-874a-1e4700c67398@group-09A5C1734F32-FollowerState
2025-09-07 09:46:36,834 [e6e13cb3-e32b-4d2d-874a-1e4700c67398@group-09A5C1734F32-FollowerState] INFO  server.RaftServer$Division (RaftServerImpl.java:setRole(392)) - e6e13cb3-e32b-4d2d-874a-1e4700c67398@group-09A5C1734F32: changes role from  FOLLOWER to CANDIDATE at term 1 for changeToCandidate
2025-09-07 09:46:36,834 [e6e13cb3-e32b-4d2d-874a-1e4700c67398@group-09A5C1734F32-FollowerState] INFO  impl.RoleInfo (RoleInfo.java:updateAndGet(148)) - e6e13cb3-e32b-4d2d-874a-1e4700c67398: start e6e13cb3-e32b-4d2d-874a-1e4700c67398@group-09A5C1734F32-LeaderElection239
2025-09-07 09:46:36,835 [e6e13cb3-e32b-4d2d-874a-1e4700c67398@group-09A5C1734F32-LeaderElection239] INFO  impl.LeaderElection (LeaderElection.java:askForVotes(448)) - e6e13cb3-e32b-4d2d-874a-1e4700c67398@group-09A5C1734F32-LeaderElection239 PRE_VOTE round 0: submit vote requests at term 1 for conf: {index: 0, cur=peers:[90a60b70-6b91-4fb2-a612-7ac0b6911dfc|127.0.0.1:15047, e6e13cb3-e32b-4d2d-874a-1e4700c67398|127.0.0.1:15055, 7c7182dc-ac7f-44a8-b1d4-5d10f99cbcf2|127.0.0.1:15039]|listeners:[], old=null}
2025-09-07 09:46:36,835 [e6e13cb3-e32b-4d2d-874a-1e4700c67398@group-09A5C1734F32-LeaderElection239] INFO  impl.LeaderElection (LogUtils.java:infoOrTrace(142)) - e6e13cb3-e32b-4d2d-874a-1e4700c67398@group-09A5C1734F32-LeaderElection239 got exception when requesting votes: java.util.concurrent.ExecutionException: org.apache.ratis.thirdparty.io.grpc.StatusRuntimeException: UNAVAILABLE: io exception
2025-09-07 09:46:36,835 [e6e13cb3-e32b-4d2d-874a-1e4700c67398@group-09A5C1734F32-LeaderElection239] INFO  impl.LeaderElection (LogUtils.java:infoOrTrace(142)) - e6e13cb3-e32b-4d2d-874a-1e4700c67398@group-09A5C1734F32-LeaderElection239 got exception when requesting votes: java.util.concurrent.ExecutionException: org.apache.ratis.thirdparty.io.grpc.StatusRuntimeException: UNAVAILABLE: io exception
2025-09-07 09:46:36,835 [e6e13cb3-e32b-4d2d-874a-1e4700c67398@group-09A5C1734F32-LeaderElection239] INFO  impl.LeaderElection (LeaderElection.java:logAndReturn(206)) - e6e13cb3-e32b-4d2d-874a-1e4700c67398@group-09A5C1734F32-LeaderElection239: PRE_VOTE REJECTED received 0 response(s) and 2 exception(s):
2025-09-07 09:46:36,835 [e6e13cb3-e32b-4d2d-874a-1e4700c67398@group-09A5C1734F32-LeaderElection239] INFO  impl.LeaderElection (LogUtils.java:infoOrTrace(142)) -   Exception 0: java.util.concurrent.ExecutionException: org.apache.ratis.thirdparty.io.grpc.StatusRuntimeException: UNAVAILABLE: io exception
2025-09-07 09:46:36,835 [e6e13cb3-e32b-4d2d-874a-1e4700c67398@group-09A5C1734F32-LeaderElection239] INFO  impl.LeaderElection (LogUtils.java:infoOrTrace(142)) -   Exception 1: java.util.concurrent.ExecutionException: org.apache.ratis.thirdparty.io.grpc.StatusRuntimeException: UNAVAILABLE: io exception
2025-09-07 09:46:36,835 [e6e13cb3-e32b-4d2d-874a-1e4700c67398@group-09A5C1734F32-LeaderElection239] INFO  impl.LeaderElection (LeaderElection.java:askForVotes(450)) - e6e13cb3-e32b-4d2d-874a-1e4700c67398@group-09A5C1734F32-LeaderElection239 PRE_VOTE round 0: result REJECTED
2025-09-07 09:46:36,835 [e6e13cb3-e32b-4d2d-874a-1e4700c67398@group-09A5C1734F32-LeaderElection239] INFO  server.RaftServer$Division (RaftServerImpl.java:setRole(392)) - e6e13cb3-e32b-4d2d-874a-1e4700c67398@group-09A5C1734F32: changes role from CANDIDATE to FOLLOWER at term 1 for REJECTED
2025-09-07 09:46:36,835 [e6e13cb3-e32b-4d2d-874a-1e4700c67398@group-09A5C1734F32-LeaderElection239] INFO  impl.RoleInfo (RoleInfo.java:shutdownLeaderElection(141)) - e6e13cb3-e32b-4d2d-874a-1e4700c67398: shutdown e6e13cb3-e32b-4d2d-874a-1e4700c67398@group-09A5C1734F32-LeaderElection239
2025-09-07 09:46:36,836 [e6e13cb3-e32b-4d2d-874a-1e4700c67398@group-09A5C1734F32-LeaderElection239] INFO  impl.RoleInfo (RoleInfo.java:updateAndGet(148)) - e6e13cb3-e32b-4d2d-874a-1e4700c67398: start e6e13cb3-e32b-4d2d-874a-1e4700c67398@group-09A5C1734F32-FollowerState
2025-09-07 09:46:37,200 [e6e13cb3-e32b-4d2d-874a-1e4700c67398@group-9E511D2458D0-FollowerState] INFO  impl.FollowerState (FollowerState.java:runImpl(161)) - e6e13cb3-e32b-4d2d-874a-1e4700c67398@group-9E511D2458D0-FollowerState: change to CANDIDATE, lastRpcElapsedTime:1067271510ns, electionTimeout:1067ms
2025-09-07 09:46:37,200 [e6e13cb3-e32b-4d2d-874a-1e4700c67398@group-9E511D2458D0-FollowerState] INFO  impl.RoleInfo (RoleInfo.java:shutdownFollowerState(121)) - e6e13cb3-e32b-4d2d-874a-1e4700c67398: shutdown e6e13cb3-e32b-4d2d-874a-1e4700c67398@group-9E511D2458D0-FollowerState
2025-09-07 09:46:37,201 [e6e13cb3-e32b-4d2d-874a-1e4700c67398@group-9E511D2458D0-FollowerState] INFO  server.RaftServer$Division (RaftServerImpl.java:setRole(392)) - e6e13cb3-e32b-4d2d-874a-1e4700c67398@group-9E511D2458D0: changes role from  FOLLOWER to CANDIDATE at term 1 for changeToCandidate
2025-09-07 09:46:37,201 [e6e13cb3-e32b-4d2d-874a-1e4700c67398@group-9E511D2458D0-FollowerState] INFO  impl.RoleInfo (RoleInfo.java:updateAndGet(148)) - e6e13cb3-e32b-4d2d-874a-1e4700c67398: start e6e13cb3-e32b-4d2d-874a-1e4700c67398@group-9E511D2458D0-LeaderElection240
2025-09-07 09:46:37,201 [e6e13cb3-e32b-4d2d-874a-1e4700c67398@group-9E511D2458D0-LeaderElection240] INFO  impl.LeaderElection (LeaderElection.java:askForVotes(448)) - e6e13cb3-e32b-4d2d-874a-1e4700c67398@group-9E511D2458D0-LeaderElection240 PRE_VOTE round 0: submit vote requests at term 1 for conf: {index: 0, cur=peers:[90a60b70-6b91-4fb2-a612-7ac0b6911dfc|127.0.0.1:15047, e6e13cb3-e32b-4d2d-874a-1e4700c67398|127.0.0.1:15055, 7c7182dc-ac7f-44a8-b1d4-5d10f99cbcf2|127.0.0.1:15039]|listeners:[], old=null}
2025-09-07 09:46:37,201 [e6e13cb3-e32b-4d2d-874a-1e4700c67398@group-9E511D2458D0-LeaderElection240] INFO  impl.LeaderElection (LogUtils.java:infoOrTrace(142)) - e6e13cb3-e32b-4d2d-874a-1e4700c67398@group-9E511D2458D0-LeaderElection240 got exception when requesting votes: java.util.concurrent.ExecutionException: org.apache.ratis.thirdparty.io.grpc.StatusRuntimeException: UNAVAILABLE: io exception
2025-09-07 09:46:37,202 [e6e13cb3-e32b-4d2d-874a-1e4700c67398@group-9E511D2458D0-LeaderElection240] INFO  impl.LeaderElection (LogUtils.java:infoOrTrace(142)) - e6e13cb3-e32b-4d2d-874a-1e4700c67398@group-9E511D2458D0-LeaderElection240 got exception when requesting votes: java.util.concurrent.ExecutionException: org.apache.ratis.thirdparty.io.grpc.StatusRuntimeException: UNAVAILABLE: io exception
2025-09-07 09:46:37,202 [e6e13cb3-e32b-4d2d-874a-1e4700c67398@group-9E511D2458D0-LeaderElection240] INFO  impl.LeaderElection (LeaderElection.java:logAndReturn(206)) - e6e13cb3-e32b-4d2d-874a-1e4700c67398@group-9E511D2458D0-LeaderElection240: PRE_VOTE REJECTED received 0 response(s) and 2 exception(s):
2025-09-07 09:46:37,202 [e6e13cb3-e32b-4d2d-874a-1e4700c67398@group-9E511D2458D0-LeaderElection240] INFO  impl.LeaderElection (LogUtils.java:infoOrTrace(142)) -   Exception 0: java.util.concurrent.ExecutionException: org.apache.ratis.thirdparty.io.grpc.StatusRuntimeException: UNAVAILABLE: io exception
2025-09-07 09:46:37,202 [e6e13cb3-e32b-4d2d-874a-1e4700c67398@group-9E511D2458D0-LeaderElection240] INFO  impl.LeaderElection (LogUtils.java:infoOrTrace(142)) -   Exception 1: java.util.concurrent.ExecutionException: org.apache.ratis.thirdparty.io.grpc.StatusRuntimeException: UNAVAILABLE: io exception
2025-09-07 09:46:37,202 [e6e13cb3-e32b-4d2d-874a-1e4700c67398@group-9E511D2458D0-LeaderElection240] INFO  impl.LeaderElection (LeaderElection.java:askForVotes(450)) - e6e13cb3-e32b-4d2d-874a-1e4700c67398@group-9E511D2458D0-LeaderElection240 PRE_VOTE round 0: result REJECTED
2025-09-07 09:46:37,202 [e6e13cb3-e32b-4d2d-874a-1e4700c67398@group-9E511D2458D0-LeaderElection240] INFO  server.RaftServer$Division (RaftServerImpl.java:setRole(392)) - e6e13cb3-e32b-4d2d-874a-1e4700c67398@group-9E511D2458D0: changes role from CANDIDATE to FOLLOWER at term 1 for REJECTED
2025-09-07 09:46:37,202 [e6e13cb3-e32b-4d2d-874a-1e4700c67398@group-9E511D2458D0-LeaderElection240] INFO  impl.RoleInfo (RoleInfo.java:shutdownLeaderElection(141)) - e6e13cb3-e32b-4d2d-874a-1e4700c67398: shutdown e6e13cb3-e32b-4d2d-874a-1e4700c67398@group-9E511D2458D0-LeaderElection240
2025-09-07 09:46:37,202 [e6e13cb3-e32b-4d2d-874a-1e4700c67398@group-9E511D2458D0-LeaderElection240] INFO  impl.RoleInfo (RoleInfo.java:updateAndGet(148)) - e6e13cb3-e32b-4d2d-874a-1e4700c67398: start e6e13cb3-e32b-4d2d-874a-1e4700c67398@group-9E511D2458D0-FollowerState
2025-09-07 09:46:37,460 [grpc-default-executor-1] ERROR impl.OrderedAsync (OrderedAsync.java:lambda$null$6(215)) -  client-31430F4BE28C: Failed* RaftClientRequest:client-31430F4BE28C->90a60b70-6b91-4fb2-a612-7ac0b6911dfc@group-9E511D2458D0, cid=57, seq=1*, Watch(0), null
java.util.concurrent.CompletionException: java.io.IOException: org.apache.ratis.thirdparty.io.grpc.StatusRuntimeException: UNAVAILABLE: io exception
	at java.base/java.util.concurrent.CompletableFuture.encodeThrowable(CompletableFuture.java:332)
	at java.base/java.util.concurrent.CompletableFuture.completeThrowable(CompletableFuture.java:347)
	at java.base/java.util.concurrent.CompletableFuture$UniAccept.tryFire(CompletableFuture.java:708)
	at java.base/java.util.concurrent.CompletableFuture.postComplete(CompletableFuture.java:510)
	at java.base/java.util.concurrent.CompletableFuture.completeExceptionally(CompletableFuture.java:2194)
	at org.apache.ratis.grpc.client.GrpcClientProtocolClient$AsyncStreamObservers.completeReplyExceptionally(GrpcClientProtocolClient.java:397)
	at org.apache.ratis.grpc.client.GrpcClientProtocolClient$AsyncStreamObservers.access$000(GrpcClientProtocolClient.java:303)
	at org.apache.ratis.grpc.client.GrpcClientProtocolClient$AsyncStreamObservers$1.onError(GrpcClientProtocolClient.java:334)
	at org.apache.ratis.thirdparty.io.grpc.stub.ClientCalls$StreamObserverToCallListenerAdapter.onClose(ClientCalls.java:564)
	at org.apache.ratis.thirdparty.io.grpc.PartialForwardingClientCallListener.onClose(PartialForwardingClientCallListener.java:39)
	at org.apache.ratis.thirdparty.io.grpc.ForwardingClientCallListener.onClose(ForwardingClientCallListener.java:23)
	at org.apache.ratis.grpc.metrics.intercept.client.MetricClientCallListener.onClose(MetricClientCallListener.java:47)
	at org.apache.ratis.thirdparty.io.grpc.internal.ClientCallImpl.closeObserver(ClientCallImpl.java:565)
	at org.apache.ratis.thirdparty.io.grpc.internal.ClientCallImpl.access$100(ClientCallImpl.java:72)
	at org.apache.ratis.thirdparty.io.grpc.internal.ClientCallImpl$ClientStreamListenerImpl$1StreamClosed.runInternal(ClientCallImpl.java:733)
	at org.apache.ratis.thirdparty.io.grpc.internal.ClientCallImpl$ClientStreamListenerImpl$1StreamClosed.runInContext(ClientCallImpl.java:714)
	at org.apache.ratis.thirdparty.io.grpc.internal.ContextRunnable.run(ContextRunnable.java:37)
	at org.apache.ratis.thirdparty.io.grpc.internal.SerializingExecutor.run(SerializingExecutor.java:133)
	at java.base/java.util.concurrent.ThreadPoolExecutor.runWorker(ThreadPoolExecutor.java:1144)
	at java.base/java.util.concurrent.ThreadPoolExecutor$Worker.run(ThreadPoolExecutor.java:642)
	at java.base/java.lang.Thread.run(Thread.java:1583)
Caused by: java.io.IOException: org.apache.ratis.thirdparty.io.grpc.StatusRuntimeException: UNAVAILABLE: io exception
	at org.apache.ratis.grpc.GrpcUtil.unwrapException(GrpcUtil.java:99)
	at org.apache.ratis.grpc.GrpcUtil.unwrapIOException(GrpcUtil.java:159)
	at org.apache.ratis.grpc.client.GrpcClientProtocolClient$AsyncStreamObservers$1.onError(GrpcClientProtocolClient.java:333)
	... 13 more
Caused by: org.apache.ratis.thirdparty.io.grpc.StatusRuntimeException: UNAVAILABLE: io exception
	at org.apache.ratis.thirdparty.io.grpc.Status.asRuntimeException(Status.java:532)
	... 13 more
Caused by: org.apache.ratis.thirdparty.io.netty.channel.AbstractChannel$AnnotatedConnectException: finishConnect(..) failed: Connection refused: /127.0.0.1:15045
Caused by: java.net.ConnectException: finishConnect(..) failed: Connection refused
	at org.apache.ratis.thirdparty.io.netty.channel.unix.Errors.newConnectException0(Errors.java:166)
	at org.apache.ratis.thirdparty.io.netty.channel.unix.Errors.handleConnectErrno(Errors.java:131)
	at org.apache.ratis.thirdparty.io.netty.channel.unix.Socket.finishConnect(Socket.java:359)
	at org.apache.ratis.thirdparty.io.netty.channel.epoll.AbstractEpollChannel$AbstractEpollUnsafe.doFinishConnect(AbstractEpollChannel.java:715)
	at org.apache.ratis.thirdparty.io.netty.channel.epoll.AbstractEpollChannel$AbstractEpollUnsafe.finishConnect(AbstractEpollChannel.java:692)
	at org.apache.ratis.thirdparty.io.netty.channel.epoll.AbstractEpollChannel$AbstractEpollUnsafe.epollOutReady(AbstractEpollChannel.java:567)
	at org.apache.ratis.thirdparty.io.netty.channel.epoll.EpollEventLoop.processReady(EpollEventLoop.java:491)
	at org.apache.ratis.thirdparty.io.netty.channel.epoll.EpollEventLoop.run(EpollEventLoop.java:399)
	at org.apache.ratis.thirdparty.io.netty.util.concurrent.SingleThreadEventExecutor$4.run(SingleThreadEventExecutor.java:998)
	at org.apache.ratis.thirdparty.io.netty.util.internal.ThreadExecutorMap$2.run(ThreadExecutorMap.java:74)
	at org.apache.ratis.thirdparty.io.netty.util.concurrent.FastThreadLocalRunnable.run(FastThreadLocalRunnable.java:30)
	at java.base/java.lang.Thread.run(Thread.java:1583)
2025-09-07 09:46:37,907 [e6e13cb3-e32b-4d2d-874a-1e4700c67398@group-09A5C1734F32-FollowerState] INFO  impl.FollowerState (FollowerState.java:runImpl(161)) - e6e13cb3-e32b-4d2d-874a-1e4700c67398@group-09A5C1734F32-FollowerState: change to CANDIDATE, lastRpcElapsedTime:1071452133ns, electionTimeout:1071ms
2025-09-07 09:46:37,907 [e6e13cb3-e32b-4d2d-874a-1e4700c67398@group-09A5C1734F32-FollowerState] INFO  impl.RoleInfo (RoleInfo.java:shutdownFollowerState(121)) - e6e13cb3-e32b-4d2d-874a-1e4700c67398: shutdown e6e13cb3-e32b-4d2d-874a-1e4700c67398@group-09A5C1734F32-FollowerState
2025-09-07 09:46:37,907 [e6e13cb3-e32b-4d2d-874a-1e4700c67398@group-09A5C1734F32-FollowerState] INFO  server.RaftServer$Division (RaftServerImpl.java:setRole(392)) - e6e13cb3-e32b-4d2d-874a-1e4700c67398@group-09A5C1734F32: changes role from  FOLLOWER to CANDIDATE at term 1 for changeToCandidate
2025-09-07 09:46:37,907 [e6e13cb3-e32b-4d2d-874a-1e4700c67398@group-09A5C1734F32-FollowerState] INFO  impl.RoleInfo (RoleInfo.java:updateAndGet(148)) - e6e13cb3-e32b-4d2d-874a-1e4700c67398: start e6e13cb3-e32b-4d2d-874a-1e4700c67398@group-09A5C1734F32-LeaderElection241
2025-09-07 09:46:37,908 [e6e13cb3-e32b-4d2d-874a-1e4700c67398@group-09A5C1734F32-LeaderElection241] INFO  impl.LeaderElection (LeaderElection.java:askForVotes(448)) - e6e13cb3-e32b-4d2d-874a-1e4700c67398@group-09A5C1734F32-LeaderElection241 PRE_VOTE round 0: submit vote requests at term 1 for conf: {index: 0, cur=peers:[90a60b70-6b91-4fb2-a612-7ac0b6911dfc|127.0.0.1:15047, e6e13cb3-e32b-4d2d-874a-1e4700c67398|127.0.0.1:15055, 7c7182dc-ac7f-44a8-b1d4-5d10f99cbcf2|127.0.0.1:15039]|listeners:[], old=null}
2025-09-07 09:46:37,908 [e6e13cb3-e32b-4d2d-874a-1e4700c67398@group-09A5C1734F32-LeaderElection241] INFO  impl.LeaderElection (LogUtils.java:infoOrTrace(142)) - e6e13cb3-e32b-4d2d-874a-1e4700c67398@group-09A5C1734F32-LeaderElection241 got exception when requesting votes: java.util.concurrent.ExecutionException: org.apache.ratis.thirdparty.io.grpc.StatusRuntimeException: UNAVAILABLE: io exception
2025-09-07 09:46:37,908 [e6e13cb3-e32b-4d2d-874a-1e4700c67398@group-09A5C1734F32-LeaderElection241] INFO  impl.LeaderElection (LogUtils.java:infoOrTrace(142)) - e6e13cb3-e32b-4d2d-874a-1e4700c67398@group-09A5C1734F32-LeaderElection241 got exception when requesting votes: java.util.concurrent.ExecutionException: org.apache.ratis.thirdparty.io.grpc.StatusRuntimeException: UNAVAILABLE: io exception
2025-09-07 09:46:37,908 [e6e13cb3-e32b-4d2d-874a-1e4700c67398@group-09A5C1734F32-LeaderElection241] INFO  impl.LeaderElection (LeaderElection.java:logAndReturn(206)) - e6e13cb3-e32b-4d2d-874a-1e4700c67398@group-09A5C1734F32-LeaderElection241: PRE_VOTE REJECTED received 0 response(s) and 2 exception(s):
2025-09-07 09:46:37,908 [e6e13cb3-e32b-4d2d-874a-1e4700c67398@group-09A5C1734F32-LeaderElection241] INFO  impl.LeaderElection (LogUtils.java:infoOrTrace(142)) -   Exception 0: java.util.concurrent.ExecutionException: org.apache.ratis.thirdparty.io.grpc.StatusRuntimeException: UNAVAILABLE: io exception
2025-09-07 09:46:37,908 [e6e13cb3-e32b-4d2d-874a-1e4700c67398@group-09A5C1734F32-LeaderElection241] INFO  impl.LeaderElection (LogUtils.java:infoOrTrace(142)) -   Exception 1: java.util.concurrent.ExecutionException: org.apache.ratis.thirdparty.io.grpc.StatusRuntimeException: UNAVAILABLE: io exception
2025-09-07 09:46:37,908 [e6e13cb3-e32b-4d2d-874a-1e4700c67398@group-09A5C1734F32-LeaderElection241] INFO  impl.LeaderElection (LeaderElection.java:askForVotes(450)) - e6e13cb3-e32b-4d2d-874a-1e4700c67398@group-09A5C1734F32-LeaderElection241 PRE_VOTE round 0: result REJECTED
2025-09-07 09:46:37,908 [e6e13cb3-e32b-4d2d-874a-1e4700c67398@group-09A5C1734F32-LeaderElection241] INFO  server.RaftServer$Division (RaftServerImpl.java:setRole(392)) - e6e13cb3-e32b-4d2d-874a-1e4700c67398@group-09A5C1734F32: changes role from CANDIDATE to FOLLOWER at term 1 for REJECTED
2025-09-07 09:46:37,908 [e6e13cb3-e32b-4d2d-874a-1e4700c67398@group-09A5C1734F32-LeaderElection241] INFO  impl.RoleInfo (RoleInfo.java:shutdownLeaderElection(141)) - e6e13cb3-e32b-4d2d-874a-1e4700c67398: shutdown e6e13cb3-e32b-4d2d-874a-1e4700c67398@group-09A5C1734F32-LeaderElection241
2025-09-07 09:46:37,908 [e6e13cb3-e32b-4d2d-874a-1e4700c67398@group-09A5C1734F32-LeaderElection241] INFO  impl.RoleInfo (RoleInfo.java:updateAndGet(148)) - e6e13cb3-e32b-4d2d-874a-1e4700c67398: start e6e13cb3-e32b-4d2d-874a-1e4700c67398@group-09A5C1734F32-FollowerState
2025-09-07 09:46:38,243 [e6e13cb3-e32b-4d2d-874a-1e4700c67398@group-9E511D2458D0-FollowerState] INFO  impl.FollowerState (FollowerState.java:runImpl(161)) - e6e13cb3-e32b-4d2d-874a-1e4700c67398@group-9E511D2458D0-FollowerState: change to CANDIDATE, lastRpcElapsedTime:1041315829ns, electionTimeout:1041ms
2025-09-07 09:46:38,243 [e6e13cb3-e32b-4d2d-874a-1e4700c67398@group-9E511D2458D0-FollowerState] INFO  impl.RoleInfo (RoleInfo.java:shutdownFollowerState(121)) - e6e13cb3-e32b-4d2d-874a-1e4700c67398: shutdown e6e13cb3-e32b-4d2d-874a-1e4700c67398@group-9E511D2458D0-FollowerState
2025-09-07 09:46:38,243 [e6e13cb3-e32b-4d2d-874a-1e4700c67398@group-9E511D2458D0-FollowerState] INFO  server.RaftServer$Division (RaftServerImpl.java:setRole(392)) - e6e13cb3-e32b-4d2d-874a-1e4700c67398@group-9E511D2458D0: changes role from  FOLLOWER to CANDIDATE at term 1 for changeToCandidate
2025-09-07 09:46:38,244 [e6e13cb3-e32b-4d2d-874a-1e4700c67398@group-9E511D2458D0-FollowerState] INFO  impl.RoleInfo (RoleInfo.java:updateAndGet(148)) - e6e13cb3-e32b-4d2d-874a-1e4700c67398: start e6e13cb3-e32b-4d2d-874a-1e4700c67398@group-9E511D2458D0-LeaderElection242
2025-09-07 09:46:38,244 [e6e13cb3-e32b-4d2d-874a-1e4700c67398@group-9E511D2458D0-LeaderElection242] INFO  impl.LeaderElection (LeaderElection.java:askForVotes(448)) - e6e13cb3-e32b-4d2d-874a-1e4700c67398@group-9E511D2458D0-LeaderElection242 PRE_VOTE round 0: submit vote requests at term 1 for conf: {index: 0, cur=peers:[90a60b70-6b91-4fb2-a612-7ac0b6911dfc|127.0.0.1:15047, e6e13cb3-e32b-4d2d-874a-1e4700c67398|127.0.0.1:15055, 7c7182dc-ac7f-44a8-b1d4-5d10f99cbcf2|127.0.0.1:15039]|listeners:[], old=null}
2025-09-07 09:46:38,244 [e6e13cb3-e32b-4d2d-874a-1e4700c67398@group-9E511D2458D0-LeaderElection242] INFO  impl.LeaderElection (LogUtils.java:infoOrTrace(142)) - e6e13cb3-e32b-4d2d-874a-1e4700c67398@group-9E511D2458D0-LeaderElection242 got exception when requesting votes: java.util.concurrent.ExecutionException: org.apache.ratis.thirdparty.io.grpc.StatusRuntimeException: UNAVAILABLE: io exception
2025-09-07 09:46:38,244 [e6e13cb3-e32b-4d2d-874a-1e4700c67398@group-9E511D2458D0-LeaderElection242] INFO  impl.LeaderElection (LogUtils.java:infoOrTrace(142)) - e6e13cb3-e32b-4d2d-874a-1e4700c67398@group-9E511D2458D0-LeaderElection242 got exception when requesting votes: java.util.concurrent.ExecutionException: org.apache.ratis.thirdparty.io.grpc.StatusRuntimeException: UNAVAILABLE: io exception
2025-09-07 09:46:38,244 [e6e13cb3-e32b-4d2d-874a-1e4700c67398@group-9E511D2458D0-LeaderElection242] INFO  impl.LeaderElection (LeaderElection.java:logAndReturn(206)) - e6e13cb3-e32b-4d2d-874a-1e4700c67398@group-9E511D2458D0-LeaderElection242: PRE_VOTE REJECTED received 0 response(s) and 2 exception(s):
2025-09-07 09:46:38,244 [e6e13cb3-e32b-4d2d-874a-1e4700c67398@group-9E511D2458D0-LeaderElection242] INFO  impl.LeaderElection (LogUtils.java:infoOrTrace(142)) -   Exception 0: java.util.concurrent.ExecutionException: org.apache.ratis.thirdparty.io.grpc.StatusRuntimeException: UNAVAILABLE: io exception
2025-09-07 09:46:38,244 [e6e13cb3-e32b-4d2d-874a-1e4700c67398@group-9E511D2458D0-LeaderElection242] INFO  impl.LeaderElection (LogUtils.java:infoOrTrace(142)) -   Exception 1: java.util.concurrent.ExecutionException: org.apache.ratis.thirdparty.io.grpc.StatusRuntimeException: UNAVAILABLE: io exception
2025-09-07 09:46:38,245 [e6e13cb3-e32b-4d2d-874a-1e4700c67398@group-9E511D2458D0-LeaderElection242] INFO  impl.LeaderElection (LeaderElection.java:askForVotes(450)) - e6e13cb3-e32b-4d2d-874a-1e4700c67398@group-9E511D2458D0-LeaderElection242 PRE_VOTE round 0: result REJECTED
2025-09-07 09:46:38,245 [e6e13cb3-e32b-4d2d-874a-1e4700c67398@group-9E511D2458D0-LeaderElection242] INFO  server.RaftServer$Division (RaftServerImpl.java:setRole(392)) - e6e13cb3-e32b-4d2d-874a-1e4700c67398@group-9E511D2458D0: changes role from CANDIDATE to FOLLOWER at term 1 for REJECTED
2025-09-07 09:46:38,245 [e6e13cb3-e32b-4d2d-874a-1e4700c67398@group-9E511D2458D0-LeaderElection242] INFO  impl.RoleInfo (RoleInfo.java:shutdownLeaderElection(141)) - e6e13cb3-e32b-4d2d-874a-1e4700c67398: shutdown e6e13cb3-e32b-4d2d-874a-1e4700c67398@group-9E511D2458D0-LeaderElection242
2025-09-07 09:46:38,245 [e6e13cb3-e32b-4d2d-874a-1e4700c67398@group-9E511D2458D0-LeaderElection242] INFO  impl.RoleInfo (RoleInfo.java:updateAndGet(148)) - e6e13cb3-e32b-4d2d-874a-1e4700c67398: start e6e13cb3-e32b-4d2d-874a-1e4700c67398@group-9E511D2458D0-FollowerState
2025-09-07 09:46:38,935 [e6e13cb3-e32b-4d2d-874a-1e4700c67398@group-09A5C1734F32-FollowerState] INFO  impl.FollowerState (FollowerState.java:runImpl(161)) - e6e13cb3-e32b-4d2d-874a-1e4700c67398@group-09A5C1734F32-FollowerState: change to CANDIDATE, lastRpcElapsedTime:1026339242ns, electionTimeout:1026ms
2025-09-07 09:46:38,935 [e6e13cb3-e32b-4d2d-874a-1e4700c67398@group-09A5C1734F32-FollowerState] INFO  impl.RoleInfo (RoleInfo.java:shutdownFollowerState(121)) - e6e13cb3-e32b-4d2d-874a-1e4700c67398: shutdown e6e13cb3-e32b-4d2d-874a-1e4700c67398@group-09A5C1734F32-FollowerState
2025-09-07 09:46:38,935 [e6e13cb3-e32b-4d2d-874a-1e4700c67398@group-09A5C1734F32-FollowerState] INFO  server.RaftServer$Division (RaftServerImpl.java:setRole(392)) - e6e13cb3-e32b-4d2d-874a-1e4700c67398@group-09A5C1734F32: changes role from  FOLLOWER to CANDIDATE at term 1 for changeToCandidate
2025-09-07 09:46:38,935 [e6e13cb3-e32b-4d2d-874a-1e4700c67398@group-09A5C1734F32-FollowerState] INFO  impl.RoleInfo (RoleInfo.java:updateAndGet(148)) - e6e13cb3-e32b-4d2d-874a-1e4700c67398: start e6e13cb3-e32b-4d2d-874a-1e4700c67398@group-09A5C1734F32-LeaderElection243
2025-09-07 09:46:38,935 [e6e13cb3-e32b-4d2d-874a-1e4700c67398@group-09A5C1734F32-LeaderElection243] INFO  impl.LeaderElection (LeaderElection.java:askForVotes(448)) - e6e13cb3-e32b-4d2d-874a-1e4700c67398@group-09A5C1734F32-LeaderElection243 PRE_VOTE round 0: submit vote requests at term 1 for conf: {index: 0, cur=peers:[90a60b70-6b91-4fb2-a612-7ac0b6911dfc|127.0.0.1:15047, e6e13cb3-e32b-4d2d-874a-1e4700c67398|127.0.0.1:15055, 7c7182dc-ac7f-44a8-b1d4-5d10f99cbcf2|127.0.0.1:15039]|listeners:[], old=null}
2025-09-07 09:46:38,936 [e6e13cb3-e32b-4d2d-874a-1e4700c67398@group-09A5C1734F32-LeaderElection243] INFO  impl.LeaderElection (LogUtils.java:infoOrTrace(142)) - e6e13cb3-e32b-4d2d-874a-1e4700c67398@group-09A5C1734F32-LeaderElection243 got exception when requesting votes: java.util.concurrent.ExecutionException: org.apache.ratis.thirdparty.io.grpc.StatusRuntimeException: UNAVAILABLE: io exception
2025-09-07 09:46:38,946 [e6e13cb3-e32b-4d2d-874a-1e4700c67398@group-09A5C1734F32-LeaderElection243] INFO  impl.LeaderElection (LogUtils.java:infoOrTrace(142)) - e6e13cb3-e32b-4d2d-874a-1e4700c67398@group-09A5C1734F32-LeaderElection243 got exception when requesting votes: java.util.concurrent.ExecutionException: org.apache.ratis.thirdparty.io.grpc.StatusRuntimeException: UNAVAILABLE: io exception
2025-09-07 09:46:38,946 [e6e13cb3-e32b-4d2d-874a-1e4700c67398@group-09A5C1734F32-LeaderElection243] INFO  impl.LeaderElection (LeaderElection.java:logAndReturn(206)) - e6e13cb3-e32b-4d2d-874a-1e4700c67398@group-09A5C1734F32-LeaderElection243: PRE_VOTE REJECTED received 0 response(s) and 2 exception(s):
2025-09-07 09:46:38,947 [e6e13cb3-e32b-4d2d-874a-1e4700c67398@group-09A5C1734F32-LeaderElection243] INFO  impl.LeaderElection (LogUtils.java:infoOrTrace(142)) -   Exception 0: java.util.concurrent.ExecutionException: org.apache.ratis.thirdparty.io.grpc.StatusRuntimeException: UNAVAILABLE: io exception
2025-09-07 09:46:38,947 [e6e13cb3-e32b-4d2d-874a-1e4700c67398@group-09A5C1734F32-LeaderElection243] INFO  impl.LeaderElection (LogUtils.java:infoOrTrace(142)) -   Exception 1: java.util.concurrent.ExecutionException: org.apache.ratis.thirdparty.io.grpc.StatusRuntimeException: UNAVAILABLE: io exception
2025-09-07 09:46:38,947 [e6e13cb3-e32b-4d2d-874a-1e4700c67398@group-09A5C1734F32-LeaderElection243] INFO  impl.LeaderElection (LeaderElection.java:askForVotes(450)) - e6e13cb3-e32b-4d2d-874a-1e4700c67398@group-09A5C1734F32-LeaderElection243 PRE_VOTE round 0: result REJECTED
2025-09-07 09:46:38,947 [e6e13cb3-e32b-4d2d-874a-1e4700c67398@group-09A5C1734F32-LeaderElection243] INFO  server.RaftServer$Division (RaftServerImpl.java:setRole(392)) - e6e13cb3-e32b-4d2d-874a-1e4700c67398@group-09A5C1734F32: changes role from CANDIDATE to FOLLOWER at term 1 for REJECTED
2025-09-07 09:46:38,947 [e6e13cb3-e32b-4d2d-874a-1e4700c67398@group-09A5C1734F32-LeaderElection243] INFO  impl.RoleInfo (RoleInfo.java:shutdownLeaderElection(141)) - e6e13cb3-e32b-4d2d-874a-1e4700c67398: shutdown e6e13cb3-e32b-4d2d-874a-1e4700c67398@group-09A5C1734F32-LeaderElection243
2025-09-07 09:46:38,947 [e6e13cb3-e32b-4d2d-874a-1e4700c67398@group-09A5C1734F32-LeaderElection243] INFO  impl.RoleInfo (RoleInfo.java:updateAndGet(148)) - e6e13cb3-e32b-4d2d-874a-1e4700c67398: start e6e13cb3-e32b-4d2d-874a-1e4700c67398@group-09A5C1734F32-FollowerState
2025-09-07 09:46:39,364 [e6e13cb3-e32b-4d2d-874a-1e4700c67398@group-9E511D2458D0-FollowerState] INFO  impl.FollowerState (FollowerState.java:runImpl(161)) - e6e13cb3-e32b-4d2d-874a-1e4700c67398@group-9E511D2458D0-FollowerState: change to CANDIDATE, lastRpcElapsedTime:1119320971ns, electionTimeout:1119ms
2025-09-07 09:46:39,364 [e6e13cb3-e32b-4d2d-874a-1e4700c67398@group-9E511D2458D0-FollowerState] INFO  impl.RoleInfo (RoleInfo.java:shutdownFollowerState(121)) - e6e13cb3-e32b-4d2d-874a-1e4700c67398: shutdown e6e13cb3-e32b-4d2d-874a-1e4700c67398@group-9E511D2458D0-FollowerState
2025-09-07 09:46:39,365 [e6e13cb3-e32b-4d2d-874a-1e4700c67398@group-9E511D2458D0-FollowerState] INFO  server.RaftServer$Division (RaftServerImpl.java:setRole(392)) - e6e13cb3-e32b-4d2d-874a-1e4700c67398@group-9E511D2458D0: changes role from  FOLLOWER to CANDIDATE at term 1 for changeToCandidate
2025-09-07 09:46:39,365 [e6e13cb3-e32b-4d2d-874a-1e4700c67398@group-9E511D2458D0-FollowerState] INFO  impl.RoleInfo (RoleInfo.java:updateAndGet(148)) - e6e13cb3-e32b-4d2d-874a-1e4700c67398: start e6e13cb3-e32b-4d2d-874a-1e4700c67398@group-9E511D2458D0-LeaderElection244
2025-09-07 09:46:39,365 [e6e13cb3-e32b-4d2d-874a-1e4700c67398@group-9E511D2458D0-LeaderElection244] INFO  impl.LeaderElection (LeaderElection.java:askForVotes(448)) - e6e13cb3-e32b-4d2d-874a-1e4700c67398@group-9E511D2458D0-LeaderElection244 PRE_VOTE round 0: submit vote requests at term 1 for conf: {index: 0, cur=peers:[90a60b70-6b91-4fb2-a612-7ac0b6911dfc|127.0.0.1:15047, e6e13cb3-e32b-4d2d-874a-1e4700c67398|127.0.0.1:15055, 7c7182dc-ac7f-44a8-b1d4-5d10f99cbcf2|127.0.0.1:15039]|listeners:[], old=null}
2025-09-07 09:46:39,366 [e6e13cb3-e32b-4d2d-874a-1e4700c67398@group-9E511D2458D0-LeaderElection244] INFO  impl.LeaderElection (LogUtils.java:infoOrTrace(142)) - e6e13cb3-e32b-4d2d-874a-1e4700c67398@group-9E511D2458D0-LeaderElection244 got exception when requesting votes: java.util.concurrent.ExecutionException: org.apache.ratis.thirdparty.io.grpc.StatusRuntimeException: UNAVAILABLE: io exception
2025-09-07 09:46:39,366 [e6e13cb3-e32b-4d2d-874a-1e4700c67398@group-9E511D2458D0-LeaderElection244] INFO  impl.LeaderElection (LogUtils.java:infoOrTrace(142)) - e6e13cb3-e32b-4d2d-874a-1e4700c67398@group-9E511D2458D0-LeaderElection244 got exception when requesting votes: java.util.concurrent.ExecutionException: org.apache.ratis.thirdparty.io.grpc.StatusRuntimeException: UNAVAILABLE: io exception
2025-09-07 09:46:39,366 [e6e13cb3-e32b-4d2d-874a-1e4700c67398@group-9E511D2458D0-LeaderElection244] INFO  impl.LeaderElection (LeaderElection.java:logAndReturn(206)) - e6e13cb3-e32b-4d2d-874a-1e4700c67398@group-9E511D2458D0-LeaderElection244: PRE_VOTE REJECTED received 0 response(s) and 2 exception(s):
2025-09-07 09:46:39,366 [e6e13cb3-e32b-4d2d-874a-1e4700c67398@group-9E511D2458D0-LeaderElection244] INFO  impl.LeaderElection (LogUtils.java:infoOrTrace(142)) -   Exception 0: java.util.concurrent.ExecutionException: org.apache.ratis.thirdparty.io.grpc.StatusRuntimeException: UNAVAILABLE: io exception
2025-09-07 09:46:39,366 [e6e13cb3-e32b-4d2d-874a-1e4700c67398@group-9E511D2458D0-LeaderElection244] INFO  impl.LeaderElection (LogUtils.java:infoOrTrace(142)) -   Exception 1: java.util.concurrent.ExecutionException: org.apache.ratis.thirdparty.io.grpc.StatusRuntimeException: UNAVAILABLE: io exception
2025-09-07 09:46:39,366 [e6e13cb3-e32b-4d2d-874a-1e4700c67398@group-9E511D2458D0-LeaderElection244] INFO  impl.LeaderElection (LeaderElection.java:askForVotes(450)) - e6e13cb3-e32b-4d2d-874a-1e4700c67398@group-9E511D2458D0-LeaderElection244 PRE_VOTE round 0: result REJECTED
2025-09-07 09:46:39,366 [e6e13cb3-e32b-4d2d-874a-1e4700c67398@group-9E511D2458D0-LeaderElection244] INFO  server.RaftServer$Division (RaftServerImpl.java:setRole(392)) - e6e13cb3-e32b-4d2d-874a-1e4700c67398@group-9E511D2458D0: changes role from CANDIDATE to FOLLOWER at term 1 for REJECTED
2025-09-07 09:46:39,366 [e6e13cb3-e32b-4d2d-874a-1e4700c67398@group-9E511D2458D0-LeaderElection244] INFO  impl.RoleInfo (RoleInfo.java:shutdownLeaderElection(141)) - e6e13cb3-e32b-4d2d-874a-1e4700c67398: shutdown e6e13cb3-e32b-4d2d-874a-1e4700c67398@group-9E511D2458D0-LeaderElection244
2025-09-07 09:46:39,367 [e6e13cb3-e32b-4d2d-874a-1e4700c67398@group-9E511D2458D0-LeaderElection244] INFO  impl.RoleInfo (RoleInfo.java:updateAndGet(148)) - e6e13cb3-e32b-4d2d-874a-1e4700c67398: start e6e13cb3-e32b-4d2d-874a-1e4700c67398@group-9E511D2458D0-FollowerState
2025-09-07 09:46:40,043 [e6e13cb3-e32b-4d2d-874a-1e4700c67398@group-09A5C1734F32-FollowerState] INFO  impl.FollowerState (FollowerState.java:runImpl(161)) - e6e13cb3-e32b-4d2d-874a-1e4700c67398@group-09A5C1734F32-FollowerState: change to CANDIDATE, lastRpcElapsedTime:1095363586ns, electionTimeout:1095ms
2025-09-07 09:46:40,043 [e6e13cb3-e32b-4d2d-874a-1e4700c67398@group-09A5C1734F32-FollowerState] INFO  impl.RoleInfo (RoleInfo.java:shutdownFollowerState(121)) - e6e13cb3-e32b-4d2d-874a-1e4700c67398: shutdown e6e13cb3-e32b-4d2d-874a-1e4700c67398@group-09A5C1734F32-FollowerState
2025-09-07 09:46:40,043 [e6e13cb3-e32b-4d2d-874a-1e4700c67398@group-09A5C1734F32-FollowerState] INFO  server.RaftServer$Division (RaftServerImpl.java:setRole(392)) - e6e13cb3-e32b-4d2d-874a-1e4700c67398@group-09A5C1734F32: changes role from  FOLLOWER to CANDIDATE at term 1 for changeToCandidate
2025-09-07 09:46:40,043 [e6e13cb3-e32b-4d2d-874a-1e4700c67398@group-09A5C1734F32-FollowerState] INFO  impl.RoleInfo (RoleInfo.java:updateAndGet(148)) - e6e13cb3-e32b-4d2d-874a-1e4700c67398: start e6e13cb3-e32b-4d2d-874a-1e4700c67398@group-09A5C1734F32-LeaderElection245
2025-09-07 09:46:40,043 [e6e13cb3-e32b-4d2d-874a-1e4700c67398@group-09A5C1734F32-LeaderElection245] INFO  impl.LeaderElection (LeaderElection.java:askForVotes(448)) - e6e13cb3-e32b-4d2d-874a-1e4700c67398@group-09A5C1734F32-LeaderElection245 PRE_VOTE round 0: submit vote requests at term 1 for conf: {index: 0, cur=peers:[90a60b70-6b91-4fb2-a612-7ac0b6911dfc|127.0.0.1:15047, e6e13cb3-e32b-4d2d-874a-1e4700c67398|127.0.0.1:15055, 7c7182dc-ac7f-44a8-b1d4-5d10f99cbcf2|127.0.0.1:15039]|listeners:[], old=null}
2025-09-07 09:46:40,044 [e6e13cb3-e32b-4d2d-874a-1e4700c67398@group-09A5C1734F32-LeaderElection245] INFO  impl.LeaderElection (LogUtils.java:infoOrTrace(142)) - e6e13cb3-e32b-4d2d-874a-1e4700c67398@group-09A5C1734F32-LeaderElection245 got exception when requesting votes: java.util.concurrent.ExecutionException: org.apache.ratis.thirdparty.io.grpc.StatusRuntimeException: UNAVAILABLE: io exception
2025-09-07 09:46:40,044 [e6e13cb3-e32b-4d2d-874a-1e4700c67398@group-09A5C1734F32-LeaderElection245] INFO  impl.LeaderElection (LogUtils.java:infoOrTrace(142)) - e6e13cb3-e32b-4d2d-874a-1e4700c67398@group-09A5C1734F32-LeaderElection245 got exception when requesting votes: java.util.concurrent.ExecutionException: org.apache.ratis.thirdparty.io.grpc.StatusRuntimeException: UNAVAILABLE: io exception
2025-09-07 09:46:40,044 [e6e13cb3-e32b-4d2d-874a-1e4700c67398@group-09A5C1734F32-LeaderElection245] INFO  impl.LeaderElection (LeaderElection.java:logAndReturn(206)) - e6e13cb3-e32b-4d2d-874a-1e4700c67398@group-09A5C1734F32-LeaderElection245: PRE_VOTE REJECTED received 0 response(s) and 2 exception(s):
2025-09-07 09:46:40,044 [e6e13cb3-e32b-4d2d-874a-1e4700c67398@group-09A5C1734F32-LeaderElection245] INFO  impl.LeaderElection (LogUtils.java:infoOrTrace(142)) -   Exception 0: java.util.concurrent.ExecutionException: org.apache.ratis.thirdparty.io.grpc.StatusRuntimeException: UNAVAILABLE: io exception
2025-09-07 09:46:40,044 [e6e13cb3-e32b-4d2d-874a-1e4700c67398@group-09A5C1734F32-LeaderElection245] INFO  impl.LeaderElection (LogUtils.java:infoOrTrace(142)) -   Exception 1: java.util.concurrent.ExecutionException: org.apache.ratis.thirdparty.io.grpc.StatusRuntimeException: UNAVAILABLE: io exception
2025-09-07 09:46:40,044 [e6e13cb3-e32b-4d2d-874a-1e4700c67398@group-09A5C1734F32-LeaderElection245] INFO  impl.LeaderElection (LeaderElection.java:askForVotes(450)) - e6e13cb3-e32b-4d2d-874a-1e4700c67398@group-09A5C1734F32-LeaderElection245 PRE_VOTE round 0: result REJECTED
2025-09-07 09:46:40,044 [e6e13cb3-e32b-4d2d-874a-1e4700c67398@group-09A5C1734F32-LeaderElection245] INFO  server.RaftServer$Division (RaftServerImpl.java:setRole(392)) - e6e13cb3-e32b-4d2d-874a-1e4700c67398@group-09A5C1734F32: changes role from CANDIDATE to FOLLOWER at term 1 for REJECTED
2025-09-07 09:46:40,044 [e6e13cb3-e32b-4d2d-874a-1e4700c67398@group-09A5C1734F32-LeaderElection245] INFO  impl.RoleInfo (RoleInfo.java:shutdownLeaderElection(141)) - e6e13cb3-e32b-4d2d-874a-1e4700c67398: shutdown e6e13cb3-e32b-4d2d-874a-1e4700c67398@group-09A5C1734F32-LeaderElection245
2025-09-07 09:46:40,044 [e6e13cb3-e32b-4d2d-874a-1e4700c67398@group-09A5C1734F32-LeaderElection245] INFO  impl.RoleInfo (RoleInfo.java:updateAndGet(148)) - e6e13cb3-e32b-4d2d-874a-1e4700c67398: start e6e13cb3-e32b-4d2d-874a-1e4700c67398@group-09A5C1734F32-FollowerState
2025-09-07 09:46:40,130 [grpc-default-executor-6] ERROR impl.OrderedAsync (OrderedAsync.java:lambda$null$6(215)) -  client-31430F4BE28C: Failed* RaftClientRequest:client-31430F4BE28C->e6e13cb3-e32b-4d2d-874a-1e4700c67398@group-9E511D2458D0, cid=57, seq=1*, Watch(0), null
java.util.concurrent.CompletionException: org.apache.ratis.protocol.exceptions.NotLeaderException: Server e6e13cb3-e32b-4d2d-874a-1e4700c67398@group-9E511D2458D0 is not the leader
	at java.base/java.util.concurrent.CompletableFuture.encodeThrowable(CompletableFuture.java:332)
	at java.base/java.util.concurrent.CompletableFuture.completeThrowable(CompletableFuture.java:347)
	at java.base/java.util.concurrent.CompletableFuture$UniAccept.tryFire(CompletableFuture.java:708)
	at java.base/java.util.concurrent.CompletableFuture.postComplete(CompletableFuture.java:510)
	at java.base/java.util.concurrent.CompletableFuture.completeExceptionally(CompletableFuture.java:2194)
	at org.apache.ratis.grpc.client.GrpcClientProtocolClient$AsyncStreamObservers.completeReplyExceptionally(GrpcClientProtocolClient.java:397)
	at org.apache.ratis.grpc.client.GrpcClientProtocolClient$AsyncStreamObservers.access$000(GrpcClientProtocolClient.java:303)
	at org.apache.ratis.grpc.client.GrpcClientProtocolClient$AsyncStreamObservers$1.onNext(GrpcClientProtocolClient.java:317)
	at org.apache.ratis.grpc.client.GrpcClientProtocolClient$AsyncStreamObservers$1.onNext(GrpcClientProtocolClient.java:308)
	at org.apache.ratis.thirdparty.io.grpc.stub.ClientCalls$StreamObserverToCallListenerAdapter.onMessage(ClientCalls.java:551)
	at org.apache.ratis.thirdparty.io.grpc.ForwardingClientCallListener.onMessage(ForwardingClientCallListener.java:33)
	at org.apache.ratis.thirdparty.io.grpc.internal.ClientCallImpl$ClientStreamListenerImpl$1MessagesAvailable.runInternal(ClientCallImpl.java:661)
	at org.apache.ratis.thirdparty.io.grpc.internal.ClientCallImpl$ClientStreamListenerImpl$1MessagesAvailable.runInContext(ClientCallImpl.java:648)
	at org.apache.ratis.thirdparty.io.grpc.internal.ContextRunnable.run(ContextRunnable.java:37)
	at org.apache.ratis.thirdparty.io.grpc.internal.SerializingExecutor.run(SerializingExecutor.java:133)
	at java.base/java.util.concurrent.ThreadPoolExecutor.runWorker(ThreadPoolExecutor.java:1144)
	at java.base/java.util.concurrent.ThreadPoolExecutor$Worker.run(ThreadPoolExecutor.java:642)
	at java.base/java.lang.Thread.run(Thread.java:1583)
Caused by: org.apache.ratis.protocol.exceptions.NotLeaderException: Server e6e13cb3-e32b-4d2d-874a-1e4700c67398@group-9E511D2458D0 is not the leader
	at org.apache.ratis.client.impl.ClientProtoUtils.toRaftClientReply(ClientProtoUtils.java:402)
	at org.apache.ratis.grpc.client.GrpcClientProtocolClient$AsyncStreamObservers$1.onNext(GrpcClientProtocolClient.java:313)
	... 10 more
2025-09-07 09:46:40,528 [e6e13cb3-e32b-4d2d-874a-1e4700c67398@group-9E511D2458D0-FollowerState] INFO  impl.FollowerState (FollowerState.java:runImpl(161)) - e6e13cb3-e32b-4d2d-874a-1e4700c67398@group-9E511D2458D0-FollowerState: change to CANDIDATE, lastRpcElapsedTime:1161461913ns, electionTimeout:1161ms
2025-09-07 09:46:40,528 [e6e13cb3-e32b-4d2d-874a-1e4700c67398@group-9E511D2458D0-FollowerState] INFO  impl.RoleInfo (RoleInfo.java:shutdownFollowerState(121)) - e6e13cb3-e32b-4d2d-874a-1e4700c67398: shutdown e6e13cb3-e32b-4d2d-874a-1e4700c67398@group-9E511D2458D0-FollowerState
2025-09-07 09:46:40,528 [e6e13cb3-e32b-4d2d-874a-1e4700c67398@group-9E511D2458D0-FollowerState] INFO  server.RaftServer$Division (RaftServerImpl.java:setRole(392)) - e6e13cb3-e32b-4d2d-874a-1e4700c67398@group-9E511D2458D0: changes role from  FOLLOWER to CANDIDATE at term 1 for changeToCandidate
2025-09-07 09:46:40,528 [e6e13cb3-e32b-4d2d-874a-1e4700c67398@group-9E511D2458D0-FollowerState] INFO  impl.RoleInfo (RoleInfo.java:updateAndGet(148)) - e6e13cb3-e32b-4d2d-874a-1e4700c67398: start e6e13cb3-e32b-4d2d-874a-1e4700c67398@group-9E511D2458D0-LeaderElection246
2025-09-07 09:46:40,529 [e6e13cb3-e32b-4d2d-874a-1e4700c67398@group-9E511D2458D0-LeaderElection246] INFO  impl.LeaderElection (LeaderElection.java:askForVotes(448)) - e6e13cb3-e32b-4d2d-874a-1e4700c67398@group-9E511D2458D0-LeaderElection246 PRE_VOTE round 0: submit vote requests at term 1 for conf: {index: 0, cur=peers:[90a60b70-6b91-4fb2-a612-7ac0b6911dfc|127.0.0.1:15047, e6e13cb3-e32b-4d2d-874a-1e4700c67398|127.0.0.1:15055, 7c7182dc-ac7f-44a8-b1d4-5d10f99cbcf2|127.0.0.1:15039]|listeners:[], old=null}
2025-09-07 09:46:40,529 [e6e13cb3-e32b-4d2d-874a-1e4700c67398@group-9E511D2458D0-LeaderElection246] INFO  impl.LeaderElection (LogUtils.java:infoOrTrace(142)) - e6e13cb3-e32b-4d2d-874a-1e4700c67398@group-9E511D2458D0-LeaderElection246 got exception when requesting votes: java.util.concurrent.ExecutionException: org.apache.ratis.thirdparty.io.grpc.StatusRuntimeException: UNAVAILABLE: io exception
2025-09-07 09:46:40,529 [e6e13cb3-e32b-4d2d-874a-1e4700c67398@group-9E511D2458D0-LeaderElection246] INFO  impl.LeaderElection (LogUtils.java:infoOrTrace(142)) - e6e13cb3-e32b-4d2d-874a-1e4700c67398@group-9E511D2458D0-LeaderElection246 got exception when requesting votes: java.util.concurrent.ExecutionException: org.apache.ratis.thirdparty.io.grpc.StatusRuntimeException: UNAVAILABLE: io exception
2025-09-07 09:46:40,529 [e6e13cb3-e32b-4d2d-874a-1e4700c67398@group-9E511D2458D0-LeaderElection246] INFO  impl.LeaderElection (LeaderElection.java:logAndReturn(206)) - e6e13cb3-e32b-4d2d-874a-1e4700c67398@group-9E511D2458D0-LeaderElection246: PRE_VOTE REJECTED received 0 response(s) and 2 exception(s):
2025-09-07 09:46:40,529 [e6e13cb3-e32b-4d2d-874a-1e4700c67398@group-9E511D2458D0-LeaderElection246] INFO  impl.LeaderElection (LogUtils.java:infoOrTrace(142)) -   Exception 0: java.util.concurrent.ExecutionException: org.apache.ratis.thirdparty.io.grpc.StatusRuntimeException: UNAVAILABLE: io exception
2025-09-07 09:46:40,529 [e6e13cb3-e32b-4d2d-874a-1e4700c67398@group-9E511D2458D0-LeaderElection246] INFO  impl.LeaderElection (LogUtils.java:infoOrTrace(142)) -   Exception 1: java.util.concurrent.ExecutionException: org.apache.ratis.thirdparty.io.grpc.StatusRuntimeException: UNAVAILABLE: io exception
2025-09-07 09:46:40,529 [e6e13cb3-e32b-4d2d-874a-1e4700c67398@group-9E511D2458D0-LeaderElection246] INFO  impl.LeaderElection (LeaderElection.java:askForVotes(450)) - e6e13cb3-e32b-4d2d-874a-1e4700c67398@group-9E511D2458D0-LeaderElection246 PRE_VOTE round 0: result REJECTED
2025-09-07 09:46:40,529 [e6e13cb3-e32b-4d2d-874a-1e4700c67398@group-9E511D2458D0-LeaderElection246] INFO  server.RaftServer$Division (RaftServerImpl.java:setRole(392)) - e6e13cb3-e32b-4d2d-874a-1e4700c67398@group-9E511D2458D0: changes role from CANDIDATE to FOLLOWER at term 1 for REJECTED
2025-09-07 09:46:40,529 [e6e13cb3-e32b-4d2d-874a-1e4700c67398@group-9E511D2458D0-LeaderElection246] INFO  impl.RoleInfo (RoleInfo.java:shutdownLeaderElection(141)) - e6e13cb3-e32b-4d2d-874a-1e4700c67398: shutdown e6e13cb3-e32b-4d2d-874a-1e4700c67398@group-9E511D2458D0-LeaderElection246
2025-09-07 09:46:40,530 [e6e13cb3-e32b-4d2d-874a-1e4700c67398@group-9E511D2458D0-LeaderElection246] INFO  impl.RoleInfo (RoleInfo.java:updateAndGet(148)) - e6e13cb3-e32b-4d2d-874a-1e4700c67398: start e6e13cb3-e32b-4d2d-874a-1e4700c67398@group-9E511D2458D0-FollowerState
2025-09-07 09:46:41,234 [e6e13cb3-e32b-4d2d-874a-1e4700c67398@group-09A5C1734F32-FollowerState] INFO  impl.FollowerState (FollowerState.java:runImpl(161)) - e6e13cb3-e32b-4d2d-874a-1e4700c67398@group-09A5C1734F32-FollowerState: change to CANDIDATE, lastRpcElapsedTime:1190420500ns, electionTimeout:1190ms
2025-09-07 09:46:41,234 [e6e13cb3-e32b-4d2d-874a-1e4700c67398@group-09A5C1734F32-FollowerState] INFO  impl.RoleInfo (RoleInfo.java:shutdownFollowerState(121)) - e6e13cb3-e32b-4d2d-874a-1e4700c67398: shutdown e6e13cb3-e32b-4d2d-874a-1e4700c67398@group-09A5C1734F32-FollowerState
2025-09-07 09:46:41,234 [e6e13cb3-e32b-4d2d-874a-1e4700c67398@group-09A5C1734F32-FollowerState] INFO  server.RaftServer$Division (RaftServerImpl.java:setRole(392)) - e6e13cb3-e32b-4d2d-874a-1e4700c67398@group-09A5C1734F32: changes role from  FOLLOWER to CANDIDATE at term 1 for changeToCandidate
2025-09-07 09:46:41,235 [e6e13cb3-e32b-4d2d-874a-1e4700c67398@group-09A5C1734F32-FollowerState] INFO  impl.RoleInfo (RoleInfo.java:updateAndGet(148)) - e6e13cb3-e32b-4d2d-874a-1e4700c67398: start e6e13cb3-e32b-4d2d-874a-1e4700c67398@group-09A5C1734F32-LeaderElection247
2025-09-07 09:46:41,235 [e6e13cb3-e32b-4d2d-874a-1e4700c67398@group-09A5C1734F32-LeaderElection247] INFO  impl.LeaderElection (LeaderElection.java:askForVotes(448)) - e6e13cb3-e32b-4d2d-874a-1e4700c67398@group-09A5C1734F32-LeaderElection247 PRE_VOTE round 0: submit vote requests at term 1 for conf: {index: 0, cur=peers:[90a60b70-6b91-4fb2-a612-7ac0b6911dfc|127.0.0.1:15047, e6e13cb3-e32b-4d2d-874a-1e4700c67398|127.0.0.1:15055, 7c7182dc-ac7f-44a8-b1d4-5d10f99cbcf2|127.0.0.1:15039]|listeners:[], old=null}
2025-09-07 09:46:41,235 [e6e13cb3-e32b-4d2d-874a-1e4700c67398@group-09A5C1734F32-LeaderElection247] INFO  impl.LeaderElection (LogUtils.java:infoOrTrace(142)) - e6e13cb3-e32b-4d2d-874a-1e4700c67398@group-09A5C1734F32-LeaderElection247 got exception when requesting votes: java.util.concurrent.ExecutionException: org.apache.ratis.thirdparty.io.grpc.StatusRuntimeException: UNAVAILABLE: io exception
2025-09-07 09:46:41,235 [e6e13cb3-e32b-4d2d-874a-1e4700c67398@group-09A5C1734F32-LeaderElection247] INFO  impl.LeaderElection (LogUtils.java:infoOrTrace(142)) - e6e13cb3-e32b-4d2d-874a-1e4700c67398@group-09A5C1734F32-LeaderElection247 got exception when requesting votes: java.util.concurrent.ExecutionException: org.apache.ratis.thirdparty.io.grpc.StatusRuntimeException: UNAVAILABLE: io exception
2025-09-07 09:46:41,235 [e6e13cb3-e32b-4d2d-874a-1e4700c67398@group-09A5C1734F32-LeaderElection247] INFO  impl.LeaderElection (LeaderElection.java:logAndReturn(206)) - e6e13cb3-e32b-4d2d-874a-1e4700c67398@group-09A5C1734F32-LeaderElection247: PRE_VOTE REJECTED received 0 response(s) and 2 exception(s):
2025-09-07 09:46:41,235 [e6e13cb3-e32b-4d2d-874a-1e4700c67398@group-09A5C1734F32-LeaderElection247] INFO  impl.LeaderElection (LogUtils.java:infoOrTrace(142)) -   Exception 0: java.util.concurrent.ExecutionException: org.apache.ratis.thirdparty.io.grpc.StatusRuntimeException: UNAVAILABLE: io exception
2025-09-07 09:46:41,235 [e6e13cb3-e32b-4d2d-874a-1e4700c67398@group-09A5C1734F32-LeaderElection247] INFO  impl.LeaderElection (LogUtils.java:infoOrTrace(142)) -   Exception 1: java.util.concurrent.ExecutionException: org.apache.ratis.thirdparty.io.grpc.StatusRuntimeException: UNAVAILABLE: io exception
2025-09-07 09:46:41,235 [e6e13cb3-e32b-4d2d-874a-1e4700c67398@group-09A5C1734F32-LeaderElection247] INFO  impl.LeaderElection (LeaderElection.java:askForVotes(450)) - e6e13cb3-e32b-4d2d-874a-1e4700c67398@group-09A5C1734F32-LeaderElection247 PRE_VOTE round 0: result REJECTED
2025-09-07 09:46:41,236 [e6e13cb3-e32b-4d2d-874a-1e4700c67398@group-09A5C1734F32-LeaderElection247] INFO  server.RaftServer$Division (RaftServerImpl.java:setRole(392)) - e6e13cb3-e32b-4d2d-874a-1e4700c67398@group-09A5C1734F32: changes role from CANDIDATE to FOLLOWER at term 1 for REJECTED
2025-09-07 09:46:41,236 [e6e13cb3-e32b-4d2d-874a-1e4700c67398@group-09A5C1734F32-LeaderElection247] INFO  impl.RoleInfo (RoleInfo.java:shutdownLeaderElection(141)) - e6e13cb3-e32b-4d2d-874a-1e4700c67398: shutdown e6e13cb3-e32b-4d2d-874a-1e4700c67398@group-09A5C1734F32-LeaderElection247
2025-09-07 09:46:41,236 [e6e13cb3-e32b-4d2d-874a-1e4700c67398@group-09A5C1734F32-LeaderElection247] INFO  impl.RoleInfo (RoleInfo.java:updateAndGet(148)) - e6e13cb3-e32b-4d2d-874a-1e4700c67398: start e6e13cb3-e32b-4d2d-874a-1e4700c67398@group-09A5C1734F32-FollowerState
2025-09-07 09:46:41,676 [e6e13cb3-e32b-4d2d-874a-1e4700c67398@group-9E511D2458D0-FollowerState] INFO  impl.FollowerState (FollowerState.java:runImpl(161)) - e6e13cb3-e32b-4d2d-874a-1e4700c67398@group-9E511D2458D0-FollowerState: change to CANDIDATE, lastRpcElapsedTime:1146262385ns, electionTimeout:1146ms
2025-09-07 09:46:41,676 [e6e13cb3-e32b-4d2d-874a-1e4700c67398@group-9E511D2458D0-FollowerState] INFO  impl.RoleInfo (RoleInfo.java:shutdownFollowerState(121)) - e6e13cb3-e32b-4d2d-874a-1e4700c67398: shutdown e6e13cb3-e32b-4d2d-874a-1e4700c67398@group-9E511D2458D0-FollowerState
2025-09-07 09:46:41,676 [e6e13cb3-e32b-4d2d-874a-1e4700c67398@group-9E511D2458D0-FollowerState] INFO  server.RaftServer$Division (RaftServerImpl.java:setRole(392)) - e6e13cb3-e32b-4d2d-874a-1e4700c67398@group-9E511D2458D0: changes role from  FOLLOWER to CANDIDATE at term 1 for changeToCandidate
2025-09-07 09:46:41,676 [e6e13cb3-e32b-4d2d-874a-1e4700c67398@group-9E511D2458D0-FollowerState] INFO  impl.RoleInfo (RoleInfo.java:updateAndGet(148)) - e6e13cb3-e32b-4d2d-874a-1e4700c67398: start e6e13cb3-e32b-4d2d-874a-1e4700c67398@group-9E511D2458D0-LeaderElection248
2025-09-07 09:46:41,676 [e6e13cb3-e32b-4d2d-874a-1e4700c67398@group-9E511D2458D0-LeaderElection248] INFO  impl.LeaderElection (LeaderElection.java:askForVotes(448)) - e6e13cb3-e32b-4d2d-874a-1e4700c67398@group-9E511D2458D0-LeaderElection248 PRE_VOTE round 0: submit vote requests at term 1 for conf: {index: 0, cur=peers:[90a60b70-6b91-4fb2-a612-7ac0b6911dfc|127.0.0.1:15047, e6e13cb3-e32b-4d2d-874a-1e4700c67398|127.0.0.1:15055, 7c7182dc-ac7f-44a8-b1d4-5d10f99cbcf2|127.0.0.1:15039]|listeners:[], old=null}
2025-09-07 09:46:41,677 [e6e13cb3-e32b-4d2d-874a-1e4700c67398@group-9E511D2458D0-LeaderElection248] INFO  impl.LeaderElection (LogUtils.java:infoOrTrace(142)) - e6e13cb3-e32b-4d2d-874a-1e4700c67398@group-9E511D2458D0-LeaderElection248 got exception when requesting votes: java.util.concurrent.ExecutionException: org.apache.ratis.thirdparty.io.grpc.StatusRuntimeException: UNAVAILABLE: io exception
2025-09-07 09:46:41,677 [e6e13cb3-e32b-4d2d-874a-1e4700c67398@group-9E511D2458D0-LeaderElection248] INFO  impl.LeaderElection (LogUtils.java:infoOrTrace(142)) - e6e13cb3-e32b-4d2d-874a-1e4700c67398@group-9E511D2458D0-LeaderElection248 got exception when requesting votes: java.util.concurrent.ExecutionException: org.apache.ratis.thirdparty.io.grpc.StatusRuntimeException: UNAVAILABLE: io exception
2025-09-07 09:46:41,677 [e6e13cb3-e32b-4d2d-874a-1e4700c67398@group-9E511D2458D0-LeaderElection248] INFO  impl.LeaderElection (LeaderElection.java:logAndReturn(206)) - e6e13cb3-e32b-4d2d-874a-1e4700c67398@group-9E511D2458D0-LeaderElection248: PRE_VOTE REJECTED received 0 response(s) and 2 exception(s):
2025-09-07 09:46:41,677 [e6e13cb3-e32b-4d2d-874a-1e4700c67398@group-9E511D2458D0-LeaderElection248] INFO  impl.LeaderElection (LogUtils.java:infoOrTrace(142)) -   Exception 0: java.util.concurrent.ExecutionException: org.apache.ratis.thirdparty.io.grpc.StatusRuntimeException: UNAVAILABLE: io exception
2025-09-07 09:46:41,677 [e6e13cb3-e32b-4d2d-874a-1e4700c67398@group-9E511D2458D0-LeaderElection248] INFO  impl.LeaderElection (LogUtils.java:infoOrTrace(142)) -   Exception 1: java.util.concurrent.ExecutionException: org.apache.ratis.thirdparty.io.grpc.StatusRuntimeException: UNAVAILABLE: io exception
2025-09-07 09:46:41,677 [e6e13cb3-e32b-4d2d-874a-1e4700c67398@group-9E511D2458D0-LeaderElection248] INFO  impl.LeaderElection (LeaderElection.java:askForVotes(450)) - e6e13cb3-e32b-4d2d-874a-1e4700c67398@group-9E511D2458D0-LeaderElection248 PRE_VOTE round 0: result REJECTED
2025-09-07 09:46:41,677 [e6e13cb3-e32b-4d2d-874a-1e4700c67398@group-9E511D2458D0-LeaderElection248] INFO  server.RaftServer$Division (RaftServerImpl.java:setRole(392)) - e6e13cb3-e32b-4d2d-874a-1e4700c67398@group-9E511D2458D0: changes role from CANDIDATE to FOLLOWER at term 1 for REJECTED
2025-09-07 09:46:41,677 [e6e13cb3-e32b-4d2d-874a-1e4700c67398@group-9E511D2458D0-LeaderElection248] INFO  impl.RoleInfo (RoleInfo.java:shutdownLeaderElection(141)) - e6e13cb3-e32b-4d2d-874a-1e4700c67398: shutdown e6e13cb3-e32b-4d2d-874a-1e4700c67398@group-9E511D2458D0-LeaderElection248
2025-09-07 09:46:41,677 [e6e13cb3-e32b-4d2d-874a-1e4700c67398@group-9E511D2458D0-LeaderElection248] INFO  impl.RoleInfo (RoleInfo.java:updateAndGet(148)) - e6e13cb3-e32b-4d2d-874a-1e4700c67398: start e6e13cb3-e32b-4d2d-874a-1e4700c67398@group-9E511D2458D0-FollowerState
2025-09-07 09:46:42,257 [e6e13cb3-e32b-4d2d-874a-1e4700c67398@group-09A5C1734F32-FollowerState] INFO  impl.FollowerState (FollowerState.java:runImpl(161)) - e6e13cb3-e32b-4d2d-874a-1e4700c67398@group-09A5C1734F32-FollowerState: change to CANDIDATE, lastRpcElapsedTime:1021306456ns, electionTimeout:1021ms
2025-09-07 09:46:42,257 [e6e13cb3-e32b-4d2d-874a-1e4700c67398@group-09A5C1734F32-FollowerState] INFO  impl.RoleInfo (RoleInfo.java:shutdownFollowerState(121)) - e6e13cb3-e32b-4d2d-874a-1e4700c67398: shutdown e6e13cb3-e32b-4d2d-874a-1e4700c67398@group-09A5C1734F32-FollowerState
2025-09-07 09:46:42,257 [e6e13cb3-e32b-4d2d-874a-1e4700c67398@group-09A5C1734F32-FollowerState] INFO  server.RaftServer$Division (RaftServerImpl.java:setRole(392)) - e6e13cb3-e32b-4d2d-874a-1e4700c67398@group-09A5C1734F32: changes role from  FOLLOWER to CANDIDATE at term 1 for changeToCandidate
2025-09-07 09:46:42,257 [e6e13cb3-e32b-4d2d-874a-1e4700c67398@group-09A5C1734F32-FollowerState] INFO  impl.RoleInfo (RoleInfo.java:updateAndGet(148)) - e6e13cb3-e32b-4d2d-874a-1e4700c67398: start e6e13cb3-e32b-4d2d-874a-1e4700c67398@group-09A5C1734F32-LeaderElection249
2025-09-07 09:46:42,258 [e6e13cb3-e32b-4d2d-874a-1e4700c67398@group-09A5C1734F32-LeaderElection249] INFO  impl.LeaderElection (LeaderElection.java:askForVotes(448)) - e6e13cb3-e32b-4d2d-874a-1e4700c67398@group-09A5C1734F32-LeaderElection249 PRE_VOTE round 0: submit vote requests at term 1 for conf: {index: 0, cur=peers:[90a60b70-6b91-4fb2-a612-7ac0b6911dfc|127.0.0.1:15047, e6e13cb3-e32b-4d2d-874a-1e4700c67398|127.0.0.1:15055, 7c7182dc-ac7f-44a8-b1d4-5d10f99cbcf2|127.0.0.1:15039]|listeners:[], old=null}
2025-09-07 09:46:42,258 [e6e13cb3-e32b-4d2d-874a-1e4700c67398@group-09A5C1734F32-LeaderElection249] INFO  impl.LeaderElection (LogUtils.java:infoOrTrace(142)) - e6e13cb3-e32b-4d2d-874a-1e4700c67398@group-09A5C1734F32-LeaderElection249 got exception when requesting votes: java.util.concurrent.ExecutionException: org.apache.ratis.thirdparty.io.grpc.StatusRuntimeException: UNAVAILABLE: io exception
2025-09-07 09:46:42,258 [e6e13cb3-e32b-4d2d-874a-1e4700c67398@group-09A5C1734F32-LeaderElection249] INFO  impl.LeaderElection (LogUtils.java:infoOrTrace(142)) - e6e13cb3-e32b-4d2d-874a-1e4700c67398@group-09A5C1734F32-LeaderElection249 got exception when requesting votes: java.util.concurrent.ExecutionException: org.apache.ratis.thirdparty.io.grpc.StatusRuntimeException: UNAVAILABLE: io exception
2025-09-07 09:46:42,258 [e6e13cb3-e32b-4d2d-874a-1e4700c67398@group-09A5C1734F32-LeaderElection249] INFO  impl.LeaderElection (LeaderElection.java:logAndReturn(206)) - e6e13cb3-e32b-4d2d-874a-1e4700c67398@group-09A5C1734F32-LeaderElection249: PRE_VOTE REJECTED received 0 response(s) and 2 exception(s):
2025-09-07 09:46:42,258 [e6e13cb3-e32b-4d2d-874a-1e4700c67398@group-09A5C1734F32-LeaderElection249] INFO  impl.LeaderElection (LogUtils.java:infoOrTrace(142)) -   Exception 0: java.util.concurrent.ExecutionException: org.apache.ratis.thirdparty.io.grpc.StatusRuntimeException: UNAVAILABLE: io exception
2025-09-07 09:46:42,258 [e6e13cb3-e32b-4d2d-874a-1e4700c67398@group-09A5C1734F32-LeaderElection249] INFO  impl.LeaderElection (LogUtils.java:infoOrTrace(142)) -   Exception 1: java.util.concurrent.ExecutionException: org.apache.ratis.thirdparty.io.grpc.StatusRuntimeException: UNAVAILABLE: io exception
2025-09-07 09:46:42,258 [e6e13cb3-e32b-4d2d-874a-1e4700c67398@group-09A5C1734F32-LeaderElection249] INFO  impl.LeaderElection (LeaderElection.java:askForVotes(450)) - e6e13cb3-e32b-4d2d-874a-1e4700c67398@group-09A5C1734F32-LeaderElection249 PRE_VOTE round 0: result REJECTED
2025-09-07 09:46:42,258 [e6e13cb3-e32b-4d2d-874a-1e4700c67398@group-09A5C1734F32-LeaderElection249] INFO  server.RaftServer$Division (RaftServerImpl.java:setRole(392)) - e6e13cb3-e32b-4d2d-874a-1e4700c67398@group-09A5C1734F32: changes role from CANDIDATE to FOLLOWER at term 1 for REJECTED
2025-09-07 09:46:42,258 [e6e13cb3-e32b-4d2d-874a-1e4700c67398@group-09A5C1734F32-LeaderElection249] INFO  impl.RoleInfo (RoleInfo.java:shutdownLeaderElection(141)) - e6e13cb3-e32b-4d2d-874a-1e4700c67398: shutdown e6e13cb3-e32b-4d2d-874a-1e4700c67398@group-09A5C1734F32-LeaderElection249
2025-09-07 09:46:42,258 [e6e13cb3-e32b-4d2d-874a-1e4700c67398@group-09A5C1734F32-LeaderElection249] INFO  impl.RoleInfo (RoleInfo.java:updateAndGet(148)) - e6e13cb3-e32b-4d2d-874a-1e4700c67398: start e6e13cb3-e32b-4d2d-874a-1e4700c67398@group-09A5C1734F32-FollowerState
2025-09-07 09:46:42,874 [e6e13cb3-e32b-4d2d-874a-1e4700c67398@group-9E511D2458D0-FollowerState] INFO  impl.FollowerState (FollowerState.java:runImpl(161)) - e6e13cb3-e32b-4d2d-874a-1e4700c67398@group-9E511D2458D0-FollowerState: change to CANDIDATE, lastRpcElapsedTime:1196271654ns, electionTimeout:1196ms
2025-09-07 09:46:42,874 [e6e13cb3-e32b-4d2d-874a-1e4700c67398@group-9E511D2458D0-FollowerState] INFO  impl.RoleInfo (RoleInfo.java:shutdownFollowerState(121)) - e6e13cb3-e32b-4d2d-874a-1e4700c67398: shutdown e6e13cb3-e32b-4d2d-874a-1e4700c67398@group-9E511D2458D0-FollowerState
2025-09-07 09:46:42,874 [e6e13cb3-e32b-4d2d-874a-1e4700c67398@group-9E511D2458D0-FollowerState] INFO  server.RaftServer$Division (RaftServerImpl.java:setRole(392)) - e6e13cb3-e32b-4d2d-874a-1e4700c67398@group-9E511D2458D0: changes role from  FOLLOWER to CANDIDATE at term 1 for changeToCandidate
2025-09-07 09:46:42,874 [e6e13cb3-e32b-4d2d-874a-1e4700c67398@group-9E511D2458D0-FollowerState] INFO  impl.RoleInfo (RoleInfo.java:updateAndGet(148)) - e6e13cb3-e32b-4d2d-874a-1e4700c67398: start e6e13cb3-e32b-4d2d-874a-1e4700c67398@group-9E511D2458D0-LeaderElection250
2025-09-07 09:46:42,874 [e6e13cb3-e32b-4d2d-874a-1e4700c67398@group-9E511D2458D0-LeaderElection250] INFO  impl.LeaderElection (LeaderElection.java:askForVotes(448)) - e6e13cb3-e32b-4d2d-874a-1e4700c67398@group-9E511D2458D0-LeaderElection250 PRE_VOTE round 0: submit vote requests at term 1 for conf: {index: 0, cur=peers:[90a60b70-6b91-4fb2-a612-7ac0b6911dfc|127.0.0.1:15047, e6e13cb3-e32b-4d2d-874a-1e4700c67398|127.0.0.1:15055, 7c7182dc-ac7f-44a8-b1d4-5d10f99cbcf2|127.0.0.1:15039]|listeners:[], old=null}
2025-09-07 09:46:42,875 [e6e13cb3-e32b-4d2d-874a-1e4700c67398@group-9E511D2458D0-LeaderElection250] INFO  impl.LeaderElection (LogUtils.java:infoOrTrace(142)) - e6e13cb3-e32b-4d2d-874a-1e4700c67398@group-9E511D2458D0-LeaderElection250 got exception when requesting votes: java.util.concurrent.ExecutionException: org.apache.ratis.thirdparty.io.grpc.StatusRuntimeException: UNAVAILABLE: io exception
2025-09-07 09:46:42,875 [e6e13cb3-e32b-4d2d-874a-1e4700c67398@group-9E511D2458D0-LeaderElection250] INFO  impl.LeaderElection (LogUtils.java:infoOrTrace(142)) - e6e13cb3-e32b-4d2d-874a-1e4700c67398@group-9E511D2458D0-LeaderElection250 got exception when requesting votes: java.util.concurrent.ExecutionException: org.apache.ratis.thirdparty.io.grpc.StatusRuntimeException: UNAVAILABLE: io exception
2025-09-07 09:46:42,875 [e6e13cb3-e32b-4d2d-874a-1e4700c67398@group-9E511D2458D0-LeaderElection250] INFO  impl.LeaderElection (LeaderElection.java:logAndReturn(206)) - e6e13cb3-e32b-4d2d-874a-1e4700c67398@group-9E511D2458D0-LeaderElection250: PRE_VOTE REJECTED received 0 response(s) and 2 exception(s):
2025-09-07 09:46:42,875 [e6e13cb3-e32b-4d2d-874a-1e4700c67398@group-9E511D2458D0-LeaderElection250] INFO  impl.LeaderElection (LogUtils.java:infoOrTrace(142)) -   Exception 0: java.util.concurrent.ExecutionException: org.apache.ratis.thirdparty.io.grpc.StatusRuntimeException: UNAVAILABLE: io exception
2025-09-07 09:46:42,875 [e6e13cb3-e32b-4d2d-874a-1e4700c67398@group-9E511D2458D0-LeaderElection250] INFO  impl.LeaderElection (LogUtils.java:infoOrTrace(142)) -   Exception 1: java.util.concurrent.ExecutionException: org.apache.ratis.thirdparty.io.grpc.StatusRuntimeException: UNAVAILABLE: io exception
2025-09-07 09:46:42,875 [e6e13cb3-e32b-4d2d-874a-1e4700c67398@group-9E511D2458D0-LeaderElection250] INFO  impl.LeaderElection (LeaderElection.java:askForVotes(450)) - e6e13cb3-e32b-4d2d-874a-1e4700c67398@group-9E511D2458D0-LeaderElection250 PRE_VOTE round 0: result REJECTED
2025-09-07 09:46:42,875 [e6e13cb3-e32b-4d2d-874a-1e4700c67398@group-9E511D2458D0-LeaderElection250] INFO  server.RaftServer$Division (RaftServerImpl.java:setRole(392)) - e6e13cb3-e32b-4d2d-874a-1e4700c67398@group-9E511D2458D0: changes role from CANDIDATE to FOLLOWER at term 1 for REJECTED
2025-09-07 09:46:42,875 [e6e13cb3-e32b-4d2d-874a-1e4700c67398@group-9E511D2458D0-LeaderElection250] INFO  impl.RoleInfo (RoleInfo.java:shutdownLeaderElection(141)) - e6e13cb3-e32b-4d2d-874a-1e4700c67398: shutdown e6e13cb3-e32b-4d2d-874a-1e4700c67398@group-9E511D2458D0-LeaderElection250
2025-09-07 09:46:42,875 [e6e13cb3-e32b-4d2d-874a-1e4700c67398@group-9E511D2458D0-LeaderElection250] INFO  impl.RoleInfo (RoleInfo.java:updateAndGet(148)) - e6e13cb3-e32b-4d2d-874a-1e4700c67398: start e6e13cb3-e32b-4d2d-874a-1e4700c67398@group-9E511D2458D0-FollowerState
2025-09-07 09:46:43,380 [e6e13cb3-e32b-4d2d-874a-1e4700c67398@group-09A5C1734F32-FollowerState] INFO  impl.FollowerState (FollowerState.java:runImpl(161)) - e6e13cb3-e32b-4d2d-874a-1e4700c67398@group-09A5C1734F32-FollowerState: change to CANDIDATE, lastRpcElapsedTime:1121356959ns, electionTimeout:1121ms
2025-09-07 09:46:43,380 [e6e13cb3-e32b-4d2d-874a-1e4700c67398@group-09A5C1734F32-FollowerState] INFO  impl.RoleInfo (RoleInfo.java:shutdownFollowerState(121)) - e6e13cb3-e32b-4d2d-874a-1e4700c67398: shutdown e6e13cb3-e32b-4d2d-874a-1e4700c67398@group-09A5C1734F32-FollowerState
2025-09-07 09:46:43,380 [e6e13cb3-e32b-4d2d-874a-1e4700c67398@group-09A5C1734F32-FollowerState] INFO  server.RaftServer$Division (RaftServerImpl.java:setRole(392)) - e6e13cb3-e32b-4d2d-874a-1e4700c67398@group-09A5C1734F32: changes role from  FOLLOWER to CANDIDATE at term 1 for changeToCandidate
2025-09-07 09:46:43,380 [e6e13cb3-e32b-4d2d-874a-1e4700c67398@group-09A5C1734F32-FollowerState] INFO  impl.RoleInfo (RoleInfo.java:updateAndGet(148)) - e6e13cb3-e32b-4d2d-874a-1e4700c67398: start e6e13cb3-e32b-4d2d-874a-1e4700c67398@group-09A5C1734F32-LeaderElection251
2025-09-07 09:46:43,380 [e6e13cb3-e32b-4d2d-874a-1e4700c67398@group-09A5C1734F32-LeaderElection251] INFO  impl.LeaderElection (LeaderElection.java:askForVotes(448)) - e6e13cb3-e32b-4d2d-874a-1e4700c67398@group-09A5C1734F32-LeaderElection251 PRE_VOTE round 0: submit vote requests at term 1 for conf: {index: 0, cur=peers:[90a60b70-6b91-4fb2-a612-7ac0b6911dfc|127.0.0.1:15047, e6e13cb3-e32b-4d2d-874a-1e4700c67398|127.0.0.1:15055, 7c7182dc-ac7f-44a8-b1d4-5d10f99cbcf2|127.0.0.1:15039]|listeners:[], old=null}
2025-09-07 09:46:43,381 [e6e13cb3-e32b-4d2d-874a-1e4700c67398@group-09A5C1734F32-LeaderElection251] INFO  impl.LeaderElection (LogUtils.java:infoOrTrace(142)) - e6e13cb3-e32b-4d2d-874a-1e4700c67398@group-09A5C1734F32-LeaderElection251 got exception when requesting votes: java.util.concurrent.ExecutionException: org.apache.ratis.thirdparty.io.grpc.StatusRuntimeException: UNAVAILABLE: io exception
2025-09-07 09:46:43,381 [e6e13cb3-e32b-4d2d-874a-1e4700c67398@group-09A5C1734F32-LeaderElection251] INFO  impl.LeaderElection (LogUtils.java:infoOrTrace(142)) - e6e13cb3-e32b-4d2d-874a-1e4700c67398@group-09A5C1734F32-LeaderElection251 got exception when requesting votes: java.util.concurrent.ExecutionException: org.apache.ratis.thirdparty.io.grpc.StatusRuntimeException: UNAVAILABLE: io exception
2025-09-07 09:46:43,381 [e6e13cb3-e32b-4d2d-874a-1e4700c67398@group-09A5C1734F32-LeaderElection251] INFO  impl.LeaderElection (LeaderElection.java:logAndReturn(206)) - e6e13cb3-e32b-4d2d-874a-1e4700c67398@group-09A5C1734F32-LeaderElection251: PRE_VOTE REJECTED received 0 response(s) and 2 exception(s):
2025-09-07 09:46:43,381 [e6e13cb3-e32b-4d2d-874a-1e4700c67398@group-09A5C1734F32-LeaderElection251] INFO  impl.LeaderElection (LogUtils.java:infoOrTrace(142)) -   Exception 0: java.util.concurrent.ExecutionException: org.apache.ratis.thirdparty.io.grpc.StatusRuntimeException: UNAVAILABLE: io exception
2025-09-07 09:46:43,381 [e6e13cb3-e32b-4d2d-874a-1e4700c67398@group-09A5C1734F32-LeaderElection251] INFO  impl.LeaderElection (LogUtils.java:infoOrTrace(142)) -   Exception 1: java.util.concurrent.ExecutionException: org.apache.ratis.thirdparty.io.grpc.StatusRuntimeException: UNAVAILABLE: io exception
2025-09-07 09:46:43,381 [e6e13cb3-e32b-4d2d-874a-1e4700c67398@group-09A5C1734F32-LeaderElection251] INFO  impl.LeaderElection (LeaderElection.java:askForVotes(450)) - e6e13cb3-e32b-4d2d-874a-1e4700c67398@group-09A5C1734F32-LeaderElection251 PRE_VOTE round 0: result REJECTED
2025-09-07 09:46:43,381 [e6e13cb3-e32b-4d2d-874a-1e4700c67398@group-09A5C1734F32-LeaderElection251] INFO  server.RaftServer$Division (RaftServerImpl.java:setRole(392)) - e6e13cb3-e32b-4d2d-874a-1e4700c67398@group-09A5C1734F32: changes role from CANDIDATE to FOLLOWER at term 1 for REJECTED
2025-09-07 09:46:43,381 [e6e13cb3-e32b-4d2d-874a-1e4700c67398@group-09A5C1734F32-LeaderElection251] INFO  impl.RoleInfo (RoleInfo.java:shutdownLeaderElection(141)) - e6e13cb3-e32b-4d2d-874a-1e4700c67398: shutdown e6e13cb3-e32b-4d2d-874a-1e4700c67398@group-09A5C1734F32-LeaderElection251
2025-09-07 09:46:43,381 [e6e13cb3-e32b-4d2d-874a-1e4700c67398@group-09A5C1734F32-LeaderElection251] INFO  impl.RoleInfo (RoleInfo.java:updateAndGet(148)) - e6e13cb3-e32b-4d2d-874a-1e4700c67398: start e6e13cb3-e32b-4d2d-874a-1e4700c67398@group-09A5C1734F32-FollowerState
2025-09-07 09:46:44,052 [e6e13cb3-e32b-4d2d-874a-1e4700c67398@group-9E511D2458D0-FollowerState] INFO  impl.FollowerState (FollowerState.java:runImpl(161)) - e6e13cb3-e32b-4d2d-874a-1e4700c67398@group-9E511D2458D0-FollowerState: change to CANDIDATE, lastRpcElapsedTime:1177266769ns, electionTimeout:1177ms
2025-09-07 09:46:44,052 [e6e13cb3-e32b-4d2d-874a-1e4700c67398@group-9E511D2458D0-FollowerState] INFO  impl.RoleInfo (RoleInfo.java:shutdownFollowerState(121)) - e6e13cb3-e32b-4d2d-874a-1e4700c67398: shutdown e6e13cb3-e32b-4d2d-874a-1e4700c67398@group-9E511D2458D0-FollowerState
2025-09-07 09:46:44,052 [e6e13cb3-e32b-4d2d-874a-1e4700c67398@group-9E511D2458D0-FollowerState] INFO  server.RaftServer$Division (RaftServerImpl.java:setRole(392)) - e6e13cb3-e32b-4d2d-874a-1e4700c67398@group-9E511D2458D0: changes role from  FOLLOWER to CANDIDATE at term 1 for changeToCandidate
2025-09-07 09:46:44,053 [e6e13cb3-e32b-4d2d-874a-1e4700c67398@group-9E511D2458D0-FollowerState] INFO  impl.RoleInfo (RoleInfo.java:updateAndGet(148)) - e6e13cb3-e32b-4d2d-874a-1e4700c67398: start e6e13cb3-e32b-4d2d-874a-1e4700c67398@group-9E511D2458D0-LeaderElection252
2025-09-07 09:46:44,053 [e6e13cb3-e32b-4d2d-874a-1e4700c67398@group-9E511D2458D0-LeaderElection252] INFO  impl.LeaderElection (LeaderElection.java:askForVotes(448)) - e6e13cb3-e32b-4d2d-874a-1e4700c67398@group-9E511D2458D0-LeaderElection252 PRE_VOTE round 0: submit vote requests at term 1 for conf: {index: 0, cur=peers:[90a60b70-6b91-4fb2-a612-7ac0b6911dfc|127.0.0.1:15047, e6e13cb3-e32b-4d2d-874a-1e4700c67398|127.0.0.1:15055, 7c7182dc-ac7f-44a8-b1d4-5d10f99cbcf2|127.0.0.1:15039]|listeners:[], old=null}
2025-09-07 09:46:44,053 [e6e13cb3-e32b-4d2d-874a-1e4700c67398@group-9E511D2458D0-LeaderElection252] INFO  impl.LeaderElection (LogUtils.java:infoOrTrace(142)) - e6e13cb3-e32b-4d2d-874a-1e4700c67398@group-9E511D2458D0-LeaderElection252 got exception when requesting votes: java.util.concurrent.ExecutionException: org.apache.ratis.thirdparty.io.grpc.StatusRuntimeException: UNAVAILABLE: io exception
2025-09-07 09:46:44,053 [e6e13cb3-e32b-4d2d-874a-1e4700c67398@group-9E511D2458D0-LeaderElection252] INFO  impl.LeaderElection (LogUtils.java:infoOrTrace(142)) - e6e13cb3-e32b-4d2d-874a-1e4700c67398@group-9E511D2458D0-LeaderElection252 got exception when requesting votes: java.util.concurrent.ExecutionException: org.apache.ratis.thirdparty.io.grpc.StatusRuntimeException: UNAVAILABLE: io exception
2025-09-07 09:46:44,053 [e6e13cb3-e32b-4d2d-874a-1e4700c67398@group-9E511D2458D0-LeaderElection252] INFO  impl.LeaderElection (LeaderElection.java:logAndReturn(206)) - e6e13cb3-e32b-4d2d-874a-1e4700c67398@group-9E511D2458D0-LeaderElection252: PRE_VOTE REJECTED received 0 response(s) and 2 exception(s):
2025-09-07 09:46:44,054 [e6e13cb3-e32b-4d2d-874a-1e4700c67398@group-9E511D2458D0-LeaderElection252] INFO  impl.LeaderElection (LogUtils.java:infoOrTrace(142)) -   Exception 0: java.util.concurrent.ExecutionException: org.apache.ratis.thirdparty.io.grpc.StatusRuntimeException: UNAVAILABLE: io exception
2025-09-07 09:46:44,054 [e6e13cb3-e32b-4d2d-874a-1e4700c67398@group-9E511D2458D0-LeaderElection252] INFO  impl.LeaderElection (LogUtils.java:infoOrTrace(142)) -   Exception 1: java.util.concurrent.ExecutionException: org.apache.ratis.thirdparty.io.grpc.StatusRuntimeException: UNAVAILABLE: io exception
2025-09-07 09:46:44,054 [e6e13cb3-e32b-4d2d-874a-1e4700c67398@group-9E511D2458D0-LeaderElection252] INFO  impl.LeaderElection (LeaderElection.java:askForVotes(450)) - e6e13cb3-e32b-4d2d-874a-1e4700c67398@group-9E511D2458D0-LeaderElection252 PRE_VOTE round 0: result REJECTED
2025-09-07 09:46:44,054 [e6e13cb3-e32b-4d2d-874a-1e4700c67398@group-9E511D2458D0-LeaderElection252] INFO  server.RaftServer$Division (RaftServerImpl.java:setRole(392)) - e6e13cb3-e32b-4d2d-874a-1e4700c67398@group-9E511D2458D0: changes role from CANDIDATE to FOLLOWER at term 1 for REJECTED
2025-09-07 09:46:44,054 [e6e13cb3-e32b-4d2d-874a-1e4700c67398@group-9E511D2458D0-LeaderElection252] INFO  impl.RoleInfo (RoleInfo.java:shutdownLeaderElection(141)) - e6e13cb3-e32b-4d2d-874a-1e4700c67398: shutdown e6e13cb3-e32b-4d2d-874a-1e4700c67398@group-9E511D2458D0-LeaderElection252
2025-09-07 09:46:44,054 [e6e13cb3-e32b-4d2d-874a-1e4700c67398@group-9E511D2458D0-LeaderElection252] INFO  impl.RoleInfo (RoleInfo.java:updateAndGet(148)) - e6e13cb3-e32b-4d2d-874a-1e4700c67398: start e6e13cb3-e32b-4d2d-874a-1e4700c67398@group-9E511D2458D0-FollowerState
2025-09-07 09:46:44,457 [e6e13cb3-e32b-4d2d-874a-1e4700c67398@group-09A5C1734F32-FollowerState] INFO  impl.FollowerState (FollowerState.java:runImpl(161)) - e6e13cb3-e32b-4d2d-874a-1e4700c67398@group-09A5C1734F32-FollowerState: change to CANDIDATE, lastRpcElapsedTime:1076271819ns, electionTimeout:1076ms
2025-09-07 09:46:44,457 [e6e13cb3-e32b-4d2d-874a-1e4700c67398@group-09A5C1734F32-FollowerState] INFO  impl.RoleInfo (RoleInfo.java:shutdownFollowerState(121)) - e6e13cb3-e32b-4d2d-874a-1e4700c67398: shutdown e6e13cb3-e32b-4d2d-874a-1e4700c67398@group-09A5C1734F32-FollowerState
2025-09-07 09:46:44,457 [e6e13cb3-e32b-4d2d-874a-1e4700c67398@group-09A5C1734F32-FollowerState] INFO  server.RaftServer$Division (RaftServerImpl.java:setRole(392)) - e6e13cb3-e32b-4d2d-874a-1e4700c67398@group-09A5C1734F32: changes role from  FOLLOWER to CANDIDATE at term 1 for changeToCandidate
2025-09-07 09:46:44,458 [e6e13cb3-e32b-4d2d-874a-1e4700c67398@group-09A5C1734F32-FollowerState] INFO  impl.RoleInfo (RoleInfo.java:updateAndGet(148)) - e6e13cb3-e32b-4d2d-874a-1e4700c67398: start e6e13cb3-e32b-4d2d-874a-1e4700c67398@group-09A5C1734F32-LeaderElection253
2025-09-07 09:46:44,458 [e6e13cb3-e32b-4d2d-874a-1e4700c67398@group-09A5C1734F32-LeaderElection253] INFO  impl.LeaderElection (LeaderElection.java:askForVotes(448)) - e6e13cb3-e32b-4d2d-874a-1e4700c67398@group-09A5C1734F32-LeaderElection253 PRE_VOTE round 0: submit vote requests at term 1 for conf: {index: 0, cur=peers:[90a60b70-6b91-4fb2-a612-7ac0b6911dfc|127.0.0.1:15047, e6e13cb3-e32b-4d2d-874a-1e4700c67398|127.0.0.1:15055, 7c7182dc-ac7f-44a8-b1d4-5d10f99cbcf2|127.0.0.1:15039]|listeners:[], old=null}
2025-09-07 09:46:44,458 [e6e13cb3-e32b-4d2d-874a-1e4700c67398@group-09A5C1734F32-LeaderElection253] INFO  impl.LeaderElection (LogUtils.java:infoOrTrace(142)) - e6e13cb3-e32b-4d2d-874a-1e4700c67398@group-09A5C1734F32-LeaderElection253 got exception when requesting votes: java.util.concurrent.ExecutionException: org.apache.ratis.thirdparty.io.grpc.StatusRuntimeException: UNAVAILABLE: io exception
2025-09-07 09:46:44,458 [e6e13cb3-e32b-4d2d-874a-1e4700c67398@group-09A5C1734F32-LeaderElection253] INFO  impl.LeaderElection (LogUtils.java:infoOrTrace(142)) - e6e13cb3-e32b-4d2d-874a-1e4700c67398@group-09A5C1734F32-LeaderElection253 got exception when requesting votes: java.util.concurrent.ExecutionException: org.apache.ratis.thirdparty.io.grpc.StatusRuntimeException: UNAVAILABLE: io exception
2025-09-07 09:46:44,458 [e6e13cb3-e32b-4d2d-874a-1e4700c67398@group-09A5C1734F32-LeaderElection253] INFO  impl.LeaderElection (LeaderElection.java:logAndReturn(206)) - e6e13cb3-e32b-4d2d-874a-1e4700c67398@group-09A5C1734F32-LeaderElection253: PRE_VOTE REJECTED received 0 response(s) and 2 exception(s):
2025-09-07 09:46:44,459 [e6e13cb3-e32b-4d2d-874a-1e4700c67398@group-09A5C1734F32-LeaderElection253] INFO  impl.LeaderElection (LogUtils.java:infoOrTrace(142)) -   Exception 0: java.util.concurrent.ExecutionException: org.apache.ratis.thirdparty.io.grpc.StatusRuntimeException: UNAVAILABLE: io exception
2025-09-07 09:46:44,459 [e6e13cb3-e32b-4d2d-874a-1e4700c67398@group-09A5C1734F32-LeaderElection253] INFO  impl.LeaderElection (LogUtils.java:infoOrTrace(142)) -   Exception 1: java.util.concurrent.ExecutionException: org.apache.ratis.thirdparty.io.grpc.StatusRuntimeException: UNAVAILABLE: io exception
2025-09-07 09:46:44,459 [e6e13cb3-e32b-4d2d-874a-1e4700c67398@group-09A5C1734F32-LeaderElection253] INFO  impl.LeaderElection (LeaderElection.java:askForVotes(450)) - e6e13cb3-e32b-4d2d-874a-1e4700c67398@group-09A5C1734F32-LeaderElection253 PRE_VOTE round 0: result REJECTED
2025-09-07 09:46:44,459 [e6e13cb3-e32b-4d2d-874a-1e4700c67398@group-09A5C1734F32-LeaderElection253] INFO  server.RaftServer$Division (RaftServerImpl.java:setRole(392)) - e6e13cb3-e32b-4d2d-874a-1e4700c67398@group-09A5C1734F32: changes role from CANDIDATE to FOLLOWER at term 1 for REJECTED
2025-09-07 09:46:44,459 [e6e13cb3-e32b-4d2d-874a-1e4700c67398@group-09A5C1734F32-LeaderElection253] INFO  impl.RoleInfo (RoleInfo.java:shutdownLeaderElection(141)) - e6e13cb3-e32b-4d2d-874a-1e4700c67398: shutdown e6e13cb3-e32b-4d2d-874a-1e4700c67398@group-09A5C1734F32-LeaderElection253
2025-09-07 09:46:44,459 [e6e13cb3-e32b-4d2d-874a-1e4700c67398@group-09A5C1734F32-LeaderElection253] INFO  impl.RoleInfo (RoleInfo.java:updateAndGet(148)) - e6e13cb3-e32b-4d2d-874a-1e4700c67398: start e6e13cb3-e32b-4d2d-874a-1e4700c67398@group-09A5C1734F32-FollowerState
2025-09-07 09:46:44,996 [grpc-default-executor-2] ERROR impl.OrderedAsync (OrderedAsync.java:lambda$null$6(215)) -  client-31430F4BE28C: Failed* RaftClientRequest:client-31430F4BE28C->7c7182dc-ac7f-44a8-b1d4-5d10f99cbcf2@group-9E511D2458D0, cid=57, seq=1*, Watch(0), null
java.util.concurrent.CompletionException: java.io.IOException: org.apache.ratis.thirdparty.io.grpc.StatusRuntimeException: UNAVAILABLE: io exception
	at java.base/java.util.concurrent.CompletableFuture.encodeThrowable(CompletableFuture.java:332)
	at java.base/java.util.concurrent.CompletableFuture.completeThrowable(CompletableFuture.java:347)
	at java.base/java.util.concurrent.CompletableFuture$UniAccept.tryFire(CompletableFuture.java:708)
	at java.base/java.util.concurrent.CompletableFuture.postComplete(CompletableFuture.java:510)
	at java.base/java.util.concurrent.CompletableFuture.completeExceptionally(CompletableFuture.java:2194)
	at org.apache.ratis.grpc.client.GrpcClientProtocolClient$AsyncStreamObservers.completeReplyExceptionally(GrpcClientProtocolClient.java:397)
	at org.apache.ratis.grpc.client.GrpcClientProtocolClient$AsyncStreamObservers.access$000(GrpcClientProtocolClient.java:303)
	at org.apache.ratis.grpc.client.GrpcClientProtocolClient$AsyncStreamObservers$1.onError(GrpcClientProtocolClient.java:334)
	at org.apache.ratis.thirdparty.io.grpc.stub.ClientCalls$StreamObserverToCallListenerAdapter.onClose(ClientCalls.java:564)
	at org.apache.ratis.thirdparty.io.grpc.PartialForwardingClientCallListener.onClose(PartialForwardingClientCallListener.java:39)
	at org.apache.ratis.thirdparty.io.grpc.ForwardingClientCallListener.onClose(ForwardingClientCallListener.java:23)
	at org.apache.ratis.grpc.metrics.intercept.client.MetricClientCallListener.onClose(MetricClientCallListener.java:47)
	at org.apache.ratis.thirdparty.io.grpc.internal.ClientCallImpl.closeObserver(ClientCallImpl.java:565)
	at org.apache.ratis.thirdparty.io.grpc.internal.ClientCallImpl.access$100(ClientCallImpl.java:72)
	at org.apache.ratis.thirdparty.io.grpc.internal.ClientCallImpl$ClientStreamListenerImpl$1StreamClosed.runInternal(ClientCallImpl.java:733)
	at org.apache.ratis.thirdparty.io.grpc.internal.ClientCallImpl$ClientStreamListenerImpl$1StreamClosed.runInContext(ClientCallImpl.java:714)
	at org.apache.ratis.thirdparty.io.grpc.internal.ContextRunnable.run(ContextRunnable.java:37)
	at org.apache.ratis.thirdparty.io.grpc.internal.SerializingExecutor.run(SerializingExecutor.java:133)
	at java.base/java.util.concurrent.ThreadPoolExecutor.runWorker(ThreadPoolExecutor.java:1144)
	at java.base/java.util.concurrent.ThreadPoolExecutor$Worker.run(ThreadPoolExecutor.java:642)
	at java.base/java.lang.Thread.run(Thread.java:1583)
Caused by: java.io.IOException: org.apache.ratis.thirdparty.io.grpc.StatusRuntimeException: UNAVAILABLE: io exception
	at org.apache.ratis.grpc.GrpcUtil.unwrapException(GrpcUtil.java:99)
	at org.apache.ratis.grpc.GrpcUtil.unwrapIOException(GrpcUtil.java:159)
	at org.apache.ratis.grpc.client.GrpcClientProtocolClient$AsyncStreamObservers$1.onError(GrpcClientProtocolClient.java:333)
	... 13 more
Caused by: org.apache.ratis.thirdparty.io.grpc.StatusRuntimeException: UNAVAILABLE: io exception
	at org.apache.ratis.thirdparty.io.grpc.Status.asRuntimeException(Status.java:532)
	... 13 more
Caused by: org.apache.ratis.thirdparty.io.netty.channel.AbstractChannel$AnnotatedConnectException: finishConnect(..) failed: Connection refused: /127.0.0.1:15037
Caused by: java.net.ConnectException: finishConnect(..) failed: Connection refused
	at org.apache.ratis.thirdparty.io.netty.channel.unix.Errors.newConnectException0(Errors.java:166)
	at org.apache.ratis.thirdparty.io.netty.channel.unix.Errors.handleConnectErrno(Errors.java:131)
	at org.apache.ratis.thirdparty.io.netty.channel.unix.Socket.finishConnect(Socket.java:359)
	at org.apache.ratis.thirdparty.io.netty.channel.epoll.AbstractEpollChannel$AbstractEpollUnsafe.doFinishConnect(AbstractEpollChannel.java:715)
	at org.apache.ratis.thirdparty.io.netty.channel.epoll.AbstractEpollChannel$AbstractEpollUnsafe.finishConnect(AbstractEpollChannel.java:692)
	at org.apache.ratis.thirdparty.io.netty.channel.epoll.AbstractEpollChannel$AbstractEpollUnsafe.epollOutReady(AbstractEpollChannel.java:567)
	at org.apache.ratis.thirdparty.io.netty.channel.epoll.EpollEventLoop.processReady(EpollEventLoop.java:491)
	at org.apache.ratis.thirdparty.io.netty.channel.epoll.EpollEventLoop.run(EpollEventLoop.java:399)
	at org.apache.ratis.thirdparty.io.netty.util.concurrent.SingleThreadEventExecutor$4.run(SingleThreadEventExecutor.java:998)
	at org.apache.ratis.thirdparty.io.netty.util.internal.ThreadExecutorMap$2.run(ThreadExecutorMap.java:74)
	at org.apache.ratis.thirdparty.io.netty.util.concurrent.FastThreadLocalRunnable.run(FastThreadLocalRunnable.java:30)
	at java.base/java.lang.Thread.run(Thread.java:1583)
2025-09-07 09:46:45,175 [e6e13cb3-e32b-4d2d-874a-1e4700c67398@group-9E511D2458D0-FollowerState] INFO  impl.FollowerState (FollowerState.java:runImpl(161)) - e6e13cb3-e32b-4d2d-874a-1e4700c67398@group-9E511D2458D0-FollowerState: change to CANDIDATE, lastRpcElapsedTime:1121302388ns, electionTimeout:1121ms
2025-09-07 09:46:45,175 [e6e13cb3-e32b-4d2d-874a-1e4700c67398@group-9E511D2458D0-FollowerState] INFO  impl.RoleInfo (RoleInfo.java:shutdownFollowerState(121)) - e6e13cb3-e32b-4d2d-874a-1e4700c67398: shutdown e6e13cb3-e32b-4d2d-874a-1e4700c67398@group-9E511D2458D0-FollowerState
2025-09-07 09:46:45,175 [e6e13cb3-e32b-4d2d-874a-1e4700c67398@group-9E511D2458D0-FollowerState] INFO  server.RaftServer$Division (RaftServerImpl.java:setRole(392)) - e6e13cb3-e32b-4d2d-874a-1e4700c67398@group-9E511D2458D0: changes role from  FOLLOWER to CANDIDATE at term 1 for changeToCandidate
2025-09-07 09:46:45,175 [e6e13cb3-e32b-4d2d-874a-1e4700c67398@group-9E511D2458D0-FollowerState] INFO  impl.RoleInfo (RoleInfo.java:updateAndGet(148)) - e6e13cb3-e32b-4d2d-874a-1e4700c67398: start e6e13cb3-e32b-4d2d-874a-1e4700c67398@group-9E511D2458D0-LeaderElection254
2025-09-07 09:46:45,176 [e6e13cb3-e32b-4d2d-874a-1e4700c67398@group-9E511D2458D0-LeaderElection254] INFO  impl.LeaderElection (LeaderElection.java:askForVotes(448)) - e6e13cb3-e32b-4d2d-874a-1e4700c67398@group-9E511D2458D0-LeaderElection254 PRE_VOTE round 0: submit vote requests at term 1 for conf: {index: 0, cur=peers:[90a60b70-6b91-4fb2-a612-7ac0b6911dfc|127.0.0.1:15047, e6e13cb3-e32b-4d2d-874a-1e4700c67398|127.0.0.1:15055, 7c7182dc-ac7f-44a8-b1d4-5d10f99cbcf2|127.0.0.1:15039]|listeners:[], old=null}
2025-09-07 09:46:45,176 [e6e13cb3-e32b-4d2d-874a-1e4700c67398@group-9E511D2458D0-LeaderElection254] INFO  impl.LeaderElection (LogUtils.java:infoOrTrace(142)) - e6e13cb3-e32b-4d2d-874a-1e4700c67398@group-9E511D2458D0-LeaderElection254 got exception when requesting votes: java.util.concurrent.ExecutionException: org.apache.ratis.thirdparty.io.grpc.StatusRuntimeException: UNAVAILABLE: io exception
2025-09-07 09:46:45,176 [e6e13cb3-e32b-4d2d-874a-1e4700c67398@group-9E511D2458D0-LeaderElection254] INFO  impl.LeaderElection (LogUtils.java:infoOrTrace(142)) - e6e13cb3-e32b-4d2d-874a-1e4700c67398@group-9E511D2458D0-LeaderElection254 got exception when requesting votes: java.util.concurrent.ExecutionException: org.apache.ratis.thirdparty.io.grpc.StatusRuntimeException: UNAVAILABLE: io exception
2025-09-07 09:46:45,176 [e6e13cb3-e32b-4d2d-874a-1e4700c67398@group-9E511D2458D0-LeaderElection254] INFO  impl.LeaderElection (LeaderElection.java:logAndReturn(206)) - e6e13cb3-e32b-4d2d-874a-1e4700c67398@group-9E511D2458D0-LeaderElection254: PRE_VOTE REJECTED received 0 response(s) and 2 exception(s):
2025-09-07 09:46:45,176 [e6e13cb3-e32b-4d2d-874a-1e4700c67398@group-9E511D2458D0-LeaderElection254] INFO  impl.LeaderElection (LogUtils.java:infoOrTrace(142)) -   Exception 0: java.util.concurrent.ExecutionException: org.apache.ratis.thirdparty.io.grpc.StatusRuntimeException: UNAVAILABLE: io exception
2025-09-07 09:46:45,176 [e6e13cb3-e32b-4d2d-874a-1e4700c67398@group-9E511D2458D0-LeaderElection254] INFO  impl.LeaderElection (LogUtils.java:infoOrTrace(142)) -   Exception 1: java.util.concurrent.ExecutionException: org.apache.ratis.thirdparty.io.grpc.StatusRuntimeException: UNAVAILABLE: io exception
2025-09-07 09:46:45,176 [e6e13cb3-e32b-4d2d-874a-1e4700c67398@group-9E511D2458D0-LeaderElection254] INFO  impl.LeaderElection (LeaderElection.java:askForVotes(450)) - e6e13cb3-e32b-4d2d-874a-1e4700c67398@group-9E511D2458D0-LeaderElection254 PRE_VOTE round 0: result REJECTED
2025-09-07 09:46:45,176 [e6e13cb3-e32b-4d2d-874a-1e4700c67398@group-9E511D2458D0-LeaderElection254] INFO  server.RaftServer$Division (RaftServerImpl.java:setRole(392)) - e6e13cb3-e32b-4d2d-874a-1e4700c67398@group-9E511D2458D0: changes role from CANDIDATE to FOLLOWER at term 1 for REJECTED
2025-09-07 09:46:45,177 [e6e13cb3-e32b-4d2d-874a-1e4700c67398@group-9E511D2458D0-LeaderElection254] INFO  impl.RoleInfo (RoleInfo.java:shutdownLeaderElection(141)) - e6e13cb3-e32b-4d2d-874a-1e4700c67398: shutdown e6e13cb3-e32b-4d2d-874a-1e4700c67398@group-9E511D2458D0-LeaderElection254
2025-09-07 09:46:45,177 [e6e13cb3-e32b-4d2d-874a-1e4700c67398@group-9E511D2458D0-LeaderElection254] INFO  impl.RoleInfo (RoleInfo.java:updateAndGet(148)) - e6e13cb3-e32b-4d2d-874a-1e4700c67398: start e6e13cb3-e32b-4d2d-874a-1e4700c67398@group-9E511D2458D0-FollowerState
2025-09-07 09:46:45,557 [e6e13cb3-e32b-4d2d-874a-1e4700c67398@group-09A5C1734F32-FollowerState] INFO  impl.FollowerState (FollowerState.java:runImpl(161)) - e6e13cb3-e32b-4d2d-874a-1e4700c67398@group-09A5C1734F32-FollowerState: change to CANDIDATE, lastRpcElapsedTime:1098275262ns, electionTimeout:1098ms
2025-09-07 09:46:45,557 [e6e13cb3-e32b-4d2d-874a-1e4700c67398@group-09A5C1734F32-FollowerState] INFO  impl.RoleInfo (RoleInfo.java:shutdownFollowerState(121)) - e6e13cb3-e32b-4d2d-874a-1e4700c67398: shutdown e6e13cb3-e32b-4d2d-874a-1e4700c67398@group-09A5C1734F32-FollowerState
2025-09-07 09:46:45,557 [e6e13cb3-e32b-4d2d-874a-1e4700c67398@group-09A5C1734F32-FollowerState] INFO  server.RaftServer$Division (RaftServerImpl.java:setRole(392)) - e6e13cb3-e32b-4d2d-874a-1e4700c67398@group-09A5C1734F32: changes role from  FOLLOWER to CANDIDATE at term 1 for changeToCandidate
2025-09-07 09:46:45,557 [e6e13cb3-e32b-4d2d-874a-1e4700c67398@group-09A5C1734F32-FollowerState] INFO  impl.RoleInfo (RoleInfo.java:updateAndGet(148)) - e6e13cb3-e32b-4d2d-874a-1e4700c67398: start e6e13cb3-e32b-4d2d-874a-1e4700c67398@group-09A5C1734F32-LeaderElection255
2025-09-07 09:46:45,558 [e6e13cb3-e32b-4d2d-874a-1e4700c67398@group-09A5C1734F32-LeaderElection255] INFO  impl.LeaderElection (LeaderElection.java:askForVotes(448)) - e6e13cb3-e32b-4d2d-874a-1e4700c67398@group-09A5C1734F32-LeaderElection255 PRE_VOTE round 0: submit vote requests at term 1 for conf: {index: 0, cur=peers:[90a60b70-6b91-4fb2-a612-7ac0b6911dfc|127.0.0.1:15047, e6e13cb3-e32b-4d2d-874a-1e4700c67398|127.0.0.1:15055, 7c7182dc-ac7f-44a8-b1d4-5d10f99cbcf2|127.0.0.1:15039]|listeners:[], old=null}
2025-09-07 09:46:45,558 [e6e13cb3-e32b-4d2d-874a-1e4700c67398@group-09A5C1734F32-LeaderElection255] INFO  impl.LeaderElection (LogUtils.java:infoOrTrace(142)) - e6e13cb3-e32b-4d2d-874a-1e4700c67398@group-09A5C1734F32-LeaderElection255 got exception when requesting votes: java.util.concurrent.ExecutionException: org.apache.ratis.thirdparty.io.grpc.StatusRuntimeException: UNAVAILABLE: io exception
2025-09-07 09:46:45,558 [e6e13cb3-e32b-4d2d-874a-1e4700c67398@group-09A5C1734F32-LeaderElection255] INFO  impl.LeaderElection (LogUtils.java:infoOrTrace(142)) - e6e13cb3-e32b-4d2d-874a-1e4700c67398@group-09A5C1734F32-LeaderElection255 got exception when requesting votes: java.util.concurrent.ExecutionException: org.apache.ratis.thirdparty.io.grpc.StatusRuntimeException: UNAVAILABLE: io exception
2025-09-07 09:46:45,558 [e6e13cb3-e32b-4d2d-874a-1e4700c67398@group-09A5C1734F32-LeaderElection255] INFO  impl.LeaderElection (LeaderElection.java:logAndReturn(206)) - e6e13cb3-e32b-4d2d-874a-1e4700c67398@group-09A5C1734F32-LeaderElection255: PRE_VOTE REJECTED received 0 response(s) and 2 exception(s):
2025-09-07 09:46:45,558 [e6e13cb3-e32b-4d2d-874a-1e4700c67398@group-09A5C1734F32-LeaderElection255] INFO  impl.LeaderElection (LogUtils.java:infoOrTrace(142)) -   Exception 0: java.util.concurrent.ExecutionException: org.apache.ratis.thirdparty.io.grpc.StatusRuntimeException: UNAVAILABLE: io exception
2025-09-07 09:46:45,558 [e6e13cb3-e32b-4d2d-874a-1e4700c67398@group-09A5C1734F32-LeaderElection255] INFO  impl.LeaderElection (LogUtils.java:infoOrTrace(142)) -   Exception 1: java.util.concurrent.ExecutionException: org.apache.ratis.thirdparty.io.grpc.StatusRuntimeException: UNAVAILABLE: io exception
2025-09-07 09:46:45,558 [e6e13cb3-e32b-4d2d-874a-1e4700c67398@group-09A5C1734F32-LeaderElection255] INFO  impl.LeaderElection (LeaderElection.java:askForVotes(450)) - e6e13cb3-e32b-4d2d-874a-1e4700c67398@group-09A5C1734F32-LeaderElection255 PRE_VOTE round 0: result REJECTED
2025-09-07 09:46:45,558 [e6e13cb3-e32b-4d2d-874a-1e4700c67398@group-09A5C1734F32-LeaderElection255] INFO  server.RaftServer$Division (RaftServerImpl.java:setRole(392)) - e6e13cb3-e32b-4d2d-874a-1e4700c67398@group-09A5C1734F32: changes role from CANDIDATE to FOLLOWER at term 1 for REJECTED
2025-09-07 09:46:45,558 [e6e13cb3-e32b-4d2d-874a-1e4700c67398@group-09A5C1734F32-LeaderElection255] INFO  impl.RoleInfo (RoleInfo.java:shutdownLeaderElection(141)) - e6e13cb3-e32b-4d2d-874a-1e4700c67398: shutdown e6e13cb3-e32b-4d2d-874a-1e4700c67398@group-09A5C1734F32-LeaderElection255
2025-09-07 09:46:45,559 [e6e13cb3-e32b-4d2d-874a-1e4700c67398@group-09A5C1734F32-LeaderElection255] INFO  impl.RoleInfo (RoleInfo.java:updateAndGet(148)) - e6e13cb3-e32b-4d2d-874a-1e4700c67398: start e6e13cb3-e32b-4d2d-874a-1e4700c67398@group-09A5C1734F32-FollowerState
2025-09-07 09:46:46,261 [e6e13cb3-e32b-4d2d-874a-1e4700c67398@group-9E511D2458D0-FollowerState] INFO  impl.FollowerState (FollowerState.java:runImpl(161)) - e6e13cb3-e32b-4d2d-874a-1e4700c67398@group-9E511D2458D0-FollowerState: change to CANDIDATE, lastRpcElapsedTime:1084289600ns, electionTimeout:1084ms
2025-09-07 09:46:46,261 [e6e13cb3-e32b-4d2d-874a-1e4700c67398@group-9E511D2458D0-FollowerState] INFO  impl.RoleInfo (RoleInfo.java:shutdownFollowerState(121)) - e6e13cb3-e32b-4d2d-874a-1e4700c67398: shutdown e6e13cb3-e32b-4d2d-874a-1e4700c67398@group-9E511D2458D0-FollowerState
2025-09-07 09:46:46,261 [e6e13cb3-e32b-4d2d-874a-1e4700c67398@group-9E511D2458D0-FollowerState] INFO  server.RaftServer$Division (RaftServerImpl.java:setRole(392)) - e6e13cb3-e32b-4d2d-874a-1e4700c67398@group-9E511D2458D0: changes role from  FOLLOWER to CANDIDATE at term 1 for changeToCandidate
2025-09-07 09:46:46,261 [e6e13cb3-e32b-4d2d-874a-1e4700c67398@group-9E511D2458D0-FollowerState] INFO  impl.RoleInfo (RoleInfo.java:updateAndGet(148)) - e6e13cb3-e32b-4d2d-874a-1e4700c67398: start e6e13cb3-e32b-4d2d-874a-1e4700c67398@group-9E511D2458D0-LeaderElection256
2025-09-07 09:46:46,262 [e6e13cb3-e32b-4d2d-874a-1e4700c67398@group-9E511D2458D0-LeaderElection256] INFO  impl.LeaderElection (LeaderElection.java:askForVotes(448)) - e6e13cb3-e32b-4d2d-874a-1e4700c67398@group-9E511D2458D0-LeaderElection256 PRE_VOTE round 0: submit vote requests at term 1 for conf: {index: 0, cur=peers:[90a60b70-6b91-4fb2-a612-7ac0b6911dfc|127.0.0.1:15047, e6e13cb3-e32b-4d2d-874a-1e4700c67398|127.0.0.1:15055, 7c7182dc-ac7f-44a8-b1d4-5d10f99cbcf2|127.0.0.1:15039]|listeners:[], old=null}
2025-09-07 09:46:46,262 [e6e13cb3-e32b-4d2d-874a-1e4700c67398@group-9E511D2458D0-LeaderElection256] INFO  impl.LeaderElection (LogUtils.java:infoOrTrace(142)) - e6e13cb3-e32b-4d2d-874a-1e4700c67398@group-9E511D2458D0-LeaderElection256 got exception when requesting votes: java.util.concurrent.ExecutionException: org.apache.ratis.thirdparty.io.grpc.StatusRuntimeException: UNAVAILABLE: io exception
2025-09-07 09:46:46,262 [e6e13cb3-e32b-4d2d-874a-1e4700c67398@group-9E511D2458D0-LeaderElection256] INFO  impl.LeaderElection (LogUtils.java:infoOrTrace(142)) - e6e13cb3-e32b-4d2d-874a-1e4700c67398@group-9E511D2458D0-LeaderElection256 got exception when requesting votes: java.util.concurrent.ExecutionException: org.apache.ratis.thirdparty.io.grpc.StatusRuntimeException: UNAVAILABLE: io exception
2025-09-07 09:46:46,262 [e6e13cb3-e32b-4d2d-874a-1e4700c67398@group-9E511D2458D0-LeaderElection256] INFO  impl.LeaderElection (LeaderElection.java:logAndReturn(206)) - e6e13cb3-e32b-4d2d-874a-1e4700c67398@group-9E511D2458D0-LeaderElection256: PRE_VOTE REJECTED received 0 response(s) and 2 exception(s):
2025-09-07 09:46:46,262 [e6e13cb3-e32b-4d2d-874a-1e4700c67398@group-9E511D2458D0-LeaderElection256] INFO  impl.LeaderElection (LogUtils.java:infoOrTrace(142)) -   Exception 0: java.util.concurrent.ExecutionException: org.apache.ratis.thirdparty.io.grpc.StatusRuntimeException: UNAVAILABLE: io exception
2025-09-07 09:46:46,262 [e6e13cb3-e32b-4d2d-874a-1e4700c67398@group-9E511D2458D0-LeaderElection256] INFO  impl.LeaderElection (LogUtils.java:infoOrTrace(142)) -   Exception 1: java.util.concurrent.ExecutionException: org.apache.ratis.thirdparty.io.grpc.StatusRuntimeException: UNAVAILABLE: io exception
2025-09-07 09:46:46,262 [e6e13cb3-e32b-4d2d-874a-1e4700c67398@group-9E511D2458D0-LeaderElection256] INFO  impl.LeaderElection (LeaderElection.java:askForVotes(450)) - e6e13cb3-e32b-4d2d-874a-1e4700c67398@group-9E511D2458D0-LeaderElection256 PRE_VOTE round 0: result REJECTED
2025-09-07 09:46:46,262 [e6e13cb3-e32b-4d2d-874a-1e4700c67398@group-9E511D2458D0-LeaderElection256] INFO  server.RaftServer$Division (RaftServerImpl.java:setRole(392)) - e6e13cb3-e32b-4d2d-874a-1e4700c67398@group-9E511D2458D0: changes role from CANDIDATE to FOLLOWER at term 1 for REJECTED
2025-09-07 09:46:46,262 [e6e13cb3-e32b-4d2d-874a-1e4700c67398@group-9E511D2458D0-LeaderElection256] INFO  impl.RoleInfo (RoleInfo.java:shutdownLeaderElection(141)) - e6e13cb3-e32b-4d2d-874a-1e4700c67398: shutdown e6e13cb3-e32b-4d2d-874a-1e4700c67398@group-9E511D2458D0-LeaderElection256
2025-09-07 09:46:46,262 [e6e13cb3-e32b-4d2d-874a-1e4700c67398@group-9E511D2458D0-LeaderElection256] INFO  impl.RoleInfo (RoleInfo.java:updateAndGet(148)) - e6e13cb3-e32b-4d2d-874a-1e4700c67398: start e6e13cb3-e32b-4d2d-874a-1e4700c67398@group-9E511D2458D0-FollowerState
2025-09-07 09:46:46,585 [e6e13cb3-e32b-4d2d-874a-1e4700c67398@group-09A5C1734F32-FollowerState] INFO  impl.FollowerState (FollowerState.java:runImpl(161)) - e6e13cb3-e32b-4d2d-874a-1e4700c67398@group-09A5C1734F32-FollowerState: change to CANDIDATE, lastRpcElapsedTime:1026365732ns, electionTimeout:1026ms
2025-09-07 09:46:46,585 [e6e13cb3-e32b-4d2d-874a-1e4700c67398@group-09A5C1734F32-FollowerState] INFO  impl.RoleInfo (RoleInfo.java:shutdownFollowerState(121)) - e6e13cb3-e32b-4d2d-874a-1e4700c67398: shutdown e6e13cb3-e32b-4d2d-874a-1e4700c67398@group-09A5C1734F32-FollowerState
2025-09-07 09:46:46,585 [e6e13cb3-e32b-4d2d-874a-1e4700c67398@group-09A5C1734F32-FollowerState] INFO  server.RaftServer$Division (RaftServerImpl.java:setRole(392)) - e6e13cb3-e32b-4d2d-874a-1e4700c67398@group-09A5C1734F32: changes role from  FOLLOWER to CANDIDATE at term 1 for changeToCandidate
2025-09-07 09:46:46,585 [e6e13cb3-e32b-4d2d-874a-1e4700c67398@group-09A5C1734F32-FollowerState] INFO  impl.RoleInfo (RoleInfo.java:updateAndGet(148)) - e6e13cb3-e32b-4d2d-874a-1e4700c67398: start e6e13cb3-e32b-4d2d-874a-1e4700c67398@group-09A5C1734F32-LeaderElection257
2025-09-07 09:46:46,586 [e6e13cb3-e32b-4d2d-874a-1e4700c67398@group-09A5C1734F32-LeaderElection257] INFO  impl.LeaderElection (LeaderElection.java:askForVotes(448)) - e6e13cb3-e32b-4d2d-874a-1e4700c67398@group-09A5C1734F32-LeaderElection257 PRE_VOTE round 0: submit vote requests at term 1 for conf: {index: 0, cur=peers:[90a60b70-6b91-4fb2-a612-7ac0b6911dfc|127.0.0.1:15047, e6e13cb3-e32b-4d2d-874a-1e4700c67398|127.0.0.1:15055, 7c7182dc-ac7f-44a8-b1d4-5d10f99cbcf2|127.0.0.1:15039]|listeners:[], old=null}
2025-09-07 09:46:46,586 [e6e13cb3-e32b-4d2d-874a-1e4700c67398@group-09A5C1734F32-LeaderElection257] INFO  impl.LeaderElection (LogUtils.java:infoOrTrace(142)) - e6e13cb3-e32b-4d2d-874a-1e4700c67398@group-09A5C1734F32-LeaderElection257 got exception when requesting votes: java.util.concurrent.ExecutionException: org.apache.ratis.thirdparty.io.grpc.StatusRuntimeException: UNAVAILABLE: io exception
2025-09-07 09:46:46,586 [e6e13cb3-e32b-4d2d-874a-1e4700c67398@group-09A5C1734F32-LeaderElection257] INFO  impl.LeaderElection (LogUtils.java:infoOrTrace(142)) - e6e13cb3-e32b-4d2d-874a-1e4700c67398@group-09A5C1734F32-LeaderElection257 got exception when requesting votes: java.util.concurrent.ExecutionException: org.apache.ratis.thirdparty.io.grpc.StatusRuntimeException: UNAVAILABLE: io exception
2025-09-07 09:46:46,586 [e6e13cb3-e32b-4d2d-874a-1e4700c67398@group-09A5C1734F32-LeaderElection257] INFO  impl.LeaderElection (LeaderElection.java:logAndReturn(206)) - e6e13cb3-e32b-4d2d-874a-1e4700c67398@group-09A5C1734F32-LeaderElection257: PRE_VOTE REJECTED received 0 response(s) and 2 exception(s):
2025-09-07 09:46:46,586 [e6e13cb3-e32b-4d2d-874a-1e4700c67398@group-09A5C1734F32-LeaderElection257] INFO  impl.LeaderElection (LogUtils.java:infoOrTrace(142)) -   Exception 0: java.util.concurrent.ExecutionException: org.apache.ratis.thirdparty.io.grpc.StatusRuntimeException: UNAVAILABLE: io exception
2025-09-07 09:46:46,586 [e6e13cb3-e32b-4d2d-874a-1e4700c67398@group-09A5C1734F32-LeaderElection257] INFO  impl.LeaderElection (LogUtils.java:infoOrTrace(142)) -   Exception 1: java.util.concurrent.ExecutionException: org.apache.ratis.thirdparty.io.grpc.StatusRuntimeException: UNAVAILABLE: io exception
2025-09-07 09:46:46,586 [e6e13cb3-e32b-4d2d-874a-1e4700c67398@group-09A5C1734F32-LeaderElection257] INFO  impl.LeaderElection (LeaderElection.java:askForVotes(450)) - e6e13cb3-e32b-4d2d-874a-1e4700c67398@group-09A5C1734F32-LeaderElection257 PRE_VOTE round 0: result REJECTED
2025-09-07 09:46:46,586 [e6e13cb3-e32b-4d2d-874a-1e4700c67398@group-09A5C1734F32-LeaderElection257] INFO  server.RaftServer$Division (RaftServerImpl.java:setRole(392)) - e6e13cb3-e32b-4d2d-874a-1e4700c67398@group-09A5C1734F32: changes role from CANDIDATE to FOLLOWER at term 1 for REJECTED
2025-09-07 09:46:46,586 [e6e13cb3-e32b-4d2d-874a-1e4700c67398@group-09A5C1734F32-LeaderElection257] INFO  impl.RoleInfo (RoleInfo.java:shutdownLeaderElection(141)) - e6e13cb3-e32b-4d2d-874a-1e4700c67398: shutdown e6e13cb3-e32b-4d2d-874a-1e4700c67398@group-09A5C1734F32-LeaderElection257
2025-09-07 09:46:46,586 [e6e13cb3-e32b-4d2d-874a-1e4700c67398@group-09A5C1734F32-LeaderElection257] INFO  impl.RoleInfo (RoleInfo.java:updateAndGet(148)) - e6e13cb3-e32b-4d2d-874a-1e4700c67398: start e6e13cb3-e32b-4d2d-874a-1e4700c67398@group-09A5C1734F32-FollowerState
2025-09-07 09:46:47,459 [e6e13cb3-e32b-4d2d-874a-1e4700c67398@group-9E511D2458D0-FollowerState] INFO  impl.FollowerState (FollowerState.java:runImpl(161)) - e6e13cb3-e32b-4d2d-874a-1e4700c67398@group-9E511D2458D0-FollowerState: change to CANDIDATE, lastRpcElapsedTime:1196301575ns, electionTimeout:1196ms
2025-09-07 09:46:47,459 [e6e13cb3-e32b-4d2d-874a-1e4700c67398@group-9E511D2458D0-FollowerState] INFO  impl.RoleInfo (RoleInfo.java:shutdownFollowerState(121)) - e6e13cb3-e32b-4d2d-874a-1e4700c67398: shutdown e6e13cb3-e32b-4d2d-874a-1e4700c67398@group-9E511D2458D0-FollowerState
2025-09-07 09:46:47,459 [e6e13cb3-e32b-4d2d-874a-1e4700c67398@group-9E511D2458D0-FollowerState] INFO  server.RaftServer$Division (RaftServerImpl.java:setRole(392)) - e6e13cb3-e32b-4d2d-874a-1e4700c67398@group-9E511D2458D0: changes role from  FOLLOWER to CANDIDATE at term 1 for changeToCandidate
2025-09-07 09:46:47,459 [e6e13cb3-e32b-4d2d-874a-1e4700c67398@group-9E511D2458D0-FollowerState] INFO  impl.RoleInfo (RoleInfo.java:updateAndGet(148)) - e6e13cb3-e32b-4d2d-874a-1e4700c67398: start e6e13cb3-e32b-4d2d-874a-1e4700c67398@group-9E511D2458D0-LeaderElection258
2025-09-07 09:46:47,459 [e6e13cb3-e32b-4d2d-874a-1e4700c67398@group-9E511D2458D0-LeaderElection258] INFO  impl.LeaderElection (LeaderElection.java:askForVotes(448)) - e6e13cb3-e32b-4d2d-874a-1e4700c67398@group-9E511D2458D0-LeaderElection258 PRE_VOTE round 0: submit vote requests at term 1 for conf: {index: 0, cur=peers:[90a60b70-6b91-4fb2-a612-7ac0b6911dfc|127.0.0.1:15047, e6e13cb3-e32b-4d2d-874a-1e4700c67398|127.0.0.1:15055, 7c7182dc-ac7f-44a8-b1d4-5d10f99cbcf2|127.0.0.1:15039]|listeners:[], old=null}
2025-09-07 09:46:47,460 [e6e13cb3-e32b-4d2d-874a-1e4700c67398@group-9E511D2458D0-LeaderElection258] INFO  impl.LeaderElection (LogUtils.java:infoOrTrace(142)) - e6e13cb3-e32b-4d2d-874a-1e4700c67398@group-9E511D2458D0-LeaderElection258 got exception when requesting votes: java.util.concurrent.ExecutionException: org.apache.ratis.thirdparty.io.grpc.StatusRuntimeException: UNAVAILABLE: io exception
2025-09-07 09:46:47,460 [e6e13cb3-e32b-4d2d-874a-1e4700c67398@group-9E511D2458D0-LeaderElection258] INFO  impl.LeaderElection (LogUtils.java:infoOrTrace(142)) - e6e13cb3-e32b-4d2d-874a-1e4700c67398@group-9E511D2458D0-LeaderElection258 got exception when requesting votes: java.util.concurrent.ExecutionException: org.apache.ratis.thirdparty.io.grpc.StatusRuntimeException: UNAVAILABLE: io exception
2025-09-07 09:46:47,460 [e6e13cb3-e32b-4d2d-874a-1e4700c67398@group-9E511D2458D0-LeaderElection258] INFO  impl.LeaderElection (LeaderElection.java:logAndReturn(206)) - e6e13cb3-e32b-4d2d-874a-1e4700c67398@group-9E511D2458D0-LeaderElection258: PRE_VOTE REJECTED received 0 response(s) and 2 exception(s):
2025-09-07 09:46:47,460 [e6e13cb3-e32b-4d2d-874a-1e4700c67398@group-9E511D2458D0-LeaderElection258] INFO  impl.LeaderElection (LogUtils.java:infoOrTrace(142)) -   Exception 0: java.util.concurrent.ExecutionException: org.apache.ratis.thirdparty.io.grpc.StatusRuntimeException: UNAVAILABLE: io exception
2025-09-07 09:46:47,460 [e6e13cb3-e32b-4d2d-874a-1e4700c67398@group-9E511D2458D0-LeaderElection258] INFO  impl.LeaderElection (LogUtils.java:infoOrTrace(142)) -   Exception 1: java.util.concurrent.ExecutionException: org.apache.ratis.thirdparty.io.grpc.StatusRuntimeException: UNAVAILABLE: io exception
2025-09-07 09:46:47,460 [e6e13cb3-e32b-4d2d-874a-1e4700c67398@group-9E511D2458D0-LeaderElection258] INFO  impl.LeaderElection (LeaderElection.java:askForVotes(450)) - e6e13cb3-e32b-4d2d-874a-1e4700c67398@group-9E511D2458D0-LeaderElection258 PRE_VOTE round 0: result REJECTED
2025-09-07 09:46:47,460 [e6e13cb3-e32b-4d2d-874a-1e4700c67398@group-9E511D2458D0-LeaderElection258] INFO  server.RaftServer$Division (RaftServerImpl.java:setRole(392)) - e6e13cb3-e32b-4d2d-874a-1e4700c67398@group-9E511D2458D0: changes role from CANDIDATE to FOLLOWER at term 1 for REJECTED
2025-09-07 09:46:47,460 [e6e13cb3-e32b-4d2d-874a-1e4700c67398@group-9E511D2458D0-LeaderElection258] INFO  impl.RoleInfo (RoleInfo.java:shutdownLeaderElection(141)) - e6e13cb3-e32b-4d2d-874a-1e4700c67398: shutdown e6e13cb3-e32b-4d2d-874a-1e4700c67398@group-9E511D2458D0-LeaderElection258
2025-09-07 09:46:47,460 [e6e13cb3-e32b-4d2d-874a-1e4700c67398@group-9E511D2458D0-LeaderElection258] INFO  impl.RoleInfo (RoleInfo.java:updateAndGet(148)) - e6e13cb3-e32b-4d2d-874a-1e4700c67398: start e6e13cb3-e32b-4d2d-874a-1e4700c67398@group-9E511D2458D0-FollowerState
2025-09-07 09:46:47,610 [e6e13cb3-e32b-4d2d-874a-1e4700c67398@group-09A5C1734F32-FollowerState] INFO  impl.FollowerState (FollowerState.java:runImpl(161)) - e6e13cb3-e32b-4d2d-874a-1e4700c67398@group-09A5C1734F32-FollowerState: change to CANDIDATE, lastRpcElapsedTime:1023278939ns, electionTimeout:1023ms
2025-09-07 09:46:47,610 [e6e13cb3-e32b-4d2d-874a-1e4700c67398@group-09A5C1734F32-FollowerState] INFO  impl.RoleInfo (RoleInfo.java:shutdownFollowerState(121)) - e6e13cb3-e32b-4d2d-874a-1e4700c67398: shutdown e6e13cb3-e32b-4d2d-874a-1e4700c67398@group-09A5C1734F32-FollowerState
2025-09-07 09:46:47,610 [e6e13cb3-e32b-4d2d-874a-1e4700c67398@group-09A5C1734F32-FollowerState] INFO  server.RaftServer$Division (RaftServerImpl.java:setRole(392)) - e6e13cb3-e32b-4d2d-874a-1e4700c67398@group-09A5C1734F32: changes role from  FOLLOWER to CANDIDATE at term 1 for changeToCandidate
2025-09-07 09:46:47,610 [e6e13cb3-e32b-4d2d-874a-1e4700c67398@group-09A5C1734F32-FollowerState] INFO  impl.RoleInfo (RoleInfo.java:updateAndGet(148)) - e6e13cb3-e32b-4d2d-874a-1e4700c67398: start e6e13cb3-e32b-4d2d-874a-1e4700c67398@group-09A5C1734F32-LeaderElection259
2025-09-07 09:46:47,610 [e6e13cb3-e32b-4d2d-874a-1e4700c67398@group-09A5C1734F32-LeaderElection259] INFO  impl.LeaderElection (LeaderElection.java:askForVotes(448)) - e6e13cb3-e32b-4d2d-874a-1e4700c67398@group-09A5C1734F32-LeaderElection259 PRE_VOTE round 0: submit vote requests at term 1 for conf: {index: 0, cur=peers:[90a60b70-6b91-4fb2-a612-7ac0b6911dfc|127.0.0.1:15047, e6e13cb3-e32b-4d2d-874a-1e4700c67398|127.0.0.1:15055, 7c7182dc-ac7f-44a8-b1d4-5d10f99cbcf2|127.0.0.1:15039]|listeners:[], old=null}
2025-09-07 09:46:47,611 [e6e13cb3-e32b-4d2d-874a-1e4700c67398@group-09A5C1734F32-LeaderElection259] INFO  impl.LeaderElection (LogUtils.java:infoOrTrace(142)) - e6e13cb3-e32b-4d2d-874a-1e4700c67398@group-09A5C1734F32-LeaderElection259 got exception when requesting votes: java.util.concurrent.ExecutionException: org.apache.ratis.thirdparty.io.grpc.StatusRuntimeException: UNAVAILABLE: io exception
2025-09-07 09:46:47,611 [e6e13cb3-e32b-4d2d-874a-1e4700c67398@group-09A5C1734F32-LeaderElection259] INFO  impl.LeaderElection (LogUtils.java:infoOrTrace(142)) - e6e13cb3-e32b-4d2d-874a-1e4700c67398@group-09A5C1734F32-LeaderElection259 got exception when requesting votes: java.util.concurrent.ExecutionException: org.apache.ratis.thirdparty.io.grpc.StatusRuntimeException: UNAVAILABLE: io exception
2025-09-07 09:46:47,611 [e6e13cb3-e32b-4d2d-874a-1e4700c67398@group-09A5C1734F32-LeaderElection259] INFO  impl.LeaderElection (LeaderElection.java:logAndReturn(206)) - e6e13cb3-e32b-4d2d-874a-1e4700c67398@group-09A5C1734F32-LeaderElection259: PRE_VOTE REJECTED received 0 response(s) and 2 exception(s):
2025-09-07 09:46:47,611 [e6e13cb3-e32b-4d2d-874a-1e4700c67398@group-09A5C1734F32-LeaderElection259] INFO  impl.LeaderElection (LogUtils.java:infoOrTrace(142)) -   Exception 0: java.util.concurrent.ExecutionException: org.apache.ratis.thirdparty.io.grpc.StatusRuntimeException: UNAVAILABLE: io exception
2025-09-07 09:46:47,611 [e6e13cb3-e32b-4d2d-874a-1e4700c67398@group-09A5C1734F32-LeaderElection259] INFO  impl.LeaderElection (LogUtils.java:infoOrTrace(142)) -   Exception 1: java.util.concurrent.ExecutionException: org.apache.ratis.thirdparty.io.grpc.StatusRuntimeException: UNAVAILABLE: io exception
2025-09-07 09:46:47,611 [e6e13cb3-e32b-4d2d-874a-1e4700c67398@group-09A5C1734F32-LeaderElection259] INFO  impl.LeaderElection (LeaderElection.java:askForVotes(450)) - e6e13cb3-e32b-4d2d-874a-1e4700c67398@group-09A5C1734F32-LeaderElection259 PRE_VOTE round 0: result REJECTED
2025-09-07 09:46:47,611 [e6e13cb3-e32b-4d2d-874a-1e4700c67398@group-09A5C1734F32-LeaderElection259] INFO  server.RaftServer$Division (RaftServerImpl.java:setRole(392)) - e6e13cb3-e32b-4d2d-874a-1e4700c67398@group-09A5C1734F32: changes role from CANDIDATE to FOLLOWER at term 1 for REJECTED
2025-09-07 09:46:47,611 [e6e13cb3-e32b-4d2d-874a-1e4700c67398@group-09A5C1734F32-LeaderElection259] INFO  impl.RoleInfo (RoleInfo.java:shutdownLeaderElection(141)) - e6e13cb3-e32b-4d2d-874a-1e4700c67398: shutdown e6e13cb3-e32b-4d2d-874a-1e4700c67398@group-09A5C1734F32-LeaderElection259
2025-09-07 09:46:47,611 [e6e13cb3-e32b-4d2d-874a-1e4700c67398@group-09A5C1734F32-LeaderElection259] INFO  impl.RoleInfo (RoleInfo.java:updateAndGet(148)) - e6e13cb3-e32b-4d2d-874a-1e4700c67398: start e6e13cb3-e32b-4d2d-874a-1e4700c67398@group-09A5C1734F32-FollowerState
2025-09-07 09:46:47,765 [grpc-default-executor-6] ERROR impl.OrderedAsync (OrderedAsync.java:lambda$send$4(181)) - Failed to send request, message=null
java.util.concurrent.CompletionException: org.apache.ratis.protocol.exceptions.RaftRetryFailureException: Failed RaftClientRequest:client-31430F4BE28C->90a60b70-6b91-4fb2-a612-7ac0b6911dfc@group-9E511D2458D0, cid=57, seq=1*, Watch(0), null for 9 attempts with RequestTypeDependentRetryPolicy{WRITE->ExceptionDependentRetry(maxAttempts=2147483647; defaultPolicy=MultipleLinearRandomRetry[5x5s, 5x10s, 5x15s, 5x20s, 5x25s, 10x60s]; map={org.apache.ratis.protocol.exceptions.GroupMismatchException->NoRetry, org.apache.ratis.protocol.exceptions.NotReplicatedException->NoRetry, org.apache.ratis.protocol.exceptions.ResourceUnavailableException->org.apache.ratis.retry.ExponentialBackoffRetry@515ec8e1, org.apache.ratis.protocol.exceptions.StateMachineException->NoRetry, org.apache.ratis.protocol.exceptions.TimeoutIOException->org.apache.ratis.retry.ExponentialBackoffRetry@515ec8e1}), WATCH->ExceptionDependentRetry(maxAttempts=2147483647; defaultPolicy=MultipleLinearRandomRetry[5x5s, 5x10s, 5x15s, 5x20s, 5x25s, 10x60s]; map={org.apache.ratis.protocol.exceptions.GroupMismatchException->NoRetry, org.apache.ratis.protocol.exceptions.NotReplicatedException->NoRetry, org.apache.ratis.protocol.exceptions.ResourceUnavailableException->org.apache.ratis.retry.ExponentialBackoffRetry@515ec8e1, org.apache.ratis.protocol.exceptions.StateMachineException->NoRetry, org.apache.ratis.protocol.exceptions.TimeoutIOException->NoRetry})}
	at java.base/java.util.concurrent.CompletableFuture.encodeThrowable(CompletableFuture.java:332)
	at java.base/java.util.concurrent.CompletableFuture.completeThrowable(CompletableFuture.java:347)
	at java.base/java.util.concurrent.CompletableFuture$UniApply.tryFire(CompletableFuture.java:636)
	at java.base/java.util.concurrent.CompletableFuture.postComplete(CompletableFuture.java:510)
	at java.base/java.util.concurrent.CompletableFuture.completeExceptionally(CompletableFuture.java:2194)
	at org.apache.ratis.client.impl.OrderedAsync$PendingOrderedRequest.fail(OrderedAsync.java:111)
	at org.apache.ratis.util.SlidingWindow$Client.fail(SlidingWindow.java:395)
	at org.apache.ratis.client.impl.OrderedAsync.failAllAsyncRequests(OrderedAsync.java:155)
	at org.apache.ratis.client.impl.OrderedAsync.handleException(OrderedAsync.java:239)
	at org.apache.ratis.client.impl.OrderedAsync.lambda$sendRequestWithRetry$7(OrderedAsync.java:217)
	at java.base/java.util.concurrent.CompletableFuture.uniExceptionally(CompletableFuture.java:990)
	at java.base/java.util.concurrent.CompletableFuture$UniExceptionally.tryFire(CompletableFuture.java:974)
	at java.base/java.util.concurrent.CompletableFuture.postComplete(CompletableFuture.java:510)
	at java.base/java.util.concurrent.CompletableFuture.completeExceptionally(CompletableFuture.java:2194)
	at org.apache.ratis.grpc.client.GrpcClientProtocolClient$AsyncStreamObservers.completeReplyExceptionally(GrpcClientProtocolClient.java:397)
	at org.apache.ratis.grpc.client.GrpcClientProtocolClient$AsyncStreamObservers.access$000(GrpcClientProtocolClient.java:303)
	at org.apache.ratis.grpc.client.GrpcClientProtocolClient$AsyncStreamObservers$1.onError(GrpcClientProtocolClient.java:334)
	at org.apache.ratis.thirdparty.io.grpc.stub.ClientCalls$StreamObserverToCallListenerAdapter.onClose(ClientCalls.java:564)
	at org.apache.ratis.thirdparty.io.grpc.PartialForwardingClientCallListener.onClose(PartialForwardingClientCallListener.java:39)
	at org.apache.ratis.thirdparty.io.grpc.ForwardingClientCallListener.onClose(ForwardingClientCallListener.java:23)
	at org.apache.ratis.grpc.metrics.intercept.client.MetricClientCallListener.onClose(MetricClientCallListener.java:47)
	at org.apache.ratis.thirdparty.io.grpc.internal.ClientCallImpl.closeObserver(ClientCallImpl.java:565)
	at org.apache.ratis.thirdparty.io.grpc.internal.ClientCallImpl.access$100(ClientCallImpl.java:72)
	at org.apache.ratis.thirdparty.io.grpc.internal.ClientCallImpl$ClientStreamListenerImpl$1StreamClosed.runInternal(ClientCallImpl.java:733)
	at org.apache.ratis.thirdparty.io.grpc.internal.ClientCallImpl$ClientStreamListenerImpl$1StreamClosed.runInContext(ClientCallImpl.java:714)
	at org.apache.ratis.thirdparty.io.grpc.internal.ContextRunnable.run(ContextRunnable.java:37)
	at org.apache.ratis.thirdparty.io.grpc.internal.SerializingExecutor.run(SerializingExecutor.java:133)
	at java.base/java.util.concurrent.ThreadPoolExecutor.runWorker(ThreadPoolExecutor.java:1144)
	at java.base/java.util.concurrent.ThreadPoolExecutor$Worker.run(ThreadPoolExecutor.java:642)
	at java.base/java.lang.Thread.run(Thread.java:1583)
Caused by: org.apache.ratis.protocol.exceptions.RaftRetryFailureException: Failed RaftClientRequest:client-31430F4BE28C->90a60b70-6b91-4fb2-a612-7ac0b6911dfc@group-9E511D2458D0, cid=57, seq=1*, Watch(0), null for 9 attempts with RequestTypeDependentRetryPolicy{WRITE->ExceptionDependentRetry(maxAttempts=2147483647; defaultPolicy=MultipleLinearRandomRetry[5x5s, 5x10s, 5x15s, 5x20s, 5x25s, 10x60s]; map={org.apache.ratis.protocol.exceptions.GroupMismatchException->NoRetry, org.apache.ratis.protocol.exceptions.NotReplicatedException->NoRetry, org.apache.ratis.protocol.exceptions.ResourceUnavailableException->org.apache.ratis.retry.ExponentialBackoffRetry@515ec8e1, org.apache.ratis.protocol.exceptions.StateMachineException->NoRetry, org.apache.ratis.protocol.exceptions.TimeoutIOException->org.apache.ratis.retry.ExponentialBackoffRetry@515ec8e1}), WATCH->ExceptionDependentRetry(maxAttempts=2147483647; defaultPolicy=MultipleLinearRandomRetry[5x5s, 5x10s, 5x15s, 5x20s, 5x25s, 10x60s]; map={org.apache.ratis.protocol.exceptions.GroupMismatchException->NoRetry, org.apache.ratis.protocol.exceptions.NotReplicatedException->NoRetry, org.apache.ratis.protocol.exceptions.ResourceUnavailableException->org.apache.ratis.retry.ExponentialBackoffRetry@515ec8e1, org.apache.ratis.protocol.exceptions.StateMachineException->NoRetry, org.apache.ratis.protocol.exceptions.TimeoutIOException->NoRetry})}
	at org.apache.ratis.client.impl.RaftClientImpl.noMoreRetries(RaftClientImpl.java:352)
	... 22 more
Caused by: java.io.IOException: org.apache.ratis.thirdparty.io.grpc.StatusRuntimeException: UNAVAILABLE: io exception
	at org.apache.ratis.grpc.GrpcUtil.unwrapException(GrpcUtil.java:99)
	at org.apache.ratis.grpc.GrpcUtil.unwrapIOException(GrpcUtil.java:159)
	at org.apache.ratis.grpc.client.GrpcClientProtocolClient$AsyncStreamObservers$1.onError(GrpcClientProtocolClient.java:333)
	... 13 more
Caused by: org.apache.ratis.thirdparty.io.grpc.StatusRuntimeException: UNAVAILABLE: io exception
	at org.apache.ratis.thirdparty.io.grpc.Status.asRuntimeException(Status.java:532)
	... 13 more
Caused by: org.apache.ratis.thirdparty.io.netty.channel.AbstractChannel$AnnotatedConnectException: finishConnect(..) failed: Connection refused: /127.0.0.1:15045
Caused by: java.net.ConnectException: finishConnect(..) failed: Connection refused
	at org.apache.ratis.thirdparty.io.netty.channel.unix.Errors.newConnectException0(Errors.java:166)
	at org.apache.ratis.thirdparty.io.netty.channel.unix.Errors.handleConnectErrno(Errors.java:131)
	at org.apache.ratis.thirdparty.io.netty.channel.unix.Socket.finishConnect(Socket.java:359)
	at org.apache.ratis.thirdparty.io.netty.channel.epoll.AbstractEpollChannel$AbstractEpollUnsafe.doFinishConnect(AbstractEpollChannel.java:715)
	at org.apache.ratis.thirdparty.io.netty.channel.epoll.AbstractEpollChannel$AbstractEpollUnsafe.finishConnect(AbstractEpollChannel.java:692)
	at org.apache.ratis.thirdparty.io.netty.channel.epoll.AbstractEpollChannel$AbstractEpollUnsafe.epollOutReady(AbstractEpollChannel.java:567)
	at org.apache.ratis.thirdparty.io.netty.channel.epoll.EpollEventLoop.processReady(EpollEventLoop.java:491)
	at org.apache.ratis.thirdparty.io.netty.channel.epoll.EpollEventLoop.run(EpollEventLoop.java:399)
	at org.apache.ratis.thirdparty.io.netty.util.concurrent.SingleThreadEventExecutor$4.run(SingleThreadEventExecutor.java:998)
	at org.apache.ratis.thirdparty.io.netty.util.internal.ThreadExecutorMap$2.run(ThreadExecutorMap.java:74)
	at org.apache.ratis.thirdparty.io.netty.util.concurrent.FastThreadLocalRunnable.run(FastThreadLocalRunnable.java:30)
	at java.base/java.lang.Thread.run(Thread.java:1583)
2025-09-07 09:46:47,766 [grpc-default-executor-6] ERROR impl.OrderedAsync (OrderedAsync.java:lambda$send$4(179)) - Failed to send request, message=cmdType: WriteChunk
traceID: ""
containerID: 8
datanodeUuid: "7c7182dc-ac7f-44a8-b1d4-5d10f99cbcf2"
writeChunk {
  blockID {
    containerID: 8
    localID: 115816896921600008
    blockCommitSequenceId: 0
    replicaIndex: 0
  }
  chunkData {
    chunkName: "115816896921600008_chunk_1"
    offset: 0
    len: 524288
    checksumData {
      type: CRC32
      bytesPerChecksum: 16384
      checksums: "\326\360U\321"
      checksums: "\326\360U\321"
      checksums: "\326\360U\321"
      checksums: "\326\360U\321"
      checksums: "\326\360U\321"
      checksums: "\326\360U\321"
      checksums: "\326\360U\321"
      checksums: "\326\360U\321"
      checksums: "\326\360U\321"
      checksums: "\326\360U\321"
      checksums: "\326\360U\321"
      checksums: "\326\360U\321"
      checksums: "\326\360U\321"
      checksums: "\326\360U\321"
      checksums: "\326\360U\321"
      checksums: "\326\360U\321"
      checksums: "\326\360U\321"
      checksums: "\326\360U\321"
      checksums: "\326\360U\321"
      checksums: "\326\360U\321"
      checksums: "\326\360U\321"
      checksums: "\326\360U\321"
      checksums: "\326\360U\321"
      checksums: "\326\360U\321"
      checksums: "\326\360U\321"
      checksums: "\326\360U\321"
      checksums: "\326\360U\321"
      checksums: "\326\360U\321"
      checksums: "\326\360U\321"
      checksums: "\326\360U\321"
      checksums: "\326\360U\321"
      checksums: "a\003G\263"
    }
  }
}
version: 3
, data.size=524288 due to java.util.concurrent.CompletionException: org.apache.ratis.protocol.exceptions.AlreadyClosedException: SlidingWindow$Client:client-31430F4BE28C->RAFT is closed.
2025-09-07 09:46:47,766 [grpc-default-executor-6] ERROR impl.OrderedAsync (OrderedAsync.java:lambda$send$4(179)) - Failed to send request, message=cmdType: PutBlock
traceID: ""
containerID: 8
datanodeUuid: "7c7182dc-ac7f-44a8-b1d4-5d10f99cbcf2"
putBlock {
  blockData {
    blockID {
      containerID: 8
      localID: 115816896921600008
      blockCommitSequenceId: 0
    }
    metadata {
      key: "TYPE"
      value: "KEY"
    }
    chunks {
      chunkName: "115816896921600008_chunk_1"
      offset: 0
      len: 524288
      checksumData {
        type: CRC32
        bytesPerChecksum: 16384
        checksums: "\326\360U\321"
        checksums: "\326\360U\321"
        checksums: "\326\360U\321"
        checksums: "\326\360U\321"
        checksums: "\326\360U\321"
        checksums: "\326\360U\321"
        checksums: "\326\360U\321"
        checksums: "\326\360U\321"
        checksums: "\326\360U\321"
        checksums: "\326\360U\321"
        checksums: "\326\360U\321"
        checksums: "\326\360U\321"
        checksums: "\326\360U\321"
        checksums: "\326\360U\321"
        checksums: "\326\360U\321"
        checksums: "\326\360U\321"
        checksums: "\326\360U\321"
        checksums: "\326\360U\321"
        checksums: "\326\360U\321"
        checksums: "\326\360U\321"
        checksums: "\326\360U\321"
        checksums: "\326\360U\321"
        checksums: "\326\360U\321"
        checksums: "\326\360U\321"
        checksums: "\326\360U\321"
        checksums: "\326\360U\321"
        checksums: "\326\360U\321"
        checksums: "\326\360U\321"
        checksums: "\326\360U\321"
        checksums: "\326\360U\321"
        checksums: "\326\360U\321"
        checksums: "a\003G\263"
      }
    }
  }
  eof: false
}
version: 3
, data.size=0 due to java.util.concurrent.CompletionException: org.apache.ratis.protocol.exceptions.AlreadyClosedException: SlidingWindow$Client:client-31430F4BE28C->RAFT is closed.
2025-09-07 09:46:47,766 [ForkJoinPool-1-worker-1] WARN  io.KeyOutputStream (KeyOutputStream.java:handleExceptionInternal(377)) - Encountered exception java.io.IOException: Unexpected Storage Container Exception: java.util.concurrent.CompletionException: Failed to write chunk 115816896921600008_chunk_1 into block conID: 8 locID: 115816896921600008 bcsId: 0 replicaIndex: null on the pipeline Pipeline{ Id: d8d7c1c9-dd4a-4c6e-b9b0-9e511d2458d0, Nodes: [ {7c7182dc-ac7f-44a8-b1d4-5d10f99cbcf2(localhost/127.0.0.1), ReplicaIndex: 0}, {90a60b70-6b91-4fb2-a612-7ac0b6911dfc(localhost/127.0.0.1), ReplicaIndex: 0}, {e6e13cb3-e32b-4d2d-874a-1e4700c67398(localhost/127.0.0.1), ReplicaIndex: 0},], ReplicationConfig: RATIS/THREE, State:OPEN, leaderId:e6e13cb3-e32b-4d2d-874a-1e4700c67398, CreationTimestamp2025-09-07T09:44:03.105Z[Etc/UTC]}. The last committed block length is 0, uncommitted data length is 524288 retry count 1
2025-09-07 09:46:47,796 [ForkJoinPool-1-worker-1] INFO  io.BlockOutputStreamEntry (BlockOutputStreamEntry.java:writeOnRetry(192)) - BlockOutputStreamEntry:0f5cd382-9133-42c3-87d5-36d7600e267c conID: 2 locID: 115816896921600009 bcsId: 0 replicaIndex: null: Finish retrying with len 524288, currentPosition 524288
2025-09-07 09:46:47,796 [ForkJoinPool-1-worker-1] INFO  io.BlockOutputStreamEntry (BlockOutputStreamEntry.java:finishRetryHandling(141)) - BlockOutputStreamEntry:0f5cd382-9133-42c3-87d5-36d7600e267c conID: 2 locID: 115816896921600009 bcsId: 0 replicaIndex: null: Exiting retry handling mode
]]></system-out>
  </testcase>
  <testcase name="testDatanodeExclusionWithMajorityCommit(ReplicationLevel)[1]" classname="org.apache.hadoop.ozone.client.rpc.TestFailureHandlingByClient" time="3.619">
    <system-out><![CDATA[2025-09-07 09:46:47,887 [ForkJoinPool-1-worker-1] WARN  dropwizard3.Dm3MetricRegistriesImpl (Dm3MetricRegistriesImpl.java:addReporterRegistration(114)) - New reporters are added after registries were created. Some metrics will be missing from the reporter. Please add reporter before adding any new registry.
2025-09-07 09:46:47,887 [ForkJoinPool-1-worker-1] WARN  dropwizard3.Dm3MetricRegistriesImpl (Dm3MetricRegistriesImpl.java:addReporterRegistration(114)) - New reporters are added after registries were created. Some metrics will be missing from the reporter. Please add reporter before adding any new registry.
2025-09-07 09:46:47,887 [ForkJoinPool-1-worker-1] INFO  impl.MetricsSystemImpl (MetricsSystemImpl.java:init(158)) - HddsDatanode metrics system started (again)
2025-09-07 09:46:47,915 [ForkJoinPool-1-worker-1] INFO  ozone.HddsDatanodeService (HddsDatanodeService.java:start(236)) - HddsDatanodeService 90a60b70-6b91-4fb2-a612-7ac0b6911dfc(localhost/127.0.0.1)
2025-09-07 09:46:47,916 [ForkJoinPool-1-worker-1] INFO  upgrade.AbstractLayoutVersionManager (AbstractLayoutVersionManager.java:init(80)) - Initializing Layout version manager with metadata layout = WITNESSED_CONTAINER_DB_PROTO_VALUE (version = 9), software layout = WITNESSED_CONTAINER_DB_PROTO_VALUE (version = 9)
2025-09-07 09:46:47,916 [ForkJoinPool-1-worker-1] INFO  statemachine.DatanodeStateMachine (DatanodeStateMachine.java:getEndPointTaskThreadPoolSize(305)) - Datanode State Machine Task Thread Pool size 2
2025-09-07 09:46:47,918 [ForkJoinPool-1-worker-1] INFO  volume.HddsVolume (HddsVolume.java:<init>(162)) - HddsVolume: { id=DS-ba4d3214-2eca-4c53-96e2-3c88d4f4b29f dir=/home/runner/work/ozone/ozone/hadoop-ozone/integration-test/target/test-dir/MiniOzoneClusterImpl-023d5a78-e64c-43f3-a4d9-6f7884931d6c/ozone-metadata/datanode-5/data-0/hdds type=DISK capacity=9222449699674390527 used=0 available=9222449699674390527 minFree=9222450130714624 committed=0 }
2025-09-07 09:46:47,919 [ForkJoinPool-1-worker-1] INFO  volume.MutableVolumeSet (MutableVolumeSet.java:initializeVolumeSet(175)) - Added Volume : /home/runner/work/ozone/ozone/hadoop-ozone/integration-test/target/test-dir/MiniOzoneClusterImpl-023d5a78-e64c-43f3-a4d9-6f7884931d6c/ozone-metadata/datanode-5/data-0/hdds to VolumeSet
2025-09-07 09:46:47,919 [ForkJoinPool-1-worker-1] INFO  volume.MutableVolumeSet (MutableVolumeSet.java:initializeVolumeSet(175)) - Added Volume : /home/runner/work/ozone/ozone/hadoop-ozone/integration-test/target/test-dir/MiniOzoneClusterImpl-023d5a78-e64c-43f3-a4d9-6f7884931d6c/ozone-metadata/datanode-5/ratis to VolumeSet
2025-09-07 09:46:47,938 [ForkJoinPool.commonPool-worker-3] INFO  utils.DatanodeStoreCache (DatanodeStoreCache.java:addDB(70)) - Added db /home/runner/work/ozone/ozone/hadoop-ozone/integration-test/target/test-dir/MiniOzoneClusterImpl-023d5a78-e64c-43f3-a4d9-6f7884931d6c/ozone-metadata/datanode-5/data-0/hdds/023d5a78-e64c-43f3-a4d9-6f7884931d6c/DS-ba4d3214-2eca-4c53-96e2-3c88d4f4b29f/container.db to cache
2025-09-07 09:46:47,938 [ForkJoinPool.commonPool-worker-3] INFO  volume.HddsVolume (HddsVolume.java:loadDbStore(517)) - SchemaV3 db is loaded at /home/runner/work/ozone/ozone/hadoop-ozone/integration-test/target/test-dir/MiniOzoneClusterImpl-023d5a78-e64c-43f3-a4d9-6f7884931d6c/ozone-metadata/datanode-5/data-0/hdds/023d5a78-e64c-43f3-a4d9-6f7884931d6c/DS-ba4d3214-2eca-4c53-96e2-3c88d4f4b29f/container.db for volume DS-ba4d3214-2eca-4c53-96e2-3c88d4f4b29f
2025-09-07 09:46:47,938 [ForkJoinPool-1-worker-1] INFO  ozoneimpl.OzoneContainer (HddsVolumeUtil.java:loadAllHddsVolumeDbStore(102)) - Load 1 volumes DbStore cost: 17ms
2025-09-07 09:46:47,938 [ForkJoinPool-1-worker-1] WARN  db.DBStoreBuilder (DBStoreBuilder.java:getDBDirPath(158)) - ozone.scm.datanode.id.dir is not configured. We recommend adding this setting. Falling back to ozone.metadata.dirs instead.
2025-09-07 09:46:47,939 [ForkJoinPool-1-worker-1] WARN  db.DBStoreBuilder (DBStoreBuilder.java:getDBDirPath(158)) - ozone.scm.datanode.id.dir is not configured. We recommend adding this setting. Falling back to ozone.metadata.dirs instead.
2025-09-07 09:46:47,951 [ForkJoinPool-1-worker-1] INFO  impl.FilePerChunkStrategy (FilePerChunkStrategy.java:<init>(79)) - ozone.chunk.read.mapped.buffer.max.count is load with 0
2025-09-07 09:46:47,951 [ForkJoinPool-1-worker-1] INFO  impl.FilePerBlockStrategy (FilePerBlockStrategy.java:<init>(88)) - ozone.chunk.read.mapped.buffer.max.count is load with 0
2025-09-07 09:46:47,952 [ForkJoinPool-1-worker-1] INFO  server.RaftServerConfigKeys (ConfUtils.java:logGet(62)) - raft.server.log.appender.buffer.byte-limit = 33554432 (custom)
2025-09-07 09:46:47,953 [ForkJoinPool-1-worker-1] INFO  grpc.GrpcConfigKeys (ConfUtils.java:logFallback(69)) - raft.grpc.admin.host = null (fallback to raft.grpc.server.host)
2025-09-07 09:46:47,953 [ForkJoinPool-1-worker-1] INFO  grpc.GrpcConfigKeys (ConfUtils.java:logGet(62)) - raft.grpc.admin.port = 15046 (custom)
2025-09-07 09:46:47,953 [ForkJoinPool-1-worker-1] INFO  grpc.GrpcConfigKeys (ConfUtils.java:logFallback(69)) - raft.grpc.client.host = null (fallback to raft.grpc.server.host)
2025-09-07 09:46:47,953 [ForkJoinPool-1-worker-1] INFO  grpc.GrpcConfigKeys (ConfUtils.java:logGet(62)) - raft.grpc.client.port = 15045 (custom)
2025-09-07 09:46:47,953 [ForkJoinPool-1-worker-1] INFO  grpc.GrpcConfigKeys (ConfUtils.java:logGet(62)) - raft.grpc.server.port = 15047 (custom)
2025-09-07 09:46:47,954 [ForkJoinPool-1-worker-1] INFO  server.GrpcServicesImpl (ConfUtils.java:logGet(62)) - raft.grpc.message.size.max = 34603008 (custom)
2025-09-07 09:46:47,954 [ForkJoinPool-1-worker-1] INFO  server.GrpcServicesImpl (ConfUtils.java:logGet(62)) - raft.grpc.flow.control.window = 5MB (=5242880) (custom)
2025-09-07 09:46:47,954 [ForkJoinPool-1-worker-1] INFO  server.RaftServerConfigKeys (ConfUtils.java:logGet(62)) - raft.server.log.appender.buffer.byte-limit = 33554432 (custom)
2025-09-07 09:46:47,955 [ForkJoinPool-1-worker-1] INFO  netty.NettyUtils (NettyUtils.java:newEventLoopGroup(74)) - Create EpollEventLoopGroup for 90a60b70-6b91-4fb2-a612-7ac0b6911dfc-NettyServerStreamRpc-bossGroup; Thread size is 0.
2025-09-07 09:46:47,956 [ForkJoinPool-1-worker-1] INFO  netty.NettyUtils (NettyUtils.java:newEventLoopGroup(74)) - Create EpollEventLoopGroup for 90a60b70-6b91-4fb2-a612-7ac0b6911dfc-NettyServerStreamRpc-workerGroup; Thread size is 0.
2025-09-07 09:46:47,956 [ForkJoinPool-1-worker-1] INFO  netty.NettyConfigKeys$DataStream (ConfUtils.java:logGet(62)) - raft.netty.dataStream.port = 15048 (custom)
2025-09-07 09:46:47,957 [ForkJoinPool-1-worker-1] INFO  server.RaftServerConfigKeys (ConfUtils.java:logGet(62)) - raft.server.storage.dir = [/home/runner/work/ozone/ozone/hadoop-ozone/integration-test/target/test-dir/MiniOzoneClusterImpl-023d5a78-e64c-43f3-a4d9-6f7884931d6c/ozone-metadata/datanode-5/ratis] (custom)
2025-09-07 09:46:47,957 [90a60b70-6b91-4fb2-a612-7ac0b6911dfc-NettyServerStreamRpc-bossGroup--thread1] INFO  logging.LoggingHandler (AbstractInternalLogger.java:log(148)) - [id: 0xe2482feb] REGISTERED
2025-09-07 09:46:47,957 [90a60b70-6b91-4fb2-a612-7ac0b6911dfc-NettyServerStreamRpc-bossGroup--thread1] INFO  logging.LoggingHandler (AbstractInternalLogger.java:log(148)) - [id: 0xe2482feb] BIND: 0.0.0.0/0.0.0.0:15048
2025-09-07 09:46:47,957 [90a60b70-6b91-4fb2-a612-7ac0b6911dfc-NettyServerStreamRpc-bossGroup--thread1] INFO  logging.LoggingHandler (AbstractInternalLogger.java:log(148)) - [id: 0xe2482feb, L:/0.0.0.0:15048] ACTIVE
2025-09-07 09:46:47,957 [90a60b70-6b91-4fb2-a612-7ac0b6911dfc-impl-thread1] INFO  server.RaftServer (RaftServerProxy.java:initGroupDir(270)) - 90a60b70-6b91-4fb2-a612-7ac0b6911dfc: found a subdirectory /home/runner/work/ozone/ozone/hadoop-ozone/integration-test/target/test-dir/MiniOzoneClusterImpl-023d5a78-e64c-43f3-a4d9-6f7884931d6c/ozone-metadata/datanode-5/ratis/de1a2be5-feda-49eb-9ee6-09a5c1734f32
2025-09-07 09:46:47,958 [90a60b70-6b91-4fb2-a612-7ac0b6911dfc-impl-thread1] INFO  server.RaftServer (RaftServerProxy.java:addNew(105)) - 90a60b70-6b91-4fb2-a612-7ac0b6911dfc: addNew group-09A5C1734F32:[] returns group-09A5C1734F32:java.util.concurrent.CompletableFuture@6e2b24d7[Not completed]
2025-09-07 09:46:47,958 [90a60b70-6b91-4fb2-a612-7ac0b6911dfc-impl-thread1] INFO  server.RaftServer (RaftServerProxy.java:initGroupDir(270)) - 90a60b70-6b91-4fb2-a612-7ac0b6911dfc: found a subdirectory /home/runner/work/ozone/ozone/hadoop-ozone/integration-test/target/test-dir/MiniOzoneClusterImpl-023d5a78-e64c-43f3-a4d9-6f7884931d6c/ozone-metadata/datanode-5/ratis/d8d7c1c9-dd4a-4c6e-b9b0-9e511d2458d0
2025-09-07 09:46:47,958 [90a60b70-6b91-4fb2-a612-7ac0b6911dfc-impl-thread1] INFO  server.RaftServer (RaftServerProxy.java:addNew(105)) - 90a60b70-6b91-4fb2-a612-7ac0b6911dfc: addNew group-9E511D2458D0:[] returns group-9E511D2458D0:java.util.concurrent.CompletableFuture@41f0a950[Not completed]
2025-09-07 09:46:47,958 [90a60b70-6b91-4fb2-a612-7ac0b6911dfc-impl-thread1] INFO  server.RaftServer (RaftServerProxy.java:initGroupDir(270)) - 90a60b70-6b91-4fb2-a612-7ac0b6911dfc: found a subdirectory /home/runner/work/ozone/ozone/hadoop-ozone/integration-test/target/test-dir/MiniOzoneClusterImpl-023d5a78-e64c-43f3-a4d9-6f7884931d6c/ozone-metadata/datanode-5/ratis/tmp
2025-09-07 09:46:47,958 [90a60b70-6b91-4fb2-a612-7ac0b6911dfc-impl-thread1] INFO  server.RaftServer (RaftServerProxy.java:initGroupDir(275)) - 90a60b70-6b91-4fb2-a612-7ac0b6911dfc: The directory /home/runner/work/ozone/ozone/hadoop-ozone/integration-test/target/test-dir/MiniOzoneClusterImpl-023d5a78-e64c-43f3-a4d9-6f7884931d6c/ozone-metadata/datanode-5/ratis/tmp is not a group directory; ignoring it. 
2025-09-07 09:46:47,958 [90a60b70-6b91-4fb2-a612-7ac0b6911dfc-impl-thread1] INFO  server.RaftServer (RaftServerProxy.java:initGroupDir(270)) - 90a60b70-6b91-4fb2-a612-7ac0b6911dfc: found a subdirectory /home/runner/work/ozone/ozone/hadoop-ozone/integration-test/target/test-dir/MiniOzoneClusterImpl-023d5a78-e64c-43f3-a4d9-6f7884931d6c/ozone-metadata/datanode-5/ratis/290201cc-74e0-4698-a1ce-8ab8e1487aaf
2025-09-07 09:46:47,958 [90a60b70-6b91-4fb2-a612-7ac0b6911dfc-impl-thread1] INFO  server.RaftServer (RaftServerProxy.java:addNew(105)) - 90a60b70-6b91-4fb2-a612-7ac0b6911dfc: addNew group-8AB8E1487AAF:[] returns group-8AB8E1487AAF:java.util.concurrent.CompletableFuture@5f8f8ecc[Not completed]
2025-09-07 09:46:47,958 [ForkJoinPool-1-worker-1] INFO  replication.ReplicationServer (ReplicationServer.java:<init>(84)) - Initializing replication server with thread count = 10 queue length = 4096
2025-09-07 09:46:47,959 [90a60b70-6b91-4fb2-a612-7ac0b6911dfc-groupManagement] INFO  server.RaftServer$Division (RaftServerImpl.java:<init>(268)) - 90a60b70-6b91-4fb2-a612-7ac0b6911dfc: new RaftServerImpl for group-09A5C1734F32:[] with ContainerStateMachine:uninitialized
2025-09-07 09:46:47,959 [ForkJoinPool-1-worker-1] INFO  server.XceiverServerGrpc (XceiverServerGrpc.java:<init>(130)) - GrpcServer channel type EpollServerSocketChannel
2025-09-07 09:46:47,959 [90a60b70-6b91-4fb2-a612-7ac0b6911dfc-groupManagement] INFO  server.RaftServer$Division (ServerState.java:<init>(114)) - 90a60b70-6b91-4fb2-a612-7ac0b6911dfc@group-09A5C1734F32: ConfigurationManager, init=conf: {index: -1, cur=peers:[]|listeners:[], old=null}, confs=<EMPTY_MAP>
2025-09-07 09:46:47,960 [ForkJoinPool-1-worker-1] INFO  replication.ReplicationSupervisor (ReplicationSupervisor.java:build(169)) - Initializing replication supervisor with thread count = 10
2025-09-07 09:46:47,960 [ForkJoinPool-1-worker-1] INFO  replication.ReplicationSupervisor (ReplicationSupervisor.java:nodeStateUpdated(358)) - Node state updated to IN_SERVICE, scaling executor pool size to 10
2025-09-07 09:46:47,963 [ForkJoinPool-1-worker-1] INFO  http.BaseHttpServer (BaseHttpServer.java:newHttpServer2BuilderForOzone(227)) - Starting Web-server for hddsDatanode at: http://0.0.0.0:15042
2025-09-07 09:46:47,963 [ForkJoinPool-1-worker-1] INFO  http.BaseHttpServer (BaseHttpServer.java:<init>(105)) - Hadoop Security Enabled: false Ozone Security Enabled: false Ozone HTTP Security Enabled: false 
2025-09-07 09:46:47,964 [ForkJoinPool-1-worker-1] WARN  server.AuthenticationFilter (AuthenticationFilter.java:constructSecretProvider(240)) - Unable to initialize FileSignerSecretProvider, falling back to use random secrets. Reason: Could not read signature secret file: /home/runner/hadoop-http-auth-signature-secret
2025-09-07 09:46:47,965 [90a60b70-6b91-4fb2-a612-7ac0b6911dfc-groupManagement] INFO  server.RaftServer$Division (RaftServerImpl.java:<init>(268)) - 90a60b70-6b91-4fb2-a612-7ac0b6911dfc: new RaftServerImpl for group-9E511D2458D0:[] with ContainerStateMachine:uninitialized
2025-09-07 09:46:47,965 [90a60b70-6b91-4fb2-a612-7ac0b6911dfc-groupManagement] INFO  server.RaftServer$Division (ServerState.java:<init>(114)) - 90a60b70-6b91-4fb2-a612-7ac0b6911dfc@group-9E511D2458D0: ConfigurationManager, init=conf: {index: -1, cur=peers:[]|listeners:[], old=null}, confs=<EMPTY_MAP>
2025-09-07 09:46:47,967 [ForkJoinPool-1-worker-1] INFO  http.HttpServer2 (HttpServer2.java:addGlobalFilter(1041)) - Added global filter 'safety' (class=org.apache.hadoop.hdds.server.http.HttpServer2$QuotingInputFilter)
2025-09-07 09:46:47,968 [ForkJoinPool-1-worker-1] INFO  http.HttpServer2 (HttpServer2.java:addFilter(1017)) - Added filter static_user_filter (class=org.apache.hadoop.http.lib.StaticUserWebFilter$StaticUserFilter) to context hddsDatanode
2025-09-07 09:46:47,968 [ForkJoinPool-1-worker-1] INFO  http.HttpServer2 (HttpServer2.java:addFilter(1025)) - Added filter static_user_filter (class=org.apache.hadoop.http.lib.StaticUserWebFilter$StaticUserFilter) to context static
2025-09-07 09:46:47,968 [ForkJoinPool-1-worker-1] INFO  http.HttpServer2 (HttpServer2.java:addFilter(1025)) - Added filter static_user_filter (class=org.apache.hadoop.http.lib.StaticUserWebFilter$StaticUserFilter) to context logs
2025-09-07 09:46:47,969 [ForkJoinPool-1-worker-1] INFO  http.BaseHttpServer (BaseHttpServer.java:<init>(193)) - HTTP server of hddsDatanode uses base directory /home/runner/work/ozone/ozone/hadoop-ozone/integration-test/target/test-dir/MiniOzoneClusterImpl-023d5a78-e64c-43f3-a4d9-6f7884931d6c/scm/ozone-metadata/webserver
2025-09-07 09:46:47,969 [ForkJoinPool-1-worker-1] INFO  http.HttpServer2 (HttpServer2.java:bindListener(1241)) - Jetty bound to port 15042
2025-09-07 09:46:47,969 [ForkJoinPool-1-worker-1] INFO  server.Server (Server.java:doStart(375)) - jetty-9.4.58.v20250814; built: 2025-08-14T02:28:49.637Z; git: 8f1440587e9e4ae7db3d74cf205643f3d707148d; jvm 21.0.8+9-LTS
2025-09-07 09:46:47,972 [ForkJoinPool-1-worker-1] INFO  server.session (DefaultSessionIdManager.java:doStart(334)) - DefaultSessionIdManager workerName=node0
2025-09-07 09:46:47,972 [ForkJoinPool-1-worker-1] INFO  server.session (DefaultSessionIdManager.java:doStart(339)) - No SessionScavenger set, using defaults
2025-09-07 09:46:47,973 [ForkJoinPool-1-worker-1] INFO  server.session (HouseKeeper.java:startScavenging(132)) - node0 Scavenging every 600000ms
2025-09-07 09:46:47,972 [90a60b70-6b91-4fb2-a612-7ac0b6911dfc-groupManagement] INFO  server.RaftServer$Division (RaftServerImpl.java:<init>(268)) - 90a60b70-6b91-4fb2-a612-7ac0b6911dfc: new RaftServerImpl for group-8AB8E1487AAF:[] with ContainerStateMachine:uninitialized
2025-09-07 09:46:47,973 [90a60b70-6b91-4fb2-a612-7ac0b6911dfc-groupManagement] INFO  server.RaftServer$Division (ServerState.java:<init>(114)) - 90a60b70-6b91-4fb2-a612-7ac0b6911dfc@group-8AB8E1487AAF: ConfigurationManager, init=conf: {index: -1, cur=peers:[]|listeners:[], old=null}, confs=<EMPTY_MAP>
2025-09-07 09:46:47,974 [ForkJoinPool-1-worker-1] INFO  handler.ContextHandler (ContextHandler.java:doStart(921)) - Started o.e.j.s.ServletContextHandler@60ab3aa5{logs,/logs,file:///home/runner/work/ozone/ozone/hadoop-ozone/integration-test/target/log,AVAILABLE}
2025-09-07 09:46:47,975 [ForkJoinPool-1-worker-1] INFO  handler.ContextHandler (ContextHandler.java:doStart(921)) - Started o.e.j.s.ServletContextHandler@25651603{static,/static,jar:file:/home/runner/work/ozone/ozone/hadoop-hdds/container-service/target/hdds-container-service-2.1.0-SNAPSHOT.jar!/webapps/static,AVAILABLE}
2025-09-07 09:46:48,118 [ForkJoinPool-1-worker-1] INFO  handler.ContextHandler (ContextHandler.java:doStart(921)) - Started o.e.j.w.WebAppContext@14887fc4{hddsDatanode,/,file:///home/runner/work/ozone/ozone/hadoop-ozone/integration-test/target/test-dir/MiniOzoneClusterImpl-023d5a78-e64c-43f3-a4d9-6f7884931d6c/scm/ozone-metadata/webserver/jetty-0_0_0_0-15042-hdds-container-service-2_1_0-SNAPSHOT_jar-_-any-2311026967235045709/webapp/,AVAILABLE}{jar:file:/home/runner/work/ozone/ozone/hadoop-hdds/container-service/target/hdds-container-service-2.1.0-SNAPSHOT.jar!/webapps/hddsDatanode}
2025-09-07 09:46:48,119 [ForkJoinPool-1-worker-1] INFO  server.AbstractConnector (AbstractConnector.java:doStart(333)) - Started ServerConnector@3eddf913{HTTP/1.1, (http/1.1)}{0.0.0.0:15042}
2025-09-07 09:46:48,119 [ForkJoinPool-1-worker-1] INFO  server.Server (Server.java:doStart(415)) - Started @178865ms
2025-09-07 09:46:48,119 [ForkJoinPool-1-worker-1] WARN  impl.MetricsSystemImpl (MetricsSystemImpl.java:register(279)) - Sink prometheus already exists!
2025-09-07 09:46:48,119 [ForkJoinPool-1-worker-1] INFO  http.BaseHttpServer (BaseHttpServer.java:updateConnectorAddress(357)) - HTTP server of hddsDatanode listening at http://localhost:15042
2025-09-07 09:46:48,119 [ForkJoinPool-1-worker-1] INFO  ipc.CallQueueManager (CallQueueManager.java:<init>(93)) - Using callQueue: class java.util.concurrent.LinkedBlockingQueue, queueCapacity: 1000, scheduler: class org.apache.hadoop.ipc.DefaultRpcScheduler, ipcBackoff: false, ipcFailOver: false.
2025-09-07 09:46:48,119 [ForkJoinPool-1-worker-1] INFO  ipc.Server (Server.java:<init>(1438)) - Listener at 0.0.0.0:15043
2025-09-07 09:46:48,120 [Socket Reader #1 for port 15043] INFO  ipc.Server (Server.java:run(1474)) - Starting Socket Reader #1 for port 15043
2025-09-07 09:46:48,120 [Socket Reader #2 for port 15043] INFO  ipc.Server (Server.java:run(1474)) - Starting Socket Reader #2 for port 15043
2025-09-07 09:46:48,120 [Socket Reader #3 for port 15043] INFO  ipc.Server (Server.java:run(1474)) - Starting Socket Reader #3 for port 15043
2025-09-07 09:46:48,120 [Socket Reader #4 for port 15043] INFO  ipc.Server (Server.java:run(1474)) - Starting Socket Reader #4 for port 15043
2025-09-07 09:46:48,120 [Socket Reader #5 for port 15043] INFO  ipc.Server (Server.java:run(1474)) - Starting Socket Reader #5 for port 15043
2025-09-07 09:46:48,121 [Socket Reader #6 for port 15043] INFO  ipc.Server (Server.java:run(1474)) - Starting Socket Reader #6 for port 15043
2025-09-07 09:46:48,121 [Socket Reader #7 for port 15043] INFO  ipc.Server (Server.java:run(1474)) - Starting Socket Reader #7 for port 15043
2025-09-07 09:46:48,121 [Socket Reader #8 for port 15043] INFO  ipc.Server (Server.java:run(1474)) - Starting Socket Reader #8 for port 15043
2025-09-07 09:46:48,121 [Socket Reader #9 for port 15043] INFO  ipc.Server (Server.java:run(1474)) - Starting Socket Reader #9 for port 15043
2025-09-07 09:46:48,121 [Socket Reader #10 for port 15043] INFO  ipc.Server (Server.java:run(1474)) - Starting Socket Reader #10 for port 15043
2025-09-07 09:46:48,123 [ForkJoinPool-1-worker-1] INFO  ozone.HddsDatanodeService (HddsDatanodeService.java:start(333)) - Datanode start with admins: [admin, runner]
2025-09-07 09:46:48,123 [ForkJoinPool-1-worker-1] INFO  ozone.HddsDatanodeClientProtocolServer (HddsDatanodeClientProtocolServer.java:start(76)) - RPC server for Client /0.0.0.0:15043
2025-09-07 09:46:48,124 [IPC Server Responder] INFO  ipc.Server (Server.java:run(1713)) - IPC Server Responder: starting
2025-09-07 09:46:48,124 [IPC Server listener on 15043] INFO  ipc.Server (Server.java:run(1553)) - IPC Server listener on 15043: starting
2025-09-07 09:46:48,126 [90a60b70-6b91-4fb2-a612-7ac0b6911dfc-DatanodeStateMachineDaemonThread] INFO  statemachine.DatanodeStateMachine (DatanodeStateMachine.java:startStateMachineThread(347)) - Ozone container server started.
2025-09-07 09:46:48,127 [ForkJoinPool-1-worker-1] WARN  dropwizard3.Dm3MetricRegistriesImpl (Dm3MetricRegistriesImpl.java:addReporterRegistration(114)) - New reporters are added after registries were created. Some metrics will be missing from the reporter. Please add reporter before adding any new registry.
2025-09-07 09:46:48,127 [ForkJoinPool-1-worker-1] WARN  dropwizard3.Dm3MetricRegistriesImpl (Dm3MetricRegistriesImpl.java:addReporterRegistration(114)) - New reporters are added after registries were created. Some metrics will be missing from the reporter. Please add reporter before adding any new registry.
2025-09-07 09:46:48,127 [ForkJoinPool-1-worker-1] INFO  impl.MetricsSystemImpl (MetricsSystemImpl.java:init(158)) - HddsDatanode metrics system started (again)
2025-09-07 09:46:48,130 [90a60b70-6b91-4fb2-a612-7ac0b6911dfc-DatanodeStateMachineTaskThread-0] INFO  datanode.InitDatanodeState (InitDatanodeState.java:persistContainerDatanodeDetails(139)) - DatanodeDetails is persisted to /home/runner/work/ozone/ozone/hadoop-ozone/integration-test/target/test-dir/MiniOzoneClusterImpl-023d5a78-e64c-43f3-a4d9-6f7884931d6c/ozone-metadata/datanode-5/ozone-metadata/datanode.id
2025-09-07 09:46:48,144 [ForkJoinPool-1-worker-1] INFO  ozone.HddsDatanodeService (HddsDatanodeService.java:start(236)) - HddsDatanodeService 7c7182dc-ac7f-44a8-b1d4-5d10f99cbcf2(localhost/127.0.0.1)
2025-09-07 09:46:48,145 [ForkJoinPool-1-worker-1] INFO  upgrade.AbstractLayoutVersionManager (AbstractLayoutVersionManager.java:init(80)) - Initializing Layout version manager with metadata layout = WITNESSED_CONTAINER_DB_PROTO_VALUE (version = 9), software layout = WITNESSED_CONTAINER_DB_PROTO_VALUE (version = 9)
2025-09-07 09:46:48,146 [ForkJoinPool-1-worker-1] INFO  statemachine.DatanodeStateMachine (DatanodeStateMachine.java:getEndPointTaskThreadPoolSize(305)) - Datanode State Machine Task Thread Pool size 2
2025-09-07 09:46:48,148 [ForkJoinPool-1-worker-1] INFO  volume.HddsVolume (HddsVolume.java:<init>(162)) - HddsVolume: { id=DS-670d5789-61e1-408c-a8be-006216e53fc7 dir=/home/runner/work/ozone/ozone/hadoop-ozone/integration-test/target/test-dir/MiniOzoneClusterImpl-023d5a78-e64c-43f3-a4d9-6f7884931d6c/ozone-metadata/datanode-4/data-0/hdds type=DISK capacity=9222449699674390527 used=0 available=9222449699674390527 minFree=9222450130714624 committed=0 }
2025-09-07 09:46:48,148 [ForkJoinPool-1-worker-1] INFO  volume.MutableVolumeSet (MutableVolumeSet.java:initializeVolumeSet(175)) - Added Volume : /home/runner/work/ozone/ozone/hadoop-ozone/integration-test/target/test-dir/MiniOzoneClusterImpl-023d5a78-e64c-43f3-a4d9-6f7884931d6c/ozone-metadata/datanode-4/data-0/hdds to VolumeSet
2025-09-07 09:46:48,149 [ForkJoinPool-1-worker-1] INFO  volume.MutableVolumeSet (MutableVolumeSet.java:initializeVolumeSet(175)) - Added Volume : /home/runner/work/ozone/ozone/hadoop-ozone/integration-test/target/test-dir/MiniOzoneClusterImpl-023d5a78-e64c-43f3-a4d9-6f7884931d6c/ozone-metadata/datanode-4/ratis to VolumeSet
2025-09-07 09:46:48,164 [ForkJoinPool.commonPool-worker-3] INFO  utils.DatanodeStoreCache (DatanodeStoreCache.java:addDB(70)) - Added db /home/runner/work/ozone/ozone/hadoop-ozone/integration-test/target/test-dir/MiniOzoneClusterImpl-023d5a78-e64c-43f3-a4d9-6f7884931d6c/ozone-metadata/datanode-4/data-0/hdds/023d5a78-e64c-43f3-a4d9-6f7884931d6c/DS-670d5789-61e1-408c-a8be-006216e53fc7/container.db to cache
2025-09-07 09:46:48,164 [ForkJoinPool.commonPool-worker-3] INFO  volume.HddsVolume (HddsVolume.java:loadDbStore(517)) - SchemaV3 db is loaded at /home/runner/work/ozone/ozone/hadoop-ozone/integration-test/target/test-dir/MiniOzoneClusterImpl-023d5a78-e64c-43f3-a4d9-6f7884931d6c/ozone-metadata/datanode-4/data-0/hdds/023d5a78-e64c-43f3-a4d9-6f7884931d6c/DS-670d5789-61e1-408c-a8be-006216e53fc7/container.db for volume DS-670d5789-61e1-408c-a8be-006216e53fc7
2025-09-07 09:46:48,164 [ForkJoinPool-1-worker-1] INFO  ozoneimpl.OzoneContainer (HddsVolumeUtil.java:loadAllHddsVolumeDbStore(102)) - Load 1 volumes DbStore cost: 16ms
2025-09-07 09:46:48,165 [ForkJoinPool-1-worker-1] WARN  db.DBStoreBuilder (DBStoreBuilder.java:getDBDirPath(158)) - ozone.scm.datanode.id.dir is not configured. We recommend adding this setting. Falling back to ozone.metadata.dirs instead.
2025-09-07 09:46:48,165 [ForkJoinPool-1-worker-1] WARN  db.DBStoreBuilder (DBStoreBuilder.java:getDBDirPath(158)) - ozone.scm.datanode.id.dir is not configured. We recommend adding this setting. Falling back to ozone.metadata.dirs instead.
2025-09-07 09:46:48,176 [ForkJoinPool-1-worker-1] INFO  impl.FilePerChunkStrategy (FilePerChunkStrategy.java:<init>(79)) - ozone.chunk.read.mapped.buffer.max.count is load with 0
2025-09-07 09:46:48,176 [ForkJoinPool-1-worker-1] INFO  impl.FilePerBlockStrategy (FilePerBlockStrategy.java:<init>(88)) - ozone.chunk.read.mapped.buffer.max.count is load with 0
2025-09-07 09:46:48,177 [ForkJoinPool-1-worker-1] INFO  server.RaftServerConfigKeys (ConfUtils.java:logGet(62)) - raft.server.log.appender.buffer.byte-limit = 33554432 (custom)
2025-09-07 09:46:48,178 [ForkJoinPool-1-worker-1] INFO  grpc.GrpcConfigKeys (ConfUtils.java:logFallback(69)) - raft.grpc.admin.host = null (fallback to raft.grpc.server.host)
2025-09-07 09:46:48,178 [ForkJoinPool-1-worker-1] INFO  grpc.GrpcConfigKeys (ConfUtils.java:logGet(62)) - raft.grpc.admin.port = 15038 (custom)
2025-09-07 09:46:48,178 [ForkJoinPool-1-worker-1] INFO  grpc.GrpcConfigKeys (ConfUtils.java:logFallback(69)) - raft.grpc.client.host = null (fallback to raft.grpc.server.host)
2025-09-07 09:46:48,178 [ForkJoinPool-1-worker-1] INFO  grpc.GrpcConfigKeys (ConfUtils.java:logGet(62)) - raft.grpc.client.port = 15037 (custom)
2025-09-07 09:46:48,178 [ForkJoinPool-1-worker-1] INFO  grpc.GrpcConfigKeys (ConfUtils.java:logGet(62)) - raft.grpc.server.port = 15039 (custom)
2025-09-07 09:46:48,178 [ForkJoinPool-1-worker-1] INFO  server.GrpcServicesImpl (ConfUtils.java:logGet(62)) - raft.grpc.message.size.max = 34603008 (custom)
2025-09-07 09:46:48,178 [ForkJoinPool-1-worker-1] INFO  server.GrpcServicesImpl (ConfUtils.java:logGet(62)) - raft.grpc.flow.control.window = 5MB (=5242880) (custom)
2025-09-07 09:46:48,178 [ForkJoinPool-1-worker-1] INFO  server.RaftServerConfigKeys (ConfUtils.java:logGet(62)) - raft.server.log.appender.buffer.byte-limit = 33554432 (custom)
2025-09-07 09:46:48,180 [ForkJoinPool-1-worker-1] INFO  netty.NettyUtils (NettyUtils.java:newEventLoopGroup(74)) - Create EpollEventLoopGroup for 7c7182dc-ac7f-44a8-b1d4-5d10f99cbcf2-NettyServerStreamRpc-bossGroup; Thread size is 0.
2025-09-07 09:46:48,180 [ForkJoinPool-1-worker-1] INFO  netty.NettyUtils (NettyUtils.java:newEventLoopGroup(74)) - Create EpollEventLoopGroup for 7c7182dc-ac7f-44a8-b1d4-5d10f99cbcf2-NettyServerStreamRpc-workerGroup; Thread size is 0.
2025-09-07 09:46:48,180 [ForkJoinPool-1-worker-1] INFO  netty.NettyConfigKeys$DataStream (ConfUtils.java:logGet(62)) - raft.netty.dataStream.port = 15040 (custom)
2025-09-07 09:46:48,181 [ForkJoinPool-1-worker-1] INFO  server.RaftServerConfigKeys (ConfUtils.java:logGet(62)) - raft.server.storage.dir = [/home/runner/work/ozone/ozone/hadoop-ozone/integration-test/target/test-dir/MiniOzoneClusterImpl-023d5a78-e64c-43f3-a4d9-6f7884931d6c/ozone-metadata/datanode-4/ratis] (custom)
2025-09-07 09:46:48,181 [7c7182dc-ac7f-44a8-b1d4-5d10f99cbcf2-NettyServerStreamRpc-bossGroup--thread1] INFO  logging.LoggingHandler (AbstractInternalLogger.java:log(148)) - [id: 0xd04aaab2] REGISTERED
2025-09-07 09:46:48,181 [7c7182dc-ac7f-44a8-b1d4-5d10f99cbcf2-NettyServerStreamRpc-bossGroup--thread1] INFO  logging.LoggingHandler (AbstractInternalLogger.java:log(148)) - [id: 0xd04aaab2] BIND: 0.0.0.0/0.0.0.0:15040
2025-09-07 09:46:48,181 [7c7182dc-ac7f-44a8-b1d4-5d10f99cbcf2-NettyServerStreamRpc-bossGroup--thread1] INFO  logging.LoggingHandler (AbstractInternalLogger.java:log(148)) - [id: 0xd04aaab2, L:/0.0.0.0:15040] ACTIVE
2025-09-07 09:46:48,181 [7c7182dc-ac7f-44a8-b1d4-5d10f99cbcf2-impl-thread1] INFO  server.RaftServer (RaftServerProxy.java:initGroupDir(270)) - 7c7182dc-ac7f-44a8-b1d4-5d10f99cbcf2: found a subdirectory /home/runner/work/ozone/ozone/hadoop-ozone/integration-test/target/test-dir/MiniOzoneClusterImpl-023d5a78-e64c-43f3-a4d9-6f7884931d6c/ozone-metadata/datanode-4/ratis/40ed6c18-2432-483b-87ed-91458cd34e0f
2025-09-07 09:46:48,182 [7c7182dc-ac7f-44a8-b1d4-5d10f99cbcf2-impl-thread1] INFO  server.RaftServer (RaftServerProxy.java:addNew(105)) - 7c7182dc-ac7f-44a8-b1d4-5d10f99cbcf2: addNew group-91458CD34E0F:[] returns group-91458CD34E0F:java.util.concurrent.CompletableFuture@1a48c0f6[Not completed]
2025-09-07 09:46:48,182 [7c7182dc-ac7f-44a8-b1d4-5d10f99cbcf2-impl-thread1] INFO  server.RaftServer (RaftServerProxy.java:initGroupDir(270)) - 7c7182dc-ac7f-44a8-b1d4-5d10f99cbcf2: found a subdirectory /home/runner/work/ozone/ozone/hadoop-ozone/integration-test/target/test-dir/MiniOzoneClusterImpl-023d5a78-e64c-43f3-a4d9-6f7884931d6c/ozone-metadata/datanode-4/ratis/de1a2be5-feda-49eb-9ee6-09a5c1734f32
2025-09-07 09:46:48,182 [7c7182dc-ac7f-44a8-b1d4-5d10f99cbcf2-impl-thread1] INFO  server.RaftServer (RaftServerProxy.java:addNew(105)) - 7c7182dc-ac7f-44a8-b1d4-5d10f99cbcf2: addNew group-09A5C1734F32:[] returns group-09A5C1734F32:java.util.concurrent.CompletableFuture@5ece77c2[Not completed]
2025-09-07 09:46:48,182 [7c7182dc-ac7f-44a8-b1d4-5d10f99cbcf2-impl-thread1] INFO  server.RaftServer (RaftServerProxy.java:initGroupDir(270)) - 7c7182dc-ac7f-44a8-b1d4-5d10f99cbcf2: found a subdirectory /home/runner/work/ozone/ozone/hadoop-ozone/integration-test/target/test-dir/MiniOzoneClusterImpl-023d5a78-e64c-43f3-a4d9-6f7884931d6c/ozone-metadata/datanode-4/ratis/d8d7c1c9-dd4a-4c6e-b9b0-9e511d2458d0
2025-09-07 09:46:48,182 [7c7182dc-ac7f-44a8-b1d4-5d10f99cbcf2-impl-thread1] INFO  server.RaftServer (RaftServerProxy.java:addNew(105)) - 7c7182dc-ac7f-44a8-b1d4-5d10f99cbcf2: addNew group-9E511D2458D0:[] returns group-9E511D2458D0:java.util.concurrent.CompletableFuture@2b18fd74[Not completed]
2025-09-07 09:46:48,182 [7c7182dc-ac7f-44a8-b1d4-5d10f99cbcf2-impl-thread1] INFO  server.RaftServer (RaftServerProxy.java:initGroupDir(270)) - 7c7182dc-ac7f-44a8-b1d4-5d10f99cbcf2: found a subdirectory /home/runner/work/ozone/ozone/hadoop-ozone/integration-test/target/test-dir/MiniOzoneClusterImpl-023d5a78-e64c-43f3-a4d9-6f7884931d6c/ozone-metadata/datanode-4/ratis/tmp
2025-09-07 09:46:48,182 [7c7182dc-ac7f-44a8-b1d4-5d10f99cbcf2-impl-thread1] INFO  server.RaftServer (RaftServerProxy.java:initGroupDir(275)) - 7c7182dc-ac7f-44a8-b1d4-5d10f99cbcf2: The directory /home/runner/work/ozone/ozone/hadoop-ozone/integration-test/target/test-dir/MiniOzoneClusterImpl-023d5a78-e64c-43f3-a4d9-6f7884931d6c/ozone-metadata/datanode-4/ratis/tmp is not a group directory; ignoring it. 
2025-09-07 09:46:48,182 [ForkJoinPool-1-worker-1] INFO  replication.ReplicationServer (ReplicationServer.java:<init>(84)) - Initializing replication server with thread count = 10 queue length = 4096
2025-09-07 09:46:48,183 [ForkJoinPool-1-worker-1] INFO  server.XceiverServerGrpc (XceiverServerGrpc.java:<init>(130)) - GrpcServer channel type EpollServerSocketChannel
2025-09-07 09:46:48,183 [7c7182dc-ac7f-44a8-b1d4-5d10f99cbcf2-groupManagement] INFO  server.RaftServer$Division (RaftServerImpl.java:<init>(268)) - 7c7182dc-ac7f-44a8-b1d4-5d10f99cbcf2: new RaftServerImpl for group-91458CD34E0F:[] with ContainerStateMachine:uninitialized
2025-09-07 09:46:48,183 [7c7182dc-ac7f-44a8-b1d4-5d10f99cbcf2-groupManagement] INFO  server.RaftServer$Division (ServerState.java:<init>(114)) - 7c7182dc-ac7f-44a8-b1d4-5d10f99cbcf2@group-91458CD34E0F: ConfigurationManager, init=conf: {index: -1, cur=peers:[]|listeners:[], old=null}, confs=<EMPTY_MAP>
2025-09-07 09:46:48,184 [ForkJoinPool-1-worker-1] INFO  replication.ReplicationSupervisor (ReplicationSupervisor.java:build(169)) - Initializing replication supervisor with thread count = 10
2025-09-07 09:46:48,184 [ForkJoinPool-1-worker-1] INFO  replication.ReplicationSupervisor (ReplicationSupervisor.java:nodeStateUpdated(358)) - Node state updated to IN_SERVICE, scaling executor pool size to 10
2025-09-07 09:46:48,186 [ForkJoinPool-1-worker-1] INFO  http.BaseHttpServer (BaseHttpServer.java:newHttpServer2BuilderForOzone(227)) - Starting Web-server for hddsDatanode at: http://0.0.0.0:15034
2025-09-07 09:46:48,186 [ForkJoinPool-1-worker-1] INFO  http.BaseHttpServer (BaseHttpServer.java:<init>(105)) - Hadoop Security Enabled: false Ozone Security Enabled: false Ozone HTTP Security Enabled: false 
2025-09-07 09:46:48,187 [7c7182dc-ac7f-44a8-b1d4-5d10f99cbcf2-groupManagement] INFO  server.RaftServer$Division (RaftServerImpl.java:<init>(268)) - 7c7182dc-ac7f-44a8-b1d4-5d10f99cbcf2: new RaftServerImpl for group-09A5C1734F32:[] with ContainerStateMachine:uninitialized
2025-09-07 09:46:48,187 [7c7182dc-ac7f-44a8-b1d4-5d10f99cbcf2-groupManagement] INFO  server.RaftServer$Division (ServerState.java:<init>(114)) - 7c7182dc-ac7f-44a8-b1d4-5d10f99cbcf2@group-09A5C1734F32: ConfigurationManager, init=conf: {index: -1, cur=peers:[]|listeners:[], old=null}, confs=<EMPTY_MAP>
2025-09-07 09:46:48,187 [ForkJoinPool-1-worker-1] WARN  server.AuthenticationFilter (AuthenticationFilter.java:constructSecretProvider(240)) - Unable to initialize FileSignerSecretProvider, falling back to use random secrets. Reason: Could not read signature secret file: /home/runner/hadoop-http-auth-signature-secret
2025-09-07 09:46:48,190 [ForkJoinPool-1-worker-1] INFO  http.HttpServer2 (HttpServer2.java:addGlobalFilter(1041)) - Added global filter 'safety' (class=org.apache.hadoop.hdds.server.http.HttpServer2$QuotingInputFilter)
2025-09-07 09:46:48,191 [ForkJoinPool-1-worker-1] INFO  http.HttpServer2 (HttpServer2.java:addFilter(1017)) - Added filter static_user_filter (class=org.apache.hadoop.http.lib.StaticUserWebFilter$StaticUserFilter) to context hddsDatanode
2025-09-07 09:46:48,191 [ForkJoinPool-1-worker-1] INFO  http.HttpServer2 (HttpServer2.java:addFilter(1025)) - Added filter static_user_filter (class=org.apache.hadoop.http.lib.StaticUserWebFilter$StaticUserFilter) to context static
2025-09-07 09:46:48,191 [ForkJoinPool-1-worker-1] INFO  http.HttpServer2 (HttpServer2.java:addFilter(1025)) - Added filter static_user_filter (class=org.apache.hadoop.http.lib.StaticUserWebFilter$StaticUserFilter) to context logs
2025-09-07 09:46:48,192 [7c7182dc-ac7f-44a8-b1d4-5d10f99cbcf2-groupManagement] INFO  server.RaftServer$Division (RaftServerImpl.java:<init>(268)) - 7c7182dc-ac7f-44a8-b1d4-5d10f99cbcf2: new RaftServerImpl for group-9E511D2458D0:[] with ContainerStateMachine:uninitialized
2025-09-07 09:46:48,192 [ForkJoinPool-1-worker-1] INFO  http.BaseHttpServer (BaseHttpServer.java:<init>(193)) - HTTP server of hddsDatanode uses base directory /home/runner/work/ozone/ozone/hadoop-ozone/integration-test/target/test-dir/MiniOzoneClusterImpl-023d5a78-e64c-43f3-a4d9-6f7884931d6c/scm/ozone-metadata/webserver
2025-09-07 09:46:48,192 [7c7182dc-ac7f-44a8-b1d4-5d10f99cbcf2-groupManagement] INFO  server.RaftServer$Division (ServerState.java:<init>(114)) - 7c7182dc-ac7f-44a8-b1d4-5d10f99cbcf2@group-9E511D2458D0: ConfigurationManager, init=conf: {index: -1, cur=peers:[]|listeners:[], old=null}, confs=<EMPTY_MAP>
2025-09-07 09:46:48,192 [ForkJoinPool-1-worker-1] INFO  http.HttpServer2 (HttpServer2.java:bindListener(1241)) - Jetty bound to port 15034
2025-09-07 09:46:48,192 [ForkJoinPool-1-worker-1] INFO  server.Server (Server.java:doStart(375)) - jetty-9.4.58.v20250814; built: 2025-08-14T02:28:49.637Z; git: 8f1440587e9e4ae7db3d74cf205643f3d707148d; jvm 21.0.8+9-LTS
2025-09-07 09:46:48,194 [ForkJoinPool-1-worker-1] INFO  server.session (DefaultSessionIdManager.java:doStart(334)) - DefaultSessionIdManager workerName=node0
2025-09-07 09:46:48,194 [ForkJoinPool-1-worker-1] INFO  server.session (DefaultSessionIdManager.java:doStart(339)) - No SessionScavenger set, using defaults
2025-09-07 09:46:48,194 [ForkJoinPool-1-worker-1] INFO  server.session (HouseKeeper.java:startScavenging(132)) - node0 Scavenging every 660000ms
2025-09-07 09:46:48,195 [ForkJoinPool-1-worker-1] INFO  handler.ContextHandler (ContextHandler.java:doStart(921)) - Started o.e.j.s.ServletContextHandler@c2ddf14{logs,/logs,file:///home/runner/work/ozone/ozone/hadoop-ozone/integration-test/target/log,AVAILABLE}
2025-09-07 09:46:48,195 [ForkJoinPool-1-worker-1] INFO  handler.ContextHandler (ContextHandler.java:doStart(921)) - Started o.e.j.s.ServletContextHandler@527d380{static,/static,jar:file:/home/runner/work/ozone/ozone/hadoop-hdds/container-service/target/hdds-container-service-2.1.0-SNAPSHOT.jar!/webapps/static,AVAILABLE}
2025-09-07 09:46:48,338 [ForkJoinPool-1-worker-1] INFO  handler.ContextHandler (ContextHandler.java:doStart(921)) - Started o.e.j.w.WebAppContext@4cd641a2{hddsDatanode,/,file:///home/runner/work/ozone/ozone/hadoop-ozone/integration-test/target/test-dir/MiniOzoneClusterImpl-023d5a78-e64c-43f3-a4d9-6f7884931d6c/scm/ozone-metadata/webserver/jetty-0_0_0_0-15034-hdds-container-service-2_1_0-SNAPSHOT_jar-_-any-14271596141654850124/webapp/,AVAILABLE}{jar:file:/home/runner/work/ozone/ozone/hadoop-hdds/container-service/target/hdds-container-service-2.1.0-SNAPSHOT.jar!/webapps/hddsDatanode}
2025-09-07 09:46:48,338 [ForkJoinPool-1-worker-1] INFO  server.AbstractConnector (AbstractConnector.java:doStart(333)) - Started ServerConnector@6d0d63ac{HTTP/1.1, (http/1.1)}{0.0.0.0:15034}
2025-09-07 09:46:48,338 [ForkJoinPool-1-worker-1] INFO  server.Server (Server.java:doStart(415)) - Started @179084ms
2025-09-07 09:46:48,338 [ForkJoinPool-1-worker-1] WARN  impl.MetricsSystemImpl (MetricsSystemImpl.java:register(279)) - Sink prometheus already exists!
2025-09-07 09:46:48,339 [ForkJoinPool-1-worker-1] INFO  http.BaseHttpServer (BaseHttpServer.java:updateConnectorAddress(357)) - HTTP server of hddsDatanode listening at http://localhost:15034
2025-09-07 09:46:48,339 [ForkJoinPool-1-worker-1] INFO  ipc.CallQueueManager (CallQueueManager.java:<init>(93)) - Using callQueue: class java.util.concurrent.LinkedBlockingQueue, queueCapacity: 1000, scheduler: class org.apache.hadoop.ipc.DefaultRpcScheduler, ipcBackoff: false, ipcFailOver: false.
2025-09-07 09:46:48,339 [ForkJoinPool-1-worker-1] INFO  ipc.Server (Server.java:<init>(1438)) - Listener at 0.0.0.0:15035
2025-09-07 09:46:48,339 [Socket Reader #1 for port 15035] INFO  ipc.Server (Server.java:run(1474)) - Starting Socket Reader #1 for port 15035
2025-09-07 09:46:48,340 [Socket Reader #2 for port 15035] INFO  ipc.Server (Server.java:run(1474)) - Starting Socket Reader #2 for port 15035
2025-09-07 09:46:48,340 [Socket Reader #3 for port 15035] INFO  ipc.Server (Server.java:run(1474)) - Starting Socket Reader #3 for port 15035
2025-09-07 09:46:48,340 [Socket Reader #4 for port 15035] INFO  ipc.Server (Server.java:run(1474)) - Starting Socket Reader #4 for port 15035
2025-09-07 09:46:48,340 [Socket Reader #5 for port 15035] INFO  ipc.Server (Server.java:run(1474)) - Starting Socket Reader #5 for port 15035
2025-09-07 09:46:48,340 [Socket Reader #6 for port 15035] INFO  ipc.Server (Server.java:run(1474)) - Starting Socket Reader #6 for port 15035
2025-09-07 09:46:48,340 [Socket Reader #7 for port 15035] INFO  ipc.Server (Server.java:run(1474)) - Starting Socket Reader #7 for port 15035
2025-09-07 09:46:48,340 [Socket Reader #8 for port 15035] INFO  ipc.Server (Server.java:run(1474)) - Starting Socket Reader #8 for port 15035
2025-09-07 09:46:48,341 [Socket Reader #9 for port 15035] INFO  ipc.Server (Server.java:run(1474)) - Starting Socket Reader #9 for port 15035
2025-09-07 09:46:48,341 [Socket Reader #10 for port 15035] INFO  ipc.Server (Server.java:run(1474)) - Starting Socket Reader #10 for port 15035
2025-09-07 09:46:48,342 [ForkJoinPool-1-worker-1] INFO  ozone.HddsDatanodeService (HddsDatanodeService.java:start(333)) - Datanode start with admins: [admin, runner]
2025-09-07 09:46:48,342 [ForkJoinPool-1-worker-1] INFO  ozone.HddsDatanodeClientProtocolServer (HddsDatanodeClientProtocolServer.java:start(76)) - RPC server for Client /0.0.0.0:15035
2025-09-07 09:46:48,342 [IPC Server Responder] INFO  ipc.Server (Server.java:run(1713)) - IPC Server Responder: starting
2025-09-07 09:46:48,342 [IPC Server listener on 15035] INFO  ipc.Server (Server.java:run(1553)) - IPC Server listener on 15035: starting
2025-09-07 09:46:48,344 [ForkJoinPool-1-worker-1] INFO  ozone.MiniOzoneClusterImpl (MiniOzoneClusterImpl.java:lambda$waitForClusterToBeReady$0(181)) - Nodes are ready. Got 10 of 10 DN Heartbeats.
2025-09-07 09:46:48,344 [ForkJoinPool-1-worker-1] INFO  ozone.MiniOzoneClusterImpl (MiniOzoneClusterImpl.java:lambda$waitForClusterToBeReady$0(184)) - Cluster exits safe mode
2025-09-07 09:46:48,344 [ForkJoinPool-1-worker-1] INFO  ozone.MiniOzoneClusterImpl (MiniOzoneClusterImpl.java:lambda$waitForClusterToBeReady$0(186)) - SCM became leader
2025-09-07 09:46:48,345 [7c7182dc-ac7f-44a8-b1d4-5d10f99cbcf2-DatanodeStateMachineDaemonThread] INFO  statemachine.DatanodeStateMachine (DatanodeStateMachine.java:startStateMachineThread(347)) - Ozone container server started.
2025-09-07 09:46:48,349 [7c7182dc-ac7f-44a8-b1d4-5d10f99cbcf2-DatanodeStateMachineTaskThread-0] INFO  datanode.InitDatanodeState (InitDatanodeState.java:persistContainerDatanodeDetails(139)) - DatanodeDetails is persisted to /home/runner/work/ozone/ozone/hadoop-ozone/integration-test/target/test-dir/MiniOzoneClusterImpl-023d5a78-e64c-43f3-a4d9-6f7884931d6c/ozone-metadata/datanode-4/ozone-metadata/datanode.id
2025-09-07 09:46:48,389 [ForkJoinPool-1-worker-1] INFO  ozoneimpl.OzoneContainer (OzoneContainer.java:stop(549)) - Attempting to stop container services.
2025-09-07 09:46:48,389 [ContainerMetadataScanner] WARN  ozoneimpl.AbstractBackgroundContainerScanner (AbstractBackgroundContainerScanner.java:handleRemainingSleep(136)) - Background container scan was interrupted.
2025-09-07 09:46:48,389 [ContainerMetadataScanner] INFO  ozoneimpl.AbstractBackgroundContainerScanner (AbstractBackgroundContainerScanner.java:run(63)) - org.apache.hadoop.ozone.container.ozoneimpl.BackgroundContainerMetadataScanner@4a11e0f0 exiting.
2025-09-07 09:46:48,389 [ForkJoinPool-1-worker-1] INFO  ozoneimpl.BackgroundContainerDataScanner (BackgroundContainerDataScanner.java:shutdown(87)) - ContainerDataScanner(/home/runner/work/ozone/ozone/hadoop-ozone/integration-test/target/test-dir/MiniOzoneClusterImpl-023d5a78-e64c-43f3-a4d9-6f7884931d6c/ozone-metadata/datanode-1/data-0/hdds) is shutting down. 
2025-09-07 09:46:48,390 [ContainerDataScanner(/home/runner/work/ozone/ozone/hadoop-ozone/integration-test/target/test-dir/MiniOzoneClusterImpl-023d5a78-e64c-43f3-a4d9-6f7884931d6c/ozone-metadata/datanode-1/data-0/hdds)] WARN  ozoneimpl.AbstractBackgroundContainerScanner (AbstractBackgroundContainerScanner.java:handleRemainingSleep(136)) - Background container scan was interrupted.
2025-09-07 09:46:48,390 [ContainerDataScanner(/home/runner/work/ozone/ozone/hadoop-ozone/integration-test/target/test-dir/MiniOzoneClusterImpl-023d5a78-e64c-43f3-a4d9-6f7884931d6c/ozone-metadata/datanode-1/data-0/hdds)] INFO  ozoneimpl.AbstractBackgroundContainerScanner (AbstractBackgroundContainerScanner.java:run(63)) - ContainerDataScanner(/home/runner/work/ozone/ozone/hadoop-ozone/integration-test/target/test-dir/MiniOzoneClusterImpl-023d5a78-e64c-43f3-a4d9-6f7884931d6c/ozone-metadata/datanode-1/data-0/hdds, DS-5fbd3f51-2257-4844-a78a-38b1b6d3b151) exiting.
2025-09-07 09:46:48,390 [ForkJoinPool-1-worker-1] INFO  ozoneimpl.OnDemandContainerScanner (OnDemandContainerScanner.java:shutdown(141)) - On-demand container scanner is shutting down.
2025-09-07 09:46:48,390 [ForkJoinPool-1-worker-1] INFO  ratis.XceiverServerRatis (XceiverServerRatis.java:stop(597)) - Closing XceiverServerRatis(ff2509eb-55dd-4ad3-b532-83d6209e1a92)
2025-09-07 09:46:48,390 [ForkJoinPool-1-worker-1] INFO  server.RaftServer (RaftServerProxy.java:lambda$close$9(422)) - ff2509eb-55dd-4ad3-b532-83d6209e1a92: close
2025-09-07 09:46:48,391 [ff2509eb-55dd-4ad3-b532-83d6209e1a92-impl-thread4] INFO  server.RaftServer$Division (RaftServerImpl.java:lambda$close$1(527)) - ff2509eb-55dd-4ad3-b532-83d6209e1a92@group-8F87D7C2BFC6: shutdown
2025-09-07 09:46:48,391 [ff2509eb-55dd-4ad3-b532-83d6209e1a92-impl-thread5] INFO  server.RaftServer$Division (RaftServerImpl.java:lambda$close$1(527)) - ff2509eb-55dd-4ad3-b532-83d6209e1a92@group-77DC33C8A8CA: shutdown
2025-09-07 09:46:48,391 [ff2509eb-55dd-4ad3-b532-83d6209e1a92-impl-thread5] INFO  util.JmxRegister (JmxRegister.java:unregister(74)) - Successfully un-registered JMX Bean with object name Ratis:service=RaftServer,group=group-77DC33C8A8CA,id=ff2509eb-55dd-4ad3-b532-83d6209e1a92
2025-09-07 09:46:48,391 [ff2509eb-55dd-4ad3-b532-83d6209e1a92-impl-thread5] INFO  impl.RoleInfo (RoleInfo.java:shutdownLeaderState(103)) - ff2509eb-55dd-4ad3-b532-83d6209e1a92: shutdown ff2509eb-55dd-4ad3-b532-83d6209e1a92@group-77DC33C8A8CA-LeaderStateImpl
2025-09-07 09:46:48,391 [ff2509eb-55dd-4ad3-b532-83d6209e1a92-impl-thread6] INFO  server.RaftServer$Division (RaftServerImpl.java:lambda$close$1(527)) - ff2509eb-55dd-4ad3-b532-83d6209e1a92@group-DDE89B3F2AFE: shutdown
2025-09-07 09:46:48,391 [ff2509eb-55dd-4ad3-b532-83d6209e1a92-impl-thread5] INFO  impl.PendingRequests (PendingRequests.java:sendNotLeaderResponses(287)) - ff2509eb-55dd-4ad3-b532-83d6209e1a92@group-77DC33C8A8CA-PendingRequests: sendNotLeaderResponses
2025-09-07 09:46:48,391 [ff2509eb-55dd-4ad3-b532-83d6209e1a92-impl-thread6] INFO  util.JmxRegister (JmxRegister.java:unregister(74)) - Successfully un-registered JMX Bean with object name Ratis:service=RaftServer,group=group-DDE89B3F2AFE,id=ff2509eb-55dd-4ad3-b532-83d6209e1a92
2025-09-07 09:46:48,391 [ff2509eb-55dd-4ad3-b532-83d6209e1a92-impl-thread6] INFO  impl.RoleInfo (RoleInfo.java:shutdownFollowerState(121)) - ff2509eb-55dd-4ad3-b532-83d6209e1a92: shutdown ff2509eb-55dd-4ad3-b532-83d6209e1a92@group-DDE89B3F2AFE-FollowerState
2025-09-07 09:46:48,391 [ff2509eb-55dd-4ad3-b532-83d6209e1a92-impl-thread6] INFO  impl.StateMachineUpdater (StateMachineUpdater.java:stopAndJoin(163)) - ff2509eb-55dd-4ad3-b532-83d6209e1a92@group-DDE89B3F2AFE-StateMachineUpdater: set stopIndex = 19
2025-09-07 09:46:48,392 [ForkJoinPool-1-worker-1] INFO  server.GrpcServicesImpl (GrpcServicesImpl.java:closeImpl(355)) - ff2509eb-55dd-4ad3-b532-83d6209e1a92: shutdown server org.apache.ratis.grpc.server.GrpcClientProtocolService now
2025-09-07 09:46:48,392 [ff2509eb-55dd-4ad3-b532-83d6209e1a92@group-77DC33C8A8CA->95d41743-cdf0-4105-938b-93fe980aeffc-GrpcLogAppender-LogAppenderDaemon] WARN  server.GrpcLogAppender (GrpcLogAppender.java:mayWait(300)) - ff2509eb-55dd-4ad3-b532-83d6209e1a92@group-77DC33C8A8CA->95d41743-cdf0-4105-938b-93fe980aeffc-GrpcLogAppender: Wait interrupted by java.lang.InterruptedException
2025-09-07 09:46:48,392 [ff2509eb-55dd-4ad3-b532-83d6209e1a92@group-DDE89B3F2AFE-FollowerState] INFO  impl.FollowerState (FollowerState.java:runImpl(170)) - ff2509eb-55dd-4ad3-b532-83d6209e1a92@group-DDE89B3F2AFE-FollowerState was interrupted
2025-09-07 09:46:48,391 [ff2509eb-55dd-4ad3-b532-83d6209e1a92-impl-thread4] INFO  util.JmxRegister (JmxRegister.java:unregister(74)) - Successfully un-registered JMX Bean with object name Ratis:service=RaftServer,group=group-8F87D7C2BFC6,id=ff2509eb-55dd-4ad3-b532-83d6209e1a92
2025-09-07 09:46:48,393 [ff2509eb-55dd-4ad3-b532-83d6209e1a92-impl-thread4] INFO  impl.RoleInfo (RoleInfo.java:shutdownLeaderState(103)) - ff2509eb-55dd-4ad3-b532-83d6209e1a92: shutdown ff2509eb-55dd-4ad3-b532-83d6209e1a92@group-8F87D7C2BFC6-LeaderStateImpl
2025-09-07 09:46:48,393 [ff2509eb-55dd-4ad3-b532-83d6209e1a92-impl-thread4] INFO  impl.PendingRequests (PendingRequests.java:sendNotLeaderResponses(287)) - ff2509eb-55dd-4ad3-b532-83d6209e1a92@group-8F87D7C2BFC6-PendingRequests: sendNotLeaderResponses
2025-09-07 09:46:48,392 [ff2509eb-55dd-4ad3-b532-83d6209e1a92@group-DDE89B3F2AFE-StateMachineUpdater] INFO  ratis.ContainerStateMachine (ContainerStateMachine.java:takeSnapshot(427)) - group-DDE89B3F2AFE: Taking a snapshot at:(t:2, i:19) file /home/runner/work/ozone/ozone/hadoop-ozone/integration-test/target/test-dir/MiniOzoneClusterImpl-023d5a78-e64c-43f3-a4d9-6f7884931d6c/ozone-metadata/datanode-1/ratis/3adef986-442f-409a-a79f-dde89b3f2afe/sm/snapshot.2_19
2025-09-07 09:46:48,393 [ff2509eb-55dd-4ad3-b532-83d6209e1a92-impl-thread4] INFO  impl.StateMachineUpdater (StateMachineUpdater.java:stopAndJoin(163)) - ff2509eb-55dd-4ad3-b532-83d6209e1a92@group-8F87D7C2BFC6-StateMachineUpdater: set stopIndex = 2
2025-09-07 09:46:48,392 [ff2509eb-55dd-4ad3-b532-83d6209e1a92@group-77DC33C8A8CA->8500c972-c6d1-4433-9d49-a8e3bb920002-GrpcLogAppender-LogAppenderDaemon] WARN  server.GrpcLogAppender (GrpcLogAppender.java:mayWait(300)) - ff2509eb-55dd-4ad3-b532-83d6209e1a92@group-77DC33C8A8CA->8500c972-c6d1-4433-9d49-a8e3bb920002-GrpcLogAppender: Wait interrupted by java.lang.InterruptedException
2025-09-07 09:46:48,394 [ff2509eb-55dd-4ad3-b532-83d6209e1a92@group-8F87D7C2BFC6-StateMachineUpdater] INFO  ratis.ContainerStateMachine (ContainerStateMachine.java:takeSnapshot(427)) - group-8F87D7C2BFC6: Taking a snapshot at:(t:2, i:2) file /home/runner/work/ozone/ozone/hadoop-ozone/integration-test/target/test-dir/MiniOzoneClusterImpl-023d5a78-e64c-43f3-a4d9-6f7884931d6c/ozone-metadata/datanode-1/ratis/84ca9d0f-7cf9-4c2b-a636-8f87d7c2bfc6/sm/snapshot.2_2
2025-09-07 09:46:48,394 [grpc-default-executor-1] INFO  server.GrpcServerProtocolService (GrpcServerProtocolService.java:lambda$onCompleted$6(171)) - 95d41743-cdf0-4105-938b-93fe980aeffc: Completed APPEND_ENTRIES, lastRequest: ff2509eb-55dd-4ad3-b532-83d6209e1a92->95d41743-cdf0-4105-938b-93fe980aeffc#2-t4,previous=(t:4, i:5),leaderCommit=5,initializing? false,entries: size=1, first=(t:4, i:6), METADATAENTRY(c:5) 
2025-09-07 09:46:48,394 [grpc-default-executor-1] INFO  server.GrpcServerProtocolService (GrpcServerProtocolService.java:lambda$null$7(175)) - 95d41743-cdf0-4105-938b-93fe980aeffc: Completed APPEND_ENTRIES, lastReply: null 
2025-09-07 09:46:48,395 [ff2509eb-55dd-4ad3-b532-83d6209e1a92-impl-thread5] INFO  impl.StateMachineUpdater (StateMachineUpdater.java:stopAndJoin(163)) - ff2509eb-55dd-4ad3-b532-83d6209e1a92@group-77DC33C8A8CA-StateMachineUpdater: set stopIndex = 6
2025-09-07 09:46:48,395 [ff2509eb-55dd-4ad3-b532-83d6209e1a92@group-77DC33C8A8CA-StateMachineUpdater] INFO  ratis.ContainerStateMachine (ContainerStateMachine.java:takeSnapshot(427)) - group-77DC33C8A8CA: Taking a snapshot at:(t:4, i:6) file /home/runner/work/ozone/ozone/hadoop-ozone/integration-test/target/test-dir/MiniOzoneClusterImpl-023d5a78-e64c-43f3-a4d9-6f7884931d6c/ozone-metadata/datanode-1/ratis/766115e5-0d59-4db5-b7b5-77dc33c8a8ca/sm/snapshot.4_6
2025-09-07 09:46:48,395 [grpc-default-executor-2] INFO  server.GrpcServerProtocolService (GrpcServerProtocolService.java:lambda$onCompleted$6(171)) - 8500c972-c6d1-4433-9d49-a8e3bb920002: Completed APPEND_ENTRIES, lastRequest: ff2509eb-55dd-4ad3-b532-83d6209e1a92->8500c972-c6d1-4433-9d49-a8e3bb920002#3-t4,previous=(t:4, i:5),leaderCommit=5,initializing? false,entries: size=1, first=(t:4, i:6), METADATAENTRY(c:5) 
2025-09-07 09:46:48,395 [grpc-default-executor-2] INFO  server.GrpcServerProtocolService (GrpcServerProtocolService.java:lambda$null$7(175)) - 8500c972-c6d1-4433-9d49-a8e3bb920002: Completed APPEND_ENTRIES, lastReply: null 
2025-09-07 09:46:48,395 [grpc-default-executor-2] INFO  server.GrpcLogAppender (GrpcLogAppender.java:onCompleted(558)) - ff2509eb-55dd-4ad3-b532-83d6209e1a92@group-77DC33C8A8CA->8500c972-c6d1-4433-9d49-a8e3bb920002-AppendLogResponseHandler: follower responses appendEntries COMPLETED
2025-09-07 09:46:48,395 [grpc-default-executor-1] INFO  server.GrpcLogAppender (GrpcLogAppender.java:onCompleted(558)) - ff2509eb-55dd-4ad3-b532-83d6209e1a92@group-77DC33C8A8CA->95d41743-cdf0-4105-938b-93fe980aeffc-AppendLogResponseHandler: follower responses appendEntries COMPLETED
2025-09-07 09:46:48,395 [ff2509eb-55dd-4ad3-b532-83d6209e1a92@group-77DC33C8A8CA-StateMachineUpdater] INFO  ratis.ContainerStateMachine (ContainerStateMachine.java:takeSnapshot(436)) - group-77DC33C8A8CA: Finished taking a snapshot at:(t:4, i:6) file:/home/runner/work/ozone/ozone/hadoop-ozone/integration-test/target/test-dir/MiniOzoneClusterImpl-023d5a78-e64c-43f3-a4d9-6f7884931d6c/ozone-metadata/datanode-1/ratis/766115e5-0d59-4db5-b7b5-77dc33c8a8ca/sm/snapshot.4_6 took: 1 ms
2025-09-07 09:46:48,396 [ff2509eb-55dd-4ad3-b532-83d6209e1a92@group-77DC33C8A8CA-StateMachineUpdater] INFO  impl.StateMachineUpdater (StateMachineUpdater.java:takeSnapshot(307)) - ff2509eb-55dd-4ad3-b532-83d6209e1a92@group-77DC33C8A8CA-StateMachineUpdater: Took a snapshot at index 6
2025-09-07 09:46:48,396 [ff2509eb-55dd-4ad3-b532-83d6209e1a92@group-77DC33C8A8CA-StateMachineUpdater] INFO  impl.StateMachineUpdater (StateMachineUpdater.java:lambda$new$0(101)) - ff2509eb-55dd-4ad3-b532-83d6209e1a92@group-77DC33C8A8CA-StateMachineUpdater: snapshotIndex: updateIncreasingly 0 -> 6
2025-09-07 09:46:48,395 [ff2509eb-55dd-4ad3-b532-83d6209e1a92@group-DDE89B3F2AFE-StateMachineUpdater] INFO  ratis.ContainerStateMachine (ContainerStateMachine.java:takeSnapshot(436)) - group-DDE89B3F2AFE: Finished taking a snapshot at:(t:2, i:19) file:/home/runner/work/ozone/ozone/hadoop-ozone/integration-test/target/test-dir/MiniOzoneClusterImpl-023d5a78-e64c-43f3-a4d9-6f7884931d6c/ozone-metadata/datanode-1/ratis/3adef986-442f-409a-a79f-dde89b3f2afe/sm/snapshot.2_19 took: 3 ms
2025-09-07 09:46:48,396 [ff2509eb-55dd-4ad3-b532-83d6209e1a92@group-77DC33C8A8CA-StateMachineUpdater] INFO  impl.StateMachineUpdater (StateMachineUpdater.java:stop(140)) - ff2509eb-55dd-4ad3-b532-83d6209e1a92@group-77DC33C8A8CA-StateMachineUpdater: closing ContainerStateMachine, lastApplied=(t:4, i:6)
2025-09-07 09:46:48,396 [ff2509eb-55dd-4ad3-b532-83d6209e1a92@group-DDE89B3F2AFE-StateMachineUpdater] INFO  impl.StateMachineUpdater (StateMachineUpdater.java:takeSnapshot(307)) - ff2509eb-55dd-4ad3-b532-83d6209e1a92@group-DDE89B3F2AFE-StateMachineUpdater: Took a snapshot at index 19
2025-09-07 09:46:48,396 [ff2509eb-55dd-4ad3-b532-83d6209e1a92@group-DDE89B3F2AFE-StateMachineUpdater] INFO  impl.StateMachineUpdater (StateMachineUpdater.java:lambda$new$0(101)) - ff2509eb-55dd-4ad3-b532-83d6209e1a92@group-DDE89B3F2AFE-StateMachineUpdater: snapshotIndex: updateIncreasingly 2 -> 19
2025-09-07 09:46:48,396 [ff2509eb-55dd-4ad3-b532-83d6209e1a92@group-DDE89B3F2AFE-StateMachineUpdater] INFO  impl.StateMachineUpdater (StateMachineUpdater.java:stop(140)) - ff2509eb-55dd-4ad3-b532-83d6209e1a92@group-DDE89B3F2AFE-StateMachineUpdater: closing ContainerStateMachine, lastApplied=(t:2, i:19)
2025-09-07 09:46:48,396 [ff2509eb-55dd-4ad3-b532-83d6209e1a92@group-77DC33C8A8CA-cacheEviction-AwaitToRun] INFO  util.AwaitToRun (AwaitToRun.java:run(49)) - ff2509eb-55dd-4ad3-b532-83d6209e1a92@group-77DC33C8A8CA-cacheEviction-AwaitToRun-AwaitForSignal is interrupted
2025-09-07 09:46:48,396 [ff2509eb-55dd-4ad3-b532-83d6209e1a92@group-8F87D7C2BFC6-StateMachineUpdater] INFO  ratis.ContainerStateMachine (ContainerStateMachine.java:takeSnapshot(436)) - group-8F87D7C2BFC6: Finished taking a snapshot at:(t:2, i:2) file:/home/runner/work/ozone/ozone/hadoop-ozone/integration-test/target/test-dir/MiniOzoneClusterImpl-023d5a78-e64c-43f3-a4d9-6f7884931d6c/ozone-metadata/datanode-1/ratis/84ca9d0f-7cf9-4c2b-a636-8f87d7c2bfc6/sm/snapshot.2_2 took: 2 ms
2025-09-07 09:46:48,397 [ff2509eb-55dd-4ad3-b532-83d6209e1a92@group-8F87D7C2BFC6-StateMachineUpdater] INFO  impl.StateMachineUpdater (StateMachineUpdater.java:takeSnapshot(307)) - ff2509eb-55dd-4ad3-b532-83d6209e1a92@group-8F87D7C2BFC6-StateMachineUpdater: Took a snapshot at index 2
2025-09-07 09:46:48,397 [ff2509eb-55dd-4ad3-b532-83d6209e1a92@group-8F87D7C2BFC6-StateMachineUpdater] INFO  impl.StateMachineUpdater (StateMachineUpdater.java:lambda$new$0(101)) - ff2509eb-55dd-4ad3-b532-83d6209e1a92@group-8F87D7C2BFC6-StateMachineUpdater: snapshotIndex: updateIncreasingly 0 -> 2
2025-09-07 09:46:48,397 [ff2509eb-55dd-4ad3-b532-83d6209e1a92@group-8F87D7C2BFC6-StateMachineUpdater] INFO  impl.StateMachineUpdater (StateMachineUpdater.java:stop(140)) - ff2509eb-55dd-4ad3-b532-83d6209e1a92@group-8F87D7C2BFC6-StateMachineUpdater: closing ContainerStateMachine, lastApplied=(t:2, i:2)
2025-09-07 09:46:48,397 [grpc-default-executor-8] INFO  server.GrpcLogAppender (GrpcLogAppender.java:onCompleted(558)) - ff2509eb-55dd-4ad3-b532-83d6209e1a92@group-77DC33C8A8CA->8500c972-c6d1-4433-9d49-a8e3bb920002-AppendLogResponseHandler: follower responses appendEntries COMPLETED
2025-09-07 09:46:48,397 [Thread-2589] INFO  server.GrpcServerProtocolClient (GrpcServerProtocolClient.java:close(105)) - 95d41743-cdf0-4105-938b-93fe980aeffc Close channels
2025-09-07 09:46:48,398 [ff2509eb-55dd-4ad3-b532-83d6209e1a92@group-DDE89B3F2AFE-cacheEviction-AwaitToRun] INFO  util.AwaitToRun (AwaitToRun.java:run(49)) - ff2509eb-55dd-4ad3-b532-83d6209e1a92@group-DDE89B3F2AFE-cacheEviction-AwaitToRun-AwaitForSignal is interrupted
2025-09-07 09:46:48,397 [Thread-2590] INFO  server.GrpcServerProtocolClient (GrpcServerProtocolClient.java:close(105)) - 8500c972-c6d1-4433-9d49-a8e3bb920002 Close channels
2025-09-07 09:46:48,397 [ff2509eb-55dd-4ad3-b532-83d6209e1a92@group-8F87D7C2BFC6-cacheEviction-AwaitToRun] INFO  util.AwaitToRun (AwaitToRun.java:run(49)) - ff2509eb-55dd-4ad3-b532-83d6209e1a92@group-8F87D7C2BFC6-cacheEviction-AwaitToRun-AwaitForSignal is interrupted
2025-09-07 09:46:48,398 [grpc-default-executor-8] WARN  server.GrpcLogAppender (GrpcLogAppender.java:resetClient(237)) - ff2509eb-55dd-4ad3-b532-83d6209e1a92@group-77DC33C8A8CA->8500c972-c6d1-4433-9d49-a8e3bb920002-GrpcLogAppender: Failed to getClient for 8500c972-c6d1-4433-9d49-a8e3bb920002
org.apache.ratis.protocol.exceptions.AlreadyClosedException: ff2509eb-55dd-4ad3-b532-83d6209e1a92 is already CLOSED
	at org.apache.ratis.util.PeerProxyMap$PeerAndProxy.getProxy(PeerProxyMap.java:67)
	at org.apache.ratis.util.PeerProxyMap.getProxy(PeerProxyMap.java:124)
	at org.apache.ratis.grpc.server.GrpcLogAppender.getClient(GrpcLogAppender.java:207)
	at org.apache.ratis.grpc.server.GrpcLogAppender.resetClient(GrpcLogAppender.java:212)
	at org.apache.ratis.grpc.server.GrpcLogAppender.access$800(GrpcLogAppender.java:70)
	at org.apache.ratis.grpc.server.GrpcLogAppender$AppendLogResponseHandler.onCompleted(GrpcLogAppender.java:559)
	at org.apache.ratis.thirdparty.io.grpc.stub.ClientCalls$StreamObserverToCallListenerAdapter.onClose(ClientCalls.java:562)
	at org.apache.ratis.thirdparty.io.grpc.internal.DelayedClientCall$DelayedListener$3.run(DelayedClientCall.java:489)
	at org.apache.ratis.thirdparty.io.grpc.internal.DelayedClientCall$DelayedListener.delayOrExecute(DelayedClientCall.java:453)
	at org.apache.ratis.thirdparty.io.grpc.internal.DelayedClientCall$DelayedListener.onClose(DelayedClientCall.java:486)
	at org.apache.ratis.thirdparty.io.grpc.internal.ClientCallImpl.closeObserver(ClientCallImpl.java:565)
	at org.apache.ratis.thirdparty.io.grpc.internal.ClientCallImpl.access$100(ClientCallImpl.java:72)
	at org.apache.ratis.thirdparty.io.grpc.internal.ClientCallImpl$ClientStreamListenerImpl$1StreamClosed.runInternal(ClientCallImpl.java:733)
	at org.apache.ratis.thirdparty.io.grpc.internal.ClientCallImpl$ClientStreamListenerImpl$1StreamClosed.runInContext(ClientCallImpl.java:714)
	at org.apache.ratis.thirdparty.io.grpc.internal.ContextRunnable.run(ContextRunnable.java:37)
	at org.apache.ratis.thirdparty.io.grpc.internal.SerializingExecutor.run(SerializingExecutor.java:133)
	at java.base/java.util.concurrent.ThreadPoolExecutor.runWorker(ThreadPoolExecutor.java:1144)
	at java.base/java.util.concurrent.ThreadPoolExecutor$Worker.run(ThreadPoolExecutor.java:642)
	at java.base/java.lang.Thread.run(Thread.java:1583)
2025-09-07 09:46:48,399 [ForkJoinPool-1-worker-1] INFO  server.GrpcServicesImpl (GrpcServicesImpl.java:closeImpl(364)) - ff2509eb-55dd-4ad3-b532-83d6209e1a92: shutdown server org.apache.ratis.grpc.server.GrpcClientProtocolService successfully
2025-09-07 09:46:48,400 [ForkJoinPool-1-worker-1] INFO  server.GrpcServicesImpl (GrpcServicesImpl.java:closeImpl(355)) - ff2509eb-55dd-4ad3-b532-83d6209e1a92: shutdown server GrpcServerProtocolService now
2025-09-07 09:46:48,400 [grpc-default-executor-11] INFO  server.GrpcLogAppender (GrpcLogAppender.java:onCompleted(558)) - ff2509eb-55dd-4ad3-b532-83d6209e1a92@group-77DC33C8A8CA->95d41743-cdf0-4105-938b-93fe980aeffc-AppendLogResponseHandler: follower responses appendEntries COMPLETED
2025-09-07 09:46:48,400 [grpc-default-executor-11] WARN  server.GrpcLogAppender (GrpcLogAppender.java:resetClient(237)) - ff2509eb-55dd-4ad3-b532-83d6209e1a92@group-77DC33C8A8CA->95d41743-cdf0-4105-938b-93fe980aeffc-GrpcLogAppender: Failed to getClient for 95d41743-cdf0-4105-938b-93fe980aeffc
org.apache.ratis.protocol.exceptions.AlreadyClosedException: ff2509eb-55dd-4ad3-b532-83d6209e1a92 is already CLOSED
	at org.apache.ratis.util.PeerProxyMap$PeerAndProxy.getProxy(PeerProxyMap.java:67)
	at org.apache.ratis.util.PeerProxyMap.getProxy(PeerProxyMap.java:124)
	at org.apache.ratis.grpc.server.GrpcLogAppender.getClient(GrpcLogAppender.java:207)
	at org.apache.ratis.grpc.server.GrpcLogAppender.resetClient(GrpcLogAppender.java:212)
	at org.apache.ratis.grpc.server.GrpcLogAppender.access$800(GrpcLogAppender.java:70)
	at org.apache.ratis.grpc.server.GrpcLogAppender$AppendLogResponseHandler.onCompleted(GrpcLogAppender.java:559)
	at org.apache.ratis.thirdparty.io.grpc.stub.ClientCalls$StreamObserverToCallListenerAdapter.onClose(ClientCalls.java:562)
	at org.apache.ratis.thirdparty.io.grpc.internal.ClientCallImpl.closeObserver(ClientCallImpl.java:565)
	at org.apache.ratis.thirdparty.io.grpc.internal.ClientCallImpl.access$100(ClientCallImpl.java:72)
	at org.apache.ratis.thirdparty.io.grpc.internal.ClientCallImpl$ClientStreamListenerImpl$1StreamClosed.runInternal(ClientCallImpl.java:733)
	at org.apache.ratis.thirdparty.io.grpc.internal.ClientCallImpl$ClientStreamListenerImpl$1StreamClosed.runInContext(ClientCallImpl.java:714)
	at org.apache.ratis.thirdparty.io.grpc.internal.ContextRunnable.run(ContextRunnable.java:37)
	at org.apache.ratis.thirdparty.io.grpc.internal.SerializingExecutor.run(SerializingExecutor.java:133)
	at java.base/java.util.concurrent.ThreadPoolExecutor.runWorker(ThreadPoolExecutor.java:1144)
	at java.base/java.util.concurrent.ThreadPoolExecutor$Worker.run(ThreadPoolExecutor.java:642)
	at java.base/java.lang.Thread.run(Thread.java:1583)
2025-09-07 09:46:48,401 [ff2509eb-55dd-4ad3-b532-83d6209e1a92-impl-thread5] INFO  segmented.SegmentedRaftLogWorker (SegmentedRaftLogWorker.java:close(254)) - ff2509eb-55dd-4ad3-b532-83d6209e1a92@group-77DC33C8A8CA-SegmentedRaftLogWorker close()
2025-09-07 09:46:48,402 [ff2509eb-55dd-4ad3-b532-83d6209e1a92-impl-thread5] INFO  ratis.ContainerStateMachine (ContainerStateMachine.java:notifyServerShutdown(1038)) - group-77DC33C8A8CA is closed by HddsDatanodeService
2025-09-07 09:46:48,402 [grpc-default-executor-2] WARN  server.GrpcServerProtocolService (LogUtils.java:warn(127)) - ff2509eb-55dd-4ad3-b532-83d6209e1a92: APPEND_ENTRIES onError, lastRequest: 95d41743-cdf0-4105-938b-93fe980aeffc->ff2509eb-55dd-4ad3-b532-83d6209e1a92#255-t2,previous=(t:2, i:19),leaderCommit=19,initializing? false,entries: size=1, first=(t:2, i:20), METADATAENTRY(c:19): org.apache.ratis.thirdparty.io.grpc.StatusRuntimeException: CANCELLED: client cancelled
2025-09-07 09:46:48,402 [grpc-default-executor-2] WARN  server.GrpcLogAppender (LogUtils.java:warn(127)) - 95d41743-cdf0-4105-938b-93fe980aeffc@group-DDE89B3F2AFE->ff2509eb-55dd-4ad3-b532-83d6209e1a92-AppendLogResponseHandler: Failed appendEntries: org.apache.ratis.thirdparty.io.grpc.StatusRuntimeException: CANCELLED: RST_STREAM closed stream. HTTP/2 error code: CANCEL
2025-09-07 09:46:48,402 [grpc-default-executor-11] WARN  server.GrpcServerProtocolService (LogUtils.java:warn(127)) - ff2509eb-55dd-4ad3-b532-83d6209e1a92: APPEND_ENTRIES onError, lastRequest: null: org.apache.ratis.thirdparty.io.grpc.StatusRuntimeException: CANCELLED: client cancelled
2025-09-07 09:46:48,402 [grpc-default-executor-2] WARN  server.GrpcLogAppender (GrpcLogAppender.java:lambda$resetClient$1(228)) - 95d41743-cdf0-4105-938b-93fe980aeffc@group-DDE89B3F2AFE->ff2509eb-55dd-4ad3-b532-83d6209e1a92-GrpcLogAppender: Follower failed (request=null, errorCount=1); keep nextIndex (21) unchanged and retry.
2025-09-07 09:46:48,402 [ForkJoinPool-1-worker-1] INFO  server.GrpcServicesImpl (GrpcServicesImpl.java:closeImpl(364)) - ff2509eb-55dd-4ad3-b532-83d6209e1a92: shutdown server GrpcServerProtocolService successfully
2025-09-07 09:46:48,402 [ForkJoinPool-1-worker-1] INFO  server.GrpcServicesImpl (GrpcServicesImpl.java:closeImpl(355)) - ff2509eb-55dd-4ad3-b532-83d6209e1a92: shutdown server org.apache.ratis.grpc.server.GrpcAdminProtocolService now
2025-09-07 09:46:48,403 [ForkJoinPool-1-worker-1] INFO  server.GrpcServicesImpl (GrpcServicesImpl.java:closeImpl(364)) - ff2509eb-55dd-4ad3-b532-83d6209e1a92: shutdown server org.apache.ratis.grpc.server.GrpcAdminProtocolService successfully
2025-09-07 09:46:48,403 [ff2509eb-55dd-4ad3-b532-83d6209e1a92-NettyServerStreamRpc-bossGroup--thread1] INFO  logging.LoggingHandler (AbstractInternalLogger.java:log(148)) - [id: 0xbf2aff66, L:/0.0.0.0:15016] CLOSE
2025-09-07 09:46:48,403 [ff2509eb-55dd-4ad3-b532-83d6209e1a92-NettyServerStreamRpc-bossGroup--thread1] INFO  logging.LoggingHandler (AbstractInternalLogger.java:log(148)) - [id: 0xbf2aff66, L:/0.0.0.0:15016] INACTIVE
2025-09-07 09:46:48,403 [ff2509eb-55dd-4ad3-b532-83d6209e1a92-NettyServerStreamRpc-bossGroup--thread1] INFO  logging.LoggingHandler (AbstractInternalLogger.java:log(148)) - [id: 0xbf2aff66, L:/0.0.0.0:15016] UNREGISTERED
2025-09-07 09:46:48,483 [e6e13cb3-e32b-4d2d-874a-1e4700c67398@group-9E511D2458D0-FollowerState] INFO  impl.FollowerState (FollowerState.java:runImpl(161)) - e6e13cb3-e32b-4d2d-874a-1e4700c67398@group-9E511D2458D0-FollowerState: change to CANDIDATE, lastRpcElapsedTime:1022357208ns, electionTimeout:1022ms
2025-09-07 09:46:48,483 [e6e13cb3-e32b-4d2d-874a-1e4700c67398@group-9E511D2458D0-FollowerState] INFO  impl.RoleInfo (RoleInfo.java:shutdownFollowerState(121)) - e6e13cb3-e32b-4d2d-874a-1e4700c67398: shutdown e6e13cb3-e32b-4d2d-874a-1e4700c67398@group-9E511D2458D0-FollowerState
2025-09-07 09:46:48,483 [e6e13cb3-e32b-4d2d-874a-1e4700c67398@group-9E511D2458D0-FollowerState] INFO  server.RaftServer$Division (RaftServerImpl.java:setRole(392)) - e6e13cb3-e32b-4d2d-874a-1e4700c67398@group-9E511D2458D0: changes role from  FOLLOWER to CANDIDATE at term 1 for changeToCandidate
2025-09-07 09:46:48,483 [e6e13cb3-e32b-4d2d-874a-1e4700c67398@group-9E511D2458D0-FollowerState] INFO  impl.RoleInfo (RoleInfo.java:updateAndGet(148)) - e6e13cb3-e32b-4d2d-874a-1e4700c67398: start e6e13cb3-e32b-4d2d-874a-1e4700c67398@group-9E511D2458D0-LeaderElection260
2025-09-07 09:46:48,483 [e6e13cb3-e32b-4d2d-874a-1e4700c67398@group-9E511D2458D0-LeaderElection260] INFO  impl.LeaderElection (LeaderElection.java:askForVotes(448)) - e6e13cb3-e32b-4d2d-874a-1e4700c67398@group-9E511D2458D0-LeaderElection260 PRE_VOTE round 0: submit vote requests at term 1 for conf: {index: 0, cur=peers:[90a60b70-6b91-4fb2-a612-7ac0b6911dfc|127.0.0.1:15047, e6e13cb3-e32b-4d2d-874a-1e4700c67398|127.0.0.1:15055, 7c7182dc-ac7f-44a8-b1d4-5d10f99cbcf2|127.0.0.1:15039]|listeners:[], old=null}
2025-09-07 09:46:48,484 [e6e13cb3-e32b-4d2d-874a-1e4700c67398@group-9E511D2458D0-LeaderElection260] INFO  impl.LeaderElection (LogUtils.java:infoOrTrace(142)) - e6e13cb3-e32b-4d2d-874a-1e4700c67398@group-9E511D2458D0-LeaderElection260 got exception when requesting votes: java.util.concurrent.ExecutionException: org.apache.ratis.thirdparty.io.grpc.StatusRuntimeException: UNAVAILABLE: io exception
2025-09-07 09:46:48,484 [e6e13cb3-e32b-4d2d-874a-1e4700c67398@group-9E511D2458D0-LeaderElection260] INFO  impl.LeaderElection (LogUtils.java:infoOrTrace(142)) - e6e13cb3-e32b-4d2d-874a-1e4700c67398@group-9E511D2458D0-LeaderElection260 got exception when requesting votes: java.util.concurrent.ExecutionException: org.apache.ratis.thirdparty.io.grpc.StatusRuntimeException: UNAVAILABLE: io exception
2025-09-07 09:46:48,484 [e6e13cb3-e32b-4d2d-874a-1e4700c67398@group-9E511D2458D0-LeaderElection260] INFO  impl.LeaderElection (LeaderElection.java:logAndReturn(206)) - e6e13cb3-e32b-4d2d-874a-1e4700c67398@group-9E511D2458D0-LeaderElection260: PRE_VOTE REJECTED received 0 response(s) and 2 exception(s):
2025-09-07 09:46:48,484 [e6e13cb3-e32b-4d2d-874a-1e4700c67398@group-9E511D2458D0-LeaderElection260] INFO  impl.LeaderElection (LogUtils.java:infoOrTrace(142)) -   Exception 0: java.util.concurrent.ExecutionException: org.apache.ratis.thirdparty.io.grpc.StatusRuntimeException: UNAVAILABLE: io exception
2025-09-07 09:46:48,484 [e6e13cb3-e32b-4d2d-874a-1e4700c67398@group-9E511D2458D0-LeaderElection260] INFO  impl.LeaderElection (LogUtils.java:infoOrTrace(142)) -   Exception 1: java.util.concurrent.ExecutionException: org.apache.ratis.thirdparty.io.grpc.StatusRuntimeException: UNAVAILABLE: io exception
2025-09-07 09:46:48,484 [e6e13cb3-e32b-4d2d-874a-1e4700c67398@group-9E511D2458D0-LeaderElection260] INFO  impl.LeaderElection (LeaderElection.java:askForVotes(450)) - e6e13cb3-e32b-4d2d-874a-1e4700c67398@group-9E511D2458D0-LeaderElection260 PRE_VOTE round 0: result REJECTED
2025-09-07 09:46:48,484 [e6e13cb3-e32b-4d2d-874a-1e4700c67398@group-9E511D2458D0-LeaderElection260] INFO  server.RaftServer$Division (RaftServerImpl.java:setRole(392)) - e6e13cb3-e32b-4d2d-874a-1e4700c67398@group-9E511D2458D0: changes role from CANDIDATE to FOLLOWER at term 1 for REJECTED
2025-09-07 09:46:48,484 [e6e13cb3-e32b-4d2d-874a-1e4700c67398@group-9E511D2458D0-LeaderElection260] INFO  impl.RoleInfo (RoleInfo.java:shutdownLeaderElection(141)) - e6e13cb3-e32b-4d2d-874a-1e4700c67398: shutdown e6e13cb3-e32b-4d2d-874a-1e4700c67398@group-9E511D2458D0-LeaderElection260
2025-09-07 09:46:48,484 [e6e13cb3-e32b-4d2d-874a-1e4700c67398@group-9E511D2458D0-LeaderElection260] INFO  impl.RoleInfo (RoleInfo.java:updateAndGet(148)) - e6e13cb3-e32b-4d2d-874a-1e4700c67398: start e6e13cb3-e32b-4d2d-874a-1e4700c67398@group-9E511D2458D0-FollowerState
2025-09-07 09:46:48,630 [90a60b70-6b91-4fb2-a612-7ac0b6911dfc-ContainerReader-0] INFO  ozoneimpl.ContainerReader (ContainerReader.java:readVolume(147)) - Start to verify containers on volume /home/runner/work/ozone/ozone/hadoop-ozone/integration-test/target/test-dir/MiniOzoneClusterImpl-023d5a78-e64c-43f3-a4d9-6f7884931d6c/ozone-metadata/datanode-5/data-0/hdds
2025-09-07 09:46:48,632 [90a60b70-6b91-4fb2-a612-7ac0b6911dfc-ContainerReader-0] WARN  helpers.KeyValueContainerUtil (KeyValueContainerUtil.java:populateContainerMetadata(330)) - Missing pendingDeleteBlockCount from metadata: recalculate them from block table
2025-09-07 09:46:48,633 [90a60b70-6b91-4fb2-a612-7ac0b6911dfc-ContainerReader-0] INFO  ozoneimpl.ContainerReader (ContainerReader.java:readVolume(177)) - Finish verifying containers on volume /home/runner/work/ozone/ozone/hadoop-ozone/integration-test/target/test-dir/MiniOzoneClusterImpl-023d5a78-e64c-43f3-a4d9-6f7884931d6c/ozone-metadata/datanode-5/data-0/hdds
2025-09-07 09:46:48,633 [90a60b70-6b91-4fb2-a612-7ac0b6911dfc-EndpointStateMachineTaskThread-/0.0.0.0:15002-0 ] INFO  ozoneimpl.OzoneContainer (OzoneContainer.java:buildContainerSet(370)) - Build ContainerSet costs 0s
2025-09-07 09:46:48,634 [90a60b70-6b91-4fb2-a612-7ac0b6911dfc-EndpointStateMachineTaskThread-/0.0.0.0:15002-0 ] INFO  volume.ThrottledAsyncChecker (ThrottledAsyncChecker.java:schedule(138)) - Scheduling a check for /home/runner/work/ozone/ozone/hadoop-ozone/integration-test/target/test-dir/MiniOzoneClusterImpl-023d5a78-e64c-43f3-a4d9-6f7884931d6c/ozone-metadata/datanode-5/data-0/hdds
2025-09-07 09:46:48,634 [90a60b70-6b91-4fb2-a612-7ac0b6911dfc-EndpointStateMachineTaskThread-/0.0.0.0:15002-0 ] INFO  volume.StorageVolumeChecker (StorageVolumeChecker.java:checkAllVolumes(231)) - Scheduled health check for volume /home/runner/work/ozone/ozone/hadoop-ozone/integration-test/target/test-dir/MiniOzoneClusterImpl-023d5a78-e64c-43f3-a4d9-6f7884931d6c/ozone-metadata/datanode-5/data-0/hdds
2025-09-07 09:46:48,639 [90a60b70-6b91-4fb2-a612-7ac0b6911dfc-EndpointStateMachineTaskThread-/0.0.0.0:15002-0 ] INFO  volume.ThrottledAsyncChecker (ThrottledAsyncChecker.java:schedule(138)) - Scheduling a check for /home/runner/work/ozone/ozone/hadoop-ozone/integration-test/target/test-dir/MiniOzoneClusterImpl-023d5a78-e64c-43f3-a4d9-6f7884931d6c/ozone-metadata/datanode-5/ratis
2025-09-07 09:46:48,639 [90a60b70-6b91-4fb2-a612-7ac0b6911dfc-EndpointStateMachineTaskThread-/0.0.0.0:15002-0 ] INFO  volume.StorageVolumeChecker (StorageVolumeChecker.java:checkAllVolumes(231)) - Scheduled health check for volume /home/runner/work/ozone/ozone/hadoop-ozone/integration-test/target/test-dir/MiniOzoneClusterImpl-023d5a78-e64c-43f3-a4d9-6f7884931d6c/ozone-metadata/datanode-5/ratis
2025-09-07 09:46:48,640 [90a60b70-6b91-4fb2-a612-7ac0b6911dfc-EndpointStateMachineTaskThread-/0.0.0.0:15002-0 ] INFO  ozoneimpl.OzoneContainer (OzoneContainer.java:start(525)) - Attempting to start container services.
2025-09-07 09:46:48,641 [ContainerDataScanner(/home/runner/work/ozone/ozone/hadoop-ozone/integration-test/target/test-dir/MiniOzoneClusterImpl-023d5a78-e64c-43f3-a4d9-6f7884931d6c/ozone-metadata/datanode-5/data-0/hdds)] INFO  ozoneimpl.AbstractBackgroundContainerScanner (AbstractBackgroundContainerScanner.java:runIteration(89)) - Completed an iteration in 0 minutes. Number of iterations (since the data-node restart) : 1, Number of containers scanned in this iteration : 0, Number of unhealthy containers found in this iteration : 0
2025-09-07 09:46:48,641 [90a60b70-6b91-4fb2-a612-7ac0b6911dfc-EndpointStateMachineTaskThread-/0.0.0.0:15002-0 ] INFO  replication.ReplicationServer (ReplicationServer.java:start(137)) - ReplicationServer is started using port 15049
2025-09-07 09:46:48,642 [90a60b70-6b91-4fb2-a612-7ac0b6911dfc-EndpointStateMachineTaskThread-/0.0.0.0:15002-0 ] INFO  ratis.XceiverServerRatis (XceiverServerRatis.java:start(562)) - Starting XceiverServerRatis(90a60b70-6b91-4fb2-a612-7ac0b6911dfc)
2025-09-07 09:46:48,643 [ContainerMetadataScanner] INFO  ozoneimpl.AbstractBackgroundContainerScanner (AbstractBackgroundContainerScanner.java:runIteration(89)) - Completed an iteration in 0 minutes. Number of iterations (since the data-node restart) : 1, Number of containers scanned in this iteration : 1, Number of unhealthy containers found in this iteration : 0
2025-09-07 09:46:48,643 [90a60b70-6b91-4fb2-a612-7ac0b6911dfc-impl-thread1] INFO  server.RaftServerConfigKeys (ConfUtils.java:logGet(62)) - raft.server.storage.dir = [/home/runner/work/ozone/ozone/hadoop-ozone/integration-test/target/test-dir/MiniOzoneClusterImpl-023d5a78-e64c-43f3-a4d9-6f7884931d6c/ozone-metadata/datanode-5/ratis] (custom)
2025-09-07 09:46:48,644 [90a60b70-6b91-4fb2-a612-7ac0b6911dfc-impl-thread1] INFO  storage.RaftStorageDirectory (RaftStorageDirectoryImpl.java:tryLock(229)) - Lock on /home/runner/work/ozone/ozone/hadoop-ozone/integration-test/target/test-dir/MiniOzoneClusterImpl-023d5a78-e64c-43f3-a4d9-6f7884931d6c/ozone-metadata/datanode-5/ratis/290201cc-74e0-4698-a1ce-8ab8e1487aaf/in_use.lock acquired by nodename 23079@localhost
2025-09-07 09:46:48,645 [90a60b70-6b91-4fb2-a612-7ac0b6911dfc-impl-thread2] INFO  storage.RaftStorageDirectory (RaftStorageDirectoryImpl.java:tryLock(229)) - Lock on /home/runner/work/ozone/ozone/hadoop-ozone/integration-test/target/test-dir/MiniOzoneClusterImpl-023d5a78-e64c-43f3-a4d9-6f7884931d6c/ozone-metadata/datanode-5/ratis/de1a2be5-feda-49eb-9ee6-09a5c1734f32/in_use.lock acquired by nodename 23079@localhost
2025-09-07 09:46:48,645 [90a60b70-6b91-4fb2-a612-7ac0b6911dfc-impl-thread3] INFO  storage.RaftStorageDirectory (RaftStorageDirectoryImpl.java:tryLock(229)) - Lock on /home/runner/work/ozone/ozone/hadoop-ozone/integration-test/target/test-dir/MiniOzoneClusterImpl-023d5a78-e64c-43f3-a4d9-6f7884931d6c/ozone-metadata/datanode-5/ratis/d8d7c1c9-dd4a-4c6e-b9b0-9e511d2458d0/in_use.lock acquired by nodename 23079@localhost
2025-09-07 09:46:48,645 [90a60b70-6b91-4fb2-a612-7ac0b6911dfc-impl-thread1] INFO  storage.RaftStorage (RaftStorageImpl.java:analyzeAndRecoverStorage(118)) - Read RaftStorageMetadata{term=1, votedFor=90a60b70-6b91-4fb2-a612-7ac0b6911dfc} from /home/runner/work/ozone/ozone/hadoop-ozone/integration-test/target/test-dir/MiniOzoneClusterImpl-023d5a78-e64c-43f3-a4d9-6f7884931d6c/ozone-metadata/datanode-5/ratis/290201cc-74e0-4698-a1ce-8ab8e1487aaf/current/raft-meta
2025-09-07 09:46:48,645 [90a60b70-6b91-4fb2-a612-7ac0b6911dfc-impl-thread2] INFO  storage.RaftStorage (RaftStorageImpl.java:analyzeAndRecoverStorage(118)) - Read RaftStorageMetadata{term=1, votedFor=7c7182dc-ac7f-44a8-b1d4-5d10f99cbcf2} from /home/runner/work/ozone/ozone/hadoop-ozone/integration-test/target/test-dir/MiniOzoneClusterImpl-023d5a78-e64c-43f3-a4d9-6f7884931d6c/ozone-metadata/datanode-5/ratis/de1a2be5-feda-49eb-9ee6-09a5c1734f32/current/raft-meta
2025-09-07 09:46:48,645 [90a60b70-6b91-4fb2-a612-7ac0b6911dfc-impl-thread1] INFO  server.RaftServer$Division (ServerState.java:setRaftConf(386)) - 90a60b70-6b91-4fb2-a612-7ac0b6911dfc@group-8AB8E1487AAF: set configuration conf: {index: 0, cur=peers:[90a60b70-6b91-4fb2-a612-7ac0b6911dfc|127.0.0.1:15047]|listeners:[], old=null}
2025-09-07 09:46:48,645 [90a60b70-6b91-4fb2-a612-7ac0b6911dfc-impl-thread3] INFO  storage.RaftStorage (RaftStorageImpl.java:analyzeAndRecoverStorage(118)) - Read RaftStorageMetadata{term=1, votedFor=e6e13cb3-e32b-4d2d-874a-1e4700c67398} from /home/runner/work/ozone/ozone/hadoop-ozone/integration-test/target/test-dir/MiniOzoneClusterImpl-023d5a78-e64c-43f3-a4d9-6f7884931d6c/ozone-metadata/datanode-5/ratis/d8d7c1c9-dd4a-4c6e-b9b0-9e511d2458d0/current/raft-meta
2025-09-07 09:46:48,645 [90a60b70-6b91-4fb2-a612-7ac0b6911dfc-impl-thread3] INFO  server.RaftServer$Division (ServerState.java:setRaftConf(386)) - 90a60b70-6b91-4fb2-a612-7ac0b6911dfc@group-9E511D2458D0: set configuration conf: {index: 0, cur=peers:[90a60b70-6b91-4fb2-a612-7ac0b6911dfc|127.0.0.1:15047, e6e13cb3-e32b-4d2d-874a-1e4700c67398|127.0.0.1:15055, 7c7182dc-ac7f-44a8-b1d4-5d10f99cbcf2|127.0.0.1:15039]|listeners:[], old=null}
2025-09-07 09:46:48,646 [90a60b70-6b91-4fb2-a612-7ac0b6911dfc-impl-thread3] INFO  ratis.ContainerStateMachine (ContainerStateMachine.java:initialize(339)) - 90a60b70-6b91-4fb2-a612-7ac0b6911dfc: initialize group-9E511D2458D0
2025-09-07 09:46:48,646 [90a60b70-6b91-4fb2-a612-7ac0b6911dfc-impl-thread3] INFO  ratis.ContainerStateMachine (ContainerStateMachine.java:loadSnapshot(356)) - group-9E511D2458D0: Setting the last applied index to (t:1, i:0)
2025-09-07 09:46:48,645 [90a60b70-6b91-4fb2-a612-7ac0b6911dfc-impl-thread2] INFO  server.RaftServer$Division (ServerState.java:setRaftConf(386)) - 90a60b70-6b91-4fb2-a612-7ac0b6911dfc@group-09A5C1734F32: set configuration conf: {index: 0, cur=peers:[90a60b70-6b91-4fb2-a612-7ac0b6911dfc|127.0.0.1:15047, e6e13cb3-e32b-4d2d-874a-1e4700c67398|127.0.0.1:15055, 7c7182dc-ac7f-44a8-b1d4-5d10f99cbcf2|127.0.0.1:15039]|listeners:[], old=null}
2025-09-07 09:46:48,646 [90a60b70-6b91-4fb2-a612-7ac0b6911dfc-impl-thread3] INFO  server.RaftServerConfigKeys (ConfUtils.java:logGet(62)) - raft.server.log.appender.buffer.byte-limit = 33554432 (custom)
2025-09-07 09:46:48,645 [90a60b70-6b91-4fb2-a612-7ac0b6911dfc-impl-thread1] INFO  ratis.ContainerStateMachine (ContainerStateMachine.java:initialize(339)) - 90a60b70-6b91-4fb2-a612-7ac0b6911dfc: initialize group-8AB8E1487AAF
2025-09-07 09:46:48,646 [90a60b70-6b91-4fb2-a612-7ac0b6911dfc-impl-thread2] INFO  ratis.ContainerStateMachine (ContainerStateMachine.java:initialize(339)) - 90a60b70-6b91-4fb2-a612-7ac0b6911dfc: initialize group-09A5C1734F32
2025-09-07 09:46:48,646 [90a60b70-6b91-4fb2-a612-7ac0b6911dfc-impl-thread1] INFO  ratis.ContainerStateMachine (ContainerStateMachine.java:loadSnapshot(356)) - group-8AB8E1487AAF: Setting the last applied index to (t:1, i:0)
2025-09-07 09:46:48,646 [90a60b70-6b91-4fb2-a612-7ac0b6911dfc-impl-thread2] INFO  ratis.ContainerStateMachine (ContainerStateMachine.java:loadSnapshot(356)) - group-09A5C1734F32: Setting the last applied index to (t:1, i:4)
2025-09-07 09:46:48,646 [90a60b70-6b91-4fb2-a612-7ac0b6911dfc-impl-thread1] INFO  server.RaftServerConfigKeys (ConfUtils.java:logGet(62)) - raft.server.log.appender.buffer.byte-limit = 33554432 (custom)
2025-09-07 09:46:48,646 [90a60b70-6b91-4fb2-a612-7ac0b6911dfc-impl-thread2] INFO  server.RaftServerConfigKeys (ConfUtils.java:logGet(62)) - raft.server.log.appender.buffer.byte-limit = 33554432 (custom)
2025-09-07 09:46:48,655 [90a60b70-6b91-4fb2-a612-7ac0b6911dfc-impl-thread3] INFO  server.RaftServerConfigKeys (ConfUtils.java:logGet(62)) - raft.server.log.segment.size.max = 67108864 (custom)
2025-09-07 09:46:48,656 [90a60b70-6b91-4fb2-a612-7ac0b6911dfc-impl-thread1] INFO  server.RaftServerConfigKeys (ConfUtils.java:logGet(62)) - raft.server.log.segment.size.max = 67108864 (custom)
2025-09-07 09:46:48,657 [90a60b70-6b91-4fb2-a612-7ac0b6911dfc-impl-thread2] INFO  server.RaftServerConfigKeys (ConfUtils.java:logGet(62)) - raft.server.log.segment.size.max = 67108864 (custom)
2025-09-07 09:46:48,658 [90a60b70-6b91-4fb2-a612-7ac0b6911dfc-impl-thread3] INFO  server.RaftServerConfigKeys (ConfUtils.java:logGet(62)) - raft.server.log.appender.buffer.byte-limit = 33554432 (custom)
2025-09-07 09:46:48,658 [90a60b70-6b91-4fb2-a612-7ac0b6911dfc-impl-thread2] INFO  server.RaftServerConfigKeys (ConfUtils.java:logGet(62)) - raft.server.log.appender.buffer.byte-limit = 33554432 (custom)
2025-09-07 09:46:48,658 [90a60b70-6b91-4fb2-a612-7ac0b6911dfc-impl-thread3] INFO  util.AwaitToRun (AwaitToRun.java:start(81)) - Thread[#3442,90a60b70-6b91-4fb2-a612-7ac0b6911dfc@group-9E511D2458D0-cacheEviction-AwaitToRun,5,main] started
2025-09-07 09:46:48,658 [90a60b70-6b91-4fb2-a612-7ac0b6911dfc-impl-thread3] INFO  segmented.SegmentedRaftLogWorker (SegmentedRaftLogWorker.java:<init>(190)) - new 90a60b70-6b91-4fb2-a612-7ac0b6911dfc@group-9E511D2458D0-SegmentedRaftLogWorker for RaftStorageImpl:Storage Directory /home/runner/work/ozone/ozone/hadoop-ozone/integration-test/target/test-dir/MiniOzoneClusterImpl-023d5a78-e64c-43f3-a4d9-6f7884931d6c/ozone-metadata/datanode-5/ratis/d8d7c1c9-dd4a-4c6e-b9b0-9e511d2458d0
2025-09-07 09:46:48,658 [90a60b70-6b91-4fb2-a612-7ac0b6911dfc-impl-thread1] INFO  server.RaftServerConfigKeys (ConfUtils.java:logGet(62)) - raft.server.log.appender.buffer.byte-limit = 33554432 (custom)
2025-09-07 09:46:48,658 [90a60b70-6b91-4fb2-a612-7ac0b6911dfc-impl-thread3] INFO  server.RaftServerConfigKeys (ConfUtils.java:logGet(62)) - raft.server.log.queue.byte-limit = 4294967296 (custom)
2025-09-07 09:46:48,658 [90a60b70-6b91-4fb2-a612-7ac0b6911dfc-impl-thread3] INFO  server.RaftServerConfigKeys (ConfUtils.java:logGet(62)) - raft.server.log.segment.size.max = 67108864 (custom)
2025-09-07 09:46:48,658 [90a60b70-6b91-4fb2-a612-7ac0b6911dfc-impl-thread3] INFO  server.RaftServerConfigKeys (ConfUtils.java:logGet(62)) - raft.server.log.preallocated.size = 4194304 (custom)
2025-09-07 09:46:48,658 [90a60b70-6b91-4fb2-a612-7ac0b6911dfc-impl-thread1] INFO  util.AwaitToRun (AwaitToRun.java:start(81)) - Thread[#3444,90a60b70-6b91-4fb2-a612-7ac0b6911dfc@group-8AB8E1487AAF-cacheEviction-AwaitToRun,5,main] started
2025-09-07 09:46:48,658 [90a60b70-6b91-4fb2-a612-7ac0b6911dfc-impl-thread1] INFO  segmented.SegmentedRaftLogWorker (SegmentedRaftLogWorker.java:<init>(190)) - new 90a60b70-6b91-4fb2-a612-7ac0b6911dfc@group-8AB8E1487AAF-SegmentedRaftLogWorker for RaftStorageImpl:Storage Directory /home/runner/work/ozone/ozone/hadoop-ozone/integration-test/target/test-dir/MiniOzoneClusterImpl-023d5a78-e64c-43f3-a4d9-6f7884931d6c/ozone-metadata/datanode-5/ratis/290201cc-74e0-4698-a1ce-8ab8e1487aaf
2025-09-07 09:46:48,659 [90a60b70-6b91-4fb2-a612-7ac0b6911dfc-impl-thread1] INFO  server.RaftServerConfigKeys (ConfUtils.java:logGet(62)) - raft.server.log.queue.byte-limit = 4294967296 (custom)
2025-09-07 09:46:48,659 [90a60b70-6b91-4fb2-a612-7ac0b6911dfc-impl-thread1] INFO  server.RaftServerConfigKeys (ConfUtils.java:logGet(62)) - raft.server.log.segment.size.max = 67108864 (custom)
2025-09-07 09:46:48,659 [90a60b70-6b91-4fb2-a612-7ac0b6911dfc-impl-thread1] INFO  server.RaftServerConfigKeys (ConfUtils.java:logGet(62)) - raft.server.log.preallocated.size = 4194304 (custom)
2025-09-07 09:46:48,659 [90a60b70-6b91-4fb2-a612-7ac0b6911dfc-impl-thread2] INFO  util.AwaitToRun (AwaitToRun.java:start(81)) - Thread[#3443,90a60b70-6b91-4fb2-a612-7ac0b6911dfc@group-09A5C1734F32-cacheEviction-AwaitToRun,5,main] started
2025-09-07 09:46:48,659 [90a60b70-6b91-4fb2-a612-7ac0b6911dfc-impl-thread2] INFO  segmented.SegmentedRaftLogWorker (SegmentedRaftLogWorker.java:<init>(190)) - new 90a60b70-6b91-4fb2-a612-7ac0b6911dfc@group-09A5C1734F32-SegmentedRaftLogWorker for RaftStorageImpl:Storage Directory /home/runner/work/ozone/ozone/hadoop-ozone/integration-test/target/test-dir/MiniOzoneClusterImpl-023d5a78-e64c-43f3-a4d9-6f7884931d6c/ozone-metadata/datanode-5/ratis/de1a2be5-feda-49eb-9ee6-09a5c1734f32
2025-09-07 09:46:48,659 [90a60b70-6b91-4fb2-a612-7ac0b6911dfc-impl-thread2] INFO  server.RaftServerConfigKeys (ConfUtils.java:logGet(62)) - raft.server.log.queue.byte-limit = 4294967296 (custom)
2025-09-07 09:46:48,659 [90a60b70-6b91-4fb2-a612-7ac0b6911dfc-impl-thread2] INFO  server.RaftServerConfigKeys (ConfUtils.java:logGet(62)) - raft.server.log.segment.size.max = 67108864 (custom)
2025-09-07 09:46:48,659 [90a60b70-6b91-4fb2-a612-7ac0b6911dfc-impl-thread2] INFO  server.RaftServerConfigKeys (ConfUtils.java:logGet(62)) - raft.server.log.preallocated.size = 4194304 (custom)
2025-09-07 09:46:48,660 [90a60b70-6b91-4fb2-a612-7ac0b6911dfc-impl-thread3] INFO  server.RaftServerConfigKeys (ConfUtils.java:logGet(62)) - raft.server.log.write.buffer.size = 33554440 (custom)
2025-09-07 09:46:48,660 [90a60b70-6b91-4fb2-a612-7ac0b6911dfc-impl-thread2] INFO  server.RaftServerConfigKeys (ConfUtils.java:logGet(62)) - raft.server.log.write.buffer.size = 33554440 (custom)
2025-09-07 09:46:48,661 [90a60b70-6b91-4fb2-a612-7ac0b6911dfc-impl-thread1] INFO  server.RaftServerConfigKeys (ConfUtils.java:logGet(62)) - raft.server.log.write.buffer.size = 33554440 (custom)
2025-09-07 09:46:48,666 [90a60b70-6b91-4fb2-a612-7ac0b6911dfc-impl-thread1] INFO  server.RaftServerConfigKeys (ConfUtils.java:logGet(62)) - raft.server.log.appender.buffer.byte-limit = 33554432 (custom)
2025-09-07 09:46:48,667 [90a60b70-6b91-4fb2-a612-7ac0b6911dfc-impl-thread1] INFO  server.RaftServer$Division (ServerState.java:setRaftConf(386)) - 90a60b70-6b91-4fb2-a612-7ac0b6911dfc@group-8AB8E1487AAF: set configuration conf: {index: 0, cur=peers:[90a60b70-6b91-4fb2-a612-7ac0b6911dfc|127.0.0.1:15047]|listeners:[], old=null}
2025-09-07 09:46:48,667 [90a60b70-6b91-4fb2-a612-7ac0b6911dfc-impl-thread3] INFO  server.RaftServerConfigKeys (ConfUtils.java:logGet(62)) - raft.server.log.appender.buffer.byte-limit = 33554432 (custom)
2025-09-07 09:46:48,667 [90a60b70-6b91-4fb2-a612-7ac0b6911dfc-impl-thread1] INFO  segmented.LogSegment (LogSegment.java:loadSegment(171)) - Successfully read 1 entries from segment file /home/runner/work/ozone/ozone/hadoop-ozone/integration-test/target/test-dir/MiniOzoneClusterImpl-023d5a78-e64c-43f3-a4d9-6f7884931d6c/ozone-metadata/datanode-5/ratis/290201cc-74e0-4698-a1ce-8ab8e1487aaf/current/log_inprogress_0
2025-09-07 09:46:48,667 [90a60b70-6b91-4fb2-a612-7ac0b6911dfc-impl-thread1] INFO  segmented.SegmentedRaftLogWorker (SegmentedRaftLogWorker.java:lambda$new$0(141)) - 90a60b70-6b91-4fb2-a612-7ac0b6911dfc@group-8AB8E1487AAF-SegmentedRaftLogWorker: safeCacheEvictIndex: setUnconditionally 0 -> -1
2025-09-07 09:46:48,667 [90a60b70-6b91-4fb2-a612-7ac0b6911dfc-impl-thread3] INFO  server.RaftServer$Division (ServerState.java:setRaftConf(386)) - 90a60b70-6b91-4fb2-a612-7ac0b6911dfc@group-9E511D2458D0: set configuration conf: {index: 0, cur=peers:[90a60b70-6b91-4fb2-a612-7ac0b6911dfc|127.0.0.1:15047, e6e13cb3-e32b-4d2d-874a-1e4700c67398|127.0.0.1:15055, 7c7182dc-ac7f-44a8-b1d4-5d10f99cbcf2|127.0.0.1:15039]|listeners:[], old=null}
2025-09-07 09:46:48,667 [90a60b70-6b91-4fb2-a612-7ac0b6911dfc-impl-thread1] INFO  segmented.BufferedWriteChannel (BufferedWriteChannel.java:open(61)) - open log_inprogress_0 (append) at position 129
2025-09-07 09:46:48,667 [90a60b70-6b91-4fb2-a612-7ac0b6911dfc-impl-thread3] INFO  segmented.LogSegment (LogSegment.java:loadSegment(171)) - Successfully read 1 entries from segment file /home/runner/work/ozone/ozone/hadoop-ozone/integration-test/target/test-dir/MiniOzoneClusterImpl-023d5a78-e64c-43f3-a4d9-6f7884931d6c/ozone-metadata/datanode-5/ratis/d8d7c1c9-dd4a-4c6e-b9b0-9e511d2458d0/current/log_inprogress_0
2025-09-07 09:46:48,667 [90a60b70-6b91-4fb2-a612-7ac0b6911dfc-impl-thread3] INFO  segmented.SegmentedRaftLogWorker (SegmentedRaftLogWorker.java:lambda$new$0(141)) - 90a60b70-6b91-4fb2-a612-7ac0b6911dfc@group-9E511D2458D0-SegmentedRaftLogWorker: safeCacheEvictIndex: setUnconditionally 0 -> -1
2025-09-07 09:46:48,668 [90a60b70-6b91-4fb2-a612-7ac0b6911dfc-impl-thread3] INFO  segmented.BufferedWriteChannel (BufferedWriteChannel.java:open(61)) - open log_inprogress_0 (append) at position 351
2025-09-07 09:46:48,667 [90a60b70-6b91-4fb2-a612-7ac0b6911dfc-impl-thread2] INFO  server.RaftServerConfigKeys (ConfUtils.java:logGet(62)) - raft.server.log.appender.buffer.byte-limit = 33554432 (custom)
2025-09-07 09:46:48,668 [90a60b70-6b91-4fb2-a612-7ac0b6911dfc-impl-thread2] INFO  server.RaftServer$Division (ServerState.java:setRaftConf(386)) - 90a60b70-6b91-4fb2-a612-7ac0b6911dfc@group-09A5C1734F32: set configuration conf: {index: 0, cur=peers:[90a60b70-6b91-4fb2-a612-7ac0b6911dfc|127.0.0.1:15047, e6e13cb3-e32b-4d2d-874a-1e4700c67398|127.0.0.1:15055, 7c7182dc-ac7f-44a8-b1d4-5d10f99cbcf2|127.0.0.1:15039]|listeners:[], old=null}
2025-09-07 09:46:48,668 [90a60b70-6b91-4fb2-a612-7ac0b6911dfc-impl-thread3] INFO  server.RaftServer$Division (RaftServerImpl.java:start(405)) - 90a60b70-6b91-4fb2-a612-7ac0b6911dfc@group-9E511D2458D0: start as a follower, conf=conf: {index: 0, cur=peers:[90a60b70-6b91-4fb2-a612-7ac0b6911dfc|127.0.0.1:15047, e6e13cb3-e32b-4d2d-874a-1e4700c67398|127.0.0.1:15055, 7c7182dc-ac7f-44a8-b1d4-5d10f99cbcf2|127.0.0.1:15039]|listeners:[], old=null}
2025-09-07 09:46:48,668 [90a60b70-6b91-4fb2-a612-7ac0b6911dfc-impl-thread3] INFO  server.RaftServer$Division (RaftServerImpl.java:setRole(392)) - 90a60b70-6b91-4fb2-a612-7ac0b6911dfc@group-9E511D2458D0: changes role from      null to FOLLOWER at term 1 for startAsFollower
2025-09-07 09:46:48,668 [90a60b70-6b91-4fb2-a612-7ac0b6911dfc-impl-thread3] INFO  impl.RoleInfo (RoleInfo.java:updateAndGet(148)) - 90a60b70-6b91-4fb2-a612-7ac0b6911dfc: start 90a60b70-6b91-4fb2-a612-7ac0b6911dfc@group-9E511D2458D0-FollowerState
2025-09-07 09:46:48,668 [90a60b70-6b91-4fb2-a612-7ac0b6911dfc-impl-thread2] INFO  segmented.LogSegment (LogSegment.java:loadSegment(171)) - Successfully read 9 entries from segment file /home/runner/work/ozone/ozone/hadoop-ozone/integration-test/target/test-dir/MiniOzoneClusterImpl-023d5a78-e64c-43f3-a4d9-6f7884931d6c/ozone-metadata/datanode-5/ratis/de1a2be5-feda-49eb-9ee6-09a5c1734f32/current/log_inprogress_0
2025-09-07 09:46:48,668 [90a60b70-6b91-4fb2-a612-7ac0b6911dfc-impl-thread2] INFO  segmented.SegmentedRaftLogWorker (SegmentedRaftLogWorker.java:lambda$new$0(141)) - 90a60b70-6b91-4fb2-a612-7ac0b6911dfc@group-09A5C1734F32-SegmentedRaftLogWorker: flushIndex: setUnconditionally 0 -> 8
2025-09-07 09:46:48,669 [90a60b70-6b91-4fb2-a612-7ac0b6911dfc-impl-thread2] INFO  segmented.SegmentedRaftLogWorker (SegmentedRaftLogWorker.java:lambda$new$0(141)) - 90a60b70-6b91-4fb2-a612-7ac0b6911dfc@group-09A5C1734F32-SegmentedRaftLogWorker: safeCacheEvictIndex: setUnconditionally 0 -> -1
2025-09-07 09:46:48,669 [90a60b70-6b91-4fb2-a612-7ac0b6911dfc-impl-thread2] INFO  segmented.BufferedWriteChannel (BufferedWriteChannel.java:open(61)) - open log_inprogress_0 (append) at position 3171
2025-09-07 09:46:48,668 [90a60b70-6b91-4fb2-a612-7ac0b6911dfc-impl-thread1] INFO  server.RaftServer$Division (RaftServerImpl.java:start(405)) - 90a60b70-6b91-4fb2-a612-7ac0b6911dfc@group-8AB8E1487AAF: start as a follower, conf=conf: {index: 0, cur=peers:[90a60b70-6b91-4fb2-a612-7ac0b6911dfc|127.0.0.1:15047]|listeners:[], old=null}
2025-09-07 09:46:48,669 [90a60b70-6b91-4fb2-a612-7ac0b6911dfc-impl-thread1] INFO  server.RaftServer$Division (RaftServerImpl.java:setRole(392)) - 90a60b70-6b91-4fb2-a612-7ac0b6911dfc@group-8AB8E1487AAF: changes role from      null to FOLLOWER at term 1 for startAsFollower
2025-09-07 09:46:48,669 [90a60b70-6b91-4fb2-a612-7ac0b6911dfc-impl-thread1] INFO  impl.RoleInfo (RoleInfo.java:updateAndGet(148)) - 90a60b70-6b91-4fb2-a612-7ac0b6911dfc: start 90a60b70-6b91-4fb2-a612-7ac0b6911dfc@group-8AB8E1487AAF-FollowerState
2025-09-07 09:46:48,669 [90a60b70-6b91-4fb2-a612-7ac0b6911dfc-impl-thread3] INFO  util.JmxRegister (JmxRegister.java:tryRegister(44)) - Successfully registered JMX Bean with object name Ratis:service=RaftServer,group=group-9E511D2458D0,id=90a60b70-6b91-4fb2-a612-7ac0b6911dfc
2025-09-07 09:46:48,669 [90a60b70-6b91-4fb2-a612-7ac0b6911dfc-impl-thread3] INFO  util.JmxRegister (JmxRegister.java:register(58)) - register mxBean class org.apache.ratis.server.impl.RaftServerJmxAdapter as Ratis:service=RaftServer,group=group-9E511D2458D0,id=90a60b70-6b91-4fb2-a612-7ac0b6911dfc
2025-09-07 09:46:48,669 [90a60b70-6b91-4fb2-a612-7ac0b6911dfc-impl-thread2] INFO  server.RaftServer$Division (RaftServerImpl.java:start(405)) - 90a60b70-6b91-4fb2-a612-7ac0b6911dfc@group-09A5C1734F32: start as a follower, conf=conf: {index: 0, cur=peers:[90a60b70-6b91-4fb2-a612-7ac0b6911dfc|127.0.0.1:15047, e6e13cb3-e32b-4d2d-874a-1e4700c67398|127.0.0.1:15055, 7c7182dc-ac7f-44a8-b1d4-5d10f99cbcf2|127.0.0.1:15039]|listeners:[], old=null}
2025-09-07 09:46:48,669 [90a60b70-6b91-4fb2-a612-7ac0b6911dfc-impl-thread2] INFO  server.RaftServer$Division (RaftServerImpl.java:setRole(392)) - 90a60b70-6b91-4fb2-a612-7ac0b6911dfc@group-09A5C1734F32: changes role from      null to FOLLOWER at term 1 for startAsFollower
2025-09-07 09:46:48,669 [90a60b70-6b91-4fb2-a612-7ac0b6911dfc-impl-thread2] INFO  impl.RoleInfo (RoleInfo.java:updateAndGet(148)) - 90a60b70-6b91-4fb2-a612-7ac0b6911dfc: start 90a60b70-6b91-4fb2-a612-7ac0b6911dfc@group-09A5C1734F32-FollowerState
2025-09-07 09:46:48,670 [90a60b70-6b91-4fb2-a612-7ac0b6911dfc-impl-thread1] INFO  util.JmxRegister (JmxRegister.java:tryRegister(44)) - Successfully registered JMX Bean with object name Ratis:service=RaftServer,group=group-8AB8E1487AAF,id=90a60b70-6b91-4fb2-a612-7ac0b6911dfc
2025-09-07 09:46:48,670 [90a60b70-6b91-4fb2-a612-7ac0b6911dfc-impl-thread1] INFO  util.JmxRegister (JmxRegister.java:register(58)) - register mxBean class org.apache.ratis.server.impl.RaftServerJmxAdapter as Ratis:service=RaftServer,group=group-8AB8E1487AAF,id=90a60b70-6b91-4fb2-a612-7ac0b6911dfc
2025-09-07 09:46:48,670 [90a60b70-6b91-4fb2-a612-7ac0b6911dfc-impl-thread2] INFO  util.JmxRegister (JmxRegister.java:tryRegister(44)) - Successfully registered JMX Bean with object name Ratis:service=RaftServer,group=group-09A5C1734F32,id=90a60b70-6b91-4fb2-a612-7ac0b6911dfc
2025-09-07 09:46:48,670 [90a60b70-6b91-4fb2-a612-7ac0b6911dfc-impl-thread2] INFO  util.JmxRegister (JmxRegister.java:register(58)) - register mxBean class org.apache.ratis.server.impl.RaftServerJmxAdapter as Ratis:service=RaftServer,group=group-09A5C1734F32,id=90a60b70-6b91-4fb2-a612-7ac0b6911dfc
2025-09-07 09:46:48,670 [90a60b70-6b91-4fb2-a612-7ac0b6911dfc-impl-thread3] INFO  server.RaftServer$Division (RaftServerImpl.java:start(419)) - 90a60b70-6b91-4fb2-a612-7ac0b6911dfc@group-9E511D2458D0: Successfully started.
2025-09-07 09:46:48,670 [90a60b70-6b91-4fb2-a612-7ac0b6911dfc-impl-thread1] INFO  server.RaftServer$Division (RaftServerImpl.java:start(419)) - 90a60b70-6b91-4fb2-a612-7ac0b6911dfc@group-8AB8E1487AAF: Successfully started.
2025-09-07 09:46:48,671 [90a60b70-6b91-4fb2-a612-7ac0b6911dfc-impl-thread2] INFO  server.RaftServer$Division (RaftServerImpl.java:start(419)) - 90a60b70-6b91-4fb2-a612-7ac0b6911dfc@group-09A5C1734F32: Successfully started.
2025-09-07 09:46:48,671 [90a60b70-6b91-4fb2-a612-7ac0b6911dfc-EndpointStateMachineTaskThread-/0.0.0.0:15002-0 ] INFO  server.RaftServer (RaftServerProxy.java:startImpl(412)) - 90a60b70-6b91-4fb2-a612-7ac0b6911dfc: start RPC server
2025-09-07 09:46:48,671 [90a60b70-6b91-4fb2-a612-7ac0b6911dfc-EndpointStateMachineTaskThread-/0.0.0.0:15002-0 ] INFO  server.GrpcServicesImpl (GrpcServicesImpl.java:startImpl(346)) - 90a60b70-6b91-4fb2-a612-7ac0b6911dfc: GrpcServicesImpl started, listening on 15045
2025-09-07 09:46:48,671 [90a60b70-6b91-4fb2-a612-7ac0b6911dfc-EndpointStateMachineTaskThread-/0.0.0.0:15002-0 ] INFO  server.GrpcServicesImpl (GrpcServicesImpl.java:startImpl(346)) - 90a60b70-6b91-4fb2-a612-7ac0b6911dfc: GrpcServicesImpl started, listening on 15047
2025-09-07 09:46:48,671 [90a60b70-6b91-4fb2-a612-7ac0b6911dfc-EndpointStateMachineTaskThread-/0.0.0.0:15002-0 ] INFO  server.GrpcServicesImpl (GrpcServicesImpl.java:startImpl(346)) - 90a60b70-6b91-4fb2-a612-7ac0b6911dfc: GrpcServicesImpl started, listening on 15046
2025-09-07 09:46:48,672 [90a60b70-6b91-4fb2-a612-7ac0b6911dfc-EndpointStateMachineTaskThread-/0.0.0.0:15002-0 ] INFO  ratis.XceiverServerRatis (XceiverServerRatis.java:getRealPort(589)) - XceiverServerRatis(90a60b70-6b91-4fb2-a612-7ac0b6911dfc) is started using port RATIS=15045
2025-09-07 09:46:48,672 [90a60b70-6b91-4fb2-a612-7ac0b6911dfc-EndpointStateMachineTaskThread-/0.0.0.0:15002-0 ] INFO  ratis.XceiverServerRatis (XceiverServerRatis.java:getRealPort(589)) - XceiverServerRatis(90a60b70-6b91-4fb2-a612-7ac0b6911dfc) is started using port RATIS_ADMIN=15046
2025-09-07 09:46:48,672 [90a60b70-6b91-4fb2-a612-7ac0b6911dfc-EndpointStateMachineTaskThread-/0.0.0.0:15002-0 ] INFO  ratis.XceiverServerRatis (XceiverServerRatis.java:getRealPort(589)) - XceiverServerRatis(90a60b70-6b91-4fb2-a612-7ac0b6911dfc) is started using port RATIS_SERVER=15047
2025-09-07 09:46:48,672 [JvmPauseMonitor17] INFO  util.JvmPauseMonitor (JvmPauseMonitor.java:run(146)) - JvmPauseMonitor-90a60b70-6b91-4fb2-a612-7ac0b6911dfc: Started
2025-09-07 09:46:48,672 [90a60b70-6b91-4fb2-a612-7ac0b6911dfc-EndpointStateMachineTaskThread-/0.0.0.0:15002-0 ] INFO  ratis.XceiverServerRatis (XceiverServerRatis.java:getRealPort(589)) - XceiverServerRatis(90a60b70-6b91-4fb2-a612-7ac0b6911dfc) is started using port RATIS_DATASTREAM=15048
2025-09-07 09:46:48,672 [90a60b70-6b91-4fb2-a612-7ac0b6911dfc-EndpointStateMachineTaskThread-/0.0.0.0:15002-0 ] INFO  utils.BackgroundService (BackgroundService.java:start(119)) - Starting service BlockDeletingService with interval 60000 milliseconds
2025-09-07 09:46:48,672 [90a60b70-6b91-4fb2-a612-7ac0b6911dfc-EndpointStateMachineTaskThread-/0.0.0.0:15002-0 ] INFO  utils.BackgroundService (BackgroundService.java:start(119)) - Starting service StaleRecoveringContainerScrubbingService with interval 60000 milliseconds
2025-09-07 09:46:48,786 [e6e13cb3-e32b-4d2d-874a-1e4700c67398@group-09A5C1734F32-FollowerState] INFO  impl.FollowerState (FollowerState.java:runImpl(161)) - e6e13cb3-e32b-4d2d-874a-1e4700c67398@group-09A5C1734F32-FollowerState: change to CANDIDATE, lastRpcElapsedTime:1175271543ns, electionTimeout:1175ms
2025-09-07 09:46:48,787 [e6e13cb3-e32b-4d2d-874a-1e4700c67398@group-09A5C1734F32-FollowerState] INFO  impl.RoleInfo (RoleInfo.java:shutdownFollowerState(121)) - e6e13cb3-e32b-4d2d-874a-1e4700c67398: shutdown e6e13cb3-e32b-4d2d-874a-1e4700c67398@group-09A5C1734F32-FollowerState
2025-09-07 09:46:48,787 [e6e13cb3-e32b-4d2d-874a-1e4700c67398@group-09A5C1734F32-FollowerState] INFO  server.RaftServer$Division (RaftServerImpl.java:setRole(392)) - e6e13cb3-e32b-4d2d-874a-1e4700c67398@group-09A5C1734F32: changes role from  FOLLOWER to CANDIDATE at term 1 for changeToCandidate
2025-09-07 09:46:48,787 [e6e13cb3-e32b-4d2d-874a-1e4700c67398@group-09A5C1734F32-FollowerState] INFO  impl.RoleInfo (RoleInfo.java:updateAndGet(148)) - e6e13cb3-e32b-4d2d-874a-1e4700c67398: start e6e13cb3-e32b-4d2d-874a-1e4700c67398@group-09A5C1734F32-LeaderElection261
2025-09-07 09:46:48,787 [e6e13cb3-e32b-4d2d-874a-1e4700c67398@group-09A5C1734F32-LeaderElection261] INFO  impl.LeaderElection (LeaderElection.java:askForVotes(448)) - e6e13cb3-e32b-4d2d-874a-1e4700c67398@group-09A5C1734F32-LeaderElection261 PRE_VOTE round 0: submit vote requests at term 1 for conf: {index: 0, cur=peers:[90a60b70-6b91-4fb2-a612-7ac0b6911dfc|127.0.0.1:15047, e6e13cb3-e32b-4d2d-874a-1e4700c67398|127.0.0.1:15055, 7c7182dc-ac7f-44a8-b1d4-5d10f99cbcf2|127.0.0.1:15039]|listeners:[], old=null}
2025-09-07 09:46:48,788 [e6e13cb3-e32b-4d2d-874a-1e4700c67398@group-09A5C1734F32-LeaderElection261] INFO  impl.LeaderElection (LogUtils.java:infoOrTrace(142)) - e6e13cb3-e32b-4d2d-874a-1e4700c67398@group-09A5C1734F32-LeaderElection261 got exception when requesting votes: java.util.concurrent.ExecutionException: org.apache.ratis.thirdparty.io.grpc.StatusRuntimeException: UNAVAILABLE: io exception
2025-09-07 09:46:48,788 [e6e13cb3-e32b-4d2d-874a-1e4700c67398@group-09A5C1734F32-LeaderElection261] INFO  impl.LeaderElection (LogUtils.java:infoOrTrace(142)) - e6e13cb3-e32b-4d2d-874a-1e4700c67398@group-09A5C1734F32-LeaderElection261 got exception when requesting votes: java.util.concurrent.ExecutionException: org.apache.ratis.thirdparty.io.grpc.StatusRuntimeException: UNAVAILABLE: io exception
2025-09-07 09:46:48,788 [e6e13cb3-e32b-4d2d-874a-1e4700c67398@group-09A5C1734F32-LeaderElection261] INFO  impl.LeaderElection (LeaderElection.java:logAndReturn(206)) - e6e13cb3-e32b-4d2d-874a-1e4700c67398@group-09A5C1734F32-LeaderElection261: PRE_VOTE REJECTED received 0 response(s) and 2 exception(s):
2025-09-07 09:46:48,788 [e6e13cb3-e32b-4d2d-874a-1e4700c67398@group-09A5C1734F32-LeaderElection261] INFO  impl.LeaderElection (LogUtils.java:infoOrTrace(142)) -   Exception 0: java.util.concurrent.ExecutionException: org.apache.ratis.thirdparty.io.grpc.StatusRuntimeException: UNAVAILABLE: io exception
2025-09-07 09:46:48,788 [e6e13cb3-e32b-4d2d-874a-1e4700c67398@group-09A5C1734F32-LeaderElection261] INFO  impl.LeaderElection (LogUtils.java:infoOrTrace(142)) -   Exception 1: java.util.concurrent.ExecutionException: org.apache.ratis.thirdparty.io.grpc.StatusRuntimeException: UNAVAILABLE: io exception
2025-09-07 09:46:48,788 [e6e13cb3-e32b-4d2d-874a-1e4700c67398@group-09A5C1734F32-LeaderElection261] INFO  impl.LeaderElection (LeaderElection.java:askForVotes(450)) - e6e13cb3-e32b-4d2d-874a-1e4700c67398@group-09A5C1734F32-LeaderElection261 PRE_VOTE round 0: result REJECTED
2025-09-07 09:46:48,788 [e6e13cb3-e32b-4d2d-874a-1e4700c67398@group-09A5C1734F32-LeaderElection261] INFO  server.RaftServer$Division (RaftServerImpl.java:setRole(392)) - e6e13cb3-e32b-4d2d-874a-1e4700c67398@group-09A5C1734F32: changes role from CANDIDATE to FOLLOWER at term 1 for REJECTED
2025-09-07 09:46:48,788 [e6e13cb3-e32b-4d2d-874a-1e4700c67398@group-09A5C1734F32-LeaderElection261] INFO  impl.RoleInfo (RoleInfo.java:shutdownLeaderElection(141)) - e6e13cb3-e32b-4d2d-874a-1e4700c67398: shutdown e6e13cb3-e32b-4d2d-874a-1e4700c67398@group-09A5C1734F32-LeaderElection261
2025-09-07 09:46:48,788 [e6e13cb3-e32b-4d2d-874a-1e4700c67398@group-09A5C1734F32-LeaderElection261] INFO  impl.RoleInfo (RoleInfo.java:updateAndGet(148)) - e6e13cb3-e32b-4d2d-874a-1e4700c67398: start e6e13cb3-e32b-4d2d-874a-1e4700c67398@group-09A5C1734F32-FollowerState
2025-09-07 09:46:48,849 [7c7182dc-ac7f-44a8-b1d4-5d10f99cbcf2-ContainerReader-0] INFO  ozoneimpl.ContainerReader (ContainerReader.java:readVolume(147)) - Start to verify containers on volume /home/runner/work/ozone/ozone/hadoop-ozone/integration-test/target/test-dir/MiniOzoneClusterImpl-023d5a78-e64c-43f3-a4d9-6f7884931d6c/ozone-metadata/datanode-4/data-0/hdds
2025-09-07 09:46:48,851 [7c7182dc-ac7f-44a8-b1d4-5d10f99cbcf2-ContainerReader-0] WARN  helpers.KeyValueContainerUtil (KeyValueContainerUtil.java:populateContainerMetadata(330)) - Missing pendingDeleteBlockCount from metadata: recalculate them from block table
2025-09-07 09:46:48,852 [7c7182dc-ac7f-44a8-b1d4-5d10f99cbcf2-ContainerReader-0] INFO  ozoneimpl.ContainerReader (ContainerReader.java:readVolume(177)) - Finish verifying containers on volume /home/runner/work/ozone/ozone/hadoop-ozone/integration-test/target/test-dir/MiniOzoneClusterImpl-023d5a78-e64c-43f3-a4d9-6f7884931d6c/ozone-metadata/datanode-4/data-0/hdds
2025-09-07 09:46:48,853 [7c7182dc-ac7f-44a8-b1d4-5d10f99cbcf2-EndpointStateMachineTaskThread-/0.0.0.0:15002-0 ] INFO  ozoneimpl.OzoneContainer (OzoneContainer.java:buildContainerSet(370)) - Build ContainerSet costs 0s
2025-09-07 09:46:48,853 [7c7182dc-ac7f-44a8-b1d4-5d10f99cbcf2-EndpointStateMachineTaskThread-/0.0.0.0:15002-0 ] INFO  volume.ThrottledAsyncChecker (ThrottledAsyncChecker.java:schedule(138)) - Scheduling a check for /home/runner/work/ozone/ozone/hadoop-ozone/integration-test/target/test-dir/MiniOzoneClusterImpl-023d5a78-e64c-43f3-a4d9-6f7884931d6c/ozone-metadata/datanode-4/data-0/hdds
2025-09-07 09:46:48,853 [7c7182dc-ac7f-44a8-b1d4-5d10f99cbcf2-EndpointStateMachineTaskThread-/0.0.0.0:15002-0 ] INFO  volume.StorageVolumeChecker (StorageVolumeChecker.java:checkAllVolumes(231)) - Scheduled health check for volume /home/runner/work/ozone/ozone/hadoop-ozone/integration-test/target/test-dir/MiniOzoneClusterImpl-023d5a78-e64c-43f3-a4d9-6f7884931d6c/ozone-metadata/datanode-4/data-0/hdds
2025-09-07 09:46:48,856 [7c7182dc-ac7f-44a8-b1d4-5d10f99cbcf2-EndpointStateMachineTaskThread-/0.0.0.0:15002-0 ] INFO  volume.ThrottledAsyncChecker (ThrottledAsyncChecker.java:schedule(138)) - Scheduling a check for /home/runner/work/ozone/ozone/hadoop-ozone/integration-test/target/test-dir/MiniOzoneClusterImpl-023d5a78-e64c-43f3-a4d9-6f7884931d6c/ozone-metadata/datanode-4/ratis
2025-09-07 09:46:48,857 [7c7182dc-ac7f-44a8-b1d4-5d10f99cbcf2-EndpointStateMachineTaskThread-/0.0.0.0:15002-0 ] INFO  volume.StorageVolumeChecker (StorageVolumeChecker.java:checkAllVolumes(231)) - Scheduled health check for volume /home/runner/work/ozone/ozone/hadoop-ozone/integration-test/target/test-dir/MiniOzoneClusterImpl-023d5a78-e64c-43f3-a4d9-6f7884931d6c/ozone-metadata/datanode-4/ratis
2025-09-07 09:46:48,858 [7c7182dc-ac7f-44a8-b1d4-5d10f99cbcf2-EndpointStateMachineTaskThread-/0.0.0.0:15002-0 ] INFO  ozoneimpl.OzoneContainer (OzoneContainer.java:start(525)) - Attempting to start container services.
2025-09-07 09:46:48,858 [ContainerDataScanner(/home/runner/work/ozone/ozone/hadoop-ozone/integration-test/target/test-dir/MiniOzoneClusterImpl-023d5a78-e64c-43f3-a4d9-6f7884931d6c/ozone-metadata/datanode-4/data-0/hdds)] INFO  ozoneimpl.AbstractBackgroundContainerScanner (AbstractBackgroundContainerScanner.java:runIteration(89)) - Completed an iteration in 0 minutes. Number of iterations (since the data-node restart) : 1, Number of containers scanned in this iteration : 0, Number of unhealthy containers found in this iteration : 0
2025-09-07 09:46:48,859 [7c7182dc-ac7f-44a8-b1d4-5d10f99cbcf2-EndpointStateMachineTaskThread-/0.0.0.0:15002-0 ] INFO  replication.ReplicationServer (ReplicationServer.java:start(137)) - ReplicationServer is started using port 15041
2025-09-07 09:46:48,859 [7c7182dc-ac7f-44a8-b1d4-5d10f99cbcf2-EndpointStateMachineTaskThread-/0.0.0.0:15002-0 ] INFO  ratis.XceiverServerRatis (XceiverServerRatis.java:start(562)) - Starting XceiverServerRatis(7c7182dc-ac7f-44a8-b1d4-5d10f99cbcf2)
2025-09-07 09:46:48,860 [7c7182dc-ac7f-44a8-b1d4-5d10f99cbcf2-impl-thread1] INFO  server.RaftServerConfigKeys (ConfUtils.java:logGet(62)) - raft.server.storage.dir = [/home/runner/work/ozone/ozone/hadoop-ozone/integration-test/target/test-dir/MiniOzoneClusterImpl-023d5a78-e64c-43f3-a4d9-6f7884931d6c/ozone-metadata/datanode-4/ratis] (custom)
2025-09-07 09:46:48,860 [ContainerMetadataScanner] INFO  ozoneimpl.AbstractBackgroundContainerScanner (AbstractBackgroundContainerScanner.java:runIteration(89)) - Completed an iteration in 0 minutes. Number of iterations (since the data-node restart) : 1, Number of containers scanned in this iteration : 1, Number of unhealthy containers found in this iteration : 0
2025-09-07 09:46:48,860 [7c7182dc-ac7f-44a8-b1d4-5d10f99cbcf2-impl-thread3] INFO  storage.RaftStorageDirectory (RaftStorageDirectoryImpl.java:tryLock(229)) - Lock on /home/runner/work/ozone/ozone/hadoop-ozone/integration-test/target/test-dir/MiniOzoneClusterImpl-023d5a78-e64c-43f3-a4d9-6f7884931d6c/ozone-metadata/datanode-4/ratis/d8d7c1c9-dd4a-4c6e-b9b0-9e511d2458d0/in_use.lock acquired by nodename 23079@localhost
2025-09-07 09:46:48,861 [7c7182dc-ac7f-44a8-b1d4-5d10f99cbcf2-impl-thread1] INFO  storage.RaftStorageDirectory (RaftStorageDirectoryImpl.java:tryLock(229)) - Lock on /home/runner/work/ozone/ozone/hadoop-ozone/integration-test/target/test-dir/MiniOzoneClusterImpl-023d5a78-e64c-43f3-a4d9-6f7884931d6c/ozone-metadata/datanode-4/ratis/40ed6c18-2432-483b-87ed-91458cd34e0f/in_use.lock acquired by nodename 23079@localhost
2025-09-07 09:46:48,861 [7c7182dc-ac7f-44a8-b1d4-5d10f99cbcf2-impl-thread2] INFO  storage.RaftStorageDirectory (RaftStorageDirectoryImpl.java:tryLock(229)) - Lock on /home/runner/work/ozone/ozone/hadoop-ozone/integration-test/target/test-dir/MiniOzoneClusterImpl-023d5a78-e64c-43f3-a4d9-6f7884931d6c/ozone-metadata/datanode-4/ratis/de1a2be5-feda-49eb-9ee6-09a5c1734f32/in_use.lock acquired by nodename 23079@localhost
2025-09-07 09:46:48,861 [7c7182dc-ac7f-44a8-b1d4-5d10f99cbcf2-impl-thread1] INFO  storage.RaftStorage (RaftStorageImpl.java:analyzeAndRecoverStorage(118)) - Read RaftStorageMetadata{term=1, votedFor=7c7182dc-ac7f-44a8-b1d4-5d10f99cbcf2} from /home/runner/work/ozone/ozone/hadoop-ozone/integration-test/target/test-dir/MiniOzoneClusterImpl-023d5a78-e64c-43f3-a4d9-6f7884931d6c/ozone-metadata/datanode-4/ratis/40ed6c18-2432-483b-87ed-91458cd34e0f/current/raft-meta
2025-09-07 09:46:48,861 [7c7182dc-ac7f-44a8-b1d4-5d10f99cbcf2-impl-thread3] INFO  storage.RaftStorage (RaftStorageImpl.java:analyzeAndRecoverStorage(118)) - Read RaftStorageMetadata{term=1, votedFor=e6e13cb3-e32b-4d2d-874a-1e4700c67398} from /home/runner/work/ozone/ozone/hadoop-ozone/integration-test/target/test-dir/MiniOzoneClusterImpl-023d5a78-e64c-43f3-a4d9-6f7884931d6c/ozone-metadata/datanode-4/ratis/d8d7c1c9-dd4a-4c6e-b9b0-9e511d2458d0/current/raft-meta
2025-09-07 09:46:48,861 [7c7182dc-ac7f-44a8-b1d4-5d10f99cbcf2-impl-thread2] INFO  storage.RaftStorage (RaftStorageImpl.java:analyzeAndRecoverStorage(118)) - Read RaftStorageMetadata{term=1, votedFor=7c7182dc-ac7f-44a8-b1d4-5d10f99cbcf2} from /home/runner/work/ozone/ozone/hadoop-ozone/integration-test/target/test-dir/MiniOzoneClusterImpl-023d5a78-e64c-43f3-a4d9-6f7884931d6c/ozone-metadata/datanode-4/ratis/de1a2be5-feda-49eb-9ee6-09a5c1734f32/current/raft-meta
2025-09-07 09:46:48,861 [7c7182dc-ac7f-44a8-b1d4-5d10f99cbcf2-impl-thread1] INFO  server.RaftServer$Division (ServerState.java:setRaftConf(386)) - 7c7182dc-ac7f-44a8-b1d4-5d10f99cbcf2@group-91458CD34E0F: set configuration conf: {index: 0, cur=peers:[7c7182dc-ac7f-44a8-b1d4-5d10f99cbcf2|127.0.0.1:15039]|listeners:[], old=null}
2025-09-07 09:46:48,861 [7c7182dc-ac7f-44a8-b1d4-5d10f99cbcf2-impl-thread2] INFO  server.RaftServer$Division (ServerState.java:setRaftConf(386)) - 7c7182dc-ac7f-44a8-b1d4-5d10f99cbcf2@group-09A5C1734F32: set configuration conf: {index: 0, cur=peers:[90a60b70-6b91-4fb2-a612-7ac0b6911dfc|127.0.0.1:15047, e6e13cb3-e32b-4d2d-874a-1e4700c67398|127.0.0.1:15055, 7c7182dc-ac7f-44a8-b1d4-5d10f99cbcf2|127.0.0.1:15039]|listeners:[], old=null}
2025-09-07 09:46:48,861 [7c7182dc-ac7f-44a8-b1d4-5d10f99cbcf2-impl-thread3] INFO  server.RaftServer$Division (ServerState.java:setRaftConf(386)) - 7c7182dc-ac7f-44a8-b1d4-5d10f99cbcf2@group-9E511D2458D0: set configuration conf: {index: 0, cur=peers:[90a60b70-6b91-4fb2-a612-7ac0b6911dfc|127.0.0.1:15047, e6e13cb3-e32b-4d2d-874a-1e4700c67398|127.0.0.1:15055, 7c7182dc-ac7f-44a8-b1d4-5d10f99cbcf2|127.0.0.1:15039]|listeners:[], old=null}
2025-09-07 09:46:48,861 [7c7182dc-ac7f-44a8-b1d4-5d10f99cbcf2-impl-thread2] INFO  ratis.ContainerStateMachine (ContainerStateMachine.java:initialize(339)) - 7c7182dc-ac7f-44a8-b1d4-5d10f99cbcf2: initialize group-09A5C1734F32
2025-09-07 09:46:48,861 [7c7182dc-ac7f-44a8-b1d4-5d10f99cbcf2-impl-thread1] INFO  ratis.ContainerStateMachine (ContainerStateMachine.java:initialize(339)) - 7c7182dc-ac7f-44a8-b1d4-5d10f99cbcf2: initialize group-91458CD34E0F
2025-09-07 09:46:48,861 [7c7182dc-ac7f-44a8-b1d4-5d10f99cbcf2-impl-thread2] INFO  ratis.ContainerStateMachine (ContainerStateMachine.java:loadSnapshot(356)) - group-09A5C1734F32: Setting the last applied index to (t:1, i:8)
2025-09-07 09:46:48,861 [7c7182dc-ac7f-44a8-b1d4-5d10f99cbcf2-impl-thread3] INFO  ratis.ContainerStateMachine (ContainerStateMachine.java:initialize(339)) - 7c7182dc-ac7f-44a8-b1d4-5d10f99cbcf2: initialize group-9E511D2458D0
2025-09-07 09:46:48,862 [7c7182dc-ac7f-44a8-b1d4-5d10f99cbcf2-impl-thread3] INFO  ratis.ContainerStateMachine (ContainerStateMachine.java:loadSnapshot(356)) - group-9E511D2458D0: Setting the last applied index to (t:1, i:0)
2025-09-07 09:46:48,862 [7c7182dc-ac7f-44a8-b1d4-5d10f99cbcf2-impl-thread2] INFO  server.RaftServerConfigKeys (ConfUtils.java:logGet(62)) - raft.server.log.appender.buffer.byte-limit = 33554432 (custom)
2025-09-07 09:46:48,861 [7c7182dc-ac7f-44a8-b1d4-5d10f99cbcf2-impl-thread1] INFO  ratis.ContainerStateMachine (ContainerStateMachine.java:loadSnapshot(356)) - group-91458CD34E0F: Setting the last applied index to (t:1, i:0)
2025-09-07 09:46:48,862 [7c7182dc-ac7f-44a8-b1d4-5d10f99cbcf2-impl-thread1] INFO  server.RaftServerConfigKeys (ConfUtils.java:logGet(62)) - raft.server.log.appender.buffer.byte-limit = 33554432 (custom)
2025-09-07 09:46:48,862 [7c7182dc-ac7f-44a8-b1d4-5d10f99cbcf2-impl-thread3] INFO  server.RaftServerConfigKeys (ConfUtils.java:logGet(62)) - raft.server.log.appender.buffer.byte-limit = 33554432 (custom)
2025-09-07 09:46:48,871 [7c7182dc-ac7f-44a8-b1d4-5d10f99cbcf2-impl-thread2] INFO  server.RaftServerConfigKeys (ConfUtils.java:logGet(62)) - raft.server.log.segment.size.max = 67108864 (custom)
2025-09-07 09:46:48,873 [7c7182dc-ac7f-44a8-b1d4-5d10f99cbcf2-impl-thread1] INFO  server.RaftServerConfigKeys (ConfUtils.java:logGet(62)) - raft.server.log.segment.size.max = 67108864 (custom)
2025-09-07 09:46:48,873 [7c7182dc-ac7f-44a8-b1d4-5d10f99cbcf2-impl-thread3] INFO  server.RaftServerConfigKeys (ConfUtils.java:logGet(62)) - raft.server.log.segment.size.max = 67108864 (custom)
2025-09-07 09:46:48,873 [7c7182dc-ac7f-44a8-b1d4-5d10f99cbcf2-impl-thread2] INFO  server.RaftServerConfigKeys (ConfUtils.java:logGet(62)) - raft.server.log.appender.buffer.byte-limit = 33554432 (custom)
2025-09-07 09:46:48,874 [7c7182dc-ac7f-44a8-b1d4-5d10f99cbcf2-impl-thread2] INFO  util.AwaitToRun (AwaitToRun.java:start(81)) - Thread[#3478,7c7182dc-ac7f-44a8-b1d4-5d10f99cbcf2@group-09A5C1734F32-cacheEviction-AwaitToRun,5,main] started
2025-09-07 09:46:48,874 [7c7182dc-ac7f-44a8-b1d4-5d10f99cbcf2-impl-thread2] INFO  segmented.SegmentedRaftLogWorker (SegmentedRaftLogWorker.java:<init>(190)) - new 7c7182dc-ac7f-44a8-b1d4-5d10f99cbcf2@group-09A5C1734F32-SegmentedRaftLogWorker for RaftStorageImpl:Storage Directory /home/runner/work/ozone/ozone/hadoop-ozone/integration-test/target/test-dir/MiniOzoneClusterImpl-023d5a78-e64c-43f3-a4d9-6f7884931d6c/ozone-metadata/datanode-4/ratis/de1a2be5-feda-49eb-9ee6-09a5c1734f32
2025-09-07 09:46:48,874 [7c7182dc-ac7f-44a8-b1d4-5d10f99cbcf2-impl-thread2] INFO  server.RaftServerConfigKeys (ConfUtils.java:logGet(62)) - raft.server.log.queue.byte-limit = 4294967296 (custom)
2025-09-07 09:46:48,874 [7c7182dc-ac7f-44a8-b1d4-5d10f99cbcf2-impl-thread2] INFO  server.RaftServerConfigKeys (ConfUtils.java:logGet(62)) - raft.server.log.segment.size.max = 67108864 (custom)
2025-09-07 09:46:48,874 [7c7182dc-ac7f-44a8-b1d4-5d10f99cbcf2-impl-thread2] INFO  server.RaftServerConfigKeys (ConfUtils.java:logGet(62)) - raft.server.log.preallocated.size = 4194304 (custom)
2025-09-07 09:46:48,874 [7c7182dc-ac7f-44a8-b1d4-5d10f99cbcf2-impl-thread1] INFO  server.RaftServerConfigKeys (ConfUtils.java:logGet(62)) - raft.server.log.appender.buffer.byte-limit = 33554432 (custom)
2025-09-07 09:46:48,874 [7c7182dc-ac7f-44a8-b1d4-5d10f99cbcf2-impl-thread3] INFO  server.RaftServerConfigKeys (ConfUtils.java:logGet(62)) - raft.server.log.appender.buffer.byte-limit = 33554432 (custom)
2025-09-07 09:46:48,874 [7c7182dc-ac7f-44a8-b1d4-5d10f99cbcf2-impl-thread2] INFO  server.RaftServerConfigKeys (ConfUtils.java:logGet(62)) - raft.server.log.write.buffer.size = 33554440 (custom)
2025-09-07 09:46:48,874 [7c7182dc-ac7f-44a8-b1d4-5d10f99cbcf2-impl-thread3] INFO  util.AwaitToRun (AwaitToRun.java:start(81)) - Thread[#3480,7c7182dc-ac7f-44a8-b1d4-5d10f99cbcf2@group-9E511D2458D0-cacheEviction-AwaitToRun,5,main] started
2025-09-07 09:46:48,874 [7c7182dc-ac7f-44a8-b1d4-5d10f99cbcf2-impl-thread3] INFO  segmented.SegmentedRaftLogWorker (SegmentedRaftLogWorker.java:<init>(190)) - new 7c7182dc-ac7f-44a8-b1d4-5d10f99cbcf2@group-9E511D2458D0-SegmentedRaftLogWorker for RaftStorageImpl:Storage Directory /home/runner/work/ozone/ozone/hadoop-ozone/integration-test/target/test-dir/MiniOzoneClusterImpl-023d5a78-e64c-43f3-a4d9-6f7884931d6c/ozone-metadata/datanode-4/ratis/d8d7c1c9-dd4a-4c6e-b9b0-9e511d2458d0
2025-09-07 09:46:48,874 [7c7182dc-ac7f-44a8-b1d4-5d10f99cbcf2-impl-thread3] INFO  server.RaftServerConfigKeys (ConfUtils.java:logGet(62)) - raft.server.log.queue.byte-limit = 4294967296 (custom)
2025-09-07 09:46:48,875 [7c7182dc-ac7f-44a8-b1d4-5d10f99cbcf2-impl-thread3] INFO  server.RaftServerConfigKeys (ConfUtils.java:logGet(62)) - raft.server.log.segment.size.max = 67108864 (custom)
2025-09-07 09:46:48,875 [7c7182dc-ac7f-44a8-b1d4-5d10f99cbcf2-impl-thread3] INFO  server.RaftServerConfigKeys (ConfUtils.java:logGet(62)) - raft.server.log.preallocated.size = 4194304 (custom)
2025-09-07 09:46:48,874 [7c7182dc-ac7f-44a8-b1d4-5d10f99cbcf2-impl-thread1] INFO  util.AwaitToRun (AwaitToRun.java:start(81)) - Thread[#3479,7c7182dc-ac7f-44a8-b1d4-5d10f99cbcf2@group-91458CD34E0F-cacheEviction-AwaitToRun,5,main] started
2025-09-07 09:46:48,875 [7c7182dc-ac7f-44a8-b1d4-5d10f99cbcf2-impl-thread1] INFO  segmented.SegmentedRaftLogWorker (SegmentedRaftLogWorker.java:<init>(190)) - new 7c7182dc-ac7f-44a8-b1d4-5d10f99cbcf2@group-91458CD34E0F-SegmentedRaftLogWorker for RaftStorageImpl:Storage Directory /home/runner/work/ozone/ozone/hadoop-ozone/integration-test/target/test-dir/MiniOzoneClusterImpl-023d5a78-e64c-43f3-a4d9-6f7884931d6c/ozone-metadata/datanode-4/ratis/40ed6c18-2432-483b-87ed-91458cd34e0f
2025-09-07 09:46:48,875 [7c7182dc-ac7f-44a8-b1d4-5d10f99cbcf2-impl-thread1] INFO  server.RaftServerConfigKeys (ConfUtils.java:logGet(62)) - raft.server.log.queue.byte-limit = 4294967296 (custom)
2025-09-07 09:46:48,875 [7c7182dc-ac7f-44a8-b1d4-5d10f99cbcf2-impl-thread1] INFO  server.RaftServerConfigKeys (ConfUtils.java:logGet(62)) - raft.server.log.segment.size.max = 67108864 (custom)
2025-09-07 09:46:48,875 [7c7182dc-ac7f-44a8-b1d4-5d10f99cbcf2-impl-thread1] INFO  server.RaftServerConfigKeys (ConfUtils.java:logGet(62)) - raft.server.log.preallocated.size = 4194304 (custom)
2025-09-07 09:46:48,875 [7c7182dc-ac7f-44a8-b1d4-5d10f99cbcf2-impl-thread3] INFO  server.RaftServerConfigKeys (ConfUtils.java:logGet(62)) - raft.server.log.write.buffer.size = 33554440 (custom)
2025-09-07 09:46:48,875 [7c7182dc-ac7f-44a8-b1d4-5d10f99cbcf2-impl-thread1] INFO  server.RaftServerConfigKeys (ConfUtils.java:logGet(62)) - raft.server.log.write.buffer.size = 33554440 (custom)
2025-09-07 09:46:48,881 [7c7182dc-ac7f-44a8-b1d4-5d10f99cbcf2-impl-thread1] INFO  server.RaftServerConfigKeys (ConfUtils.java:logGet(62)) - raft.server.log.appender.buffer.byte-limit = 33554432 (custom)
2025-09-07 09:46:48,881 [7c7182dc-ac7f-44a8-b1d4-5d10f99cbcf2-impl-thread2] INFO  server.RaftServerConfigKeys (ConfUtils.java:logGet(62)) - raft.server.log.appender.buffer.byte-limit = 33554432 (custom)
2025-09-07 09:46:48,881 [7c7182dc-ac7f-44a8-b1d4-5d10f99cbcf2-impl-thread1] INFO  server.RaftServer$Division (ServerState.java:setRaftConf(386)) - 7c7182dc-ac7f-44a8-b1d4-5d10f99cbcf2@group-91458CD34E0F: set configuration conf: {index: 0, cur=peers:[7c7182dc-ac7f-44a8-b1d4-5d10f99cbcf2|127.0.0.1:15039]|listeners:[], old=null}
2025-09-07 09:46:48,882 [7c7182dc-ac7f-44a8-b1d4-5d10f99cbcf2-impl-thread2] INFO  server.RaftServer$Division (ServerState.java:setRaftConf(386)) - 7c7182dc-ac7f-44a8-b1d4-5d10f99cbcf2@group-09A5C1734F32: set configuration conf: {index: 0, cur=peers:[90a60b70-6b91-4fb2-a612-7ac0b6911dfc|127.0.0.1:15047, e6e13cb3-e32b-4d2d-874a-1e4700c67398|127.0.0.1:15055, 7c7182dc-ac7f-44a8-b1d4-5d10f99cbcf2|127.0.0.1:15039]|listeners:[], old=null}
2025-09-07 09:46:48,882 [7c7182dc-ac7f-44a8-b1d4-5d10f99cbcf2-impl-thread2] INFO  segmented.LogSegment (LogSegment.java:loadSegment(171)) - Successfully read 9 entries from segment file /home/runner/work/ozone/ozone/hadoop-ozone/integration-test/target/test-dir/MiniOzoneClusterImpl-023d5a78-e64c-43f3-a4d9-6f7884931d6c/ozone-metadata/datanode-4/ratis/de1a2be5-feda-49eb-9ee6-09a5c1734f32/current/log_inprogress_0
2025-09-07 09:46:48,882 [7c7182dc-ac7f-44a8-b1d4-5d10f99cbcf2-impl-thread3] INFO  server.RaftServerConfigKeys (ConfUtils.java:logGet(62)) - raft.server.log.appender.buffer.byte-limit = 33554432 (custom)
2025-09-07 09:46:48,882 [7c7182dc-ac7f-44a8-b1d4-5d10f99cbcf2-impl-thread1] INFO  segmented.LogSegment (LogSegment.java:loadSegment(171)) - Successfully read 1 entries from segment file /home/runner/work/ozone/ozone/hadoop-ozone/integration-test/target/test-dir/MiniOzoneClusterImpl-023d5a78-e64c-43f3-a4d9-6f7884931d6c/ozone-metadata/datanode-4/ratis/40ed6c18-2432-483b-87ed-91458cd34e0f/current/log_inprogress_0
2025-09-07 09:46:48,883 [7c7182dc-ac7f-44a8-b1d4-5d10f99cbcf2-impl-thread1] INFO  segmented.SegmentedRaftLogWorker (SegmentedRaftLogWorker.java:lambda$new$0(141)) - 7c7182dc-ac7f-44a8-b1d4-5d10f99cbcf2@group-91458CD34E0F-SegmentedRaftLogWorker: safeCacheEvictIndex: setUnconditionally 0 -> -1
2025-09-07 09:46:48,883 [7c7182dc-ac7f-44a8-b1d4-5d10f99cbcf2-impl-thread1] INFO  segmented.BufferedWriteChannel (BufferedWriteChannel.java:open(61)) - open log_inprogress_0 (append) at position 129
2025-09-07 09:46:48,883 [7c7182dc-ac7f-44a8-b1d4-5d10f99cbcf2-impl-thread2] INFO  segmented.SegmentedRaftLogWorker (SegmentedRaftLogWorker.java:lambda$new$0(141)) - 7c7182dc-ac7f-44a8-b1d4-5d10f99cbcf2@group-09A5C1734F32-SegmentedRaftLogWorker: flushIndex: setUnconditionally 0 -> 8
2025-09-07 09:46:48,883 [7c7182dc-ac7f-44a8-b1d4-5d10f99cbcf2-impl-thread3] INFO  server.RaftServer$Division (ServerState.java:setRaftConf(386)) - 7c7182dc-ac7f-44a8-b1d4-5d10f99cbcf2@group-9E511D2458D0: set configuration conf: {index: 0, cur=peers:[90a60b70-6b91-4fb2-a612-7ac0b6911dfc|127.0.0.1:15047, e6e13cb3-e32b-4d2d-874a-1e4700c67398|127.0.0.1:15055, 7c7182dc-ac7f-44a8-b1d4-5d10f99cbcf2|127.0.0.1:15039]|listeners:[], old=null}
2025-09-07 09:46:48,883 [7c7182dc-ac7f-44a8-b1d4-5d10f99cbcf2-impl-thread3] INFO  segmented.LogSegment (LogSegment.java:loadSegment(171)) - Successfully read 1 entries from segment file /home/runner/work/ozone/ozone/hadoop-ozone/integration-test/target/test-dir/MiniOzoneClusterImpl-023d5a78-e64c-43f3-a4d9-6f7884931d6c/ozone-metadata/datanode-4/ratis/d8d7c1c9-dd4a-4c6e-b9b0-9e511d2458d0/current/log_inprogress_0
2025-09-07 09:46:48,883 [7c7182dc-ac7f-44a8-b1d4-5d10f99cbcf2-impl-thread3] INFO  segmented.SegmentedRaftLogWorker (SegmentedRaftLogWorker.java:lambda$new$0(141)) - 7c7182dc-ac7f-44a8-b1d4-5d10f99cbcf2@group-9E511D2458D0-SegmentedRaftLogWorker: safeCacheEvictIndex: setUnconditionally 0 -> -1
2025-09-07 09:46:48,883 [7c7182dc-ac7f-44a8-b1d4-5d10f99cbcf2-impl-thread3] INFO  segmented.BufferedWriteChannel (BufferedWriteChannel.java:open(61)) - open log_inprogress_0 (append) at position 351
2025-09-07 09:46:48,883 [7c7182dc-ac7f-44a8-b1d4-5d10f99cbcf2-impl-thread2] INFO  segmented.SegmentedRaftLogWorker (SegmentedRaftLogWorker.java:lambda$new$0(141)) - 7c7182dc-ac7f-44a8-b1d4-5d10f99cbcf2@group-09A5C1734F32-SegmentedRaftLogWorker: safeCacheEvictIndex: setUnconditionally 0 -> -1
2025-09-07 09:46:48,883 [7c7182dc-ac7f-44a8-b1d4-5d10f99cbcf2-impl-thread2] INFO  segmented.BufferedWriteChannel (BufferedWriteChannel.java:open(61)) - open log_inprogress_0 (append) at position 3171
2025-09-07 09:46:48,883 [7c7182dc-ac7f-44a8-b1d4-5d10f99cbcf2-impl-thread1] INFO  server.RaftServer$Division (RaftServerImpl.java:start(405)) - 7c7182dc-ac7f-44a8-b1d4-5d10f99cbcf2@group-91458CD34E0F: start as a follower, conf=conf: {index: 0, cur=peers:[7c7182dc-ac7f-44a8-b1d4-5d10f99cbcf2|127.0.0.1:15039]|listeners:[], old=null}
2025-09-07 09:46:48,884 [7c7182dc-ac7f-44a8-b1d4-5d10f99cbcf2-impl-thread1] INFO  server.RaftServer$Division (RaftServerImpl.java:setRole(392)) - 7c7182dc-ac7f-44a8-b1d4-5d10f99cbcf2@group-91458CD34E0F: changes role from      null to FOLLOWER at term 1 for startAsFollower
2025-09-07 09:46:48,884 [7c7182dc-ac7f-44a8-b1d4-5d10f99cbcf2-impl-thread2] INFO  server.RaftServer$Division (RaftServerImpl.java:start(405)) - 7c7182dc-ac7f-44a8-b1d4-5d10f99cbcf2@group-09A5C1734F32: start as a follower, conf=conf: {index: 0, cur=peers:[90a60b70-6b91-4fb2-a612-7ac0b6911dfc|127.0.0.1:15047, e6e13cb3-e32b-4d2d-874a-1e4700c67398|127.0.0.1:15055, 7c7182dc-ac7f-44a8-b1d4-5d10f99cbcf2|127.0.0.1:15039]|listeners:[], old=null}
2025-09-07 09:46:48,884 [7c7182dc-ac7f-44a8-b1d4-5d10f99cbcf2-impl-thread3] INFO  server.RaftServer$Division (RaftServerImpl.java:start(405)) - 7c7182dc-ac7f-44a8-b1d4-5d10f99cbcf2@group-9E511D2458D0: start as a follower, conf=conf: {index: 0, cur=peers:[90a60b70-6b91-4fb2-a612-7ac0b6911dfc|127.0.0.1:15047, e6e13cb3-e32b-4d2d-874a-1e4700c67398|127.0.0.1:15055, 7c7182dc-ac7f-44a8-b1d4-5d10f99cbcf2|127.0.0.1:15039]|listeners:[], old=null}
2025-09-07 09:46:48,884 [7c7182dc-ac7f-44a8-b1d4-5d10f99cbcf2-impl-thread3] INFO  server.RaftServer$Division (RaftServerImpl.java:setRole(392)) - 7c7182dc-ac7f-44a8-b1d4-5d10f99cbcf2@group-9E511D2458D0: changes role from      null to FOLLOWER at term 1 for startAsFollower
2025-09-07 09:46:48,884 [7c7182dc-ac7f-44a8-b1d4-5d10f99cbcf2-impl-thread3] INFO  impl.RoleInfo (RoleInfo.java:updateAndGet(148)) - 7c7182dc-ac7f-44a8-b1d4-5d10f99cbcf2: start 7c7182dc-ac7f-44a8-b1d4-5d10f99cbcf2@group-9E511D2458D0-FollowerState
2025-09-07 09:46:48,884 [7c7182dc-ac7f-44a8-b1d4-5d10f99cbcf2-impl-thread1] INFO  impl.RoleInfo (RoleInfo.java:updateAndGet(148)) - 7c7182dc-ac7f-44a8-b1d4-5d10f99cbcf2: start 7c7182dc-ac7f-44a8-b1d4-5d10f99cbcf2@group-91458CD34E0F-FollowerState
2025-09-07 09:46:48,884 [7c7182dc-ac7f-44a8-b1d4-5d10f99cbcf2-impl-thread2] INFO  server.RaftServer$Division (RaftServerImpl.java:setRole(392)) - 7c7182dc-ac7f-44a8-b1d4-5d10f99cbcf2@group-09A5C1734F32: changes role from      null to FOLLOWER at term 1 for startAsFollower
2025-09-07 09:46:48,884 [7c7182dc-ac7f-44a8-b1d4-5d10f99cbcf2-impl-thread2] INFO  impl.RoleInfo (RoleInfo.java:updateAndGet(148)) - 7c7182dc-ac7f-44a8-b1d4-5d10f99cbcf2: start 7c7182dc-ac7f-44a8-b1d4-5d10f99cbcf2@group-09A5C1734F32-FollowerState
2025-09-07 09:46:48,884 [7c7182dc-ac7f-44a8-b1d4-5d10f99cbcf2-impl-thread3] INFO  util.JmxRegister (JmxRegister.java:tryRegister(44)) - Successfully registered JMX Bean with object name Ratis:service=RaftServer,group=group-9E511D2458D0,id=7c7182dc-ac7f-44a8-b1d4-5d10f99cbcf2
2025-09-07 09:46:48,884 [7c7182dc-ac7f-44a8-b1d4-5d10f99cbcf2-impl-thread3] INFO  util.JmxRegister (JmxRegister.java:register(58)) - register mxBean class org.apache.ratis.server.impl.RaftServerJmxAdapter as Ratis:service=RaftServer,group=group-9E511D2458D0,id=7c7182dc-ac7f-44a8-b1d4-5d10f99cbcf2
2025-09-07 09:46:48,885 [7c7182dc-ac7f-44a8-b1d4-5d10f99cbcf2-impl-thread1] INFO  util.JmxRegister (JmxRegister.java:tryRegister(44)) - Successfully registered JMX Bean with object name Ratis:service=RaftServer,group=group-91458CD34E0F,id=7c7182dc-ac7f-44a8-b1d4-5d10f99cbcf2
2025-09-07 09:46:48,885 [7c7182dc-ac7f-44a8-b1d4-5d10f99cbcf2-impl-thread1] INFO  util.JmxRegister (JmxRegister.java:register(58)) - register mxBean class org.apache.ratis.server.impl.RaftServerJmxAdapter as Ratis:service=RaftServer,group=group-91458CD34E0F,id=7c7182dc-ac7f-44a8-b1d4-5d10f99cbcf2
2025-09-07 09:46:48,885 [7c7182dc-ac7f-44a8-b1d4-5d10f99cbcf2-impl-thread2] INFO  util.JmxRegister (JmxRegister.java:tryRegister(44)) - Successfully registered JMX Bean with object name Ratis:service=RaftServer,group=group-09A5C1734F32,id=7c7182dc-ac7f-44a8-b1d4-5d10f99cbcf2
2025-09-07 09:46:48,885 [7c7182dc-ac7f-44a8-b1d4-5d10f99cbcf2-impl-thread2] INFO  util.JmxRegister (JmxRegister.java:register(58)) - register mxBean class org.apache.ratis.server.impl.RaftServerJmxAdapter as Ratis:service=RaftServer,group=group-09A5C1734F32,id=7c7182dc-ac7f-44a8-b1d4-5d10f99cbcf2
2025-09-07 09:46:48,886 [7c7182dc-ac7f-44a8-b1d4-5d10f99cbcf2-impl-thread3] INFO  server.RaftServer$Division (RaftServerImpl.java:start(419)) - 7c7182dc-ac7f-44a8-b1d4-5d10f99cbcf2@group-9E511D2458D0: Successfully started.
2025-09-07 09:46:48,887 [7c7182dc-ac7f-44a8-b1d4-5d10f99cbcf2-impl-thread2] INFO  server.RaftServer$Division (RaftServerImpl.java:start(419)) - 7c7182dc-ac7f-44a8-b1d4-5d10f99cbcf2@group-09A5C1734F32: Successfully started.
2025-09-07 09:46:48,887 [7c7182dc-ac7f-44a8-b1d4-5d10f99cbcf2-impl-thread1] INFO  server.RaftServer$Division (RaftServerImpl.java:start(419)) - 7c7182dc-ac7f-44a8-b1d4-5d10f99cbcf2@group-91458CD34E0F: Successfully started.
2025-09-07 09:46:48,888 [7c7182dc-ac7f-44a8-b1d4-5d10f99cbcf2-EndpointStateMachineTaskThread-/0.0.0.0:15002-0 ] INFO  server.RaftServer (RaftServerProxy.java:startImpl(412)) - 7c7182dc-ac7f-44a8-b1d4-5d10f99cbcf2: start RPC server
2025-09-07 09:46:48,888 [7c7182dc-ac7f-44a8-b1d4-5d10f99cbcf2-EndpointStateMachineTaskThread-/0.0.0.0:15002-0 ] INFO  server.GrpcServicesImpl (GrpcServicesImpl.java:startImpl(346)) - 7c7182dc-ac7f-44a8-b1d4-5d10f99cbcf2: GrpcServicesImpl started, listening on 15037
2025-09-07 09:46:48,888 [7c7182dc-ac7f-44a8-b1d4-5d10f99cbcf2-EndpointStateMachineTaskThread-/0.0.0.0:15002-0 ] INFO  server.GrpcServicesImpl (GrpcServicesImpl.java:startImpl(346)) - 7c7182dc-ac7f-44a8-b1d4-5d10f99cbcf2: GrpcServicesImpl started, listening on 15039
2025-09-07 09:46:48,888 [7c7182dc-ac7f-44a8-b1d4-5d10f99cbcf2-EndpointStateMachineTaskThread-/0.0.0.0:15002-0 ] INFO  server.GrpcServicesImpl (GrpcServicesImpl.java:startImpl(346)) - 7c7182dc-ac7f-44a8-b1d4-5d10f99cbcf2: GrpcServicesImpl started, listening on 15038
2025-09-07 09:46:48,889 [7c7182dc-ac7f-44a8-b1d4-5d10f99cbcf2-EndpointStateMachineTaskThread-/0.0.0.0:15002-0 ] INFO  ratis.XceiverServerRatis (XceiverServerRatis.java:getRealPort(589)) - XceiverServerRatis(7c7182dc-ac7f-44a8-b1d4-5d10f99cbcf2) is started using port RATIS=15037
2025-09-07 09:46:48,889 [7c7182dc-ac7f-44a8-b1d4-5d10f99cbcf2-EndpointStateMachineTaskThread-/0.0.0.0:15002-0 ] INFO  ratis.XceiverServerRatis (XceiverServerRatis.java:getRealPort(589)) - XceiverServerRatis(7c7182dc-ac7f-44a8-b1d4-5d10f99cbcf2) is started using port RATIS_ADMIN=15038
2025-09-07 09:46:48,889 [7c7182dc-ac7f-44a8-b1d4-5d10f99cbcf2-EndpointStateMachineTaskThread-/0.0.0.0:15002-0 ] INFO  ratis.XceiverServerRatis (XceiverServerRatis.java:getRealPort(589)) - XceiverServerRatis(7c7182dc-ac7f-44a8-b1d4-5d10f99cbcf2) is started using port RATIS_SERVER=15039
2025-09-07 09:46:48,889 [JvmPauseMonitor18] INFO  util.JvmPauseMonitor (JvmPauseMonitor.java:run(146)) - JvmPauseMonitor-7c7182dc-ac7f-44a8-b1d4-5d10f99cbcf2: Started
2025-09-07 09:46:48,889 [7c7182dc-ac7f-44a8-b1d4-5d10f99cbcf2-EndpointStateMachineTaskThread-/0.0.0.0:15002-0 ] INFO  ratis.XceiverServerRatis (XceiverServerRatis.java:getRealPort(589)) - XceiverServerRatis(7c7182dc-ac7f-44a8-b1d4-5d10f99cbcf2) is started using port RATIS_DATASTREAM=15040
2025-09-07 09:46:48,889 [7c7182dc-ac7f-44a8-b1d4-5d10f99cbcf2-EndpointStateMachineTaskThread-/0.0.0.0:15002-0 ] INFO  utils.BackgroundService (BackgroundService.java:start(119)) - Starting service BlockDeletingService with interval 60000 milliseconds
2025-09-07 09:46:48,889 [7c7182dc-ac7f-44a8-b1d4-5d10f99cbcf2-EndpointStateMachineTaskThread-/0.0.0.0:15002-0 ] INFO  utils.BackgroundService (BackgroundService.java:start(119)) - Starting service StaleRecoveringContainerScrubbingService with interval 60000 milliseconds
2025-09-07 09:46:48,984 [ff2509eb-55dd-4ad3-b532-83d6209e1a92-impl-thread4] INFO  segmented.SegmentedRaftLogWorker (SegmentedRaftLogWorker.java:close(254)) - ff2509eb-55dd-4ad3-b532-83d6209e1a92@group-8F87D7C2BFC6-SegmentedRaftLogWorker close()
2025-09-07 09:46:48,984 [ff2509eb-55dd-4ad3-b532-83d6209e1a92-impl-thread4] INFO  ratis.ContainerStateMachine (ContainerStateMachine.java:notifyServerShutdown(1038)) - group-8F87D7C2BFC6 is closed by HddsDatanodeService
2025-09-07 09:46:49,385 [ff2509eb-55dd-4ad3-b532-83d6209e1a92-impl-thread6] INFO  segmented.SegmentedRaftLogWorker (SegmentedRaftLogWorker.java:close(254)) - ff2509eb-55dd-4ad3-b532-83d6209e1a92@group-DDE89B3F2AFE-SegmentedRaftLogWorker close()
2025-09-07 09:46:49,385 [ff2509eb-55dd-4ad3-b532-83d6209e1a92-impl-thread6] INFO  ratis.ContainerStateMachine (ContainerStateMachine.java:notifyServerShutdown(1038)) - group-DDE89B3F2AFE is closed by HddsDatanodeService
2025-09-07 09:46:49,386 [JvmPauseMonitor13] INFO  util.JvmPauseMonitor (JvmPauseMonitor.java:run(152)) - JvmPauseMonitor-ff2509eb-55dd-4ad3-b532-83d6209e1a92: Stopped
2025-09-07 09:46:49,663 [e6e13cb3-e32b-4d2d-874a-1e4700c67398@group-9E511D2458D0-FollowerState] INFO  impl.FollowerState (FollowerState.java:runImpl(161)) - e6e13cb3-e32b-4d2d-874a-1e4700c67398@group-9E511D2458D0-FollowerState: change to CANDIDATE, lastRpcElapsedTime:1179284385ns, electionTimeout:1179ms
2025-09-07 09:46:49,664 [e6e13cb3-e32b-4d2d-874a-1e4700c67398@group-9E511D2458D0-FollowerState] INFO  impl.RoleInfo (RoleInfo.java:shutdownFollowerState(121)) - e6e13cb3-e32b-4d2d-874a-1e4700c67398: shutdown e6e13cb3-e32b-4d2d-874a-1e4700c67398@group-9E511D2458D0-FollowerState
2025-09-07 09:46:49,664 [e6e13cb3-e32b-4d2d-874a-1e4700c67398@group-9E511D2458D0-FollowerState] INFO  server.RaftServer$Division (RaftServerImpl.java:setRole(392)) - e6e13cb3-e32b-4d2d-874a-1e4700c67398@group-9E511D2458D0: changes role from  FOLLOWER to CANDIDATE at term 1 for changeToCandidate
2025-09-07 09:46:49,664 [e6e13cb3-e32b-4d2d-874a-1e4700c67398@group-9E511D2458D0-FollowerState] INFO  impl.RoleInfo (RoleInfo.java:updateAndGet(148)) - e6e13cb3-e32b-4d2d-874a-1e4700c67398: start e6e13cb3-e32b-4d2d-874a-1e4700c67398@group-9E511D2458D0-LeaderElection262
2025-09-07 09:46:49,664 [e6e13cb3-e32b-4d2d-874a-1e4700c67398@group-9E511D2458D0-LeaderElection262] INFO  impl.LeaderElection (LeaderElection.java:askForVotes(448)) - e6e13cb3-e32b-4d2d-874a-1e4700c67398@group-9E511D2458D0-LeaderElection262 PRE_VOTE round 0: submit vote requests at term 1 for conf: {index: 0, cur=peers:[90a60b70-6b91-4fb2-a612-7ac0b6911dfc|127.0.0.1:15047, e6e13cb3-e32b-4d2d-874a-1e4700c67398|127.0.0.1:15055, 7c7182dc-ac7f-44a8-b1d4-5d10f99cbcf2|127.0.0.1:15039]|listeners:[], old=null}
2025-09-07 09:46:49,665 [e6e13cb3-e32b-4d2d-874a-1e4700c67398@group-9E511D2458D0-LeaderElection262] INFO  impl.LeaderElection (LogUtils.java:infoOrTrace(142)) - e6e13cb3-e32b-4d2d-874a-1e4700c67398@group-9E511D2458D0-LeaderElection262 got exception when requesting votes: java.util.concurrent.ExecutionException: org.apache.ratis.thirdparty.io.grpc.StatusRuntimeException: UNAVAILABLE: io exception
2025-09-07 09:46:49,665 [e6e13cb3-e32b-4d2d-874a-1e4700c67398@group-9E511D2458D0-LeaderElection262] INFO  impl.LeaderElection (LogUtils.java:infoOrTrace(142)) - e6e13cb3-e32b-4d2d-874a-1e4700c67398@group-9E511D2458D0-LeaderElection262 got exception when requesting votes: java.util.concurrent.ExecutionException: org.apache.ratis.thirdparty.io.grpc.StatusRuntimeException: UNAVAILABLE: io exception
2025-09-07 09:46:49,665 [e6e13cb3-e32b-4d2d-874a-1e4700c67398@group-9E511D2458D0-LeaderElection262] INFO  impl.LeaderElection (LeaderElection.java:logAndReturn(206)) - e6e13cb3-e32b-4d2d-874a-1e4700c67398@group-9E511D2458D0-LeaderElection262: PRE_VOTE REJECTED received 0 response(s) and 2 exception(s):
2025-09-07 09:46:49,665 [e6e13cb3-e32b-4d2d-874a-1e4700c67398@group-9E511D2458D0-LeaderElection262] INFO  impl.LeaderElection (LogUtils.java:infoOrTrace(142)) -   Exception 0: java.util.concurrent.ExecutionException: org.apache.ratis.thirdparty.io.grpc.StatusRuntimeException: UNAVAILABLE: io exception
2025-09-07 09:46:49,665 [e6e13cb3-e32b-4d2d-874a-1e4700c67398@group-9E511D2458D0-LeaderElection262] INFO  impl.LeaderElection (LogUtils.java:infoOrTrace(142)) -   Exception 1: java.util.concurrent.ExecutionException: org.apache.ratis.thirdparty.io.grpc.StatusRuntimeException: UNAVAILABLE: io exception
2025-09-07 09:46:49,665 [e6e13cb3-e32b-4d2d-874a-1e4700c67398@group-9E511D2458D0-LeaderElection262] INFO  impl.LeaderElection (LeaderElection.java:askForVotes(450)) - e6e13cb3-e32b-4d2d-874a-1e4700c67398@group-9E511D2458D0-LeaderElection262 PRE_VOTE round 0: result REJECTED
2025-09-07 09:46:49,665 [e6e13cb3-e32b-4d2d-874a-1e4700c67398@group-9E511D2458D0-LeaderElection262] INFO  server.RaftServer$Division (RaftServerImpl.java:setRole(392)) - e6e13cb3-e32b-4d2d-874a-1e4700c67398@group-9E511D2458D0: changes role from CANDIDATE to FOLLOWER at term 1 for REJECTED
2025-09-07 09:46:49,665 [e6e13cb3-e32b-4d2d-874a-1e4700c67398@group-9E511D2458D0-LeaderElection262] INFO  impl.RoleInfo (RoleInfo.java:shutdownLeaderElection(141)) - e6e13cb3-e32b-4d2d-874a-1e4700c67398: shutdown e6e13cb3-e32b-4d2d-874a-1e4700c67398@group-9E511D2458D0-LeaderElection262
2025-09-07 09:46:49,665 [e6e13cb3-e32b-4d2d-874a-1e4700c67398@group-9E511D2458D0-LeaderElection262] INFO  impl.RoleInfo (RoleInfo.java:updateAndGet(148)) - e6e13cb3-e32b-4d2d-874a-1e4700c67398: start e6e13cb3-e32b-4d2d-874a-1e4700c67398@group-9E511D2458D0-FollowerState
2025-09-07 09:46:49,670 [90a60b70-6b91-4fb2-a612-7ac0b6911dfc@group-09A5C1734F32-FollowerState] INFO  impl.FollowerState (FollowerState.java:runImpl(161)) - 90a60b70-6b91-4fb2-a612-7ac0b6911dfc@group-09A5C1734F32-FollowerState: change to CANDIDATE, lastRpcElapsedTime:1001348180ns, electionTimeout:1001ms
2025-09-07 09:46:49,670 [90a60b70-6b91-4fb2-a612-7ac0b6911dfc@group-09A5C1734F32-FollowerState] INFO  impl.RoleInfo (RoleInfo.java:shutdownFollowerState(121)) - 90a60b70-6b91-4fb2-a612-7ac0b6911dfc: shutdown 90a60b70-6b91-4fb2-a612-7ac0b6911dfc@group-09A5C1734F32-FollowerState
2025-09-07 09:46:49,670 [90a60b70-6b91-4fb2-a612-7ac0b6911dfc@group-09A5C1734F32-FollowerState] INFO  server.RaftServer$Division (RaftServerImpl.java:setRole(392)) - 90a60b70-6b91-4fb2-a612-7ac0b6911dfc@group-09A5C1734F32: changes role from  FOLLOWER to CANDIDATE at term 1 for changeToCandidate
2025-09-07 09:46:49,671 [90a60b70-6b91-4fb2-a612-7ac0b6911dfc@group-09A5C1734F32-FollowerState] INFO  impl.RoleInfo (RoleInfo.java:updateAndGet(148)) - 90a60b70-6b91-4fb2-a612-7ac0b6911dfc: start 90a60b70-6b91-4fb2-a612-7ac0b6911dfc@group-09A5C1734F32-LeaderElection263
2025-09-07 09:46:49,671 [90a60b70-6b91-4fb2-a612-7ac0b6911dfc@group-09A5C1734F32-LeaderElection263] INFO  impl.LeaderElection (LeaderElection.java:askForVotes(448)) - 90a60b70-6b91-4fb2-a612-7ac0b6911dfc@group-09A5C1734F32-LeaderElection263 PRE_VOTE round 0: submit vote requests at term 1 for conf: {index: 0, cur=peers:[90a60b70-6b91-4fb2-a612-7ac0b6911dfc|127.0.0.1:15047, e6e13cb3-e32b-4d2d-874a-1e4700c67398|127.0.0.1:15055, 7c7182dc-ac7f-44a8-b1d4-5d10f99cbcf2|127.0.0.1:15039]|listeners:[], old=null}
2025-09-07 09:46:49,671 [90a60b70-6b91-4fb2-a612-7ac0b6911dfc@group-09A5C1734F32-LeaderElection263-1] INFO  server.GrpcServerProtocolClient (GrpcServerProtocolClient.java:<init>(65)) - Build channel for e6e13cb3-e32b-4d2d-874a-1e4700c67398|127.0.0.1:15055
2025-09-07 09:46:49,671 [90a60b70-6b91-4fb2-a612-7ac0b6911dfc@group-09A5C1734F32-LeaderElection263-2] INFO  server.GrpcServerProtocolClient (GrpcServerProtocolClient.java:<init>(65)) - Build channel for 7c7182dc-ac7f-44a8-b1d4-5d10f99cbcf2|127.0.0.1:15039
2025-09-07 09:46:49,674 [grpc-default-executor-8] INFO  server.RaftServer$Division (RaftServerImpl.java:requestVote(1421)) - e6e13cb3-e32b-4d2d-874a-1e4700c67398@group-09A5C1734F32: receive requestVote(PRE_VOTE, 90a60b70-6b91-4fb2-a612-7ac0b6911dfc, group-09A5C1734F32, 1, (t:1, i:8))
2025-09-07 09:46:49,674 [grpc-default-executor-8] INFO  impl.VoteContext (VoteContext.java:log(49)) - e6e13cb3-e32b-4d2d-874a-1e4700c67398@group-09A5C1734F32-FOLLOWER: accept PRE_VOTE from 90a60b70-6b91-4fb2-a612-7ac0b6911dfc: our priority 0 <= candidate's priority 0
2025-09-07 09:46:49,674 [grpc-default-executor-2] INFO  server.RaftServer$Division (RaftServerImpl.java:requestVote(1421)) - 7c7182dc-ac7f-44a8-b1d4-5d10f99cbcf2@group-09A5C1734F32: receive requestVote(PRE_VOTE, 90a60b70-6b91-4fb2-a612-7ac0b6911dfc, group-09A5C1734F32, 1, (t:1, i:8))
2025-09-07 09:46:49,674 [grpc-default-executor-2] INFO  impl.VoteContext (VoteContext.java:log(49)) - 7c7182dc-ac7f-44a8-b1d4-5d10f99cbcf2@group-09A5C1734F32-FOLLOWER: reject PRE_VOTE from 90a60b70-6b91-4fb2-a612-7ac0b6911dfc: our priority 1 > candidate's priority 0
2025-09-07 09:46:49,674 [grpc-default-executor-8] INFO  server.RaftServer$Division (RaftServerImpl.java:requestVote(1455)) - e6e13cb3-e32b-4d2d-874a-1e4700c67398@group-09A5C1734F32 replies to PRE_VOTE vote request: 90a60b70-6b91-4fb2-a612-7ac0b6911dfc<-e6e13cb3-e32b-4d2d-874a-1e4700c67398#0:OK-t1-last:(t:1, i:8). Peer's state: e6e13cb3-e32b-4d2d-874a-1e4700c67398@group-09A5C1734F32:t1, leader=null, voted=7c7182dc-ac7f-44a8-b1d4-5d10f99cbcf2, raftlog=Memoized:e6e13cb3-e32b-4d2d-874a-1e4700c67398@group-09A5C1734F32-SegmentedRaftLog:OPENED:c8:last(t:1, i:8), conf=conf: {index: 0, cur=peers:[90a60b70-6b91-4fb2-a612-7ac0b6911dfc|127.0.0.1:15047, e6e13cb3-e32b-4d2d-874a-1e4700c67398|127.0.0.1:15055, 7c7182dc-ac7f-44a8-b1d4-5d10f99cbcf2|127.0.0.1:15039]|listeners:[], old=null}
2025-09-07 09:46:49,674 [grpc-default-executor-2] INFO  server.RaftServer$Division (RaftServerImpl.java:requestVote(1455)) - 7c7182dc-ac7f-44a8-b1d4-5d10f99cbcf2@group-09A5C1734F32 replies to PRE_VOTE vote request: 90a60b70-6b91-4fb2-a612-7ac0b6911dfc<-7c7182dc-ac7f-44a8-b1d4-5d10f99cbcf2#0:FAIL-t1-last:(t:1, i:8). Peer's state: 7c7182dc-ac7f-44a8-b1d4-5d10f99cbcf2@group-09A5C1734F32:t1, leader=null, voted=7c7182dc-ac7f-44a8-b1d4-5d10f99cbcf2, raftlog=Memoized:7c7182dc-ac7f-44a8-b1d4-5d10f99cbcf2@group-09A5C1734F32-SegmentedRaftLog:OPENED:c8:last(t:1, i:8), conf=conf: {index: 0, cur=peers:[90a60b70-6b91-4fb2-a612-7ac0b6911dfc|127.0.0.1:15047, e6e13cb3-e32b-4d2d-874a-1e4700c67398|127.0.0.1:15055, 7c7182dc-ac7f-44a8-b1d4-5d10f99cbcf2|127.0.0.1:15039]|listeners:[], old=null}
2025-09-07 09:46:49,675 [90a60b70-6b91-4fb2-a612-7ac0b6911dfc@group-09A5C1734F32-LeaderElection263] INFO  impl.LeaderElection (LeaderElection.java:logAndReturn(206)) - 90a60b70-6b91-4fb2-a612-7ac0b6911dfc@group-09A5C1734F32-LeaderElection263: PRE_VOTE REJECTED received 1 response(s) and 0 exception(s):
2025-09-07 09:46:49,675 [90a60b70-6b91-4fb2-a612-7ac0b6911dfc@group-09A5C1734F32-LeaderElection263] INFO  impl.LeaderElection (LeaderElection.java:logAndReturn(210)) -   Response 0: 90a60b70-6b91-4fb2-a612-7ac0b6911dfc<-7c7182dc-ac7f-44a8-b1d4-5d10f99cbcf2#0:FAIL-t1-last:(t:1, i:8)
2025-09-07 09:46:49,675 [90a60b70-6b91-4fb2-a612-7ac0b6911dfc@group-09A5C1734F32-LeaderElection263] INFO  impl.LeaderElection (LeaderElection.java:askForVotes(450)) - 90a60b70-6b91-4fb2-a612-7ac0b6911dfc@group-09A5C1734F32-LeaderElection263 PRE_VOTE round 0: result REJECTED
2025-09-07 09:46:49,675 [90a60b70-6b91-4fb2-a612-7ac0b6911dfc@group-09A5C1734F32-LeaderElection263] INFO  server.RaftServer$Division (RaftServerImpl.java:setRole(392)) - 90a60b70-6b91-4fb2-a612-7ac0b6911dfc@group-09A5C1734F32: changes role from CANDIDATE to FOLLOWER at term 1 for REJECTED
2025-09-07 09:46:49,675 [90a60b70-6b91-4fb2-a612-7ac0b6911dfc@group-09A5C1734F32-LeaderElection263] INFO  impl.RoleInfo (RoleInfo.java:shutdownLeaderElection(141)) - 90a60b70-6b91-4fb2-a612-7ac0b6911dfc: shutdown 90a60b70-6b91-4fb2-a612-7ac0b6911dfc@group-09A5C1734F32-LeaderElection263
2025-09-07 09:46:49,675 [90a60b70-6b91-4fb2-a612-7ac0b6911dfc@group-09A5C1734F32-LeaderElection263] INFO  impl.RoleInfo (RoleInfo.java:updateAndGet(148)) - 90a60b70-6b91-4fb2-a612-7ac0b6911dfc: start 90a60b70-6b91-4fb2-a612-7ac0b6911dfc@group-09A5C1734F32-FollowerState
2025-09-07 09:46:49,675 [90a60b70-6b91-4fb2-a612-7ac0b6911dfc@group-09A5C1734F32-LeaderElection263] INFO  server.RaftServer$Division (RaftServerImpl.java:setFirstElection(576)) - 90a60b70-6b91-4fb2-a612-7ac0b6911dfc@group-09A5C1734F32: set firstElectionSinceStartup to false for REJECTED
2025-09-07 09:46:49,749 [90a60b70-6b91-4fb2-a612-7ac0b6911dfc@group-9E511D2458D0-FollowerState] INFO  impl.FollowerState (FollowerState.java:runImpl(161)) - 90a60b70-6b91-4fb2-a612-7ac0b6911dfc@group-9E511D2458D0-FollowerState: change to CANDIDATE, lastRpcElapsedTime:1080375503ns, electionTimeout:1080ms
2025-09-07 09:46:49,749 [90a60b70-6b91-4fb2-a612-7ac0b6911dfc@group-9E511D2458D0-FollowerState] INFO  impl.RoleInfo (RoleInfo.java:shutdownFollowerState(121)) - 90a60b70-6b91-4fb2-a612-7ac0b6911dfc: shutdown 90a60b70-6b91-4fb2-a612-7ac0b6911dfc@group-9E511D2458D0-FollowerState
2025-09-07 09:46:49,749 [90a60b70-6b91-4fb2-a612-7ac0b6911dfc@group-9E511D2458D0-FollowerState] INFO  server.RaftServer$Division (RaftServerImpl.java:setRole(392)) - 90a60b70-6b91-4fb2-a612-7ac0b6911dfc@group-9E511D2458D0: changes role from  FOLLOWER to CANDIDATE at term 1 for changeToCandidate
2025-09-07 09:46:49,749 [90a60b70-6b91-4fb2-a612-7ac0b6911dfc@group-9E511D2458D0-FollowerState] INFO  impl.RoleInfo (RoleInfo.java:updateAndGet(148)) - 90a60b70-6b91-4fb2-a612-7ac0b6911dfc: start 90a60b70-6b91-4fb2-a612-7ac0b6911dfc@group-9E511D2458D0-LeaderElection264
2025-09-07 09:46:49,749 [90a60b70-6b91-4fb2-a612-7ac0b6911dfc@group-9E511D2458D0-LeaderElection264] INFO  impl.LeaderElection (LeaderElection.java:askForVotes(448)) - 90a60b70-6b91-4fb2-a612-7ac0b6911dfc@group-9E511D2458D0-LeaderElection264 PRE_VOTE round 0: submit vote requests at term 1 for conf: {index: 0, cur=peers:[90a60b70-6b91-4fb2-a612-7ac0b6911dfc|127.0.0.1:15047, e6e13cb3-e32b-4d2d-874a-1e4700c67398|127.0.0.1:15055, 7c7182dc-ac7f-44a8-b1d4-5d10f99cbcf2|127.0.0.1:15039]|listeners:[], old=null}
2025-09-07 09:46:49,750 [grpc-default-executor-2] INFO  server.RaftServer$Division (RaftServerImpl.java:requestVote(1421)) - e6e13cb3-e32b-4d2d-874a-1e4700c67398@group-9E511D2458D0: receive requestVote(PRE_VOTE, 90a60b70-6b91-4fb2-a612-7ac0b6911dfc, group-9E511D2458D0, 1, (t:1, i:0))
2025-09-07 09:46:49,750 [grpc-default-executor-8] INFO  server.RaftServer$Division (RaftServerImpl.java:requestVote(1421)) - 7c7182dc-ac7f-44a8-b1d4-5d10f99cbcf2@group-9E511D2458D0: receive requestVote(PRE_VOTE, 90a60b70-6b91-4fb2-a612-7ac0b6911dfc, group-9E511D2458D0, 1, (t:1, i:0))
2025-09-07 09:46:49,751 [grpc-default-executor-2] INFO  impl.VoteContext (VoteContext.java:log(49)) - e6e13cb3-e32b-4d2d-874a-1e4700c67398@group-9E511D2458D0-FOLLOWER: reject PRE_VOTE from 90a60b70-6b91-4fb2-a612-7ac0b6911dfc: our priority 1 > candidate's priority 0
2025-09-07 09:46:49,751 [grpc-default-executor-8] INFO  impl.VoteContext (VoteContext.java:log(49)) - 7c7182dc-ac7f-44a8-b1d4-5d10f99cbcf2@group-9E511D2458D0-FOLLOWER: accept PRE_VOTE from 90a60b70-6b91-4fb2-a612-7ac0b6911dfc: our priority 0 <= candidate's priority 0
2025-09-07 09:46:49,751 [grpc-default-executor-2] INFO  server.RaftServer$Division (RaftServerImpl.java:requestVote(1455)) - e6e13cb3-e32b-4d2d-874a-1e4700c67398@group-9E511D2458D0 replies to PRE_VOTE vote request: 90a60b70-6b91-4fb2-a612-7ac0b6911dfc<-e6e13cb3-e32b-4d2d-874a-1e4700c67398#0:FAIL-t1-last:(t:1, i:0). Peer's state: e6e13cb3-e32b-4d2d-874a-1e4700c67398@group-9E511D2458D0:t1, leader=null, voted=e6e13cb3-e32b-4d2d-874a-1e4700c67398, raftlog=Memoized:e6e13cb3-e32b-4d2d-874a-1e4700c67398@group-9E511D2458D0-SegmentedRaftLog:OPENED:c0:last(t:1, i:0), conf=conf: {index: 0, cur=peers:[90a60b70-6b91-4fb2-a612-7ac0b6911dfc|127.0.0.1:15047, e6e13cb3-e32b-4d2d-874a-1e4700c67398|127.0.0.1:15055, 7c7182dc-ac7f-44a8-b1d4-5d10f99cbcf2|127.0.0.1:15039]|listeners:[], old=null}
2025-09-07 09:46:49,751 [grpc-default-executor-8] INFO  server.RaftServer$Division (RaftServerImpl.java:requestVote(1455)) - 7c7182dc-ac7f-44a8-b1d4-5d10f99cbcf2@group-9E511D2458D0 replies to PRE_VOTE vote request: 90a60b70-6b91-4fb2-a612-7ac0b6911dfc<-7c7182dc-ac7f-44a8-b1d4-5d10f99cbcf2#0:OK-t1-last:(t:1, i:0). Peer's state: 7c7182dc-ac7f-44a8-b1d4-5d10f99cbcf2@group-9E511D2458D0:t1, leader=null, voted=e6e13cb3-e32b-4d2d-874a-1e4700c67398, raftlog=Memoized:7c7182dc-ac7f-44a8-b1d4-5d10f99cbcf2@group-9E511D2458D0-SegmentedRaftLog:OPENED:c0:last(t:1, i:0), conf=conf: {index: 0, cur=peers:[90a60b70-6b91-4fb2-a612-7ac0b6911dfc|127.0.0.1:15047, e6e13cb3-e32b-4d2d-874a-1e4700c67398|127.0.0.1:15055, 7c7182dc-ac7f-44a8-b1d4-5d10f99cbcf2|127.0.0.1:15039]|listeners:[], old=null}
2025-09-07 09:46:49,751 [90a60b70-6b91-4fb2-a612-7ac0b6911dfc@group-9E511D2458D0-LeaderElection264] INFO  impl.LeaderElection (LeaderElection.java:logAndReturn(206)) - 90a60b70-6b91-4fb2-a612-7ac0b6911dfc@group-9E511D2458D0-LeaderElection264: PRE_VOTE REJECTED received 1 response(s) and 0 exception(s):
2025-09-07 09:46:49,751 [90a60b70-6b91-4fb2-a612-7ac0b6911dfc@group-9E511D2458D0-LeaderElection264] INFO  impl.LeaderElection (LeaderElection.java:logAndReturn(210)) -   Response 0: 90a60b70-6b91-4fb2-a612-7ac0b6911dfc<-e6e13cb3-e32b-4d2d-874a-1e4700c67398#0:FAIL-t1-last:(t:1, i:0)
2025-09-07 09:46:49,751 [90a60b70-6b91-4fb2-a612-7ac0b6911dfc@group-9E511D2458D0-LeaderElection264] INFO  impl.LeaderElection (LeaderElection.java:askForVotes(450)) - 90a60b70-6b91-4fb2-a612-7ac0b6911dfc@group-9E511D2458D0-LeaderElection264 PRE_VOTE round 0: result REJECTED
2025-09-07 09:46:49,751 [90a60b70-6b91-4fb2-a612-7ac0b6911dfc@group-9E511D2458D0-LeaderElection264] INFO  server.RaftServer$Division (RaftServerImpl.java:setRole(392)) - 90a60b70-6b91-4fb2-a612-7ac0b6911dfc@group-9E511D2458D0: changes role from CANDIDATE to FOLLOWER at term 1 for REJECTED
2025-09-07 09:46:49,751 [90a60b70-6b91-4fb2-a612-7ac0b6911dfc@group-9E511D2458D0-LeaderElection264] INFO  impl.RoleInfo (RoleInfo.java:shutdownLeaderElection(141)) - 90a60b70-6b91-4fb2-a612-7ac0b6911dfc: shutdown 90a60b70-6b91-4fb2-a612-7ac0b6911dfc@group-9E511D2458D0-LeaderElection264
2025-09-07 09:46:49,751 [90a60b70-6b91-4fb2-a612-7ac0b6911dfc@group-9E511D2458D0-LeaderElection264] INFO  impl.RoleInfo (RoleInfo.java:updateAndGet(148)) - 90a60b70-6b91-4fb2-a612-7ac0b6911dfc: start 90a60b70-6b91-4fb2-a612-7ac0b6911dfc@group-9E511D2458D0-FollowerState
2025-09-07 09:46:49,751 [90a60b70-6b91-4fb2-a612-7ac0b6911dfc@group-9E511D2458D0-LeaderElection264] INFO  server.RaftServer$Division (RaftServerImpl.java:setFirstElection(576)) - 90a60b70-6b91-4fb2-a612-7ac0b6911dfc@group-9E511D2458D0: set firstElectionSinceStartup to false for REJECTED
2025-09-07 09:46:49,799 [90a60b70-6b91-4fb2-a612-7ac0b6911dfc@group-8AB8E1487AAF-FollowerState] INFO  impl.FollowerState (FollowerState.java:runImpl(161)) - 90a60b70-6b91-4fb2-a612-7ac0b6911dfc@group-8AB8E1487AAF-FollowerState: change to CANDIDATE, lastRpcElapsedTime:1129763822ns, electionTimeout:1129ms
2025-09-07 09:46:49,799 [90a60b70-6b91-4fb2-a612-7ac0b6911dfc@group-8AB8E1487AAF-FollowerState] INFO  impl.RoleInfo (RoleInfo.java:shutdownFollowerState(121)) - 90a60b70-6b91-4fb2-a612-7ac0b6911dfc: shutdown 90a60b70-6b91-4fb2-a612-7ac0b6911dfc@group-8AB8E1487AAF-FollowerState
2025-09-07 09:46:49,799 [90a60b70-6b91-4fb2-a612-7ac0b6911dfc@group-8AB8E1487AAF-FollowerState] INFO  server.RaftServer$Division (RaftServerImpl.java:setRole(392)) - 90a60b70-6b91-4fb2-a612-7ac0b6911dfc@group-8AB8E1487AAF: changes role from  FOLLOWER to CANDIDATE at term 1 for changeToCandidate
2025-09-07 09:46:49,799 [90a60b70-6b91-4fb2-a612-7ac0b6911dfc@group-8AB8E1487AAF-FollowerState] INFO  impl.RoleInfo (RoleInfo.java:updateAndGet(148)) - 90a60b70-6b91-4fb2-a612-7ac0b6911dfc: start 90a60b70-6b91-4fb2-a612-7ac0b6911dfc@group-8AB8E1487AAF-LeaderElection265
2025-09-07 09:46:49,799 [90a60b70-6b91-4fb2-a612-7ac0b6911dfc@group-8AB8E1487AAF-LeaderElection265] INFO  impl.LeaderElection (LeaderElection.java:askForVotes(448)) - 90a60b70-6b91-4fb2-a612-7ac0b6911dfc@group-8AB8E1487AAF-LeaderElection265 PRE_VOTE round 0: submit vote requests at term 1 for conf: {index: 0, cur=peers:[90a60b70-6b91-4fb2-a612-7ac0b6911dfc|127.0.0.1:15047]|listeners:[], old=null}
2025-09-07 09:46:49,799 [90a60b70-6b91-4fb2-a612-7ac0b6911dfc@group-8AB8E1487AAF-LeaderElection265] INFO  impl.LeaderElection (LeaderElection.java:askForVotes(450)) - 90a60b70-6b91-4fb2-a612-7ac0b6911dfc@group-8AB8E1487AAF-LeaderElection265 PRE_VOTE round 0: result PASSED (term=1)
2025-09-07 09:46:49,801 [90a60b70-6b91-4fb2-a612-7ac0b6911dfc@group-8AB8E1487AAF-LeaderElection265] INFO  impl.LeaderElection (LeaderElection.java:askForVotes(448)) - 90a60b70-6b91-4fb2-a612-7ac0b6911dfc@group-8AB8E1487AAF-LeaderElection265 ELECTION round 0: submit vote requests at term 2 for conf: {index: 0, cur=peers:[90a60b70-6b91-4fb2-a612-7ac0b6911dfc|127.0.0.1:15047]|listeners:[], old=null}
2025-09-07 09:46:49,801 [90a60b70-6b91-4fb2-a612-7ac0b6911dfc@group-8AB8E1487AAF-LeaderElection265] INFO  impl.LeaderElection (LeaderElection.java:askForVotes(450)) - 90a60b70-6b91-4fb2-a612-7ac0b6911dfc@group-8AB8E1487AAF-LeaderElection265 ELECTION round 0: result PASSED (term=2)
2025-09-07 09:46:49,801 [90a60b70-6b91-4fb2-a612-7ac0b6911dfc@group-8AB8E1487AAF-LeaderElection265] INFO  impl.RoleInfo (RoleInfo.java:shutdownLeaderElection(141)) - 90a60b70-6b91-4fb2-a612-7ac0b6911dfc: shutdown 90a60b70-6b91-4fb2-a612-7ac0b6911dfc@group-8AB8E1487AAF-LeaderElection265
2025-09-07 09:46:49,801 [90a60b70-6b91-4fb2-a612-7ac0b6911dfc@group-8AB8E1487AAF-LeaderElection265] INFO  server.RaftServer$Division (RaftServerImpl.java:setRole(392)) - 90a60b70-6b91-4fb2-a612-7ac0b6911dfc@group-8AB8E1487AAF: changes role from CANDIDATE to LEADER at term 2 for changeToLeader
2025-09-07 09:46:49,801 [90a60b70-6b91-4fb2-a612-7ac0b6911dfc@group-8AB8E1487AAF-LeaderElection265] INFO  server.RaftServerConfigKeys (ConfUtils.java:logFallback(69)) - raft.server.staging.timeout = 3600ms (fallback to raft.server.rpc.timeout.max)
2025-09-07 09:46:49,801 [90a60b70-6b91-4fb2-a612-7ac0b6911dfc@group-8AB8E1487AAF-LeaderElection265] INFO  server.RaftServerConfigKeys (ConfUtils.java:logGet(62)) - raft.server.write.byte-limit = 1024 M (=1073741824) (custom)
2025-09-07 09:46:49,802 [90a60b70-6b91-4fb2-a612-7ac0b6911dfc@group-8AB8E1487AAF-LeaderElection265] INFO  impl.RoleInfo (RoleInfo.java:updateAndGet(148)) - 90a60b70-6b91-4fb2-a612-7ac0b6911dfc: start 90a60b70-6b91-4fb2-a612-7ac0b6911dfc@group-8AB8E1487AAF-LeaderStateImpl
2025-09-07 09:46:49,802 [90a60b70-6b91-4fb2-a612-7ac0b6911dfc@group-8AB8E1487AAF-LeaderElection265] INFO  server.RaftServer$Division (RaftServerImpl.java:setFirstElection(576)) - 90a60b70-6b91-4fb2-a612-7ac0b6911dfc@group-8AB8E1487AAF: set firstElectionSinceStartup to false for becomeLeader
2025-09-07 09:46:49,802 [90a60b70-6b91-4fb2-a612-7ac0b6911dfc@group-8AB8E1487AAF-LeaderElection265] INFO  ratis.XceiverServerRatis (XceiverServerRatis.java:handleLeaderChangedNotification(947)) - Leader change notification received for group: group-8AB8E1487AAF with new leaderId: 90a60b70-6b91-4fb2-a612-7ac0b6911dfc
2025-09-07 09:46:49,802 [90a60b70-6b91-4fb2-a612-7ac0b6911dfc@group-8AB8E1487AAF-LeaderElection265] INFO  server.RaftServer$Division (ServerState.java:setLeader(272)) - 90a60b70-6b91-4fb2-a612-7ac0b6911dfc@group-8AB8E1487AAF: change Leader from null to 90a60b70-6b91-4fb2-a612-7ac0b6911dfc at term 2 for becomeLeader, leader elected after 1828ms
2025-09-07 09:46:49,802 [90a60b70-6b91-4fb2-a612-7ac0b6911dfc@group-8AB8E1487AAF-LeaderElection265] INFO  segmented.SegmentedRaftLogWorker (SegmentedRaftLogWorker.java:rollLogSegment(445)) - 90a60b70-6b91-4fb2-a612-7ac0b6911dfc@group-8AB8E1487AAF-SegmentedRaftLogWorker: Rolling segment log-0_0 to index:0
2025-09-07 09:46:49,802 [90a60b70-6b91-4fb2-a612-7ac0b6911dfc@group-8AB8E1487AAF-LeaderElection265] INFO  server.RaftServer$Division (ServerState.java:setRaftConf(386)) - 90a60b70-6b91-4fb2-a612-7ac0b6911dfc@group-8AB8E1487AAF: set configuration conf: {index: 1, cur=peers:[90a60b70-6b91-4fb2-a612-7ac0b6911dfc|127.0.0.1:15047]|listeners:[], old=null}
2025-09-07 09:46:49,803 [90a60b70-6b91-4fb2-a612-7ac0b6911dfc@group-8AB8E1487AAF-SegmentedRaftLogWorker] INFO  segmented.SegmentedRaftLogWorker (SegmentedRaftLogWorker.java:execute(604)) - 90a60b70-6b91-4fb2-a612-7ac0b6911dfc@group-8AB8E1487AAF-SegmentedRaftLogWorker: Rolled log segment from /home/runner/work/ozone/ozone/hadoop-ozone/integration-test/target/test-dir/MiniOzoneClusterImpl-023d5a78-e64c-43f3-a4d9-6f7884931d6c/ozone-metadata/datanode-5/ratis/290201cc-74e0-4698-a1ce-8ab8e1487aaf/current/log_inprogress_0 to /home/runner/work/ozone/ozone/hadoop-ozone/integration-test/target/test-dir/MiniOzoneClusterImpl-023d5a78-e64c-43f3-a4d9-6f7884931d6c/ozone-metadata/datanode-5/ratis/290201cc-74e0-4698-a1ce-8ab8e1487aaf/current/log_0-0
2025-09-07 09:46:49,803 [90a60b70-6b91-4fb2-a612-7ac0b6911dfc@group-8AB8E1487AAF-SegmentedRaftLogWorker] INFO  segmented.BufferedWriteChannel (BufferedWriteChannel.java:open(61)) - open log_inprogress_1 at position 0
2025-09-07 09:46:49,809 [90a60b70-6b91-4fb2-a612-7ac0b6911dfc@group-8AB8E1487AAF-SegmentedRaftLogWorker] INFO  segmented.SegmentedRaftLogWorker (SegmentedRaftLogWorker.java:execute(647)) - 90a60b70-6b91-4fb2-a612-7ac0b6911dfc@group-8AB8E1487AAF-SegmentedRaftLogWorker: created new log segment /home/runner/work/ozone/ozone/hadoop-ozone/integration-test/target/test-dir/MiniOzoneClusterImpl-023d5a78-e64c-43f3-a4d9-6f7884931d6c/ozone-metadata/datanode-5/ratis/290201cc-74e0-4698-a1ce-8ab8e1487aaf/current/log_inprogress_1
2025-09-07 09:46:49,811 [90a60b70-6b91-4fb2-a612-7ac0b6911dfc@group-8AB8E1487AAF-StateMachineUpdater] INFO  server.RaftServer$Division (LeaderStateImpl.java:checkStartIndex(309)) - Leader 90a60b70-6b91-4fb2-a612-7ac0b6911dfc@group-8AB8E1487AAF-LeaderStateImpl is ready since appliedIndex == startIndex == 1
2025-09-07 09:46:49,983 [7c7182dc-ac7f-44a8-b1d4-5d10f99cbcf2@group-09A5C1734F32-FollowerState] INFO  impl.FollowerState (FollowerState.java:runImpl(161)) - 7c7182dc-ac7f-44a8-b1d4-5d10f99cbcf2@group-09A5C1734F32-FollowerState: change to CANDIDATE, lastRpcElapsedTime:1099291669ns, electionTimeout:1098ms
2025-09-07 09:46:49,983 [7c7182dc-ac7f-44a8-b1d4-5d10f99cbcf2@group-09A5C1734F32-FollowerState] INFO  impl.RoleInfo (RoleInfo.java:shutdownFollowerState(121)) - 7c7182dc-ac7f-44a8-b1d4-5d10f99cbcf2: shutdown 7c7182dc-ac7f-44a8-b1d4-5d10f99cbcf2@group-09A5C1734F32-FollowerState
2025-09-07 09:46:49,983 [7c7182dc-ac7f-44a8-b1d4-5d10f99cbcf2@group-09A5C1734F32-FollowerState] INFO  server.RaftServer$Division (RaftServerImpl.java:setRole(392)) - 7c7182dc-ac7f-44a8-b1d4-5d10f99cbcf2@group-09A5C1734F32: changes role from  FOLLOWER to CANDIDATE at term 1 for changeToCandidate
2025-09-07 09:46:49,983 [7c7182dc-ac7f-44a8-b1d4-5d10f99cbcf2@group-09A5C1734F32-FollowerState] INFO  impl.RoleInfo (RoleInfo.java:updateAndGet(148)) - 7c7182dc-ac7f-44a8-b1d4-5d10f99cbcf2: start 7c7182dc-ac7f-44a8-b1d4-5d10f99cbcf2@group-09A5C1734F32-LeaderElection266
2025-09-07 09:46:49,984 [7c7182dc-ac7f-44a8-b1d4-5d10f99cbcf2@group-09A5C1734F32-LeaderElection266] INFO  impl.LeaderElection (LeaderElection.java:askForVotes(448)) - 7c7182dc-ac7f-44a8-b1d4-5d10f99cbcf2@group-09A5C1734F32-LeaderElection266 PRE_VOTE round 0: submit vote requests at term 1 for conf: {index: 0, cur=peers:[90a60b70-6b91-4fb2-a612-7ac0b6911dfc|127.0.0.1:15047, e6e13cb3-e32b-4d2d-874a-1e4700c67398|127.0.0.1:15055, 7c7182dc-ac7f-44a8-b1d4-5d10f99cbcf2|127.0.0.1:15039]|listeners:[], old=null}
2025-09-07 09:46:49,984 [7c7182dc-ac7f-44a8-b1d4-5d10f99cbcf2@group-09A5C1734F32-LeaderElection266-1] INFO  server.GrpcServerProtocolClient (GrpcServerProtocolClient.java:<init>(65)) - Build channel for 90a60b70-6b91-4fb2-a612-7ac0b6911dfc|127.0.0.1:15047
2025-09-07 09:46:49,984 [7c7182dc-ac7f-44a8-b1d4-5d10f99cbcf2@group-09A5C1734F32-LeaderElection266-2] INFO  server.GrpcServerProtocolClient (GrpcServerProtocolClient.java:<init>(65)) - Build channel for e6e13cb3-e32b-4d2d-874a-1e4700c67398|127.0.0.1:15055
2025-09-07 09:46:49,987 [grpc-default-executor-2] INFO  server.RaftServer$Division (RaftServerImpl.java:requestVote(1421)) - e6e13cb3-e32b-4d2d-874a-1e4700c67398@group-09A5C1734F32: receive requestVote(PRE_VOTE, 7c7182dc-ac7f-44a8-b1d4-5d10f99cbcf2, group-09A5C1734F32, 1, (t:1, i:8))
2025-09-07 09:46:49,987 [grpc-default-executor-2] INFO  impl.VoteContext (VoteContext.java:log(49)) - e6e13cb3-e32b-4d2d-874a-1e4700c67398@group-09A5C1734F32-FOLLOWER: accept PRE_VOTE from 7c7182dc-ac7f-44a8-b1d4-5d10f99cbcf2: our priority 0 <= candidate's priority 1
2025-09-07 09:46:49,987 [grpc-default-executor-2] INFO  server.RaftServer$Division (RaftServerImpl.java:requestVote(1455)) - e6e13cb3-e32b-4d2d-874a-1e4700c67398@group-09A5C1734F32 replies to PRE_VOTE vote request: 7c7182dc-ac7f-44a8-b1d4-5d10f99cbcf2<-e6e13cb3-e32b-4d2d-874a-1e4700c67398#0:OK-t1-last:(t:1, i:8). Peer's state: e6e13cb3-e32b-4d2d-874a-1e4700c67398@group-09A5C1734F32:t1, leader=null, voted=7c7182dc-ac7f-44a8-b1d4-5d10f99cbcf2, raftlog=Memoized:e6e13cb3-e32b-4d2d-874a-1e4700c67398@group-09A5C1734F32-SegmentedRaftLog:OPENED:c8:last(t:1, i:8), conf=conf: {index: 0, cur=peers:[90a60b70-6b91-4fb2-a612-7ac0b6911dfc|127.0.0.1:15047, e6e13cb3-e32b-4d2d-874a-1e4700c67398|127.0.0.1:15055, 7c7182dc-ac7f-44a8-b1d4-5d10f99cbcf2|127.0.0.1:15039]|listeners:[], old=null}
2025-09-07 09:46:49,987 [grpc-default-executor-8] INFO  server.RaftServer$Division (RaftServerImpl.java:requestVote(1421)) - 90a60b70-6b91-4fb2-a612-7ac0b6911dfc@group-09A5C1734F32: receive requestVote(PRE_VOTE, 7c7182dc-ac7f-44a8-b1d4-5d10f99cbcf2, group-09A5C1734F32, 1, (t:1, i:8))
2025-09-07 09:46:49,987 [grpc-default-executor-8] INFO  impl.VoteContext (VoteContext.java:log(49)) - 90a60b70-6b91-4fb2-a612-7ac0b6911dfc@group-09A5C1734F32-FOLLOWER: accept PRE_VOTE from 7c7182dc-ac7f-44a8-b1d4-5d10f99cbcf2: our priority 0 <= candidate's priority 1
2025-09-07 09:46:49,987 [grpc-default-executor-8] INFO  server.RaftServer$Division (RaftServerImpl.java:requestVote(1455)) - 90a60b70-6b91-4fb2-a612-7ac0b6911dfc@group-09A5C1734F32 replies to PRE_VOTE vote request: 7c7182dc-ac7f-44a8-b1d4-5d10f99cbcf2<-90a60b70-6b91-4fb2-a612-7ac0b6911dfc#0:OK-t1-last:(t:1, i:8). Peer's state: 90a60b70-6b91-4fb2-a612-7ac0b6911dfc@group-09A5C1734F32:t1, leader=null, voted=7c7182dc-ac7f-44a8-b1d4-5d10f99cbcf2, raftlog=Memoized:90a60b70-6b91-4fb2-a612-7ac0b6911dfc@group-09A5C1734F32-SegmentedRaftLog:OPENED:c4:last(t:1, i:8), conf=conf: {index: 0, cur=peers:[90a60b70-6b91-4fb2-a612-7ac0b6911dfc|127.0.0.1:15047, e6e13cb3-e32b-4d2d-874a-1e4700c67398|127.0.0.1:15055, 7c7182dc-ac7f-44a8-b1d4-5d10f99cbcf2|127.0.0.1:15039]|listeners:[], old=null}
2025-09-07 09:46:49,988 [7c7182dc-ac7f-44a8-b1d4-5d10f99cbcf2@group-09A5C1734F32-LeaderElection266] INFO  impl.LeaderElection (LeaderElection.java:logAndReturn(206)) - 7c7182dc-ac7f-44a8-b1d4-5d10f99cbcf2@group-09A5C1734F32-LeaderElection266: PRE_VOTE PASSED received 1 response(s) and 0 exception(s):
2025-09-07 09:46:49,988 [7c7182dc-ac7f-44a8-b1d4-5d10f99cbcf2@group-09A5C1734F32-LeaderElection266] INFO  impl.LeaderElection (LeaderElection.java:logAndReturn(210)) -   Response 0: 7c7182dc-ac7f-44a8-b1d4-5d10f99cbcf2<-e6e13cb3-e32b-4d2d-874a-1e4700c67398#0:OK-t1-last:(t:1, i:8)
2025-09-07 09:46:49,988 [7c7182dc-ac7f-44a8-b1d4-5d10f99cbcf2@group-09A5C1734F32-LeaderElection266] INFO  impl.LeaderElection (LeaderElection.java:askForVotes(450)) - 7c7182dc-ac7f-44a8-b1d4-5d10f99cbcf2@group-09A5C1734F32-LeaderElection266 PRE_VOTE round 0: result PASSED
2025-09-07 09:46:49,990 [7c7182dc-ac7f-44a8-b1d4-5d10f99cbcf2@group-09A5C1734F32-LeaderElection266] INFO  impl.LeaderElection (LeaderElection.java:askForVotes(448)) - 7c7182dc-ac7f-44a8-b1d4-5d10f99cbcf2@group-09A5C1734F32-LeaderElection266 ELECTION round 0: submit vote requests at term 2 for conf: {index: 0, cur=peers:[90a60b70-6b91-4fb2-a612-7ac0b6911dfc|127.0.0.1:15047, e6e13cb3-e32b-4d2d-874a-1e4700c67398|127.0.0.1:15055, 7c7182dc-ac7f-44a8-b1d4-5d10f99cbcf2|127.0.0.1:15039]|listeners:[], old=null}
2025-09-07 09:46:49,991 [grpc-default-executor-8] INFO  server.RaftServer$Division (RaftServerImpl.java:requestVote(1421)) - e6e13cb3-e32b-4d2d-874a-1e4700c67398@group-09A5C1734F32: receive requestVote(ELECTION, 7c7182dc-ac7f-44a8-b1d4-5d10f99cbcf2, group-09A5C1734F32, 2, (t:1, i:8))
2025-09-07 09:46:49,991 [grpc-default-executor-2] INFO  server.RaftServer$Division (RaftServerImpl.java:requestVote(1421)) - 90a60b70-6b91-4fb2-a612-7ac0b6911dfc@group-09A5C1734F32: receive requestVote(ELECTION, 7c7182dc-ac7f-44a8-b1d4-5d10f99cbcf2, group-09A5C1734F32, 2, (t:1, i:8))
2025-09-07 09:46:49,991 [grpc-default-executor-2] INFO  impl.VoteContext (VoteContext.java:log(49)) - 90a60b70-6b91-4fb2-a612-7ac0b6911dfc@group-09A5C1734F32-FOLLOWER: accept ELECTION from 7c7182dc-ac7f-44a8-b1d4-5d10f99cbcf2: our priority 0 <= candidate's priority 1
2025-09-07 09:46:49,991 [grpc-default-executor-2] INFO  server.RaftServer$Division (RaftServerImpl.java:setRole(392)) - 90a60b70-6b91-4fb2-a612-7ac0b6911dfc@group-09A5C1734F32: changes role from  FOLLOWER to FOLLOWER at term 1 for candidate:7c7182dc-ac7f-44a8-b1d4-5d10f99cbcf2
2025-09-07 09:46:49,991 [grpc-default-executor-2] INFO  impl.RoleInfo (RoleInfo.java:shutdownFollowerState(121)) - 90a60b70-6b91-4fb2-a612-7ac0b6911dfc: shutdown 90a60b70-6b91-4fb2-a612-7ac0b6911dfc@group-09A5C1734F32-FollowerState
2025-09-07 09:46:49,991 [grpc-default-executor-2] INFO  impl.RoleInfo (RoleInfo.java:updateAndGet(148)) - 90a60b70-6b91-4fb2-a612-7ac0b6911dfc: start 90a60b70-6b91-4fb2-a612-7ac0b6911dfc@group-09A5C1734F32-FollowerState
2025-09-07 09:46:49,991 [grpc-default-executor-8] INFO  impl.VoteContext (VoteContext.java:log(49)) - e6e13cb3-e32b-4d2d-874a-1e4700c67398@group-09A5C1734F32-FOLLOWER: accept ELECTION from 7c7182dc-ac7f-44a8-b1d4-5d10f99cbcf2: our priority 0 <= candidate's priority 1
2025-09-07 09:46:49,991 [grpc-default-executor-8] INFO  server.RaftServer$Division (RaftServerImpl.java:setRole(392)) - e6e13cb3-e32b-4d2d-874a-1e4700c67398@group-09A5C1734F32: changes role from  FOLLOWER to FOLLOWER at term 1 for candidate:7c7182dc-ac7f-44a8-b1d4-5d10f99cbcf2
2025-09-07 09:46:49,991 [grpc-default-executor-8] INFO  impl.RoleInfo (RoleInfo.java:shutdownFollowerState(121)) - e6e13cb3-e32b-4d2d-874a-1e4700c67398: shutdown e6e13cb3-e32b-4d2d-874a-1e4700c67398@group-09A5C1734F32-FollowerState
2025-09-07 09:46:49,991 [grpc-default-executor-8] INFO  impl.RoleInfo (RoleInfo.java:updateAndGet(148)) - e6e13cb3-e32b-4d2d-874a-1e4700c67398: start e6e13cb3-e32b-4d2d-874a-1e4700c67398@group-09A5C1734F32-FollowerState
2025-09-07 09:46:49,992 [90a60b70-6b91-4fb2-a612-7ac0b6911dfc@group-09A5C1734F32-FollowerState] INFO  impl.FollowerState (FollowerState.java:runImpl(170)) - 90a60b70-6b91-4fb2-a612-7ac0b6911dfc@group-09A5C1734F32-FollowerState was interrupted
2025-09-07 09:46:49,992 [e6e13cb3-e32b-4d2d-874a-1e4700c67398@group-09A5C1734F32-FollowerState] INFO  impl.FollowerState (FollowerState.java:runImpl(170)) - e6e13cb3-e32b-4d2d-874a-1e4700c67398@group-09A5C1734F32-FollowerState was interrupted
2025-09-07 09:46:49,993 [grpc-default-executor-2] INFO  server.RaftServer$Division (RaftServerImpl.java:requestVote(1455)) - 90a60b70-6b91-4fb2-a612-7ac0b6911dfc@group-09A5C1734F32 replies to ELECTION vote request: 7c7182dc-ac7f-44a8-b1d4-5d10f99cbcf2<-90a60b70-6b91-4fb2-a612-7ac0b6911dfc#0:OK-t2-last:(t:1, i:8). Peer's state: 90a60b70-6b91-4fb2-a612-7ac0b6911dfc@group-09A5C1734F32:t2, leader=null, voted=7c7182dc-ac7f-44a8-b1d4-5d10f99cbcf2, raftlog=Memoized:90a60b70-6b91-4fb2-a612-7ac0b6911dfc@group-09A5C1734F32-SegmentedRaftLog:OPENED:c4:last(t:1, i:8), conf=conf: {index: 0, cur=peers:[90a60b70-6b91-4fb2-a612-7ac0b6911dfc|127.0.0.1:15047, e6e13cb3-e32b-4d2d-874a-1e4700c67398|127.0.0.1:15055, 7c7182dc-ac7f-44a8-b1d4-5d10f99cbcf2|127.0.0.1:15039]|listeners:[], old=null}
2025-09-07 09:46:49,994 [grpc-default-executor-8] INFO  server.RaftServer$Division (RaftServerImpl.java:requestVote(1455)) - e6e13cb3-e32b-4d2d-874a-1e4700c67398@group-09A5C1734F32 replies to ELECTION vote request: 7c7182dc-ac7f-44a8-b1d4-5d10f99cbcf2<-e6e13cb3-e32b-4d2d-874a-1e4700c67398#0:OK-t2-last:(t:1, i:8). Peer's state: e6e13cb3-e32b-4d2d-874a-1e4700c67398@group-09A5C1734F32:t2, leader=null, voted=7c7182dc-ac7f-44a8-b1d4-5d10f99cbcf2, raftlog=Memoized:e6e13cb3-e32b-4d2d-874a-1e4700c67398@group-09A5C1734F32-SegmentedRaftLog:OPENED:c8:last(t:1, i:8), conf=conf: {index: 0, cur=peers:[90a60b70-6b91-4fb2-a612-7ac0b6911dfc|127.0.0.1:15047, e6e13cb3-e32b-4d2d-874a-1e4700c67398|127.0.0.1:15055, 7c7182dc-ac7f-44a8-b1d4-5d10f99cbcf2|127.0.0.1:15039]|listeners:[], old=null}
2025-09-07 09:46:49,994 [7c7182dc-ac7f-44a8-b1d4-5d10f99cbcf2@group-09A5C1734F32-LeaderElection266] INFO  impl.LeaderElection (LeaderElection.java:logAndReturn(206)) - 7c7182dc-ac7f-44a8-b1d4-5d10f99cbcf2@group-09A5C1734F32-LeaderElection266: ELECTION PASSED received 1 response(s) and 0 exception(s):
2025-09-07 09:46:49,994 [7c7182dc-ac7f-44a8-b1d4-5d10f99cbcf2@group-09A5C1734F32-LeaderElection266] INFO  impl.LeaderElection (LeaderElection.java:logAndReturn(210)) -   Response 0: 7c7182dc-ac7f-44a8-b1d4-5d10f99cbcf2<-90a60b70-6b91-4fb2-a612-7ac0b6911dfc#0:OK-t2-last:(t:1, i:8)
2025-09-07 09:46:49,994 [7c7182dc-ac7f-44a8-b1d4-5d10f99cbcf2@group-09A5C1734F32-LeaderElection266] INFO  impl.LeaderElection (LeaderElection.java:askForVotes(450)) - 7c7182dc-ac7f-44a8-b1d4-5d10f99cbcf2@group-09A5C1734F32-LeaderElection266 ELECTION round 0: result PASSED
2025-09-07 09:46:49,994 [7c7182dc-ac7f-44a8-b1d4-5d10f99cbcf2@group-09A5C1734F32-LeaderElection266] INFO  impl.RoleInfo (RoleInfo.java:shutdownLeaderElection(141)) - 7c7182dc-ac7f-44a8-b1d4-5d10f99cbcf2: shutdown 7c7182dc-ac7f-44a8-b1d4-5d10f99cbcf2@group-09A5C1734F32-LeaderElection266
2025-09-07 09:46:49,994 [7c7182dc-ac7f-44a8-b1d4-5d10f99cbcf2@group-09A5C1734F32-LeaderElection266] INFO  server.RaftServer$Division (RaftServerImpl.java:setRole(392)) - 7c7182dc-ac7f-44a8-b1d4-5d10f99cbcf2@group-09A5C1734F32: changes role from CANDIDATE to LEADER at term 2 for changeToLeader
2025-09-07 09:46:49,994 [7c7182dc-ac7f-44a8-b1d4-5d10f99cbcf2@group-09A5C1734F32-LeaderElection266] INFO  server.RaftServerConfigKeys (ConfUtils.java:logFallback(69)) - raft.server.staging.timeout = 3600ms (fallback to raft.server.rpc.timeout.max)
2025-09-07 09:46:49,994 [7c7182dc-ac7f-44a8-b1d4-5d10f99cbcf2@group-09A5C1734F32-LeaderElection266] INFO  server.RaftServerConfigKeys (ConfUtils.java:logGet(62)) - raft.server.write.byte-limit = 1024 M (=1073741824) (custom)
2025-09-07 09:46:49,995 [7c7182dc-ac7f-44a8-b1d4-5d10f99cbcf2@group-09A5C1734F32-LeaderElection266] INFO  server.RaftServerConfigKeys (ConfUtils.java:logGet(62)) - raft.server.log.appender.buffer.byte-limit = 33554432 (custom)
2025-09-07 09:46:49,996 [7c7182dc-ac7f-44a8-b1d4-5d10f99cbcf2@group-09A5C1734F32-LeaderElection266] INFO  server.RaftServerConfigKeys (ConfUtils.java:logGet(62)) - raft.server.log.appender.buffer.byte-limit = 33554432 (custom)
2025-09-07 09:46:49,996 [7c7182dc-ac7f-44a8-b1d4-5d10f99cbcf2@group-09A5C1734F32-LeaderElection266] INFO  impl.RoleInfo (RoleInfo.java:updateAndGet(148)) - 7c7182dc-ac7f-44a8-b1d4-5d10f99cbcf2: start 7c7182dc-ac7f-44a8-b1d4-5d10f99cbcf2@group-09A5C1734F32-LeaderStateImpl
2025-09-07 09:46:49,996 [7c7182dc-ac7f-44a8-b1d4-5d10f99cbcf2@group-09A5C1734F32-LeaderElection266] INFO  server.RaftServer$Division (RaftServerImpl.java:setFirstElection(576)) - 7c7182dc-ac7f-44a8-b1d4-5d10f99cbcf2@group-09A5C1734F32: set firstElectionSinceStartup to false for becomeLeader
2025-09-07 09:46:49,996 [7c7182dc-ac7f-44a8-b1d4-5d10f99cbcf2@group-09A5C1734F32-LeaderElection266] INFO  ratis.XceiverServerRatis (XceiverServerRatis.java:handleLeaderChangedNotification(947)) - Leader change notification received for group: group-09A5C1734F32 with new leaderId: 7c7182dc-ac7f-44a8-b1d4-5d10f99cbcf2
2025-09-07 09:46:49,997 [timer3] ERROR impl.OrderedAsync (OrderedAsync.java:lambda$null$6(215)) -  (Repeated 2 times in the last 5.001s) client-31430F4BE28C: Failed* RaftClientRequest:client-31430F4BE28C->90a60b70-6b91-4fb2-a612-7ac0b6911dfc@group-9E511D2458D0, cid=57, seq=1*, Watch(0), null
java.util.concurrent.CompletionException: java.io.IOException: org.apache.ratis.thirdparty.io.grpc.StatusRuntimeException: UNAVAILABLE: io exception
	at java.base/java.util.concurrent.CompletableFuture.encodeThrowable(CompletableFuture.java:332)
	at java.base/java.util.concurrent.CompletableFuture.completeThrowable(CompletableFuture.java:347)
	at java.base/java.util.concurrent.CompletableFuture$UniAccept.tryFire(CompletableFuture.java:708)
	at java.base/java.util.concurrent.CompletableFuture.postComplete(CompletableFuture.java:510)
	at java.base/java.util.concurrent.CompletableFuture.completeExceptionally(CompletableFuture.java:2194)
	at org.apache.ratis.grpc.client.GrpcClientProtocolClient$AsyncStreamObservers.completeReplyExceptionally(GrpcClientProtocolClient.java:397)
	at org.apache.ratis.grpc.client.GrpcClientProtocolClient$AsyncStreamObservers.access$000(GrpcClientProtocolClient.java:303)
	at org.apache.ratis.grpc.client.GrpcClientProtocolClient$AsyncStreamObservers$1.onError(GrpcClientProtocolClient.java:334)
	at org.apache.ratis.thirdparty.io.grpc.stub.ClientCalls$StreamObserverToCallListenerAdapter.onClose(ClientCalls.java:564)
	at org.apache.ratis.thirdparty.io.grpc.PartialForwardingClientCallListener.onClose(PartialForwardingClientCallListener.java:39)
	at org.apache.ratis.thirdparty.io.grpc.ForwardingClientCallListener.onClose(ForwardingClientCallListener.java:23)
	at org.apache.ratis.grpc.metrics.intercept.client.MetricClientCallListener.onClose(MetricClientCallListener.java:47)
	at org.apache.ratis.thirdparty.io.grpc.internal.ClientCallImpl.closeObserver(ClientCallImpl.java:565)
	at org.apache.ratis.thirdparty.io.grpc.internal.ClientCallImpl.access$100(ClientCallImpl.java:72)
	at org.apache.ratis.thirdparty.io.grpc.internal.ClientCallImpl$ClientStreamListenerImpl$1StreamClosed.runInternal(ClientCallImpl.java:733)
	at org.apache.ratis.thirdparty.io.grpc.internal.ClientCallImpl$ClientStreamListenerImpl$1StreamClosed.runInContext(ClientCallImpl.java:714)
	at org.apache.ratis.thirdparty.io.grpc.internal.ContextRunnable.run(ContextRunnable.java:37)
	at org.apache.ratis.thirdparty.io.grpc.internal.SerializingExecutor.run(SerializingExecutor.java:133)
	at java.base/java.util.concurrent.ThreadPoolExecutor.runWorker(ThreadPoolExecutor.java:1144)
	at java.base/java.util.concurrent.ThreadPoolExecutor$Worker.run(ThreadPoolExecutor.java:642)
	at java.base/java.lang.Thread.run(Thread.java:1583)
Caused by: java.io.IOException: org.apache.ratis.thirdparty.io.grpc.StatusRuntimeException: UNAVAILABLE: io exception
	at org.apache.ratis.grpc.GrpcUtil.unwrapException(GrpcUtil.java:99)
	at org.apache.ratis.grpc.GrpcUtil.unwrapIOException(GrpcUtil.java:159)
	at org.apache.ratis.grpc.client.GrpcClientProtocolClient$AsyncStreamObservers$1.onError(GrpcClientProtocolClient.java:333)
	... 13 more
Caused by: org.apache.ratis.thirdparty.io.grpc.StatusRuntimeException: UNAVAILABLE: io exception
	at org.apache.ratis.thirdparty.io.grpc.Status.asRuntimeException(Status.java:532)
	... 13 more
Caused by: org.apache.ratis.thirdparty.io.netty.channel.AbstractChannel$AnnotatedConnectException: finishConnect(..) failed: Connection refused: /127.0.0.1:15045
Caused by: java.net.ConnectException: finishConnect(..) failed: Connection refused
	at org.apache.ratis.thirdparty.io.netty.channel.unix.Errors.newConnectException0(Errors.java:166)
	at org.apache.ratis.thirdparty.io.netty.channel.unix.Errors.handleConnectErrno(Errors.java:131)
	at org.apache.ratis.thirdparty.io.netty.channel.unix.Socket.finishConnect(Socket.java:359)
	at org.apache.ratis.thirdparty.io.netty.channel.epoll.AbstractEpollChannel$AbstractEpollUnsafe.doFinishConnect(AbstractEpollChannel.java:715)
	at org.apache.ratis.thirdparty.io.netty.channel.epoll.AbstractEpollChannel$AbstractEpollUnsafe.finishConnect(AbstractEpollChannel.java:692)
	at org.apache.ratis.thirdparty.io.netty.channel.epoll.AbstractEpollChannel$AbstractEpollUnsafe.epollOutReady(AbstractEpollChannel.java:567)
	at org.apache.ratis.thirdparty.io.netty.channel.epoll.EpollEventLoop.processReady(EpollEventLoop.java:491)
	at org.apache.ratis.thirdparty.io.netty.channel.epoll.EpollEventLoop.run(EpollEventLoop.java:399)
	at org.apache.ratis.thirdparty.io.netty.util.concurrent.SingleThreadEventExecutor$4.run(SingleThreadEventExecutor.java:998)
	at org.apache.ratis.thirdparty.io.netty.util.internal.ThreadExecutorMap$2.run(ThreadExecutorMap.java:74)
	at org.apache.ratis.thirdparty.io.netty.util.concurrent.FastThreadLocalRunnable.run(FastThreadLocalRunnable.java:30)
	at java.base/java.lang.Thread.run(Thread.java:1583)
2025-09-07 09:46:49,997 [7c7182dc-ac7f-44a8-b1d4-5d10f99cbcf2@group-09A5C1734F32-LeaderElection266] INFO  server.RaftServer$Division (ServerState.java:setLeader(272)) - 7c7182dc-ac7f-44a8-b1d4-5d10f99cbcf2@group-09A5C1734F32: change Leader from null to 7c7182dc-ac7f-44a8-b1d4-5d10f99cbcf2 at term 2 for becomeLeader, leader elected after 1809ms
2025-09-07 09:46:49,997 [7c7182dc-ac7f-44a8-b1d4-5d10f99cbcf2@group-09A5C1734F32-LeaderElection266] INFO  segmented.SegmentedRaftLogWorker (SegmentedRaftLogWorker.java:rollLogSegment(445)) - 7c7182dc-ac7f-44a8-b1d4-5d10f99cbcf2@group-09A5C1734F32-SegmentedRaftLogWorker: Rolling segment log-0_8 to index:8
2025-09-07 09:46:49,997 [7c7182dc-ac7f-44a8-b1d4-5d10f99cbcf2@group-09A5C1734F32-LeaderElection266] INFO  server.RaftServer$Division (ServerState.java:setRaftConf(386)) - 7c7182dc-ac7f-44a8-b1d4-5d10f99cbcf2@group-09A5C1734F32: set configuration conf: {index: 9, cur=peers:[90a60b70-6b91-4fb2-a612-7ac0b6911dfc|127.0.0.1:15047, e6e13cb3-e32b-4d2d-874a-1e4700c67398|127.0.0.1:15055, 7c7182dc-ac7f-44a8-b1d4-5d10f99cbcf2|127.0.0.1:15039]|listeners:[], old=null}
2025-09-07 09:46:49,998 [7c7182dc-ac7f-44a8-b1d4-5d10f99cbcf2@group-09A5C1734F32-SegmentedRaftLogWorker] INFO  segmented.SegmentedRaftLogWorker (SegmentedRaftLogWorker.java:execute(604)) - 7c7182dc-ac7f-44a8-b1d4-5d10f99cbcf2@group-09A5C1734F32-SegmentedRaftLogWorker: Rolled log segment from /home/runner/work/ozone/ozone/hadoop-ozone/integration-test/target/test-dir/MiniOzoneClusterImpl-023d5a78-e64c-43f3-a4d9-6f7884931d6c/ozone-metadata/datanode-4/ratis/de1a2be5-feda-49eb-9ee6-09a5c1734f32/current/log_inprogress_0 to /home/runner/work/ozone/ozone/hadoop-ozone/integration-test/target/test-dir/MiniOzoneClusterImpl-023d5a78-e64c-43f3-a4d9-6f7884931d6c/ozone-metadata/datanode-4/ratis/de1a2be5-feda-49eb-9ee6-09a5c1734f32/current/log_0-8
2025-09-07 09:46:49,998 [7c7182dc-ac7f-44a8-b1d4-5d10f99cbcf2@group-09A5C1734F32-SegmentedRaftLogWorker] INFO  segmented.BufferedWriteChannel (BufferedWriteChannel.java:open(61)) - open log_inprogress_9 at position 0
2025-09-07 09:46:50,001 [grpc-default-executor-8] INFO  ratis.XceiverServerRatis (XceiverServerRatis.java:handleLeaderChangedNotification(947)) - Leader change notification received for group: group-09A5C1734F32 with new leaderId: 7c7182dc-ac7f-44a8-b1d4-5d10f99cbcf2
2025-09-07 09:46:50,002 [grpc-default-executor-8] INFO  server.RaftServer$Division (ServerState.java:setLeader(272)) - 90a60b70-6b91-4fb2-a612-7ac0b6911dfc@group-09A5C1734F32: change Leader from null to 7c7182dc-ac7f-44a8-b1d4-5d10f99cbcf2 at term 2 for appendEntries, leader elected after 2041ms
2025-09-07 09:46:50,002 [grpc-default-executor-6] INFO  ratis.XceiverServerRatis (XceiverServerRatis.java:handleLeaderChangedNotification(947)) - Leader change notification received for group: group-09A5C1734F32 with new leaderId: 7c7182dc-ac7f-44a8-b1d4-5d10f99cbcf2
2025-09-07 09:46:50,002 [grpc-default-executor-6] INFO  server.RaftServer$Division (ServerState.java:setLeader(272)) - e6e13cb3-e32b-4d2d-874a-1e4700c67398@group-09A5C1734F32: change Leader from null to 7c7182dc-ac7f-44a8-b1d4-5d10f99cbcf2 at term 2 for appendEntries, leader elected after 66203ms
2025-09-07 09:46:50,003 [grpc-default-executor-2] INFO  server.RaftServer$Division (ServerState.java:setRaftConf(386)) - 90a60b70-6b91-4fb2-a612-7ac0b6911dfc@group-09A5C1734F32: set configuration conf: {index: 9, cur=peers:[90a60b70-6b91-4fb2-a612-7ac0b6911dfc|127.0.0.1:15047, e6e13cb3-e32b-4d2d-874a-1e4700c67398|127.0.0.1:15055, 7c7182dc-ac7f-44a8-b1d4-5d10f99cbcf2|127.0.0.1:15039]|listeners:[], old=null}
2025-09-07 09:46:50,003 [grpc-default-executor-2] INFO  segmented.SegmentedRaftLogWorker (SegmentedRaftLogWorker.java:rollLogSegment(445)) - 90a60b70-6b91-4fb2-a612-7ac0b6911dfc@group-09A5C1734F32-SegmentedRaftLogWorker: Rolling segment log-0_8 to index:8
2025-09-07 09:46:50,003 [90a60b70-6b91-4fb2-a612-7ac0b6911dfc@group-09A5C1734F32-SegmentedRaftLogWorker] INFO  segmented.SegmentedRaftLogWorker (SegmentedRaftLogWorker.java:execute(604)) - 90a60b70-6b91-4fb2-a612-7ac0b6911dfc@group-09A5C1734F32-SegmentedRaftLogWorker: Rolled log segment from /home/runner/work/ozone/ozone/hadoop-ozone/integration-test/target/test-dir/MiniOzoneClusterImpl-023d5a78-e64c-43f3-a4d9-6f7884931d6c/ozone-metadata/datanode-5/ratis/de1a2be5-feda-49eb-9ee6-09a5c1734f32/current/log_inprogress_0 to /home/runner/work/ozone/ozone/hadoop-ozone/integration-test/target/test-dir/MiniOzoneClusterImpl-023d5a78-e64c-43f3-a4d9-6f7884931d6c/ozone-metadata/datanode-5/ratis/de1a2be5-feda-49eb-9ee6-09a5c1734f32/current/log_0-8
2025-09-07 09:46:50,004 [90a60b70-6b91-4fb2-a612-7ac0b6911dfc@group-09A5C1734F32-SegmentedRaftLogWorker] INFO  segmented.BufferedWriteChannel (BufferedWriteChannel.java:open(61)) - open log_inprogress_9 at position 0
2025-09-07 09:46:50,004 [grpc-default-executor-9] INFO  server.RaftServer$Division (ServerState.java:setRaftConf(386)) - e6e13cb3-e32b-4d2d-874a-1e4700c67398@group-09A5C1734F32: set configuration conf: {index: 9, cur=peers:[90a60b70-6b91-4fb2-a612-7ac0b6911dfc|127.0.0.1:15047, e6e13cb3-e32b-4d2d-874a-1e4700c67398|127.0.0.1:15055, 7c7182dc-ac7f-44a8-b1d4-5d10f99cbcf2|127.0.0.1:15039]|listeners:[], old=null}
2025-09-07 09:46:50,004 [grpc-default-executor-9] INFO  segmented.SegmentedRaftLogWorker (SegmentedRaftLogWorker.java:rollLogSegment(445)) - e6e13cb3-e32b-4d2d-874a-1e4700c67398@group-09A5C1734F32-SegmentedRaftLogWorker: Rolling segment log-0_8 to index:8
2025-09-07 09:46:50,005 [7c7182dc-ac7f-44a8-b1d4-5d10f99cbcf2@group-09A5C1734F32-SegmentedRaftLogWorker] INFO  segmented.SegmentedRaftLogWorker (SegmentedRaftLogWorker.java:execute(647)) - 7c7182dc-ac7f-44a8-b1d4-5d10f99cbcf2@group-09A5C1734F32-SegmentedRaftLogWorker: created new log segment /home/runner/work/ozone/ozone/hadoop-ozone/integration-test/target/test-dir/MiniOzoneClusterImpl-023d5a78-e64c-43f3-a4d9-6f7884931d6c/ozone-metadata/datanode-4/ratis/de1a2be5-feda-49eb-9ee6-09a5c1734f32/current/log_inprogress_9
2025-09-07 09:46:50,006 [e6e13cb3-e32b-4d2d-874a-1e4700c67398@group-09A5C1734F32-SegmentedRaftLogWorker] INFO  segmented.SegmentedRaftLogWorker (SegmentedRaftLogWorker.java:execute(604)) - e6e13cb3-e32b-4d2d-874a-1e4700c67398@group-09A5C1734F32-SegmentedRaftLogWorker: Rolled log segment from /home/runner/work/ozone/ozone/hadoop-ozone/integration-test/target/test-dir/MiniOzoneClusterImpl-023d5a78-e64c-43f3-a4d9-6f7884931d6c/ozone-metadata/datanode-6/ratis/de1a2be5-feda-49eb-9ee6-09a5c1734f32/current/log_inprogress_0 to /home/runner/work/ozone/ozone/hadoop-ozone/integration-test/target/test-dir/MiniOzoneClusterImpl-023d5a78-e64c-43f3-a4d9-6f7884931d6c/ozone-metadata/datanode-6/ratis/de1a2be5-feda-49eb-9ee6-09a5c1734f32/current/log_0-8
2025-09-07 09:46:50,006 [e6e13cb3-e32b-4d2d-874a-1e4700c67398@group-09A5C1734F32-SegmentedRaftLogWorker] INFO  segmented.BufferedWriteChannel (BufferedWriteChannel.java:open(61)) - open log_inprogress_9 at position 0
2025-09-07 09:46:50,012 [90a60b70-6b91-4fb2-a612-7ac0b6911dfc@group-09A5C1734F32-SegmentedRaftLogWorker] INFO  segmented.SegmentedRaftLogWorker (SegmentedRaftLogWorker.java:execute(647)) - 90a60b70-6b91-4fb2-a612-7ac0b6911dfc@group-09A5C1734F32-SegmentedRaftLogWorker: created new log segment /home/runner/work/ozone/ozone/hadoop-ozone/integration-test/target/test-dir/MiniOzoneClusterImpl-023d5a78-e64c-43f3-a4d9-6f7884931d6c/ozone-metadata/datanode-5/ratis/de1a2be5-feda-49eb-9ee6-09a5c1734f32/current/log_inprogress_9
2025-09-07 09:46:50,012 [e6e13cb3-e32b-4d2d-874a-1e4700c67398@group-09A5C1734F32-SegmentedRaftLogWorker] INFO  segmented.SegmentedRaftLogWorker (SegmentedRaftLogWorker.java:execute(647)) - e6e13cb3-e32b-4d2d-874a-1e4700c67398@group-09A5C1734F32-SegmentedRaftLogWorker: created new log segment /home/runner/work/ozone/ozone/hadoop-ozone/integration-test/target/test-dir/MiniOzoneClusterImpl-023d5a78-e64c-43f3-a4d9-6f7884931d6c/ozone-metadata/datanode-6/ratis/de1a2be5-feda-49eb-9ee6-09a5c1734f32/current/log_inprogress_9
2025-09-07 09:46:50,015 [7c7182dc-ac7f-44a8-b1d4-5d10f99cbcf2@group-09A5C1734F32-StateMachineUpdater] INFO  server.RaftServer$Division (LeaderStateImpl.java:checkStartIndex(309)) - Leader 7c7182dc-ac7f-44a8-b1d4-5d10f99cbcf2@group-09A5C1734F32-LeaderStateImpl is ready since appliedIndex == startIndex == 9
2025-09-07 09:46:50,071 [7c7182dc-ac7f-44a8-b1d4-5d10f99cbcf2@group-91458CD34E0F-FollowerState] INFO  impl.FollowerState (FollowerState.java:runImpl(161)) - 7c7182dc-ac7f-44a8-b1d4-5d10f99cbcf2@group-91458CD34E0F-FollowerState: change to CANDIDATE, lastRpcElapsedTime:1187523393ns, electionTimeout:1186ms
2025-09-07 09:46:50,071 [7c7182dc-ac7f-44a8-b1d4-5d10f99cbcf2@group-91458CD34E0F-FollowerState] INFO  impl.RoleInfo (RoleInfo.java:shutdownFollowerState(121)) - 7c7182dc-ac7f-44a8-b1d4-5d10f99cbcf2: shutdown 7c7182dc-ac7f-44a8-b1d4-5d10f99cbcf2@group-91458CD34E0F-FollowerState
2025-09-07 09:46:50,071 [7c7182dc-ac7f-44a8-b1d4-5d10f99cbcf2@group-91458CD34E0F-FollowerState] INFO  server.RaftServer$Division (RaftServerImpl.java:setRole(392)) - 7c7182dc-ac7f-44a8-b1d4-5d10f99cbcf2@group-91458CD34E0F: changes role from  FOLLOWER to CANDIDATE at term 1 for changeToCandidate
2025-09-07 09:46:50,071 [7c7182dc-ac7f-44a8-b1d4-5d10f99cbcf2@group-91458CD34E0F-FollowerState] INFO  impl.RoleInfo (RoleInfo.java:updateAndGet(148)) - 7c7182dc-ac7f-44a8-b1d4-5d10f99cbcf2: start 7c7182dc-ac7f-44a8-b1d4-5d10f99cbcf2@group-91458CD34E0F-LeaderElection267
2025-09-07 09:46:50,072 [7c7182dc-ac7f-44a8-b1d4-5d10f99cbcf2@group-91458CD34E0F-LeaderElection267] INFO  impl.LeaderElection (LeaderElection.java:askForVotes(448)) - 7c7182dc-ac7f-44a8-b1d4-5d10f99cbcf2@group-91458CD34E0F-LeaderElection267 PRE_VOTE round 0: submit vote requests at term 1 for conf: {index: 0, cur=peers:[7c7182dc-ac7f-44a8-b1d4-5d10f99cbcf2|127.0.0.1:15039]|listeners:[], old=null}
2025-09-07 09:46:50,072 [7c7182dc-ac7f-44a8-b1d4-5d10f99cbcf2@group-91458CD34E0F-LeaderElection267] INFO  impl.LeaderElection (LeaderElection.java:askForVotes(450)) - 7c7182dc-ac7f-44a8-b1d4-5d10f99cbcf2@group-91458CD34E0F-LeaderElection267 PRE_VOTE round 0: result PASSED (term=1)
2025-09-07 09:46:50,074 [7c7182dc-ac7f-44a8-b1d4-5d10f99cbcf2@group-91458CD34E0F-LeaderElection267] INFO  impl.LeaderElection (LeaderElection.java:askForVotes(448)) - 7c7182dc-ac7f-44a8-b1d4-5d10f99cbcf2@group-91458CD34E0F-LeaderElection267 ELECTION round 0: submit vote requests at term 2 for conf: {index: 0, cur=peers:[7c7182dc-ac7f-44a8-b1d4-5d10f99cbcf2|127.0.0.1:15039]|listeners:[], old=null}
2025-09-07 09:46:50,074 [7c7182dc-ac7f-44a8-b1d4-5d10f99cbcf2@group-91458CD34E0F-LeaderElection267] INFO  impl.LeaderElection (LeaderElection.java:askForVotes(450)) - 7c7182dc-ac7f-44a8-b1d4-5d10f99cbcf2@group-91458CD34E0F-LeaderElection267 ELECTION round 0: result PASSED (term=2)
2025-09-07 09:46:50,074 [7c7182dc-ac7f-44a8-b1d4-5d10f99cbcf2@group-91458CD34E0F-LeaderElection267] INFO  impl.RoleInfo (RoleInfo.java:shutdownLeaderElection(141)) - 7c7182dc-ac7f-44a8-b1d4-5d10f99cbcf2: shutdown 7c7182dc-ac7f-44a8-b1d4-5d10f99cbcf2@group-91458CD34E0F-LeaderElection267
2025-09-07 09:46:50,074 [7c7182dc-ac7f-44a8-b1d4-5d10f99cbcf2@group-91458CD34E0F-LeaderElection267] INFO  server.RaftServer$Division (RaftServerImpl.java:setRole(392)) - 7c7182dc-ac7f-44a8-b1d4-5d10f99cbcf2@group-91458CD34E0F: changes role from CANDIDATE to LEADER at term 2 for changeToLeader
2025-09-07 09:46:50,074 [7c7182dc-ac7f-44a8-b1d4-5d10f99cbcf2@group-91458CD34E0F-LeaderElection267] INFO  server.RaftServerConfigKeys (ConfUtils.java:logFallback(69)) - raft.server.staging.timeout = 3600ms (fallback to raft.server.rpc.timeout.max)
2025-09-07 09:46:50,075 [7c7182dc-ac7f-44a8-b1d4-5d10f99cbcf2@group-91458CD34E0F-LeaderElection267] INFO  server.RaftServerConfigKeys (ConfUtils.java:logGet(62)) - raft.server.write.byte-limit = 1024 M (=1073741824) (custom)
2025-09-07 09:46:50,076 [7c7182dc-ac7f-44a8-b1d4-5d10f99cbcf2@group-91458CD34E0F-LeaderElection267] INFO  impl.RoleInfo (RoleInfo.java:updateAndGet(148)) - 7c7182dc-ac7f-44a8-b1d4-5d10f99cbcf2: start 7c7182dc-ac7f-44a8-b1d4-5d10f99cbcf2@group-91458CD34E0F-LeaderStateImpl
2025-09-07 09:46:50,076 [7c7182dc-ac7f-44a8-b1d4-5d10f99cbcf2@group-91458CD34E0F-LeaderElection267] INFO  server.RaftServer$Division (RaftServerImpl.java:setFirstElection(576)) - 7c7182dc-ac7f-44a8-b1d4-5d10f99cbcf2@group-91458CD34E0F: set firstElectionSinceStartup to false for becomeLeader
2025-09-07 09:46:50,076 [7c7182dc-ac7f-44a8-b1d4-5d10f99cbcf2@group-91458CD34E0F-LeaderElection267] INFO  ratis.XceiverServerRatis (XceiverServerRatis.java:handleLeaderChangedNotification(947)) - Leader change notification received for group: group-91458CD34E0F with new leaderId: 7c7182dc-ac7f-44a8-b1d4-5d10f99cbcf2
2025-09-07 09:46:50,076 [7c7182dc-ac7f-44a8-b1d4-5d10f99cbcf2@group-91458CD34E0F-LeaderElection267] INFO  server.RaftServer$Division (ServerState.java:setLeader(272)) - 7c7182dc-ac7f-44a8-b1d4-5d10f99cbcf2@group-91458CD34E0F: change Leader from null to 7c7182dc-ac7f-44a8-b1d4-5d10f99cbcf2 at term 2 for becomeLeader, leader elected after 1892ms
2025-09-07 09:46:50,076 [7c7182dc-ac7f-44a8-b1d4-5d10f99cbcf2@group-91458CD34E0F-LeaderElection267] INFO  segmented.SegmentedRaftLogWorker (SegmentedRaftLogWorker.java:rollLogSegment(445)) - 7c7182dc-ac7f-44a8-b1d4-5d10f99cbcf2@group-91458CD34E0F-SegmentedRaftLogWorker: Rolling segment log-0_0 to index:0
2025-09-07 09:46:50,076 [7c7182dc-ac7f-44a8-b1d4-5d10f99cbcf2@group-91458CD34E0F-LeaderElection267] INFO  server.RaftServer$Division (ServerState.java:setRaftConf(386)) - 7c7182dc-ac7f-44a8-b1d4-5d10f99cbcf2@group-91458CD34E0F: set configuration conf: {index: 1, cur=peers:[7c7182dc-ac7f-44a8-b1d4-5d10f99cbcf2|127.0.0.1:15039]|listeners:[], old=null}
2025-09-07 09:46:50,077 [7c7182dc-ac7f-44a8-b1d4-5d10f99cbcf2@group-91458CD34E0F-SegmentedRaftLogWorker] INFO  segmented.SegmentedRaftLogWorker (SegmentedRaftLogWorker.java:execute(604)) - 7c7182dc-ac7f-44a8-b1d4-5d10f99cbcf2@group-91458CD34E0F-SegmentedRaftLogWorker: Rolled log segment from /home/runner/work/ozone/ozone/hadoop-ozone/integration-test/target/test-dir/MiniOzoneClusterImpl-023d5a78-e64c-43f3-a4d9-6f7884931d6c/ozone-metadata/datanode-4/ratis/40ed6c18-2432-483b-87ed-91458cd34e0f/current/log_inprogress_0 to /home/runner/work/ozone/ozone/hadoop-ozone/integration-test/target/test-dir/MiniOzoneClusterImpl-023d5a78-e64c-43f3-a4d9-6f7884931d6c/ozone-metadata/datanode-4/ratis/40ed6c18-2432-483b-87ed-91458cd34e0f/current/log_0-0
2025-09-07 09:46:50,077 [7c7182dc-ac7f-44a8-b1d4-5d10f99cbcf2@group-91458CD34E0F-SegmentedRaftLogWorker] INFO  segmented.BufferedWriteChannel (BufferedWriteChannel.java:open(61)) - open log_inprogress_1 at position 0
2025-09-07 09:46:50,084 [7c7182dc-ac7f-44a8-b1d4-5d10f99cbcf2@group-91458CD34E0F-SegmentedRaftLogWorker] INFO  segmented.SegmentedRaftLogWorker (SegmentedRaftLogWorker.java:execute(647)) - 7c7182dc-ac7f-44a8-b1d4-5d10f99cbcf2@group-91458CD34E0F-SegmentedRaftLogWorker: created new log segment /home/runner/work/ozone/ozone/hadoop-ozone/integration-test/target/test-dir/MiniOzoneClusterImpl-023d5a78-e64c-43f3-a4d9-6f7884931d6c/ozone-metadata/datanode-4/ratis/40ed6c18-2432-483b-87ed-91458cd34e0f/current/log_inprogress_1
2025-09-07 09:46:50,086 [7c7182dc-ac7f-44a8-b1d4-5d10f99cbcf2@group-91458CD34E0F-StateMachineUpdater] INFO  server.RaftServer$Division (LeaderStateImpl.java:checkStartIndex(309)) - Leader 7c7182dc-ac7f-44a8-b1d4-5d10f99cbcf2@group-91458CD34E0F-LeaderStateImpl is ready since appliedIndex == startIndex == 1
2025-09-07 09:46:50,181 [8500c972-c6d1-4433-9d49-a8e3bb920002@group-77DC33C8A8CA-FollowerState] INFO  impl.FollowerState (FollowerState.java:runImpl(161)) - 8500c972-c6d1-4433-9d49-a8e3bb920002@group-77DC33C8A8CA-FollowerState: change to CANDIDATE, lastRpcElapsedTime:1997492880ns, electionTimeout:1184ms
2025-09-07 09:46:50,181 [8500c972-c6d1-4433-9d49-a8e3bb920002@group-77DC33C8A8CA-FollowerState] INFO  impl.RoleInfo (RoleInfo.java:shutdownFollowerState(121)) - 8500c972-c6d1-4433-9d49-a8e3bb920002: shutdown 8500c972-c6d1-4433-9d49-a8e3bb920002@group-77DC33C8A8CA-FollowerState
2025-09-07 09:46:50,181 [8500c972-c6d1-4433-9d49-a8e3bb920002@group-77DC33C8A8CA-FollowerState] INFO  server.RaftServer$Division (RaftServerImpl.java:setRole(392)) - 8500c972-c6d1-4433-9d49-a8e3bb920002@group-77DC33C8A8CA: changes role from  FOLLOWER to CANDIDATE at term 4 for changeToCandidate
2025-09-07 09:46:50,181 [8500c972-c6d1-4433-9d49-a8e3bb920002@group-77DC33C8A8CA-FollowerState] INFO  impl.RoleInfo (RoleInfo.java:updateAndGet(148)) - 8500c972-c6d1-4433-9d49-a8e3bb920002: start 8500c972-c6d1-4433-9d49-a8e3bb920002@group-77DC33C8A8CA-LeaderElection268
2025-09-07 09:46:50,182 [8500c972-c6d1-4433-9d49-a8e3bb920002@group-77DC33C8A8CA-LeaderElection268] INFO  server.RaftServer$Division (ServerState.java:setLeader(272)) - 8500c972-c6d1-4433-9d49-a8e3bb920002@group-77DC33C8A8CA: change Leader from ff2509eb-55dd-4ad3-b532-83d6209e1a92 to null at term 4 for PRE_VOTE
2025-09-07 09:46:50,182 [8500c972-c6d1-4433-9d49-a8e3bb920002@group-77DC33C8A8CA-LeaderElection268] INFO  impl.LeaderElection (LeaderElection.java:askForVotes(448)) - 8500c972-c6d1-4433-9d49-a8e3bb920002@group-77DC33C8A8CA-LeaderElection268 PRE_VOTE round 0: submit vote requests at term 4 for conf: {index: 5, cur=peers:[95d41743-cdf0-4105-938b-93fe980aeffc|127.0.0.1:15031, 8500c972-c6d1-4433-9d49-a8e3bb920002|127.0.0.1:15023, ff2509eb-55dd-4ad3-b532-83d6209e1a92|127.0.0.1:15015]|listeners:[], old=null}
2025-09-07 09:46:50,183 [grpc-default-executor-9] INFO  server.RaftServer$Division (RaftServerImpl.java:requestVote(1421)) - 95d41743-cdf0-4105-938b-93fe980aeffc@group-77DC33C8A8CA: receive requestVote(PRE_VOTE, 8500c972-c6d1-4433-9d49-a8e3bb920002, group-77DC33C8A8CA, 4, (t:4, i:6))
2025-09-07 09:46:50,183 [grpc-default-executor-9] INFO  impl.VoteContext (VoteContext.java:log(49)) - 95d41743-cdf0-4105-938b-93fe980aeffc@group-77DC33C8A8CA-FOLLOWER: accept PRE_VOTE from 8500c972-c6d1-4433-9d49-a8e3bb920002: our priority 0 <= candidate's priority 0
2025-09-07 09:46:50,183 [8500c972-c6d1-4433-9d49-a8e3bb920002@group-77DC33C8A8CA-LeaderElection268] INFO  impl.LeaderElection (LogUtils.java:infoOrTrace(142)) - 8500c972-c6d1-4433-9d49-a8e3bb920002@group-77DC33C8A8CA-LeaderElection268 got exception when requesting votes: java.util.concurrent.ExecutionException: org.apache.ratis.thirdparty.io.grpc.StatusRuntimeException: UNAVAILABLE: io exception
2025-09-07 09:46:50,183 [grpc-default-executor-9] INFO  server.RaftServer$Division (RaftServerImpl.java:requestVote(1455)) - 95d41743-cdf0-4105-938b-93fe980aeffc@group-77DC33C8A8CA replies to PRE_VOTE vote request: 8500c972-c6d1-4433-9d49-a8e3bb920002<-95d41743-cdf0-4105-938b-93fe980aeffc#0:OK-t4-last:(t:4, i:6). Peer's state: 95d41743-cdf0-4105-938b-93fe980aeffc@group-77DC33C8A8CA:t4, leader=ff2509eb-55dd-4ad3-b532-83d6209e1a92, voted=ff2509eb-55dd-4ad3-b532-83d6209e1a92, raftlog=Memoized:95d41743-cdf0-4105-938b-93fe980aeffc@group-77DC33C8A8CA-SegmentedRaftLog:OPENED:c6:last(t:4, i:6), conf=conf: {index: 5, cur=peers:[95d41743-cdf0-4105-938b-93fe980aeffc|127.0.0.1:15031, 8500c972-c6d1-4433-9d49-a8e3bb920002|127.0.0.1:15023, ff2509eb-55dd-4ad3-b532-83d6209e1a92|127.0.0.1:15015]|listeners:[], old=null}
2025-09-07 09:46:50,184 [8500c972-c6d1-4433-9d49-a8e3bb920002@group-77DC33C8A8CA-LeaderElection268] INFO  impl.LeaderElection (LeaderElection.java:logAndReturn(206)) - 8500c972-c6d1-4433-9d49-a8e3bb920002@group-77DC33C8A8CA-LeaderElection268: PRE_VOTE PASSED received 1 response(s) and 1 exception(s):
2025-09-07 09:46:50,184 [8500c972-c6d1-4433-9d49-a8e3bb920002@group-77DC33C8A8CA-LeaderElection268] INFO  impl.LeaderElection (LeaderElection.java:logAndReturn(210)) -   Response 0: 8500c972-c6d1-4433-9d49-a8e3bb920002<-95d41743-cdf0-4105-938b-93fe980aeffc#0:OK-t4-last:(t:4, i:6)
2025-09-07 09:46:50,184 [8500c972-c6d1-4433-9d49-a8e3bb920002@group-77DC33C8A8CA-LeaderElection268] INFO  impl.LeaderElection (LogUtils.java:infoOrTrace(142)) -   Exception 1: java.util.concurrent.ExecutionException: org.apache.ratis.thirdparty.io.grpc.StatusRuntimeException: UNAVAILABLE: io exception
2025-09-07 09:46:50,184 [8500c972-c6d1-4433-9d49-a8e3bb920002@group-77DC33C8A8CA-LeaderElection268] INFO  impl.LeaderElection (LeaderElection.java:askForVotes(450)) - 8500c972-c6d1-4433-9d49-a8e3bb920002@group-77DC33C8A8CA-LeaderElection268 PRE_VOTE round 0: result PASSED
2025-09-07 09:46:50,186 [8500c972-c6d1-4433-9d49-a8e3bb920002@group-77DC33C8A8CA-LeaderElection268] INFO  impl.LeaderElection (LeaderElection.java:askForVotes(448)) - 8500c972-c6d1-4433-9d49-a8e3bb920002@group-77DC33C8A8CA-LeaderElection268 ELECTION round 0: submit vote requests at term 5 for conf: {index: 5, cur=peers:[95d41743-cdf0-4105-938b-93fe980aeffc|127.0.0.1:15031, 8500c972-c6d1-4433-9d49-a8e3bb920002|127.0.0.1:15023, ff2509eb-55dd-4ad3-b532-83d6209e1a92|127.0.0.1:15015]|listeners:[], old=null}
2025-09-07 09:46:50,187 [grpc-default-executor-9] INFO  server.RaftServer$Division (RaftServerImpl.java:requestVote(1421)) - 95d41743-cdf0-4105-938b-93fe980aeffc@group-77DC33C8A8CA: receive requestVote(ELECTION, 8500c972-c6d1-4433-9d49-a8e3bb920002, group-77DC33C8A8CA, 5, (t:4, i:6))
2025-09-07 09:46:50,187 [8500c972-c6d1-4433-9d49-a8e3bb920002@group-77DC33C8A8CA-LeaderElection268] INFO  impl.LeaderElection (LogUtils.java:infoOrTrace(142)) - 8500c972-c6d1-4433-9d49-a8e3bb920002@group-77DC33C8A8CA-LeaderElection268 got exception when requesting votes: java.util.concurrent.ExecutionException: org.apache.ratis.thirdparty.io.grpc.StatusRuntimeException: UNAVAILABLE: io exception
2025-09-07 09:46:50,187 [grpc-default-executor-9] INFO  impl.VoteContext (VoteContext.java:log(49)) - 95d41743-cdf0-4105-938b-93fe980aeffc@group-77DC33C8A8CA-FOLLOWER: accept ELECTION from 8500c972-c6d1-4433-9d49-a8e3bb920002: our priority 0 <= candidate's priority 0
2025-09-07 09:46:50,187 [grpc-default-executor-9] INFO  server.RaftServer$Division (RaftServerImpl.java:setRole(392)) - 95d41743-cdf0-4105-938b-93fe980aeffc@group-77DC33C8A8CA: changes role from  FOLLOWER to FOLLOWER at term 4 for candidate:8500c972-c6d1-4433-9d49-a8e3bb920002
2025-09-07 09:46:50,187 [grpc-default-executor-9] INFO  impl.RoleInfo (RoleInfo.java:shutdownFollowerState(121)) - 95d41743-cdf0-4105-938b-93fe980aeffc: shutdown 95d41743-cdf0-4105-938b-93fe980aeffc@group-77DC33C8A8CA-FollowerState
2025-09-07 09:46:50,187 [grpc-default-executor-9] INFO  server.RaftServer$Division (ServerState.java:setLeader(272)) - 95d41743-cdf0-4105-938b-93fe980aeffc@group-77DC33C8A8CA: change Leader from ff2509eb-55dd-4ad3-b532-83d6209e1a92 to null at term 5 for updateCurrentTerm
2025-09-07 09:46:50,187 [grpc-default-executor-9] INFO  impl.RoleInfo (RoleInfo.java:updateAndGet(148)) - 95d41743-cdf0-4105-938b-93fe980aeffc: start 95d41743-cdf0-4105-938b-93fe980aeffc@group-77DC33C8A8CA-FollowerState
2025-09-07 09:46:50,187 [95d41743-cdf0-4105-938b-93fe980aeffc@group-77DC33C8A8CA-FollowerState] INFO  impl.FollowerState (FollowerState.java:runImpl(170)) - 95d41743-cdf0-4105-938b-93fe980aeffc@group-77DC33C8A8CA-FollowerState was interrupted
2025-09-07 09:46:50,188 [grpc-default-executor-9] INFO  server.RaftServer$Division (RaftServerImpl.java:requestVote(1455)) - 95d41743-cdf0-4105-938b-93fe980aeffc@group-77DC33C8A8CA replies to ELECTION vote request: 8500c972-c6d1-4433-9d49-a8e3bb920002<-95d41743-cdf0-4105-938b-93fe980aeffc#0:OK-t5-last:(t:4, i:6). Peer's state: 95d41743-cdf0-4105-938b-93fe980aeffc@group-77DC33C8A8CA:t5, leader=null, voted=8500c972-c6d1-4433-9d49-a8e3bb920002, raftlog=Memoized:95d41743-cdf0-4105-938b-93fe980aeffc@group-77DC33C8A8CA-SegmentedRaftLog:OPENED:c6:last(t:4, i:6), conf=conf: {index: 5, cur=peers:[95d41743-cdf0-4105-938b-93fe980aeffc|127.0.0.1:15031, 8500c972-c6d1-4433-9d49-a8e3bb920002|127.0.0.1:15023, ff2509eb-55dd-4ad3-b532-83d6209e1a92|127.0.0.1:15015]|listeners:[], old=null}
2025-09-07 09:46:50,189 [8500c972-c6d1-4433-9d49-a8e3bb920002@group-77DC33C8A8CA-LeaderElection268] INFO  impl.LeaderElection (LeaderElection.java:logAndReturn(206)) - 8500c972-c6d1-4433-9d49-a8e3bb920002@group-77DC33C8A8CA-LeaderElection268: ELECTION PASSED received 1 response(s) and 1 exception(s):
2025-09-07 09:46:50,189 [8500c972-c6d1-4433-9d49-a8e3bb920002@group-77DC33C8A8CA-LeaderElection268] INFO  impl.LeaderElection (LeaderElection.java:logAndReturn(210)) -   Response 0: 8500c972-c6d1-4433-9d49-a8e3bb920002<-95d41743-cdf0-4105-938b-93fe980aeffc#0:OK-t5-last:(t:4, i:6)
2025-09-07 09:46:50,189 [8500c972-c6d1-4433-9d49-a8e3bb920002@group-77DC33C8A8CA-LeaderElection268] INFO  impl.LeaderElection (LogUtils.java:infoOrTrace(142)) -   Exception 1: java.util.concurrent.ExecutionException: org.apache.ratis.thirdparty.io.grpc.StatusRuntimeException: UNAVAILABLE: io exception
2025-09-07 09:46:50,189 [8500c972-c6d1-4433-9d49-a8e3bb920002@group-77DC33C8A8CA-LeaderElection268] INFO  impl.LeaderElection (LeaderElection.java:askForVotes(450)) - 8500c972-c6d1-4433-9d49-a8e3bb920002@group-77DC33C8A8CA-LeaderElection268 ELECTION round 0: result PASSED
2025-09-07 09:46:50,189 [8500c972-c6d1-4433-9d49-a8e3bb920002@group-77DC33C8A8CA-LeaderElection268] INFO  impl.RoleInfo (RoleInfo.java:shutdownLeaderElection(141)) - 8500c972-c6d1-4433-9d49-a8e3bb920002: shutdown 8500c972-c6d1-4433-9d49-a8e3bb920002@group-77DC33C8A8CA-LeaderElection268
2025-09-07 09:46:50,189 [8500c972-c6d1-4433-9d49-a8e3bb920002@group-77DC33C8A8CA-LeaderElection268] INFO  server.RaftServer$Division (RaftServerImpl.java:setRole(392)) - 8500c972-c6d1-4433-9d49-a8e3bb920002@group-77DC33C8A8CA: changes role from CANDIDATE to LEADER at term 5 for changeToLeader
2025-09-07 09:46:50,189 [8500c972-c6d1-4433-9d49-a8e3bb920002@group-77DC33C8A8CA-LeaderElection268] INFO  server.RaftServerConfigKeys (ConfUtils.java:logFallback(69)) - raft.server.staging.timeout = 3600ms (fallback to raft.server.rpc.timeout.max)
2025-09-07 09:46:50,189 [8500c972-c6d1-4433-9d49-a8e3bb920002@group-77DC33C8A8CA-LeaderElection268] INFO  server.RaftServerConfigKeys (ConfUtils.java:logGet(62)) - raft.server.write.byte-limit = 1024 M (=1073741824) (custom)
2025-09-07 09:46:50,191 [8500c972-c6d1-4433-9d49-a8e3bb920002@group-77DC33C8A8CA-LeaderElection268] INFO  server.RaftServerConfigKeys (ConfUtils.java:logGet(62)) - raft.server.log.appender.buffer.byte-limit = 33554432 (custom)
2025-09-07 09:46:50,192 [8500c972-c6d1-4433-9d49-a8e3bb920002@group-77DC33C8A8CA-LeaderElection268] INFO  server.RaftServerConfigKeys (ConfUtils.java:logGet(62)) - raft.server.log.appender.buffer.byte-limit = 33554432 (custom)
2025-09-07 09:46:50,192 [8500c972-c6d1-4433-9d49-a8e3bb920002@group-77DC33C8A8CA-LeaderElection268] INFO  impl.RoleInfo (RoleInfo.java:updateAndGet(148)) - 8500c972-c6d1-4433-9d49-a8e3bb920002: start 8500c972-c6d1-4433-9d49-a8e3bb920002@group-77DC33C8A8CA-LeaderStateImpl
2025-09-07 09:46:50,192 [8500c972-c6d1-4433-9d49-a8e3bb920002@group-77DC33C8A8CA-LeaderElection268] INFO  ratis.XceiverServerRatis (XceiverServerRatis.java:handleLeaderChangedNotification(947)) - Leader change notification received for group: group-77DC33C8A8CA with new leaderId: 8500c972-c6d1-4433-9d49-a8e3bb920002
2025-09-07 09:46:50,192 [8500c972-c6d1-4433-9d49-a8e3bb920002@group-77DC33C8A8CA-LeaderElection268] INFO  server.RaftServer$Division (ServerState.java:setLeader(272)) - 8500c972-c6d1-4433-9d49-a8e3bb920002@group-77DC33C8A8CA: change Leader from null to 8500c972-c6d1-4433-9d49-a8e3bb920002 at term 5 for becomeLeader, leader elected after 10ms
2025-09-07 09:46:50,192 [8500c972-c6d1-4433-9d49-a8e3bb920002@group-77DC33C8A8CA-LeaderElection268] INFO  segmented.SegmentedRaftLogWorker (SegmentedRaftLogWorker.java:rollLogSegment(445)) - 8500c972-c6d1-4433-9d49-a8e3bb920002@group-77DC33C8A8CA-SegmentedRaftLogWorker: Rolling segment log-5_6 to index:6
2025-09-07 09:46:50,193 [8500c972-c6d1-4433-9d49-a8e3bb920002@group-77DC33C8A8CA-LeaderElection268] INFO  server.RaftServer$Division (ServerState.java:setRaftConf(386)) - 8500c972-c6d1-4433-9d49-a8e3bb920002@group-77DC33C8A8CA: set configuration conf: {index: 7, cur=peers:[95d41743-cdf0-4105-938b-93fe980aeffc|127.0.0.1:15031, 8500c972-c6d1-4433-9d49-a8e3bb920002|127.0.0.1:15023, ff2509eb-55dd-4ad3-b532-83d6209e1a92|127.0.0.1:15015]|listeners:[], old=null}
2025-09-07 09:46:50,194 [8500c972-c6d1-4433-9d49-a8e3bb920002@group-77DC33C8A8CA-SegmentedRaftLogWorker] INFO  segmented.SegmentedRaftLogWorker (SegmentedRaftLogWorker.java:execute(604)) - 8500c972-c6d1-4433-9d49-a8e3bb920002@group-77DC33C8A8CA-SegmentedRaftLogWorker: Rolled log segment from /home/runner/work/ozone/ozone/hadoop-ozone/integration-test/target/test-dir/MiniOzoneClusterImpl-023d5a78-e64c-43f3-a4d9-6f7884931d6c/ozone-metadata/datanode-2/ratis/766115e5-0d59-4db5-b7b5-77dc33c8a8ca/current/log_inprogress_5 to /home/runner/work/ozone/ozone/hadoop-ozone/integration-test/target/test-dir/MiniOzoneClusterImpl-023d5a78-e64c-43f3-a4d9-6f7884931d6c/ozone-metadata/datanode-2/ratis/766115e5-0d59-4db5-b7b5-77dc33c8a8ca/current/log_5-6
2025-09-07 09:46:50,194 [8500c972-c6d1-4433-9d49-a8e3bb920002@group-77DC33C8A8CA-SegmentedRaftLogWorker] INFO  segmented.BufferedWriteChannel (BufferedWriteChannel.java:open(61)) - open log_inprogress_7 at position 0
2025-09-07 09:46:50,195 [grpc-default-executor-8] WARN  server.GrpcLogAppender (LogUtils.java:warn(127)) - 8500c972-c6d1-4433-9d49-a8e3bb920002@group-77DC33C8A8CA->ff2509eb-55dd-4ad3-b532-83d6209e1a92-AppendLogResponseHandler: Failed appendEntries: org.apache.ratis.thirdparty.io.grpc.StatusRuntimeException: UNAVAILABLE: io exception
  Caused by: org.apache.ratis.thirdparty.io.netty.channel.AbstractChannel$AnnotatedConnectException: finishConnect(..) failed: Connection refused: /127.0.0.1:15015
  Caused by: java.net.ConnectException: finishConnect(..) failed: Connection refused
2025-09-07 09:46:50,196 [grpc-default-executor-2] INFO  ratis.XceiverServerRatis (XceiverServerRatis.java:handleLeaderChangedNotification(947)) - Leader change notification received for group: group-77DC33C8A8CA with new leaderId: 8500c972-c6d1-4433-9d49-a8e3bb920002
2025-09-07 09:46:50,196 [grpc-default-executor-2] INFO  server.RaftServer$Division (ServerState.java:setLeader(272)) - 95d41743-cdf0-4105-938b-93fe980aeffc@group-77DC33C8A8CA: change Leader from null to 8500c972-c6d1-4433-9d49-a8e3bb920002 at term 5 for appendEntries, leader elected after 8ms
2025-09-07 09:46:50,196 [grpc-default-executor-8] WARN  server.GrpcLogAppender (GrpcLogAppender.java:lambda$resetClient$1(228)) - 8500c972-c6d1-4433-9d49-a8e3bb920002@group-77DC33C8A8CA->ff2509eb-55dd-4ad3-b532-83d6209e1a92-GrpcLogAppender: Follower failed (request=null, errorCount=1); keep nextIndex (7) unchanged and retry.
2025-09-07 09:46:50,199 [grpc-default-executor-2] INFO  server.RaftServer$Division (ServerState.java:setRaftConf(386)) - 95d41743-cdf0-4105-938b-93fe980aeffc@group-77DC33C8A8CA: set configuration conf: {index: 7, cur=peers:[95d41743-cdf0-4105-938b-93fe980aeffc|127.0.0.1:15031, 8500c972-c6d1-4433-9d49-a8e3bb920002|127.0.0.1:15023, ff2509eb-55dd-4ad3-b532-83d6209e1a92|127.0.0.1:15015]|listeners:[], old=null}
2025-09-07 09:46:50,199 [grpc-default-executor-2] INFO  segmented.SegmentedRaftLogWorker (SegmentedRaftLogWorker.java:rollLogSegment(445)) - 95d41743-cdf0-4105-938b-93fe980aeffc@group-77DC33C8A8CA-SegmentedRaftLogWorker: Rolling segment log-5_6 to index:6
2025-09-07 09:46:50,199 [grpc-default-executor-9] WARN  server.GrpcLogAppender (GrpcLogAppender.java:lambda$resetClient$1(228)) - 8500c972-c6d1-4433-9d49-a8e3bb920002@group-77DC33C8A8CA->ff2509eb-55dd-4ad3-b532-83d6209e1a92-GrpcLogAppender: Follower failed (request=null, errorCount=3); keep nextIndex (8) unchanged and retry.
2025-09-07 09:46:50,201 [95d41743-cdf0-4105-938b-93fe980aeffc@group-77DC33C8A8CA-SegmentedRaftLogWorker] INFO  segmented.SegmentedRaftLogWorker (SegmentedRaftLogWorker.java:execute(604)) - 95d41743-cdf0-4105-938b-93fe980aeffc@group-77DC33C8A8CA-SegmentedRaftLogWorker: Rolled log segment from /home/runner/work/ozone/ozone/hadoop-ozone/integration-test/target/test-dir/MiniOzoneClusterImpl-023d5a78-e64c-43f3-a4d9-6f7884931d6c/ozone-metadata/datanode-3/ratis/766115e5-0d59-4db5-b7b5-77dc33c8a8ca/current/log_inprogress_5 to /home/runner/work/ozone/ozone/hadoop-ozone/integration-test/target/test-dir/MiniOzoneClusterImpl-023d5a78-e64c-43f3-a4d9-6f7884931d6c/ozone-metadata/datanode-3/ratis/766115e5-0d59-4db5-b7b5-77dc33c8a8ca/current/log_5-6
2025-09-07 09:46:50,201 [95d41743-cdf0-4105-938b-93fe980aeffc@group-77DC33C8A8CA-SegmentedRaftLogWorker] INFO  segmented.BufferedWriteChannel (BufferedWriteChannel.java:open(61)) - open log_inprogress_7 at position 0
2025-09-07 09:46:50,203 [8500c972-c6d1-4433-9d49-a8e3bb920002@group-77DC33C8A8CA-SegmentedRaftLogWorker] INFO  segmented.SegmentedRaftLogWorker (SegmentedRaftLogWorker.java:execute(647)) - 8500c972-c6d1-4433-9d49-a8e3bb920002@group-77DC33C8A8CA-SegmentedRaftLogWorker: created new log segment /home/runner/work/ozone/ozone/hadoop-ozone/integration-test/target/test-dir/MiniOzoneClusterImpl-023d5a78-e64c-43f3-a4d9-6f7884931d6c/ozone-metadata/datanode-2/ratis/766115e5-0d59-4db5-b7b5-77dc33c8a8ca/current/log_inprogress_7
2025-09-07 09:46:50,208 [95d41743-cdf0-4105-938b-93fe980aeffc@group-77DC33C8A8CA-SegmentedRaftLogWorker] INFO  segmented.SegmentedRaftLogWorker (SegmentedRaftLogWorker.java:execute(647)) - 95d41743-cdf0-4105-938b-93fe980aeffc@group-77DC33C8A8CA-SegmentedRaftLogWorker: created new log segment /home/runner/work/ozone/ozone/hadoop-ozone/integration-test/target/test-dir/MiniOzoneClusterImpl-023d5a78-e64c-43f3-a4d9-6f7884931d6c/ozone-metadata/datanode-3/ratis/766115e5-0d59-4db5-b7b5-77dc33c8a8ca/current/log_inprogress_7
2025-09-07 09:46:50,209 [grpc-default-executor-8] WARN  server.GrpcLogAppender (GrpcLogAppender.java:lambda$resetClient$1(228)) - 8500c972-c6d1-4433-9d49-a8e3bb920002@group-77DC33C8A8CA->ff2509eb-55dd-4ad3-b532-83d6209e1a92-GrpcLogAppender: Follower failed (request=null, errorCount=5); keep nextIndex (9) unchanged and retry.
2025-09-07 09:46:50,210 [8500c972-c6d1-4433-9d49-a8e3bb920002@group-77DC33C8A8CA-StateMachineUpdater] INFO  server.RaftServer$Division (LeaderStateImpl.java:checkStartIndex(309)) - Leader 8500c972-c6d1-4433-9d49-a8e3bb920002@group-77DC33C8A8CA-LeaderStateImpl is ready since appliedIndex == startIndex == 7
2025-09-07 09:46:50,668 [e6e13cb3-e32b-4d2d-874a-1e4700c67398@group-9E511D2458D0-FollowerState] INFO  impl.FollowerState (FollowerState.java:runImpl(161)) - e6e13cb3-e32b-4d2d-874a-1e4700c67398@group-9E511D2458D0-FollowerState: change to CANDIDATE, lastRpcElapsedTime:1003374671ns, electionTimeout:1003ms
2025-09-07 09:46:50,668 [e6e13cb3-e32b-4d2d-874a-1e4700c67398@group-9E511D2458D0-FollowerState] INFO  impl.RoleInfo (RoleInfo.java:shutdownFollowerState(121)) - e6e13cb3-e32b-4d2d-874a-1e4700c67398: shutdown e6e13cb3-e32b-4d2d-874a-1e4700c67398@group-9E511D2458D0-FollowerState
2025-09-07 09:46:50,668 [e6e13cb3-e32b-4d2d-874a-1e4700c67398@group-9E511D2458D0-FollowerState] INFO  server.RaftServer$Division (RaftServerImpl.java:setRole(392)) - e6e13cb3-e32b-4d2d-874a-1e4700c67398@group-9E511D2458D0: changes role from  FOLLOWER to CANDIDATE at term 1 for changeToCandidate
2025-09-07 09:46:50,669 [e6e13cb3-e32b-4d2d-874a-1e4700c67398@group-9E511D2458D0-FollowerState] INFO  impl.RoleInfo (RoleInfo.java:updateAndGet(148)) - e6e13cb3-e32b-4d2d-874a-1e4700c67398: start e6e13cb3-e32b-4d2d-874a-1e4700c67398@group-9E511D2458D0-LeaderElection269
2025-09-07 09:46:50,669 [e6e13cb3-e32b-4d2d-874a-1e4700c67398@group-9E511D2458D0-LeaderElection269] INFO  impl.LeaderElection (LeaderElection.java:askForVotes(448)) - e6e13cb3-e32b-4d2d-874a-1e4700c67398@group-9E511D2458D0-LeaderElection269 PRE_VOTE round 0: submit vote requests at term 1 for conf: {index: 0, cur=peers:[90a60b70-6b91-4fb2-a612-7ac0b6911dfc|127.0.0.1:15047, e6e13cb3-e32b-4d2d-874a-1e4700c67398|127.0.0.1:15055, 7c7182dc-ac7f-44a8-b1d4-5d10f99cbcf2|127.0.0.1:15039]|listeners:[], old=null}
2025-09-07 09:46:50,669 [e6e13cb3-e32b-4d2d-874a-1e4700c67398@group-9E511D2458D0-LeaderElection269] INFO  impl.LeaderElection (LogUtils.java:infoOrTrace(142)) - e6e13cb3-e32b-4d2d-874a-1e4700c67398@group-9E511D2458D0-LeaderElection269 got exception when requesting votes: java.util.concurrent.ExecutionException: org.apache.ratis.thirdparty.io.grpc.StatusRuntimeException: UNAVAILABLE: io exception
2025-09-07 09:46:50,669 [e6e13cb3-e32b-4d2d-874a-1e4700c67398@group-9E511D2458D0-LeaderElection269] INFO  impl.LeaderElection (LogUtils.java:infoOrTrace(142)) - e6e13cb3-e32b-4d2d-874a-1e4700c67398@group-9E511D2458D0-LeaderElection269 got exception when requesting votes: java.util.concurrent.ExecutionException: org.apache.ratis.thirdparty.io.grpc.StatusRuntimeException: UNAVAILABLE: io exception
2025-09-07 09:46:50,669 [e6e13cb3-e32b-4d2d-874a-1e4700c67398@group-9E511D2458D0-LeaderElection269] INFO  impl.LeaderElection (LeaderElection.java:logAndReturn(206)) - e6e13cb3-e32b-4d2d-874a-1e4700c67398@group-9E511D2458D0-LeaderElection269: PRE_VOTE REJECTED received 0 response(s) and 2 exception(s):
2025-09-07 09:46:50,670 [e6e13cb3-e32b-4d2d-874a-1e4700c67398@group-9E511D2458D0-LeaderElection269] INFO  impl.LeaderElection (LogUtils.java:infoOrTrace(142)) -   Exception 0: java.util.concurrent.ExecutionException: org.apache.ratis.thirdparty.io.grpc.StatusRuntimeException: UNAVAILABLE: io exception
2025-09-07 09:46:50,670 [e6e13cb3-e32b-4d2d-874a-1e4700c67398@group-9E511D2458D0-LeaderElection269] INFO  impl.LeaderElection (LogUtils.java:infoOrTrace(142)) -   Exception 1: java.util.concurrent.ExecutionException: org.apache.ratis.thirdparty.io.grpc.StatusRuntimeException: UNAVAILABLE: io exception
2025-09-07 09:46:50,670 [e6e13cb3-e32b-4d2d-874a-1e4700c67398@group-9E511D2458D0-LeaderElection269] INFO  impl.LeaderElection (LeaderElection.java:askForVotes(450)) - e6e13cb3-e32b-4d2d-874a-1e4700c67398@group-9E511D2458D0-LeaderElection269 PRE_VOTE round 0: result REJECTED
2025-09-07 09:46:50,670 [e6e13cb3-e32b-4d2d-874a-1e4700c67398@group-9E511D2458D0-LeaderElection269] INFO  server.RaftServer$Division (RaftServerImpl.java:setRole(392)) - e6e13cb3-e32b-4d2d-874a-1e4700c67398@group-9E511D2458D0: changes role from CANDIDATE to FOLLOWER at term 1 for REJECTED
2025-09-07 09:46:50,670 [e6e13cb3-e32b-4d2d-874a-1e4700c67398@group-9E511D2458D0-LeaderElection269] INFO  impl.RoleInfo (RoleInfo.java:shutdownLeaderElection(141)) - e6e13cb3-e32b-4d2d-874a-1e4700c67398: shutdown e6e13cb3-e32b-4d2d-874a-1e4700c67398@group-9E511D2458D0-LeaderElection269
2025-09-07 09:46:50,670 [e6e13cb3-e32b-4d2d-874a-1e4700c67398@group-9E511D2458D0-LeaderElection269] INFO  impl.RoleInfo (RoleInfo.java:updateAndGet(148)) - e6e13cb3-e32b-4d2d-874a-1e4700c67398: start e6e13cb3-e32b-4d2d-874a-1e4700c67398@group-9E511D2458D0-FollowerState
2025-09-07 09:46:50,888 [90a60b70-6b91-4fb2-a612-7ac0b6911dfc@group-9E511D2458D0-FollowerState] INFO  impl.FollowerState (FollowerState.java:runImpl(161)) - 90a60b70-6b91-4fb2-a612-7ac0b6911dfc@group-9E511D2458D0-FollowerState: change to CANDIDATE, lastRpcElapsedTime:1136258247ns, electionTimeout:1136ms
2025-09-07 09:46:50,888 [90a60b70-6b91-4fb2-a612-7ac0b6911dfc@group-9E511D2458D0-FollowerState] INFO  impl.RoleInfo (RoleInfo.java:shutdownFollowerState(121)) - 90a60b70-6b91-4fb2-a612-7ac0b6911dfc: shutdown 90a60b70-6b91-4fb2-a612-7ac0b6911dfc@group-9E511D2458D0-FollowerState
2025-09-07 09:46:50,888 [90a60b70-6b91-4fb2-a612-7ac0b6911dfc@group-9E511D2458D0-FollowerState] INFO  server.RaftServer$Division (RaftServerImpl.java:setRole(392)) - 90a60b70-6b91-4fb2-a612-7ac0b6911dfc@group-9E511D2458D0: changes role from  FOLLOWER to CANDIDATE at term 1 for changeToCandidate
2025-09-07 09:46:50,888 [90a60b70-6b91-4fb2-a612-7ac0b6911dfc@group-9E511D2458D0-FollowerState] INFO  impl.RoleInfo (RoleInfo.java:updateAndGet(148)) - 90a60b70-6b91-4fb2-a612-7ac0b6911dfc: start 90a60b70-6b91-4fb2-a612-7ac0b6911dfc@group-9E511D2458D0-LeaderElection270
2025-09-07 09:46:50,888 [90a60b70-6b91-4fb2-a612-7ac0b6911dfc@group-9E511D2458D0-LeaderElection270] INFO  impl.LeaderElection (LeaderElection.java:askForVotes(448)) - 90a60b70-6b91-4fb2-a612-7ac0b6911dfc@group-9E511D2458D0-LeaderElection270 PRE_VOTE round 0: submit vote requests at term 1 for conf: {index: 0, cur=peers:[90a60b70-6b91-4fb2-a612-7ac0b6911dfc|127.0.0.1:15047, e6e13cb3-e32b-4d2d-874a-1e4700c67398|127.0.0.1:15055, 7c7182dc-ac7f-44a8-b1d4-5d10f99cbcf2|127.0.0.1:15039]|listeners:[], old=null}
2025-09-07 09:46:50,889 [grpc-default-executor-2] INFO  server.RaftServer$Division (RaftServerImpl.java:requestVote(1421)) - 7c7182dc-ac7f-44a8-b1d4-5d10f99cbcf2@group-9E511D2458D0: receive requestVote(PRE_VOTE, 90a60b70-6b91-4fb2-a612-7ac0b6911dfc, group-9E511D2458D0, 1, (t:1, i:0))
2025-09-07 09:46:50,889 [grpc-default-executor-9] INFO  server.RaftServer$Division (RaftServerImpl.java:requestVote(1421)) - e6e13cb3-e32b-4d2d-874a-1e4700c67398@group-9E511D2458D0: receive requestVote(PRE_VOTE, 90a60b70-6b91-4fb2-a612-7ac0b6911dfc, group-9E511D2458D0, 1, (t:1, i:0))
2025-09-07 09:46:50,889 [grpc-default-executor-2] INFO  impl.VoteContext (VoteContext.java:log(49)) - 7c7182dc-ac7f-44a8-b1d4-5d10f99cbcf2@group-9E511D2458D0-FOLLOWER: accept PRE_VOTE from 90a60b70-6b91-4fb2-a612-7ac0b6911dfc: our priority 0 <= candidate's priority 0
2025-09-07 09:46:50,890 [grpc-default-executor-9] INFO  impl.VoteContext (VoteContext.java:log(49)) - e6e13cb3-e32b-4d2d-874a-1e4700c67398@group-9E511D2458D0-FOLLOWER: reject PRE_VOTE from 90a60b70-6b91-4fb2-a612-7ac0b6911dfc: our priority 1 > candidate's priority 0
2025-09-07 09:46:50,890 [grpc-default-executor-2] INFO  server.RaftServer$Division (RaftServerImpl.java:requestVote(1455)) - 7c7182dc-ac7f-44a8-b1d4-5d10f99cbcf2@group-9E511D2458D0 replies to PRE_VOTE vote request: 90a60b70-6b91-4fb2-a612-7ac0b6911dfc<-7c7182dc-ac7f-44a8-b1d4-5d10f99cbcf2#0:OK-t1-last:(t:1, i:0). Peer's state: 7c7182dc-ac7f-44a8-b1d4-5d10f99cbcf2@group-9E511D2458D0:t1, leader=null, voted=e6e13cb3-e32b-4d2d-874a-1e4700c67398, raftlog=Memoized:7c7182dc-ac7f-44a8-b1d4-5d10f99cbcf2@group-9E511D2458D0-SegmentedRaftLog:OPENED:c0:last(t:1, i:0), conf=conf: {index: 0, cur=peers:[90a60b70-6b91-4fb2-a612-7ac0b6911dfc|127.0.0.1:15047, e6e13cb3-e32b-4d2d-874a-1e4700c67398|127.0.0.1:15055, 7c7182dc-ac7f-44a8-b1d4-5d10f99cbcf2|127.0.0.1:15039]|listeners:[], old=null}
2025-09-07 09:46:50,890 [grpc-default-executor-9] INFO  server.RaftServer$Division (RaftServerImpl.java:requestVote(1455)) - e6e13cb3-e32b-4d2d-874a-1e4700c67398@group-9E511D2458D0 replies to PRE_VOTE vote request: 90a60b70-6b91-4fb2-a612-7ac0b6911dfc<-e6e13cb3-e32b-4d2d-874a-1e4700c67398#0:FAIL-t1-last:(t:1, i:0). Peer's state: e6e13cb3-e32b-4d2d-874a-1e4700c67398@group-9E511D2458D0:t1, leader=null, voted=e6e13cb3-e32b-4d2d-874a-1e4700c67398, raftlog=Memoized:e6e13cb3-e32b-4d2d-874a-1e4700c67398@group-9E511D2458D0-SegmentedRaftLog:OPENED:c0:last(t:1, i:0), conf=conf: {index: 0, cur=peers:[90a60b70-6b91-4fb2-a612-7ac0b6911dfc|127.0.0.1:15047, e6e13cb3-e32b-4d2d-874a-1e4700c67398|127.0.0.1:15055, 7c7182dc-ac7f-44a8-b1d4-5d10f99cbcf2|127.0.0.1:15039]|listeners:[], old=null}
2025-09-07 09:46:50,890 [90a60b70-6b91-4fb2-a612-7ac0b6911dfc@group-9E511D2458D0-LeaderElection270] INFO  impl.LeaderElection (LeaderElection.java:logAndReturn(206)) - 90a60b70-6b91-4fb2-a612-7ac0b6911dfc@group-9E511D2458D0-LeaderElection270: PRE_VOTE REJECTED received 2 response(s) and 0 exception(s):
2025-09-07 09:46:50,890 [90a60b70-6b91-4fb2-a612-7ac0b6911dfc@group-9E511D2458D0-LeaderElection270] INFO  impl.LeaderElection (LeaderElection.java:logAndReturn(210)) -   Response 0: 90a60b70-6b91-4fb2-a612-7ac0b6911dfc<-e6e13cb3-e32b-4d2d-874a-1e4700c67398#0:FAIL-t1-last:(t:1, i:0)
2025-09-07 09:46:50,890 [90a60b70-6b91-4fb2-a612-7ac0b6911dfc@group-9E511D2458D0-LeaderElection270] INFO  impl.LeaderElection (LeaderElection.java:logAndReturn(210)) -   Response 1: 90a60b70-6b91-4fb2-a612-7ac0b6911dfc<-7c7182dc-ac7f-44a8-b1d4-5d10f99cbcf2#0:OK-t1-last:(t:1, i:0)
2025-09-07 09:46:50,890 [90a60b70-6b91-4fb2-a612-7ac0b6911dfc@group-9E511D2458D0-LeaderElection270] INFO  impl.LeaderElection (LeaderElection.java:askForVotes(450)) - 90a60b70-6b91-4fb2-a612-7ac0b6911dfc@group-9E511D2458D0-LeaderElection270 PRE_VOTE round 0: result REJECTED
2025-09-07 09:46:50,890 [90a60b70-6b91-4fb2-a612-7ac0b6911dfc@group-9E511D2458D0-LeaderElection270] INFO  server.RaftServer$Division (RaftServerImpl.java:setRole(392)) - 90a60b70-6b91-4fb2-a612-7ac0b6911dfc@group-9E511D2458D0: changes role from CANDIDATE to FOLLOWER at term 1 for REJECTED
2025-09-07 09:46:50,890 [90a60b70-6b91-4fb2-a612-7ac0b6911dfc@group-9E511D2458D0-LeaderElection270] INFO  impl.RoleInfo (RoleInfo.java:shutdownLeaderElection(141)) - 90a60b70-6b91-4fb2-a612-7ac0b6911dfc: shutdown 90a60b70-6b91-4fb2-a612-7ac0b6911dfc@group-9E511D2458D0-LeaderElection270
2025-09-07 09:46:50,890 [90a60b70-6b91-4fb2-a612-7ac0b6911dfc@group-9E511D2458D0-LeaderElection270] INFO  impl.RoleInfo (RoleInfo.java:updateAndGet(148)) - 90a60b70-6b91-4fb2-a612-7ac0b6911dfc: start 90a60b70-6b91-4fb2-a612-7ac0b6911dfc@group-9E511D2458D0-FollowerState
2025-09-07 09:46:51,390 [ForkJoinPool-1-worker-1] INFO  utils.DatanodeStoreCache (DatanodeStoreCache.java:shutdownCache(110)) - Skip clearing cache in mini cluster mode. Entries left: [/home/runner/work/ozone/ozone/hadoop-ozone/integration-test/target/test-dir/MiniOzoneClusterImpl-023d5a78-e64c-43f3-a4d9-6f7884931d6c/ozone-metadata/datanode-1/data-0/hdds/023d5a78-e64c-43f3-a4d9-6f7884931d6c/DS-5fbd3f51-2257-4844-a78a-38b1b6d3b151/container.db, /home/runner/work/ozone/ozone/hadoop-ozone/integration-test/target/test-dir/MiniOzoneClusterImpl-023d5a78-e64c-43f3-a4d9-6f7884931d6c/ozone-metadata/datanode-10/data-0/hdds/023d5a78-e64c-43f3-a4d9-6f7884931d6c/DS-84c6fba7-595d-4177-8ffc-7588853120c4/container.db, /home/runner/work/ozone/ozone/hadoop-ozone/integration-test/target/test-dir/MiniOzoneClusterImpl-023d5a78-e64c-43f3-a4d9-6f7884931d6c/ozone-metadata/datanode-2/data-0/hdds/023d5a78-e64c-43f3-a4d9-6f7884931d6c/DS-bea88637-aed5-486c-a715-f30d7867fd4b/container.db, /home/runner/work/ozone/ozone/hadoop-ozone/integration-test/target/test-dir/MiniOzoneClusterImpl-023d5a78-e64c-43f3-a4d9-6f7884931d6c/ozone-metadata/datanode-3/data-0/hdds/023d5a78-e64c-43f3-a4d9-6f7884931d6c/DS-8f593202-9c4b-47bd-8b22-f98b2017cb5e/container.db, /home/runner/work/ozone/ozone/hadoop-ozone/integration-test/target/test-dir/MiniOzoneClusterImpl-023d5a78-e64c-43f3-a4d9-6f7884931d6c/ozone-metadata/datanode-4/data-0/hdds/023d5a78-e64c-43f3-a4d9-6f7884931d6c/DS-670d5789-61e1-408c-a8be-006216e53fc7/container.db, /home/runner/work/ozone/ozone/hadoop-ozone/integration-test/target/test-dir/MiniOzoneClusterImpl-023d5a78-e64c-43f3-a4d9-6f7884931d6c/ozone-metadata/datanode-5/data-0/hdds/023d5a78-e64c-43f3-a4d9-6f7884931d6c/DS-ba4d3214-2eca-4c53-96e2-3c88d4f4b29f/container.db, /home/runner/work/ozone/ozone/hadoop-ozone/integration-test/target/test-dir/MiniOzoneClusterImpl-023d5a78-e64c-43f3-a4d9-6f7884931d6c/ozone-metadata/datanode-6/data-0/hdds/023d5a78-e64c-43f3-a4d9-6f7884931d6c/DS-c5c95cee-9ff3-461a-9937-607d9784b933/container.db, /home/runner/work/ozone/ozone/hadoop-ozone/integration-test/target/test-dir/MiniOzoneClusterImpl-023d5a78-e64c-43f3-a4d9-6f7884931d6c/ozone-metadata/datanode-7/data-0/hdds/023d5a78-e64c-43f3-a4d9-6f7884931d6c/DS-7d6b5525-c31c-4cde-b529-f7d3e2c4ede0/container.db, /home/runner/work/ozone/ozone/hadoop-ozone/integration-test/target/test-dir/MiniOzoneClusterImpl-023d5a78-e64c-43f3-a4d9-6f7884931d6c/ozone-metadata/datanode-8/data-0/hdds/023d5a78-e64c-43f3-a4d9-6f7884931d6c/DS-28acb988-f0e1-4edb-963c-7151ad2f49d2/container.db, /home/runner/work/ozone/ozone/hadoop-ozone/integration-test/target/test-dir/MiniOzoneClusterImpl-023d5a78-e64c-43f3-a4d9-6f7884931d6c/ozone-metadata/datanode-9/data-0/hdds/023d5a78-e64c-43f3-a4d9-6f7884931d6c/DS-a111d4ad-79ac-4961-bf93-2799ac6eaee3/container.db]
2025-09-07 09:46:51,394 [ForkJoinPool-1-worker-1] INFO  utils.DatanodeStoreCache (DatanodeStoreCache.java:removeDB(104)) - Removed db /home/runner/work/ozone/ozone/hadoop-ozone/integration-test/target/test-dir/MiniOzoneClusterImpl-023d5a78-e64c-43f3-a4d9-6f7884931d6c/ozone-metadata/datanode-1/data-0/hdds/023d5a78-e64c-43f3-a4d9-6f7884931d6c/DS-5fbd3f51-2257-4844-a78a-38b1b6d3b151/container.db from cache
2025-09-07 09:46:51,394 [ForkJoinPool-1-worker-1] INFO  volume.HddsVolume (HddsVolume.java:closeDbStore(609)) - SchemaV3 db is stopped at /home/runner/work/ozone/ozone/hadoop-ozone/integration-test/target/test-dir/MiniOzoneClusterImpl-023d5a78-e64c-43f3-a4d9-6f7884931d6c/ozone-metadata/datanode-1/data-0/hdds/023d5a78-e64c-43f3-a4d9-6f7884931d6c/DS-5fbd3f51-2257-4844-a78a-38b1b6d3b151/container.db for volume DS-5fbd3f51-2257-4844-a78a-38b1b6d3b151
2025-09-07 09:46:51,394 [ForkJoinPool-1-worker-1] INFO  utils.BackgroundService (BackgroundService.java:shutdown(195)) - Shutting down service BlockDeletingService
2025-09-07 09:46:51,395 [ForkJoinPool-1-worker-1] INFO  utils.BackgroundService (BackgroundService.java:shutdown(195)) - Shutting down service StaleRecoveringContainerScrubbingService
2025-09-07 09:46:51,396 [ForkJoinPool-1-worker-1] INFO  statemachine.DatanodeStateMachine (DatanodeStateMachine.java:stopDaemon(637)) - Ozone container server stopped.
2025-09-07 09:46:51,411 [ForkJoinPool-1-worker-1] INFO  handler.ContextHandler (ContextHandler.java:doStop(1159)) - Stopped o.e.j.w.WebAppContext@461ef839{hddsDatanode,/,null,STOPPED}{jar:file:/home/runner/work/ozone/ozone/hadoop-hdds/container-service/target/hdds-container-service-2.1.0-SNAPSHOT.jar!/webapps/hddsDatanode}
2025-09-07 09:46:51,411 [ForkJoinPool-1-worker-1] INFO  server.AbstractConnector (AbstractConnector.java:doStop(383)) - Stopped ServerConnector@1b626f46{HTTP/1.1, (http/1.1)}{0.0.0.0:15010}
2025-09-07 09:46:51,412 [ForkJoinPool-1-worker-1] INFO  server.session (HouseKeeper.java:stopScavenging(149)) - node0 Stopped scavenging
2025-09-07 09:46:51,412 [ForkJoinPool-1-worker-1] INFO  handler.ContextHandler (ContextHandler.java:doStop(1159)) - Stopped o.e.j.s.ServletContextHandler@2c1405e4{static,/static,jar:file:/home/runner/work/ozone/ozone/hadoop-hdds/container-service/target/hdds-container-service-2.1.0-SNAPSHOT.jar!/webapps/static,STOPPED}
2025-09-07 09:46:51,412 [ForkJoinPool-1-worker-1] INFO  handler.ContextHandler (ContextHandler.java:doStop(1159)) - Stopped o.e.j.s.ServletContextHandler@23d0fd54{logs,/logs,file:///home/runner/work/ozone/ozone/hadoop-ozone/integration-test/target/log,STOPPED}
2025-09-07 09:46:51,413 [ForkJoinPool-1-worker-1] INFO  ozone.HddsDatanodeClientProtocolServer (HddsDatanodeClientProtocolServer.java:stop(82)) - Stopping the RPC server for Client Protocol
2025-09-07 09:46:51,413 [ForkJoinPool-1-worker-1] INFO  ipc.Server (Server.java:stop(3697)) - Stopping server on 15011
2025-09-07 09:46:51,415 [IPC Server Responder] INFO  ipc.Server (Server.java:run(1718)) - Stopping IPC Server Responder
2025-09-07 09:46:51,415 [IPC Server listener on 15011] INFO  ipc.Server (Server.java:run(1585)) - Stopping IPC Server listener on 15011
2025-09-07 09:46:51,425 [grpc-default-executor-2] WARN  server.GrpcLogAppender (GrpcLogAppender.java:lambda$resetClient$1(228)) - 95d41743-cdf0-4105-938b-93fe980aeffc@group-DDE89B3F2AFE->ff2509eb-55dd-4ad3-b532-83d6209e1a92-GrpcLogAppender: Follower failed (request=null, errorCount=17); keep nextIndex (24) unchanged and retry.
2025-09-07 09:46:51,427 [grpc-default-executor-9] WARN  server.GrpcLogAppender (GrpcLogAppender.java:lambda$resetClient$1(228)) - 95d41743-cdf0-4105-938b-93fe980aeffc@group-DDE89B3F2AFE->ff2509eb-55dd-4ad3-b532-83d6209e1a92-GrpcLogAppender: Follower failed (request=null, errorCount=19); keep nextIndex (25) unchanged and retry.
2025-09-07 09:46:51,429 [grpc-default-executor-2] WARN  server.GrpcLogAppender (GrpcLogAppender.java:lambda$resetClient$1(228)) - 95d41743-cdf0-4105-938b-93fe980aeffc@group-DDE89B3F2AFE->ff2509eb-55dd-4ad3-b532-83d6209e1a92-GrpcLogAppender: Follower failed (request=null, errorCount=21); keep nextIndex (27) unchanged and retry.
2025-09-07 09:46:51,434 [grpc-default-executor-6] WARN  server.GrpcLogAppender (GrpcLogAppender.java:lambda$resetClient$1(228)) - 95d41743-cdf0-4105-938b-93fe980aeffc@group-DDE89B3F2AFE->ff2509eb-55dd-4ad3-b532-83d6209e1a92-GrpcLogAppender: Follower failed (request=null, errorCount=23); keep nextIndex (28) unchanged and retry.
2025-09-07 09:46:51,435 [grpc-default-executor-9] WARN  server.GrpcLogAppender (GrpcLogAppender.java:lambda$resetClient$1(228)) - 95d41743-cdf0-4105-938b-93fe980aeffc@group-DDE89B3F2AFE->ff2509eb-55dd-4ad3-b532-83d6209e1a92-GrpcLogAppender: Follower failed (request=null, errorCount=25); keep nextIndex (29) unchanged and retry.
2025-09-07 09:46:51,440 [grpc-default-executor-8] WARN  server.GrpcLogAppender (GrpcLogAppender.java:lambda$resetClient$1(228)) - 95d41743-cdf0-4105-938b-93fe980aeffc@group-DDE89B3F2AFE->ff2509eb-55dd-4ad3-b532-83d6209e1a92-GrpcLogAppender: Follower failed (request=null, errorCount=27); keep nextIndex (30) unchanged and retry.
2025-09-07 09:46:51,441 [grpc-default-executor-11] WARN  server.GrpcLogAppender (GrpcLogAppender.java:lambda$resetClient$1(228)) - 95d41743-cdf0-4105-938b-93fe980aeffc@group-DDE89B3F2AFE->ff2509eb-55dd-4ad3-b532-83d6209e1a92-GrpcLogAppender: Follower failed (request=null, errorCount=29); keep nextIndex (31) unchanged and retry.
]]></system-out>
  </testcase>
  <testcase name="testDatanodeExclusionWithMajorityCommit(ReplicationLevel)[2]" classname="org.apache.hadoop.ozone.client.rpc.TestFailureHandlingByClient" time="8.541">
    <failure message="&#10;Expecting empty but was: [Pipeline-766115e5-0d59-4db5-b7b5-77dc33c8a8ca]" type="java.lang.AssertionError"><![CDATA[java.lang.AssertionError: 

Expecting empty but was: [Pipeline-766115e5-0d59-4db5-b7b5-77dc33c8a8ca]
	at org.apache.hadoop.ozone.client.rpc.TestFailureHandlingByClient.testDatanodeExclusionWithMajorityCommit(TestFailureHandlingByClient.java:474)
	at java.base/java.lang.reflect.Method.invoke(Method.java:580)
	at java.base/java.util.Optional.ifPresent(Optional.java:178)
	at java.base/java.util.stream.ForEachOps$ForEachOp$OfRef.accept(ForEachOps.java:184)
	at java.base/java.util.stream.ReferencePipeline$3$1.accept(ReferencePipeline.java:197)
	at java.base/java.util.stream.ForEachOps$ForEachOp$OfRef.accept(ForEachOps.java:184)
	at java.base/java.util.stream.ForEachOps$ForEachOp$OfRef.accept(ForEachOps.java:184)
	at java.base/java.util.stream.ReferencePipeline$3$1.accept(ReferencePipeline.java:197)
	at java.base/java.util.Iterator.forEachRemaining(Iterator.java:133)
	at java.base/java.util.Spliterators$IteratorSpliterator.forEachRemaining(Spliterators.java:1939)
	at java.base/java.util.stream.AbstractPipeline.copyInto(AbstractPipeline.java:509)
	at java.base/java.util.stream.AbstractPipeline.wrapAndCopyInto(AbstractPipeline.java:499)
	at java.base/java.util.stream.ForEachOps$ForEachOp.evaluateSequential(ForEachOps.java:151)
	at java.base/java.util.stream.ForEachOps$ForEachOp$OfRef.evaluateSequential(ForEachOps.java:174)
	at java.base/java.util.stream.AbstractPipeline.evaluate(AbstractPipeline.java:234)
	at java.base/java.util.stream.ReferencePipeline.forEach(ReferencePipeline.java:596)
	at java.base/java.util.stream.ReferencePipeline$7$1.accept(ReferencePipeline.java:276)
	at java.base/java.util.ArrayList$ArrayListSpliterator.forEachRemaining(ArrayList.java:1708)
	at java.base/java.util.stream.AbstractPipeline.copyInto(AbstractPipeline.java:509)
	at java.base/java.util.stream.AbstractPipeline.wrapAndCopyInto(AbstractPipeline.java:499)
	at java.base/java.util.stream.ForEachOps$ForEachOp.evaluateSequential(ForEachOps.java:151)
	at java.base/java.util.stream.ForEachOps$ForEachOp$OfRef.evaluateSequential(ForEachOps.java:174)
	at java.base/java.util.stream.AbstractPipeline.evaluate(AbstractPipeline.java:234)
	at java.base/java.util.stream.ReferencePipeline.forEach(ReferencePipeline.java:596)
	at java.base/java.util.stream.ReferencePipeline$7$1.accept(ReferencePipeline.java:276)
	at java.base/java.util.stream.ReferencePipeline$3$1.accept(ReferencePipeline.java:197)
	at java.base/java.util.stream.ReferencePipeline$3$1.accept(ReferencePipeline.java:197)
	at java.base/java.util.stream.ReferencePipeline$3$1.accept(ReferencePipeline.java:197)
	at java.base/java.util.ArrayList$ArrayListSpliterator.forEachRemaining(ArrayList.java:1708)
	at java.base/java.util.stream.AbstractPipeline.copyInto(AbstractPipeline.java:509)
	at java.base/java.util.stream.AbstractPipeline.wrapAndCopyInto(AbstractPipeline.java:499)
	at java.base/java.util.stream.ForEachOps$ForEachOp.evaluateSequential(ForEachOps.java:151)
	at java.base/java.util.stream.ForEachOps$ForEachOp$OfRef.evaluateSequential(ForEachOps.java:174)
	at java.base/java.util.stream.AbstractPipeline.evaluate(AbstractPipeline.java:234)
	at java.base/java.util.stream.ReferencePipeline.forEach(ReferencePipeline.java:596)
	at java.base/java.util.concurrent.ForkJoinTask.doExec(ForkJoinTask.java:387)
	at java.base/java.util.concurrent.ForkJoinPool$WorkQueue.topLevelExec(ForkJoinPool.java:1312)
	at java.base/java.util.concurrent.ForkJoinPool.scan(ForkJoinPool.java:1843)
	at java.base/java.util.concurrent.ForkJoinPool.runWorker(ForkJoinPool.java:1808)
	at java.base/java.util.concurrent.ForkJoinWorkerThread.run(ForkJoinWorkerThread.java:188)
]]></failure>
    <system-out><![CDATA[2025-09-07 09:46:51,507 [ForkJoinPool-1-worker-1] INFO  impl.MetricsSystemImpl (MetricsSystemImpl.java:init(158)) - HddsDatanode metrics system started (again)
2025-09-07 09:46:51,528 [ForkJoinPool-1-worker-1] INFO  ozone.HddsDatanodeService (HddsDatanodeService.java:start(236)) - HddsDatanodeService ff2509eb-55dd-4ad3-b532-83d6209e1a92(localhost/127.0.0.1)
2025-09-07 09:46:51,529 [ForkJoinPool-1-worker-1] INFO  upgrade.AbstractLayoutVersionManager (AbstractLayoutVersionManager.java:init(80)) - Initializing Layout version manager with metadata layout = WITNESSED_CONTAINER_DB_PROTO_VALUE (version = 9), software layout = WITNESSED_CONTAINER_DB_PROTO_VALUE (version = 9)
2025-09-07 09:46:51,529 [ForkJoinPool-1-worker-1] INFO  statemachine.DatanodeStateMachine (DatanodeStateMachine.java:getEndPointTaskThreadPoolSize(305)) - Datanode State Machine Task Thread Pool size 2
2025-09-07 09:46:51,532 [ForkJoinPool-1-worker-1] INFO  volume.HddsVolume (HddsVolume.java:<init>(162)) - HddsVolume: { id=DS-5fbd3f51-2257-4844-a78a-38b1b6d3b151 dir=/home/runner/work/ozone/ozone/hadoop-ozone/integration-test/target/test-dir/MiniOzoneClusterImpl-023d5a78-e64c-43f3-a4d9-6f7884931d6c/ozone-metadata/datanode-1/data-0/hdds type=DISK capacity=9222449699674390527 used=0 available=9222449699674390527 minFree=9222450130714624 committed=0 }
2025-09-07 09:46:51,532 [ForkJoinPool-1-worker-1] INFO  volume.MutableVolumeSet (MutableVolumeSet.java:initializeVolumeSet(175)) - Added Volume : /home/runner/work/ozone/ozone/hadoop-ozone/integration-test/target/test-dir/MiniOzoneClusterImpl-023d5a78-e64c-43f3-a4d9-6f7884931d6c/ozone-metadata/datanode-1/data-0/hdds to VolumeSet
2025-09-07 09:46:51,533 [ForkJoinPool-1-worker-1] INFO  volume.MutableVolumeSet (MutableVolumeSet.java:initializeVolumeSet(175)) - Added Volume : /home/runner/work/ozone/ozone/hadoop-ozone/integration-test/target/test-dir/MiniOzoneClusterImpl-023d5a78-e64c-43f3-a4d9-6f7884931d6c/ozone-metadata/datanode-1/ratis to VolumeSet
2025-09-07 09:46:51,551 [ForkJoinPool.commonPool-worker-3] INFO  utils.DatanodeStoreCache (DatanodeStoreCache.java:addDB(70)) - Added db /home/runner/work/ozone/ozone/hadoop-ozone/integration-test/target/test-dir/MiniOzoneClusterImpl-023d5a78-e64c-43f3-a4d9-6f7884931d6c/ozone-metadata/datanode-1/data-0/hdds/023d5a78-e64c-43f3-a4d9-6f7884931d6c/DS-5fbd3f51-2257-4844-a78a-38b1b6d3b151/container.db to cache
2025-09-07 09:46:51,551 [ForkJoinPool.commonPool-worker-3] INFO  volume.HddsVolume (HddsVolume.java:loadDbStore(517)) - SchemaV3 db is loaded at /home/runner/work/ozone/ozone/hadoop-ozone/integration-test/target/test-dir/MiniOzoneClusterImpl-023d5a78-e64c-43f3-a4d9-6f7884931d6c/ozone-metadata/datanode-1/data-0/hdds/023d5a78-e64c-43f3-a4d9-6f7884931d6c/DS-5fbd3f51-2257-4844-a78a-38b1b6d3b151/container.db for volume DS-5fbd3f51-2257-4844-a78a-38b1b6d3b151
2025-09-07 09:46:51,551 [ForkJoinPool-1-worker-1] INFO  ozoneimpl.OzoneContainer (HddsVolumeUtil.java:loadAllHddsVolumeDbStore(102)) - Load 1 volumes DbStore cost: 18ms
2025-09-07 09:46:51,552 [ForkJoinPool-1-worker-1] WARN  db.DBStoreBuilder (DBStoreBuilder.java:getDBDirPath(158)) - ozone.scm.datanode.id.dir is not configured. We recommend adding this setting. Falling back to ozone.metadata.dirs instead.
2025-09-07 09:46:51,553 [ForkJoinPool-1-worker-1] WARN  db.DBStoreBuilder (DBStoreBuilder.java:getDBDirPath(158)) - ozone.scm.datanode.id.dir is not configured. We recommend adding this setting. Falling back to ozone.metadata.dirs instead.
2025-09-07 09:46:51,565 [ForkJoinPool-1-worker-1] INFO  impl.FilePerChunkStrategy (FilePerChunkStrategy.java:<init>(79)) - ozone.chunk.read.mapped.buffer.max.count is load with 0
2025-09-07 09:46:51,565 [ForkJoinPool-1-worker-1] INFO  impl.FilePerBlockStrategy (FilePerBlockStrategy.java:<init>(88)) - ozone.chunk.read.mapped.buffer.max.count is load with 0
2025-09-07 09:46:51,566 [ForkJoinPool-1-worker-1] INFO  server.RaftServerConfigKeys (ConfUtils.java:logGet(62)) - raft.server.log.appender.buffer.byte-limit = 33554432 (custom)
2025-09-07 09:46:51,567 [ForkJoinPool-1-worker-1] INFO  grpc.GrpcConfigKeys (ConfUtils.java:logFallback(69)) - raft.grpc.admin.host = null (fallback to raft.grpc.server.host)
2025-09-07 09:46:51,567 [ForkJoinPool-1-worker-1] INFO  grpc.GrpcConfigKeys (ConfUtils.java:logGet(62)) - raft.grpc.admin.port = 15014 (custom)
2025-09-07 09:46:51,567 [ForkJoinPool-1-worker-1] INFO  grpc.GrpcConfigKeys (ConfUtils.java:logFallback(69)) - raft.grpc.client.host = null (fallback to raft.grpc.server.host)
2025-09-07 09:46:51,567 [ForkJoinPool-1-worker-1] INFO  grpc.GrpcConfigKeys (ConfUtils.java:logGet(62)) - raft.grpc.client.port = 15013 (custom)
2025-09-07 09:46:51,568 [ForkJoinPool-1-worker-1] INFO  grpc.GrpcConfigKeys (ConfUtils.java:logGet(62)) - raft.grpc.server.port = 15015 (custom)
2025-09-07 09:46:51,568 [ForkJoinPool-1-worker-1] INFO  server.GrpcServicesImpl (ConfUtils.java:logGet(62)) - raft.grpc.message.size.max = 34603008 (custom)
2025-09-07 09:46:51,568 [ForkJoinPool-1-worker-1] INFO  server.GrpcServicesImpl (ConfUtils.java:logGet(62)) - raft.grpc.flow.control.window = 5MB (=5242880) (custom)
2025-09-07 09:46:51,568 [ForkJoinPool-1-worker-1] INFO  server.RaftServerConfigKeys (ConfUtils.java:logGet(62)) - raft.server.log.appender.buffer.byte-limit = 33554432 (custom)
2025-09-07 09:46:51,569 [ForkJoinPool-1-worker-1] INFO  netty.NettyUtils (NettyUtils.java:newEventLoopGroup(74)) - Create EpollEventLoopGroup for ff2509eb-55dd-4ad3-b532-83d6209e1a92-NettyServerStreamRpc-bossGroup; Thread size is 0.
2025-09-07 09:46:51,570 [ForkJoinPool-1-worker-1] INFO  netty.NettyUtils (NettyUtils.java:newEventLoopGroup(74)) - Create EpollEventLoopGroup for ff2509eb-55dd-4ad3-b532-83d6209e1a92-NettyServerStreamRpc-workerGroup; Thread size is 0.
2025-09-07 09:46:51,570 [ForkJoinPool-1-worker-1] INFO  netty.NettyConfigKeys$DataStream (ConfUtils.java:logGet(62)) - raft.netty.dataStream.port = 15016 (custom)
2025-09-07 09:46:51,571 [ForkJoinPool-1-worker-1] INFO  server.RaftServerConfigKeys (ConfUtils.java:logGet(62)) - raft.server.storage.dir = [/home/runner/work/ozone/ozone/hadoop-ozone/integration-test/target/test-dir/MiniOzoneClusterImpl-023d5a78-e64c-43f3-a4d9-6f7884931d6c/ozone-metadata/datanode-1/ratis] (custom)
2025-09-07 09:46:51,571 [ff2509eb-55dd-4ad3-b532-83d6209e1a92-NettyServerStreamRpc-bossGroup--thread1] INFO  logging.LoggingHandler (AbstractInternalLogger.java:log(148)) - [id: 0x5e603a75] REGISTERED
2025-09-07 09:46:51,571 [ff2509eb-55dd-4ad3-b532-83d6209e1a92-NettyServerStreamRpc-bossGroup--thread1] INFO  logging.LoggingHandler (AbstractInternalLogger.java:log(148)) - [id: 0x5e603a75] BIND: 0.0.0.0/0.0.0.0:15016
2025-09-07 09:46:51,572 [ff2509eb-55dd-4ad3-b532-83d6209e1a92-impl-thread1] INFO  server.RaftServer (RaftServerProxy.java:initGroupDir(270)) - ff2509eb-55dd-4ad3-b532-83d6209e1a92: found a subdirectory /home/runner/work/ozone/ozone/hadoop-ozone/integration-test/target/test-dir/MiniOzoneClusterImpl-023d5a78-e64c-43f3-a4d9-6f7884931d6c/ozone-metadata/datanode-1/ratis/766115e5-0d59-4db5-b7b5-77dc33c8a8ca
2025-09-07 09:46:51,572 [ff2509eb-55dd-4ad3-b532-83d6209e1a92-NettyServerStreamRpc-bossGroup--thread1] INFO  logging.LoggingHandler (AbstractInternalLogger.java:log(148)) - [id: 0x5e603a75, L:/0.0.0.0:15016] ACTIVE
2025-09-07 09:46:51,573 [ff2509eb-55dd-4ad3-b532-83d6209e1a92-impl-thread1] INFO  server.RaftServer (RaftServerProxy.java:addNew(105)) - ff2509eb-55dd-4ad3-b532-83d6209e1a92: addNew group-77DC33C8A8CA:[] returns group-77DC33C8A8CA:java.util.concurrent.CompletableFuture@41a2a786[Not completed]
2025-09-07 09:46:51,573 [ff2509eb-55dd-4ad3-b532-83d6209e1a92-impl-thread1] INFO  server.RaftServer (RaftServerProxy.java:initGroupDir(270)) - ff2509eb-55dd-4ad3-b532-83d6209e1a92: found a subdirectory /home/runner/work/ozone/ozone/hadoop-ozone/integration-test/target/test-dir/MiniOzoneClusterImpl-023d5a78-e64c-43f3-a4d9-6f7884931d6c/ozone-metadata/datanode-1/ratis/3adef986-442f-409a-a79f-dde89b3f2afe
2025-09-07 09:46:51,573 [ff2509eb-55dd-4ad3-b532-83d6209e1a92-impl-thread1] INFO  server.RaftServer (RaftServerProxy.java:addNew(105)) - ff2509eb-55dd-4ad3-b532-83d6209e1a92: addNew group-DDE89B3F2AFE:[] returns group-DDE89B3F2AFE:java.util.concurrent.CompletableFuture@da615d6[Not completed]
2025-09-07 09:46:51,573 [ff2509eb-55dd-4ad3-b532-83d6209e1a92-impl-thread1] INFO  server.RaftServer (RaftServerProxy.java:initGroupDir(270)) - ff2509eb-55dd-4ad3-b532-83d6209e1a92: found a subdirectory /home/runner/work/ozone/ozone/hadoop-ozone/integration-test/target/test-dir/MiniOzoneClusterImpl-023d5a78-e64c-43f3-a4d9-6f7884931d6c/ozone-metadata/datanode-1/ratis/tmp
2025-09-07 09:46:51,573 [ff2509eb-55dd-4ad3-b532-83d6209e1a92-impl-thread1] INFO  server.RaftServer (RaftServerProxy.java:initGroupDir(275)) - ff2509eb-55dd-4ad3-b532-83d6209e1a92: The directory /home/runner/work/ozone/ozone/hadoop-ozone/integration-test/target/test-dir/MiniOzoneClusterImpl-023d5a78-e64c-43f3-a4d9-6f7884931d6c/ozone-metadata/datanode-1/ratis/tmp is not a group directory; ignoring it. 
2025-09-07 09:46:51,573 [ff2509eb-55dd-4ad3-b532-83d6209e1a92-impl-thread1] INFO  server.RaftServer (RaftServerProxy.java:initGroupDir(270)) - ff2509eb-55dd-4ad3-b532-83d6209e1a92: found a subdirectory /home/runner/work/ozone/ozone/hadoop-ozone/integration-test/target/test-dir/MiniOzoneClusterImpl-023d5a78-e64c-43f3-a4d9-6f7884931d6c/ozone-metadata/datanode-1/ratis/84ca9d0f-7cf9-4c2b-a636-8f87d7c2bfc6
2025-09-07 09:46:51,573 [ff2509eb-55dd-4ad3-b532-83d6209e1a92-impl-thread1] INFO  server.RaftServer (RaftServerProxy.java:addNew(105)) - ff2509eb-55dd-4ad3-b532-83d6209e1a92: addNew group-8F87D7C2BFC6:[] returns group-8F87D7C2BFC6:java.util.concurrent.CompletableFuture@7029a39a[Not completed]
2025-09-07 09:46:51,573 [ForkJoinPool-1-worker-1] INFO  replication.ReplicationServer (ReplicationServer.java:<init>(84)) - Initializing replication server with thread count = 10 queue length = 4096
2025-09-07 09:46:51,574 [ForkJoinPool-1-worker-1] INFO  server.XceiverServerGrpc (XceiverServerGrpc.java:<init>(130)) - GrpcServer channel type EpollServerSocketChannel
2025-09-07 09:46:51,575 [ff2509eb-55dd-4ad3-b532-83d6209e1a92-groupManagement] INFO  server.RaftServer$Division (RaftServerImpl.java:<init>(268)) - ff2509eb-55dd-4ad3-b532-83d6209e1a92: new RaftServerImpl for group-77DC33C8A8CA:[] with ContainerStateMachine:uninitialized
2025-09-07 09:46:51,575 [ff2509eb-55dd-4ad3-b532-83d6209e1a92-groupManagement] INFO  server.RaftServer$Division (ServerState.java:<init>(114)) - ff2509eb-55dd-4ad3-b532-83d6209e1a92@group-77DC33C8A8CA: ConfigurationManager, init=conf: {index: -1, cur=peers:[]|listeners:[], old=null}, confs=<EMPTY_MAP>
2025-09-07 09:46:51,576 [ForkJoinPool-1-worker-1] INFO  replication.ReplicationSupervisor (ReplicationSupervisor.java:build(169)) - Initializing replication supervisor with thread count = 10
2025-09-07 09:46:51,576 [ForkJoinPool-1-worker-1] INFO  replication.ReplicationSupervisor (ReplicationSupervisor.java:nodeStateUpdated(358)) - Node state updated to IN_SERVICE, scaling executor pool size to 10
2025-09-07 09:46:51,580 [ForkJoinPool-1-worker-1] INFO  http.BaseHttpServer (BaseHttpServer.java:newHttpServer2BuilderForOzone(227)) - Starting Web-server for hddsDatanode at: http://0.0.0.0:15010
2025-09-07 09:46:51,580 [ForkJoinPool-1-worker-1] INFO  http.BaseHttpServer (BaseHttpServer.java:<init>(105)) - Hadoop Security Enabled: false Ozone Security Enabled: false Ozone HTTP Security Enabled: false 
2025-09-07 09:46:51,582 [ForkJoinPool-1-worker-1] WARN  server.AuthenticationFilter (AuthenticationFilter.java:constructSecretProvider(240)) - Unable to initialize FileSignerSecretProvider, falling back to use random secrets. Reason: Could not read signature secret file: /home/runner/hadoop-http-auth-signature-secret
2025-09-07 09:46:51,583 [ff2509eb-55dd-4ad3-b532-83d6209e1a92-groupManagement] INFO  server.RaftServer$Division (RaftServerImpl.java:<init>(268)) - ff2509eb-55dd-4ad3-b532-83d6209e1a92: new RaftServerImpl for group-DDE89B3F2AFE:[] with ContainerStateMachine:uninitialized
2025-09-07 09:46:51,583 [ff2509eb-55dd-4ad3-b532-83d6209e1a92-groupManagement] INFO  server.RaftServer$Division (ServerState.java:<init>(114)) - ff2509eb-55dd-4ad3-b532-83d6209e1a92@group-DDE89B3F2AFE: ConfigurationManager, init=conf: {index: -1, cur=peers:[]|listeners:[], old=null}, confs=<EMPTY_MAP>
2025-09-07 09:46:51,586 [ForkJoinPool-1-worker-1] INFO  http.HttpServer2 (HttpServer2.java:addGlobalFilter(1041)) - Added global filter 'safety' (class=org.apache.hadoop.hdds.server.http.HttpServer2$QuotingInputFilter)
2025-09-07 09:46:51,587 [ForkJoinPool-1-worker-1] INFO  http.HttpServer2 (HttpServer2.java:addFilter(1017)) - Added filter static_user_filter (class=org.apache.hadoop.http.lib.StaticUserWebFilter$StaticUserFilter) to context hddsDatanode
2025-09-07 09:46:51,587 [ForkJoinPool-1-worker-1] INFO  http.HttpServer2 (HttpServer2.java:addFilter(1025)) - Added filter static_user_filter (class=org.apache.hadoop.http.lib.StaticUserWebFilter$StaticUserFilter) to context static
2025-09-07 09:46:51,587 [ForkJoinPool-1-worker-1] INFO  http.HttpServer2 (HttpServer2.java:addFilter(1025)) - Added filter static_user_filter (class=org.apache.hadoop.http.lib.StaticUserWebFilter$StaticUserFilter) to context logs
2025-09-07 09:46:51,588 [ForkJoinPool-1-worker-1] INFO  http.BaseHttpServer (BaseHttpServer.java:<init>(193)) - HTTP server of hddsDatanode uses base directory /home/runner/work/ozone/ozone/hadoop-ozone/integration-test/target/test-dir/MiniOzoneClusterImpl-023d5a78-e64c-43f3-a4d9-6f7884931d6c/scm/ozone-metadata/webserver
2025-09-07 09:46:51,588 [ForkJoinPool-1-worker-1] INFO  http.HttpServer2 (HttpServer2.java:bindListener(1241)) - Jetty bound to port 15010
2025-09-07 09:46:51,588 [ForkJoinPool-1-worker-1] INFO  server.Server (Server.java:doStart(375)) - jetty-9.4.58.v20250814; built: 2025-08-14T02:28:49.637Z; git: 8f1440587e9e4ae7db3d74cf205643f3d707148d; jvm 21.0.8+9-LTS
2025-09-07 09:46:51,590 [ff2509eb-55dd-4ad3-b532-83d6209e1a92-groupManagement] INFO  server.RaftServer$Division (RaftServerImpl.java:<init>(268)) - ff2509eb-55dd-4ad3-b532-83d6209e1a92: new RaftServerImpl for group-8F87D7C2BFC6:[] with ContainerStateMachine:uninitialized
2025-09-07 09:46:51,590 [ff2509eb-55dd-4ad3-b532-83d6209e1a92-groupManagement] INFO  server.RaftServer$Division (ServerState.java:<init>(114)) - ff2509eb-55dd-4ad3-b532-83d6209e1a92@group-8F87D7C2BFC6: ConfigurationManager, init=conf: {index: -1, cur=peers:[]|listeners:[], old=null}, confs=<EMPTY_MAP>
2025-09-07 09:46:51,593 [ForkJoinPool-1-worker-1] INFO  server.session (DefaultSessionIdManager.java:doStart(334)) - DefaultSessionIdManager workerName=node0
2025-09-07 09:46:51,593 [ForkJoinPool-1-worker-1] INFO  server.session (DefaultSessionIdManager.java:doStart(339)) - No SessionScavenger set, using defaults
2025-09-07 09:46:51,594 [ForkJoinPool-1-worker-1] INFO  server.session (HouseKeeper.java:startScavenging(132)) - node0 Scavenging every 660000ms
2025-09-07 09:46:51,595 [ForkJoinPool-1-worker-1] INFO  handler.ContextHandler (ContextHandler.java:doStart(921)) - Started o.e.j.s.ServletContextHandler@585f50a{logs,/logs,file:///home/runner/work/ozone/ozone/hadoop-ozone/integration-test/target/log,AVAILABLE}
2025-09-07 09:46:51,596 [ForkJoinPool-1-worker-1] INFO  handler.ContextHandler (ContextHandler.java:doStart(921)) - Started o.e.j.s.ServletContextHandler@1431ed7a{static,/static,jar:file:/home/runner/work/ozone/ozone/hadoop-hdds/container-service/target/hdds-container-service-2.1.0-SNAPSHOT.jar!/webapps/static,AVAILABLE}
2025-09-07 09:46:51,708 [e6e13cb3-e32b-4d2d-874a-1e4700c67398@group-9E511D2458D0-FollowerState] INFO  impl.FollowerState (FollowerState.java:runImpl(161)) - e6e13cb3-e32b-4d2d-874a-1e4700c67398@group-9E511D2458D0-FollowerState: change to CANDIDATE, lastRpcElapsedTime:1038256798ns, electionTimeout:1038ms
2025-09-07 09:46:51,708 [e6e13cb3-e32b-4d2d-874a-1e4700c67398@group-9E511D2458D0-FollowerState] INFO  impl.RoleInfo (RoleInfo.java:shutdownFollowerState(121)) - e6e13cb3-e32b-4d2d-874a-1e4700c67398: shutdown e6e13cb3-e32b-4d2d-874a-1e4700c67398@group-9E511D2458D0-FollowerState
2025-09-07 09:46:51,708 [e6e13cb3-e32b-4d2d-874a-1e4700c67398@group-9E511D2458D0-FollowerState] INFO  server.RaftServer$Division (RaftServerImpl.java:setRole(392)) - e6e13cb3-e32b-4d2d-874a-1e4700c67398@group-9E511D2458D0: changes role from  FOLLOWER to CANDIDATE at term 1 for changeToCandidate
2025-09-07 09:46:51,708 [e6e13cb3-e32b-4d2d-874a-1e4700c67398@group-9E511D2458D0-FollowerState] INFO  impl.RoleInfo (RoleInfo.java:updateAndGet(148)) - e6e13cb3-e32b-4d2d-874a-1e4700c67398: start e6e13cb3-e32b-4d2d-874a-1e4700c67398@group-9E511D2458D0-LeaderElection271
2025-09-07 09:46:51,709 [e6e13cb3-e32b-4d2d-874a-1e4700c67398@group-9E511D2458D0-LeaderElection271] INFO  impl.LeaderElection (LeaderElection.java:askForVotes(448)) - e6e13cb3-e32b-4d2d-874a-1e4700c67398@group-9E511D2458D0-LeaderElection271 PRE_VOTE round 0: submit vote requests at term 1 for conf: {index: 0, cur=peers:[90a60b70-6b91-4fb2-a612-7ac0b6911dfc|127.0.0.1:15047, e6e13cb3-e32b-4d2d-874a-1e4700c67398|127.0.0.1:15055, 7c7182dc-ac7f-44a8-b1d4-5d10f99cbcf2|127.0.0.1:15039]|listeners:[], old=null}
2025-09-07 09:46:51,709 [e6e13cb3-e32b-4d2d-874a-1e4700c67398@group-9E511D2458D0-LeaderElection271] INFO  impl.LeaderElection (LogUtils.java:infoOrTrace(142)) - e6e13cb3-e32b-4d2d-874a-1e4700c67398@group-9E511D2458D0-LeaderElection271 got exception when requesting votes: java.util.concurrent.ExecutionException: org.apache.ratis.thirdparty.io.grpc.StatusRuntimeException: UNAVAILABLE: io exception
2025-09-07 09:46:51,709 [e6e13cb3-e32b-4d2d-874a-1e4700c67398@group-9E511D2458D0-LeaderElection271] INFO  impl.LeaderElection (LogUtils.java:infoOrTrace(142)) - e6e13cb3-e32b-4d2d-874a-1e4700c67398@group-9E511D2458D0-LeaderElection271 got exception when requesting votes: java.util.concurrent.ExecutionException: org.apache.ratis.thirdparty.io.grpc.StatusRuntimeException: UNAVAILABLE: io exception
2025-09-07 09:46:51,709 [e6e13cb3-e32b-4d2d-874a-1e4700c67398@group-9E511D2458D0-LeaderElection271] INFO  impl.LeaderElection (LeaderElection.java:logAndReturn(206)) - e6e13cb3-e32b-4d2d-874a-1e4700c67398@group-9E511D2458D0-LeaderElection271: PRE_VOTE REJECTED received 0 response(s) and 2 exception(s):
2025-09-07 09:46:51,709 [e6e13cb3-e32b-4d2d-874a-1e4700c67398@group-9E511D2458D0-LeaderElection271] INFO  impl.LeaderElection (LogUtils.java:infoOrTrace(142)) -   Exception 0: java.util.concurrent.ExecutionException: org.apache.ratis.thirdparty.io.grpc.StatusRuntimeException: UNAVAILABLE: io exception
2025-09-07 09:46:51,710 [e6e13cb3-e32b-4d2d-874a-1e4700c67398@group-9E511D2458D0-LeaderElection271] INFO  impl.LeaderElection (LogUtils.java:infoOrTrace(142)) -   Exception 1: java.util.concurrent.ExecutionException: org.apache.ratis.thirdparty.io.grpc.StatusRuntimeException: UNAVAILABLE: io exception
2025-09-07 09:46:51,710 [e6e13cb3-e32b-4d2d-874a-1e4700c67398@group-9E511D2458D0-LeaderElection271] INFO  impl.LeaderElection (LeaderElection.java:askForVotes(450)) - e6e13cb3-e32b-4d2d-874a-1e4700c67398@group-9E511D2458D0-LeaderElection271 PRE_VOTE round 0: result REJECTED
2025-09-07 09:46:51,710 [e6e13cb3-e32b-4d2d-874a-1e4700c67398@group-9E511D2458D0-LeaderElection271] INFO  server.RaftServer$Division (RaftServerImpl.java:setRole(392)) - e6e13cb3-e32b-4d2d-874a-1e4700c67398@group-9E511D2458D0: changes role from CANDIDATE to FOLLOWER at term 1 for REJECTED
2025-09-07 09:46:51,710 [e6e13cb3-e32b-4d2d-874a-1e4700c67398@group-9E511D2458D0-LeaderElection271] INFO  impl.RoleInfo (RoleInfo.java:shutdownLeaderElection(141)) - e6e13cb3-e32b-4d2d-874a-1e4700c67398: shutdown e6e13cb3-e32b-4d2d-874a-1e4700c67398@group-9E511D2458D0-LeaderElection271
2025-09-07 09:46:51,710 [e6e13cb3-e32b-4d2d-874a-1e4700c67398@group-9E511D2458D0-LeaderElection271] INFO  impl.RoleInfo (RoleInfo.java:updateAndGet(148)) - e6e13cb3-e32b-4d2d-874a-1e4700c67398: start e6e13cb3-e32b-4d2d-874a-1e4700c67398@group-9E511D2458D0-FollowerState
2025-09-07 09:46:51,740 [ForkJoinPool-1-worker-1] INFO  handler.ContextHandler (ContextHandler.java:doStart(921)) - Started o.e.j.w.WebAppContext@39e2519c{hddsDatanode,/,file:///home/runner/work/ozone/ozone/hadoop-ozone/integration-test/target/test-dir/MiniOzoneClusterImpl-023d5a78-e64c-43f3-a4d9-6f7884931d6c/scm/ozone-metadata/webserver/jetty-0_0_0_0-15010-hdds-container-service-2_1_0-SNAPSHOT_jar-_-any-5546168852898797998/webapp/,AVAILABLE}{jar:file:/home/runner/work/ozone/ozone/hadoop-hdds/container-service/target/hdds-container-service-2.1.0-SNAPSHOT.jar!/webapps/hddsDatanode}
2025-09-07 09:46:51,740 [ForkJoinPool-1-worker-1] INFO  server.AbstractConnector (AbstractConnector.java:doStart(333)) - Started ServerConnector@6377b522{HTTP/1.1, (http/1.1)}{0.0.0.0:15010}
2025-09-07 09:46:51,740 [ForkJoinPool-1-worker-1] INFO  server.Server (Server.java:doStart(415)) - Started @182486ms
2025-09-07 09:46:51,740 [ForkJoinPool-1-worker-1] WARN  impl.MetricsSystemImpl (MetricsSystemImpl.java:register(279)) - Sink prometheus already exists!
2025-09-07 09:46:51,741 [ForkJoinPool-1-worker-1] INFO  http.BaseHttpServer (BaseHttpServer.java:updateConnectorAddress(357)) - HTTP server of hddsDatanode listening at http://localhost:15010
2025-09-07 09:46:51,741 [ForkJoinPool-1-worker-1] INFO  ipc.CallQueueManager (CallQueueManager.java:<init>(93)) - Using callQueue: class java.util.concurrent.LinkedBlockingQueue, queueCapacity: 1000, scheduler: class org.apache.hadoop.ipc.DefaultRpcScheduler, ipcBackoff: false, ipcFailOver: false.
2025-09-07 09:46:51,741 [ForkJoinPool-1-worker-1] INFO  ipc.Server (Server.java:<init>(1438)) - Listener at 0.0.0.0:15011
2025-09-07 09:46:51,742 [Socket Reader #1 for port 15011] INFO  ipc.Server (Server.java:run(1474)) - Starting Socket Reader #1 for port 15011
2025-09-07 09:46:51,742 [Socket Reader #2 for port 15011] INFO  ipc.Server (Server.java:run(1474)) - Starting Socket Reader #2 for port 15011
2025-09-07 09:46:51,742 [Socket Reader #3 for port 15011] INFO  ipc.Server (Server.java:run(1474)) - Starting Socket Reader #3 for port 15011
2025-09-07 09:46:51,742 [Socket Reader #4 for port 15011] INFO  ipc.Server (Server.java:run(1474)) - Starting Socket Reader #4 for port 15011
2025-09-07 09:46:51,742 [Socket Reader #5 for port 15011] INFO  ipc.Server (Server.java:run(1474)) - Starting Socket Reader #5 for port 15011
2025-09-07 09:46:51,742 [Socket Reader #6 for port 15011] INFO  ipc.Server (Server.java:run(1474)) - Starting Socket Reader #6 for port 15011
2025-09-07 09:46:51,742 [Socket Reader #7 for port 15011] INFO  ipc.Server (Server.java:run(1474)) - Starting Socket Reader #7 for port 15011
2025-09-07 09:46:51,743 [Socket Reader #8 for port 15011] INFO  ipc.Server (Server.java:run(1474)) - Starting Socket Reader #8 for port 15011
2025-09-07 09:46:51,743 [Socket Reader #9 for port 15011] INFO  ipc.Server (Server.java:run(1474)) - Starting Socket Reader #9 for port 15011
2025-09-07 09:46:51,743 [Socket Reader #10 for port 15011] INFO  ipc.Server (Server.java:run(1474)) - Starting Socket Reader #10 for port 15011
2025-09-07 09:46:51,744 [ForkJoinPool-1-worker-1] INFO  ozone.HddsDatanodeService (HddsDatanodeService.java:start(333)) - Datanode start with admins: [admin, runner]
2025-09-07 09:46:51,744 [ForkJoinPool-1-worker-1] INFO  ozone.HddsDatanodeClientProtocolServer (HddsDatanodeClientProtocolServer.java:start(76)) - RPC server for Client /0.0.0.0:15011
2025-09-07 09:46:51,745 [IPC Server Responder] INFO  ipc.Server (Server.java:run(1713)) - IPC Server Responder: starting
2025-09-07 09:46:51,745 [IPC Server listener on 15011] INFO  ipc.Server (Server.java:run(1553)) - IPC Server listener on 15011: starting
2025-09-07 09:46:51,746 [ForkJoinPool-1-worker-1] INFO  ozone.MiniOzoneClusterImpl (MiniOzoneClusterImpl.java:lambda$waitForClusterToBeReady$0(181)) - Nodes are ready. Got 10 of 10 DN Heartbeats.
2025-09-07 09:46:51,746 [ForkJoinPool-1-worker-1] INFO  ozone.MiniOzoneClusterImpl (MiniOzoneClusterImpl.java:lambda$waitForClusterToBeReady$0(184)) - Cluster exits safe mode
2025-09-07 09:46:51,746 [ForkJoinPool-1-worker-1] INFO  ozone.MiniOzoneClusterImpl (MiniOzoneClusterImpl.java:lambda$waitForClusterToBeReady$0(186)) - SCM became leader
2025-09-07 09:46:51,747 [ff2509eb-55dd-4ad3-b532-83d6209e1a92-DatanodeStateMachineDaemonThread] INFO  statemachine.DatanodeStateMachine (DatanodeStateMachine.java:startStateMachineThread(347)) - Ozone container server started.
2025-09-07 09:46:51,751 [ff2509eb-55dd-4ad3-b532-83d6209e1a92-DatanodeStateMachineTaskThread-0] INFO  datanode.InitDatanodeState (InitDatanodeState.java:persistContainerDatanodeDetails(139)) - DatanodeDetails is persisted to /home/runner/work/ozone/ozone/hadoop-ozone/integration-test/target/test-dir/MiniOzoneClusterImpl-023d5a78-e64c-43f3-a4d9-6f7884931d6c/ozone-metadata/datanode-1/ozone-metadata/datanode.id
2025-09-07 09:46:51,780 [grpc-default-executor-11] WARN  server.GrpcLogAppender (GrpcLogAppender.java:lambda$resetClient$1(228)) - 8500c972-c6d1-4433-9d49-a8e3bb920002@group-77DC33C8A8CA->ff2509eb-55dd-4ad3-b532-83d6209e1a92-GrpcLogAppender: Follower failed (request=null, errorCount=15); keep nextIndex (11) unchanged and retry.
2025-09-07 09:46:51,788 [grpc-default-executor-11] WARN  server.GrpcLogAppender (GrpcLogAppender.java:lambda$resetClient$1(228)) - 8500c972-c6d1-4433-9d49-a8e3bb920002@group-77DC33C8A8CA->ff2509eb-55dd-4ad3-b532-83d6209e1a92-GrpcLogAppender: Follower failed (request=null, errorCount=17); keep nextIndex (12) unchanged and retry.
2025-09-07 09:46:51,791 [grpc-default-executor-11] WARN  server.GrpcLogAppender (GrpcLogAppender.java:lambda$resetClient$1(228)) - 8500c972-c6d1-4433-9d49-a8e3bb920002@group-77DC33C8A8CA->ff2509eb-55dd-4ad3-b532-83d6209e1a92-GrpcLogAppender: Follower failed (request=null, errorCount=19); keep nextIndex (13) unchanged and retry.
2025-09-07 09:46:51,972 [90a60b70-6b91-4fb2-a612-7ac0b6911dfc@group-9E511D2458D0-FollowerState] INFO  impl.FollowerState (FollowerState.java:runImpl(161)) - 90a60b70-6b91-4fb2-a612-7ac0b6911dfc@group-9E511D2458D0-FollowerState: change to CANDIDATE, lastRpcElapsedTime:1081335675ns, electionTimeout:1081ms
2025-09-07 09:46:51,972 [90a60b70-6b91-4fb2-a612-7ac0b6911dfc@group-9E511D2458D0-FollowerState] INFO  impl.RoleInfo (RoleInfo.java:shutdownFollowerState(121)) - 90a60b70-6b91-4fb2-a612-7ac0b6911dfc: shutdown 90a60b70-6b91-4fb2-a612-7ac0b6911dfc@group-9E511D2458D0-FollowerState
2025-09-07 09:46:51,972 [90a60b70-6b91-4fb2-a612-7ac0b6911dfc@group-9E511D2458D0-FollowerState] INFO  server.RaftServer$Division (RaftServerImpl.java:setRole(392)) - 90a60b70-6b91-4fb2-a612-7ac0b6911dfc@group-9E511D2458D0: changes role from  FOLLOWER to CANDIDATE at term 1 for changeToCandidate
2025-09-07 09:46:51,972 [90a60b70-6b91-4fb2-a612-7ac0b6911dfc@group-9E511D2458D0-FollowerState] INFO  impl.RoleInfo (RoleInfo.java:updateAndGet(148)) - 90a60b70-6b91-4fb2-a612-7ac0b6911dfc: start 90a60b70-6b91-4fb2-a612-7ac0b6911dfc@group-9E511D2458D0-LeaderElection272
2025-09-07 09:46:51,972 [90a60b70-6b91-4fb2-a612-7ac0b6911dfc@group-9E511D2458D0-LeaderElection272] INFO  impl.LeaderElection (LeaderElection.java:askForVotes(448)) - 90a60b70-6b91-4fb2-a612-7ac0b6911dfc@group-9E511D2458D0-LeaderElection272 PRE_VOTE round 0: submit vote requests at term 1 for conf: {index: 0, cur=peers:[90a60b70-6b91-4fb2-a612-7ac0b6911dfc|127.0.0.1:15047, e6e13cb3-e32b-4d2d-874a-1e4700c67398|127.0.0.1:15055, 7c7182dc-ac7f-44a8-b1d4-5d10f99cbcf2|127.0.0.1:15039]|listeners:[], old=null}
2025-09-07 09:46:51,973 [grpc-default-executor-11] INFO  server.RaftServer$Division (RaftServerImpl.java:requestVote(1421)) - e6e13cb3-e32b-4d2d-874a-1e4700c67398@group-9E511D2458D0: receive requestVote(PRE_VOTE, 90a60b70-6b91-4fb2-a612-7ac0b6911dfc, group-9E511D2458D0, 1, (t:1, i:0))
2025-09-07 09:46:51,974 [grpc-default-executor-11] INFO  impl.VoteContext (VoteContext.java:log(49)) - e6e13cb3-e32b-4d2d-874a-1e4700c67398@group-9E511D2458D0-FOLLOWER: reject PRE_VOTE from 90a60b70-6b91-4fb2-a612-7ac0b6911dfc: our priority 1 > candidate's priority 0
2025-09-07 09:46:51,974 [grpc-default-executor-11] INFO  server.RaftServer$Division (RaftServerImpl.java:requestVote(1455)) - e6e13cb3-e32b-4d2d-874a-1e4700c67398@group-9E511D2458D0 replies to PRE_VOTE vote request: 90a60b70-6b91-4fb2-a612-7ac0b6911dfc<-e6e13cb3-e32b-4d2d-874a-1e4700c67398#0:FAIL-t1-last:(t:1, i:0). Peer's state: e6e13cb3-e32b-4d2d-874a-1e4700c67398@group-9E511D2458D0:t1, leader=null, voted=e6e13cb3-e32b-4d2d-874a-1e4700c67398, raftlog=Memoized:e6e13cb3-e32b-4d2d-874a-1e4700c67398@group-9E511D2458D0-SegmentedRaftLog:OPENED:c0:last(t:1, i:0), conf=conf: {index: 0, cur=peers:[90a60b70-6b91-4fb2-a612-7ac0b6911dfc|127.0.0.1:15047, e6e13cb3-e32b-4d2d-874a-1e4700c67398|127.0.0.1:15055, 7c7182dc-ac7f-44a8-b1d4-5d10f99cbcf2|127.0.0.1:15039]|listeners:[], old=null}
2025-09-07 09:46:51,974 [grpc-default-executor-2] INFO  server.RaftServer$Division (RaftServerImpl.java:requestVote(1421)) - 7c7182dc-ac7f-44a8-b1d4-5d10f99cbcf2@group-9E511D2458D0: receive requestVote(PRE_VOTE, 90a60b70-6b91-4fb2-a612-7ac0b6911dfc, group-9E511D2458D0, 1, (t:1, i:0))
2025-09-07 09:46:51,974 [grpc-default-executor-2] INFO  impl.VoteContext (VoteContext.java:log(49)) - 7c7182dc-ac7f-44a8-b1d4-5d10f99cbcf2@group-9E511D2458D0-FOLLOWER: accept PRE_VOTE from 90a60b70-6b91-4fb2-a612-7ac0b6911dfc: our priority 0 <= candidate's priority 0
2025-09-07 09:46:51,974 [grpc-default-executor-2] INFO  server.RaftServer$Division (RaftServerImpl.java:requestVote(1455)) - 7c7182dc-ac7f-44a8-b1d4-5d10f99cbcf2@group-9E511D2458D0 replies to PRE_VOTE vote request: 90a60b70-6b91-4fb2-a612-7ac0b6911dfc<-7c7182dc-ac7f-44a8-b1d4-5d10f99cbcf2#0:OK-t1-last:(t:1, i:0). Peer's state: 7c7182dc-ac7f-44a8-b1d4-5d10f99cbcf2@group-9E511D2458D0:t1, leader=null, voted=e6e13cb3-e32b-4d2d-874a-1e4700c67398, raftlog=Memoized:7c7182dc-ac7f-44a8-b1d4-5d10f99cbcf2@group-9E511D2458D0-SegmentedRaftLog:OPENED:c0:last(t:1, i:0), conf=conf: {index: 0, cur=peers:[90a60b70-6b91-4fb2-a612-7ac0b6911dfc|127.0.0.1:15047, e6e13cb3-e32b-4d2d-874a-1e4700c67398|127.0.0.1:15055, 7c7182dc-ac7f-44a8-b1d4-5d10f99cbcf2|127.0.0.1:15039]|listeners:[], old=null}
2025-09-07 09:46:51,974 [90a60b70-6b91-4fb2-a612-7ac0b6911dfc@group-9E511D2458D0-LeaderElection272] INFO  impl.LeaderElection (LeaderElection.java:logAndReturn(206)) - 90a60b70-6b91-4fb2-a612-7ac0b6911dfc@group-9E511D2458D0-LeaderElection272: PRE_VOTE REJECTED received 1 response(s) and 0 exception(s):
2025-09-07 09:46:51,974 [90a60b70-6b91-4fb2-a612-7ac0b6911dfc@group-9E511D2458D0-LeaderElection272] INFO  impl.LeaderElection (LeaderElection.java:logAndReturn(210)) -   Response 0: 90a60b70-6b91-4fb2-a612-7ac0b6911dfc<-e6e13cb3-e32b-4d2d-874a-1e4700c67398#0:FAIL-t1-last:(t:1, i:0)
2025-09-07 09:46:51,975 [90a60b70-6b91-4fb2-a612-7ac0b6911dfc@group-9E511D2458D0-LeaderElection272] INFO  impl.LeaderElection (LeaderElection.java:askForVotes(450)) - 90a60b70-6b91-4fb2-a612-7ac0b6911dfc@group-9E511D2458D0-LeaderElection272 PRE_VOTE round 0: result REJECTED
2025-09-07 09:46:51,975 [90a60b70-6b91-4fb2-a612-7ac0b6911dfc@group-9E511D2458D0-LeaderElection272] INFO  server.RaftServer$Division (RaftServerImpl.java:setRole(392)) - 90a60b70-6b91-4fb2-a612-7ac0b6911dfc@group-9E511D2458D0: changes role from CANDIDATE to FOLLOWER at term 1 for REJECTED
2025-09-07 09:46:51,975 [90a60b70-6b91-4fb2-a612-7ac0b6911dfc@group-9E511D2458D0-LeaderElection272] INFO  impl.RoleInfo (RoleInfo.java:shutdownLeaderElection(141)) - 90a60b70-6b91-4fb2-a612-7ac0b6911dfc: shutdown 90a60b70-6b91-4fb2-a612-7ac0b6911dfc@group-9E511D2458D0-LeaderElection272
2025-09-07 09:46:51,975 [90a60b70-6b91-4fb2-a612-7ac0b6911dfc@group-9E511D2458D0-LeaderElection272] INFO  impl.RoleInfo (RoleInfo.java:updateAndGet(148)) - 90a60b70-6b91-4fb2-a612-7ac0b6911dfc: start 90a60b70-6b91-4fb2-a612-7ac0b6911dfc@group-9E511D2458D0-FollowerState
2025-09-07 09:46:52,252 [ff2509eb-55dd-4ad3-b532-83d6209e1a92-ContainerReader-0] INFO  ozoneimpl.ContainerReader (ContainerReader.java:readVolume(147)) - Start to verify containers on volume /home/runner/work/ozone/ozone/hadoop-ozone/integration-test/target/test-dir/MiniOzoneClusterImpl-023d5a78-e64c-43f3-a4d9-6f7884931d6c/ozone-metadata/datanode-1/data-0/hdds
2025-09-07 09:46:52,253 [ff2509eb-55dd-4ad3-b532-83d6209e1a92-ContainerReader-0] WARN  helpers.KeyValueContainerUtil (KeyValueContainerUtil.java:populateContainerMetadata(330)) - Missing pendingDeleteBlockCount from metadata: recalculate them from block table
2025-09-07 09:46:52,256 [ff2509eb-55dd-4ad3-b532-83d6209e1a92-ContainerReader-0] WARN  helpers.KeyValueContainerUtil (KeyValueContainerUtil.java:populateContainerMetadata(330)) - Missing pendingDeleteBlockCount from metadata: recalculate them from block table
2025-09-07 09:46:52,259 [ff2509eb-55dd-4ad3-b532-83d6209e1a92-ContainerReader-0] WARN  helpers.KeyValueContainerUtil (KeyValueContainerUtil.java:populateContainerMetadata(330)) - Missing pendingDeleteBlockCount from metadata: recalculate them from block table
2025-09-07 09:46:52,260 [ff2509eb-55dd-4ad3-b532-83d6209e1a92-ContainerReader-0] INFO  ozoneimpl.ContainerReader (ContainerReader.java:readVolume(177)) - Finish verifying containers on volume /home/runner/work/ozone/ozone/hadoop-ozone/integration-test/target/test-dir/MiniOzoneClusterImpl-023d5a78-e64c-43f3-a4d9-6f7884931d6c/ozone-metadata/datanode-1/data-0/hdds
2025-09-07 09:46:52,260 [ff2509eb-55dd-4ad3-b532-83d6209e1a92-EndpointStateMachineTaskThread-/0.0.0.0:15002-0 ] INFO  ozoneimpl.OzoneContainer (OzoneContainer.java:buildContainerSet(370)) - Build ContainerSet costs 0s
2025-09-07 09:46:52,260 [ff2509eb-55dd-4ad3-b532-83d6209e1a92-EndpointStateMachineTaskThread-/0.0.0.0:15002-0 ] INFO  volume.ThrottledAsyncChecker (ThrottledAsyncChecker.java:schedule(138)) - Scheduling a check for /home/runner/work/ozone/ozone/hadoop-ozone/integration-test/target/test-dir/MiniOzoneClusterImpl-023d5a78-e64c-43f3-a4d9-6f7884931d6c/ozone-metadata/datanode-1/data-0/hdds
2025-09-07 09:46:52,261 [ff2509eb-55dd-4ad3-b532-83d6209e1a92-EndpointStateMachineTaskThread-/0.0.0.0:15002-0 ] INFO  volume.StorageVolumeChecker (StorageVolumeChecker.java:checkAllVolumes(231)) - Scheduled health check for volume /home/runner/work/ozone/ozone/hadoop-ozone/integration-test/target/test-dir/MiniOzoneClusterImpl-023d5a78-e64c-43f3-a4d9-6f7884931d6c/ozone-metadata/datanode-1/data-0/hdds
2025-09-07 09:46:52,265 [ff2509eb-55dd-4ad3-b532-83d6209e1a92-EndpointStateMachineTaskThread-/0.0.0.0:15002-0 ] INFO  volume.ThrottledAsyncChecker (ThrottledAsyncChecker.java:schedule(138)) - Scheduling a check for /home/runner/work/ozone/ozone/hadoop-ozone/integration-test/target/test-dir/MiniOzoneClusterImpl-023d5a78-e64c-43f3-a4d9-6f7884931d6c/ozone-metadata/datanode-1/ratis
2025-09-07 09:46:52,265 [ff2509eb-55dd-4ad3-b532-83d6209e1a92-EndpointStateMachineTaskThread-/0.0.0.0:15002-0 ] INFO  volume.StorageVolumeChecker (StorageVolumeChecker.java:checkAllVolumes(231)) - Scheduled health check for volume /home/runner/work/ozone/ozone/hadoop-ozone/integration-test/target/test-dir/MiniOzoneClusterImpl-023d5a78-e64c-43f3-a4d9-6f7884931d6c/ozone-metadata/datanode-1/ratis
2025-09-07 09:46:52,266 [ff2509eb-55dd-4ad3-b532-83d6209e1a92-EndpointStateMachineTaskThread-/0.0.0.0:15002-0 ] INFO  ozoneimpl.OzoneContainer (OzoneContainer.java:start(525)) - Attempting to start container services.
2025-09-07 09:46:52,268 [ff2509eb-55dd-4ad3-b532-83d6209e1a92-EndpointStateMachineTaskThread-/0.0.0.0:15002-0 ] INFO  replication.ReplicationServer (ReplicationServer.java:start(137)) - ReplicationServer is started using port 15017
2025-09-07 09:46:52,268 [ff2509eb-55dd-4ad3-b532-83d6209e1a92-EndpointStateMachineTaskThread-/0.0.0.0:15002-0 ] INFO  ratis.XceiverServerRatis (XceiverServerRatis.java:start(562)) - Starting XceiverServerRatis(ff2509eb-55dd-4ad3-b532-83d6209e1a92)
2025-09-07 09:46:52,271 [ContainerMetadataScanner] INFO  ozoneimpl.AbstractBackgroundContainerScanner (AbstractBackgroundContainerScanner.java:runIteration(89)) - Completed an iteration in 0 minutes. Number of iterations (since the data-node restart) : 1, Number of containers scanned in this iteration : 3, Number of unhealthy containers found in this iteration : 0
2025-09-07 09:46:52,272 [ff2509eb-55dd-4ad3-b532-83d6209e1a92-impl-thread1] INFO  storage.RaftStorageDirectory (RaftStorageDirectoryImpl.java:tryLock(229)) - Lock on /home/runner/work/ozone/ozone/hadoop-ozone/integration-test/target/test-dir/MiniOzoneClusterImpl-023d5a78-e64c-43f3-a4d9-6f7884931d6c/ozone-metadata/datanode-1/ratis/84ca9d0f-7cf9-4c2b-a636-8f87d7c2bfc6/in_use.lock acquired by nodename 23079@localhost
2025-09-07 09:46:52,273 [ff2509eb-55dd-4ad3-b532-83d6209e1a92-impl-thread2] INFO  storage.RaftStorageDirectory (RaftStorageDirectoryImpl.java:tryLock(229)) - Lock on /home/runner/work/ozone/ozone/hadoop-ozone/integration-test/target/test-dir/MiniOzoneClusterImpl-023d5a78-e64c-43f3-a4d9-6f7884931d6c/ozone-metadata/datanode-1/ratis/766115e5-0d59-4db5-b7b5-77dc33c8a8ca/in_use.lock acquired by nodename 23079@localhost
2025-09-07 09:46:52,273 [ff2509eb-55dd-4ad3-b532-83d6209e1a92-impl-thread1] INFO  storage.RaftStorage (RaftStorageImpl.java:analyzeAndRecoverStorage(118)) - Read RaftStorageMetadata{term=2, votedFor=ff2509eb-55dd-4ad3-b532-83d6209e1a92} from /home/runner/work/ozone/ozone/hadoop-ozone/integration-test/target/test-dir/MiniOzoneClusterImpl-023d5a78-e64c-43f3-a4d9-6f7884931d6c/ozone-metadata/datanode-1/ratis/84ca9d0f-7cf9-4c2b-a636-8f87d7c2bfc6/current/raft-meta
2025-09-07 09:46:52,273 [ff2509eb-55dd-4ad3-b532-83d6209e1a92-impl-thread2] INFO  storage.RaftStorage (RaftStorageImpl.java:analyzeAndRecoverStorage(118)) - Read RaftStorageMetadata{term=4, votedFor=ff2509eb-55dd-4ad3-b532-83d6209e1a92} from /home/runner/work/ozone/ozone/hadoop-ozone/integration-test/target/test-dir/MiniOzoneClusterImpl-023d5a78-e64c-43f3-a4d9-6f7884931d6c/ozone-metadata/datanode-1/ratis/766115e5-0d59-4db5-b7b5-77dc33c8a8ca/current/raft-meta
2025-09-07 09:46:52,273 [ff2509eb-55dd-4ad3-b532-83d6209e1a92-impl-thread1] INFO  server.RaftServer$Division (ServerState.java:setRaftConf(386)) - ff2509eb-55dd-4ad3-b532-83d6209e1a92@group-8F87D7C2BFC6: set configuration conf: {index: 1, cur=peers:[ff2509eb-55dd-4ad3-b532-83d6209e1a92|127.0.0.1:15015]|listeners:[], old=null}
2025-09-07 09:46:52,273 [ff2509eb-55dd-4ad3-b532-83d6209e1a92-impl-thread2] INFO  server.RaftServer$Division (ServerState.java:setRaftConf(386)) - ff2509eb-55dd-4ad3-b532-83d6209e1a92@group-77DC33C8A8CA: set configuration conf: {index: 5, cur=peers:[95d41743-cdf0-4105-938b-93fe980aeffc|127.0.0.1:15031, 8500c972-c6d1-4433-9d49-a8e3bb920002|127.0.0.1:15023, ff2509eb-55dd-4ad3-b532-83d6209e1a92|127.0.0.1:15015]|listeners:[], old=null}
2025-09-07 09:46:52,273 [ff2509eb-55dd-4ad3-b532-83d6209e1a92-impl-thread2] INFO  ratis.ContainerStateMachine (ContainerStateMachine.java:initialize(339)) - ff2509eb-55dd-4ad3-b532-83d6209e1a92: initialize group-77DC33C8A8CA
2025-09-07 09:46:52,273 [ff2509eb-55dd-4ad3-b532-83d6209e1a92-impl-thread2] INFO  ratis.ContainerStateMachine (ContainerStateMachine.java:loadSnapshot(356)) - group-77DC33C8A8CA: Setting the last applied index to (t:4, i:6)
2025-09-07 09:46:52,274 [ff2509eb-55dd-4ad3-b532-83d6209e1a92-impl-thread1] INFO  ratis.ContainerStateMachine (ContainerStateMachine.java:initialize(339)) - ff2509eb-55dd-4ad3-b532-83d6209e1a92: initialize group-8F87D7C2BFC6
2025-09-07 09:46:52,274 [ff2509eb-55dd-4ad3-b532-83d6209e1a92-impl-thread1] INFO  ratis.ContainerStateMachine (ContainerStateMachine.java:loadSnapshot(356)) - group-8F87D7C2BFC6: Setting the last applied index to (t:2, i:2)
2025-09-07 09:46:52,274 [ff2509eb-55dd-4ad3-b532-83d6209e1a92-impl-thread1] INFO  server.RaftServerConfigKeys (ConfUtils.java:logGet(62)) - raft.server.log.appender.buffer.byte-limit = 33554432 (custom)
2025-09-07 09:46:52,274 [ff2509eb-55dd-4ad3-b532-83d6209e1a92-impl-thread2] INFO  server.RaftServerConfigKeys (ConfUtils.java:logGet(62)) - raft.server.log.appender.buffer.byte-limit = 33554432 (custom)
2025-09-07 09:46:52,275 [ff2509eb-55dd-4ad3-b532-83d6209e1a92-impl-thread3] INFO  storage.RaftStorageDirectory (RaftStorageDirectoryImpl.java:tryLock(229)) - Lock on /home/runner/work/ozone/ozone/hadoop-ozone/integration-test/target/test-dir/MiniOzoneClusterImpl-023d5a78-e64c-43f3-a4d9-6f7884931d6c/ozone-metadata/datanode-1/ratis/3adef986-442f-409a-a79f-dde89b3f2afe/in_use.lock acquired by nodename 23079@localhost
2025-09-07 09:46:52,275 [ff2509eb-55dd-4ad3-b532-83d6209e1a92-impl-thread3] INFO  storage.RaftStorage (RaftStorageImpl.java:analyzeAndRecoverStorage(118)) - Read RaftStorageMetadata{term=2, votedFor=95d41743-cdf0-4105-938b-93fe980aeffc} from /home/runner/work/ozone/ozone/hadoop-ozone/integration-test/target/test-dir/MiniOzoneClusterImpl-023d5a78-e64c-43f3-a4d9-6f7884931d6c/ozone-metadata/datanode-1/ratis/3adef986-442f-409a-a79f-dde89b3f2afe/current/raft-meta
2025-09-07 09:46:52,275 [ff2509eb-55dd-4ad3-b532-83d6209e1a92-impl-thread3] INFO  server.RaftServer$Division (ServerState.java:setRaftConf(386)) - ff2509eb-55dd-4ad3-b532-83d6209e1a92@group-DDE89B3F2AFE: set configuration conf: {index: 4, cur=peers:[95d41743-cdf0-4105-938b-93fe980aeffc|127.0.0.1:15031, 8500c972-c6d1-4433-9d49-a8e3bb920002|127.0.0.1:15023, ff2509eb-55dd-4ad3-b532-83d6209e1a92|127.0.0.1:15015]|listeners:[], old=null}
2025-09-07 09:46:52,276 [ff2509eb-55dd-4ad3-b532-83d6209e1a92-impl-thread3] INFO  ratis.ContainerStateMachine (ContainerStateMachine.java:initialize(339)) - ff2509eb-55dd-4ad3-b532-83d6209e1a92: initialize group-DDE89B3F2AFE
2025-09-07 09:46:52,276 [ff2509eb-55dd-4ad3-b532-83d6209e1a92-impl-thread3] INFO  ratis.ContainerStateMachine (ContainerStateMachine.java:loadSnapshot(356)) - group-DDE89B3F2AFE: Setting the last applied index to (t:2, i:19)
2025-09-07 09:46:52,276 [ff2509eb-55dd-4ad3-b532-83d6209e1a92-impl-thread3] INFO  server.RaftServerConfigKeys (ConfUtils.java:logGet(62)) - raft.server.log.appender.buffer.byte-limit = 33554432 (custom)
2025-09-07 09:46:52,277 [ContainerDataScanner(/home/runner/work/ozone/ozone/hadoop-ozone/integration-test/target/test-dir/MiniOzoneClusterImpl-023d5a78-e64c-43f3-a4d9-6f7884931d6c/ozone-metadata/datanode-1/data-0/hdds)] INFO  ozoneimpl.AbstractBackgroundContainerScanner (AbstractBackgroundContainerScanner.java:runIteration(89)) - Completed an iteration in 0 minutes. Number of iterations (since the data-node restart) : 1, Number of containers scanned in this iteration : 1, Number of unhealthy containers found in this iteration : 0
2025-09-07 09:46:52,282 [ff2509eb-55dd-4ad3-b532-83d6209e1a92-impl-thread1] INFO  server.RaftServerConfigKeys (ConfUtils.java:logGet(62)) - raft.server.log.segment.size.max = 67108864 (custom)
2025-09-07 09:46:52,284 [ff2509eb-55dd-4ad3-b532-83d6209e1a92-impl-thread1] INFO  server.RaftServerConfigKeys (ConfUtils.java:logGet(62)) - raft.server.log.appender.buffer.byte-limit = 33554432 (custom)
2025-09-07 09:46:52,285 [ff2509eb-55dd-4ad3-b532-83d6209e1a92-impl-thread1] INFO  util.AwaitToRun (AwaitToRun.java:start(81)) - Thread[#3637,ff2509eb-55dd-4ad3-b532-83d6209e1a92@group-8F87D7C2BFC6-cacheEviction-AwaitToRun,5,main] started
2025-09-07 09:46:52,285 [ff2509eb-55dd-4ad3-b532-83d6209e1a92-impl-thread1] INFO  segmented.SegmentedRaftLogWorker (SegmentedRaftLogWorker.java:<init>(190)) - new ff2509eb-55dd-4ad3-b532-83d6209e1a92@group-8F87D7C2BFC6-SegmentedRaftLogWorker for RaftStorageImpl:Storage Directory /home/runner/work/ozone/ozone/hadoop-ozone/integration-test/target/test-dir/MiniOzoneClusterImpl-023d5a78-e64c-43f3-a4d9-6f7884931d6c/ozone-metadata/datanode-1/ratis/84ca9d0f-7cf9-4c2b-a636-8f87d7c2bfc6
2025-09-07 09:46:52,285 [ff2509eb-55dd-4ad3-b532-83d6209e1a92-impl-thread1] INFO  server.RaftServerConfigKeys (ConfUtils.java:logGet(62)) - raft.server.log.queue.byte-limit = 4294967296 (custom)
2025-09-07 09:46:52,285 [ff2509eb-55dd-4ad3-b532-83d6209e1a92-impl-thread1] INFO  server.RaftServerConfigKeys (ConfUtils.java:logGet(62)) - raft.server.log.segment.size.max = 67108864 (custom)
2025-09-07 09:46:52,285 [ff2509eb-55dd-4ad3-b532-83d6209e1a92-impl-thread1] INFO  server.RaftServerConfigKeys (ConfUtils.java:logGet(62)) - raft.server.log.preallocated.size = 4194304 (custom)
2025-09-07 09:46:52,285 [ff2509eb-55dd-4ad3-b532-83d6209e1a92-impl-thread2] INFO  server.RaftServerConfigKeys (ConfUtils.java:logGet(62)) - raft.server.log.segment.size.max = 67108864 (custom)
2025-09-07 09:46:52,287 [ff2509eb-55dd-4ad3-b532-83d6209e1a92-impl-thread1] INFO  server.RaftServerConfigKeys (ConfUtils.java:logGet(62)) - raft.server.log.write.buffer.size = 33554440 (custom)
2025-09-07 09:46:52,287 [ff2509eb-55dd-4ad3-b532-83d6209e1a92-impl-thread2] INFO  server.RaftServerConfigKeys (ConfUtils.java:logGet(62)) - raft.server.log.appender.buffer.byte-limit = 33554432 (custom)
2025-09-07 09:46:52,287 [ff2509eb-55dd-4ad3-b532-83d6209e1a92-impl-thread3] INFO  server.RaftServerConfigKeys (ConfUtils.java:logGet(62)) - raft.server.log.segment.size.max = 67108864 (custom)
2025-09-07 09:46:52,288 [ff2509eb-55dd-4ad3-b532-83d6209e1a92-impl-thread3] INFO  server.RaftServerConfigKeys (ConfUtils.java:logGet(62)) - raft.server.log.appender.buffer.byte-limit = 33554432 (custom)
2025-09-07 09:46:52,288 [ff2509eb-55dd-4ad3-b532-83d6209e1a92-impl-thread2] INFO  util.AwaitToRun (AwaitToRun.java:start(81)) - Thread[#3638,ff2509eb-55dd-4ad3-b532-83d6209e1a92@group-77DC33C8A8CA-cacheEviction-AwaitToRun,5,main] started
2025-09-07 09:46:52,288 [ff2509eb-55dd-4ad3-b532-83d6209e1a92-impl-thread3] INFO  util.AwaitToRun (AwaitToRun.java:start(81)) - Thread[#3639,ff2509eb-55dd-4ad3-b532-83d6209e1a92@group-DDE89B3F2AFE-cacheEviction-AwaitToRun,5,main] started
2025-09-07 09:46:52,288 [ff2509eb-55dd-4ad3-b532-83d6209e1a92-impl-thread3] INFO  segmented.SegmentedRaftLogWorker (SegmentedRaftLogWorker.java:<init>(190)) - new ff2509eb-55dd-4ad3-b532-83d6209e1a92@group-DDE89B3F2AFE-SegmentedRaftLogWorker for RaftStorageImpl:Storage Directory /home/runner/work/ozone/ozone/hadoop-ozone/integration-test/target/test-dir/MiniOzoneClusterImpl-023d5a78-e64c-43f3-a4d9-6f7884931d6c/ozone-metadata/datanode-1/ratis/3adef986-442f-409a-a79f-dde89b3f2afe
2025-09-07 09:46:52,288 [ff2509eb-55dd-4ad3-b532-83d6209e1a92-impl-thread3] INFO  server.RaftServerConfigKeys (ConfUtils.java:logGet(62)) - raft.server.log.queue.byte-limit = 4294967296 (custom)
2025-09-07 09:46:52,288 [ff2509eb-55dd-4ad3-b532-83d6209e1a92-impl-thread3] INFO  server.RaftServerConfigKeys (ConfUtils.java:logGet(62)) - raft.server.log.segment.size.max = 67108864 (custom)
2025-09-07 09:46:52,288 [ff2509eb-55dd-4ad3-b532-83d6209e1a92-impl-thread2] INFO  segmented.SegmentedRaftLogWorker (SegmentedRaftLogWorker.java:<init>(190)) - new ff2509eb-55dd-4ad3-b532-83d6209e1a92@group-77DC33C8A8CA-SegmentedRaftLogWorker for RaftStorageImpl:Storage Directory /home/runner/work/ozone/ozone/hadoop-ozone/integration-test/target/test-dir/MiniOzoneClusterImpl-023d5a78-e64c-43f3-a4d9-6f7884931d6c/ozone-metadata/datanode-1/ratis/766115e5-0d59-4db5-b7b5-77dc33c8a8ca
2025-09-07 09:46:52,288 [ff2509eb-55dd-4ad3-b532-83d6209e1a92-impl-thread3] INFO  server.RaftServerConfigKeys (ConfUtils.java:logGet(62)) - raft.server.log.preallocated.size = 4194304 (custom)
2025-09-07 09:46:52,288 [ff2509eb-55dd-4ad3-b532-83d6209e1a92-impl-thread2] INFO  server.RaftServerConfigKeys (ConfUtils.java:logGet(62)) - raft.server.log.queue.byte-limit = 4294967296 (custom)
2025-09-07 09:46:52,288 [ff2509eb-55dd-4ad3-b532-83d6209e1a92-impl-thread2] INFO  server.RaftServerConfigKeys (ConfUtils.java:logGet(62)) - raft.server.log.segment.size.max = 67108864 (custom)
2025-09-07 09:46:52,289 [ff2509eb-55dd-4ad3-b532-83d6209e1a92-impl-thread2] INFO  server.RaftServerConfigKeys (ConfUtils.java:logGet(62)) - raft.server.log.preallocated.size = 4194304 (custom)
2025-09-07 09:46:52,290 [ff2509eb-55dd-4ad3-b532-83d6209e1a92-impl-thread2] INFO  server.RaftServerConfigKeys (ConfUtils.java:logGet(62)) - raft.server.log.write.buffer.size = 33554440 (custom)
2025-09-07 09:46:52,291 [ff2509eb-55dd-4ad3-b532-83d6209e1a92-impl-thread3] INFO  server.RaftServerConfigKeys (ConfUtils.java:logGet(62)) - raft.server.log.write.buffer.size = 33554440 (custom)
2025-09-07 09:46:52,292 [ff2509eb-55dd-4ad3-b532-83d6209e1a92-impl-thread1] INFO  server.RaftServerConfigKeys (ConfUtils.java:logGet(62)) - raft.server.log.appender.buffer.byte-limit = 33554432 (custom)
2025-09-07 09:46:52,292 [ff2509eb-55dd-4ad3-b532-83d6209e1a92-impl-thread1] INFO  server.RaftServer$Division (ServerState.java:setRaftConf(386)) - ff2509eb-55dd-4ad3-b532-83d6209e1a92@group-8F87D7C2BFC6: set configuration conf: {index: 0, cur=peers:[ff2509eb-55dd-4ad3-b532-83d6209e1a92|127.0.0.1:15015]|listeners:[], old=null}
2025-09-07 09:46:52,293 [ff2509eb-55dd-4ad3-b532-83d6209e1a92-impl-thread1] INFO  segmented.LogSegment (LogSegment.java:loadSegment(171)) - Successfully read 1 entries from segment file /home/runner/work/ozone/ozone/hadoop-ozone/integration-test/target/test-dir/MiniOzoneClusterImpl-023d5a78-e64c-43f3-a4d9-6f7884931d6c/ozone-metadata/datanode-1/ratis/84ca9d0f-7cf9-4c2b-a636-8f87d7c2bfc6/current/log_0-0
2025-09-07 09:46:52,293 [ff2509eb-55dd-4ad3-b532-83d6209e1a92-impl-thread1] INFO  server.RaftServer$Division (ServerState.java:setRaftConf(386)) - ff2509eb-55dd-4ad3-b532-83d6209e1a92@group-8F87D7C2BFC6: set configuration conf: {index: 1, cur=peers:[ff2509eb-55dd-4ad3-b532-83d6209e1a92|127.0.0.1:15015]|listeners:[], old=null}
2025-09-07 09:46:52,293 [ff2509eb-55dd-4ad3-b532-83d6209e1a92-impl-thread1] INFO  segmented.LogSegment (LogSegment.java:loadSegment(171)) - Successfully read 2 entries from segment file /home/runner/work/ozone/ozone/hadoop-ozone/integration-test/target/test-dir/MiniOzoneClusterImpl-023d5a78-e64c-43f3-a4d9-6f7884931d6c/ozone-metadata/datanode-1/ratis/84ca9d0f-7cf9-4c2b-a636-8f87d7c2bfc6/current/log_inprogress_1
2025-09-07 09:46:52,293 [ff2509eb-55dd-4ad3-b532-83d6209e1a92-impl-thread1] INFO  segmented.SegmentedRaftLogWorker (SegmentedRaftLogWorker.java:lambda$new$0(141)) - ff2509eb-55dd-4ad3-b532-83d6209e1a92@group-8F87D7C2BFC6-SegmentedRaftLogWorker: flushIndex: setUnconditionally 0 -> 2
2025-09-07 09:46:52,293 [ff2509eb-55dd-4ad3-b532-83d6209e1a92-impl-thread1] INFO  segmented.BufferedWriteChannel (BufferedWriteChannel.java:open(61)) - open log_inprogress_1 (append) at position 144
2025-09-07 09:46:52,296 [ff2509eb-55dd-4ad3-b532-83d6209e1a92-impl-thread1] INFO  server.RaftServer$Division (RaftServerImpl.java:start(405)) - ff2509eb-55dd-4ad3-b532-83d6209e1a92@group-8F87D7C2BFC6: start as a follower, conf=conf: {index: 1, cur=peers:[ff2509eb-55dd-4ad3-b532-83d6209e1a92|127.0.0.1:15015]|listeners:[], old=null}
2025-09-07 09:46:52,296 [ff2509eb-55dd-4ad3-b532-83d6209e1a92-impl-thread1] INFO  server.RaftServer$Division (RaftServerImpl.java:setRole(392)) - ff2509eb-55dd-4ad3-b532-83d6209e1a92@group-8F87D7C2BFC6: changes role from      null to FOLLOWER at term 2 for startAsFollower
2025-09-07 09:46:52,296 [ff2509eb-55dd-4ad3-b532-83d6209e1a92-impl-thread1] INFO  impl.RoleInfo (RoleInfo.java:updateAndGet(148)) - ff2509eb-55dd-4ad3-b532-83d6209e1a92: start ff2509eb-55dd-4ad3-b532-83d6209e1a92@group-8F87D7C2BFC6-FollowerState
2025-09-07 09:46:52,298 [ff2509eb-55dd-4ad3-b532-83d6209e1a92-impl-thread2] INFO  server.RaftServerConfigKeys (ConfUtils.java:logGet(62)) - raft.server.log.appender.buffer.byte-limit = 33554432 (custom)
2025-09-07 09:46:52,298 [ff2509eb-55dd-4ad3-b532-83d6209e1a92-impl-thread2] INFO  server.RaftServer$Division (ServerState.java:setRaftConf(386)) - ff2509eb-55dd-4ad3-b532-83d6209e1a92@group-77DC33C8A8CA: set configuration conf: {index: 0, cur=peers:[95d41743-cdf0-4105-938b-93fe980aeffc|127.0.0.1:15031, 8500c972-c6d1-4433-9d49-a8e3bb920002|127.0.0.1:15023, ff2509eb-55dd-4ad3-b532-83d6209e1a92|127.0.0.1:15015]|listeners:[], old=null}
2025-09-07 09:46:52,299 [ff2509eb-55dd-4ad3-b532-83d6209e1a92-impl-thread2] INFO  segmented.LogSegment (LogSegment.java:loadSegment(171)) - Successfully read 1 entries from segment file /home/runner/work/ozone/ozone/hadoop-ozone/integration-test/target/test-dir/MiniOzoneClusterImpl-023d5a78-e64c-43f3-a4d9-6f7884931d6c/ozone-metadata/datanode-1/ratis/766115e5-0d59-4db5-b7b5-77dc33c8a8ca/current/log_0-0
2025-09-07 09:46:52,298 [ff2509eb-55dd-4ad3-b532-83d6209e1a92-impl-thread1] INFO  util.JmxRegister (JmxRegister.java:tryRegister(44)) - Successfully registered JMX Bean with object name Ratis:service=RaftServer,group=group-8F87D7C2BFC6,id=ff2509eb-55dd-4ad3-b532-83d6209e1a92
2025-09-07 09:46:52,299 [ff2509eb-55dd-4ad3-b532-83d6209e1a92-impl-thread2] INFO  server.RaftServer$Division (ServerState.java:setRaftConf(386)) - ff2509eb-55dd-4ad3-b532-83d6209e1a92@group-77DC33C8A8CA: set configuration conf: {index: 1, cur=peers:[95d41743-cdf0-4105-938b-93fe980aeffc|127.0.0.1:15031, 8500c972-c6d1-4433-9d49-a8e3bb920002|127.0.0.1:15023, ff2509eb-55dd-4ad3-b532-83d6209e1a92|127.0.0.1:15015]|listeners:[], old=null}
2025-09-07 09:46:52,299 [ff2509eb-55dd-4ad3-b532-83d6209e1a92-impl-thread1] INFO  util.JmxRegister (JmxRegister.java:register(58)) - register mxBean class org.apache.ratis.server.impl.RaftServerJmxAdapter as Ratis:service=RaftServer,group=group-8F87D7C2BFC6,id=ff2509eb-55dd-4ad3-b532-83d6209e1a92
2025-09-07 09:46:52,299 [ff2509eb-55dd-4ad3-b532-83d6209e1a92-impl-thread2] INFO  segmented.LogSegment (LogSegment.java:loadSegment(171)) - Successfully read 2 entries from segment file /home/runner/work/ozone/ozone/hadoop-ozone/integration-test/target/test-dir/MiniOzoneClusterImpl-023d5a78-e64c-43f3-a4d9-6f7884931d6c/ozone-metadata/datanode-1/ratis/766115e5-0d59-4db5-b7b5-77dc33c8a8ca/current/log_1-2
2025-09-07 09:46:52,300 [ff2509eb-55dd-4ad3-b532-83d6209e1a92-impl-thread2] INFO  server.RaftServer$Division (ServerState.java:setRaftConf(386)) - ff2509eb-55dd-4ad3-b532-83d6209e1a92@group-77DC33C8A8CA: set configuration conf: {index: 3, cur=peers:[95d41743-cdf0-4105-938b-93fe980aeffc|127.0.0.1:15031, 8500c972-c6d1-4433-9d49-a8e3bb920002|127.0.0.1:15023, ff2509eb-55dd-4ad3-b532-83d6209e1a92|127.0.0.1:15015]|listeners:[], old=null}
2025-09-07 09:46:52,299 [ff2509eb-55dd-4ad3-b532-83d6209e1a92-impl-thread3] INFO  server.RaftServerConfigKeys (ConfUtils.java:logGet(62)) - raft.server.log.appender.buffer.byte-limit = 33554432 (custom)
2025-09-07 09:46:52,300 [ff2509eb-55dd-4ad3-b532-83d6209e1a92-impl-thread3] INFO  server.RaftServer$Division (ServerState.java:setRaftConf(386)) - ff2509eb-55dd-4ad3-b532-83d6209e1a92@group-DDE89B3F2AFE: set configuration conf: {index: 0, cur=peers:[95d41743-cdf0-4105-938b-93fe980aeffc|127.0.0.1:15031, 8500c972-c6d1-4433-9d49-a8e3bb920002|127.0.0.1:15023, ff2509eb-55dd-4ad3-b532-83d6209e1a92|127.0.0.1:15015]|listeners:[], old=null}
2025-09-07 09:46:52,300 [ff2509eb-55dd-4ad3-b532-83d6209e1a92-impl-thread2] INFO  segmented.LogSegment (LogSegment.java:loadSegment(171)) - Successfully read 2 entries from segment file /home/runner/work/ozone/ozone/hadoop-ozone/integration-test/target/test-dir/MiniOzoneClusterImpl-023d5a78-e64c-43f3-a4d9-6f7884931d6c/ozone-metadata/datanode-1/ratis/766115e5-0d59-4db5-b7b5-77dc33c8a8ca/current/log_3-4
2025-09-07 09:46:52,301 [ff2509eb-55dd-4ad3-b532-83d6209e1a92-impl-thread2] INFO  server.RaftServer$Division (ServerState.java:setRaftConf(386)) - ff2509eb-55dd-4ad3-b532-83d6209e1a92@group-77DC33C8A8CA: set configuration conf: {index: 5, cur=peers:[95d41743-cdf0-4105-938b-93fe980aeffc|127.0.0.1:15031, 8500c972-c6d1-4433-9d49-a8e3bb920002|127.0.0.1:15023, ff2509eb-55dd-4ad3-b532-83d6209e1a92|127.0.0.1:15015]|listeners:[], old=null}
2025-09-07 09:46:52,301 [ff2509eb-55dd-4ad3-b532-83d6209e1a92-impl-thread1] INFO  server.RaftServer$Division (RaftServerImpl.java:start(419)) - ff2509eb-55dd-4ad3-b532-83d6209e1a92@group-8F87D7C2BFC6: Successfully started.
2025-09-07 09:46:52,301 [ff2509eb-55dd-4ad3-b532-83d6209e1a92-impl-thread2] INFO  segmented.LogSegment (LogSegment.java:loadSegment(171)) - Successfully read 2 entries from segment file /home/runner/work/ozone/ozone/hadoop-ozone/integration-test/target/test-dir/MiniOzoneClusterImpl-023d5a78-e64c-43f3-a4d9-6f7884931d6c/ozone-metadata/datanode-1/ratis/766115e5-0d59-4db5-b7b5-77dc33c8a8ca/current/log_inprogress_5
2025-09-07 09:46:52,301 [ff2509eb-55dd-4ad3-b532-83d6209e1a92-impl-thread2] INFO  segmented.SegmentedRaftLogWorker (SegmentedRaftLogWorker.java:lambda$new$0(141)) - ff2509eb-55dd-4ad3-b532-83d6209e1a92@group-77DC33C8A8CA-SegmentedRaftLogWorker: flushIndex: setUnconditionally 0 -> 6
2025-09-07 09:46:52,301 [ff2509eb-55dd-4ad3-b532-83d6209e1a92-impl-thread2] INFO  segmented.SegmentedRaftLogWorker (SegmentedRaftLogWorker.java:lambda$new$0(141)) - ff2509eb-55dd-4ad3-b532-83d6209e1a92@group-77DC33C8A8CA-SegmentedRaftLogWorker: safeCacheEvictIndex: setUnconditionally 0 -> 4
2025-09-07 09:46:52,301 [ff2509eb-55dd-4ad3-b532-83d6209e1a92-impl-thread2] INFO  segmented.BufferedWriteChannel (BufferedWriteChannel.java:open(61)) - open log_inprogress_5 (append) at position 366
2025-09-07 09:46:52,301 [ff2509eb-55dd-4ad3-b532-83d6209e1a92-impl-thread3] INFO  segmented.LogSegment (LogSegment.java:loadSegment(171)) - Successfully read 4 entries from segment file /home/runner/work/ozone/ozone/hadoop-ozone/integration-test/target/test-dir/MiniOzoneClusterImpl-023d5a78-e64c-43f3-a4d9-6f7884931d6c/ozone-metadata/datanode-1/ratis/3adef986-442f-409a-a79f-dde89b3f2afe/current/log_0-3
2025-09-07 09:46:52,302 [ff2509eb-55dd-4ad3-b532-83d6209e1a92-impl-thread3] INFO  server.RaftServer$Division (ServerState.java:setRaftConf(386)) - ff2509eb-55dd-4ad3-b532-83d6209e1a92@group-DDE89B3F2AFE: set configuration conf: {index: 4, cur=peers:[95d41743-cdf0-4105-938b-93fe980aeffc|127.0.0.1:15031, 8500c972-c6d1-4433-9d49-a8e3bb920002|127.0.0.1:15023, ff2509eb-55dd-4ad3-b532-83d6209e1a92|127.0.0.1:15015]|listeners:[], old=null}
2025-09-07 09:46:52,302 [ff2509eb-55dd-4ad3-b532-83d6209e1a92-impl-thread2] INFO  server.RaftServer$Division (RaftServerImpl.java:start(405)) - ff2509eb-55dd-4ad3-b532-83d6209e1a92@group-77DC33C8A8CA: start as a follower, conf=conf: {index: 5, cur=peers:[95d41743-cdf0-4105-938b-93fe980aeffc|127.0.0.1:15031, 8500c972-c6d1-4433-9d49-a8e3bb920002|127.0.0.1:15023, ff2509eb-55dd-4ad3-b532-83d6209e1a92|127.0.0.1:15015]|listeners:[], old=null}
2025-09-07 09:46:52,302 [ff2509eb-55dd-4ad3-b532-83d6209e1a92-impl-thread2] INFO  server.RaftServer$Division (RaftServerImpl.java:setRole(392)) - ff2509eb-55dd-4ad3-b532-83d6209e1a92@group-77DC33C8A8CA: changes role from      null to FOLLOWER at term 4 for startAsFollower
2025-09-07 09:46:52,302 [ff2509eb-55dd-4ad3-b532-83d6209e1a92-impl-thread2] INFO  impl.RoleInfo (RoleInfo.java:updateAndGet(148)) - ff2509eb-55dd-4ad3-b532-83d6209e1a92: start ff2509eb-55dd-4ad3-b532-83d6209e1a92@group-77DC33C8A8CA-FollowerState
2025-09-07 09:46:52,302 [ff2509eb-55dd-4ad3-b532-83d6209e1a92-impl-thread3] INFO  segmented.LogSegment (LogSegment.java:loadSegment(171)) - Successfully read 17 entries from segment file /home/runner/work/ozone/ozone/hadoop-ozone/integration-test/target/test-dir/MiniOzoneClusterImpl-023d5a78-e64c-43f3-a4d9-6f7884931d6c/ozone-metadata/datanode-1/ratis/3adef986-442f-409a-a79f-dde89b3f2afe/current/log_inprogress_4
2025-09-07 09:46:52,303 [ff2509eb-55dd-4ad3-b532-83d6209e1a92-impl-thread3] INFO  segmented.SegmentedRaftLogWorker (SegmentedRaftLogWorker.java:lambda$new$0(141)) - ff2509eb-55dd-4ad3-b532-83d6209e1a92@group-DDE89B3F2AFE-SegmentedRaftLogWorker: flushIndex: setUnconditionally 0 -> 20
2025-09-07 09:46:52,302 [ff2509eb-55dd-4ad3-b532-83d6209e1a92-impl-thread2] INFO  util.JmxRegister (JmxRegister.java:tryRegister(44)) - Successfully registered JMX Bean with object name Ratis:service=RaftServer,group=group-77DC33C8A8CA,id=ff2509eb-55dd-4ad3-b532-83d6209e1a92
2025-09-07 09:46:52,303 [ff2509eb-55dd-4ad3-b532-83d6209e1a92-impl-thread3] INFO  segmented.SegmentedRaftLogWorker (SegmentedRaftLogWorker.java:lambda$new$0(141)) - ff2509eb-55dd-4ad3-b532-83d6209e1a92@group-DDE89B3F2AFE-SegmentedRaftLogWorker: safeCacheEvictIndex: setUnconditionally 0 -> 3
2025-09-07 09:46:52,303 [ff2509eb-55dd-4ad3-b532-83d6209e1a92-impl-thread2] INFO  util.JmxRegister (JmxRegister.java:register(58)) - register mxBean class org.apache.ratis.server.impl.RaftServerJmxAdapter as Ratis:service=RaftServer,group=group-77DC33C8A8CA,id=ff2509eb-55dd-4ad3-b532-83d6209e1a92
2025-09-07 09:46:52,303 [ff2509eb-55dd-4ad3-b532-83d6209e1a92-impl-thread3] INFO  segmented.BufferedWriteChannel (BufferedWriteChannel.java:open(61)) - open log_inprogress_4 (append) at position 4090
2025-09-07 09:46:52,304 [ff2509eb-55dd-4ad3-b532-83d6209e1a92-impl-thread2] INFO  server.RaftServer$Division (RaftServerImpl.java:start(419)) - ff2509eb-55dd-4ad3-b532-83d6209e1a92@group-77DC33C8A8CA: Successfully started.
2025-09-07 09:46:52,304 [ff2509eb-55dd-4ad3-b532-83d6209e1a92-impl-thread3] INFO  server.RaftServer$Division (RaftServerImpl.java:start(405)) - ff2509eb-55dd-4ad3-b532-83d6209e1a92@group-DDE89B3F2AFE: start as a follower, conf=conf: {index: 4, cur=peers:[95d41743-cdf0-4105-938b-93fe980aeffc|127.0.0.1:15031, 8500c972-c6d1-4433-9d49-a8e3bb920002|127.0.0.1:15023, ff2509eb-55dd-4ad3-b532-83d6209e1a92|127.0.0.1:15015]|listeners:[], old=null}
2025-09-07 09:46:52,304 [ff2509eb-55dd-4ad3-b532-83d6209e1a92-impl-thread3] INFO  server.RaftServer$Division (RaftServerImpl.java:setRole(392)) - ff2509eb-55dd-4ad3-b532-83d6209e1a92@group-DDE89B3F2AFE: changes role from      null to FOLLOWER at term 2 for startAsFollower
2025-09-07 09:46:52,304 [ff2509eb-55dd-4ad3-b532-83d6209e1a92-impl-thread3] INFO  impl.RoleInfo (RoleInfo.java:updateAndGet(148)) - ff2509eb-55dd-4ad3-b532-83d6209e1a92: start ff2509eb-55dd-4ad3-b532-83d6209e1a92@group-DDE89B3F2AFE-FollowerState
2025-09-07 09:46:52,304 [ff2509eb-55dd-4ad3-b532-83d6209e1a92-impl-thread3] INFO  util.JmxRegister (JmxRegister.java:tryRegister(44)) - Successfully registered JMX Bean with object name Ratis:service=RaftServer,group=group-DDE89B3F2AFE,id=ff2509eb-55dd-4ad3-b532-83d6209e1a92
2025-09-07 09:46:52,304 [ff2509eb-55dd-4ad3-b532-83d6209e1a92-impl-thread3] INFO  util.JmxRegister (JmxRegister.java:register(58)) - register mxBean class org.apache.ratis.server.impl.RaftServerJmxAdapter as Ratis:service=RaftServer,group=group-DDE89B3F2AFE,id=ff2509eb-55dd-4ad3-b532-83d6209e1a92
2025-09-07 09:46:52,305 [ff2509eb-55dd-4ad3-b532-83d6209e1a92-impl-thread3] INFO  server.RaftServer$Division (RaftServerImpl.java:start(419)) - ff2509eb-55dd-4ad3-b532-83d6209e1a92@group-DDE89B3F2AFE: Successfully started.
2025-09-07 09:46:52,305 [ff2509eb-55dd-4ad3-b532-83d6209e1a92-EndpointStateMachineTaskThread-/0.0.0.0:15002-0 ] INFO  server.RaftServer (RaftServerProxy.java:startImpl(412)) - ff2509eb-55dd-4ad3-b532-83d6209e1a92: start RPC server
2025-09-07 09:46:52,305 [ff2509eb-55dd-4ad3-b532-83d6209e1a92-EndpointStateMachineTaskThread-/0.0.0.0:15002-0 ] INFO  server.GrpcServicesImpl (GrpcServicesImpl.java:startImpl(346)) - ff2509eb-55dd-4ad3-b532-83d6209e1a92: GrpcServicesImpl started, listening on 15013
2025-09-07 09:46:52,306 [ff2509eb-55dd-4ad3-b532-83d6209e1a92-EndpointStateMachineTaskThread-/0.0.0.0:15002-0 ] INFO  server.GrpcServicesImpl (GrpcServicesImpl.java:startImpl(346)) - ff2509eb-55dd-4ad3-b532-83d6209e1a92: GrpcServicesImpl started, listening on 15015
2025-09-07 09:46:52,306 [ff2509eb-55dd-4ad3-b532-83d6209e1a92-EndpointStateMachineTaskThread-/0.0.0.0:15002-0 ] INFO  server.GrpcServicesImpl (GrpcServicesImpl.java:startImpl(346)) - ff2509eb-55dd-4ad3-b532-83d6209e1a92: GrpcServicesImpl started, listening on 15014
2025-09-07 09:46:52,306 [ff2509eb-55dd-4ad3-b532-83d6209e1a92-EndpointStateMachineTaskThread-/0.0.0.0:15002-0 ] INFO  ratis.XceiverServerRatis (XceiverServerRatis.java:getRealPort(589)) - XceiverServerRatis(ff2509eb-55dd-4ad3-b532-83d6209e1a92) is started using port RATIS=15013
2025-09-07 09:46:52,306 [JvmPauseMonitor19] INFO  util.JvmPauseMonitor (JvmPauseMonitor.java:run(146)) - JvmPauseMonitor-ff2509eb-55dd-4ad3-b532-83d6209e1a92: Started
2025-09-07 09:46:52,306 [ff2509eb-55dd-4ad3-b532-83d6209e1a92-EndpointStateMachineTaskThread-/0.0.0.0:15002-0 ] INFO  ratis.XceiverServerRatis (XceiverServerRatis.java:getRealPort(589)) - XceiverServerRatis(ff2509eb-55dd-4ad3-b532-83d6209e1a92) is started using port RATIS_ADMIN=15014
2025-09-07 09:46:52,306 [ff2509eb-55dd-4ad3-b532-83d6209e1a92-EndpointStateMachineTaskThread-/0.0.0.0:15002-0 ] INFO  ratis.XceiverServerRatis (XceiverServerRatis.java:getRealPort(589)) - XceiverServerRatis(ff2509eb-55dd-4ad3-b532-83d6209e1a92) is started using port RATIS_SERVER=15015
2025-09-07 09:46:52,306 [ff2509eb-55dd-4ad3-b532-83d6209e1a92-EndpointStateMachineTaskThread-/0.0.0.0:15002-0 ] INFO  ratis.XceiverServerRatis (XceiverServerRatis.java:getRealPort(589)) - XceiverServerRatis(ff2509eb-55dd-4ad3-b532-83d6209e1a92) is started using port RATIS_DATASTREAM=15016
2025-09-07 09:46:52,307 [ff2509eb-55dd-4ad3-b532-83d6209e1a92-EndpointStateMachineTaskThread-/0.0.0.0:15002-0 ] INFO  utils.BackgroundService (BackgroundService.java:start(119)) - Starting service BlockDeletingService with interval 60000 milliseconds
2025-09-07 09:46:52,307 [ff2509eb-55dd-4ad3-b532-83d6209e1a92-EndpointStateMachineTaskThread-/0.0.0.0:15002-0 ] INFO  utils.BackgroundService (BackgroundService.java:start(119)) - Starting service StaleRecoveringContainerScrubbingService with interval 60000 milliseconds
2025-09-07 09:46:52,712 [e6e13cb3-e32b-4d2d-874a-1e4700c67398@group-9E511D2458D0-FollowerState] INFO  impl.FollowerState (FollowerState.java:runImpl(161)) - e6e13cb3-e32b-4d2d-874a-1e4700c67398@group-9E511D2458D0-FollowerState: change to CANDIDATE, lastRpcElapsedTime:1002269818ns, electionTimeout:1002ms
2025-09-07 09:46:52,713 [e6e13cb3-e32b-4d2d-874a-1e4700c67398@group-9E511D2458D0-FollowerState] INFO  impl.RoleInfo (RoleInfo.java:shutdownFollowerState(121)) - e6e13cb3-e32b-4d2d-874a-1e4700c67398: shutdown e6e13cb3-e32b-4d2d-874a-1e4700c67398@group-9E511D2458D0-FollowerState
2025-09-07 09:46:52,713 [e6e13cb3-e32b-4d2d-874a-1e4700c67398@group-9E511D2458D0-FollowerState] INFO  server.RaftServer$Division (RaftServerImpl.java:setRole(392)) - e6e13cb3-e32b-4d2d-874a-1e4700c67398@group-9E511D2458D0: changes role from  FOLLOWER to CANDIDATE at term 1 for changeToCandidate
2025-09-07 09:46:52,713 [e6e13cb3-e32b-4d2d-874a-1e4700c67398@group-9E511D2458D0-FollowerState] INFO  impl.RoleInfo (RoleInfo.java:updateAndGet(148)) - e6e13cb3-e32b-4d2d-874a-1e4700c67398: start e6e13cb3-e32b-4d2d-874a-1e4700c67398@group-9E511D2458D0-LeaderElection273
2025-09-07 09:46:52,713 [e6e13cb3-e32b-4d2d-874a-1e4700c67398@group-9E511D2458D0-LeaderElection273] INFO  impl.LeaderElection (LeaderElection.java:askForVotes(448)) - e6e13cb3-e32b-4d2d-874a-1e4700c67398@group-9E511D2458D0-LeaderElection273 PRE_VOTE round 0: submit vote requests at term 1 for conf: {index: 0, cur=peers:[90a60b70-6b91-4fb2-a612-7ac0b6911dfc|127.0.0.1:15047, e6e13cb3-e32b-4d2d-874a-1e4700c67398|127.0.0.1:15055, 7c7182dc-ac7f-44a8-b1d4-5d10f99cbcf2|127.0.0.1:15039]|listeners:[], old=null}
2025-09-07 09:46:52,713 [e6e13cb3-e32b-4d2d-874a-1e4700c67398@group-9E511D2458D0-LeaderElection273] INFO  impl.LeaderElection (LogUtils.java:infoOrTrace(142)) - e6e13cb3-e32b-4d2d-874a-1e4700c67398@group-9E511D2458D0-LeaderElection273 got exception when requesting votes: java.util.concurrent.ExecutionException: org.apache.ratis.thirdparty.io.grpc.StatusRuntimeException: UNAVAILABLE: io exception
2025-09-07 09:46:52,714 [e6e13cb3-e32b-4d2d-874a-1e4700c67398@group-9E511D2458D0-LeaderElection273] INFO  impl.LeaderElection (LogUtils.java:infoOrTrace(142)) - e6e13cb3-e32b-4d2d-874a-1e4700c67398@group-9E511D2458D0-LeaderElection273 got exception when requesting votes: java.util.concurrent.ExecutionException: org.apache.ratis.thirdparty.io.grpc.StatusRuntimeException: UNAVAILABLE: io exception
2025-09-07 09:46:52,714 [e6e13cb3-e32b-4d2d-874a-1e4700c67398@group-9E511D2458D0-LeaderElection273] INFO  impl.LeaderElection (LeaderElection.java:logAndReturn(206)) - e6e13cb3-e32b-4d2d-874a-1e4700c67398@group-9E511D2458D0-LeaderElection273: PRE_VOTE REJECTED received 0 response(s) and 2 exception(s):
2025-09-07 09:46:52,714 [e6e13cb3-e32b-4d2d-874a-1e4700c67398@group-9E511D2458D0-LeaderElection273] INFO  impl.LeaderElection (LogUtils.java:infoOrTrace(142)) -   Exception 0: java.util.concurrent.ExecutionException: org.apache.ratis.thirdparty.io.grpc.StatusRuntimeException: UNAVAILABLE: io exception
2025-09-07 09:46:52,714 [e6e13cb3-e32b-4d2d-874a-1e4700c67398@group-9E511D2458D0-LeaderElection273] INFO  impl.LeaderElection (LogUtils.java:infoOrTrace(142)) -   Exception 1: java.util.concurrent.ExecutionException: org.apache.ratis.thirdparty.io.grpc.StatusRuntimeException: UNAVAILABLE: io exception
2025-09-07 09:46:52,714 [e6e13cb3-e32b-4d2d-874a-1e4700c67398@group-9E511D2458D0-LeaderElection273] INFO  impl.LeaderElection (LeaderElection.java:askForVotes(450)) - e6e13cb3-e32b-4d2d-874a-1e4700c67398@group-9E511D2458D0-LeaderElection273 PRE_VOTE round 0: result REJECTED
2025-09-07 09:46:52,714 [e6e13cb3-e32b-4d2d-874a-1e4700c67398@group-9E511D2458D0-LeaderElection273] INFO  server.RaftServer$Division (RaftServerImpl.java:setRole(392)) - e6e13cb3-e32b-4d2d-874a-1e4700c67398@group-9E511D2458D0: changes role from CANDIDATE to FOLLOWER at term 1 for REJECTED
2025-09-07 09:46:52,714 [e6e13cb3-e32b-4d2d-874a-1e4700c67398@group-9E511D2458D0-LeaderElection273] INFO  impl.RoleInfo (RoleInfo.java:shutdownLeaderElection(141)) - e6e13cb3-e32b-4d2d-874a-1e4700c67398: shutdown e6e13cb3-e32b-4d2d-874a-1e4700c67398@group-9E511D2458D0-LeaderElection273
2025-09-07 09:46:52,714 [e6e13cb3-e32b-4d2d-874a-1e4700c67398@group-9E511D2458D0-LeaderElection273] INFO  impl.RoleInfo (RoleInfo.java:updateAndGet(148)) - e6e13cb3-e32b-4d2d-874a-1e4700c67398: start e6e13cb3-e32b-4d2d-874a-1e4700c67398@group-9E511D2458D0-FollowerState
2025-09-07 09:46:53,172 [90a60b70-6b91-4fb2-a612-7ac0b6911dfc@group-9E511D2458D0-FollowerState] INFO  impl.FollowerState (FollowerState.java:runImpl(161)) - 90a60b70-6b91-4fb2-a612-7ac0b6911dfc@group-9E511D2458D0-FollowerState: change to CANDIDATE, lastRpcElapsedTime:1197407393ns, electionTimeout:1197ms
2025-09-07 09:46:53,172 [90a60b70-6b91-4fb2-a612-7ac0b6911dfc@group-9E511D2458D0-FollowerState] INFO  impl.RoleInfo (RoleInfo.java:shutdownFollowerState(121)) - 90a60b70-6b91-4fb2-a612-7ac0b6911dfc: shutdown 90a60b70-6b91-4fb2-a612-7ac0b6911dfc@group-9E511D2458D0-FollowerState
2025-09-07 09:46:53,172 [90a60b70-6b91-4fb2-a612-7ac0b6911dfc@group-9E511D2458D0-FollowerState] INFO  server.RaftServer$Division (RaftServerImpl.java:setRole(392)) - 90a60b70-6b91-4fb2-a612-7ac0b6911dfc@group-9E511D2458D0: changes role from  FOLLOWER to CANDIDATE at term 1 for changeToCandidate
2025-09-07 09:46:53,172 [90a60b70-6b91-4fb2-a612-7ac0b6911dfc@group-9E511D2458D0-FollowerState] INFO  impl.RoleInfo (RoleInfo.java:updateAndGet(148)) - 90a60b70-6b91-4fb2-a612-7ac0b6911dfc: start 90a60b70-6b91-4fb2-a612-7ac0b6911dfc@group-9E511D2458D0-LeaderElection274
2025-09-07 09:46:53,173 [90a60b70-6b91-4fb2-a612-7ac0b6911dfc@group-9E511D2458D0-LeaderElection274] INFO  impl.LeaderElection (LeaderElection.java:askForVotes(448)) - 90a60b70-6b91-4fb2-a612-7ac0b6911dfc@group-9E511D2458D0-LeaderElection274 PRE_VOTE round 0: submit vote requests at term 1 for conf: {index: 0, cur=peers:[90a60b70-6b91-4fb2-a612-7ac0b6911dfc|127.0.0.1:15047, e6e13cb3-e32b-4d2d-874a-1e4700c67398|127.0.0.1:15055, 7c7182dc-ac7f-44a8-b1d4-5d10f99cbcf2|127.0.0.1:15039]|listeners:[], old=null}
2025-09-07 09:46:53,174 [grpc-default-executor-2] INFO  server.RaftServer$Division (RaftServerImpl.java:requestVote(1421)) - 7c7182dc-ac7f-44a8-b1d4-5d10f99cbcf2@group-9E511D2458D0: receive requestVote(PRE_VOTE, 90a60b70-6b91-4fb2-a612-7ac0b6911dfc, group-9E511D2458D0, 1, (t:1, i:0))
2025-09-07 09:46:53,174 [grpc-default-executor-2] INFO  impl.VoteContext (VoteContext.java:log(49)) - 7c7182dc-ac7f-44a8-b1d4-5d10f99cbcf2@group-9E511D2458D0-FOLLOWER: accept PRE_VOTE from 90a60b70-6b91-4fb2-a612-7ac0b6911dfc: our priority 0 <= candidate's priority 0
2025-09-07 09:46:53,174 [grpc-default-executor-2] INFO  server.RaftServer$Division (RaftServerImpl.java:requestVote(1455)) - 7c7182dc-ac7f-44a8-b1d4-5d10f99cbcf2@group-9E511D2458D0 replies to PRE_VOTE vote request: 90a60b70-6b91-4fb2-a612-7ac0b6911dfc<-7c7182dc-ac7f-44a8-b1d4-5d10f99cbcf2#0:OK-t1-last:(t:1, i:0). Peer's state: 7c7182dc-ac7f-44a8-b1d4-5d10f99cbcf2@group-9E511D2458D0:t1, leader=null, voted=e6e13cb3-e32b-4d2d-874a-1e4700c67398, raftlog=Memoized:7c7182dc-ac7f-44a8-b1d4-5d10f99cbcf2@group-9E511D2458D0-SegmentedRaftLog:OPENED:c0:last(t:1, i:0), conf=conf: {index: 0, cur=peers:[90a60b70-6b91-4fb2-a612-7ac0b6911dfc|127.0.0.1:15047, e6e13cb3-e32b-4d2d-874a-1e4700c67398|127.0.0.1:15055, 7c7182dc-ac7f-44a8-b1d4-5d10f99cbcf2|127.0.0.1:15039]|listeners:[], old=null}
2025-09-07 09:46:53,174 [grpc-default-executor-11] INFO  server.RaftServer$Division (RaftServerImpl.java:requestVote(1421)) - e6e13cb3-e32b-4d2d-874a-1e4700c67398@group-9E511D2458D0: receive requestVote(PRE_VOTE, 90a60b70-6b91-4fb2-a612-7ac0b6911dfc, group-9E511D2458D0, 1, (t:1, i:0))
2025-09-07 09:46:53,174 [grpc-default-executor-11] INFO  impl.VoteContext (VoteContext.java:log(49)) - e6e13cb3-e32b-4d2d-874a-1e4700c67398@group-9E511D2458D0-FOLLOWER: reject PRE_VOTE from 90a60b70-6b91-4fb2-a612-7ac0b6911dfc: our priority 1 > candidate's priority 0
2025-09-07 09:46:53,174 [grpc-default-executor-11] INFO  server.RaftServer$Division (RaftServerImpl.java:requestVote(1455)) - e6e13cb3-e32b-4d2d-874a-1e4700c67398@group-9E511D2458D0 replies to PRE_VOTE vote request: 90a60b70-6b91-4fb2-a612-7ac0b6911dfc<-e6e13cb3-e32b-4d2d-874a-1e4700c67398#0:FAIL-t1-last:(t:1, i:0). Peer's state: e6e13cb3-e32b-4d2d-874a-1e4700c67398@group-9E511D2458D0:t1, leader=null, voted=e6e13cb3-e32b-4d2d-874a-1e4700c67398, raftlog=Memoized:e6e13cb3-e32b-4d2d-874a-1e4700c67398@group-9E511D2458D0-SegmentedRaftLog:OPENED:c0:last(t:1, i:0), conf=conf: {index: 0, cur=peers:[90a60b70-6b91-4fb2-a612-7ac0b6911dfc|127.0.0.1:15047, e6e13cb3-e32b-4d2d-874a-1e4700c67398|127.0.0.1:15055, 7c7182dc-ac7f-44a8-b1d4-5d10f99cbcf2|127.0.0.1:15039]|listeners:[], old=null}
2025-09-07 09:46:53,175 [90a60b70-6b91-4fb2-a612-7ac0b6911dfc@group-9E511D2458D0-LeaderElection274] INFO  impl.LeaderElection (LeaderElection.java:logAndReturn(206)) - 90a60b70-6b91-4fb2-a612-7ac0b6911dfc@group-9E511D2458D0-LeaderElection274: PRE_VOTE REJECTED received 1 response(s) and 0 exception(s):
2025-09-07 09:46:53,175 [90a60b70-6b91-4fb2-a612-7ac0b6911dfc@group-9E511D2458D0-LeaderElection274] INFO  impl.LeaderElection (LeaderElection.java:logAndReturn(210)) -   Response 0: 90a60b70-6b91-4fb2-a612-7ac0b6911dfc<-e6e13cb3-e32b-4d2d-874a-1e4700c67398#0:FAIL-t1-last:(t:1, i:0)
2025-09-07 09:46:53,175 [90a60b70-6b91-4fb2-a612-7ac0b6911dfc@group-9E511D2458D0-LeaderElection274] INFO  impl.LeaderElection (LeaderElection.java:askForVotes(450)) - 90a60b70-6b91-4fb2-a612-7ac0b6911dfc@group-9E511D2458D0-LeaderElection274 PRE_VOTE round 0: result REJECTED
2025-09-07 09:46:53,175 [90a60b70-6b91-4fb2-a612-7ac0b6911dfc@group-9E511D2458D0-LeaderElection274] INFO  server.RaftServer$Division (RaftServerImpl.java:setRole(392)) - 90a60b70-6b91-4fb2-a612-7ac0b6911dfc@group-9E511D2458D0: changes role from CANDIDATE to FOLLOWER at term 1 for REJECTED
2025-09-07 09:46:53,175 [90a60b70-6b91-4fb2-a612-7ac0b6911dfc@group-9E511D2458D0-LeaderElection274] INFO  impl.RoleInfo (RoleInfo.java:shutdownLeaderElection(141)) - 90a60b70-6b91-4fb2-a612-7ac0b6911dfc: shutdown 90a60b70-6b91-4fb2-a612-7ac0b6911dfc@group-9E511D2458D0-LeaderElection274
2025-09-07 09:46:53,175 [90a60b70-6b91-4fb2-a612-7ac0b6911dfc@group-9E511D2458D0-LeaderElection274] INFO  impl.RoleInfo (RoleInfo.java:updateAndGet(148)) - 90a60b70-6b91-4fb2-a612-7ac0b6911dfc: start 90a60b70-6b91-4fb2-a612-7ac0b6911dfc@group-9E511D2458D0-FollowerState
2025-09-07 09:46:53,330 [ff2509eb-55dd-4ad3-b532-83d6209e1a92@group-77DC33C8A8CA-FollowerState] INFO  impl.FollowerState (FollowerState.java:runImpl(161)) - ff2509eb-55dd-4ad3-b532-83d6209e1a92@group-77DC33C8A8CA-FollowerState: change to CANDIDATE, lastRpcElapsedTime:1028372312ns, electionTimeout:1028ms
2025-09-07 09:46:53,331 [ff2509eb-55dd-4ad3-b532-83d6209e1a92@group-77DC33C8A8CA-FollowerState] INFO  impl.RoleInfo (RoleInfo.java:shutdownFollowerState(121)) - ff2509eb-55dd-4ad3-b532-83d6209e1a92: shutdown ff2509eb-55dd-4ad3-b532-83d6209e1a92@group-77DC33C8A8CA-FollowerState
2025-09-07 09:46:53,331 [ff2509eb-55dd-4ad3-b532-83d6209e1a92@group-77DC33C8A8CA-FollowerState] INFO  server.RaftServer$Division (RaftServerImpl.java:setRole(392)) - ff2509eb-55dd-4ad3-b532-83d6209e1a92@group-77DC33C8A8CA: changes role from  FOLLOWER to CANDIDATE at term 4 for changeToCandidate
2025-09-07 09:46:53,331 [ff2509eb-55dd-4ad3-b532-83d6209e1a92@group-77DC33C8A8CA-FollowerState] INFO  impl.RoleInfo (RoleInfo.java:updateAndGet(148)) - ff2509eb-55dd-4ad3-b532-83d6209e1a92: start ff2509eb-55dd-4ad3-b532-83d6209e1a92@group-77DC33C8A8CA-LeaderElection275
2025-09-07 09:46:53,331 [ff2509eb-55dd-4ad3-b532-83d6209e1a92@group-77DC33C8A8CA-LeaderElection275] INFO  impl.LeaderElection (LeaderElection.java:askForVotes(448)) - ff2509eb-55dd-4ad3-b532-83d6209e1a92@group-77DC33C8A8CA-LeaderElection275 PRE_VOTE round 0: submit vote requests at term 4 for conf: {index: 5, cur=peers:[95d41743-cdf0-4105-938b-93fe980aeffc|127.0.0.1:15031, 8500c972-c6d1-4433-9d49-a8e3bb920002|127.0.0.1:15023, ff2509eb-55dd-4ad3-b532-83d6209e1a92|127.0.0.1:15015]|listeners:[], old=null}
2025-09-07 09:46:53,331 [ff2509eb-55dd-4ad3-b532-83d6209e1a92@group-DDE89B3F2AFE-FollowerState] INFO  impl.FollowerState (FollowerState.java:runImpl(161)) - ff2509eb-55dd-4ad3-b532-83d6209e1a92@group-DDE89B3F2AFE-FollowerState: change to CANDIDATE, lastRpcElapsedTime:1027342623ns, electionTimeout:1027ms
2025-09-07 09:46:53,331 [ff2509eb-55dd-4ad3-b532-83d6209e1a92@group-DDE89B3F2AFE-FollowerState] INFO  impl.RoleInfo (RoleInfo.java:shutdownFollowerState(121)) - ff2509eb-55dd-4ad3-b532-83d6209e1a92: shutdown ff2509eb-55dd-4ad3-b532-83d6209e1a92@group-DDE89B3F2AFE-FollowerState
2025-09-07 09:46:53,331 [ff2509eb-55dd-4ad3-b532-83d6209e1a92@group-DDE89B3F2AFE-FollowerState] INFO  server.RaftServer$Division (RaftServerImpl.java:setRole(392)) - ff2509eb-55dd-4ad3-b532-83d6209e1a92@group-DDE89B3F2AFE: changes role from  FOLLOWER to CANDIDATE at term 2 for changeToCandidate
2025-09-07 09:46:53,331 [ff2509eb-55dd-4ad3-b532-83d6209e1a92@group-DDE89B3F2AFE-FollowerState] INFO  impl.RoleInfo (RoleInfo.java:updateAndGet(148)) - ff2509eb-55dd-4ad3-b532-83d6209e1a92: start ff2509eb-55dd-4ad3-b532-83d6209e1a92@group-DDE89B3F2AFE-LeaderElection276
2025-09-07 09:46:53,331 [ff2509eb-55dd-4ad3-b532-83d6209e1a92@group-77DC33C8A8CA-LeaderElection275-1] INFO  server.GrpcServerProtocolClient (GrpcServerProtocolClient.java:<init>(65)) - Build channel for 95d41743-cdf0-4105-938b-93fe980aeffc|127.0.0.1:15031
2025-09-07 09:46:53,332 [ff2509eb-55dd-4ad3-b532-83d6209e1a92@group-77DC33C8A8CA-LeaderElection275-2] INFO  server.GrpcServerProtocolClient (GrpcServerProtocolClient.java:<init>(65)) - Build channel for 8500c972-c6d1-4433-9d49-a8e3bb920002|127.0.0.1:15023
2025-09-07 09:46:53,333 [ff2509eb-55dd-4ad3-b532-83d6209e1a92@group-DDE89B3F2AFE-LeaderElection276] INFO  impl.LeaderElection (LeaderElection.java:askForVotes(448)) - ff2509eb-55dd-4ad3-b532-83d6209e1a92@group-DDE89B3F2AFE-LeaderElection276 PRE_VOTE round 0: submit vote requests at term 2 for conf: {index: 4, cur=peers:[95d41743-cdf0-4105-938b-93fe980aeffc|127.0.0.1:15031, 8500c972-c6d1-4433-9d49-a8e3bb920002|127.0.0.1:15023, ff2509eb-55dd-4ad3-b532-83d6209e1a92|127.0.0.1:15015]|listeners:[], old=null}
2025-09-07 09:46:53,335 [grpc-default-executor-8] INFO  server.RaftServer$Division (RaftServerImpl.java:requestVote(1421)) - 95d41743-cdf0-4105-938b-93fe980aeffc@group-77DC33C8A8CA: receive requestVote(PRE_VOTE, ff2509eb-55dd-4ad3-b532-83d6209e1a92, group-77DC33C8A8CA, 4, (t:4, i:6))
2025-09-07 09:46:53,335 [grpc-default-executor-9] INFO  server.RaftServer$Division (RaftServerImpl.java:requestVote(1421)) - 8500c972-c6d1-4433-9d49-a8e3bb920002@group-DDE89B3F2AFE: receive requestVote(PRE_VOTE, ff2509eb-55dd-4ad3-b532-83d6209e1a92, group-DDE89B3F2AFE, 2, (t:2, i:20))
2025-09-07 09:46:53,335 [grpc-default-executor-8] INFO  impl.VoteContext (VoteContext.java:log(49)) - 95d41743-cdf0-4105-938b-93fe980aeffc@group-77DC33C8A8CA-FOLLOWER: reject PRE_VOTE from ff2509eb-55dd-4ad3-b532-83d6209e1a92: this server is a follower and still has a valid leader 8500c972-c6d1-4433-9d49-a8e3bb920002 different than the candidate ff2509eb-55dd-4ad3-b532-83d6209e1a92
2025-09-07 09:46:53,335 [grpc-default-executor-9] INFO  impl.VoteContext (VoteContext.java:log(49)) - 8500c972-c6d1-4433-9d49-a8e3bb920002@group-DDE89B3F2AFE-FOLLOWER: reject PRE_VOTE from ff2509eb-55dd-4ad3-b532-83d6209e1a92: this server is a follower and still has a valid leader 95d41743-cdf0-4105-938b-93fe980aeffc different than the candidate ff2509eb-55dd-4ad3-b532-83d6209e1a92
2025-09-07 09:46:53,335 [grpc-default-executor-9] INFO  server.RaftServer$Division (RaftServerImpl.java:requestVote(1455)) - 8500c972-c6d1-4433-9d49-a8e3bb920002@group-DDE89B3F2AFE replies to PRE_VOTE vote request: ff2509eb-55dd-4ad3-b532-83d6209e1a92<-8500c972-c6d1-4433-9d49-a8e3bb920002#0:FAIL-t2-last:(t:2, i:30). Peer's state: 8500c972-c6d1-4433-9d49-a8e3bb920002@group-DDE89B3F2AFE:t2, leader=95d41743-cdf0-4105-938b-93fe980aeffc, voted=null, raftlog=Memoized:8500c972-c6d1-4433-9d49-a8e3bb920002@group-DDE89B3F2AFE-SegmentedRaftLog:OPENED:c30:last(t:2, i:30), conf=conf: {index: 4, cur=peers:[95d41743-cdf0-4105-938b-93fe980aeffc|127.0.0.1:15031, 8500c972-c6d1-4433-9d49-a8e3bb920002|127.0.0.1:15023, ff2509eb-55dd-4ad3-b532-83d6209e1a92|127.0.0.1:15015]|listeners:[], old=null}
2025-09-07 09:46:53,335 [grpc-default-executor-2] INFO  server.RaftServer$Division (RaftServerImpl.java:requestVote(1421)) - 95d41743-cdf0-4105-938b-93fe980aeffc@group-DDE89B3F2AFE: receive requestVote(PRE_VOTE, ff2509eb-55dd-4ad3-b532-83d6209e1a92, group-DDE89B3F2AFE, 2, (t:2, i:20))
2025-09-07 09:46:53,336 [grpc-default-executor-11] INFO  server.RaftServer$Division (RaftServerImpl.java:requestVote(1421)) - 8500c972-c6d1-4433-9d49-a8e3bb920002@group-77DC33C8A8CA: receive requestVote(PRE_VOTE, ff2509eb-55dd-4ad3-b532-83d6209e1a92, group-77DC33C8A8CA, 4, (t:4, i:6))
2025-09-07 09:46:53,335 [grpc-default-executor-8] INFO  server.RaftServer$Division (RaftServerImpl.java:requestVote(1455)) - 95d41743-cdf0-4105-938b-93fe980aeffc@group-77DC33C8A8CA replies to PRE_VOTE vote request: ff2509eb-55dd-4ad3-b532-83d6209e1a92<-95d41743-cdf0-4105-938b-93fe980aeffc#0:FAIL-t5-last:(t:5, i:12). Peer's state: 95d41743-cdf0-4105-938b-93fe980aeffc@group-77DC33C8A8CA:t5, leader=8500c972-c6d1-4433-9d49-a8e3bb920002, voted=8500c972-c6d1-4433-9d49-a8e3bb920002, raftlog=Memoized:95d41743-cdf0-4105-938b-93fe980aeffc@group-77DC33C8A8CA-SegmentedRaftLog:OPENED:c12:last(t:5, i:12), conf=conf: {index: 7, cur=peers:[95d41743-cdf0-4105-938b-93fe980aeffc|127.0.0.1:15031, 8500c972-c6d1-4433-9d49-a8e3bb920002|127.0.0.1:15023, ff2509eb-55dd-4ad3-b532-83d6209e1a92|127.0.0.1:15015]|listeners:[], old=null}
2025-09-07 09:46:53,336 [grpc-default-executor-11] INFO  impl.VoteContext (VoteContext.java:log(49)) - 8500c972-c6d1-4433-9d49-a8e3bb920002@group-77DC33C8A8CA-LEADER: reject PRE_VOTE from ff2509eb-55dd-4ad3-b532-83d6209e1a92: this server is the leader and still has leadership
2025-09-07 09:46:53,336 [grpc-default-executor-11] INFO  server.RaftServer$Division (RaftServerImpl.java:requestVote(1455)) - 8500c972-c6d1-4433-9d49-a8e3bb920002@group-77DC33C8A8CA replies to PRE_VOTE vote request: ff2509eb-55dd-4ad3-b532-83d6209e1a92<-8500c972-c6d1-4433-9d49-a8e3bb920002#0:FAIL-t5-last:(t:5, i:12). Peer's state: 8500c972-c6d1-4433-9d49-a8e3bb920002@group-77DC33C8A8CA:t5, leader=8500c972-c6d1-4433-9d49-a8e3bb920002, voted=8500c972-c6d1-4433-9d49-a8e3bb920002, raftlog=Memoized:8500c972-c6d1-4433-9d49-a8e3bb920002@group-77DC33C8A8CA-SegmentedRaftLog:OPENED:c12:last(t:5, i:12), conf=conf: {index: 7, cur=peers:[95d41743-cdf0-4105-938b-93fe980aeffc|127.0.0.1:15031, 8500c972-c6d1-4433-9d49-a8e3bb920002|127.0.0.1:15023, ff2509eb-55dd-4ad3-b532-83d6209e1a92|127.0.0.1:15015]|listeners:[], old=null}
2025-09-07 09:46:53,336 [grpc-default-executor-2] INFO  impl.VoteContext (VoteContext.java:log(49)) - 95d41743-cdf0-4105-938b-93fe980aeffc@group-DDE89B3F2AFE-LEADER: reject PRE_VOTE from ff2509eb-55dd-4ad3-b532-83d6209e1a92: this server is the leader and still has leadership
2025-09-07 09:46:53,336 [grpc-default-executor-2] INFO  server.RaftServer$Division (RaftServerImpl.java:requestVote(1455)) - 95d41743-cdf0-4105-938b-93fe980aeffc@group-DDE89B3F2AFE replies to PRE_VOTE vote request: ff2509eb-55dd-4ad3-b532-83d6209e1a92<-95d41743-cdf0-4105-938b-93fe980aeffc#0:FAIL-t2-last:(t:2, i:30). Peer's state: 95d41743-cdf0-4105-938b-93fe980aeffc@group-DDE89B3F2AFE:t2, leader=95d41743-cdf0-4105-938b-93fe980aeffc, voted=95d41743-cdf0-4105-938b-93fe980aeffc, raftlog=Memoized:95d41743-cdf0-4105-938b-93fe980aeffc@group-DDE89B3F2AFE-SegmentedRaftLog:OPENED:c30:last(t:2, i:30), conf=conf: {index: 4, cur=peers:[95d41743-cdf0-4105-938b-93fe980aeffc|127.0.0.1:15031, 8500c972-c6d1-4433-9d49-a8e3bb920002|127.0.0.1:15023, ff2509eb-55dd-4ad3-b532-83d6209e1a92|127.0.0.1:15015]|listeners:[], old=null}
2025-09-07 09:46:53,337 [ff2509eb-55dd-4ad3-b532-83d6209e1a92@group-77DC33C8A8CA-LeaderElection275] INFO  impl.LeaderElection (LeaderElection.java:logAndReturn(206)) - ff2509eb-55dd-4ad3-b532-83d6209e1a92@group-77DC33C8A8CA-LeaderElection275: PRE_VOTE DISCOVERED_A_NEW_TERM (term=5) received 1 response(s) and 0 exception(s):
2025-09-07 09:46:53,337 [ff2509eb-55dd-4ad3-b532-83d6209e1a92@group-77DC33C8A8CA-LeaderElection275] INFO  impl.LeaderElection (LeaderElection.java:logAndReturn(210)) -   Response 0: ff2509eb-55dd-4ad3-b532-83d6209e1a92<-95d41743-cdf0-4105-938b-93fe980aeffc#0:FAIL-t5-last:(t:5, i:12)
2025-09-07 09:46:53,337 [ff2509eb-55dd-4ad3-b532-83d6209e1a92@group-DDE89B3F2AFE-LeaderElection276] INFO  impl.LeaderElection (LeaderElection.java:logAndReturn(206)) - ff2509eb-55dd-4ad3-b532-83d6209e1a92@group-DDE89B3F2AFE-LeaderElection276: PRE_VOTE REJECTED received 2 response(s) and 0 exception(s):
2025-09-07 09:46:53,337 [ff2509eb-55dd-4ad3-b532-83d6209e1a92@group-DDE89B3F2AFE-LeaderElection276] INFO  impl.LeaderElection (LeaderElection.java:logAndReturn(210)) -   Response 0: ff2509eb-55dd-4ad3-b532-83d6209e1a92<-95d41743-cdf0-4105-938b-93fe980aeffc#0:FAIL-t2-last:(t:2, i:30)
2025-09-07 09:46:53,338 [ff2509eb-55dd-4ad3-b532-83d6209e1a92@group-DDE89B3F2AFE-LeaderElection276] INFO  impl.LeaderElection (LeaderElection.java:logAndReturn(210)) -   Response 1: ff2509eb-55dd-4ad3-b532-83d6209e1a92<-8500c972-c6d1-4433-9d49-a8e3bb920002#0:FAIL-t2-last:(t:2, i:30)
2025-09-07 09:46:53,337 [ff2509eb-55dd-4ad3-b532-83d6209e1a92@group-77DC33C8A8CA-LeaderElection275] INFO  impl.LeaderElection (LeaderElection.java:askForVotes(450)) - ff2509eb-55dd-4ad3-b532-83d6209e1a92@group-77DC33C8A8CA-LeaderElection275 PRE_VOTE round 0: result DISCOVERED_A_NEW_TERM (term=5)
2025-09-07 09:46:53,338 [ff2509eb-55dd-4ad3-b532-83d6209e1a92@group-77DC33C8A8CA-LeaderElection275] INFO  server.RaftServer$Division (RaftServerImpl.java:setRole(392)) - ff2509eb-55dd-4ad3-b532-83d6209e1a92@group-77DC33C8A8CA: changes role from CANDIDATE to FOLLOWER at term 4 for DISCOVERED_A_NEW_TERM (term=5)
2025-09-07 09:46:53,338 [ff2509eb-55dd-4ad3-b532-83d6209e1a92@group-77DC33C8A8CA-LeaderElection275] INFO  impl.RoleInfo (RoleInfo.java:shutdownLeaderElection(141)) - ff2509eb-55dd-4ad3-b532-83d6209e1a92: shutdown ff2509eb-55dd-4ad3-b532-83d6209e1a92@group-77DC33C8A8CA-LeaderElection275
2025-09-07 09:46:53,338 [ff2509eb-55dd-4ad3-b532-83d6209e1a92@group-77DC33C8A8CA-LeaderElection275] INFO  impl.RoleInfo (RoleInfo.java:updateAndGet(148)) - ff2509eb-55dd-4ad3-b532-83d6209e1a92: start ff2509eb-55dd-4ad3-b532-83d6209e1a92@group-77DC33C8A8CA-FollowerState
2025-09-07 09:46:53,338 [ff2509eb-55dd-4ad3-b532-83d6209e1a92@group-DDE89B3F2AFE-LeaderElection276] INFO  impl.LeaderElection (LeaderElection.java:askForVotes(450)) - ff2509eb-55dd-4ad3-b532-83d6209e1a92@group-DDE89B3F2AFE-LeaderElection276 PRE_VOTE round 0: result REJECTED
2025-09-07 09:46:53,339 [ff2509eb-55dd-4ad3-b532-83d6209e1a92@group-DDE89B3F2AFE-LeaderElection276] INFO  server.RaftServer$Division (RaftServerImpl.java:setRole(392)) - ff2509eb-55dd-4ad3-b532-83d6209e1a92@group-DDE89B3F2AFE: changes role from CANDIDATE to FOLLOWER at term 2 for REJECTED
2025-09-07 09:46:53,339 [ff2509eb-55dd-4ad3-b532-83d6209e1a92@group-DDE89B3F2AFE-LeaderElection276] INFO  impl.RoleInfo (RoleInfo.java:shutdownLeaderElection(141)) - ff2509eb-55dd-4ad3-b532-83d6209e1a92: shutdown ff2509eb-55dd-4ad3-b532-83d6209e1a92@group-DDE89B3F2AFE-LeaderElection276
2025-09-07 09:46:53,339 [ff2509eb-55dd-4ad3-b532-83d6209e1a92@group-DDE89B3F2AFE-LeaderElection276] INFO  impl.RoleInfo (RoleInfo.java:updateAndGet(148)) - ff2509eb-55dd-4ad3-b532-83d6209e1a92: start ff2509eb-55dd-4ad3-b532-83d6209e1a92@group-DDE89B3F2AFE-FollowerState
2025-09-07 09:46:53,339 [ff2509eb-55dd-4ad3-b532-83d6209e1a92@group-77DC33C8A8CA-LeaderElection275] INFO  server.RaftServer$Division (RaftServerImpl.java:setFirstElection(576)) - ff2509eb-55dd-4ad3-b532-83d6209e1a92@group-77DC33C8A8CA: set firstElectionSinceStartup to false for DISCOVERED_A_NEW_TERM (term=5)
2025-09-07 09:46:53,339 [ff2509eb-55dd-4ad3-b532-83d6209e1a92@group-DDE89B3F2AFE-LeaderElection276] INFO  server.RaftServer$Division (RaftServerImpl.java:setFirstElection(576)) - ff2509eb-55dd-4ad3-b532-83d6209e1a92@group-DDE89B3F2AFE: set firstElectionSinceStartup to false for REJECTED
2025-09-07 09:46:53,394 [timer0] INFO  server.GrpcServerProtocolService (GrpcServerProtocolService.java:lambda$onCompleted$6(171)) - 95d41743-cdf0-4105-938b-93fe980aeffc: Completed APPEND_ENTRIES, lastRequest: null  (Repeated 2 times in the last 5.000s)
2025-09-07 09:46:53,394 [timer1] INFO  server.GrpcServerProtocolService (GrpcServerProtocolService.java:lambda$null$7(175)) - 95d41743-cdf0-4105-938b-93fe980aeffc: Completed APPEND_ENTRIES, lastReply: serverReply {
  requestorId: "ff2509eb-55dd-4ad3-b532-83d6209e1a92"
  replyId: "95d41743-cdf0-4105-938b-93fe980aeffc"
  raftGroupId {
    id: "va\025\345\rYM\265\267\265w\3343\310\250\312"
  }
  callId: 246
  success: true
}
term: 4
nextIndex: 7
followerCommit: 6
matchIndex: 18446744073709551615
isHearbeat: true
  (Repeated 2 times in the last 5.000s)
2025-09-07 09:46:53,395 [timer2] INFO  server.GrpcServerProtocolService (GrpcServerProtocolService.java:lambda$onCompleted$6(171)) - 8500c972-c6d1-4433-9d49-a8e3bb920002: Completed APPEND_ENTRIES, lastRequest: null  (Repeated 2 times in the last 5.000s)
2025-09-07 09:46:53,395 [timer3] INFO  server.GrpcServerProtocolService (GrpcServerProtocolService.java:lambda$null$7(175)) - 8500c972-c6d1-4433-9d49-a8e3bb920002: Completed APPEND_ENTRIES, lastReply: serverReply {
  requestorId: "ff2509eb-55dd-4ad3-b532-83d6209e1a92"
  replyId: "8500c972-c6d1-4433-9d49-a8e3bb920002"
  raftGroupId {
    id: "va\025\345\rYM\265\267\265w\3343\310\250\312"
  }
  callId: 245
  success: true
}
term: 4
nextIndex: 7
followerCommit: 6
matchIndex: 18446744073709551615
isHearbeat: true
  (Repeated 2 times in the last 5.000s)
2025-09-07 09:46:53,402 [timer4] WARN  server.GrpcLogAppender (LogUtils.java:warn(127)) - 95d41743-cdf0-4105-938b-93fe980aeffc@group-DDE89B3F2AFE->ff2509eb-55dd-4ad3-b532-83d6209e1a92-AppendLogResponseHandler: Failed appendEntries (Repeated 32 times in the last 5.000s): org.apache.ratis.thirdparty.io.grpc.StatusRuntimeException: UNAVAILABLE: io exception
  Caused by: org.apache.ratis.thirdparty.io.netty.channel.AbstractChannel$AnnotatedConnectException: finishConnect(..) failed: Connection refused: /127.0.0.1:15015
  Caused by: java.net.ConnectException: finishConnect(..) failed: Connection refused
2025-09-07 09:46:53,403 [timer5] WARN  server.GrpcLogAppender (GrpcLogAppender.java:lambda$resetClient$1(228)) - 95d41743-cdf0-4105-938b-93fe980aeffc@group-DDE89B3F2AFE->ff2509eb-55dd-4ad3-b532-83d6209e1a92-GrpcLogAppender: Follower failed (request=null, errorCount=16); keep nextIndex (21) unchanged and retry. (Repeated 16 times in the last 5.000s)
2025-09-07 09:46:53,424 [ff2509eb-55dd-4ad3-b532-83d6209e1a92@group-8F87D7C2BFC6-FollowerState] INFO  impl.FollowerState (FollowerState.java:runImpl(161)) - ff2509eb-55dd-4ad3-b532-83d6209e1a92@group-8F87D7C2BFC6-FollowerState: change to CANDIDATE, lastRpcElapsedTime:1127224450ns, electionTimeout:1125ms
2025-09-07 09:46:53,424 [ff2509eb-55dd-4ad3-b532-83d6209e1a92@group-8F87D7C2BFC6-FollowerState] INFO  impl.RoleInfo (RoleInfo.java:shutdownFollowerState(121)) - ff2509eb-55dd-4ad3-b532-83d6209e1a92: shutdown ff2509eb-55dd-4ad3-b532-83d6209e1a92@group-8F87D7C2BFC6-FollowerState
2025-09-07 09:46:53,424 [ff2509eb-55dd-4ad3-b532-83d6209e1a92@group-8F87D7C2BFC6-FollowerState] INFO  server.RaftServer$Division (RaftServerImpl.java:setRole(392)) - ff2509eb-55dd-4ad3-b532-83d6209e1a92@group-8F87D7C2BFC6: changes role from  FOLLOWER to CANDIDATE at term 2 for changeToCandidate
2025-09-07 09:46:53,424 [ff2509eb-55dd-4ad3-b532-83d6209e1a92@group-8F87D7C2BFC6-FollowerState] INFO  impl.RoleInfo (RoleInfo.java:updateAndGet(148)) - ff2509eb-55dd-4ad3-b532-83d6209e1a92: start ff2509eb-55dd-4ad3-b532-83d6209e1a92@group-8F87D7C2BFC6-LeaderElection277
2025-09-07 09:46:53,424 [ff2509eb-55dd-4ad3-b532-83d6209e1a92@group-8F87D7C2BFC6-LeaderElection277] INFO  impl.LeaderElection (LeaderElection.java:askForVotes(448)) - ff2509eb-55dd-4ad3-b532-83d6209e1a92@group-8F87D7C2BFC6-LeaderElection277 PRE_VOTE round 0: submit vote requests at term 2 for conf: {index: 1, cur=peers:[ff2509eb-55dd-4ad3-b532-83d6209e1a92|127.0.0.1:15015]|listeners:[], old=null}
2025-09-07 09:46:53,424 [ff2509eb-55dd-4ad3-b532-83d6209e1a92@group-8F87D7C2BFC6-LeaderElection277] INFO  impl.LeaderElection (LeaderElection.java:askForVotes(450)) - ff2509eb-55dd-4ad3-b532-83d6209e1a92@group-8F87D7C2BFC6-LeaderElection277 PRE_VOTE round 0: result PASSED (term=2)
2025-09-07 09:46:53,426 [ff2509eb-55dd-4ad3-b532-83d6209e1a92@group-8F87D7C2BFC6-LeaderElection277] INFO  impl.LeaderElection (LeaderElection.java:askForVotes(448)) - ff2509eb-55dd-4ad3-b532-83d6209e1a92@group-8F87D7C2BFC6-LeaderElection277 ELECTION round 0: submit vote requests at term 3 for conf: {index: 1, cur=peers:[ff2509eb-55dd-4ad3-b532-83d6209e1a92|127.0.0.1:15015]|listeners:[], old=null}
2025-09-07 09:46:53,426 [ff2509eb-55dd-4ad3-b532-83d6209e1a92@group-8F87D7C2BFC6-LeaderElection277] INFO  impl.LeaderElection (LeaderElection.java:askForVotes(450)) - ff2509eb-55dd-4ad3-b532-83d6209e1a92@group-8F87D7C2BFC6-LeaderElection277 ELECTION round 0: result PASSED (term=3)
2025-09-07 09:46:53,426 [ff2509eb-55dd-4ad3-b532-83d6209e1a92@group-8F87D7C2BFC6-LeaderElection277] INFO  impl.RoleInfo (RoleInfo.java:shutdownLeaderElection(141)) - ff2509eb-55dd-4ad3-b532-83d6209e1a92: shutdown ff2509eb-55dd-4ad3-b532-83d6209e1a92@group-8F87D7C2BFC6-LeaderElection277
2025-09-07 09:46:53,426 [ff2509eb-55dd-4ad3-b532-83d6209e1a92@group-8F87D7C2BFC6-LeaderElection277] INFO  server.RaftServer$Division (RaftServerImpl.java:setRole(392)) - ff2509eb-55dd-4ad3-b532-83d6209e1a92@group-8F87D7C2BFC6: changes role from CANDIDATE to LEADER at term 3 for changeToLeader
2025-09-07 09:46:53,426 [ff2509eb-55dd-4ad3-b532-83d6209e1a92@group-8F87D7C2BFC6-LeaderElection277] INFO  server.RaftServerConfigKeys (ConfUtils.java:logFallback(69)) - raft.server.staging.timeout = 3600ms (fallback to raft.server.rpc.timeout.max)
2025-09-07 09:46:53,426 [ff2509eb-55dd-4ad3-b532-83d6209e1a92@group-8F87D7C2BFC6-LeaderElection277] INFO  server.RaftServerConfigKeys (ConfUtils.java:logGet(62)) - raft.server.write.byte-limit = 1024 M (=1073741824) (custom)
2025-09-07 09:46:53,427 [ff2509eb-55dd-4ad3-b532-83d6209e1a92@group-8F87D7C2BFC6-LeaderElection277] INFO  impl.RoleInfo (RoleInfo.java:updateAndGet(148)) - ff2509eb-55dd-4ad3-b532-83d6209e1a92: start ff2509eb-55dd-4ad3-b532-83d6209e1a92@group-8F87D7C2BFC6-LeaderStateImpl
2025-09-07 09:46:53,427 [ff2509eb-55dd-4ad3-b532-83d6209e1a92@group-8F87D7C2BFC6-LeaderElection277] INFO  server.RaftServer$Division (RaftServerImpl.java:setFirstElection(576)) - ff2509eb-55dd-4ad3-b532-83d6209e1a92@group-8F87D7C2BFC6: set firstElectionSinceStartup to false for becomeLeader
2025-09-07 09:46:53,427 [ff2509eb-55dd-4ad3-b532-83d6209e1a92@group-8F87D7C2BFC6-LeaderElection277] INFO  ratis.XceiverServerRatis (XceiverServerRatis.java:handleLeaderChangedNotification(947)) - Leader change notification received for group: group-8F87D7C2BFC6 with new leaderId: ff2509eb-55dd-4ad3-b532-83d6209e1a92
2025-09-07 09:46:53,428 [ff2509eb-55dd-4ad3-b532-83d6209e1a92@group-8F87D7C2BFC6-LeaderElection277] INFO  server.RaftServer$Division (ServerState.java:setLeader(272)) - ff2509eb-55dd-4ad3-b532-83d6209e1a92@group-8F87D7C2BFC6: change Leader from null to ff2509eb-55dd-4ad3-b532-83d6209e1a92 at term 3 for becomeLeader, leader elected after 1837ms
2025-09-07 09:46:53,428 [ff2509eb-55dd-4ad3-b532-83d6209e1a92@group-8F87D7C2BFC6-LeaderElection277] INFO  segmented.SegmentedRaftLogWorker (SegmentedRaftLogWorker.java:rollLogSegment(445)) - ff2509eb-55dd-4ad3-b532-83d6209e1a92@group-8F87D7C2BFC6-SegmentedRaftLogWorker: Rolling segment log-1_2 to index:2
2025-09-07 09:46:53,428 [ff2509eb-55dd-4ad3-b532-83d6209e1a92@group-8F87D7C2BFC6-SegmentedRaftLogWorker] INFO  segmented.SegmentedRaftLogWorker (SegmentedRaftLogWorker.java:execute(604)) - ff2509eb-55dd-4ad3-b532-83d6209e1a92@group-8F87D7C2BFC6-SegmentedRaftLogWorker: Rolled log segment from /home/runner/work/ozone/ozone/hadoop-ozone/integration-test/target/test-dir/MiniOzoneClusterImpl-023d5a78-e64c-43f3-a4d9-6f7884931d6c/ozone-metadata/datanode-1/ratis/84ca9d0f-7cf9-4c2b-a636-8f87d7c2bfc6/current/log_inprogress_1 to /home/runner/work/ozone/ozone/hadoop-ozone/integration-test/target/test-dir/MiniOzoneClusterImpl-023d5a78-e64c-43f3-a4d9-6f7884931d6c/ozone-metadata/datanode-1/ratis/84ca9d0f-7cf9-4c2b-a636-8f87d7c2bfc6/current/log_1-2
2025-09-07 09:46:53,428 [ff2509eb-55dd-4ad3-b532-83d6209e1a92@group-8F87D7C2BFC6-LeaderElection277] INFO  server.RaftServer$Division (ServerState.java:setRaftConf(386)) - ff2509eb-55dd-4ad3-b532-83d6209e1a92@group-8F87D7C2BFC6: set configuration conf: {index: 3, cur=peers:[ff2509eb-55dd-4ad3-b532-83d6209e1a92|127.0.0.1:15015]|listeners:[], old=null}
2025-09-07 09:46:53,429 [ff2509eb-55dd-4ad3-b532-83d6209e1a92@group-8F87D7C2BFC6-SegmentedRaftLogWorker] INFO  segmented.BufferedWriteChannel (BufferedWriteChannel.java:open(61)) - open log_inprogress_3 at position 0
2025-09-07 09:46:53,435 [ff2509eb-55dd-4ad3-b532-83d6209e1a92@group-8F87D7C2BFC6-SegmentedRaftLogWorker] INFO  segmented.SegmentedRaftLogWorker (SegmentedRaftLogWorker.java:execute(647)) - ff2509eb-55dd-4ad3-b532-83d6209e1a92@group-8F87D7C2BFC6-SegmentedRaftLogWorker: created new log segment /home/runner/work/ozone/ozone/hadoop-ozone/integration-test/target/test-dir/MiniOzoneClusterImpl-023d5a78-e64c-43f3-a4d9-6f7884931d6c/ozone-metadata/datanode-1/ratis/84ca9d0f-7cf9-4c2b-a636-8f87d7c2bfc6/current/log_inprogress_3
2025-09-07 09:46:53,437 [ff2509eb-55dd-4ad3-b532-83d6209e1a92@group-8F87D7C2BFC6-StateMachineUpdater] INFO  server.RaftServer$Division (LeaderStateImpl.java:checkStartIndex(309)) - Leader ff2509eb-55dd-4ad3-b532-83d6209e1a92@group-8F87D7C2BFC6-LeaderStateImpl is ready since appliedIndex == startIndex == 3
2025-09-07 09:46:53,839 [e6e13cb3-e32b-4d2d-874a-1e4700c67398@group-9E511D2458D0-FollowerState] INFO  impl.FollowerState (FollowerState.java:runImpl(161)) - e6e13cb3-e32b-4d2d-874a-1e4700c67398@group-9E511D2458D0-FollowerState: change to CANDIDATE, lastRpcElapsedTime:1125391215ns, electionTimeout:1125ms
2025-09-07 09:46:53,839 [e6e13cb3-e32b-4d2d-874a-1e4700c67398@group-9E511D2458D0-FollowerState] INFO  impl.RoleInfo (RoleInfo.java:shutdownFollowerState(121)) - e6e13cb3-e32b-4d2d-874a-1e4700c67398: shutdown e6e13cb3-e32b-4d2d-874a-1e4700c67398@group-9E511D2458D0-FollowerState
2025-09-07 09:46:53,839 [e6e13cb3-e32b-4d2d-874a-1e4700c67398@group-9E511D2458D0-FollowerState] INFO  server.RaftServer$Division (RaftServerImpl.java:setRole(392)) - e6e13cb3-e32b-4d2d-874a-1e4700c67398@group-9E511D2458D0: changes role from  FOLLOWER to CANDIDATE at term 1 for changeToCandidate
2025-09-07 09:46:53,839 [e6e13cb3-e32b-4d2d-874a-1e4700c67398@group-9E511D2458D0-FollowerState] INFO  impl.RoleInfo (RoleInfo.java:updateAndGet(148)) - e6e13cb3-e32b-4d2d-874a-1e4700c67398: start e6e13cb3-e32b-4d2d-874a-1e4700c67398@group-9E511D2458D0-LeaderElection278
2025-09-07 09:46:53,840 [e6e13cb3-e32b-4d2d-874a-1e4700c67398@group-9E511D2458D0-LeaderElection278] INFO  impl.LeaderElection (LeaderElection.java:askForVotes(448)) - e6e13cb3-e32b-4d2d-874a-1e4700c67398@group-9E511D2458D0-LeaderElection278 PRE_VOTE round 0: submit vote requests at term 1 for conf: {index: 0, cur=peers:[90a60b70-6b91-4fb2-a612-7ac0b6911dfc|127.0.0.1:15047, e6e13cb3-e32b-4d2d-874a-1e4700c67398|127.0.0.1:15055, 7c7182dc-ac7f-44a8-b1d4-5d10f99cbcf2|127.0.0.1:15039]|listeners:[], old=null}
2025-09-07 09:46:53,840 [e6e13cb3-e32b-4d2d-874a-1e4700c67398@group-9E511D2458D0-LeaderElection278] INFO  impl.LeaderElection (LogUtils.java:infoOrTrace(142)) - e6e13cb3-e32b-4d2d-874a-1e4700c67398@group-9E511D2458D0-LeaderElection278 got exception when requesting votes: java.util.concurrent.ExecutionException: org.apache.ratis.thirdparty.io.grpc.StatusRuntimeException: UNAVAILABLE: io exception
2025-09-07 09:46:53,840 [e6e13cb3-e32b-4d2d-874a-1e4700c67398@group-9E511D2458D0-LeaderElection278] INFO  impl.LeaderElection (LogUtils.java:infoOrTrace(142)) - e6e13cb3-e32b-4d2d-874a-1e4700c67398@group-9E511D2458D0-LeaderElection278 got exception when requesting votes: java.util.concurrent.ExecutionException: org.apache.ratis.thirdparty.io.grpc.StatusRuntimeException: UNAVAILABLE: io exception
2025-09-07 09:46:53,840 [e6e13cb3-e32b-4d2d-874a-1e4700c67398@group-9E511D2458D0-LeaderElection278] INFO  impl.LeaderElection (LeaderElection.java:logAndReturn(206)) - e6e13cb3-e32b-4d2d-874a-1e4700c67398@group-9E511D2458D0-LeaderElection278: PRE_VOTE REJECTED received 0 response(s) and 2 exception(s):
2025-09-07 09:46:53,840 [e6e13cb3-e32b-4d2d-874a-1e4700c67398@group-9E511D2458D0-LeaderElection278] INFO  impl.LeaderElection (LogUtils.java:infoOrTrace(142)) -   Exception 0: java.util.concurrent.ExecutionException: org.apache.ratis.thirdparty.io.grpc.StatusRuntimeException: UNAVAILABLE: io exception
2025-09-07 09:46:53,840 [e6e13cb3-e32b-4d2d-874a-1e4700c67398@group-9E511D2458D0-LeaderElection278] INFO  impl.LeaderElection (LogUtils.java:infoOrTrace(142)) -   Exception 1: java.util.concurrent.ExecutionException: org.apache.ratis.thirdparty.io.grpc.StatusRuntimeException: UNAVAILABLE: io exception
2025-09-07 09:46:53,840 [e6e13cb3-e32b-4d2d-874a-1e4700c67398@group-9E511D2458D0-LeaderElection278] INFO  impl.LeaderElection (LeaderElection.java:askForVotes(450)) - e6e13cb3-e32b-4d2d-874a-1e4700c67398@group-9E511D2458D0-LeaderElection278 PRE_VOTE round 0: result REJECTED
2025-09-07 09:46:53,840 [e6e13cb3-e32b-4d2d-874a-1e4700c67398@group-9E511D2458D0-LeaderElection278] INFO  server.RaftServer$Division (RaftServerImpl.java:setRole(392)) - e6e13cb3-e32b-4d2d-874a-1e4700c67398@group-9E511D2458D0: changes role from CANDIDATE to FOLLOWER at term 1 for REJECTED
2025-09-07 09:46:53,841 [e6e13cb3-e32b-4d2d-874a-1e4700c67398@group-9E511D2458D0-LeaderElection278] INFO  impl.RoleInfo (RoleInfo.java:shutdownLeaderElection(141)) - e6e13cb3-e32b-4d2d-874a-1e4700c67398: shutdown e6e13cb3-e32b-4d2d-874a-1e4700c67398@group-9E511D2458D0-LeaderElection278
2025-09-07 09:46:53,841 [e6e13cb3-e32b-4d2d-874a-1e4700c67398@group-9E511D2458D0-LeaderElection278] INFO  impl.RoleInfo (RoleInfo.java:updateAndGet(148)) - e6e13cb3-e32b-4d2d-874a-1e4700c67398: start e6e13cb3-e32b-4d2d-874a-1e4700c67398@group-9E511D2458D0-FollowerState
2025-09-07 09:46:53,942 [grpc-default-executor-2] INFO  ratis.XceiverServerRatis (XceiverServerRatis.java:handleLeaderChangedNotification(947)) - Leader change notification received for group: group-77DC33C8A8CA with new leaderId: 8500c972-c6d1-4433-9d49-a8e3bb920002
2025-09-07 09:46:53,942 [grpc-default-executor-2] INFO  server.RaftServer$Division (ServerState.java:setLeader(272)) - ff2509eb-55dd-4ad3-b532-83d6209e1a92@group-77DC33C8A8CA: change Leader from null to 8500c972-c6d1-4433-9d49-a8e3bb920002 at term 5 for appendEntries, leader elected after 2366ms
2025-09-07 09:46:53,942 [grpc-default-executor-2] INFO  server.RaftServer$Division (RaftServerImpl.java:checkInconsistentAppendEntries(1673)) - ff2509eb-55dd-4ad3-b532-83d6209e1a92@group-77DC33C8A8CA: Failed appendEntries as previous log entry ((t:5, i:12)) is not found
2025-09-07 09:46:53,942 [grpc-default-executor-2] INFO  server.RaftServer$Division (RaftServerImpl.java:appendEntriesAsync(1594)) - ff2509eb-55dd-4ad3-b532-83d6209e1a92@group-77DC33C8A8CA: appendEntries* reply 8500c972-c6d1-4433-9d49-a8e3bb920002<-ff2509eb-55dd-4ad3-b532-83d6209e1a92#1388:FAIL-t5,INCONSISTENCY,nextIndex=7,followerCommit=6,matchIndex=-1
2025-09-07 09:46:53,943 [grpc-default-executor-2] WARN  server.GrpcLogAppender (GrpcLogAppender.java:lambda$onNextImpl$0(527)) - 8500c972-c6d1-4433-9d49-a8e3bb920002@group-77DC33C8A8CA->ff2509eb-55dd-4ad3-b532-83d6209e1a92-AppendLogResponseHandler: received INCONSISTENCY reply with nextIndex 7, errorCount=25, request=AppendEntriesRequest:cid=1388,entriesCount=0 
2025-09-07 09:46:53,943 [grpc-default-executor-2] INFO  leader.FollowerInfo (FollowerInfoImpl.java:info(70)) - 8500c972-c6d1-4433-9d49-a8e3bb920002@group-77DC33C8A8CA->ff2509eb-55dd-4ad3-b532-83d6209e1a92: setNextIndex nextIndex: updateUnconditionally 13 -> 7
2025-09-07 09:46:53,947 [grpc-default-executor-2] INFO  server.RaftServer$Division (ServerState.java:setRaftConf(386)) - ff2509eb-55dd-4ad3-b532-83d6209e1a92@group-77DC33C8A8CA: set configuration conf: {index: 7, cur=peers:[95d41743-cdf0-4105-938b-93fe980aeffc|127.0.0.1:15031, 8500c972-c6d1-4433-9d49-a8e3bb920002|127.0.0.1:15023, ff2509eb-55dd-4ad3-b532-83d6209e1a92|127.0.0.1:15015]|listeners:[], old=null}
2025-09-07 09:46:53,947 [grpc-default-executor-2] INFO  segmented.SegmentedRaftLogWorker (SegmentedRaftLogWorker.java:rollLogSegment(445)) - ff2509eb-55dd-4ad3-b532-83d6209e1a92@group-77DC33C8A8CA-SegmentedRaftLogWorker: Rolling segment log-5_6 to index:6
2025-09-07 09:46:53,948 [ff2509eb-55dd-4ad3-b532-83d6209e1a92@group-77DC33C8A8CA-SegmentedRaftLogWorker] INFO  segmented.SegmentedRaftLogWorker (SegmentedRaftLogWorker.java:execute(604)) - ff2509eb-55dd-4ad3-b532-83d6209e1a92@group-77DC33C8A8CA-SegmentedRaftLogWorker: Rolled log segment from /home/runner/work/ozone/ozone/hadoop-ozone/integration-test/target/test-dir/MiniOzoneClusterImpl-023d5a78-e64c-43f3-a4d9-6f7884931d6c/ozone-metadata/datanode-1/ratis/766115e5-0d59-4db5-b7b5-77dc33c8a8ca/current/log_inprogress_5 to /home/runner/work/ozone/ozone/hadoop-ozone/integration-test/target/test-dir/MiniOzoneClusterImpl-023d5a78-e64c-43f3-a4d9-6f7884931d6c/ozone-metadata/datanode-1/ratis/766115e5-0d59-4db5-b7b5-77dc33c8a8ca/current/log_5-6
2025-09-07 09:46:53,948 [ff2509eb-55dd-4ad3-b532-83d6209e1a92@group-77DC33C8A8CA-SegmentedRaftLogWorker] INFO  segmented.BufferedWriteChannel (BufferedWriteChannel.java:open(61)) - open log_inprogress_7 at position 0
2025-09-07 09:46:53,955 [ff2509eb-55dd-4ad3-b532-83d6209e1a92@group-77DC33C8A8CA-SegmentedRaftLogWorker] INFO  segmented.SegmentedRaftLogWorker (SegmentedRaftLogWorker.java:execute(647)) - ff2509eb-55dd-4ad3-b532-83d6209e1a92@group-77DC33C8A8CA-SegmentedRaftLogWorker: created new log segment /home/runner/work/ozone/ozone/hadoop-ozone/integration-test/target/test-dir/MiniOzoneClusterImpl-023d5a78-e64c-43f3-a4d9-6f7884931d6c/ozone-metadata/datanode-1/ratis/766115e5-0d59-4db5-b7b5-77dc33c8a8ca/current/log_inprogress_7
2025-09-07 09:46:53,960 [ForkJoinPool-1-worker-1] INFO  ozoneimpl.OzoneContainer (OzoneContainer.java:stop(549)) - Attempting to stop container services.
2025-09-07 09:46:53,961 [ContainerMetadataScanner] WARN  ozoneimpl.AbstractBackgroundContainerScanner (AbstractBackgroundContainerScanner.java:handleRemainingSleep(136)) - Background container scan was interrupted.
2025-09-07 09:46:53,961 [ContainerMetadataScanner] INFO  ozoneimpl.AbstractBackgroundContainerScanner (AbstractBackgroundContainerScanner.java:run(63)) - org.apache.hadoop.ozone.container.ozoneimpl.BackgroundContainerMetadataScanner@7290d7b9 exiting.
2025-09-07 09:46:53,961 [ForkJoinPool-1-worker-1] INFO  ozoneimpl.BackgroundContainerDataScanner (BackgroundContainerDataScanner.java:shutdown(87)) - ContainerDataScanner(/home/runner/work/ozone/ozone/hadoop-ozone/integration-test/target/test-dir/MiniOzoneClusterImpl-023d5a78-e64c-43f3-a4d9-6f7884931d6c/ozone-metadata/datanode-1/data-0/hdds) is shutting down. 
2025-09-07 09:46:53,961 [ContainerDataScanner(/home/runner/work/ozone/ozone/hadoop-ozone/integration-test/target/test-dir/MiniOzoneClusterImpl-023d5a78-e64c-43f3-a4d9-6f7884931d6c/ozone-metadata/datanode-1/data-0/hdds)] WARN  ozoneimpl.AbstractBackgroundContainerScanner (AbstractBackgroundContainerScanner.java:handleRemainingSleep(136)) - Background container scan was interrupted.
2025-09-07 09:46:53,961 [ContainerDataScanner(/home/runner/work/ozone/ozone/hadoop-ozone/integration-test/target/test-dir/MiniOzoneClusterImpl-023d5a78-e64c-43f3-a4d9-6f7884931d6c/ozone-metadata/datanode-1/data-0/hdds)] INFO  ozoneimpl.AbstractBackgroundContainerScanner (AbstractBackgroundContainerScanner.java:run(63)) - ContainerDataScanner(/home/runner/work/ozone/ozone/hadoop-ozone/integration-test/target/test-dir/MiniOzoneClusterImpl-023d5a78-e64c-43f3-a4d9-6f7884931d6c/ozone-metadata/datanode-1/data-0/hdds, DS-5fbd3f51-2257-4844-a78a-38b1b6d3b151) exiting.
2025-09-07 09:46:53,961 [ForkJoinPool-1-worker-1] INFO  ozoneimpl.OnDemandContainerScanner (OnDemandContainerScanner.java:shutdown(141)) - On-demand container scanner is shutting down.
2025-09-07 09:46:53,962 [ForkJoinPool-1-worker-1] INFO  ratis.XceiverServerRatis (XceiverServerRatis.java:stop(597)) - Closing XceiverServerRatis(ff2509eb-55dd-4ad3-b532-83d6209e1a92)
2025-09-07 09:46:53,962 [ForkJoinPool-1-worker-1] INFO  server.RaftServer (RaftServerProxy.java:lambda$close$9(422)) - ff2509eb-55dd-4ad3-b532-83d6209e1a92: close
2025-09-07 09:46:53,962 [ff2509eb-55dd-4ad3-b532-83d6209e1a92-impl-thread3] INFO  server.RaftServer$Division (RaftServerImpl.java:lambda$close$1(527)) - ff2509eb-55dd-4ad3-b532-83d6209e1a92@group-8F87D7C2BFC6: shutdown
2025-09-07 09:46:53,962 [ff2509eb-55dd-4ad3-b532-83d6209e1a92-impl-thread2] INFO  server.RaftServer$Division (RaftServerImpl.java:lambda$close$1(527)) - ff2509eb-55dd-4ad3-b532-83d6209e1a92@group-77DC33C8A8CA: shutdown
2025-09-07 09:46:53,962 [ff2509eb-55dd-4ad3-b532-83d6209e1a92-impl-thread3] INFO  util.JmxRegister (JmxRegister.java:unregister(74)) - Successfully un-registered JMX Bean with object name Ratis:service=RaftServer,group=group-8F87D7C2BFC6,id=ff2509eb-55dd-4ad3-b532-83d6209e1a92
2025-09-07 09:46:53,962 [ff2509eb-55dd-4ad3-b532-83d6209e1a92-impl-thread2] INFO  util.JmxRegister (JmxRegister.java:unregister(74)) - Successfully un-registered JMX Bean with object name Ratis:service=RaftServer,group=group-77DC33C8A8CA,id=ff2509eb-55dd-4ad3-b532-83d6209e1a92
2025-09-07 09:46:53,962 [ff2509eb-55dd-4ad3-b532-83d6209e1a92-impl-thread3] INFO  impl.RoleInfo (RoleInfo.java:shutdownLeaderState(103)) - ff2509eb-55dd-4ad3-b532-83d6209e1a92: shutdown ff2509eb-55dd-4ad3-b532-83d6209e1a92@group-8F87D7C2BFC6-LeaderStateImpl
2025-09-07 09:46:53,962 [ff2509eb-55dd-4ad3-b532-83d6209e1a92-impl-thread1] INFO  server.RaftServer$Division (RaftServerImpl.java:lambda$close$1(527)) - ff2509eb-55dd-4ad3-b532-83d6209e1a92@group-DDE89B3F2AFE: shutdown
2025-09-07 09:46:53,963 [ff2509eb-55dd-4ad3-b532-83d6209e1a92-impl-thread3] INFO  impl.PendingRequests (PendingRequests.java:sendNotLeaderResponses(287)) - ff2509eb-55dd-4ad3-b532-83d6209e1a92@group-8F87D7C2BFC6-PendingRequests: sendNotLeaderResponses
2025-09-07 09:46:53,963 [ff2509eb-55dd-4ad3-b532-83d6209e1a92-impl-thread1] INFO  util.JmxRegister (JmxRegister.java:unregister(74)) - Successfully un-registered JMX Bean with object name Ratis:service=RaftServer,group=group-DDE89B3F2AFE,id=ff2509eb-55dd-4ad3-b532-83d6209e1a92
2025-09-07 09:46:53,963 [ff2509eb-55dd-4ad3-b532-83d6209e1a92-impl-thread1] INFO  impl.RoleInfo (RoleInfo.java:shutdownFollowerState(121)) - ff2509eb-55dd-4ad3-b532-83d6209e1a92: shutdown ff2509eb-55dd-4ad3-b532-83d6209e1a92@group-DDE89B3F2AFE-FollowerState
2025-09-07 09:46:53,963 [ff2509eb-55dd-4ad3-b532-83d6209e1a92-impl-thread1] INFO  impl.StateMachineUpdater (StateMachineUpdater.java:stopAndJoin(163)) - ff2509eb-55dd-4ad3-b532-83d6209e1a92@group-DDE89B3F2AFE-StateMachineUpdater: set stopIndex = 19
2025-09-07 09:46:53,963 [ff2509eb-55dd-4ad3-b532-83d6209e1a92@group-DDE89B3F2AFE-StateMachineUpdater] INFO  impl.StateMachineUpdater (StateMachineUpdater.java:stop(140)) - ff2509eb-55dd-4ad3-b532-83d6209e1a92@group-DDE89B3F2AFE-StateMachineUpdater: closing ContainerStateMachine, lastApplied=(t:2, i:19)
2025-09-07 09:46:53,962 [ForkJoinPool-1-worker-1] INFO  server.GrpcServicesImpl (GrpcServicesImpl.java:closeImpl(355)) - ff2509eb-55dd-4ad3-b532-83d6209e1a92: shutdown server org.apache.ratis.grpc.server.GrpcClientProtocolService now
2025-09-07 09:46:53,963 [ff2509eb-55dd-4ad3-b532-83d6209e1a92@group-DDE89B3F2AFE-FollowerState] INFO  impl.FollowerState (FollowerState.java:runImpl(170)) - ff2509eb-55dd-4ad3-b532-83d6209e1a92@group-DDE89B3F2AFE-FollowerState was interrupted
2025-09-07 09:46:53,962 [ff2509eb-55dd-4ad3-b532-83d6209e1a92-impl-thread2] INFO  impl.RoleInfo (RoleInfo.java:shutdownFollowerState(121)) - ff2509eb-55dd-4ad3-b532-83d6209e1a92: shutdown ff2509eb-55dd-4ad3-b532-83d6209e1a92@group-77DC33C8A8CA-FollowerState
2025-09-07 09:46:53,963 [ff2509eb-55dd-4ad3-b532-83d6209e1a92@group-DDE89B3F2AFE-cacheEviction-AwaitToRun] INFO  util.AwaitToRun (AwaitToRun.java:run(49)) - ff2509eb-55dd-4ad3-b532-83d6209e1a92@group-DDE89B3F2AFE-cacheEviction-AwaitToRun-AwaitForSignal is interrupted
2025-09-07 09:46:53,963 [ff2509eb-55dd-4ad3-b532-83d6209e1a92@group-77DC33C8A8CA-FollowerState] INFO  impl.FollowerState (FollowerState.java:runImpl(170)) - ff2509eb-55dd-4ad3-b532-83d6209e1a92@group-77DC33C8A8CA-FollowerState was interrupted
2025-09-07 09:46:53,963 [ff2509eb-55dd-4ad3-b532-83d6209e1a92-impl-thread2] INFO  impl.StateMachineUpdater (StateMachineUpdater.java:stopAndJoin(163)) - ff2509eb-55dd-4ad3-b532-83d6209e1a92@group-77DC33C8A8CA-StateMachineUpdater: set stopIndex = 12
2025-09-07 09:46:53,964 [ff2509eb-55dd-4ad3-b532-83d6209e1a92@group-77DC33C8A8CA-StateMachineUpdater] INFO  ratis.ContainerStateMachine (ContainerStateMachine.java:takeSnapshot(427)) - group-77DC33C8A8CA: Taking a snapshot at:(t:5, i:12) file /home/runner/work/ozone/ozone/hadoop-ozone/integration-test/target/test-dir/MiniOzoneClusterImpl-023d5a78-e64c-43f3-a4d9-6f7884931d6c/ozone-metadata/datanode-1/ratis/766115e5-0d59-4db5-b7b5-77dc33c8a8ca/sm/snapshot.5_12
2025-09-07 09:46:53,964 [Thread-2780] INFO  server.GrpcServerProtocolClient (GrpcServerProtocolClient.java:close(105)) - 95d41743-cdf0-4105-938b-93fe980aeffc Close channels
2025-09-07 09:46:53,964 [ff2509eb-55dd-4ad3-b532-83d6209e1a92-impl-thread3] INFO  impl.StateMachineUpdater (StateMachineUpdater.java:stopAndJoin(163)) - ff2509eb-55dd-4ad3-b532-83d6209e1a92@group-8F87D7C2BFC6-StateMachineUpdater: set stopIndex = 4
2025-09-07 09:46:53,964 [Thread-2781] INFO  server.GrpcServerProtocolClient (GrpcServerProtocolClient.java:close(105)) - 8500c972-c6d1-4433-9d49-a8e3bb920002 Close channels
2025-09-07 09:46:53,964 [ff2509eb-55dd-4ad3-b532-83d6209e1a92@group-8F87D7C2BFC6-StateMachineUpdater] INFO  ratis.ContainerStateMachine (ContainerStateMachine.java:takeSnapshot(427)) - group-8F87D7C2BFC6: Taking a snapshot at:(t:3, i:4) file /home/runner/work/ozone/ozone/hadoop-ozone/integration-test/target/test-dir/MiniOzoneClusterImpl-023d5a78-e64c-43f3-a4d9-6f7884931d6c/ozone-metadata/datanode-1/ratis/84ca9d0f-7cf9-4c2b-a636-8f87d7c2bfc6/sm/snapshot.3_4
2025-09-07 09:46:53,965 [ForkJoinPool-1-worker-1] INFO  server.GrpcServicesImpl (GrpcServicesImpl.java:closeImpl(364)) - ff2509eb-55dd-4ad3-b532-83d6209e1a92: shutdown server org.apache.ratis.grpc.server.GrpcClientProtocolService successfully
2025-09-07 09:46:53,965 [ff2509eb-55dd-4ad3-b532-83d6209e1a92@group-77DC33C8A8CA-StateMachineUpdater] INFO  ratis.ContainerStateMachine (ContainerStateMachine.java:takeSnapshot(436)) - group-77DC33C8A8CA: Finished taking a snapshot at:(t:5, i:12) file:/home/runner/work/ozone/ozone/hadoop-ozone/integration-test/target/test-dir/MiniOzoneClusterImpl-023d5a78-e64c-43f3-a4d9-6f7884931d6c/ozone-metadata/datanode-1/ratis/766115e5-0d59-4db5-b7b5-77dc33c8a8ca/sm/snapshot.5_12 took: 2 ms
2025-09-07 09:46:53,965 [ForkJoinPool-1-worker-1] INFO  server.GrpcServicesImpl (GrpcServicesImpl.java:closeImpl(355)) - ff2509eb-55dd-4ad3-b532-83d6209e1a92: shutdown server GrpcServerProtocolService now
2025-09-07 09:46:53,966 [ff2509eb-55dd-4ad3-b532-83d6209e1a92@group-77DC33C8A8CA-StateMachineUpdater] INFO  impl.StateMachineUpdater (StateMachineUpdater.java:takeSnapshot(307)) - ff2509eb-55dd-4ad3-b532-83d6209e1a92@group-77DC33C8A8CA-StateMachineUpdater: Took a snapshot at index 12
2025-09-07 09:46:53,966 [ff2509eb-55dd-4ad3-b532-83d6209e1a92@group-77DC33C8A8CA-StateMachineUpdater] INFO  impl.StateMachineUpdater (StateMachineUpdater.java:lambda$new$0(101)) - ff2509eb-55dd-4ad3-b532-83d6209e1a92@group-77DC33C8A8CA-StateMachineUpdater: snapshotIndex: updateIncreasingly 6 -> 12
2025-09-07 09:46:53,966 [ff2509eb-55dd-4ad3-b532-83d6209e1a92@group-77DC33C8A8CA-StateMachineUpdater] INFO  impl.StateMachineUpdater (StateMachineUpdater.java:stop(140)) - ff2509eb-55dd-4ad3-b532-83d6209e1a92@group-77DC33C8A8CA-StateMachineUpdater: closing ContainerStateMachine, lastApplied=(t:5, i:12)
2025-09-07 09:46:53,965 [ff2509eb-55dd-4ad3-b532-83d6209e1a92@group-8F87D7C2BFC6-StateMachineUpdater] INFO  ratis.ContainerStateMachine (ContainerStateMachine.java:takeSnapshot(436)) - group-8F87D7C2BFC6: Finished taking a snapshot at:(t:3, i:4) file:/home/runner/work/ozone/ozone/hadoop-ozone/integration-test/target/test-dir/MiniOzoneClusterImpl-023d5a78-e64c-43f3-a4d9-6f7884931d6c/ozone-metadata/datanode-1/ratis/84ca9d0f-7cf9-4c2b-a636-8f87d7c2bfc6/sm/snapshot.3_4 took: 1 ms
2025-09-07 09:46:53,966 [ff2509eb-55dd-4ad3-b532-83d6209e1a92@group-77DC33C8A8CA-cacheEviction-AwaitToRun] INFO  util.AwaitToRun (AwaitToRun.java:run(49)) - ff2509eb-55dd-4ad3-b532-83d6209e1a92@group-77DC33C8A8CA-cacheEviction-AwaitToRun-AwaitForSignal is interrupted
2025-09-07 09:46:53,966 [ff2509eb-55dd-4ad3-b532-83d6209e1a92@group-8F87D7C2BFC6-StateMachineUpdater] INFO  impl.StateMachineUpdater (StateMachineUpdater.java:takeSnapshot(307)) - ff2509eb-55dd-4ad3-b532-83d6209e1a92@group-8F87D7C2BFC6-StateMachineUpdater: Took a snapshot at index 4
2025-09-07 09:46:53,966 [ff2509eb-55dd-4ad3-b532-83d6209e1a92@group-8F87D7C2BFC6-StateMachineUpdater] INFO  impl.StateMachineUpdater (StateMachineUpdater.java:lambda$new$0(101)) - ff2509eb-55dd-4ad3-b532-83d6209e1a92@group-8F87D7C2BFC6-StateMachineUpdater: snapshotIndex: updateIncreasingly 2 -> 4
2025-09-07 09:46:53,966 [ff2509eb-55dd-4ad3-b532-83d6209e1a92@group-8F87D7C2BFC6-StateMachineUpdater] INFO  impl.StateMachineUpdater (StateMachineUpdater.java:stop(140)) - ff2509eb-55dd-4ad3-b532-83d6209e1a92@group-8F87D7C2BFC6-StateMachineUpdater: closing ContainerStateMachine, lastApplied=(t:3, i:4)
2025-09-07 09:46:53,967 [grpc-default-executor-9] WARN  server.GrpcServerProtocolService (LogUtils.java:warn(127)) - ff2509eb-55dd-4ad3-b532-83d6209e1a92: APPEND_ENTRIES onError, lastRequest: null: org.apache.ratis.thirdparty.io.grpc.StatusRuntimeException: CANCELLED: client cancelled
2025-09-07 09:46:53,967 [grpc-default-executor-8] WARN  server.GrpcServerProtocolService (LogUtils.java:warn(127)) - ff2509eb-55dd-4ad3-b532-83d6209e1a92: APPEND_ENTRIES onError, lastRequest: 8500c972-c6d1-4433-9d49-a8e3bb920002->ff2509eb-55dd-4ad3-b532-83d6209e1a92#1389-t5,previous=(t:4, i:6),leaderCommit=12,initializing? false,entries: size=6, first=(t:5, i:7), CONFIGURATIONENTRY(current:id:"95d41743-cdf0-4105-938b-93fe980aeffc"address:"127.0.0.1:15031"dataStreamAddress:"127.0.0.1:15032"clientAddress:"127.0.0.1:15029"adminAddress:"127.0.0.1:15030"startupRole:FOLLOWER, id:"8500c972-c6d1-4433-9d49-a8e3bb920002"address:"127.0.0.1:15023"dataStreamAddress:"127.0.0.1:15024"clientAddress:"127.0.0.1:15021"adminAddress:"127.0.0.1:15022"startupRole:FOLLOWER, id:"ff2509eb-55dd-4ad3-b532-83d6209e1a92"address:"127.0.0.1:15015"priority:1dataStreamAddress:"127.0.0.1:15016"clientAddress:"127.0.0.1:15013"adminAddress:"127.0.0.1:15014"startupRole:FOLLOWER, old:): org.apache.ratis.thirdparty.io.grpc.StatusRuntimeException: CANCELLED: client cancelled
2025-09-07 09:46:53,967 [ff2509eb-55dd-4ad3-b532-83d6209e1a92@group-8F87D7C2BFC6-cacheEviction-AwaitToRun] INFO  util.AwaitToRun (AwaitToRun.java:run(49)) - ff2509eb-55dd-4ad3-b532-83d6209e1a92@group-8F87D7C2BFC6-cacheEviction-AwaitToRun-AwaitForSignal is interrupted
2025-09-07 09:46:53,968 [ForkJoinPool-1-worker-1] INFO  server.GrpcServicesImpl (GrpcServicesImpl.java:closeImpl(364)) - ff2509eb-55dd-4ad3-b532-83d6209e1a92: shutdown server GrpcServerProtocolService successfully
2025-09-07 09:46:53,968 [ForkJoinPool-1-worker-1] INFO  server.GrpcServicesImpl (GrpcServicesImpl.java:closeImpl(355)) - ff2509eb-55dd-4ad3-b532-83d6209e1a92: shutdown server org.apache.ratis.grpc.server.GrpcAdminProtocolService now
2025-09-07 09:46:53,968 [ForkJoinPool-1-worker-1] INFO  server.GrpcServicesImpl (GrpcServicesImpl.java:closeImpl(364)) - ff2509eb-55dd-4ad3-b532-83d6209e1a92: shutdown server org.apache.ratis.grpc.server.GrpcAdminProtocolService successfully
2025-09-07 09:46:53,969 [ff2509eb-55dd-4ad3-b532-83d6209e1a92-NettyServerStreamRpc-bossGroup--thread1] INFO  logging.LoggingHandler (AbstractInternalLogger.java:log(148)) - [id: 0x5e603a75, L:/0.0.0.0:15016] CLOSE
2025-09-07 09:46:53,969 [ff2509eb-55dd-4ad3-b532-83d6209e1a92-NettyServerStreamRpc-bossGroup--thread1] INFO  logging.LoggingHandler (AbstractInternalLogger.java:log(148)) - [id: 0x5e603a75, L:/0.0.0.0:15016] INACTIVE
2025-09-07 09:46:53,969 [ff2509eb-55dd-4ad3-b532-83d6209e1a92-NettyServerStreamRpc-bossGroup--thread1] INFO  logging.LoggingHandler (AbstractInternalLogger.java:log(148)) - [id: 0x5e603a75, L:/0.0.0.0:15016] UNREGISTERED
2025-09-07 09:46:54,211 [90a60b70-6b91-4fb2-a612-7ac0b6911dfc@group-9E511D2458D0-FollowerState] INFO  impl.FollowerState (FollowerState.java:runImpl(161)) - 90a60b70-6b91-4fb2-a612-7ac0b6911dfc@group-9E511D2458D0-FollowerState: change to CANDIDATE, lastRpcElapsedTime:1036371165ns, electionTimeout:1036ms
2025-09-07 09:46:54,212 [90a60b70-6b91-4fb2-a612-7ac0b6911dfc@group-9E511D2458D0-FollowerState] INFO  impl.RoleInfo (RoleInfo.java:shutdownFollowerState(121)) - 90a60b70-6b91-4fb2-a612-7ac0b6911dfc: shutdown 90a60b70-6b91-4fb2-a612-7ac0b6911dfc@group-9E511D2458D0-FollowerState
2025-09-07 09:46:54,212 [90a60b70-6b91-4fb2-a612-7ac0b6911dfc@group-9E511D2458D0-FollowerState] INFO  server.RaftServer$Division (RaftServerImpl.java:setRole(392)) - 90a60b70-6b91-4fb2-a612-7ac0b6911dfc@group-9E511D2458D0: changes role from  FOLLOWER to CANDIDATE at term 1 for changeToCandidate
2025-09-07 09:46:54,212 [90a60b70-6b91-4fb2-a612-7ac0b6911dfc@group-9E511D2458D0-FollowerState] INFO  impl.RoleInfo (RoleInfo.java:updateAndGet(148)) - 90a60b70-6b91-4fb2-a612-7ac0b6911dfc: start 90a60b70-6b91-4fb2-a612-7ac0b6911dfc@group-9E511D2458D0-LeaderElection279
2025-09-07 09:46:54,212 [90a60b70-6b91-4fb2-a612-7ac0b6911dfc@group-9E511D2458D0-LeaderElection279] INFO  impl.LeaderElection (LeaderElection.java:askForVotes(448)) - 90a60b70-6b91-4fb2-a612-7ac0b6911dfc@group-9E511D2458D0-LeaderElection279 PRE_VOTE round 0: submit vote requests at term 1 for conf: {index: 0, cur=peers:[90a60b70-6b91-4fb2-a612-7ac0b6911dfc|127.0.0.1:15047, e6e13cb3-e32b-4d2d-874a-1e4700c67398|127.0.0.1:15055, 7c7182dc-ac7f-44a8-b1d4-5d10f99cbcf2|127.0.0.1:15039]|listeners:[], old=null}
2025-09-07 09:46:54,213 [grpc-default-executor-2] INFO  server.RaftServer$Division (RaftServerImpl.java:requestVote(1421)) - e6e13cb3-e32b-4d2d-874a-1e4700c67398@group-9E511D2458D0: receive requestVote(PRE_VOTE, 90a60b70-6b91-4fb2-a612-7ac0b6911dfc, group-9E511D2458D0, 1, (t:1, i:0))
2025-09-07 09:46:54,213 [grpc-default-executor-11] INFO  server.RaftServer$Division (RaftServerImpl.java:requestVote(1421)) - 7c7182dc-ac7f-44a8-b1d4-5d10f99cbcf2@group-9E511D2458D0: receive requestVote(PRE_VOTE, 90a60b70-6b91-4fb2-a612-7ac0b6911dfc, group-9E511D2458D0, 1, (t:1, i:0))
2025-09-07 09:46:54,213 [grpc-default-executor-2] INFO  impl.VoteContext (VoteContext.java:log(49)) - e6e13cb3-e32b-4d2d-874a-1e4700c67398@group-9E511D2458D0-FOLLOWER: reject PRE_VOTE from 90a60b70-6b91-4fb2-a612-7ac0b6911dfc: our priority 1 > candidate's priority 0
2025-09-07 09:46:54,213 [grpc-default-executor-2] INFO  server.RaftServer$Division (RaftServerImpl.java:requestVote(1455)) - e6e13cb3-e32b-4d2d-874a-1e4700c67398@group-9E511D2458D0 replies to PRE_VOTE vote request: 90a60b70-6b91-4fb2-a612-7ac0b6911dfc<-e6e13cb3-e32b-4d2d-874a-1e4700c67398#0:FAIL-t1-last:(t:1, i:0). Peer's state: e6e13cb3-e32b-4d2d-874a-1e4700c67398@group-9E511D2458D0:t1, leader=null, voted=e6e13cb3-e32b-4d2d-874a-1e4700c67398, raftlog=Memoized:e6e13cb3-e32b-4d2d-874a-1e4700c67398@group-9E511D2458D0-SegmentedRaftLog:OPENED:c0:last(t:1, i:0), conf=conf: {index: 0, cur=peers:[90a60b70-6b91-4fb2-a612-7ac0b6911dfc|127.0.0.1:15047, e6e13cb3-e32b-4d2d-874a-1e4700c67398|127.0.0.1:15055, 7c7182dc-ac7f-44a8-b1d4-5d10f99cbcf2|127.0.0.1:15039]|listeners:[], old=null}
2025-09-07 09:46:54,213 [grpc-default-executor-11] INFO  impl.VoteContext (VoteContext.java:log(49)) - 7c7182dc-ac7f-44a8-b1d4-5d10f99cbcf2@group-9E511D2458D0-FOLLOWER: accept PRE_VOTE from 90a60b70-6b91-4fb2-a612-7ac0b6911dfc: our priority 0 <= candidate's priority 0
2025-09-07 09:46:54,214 [grpc-default-executor-11] INFO  server.RaftServer$Division (RaftServerImpl.java:requestVote(1455)) - 7c7182dc-ac7f-44a8-b1d4-5d10f99cbcf2@group-9E511D2458D0 replies to PRE_VOTE vote request: 90a60b70-6b91-4fb2-a612-7ac0b6911dfc<-7c7182dc-ac7f-44a8-b1d4-5d10f99cbcf2#0:OK-t1-last:(t:1, i:0). Peer's state: 7c7182dc-ac7f-44a8-b1d4-5d10f99cbcf2@group-9E511D2458D0:t1, leader=null, voted=e6e13cb3-e32b-4d2d-874a-1e4700c67398, raftlog=Memoized:7c7182dc-ac7f-44a8-b1d4-5d10f99cbcf2@group-9E511D2458D0-SegmentedRaftLog:OPENED:c0:last(t:1, i:0), conf=conf: {index: 0, cur=peers:[90a60b70-6b91-4fb2-a612-7ac0b6911dfc|127.0.0.1:15047, e6e13cb3-e32b-4d2d-874a-1e4700c67398|127.0.0.1:15055, 7c7182dc-ac7f-44a8-b1d4-5d10f99cbcf2|127.0.0.1:15039]|listeners:[], old=null}
2025-09-07 09:46:54,214 [90a60b70-6b91-4fb2-a612-7ac0b6911dfc@group-9E511D2458D0-LeaderElection279] INFO  impl.LeaderElection (LeaderElection.java:logAndReturn(206)) - 90a60b70-6b91-4fb2-a612-7ac0b6911dfc@group-9E511D2458D0-LeaderElection279: PRE_VOTE REJECTED received 1 response(s) and 0 exception(s):
2025-09-07 09:46:54,214 [90a60b70-6b91-4fb2-a612-7ac0b6911dfc@group-9E511D2458D0-LeaderElection279] INFO  impl.LeaderElection (LeaderElection.java:logAndReturn(210)) -   Response 0: 90a60b70-6b91-4fb2-a612-7ac0b6911dfc<-e6e13cb3-e32b-4d2d-874a-1e4700c67398#0:FAIL-t1-last:(t:1, i:0)
2025-09-07 09:46:54,214 [90a60b70-6b91-4fb2-a612-7ac0b6911dfc@group-9E511D2458D0-LeaderElection279] INFO  impl.LeaderElection (LeaderElection.java:askForVotes(450)) - 90a60b70-6b91-4fb2-a612-7ac0b6911dfc@group-9E511D2458D0-LeaderElection279 PRE_VOTE round 0: result REJECTED
2025-09-07 09:46:54,214 [90a60b70-6b91-4fb2-a612-7ac0b6911dfc@group-9E511D2458D0-LeaderElection279] INFO  server.RaftServer$Division (RaftServerImpl.java:setRole(392)) - 90a60b70-6b91-4fb2-a612-7ac0b6911dfc@group-9E511D2458D0: changes role from CANDIDATE to FOLLOWER at term 1 for REJECTED
2025-09-07 09:46:54,214 [90a60b70-6b91-4fb2-a612-7ac0b6911dfc@group-9E511D2458D0-LeaderElection279] INFO  impl.RoleInfo (RoleInfo.java:shutdownLeaderElection(141)) - 90a60b70-6b91-4fb2-a612-7ac0b6911dfc: shutdown 90a60b70-6b91-4fb2-a612-7ac0b6911dfc@group-9E511D2458D0-LeaderElection279
2025-09-07 09:46:54,214 [90a60b70-6b91-4fb2-a612-7ac0b6911dfc@group-9E511D2458D0-LeaderElection279] INFO  impl.RoleInfo (RoleInfo.java:updateAndGet(148)) - 90a60b70-6b91-4fb2-a612-7ac0b6911dfc: start 90a60b70-6b91-4fb2-a612-7ac0b6911dfc@group-9E511D2458D0-FollowerState
2025-09-07 09:46:54,305 [ff2509eb-55dd-4ad3-b532-83d6209e1a92-impl-thread1] INFO  segmented.SegmentedRaftLogWorker (SegmentedRaftLogWorker.java:close(254)) - ff2509eb-55dd-4ad3-b532-83d6209e1a92@group-DDE89B3F2AFE-SegmentedRaftLogWorker close()
2025-09-07 09:46:54,305 [ff2509eb-55dd-4ad3-b532-83d6209e1a92-impl-thread1] INFO  ratis.ContainerStateMachine (ContainerStateMachine.java:notifyServerShutdown(1038)) - group-DDE89B3F2AFE is closed by HddsDatanodeService
2025-09-07 09:46:54,438 [ff2509eb-55dd-4ad3-b532-83d6209e1a92-impl-thread3] INFO  segmented.SegmentedRaftLogWorker (SegmentedRaftLogWorker.java:close(254)) - ff2509eb-55dd-4ad3-b532-83d6209e1a92@group-8F87D7C2BFC6-SegmentedRaftLogWorker close()
2025-09-07 09:46:54,438 [ff2509eb-55dd-4ad3-b532-83d6209e1a92-impl-thread3] INFO  ratis.ContainerStateMachine (ContainerStateMachine.java:notifyServerShutdown(1038)) - group-8F87D7C2BFC6 is closed by HddsDatanodeService
2025-09-07 09:46:54,848 [e6e13cb3-e32b-4d2d-874a-1e4700c67398@group-9E511D2458D0-FollowerState] INFO  impl.FollowerState (FollowerState.java:runImpl(161)) - e6e13cb3-e32b-4d2d-874a-1e4700c67398@group-9E511D2458D0-FollowerState: change to CANDIDATE, lastRpcElapsedTime:1007376996ns, electionTimeout:1007ms
2025-09-07 09:46:54,848 [e6e13cb3-e32b-4d2d-874a-1e4700c67398@group-9E511D2458D0-FollowerState] INFO  impl.RoleInfo (RoleInfo.java:shutdownFollowerState(121)) - e6e13cb3-e32b-4d2d-874a-1e4700c67398: shutdown e6e13cb3-e32b-4d2d-874a-1e4700c67398@group-9E511D2458D0-FollowerState
2025-09-07 09:46:54,848 [e6e13cb3-e32b-4d2d-874a-1e4700c67398@group-9E511D2458D0-FollowerState] INFO  server.RaftServer$Division (RaftServerImpl.java:setRole(392)) - e6e13cb3-e32b-4d2d-874a-1e4700c67398@group-9E511D2458D0: changes role from  FOLLOWER to CANDIDATE at term 1 for changeToCandidate
2025-09-07 09:46:54,848 [e6e13cb3-e32b-4d2d-874a-1e4700c67398@group-9E511D2458D0-FollowerState] INFO  impl.RoleInfo (RoleInfo.java:updateAndGet(148)) - e6e13cb3-e32b-4d2d-874a-1e4700c67398: start e6e13cb3-e32b-4d2d-874a-1e4700c67398@group-9E511D2458D0-LeaderElection280
2025-09-07 09:46:54,849 [e6e13cb3-e32b-4d2d-874a-1e4700c67398@group-9E511D2458D0-LeaderElection280] INFO  impl.LeaderElection (LeaderElection.java:askForVotes(448)) - e6e13cb3-e32b-4d2d-874a-1e4700c67398@group-9E511D2458D0-LeaderElection280 PRE_VOTE round 0: submit vote requests at term 1 for conf: {index: 0, cur=peers:[90a60b70-6b91-4fb2-a612-7ac0b6911dfc|127.0.0.1:15047, e6e13cb3-e32b-4d2d-874a-1e4700c67398|127.0.0.1:15055, 7c7182dc-ac7f-44a8-b1d4-5d10f99cbcf2|127.0.0.1:15039]|listeners:[], old=null}
2025-09-07 09:46:54,849 [e6e13cb3-e32b-4d2d-874a-1e4700c67398@group-9E511D2458D0-LeaderElection280] INFO  impl.LeaderElection (LogUtils.java:infoOrTrace(142)) - e6e13cb3-e32b-4d2d-874a-1e4700c67398@group-9E511D2458D0-LeaderElection280 got exception when requesting votes: java.util.concurrent.ExecutionException: org.apache.ratis.thirdparty.io.grpc.StatusRuntimeException: UNAVAILABLE: io exception
2025-09-07 09:46:54,849 [e6e13cb3-e32b-4d2d-874a-1e4700c67398@group-9E511D2458D0-LeaderElection280] INFO  impl.LeaderElection (LogUtils.java:infoOrTrace(142)) - e6e13cb3-e32b-4d2d-874a-1e4700c67398@group-9E511D2458D0-LeaderElection280 got exception when requesting votes: java.util.concurrent.ExecutionException: org.apache.ratis.thirdparty.io.grpc.StatusRuntimeException: UNAVAILABLE: io exception
2025-09-07 09:46:54,849 [e6e13cb3-e32b-4d2d-874a-1e4700c67398@group-9E511D2458D0-LeaderElection280] INFO  impl.LeaderElection (LeaderElection.java:logAndReturn(206)) - e6e13cb3-e32b-4d2d-874a-1e4700c67398@group-9E511D2458D0-LeaderElection280: PRE_VOTE REJECTED received 0 response(s) and 2 exception(s):
2025-09-07 09:46:54,849 [e6e13cb3-e32b-4d2d-874a-1e4700c67398@group-9E511D2458D0-LeaderElection280] INFO  impl.LeaderElection (LogUtils.java:infoOrTrace(142)) -   Exception 0: java.util.concurrent.ExecutionException: org.apache.ratis.thirdparty.io.grpc.StatusRuntimeException: UNAVAILABLE: io exception
2025-09-07 09:46:54,849 [e6e13cb3-e32b-4d2d-874a-1e4700c67398@group-9E511D2458D0-LeaderElection280] INFO  impl.LeaderElection (LogUtils.java:infoOrTrace(142)) -   Exception 1: java.util.concurrent.ExecutionException: org.apache.ratis.thirdparty.io.grpc.StatusRuntimeException: UNAVAILABLE: io exception
2025-09-07 09:46:54,849 [e6e13cb3-e32b-4d2d-874a-1e4700c67398@group-9E511D2458D0-LeaderElection280] INFO  impl.LeaderElection (LeaderElection.java:askForVotes(450)) - e6e13cb3-e32b-4d2d-874a-1e4700c67398@group-9E511D2458D0-LeaderElection280 PRE_VOTE round 0: result REJECTED
2025-09-07 09:46:54,849 [e6e13cb3-e32b-4d2d-874a-1e4700c67398@group-9E511D2458D0-LeaderElection280] INFO  server.RaftServer$Division (RaftServerImpl.java:setRole(392)) - e6e13cb3-e32b-4d2d-874a-1e4700c67398@group-9E511D2458D0: changes role from CANDIDATE to FOLLOWER at term 1 for REJECTED
2025-09-07 09:46:54,849 [e6e13cb3-e32b-4d2d-874a-1e4700c67398@group-9E511D2458D0-LeaderElection280] INFO  impl.RoleInfo (RoleInfo.java:shutdownLeaderElection(141)) - e6e13cb3-e32b-4d2d-874a-1e4700c67398: shutdown e6e13cb3-e32b-4d2d-874a-1e4700c67398@group-9E511D2458D0-LeaderElection280
2025-09-07 09:46:54,849 [e6e13cb3-e32b-4d2d-874a-1e4700c67398@group-9E511D2458D0-LeaderElection280] INFO  impl.RoleInfo (RoleInfo.java:updateAndGet(148)) - e6e13cb3-e32b-4d2d-874a-1e4700c67398: start e6e13cb3-e32b-4d2d-874a-1e4700c67398@group-9E511D2458D0-FollowerState
2025-09-07 09:46:54,958 [ff2509eb-55dd-4ad3-b532-83d6209e1a92-impl-thread2] INFO  segmented.SegmentedRaftLogWorker (SegmentedRaftLogWorker.java:close(254)) - ff2509eb-55dd-4ad3-b532-83d6209e1a92@group-77DC33C8A8CA-SegmentedRaftLogWorker close()
2025-09-07 09:46:54,958 [ff2509eb-55dd-4ad3-b532-83d6209e1a92-impl-thread2] INFO  ratis.ContainerStateMachine (ContainerStateMachine.java:notifyServerShutdown(1038)) - group-77DC33C8A8CA is closed by HddsDatanodeService
2025-09-07 09:46:54,958 [JvmPauseMonitor19] INFO  util.JvmPauseMonitor (JvmPauseMonitor.java:run(152)) - JvmPauseMonitor-ff2509eb-55dd-4ad3-b532-83d6209e1a92: Stopped
2025-09-07 09:46:55,158 [8500c972-c6d1-4433-9d49-a8e3bb920002@group-77DC33C8A8CA-LeaderStateImpl] INFO  impl.TransferLeadership (TransferLeadership.java:tryTransferLeadership(258)) - 8500c972-c6d1-4433-9d49-a8e3bb920002@group-77DC33C8A8CA: start transferring leadership to ff2509eb-55dd-4ad3-b532-83d6209e1a92
2025-09-07 09:46:55,158 [8500c972-c6d1-4433-9d49-a8e3bb920002@group-77DC33C8A8CA-LeaderStateImpl] INFO  impl.TransferLeadership (TransferLeadership.java:sendStartLeaderElection(210)) - 8500c972-c6d1-4433-9d49-a8e3bb920002@group-77DC33C8A8CA: sendStartLeaderElection to follower ff2509eb-55dd-4ad3-b532-83d6209e1a92, lastEntry=(t:5, i:12)
2025-09-07 09:46:55,158 [8500c972-c6d1-4433-9d49-a8e3bb920002@group-77DC33C8A8CA-LeaderStateImpl] INFO  impl.TransferLeadership (TransferLeadership.java:tryTransferLeadership(266)) - 8500c972-c6d1-4433-9d49-a8e3bb920002@group-77DC33C8A8CA: SUCCESS sent StartLeaderElection to transferee ff2509eb-55dd-4ad3-b532-83d6209e1a92 immediately as it already has up-to-date log
2025-09-07 09:46:55,158 [8500c972-c6d1-4433-9d49-a8e3bb920002-server-thread1] WARN  impl.TransferLeadership (TransferLeadership.java:lambda$sendStartLeaderElection$2(227)) - 8500c972-c6d1-4433-9d49-a8e3bb920002@group-77DC33C8A8CA: Failed to startLeaderElection for ff2509eb-55dd-4ad3-b532-83d6209e1a92
java.util.concurrent.CompletionException: org.apache.ratis.thirdparty.io.grpc.StatusRuntimeException: UNAVAILABLE: io exception
	at java.base/java.util.concurrent.CompletableFuture.encodeThrowable(CompletableFuture.java:315)
	at java.base/java.util.concurrent.CompletableFuture.completeThrowable(CompletableFuture.java:320)
	at java.base/java.util.concurrent.CompletableFuture$AsyncSupply.run(CompletableFuture.java:1770)
	at java.base/java.util.concurrent.ThreadPoolExecutor.runWorker(ThreadPoolExecutor.java:1144)
	at java.base/java.util.concurrent.ThreadPoolExecutor$Worker.run(ThreadPoolExecutor.java:642)
	at java.base/java.lang.Thread.run(Thread.java:1583)
Caused by: org.apache.ratis.thirdparty.io.grpc.StatusRuntimeException: UNAVAILABLE: io exception
	at org.apache.ratis.thirdparty.io.grpc.stub.ClientCalls.toStatusRuntimeException(ClientCalls.java:351)
	at org.apache.ratis.thirdparty.io.grpc.stub.ClientCalls.getUnchecked(ClientCalls.java:332)
	at org.apache.ratis.thirdparty.io.grpc.stub.ClientCalls.blockingUnaryCall(ClientCalls.java:174)
	at org.apache.ratis.proto.grpc.RaftServerProtocolServiceGrpc$RaftServerProtocolServiceBlockingStub.startLeaderElection(RaftServerProtocolServiceGrpc.java:422)
	at org.apache.ratis.grpc.server.GrpcServerProtocolClient.startLeaderElection(GrpcServerProtocolClient.java:123)
	at org.apache.ratis.grpc.server.GrpcServicesImpl.startLeaderElection(GrpcServicesImpl.java:423)
	at org.apache.ratis.server.impl.TransferLeadership.lambda$sendStartLeaderElection$1(TransferLeadership.java:218)
	at java.base/java.util.concurrent.CompletableFuture$AsyncSupply.run(CompletableFuture.java:1768)
	... 3 more
Caused by: org.apache.ratis.thirdparty.io.netty.channel.AbstractChannel$AnnotatedConnectException: finishConnect(..) failed: Connection refused: /127.0.0.1:15015
Caused by: java.net.ConnectException: finishConnect(..) failed: Connection refused
	at org.apache.ratis.thirdparty.io.netty.channel.unix.Errors.newConnectException0(Errors.java:166)
	at org.apache.ratis.thirdparty.io.netty.channel.unix.Errors.handleConnectErrno(Errors.java:131)
	at org.apache.ratis.thirdparty.io.netty.channel.unix.Socket.finishConnect(Socket.java:359)
	at org.apache.ratis.thirdparty.io.netty.channel.epoll.AbstractEpollChannel$AbstractEpollUnsafe.doFinishConnect(AbstractEpollChannel.java:715)
	at org.apache.ratis.thirdparty.io.netty.channel.epoll.AbstractEpollChannel$AbstractEpollUnsafe.finishConnect(AbstractEpollChannel.java:692)
	at org.apache.ratis.thirdparty.io.netty.channel.epoll.AbstractEpollChannel$AbstractEpollUnsafe.epollOutReady(AbstractEpollChannel.java:567)
	at org.apache.ratis.thirdparty.io.netty.channel.epoll.EpollEventLoop.processReady(EpollEventLoop.java:491)
	at org.apache.ratis.thirdparty.io.netty.channel.epoll.EpollEventLoop.run(EpollEventLoop.java:399)
	at org.apache.ratis.thirdparty.io.netty.util.concurrent.SingleThreadEventExecutor$4.run(SingleThreadEventExecutor.java:998)
	at org.apache.ratis.thirdparty.io.netty.util.internal.ThreadExecutorMap$2.run(ThreadExecutorMap.java:74)
	at org.apache.ratis.thirdparty.io.netty.util.concurrent.FastThreadLocalRunnable.run(FastThreadLocalRunnable.java:30)
	at java.base/java.lang.Thread.run(Thread.java:1583)
2025-09-07 09:46:55,195 [timer3] WARN  server.GrpcLogAppender (LogUtils.java:warn(127)) - 8500c972-c6d1-4433-9d49-a8e3bb920002@group-77DC33C8A8CA->ff2509eb-55dd-4ad3-b532-83d6209e1a92-AppendLogResponseHandler: Failed appendEntries (Repeated 32 times in the last 5.000s): org.apache.ratis.thirdparty.io.grpc.StatusRuntimeException: UNAVAILABLE: io exception
  Caused by: org.apache.ratis.thirdparty.io.netty.channel.AbstractChannel$AnnotatedConnectException: finishConnect(..) failed: Connection refused: /127.0.0.1:15015
  Caused by: java.net.ConnectException: finishConnect(..) failed: Connection refused
2025-09-07 09:46:55,196 [timer5] WARN  server.GrpcLogAppender (GrpcLogAppender.java:lambda$resetClient$1(228)) - 8500c972-c6d1-4433-9d49-a8e3bb920002@group-77DC33C8A8CA->ff2509eb-55dd-4ad3-b532-83d6209e1a92-GrpcLogAppender: Follower failed (request=null, errorCount=2); keep nextIndex (7) unchanged and retry. (Repeated 2 times in the last 4.999s)
2025-09-07 09:46:55,199 [timer0] WARN  server.GrpcLogAppender (GrpcLogAppender.java:lambda$resetClient$1(228)) - 8500c972-c6d1-4433-9d49-a8e3bb920002@group-77DC33C8A8CA->ff2509eb-55dd-4ad3-b532-83d6209e1a92-GrpcLogAppender: Follower failed (request=null, errorCount=4); keep nextIndex (8) unchanged and retry. (Repeated 2 times in the last 5.000s)
2025-09-07 09:46:55,209 [timer3] WARN  server.GrpcLogAppender (GrpcLogAppender.java:lambda$resetClient$1(228)) - 8500c972-c6d1-4433-9d49-a8e3bb920002@group-77DC33C8A8CA->ff2509eb-55dd-4ad3-b532-83d6209e1a92-GrpcLogAppender: Follower failed (request=null, errorCount=14); keep nextIndex (9) unchanged and retry. (Repeated 10 times in the last 5.000s)
2025-09-07 09:46:55,212 [grpc-default-executor-8] WARN  server.GrpcLogAppender (LogUtils.java:warn(127)) - 8500c972-c6d1-4433-9d49-a8e3bb920002@group-77DC33C8A8CA->ff2509eb-55dd-4ad3-b532-83d6209e1a92-AppendLogResponseHandler: Failed appendEntries: org.apache.ratis.thirdparty.io.grpc.StatusRuntimeException: UNAVAILABLE: io exception
  Caused by: org.apache.ratis.thirdparty.io.netty.channel.AbstractChannel$AnnotatedConnectException: finishConnect(..) failed: Connection refused: /127.0.0.1:15015
  Caused by: java.net.ConnectException: finishConnect(..) failed: Connection refused
2025-09-07 09:46:55,236 [90a60b70-6b91-4fb2-a612-7ac0b6911dfc@group-9E511D2458D0-FollowerState] INFO  impl.FollowerState (FollowerState.java:runImpl(161)) - 90a60b70-6b91-4fb2-a612-7ac0b6911dfc@group-9E511D2458D0-FollowerState: change to CANDIDATE, lastRpcElapsedTime:1021466977ns, electionTimeout:1021ms
2025-09-07 09:46:55,236 [90a60b70-6b91-4fb2-a612-7ac0b6911dfc@group-9E511D2458D0-FollowerState] INFO  impl.RoleInfo (RoleInfo.java:shutdownFollowerState(121)) - 90a60b70-6b91-4fb2-a612-7ac0b6911dfc: shutdown 90a60b70-6b91-4fb2-a612-7ac0b6911dfc@group-9E511D2458D0-FollowerState
2025-09-07 09:46:55,236 [90a60b70-6b91-4fb2-a612-7ac0b6911dfc@group-9E511D2458D0-FollowerState] INFO  server.RaftServer$Division (RaftServerImpl.java:setRole(392)) - 90a60b70-6b91-4fb2-a612-7ac0b6911dfc@group-9E511D2458D0: changes role from  FOLLOWER to CANDIDATE at term 1 for changeToCandidate
2025-09-07 09:46:55,236 [90a60b70-6b91-4fb2-a612-7ac0b6911dfc@group-9E511D2458D0-FollowerState] INFO  impl.RoleInfo (RoleInfo.java:updateAndGet(148)) - 90a60b70-6b91-4fb2-a612-7ac0b6911dfc: start 90a60b70-6b91-4fb2-a612-7ac0b6911dfc@group-9E511D2458D0-LeaderElection281
2025-09-07 09:46:55,236 [90a60b70-6b91-4fb2-a612-7ac0b6911dfc@group-9E511D2458D0-LeaderElection281] INFO  impl.LeaderElection (LeaderElection.java:askForVotes(448)) - 90a60b70-6b91-4fb2-a612-7ac0b6911dfc@group-9E511D2458D0-LeaderElection281 PRE_VOTE round 0: submit vote requests at term 1 for conf: {index: 0, cur=peers:[90a60b70-6b91-4fb2-a612-7ac0b6911dfc|127.0.0.1:15047, e6e13cb3-e32b-4d2d-874a-1e4700c67398|127.0.0.1:15055, 7c7182dc-ac7f-44a8-b1d4-5d10f99cbcf2|127.0.0.1:15039]|listeners:[], old=null}
2025-09-07 09:46:55,237 [grpc-default-executor-8] INFO  server.RaftServer$Division (RaftServerImpl.java:requestVote(1421)) - e6e13cb3-e32b-4d2d-874a-1e4700c67398@group-9E511D2458D0: receive requestVote(PRE_VOTE, 90a60b70-6b91-4fb2-a612-7ac0b6911dfc, group-9E511D2458D0, 1, (t:1, i:0))
2025-09-07 09:46:55,237 [grpc-default-executor-11] INFO  server.RaftServer$Division (RaftServerImpl.java:requestVote(1421)) - 7c7182dc-ac7f-44a8-b1d4-5d10f99cbcf2@group-9E511D2458D0: receive requestVote(PRE_VOTE, 90a60b70-6b91-4fb2-a612-7ac0b6911dfc, group-9E511D2458D0, 1, (t:1, i:0))
2025-09-07 09:46:55,237 [grpc-default-executor-8] INFO  impl.VoteContext (VoteContext.java:log(49)) - e6e13cb3-e32b-4d2d-874a-1e4700c67398@group-9E511D2458D0-FOLLOWER: reject PRE_VOTE from 90a60b70-6b91-4fb2-a612-7ac0b6911dfc: our priority 1 > candidate's priority 0
2025-09-07 09:46:55,237 [grpc-default-executor-11] INFO  impl.VoteContext (VoteContext.java:log(49)) - 7c7182dc-ac7f-44a8-b1d4-5d10f99cbcf2@group-9E511D2458D0-FOLLOWER: accept PRE_VOTE from 90a60b70-6b91-4fb2-a612-7ac0b6911dfc: our priority 0 <= candidate's priority 0
2025-09-07 09:46:55,237 [grpc-default-executor-11] INFO  server.RaftServer$Division (RaftServerImpl.java:requestVote(1455)) - 7c7182dc-ac7f-44a8-b1d4-5d10f99cbcf2@group-9E511D2458D0 replies to PRE_VOTE vote request: 90a60b70-6b91-4fb2-a612-7ac0b6911dfc<-7c7182dc-ac7f-44a8-b1d4-5d10f99cbcf2#0:OK-t1-last:(t:1, i:0). Peer's state: 7c7182dc-ac7f-44a8-b1d4-5d10f99cbcf2@group-9E511D2458D0:t1, leader=null, voted=e6e13cb3-e32b-4d2d-874a-1e4700c67398, raftlog=Memoized:7c7182dc-ac7f-44a8-b1d4-5d10f99cbcf2@group-9E511D2458D0-SegmentedRaftLog:OPENED:c0:last(t:1, i:0), conf=conf: {index: 0, cur=peers:[90a60b70-6b91-4fb2-a612-7ac0b6911dfc|127.0.0.1:15047, e6e13cb3-e32b-4d2d-874a-1e4700c67398|127.0.0.1:15055, 7c7182dc-ac7f-44a8-b1d4-5d10f99cbcf2|127.0.0.1:15039]|listeners:[], old=null}
2025-09-07 09:46:55,237 [grpc-default-executor-8] INFO  server.RaftServer$Division (RaftServerImpl.java:requestVote(1455)) - e6e13cb3-e32b-4d2d-874a-1e4700c67398@group-9E511D2458D0 replies to PRE_VOTE vote request: 90a60b70-6b91-4fb2-a612-7ac0b6911dfc<-e6e13cb3-e32b-4d2d-874a-1e4700c67398#0:FAIL-t1-last:(t:1, i:0). Peer's state: e6e13cb3-e32b-4d2d-874a-1e4700c67398@group-9E511D2458D0:t1, leader=null, voted=e6e13cb3-e32b-4d2d-874a-1e4700c67398, raftlog=Memoized:e6e13cb3-e32b-4d2d-874a-1e4700c67398@group-9E511D2458D0-SegmentedRaftLog:OPENED:c0:last(t:1, i:0), conf=conf: {index: 0, cur=peers:[90a60b70-6b91-4fb2-a612-7ac0b6911dfc|127.0.0.1:15047, e6e13cb3-e32b-4d2d-874a-1e4700c67398|127.0.0.1:15055, 7c7182dc-ac7f-44a8-b1d4-5d10f99cbcf2|127.0.0.1:15039]|listeners:[], old=null}
2025-09-07 09:46:55,238 [90a60b70-6b91-4fb2-a612-7ac0b6911dfc@group-9E511D2458D0-LeaderElection281] INFO  impl.LeaderElection (LeaderElection.java:logAndReturn(206)) - 90a60b70-6b91-4fb2-a612-7ac0b6911dfc@group-9E511D2458D0-LeaderElection281: PRE_VOTE REJECTED received 1 response(s) and 0 exception(s):
2025-09-07 09:46:55,238 [90a60b70-6b91-4fb2-a612-7ac0b6911dfc@group-9E511D2458D0-LeaderElection281] INFO  impl.LeaderElection (LeaderElection.java:logAndReturn(210)) -   Response 0: 90a60b70-6b91-4fb2-a612-7ac0b6911dfc<-e6e13cb3-e32b-4d2d-874a-1e4700c67398#0:FAIL-t1-last:(t:1, i:0)
2025-09-07 09:46:55,238 [90a60b70-6b91-4fb2-a612-7ac0b6911dfc@group-9E511D2458D0-LeaderElection281] INFO  impl.LeaderElection (LeaderElection.java:askForVotes(450)) - 90a60b70-6b91-4fb2-a612-7ac0b6911dfc@group-9E511D2458D0-LeaderElection281 PRE_VOTE round 0: result REJECTED
2025-09-07 09:46:55,238 [90a60b70-6b91-4fb2-a612-7ac0b6911dfc@group-9E511D2458D0-LeaderElection281] INFO  server.RaftServer$Division (RaftServerImpl.java:setRole(392)) - 90a60b70-6b91-4fb2-a612-7ac0b6911dfc@group-9E511D2458D0: changes role from CANDIDATE to FOLLOWER at term 1 for REJECTED
2025-09-07 09:46:55,238 [90a60b70-6b91-4fb2-a612-7ac0b6911dfc@group-9E511D2458D0-LeaderElection281] INFO  impl.RoleInfo (RoleInfo.java:shutdownLeaderElection(141)) - 90a60b70-6b91-4fb2-a612-7ac0b6911dfc: shutdown 90a60b70-6b91-4fb2-a612-7ac0b6911dfc@group-9E511D2458D0-LeaderElection281
2025-09-07 09:46:55,238 [90a60b70-6b91-4fb2-a612-7ac0b6911dfc@group-9E511D2458D0-LeaderElection281] INFO  impl.RoleInfo (RoleInfo.java:updateAndGet(148)) - 90a60b70-6b91-4fb2-a612-7ac0b6911dfc: start 90a60b70-6b91-4fb2-a612-7ac0b6911dfc@group-9E511D2458D0-FollowerState
2025-09-07 09:46:55,284 [a68d7e4a-8be2-4109-84e0-ed7537249ab2-server-thread2] INFO  server.RaftServer$Division (RaftServerImpl.java:takeSnapshotAsync(1241)) - a68d7e4a-8be2-4109-84e0-ed7537249ab2@group-6F7884931D6C: takeSnapshotAsync SnapshotManagementRequest:client-30F2F7AA0573->a68d7e4a-8be2-4109-84e0-ed7537249ab2@group-6F7884931D6C, cid=49, seq=null, RO, null, Create:
2025-09-07 09:46:56,008 [e6e13cb3-e32b-4d2d-874a-1e4700c67398@group-9E511D2458D0-FollowerState] INFO  impl.FollowerState (FollowerState.java:runImpl(161)) - e6e13cb3-e32b-4d2d-874a-1e4700c67398@group-9E511D2458D0-FollowerState: change to CANDIDATE, lastRpcElapsedTime:1158263085ns, electionTimeout:1158ms
2025-09-07 09:46:56,008 [e6e13cb3-e32b-4d2d-874a-1e4700c67398@group-9E511D2458D0-FollowerState] INFO  impl.RoleInfo (RoleInfo.java:shutdownFollowerState(121)) - e6e13cb3-e32b-4d2d-874a-1e4700c67398: shutdown e6e13cb3-e32b-4d2d-874a-1e4700c67398@group-9E511D2458D0-FollowerState
2025-09-07 09:46:56,008 [e6e13cb3-e32b-4d2d-874a-1e4700c67398@group-9E511D2458D0-FollowerState] INFO  server.RaftServer$Division (RaftServerImpl.java:setRole(392)) - e6e13cb3-e32b-4d2d-874a-1e4700c67398@group-9E511D2458D0: changes role from  FOLLOWER to CANDIDATE at term 1 for changeToCandidate
2025-09-07 09:46:56,008 [e6e13cb3-e32b-4d2d-874a-1e4700c67398@group-9E511D2458D0-FollowerState] INFO  impl.RoleInfo (RoleInfo.java:updateAndGet(148)) - e6e13cb3-e32b-4d2d-874a-1e4700c67398: start e6e13cb3-e32b-4d2d-874a-1e4700c67398@group-9E511D2458D0-LeaderElection282
2025-09-07 09:46:56,008 [e6e13cb3-e32b-4d2d-874a-1e4700c67398@group-9E511D2458D0-LeaderElection282] INFO  impl.LeaderElection (LeaderElection.java:askForVotes(448)) - e6e13cb3-e32b-4d2d-874a-1e4700c67398@group-9E511D2458D0-LeaderElection282 PRE_VOTE round 0: submit vote requests at term 1 for conf: {index: 0, cur=peers:[90a60b70-6b91-4fb2-a612-7ac0b6911dfc|127.0.0.1:15047, e6e13cb3-e32b-4d2d-874a-1e4700c67398|127.0.0.1:15055, 7c7182dc-ac7f-44a8-b1d4-5d10f99cbcf2|127.0.0.1:15039]|listeners:[], old=null}
2025-09-07 09:46:56,009 [e6e13cb3-e32b-4d2d-874a-1e4700c67398@group-9E511D2458D0-LeaderElection282] INFO  impl.LeaderElection (LogUtils.java:infoOrTrace(142)) - e6e13cb3-e32b-4d2d-874a-1e4700c67398@group-9E511D2458D0-LeaderElection282 got exception when requesting votes: java.util.concurrent.ExecutionException: org.apache.ratis.thirdparty.io.grpc.StatusRuntimeException: UNAVAILABLE: io exception
2025-09-07 09:46:56,009 [e6e13cb3-e32b-4d2d-874a-1e4700c67398@group-9E511D2458D0-LeaderElection282] INFO  impl.LeaderElection (LogUtils.java:infoOrTrace(142)) - e6e13cb3-e32b-4d2d-874a-1e4700c67398@group-9E511D2458D0-LeaderElection282 got exception when requesting votes: java.util.concurrent.ExecutionException: org.apache.ratis.thirdparty.io.grpc.StatusRuntimeException: UNAVAILABLE: io exception
2025-09-07 09:46:56,009 [e6e13cb3-e32b-4d2d-874a-1e4700c67398@group-9E511D2458D0-LeaderElection282] INFO  impl.LeaderElection (LeaderElection.java:logAndReturn(206)) - e6e13cb3-e32b-4d2d-874a-1e4700c67398@group-9E511D2458D0-LeaderElection282: PRE_VOTE REJECTED received 0 response(s) and 2 exception(s):
2025-09-07 09:46:56,009 [e6e13cb3-e32b-4d2d-874a-1e4700c67398@group-9E511D2458D0-LeaderElection282] INFO  impl.LeaderElection (LogUtils.java:infoOrTrace(142)) -   Exception 0: java.util.concurrent.ExecutionException: org.apache.ratis.thirdparty.io.grpc.StatusRuntimeException: UNAVAILABLE: io exception
2025-09-07 09:46:56,009 [e6e13cb3-e32b-4d2d-874a-1e4700c67398@group-9E511D2458D0-LeaderElection282] INFO  impl.LeaderElection (LogUtils.java:infoOrTrace(142)) -   Exception 1: java.util.concurrent.ExecutionException: org.apache.ratis.thirdparty.io.grpc.StatusRuntimeException: UNAVAILABLE: io exception
2025-09-07 09:46:56,009 [e6e13cb3-e32b-4d2d-874a-1e4700c67398@group-9E511D2458D0-LeaderElection282] INFO  impl.LeaderElection (LeaderElection.java:askForVotes(450)) - e6e13cb3-e32b-4d2d-874a-1e4700c67398@group-9E511D2458D0-LeaderElection282 PRE_VOTE round 0: result REJECTED
2025-09-07 09:46:56,009 [e6e13cb3-e32b-4d2d-874a-1e4700c67398@group-9E511D2458D0-LeaderElection282] INFO  server.RaftServer$Division (RaftServerImpl.java:setRole(392)) - e6e13cb3-e32b-4d2d-874a-1e4700c67398@group-9E511D2458D0: changes role from CANDIDATE to FOLLOWER at term 1 for REJECTED
2025-09-07 09:46:56,009 [e6e13cb3-e32b-4d2d-874a-1e4700c67398@group-9E511D2458D0-LeaderElection282] INFO  impl.RoleInfo (RoleInfo.java:shutdownLeaderElection(141)) - e6e13cb3-e32b-4d2d-874a-1e4700c67398: shutdown e6e13cb3-e32b-4d2d-874a-1e4700c67398@group-9E511D2458D0-LeaderElection282
2025-09-07 09:46:56,009 [e6e13cb3-e32b-4d2d-874a-1e4700c67398@group-9E511D2458D0-LeaderElection282] INFO  impl.RoleInfo (RoleInfo.java:updateAndGet(148)) - e6e13cb3-e32b-4d2d-874a-1e4700c67398: start e6e13cb3-e32b-4d2d-874a-1e4700c67398@group-9E511D2458D0-FollowerState
2025-09-07 09:46:56,243 [90a60b70-6b91-4fb2-a612-7ac0b6911dfc@group-9E511D2458D0-FollowerState] INFO  impl.FollowerState (FollowerState.java:runImpl(161)) - 90a60b70-6b91-4fb2-a612-7ac0b6911dfc@group-9E511D2458D0-FollowerState: change to CANDIDATE, lastRpcElapsedTime:1004320876ns, electionTimeout:1004ms
2025-09-07 09:46:56,243 [90a60b70-6b91-4fb2-a612-7ac0b6911dfc@group-9E511D2458D0-FollowerState] INFO  impl.RoleInfo (RoleInfo.java:shutdownFollowerState(121)) - 90a60b70-6b91-4fb2-a612-7ac0b6911dfc: shutdown 90a60b70-6b91-4fb2-a612-7ac0b6911dfc@group-9E511D2458D0-FollowerState
2025-09-07 09:46:56,243 [90a60b70-6b91-4fb2-a612-7ac0b6911dfc@group-9E511D2458D0-FollowerState] INFO  server.RaftServer$Division (RaftServerImpl.java:setRole(392)) - 90a60b70-6b91-4fb2-a612-7ac0b6911dfc@group-9E511D2458D0: changes role from  FOLLOWER to CANDIDATE at term 1 for changeToCandidate
2025-09-07 09:46:56,243 [90a60b70-6b91-4fb2-a612-7ac0b6911dfc@group-9E511D2458D0-FollowerState] INFO  impl.RoleInfo (RoleInfo.java:updateAndGet(148)) - 90a60b70-6b91-4fb2-a612-7ac0b6911dfc: start 90a60b70-6b91-4fb2-a612-7ac0b6911dfc@group-9E511D2458D0-LeaderElection283
2025-09-07 09:46:56,243 [90a60b70-6b91-4fb2-a612-7ac0b6911dfc@group-9E511D2458D0-LeaderElection283] INFO  impl.LeaderElection (LeaderElection.java:askForVotes(448)) - 90a60b70-6b91-4fb2-a612-7ac0b6911dfc@group-9E511D2458D0-LeaderElection283 PRE_VOTE round 0: submit vote requests at term 1 for conf: {index: 0, cur=peers:[90a60b70-6b91-4fb2-a612-7ac0b6911dfc|127.0.0.1:15047, e6e13cb3-e32b-4d2d-874a-1e4700c67398|127.0.0.1:15055, 7c7182dc-ac7f-44a8-b1d4-5d10f99cbcf2|127.0.0.1:15039]|listeners:[], old=null}
2025-09-07 09:46:56,244 [grpc-default-executor-11] INFO  server.RaftServer$Division (RaftServerImpl.java:requestVote(1421)) - 7c7182dc-ac7f-44a8-b1d4-5d10f99cbcf2@group-9E511D2458D0: receive requestVote(PRE_VOTE, 90a60b70-6b91-4fb2-a612-7ac0b6911dfc, group-9E511D2458D0, 1, (t:1, i:0))
2025-09-07 09:46:56,244 [grpc-default-executor-8] INFO  server.RaftServer$Division (RaftServerImpl.java:requestVote(1421)) - e6e13cb3-e32b-4d2d-874a-1e4700c67398@group-9E511D2458D0: receive requestVote(PRE_VOTE, 90a60b70-6b91-4fb2-a612-7ac0b6911dfc, group-9E511D2458D0, 1, (t:1, i:0))
2025-09-07 09:46:56,244 [grpc-default-executor-11] INFO  impl.VoteContext (VoteContext.java:log(49)) - 7c7182dc-ac7f-44a8-b1d4-5d10f99cbcf2@group-9E511D2458D0-FOLLOWER: accept PRE_VOTE from 90a60b70-6b91-4fb2-a612-7ac0b6911dfc: our priority 0 <= candidate's priority 0
2025-09-07 09:46:56,244 [grpc-default-executor-8] INFO  impl.VoteContext (VoteContext.java:log(49)) - e6e13cb3-e32b-4d2d-874a-1e4700c67398@group-9E511D2458D0-FOLLOWER: reject PRE_VOTE from 90a60b70-6b91-4fb2-a612-7ac0b6911dfc: our priority 1 > candidate's priority 0
2025-09-07 09:46:56,244 [grpc-default-executor-11] INFO  server.RaftServer$Division (RaftServerImpl.java:requestVote(1455)) - 7c7182dc-ac7f-44a8-b1d4-5d10f99cbcf2@group-9E511D2458D0 replies to PRE_VOTE vote request: 90a60b70-6b91-4fb2-a612-7ac0b6911dfc<-7c7182dc-ac7f-44a8-b1d4-5d10f99cbcf2#0:OK-t1-last:(t:1, i:0). Peer's state: 7c7182dc-ac7f-44a8-b1d4-5d10f99cbcf2@group-9E511D2458D0:t1, leader=null, voted=e6e13cb3-e32b-4d2d-874a-1e4700c67398, raftlog=Memoized:7c7182dc-ac7f-44a8-b1d4-5d10f99cbcf2@group-9E511D2458D0-SegmentedRaftLog:OPENED:c0:last(t:1, i:0), conf=conf: {index: 0, cur=peers:[90a60b70-6b91-4fb2-a612-7ac0b6911dfc|127.0.0.1:15047, e6e13cb3-e32b-4d2d-874a-1e4700c67398|127.0.0.1:15055, 7c7182dc-ac7f-44a8-b1d4-5d10f99cbcf2|127.0.0.1:15039]|listeners:[], old=null}
2025-09-07 09:46:56,244 [grpc-default-executor-8] INFO  server.RaftServer$Division (RaftServerImpl.java:requestVote(1455)) - e6e13cb3-e32b-4d2d-874a-1e4700c67398@group-9E511D2458D0 replies to PRE_VOTE vote request: 90a60b70-6b91-4fb2-a612-7ac0b6911dfc<-e6e13cb3-e32b-4d2d-874a-1e4700c67398#0:FAIL-t1-last:(t:1, i:0). Peer's state: e6e13cb3-e32b-4d2d-874a-1e4700c67398@group-9E511D2458D0:t1, leader=null, voted=e6e13cb3-e32b-4d2d-874a-1e4700c67398, raftlog=Memoized:e6e13cb3-e32b-4d2d-874a-1e4700c67398@group-9E511D2458D0-SegmentedRaftLog:OPENED:c0:last(t:1, i:0), conf=conf: {index: 0, cur=peers:[90a60b70-6b91-4fb2-a612-7ac0b6911dfc|127.0.0.1:15047, e6e13cb3-e32b-4d2d-874a-1e4700c67398|127.0.0.1:15055, 7c7182dc-ac7f-44a8-b1d4-5d10f99cbcf2|127.0.0.1:15039]|listeners:[], old=null}
2025-09-07 09:46:56,245 [90a60b70-6b91-4fb2-a612-7ac0b6911dfc@group-9E511D2458D0-LeaderElection283] INFO  impl.LeaderElection (LeaderElection.java:logAndReturn(206)) - 90a60b70-6b91-4fb2-a612-7ac0b6911dfc@group-9E511D2458D0-LeaderElection283: PRE_VOTE REJECTED received 1 response(s) and 0 exception(s):
2025-09-07 09:46:56,245 [90a60b70-6b91-4fb2-a612-7ac0b6911dfc@group-9E511D2458D0-LeaderElection283] INFO  impl.LeaderElection (LeaderElection.java:logAndReturn(210)) -   Response 0: 90a60b70-6b91-4fb2-a612-7ac0b6911dfc<-e6e13cb3-e32b-4d2d-874a-1e4700c67398#0:FAIL-t1-last:(t:1, i:0)
2025-09-07 09:46:56,245 [90a60b70-6b91-4fb2-a612-7ac0b6911dfc@group-9E511D2458D0-LeaderElection283] INFO  impl.LeaderElection (LeaderElection.java:askForVotes(450)) - 90a60b70-6b91-4fb2-a612-7ac0b6911dfc@group-9E511D2458D0-LeaderElection283 PRE_VOTE round 0: result REJECTED
2025-09-07 09:46:56,245 [90a60b70-6b91-4fb2-a612-7ac0b6911dfc@group-9E511D2458D0-LeaderElection283] INFO  server.RaftServer$Division (RaftServerImpl.java:setRole(392)) - 90a60b70-6b91-4fb2-a612-7ac0b6911dfc@group-9E511D2458D0: changes role from CANDIDATE to FOLLOWER at term 1 for REJECTED
2025-09-07 09:46:56,245 [90a60b70-6b91-4fb2-a612-7ac0b6911dfc@group-9E511D2458D0-LeaderElection283] INFO  impl.RoleInfo (RoleInfo.java:shutdownLeaderElection(141)) - 90a60b70-6b91-4fb2-a612-7ac0b6911dfc: shutdown 90a60b70-6b91-4fb2-a612-7ac0b6911dfc@group-9E511D2458D0-LeaderElection283
2025-09-07 09:46:56,245 [90a60b70-6b91-4fb2-a612-7ac0b6911dfc@group-9E511D2458D0-LeaderElection283] INFO  impl.RoleInfo (RoleInfo.java:updateAndGet(148)) - 90a60b70-6b91-4fb2-a612-7ac0b6911dfc: start 90a60b70-6b91-4fb2-a612-7ac0b6911dfc@group-9E511D2458D0-FollowerState
2025-09-07 09:46:56,358 [8500c972-c6d1-4433-9d49-a8e3bb920002@group-77DC33C8A8CA-LeaderStateImpl] INFO  impl.TransferLeadership (TransferLeadership.java:tryTransferLeadership(258)) - 8500c972-c6d1-4433-9d49-a8e3bb920002@group-77DC33C8A8CA: start transferring leadership to ff2509eb-55dd-4ad3-b532-83d6209e1a92
2025-09-07 09:46:56,358 [8500c972-c6d1-4433-9d49-a8e3bb920002@group-77DC33C8A8CA-LeaderStateImpl] INFO  impl.TransferLeadership (TransferLeadership.java:sendStartLeaderElection(210)) - 8500c972-c6d1-4433-9d49-a8e3bb920002@group-77DC33C8A8CA: sendStartLeaderElection to follower ff2509eb-55dd-4ad3-b532-83d6209e1a92, lastEntry=(t:5, i:12)
2025-09-07 09:46:56,358 [8500c972-c6d1-4433-9d49-a8e3bb920002@group-77DC33C8A8CA-LeaderStateImpl] INFO  impl.TransferLeadership (TransferLeadership.java:tryTransferLeadership(266)) - 8500c972-c6d1-4433-9d49-a8e3bb920002@group-77DC33C8A8CA: SUCCESS sent StartLeaderElection to transferee ff2509eb-55dd-4ad3-b532-83d6209e1a92 immediately as it already has up-to-date log
2025-09-07 09:46:56,358 [8500c972-c6d1-4433-9d49-a8e3bb920002-server-thread1] WARN  impl.TransferLeadership (TransferLeadership.java:lambda$sendStartLeaderElection$2(227)) - 8500c972-c6d1-4433-9d49-a8e3bb920002@group-77DC33C8A8CA: Failed to startLeaderElection for ff2509eb-55dd-4ad3-b532-83d6209e1a92
java.util.concurrent.CompletionException: org.apache.ratis.thirdparty.io.grpc.StatusRuntimeException: UNAVAILABLE: io exception
	at java.base/java.util.concurrent.CompletableFuture.encodeThrowable(CompletableFuture.java:315)
	at java.base/java.util.concurrent.CompletableFuture.completeThrowable(CompletableFuture.java:320)
	at java.base/java.util.concurrent.CompletableFuture$AsyncSupply.run(CompletableFuture.java:1770)
	at java.base/java.util.concurrent.ThreadPoolExecutor.runWorker(ThreadPoolExecutor.java:1144)
	at java.base/java.util.concurrent.ThreadPoolExecutor$Worker.run(ThreadPoolExecutor.java:642)
	at java.base/java.lang.Thread.run(Thread.java:1583)
Caused by: org.apache.ratis.thirdparty.io.grpc.StatusRuntimeException: UNAVAILABLE: io exception
	at org.apache.ratis.thirdparty.io.grpc.stub.ClientCalls.toStatusRuntimeException(ClientCalls.java:351)
	at org.apache.ratis.thirdparty.io.grpc.stub.ClientCalls.getUnchecked(ClientCalls.java:332)
	at org.apache.ratis.thirdparty.io.grpc.stub.ClientCalls.blockingUnaryCall(ClientCalls.java:174)
	at org.apache.ratis.proto.grpc.RaftServerProtocolServiceGrpc$RaftServerProtocolServiceBlockingStub.startLeaderElection(RaftServerProtocolServiceGrpc.java:422)
	at org.apache.ratis.grpc.server.GrpcServerProtocolClient.startLeaderElection(GrpcServerProtocolClient.java:123)
	at org.apache.ratis.grpc.server.GrpcServicesImpl.startLeaderElection(GrpcServicesImpl.java:423)
	at org.apache.ratis.server.impl.TransferLeadership.lambda$sendStartLeaderElection$1(TransferLeadership.java:218)
	at java.base/java.util.concurrent.CompletableFuture$AsyncSupply.run(CompletableFuture.java:1768)
	... 3 more
Caused by: org.apache.ratis.thirdparty.io.netty.channel.AbstractChannel$AnnotatedConnectException: finishConnect(..) failed: Connection refused: /127.0.0.1:15015
Caused by: java.net.ConnectException: finishConnect(..) failed: Connection refused
	at org.apache.ratis.thirdparty.io.netty.channel.unix.Errors.newConnectException0(Errors.java:166)
	at org.apache.ratis.thirdparty.io.netty.channel.unix.Errors.handleConnectErrno(Errors.java:131)
	at org.apache.ratis.thirdparty.io.netty.channel.unix.Socket.finishConnect(Socket.java:359)
	at org.apache.ratis.thirdparty.io.netty.channel.epoll.AbstractEpollChannel$AbstractEpollUnsafe.doFinishConnect(AbstractEpollChannel.java:715)
	at org.apache.ratis.thirdparty.io.netty.channel.epoll.AbstractEpollChannel$AbstractEpollUnsafe.finishConnect(AbstractEpollChannel.java:692)
	at org.apache.ratis.thirdparty.io.netty.channel.epoll.AbstractEpollChannel$AbstractEpollUnsafe.epollOutReady(AbstractEpollChannel.java:567)
	at org.apache.ratis.thirdparty.io.netty.channel.epoll.EpollEventLoop.processReady(EpollEventLoop.java:491)
	at org.apache.ratis.thirdparty.io.netty.channel.epoll.EpollEventLoop.run(EpollEventLoop.java:399)
	at org.apache.ratis.thirdparty.io.netty.util.concurrent.SingleThreadEventExecutor$4.run(SingleThreadEventExecutor.java:998)
	at org.apache.ratis.thirdparty.io.netty.util.internal.ThreadExecutorMap$2.run(ThreadExecutorMap.java:74)
	at org.apache.ratis.thirdparty.io.netty.util.concurrent.FastThreadLocalRunnable.run(FastThreadLocalRunnable.java:30)
	at java.base/java.lang.Thread.run(Thread.java:1583)
2025-09-07 09:46:56,426 [timer4] WARN  server.GrpcLogAppender (GrpcLogAppender.java:lambda$resetClient$1(228)) - 95d41743-cdf0-4105-938b-93fe980aeffc@group-DDE89B3F2AFE->ff2509eb-55dd-4ad3-b532-83d6209e1a92-GrpcLogAppender: Follower failed (request=null, errorCount=18); keep nextIndex (24) unchanged and retry. (Repeated 2 times in the last 5.000s)
2025-09-07 09:46:56,427 [timer7] WARN  server.GrpcLogAppender (GrpcLogAppender.java:lambda$resetClient$1(228)) - 95d41743-cdf0-4105-938b-93fe980aeffc@group-DDE89B3F2AFE->ff2509eb-55dd-4ad3-b532-83d6209e1a92-GrpcLogAppender: Follower failed (request=null, errorCount=20); keep nextIndex (25) unchanged and retry. (Repeated 2 times in the last 5.000s)
2025-09-07 09:46:56,429 [timer0] WARN  server.GrpcLogAppender (GrpcLogAppender.java:lambda$resetClient$1(228)) - 95d41743-cdf0-4105-938b-93fe980aeffc@group-DDE89B3F2AFE->ff2509eb-55dd-4ad3-b532-83d6209e1a92-GrpcLogAppender: Follower failed (request=null, errorCount=22); keep nextIndex (27) unchanged and retry. (Repeated 2 times in the last 5.000s)
2025-09-07 09:46:56,434 [timer5] WARN  server.GrpcLogAppender (GrpcLogAppender.java:lambda$resetClient$1(228)) - 95d41743-cdf0-4105-938b-93fe980aeffc@group-DDE89B3F2AFE->ff2509eb-55dd-4ad3-b532-83d6209e1a92-GrpcLogAppender: Follower failed (request=null, errorCount=24); keep nextIndex (28) unchanged and retry. (Repeated 2 times in the last 5.000s)
2025-09-07 09:46:56,435 [timer0] WARN  server.GrpcLogAppender (GrpcLogAppender.java:lambda$resetClient$1(228)) - 95d41743-cdf0-4105-938b-93fe980aeffc@group-DDE89B3F2AFE->ff2509eb-55dd-4ad3-b532-83d6209e1a92-GrpcLogAppender: Follower failed (request=null, errorCount=26); keep nextIndex (29) unchanged and retry. (Repeated 2 times in the last 5.000s)
2025-09-07 09:46:56,440 [timer6] WARN  server.GrpcLogAppender (GrpcLogAppender.java:lambda$resetClient$1(228)) - 95d41743-cdf0-4105-938b-93fe980aeffc@group-DDE89B3F2AFE->ff2509eb-55dd-4ad3-b532-83d6209e1a92-GrpcLogAppender: Follower failed (request=null, errorCount=28); keep nextIndex (30) unchanged and retry. (Repeated 2 times in the last 5.000s)
2025-09-07 09:46:56,441 [timer1] WARN  server.GrpcLogAppender (GrpcLogAppender.java:lambda$resetClient$1(228)) - 95d41743-cdf0-4105-938b-93fe980aeffc@group-DDE89B3F2AFE->ff2509eb-55dd-4ad3-b532-83d6209e1a92-GrpcLogAppender: Follower failed (request=null, errorCount=32); keep nextIndex (31) unchanged and retry. (Repeated 4 times in the last 5.000s)
2025-09-07 09:46:56,781 [timer4] WARN  server.GrpcLogAppender (GrpcLogAppender.java:lambda$resetClient$1(228)) - 8500c972-c6d1-4433-9d49-a8e3bb920002@group-77DC33C8A8CA->ff2509eb-55dd-4ad3-b532-83d6209e1a92-GrpcLogAppender: Follower failed (request=null, errorCount=16); keep nextIndex (11) unchanged and retry. (Repeated 2 times in the last 5.000s)
2025-09-07 09:46:56,789 [timer7] WARN  server.GrpcLogAppender (GrpcLogAppender.java:lambda$resetClient$1(228)) - 8500c972-c6d1-4433-9d49-a8e3bb920002@group-77DC33C8A8CA->ff2509eb-55dd-4ad3-b532-83d6209e1a92-GrpcLogAppender: Follower failed (request=null, errorCount=18); keep nextIndex (12) unchanged and retry. (Repeated 2 times in the last 5.001s)
2025-09-07 09:46:56,791 [timer2] WARN  server.GrpcLogAppender (GrpcLogAppender.java:lambda$resetClient$1(228)) - 8500c972-c6d1-4433-9d49-a8e3bb920002@group-77DC33C8A8CA->ff2509eb-55dd-4ad3-b532-83d6209e1a92-GrpcLogAppender: Follower failed (request=null, errorCount=12); keep nextIndex (13) unchanged and retry. (Repeated 18 times in the last 5.000s)
2025-09-07 09:46:56,898 [grpc-default-executor-8] WARN  server.GrpcLogAppender (GrpcLogAppender.java:lambda$resetClient$1(228)) - 8500c972-c6d1-4433-9d49-a8e3bb920002@group-77DC33C8A8CA->ff2509eb-55dd-4ad3-b532-83d6209e1a92-GrpcLogAppender: Follower failed (request=null, errorCount=13); keep nextIndex (13) unchanged and retry.
2025-09-07 09:46:56,961 [ForkJoinPool-1-worker-1] INFO  utils.DatanodeStoreCache (DatanodeStoreCache.java:shutdownCache(110)) - Skip clearing cache in mini cluster mode. Entries left: [/home/runner/work/ozone/ozone/hadoop-ozone/integration-test/target/test-dir/MiniOzoneClusterImpl-023d5a78-e64c-43f3-a4d9-6f7884931d6c/ozone-metadata/datanode-1/data-0/hdds/023d5a78-e64c-43f3-a4d9-6f7884931d6c/DS-5fbd3f51-2257-4844-a78a-38b1b6d3b151/container.db, /home/runner/work/ozone/ozone/hadoop-ozone/integration-test/target/test-dir/MiniOzoneClusterImpl-023d5a78-e64c-43f3-a4d9-6f7884931d6c/ozone-metadata/datanode-10/data-0/hdds/023d5a78-e64c-43f3-a4d9-6f7884931d6c/DS-84c6fba7-595d-4177-8ffc-7588853120c4/container.db, /home/runner/work/ozone/ozone/hadoop-ozone/integration-test/target/test-dir/MiniOzoneClusterImpl-023d5a78-e64c-43f3-a4d9-6f7884931d6c/ozone-metadata/datanode-2/data-0/hdds/023d5a78-e64c-43f3-a4d9-6f7884931d6c/DS-bea88637-aed5-486c-a715-f30d7867fd4b/container.db, /home/runner/work/ozone/ozone/hadoop-ozone/integration-test/target/test-dir/MiniOzoneClusterImpl-023d5a78-e64c-43f3-a4d9-6f7884931d6c/ozone-metadata/datanode-3/data-0/hdds/023d5a78-e64c-43f3-a4d9-6f7884931d6c/DS-8f593202-9c4b-47bd-8b22-f98b2017cb5e/container.db, /home/runner/work/ozone/ozone/hadoop-ozone/integration-test/target/test-dir/MiniOzoneClusterImpl-023d5a78-e64c-43f3-a4d9-6f7884931d6c/ozone-metadata/datanode-4/data-0/hdds/023d5a78-e64c-43f3-a4d9-6f7884931d6c/DS-670d5789-61e1-408c-a8be-006216e53fc7/container.db, /home/runner/work/ozone/ozone/hadoop-ozone/integration-test/target/test-dir/MiniOzoneClusterImpl-023d5a78-e64c-43f3-a4d9-6f7884931d6c/ozone-metadata/datanode-5/data-0/hdds/023d5a78-e64c-43f3-a4d9-6f7884931d6c/DS-ba4d3214-2eca-4c53-96e2-3c88d4f4b29f/container.db, /home/runner/work/ozone/ozone/hadoop-ozone/integration-test/target/test-dir/MiniOzoneClusterImpl-023d5a78-e64c-43f3-a4d9-6f7884931d6c/ozone-metadata/datanode-6/data-0/hdds/023d5a78-e64c-43f3-a4d9-6f7884931d6c/DS-c5c95cee-9ff3-461a-9937-607d9784b933/container.db, /home/runner/work/ozone/ozone/hadoop-ozone/integration-test/target/test-dir/MiniOzoneClusterImpl-023d5a78-e64c-43f3-a4d9-6f7884931d6c/ozone-metadata/datanode-7/data-0/hdds/023d5a78-e64c-43f3-a4d9-6f7884931d6c/DS-7d6b5525-c31c-4cde-b529-f7d3e2c4ede0/container.db, /home/runner/work/ozone/ozone/hadoop-ozone/integration-test/target/test-dir/MiniOzoneClusterImpl-023d5a78-e64c-43f3-a4d9-6f7884931d6c/ozone-metadata/datanode-8/data-0/hdds/023d5a78-e64c-43f3-a4d9-6f7884931d6c/DS-28acb988-f0e1-4edb-963c-7151ad2f49d2/container.db, /home/runner/work/ozone/ozone/hadoop-ozone/integration-test/target/test-dir/MiniOzoneClusterImpl-023d5a78-e64c-43f3-a4d9-6f7884931d6c/ozone-metadata/datanode-9/data-0/hdds/023d5a78-e64c-43f3-a4d9-6f7884931d6c/DS-a111d4ad-79ac-4961-bf93-2799ac6eaee3/container.db]
2025-09-07 09:46:56,963 [ForkJoinPool-1-worker-1] INFO  utils.DatanodeStoreCache (DatanodeStoreCache.java:removeDB(104)) - Removed db /home/runner/work/ozone/ozone/hadoop-ozone/integration-test/target/test-dir/MiniOzoneClusterImpl-023d5a78-e64c-43f3-a4d9-6f7884931d6c/ozone-metadata/datanode-1/data-0/hdds/023d5a78-e64c-43f3-a4d9-6f7884931d6c/DS-5fbd3f51-2257-4844-a78a-38b1b6d3b151/container.db from cache
2025-09-07 09:46:56,963 [ForkJoinPool-1-worker-1] INFO  volume.HddsVolume (HddsVolume.java:closeDbStore(609)) - SchemaV3 db is stopped at /home/runner/work/ozone/ozone/hadoop-ozone/integration-test/target/test-dir/MiniOzoneClusterImpl-023d5a78-e64c-43f3-a4d9-6f7884931d6c/ozone-metadata/datanode-1/data-0/hdds/023d5a78-e64c-43f3-a4d9-6f7884931d6c/DS-5fbd3f51-2257-4844-a78a-38b1b6d3b151/container.db for volume DS-5fbd3f51-2257-4844-a78a-38b1b6d3b151
2025-09-07 09:46:56,963 [ForkJoinPool-1-worker-1] INFO  utils.BackgroundService (BackgroundService.java:shutdown(195)) - Shutting down service BlockDeletingService
2025-09-07 09:46:56,964 [ForkJoinPool-1-worker-1] INFO  utils.BackgroundService (BackgroundService.java:shutdown(195)) - Shutting down service StaleRecoveringContainerScrubbingService
2025-09-07 09:46:56,965 [ForkJoinPool-1-worker-1] INFO  statemachine.DatanodeStateMachine (DatanodeStateMachine.java:stopDaemon(637)) - Ozone container server stopped.
2025-09-07 09:46:56,978 [ForkJoinPool-1-worker-1] INFO  handler.ContextHandler (ContextHandler.java:doStop(1159)) - Stopped o.e.j.w.WebAppContext@39e2519c{hddsDatanode,/,null,STOPPED}{jar:file:/home/runner/work/ozone/ozone/hadoop-hdds/container-service/target/hdds-container-service-2.1.0-SNAPSHOT.jar!/webapps/hddsDatanode}
2025-09-07 09:46:56,978 [ForkJoinPool-1-worker-1] INFO  server.AbstractConnector (AbstractConnector.java:doStop(383)) - Stopped ServerConnector@6377b522{HTTP/1.1, (http/1.1)}{0.0.0.0:15010}
2025-09-07 09:46:56,978 [ForkJoinPool-1-worker-1] INFO  server.session (HouseKeeper.java:stopScavenging(149)) - node0 Stopped scavenging
2025-09-07 09:46:56,978 [ForkJoinPool-1-worker-1] INFO  handler.ContextHandler (ContextHandler.java:doStop(1159)) - Stopped o.e.j.s.ServletContextHandler@1431ed7a{static,/static,jar:file:/home/runner/work/ozone/ozone/hadoop-hdds/container-service/target/hdds-container-service-2.1.0-SNAPSHOT.jar!/webapps/static,STOPPED}
2025-09-07 09:46:56,979 [ForkJoinPool-1-worker-1] INFO  handler.ContextHandler (ContextHandler.java:doStop(1159)) - Stopped o.e.j.s.ServletContextHandler@585f50a{logs,/logs,file:///home/runner/work/ozone/ozone/hadoop-ozone/integration-test/target/log,STOPPED}
2025-09-07 09:46:56,979 [ForkJoinPool-1-worker-1] INFO  ozone.HddsDatanodeClientProtocolServer (HddsDatanodeClientProtocolServer.java:stop(82)) - Stopping the RPC server for Client Protocol
2025-09-07 09:46:56,980 [ForkJoinPool-1-worker-1] INFO  ipc.Server (Server.java:stop(3697)) - Stopping server on 15011
2025-09-07 09:46:56,981 [IPC Server Responder] INFO  ipc.Server (Server.java:run(1718)) - Stopping IPC Server Responder
2025-09-07 09:46:56,981 [IPC Server listener on 15011] INFO  ipc.Server (Server.java:run(1585)) - Stopping IPC Server listener on 15011
2025-09-07 09:46:56,991 [grpc-default-executor-8] ERROR impl.OrderedAsync (OrderedAsync.java:lambda$send$4(181)) - Failed to send request, message=cmdType: WriteChunk
traceID: ""
containerID: 9
datanodeUuid: "ff2509eb-55dd-4ad3-b532-83d6209e1a92"
writeChunk {
  blockID {
    containerID: 9
    localID: 115816896921600011
    blockCommitSequenceId: 10
    replicaIndex: 0
  }
  chunkData {
    chunkName: "115816896921600011_chunk_2"
    offset: 1048576
    len: 1048576
    checksumData {
      type: CRC32
      bytesPerChecksum: 16384
      checksums: "\326\360U\321"
      checksums: "\326\360U\321"
      checksums: "\326\360U\321"
      checksums: "\326\360U\321"
      checksums: "\326\360U\321"
      checksums: "\326\360U\321"
      checksums: "\326\360U\321"
      checksums: "\326\360U\321"
      checksums: "\326\360U\321"
      checksums: "\326\360U\321"
      checksums: "\326\360U\321"
      checksums: "\326\360U\321"
      checksums: "\326\360U\321"
      checksums: "\326\360U\321"
      checksums: "\326\360U\321"
      checksums: "\326\360U\321"
      checksums: "\326\360U\321"
      checksums: "\326\360U\321"
      checksums: "\326\360U\321"
      checksums: "\326\360U\321"
      checksums: "\326\360U\321"
      checksums: "\326\360U\321"
      checksums: "\326\360U\321"
      checksums: "\326\360U\321"
      checksums: "\326\360U\321"
      checksums: "\326\360U\321"
      checksums: "\326\360U\321"
      checksums: "\326\360U\321"
      checksums: "\326\360U\321"
      checksums: "\326\360U\321"
      checksums: "\326\360U\321"
      checksums: "\326\360U\321"
      checksums: "\326\360U\321"
      checksums: "\326\360U\321"
      checksums: "\326\360U\321"
      checksums: "\326\360U\321"
      checksums: "\326\360U\321"
      checksums: "\326\360U\321"
      checksums: "\326\360U\321"
      checksums: "\326\360U\321"
      checksums: "\326\360U\321"
      checksums: "\326\360U\321"
      checksums: "\326\360U\321"
      checksums: "\326\360U\321"
      checksums: "\326\360U\321"
      checksums: "\326\360U\321"
      checksums: "\326\360U\321"
      checksums: "\326\360U\321"
      checksums: "\326\360U\321"
      checksums: "\326\360U\321"
      checksums: "\326\360U\321"
      checksums: "\326\360U\321"
      checksums: "\326\360U\321"
      checksums: "\326\360U\321"
      checksums: "\326\360U\321"
      checksums: "\326\360U\321"
      checksums: "\326\360U\321"
      checksums: "\326\360U\321"
      checksums: "\326\360U\321"
      checksums: "\326\360U\321"
      checksums: "\326\360U\321"
      checksums: "\326\360U\321"
      checksums: "\326\360U\321"
      checksums: "a\003G\263"
    }
  }
}
version: 3
, data.size=1048576
java.util.concurrent.CompletionException: org.apache.ratis.protocol.exceptions.LeaderSteppingDownException: 8500c972-c6d1-4433-9d49-a8e3bb920002@group-77DC33C8A8CA is stepping down
	at org.apache.ratis.client.impl.RaftClientImpl.handleRaftException(RaftClientImpl.java:373)
	at org.apache.ratis.client.impl.OrderedAsync.lambda$send$3(OrderedAsync.java:175)
	at java.base/java.util.concurrent.CompletableFuture$UniApply.tryFire(CompletableFuture.java:646)
	at java.base/java.util.concurrent.CompletableFuture.postComplete(CompletableFuture.java:510)
	at java.base/java.util.concurrent.CompletableFuture.complete(CompletableFuture.java:2179)
	at org.apache.ratis.client.impl.OrderedAsync$PendingOrderedRequest.setReply(OrderedAsync.java:105)
	at org.apache.ratis.client.impl.OrderedAsync$PendingOrderedRequest.setReply(OrderedAsync.java:66)
	at org.apache.ratis.util.SlidingWindow$RequestMap.setReply(SlidingWindow.java:147)
	at org.apache.ratis.util.SlidingWindow$Client.receiveReply(SlidingWindow.java:351)
	at org.apache.ratis.client.impl.OrderedAsync.lambda$sendRequestWithRetry$5(OrderedAsync.java:210)
	at java.base/java.util.concurrent.CompletableFuture$UniAccept.tryFire(CompletableFuture.java:718)
	at java.base/java.util.concurrent.CompletableFuture.postComplete(CompletableFuture.java:510)
	at java.base/java.util.concurrent.CompletableFuture.complete(CompletableFuture.java:2179)
	at org.apache.ratis.grpc.client.GrpcClientProtocolClient$AsyncStreamObservers$1.lambda$onNext$0(GrpcClientProtocolClient.java:325)
	at java.base/java.util.Optional.ifPresent(Optional.java:178)
	at org.apache.ratis.grpc.client.GrpcClientProtocolClient$AsyncStreamObservers.handleReplyFuture(GrpcClientProtocolClient.java:381)
	at org.apache.ratis.grpc.client.GrpcClientProtocolClient$AsyncStreamObservers.access$100(GrpcClientProtocolClient.java:303)
	at org.apache.ratis.grpc.client.GrpcClientProtocolClient$AsyncStreamObservers$1.onNext(GrpcClientProtocolClient.java:325)
	at org.apache.ratis.grpc.client.GrpcClientProtocolClient$AsyncStreamObservers$1.onNext(GrpcClientProtocolClient.java:308)
	at org.apache.ratis.thirdparty.io.grpc.stub.ClientCalls$StreamObserverToCallListenerAdapter.onMessage(ClientCalls.java:551)
	at org.apache.ratis.thirdparty.io.grpc.ForwardingClientCallListener.onMessage(ForwardingClientCallListener.java:33)
	at org.apache.ratis.thirdparty.io.grpc.internal.ClientCallImpl$ClientStreamListenerImpl$1MessagesAvailable.runInternal(ClientCallImpl.java:661)
	at org.apache.ratis.thirdparty.io.grpc.internal.ClientCallImpl$ClientStreamListenerImpl$1MessagesAvailable.runInContext(ClientCallImpl.java:648)
	at org.apache.ratis.thirdparty.io.grpc.internal.ContextRunnable.run(ContextRunnable.java:37)
	at org.apache.ratis.thirdparty.io.grpc.internal.SerializingExecutor.run(SerializingExecutor.java:133)
	at java.base/java.util.concurrent.ThreadPoolExecutor.runWorker(ThreadPoolExecutor.java:1144)
	at java.base/java.util.concurrent.ThreadPoolExecutor$Worker.run(ThreadPoolExecutor.java:642)
	at java.base/java.lang.Thread.run(Thread.java:1583)
Caused by: org.apache.ratis.protocol.exceptions.LeaderSteppingDownException: 8500c972-c6d1-4433-9d49-a8e3bb920002@group-77DC33C8A8CA is stepping down
	at org.apache.ratis.server.impl.RaftServerImpl.checkLeaderState(RaftServerImpl.java:784)
	at org.apache.ratis.server.impl.RaftServerImpl.checkLeaderState(RaftServerImpl.java:755)
	at org.apache.ratis.server.impl.RaftServerImpl.writeAsyncImpl(RaftServerImpl.java:972)
	at org.apache.ratis.server.impl.RaftServerImpl.writeAsync(RaftServerImpl.java:960)
	at org.apache.ratis.server.impl.RaftServerImpl.replyFuture(RaftServerImpl.java:953)
	at org.apache.ratis.server.impl.RaftServerImpl.submitClientRequestAsync(RaftServerImpl.java:930)
	at org.apache.ratis.server.impl.RaftServerImpl.lambda$null$11(RaftServerImpl.java:919)
	at org.apache.ratis.util.JavaUtils.callAsUnchecked(JavaUtils.java:118)
	at org.apache.ratis.server.impl.RaftServerImpl.lambda$executeSubmitClientRequestAsync$12(RaftServerImpl.java:919)
	at java.base/java.util.concurrent.CompletableFuture$AsyncSupply.run(CompletableFuture.java:1768)
	... 3 more
2025-09-07 09:46:56,992 [grpc-default-executor-8] ERROR impl.OrderedAsync (OrderedAsync.java:lambda$send$4(181)) - Failed to send request, message=cmdType: PutBlock
traceID: ""
containerID: 9
datanodeUuid: "ff2509eb-55dd-4ad3-b532-83d6209e1a92"
putBlock {
  blockData {
    blockID {
      containerID: 9
      localID: 115816896921600011
      blockCommitSequenceId: 0
    }
    metadata {
      key: "TYPE"
      value: "KEY"
    }
    chunks {
      chunkName: "115816896921600011_chunk_1"
      offset: 0
      len: 1048576
      checksumData {
        type: CRC32
        bytesPerChecksum: 16384
        checksums: "\326\360U\321"
        checksums: "\326\360U\321"
        checksums: "\326\360U\321"
        checksums: "\326\360U\321"
        checksums: "\326\360U\321"
        checksums: "\326\360U\321"
        checksums: "\326\360U\321"
        checksums: "\326\360U\321"
        checksums: "\326\360U\321"
        checksums: "\326\360U\321"
        checksums: "\326\360U\321"
        checksums: "\326\360U\321"
        checksums: "\326\360U\321"
        checksums: "\326\360U\321"
        checksums: "\326\360U\321"
        checksums: "\326\360U\321"
        checksums: "\326\360U\321"
        checksums: "\326\360U\321"
        checksums: "\326\360U\321"
        checksums: "\326\360U\321"
        checksums: "\326\360U\321"
        checksums: "\326\360U\321"
        checksums: "\326\360U\321"
        checksums: "\326\360U\321"
        checksums: "\326\360U\321"
        checksums: "\326\360U\321"
        checksums: "\326\360U\321"
        checksums: "\326\360U\321"
        checksums: "\326\360U\321"
        checksums: "\326\360U\321"
        checksums: "\326\360U\321"
        checksums: "\326\360U\321"
        checksums: "\326\360U\321"
        checksums: "\326\360U\321"
        checksums: "\326\360U\321"
        checksums: "\326\360U\321"
        checksums: "\326\360U\321"
        checksums: "\326\360U\321"
        checksums: "\326\360U\321"
        checksums: "\326\360U\321"
        checksums: "\326\360U\321"
        checksums: "\326\360U\321"
        checksums: "\326\360U\321"
        checksums: "\326\360U\321"
        checksums: "\326\360U\321"
        checksums: "\326\360U\321"
        checksums: "\326\360U\321"
        checksums: "\326\360U\321"
        checksums: "\326\360U\321"
        checksums: "\326\360U\321"
        checksums: "\326\360U\321"
        checksums: "\326\360U\321"
        checksums: "\326\360U\321"
        checksums: "\326\360U\321"
        checksums: "\326\360U\321"
        checksums: "\326\360U\321"
        checksums: "\326\360U\321"
        checksums: "\326\360U\321"
        checksums: "\326\360U\321"
        checksums: "\326\360U\321"
        checksums: "\326\360U\321"
        checksums: "\326\360U\321"
        checksums: "\326\360U\321"
        checksums: "a\003G\263"
      }
    }
    chunks {
      chunkName: "115816896921600011_chunk_2"
      offset: 1048576
      len: 1048576
      checksumData {
        type: CRC32
        bytesPerChecksum: 16384
        checksums: "\326\360U\321"
        checksums: "\326\360U\321"
        checksums: "\326\360U\321"
        checksums: "\326\360U\321"
        checksums: "\326\360U\321"
        checksums: "\326\360U\321"
        checksums: "\326\360U\321"
        checksums: "\326\360U\321"
        checksums: "\326\360U\321"
        checksums: "\326\360U\321"
        checksums: "\326\360U\321"
        checksums: "\326\360U\321"
        checksums: "\326\360U\321"
        checksums: "\326\360U\321"
        checksums: "\326\360U\321"
        checksums: "\326\360U\321"
        checksums: "\326\360U\321"
        checksums: "\326\360U\321"
        checksums: "\326\360U\321"
        checksums: "\326\360U\321"
        checksums: "\326\360U\321"
        checksums: "\326\360U\321"
        checksums: "\326\360U\321"
        checksums: "\326\360U\321"
        checksums: "\326\360U\321"
        checksums: "\326\360U\321"
        checksums: "\326\360U\321"
        checksums: "\326\360U\321"
        checksums: "\326\360U\321"
        checksums: "\326\360U\321"
        checksums: "\326\360U\321"
        checksums: "\326\360U\321"
        checksums: "\326\360U\321"
        checksums: "\326\360U\321"
        checksums: "\326\360U\321"
        checksums: "\326\360U\321"
        checksums: "\326\360U\321"
        checksums: "\326\360U\321"
        checksums: "\326\360U\321"
        checksums: "\326\360U\321"
        checksums: "\326\360U\321"
        checksums: "\326\360U\321"
        checksums: "\326\360U\321"
        checksums: "\326\360U\321"
        checksums: "\326\360U\321"
        checksums: "\326\360U\321"
        checksums: "\326\360U\321"
        checksums: "\326\360U\321"
        checksums: "\326\360U\321"
        checksums: "\326\360U\321"
        checksums: "\326\360U\321"
        checksums: "\326\360U\321"
        checksums: "\326\360U\321"
        checksums: "\326\360U\321"
        checksums: "\326\360U\321"
        checksums: "\326\360U\321"
        checksums: "\326\360U\321"
        checksums: "\326\360U\321"
        checksums: "\326\360U\321"
        checksums: "\326\360U\321"
        checksums: "\326\360U\321"
        checksums: "\326\360U\321"
        checksums: "\326\360U\321"
        checksums: "a\003G\263"
      }
    }
  }
  eof: false
}
version: 3
, data.size=0
java.util.concurrent.CompletionException: org.apache.ratis.protocol.exceptions.LeaderSteppingDownException: 8500c972-c6d1-4433-9d49-a8e3bb920002@group-77DC33C8A8CA is stepping down
	at org.apache.ratis.client.impl.RaftClientImpl.handleRaftException(RaftClientImpl.java:373)
	at org.apache.ratis.client.impl.OrderedAsync.lambda$send$3(OrderedAsync.java:175)
	at java.base/java.util.concurrent.CompletableFuture$UniApply.tryFire(CompletableFuture.java:646)
	at java.base/java.util.concurrent.CompletableFuture.postComplete(CompletableFuture.java:510)
	at java.base/java.util.concurrent.CompletableFuture.complete(CompletableFuture.java:2179)
	at org.apache.ratis.client.impl.OrderedAsync$PendingOrderedRequest.setReply(OrderedAsync.java:105)
	at org.apache.ratis.client.impl.OrderedAsync$PendingOrderedRequest.setReply(OrderedAsync.java:66)
	at org.apache.ratis.util.SlidingWindow$RequestMap.setReply(SlidingWindow.java:147)
	at org.apache.ratis.util.SlidingWindow$Client.receiveReply(SlidingWindow.java:351)
	at org.apache.ratis.client.impl.OrderedAsync.lambda$sendRequestWithRetry$5(OrderedAsync.java:210)
	at java.base/java.util.concurrent.CompletableFuture$UniAccept.tryFire(CompletableFuture.java:718)
	at java.base/java.util.concurrent.CompletableFuture.postComplete(CompletableFuture.java:510)
	at java.base/java.util.concurrent.CompletableFuture.complete(CompletableFuture.java:2179)
	at org.apache.ratis.grpc.client.GrpcClientProtocolClient$AsyncStreamObservers$1.lambda$onNext$0(GrpcClientProtocolClient.java:325)
	at java.base/java.util.Optional.ifPresent(Optional.java:178)
	at org.apache.ratis.grpc.client.GrpcClientProtocolClient$AsyncStreamObservers.handleReplyFuture(GrpcClientProtocolClient.java:381)
	at org.apache.ratis.grpc.client.GrpcClientProtocolClient$AsyncStreamObservers.access$100(GrpcClientProtocolClient.java:303)
	at org.apache.ratis.grpc.client.GrpcClientProtocolClient$AsyncStreamObservers$1.onNext(GrpcClientProtocolClient.java:325)
	at org.apache.ratis.grpc.client.GrpcClientProtocolClient$AsyncStreamObservers$1.onNext(GrpcClientProtocolClient.java:308)
	at org.apache.ratis.thirdparty.io.grpc.stub.ClientCalls$StreamObserverToCallListenerAdapter.onMessage(ClientCalls.java:551)
	at org.apache.ratis.thirdparty.io.grpc.ForwardingClientCallListener.onMessage(ForwardingClientCallListener.java:33)
	at org.apache.ratis.thirdparty.io.grpc.internal.ClientCallImpl$ClientStreamListenerImpl$1MessagesAvailable.runInternal(ClientCallImpl.java:661)
	at org.apache.ratis.thirdparty.io.grpc.internal.ClientCallImpl$ClientStreamListenerImpl$1MessagesAvailable.runInContext(ClientCallImpl.java:648)
	at org.apache.ratis.thirdparty.io.grpc.internal.ContextRunnable.run(ContextRunnable.java:37)
	at org.apache.ratis.thirdparty.io.grpc.internal.SerializingExecutor.run(SerializingExecutor.java:133)
	at java.base/java.util.concurrent.ThreadPoolExecutor.runWorker(ThreadPoolExecutor.java:1144)
	at java.base/java.util.concurrent.ThreadPoolExecutor$Worker.run(ThreadPoolExecutor.java:642)
	at java.base/java.lang.Thread.run(Thread.java:1583)
Caused by: org.apache.ratis.protocol.exceptions.LeaderSteppingDownException: 8500c972-c6d1-4433-9d49-a8e3bb920002@group-77DC33C8A8CA is stepping down
	at org.apache.ratis.server.impl.RaftServerImpl.checkLeaderState(RaftServerImpl.java:784)
	at org.apache.ratis.server.impl.RaftServerImpl.checkLeaderState(RaftServerImpl.java:755)
	at org.apache.ratis.server.impl.RaftServerImpl.writeAsyncImpl(RaftServerImpl.java:972)
	at org.apache.ratis.server.impl.RaftServerImpl.writeAsync(RaftServerImpl.java:960)
	at org.apache.ratis.server.impl.RaftServerImpl.replyFuture(RaftServerImpl.java:953)
	at org.apache.ratis.server.impl.RaftServerImpl.submitClientRequestAsync(RaftServerImpl.java:930)
	at org.apache.ratis.server.impl.RaftServerImpl.lambda$null$11(RaftServerImpl.java:919)
	at org.apache.ratis.util.JavaUtils.callAsUnchecked(JavaUtils.java:118)
	at org.apache.ratis.server.impl.RaftServerImpl.lambda$executeSubmitClientRequestAsync$12(RaftServerImpl.java:919)
	at java.base/java.util.concurrent.CompletableFuture$AsyncSupply.run(CompletableFuture.java:1768)
	... 3 more
2025-09-07 09:46:56,993 [grpc-default-executor-8] ERROR impl.OrderedAsync (OrderedAsync.java:lambda$send$4(181)) - Failed to send request, message=cmdType: WriteChunk
traceID: ""
containerID: 9
datanodeUuid: "ff2509eb-55dd-4ad3-b532-83d6209e1a92"
writeChunk {
  blockID {
    containerID: 9
    localID: 115816896921600011
    blockCommitSequenceId: 10
    replicaIndex: 0
  }
  chunkData {
    chunkName: "115816896921600011_chunk_3"
    offset: 2097152
    len: 1048576
    checksumData {
      type: CRC32
      bytesPerChecksum: 16384
      checksums: "\326\360U\321"
      checksums: "\326\360U\321"
      checksums: "\326\360U\321"
      checksums: "\326\360U\321"
      checksums: "\326\360U\321"
      checksums: "\326\360U\321"
      checksums: "\326\360U\321"
      checksums: "\326\360U\321"
      checksums: "\326\360U\321"
      checksums: "\326\360U\321"
      checksums: "\326\360U\321"
      checksums: "\326\360U\321"
      checksums: "\326\360U\321"
      checksums: "\326\360U\321"
      checksums: "\326\360U\321"
      checksums: "\326\360U\321"
      checksums: "\326\360U\321"
      checksums: "\326\360U\321"
      checksums: "\326\360U\321"
      checksums: "\326\360U\321"
      checksums: "\326\360U\321"
      checksums: "\326\360U\321"
      checksums: "\326\360U\321"
      checksums: "\326\360U\321"
      checksums: "\326\360U\321"
      checksums: "\326\360U\321"
      checksums: "\326\360U\321"
      checksums: "\326\360U\321"
      checksums: "\326\360U\321"
      checksums: "\326\360U\321"
      checksums: "\326\360U\321"
      checksums: "\326\360U\321"
      checksums: "\326\360U\321"
      checksums: "\326\360U\321"
      checksums: "\326\360U\321"
      checksums: "\326\360U\321"
      checksums: "\326\360U\321"
      checksums: "\326\360U\321"
      checksums: "\326\360U\321"
      checksums: "\326\360U\321"
      checksums: "\326\360U\321"
      checksums: "\326\360U\321"
      checksums: "\326\360U\321"
      checksums: "\326\360U\321"
      checksums: "\326\360U\321"
      checksums: "\326\360U\321"
      checksums: "\326\360U\321"
      checksums: "\326\360U\321"
      checksums: "\326\360U\321"
      checksums: "\326\360U\321"
      checksums: "\326\360U\321"
      checksums: "\326\360U\321"
      checksums: "\326\360U\321"
      checksums: "\326\360U\321"
      checksums: "\326\360U\321"
      checksums: "\326\360U\321"
      checksums: "\326\360U\321"
      checksums: "\326\360U\321"
      checksums: "\326\360U\321"
      checksums: "\326\360U\321"
      checksums: "\326\360U\321"
      checksums: "\326\360U\321"
      checksums: "\326\360U\321"
      checksums: "a\003G\263"
    }
  }
}
version: 3
, data.size=1048576
java.util.concurrent.CompletionException: org.apache.ratis.protocol.exceptions.LeaderSteppingDownException: 8500c972-c6d1-4433-9d49-a8e3bb920002@group-77DC33C8A8CA is stepping down
	at org.apache.ratis.client.impl.RaftClientImpl.handleRaftException(RaftClientImpl.java:373)
	at org.apache.ratis.client.impl.OrderedAsync.lambda$send$3(OrderedAsync.java:175)
	at java.base/java.util.concurrent.CompletableFuture$UniApply.tryFire(CompletableFuture.java:646)
	at java.base/java.util.concurrent.CompletableFuture.postComplete(CompletableFuture.java:510)
	at java.base/java.util.concurrent.CompletableFuture.complete(CompletableFuture.java:2179)
	at org.apache.ratis.client.impl.OrderedAsync$PendingOrderedRequest.setReply(OrderedAsync.java:105)
	at org.apache.ratis.client.impl.OrderedAsync$PendingOrderedRequest.setReply(OrderedAsync.java:66)
	at org.apache.ratis.util.SlidingWindow$RequestMap.setReply(SlidingWindow.java:147)
	at org.apache.ratis.util.SlidingWindow$Client.receiveReply(SlidingWindow.java:351)
	at org.apache.ratis.client.impl.OrderedAsync.lambda$sendRequestWithRetry$5(OrderedAsync.java:210)
	at java.base/java.util.concurrent.CompletableFuture$UniAccept.tryFire(CompletableFuture.java:718)
	at java.base/java.util.concurrent.CompletableFuture.postComplete(CompletableFuture.java:510)
	at java.base/java.util.concurrent.CompletableFuture.complete(CompletableFuture.java:2179)
	at org.apache.ratis.grpc.client.GrpcClientProtocolClient$AsyncStreamObservers$1.lambda$onNext$0(GrpcClientProtocolClient.java:325)
	at java.base/java.util.Optional.ifPresent(Optional.java:178)
	at org.apache.ratis.grpc.client.GrpcClientProtocolClient$AsyncStreamObservers.handleReplyFuture(GrpcClientProtocolClient.java:381)
	at org.apache.ratis.grpc.client.GrpcClientProtocolClient$AsyncStreamObservers.access$100(GrpcClientProtocolClient.java:303)
	at org.apache.ratis.grpc.client.GrpcClientProtocolClient$AsyncStreamObservers$1.onNext(GrpcClientProtocolClient.java:325)
	at org.apache.ratis.grpc.client.GrpcClientProtocolClient$AsyncStreamObservers$1.onNext(GrpcClientProtocolClient.java:308)
	at org.apache.ratis.thirdparty.io.grpc.stub.ClientCalls$StreamObserverToCallListenerAdapter.onMessage(ClientCalls.java:551)
	at org.apache.ratis.thirdparty.io.grpc.ForwardingClientCallListener.onMessage(ForwardingClientCallListener.java:33)
	at org.apache.ratis.thirdparty.io.grpc.internal.ClientCallImpl$ClientStreamListenerImpl$1MessagesAvailable.runInternal(ClientCallImpl.java:661)
	at org.apache.ratis.thirdparty.io.grpc.internal.ClientCallImpl$ClientStreamListenerImpl$1MessagesAvailable.runInContext(ClientCallImpl.java:648)
	at org.apache.ratis.thirdparty.io.grpc.internal.ContextRunnable.run(ContextRunnable.java:37)
	at org.apache.ratis.thirdparty.io.grpc.internal.SerializingExecutor.run(SerializingExecutor.java:133)
	at java.base/java.util.concurrent.ThreadPoolExecutor.runWorker(ThreadPoolExecutor.java:1144)
	at java.base/java.util.concurrent.ThreadPoolExecutor$Worker.run(ThreadPoolExecutor.java:642)
	at java.base/java.lang.Thread.run(Thread.java:1583)
Caused by: org.apache.ratis.protocol.exceptions.LeaderSteppingDownException: 8500c972-c6d1-4433-9d49-a8e3bb920002@group-77DC33C8A8CA is stepping down
	at org.apache.ratis.server.impl.RaftServerImpl.checkLeaderState(RaftServerImpl.java:784)
	at org.apache.ratis.server.impl.RaftServerImpl.checkLeaderState(RaftServerImpl.java:755)
	at org.apache.ratis.server.impl.RaftServerImpl.writeAsyncImpl(RaftServerImpl.java:972)
	at org.apache.ratis.server.impl.RaftServerImpl.writeAsync(RaftServerImpl.java:960)
	at org.apache.ratis.server.impl.RaftServerImpl.replyFuture(RaftServerImpl.java:953)
	at org.apache.ratis.server.impl.RaftServerImpl.submitClientRequestAsync(RaftServerImpl.java:930)
	at org.apache.ratis.server.impl.RaftServerImpl.lambda$null$11(RaftServerImpl.java:919)
	at org.apache.ratis.util.JavaUtils.callAsUnchecked(JavaUtils.java:118)
	at org.apache.ratis.server.impl.RaftServerImpl.lambda$executeSubmitClientRequestAsync$12(RaftServerImpl.java:919)
	at java.base/java.util.concurrent.CompletableFuture$AsyncSupply.run(CompletableFuture.java:1768)
	... 3 more
2025-09-07 09:46:56,994 [grpc-default-executor-8] ERROR impl.OrderedAsync (OrderedAsync.java:lambda$send$4(181)) - Failed to send request, message=cmdType: PutBlock
traceID: ""
containerID: 9
datanodeUuid: "ff2509eb-55dd-4ad3-b532-83d6209e1a92"
putBlock {
  blockData {
    blockID {
      containerID: 9
      localID: 115816896921600011
      blockCommitSequenceId: 0
    }
    metadata {
      key: "TYPE"
      value: "KEY"
    }
    chunks {
      chunkName: "115816896921600011_chunk_1"
      offset: 0
      len: 1048576
      checksumData {
        type: CRC32
        bytesPerChecksum: 16384
        checksums: "\326\360U\321"
        checksums: "\326\360U\321"
        checksums: "\326\360U\321"
        checksums: "\326\360U\321"
        checksums: "\326\360U\321"
        checksums: "\326\360U\321"
        checksums: "\326\360U\321"
        checksums: "\326\360U\321"
        checksums: "\326\360U\321"
        checksums: "\326\360U\321"
        checksums: "\326\360U\321"
        checksums: "\326\360U\321"
        checksums: "\326\360U\321"
        checksums: "\326\360U\321"
        checksums: "\326\360U\321"
        checksums: "\326\360U\321"
        checksums: "\326\360U\321"
        checksums: "\326\360U\321"
        checksums: "\326\360U\321"
        checksums: "\326\360U\321"
        checksums: "\326\360U\321"
        checksums: "\326\360U\321"
        checksums: "\326\360U\321"
        checksums: "\326\360U\321"
        checksums: "\326\360U\321"
        checksums: "\326\360U\321"
        checksums: "\326\360U\321"
        checksums: "\326\360U\321"
        checksums: "\326\360U\321"
        checksums: "\326\360U\321"
        checksums: "\326\360U\321"
        checksums: "\326\360U\321"
        checksums: "\326\360U\321"
        checksums: "\326\360U\321"
        checksums: "\326\360U\321"
        checksums: "\326\360U\321"
        checksums: "\326\360U\321"
        checksums: "\326\360U\321"
        checksums: "\326\360U\321"
        checksums: "\326\360U\321"
        checksums: "\326\360U\321"
        checksums: "\326\360U\321"
        checksums: "\326\360U\321"
        checksums: "\326\360U\321"
        checksums: "\326\360U\321"
        checksums: "\326\360U\321"
        checksums: "\326\360U\321"
        checksums: "\326\360U\321"
        checksums: "\326\360U\321"
        checksums: "\326\360U\321"
        checksums: "\326\360U\321"
        checksums: "\326\360U\321"
        checksums: "\326\360U\321"
        checksums: "\326\360U\321"
        checksums: "\326\360U\321"
        checksums: "\326\360U\321"
        checksums: "\326\360U\321"
        checksums: "\326\360U\321"
        checksums: "\326\360U\321"
        checksums: "\326\360U\321"
        checksums: "\326\360U\321"
        checksums: "\326\360U\321"
        checksums: "\326\360U\321"
        checksums: "a\003G\263"
      }
    }
    chunks {
      chunkName: "115816896921600011_chunk_2"
      offset: 1048576
      len: 1048576
      checksumData {
        type: CRC32
        bytesPerChecksum: 16384
        checksums: "\326\360U\321"
        checksums: "\326\360U\321"
        checksums: "\326\360U\321"
        checksums: "\326\360U\321"
        checksums: "\326\360U\321"
        checksums: "\326\360U\321"
        checksums: "\326\360U\321"
        checksums: "\326\360U\321"
        checksums: "\326\360U\321"
        checksums: "\326\360U\321"
        checksums: "\326\360U\321"
        checksums: "\326\360U\321"
        checksums: "\326\360U\321"
        checksums: "\326\360U\321"
        checksums: "\326\360U\321"
        checksums: "\326\360U\321"
        checksums: "\326\360U\321"
        checksums: "\326\360U\321"
        checksums: "\326\360U\321"
        checksums: "\326\360U\321"
        checksums: "\326\360U\321"
        checksums: "\326\360U\321"
        checksums: "\326\360U\321"
        checksums: "\326\360U\321"
        checksums: "\326\360U\321"
        checksums: "\326\360U\321"
        checksums: "\326\360U\321"
        checksums: "\326\360U\321"
        checksums: "\326\360U\321"
        checksums: "\326\360U\321"
        checksums: "\326\360U\321"
        checksums: "\326\360U\321"
        checksums: "\326\360U\321"
        checksums: "\326\360U\321"
        checksums: "\326\360U\321"
        checksums: "\326\360U\321"
        checksums: "\326\360U\321"
        checksums: "\326\360U\321"
        checksums: "\326\360U\321"
        checksums: "\326\360U\321"
        checksums: "\326\360U\321"
        checksums: "\326\360U\321"
        checksums: "\326\360U\321"
        checksums: "\326\360U\321"
        checksums: "\326\360U\321"
        checksums: "\326\360U\321"
        checksums: "\326\360U\321"
        checksums: "\326\360U\321"
        checksums: "\326\360U\321"
        checksums: "\326\360U\321"
        checksums: "\326\360U\321"
        checksums: "\326\360U\321"
        checksums: "\326\360U\321"
        checksums: "\326\360U\321"
        checksums: "\326\360U\321"
        checksums: "\326\360U\321"
        checksums: "\326\360U\321"
        checksums: "\326\360U\321"
        checksums: "\326\360U\321"
        checksums: "\326\360U\321"
        checksums: "\326\360U\321"
        checksums: "\326\360U\321"
        checksums: "\326\360U\321"
        checksums: "a\003G\263"
      }
    }
    chunks {
      chunkName: "115816896921600011_chunk_3"
      offset: 2097152
      len: 1048576
      checksumData {
        type: CRC32
        bytesPerChecksum: 16384
        checksums: "\326\360U\321"
        checksums: "\326\360U\321"
        checksums: "\326\360U\321"
        checksums: "\326\360U\321"
        checksums: "\326\360U\321"
        checksums: "\326\360U\321"
        checksums: "\326\360U\321"
        checksums: "\326\360U\321"
        checksums: "\326\360U\321"
        checksums: "\326\360U\321"
        checksums: "\326\360U\321"
        checksums: "\326\360U\321"
        checksums: "\326\360U\321"
        checksums: "\326\360U\321"
        checksums: "\326\360U\321"
        checksums: "\326\360U\321"
        checksums: "\326\360U\321"
        checksums: "\326\360U\321"
        checksums: "\326\360U\321"
        checksums: "\326\360U\321"
        checksums: "\326\360U\321"
        checksums: "\326\360U\321"
        checksums: "\326\360U\321"
        checksums: "\326\360U\321"
        checksums: "\326\360U\321"
        checksums: "\326\360U\321"
        checksums: "\326\360U\321"
        checksums: "\326\360U\321"
        checksums: "\326\360U\321"
        checksums: "\326\360U\321"
        checksums: "\326\360U\321"
        checksums: "\326\360U\321"
        checksums: "\326\360U\321"
        checksums: "\326\360U\321"
        checksums: "\326\360U\321"
        checksums: "\326\360U\321"
        checksums: "\326\360U\321"
        checksums: "\326\360U\321"
        checksums: "\326\360U\321"
        checksums: "\326\360U\321"
        checksums: "\326\360U\321"
        checksums: "\326\360U\321"
        checksums: "\326\360U\321"
        checksums: "\326\360U\321"
        checksums: "\326\360U\321"
        checksums: "\326\360U\321"
        checksums: "\326\360U\321"
        checksums: "\326\360U\321"
        checksums: "\326\360U\321"
        checksums: "\326\360U\321"
        checksums: "\326\360U\321"
        checksums: "\326\360U\321"
        checksums: "\326\360U\321"
        checksums: "\326\360U\321"
        checksums: "\326\360U\321"
        checksums: "\326\360U\321"
        checksums: "\326\360U\321"
        checksums: "\326\360U\321"
        checksums: "\326\360U\321"
        checksums: "\326\360U\321"
        checksums: "\326\360U\321"
        checksums: "\326\360U\321"
        checksums: "\326\360U\321"
        checksums: "a\003G\263"
      }
    }
  }
  eof: false
}
version: 3
, data.size=0
java.util.concurrent.CompletionException: org.apache.ratis.protocol.exceptions.LeaderSteppingDownException: 8500c972-c6d1-4433-9d49-a8e3bb920002@group-77DC33C8A8CA is stepping down
	at org.apache.ratis.client.impl.RaftClientImpl.handleRaftException(RaftClientImpl.java:373)
	at org.apache.ratis.client.impl.OrderedAsync.lambda$send$3(OrderedAsync.java:175)
	at java.base/java.util.concurrent.CompletableFuture$UniApply.tryFire(CompletableFuture.java:646)
	at java.base/java.util.concurrent.CompletableFuture.postComplete(CompletableFuture.java:510)
	at java.base/java.util.concurrent.CompletableFuture.complete(CompletableFuture.java:2179)
	at org.apache.ratis.client.impl.OrderedAsync$PendingOrderedRequest.setReply(OrderedAsync.java:105)
	at org.apache.ratis.client.impl.OrderedAsync$PendingOrderedRequest.setReply(OrderedAsync.java:66)
	at org.apache.ratis.util.SlidingWindow$RequestMap.setReply(SlidingWindow.java:147)
	at org.apache.ratis.util.SlidingWindow$Client.receiveReply(SlidingWindow.java:351)
	at org.apache.ratis.client.impl.OrderedAsync.lambda$sendRequestWithRetry$5(OrderedAsync.java:210)
	at java.base/java.util.concurrent.CompletableFuture$UniAccept.tryFire(CompletableFuture.java:718)
	at java.base/java.util.concurrent.CompletableFuture.postComplete(CompletableFuture.java:510)
	at java.base/java.util.concurrent.CompletableFuture.complete(CompletableFuture.java:2179)
	at org.apache.ratis.grpc.client.GrpcClientProtocolClient$AsyncStreamObservers$1.lambda$onNext$0(GrpcClientProtocolClient.java:325)
	at java.base/java.util.Optional.ifPresent(Optional.java:178)
	at org.apache.ratis.grpc.client.GrpcClientProtocolClient$AsyncStreamObservers.handleReplyFuture(GrpcClientProtocolClient.java:381)
	at org.apache.ratis.grpc.client.GrpcClientProtocolClient$AsyncStreamObservers.access$100(GrpcClientProtocolClient.java:303)
	at org.apache.ratis.grpc.client.GrpcClientProtocolClient$AsyncStreamObservers$1.onNext(GrpcClientProtocolClient.java:325)
	at org.apache.ratis.grpc.client.GrpcClientProtocolClient$AsyncStreamObservers$1.onNext(GrpcClientProtocolClient.java:308)
	at org.apache.ratis.thirdparty.io.grpc.stub.ClientCalls$StreamObserverToCallListenerAdapter.onMessage(ClientCalls.java:551)
	at org.apache.ratis.thirdparty.io.grpc.ForwardingClientCallListener.onMessage(ForwardingClientCallListener.java:33)
	at org.apache.ratis.thirdparty.io.grpc.internal.ClientCallImpl$ClientStreamListenerImpl$1MessagesAvailable.runInternal(ClientCallImpl.java:661)
	at org.apache.ratis.thirdparty.io.grpc.internal.ClientCallImpl$ClientStreamListenerImpl$1MessagesAvailable.runInContext(ClientCallImpl.java:648)
	at org.apache.ratis.thirdparty.io.grpc.internal.ContextRunnable.run(ContextRunnable.java:37)
	at org.apache.ratis.thirdparty.io.grpc.internal.SerializingExecutor.run(SerializingExecutor.java:133)
	at java.base/java.util.concurrent.ThreadPoolExecutor.runWorker(ThreadPoolExecutor.java:1144)
	at java.base/java.util.concurrent.ThreadPoolExecutor$Worker.run(ThreadPoolExecutor.java:642)
	at java.base/java.lang.Thread.run(Thread.java:1583)
Caused by: org.apache.ratis.protocol.exceptions.LeaderSteppingDownException: 8500c972-c6d1-4433-9d49-a8e3bb920002@group-77DC33C8A8CA is stepping down
	at org.apache.ratis.server.impl.RaftServerImpl.checkLeaderState(RaftServerImpl.java:784)
	at org.apache.ratis.server.impl.RaftServerImpl.checkLeaderState(RaftServerImpl.java:755)
	at org.apache.ratis.server.impl.RaftServerImpl.writeAsyncImpl(RaftServerImpl.java:972)
	at org.apache.ratis.server.impl.RaftServerImpl.writeAsync(RaftServerImpl.java:960)
	at org.apache.ratis.server.impl.RaftServerImpl.replyFuture(RaftServerImpl.java:953)
	at org.apache.ratis.server.impl.RaftServerImpl.submitClientRequestAsync(RaftServerImpl.java:930)
	at org.apache.ratis.server.impl.RaftServerImpl.lambda$null$11(RaftServerImpl.java:919)
	at org.apache.ratis.util.JavaUtils.callAsUnchecked(JavaUtils.java:118)
	at org.apache.ratis.server.impl.RaftServerImpl.lambda$executeSubmitClientRequestAsync$12(RaftServerImpl.java:919)
	at java.base/java.util.concurrent.CompletableFuture$AsyncSupply.run(CompletableFuture.java:1768)
	... 3 more
2025-09-07 09:46:56,995 [ForkJoinPool-1-worker-1] WARN  io.KeyOutputStream (KeyOutputStream.java:handleExceptionInternal(377)) - Encountered exception java.io.IOException: Unexpected Storage Container Exception: java.util.concurrent.CompletionException: Failed to write chunk 115816896921600011_chunk_2 into block conID: 9 locID: 115816896921600011 bcsId: 10 replicaIndex: null on the pipeline Pipeline{ Id: 766115e5-0d59-4db5-b7b5-77dc33c8a8ca, Nodes: [ {ff2509eb-55dd-4ad3-b532-83d6209e1a92(localhost/127.0.0.1), ReplicaIndex: 0}, {95d41743-cdf0-4105-938b-93fe980aeffc(localhost/127.0.0.1), ReplicaIndex: 0}, {8500c972-c6d1-4433-9d49-a8e3bb920002(localhost/127.0.0.1), ReplicaIndex: 0},], ReplicationConfig: RATIS/THREE, State:OPEN, leaderId:8500c972-c6d1-4433-9d49-a8e3bb920002, CreationTimestamp2025-09-07T09:44:02.268Z[Etc/UTC]}. The last committed block length is 1048576, uncommitted data length is 2097152 retry count 0
2025-09-07 09:46:57,010 [grpc-default-executor-9] WARN  server.GrpcLogAppender (LogUtils.java:warn(127)) - 95d41743-cdf0-4105-938b-93fe980aeffc@group-DDE89B3F2AFE->ff2509eb-55dd-4ad3-b532-83d6209e1a92-AppendLogResponseHandler: Failed appendEntries: org.apache.ratis.thirdparty.io.grpc.StatusRuntimeException: UNAVAILABLE: io exception
  Caused by: org.apache.ratis.thirdparty.io.netty.channel.AbstractChannel$AnnotatedConnectException: finishConnect(..) failed: Connection refused: /127.0.0.1:15015
  Caused by: java.net.ConnectException: finishConnect(..) failed: Connection refused
2025-09-07 09:46:57,010 [grpc-default-executor-9] WARN  server.GrpcLogAppender (GrpcLogAppender.java:lambda$resetClient$1(228)) - 95d41743-cdf0-4105-938b-93fe980aeffc@group-DDE89B3F2AFE->ff2509eb-55dd-4ad3-b532-83d6209e1a92-GrpcLogAppender: Follower failed (request=null, errorCount=33); keep nextIndex (31) unchanged and retry.
2025-09-07 09:46:57,015 [grpc-default-executor-8] WARN  server.GrpcLogAppender (GrpcLogAppender.java:lambda$resetClient$1(228)) - 95d41743-cdf0-4105-938b-93fe980aeffc@group-DDE89B3F2AFE->ff2509eb-55dd-4ad3-b532-83d6209e1a92-GrpcLogAppender: Follower failed (request=null, errorCount=35); keep nextIndex (34) unchanged and retry.
2025-09-07 09:46:57,018 [grpc-default-executor-2] WARN  server.GrpcLogAppender (GrpcLogAppender.java:lambda$resetClient$1(228)) - 95d41743-cdf0-4105-938b-93fe980aeffc@group-DDE89B3F2AFE->ff2509eb-55dd-4ad3-b532-83d6209e1a92-GrpcLogAppender: Follower failed (request=null, errorCount=37); keep nextIndex (35) unchanged and retry.
2025-09-07 09:46:57,155 [e6e13cb3-e32b-4d2d-874a-1e4700c67398@group-9E511D2458D0-FollowerState] INFO  impl.FollowerState (FollowerState.java:runImpl(161)) - e6e13cb3-e32b-4d2d-874a-1e4700c67398@group-9E511D2458D0-FollowerState: change to CANDIDATE, lastRpcElapsedTime:1146285234ns, electionTimeout:1146ms
2025-09-07 09:46:57,155 [e6e13cb3-e32b-4d2d-874a-1e4700c67398@group-9E511D2458D0-FollowerState] INFO  impl.RoleInfo (RoleInfo.java:shutdownFollowerState(121)) - e6e13cb3-e32b-4d2d-874a-1e4700c67398: shutdown e6e13cb3-e32b-4d2d-874a-1e4700c67398@group-9E511D2458D0-FollowerState
2025-09-07 09:46:57,156 [e6e13cb3-e32b-4d2d-874a-1e4700c67398@group-9E511D2458D0-FollowerState] INFO  server.RaftServer$Division (RaftServerImpl.java:setRole(392)) - e6e13cb3-e32b-4d2d-874a-1e4700c67398@group-9E511D2458D0: changes role from  FOLLOWER to CANDIDATE at term 1 for changeToCandidate
2025-09-07 09:46:57,156 [e6e13cb3-e32b-4d2d-874a-1e4700c67398@group-9E511D2458D0-FollowerState] INFO  impl.RoleInfo (RoleInfo.java:updateAndGet(148)) - e6e13cb3-e32b-4d2d-874a-1e4700c67398: start e6e13cb3-e32b-4d2d-874a-1e4700c67398@group-9E511D2458D0-LeaderElection284
2025-09-07 09:46:57,156 [e6e13cb3-e32b-4d2d-874a-1e4700c67398@group-9E511D2458D0-LeaderElection284] INFO  impl.LeaderElection (LeaderElection.java:askForVotes(448)) - e6e13cb3-e32b-4d2d-874a-1e4700c67398@group-9E511D2458D0-LeaderElection284 PRE_VOTE round 0: submit vote requests at term 1 for conf: {index: 0, cur=peers:[90a60b70-6b91-4fb2-a612-7ac0b6911dfc|127.0.0.1:15047, e6e13cb3-e32b-4d2d-874a-1e4700c67398|127.0.0.1:15055, 7c7182dc-ac7f-44a8-b1d4-5d10f99cbcf2|127.0.0.1:15039]|listeners:[], old=null}
2025-09-07 09:46:57,157 [e6e13cb3-e32b-4d2d-874a-1e4700c67398@group-9E511D2458D0-LeaderElection284] INFO  impl.LeaderElection (LogUtils.java:infoOrTrace(142)) - e6e13cb3-e32b-4d2d-874a-1e4700c67398@group-9E511D2458D0-LeaderElection284 got exception when requesting votes: java.util.concurrent.ExecutionException: org.apache.ratis.thirdparty.io.grpc.StatusRuntimeException: UNAVAILABLE: io exception
2025-09-07 09:46:57,157 [e6e13cb3-e32b-4d2d-874a-1e4700c67398@group-9E511D2458D0-LeaderElection284] INFO  impl.LeaderElection (LogUtils.java:infoOrTrace(142)) - e6e13cb3-e32b-4d2d-874a-1e4700c67398@group-9E511D2458D0-LeaderElection284 got exception when requesting votes: java.util.concurrent.ExecutionException: org.apache.ratis.thirdparty.io.grpc.StatusRuntimeException: UNAVAILABLE: io exception
2025-09-07 09:46:57,157 [e6e13cb3-e32b-4d2d-874a-1e4700c67398@group-9E511D2458D0-LeaderElection284] INFO  impl.LeaderElection (LeaderElection.java:logAndReturn(206)) - e6e13cb3-e32b-4d2d-874a-1e4700c67398@group-9E511D2458D0-LeaderElection284: PRE_VOTE REJECTED received 0 response(s) and 2 exception(s):
2025-09-07 09:46:57,157 [e6e13cb3-e32b-4d2d-874a-1e4700c67398@group-9E511D2458D0-LeaderElection284] INFO  impl.LeaderElection (LogUtils.java:infoOrTrace(142)) -   Exception 0: java.util.concurrent.ExecutionException: org.apache.ratis.thirdparty.io.grpc.StatusRuntimeException: UNAVAILABLE: io exception
2025-09-07 09:46:57,157 [e6e13cb3-e32b-4d2d-874a-1e4700c67398@group-9E511D2458D0-LeaderElection284] INFO  impl.LeaderElection (LogUtils.java:infoOrTrace(142)) -   Exception 1: java.util.concurrent.ExecutionException: org.apache.ratis.thirdparty.io.grpc.StatusRuntimeException: UNAVAILABLE: io exception
2025-09-07 09:46:57,157 [e6e13cb3-e32b-4d2d-874a-1e4700c67398@group-9E511D2458D0-LeaderElection284] INFO  impl.LeaderElection (LeaderElection.java:askForVotes(450)) - e6e13cb3-e32b-4d2d-874a-1e4700c67398@group-9E511D2458D0-LeaderElection284 PRE_VOTE round 0: result REJECTED
2025-09-07 09:46:57,157 [e6e13cb3-e32b-4d2d-874a-1e4700c67398@group-9E511D2458D0-LeaderElection284] INFO  server.RaftServer$Division (RaftServerImpl.java:setRole(392)) - e6e13cb3-e32b-4d2d-874a-1e4700c67398@group-9E511D2458D0: changes role from CANDIDATE to FOLLOWER at term 1 for REJECTED
2025-09-07 09:46:57,157 [e6e13cb3-e32b-4d2d-874a-1e4700c67398@group-9E511D2458D0-LeaderElection284] INFO  impl.RoleInfo (RoleInfo.java:shutdownLeaderElection(141)) - e6e13cb3-e32b-4d2d-874a-1e4700c67398: shutdown e6e13cb3-e32b-4d2d-874a-1e4700c67398@group-9E511D2458D0-LeaderElection284
2025-09-07 09:46:57,157 [e6e13cb3-e32b-4d2d-874a-1e4700c67398@group-9E511D2458D0-LeaderElection284] INFO  impl.RoleInfo (RoleInfo.java:updateAndGet(148)) - e6e13cb3-e32b-4d2d-874a-1e4700c67398: start e6e13cb3-e32b-4d2d-874a-1e4700c67398@group-9E511D2458D0-FollowerState
2025-09-07 09:46:57,340 [90a60b70-6b91-4fb2-a612-7ac0b6911dfc@group-9E511D2458D0-FollowerState] INFO  impl.FollowerState (FollowerState.java:runImpl(161)) - 90a60b70-6b91-4fb2-a612-7ac0b6911dfc@group-9E511D2458D0-FollowerState: change to CANDIDATE, lastRpcElapsedTime:1095290251ns, electionTimeout:1095ms
2025-09-07 09:46:57,341 [90a60b70-6b91-4fb2-a612-7ac0b6911dfc@group-9E511D2458D0-FollowerState] INFO  impl.RoleInfo (RoleInfo.java:shutdownFollowerState(121)) - 90a60b70-6b91-4fb2-a612-7ac0b6911dfc: shutdown 90a60b70-6b91-4fb2-a612-7ac0b6911dfc@group-9E511D2458D0-FollowerState
2025-09-07 09:46:57,341 [90a60b70-6b91-4fb2-a612-7ac0b6911dfc@group-9E511D2458D0-FollowerState] INFO  server.RaftServer$Division (RaftServerImpl.java:setRole(392)) - 90a60b70-6b91-4fb2-a612-7ac0b6911dfc@group-9E511D2458D0: changes role from  FOLLOWER to CANDIDATE at term 1 for changeToCandidate
2025-09-07 09:46:57,341 [90a60b70-6b91-4fb2-a612-7ac0b6911dfc@group-9E511D2458D0-FollowerState] INFO  impl.RoleInfo (RoleInfo.java:updateAndGet(148)) - 90a60b70-6b91-4fb2-a612-7ac0b6911dfc: start 90a60b70-6b91-4fb2-a612-7ac0b6911dfc@group-9E511D2458D0-LeaderElection285
2025-09-07 09:46:57,341 [90a60b70-6b91-4fb2-a612-7ac0b6911dfc@group-9E511D2458D0-LeaderElection285] INFO  impl.LeaderElection (LeaderElection.java:askForVotes(448)) - 90a60b70-6b91-4fb2-a612-7ac0b6911dfc@group-9E511D2458D0-LeaderElection285 PRE_VOTE round 0: submit vote requests at term 1 for conf: {index: 0, cur=peers:[90a60b70-6b91-4fb2-a612-7ac0b6911dfc|127.0.0.1:15047, e6e13cb3-e32b-4d2d-874a-1e4700c67398|127.0.0.1:15055, 7c7182dc-ac7f-44a8-b1d4-5d10f99cbcf2|127.0.0.1:15039]|listeners:[], old=null}
2025-09-07 09:46:57,342 [grpc-default-executor-8] INFO  server.RaftServer$Division (RaftServerImpl.java:requestVote(1421)) - e6e13cb3-e32b-4d2d-874a-1e4700c67398@group-9E511D2458D0: receive requestVote(PRE_VOTE, 90a60b70-6b91-4fb2-a612-7ac0b6911dfc, group-9E511D2458D0, 1, (t:1, i:0))
2025-09-07 09:46:57,342 [grpc-default-executor-9] INFO  server.RaftServer$Division (RaftServerImpl.java:requestVote(1421)) - 7c7182dc-ac7f-44a8-b1d4-5d10f99cbcf2@group-9E511D2458D0: receive requestVote(PRE_VOTE, 90a60b70-6b91-4fb2-a612-7ac0b6911dfc, group-9E511D2458D0, 1, (t:1, i:0))
2025-09-07 09:46:57,342 [grpc-default-executor-8] INFO  impl.VoteContext (VoteContext.java:log(49)) - e6e13cb3-e32b-4d2d-874a-1e4700c67398@group-9E511D2458D0-FOLLOWER: reject PRE_VOTE from 90a60b70-6b91-4fb2-a612-7ac0b6911dfc: our priority 1 > candidate's priority 0
2025-09-07 09:46:57,342 [grpc-default-executor-9] INFO  impl.VoteContext (VoteContext.java:log(49)) - 7c7182dc-ac7f-44a8-b1d4-5d10f99cbcf2@group-9E511D2458D0-FOLLOWER: accept PRE_VOTE from 90a60b70-6b91-4fb2-a612-7ac0b6911dfc: our priority 0 <= candidate's priority 0
2025-09-07 09:46:57,342 [grpc-default-executor-8] INFO  server.RaftServer$Division (RaftServerImpl.java:requestVote(1455)) - e6e13cb3-e32b-4d2d-874a-1e4700c67398@group-9E511D2458D0 replies to PRE_VOTE vote request: 90a60b70-6b91-4fb2-a612-7ac0b6911dfc<-e6e13cb3-e32b-4d2d-874a-1e4700c67398#0:FAIL-t1-last:(t:1, i:0). Peer's state: e6e13cb3-e32b-4d2d-874a-1e4700c67398@group-9E511D2458D0:t1, leader=null, voted=e6e13cb3-e32b-4d2d-874a-1e4700c67398, raftlog=Memoized:e6e13cb3-e32b-4d2d-874a-1e4700c67398@group-9E511D2458D0-SegmentedRaftLog:OPENED:c0:last(t:1, i:0), conf=conf: {index: 0, cur=peers:[90a60b70-6b91-4fb2-a612-7ac0b6911dfc|127.0.0.1:15047, e6e13cb3-e32b-4d2d-874a-1e4700c67398|127.0.0.1:15055, 7c7182dc-ac7f-44a8-b1d4-5d10f99cbcf2|127.0.0.1:15039]|listeners:[], old=null}
2025-09-07 09:46:57,342 [grpc-default-executor-9] INFO  server.RaftServer$Division (RaftServerImpl.java:requestVote(1455)) - 7c7182dc-ac7f-44a8-b1d4-5d10f99cbcf2@group-9E511D2458D0 replies to PRE_VOTE vote request: 90a60b70-6b91-4fb2-a612-7ac0b6911dfc<-7c7182dc-ac7f-44a8-b1d4-5d10f99cbcf2#0:OK-t1-last:(t:1, i:0). Peer's state: 7c7182dc-ac7f-44a8-b1d4-5d10f99cbcf2@group-9E511D2458D0:t1, leader=null, voted=e6e13cb3-e32b-4d2d-874a-1e4700c67398, raftlog=Memoized:7c7182dc-ac7f-44a8-b1d4-5d10f99cbcf2@group-9E511D2458D0-SegmentedRaftLog:OPENED:c0:last(t:1, i:0), conf=conf: {index: 0, cur=peers:[90a60b70-6b91-4fb2-a612-7ac0b6911dfc|127.0.0.1:15047, e6e13cb3-e32b-4d2d-874a-1e4700c67398|127.0.0.1:15055, 7c7182dc-ac7f-44a8-b1d4-5d10f99cbcf2|127.0.0.1:15039]|listeners:[], old=null}
2025-09-07 09:46:57,343 [90a60b70-6b91-4fb2-a612-7ac0b6911dfc@group-9E511D2458D0-LeaderElection285] INFO  impl.LeaderElection (LeaderElection.java:logAndReturn(206)) - 90a60b70-6b91-4fb2-a612-7ac0b6911dfc@group-9E511D2458D0-LeaderElection285: PRE_VOTE REJECTED received 2 response(s) and 0 exception(s):
2025-09-07 09:46:57,343 [90a60b70-6b91-4fb2-a612-7ac0b6911dfc@group-9E511D2458D0-LeaderElection285] INFO  impl.LeaderElection (LeaderElection.java:logAndReturn(210)) -   Response 0: 90a60b70-6b91-4fb2-a612-7ac0b6911dfc<-e6e13cb3-e32b-4d2d-874a-1e4700c67398#0:FAIL-t1-last:(t:1, i:0)
2025-09-07 09:46:57,343 [90a60b70-6b91-4fb2-a612-7ac0b6911dfc@group-9E511D2458D0-LeaderElection285] INFO  impl.LeaderElection (LeaderElection.java:logAndReturn(210)) -   Response 1: 90a60b70-6b91-4fb2-a612-7ac0b6911dfc<-7c7182dc-ac7f-44a8-b1d4-5d10f99cbcf2#0:OK-t1-last:(t:1, i:0)
2025-09-07 09:46:57,343 [90a60b70-6b91-4fb2-a612-7ac0b6911dfc@group-9E511D2458D0-LeaderElection285] INFO  impl.LeaderElection (LeaderElection.java:askForVotes(450)) - 90a60b70-6b91-4fb2-a612-7ac0b6911dfc@group-9E511D2458D0-LeaderElection285 PRE_VOTE round 0: result REJECTED
2025-09-07 09:46:57,343 [90a60b70-6b91-4fb2-a612-7ac0b6911dfc@group-9E511D2458D0-LeaderElection285] INFO  server.RaftServer$Division (RaftServerImpl.java:setRole(392)) - 90a60b70-6b91-4fb2-a612-7ac0b6911dfc@group-9E511D2458D0: changes role from CANDIDATE to FOLLOWER at term 1 for REJECTED
2025-09-07 09:46:57,343 [90a60b70-6b91-4fb2-a612-7ac0b6911dfc@group-9E511D2458D0-LeaderElection285] INFO  impl.RoleInfo (RoleInfo.java:shutdownLeaderElection(141)) - 90a60b70-6b91-4fb2-a612-7ac0b6911dfc: shutdown 90a60b70-6b91-4fb2-a612-7ac0b6911dfc@group-9E511D2458D0-LeaderElection285
2025-09-07 09:46:57,343 [90a60b70-6b91-4fb2-a612-7ac0b6911dfc@group-9E511D2458D0-LeaderElection285] INFO  impl.RoleInfo (RoleInfo.java:updateAndGet(148)) - 90a60b70-6b91-4fb2-a612-7ac0b6911dfc: start 90a60b70-6b91-4fb2-a612-7ac0b6911dfc@group-9E511D2458D0-FollowerState
2025-09-07 09:46:57,559 [8500c972-c6d1-4433-9d49-a8e3bb920002@group-77DC33C8A8CA-LeaderStateImpl] INFO  impl.TransferLeadership (TransferLeadership.java:tryTransferLeadership(258)) - 8500c972-c6d1-4433-9d49-a8e3bb920002@group-77DC33C8A8CA: start transferring leadership to ff2509eb-55dd-4ad3-b532-83d6209e1a92
2025-09-07 09:46:57,559 [8500c972-c6d1-4433-9d49-a8e3bb920002@group-77DC33C8A8CA-LeaderStateImpl] INFO  impl.TransferLeadership (TransferLeadership.java:sendStartLeaderElection(210)) - 8500c972-c6d1-4433-9d49-a8e3bb920002@group-77DC33C8A8CA: sendStartLeaderElection to follower ff2509eb-55dd-4ad3-b532-83d6209e1a92, lastEntry=(t:5, i:12)
2025-09-07 09:46:57,559 [8500c972-c6d1-4433-9d49-a8e3bb920002@group-77DC33C8A8CA-LeaderStateImpl] INFO  impl.TransferLeadership (TransferLeadership.java:tryTransferLeadership(266)) - 8500c972-c6d1-4433-9d49-a8e3bb920002@group-77DC33C8A8CA: SUCCESS sent StartLeaderElection to transferee ff2509eb-55dd-4ad3-b532-83d6209e1a92 immediately as it already has up-to-date log
2025-09-07 09:46:57,559 [8500c972-c6d1-4433-9d49-a8e3bb920002-server-thread1] WARN  impl.TransferLeadership (TransferLeadership.java:lambda$sendStartLeaderElection$2(227)) - 8500c972-c6d1-4433-9d49-a8e3bb920002@group-77DC33C8A8CA: Failed to startLeaderElection for ff2509eb-55dd-4ad3-b532-83d6209e1a92
java.util.concurrent.CompletionException: org.apache.ratis.thirdparty.io.grpc.StatusRuntimeException: UNAVAILABLE: io exception
	at java.base/java.util.concurrent.CompletableFuture.encodeThrowable(CompletableFuture.java:315)
	at java.base/java.util.concurrent.CompletableFuture.completeThrowable(CompletableFuture.java:320)
	at java.base/java.util.concurrent.CompletableFuture$AsyncSupply.run(CompletableFuture.java:1770)
	at java.base/java.util.concurrent.ThreadPoolExecutor.runWorker(ThreadPoolExecutor.java:1144)
	at java.base/java.util.concurrent.ThreadPoolExecutor$Worker.run(ThreadPoolExecutor.java:642)
	at java.base/java.lang.Thread.run(Thread.java:1583)
Caused by: org.apache.ratis.thirdparty.io.grpc.StatusRuntimeException: UNAVAILABLE: io exception
	at org.apache.ratis.thirdparty.io.grpc.stub.ClientCalls.toStatusRuntimeException(ClientCalls.java:351)
	at org.apache.ratis.thirdparty.io.grpc.stub.ClientCalls.getUnchecked(ClientCalls.java:332)
	at org.apache.ratis.thirdparty.io.grpc.stub.ClientCalls.blockingUnaryCall(ClientCalls.java:174)
	at org.apache.ratis.proto.grpc.RaftServerProtocolServiceGrpc$RaftServerProtocolServiceBlockingStub.startLeaderElection(RaftServerProtocolServiceGrpc.java:422)
	at org.apache.ratis.grpc.server.GrpcServerProtocolClient.startLeaderElection(GrpcServerProtocolClient.java:123)
	at org.apache.ratis.grpc.server.GrpcServicesImpl.startLeaderElection(GrpcServicesImpl.java:423)
	at org.apache.ratis.server.impl.TransferLeadership.lambda$sendStartLeaderElection$1(TransferLeadership.java:218)
	at java.base/java.util.concurrent.CompletableFuture$AsyncSupply.run(CompletableFuture.java:1768)
	... 3 more
Caused by: org.apache.ratis.thirdparty.io.netty.channel.AbstractChannel$AnnotatedConnectException: finishConnect(..) failed: Connection refused: /127.0.0.1:15015
Caused by: java.net.ConnectException: finishConnect(..) failed: Connection refused
	at org.apache.ratis.thirdparty.io.netty.channel.unix.Errors.newConnectException0(Errors.java:166)
	at org.apache.ratis.thirdparty.io.netty.channel.unix.Errors.handleConnectErrno(Errors.java:131)
	at org.apache.ratis.thirdparty.io.netty.channel.unix.Socket.finishConnect(Socket.java:359)
	at org.apache.ratis.thirdparty.io.netty.channel.epoll.AbstractEpollChannel$AbstractEpollUnsafe.doFinishConnect(AbstractEpollChannel.java:715)
	at org.apache.ratis.thirdparty.io.netty.channel.epoll.AbstractEpollChannel$AbstractEpollUnsafe.finishConnect(AbstractEpollChannel.java:692)
	at org.apache.ratis.thirdparty.io.netty.channel.epoll.AbstractEpollChannel$AbstractEpollUnsafe.epollOutReady(AbstractEpollChannel.java:567)
	at org.apache.ratis.thirdparty.io.netty.channel.epoll.EpollEventLoop.processReady(EpollEventLoop.java:491)
	at org.apache.ratis.thirdparty.io.netty.channel.epoll.EpollEventLoop.run(EpollEventLoop.java:399)
	at org.apache.ratis.thirdparty.io.netty.util.concurrent.SingleThreadEventExecutor$4.run(SingleThreadEventExecutor.java:998)
	at org.apache.ratis.thirdparty.io.netty.util.internal.ThreadExecutorMap$2.run(ThreadExecutorMap.java:74)
	at org.apache.ratis.thirdparty.io.netty.util.concurrent.FastThreadLocalRunnable.run(FastThreadLocalRunnable.java:30)
	at java.base/java.lang.Thread.run(Thread.java:1583)
2025-09-07 09:46:58,172 [e6e13cb3-e32b-4d2d-874a-1e4700c67398@group-9E511D2458D0-FollowerState] INFO  impl.FollowerState (FollowerState.java:runImpl(161)) - e6e13cb3-e32b-4d2d-874a-1e4700c67398@group-9E511D2458D0-FollowerState: change to CANDIDATE, lastRpcElapsedTime:1015321126ns, electionTimeout:1015ms
2025-09-07 09:46:58,172 [e6e13cb3-e32b-4d2d-874a-1e4700c67398@group-9E511D2458D0-FollowerState] INFO  impl.RoleInfo (RoleInfo.java:shutdownFollowerState(121)) - e6e13cb3-e32b-4d2d-874a-1e4700c67398: shutdown e6e13cb3-e32b-4d2d-874a-1e4700c67398@group-9E511D2458D0-FollowerState
2025-09-07 09:46:58,172 [e6e13cb3-e32b-4d2d-874a-1e4700c67398@group-9E511D2458D0-FollowerState] INFO  server.RaftServer$Division (RaftServerImpl.java:setRole(392)) - e6e13cb3-e32b-4d2d-874a-1e4700c67398@group-9E511D2458D0: changes role from  FOLLOWER to CANDIDATE at term 1 for changeToCandidate
2025-09-07 09:46:58,172 [e6e13cb3-e32b-4d2d-874a-1e4700c67398@group-9E511D2458D0-FollowerState] INFO  impl.RoleInfo (RoleInfo.java:updateAndGet(148)) - e6e13cb3-e32b-4d2d-874a-1e4700c67398: start e6e13cb3-e32b-4d2d-874a-1e4700c67398@group-9E511D2458D0-LeaderElection286
2025-09-07 09:46:58,173 [e6e13cb3-e32b-4d2d-874a-1e4700c67398@group-9E511D2458D0-LeaderElection286] INFO  impl.LeaderElection (LeaderElection.java:askForVotes(448)) - e6e13cb3-e32b-4d2d-874a-1e4700c67398@group-9E511D2458D0-LeaderElection286 PRE_VOTE round 0: submit vote requests at term 1 for conf: {index: 0, cur=peers:[90a60b70-6b91-4fb2-a612-7ac0b6911dfc|127.0.0.1:15047, e6e13cb3-e32b-4d2d-874a-1e4700c67398|127.0.0.1:15055, 7c7182dc-ac7f-44a8-b1d4-5d10f99cbcf2|127.0.0.1:15039]|listeners:[], old=null}
2025-09-07 09:46:58,173 [e6e13cb3-e32b-4d2d-874a-1e4700c67398@group-9E511D2458D0-LeaderElection286] INFO  impl.LeaderElection (LogUtils.java:infoOrTrace(142)) - e6e13cb3-e32b-4d2d-874a-1e4700c67398@group-9E511D2458D0-LeaderElection286 got exception when requesting votes: java.util.concurrent.ExecutionException: org.apache.ratis.thirdparty.io.grpc.StatusRuntimeException: UNAVAILABLE: io exception
2025-09-07 09:46:58,174 [grpc-default-executor-9] INFO  server.RaftServer$Division (RaftServerImpl.java:requestVote(1421)) - 90a60b70-6b91-4fb2-a612-7ac0b6911dfc@group-9E511D2458D0: receive requestVote(PRE_VOTE, e6e13cb3-e32b-4d2d-874a-1e4700c67398, group-9E511D2458D0, 1, (t:1, i:0))
2025-09-07 09:46:58,174 [grpc-default-executor-9] INFO  impl.VoteContext (VoteContext.java:log(49)) - 90a60b70-6b91-4fb2-a612-7ac0b6911dfc@group-9E511D2458D0-FOLLOWER: accept PRE_VOTE from e6e13cb3-e32b-4d2d-874a-1e4700c67398: our priority 0 <= candidate's priority 1
2025-09-07 09:46:58,174 [grpc-default-executor-9] INFO  server.RaftServer$Division (RaftServerImpl.java:requestVote(1455)) - 90a60b70-6b91-4fb2-a612-7ac0b6911dfc@group-9E511D2458D0 replies to PRE_VOTE vote request: e6e13cb3-e32b-4d2d-874a-1e4700c67398<-90a60b70-6b91-4fb2-a612-7ac0b6911dfc#0:OK-t1-last:(t:1, i:0). Peer's state: 90a60b70-6b91-4fb2-a612-7ac0b6911dfc@group-9E511D2458D0:t1, leader=null, voted=e6e13cb3-e32b-4d2d-874a-1e4700c67398, raftlog=Memoized:90a60b70-6b91-4fb2-a612-7ac0b6911dfc@group-9E511D2458D0-SegmentedRaftLog:OPENED:c0:last(t:1, i:0), conf=conf: {index: 0, cur=peers:[90a60b70-6b91-4fb2-a612-7ac0b6911dfc|127.0.0.1:15047, e6e13cb3-e32b-4d2d-874a-1e4700c67398|127.0.0.1:15055, 7c7182dc-ac7f-44a8-b1d4-5d10f99cbcf2|127.0.0.1:15039]|listeners:[], old=null}
2025-09-07 09:46:58,175 [e6e13cb3-e32b-4d2d-874a-1e4700c67398@group-9E511D2458D0-LeaderElection286] INFO  impl.LeaderElection (LeaderElection.java:logAndReturn(206)) - e6e13cb3-e32b-4d2d-874a-1e4700c67398@group-9E511D2458D0-LeaderElection286: PRE_VOTE PASSED received 1 response(s) and 1 exception(s):
2025-09-07 09:46:58,175 [e6e13cb3-e32b-4d2d-874a-1e4700c67398@group-9E511D2458D0-LeaderElection286] INFO  impl.LeaderElection (LeaderElection.java:logAndReturn(210)) -   Response 0: e6e13cb3-e32b-4d2d-874a-1e4700c67398<-90a60b70-6b91-4fb2-a612-7ac0b6911dfc#0:OK-t1-last:(t:1, i:0)
2025-09-07 09:46:58,175 [e6e13cb3-e32b-4d2d-874a-1e4700c67398@group-9E511D2458D0-LeaderElection286] INFO  impl.LeaderElection (LogUtils.java:infoOrTrace(142)) -   Exception 1: java.util.concurrent.ExecutionException: org.apache.ratis.thirdparty.io.grpc.StatusRuntimeException: UNAVAILABLE: io exception
2025-09-07 09:46:58,175 [e6e13cb3-e32b-4d2d-874a-1e4700c67398@group-9E511D2458D0-LeaderElection286] INFO  impl.LeaderElection (LeaderElection.java:askForVotes(450)) - e6e13cb3-e32b-4d2d-874a-1e4700c67398@group-9E511D2458D0-LeaderElection286 PRE_VOTE round 0: result PASSED
2025-09-07 09:46:58,176 [e6e13cb3-e32b-4d2d-874a-1e4700c67398@group-9E511D2458D0-LeaderElection286] INFO  impl.LeaderElection (LeaderElection.java:askForVotes(448)) - e6e13cb3-e32b-4d2d-874a-1e4700c67398@group-9E511D2458D0-LeaderElection286 ELECTION round 0: submit vote requests at term 2 for conf: {index: 0, cur=peers:[90a60b70-6b91-4fb2-a612-7ac0b6911dfc|127.0.0.1:15047, e6e13cb3-e32b-4d2d-874a-1e4700c67398|127.0.0.1:15055, 7c7182dc-ac7f-44a8-b1d4-5d10f99cbcf2|127.0.0.1:15039]|listeners:[], old=null}
2025-09-07 09:46:58,177 [e6e13cb3-e32b-4d2d-874a-1e4700c67398@group-9E511D2458D0-LeaderElection286] INFO  impl.LeaderElection (LogUtils.java:infoOrTrace(142)) - e6e13cb3-e32b-4d2d-874a-1e4700c67398@group-9E511D2458D0-LeaderElection286 got exception when requesting votes: java.util.concurrent.ExecutionException: org.apache.ratis.thirdparty.io.grpc.StatusRuntimeException: UNAVAILABLE: io exception
2025-09-07 09:46:58,177 [grpc-default-executor-9] INFO  server.RaftServer$Division (RaftServerImpl.java:requestVote(1421)) - 90a60b70-6b91-4fb2-a612-7ac0b6911dfc@group-9E511D2458D0: receive requestVote(ELECTION, e6e13cb3-e32b-4d2d-874a-1e4700c67398, group-9E511D2458D0, 2, (t:1, i:0))
2025-09-07 09:46:58,178 [grpc-default-executor-9] INFO  impl.VoteContext (VoteContext.java:log(49)) - 90a60b70-6b91-4fb2-a612-7ac0b6911dfc@group-9E511D2458D0-FOLLOWER: accept ELECTION from e6e13cb3-e32b-4d2d-874a-1e4700c67398: our priority 0 <= candidate's priority 1
2025-09-07 09:46:58,178 [grpc-default-executor-9] INFO  server.RaftServer$Division (RaftServerImpl.java:setRole(392)) - 90a60b70-6b91-4fb2-a612-7ac0b6911dfc@group-9E511D2458D0: changes role from  FOLLOWER to FOLLOWER at term 1 for candidate:e6e13cb3-e32b-4d2d-874a-1e4700c67398
2025-09-07 09:46:58,178 [grpc-default-executor-9] INFO  impl.RoleInfo (RoleInfo.java:shutdownFollowerState(121)) - 90a60b70-6b91-4fb2-a612-7ac0b6911dfc: shutdown 90a60b70-6b91-4fb2-a612-7ac0b6911dfc@group-9E511D2458D0-FollowerState
2025-09-07 09:46:58,178 [grpc-default-executor-9] INFO  impl.RoleInfo (RoleInfo.java:updateAndGet(148)) - 90a60b70-6b91-4fb2-a612-7ac0b6911dfc: start 90a60b70-6b91-4fb2-a612-7ac0b6911dfc@group-9E511D2458D0-FollowerState
2025-09-07 09:46:58,178 [90a60b70-6b91-4fb2-a612-7ac0b6911dfc@group-9E511D2458D0-FollowerState] INFO  impl.FollowerState (FollowerState.java:runImpl(170)) - 90a60b70-6b91-4fb2-a612-7ac0b6911dfc@group-9E511D2458D0-FollowerState was interrupted
2025-09-07 09:46:58,179 [grpc-default-executor-9] INFO  server.RaftServer$Division (RaftServerImpl.java:requestVote(1455)) - 90a60b70-6b91-4fb2-a612-7ac0b6911dfc@group-9E511D2458D0 replies to ELECTION vote request: e6e13cb3-e32b-4d2d-874a-1e4700c67398<-90a60b70-6b91-4fb2-a612-7ac0b6911dfc#0:OK-t2-last:(t:1, i:0). Peer's state: 90a60b70-6b91-4fb2-a612-7ac0b6911dfc@group-9E511D2458D0:t2, leader=null, voted=e6e13cb3-e32b-4d2d-874a-1e4700c67398, raftlog=Memoized:90a60b70-6b91-4fb2-a612-7ac0b6911dfc@group-9E511D2458D0-SegmentedRaftLog:OPENED:c0:last(t:1, i:0), conf=conf: {index: 0, cur=peers:[90a60b70-6b91-4fb2-a612-7ac0b6911dfc|127.0.0.1:15047, e6e13cb3-e32b-4d2d-874a-1e4700c67398|127.0.0.1:15055, 7c7182dc-ac7f-44a8-b1d4-5d10f99cbcf2|127.0.0.1:15039]|listeners:[], old=null}
2025-09-07 09:46:58,180 [e6e13cb3-e32b-4d2d-874a-1e4700c67398@group-9E511D2458D0-LeaderElection286] INFO  impl.LeaderElection (LeaderElection.java:logAndReturn(206)) - e6e13cb3-e32b-4d2d-874a-1e4700c67398@group-9E511D2458D0-LeaderElection286: ELECTION PASSED received 1 response(s) and 1 exception(s):
2025-09-07 09:46:58,180 [e6e13cb3-e32b-4d2d-874a-1e4700c67398@group-9E511D2458D0-LeaderElection286] INFO  impl.LeaderElection (LeaderElection.java:logAndReturn(210)) -   Response 0: e6e13cb3-e32b-4d2d-874a-1e4700c67398<-90a60b70-6b91-4fb2-a612-7ac0b6911dfc#0:OK-t2-last:(t:1, i:0)
2025-09-07 09:46:58,180 [e6e13cb3-e32b-4d2d-874a-1e4700c67398@group-9E511D2458D0-LeaderElection286] INFO  impl.LeaderElection (LogUtils.java:infoOrTrace(142)) -   Exception 1: java.util.concurrent.ExecutionException: org.apache.ratis.thirdparty.io.grpc.StatusRuntimeException: UNAVAILABLE: io exception
2025-09-07 09:46:58,180 [e6e13cb3-e32b-4d2d-874a-1e4700c67398@group-9E511D2458D0-LeaderElection286] INFO  impl.LeaderElection (LeaderElection.java:askForVotes(450)) - e6e13cb3-e32b-4d2d-874a-1e4700c67398@group-9E511D2458D0-LeaderElection286 ELECTION round 0: result PASSED
2025-09-07 09:46:58,180 [e6e13cb3-e32b-4d2d-874a-1e4700c67398@group-9E511D2458D0-LeaderElection286] INFO  impl.RoleInfo (RoleInfo.java:shutdownLeaderElection(141)) - e6e13cb3-e32b-4d2d-874a-1e4700c67398: shutdown e6e13cb3-e32b-4d2d-874a-1e4700c67398@group-9E511D2458D0-LeaderElection286
2025-09-07 09:46:58,180 [e6e13cb3-e32b-4d2d-874a-1e4700c67398@group-9E511D2458D0-LeaderElection286] INFO  server.RaftServer$Division (RaftServerImpl.java:setRole(392)) - e6e13cb3-e32b-4d2d-874a-1e4700c67398@group-9E511D2458D0: changes role from CANDIDATE to LEADER at term 2 for changeToLeader
2025-09-07 09:46:58,180 [e6e13cb3-e32b-4d2d-874a-1e4700c67398@group-9E511D2458D0-LeaderElection286] INFO  server.RaftServerConfigKeys (ConfUtils.java:logFallback(69)) - raft.server.staging.timeout = 3600ms (fallback to raft.server.rpc.timeout.max)
2025-09-07 09:46:58,180 [e6e13cb3-e32b-4d2d-874a-1e4700c67398@group-9E511D2458D0-LeaderElection286] INFO  server.RaftServerConfigKeys (ConfUtils.java:logGet(62)) - raft.server.write.byte-limit = 1024 M (=1073741824) (custom)
2025-09-07 09:46:58,181 [e6e13cb3-e32b-4d2d-874a-1e4700c67398@group-9E511D2458D0-LeaderElection286] INFO  server.RaftServerConfigKeys (ConfUtils.java:logGet(62)) - raft.server.log.appender.buffer.byte-limit = 33554432 (custom)
2025-09-07 09:46:58,182 [e6e13cb3-e32b-4d2d-874a-1e4700c67398@group-9E511D2458D0-LeaderElection286] INFO  server.RaftServerConfigKeys (ConfUtils.java:logGet(62)) - raft.server.log.appender.buffer.byte-limit = 33554432 (custom)
2025-09-07 09:46:58,182 [e6e13cb3-e32b-4d2d-874a-1e4700c67398@group-9E511D2458D0-LeaderElection286] INFO  impl.RoleInfo (RoleInfo.java:updateAndGet(148)) - e6e13cb3-e32b-4d2d-874a-1e4700c67398: start e6e13cb3-e32b-4d2d-874a-1e4700c67398@group-9E511D2458D0-LeaderStateImpl
2025-09-07 09:46:58,182 [e6e13cb3-e32b-4d2d-874a-1e4700c67398@group-9E511D2458D0-LeaderElection286] INFO  ratis.XceiverServerRatis (XceiverServerRatis.java:handleLeaderChangedNotification(947)) - Leader change notification received for group: group-9E511D2458D0 with new leaderId: e6e13cb3-e32b-4d2d-874a-1e4700c67398
2025-09-07 09:46:58,182 [e6e13cb3-e32b-4d2d-874a-1e4700c67398@group-9E511D2458D0-LeaderElection286] INFO  server.RaftServer$Division (ServerState.java:setLeader(272)) - e6e13cb3-e32b-4d2d-874a-1e4700c67398@group-9E511D2458D0: change Leader from null to e6e13cb3-e32b-4d2d-874a-1e4700c67398 at term 2 for becomeLeader, leader elected after 74383ms
2025-09-07 09:46:58,182 [e6e13cb3-e32b-4d2d-874a-1e4700c67398@group-9E511D2458D0-LeaderElection286] INFO  segmented.SegmentedRaftLogWorker (SegmentedRaftLogWorker.java:rollLogSegment(445)) - e6e13cb3-e32b-4d2d-874a-1e4700c67398@group-9E511D2458D0-SegmentedRaftLogWorker: Rolling segment log-0_0 to index:0
2025-09-07 09:46:58,182 [e6e13cb3-e32b-4d2d-874a-1e4700c67398@group-9E511D2458D0-LeaderElection286] INFO  server.RaftServer$Division (ServerState.java:setRaftConf(386)) - e6e13cb3-e32b-4d2d-874a-1e4700c67398@group-9E511D2458D0: set configuration conf: {index: 1, cur=peers:[90a60b70-6b91-4fb2-a612-7ac0b6911dfc|127.0.0.1:15047, e6e13cb3-e32b-4d2d-874a-1e4700c67398|127.0.0.1:15055, 7c7182dc-ac7f-44a8-b1d4-5d10f99cbcf2|127.0.0.1:15039]|listeners:[], old=null}
2025-09-07 09:46:58,184 [grpc-default-executor-9] WARN  server.GrpcLogAppender (LogUtils.java:warn(127)) - e6e13cb3-e32b-4d2d-874a-1e4700c67398@group-9E511D2458D0->7c7182dc-ac7f-44a8-b1d4-5d10f99cbcf2-AppendLogResponseHandler: Failed appendEntries: org.apache.ratis.thirdparty.io.grpc.StatusRuntimeException: UNAVAILABLE: io exception
  Caused by: org.apache.ratis.thirdparty.io.netty.channel.AbstractChannel$AnnotatedConnectException: finishConnect(..) failed: Connection refused: /127.0.0.1:15039
  Caused by: java.net.ConnectException: finishConnect(..) failed: Connection refused
2025-09-07 09:46:58,184 [e6e13cb3-e32b-4d2d-874a-1e4700c67398@group-9E511D2458D0-SegmentedRaftLogWorker] INFO  segmented.SegmentedRaftLogWorker (SegmentedRaftLogWorker.java:execute(604)) - e6e13cb3-e32b-4d2d-874a-1e4700c67398@group-9E511D2458D0-SegmentedRaftLogWorker: Rolled log segment from /home/runner/work/ozone/ozone/hadoop-ozone/integration-test/target/test-dir/MiniOzoneClusterImpl-023d5a78-e64c-43f3-a4d9-6f7884931d6c/ozone-metadata/datanode-6/ratis/d8d7c1c9-dd4a-4c6e-b9b0-9e511d2458d0/current/log_inprogress_0 to /home/runner/work/ozone/ozone/hadoop-ozone/integration-test/target/test-dir/MiniOzoneClusterImpl-023d5a78-e64c-43f3-a4d9-6f7884931d6c/ozone-metadata/datanode-6/ratis/d8d7c1c9-dd4a-4c6e-b9b0-9e511d2458d0/current/log_0-0
2025-09-07 09:46:58,184 [e6e13cb3-e32b-4d2d-874a-1e4700c67398@group-9E511D2458D0-SegmentedRaftLogWorker] INFO  segmented.BufferedWriteChannel (BufferedWriteChannel.java:open(61)) - open log_inprogress_1 at position 0
2025-09-07 09:46:58,184 [grpc-default-executor-9] WARN  server.GrpcLogAppender (GrpcLogAppender.java:lambda$resetClient$1(228)) - e6e13cb3-e32b-4d2d-874a-1e4700c67398@group-9E511D2458D0->7c7182dc-ac7f-44a8-b1d4-5d10f99cbcf2-GrpcLogAppender: Follower failed (request=null, errorCount=1); keep nextIndex (1) unchanged and retry.
2025-09-07 09:46:58,184 [grpc-default-executor-8] INFO  ratis.XceiverServerRatis (XceiverServerRatis.java:handleLeaderChangedNotification(947)) - Leader change notification received for group: group-9E511D2458D0 with new leaderId: e6e13cb3-e32b-4d2d-874a-1e4700c67398
2025-09-07 09:46:58,184 [grpc-default-executor-8] INFO  server.RaftServer$Division (ServerState.java:setLeader(272)) - 90a60b70-6b91-4fb2-a612-7ac0b6911dfc@group-9E511D2458D0: change Leader from null to e6e13cb3-e32b-4d2d-874a-1e4700c67398 at term 2 for appendEntries, leader elected after 10218ms
2025-09-07 09:46:58,186 [grpc-default-executor-8] INFO  server.RaftServer$Division (ServerState.java:setRaftConf(386)) - 90a60b70-6b91-4fb2-a612-7ac0b6911dfc@group-9E511D2458D0: set configuration conf: {index: 1, cur=peers:[90a60b70-6b91-4fb2-a612-7ac0b6911dfc|127.0.0.1:15047, e6e13cb3-e32b-4d2d-874a-1e4700c67398|127.0.0.1:15055, 7c7182dc-ac7f-44a8-b1d4-5d10f99cbcf2|127.0.0.1:15039]|listeners:[], old=null}
2025-09-07 09:46:58,187 [grpc-default-executor-8] INFO  segmented.SegmentedRaftLogWorker (SegmentedRaftLogWorker.java:rollLogSegment(445)) - 90a60b70-6b91-4fb2-a612-7ac0b6911dfc@group-9E511D2458D0-SegmentedRaftLogWorker: Rolling segment log-0_0 to index:0
2025-09-07 09:46:58,187 [90a60b70-6b91-4fb2-a612-7ac0b6911dfc@group-9E511D2458D0-SegmentedRaftLogWorker] INFO  segmented.SegmentedRaftLogWorker (SegmentedRaftLogWorker.java:execute(604)) - 90a60b70-6b91-4fb2-a612-7ac0b6911dfc@group-9E511D2458D0-SegmentedRaftLogWorker: Rolled log segment from /home/runner/work/ozone/ozone/hadoop-ozone/integration-test/target/test-dir/MiniOzoneClusterImpl-023d5a78-e64c-43f3-a4d9-6f7884931d6c/ozone-metadata/datanode-5/ratis/d8d7c1c9-dd4a-4c6e-b9b0-9e511d2458d0/current/log_inprogress_0 to /home/runner/work/ozone/ozone/hadoop-ozone/integration-test/target/test-dir/MiniOzoneClusterImpl-023d5a78-e64c-43f3-a4d9-6f7884931d6c/ozone-metadata/datanode-5/ratis/d8d7c1c9-dd4a-4c6e-b9b0-9e511d2458d0/current/log_0-0
2025-09-07 09:46:58,187 [grpc-default-executor-9] INFO  server.RaftServer$Division (RaftServerImpl.java:setFirstElection(576)) - 7c7182dc-ac7f-44a8-b1d4-5d10f99cbcf2@group-9E511D2458D0: set firstElectionSinceStartup to false for appendEntries
2025-09-07 09:46:58,187 [grpc-default-executor-9] INFO  ratis.XceiverServerRatis (XceiverServerRatis.java:handleLeaderChangedNotification(947)) - Leader change notification received for group: group-9E511D2458D0 with new leaderId: e6e13cb3-e32b-4d2d-874a-1e4700c67398
2025-09-07 09:46:58,187 [grpc-default-executor-9] INFO  server.RaftServer$Division (ServerState.java:setLeader(272)) - 7c7182dc-ac7f-44a8-b1d4-5d10f99cbcf2@group-9E511D2458D0: change Leader from null to e6e13cb3-e32b-4d2d-874a-1e4700c67398 at term 2 for appendEntries, leader elected after 9995ms
2025-09-07 09:46:58,187 [90a60b70-6b91-4fb2-a612-7ac0b6911dfc@group-9E511D2458D0-SegmentedRaftLogWorker] INFO  segmented.BufferedWriteChannel (BufferedWriteChannel.java:open(61)) - open log_inprogress_1 at position 0
2025-09-07 09:46:58,188 [grpc-default-executor-6] INFO  server.RaftServer$Division (ServerState.java:setRaftConf(386)) - 7c7182dc-ac7f-44a8-b1d4-5d10f99cbcf2@group-9E511D2458D0: set configuration conf: {index: 1, cur=peers:[90a60b70-6b91-4fb2-a612-7ac0b6911dfc|127.0.0.1:15047, e6e13cb3-e32b-4d2d-874a-1e4700c67398|127.0.0.1:15055, 7c7182dc-ac7f-44a8-b1d4-5d10f99cbcf2|127.0.0.1:15039]|listeners:[], old=null}
2025-09-07 09:46:58,188 [grpc-default-executor-6] INFO  segmented.SegmentedRaftLogWorker (SegmentedRaftLogWorker.java:rollLogSegment(445)) - 7c7182dc-ac7f-44a8-b1d4-5d10f99cbcf2@group-9E511D2458D0-SegmentedRaftLogWorker: Rolling segment log-0_0 to index:0
2025-09-07 09:46:58,189 [7c7182dc-ac7f-44a8-b1d4-5d10f99cbcf2@group-9E511D2458D0-SegmentedRaftLogWorker] INFO  segmented.SegmentedRaftLogWorker (SegmentedRaftLogWorker.java:execute(604)) - 7c7182dc-ac7f-44a8-b1d4-5d10f99cbcf2@group-9E511D2458D0-SegmentedRaftLogWorker: Rolled log segment from /home/runner/work/ozone/ozone/hadoop-ozone/integration-test/target/test-dir/MiniOzoneClusterImpl-023d5a78-e64c-43f3-a4d9-6f7884931d6c/ozone-metadata/datanode-4/ratis/d8d7c1c9-dd4a-4c6e-b9b0-9e511d2458d0/current/log_inprogress_0 to /home/runner/work/ozone/ozone/hadoop-ozone/integration-test/target/test-dir/MiniOzoneClusterImpl-023d5a78-e64c-43f3-a4d9-6f7884931d6c/ozone-metadata/datanode-4/ratis/d8d7c1c9-dd4a-4c6e-b9b0-9e511d2458d0/current/log_0-0
2025-09-07 09:46:58,190 [7c7182dc-ac7f-44a8-b1d4-5d10f99cbcf2@group-9E511D2458D0-SegmentedRaftLogWorker] INFO  segmented.BufferedWriteChannel (BufferedWriteChannel.java:open(61)) - open log_inprogress_1 at position 0
2025-09-07 09:46:58,193 [e6e13cb3-e32b-4d2d-874a-1e4700c67398@group-9E511D2458D0-SegmentedRaftLogWorker] INFO  segmented.SegmentedRaftLogWorker (SegmentedRaftLogWorker.java:execute(647)) - e6e13cb3-e32b-4d2d-874a-1e4700c67398@group-9E511D2458D0-SegmentedRaftLogWorker: created new log segment /home/runner/work/ozone/ozone/hadoop-ozone/integration-test/target/test-dir/MiniOzoneClusterImpl-023d5a78-e64c-43f3-a4d9-6f7884931d6c/ozone-metadata/datanode-6/ratis/d8d7c1c9-dd4a-4c6e-b9b0-9e511d2458d0/current/log_inprogress_1
2025-09-07 09:46:58,195 [90a60b70-6b91-4fb2-a612-7ac0b6911dfc@group-9E511D2458D0-SegmentedRaftLogWorker] INFO  segmented.SegmentedRaftLogWorker (SegmentedRaftLogWorker.java:execute(647)) - 90a60b70-6b91-4fb2-a612-7ac0b6911dfc@group-9E511D2458D0-SegmentedRaftLogWorker: created new log segment /home/runner/work/ozone/ozone/hadoop-ozone/integration-test/target/test-dir/MiniOzoneClusterImpl-023d5a78-e64c-43f3-a4d9-6f7884931d6c/ozone-metadata/datanode-5/ratis/d8d7c1c9-dd4a-4c6e-b9b0-9e511d2458d0/current/log_inprogress_1
2025-09-07 09:46:58,196 [7c7182dc-ac7f-44a8-b1d4-5d10f99cbcf2@group-9E511D2458D0-SegmentedRaftLogWorker] INFO  segmented.SegmentedRaftLogWorker (SegmentedRaftLogWorker.java:execute(647)) - 7c7182dc-ac7f-44a8-b1d4-5d10f99cbcf2@group-9E511D2458D0-SegmentedRaftLogWorker: created new log segment /home/runner/work/ozone/ozone/hadoop-ozone/integration-test/target/test-dir/MiniOzoneClusterImpl-023d5a78-e64c-43f3-a4d9-6f7884931d6c/ozone-metadata/datanode-4/ratis/d8d7c1c9-dd4a-4c6e-b9b0-9e511d2458d0/current/log_inprogress_1
2025-09-07 09:46:58,198 [e6e13cb3-e32b-4d2d-874a-1e4700c67398@group-9E511D2458D0-StateMachineUpdater] INFO  server.RaftServer$Division (LeaderStateImpl.java:checkStartIndex(309)) - Leader e6e13cb3-e32b-4d2d-874a-1e4700c67398@group-9E511D2458D0-LeaderStateImpl is ready since appliedIndex == startIndex == 1
2025-09-07 09:46:58,759 [8500c972-c6d1-4433-9d49-a8e3bb920002@group-77DC33C8A8CA-LeaderStateImpl] INFO  impl.TransferLeadership (TransferLeadership.java:tryTransferLeadership(258)) - 8500c972-c6d1-4433-9d49-a8e3bb920002@group-77DC33C8A8CA: start transferring leadership to ff2509eb-55dd-4ad3-b532-83d6209e1a92
2025-09-07 09:46:58,759 [8500c972-c6d1-4433-9d49-a8e3bb920002@group-77DC33C8A8CA-LeaderStateImpl] INFO  impl.TransferLeadership (TransferLeadership.java:sendStartLeaderElection(210)) - 8500c972-c6d1-4433-9d49-a8e3bb920002@group-77DC33C8A8CA: sendStartLeaderElection to follower ff2509eb-55dd-4ad3-b532-83d6209e1a92, lastEntry=(t:5, i:12)
2025-09-07 09:46:58,759 [8500c972-c6d1-4433-9d49-a8e3bb920002@group-77DC33C8A8CA-LeaderStateImpl] INFO  impl.TransferLeadership (TransferLeadership.java:tryTransferLeadership(266)) - 8500c972-c6d1-4433-9d49-a8e3bb920002@group-77DC33C8A8CA: SUCCESS sent StartLeaderElection to transferee ff2509eb-55dd-4ad3-b532-83d6209e1a92 immediately as it already has up-to-date log
2025-09-07 09:46:58,759 [8500c972-c6d1-4433-9d49-a8e3bb920002-server-thread1] WARN  impl.TransferLeadership (TransferLeadership.java:lambda$sendStartLeaderElection$2(227)) - 8500c972-c6d1-4433-9d49-a8e3bb920002@group-77DC33C8A8CA: Failed to startLeaderElection for ff2509eb-55dd-4ad3-b532-83d6209e1a92
java.util.concurrent.CompletionException: org.apache.ratis.thirdparty.io.grpc.StatusRuntimeException: UNAVAILABLE: io exception
	at java.base/java.util.concurrent.CompletableFuture.encodeThrowable(CompletableFuture.java:315)
	at java.base/java.util.concurrent.CompletableFuture.completeThrowable(CompletableFuture.java:320)
	at java.base/java.util.concurrent.CompletableFuture$AsyncSupply.run(CompletableFuture.java:1770)
	at java.base/java.util.concurrent.ThreadPoolExecutor.runWorker(ThreadPoolExecutor.java:1144)
	at java.base/java.util.concurrent.ThreadPoolExecutor$Worker.run(ThreadPoolExecutor.java:642)
	at java.base/java.lang.Thread.run(Thread.java:1583)
Caused by: org.apache.ratis.thirdparty.io.grpc.StatusRuntimeException: UNAVAILABLE: io exception
	at org.apache.ratis.thirdparty.io.grpc.stub.ClientCalls.toStatusRuntimeException(ClientCalls.java:351)
	at org.apache.ratis.thirdparty.io.grpc.stub.ClientCalls.getUnchecked(ClientCalls.java:332)
	at org.apache.ratis.thirdparty.io.grpc.stub.ClientCalls.blockingUnaryCall(ClientCalls.java:174)
	at org.apache.ratis.proto.grpc.RaftServerProtocolServiceGrpc$RaftServerProtocolServiceBlockingStub.startLeaderElection(RaftServerProtocolServiceGrpc.java:422)
	at org.apache.ratis.grpc.server.GrpcServerProtocolClient.startLeaderElection(GrpcServerProtocolClient.java:123)
	at org.apache.ratis.grpc.server.GrpcServicesImpl.startLeaderElection(GrpcServicesImpl.java:423)
	at org.apache.ratis.server.impl.TransferLeadership.lambda$sendStartLeaderElection$1(TransferLeadership.java:218)
	at java.base/java.util.concurrent.CompletableFuture$AsyncSupply.run(CompletableFuture.java:1768)
	... 3 more
Caused by: org.apache.ratis.thirdparty.io.netty.channel.AbstractChannel$AnnotatedConnectException: finishConnect(..) failed: Connection refused: /127.0.0.1:15015
Caused by: java.net.ConnectException: finishConnect(..) failed: Connection refused
	at org.apache.ratis.thirdparty.io.netty.channel.unix.Errors.newConnectException0(Errors.java:166)
	at org.apache.ratis.thirdparty.io.netty.channel.unix.Errors.handleConnectErrno(Errors.java:131)
	at org.apache.ratis.thirdparty.io.netty.channel.unix.Socket.finishConnect(Socket.java:359)
	at org.apache.ratis.thirdparty.io.netty.channel.epoll.AbstractEpollChannel$AbstractEpollUnsafe.doFinishConnect(AbstractEpollChannel.java:715)
	at org.apache.ratis.thirdparty.io.netty.channel.epoll.AbstractEpollChannel$AbstractEpollUnsafe.finishConnect(AbstractEpollChannel.java:692)
	at org.apache.ratis.thirdparty.io.netty.channel.epoll.AbstractEpollChannel$AbstractEpollUnsafe.epollOutReady(AbstractEpollChannel.java:567)
	at org.apache.ratis.thirdparty.io.netty.channel.epoll.EpollEventLoop.processReady(EpollEventLoop.java:491)
	at org.apache.ratis.thirdparty.io.netty.channel.epoll.EpollEventLoop.run(EpollEventLoop.java:399)
	at org.apache.ratis.thirdparty.io.netty.util.concurrent.SingleThreadEventExecutor$4.run(SingleThreadEventExecutor.java:998)
	at org.apache.ratis.thirdparty.io.netty.util.internal.ThreadExecutorMap$2.run(ThreadExecutorMap.java:74)
	at org.apache.ratis.thirdparty.io.netty.util.concurrent.FastThreadLocalRunnable.run(FastThreadLocalRunnable.java:30)
	at java.base/java.lang.Thread.run(Thread.java:1583)
2025-09-07 09:46:59,959 [8500c972-c6d1-4433-9d49-a8e3bb920002@group-77DC33C8A8CA-LeaderStateImpl] INFO  impl.TransferLeadership (TransferLeadership.java:tryTransferLeadership(258)) - 8500c972-c6d1-4433-9d49-a8e3bb920002@group-77DC33C8A8CA: start transferring leadership to ff2509eb-55dd-4ad3-b532-83d6209e1a92
2025-09-07 09:46:59,960 [8500c972-c6d1-4433-9d49-a8e3bb920002@group-77DC33C8A8CA-LeaderStateImpl] INFO  impl.TransferLeadership (TransferLeadership.java:sendStartLeaderElection(210)) - 8500c972-c6d1-4433-9d49-a8e3bb920002@group-77DC33C8A8CA: sendStartLeaderElection to follower ff2509eb-55dd-4ad3-b532-83d6209e1a92, lastEntry=(t:5, i:12)
2025-09-07 09:46:59,960 [8500c972-c6d1-4433-9d49-a8e3bb920002@group-77DC33C8A8CA-LeaderStateImpl] INFO  impl.TransferLeadership (TransferLeadership.java:tryTransferLeadership(266)) - 8500c972-c6d1-4433-9d49-a8e3bb920002@group-77DC33C8A8CA: SUCCESS sent StartLeaderElection to transferee ff2509eb-55dd-4ad3-b532-83d6209e1a92 immediately as it already has up-to-date log
2025-09-07 09:46:59,960 [8500c972-c6d1-4433-9d49-a8e3bb920002-server-thread1] WARN  impl.TransferLeadership (TransferLeadership.java:lambda$sendStartLeaderElection$2(227)) - 8500c972-c6d1-4433-9d49-a8e3bb920002@group-77DC33C8A8CA: Failed to startLeaderElection for ff2509eb-55dd-4ad3-b532-83d6209e1a92
java.util.concurrent.CompletionException: org.apache.ratis.thirdparty.io.grpc.StatusRuntimeException: UNAVAILABLE: io exception
	at java.base/java.util.concurrent.CompletableFuture.encodeThrowable(CompletableFuture.java:315)
	at java.base/java.util.concurrent.CompletableFuture.completeThrowable(CompletableFuture.java:320)
	at java.base/java.util.concurrent.CompletableFuture$AsyncSupply.run(CompletableFuture.java:1770)
	at java.base/java.util.concurrent.ThreadPoolExecutor.runWorker(ThreadPoolExecutor.java:1144)
	at java.base/java.util.concurrent.ThreadPoolExecutor$Worker.run(ThreadPoolExecutor.java:642)
	at java.base/java.lang.Thread.run(Thread.java:1583)
Caused by: org.apache.ratis.thirdparty.io.grpc.StatusRuntimeException: UNAVAILABLE: io exception
	at org.apache.ratis.thirdparty.io.grpc.stub.ClientCalls.toStatusRuntimeException(ClientCalls.java:351)
	at org.apache.ratis.thirdparty.io.grpc.stub.ClientCalls.getUnchecked(ClientCalls.java:332)
	at org.apache.ratis.thirdparty.io.grpc.stub.ClientCalls.blockingUnaryCall(ClientCalls.java:174)
	at org.apache.ratis.proto.grpc.RaftServerProtocolServiceGrpc$RaftServerProtocolServiceBlockingStub.startLeaderElection(RaftServerProtocolServiceGrpc.java:422)
	at org.apache.ratis.grpc.server.GrpcServerProtocolClient.startLeaderElection(GrpcServerProtocolClient.java:123)
	at org.apache.ratis.grpc.server.GrpcServicesImpl.startLeaderElection(GrpcServicesImpl.java:423)
	at org.apache.ratis.server.impl.TransferLeadership.lambda$sendStartLeaderElection$1(TransferLeadership.java:218)
	at java.base/java.util.concurrent.CompletableFuture$AsyncSupply.run(CompletableFuture.java:1768)
	... 3 more
Caused by: org.apache.ratis.thirdparty.io.netty.channel.AbstractChannel$AnnotatedConnectException: finishConnect(..) failed: Connection refused: /127.0.0.1:15015
Caused by: java.net.ConnectException: finishConnect(..) failed: Connection refused
	at org.apache.ratis.thirdparty.io.netty.channel.unix.Errors.newConnectException0(Errors.java:166)
	at org.apache.ratis.thirdparty.io.netty.channel.unix.Errors.handleConnectErrno(Errors.java:131)
	at org.apache.ratis.thirdparty.io.netty.channel.unix.Socket.finishConnect(Socket.java:359)
	at org.apache.ratis.thirdparty.io.netty.channel.epoll.AbstractEpollChannel$AbstractEpollUnsafe.doFinishConnect(AbstractEpollChannel.java:715)
	at org.apache.ratis.thirdparty.io.netty.channel.epoll.AbstractEpollChannel$AbstractEpollUnsafe.finishConnect(AbstractEpollChannel.java:692)
	at org.apache.ratis.thirdparty.io.netty.channel.epoll.AbstractEpollChannel$AbstractEpollUnsafe.epollOutReady(AbstractEpollChannel.java:567)
	at org.apache.ratis.thirdparty.io.netty.channel.epoll.EpollEventLoop.processReady(EpollEventLoop.java:491)
	at org.apache.ratis.thirdparty.io.netty.channel.epoll.EpollEventLoop.run(EpollEventLoop.java:399)
	at org.apache.ratis.thirdparty.io.netty.util.concurrent.SingleThreadEventExecutor$4.run(SingleThreadEventExecutor.java:998)
	at org.apache.ratis.thirdparty.io.netty.util.internal.ThreadExecutorMap$2.run(ThreadExecutorMap.java:74)
	at org.apache.ratis.thirdparty.io.netty.util.concurrent.FastThreadLocalRunnable.run(FastThreadLocalRunnable.java:30)
	at java.base/java.lang.Thread.run(Thread.java:1583)
2025-09-07 09:47:00,020 [ForkJoinPool.commonPool-worker-3] WARN  scm.XceiverClientRatis (XceiverClientRatis.java:lambda$watchForCommit$6(313)) - ALL_COMMITTED way commit failed on pipeline Pipeline{ Id: 3adef986-442f-409a-a79f-dde89b3f2afe, Nodes: [ {ff2509eb-55dd-4ad3-b532-83d6209e1a92(localhost/127.0.0.1), ReplicaIndex: 0}, {8500c972-c6d1-4433-9d49-a8e3bb920002(localhost/127.0.0.1), ReplicaIndex: 0}, {95d41743-cdf0-4105-938b-93fe980aeffc(localhost/127.0.0.1), ReplicaIndex: 0},], ReplicationConfig: RATIS/THREE, State:OPEN, leaderId:95d41743-cdf0-4105-938b-93fe980aeffc, CreationTimestamp2025-09-07T09:44:02.256Z[Etc/UTC]}
java.util.concurrent.CompletionException: org.apache.ratis.protocol.exceptions.TimeoutIOException: client-D253A654ED88->95d41743-cdf0-4105-938b-93fe980aeffc request #87 timeout 3000ms
	at java.base/java.util.concurrent.CompletableFuture.encodeThrowable(CompletableFuture.java:332)
	at java.base/java.util.concurrent.CompletableFuture.completeThrowable(CompletableFuture.java:347)
	at java.base/java.util.concurrent.CompletableFuture$UniApply.tryFire(CompletableFuture.java:636)
	at java.base/java.util.concurrent.CompletableFuture.postComplete(CompletableFuture.java:510)
	at java.base/java.util.concurrent.CompletableFuture.completeExceptionally(CompletableFuture.java:2194)
	at org.apache.ratis.client.impl.UnorderedAsync.lambda$sendRequestWithRetry$4(UnorderedAsync.java:102)
	at java.base/java.util.concurrent.CompletableFuture.uniWhenComplete(CompletableFuture.java:863)
	at java.base/java.util.concurrent.CompletableFuture$UniWhenComplete.tryFire(CompletableFuture.java:841)
	at java.base/java.util.concurrent.CompletableFuture$Completion.exec(CompletableFuture.java:483)
	at java.base/java.util.concurrent.ForkJoinTask.doExec(ForkJoinTask.java:387)
	at java.base/java.util.concurrent.ForkJoinPool$WorkQueue.topLevelExec(ForkJoinPool.java:1312)
	at java.base/java.util.concurrent.ForkJoinPool.scan(ForkJoinPool.java:1843)
	at java.base/java.util.concurrent.ForkJoinPool.runWorker(ForkJoinPool.java:1808)
	at java.base/java.util.concurrent.ForkJoinWorkerThread.run(ForkJoinWorkerThread.java:188)
Caused by: org.apache.ratis.protocol.exceptions.TimeoutIOException: client-D253A654ED88->95d41743-cdf0-4105-938b-93fe980aeffc request #87 timeout 3000ms
	at org.apache.ratis.grpc.client.GrpcClientProtocolClient$AsyncStreamObservers.lambda$timeoutCheck$5(GrpcClientProtocolClient.java:377)
	at java.base/java.util.Optional.ifPresent(Optional.java:178)
	at org.apache.ratis.grpc.client.GrpcClientProtocolClient$AsyncStreamObservers.handleReplyFuture(GrpcClientProtocolClient.java:381)
	at org.apache.ratis.grpc.client.GrpcClientProtocolClient$AsyncStreamObservers.timeoutCheck(GrpcClientProtocolClient.java:376)
	at org.apache.ratis.grpc.client.GrpcClientProtocolClient$AsyncStreamObservers.lambda$onNext$1(GrpcClientProtocolClient.java:365)
	at org.apache.ratis.util.TimeoutTimer.lambda$onTimeout$2(TimeoutTimer.java:101)
	at org.apache.ratis.util.LogUtils.runAndLog(LogUtils.java:38)
	at org.apache.ratis.util.LogUtils$1.run(LogUtils.java:78)
	at org.apache.ratis.util.TimeoutTimer$Task.run(TimeoutTimer.java:55)
	at java.base/java.util.TimerThread.mainLoop(Timer.java:566)
	at java.base/java.util.TimerThread.run(Timer.java:516)
2025-09-07 09:47:00,023 [ForkJoinPool.commonPool-worker-3] INFO  scm.XceiverClientRatis (XceiverClientRatis.java:lambda$handleFailedAllCommit$8(348)) - Could not commit index 32 on pipeline Pipeline{ Id: 3adef986-442f-409a-a79f-dde89b3f2afe, Nodes: [ {ff2509eb-55dd-4ad3-b532-83d6209e1a92(localhost/127.0.0.1), ReplicaIndex: 0}, {8500c972-c6d1-4433-9d49-a8e3bb920002(localhost/127.0.0.1), ReplicaIndex: 0}, {95d41743-cdf0-4105-938b-93fe980aeffc(localhost/127.0.0.1), ReplicaIndex: 0},], ReplicationConfig: RATIS/THREE, State:OPEN, leaderId:95d41743-cdf0-4105-938b-93fe980aeffc, CreationTimestamp2025-09-07T09:44:02.256Z[Etc/UTC]} to all the nodes. Server ff2509eb-55dd-4ad3-b532-83d6209e1a92 has failed. Committed by majority.
2025-09-07 09:47:00,023 [ForkJoinPool.commonPool-worker-3] WARN  storage.BlockOutputStream (BlockOutputStream.java:checkReply(557)) - Failed to commit BlockId conID: 6 locID: 115816896921600012 bcsId: 32 replicaIndex: null on Pipeline{ Id: 3adef986-442f-409a-a79f-dde89b3f2afe, Nodes: [ {ff2509eb-55dd-4ad3-b532-83d6209e1a92(localhost/127.0.0.1), ReplicaIndex: 0}, {8500c972-c6d1-4433-9d49-a8e3bb920002(localhost/127.0.0.1), ReplicaIndex: 0}, {95d41743-cdf0-4105-938b-93fe980aeffc(localhost/127.0.0.1), ReplicaIndex: 0},], ReplicationConfig: RATIS/THREE, State:OPEN, leaderId:95d41743-cdf0-4105-938b-93fe980aeffc, CreationTimestamp2025-09-07T09:44:02.256Z[Etc/UTC]}. Failed nodes: [ff2509eb-55dd-4ad3-b532-83d6209e1a92(null/null)]
2025-09-07 09:47:00,023 [om1-KeyDeletingService#1] INFO  service.KeyDeletingService (KeyDeletingService.java:processKeyDeletes(148)) - Send 1 key(s) to SCM, first 1 keys: [BlockGroup[groupID='/datanodefailurehandlingtest/datanodefailurehandlingtest/0f5cd382-9133-42c3-87d5-36d7600e267c/-9223372036854771712', blockIDs=[conID: 8 locID: 115816896921600008 bcsId: 0 replicaIndex: null]]]
2025-09-07 09:47:00,027 [om1-KeyDeletingService#1] INFO  service.KeyDeletingService (KeyDeletingService.java:processKeyDeletes(153)) - 1 BlockGroup deletion are acked by SCM in 4 ms
2025-09-07 09:47:00,031 [om1-KeyDeletingService#1] INFO  service.KeyDeletingService (KeyDeletingService.java:processKeyDeletes(161)) - Blocks for 1 (out of 1) keys are deleted from DB in 4 ms. Limit per task is 50000.
2025-09-07 09:47:00,034 [grpc-default-executor-9] WARN  server.GrpcLogAppender (GrpcLogAppender.java:lambda$resetClient$1(228)) - 95d41743-cdf0-4105-938b-93fe980aeffc@group-DDE89B3F2AFE->ff2509eb-55dd-4ad3-b532-83d6209e1a92-GrpcLogAppender: Follower failed (request=null, errorCount=43); keep nextIndex (38) unchanged and retry.
2025-09-07 09:47:00,035 [grpc-default-executor-6] WARN  server.GrpcLogAppender (GrpcLogAppender.java:lambda$resetClient$1(228)) - 95d41743-cdf0-4105-938b-93fe980aeffc@group-DDE89B3F2AFE->ff2509eb-55dd-4ad3-b532-83d6209e1a92-GrpcLogAppender: Follower failed (request=null, errorCount=45); keep nextIndex (39) unchanged and retry.
2025-09-07 09:47:00,037 [ForkJoinPool-1-worker-1] INFO  io.BlockOutputStreamEntry (BlockOutputStreamEntry.java:writeOnRetry(192)) - BlockOutputStreamEntry:b954978a-55f4-4bb5-ac68-0ec860adfa8f conID: 6 locID: 115816896921600012 bcsId: 0 replicaIndex: null: Finish retrying with len 2097152, currentPosition 2097152
2025-09-07 09:47:00,038 [ForkJoinPool-1-worker-1] INFO  io.BlockOutputStreamEntry (BlockOutputStreamEntry.java:finishRetryHandling(141)) - BlockOutputStreamEntry:b954978a-55f4-4bb5-ac68-0ec860adfa8f conID: 6 locID: 115816896921600012 bcsId: 0 replicaIndex: null: Exiting retry handling mode
]]></system-out>
  </testcase>
  <testcase name="" classname="org.apache.hadoop.ozone.client.rpc.TestFailureHandlingByClient" time="190.102">
    <failure message="Found 2 leaked objects, check logs" type="java.lang.AssertionError"><![CDATA[java.lang.AssertionError: Found 2 leaked objects, check logs
	at org.apache.hadoop.hdds.utils.db.CodecBuffer.assertNoLeaks(CodecBuffer.java:238)
	at org.apache.hadoop.hdds.utils.db.CodecTestUtil.gc(CodecTestUtil.java:54)
	at org.apache.hadoop.ozone.MiniOzoneClusterImpl.shutdown(MiniOzoneClusterImpl.java:374)
	at org.apache.hadoop.ozone.client.rpc.TestFailureHandlingByClient.shutdown(TestFailureHandlingByClient.java:179)
	at java.base/java.lang.reflect.Method.invoke(Method.java:580)
	at java.base/java.util.ArrayList.forEach(ArrayList.java:1596)
	at java.base/java.util.Collections$UnmodifiableCollection.forEach(Collections.java:1117)
	at java.base/java.util.concurrent.ForkJoinTask.doExec(ForkJoinTask.java:387)
	at java.base/java.util.concurrent.ForkJoinPool$WorkQueue.topLevelExec(ForkJoinPool.java:1312)
	at java.base/java.util.concurrent.ForkJoinPool.scan(ForkJoinPool.java:1843)
	at java.base/java.util.concurrent.ForkJoinPool.runWorker(ForkJoinPool.java:1808)
	at java.base/java.util.concurrent.ForkJoinWorkerThread.run(ForkJoinWorkerThread.java:188)
]]></failure>
    <system-out><![CDATA[2025-09-07 09:47:00,053 [ForkJoinPool-1-worker-1] INFO  ozone.MiniOzoneClusterImpl (MiniOzoneClusterImpl.java:shutdown(373)) - Shutting down the Mini Ozone Cluster
2025-09-07 09:47:00,054 [ForkJoinPool-1-worker-1] INFO  db.CodecTestUtil (CodecTestUtil.java:gc(50)) - gc 0
2025-09-07 09:47:00,168 [LeakDetector-OzoneClientObject1] WARN  client.OzoneClientFactory (HddsUtils.java:reportLeak(879)) - OzoneClient is not closed properly
StackTrace for unclosed instance: org.apache.hadoop.ozone.client.OzoneClientFactory.getRpcClient(OzoneClientFactory.java:176)
org.apache.hadoop.ozone.client.OzoneClientFactory.getRpcClient(OzoneClientFactory.java:161)
org.apache.hadoop.ozone.client.rpc.TestFailureHandlingByClient.testDatanodeExclusionWithMajorityCommit(TestFailureHandlingByClient.java:430)
java.base/jdk.internal.reflect.DirectMethodHandleAccessor.invoke(DirectMethodHandleAccessor.java:103)
java.base/java.lang.reflect.Method.invoke(Method.java:580)
org.junit.platform.commons.util.ReflectionUtils.invokeMethod(ReflectionUtils.java:787)
org.junit.platform.commons.support.ReflectionSupport.invokeMethod(ReflectionSupport.java:478)
org.junit.jupiter.engine.execution.MethodInvocation.proceed(MethodInvocation.java:60)
org.junit.jupiter.engine.execution.InvocationInterceptorChain$ValidatingInvocation.proceed(InvocationInterceptorChain.java:131)
org.junit.jupiter.engine.extension.SameThreadTimeoutInvocation.proceed(SameThreadTimeoutInvocation.java:49)
org.junit.jupiter.engine.extension.TimeoutExtension.intercept(TimeoutExtension.java:161)
org.junit.jupiter.engine.extension.TimeoutExtension.interceptTestableMethod(TimeoutExtension.java:152)
org.junit.jupiter.engine.extension.TimeoutExtension.interceptTestTemplateMethod(TimeoutExtension.java:99)
org.junit.jupiter.engine.execution.InterceptingExecutableInvoker$ReflectiveInterceptorCall.lambda$ofVoidMethod$0(InterceptingExecutableInvoker.java:112)
org.junit.jupiter.engine.execution.InterceptingExecutableInvoker.lambda$invoke$0(InterceptingExecutableInvoker.java:94)
org.junit.jupiter.engine.execution.InvocationInterceptorChain$InterceptedInvocation.proceed(InvocationInterceptorChain.java:106)
org.junit.jupiter.engine.execution.InvocationInterceptorChain.proceed(InvocationInterceptorChain.java:64)
org.junit.jupiter.engine.execution.InvocationInterceptorChain.chainAndInvoke(InvocationInterceptorChain.java:45)
org.junit.jupiter.engine.execution.InvocationInterceptorChain.invoke(InvocationInterceptorChain.java:37)
org.junit.jupiter.engine.execution.InterceptingExecutableInvoker.invoke(InterceptingExecutableInvoker.java:93)
org.junit.jupiter.engine.execution.InterceptingExecutableInvoker.invoke(InterceptingExecutableInvoker.java:87)
org.junit.jupiter.engine.descriptor.TestMethodTestDescriptor.lambda$invokeTestMethod$4(TestMethodTestDescriptor.java:221)
org.junit.platform.engine.support.hierarchical.ThrowableCollector.execute(ThrowableCollector.java:73)
org.junit.jupiter.engine.descriptor.TestMethodTestDescriptor.invokeTestMethod(TestMethodTestDescriptor.java:217)
org.junit.jupiter.engine.descriptor.TestMethodTestDescriptor.execute(TestMethodTestDescriptor.java:159)
org.junit.jupiter.engine.descriptor.TestMethodTestDescriptor.execute(TestMethodTestDescriptor.java:70)
org.junit.platform.engine.support.hierarchical.NodeTestTask.lambda$executeRecursively$6(NodeTestTask.java:157)
org.junit.platform.engine.support.hierarchical.ThrowableCollector.execute(ThrowableCollector.java:73)
org.junit.platform.engine.support.hierarchical.NodeTestTask.lambda$executeRecursively$8(NodeTestTask.java:147)
org.junit.platform.engine.support.hierarchical.Node.around(Node.java:137)
org.junit.platform.engine.support.hierarchical.NodeTestTask.lambda$executeRecursively$9(NodeTestTask.java:145)
org.junit.platform.engine.support.hierarchical.ThrowableCollector.execute(ThrowableCollector.java:73)
org.junit.platform.engine.support.hierarchical.NodeTestTask.executeRecursively(NodeTestTask.java:144)
org.junit.platform.engine.support.hierarchical.NodeTestTask.execute(NodeTestTask.java:101)
org.junit.platform.engine.support.hierarchical.ForkJoinPoolHierarchicalTestExecutorService$ExclusiveTask.exec(ForkJoinPoolHierarchicalTestExecutorService.java:274)
org.junit.platform.engine.support.hierarchical.ForkJoinPoolHierarchicalTestExecutorService$ExclusiveTask.execSync(ForkJoinPoolHierarchicalTestExecutorService.java:247)
org.junit.platform.engine.support.hierarchical.ForkJoinPoolHierarchicalTestExecutorService.submit(ForkJoinPoolHierarchicalTestExecutorService.java:148)
org.junit.platform.engine.support.hierarchical.NodeTestTask$DefaultDynamicTestExecutor.execute(NodeTestTask.java:232)
org.junit.platform.engine.support.hierarchical.NodeTestTask$DefaultDynamicTestExecutor.execute(NodeTestTask.java:210)
org.junit.jupiter.engine.descriptor.TemplateExecutor.execute(TemplateExecutor.java:98)
org.junit.jupiter.engine.descriptor.TemplateExecutor.lambda$executeForProvider$0(TemplateExecutor.java:61)
java.base/java.util.Optional.ifPresent(Optional.java:178)
org.junit.jupiter.engine.descriptor.TemplateExecutor.lambda$executeForProvider$1(TemplateExecutor.java:61)
java.base/java.util.stream.ForEachOps$ForEachOp$OfRef.accept(ForEachOps.java:184)
java.base/java.util.stream.ReferencePipeline$3$1.accept(ReferencePipeline.java:197)
java.base/java.util.stream.ForEachOps$ForEachOp$OfRef.accept(ForEachOps.java:184)
java.base/java.util.stream.ForEachOps$ForEachOp$OfRef.accept(ForEachOps.java:184)
java.base/java.util.stream.ReferencePipeline$3$1.accept(ReferencePipeline.java:197)
java.base/java.util.Iterator.forEachRemaining(Iterator.java:133)
java.base/java.util.Spliterators$IteratorSpliterator.forEachRemaining(Spliterators.java:1939)
java.base/java.util.stream.AbstractPipeline.copyInto(AbstractPipeline.java:509)
java.base/java.util.stream.AbstractPipeline.wrapAndCopyInto(AbstractPipeline.java:499)
java.base/java.util.stream.ForEachOps$ForEachOp.evaluateSequential(ForEachOps.java:151)
java.base/java.util.stream.ForEachOps$ForEachOp$OfRef.evaluateSequential(ForEachOps.java:174)
java.base/java.util.stream.AbstractPipeline.evaluate(AbstractPipeline.java:234)
java.base/java.util.stream.ReferencePipeline.forEach(ReferencePipeline.java:596)
java.base/java.util.stream.ReferencePipeline$7$1.accept(ReferencePipeline.java:276)
java.base/java.util.ArrayList$ArrayListSpliterator.forEachRemaining(ArrayList.java:1708)
java.base/java.util.stream.AbstractPipeline.copyInto(AbstractPipeline.java:509)
java.base/java.util.stream.AbstractPipeline.wrapAndCopyInto(AbstractPipeline.java:499)
java.base/java.util.stream.ForEachOps$ForEachOp.evaluateSequential(ForEachOps.java:151)
java.base/java.util.stream.ForEachOps$ForEachOp$OfRef.evaluateSequential(ForEachOps.java:174)
java.base/java.util.stream.AbstractPipeline.evaluate(AbstractPipeline.java:234)
java.base/java.util.stream.ReferencePipeline.forEach(ReferencePipeline.java:596)
java.base/java.util.stream.ReferencePipeline$7$1.accept(ReferencePipeline.java:276)
java.base/java.util.stream.ReferencePipeline$3$1.accept(ReferencePipeline.java:197)
java.base/java.util.stream.ReferencePipeline$3$1.accept(ReferencePipeline.java:197)
java.base/java.util.stream.ReferencePipeline$3$1.accept(ReferencePipeline.java:197)
java.base/java.util.ArrayList$ArrayListSpliterator.forEachRemaining(ArrayList.java:1708)
java.base/java.util.stream.AbstractPipeline.copyInto(AbstractPipeline.java:509)
java.base/java.util.stream.AbstractPipeline.wrapAndCopyInto(AbstractPipeline.java:499)
java.base/java.util.stream.ForEachOps$ForEachOp.evaluateSequential(ForEachOps.java:151)
java.base/java.util.stream.ForEachOps$ForEachOp$OfRef.evaluateSequential(ForEachOps.java:174)
java.base/java.util.stream.AbstractPipeline.evaluate(AbstractPipeline.java:234)
java.base/java.util.stream.ReferencePipeline.forEach(ReferencePipeline.java:596)
org.junit.jupiter.engine.descriptor.TemplateExecutor.executeForProvider(TemplateExecutor.java:59)
org.junit.jupiter.engine.descriptor.TemplateExecutor.execute(TemplateExecutor.java:48)
org.junit.jupiter.engine.descriptor.TestTemplateTestDescriptor.execute(TestTemplateTestDescriptor.java:112)
org.junit.jupiter.engine.descriptor.TestTemplateTestDescriptor.execute(TestTemplateTestDescriptor.java:40)
org.junit.platform.engine.support.hierarchical.NodeTestTask.lambda$executeRecursively$6(NodeTestTask.java:157)
org.junit.platform.engine.support.hierarchical.ThrowableCollector.execute(ThrowableCollector.java:73)
org.junit.platform.engine.support.hierarchical.NodeTestTask.lambda$executeRecursively$8(NodeTestTask.java:147)
org.junit.platform.engine.support.hierarchical.Node.around(Node.java:137)
org.junit.platform.engine.support.hierarchical.NodeTestTask.lambda$executeRecursively$9(NodeTestTask.java:145)
org.junit.platform.engine.support.hierarchical.ThrowableCollector.execute(ThrowableCollector.java:73)
org.junit.platform.engine.support.hierarchical.NodeTestTask.executeRecursively(NodeTestTask.java:144)
org.junit.platform.engine.support.hierarchical.NodeTestTask.execute(NodeTestTask.java:101)
org.junit.platform.engine.support.hierarchical.ForkJoinPoolHierarchicalTestExecutorService$ExclusiveTask.exec(ForkJoinPoolHierarchicalTestExecutorService.java:274)
org.junit.platform.engine.support.hierarchical.ForkJoinPoolHierarchicalTestExecutorService$ExclusiveTask.execSync(ForkJoinPoolHierarchicalTestExecutorService.java:247)
org.junit.platform.engine.support.hierarchical.ForkJoinPoolHierarchicalTestExecutorService.executeSync(ForkJoinPoolHierarchicalTestExecutorService.java:194)
org.junit.platform.engine.support.hierarchical.ForkJoinPoolHierarchicalTestExecutorService.invokeAll(ForkJoinPoolHierarchicalTestExecutorService.java:166)
org.junit.platform.engine.support.hierarchical.NodeTestTask.lambda$executeRecursively$6(NodeTestTask.java:161)
org.junit.platform.engine.support.hierarchical.ThrowableCollector.execute(ThrowableCollector.java:73)
org.junit.platform.engine.support.hierarchical.NodeTestTask.lambda$executeRecursively$8(NodeTestTask.java:147)
org.junit.platform.engine.support.hierarchical.Node.around(Node.java:137)
org.junit.platform.engine.support.hierarchical.NodeTestTask.lambda$executeRecursively$9(NodeTestTask.java:145)
org.junit.platform.engine.support.hierarchical.ThrowableCollector.execute(ThrowableCollector.java:73)
org.junit.platform.engine.support.hierarchical.NodeTestTask.executeRecursively(NodeTestTask.java:144)
org.junit.platform.engine.support.hierarchical.NodeTestTask.execute(NodeTestTask.java:101)
org.junit.platform.engine.support.hierarchical.ForkJoinPoolHierarchicalTestExecutorService$ExclusiveTask.exec(ForkJoinPoolHierarchicalTestExecutorService.java:274)
org.junit.platform.engine.support.hierarchical.ForkJoinPoolHierarchicalTestExecutorService$ExclusiveTask.execSync(ForkJoinPoolHierarchicalTestExecutorService.java:247)
org.junit.platform.engine.support.hierarchical.ForkJoinPoolHierarchicalTestExecutorService.invokeAll(ForkJoinPoolHierarchicalTestExecutorService.java:159)
org.junit.platform.engine.support.hierarchical.NodeTestTask.lambda$executeRecursively$6(NodeTestTask.java:161)
org.junit.platform.engine.support.hierarchical.ThrowableCollector.execute(ThrowableCollector.java:73)
org.junit.platform.engine.support.hierarchical.NodeTestTask.lambda$executeRecursively$8(NodeTestTask.java:147)
org.junit.platform.engine.support.hierarchical.Node.around(Node.java:137)
org.junit.platform.engine.support.hierarchical.NodeTestTask.lambda$executeRecursively$9(NodeTestTask.java:145)
org.junit.platform.engine.support.hierarchical.ThrowableCollector.execute(ThrowableCollector.java:73)
org.junit.platform.engine.support.hierarchical.NodeTestTask.executeRecursively(NodeTestTask.java:144)
org.junit.platform.engine.support.hierarchical.NodeTestTask.execute(NodeTestTask.java:101)
org.junit.platform.engine.support.hierarchical.ForkJoinPoolHierarchicalTestExecutorService$ExclusiveTask.exec(ForkJoinPoolHierarchicalTestExecutorService.java:274)
java.base/java.util.concurrent.ForkJoinTask.doExec(ForkJoinTask.java:387)
java.base/java.util.concurrent.ForkJoinPool$WorkQueue.topLevelExec(ForkJoinPool.java:1312)
java.base/java.util.concurrent.ForkJoinPool.scan(ForkJoinPool.java:1843)
java.base/java.util.concurrent.ForkJoinPool.runWorker(ForkJoinPool.java:1808)
java.base/java.util.concurrent.ForkJoinWorkerThread.run(ForkJoinWorkerThread.java:188)

2025-09-07 09:47:00,168 [Finalizer] WARN  db.CodecBuffer (CodecBuffer.java:detectLeaks(281)) - LEAK 1: [0<=0<=1048576: ], refCnt=1, capacity=1048576 allocation:
org.apache.hadoop.hdds.utils.db.CodecBuffer.<init>(CodecBuffer.java:53)
org.apache.hadoop.hdds.utils.db.CodecBuffer$LeakDetector$1.<init>(CodecBuffer.java:100)
org.apache.hadoop.hdds.utils.db.CodecBuffer$LeakDetector.newCodecBuffer(CodecBuffer.java:100)
org.apache.hadoop.hdds.utils.db.CodecBuffer$Factory.newCodecBuffer(CodecBuffer.java:93)
org.apache.hadoop.hdds.utils.db.CodecBuffer$Factory.newCodecBuffer(CodecBuffer.java:89)
org.apache.hadoop.hdds.utils.db.CodecBuffer.allocate(CodecBuffer.java:204)
org.apache.hadoop.hdds.utils.db.CodecBuffer.allocateDirect(CodecBuffer.java:212)
org.apache.hadoop.ozone.common.ChunkBuffer.allocate(ChunkBuffer.java:48)
org.apache.hadoop.hdds.scm.storage.BufferPool.allocateBuffer(BufferPool.java:98)
org.apache.hadoop.hdds.scm.storage.BlockOutputStream.allocateNewBufferIfNeeded(BlockOutputStream.java:427)
org.apache.hadoop.hdds.scm.storage.BlockOutputStream.write(BlockOutputStream.java:384)
org.apache.hadoop.ozone.client.io.BlockOutputStreamEntry.write(BlockOutputStreamEntry.java:183)
org.apache.hadoop.ozone.client.io.KeyOutputStream.writeToOutputStream(KeyOutputStream.java:298)
org.apache.hadoop.ozone.client.io.KeyOutputStream.handleWrite(KeyOutputStream.java:274)
org.apache.hadoop.ozone.client.io.KeyOutputStream.lambda$write$1(KeyOutputStream.java:240)
org.apache.hadoop.ozone.client.io.KeyOutputStream.doInWriteLock(KeyOutputStream.java:251)
org.apache.hadoop.ozone.client.io.KeyOutputStream.write(KeyOutputStream.java:239)
org.apache.hadoop.ozone.client.io.OzoneOutputStream.write(OzoneOutputStream.java:93)
java.base/java.io.OutputStream.write(OutputStream.java:124)
org.apache.hadoop.ozone.client.rpc.TestFailureHandlingByClient.testDatanodeExclusionWithMajorityCommit(TestFailureHandlingByClient.java:466)
java.base/jdk.internal.reflect.DirectMethodHandleAccessor.invoke(DirectMethodHandleAccessor.java:103)
java.base/java.lang.reflect.Method.invoke(Method.java:580)
org.junit.platform.commons.util.ReflectionUtils.invokeMethod(ReflectionUtils.java:787)
org.junit.platform.commons.support.ReflectionSupport.invokeMethod(ReflectionSupport.java:478)
org.junit.jupiter.engine.execution.MethodInvocation.proceed(MethodInvocation.java:60)
org.junit.jupiter.engine.execution.InvocationInterceptorChain$ValidatingInvocation.proceed(InvocationInterceptorChain.java:131)
org.junit.jupiter.engine.extension.SameThreadTimeoutInvocation.proceed(SameThreadTimeoutInvocation.java:49)
org.junit.jupiter.engine.extension.TimeoutExtension.intercept(TimeoutExtension.java:161)
org.junit.jupiter.engine.extension.TimeoutExtension.interceptTestableMethod(TimeoutExtension.java:152)
org.junit.jupiter.engine.extension.TimeoutExtension.interceptTestTemplateMethod(TimeoutExtension.java:99)
org.junit.jupiter.engine.execution.InterceptingExecutableInvoker$ReflectiveInterceptorCall.lambda$ofVoidMethod$0(InterceptingExecutableInvoker.java:112)
org.junit.jupiter.engine.execution.InterceptingExecutableInvoker.lambda$invoke$0(InterceptingExecutableInvoker.java:94)
org.junit.jupiter.engine.execution.InvocationInterceptorChain$InterceptedInvocation.proceed(InvocationInterceptorChain.java:106)
org.junit.jupiter.engine.execution.InvocationInterceptorChain.proceed(InvocationInterceptorChain.java:64)
org.junit.jupiter.engine.execution.InvocationInterceptorChain.chainAndInvoke(InvocationInterceptorChain.java:45)
org.junit.jupiter.engine.execution.InvocationInterceptorChain.invoke(InvocationInterceptorChain.java:37)
org.junit.jupiter.engine.execution.InterceptingExecutableInvoker.invoke(InterceptingExecutableInvoker.java:93)
org.junit.jupiter.engine.execution.InterceptingExecutableInvoker.invoke(InterceptingExecutableInvoker.java:87)
org.junit.jupiter.engine.descriptor.TestMethodTestDescriptor.lambda$invokeTestMethod$4(TestMethodTestDescriptor.java:221)
org.junit.platform.engine.support.hierarchical.ThrowableCollector.execute(ThrowableCollector.java:73)
org.junit.jupiter.engine.descriptor.TestMethodTestDescriptor.invokeTestMethod(TestMethodTestDescriptor.java:217)
org.junit.jupiter.engine.descriptor.TestMethodTestDescriptor.execute(TestMethodTestDescriptor.java:159)
org.junit.jupiter.engine.descriptor.TestMethodTestDescriptor.execute(TestMethodTestDescriptor.java:70)
org.junit.platform.engine.support.hierarchical.NodeTestTask.lambda$executeRecursively$6(NodeTestTask.java:157)
org.junit.platform.engine.support.hierarchical.ThrowableCollector.execute(ThrowableCollector.java:73)
org.junit.platform.engine.support.hierarchical.NodeTestTask.lambda$executeRecursively$8(NodeTestTask.java:147)
org.junit.platform.engine.support.hierarchical.Node.around(Node.java:137)
org.junit.platform.engine.support.hierarchical.NodeTestTask.lambda$executeRecursively$9(NodeTestTask.java:145)
org.junit.platform.engine.support.hierarchical.ThrowableCollector.execute(ThrowableCollector.java:73)
org.junit.platform.engine.support.hierarchical.NodeTestTask.executeRecursively(NodeTestTask.java:144)
org.junit.platform.engine.support.hierarchical.NodeTestTask.execute(NodeTestTask.java:101)
org.junit.platform.engine.support.hierarchical.ForkJoinPoolHierarchicalTestExecutorService$ExclusiveTask.exec(ForkJoinPoolHierarchicalTestExecutorService.java:274)
org.junit.platform.engine.support.hierarchical.ForkJoinPoolHierarchicalTestExecutorService$ExclusiveTask.execSync(ForkJoinPoolHierarchicalTestExecutorService.java:247)
org.junit.platform.engine.support.hierarchical.ForkJoinPoolHierarchicalTestExecutorService.submit(ForkJoinPoolHierarchicalTestExecutorService.java:148)
org.junit.platform.engine.support.hierarchical.NodeTestTask$DefaultDynamicTestExecutor.execute(NodeTestTask.java:232)
org.junit.platform.engine.support.hierarchical.NodeTestTask$DefaultDynamicTestExecutor.execute(NodeTestTask.java:210)
org.junit.jupiter.engine.descriptor.TemplateExecutor.execute(TemplateExecutor.java:98)
org.junit.jupiter.engine.descriptor.TemplateExecutor.lambda$executeForProvider$0(TemplateExecutor.java:61)
java.base/java.util.Optional.ifPresent(Optional.java:178)
org.junit.jupiter.engine.descriptor.TemplateExecutor.lambda$executeForProvider$1(TemplateExecutor.java:61)
java.base/java.util.stream.ForEachOps$ForEachOp$OfRef.accept(ForEachOps.java:184)
java.base/java.util.stream.ReferencePipeline$3$1.accept(ReferencePipeline.java:197)
java.base/java.util.stream.ForEachOps$ForEachOp$OfRef.accept(ForEachOps.java:184)
java.base/java.util.stream.ForEachOps$ForEachOp$OfRef.accept(ForEachOps.java:184)
java.base/java.util.stream.ReferencePipeline$3$1.accept(ReferencePipeline.java:197)
java.base/java.util.Iterator.forEachRemaining(Iterator.java:133)
java.base/java.util.Spliterators$IteratorSpliterator.forEachRemaining(Spliterators.java:1939)
java.base/java.util.stream.AbstractPipeline.copyInto(AbstractPipeline.java:509)
java.base/java.util.stream.AbstractPipeline.wrapAndCopyInto(AbstractPipeline.java:499)
java.base/java.util.stream.ForEachOps$ForEachOp.evaluateSequential(ForEachOps.java:151)
java.base/java.util.stream.ForEachOps$ForEachOp$OfRef.evaluateSequential(ForEachOps.java:174)
java.base/java.util.stream.AbstractPipeline.evaluate(AbstractPipeline.java:234)
java.base/java.util.stream.ReferencePipeline.forEach(ReferencePipeline.java:596)
java.base/java.util.stream.ReferencePipeline$7$1.accept(ReferencePipeline.java:276)
java.base/java.util.ArrayList$ArrayListSpliterator.forEachRemaining(ArrayList.java:1708)
java.base/java.util.stream.AbstractPipeline.copyInto(AbstractPipeline.java:509)
java.base/java.util.stream.AbstractPipeline.wrapAndCopyInto(AbstractPipeline.java:499)
java.base/java.util.stream.ForEachOps$ForEachOp.evaluateSequential(ForEachOps.java:151)
java.base/java.util.stream.ForEachOps$ForEachOp$OfRef.evaluateSequential(ForEachOps.java:174)
java.base/java.util.stream.AbstractPipeline.evaluate(AbstractPipeline.java:234)
java.base/java.util.stream.ReferencePipeline.forEach(ReferencePipeline.java:596)
java.base/java.util.stream.ReferencePipeline$7$1.accept(ReferencePipeline.java:276)
java.base/java.util.stream.ReferencePipeline$3$1.accept(ReferencePipeline.java:197)
java.base/java.util.stream.ReferencePipeline$3$1.accept(ReferencePipeline.java:197)
java.base/java.util.stream.ReferencePipeline$3$1.accept(ReferencePipeline.java:197)
java.base/java.util.ArrayList$ArrayListSpliterator.forEachRemaining(ArrayList.java:1708)
java.base/java.util.stream.AbstractPipeline.copyInto(AbstractPipeline.java:509)
java.base/java.util.stream.AbstractPipeline.wrapAndCopyInto(AbstractPipeline.java:499)
java.base/java.util.stream.ForEachOps$ForEachOp.evaluateSequential(ForEachOps.java:151)
java.base/java.util.stream.ForEachOps$ForEachOp$OfRef.evaluateSequential(ForEachOps.java:174)
java.base/java.util.stream.AbstractPipeline.evaluate(AbstractPipeline.java:234)
java.base/java.util.stream.ReferencePipeline.forEach(ReferencePipeline.java:596)
org.junit.jupiter.engine.descriptor.TemplateExecutor.executeForProvider(TemplateExecutor.java:59)
org.junit.jupiter.engine.descriptor.TemplateExecutor.execute(TemplateExecutor.java:48)
org.junit.jupiter.engine.descriptor.TestTemplateTestDescriptor.execute(TestTemplateTestDescriptor.java:112)
org.junit.jupiter.engine.descriptor.TestTemplateTestDescriptor.execute(TestTemplateTestDescriptor.java:40)
org.junit.platform.engine.support.hierarchical.NodeTestTask.lambda$executeRecursively$6(NodeTestTask.java:157)
org.junit.platform.engine.support.hierarchical.ThrowableCollector.execute(ThrowableCollector.java:73)
org.junit.platform.engine.support.hierarchical.NodeTestTask.lambda$executeRecursively$8(NodeTestTask.java:147)
org.junit.platform.engine.support.hierarchical.Node.around(Node.java:137)
org.junit.platform.engine.support.hierarchical.NodeTestTask.lambda$executeRecursively$9(NodeTestTask.java:145)
org.junit.platform.engine.support.hierarchical.ThrowableCollector.execute(ThrowableCollector.java:73)
org.junit.platform.engine.support.hierarchical.NodeTestTask.executeRecursively(NodeTestTask.java:144)
org.junit.platform.engine.support.hierarchical.NodeTestTask.execute(NodeTestTask.java:101)
org.junit.platform.engine.support.hierarchical.ForkJoinPoolHierarchicalTestExecutorService$ExclusiveTask.exec(ForkJoinPoolHierarchicalTestExecutorService.java:274)
org.junit.platform.engine.support.hierarchical.ForkJoinPoolHierarchicalTestExecutorService$ExclusiveTask.execSync(ForkJoinPoolHierarchicalTestExecutorService.java:247)
org.junit.platform.engine.support.hierarchical.ForkJoinPoolHierarchicalTestExecutorService.executeSync(ForkJoinPoolHierarchicalTestExecutorService.java:194)
org.junit.platform.engine.support.hierarchical.ForkJoinPoolHierarchicalTestExecutorService.invokeAll(ForkJoinPoolHierarchicalTestExecutorService.java:166)
org.junit.platform.engine.support.hierarchical.NodeTestTask.lambda$executeRecursively$6(NodeTestTask.java:161)
org.junit.platform.engine.support.hierarchical.ThrowableCollector.execute(ThrowableCollector.java:73)
org.junit.platform.engine.support.hierarchical.NodeTestTask.lambda$executeRecursively$8(NodeTestTask.java:147)
org.junit.platform.engine.support.hierarchical.Node.around(Node.java:137)
org.junit.platform.engine.support.hierarchical.NodeTestTask.lambda$executeRecursively$9(NodeTestTask.java:145)
org.junit.platform.engine.support.hierarchical.ThrowableCollector.execute(ThrowableCollector.java:73)
org.junit.platform.engine.support.hierarchical.NodeTestTask.executeRecursively(NodeTestTask.java:144)
org.junit.platform.engine.support.hierarchical.NodeTestTask.execute(NodeTestTask.java:101)
org.junit.platform.engine.support.hierarchical.ForkJoinPoolHierarchicalTestExecutorService$ExclusiveTask.exec(ForkJoinPoolHierarchicalTestExecutorService.java:274)
org.junit.platform.engine.support.hierarchical.ForkJoinPoolHierarchicalTestExecutorService$ExclusiveTask.execSync(ForkJoinPoolHierarchicalTestExecutorService.java:247)
org.junit.platform.engine.support.hierarchical.ForkJoinPoolHierarchicalTestExecutorService.invokeAll(ForkJoinPoolHierarchicalTestExecutorService.java:159)
org.junit.platform.engine.support.hierarchical.NodeTestTask.lambda$executeRecursively$6(NodeTestTask.java:161)
org.junit.platform.engine.support.hierarchical.ThrowableCollector.execute(ThrowableCollector.java:73)
org.junit.platform.engine.support.hierarchical.NodeTestTask.lambda$executeRecursively$8(NodeTestTask.java:147)
org.junit.platform.engine.support.hierarchical.Node.around(Node.java:137)
org.junit.platform.engine.support.hierarchical.NodeTestTask.lambda$executeRecursively$9(NodeTestTask.java:145)
org.junit.platform.engine.support.hierarchical.ThrowableCollector.execute(ThrowableCollector.java:73)
org.junit.platform.engine.support.hierarchical.NodeTestTask.executeRecursively(NodeTestTask.java:144)
org.junit.platform.engine.support.hierarchical.NodeTestTask.execute(NodeTestTask.java:101)
org.junit.platform.engine.support.hierarchical.ForkJoinPoolHierarchicalTestExecutorService$ExclusiveTask.exec(ForkJoinPoolHierarchicalTestExecutorService.java:274)
java.base/java.util.concurrent.ForkJoinTask.doExec(ForkJoinTask.java:387)
java.base/java.util.concurrent.ForkJoinPool$WorkQueue.topLevelExec(ForkJoinPool.java:1312)
java.base/java.util.concurrent.ForkJoinPool.scan(ForkJoinPool.java:1843)
java.base/java.util.concurrent.ForkJoinPool.runWorker(ForkJoinPool.java:1808)
java.base/java.util.concurrent.ForkJoinWorkerThread.run(ForkJoinWorkerThread.java:188)

2025-09-07 09:47:00,169 [Finalizer] WARN  db.CodecBuffer (CodecBuffer.java:detectLeaks(281)) - LEAK 2: [0<=0<=1048576: ], refCnt=1, capacity=1048576 allocation:
org.apache.hadoop.hdds.utils.db.CodecBuffer.<init>(CodecBuffer.java:53)
org.apache.hadoop.hdds.utils.db.CodecBuffer$LeakDetector$1.<init>(CodecBuffer.java:100)
org.apache.hadoop.hdds.utils.db.CodecBuffer$LeakDetector.newCodecBuffer(CodecBuffer.java:100)
org.apache.hadoop.hdds.utils.db.CodecBuffer$Factory.newCodecBuffer(CodecBuffer.java:93)
org.apache.hadoop.hdds.utils.db.CodecBuffer$Factory.newCodecBuffer(CodecBuffer.java:89)
org.apache.hadoop.hdds.utils.db.CodecBuffer.allocate(CodecBuffer.java:204)
org.apache.hadoop.hdds.utils.db.CodecBuffer.allocateDirect(CodecBuffer.java:212)
org.apache.hadoop.ozone.common.ChunkBuffer.allocate(ChunkBuffer.java:48)
org.apache.hadoop.hdds.scm.storage.BufferPool.allocateBuffer(BufferPool.java:98)
org.apache.hadoop.hdds.scm.storage.BlockOutputStream.allocateNewBufferIfNeeded(BlockOutputStream.java:427)
org.apache.hadoop.hdds.scm.storage.BlockOutputStream.write(BlockOutputStream.java:384)
org.apache.hadoop.ozone.client.io.BlockOutputStreamEntry.write(BlockOutputStreamEntry.java:183)
org.apache.hadoop.ozone.client.io.KeyOutputStream.writeToOutputStream(KeyOutputStream.java:298)
org.apache.hadoop.ozone.client.io.KeyOutputStream.handleWrite(KeyOutputStream.java:274)
org.apache.hadoop.ozone.client.io.KeyOutputStream.lambda$write$1(KeyOutputStream.java:240)
org.apache.hadoop.ozone.client.io.KeyOutputStream.doInWriteLock(KeyOutputStream.java:251)
org.apache.hadoop.ozone.client.io.KeyOutputStream.write(KeyOutputStream.java:239)
org.apache.hadoop.ozone.client.io.OzoneOutputStream.write(OzoneOutputStream.java:93)
java.base/java.io.OutputStream.write(OutputStream.java:124)
org.apache.hadoop.ozone.client.rpc.TestFailureHandlingByClient.testDatanodeExclusionWithMajorityCommit(TestFailureHandlingByClient.java:448)
java.base/jdk.internal.reflect.DirectMethodHandleAccessor.invoke(DirectMethodHandleAccessor.java:103)
java.base/java.lang.reflect.Method.invoke(Method.java:580)
org.junit.platform.commons.util.ReflectionUtils.invokeMethod(ReflectionUtils.java:787)
org.junit.platform.commons.support.ReflectionSupport.invokeMethod(ReflectionSupport.java:478)
org.junit.jupiter.engine.execution.MethodInvocation.proceed(MethodInvocation.java:60)
org.junit.jupiter.engine.execution.InvocationInterceptorChain$ValidatingInvocation.proceed(InvocationInterceptorChain.java:131)
org.junit.jupiter.engine.extension.SameThreadTimeoutInvocation.proceed(SameThreadTimeoutInvocation.java:49)
org.junit.jupiter.engine.extension.TimeoutExtension.intercept(TimeoutExtension.java:161)
org.junit.jupiter.engine.extension.TimeoutExtension.interceptTestableMethod(TimeoutExtension.java:152)
org.junit.jupiter.engine.extension.TimeoutExtension.interceptTestTemplateMethod(TimeoutExtension.java:99)
org.junit.jupiter.engine.execution.InterceptingExecutableInvoker$ReflectiveInterceptorCall.lambda$ofVoidMethod$0(InterceptingExecutableInvoker.java:112)
org.junit.jupiter.engine.execution.InterceptingExecutableInvoker.lambda$invoke$0(InterceptingExecutableInvoker.java:94)
org.junit.jupiter.engine.execution.InvocationInterceptorChain$InterceptedInvocation.proceed(InvocationInterceptorChain.java:106)
org.junit.jupiter.engine.execution.InvocationInterceptorChain.proceed(InvocationInterceptorChain.java:64)
org.junit.jupiter.engine.execution.InvocationInterceptorChain.chainAndInvoke(InvocationInterceptorChain.java:45)
org.junit.jupiter.engine.execution.InvocationInterceptorChain.invoke(InvocationInterceptorChain.java:37)
org.junit.jupiter.engine.execution.InterceptingExecutableInvoker.invoke(InterceptingExecutableInvoker.java:93)
org.junit.jupiter.engine.execution.InterceptingExecutableInvoker.invoke(InterceptingExecutableInvoker.java:87)
org.junit.jupiter.engine.descriptor.TestMethodTestDescriptor.lambda$invokeTestMethod$4(TestMethodTestDescriptor.java:221)
org.junit.platform.engine.support.hierarchical.ThrowableCollector.execute(ThrowableCollector.java:73)
org.junit.jupiter.engine.descriptor.TestMethodTestDescriptor.invokeTestMethod(TestMethodTestDescriptor.java:217)
org.junit.jupiter.engine.descriptor.TestMethodTestDescriptor.execute(TestMethodTestDescriptor.java:159)
org.junit.jupiter.engine.descriptor.TestMethodTestDescriptor.execute(TestMethodTestDescriptor.java:70)
org.junit.platform.engine.support.hierarchical.NodeTestTask.lambda$executeRecursively$6(NodeTestTask.java:157)
org.junit.platform.engine.support.hierarchical.ThrowableCollector.execute(ThrowableCollector.java:73)
org.junit.platform.engine.support.hierarchical.NodeTestTask.lambda$executeRecursively$8(NodeTestTask.java:147)
org.junit.platform.engine.support.hierarchical.Node.around(Node.java:137)
org.junit.platform.engine.support.hierarchical.NodeTestTask.lambda$executeRecursively$9(NodeTestTask.java:145)
org.junit.platform.engine.support.hierarchical.ThrowableCollector.execute(ThrowableCollector.java:73)
org.junit.platform.engine.support.hierarchical.NodeTestTask.executeRecursively(NodeTestTask.java:144)
org.junit.platform.engine.support.hierarchical.NodeTestTask.execute(NodeTestTask.java:101)
org.junit.platform.engine.support.hierarchical.ForkJoinPoolHierarchicalTestExecutorService$ExclusiveTask.exec(ForkJoinPoolHierarchicalTestExecutorService.java:274)
org.junit.platform.engine.support.hierarchical.ForkJoinPoolHierarchicalTestExecutorService$ExclusiveTask.execSync(ForkJoinPoolHierarchicalTestExecutorService.java:247)
org.junit.platform.engine.support.hierarchical.ForkJoinPoolHierarchicalTestExecutorService.submit(ForkJoinPoolHierarchicalTestExecutorService.java:148)
org.junit.platform.engine.support.hierarchical.NodeTestTask$DefaultDynamicTestExecutor.execute(NodeTestTask.java:232)
org.junit.platform.engine.support.hierarchical.NodeTestTask$DefaultDynamicTestExecutor.execute(NodeTestTask.java:210)
org.junit.jupiter.engine.descriptor.TemplateExecutor.execute(TemplateExecutor.java:98)
org.junit.jupiter.engine.descriptor.TemplateExecutor.lambda$executeForProvider$0(TemplateExecutor.java:61)
java.base/java.util.Optional.ifPresent(Optional.java:178)
org.junit.jupiter.engine.descriptor.TemplateExecutor.lambda$executeForProvider$1(TemplateExecutor.java:61)
java.base/java.util.stream.ForEachOps$ForEachOp$OfRef.accept(ForEachOps.java:184)
java.base/java.util.stream.ReferencePipeline$3$1.accept(ReferencePipeline.java:197)
java.base/java.util.stream.ForEachOps$ForEachOp$OfRef.accept(ForEachOps.java:184)
java.base/java.util.stream.ForEachOps$ForEachOp$OfRef.accept(ForEachOps.java:184)
java.base/java.util.stream.ReferencePipeline$3$1.accept(ReferencePipeline.java:197)
java.base/java.util.Iterator.forEachRemaining(Iterator.java:133)
java.base/java.util.Spliterators$IteratorSpliterator.forEachRemaining(Spliterators.java:1939)
java.base/java.util.stream.AbstractPipeline.copyInto(AbstractPipeline.java:509)
java.base/java.util.stream.AbstractPipeline.wrapAndCopyInto(AbstractPipeline.java:499)
java.base/java.util.stream.ForEachOps$ForEachOp.evaluateSequential(ForEachOps.java:151)
java.base/java.util.stream.ForEachOps$ForEachOp$OfRef.evaluateSequential(ForEachOps.java:174)
java.base/java.util.stream.AbstractPipeline.evaluate(AbstractPipeline.java:234)
java.base/java.util.stream.ReferencePipeline.forEach(ReferencePipeline.java:596)
java.base/java.util.stream.ReferencePipeline$7$1.accept(ReferencePipeline.java:276)
java.base/java.util.ArrayList$ArrayListSpliterator.forEachRemaining(ArrayList.java:1708)
java.base/java.util.stream.AbstractPipeline.copyInto(AbstractPipeline.java:509)
java.base/java.util.stream.AbstractPipeline.wrapAndCopyInto(AbstractPipeline.java:499)
java.base/java.util.stream.ForEachOps$ForEachOp.evaluateSequential(ForEachOps.java:151)
java.base/java.util.stream.ForEachOps$ForEachOp$OfRef.evaluateSequential(ForEachOps.java:174)
java.base/java.util.stream.AbstractPipeline.evaluate(AbstractPipeline.java:234)
java.base/java.util.stream.ReferencePipeline.forEach(ReferencePipeline.java:596)
java.base/java.util.stream.ReferencePipeline$7$1.accept(ReferencePipeline.java:276)
java.base/java.util.stream.ReferencePipeline$3$1.accept(ReferencePipeline.java:197)
java.base/java.util.stream.ReferencePipeline$3$1.accept(ReferencePipeline.java:197)
java.base/java.util.stream.ReferencePipeline$3$1.accept(ReferencePipeline.java:197)
java.base/java.util.ArrayList$ArrayListSpliterator.forEachRemaining(ArrayList.java:1708)
java.base/java.util.stream.AbstractPipeline.copyInto(AbstractPipeline.java:509)
java.base/java.util.stream.AbstractPipeline.wrapAndCopyInto(AbstractPipeline.java:499)
java.base/java.util.stream.ForEachOps$ForEachOp.evaluateSequential(ForEachOps.java:151)
java.base/java.util.stream.ForEachOps$ForEachOp$OfRef.evaluateSequential(ForEachOps.java:174)
java.base/java.util.stream.AbstractPipeline.evaluate(AbstractPipeline.java:234)
java.base/java.util.stream.ReferencePipeline.forEach(ReferencePipeline.java:596)
org.junit.jupiter.engine.descriptor.TemplateExecutor.executeForProvider(TemplateExecutor.java:59)
org.junit.jupiter.engine.descriptor.TemplateExecutor.execute(TemplateExecutor.java:48)
org.junit.jupiter.engine.descriptor.TestTemplateTestDescriptor.execute(TestTemplateTestDescriptor.java:112)
org.junit.jupiter.engine.descriptor.TestTemplateTestDescriptor.execute(TestTemplateTestDescriptor.java:40)
org.junit.platform.engine.support.hierarchical.NodeTestTask.lambda$executeRecursively$6(NodeTestTask.java:157)
org.junit.platform.engine.support.hierarchical.ThrowableCollector.execute(ThrowableCollector.java:73)
org.junit.platform.engine.support.hierarchical.NodeTestTask.lambda$executeRecursively$8(NodeTestTask.java:147)
org.junit.platform.engine.support.hierarchical.Node.around(Node.java:137)
org.junit.platform.engine.support.hierarchical.NodeTestTask.lambda$executeRecursively$9(NodeTestTask.java:145)
org.junit.platform.engine.support.hierarchical.ThrowableCollector.execute(ThrowableCollector.java:73)
org.junit.platform.engine.support.hierarchical.NodeTestTask.executeRecursively(NodeTestTask.java:144)
org.junit.platform.engine.support.hierarchical.NodeTestTask.execute(NodeTestTask.java:101)
org.junit.platform.engine.support.hierarchical.ForkJoinPoolHierarchicalTestExecutorService$ExclusiveTask.exec(ForkJoinPoolHierarchicalTestExecutorService.java:274)
org.junit.platform.engine.support.hierarchical.ForkJoinPoolHierarchicalTestExecutorService$ExclusiveTask.execSync(ForkJoinPoolHierarchicalTestExecutorService.java:247)
org.junit.platform.engine.support.hierarchical.ForkJoinPoolHierarchicalTestExecutorService.executeSync(ForkJoinPoolHierarchicalTestExecutorService.java:194)
org.junit.platform.engine.support.hierarchical.ForkJoinPoolHierarchicalTestExecutorService.invokeAll(ForkJoinPoolHierarchicalTestExecutorService.java:166)
org.junit.platform.engine.support.hierarchical.NodeTestTask.lambda$executeRecursively$6(NodeTestTask.java:161)
org.junit.platform.engine.support.hierarchical.ThrowableCollector.execute(ThrowableCollector.java:73)
org.junit.platform.engine.support.hierarchical.NodeTestTask.lambda$executeRecursively$8(NodeTestTask.java:147)
org.junit.platform.engine.support.hierarchical.Node.around(Node.java:137)
org.junit.platform.engine.support.hierarchical.NodeTestTask.lambda$executeRecursively$9(NodeTestTask.java:145)
org.junit.platform.engine.support.hierarchical.ThrowableCollector.execute(ThrowableCollector.java:73)
org.junit.platform.engine.support.hierarchical.NodeTestTask.executeRecursively(NodeTestTask.java:144)
org.junit.platform.engine.support.hierarchical.NodeTestTask.execute(NodeTestTask.java:101)
org.junit.platform.engine.support.hierarchical.ForkJoinPoolHierarchicalTestExecutorService$ExclusiveTask.exec(ForkJoinPoolHierarchicalTestExecutorService.java:274)
org.junit.platform.engine.support.hierarchical.ForkJoinPoolHierarchicalTestExecutorService$ExclusiveTask.execSync(ForkJoinPoolHierarchicalTestExecutorService.java:247)
org.junit.platform.engine.support.hierarchical.ForkJoinPoolHierarchicalTestExecutorService.invokeAll(ForkJoinPoolHierarchicalTestExecutorService.java:159)
org.junit.platform.engine.support.hierarchical.NodeTestTask.lambda$executeRecursively$6(NodeTestTask.java:161)
org.junit.platform.engine.support.hierarchical.ThrowableCollector.execute(ThrowableCollector.java:73)
org.junit.platform.engine.support.hierarchical.NodeTestTask.lambda$executeRecursively$8(NodeTestTask.java:147)
org.junit.platform.engine.support.hierarchical.Node.around(Node.java:137)
org.junit.platform.engine.support.hierarchical.NodeTestTask.lambda$executeRecursively$9(NodeTestTask.java:145)
org.junit.platform.engine.support.hierarchical.ThrowableCollector.execute(ThrowableCollector.java:73)
org.junit.platform.engine.support.hierarchical.NodeTestTask.executeRecursively(NodeTestTask.java:144)
org.junit.platform.engine.support.hierarchical.NodeTestTask.execute(NodeTestTask.java:101)
org.junit.platform.engine.support.hierarchical.ForkJoinPoolHierarchicalTestExecutorService$ExclusiveTask.exec(ForkJoinPoolHierarchicalTestExecutorService.java:274)
java.base/java.util.concurrent.ForkJoinTask.doExec(ForkJoinTask.java:387)
java.base/java.util.concurrent.ForkJoinPool$WorkQueue.topLevelExec(ForkJoinPool.java:1312)
java.base/java.util.concurrent.ForkJoinPool.scan(ForkJoinPool.java:1843)
java.base/java.util.concurrent.ForkJoinPool.runWorker(ForkJoinPool.java:1808)
java.base/java.util.concurrent.ForkJoinWorkerThread.run(ForkJoinWorkerThread.java:188)

2025-09-07 09:47:00,212 [timer6] WARN  server.GrpcLogAppender (LogUtils.java:warn(127)) - 8500c972-c6d1-4433-9d49-a8e3bb920002@group-77DC33C8A8CA->ff2509eb-55dd-4ad3-b532-83d6209e1a92-AppendLogResponseHandler: Failed appendEntries (Repeated 14 times in the last 5.000s): org.apache.ratis.thirdparty.io.grpc.StatusRuntimeException: UNAVAILABLE: io exception
  Caused by: org.apache.ratis.thirdparty.io.netty.channel.AbstractChannel$AnnotatedConnectException: finishConnect(..) failed: Connection refused: /127.0.0.1:15015
  Caused by: java.net.ConnectException: finishConnect(..) failed: Connection refused
2025-09-07 09:47:00,233 [null-request--thread2] INFO  server.GrpcClientProtocolService (GrpcClientProtocolService.java:lambda$processClientRequest$0(284)) - Failed RaftClientRequest:client-D253A654ED88->95d41743-cdf0-4105-938b-93fe980aeffc@group-DDE89B3F2AFE, cid=87, seq=null, Watch-ALL_COMMITTED(32), Message:<EMPTY>, reply=RaftClientReply:client-D253A654ED88->95d41743-cdf0-4105-938b-93fe980aeffc@group-DDE89B3F2AFE, cid=87, FAILED org.apache.ratis.protocol.exceptions.NotReplicatedException: Request with call Id 87 and log index 32 is not yet replicated to ALL_COMMITTED, logIndex=32, commits[95d41743-cdf0-4105-938b-93fe980aeffc:c38, 8500c972-c6d1-4433-9d49-a8e3bb920002:c36, ff2509eb-55dd-4ad3-b532-83d6209e1a92:c19]
]]></system-out>
  </testcase>
</testsuite>