<?xml version="1.0" encoding="UTF-8"?>
<testsuite xmlns:xsi="http://www.w3.org/2001/XMLSchema-instance" xsi:noNamespaceSchemaLocation="https://maven.apache.org/surefire/maven-surefire-plugin/xsd/surefire-test-report.xsd" version="3.0.2" name="org.apache.hadoop.ozone.client.rpc.TestContainerStateMachineFailures" time="127.07" tests="6" errors="0" skipped="0" failures="1">
  <properties>
    <property name="java.specification.version" value="21"/>
    <property name="sun.jnu.encoding" value="UTF-8"/>
    <property name="java.class.path" value="/home/runner/work/ozone/ozone/hadoop-ozone/integration-test/target/test-classes:/home/runner/work/ozone/ozone/hadoop-ozone/integration-test/target/classes:/home/runner/work/ozone/ozone/hadoop-hdds/server-scm/target/hdds-server-scm-2.1.0-SNAPSHOT.jar:/home/runner/.m2/repository/com/fasterxml/jackson/core/jackson-annotations/2.16.2/jackson-annotations-2.16.2.jar:/home/runner/.m2/repository/com/fasterxml/jackson/core/jackson-core/2.16.2/jackson-core-2.16.2.jar:/home/runner/.m2/repository/com/fasterxml/jackson/core/jackson-databind/2.16.2/jackson-databind-2.16.2.jar:/home/runner/.m2/repository/com/google/guava/guava/32.1.3-jre/guava-32.1.3-jre.jar:/home/runner/.m2/repository/com/google/guava/failureaccess/1.0.1/failureaccess-1.0.1.jar:/home/runner/.m2/repository/com/google/guava/listenablefuture/9999.0-empty-to-avoid-conflict-with-guava/listenablefuture-9999.0-empty-to-avoid-conflict-with-guava.jar:/home/runner/.m2/repository/org/checkerframework/checker-qual/3.37.0/checker-qual-3.37.0.jar:/home/runner/.m2/repository/com/google/errorprone/error_prone_annotations/2.29.2/error_prone_annotations-2.29.2.jar:/home/runner/.m2/repository/com/google/j2objc/j2objc-annotations/2.8/j2objc-annotations-2.8.jar:/home/runner/.m2/repository/com/google/protobuf/protobuf-java/2.5.0/protobuf-java-2.5.0.jar:/home/runner/.m2/repository/commons-collections/commons-collections/3.2.2/commons-collections-3.2.2.jar:/home/runner/.m2/repository/commons-io/commons-io/2.18.0/commons-io-2.18.0.jar:/home/runner/.m2/repository/info/picocli/picocli/4.7.7/picocli-4.7.7.jar:/home/runner/.m2/repository/io/dropwizard/metrics/metrics-core/3.2.6/metrics-core-3.2.6.jar:/home/runner/.m2/repository/jakarta/annotation/jakarta.annotation-api/2.1.1/jakarta.annotation-api-2.1.1.jar:/home/runner/.m2/repository/javax/servlet/javax.servlet-api/3.1.0/javax.servlet-api-3.1.0.jar:/home/runner/.m2/repository/org/apache/commons/commons-compress/1.27.1/commons-compress-1.27.1.jar:/home/runner/.m2/repository/org/apache/commons/commons-text/1.12.0/commons-text-1.12.0.jar:/home/runner/.m2/repository/org/apache/hadoop/hadoop-auth/3.4.1/hadoop-auth-3.4.1.jar:/home/runner/.m2/repository/org/apache/hadoop/hadoop-common/3.4.1/hadoop-common-3.4.1.jar:/home/runner/work/ozone/ozone/hadoop-hdds/client/target/hdds-client-2.1.0-SNAPSHOT.jar:/home/runner/work/ozone/ozone/hadoop-hdds/common/target/hdds-common-2.1.0-SNAPSHOT.jar:/home/runner/work/ozone/ozone/hadoop-hdds/config/target/hdds-config-2.1.0-SNAPSHOT.jar:/home/runner/work/ozone/ozone/hadoop-hdds/container-service/target/hdds-container-service-2.1.0-SNAPSHOT.jar:/home/runner/work/ozone/ozone/hadoop-hdds/interface-admin/target/hdds-interface-admin-2.1.0-SNAPSHOT.jar:/home/runner/work/ozone/ozone/hadoop-hdds/interface-client/target/hdds-interface-client-2.1.0-SNAPSHOT.jar:/home/runner/work/ozone/ozone/hadoop-hdds/interface-server/target/hdds-interface-server-2.1.0-SNAPSHOT.jar:/home/runner/work/ozone/ozone/hadoop-hdds/framework/target/hdds-server-framework-2.1.0-SNAPSHOT.jar:/home/runner/.m2/repository/org/apache/ratis/ratis-client/3.1.2/ratis-client-3.1.2.jar:/home/runner/.m2/repository/org/apache/ratis/ratis-common/3.1.2/ratis-common-3.1.2.jar:/home/runner/.m2/repository/org/apache/ratis/ratis-grpc/3.1.2/ratis-grpc-3.1.2.jar:/home/runner/.m2/repository/org/apache/ratis/ratis-netty/3.1.2/ratis-netty-3.1.2.jar:/home/runner/.m2/repository/org/apache/ratis/ratis-proto/3.1.2/ratis-proto-3.1.2.jar:/home/runner/.m2/repository/org/apache/ratis/ratis-server-api/3.1.2/ratis-server-api-3.1.2.jar:/home/runner/.m2/repository/org/apache/ratis/ratis-thirdparty-misc/1.0.6/ratis-thirdparty-misc-1.0.6.jar:/home/runner/.m2/repository/org/bouncycastle/bcpkix-jdk18on/1.80/bcpkix-jdk18on-1.80.jar:/home/runner/.m2/repository/org/bouncycastle/bcprov-jdk18on/1.80/bcprov-jdk18on-1.80.jar:/home/runner/.m2/repository/org/eclipse/jetty/jetty-webapp/9.4.57.v20241219/jetty-webapp-9.4.57.v20241219.jar:/home/runner/.m2/repository/org/eclipse/jetty/jetty-xml/9.4.57.v20241219/jetty-xml-9.4.57.v20241219.jar:/home/runner/.m2/repository/org/slf4j/slf4j-api/2.0.17/slf4j-api-2.0.17.jar:/home/runner/work/ozone/ozone/hadoop-ozone/cli-admin/target/ozone-cli-admin-2.1.0-SNAPSHOT.jar:/home/runner/.m2/repository/com/fasterxml/jackson/datatype/jackson-datatype-jsr310/2.16.2/jackson-datatype-jsr310-2.16.2.jar:/home/runner/.m2/repository/org/apache/hadoop/hadoop-hdfs-client/3.4.1/hadoop-hdfs-client-3.4.1.jar:/home/runner/work/ozone/ozone/hadoop-ozone/interface-client/target/ozone-interface-client-2.1.0-SNAPSHOT.jar:/home/runner/.m2/repository/commons-codec/commons-codec/1.17.1/commons-codec-1.17.1.jar:/home/runner/work/ozone/ozone/hadoop-ozone/cli-shell/target/ozone-cli-shell-2.1.0-SNAPSHOT.jar:/home/runner/.m2/repository/info/picocli/picocli-shell-jline3/4.7.7/picocli-shell-jline3-4.7.7.jar:/home/runner/.m2/repository/jakarta/xml/bind/jakarta.xml.bind-api/2.3.3/jakarta.xml.bind-api-2.3.3.jar:/home/runner/.m2/repository/org/apache/httpcomponents/httpclient/4.5.14/httpclient-4.5.14.jar:/home/runner/work/ozone/ozone/hadoop-ozone/ozonefs-common/target/ozone-filesystem-common-2.1.0-SNAPSHOT.jar:/home/runner/.m2/repository/org/jline/jline/3.30.0/jline-3.30.0.jar:/home/runner/.m2/repository/org/slf4j/slf4j-reload4j/2.0.17/slf4j-reload4j-2.0.17.jar:/home/runner/work/ozone/ozone/hadoop-ozone/client/target/ozone-client-2.1.0-SNAPSHOT.jar:/home/runner/.m2/repository/com/github/stephenc/jcip/jcip-annotations/1.0-1/jcip-annotations-1.0-1.jar:/home/runner/work/ozone/ozone/hadoop-hdds/erasurecode/target/hdds-erasurecode-2.1.0-SNAPSHOT.jar:/home/runner/work/ozone/ozone/hadoop-ozone/common/target/ozone-common-2.1.0-SNAPSHOT.jar:/home/runner/.m2/repository/io/grpc/grpc-api/1.58.0/grpc-api-1.58.0.jar:/home/runner/.m2/repository/io/grpc/grpc-netty/1.58.0/grpc-netty-1.58.0.jar:/home/runner/.m2/repository/io/grpc/grpc-core/1.58.0/grpc-core-1.58.0.jar:/home/runner/.m2/repository/com/google/android/annotations/4.1.1.4/annotations-4.1.1.4.jar:/home/runner/.m2/repository/org/codehaus/mojo/animal-sniffer-annotations/1.23/animal-sniffer-annotations-1.23.jar:/home/runner/.m2/repository/io/grpc/grpc-context/1.58.0/grpc-context-1.58.0.jar:/home/runner/.m2/repository/io/grpc/grpc-util/1.58.0/grpc-util-1.58.0.jar:/home/runner/.m2/repository/io/perfmark/perfmark-api/0.26.0/perfmark-api-0.26.0.jar:/home/runner/.m2/repository/io/netty/netty-codec-http2/4.1.109.Final/netty-codec-http2-4.1.109.Final.jar:/home/runner/.m2/repository/io/netty/netty-codec-http/4.1.109.Final/netty-codec-http-4.1.109.Final.jar:/home/runner/.m2/repository/io/netty/netty-common/4.1.109.Final/netty-common-4.1.109.Final.jar:/home/runner/.m2/repository/io/netty/netty-handler/4.1.109.Final/netty-handler-4.1.109.Final.jar:/home/runner/.m2/repository/io/netty/netty-resolver/4.1.109.Final/netty-resolver-4.1.109.Final.jar:/home/runner/.m2/repository/io/netty/netty-handler-proxy/4.1.109.Final/netty-handler-proxy-4.1.109.Final.jar:/home/runner/.m2/repository/io/netty/netty-codec-socks/4.1.109.Final/netty-codec-socks-4.1.109.Final.jar:/home/runner/.m2/repository/org/apache/httpcomponents/httpcore/4.4.16/httpcore-4.4.16.jar:/home/runner/.m2/repository/io/netty/netty-tcnative-boringssl-static/2.0.65.Final/netty-tcnative-boringssl-static-2.0.65.Final.jar:/home/runner/.m2/repository/io/netty/netty-tcnative-classes/2.0.65.Final/netty-tcnative-classes-2.0.65.Final.jar:/home/runner/.m2/repository/io/netty/netty-tcnative-boringssl-static/2.0.65.Final/netty-tcnative-boringssl-static-2.0.65.Final-linux-x86_64.jar:/home/runner/.m2/repository/io/netty/netty-tcnative-boringssl-static/2.0.65.Final/netty-tcnative-boringssl-static-2.0.65.Final-linux-aarch_64.jar:/home/runner/.m2/repository/io/netty/netty-tcnative-boringssl-static/2.0.65.Final/netty-tcnative-boringssl-static-2.0.65.Final-osx-x86_64.jar:/home/runner/.m2/repository/io/netty/netty-tcnative-boringssl-static/2.0.65.Final/netty-tcnative-boringssl-static-2.0.65.Final-osx-aarch_64.jar:/home/runner/.m2/repository/io/netty/netty-tcnative-boringssl-static/2.0.65.Final/netty-tcnative-boringssl-static-2.0.65.Final-windows-x86_64.jar:/home/runner/work/ozone/ozone/hadoop-ozone/csi/target/ozone-csi-2.1.0-SNAPSHOT.jar:/home/runner/.m2/repository/ch/qos/reload4j/reload4j/1.2.26/reload4j-1.2.26.jar:/home/runner/.m2/repository/com/google/protobuf/protobuf-java-util/3.19.6/protobuf-java-util-3.19.6.jar:/home/runner/.m2/repository/io/grpc/grpc-protobuf/1.58.0/grpc-protobuf-1.58.0.jar:/home/runner/.m2/repository/com/google/api/grpc/proto-google-common-protos/2.22.0/proto-google-common-protos-2.22.0.jar:/home/runner/.m2/repository/io/grpc/grpc-protobuf-lite/1.58.0/grpc-protobuf-lite-1.58.0.jar:/home/runner/.m2/repository/io/grpc/grpc-stub/1.58.0/grpc-stub-1.58.0.jar:/home/runner/.m2/repository/io/netty/netty-transport/4.1.109.Final/netty-transport-4.1.109.Final.jar:/home/runner/.m2/repository/io/netty/netty-transport-classes-epoll/4.1.109.Final/netty-transport-classes-epoll-4.1.109.Final.jar:/home/runner/.m2/repository/io/netty/netty-transport-native-epoll/4.1.109.Final/netty-transport-native-epoll-4.1.109.Final-linux-x86_64.jar:/home/runner/.m2/repository/io/netty/netty-transport-native-unix-common/4.1.109.Final/netty-transport-native-unix-common-4.1.109.Final.jar:/home/runner/work/ozone/ozone/hadoop-ozone/ozonefs/target/ozone-filesystem-2.1.0-SNAPSHOT.jar:/home/runner/.m2/repository/io/opentracing/opentracing-api/0.33.0/opentracing-api-0.33.0.jar:/home/runner/.m2/repository/io/opentracing/opentracing-util/0.33.0/opentracing-util-0.33.0.jar:/home/runner/.m2/repository/io/opentracing/opentracing-noop/0.33.0/opentracing-noop-0.33.0.jar:/home/runner/work/ozone/ozone/hadoop-ozone/freon/target/ozone-freon-2.1.0-SNAPSHOT.jar:/home/runner/.m2/repository/com/amazonaws/aws-java-sdk-core/1.12.661/aws-java-sdk-core-1.12.661.jar:/home/runner/.m2/repository/com/fasterxml/jackson/dataformat/jackson-dataformat-cbor/2.16.2/jackson-dataformat-cbor-2.16.2.jar:/home/runner/.m2/repository/joda-time/joda-time/2.12.7/joda-time-2.12.7.jar:/home/runner/.m2/repository/com/amazonaws/aws-java-sdk-s3/1.12.661/aws-java-sdk-s3-1.12.661.jar:/home/runner/.m2/repository/com/amazonaws/aws-java-sdk-kms/1.12.661/aws-java-sdk-kms-1.12.661.jar:/home/runner/.m2/repository/com/amazonaws/jmespath-java/1.12.661/jmespath-java-1.12.661.jar:/home/runner/.m2/repository/org/apache/hadoop/hadoop-hdfs/3.4.1/hadoop-hdfs-3.4.1.jar:/home/runner/work/ozone/ozone/hadoop-ozone/interface-storage/target/ozone-interface-storage-2.1.0-SNAPSHOT.jar:/home/runner/.m2/repository/org/kohsuke/metainf-services/metainf-services/1.11/metainf-services-1.11.jar:/home/runner/work/ozone/ozone/hadoop-ozone/ozone-manager/target/ozone-manager-2.1.0-SNAPSHOT.jar:/home/runner/.m2/repository/com/sun/jersey/jersey-client/1.19.4/jersey-client-1.19.4.jar:/home/runner/.m2/repository/org/apache/kerby/kerby-util/1.0.1/kerby-util-1.0.1.jar:/home/runner/.m2/repository/org/apache/logging/log4j/log4j-api/2.24.2/log4j-api-2.24.2.jar:/home/runner/work/ozone/ozone/hadoop-hdds/managed-rocksdb/target/hdds-managed-rocksdb-2.1.0-SNAPSHOT.jar:/home/runner/work/ozone/ozone/hadoop-hdds/rocks-native/target/hdds-rocks-native-2.1.0-SNAPSHOT.jar:/home/runner/.m2/repository/org/eclipse/jetty/jetty-io/9.4.57.v20241219/jetty-io-9.4.57.v20241219.jar:/home/runner/work/ozone/ozone/hadoop-hdds/rocksdb-checkpoint-differ/target/rocksdb-checkpoint-differ-2.1.0-SNAPSHOT.jar:/home/runner/.m2/repository/com/github/vlsi/mxgraph/jgraphx/3.9.12/jgraphx-3.9.12.jar:/home/runner/.m2/repository/org/jgrapht/jgrapht-core/1.4.0/jgrapht-core-1.4.0.jar:/home/runner/.m2/repository/org/jheaps/jheaps/0.11/jheaps-0.11.jar:/home/runner/.m2/repository/org/jgrapht/jgrapht-ext/1.4.0/jgrapht-ext-1.4.0.jar:/home/runner/.m2/repository/org/apache/ranger/ranger-intg/2.6.0/ranger-intg-2.6.0.jar:/home/runner/.m2/repository/org/apache/ranger/ranger-plugins-common/2.6.0/ranger-plugins-common-2.6.0.jar:/home/runner/.m2/repository/com/fasterxml/jackson/jaxrs/jackson-jaxrs-base/2.16.2/jackson-jaxrs-base-2.16.2.jar:/home/runner/.m2/repository/com/fasterxml/jackson/jaxrs/jackson-jaxrs-json-provider/2.16.2/jackson-jaxrs-json-provider-2.16.2.jar:/home/runner/.m2/repository/com/kstruct/gethostname4j/1.0.0/gethostname4j-1.0.0.jar:/home/runner/.m2/repository/commons-lang/commons-lang/2.6/commons-lang-2.6.jar:/home/runner/.m2/repository/net/java/dev/jna/jna/5.2.0/jna-5.2.0.jar:/home/runner/.m2/repository/net/java/dev/jna/jna-platform/5.2.0/jna-platform-5.2.0.jar:/home/runner/.m2/repository/org/apache/ranger/ranger-plugin-classloader/2.6.0/ranger-plugin-classloader-2.6.0.jar:/home/runner/.m2/repository/org/apache/ranger/ranger-plugins-audit/2.6.0/ranger-plugins-audit-2.6.0.jar:/home/runner/.m2/repository/com/amazonaws/aws-java-sdk-logs/1.12.765/aws-java-sdk-logs-1.12.765.jar:/home/runner/.m2/repository/com/carrotsearch/hppc/0.8.0/hppc-0.8.0.jar:/home/runner/.m2/repository/io/airlift/aircompressor/0.27/aircompressor-0.27.jar:/home/runner/.m2/repository/org/apache/httpcomponents/httpasyncclient/4.1.4/httpasyncclient-4.1.4.jar:/home/runner/.m2/repository/org/apache/httpcomponents/httpcore-nio/4.4.16/httpcore-nio-4.4.16.jar:/home/runner/.m2/repository/org/apache/httpcomponents/httpmime/4.5.13/httpmime-4.5.13.jar:/home/runner/.m2/repository/org/apache/orc/orc-core/1.5.8/orc-core-1.5.8.jar:/home/runner/.m2/repository/org/apache/orc/orc-shims/1.5.8/orc-shims-1.5.8.jar:/home/runner/.m2/repository/org/eclipse/jetty/jetty-client/9.4.57.v20241219/jetty-client-9.4.57.v20241219.jar:/home/runner/.m2/repository/org/apache/ranger/ranger-plugins-cred/2.6.0/ranger-plugins-cred-2.6.0.jar:/home/runner/.m2/repository/org/aspectj/aspectjrt/1.9.7/aspectjrt-1.9.7.jar:/home/runner/.m2/repository/org/aspectj/aspectjweaver/1.9.7/aspectjweaver-1.9.7.jar:/home/runner/.m2/repository/org/eclipse/jetty/jetty-util/9.4.57.v20241219/jetty-util-9.4.57.v20241219.jar:/home/runner/.m2/repository/org/reflections/reflections/0.10.2/reflections-0.10.2.jar:/home/runner/.m2/repository/org/rocksdb/rocksdbjni/7.7.3/rocksdbjni-7.7.3.jar:/home/runner/work/ozone/ozone/hadoop-ozone/recon/target/ozone-recon-2.1.0-SNAPSHOT.jar:/home/runner/.m2/repository/aopalliance/aopalliance/1.0/aopalliance-1.0.jar:/home/runner/.m2/repository/com/google/inject/guice/6.0.0/guice-6.0.0.jar:/home/runner/.m2/repository/jakarta/inject/jakarta.inject-api/2.0.1/jakarta.inject-api-2.0.1.jar:/home/runner/.m2/repository/com/google/inject/extensions/guice-assistedinject/6.0.0/guice-assistedinject-6.0.0.jar:/home/runner/.m2/repository/com/google/inject/extensions/guice-servlet/6.0.0/guice-servlet-6.0.0.jar:/home/runner/.m2/repository/com/jolbox/bonecp/0.8.0.RELEASE/bonecp-0.8.0.RELEASE.jar:/home/runner/.m2/repository/jakarta/activation/jakarta.activation-api/1.2.2/jakarta.activation-api-1.2.2.jar:/home/runner/.m2/repository/jakarta/validation/jakarta.validation-api/2.0.2/jakarta.validation-api-2.0.2.jar:/home/runner/.m2/repository/jakarta/ws/rs/jakarta.ws.rs-api/2.1.6/jakarta.ws.rs-api-2.1.6.jar:/home/runner/.m2/repository/javax/inject/javax.inject/1/javax.inject-1.jar:/home/runner/.m2/repository/org/apache/derby/derby/10.14.2.0/derby-10.14.2.0.jar:/home/runner/work/ozone/ozone/hadoop-ozone/recon-codegen/target/ozone-reconcodegen-2.1.0-SNAPSHOT.jar:/home/runner/.m2/repository/org/eclipse/jetty/jetty-servlet/9.4.57.v20241219/jetty-servlet-9.4.57.v20241219.jar:/home/runner/.m2/repository/org/eclipse/jetty/jetty-security/9.4.57.v20241219/jetty-security-9.4.57.v20241219.jar:/home/runner/.m2/repository/org/glassfish/hk2/guice-bridge/2.6.1/guice-bridge-2.6.1.jar:/home/runner/.m2/repository/org/glassfish/hk2/hk2-api/2.6.1/hk2-api-2.6.1.jar:/home/runner/.m2/repository/org/glassfish/hk2/hk2-utils/2.6.1/hk2-utils-2.6.1.jar:/home/runner/.m2/repository/org/glassfish/hk2/external/aopalliance-repackaged/2.6.1/aopalliance-repackaged-2.6.1.jar:/home/runner/.m2/repository/org/glassfish/hk2/external/jakarta.inject/2.6.1/jakarta.inject-2.6.1.jar:/home/runner/.m2/repository/org/glassfish/jersey/containers/jersey-container-servlet/2.46/jersey-container-servlet-2.46.jar:/home/runner/.m2/repository/org/glassfish/jersey/containers/jersey-container-servlet-core/2.46/jersey-container-servlet-core-2.46.jar:/home/runner/.m2/repository/org/glassfish/jersey/core/jersey-common/2.46/jersey-common-2.46.jar:/home/runner/.m2/repository/org/glassfish/hk2/osgi-resource-locator/1.0.3/osgi-resource-locator-1.0.3.jar:/home/runner/.m2/repository/org/glassfish/jersey/core/jersey-server/2.46/jersey-server-2.46.jar:/home/runner/.m2/repository/org/glassfish/jersey/core/jersey-client/2.46/jersey-client-2.46.jar:/home/runner/.m2/repository/org/glassfish/jersey/inject/jersey-hk2/2.46/jersey-hk2-2.46.jar:/home/runner/.m2/repository/org/glassfish/hk2/hk2-locator/2.6.1/hk2-locator-2.6.1.jar:/home/runner/.m2/repository/org/glassfish/jersey/media/jersey-media-jaxb/2.46/jersey-media-jaxb-2.46.jar:/home/runner/.m2/repository/org/glassfish/jersey/media/jersey-media-json-jackson/2.46/jersey-media-json-jackson-2.46.jar:/home/runner/.m2/repository/org/glassfish/jersey/ext/jersey-entity-filtering/2.46/jersey-entity-filtering-2.46.jar:/home/runner/.m2/repository/com/fasterxml/jackson/module/jackson-module-jaxb-annotations/2.16.2/jackson-module-jaxb-annotations-2.16.2.jar:/home/runner/.m2/repository/org/javassist/javassist/3.30.2-GA/javassist-3.30.2-GA.jar:/home/runner/.m2/repository/org/jooq/jooq/3.11.10/jooq-3.11.10.jar:/home/runner/.m2/repository/org/jooq/jooq-codegen/3.11.10/jooq-codegen-3.11.10.jar:/home/runner/.m2/repository/org/jooq/jooq-meta/3.11.10/jooq-meta-3.11.10.jar:/home/runner/.m2/repository/org/springframework/spring-core/5.3.39/spring-core-5.3.39.jar:/home/runner/.m2/repository/org/springframework/spring-jdbc/5.3.39/spring-jdbc-5.3.39.jar:/home/runner/.m2/repository/org/springframework/spring-beans/5.3.39/spring-beans-5.3.39.jar:/home/runner/.m2/repository/org/springframework/spring-tx/5.3.39/spring-tx-5.3.39.jar:/home/runner/.m2/repository/org/xerial/sqlite-jdbc/3.49.1.0/sqlite-jdbc-3.49.1.0.jar:/home/runner/work/ozone/ozone/hadoop-ozone/s3gateway/target/ozone-s3gateway-2.1.0-SNAPSHOT.jar:/home/runner/work/ozone/ozone/hadoop-ozone/tools/target/ozone-tools-2.1.0-SNAPSHOT.jar:/home/runner/.m2/repository/org/apache/ratis/ratis-shell/3.1.2/ratis-shell-3.1.2.jar:/home/runner/.m2/repository/org/apache/ratis/ratis-tools/3.1.2/ratis-tools-3.1.2.jar:/home/runner/.m2/repository/org/glassfish/jaxb/jaxb-runtime/2.3.9/jaxb-runtime-2.3.9.jar:/home/runner/.m2/repository/org/glassfish/jaxb/txw2/2.3.9/txw2-2.3.9.jar:/home/runner/.m2/repository/com/sun/istack/istack-commons-runtime/3.0.12/istack-commons-runtime-3.0.12.jar:/home/runner/.m2/repository/com/sun/activation/jakarta.activation/1.2.2/jakarta.activation-1.2.2.jar:/home/runner/.m2/repository/org/apache/ratis/ratis-server/3.1.2/ratis-server-3.1.2.jar:/home/runner/.m2/repository/org/apache/ratis/ratis-metrics-api/3.1.2/ratis-metrics-api-3.1.2.jar:/home/runner/.m2/repository/org/hamcrest/hamcrest/2.2/hamcrest-2.2.jar:/home/runner/.m2/repository/org/slf4j/jul-to-slf4j/2.0.17/jul-to-slf4j-2.0.17.jar:/home/runner/.m2/repository/org/apache/commons/commons-lang3/3.17.0/commons-lang3-3.17.0.jar:/home/runner/.m2/repository/org/apache/hadoop/hadoop-common/3.4.1/hadoop-common-3.4.1-tests.jar:/home/runner/.m2/repository/org/apache/hadoop/thirdparty/hadoop-shaded-protobuf_3_25/1.4.0/hadoop-shaded-protobuf_3_25-1.4.0.jar:/home/runner/.m2/repository/org/apache/hadoop/hadoop-annotations/3.4.1/hadoop-annotations-3.4.1.jar:/home/runner/.m2/repository/org/apache/hadoop/thirdparty/hadoop-shaded-guava/1.3.0/hadoop-shaded-guava-1.3.0.jar:/home/runner/.m2/repository/commons-cli/commons-cli/1.8.0/commons-cli-1.8.0.jar:/home/runner/.m2/repository/org/apache/commons/commons-math3/3.6.1/commons-math3-3.6.1.jar:/home/runner/.m2/repository/commons-net/commons-net/3.11.1/commons-net-3.11.1.jar:/home/runner/.m2/repository/org/eclipse/jetty/jetty-server/9.4.57.v20241219/jetty-server-9.4.57.v20241219.jar:/home/runner/.m2/repository/javax/servlet/jsp/jsp-api/2.1/jsp-api-2.1.jar:/home/runner/.m2/repository/com/sun/jersey/jersey-core/1.19.4/jersey-core-1.19.4.jar:/home/runner/.m2/repository/javax/ws/rs/jsr311-api/1.1.1/jsr311-api-1.1.1.jar:/home/runner/.m2/repository/com/sun/jersey/jersey-servlet/1.19.4/jersey-servlet-1.19.4.jar:/home/runner/.m2/repository/com/github/pjfanning/jersey-json/1.22.0/jersey-json-1.22.0.jar:/home/runner/.m2/repository/com/sun/xml/bind/jaxb-impl/2.2.3-1/jaxb-impl-2.2.3-1.jar:/home/runner/.m2/repository/org/codehaus/jettison/jettison/1.5.4/jettison-1.5.4.jar:/home/runner/.m2/repository/com/sun/jersey/jersey-server/1.19.4/jersey-server-1.19.4.jar:/home/runner/.m2/repository/commons-beanutils/commons-beanutils/1.9.4/commons-beanutils-1.9.4.jar:/home/runner/.m2/repository/org/apache/commons/commons-configuration2/2.11.0/commons-configuration2-2.11.0.jar:/home/runner/.m2/repository/org/apache/avro/avro/1.9.2/avro-1.9.2.jar:/home/runner/.m2/repository/com/google/re2j/re2j/1.7/re2j-1.7.jar:/home/runner/.m2/repository/com/google/code/gson/gson/2.10.1/gson-2.10.1.jar:/home/runner/.m2/repository/com/jcraft/jsch/0.1.55/jsch-0.1.55.jar:/home/runner/.m2/repository/org/apache/curator/curator-client/4.2.0/curator-client-4.2.0.jar:/home/runner/.m2/repository/org/apache/curator/curator-recipes/5.2.0/curator-recipes-5.2.0.jar:/home/runner/.m2/repository/org/apache/curator/curator-framework/4.2.0/curator-framework-4.2.0.jar:/home/runner/.m2/repository/com/google/code/findbugs/jsr305/3.0.2/jsr305-3.0.2.jar:/home/runner/.m2/repository/org/apache/zookeeper/zookeeper/3.8.4/zookeeper-3.8.4.jar:/home/runner/.m2/repository/org/apache/zookeeper/zookeeper-jute/3.8.4/zookeeper-jute-3.8.4.jar:/home/runner/.m2/repository/org/apache/yetus/audience-annotations/0.12.0/audience-annotations-0.12.0.jar:/home/runner/.m2/repository/io/netty/netty-transport-native-epoll/4.1.109.Final/netty-transport-native-epoll-4.1.109.Final.jar:/home/runner/.m2/repository/org/apache/kerby/kerb-core/1.0.1/kerb-core-1.0.1.jar:/home/runner/.m2/repository/org/apache/kerby/kerby-pkix/1.0.1/kerby-pkix-1.0.1.jar:/home/runner/.m2/repository/org/apache/kerby/kerby-asn1/1.0.1/kerby-asn1-1.0.1.jar:/home/runner/.m2/repository/org/codehaus/woodstox/stax2-api/4.2.1/stax2-api-4.2.1.jar:/home/runner/.m2/repository/com/fasterxml/woodstox/woodstox-core/5.4.0/woodstox-core-5.4.0.jar:/home/runner/.m2/repository/dnsjava/dnsjava/3.6.1/dnsjava-3.6.1.jar:/home/runner/.m2/repository/org/xerial/snappy/snappy-java/1.1.10.7/snappy-java-1.1.10.7.jar:/home/runner/.m2/repository/org/apache/hadoop/hadoop-distcp/3.4.1/hadoop-distcp-3.4.1.jar:/home/runner/.m2/repository/org/apache/hadoop/hadoop-distcp/3.4.1/hadoop-distcp-3.4.1-tests.jar:/home/runner/.m2/repository/org/apache/hadoop/hadoop-hdfs/3.4.1/hadoop-hdfs-3.4.1-tests.jar:/home/runner/.m2/repository/org/eclipse/jetty/jetty-util-ajax/9.4.57.v20241219/jetty-util-ajax-9.4.57.v20241219.jar:/home/runner/.m2/repository/commons-daemon/commons-daemon/1.4.0/commons-daemon-1.4.0.jar:/home/runner/.m2/repository/io/netty/netty-all/4.1.109.Final/netty-all-4.1.109.Final.jar:/home/runner/.m2/repository/io/netty/netty-codec-dns/4.1.109.Final/netty-codec-dns-4.1.109.Final.jar:/home/runner/.m2/repository/io/netty/netty-codec-haproxy/4.1.109.Final/netty-codec-haproxy-4.1.109.Final.jar:/home/runner/.m2/repository/io/netty/netty-codec-memcache/4.1.109.Final/netty-codec-memcache-4.1.109.Final.jar:/home/runner/.m2/repository/io/netty/netty-codec-mqtt/4.1.109.Final/netty-codec-mqtt-4.1.109.Final.jar:/home/runner/.m2/repository/io/netty/netty-codec-redis/4.1.109.Final/netty-codec-redis-4.1.109.Final.jar:/home/runner/.m2/repository/io/netty/netty-codec-smtp/4.1.109.Final/netty-codec-smtp-4.1.109.Final.jar:/home/runner/.m2/repository/io/netty/netty-codec-stomp/4.1.109.Final/netty-codec-stomp-4.1.109.Final.jar:/home/runner/.m2/repository/io/netty/netty-codec-xml/4.1.109.Final/netty-codec-xml-4.1.109.Final.jar:/home/runner/.m2/repository/io/netty/netty-handler-ssl-ocsp/4.1.109.Final/netty-handler-ssl-ocsp-4.1.109.Final.jar:/home/runner/.m2/repository/io/netty/netty-resolver-dns/4.1.109.Final/netty-resolver-dns-4.1.109.Final.jar:/home/runner/.m2/repository/io/netty/netty-transport-rxtx/4.1.109.Final/netty-transport-rxtx-4.1.109.Final.jar:/home/runner/.m2/repository/io/netty/netty-transport-sctp/4.1.109.Final/netty-transport-sctp-4.1.109.Final.jar:/home/runner/.m2/repository/io/netty/netty-transport-udt/4.1.109.Final/netty-transport-udt-4.1.109.Final.jar:/home/runner/.m2/repository/io/netty/netty-transport-classes-kqueue/4.1.109.Final/netty-transport-classes-kqueue-4.1.109.Final.jar:/home/runner/.m2/repository/io/netty/netty-resolver-dns-classes-macos/4.1.109.Final/netty-resolver-dns-classes-macos-4.1.109.Final.jar:/home/runner/.m2/repository/io/netty/netty-transport-native-epoll/4.1.109.Final/netty-transport-native-epoll-4.1.109.Final-linux-aarch_64.jar:/home/runner/.m2/repository/io/netty/netty-transport-native-epoll/4.1.109.Final/netty-transport-native-epoll-4.1.109.Final-linux-riscv64.jar:/home/runner/.m2/repository/io/netty/netty-transport-native-kqueue/4.1.109.Final/netty-transport-native-kqueue-4.1.109.Final-osx-x86_64.jar:/home/runner/.m2/repository/io/netty/netty-transport-native-kqueue/4.1.109.Final/netty-transport-native-kqueue-4.1.109.Final-osx-aarch_64.jar:/home/runner/.m2/repository/io/netty/netty-resolver-dns-native-macos/4.1.109.Final/netty-resolver-dns-native-macos-4.1.109.Final-osx-x86_64.jar:/home/runner/.m2/repository/io/netty/netty-resolver-dns-native-macos/4.1.109.Final/netty-resolver-dns-native-macos-4.1.109.Final-osx-aarch_64.jar:/home/runner/.m2/repository/org/fusesource/leveldbjni/leveldbjni-all/1.8/leveldbjni-all-1.8.jar:/home/runner/.m2/repository/org/apache/hadoop/hadoop-kms/3.4.1/hadoop-kms-3.4.1.jar:/home/runner/.m2/repository/org/apache/hadoop/hadoop-kms/3.4.1/hadoop-kms-3.4.1-tests.jar:/home/runner/.m2/repository/org/apache/hadoop/hadoop-mapreduce-client-core/3.4.1/hadoop-mapreduce-client-core-3.4.1.jar:/home/runner/.m2/repository/org/apache/hadoop/hadoop-yarn-client/3.4.1/hadoop-yarn-client-3.4.1.jar:/home/runner/.m2/repository/org/eclipse/jetty/websocket/websocket-client/9.4.53.v20231009/websocket-client-9.4.53.v20231009.jar:/home/runner/.m2/repository/org/eclipse/jetty/websocket/websocket-common/9.4.53.v20231009/websocket-common-9.4.53.v20231009.jar:/home/runner/.m2/repository/org/eclipse/jetty/websocket/websocket-api/9.4.53.v20231009/websocket-api-9.4.53.v20231009.jar:/home/runner/.m2/repository/org/apache/hadoop/hadoop-yarn-api/3.4.1/hadoop-yarn-api-3.4.1.jar:/home/runner/.m2/repository/org/apache/hadoop/hadoop-yarn-common/3.4.1/hadoop-yarn-common-3.4.1.jar:/home/runner/.m2/repository/javax/xml/bind/jaxb-api/2.2.11/jaxb-api-2.2.11.jar:/home/runner/.m2/repository/com/sun/jersey/contribs/jersey-guice/1.19.4/jersey-guice-1.19.4.jar:/home/runner/.m2/repository/org/apache/hadoop/hadoop-mapreduce-client-jobclient/3.4.1/hadoop-mapreduce-client-jobclient-3.4.1.jar:/home/runner/.m2/repository/org/apache/hadoop/hadoop-mapreduce-client-common/3.4.1/hadoop-mapreduce-client-common-3.4.1.jar:/home/runner/.m2/repository/org/apache/hadoop/hadoop-minikdc/3.4.1/hadoop-minikdc-3.4.1.jar:/home/runner/.m2/repository/org/apache/kerby/kerb-simplekdc/2.0.3/kerb-simplekdc-2.0.3.jar:/home/runner/.m2/repository/org/apache/kerby/kerb-client/2.0.3/kerb-client-2.0.3.jar:/home/runner/.m2/repository/org/apache/kerby/kerb-common/2.0.3/kerb-common-2.0.3.jar:/home/runner/.m2/repository/org/apache/kerby/token-provider/2.0.3/token-provider-2.0.3.jar:/home/runner/.m2/repository/org/apache/kerby/kerb-admin/2.0.3/kerb-admin-2.0.3.jar:/home/runner/.m2/repository/org/apache/kerby/kerb-server/2.0.3/kerb-server-2.0.3.jar:/home/runner/.m2/repository/org/apache/kerby/kerb-identity/2.0.3/kerb-identity-2.0.3.jar:/home/runner/.m2/repository/org/apache/kerby/kerby-xdr/2.0.3/kerby-xdr-2.0.3.jar:/home/runner/.m2/repository/junit/junit/4.13.2/junit-4.13.2.jar:/home/runner/.m2/repository/org/hamcrest/hamcrest-core/1.3/hamcrest-core-1.3.jar:/home/runner/work/ozone/ozone/hadoop-hdds/common/target/hdds-common-2.1.0-SNAPSHOT-tests.jar:/home/runner/.m2/repository/commons-validator/commons-validator/1.6/commons-validator-1.6.jar:/home/runner/.m2/repository/commons-digester/commons-digester/1.8.1/commons-digester-1.8.1.jar:/home/runner/.m2/repository/io/jaegertracing/jaeger-client/1.8.1/jaeger-client-1.8.1.jar:/home/runner/.m2/repository/io/jaegertracing/jaeger-thrift/1.8.1/jaeger-thrift-1.8.1.jar:/home/runner/.m2/repository/org/apache/thrift/libthrift/0.15.0/libthrift-0.15.0.jar:/home/runner/.m2/repository/com/squareup/okhttp3/okhttp/4.12.0/okhttp-4.12.0.jar:/home/runner/.m2/repository/com/squareup/okio/okio/3.6.0/okio-3.6.0.jar:/home/runner/.m2/repository/com/squareup/okio/okio-jvm/3.6.0/okio-jvm-3.6.0.jar:/home/runner/.m2/repository/org/jetbrains/kotlin/kotlin-stdlib-common/1.9.25/kotlin-stdlib-common-1.9.25.jar:/home/runner/.m2/repository/org/jetbrains/kotlin/kotlin-stdlib-jdk8/1.9.25/kotlin-stdlib-jdk8-1.9.25.jar:/home/runner/.m2/repository/org/jetbrains/kotlin/kotlin-stdlib-jdk7/1.9.25/kotlin-stdlib-jdk7-1.9.25.jar:/home/runner/.m2/repository/io/jaegertracing/jaeger-tracerresolver/1.8.1/jaeger-tracerresolver-1.8.1.jar:/home/runner/.m2/repository/io/opentracing/contrib/opentracing-tracerresolver/0.1.8/opentracing-tracerresolver-0.1.8.jar:/home/runner/.m2/repository/io/jaegertracing/jaeger-core/1.8.1/jaeger-core-1.8.1.jar:/home/runner/.m2/repository/javax/annotation/javax.annotation-api/1.3.2/javax.annotation-api-1.3.2.jar:/home/runner/work/ozone/ozone/hadoop-hdds/annotations/target/hdds-annotation-processing-2.1.0-SNAPSHOT.jar:/home/runner/.m2/repository/org/apache/ratis/ratis-metrics-dropwizard3/3.1.2/ratis-metrics-dropwizard3-3.1.2.jar:/home/runner/.m2/repository/org/bouncycastle/bcutil-jdk18on/1.80/bcutil-jdk18on-1.80.jar:/home/runner/.m2/repository/org/jetbrains/kotlin/kotlin-stdlib/1.9.25/kotlin-stdlib-1.9.25.jar:/home/runner/.m2/repository/org/jetbrains/annotations/13.0/annotations-13.0.jar:/home/runner/.m2/repository/org/slf4j/jcl-over-slf4j/2.0.17/jcl-over-slf4j-2.0.17.jar:/home/runner/.m2/repository/org/yaml/snakeyaml/2.0/snakeyaml-2.0.jar:/home/runner/work/ozone/ozone/hadoop-hdds/container-service/target/hdds-container-service-2.1.0-SNAPSHOT-tests.jar:/home/runner/.m2/repository/com/github/luben/zstd-jni/1.5.7-3/zstd-jni-1.5.7-3.jar:/home/runner/.m2/repository/io/netty/netty-buffer/4.1.109.Final/netty-buffer-4.1.109.Final.jar:/home/runner/.m2/repository/io/netty/netty-codec/4.1.109.Final/netty-codec-4.1.109.Final.jar:/home/runner/.m2/repository/log4j/apache-log4j-extras/1.2.17/apache-log4j-extras-1.2.17.jar:/home/runner/work/ozone/ozone/hadoop-hdds/framework/target/hdds-server-framework-2.1.0-SNAPSHOT-tests.jar:/home/runner/.m2/repository/com/github/jnr/jnr-constants/0.10.4/jnr-constants-0.10.4.jar:/home/runner/.m2/repository/com/github/jnr/jnr-posix/3.1.20/jnr-posix-3.1.20.jar:/home/runner/.m2/repository/com/github/jnr/jnr-ffi/2.2.17/jnr-ffi-2.2.17.jar:/home/runner/.m2/repository/com/github/jnr/jffi/1.3.13/jffi-1.3.13.jar:/home/runner/.m2/repository/com/github/jnr/jffi/1.3.13/jffi-1.3.13-native.jar:/home/runner/.m2/repository/org/ow2/asm/asm/9.7.1/asm-9.7.1.jar:/home/runner/.m2/repository/org/ow2/asm/asm-commons/9.7.1/asm-commons-9.7.1.jar:/home/runner/.m2/repository/org/ow2/asm/asm-analysis/9.7.1/asm-analysis-9.7.1.jar:/home/runner/.m2/repository/org/ow2/asm/asm-tree/9.7.1/asm-tree-9.7.1.jar:/home/runner/.m2/repository/org/ow2/asm/asm-util/9.7.1/asm-util-9.7.1.jar:/home/runner/.m2/repository/com/github/jnr/jnr-a64asm/1.0.0/jnr-a64asm-1.0.0.jar:/home/runner/.m2/repository/com/github/jnr/jnr-x86asm/1.0.2/jnr-x86asm-1.0.2.jar:/home/runner/.m2/repository/commons-fileupload/commons-fileupload/1.5/commons-fileupload-1.5.jar:/home/runner/.m2/repository/io/prometheus/simpleclient/0.16.0/simpleclient-0.16.0.jar:/home/runner/.m2/repository/io/prometheus/simpleclient_common/0.16.0/simpleclient_common-0.16.0.jar:/home/runner/.m2/repository/io/prometheus/simpleclient_dropwizard/0.16.0/simpleclient_dropwizard-0.16.0.jar:/home/runner/.m2/repository/org/apache/logging/log4j/log4j-core/2.24.2/log4j-core-2.24.2.jar:/home/runner/.m2/repository/org/eclipse/jetty/jetty-http/9.4.57.v20241219/jetty-http-9.4.57.v20241219.jar:/home/runner/.m2/repository/com/lmax/disruptor/3.4.4/disruptor-3.4.4.jar:/home/runner/.m2/repository/com/nimbusds/nimbus-jose-jwt/9.40/nimbus-jose-jwt-9.40.jar:/home/runner/.m2/repository/org/apache/kerby/kerb-util/1.0.1/kerb-util-1.0.1.jar:/home/runner/.m2/repository/org/apache/kerby/kerby-config/1.0.1/kerby-config-1.0.1.jar:/home/runner/.m2/repository/org/apache/kerby/kerb-crypto/1.0.1/kerb-crypto-1.0.1.jar:/home/runner/work/ozone/ozone/hadoop-hdds/server-scm/target/hdds-server-scm-2.1.0-SNAPSHOT-tests.jar:/home/runner/work/ozone/ozone/hadoop-hdds/test-utils/target/hdds-test-utils-2.1.0-SNAPSHOT-tests.jar:/home/runner/work/ozone/ozone/hadoop-ozone/ozone-manager/target/ozone-manager-2.1.0-SNAPSHOT-tests.jar:/home/runner/work/ozone/ozone/hadoop-ozone/mini-cluster/target/ozone-mini-cluster-2.1.0-SNAPSHOT.jar:/home/runner/.m2/repository/org/assertj/assertj-core/3.27.3/assertj-core-3.27.3.jar:/home/runner/.m2/repository/net/bytebuddy/byte-buddy/1.15.11/byte-buddy-1.15.11.jar:/home/runner/.m2/repository/org/junit/jupiter/junit-jupiter-api/5.12.2/junit-jupiter-api-5.12.2.jar:/home/runner/.m2/repository/org/opentest4j/opentest4j/1.3.0/opentest4j-1.3.0.jar:/home/runner/.m2/repository/org/junit/platform/junit-platform-commons/1.12.2/junit-platform-commons-1.12.2.jar:/home/runner/.m2/repository/org/apiguardian/apiguardian-api/1.1.2/apiguardian-api-1.1.2.jar:/home/runner/.m2/repository/org/junit/jupiter/junit-jupiter-params/5.12.2/junit-jupiter-params-5.12.2.jar:/home/runner/.m2/repository/org/mockito/mockito-core/4.11.0/mockito-core-4.11.0.jar:/home/runner/.m2/repository/net/bytebuddy/byte-buddy-agent/1.12.19/byte-buddy-agent-1.12.19.jar:/home/runner/.m2/repository/org/objenesis/objenesis/3.3/objenesis-3.3.jar:/home/runner/.m2/repository/org/mockito/mockito-inline/4.11.0/mockito-inline-4.11.0.jar:/home/runner/.m2/repository/org/mockito/mockito-junit-jupiter/4.11.0/mockito-junit-jupiter-4.11.0.jar:/home/runner/work/ozone/ozone/hadoop-ozone/integration-test/target/gradle-enterprise/test-listeners.jar:"/>
    <property name="java.vm.vendor" value="Eclipse Adoptium"/>
    <property name="sun.arch.data.model" value="64"/>
    <property name="test.build.dir" value="/home/runner/work/ozone/ozone/hadoop-ozone/integration-test/target/test-dir"/>
    <property name="test.cache.data" value=""/>
    <property name="java.vendor.url" value="https://adoptium.net/"/>
    <property name="user.timezone" value="Etc/UTC"/>
    <property name="maven-surefire-plugin.argLineAccessArgs" value=" --add-opens java.management/com.sun.jmx.mbeanserver=ALL-UNNAMED --add-exports java.management/com.sun.jmx.mbeanserver=ALL-UNNAMED --add-opens java.base/java.nio=ALL-UNNAMED --add-opens java.base/java.lang=ALL-UNNAMED --add-opens java.base/java.lang.reflect=ALL-UNNAMED"/>
    <property name="os.name" value="Linux"/>
    <property name="java.vm.specification.version" value="21"/>
    <property name="test.build.data" value="/home/runner/work/ozone/ozone/hadoop-ozone/integration-test/target/test-dir"/>
    <property name="sun.java.launcher" value="SUN_STANDARD"/>
    <property name="sun.boot.library.path" value="/usr/lib/jvm/temurin-21-jdk-amd64/lib"/>
    <property name="sun.java.command" value="/home/runner/work/ozone/ozone/hadoop-ozone/integration-test/target/surefire/surefirebooter-20250514024326721_379.jar /home/runner/work/ozone/ozone/hadoop-ozone/integration-test/target/surefire 2025-05-14T02-39-36_408-jvmRun1 surefire-20250514024326721_377tmp surefire_28-20250514024326721_378tmp"/>
    <property name="jdk.debug" value="release"/>
    <property name="native.lib.tmp.dir" value="/tmp"/>
    <property name="surefire.test.class.path" value="/home/runner/work/ozone/ozone/hadoop-ozone/integration-test/target/test-classes:/home/runner/work/ozone/ozone/hadoop-ozone/integration-test/target/classes:/home/runner/work/ozone/ozone/hadoop-hdds/server-scm/target/hdds-server-scm-2.1.0-SNAPSHOT.jar:/home/runner/.m2/repository/com/fasterxml/jackson/core/jackson-annotations/2.16.2/jackson-annotations-2.16.2.jar:/home/runner/.m2/repository/com/fasterxml/jackson/core/jackson-core/2.16.2/jackson-core-2.16.2.jar:/home/runner/.m2/repository/com/fasterxml/jackson/core/jackson-databind/2.16.2/jackson-databind-2.16.2.jar:/home/runner/.m2/repository/com/google/guava/guava/32.1.3-jre/guava-32.1.3-jre.jar:/home/runner/.m2/repository/com/google/guava/failureaccess/1.0.1/failureaccess-1.0.1.jar:/home/runner/.m2/repository/com/google/guava/listenablefuture/9999.0-empty-to-avoid-conflict-with-guava/listenablefuture-9999.0-empty-to-avoid-conflict-with-guava.jar:/home/runner/.m2/repository/org/checkerframework/checker-qual/3.37.0/checker-qual-3.37.0.jar:/home/runner/.m2/repository/com/google/errorprone/error_prone_annotations/2.29.2/error_prone_annotations-2.29.2.jar:/home/runner/.m2/repository/com/google/j2objc/j2objc-annotations/2.8/j2objc-annotations-2.8.jar:/home/runner/.m2/repository/com/google/protobuf/protobuf-java/2.5.0/protobuf-java-2.5.0.jar:/home/runner/.m2/repository/commons-collections/commons-collections/3.2.2/commons-collections-3.2.2.jar:/home/runner/.m2/repository/commons-io/commons-io/2.18.0/commons-io-2.18.0.jar:/home/runner/.m2/repository/info/picocli/picocli/4.7.7/picocli-4.7.7.jar:/home/runner/.m2/repository/io/dropwizard/metrics/metrics-core/3.2.6/metrics-core-3.2.6.jar:/home/runner/.m2/repository/jakarta/annotation/jakarta.annotation-api/2.1.1/jakarta.annotation-api-2.1.1.jar:/home/runner/.m2/repository/javax/servlet/javax.servlet-api/3.1.0/javax.servlet-api-3.1.0.jar:/home/runner/.m2/repository/org/apache/commons/commons-compress/1.27.1/commons-compress-1.27.1.jar:/home/runner/.m2/repository/org/apache/commons/commons-text/1.12.0/commons-text-1.12.0.jar:/home/runner/.m2/repository/org/apache/hadoop/hadoop-auth/3.4.1/hadoop-auth-3.4.1.jar:/home/runner/.m2/repository/org/apache/hadoop/hadoop-common/3.4.1/hadoop-common-3.4.1.jar:/home/runner/work/ozone/ozone/hadoop-hdds/client/target/hdds-client-2.1.0-SNAPSHOT.jar:/home/runner/work/ozone/ozone/hadoop-hdds/common/target/hdds-common-2.1.0-SNAPSHOT.jar:/home/runner/work/ozone/ozone/hadoop-hdds/config/target/hdds-config-2.1.0-SNAPSHOT.jar:/home/runner/work/ozone/ozone/hadoop-hdds/container-service/target/hdds-container-service-2.1.0-SNAPSHOT.jar:/home/runner/work/ozone/ozone/hadoop-hdds/interface-admin/target/hdds-interface-admin-2.1.0-SNAPSHOT.jar:/home/runner/work/ozone/ozone/hadoop-hdds/interface-client/target/hdds-interface-client-2.1.0-SNAPSHOT.jar:/home/runner/work/ozone/ozone/hadoop-hdds/interface-server/target/hdds-interface-server-2.1.0-SNAPSHOT.jar:/home/runner/work/ozone/ozone/hadoop-hdds/framework/target/hdds-server-framework-2.1.0-SNAPSHOT.jar:/home/runner/.m2/repository/org/apache/ratis/ratis-client/3.1.2/ratis-client-3.1.2.jar:/home/runner/.m2/repository/org/apache/ratis/ratis-common/3.1.2/ratis-common-3.1.2.jar:/home/runner/.m2/repository/org/apache/ratis/ratis-grpc/3.1.2/ratis-grpc-3.1.2.jar:/home/runner/.m2/repository/org/apache/ratis/ratis-netty/3.1.2/ratis-netty-3.1.2.jar:/home/runner/.m2/repository/org/apache/ratis/ratis-proto/3.1.2/ratis-proto-3.1.2.jar:/home/runner/.m2/repository/org/apache/ratis/ratis-server-api/3.1.2/ratis-server-api-3.1.2.jar:/home/runner/.m2/repository/org/apache/ratis/ratis-thirdparty-misc/1.0.6/ratis-thirdparty-misc-1.0.6.jar:/home/runner/.m2/repository/org/bouncycastle/bcpkix-jdk18on/1.80/bcpkix-jdk18on-1.80.jar:/home/runner/.m2/repository/org/bouncycastle/bcprov-jdk18on/1.80/bcprov-jdk18on-1.80.jar:/home/runner/.m2/repository/org/eclipse/jetty/jetty-webapp/9.4.57.v20241219/jetty-webapp-9.4.57.v20241219.jar:/home/runner/.m2/repository/org/eclipse/jetty/jetty-xml/9.4.57.v20241219/jetty-xml-9.4.57.v20241219.jar:/home/runner/.m2/repository/org/slf4j/slf4j-api/2.0.17/slf4j-api-2.0.17.jar:/home/runner/work/ozone/ozone/hadoop-ozone/cli-admin/target/ozone-cli-admin-2.1.0-SNAPSHOT.jar:/home/runner/.m2/repository/com/fasterxml/jackson/datatype/jackson-datatype-jsr310/2.16.2/jackson-datatype-jsr310-2.16.2.jar:/home/runner/.m2/repository/org/apache/hadoop/hadoop-hdfs-client/3.4.1/hadoop-hdfs-client-3.4.1.jar:/home/runner/work/ozone/ozone/hadoop-ozone/interface-client/target/ozone-interface-client-2.1.0-SNAPSHOT.jar:/home/runner/.m2/repository/commons-codec/commons-codec/1.17.1/commons-codec-1.17.1.jar:/home/runner/work/ozone/ozone/hadoop-ozone/cli-shell/target/ozone-cli-shell-2.1.0-SNAPSHOT.jar:/home/runner/.m2/repository/info/picocli/picocli-shell-jline3/4.7.7/picocli-shell-jline3-4.7.7.jar:/home/runner/.m2/repository/jakarta/xml/bind/jakarta.xml.bind-api/2.3.3/jakarta.xml.bind-api-2.3.3.jar:/home/runner/.m2/repository/org/apache/httpcomponents/httpclient/4.5.14/httpclient-4.5.14.jar:/home/runner/work/ozone/ozone/hadoop-ozone/ozonefs-common/target/ozone-filesystem-common-2.1.0-SNAPSHOT.jar:/home/runner/.m2/repository/org/jline/jline/3.30.0/jline-3.30.0.jar:/home/runner/.m2/repository/org/slf4j/slf4j-reload4j/2.0.17/slf4j-reload4j-2.0.17.jar:/home/runner/work/ozone/ozone/hadoop-ozone/client/target/ozone-client-2.1.0-SNAPSHOT.jar:/home/runner/.m2/repository/com/github/stephenc/jcip/jcip-annotations/1.0-1/jcip-annotations-1.0-1.jar:/home/runner/work/ozone/ozone/hadoop-hdds/erasurecode/target/hdds-erasurecode-2.1.0-SNAPSHOT.jar:/home/runner/work/ozone/ozone/hadoop-ozone/common/target/ozone-common-2.1.0-SNAPSHOT.jar:/home/runner/.m2/repository/io/grpc/grpc-api/1.58.0/grpc-api-1.58.0.jar:/home/runner/.m2/repository/io/grpc/grpc-netty/1.58.0/grpc-netty-1.58.0.jar:/home/runner/.m2/repository/io/grpc/grpc-core/1.58.0/grpc-core-1.58.0.jar:/home/runner/.m2/repository/com/google/android/annotations/4.1.1.4/annotations-4.1.1.4.jar:/home/runner/.m2/repository/org/codehaus/mojo/animal-sniffer-annotations/1.23/animal-sniffer-annotations-1.23.jar:/home/runner/.m2/repository/io/grpc/grpc-context/1.58.0/grpc-context-1.58.0.jar:/home/runner/.m2/repository/io/grpc/grpc-util/1.58.0/grpc-util-1.58.0.jar:/home/runner/.m2/repository/io/perfmark/perfmark-api/0.26.0/perfmark-api-0.26.0.jar:/home/runner/.m2/repository/io/netty/netty-codec-http2/4.1.109.Final/netty-codec-http2-4.1.109.Final.jar:/home/runner/.m2/repository/io/netty/netty-codec-http/4.1.109.Final/netty-codec-http-4.1.109.Final.jar:/home/runner/.m2/repository/io/netty/netty-common/4.1.109.Final/netty-common-4.1.109.Final.jar:/home/runner/.m2/repository/io/netty/netty-handler/4.1.109.Final/netty-handler-4.1.109.Final.jar:/home/runner/.m2/repository/io/netty/netty-resolver/4.1.109.Final/netty-resolver-4.1.109.Final.jar:/home/runner/.m2/repository/io/netty/netty-handler-proxy/4.1.109.Final/netty-handler-proxy-4.1.109.Final.jar:/home/runner/.m2/repository/io/netty/netty-codec-socks/4.1.109.Final/netty-codec-socks-4.1.109.Final.jar:/home/runner/.m2/repository/org/apache/httpcomponents/httpcore/4.4.16/httpcore-4.4.16.jar:/home/runner/.m2/repository/io/netty/netty-tcnative-boringssl-static/2.0.65.Final/netty-tcnative-boringssl-static-2.0.65.Final.jar:/home/runner/.m2/repository/io/netty/netty-tcnative-classes/2.0.65.Final/netty-tcnative-classes-2.0.65.Final.jar:/home/runner/.m2/repository/io/netty/netty-tcnative-boringssl-static/2.0.65.Final/netty-tcnative-boringssl-static-2.0.65.Final-linux-x86_64.jar:/home/runner/.m2/repository/io/netty/netty-tcnative-boringssl-static/2.0.65.Final/netty-tcnative-boringssl-static-2.0.65.Final-linux-aarch_64.jar:/home/runner/.m2/repository/io/netty/netty-tcnative-boringssl-static/2.0.65.Final/netty-tcnative-boringssl-static-2.0.65.Final-osx-x86_64.jar:/home/runner/.m2/repository/io/netty/netty-tcnative-boringssl-static/2.0.65.Final/netty-tcnative-boringssl-static-2.0.65.Final-osx-aarch_64.jar:/home/runner/.m2/repository/io/netty/netty-tcnative-boringssl-static/2.0.65.Final/netty-tcnative-boringssl-static-2.0.65.Final-windows-x86_64.jar:/home/runner/work/ozone/ozone/hadoop-ozone/csi/target/ozone-csi-2.1.0-SNAPSHOT.jar:/home/runner/.m2/repository/ch/qos/reload4j/reload4j/1.2.26/reload4j-1.2.26.jar:/home/runner/.m2/repository/com/google/protobuf/protobuf-java-util/3.19.6/protobuf-java-util-3.19.6.jar:/home/runner/.m2/repository/io/grpc/grpc-protobuf/1.58.0/grpc-protobuf-1.58.0.jar:/home/runner/.m2/repository/com/google/api/grpc/proto-google-common-protos/2.22.0/proto-google-common-protos-2.22.0.jar:/home/runner/.m2/repository/io/grpc/grpc-protobuf-lite/1.58.0/grpc-protobuf-lite-1.58.0.jar:/home/runner/.m2/repository/io/grpc/grpc-stub/1.58.0/grpc-stub-1.58.0.jar:/home/runner/.m2/repository/io/netty/netty-transport/4.1.109.Final/netty-transport-4.1.109.Final.jar:/home/runner/.m2/repository/io/netty/netty-transport-classes-epoll/4.1.109.Final/netty-transport-classes-epoll-4.1.109.Final.jar:/home/runner/.m2/repository/io/netty/netty-transport-native-epoll/4.1.109.Final/netty-transport-native-epoll-4.1.109.Final-linux-x86_64.jar:/home/runner/.m2/repository/io/netty/netty-transport-native-unix-common/4.1.109.Final/netty-transport-native-unix-common-4.1.109.Final.jar:/home/runner/work/ozone/ozone/hadoop-ozone/ozonefs/target/ozone-filesystem-2.1.0-SNAPSHOT.jar:/home/runner/.m2/repository/io/opentracing/opentracing-api/0.33.0/opentracing-api-0.33.0.jar:/home/runner/.m2/repository/io/opentracing/opentracing-util/0.33.0/opentracing-util-0.33.0.jar:/home/runner/.m2/repository/io/opentracing/opentracing-noop/0.33.0/opentracing-noop-0.33.0.jar:/home/runner/work/ozone/ozone/hadoop-ozone/freon/target/ozone-freon-2.1.0-SNAPSHOT.jar:/home/runner/.m2/repository/com/amazonaws/aws-java-sdk-core/1.12.661/aws-java-sdk-core-1.12.661.jar:/home/runner/.m2/repository/com/fasterxml/jackson/dataformat/jackson-dataformat-cbor/2.16.2/jackson-dataformat-cbor-2.16.2.jar:/home/runner/.m2/repository/joda-time/joda-time/2.12.7/joda-time-2.12.7.jar:/home/runner/.m2/repository/com/amazonaws/aws-java-sdk-s3/1.12.661/aws-java-sdk-s3-1.12.661.jar:/home/runner/.m2/repository/com/amazonaws/aws-java-sdk-kms/1.12.661/aws-java-sdk-kms-1.12.661.jar:/home/runner/.m2/repository/com/amazonaws/jmespath-java/1.12.661/jmespath-java-1.12.661.jar:/home/runner/.m2/repository/org/apache/hadoop/hadoop-hdfs/3.4.1/hadoop-hdfs-3.4.1.jar:/home/runner/work/ozone/ozone/hadoop-ozone/interface-storage/target/ozone-interface-storage-2.1.0-SNAPSHOT.jar:/home/runner/.m2/repository/org/kohsuke/metainf-services/metainf-services/1.11/metainf-services-1.11.jar:/home/runner/work/ozone/ozone/hadoop-ozone/ozone-manager/target/ozone-manager-2.1.0-SNAPSHOT.jar:/home/runner/.m2/repository/com/sun/jersey/jersey-client/1.19.4/jersey-client-1.19.4.jar:/home/runner/.m2/repository/org/apache/kerby/kerby-util/1.0.1/kerby-util-1.0.1.jar:/home/runner/.m2/repository/org/apache/logging/log4j/log4j-api/2.24.2/log4j-api-2.24.2.jar:/home/runner/work/ozone/ozone/hadoop-hdds/managed-rocksdb/target/hdds-managed-rocksdb-2.1.0-SNAPSHOT.jar:/home/runner/work/ozone/ozone/hadoop-hdds/rocks-native/target/hdds-rocks-native-2.1.0-SNAPSHOT.jar:/home/runner/.m2/repository/org/eclipse/jetty/jetty-io/9.4.57.v20241219/jetty-io-9.4.57.v20241219.jar:/home/runner/work/ozone/ozone/hadoop-hdds/rocksdb-checkpoint-differ/target/rocksdb-checkpoint-differ-2.1.0-SNAPSHOT.jar:/home/runner/.m2/repository/com/github/vlsi/mxgraph/jgraphx/3.9.12/jgraphx-3.9.12.jar:/home/runner/.m2/repository/org/jgrapht/jgrapht-core/1.4.0/jgrapht-core-1.4.0.jar:/home/runner/.m2/repository/org/jheaps/jheaps/0.11/jheaps-0.11.jar:/home/runner/.m2/repository/org/jgrapht/jgrapht-ext/1.4.0/jgrapht-ext-1.4.0.jar:/home/runner/.m2/repository/org/apache/ranger/ranger-intg/2.6.0/ranger-intg-2.6.0.jar:/home/runner/.m2/repository/org/apache/ranger/ranger-plugins-common/2.6.0/ranger-plugins-common-2.6.0.jar:/home/runner/.m2/repository/com/fasterxml/jackson/jaxrs/jackson-jaxrs-base/2.16.2/jackson-jaxrs-base-2.16.2.jar:/home/runner/.m2/repository/com/fasterxml/jackson/jaxrs/jackson-jaxrs-json-provider/2.16.2/jackson-jaxrs-json-provider-2.16.2.jar:/home/runner/.m2/repository/com/kstruct/gethostname4j/1.0.0/gethostname4j-1.0.0.jar:/home/runner/.m2/repository/commons-lang/commons-lang/2.6/commons-lang-2.6.jar:/home/runner/.m2/repository/net/java/dev/jna/jna/5.2.0/jna-5.2.0.jar:/home/runner/.m2/repository/net/java/dev/jna/jna-platform/5.2.0/jna-platform-5.2.0.jar:/home/runner/.m2/repository/org/apache/ranger/ranger-plugin-classloader/2.6.0/ranger-plugin-classloader-2.6.0.jar:/home/runner/.m2/repository/org/apache/ranger/ranger-plugins-audit/2.6.0/ranger-plugins-audit-2.6.0.jar:/home/runner/.m2/repository/com/amazonaws/aws-java-sdk-logs/1.12.765/aws-java-sdk-logs-1.12.765.jar:/home/runner/.m2/repository/com/carrotsearch/hppc/0.8.0/hppc-0.8.0.jar:/home/runner/.m2/repository/io/airlift/aircompressor/0.27/aircompressor-0.27.jar:/home/runner/.m2/repository/org/apache/httpcomponents/httpasyncclient/4.1.4/httpasyncclient-4.1.4.jar:/home/runner/.m2/repository/org/apache/httpcomponents/httpcore-nio/4.4.16/httpcore-nio-4.4.16.jar:/home/runner/.m2/repository/org/apache/httpcomponents/httpmime/4.5.13/httpmime-4.5.13.jar:/home/runner/.m2/repository/org/apache/orc/orc-core/1.5.8/orc-core-1.5.8.jar:/home/runner/.m2/repository/org/apache/orc/orc-shims/1.5.8/orc-shims-1.5.8.jar:/home/runner/.m2/repository/org/eclipse/jetty/jetty-client/9.4.57.v20241219/jetty-client-9.4.57.v20241219.jar:/home/runner/.m2/repository/org/apache/ranger/ranger-plugins-cred/2.6.0/ranger-plugins-cred-2.6.0.jar:/home/runner/.m2/repository/org/aspectj/aspectjrt/1.9.7/aspectjrt-1.9.7.jar:/home/runner/.m2/repository/org/aspectj/aspectjweaver/1.9.7/aspectjweaver-1.9.7.jar:/home/runner/.m2/repository/org/eclipse/jetty/jetty-util/9.4.57.v20241219/jetty-util-9.4.57.v20241219.jar:/home/runner/.m2/repository/org/reflections/reflections/0.10.2/reflections-0.10.2.jar:/home/runner/.m2/repository/org/rocksdb/rocksdbjni/7.7.3/rocksdbjni-7.7.3.jar:/home/runner/work/ozone/ozone/hadoop-ozone/recon/target/ozone-recon-2.1.0-SNAPSHOT.jar:/home/runner/.m2/repository/aopalliance/aopalliance/1.0/aopalliance-1.0.jar:/home/runner/.m2/repository/com/google/inject/guice/6.0.0/guice-6.0.0.jar:/home/runner/.m2/repository/jakarta/inject/jakarta.inject-api/2.0.1/jakarta.inject-api-2.0.1.jar:/home/runner/.m2/repository/com/google/inject/extensions/guice-assistedinject/6.0.0/guice-assistedinject-6.0.0.jar:/home/runner/.m2/repository/com/google/inject/extensions/guice-servlet/6.0.0/guice-servlet-6.0.0.jar:/home/runner/.m2/repository/com/jolbox/bonecp/0.8.0.RELEASE/bonecp-0.8.0.RELEASE.jar:/home/runner/.m2/repository/jakarta/activation/jakarta.activation-api/1.2.2/jakarta.activation-api-1.2.2.jar:/home/runner/.m2/repository/jakarta/validation/jakarta.validation-api/2.0.2/jakarta.validation-api-2.0.2.jar:/home/runner/.m2/repository/jakarta/ws/rs/jakarta.ws.rs-api/2.1.6/jakarta.ws.rs-api-2.1.6.jar:/home/runner/.m2/repository/javax/inject/javax.inject/1/javax.inject-1.jar:/home/runner/.m2/repository/org/apache/derby/derby/10.14.2.0/derby-10.14.2.0.jar:/home/runner/work/ozone/ozone/hadoop-ozone/recon-codegen/target/ozone-reconcodegen-2.1.0-SNAPSHOT.jar:/home/runner/.m2/repository/org/eclipse/jetty/jetty-servlet/9.4.57.v20241219/jetty-servlet-9.4.57.v20241219.jar:/home/runner/.m2/repository/org/eclipse/jetty/jetty-security/9.4.57.v20241219/jetty-security-9.4.57.v20241219.jar:/home/runner/.m2/repository/org/glassfish/hk2/guice-bridge/2.6.1/guice-bridge-2.6.1.jar:/home/runner/.m2/repository/org/glassfish/hk2/hk2-api/2.6.1/hk2-api-2.6.1.jar:/home/runner/.m2/repository/org/glassfish/hk2/hk2-utils/2.6.1/hk2-utils-2.6.1.jar:/home/runner/.m2/repository/org/glassfish/hk2/external/aopalliance-repackaged/2.6.1/aopalliance-repackaged-2.6.1.jar:/home/runner/.m2/repository/org/glassfish/hk2/external/jakarta.inject/2.6.1/jakarta.inject-2.6.1.jar:/home/runner/.m2/repository/org/glassfish/jersey/containers/jersey-container-servlet/2.46/jersey-container-servlet-2.46.jar:/home/runner/.m2/repository/org/glassfish/jersey/containers/jersey-container-servlet-core/2.46/jersey-container-servlet-core-2.46.jar:/home/runner/.m2/repository/org/glassfish/jersey/core/jersey-common/2.46/jersey-common-2.46.jar:/home/runner/.m2/repository/org/glassfish/hk2/osgi-resource-locator/1.0.3/osgi-resource-locator-1.0.3.jar:/home/runner/.m2/repository/org/glassfish/jersey/core/jersey-server/2.46/jersey-server-2.46.jar:/home/runner/.m2/repository/org/glassfish/jersey/core/jersey-client/2.46/jersey-client-2.46.jar:/home/runner/.m2/repository/org/glassfish/jersey/inject/jersey-hk2/2.46/jersey-hk2-2.46.jar:/home/runner/.m2/repository/org/glassfish/hk2/hk2-locator/2.6.1/hk2-locator-2.6.1.jar:/home/runner/.m2/repository/org/glassfish/jersey/media/jersey-media-jaxb/2.46/jersey-media-jaxb-2.46.jar:/home/runner/.m2/repository/org/glassfish/jersey/media/jersey-media-json-jackson/2.46/jersey-media-json-jackson-2.46.jar:/home/runner/.m2/repository/org/glassfish/jersey/ext/jersey-entity-filtering/2.46/jersey-entity-filtering-2.46.jar:/home/runner/.m2/repository/com/fasterxml/jackson/module/jackson-module-jaxb-annotations/2.16.2/jackson-module-jaxb-annotations-2.16.2.jar:/home/runner/.m2/repository/org/javassist/javassist/3.30.2-GA/javassist-3.30.2-GA.jar:/home/runner/.m2/repository/org/jooq/jooq/3.11.10/jooq-3.11.10.jar:/home/runner/.m2/repository/org/jooq/jooq-codegen/3.11.10/jooq-codegen-3.11.10.jar:/home/runner/.m2/repository/org/jooq/jooq-meta/3.11.10/jooq-meta-3.11.10.jar:/home/runner/.m2/repository/org/springframework/spring-core/5.3.39/spring-core-5.3.39.jar:/home/runner/.m2/repository/org/springframework/spring-jdbc/5.3.39/spring-jdbc-5.3.39.jar:/home/runner/.m2/repository/org/springframework/spring-beans/5.3.39/spring-beans-5.3.39.jar:/home/runner/.m2/repository/org/springframework/spring-tx/5.3.39/spring-tx-5.3.39.jar:/home/runner/.m2/repository/org/xerial/sqlite-jdbc/3.49.1.0/sqlite-jdbc-3.49.1.0.jar:/home/runner/work/ozone/ozone/hadoop-ozone/s3gateway/target/ozone-s3gateway-2.1.0-SNAPSHOT.jar:/home/runner/work/ozone/ozone/hadoop-ozone/tools/target/ozone-tools-2.1.0-SNAPSHOT.jar:/home/runner/.m2/repository/org/apache/ratis/ratis-shell/3.1.2/ratis-shell-3.1.2.jar:/home/runner/.m2/repository/org/apache/ratis/ratis-tools/3.1.2/ratis-tools-3.1.2.jar:/home/runner/.m2/repository/org/glassfish/jaxb/jaxb-runtime/2.3.9/jaxb-runtime-2.3.9.jar:/home/runner/.m2/repository/org/glassfish/jaxb/txw2/2.3.9/txw2-2.3.9.jar:/home/runner/.m2/repository/com/sun/istack/istack-commons-runtime/3.0.12/istack-commons-runtime-3.0.12.jar:/home/runner/.m2/repository/com/sun/activation/jakarta.activation/1.2.2/jakarta.activation-1.2.2.jar:/home/runner/.m2/repository/org/apache/ratis/ratis-server/3.1.2/ratis-server-3.1.2.jar:/home/runner/.m2/repository/org/apache/ratis/ratis-metrics-api/3.1.2/ratis-metrics-api-3.1.2.jar:/home/runner/.m2/repository/org/hamcrest/hamcrest/2.2/hamcrest-2.2.jar:/home/runner/.m2/repository/org/slf4j/jul-to-slf4j/2.0.17/jul-to-slf4j-2.0.17.jar:/home/runner/.m2/repository/org/apache/commons/commons-lang3/3.17.0/commons-lang3-3.17.0.jar:/home/runner/.m2/repository/org/apache/hadoop/hadoop-common/3.4.1/hadoop-common-3.4.1-tests.jar:/home/runner/.m2/repository/org/apache/hadoop/thirdparty/hadoop-shaded-protobuf_3_25/1.4.0/hadoop-shaded-protobuf_3_25-1.4.0.jar:/home/runner/.m2/repository/org/apache/hadoop/hadoop-annotations/3.4.1/hadoop-annotations-3.4.1.jar:/home/runner/.m2/repository/org/apache/hadoop/thirdparty/hadoop-shaded-guava/1.3.0/hadoop-shaded-guava-1.3.0.jar:/home/runner/.m2/repository/commons-cli/commons-cli/1.8.0/commons-cli-1.8.0.jar:/home/runner/.m2/repository/org/apache/commons/commons-math3/3.6.1/commons-math3-3.6.1.jar:/home/runner/.m2/repository/commons-net/commons-net/3.11.1/commons-net-3.11.1.jar:/home/runner/.m2/repository/org/eclipse/jetty/jetty-server/9.4.57.v20241219/jetty-server-9.4.57.v20241219.jar:/home/runner/.m2/repository/javax/servlet/jsp/jsp-api/2.1/jsp-api-2.1.jar:/home/runner/.m2/repository/com/sun/jersey/jersey-core/1.19.4/jersey-core-1.19.4.jar:/home/runner/.m2/repository/javax/ws/rs/jsr311-api/1.1.1/jsr311-api-1.1.1.jar:/home/runner/.m2/repository/com/sun/jersey/jersey-servlet/1.19.4/jersey-servlet-1.19.4.jar:/home/runner/.m2/repository/com/github/pjfanning/jersey-json/1.22.0/jersey-json-1.22.0.jar:/home/runner/.m2/repository/com/sun/xml/bind/jaxb-impl/2.2.3-1/jaxb-impl-2.2.3-1.jar:/home/runner/.m2/repository/org/codehaus/jettison/jettison/1.5.4/jettison-1.5.4.jar:/home/runner/.m2/repository/com/sun/jersey/jersey-server/1.19.4/jersey-server-1.19.4.jar:/home/runner/.m2/repository/commons-beanutils/commons-beanutils/1.9.4/commons-beanutils-1.9.4.jar:/home/runner/.m2/repository/org/apache/commons/commons-configuration2/2.11.0/commons-configuration2-2.11.0.jar:/home/runner/.m2/repository/org/apache/avro/avro/1.9.2/avro-1.9.2.jar:/home/runner/.m2/repository/com/google/re2j/re2j/1.7/re2j-1.7.jar:/home/runner/.m2/repository/com/google/code/gson/gson/2.10.1/gson-2.10.1.jar:/home/runner/.m2/repository/com/jcraft/jsch/0.1.55/jsch-0.1.55.jar:/home/runner/.m2/repository/org/apache/curator/curator-client/4.2.0/curator-client-4.2.0.jar:/home/runner/.m2/repository/org/apache/curator/curator-recipes/5.2.0/curator-recipes-5.2.0.jar:/home/runner/.m2/repository/org/apache/curator/curator-framework/4.2.0/curator-framework-4.2.0.jar:/home/runner/.m2/repository/com/google/code/findbugs/jsr305/3.0.2/jsr305-3.0.2.jar:/home/runner/.m2/repository/org/apache/zookeeper/zookeeper/3.8.4/zookeeper-3.8.4.jar:/home/runner/.m2/repository/org/apache/zookeeper/zookeeper-jute/3.8.4/zookeeper-jute-3.8.4.jar:/home/runner/.m2/repository/org/apache/yetus/audience-annotations/0.12.0/audience-annotations-0.12.0.jar:/home/runner/.m2/repository/io/netty/netty-transport-native-epoll/4.1.109.Final/netty-transport-native-epoll-4.1.109.Final.jar:/home/runner/.m2/repository/org/apache/kerby/kerb-core/1.0.1/kerb-core-1.0.1.jar:/home/runner/.m2/repository/org/apache/kerby/kerby-pkix/1.0.1/kerby-pkix-1.0.1.jar:/home/runner/.m2/repository/org/apache/kerby/kerby-asn1/1.0.1/kerby-asn1-1.0.1.jar:/home/runner/.m2/repository/org/codehaus/woodstox/stax2-api/4.2.1/stax2-api-4.2.1.jar:/home/runner/.m2/repository/com/fasterxml/woodstox/woodstox-core/5.4.0/woodstox-core-5.4.0.jar:/home/runner/.m2/repository/dnsjava/dnsjava/3.6.1/dnsjava-3.6.1.jar:/home/runner/.m2/repository/org/xerial/snappy/snappy-java/1.1.10.7/snappy-java-1.1.10.7.jar:/home/runner/.m2/repository/org/apache/hadoop/hadoop-distcp/3.4.1/hadoop-distcp-3.4.1.jar:/home/runner/.m2/repository/org/apache/hadoop/hadoop-distcp/3.4.1/hadoop-distcp-3.4.1-tests.jar:/home/runner/.m2/repository/org/apache/hadoop/hadoop-hdfs/3.4.1/hadoop-hdfs-3.4.1-tests.jar:/home/runner/.m2/repository/org/eclipse/jetty/jetty-util-ajax/9.4.57.v20241219/jetty-util-ajax-9.4.57.v20241219.jar:/home/runner/.m2/repository/commons-daemon/commons-daemon/1.4.0/commons-daemon-1.4.0.jar:/home/runner/.m2/repository/io/netty/netty-all/4.1.109.Final/netty-all-4.1.109.Final.jar:/home/runner/.m2/repository/io/netty/netty-codec-dns/4.1.109.Final/netty-codec-dns-4.1.109.Final.jar:/home/runner/.m2/repository/io/netty/netty-codec-haproxy/4.1.109.Final/netty-codec-haproxy-4.1.109.Final.jar:/home/runner/.m2/repository/io/netty/netty-codec-memcache/4.1.109.Final/netty-codec-memcache-4.1.109.Final.jar:/home/runner/.m2/repository/io/netty/netty-codec-mqtt/4.1.109.Final/netty-codec-mqtt-4.1.109.Final.jar:/home/runner/.m2/repository/io/netty/netty-codec-redis/4.1.109.Final/netty-codec-redis-4.1.109.Final.jar:/home/runner/.m2/repository/io/netty/netty-codec-smtp/4.1.109.Final/netty-codec-smtp-4.1.109.Final.jar:/home/runner/.m2/repository/io/netty/netty-codec-stomp/4.1.109.Final/netty-codec-stomp-4.1.109.Final.jar:/home/runner/.m2/repository/io/netty/netty-codec-xml/4.1.109.Final/netty-codec-xml-4.1.109.Final.jar:/home/runner/.m2/repository/io/netty/netty-handler-ssl-ocsp/4.1.109.Final/netty-handler-ssl-ocsp-4.1.109.Final.jar:/home/runner/.m2/repository/io/netty/netty-resolver-dns/4.1.109.Final/netty-resolver-dns-4.1.109.Final.jar:/home/runner/.m2/repository/io/netty/netty-transport-rxtx/4.1.109.Final/netty-transport-rxtx-4.1.109.Final.jar:/home/runner/.m2/repository/io/netty/netty-transport-sctp/4.1.109.Final/netty-transport-sctp-4.1.109.Final.jar:/home/runner/.m2/repository/io/netty/netty-transport-udt/4.1.109.Final/netty-transport-udt-4.1.109.Final.jar:/home/runner/.m2/repository/io/netty/netty-transport-classes-kqueue/4.1.109.Final/netty-transport-classes-kqueue-4.1.109.Final.jar:/home/runner/.m2/repository/io/netty/netty-resolver-dns-classes-macos/4.1.109.Final/netty-resolver-dns-classes-macos-4.1.109.Final.jar:/home/runner/.m2/repository/io/netty/netty-transport-native-epoll/4.1.109.Final/netty-transport-native-epoll-4.1.109.Final-linux-aarch_64.jar:/home/runner/.m2/repository/io/netty/netty-transport-native-epoll/4.1.109.Final/netty-transport-native-epoll-4.1.109.Final-linux-riscv64.jar:/home/runner/.m2/repository/io/netty/netty-transport-native-kqueue/4.1.109.Final/netty-transport-native-kqueue-4.1.109.Final-osx-x86_64.jar:/home/runner/.m2/repository/io/netty/netty-transport-native-kqueue/4.1.109.Final/netty-transport-native-kqueue-4.1.109.Final-osx-aarch_64.jar:/home/runner/.m2/repository/io/netty/netty-resolver-dns-native-macos/4.1.109.Final/netty-resolver-dns-native-macos-4.1.109.Final-osx-x86_64.jar:/home/runner/.m2/repository/io/netty/netty-resolver-dns-native-macos/4.1.109.Final/netty-resolver-dns-native-macos-4.1.109.Final-osx-aarch_64.jar:/home/runner/.m2/repository/org/fusesource/leveldbjni/leveldbjni-all/1.8/leveldbjni-all-1.8.jar:/home/runner/.m2/repository/org/apache/hadoop/hadoop-kms/3.4.1/hadoop-kms-3.4.1.jar:/home/runner/.m2/repository/org/apache/hadoop/hadoop-kms/3.4.1/hadoop-kms-3.4.1-tests.jar:/home/runner/.m2/repository/org/apache/hadoop/hadoop-mapreduce-client-core/3.4.1/hadoop-mapreduce-client-core-3.4.1.jar:/home/runner/.m2/repository/org/apache/hadoop/hadoop-yarn-client/3.4.1/hadoop-yarn-client-3.4.1.jar:/home/runner/.m2/repository/org/eclipse/jetty/websocket/websocket-client/9.4.53.v20231009/websocket-client-9.4.53.v20231009.jar:/home/runner/.m2/repository/org/eclipse/jetty/websocket/websocket-common/9.4.53.v20231009/websocket-common-9.4.53.v20231009.jar:/home/runner/.m2/repository/org/eclipse/jetty/websocket/websocket-api/9.4.53.v20231009/websocket-api-9.4.53.v20231009.jar:/home/runner/.m2/repository/org/apache/hadoop/hadoop-yarn-api/3.4.1/hadoop-yarn-api-3.4.1.jar:/home/runner/.m2/repository/org/apache/hadoop/hadoop-yarn-common/3.4.1/hadoop-yarn-common-3.4.1.jar:/home/runner/.m2/repository/javax/xml/bind/jaxb-api/2.2.11/jaxb-api-2.2.11.jar:/home/runner/.m2/repository/com/sun/jersey/contribs/jersey-guice/1.19.4/jersey-guice-1.19.4.jar:/home/runner/.m2/repository/org/apache/hadoop/hadoop-mapreduce-client-jobclient/3.4.1/hadoop-mapreduce-client-jobclient-3.4.1.jar:/home/runner/.m2/repository/org/apache/hadoop/hadoop-mapreduce-client-common/3.4.1/hadoop-mapreduce-client-common-3.4.1.jar:/home/runner/.m2/repository/org/apache/hadoop/hadoop-minikdc/3.4.1/hadoop-minikdc-3.4.1.jar:/home/runner/.m2/repository/org/apache/kerby/kerb-simplekdc/2.0.3/kerb-simplekdc-2.0.3.jar:/home/runner/.m2/repository/org/apache/kerby/kerb-client/2.0.3/kerb-client-2.0.3.jar:/home/runner/.m2/repository/org/apache/kerby/kerb-common/2.0.3/kerb-common-2.0.3.jar:/home/runner/.m2/repository/org/apache/kerby/token-provider/2.0.3/token-provider-2.0.3.jar:/home/runner/.m2/repository/org/apache/kerby/kerb-admin/2.0.3/kerb-admin-2.0.3.jar:/home/runner/.m2/repository/org/apache/kerby/kerb-server/2.0.3/kerb-server-2.0.3.jar:/home/runner/.m2/repository/org/apache/kerby/kerb-identity/2.0.3/kerb-identity-2.0.3.jar:/home/runner/.m2/repository/org/apache/kerby/kerby-xdr/2.0.3/kerby-xdr-2.0.3.jar:/home/runner/.m2/repository/junit/junit/4.13.2/junit-4.13.2.jar:/home/runner/.m2/repository/org/hamcrest/hamcrest-core/1.3/hamcrest-core-1.3.jar:/home/runner/work/ozone/ozone/hadoop-hdds/common/target/hdds-common-2.1.0-SNAPSHOT-tests.jar:/home/runner/.m2/repository/commons-validator/commons-validator/1.6/commons-validator-1.6.jar:/home/runner/.m2/repository/commons-digester/commons-digester/1.8.1/commons-digester-1.8.1.jar:/home/runner/.m2/repository/io/jaegertracing/jaeger-client/1.8.1/jaeger-client-1.8.1.jar:/home/runner/.m2/repository/io/jaegertracing/jaeger-thrift/1.8.1/jaeger-thrift-1.8.1.jar:/home/runner/.m2/repository/org/apache/thrift/libthrift/0.15.0/libthrift-0.15.0.jar:/home/runner/.m2/repository/com/squareup/okhttp3/okhttp/4.12.0/okhttp-4.12.0.jar:/home/runner/.m2/repository/com/squareup/okio/okio/3.6.0/okio-3.6.0.jar:/home/runner/.m2/repository/com/squareup/okio/okio-jvm/3.6.0/okio-jvm-3.6.0.jar:/home/runner/.m2/repository/org/jetbrains/kotlin/kotlin-stdlib-common/1.9.25/kotlin-stdlib-common-1.9.25.jar:/home/runner/.m2/repository/org/jetbrains/kotlin/kotlin-stdlib-jdk8/1.9.25/kotlin-stdlib-jdk8-1.9.25.jar:/home/runner/.m2/repository/org/jetbrains/kotlin/kotlin-stdlib-jdk7/1.9.25/kotlin-stdlib-jdk7-1.9.25.jar:/home/runner/.m2/repository/io/jaegertracing/jaeger-tracerresolver/1.8.1/jaeger-tracerresolver-1.8.1.jar:/home/runner/.m2/repository/io/opentracing/contrib/opentracing-tracerresolver/0.1.8/opentracing-tracerresolver-0.1.8.jar:/home/runner/.m2/repository/io/jaegertracing/jaeger-core/1.8.1/jaeger-core-1.8.1.jar:/home/runner/.m2/repository/javax/annotation/javax.annotation-api/1.3.2/javax.annotation-api-1.3.2.jar:/home/runner/work/ozone/ozone/hadoop-hdds/annotations/target/hdds-annotation-processing-2.1.0-SNAPSHOT.jar:/home/runner/.m2/repository/org/apache/ratis/ratis-metrics-dropwizard3/3.1.2/ratis-metrics-dropwizard3-3.1.2.jar:/home/runner/.m2/repository/org/bouncycastle/bcutil-jdk18on/1.80/bcutil-jdk18on-1.80.jar:/home/runner/.m2/repository/org/jetbrains/kotlin/kotlin-stdlib/1.9.25/kotlin-stdlib-1.9.25.jar:/home/runner/.m2/repository/org/jetbrains/annotations/13.0/annotations-13.0.jar:/home/runner/.m2/repository/org/slf4j/jcl-over-slf4j/2.0.17/jcl-over-slf4j-2.0.17.jar:/home/runner/.m2/repository/org/yaml/snakeyaml/2.0/snakeyaml-2.0.jar:/home/runner/work/ozone/ozone/hadoop-hdds/container-service/target/hdds-container-service-2.1.0-SNAPSHOT-tests.jar:/home/runner/.m2/repository/com/github/luben/zstd-jni/1.5.7-3/zstd-jni-1.5.7-3.jar:/home/runner/.m2/repository/io/netty/netty-buffer/4.1.109.Final/netty-buffer-4.1.109.Final.jar:/home/runner/.m2/repository/io/netty/netty-codec/4.1.109.Final/netty-codec-4.1.109.Final.jar:/home/runner/.m2/repository/log4j/apache-log4j-extras/1.2.17/apache-log4j-extras-1.2.17.jar:/home/runner/work/ozone/ozone/hadoop-hdds/framework/target/hdds-server-framework-2.1.0-SNAPSHOT-tests.jar:/home/runner/.m2/repository/com/github/jnr/jnr-constants/0.10.4/jnr-constants-0.10.4.jar:/home/runner/.m2/repository/com/github/jnr/jnr-posix/3.1.20/jnr-posix-3.1.20.jar:/home/runner/.m2/repository/com/github/jnr/jnr-ffi/2.2.17/jnr-ffi-2.2.17.jar:/home/runner/.m2/repository/com/github/jnr/jffi/1.3.13/jffi-1.3.13.jar:/home/runner/.m2/repository/com/github/jnr/jffi/1.3.13/jffi-1.3.13-native.jar:/home/runner/.m2/repository/org/ow2/asm/asm/9.7.1/asm-9.7.1.jar:/home/runner/.m2/repository/org/ow2/asm/asm-commons/9.7.1/asm-commons-9.7.1.jar:/home/runner/.m2/repository/org/ow2/asm/asm-analysis/9.7.1/asm-analysis-9.7.1.jar:/home/runner/.m2/repository/org/ow2/asm/asm-tree/9.7.1/asm-tree-9.7.1.jar:/home/runner/.m2/repository/org/ow2/asm/asm-util/9.7.1/asm-util-9.7.1.jar:/home/runner/.m2/repository/com/github/jnr/jnr-a64asm/1.0.0/jnr-a64asm-1.0.0.jar:/home/runner/.m2/repository/com/github/jnr/jnr-x86asm/1.0.2/jnr-x86asm-1.0.2.jar:/home/runner/.m2/repository/commons-fileupload/commons-fileupload/1.5/commons-fileupload-1.5.jar:/home/runner/.m2/repository/io/prometheus/simpleclient/0.16.0/simpleclient-0.16.0.jar:/home/runner/.m2/repository/io/prometheus/simpleclient_common/0.16.0/simpleclient_common-0.16.0.jar:/home/runner/.m2/repository/io/prometheus/simpleclient_dropwizard/0.16.0/simpleclient_dropwizard-0.16.0.jar:/home/runner/.m2/repository/org/apache/logging/log4j/log4j-core/2.24.2/log4j-core-2.24.2.jar:/home/runner/.m2/repository/org/eclipse/jetty/jetty-http/9.4.57.v20241219/jetty-http-9.4.57.v20241219.jar:/home/runner/.m2/repository/com/lmax/disruptor/3.4.4/disruptor-3.4.4.jar:/home/runner/.m2/repository/com/nimbusds/nimbus-jose-jwt/9.40/nimbus-jose-jwt-9.40.jar:/home/runner/.m2/repository/org/apache/kerby/kerb-util/1.0.1/kerb-util-1.0.1.jar:/home/runner/.m2/repository/org/apache/kerby/kerby-config/1.0.1/kerby-config-1.0.1.jar:/home/runner/.m2/repository/org/apache/kerby/kerb-crypto/1.0.1/kerb-crypto-1.0.1.jar:/home/runner/work/ozone/ozone/hadoop-hdds/server-scm/target/hdds-server-scm-2.1.0-SNAPSHOT-tests.jar:/home/runner/work/ozone/ozone/hadoop-hdds/test-utils/target/hdds-test-utils-2.1.0-SNAPSHOT-tests.jar:/home/runner/work/ozone/ozone/hadoop-ozone/ozone-manager/target/ozone-manager-2.1.0-SNAPSHOT-tests.jar:/home/runner/work/ozone/ozone/hadoop-ozone/mini-cluster/target/ozone-mini-cluster-2.1.0-SNAPSHOT.jar:/home/runner/.m2/repository/org/assertj/assertj-core/3.27.3/assertj-core-3.27.3.jar:/home/runner/.m2/repository/net/bytebuddy/byte-buddy/1.15.11/byte-buddy-1.15.11.jar:/home/runner/.m2/repository/org/junit/jupiter/junit-jupiter-api/5.12.2/junit-jupiter-api-5.12.2.jar:/home/runner/.m2/repository/org/opentest4j/opentest4j/1.3.0/opentest4j-1.3.0.jar:/home/runner/.m2/repository/org/junit/platform/junit-platform-commons/1.12.2/junit-platform-commons-1.12.2.jar:/home/runner/.m2/repository/org/apiguardian/apiguardian-api/1.1.2/apiguardian-api-1.1.2.jar:/home/runner/.m2/repository/org/junit/jupiter/junit-jupiter-params/5.12.2/junit-jupiter-params-5.12.2.jar:/home/runner/.m2/repository/org/mockito/mockito-core/4.11.0/mockito-core-4.11.0.jar:/home/runner/.m2/repository/net/bytebuddy/byte-buddy-agent/1.12.19/byte-buddy-agent-1.12.19.jar:/home/runner/.m2/repository/org/objenesis/objenesis/3.3/objenesis-3.3.jar:/home/runner/.m2/repository/org/mockito/mockito-inline/4.11.0/mockito-inline-4.11.0.jar:/home/runner/.m2/repository/org/mockito/mockito-junit-jupiter/4.11.0/mockito-junit-jupiter-4.11.0.jar:/home/runner/work/ozone/ozone/hadoop-ozone/integration-test/target/gradle-enterprise/test-listeners.jar:"/>
    <property name="sun.cpu.endian" value="little"/>
    <property name="user.home" value="/home/runner"/>
    <property name="user.language" value="en"/>
    <property name="java.specification.vendor" value="Oracle Corporation"/>
    <property name="skipRecon" value="true"/>
    <property name="java.version.date" value="2025-04-15"/>
    <property name="java.home" value="/usr/lib/jvm/temurin-21-jdk-amd64"/>
    <property name="java.security.krb5.conf" value="/home/runner/work/ozone/ozone/hadoop-ozone/integration-test/target/test-classes/krb5.conf"/>
    <property name="file.separator" value="/"/>
    <property name="basedir" value="/home/runner/work/ozone/ozone/hadoop-ozone/integration-test"/>
    <property name="java.vm.compressedOopsMode" value="Zero based"/>
    <property name="line.separator" value="&#10;"/>
    <property name="java.vm.specification.vendor" value="Oracle Corporation"/>
    <property name="java.specification.name" value="Java Platform API Specification"/>
    <property name="surefire.real.class.path" value="/home/runner/work/ozone/ozone/hadoop-ozone/integration-test/target/surefire/surefirebooter-20250514024326721_379.jar"/>
    <property name="hadoop.log.dir" value="/home/runner/work/ozone/ozone/hadoop-ozone/integration-test/target/log"/>
    <property name="sun.management.compiler" value="HotSpot 64-Bit Tiered Compilers"/>
    <property name="skipShade" value="true"/>
    <property name="java.runtime.version" value="21.0.7+6-LTS"/>
    <property name="user.name" value="runner"/>
    <property name="java.net.preferIPv4Stack" value="true"/>
    <property name="stdout.encoding" value="UTF-8"/>
    <property name="path.separator" value=":"/>
    <property name="java.security.egd" value="file:///dev/urandom"/>
    <property name="os.version" value="6.11.0-1013-azure"/>
    <property name="java.runtime.name" value="OpenJDK Runtime Environment"/>
    <property name="com.gradle.maven.scan.extension.test.listener.junitplatform.NestedExecutionSafeDelegatingTestExecutionListener" value="1a72a540"/>
    <property name="file.encoding" value="UTF-8"/>
    <property name="java.vm.name" value="OpenJDK 64-Bit Server VM"/>
    <property name="rocks_tools_native" value="true"/>
    <property name="java.vendor.version" value="Temurin-21.0.7+6"/>
    <property name="test.build.webapps" value=""/>
    <property name="develocity.listener.surefire.forkId" value="1"/>
    <property name="localRepository" value="/home/runner/.m2/repository"/>
    <property name="java.vendor.url.bug" value="https://github.com/adoptium/adoptium-support/issues"/>
    <property name="jetty.git.hash" value="df524e6b29271c2e09ba9aea83c18dc9db464a31"/>
    <property name="java.io.tmpdir" value="/tmp"/>
    <property name="require.test.libhadoop" value=""/>
    <property name="java.version" value="21.0.7"/>
    <property name="user.dir" value="/home/runner/work/ozone/ozone/hadoop-ozone/integration-test"/>
    <property name="os.arch" value="amd64"/>
    <property name="java.vm.specification.name" value="Java Virtual Machine Specification"/>
    <property name="test.build.classes" value="/home/runner/work/ozone/ozone/hadoop-ozone/integration-test/target/test-classes"/>
    <property name="org.apache.ratis.thirdparty.io.netty.allocator.useCacheForAllThreads" value="false"/>
    <property name="native.encoding" value="UTF-8"/>
    <property name="hadoop.tmp.dir" value="/home/runner/work/ozone/ozone/hadoop-ozone/integration-test/target/tmp"/>
    <property name="java.library.path" value="/usr/java/packages/lib:/usr/lib64:/lib64:/lib:/usr/lib"/>
    <property name="java.vm.info" value="mixed mode, sharing"/>
    <property name="stderr.encoding" value="UTF-8"/>
    <property name="java.vendor" value="Eclipse Adoptium"/>
    <property name="java.vm.version" value="21.0.7+6-LTS"/>
    <property name="sun.io.unicode.encoding" value="UnicodeLittle"/>
    <property name="develocity.listener.port" value="36525"/>
    <property name="java.class.version" value="65.0"/>
  </properties>
  <testcase name="testContainerStateMachineCloseOnMissingPipeline" classname="org.apache.hadoop.ozone.client.rpc.TestContainerStateMachineFailures" time="2.51">
    <system-out><![CDATA[2025-05-14 02:53:24,359 [main] WARN  server.ServerUtils (ServerUtils.java:getScmDbDir(138)) - ozone.scm.db.dirs is not configured. We recommend adding this setting. Falling back to ozone.metadata.dirs instead.
2025-05-14 02:53:24,576 [main] INFO  reflections.Reflections (Reflections.java:scan(219)) - Reflections took 186 ms to scan 7 urls, producing 165 keys and 367 values
2025-05-14 02:53:24,699 [main] INFO  ha.SCMHANodeDetails (SCMHANodeDetails.java:loadSCMHAConfig(162)) - ServiceID for StorageContainerManager is null
2025-05-14 02:53:24,700 [main] INFO  ha.SCMHANodeDetails (SCMHANodeDetails.java:loadSCMHAConfig(166)) - ozone.scm.default.service.id is not defined, falling back to ozone.scm.service.ids to find serviceID for StorageContainerManager if it is HA enabled cluster
2025-05-14 02:53:24,870 [main] INFO  server.RaftServerConfigKeys (ConfUtils.java:logGet(46)) - raft.server.log.appender.buffer.byte-limit = 4194304 (custom)
2025-05-14 02:53:24,894 [main] INFO  server.RaftServer (ConfUtils.java:logGet(46)) - raft.rpc.type = GRPC (default)
2025-05-14 02:53:24,945 [main] INFO  grpc.GrpcConfigKeys (ConfUtils.java:logFallback(53)) - raft.grpc.admin.host = null (fallback to raft.grpc.server.host)
2025-05-14 02:53:24,946 [main] INFO  grpc.GrpcConfigKeys (ConfUtils.java:logFallback(53)) - raft.grpc.admin.port = 15004 (fallback to raft.grpc.server.port)
2025-05-14 02:53:24,946 [main] INFO  grpc.GrpcConfigKeys (ConfUtils.java:logFallback(53)) - raft.grpc.client.host = null (fallback to raft.grpc.server.host)
2025-05-14 02:53:24,947 [main] INFO  grpc.GrpcConfigKeys (ConfUtils.java:logFallback(53)) - raft.grpc.client.port = 15004 (fallback to raft.grpc.server.port)
2025-05-14 02:53:24,947 [main] INFO  grpc.GrpcConfigKeys (ConfUtils.java:logGet(46)) - raft.grpc.server.host = null (default)
2025-05-14 02:53:24,947 [main] INFO  grpc.GrpcConfigKeys (ConfUtils.java:logGet(46)) - raft.grpc.server.port = 15004 (custom)
2025-05-14 02:53:24,948 [main] INFO  server.GrpcService (ConfUtils.java:logGet(46)) - raft.grpc.message.size.max = 5242880 (custom)
2025-05-14 02:53:24,948 [main] INFO  server.GrpcService (ConfUtils.java:logGet(46)) - raft.grpc.flow.control.window = 1MB (=1048576) (default)
2025-05-14 02:53:24,949 [main] INFO  server.RaftServerConfigKeys (ConfUtils.java:logGet(46)) - raft.server.rpc.request.timeout = 30000ms (custom)
2025-05-14 02:53:24,955 [main] INFO  grpc.GrpcConfigKeys (ConfUtils.java:logGet(46)) - raft.grpc.server.heartbeat.channel = true (default)
2025-05-14 02:53:24,955 [main] INFO  server.RaftServerConfigKeys (ConfUtils.java:logGet(46)) - raft.server.log.appender.buffer.byte-limit = 4194304 (custom)
2025-05-14 02:53:24,957 [main] INFO  grpc.GrpcConfigKeys (ConfUtils.java:logGet(46)) - raft.grpc.server.async.request.thread.pool.cached = true (default)
2025-05-14 02:53:24,958 [main] INFO  grpc.GrpcConfigKeys (ConfUtils.java:logGet(46)) - raft.grpc.server.async.request.thread.pool.size = 32 (default)
2025-05-14 02:53:25,132 [main] INFO  impl.DataStreamServerImpl (ConfUtils.java:logGet(46)) - raft.datastream.type = DISABLED (default)
2025-05-14 02:53:25,135 [main] INFO  server.RaftServerConfigKeys (ConfUtils.java:logGet(46)) - raft.server.sleep.deviation.threshold = 300ms (default)
2025-05-14 02:53:25,135 [main] INFO  server.RaftServerConfigKeys (ConfUtils.java:logGet(46)) - raft.server.close.threshold = 60s (default)
2025-05-14 02:53:25,135 [main] INFO  server.RaftServerConfigKeys (ConfUtils.java:logGet(46)) - raft.server.leaderelection.leader.step-down.wait-time = 10s (default)
2025-05-14 02:53:25,139 [main] INFO  server.RaftServerConfigKeys (ConfUtils.java:logGet(46)) - raft.server.storage.dir = [/home/runner/work/ozone/ozone/hadoop-ozone/integration-test/target/test-dir/MiniOzoneClusterImpl-af940217-b311-440f-8e09-352fdf66236b/ozone-meta/scm-ha] (custom)
2025-05-14 02:53:25,140 [main] INFO  server.RaftServerConfigKeys (ConfUtils.java:logGet(46)) - raft.server.threadpool.proxy.cached = true (default)
2025-05-14 02:53:25,141 [main] INFO  server.RaftServerConfigKeys (ConfUtils.java:logGet(46)) - raft.server.threadpool.proxy.size = 0 (default)
2025-05-14 02:53:25,147 [main] INFO  server.RaftServer (RaftServerProxy.java:addNew(100)) - 1edfeee1-83e1-4d34-a92c-2e00b570784e: addNew group-352FDF66236B:[1edfeee1-83e1-4d34-a92c-2e00b570784e|localhost:15004] returns group-352FDF66236B:java.util.concurrent.CompletableFuture@3ddeaa5f[Not completed]
2025-05-14 02:53:25,158 [1edfeee1-83e1-4d34-a92c-2e00b570784e-groupManagement] INFO  server.RaftServer$Division (RaftServerImpl.java:<init>(255)) - 1edfeee1-83e1-4d34-a92c-2e00b570784e: new RaftServerImpl for group-352FDF66236B:[1edfeee1-83e1-4d34-a92c-2e00b570784e|localhost:15004] with SCMStateMachine:uninitialized
2025-05-14 02:53:25,160 [1edfeee1-83e1-4d34-a92c-2e00b570784e-groupManagement] INFO  server.RaftServerConfigKeys (ConfUtils.java:logGet(46)) - raft.server.rpc.timeout.min = 5000ms (custom)
2025-05-14 02:53:25,160 [1edfeee1-83e1-4d34-a92c-2e00b570784e-groupManagement] INFO  server.RaftServerConfigKeys (ConfUtils.java:logGet(46)) - raft.server.rpc.timeout.max = 5200ms (custom)
2025-05-14 02:53:25,161 [1edfeee1-83e1-4d34-a92c-2e00b570784e-groupManagement] INFO  server.RaftServerConfigKeys (ConfUtils.java:logGet(46)) - raft.server.rpc.sleep.time = 25ms (default)
2025-05-14 02:53:25,162 [1edfeee1-83e1-4d34-a92c-2e00b570784e-groupManagement] INFO  server.RaftServerConfigKeys (ConfUtils.java:logGet(46)) - raft.server.rpc.slowness.timeout = 120000ms (custom)
2025-05-14 02:53:25,162 [1edfeee1-83e1-4d34-a92c-2e00b570784e-groupManagement] INFO  server.RaftServerConfigKeys (ConfUtils.java:logGet(46)) - raft.server.leaderelection.leader.step-down.wait-time = 10s (default)
2025-05-14 02:53:25,163 [1edfeee1-83e1-4d34-a92c-2e00b570784e-groupManagement] INFO  server.RaftServerConfigKeys (ConfUtils.java:logGet(46)) - raft.server.leaderelection.member.majority-add = false (default)
2025-05-14 02:53:25,163 [1edfeee1-83e1-4d34-a92c-2e00b570784e-groupManagement] INFO  server.RaftServerConfigKeys (ConfUtils.java:logGet(46)) - raft.server.sleep.deviation.threshold = 300ms (default)
2025-05-14 02:53:25,168 [1edfeee1-83e1-4d34-a92c-2e00b570784e-groupManagement] INFO  server.RaftServer$Division (ServerState.java:<init>(114)) - 1edfeee1-83e1-4d34-a92c-2e00b570784e@group-352FDF66236B: ConfigurationManager, init=conf: {index: -1, cur=peers:[1edfeee1-83e1-4d34-a92c-2e00b570784e|localhost:15004]|listeners:[], old=null}, confs=<EMPTY_MAP>
2025-05-14 02:53:25,172 [1edfeee1-83e1-4d34-a92c-2e00b570784e-groupManagement] INFO  server.RaftServerConfigKeys (ConfUtils.java:logGet(46)) - raft.server.notification.no-leader.timeout = 60s (default)
2025-05-14 02:53:25,174 [1edfeee1-83e1-4d34-a92c-2e00b570784e-groupManagement] INFO  server.RaftServerConfigKeys (ConfUtils.java:logGet(46)) - raft.server.read.timeout = 10s (default)
2025-05-14 02:53:25,177 [1edfeee1-83e1-4d34-a92c-2e00b570784e-groupManagement] INFO  server.RaftServerConfigKeys (ConfUtils.java:logGet(46)) - raft.server.retrycache.expirytime = 60000ms (default)
2025-05-14 02:53:25,177 [1edfeee1-83e1-4d34-a92c-2e00b570784e-groupManagement] INFO  server.RaftServerConfigKeys (ConfUtils.java:logGet(46)) - raft.server.retrycache.statistics.expirytime = 100ms (default)
2025-05-14 02:53:25,181 [1edfeee1-83e1-4d34-a92c-2e00b570784e-groupManagement] INFO  server.RaftServerConfigKeys (ConfUtils.java:logGet(46)) - raft.server.read.option = DEFAULT (default)
2025-05-14 02:53:25,182 [1edfeee1-83e1-4d34-a92c-2e00b570784e-groupManagement] INFO  server.RaftServerConfigKeys (ConfUtils.java:logGet(46)) - raft.server.read.read-after-write-consistent.write-index-cache.expiry-time = 60s (default)
2025-05-14 02:53:25,307 [1edfeee1-83e1-4d34-a92c-2e00b570784e-groupManagement] INFO  server.RaftServerConfigKeys (ConfUtils.java:logGet(46)) - raft.server.rpc.request.timeout = 30000ms (custom)
2025-05-14 02:53:25,309 [1edfeee1-83e1-4d34-a92c-2e00b570784e-groupManagement] INFO  server.RaftServerConfigKeys (ConfUtils.java:logGet(46)) - raft.server.log.appender.install.snapshot.enabled = false (custom)
2025-05-14 02:53:25,310 [1edfeee1-83e1-4d34-a92c-2e00b570784e-groupManagement] INFO  server.RaftServerConfigKeys (ConfUtils.java:logGet(46)) - raft.server.threadpool.server.cached = true (default)
2025-05-14 02:53:25,310 [1edfeee1-83e1-4d34-a92c-2e00b570784e-groupManagement] INFO  server.RaftServerConfigKeys (ConfUtils.java:logGet(46)) - raft.server.threadpool.server.size = 0 (default)
2025-05-14 02:53:25,311 [1edfeee1-83e1-4d34-a92c-2e00b570784e-groupManagement] INFO  server.RaftServerConfigKeys (ConfUtils.java:logGet(46)) - raft.server.threadpool.client.cached = true (default)
2025-05-14 02:53:25,311 [1edfeee1-83e1-4d34-a92c-2e00b570784e-groupManagement] INFO  server.RaftServerConfigKeys (ConfUtils.java:logGet(46)) - raft.server.threadpool.client.size = 0 (default)
2025-05-14 02:53:25,313 [1edfeee1-83e1-4d34-a92c-2e00b570784e-impl-thread1] INFO  server.RaftServerConfigKeys (ConfUtils.java:logGet(46)) - raft.server.storage.free-space.min = 0MB (=0) (default)
2025-05-14 02:53:25,314 [1edfeee1-83e1-4d34-a92c-2e00b570784e-impl-thread1] INFO  server.RaftServerConfigKeys (ConfUtils.java:logGet(46)) - raft.server.log.corruption.policy = EXCEPTION (default)
2025-05-14 02:53:25,314 [1edfeee1-83e1-4d34-a92c-2e00b570784e-impl-thread1] INFO  server.RaftServerConfigKeys (ConfUtils.java:logGet(46)) - raft.server.storage.dir = [/home/runner/work/ozone/ozone/hadoop-ozone/integration-test/target/test-dir/MiniOzoneClusterImpl-af940217-b311-440f-8e09-352fdf66236b/ozone-meta/scm-ha] (custom)
2025-05-14 02:53:25,320 [1edfeee1-83e1-4d34-a92c-2e00b570784e-impl-thread1] INFO  storage.RaftStorageDirectory (RaftStorageDirectoryImpl.java:analyzeStorage(138)) - The storage directory /home/runner/work/ozone/ozone/hadoop-ozone/integration-test/target/test-dir/MiniOzoneClusterImpl-af940217-b311-440f-8e09-352fdf66236b/ozone-meta/scm-ha/af940217-b311-440f-8e09-352fdf66236b does not exist. Creating ...
2025-05-14 02:53:25,322 [1edfeee1-83e1-4d34-a92c-2e00b570784e-impl-thread1] INFO  storage.RaftStorageDirectory (RaftStorageDirectoryImpl.java:tryLock(229)) - Lock on /home/runner/work/ozone/ozone/hadoop-ozone/integration-test/target/test-dir/MiniOzoneClusterImpl-af940217-b311-440f-8e09-352fdf66236b/ozone-meta/scm-ha/af940217-b311-440f-8e09-352fdf66236b/in_use.lock acquired by nodename 34763@localhost
2025-05-14 02:53:25,326 [1edfeee1-83e1-4d34-a92c-2e00b570784e-impl-thread1] INFO  storage.RaftStorage (RaftStorageImpl.java:format(98)) - Storage directory /home/runner/work/ozone/ozone/hadoop-ozone/integration-test/target/test-dir/MiniOzoneClusterImpl-af940217-b311-440f-8e09-352fdf66236b/ozone-meta/scm-ha/af940217-b311-440f-8e09-352fdf66236b has been successfully formatted.
2025-05-14 02:53:25,328 [1edfeee1-83e1-4d34-a92c-2e00b570784e-impl-thread1] INFO  ha.SCMStateMachine (SCMStateMachine.java:lambda$initialize$0(135)) - 1edfeee1-83e1-4d34-a92c-2e00b570784e: initialize group-352FDF66236B
2025-05-14 02:53:25,329 [1edfeee1-83e1-4d34-a92c-2e00b570784e-impl-thread1] INFO  server.RaftServerConfigKeys (ConfUtils.java:logGet(46)) - raft.server.log.use.memory = false (default)
2025-05-14 02:53:25,335 [1edfeee1-83e1-4d34-a92c-2e00b570784e-impl-thread1] INFO  server.RaftServerConfigKeys (ConfUtils.java:logGet(46)) - raft.server.log.purge.gap = 1000000 (custom)
2025-05-14 02:53:25,335 [1edfeee1-83e1-4d34-a92c-2e00b570784e-impl-thread1] INFO  server.RaftServerConfigKeys (ConfUtils.java:logGet(46)) - raft.server.log.appender.buffer.byte-limit = 4194304 (custom)
2025-05-14 02:53:25,336 [1edfeee1-83e1-4d34-a92c-2e00b570784e-impl-thread1] INFO  server.RaftServerConfigKeys (ConfUtils.java:logGet(46)) - raft.server.log.statemachine.data.read.timeout = 1000ms (default)
2025-05-14 02:53:25,336 [1edfeee1-83e1-4d34-a92c-2e00b570784e-impl-thread1] INFO  server.RaftServerConfigKeys (ConfUtils.java:logGet(46)) - raft.server.log.purge.preservation.log.num = 0 (default)
2025-05-14 02:53:25,339 [1edfeee1-83e1-4d34-a92c-2e00b570784e-impl-thread1] INFO  server.RaftServerConfigKeys (ConfUtils.java:logGet(46)) - raft.server.log.segment.size.max = 4194304 (custom)
2025-05-14 02:53:25,343 [1edfeee1-83e1-4d34-a92c-2e00b570784e-impl-thread1] INFO  server.RaftServerConfigKeys (ConfUtils.java:logGet(46)) - raft.server.log.segment.cache.num.max = 2 (custom)
2025-05-14 02:53:25,343 [1edfeee1-83e1-4d34-a92c-2e00b570784e-impl-thread1] INFO  server.RaftServerConfigKeys (ConfUtils.java:logGet(46)) - raft.server.log.segment.cache.size.max = 200MB (=209715200) (default)
2025-05-14 02:53:25,344 [1edfeee1-83e1-4d34-a92c-2e00b570784e-impl-thread1] INFO  server.RaftServerConfigKeys (ConfUtils.java:logGet(46)) - raft.server.log.appender.buffer.byte-limit = 4194304 (custom)
2025-05-14 02:53:25,345 [1edfeee1-83e1-4d34-a92c-2e00b570784e-impl-thread1] INFO  util.AwaitToRun (AwaitToRun.java:start(81)) - Thread[#39,1edfeee1-83e1-4d34-a92c-2e00b570784e@group-352FDF66236B-cacheEviction-AwaitToRun,5,main] started
2025-05-14 02:53:25,349 [1edfeee1-83e1-4d34-a92c-2e00b570784e-impl-thread1] INFO  segmented.SegmentedRaftLogWorker (SegmentedRaftLogWorker.java:<init>(188)) - new 1edfeee1-83e1-4d34-a92c-2e00b570784e@group-352FDF66236B-SegmentedRaftLogWorker for RaftStorageImpl:Storage Directory /home/runner/work/ozone/ozone/hadoop-ozone/integration-test/target/test-dir/MiniOzoneClusterImpl-af940217-b311-440f-8e09-352fdf66236b/ozone-meta/scm-ha/af940217-b311-440f-8e09-352fdf66236b
2025-05-14 02:53:25,350 [1edfeee1-83e1-4d34-a92c-2e00b570784e-impl-thread1] INFO  server.RaftServerConfigKeys (ConfUtils.java:logGet(46)) - raft.server.log.queue.byte-limit = 64MB (=67108864) (default)
2025-05-14 02:53:25,350 [1edfeee1-83e1-4d34-a92c-2e00b570784e-impl-thread1] INFO  server.RaftServerConfigKeys (ConfUtils.java:logGet(46)) - raft.server.log.queue.element-limit = 4096 (default)
2025-05-14 02:53:25,351 [1edfeee1-83e1-4d34-a92c-2e00b570784e-impl-thread1] INFO  server.RaftServerConfigKeys (ConfUtils.java:logGet(46)) - raft.server.log.segment.size.max = 4194304 (custom)
2025-05-14 02:53:25,352 [1edfeee1-83e1-4d34-a92c-2e00b570784e-impl-thread1] INFO  server.RaftServerConfigKeys (ConfUtils.java:logGet(46)) - raft.server.log.preallocated.size = 4194304 (custom)
2025-05-14 02:53:25,352 [1edfeee1-83e1-4d34-a92c-2e00b570784e-impl-thread1] INFO  server.RaftServerConfigKeys (ConfUtils.java:logGet(46)) - raft.server.log.force.sync.num = 128 (default)
2025-05-14 02:53:25,353 [1edfeee1-83e1-4d34-a92c-2e00b570784e-impl-thread1] INFO  server.RaftServerConfigKeys (ConfUtils.java:logGet(46)) - raft.server.log.statemachine.data.sync = true (default)
2025-05-14 02:53:25,353 [1edfeee1-83e1-4d34-a92c-2e00b570784e-impl-thread1] INFO  server.RaftServerConfigKeys (ConfUtils.java:logGet(46)) - raft.server.log.statemachine.data.sync.timeout = 10s (default)
2025-05-14 02:53:25,354 [1edfeee1-83e1-4d34-a92c-2e00b570784e-impl-thread1] INFO  server.RaftServerConfigKeys (ConfUtils.java:logGet(46)) - raft.server.log.statemachine.data.sync.timeout.retry = -1 (default)
2025-05-14 02:53:25,356 [1edfeee1-83e1-4d34-a92c-2e00b570784e-impl-thread1] INFO  server.RaftServerConfigKeys (ConfUtils.java:logGet(46)) - raft.server.log.write.buffer.size = 4194312 (custom)
2025-05-14 02:53:25,358 [1edfeee1-83e1-4d34-a92c-2e00b570784e-impl-thread1] INFO  server.RaftServerConfigKeys (ConfUtils.java:logGet(46)) - raft.server.log.appender.buffer.byte-limit = 4194304 (custom)
2025-05-14 02:53:25,358 [1edfeee1-83e1-4d34-a92c-2e00b570784e-impl-thread1] INFO  server.RaftServerConfigKeys (ConfUtils.java:logGet(46)) - raft.server.log.unsafe-flush.enabled = false (default)
2025-05-14 02:53:25,359 [1edfeee1-83e1-4d34-a92c-2e00b570784e-impl-thread1] INFO  server.RaftServerConfigKeys (ConfUtils.java:logGet(46)) - raft.server.log.async-flush.enabled = false (default)
2025-05-14 02:53:25,359 [1edfeee1-83e1-4d34-a92c-2e00b570784e-impl-thread1] INFO  server.RaftServerConfigKeys (ConfUtils.java:logGet(46)) - raft.server.log.statemachine.data.caching.enabled = false (default)
2025-05-14 02:53:25,364 [1edfeee1-83e1-4d34-a92c-2e00b570784e-impl-thread1] INFO  segmented.SegmentedRaftLogWorker (SegmentedRaftLogWorker.java:lambda$new$0(139)) - 1edfeee1-83e1-4d34-a92c-2e00b570784e@group-352FDF66236B-SegmentedRaftLogWorker: flushIndex: setUnconditionally 0 -> -1
2025-05-14 02:53:25,364 [1edfeee1-83e1-4d34-a92c-2e00b570784e-impl-thread1] INFO  segmented.SegmentedRaftLogWorker (SegmentedRaftLogWorker.java:lambda$new$0(139)) - 1edfeee1-83e1-4d34-a92c-2e00b570784e@group-352FDF66236B-SegmentedRaftLogWorker: safeCacheEvictIndex: setUnconditionally 0 -> -1
2025-05-14 02:53:25,366 [1edfeee1-83e1-4d34-a92c-2e00b570784e-impl-thread1] INFO  server.RaftServer$Division (RaftServerImpl.java:start(391)) - 1edfeee1-83e1-4d34-a92c-2e00b570784e@group-352FDF66236B: start as a follower, conf=conf: {index: -1, cur=peers:[1edfeee1-83e1-4d34-a92c-2e00b570784e|localhost:15004]|listeners:[], old=null}
2025-05-14 02:53:25,366 [1edfeee1-83e1-4d34-a92c-2e00b570784e-impl-thread1] INFO  server.RaftServer$Division (RaftServerImpl.java:setRole(378)) - 1edfeee1-83e1-4d34-a92c-2e00b570784e@group-352FDF66236B: changes role from      null to FOLLOWER at term 0 for startAsFollower
2025-05-14 02:53:25,367 [1edfeee1-83e1-4d34-a92c-2e00b570784e-impl-thread1] INFO  impl.RoleInfo (RoleInfo.java:updateAndGet(148)) - 1edfeee1-83e1-4d34-a92c-2e00b570784e: start 1edfeee1-83e1-4d34-a92c-2e00b570784e@group-352FDF66236B-FollowerState
2025-05-14 02:53:25,368 [1edfeee1-83e1-4d34-a92c-2e00b570784e@group-352FDF66236B-FollowerState] INFO  server.RaftServerConfigKeys (ConfUtils.java:logGet(46)) - raft.server.rpc.first-election.timeout.min = 1000ms (custom)
2025-05-14 02:53:25,368 [1edfeee1-83e1-4d34-a92c-2e00b570784e@group-352FDF66236B-FollowerState] INFO  server.RaftServerConfigKeys (ConfUtils.java:logGet(46)) - raft.server.rpc.first-election.timeout.max = 1200ms (custom)
2025-05-14 02:53:25,370 [1edfeee1-83e1-4d34-a92c-2e00b570784e-impl-thread1] INFO  util.JmxRegister (JmxRegister.java:tryRegister(44)) - Successfully registered JMX Bean with object name Ratis:service=RaftServer,group=group-352FDF66236B,id=1edfeee1-83e1-4d34-a92c-2e00b570784e
2025-05-14 02:53:25,370 [1edfeee1-83e1-4d34-a92c-2e00b570784e-impl-thread1] INFO  util.JmxRegister (JmxRegister.java:register(58)) - register mxBean class org.apache.ratis.server.impl.RaftServerJmxAdapter as Ratis:service=RaftServer,group=group-352FDF66236B,id=1edfeee1-83e1-4d34-a92c-2e00b570784e
2025-05-14 02:53:25,371 [1edfeee1-83e1-4d34-a92c-2e00b570784e-impl-thread1] INFO  server.RaftServerConfigKeys (ConfUtils.java:logGet(46)) - raft.server.snapshot.trigger-when-stop.enabled = true (default)
2025-05-14 02:53:25,372 [1edfeee1-83e1-4d34-a92c-2e00b570784e-impl-thread1] INFO  server.RaftServerConfigKeys (ConfUtils.java:logGet(46)) - raft.server.snapshot.trigger-when-remove.enabled = true (default)
2025-05-14 02:53:25,372 [1edfeee1-83e1-4d34-a92c-2e00b570784e-impl-thread1] INFO  server.RaftServerConfigKeys (ConfUtils.java:logGet(46)) - raft.server.snapshot.auto.trigger.enabled = true (custom)
2025-05-14 02:53:25,372 [1edfeee1-83e1-4d34-a92c-2e00b570784e-impl-thread1] INFO  server.RaftServerConfigKeys (ConfUtils.java:logGet(46)) - raft.server.snapshot.auto.trigger.threshold = 1000 (custom)
2025-05-14 02:53:25,373 [1edfeee1-83e1-4d34-a92c-2e00b570784e-impl-thread1] INFO  server.RaftServerConfigKeys (ConfUtils.java:logGet(46)) - raft.server.snapshot.retention.file.num = -1 (default)
2025-05-14 02:53:25,373 [1edfeee1-83e1-4d34-a92c-2e00b570784e-impl-thread1] INFO  server.RaftServerConfigKeys (ConfUtils.java:logGet(46)) - raft.server.log.purge.upto.snapshot.index = false (default)
2025-05-14 02:53:25,376 [1edfeee1-83e1-4d34-a92c-2e00b570784e-impl-thread1] INFO  server.RaftServer$Division (RaftServerImpl.java:start(405)) - 1edfeee1-83e1-4d34-a92c-2e00b570784e@group-352FDF66236B: Successfully started.
2025-05-14 02:53:25,377 [main] INFO  server.RaftServer (RaftServerProxy.java:startImpl(407)) - 1edfeee1-83e1-4d34-a92c-2e00b570784e: start RPC server
2025-05-14 02:53:25,410 [main] INFO  server.GrpcService (GrpcService.java:startImpl(334)) - 1edfeee1-83e1-4d34-a92c-2e00b570784e: GrpcService started, listening on 15004
2025-05-14 02:53:25,412 [JvmPauseMonitor0] INFO  util.JvmPauseMonitor (JvmPauseMonitor.java:run(146)) - JvmPauseMonitor-1edfeee1-83e1-4d34-a92c-2e00b570784e: Started
2025-05-14 02:53:26,499 [1edfeee1-83e1-4d34-a92c-2e00b570784e@group-352FDF66236B-FollowerState] INFO  impl.FollowerState (FollowerState.java:runImpl(161)) - 1edfeee1-83e1-4d34-a92c-2e00b570784e@group-352FDF66236B-FollowerState: change to CANDIDATE, lastRpcElapsedTime:1132111814ns, electionTimeout:1130ms
2025-05-14 02:53:26,500 [1edfeee1-83e1-4d34-a92c-2e00b570784e@group-352FDF66236B-FollowerState] INFO  impl.RoleInfo (RoleInfo.java:shutdownFollowerState(121)) - 1edfeee1-83e1-4d34-a92c-2e00b570784e: shutdown 1edfeee1-83e1-4d34-a92c-2e00b570784e@group-352FDF66236B-FollowerState
2025-05-14 02:53:26,500 [1edfeee1-83e1-4d34-a92c-2e00b570784e@group-352FDF66236B-FollowerState] INFO  server.RaftServer$Division (RaftServerImpl.java:setRole(378)) - 1edfeee1-83e1-4d34-a92c-2e00b570784e@group-352FDF66236B: changes role from  FOLLOWER to CANDIDATE at term 0 for changeToCandidate
2025-05-14 02:53:26,502 [1edfeee1-83e1-4d34-a92c-2e00b570784e@group-352FDF66236B-FollowerState] INFO  server.RaftServerConfigKeys (ConfUtils.java:logGet(46)) - raft.server.leaderelection.pre-vote = true (default)
2025-05-14 02:53:26,502 [1edfeee1-83e1-4d34-a92c-2e00b570784e@group-352FDF66236B-FollowerState] INFO  impl.RoleInfo (RoleInfo.java:updateAndGet(148)) - 1edfeee1-83e1-4d34-a92c-2e00b570784e: start 1edfeee1-83e1-4d34-a92c-2e00b570784e@group-352FDF66236B-LeaderElection1
2025-05-14 02:53:26,504 [1edfeee1-83e1-4d34-a92c-2e00b570784e@group-352FDF66236B-LeaderElection1] INFO  impl.LeaderElection (LeaderElection.java:askForVotes(332)) - 1edfeee1-83e1-4d34-a92c-2e00b570784e@group-352FDF66236B-LeaderElection1 PRE_VOTE round 0: submit vote requests at term 0 for conf: {index: -1, cur=peers:[1edfeee1-83e1-4d34-a92c-2e00b570784e|localhost:15004]|listeners:[], old=null}
2025-05-14 02:53:26,505 [1edfeee1-83e1-4d34-a92c-2e00b570784e@group-352FDF66236B-LeaderElection1] INFO  impl.LeaderElection (LeaderElection.java:askForVotes(334)) - 1edfeee1-83e1-4d34-a92c-2e00b570784e@group-352FDF66236B-LeaderElection1 PRE_VOTE round 0: result PASSED (term=0)
2025-05-14 02:53:26,507 [1edfeee1-83e1-4d34-a92c-2e00b570784e@group-352FDF66236B-LeaderElection1] INFO  impl.LeaderElection (LeaderElection.java:askForVotes(332)) - 1edfeee1-83e1-4d34-a92c-2e00b570784e@group-352FDF66236B-LeaderElection1 ELECTION round 0: submit vote requests at term 1 for conf: {index: -1, cur=peers:[1edfeee1-83e1-4d34-a92c-2e00b570784e|localhost:15004]|listeners:[], old=null}
2025-05-14 02:53:26,507 [1edfeee1-83e1-4d34-a92c-2e00b570784e@group-352FDF66236B-LeaderElection1] INFO  impl.LeaderElection (LeaderElection.java:askForVotes(334)) - 1edfeee1-83e1-4d34-a92c-2e00b570784e@group-352FDF66236B-LeaderElection1 ELECTION round 0: result PASSED (term=1)
2025-05-14 02:53:26,507 [1edfeee1-83e1-4d34-a92c-2e00b570784e@group-352FDF66236B-LeaderElection1] INFO  impl.RoleInfo (RoleInfo.java:shutdownLeaderElection(141)) - 1edfeee1-83e1-4d34-a92c-2e00b570784e: shutdown 1edfeee1-83e1-4d34-a92c-2e00b570784e@group-352FDF66236B-LeaderElection1
2025-05-14 02:53:26,508 [1edfeee1-83e1-4d34-a92c-2e00b570784e@group-352FDF66236B-LeaderElection1] INFO  server.RaftServer$Division (RaftServerImpl.java:setRole(378)) - 1edfeee1-83e1-4d34-a92c-2e00b570784e@group-352FDF66236B: changes role from CANDIDATE to LEADER at term 1 for changeToLeader
2025-05-14 02:53:26,511 [1edfeee1-83e1-4d34-a92c-2e00b570784e@group-352FDF66236B-LeaderElection1] INFO  server.RaftServerConfigKeys (ConfUtils.java:logGet(46)) - raft.server.staging.catchup.gap = 1000 (default)
2025-05-14 02:53:26,513 [1edfeee1-83e1-4d34-a92c-2e00b570784e@group-352FDF66236B-LeaderElection1] INFO  server.RaftServerConfigKeys (ConfUtils.java:logGet(46)) - raft.server.write.element-limit = 4096 (default)
2025-05-14 02:53:26,513 [1edfeee1-83e1-4d34-a92c-2e00b570784e@group-352FDF66236B-LeaderElection1] INFO  server.RaftServerConfigKeys (ConfUtils.java:logGet(46)) - raft.server.write.byte-limit = 64MB (=67108864) (default)
2025-05-14 02:53:26,516 [1edfeee1-83e1-4d34-a92c-2e00b570784e@group-352FDF66236B-LeaderElection1] INFO  server.RaftServerConfigKeys (ConfUtils.java:logGet(46)) - raft.server.watch.timeout = 10s (default)
2025-05-14 02:53:26,516 [1edfeee1-83e1-4d34-a92c-2e00b570784e@group-352FDF66236B-LeaderElection1] INFO  server.RaftServerConfigKeys (ConfUtils.java:logGet(46)) - raft.server.watch.timeout.denomination = 1s (default)
2025-05-14 02:53:26,516 [1edfeee1-83e1-4d34-a92c-2e00b570784e@group-352FDF66236B-LeaderElection1] INFO  server.RaftServerConfigKeys (ConfUtils.java:logGet(46)) - raft.server.watch.element-limit = 65536 (default)
2025-05-14 02:53:26,521 [1edfeee1-83e1-4d34-a92c-2e00b570784e@group-352FDF66236B-LeaderElection1] INFO  server.RaftServerConfigKeys (ConfUtils.java:logGet(46)) - raft.server.read.leader.lease.enabled = false (default)
2025-05-14 02:53:26,523 [1edfeee1-83e1-4d34-a92c-2e00b570784e@group-352FDF66236B-LeaderElection1] INFO  server.RaftServerConfigKeys (ConfUtils.java:logGet(46)) - raft.server.read.leader.lease.timeout.ratio = 0.9 (default)
2025-05-14 02:53:26,523 [1edfeee1-83e1-4d34-a92c-2e00b570784e@group-352FDF66236B-LeaderElection1] INFO  server.RaftServerConfigKeys (ConfUtils.java:logGet(46)) - raft.server.rpc.timeout.min = 5000ms (custom)
2025-05-14 02:53:26,523 [1edfeee1-83e1-4d34-a92c-2e00b570784e@group-352FDF66236B-LeaderElection1] INFO  server.RaftServerConfigKeys (ConfUtils.java:logGet(46)) - raft.server.log.log-metadata.enabled = true (default)
2025-05-14 02:53:26,523 [1edfeee1-83e1-4d34-a92c-2e00b570784e@group-352FDF66236B-LeaderElection1] INFO  server.RaftServerConfigKeys (ConfUtils.java:logGet(46)) - raft.server.write.element-limit = 4096 (default)
2025-05-14 02:53:26,524 [1edfeee1-83e1-4d34-a92c-2e00b570784e@group-352FDF66236B-LeaderElection1] INFO  server.RaftServerConfigKeys (ConfUtils.java:logGet(46)) - raft.server.write.follower.gap.ratio.max = -1.0 (default)
2025-05-14 02:53:26,525 [1edfeee1-83e1-4d34-a92c-2e00b570784e@group-352FDF66236B-LeaderElection1] INFO  impl.RoleInfo (RoleInfo.java:updateAndGet(148)) - 1edfeee1-83e1-4d34-a92c-2e00b570784e: start 1edfeee1-83e1-4d34-a92c-2e00b570784e@group-352FDF66236B-LeaderStateImpl
2025-05-14 02:53:26,525 [1edfeee1-83e1-4d34-a92c-2e00b570784e@group-352FDF66236B-LeaderElection1] INFO  server.RaftServer$Division (RaftServerImpl.java:setFirstElection(562)) - 1edfeee1-83e1-4d34-a92c-2e00b570784e@group-352FDF66236B: set firstElectionSinceStartup to false for becomeLeader
2025-05-14 02:53:26,525 [1edfeee1-83e1-4d34-a92c-2e00b570784e@group-352FDF66236B-LeaderElection1] INFO  server.RaftServer$Division (ServerState.java:setLeader(272)) - 1edfeee1-83e1-4d34-a92c-2e00b570784e@group-352FDF66236B: change Leader from null to 1edfeee1-83e1-4d34-a92c-2e00b570784e at term 1 for becomeLeader, leader elected after 1353ms
2025-05-14 02:53:26,540 [1edfeee1-83e1-4d34-a92c-2e00b570784e@group-352FDF66236B-LeaderElection1] INFO  segmented.SegmentedRaftLogWorker (SegmentedRaftLogWorker.java:startLogSegment(438)) - 1edfeee1-83e1-4d34-a92c-2e00b570784e@group-352FDF66236B-SegmentedRaftLogWorker: Starting segment from index:0
2025-05-14 02:53:26,554 [1edfeee1-83e1-4d34-a92c-2e00b570784e@group-352FDF66236B-LeaderElection1] INFO  server.RaftServer$Division (ServerState.java:setRaftConf(386)) - 1edfeee1-83e1-4d34-a92c-2e00b570784e@group-352FDF66236B: set configuration conf: {index: 0, cur=peers:[1edfeee1-83e1-4d34-a92c-2e00b570784e|localhost:15004]|listeners:[], old=null}
2025-05-14 02:53:26,562 [1edfeee1-83e1-4d34-a92c-2e00b570784e@group-352FDF66236B-SegmentedRaftLogWorker] INFO  segmented.BufferedWriteChannel (BufferedWriteChannel.java:open(61)) - open log_inprogress_0 at position 0
2025-05-14 02:53:26,570 [1edfeee1-83e1-4d34-a92c-2e00b570784e@group-352FDF66236B-SegmentedRaftLogWorker] INFO  segmented.SegmentedRaftLogWorker (SegmentedRaftLogWorker.java:execute(644)) - 1edfeee1-83e1-4d34-a92c-2e00b570784e@group-352FDF66236B-SegmentedRaftLogWorker: created new log segment /home/runner/work/ozone/ozone/hadoop-ozone/integration-test/target/test-dir/MiniOzoneClusterImpl-af940217-b311-440f-8e09-352fdf66236b/ozone-meta/scm-ha/af940217-b311-440f-8e09-352fdf66236b/current/log_inprogress_0
2025-05-14 02:53:26,577 [1edfeee1-83e1-4d34-a92c-2e00b570784e@group-352FDF66236B-StateMachineUpdater] INFO  server.RaftServer$Division (LeaderStateImpl.java:checkStartIndex(313)) - Leader 1edfeee1-83e1-4d34-a92c-2e00b570784e@group-352FDF66236B-LeaderStateImpl is ready since appliedIndex == startIndex == 0
2025-05-14 02:53:27,413 [main] INFO  server.RaftServer (RaftServerProxy.java:lambda$close$9(417)) - 1edfeee1-83e1-4d34-a92c-2e00b570784e: close
2025-05-14 02:53:27,414 [main] INFO  server.GrpcService (GrpcService.java:closeImpl(343)) - 1edfeee1-83e1-4d34-a92c-2e00b570784e: shutdown server GrpcServerProtocolService now
2025-05-14 02:53:27,414 [1edfeee1-83e1-4d34-a92c-2e00b570784e-impl-thread1] INFO  server.RaftServer$Division (RaftServerImpl.java:lambda$close$1(513)) - 1edfeee1-83e1-4d34-a92c-2e00b570784e@group-352FDF66236B: shutdown
2025-05-14 02:53:27,414 [1edfeee1-83e1-4d34-a92c-2e00b570784e-impl-thread1] INFO  util.JmxRegister (JmxRegister.java:unregister(74)) - Successfully un-registered JMX Bean with object name Ratis:service=RaftServer,group=group-352FDF66236B,id=1edfeee1-83e1-4d34-a92c-2e00b570784e
2025-05-14 02:53:27,414 [1edfeee1-83e1-4d34-a92c-2e00b570784e-impl-thread1] INFO  impl.RoleInfo (RoleInfo.java:shutdownLeaderState(103)) - 1edfeee1-83e1-4d34-a92c-2e00b570784e: shutdown 1edfeee1-83e1-4d34-a92c-2e00b570784e@group-352FDF66236B-LeaderStateImpl
2025-05-14 02:53:27,418 [1edfeee1-83e1-4d34-a92c-2e00b570784e-impl-thread1] INFO  impl.PendingRequests (PendingRequests.java:sendNotLeaderResponses(287)) - 1edfeee1-83e1-4d34-a92c-2e00b570784e@group-352FDF66236B-PendingRequests: sendNotLeaderResponses
2025-05-14 02:53:27,419 [main] INFO  server.GrpcService (GrpcService.java:closeImpl(352)) - 1edfeee1-83e1-4d34-a92c-2e00b570784e: shutdown server GrpcServerProtocolService successfully
2025-05-14 02:53:27,421 [1edfeee1-83e1-4d34-a92c-2e00b570784e-impl-thread1] INFO  impl.StateMachineUpdater (StateMachineUpdater.java:stopAndJoin(164)) - 1edfeee1-83e1-4d34-a92c-2e00b570784e@group-352FDF66236B-StateMachineUpdater: set stopIndex = 0
2025-05-14 02:53:27,421 [1edfeee1-83e1-4d34-a92c-2e00b570784e@group-352FDF66236B-StateMachineUpdater] INFO  impl.StateMachineUpdater (StateMachineUpdater.java:takeSnapshot(303)) - 1edfeee1-83e1-4d34-a92c-2e00b570784e@group-352FDF66236B-StateMachineUpdater: Took a snapshot at index 0
2025-05-14 02:53:27,421 [1edfeee1-83e1-4d34-a92c-2e00b570784e@group-352FDF66236B-StateMachineUpdater] INFO  impl.StateMachineUpdater (StateMachineUpdater.java:lambda$new$0(102)) - 1edfeee1-83e1-4d34-a92c-2e00b570784e@group-352FDF66236B-StateMachineUpdater: snapshotIndex: updateIncreasingly -1 -> 0
2025-05-14 02:53:27,423 [1edfeee1-83e1-4d34-a92c-2e00b570784e@group-352FDF66236B-StateMachineUpdater] INFO  impl.StateMachineUpdater (StateMachineUpdater.java:stop(141)) - 1edfeee1-83e1-4d34-a92c-2e00b570784e@group-352FDF66236B-StateMachineUpdater: closing SCMStateMachine, lastApplied=(t:1, i:0)
2025-05-14 02:53:27,423 [1edfeee1-83e1-4d34-a92c-2e00b570784e@group-352FDF66236B-cacheEviction-AwaitToRun] INFO  util.AwaitToRun (AwaitToRun.java:run(49)) - 1edfeee1-83e1-4d34-a92c-2e00b570784e@group-352FDF66236B-cacheEviction-AwaitToRun-AwaitForSignal is interrupted
2025-05-14 02:53:27,575 [1edfeee1-83e1-4d34-a92c-2e00b570784e-impl-thread1] INFO  segmented.SegmentedRaftLogWorker (SegmentedRaftLogWorker.java:close(252)) - 1edfeee1-83e1-4d34-a92c-2e00b570784e@group-352FDF66236B-SegmentedRaftLogWorker close()
2025-05-14 02:53:27,579 [JvmPauseMonitor0] INFO  util.JvmPauseMonitor (JvmPauseMonitor.java:run(152)) - JvmPauseMonitor-1edfeee1-83e1-4d34-a92c-2e00b570784e: Stopped
2025-05-14 02:53:27,609 [main] WARN  server.ServerUtils (ServerUtils.java:getScmDbDir(138)) - ozone.scm.db.dirs is not configured. We recommend adding this setting. Falling back to ozone.metadata.dirs instead.
2025-05-14 02:53:27,611 [main] INFO  ha.SCMHANodeDetails (SCMHANodeDetails.java:loadSCMHAConfig(162)) - ServiceID for StorageContainerManager is null
2025-05-14 02:53:27,611 [main] INFO  ha.SCMHANodeDetails (SCMHANodeDetails.java:loadSCMHAConfig(166)) - ozone.scm.default.service.id is not defined, falling back to ozone.scm.service.ids to find serviceID for StorageContainerManager if it is HA enabled cluster
2025-05-14 02:53:27,954 [main] WARN  utils.HAUtils (HAUtils.java:getMetaDir(311)) - ozone.scm.db.dirs is not configured. We recommend adding this setting. Falling back to ozone.metadata.dirs instead.
2025-05-14 02:53:28,081 [main] WARN  db.DBStoreBuilder (DBStoreBuilder.java:getDBDirPath(160)) - ozone.scm.db.dirs is not configured. We recommend adding this setting. Falling back to ozone.metadata.dirs instead.
2025-05-14 02:53:28,237 [main] INFO  net.NodeSchemaLoader (NodeSchemaLoader.java:loadSchemaFromFile(128)) - Loading schema from [jar:file:/home/runner/work/ozone/ozone/hadoop-hdds/common/target/hdds-common-2.1.0-SNAPSHOT.jar!/network-topology-default.xml]
2025-05-14 02:53:28,239 [main] INFO  net.NodeSchemaLoader (NodeSchemaLoader.java:loadSchema(175)) - Loading network topology layer schema file
2025-05-14 02:53:28,326 [main] INFO  ha.SCMRatisServerImpl (SCMRatisServerImpl.java:<init>(100)) - starting Raft server for scm:1edfeee1-83e1-4d34-a92c-2e00b570784e
2025-05-14 02:53:28,329 [main] INFO  server.RaftServerConfigKeys (ConfUtils.java:logGet(46)) - raft.server.log.appender.buffer.byte-limit = 4194304 (custom)
2025-05-14 02:53:28,332 [main] INFO  server.RaftServer (ConfUtils.java:logGet(46)) - raft.rpc.type = GRPC (default)
2025-05-14 02:53:28,332 [main] INFO  grpc.GrpcConfigKeys (ConfUtils.java:logFallback(53)) - raft.grpc.admin.host = null (fallback to raft.grpc.server.host)
2025-05-14 02:53:28,332 [main] INFO  grpc.GrpcConfigKeys (ConfUtils.java:logFallback(53)) - raft.grpc.admin.port = 15004 (fallback to raft.grpc.server.port)
2025-05-14 02:53:28,333 [main] INFO  grpc.GrpcConfigKeys (ConfUtils.java:logFallback(53)) - raft.grpc.client.host = null (fallback to raft.grpc.server.host)
2025-05-14 02:53:28,333 [main] INFO  grpc.GrpcConfigKeys (ConfUtils.java:logFallback(53)) - raft.grpc.client.port = 15004 (fallback to raft.grpc.server.port)
2025-05-14 02:53:28,334 [main] INFO  grpc.GrpcConfigKeys (ConfUtils.java:logGet(46)) - raft.grpc.server.host = null (default)
2025-05-14 02:53:28,334 [main] INFO  grpc.GrpcConfigKeys (ConfUtils.java:logGet(46)) - raft.grpc.server.port = 15004 (custom)
2025-05-14 02:53:28,334 [main] INFO  server.GrpcService (ConfUtils.java:logGet(46)) - raft.grpc.message.size.max = 5242880 (custom)
2025-05-14 02:53:28,334 [main] INFO  server.GrpcService (ConfUtils.java:logGet(46)) - raft.grpc.flow.control.window = 1MB (=1048576) (default)
2025-05-14 02:53:28,335 [main] INFO  server.RaftServerConfigKeys (ConfUtils.java:logGet(46)) - raft.server.rpc.request.timeout = 30000ms (custom)
2025-05-14 02:53:28,335 [main] INFO  grpc.GrpcConfigKeys (ConfUtils.java:logGet(46)) - raft.grpc.server.heartbeat.channel = true (default)
2025-05-14 02:53:28,335 [main] INFO  server.RaftServerConfigKeys (ConfUtils.java:logGet(46)) - raft.server.log.appender.buffer.byte-limit = 4194304 (custom)
2025-05-14 02:53:28,335 [main] INFO  grpc.GrpcConfigKeys (ConfUtils.java:logGet(46)) - raft.grpc.server.async.request.thread.pool.cached = true (default)
2025-05-14 02:53:28,335 [main] INFO  grpc.GrpcConfigKeys (ConfUtils.java:logGet(46)) - raft.grpc.server.async.request.thread.pool.size = 32 (default)
2025-05-14 02:53:28,337 [main] INFO  impl.DataStreamServerImpl (ConfUtils.java:logGet(46)) - raft.datastream.type = DISABLED (default)
2025-05-14 02:53:28,337 [main] INFO  server.RaftServerConfigKeys (ConfUtils.java:logGet(46)) - raft.server.sleep.deviation.threshold = 300ms (default)
2025-05-14 02:53:28,337 [main] INFO  server.RaftServerConfigKeys (ConfUtils.java:logGet(46)) - raft.server.close.threshold = 60s (default)
2025-05-14 02:53:28,337 [main] INFO  server.RaftServerConfigKeys (ConfUtils.java:logGet(46)) - raft.server.leaderelection.leader.step-down.wait-time = 10s (default)
2025-05-14 02:53:28,338 [main] INFO  server.RaftServerConfigKeys (ConfUtils.java:logGet(46)) - raft.server.storage.dir = [/home/runner/work/ozone/ozone/hadoop-ozone/integration-test/target/test-dir/MiniOzoneClusterImpl-af940217-b311-440f-8e09-352fdf66236b/ozone-meta/scm-ha] (custom)
2025-05-14 02:53:28,338 [main] INFO  server.RaftServerConfigKeys (ConfUtils.java:logGet(46)) - raft.server.threadpool.proxy.cached = true (default)
2025-05-14 02:53:28,338 [main] INFO  server.RaftServerConfigKeys (ConfUtils.java:logGet(46)) - raft.server.threadpool.proxy.size = 0 (default)
2025-05-14 02:53:28,339 [1edfeee1-83e1-4d34-a92c-2e00b570784e-impl-thread1] INFO  server.RaftServer (RaftServerProxy.java:initGroupDir(265)) - 1edfeee1-83e1-4d34-a92c-2e00b570784e: found a subdirectory /home/runner/work/ozone/ozone/hadoop-ozone/integration-test/target/test-dir/MiniOzoneClusterImpl-af940217-b311-440f-8e09-352fdf66236b/ozone-meta/scm-ha/af940217-b311-440f-8e09-352fdf66236b
2025-05-14 02:53:28,339 [main] INFO  server.RaftServer (RaftServerProxy.java:addNew(100)) - 1edfeee1-83e1-4d34-a92c-2e00b570784e: addNew group-352FDF66236B:[] returns group-352FDF66236B:java.util.concurrent.CompletableFuture@72eed547[Not completed]
2025-05-14 02:53:28,341 [1edfeee1-83e1-4d34-a92c-2e00b570784e-groupManagement] INFO  server.RaftServer$Division (RaftServerImpl.java:<init>(255)) - 1edfeee1-83e1-4d34-a92c-2e00b570784e: new RaftServerImpl for group-352FDF66236B:[] with SCMStateMachine:uninitialized
2025-05-14 02:53:28,341 [1edfeee1-83e1-4d34-a92c-2e00b570784e-groupManagement] INFO  server.RaftServerConfigKeys (ConfUtils.java:logGet(46)) - raft.server.rpc.timeout.min = 5000ms (custom)
2025-05-14 02:53:28,342 [1edfeee1-83e1-4d34-a92c-2e00b570784e-groupManagement] INFO  server.RaftServerConfigKeys (ConfUtils.java:logGet(46)) - raft.server.rpc.timeout.max = 5200ms (custom)
2025-05-14 02:53:28,342 [1edfeee1-83e1-4d34-a92c-2e00b570784e-groupManagement] INFO  server.RaftServerConfigKeys (ConfUtils.java:logGet(46)) - raft.server.rpc.sleep.time = 25ms (default)
2025-05-14 02:53:28,342 [1edfeee1-83e1-4d34-a92c-2e00b570784e-groupManagement] INFO  server.RaftServerConfigKeys (ConfUtils.java:logGet(46)) - raft.server.rpc.slowness.timeout = 120000ms (custom)
2025-05-14 02:53:28,342 [1edfeee1-83e1-4d34-a92c-2e00b570784e-groupManagement] INFO  server.RaftServerConfigKeys (ConfUtils.java:logGet(46)) - raft.server.leaderelection.leader.step-down.wait-time = 10s (default)
2025-05-14 02:53:28,342 [1edfeee1-83e1-4d34-a92c-2e00b570784e-groupManagement] INFO  server.RaftServerConfigKeys (ConfUtils.java:logGet(46)) - raft.server.leaderelection.member.majority-add = false (default)
2025-05-14 02:53:28,342 [1edfeee1-83e1-4d34-a92c-2e00b570784e-groupManagement] INFO  server.RaftServerConfigKeys (ConfUtils.java:logGet(46)) - raft.server.sleep.deviation.threshold = 300ms (default)
2025-05-14 02:53:28,342 [1edfeee1-83e1-4d34-a92c-2e00b570784e-groupManagement] INFO  server.RaftServer$Division (ServerState.java:<init>(114)) - 1edfeee1-83e1-4d34-a92c-2e00b570784e@group-352FDF66236B: ConfigurationManager, init=conf: {index: -1, cur=peers:[]|listeners:[], old=null}, confs=<EMPTY_MAP>
2025-05-14 02:53:28,344 [1edfeee1-83e1-4d34-a92c-2e00b570784e-groupManagement] INFO  server.RaftServerConfigKeys (ConfUtils.java:logGet(46)) - raft.server.notification.no-leader.timeout = 60s (default)
2025-05-14 02:53:28,344 [1edfeee1-83e1-4d34-a92c-2e00b570784e-groupManagement] INFO  server.RaftServerConfigKeys (ConfUtils.java:logGet(46)) - raft.server.read.timeout = 10s (default)
2025-05-14 02:53:28,344 [1edfeee1-83e1-4d34-a92c-2e00b570784e-groupManagement] INFO  server.RaftServerConfigKeys (ConfUtils.java:logGet(46)) - raft.server.retrycache.expirytime = 60000ms (default)
2025-05-14 02:53:28,344 [1edfeee1-83e1-4d34-a92c-2e00b570784e-groupManagement] INFO  server.RaftServerConfigKeys (ConfUtils.java:logGet(46)) - raft.server.retrycache.statistics.expirytime = 100ms (default)
2025-05-14 02:53:28,345 [1edfeee1-83e1-4d34-a92c-2e00b570784e-groupManagement] INFO  server.RaftServerConfigKeys (ConfUtils.java:logGet(46)) - raft.server.read.option = DEFAULT (default)
2025-05-14 02:53:28,345 [1edfeee1-83e1-4d34-a92c-2e00b570784e-groupManagement] INFO  server.RaftServerConfigKeys (ConfUtils.java:logGet(46)) - raft.server.read.read-after-write-consistent.write-index-cache.expiry-time = 60s (default)
2025-05-14 02:53:28,353 [1edfeee1-83e1-4d34-a92c-2e00b570784e-groupManagement] INFO  server.RaftServerConfigKeys (ConfUtils.java:logGet(46)) - raft.server.rpc.request.timeout = 30000ms (custom)
2025-05-14 02:53:28,354 [1edfeee1-83e1-4d34-a92c-2e00b570784e-groupManagement] INFO  server.RaftServerConfigKeys (ConfUtils.java:logGet(46)) - raft.server.log.appender.install.snapshot.enabled = false (custom)
2025-05-14 02:53:28,354 [1edfeee1-83e1-4d34-a92c-2e00b570784e-groupManagement] INFO  server.RaftServerConfigKeys (ConfUtils.java:logGet(46)) - raft.server.threadpool.server.cached = true (default)
2025-05-14 02:53:28,354 [1edfeee1-83e1-4d34-a92c-2e00b570784e-groupManagement] INFO  server.RaftServerConfigKeys (ConfUtils.java:logGet(46)) - raft.server.threadpool.server.size = 0 (default)
2025-05-14 02:53:28,354 [1edfeee1-83e1-4d34-a92c-2e00b570784e-groupManagement] INFO  server.RaftServerConfigKeys (ConfUtils.java:logGet(46)) - raft.server.threadpool.client.cached = true (default)
2025-05-14 02:53:28,355 [1edfeee1-83e1-4d34-a92c-2e00b570784e-groupManagement] INFO  server.RaftServerConfigKeys (ConfUtils.java:logGet(46)) - raft.server.threadpool.client.size = 0 (default)
2025-05-14 02:53:28,356 [main] INFO  ha.SCMSnapshotProvider (SCMSnapshotProvider.java:<init>(61)) - Initializing SCM Snapshot Provider
2025-05-14 02:53:28,356 [main] WARN  server.ServerUtils (ServerUtils.java:getDefaultRatisDirectory(304)) - Storage directory for Ratis is not configured. It is a good idea to map this to an SSD disk. Falling back to ozone.metadata.dirs
2025-05-14 02:53:28,357 [main] WARN  ha.SCMHAUtils (SCMHAUtils.java:getSCMRatisSnapshotDirectory(120)) - SCM snapshot dir is not configured. Falling back to ozone.metadata.dirs config
2025-05-14 02:53:28,379 [main] INFO  upgrade.AbstractLayoutVersionManager (AbstractLayoutVersionManager.java:init(80)) - Initializing Layout version manager with metadata layout = HBASE_SUPPORT (version = 8), software layout = HBASE_SUPPORT (version = 8)
2025-05-14 02:53:28,400 [main] INFO  ha.SequenceIdGenerator (SequenceIdGenerator.java:upgradeToSequenceId(355)) - upgrade localId to 115816896921600000
2025-05-14 02:53:28,401 [main] INFO  ha.SequenceIdGenerator (SequenceIdGenerator.java:upgradeToSequenceId(365)) - upgrade delTxnId to 0
2025-05-14 02:53:28,405 [main] INFO  ha.SequenceIdGenerator (SequenceIdGenerator.java:upgradeToSequenceId(382)) - upgrade containerId to 0
2025-05-14 02:53:28,407 [main] INFO  ha.SequenceIdGenerator (SequenceIdGenerator.java:upgradeToCertificateSequenceId(419)) - upgrade CertificateId to 2
2025-05-14 02:53:28,409 [main] INFO  ha.SequenceIdGenerator (SequenceIdGenerator.java:<init>(232)) - Init the HA SequenceIdGenerator.
2025-05-14 02:53:28,451 [main] INFO  node.SCMNodeManager (SCMNodeManager.java:<init>(182)) - Entering startup safe mode.
2025-05-14 02:53:28,462 [main] INFO  algorithms.ContainerPlacementPolicyFactory (ContainerPlacementPolicyFactory.java:getPolicyInternal(84)) - Create container placement policy of type org.apache.hadoop.hdds.scm.container.placement.algorithms.SCMContainerPlacementRackAware
2025-05-14 02:53:28,466 [main] INFO  algorithms.ContainerPlacementPolicyFactory (ContainerPlacementPolicyFactory.java:getPolicyInternal(84)) - Create container placement policy of type org.apache.hadoop.hdds.scm.container.placement.algorithms.SCMContainerPlacementRackScatter
2025-05-14 02:53:28,473 [main] INFO  pipeline.PipelineStateManagerImpl (PipelineStateManagerImpl.java:initialize(75)) - No pipeline exists in current db
2025-05-14 02:53:28,485 [main] INFO  algorithms.LeaderChoosePolicyFactory (LeaderChoosePolicyFactory.java:getPolicy(55)) - Create leader choose policy of type org.apache.hadoop.hdds.scm.pipeline.leader.choose.algorithms.MinLeaderCountChoosePolicy
2025-05-14 02:53:28,485 [main] INFO  algorithms.ContainerPlacementPolicyFactory (ContainerPlacementPolicyFactory.java:getPolicyInternal(84)) - Create container placement policy of type org.apache.hadoop.hdds.scm.container.placement.algorithms.SCMContainerPlacementRackScatter
2025-05-14 02:53:28,491 [main] INFO  ha.SCMServiceManager (SCMServiceManager.java:register(42)) - Registering service BackgroundPipelineCreator.
2025-05-14 02:53:28,491 [main] INFO  pipeline.BackgroundPipelineCreator (BackgroundPipelineCreator.java:start(126)) - Starting RatisPipelineUtilsThread.
2025-05-14 02:53:28,493 [main] INFO  BackgroundPipelineScrubber (BackgroundSCMService.java:start(64)) - Starting BackgroundPipelineScrubber Service.
2025-05-14 02:53:28,494 [main] INFO  ha.SCMServiceManager (SCMServiceManager.java:register(42)) - Registering service BackgroundPipelineScrubber.
2025-05-14 02:53:28,499 [main] INFO  ExpiredContainerReplicaOpScrubber (BackgroundSCMService.java:start(64)) - Starting ExpiredContainerReplicaOpScrubber Service.
2025-05-14 02:53:28,499 [main] INFO  ha.SCMServiceManager (SCMServiceManager.java:register(42)) - Registering service ExpiredContainerReplicaOpScrubber.
2025-05-14 02:53:28,519 [main] INFO  algorithms.PipelineChoosePolicyFactory (PipelineChoosePolicyFactory.java:createPipelineChoosePolicyFromClass(78)) - Create pipeline choose policy of type org.apache.hadoop.hdds.scm.pipeline.choose.algorithms.RandomPipelineChoosePolicy
2025-05-14 02:53:28,520 [main] INFO  algorithms.PipelineChoosePolicyFactory (PipelineChoosePolicyFactory.java:createPipelineChoosePolicyFromClass(78)) - Create pipeline choose policy of type org.apache.hadoop.hdds.scm.pipeline.choose.algorithms.RandomPipelineChoosePolicy
2025-05-14 02:53:28,546 [main] INFO  ha.SCMServiceManager (SCMServiceManager.java:register(42)) - Registering service SCMBlockDeletingService.
2025-05-14 02:53:28,591 [main] INFO  replication.ReplicationManager (ReplicationManager.java:start(285)) - Starting Replication Monitor Thread.
2025-05-14 02:53:28,592 [main] INFO  ha.SCMServiceManager (SCMServiceManager.java:register(42)) - Registering service ReplicationManager.
2025-05-14 02:53:28,600 [main] INFO  safemode.RatisContainerSafeModeRule (RatisContainerSafeModeRule.java:initializeRule(160)) - Refreshed Containers with one replica threshold count 0.
2025-05-14 02:53:28,602 [main] INFO  safemode.ECContainerSafeModeRule (ECContainerSafeModeRule.java:initializeRule(205)) - Refreshed Containers with ec n replica threshold count 0.
2025-05-14 02:53:28,605 [main] INFO  safemode.HealthyPipelineSafeModeRule (HealthyPipelineSafeModeRule.java:initializeRule(177)) - Total pipeline count is 0, healthy pipeline threshold count is 1
2025-05-14 02:53:28,608 [main] INFO  safemode.OneReplicaPipelineSafeModeRule (OneReplicaPipelineSafeModeRule.java:initializeRule(190)) - Total pipeline count is 0, pipeline's with at least one datanode reported threshold count is 0
2025-05-14 02:53:28,644 [main] INFO  server.StorageContainerManager (StorageContainerManager.java:<init>(430)) - SCM start with adminUsers: [runner]
2025-05-14 02:53:28,852 [main] INFO  audit.AuditLogger (AuditLogger.java:refreshDebugCmdSet(133)) - Refresh DebugCmdSet for SCMAudit to [].
2025-05-14 02:53:28,869 [main] INFO  ipc.CallQueueManager (CallQueueManager.java:<init>(93)) - Using callQueue: class java.util.concurrent.LinkedBlockingQueue, queueCapacity: 10000, scheduler: class org.apache.hadoop.ipc.DefaultRpcScheduler, ipcBackoff: false, ipcFailOver: false.
2025-05-14 02:53:28,890 [main] INFO  ipc.Server (Server.java:<init>(1438)) - Listener at 0.0.0.0:15002
2025-05-14 02:53:28,891 [Socket Reader #1 for port 15002] INFO  ipc.Server (Server.java:run(1474)) - Starting Socket Reader #1 for port 15002
2025-05-14 02:53:28,892 [Socket Reader #3 for port 15002] INFO  ipc.Server (Server.java:run(1474)) - Starting Socket Reader #3 for port 15002
2025-05-14 02:53:28,891 [Socket Reader #2 for port 15002] INFO  ipc.Server (Server.java:run(1474)) - Starting Socket Reader #2 for port 15002
2025-05-14 02:53:28,893 [Socket Reader #4 for port 15002] INFO  ipc.Server (Server.java:run(1474)) - Starting Socket Reader #4 for port 15002
2025-05-14 02:53:28,893 [Socket Reader #5 for port 15002] INFO  ipc.Server (Server.java:run(1474)) - Starting Socket Reader #5 for port 15002
2025-05-14 02:53:28,893 [Socket Reader #6 for port 15002] INFO  ipc.Server (Server.java:run(1474)) - Starting Socket Reader #6 for port 15002
2025-05-14 02:53:28,894 [Socket Reader #7 for port 15002] INFO  ipc.Server (Server.java:run(1474)) - Starting Socket Reader #7 for port 15002
2025-05-14 02:53:28,894 [Socket Reader #9 for port 15002] INFO  ipc.Server (Server.java:run(1474)) - Starting Socket Reader #9 for port 15002
2025-05-14 02:53:28,895 [Socket Reader #10 for port 15002] INFO  ipc.Server (Server.java:run(1474)) - Starting Socket Reader #10 for port 15002
2025-05-14 02:53:28,895 [Socket Reader #8 for port 15002] INFO  ipc.Server (Server.java:run(1474)) - Starting Socket Reader #8 for port 15002
2025-05-14 02:53:28,927 [main] INFO  audit.AuditLogger (AuditLogger.java:refreshDebugCmdSet(133)) - Refresh DebugCmdSet for SCMAudit to [].
2025-05-14 02:53:28,931 [main] INFO  ipc.CallQueueManager (CallQueueManager.java:<init>(93)) - Using callQueue: class java.util.concurrent.LinkedBlockingQueue, queueCapacity: 10000, scheduler: class org.apache.hadoop.ipc.DefaultRpcScheduler, ipcBackoff: false, ipcFailOver: false.
2025-05-14 02:53:28,932 [main] INFO  ipc.Server (Server.java:<init>(1438)) - Listener at 0.0.0.0:15001
2025-05-14 02:53:28,932 [Socket Reader #1 for port 15001] INFO  ipc.Server (Server.java:run(1474)) - Starting Socket Reader #1 for port 15001
2025-05-14 02:53:28,933 [Socket Reader #3 for port 15001] INFO  ipc.Server (Server.java:run(1474)) - Starting Socket Reader #3 for port 15001
2025-05-14 02:53:28,933 [Socket Reader #4 for port 15001] INFO  ipc.Server (Server.java:run(1474)) - Starting Socket Reader #4 for port 15001
2025-05-14 02:53:28,933 [Socket Reader #5 for port 15001] INFO  ipc.Server (Server.java:run(1474)) - Starting Socket Reader #5 for port 15001
2025-05-14 02:53:28,934 [Socket Reader #6 for port 15001] INFO  ipc.Server (Server.java:run(1474)) - Starting Socket Reader #6 for port 15001
2025-05-14 02:53:28,934 [Socket Reader #7 for port 15001] INFO  ipc.Server (Server.java:run(1474)) - Starting Socket Reader #7 for port 15001
2025-05-14 02:53:28,935 [Socket Reader #2 for port 15001] INFO  ipc.Server (Server.java:run(1474)) - Starting Socket Reader #2 for port 15001
2025-05-14 02:53:28,936 [Socket Reader #8 for port 15001] INFO  ipc.Server (Server.java:run(1474)) - Starting Socket Reader #8 for port 15001
2025-05-14 02:53:28,938 [Socket Reader #9 for port 15001] INFO  ipc.Server (Server.java:run(1474)) - Starting Socket Reader #9 for port 15001
2025-05-14 02:53:28,938 [Socket Reader #10 for port 15001] INFO  ipc.Server (Server.java:run(1474)) - Starting Socket Reader #10 for port 15001
2025-05-14 02:53:28,975 [main] INFO  audit.AuditLogger (AuditLogger.java:refreshDebugCmdSet(133)) - Refresh DebugCmdSet for SCMAudit to [].
2025-05-14 02:53:28,985 [main] INFO  ipc.CallQueueManager (CallQueueManager.java:<init>(93)) - Using callQueue: class java.util.concurrent.LinkedBlockingQueue, queueCapacity: 10000, scheduler: class org.apache.hadoop.ipc.DefaultRpcScheduler, ipcBackoff: false, ipcFailOver: false.
2025-05-14 02:53:28,986 [main] INFO  ipc.Server (Server.java:<init>(1438)) - Listener at 0.0.0.0:15000
2025-05-14 02:53:28,987 [Socket Reader #1 for port 15000] INFO  ipc.Server (Server.java:run(1474)) - Starting Socket Reader #1 for port 15000
2025-05-14 02:53:28,987 [Socket Reader #2 for port 15000] INFO  ipc.Server (Server.java:run(1474)) - Starting Socket Reader #2 for port 15000
2025-05-14 02:53:28,987 [Socket Reader #3 for port 15000] INFO  ipc.Server (Server.java:run(1474)) - Starting Socket Reader #3 for port 15000
2025-05-14 02:53:28,991 [Socket Reader #4 for port 15000] INFO  ipc.Server (Server.java:run(1474)) - Starting Socket Reader #4 for port 15000
2025-05-14 02:53:28,992 [Socket Reader #5 for port 15000] INFO  ipc.Server (Server.java:run(1474)) - Starting Socket Reader #5 for port 15000
2025-05-14 02:53:28,995 [Socket Reader #6 for port 15000] INFO  ipc.Server (Server.java:run(1474)) - Starting Socket Reader #6 for port 15000
2025-05-14 02:53:28,995 [Socket Reader #7 for port 15000] INFO  ipc.Server (Server.java:run(1474)) - Starting Socket Reader #7 for port 15000
2025-05-14 02:53:28,997 [Socket Reader #8 for port 15000] INFO  ipc.Server (Server.java:run(1474)) - Starting Socket Reader #8 for port 15000
2025-05-14 02:53:28,998 [Socket Reader #9 for port 15000] INFO  ipc.Server (Server.java:run(1474)) - Starting Socket Reader #9 for port 15000
2025-05-14 02:53:28,999 [Socket Reader #10 for port 15000] INFO  ipc.Server (Server.java:run(1474)) - Starting Socket Reader #10 for port 15000
2025-05-14 02:53:29,046 [main] INFO  ha.SCMServiceManager (SCMServiceManager.java:register(42)) - Registering service ContainerBalancer.
2025-05-14 02:53:29,047 [main] INFO  ha.SCMContext (SCMContext.java:updateSafeModeStatus(224)) - Update SafeModeStatus from SafeModeStatus{safeModeStatus=true, preCheckPassed=false} to SafeModeStatus{safeModeStatus=true, preCheckPassed=false}.
2025-05-14 02:53:29,055 [main] INFO  server.StorageContainerManager (StorageContainerManager.java:start(1507)) - StorageContainerLocationProtocol RPC server is listening at /0.0.0.0:15000
2025-05-14 02:53:29,056 [main] INFO  ha.SCMRatisServerImpl (SCMRatisServerImpl.java:start(203)) - starting ratis server 0.0.0.0:15004
2025-05-14 02:53:29,056 [1edfeee1-83e1-4d34-a92c-2e00b570784e-impl-thread1] INFO  server.RaftServerConfigKeys (ConfUtils.java:logGet(46)) - raft.server.storage.free-space.min = 0MB (=0) (default)
2025-05-14 02:53:29,057 [1edfeee1-83e1-4d34-a92c-2e00b570784e-impl-thread1] INFO  server.RaftServerConfigKeys (ConfUtils.java:logGet(46)) - raft.server.log.corruption.policy = EXCEPTION (default)
2025-05-14 02:53:29,057 [1edfeee1-83e1-4d34-a92c-2e00b570784e-impl-thread1] INFO  server.RaftServerConfigKeys (ConfUtils.java:logGet(46)) - raft.server.storage.dir = [/home/runner/work/ozone/ozone/hadoop-ozone/integration-test/target/test-dir/MiniOzoneClusterImpl-af940217-b311-440f-8e09-352fdf66236b/ozone-meta/scm-ha] (custom)
2025-05-14 02:53:29,058 [1edfeee1-83e1-4d34-a92c-2e00b570784e-impl-thread1] INFO  storage.RaftStorageDirectory (RaftStorageDirectoryImpl.java:tryLock(229)) - Lock on /home/runner/work/ozone/ozone/hadoop-ozone/integration-test/target/test-dir/MiniOzoneClusterImpl-af940217-b311-440f-8e09-352fdf66236b/ozone-meta/scm-ha/af940217-b311-440f-8e09-352fdf66236b/in_use.lock acquired by nodename 34763@localhost
2025-05-14 02:53:29,061 [1edfeee1-83e1-4d34-a92c-2e00b570784e-impl-thread1] INFO  storage.RaftStorage (RaftStorageImpl.java:analyzeAndRecoverStorage(118)) - Read RaftStorageMetadata{term=1, votedFor=1edfeee1-83e1-4d34-a92c-2e00b570784e} from /home/runner/work/ozone/ozone/hadoop-ozone/integration-test/target/test-dir/MiniOzoneClusterImpl-af940217-b311-440f-8e09-352fdf66236b/ozone-meta/scm-ha/af940217-b311-440f-8e09-352fdf66236b/current/raft-meta
2025-05-14 02:53:29,063 [1edfeee1-83e1-4d34-a92c-2e00b570784e-impl-thread1] INFO  server.RaftServer$Division (ServerState.java:setRaftConf(386)) - 1edfeee1-83e1-4d34-a92c-2e00b570784e@group-352FDF66236B: set configuration conf: {index: 0, cur=peers:[1edfeee1-83e1-4d34-a92c-2e00b570784e|localhost:15004]|listeners:[], old=null}
2025-05-14 02:53:29,063 [1edfeee1-83e1-4d34-a92c-2e00b570784e-impl-thread1] INFO  ha.SCMStateMachine (SCMStateMachine.java:lambda$initialize$0(135)) - 1edfeee1-83e1-4d34-a92c-2e00b570784e: initialize group-352FDF66236B
2025-05-14 02:53:29,064 [1edfeee1-83e1-4d34-a92c-2e00b570784e-impl-thread1] INFO  server.RaftServerConfigKeys (ConfUtils.java:logGet(46)) - raft.server.log.use.memory = false (default)
2025-05-14 02:53:29,064 [1edfeee1-83e1-4d34-a92c-2e00b570784e-impl-thread1] INFO  server.RaftServerConfigKeys (ConfUtils.java:logGet(46)) - raft.server.log.purge.gap = 1000000 (custom)
2025-05-14 02:53:29,064 [1edfeee1-83e1-4d34-a92c-2e00b570784e-impl-thread1] INFO  server.RaftServerConfigKeys (ConfUtils.java:logGet(46)) - raft.server.log.appender.buffer.byte-limit = 4194304 (custom)
2025-05-14 02:53:29,064 [1edfeee1-83e1-4d34-a92c-2e00b570784e-impl-thread1] INFO  server.RaftServerConfigKeys (ConfUtils.java:logGet(46)) - raft.server.log.statemachine.data.read.timeout = 1000ms (default)
2025-05-14 02:53:29,064 [1edfeee1-83e1-4d34-a92c-2e00b570784e-impl-thread1] INFO  server.RaftServerConfigKeys (ConfUtils.java:logGet(46)) - raft.server.log.purge.preservation.log.num = 0 (default)
2025-05-14 02:53:29,066 [1edfeee1-83e1-4d34-a92c-2e00b570784e-impl-thread1] INFO  server.RaftServerConfigKeys (ConfUtils.java:logGet(46)) - raft.server.log.segment.size.max = 4194304 (custom)
2025-05-14 02:53:29,067 [1edfeee1-83e1-4d34-a92c-2e00b570784e-impl-thread1] INFO  server.RaftServerConfigKeys (ConfUtils.java:logGet(46)) - raft.server.log.segment.cache.num.max = 2 (custom)
2025-05-14 02:53:29,067 [1edfeee1-83e1-4d34-a92c-2e00b570784e-impl-thread1] INFO  server.RaftServerConfigKeys (ConfUtils.java:logGet(46)) - raft.server.log.segment.cache.size.max = 200MB (=209715200) (default)
2025-05-14 02:53:29,067 [1edfeee1-83e1-4d34-a92c-2e00b570784e-impl-thread1] INFO  server.RaftServerConfigKeys (ConfUtils.java:logGet(46)) - raft.server.log.appender.buffer.byte-limit = 4194304 (custom)
2025-05-14 02:53:29,067 [1edfeee1-83e1-4d34-a92c-2e00b570784e-impl-thread1] INFO  util.AwaitToRun (AwaitToRun.java:start(81)) - Thread[#112,1edfeee1-83e1-4d34-a92c-2e00b570784e@group-352FDF66236B-cacheEviction-AwaitToRun,5,main] started
2025-05-14 02:53:29,067 [1edfeee1-83e1-4d34-a92c-2e00b570784e-impl-thread1] INFO  segmented.SegmentedRaftLogWorker (SegmentedRaftLogWorker.java:<init>(188)) - new 1edfeee1-83e1-4d34-a92c-2e00b570784e@group-352FDF66236B-SegmentedRaftLogWorker for RaftStorageImpl:Storage Directory /home/runner/work/ozone/ozone/hadoop-ozone/integration-test/target/test-dir/MiniOzoneClusterImpl-af940217-b311-440f-8e09-352fdf66236b/ozone-meta/scm-ha/af940217-b311-440f-8e09-352fdf66236b
2025-05-14 02:53:29,068 [1edfeee1-83e1-4d34-a92c-2e00b570784e-impl-thread1] INFO  server.RaftServerConfigKeys (ConfUtils.java:logGet(46)) - raft.server.log.queue.byte-limit = 64MB (=67108864) (default)
2025-05-14 02:53:29,068 [1edfeee1-83e1-4d34-a92c-2e00b570784e-impl-thread1] INFO  server.RaftServerConfigKeys (ConfUtils.java:logGet(46)) - raft.server.log.queue.element-limit = 4096 (default)
2025-05-14 02:53:29,068 [1edfeee1-83e1-4d34-a92c-2e00b570784e-impl-thread1] INFO  server.RaftServerConfigKeys (ConfUtils.java:logGet(46)) - raft.server.log.segment.size.max = 4194304 (custom)
2025-05-14 02:53:29,068 [1edfeee1-83e1-4d34-a92c-2e00b570784e-impl-thread1] INFO  server.RaftServerConfigKeys (ConfUtils.java:logGet(46)) - raft.server.log.preallocated.size = 4194304 (custom)
2025-05-14 02:53:29,068 [1edfeee1-83e1-4d34-a92c-2e00b570784e-impl-thread1] INFO  server.RaftServerConfigKeys (ConfUtils.java:logGet(46)) - raft.server.log.force.sync.num = 128 (default)
2025-05-14 02:53:29,068 [1edfeee1-83e1-4d34-a92c-2e00b570784e-impl-thread1] INFO  server.RaftServerConfigKeys (ConfUtils.java:logGet(46)) - raft.server.log.statemachine.data.sync = true (default)
2025-05-14 02:53:29,068 [1edfeee1-83e1-4d34-a92c-2e00b570784e-impl-thread1] INFO  server.RaftServerConfigKeys (ConfUtils.java:logGet(46)) - raft.server.log.statemachine.data.sync.timeout = 10s (default)
2025-05-14 02:53:29,068 [1edfeee1-83e1-4d34-a92c-2e00b570784e-impl-thread1] INFO  server.RaftServerConfigKeys (ConfUtils.java:logGet(46)) - raft.server.log.statemachine.data.sync.timeout.retry = -1 (default)
2025-05-14 02:53:29,069 [1edfeee1-83e1-4d34-a92c-2e00b570784e-impl-thread1] INFO  server.RaftServerConfigKeys (ConfUtils.java:logGet(46)) - raft.server.log.write.buffer.size = 4194312 (custom)
2025-05-14 02:53:29,069 [1edfeee1-83e1-4d34-a92c-2e00b570784e-impl-thread1] INFO  server.RaftServerConfigKeys (ConfUtils.java:logGet(46)) - raft.server.log.appender.buffer.byte-limit = 4194304 (custom)
2025-05-14 02:53:29,069 [1edfeee1-83e1-4d34-a92c-2e00b570784e-impl-thread1] INFO  server.RaftServerConfigKeys (ConfUtils.java:logGet(46)) - raft.server.log.unsafe-flush.enabled = false (default)
2025-05-14 02:53:29,069 [1edfeee1-83e1-4d34-a92c-2e00b570784e-impl-thread1] INFO  server.RaftServerConfigKeys (ConfUtils.java:logGet(46)) - raft.server.log.async-flush.enabled = false (default)
2025-05-14 02:53:29,070 [1edfeee1-83e1-4d34-a92c-2e00b570784e-impl-thread1] INFO  server.RaftServerConfigKeys (ConfUtils.java:logGet(46)) - raft.server.log.statemachine.data.caching.enabled = false (default)
2025-05-14 02:53:29,074 [1edfeee1-83e1-4d34-a92c-2e00b570784e-impl-thread1] INFO  server.RaftServer$Division (ServerState.java:setRaftConf(386)) - 1edfeee1-83e1-4d34-a92c-2e00b570784e@group-352FDF66236B: set configuration conf: {index: 0, cur=peers:[1edfeee1-83e1-4d34-a92c-2e00b570784e|localhost:15004]|listeners:[], old=null}
2025-05-14 02:53:29,074 [1edfeee1-83e1-4d34-a92c-2e00b570784e-impl-thread1] INFO  segmented.LogSegment (LogSegment.java:loadSegment(171)) - Successfully read 1 entries from segment file /home/runner/work/ozone/ozone/hadoop-ozone/integration-test/target/test-dir/MiniOzoneClusterImpl-af940217-b311-440f-8e09-352fdf66236b/ozone-meta/scm-ha/af940217-b311-440f-8e09-352fdf66236b/current/log_inprogress_0
2025-05-14 02:53:29,075 [1edfeee1-83e1-4d34-a92c-2e00b570784e-impl-thread1] INFO  segmented.SegmentedRaftLogWorker (SegmentedRaftLogWorker.java:lambda$new$0(139)) - 1edfeee1-83e1-4d34-a92c-2e00b570784e@group-352FDF66236B-SegmentedRaftLogWorker: safeCacheEvictIndex: setUnconditionally 0 -> -1
2025-05-14 02:53:29,075 [1edfeee1-83e1-4d34-a92c-2e00b570784e-impl-thread1] INFO  segmented.BufferedWriteChannel (BufferedWriteChannel.java:open(61)) - open log_inprogress_0 (append) at position 76
2025-05-14 02:53:29,077 [1edfeee1-83e1-4d34-a92c-2e00b570784e-impl-thread1] INFO  server.RaftServer$Division (RaftServerImpl.java:start(391)) - 1edfeee1-83e1-4d34-a92c-2e00b570784e@group-352FDF66236B: start as a follower, conf=conf: {index: 0, cur=peers:[1edfeee1-83e1-4d34-a92c-2e00b570784e|localhost:15004]|listeners:[], old=null}
2025-05-14 02:53:29,077 [1edfeee1-83e1-4d34-a92c-2e00b570784e-impl-thread1] INFO  server.RaftServer$Division (RaftServerImpl.java:setRole(378)) - 1edfeee1-83e1-4d34-a92c-2e00b570784e@group-352FDF66236B: changes role from      null to FOLLOWER at term 1 for startAsFollower
2025-05-14 02:53:29,077 [1edfeee1-83e1-4d34-a92c-2e00b570784e-impl-thread1] INFO  impl.RoleInfo (RoleInfo.java:updateAndGet(148)) - 1edfeee1-83e1-4d34-a92c-2e00b570784e: start 1edfeee1-83e1-4d34-a92c-2e00b570784e@group-352FDF66236B-FollowerState
2025-05-14 02:53:29,080 [1edfeee1-83e1-4d34-a92c-2e00b570784e@group-352FDF66236B-FollowerState] INFO  server.RaftServerConfigKeys (ConfUtils.java:logGet(46)) - raft.server.rpc.first-election.timeout.min = 1000ms (custom)
2025-05-14 02:53:29,080 [1edfeee1-83e1-4d34-a92c-2e00b570784e@group-352FDF66236B-FollowerState] INFO  server.RaftServerConfigKeys (ConfUtils.java:logGet(46)) - raft.server.rpc.first-election.timeout.max = 1200ms (custom)
2025-05-14 02:53:29,080 [1edfeee1-83e1-4d34-a92c-2e00b570784e-impl-thread1] INFO  util.JmxRegister (JmxRegister.java:tryRegister(44)) - Successfully registered JMX Bean with object name Ratis:service=RaftServer,group=group-352FDF66236B,id=1edfeee1-83e1-4d34-a92c-2e00b570784e
2025-05-14 02:53:29,080 [1edfeee1-83e1-4d34-a92c-2e00b570784e-impl-thread1] INFO  util.JmxRegister (JmxRegister.java:register(58)) - register mxBean class org.apache.ratis.server.impl.RaftServerJmxAdapter as Ratis:service=RaftServer,group=group-352FDF66236B,id=1edfeee1-83e1-4d34-a92c-2e00b570784e
2025-05-14 02:53:29,080 [1edfeee1-83e1-4d34-a92c-2e00b570784e-impl-thread1] INFO  server.RaftServerConfigKeys (ConfUtils.java:logGet(46)) - raft.server.snapshot.trigger-when-stop.enabled = true (default)
2025-05-14 02:53:29,080 [1edfeee1-83e1-4d34-a92c-2e00b570784e-impl-thread1] INFO  server.RaftServerConfigKeys (ConfUtils.java:logGet(46)) - raft.server.snapshot.trigger-when-remove.enabled = true (default)
2025-05-14 02:53:29,080 [1edfeee1-83e1-4d34-a92c-2e00b570784e-impl-thread1] INFO  server.RaftServerConfigKeys (ConfUtils.java:logGet(46)) - raft.server.snapshot.auto.trigger.enabled = true (custom)
2025-05-14 02:53:29,081 [1edfeee1-83e1-4d34-a92c-2e00b570784e-impl-thread1] INFO  server.RaftServerConfigKeys (ConfUtils.java:logGet(46)) - raft.server.snapshot.auto.trigger.threshold = 1000 (custom)
2025-05-14 02:53:29,081 [1edfeee1-83e1-4d34-a92c-2e00b570784e-impl-thread1] INFO  server.RaftServerConfigKeys (ConfUtils.java:logGet(46)) - raft.server.snapshot.retention.file.num = -1 (default)
2025-05-14 02:53:29,081 [1edfeee1-83e1-4d34-a92c-2e00b570784e-impl-thread1] INFO  server.RaftServerConfigKeys (ConfUtils.java:logGet(46)) - raft.server.log.purge.upto.snapshot.index = false (default)
2025-05-14 02:53:29,082 [1edfeee1-83e1-4d34-a92c-2e00b570784e-impl-thread1] INFO  server.RaftServer$Division (RaftServerImpl.java:start(405)) - 1edfeee1-83e1-4d34-a92c-2e00b570784e@group-352FDF66236B: Successfully started.
2025-05-14 02:53:29,082 [main] INFO  server.RaftServer (RaftServerProxy.java:startImpl(407)) - 1edfeee1-83e1-4d34-a92c-2e00b570784e: start RPC server
2025-05-14 02:53:29,084 [main] INFO  server.GrpcService (GrpcService.java:startImpl(334)) - 1edfeee1-83e1-4d34-a92c-2e00b570784e: GrpcService started, listening on 15004
2025-05-14 02:53:29,086 [JvmPauseMonitor1] INFO  util.JvmPauseMonitor (JvmPauseMonitor.java:run(146)) - JvmPauseMonitor-1edfeee1-83e1-4d34-a92c-2e00b570784e: Started
2025-05-14 02:53:29,091 [main] INFO  ha.SCMHAManagerImpl (SCMHAManagerImpl.java:start(131)) -  scm role is FOLLOWER peers [1edfeee1-83e1-4d34-a92c-2e00b570784e|localhost:15004]
2025-05-14 02:53:29,091 [main] INFO  ha.InterSCMGrpcService (InterSCMGrpcProtocolService.java:start(98)) - Starting SCM Grpc Service at port 15005
2025-05-14 02:53:29,092 [main] INFO  SCMHATransactionMonitor (BackgroundSCMService.java:start(64)) - Starting SCMHATransactionMonitor Service.
2025-05-14 02:53:29,093 [main] INFO  ha.SCMServiceManager (SCMServiceManager.java:register(42)) - Registering service SCMHATransactionMonitor.
2025-05-14 02:53:29,093 [main] INFO  SCMHATransactionMonitor (BackgroundSCMService.java:start(61)) - SCMHATransactionMonitor Service is already running, skip start.
2025-05-14 02:53:29,141 [main] WARN  impl.MetricsConfig (MetricsConfig.java:loadFirst(138)) - Cannot locate configuration: tried hadoop-metrics2-storagecontainermanager.properties,hadoop-metrics2.properties
2025-05-14 02:53:29,148 [main] INFO  impl.MetricsSystemImpl (MetricsSystemImpl.java:startTimer(378)) - Scheduled Metric snapshot period at 10 second(s).
2025-05-14 02:53:29,149 [main] INFO  impl.MetricsSystemImpl (MetricsSystemImpl.java:start(191)) - StorageContainerManager metrics system started
2025-05-14 02:53:29,274 [main] INFO  server.SCMClientProtocolServer (SCMClientProtocolServer.java:start(207)) - RPC server for Client  is listening at /0.0.0.0:15000
2025-05-14 02:53:29,275 [IPC Server Responder] INFO  ipc.Server (Server.java:run(1713)) - IPC Server Responder: starting
2025-05-14 02:53:29,275 [IPC Server listener on 15000] INFO  ipc.Server (Server.java:run(1553)) - IPC Server listener on 15000: starting
2025-05-14 02:53:29,291 [main] INFO  server.StorageContainerManager (StorageContainerManager.java:start(1520)) - ScmBlockLocationProtocol RPC server is listening at /0.0.0.0:15001
2025-05-14 02:53:29,292 [main] INFO  server.SCMBlockProtocolServer (SCMBlockProtocolServer.java:start(166)) - RPC server for Block Protocol is listening at /0.0.0.0:15001
2025-05-14 02:53:29,293 [IPC Server Responder] INFO  ipc.Server (Server.java:run(1713)) - IPC Server Responder: starting
2025-05-14 02:53:29,293 [IPC Server listener on 15001] INFO  ipc.Server (Server.java:run(1553)) - IPC Server listener on 15001: starting
2025-05-14 02:53:29,324 [main] INFO  http.BaseHttpServer (BaseHttpServer.java:newHttpServer2BuilderForOzone(229)) - Starting Web-server for scm at: http://0.0.0.0:15003
2025-05-14 02:53:29,324 [main] INFO  http.BaseHttpServer (BaseHttpServer.java:<init>(107)) - Hadoop Security Enabled: false Ozone Security Enabled: false Ozone HTTP Security Enabled: false 
2025-05-14 02:53:29,342 [main] INFO  util.log (Log.java:initialized(170)) - Logging initialized @6162ms to org.eclipse.jetty.util.log.Slf4jLog
2025-05-14 02:53:29,414 [main] WARN  server.AuthenticationFilter (AuthenticationFilter.java:constructSecretProvider(240)) - Unable to initialize FileSignerSecretProvider, falling back to use random secrets. Reason: Could not read signature secret file: /home/runner/hadoop-http-auth-signature-secret
2025-05-14 02:53:29,439 [main] INFO  http.HttpServer2 (HttpServer2.java:addGlobalFilter(1042)) - Added global filter 'safety' (class=org.apache.hadoop.hdds.server.http.HttpServer2$QuotingInputFilter)
2025-05-14 02:53:29,441 [main] INFO  http.HttpServer2 (HttpServer2.java:addFilter(1018)) - Added filter static_user_filter (class=org.apache.hadoop.http.lib.StaticUserWebFilter$StaticUserFilter) to context scm
2025-05-14 02:53:29,442 [main] INFO  http.HttpServer2 (HttpServer2.java:addFilter(1026)) - Added filter static_user_filter (class=org.apache.hadoop.http.lib.StaticUserWebFilter$StaticUserFilter) to context static
2025-05-14 02:53:29,442 [main] INFO  http.HttpServer2 (HttpServer2.java:addFilter(1026)) - Added filter static_user_filter (class=org.apache.hadoop.http.lib.StaticUserWebFilter$StaticUserFilter) to context logs
2025-05-14 02:53:29,469 [main] INFO  http.BaseHttpServer (BaseHttpServer.java:<init>(195)) - HTTP server of scm uses base directory /home/runner/work/ozone/ozone/hadoop-ozone/integration-test/target/test-dir/MiniOzoneClusterImpl-af940217-b311-440f-8e09-352fdf66236b/ozone-meta/webserver
2025-05-14 02:53:29,470 [main] INFO  http.HttpServer2 (HttpServer2.java:bindListener(1242)) - Jetty bound to port 15003
2025-05-14 02:53:29,471 [main] INFO  server.Server (Server.java:doStart(375)) - jetty-9.4.57.v20241219; built: 2025-01-08T21:24:30.412Z; git: df524e6b29271c2e09ba9aea83c18dc9db464a31; jvm 21.0.7+6-LTS
2025-05-14 02:53:29,494 [main] INFO  server.session (DefaultSessionIdManager.java:doStart(334)) - DefaultSessionIdManager workerName=node0
2025-05-14 02:53:29,494 [main] INFO  server.session (DefaultSessionIdManager.java:doStart(339)) - No SessionScavenger set, using defaults
2025-05-14 02:53:29,495 [main] INFO  server.session (HouseKeeper.java:startScavenging(132)) - node0 Scavenging every 600000ms
2025-05-14 02:53:29,505 [main] INFO  handler.ContextHandler (ContextHandler.java:doStart(921)) - Started o.e.j.s.ServletContextHandler@1b08d26f{logs,/logs,file:///home/runner/work/ozone/ozone/hadoop-ozone/integration-test/target/log,AVAILABLE}
2025-05-14 02:53:29,505 [main] INFO  handler.ContextHandler (ContextHandler.java:doStart(921)) - Started o.e.j.s.ServletContextHandler@24f77077{static,/static,file:///home/runner/work/ozone/ozone/hadoop-ozone/integration-test/target/test-classes/webapps/static,AVAILABLE}
2025-05-14 02:53:29,543 [main] INFO  handler.ContextHandler (ContextHandler.java:doStart(921)) - Started o.e.j.w.WebAppContext@2ebd6a0d{scm,/,file:///home/runner/work/ozone/ozone/hadoop-ozone/integration-test/target/test-classes/webapps/scm/,AVAILABLE}{file:/home/runner/work/ozone/ozone/hadoop-ozone/integration-test/target/test-classes/webapps/scm}
2025-05-14 02:53:29,550 [main] INFO  server.AbstractConnector (AbstractConnector.java:doStart(333)) - Started ServerConnector@5f69462f{HTTP/1.1, (http/1.1)}{0.0.0.0:15003}
2025-05-14 02:53:29,550 [main] INFO  server.Server (Server.java:doStart(415)) - Started @6370ms
2025-05-14 02:53:29,552 [main] INFO  impl.MetricsSinkAdapter (MetricsSinkAdapter.java:start(204)) - Sink prometheus started
2025-05-14 02:53:29,552 [main] INFO  impl.MetricsSystemImpl (MetricsSystemImpl.java:registerSink(305)) - Registered sink prometheus
2025-05-14 02:53:29,552 [main] INFO  http.BaseHttpServer (BaseHttpServer.java:updateConnectorAddress(359)) - HTTP server of scm listening at http://0.0.0.0:15003
2025-05-14 02:53:29,559 [main] WARN  server.ServerUtils (ServerUtils.java:getDBPath(292)) - ozone.om.db.dirs is not configured. We recommend adding this setting. Falling back to ozone.metadata.dirs instead.
2025-05-14 02:53:29,629 [main] INFO  audit.AuditLogger (AuditLogger.java:refreshDebugCmdSet(133)) - Refresh DebugCmdSet for OMAudit to [].
2025-05-14 02:53:29,649 [main] INFO  audit.AuditLogger (AuditLogger.java:refreshDebugCmdSet(133)) - Refresh DebugCmdSet for OMSystemAudit to [].
2025-05-14 02:53:29,698 [main] INFO  ha.OMHANodeDetails (OMHANodeDetails.java:loadOMHAConfig(113)) - ozone.om.internal.service.id is not defined, falling back to ozone.om.service.ids to find serviceID for OzoneManager if it is HA enabled cluster
2025-05-14 02:53:29,703 [main] INFO  ha.OMHANodeDetails (OMHANodeDetails.java:loadOMHAConfig(224)) - Configuration does not have ozone.om.address set. Falling back to the default OM address /127.0.0.1:15006
2025-05-14 02:53:29,703 [main] INFO  ha.OMHANodeDetails (OMHANodeDetails.java:getOMNodeDetailsForNonHA(252)) - OM Service ID is not set. Setting it to the default ID: omServiceIdDefault
2025-05-14 02:53:29,703 [main] INFO  ha.OMHANodeDetails (OMHANodeDetails.java:getOMNodeDetailsForNonHA(259)) - OM Node ID is not set. Setting it to the default ID: om1
2025-05-14 02:53:29,707 [main] WARN  server.ServerUtils (ServerUtils.java:getDBPath(292)) - ozone.om.db.dirs is not configured. We recommend adding this setting. Falling back to ozone.metadata.dirs instead.
2025-05-14 02:53:29,712 [main] INFO  upgrade.AbstractLayoutVersionManager (AbstractLayoutVersionManager.java:init(80)) - Initializing Layout version manager with metadata layout = DELEGATION_TOKEN_SYMMETRIC_SIGN (version = 8), software layout = DELEGATION_TOKEN_SYMMETRIC_SIGN (version = 8)
2025-05-14 02:53:29,846 [main] INFO  reflections.Reflections (Reflections.java:scan(219)) - Reflections took 132 ms to scan 2 urls, producing 207 keys and 618 values
2025-05-14 02:53:29,850 [main] INFO  upgrade.OMLayoutVersionManager (OMLayoutVersionManager.java:lambda$0(110)) - Skipping Upgrade Action QuotaRepairUpgradeAction since it has been finalized.
2025-05-14 02:53:29,851 [main] INFO  upgrade.OMLayoutVersionManager (OMLayoutVersionManager.java:lambda$0(110)) - Skipping Upgrade Action MockOmUpgradeAction since it has been finalized.
2025-05-14 02:53:29,852 [main] WARN  server.ServerUtils (ServerUtils.java:getDBPath(292)) - ozone.om.db.dirs is not configured. We recommend adding this setting. Falling back to ozone.metadata.dirs instead.
2025-05-14 02:53:29,857 [main] INFO  om.OzoneManager (OzoneManager.java:setReplicationFromConfig(4596)) - Set default replication in OM: RATIS/3 -> RATIS/THREE
2025-05-14 02:53:29,863 [main] INFO  proxy.SCMContainerLocationFailoverProxyProvider (SCMFailoverProxyProviderBase.java:<init>(120)) - Created fail-over proxy for protocol StorageContainerLocationProtocolPB with 1 nodes: [nodeId=scmNodeId,nodeAddress=/0.0.0.0:15000]
2025-05-14 02:53:29,907 [main] INFO  proxy.SCMBlockLocationFailoverProxyProvider (SCMFailoverProxyProviderBase.java:<init>(120)) - Created fail-over proxy for protocol ScmBlockLocationProtocolPB with 1 nodes: [nodeId=scmNodeId,nodeAddress=/0.0.0.0:15001]
2025-05-14 02:53:29,925 [main] INFO  proxy.SCMBlockLocationFailoverProxyProvider (SCMFailoverProxyProviderBase.java:<init>(120)) - Created fail-over proxy for protocol ScmBlockLocationProtocolPB with 1 nodes: [nodeId=scmNodeId,nodeAddress=/0.0.0.0:15001]
2025-05-14 02:53:30,090 [1edfeee1-83e1-4d34-a92c-2e00b570784e@group-352FDF66236B-FollowerState] INFO  impl.FollowerState (FollowerState.java:runImpl(161)) - 1edfeee1-83e1-4d34-a92c-2e00b570784e@group-352FDF66236B-FollowerState: change to CANDIDATE, lastRpcElapsedTime:1012727991ns, electionTimeout:1010ms
2025-05-14 02:53:30,090 [1edfeee1-83e1-4d34-a92c-2e00b570784e@group-352FDF66236B-FollowerState] INFO  impl.RoleInfo (RoleInfo.java:shutdownFollowerState(121)) - 1edfeee1-83e1-4d34-a92c-2e00b570784e: shutdown 1edfeee1-83e1-4d34-a92c-2e00b570784e@group-352FDF66236B-FollowerState
2025-05-14 02:53:30,091 [1edfeee1-83e1-4d34-a92c-2e00b570784e@group-352FDF66236B-FollowerState] INFO  server.RaftServer$Division (RaftServerImpl.java:setRole(378)) - 1edfeee1-83e1-4d34-a92c-2e00b570784e@group-352FDF66236B: changes role from  FOLLOWER to CANDIDATE at term 1 for changeToCandidate
2025-05-14 02:53:30,091 [1edfeee1-83e1-4d34-a92c-2e00b570784e@group-352FDF66236B-FollowerState] INFO  server.RaftServerConfigKeys (ConfUtils.java:logGet(46)) - raft.server.leaderelection.pre-vote = true (default)
2025-05-14 02:53:30,091 [1edfeee1-83e1-4d34-a92c-2e00b570784e@group-352FDF66236B-FollowerState] INFO  impl.RoleInfo (RoleInfo.java:updateAndGet(148)) - 1edfeee1-83e1-4d34-a92c-2e00b570784e: start 1edfeee1-83e1-4d34-a92c-2e00b570784e@group-352FDF66236B-LeaderElection2
2025-05-14 02:53:30,093 [1edfeee1-83e1-4d34-a92c-2e00b570784e@group-352FDF66236B-LeaderElection2] INFO  impl.LeaderElection (LeaderElection.java:askForVotes(332)) - 1edfeee1-83e1-4d34-a92c-2e00b570784e@group-352FDF66236B-LeaderElection2 PRE_VOTE round 0: submit vote requests at term 1 for conf: {index: 0, cur=peers:[1edfeee1-83e1-4d34-a92c-2e00b570784e|localhost:15004]|listeners:[], old=null}
2025-05-14 02:53:30,093 [1edfeee1-83e1-4d34-a92c-2e00b570784e@group-352FDF66236B-LeaderElection2] INFO  impl.LeaderElection (LeaderElection.java:askForVotes(334)) - 1edfeee1-83e1-4d34-a92c-2e00b570784e@group-352FDF66236B-LeaderElection2 PRE_VOTE round 0: result PASSED (term=1)
2025-05-14 02:53:30,096 [1edfeee1-83e1-4d34-a92c-2e00b570784e@group-352FDF66236B-LeaderElection2] INFO  impl.LeaderElection (LeaderElection.java:askForVotes(332)) - 1edfeee1-83e1-4d34-a92c-2e00b570784e@group-352FDF66236B-LeaderElection2 ELECTION round 0: submit vote requests at term 2 for conf: {index: 0, cur=peers:[1edfeee1-83e1-4d34-a92c-2e00b570784e|localhost:15004]|listeners:[], old=null}
2025-05-14 02:53:30,096 [1edfeee1-83e1-4d34-a92c-2e00b570784e@group-352FDF66236B-LeaderElection2] INFO  impl.LeaderElection (LeaderElection.java:askForVotes(334)) - 1edfeee1-83e1-4d34-a92c-2e00b570784e@group-352FDF66236B-LeaderElection2 ELECTION round 0: result PASSED (term=2)
2025-05-14 02:53:30,097 [1edfeee1-83e1-4d34-a92c-2e00b570784e@group-352FDF66236B-LeaderElection2] INFO  impl.RoleInfo (RoleInfo.java:shutdownLeaderElection(141)) - 1edfeee1-83e1-4d34-a92c-2e00b570784e: shutdown 1edfeee1-83e1-4d34-a92c-2e00b570784e@group-352FDF66236B-LeaderElection2
2025-05-14 02:53:30,098 [1edfeee1-83e1-4d34-a92c-2e00b570784e@group-352FDF66236B-LeaderElection2] INFO  server.RaftServer$Division (RaftServerImpl.java:setRole(378)) - 1edfeee1-83e1-4d34-a92c-2e00b570784e@group-352FDF66236B: changes role from CANDIDATE to LEADER at term 2 for changeToLeader
2025-05-14 02:53:30,098 [1edfeee1-83e1-4d34-a92c-2e00b570784e@group-352FDF66236B-LeaderElection2] INFO  server.RaftServerConfigKeys (ConfUtils.java:logGet(46)) - raft.server.staging.catchup.gap = 1000 (default)
2025-05-14 02:53:30,099 [1edfeee1-83e1-4d34-a92c-2e00b570784e@group-352FDF66236B-LeaderElection2] INFO  server.RaftServerConfigKeys (ConfUtils.java:logGet(46)) - raft.server.write.element-limit = 4096 (default)
2025-05-14 02:53:30,099 [1edfeee1-83e1-4d34-a92c-2e00b570784e@group-352FDF66236B-LeaderElection2] INFO  server.RaftServerConfigKeys (ConfUtils.java:logGet(46)) - raft.server.write.byte-limit = 64MB (=67108864) (default)
2025-05-14 02:53:30,099 [1edfeee1-83e1-4d34-a92c-2e00b570784e@group-352FDF66236B-LeaderElection2] INFO  server.RaftServerConfigKeys (ConfUtils.java:logGet(46)) - raft.server.watch.timeout = 10s (default)
2025-05-14 02:53:30,099 [1edfeee1-83e1-4d34-a92c-2e00b570784e@group-352FDF66236B-LeaderElection2] INFO  server.RaftServerConfigKeys (ConfUtils.java:logGet(46)) - raft.server.watch.timeout.denomination = 1s (default)
2025-05-14 02:53:30,100 [1edfeee1-83e1-4d34-a92c-2e00b570784e@group-352FDF66236B-LeaderElection2] INFO  server.RaftServerConfigKeys (ConfUtils.java:logGet(46)) - raft.server.watch.element-limit = 65536 (default)
2025-05-14 02:53:30,100 [1edfeee1-83e1-4d34-a92c-2e00b570784e@group-352FDF66236B-LeaderElection2] INFO  server.RaftServerConfigKeys (ConfUtils.java:logGet(46)) - raft.server.read.leader.lease.enabled = false (default)
2025-05-14 02:53:30,100 [1edfeee1-83e1-4d34-a92c-2e00b570784e@group-352FDF66236B-LeaderElection2] INFO  server.RaftServerConfigKeys (ConfUtils.java:logGet(46)) - raft.server.read.leader.lease.timeout.ratio = 0.9 (default)
2025-05-14 02:53:30,102 [1edfeee1-83e1-4d34-a92c-2e00b570784e@group-352FDF66236B-LeaderElection2] INFO  server.RaftServerConfigKeys (ConfUtils.java:logGet(46)) - raft.server.rpc.timeout.min = 5000ms (custom)
2025-05-14 02:53:30,103 [1edfeee1-83e1-4d34-a92c-2e00b570784e@group-352FDF66236B-LeaderElection2] INFO  server.RaftServerConfigKeys (ConfUtils.java:logGet(46)) - raft.server.log.log-metadata.enabled = true (default)
2025-05-14 02:53:30,103 [1edfeee1-83e1-4d34-a92c-2e00b570784e@group-352FDF66236B-LeaderElection2] INFO  server.RaftServerConfigKeys (ConfUtils.java:logGet(46)) - raft.server.write.element-limit = 4096 (default)
2025-05-14 02:53:30,103 [1edfeee1-83e1-4d34-a92c-2e00b570784e@group-352FDF66236B-LeaderElection2] INFO  server.RaftServerConfigKeys (ConfUtils.java:logGet(46)) - raft.server.write.follower.gap.ratio.max = -1.0 (default)
2025-05-14 02:53:30,103 [1edfeee1-83e1-4d34-a92c-2e00b570784e@group-352FDF66236B-LeaderElection2] INFO  impl.RoleInfo (RoleInfo.java:updateAndGet(148)) - 1edfeee1-83e1-4d34-a92c-2e00b570784e: start 1edfeee1-83e1-4d34-a92c-2e00b570784e@group-352FDF66236B-LeaderStateImpl
2025-05-14 02:53:30,104 [1edfeee1-83e1-4d34-a92c-2e00b570784e@group-352FDF66236B-LeaderElection2] INFO  server.RaftServer$Division (RaftServerImpl.java:setFirstElection(562)) - 1edfeee1-83e1-4d34-a92c-2e00b570784e@group-352FDF66236B: set firstElectionSinceStartup to false for becomeLeader
2025-05-14 02:53:30,104 [1edfeee1-83e1-4d34-a92c-2e00b570784e@group-352FDF66236B-LeaderElection2] INFO  ha.SCMStateMachine (SCMStateMachine.java:notifyLeaderChanged(291)) - current SCM becomes leader of term 2.
2025-05-14 02:53:30,104 [1edfeee1-83e1-4d34-a92c-2e00b570784e@group-352FDF66236B-LeaderElection2] INFO  ha.SCMContext (SCMContext.java:updateLeaderAndTerm(95)) - update <isLeader,term> from <false,0> to <true,2>
2025-05-14 02:53:30,106 [1edfeee1-83e1-4d34-a92c-2e00b570784e@group-352FDF66236B-LeaderElection2] INFO  server.RaftServer$Division (ServerState.java:setLeader(272)) - 1edfeee1-83e1-4d34-a92c-2e00b570784e@group-352FDF66236B: change Leader from null to 1edfeee1-83e1-4d34-a92c-2e00b570784e at term 2 for becomeLeader, leader elected after 1759ms
2025-05-14 02:53:30,107 [1edfeee1-83e1-4d34-a92c-2e00b570784e@group-352FDF66236B-LeaderElection2] INFO  segmented.SegmentedRaftLogWorker (SegmentedRaftLogWorker.java:rollLogSegment(443)) - 1edfeee1-83e1-4d34-a92c-2e00b570784e@group-352FDF66236B-SegmentedRaftLogWorker: Rolling segment log-0_0 to index:0
2025-05-14 02:53:30,108 [1edfeee1-83e1-4d34-a92c-2e00b570784e@group-352FDF66236B-LeaderElection2] INFO  server.RaftServer$Division (ServerState.java:setRaftConf(386)) - 1edfeee1-83e1-4d34-a92c-2e00b570784e@group-352FDF66236B: set configuration conf: {index: 1, cur=peers:[1edfeee1-83e1-4d34-a92c-2e00b570784e|localhost:15004]|listeners:[], old=null}
2025-05-14 02:53:30,109 [1edfeee1-83e1-4d34-a92c-2e00b570784e@group-352FDF66236B-SegmentedRaftLogWorker] INFO  segmented.SegmentedRaftLogWorker (SegmentedRaftLogWorker.java:execute(601)) - 1edfeee1-83e1-4d34-a92c-2e00b570784e@group-352FDF66236B-SegmentedRaftLogWorker: Rolled log segment from /home/runner/work/ozone/ozone/hadoop-ozone/integration-test/target/test-dir/MiniOzoneClusterImpl-af940217-b311-440f-8e09-352fdf66236b/ozone-meta/scm-ha/af940217-b311-440f-8e09-352fdf66236b/current/log_inprogress_0 to /home/runner/work/ozone/ozone/hadoop-ozone/integration-test/target/test-dir/MiniOzoneClusterImpl-af940217-b311-440f-8e09-352fdf66236b/ozone-meta/scm-ha/af940217-b311-440f-8e09-352fdf66236b/current/log_0-0
2025-05-14 02:53:30,111 [1edfeee1-83e1-4d34-a92c-2e00b570784e@group-352FDF66236B-SegmentedRaftLogWorker] INFO  segmented.BufferedWriteChannel (BufferedWriteChannel.java:open(61)) - open log_inprogress_1 at position 0
2025-05-14 02:53:30,121 [1edfeee1-83e1-4d34-a92c-2e00b570784e@group-352FDF66236B-SegmentedRaftLogWorker] INFO  segmented.SegmentedRaftLogWorker (SegmentedRaftLogWorker.java:execute(644)) - 1edfeee1-83e1-4d34-a92c-2e00b570784e@group-352FDF66236B-SegmentedRaftLogWorker: created new log segment /home/runner/work/ozone/ozone/hadoop-ozone/integration-test/target/test-dir/MiniOzoneClusterImpl-af940217-b311-440f-8e09-352fdf66236b/ozone-meta/scm-ha/af940217-b311-440f-8e09-352fdf66236b/current/log_inprogress_1
2025-05-14 02:53:30,133 [1edfeee1-83e1-4d34-a92c-2e00b570784e@group-352FDF66236B-StateMachineUpdater] INFO  server.RaftServer$Division (LeaderStateImpl.java:checkStartIndex(313)) - Leader 1edfeee1-83e1-4d34-a92c-2e00b570784e@group-352FDF66236B-LeaderStateImpl is ready since appliedIndex == startIndex == 1
2025-05-14 02:53:30,133 [1edfeee1-83e1-4d34-a92c-2e00b570784e@group-352FDF66236B-StateMachineUpdater] INFO  ha.SCMContext (SCMContext.java:setLeaderReady(122)) - update <isLeaderReady> from <false> to <true>
2025-05-14 02:53:30,133 [1edfeee1-83e1-4d34-a92c-2e00b570784e@group-352FDF66236B-StateMachineUpdater] INFO  pipeline.BackgroundPipelineCreator (BackgroundPipelineCreator.java:notifyStatusChanged(268)) - Service BackgroundPipelineCreator transitions to RUNNING.
2025-05-14 02:53:30,135 [1edfeee1-83e1-4d34-a92c-2e00b570784e@group-352FDF66236B-StateMachineUpdater] INFO  safemode.RatisContainerSafeModeRule (RatisContainerSafeModeRule.java:initializeRule(160)) - Refreshed Containers with one replica threshold count 0.
2025-05-14 02:53:30,135 [1edfeee1-83e1-4d34-a92c-2e00b570784e@group-352FDF66236B-StateMachineUpdater] INFO  safemode.HealthyPipelineSafeModeRule (HealthyPipelineSafeModeRule.java:initializeRule(173)) - Refreshed total pipeline count is 0, healthy pipeline threshold count is 1
2025-05-14 02:53:30,135 [1edfeee1-83e1-4d34-a92c-2e00b570784e@group-352FDF66236B-StateMachineUpdater] INFO  safemode.ECContainerSafeModeRule (ECContainerSafeModeRule.java:initializeRule(205)) - Refreshed Containers with ec n replica threshold count 0.
2025-05-14 02:53:30,135 [1edfeee1-83e1-4d34-a92c-2e00b570784e@group-352FDF66236B-StateMachineUpdater] INFO  safemode.OneReplicaPipelineSafeModeRule (OneReplicaPipelineSafeModeRule.java:initializeRule(186)) - Refreshed Total pipeline count is 0, pipeline's with at least one datanode reported threshold count is 0
2025-05-14 02:53:30,135 [1edfeee1-83e1-4d34-a92c-2e00b570784e@group-352FDF66236B-StateMachineUpdater] INFO  server.SCMDatanodeProtocolServer (SCMDatanodeProtocolServer.java:start(193)) - ScmDatanodeProtocol RPC server for DataNodes is listening at /0.0.0.0:15002
2025-05-14 02:53:30,136 [IPC Server Responder] INFO  ipc.Server (Server.java:run(1713)) - IPC Server Responder: starting
2025-05-14 02:53:30,137 [IPC Server listener on 15002] INFO  ipc.Server (Server.java:run(1553)) - IPC Server listener on 15002: starting
2025-05-14 02:53:32,125 [main] INFO  om.OzoneManager (OzoneManager.java:<init>(670)) - OM start with adminUsers: [runner]
2025-05-14 02:53:32,150 [main] WARN  server.ServerUtils (ServerUtils.java:getDBPath(292)) - ozone.om.db.dirs is not configured. We recommend adding this setting. Falling back to ozone.metadata.dirs instead.
2025-05-14 02:53:32,297 [main] INFO  utils.NativeLibraryLoader (NativeLibraryLoader.java:loadLibrary(120)) - Loading Library: ozone_rocksdb_tools
2025-05-14 02:53:32,614 [main] INFO  om.OzoneManager (OzoneManager.java:instantiateServices(914)) - S3 Multi-Tenancy is disabled
2025-05-14 02:53:32,643 [main] INFO  om.OmSnapshotManager (OmSnapshotManager.java:<init>(187)) - Ozone filesystem snapshot feature is enabled.
2025-05-14 02:53:32,653 [main] WARN  server.ServerUtils (ServerUtils.java:getDBPath(292)) - ozone.om.snapshot.diff.db.dir is not configured. We recommend adding this setting. Falling back to ozone.metadata.dirs instead.
2025-05-14 02:53:32,740 [main] INFO  om.OzoneManager (OzoneManager.java:addS3GVolumeToDB(4654)) - Created Volume s3v With Owner runner required for S3Gateway operations.
2025-05-14 02:53:32,808 [main] WARN  server.ServerUtils (ServerUtils.java:getDefaultRatisDirectory(304)) - Storage directory for Ratis is not configured. It is a good idea to map this to an SSD disk. Falling back to ozone.metadata.dirs
2025-05-14 02:53:32,809 [main] WARN  utils.OzoneManagerRatisUtils (OzoneManagerRatisUtils.java:getOMRatisSnapshotDirectory(488)) - ozone.om.ratis.snapshot.dir is not configured. Falling back to ozone.metadata.dirs config
2025-05-14 02:53:32,814 [main] WARN  dropwizard3.Dm3MetricRegistriesImpl (Dm3MetricRegistriesImpl.java:addReporterRegistration(114)) - New reporters are added after registries were created. Some metrics will be missing from the reporter. Please add reporter before adding any new registry.
2025-05-14 02:53:32,814 [main] WARN  dropwizard3.Dm3MetricRegistriesImpl (Dm3MetricRegistriesImpl.java:addReporterRegistration(114)) - New reporters are added after registries were created. Some metrics will be missing from the reporter. Please add reporter before adding any new registry.
2025-05-14 02:53:32,814 [main] WARN  server.ServerUtils (ServerUtils.java:getDefaultRatisDirectory(304)) - Storage directory for Ratis is not configured. It is a good idea to map this to an SSD disk. Falling back to ozone.metadata.dirs
2025-05-14 02:53:32,815 [main] INFO  server.RaftServerConfigKeys (ConfUtils.java:logGet(46)) - raft.server.log.appender.buffer.byte-limit = 4194304 (custom)
2025-05-14 02:53:32,818 [main] INFO  ratis.OzoneManagerRatisServer (OzoneManagerRatisServer.java:<init>(167)) - Instantiating OM Ratis server with groupID: omServiceIdDefault and peers: localhost:15009
2025-05-14 02:53:32,822 [main] INFO  ratis.OzoneManagerStateMachine (OzoneManagerStateMachine.java:loadSnapshotInfoFromDB(618)) - TransactionInfo not found in OM DB.
2025-05-14 02:53:32,860 [main] INFO  server.RaftServer (ConfUtils.java:logGet(46)) - raft.rpc.type = GRPC (default)
2025-05-14 02:53:32,860 [main] INFO  grpc.GrpcConfigKeys (ConfUtils.java:logFallback(53)) - raft.grpc.admin.host = null (fallback to raft.grpc.server.host)
2025-05-14 02:53:32,860 [main] INFO  grpc.GrpcConfigKeys (ConfUtils.java:logFallback(53)) - raft.grpc.admin.port = 15009 (fallback to raft.grpc.server.port)
2025-05-14 02:53:32,861 [main] INFO  grpc.GrpcConfigKeys (ConfUtils.java:logFallback(53)) - raft.grpc.client.host = null (fallback to raft.grpc.server.host)
2025-05-14 02:53:32,861 [main] INFO  grpc.GrpcConfigKeys (ConfUtils.java:logFallback(53)) - raft.grpc.client.port = 15009 (fallback to raft.grpc.server.port)
2025-05-14 02:53:32,861 [main] INFO  grpc.GrpcConfigKeys (ConfUtils.java:logGet(46)) - raft.grpc.server.host = null (default)
2025-05-14 02:53:32,861 [main] INFO  grpc.GrpcConfigKeys (ConfUtils.java:logGet(46)) - raft.grpc.server.port = 15009 (custom)
2025-05-14 02:53:32,861 [main] INFO  server.GrpcService (ConfUtils.java:logGet(46)) - raft.grpc.message.size.max = 5242880 (custom)
2025-05-14 02:53:32,861 [main] INFO  server.GrpcService (ConfUtils.java:logGet(46)) - raft.grpc.flow.control.window = 1MB (=1048576) (default)
2025-05-14 02:53:32,862 [main] INFO  server.RaftServerConfigKeys (ConfUtils.java:logGet(46)) - raft.server.rpc.request.timeout = 3000ms (default)
2025-05-14 02:53:32,862 [main] INFO  grpc.GrpcConfigKeys (ConfUtils.java:logGet(46)) - raft.grpc.server.heartbeat.channel = true (default)
2025-05-14 02:53:32,862 [main] INFO  server.RaftServerConfigKeys (ConfUtils.java:logGet(46)) - raft.server.log.appender.buffer.byte-limit = 4194304 (custom)
2025-05-14 02:53:32,862 [main] INFO  grpc.GrpcConfigKeys (ConfUtils.java:logGet(46)) - raft.grpc.server.async.request.thread.pool.cached = true (default)
2025-05-14 02:53:32,862 [main] INFO  grpc.GrpcConfigKeys (ConfUtils.java:logGet(46)) - raft.grpc.server.async.request.thread.pool.size = 32 (default)
2025-05-14 02:53:32,863 [main] INFO  impl.DataStreamServerImpl (ConfUtils.java:logGet(46)) - raft.datastream.type = DISABLED (default)
2025-05-14 02:53:32,863 [main] INFO  server.RaftServerConfigKeys (ConfUtils.java:logGet(46)) - raft.server.sleep.deviation.threshold = 300ms (default)
2025-05-14 02:53:32,864 [main] INFO  server.RaftServerConfigKeys (ConfUtils.java:logGet(46)) - raft.server.close.threshold = 60s (default)
2025-05-14 02:53:32,864 [main] INFO  server.RaftServerConfigKeys (ConfUtils.java:logGet(46)) - raft.server.leaderelection.leader.step-down.wait-time = 10s (default)
2025-05-14 02:53:32,864 [main] INFO  server.RaftServerConfigKeys (ConfUtils.java:logGet(46)) - raft.server.storage.dir = [/home/runner/work/ozone/ozone/hadoop-ozone/integration-test/target/test-dir/MiniOzoneClusterImpl-af940217-b311-440f-8e09-352fdf66236b/ozone-meta/ratis] (custom)
2025-05-14 02:53:32,864 [main] INFO  server.RaftServerConfigKeys (ConfUtils.java:logGet(46)) - raft.server.threadpool.proxy.cached = true (default)
2025-05-14 02:53:32,864 [main] INFO  server.RaftServerConfigKeys (ConfUtils.java:logGet(46)) - raft.server.threadpool.proxy.size = 0 (default)
2025-05-14 02:53:32,865 [main] INFO  server.RaftServer (RaftServerProxy.java:addNew(100)) - om1: addNew group-C5BA1605619E:[om1|localhost:15009] returns group-C5BA1605619E:java.util.concurrent.CompletableFuture@44ba9865[Not completed]
2025-05-14 02:53:32,865 [om1-groupManagement] INFO  server.RaftServer$Division (RaftServerImpl.java:<init>(255)) - om1: new RaftServerImpl for group-C5BA1605619E:[om1|localhost:15009] with OzoneManagerStateMachine:uninitialized
2025-05-14 02:53:32,865 [main] INFO  om.OzoneManager (OzoneManager.java:initializeRatisServer(2284)) - OzoneManager Ratis server initialized at port 15009
2025-05-14 02:53:32,865 [om1-groupManagement] INFO  server.RaftServerConfigKeys (ConfUtils.java:logGet(46)) - raft.server.rpc.timeout.min = 1s (custom)
2025-05-14 02:53:32,867 [om1-groupManagement] INFO  server.RaftServerConfigKeys (ConfUtils.java:logGet(46)) - raft.server.rpc.timeout.max = 1200ms (custom)
2025-05-14 02:53:32,867 [om1-groupManagement] INFO  server.RaftServerConfigKeys (ConfUtils.java:logGet(46)) - raft.server.rpc.sleep.time = 25ms (default)
2025-05-14 02:53:32,867 [om1-groupManagement] INFO  server.RaftServerConfigKeys (ConfUtils.java:logGet(46)) - raft.server.rpc.slowness.timeout = 120s (custom)
2025-05-14 02:53:32,867 [om1-groupManagement] INFO  server.RaftServerConfigKeys (ConfUtils.java:logGet(46)) - raft.server.leaderelection.leader.step-down.wait-time = 10s (default)
2025-05-14 02:53:32,868 [om1-groupManagement] INFO  server.RaftServerConfigKeys (ConfUtils.java:logGet(46)) - raft.server.leaderelection.member.majority-add = false (default)
2025-05-14 02:53:32,868 [om1-groupManagement] INFO  server.RaftServerConfigKeys (ConfUtils.java:logGet(46)) - raft.server.sleep.deviation.threshold = 300ms (default)
2025-05-14 02:53:32,868 [om1-groupManagement] INFO  server.RaftServer$Division (ServerState.java:<init>(114)) - om1@group-C5BA1605619E: ConfigurationManager, init=conf: {index: -1, cur=peers:[om1|localhost:15009]|listeners:[], old=null}, confs=<EMPTY_MAP>
2025-05-14 02:53:32,868 [om1-groupManagement] INFO  server.RaftServerConfigKeys (ConfUtils.java:logGet(46)) - raft.server.notification.no-leader.timeout = 120s (custom)
2025-05-14 02:53:32,868 [om1-groupManagement] INFO  server.RaftServerConfigKeys (ConfUtils.java:logGet(46)) - raft.server.read.timeout = 10s (default)
2025-05-14 02:53:32,868 [om1-groupManagement] INFO  server.RaftServerConfigKeys (ConfUtils.java:logGet(46)) - raft.server.retrycache.expirytime = 300s (custom)
2025-05-14 02:53:32,868 [om1-groupManagement] INFO  server.RaftServerConfigKeys (ConfUtils.java:logGet(46)) - raft.server.retrycache.statistics.expirytime = 100ms (default)
2025-05-14 02:53:32,868 [om1-groupManagement] INFO  server.RaftServerConfigKeys (ConfUtils.java:logGet(46)) - raft.server.read.option = DEFAULT (default)
2025-05-14 02:53:32,868 [om1-groupManagement] INFO  server.RaftServerConfigKeys (ConfUtils.java:logGet(46)) - raft.server.read.read-after-write-consistent.write-index-cache.expiry-time = 60s (default)
2025-05-14 02:53:32,870 [main] INFO  om.OzoneManager (OzoneManager.java:getRpcServer(1340)) - Creating RPC Server
2025-05-14 02:53:32,876 [om1-groupManagement] INFO  server.RaftServerConfigKeys (ConfUtils.java:logGet(46)) - raft.server.rpc.request.timeout = 3000ms (default)
2025-05-14 02:53:32,876 [om1-groupManagement] INFO  server.RaftServerConfigKeys (ConfUtils.java:logGet(46)) - raft.server.log.appender.install.snapshot.enabled = false (custom)
2025-05-14 02:53:32,876 [om1-groupManagement] INFO  server.RaftServerConfigKeys (ConfUtils.java:logGet(46)) - raft.server.threadpool.server.cached = true (default)
2025-05-14 02:53:32,877 [om1-groupManagement] INFO  server.RaftServerConfigKeys (ConfUtils.java:logGet(46)) - raft.server.threadpool.server.size = 0 (default)
2025-05-14 02:53:32,877 [om1-groupManagement] INFO  server.RaftServerConfigKeys (ConfUtils.java:logGet(46)) - raft.server.threadpool.client.cached = true (default)
2025-05-14 02:53:32,877 [om1-groupManagement] INFO  server.RaftServerConfigKeys (ConfUtils.java:logGet(46)) - raft.server.threadpool.client.size = 0 (default)
2025-05-14 02:53:33,634 [main] INFO  reflections.Reflections (Reflections.java:scan(219)) - Reflections took 723 ms to scan 24 urls, producing 60 keys and 7516 values
2025-05-14 02:53:33,794 [main] INFO  ipc.CallQueueManager (CallQueueManager.java:<init>(93)) - Using callQueue: class java.util.concurrent.LinkedBlockingQueue, queueCapacity: 2000, scheduler: class org.apache.hadoop.ipc.DefaultRpcScheduler, ipcBackoff: false, ipcFailOver: false.
2025-05-14 02:53:33,795 [main] INFO  ipc.Server (Server.java:<init>(1438)) - Listener at 127.0.0.1:15006
2025-05-14 02:53:33,796 [Socket Reader #1 for port 15006] INFO  ipc.Server (Server.java:run(1474)) - Starting Socket Reader #1 for port 15006
2025-05-14 02:53:33,797 [Socket Reader #2 for port 15006] INFO  ipc.Server (Server.java:run(1474)) - Starting Socket Reader #2 for port 15006
2025-05-14 02:53:33,797 [Socket Reader #3 for port 15006] INFO  ipc.Server (Server.java:run(1474)) - Starting Socket Reader #3 for port 15006
2025-05-14 02:53:33,798 [Socket Reader #4 for port 15006] INFO  ipc.Server (Server.java:run(1474)) - Starting Socket Reader #4 for port 15006
2025-05-14 02:53:33,799 [Socket Reader #5 for port 15006] INFO  ipc.Server (Server.java:run(1474)) - Starting Socket Reader #5 for port 15006
2025-05-14 02:53:33,799 [Socket Reader #6 for port 15006] INFO  ipc.Server (Server.java:run(1474)) - Starting Socket Reader #6 for port 15006
2025-05-14 02:53:33,800 [Socket Reader #7 for port 15006] INFO  ipc.Server (Server.java:run(1474)) - Starting Socket Reader #7 for port 15006
2025-05-14 02:53:33,800 [Socket Reader #8 for port 15006] INFO  ipc.Server (Server.java:run(1474)) - Starting Socket Reader #8 for port 15006
2025-05-14 02:53:33,801 [Socket Reader #9 for port 15006] INFO  ipc.Server (Server.java:run(1474)) - Starting Socket Reader #9 for port 15006
2025-05-14 02:53:33,801 [Socket Reader #10 for port 15006] INFO  ipc.Server (Server.java:run(1474)) - Starting Socket Reader #10 for port 15006
2025-05-14 02:53:33,823 [main] INFO  impl.MetricsSystemImpl (MetricsSystemImpl.java:init(158)) - OzoneManager metrics system started (again)
2025-05-14 02:53:33,834 [main] INFO  om.OzoneManager (OzoneManager.java:start(1768)) - OzoneManager RPC server is listening at localhost/127.0.0.1:15006
2025-05-14 02:53:33,834 [main] INFO  ratis.OzoneManagerRatisServer (OzoneManagerRatisServer.java:start(628)) - Starting OzoneManagerRatisServer om1 at port 15009
2025-05-14 02:53:33,835 [om1-impl-thread1] INFO  server.RaftServerConfigKeys (ConfUtils.java:logGet(46)) - raft.server.storage.free-space.min = 0MB (=0) (default)
2025-05-14 02:53:33,835 [om1-impl-thread1] INFO  server.RaftServerConfigKeys (ConfUtils.java:logGet(46)) - raft.server.log.corruption.policy = EXCEPTION (default)
2025-05-14 02:53:33,835 [om1-impl-thread1] INFO  server.RaftServerConfigKeys (ConfUtils.java:logGet(46)) - raft.server.storage.dir = [/home/runner/work/ozone/ozone/hadoop-ozone/integration-test/target/test-dir/MiniOzoneClusterImpl-af940217-b311-440f-8e09-352fdf66236b/ozone-meta/ratis] (custom)
2025-05-14 02:53:33,835 [om1-impl-thread1] INFO  storage.RaftStorageDirectory (RaftStorageDirectoryImpl.java:analyzeStorage(138)) - The storage directory /home/runner/work/ozone/ozone/hadoop-ozone/integration-test/target/test-dir/MiniOzoneClusterImpl-af940217-b311-440f-8e09-352fdf66236b/ozone-meta/ratis/bf265839-605b-3f16-9796-c5ba1605619e does not exist. Creating ...
2025-05-14 02:53:33,837 [om1-impl-thread1] INFO  storage.RaftStorageDirectory (RaftStorageDirectoryImpl.java:tryLock(229)) - Lock on /home/runner/work/ozone/ozone/hadoop-ozone/integration-test/target/test-dir/MiniOzoneClusterImpl-af940217-b311-440f-8e09-352fdf66236b/ozone-meta/ratis/bf265839-605b-3f16-9796-c5ba1605619e/in_use.lock acquired by nodename 34763@localhost
2025-05-14 02:53:33,838 [om1-impl-thread1] INFO  storage.RaftStorage (RaftStorageImpl.java:format(98)) - Storage directory /home/runner/work/ozone/ozone/hadoop-ozone/integration-test/target/test-dir/MiniOzoneClusterImpl-af940217-b311-440f-8e09-352fdf66236b/ozone-meta/ratis/bf265839-605b-3f16-9796-c5ba1605619e has been successfully formatted.
2025-05-14 02:53:33,838 [om1-impl-thread1] INFO  ratis.OzoneManagerStateMachine (OzoneManagerStateMachine.java:lambda$0(138)) - om1: initialize group-C5BA1605619E with (t:0, i:~)
2025-05-14 02:53:33,839 [om1-impl-thread1] INFO  server.RaftServerConfigKeys (ConfUtils.java:logGet(46)) - raft.server.log.use.memory = false (default)
2025-05-14 02:53:33,839 [om1-impl-thread1] INFO  server.RaftServerConfigKeys (ConfUtils.java:logGet(46)) - raft.server.log.purge.gap = 1000000 (custom)
2025-05-14 02:53:33,839 [om1-impl-thread1] INFO  server.RaftServerConfigKeys (ConfUtils.java:logGet(46)) - raft.server.log.appender.buffer.byte-limit = 4194304 (custom)
2025-05-14 02:53:33,839 [om1-impl-thread1] INFO  server.RaftServerConfigKeys (ConfUtils.java:logGet(46)) - raft.server.log.statemachine.data.read.timeout = 1000ms (default)
2025-05-14 02:53:33,839 [om1-impl-thread1] INFO  server.RaftServerConfigKeys (ConfUtils.java:logGet(46)) - raft.server.log.purge.preservation.log.num = 0 (default)
2025-05-14 02:53:33,842 [om1-impl-thread1] INFO  server.RaftServerConfigKeys (ConfUtils.java:logGet(46)) - raft.server.log.segment.size.max = 4194304 (custom)
2025-05-14 02:53:33,843 [om1-impl-thread1] INFO  server.RaftServerConfigKeys (ConfUtils.java:logGet(46)) - raft.server.log.segment.cache.num.max = 2 (custom)
2025-05-14 02:53:33,843 [om1-impl-thread1] INFO  server.RaftServerConfigKeys (ConfUtils.java:logGet(46)) - raft.server.log.segment.cache.size.max = 200MB (=209715200) (default)
2025-05-14 02:53:33,843 [om1-impl-thread1] INFO  server.RaftServerConfigKeys (ConfUtils.java:logGet(46)) - raft.server.log.appender.buffer.byte-limit = 4194304 (custom)
2025-05-14 02:53:33,844 [om1-impl-thread1] INFO  util.AwaitToRun (AwaitToRun.java:start(81)) - Thread[#463,om1@group-C5BA1605619E-cacheEviction-AwaitToRun,5,main] started
2025-05-14 02:53:33,845 [om1-impl-thread1] INFO  segmented.SegmentedRaftLogWorker (SegmentedRaftLogWorker.java:<init>(188)) - new om1@group-C5BA1605619E-SegmentedRaftLogWorker for RaftStorageImpl:Storage Directory /home/runner/work/ozone/ozone/hadoop-ozone/integration-test/target/test-dir/MiniOzoneClusterImpl-af940217-b311-440f-8e09-352fdf66236b/ozone-meta/ratis/bf265839-605b-3f16-9796-c5ba1605619e
2025-05-14 02:53:33,845 [om1-impl-thread1] INFO  server.RaftServerConfigKeys (ConfUtils.java:logGet(46)) - raft.server.log.queue.byte-limit = 64MB (=67108864) (default)
2025-05-14 02:53:33,845 [om1-impl-thread1] INFO  server.RaftServerConfigKeys (ConfUtils.java:logGet(46)) - raft.server.log.queue.element-limit = 4096 (default)
2025-05-14 02:53:33,845 [om1-impl-thread1] INFO  server.RaftServerConfigKeys (ConfUtils.java:logGet(46)) - raft.server.log.segment.size.max = 4194304 (custom)
2025-05-14 02:53:33,845 [om1-impl-thread1] INFO  server.RaftServerConfigKeys (ConfUtils.java:logGet(46)) - raft.server.log.preallocated.size = 4194304 (custom)
2025-05-14 02:53:33,845 [om1-impl-thread1] INFO  server.RaftServerConfigKeys (ConfUtils.java:logGet(46)) - raft.server.log.force.sync.num = 128 (default)
2025-05-14 02:53:33,845 [om1-impl-thread1] INFO  server.RaftServerConfigKeys (ConfUtils.java:logGet(46)) - raft.server.log.statemachine.data.sync = true (default)
2025-05-14 02:53:33,845 [om1-impl-thread1] INFO  server.RaftServerConfigKeys (ConfUtils.java:logGet(46)) - raft.server.log.statemachine.data.sync.timeout = 10s (default)
2025-05-14 02:53:33,845 [om1-impl-thread1] INFO  server.RaftServerConfigKeys (ConfUtils.java:logGet(46)) - raft.server.log.statemachine.data.sync.timeout.retry = -1 (default)
2025-05-14 02:53:33,846 [om1-impl-thread1] INFO  server.RaftServerConfigKeys (ConfUtils.java:logGet(46)) - raft.server.log.write.buffer.size = 4194312 (custom)
2025-05-14 02:53:33,846 [om1-impl-thread1] INFO  server.RaftServerConfigKeys (ConfUtils.java:logGet(46)) - raft.server.log.appender.buffer.byte-limit = 4194304 (custom)
2025-05-14 02:53:33,846 [om1-impl-thread1] INFO  server.RaftServerConfigKeys (ConfUtils.java:logGet(46)) - raft.server.log.unsafe-flush.enabled = false (default)
2025-05-14 02:53:33,847 [om1-impl-thread1] INFO  server.RaftServerConfigKeys (ConfUtils.java:logGet(46)) - raft.server.log.async-flush.enabled = false (default)
2025-05-14 02:53:33,847 [om1-impl-thread1] INFO  server.RaftServerConfigKeys (ConfUtils.java:logGet(46)) - raft.server.log.statemachine.data.caching.enabled = false (default)
2025-05-14 02:53:33,848 [om1-impl-thread1] INFO  segmented.SegmentedRaftLogWorker (SegmentedRaftLogWorker.java:lambda$new$0(139)) - om1@group-C5BA1605619E-SegmentedRaftLogWorker: flushIndex: setUnconditionally 0 -> -1
2025-05-14 02:53:33,849 [om1-impl-thread1] INFO  segmented.SegmentedRaftLogWorker (SegmentedRaftLogWorker.java:lambda$new$0(139)) - om1@group-C5BA1605619E-SegmentedRaftLogWorker: safeCacheEvictIndex: setUnconditionally 0 -> -1
2025-05-14 02:53:33,850 [om1-impl-thread1] INFO  server.RaftServer$Division (RaftServerImpl.java:start(391)) - om1@group-C5BA1605619E: start as a follower, conf=conf: {index: -1, cur=peers:[om1|localhost:15009]|listeners:[], old=null}
2025-05-14 02:53:33,851 [om1-impl-thread1] INFO  server.RaftServer$Division (RaftServerImpl.java:setRole(378)) - om1@group-C5BA1605619E: changes role from      null to FOLLOWER at term 0 for startAsFollower
2025-05-14 02:53:33,851 [om1-impl-thread1] INFO  impl.RoleInfo (RoleInfo.java:updateAndGet(148)) - om1: start om1@group-C5BA1605619E-FollowerState
2025-05-14 02:53:33,851 [om1-impl-thread1] INFO  util.JmxRegister (JmxRegister.java:tryRegister(44)) - Successfully registered JMX Bean with object name Ratis:service=RaftServer,group=group-C5BA1605619E,id=om1
2025-05-14 02:53:33,851 [om1-impl-thread1] INFO  util.JmxRegister (JmxRegister.java:register(58)) - register mxBean class org.apache.ratis.server.impl.RaftServerJmxAdapter as Ratis:service=RaftServer,group=group-C5BA1605619E,id=om1
2025-05-14 02:53:33,851 [om1-impl-thread1] INFO  server.RaftServerConfigKeys (ConfUtils.java:logGet(46)) - raft.server.snapshot.trigger-when-stop.enabled = true (default)
2025-05-14 02:53:33,851 [om1-impl-thread1] INFO  server.RaftServerConfigKeys (ConfUtils.java:logGet(46)) - raft.server.snapshot.trigger-when-remove.enabled = true (default)
2025-05-14 02:53:33,852 [om1-impl-thread1] INFO  server.RaftServerConfigKeys (ConfUtils.java:logGet(46)) - raft.server.snapshot.auto.trigger.enabled = true (custom)
2025-05-14 02:53:33,852 [om1-impl-thread1] INFO  server.RaftServerConfigKeys (ConfUtils.java:logGet(46)) - raft.server.snapshot.auto.trigger.threshold = 400000 (default)
2025-05-14 02:53:33,852 [om1-impl-thread1] INFO  server.RaftServerConfigKeys (ConfUtils.java:logGet(46)) - raft.server.snapshot.retention.file.num = -1 (default)
2025-05-14 02:53:33,852 [om1-impl-thread1] INFO  server.RaftServerConfigKeys (ConfUtils.java:logGet(46)) - raft.server.log.purge.upto.snapshot.index = true (custom)
2025-05-14 02:53:33,852 [om1@group-C5BA1605619E-FollowerState] INFO  server.RaftServerConfigKeys (ConfUtils.java:logFallback(53)) - raft.server.rpc.first-election.timeout.min = 1s (fallback to raft.server.rpc.timeout.min)
2025-05-14 02:53:33,853 [om1@group-C5BA1605619E-FollowerState] INFO  server.RaftServerConfigKeys (ConfUtils.java:logFallback(53)) - raft.server.rpc.first-election.timeout.max = 1200ms (fallback to raft.server.rpc.timeout.max)
2025-05-14 02:53:33,853 [om1-impl-thread1] INFO  server.RaftServer$Division (RaftServerImpl.java:start(405)) - om1@group-C5BA1605619E: Successfully started.
2025-05-14 02:53:33,854 [main] INFO  server.RaftServer (RaftServerProxy.java:startImpl(407)) - om1: start RPC server
2025-05-14 02:53:33,854 [main] INFO  server.GrpcService (GrpcService.java:startImpl(334)) - om1: GrpcService started, listening on 15009
2025-05-14 02:53:33,855 [JvmPauseMonitor2] INFO  util.JvmPauseMonitor (JvmPauseMonitor.java:run(146)) - JvmPauseMonitor-om1: Started
2025-05-14 02:53:33,856 [main] INFO  om.OzoneManager (OzoneManager.java:start(1783)) - Version File has different layout version (8) than OM DB (null). That is expected if this OM has never been finalized to a newer layout version.
2025-05-14 02:53:33,869 [main] INFO  client.ScmTopologyClient (ScmTopologyClient.java:start(70)) - Initial network topology fetched from SCM: /.
2025-05-14 02:53:33,870 [main] INFO  net.NodeSchemaLoader (NodeSchemaLoader.java:loadSchemaFromFile(128)) - Loading schema from [jar:file:/home/runner/work/ozone/ozone/hadoop-hdds/common/target/hdds-common-2.1.0-SNAPSHOT.jar!/network-topology-default.xml]
2025-05-14 02:53:33,870 [main] INFO  net.NodeSchemaLoader (NodeSchemaLoader.java:loadSchema(175)) - Loading network topology layer schema file
2025-05-14 02:53:33,885 [main] INFO  http.BaseHttpServer (BaseHttpServer.java:newHttpServer2BuilderForOzone(229)) - Starting Web-server for ozoneManager at: http://0.0.0.0:15007
2025-05-14 02:53:33,886 [main] INFO  http.BaseHttpServer (BaseHttpServer.java:<init>(107)) - Hadoop Security Enabled: false Ozone Security Enabled: false Ozone HTTP Security Enabled: false 
2025-05-14 02:53:33,888 [main] WARN  server.AuthenticationFilter (AuthenticationFilter.java:constructSecretProvider(240)) - Unable to initialize FileSignerSecretProvider, falling back to use random secrets. Reason: Could not read signature secret file: /home/runner/hadoop-http-auth-signature-secret
2025-05-14 02:53:33,891 [main] INFO  http.HttpServer2 (HttpServer2.java:addGlobalFilter(1042)) - Added global filter 'safety' (class=org.apache.hadoop.hdds.server.http.HttpServer2$QuotingInputFilter)
2025-05-14 02:53:33,892 [main] INFO  http.HttpServer2 (HttpServer2.java:addFilter(1018)) - Added filter static_user_filter (class=org.apache.hadoop.http.lib.StaticUserWebFilter$StaticUserFilter) to context ozoneManager
2025-05-14 02:53:33,892 [main] INFO  http.HttpServer2 (HttpServer2.java:addFilter(1026)) - Added filter static_user_filter (class=org.apache.hadoop.http.lib.StaticUserWebFilter$StaticUserFilter) to context static
2025-05-14 02:53:33,893 [main] INFO  http.HttpServer2 (HttpServer2.java:addFilter(1026)) - Added filter static_user_filter (class=org.apache.hadoop.http.lib.StaticUserWebFilter$StaticUserFilter) to context logs
2025-05-14 02:53:33,893 [main] INFO  http.BaseHttpServer (BaseHttpServer.java:<init>(195)) - HTTP server of ozoneManager uses base directory /home/runner/work/ozone/ozone/hadoop-ozone/integration-test/target/test-dir/MiniOzoneClusterImpl-af940217-b311-440f-8e09-352fdf66236b/ozone-meta/webserver
2025-05-14 02:53:33,896 [main] INFO  http.HttpServer2 (HttpServer2.java:bindListener(1242)) - Jetty bound to port 15007
2025-05-14 02:53:33,897 [main] INFO  server.Server (Server.java:doStart(375)) - jetty-9.4.57.v20241219; built: 2025-01-08T21:24:30.412Z; git: df524e6b29271c2e09ba9aea83c18dc9db464a31; jvm 21.0.7+6-LTS
2025-05-14 02:53:33,899 [main] INFO  server.session (DefaultSessionIdManager.java:doStart(334)) - DefaultSessionIdManager workerName=node0
2025-05-14 02:53:33,899 [main] INFO  server.session (DefaultSessionIdManager.java:doStart(339)) - No SessionScavenger set, using defaults
2025-05-14 02:53:33,900 [main] INFO  server.session (HouseKeeper.java:startScavenging(132)) - node0 Scavenging every 600000ms
2025-05-14 02:53:33,900 [main] INFO  handler.ContextHandler (ContextHandler.java:doStart(921)) - Started o.e.j.s.ServletContextHandler@257a59c{logs,/logs,file:///home/runner/work/ozone/ozone/hadoop-ozone/integration-test/target/log,AVAILABLE}
2025-05-14 02:53:33,901 [main] INFO  handler.ContextHandler (ContextHandler.java:doStart(921)) - Started o.e.j.s.ServletContextHandler@4c4a8ffe{static,/static,file:///home/runner/work/ozone/ozone/hadoop-ozone/integration-test/target/test-classes/webapps/static,AVAILABLE}
2025-05-14 02:53:33,910 [main] INFO  handler.ContextHandler (ContextHandler.java:doStart(921)) - Started o.e.j.w.WebAppContext@4fc2e703{ozoneManager,/,file:///home/runner/work/ozone/ozone/hadoop-ozone/integration-test/target/test-classes/webapps/ozoneManager/,AVAILABLE}{file:/home/runner/work/ozone/ozone/hadoop-ozone/integration-test/target/test-classes/webapps/ozoneManager}
2025-05-14 02:53:33,910 [main] INFO  server.AbstractConnector (AbstractConnector.java:doStart(333)) - Started ServerConnector@12cea099{HTTP/1.1, (http/1.1)}{0.0.0.0:15007}
2025-05-14 02:53:33,911 [main] INFO  server.Server (Server.java:doStart(415)) - Started @10731ms
2025-05-14 02:53:33,911 [main] WARN  impl.MetricsSystemImpl (MetricsSystemImpl.java:register(279)) - Sink prometheus already exists!
2025-05-14 02:53:33,911 [main] INFO  http.BaseHttpServer (BaseHttpServer.java:updateConnectorAddress(359)) - HTTP server of ozoneManager listening at http://0.0.0.0:15007
2025-05-14 02:53:33,912 [IPC Server Responder] INFO  ipc.Server (Server.java:run(1713)) - IPC Server Responder: starting
2025-05-14 02:53:33,912 [IPC Server listener on 15006] INFO  ipc.Server (Server.java:run(1553)) - IPC Server listener on 15006: starting
2025-05-14 02:53:33,915 [main] INFO  om.OzoneManager (OzoneManager.java:startTrashEmptier(2238)) - Trash Interval set to 0. Files deleted won't move to trash
2025-05-14 02:53:33,933 [main] INFO  db.CodecBuffer (CodecBuffer.java:set(85)) - Successfully set constructor to LeakDetector::newCodecBuffer: org.apache.hadoop.hdds.utils.db.CodecBuffer$$Lambda/0x00007f5d547b2898@1a343d3e
2025-05-14 02:53:34,020 [main] WARN  dropwizard3.Dm3MetricRegistriesImpl (Dm3MetricRegistriesImpl.java:addReporterRegistration(114)) - New reporters are added after registries were created. Some metrics will be missing from the reporter. Please add reporter before adding any new registry.
2025-05-14 02:53:34,021 [main] WARN  dropwizard3.Dm3MetricRegistriesImpl (Dm3MetricRegistriesImpl.java:addReporterRegistration(114)) - New reporters are added after registries were created. Some metrics will be missing from the reporter. Please add reporter before adding any new registry.
2025-05-14 02:53:34,021 [main] INFO  impl.MetricsSystemImpl (MetricsSystemImpl.java:init(158)) - HddsDatanode metrics system started (again)
2025-05-14 02:53:34,038 [main] INFO  protocol.DatanodeDetails (DatanodeDetails.java:validateDatanodeIpAddress(199)) - Updating IP address of datanode f8181075-ae63-407a-b17c-78185f7d70dd(localhost/null) to 127.0.0.1
2025-05-14 02:53:34,038 [main] INFO  ozone.HddsDatanodeService (HddsDatanodeService.java:start(234)) - HddsDatanodeService f8181075-ae63-407a-b17c-78185f7d70dd(localhost/127.0.0.1)
2025-05-14 02:53:34,043 [main] INFO  upgrade.AbstractLayoutVersionManager (AbstractLayoutVersionManager.java:init(80)) - Initializing Layout version manager with metadata layout = HBASE_SUPPORT (version = 8), software layout = HBASE_SUPPORT (version = 8)
2025-05-14 02:53:34,045 [main] INFO  statemachine.DatanodeStateMachine (DatanodeStateMachine.java:getEndPointTaskThreadPoolSize(298)) - Datanode State Machine Task Thread Pool size 2
2025-05-14 02:53:34,085 [main] INFO  volume.HddsVolume (HddsVolume.java:<init>(158)) - HddsVolume: { id=DS-80f976d6-64c2-4bce-ba96-904b9feff7db dir=/home/runner/work/ozone/ozone/hadoop-ozone/integration-test/target/test-dir/MiniOzoneClusterImpl-af940217-b311-440f-8e09-352fdf66236b/ozone-meta/datanode-1/data-0/hdds type=DISK capacity=9222449699674390527 used=0 available=9222449699674390527 minFree=5368709120 committed=0 }
2025-05-14 02:53:34,085 [main] INFO  volume.MutableVolumeSet (MutableVolumeSet.java:initializeVolumeSet(166)) - Added Volume : /home/runner/work/ozone/ozone/hadoop-ozone/integration-test/target/test-dir/MiniOzoneClusterImpl-af940217-b311-440f-8e09-352fdf66236b/ozone-meta/datanode-1/data-0/hdds to VolumeSet
2025-05-14 02:53:34,089 [main] INFO  volume.MutableVolumeSet (MutableVolumeSet.java:initializeVolumeSet(166)) - Added Volume : /home/runner/work/ozone/ozone/hadoop-ozone/integration-test/target/test-dir/MiniOzoneClusterImpl-af940217-b311-440f-8e09-352fdf66236b/ozone-meta/datanode-1/ratis to VolumeSet
2025-05-14 02:53:34,092 [main] INFO  ozoneimpl.OzoneContainer (HddsVolumeUtil.java:loadAllHddsVolumeDbStore(102)) - Load 1 volumes DbStore cost: 0ms
2025-05-14 02:53:34,094 [main] WARN  db.DBStoreBuilder (DBStoreBuilder.java:getDBDirPath(160)) - ozone.scm.datanode.id.dir is not configured. We recommend adding this setting. Falling back to ozone.metadata.dirs instead.
2025-05-14 02:53:34,099 [main] WARN  db.DBStoreBuilder (DBStoreBuilder.java:getDBDirPath(160)) - ozone.scm.datanode.id.dir is not configured. We recommend adding this setting. Falling back to ozone.metadata.dirs instead.
2025-05-14 02:53:34,125 [main] INFO  impl.FilePerChunkStrategy (FilePerChunkStrategy.java:<init>(79)) - ozone.chunk.read.mapped.buffer.max.count is load with 0
2025-05-14 02:53:34,127 [main] INFO  impl.FilePerBlockStrategy (FilePerBlockStrategy.java:<init>(87)) - ozone.chunk.read.mapped.buffer.max.count is load with 0
2025-05-14 02:53:34,149 [main] INFO  audit.AuditLogger (AuditLogger.java:refreshDebugCmdSet(133)) - Refresh DebugCmdSet for DNAudit to [].
2025-05-14 02:53:34,164 [main] INFO  server.RaftServerConfigKeys (ConfUtils.java:logGet(46)) - raft.server.log.appender.buffer.byte-limit = 33554432 (custom)
2025-05-14 02:53:34,173 [main] INFO  server.RaftServer (ConfUtils.java:logGet(46)) - raft.rpc.type = GRPC (default)
2025-05-14 02:53:34,173 [main] INFO  grpc.GrpcConfigKeys (ConfUtils.java:logFallback(53)) - raft.grpc.admin.host = null (fallback to raft.grpc.server.host)
2025-05-14 02:53:34,174 [main] INFO  grpc.GrpcConfigKeys (ConfUtils.java:logGet(46)) - raft.grpc.admin.port = 15014 (custom)
2025-05-14 02:53:34,174 [main] INFO  grpc.GrpcConfigKeys (ConfUtils.java:logFallback(53)) - raft.grpc.client.host = null (fallback to raft.grpc.server.host)
2025-05-14 02:53:34,174 [main] INFO  grpc.GrpcConfigKeys (ConfUtils.java:logGet(46)) - raft.grpc.client.port = 15013 (custom)
2025-05-14 02:53:34,174 [main] INFO  grpc.GrpcConfigKeys (ConfUtils.java:logGet(46)) - raft.grpc.server.host = null (default)
2025-05-14 02:53:34,174 [main] INFO  grpc.GrpcConfigKeys (ConfUtils.java:logGet(46)) - raft.grpc.server.port = 15015 (custom)
2025-05-14 02:53:34,174 [main] INFO  server.GrpcService (ConfUtils.java:logGet(46)) - raft.grpc.message.size.max = 34603008 (custom)
2025-05-14 02:53:34,174 [main] INFO  server.GrpcService (ConfUtils.java:logGet(46)) - raft.grpc.flow.control.window = 5MB (=5242880) (custom)
2025-05-14 02:53:34,175 [main] INFO  server.RaftServerConfigKeys (ConfUtils.java:logGet(46)) - raft.server.rpc.request.timeout = 3000ms (default)
2025-05-14 02:53:34,175 [main] INFO  grpc.GrpcConfigKeys (ConfUtils.java:logGet(46)) - raft.grpc.server.heartbeat.channel = true (default)
2025-05-14 02:53:34,175 [main] INFO  server.RaftServerConfigKeys (ConfUtils.java:logGet(46)) - raft.server.log.appender.buffer.byte-limit = 33554432 (custom)
2025-05-14 02:53:34,175 [main] INFO  grpc.GrpcConfigKeys (ConfUtils.java:logGet(46)) - raft.grpc.server.async.request.thread.pool.cached = true (default)
2025-05-14 02:53:34,175 [main] INFO  grpc.GrpcConfigKeys (ConfUtils.java:logGet(46)) - raft.grpc.server.async.request.thread.pool.size = 32 (default)
2025-05-14 02:53:34,177 [main] INFO  impl.DataStreamServerImpl (ConfUtils.java:logGet(46)) - raft.datastream.type = NETTY (custom)
2025-05-14 02:53:34,184 [main] INFO  server.RaftServerConfigKeys (ConfUtils.java:logGet(46)) - raft.server.data-stream.async.request.thread.pool.cached = false (default)
2025-05-14 02:53:34,185 [main] INFO  server.RaftServerConfigKeys (ConfUtils.java:logGet(46)) - raft.server.data-stream.async.request.thread.pool.size = 20 (custom)
2025-05-14 02:53:34,185 [main] INFO  server.RaftServerConfigKeys (ConfUtils.java:logGet(46)) - raft.server.data-stream.async.write.thread.pool.size = 16 (default)
2025-05-14 02:53:34,186 [main] INFO  netty.NettyConfigKeys$DataStream (ConfUtils.java:logGet(46)) - raft.netty.dataStream.server.channel.inactive.grace-period = 10min (default)
2025-05-14 02:53:34,187 [main] INFO  server.RaftServerConfigKeys (ConfUtils.java:logGet(46)) - raft.server.data-stream.client.pool.size = 10 (default)
2025-05-14 02:53:34,188 [main] INFO  netty.NettyConfigKeys$DataStream (ConfUtils.java:logGet(46)) - raft.netty.dataStream.server.use-epoll = true (default)
2025-05-14 02:53:34,188 [main] INFO  netty.NettyConfigKeys$DataStream (ConfUtils.java:logGet(46)) - raft.netty.dataStream.server.boss-group.size = 0 (default)
2025-05-14 02:53:34,189 [main] INFO  netty.NettyUtils (NettyUtils.java:newEventLoopGroup(74)) - Create EpollEventLoopGroup for f8181075-ae63-407a-b17c-78185f7d70dd-NettyServerStreamRpc-bossGroup; Thread size is 0.
2025-05-14 02:53:34,190 [main] INFO  netty.NettyConfigKeys$DataStream (ConfUtils.java:logGet(46)) - raft.netty.dataStream.server.worker-group.size = 0 (default)
2025-05-14 02:53:34,190 [main] INFO  netty.NettyUtils (NettyUtils.java:newEventLoopGroup(74)) - Create EpollEventLoopGroup for f8181075-ae63-407a-b17c-78185f7d70dd-NettyServerStreamRpc-workerGroup; Thread size is 0.
2025-05-14 02:53:34,191 [main] INFO  netty.NettyConfigKeys$DataStream (ConfUtils.java:logGet(46)) - raft.netty.dataStream.server.tls.conf = null (default)
2025-05-14 02:53:34,192 [main] INFO  netty.NettyConfigKeys$DataStream (ConfUtils.java:logGet(46)) - raft.netty.dataStream.host = null (default)
2025-05-14 02:53:34,192 [main] INFO  netty.NettyConfigKeys$DataStream (ConfUtils.java:logGet(46)) - raft.netty.dataStream.port = 15016 (custom)
2025-05-14 02:53:34,195 [main] INFO  server.RaftServerConfigKeys (ConfUtils.java:logGet(46)) - raft.server.sleep.deviation.threshold = 300ms (default)
2025-05-14 02:53:34,195 [main] INFO  server.RaftServerConfigKeys (ConfUtils.java:logGet(46)) - raft.server.close.threshold = 60s (default)
2025-05-14 02:53:34,195 [main] INFO  server.RaftServerConfigKeys (ConfUtils.java:logGet(46)) - raft.server.leaderelection.leader.step-down.wait-time = 10s (default)
2025-05-14 02:53:34,196 [main] INFO  server.RaftServerConfigKeys (ConfUtils.java:logGet(46)) - raft.server.storage.dir = [/home/runner/work/ozone/ozone/hadoop-ozone/integration-test/target/test-dir/MiniOzoneClusterImpl-af940217-b311-440f-8e09-352fdf66236b/ozone-meta/datanode-1/ratis] (custom)
2025-05-14 02:53:34,196 [main] INFO  server.RaftServerConfigKeys (ConfUtils.java:logGet(46)) - raft.server.threadpool.proxy.cached = true (default)
2025-05-14 02:53:34,196 [main] INFO  server.RaftServerConfigKeys (ConfUtils.java:logGet(46)) - raft.server.threadpool.proxy.size = 0 (default)
2025-05-14 02:53:34,197 [f8181075-ae63-407a-b17c-78185f7d70dd-impl-thread1] INFO  server.RaftServer (RaftServerProxy.java:initGroupDir(265)) - f8181075-ae63-407a-b17c-78185f7d70dd: found a subdirectory /home/runner/work/ozone/ozone/hadoop-ozone/integration-test/target/test-dir/MiniOzoneClusterImpl-af940217-b311-440f-8e09-352fdf66236b/ozone-meta/datanode-1/ratis/tmp
2025-05-14 02:53:34,197 [f8181075-ae63-407a-b17c-78185f7d70dd-impl-thread1] INFO  server.RaftServer (RaftServerProxy.java:initGroupDir(270)) - f8181075-ae63-407a-b17c-78185f7d70dd: The directory /home/runner/work/ozone/ozone/hadoop-ozone/integration-test/target/test-dir/MiniOzoneClusterImpl-af940217-b311-440f-8e09-352fdf66236b/ozone-meta/datanode-1/ratis/tmp is not a group directory; ignoring it. 
2025-05-14 02:53:34,200 [main] INFO  replication.ReplicationServer (ReplicationServer.java:<init>(84)) - Initializing replication server with thread count = 10 queue length = 4096
2025-05-14 02:53:34,207 [f8181075-ae63-407a-b17c-78185f7d70dd-NettyServerStreamRpc-bossGroup--thread1] INFO  logging.LoggingHandler (AbstractInternalLogger.java:log(148)) - [id: 0x04264a4d] REGISTERED
2025-05-14 02:53:34,208 [f8181075-ae63-407a-b17c-78185f7d70dd-NettyServerStreamRpc-bossGroup--thread1] INFO  logging.LoggingHandler (AbstractInternalLogger.java:log(148)) - [id: 0x04264a4d] BIND: 0.0.0.0/0.0.0.0:15016
2025-05-14 02:53:34,208 [f8181075-ae63-407a-b17c-78185f7d70dd-NettyServerStreamRpc-bossGroup--thread1] INFO  logging.LoggingHandler (AbstractInternalLogger.java:log(148)) - [id: 0x04264a4d, L:/0.0.0.0:15016] ACTIVE
2025-05-14 02:53:34,218 [main] INFO  server.XceiverServerGrpc (XceiverServerGrpc.java:<init>(131)) - GrpcServer channel type EpollServerSocketChannel
2025-05-14 02:53:34,248 [main] INFO  replication.ReplicationSupervisor (ReplicationSupervisor.java:build(169)) - Initializing replication supervisor with thread count = 10
2025-05-14 02:53:34,249 [main] INFO  replication.ReplicationSupervisor (ReplicationSupervisor.java:nodeStateUpdated(358)) - Node state updated to IN_SERVICE, scaling executor pool size to 10
2025-05-14 02:53:34,277 [main] INFO  lib.Interns (Interns.java:removeEldestEntry(50)) - Metrics intern cache overflow at 2011 for MetricsSystem={MetricsSystem=MetricsInfoImpl{name=MetricsSystem, description=MetricsSystem}, MetricsSystem record=MetricsInfoImpl{name=MetricsSystem, description=MetricsSystem record}}
2025-05-14 02:53:34,296 [main] INFO  http.BaseHttpServer (BaseHttpServer.java:newHttpServer2BuilderForOzone(229)) - Starting Web-server for hddsDatanode at: http://0.0.0.0:15010
2025-05-14 02:53:34,296 [main] INFO  http.BaseHttpServer (BaseHttpServer.java:<init>(107)) - Hadoop Security Enabled: false Ozone Security Enabled: false Ozone HTTP Security Enabled: false 
2025-05-14 02:53:34,298 [main] WARN  server.AuthenticationFilter (AuthenticationFilter.java:constructSecretProvider(240)) - Unable to initialize FileSignerSecretProvider, falling back to use random secrets. Reason: Could not read signature secret file: /home/runner/hadoop-http-auth-signature-secret
2025-05-14 02:53:34,302 [main] INFO  http.HttpServer2 (HttpServer2.java:addGlobalFilter(1042)) - Added global filter 'safety' (class=org.apache.hadoop.hdds.server.http.HttpServer2$QuotingInputFilter)
2025-05-14 02:53:34,303 [main] INFO  http.HttpServer2 (HttpServer2.java:addFilter(1018)) - Added filter static_user_filter (class=org.apache.hadoop.http.lib.StaticUserWebFilter$StaticUserFilter) to context hddsDatanode
2025-05-14 02:53:34,304 [main] INFO  http.HttpServer2 (HttpServer2.java:addFilter(1026)) - Added filter static_user_filter (class=org.apache.hadoop.http.lib.StaticUserWebFilter$StaticUserFilter) to context static
2025-05-14 02:53:34,304 [main] INFO  http.HttpServer2 (HttpServer2.java:addFilter(1026)) - Added filter static_user_filter (class=org.apache.hadoop.http.lib.StaticUserWebFilter$StaticUserFilter) to context logs
2025-05-14 02:53:34,305 [main] INFO  http.BaseHttpServer (BaseHttpServer.java:<init>(195)) - HTTP server of hddsDatanode uses base directory /home/runner/work/ozone/ozone/hadoop-ozone/integration-test/target/test-dir/MiniOzoneClusterImpl-af940217-b311-440f-8e09-352fdf66236b/ozone-meta/datanode-1/meta/webserver
2025-05-14 02:53:34,306 [main] INFO  http.HttpServer2 (HttpServer2.java:bindListener(1242)) - Jetty bound to port 15010
2025-05-14 02:53:34,306 [main] INFO  server.Server (Server.java:doStart(375)) - jetty-9.4.57.v20241219; built: 2025-01-08T21:24:30.412Z; git: df524e6b29271c2e09ba9aea83c18dc9db464a31; jvm 21.0.7+6-LTS
2025-05-14 02:53:34,309 [main] INFO  server.session (DefaultSessionIdManager.java:doStart(334)) - DefaultSessionIdManager workerName=node0
2025-05-14 02:53:34,309 [main] INFO  server.session (DefaultSessionIdManager.java:doStart(339)) - No SessionScavenger set, using defaults
2025-05-14 02:53:34,309 [main] INFO  server.session (HouseKeeper.java:startScavenging(132)) - node0 Scavenging every 600000ms
2025-05-14 02:53:34,310 [main] INFO  handler.ContextHandler (ContextHandler.java:doStart(921)) - Started o.e.j.s.ServletContextHandler@25cd6dc5{logs,/logs,file:///home/runner/work/ozone/ozone/hadoop-ozone/integration-test/target/log,AVAILABLE}
2025-05-14 02:53:34,311 [main] INFO  handler.ContextHandler (ContextHandler.java:doStart(921)) - Started o.e.j.s.ServletContextHandler@77228300{static,/static,jar:file:/home/runner/work/ozone/ozone/hadoop-hdds/container-service/target/hdds-container-service-2.1.0-SNAPSHOT.jar!/webapps/static,AVAILABLE}
2025-05-14 02:53:34,461 [main] INFO  handler.ContextHandler (ContextHandler.java:doStart(921)) - Started o.e.j.w.WebAppContext@7ffd3c24{hddsDatanode,/,file:///home/runner/work/ozone/ozone/hadoop-ozone/integration-test/target/test-dir/MiniOzoneClusterImpl-af940217-b311-440f-8e09-352fdf66236b/ozone-meta/datanode-1/meta/webserver/jetty-0_0_0_0-15010-hdds-container-service-2_1_0-SNAPSHOT_jar-_-any-9161588636333803245/webapp/,AVAILABLE}{jar:file:/home/runner/work/ozone/ozone/hadoop-hdds/container-service/target/hdds-container-service-2.1.0-SNAPSHOT.jar!/webapps/hddsDatanode}
2025-05-14 02:53:34,462 [main] INFO  server.AbstractConnector (AbstractConnector.java:doStart(333)) - Started ServerConnector@7ad29d4b{HTTP/1.1, (http/1.1)}{0.0.0.0:15010}
2025-05-14 02:53:34,462 [main] INFO  server.Server (Server.java:doStart(415)) - Started @11282ms
2025-05-14 02:53:34,462 [main] WARN  impl.MetricsSystemImpl (MetricsSystemImpl.java:register(279)) - Sink prometheus already exists!
2025-05-14 02:53:34,462 [main] INFO  http.BaseHttpServer (BaseHttpServer.java:updateConnectorAddress(359)) - HTTP server of hddsDatanode listening at http://0.0.0.0:15010
2025-05-14 02:53:34,465 [main] INFO  ipc.CallQueueManager (CallQueueManager.java:<init>(93)) - Using callQueue: class java.util.concurrent.LinkedBlockingQueue, queueCapacity: 1000, scheduler: class org.apache.hadoop.ipc.DefaultRpcScheduler, ipcBackoff: false, ipcFailOver: false.
2025-05-14 02:53:34,465 [main] INFO  ipc.Server (Server.java:<init>(1438)) - Listener at 0.0.0.0:15011
2025-05-14 02:53:34,466 [Socket Reader #1 for port 15011] INFO  ipc.Server (Server.java:run(1474)) - Starting Socket Reader #1 for port 15011
2025-05-14 02:53:34,466 [Socket Reader #2 for port 15011] INFO  ipc.Server (Server.java:run(1474)) - Starting Socket Reader #2 for port 15011
2025-05-14 02:53:34,466 [Socket Reader #3 for port 15011] INFO  ipc.Server (Server.java:run(1474)) - Starting Socket Reader #3 for port 15011
2025-05-14 02:53:34,466 [Socket Reader #4 for port 15011] INFO  ipc.Server (Server.java:run(1474)) - Starting Socket Reader #4 for port 15011
2025-05-14 02:53:34,466 [Socket Reader #5 for port 15011] INFO  ipc.Server (Server.java:run(1474)) - Starting Socket Reader #5 for port 15011
2025-05-14 02:53:34,466 [Socket Reader #6 for port 15011] INFO  ipc.Server (Server.java:run(1474)) - Starting Socket Reader #6 for port 15011
2025-05-14 02:53:34,466 [Socket Reader #7 for port 15011] INFO  ipc.Server (Server.java:run(1474)) - Starting Socket Reader #7 for port 15011
2025-05-14 02:53:34,467 [Socket Reader #8 for port 15011] INFO  ipc.Server (Server.java:run(1474)) - Starting Socket Reader #8 for port 15011
2025-05-14 02:53:34,467 [Socket Reader #9 for port 15011] INFO  ipc.Server (Server.java:run(1474)) - Starting Socket Reader #9 for port 15011
2025-05-14 02:53:34,467 [Socket Reader #10 for port 15011] INFO  ipc.Server (Server.java:run(1474)) - Starting Socket Reader #10 for port 15011
2025-05-14 02:53:34,469 [main] INFO  ozone.HddsDatanodeService (HddsDatanodeService.java:start(325)) - Datanode start with admins: [runner]
2025-05-14 02:53:34,469 [main] INFO  ozone.HddsDatanodeClientProtocolServer (HddsDatanodeClientProtocolServer.java:start(76)) - RPC server for Client /0.0.0.0:15011
2025-05-14 02:53:34,469 [IPC Server Responder] INFO  ipc.Server (Server.java:run(1713)) - IPC Server Responder: starting
2025-05-14 02:53:34,469 [IPC Server listener on 15011] INFO  ipc.Server (Server.java:run(1553)) - IPC Server listener on 15011: starting
2025-05-14 02:53:34,471 [main] WARN  dropwizard3.Dm3MetricRegistriesImpl (Dm3MetricRegistriesImpl.java:addReporterRegistration(114)) - New reporters are added after registries were created. Some metrics will be missing from the reporter. Please add reporter before adding any new registry.
2025-05-14 02:53:34,472 [main] WARN  dropwizard3.Dm3MetricRegistriesImpl (Dm3MetricRegistriesImpl.java:addReporterRegistration(114)) - New reporters are added after registries were created. Some metrics will be missing from the reporter. Please add reporter before adding any new registry.
2025-05-14 02:53:34,472 [main] INFO  impl.MetricsSystemImpl (MetricsSystemImpl.java:init(158)) - HddsDatanode metrics system started (again)
2025-05-14 02:53:34,475 [f8181075-ae63-407a-b17c-78185f7d70dd-DatanodeStateMachineDaemonThread] INFO  statemachine.DatanodeStateMachine (DatanodeStateMachine.java:startStateMachineThread(340)) - Ozone container server started.
2025-05-14 02:53:34,489 [main] INFO  protocol.DatanodeDetails (DatanodeDetails.java:validateDatanodeIpAddress(199)) - Updating IP address of datanode 30ccf06d-ad3c-4fb0-87c5-f3e2916d12cb(localhost/null) to 127.0.0.1
2025-05-14 02:53:34,489 [main] INFO  ozone.HddsDatanodeService (HddsDatanodeService.java:start(234)) - HddsDatanodeService 30ccf06d-ad3c-4fb0-87c5-f3e2916d12cb(localhost/127.0.0.1)
2025-05-14 02:53:34,494 [main] INFO  upgrade.AbstractLayoutVersionManager (AbstractLayoutVersionManager.java:init(80)) - Initializing Layout version manager with metadata layout = HBASE_SUPPORT (version = 8), software layout = HBASE_SUPPORT (version = 8)
2025-05-14 02:53:34,495 [main] INFO  statemachine.DatanodeStateMachine (DatanodeStateMachine.java:getEndPointTaskThreadPoolSize(298)) - Datanode State Machine Task Thread Pool size 2
2025-05-14 02:53:34,499 [main] INFO  volume.HddsVolume (HddsVolume.java:<init>(158)) - HddsVolume: { id=DS-a4bf78f2-9a35-4f0d-812e-eee81dc0cf9a dir=/home/runner/work/ozone/ozone/hadoop-ozone/integration-test/target/test-dir/MiniOzoneClusterImpl-af940217-b311-440f-8e09-352fdf66236b/ozone-meta/datanode-2/data-0/hdds type=DISK capacity=9222449699674390527 used=0 available=9222449699674390527 minFree=5368709120 committed=0 }
2025-05-14 02:53:34,499 [main] INFO  volume.MutableVolumeSet (MutableVolumeSet.java:initializeVolumeSet(166)) - Added Volume : /home/runner/work/ozone/ozone/hadoop-ozone/integration-test/target/test-dir/MiniOzoneClusterImpl-af940217-b311-440f-8e09-352fdf66236b/ozone-meta/datanode-2/data-0/hdds to VolumeSet
2025-05-14 02:53:34,501 [main] INFO  volume.MutableVolumeSet (MutableVolumeSet.java:initializeVolumeSet(166)) - Added Volume : /home/runner/work/ozone/ozone/hadoop-ozone/integration-test/target/test-dir/MiniOzoneClusterImpl-af940217-b311-440f-8e09-352fdf66236b/ozone-meta/datanode-2/ratis to VolumeSet
2025-05-14 02:53:34,503 [main] INFO  ozoneimpl.OzoneContainer (HddsVolumeUtil.java:loadAllHddsVolumeDbStore(102)) - Load 1 volumes DbStore cost: 0ms
2025-05-14 02:53:34,503 [main] WARN  db.DBStoreBuilder (DBStoreBuilder.java:getDBDirPath(160)) - ozone.scm.datanode.id.dir is not configured. We recommend adding this setting. Falling back to ozone.metadata.dirs instead.
2025-05-14 02:53:34,504 [main] WARN  db.DBStoreBuilder (DBStoreBuilder.java:getDBDirPath(160)) - ozone.scm.datanode.id.dir is not configured. We recommend adding this setting. Falling back to ozone.metadata.dirs instead.
2025-05-14 02:53:34,520 [main] INFO  impl.FilePerChunkStrategy (FilePerChunkStrategy.java:<init>(79)) - ozone.chunk.read.mapped.buffer.max.count is load with 0
2025-05-14 02:53:34,520 [main] INFO  impl.FilePerBlockStrategy (FilePerBlockStrategy.java:<init>(87)) - ozone.chunk.read.mapped.buffer.max.count is load with 0
2025-05-14 02:53:34,521 [main] INFO  server.RaftServerConfigKeys (ConfUtils.java:logGet(46)) - raft.server.log.appender.buffer.byte-limit = 33554432 (custom)
2025-05-14 02:53:34,523 [main] INFO  server.RaftServer (ConfUtils.java:logGet(46)) - raft.rpc.type = GRPC (default)
2025-05-14 02:53:34,523 [main] INFO  grpc.GrpcConfigKeys (ConfUtils.java:logFallback(53)) - raft.grpc.admin.host = null (fallback to raft.grpc.server.host)
2025-05-14 02:53:34,524 [main] INFO  grpc.GrpcConfigKeys (ConfUtils.java:logGet(46)) - raft.grpc.admin.port = 15022 (custom)
2025-05-14 02:53:34,524 [main] INFO  grpc.GrpcConfigKeys (ConfUtils.java:logFallback(53)) - raft.grpc.client.host = null (fallback to raft.grpc.server.host)
2025-05-14 02:53:34,524 [main] INFO  grpc.GrpcConfigKeys (ConfUtils.java:logGet(46)) - raft.grpc.client.port = 15021 (custom)
2025-05-14 02:53:34,524 [main] INFO  grpc.GrpcConfigKeys (ConfUtils.java:logGet(46)) - raft.grpc.server.host = null (default)
2025-05-14 02:53:34,524 [main] INFO  grpc.GrpcConfigKeys (ConfUtils.java:logGet(46)) - raft.grpc.server.port = 15023 (custom)
2025-05-14 02:53:34,524 [main] INFO  server.GrpcService (ConfUtils.java:logGet(46)) - raft.grpc.message.size.max = 34603008 (custom)
2025-05-14 02:53:34,524 [main] INFO  server.GrpcService (ConfUtils.java:logGet(46)) - raft.grpc.flow.control.window = 5MB (=5242880) (custom)
2025-05-14 02:53:34,524 [main] INFO  server.RaftServerConfigKeys (ConfUtils.java:logGet(46)) - raft.server.rpc.request.timeout = 3000ms (default)
2025-05-14 02:53:34,525 [main] INFO  grpc.GrpcConfigKeys (ConfUtils.java:logGet(46)) - raft.grpc.server.heartbeat.channel = true (default)
2025-05-14 02:53:34,525 [main] INFO  server.RaftServerConfigKeys (ConfUtils.java:logGet(46)) - raft.server.log.appender.buffer.byte-limit = 33554432 (custom)
2025-05-14 02:53:34,525 [main] INFO  grpc.GrpcConfigKeys (ConfUtils.java:logGet(46)) - raft.grpc.server.async.request.thread.pool.cached = true (default)
2025-05-14 02:53:34,525 [main] INFO  grpc.GrpcConfigKeys (ConfUtils.java:logGet(46)) - raft.grpc.server.async.request.thread.pool.size = 32 (default)
2025-05-14 02:53:34,526 [main] INFO  impl.DataStreamServerImpl (ConfUtils.java:logGet(46)) - raft.datastream.type = NETTY (custom)
2025-05-14 02:53:34,527 [main] INFO  server.RaftServerConfigKeys (ConfUtils.java:logGet(46)) - raft.server.data-stream.async.request.thread.pool.cached = false (default)
2025-05-14 02:53:34,527 [main] INFO  server.RaftServerConfigKeys (ConfUtils.java:logGet(46)) - raft.server.data-stream.async.request.thread.pool.size = 20 (custom)
2025-05-14 02:53:34,527 [main] INFO  server.RaftServerConfigKeys (ConfUtils.java:logGet(46)) - raft.server.data-stream.async.write.thread.pool.size = 16 (default)
2025-05-14 02:53:34,527 [main] INFO  netty.NettyConfigKeys$DataStream (ConfUtils.java:logGet(46)) - raft.netty.dataStream.server.channel.inactive.grace-period = 10min (default)
2025-05-14 02:53:34,527 [main] INFO  server.RaftServerConfigKeys (ConfUtils.java:logGet(46)) - raft.server.data-stream.client.pool.size = 10 (default)
2025-05-14 02:53:34,528 [main] INFO  netty.NettyConfigKeys$DataStream (ConfUtils.java:logGet(46)) - raft.netty.dataStream.server.use-epoll = true (default)
2025-05-14 02:53:34,528 [main] INFO  netty.NettyConfigKeys$DataStream (ConfUtils.java:logGet(46)) - raft.netty.dataStream.server.boss-group.size = 0 (default)
2025-05-14 02:53:34,528 [main] INFO  netty.NettyUtils (NettyUtils.java:newEventLoopGroup(74)) - Create EpollEventLoopGroup for 30ccf06d-ad3c-4fb0-87c5-f3e2916d12cb-NettyServerStreamRpc-bossGroup; Thread size is 0.
2025-05-14 02:53:34,529 [main] INFO  netty.NettyConfigKeys$DataStream (ConfUtils.java:logGet(46)) - raft.netty.dataStream.server.worker-group.size = 0 (default)
2025-05-14 02:53:34,529 [main] INFO  netty.NettyUtils (NettyUtils.java:newEventLoopGroup(74)) - Create EpollEventLoopGroup for 30ccf06d-ad3c-4fb0-87c5-f3e2916d12cb-NettyServerStreamRpc-workerGroup; Thread size is 0.
2025-05-14 02:53:34,529 [main] INFO  netty.NettyConfigKeys$DataStream (ConfUtils.java:logGet(46)) - raft.netty.dataStream.server.tls.conf = null (default)
2025-05-14 02:53:34,529 [main] INFO  netty.NettyConfigKeys$DataStream (ConfUtils.java:logGet(46)) - raft.netty.dataStream.host = null (default)
2025-05-14 02:53:34,530 [main] INFO  netty.NettyConfigKeys$DataStream (ConfUtils.java:logGet(46)) - raft.netty.dataStream.port = 15024 (custom)
2025-05-14 02:53:34,530 [main] INFO  server.RaftServerConfigKeys (ConfUtils.java:logGet(46)) - raft.server.sleep.deviation.threshold = 300ms (default)
2025-05-14 02:53:34,530 [main] INFO  server.RaftServerConfigKeys (ConfUtils.java:logGet(46)) - raft.server.close.threshold = 60s (default)
2025-05-14 02:53:34,530 [main] INFO  server.RaftServerConfigKeys (ConfUtils.java:logGet(46)) - raft.server.leaderelection.leader.step-down.wait-time = 10s (default)
2025-05-14 02:53:34,531 [main] INFO  server.RaftServerConfigKeys (ConfUtils.java:logGet(46)) - raft.server.storage.dir = [/home/runner/work/ozone/ozone/hadoop-ozone/integration-test/target/test-dir/MiniOzoneClusterImpl-af940217-b311-440f-8e09-352fdf66236b/ozone-meta/datanode-2/ratis] (custom)
2025-05-14 02:53:34,531 [main] INFO  server.RaftServerConfigKeys (ConfUtils.java:logGet(46)) - raft.server.threadpool.proxy.cached = true (default)
2025-05-14 02:53:34,531 [main] INFO  server.RaftServerConfigKeys (ConfUtils.java:logGet(46)) - raft.server.threadpool.proxy.size = 0 (default)
2025-05-14 02:53:34,531 [30ccf06d-ad3c-4fb0-87c5-f3e2916d12cb-NettyServerStreamRpc-bossGroup--thread1] INFO  logging.LoggingHandler (AbstractInternalLogger.java:log(148)) - [id: 0x90758999] REGISTERED
2025-05-14 02:53:34,531 [30ccf06d-ad3c-4fb0-87c5-f3e2916d12cb-impl-thread1] INFO  server.RaftServer (RaftServerProxy.java:initGroupDir(265)) - 30ccf06d-ad3c-4fb0-87c5-f3e2916d12cb: found a subdirectory /home/runner/work/ozone/ozone/hadoop-ozone/integration-test/target/test-dir/MiniOzoneClusterImpl-af940217-b311-440f-8e09-352fdf66236b/ozone-meta/datanode-2/ratis/tmp
2025-05-14 02:53:34,532 [30ccf06d-ad3c-4fb0-87c5-f3e2916d12cb-NettyServerStreamRpc-bossGroup--thread1] INFO  logging.LoggingHandler (AbstractInternalLogger.java:log(148)) - [id: 0x90758999] BIND: 0.0.0.0/0.0.0.0:15024
2025-05-14 02:53:34,532 [30ccf06d-ad3c-4fb0-87c5-f3e2916d12cb-impl-thread1] INFO  server.RaftServer (RaftServerProxy.java:initGroupDir(270)) - 30ccf06d-ad3c-4fb0-87c5-f3e2916d12cb: The directory /home/runner/work/ozone/ozone/hadoop-ozone/integration-test/target/test-dir/MiniOzoneClusterImpl-af940217-b311-440f-8e09-352fdf66236b/ozone-meta/datanode-2/ratis/tmp is not a group directory; ignoring it. 
2025-05-14 02:53:34,532 [30ccf06d-ad3c-4fb0-87c5-f3e2916d12cb-NettyServerStreamRpc-bossGroup--thread1] INFO  logging.LoggingHandler (AbstractInternalLogger.java:log(148)) - [id: 0x90758999, L:/0.0.0.0:15024] ACTIVE
2025-05-14 02:53:34,532 [main] INFO  replication.ReplicationServer (ReplicationServer.java:<init>(84)) - Initializing replication server with thread count = 10 queue length = 4096
2025-05-14 02:53:34,533 [main] INFO  server.XceiverServerGrpc (XceiverServerGrpc.java:<init>(131)) - GrpcServer channel type EpollServerSocketChannel
2025-05-14 02:53:34,534 [f8181075-ae63-407a-b17c-78185f7d70dd-DatanodeStateMachineTaskThread-0] INFO  datanode.InitDatanodeState (InitDatanodeState.java:persistContainerDatanodeDetails(139)) - DatanodeDetails is persisted to /home/runner/work/ozone/ozone/hadoop-ozone/integration-test/target/test-dir/MiniOzoneClusterImpl-af940217-b311-440f-8e09-352fdf66236b/ozone-meta/datanode-1/meta/datanode.id
2025-05-14 02:53:34,536 [main] INFO  replication.ReplicationSupervisor (ReplicationSupervisor.java:build(169)) - Initializing replication supervisor with thread count = 10
2025-05-14 02:53:34,537 [main] INFO  replication.ReplicationSupervisor (ReplicationSupervisor.java:nodeStateUpdated(358)) - Node state updated to IN_SERVICE, scaling executor pool size to 10
2025-05-14 02:53:34,540 [main] INFO  http.BaseHttpServer (BaseHttpServer.java:newHttpServer2BuilderForOzone(229)) - Starting Web-server for hddsDatanode at: http://0.0.0.0:15018
2025-05-14 02:53:34,540 [main] INFO  http.BaseHttpServer (BaseHttpServer.java:<init>(107)) - Hadoop Security Enabled: false Ozone Security Enabled: false Ozone HTTP Security Enabled: false 
2025-05-14 02:53:34,542 [main] WARN  server.AuthenticationFilter (AuthenticationFilter.java:constructSecretProvider(240)) - Unable to initialize FileSignerSecretProvider, falling back to use random secrets. Reason: Could not read signature secret file: /home/runner/hadoop-http-auth-signature-secret
2025-05-14 02:53:34,545 [main] INFO  http.HttpServer2 (HttpServer2.java:addGlobalFilter(1042)) - Added global filter 'safety' (class=org.apache.hadoop.hdds.server.http.HttpServer2$QuotingInputFilter)
2025-05-14 02:53:34,546 [main] INFO  http.HttpServer2 (HttpServer2.java:addFilter(1018)) - Added filter static_user_filter (class=org.apache.hadoop.http.lib.StaticUserWebFilter$StaticUserFilter) to context hddsDatanode
2025-05-14 02:53:34,546 [main] INFO  http.HttpServer2 (HttpServer2.java:addFilter(1026)) - Added filter static_user_filter (class=org.apache.hadoop.http.lib.StaticUserWebFilter$StaticUserFilter) to context logs
2025-05-14 02:53:34,546 [main] INFO  http.HttpServer2 (HttpServer2.java:addFilter(1026)) - Added filter static_user_filter (class=org.apache.hadoop.http.lib.StaticUserWebFilter$StaticUserFilter) to context static
2025-05-14 02:53:34,547 [main] INFO  http.BaseHttpServer (BaseHttpServer.java:<init>(195)) - HTTP server of hddsDatanode uses base directory /home/runner/work/ozone/ozone/hadoop-ozone/integration-test/target/test-dir/MiniOzoneClusterImpl-af940217-b311-440f-8e09-352fdf66236b/ozone-meta/datanode-2/meta/webserver
2025-05-14 02:53:34,547 [main] INFO  http.HttpServer2 (HttpServer2.java:bindListener(1242)) - Jetty bound to port 15018
2025-05-14 02:53:34,547 [main] INFO  server.Server (Server.java:doStart(375)) - jetty-9.4.57.v20241219; built: 2025-01-08T21:24:30.412Z; git: df524e6b29271c2e09ba9aea83c18dc9db464a31; jvm 21.0.7+6-LTS
2025-05-14 02:53:34,549 [main] INFO  server.session (DefaultSessionIdManager.java:doStart(334)) - DefaultSessionIdManager workerName=node0
2025-05-14 02:53:34,549 [main] INFO  server.session (DefaultSessionIdManager.java:doStart(339)) - No SessionScavenger set, using defaults
2025-05-14 02:53:34,549 [main] INFO  server.session (HouseKeeper.java:startScavenging(132)) - node0 Scavenging every 600000ms
2025-05-14 02:53:34,550 [main] INFO  handler.ContextHandler (ContextHandler.java:doStart(921)) - Started o.e.j.s.ServletContextHandler@70c1a887{logs,/logs,file:///home/runner/work/ozone/ozone/hadoop-ozone/integration-test/target/log,AVAILABLE}
2025-05-14 02:53:34,550 [main] INFO  handler.ContextHandler (ContextHandler.java:doStart(921)) - Started o.e.j.s.ServletContextHandler@614ff138{static,/static,jar:file:/home/runner/work/ozone/ozone/hadoop-hdds/container-service/target/hdds-container-service-2.1.0-SNAPSHOT.jar!/webapps/static,AVAILABLE}
2025-05-14 02:53:34,684 [main] INFO  handler.ContextHandler (ContextHandler.java:doStart(921)) - Started o.e.j.w.WebAppContext@3f096fa1{hddsDatanode,/,file:///home/runner/work/ozone/ozone/hadoop-ozone/integration-test/target/test-dir/MiniOzoneClusterImpl-af940217-b311-440f-8e09-352fdf66236b/ozone-meta/datanode-2/meta/webserver/jetty-0_0_0_0-15018-hdds-container-service-2_1_0-SNAPSHOT_jar-_-any-8304791653604229575/webapp/,AVAILABLE}{jar:file:/home/runner/work/ozone/ozone/hadoop-hdds/container-service/target/hdds-container-service-2.1.0-SNAPSHOT.jar!/webapps/hddsDatanode}
2025-05-14 02:53:34,685 [main] INFO  server.AbstractConnector (AbstractConnector.java:doStart(333)) - Started ServerConnector@7a397f0f{HTTP/1.1, (http/1.1)}{0.0.0.0:15018}
2025-05-14 02:53:34,685 [main] INFO  server.Server (Server.java:doStart(415)) - Started @11506ms
2025-05-14 02:53:34,685 [main] WARN  impl.MetricsSystemImpl (MetricsSystemImpl.java:register(279)) - Sink prometheus already exists!
2025-05-14 02:53:34,686 [main] INFO  http.BaseHttpServer (BaseHttpServer.java:updateConnectorAddress(359)) - HTTP server of hddsDatanode listening at http://0.0.0.0:15018
2025-05-14 02:53:34,686 [main] INFO  ipc.CallQueueManager (CallQueueManager.java:<init>(93)) - Using callQueue: class java.util.concurrent.LinkedBlockingQueue, queueCapacity: 1000, scheduler: class org.apache.hadoop.ipc.DefaultRpcScheduler, ipcBackoff: false, ipcFailOver: false.
2025-05-14 02:53:34,687 [main] INFO  ipc.Server (Server.java:<init>(1438)) - Listener at 0.0.0.0:15019
2025-05-14 02:53:34,687 [Socket Reader #1 for port 15019] INFO  ipc.Server (Server.java:run(1474)) - Starting Socket Reader #1 for port 15019
2025-05-14 02:53:34,688 [Socket Reader #3 for port 15019] INFO  ipc.Server (Server.java:run(1474)) - Starting Socket Reader #3 for port 15019
2025-05-14 02:53:34,688 [Socket Reader #2 for port 15019] INFO  ipc.Server (Server.java:run(1474)) - Starting Socket Reader #2 for port 15019
2025-05-14 02:53:34,688 [Socket Reader #4 for port 15019] INFO  ipc.Server (Server.java:run(1474)) - Starting Socket Reader #4 for port 15019
2025-05-14 02:53:34,688 [Socket Reader #5 for port 15019] INFO  ipc.Server (Server.java:run(1474)) - Starting Socket Reader #5 for port 15019
2025-05-14 02:53:34,689 [Socket Reader #6 for port 15019] INFO  ipc.Server (Server.java:run(1474)) - Starting Socket Reader #6 for port 15019
2025-05-14 02:53:34,689 [Socket Reader #7 for port 15019] INFO  ipc.Server (Server.java:run(1474)) - Starting Socket Reader #7 for port 15019
2025-05-14 02:53:34,689 [Socket Reader #8 for port 15019] INFO  ipc.Server (Server.java:run(1474)) - Starting Socket Reader #8 for port 15019
2025-05-14 02:53:34,690 [Socket Reader #9 for port 15019] INFO  ipc.Server (Server.java:run(1474)) - Starting Socket Reader #9 for port 15019
2025-05-14 02:53:34,690 [Socket Reader #10 for port 15019] INFO  ipc.Server (Server.java:run(1474)) - Starting Socket Reader #10 for port 15019
2025-05-14 02:53:34,693 [main] INFO  ozone.HddsDatanodeService (HddsDatanodeService.java:start(325)) - Datanode start with admins: [runner]
2025-05-14 02:53:34,693 [main] INFO  ozone.HddsDatanodeClientProtocolServer (HddsDatanodeClientProtocolServer.java:start(76)) - RPC server for Client /0.0.0.0:15019
2025-05-14 02:53:34,693 [IPC Server Responder] INFO  ipc.Server (Server.java:run(1713)) - IPC Server Responder: starting
2025-05-14 02:53:34,693 [IPC Server listener on 15019] INFO  ipc.Server (Server.java:run(1553)) - IPC Server listener on 15019: starting
2025-05-14 02:53:34,695 [main] WARN  dropwizard3.Dm3MetricRegistriesImpl (Dm3MetricRegistriesImpl.java:addReporterRegistration(114)) - New reporters are added after registries were created. Some metrics will be missing from the reporter. Please add reporter before adding any new registry.
2025-05-14 02:53:34,695 [main] WARN  dropwizard3.Dm3MetricRegistriesImpl (Dm3MetricRegistriesImpl.java:addReporterRegistration(114)) - New reporters are added after registries were created. Some metrics will be missing from the reporter. Please add reporter before adding any new registry.
2025-05-14 02:53:34,695 [main] INFO  impl.MetricsSystemImpl (MetricsSystemImpl.java:init(158)) - HddsDatanode metrics system started (again)
2025-05-14 02:53:34,697 [30ccf06d-ad3c-4fb0-87c5-f3e2916d12cb-DatanodeStateMachineDaemonThread] INFO  statemachine.DatanodeStateMachine (DatanodeStateMachine.java:startStateMachineThread(340)) - Ozone container server started.
2025-05-14 02:53:34,702 [30ccf06d-ad3c-4fb0-87c5-f3e2916d12cb-DatanodeStateMachineTaskThread-0] INFO  datanode.InitDatanodeState (InitDatanodeState.java:persistContainerDatanodeDetails(139)) - DatanodeDetails is persisted to /home/runner/work/ozone/ozone/hadoop-ozone/integration-test/target/test-dir/MiniOzoneClusterImpl-af940217-b311-440f-8e09-352fdf66236b/ozone-meta/datanode-2/meta/datanode.id
2025-05-14 02:53:34,709 [main] INFO  protocol.DatanodeDetails (DatanodeDetails.java:validateDatanodeIpAddress(199)) - Updating IP address of datanode 0e2e4ad1-578a-45fc-a8c2-41affcffb7b9(localhost/null) to 127.0.0.1
2025-05-14 02:53:34,709 [main] INFO  ozone.HddsDatanodeService (HddsDatanodeService.java:start(234)) - HddsDatanodeService 0e2e4ad1-578a-45fc-a8c2-41affcffb7b9(localhost/127.0.0.1)
2025-05-14 02:53:34,712 [main] INFO  upgrade.AbstractLayoutVersionManager (AbstractLayoutVersionManager.java:init(80)) - Initializing Layout version manager with metadata layout = HBASE_SUPPORT (version = 8), software layout = HBASE_SUPPORT (version = 8)
2025-05-14 02:53:34,718 [main] INFO  statemachine.DatanodeStateMachine (DatanodeStateMachine.java:getEndPointTaskThreadPoolSize(298)) - Datanode State Machine Task Thread Pool size 2
2025-05-14 02:53:34,722 [main] INFO  volume.HddsVolume (HddsVolume.java:<init>(158)) - HddsVolume: { id=DS-74938583-d16e-44e3-b16a-fe145b042732 dir=/home/runner/work/ozone/ozone/hadoop-ozone/integration-test/target/test-dir/MiniOzoneClusterImpl-af940217-b311-440f-8e09-352fdf66236b/ozone-meta/datanode-3/data-0/hdds type=DISK capacity=9222449699674390527 used=0 available=9222449699674390527 minFree=5368709120 committed=0 }
2025-05-14 02:53:34,723 [main] INFO  volume.MutableVolumeSet (MutableVolumeSet.java:initializeVolumeSet(166)) - Added Volume : /home/runner/work/ozone/ozone/hadoop-ozone/integration-test/target/test-dir/MiniOzoneClusterImpl-af940217-b311-440f-8e09-352fdf66236b/ozone-meta/datanode-3/data-0/hdds to VolumeSet
2025-05-14 02:53:34,724 [main] INFO  volume.MutableVolumeSet (MutableVolumeSet.java:initializeVolumeSet(166)) - Added Volume : /home/runner/work/ozone/ozone/hadoop-ozone/integration-test/target/test-dir/MiniOzoneClusterImpl-af940217-b311-440f-8e09-352fdf66236b/ozone-meta/datanode-3/ratis to VolumeSet
2025-05-14 02:53:34,725 [main] INFO  ozoneimpl.OzoneContainer (HddsVolumeUtil.java:loadAllHddsVolumeDbStore(102)) - Load 1 volumes DbStore cost: 0ms
2025-05-14 02:53:34,725 [main] WARN  db.DBStoreBuilder (DBStoreBuilder.java:getDBDirPath(160)) - ozone.scm.datanode.id.dir is not configured. We recommend adding this setting. Falling back to ozone.metadata.dirs instead.
2025-05-14 02:53:34,726 [main] WARN  db.DBStoreBuilder (DBStoreBuilder.java:getDBDirPath(160)) - ozone.scm.datanode.id.dir is not configured. We recommend adding this setting. Falling back to ozone.metadata.dirs instead.
2025-05-14 02:53:34,739 [main] INFO  impl.FilePerChunkStrategy (FilePerChunkStrategy.java:<init>(79)) - ozone.chunk.read.mapped.buffer.max.count is load with 0
2025-05-14 02:53:34,740 [main] INFO  impl.FilePerBlockStrategy (FilePerBlockStrategy.java:<init>(87)) - ozone.chunk.read.mapped.buffer.max.count is load with 0
2025-05-14 02:53:34,741 [main] INFO  server.RaftServerConfigKeys (ConfUtils.java:logGet(46)) - raft.server.log.appender.buffer.byte-limit = 33554432 (custom)
2025-05-14 02:53:34,743 [main] INFO  server.RaftServer (ConfUtils.java:logGet(46)) - raft.rpc.type = GRPC (default)
2025-05-14 02:53:34,744 [main] INFO  grpc.GrpcConfigKeys (ConfUtils.java:logFallback(53)) - raft.grpc.admin.host = null (fallback to raft.grpc.server.host)
2025-05-14 02:53:34,744 [main] INFO  grpc.GrpcConfigKeys (ConfUtils.java:logGet(46)) - raft.grpc.admin.port = 15030 (custom)
2025-05-14 02:53:34,744 [main] INFO  grpc.GrpcConfigKeys (ConfUtils.java:logFallback(53)) - raft.grpc.client.host = null (fallback to raft.grpc.server.host)
2025-05-14 02:53:34,744 [main] INFO  grpc.GrpcConfigKeys (ConfUtils.java:logGet(46)) - raft.grpc.client.port = 15029 (custom)
2025-05-14 02:53:34,744 [main] INFO  grpc.GrpcConfigKeys (ConfUtils.java:logGet(46)) - raft.grpc.server.host = null (default)
2025-05-14 02:53:34,745 [main] INFO  grpc.GrpcConfigKeys (ConfUtils.java:logGet(46)) - raft.grpc.server.port = 15031 (custom)
2025-05-14 02:53:34,745 [main] INFO  server.GrpcService (ConfUtils.java:logGet(46)) - raft.grpc.message.size.max = 34603008 (custom)
2025-05-14 02:53:34,745 [main] INFO  server.GrpcService (ConfUtils.java:logGet(46)) - raft.grpc.flow.control.window = 5MB (=5242880) (custom)
2025-05-14 02:53:34,746 [main] INFO  server.RaftServerConfigKeys (ConfUtils.java:logGet(46)) - raft.server.rpc.request.timeout = 3000ms (default)
2025-05-14 02:53:34,746 [main] INFO  grpc.GrpcConfigKeys (ConfUtils.java:logGet(46)) - raft.grpc.server.heartbeat.channel = true (default)
2025-05-14 02:53:34,746 [main] INFO  server.RaftServerConfigKeys (ConfUtils.java:logGet(46)) - raft.server.log.appender.buffer.byte-limit = 33554432 (custom)
2025-05-14 02:53:34,746 [main] INFO  grpc.GrpcConfigKeys (ConfUtils.java:logGet(46)) - raft.grpc.server.async.request.thread.pool.cached = true (default)
2025-05-14 02:53:34,746 [main] INFO  grpc.GrpcConfigKeys (ConfUtils.java:logGet(46)) - raft.grpc.server.async.request.thread.pool.size = 32 (default)
2025-05-14 02:53:34,749 [main] INFO  impl.DataStreamServerImpl (ConfUtils.java:logGet(46)) - raft.datastream.type = NETTY (custom)
2025-05-14 02:53:34,750 [main] INFO  server.RaftServerConfigKeys (ConfUtils.java:logGet(46)) - raft.server.data-stream.async.request.thread.pool.cached = false (default)
2025-05-14 02:53:34,750 [main] INFO  server.RaftServerConfigKeys (ConfUtils.java:logGet(46)) - raft.server.data-stream.async.request.thread.pool.size = 20 (custom)
2025-05-14 02:53:34,751 [main] INFO  server.RaftServerConfigKeys (ConfUtils.java:logGet(46)) - raft.server.data-stream.async.write.thread.pool.size = 16 (default)
2025-05-14 02:53:34,751 [main] INFO  netty.NettyConfigKeys$DataStream (ConfUtils.java:logGet(46)) - raft.netty.dataStream.server.channel.inactive.grace-period = 10min (default)
2025-05-14 02:53:34,752 [main] INFO  server.RaftServerConfigKeys (ConfUtils.java:logGet(46)) - raft.server.data-stream.client.pool.size = 10 (default)
2025-05-14 02:53:34,752 [main] INFO  netty.NettyConfigKeys$DataStream (ConfUtils.java:logGet(46)) - raft.netty.dataStream.server.use-epoll = true (default)
2025-05-14 02:53:34,752 [main] INFO  netty.NettyConfigKeys$DataStream (ConfUtils.java:logGet(46)) - raft.netty.dataStream.server.boss-group.size = 0 (default)
2025-05-14 02:53:34,753 [main] INFO  netty.NettyUtils (NettyUtils.java:newEventLoopGroup(74)) - Create EpollEventLoopGroup for 0e2e4ad1-578a-45fc-a8c2-41affcffb7b9-NettyServerStreamRpc-bossGroup; Thread size is 0.
2025-05-14 02:53:34,754 [main] INFO  netty.NettyConfigKeys$DataStream (ConfUtils.java:logGet(46)) - raft.netty.dataStream.server.worker-group.size = 0 (default)
2025-05-14 02:53:34,755 [main] INFO  netty.NettyUtils (NettyUtils.java:newEventLoopGroup(74)) - Create EpollEventLoopGroup for 0e2e4ad1-578a-45fc-a8c2-41affcffb7b9-NettyServerStreamRpc-workerGroup; Thread size is 0.
2025-05-14 02:53:34,756 [main] INFO  netty.NettyConfigKeys$DataStream (ConfUtils.java:logGet(46)) - raft.netty.dataStream.server.tls.conf = null (default)
2025-05-14 02:53:34,757 [main] INFO  netty.NettyConfigKeys$DataStream (ConfUtils.java:logGet(46)) - raft.netty.dataStream.host = null (default)
2025-05-14 02:53:34,757 [main] INFO  netty.NettyConfigKeys$DataStream (ConfUtils.java:logGet(46)) - raft.netty.dataStream.port = 15032 (custom)
2025-05-14 02:53:34,758 [main] INFO  server.RaftServerConfigKeys (ConfUtils.java:logGet(46)) - raft.server.sleep.deviation.threshold = 300ms (default)
2025-05-14 02:53:34,759 [main] INFO  server.RaftServerConfigKeys (ConfUtils.java:logGet(46)) - raft.server.close.threshold = 60s (default)
2025-05-14 02:53:34,759 [main] INFO  server.RaftServerConfigKeys (ConfUtils.java:logGet(46)) - raft.server.leaderelection.leader.step-down.wait-time = 10s (default)
2025-05-14 02:53:34,759 [0e2e4ad1-578a-45fc-a8c2-41affcffb7b9-NettyServerStreamRpc-bossGroup--thread1] INFO  logging.LoggingHandler (AbstractInternalLogger.java:log(148)) - [id: 0x3039c4e6] REGISTERED
2025-05-14 02:53:34,760 [main] INFO  server.RaftServerConfigKeys (ConfUtils.java:logGet(46)) - raft.server.storage.dir = [/home/runner/work/ozone/ozone/hadoop-ozone/integration-test/target/test-dir/MiniOzoneClusterImpl-af940217-b311-440f-8e09-352fdf66236b/ozone-meta/datanode-3/ratis] (custom)
2025-05-14 02:53:34,761 [main] INFO  server.RaftServerConfigKeys (ConfUtils.java:logGet(46)) - raft.server.threadpool.proxy.cached = true (default)
2025-05-14 02:53:34,761 [0e2e4ad1-578a-45fc-a8c2-41affcffb7b9-NettyServerStreamRpc-bossGroup--thread1] INFO  logging.LoggingHandler (AbstractInternalLogger.java:log(148)) - [id: 0x3039c4e6] BIND: 0.0.0.0/0.0.0.0:15032
2025-05-14 02:53:34,761 [0e2e4ad1-578a-45fc-a8c2-41affcffb7b9-NettyServerStreamRpc-bossGroup--thread1] INFO  logging.LoggingHandler (AbstractInternalLogger.java:log(148)) - [id: 0x3039c4e6, L:/0.0.0.0:15032] ACTIVE
2025-05-14 02:53:34,761 [main] INFO  server.RaftServerConfigKeys (ConfUtils.java:logGet(46)) - raft.server.threadpool.proxy.size = 0 (default)
2025-05-14 02:53:34,762 [0e2e4ad1-578a-45fc-a8c2-41affcffb7b9-impl-thread1] INFO  server.RaftServer (RaftServerProxy.java:initGroupDir(265)) - 0e2e4ad1-578a-45fc-a8c2-41affcffb7b9: found a subdirectory /home/runner/work/ozone/ozone/hadoop-ozone/integration-test/target/test-dir/MiniOzoneClusterImpl-af940217-b311-440f-8e09-352fdf66236b/ozone-meta/datanode-3/ratis/tmp
2025-05-14 02:53:34,763 [0e2e4ad1-578a-45fc-a8c2-41affcffb7b9-impl-thread1] INFO  server.RaftServer (RaftServerProxy.java:initGroupDir(270)) - 0e2e4ad1-578a-45fc-a8c2-41affcffb7b9: The directory /home/runner/work/ozone/ozone/hadoop-ozone/integration-test/target/test-dir/MiniOzoneClusterImpl-af940217-b311-440f-8e09-352fdf66236b/ozone-meta/datanode-3/ratis/tmp is not a group directory; ignoring it. 
2025-05-14 02:53:34,763 [main] INFO  replication.ReplicationServer (ReplicationServer.java:<init>(84)) - Initializing replication server with thread count = 10 queue length = 4096
2025-05-14 02:53:34,766 [main] INFO  server.XceiverServerGrpc (XceiverServerGrpc.java:<init>(131)) - GrpcServer channel type EpollServerSocketChannel
2025-05-14 02:53:34,768 [main] INFO  replication.ReplicationSupervisor (ReplicationSupervisor.java:build(169)) - Initializing replication supervisor with thread count = 10
2025-05-14 02:53:34,768 [main] INFO  replication.ReplicationSupervisor (ReplicationSupervisor.java:nodeStateUpdated(358)) - Node state updated to IN_SERVICE, scaling executor pool size to 10
2025-05-14 02:53:34,771 [main] INFO  http.BaseHttpServer (BaseHttpServer.java:newHttpServer2BuilderForOzone(229)) - Starting Web-server for hddsDatanode at: http://0.0.0.0:15026
2025-05-14 02:53:34,771 [main] INFO  http.BaseHttpServer (BaseHttpServer.java:<init>(107)) - Hadoop Security Enabled: false Ozone Security Enabled: false Ozone HTTP Security Enabled: false 
2025-05-14 02:53:34,773 [main] WARN  server.AuthenticationFilter (AuthenticationFilter.java:constructSecretProvider(240)) - Unable to initialize FileSignerSecretProvider, falling back to use random secrets. Reason: Could not read signature secret file: /home/runner/hadoop-http-auth-signature-secret
2025-05-14 02:53:34,776 [main] INFO  http.HttpServer2 (HttpServer2.java:addGlobalFilter(1042)) - Added global filter 'safety' (class=org.apache.hadoop.hdds.server.http.HttpServer2$QuotingInputFilter)
2025-05-14 02:53:34,777 [main] INFO  http.HttpServer2 (HttpServer2.java:addFilter(1018)) - Added filter static_user_filter (class=org.apache.hadoop.http.lib.StaticUserWebFilter$StaticUserFilter) to context hddsDatanode
2025-05-14 02:53:34,778 [main] INFO  http.HttpServer2 (HttpServer2.java:addFilter(1026)) - Added filter static_user_filter (class=org.apache.hadoop.http.lib.StaticUserWebFilter$StaticUserFilter) to context static
2025-05-14 02:53:34,778 [main] INFO  http.HttpServer2 (HttpServer2.java:addFilter(1026)) - Added filter static_user_filter (class=org.apache.hadoop.http.lib.StaticUserWebFilter$StaticUserFilter) to context logs
2025-05-14 02:53:34,778 [main] INFO  http.BaseHttpServer (BaseHttpServer.java:<init>(195)) - HTTP server of hddsDatanode uses base directory /home/runner/work/ozone/ozone/hadoop-ozone/integration-test/target/test-dir/MiniOzoneClusterImpl-af940217-b311-440f-8e09-352fdf66236b/ozone-meta/datanode-3/meta/webserver
2025-05-14 02:53:34,779 [main] INFO  http.HttpServer2 (HttpServer2.java:bindListener(1242)) - Jetty bound to port 15026
2025-05-14 02:53:34,779 [main] INFO  server.Server (Server.java:doStart(375)) - jetty-9.4.57.v20241219; built: 2025-01-08T21:24:30.412Z; git: df524e6b29271c2e09ba9aea83c18dc9db464a31; jvm 21.0.7+6-LTS
2025-05-14 02:53:34,782 [main] INFO  server.session (DefaultSessionIdManager.java:doStart(334)) - DefaultSessionIdManager workerName=node0
2025-05-14 02:53:34,783 [main] INFO  server.session (DefaultSessionIdManager.java:doStart(339)) - No SessionScavenger set, using defaults
2025-05-14 02:53:34,783 [main] INFO  server.session (HouseKeeper.java:startScavenging(132)) - node0 Scavenging every 600000ms
2025-05-14 02:53:34,785 [main] INFO  handler.ContextHandler (ContextHandler.java:doStart(921)) - Started o.e.j.s.ServletContextHandler@2f95f72a{logs,/logs,file:///home/runner/work/ozone/ozone/hadoop-ozone/integration-test/target/log,AVAILABLE}
2025-05-14 02:53:34,786 [main] INFO  handler.ContextHandler (ContextHandler.java:doStart(921)) - Started o.e.j.s.ServletContextHandler@d8b2da6{static,/static,jar:file:/home/runner/work/ozone/ozone/hadoop-hdds/container-service/target/hdds-container-service-2.1.0-SNAPSHOT.jar!/webapps/static,AVAILABLE}
2025-05-14 02:53:34,884 [om1@group-C5BA1605619E-FollowerState] INFO  impl.FollowerState (FollowerState.java:runImpl(161)) - om1@group-C5BA1605619E-FollowerState: change to CANDIDATE, lastRpcElapsedTime:1033276543ns, electionTimeout:1031ms
2025-05-14 02:53:34,884 [om1@group-C5BA1605619E-FollowerState] INFO  impl.RoleInfo (RoleInfo.java:shutdownFollowerState(121)) - om1: shutdown om1@group-C5BA1605619E-FollowerState
2025-05-14 02:53:34,884 [om1@group-C5BA1605619E-FollowerState] INFO  server.RaftServer$Division (RaftServerImpl.java:setRole(378)) - om1@group-C5BA1605619E: changes role from  FOLLOWER to CANDIDATE at term 0 for changeToCandidate
2025-05-14 02:53:34,885 [om1@group-C5BA1605619E-FollowerState] INFO  server.RaftServerConfigKeys (ConfUtils.java:logGet(46)) - raft.server.leaderelection.pre-vote = true (default)
2025-05-14 02:53:34,885 [om1@group-C5BA1605619E-FollowerState] INFO  impl.RoleInfo (RoleInfo.java:updateAndGet(148)) - om1: start om1@group-C5BA1605619E-LeaderElection3
2025-05-14 02:53:34,886 [om1@group-C5BA1605619E-LeaderElection3] INFO  impl.LeaderElection (LeaderElection.java:askForVotes(332)) - om1@group-C5BA1605619E-LeaderElection3 PRE_VOTE round 0: submit vote requests at term 0 for conf: {index: -1, cur=peers:[om1|localhost:15009]|listeners:[], old=null}
2025-05-14 02:53:34,886 [om1@group-C5BA1605619E-LeaderElection3] INFO  impl.LeaderElection (LeaderElection.java:askForVotes(334)) - om1@group-C5BA1605619E-LeaderElection3 PRE_VOTE round 0: result PASSED (term=0)
2025-05-14 02:53:34,888 [om1@group-C5BA1605619E-LeaderElection3] INFO  impl.LeaderElection (LeaderElection.java:askForVotes(332)) - om1@group-C5BA1605619E-LeaderElection3 ELECTION round 0: submit vote requests at term 1 for conf: {index: -1, cur=peers:[om1|localhost:15009]|listeners:[], old=null}
2025-05-14 02:53:34,888 [om1@group-C5BA1605619E-LeaderElection3] INFO  impl.LeaderElection (LeaderElection.java:askForVotes(334)) - om1@group-C5BA1605619E-LeaderElection3 ELECTION round 0: result PASSED (term=1)
2025-05-14 02:53:34,888 [om1@group-C5BA1605619E-LeaderElection3] INFO  impl.RoleInfo (RoleInfo.java:shutdownLeaderElection(141)) - om1: shutdown om1@group-C5BA1605619E-LeaderElection3
2025-05-14 02:53:34,888 [om1@group-C5BA1605619E-LeaderElection3] INFO  server.RaftServer$Division (RaftServerImpl.java:setRole(378)) - om1@group-C5BA1605619E: changes role from CANDIDATE to LEADER at term 1 for changeToLeader
2025-05-14 02:53:34,888 [om1@group-C5BA1605619E-LeaderElection3] INFO  server.RaftServerConfigKeys (ConfUtils.java:logGet(46)) - raft.server.staging.catchup.gap = 1000 (default)
2025-05-14 02:53:34,889 [om1@group-C5BA1605619E-LeaderElection3] INFO  server.RaftServerConfigKeys (ConfUtils.java:logGet(46)) - raft.server.write.element-limit = 4096 (default)
2025-05-14 02:53:34,889 [om1@group-C5BA1605619E-LeaderElection3] INFO  server.RaftServerConfigKeys (ConfUtils.java:logGet(46)) - raft.server.write.byte-limit = 64MB (=67108864) (default)
2025-05-14 02:53:34,889 [om1@group-C5BA1605619E-LeaderElection3] INFO  server.RaftServerConfigKeys (ConfUtils.java:logGet(46)) - raft.server.watch.timeout = 10s (default)
2025-05-14 02:53:34,889 [om1@group-C5BA1605619E-LeaderElection3] INFO  server.RaftServerConfigKeys (ConfUtils.java:logGet(46)) - raft.server.watch.timeout.denomination = 1s (default)
2025-05-14 02:53:34,889 [om1@group-C5BA1605619E-LeaderElection3] INFO  server.RaftServerConfigKeys (ConfUtils.java:logGet(46)) - raft.server.watch.element-limit = 65536 (default)
2025-05-14 02:53:34,890 [om1@group-C5BA1605619E-LeaderElection3] INFO  server.RaftServerConfigKeys (ConfUtils.java:logGet(46)) - raft.server.read.leader.lease.enabled = false (default)
2025-05-14 02:53:34,890 [om1@group-C5BA1605619E-LeaderElection3] INFO  server.RaftServerConfigKeys (ConfUtils.java:logGet(46)) - raft.server.read.leader.lease.timeout.ratio = 0.9 (default)
2025-05-14 02:53:34,890 [om1@group-C5BA1605619E-LeaderElection3] INFO  server.RaftServerConfigKeys (ConfUtils.java:logGet(46)) - raft.server.rpc.timeout.min = 1s (custom)
2025-05-14 02:53:34,890 [om1@group-C5BA1605619E-LeaderElection3] INFO  server.RaftServerConfigKeys (ConfUtils.java:logGet(46)) - raft.server.log.log-metadata.enabled = true (default)
2025-05-14 02:53:34,890 [om1@group-C5BA1605619E-LeaderElection3] INFO  server.RaftServerConfigKeys (ConfUtils.java:logGet(46)) - raft.server.write.element-limit = 4096 (default)
2025-05-14 02:53:34,890 [om1@group-C5BA1605619E-LeaderElection3] INFO  server.RaftServerConfigKeys (ConfUtils.java:logGet(46)) - raft.server.write.follower.gap.ratio.max = -1.0 (default)
2025-05-14 02:53:34,892 [om1@group-C5BA1605619E-LeaderElection3] INFO  impl.RoleInfo (RoleInfo.java:updateAndGet(148)) - om1: start om1@group-C5BA1605619E-LeaderStateImpl
2025-05-14 02:53:34,892 [om1@group-C5BA1605619E-LeaderElection3] INFO  server.RaftServer$Division (RaftServerImpl.java:setFirstElection(562)) - om1@group-C5BA1605619E: set firstElectionSinceStartup to false for becomeLeader
2025-05-14 02:53:34,895 [om1@group-C5BA1605619E-LeaderElection3] INFO  ratis.OzoneManagerStateMachine (OzoneManagerStateMachine.java:notifyLeaderChanged(174)) - om1@group-C5BA1605619E: leader changed to om1
2025-05-14 02:53:34,895 [om1@group-C5BA1605619E-LeaderElection3] INFO  server.RaftServer$Division (ServerState.java:setLeader(272)) - om1@group-C5BA1605619E: change Leader from null to om1 at term 1 for becomeLeader, leader elected after 2024ms
2025-05-14 02:53:34,895 [om1@group-C5BA1605619E-LeaderElection3] INFO  segmented.SegmentedRaftLogWorker (SegmentedRaftLogWorker.java:startLogSegment(438)) - om1@group-C5BA1605619E-SegmentedRaftLogWorker: Starting segment from index:0
2025-05-14 02:53:34,896 [om1@group-C5BA1605619E-LeaderElection3] INFO  server.RaftServer$Division (ServerState.java:setRaftConf(386)) - om1@group-C5BA1605619E: set configuration conf: {index: 0, cur=peers:[om1|localhost:15009]|listeners:[], old=null}
2025-05-14 02:53:34,896 [om1@group-C5BA1605619E-SegmentedRaftLogWorker] INFO  segmented.BufferedWriteChannel (BufferedWriteChannel.java:open(61)) - open log_inprogress_0 at position 0
2025-05-14 02:53:34,904 [om1@group-C5BA1605619E-SegmentedRaftLogWorker] INFO  segmented.SegmentedRaftLogWorker (SegmentedRaftLogWorker.java:execute(644)) - om1@group-C5BA1605619E-SegmentedRaftLogWorker: created new log segment /home/runner/work/ozone/ozone/hadoop-ozone/integration-test/target/test-dir/MiniOzoneClusterImpl-af940217-b311-440f-8e09-352fdf66236b/ozone-meta/ratis/bf265839-605b-3f16-9796-c5ba1605619e/current/log_inprogress_0
2025-05-14 02:53:34,906 [om1@group-C5BA1605619E-StateMachineUpdater] INFO  ratis.OzoneManagerStateMachine (OzoneManagerStateMachine.java:notifyConfigurationChanged(236)) - notifyConfigurationChanged from Ratis: term=1, index=0, New Peer list: om1(localhost:15009)
2025-05-14 02:53:34,907 [om1@group-C5BA1605619E-StateMachineUpdater] INFO  server.RaftServer$Division (LeaderStateImpl.java:checkStartIndex(313)) - Leader om1@group-C5BA1605619E-LeaderStateImpl is ready since appliedIndex == startIndex == 0
2025-05-14 02:53:34,946 [main] INFO  handler.ContextHandler (ContextHandler.java:doStart(921)) - Started o.e.j.w.WebAppContext@6b5b865{hddsDatanode,/,file:///home/runner/work/ozone/ozone/hadoop-ozone/integration-test/target/test-dir/MiniOzoneClusterImpl-af940217-b311-440f-8e09-352fdf66236b/ozone-meta/datanode-3/meta/webserver/jetty-0_0_0_0-15026-hdds-container-service-2_1_0-SNAPSHOT_jar-_-any-15649733428797930633/webapp/,AVAILABLE}{jar:file:/home/runner/work/ozone/ozone/hadoop-hdds/container-service/target/hdds-container-service-2.1.0-SNAPSHOT.jar!/webapps/hddsDatanode}
2025-05-14 02:53:34,947 [main] INFO  server.AbstractConnector (AbstractConnector.java:doStart(333)) - Started ServerConnector@6416b6e3{HTTP/1.1, (http/1.1)}{0.0.0.0:15026}
2025-05-14 02:53:34,947 [main] INFO  server.Server (Server.java:doStart(415)) - Started @11767ms
2025-05-14 02:53:34,947 [main] WARN  impl.MetricsSystemImpl (MetricsSystemImpl.java:register(279)) - Sink prometheus already exists!
2025-05-14 02:53:34,948 [main] INFO  http.BaseHttpServer (BaseHttpServer.java:updateConnectorAddress(359)) - HTTP server of hddsDatanode listening at http://0.0.0.0:15026
2025-05-14 02:53:34,948 [main] INFO  ipc.CallQueueManager (CallQueueManager.java:<init>(93)) - Using callQueue: class java.util.concurrent.LinkedBlockingQueue, queueCapacity: 1000, scheduler: class org.apache.hadoop.ipc.DefaultRpcScheduler, ipcBackoff: false, ipcFailOver: false.
2025-05-14 02:53:34,948 [main] INFO  ipc.Server (Server.java:<init>(1438)) - Listener at 0.0.0.0:15027
2025-05-14 02:53:34,949 [Socket Reader #1 for port 15027] INFO  ipc.Server (Server.java:run(1474)) - Starting Socket Reader #1 for port 15027
2025-05-14 02:53:34,949 [Socket Reader #2 for port 15027] INFO  ipc.Server (Server.java:run(1474)) - Starting Socket Reader #2 for port 15027
2025-05-14 02:53:34,949 [Socket Reader #3 for port 15027] INFO  ipc.Server (Server.java:run(1474)) - Starting Socket Reader #3 for port 15027
2025-05-14 02:53:34,950 [Socket Reader #4 for port 15027] INFO  ipc.Server (Server.java:run(1474)) - Starting Socket Reader #4 for port 15027
2025-05-14 02:53:34,950 [Socket Reader #5 for port 15027] INFO  ipc.Server (Server.java:run(1474)) - Starting Socket Reader #5 for port 15027
2025-05-14 02:53:34,950 [Socket Reader #6 for port 15027] INFO  ipc.Server (Server.java:run(1474)) - Starting Socket Reader #6 for port 15027
2025-05-14 02:53:34,950 [Socket Reader #7 for port 15027] INFO  ipc.Server (Server.java:run(1474)) - Starting Socket Reader #7 for port 15027
2025-05-14 02:53:34,950 [Socket Reader #8 for port 15027] INFO  ipc.Server (Server.java:run(1474)) - Starting Socket Reader #8 for port 15027
2025-05-14 02:53:34,951 [Socket Reader #9 for port 15027] INFO  ipc.Server (Server.java:run(1474)) - Starting Socket Reader #9 for port 15027
2025-05-14 02:53:34,951 [Socket Reader #10 for port 15027] INFO  ipc.Server (Server.java:run(1474)) - Starting Socket Reader #10 for port 15027
2025-05-14 02:53:34,952 [main] INFO  ozone.HddsDatanodeService (HddsDatanodeService.java:start(325)) - Datanode start with admins: [runner]
2025-05-14 02:53:34,953 [main] INFO  ozone.HddsDatanodeClientProtocolServer (HddsDatanodeClientProtocolServer.java:start(76)) - RPC server for Client /0.0.0.0:15027
2025-05-14 02:53:34,953 [IPC Server Responder] INFO  ipc.Server (Server.java:run(1713)) - IPC Server Responder: starting
2025-05-14 02:53:34,953 [IPC Server listener on 15027] INFO  ipc.Server (Server.java:run(1553)) - IPC Server listener on 15027: starting
2025-05-14 02:53:34,955 [main] WARN  dropwizard3.Dm3MetricRegistriesImpl (Dm3MetricRegistriesImpl.java:addReporterRegistration(114)) - New reporters are added after registries were created. Some metrics will be missing from the reporter. Please add reporter before adding any new registry.
2025-05-14 02:53:34,955 [main] WARN  dropwizard3.Dm3MetricRegistriesImpl (Dm3MetricRegistriesImpl.java:addReporterRegistration(114)) - New reporters are added after registries were created. Some metrics will be missing from the reporter. Please add reporter before adding any new registry.
2025-05-14 02:53:34,955 [main] INFO  impl.MetricsSystemImpl (MetricsSystemImpl.java:init(158)) - HddsDatanode metrics system started (again)
2025-05-14 02:53:34,956 [0e2e4ad1-578a-45fc-a8c2-41affcffb7b9-DatanodeStateMachineDaemonThread] INFO  statemachine.DatanodeStateMachine (DatanodeStateMachine.java:startStateMachineThread(340)) - Ozone container server started.
2025-05-14 02:53:34,963 [0e2e4ad1-578a-45fc-a8c2-41affcffb7b9-DatanodeStateMachineTaskThread-0] INFO  datanode.InitDatanodeState (InitDatanodeState.java:persistContainerDatanodeDetails(139)) - DatanodeDetails is persisted to /home/runner/work/ozone/ozone/hadoop-ozone/integration-test/target/test-dir/MiniOzoneClusterImpl-af940217-b311-440f-8e09-352fdf66236b/ozone-meta/datanode-3/meta/datanode.id
2025-05-14 02:53:34,969 [main] INFO  protocol.DatanodeDetails (DatanodeDetails.java:validateDatanodeIpAddress(199)) - Updating IP address of datanode d4e44fd7-0e23-4e4f-bc30-0c7965de497d(localhost/null) to 127.0.0.1
2025-05-14 02:53:34,969 [main] INFO  ozone.HddsDatanodeService (HddsDatanodeService.java:start(234)) - HddsDatanodeService d4e44fd7-0e23-4e4f-bc30-0c7965de497d(localhost/127.0.0.1)
2025-05-14 02:53:34,972 [main] INFO  upgrade.AbstractLayoutVersionManager (AbstractLayoutVersionManager.java:init(80)) - Initializing Layout version manager with metadata layout = HBASE_SUPPORT (version = 8), software layout = HBASE_SUPPORT (version = 8)
2025-05-14 02:53:34,972 [main] INFO  statemachine.DatanodeStateMachine (DatanodeStateMachine.java:getEndPointTaskThreadPoolSize(298)) - Datanode State Machine Task Thread Pool size 2
2025-05-14 02:53:34,976 [main] INFO  volume.HddsVolume (HddsVolume.java:<init>(158)) - HddsVolume: { id=DS-1cb28c8e-4931-419b-a4a5-6ab5ee82508a dir=/home/runner/work/ozone/ozone/hadoop-ozone/integration-test/target/test-dir/MiniOzoneClusterImpl-af940217-b311-440f-8e09-352fdf66236b/ozone-meta/datanode-4/data-0/hdds type=DISK capacity=9222449699674390527 used=0 available=9222449699674390527 minFree=5368709120 committed=0 }
2025-05-14 02:53:34,976 [main] INFO  volume.MutableVolumeSet (MutableVolumeSet.java:initializeVolumeSet(166)) - Added Volume : /home/runner/work/ozone/ozone/hadoop-ozone/integration-test/target/test-dir/MiniOzoneClusterImpl-af940217-b311-440f-8e09-352fdf66236b/ozone-meta/datanode-4/data-0/hdds to VolumeSet
2025-05-14 02:53:34,977 [main] INFO  volume.MutableVolumeSet (MutableVolumeSet.java:initializeVolumeSet(166)) - Added Volume : /home/runner/work/ozone/ozone/hadoop-ozone/integration-test/target/test-dir/MiniOzoneClusterImpl-af940217-b311-440f-8e09-352fdf66236b/ozone-meta/datanode-4/ratis to VolumeSet
2025-05-14 02:53:34,978 [main] INFO  ozoneimpl.OzoneContainer (HddsVolumeUtil.java:loadAllHddsVolumeDbStore(102)) - Load 1 volumes DbStore cost: 0ms
2025-05-14 02:53:34,978 [main] WARN  db.DBStoreBuilder (DBStoreBuilder.java:getDBDirPath(160)) - ozone.scm.datanode.id.dir is not configured. We recommend adding this setting. Falling back to ozone.metadata.dirs instead.
2025-05-14 02:53:34,979 [main] WARN  db.DBStoreBuilder (DBStoreBuilder.java:getDBDirPath(160)) - ozone.scm.datanode.id.dir is not configured. We recommend adding this setting. Falling back to ozone.metadata.dirs instead.
2025-05-14 02:53:34,998 [main] INFO  impl.FilePerChunkStrategy (FilePerChunkStrategy.java:<init>(79)) - ozone.chunk.read.mapped.buffer.max.count is load with 0
2025-05-14 02:53:34,999 [main] INFO  impl.FilePerBlockStrategy (FilePerBlockStrategy.java:<init>(87)) - ozone.chunk.read.mapped.buffer.max.count is load with 0
2025-05-14 02:53:35,001 [main] INFO  server.RaftServerConfigKeys (ConfUtils.java:logGet(46)) - raft.server.log.appender.buffer.byte-limit = 33554432 (custom)
2025-05-14 02:53:35,004 [main] INFO  server.RaftServer (ConfUtils.java:logGet(46)) - raft.rpc.type = GRPC (default)
2025-05-14 02:53:35,004 [main] INFO  grpc.GrpcConfigKeys (ConfUtils.java:logFallback(53)) - raft.grpc.admin.host = null (fallback to raft.grpc.server.host)
2025-05-14 02:53:35,005 [main] INFO  grpc.GrpcConfigKeys (ConfUtils.java:logGet(46)) - raft.grpc.admin.port = 15038 (custom)
2025-05-14 02:53:35,005 [main] INFO  grpc.GrpcConfigKeys (ConfUtils.java:logFallback(53)) - raft.grpc.client.host = null (fallback to raft.grpc.server.host)
2025-05-14 02:53:35,005 [main] INFO  grpc.GrpcConfigKeys (ConfUtils.java:logGet(46)) - raft.grpc.client.port = 15037 (custom)
2025-05-14 02:53:35,006 [main] INFO  grpc.GrpcConfigKeys (ConfUtils.java:logGet(46)) - raft.grpc.server.host = null (default)
2025-05-14 02:53:35,006 [main] INFO  grpc.GrpcConfigKeys (ConfUtils.java:logGet(46)) - raft.grpc.server.port = 15039 (custom)
2025-05-14 02:53:35,006 [main] INFO  server.GrpcService (ConfUtils.java:logGet(46)) - raft.grpc.message.size.max = 34603008 (custom)
2025-05-14 02:53:35,006 [main] INFO  server.GrpcService (ConfUtils.java:logGet(46)) - raft.grpc.flow.control.window = 5MB (=5242880) (custom)
2025-05-14 02:53:35,007 [main] INFO  server.RaftServerConfigKeys (ConfUtils.java:logGet(46)) - raft.server.rpc.request.timeout = 3000ms (default)
2025-05-14 02:53:35,007 [main] INFO  grpc.GrpcConfigKeys (ConfUtils.java:logGet(46)) - raft.grpc.server.heartbeat.channel = true (default)
2025-05-14 02:53:35,008 [main] INFO  server.RaftServerConfigKeys (ConfUtils.java:logGet(46)) - raft.server.log.appender.buffer.byte-limit = 33554432 (custom)
2025-05-14 02:53:35,008 [main] INFO  grpc.GrpcConfigKeys (ConfUtils.java:logGet(46)) - raft.grpc.server.async.request.thread.pool.cached = true (default)
2025-05-14 02:53:35,008 [main] INFO  grpc.GrpcConfigKeys (ConfUtils.java:logGet(46)) - raft.grpc.server.async.request.thread.pool.size = 32 (default)
2025-05-14 02:53:35,010 [main] INFO  impl.DataStreamServerImpl (ConfUtils.java:logGet(46)) - raft.datastream.type = NETTY (custom)
2025-05-14 02:53:35,011 [main] INFO  server.RaftServerConfigKeys (ConfUtils.java:logGet(46)) - raft.server.data-stream.async.request.thread.pool.cached = false (default)
2025-05-14 02:53:35,011 [main] INFO  server.RaftServerConfigKeys (ConfUtils.java:logGet(46)) - raft.server.data-stream.async.request.thread.pool.size = 20 (custom)
2025-05-14 02:53:35,011 [main] INFO  server.RaftServerConfigKeys (ConfUtils.java:logGet(46)) - raft.server.data-stream.async.write.thread.pool.size = 16 (default)
2025-05-14 02:53:35,011 [main] INFO  netty.NettyConfigKeys$DataStream (ConfUtils.java:logGet(46)) - raft.netty.dataStream.server.channel.inactive.grace-period = 10min (default)
2025-05-14 02:53:35,011 [main] INFO  server.RaftServerConfigKeys (ConfUtils.java:logGet(46)) - raft.server.data-stream.client.pool.size = 10 (default)
2025-05-14 02:53:35,012 [main] INFO  netty.NettyConfigKeys$DataStream (ConfUtils.java:logGet(46)) - raft.netty.dataStream.server.use-epoll = true (default)
2025-05-14 02:53:35,012 [main] INFO  netty.NettyConfigKeys$DataStream (ConfUtils.java:logGet(46)) - raft.netty.dataStream.server.boss-group.size = 0 (default)
2025-05-14 02:53:35,012 [main] INFO  netty.NettyUtils (NettyUtils.java:newEventLoopGroup(74)) - Create EpollEventLoopGroup for d4e44fd7-0e23-4e4f-bc30-0c7965de497d-NettyServerStreamRpc-bossGroup; Thread size is 0.
2025-05-14 02:53:35,013 [main] INFO  netty.NettyConfigKeys$DataStream (ConfUtils.java:logGet(46)) - raft.netty.dataStream.server.worker-group.size = 0 (default)
2025-05-14 02:53:35,013 [main] INFO  netty.NettyUtils (NettyUtils.java:newEventLoopGroup(74)) - Create EpollEventLoopGroup for d4e44fd7-0e23-4e4f-bc30-0c7965de497d-NettyServerStreamRpc-workerGroup; Thread size is 0.
2025-05-14 02:53:35,013 [main] INFO  netty.NettyConfigKeys$DataStream (ConfUtils.java:logGet(46)) - raft.netty.dataStream.server.tls.conf = null (default)
2025-05-14 02:53:35,014 [main] INFO  netty.NettyConfigKeys$DataStream (ConfUtils.java:logGet(46)) - raft.netty.dataStream.host = null (default)
2025-05-14 02:53:35,014 [main] INFO  netty.NettyConfigKeys$DataStream (ConfUtils.java:logGet(46)) - raft.netty.dataStream.port = 15040 (custom)
2025-05-14 02:53:35,014 [main] INFO  server.RaftServerConfigKeys (ConfUtils.java:logGet(46)) - raft.server.sleep.deviation.threshold = 300ms (default)
2025-05-14 02:53:35,014 [main] INFO  server.RaftServerConfigKeys (ConfUtils.java:logGet(46)) - raft.server.close.threshold = 60s (default)
2025-05-14 02:53:35,014 [main] INFO  server.RaftServerConfigKeys (ConfUtils.java:logGet(46)) - raft.server.leaderelection.leader.step-down.wait-time = 10s (default)
2025-05-14 02:53:35,015 [d4e44fd7-0e23-4e4f-bc30-0c7965de497d-NettyServerStreamRpc-bossGroup--thread1] INFO  logging.LoggingHandler (AbstractInternalLogger.java:log(148)) - [id: 0x5c968f81] REGISTERED
2025-05-14 02:53:35,015 [d4e44fd7-0e23-4e4f-bc30-0c7965de497d-NettyServerStreamRpc-bossGroup--thread1] INFO  logging.LoggingHandler (AbstractInternalLogger.java:log(148)) - [id: 0x5c968f81] BIND: 0.0.0.0/0.0.0.0:15040
2025-05-14 02:53:35,015 [d4e44fd7-0e23-4e4f-bc30-0c7965de497d-NettyServerStreamRpc-bossGroup--thread1] INFO  logging.LoggingHandler (AbstractInternalLogger.java:log(148)) - [id: 0x5c968f81, L:/0.0.0.0:15040] ACTIVE
2025-05-14 02:53:35,015 [main] INFO  server.RaftServerConfigKeys (ConfUtils.java:logGet(46)) - raft.server.storage.dir = [/home/runner/work/ozone/ozone/hadoop-ozone/integration-test/target/test-dir/MiniOzoneClusterImpl-af940217-b311-440f-8e09-352fdf66236b/ozone-meta/datanode-4/ratis] (custom)
2025-05-14 02:53:35,016 [main] INFO  server.RaftServerConfigKeys (ConfUtils.java:logGet(46)) - raft.server.threadpool.proxy.cached = true (default)
2025-05-14 02:53:35,016 [main] INFO  server.RaftServerConfigKeys (ConfUtils.java:logGet(46)) - raft.server.threadpool.proxy.size = 0 (default)
2025-05-14 02:53:35,016 [d4e44fd7-0e23-4e4f-bc30-0c7965de497d-impl-thread1] INFO  server.RaftServer (RaftServerProxy.java:initGroupDir(265)) - d4e44fd7-0e23-4e4f-bc30-0c7965de497d: found a subdirectory /home/runner/work/ozone/ozone/hadoop-ozone/integration-test/target/test-dir/MiniOzoneClusterImpl-af940217-b311-440f-8e09-352fdf66236b/ozone-meta/datanode-4/ratis/tmp
2025-05-14 02:53:35,016 [d4e44fd7-0e23-4e4f-bc30-0c7965de497d-impl-thread1] INFO  server.RaftServer (RaftServerProxy.java:initGroupDir(270)) - d4e44fd7-0e23-4e4f-bc30-0c7965de497d: The directory /home/runner/work/ozone/ozone/hadoop-ozone/integration-test/target/test-dir/MiniOzoneClusterImpl-af940217-b311-440f-8e09-352fdf66236b/ozone-meta/datanode-4/ratis/tmp is not a group directory; ignoring it. 
2025-05-14 02:53:35,017 [main] INFO  replication.ReplicationServer (ReplicationServer.java:<init>(84)) - Initializing replication server with thread count = 10 queue length = 4096
2025-05-14 02:53:35,018 [main] INFO  server.XceiverServerGrpc (XceiverServerGrpc.java:<init>(131)) - GrpcServer channel type EpollServerSocketChannel
2025-05-14 02:53:35,020 [main] INFO  replication.ReplicationSupervisor (ReplicationSupervisor.java:build(169)) - Initializing replication supervisor with thread count = 10
2025-05-14 02:53:35,020 [main] INFO  replication.ReplicationSupervisor (ReplicationSupervisor.java:nodeStateUpdated(358)) - Node state updated to IN_SERVICE, scaling executor pool size to 10
2025-05-14 02:53:35,025 [main] INFO  http.BaseHttpServer (BaseHttpServer.java:newHttpServer2BuilderForOzone(229)) - Starting Web-server for hddsDatanode at: http://0.0.0.0:15034
2025-05-14 02:53:35,025 [main] INFO  http.BaseHttpServer (BaseHttpServer.java:<init>(107)) - Hadoop Security Enabled: false Ozone Security Enabled: false Ozone HTTP Security Enabled: false 
2025-05-14 02:53:35,027 [main] WARN  server.AuthenticationFilter (AuthenticationFilter.java:constructSecretProvider(240)) - Unable to initialize FileSignerSecretProvider, falling back to use random secrets. Reason: Could not read signature secret file: /home/runner/hadoop-http-auth-signature-secret
2025-05-14 02:53:35,030 [main] INFO  http.HttpServer2 (HttpServer2.java:addGlobalFilter(1042)) - Added global filter 'safety' (class=org.apache.hadoop.hdds.server.http.HttpServer2$QuotingInputFilter)
2025-05-14 02:53:35,032 [main] INFO  http.HttpServer2 (HttpServer2.java:addFilter(1018)) - Added filter static_user_filter (class=org.apache.hadoop.http.lib.StaticUserWebFilter$StaticUserFilter) to context hddsDatanode
2025-05-14 02:53:35,033 [main] INFO  http.HttpServer2 (HttpServer2.java:addFilter(1026)) - Added filter static_user_filter (class=org.apache.hadoop.http.lib.StaticUserWebFilter$StaticUserFilter) to context static
2025-05-14 02:53:35,033 [main] INFO  http.HttpServer2 (HttpServer2.java:addFilter(1026)) - Added filter static_user_filter (class=org.apache.hadoop.http.lib.StaticUserWebFilter$StaticUserFilter) to context logs
2025-05-14 02:53:35,034 [main] INFO  http.BaseHttpServer (BaseHttpServer.java:<init>(195)) - HTTP server of hddsDatanode uses base directory /home/runner/work/ozone/ozone/hadoop-ozone/integration-test/target/test-dir/MiniOzoneClusterImpl-af940217-b311-440f-8e09-352fdf66236b/ozone-meta/datanode-4/meta/webserver
2025-05-14 02:53:35,034 [main] INFO  http.HttpServer2 (HttpServer2.java:bindListener(1242)) - Jetty bound to port 15034
2025-05-14 02:53:35,034 [main] INFO  server.Server (Server.java:doStart(375)) - jetty-9.4.57.v20241219; built: 2025-01-08T21:24:30.412Z; git: df524e6b29271c2e09ba9aea83c18dc9db464a31; jvm 21.0.7+6-LTS
2025-05-14 02:53:35,037 [main] INFO  server.session (DefaultSessionIdManager.java:doStart(334)) - DefaultSessionIdManager workerName=node0
2025-05-14 02:53:35,037 [main] INFO  server.session (DefaultSessionIdManager.java:doStart(339)) - No SessionScavenger set, using defaults
2025-05-14 02:53:35,037 [main] INFO  server.session (HouseKeeper.java:startScavenging(132)) - node0 Scavenging every 600000ms
2025-05-14 02:53:35,039 [main] INFO  handler.ContextHandler (ContextHandler.java:doStart(921)) - Started o.e.j.s.ServletContextHandler@3449a463{logs,/logs,file:///home/runner/work/ozone/ozone/hadoop-ozone/integration-test/target/log,AVAILABLE}
2025-05-14 02:53:35,039 [main] INFO  handler.ContextHandler (ContextHandler.java:doStart(921)) - Started o.e.j.s.ServletContextHandler@42081e5f{static,/static,jar:file:/home/runner/work/ozone/ozone/hadoop-hdds/container-service/target/hdds-container-service-2.1.0-SNAPSHOT.jar!/webapps/static,AVAILABLE}
2025-05-14 02:53:35,084 [f8181075-ae63-407a-b17c-78185f7d70dd-EndpointStateMachineTaskThread-/0.0.0.0:15002-0 ] INFO  utils.DatanodeStoreCache (DatanodeStoreCache.java:addDB(70)) - Added db /home/runner/work/ozone/ozone/hadoop-ozone/integration-test/target/test-dir/MiniOzoneClusterImpl-af940217-b311-440f-8e09-352fdf66236b/ozone-meta/datanode-1/data-0/hdds/af940217-b311-440f-8e09-352fdf66236b/DS-4de90323-408a-40d8-9ac8-4ec07be04fd5/container.db to cache
2025-05-14 02:53:35,084 [f8181075-ae63-407a-b17c-78185f7d70dd-EndpointStateMachineTaskThread-/0.0.0.0:15002-0 ] INFO  volume.HddsVolume (HddsVolume.java:createDbStore(510)) - SchemaV3 db is created and loaded at /home/runner/work/ozone/ozone/hadoop-ozone/integration-test/target/test-dir/MiniOzoneClusterImpl-af940217-b311-440f-8e09-352fdf66236b/ozone-meta/datanode-1/data-0/hdds/af940217-b311-440f-8e09-352fdf66236b/DS-4de90323-408a-40d8-9ac8-4ec07be04fd5/container.db for volume DS-4de90323-408a-40d8-9ac8-4ec07be04fd5
2025-05-14 02:53:35,093 [f8181075-ae63-407a-b17c-78185f7d70dd-ContainerReader-0] INFO  ozoneimpl.ContainerReader (ContainerReader.java:readVolume(144)) - Start to verify containers on volume /home/runner/work/ozone/ozone/hadoop-ozone/integration-test/target/test-dir/MiniOzoneClusterImpl-af940217-b311-440f-8e09-352fdf66236b/ozone-meta/datanode-1/data-0/hdds
2025-05-14 02:53:35,093 [f8181075-ae63-407a-b17c-78185f7d70dd-ContainerReader-0] INFO  ozoneimpl.ContainerReader (ContainerReader.java:readVolume(174)) - Finish verifying containers on volume /home/runner/work/ozone/ozone/hadoop-ozone/integration-test/target/test-dir/MiniOzoneClusterImpl-af940217-b311-440f-8e09-352fdf66236b/ozone-meta/datanode-1/data-0/hdds
2025-05-14 02:53:35,094 [f8181075-ae63-407a-b17c-78185f7d70dd-EndpointStateMachineTaskThread-/0.0.0.0:15002-0 ] INFO  ozoneimpl.OzoneContainer (OzoneContainer.java:buildContainerSet(364)) - Build ContainerSet costs 0s
2025-05-14 02:53:35,094 [f8181075-ae63-407a-b17c-78185f7d70dd-EndpointStateMachineTaskThread-/0.0.0.0:15002-0 ] INFO  volume.ThrottledAsyncChecker (ThrottledAsyncChecker.java:schedule(138)) - Scheduling a check for /home/runner/work/ozone/ozone/hadoop-ozone/integration-test/target/test-dir/MiniOzoneClusterImpl-af940217-b311-440f-8e09-352fdf66236b/ozone-meta/datanode-1/data-0/hdds
2025-05-14 02:53:35,099 [f8181075-ae63-407a-b17c-78185f7d70dd-EndpointStateMachineTaskThread-/0.0.0.0:15002-0 ] INFO  volume.StorageVolumeChecker (StorageVolumeChecker.java:checkAllVolumes(215)) - Scheduled health check for volume /home/runner/work/ozone/ozone/hadoop-ozone/integration-test/target/test-dir/MiniOzoneClusterImpl-af940217-b311-440f-8e09-352fdf66236b/ozone-meta/datanode-1/data-0/hdds
2025-05-14 02:53:35,107 [f8181075-ae63-407a-b17c-78185f7d70dd-EndpointStateMachineTaskThread-/0.0.0.0:15002-0 ] INFO  volume.ThrottledAsyncChecker (ThrottledAsyncChecker.java:schedule(138)) - Scheduling a check for /home/runner/work/ozone/ozone/hadoop-ozone/integration-test/target/test-dir/MiniOzoneClusterImpl-af940217-b311-440f-8e09-352fdf66236b/ozone-meta/datanode-1/ratis
2025-05-14 02:53:35,107 [f8181075-ae63-407a-b17c-78185f7d70dd-EndpointStateMachineTaskThread-/0.0.0.0:15002-0 ] INFO  volume.StorageVolumeChecker (StorageVolumeChecker.java:checkAllVolumes(215)) - Scheduled health check for volume /home/runner/work/ozone/ozone/hadoop-ozone/integration-test/target/test-dir/MiniOzoneClusterImpl-af940217-b311-440f-8e09-352fdf66236b/ozone-meta/datanode-1/ratis
2025-05-14 02:53:35,108 [f8181075-ae63-407a-b17c-78185f7d70dd-EndpointStateMachineTaskThread-/0.0.0.0:15002-0 ] INFO  ozoneimpl.OzoneContainer (OzoneContainer.java:start(512)) - Attempting to start container services.
2025-05-14 02:53:35,116 [ContainerMetadataScanner] INFO  ozoneimpl.AbstractBackgroundContainerScanner (AbstractBackgroundContainerScanner.java:runIteration(89)) - Completed an iteration in 0 minutes. Number of iterations (since the data-node restart) : 1, Number of containers scanned in this iteration : 0, Number of unhealthy containers found in this iteration : 0
2025-05-14 02:53:35,119 [f8181075-ae63-407a-b17c-78185f7d70dd-EndpointStateMachineTaskThread-/0.0.0.0:15002-0 ] INFO  replication.ReplicationServer (ReplicationServer.java:start(137)) - ReplicationServer is started using port 15017
2025-05-14 02:53:35,119 [ContainerDataScanner(/home/runner/work/ozone/ozone/hadoop-ozone/integration-test/target/test-dir/MiniOzoneClusterImpl-af940217-b311-440f-8e09-352fdf66236b/ozone-meta/datanode-1/data-0/hdds)] INFO  ozoneimpl.AbstractBackgroundContainerScanner (AbstractBackgroundContainerScanner.java:runIteration(89)) - Completed an iteration in 0 minutes. Number of iterations (since the data-node restart) : 1, Number of containers scanned in this iteration : 0, Number of unhealthy containers found in this iteration : 0
2025-05-14 02:53:35,119 [f8181075-ae63-407a-b17c-78185f7d70dd-EndpointStateMachineTaskThread-/0.0.0.0:15002-0 ] INFO  ratis.XceiverServerRatis (XceiverServerRatis.java:start(559)) - Starting XceiverServerRatis(f8181075-ae63-407a-b17c-78185f7d70dd)
2025-05-14 02:53:35,120 [f8181075-ae63-407a-b17c-78185f7d70dd-EndpointStateMachineTaskThread-/0.0.0.0:15002-0 ] INFO  server.RaftServer (RaftServerProxy.java:startImpl(407)) - f8181075-ae63-407a-b17c-78185f7d70dd: start RPC server
2025-05-14 02:53:35,120 [f8181075-ae63-407a-b17c-78185f7d70dd-EndpointStateMachineTaskThread-/0.0.0.0:15002-0 ] INFO  server.GrpcService (GrpcService.java:startImpl(334)) - f8181075-ae63-407a-b17c-78185f7d70dd: GrpcService started, listening on 15013
2025-05-14 02:53:35,121 [f8181075-ae63-407a-b17c-78185f7d70dd-EndpointStateMachineTaskThread-/0.0.0.0:15002-0 ] INFO  server.GrpcService (GrpcService.java:startImpl(334)) - f8181075-ae63-407a-b17c-78185f7d70dd: GrpcService started, listening on 15015
2025-05-14 02:53:35,121 [f8181075-ae63-407a-b17c-78185f7d70dd-EndpointStateMachineTaskThread-/0.0.0.0:15002-0 ] INFO  server.GrpcService (GrpcService.java:startImpl(334)) - f8181075-ae63-407a-b17c-78185f7d70dd: GrpcService started, listening on 15014
2025-05-14 02:53:35,121 [f8181075-ae63-407a-b17c-78185f7d70dd-EndpointStateMachineTaskThread-/0.0.0.0:15002-0 ] INFO  ratis.XceiverServerRatis (XceiverServerRatis.java:getRealPort(586)) - XceiverServerRatis(f8181075-ae63-407a-b17c-78185f7d70dd) is started using port RATIS=15013
2025-05-14 02:53:35,121 [f8181075-ae63-407a-b17c-78185f7d70dd-EndpointStateMachineTaskThread-/0.0.0.0:15002-0 ] INFO  ratis.XceiverServerRatis (XceiverServerRatis.java:getRealPort(586)) - XceiverServerRatis(f8181075-ae63-407a-b17c-78185f7d70dd) is started using port RATIS_ADMIN=15014
2025-05-14 02:53:35,121 [f8181075-ae63-407a-b17c-78185f7d70dd-EndpointStateMachineTaskThread-/0.0.0.0:15002-0 ] INFO  ratis.XceiverServerRatis (XceiverServerRatis.java:getRealPort(586)) - XceiverServerRatis(f8181075-ae63-407a-b17c-78185f7d70dd) is started using port RATIS_SERVER=15015
2025-05-14 02:53:35,121 [JvmPauseMonitor3] INFO  util.JvmPauseMonitor (JvmPauseMonitor.java:run(146)) - JvmPauseMonitor-f8181075-ae63-407a-b17c-78185f7d70dd: Started
2025-05-14 02:53:35,122 [f8181075-ae63-407a-b17c-78185f7d70dd-EndpointStateMachineTaskThread-/0.0.0.0:15002-0 ] INFO  ratis.XceiverServerRatis (XceiverServerRatis.java:getRealPort(586)) - XceiverServerRatis(f8181075-ae63-407a-b17c-78185f7d70dd) is started using port RATIS_DATASTREAM=15016
2025-05-14 02:53:35,124 [f8181075-ae63-407a-b17c-78185f7d70dd-BlockDeletingService#0] INFO  interfaces.ContainerDeletionChoosingPolicyTemplate (ContainerDeletionChoosingPolicyTemplate.java:chooseContainerForBlockDeletion(83)) - Chosen 0/5000 blocks from 0 candidate containers.
2025-05-14 02:53:35,190 [main] INFO  handler.ContextHandler (ContextHandler.java:doStart(921)) - Started o.e.j.w.WebAppContext@79a3499{hddsDatanode,/,file:///home/runner/work/ozone/ozone/hadoop-ozone/integration-test/target/test-dir/MiniOzoneClusterImpl-af940217-b311-440f-8e09-352fdf66236b/ozone-meta/datanode-4/meta/webserver/jetty-0_0_0_0-15034-hdds-container-service-2_1_0-SNAPSHOT_jar-_-any-1135979991389155762/webapp/,AVAILABLE}{jar:file:/home/runner/work/ozone/ozone/hadoop-hdds/container-service/target/hdds-container-service-2.1.0-SNAPSHOT.jar!/webapps/hddsDatanode}
2025-05-14 02:53:35,191 [main] INFO  server.AbstractConnector (AbstractConnector.java:doStart(333)) - Started ServerConnector@43b5a9fd{HTTP/1.1, (http/1.1)}{0.0.0.0:15034}
2025-05-14 02:53:35,191 [main] INFO  server.Server (Server.java:doStart(415)) - Started @12011ms
2025-05-14 02:53:35,191 [main] WARN  impl.MetricsSystemImpl (MetricsSystemImpl.java:register(279)) - Sink prometheus already exists!
2025-05-14 02:53:35,192 [main] INFO  http.BaseHttpServer (BaseHttpServer.java:updateConnectorAddress(359)) - HTTP server of hddsDatanode listening at http://0.0.0.0:15034
2025-05-14 02:53:35,192 [main] INFO  ipc.CallQueueManager (CallQueueManager.java:<init>(93)) - Using callQueue: class java.util.concurrent.LinkedBlockingQueue, queueCapacity: 1000, scheduler: class org.apache.hadoop.ipc.DefaultRpcScheduler, ipcBackoff: false, ipcFailOver: false.
2025-05-14 02:53:35,192 [main] INFO  ipc.Server (Server.java:<init>(1438)) - Listener at 0.0.0.0:15035
2025-05-14 02:53:35,193 [Socket Reader #1 for port 15035] INFO  ipc.Server (Server.java:run(1474)) - Starting Socket Reader #1 for port 15035
2025-05-14 02:53:35,193 [Socket Reader #3 for port 15035] INFO  ipc.Server (Server.java:run(1474)) - Starting Socket Reader #3 for port 15035
2025-05-14 02:53:35,193 [Socket Reader #2 for port 15035] INFO  ipc.Server (Server.java:run(1474)) - Starting Socket Reader #2 for port 15035
2025-05-14 02:53:35,194 [Socket Reader #4 for port 15035] INFO  ipc.Server (Server.java:run(1474)) - Starting Socket Reader #4 for port 15035
2025-05-14 02:53:35,194 [Socket Reader #5 for port 15035] INFO  ipc.Server (Server.java:run(1474)) - Starting Socket Reader #5 for port 15035
2025-05-14 02:53:35,195 [Socket Reader #6 for port 15035] INFO  ipc.Server (Server.java:run(1474)) - Starting Socket Reader #6 for port 15035
2025-05-14 02:53:35,195 [Socket Reader #7 for port 15035] INFO  ipc.Server (Server.java:run(1474)) - Starting Socket Reader #7 for port 15035
2025-05-14 02:53:35,195 [Socket Reader #8 for port 15035] INFO  ipc.Server (Server.java:run(1474)) - Starting Socket Reader #8 for port 15035
2025-05-14 02:53:35,196 [Socket Reader #9 for port 15035] INFO  ipc.Server (Server.java:run(1474)) - Starting Socket Reader #9 for port 15035
2025-05-14 02:53:35,196 [Socket Reader #10 for port 15035] INFO  ipc.Server (Server.java:run(1474)) - Starting Socket Reader #10 for port 15035
2025-05-14 02:53:35,199 [main] INFO  ozone.HddsDatanodeService (HddsDatanodeService.java:start(325)) - Datanode start with admins: [runner]
2025-05-14 02:53:35,199 [main] INFO  ozone.HddsDatanodeClientProtocolServer (HddsDatanodeClientProtocolServer.java:start(76)) - RPC server for Client /0.0.0.0:15035
2025-05-14 02:53:35,199 [IPC Server Responder] INFO  ipc.Server (Server.java:run(1713)) - IPC Server Responder: starting
2025-05-14 02:53:35,200 [IPC Server listener on 15035] INFO  ipc.Server (Server.java:run(1553)) - IPC Server listener on 15035: starting
2025-05-14 02:53:35,203 [main] WARN  dropwizard3.Dm3MetricRegistriesImpl (Dm3MetricRegistriesImpl.java:addReporterRegistration(114)) - New reporters are added after registries were created. Some metrics will be missing from the reporter. Please add reporter before adding any new registry.
2025-05-14 02:53:35,203 [main] WARN  dropwizard3.Dm3MetricRegistriesImpl (Dm3MetricRegistriesImpl.java:addReporterRegistration(114)) - New reporters are added after registries were created. Some metrics will be missing from the reporter. Please add reporter before adding any new registry.
2025-05-14 02:53:35,204 [main] INFO  impl.MetricsSystemImpl (MetricsSystemImpl.java:init(158)) - HddsDatanode metrics system started (again)
2025-05-14 02:53:35,208 [d4e44fd7-0e23-4e4f-bc30-0c7965de497d-DatanodeStateMachineDaemonThread] INFO  statemachine.DatanodeStateMachine (DatanodeStateMachine.java:startStateMachineThread(340)) - Ozone container server started.
2025-05-14 02:53:35,215 [d4e44fd7-0e23-4e4f-bc30-0c7965de497d-DatanodeStateMachineTaskThread-0] INFO  datanode.InitDatanodeState (InitDatanodeState.java:persistContainerDatanodeDetails(139)) - DatanodeDetails is persisted to /home/runner/work/ozone/ozone/hadoop-ozone/integration-test/target/test-dir/MiniOzoneClusterImpl-af940217-b311-440f-8e09-352fdf66236b/ozone-meta/datanode-4/meta/datanode.id
2025-05-14 02:53:35,219 [main] INFO  protocol.DatanodeDetails (DatanodeDetails.java:validateDatanodeIpAddress(199)) - Updating IP address of datanode e44b5a69-92f9-40f4-85c9-712e1c637b62(localhost/null) to 127.0.0.1
2025-05-14 02:53:35,219 [main] INFO  ozone.HddsDatanodeService (HddsDatanodeService.java:start(234)) - HddsDatanodeService e44b5a69-92f9-40f4-85c9-712e1c637b62(localhost/127.0.0.1)
2025-05-14 02:53:35,222 [main] INFO  upgrade.AbstractLayoutVersionManager (AbstractLayoutVersionManager.java:init(80)) - Initializing Layout version manager with metadata layout = HBASE_SUPPORT (version = 8), software layout = HBASE_SUPPORT (version = 8)
2025-05-14 02:53:35,223 [main] INFO  statemachine.DatanodeStateMachine (DatanodeStateMachine.java:getEndPointTaskThreadPoolSize(298)) - Datanode State Machine Task Thread Pool size 2
2025-05-14 02:53:35,227 [main] INFO  volume.HddsVolume (HddsVolume.java:<init>(158)) - HddsVolume: { id=DS-6d9871b3-f822-4247-8b1a-0514e80766cd dir=/home/runner/work/ozone/ozone/hadoop-ozone/integration-test/target/test-dir/MiniOzoneClusterImpl-af940217-b311-440f-8e09-352fdf66236b/ozone-meta/datanode-5/data-0/hdds type=DISK capacity=9222449699674390527 used=0 available=9222449699674390527 minFree=5368709120 committed=0 }
2025-05-14 02:53:35,227 [main] INFO  volume.MutableVolumeSet (MutableVolumeSet.java:initializeVolumeSet(166)) - Added Volume : /home/runner/work/ozone/ozone/hadoop-ozone/integration-test/target/test-dir/MiniOzoneClusterImpl-af940217-b311-440f-8e09-352fdf66236b/ozone-meta/datanode-5/data-0/hdds to VolumeSet
2025-05-14 02:53:35,228 [main] INFO  volume.MutableVolumeSet (MutableVolumeSet.java:initializeVolumeSet(166)) - Added Volume : /home/runner/work/ozone/ozone/hadoop-ozone/integration-test/target/test-dir/MiniOzoneClusterImpl-af940217-b311-440f-8e09-352fdf66236b/ozone-meta/datanode-5/ratis to VolumeSet
2025-05-14 02:53:35,229 [main] INFO  ozoneimpl.OzoneContainer (HddsVolumeUtil.java:loadAllHddsVolumeDbStore(102)) - Load 1 volumes DbStore cost: 0ms
2025-05-14 02:53:35,229 [main] WARN  db.DBStoreBuilder (DBStoreBuilder.java:getDBDirPath(160)) - ozone.scm.datanode.id.dir is not configured. We recommend adding this setting. Falling back to ozone.metadata.dirs instead.
2025-05-14 02:53:35,230 [main] WARN  db.DBStoreBuilder (DBStoreBuilder.java:getDBDirPath(160)) - ozone.scm.datanode.id.dir is not configured. We recommend adding this setting. Falling back to ozone.metadata.dirs instead.
2025-05-14 02:53:35,244 [main] INFO  impl.FilePerChunkStrategy (FilePerChunkStrategy.java:<init>(79)) - ozone.chunk.read.mapped.buffer.max.count is load with 0
2025-05-14 02:53:35,244 [main] INFO  impl.FilePerBlockStrategy (FilePerBlockStrategy.java:<init>(87)) - ozone.chunk.read.mapped.buffer.max.count is load with 0
2025-05-14 02:53:35,245 [main] INFO  server.RaftServerConfigKeys (ConfUtils.java:logGet(46)) - raft.server.log.appender.buffer.byte-limit = 33554432 (custom)
2025-05-14 02:53:35,248 [main] INFO  server.RaftServer (ConfUtils.java:logGet(46)) - raft.rpc.type = GRPC (default)
2025-05-14 02:53:35,248 [main] INFO  grpc.GrpcConfigKeys (ConfUtils.java:logFallback(53)) - raft.grpc.admin.host = null (fallback to raft.grpc.server.host)
2025-05-14 02:53:35,248 [main] INFO  grpc.GrpcConfigKeys (ConfUtils.java:logGet(46)) - raft.grpc.admin.port = 15046 (custom)
2025-05-14 02:53:35,248 [main] INFO  grpc.GrpcConfigKeys (ConfUtils.java:logFallback(53)) - raft.grpc.client.host = null (fallback to raft.grpc.server.host)
2025-05-14 02:53:35,248 [main] INFO  grpc.GrpcConfigKeys (ConfUtils.java:logGet(46)) - raft.grpc.client.port = 15045 (custom)
2025-05-14 02:53:35,248 [main] INFO  grpc.GrpcConfigKeys (ConfUtils.java:logGet(46)) - raft.grpc.server.host = null (default)
2025-05-14 02:53:35,248 [main] INFO  grpc.GrpcConfigKeys (ConfUtils.java:logGet(46)) - raft.grpc.server.port = 15047 (custom)
2025-05-14 02:53:35,248 [main] INFO  server.GrpcService (ConfUtils.java:logGet(46)) - raft.grpc.message.size.max = 34603008 (custom)
2025-05-14 02:53:35,249 [main] INFO  server.GrpcService (ConfUtils.java:logGet(46)) - raft.grpc.flow.control.window = 5MB (=5242880) (custom)
2025-05-14 02:53:35,249 [main] INFO  server.RaftServerConfigKeys (ConfUtils.java:logGet(46)) - raft.server.rpc.request.timeout = 3000ms (default)
2025-05-14 02:53:35,249 [main] INFO  grpc.GrpcConfigKeys (ConfUtils.java:logGet(46)) - raft.grpc.server.heartbeat.channel = true (default)
2025-05-14 02:53:35,249 [main] INFO  server.RaftServerConfigKeys (ConfUtils.java:logGet(46)) - raft.server.log.appender.buffer.byte-limit = 33554432 (custom)
2025-05-14 02:53:35,249 [main] INFO  grpc.GrpcConfigKeys (ConfUtils.java:logGet(46)) - raft.grpc.server.async.request.thread.pool.cached = true (default)
2025-05-14 02:53:35,249 [main] INFO  grpc.GrpcConfigKeys (ConfUtils.java:logGet(46)) - raft.grpc.server.async.request.thread.pool.size = 32 (default)
2025-05-14 02:53:35,251 [main] INFO  impl.DataStreamServerImpl (ConfUtils.java:logGet(46)) - raft.datastream.type = NETTY (custom)
2025-05-14 02:53:35,252 [main] INFO  server.RaftServerConfigKeys (ConfUtils.java:logGet(46)) - raft.server.data-stream.async.request.thread.pool.cached = false (default)
2025-05-14 02:53:35,252 [main] INFO  server.RaftServerConfigKeys (ConfUtils.java:logGet(46)) - raft.server.data-stream.async.request.thread.pool.size = 20 (custom)
2025-05-14 02:53:35,252 [main] INFO  server.RaftServerConfigKeys (ConfUtils.java:logGet(46)) - raft.server.data-stream.async.write.thread.pool.size = 16 (default)
2025-05-14 02:53:35,252 [main] INFO  netty.NettyConfigKeys$DataStream (ConfUtils.java:logGet(46)) - raft.netty.dataStream.server.channel.inactive.grace-period = 10min (default)
2025-05-14 02:53:35,252 [main] INFO  server.RaftServerConfigKeys (ConfUtils.java:logGet(46)) - raft.server.data-stream.client.pool.size = 10 (default)
2025-05-14 02:53:35,253 [main] INFO  netty.NettyConfigKeys$DataStream (ConfUtils.java:logGet(46)) - raft.netty.dataStream.server.use-epoll = true (default)
2025-05-14 02:53:35,253 [main] INFO  netty.NettyConfigKeys$DataStream (ConfUtils.java:logGet(46)) - raft.netty.dataStream.server.boss-group.size = 0 (default)
2025-05-14 02:53:35,253 [main] INFO  netty.NettyUtils (NettyUtils.java:newEventLoopGroup(74)) - Create EpollEventLoopGroup for e44b5a69-92f9-40f4-85c9-712e1c637b62-NettyServerStreamRpc-bossGroup; Thread size is 0.
2025-05-14 02:53:35,253 [main] INFO  netty.NettyConfigKeys$DataStream (ConfUtils.java:logGet(46)) - raft.netty.dataStream.server.worker-group.size = 0 (default)
2025-05-14 02:53:35,254 [main] INFO  netty.NettyUtils (NettyUtils.java:newEventLoopGroup(74)) - Create EpollEventLoopGroup for e44b5a69-92f9-40f4-85c9-712e1c637b62-NettyServerStreamRpc-workerGroup; Thread size is 0.
2025-05-14 02:53:35,254 [30ccf06d-ad3c-4fb0-87c5-f3e2916d12cb-EndpointStateMachineTaskThread-/0.0.0.0:15002-0 ] INFO  utils.DatanodeStoreCache (DatanodeStoreCache.java:addDB(70)) - Added db /home/runner/work/ozone/ozone/hadoop-ozone/integration-test/target/test-dir/MiniOzoneClusterImpl-af940217-b311-440f-8e09-352fdf66236b/ozone-meta/datanode-2/data-0/hdds/af940217-b311-440f-8e09-352fdf66236b/DS-8ef4fdd9-98d1-4096-aeef-eb96c64f984c/container.db to cache
2025-05-14 02:53:35,254 [30ccf06d-ad3c-4fb0-87c5-f3e2916d12cb-EndpointStateMachineTaskThread-/0.0.0.0:15002-0 ] INFO  volume.HddsVolume (HddsVolume.java:createDbStore(510)) - SchemaV3 db is created and loaded at /home/runner/work/ozone/ozone/hadoop-ozone/integration-test/target/test-dir/MiniOzoneClusterImpl-af940217-b311-440f-8e09-352fdf66236b/ozone-meta/datanode-2/data-0/hdds/af940217-b311-440f-8e09-352fdf66236b/DS-8ef4fdd9-98d1-4096-aeef-eb96c64f984c/container.db for volume DS-8ef4fdd9-98d1-4096-aeef-eb96c64f984c
2025-05-14 02:53:35,254 [main] INFO  netty.NettyConfigKeys$DataStream (ConfUtils.java:logGet(46)) - raft.netty.dataStream.server.tls.conf = null (default)
2025-05-14 02:53:35,254 [main] INFO  netty.NettyConfigKeys$DataStream (ConfUtils.java:logGet(46)) - raft.netty.dataStream.host = null (default)
2025-05-14 02:53:35,254 [main] INFO  netty.NettyConfigKeys$DataStream (ConfUtils.java:logGet(46)) - raft.netty.dataStream.port = 15048 (custom)
2025-05-14 02:53:35,256 [main] INFO  server.RaftServerConfigKeys (ConfUtils.java:logGet(46)) - raft.server.sleep.deviation.threshold = 300ms (default)
2025-05-14 02:53:35,256 [main] INFO  server.RaftServerConfigKeys (ConfUtils.java:logGet(46)) - raft.server.close.threshold = 60s (default)
2025-05-14 02:53:35,257 [e44b5a69-92f9-40f4-85c9-712e1c637b62-NettyServerStreamRpc-bossGroup--thread1] INFO  logging.LoggingHandler (AbstractInternalLogger.java:log(148)) - [id: 0xf6815b0b] REGISTERED
2025-05-14 02:53:35,257 [e44b5a69-92f9-40f4-85c9-712e1c637b62-NettyServerStreamRpc-bossGroup--thread1] INFO  logging.LoggingHandler (AbstractInternalLogger.java:log(148)) - [id: 0xf6815b0b] BIND: 0.0.0.0/0.0.0.0:15048
2025-05-14 02:53:35,257 [main] INFO  server.RaftServerConfigKeys (ConfUtils.java:logGet(46)) - raft.server.leaderelection.leader.step-down.wait-time = 10s (default)
2025-05-14 02:53:35,257 [e44b5a69-92f9-40f4-85c9-712e1c637b62-NettyServerStreamRpc-bossGroup--thread1] INFO  logging.LoggingHandler (AbstractInternalLogger.java:log(148)) - [id: 0xf6815b0b, L:/0.0.0.0:15048] ACTIVE
2025-05-14 02:53:35,257 [main] INFO  server.RaftServerConfigKeys (ConfUtils.java:logGet(46)) - raft.server.storage.dir = [/home/runner/work/ozone/ozone/hadoop-ozone/integration-test/target/test-dir/MiniOzoneClusterImpl-af940217-b311-440f-8e09-352fdf66236b/ozone-meta/datanode-5/ratis] (custom)
2025-05-14 02:53:35,257 [main] INFO  server.RaftServerConfigKeys (ConfUtils.java:logGet(46)) - raft.server.threadpool.proxy.cached = true (default)
2025-05-14 02:53:35,258 [main] INFO  server.RaftServerConfigKeys (ConfUtils.java:logGet(46)) - raft.server.threadpool.proxy.size = 0 (default)
2025-05-14 02:53:35,258 [30ccf06d-ad3c-4fb0-87c5-f3e2916d12cb-ContainerReader-0] INFO  ozoneimpl.ContainerReader (ContainerReader.java:readVolume(144)) - Start to verify containers on volume /home/runner/work/ozone/ozone/hadoop-ozone/integration-test/target/test-dir/MiniOzoneClusterImpl-af940217-b311-440f-8e09-352fdf66236b/ozone-meta/datanode-2/data-0/hdds
2025-05-14 02:53:35,258 [30ccf06d-ad3c-4fb0-87c5-f3e2916d12cb-ContainerReader-0] INFO  ozoneimpl.ContainerReader (ContainerReader.java:readVolume(174)) - Finish verifying containers on volume /home/runner/work/ozone/ozone/hadoop-ozone/integration-test/target/test-dir/MiniOzoneClusterImpl-af940217-b311-440f-8e09-352fdf66236b/ozone-meta/datanode-2/data-0/hdds
2025-05-14 02:53:35,259 [e44b5a69-92f9-40f4-85c9-712e1c637b62-impl-thread1] INFO  server.RaftServer (RaftServerProxy.java:initGroupDir(265)) - e44b5a69-92f9-40f4-85c9-712e1c637b62: found a subdirectory /home/runner/work/ozone/ozone/hadoop-ozone/integration-test/target/test-dir/MiniOzoneClusterImpl-af940217-b311-440f-8e09-352fdf66236b/ozone-meta/datanode-5/ratis/tmp
2025-05-14 02:53:35,259 [30ccf06d-ad3c-4fb0-87c5-f3e2916d12cb-EndpointStateMachineTaskThread-/0.0.0.0:15002-0 ] INFO  ozoneimpl.OzoneContainer (OzoneContainer.java:buildContainerSet(364)) - Build ContainerSet costs 0s
2025-05-14 02:53:35,259 [e44b5a69-92f9-40f4-85c9-712e1c637b62-impl-thread1] INFO  server.RaftServer (RaftServerProxy.java:initGroupDir(270)) - e44b5a69-92f9-40f4-85c9-712e1c637b62: The directory /home/runner/work/ozone/ozone/hadoop-ozone/integration-test/target/test-dir/MiniOzoneClusterImpl-af940217-b311-440f-8e09-352fdf66236b/ozone-meta/datanode-5/ratis/tmp is not a group directory; ignoring it. 
2025-05-14 02:53:35,259 [30ccf06d-ad3c-4fb0-87c5-f3e2916d12cb-EndpointStateMachineTaskThread-/0.0.0.0:15002-0 ] INFO  volume.ThrottledAsyncChecker (ThrottledAsyncChecker.java:schedule(138)) - Scheduling a check for /home/runner/work/ozone/ozone/hadoop-ozone/integration-test/target/test-dir/MiniOzoneClusterImpl-af940217-b311-440f-8e09-352fdf66236b/ozone-meta/datanode-2/data-0/hdds
2025-05-14 02:53:35,259 [main] INFO  replication.ReplicationServer (ReplicationServer.java:<init>(84)) - Initializing replication server with thread count = 10 queue length = 4096
2025-05-14 02:53:35,260 [30ccf06d-ad3c-4fb0-87c5-f3e2916d12cb-EndpointStateMachineTaskThread-/0.0.0.0:15002-0 ] INFO  volume.StorageVolumeChecker (StorageVolumeChecker.java:checkAllVolumes(215)) - Scheduled health check for volume /home/runner/work/ozone/ozone/hadoop-ozone/integration-test/target/test-dir/MiniOzoneClusterImpl-af940217-b311-440f-8e09-352fdf66236b/ozone-meta/datanode-2/data-0/hdds
2025-05-14 02:53:35,261 [main] INFO  server.XceiverServerGrpc (XceiverServerGrpc.java:<init>(131)) - GrpcServer channel type EpollServerSocketChannel
2025-05-14 02:53:35,265 [main] INFO  replication.ReplicationSupervisor (ReplicationSupervisor.java:build(169)) - Initializing replication supervisor with thread count = 10
2025-05-14 02:53:35,265 [main] INFO  replication.ReplicationSupervisor (ReplicationSupervisor.java:nodeStateUpdated(358)) - Node state updated to IN_SERVICE, scaling executor pool size to 10
2025-05-14 02:53:35,269 [main] INFO  http.BaseHttpServer (BaseHttpServer.java:newHttpServer2BuilderForOzone(229)) - Starting Web-server for hddsDatanode at: http://0.0.0.0:15042
2025-05-14 02:53:35,269 [main] INFO  http.BaseHttpServer (BaseHttpServer.java:<init>(107)) - Hadoop Security Enabled: false Ozone Security Enabled: false Ozone HTTP Security Enabled: false 
2025-05-14 02:53:35,271 [main] WARN  server.AuthenticationFilter (AuthenticationFilter.java:constructSecretProvider(240)) - Unable to initialize FileSignerSecretProvider, falling back to use random secrets. Reason: Could not read signature secret file: /home/runner/hadoop-http-auth-signature-secret
2025-05-14 02:53:35,278 [30ccf06d-ad3c-4fb0-87c5-f3e2916d12cb-EndpointStateMachineTaskThread-/0.0.0.0:15002-0 ] INFO  volume.ThrottledAsyncChecker (ThrottledAsyncChecker.java:schedule(138)) - Scheduling a check for /home/runner/work/ozone/ozone/hadoop-ozone/integration-test/target/test-dir/MiniOzoneClusterImpl-af940217-b311-440f-8e09-352fdf66236b/ozone-meta/datanode-2/ratis
2025-05-14 02:53:35,278 [30ccf06d-ad3c-4fb0-87c5-f3e2916d12cb-EndpointStateMachineTaskThread-/0.0.0.0:15002-0 ] INFO  volume.StorageVolumeChecker (StorageVolumeChecker.java:checkAllVolumes(215)) - Scheduled health check for volume /home/runner/work/ozone/ozone/hadoop-ozone/integration-test/target/test-dir/MiniOzoneClusterImpl-af940217-b311-440f-8e09-352fdf66236b/ozone-meta/datanode-2/ratis
2025-05-14 02:53:35,279 [main] INFO  http.HttpServer2 (HttpServer2.java:addGlobalFilter(1042)) - Added global filter 'safety' (class=org.apache.hadoop.hdds.server.http.HttpServer2$QuotingInputFilter)
2025-05-14 02:53:35,280 [30ccf06d-ad3c-4fb0-87c5-f3e2916d12cb-EndpointStateMachineTaskThread-/0.0.0.0:15002-0 ] INFO  ozoneimpl.OzoneContainer (OzoneContainer.java:start(512)) - Attempting to start container services.
2025-05-14 02:53:35,280 [30ccf06d-ad3c-4fb0-87c5-f3e2916d12cb-EndpointStateMachineTaskThread-/0.0.0.0:15002-0 ] WARN  ozoneimpl.OnDemandContainerDataScanner (OnDemandContainerDataScanner.java:init(74)) - Trying to initialize on demand scanner a second time on a datanode.
2025-05-14 02:53:35,280 [main] INFO  http.HttpServer2 (HttpServer2.java:addFilter(1018)) - Added filter static_user_filter (class=org.apache.hadoop.http.lib.StaticUserWebFilter$StaticUserFilter) to context hddsDatanode
2025-05-14 02:53:35,280 [main] INFO  http.HttpServer2 (HttpServer2.java:addFilter(1026)) - Added filter static_user_filter (class=org.apache.hadoop.http.lib.StaticUserWebFilter$StaticUserFilter) to context static
2025-05-14 02:53:35,281 [main] INFO  http.HttpServer2 (HttpServer2.java:addFilter(1026)) - Added filter static_user_filter (class=org.apache.hadoop.http.lib.StaticUserWebFilter$StaticUserFilter) to context logs
2025-05-14 02:53:35,281 [main] INFO  http.BaseHttpServer (BaseHttpServer.java:<init>(195)) - HTTP server of hddsDatanode uses base directory /home/runner/work/ozone/ozone/hadoop-ozone/integration-test/target/test-dir/MiniOzoneClusterImpl-af940217-b311-440f-8e09-352fdf66236b/ozone-meta/datanode-5/meta/webserver
2025-05-14 02:53:35,281 [main] INFO  http.HttpServer2 (HttpServer2.java:bindListener(1242)) - Jetty bound to port 15042
2025-05-14 02:53:35,282 [main] INFO  server.Server (Server.java:doStart(375)) - jetty-9.4.57.v20241219; built: 2025-01-08T21:24:30.412Z; git: df524e6b29271c2e09ba9aea83c18dc9db464a31; jvm 21.0.7+6-LTS
2025-05-14 02:53:35,282 [ContainerMetadataScanner] INFO  ozoneimpl.AbstractBackgroundContainerScanner (AbstractBackgroundContainerScanner.java:runIteration(89)) - Completed an iteration in 0 minutes. Number of iterations (since the data-node restart) : 1, Number of containers scanned in this iteration : 0, Number of unhealthy containers found in this iteration : 0
2025-05-14 02:53:35,283 [ContainerDataScanner(/home/runner/work/ozone/ozone/hadoop-ozone/integration-test/target/test-dir/MiniOzoneClusterImpl-af940217-b311-440f-8e09-352fdf66236b/ozone-meta/datanode-2/data-0/hdds)] INFO  ozoneimpl.AbstractBackgroundContainerScanner (AbstractBackgroundContainerScanner.java:runIteration(89)) - Completed an iteration in 0 minutes. Number of iterations (since the data-node restart) : 1, Number of containers scanned in this iteration : 0, Number of unhealthy containers found in this iteration : 0
2025-05-14 02:53:35,283 [30ccf06d-ad3c-4fb0-87c5-f3e2916d12cb-EndpointStateMachineTaskThread-/0.0.0.0:15002-0 ] INFO  replication.ReplicationServer (ReplicationServer.java:start(137)) - ReplicationServer is started using port 15025
2025-05-14 02:53:35,284 [30ccf06d-ad3c-4fb0-87c5-f3e2916d12cb-EndpointStateMachineTaskThread-/0.0.0.0:15002-0 ] INFO  ratis.XceiverServerRatis (XceiverServerRatis.java:start(559)) - Starting XceiverServerRatis(30ccf06d-ad3c-4fb0-87c5-f3e2916d12cb)
2025-05-14 02:53:35,285 [main] INFO  server.session (DefaultSessionIdManager.java:doStart(334)) - DefaultSessionIdManager workerName=node0
2025-05-14 02:53:35,286 [main] INFO  server.session (DefaultSessionIdManager.java:doStart(339)) - No SessionScavenger set, using defaults
2025-05-14 02:53:35,286 [main] INFO  server.session (HouseKeeper.java:startScavenging(132)) - node0 Scavenging every 660000ms
2025-05-14 02:53:35,289 [30ccf06d-ad3c-4fb0-87c5-f3e2916d12cb-EndpointStateMachineTaskThread-/0.0.0.0:15002-0 ] INFO  server.RaftServer (RaftServerProxy.java:startImpl(407)) - 30ccf06d-ad3c-4fb0-87c5-f3e2916d12cb: start RPC server
2025-05-14 02:53:35,290 [main] INFO  handler.ContextHandler (ContextHandler.java:doStart(921)) - Started o.e.j.s.ServletContextHandler@51fcee02{logs,/logs,file:///home/runner/work/ozone/ozone/hadoop-ozone/integration-test/target/log,AVAILABLE}
2025-05-14 02:53:35,290 [30ccf06d-ad3c-4fb0-87c5-f3e2916d12cb-EndpointStateMachineTaskThread-/0.0.0.0:15002-0 ] INFO  server.GrpcService (GrpcService.java:startImpl(334)) - 30ccf06d-ad3c-4fb0-87c5-f3e2916d12cb: GrpcService started, listening on 15021
2025-05-14 02:53:35,290 [main] INFO  handler.ContextHandler (ContextHandler.java:doStart(921)) - Started o.e.j.s.ServletContextHandler@213e10c9{static,/static,jar:file:/home/runner/work/ozone/ozone/hadoop-hdds/container-service/target/hdds-container-service-2.1.0-SNAPSHOT.jar!/webapps/static,AVAILABLE}
2025-05-14 02:53:35,291 [30ccf06d-ad3c-4fb0-87c5-f3e2916d12cb-EndpointStateMachineTaskThread-/0.0.0.0:15002-0 ] INFO  server.GrpcService (GrpcService.java:startImpl(334)) - 30ccf06d-ad3c-4fb0-87c5-f3e2916d12cb: GrpcService started, listening on 15023
2025-05-14 02:53:35,292 [30ccf06d-ad3c-4fb0-87c5-f3e2916d12cb-EndpointStateMachineTaskThread-/0.0.0.0:15002-0 ] INFO  server.GrpcService (GrpcService.java:startImpl(334)) - 30ccf06d-ad3c-4fb0-87c5-f3e2916d12cb: GrpcService started, listening on 15022
2025-05-14 02:53:35,293 [JvmPauseMonitor4] INFO  util.JvmPauseMonitor (JvmPauseMonitor.java:run(146)) - JvmPauseMonitor-30ccf06d-ad3c-4fb0-87c5-f3e2916d12cb: Started
2025-05-14 02:53:35,293 [30ccf06d-ad3c-4fb0-87c5-f3e2916d12cb-EndpointStateMachineTaskThread-/0.0.0.0:15002-0 ] INFO  ratis.XceiverServerRatis (XceiverServerRatis.java:getRealPort(586)) - XceiverServerRatis(30ccf06d-ad3c-4fb0-87c5-f3e2916d12cb) is started using port RATIS=15021
2025-05-14 02:53:35,293 [30ccf06d-ad3c-4fb0-87c5-f3e2916d12cb-EndpointStateMachineTaskThread-/0.0.0.0:15002-0 ] INFO  ratis.XceiverServerRatis (XceiverServerRatis.java:getRealPort(586)) - XceiverServerRatis(30ccf06d-ad3c-4fb0-87c5-f3e2916d12cb) is started using port RATIS_ADMIN=15022
2025-05-14 02:53:35,293 [30ccf06d-ad3c-4fb0-87c5-f3e2916d12cb-EndpointStateMachineTaskThread-/0.0.0.0:15002-0 ] INFO  ratis.XceiverServerRatis (XceiverServerRatis.java:getRealPort(586)) - XceiverServerRatis(30ccf06d-ad3c-4fb0-87c5-f3e2916d12cb) is started using port RATIS_SERVER=15023
2025-05-14 02:53:35,293 [30ccf06d-ad3c-4fb0-87c5-f3e2916d12cb-EndpointStateMachineTaskThread-/0.0.0.0:15002-0 ] INFO  ratis.XceiverServerRatis (XceiverServerRatis.java:getRealPort(586)) - XceiverServerRatis(30ccf06d-ad3c-4fb0-87c5-f3e2916d12cb) is started using port RATIS_DATASTREAM=15024
2025-05-14 02:53:35,295 [30ccf06d-ad3c-4fb0-87c5-f3e2916d12cb-BlockDeletingService#0] INFO  interfaces.ContainerDeletionChoosingPolicyTemplate (ContainerDeletionChoosingPolicyTemplate.java:chooseContainerForBlockDeletion(83)) - Chosen 0/5000 blocks from 0 candidate containers.
2025-05-14 02:53:35,422 [main] INFO  handler.ContextHandler (ContextHandler.java:doStart(921)) - Started o.e.j.w.WebAppContext@421d9b57{hddsDatanode,/,file:///home/runner/work/ozone/ozone/hadoop-ozone/integration-test/target/test-dir/MiniOzoneClusterImpl-af940217-b311-440f-8e09-352fdf66236b/ozone-meta/datanode-5/meta/webserver/jetty-0_0_0_0-15042-hdds-container-service-2_1_0-SNAPSHOT_jar-_-any-1676374350187461144/webapp/,AVAILABLE}{jar:file:/home/runner/work/ozone/ozone/hadoop-hdds/container-service/target/hdds-container-service-2.1.0-SNAPSHOT.jar!/webapps/hddsDatanode}
2025-05-14 02:53:35,432 [main] INFO  server.AbstractConnector (AbstractConnector.java:doStart(333)) - Started ServerConnector@27d74c62{HTTP/1.1, (http/1.1)}{0.0.0.0:15042}
2025-05-14 02:53:35,432 [main] INFO  server.Server (Server.java:doStart(415)) - Started @12252ms
2025-05-14 02:53:35,432 [main] WARN  impl.MetricsSystemImpl (MetricsSystemImpl.java:register(279)) - Sink prometheus already exists!
2025-05-14 02:53:35,432 [main] INFO  http.BaseHttpServer (BaseHttpServer.java:updateConnectorAddress(359)) - HTTP server of hddsDatanode listening at http://0.0.0.0:15042
2025-05-14 02:53:35,433 [main] INFO  ipc.CallQueueManager (CallQueueManager.java:<init>(93)) - Using callQueue: class java.util.concurrent.LinkedBlockingQueue, queueCapacity: 1000, scheduler: class org.apache.hadoop.ipc.DefaultRpcScheduler, ipcBackoff: false, ipcFailOver: false.
2025-05-14 02:53:35,433 [main] INFO  ipc.Server (Server.java:<init>(1438)) - Listener at 0.0.0.0:15043
2025-05-14 02:53:35,433 [Socket Reader #1 for port 15043] INFO  ipc.Server (Server.java:run(1474)) - Starting Socket Reader #1 for port 15043
2025-05-14 02:53:35,433 [Socket Reader #2 for port 15043] INFO  ipc.Server (Server.java:run(1474)) - Starting Socket Reader #2 for port 15043
2025-05-14 02:53:35,434 [Socket Reader #3 for port 15043] INFO  ipc.Server (Server.java:run(1474)) - Starting Socket Reader #3 for port 15043
2025-05-14 02:53:35,434 [Socket Reader #4 for port 15043] INFO  ipc.Server (Server.java:run(1474)) - Starting Socket Reader #4 for port 15043
2025-05-14 02:53:35,434 [Socket Reader #5 for port 15043] INFO  ipc.Server (Server.java:run(1474)) - Starting Socket Reader #5 for port 15043
2025-05-14 02:53:35,434 [Socket Reader #6 for port 15043] INFO  ipc.Server (Server.java:run(1474)) - Starting Socket Reader #6 for port 15043
2025-05-14 02:53:35,434 [Socket Reader #7 for port 15043] INFO  ipc.Server (Server.java:run(1474)) - Starting Socket Reader #7 for port 15043
2025-05-14 02:53:35,434 [Socket Reader #8 for port 15043] INFO  ipc.Server (Server.java:run(1474)) - Starting Socket Reader #8 for port 15043
2025-05-14 02:53:35,435 [Socket Reader #9 for port 15043] INFO  ipc.Server (Server.java:run(1474)) - Starting Socket Reader #9 for port 15043
2025-05-14 02:53:35,435 [Socket Reader #10 for port 15043] INFO  ipc.Server (Server.java:run(1474)) - Starting Socket Reader #10 for port 15043
2025-05-14 02:53:35,437 [main] INFO  ozone.HddsDatanodeService (HddsDatanodeService.java:start(325)) - Datanode start with admins: [runner]
2025-05-14 02:53:35,437 [main] INFO  ozone.HddsDatanodeClientProtocolServer (HddsDatanodeClientProtocolServer.java:start(76)) - RPC server for Client /0.0.0.0:15043
2025-05-14 02:53:35,437 [IPC Server Responder] INFO  ipc.Server (Server.java:run(1713)) - IPC Server Responder: starting
2025-05-14 02:53:35,437 [IPC Server listener on 15043] INFO  ipc.Server (Server.java:run(1553)) - IPC Server listener on 15043: starting
2025-05-14 02:53:35,438 [main] WARN  dropwizard3.Dm3MetricRegistriesImpl (Dm3MetricRegistriesImpl.java:addReporterRegistration(114)) - New reporters are added after registries were created. Some metrics will be missing from the reporter. Please add reporter before adding any new registry.
2025-05-14 02:53:35,438 [main] WARN  dropwizard3.Dm3MetricRegistriesImpl (Dm3MetricRegistriesImpl.java:addReporterRegistration(114)) - New reporters are added after registries were created. Some metrics will be missing from the reporter. Please add reporter before adding any new registry.
2025-05-14 02:53:35,438 [main] INFO  impl.MetricsSystemImpl (MetricsSystemImpl.java:init(158)) - HddsDatanode metrics system started (again)
2025-05-14 02:53:35,439 [e44b5a69-92f9-40f4-85c9-712e1c637b62-DatanodeStateMachineDaemonThread] INFO  statemachine.DatanodeStateMachine (DatanodeStateMachine.java:startStateMachineThread(340)) - Ozone container server started.
2025-05-14 02:53:35,443 [e44b5a69-92f9-40f4-85c9-712e1c637b62-DatanodeStateMachineTaskThread-0] INFO  datanode.InitDatanodeState (InitDatanodeState.java:persistContainerDatanodeDetails(139)) - DatanodeDetails is persisted to /home/runner/work/ozone/ozone/hadoop-ozone/integration-test/target/test-dir/MiniOzoneClusterImpl-af940217-b311-440f-8e09-352fdf66236b/ozone-meta/datanode-5/meta/datanode.id
2025-05-14 02:53:35,452 [main] INFO  protocol.DatanodeDetails (DatanodeDetails.java:validateDatanodeIpAddress(199)) - Updating IP address of datanode c77e66e9-1cca-4fd3-bc5b-4ea2dbc3232f(localhost/null) to 127.0.0.1
2025-05-14 02:53:35,453 [main] INFO  ozone.HddsDatanodeService (HddsDatanodeService.java:start(234)) - HddsDatanodeService c77e66e9-1cca-4fd3-bc5b-4ea2dbc3232f(localhost/127.0.0.1)
2025-05-14 02:53:35,454 [main] INFO  upgrade.AbstractLayoutVersionManager (AbstractLayoutVersionManager.java:init(80)) - Initializing Layout version manager with metadata layout = HBASE_SUPPORT (version = 8), software layout = HBASE_SUPPORT (version = 8)
2025-05-14 02:53:35,455 [main] INFO  statemachine.DatanodeStateMachine (DatanodeStateMachine.java:getEndPointTaskThreadPoolSize(298)) - Datanode State Machine Task Thread Pool size 2
2025-05-14 02:53:35,458 [main] INFO  volume.HddsVolume (HddsVolume.java:<init>(158)) - HddsVolume: { id=DS-5a3f56d5-208f-4e65-b41f-997f7ed08b6b dir=/home/runner/work/ozone/ozone/hadoop-ozone/integration-test/target/test-dir/MiniOzoneClusterImpl-af940217-b311-440f-8e09-352fdf66236b/ozone-meta/datanode-6/data-0/hdds type=DISK capacity=9222449699674390527 used=0 available=9222449699674390527 minFree=5368709120 committed=0 }
2025-05-14 02:53:35,458 [main] INFO  volume.MutableVolumeSet (MutableVolumeSet.java:initializeVolumeSet(166)) - Added Volume : /home/runner/work/ozone/ozone/hadoop-ozone/integration-test/target/test-dir/MiniOzoneClusterImpl-af940217-b311-440f-8e09-352fdf66236b/ozone-meta/datanode-6/data-0/hdds to VolumeSet
2025-05-14 02:53:35,460 [main] INFO  volume.MutableVolumeSet (MutableVolumeSet.java:initializeVolumeSet(166)) - Added Volume : /home/runner/work/ozone/ozone/hadoop-ozone/integration-test/target/test-dir/MiniOzoneClusterImpl-af940217-b311-440f-8e09-352fdf66236b/ozone-meta/datanode-6/ratis to VolumeSet
2025-05-14 02:53:35,461 [main] INFO  ozoneimpl.OzoneContainer (HddsVolumeUtil.java:loadAllHddsVolumeDbStore(102)) - Load 1 volumes DbStore cost: 0ms
2025-05-14 02:53:35,461 [main] WARN  db.DBStoreBuilder (DBStoreBuilder.java:getDBDirPath(160)) - ozone.scm.datanode.id.dir is not configured. We recommend adding this setting. Falling back to ozone.metadata.dirs instead.
2025-05-14 02:53:35,462 [main] WARN  db.DBStoreBuilder (DBStoreBuilder.java:getDBDirPath(160)) - ozone.scm.datanode.id.dir is not configured. We recommend adding this setting. Falling back to ozone.metadata.dirs instead.
2025-05-14 02:53:35,476 [main] INFO  impl.FilePerChunkStrategy (FilePerChunkStrategy.java:<init>(79)) - ozone.chunk.read.mapped.buffer.max.count is load with 0
2025-05-14 02:53:35,476 [main] INFO  impl.FilePerBlockStrategy (FilePerBlockStrategy.java:<init>(87)) - ozone.chunk.read.mapped.buffer.max.count is load with 0
2025-05-14 02:53:35,480 [main] INFO  server.RaftServerConfigKeys (ConfUtils.java:logGet(46)) - raft.server.log.appender.buffer.byte-limit = 33554432 (custom)
2025-05-14 02:53:35,482 [main] INFO  server.RaftServer (ConfUtils.java:logGet(46)) - raft.rpc.type = GRPC (default)
2025-05-14 02:53:35,482 [main] INFO  grpc.GrpcConfigKeys (ConfUtils.java:logFallback(53)) - raft.grpc.admin.host = null (fallback to raft.grpc.server.host)
2025-05-14 02:53:35,483 [main] INFO  grpc.GrpcConfigKeys (ConfUtils.java:logGet(46)) - raft.grpc.admin.port = 15054 (custom)
2025-05-14 02:53:35,483 [main] INFO  grpc.GrpcConfigKeys (ConfUtils.java:logFallback(53)) - raft.grpc.client.host = null (fallback to raft.grpc.server.host)
2025-05-14 02:53:35,483 [main] INFO  grpc.GrpcConfigKeys (ConfUtils.java:logGet(46)) - raft.grpc.client.port = 15053 (custom)
2025-05-14 02:53:35,483 [main] INFO  grpc.GrpcConfigKeys (ConfUtils.java:logGet(46)) - raft.grpc.server.host = null (default)
2025-05-14 02:53:35,483 [main] INFO  grpc.GrpcConfigKeys (ConfUtils.java:logGet(46)) - raft.grpc.server.port = 15055 (custom)
2025-05-14 02:53:35,483 [main] INFO  server.GrpcService (ConfUtils.java:logGet(46)) - raft.grpc.message.size.max = 34603008 (custom)
2025-05-14 02:53:35,483 [main] INFO  server.GrpcService (ConfUtils.java:logGet(46)) - raft.grpc.flow.control.window = 5MB (=5242880) (custom)
2025-05-14 02:53:35,484 [main] INFO  server.RaftServerConfigKeys (ConfUtils.java:logGet(46)) - raft.server.rpc.request.timeout = 3000ms (default)
2025-05-14 02:53:35,484 [main] INFO  grpc.GrpcConfigKeys (ConfUtils.java:logGet(46)) - raft.grpc.server.heartbeat.channel = true (default)
2025-05-14 02:53:35,484 [main] INFO  server.RaftServerConfigKeys (ConfUtils.java:logGet(46)) - raft.server.log.appender.buffer.byte-limit = 33554432 (custom)
2025-05-14 02:53:35,484 [main] INFO  grpc.GrpcConfigKeys (ConfUtils.java:logGet(46)) - raft.grpc.server.async.request.thread.pool.cached = true (default)
2025-05-14 02:53:35,484 [main] INFO  grpc.GrpcConfigKeys (ConfUtils.java:logGet(46)) - raft.grpc.server.async.request.thread.pool.size = 32 (default)
2025-05-14 02:53:35,486 [main] INFO  impl.DataStreamServerImpl (ConfUtils.java:logGet(46)) - raft.datastream.type = NETTY (custom)
2025-05-14 02:53:35,487 [main] INFO  server.RaftServerConfigKeys (ConfUtils.java:logGet(46)) - raft.server.data-stream.async.request.thread.pool.cached = false (default)
2025-05-14 02:53:35,487 [main] INFO  server.RaftServerConfigKeys (ConfUtils.java:logGet(46)) - raft.server.data-stream.async.request.thread.pool.size = 20 (custom)
2025-05-14 02:53:35,487 [main] INFO  server.RaftServerConfigKeys (ConfUtils.java:logGet(46)) - raft.server.data-stream.async.write.thread.pool.size = 16 (default)
2025-05-14 02:53:35,487 [main] INFO  netty.NettyConfigKeys$DataStream (ConfUtils.java:logGet(46)) - raft.netty.dataStream.server.channel.inactive.grace-period = 10min (default)
2025-05-14 02:53:35,487 [main] INFO  server.RaftServerConfigKeys (ConfUtils.java:logGet(46)) - raft.server.data-stream.client.pool.size = 10 (default)
2025-05-14 02:53:35,487 [main] INFO  netty.NettyConfigKeys$DataStream (ConfUtils.java:logGet(46)) - raft.netty.dataStream.server.use-epoll = true (default)
2025-05-14 02:53:35,487 [main] INFO  netty.NettyConfigKeys$DataStream (ConfUtils.java:logGet(46)) - raft.netty.dataStream.server.boss-group.size = 0 (default)
2025-05-14 02:53:35,487 [main] INFO  netty.NettyUtils (NettyUtils.java:newEventLoopGroup(74)) - Create EpollEventLoopGroup for c77e66e9-1cca-4fd3-bc5b-4ea2dbc3232f-NettyServerStreamRpc-bossGroup; Thread size is 0.
2025-05-14 02:53:35,488 [main] INFO  netty.NettyConfigKeys$DataStream (ConfUtils.java:logGet(46)) - raft.netty.dataStream.server.worker-group.size = 0 (default)
2025-05-14 02:53:35,488 [main] INFO  netty.NettyUtils (NettyUtils.java:newEventLoopGroup(74)) - Create EpollEventLoopGroup for c77e66e9-1cca-4fd3-bc5b-4ea2dbc3232f-NettyServerStreamRpc-workerGroup; Thread size is 0.
2025-05-14 02:53:35,489 [main] INFO  netty.NettyConfigKeys$DataStream (ConfUtils.java:logGet(46)) - raft.netty.dataStream.server.tls.conf = null (default)
2025-05-14 02:53:35,489 [main] INFO  netty.NettyConfigKeys$DataStream (ConfUtils.java:logGet(46)) - raft.netty.dataStream.host = null (default)
2025-05-14 02:53:35,489 [main] INFO  netty.NettyConfigKeys$DataStream (ConfUtils.java:logGet(46)) - raft.netty.dataStream.port = 15056 (custom)
2025-05-14 02:53:35,491 [main] INFO  server.RaftServerConfigKeys (ConfUtils.java:logGet(46)) - raft.server.sleep.deviation.threshold = 300ms (default)
2025-05-14 02:53:35,491 [main] INFO  server.RaftServerConfigKeys (ConfUtils.java:logGet(46)) - raft.server.close.threshold = 60s (default)
2025-05-14 02:53:35,491 [main] INFO  server.RaftServerConfigKeys (ConfUtils.java:logGet(46)) - raft.server.leaderelection.leader.step-down.wait-time = 10s (default)
2025-05-14 02:53:35,492 [main] INFO  server.RaftServerConfigKeys (ConfUtils.java:logGet(46)) - raft.server.storage.dir = [/home/runner/work/ozone/ozone/hadoop-ozone/integration-test/target/test-dir/MiniOzoneClusterImpl-af940217-b311-440f-8e09-352fdf66236b/ozone-meta/datanode-6/ratis] (custom)
2025-05-14 02:53:35,493 [main] INFO  server.RaftServerConfigKeys (ConfUtils.java:logGet(46)) - raft.server.threadpool.proxy.cached = true (default)
2025-05-14 02:53:35,493 [main] INFO  server.RaftServerConfigKeys (ConfUtils.java:logGet(46)) - raft.server.threadpool.proxy.size = 0 (default)
2025-05-14 02:53:35,492 [c77e66e9-1cca-4fd3-bc5b-4ea2dbc3232f-NettyServerStreamRpc-bossGroup--thread1] INFO  logging.LoggingHandler (AbstractInternalLogger.java:log(148)) - [id: 0x97d951b6] REGISTERED
2025-05-14 02:53:35,494 [c77e66e9-1cca-4fd3-bc5b-4ea2dbc3232f-NettyServerStreamRpc-bossGroup--thread1] INFO  logging.LoggingHandler (AbstractInternalLogger.java:log(148)) - [id: 0x97d951b6] BIND: 0.0.0.0/0.0.0.0:15056
2025-05-14 02:53:35,494 [c77e66e9-1cca-4fd3-bc5b-4ea2dbc3232f-NettyServerStreamRpc-bossGroup--thread1] INFO  logging.LoggingHandler (AbstractInternalLogger.java:log(148)) - [id: 0x97d951b6, L:/0.0.0.0:15056] ACTIVE
2025-05-14 02:53:35,496 [c77e66e9-1cca-4fd3-bc5b-4ea2dbc3232f-impl-thread1] INFO  server.RaftServer (RaftServerProxy.java:initGroupDir(265)) - c77e66e9-1cca-4fd3-bc5b-4ea2dbc3232f: found a subdirectory /home/runner/work/ozone/ozone/hadoop-ozone/integration-test/target/test-dir/MiniOzoneClusterImpl-af940217-b311-440f-8e09-352fdf66236b/ozone-meta/datanode-6/ratis/tmp
2025-05-14 02:53:35,496 [c77e66e9-1cca-4fd3-bc5b-4ea2dbc3232f-impl-thread1] INFO  server.RaftServer (RaftServerProxy.java:initGroupDir(270)) - c77e66e9-1cca-4fd3-bc5b-4ea2dbc3232f: The directory /home/runner/work/ozone/ozone/hadoop-ozone/integration-test/target/test-dir/MiniOzoneClusterImpl-af940217-b311-440f-8e09-352fdf66236b/ozone-meta/datanode-6/ratis/tmp is not a group directory; ignoring it. 
2025-05-14 02:53:35,496 [main] INFO  replication.ReplicationServer (ReplicationServer.java:<init>(84)) - Initializing replication server with thread count = 10 queue length = 4096
2025-05-14 02:53:35,497 [main] INFO  server.XceiverServerGrpc (XceiverServerGrpc.java:<init>(131)) - GrpcServer channel type EpollServerSocketChannel
2025-05-14 02:53:35,500 [main] INFO  replication.ReplicationSupervisor (ReplicationSupervisor.java:build(169)) - Initializing replication supervisor with thread count = 10
2025-05-14 02:53:35,500 [main] INFO  replication.ReplicationSupervisor (ReplicationSupervisor.java:nodeStateUpdated(358)) - Node state updated to IN_SERVICE, scaling executor pool size to 10
2025-05-14 02:53:35,505 [main] INFO  http.BaseHttpServer (BaseHttpServer.java:newHttpServer2BuilderForOzone(229)) - Starting Web-server for hddsDatanode at: http://0.0.0.0:15050
2025-05-14 02:53:35,505 [main] INFO  http.BaseHttpServer (BaseHttpServer.java:<init>(107)) - Hadoop Security Enabled: false Ozone Security Enabled: false Ozone HTTP Security Enabled: false 
2025-05-14 02:53:35,509 [main] WARN  server.AuthenticationFilter (AuthenticationFilter.java:constructSecretProvider(240)) - Unable to initialize FileSignerSecretProvider, falling back to use random secrets. Reason: Could not read signature secret file: /home/runner/hadoop-http-auth-signature-secret
2025-05-14 02:53:35,510 [IPC Server handler 0 on default port 15002] INFO  net.NetworkTopologyImpl (NetworkTopologyImpl.java:add(133)) - Added a new node: /default-rack/f8181075-ae63-407a-b17c-78185f7d70dd
2025-05-14 02:53:35,513 [IPC Server handler 0 on default port 15002] INFO  node.SCMNodeManager (SCMNodeManager.java:register(426)) - Registered datanode: f8181075-ae63-407a-b17c-78185f7d70dd{ip: 127.0.0.1, host: localhost, ports: [HTTP=15010, CLIENT_RPC=15011, REPLICATION=15017, RATIS=15013, RATIS_ADMIN=15014, RATIS_SERVER=15015, RATIS_DATASTREAM=15016, STANDALONE=15012], networkLocation: /default-rack, certSerialId: null, persistedOpState: null, persistedOpStateExpiryEpochSec: 0}
2025-05-14 02:53:35,513 [0e2e4ad1-578a-45fc-a8c2-41affcffb7b9-EndpointStateMachineTaskThread-/0.0.0.0:15002-0 ] INFO  utils.DatanodeStoreCache (DatanodeStoreCache.java:addDB(70)) - Added db /home/runner/work/ozone/ozone/hadoop-ozone/integration-test/target/test-dir/MiniOzoneClusterImpl-af940217-b311-440f-8e09-352fdf66236b/ozone-meta/datanode-3/data-0/hdds/af940217-b311-440f-8e09-352fdf66236b/DS-26f4d4de-cdbb-401e-a797-db4b81696bab/container.db to cache
2025-05-14 02:53:35,513 [0e2e4ad1-578a-45fc-a8c2-41affcffb7b9-EndpointStateMachineTaskThread-/0.0.0.0:15002-0 ] INFO  volume.HddsVolume (HddsVolume.java:createDbStore(510)) - SchemaV3 db is created and loaded at /home/runner/work/ozone/ozone/hadoop-ozone/integration-test/target/test-dir/MiniOzoneClusterImpl-af940217-b311-440f-8e09-352fdf66236b/ozone-meta/datanode-3/data-0/hdds/af940217-b311-440f-8e09-352fdf66236b/DS-26f4d4de-cdbb-401e-a797-db4b81696bab/container.db for volume DS-26f4d4de-cdbb-401e-a797-db4b81696bab
2025-05-14 02:53:35,516 [EventQueue-NewNodeForNewNodeHandler] INFO  pipeline.BackgroundPipelineCreator (BackgroundPipelineCreator.java:notifyEventTriggered(290)) - trigger a one-shot run on RatisPipelineUtilsThread.
2025-05-14 02:53:35,517 [main] INFO  http.HttpServer2 (HttpServer2.java:addGlobalFilter(1042)) - Added global filter 'safety' (class=org.apache.hadoop.hdds.server.http.HttpServer2$QuotingInputFilter)
2025-05-14 02:53:35,519 [EventQueue-ContainerRegistrationReportForRatisContainerSafeModeRule] INFO  safemode.SCMSafeModeManager (SCMSafeModeManager.java:validateSafeModeExitRules(140)) - RatisContainerSafeModeRule rule is successfully validated
2025-05-14 02:53:35,535 [EventQueue-PipelineReportForOneReplicaPipelineSafeModeRule] INFO  safemode.SCMSafeModeManager (SCMSafeModeManager.java:validateSafeModeExitRules(140)) - AtleastOneDatanodeReportedRule rule is successfully validated
2025-05-14 02:53:35,535 [EventQueue-ContainerRegistrationReportForECContainerSafeModeRule] INFO  safemode.SCMSafeModeManager (SCMSafeModeManager.java:validateSafeModeExitRules(140)) - ECContainerSafeModeRule rule is successfully validated
2025-05-14 02:53:35,529 [0e2e4ad1-578a-45fc-a8c2-41affcffb7b9-ContainerReader-0] INFO  ozoneimpl.ContainerReader (ContainerReader.java:readVolume(144)) - Start to verify containers on volume /home/runner/work/ozone/ozone/hadoop-ozone/integration-test/target/test-dir/MiniOzoneClusterImpl-af940217-b311-440f-8e09-352fdf66236b/ozone-meta/datanode-3/data-0/hdds
2025-05-14 02:53:35,536 [0e2e4ad1-578a-45fc-a8c2-41affcffb7b9-ContainerReader-0] INFO  ozoneimpl.ContainerReader (ContainerReader.java:readVolume(174)) - Finish verifying containers on volume /home/runner/work/ozone/ozone/hadoop-ozone/integration-test/target/test-dir/MiniOzoneClusterImpl-af940217-b311-440f-8e09-352fdf66236b/ozone-meta/datanode-3/data-0/hdds
2025-05-14 02:53:35,536 [0e2e4ad1-578a-45fc-a8c2-41affcffb7b9-EndpointStateMachineTaskThread-/0.0.0.0:15002-0 ] INFO  ozoneimpl.OzoneContainer (OzoneContainer.java:buildContainerSet(364)) - Build ContainerSet costs 0s
2025-05-14 02:53:35,529 [main] INFO  http.HttpServer2 (HttpServer2.java:addFilter(1018)) - Added filter static_user_filter (class=org.apache.hadoop.http.lib.StaticUserWebFilter$StaticUserFilter) to context hddsDatanode
2025-05-14 02:53:35,537 [main] INFO  http.HttpServer2 (HttpServer2.java:addFilter(1026)) - Added filter static_user_filter (class=org.apache.hadoop.http.lib.StaticUserWebFilter$StaticUserFilter) to context logs
2025-05-14 02:53:35,537 [main] INFO  http.HttpServer2 (HttpServer2.java:addFilter(1026)) - Added filter static_user_filter (class=org.apache.hadoop.http.lib.StaticUserWebFilter$StaticUserFilter) to context static
2025-05-14 02:53:35,529 [EventQueue-NodeRegistrationContainerReportForDataNodeSafeModeRule] INFO  safemode.SCMSafeModeManager (DataNodeSafeModeRule.java:process(79)) - SCM in safe mode. 1 DataNodes registered, 3 required.
2025-05-14 02:53:35,538 [main] INFO  http.BaseHttpServer (BaseHttpServer.java:<init>(195)) - HTTP server of hddsDatanode uses base directory /home/runner/work/ozone/ozone/hadoop-ozone/integration-test/target/test-dir/MiniOzoneClusterImpl-af940217-b311-440f-8e09-352fdf66236b/ozone-meta/datanode-6/meta/webserver
2025-05-14 02:53:35,538 [main] INFO  http.HttpServer2 (HttpServer2.java:bindListener(1242)) - Jetty bound to port 15050
2025-05-14 02:53:35,538 [main] INFO  server.Server (Server.java:doStart(375)) - jetty-9.4.57.v20241219; built: 2025-01-08T21:24:30.412Z; git: df524e6b29271c2e09ba9aea83c18dc9db464a31; jvm 21.0.7+6-LTS
2025-05-14 02:53:35,538 [0e2e4ad1-578a-45fc-a8c2-41affcffb7b9-EndpointStateMachineTaskThread-/0.0.0.0:15002-0 ] INFO  volume.ThrottledAsyncChecker (ThrottledAsyncChecker.java:schedule(138)) - Scheduling a check for /home/runner/work/ozone/ozone/hadoop-ozone/integration-test/target/test-dir/MiniOzoneClusterImpl-af940217-b311-440f-8e09-352fdf66236b/ozone-meta/datanode-3/data-0/hdds
2025-05-14 02:53:35,539 [RatisPipelineUtilsThread-0] INFO  pipeline.RatisPipelineProvider (RatisPipelineProvider.java:lambda$create$0(208)) - Sending CreatePipelineCommand for pipeline:PipelineID=c28f6734-6a6e-4997-be64-4b591ae0c988 to datanode:f8181075-ae63-407a-b17c-78185f7d70dd(localhost/127.0.0.1)
2025-05-14 02:53:35,540 [0e2e4ad1-578a-45fc-a8c2-41affcffb7b9-EndpointStateMachineTaskThread-/0.0.0.0:15002-0 ] INFO  volume.StorageVolumeChecker (StorageVolumeChecker.java:checkAllVolumes(215)) - Scheduled health check for volume /home/runner/work/ozone/ozone/hadoop-ozone/integration-test/target/test-dir/MiniOzoneClusterImpl-af940217-b311-440f-8e09-352fdf66236b/ozone-meta/datanode-3/data-0/hdds
2025-05-14 02:53:35,544 [main] INFO  server.session (DefaultSessionIdManager.java:doStart(334)) - DefaultSessionIdManager workerName=node0
2025-05-14 02:53:35,544 [main] INFO  server.session (DefaultSessionIdManager.java:doStart(339)) - No SessionScavenger set, using defaults
2025-05-14 02:53:35,544 [main] INFO  server.session (HouseKeeper.java:startScavenging(132)) - node0 Scavenging every 660000ms
2025-05-14 02:53:35,545 [main] INFO  handler.ContextHandler (ContextHandler.java:doStart(921)) - Started o.e.j.s.ServletContextHandler@6b3fa2ef{logs,/logs,file:///home/runner/work/ozone/ozone/hadoop-ozone/integration-test/target/log,AVAILABLE}
2025-05-14 02:53:35,545 [main] INFO  handler.ContextHandler (ContextHandler.java:doStart(921)) - Started o.e.j.s.ServletContextHandler@3b7f8fd5{static,/static,jar:file:/home/runner/work/ozone/ozone/hadoop-hdds/container-service/target/hdds-container-service-2.1.0-SNAPSHOT.jar!/webapps/static,AVAILABLE}
2025-05-14 02:53:35,547 [0e2e4ad1-578a-45fc-a8c2-41affcffb7b9-EndpointStateMachineTaskThread-/0.0.0.0:15002-0 ] INFO  volume.ThrottledAsyncChecker (ThrottledAsyncChecker.java:schedule(138)) - Scheduling a check for /home/runner/work/ozone/ozone/hadoop-ozone/integration-test/target/test-dir/MiniOzoneClusterImpl-af940217-b311-440f-8e09-352fdf66236b/ozone-meta/datanode-3/ratis
2025-05-14 02:53:35,547 [0e2e4ad1-578a-45fc-a8c2-41affcffb7b9-EndpointStateMachineTaskThread-/0.0.0.0:15002-0 ] INFO  volume.StorageVolumeChecker (StorageVolumeChecker.java:checkAllVolumes(215)) - Scheduled health check for volume /home/runner/work/ozone/ozone/hadoop-ozone/integration-test/target/test-dir/MiniOzoneClusterImpl-af940217-b311-440f-8e09-352fdf66236b/ozone-meta/datanode-3/ratis
2025-05-14 02:53:35,548 [0e2e4ad1-578a-45fc-a8c2-41affcffb7b9-EndpointStateMachineTaskThread-/0.0.0.0:15002-0 ] INFO  ozoneimpl.OzoneContainer (OzoneContainer.java:start(512)) - Attempting to start container services.
2025-05-14 02:53:35,549 [0e2e4ad1-578a-45fc-a8c2-41affcffb7b9-EndpointStateMachineTaskThread-/0.0.0.0:15002-0 ] WARN  ozoneimpl.OnDemandContainerDataScanner (OnDemandContainerDataScanner.java:init(74)) - Trying to initialize on demand scanner a second time on a datanode.
2025-05-14 02:53:35,551 [ContainerMetadataScanner] INFO  ozoneimpl.AbstractBackgroundContainerScanner (AbstractBackgroundContainerScanner.java:runIteration(89)) - Completed an iteration in 0 minutes. Number of iterations (since the data-node restart) : 1, Number of containers scanned in this iteration : 0, Number of unhealthy containers found in this iteration : 0
2025-05-14 02:53:35,551 [ContainerDataScanner(/home/runner/work/ozone/ozone/hadoop-ozone/integration-test/target/test-dir/MiniOzoneClusterImpl-af940217-b311-440f-8e09-352fdf66236b/ozone-meta/datanode-3/data-0/hdds)] INFO  ozoneimpl.AbstractBackgroundContainerScanner (AbstractBackgroundContainerScanner.java:runIteration(89)) - Completed an iteration in 0 minutes. Number of iterations (since the data-node restart) : 1, Number of containers scanned in this iteration : 0, Number of unhealthy containers found in this iteration : 0
2025-05-14 02:53:35,552 [0e2e4ad1-578a-45fc-a8c2-41affcffb7b9-EndpointStateMachineTaskThread-/0.0.0.0:15002-0 ] INFO  replication.ReplicationServer (ReplicationServer.java:start(137)) - ReplicationServer is started using port 15033
2025-05-14 02:53:35,553 [0e2e4ad1-578a-45fc-a8c2-41affcffb7b9-EndpointStateMachineTaskThread-/0.0.0.0:15002-0 ] INFO  ratis.XceiverServerRatis (XceiverServerRatis.java:start(559)) - Starting XceiverServerRatis(0e2e4ad1-578a-45fc-a8c2-41affcffb7b9)
2025-05-14 02:53:35,554 [0e2e4ad1-578a-45fc-a8c2-41affcffb7b9-EndpointStateMachineTaskThread-/0.0.0.0:15002-0 ] INFO  server.RaftServer (RaftServerProxy.java:startImpl(407)) - 0e2e4ad1-578a-45fc-a8c2-41affcffb7b9: start RPC server
2025-05-14 02:53:35,554 [0e2e4ad1-578a-45fc-a8c2-41affcffb7b9-EndpointStateMachineTaskThread-/0.0.0.0:15002-0 ] INFO  server.GrpcService (GrpcService.java:startImpl(334)) - 0e2e4ad1-578a-45fc-a8c2-41affcffb7b9: GrpcService started, listening on 15029
2025-05-14 02:53:35,555 [0e2e4ad1-578a-45fc-a8c2-41affcffb7b9-EndpointStateMachineTaskThread-/0.0.0.0:15002-0 ] INFO  server.GrpcService (GrpcService.java:startImpl(334)) - 0e2e4ad1-578a-45fc-a8c2-41affcffb7b9: GrpcService started, listening on 15031
2025-05-14 02:53:35,556 [0e2e4ad1-578a-45fc-a8c2-41affcffb7b9-EndpointStateMachineTaskThread-/0.0.0.0:15002-0 ] INFO  server.GrpcService (GrpcService.java:startImpl(334)) - 0e2e4ad1-578a-45fc-a8c2-41affcffb7b9: GrpcService started, listening on 15030
2025-05-14 02:53:35,556 [0e2e4ad1-578a-45fc-a8c2-41affcffb7b9-EndpointStateMachineTaskThread-/0.0.0.0:15002-0 ] INFO  ratis.XceiverServerRatis (XceiverServerRatis.java:getRealPort(586)) - XceiverServerRatis(0e2e4ad1-578a-45fc-a8c2-41affcffb7b9) is started using port RATIS=15029
2025-05-14 02:53:35,556 [JvmPauseMonitor5] INFO  util.JvmPauseMonitor (JvmPauseMonitor.java:run(146)) - JvmPauseMonitor-0e2e4ad1-578a-45fc-a8c2-41affcffb7b9: Started
2025-05-14 02:53:35,557 [0e2e4ad1-578a-45fc-a8c2-41affcffb7b9-EndpointStateMachineTaskThread-/0.0.0.0:15002-0 ] INFO  ratis.XceiverServerRatis (XceiverServerRatis.java:getRealPort(586)) - XceiverServerRatis(0e2e4ad1-578a-45fc-a8c2-41affcffb7b9) is started using port RATIS_ADMIN=15030
2025-05-14 02:53:35,557 [0e2e4ad1-578a-45fc-a8c2-41affcffb7b9-EndpointStateMachineTaskThread-/0.0.0.0:15002-0 ] INFO  ratis.XceiverServerRatis (XceiverServerRatis.java:getRealPort(586)) - XceiverServerRatis(0e2e4ad1-578a-45fc-a8c2-41affcffb7b9) is started using port RATIS_SERVER=15031
2025-05-14 02:53:35,557 [0e2e4ad1-578a-45fc-a8c2-41affcffb7b9-EndpointStateMachineTaskThread-/0.0.0.0:15002-0 ] INFO  ratis.XceiverServerRatis (XceiverServerRatis.java:getRealPort(586)) - XceiverServerRatis(0e2e4ad1-578a-45fc-a8c2-41affcffb7b9) is started using port RATIS_DATASTREAM=15032
2025-05-14 02:53:35,559 [0e2e4ad1-578a-45fc-a8c2-41affcffb7b9-BlockDeletingService#0] INFO  interfaces.ContainerDeletionChoosingPolicyTemplate (ContainerDeletionChoosingPolicyTemplate.java:chooseContainerForBlockDeletion(83)) - Chosen 0/5000 blocks from 0 candidate containers.
2025-05-14 02:53:35,593 [1edfeee1-83e1-4d34-a92c-2e00b570784e@group-352FDF66236B-StateMachineUpdater] INFO  safemode.SCMSafeModeManager (SCMSafeModeManager.java:validateSafeModeExitRules(140)) - RatisContainerSafeModeRule rule is successfully validated
2025-05-14 02:53:35,594 [1edfeee1-83e1-4d34-a92c-2e00b570784e@group-352FDF66236B-StateMachineUpdater] INFO  safemode.HealthyPipelineSafeModeRule (HealthyPipelineSafeModeRule.java:initializeRule(173)) - Refreshed total pipeline count is 0, healthy pipeline threshold count is 1
2025-05-14 02:53:35,595 [1edfeee1-83e1-4d34-a92c-2e00b570784e@group-352FDF66236B-StateMachineUpdater] INFO  safemode.SCMSafeModeManager (SCMSafeModeManager.java:validateSafeModeExitRules(140)) - ECContainerSafeModeRule rule is successfully validated
2025-05-14 02:53:35,595 [1edfeee1-83e1-4d34-a92c-2e00b570784e@group-352FDF66236B-StateMachineUpdater] INFO  safemode.SCMSafeModeManager (SCMSafeModeManager.java:validateSafeModeExitRules(140)) - AtleastOneDatanodeReportedRule rule is successfully validated
2025-05-14 02:53:35,601 [RatisPipelineUtilsThread-0] INFO  pipeline.BackgroundPipelineCreator (BackgroundPipelineCreator.java:createPipelines(246)) - Created new pipeline Pipeline{ Id: c28f6734-6a6e-4997-be64-4b591ae0c988, Nodes: [ {f8181075-ae63-407a-b17c-78185f7d70dd(localhost/127.0.0.1), ReplicaIndex: 0},], ReplicationConfig: RATIS/ONE, State:ALLOCATED, leaderId:, CreationTimestamp2025-05-14T02:53:35.538612784Z[Etc/UTC]}
2025-05-14 02:53:35,692 [main] INFO  handler.ContextHandler (ContextHandler.java:doStart(921)) - Started o.e.j.w.WebAppContext@7cc5d803{hddsDatanode,/,file:///home/runner/work/ozone/ozone/hadoop-ozone/integration-test/target/test-dir/MiniOzoneClusterImpl-af940217-b311-440f-8e09-352fdf66236b/ozone-meta/datanode-6/meta/webserver/jetty-0_0_0_0-15050-hdds-container-service-2_1_0-SNAPSHOT_jar-_-any-5285869583630753387/webapp/,AVAILABLE}{jar:file:/home/runner/work/ozone/ozone/hadoop-hdds/container-service/target/hdds-container-service-2.1.0-SNAPSHOT.jar!/webapps/hddsDatanode}
2025-05-14 02:53:35,693 [main] INFO  server.AbstractConnector (AbstractConnector.java:doStart(333)) - Started ServerConnector@661fb92c{HTTP/1.1, (http/1.1)}{0.0.0.0:15050}
2025-05-14 02:53:35,693 [main] INFO  server.Server (Server.java:doStart(415)) - Started @12513ms
2025-05-14 02:53:35,693 [main] WARN  impl.MetricsSystemImpl (MetricsSystemImpl.java:register(279)) - Sink prometheus already exists!
2025-05-14 02:53:35,693 [main] INFO  http.BaseHttpServer (BaseHttpServer.java:updateConnectorAddress(359)) - HTTP server of hddsDatanode listening at http://0.0.0.0:15050
2025-05-14 02:53:35,694 [main] INFO  ipc.CallQueueManager (CallQueueManager.java:<init>(93)) - Using callQueue: class java.util.concurrent.LinkedBlockingQueue, queueCapacity: 1000, scheduler: class org.apache.hadoop.ipc.DefaultRpcScheduler, ipcBackoff: false, ipcFailOver: false.
2025-05-14 02:53:35,694 [main] INFO  ipc.Server (Server.java:<init>(1438)) - Listener at 0.0.0.0:15051
2025-05-14 02:53:35,694 [Socket Reader #1 for port 15051] INFO  ipc.Server (Server.java:run(1474)) - Starting Socket Reader #1 for port 15051
2025-05-14 02:53:35,694 [Socket Reader #2 for port 15051] INFO  ipc.Server (Server.java:run(1474)) - Starting Socket Reader #2 for port 15051
2025-05-14 02:53:35,695 [Socket Reader #3 for port 15051] INFO  ipc.Server (Server.java:run(1474)) - Starting Socket Reader #3 for port 15051
2025-05-14 02:53:35,695 [Socket Reader #4 for port 15051] INFO  ipc.Server (Server.java:run(1474)) - Starting Socket Reader #4 for port 15051
2025-05-14 02:53:35,695 [Socket Reader #5 for port 15051] INFO  ipc.Server (Server.java:run(1474)) - Starting Socket Reader #5 for port 15051
2025-05-14 02:53:35,695 [Socket Reader #6 for port 15051] INFO  ipc.Server (Server.java:run(1474)) - Starting Socket Reader #6 for port 15051
2025-05-14 02:53:35,695 [Socket Reader #7 for port 15051] INFO  ipc.Server (Server.java:run(1474)) - Starting Socket Reader #7 for port 15051
2025-05-14 02:53:35,696 [Socket Reader #8 for port 15051] INFO  ipc.Server (Server.java:run(1474)) - Starting Socket Reader #8 for port 15051
2025-05-14 02:53:35,696 [Socket Reader #9 for port 15051] INFO  ipc.Server (Server.java:run(1474)) - Starting Socket Reader #9 for port 15051
2025-05-14 02:53:35,696 [Socket Reader #10 for port 15051] INFO  ipc.Server (Server.java:run(1474)) - Starting Socket Reader #10 for port 15051
2025-05-14 02:53:35,697 [main] INFO  ozone.HddsDatanodeService (HddsDatanodeService.java:start(325)) - Datanode start with admins: [runner]
2025-05-14 02:53:35,698 [main] INFO  ozone.HddsDatanodeClientProtocolServer (HddsDatanodeClientProtocolServer.java:start(76)) - RPC server for Client /0.0.0.0:15051
2025-05-14 02:53:35,698 [IPC Server Responder] INFO  ipc.Server (Server.java:run(1713)) - IPC Server Responder: starting
2025-05-14 02:53:35,698 [IPC Server listener on 15051] INFO  ipc.Server (Server.java:run(1553)) - IPC Server listener on 15051: starting
2025-05-14 02:53:35,700 [IPC Server handler 13 on default port 15002] INFO  net.NetworkTopologyImpl (NetworkTopologyImpl.java:add(133)) - Added a new node: /default-rack/30ccf06d-ad3c-4fb0-87c5-f3e2916d12cb
2025-05-14 02:53:35,700 [IPC Server handler 13 on default port 15002] INFO  node.SCMNodeManager (SCMNodeManager.java:register(426)) - Registered datanode: 30ccf06d-ad3c-4fb0-87c5-f3e2916d12cb{ip: 127.0.0.1, host: localhost, ports: [HTTP=15018, CLIENT_RPC=15019, REPLICATION=15025, RATIS=15021, RATIS_ADMIN=15022, RATIS_SERVER=15023, RATIS_DATASTREAM=15024, STANDALONE=15020], networkLocation: /default-rack, certSerialId: null, persistedOpState: null, persistedOpStateExpiryEpochSec: 0}
2025-05-14 02:53:35,700 [EventQueue-NodeRegistrationContainerReportForDataNodeSafeModeRule] INFO  safemode.SCMSafeModeManager (DataNodeSafeModeRule.java:process(79)) - SCM in safe mode. 2 DataNodes registered, 3 required.
2025-05-14 02:53:35,700 [EventQueue-ContainerRegistrationReportForRatisContainerSafeModeRule] INFO  safemode.SCMSafeModeManager (SCMSafeModeManager.java:validateSafeModeExitRules(140)) - RatisContainerSafeModeRule rule is successfully validated
2025-05-14 02:53:35,701 [EventQueue-PipelineReportForOneReplicaPipelineSafeModeRule] INFO  safemode.SCMSafeModeManager (SCMSafeModeManager.java:validateSafeModeExitRules(140)) - AtleastOneDatanodeReportedRule rule is successfully validated
2025-05-14 02:53:35,701 [EventQueue-NewNodeForNewNodeHandler] INFO  pipeline.BackgroundPipelineCreator (BackgroundPipelineCreator.java:notifyEventTriggered(290)) - trigger a one-shot run on RatisPipelineUtilsThread.
2025-05-14 02:53:35,701 [main] WARN  dropwizard3.Dm3MetricRegistriesImpl (Dm3MetricRegistriesImpl.java:addReporterRegistration(114)) - New reporters are added after registries were created. Some metrics will be missing from the reporter. Please add reporter before adding any new registry.
2025-05-14 02:53:35,701 [main] WARN  dropwizard3.Dm3MetricRegistriesImpl (Dm3MetricRegistriesImpl.java:addReporterRegistration(114)) - New reporters are added after registries were created. Some metrics will be missing from the reporter. Please add reporter before adding any new registry.
2025-05-14 02:53:35,701 [EventQueue-ContainerRegistrationReportForECContainerSafeModeRule] INFO  safemode.SCMSafeModeManager (SCMSafeModeManager.java:validateSafeModeExitRules(140)) - ECContainerSafeModeRule rule is successfully validated
2025-05-14 02:53:35,701 [RatisPipelineUtilsThread-0] INFO  pipeline.RatisPipelineProvider (RatisPipelineProvider.java:lambda$create$0(208)) - Sending CreatePipelineCommand for pipeline:PipelineID=bbc5bd21-e187-4ee2-8987-04e3e0189c32 to datanode:30ccf06d-ad3c-4fb0-87c5-f3e2916d12cb(localhost/127.0.0.1)
2025-05-14 02:53:35,701 [main] INFO  impl.MetricsSystemImpl (MetricsSystemImpl.java:init(158)) - HddsDatanode metrics system started (again)
2025-05-14 02:53:35,703 [c77e66e9-1cca-4fd3-bc5b-4ea2dbc3232f-DatanodeStateMachineDaemonThread] INFO  statemachine.DatanodeStateMachine (DatanodeStateMachine.java:startStateMachineThread(340)) - Ozone container server started.
2025-05-14 02:53:35,705 [1edfeee1-83e1-4d34-a92c-2e00b570784e@group-352FDF66236B-StateMachineUpdater] INFO  safemode.SCMSafeModeManager (SCMSafeModeManager.java:validateSafeModeExitRules(140)) - RatisContainerSafeModeRule rule is successfully validated
2025-05-14 02:53:35,705 [1edfeee1-83e1-4d34-a92c-2e00b570784e@group-352FDF66236B-StateMachineUpdater] INFO  safemode.HealthyPipelineSafeModeRule (HealthyPipelineSafeModeRule.java:initializeRule(173)) - Refreshed total pipeline count is 0, healthy pipeline threshold count is 1
2025-05-14 02:53:35,706 [1edfeee1-83e1-4d34-a92c-2e00b570784e@group-352FDF66236B-StateMachineUpdater] INFO  safemode.SCMSafeModeManager (SCMSafeModeManager.java:validateSafeModeExitRules(140)) - ECContainerSafeModeRule rule is successfully validated
2025-05-14 02:53:35,706 [1edfeee1-83e1-4d34-a92c-2e00b570784e@group-352FDF66236B-StateMachineUpdater] INFO  safemode.SCMSafeModeManager (SCMSafeModeManager.java:validateSafeModeExitRules(140)) - AtleastOneDatanodeReportedRule rule is successfully validated
2025-05-14 02:53:35,707 [RatisPipelineUtilsThread-0] INFO  pipeline.BackgroundPipelineCreator (BackgroundPipelineCreator.java:createPipelines(246)) - Created new pipeline Pipeline{ Id: bbc5bd21-e187-4ee2-8987-04e3e0189c32, Nodes: [ {30ccf06d-ad3c-4fb0-87c5-f3e2916d12cb(localhost/127.0.0.1), ReplicaIndex: 0},], ReplicationConfig: RATIS/ONE, State:ALLOCATED, leaderId:, CreationTimestamp2025-05-14T02:53:35.701567239Z[Etc/UTC]}
2025-05-14 02:53:35,711 [c77e66e9-1cca-4fd3-bc5b-4ea2dbc3232f-DatanodeStateMachineTaskThread-0] INFO  datanode.InitDatanodeState (InitDatanodeState.java:persistContainerDatanodeDetails(139)) - DatanodeDetails is persisted to /home/runner/work/ozone/ozone/hadoop-ozone/integration-test/target/test-dir/MiniOzoneClusterImpl-af940217-b311-440f-8e09-352fdf66236b/ozone-meta/datanode-6/meta/datanode.id
2025-05-14 02:53:35,719 [main] INFO  protocol.DatanodeDetails (DatanodeDetails.java:validateDatanodeIpAddress(199)) - Updating IP address of datanode f4f68937-1ce3-42e1-b3e7-547ae2d23d85(localhost/null) to 127.0.0.1
2025-05-14 02:53:35,719 [main] INFO  ozone.HddsDatanodeService (HddsDatanodeService.java:start(234)) - HddsDatanodeService f4f68937-1ce3-42e1-b3e7-547ae2d23d85(localhost/127.0.0.1)
2025-05-14 02:53:35,721 [main] INFO  upgrade.AbstractLayoutVersionManager (AbstractLayoutVersionManager.java:init(80)) - Initializing Layout version manager with metadata layout = HBASE_SUPPORT (version = 8), software layout = HBASE_SUPPORT (version = 8)
2025-05-14 02:53:35,722 [main] INFO  statemachine.DatanodeStateMachine (DatanodeStateMachine.java:getEndPointTaskThreadPoolSize(298)) - Datanode State Machine Task Thread Pool size 2
2025-05-14 02:53:35,725 [main] INFO  volume.HddsVolume (HddsVolume.java:<init>(158)) - HddsVolume: { id=DS-524a6dc8-8f69-4862-a09d-0d84a8bf70e7 dir=/home/runner/work/ozone/ozone/hadoop-ozone/integration-test/target/test-dir/MiniOzoneClusterImpl-af940217-b311-440f-8e09-352fdf66236b/ozone-meta/datanode-7/data-0/hdds type=DISK capacity=9222449699674390527 used=0 available=9222449699674390527 minFree=5368709120 committed=0 }
2025-05-14 02:53:35,725 [main] INFO  volume.MutableVolumeSet (MutableVolumeSet.java:initializeVolumeSet(166)) - Added Volume : /home/runner/work/ozone/ozone/hadoop-ozone/integration-test/target/test-dir/MiniOzoneClusterImpl-af940217-b311-440f-8e09-352fdf66236b/ozone-meta/datanode-7/data-0/hdds to VolumeSet
2025-05-14 02:53:35,726 [main] INFO  volume.MutableVolumeSet (MutableVolumeSet.java:initializeVolumeSet(166)) - Added Volume : /home/runner/work/ozone/ozone/hadoop-ozone/integration-test/target/test-dir/MiniOzoneClusterImpl-af940217-b311-440f-8e09-352fdf66236b/ozone-meta/datanode-7/ratis to VolumeSet
2025-05-14 02:53:35,727 [main] INFO  ozoneimpl.OzoneContainer (HddsVolumeUtil.java:loadAllHddsVolumeDbStore(102)) - Load 1 volumes DbStore cost: 0ms
2025-05-14 02:53:35,727 [main] WARN  db.DBStoreBuilder (DBStoreBuilder.java:getDBDirPath(160)) - ozone.scm.datanode.id.dir is not configured. We recommend adding this setting. Falling back to ozone.metadata.dirs instead.
2025-05-14 02:53:35,728 [main] WARN  db.DBStoreBuilder (DBStoreBuilder.java:getDBDirPath(160)) - ozone.scm.datanode.id.dir is not configured. We recommend adding this setting. Falling back to ozone.metadata.dirs instead.
2025-05-14 02:53:35,744 [main] INFO  impl.FilePerChunkStrategy (FilePerChunkStrategy.java:<init>(79)) - ozone.chunk.read.mapped.buffer.max.count is load with 0
2025-05-14 02:53:35,744 [main] INFO  impl.FilePerBlockStrategy (FilePerBlockStrategy.java:<init>(87)) - ozone.chunk.read.mapped.buffer.max.count is load with 0
2025-05-14 02:53:35,748 [main] INFO  server.RaftServerConfigKeys (ConfUtils.java:logGet(46)) - raft.server.log.appender.buffer.byte-limit = 33554432 (custom)
2025-05-14 02:53:35,750 [main] INFO  server.RaftServer (ConfUtils.java:logGet(46)) - raft.rpc.type = GRPC (default)
2025-05-14 02:53:35,750 [main] INFO  grpc.GrpcConfigKeys (ConfUtils.java:logFallback(53)) - raft.grpc.admin.host = null (fallback to raft.grpc.server.host)
2025-05-14 02:53:35,750 [main] INFO  grpc.GrpcConfigKeys (ConfUtils.java:logGet(46)) - raft.grpc.admin.port = 15062 (custom)
2025-05-14 02:53:35,750 [main] INFO  grpc.GrpcConfigKeys (ConfUtils.java:logFallback(53)) - raft.grpc.client.host = null (fallback to raft.grpc.server.host)
2025-05-14 02:53:35,750 [main] INFO  grpc.GrpcConfigKeys (ConfUtils.java:logGet(46)) - raft.grpc.client.port = 15061 (custom)
2025-05-14 02:53:35,750 [main] INFO  grpc.GrpcConfigKeys (ConfUtils.java:logGet(46)) - raft.grpc.server.host = null (default)
2025-05-14 02:53:35,750 [main] INFO  grpc.GrpcConfigKeys (ConfUtils.java:logGet(46)) - raft.grpc.server.port = 15063 (custom)
2025-05-14 02:53:35,751 [main] INFO  server.GrpcService (ConfUtils.java:logGet(46)) - raft.grpc.message.size.max = 34603008 (custom)
2025-05-14 02:53:35,751 [main] INFO  server.GrpcService (ConfUtils.java:logGet(46)) - raft.grpc.flow.control.window = 5MB (=5242880) (custom)
2025-05-14 02:53:35,751 [main] INFO  server.RaftServerConfigKeys (ConfUtils.java:logGet(46)) - raft.server.rpc.request.timeout = 3000ms (default)
2025-05-14 02:53:35,751 [main] INFO  grpc.GrpcConfigKeys (ConfUtils.java:logGet(46)) - raft.grpc.server.heartbeat.channel = true (default)
2025-05-14 02:53:35,751 [main] INFO  server.RaftServerConfigKeys (ConfUtils.java:logGet(46)) - raft.server.log.appender.buffer.byte-limit = 33554432 (custom)
2025-05-14 02:53:35,751 [main] INFO  grpc.GrpcConfigKeys (ConfUtils.java:logGet(46)) - raft.grpc.server.async.request.thread.pool.cached = true (default)
2025-05-14 02:53:35,751 [main] INFO  grpc.GrpcConfigKeys (ConfUtils.java:logGet(46)) - raft.grpc.server.async.request.thread.pool.size = 32 (default)
2025-05-14 02:53:35,753 [main] INFO  impl.DataStreamServerImpl (ConfUtils.java:logGet(46)) - raft.datastream.type = NETTY (custom)
2025-05-14 02:53:35,753 [main] INFO  server.RaftServerConfigKeys (ConfUtils.java:logGet(46)) - raft.server.data-stream.async.request.thread.pool.cached = false (default)
2025-05-14 02:53:35,754 [main] INFO  server.RaftServerConfigKeys (ConfUtils.java:logGet(46)) - raft.server.data-stream.async.request.thread.pool.size = 20 (custom)
2025-05-14 02:53:35,754 [main] INFO  server.RaftServerConfigKeys (ConfUtils.java:logGet(46)) - raft.server.data-stream.async.write.thread.pool.size = 16 (default)
2025-05-14 02:53:35,754 [main] INFO  netty.NettyConfigKeys$DataStream (ConfUtils.java:logGet(46)) - raft.netty.dataStream.server.channel.inactive.grace-period = 10min (default)
2025-05-14 02:53:35,754 [main] INFO  server.RaftServerConfigKeys (ConfUtils.java:logGet(46)) - raft.server.data-stream.client.pool.size = 10 (default)
2025-05-14 02:53:35,754 [main] INFO  netty.NettyConfigKeys$DataStream (ConfUtils.java:logGet(46)) - raft.netty.dataStream.server.use-epoll = true (default)
2025-05-14 02:53:35,754 [main] INFO  netty.NettyConfigKeys$DataStream (ConfUtils.java:logGet(46)) - raft.netty.dataStream.server.boss-group.size = 0 (default)
2025-05-14 02:53:35,754 [main] INFO  netty.NettyUtils (NettyUtils.java:newEventLoopGroup(74)) - Create EpollEventLoopGroup for f4f68937-1ce3-42e1-b3e7-547ae2d23d85-NettyServerStreamRpc-bossGroup; Thread size is 0.
2025-05-14 02:53:35,755 [main] INFO  netty.NettyConfigKeys$DataStream (ConfUtils.java:logGet(46)) - raft.netty.dataStream.server.worker-group.size = 0 (default)
2025-05-14 02:53:35,755 [main] INFO  netty.NettyUtils (NettyUtils.java:newEventLoopGroup(74)) - Create EpollEventLoopGroup for f4f68937-1ce3-42e1-b3e7-547ae2d23d85-NettyServerStreamRpc-workerGroup; Thread size is 0.
2025-05-14 02:53:35,756 [main] INFO  netty.NettyConfigKeys$DataStream (ConfUtils.java:logGet(46)) - raft.netty.dataStream.server.tls.conf = null (default)
2025-05-14 02:53:35,756 [main] INFO  netty.NettyConfigKeys$DataStream (ConfUtils.java:logGet(46)) - raft.netty.dataStream.host = null (default)
2025-05-14 02:53:35,756 [main] INFO  netty.NettyConfigKeys$DataStream (ConfUtils.java:logGet(46)) - raft.netty.dataStream.port = 15064 (custom)
2025-05-14 02:53:35,757 [main] INFO  server.RaftServerConfigKeys (ConfUtils.java:logGet(46)) - raft.server.sleep.deviation.threshold = 300ms (default)
2025-05-14 02:53:35,757 [main] INFO  server.RaftServerConfigKeys (ConfUtils.java:logGet(46)) - raft.server.close.threshold = 60s (default)
2025-05-14 02:53:35,757 [main] INFO  server.RaftServerConfigKeys (ConfUtils.java:logGet(46)) - raft.server.leaderelection.leader.step-down.wait-time = 10s (default)
2025-05-14 02:53:35,757 [main] INFO  server.RaftServerConfigKeys (ConfUtils.java:logGet(46)) - raft.server.storage.dir = [/home/runner/work/ozone/ozone/hadoop-ozone/integration-test/target/test-dir/MiniOzoneClusterImpl-af940217-b311-440f-8e09-352fdf66236b/ozone-meta/datanode-7/ratis] (custom)
2025-05-14 02:53:35,757 [main] INFO  server.RaftServerConfigKeys (ConfUtils.java:logGet(46)) - raft.server.threadpool.proxy.cached = true (default)
2025-05-14 02:53:35,757 [main] INFO  server.RaftServerConfigKeys (ConfUtils.java:logGet(46)) - raft.server.threadpool.proxy.size = 0 (default)
2025-05-14 02:53:35,758 [f4f68937-1ce3-42e1-b3e7-547ae2d23d85-NettyServerStreamRpc-bossGroup--thread1] INFO  logging.LoggingHandler (AbstractInternalLogger.java:log(148)) - [id: 0xce460091] REGISTERED
2025-05-14 02:53:35,758 [f4f68937-1ce3-42e1-b3e7-547ae2d23d85-NettyServerStreamRpc-bossGroup--thread1] INFO  logging.LoggingHandler (AbstractInternalLogger.java:log(148)) - [id: 0xce460091] BIND: 0.0.0.0/0.0.0.0:15064
2025-05-14 02:53:35,758 [f4f68937-1ce3-42e1-b3e7-547ae2d23d85-NettyServerStreamRpc-bossGroup--thread1] INFO  logging.LoggingHandler (AbstractInternalLogger.java:log(148)) - [id: 0xce460091, L:/0.0.0.0:15064] ACTIVE
2025-05-14 02:53:35,759 [f4f68937-1ce3-42e1-b3e7-547ae2d23d85-impl-thread1] INFO  server.RaftServer (RaftServerProxy.java:initGroupDir(265)) - f4f68937-1ce3-42e1-b3e7-547ae2d23d85: found a subdirectory /home/runner/work/ozone/ozone/hadoop-ozone/integration-test/target/test-dir/MiniOzoneClusterImpl-af940217-b311-440f-8e09-352fdf66236b/ozone-meta/datanode-7/ratis/tmp
2025-05-14 02:53:35,759 [f4f68937-1ce3-42e1-b3e7-547ae2d23d85-impl-thread1] INFO  server.RaftServer (RaftServerProxy.java:initGroupDir(270)) - f4f68937-1ce3-42e1-b3e7-547ae2d23d85: The directory /home/runner/work/ozone/ozone/hadoop-ozone/integration-test/target/test-dir/MiniOzoneClusterImpl-af940217-b311-440f-8e09-352fdf66236b/ozone-meta/datanode-7/ratis/tmp is not a group directory; ignoring it. 
2025-05-14 02:53:35,759 [main] INFO  replication.ReplicationServer (ReplicationServer.java:<init>(84)) - Initializing replication server with thread count = 10 queue length = 4096
2025-05-14 02:53:35,760 [main] INFO  server.XceiverServerGrpc (XceiverServerGrpc.java:<init>(131)) - GrpcServer channel type EpollServerSocketChannel
2025-05-14 02:53:35,761 [main] INFO  replication.ReplicationSupervisor (ReplicationSupervisor.java:build(169)) - Initializing replication supervisor with thread count = 10
2025-05-14 02:53:35,762 [main] INFO  replication.ReplicationSupervisor (ReplicationSupervisor.java:nodeStateUpdated(358)) - Node state updated to IN_SERVICE, scaling executor pool size to 10
2025-05-14 02:53:35,765 [d4e44fd7-0e23-4e4f-bc30-0c7965de497d-EndpointStateMachineTaskThread-/0.0.0.0:15002-0 ] INFO  utils.DatanodeStoreCache (DatanodeStoreCache.java:addDB(70)) - Added db /home/runner/work/ozone/ozone/hadoop-ozone/integration-test/target/test-dir/MiniOzoneClusterImpl-af940217-b311-440f-8e09-352fdf66236b/ozone-meta/datanode-4/data-0/hdds/af940217-b311-440f-8e09-352fdf66236b/DS-2decae38-ed21-4c86-84f1-da09da4cbb90/container.db to cache
2025-05-14 02:53:35,766 [d4e44fd7-0e23-4e4f-bc30-0c7965de497d-EndpointStateMachineTaskThread-/0.0.0.0:15002-0 ] INFO  volume.HddsVolume (HddsVolume.java:createDbStore(510)) - SchemaV3 db is created and loaded at /home/runner/work/ozone/ozone/hadoop-ozone/integration-test/target/test-dir/MiniOzoneClusterImpl-af940217-b311-440f-8e09-352fdf66236b/ozone-meta/datanode-4/data-0/hdds/af940217-b311-440f-8e09-352fdf66236b/DS-2decae38-ed21-4c86-84f1-da09da4cbb90/container.db for volume DS-2decae38-ed21-4c86-84f1-da09da4cbb90
2025-05-14 02:53:35,767 [main] INFO  http.BaseHttpServer (BaseHttpServer.java:newHttpServer2BuilderForOzone(229)) - Starting Web-server for hddsDatanode at: http://0.0.0.0:15058
2025-05-14 02:53:35,767 [main] INFO  http.BaseHttpServer (BaseHttpServer.java:<init>(107)) - Hadoop Security Enabled: false Ozone Security Enabled: false Ozone HTTP Security Enabled: false 
2025-05-14 02:53:35,769 [d4e44fd7-0e23-4e4f-bc30-0c7965de497d-ContainerReader-0] INFO  ozoneimpl.ContainerReader (ContainerReader.java:readVolume(144)) - Start to verify containers on volume /home/runner/work/ozone/ozone/hadoop-ozone/integration-test/target/test-dir/MiniOzoneClusterImpl-af940217-b311-440f-8e09-352fdf66236b/ozone-meta/datanode-4/data-0/hdds
2025-05-14 02:53:35,769 [d4e44fd7-0e23-4e4f-bc30-0c7965de497d-ContainerReader-0] INFO  ozoneimpl.ContainerReader (ContainerReader.java:readVolume(174)) - Finish verifying containers on volume /home/runner/work/ozone/ozone/hadoop-ozone/integration-test/target/test-dir/MiniOzoneClusterImpl-af940217-b311-440f-8e09-352fdf66236b/ozone-meta/datanode-4/data-0/hdds
2025-05-14 02:53:35,769 [main] WARN  server.AuthenticationFilter (AuthenticationFilter.java:constructSecretProvider(240)) - Unable to initialize FileSignerSecretProvider, falling back to use random secrets. Reason: Could not read signature secret file: /home/runner/hadoop-http-auth-signature-secret
2025-05-14 02:53:35,769 [d4e44fd7-0e23-4e4f-bc30-0c7965de497d-EndpointStateMachineTaskThread-/0.0.0.0:15002-0 ] INFO  ozoneimpl.OzoneContainer (OzoneContainer.java:buildContainerSet(364)) - Build ContainerSet costs 0s
2025-05-14 02:53:35,770 [d4e44fd7-0e23-4e4f-bc30-0c7965de497d-EndpointStateMachineTaskThread-/0.0.0.0:15002-0 ] INFO  volume.ThrottledAsyncChecker (ThrottledAsyncChecker.java:schedule(138)) - Scheduling a check for /home/runner/work/ozone/ozone/hadoop-ozone/integration-test/target/test-dir/MiniOzoneClusterImpl-af940217-b311-440f-8e09-352fdf66236b/ozone-meta/datanode-4/data-0/hdds
2025-05-14 02:53:35,771 [d4e44fd7-0e23-4e4f-bc30-0c7965de497d-EndpointStateMachineTaskThread-/0.0.0.0:15002-0 ] INFO  volume.StorageVolumeChecker (StorageVolumeChecker.java:checkAllVolumes(215)) - Scheduled health check for volume /home/runner/work/ozone/ozone/hadoop-ozone/integration-test/target/test-dir/MiniOzoneClusterImpl-af940217-b311-440f-8e09-352fdf66236b/ozone-meta/datanode-4/data-0/hdds
2025-05-14 02:53:35,773 [main] INFO  http.HttpServer2 (HttpServer2.java:addGlobalFilter(1042)) - Added global filter 'safety' (class=org.apache.hadoop.hdds.server.http.HttpServer2$QuotingInputFilter)
2025-05-14 02:53:35,774 [main] INFO  http.HttpServer2 (HttpServer2.java:addFilter(1018)) - Added filter static_user_filter (class=org.apache.hadoop.http.lib.StaticUserWebFilter$StaticUserFilter) to context hddsDatanode
2025-05-14 02:53:35,774 [main] INFO  http.HttpServer2 (HttpServer2.java:addFilter(1026)) - Added filter static_user_filter (class=org.apache.hadoop.http.lib.StaticUserWebFilter$StaticUserFilter) to context logs
2025-05-14 02:53:35,774 [main] INFO  http.HttpServer2 (HttpServer2.java:addFilter(1026)) - Added filter static_user_filter (class=org.apache.hadoop.http.lib.StaticUserWebFilter$StaticUserFilter) to context static
2025-05-14 02:53:35,775 [d4e44fd7-0e23-4e4f-bc30-0c7965de497d-EndpointStateMachineTaskThread-/0.0.0.0:15002-0 ] INFO  volume.ThrottledAsyncChecker (ThrottledAsyncChecker.java:schedule(138)) - Scheduling a check for /home/runner/work/ozone/ozone/hadoop-ozone/integration-test/target/test-dir/MiniOzoneClusterImpl-af940217-b311-440f-8e09-352fdf66236b/ozone-meta/datanode-4/ratis
2025-05-14 02:53:35,775 [d4e44fd7-0e23-4e4f-bc30-0c7965de497d-EndpointStateMachineTaskThread-/0.0.0.0:15002-0 ] INFO  volume.StorageVolumeChecker (StorageVolumeChecker.java:checkAllVolumes(215)) - Scheduled health check for volume /home/runner/work/ozone/ozone/hadoop-ozone/integration-test/target/test-dir/MiniOzoneClusterImpl-af940217-b311-440f-8e09-352fdf66236b/ozone-meta/datanode-4/ratis
2025-05-14 02:53:35,775 [main] INFO  http.BaseHttpServer (BaseHttpServer.java:<init>(195)) - HTTP server of hddsDatanode uses base directory /home/runner/work/ozone/ozone/hadoop-ozone/integration-test/target/test-dir/MiniOzoneClusterImpl-af940217-b311-440f-8e09-352fdf66236b/ozone-meta/datanode-7/meta/webserver
2025-05-14 02:53:35,776 [main] INFO  http.HttpServer2 (HttpServer2.java:bindListener(1242)) - Jetty bound to port 15058
2025-05-14 02:53:35,776 [main] INFO  server.Server (Server.java:doStart(375)) - jetty-9.4.57.v20241219; built: 2025-01-08T21:24:30.412Z; git: df524e6b29271c2e09ba9aea83c18dc9db464a31; jvm 21.0.7+6-LTS
2025-05-14 02:53:35,776 [d4e44fd7-0e23-4e4f-bc30-0c7965de497d-EndpointStateMachineTaskThread-/0.0.0.0:15002-0 ] INFO  ozoneimpl.OzoneContainer (OzoneContainer.java:start(512)) - Attempting to start container services.
2025-05-14 02:53:35,776 [d4e44fd7-0e23-4e4f-bc30-0c7965de497d-EndpointStateMachineTaskThread-/0.0.0.0:15002-0 ] WARN  ozoneimpl.OnDemandContainerDataScanner (OnDemandContainerDataScanner.java:init(74)) - Trying to initialize on demand scanner a second time on a datanode.
2025-05-14 02:53:35,777 [ContainerMetadataScanner] INFO  ozoneimpl.AbstractBackgroundContainerScanner (AbstractBackgroundContainerScanner.java:runIteration(89)) - Completed an iteration in 0 minutes. Number of iterations (since the data-node restart) : 1, Number of containers scanned in this iteration : 0, Number of unhealthy containers found in this iteration : 0
2025-05-14 02:53:35,777 [ContainerDataScanner(/home/runner/work/ozone/ozone/hadoop-ozone/integration-test/target/test-dir/MiniOzoneClusterImpl-af940217-b311-440f-8e09-352fdf66236b/ozone-meta/datanode-4/data-0/hdds)] INFO  ozoneimpl.AbstractBackgroundContainerScanner (AbstractBackgroundContainerScanner.java:runIteration(89)) - Completed an iteration in 0 minutes. Number of iterations (since the data-node restart) : 1, Number of containers scanned in this iteration : 0, Number of unhealthy containers found in this iteration : 0
2025-05-14 02:53:35,778 [d4e44fd7-0e23-4e4f-bc30-0c7965de497d-EndpointStateMachineTaskThread-/0.0.0.0:15002-0 ] INFO  replication.ReplicationServer (ReplicationServer.java:start(137)) - ReplicationServer is started using port 15041
2025-05-14 02:53:35,778 [main] INFO  server.session (DefaultSessionIdManager.java:doStart(334)) - DefaultSessionIdManager workerName=node0
2025-05-14 02:53:35,779 [main] INFO  server.session (DefaultSessionIdManager.java:doStart(339)) - No SessionScavenger set, using defaults
2025-05-14 02:53:35,779 [main] INFO  server.session (HouseKeeper.java:startScavenging(132)) - node0 Scavenging every 600000ms
2025-05-14 02:53:35,779 [d4e44fd7-0e23-4e4f-bc30-0c7965de497d-EndpointStateMachineTaskThread-/0.0.0.0:15002-0 ] INFO  ratis.XceiverServerRatis (XceiverServerRatis.java:start(559)) - Starting XceiverServerRatis(d4e44fd7-0e23-4e4f-bc30-0c7965de497d)
2025-05-14 02:53:35,779 [main] INFO  handler.ContextHandler (ContextHandler.java:doStart(921)) - Started o.e.j.s.ServletContextHandler@1456ada1{logs,/logs,file:///home/runner/work/ozone/ozone/hadoop-ozone/integration-test/target/log,AVAILABLE}
2025-05-14 02:53:35,780 [main] INFO  handler.ContextHandler (ContextHandler.java:doStart(921)) - Started o.e.j.s.ServletContextHandler@1e09f286{static,/static,jar:file:/home/runner/work/ozone/ozone/hadoop-hdds/container-service/target/hdds-container-service-2.1.0-SNAPSHOT.jar!/webapps/static,AVAILABLE}
2025-05-14 02:53:35,780 [d4e44fd7-0e23-4e4f-bc30-0c7965de497d-EndpointStateMachineTaskThread-/0.0.0.0:15002-0 ] INFO  server.RaftServer (RaftServerProxy.java:startImpl(407)) - d4e44fd7-0e23-4e4f-bc30-0c7965de497d: start RPC server
2025-05-14 02:53:35,781 [d4e44fd7-0e23-4e4f-bc30-0c7965de497d-EndpointStateMachineTaskThread-/0.0.0.0:15002-0 ] INFO  server.GrpcService (GrpcService.java:startImpl(334)) - d4e44fd7-0e23-4e4f-bc30-0c7965de497d: GrpcService started, listening on 15037
2025-05-14 02:53:35,781 [d4e44fd7-0e23-4e4f-bc30-0c7965de497d-EndpointStateMachineTaskThread-/0.0.0.0:15002-0 ] INFO  server.GrpcService (GrpcService.java:startImpl(334)) - d4e44fd7-0e23-4e4f-bc30-0c7965de497d: GrpcService started, listening on 15039
2025-05-14 02:53:35,781 [d4e44fd7-0e23-4e4f-bc30-0c7965de497d-EndpointStateMachineTaskThread-/0.0.0.0:15002-0 ] INFO  server.GrpcService (GrpcService.java:startImpl(334)) - d4e44fd7-0e23-4e4f-bc30-0c7965de497d: GrpcService started, listening on 15038
2025-05-14 02:53:35,782 [JvmPauseMonitor6] INFO  util.JvmPauseMonitor (JvmPauseMonitor.java:run(146)) - JvmPauseMonitor-d4e44fd7-0e23-4e4f-bc30-0c7965de497d: Started
2025-05-14 02:53:35,782 [d4e44fd7-0e23-4e4f-bc30-0c7965de497d-EndpointStateMachineTaskThread-/0.0.0.0:15002-0 ] INFO  ratis.XceiverServerRatis (XceiverServerRatis.java:getRealPort(586)) - XceiverServerRatis(d4e44fd7-0e23-4e4f-bc30-0c7965de497d) is started using port RATIS=15037
2025-05-14 02:53:35,782 [d4e44fd7-0e23-4e4f-bc30-0c7965de497d-EndpointStateMachineTaskThread-/0.0.0.0:15002-0 ] INFO  ratis.XceiverServerRatis (XceiverServerRatis.java:getRealPort(586)) - XceiverServerRatis(d4e44fd7-0e23-4e4f-bc30-0c7965de497d) is started using port RATIS_ADMIN=15038
2025-05-14 02:53:35,782 [d4e44fd7-0e23-4e4f-bc30-0c7965de497d-EndpointStateMachineTaskThread-/0.0.0.0:15002-0 ] INFO  ratis.XceiverServerRatis (XceiverServerRatis.java:getRealPort(586)) - XceiverServerRatis(d4e44fd7-0e23-4e4f-bc30-0c7965de497d) is started using port RATIS_SERVER=15039
2025-05-14 02:53:35,782 [d4e44fd7-0e23-4e4f-bc30-0c7965de497d-EndpointStateMachineTaskThread-/0.0.0.0:15002-0 ] INFO  ratis.XceiverServerRatis (XceiverServerRatis.java:getRealPort(586)) - XceiverServerRatis(d4e44fd7-0e23-4e4f-bc30-0c7965de497d) is started using port RATIS_DATASTREAM=15040
2025-05-14 02:53:35,783 [d4e44fd7-0e23-4e4f-bc30-0c7965de497d-BlockDeletingService#0] INFO  interfaces.ContainerDeletionChoosingPolicyTemplate (ContainerDeletionChoosingPolicyTemplate.java:chooseContainerForBlockDeletion(83)) - Chosen 0/5000 blocks from 0 candidate containers.
2025-05-14 02:53:35,926 [main] INFO  handler.ContextHandler (ContextHandler.java:doStart(921)) - Started o.e.j.w.WebAppContext@2d01c709{hddsDatanode,/,file:///home/runner/work/ozone/ozone/hadoop-ozone/integration-test/target/test-dir/MiniOzoneClusterImpl-af940217-b311-440f-8e09-352fdf66236b/ozone-meta/datanode-7/meta/webserver/jetty-0_0_0_0-15058-hdds-container-service-2_1_0-SNAPSHOT_jar-_-any-11895215694468880324/webapp/,AVAILABLE}{jar:file:/home/runner/work/ozone/ozone/hadoop-hdds/container-service/target/hdds-container-service-2.1.0-SNAPSHOT.jar!/webapps/hddsDatanode}
2025-05-14 02:53:35,927 [main] INFO  server.AbstractConnector (AbstractConnector.java:doStart(333)) - Started ServerConnector@431dc52b{HTTP/1.1, (http/1.1)}{0.0.0.0:15058}
2025-05-14 02:53:35,927 [main] INFO  server.Server (Server.java:doStart(415)) - Started @12747ms
2025-05-14 02:53:35,927 [main] WARN  impl.MetricsSystemImpl (MetricsSystemImpl.java:register(279)) - Sink prometheus already exists!
2025-05-14 02:53:35,928 [main] INFO  http.BaseHttpServer (BaseHttpServer.java:updateConnectorAddress(359)) - HTTP server of hddsDatanode listening at http://0.0.0.0:15058
2025-05-14 02:53:35,928 [main] INFO  ipc.CallQueueManager (CallQueueManager.java:<init>(93)) - Using callQueue: class java.util.concurrent.LinkedBlockingQueue, queueCapacity: 1000, scheduler: class org.apache.hadoop.ipc.DefaultRpcScheduler, ipcBackoff: false, ipcFailOver: false.
2025-05-14 02:53:35,928 [main] INFO  ipc.Server (Server.java:<init>(1438)) - Listener at 0.0.0.0:15059
2025-05-14 02:53:35,928 [Socket Reader #1 for port 15059] INFO  ipc.Server (Server.java:run(1474)) - Starting Socket Reader #1 for port 15059
2025-05-14 02:53:35,929 [Socket Reader #2 for port 15059] INFO  ipc.Server (Server.java:run(1474)) - Starting Socket Reader #2 for port 15059
2025-05-14 02:53:35,929 [Socket Reader #3 for port 15059] INFO  ipc.Server (Server.java:run(1474)) - Starting Socket Reader #3 for port 15059
2025-05-14 02:53:35,929 [Socket Reader #4 for port 15059] INFO  ipc.Server (Server.java:run(1474)) - Starting Socket Reader #4 for port 15059
2025-05-14 02:53:35,929 [Socket Reader #5 for port 15059] INFO  ipc.Server (Server.java:run(1474)) - Starting Socket Reader #5 for port 15059
2025-05-14 02:53:35,929 [Socket Reader #6 for port 15059] INFO  ipc.Server (Server.java:run(1474)) - Starting Socket Reader #6 for port 15059
2025-05-14 02:53:35,930 [Socket Reader #7 for port 15059] INFO  ipc.Server (Server.java:run(1474)) - Starting Socket Reader #7 for port 15059
2025-05-14 02:53:35,930 [Socket Reader #8 for port 15059] INFO  ipc.Server (Server.java:run(1474)) - Starting Socket Reader #8 for port 15059
2025-05-14 02:53:35,930 [Socket Reader #9 for port 15059] INFO  ipc.Server (Server.java:run(1474)) - Starting Socket Reader #9 for port 15059
2025-05-14 02:53:35,930 [Socket Reader #10 for port 15059] INFO  ipc.Server (Server.java:run(1474)) - Starting Socket Reader #10 for port 15059
2025-05-14 02:53:35,932 [main] INFO  ozone.HddsDatanodeService (HddsDatanodeService.java:start(325)) - Datanode start with admins: [runner]
2025-05-14 02:53:35,932 [main] INFO  ozone.HddsDatanodeClientProtocolServer (HddsDatanodeClientProtocolServer.java:start(76)) - RPC server for Client /0.0.0.0:15059
2025-05-14 02:53:35,932 [IPC Server Responder] INFO  ipc.Server (Server.java:run(1713)) - IPC Server Responder: starting
2025-05-14 02:53:35,932 [IPC Server listener on 15059] INFO  ipc.Server (Server.java:run(1553)) - IPC Server listener on 15059: starting
2025-05-14 02:53:35,934 [main] WARN  dropwizard3.Dm3MetricRegistriesImpl (Dm3MetricRegistriesImpl.java:addReporterRegistration(114)) - New reporters are added after registries were created. Some metrics will be missing from the reporter. Please add reporter before adding any new registry.
2025-05-14 02:53:35,934 [main] WARN  dropwizard3.Dm3MetricRegistriesImpl (Dm3MetricRegistriesImpl.java:addReporterRegistration(114)) - New reporters are added after registries were created. Some metrics will be missing from the reporter. Please add reporter before adding any new registry.
2025-05-14 02:53:35,934 [main] INFO  impl.MetricsSystemImpl (MetricsSystemImpl.java:init(158)) - HddsDatanode metrics system started (again)
2025-05-14 02:53:35,935 [f4f68937-1ce3-42e1-b3e7-547ae2d23d85-DatanodeStateMachineDaemonThread] INFO  statemachine.DatanodeStateMachine (DatanodeStateMachine.java:startStateMachineThread(340)) - Ozone container server started.
2025-05-14 02:53:35,940 [f4f68937-1ce3-42e1-b3e7-547ae2d23d85-DatanodeStateMachineTaskThread-0] INFO  datanode.InitDatanodeState (InitDatanodeState.java:persistContainerDatanodeDetails(139)) - DatanodeDetails is persisted to /home/runner/work/ozone/ozone/hadoop-ozone/integration-test/target/test-dir/MiniOzoneClusterImpl-af940217-b311-440f-8e09-352fdf66236b/ozone-meta/datanode-7/meta/datanode.id
2025-05-14 02:53:35,947 [main] INFO  protocol.DatanodeDetails (DatanodeDetails.java:validateDatanodeIpAddress(199)) - Updating IP address of datanode 8e51993b-4f71-45b0-84f2-cf37ffbd2099(localhost/null) to 127.0.0.1
2025-05-14 02:53:35,948 [main] INFO  ozone.HddsDatanodeService (HddsDatanodeService.java:start(234)) - HddsDatanodeService 8e51993b-4f71-45b0-84f2-cf37ffbd2099(localhost/127.0.0.1)
2025-05-14 02:53:35,950 [main] INFO  upgrade.AbstractLayoutVersionManager (AbstractLayoutVersionManager.java:init(80)) - Initializing Layout version manager with metadata layout = HBASE_SUPPORT (version = 8), software layout = HBASE_SUPPORT (version = 8)
2025-05-14 02:53:35,950 [main] INFO  statemachine.DatanodeStateMachine (DatanodeStateMachine.java:getEndPointTaskThreadPoolSize(298)) - Datanode State Machine Task Thread Pool size 2
2025-05-14 02:53:35,953 [main] INFO  volume.HddsVolume (HddsVolume.java:<init>(158)) - HddsVolume: { id=DS-b160878d-f701-4368-a0a8-fee78eb2ec3d dir=/home/runner/work/ozone/ozone/hadoop-ozone/integration-test/target/test-dir/MiniOzoneClusterImpl-af940217-b311-440f-8e09-352fdf66236b/ozone-meta/datanode-8/data-0/hdds type=DISK capacity=9222449699674390527 used=0 available=9222449699674390527 minFree=5368709120 committed=0 }
2025-05-14 02:53:35,953 [main] INFO  volume.MutableVolumeSet (MutableVolumeSet.java:initializeVolumeSet(166)) - Added Volume : /home/runner/work/ozone/ozone/hadoop-ozone/integration-test/target/test-dir/MiniOzoneClusterImpl-af940217-b311-440f-8e09-352fdf66236b/ozone-meta/datanode-8/data-0/hdds to VolumeSet
2025-05-14 02:53:35,955 [main] INFO  volume.MutableVolumeSet (MutableVolumeSet.java:initializeVolumeSet(166)) - Added Volume : /home/runner/work/ozone/ozone/hadoop-ozone/integration-test/target/test-dir/MiniOzoneClusterImpl-af940217-b311-440f-8e09-352fdf66236b/ozone-meta/datanode-8/ratis to VolumeSet
2025-05-14 02:53:35,955 [main] INFO  ozoneimpl.OzoneContainer (HddsVolumeUtil.java:loadAllHddsVolumeDbStore(102)) - Load 1 volumes DbStore cost: 1ms
2025-05-14 02:53:35,956 [main] WARN  db.DBStoreBuilder (DBStoreBuilder.java:getDBDirPath(160)) - ozone.scm.datanode.id.dir is not configured. We recommend adding this setting. Falling back to ozone.metadata.dirs instead.
2025-05-14 02:53:35,961 [IPC Server handler 14 on default port 15002] INFO  net.NetworkTopologyImpl (NetworkTopologyImpl.java:add(133)) - Added a new node: /default-rack/0e2e4ad1-578a-45fc-a8c2-41affcffb7b9
2025-05-14 02:53:35,962 [IPC Server handler 14 on default port 15002] INFO  node.SCMNodeManager (SCMNodeManager.java:register(426)) - Registered datanode: 0e2e4ad1-578a-45fc-a8c2-41affcffb7b9{ip: 127.0.0.1, host: localhost, ports: [HTTP=15026, CLIENT_RPC=15027, REPLICATION=15033, RATIS=15029, RATIS_ADMIN=15030, RATIS_SERVER=15031, RATIS_DATASTREAM=15032, STANDALONE=15028], networkLocation: /default-rack, certSerialId: null, persistedOpState: null, persistedOpStateExpiryEpochSec: 0}
2025-05-14 02:53:35,962 [EventQueue-PipelineReportForOneReplicaPipelineSafeModeRule] INFO  safemode.SCMSafeModeManager (SCMSafeModeManager.java:validateSafeModeExitRules(140)) - AtleastOneDatanodeReportedRule rule is successfully validated
2025-05-14 02:53:35,962 [EventQueue-NewNodeForNewNodeHandler] INFO  pipeline.BackgroundPipelineCreator (BackgroundPipelineCreator.java:notifyEventTriggered(290)) - trigger a one-shot run on RatisPipelineUtilsThread.
2025-05-14 02:53:35,962 [EventQueue-NodeRegistrationContainerReportForDataNodeSafeModeRule] INFO  safemode.SCMSafeModeManager (DataNodeSafeModeRule.java:process(79)) - SCM in safe mode. 3 DataNodes registered, 3 required.
2025-05-14 02:53:35,962 [EventQueue-NodeRegistrationContainerReportForDataNodeSafeModeRule] INFO  safemode.SCMSafeModeManager (SCMSafeModeManager.java:validateSafeModeExitRules(140)) - DataNodeSafeModeRule rule is successfully validated
2025-05-14 02:53:35,963 [EventQueue-NodeRegistrationContainerReportForDataNodeSafeModeRule] INFO  safemode.SCMSafeModeManager (SCMSafeModeManager.java:completePreCheck(167)) - All SCM safe mode pre check rules have passed
2025-05-14 02:53:35,964 [EventQueue-NodeRegistrationContainerReportForDataNodeSafeModeRule] INFO  ha.SCMContext (SCMContext.java:updateSafeModeStatus(224)) - Update SafeModeStatus from SafeModeStatus{safeModeStatus=true, preCheckPassed=false} to SafeModeStatus{safeModeStatus=true, preCheckPassed=true}.
2025-05-14 02:53:35,964 [EventQueue-NodeRegistrationContainerReportForDataNodeSafeModeRule] INFO  pipeline.BackgroundPipelineCreator (BackgroundPipelineCreator.java:notifyEventTriggered(290)) - trigger a one-shot run on RatisPipelineUtilsThread.
2025-05-14 02:53:35,965 [RatisPipelineUtilsThread-0] INFO  pipeline.RatisPipelineProvider (RatisPipelineProvider.java:lambda$create$0(208)) - Sending CreatePipelineCommand for pipeline:PipelineID=974e1e0d-edeb-4ad4-b1a3-eaa30ec3c5aa to datanode:0e2e4ad1-578a-45fc-a8c2-41affcffb7b9(localhost/127.0.0.1)
2025-05-14 02:53:35,965 [EventQueue-ContainerRegistrationReportForRatisContainerSafeModeRule] INFO  safemode.SCMSafeModeManager (SCMSafeModeManager.java:validateSafeModeExitRules(140)) - RatisContainerSafeModeRule rule is successfully validated
2025-05-14 02:53:35,965 [EventQueue-ContainerRegistrationReportForECContainerSafeModeRule] INFO  safemode.SCMSafeModeManager (SCMSafeModeManager.java:validateSafeModeExitRules(140)) - ECContainerSafeModeRule rule is successfully validated
2025-05-14 02:53:35,966 [main] WARN  db.DBStoreBuilder (DBStoreBuilder.java:getDBDirPath(160)) - ozone.scm.datanode.id.dir is not configured. We recommend adding this setting. Falling back to ozone.metadata.dirs instead.
2025-05-14 02:53:35,969 [1edfeee1-83e1-4d34-a92c-2e00b570784e@group-352FDF66236B-StateMachineUpdater] INFO  safemode.SCMSafeModeManager (SCMSafeModeManager.java:validateSafeModeExitRules(140)) - DataNodeSafeModeRule rule is successfully validated
2025-05-14 02:53:35,969 [1edfeee1-83e1-4d34-a92c-2e00b570784e@group-352FDF66236B-StateMachineUpdater] INFO  safemode.SCMSafeModeManager (SCMSafeModeManager.java:validateSafeModeExitRules(140)) - RatisContainerSafeModeRule rule is successfully validated
2025-05-14 02:53:35,969 [1edfeee1-83e1-4d34-a92c-2e00b570784e@group-352FDF66236B-StateMachineUpdater] INFO  safemode.HealthyPipelineSafeModeRule (HealthyPipelineSafeModeRule.java:initializeRule(173)) - Refreshed total pipeline count is 0, healthy pipeline threshold count is 1
2025-05-14 02:53:35,969 [1edfeee1-83e1-4d34-a92c-2e00b570784e@group-352FDF66236B-StateMachineUpdater] INFO  safemode.SCMSafeModeManager (SCMSafeModeManager.java:validateSafeModeExitRules(140)) - ECContainerSafeModeRule rule is successfully validated
2025-05-14 02:53:35,969 [1edfeee1-83e1-4d34-a92c-2e00b570784e@group-352FDF66236B-StateMachineUpdater] INFO  safemode.SCMSafeModeManager (SCMSafeModeManager.java:validateSafeModeExitRules(140)) - AtleastOneDatanodeReportedRule rule is successfully validated
2025-05-14 02:53:35,970 [RatisPipelineUtilsThread-0] INFO  pipeline.BackgroundPipelineCreator (BackgroundPipelineCreator.java:createPipelines(246)) - Created new pipeline Pipeline{ Id: 974e1e0d-edeb-4ad4-b1a3-eaa30ec3c5aa, Nodes: [ {0e2e4ad1-578a-45fc-a8c2-41affcffb7b9(localhost/127.0.0.1), ReplicaIndex: 0},], ReplicationConfig: RATIS/ONE, State:ALLOCATED, leaderId:, CreationTimestamp2025-05-14T02:53:35.965160739Z[Etc/UTC]}
2025-05-14 02:53:35,974 [RatisPipelineUtilsThread-0] INFO  pipeline.RatisPipelineProvider (RatisPipelineProvider.java:lambda$create$0(208)) - Sending CreatePipelineCommand for pipeline:PipelineID=664cf085-c235-4252-8b1c-88043da95cfb to datanode:0e2e4ad1-578a-45fc-a8c2-41affcffb7b9(localhost/127.0.0.1)
2025-05-14 02:53:35,975 [RatisPipelineUtilsThread-0] INFO  pipeline.RatisPipelineProvider (RatisPipelineProvider.java:lambda$create$0(208)) - Sending CreatePipelineCommand for pipeline:PipelineID=664cf085-c235-4252-8b1c-88043da95cfb to datanode:30ccf06d-ad3c-4fb0-87c5-f3e2916d12cb(localhost/127.0.0.1)
2025-05-14 02:53:35,975 [RatisPipelineUtilsThread-0] INFO  pipeline.RatisPipelineProvider (RatisPipelineProvider.java:lambda$create$0(208)) - Sending CreatePipelineCommand for pipeline:PipelineID=664cf085-c235-4252-8b1c-88043da95cfb to datanode:f8181075-ae63-407a-b17c-78185f7d70dd(localhost/127.0.0.1)
2025-05-14 02:53:35,980 [1edfeee1-83e1-4d34-a92c-2e00b570784e@group-352FDF66236B-StateMachineUpdater] INFO  safemode.SCMSafeModeManager (SCMSafeModeManager.java:validateSafeModeExitRules(140)) - DataNodeSafeModeRule rule is successfully validated
2025-05-14 02:53:35,980 [1edfeee1-83e1-4d34-a92c-2e00b570784e@group-352FDF66236B-StateMachineUpdater] INFO  safemode.SCMSafeModeManager (SCMSafeModeManager.java:validateSafeModeExitRules(140)) - RatisContainerSafeModeRule rule is successfully validated
2025-05-14 02:53:35,980 [1edfeee1-83e1-4d34-a92c-2e00b570784e@group-352FDF66236B-StateMachineUpdater] INFO  safemode.HealthyPipelineSafeModeRule (HealthyPipelineSafeModeRule.java:initializeRule(173)) - Refreshed total pipeline count is 0, healthy pipeline threshold count is 1
2025-05-14 02:53:35,980 [1edfeee1-83e1-4d34-a92c-2e00b570784e@group-352FDF66236B-StateMachineUpdater] INFO  safemode.SCMSafeModeManager (SCMSafeModeManager.java:validateSafeModeExitRules(140)) - ECContainerSafeModeRule rule is successfully validated
2025-05-14 02:53:35,980 [1edfeee1-83e1-4d34-a92c-2e00b570784e@group-352FDF66236B-StateMachineUpdater] INFO  safemode.SCMSafeModeManager (SCMSafeModeManager.java:validateSafeModeExitRules(140)) - AtleastOneDatanodeReportedRule rule is successfully validated
2025-05-14 02:53:35,982 [RatisPipelineUtilsThread-0] INFO  pipeline.BackgroundPipelineCreator (BackgroundPipelineCreator.java:createPipelines(246)) - Created new pipeline Pipeline{ Id: 664cf085-c235-4252-8b1c-88043da95cfb, Nodes: [ {0e2e4ad1-578a-45fc-a8c2-41affcffb7b9(localhost/127.0.0.1), ReplicaIndex: 0}, {30ccf06d-ad3c-4fb0-87c5-f3e2916d12cb(localhost/127.0.0.1), ReplicaIndex: 0}, {f8181075-ae63-407a-b17c-78185f7d70dd(localhost/127.0.0.1), ReplicaIndex: 0},], ReplicationConfig: RATIS/THREE, State:ALLOCATED, leaderId:, CreationTimestamp2025-05-14T02:53:35.974878169Z[Etc/UTC]}
2025-05-14 02:53:35,983 [RatisPipelineUtilsThread-0] INFO  pipeline.RatisPipelineProvider (RatisPipelineProvider.java:lambda$create$0(208)) - Sending CreatePipelineCommand for pipeline:PipelineID=babd74b3-e02d-4bf5-8eae-9f6c3e39a650 to datanode:0e2e4ad1-578a-45fc-a8c2-41affcffb7b9(localhost/127.0.0.1)
2025-05-14 02:53:35,983 [RatisPipelineUtilsThread-0] INFO  pipeline.RatisPipelineProvider (RatisPipelineProvider.java:lambda$create$0(208)) - Sending CreatePipelineCommand for pipeline:PipelineID=babd74b3-e02d-4bf5-8eae-9f6c3e39a650 to datanode:f8181075-ae63-407a-b17c-78185f7d70dd(localhost/127.0.0.1)
2025-05-14 02:53:35,983 [RatisPipelineUtilsThread-0] INFO  pipeline.RatisPipelineProvider (RatisPipelineProvider.java:lambda$create$0(208)) - Sending CreatePipelineCommand for pipeline:PipelineID=babd74b3-e02d-4bf5-8eae-9f6c3e39a650 to datanode:30ccf06d-ad3c-4fb0-87c5-f3e2916d12cb(localhost/127.0.0.1)
2025-05-14 02:53:35,987 [main] INFO  impl.FilePerChunkStrategy (FilePerChunkStrategy.java:<init>(79)) - ozone.chunk.read.mapped.buffer.max.count is load with 0
2025-05-14 02:53:35,987 [main] INFO  impl.FilePerBlockStrategy (FilePerBlockStrategy.java:<init>(87)) - ozone.chunk.read.mapped.buffer.max.count is load with 0
2025-05-14 02:53:35,987 [1edfeee1-83e1-4d34-a92c-2e00b570784e@group-352FDF66236B-StateMachineUpdater] INFO  safemode.SCMSafeModeManager (SCMSafeModeManager.java:validateSafeModeExitRules(140)) - DataNodeSafeModeRule rule is successfully validated
2025-05-14 02:53:35,987 [1edfeee1-83e1-4d34-a92c-2e00b570784e@group-352FDF66236B-StateMachineUpdater] INFO  safemode.SCMSafeModeManager (SCMSafeModeManager.java:validateSafeModeExitRules(140)) - RatisContainerSafeModeRule rule is successfully validated
2025-05-14 02:53:35,988 [1edfeee1-83e1-4d34-a92c-2e00b570784e@group-352FDF66236B-StateMachineUpdater] INFO  safemode.HealthyPipelineSafeModeRule (HealthyPipelineSafeModeRule.java:initializeRule(173)) - Refreshed total pipeline count is 0, healthy pipeline threshold count is 1
2025-05-14 02:53:35,988 [1edfeee1-83e1-4d34-a92c-2e00b570784e@group-352FDF66236B-StateMachineUpdater] INFO  safemode.SCMSafeModeManager (SCMSafeModeManager.java:validateSafeModeExitRules(140)) - ECContainerSafeModeRule rule is successfully validated
2025-05-14 02:53:35,988 [1edfeee1-83e1-4d34-a92c-2e00b570784e@group-352FDF66236B-StateMachineUpdater] INFO  safemode.SCMSafeModeManager (SCMSafeModeManager.java:validateSafeModeExitRules(140)) - AtleastOneDatanodeReportedRule rule is successfully validated
2025-05-14 02:53:35,988 [RatisPipelineUtilsThread-0] INFO  pipeline.PipelineManagerImpl (PipelineManagerImpl.java:recordMetricsForPipeline(907)) - Pipeline: PipelineID=babd74b3-e02d-4bf5-8eae-9f6c3e39a650 contains same datanodes as previous pipelines: PipelineID=664cf085-c235-4252-8b1c-88043da95cfb nodeIds: 0e2e4ad1-578a-45fc-a8c2-41affcffb7b9, f8181075-ae63-407a-b17c-78185f7d70dd, 30ccf06d-ad3c-4fb0-87c5-f3e2916d12cb
2025-05-14 02:53:35,988 [RatisPipelineUtilsThread-0] INFO  pipeline.BackgroundPipelineCreator (BackgroundPipelineCreator.java:createPipelines(246)) - Created new pipeline Pipeline{ Id: babd74b3-e02d-4bf5-8eae-9f6c3e39a650, Nodes: [ {0e2e4ad1-578a-45fc-a8c2-41affcffb7b9(localhost/127.0.0.1), ReplicaIndex: 0}, {f8181075-ae63-407a-b17c-78185f7d70dd(localhost/127.0.0.1), ReplicaIndex: 0}, {30ccf06d-ad3c-4fb0-87c5-f3e2916d12cb(localhost/127.0.0.1), ReplicaIndex: 0},], ReplicationConfig: RATIS/THREE, State:ALLOCATED, leaderId:, CreationTimestamp2025-05-14T02:53:35.983240686Z[Etc/UTC]}
2025-05-14 02:53:35,989 [main] INFO  server.RaftServerConfigKeys (ConfUtils.java:logGet(46)) - raft.server.log.appender.buffer.byte-limit = 33554432 (custom)
2025-05-14 02:53:35,991 [main] INFO  server.RaftServer (ConfUtils.java:logGet(46)) - raft.rpc.type = GRPC (default)
2025-05-14 02:53:35,991 [main] INFO  grpc.GrpcConfigKeys (ConfUtils.java:logFallback(53)) - raft.grpc.admin.host = null (fallback to raft.grpc.server.host)
2025-05-14 02:53:35,991 [main] INFO  grpc.GrpcConfigKeys (ConfUtils.java:logGet(46)) - raft.grpc.admin.port = 15070 (custom)
2025-05-14 02:53:35,991 [main] INFO  grpc.GrpcConfigKeys (ConfUtils.java:logFallback(53)) - raft.grpc.client.host = null (fallback to raft.grpc.server.host)
2025-05-14 02:53:35,991 [main] INFO  grpc.GrpcConfigKeys (ConfUtils.java:logGet(46)) - raft.grpc.client.port = 15069 (custom)
2025-05-14 02:53:35,992 [main] INFO  grpc.GrpcConfigKeys (ConfUtils.java:logGet(46)) - raft.grpc.server.host = null (default)
2025-05-14 02:53:35,992 [main] INFO  grpc.GrpcConfigKeys (ConfUtils.java:logGet(46)) - raft.grpc.server.port = 15071 (custom)
2025-05-14 02:53:35,993 [main] INFO  server.GrpcService (ConfUtils.java:logGet(46)) - raft.grpc.message.size.max = 34603008 (custom)
2025-05-14 02:53:35,993 [main] INFO  server.GrpcService (ConfUtils.java:logGet(46)) - raft.grpc.flow.control.window = 5MB (=5242880) (custom)
2025-05-14 02:53:35,993 [main] INFO  server.RaftServerConfigKeys (ConfUtils.java:logGet(46)) - raft.server.rpc.request.timeout = 3000ms (default)
2025-05-14 02:53:35,994 [main] INFO  grpc.GrpcConfigKeys (ConfUtils.java:logGet(46)) - raft.grpc.server.heartbeat.channel = true (default)
2025-05-14 02:53:35,994 [main] INFO  server.RaftServerConfigKeys (ConfUtils.java:logGet(46)) - raft.server.log.appender.buffer.byte-limit = 33554432 (custom)
2025-05-14 02:53:35,994 [main] INFO  grpc.GrpcConfigKeys (ConfUtils.java:logGet(46)) - raft.grpc.server.async.request.thread.pool.cached = true (default)
2025-05-14 02:53:35,994 [main] INFO  grpc.GrpcConfigKeys (ConfUtils.java:logGet(46)) - raft.grpc.server.async.request.thread.pool.size = 32 (default)
2025-05-14 02:53:35,997 [main] INFO  impl.DataStreamServerImpl (ConfUtils.java:logGet(46)) - raft.datastream.type = NETTY (custom)
2025-05-14 02:53:35,998 [main] INFO  server.RaftServerConfigKeys (ConfUtils.java:logGet(46)) - raft.server.data-stream.async.request.thread.pool.cached = false (default)
2025-05-14 02:53:35,999 [main] INFO  server.RaftServerConfigKeys (ConfUtils.java:logGet(46)) - raft.server.data-stream.async.request.thread.pool.size = 20 (custom)
2025-05-14 02:53:35,999 [main] INFO  server.RaftServerConfigKeys (ConfUtils.java:logGet(46)) - raft.server.data-stream.async.write.thread.pool.size = 16 (default)
2025-05-14 02:53:36,000 [main] INFO  netty.NettyConfigKeys$DataStream (ConfUtils.java:logGet(46)) - raft.netty.dataStream.server.channel.inactive.grace-period = 10min (default)
2025-05-14 02:53:36,001 [main] INFO  server.RaftServerConfigKeys (ConfUtils.java:logGet(46)) - raft.server.data-stream.client.pool.size = 10 (default)
2025-05-14 02:53:36,001 [main] INFO  netty.NettyConfigKeys$DataStream (ConfUtils.java:logGet(46)) - raft.netty.dataStream.server.use-epoll = true (default)
2025-05-14 02:53:36,001 [main] INFO  netty.NettyConfigKeys$DataStream (ConfUtils.java:logGet(46)) - raft.netty.dataStream.server.boss-group.size = 0 (default)
2025-05-14 02:53:36,001 [main] INFO  netty.NettyUtils (NettyUtils.java:newEventLoopGroup(74)) - Create EpollEventLoopGroup for 8e51993b-4f71-45b0-84f2-cf37ffbd2099-NettyServerStreamRpc-bossGroup; Thread size is 0.
2025-05-14 02:53:36,004 [main] INFO  netty.NettyConfigKeys$DataStream (ConfUtils.java:logGet(46)) - raft.netty.dataStream.server.worker-group.size = 0 (default)
2025-05-14 02:53:36,004 [main] INFO  netty.NettyUtils (NettyUtils.java:newEventLoopGroup(74)) - Create EpollEventLoopGroup for 8e51993b-4f71-45b0-84f2-cf37ffbd2099-NettyServerStreamRpc-workerGroup; Thread size is 0.
2025-05-14 02:53:36,005 [EventQueue-PipelineReportForOneReplicaPipelineSafeModeRule] INFO  safemode.SCMSafeModeManager (SCMSafeModeManager.java:validateSafeModeExitRules(140)) - AtleastOneDatanodeReportedRule rule is successfully validated
2025-05-14 02:53:36,006 [main] INFO  netty.NettyConfigKeys$DataStream (ConfUtils.java:logGet(46)) - raft.netty.dataStream.server.tls.conf = null (default)
2025-05-14 02:53:36,006 [main] INFO  netty.NettyConfigKeys$DataStream (ConfUtils.java:logGet(46)) - raft.netty.dataStream.host = null (default)
2025-05-14 02:53:36,006 [main] INFO  netty.NettyConfigKeys$DataStream (ConfUtils.java:logGet(46)) - raft.netty.dataStream.port = 15072 (custom)
2025-05-14 02:53:36,007 [e44b5a69-92f9-40f4-85c9-712e1c637b62-EndpointStateMachineTaskThread-/0.0.0.0:15002-0 ] INFO  utils.DatanodeStoreCache (DatanodeStoreCache.java:addDB(70)) - Added db /home/runner/work/ozone/ozone/hadoop-ozone/integration-test/target/test-dir/MiniOzoneClusterImpl-af940217-b311-440f-8e09-352fdf66236b/ozone-meta/datanode-5/data-0/hdds/af940217-b311-440f-8e09-352fdf66236b/DS-b55f785c-ea49-400a-b6dd-332e41d8f50e/container.db to cache
2025-05-14 02:53:36,007 [e44b5a69-92f9-40f4-85c9-712e1c637b62-EndpointStateMachineTaskThread-/0.0.0.0:15002-0 ] INFO  volume.HddsVolume (HddsVolume.java:createDbStore(510)) - SchemaV3 db is created and loaded at /home/runner/work/ozone/ozone/hadoop-ozone/integration-test/target/test-dir/MiniOzoneClusterImpl-af940217-b311-440f-8e09-352fdf66236b/ozone-meta/datanode-5/data-0/hdds/af940217-b311-440f-8e09-352fdf66236b/DS-b55f785c-ea49-400a-b6dd-332e41d8f50e/container.db for volume DS-b55f785c-ea49-400a-b6dd-332e41d8f50e
2025-05-14 02:53:36,007 [8e51993b-4f71-45b0-84f2-cf37ffbd2099-NettyServerStreamRpc-bossGroup--thread1] INFO  logging.LoggingHandler (AbstractInternalLogger.java:log(148)) - [id: 0x2ae71bf2] REGISTERED
2025-05-14 02:53:36,008 [main] INFO  server.RaftServerConfigKeys (ConfUtils.java:logGet(46)) - raft.server.sleep.deviation.threshold = 300ms (default)
2025-05-14 02:53:36,008 [main] INFO  server.RaftServerConfigKeys (ConfUtils.java:logGet(46)) - raft.server.close.threshold = 60s (default)
2025-05-14 02:53:36,009 [main] INFO  server.RaftServerConfigKeys (ConfUtils.java:logGet(46)) - raft.server.leaderelection.leader.step-down.wait-time = 10s (default)
2025-05-14 02:53:36,009 [main] INFO  server.RaftServerConfigKeys (ConfUtils.java:logGet(46)) - raft.server.storage.dir = [/home/runner/work/ozone/ozone/hadoop-ozone/integration-test/target/test-dir/MiniOzoneClusterImpl-af940217-b311-440f-8e09-352fdf66236b/ozone-meta/datanode-8/ratis] (custom)
2025-05-14 02:53:36,008 [8e51993b-4f71-45b0-84f2-cf37ffbd2099-NettyServerStreamRpc-bossGroup--thread1] INFO  logging.LoggingHandler (AbstractInternalLogger.java:log(148)) - [id: 0x2ae71bf2] BIND: 0.0.0.0/0.0.0.0:15072
2025-05-14 02:53:36,009 [8e51993b-4f71-45b0-84f2-cf37ffbd2099-NettyServerStreamRpc-bossGroup--thread1] INFO  logging.LoggingHandler (AbstractInternalLogger.java:log(148)) - [id: 0x2ae71bf2, L:/0.0.0.0:15072] ACTIVE
2025-05-14 02:53:36,009 [main] INFO  server.RaftServerConfigKeys (ConfUtils.java:logGet(46)) - raft.server.threadpool.proxy.cached = true (default)
2025-05-14 02:53:36,009 [main] INFO  server.RaftServerConfigKeys (ConfUtils.java:logGet(46)) - raft.server.threadpool.proxy.size = 0 (default)
2025-05-14 02:53:36,011 [8e51993b-4f71-45b0-84f2-cf37ffbd2099-impl-thread1] INFO  server.RaftServer (RaftServerProxy.java:initGroupDir(265)) - 8e51993b-4f71-45b0-84f2-cf37ffbd2099: found a subdirectory /home/runner/work/ozone/ozone/hadoop-ozone/integration-test/target/test-dir/MiniOzoneClusterImpl-af940217-b311-440f-8e09-352fdf66236b/ozone-meta/datanode-8/ratis/tmp
2025-05-14 02:53:36,011 [8e51993b-4f71-45b0-84f2-cf37ffbd2099-impl-thread1] INFO  server.RaftServer (RaftServerProxy.java:initGroupDir(270)) - 8e51993b-4f71-45b0-84f2-cf37ffbd2099: The directory /home/runner/work/ozone/ozone/hadoop-ozone/integration-test/target/test-dir/MiniOzoneClusterImpl-af940217-b311-440f-8e09-352fdf66236b/ozone-meta/datanode-8/ratis/tmp is not a group directory; ignoring it. 
2025-05-14 02:53:36,011 [main] INFO  replication.ReplicationServer (ReplicationServer.java:<init>(84)) - Initializing replication server with thread count = 10 queue length = 4096
2025-05-14 02:53:36,012 [e44b5a69-92f9-40f4-85c9-712e1c637b62-ContainerReader-0] INFO  ozoneimpl.ContainerReader (ContainerReader.java:readVolume(144)) - Start to verify containers on volume /home/runner/work/ozone/ozone/hadoop-ozone/integration-test/target/test-dir/MiniOzoneClusterImpl-af940217-b311-440f-8e09-352fdf66236b/ozone-meta/datanode-5/data-0/hdds
2025-05-14 02:53:36,012 [e44b5a69-92f9-40f4-85c9-712e1c637b62-ContainerReader-0] INFO  ozoneimpl.ContainerReader (ContainerReader.java:readVolume(174)) - Finish verifying containers on volume /home/runner/work/ozone/ozone/hadoop-ozone/integration-test/target/test-dir/MiniOzoneClusterImpl-af940217-b311-440f-8e09-352fdf66236b/ozone-meta/datanode-5/data-0/hdds
2025-05-14 02:53:36,012 [e44b5a69-92f9-40f4-85c9-712e1c637b62-EndpointStateMachineTaskThread-/0.0.0.0:15002-0 ] INFO  ozoneimpl.OzoneContainer (OzoneContainer.java:buildContainerSet(364)) - Build ContainerSet costs 0s
2025-05-14 02:53:36,013 [e44b5a69-92f9-40f4-85c9-712e1c637b62-EndpointStateMachineTaskThread-/0.0.0.0:15002-0 ] INFO  volume.ThrottledAsyncChecker (ThrottledAsyncChecker.java:schedule(138)) - Scheduling a check for /home/runner/work/ozone/ozone/hadoop-ozone/integration-test/target/test-dir/MiniOzoneClusterImpl-af940217-b311-440f-8e09-352fdf66236b/ozone-meta/datanode-5/data-0/hdds
2025-05-14 02:53:36,014 [main] INFO  server.XceiverServerGrpc (XceiverServerGrpc.java:<init>(131)) - GrpcServer channel type EpollServerSocketChannel
2025-05-14 02:53:36,014 [e44b5a69-92f9-40f4-85c9-712e1c637b62-EndpointStateMachineTaskThread-/0.0.0.0:15002-0 ] INFO  volume.StorageVolumeChecker (StorageVolumeChecker.java:checkAllVolumes(215)) - Scheduled health check for volume /home/runner/work/ozone/ozone/hadoop-ozone/integration-test/target/test-dir/MiniOzoneClusterImpl-af940217-b311-440f-8e09-352fdf66236b/ozone-meta/datanode-5/data-0/hdds
2025-05-14 02:53:36,019 [main] INFO  replication.ReplicationSupervisor (ReplicationSupervisor.java:build(169)) - Initializing replication supervisor with thread count = 10
2025-05-14 02:53:36,019 [main] INFO  replication.ReplicationSupervisor (ReplicationSupervisor.java:nodeStateUpdated(358)) - Node state updated to IN_SERVICE, scaling executor pool size to 10
2025-05-14 02:53:36,022 [e44b5a69-92f9-40f4-85c9-712e1c637b62-EndpointStateMachineTaskThread-/0.0.0.0:15002-0 ] INFO  volume.ThrottledAsyncChecker (ThrottledAsyncChecker.java:schedule(138)) - Scheduling a check for /home/runner/work/ozone/ozone/hadoop-ozone/integration-test/target/test-dir/MiniOzoneClusterImpl-af940217-b311-440f-8e09-352fdf66236b/ozone-meta/datanode-5/ratis
2025-05-14 02:53:36,022 [e44b5a69-92f9-40f4-85c9-712e1c637b62-EndpointStateMachineTaskThread-/0.0.0.0:15002-0 ] INFO  volume.StorageVolumeChecker (StorageVolumeChecker.java:checkAllVolumes(215)) - Scheduled health check for volume /home/runner/work/ozone/ozone/hadoop-ozone/integration-test/target/test-dir/MiniOzoneClusterImpl-af940217-b311-440f-8e09-352fdf66236b/ozone-meta/datanode-5/ratis
2025-05-14 02:53:36,024 [e44b5a69-92f9-40f4-85c9-712e1c637b62-EndpointStateMachineTaskThread-/0.0.0.0:15002-0 ] INFO  ozoneimpl.OzoneContainer (OzoneContainer.java:start(512)) - Attempting to start container services.
2025-05-14 02:53:36,024 [e44b5a69-92f9-40f4-85c9-712e1c637b62-EndpointStateMachineTaskThread-/0.0.0.0:15002-0 ] WARN  ozoneimpl.OnDemandContainerDataScanner (OnDemandContainerDataScanner.java:init(74)) - Trying to initialize on demand scanner a second time on a datanode.
2025-05-14 02:53:36,026 [ContainerMetadataScanner] INFO  ozoneimpl.AbstractBackgroundContainerScanner (AbstractBackgroundContainerScanner.java:runIteration(89)) - Completed an iteration in 0 minutes. Number of iterations (since the data-node restart) : 1, Number of containers scanned in this iteration : 0, Number of unhealthy containers found in this iteration : 0
2025-05-14 02:53:36,026 [main] INFO  http.BaseHttpServer (BaseHttpServer.java:newHttpServer2BuilderForOzone(229)) - Starting Web-server for hddsDatanode at: http://0.0.0.0:15066
2025-05-14 02:53:36,027 [main] INFO  http.BaseHttpServer (BaseHttpServer.java:<init>(107)) - Hadoop Security Enabled: false Ozone Security Enabled: false Ozone HTTP Security Enabled: false 
2025-05-14 02:53:36,028 [ContainerDataScanner(/home/runner/work/ozone/ozone/hadoop-ozone/integration-test/target/test-dir/MiniOzoneClusterImpl-af940217-b311-440f-8e09-352fdf66236b/ozone-meta/datanode-5/data-0/hdds)] INFO  ozoneimpl.AbstractBackgroundContainerScanner (AbstractBackgroundContainerScanner.java:runIteration(89)) - Completed an iteration in 0 minutes. Number of iterations (since the data-node restart) : 1, Number of containers scanned in this iteration : 0, Number of unhealthy containers found in this iteration : 0
2025-05-14 02:53:36,028 [e44b5a69-92f9-40f4-85c9-712e1c637b62-EndpointStateMachineTaskThread-/0.0.0.0:15002-0 ] INFO  replication.ReplicationServer (ReplicationServer.java:start(137)) - ReplicationServer is started using port 15049
2025-05-14 02:53:36,029 [main] WARN  server.AuthenticationFilter (AuthenticationFilter.java:constructSecretProvider(240)) - Unable to initialize FileSignerSecretProvider, falling back to use random secrets. Reason: Could not read signature secret file: /home/runner/hadoop-http-auth-signature-secret
2025-05-14 02:53:36,030 [e44b5a69-92f9-40f4-85c9-712e1c637b62-EndpointStateMachineTaskThread-/0.0.0.0:15002-0 ] INFO  ratis.XceiverServerRatis (XceiverServerRatis.java:start(559)) - Starting XceiverServerRatis(e44b5a69-92f9-40f4-85c9-712e1c637b62)
2025-05-14 02:53:36,031 [e44b5a69-92f9-40f4-85c9-712e1c637b62-EndpointStateMachineTaskThread-/0.0.0.0:15002-0 ] INFO  server.RaftServer (RaftServerProxy.java:startImpl(407)) - e44b5a69-92f9-40f4-85c9-712e1c637b62: start RPC server
2025-05-14 02:53:36,032 [e44b5a69-92f9-40f4-85c9-712e1c637b62-EndpointStateMachineTaskThread-/0.0.0.0:15002-0 ] INFO  server.GrpcService (GrpcService.java:startImpl(334)) - e44b5a69-92f9-40f4-85c9-712e1c637b62: GrpcService started, listening on 15045
2025-05-14 02:53:36,032 [e44b5a69-92f9-40f4-85c9-712e1c637b62-EndpointStateMachineTaskThread-/0.0.0.0:15002-0 ] INFO  server.GrpcService (GrpcService.java:startImpl(334)) - e44b5a69-92f9-40f4-85c9-712e1c637b62: GrpcService started, listening on 15047
2025-05-14 02:53:36,033 [main] INFO  http.HttpServer2 (HttpServer2.java:addGlobalFilter(1042)) - Added global filter 'safety' (class=org.apache.hadoop.hdds.server.http.HttpServer2$QuotingInputFilter)
2025-05-14 02:53:36,033 [e44b5a69-92f9-40f4-85c9-712e1c637b62-EndpointStateMachineTaskThread-/0.0.0.0:15002-0 ] INFO  server.GrpcService (GrpcService.java:startImpl(334)) - e44b5a69-92f9-40f4-85c9-712e1c637b62: GrpcService started, listening on 15046
2025-05-14 02:53:36,034 [e44b5a69-92f9-40f4-85c9-712e1c637b62-EndpointStateMachineTaskThread-/0.0.0.0:15002-0 ] INFO  ratis.XceiverServerRatis (XceiverServerRatis.java:getRealPort(586)) - XceiverServerRatis(e44b5a69-92f9-40f4-85c9-712e1c637b62) is started using port RATIS=15045
2025-05-14 02:53:36,034 [e44b5a69-92f9-40f4-85c9-712e1c637b62-EndpointStateMachineTaskThread-/0.0.0.0:15002-0 ] INFO  ratis.XceiverServerRatis (XceiverServerRatis.java:getRealPort(586)) - XceiverServerRatis(e44b5a69-92f9-40f4-85c9-712e1c637b62) is started using port RATIS_ADMIN=15046
2025-05-14 02:53:36,034 [e44b5a69-92f9-40f4-85c9-712e1c637b62-EndpointStateMachineTaskThread-/0.0.0.0:15002-0 ] INFO  ratis.XceiverServerRatis (XceiverServerRatis.java:getRealPort(586)) - XceiverServerRatis(e44b5a69-92f9-40f4-85c9-712e1c637b62) is started using port RATIS_SERVER=15047
2025-05-14 02:53:36,034 [e44b5a69-92f9-40f4-85c9-712e1c637b62-EndpointStateMachineTaskThread-/0.0.0.0:15002-0 ] INFO  ratis.XceiverServerRatis (XceiverServerRatis.java:getRealPort(586)) - XceiverServerRatis(e44b5a69-92f9-40f4-85c9-712e1c637b62) is started using port RATIS_DATASTREAM=15048
2025-05-14 02:53:36,034 [JvmPauseMonitor7] INFO  util.JvmPauseMonitor (JvmPauseMonitor.java:run(146)) - JvmPauseMonitor-e44b5a69-92f9-40f4-85c9-712e1c637b62: Started
2025-05-14 02:53:36,035 [main] INFO  http.HttpServer2 (HttpServer2.java:addFilter(1018)) - Added filter static_user_filter (class=org.apache.hadoop.http.lib.StaticUserWebFilter$StaticUserFilter) to context hddsDatanode
2025-05-14 02:53:36,036 [main] INFO  http.HttpServer2 (HttpServer2.java:addFilter(1026)) - Added filter static_user_filter (class=org.apache.hadoop.http.lib.StaticUserWebFilter$StaticUserFilter) to context logs
2025-05-14 02:53:36,036 [main] INFO  http.HttpServer2 (HttpServer2.java:addFilter(1026)) - Added filter static_user_filter (class=org.apache.hadoop.http.lib.StaticUserWebFilter$StaticUserFilter) to context static
2025-05-14 02:53:36,036 [e44b5a69-92f9-40f4-85c9-712e1c637b62-BlockDeletingService#0] INFO  interfaces.ContainerDeletionChoosingPolicyTemplate (ContainerDeletionChoosingPolicyTemplate.java:chooseContainerForBlockDeletion(83)) - Chosen 0/5000 blocks from 0 candidate containers.
2025-05-14 02:53:36,036 [main] INFO  http.BaseHttpServer (BaseHttpServer.java:<init>(195)) - HTTP server of hddsDatanode uses base directory /home/runner/work/ozone/ozone/hadoop-ozone/integration-test/target/test-dir/MiniOzoneClusterImpl-af940217-b311-440f-8e09-352fdf66236b/ozone-meta/datanode-8/meta/webserver
2025-05-14 02:53:36,037 [main] INFO  http.HttpServer2 (HttpServer2.java:bindListener(1242)) - Jetty bound to port 15066
2025-05-14 02:53:36,037 [main] INFO  server.Server (Server.java:doStart(375)) - jetty-9.4.57.v20241219; built: 2025-01-08T21:24:30.412Z; git: df524e6b29271c2e09ba9aea83c18dc9db464a31; jvm 21.0.7+6-LTS
2025-05-14 02:53:36,038 [main] INFO  server.session (DefaultSessionIdManager.java:doStart(334)) - DefaultSessionIdManager workerName=node0
2025-05-14 02:53:36,038 [main] INFO  server.session (DefaultSessionIdManager.java:doStart(339)) - No SessionScavenger set, using defaults
2025-05-14 02:53:36,039 [main] INFO  server.session (HouseKeeper.java:startScavenging(132)) - node0 Scavenging every 660000ms
2025-05-14 02:53:36,039 [main] INFO  handler.ContextHandler (ContextHandler.java:doStart(921)) - Started o.e.j.s.ServletContextHandler@7ee2a6b3{logs,/logs,file:///home/runner/work/ozone/ozone/hadoop-ozone/integration-test/target/log,AVAILABLE}
2025-05-14 02:53:36,040 [main] INFO  handler.ContextHandler (ContextHandler.java:doStart(921)) - Started o.e.j.s.ServletContextHandler@1c2cf47f{static,/static,jar:file:/home/runner/work/ozone/ozone/hadoop-hdds/container-service/target/hdds-container-service-2.1.0-SNAPSHOT.jar!/webapps/static,AVAILABLE}
2025-05-14 02:53:36,178 [main] INFO  handler.ContextHandler (ContextHandler.java:doStart(921)) - Started o.e.j.w.WebAppContext@4d0dc8b8{hddsDatanode,/,file:///home/runner/work/ozone/ozone/hadoop-ozone/integration-test/target/test-dir/MiniOzoneClusterImpl-af940217-b311-440f-8e09-352fdf66236b/ozone-meta/datanode-8/meta/webserver/jetty-0_0_0_0-15066-hdds-container-service-2_1_0-SNAPSHOT_jar-_-any-112025393241294713/webapp/,AVAILABLE}{jar:file:/home/runner/work/ozone/ozone/hadoop-hdds/container-service/target/hdds-container-service-2.1.0-SNAPSHOT.jar!/webapps/hddsDatanode}
2025-05-14 02:53:36,179 [EventQueue-PipelineReportForOneReplicaPipelineSafeModeRule] INFO  safemode.SCMSafeModeManager (SCMSafeModeManager.java:validateSafeModeExitRules(140)) - AtleastOneDatanodeReportedRule rule is successfully validated
2025-05-14 02:53:36,179 [main] INFO  server.AbstractConnector (AbstractConnector.java:doStart(333)) - Started ServerConnector@129a9d88{HTTP/1.1, (http/1.1)}{0.0.0.0:15066}
2025-05-14 02:53:36,180 [main] INFO  server.Server (Server.java:doStart(415)) - Started @13000ms
2025-05-14 02:53:36,180 [main] WARN  impl.MetricsSystemImpl (MetricsSystemImpl.java:register(279)) - Sink prometheus already exists!
2025-05-14 02:53:36,180 [main] INFO  http.BaseHttpServer (BaseHttpServer.java:updateConnectorAddress(359)) - HTTP server of hddsDatanode listening at http://0.0.0.0:15066
2025-05-14 02:53:36,180 [main] INFO  ipc.CallQueueManager (CallQueueManager.java:<init>(93)) - Using callQueue: class java.util.concurrent.LinkedBlockingQueue, queueCapacity: 1000, scheduler: class org.apache.hadoop.ipc.DefaultRpcScheduler, ipcBackoff: false, ipcFailOver: false.
2025-05-14 02:53:36,181 [main] INFO  ipc.Server (Server.java:<init>(1438)) - Listener at 0.0.0.0:15067
2025-05-14 02:53:36,181 [Socket Reader #1 for port 15067] INFO  ipc.Server (Server.java:run(1474)) - Starting Socket Reader #1 for port 15067
2025-05-14 02:53:36,181 [Socket Reader #2 for port 15067] INFO  ipc.Server (Server.java:run(1474)) - Starting Socket Reader #2 for port 15067
2025-05-14 02:53:36,182 [Socket Reader #3 for port 15067] INFO  ipc.Server (Server.java:run(1474)) - Starting Socket Reader #3 for port 15067
2025-05-14 02:53:36,182 [Socket Reader #5 for port 15067] INFO  ipc.Server (Server.java:run(1474)) - Starting Socket Reader #5 for port 15067
2025-05-14 02:53:36,182 [Socket Reader #6 for port 15067] INFO  ipc.Server (Server.java:run(1474)) - Starting Socket Reader #6 for port 15067
2025-05-14 02:53:36,182 [Socket Reader #7 for port 15067] INFO  ipc.Server (Server.java:run(1474)) - Starting Socket Reader #7 for port 15067
2025-05-14 02:53:36,182 [Socket Reader #4 for port 15067] INFO  ipc.Server (Server.java:run(1474)) - Starting Socket Reader #4 for port 15067
2025-05-14 02:53:36,183 [Socket Reader #8 for port 15067] INFO  ipc.Server (Server.java:run(1474)) - Starting Socket Reader #8 for port 15067
2025-05-14 02:53:36,183 [Socket Reader #9 for port 15067] INFO  ipc.Server (Server.java:run(1474)) - Starting Socket Reader #9 for port 15067
2025-05-14 02:53:36,183 [Socket Reader #10 for port 15067] INFO  ipc.Server (Server.java:run(1474)) - Starting Socket Reader #10 for port 15067
2025-05-14 02:53:36,185 [main] INFO  ozone.HddsDatanodeService (HddsDatanodeService.java:start(325)) - Datanode start with admins: [runner]
2025-05-14 02:53:36,185 [main] INFO  ozone.HddsDatanodeClientProtocolServer (HddsDatanodeClientProtocolServer.java:start(76)) - RPC server for Client /0.0.0.0:15067
2025-05-14 02:53:36,185 [IPC Server Responder] INFO  ipc.Server (Server.java:run(1713)) - IPC Server Responder: starting
2025-05-14 02:53:36,185 [IPC Server listener on 15067] INFO  ipc.Server (Server.java:run(1553)) - IPC Server listener on 15067: starting
2025-05-14 02:53:36,187 [main] WARN  dropwizard3.Dm3MetricRegistriesImpl (Dm3MetricRegistriesImpl.java:addReporterRegistration(114)) - New reporters are added after registries were created. Some metrics will be missing from the reporter. Please add reporter before adding any new registry.
2025-05-14 02:53:36,187 [main] WARN  dropwizard3.Dm3MetricRegistriesImpl (Dm3MetricRegistriesImpl.java:addReporterRegistration(114)) - New reporters are added after registries were created. Some metrics will be missing from the reporter. Please add reporter before adding any new registry.
2025-05-14 02:53:36,187 [main] INFO  impl.MetricsSystemImpl (MetricsSystemImpl.java:init(158)) - HddsDatanode metrics system started (again)
2025-05-14 02:53:36,188 [8e51993b-4f71-45b0-84f2-cf37ffbd2099-DatanodeStateMachineDaemonThread] INFO  statemachine.DatanodeStateMachine (DatanodeStateMachine.java:startStateMachineThread(340)) - Ozone container server started.
2025-05-14 02:53:36,193 [8e51993b-4f71-45b0-84f2-cf37ffbd2099-DatanodeStateMachineTaskThread-0] INFO  datanode.InitDatanodeState (InitDatanodeState.java:persistContainerDatanodeDetails(139)) - DatanodeDetails is persisted to /home/runner/work/ozone/ozone/hadoop-ozone/integration-test/target/test-dir/MiniOzoneClusterImpl-af940217-b311-440f-8e09-352fdf66236b/ozone-meta/datanode-8/meta/datanode.id
2025-05-14 02:53:36,200 [main] INFO  protocol.DatanodeDetails (DatanodeDetails.java:validateDatanodeIpAddress(199)) - Updating IP address of datanode 6338fc9c-a704-4fa0-9c76-ba0cbc116aba(localhost/null) to 127.0.0.1
2025-05-14 02:53:36,200 [main] INFO  ozone.HddsDatanodeService (HddsDatanodeService.java:start(234)) - HddsDatanodeService 6338fc9c-a704-4fa0-9c76-ba0cbc116aba(localhost/127.0.0.1)
2025-05-14 02:53:36,201 [EventQueue-PipelineReportForOneReplicaPipelineSafeModeRule] INFO  safemode.SCMSafeModeManager (SCMSafeModeManager.java:validateSafeModeExitRules(140)) - AtleastOneDatanodeReportedRule rule is successfully validated
2025-05-14 02:53:36,204 [main] INFO  upgrade.AbstractLayoutVersionManager (AbstractLayoutVersionManager.java:init(80)) - Initializing Layout version manager with metadata layout = HBASE_SUPPORT (version = 8), software layout = HBASE_SUPPORT (version = 8)
2025-05-14 02:53:36,204 [main] INFO  statemachine.DatanodeStateMachine (DatanodeStateMachine.java:getEndPointTaskThreadPoolSize(298)) - Datanode State Machine Task Thread Pool size 2
2025-05-14 02:53:36,207 [main] INFO  volume.HddsVolume (HddsVolume.java:<init>(158)) - HddsVolume: { id=DS-3ccb973b-fe5a-4d95-9174-ca46af8cef23 dir=/home/runner/work/ozone/ozone/hadoop-ozone/integration-test/target/test-dir/MiniOzoneClusterImpl-af940217-b311-440f-8e09-352fdf66236b/ozone-meta/datanode-9/data-0/hdds type=DISK capacity=9222449699674390527 used=0 available=9222449699674390527 minFree=5368709120 committed=0 }
2025-05-14 02:53:36,208 [main] INFO  volume.MutableVolumeSet (MutableVolumeSet.java:initializeVolumeSet(166)) - Added Volume : /home/runner/work/ozone/ozone/hadoop-ozone/integration-test/target/test-dir/MiniOzoneClusterImpl-af940217-b311-440f-8e09-352fdf66236b/ozone-meta/datanode-9/data-0/hdds to VolumeSet
2025-05-14 02:53:36,209 [main] INFO  volume.MutableVolumeSet (MutableVolumeSet.java:initializeVolumeSet(166)) - Added Volume : /home/runner/work/ozone/ozone/hadoop-ozone/integration-test/target/test-dir/MiniOzoneClusterImpl-af940217-b311-440f-8e09-352fdf66236b/ozone-meta/datanode-9/ratis to VolumeSet
2025-05-14 02:53:36,210 [main] INFO  ozoneimpl.OzoneContainer (HddsVolumeUtil.java:loadAllHddsVolumeDbStore(102)) - Load 1 volumes DbStore cost: 0ms
2025-05-14 02:53:36,211 [IPC Server handler 13 on default port 15002] INFO  net.NetworkTopologyImpl (NetworkTopologyImpl.java:add(133)) - Added a new node: /default-rack/d4e44fd7-0e23-4e4f-bc30-0c7965de497d
2025-05-14 02:53:36,211 [main] WARN  db.DBStoreBuilder (DBStoreBuilder.java:getDBDirPath(160)) - ozone.scm.datanode.id.dir is not configured. We recommend adding this setting. Falling back to ozone.metadata.dirs instead.
2025-05-14 02:53:36,212 [IPC Server handler 13 on default port 15002] INFO  node.SCMNodeManager (SCMNodeManager.java:register(426)) - Registered datanode: d4e44fd7-0e23-4e4f-bc30-0c7965de497d{ip: 127.0.0.1, host: localhost, ports: [HTTP=15034, CLIENT_RPC=15035, REPLICATION=15041, RATIS=15037, RATIS_ADMIN=15038, RATIS_SERVER=15039, RATIS_DATASTREAM=15040, STANDALONE=15036], networkLocation: /default-rack, certSerialId: null, persistedOpState: null, persistedOpStateExpiryEpochSec: 0}
2025-05-14 02:53:36,212 [EventQueue-ContainerRegistrationReportForRatisContainerSafeModeRule] INFO  safemode.SCMSafeModeManager (SCMSafeModeManager.java:validateSafeModeExitRules(140)) - RatisContainerSafeModeRule rule is successfully validated
2025-05-14 02:53:36,212 [main] WARN  db.DBStoreBuilder (DBStoreBuilder.java:getDBDirPath(160)) - ozone.scm.datanode.id.dir is not configured. We recommend adding this setting. Falling back to ozone.metadata.dirs instead.
2025-05-14 02:53:36,212 [EventQueue-ContainerRegistrationReportForECContainerSafeModeRule] INFO  safemode.SCMSafeModeManager (SCMSafeModeManager.java:validateSafeModeExitRules(140)) - ECContainerSafeModeRule rule is successfully validated
2025-05-14 02:53:36,213 [EventQueue-PipelineReportForOneReplicaPipelineSafeModeRule] INFO  safemode.SCMSafeModeManager (SCMSafeModeManager.java:validateSafeModeExitRules(140)) - AtleastOneDatanodeReportedRule rule is successfully validated
2025-05-14 02:53:36,213 [EventQueue-NodeRegistrationContainerReportForDataNodeSafeModeRule] INFO  safemode.SCMSafeModeManager (SCMSafeModeManager.java:validateSafeModeExitRules(140)) - DataNodeSafeModeRule rule is successfully validated
2025-05-14 02:53:36,213 [EventQueue-NewNodeForNewNodeHandler] INFO  pipeline.BackgroundPipelineCreator (BackgroundPipelineCreator.java:notifyEventTriggered(290)) - trigger a one-shot run on RatisPipelineUtilsThread.
2025-05-14 02:53:36,214 [RatisPipelineUtilsThread-0] INFO  pipeline.RatisPipelineProvider (RatisPipelineProvider.java:lambda$create$0(208)) - Sending CreatePipelineCommand for pipeline:PipelineID=94249d9e-b8d5-40dd-b746-c63adc343bbb to datanode:d4e44fd7-0e23-4e4f-bc30-0c7965de497d(localhost/127.0.0.1)
2025-05-14 02:53:36,217 [1edfeee1-83e1-4d34-a92c-2e00b570784e@group-352FDF66236B-StateMachineUpdater] INFO  safemode.SCMSafeModeManager (SCMSafeModeManager.java:validateSafeModeExitRules(140)) - DataNodeSafeModeRule rule is successfully validated
2025-05-14 02:53:36,217 [1edfeee1-83e1-4d34-a92c-2e00b570784e@group-352FDF66236B-StateMachineUpdater] INFO  safemode.SCMSafeModeManager (SCMSafeModeManager.java:validateSafeModeExitRules(140)) - RatisContainerSafeModeRule rule is successfully validated
2025-05-14 02:53:36,217 [1edfeee1-83e1-4d34-a92c-2e00b570784e@group-352FDF66236B-StateMachineUpdater] INFO  safemode.HealthyPipelineSafeModeRule (HealthyPipelineSafeModeRule.java:initializeRule(173)) - Refreshed total pipeline count is 0, healthy pipeline threshold count is 1
2025-05-14 02:53:36,217 [1edfeee1-83e1-4d34-a92c-2e00b570784e@group-352FDF66236B-StateMachineUpdater] INFO  safemode.SCMSafeModeManager (SCMSafeModeManager.java:validateSafeModeExitRules(140)) - ECContainerSafeModeRule rule is successfully validated
2025-05-14 02:53:36,217 [1edfeee1-83e1-4d34-a92c-2e00b570784e@group-352FDF66236B-StateMachineUpdater] INFO  safemode.SCMSafeModeManager (SCMSafeModeManager.java:validateSafeModeExitRules(140)) - AtleastOneDatanodeReportedRule rule is successfully validated
2025-05-14 02:53:36,218 [RatisPipelineUtilsThread-0] INFO  pipeline.BackgroundPipelineCreator (BackgroundPipelineCreator.java:createPipelines(246)) - Created new pipeline Pipeline{ Id: 94249d9e-b8d5-40dd-b746-c63adc343bbb, Nodes: [ {d4e44fd7-0e23-4e4f-bc30-0c7965de497d(localhost/127.0.0.1), ReplicaIndex: 0},], ReplicationConfig: RATIS/ONE, State:ALLOCATED, leaderId:, CreationTimestamp2025-05-14T02:53:36.214423908Z[Etc/UTC]}
2025-05-14 02:53:36,227 [main] INFO  impl.FilePerChunkStrategy (FilePerChunkStrategy.java:<init>(79)) - ozone.chunk.read.mapped.buffer.max.count is load with 0
2025-05-14 02:53:36,227 [main] INFO  impl.FilePerBlockStrategy (FilePerBlockStrategy.java:<init>(87)) - ozone.chunk.read.mapped.buffer.max.count is load with 0
2025-05-14 02:53:36,228 [main] INFO  server.RaftServerConfigKeys (ConfUtils.java:logGet(46)) - raft.server.log.appender.buffer.byte-limit = 33554432 (custom)
2025-05-14 02:53:36,229 [main] INFO  server.RaftServer (ConfUtils.java:logGet(46)) - raft.rpc.type = GRPC (default)
2025-05-14 02:53:36,229 [main] INFO  grpc.GrpcConfigKeys (ConfUtils.java:logFallback(53)) - raft.grpc.admin.host = null (fallback to raft.grpc.server.host)
2025-05-14 02:53:36,229 [main] INFO  grpc.GrpcConfigKeys (ConfUtils.java:logGet(46)) - raft.grpc.admin.port = 15078 (custom)
2025-05-14 02:53:36,229 [main] INFO  grpc.GrpcConfigKeys (ConfUtils.java:logFallback(53)) - raft.grpc.client.host = null (fallback to raft.grpc.server.host)
2025-05-14 02:53:36,229 [main] INFO  grpc.GrpcConfigKeys (ConfUtils.java:logGet(46)) - raft.grpc.client.port = 15077 (custom)
2025-05-14 02:53:36,230 [main] INFO  grpc.GrpcConfigKeys (ConfUtils.java:logGet(46)) - raft.grpc.server.host = null (default)
2025-05-14 02:53:36,230 [main] INFO  grpc.GrpcConfigKeys (ConfUtils.java:logGet(46)) - raft.grpc.server.port = 15079 (custom)
2025-05-14 02:53:36,230 [main] INFO  server.GrpcService (ConfUtils.java:logGet(46)) - raft.grpc.message.size.max = 34603008 (custom)
2025-05-14 02:53:36,230 [main] INFO  server.GrpcService (ConfUtils.java:logGet(46)) - raft.grpc.flow.control.window = 5MB (=5242880) (custom)
2025-05-14 02:53:36,230 [main] INFO  server.RaftServerConfigKeys (ConfUtils.java:logGet(46)) - raft.server.rpc.request.timeout = 3000ms (default)
2025-05-14 02:53:36,230 [main] INFO  grpc.GrpcConfigKeys (ConfUtils.java:logGet(46)) - raft.grpc.server.heartbeat.channel = true (default)
2025-05-14 02:53:36,230 [main] INFO  server.RaftServerConfigKeys (ConfUtils.java:logGet(46)) - raft.server.log.appender.buffer.byte-limit = 33554432 (custom)
2025-05-14 02:53:36,230 [main] INFO  grpc.GrpcConfigKeys (ConfUtils.java:logGet(46)) - raft.grpc.server.async.request.thread.pool.cached = true (default)
2025-05-14 02:53:36,230 [main] INFO  grpc.GrpcConfigKeys (ConfUtils.java:logGet(46)) - raft.grpc.server.async.request.thread.pool.size = 32 (default)
2025-05-14 02:53:36,232 [main] INFO  impl.DataStreamServerImpl (ConfUtils.java:logGet(46)) - raft.datastream.type = NETTY (custom)
2025-05-14 02:53:36,233 [main] INFO  server.RaftServerConfigKeys (ConfUtils.java:logGet(46)) - raft.server.data-stream.async.request.thread.pool.cached = false (default)
2025-05-14 02:53:36,233 [main] INFO  server.RaftServerConfigKeys (ConfUtils.java:logGet(46)) - raft.server.data-stream.async.request.thread.pool.size = 20 (custom)
2025-05-14 02:53:36,233 [main] INFO  server.RaftServerConfigKeys (ConfUtils.java:logGet(46)) - raft.server.data-stream.async.write.thread.pool.size = 16 (default)
2025-05-14 02:53:36,233 [main] INFO  netty.NettyConfigKeys$DataStream (ConfUtils.java:logGet(46)) - raft.netty.dataStream.server.channel.inactive.grace-period = 10min (default)
2025-05-14 02:53:36,233 [main] INFO  server.RaftServerConfigKeys (ConfUtils.java:logGet(46)) - raft.server.data-stream.client.pool.size = 10 (default)
2025-05-14 02:53:36,233 [main] INFO  netty.NettyConfigKeys$DataStream (ConfUtils.java:logGet(46)) - raft.netty.dataStream.server.use-epoll = true (default)
2025-05-14 02:53:36,233 [main] INFO  netty.NettyConfigKeys$DataStream (ConfUtils.java:logGet(46)) - raft.netty.dataStream.server.boss-group.size = 0 (default)
2025-05-14 02:53:36,233 [main] INFO  netty.NettyUtils (NettyUtils.java:newEventLoopGroup(74)) - Create EpollEventLoopGroup for 6338fc9c-a704-4fa0-9c76-ba0cbc116aba-NettyServerStreamRpc-bossGroup; Thread size is 0.
2025-05-14 02:53:36,234 [main] INFO  netty.NettyConfigKeys$DataStream (ConfUtils.java:logGet(46)) - raft.netty.dataStream.server.worker-group.size = 0 (default)
2025-05-14 02:53:36,234 [main] INFO  netty.NettyUtils (NettyUtils.java:newEventLoopGroup(74)) - Create EpollEventLoopGroup for 6338fc9c-a704-4fa0-9c76-ba0cbc116aba-NettyServerStreamRpc-workerGroup; Thread size is 0.
2025-05-14 02:53:36,235 [main] INFO  netty.NettyConfigKeys$DataStream (ConfUtils.java:logGet(46)) - raft.netty.dataStream.server.tls.conf = null (default)
2025-05-14 02:53:36,235 [main] INFO  netty.NettyConfigKeys$DataStream (ConfUtils.java:logGet(46)) - raft.netty.dataStream.host = null (default)
2025-05-14 02:53:36,235 [main] INFO  netty.NettyConfigKeys$DataStream (ConfUtils.java:logGet(46)) - raft.netty.dataStream.port = 15080 (custom)
2025-05-14 02:53:36,236 [main] INFO  server.RaftServerConfigKeys (ConfUtils.java:logGet(46)) - raft.server.sleep.deviation.threshold = 300ms (default)
2025-05-14 02:53:36,236 [main] INFO  server.RaftServerConfigKeys (ConfUtils.java:logGet(46)) - raft.server.close.threshold = 60s (default)
2025-05-14 02:53:36,236 [main] INFO  server.RaftServerConfigKeys (ConfUtils.java:logGet(46)) - raft.server.leaderelection.leader.step-down.wait-time = 10s (default)
2025-05-14 02:53:36,236 [main] INFO  server.RaftServerConfigKeys (ConfUtils.java:logGet(46)) - raft.server.storage.dir = [/home/runner/work/ozone/ozone/hadoop-ozone/integration-test/target/test-dir/MiniOzoneClusterImpl-af940217-b311-440f-8e09-352fdf66236b/ozone-meta/datanode-9/ratis] (custom)
2025-05-14 02:53:36,236 [main] INFO  server.RaftServerConfigKeys (ConfUtils.java:logGet(46)) - raft.server.threadpool.proxy.cached = true (default)
2025-05-14 02:53:36,236 [main] INFO  server.RaftServerConfigKeys (ConfUtils.java:logGet(46)) - raft.server.threadpool.proxy.size = 0 (default)
2025-05-14 02:53:36,237 [6338fc9c-a704-4fa0-9c76-ba0cbc116aba-NettyServerStreamRpc-bossGroup--thread1] INFO  logging.LoggingHandler (AbstractInternalLogger.java:log(148)) - [id: 0x3e0d9801] REGISTERED
2025-05-14 02:53:36,237 [6338fc9c-a704-4fa0-9c76-ba0cbc116aba-impl-thread1] INFO  server.RaftServer (RaftServerProxy.java:initGroupDir(265)) - 6338fc9c-a704-4fa0-9c76-ba0cbc116aba: found a subdirectory /home/runner/work/ozone/ozone/hadoop-ozone/integration-test/target/test-dir/MiniOzoneClusterImpl-af940217-b311-440f-8e09-352fdf66236b/ozone-meta/datanode-9/ratis/tmp
2025-05-14 02:53:36,237 [6338fc9c-a704-4fa0-9c76-ba0cbc116aba-impl-thread1] INFO  server.RaftServer (RaftServerProxy.java:initGroupDir(270)) - 6338fc9c-a704-4fa0-9c76-ba0cbc116aba: The directory /home/runner/work/ozone/ozone/hadoop-ozone/integration-test/target/test-dir/MiniOzoneClusterImpl-af940217-b311-440f-8e09-352fdf66236b/ozone-meta/datanode-9/ratis/tmp is not a group directory; ignoring it. 
2025-05-14 02:53:36,237 [main] INFO  replication.ReplicationServer (ReplicationServer.java:<init>(84)) - Initializing replication server with thread count = 10 queue length = 4096
2025-05-14 02:53:36,238 [main] INFO  server.XceiverServerGrpc (XceiverServerGrpc.java:<init>(131)) - GrpcServer channel type EpollServerSocketChannel
2025-05-14 02:53:36,239 [6338fc9c-a704-4fa0-9c76-ba0cbc116aba-NettyServerStreamRpc-bossGroup--thread1] INFO  logging.LoggingHandler (AbstractInternalLogger.java:log(148)) - [id: 0x3e0d9801] BIND: 0.0.0.0/0.0.0.0:15080
2025-05-14 02:53:36,239 [6338fc9c-a704-4fa0-9c76-ba0cbc116aba-NettyServerStreamRpc-bossGroup--thread1] INFO  logging.LoggingHandler (AbstractInternalLogger.java:log(148)) - [id: 0x3e0d9801, L:/0.0.0.0:15080] ACTIVE
2025-05-14 02:53:36,239 [main] INFO  replication.ReplicationSupervisor (ReplicationSupervisor.java:build(169)) - Initializing replication supervisor with thread count = 10
2025-05-14 02:53:36,239 [main] INFO  replication.ReplicationSupervisor (ReplicationSupervisor.java:nodeStateUpdated(358)) - Node state updated to IN_SERVICE, scaling executor pool size to 10
2025-05-14 02:53:36,243 [main] INFO  http.BaseHttpServer (BaseHttpServer.java:newHttpServer2BuilderForOzone(229)) - Starting Web-server for hddsDatanode at: http://0.0.0.0:15074
2025-05-14 02:53:36,243 [main] INFO  http.BaseHttpServer (BaseHttpServer.java:<init>(107)) - Hadoop Security Enabled: false Ozone Security Enabled: false Ozone HTTP Security Enabled: false 
2025-05-14 02:53:36,245 [main] WARN  server.AuthenticationFilter (AuthenticationFilter.java:constructSecretProvider(240)) - Unable to initialize FileSignerSecretProvider, falling back to use random secrets. Reason: Could not read signature secret file: /home/runner/hadoop-http-auth-signature-secret
2025-05-14 02:53:36,247 [main] INFO  http.HttpServer2 (HttpServer2.java:addGlobalFilter(1042)) - Added global filter 'safety' (class=org.apache.hadoop.hdds.server.http.HttpServer2$QuotingInputFilter)
2025-05-14 02:53:36,248 [main] INFO  http.HttpServer2 (HttpServer2.java:addFilter(1018)) - Added filter static_user_filter (class=org.apache.hadoop.http.lib.StaticUserWebFilter$StaticUserFilter) to context hddsDatanode
2025-05-14 02:53:36,248 [main] INFO  http.HttpServer2 (HttpServer2.java:addFilter(1026)) - Added filter static_user_filter (class=org.apache.hadoop.http.lib.StaticUserWebFilter$StaticUserFilter) to context logs
2025-05-14 02:53:36,248 [main] INFO  http.HttpServer2 (HttpServer2.java:addFilter(1026)) - Added filter static_user_filter (class=org.apache.hadoop.http.lib.StaticUserWebFilter$StaticUserFilter) to context static
2025-05-14 02:53:36,249 [main] INFO  http.BaseHttpServer (BaseHttpServer.java:<init>(195)) - HTTP server of hddsDatanode uses base directory /home/runner/work/ozone/ozone/hadoop-ozone/integration-test/target/test-dir/MiniOzoneClusterImpl-af940217-b311-440f-8e09-352fdf66236b/ozone-meta/datanode-9/meta/webserver
2025-05-14 02:53:36,249 [main] INFO  http.HttpServer2 (HttpServer2.java:bindListener(1242)) - Jetty bound to port 15074
2025-05-14 02:53:36,249 [main] INFO  server.Server (Server.java:doStart(375)) - jetty-9.4.57.v20241219; built: 2025-01-08T21:24:30.412Z; git: df524e6b29271c2e09ba9aea83c18dc9db464a31; jvm 21.0.7+6-LTS
2025-05-14 02:53:36,252 [main] INFO  server.session (DefaultSessionIdManager.java:doStart(334)) - DefaultSessionIdManager workerName=node0
2025-05-14 02:53:36,252 [main] INFO  server.session (DefaultSessionIdManager.java:doStart(339)) - No SessionScavenger set, using defaults
2025-05-14 02:53:36,252 [main] INFO  server.session (HouseKeeper.java:startScavenging(132)) - node0 Scavenging every 660000ms
2025-05-14 02:53:36,253 [main] INFO  handler.ContextHandler (ContextHandler.java:doStart(921)) - Started o.e.j.s.ServletContextHandler@a588739{logs,/logs,file:///home/runner/work/ozone/ozone/hadoop-ozone/integration-test/target/log,AVAILABLE}
2025-05-14 02:53:36,254 [main] INFO  handler.ContextHandler (ContextHandler.java:doStart(921)) - Started o.e.j.s.ServletContextHandler@608df685{static,/static,jar:file:/home/runner/work/ozone/ozone/hadoop-hdds/container-service/target/hdds-container-service-2.1.0-SNAPSHOT.jar!/webapps/static,AVAILABLE}
2025-05-14 02:53:36,254 [c77e66e9-1cca-4fd3-bc5b-4ea2dbc3232f-EndpointStateMachineTaskThread-/0.0.0.0:15002-0 ] INFO  utils.DatanodeStoreCache (DatanodeStoreCache.java:addDB(70)) - Added db /home/runner/work/ozone/ozone/hadoop-ozone/integration-test/target/test-dir/MiniOzoneClusterImpl-af940217-b311-440f-8e09-352fdf66236b/ozone-meta/datanode-6/data-0/hdds/af940217-b311-440f-8e09-352fdf66236b/DS-26be9c44-7a52-48a4-85a6-05c4c5209829/container.db to cache
2025-05-14 02:53:36,254 [c77e66e9-1cca-4fd3-bc5b-4ea2dbc3232f-EndpointStateMachineTaskThread-/0.0.0.0:15002-0 ] INFO  volume.HddsVolume (HddsVolume.java:createDbStore(510)) - SchemaV3 db is created and loaded at /home/runner/work/ozone/ozone/hadoop-ozone/integration-test/target/test-dir/MiniOzoneClusterImpl-af940217-b311-440f-8e09-352fdf66236b/ozone-meta/datanode-6/data-0/hdds/af940217-b311-440f-8e09-352fdf66236b/DS-26be9c44-7a52-48a4-85a6-05c4c5209829/container.db for volume DS-26be9c44-7a52-48a4-85a6-05c4c5209829
2025-05-14 02:53:36,257 [c77e66e9-1cca-4fd3-bc5b-4ea2dbc3232f-ContainerReader-0] INFO  ozoneimpl.ContainerReader (ContainerReader.java:readVolume(144)) - Start to verify containers on volume /home/runner/work/ozone/ozone/hadoop-ozone/integration-test/target/test-dir/MiniOzoneClusterImpl-af940217-b311-440f-8e09-352fdf66236b/ozone-meta/datanode-6/data-0/hdds
2025-05-14 02:53:36,257 [c77e66e9-1cca-4fd3-bc5b-4ea2dbc3232f-ContainerReader-0] INFO  ozoneimpl.ContainerReader (ContainerReader.java:readVolume(174)) - Finish verifying containers on volume /home/runner/work/ozone/ozone/hadoop-ozone/integration-test/target/test-dir/MiniOzoneClusterImpl-af940217-b311-440f-8e09-352fdf66236b/ozone-meta/datanode-6/data-0/hdds
2025-05-14 02:53:36,258 [c77e66e9-1cca-4fd3-bc5b-4ea2dbc3232f-EndpointStateMachineTaskThread-/0.0.0.0:15002-0 ] INFO  ozoneimpl.OzoneContainer (OzoneContainer.java:buildContainerSet(364)) - Build ContainerSet costs 0s
2025-05-14 02:53:36,258 [c77e66e9-1cca-4fd3-bc5b-4ea2dbc3232f-EndpointStateMachineTaskThread-/0.0.0.0:15002-0 ] INFO  volume.ThrottledAsyncChecker (ThrottledAsyncChecker.java:schedule(138)) - Scheduling a check for /home/runner/work/ozone/ozone/hadoop-ozone/integration-test/target/test-dir/MiniOzoneClusterImpl-af940217-b311-440f-8e09-352fdf66236b/ozone-meta/datanode-6/data-0/hdds
2025-05-14 02:53:36,259 [c77e66e9-1cca-4fd3-bc5b-4ea2dbc3232f-EndpointStateMachineTaskThread-/0.0.0.0:15002-0 ] INFO  volume.StorageVolumeChecker (StorageVolumeChecker.java:checkAllVolumes(215)) - Scheduled health check for volume /home/runner/work/ozone/ozone/hadoop-ozone/integration-test/target/test-dir/MiniOzoneClusterImpl-af940217-b311-440f-8e09-352fdf66236b/ozone-meta/datanode-6/data-0/hdds
2025-05-14 02:53:36,264 [c77e66e9-1cca-4fd3-bc5b-4ea2dbc3232f-EndpointStateMachineTaskThread-/0.0.0.0:15002-0 ] INFO  volume.ThrottledAsyncChecker (ThrottledAsyncChecker.java:schedule(138)) - Scheduling a check for /home/runner/work/ozone/ozone/hadoop-ozone/integration-test/target/test-dir/MiniOzoneClusterImpl-af940217-b311-440f-8e09-352fdf66236b/ozone-meta/datanode-6/ratis
2025-05-14 02:53:36,264 [c77e66e9-1cca-4fd3-bc5b-4ea2dbc3232f-EndpointStateMachineTaskThread-/0.0.0.0:15002-0 ] INFO  volume.StorageVolumeChecker (StorageVolumeChecker.java:checkAllVolumes(215)) - Scheduled health check for volume /home/runner/work/ozone/ozone/hadoop-ozone/integration-test/target/test-dir/MiniOzoneClusterImpl-af940217-b311-440f-8e09-352fdf66236b/ozone-meta/datanode-6/ratis
2025-05-14 02:53:36,265 [c77e66e9-1cca-4fd3-bc5b-4ea2dbc3232f-EndpointStateMachineTaskThread-/0.0.0.0:15002-0 ] INFO  ozoneimpl.OzoneContainer (OzoneContainer.java:start(512)) - Attempting to start container services.
2025-05-14 02:53:36,266 [c77e66e9-1cca-4fd3-bc5b-4ea2dbc3232f-EndpointStateMachineTaskThread-/0.0.0.0:15002-0 ] WARN  ozoneimpl.OnDemandContainerDataScanner (OnDemandContainerDataScanner.java:init(74)) - Trying to initialize on demand scanner a second time on a datanode.
2025-05-14 02:53:36,267 [ContainerMetadataScanner] INFO  ozoneimpl.AbstractBackgroundContainerScanner (AbstractBackgroundContainerScanner.java:runIteration(89)) - Completed an iteration in 0 minutes. Number of iterations (since the data-node restart) : 1, Number of containers scanned in this iteration : 0, Number of unhealthy containers found in this iteration : 0
2025-05-14 02:53:36,268 [ContainerDataScanner(/home/runner/work/ozone/ozone/hadoop-ozone/integration-test/target/test-dir/MiniOzoneClusterImpl-af940217-b311-440f-8e09-352fdf66236b/ozone-meta/datanode-6/data-0/hdds)] INFO  ozoneimpl.AbstractBackgroundContainerScanner (AbstractBackgroundContainerScanner.java:runIteration(89)) - Completed an iteration in 0 minutes. Number of iterations (since the data-node restart) : 1, Number of containers scanned in this iteration : 0, Number of unhealthy containers found in this iteration : 0
2025-05-14 02:53:36,268 [c77e66e9-1cca-4fd3-bc5b-4ea2dbc3232f-EndpointStateMachineTaskThread-/0.0.0.0:15002-0 ] INFO  replication.ReplicationServer (ReplicationServer.java:start(137)) - ReplicationServer is started using port 15057
2025-05-14 02:53:36,269 [c77e66e9-1cca-4fd3-bc5b-4ea2dbc3232f-EndpointStateMachineTaskThread-/0.0.0.0:15002-0 ] INFO  ratis.XceiverServerRatis (XceiverServerRatis.java:start(559)) - Starting XceiverServerRatis(c77e66e9-1cca-4fd3-bc5b-4ea2dbc3232f)
2025-05-14 02:53:36,270 [c77e66e9-1cca-4fd3-bc5b-4ea2dbc3232f-EndpointStateMachineTaskThread-/0.0.0.0:15002-0 ] INFO  server.RaftServer (RaftServerProxy.java:startImpl(407)) - c77e66e9-1cca-4fd3-bc5b-4ea2dbc3232f: start RPC server
2025-05-14 02:53:36,271 [c77e66e9-1cca-4fd3-bc5b-4ea2dbc3232f-EndpointStateMachineTaskThread-/0.0.0.0:15002-0 ] INFO  server.GrpcService (GrpcService.java:startImpl(334)) - c77e66e9-1cca-4fd3-bc5b-4ea2dbc3232f: GrpcService started, listening on 15053
2025-05-14 02:53:36,272 [c77e66e9-1cca-4fd3-bc5b-4ea2dbc3232f-EndpointStateMachineTaskThread-/0.0.0.0:15002-0 ] INFO  server.GrpcService (GrpcService.java:startImpl(334)) - c77e66e9-1cca-4fd3-bc5b-4ea2dbc3232f: GrpcService started, listening on 15055
2025-05-14 02:53:36,273 [c77e66e9-1cca-4fd3-bc5b-4ea2dbc3232f-EndpointStateMachineTaskThread-/0.0.0.0:15002-0 ] INFO  server.GrpcService (GrpcService.java:startImpl(334)) - c77e66e9-1cca-4fd3-bc5b-4ea2dbc3232f: GrpcService started, listening on 15054
2025-05-14 02:53:36,273 [c77e66e9-1cca-4fd3-bc5b-4ea2dbc3232f-EndpointStateMachineTaskThread-/0.0.0.0:15002-0 ] INFO  ratis.XceiverServerRatis (XceiverServerRatis.java:getRealPort(586)) - XceiverServerRatis(c77e66e9-1cca-4fd3-bc5b-4ea2dbc3232f) is started using port RATIS=15053
2025-05-14 02:53:36,273 [JvmPauseMonitor8] INFO  util.JvmPauseMonitor (JvmPauseMonitor.java:run(146)) - JvmPauseMonitor-c77e66e9-1cca-4fd3-bc5b-4ea2dbc3232f: Started
2025-05-14 02:53:36,273 [c77e66e9-1cca-4fd3-bc5b-4ea2dbc3232f-EndpointStateMachineTaskThread-/0.0.0.0:15002-0 ] INFO  ratis.XceiverServerRatis (XceiverServerRatis.java:getRealPort(586)) - XceiverServerRatis(c77e66e9-1cca-4fd3-bc5b-4ea2dbc3232f) is started using port RATIS_ADMIN=15054
2025-05-14 02:53:36,273 [c77e66e9-1cca-4fd3-bc5b-4ea2dbc3232f-EndpointStateMachineTaskThread-/0.0.0.0:15002-0 ] INFO  ratis.XceiverServerRatis (XceiverServerRatis.java:getRealPort(586)) - XceiverServerRatis(c77e66e9-1cca-4fd3-bc5b-4ea2dbc3232f) is started using port RATIS_SERVER=15055
2025-05-14 02:53:36,273 [c77e66e9-1cca-4fd3-bc5b-4ea2dbc3232f-EndpointStateMachineTaskThread-/0.0.0.0:15002-0 ] INFO  ratis.XceiverServerRatis (XceiverServerRatis.java:getRealPort(586)) - XceiverServerRatis(c77e66e9-1cca-4fd3-bc5b-4ea2dbc3232f) is started using port RATIS_DATASTREAM=15056
2025-05-14 02:53:36,283 [c77e66e9-1cca-4fd3-bc5b-4ea2dbc3232f-BlockDeletingService#0] INFO  interfaces.ContainerDeletionChoosingPolicyTemplate (ContainerDeletionChoosingPolicyTemplate.java:chooseContainerForBlockDeletion(83)) - Chosen 0/5000 blocks from 0 candidate containers.
2025-05-14 02:53:36,398 [main] INFO  handler.ContextHandler (ContextHandler.java:doStart(921)) - Started o.e.j.w.WebAppContext@1b924e5{hddsDatanode,/,file:///home/runner/work/ozone/ozone/hadoop-ozone/integration-test/target/test-dir/MiniOzoneClusterImpl-af940217-b311-440f-8e09-352fdf66236b/ozone-meta/datanode-9/meta/webserver/jetty-0_0_0_0-15074-hdds-container-service-2_1_0-SNAPSHOT_jar-_-any-14334256197749623526/webapp/,AVAILABLE}{jar:file:/home/runner/work/ozone/ozone/hadoop-hdds/container-service/target/hdds-container-service-2.1.0-SNAPSHOT.jar!/webapps/hddsDatanode}
2025-05-14 02:53:36,399 [main] INFO  server.AbstractConnector (AbstractConnector.java:doStart(333)) - Started ServerConnector@117dffcf{HTTP/1.1, (http/1.1)}{0.0.0.0:15074}
2025-05-14 02:53:36,399 [main] INFO  server.Server (Server.java:doStart(415)) - Started @13219ms
2025-05-14 02:53:36,399 [main] WARN  impl.MetricsSystemImpl (MetricsSystemImpl.java:register(279)) - Sink prometheus already exists!
2025-05-14 02:53:36,399 [main] INFO  http.BaseHttpServer (BaseHttpServer.java:updateConnectorAddress(359)) - HTTP server of hddsDatanode listening at http://0.0.0.0:15074
2025-05-14 02:53:36,400 [main] INFO  ipc.CallQueueManager (CallQueueManager.java:<init>(93)) - Using callQueue: class java.util.concurrent.LinkedBlockingQueue, queueCapacity: 1000, scheduler: class org.apache.hadoop.ipc.DefaultRpcScheduler, ipcBackoff: false, ipcFailOver: false.
2025-05-14 02:53:36,400 [main] INFO  ipc.Server (Server.java:<init>(1438)) - Listener at 0.0.0.0:15075
2025-05-14 02:53:36,400 [Socket Reader #1 for port 15075] INFO  ipc.Server (Server.java:run(1474)) - Starting Socket Reader #1 for port 15075
2025-05-14 02:53:36,401 [Socket Reader #2 for port 15075] INFO  ipc.Server (Server.java:run(1474)) - Starting Socket Reader #2 for port 15075
2025-05-14 02:53:36,401 [Socket Reader #3 for port 15075] INFO  ipc.Server (Server.java:run(1474)) - Starting Socket Reader #3 for port 15075
2025-05-14 02:53:36,401 [Socket Reader #4 for port 15075] INFO  ipc.Server (Server.java:run(1474)) - Starting Socket Reader #4 for port 15075
2025-05-14 02:53:36,401 [Socket Reader #5 for port 15075] INFO  ipc.Server (Server.java:run(1474)) - Starting Socket Reader #5 for port 15075
2025-05-14 02:53:36,401 [Socket Reader #6 for port 15075] INFO  ipc.Server (Server.java:run(1474)) - Starting Socket Reader #6 for port 15075
2025-05-14 02:53:36,401 [Socket Reader #7 for port 15075] INFO  ipc.Server (Server.java:run(1474)) - Starting Socket Reader #7 for port 15075
2025-05-14 02:53:36,402 [Socket Reader #8 for port 15075] INFO  ipc.Server (Server.java:run(1474)) - Starting Socket Reader #8 for port 15075
2025-05-14 02:53:36,402 [Socket Reader #9 for port 15075] INFO  ipc.Server (Server.java:run(1474)) - Starting Socket Reader #9 for port 15075
2025-05-14 02:53:36,402 [Socket Reader #10 for port 15075] INFO  ipc.Server (Server.java:run(1474)) - Starting Socket Reader #10 for port 15075
2025-05-14 02:53:36,404 [main] INFO  ozone.HddsDatanodeService (HddsDatanodeService.java:start(325)) - Datanode start with admins: [runner]
2025-05-14 02:53:36,404 [main] INFO  ozone.HddsDatanodeClientProtocolServer (HddsDatanodeClientProtocolServer.java:start(76)) - RPC server for Client /0.0.0.0:15075
2025-05-14 02:53:36,404 [IPC Server Responder] INFO  ipc.Server (Server.java:run(1713)) - IPC Server Responder: starting
2025-05-14 02:53:36,404 [IPC Server listener on 15075] INFO  ipc.Server (Server.java:run(1553)) - IPC Server listener on 15075: starting
2025-05-14 02:53:36,406 [main] WARN  dropwizard3.Dm3MetricRegistriesImpl (Dm3MetricRegistriesImpl.java:addReporterRegistration(114)) - New reporters are added after registries were created. Some metrics will be missing from the reporter. Please add reporter before adding any new registry.
2025-05-14 02:53:36,406 [main] WARN  dropwizard3.Dm3MetricRegistriesImpl (Dm3MetricRegistriesImpl.java:addReporterRegistration(114)) - New reporters are added after registries were created. Some metrics will be missing from the reporter. Please add reporter before adding any new registry.
2025-05-14 02:53:36,406 [main] INFO  impl.MetricsSystemImpl (MetricsSystemImpl.java:init(158)) - HddsDatanode metrics system started (again)
2025-05-14 02:53:36,409 [6338fc9c-a704-4fa0-9c76-ba0cbc116aba-DatanodeStateMachineDaemonThread] INFO  statemachine.DatanodeStateMachine (DatanodeStateMachine.java:startStateMachineThread(340)) - Ozone container server started.
2025-05-14 02:53:36,413 [6338fc9c-a704-4fa0-9c76-ba0cbc116aba-DatanodeStateMachineTaskThread-0] INFO  datanode.InitDatanodeState (InitDatanodeState.java:persistContainerDatanodeDetails(139)) - DatanodeDetails is persisted to /home/runner/work/ozone/ozone/hadoop-ozone/integration-test/target/test-dir/MiniOzoneClusterImpl-af940217-b311-440f-8e09-352fdf66236b/ozone-meta/datanode-9/meta/datanode.id
2025-05-14 02:53:36,420 [main] INFO  protocol.DatanodeDetails (DatanodeDetails.java:validateDatanodeIpAddress(199)) - Updating IP address of datanode 9d8a5836-bfca-4d37-9676-470807fcd29d(localhost/null) to 127.0.0.1
2025-05-14 02:53:36,420 [main] INFO  ozone.HddsDatanodeService (HddsDatanodeService.java:start(234)) - HddsDatanodeService 9d8a5836-bfca-4d37-9676-470807fcd29d(localhost/127.0.0.1)
2025-05-14 02:53:36,423 [main] INFO  upgrade.AbstractLayoutVersionManager (AbstractLayoutVersionManager.java:init(80)) - Initializing Layout version manager with metadata layout = HBASE_SUPPORT (version = 8), software layout = HBASE_SUPPORT (version = 8)
2025-05-14 02:53:36,423 [main] INFO  statemachine.DatanodeStateMachine (DatanodeStateMachine.java:getEndPointTaskThreadPoolSize(298)) - Datanode State Machine Task Thread Pool size 2
2025-05-14 02:53:36,425 [main] INFO  volume.HddsVolume (HddsVolume.java:<init>(158)) - HddsVolume: { id=DS-ce5d9ff9-f956-46bd-9210-9570af79c066 dir=/home/runner/work/ozone/ozone/hadoop-ozone/integration-test/target/test-dir/MiniOzoneClusterImpl-af940217-b311-440f-8e09-352fdf66236b/ozone-meta/datanode-10/data-0/hdds type=DISK capacity=9222449699674390527 used=0 available=9222449699674390527 minFree=5368709120 committed=0 }
2025-05-14 02:53:36,426 [main] INFO  volume.MutableVolumeSet (MutableVolumeSet.java:initializeVolumeSet(166)) - Added Volume : /home/runner/work/ozone/ozone/hadoop-ozone/integration-test/target/test-dir/MiniOzoneClusterImpl-af940217-b311-440f-8e09-352fdf66236b/ozone-meta/datanode-10/data-0/hdds to VolumeSet
2025-05-14 02:53:36,426 [main] INFO  volume.MutableVolumeSet (MutableVolumeSet.java:initializeVolumeSet(166)) - Added Volume : /home/runner/work/ozone/ozone/hadoop-ozone/integration-test/target/test-dir/MiniOzoneClusterImpl-af940217-b311-440f-8e09-352fdf66236b/ozone-meta/datanode-10/ratis to VolumeSet
2025-05-14 02:53:36,427 [main] INFO  ozoneimpl.OzoneContainer (HddsVolumeUtil.java:loadAllHddsVolumeDbStore(102)) - Load 1 volumes DbStore cost: 0ms
2025-05-14 02:53:36,427 [main] WARN  db.DBStoreBuilder (DBStoreBuilder.java:getDBDirPath(160)) - ozone.scm.datanode.id.dir is not configured. We recommend adding this setting. Falling back to ozone.metadata.dirs instead.
2025-05-14 02:53:36,428 [main] WARN  db.DBStoreBuilder (DBStoreBuilder.java:getDBDirPath(160)) - ozone.scm.datanode.id.dir is not configured. We recommend adding this setting. Falling back to ozone.metadata.dirs instead.
2025-05-14 02:53:36,441 [IPC Server handler 10 on default port 15002] INFO  net.NetworkTopologyImpl (NetworkTopologyImpl.java:add(133)) - Added a new node: /default-rack/e44b5a69-92f9-40f4-85c9-712e1c637b62
2025-05-14 02:53:36,442 [IPC Server handler 10 on default port 15002] INFO  node.SCMNodeManager (SCMNodeManager.java:register(426)) - Registered datanode: e44b5a69-92f9-40f4-85c9-712e1c637b62{ip: 127.0.0.1, host: localhost, ports: [HTTP=15042, CLIENT_RPC=15043, REPLICATION=15049, RATIS=15045, RATIS_ADMIN=15046, RATIS_SERVER=15047, RATIS_DATASTREAM=15048, STANDALONE=15044], networkLocation: /default-rack, certSerialId: null, persistedOpState: null, persistedOpStateExpiryEpochSec: 0}
2025-05-14 02:53:36,442 [EventQueue-NewNodeForNewNodeHandler] INFO  pipeline.BackgroundPipelineCreator (BackgroundPipelineCreator.java:notifyEventTriggered(290)) - trigger a one-shot run on RatisPipelineUtilsThread.
2025-05-14 02:53:36,443 [EventQueue-ContainerRegistrationReportForECContainerSafeModeRule] INFO  safemode.SCMSafeModeManager (SCMSafeModeManager.java:validateSafeModeExitRules(140)) - ECContainerSafeModeRule rule is successfully validated
2025-05-14 02:53:36,443 [EventQueue-ContainerRegistrationReportForRatisContainerSafeModeRule] INFO  safemode.SCMSafeModeManager (SCMSafeModeManager.java:validateSafeModeExitRules(140)) - RatisContainerSafeModeRule rule is successfully validated
2025-05-14 02:53:36,443 [main] INFO  impl.FilePerChunkStrategy (FilePerChunkStrategy.java:<init>(79)) - ozone.chunk.read.mapped.buffer.max.count is load with 0
2025-05-14 02:53:36,443 [main] INFO  impl.FilePerBlockStrategy (FilePerBlockStrategy.java:<init>(87)) - ozone.chunk.read.mapped.buffer.max.count is load with 0
2025-05-14 02:53:36,443 [RatisPipelineUtilsThread-0] INFO  pipeline.RatisPipelineProvider (RatisPipelineProvider.java:lambda$create$0(208)) - Sending CreatePipelineCommand for pipeline:PipelineID=b0e9ea18-5897-4179-a9c0-512d7b449058 to datanode:e44b5a69-92f9-40f4-85c9-712e1c637b62(localhost/127.0.0.1)
2025-05-14 02:53:36,444 [EventQueue-NodeRegistrationContainerReportForDataNodeSafeModeRule] INFO  safemode.SCMSafeModeManager (SCMSafeModeManager.java:validateSafeModeExitRules(140)) - DataNodeSafeModeRule rule is successfully validated
2025-05-14 02:53:36,444 [EventQueue-PipelineReportForOneReplicaPipelineSafeModeRule] INFO  safemode.SCMSafeModeManager (SCMSafeModeManager.java:validateSafeModeExitRules(140)) - AtleastOneDatanodeReportedRule rule is successfully validated
2025-05-14 02:53:36,448 [main] INFO  server.RaftServerConfigKeys (ConfUtils.java:logGet(46)) - raft.server.log.appender.buffer.byte-limit = 33554432 (custom)
2025-05-14 02:53:36,448 [1edfeee1-83e1-4d34-a92c-2e00b570784e@group-352FDF66236B-StateMachineUpdater] INFO  safemode.SCMSafeModeManager (SCMSafeModeManager.java:validateSafeModeExitRules(140)) - DataNodeSafeModeRule rule is successfully validated
2025-05-14 02:53:36,448 [1edfeee1-83e1-4d34-a92c-2e00b570784e@group-352FDF66236B-StateMachineUpdater] INFO  safemode.SCMSafeModeManager (SCMSafeModeManager.java:validateSafeModeExitRules(140)) - RatisContainerSafeModeRule rule is successfully validated
2025-05-14 02:53:36,448 [1edfeee1-83e1-4d34-a92c-2e00b570784e@group-352FDF66236B-StateMachineUpdater] INFO  safemode.HealthyPipelineSafeModeRule (HealthyPipelineSafeModeRule.java:initializeRule(173)) - Refreshed total pipeline count is 0, healthy pipeline threshold count is 1
2025-05-14 02:53:36,448 [1edfeee1-83e1-4d34-a92c-2e00b570784e@group-352FDF66236B-StateMachineUpdater] INFO  safemode.SCMSafeModeManager (SCMSafeModeManager.java:validateSafeModeExitRules(140)) - ECContainerSafeModeRule rule is successfully validated
2025-05-14 02:53:36,448 [1edfeee1-83e1-4d34-a92c-2e00b570784e@group-352FDF66236B-StateMachineUpdater] INFO  safemode.SCMSafeModeManager (SCMSafeModeManager.java:validateSafeModeExitRules(140)) - AtleastOneDatanodeReportedRule rule is successfully validated
2025-05-14 02:53:36,449 [RatisPipelineUtilsThread-0] INFO  pipeline.BackgroundPipelineCreator (BackgroundPipelineCreator.java:createPipelines(246)) - Created new pipeline Pipeline{ Id: b0e9ea18-5897-4179-a9c0-512d7b449058, Nodes: [ {e44b5a69-92f9-40f4-85c9-712e1c637b62(localhost/127.0.0.1), ReplicaIndex: 0},], ReplicationConfig: RATIS/ONE, State:ALLOCATED, leaderId:, CreationTimestamp2025-05-14T02:53:36.443648239Z[Etc/UTC]}
2025-05-14 02:53:36,449 [main] INFO  server.RaftServer (ConfUtils.java:logGet(46)) - raft.rpc.type = GRPC (default)
2025-05-14 02:53:36,449 [main] INFO  grpc.GrpcConfigKeys (ConfUtils.java:logFallback(53)) - raft.grpc.admin.host = null (fallback to raft.grpc.server.host)
2025-05-14 02:53:36,450 [main] INFO  grpc.GrpcConfigKeys (ConfUtils.java:logGet(46)) - raft.grpc.admin.port = 15086 (custom)
2025-05-14 02:53:36,450 [main] INFO  grpc.GrpcConfigKeys (ConfUtils.java:logFallback(53)) - raft.grpc.client.host = null (fallback to raft.grpc.server.host)
2025-05-14 02:53:36,450 [main] INFO  grpc.GrpcConfigKeys (ConfUtils.java:logGet(46)) - raft.grpc.client.port = 15085 (custom)
2025-05-14 02:53:36,450 [main] INFO  grpc.GrpcConfigKeys (ConfUtils.java:logGet(46)) - raft.grpc.server.host = null (default)
2025-05-14 02:53:36,450 [main] INFO  grpc.GrpcConfigKeys (ConfUtils.java:logGet(46)) - raft.grpc.server.port = 15087 (custom)
2025-05-14 02:53:36,450 [main] INFO  server.GrpcService (ConfUtils.java:logGet(46)) - raft.grpc.message.size.max = 34603008 (custom)
2025-05-14 02:53:36,450 [main] INFO  server.GrpcService (ConfUtils.java:logGet(46)) - raft.grpc.flow.control.window = 5MB (=5242880) (custom)
2025-05-14 02:53:36,450 [main] INFO  server.RaftServerConfigKeys (ConfUtils.java:logGet(46)) - raft.server.rpc.request.timeout = 3000ms (default)
2025-05-14 02:53:36,450 [main] INFO  grpc.GrpcConfigKeys (ConfUtils.java:logGet(46)) - raft.grpc.server.heartbeat.channel = true (default)
2025-05-14 02:53:36,451 [main] INFO  server.RaftServerConfigKeys (ConfUtils.java:logGet(46)) - raft.server.log.appender.buffer.byte-limit = 33554432 (custom)
2025-05-14 02:53:36,451 [main] INFO  grpc.GrpcConfigKeys (ConfUtils.java:logGet(46)) - raft.grpc.server.async.request.thread.pool.cached = true (default)
2025-05-14 02:53:36,451 [main] INFO  grpc.GrpcConfigKeys (ConfUtils.java:logGet(46)) - raft.grpc.server.async.request.thread.pool.size = 32 (default)
2025-05-14 02:53:36,453 [main] INFO  impl.DataStreamServerImpl (ConfUtils.java:logGet(46)) - raft.datastream.type = NETTY (custom)
2025-05-14 02:53:36,454 [main] INFO  server.RaftServerConfigKeys (ConfUtils.java:logGet(46)) - raft.server.data-stream.async.request.thread.pool.cached = false (default)
2025-05-14 02:53:36,454 [main] INFO  server.RaftServerConfigKeys (ConfUtils.java:logGet(46)) - raft.server.data-stream.async.request.thread.pool.size = 20 (custom)
2025-05-14 02:53:36,454 [main] INFO  server.RaftServerConfigKeys (ConfUtils.java:logGet(46)) - raft.server.data-stream.async.write.thread.pool.size = 16 (default)
2025-05-14 02:53:36,454 [main] INFO  netty.NettyConfigKeys$DataStream (ConfUtils.java:logGet(46)) - raft.netty.dataStream.server.channel.inactive.grace-period = 10min (default)
2025-05-14 02:53:36,454 [main] INFO  server.RaftServerConfigKeys (ConfUtils.java:logGet(46)) - raft.server.data-stream.client.pool.size = 10 (default)
2025-05-14 02:53:36,454 [main] INFO  netty.NettyConfigKeys$DataStream (ConfUtils.java:logGet(46)) - raft.netty.dataStream.server.use-epoll = true (default)
2025-05-14 02:53:36,454 [main] INFO  netty.NettyConfigKeys$DataStream (ConfUtils.java:logGet(46)) - raft.netty.dataStream.server.boss-group.size = 0 (default)
2025-05-14 02:53:36,454 [main] INFO  netty.NettyUtils (NettyUtils.java:newEventLoopGroup(74)) - Create EpollEventLoopGroup for 9d8a5836-bfca-4d37-9676-470807fcd29d-NettyServerStreamRpc-bossGroup; Thread size is 0.
2025-05-14 02:53:36,455 [main] INFO  netty.NettyConfigKeys$DataStream (ConfUtils.java:logGet(46)) - raft.netty.dataStream.server.worker-group.size = 0 (default)
2025-05-14 02:53:36,455 [main] INFO  netty.NettyUtils (NettyUtils.java:newEventLoopGroup(74)) - Create EpollEventLoopGroup for 9d8a5836-bfca-4d37-9676-470807fcd29d-NettyServerStreamRpc-workerGroup; Thread size is 0.
2025-05-14 02:53:36,456 [main] INFO  netty.NettyConfigKeys$DataStream (ConfUtils.java:logGet(46)) - raft.netty.dataStream.server.tls.conf = null (default)
2025-05-14 02:53:36,456 [main] INFO  netty.NettyConfigKeys$DataStream (ConfUtils.java:logGet(46)) - raft.netty.dataStream.host = null (default)
2025-05-14 02:53:36,456 [main] INFO  netty.NettyConfigKeys$DataStream (ConfUtils.java:logGet(46)) - raft.netty.dataStream.port = 15088 (custom)
2025-05-14 02:53:36,457 [main] INFO  server.RaftServerConfigKeys (ConfUtils.java:logGet(46)) - raft.server.sleep.deviation.threshold = 300ms (default)
2025-05-14 02:53:36,457 [main] INFO  server.RaftServerConfigKeys (ConfUtils.java:logGet(46)) - raft.server.close.threshold = 60s (default)
2025-05-14 02:53:36,457 [main] INFO  server.RaftServerConfigKeys (ConfUtils.java:logGet(46)) - raft.server.leaderelection.leader.step-down.wait-time = 10s (default)
2025-05-14 02:53:36,457 [main] INFO  server.RaftServerConfigKeys (ConfUtils.java:logGet(46)) - raft.server.storage.dir = [/home/runner/work/ozone/ozone/hadoop-ozone/integration-test/target/test-dir/MiniOzoneClusterImpl-af940217-b311-440f-8e09-352fdf66236b/ozone-meta/datanode-10/ratis] (custom)
2025-05-14 02:53:36,457 [main] INFO  server.RaftServerConfigKeys (ConfUtils.java:logGet(46)) - raft.server.threadpool.proxy.cached = true (default)
2025-05-14 02:53:36,457 [main] INFO  server.RaftServerConfigKeys (ConfUtils.java:logGet(46)) - raft.server.threadpool.proxy.size = 0 (default)
2025-05-14 02:53:36,458 [9d8a5836-bfca-4d37-9676-470807fcd29d-NettyServerStreamRpc-bossGroup--thread1] INFO  logging.LoggingHandler (AbstractInternalLogger.java:log(148)) - [id: 0x8ff1f585] REGISTERED
2025-05-14 02:53:36,458 [9d8a5836-bfca-4d37-9676-470807fcd29d-NettyServerStreamRpc-bossGroup--thread1] INFO  logging.LoggingHandler (AbstractInternalLogger.java:log(148)) - [id: 0x8ff1f585] BIND: 0.0.0.0/0.0.0.0:15088
2025-05-14 02:53:36,458 [9d8a5836-bfca-4d37-9676-470807fcd29d-NettyServerStreamRpc-bossGroup--thread1] INFO  logging.LoggingHandler (AbstractInternalLogger.java:log(148)) - [id: 0x8ff1f585, L:/0.0.0.0:15088] ACTIVE
2025-05-14 02:53:36,459 [9d8a5836-bfca-4d37-9676-470807fcd29d-impl-thread1] INFO  server.RaftServer (RaftServerProxy.java:initGroupDir(265)) - 9d8a5836-bfca-4d37-9676-470807fcd29d: found a subdirectory /home/runner/work/ozone/ozone/hadoop-ozone/integration-test/target/test-dir/MiniOzoneClusterImpl-af940217-b311-440f-8e09-352fdf66236b/ozone-meta/datanode-10/ratis/tmp
2025-05-14 02:53:36,459 [9d8a5836-bfca-4d37-9676-470807fcd29d-impl-thread1] INFO  server.RaftServer (RaftServerProxy.java:initGroupDir(270)) - 9d8a5836-bfca-4d37-9676-470807fcd29d: The directory /home/runner/work/ozone/ozone/hadoop-ozone/integration-test/target/test-dir/MiniOzoneClusterImpl-af940217-b311-440f-8e09-352fdf66236b/ozone-meta/datanode-10/ratis/tmp is not a group directory; ignoring it. 
2025-05-14 02:53:36,459 [main] INFO  replication.ReplicationServer (ReplicationServer.java:<init>(84)) - Initializing replication server with thread count = 10 queue length = 4096
2025-05-14 02:53:36,460 [main] INFO  server.XceiverServerGrpc (XceiverServerGrpc.java:<init>(131)) - GrpcServer channel type EpollServerSocketChannel
2025-05-14 02:53:36,462 [main] INFO  replication.ReplicationSupervisor (ReplicationSupervisor.java:build(169)) - Initializing replication supervisor with thread count = 10
2025-05-14 02:53:36,462 [main] INFO  replication.ReplicationSupervisor (ReplicationSupervisor.java:nodeStateUpdated(358)) - Node state updated to IN_SERVICE, scaling executor pool size to 10
2025-05-14 02:53:36,462 [EventQueue-PipelineReportForOneReplicaPipelineSafeModeRule] INFO  safemode.SCMSafeModeManager (SCMSafeModeManager.java:validateSafeModeExitRules(140)) - AtleastOneDatanodeReportedRule rule is successfully validated
2025-05-14 02:53:36,467 [main] INFO  http.BaseHttpServer (BaseHttpServer.java:newHttpServer2BuilderForOzone(229)) - Starting Web-server for hddsDatanode at: http://0.0.0.0:15082
2025-05-14 02:53:36,467 [main] INFO  http.BaseHttpServer (BaseHttpServer.java:<init>(107)) - Hadoop Security Enabled: false Ozone Security Enabled: false Ozone HTTP Security Enabled: false 
2025-05-14 02:53:36,469 [main] WARN  server.AuthenticationFilter (AuthenticationFilter.java:constructSecretProvider(240)) - Unable to initialize FileSignerSecretProvider, falling back to use random secrets. Reason: Could not read signature secret file: /home/runner/hadoop-http-auth-signature-secret
2025-05-14 02:53:36,471 [main] INFO  http.HttpServer2 (HttpServer2.java:addGlobalFilter(1042)) - Added global filter 'safety' (class=org.apache.hadoop.hdds.server.http.HttpServer2$QuotingInputFilter)
2025-05-14 02:53:36,472 [main] INFO  http.HttpServer2 (HttpServer2.java:addFilter(1018)) - Added filter static_user_filter (class=org.apache.hadoop.http.lib.StaticUserWebFilter$StaticUserFilter) to context hddsDatanode
2025-05-14 02:53:36,473 [main] INFO  http.HttpServer2 (HttpServer2.java:addFilter(1026)) - Added filter static_user_filter (class=org.apache.hadoop.http.lib.StaticUserWebFilter$StaticUserFilter) to context logs
2025-05-14 02:53:36,473 [main] INFO  http.HttpServer2 (HttpServer2.java:addFilter(1026)) - Added filter static_user_filter (class=org.apache.hadoop.http.lib.StaticUserWebFilter$StaticUserFilter) to context static
2025-05-14 02:53:36,473 [main] INFO  http.BaseHttpServer (BaseHttpServer.java:<init>(195)) - HTTP server of hddsDatanode uses base directory /home/runner/work/ozone/ozone/hadoop-ozone/integration-test/target/test-dir/MiniOzoneClusterImpl-af940217-b311-440f-8e09-352fdf66236b/ozone-meta/datanode-10/meta/webserver
2025-05-14 02:53:36,473 [main] INFO  http.HttpServer2 (HttpServer2.java:bindListener(1242)) - Jetty bound to port 15082
2025-05-14 02:53:36,474 [main] INFO  server.Server (Server.java:doStart(375)) - jetty-9.4.57.v20241219; built: 2025-01-08T21:24:30.412Z; git: df524e6b29271c2e09ba9aea83c18dc9db464a31; jvm 21.0.7+6-LTS
2025-05-14 02:53:36,479 [main] INFO  server.session (DefaultSessionIdManager.java:doStart(334)) - DefaultSessionIdManager workerName=node0
2025-05-14 02:53:36,480 [main] INFO  server.session (DefaultSessionIdManager.java:doStart(339)) - No SessionScavenger set, using defaults
2025-05-14 02:53:36,480 [main] INFO  server.session (HouseKeeper.java:startScavenging(132)) - node0 Scavenging every 660000ms
2025-05-14 02:53:36,481 [main] INFO  handler.ContextHandler (ContextHandler.java:doStart(921)) - Started o.e.j.s.ServletContextHandler@484bd339{logs,/logs,file:///home/runner/work/ozone/ozone/hadoop-ozone/integration-test/target/log,AVAILABLE}
2025-05-14 02:53:36,482 [main] INFO  handler.ContextHandler (ContextHandler.java:doStart(921)) - Started o.e.j.s.ServletContextHandler@272c18a1{static,/static,jar:file:/home/runner/work/ozone/ozone/hadoop-hdds/container-service/target/hdds-container-service-2.1.0-SNAPSHOT.jar!/webapps/static,AVAILABLE}
2025-05-14 02:53:36,492 [f4f68937-1ce3-42e1-b3e7-547ae2d23d85-EndpointStateMachineTaskThread-/0.0.0.0:15002-0 ] INFO  utils.DatanodeStoreCache (DatanodeStoreCache.java:addDB(70)) - Added db /home/runner/work/ozone/ozone/hadoop-ozone/integration-test/target/test-dir/MiniOzoneClusterImpl-af940217-b311-440f-8e09-352fdf66236b/ozone-meta/datanode-7/data-0/hdds/af940217-b311-440f-8e09-352fdf66236b/DS-d4029e6e-a371-4b9f-8303-47709ad6101c/container.db to cache
2025-05-14 02:53:36,492 [f4f68937-1ce3-42e1-b3e7-547ae2d23d85-EndpointStateMachineTaskThread-/0.0.0.0:15002-0 ] INFO  volume.HddsVolume (HddsVolume.java:createDbStore(510)) - SchemaV3 db is created and loaded at /home/runner/work/ozone/ozone/hadoop-ozone/integration-test/target/test-dir/MiniOzoneClusterImpl-af940217-b311-440f-8e09-352fdf66236b/ozone-meta/datanode-7/data-0/hdds/af940217-b311-440f-8e09-352fdf66236b/DS-d4029e6e-a371-4b9f-8303-47709ad6101c/container.db for volume DS-d4029e6e-a371-4b9f-8303-47709ad6101c
2025-05-14 02:53:36,496 [f4f68937-1ce3-42e1-b3e7-547ae2d23d85-ContainerReader-0] INFO  ozoneimpl.ContainerReader (ContainerReader.java:readVolume(144)) - Start to verify containers on volume /home/runner/work/ozone/ozone/hadoop-ozone/integration-test/target/test-dir/MiniOzoneClusterImpl-af940217-b311-440f-8e09-352fdf66236b/ozone-meta/datanode-7/data-0/hdds
2025-05-14 02:53:36,496 [f4f68937-1ce3-42e1-b3e7-547ae2d23d85-ContainerReader-0] INFO  ozoneimpl.ContainerReader (ContainerReader.java:readVolume(174)) - Finish verifying containers on volume /home/runner/work/ozone/ozone/hadoop-ozone/integration-test/target/test-dir/MiniOzoneClusterImpl-af940217-b311-440f-8e09-352fdf66236b/ozone-meta/datanode-7/data-0/hdds
2025-05-14 02:53:36,496 [f4f68937-1ce3-42e1-b3e7-547ae2d23d85-EndpointStateMachineTaskThread-/0.0.0.0:15002-0 ] INFO  ozoneimpl.OzoneContainer (OzoneContainer.java:buildContainerSet(364)) - Build ContainerSet costs 0s
2025-05-14 02:53:36,497 [f4f68937-1ce3-42e1-b3e7-547ae2d23d85-EndpointStateMachineTaskThread-/0.0.0.0:15002-0 ] INFO  volume.ThrottledAsyncChecker (ThrottledAsyncChecker.java:schedule(138)) - Scheduling a check for /home/runner/work/ozone/ozone/hadoop-ozone/integration-test/target/test-dir/MiniOzoneClusterImpl-af940217-b311-440f-8e09-352fdf66236b/ozone-meta/datanode-7/data-0/hdds
2025-05-14 02:53:36,500 [f4f68937-1ce3-42e1-b3e7-547ae2d23d85-EndpointStateMachineTaskThread-/0.0.0.0:15002-0 ] INFO  volume.StorageVolumeChecker (StorageVolumeChecker.java:checkAllVolumes(215)) - Scheduled health check for volume /home/runner/work/ozone/ozone/hadoop-ozone/integration-test/target/test-dir/MiniOzoneClusterImpl-af940217-b311-440f-8e09-352fdf66236b/ozone-meta/datanode-7/data-0/hdds
2025-05-14 02:53:36,502 [f4f68937-1ce3-42e1-b3e7-547ae2d23d85-EndpointStateMachineTaskThread-/0.0.0.0:15002-0 ] INFO  volume.ThrottledAsyncChecker (ThrottledAsyncChecker.java:schedule(138)) - Scheduling a check for /home/runner/work/ozone/ozone/hadoop-ozone/integration-test/target/test-dir/MiniOzoneClusterImpl-af940217-b311-440f-8e09-352fdf66236b/ozone-meta/datanode-7/ratis
2025-05-14 02:53:36,502 [f4f68937-1ce3-42e1-b3e7-547ae2d23d85-EndpointStateMachineTaskThread-/0.0.0.0:15002-0 ] INFO  volume.StorageVolumeChecker (StorageVolumeChecker.java:checkAllVolumes(215)) - Scheduled health check for volume /home/runner/work/ozone/ozone/hadoop-ozone/integration-test/target/test-dir/MiniOzoneClusterImpl-af940217-b311-440f-8e09-352fdf66236b/ozone-meta/datanode-7/ratis
2025-05-14 02:53:36,505 [f4f68937-1ce3-42e1-b3e7-547ae2d23d85-EndpointStateMachineTaskThread-/0.0.0.0:15002-0 ] INFO  ozoneimpl.OzoneContainer (OzoneContainer.java:start(512)) - Attempting to start container services.
2025-05-14 02:53:36,505 [f4f68937-1ce3-42e1-b3e7-547ae2d23d85-EndpointStateMachineTaskThread-/0.0.0.0:15002-0 ] WARN  ozoneimpl.OnDemandContainerDataScanner (OnDemandContainerDataScanner.java:init(74)) - Trying to initialize on demand scanner a second time on a datanode.
2025-05-14 02:53:36,506 [ContainerMetadataScanner] INFO  ozoneimpl.AbstractBackgroundContainerScanner (AbstractBackgroundContainerScanner.java:runIteration(89)) - Completed an iteration in 0 minutes. Number of iterations (since the data-node restart) : 1, Number of containers scanned in this iteration : 0, Number of unhealthy containers found in this iteration : 0
2025-05-14 02:53:36,507 [ContainerDataScanner(/home/runner/work/ozone/ozone/hadoop-ozone/integration-test/target/test-dir/MiniOzoneClusterImpl-af940217-b311-440f-8e09-352fdf66236b/ozone-meta/datanode-7/data-0/hdds)] INFO  ozoneimpl.AbstractBackgroundContainerScanner (AbstractBackgroundContainerScanner.java:runIteration(89)) - Completed an iteration in 0 minutes. Number of iterations (since the data-node restart) : 1, Number of containers scanned in this iteration : 0, Number of unhealthy containers found in this iteration : 0
2025-05-14 02:53:36,507 [f4f68937-1ce3-42e1-b3e7-547ae2d23d85-EndpointStateMachineTaskThread-/0.0.0.0:15002-0 ] INFO  replication.ReplicationServer (ReplicationServer.java:start(137)) - ReplicationServer is started using port 15065
2025-05-14 02:53:36,508 [f4f68937-1ce3-42e1-b3e7-547ae2d23d85-EndpointStateMachineTaskThread-/0.0.0.0:15002-0 ] INFO  ratis.XceiverServerRatis (XceiverServerRatis.java:start(559)) - Starting XceiverServerRatis(f4f68937-1ce3-42e1-b3e7-547ae2d23d85)
2025-05-14 02:53:36,510 [f4f68937-1ce3-42e1-b3e7-547ae2d23d85-EndpointStateMachineTaskThread-/0.0.0.0:15002-0 ] INFO  server.RaftServer (RaftServerProxy.java:startImpl(407)) - f4f68937-1ce3-42e1-b3e7-547ae2d23d85: start RPC server
2025-05-14 02:53:36,511 [f4f68937-1ce3-42e1-b3e7-547ae2d23d85-EndpointStateMachineTaskThread-/0.0.0.0:15002-0 ] INFO  server.GrpcService (GrpcService.java:startImpl(334)) - f4f68937-1ce3-42e1-b3e7-547ae2d23d85: GrpcService started, listening on 15061
2025-05-14 02:53:36,512 [f4f68937-1ce3-42e1-b3e7-547ae2d23d85-EndpointStateMachineTaskThread-/0.0.0.0:15002-0 ] INFO  server.GrpcService (GrpcService.java:startImpl(334)) - f4f68937-1ce3-42e1-b3e7-547ae2d23d85: GrpcService started, listening on 15063
2025-05-14 02:53:36,512 [f4f68937-1ce3-42e1-b3e7-547ae2d23d85-EndpointStateMachineTaskThread-/0.0.0.0:15002-0 ] INFO  server.GrpcService (GrpcService.java:startImpl(334)) - f4f68937-1ce3-42e1-b3e7-547ae2d23d85: GrpcService started, listening on 15062
2025-05-14 02:53:36,513 [f4f68937-1ce3-42e1-b3e7-547ae2d23d85-EndpointStateMachineTaskThread-/0.0.0.0:15002-0 ] INFO  ratis.XceiverServerRatis (XceiverServerRatis.java:getRealPort(586)) - XceiverServerRatis(f4f68937-1ce3-42e1-b3e7-547ae2d23d85) is started using port RATIS=15061
2025-05-14 02:53:36,513 [f4f68937-1ce3-42e1-b3e7-547ae2d23d85-EndpointStateMachineTaskThread-/0.0.0.0:15002-0 ] INFO  ratis.XceiverServerRatis (XceiverServerRatis.java:getRealPort(586)) - XceiverServerRatis(f4f68937-1ce3-42e1-b3e7-547ae2d23d85) is started using port RATIS_ADMIN=15062
2025-05-14 02:53:36,513 [f4f68937-1ce3-42e1-b3e7-547ae2d23d85-EndpointStateMachineTaskThread-/0.0.0.0:15002-0 ] INFO  ratis.XceiverServerRatis (XceiverServerRatis.java:getRealPort(586)) - XceiverServerRatis(f4f68937-1ce3-42e1-b3e7-547ae2d23d85) is started using port RATIS_SERVER=15063
2025-05-14 02:53:36,513 [f4f68937-1ce3-42e1-b3e7-547ae2d23d85-EndpointStateMachineTaskThread-/0.0.0.0:15002-0 ] INFO  ratis.XceiverServerRatis (XceiverServerRatis.java:getRealPort(586)) - XceiverServerRatis(f4f68937-1ce3-42e1-b3e7-547ae2d23d85) is started using port RATIS_DATASTREAM=15064
2025-05-14 02:53:36,513 [JvmPauseMonitor9] INFO  util.JvmPauseMonitor (JvmPauseMonitor.java:run(146)) - JvmPauseMonitor-f4f68937-1ce3-42e1-b3e7-547ae2d23d85: Started
2025-05-14 02:53:36,514 [f4f68937-1ce3-42e1-b3e7-547ae2d23d85-BlockDeletingService#0] INFO  interfaces.ContainerDeletionChoosingPolicyTemplate (ContainerDeletionChoosingPolicyTemplate.java:chooseContainerForBlockDeletion(83)) - Chosen 0/5000 blocks from 0 candidate containers.
2025-05-14 02:53:36,579 [EventQueue-PipelineReportForOneReplicaPipelineSafeModeRule] INFO  safemode.SCMSafeModeManager (SCMSafeModeManager.java:validateSafeModeExitRules(140)) - AtleastOneDatanodeReportedRule rule is successfully validated
2025-05-14 02:53:36,599 [EventQueue-PipelineReportForOneReplicaPipelineSafeModeRule] INFO  safemode.SCMSafeModeManager (SCMSafeModeManager.java:validateSafeModeExitRules(140)) - AtleastOneDatanodeReportedRule rule is successfully validated
2025-05-14 02:53:36,624 [main] INFO  handler.ContextHandler (ContextHandler.java:doStart(921)) - Started o.e.j.w.WebAppContext@3ecfc685{hddsDatanode,/,file:///home/runner/work/ozone/ozone/hadoop-ozone/integration-test/target/test-dir/MiniOzoneClusterImpl-af940217-b311-440f-8e09-352fdf66236b/ozone-meta/datanode-10/meta/webserver/jetty-0_0_0_0-15082-hdds-container-service-2_1_0-SNAPSHOT_jar-_-any-17560610154314806218/webapp/,AVAILABLE}{jar:file:/home/runner/work/ozone/ozone/hadoop-hdds/container-service/target/hdds-container-service-2.1.0-SNAPSHOT.jar!/webapps/hddsDatanode}
2025-05-14 02:53:36,624 [main] INFO  server.AbstractConnector (AbstractConnector.java:doStart(333)) - Started ServerConnector@9cc7cda{HTTP/1.1, (http/1.1)}{0.0.0.0:15082}
2025-05-14 02:53:36,624 [main] INFO  server.Server (Server.java:doStart(415)) - Started @13445ms
2025-05-14 02:53:36,625 [main] WARN  impl.MetricsSystemImpl (MetricsSystemImpl.java:register(279)) - Sink prometheus already exists!
2025-05-14 02:53:36,625 [main] INFO  http.BaseHttpServer (BaseHttpServer.java:updateConnectorAddress(359)) - HTTP server of hddsDatanode listening at http://0.0.0.0:15082
2025-05-14 02:53:36,625 [main] INFO  ipc.CallQueueManager (CallQueueManager.java:<init>(93)) - Using callQueue: class java.util.concurrent.LinkedBlockingQueue, queueCapacity: 1000, scheduler: class org.apache.hadoop.ipc.DefaultRpcScheduler, ipcBackoff: false, ipcFailOver: false.
2025-05-14 02:53:36,626 [main] INFO  ipc.Server (Server.java:<init>(1438)) - Listener at 0.0.0.0:15083
2025-05-14 02:53:36,626 [Socket Reader #1 for port 15083] INFO  ipc.Server (Server.java:run(1474)) - Starting Socket Reader #1 for port 15083
2025-05-14 02:53:36,626 [Socket Reader #2 for port 15083] INFO  ipc.Server (Server.java:run(1474)) - Starting Socket Reader #2 for port 15083
2025-05-14 02:53:36,626 [Socket Reader #3 for port 15083] INFO  ipc.Server (Server.java:run(1474)) - Starting Socket Reader #3 for port 15083
2025-05-14 02:53:36,627 [Socket Reader #4 for port 15083] INFO  ipc.Server (Server.java:run(1474)) - Starting Socket Reader #4 for port 15083
2025-05-14 02:53:36,627 [Socket Reader #5 for port 15083] INFO  ipc.Server (Server.java:run(1474)) - Starting Socket Reader #5 for port 15083
2025-05-14 02:53:36,627 [Socket Reader #6 for port 15083] INFO  ipc.Server (Server.java:run(1474)) - Starting Socket Reader #6 for port 15083
2025-05-14 02:53:36,627 [Socket Reader #7 for port 15083] INFO  ipc.Server (Server.java:run(1474)) - Starting Socket Reader #7 for port 15083
2025-05-14 02:53:36,627 [Socket Reader #8 for port 15083] INFO  ipc.Server (Server.java:run(1474)) - Starting Socket Reader #8 for port 15083
2025-05-14 02:53:36,627 [Socket Reader #9 for port 15083] INFO  ipc.Server (Server.java:run(1474)) - Starting Socket Reader #9 for port 15083
2025-05-14 02:53:36,628 [Socket Reader #10 for port 15083] INFO  ipc.Server (Server.java:run(1474)) - Starting Socket Reader #10 for port 15083
2025-05-14 02:53:36,629 [main] INFO  ozone.HddsDatanodeService (HddsDatanodeService.java:start(325)) - Datanode start with admins: [runner]
2025-05-14 02:53:36,629 [main] INFO  ozone.HddsDatanodeClientProtocolServer (HddsDatanodeClientProtocolServer.java:start(76)) - RPC server for Client /0.0.0.0:15083
2025-05-14 02:53:36,630 [IPC Server Responder] INFO  ipc.Server (Server.java:run(1713)) - IPC Server Responder: starting
2025-05-14 02:53:36,630 [IPC Server listener on 15083] INFO  ipc.Server (Server.java:run(1553)) - IPC Server listener on 15083: starting
2025-05-14 02:53:36,632 [9d8a5836-bfca-4d37-9676-470807fcd29d-DatanodeStateMachineDaemonThread] INFO  statemachine.DatanodeStateMachine (DatanodeStateMachine.java:startStateMachineThread(340)) - Ozone container server started.
2025-05-14 02:53:36,636 [main] INFO  ozone.MiniOzoneClusterImpl (MiniOzoneClusterImpl.java:lambda$waitForClusterToBeReady$0(191)) - Waiting for nodes to be ready. Got 5 of 10 DN Heartbeats.
2025-05-14 02:53:36,636 [main] INFO  ozone.MiniOzoneClusterImpl (MiniOzoneClusterImpl.java:lambda$waitForClusterToBeReady$0(194)) - Waiting for cluster to exit safe mode
2025-05-14 02:53:36,636 [main] INFO  ozone.MiniOzoneClusterImpl (MiniOzoneClusterImpl.java:lambda$waitForClusterToBeReady$0(196)) - SCM became leader
2025-05-14 02:53:36,637 [9d8a5836-bfca-4d37-9676-470807fcd29d-DatanodeStateMachineTaskThread-0] INFO  datanode.InitDatanodeState (InitDatanodeState.java:persistContainerDatanodeDetails(139)) - DatanodeDetails is persisted to /home/runner/work/ozone/ozone/hadoop-ozone/integration-test/target/test-dir/MiniOzoneClusterImpl-af940217-b311-440f-8e09-352fdf66236b/ozone-meta/datanode-10/meta/datanode.id
2025-05-14 02:53:36,659 [EventQueue-PipelineReportForOneReplicaPipelineSafeModeRule] INFO  safemode.SCMSafeModeManager (SCMSafeModeManager.java:validateSafeModeExitRules(140)) - AtleastOneDatanodeReportedRule rule is successfully validated
2025-05-14 02:53:36,707 [IPC Server handler 22 on default port 15002] INFO  net.NetworkTopologyImpl (NetworkTopologyImpl.java:add(133)) - Added a new node: /default-rack/c77e66e9-1cca-4fd3-bc5b-4ea2dbc3232f
2025-05-14 02:53:36,707 [IPC Server handler 22 on default port 15002] INFO  node.SCMNodeManager (SCMNodeManager.java:register(426)) - Registered datanode: c77e66e9-1cca-4fd3-bc5b-4ea2dbc3232f{ip: 127.0.0.1, host: localhost, ports: [HTTP=15050, CLIENT_RPC=15051, REPLICATION=15057, RATIS=15053, RATIS_ADMIN=15054, RATIS_SERVER=15055, RATIS_DATASTREAM=15056, STANDALONE=15052], networkLocation: /default-rack, certSerialId: null, persistedOpState: null, persistedOpStateExpiryEpochSec: 0}
2025-05-14 02:53:36,707 [EventQueue-NewNodeForNewNodeHandler] INFO  pipeline.BackgroundPipelineCreator (BackgroundPipelineCreator.java:notifyEventTriggered(290)) - trigger a one-shot run on RatisPipelineUtilsThread.
2025-05-14 02:53:36,707 [EventQueue-ContainerRegistrationReportForECContainerSafeModeRule] INFO  safemode.SCMSafeModeManager (SCMSafeModeManager.java:validateSafeModeExitRules(140)) - ECContainerSafeModeRule rule is successfully validated
2025-05-14 02:53:36,707 [EventQueue-NodeRegistrationContainerReportForDataNodeSafeModeRule] INFO  safemode.SCMSafeModeManager (SCMSafeModeManager.java:validateSafeModeExitRules(140)) - DataNodeSafeModeRule rule is successfully validated
2025-05-14 02:53:36,707 [EventQueue-ContainerRegistrationReportForRatisContainerSafeModeRule] INFO  safemode.SCMSafeModeManager (SCMSafeModeManager.java:validateSafeModeExitRules(140)) - RatisContainerSafeModeRule rule is successfully validated
2025-05-14 02:53:36,708 [EventQueue-PipelineReportForOneReplicaPipelineSafeModeRule] INFO  safemode.SCMSafeModeManager (SCMSafeModeManager.java:validateSafeModeExitRules(140)) - AtleastOneDatanodeReportedRule rule is successfully validated
2025-05-14 02:53:36,708 [RatisPipelineUtilsThread-0] INFO  pipeline.RatisPipelineProvider (RatisPipelineProvider.java:lambda$create$0(208)) - Sending CreatePipelineCommand for pipeline:PipelineID=d1819bd0-c34f-41f4-be2b-ca654213e6f9 to datanode:c77e66e9-1cca-4fd3-bc5b-4ea2dbc3232f(localhost/127.0.0.1)
2025-05-14 02:53:36,711 [EventQueue-PipelineReportForOneReplicaPipelineSafeModeRule] INFO  safemode.SCMSafeModeManager (SCMSafeModeManager.java:validateSafeModeExitRules(140)) - AtleastOneDatanodeReportedRule rule is successfully validated
2025-05-14 02:53:36,711 [1edfeee1-83e1-4d34-a92c-2e00b570784e@group-352FDF66236B-StateMachineUpdater] INFO  safemode.SCMSafeModeManager (SCMSafeModeManager.java:validateSafeModeExitRules(140)) - DataNodeSafeModeRule rule is successfully validated
2025-05-14 02:53:36,712 [1edfeee1-83e1-4d34-a92c-2e00b570784e@group-352FDF66236B-StateMachineUpdater] INFO  safemode.SCMSafeModeManager (SCMSafeModeManager.java:validateSafeModeExitRules(140)) - RatisContainerSafeModeRule rule is successfully validated
2025-05-14 02:53:36,712 [1edfeee1-83e1-4d34-a92c-2e00b570784e@group-352FDF66236B-StateMachineUpdater] INFO  safemode.HealthyPipelineSafeModeRule (HealthyPipelineSafeModeRule.java:initializeRule(173)) - Refreshed total pipeline count is 0, healthy pipeline threshold count is 1
2025-05-14 02:53:36,712 [1edfeee1-83e1-4d34-a92c-2e00b570784e@group-352FDF66236B-StateMachineUpdater] INFO  safemode.SCMSafeModeManager (SCMSafeModeManager.java:validateSafeModeExitRules(140)) - ECContainerSafeModeRule rule is successfully validated
2025-05-14 02:53:36,712 [1edfeee1-83e1-4d34-a92c-2e00b570784e@group-352FDF66236B-StateMachineUpdater] INFO  safemode.SCMSafeModeManager (SCMSafeModeManager.java:validateSafeModeExitRules(140)) - AtleastOneDatanodeReportedRule rule is successfully validated
2025-05-14 02:53:36,712 [RatisPipelineUtilsThread-0] INFO  pipeline.BackgroundPipelineCreator (BackgroundPipelineCreator.java:createPipelines(246)) - Created new pipeline Pipeline{ Id: d1819bd0-c34f-41f4-be2b-ca654213e6f9, Nodes: [ {c77e66e9-1cca-4fd3-bc5b-4ea2dbc3232f(localhost/127.0.0.1), ReplicaIndex: 0},], ReplicationConfig: RATIS/ONE, State:ALLOCATED, leaderId:, CreationTimestamp2025-05-14T02:53:36.708379140Z[Etc/UTC]}
2025-05-14 02:53:36,713 [RatisPipelineUtilsThread-0] INFO  pipeline.RatisPipelineProvider (RatisPipelineProvider.java:lambda$create$0(208)) - Sending CreatePipelineCommand for pipeline:PipelineID=022d5f31-dc68-4e3a-bbba-dc6000f9f072 to datanode:e44b5a69-92f9-40f4-85c9-712e1c637b62(localhost/127.0.0.1)
2025-05-14 02:53:36,713 [RatisPipelineUtilsThread-0] INFO  pipeline.RatisPipelineProvider (RatisPipelineProvider.java:lambda$create$0(208)) - Sending CreatePipelineCommand for pipeline:PipelineID=022d5f31-dc68-4e3a-bbba-dc6000f9f072 to datanode:d4e44fd7-0e23-4e4f-bc30-0c7965de497d(localhost/127.0.0.1)
2025-05-14 02:53:36,713 [RatisPipelineUtilsThread-0] INFO  pipeline.RatisPipelineProvider (RatisPipelineProvider.java:lambda$create$0(208)) - Sending CreatePipelineCommand for pipeline:PipelineID=022d5f31-dc68-4e3a-bbba-dc6000f9f072 to datanode:c77e66e9-1cca-4fd3-bc5b-4ea2dbc3232f(localhost/127.0.0.1)
2025-05-14 02:53:36,716 [1edfeee1-83e1-4d34-a92c-2e00b570784e@group-352FDF66236B-StateMachineUpdater] INFO  safemode.SCMSafeModeManager (SCMSafeModeManager.java:validateSafeModeExitRules(140)) - DataNodeSafeModeRule rule is successfully validated
2025-05-14 02:53:36,716 [1edfeee1-83e1-4d34-a92c-2e00b570784e@group-352FDF66236B-StateMachineUpdater] INFO  safemode.SCMSafeModeManager (SCMSafeModeManager.java:validateSafeModeExitRules(140)) - RatisContainerSafeModeRule rule is successfully validated
2025-05-14 02:53:36,716 [1edfeee1-83e1-4d34-a92c-2e00b570784e@group-352FDF66236B-StateMachineUpdater] INFO  safemode.HealthyPipelineSafeModeRule (HealthyPipelineSafeModeRule.java:initializeRule(173)) - Refreshed total pipeline count is 0, healthy pipeline threshold count is 1
2025-05-14 02:53:36,716 [1edfeee1-83e1-4d34-a92c-2e00b570784e@group-352FDF66236B-StateMachineUpdater] INFO  safemode.SCMSafeModeManager (SCMSafeModeManager.java:validateSafeModeExitRules(140)) - ECContainerSafeModeRule rule is successfully validated
2025-05-14 02:53:36,716 [1edfeee1-83e1-4d34-a92c-2e00b570784e@group-352FDF66236B-StateMachineUpdater] INFO  safemode.SCMSafeModeManager (SCMSafeModeManager.java:validateSafeModeExitRules(140)) - AtleastOneDatanodeReportedRule rule is successfully validated
2025-05-14 02:53:36,717 [RatisPipelineUtilsThread-0] INFO  pipeline.BackgroundPipelineCreator (BackgroundPipelineCreator.java:createPipelines(246)) - Created new pipeline Pipeline{ Id: 022d5f31-dc68-4e3a-bbba-dc6000f9f072, Nodes: [ {e44b5a69-92f9-40f4-85c9-712e1c637b62(localhost/127.0.0.1), ReplicaIndex: 0}, {d4e44fd7-0e23-4e4f-bc30-0c7965de497d(localhost/127.0.0.1), ReplicaIndex: 0}, {c77e66e9-1cca-4fd3-bc5b-4ea2dbc3232f(localhost/127.0.0.1), ReplicaIndex: 0},], ReplicationConfig: RATIS/THREE, State:ALLOCATED, leaderId:, CreationTimestamp2025-05-14T02:53:36.713374868Z[Etc/UTC]}
2025-05-14 02:53:36,718 [RatisPipelineUtilsThread-0] INFO  pipeline.RatisPipelineProvider (RatisPipelineProvider.java:lambda$create$0(208)) - Sending CreatePipelineCommand for pipeline:PipelineID=8155a67b-a88a-4cce-aefd-90b7bbecbc71 to datanode:e44b5a69-92f9-40f4-85c9-712e1c637b62(localhost/127.0.0.1)
2025-05-14 02:53:36,718 [RatisPipelineUtilsThread-0] INFO  pipeline.RatisPipelineProvider (RatisPipelineProvider.java:lambda$create$0(208)) - Sending CreatePipelineCommand for pipeline:PipelineID=8155a67b-a88a-4cce-aefd-90b7bbecbc71 to datanode:d4e44fd7-0e23-4e4f-bc30-0c7965de497d(localhost/127.0.0.1)
2025-05-14 02:53:36,718 [RatisPipelineUtilsThread-0] INFO  pipeline.RatisPipelineProvider (RatisPipelineProvider.java:lambda$create$0(208)) - Sending CreatePipelineCommand for pipeline:PipelineID=8155a67b-a88a-4cce-aefd-90b7bbecbc71 to datanode:c77e66e9-1cca-4fd3-bc5b-4ea2dbc3232f(localhost/127.0.0.1)
2025-05-14 02:53:36,721 [1edfeee1-83e1-4d34-a92c-2e00b570784e@group-352FDF66236B-StateMachineUpdater] INFO  safemode.SCMSafeModeManager (SCMSafeModeManager.java:validateSafeModeExitRules(140)) - DataNodeSafeModeRule rule is successfully validated
2025-05-14 02:53:36,721 [1edfeee1-83e1-4d34-a92c-2e00b570784e@group-352FDF66236B-StateMachineUpdater] INFO  safemode.SCMSafeModeManager (SCMSafeModeManager.java:validateSafeModeExitRules(140)) - RatisContainerSafeModeRule rule is successfully validated
2025-05-14 02:53:36,721 [1edfeee1-83e1-4d34-a92c-2e00b570784e@group-352FDF66236B-StateMachineUpdater] INFO  safemode.HealthyPipelineSafeModeRule (HealthyPipelineSafeModeRule.java:initializeRule(173)) - Refreshed total pipeline count is 0, healthy pipeline threshold count is 1
2025-05-14 02:53:36,721 [1edfeee1-83e1-4d34-a92c-2e00b570784e@group-352FDF66236B-StateMachineUpdater] INFO  safemode.SCMSafeModeManager (SCMSafeModeManager.java:validateSafeModeExitRules(140)) - ECContainerSafeModeRule rule is successfully validated
2025-05-14 02:53:36,721 [1edfeee1-83e1-4d34-a92c-2e00b570784e@group-352FDF66236B-StateMachineUpdater] INFO  safemode.SCMSafeModeManager (SCMSafeModeManager.java:validateSafeModeExitRules(140)) - AtleastOneDatanodeReportedRule rule is successfully validated
2025-05-14 02:53:36,722 [RatisPipelineUtilsThread-0] INFO  pipeline.PipelineManagerImpl (PipelineManagerImpl.java:recordMetricsForPipeline(907)) - Pipeline: PipelineID=8155a67b-a88a-4cce-aefd-90b7bbecbc71 contains same datanodes as previous pipelines: PipelineID=022d5f31-dc68-4e3a-bbba-dc6000f9f072 nodeIds: e44b5a69-92f9-40f4-85c9-712e1c637b62, d4e44fd7-0e23-4e4f-bc30-0c7965de497d, c77e66e9-1cca-4fd3-bc5b-4ea2dbc3232f
2025-05-14 02:53:36,722 [RatisPipelineUtilsThread-0] INFO  pipeline.BackgroundPipelineCreator (BackgroundPipelineCreator.java:createPipelines(246)) - Created new pipeline Pipeline{ Id: 8155a67b-a88a-4cce-aefd-90b7bbecbc71, Nodes: [ {e44b5a69-92f9-40f4-85c9-712e1c637b62(localhost/127.0.0.1), ReplicaIndex: 0}, {d4e44fd7-0e23-4e4f-bc30-0c7965de497d(localhost/127.0.0.1), ReplicaIndex: 0}, {c77e66e9-1cca-4fd3-bc5b-4ea2dbc3232f(localhost/127.0.0.1), ReplicaIndex: 0},], ReplicationConfig: RATIS/THREE, State:ALLOCATED, leaderId:, CreationTimestamp2025-05-14T02:53:36.718286430Z[Etc/UTC]}
2025-05-14 02:53:36,725 [8e51993b-4f71-45b0-84f2-cf37ffbd2099-EndpointStateMachineTaskThread-/0.0.0.0:15002-0 ] INFO  utils.DatanodeStoreCache (DatanodeStoreCache.java:addDB(70)) - Added db /home/runner/work/ozone/ozone/hadoop-ozone/integration-test/target/test-dir/MiniOzoneClusterImpl-af940217-b311-440f-8e09-352fdf66236b/ozone-meta/datanode-8/data-0/hdds/af940217-b311-440f-8e09-352fdf66236b/DS-5de1cb22-16a6-41ea-abd1-46bb6e984e2a/container.db to cache
2025-05-14 02:53:36,725 [8e51993b-4f71-45b0-84f2-cf37ffbd2099-EndpointStateMachineTaskThread-/0.0.0.0:15002-0 ] INFO  volume.HddsVolume (HddsVolume.java:createDbStore(510)) - SchemaV3 db is created and loaded at /home/runner/work/ozone/ozone/hadoop-ozone/integration-test/target/test-dir/MiniOzoneClusterImpl-af940217-b311-440f-8e09-352fdf66236b/ozone-meta/datanode-8/data-0/hdds/af940217-b311-440f-8e09-352fdf66236b/DS-5de1cb22-16a6-41ea-abd1-46bb6e984e2a/container.db for volume DS-5de1cb22-16a6-41ea-abd1-46bb6e984e2a
2025-05-14 02:53:36,727 [8e51993b-4f71-45b0-84f2-cf37ffbd2099-ContainerReader-0] INFO  ozoneimpl.ContainerReader (ContainerReader.java:readVolume(144)) - Start to verify containers on volume /home/runner/work/ozone/ozone/hadoop-ozone/integration-test/target/test-dir/MiniOzoneClusterImpl-af940217-b311-440f-8e09-352fdf66236b/ozone-meta/datanode-8/data-0/hdds
2025-05-14 02:53:36,728 [8e51993b-4f71-45b0-84f2-cf37ffbd2099-ContainerReader-0] INFO  ozoneimpl.ContainerReader (ContainerReader.java:readVolume(174)) - Finish verifying containers on volume /home/runner/work/ozone/ozone/hadoop-ozone/integration-test/target/test-dir/MiniOzoneClusterImpl-af940217-b311-440f-8e09-352fdf66236b/ozone-meta/datanode-8/data-0/hdds
2025-05-14 02:53:36,728 [8e51993b-4f71-45b0-84f2-cf37ffbd2099-EndpointStateMachineTaskThread-/0.0.0.0:15002-0 ] INFO  ozoneimpl.OzoneContainer (OzoneContainer.java:buildContainerSet(364)) - Build ContainerSet costs 0s
2025-05-14 02:53:36,728 [8e51993b-4f71-45b0-84f2-cf37ffbd2099-EndpointStateMachineTaskThread-/0.0.0.0:15002-0 ] INFO  volume.ThrottledAsyncChecker (ThrottledAsyncChecker.java:schedule(138)) - Scheduling a check for /home/runner/work/ozone/ozone/hadoop-ozone/integration-test/target/test-dir/MiniOzoneClusterImpl-af940217-b311-440f-8e09-352fdf66236b/ozone-meta/datanode-8/data-0/hdds
2025-05-14 02:53:36,728 [8e51993b-4f71-45b0-84f2-cf37ffbd2099-EndpointStateMachineTaskThread-/0.0.0.0:15002-0 ] INFO  volume.StorageVolumeChecker (StorageVolumeChecker.java:checkAllVolumes(215)) - Scheduled health check for volume /home/runner/work/ozone/ozone/hadoop-ozone/integration-test/target/test-dir/MiniOzoneClusterImpl-af940217-b311-440f-8e09-352fdf66236b/ozone-meta/datanode-8/data-0/hdds
2025-05-14 02:53:36,731 [8e51993b-4f71-45b0-84f2-cf37ffbd2099-EndpointStateMachineTaskThread-/0.0.0.0:15002-0 ] INFO  volume.ThrottledAsyncChecker (ThrottledAsyncChecker.java:schedule(138)) - Scheduling a check for /home/runner/work/ozone/ozone/hadoop-ozone/integration-test/target/test-dir/MiniOzoneClusterImpl-af940217-b311-440f-8e09-352fdf66236b/ozone-meta/datanode-8/ratis
2025-05-14 02:53:36,731 [8e51993b-4f71-45b0-84f2-cf37ffbd2099-EndpointStateMachineTaskThread-/0.0.0.0:15002-0 ] INFO  volume.StorageVolumeChecker (StorageVolumeChecker.java:checkAllVolumes(215)) - Scheduled health check for volume /home/runner/work/ozone/ozone/hadoop-ozone/integration-test/target/test-dir/MiniOzoneClusterImpl-af940217-b311-440f-8e09-352fdf66236b/ozone-meta/datanode-8/ratis
2025-05-14 02:53:36,732 [8e51993b-4f71-45b0-84f2-cf37ffbd2099-EndpointStateMachineTaskThread-/0.0.0.0:15002-0 ] INFO  ozoneimpl.OzoneContainer (OzoneContainer.java:start(512)) - Attempting to start container services.
2025-05-14 02:53:36,732 [8e51993b-4f71-45b0-84f2-cf37ffbd2099-EndpointStateMachineTaskThread-/0.0.0.0:15002-0 ] WARN  ozoneimpl.OnDemandContainerDataScanner (OnDemandContainerDataScanner.java:init(74)) - Trying to initialize on demand scanner a second time on a datanode.
2025-05-14 02:53:36,732 [ContainerMetadataScanner] INFO  ozoneimpl.AbstractBackgroundContainerScanner (AbstractBackgroundContainerScanner.java:runIteration(89)) - Completed an iteration in 0 minutes. Number of iterations (since the data-node restart) : 1, Number of containers scanned in this iteration : 0, Number of unhealthy containers found in this iteration : 0
2025-05-14 02:53:36,733 [ContainerDataScanner(/home/runner/work/ozone/ozone/hadoop-ozone/integration-test/target/test-dir/MiniOzoneClusterImpl-af940217-b311-440f-8e09-352fdf66236b/ozone-meta/datanode-8/data-0/hdds)] INFO  ozoneimpl.AbstractBackgroundContainerScanner (AbstractBackgroundContainerScanner.java:runIteration(89)) - Completed an iteration in 0 minutes. Number of iterations (since the data-node restart) : 1, Number of containers scanned in this iteration : 0, Number of unhealthy containers found in this iteration : 0
2025-05-14 02:53:36,733 [8e51993b-4f71-45b0-84f2-cf37ffbd2099-EndpointStateMachineTaskThread-/0.0.0.0:15002-0 ] INFO  replication.ReplicationServer (ReplicationServer.java:start(137)) - ReplicationServer is started using port 15073
2025-05-14 02:53:36,733 [8e51993b-4f71-45b0-84f2-cf37ffbd2099-EndpointStateMachineTaskThread-/0.0.0.0:15002-0 ] INFO  ratis.XceiverServerRatis (XceiverServerRatis.java:start(559)) - Starting XceiverServerRatis(8e51993b-4f71-45b0-84f2-cf37ffbd2099)
2025-05-14 02:53:36,734 [8e51993b-4f71-45b0-84f2-cf37ffbd2099-EndpointStateMachineTaskThread-/0.0.0.0:15002-0 ] INFO  server.RaftServer (RaftServerProxy.java:startImpl(407)) - 8e51993b-4f71-45b0-84f2-cf37ffbd2099: start RPC server
2025-05-14 02:53:36,734 [8e51993b-4f71-45b0-84f2-cf37ffbd2099-EndpointStateMachineTaskThread-/0.0.0.0:15002-0 ] INFO  server.GrpcService (GrpcService.java:startImpl(334)) - 8e51993b-4f71-45b0-84f2-cf37ffbd2099: GrpcService started, listening on 15069
2025-05-14 02:53:36,735 [8e51993b-4f71-45b0-84f2-cf37ffbd2099-EndpointStateMachineTaskThread-/0.0.0.0:15002-0 ] INFO  server.GrpcService (GrpcService.java:startImpl(334)) - 8e51993b-4f71-45b0-84f2-cf37ffbd2099: GrpcService started, listening on 15071
2025-05-14 02:53:36,735 [8e51993b-4f71-45b0-84f2-cf37ffbd2099-EndpointStateMachineTaskThread-/0.0.0.0:15002-0 ] INFO  server.GrpcService (GrpcService.java:startImpl(334)) - 8e51993b-4f71-45b0-84f2-cf37ffbd2099: GrpcService started, listening on 15070
2025-05-14 02:53:36,735 [8e51993b-4f71-45b0-84f2-cf37ffbd2099-EndpointStateMachineTaskThread-/0.0.0.0:15002-0 ] INFO  ratis.XceiverServerRatis (XceiverServerRatis.java:getRealPort(586)) - XceiverServerRatis(8e51993b-4f71-45b0-84f2-cf37ffbd2099) is started using port RATIS=15069
2025-05-14 02:53:36,735 [JvmPauseMonitor10] INFO  util.JvmPauseMonitor (JvmPauseMonitor.java:run(146)) - JvmPauseMonitor-8e51993b-4f71-45b0-84f2-cf37ffbd2099: Started
2025-05-14 02:53:36,735 [8e51993b-4f71-45b0-84f2-cf37ffbd2099-EndpointStateMachineTaskThread-/0.0.0.0:15002-0 ] INFO  ratis.XceiverServerRatis (XceiverServerRatis.java:getRealPort(586)) - XceiverServerRatis(8e51993b-4f71-45b0-84f2-cf37ffbd2099) is started using port RATIS_ADMIN=15070
2025-05-14 02:53:36,735 [8e51993b-4f71-45b0-84f2-cf37ffbd2099-EndpointStateMachineTaskThread-/0.0.0.0:15002-0 ] INFO  ratis.XceiverServerRatis (XceiverServerRatis.java:getRealPort(586)) - XceiverServerRatis(8e51993b-4f71-45b0-84f2-cf37ffbd2099) is started using port RATIS_SERVER=15071
2025-05-14 02:53:36,735 [8e51993b-4f71-45b0-84f2-cf37ffbd2099-EndpointStateMachineTaskThread-/0.0.0.0:15002-0 ] INFO  ratis.XceiverServerRatis (XceiverServerRatis.java:getRealPort(586)) - XceiverServerRatis(8e51993b-4f71-45b0-84f2-cf37ffbd2099) is started using port RATIS_DATASTREAM=15072
2025-05-14 02:53:36,736 [8e51993b-4f71-45b0-84f2-cf37ffbd2099-BlockDeletingService#0] INFO  interfaces.ContainerDeletionChoosingPolicyTemplate (ContainerDeletionChoosingPolicyTemplate.java:chooseContainerForBlockDeletion(83)) - Chosen 0/5000 blocks from 0 candidate containers.
2025-05-14 02:53:36,799 [EventQueue-PipelineReportForOneReplicaPipelineSafeModeRule] INFO  safemode.SCMSafeModeManager (SCMSafeModeManager.java:validateSafeModeExitRules(140)) - AtleastOneDatanodeReportedRule rule is successfully validated
2025-05-14 02:53:36,859 [EventQueue-PipelineReportForOneReplicaPipelineSafeModeRule] INFO  safemode.SCMSafeModeManager (SCMSafeModeManager.java:validateSafeModeExitRules(140)) - AtleastOneDatanodeReportedRule rule is successfully validated
2025-05-14 02:53:36,911 [EventQueue-PipelineReportForOneReplicaPipelineSafeModeRule] INFO  safemode.SCMSafeModeManager (SCMSafeModeManager.java:validateSafeModeExitRules(140)) - AtleastOneDatanodeReportedRule rule is successfully validated
2025-05-14 02:53:36,937 [IPC Server handler 24 on default port 15002] INFO  net.NetworkTopologyImpl (NetworkTopologyImpl.java:add(133)) - Added a new node: /default-rack/f4f68937-1ce3-42e1-b3e7-547ae2d23d85
2025-05-14 02:53:36,937 [IPC Server handler 24 on default port 15002] INFO  node.SCMNodeManager (SCMNodeManager.java:register(426)) - Registered datanode: f4f68937-1ce3-42e1-b3e7-547ae2d23d85{ip: 127.0.0.1, host: localhost, ports: [HTTP=15058, CLIENT_RPC=15059, REPLICATION=15065, RATIS=15061, RATIS_ADMIN=15062, RATIS_SERVER=15063, RATIS_DATASTREAM=15064, STANDALONE=15060], networkLocation: /default-rack, certSerialId: null, persistedOpState: null, persistedOpStateExpiryEpochSec: 0}
2025-05-14 02:53:36,937 [EventQueue-NodeRegistrationContainerReportForDataNodeSafeModeRule] INFO  safemode.SCMSafeModeManager (SCMSafeModeManager.java:validateSafeModeExitRules(140)) - DataNodeSafeModeRule rule is successfully validated
2025-05-14 02:53:36,937 [EventQueue-NewNodeForNewNodeHandler] INFO  pipeline.BackgroundPipelineCreator (BackgroundPipelineCreator.java:notifyEventTriggered(290)) - trigger a one-shot run on RatisPipelineUtilsThread.
2025-05-14 02:53:36,937 [EventQueue-PipelineReportForOneReplicaPipelineSafeModeRule] INFO  safemode.SCMSafeModeManager (SCMSafeModeManager.java:validateSafeModeExitRules(140)) - AtleastOneDatanodeReportedRule rule is successfully validated
2025-05-14 02:53:36,938 [6338fc9c-a704-4fa0-9c76-ba0cbc116aba-EndpointStateMachineTaskThread-/0.0.0.0:15002-0 ] INFO  utils.DatanodeStoreCache (DatanodeStoreCache.java:addDB(70)) - Added db /home/runner/work/ozone/ozone/hadoop-ozone/integration-test/target/test-dir/MiniOzoneClusterImpl-af940217-b311-440f-8e09-352fdf66236b/ozone-meta/datanode-9/data-0/hdds/af940217-b311-440f-8e09-352fdf66236b/DS-53aac37c-23a8-458c-a3b5-88149012e54d/container.db to cache
2025-05-14 02:53:36,938 [6338fc9c-a704-4fa0-9c76-ba0cbc116aba-EndpointStateMachineTaskThread-/0.0.0.0:15002-0 ] INFO  volume.HddsVolume (HddsVolume.java:createDbStore(510)) - SchemaV3 db is created and loaded at /home/runner/work/ozone/ozone/hadoop-ozone/integration-test/target/test-dir/MiniOzoneClusterImpl-af940217-b311-440f-8e09-352fdf66236b/ozone-meta/datanode-9/data-0/hdds/af940217-b311-440f-8e09-352fdf66236b/DS-53aac37c-23a8-458c-a3b5-88149012e54d/container.db for volume DS-53aac37c-23a8-458c-a3b5-88149012e54d
2025-05-14 02:53:36,938 [EventQueue-ContainerRegistrationReportForECContainerSafeModeRule] INFO  safemode.SCMSafeModeManager (SCMSafeModeManager.java:validateSafeModeExitRules(140)) - ECContainerSafeModeRule rule is successfully validated
2025-05-14 02:53:36,939 [RatisPipelineUtilsThread-0] INFO  pipeline.RatisPipelineProvider (RatisPipelineProvider.java:lambda$create$0(208)) - Sending CreatePipelineCommand for pipeline:PipelineID=8f0e4438-b77b-4b03-8cb4-1e88bd5f7b15 to datanode:f4f68937-1ce3-42e1-b3e7-547ae2d23d85(localhost/127.0.0.1)
2025-05-14 02:53:36,939 [EventQueue-ContainerRegistrationReportForRatisContainerSafeModeRule] INFO  safemode.SCMSafeModeManager (SCMSafeModeManager.java:validateSafeModeExitRules(140)) - RatisContainerSafeModeRule rule is successfully validated
2025-05-14 02:53:36,940 [EventQueue-PipelineReportForOneReplicaPipelineSafeModeRule] INFO  safemode.SCMSafeModeManager (SCMSafeModeManager.java:validateSafeModeExitRules(140)) - AtleastOneDatanodeReportedRule rule is successfully validated
2025-05-14 02:53:36,941 [6338fc9c-a704-4fa0-9c76-ba0cbc116aba-ContainerReader-0] INFO  ozoneimpl.ContainerReader (ContainerReader.java:readVolume(144)) - Start to verify containers on volume /home/runner/work/ozone/ozone/hadoop-ozone/integration-test/target/test-dir/MiniOzoneClusterImpl-af940217-b311-440f-8e09-352fdf66236b/ozone-meta/datanode-9/data-0/hdds
2025-05-14 02:53:36,942 [6338fc9c-a704-4fa0-9c76-ba0cbc116aba-ContainerReader-0] INFO  ozoneimpl.ContainerReader (ContainerReader.java:readVolume(174)) - Finish verifying containers on volume /home/runner/work/ozone/ozone/hadoop-ozone/integration-test/target/test-dir/MiniOzoneClusterImpl-af940217-b311-440f-8e09-352fdf66236b/ozone-meta/datanode-9/data-0/hdds
2025-05-14 02:53:36,942 [6338fc9c-a704-4fa0-9c76-ba0cbc116aba-EndpointStateMachineTaskThread-/0.0.0.0:15002-0 ] INFO  ozoneimpl.OzoneContainer (OzoneContainer.java:buildContainerSet(364)) - Build ContainerSet costs 0s
2025-05-14 02:53:36,943 [1edfeee1-83e1-4d34-a92c-2e00b570784e@group-352FDF66236B-StateMachineUpdater] INFO  safemode.SCMSafeModeManager (SCMSafeModeManager.java:validateSafeModeExitRules(140)) - DataNodeSafeModeRule rule is successfully validated
2025-05-14 02:53:36,943 [1edfeee1-83e1-4d34-a92c-2e00b570784e@group-352FDF66236B-StateMachineUpdater] INFO  safemode.SCMSafeModeManager (SCMSafeModeManager.java:validateSafeModeExitRules(140)) - RatisContainerSafeModeRule rule is successfully validated
2025-05-14 02:53:36,943 [1edfeee1-83e1-4d34-a92c-2e00b570784e@group-352FDF66236B-StateMachineUpdater] INFO  safemode.HealthyPipelineSafeModeRule (HealthyPipelineSafeModeRule.java:initializeRule(173)) - Refreshed total pipeline count is 0, healthy pipeline threshold count is 1
2025-05-14 02:53:36,943 [6338fc9c-a704-4fa0-9c76-ba0cbc116aba-EndpointStateMachineTaskThread-/0.0.0.0:15002-0 ] INFO  volume.ThrottledAsyncChecker (ThrottledAsyncChecker.java:schedule(138)) - Scheduling a check for /home/runner/work/ozone/ozone/hadoop-ozone/integration-test/target/test-dir/MiniOzoneClusterImpl-af940217-b311-440f-8e09-352fdf66236b/ozone-meta/datanode-9/data-0/hdds
2025-05-14 02:53:36,943 [1edfeee1-83e1-4d34-a92c-2e00b570784e@group-352FDF66236B-StateMachineUpdater] INFO  safemode.SCMSafeModeManager (SCMSafeModeManager.java:validateSafeModeExitRules(140)) - ECContainerSafeModeRule rule is successfully validated
2025-05-14 02:53:36,944 [1edfeee1-83e1-4d34-a92c-2e00b570784e@group-352FDF66236B-StateMachineUpdater] INFO  safemode.SCMSafeModeManager (SCMSafeModeManager.java:validateSafeModeExitRules(140)) - AtleastOneDatanodeReportedRule rule is successfully validated
2025-05-14 02:53:36,944 [6338fc9c-a704-4fa0-9c76-ba0cbc116aba-EndpointStateMachineTaskThread-/0.0.0.0:15002-0 ] INFO  volume.StorageVolumeChecker (StorageVolumeChecker.java:checkAllVolumes(215)) - Scheduled health check for volume /home/runner/work/ozone/ozone/hadoop-ozone/integration-test/target/test-dir/MiniOzoneClusterImpl-af940217-b311-440f-8e09-352fdf66236b/ozone-meta/datanode-9/data-0/hdds
2025-05-14 02:53:36,944 [RatisPipelineUtilsThread-0] INFO  pipeline.BackgroundPipelineCreator (BackgroundPipelineCreator.java:createPipelines(246)) - Created new pipeline Pipeline{ Id: 8f0e4438-b77b-4b03-8cb4-1e88bd5f7b15, Nodes: [ {f4f68937-1ce3-42e1-b3e7-547ae2d23d85(localhost/127.0.0.1), ReplicaIndex: 0},], ReplicationConfig: RATIS/ONE, State:ALLOCATED, leaderId:, CreationTimestamp2025-05-14T02:53:36.939051863Z[Etc/UTC]}
2025-05-14 02:53:36,948 [6338fc9c-a704-4fa0-9c76-ba0cbc116aba-EndpointStateMachineTaskThread-/0.0.0.0:15002-0 ] INFO  volume.ThrottledAsyncChecker (ThrottledAsyncChecker.java:schedule(138)) - Scheduling a check for /home/runner/work/ozone/ozone/hadoop-ozone/integration-test/target/test-dir/MiniOzoneClusterImpl-af940217-b311-440f-8e09-352fdf66236b/ozone-meta/datanode-9/ratis
2025-05-14 02:53:36,948 [6338fc9c-a704-4fa0-9c76-ba0cbc116aba-EndpointStateMachineTaskThread-/0.0.0.0:15002-0 ] INFO  volume.StorageVolumeChecker (StorageVolumeChecker.java:checkAllVolumes(215)) - Scheduled health check for volume /home/runner/work/ozone/ozone/hadoop-ozone/integration-test/target/test-dir/MiniOzoneClusterImpl-af940217-b311-440f-8e09-352fdf66236b/ozone-meta/datanode-9/ratis
2025-05-14 02:53:36,949 [6338fc9c-a704-4fa0-9c76-ba0cbc116aba-EndpointStateMachineTaskThread-/0.0.0.0:15002-0 ] INFO  ozoneimpl.OzoneContainer (OzoneContainer.java:start(512)) - Attempting to start container services.
2025-05-14 02:53:36,949 [6338fc9c-a704-4fa0-9c76-ba0cbc116aba-EndpointStateMachineTaskThread-/0.0.0.0:15002-0 ] WARN  ozoneimpl.OnDemandContainerDataScanner (OnDemandContainerDataScanner.java:init(74)) - Trying to initialize on demand scanner a second time on a datanode.
2025-05-14 02:53:36,949 [ContainerMetadataScanner] INFO  ozoneimpl.AbstractBackgroundContainerScanner (AbstractBackgroundContainerScanner.java:runIteration(89)) - Completed an iteration in 0 minutes. Number of iterations (since the data-node restart) : 1, Number of containers scanned in this iteration : 0, Number of unhealthy containers found in this iteration : 0
2025-05-14 02:53:36,950 [ContainerDataScanner(/home/runner/work/ozone/ozone/hadoop-ozone/integration-test/target/test-dir/MiniOzoneClusterImpl-af940217-b311-440f-8e09-352fdf66236b/ozone-meta/datanode-9/data-0/hdds)] INFO  ozoneimpl.AbstractBackgroundContainerScanner (AbstractBackgroundContainerScanner.java:runIteration(89)) - Completed an iteration in 0 minutes. Number of iterations (since the data-node restart) : 1, Number of containers scanned in this iteration : 0, Number of unhealthy containers found in this iteration : 0
2025-05-14 02:53:36,951 [6338fc9c-a704-4fa0-9c76-ba0cbc116aba-EndpointStateMachineTaskThread-/0.0.0.0:15002-0 ] INFO  replication.ReplicationServer (ReplicationServer.java:start(137)) - ReplicationServer is started using port 15081
2025-05-14 02:53:36,951 [6338fc9c-a704-4fa0-9c76-ba0cbc116aba-EndpointStateMachineTaskThread-/0.0.0.0:15002-0 ] INFO  ratis.XceiverServerRatis (XceiverServerRatis.java:start(559)) - Starting XceiverServerRatis(6338fc9c-a704-4fa0-9c76-ba0cbc116aba)
2025-05-14 02:53:36,952 [6338fc9c-a704-4fa0-9c76-ba0cbc116aba-EndpointStateMachineTaskThread-/0.0.0.0:15002-0 ] INFO  server.RaftServer (RaftServerProxy.java:startImpl(407)) - 6338fc9c-a704-4fa0-9c76-ba0cbc116aba: start RPC server
2025-05-14 02:53:36,952 [6338fc9c-a704-4fa0-9c76-ba0cbc116aba-EndpointStateMachineTaskThread-/0.0.0.0:15002-0 ] INFO  server.GrpcService (GrpcService.java:startImpl(334)) - 6338fc9c-a704-4fa0-9c76-ba0cbc116aba: GrpcService started, listening on 15077
2025-05-14 02:53:36,953 [6338fc9c-a704-4fa0-9c76-ba0cbc116aba-EndpointStateMachineTaskThread-/0.0.0.0:15002-0 ] INFO  server.GrpcService (GrpcService.java:startImpl(334)) - 6338fc9c-a704-4fa0-9c76-ba0cbc116aba: GrpcService started, listening on 15079
2025-05-14 02:53:36,953 [6338fc9c-a704-4fa0-9c76-ba0cbc116aba-EndpointStateMachineTaskThread-/0.0.0.0:15002-0 ] INFO  server.GrpcService (GrpcService.java:startImpl(334)) - 6338fc9c-a704-4fa0-9c76-ba0cbc116aba: GrpcService started, listening on 15078
2025-05-14 02:53:36,953 [6338fc9c-a704-4fa0-9c76-ba0cbc116aba-EndpointStateMachineTaskThread-/0.0.0.0:15002-0 ] INFO  ratis.XceiverServerRatis (XceiverServerRatis.java:getRealPort(586)) - XceiverServerRatis(6338fc9c-a704-4fa0-9c76-ba0cbc116aba) is started using port RATIS=15077
2025-05-14 02:53:36,953 [JvmPauseMonitor11] INFO  util.JvmPauseMonitor (JvmPauseMonitor.java:run(146)) - JvmPauseMonitor-6338fc9c-a704-4fa0-9c76-ba0cbc116aba: Started
2025-05-14 02:53:36,954 [6338fc9c-a704-4fa0-9c76-ba0cbc116aba-EndpointStateMachineTaskThread-/0.0.0.0:15002-0 ] INFO  ratis.XceiverServerRatis (XceiverServerRatis.java:getRealPort(586)) - XceiverServerRatis(6338fc9c-a704-4fa0-9c76-ba0cbc116aba) is started using port RATIS_ADMIN=15078
2025-05-14 02:53:36,954 [6338fc9c-a704-4fa0-9c76-ba0cbc116aba-EndpointStateMachineTaskThread-/0.0.0.0:15002-0 ] INFO  ratis.XceiverServerRatis (XceiverServerRatis.java:getRealPort(586)) - XceiverServerRatis(6338fc9c-a704-4fa0-9c76-ba0cbc116aba) is started using port RATIS_SERVER=15079
2025-05-14 02:53:36,954 [6338fc9c-a704-4fa0-9c76-ba0cbc116aba-EndpointStateMachineTaskThread-/0.0.0.0:15002-0 ] INFO  ratis.XceiverServerRatis (XceiverServerRatis.java:getRealPort(586)) - XceiverServerRatis(6338fc9c-a704-4fa0-9c76-ba0cbc116aba) is started using port RATIS_DATASTREAM=15080
2025-05-14 02:53:36,955 [6338fc9c-a704-4fa0-9c76-ba0cbc116aba-BlockDeletingService#0] INFO  interfaces.ContainerDeletionChoosingPolicyTemplate (ContainerDeletionChoosingPolicyTemplate.java:chooseContainerForBlockDeletion(83)) - Chosen 0/5000 blocks from 0 candidate containers.
2025-05-14 02:53:36,979 [EventQueue-PipelineReportForOneReplicaPipelineSafeModeRule] INFO  safemode.SCMSafeModeManager (SCMSafeModeManager.java:validateSafeModeExitRules(140)) - AtleastOneDatanodeReportedRule rule is successfully validated
2025-05-14 02:53:37,001 [f8181075-ae63-407a-b17c-78185f7d70dd-PipelineCommandHandlerThread-0] INFO  server.RaftServer (RaftServerProxy.java:addNew(100)) - f8181075-ae63-407a-b17c-78185f7d70dd: addNew group-4B591AE0C988:[f8181075-ae63-407a-b17c-78185f7d70dd|127.0.0.1:15015] returns group-4B591AE0C988:java.util.concurrent.CompletableFuture@18750f35[Not completed]
2025-05-14 02:53:37,008 [f8181075-ae63-407a-b17c-78185f7d70dd-groupManagement] INFO  server.RaftServer$Division (RaftServerImpl.java:<init>(255)) - f8181075-ae63-407a-b17c-78185f7d70dd: new RaftServerImpl for group-4B591AE0C988:[f8181075-ae63-407a-b17c-78185f7d70dd|127.0.0.1:15015] with ContainerStateMachine:uninitialized
2025-05-14 02:53:37,008 [f8181075-ae63-407a-b17c-78185f7d70dd-groupManagement] INFO  server.RaftServerConfigKeys (ConfUtils.java:logGet(46)) - raft.server.rpc.timeout.min = 5s (custom)
2025-05-14 02:53:37,008 [f8181075-ae63-407a-b17c-78185f7d70dd-groupManagement] INFO  server.RaftServerConfigKeys (ConfUtils.java:logGet(46)) - raft.server.rpc.timeout.max = 5200ms (custom)
2025-05-14 02:53:37,008 [f8181075-ae63-407a-b17c-78185f7d70dd-groupManagement] INFO  server.RaftServerConfigKeys (ConfUtils.java:logGet(46)) - raft.server.rpc.sleep.time = 25ms (default)
2025-05-14 02:53:37,009 [f8181075-ae63-407a-b17c-78185f7d70dd-groupManagement] INFO  server.RaftServerConfigKeys (ConfUtils.java:logGet(46)) - raft.server.rpc.slowness.timeout = 300000ms (custom)
2025-05-14 02:53:37,009 [f8181075-ae63-407a-b17c-78185f7d70dd-groupManagement] INFO  server.RaftServerConfigKeys (ConfUtils.java:logGet(46)) - raft.server.leaderelection.leader.step-down.wait-time = 10s (default)
2025-05-14 02:53:37,009 [f8181075-ae63-407a-b17c-78185f7d70dd-groupManagement] INFO  server.RaftServerConfigKeys (ConfUtils.java:logGet(46)) - raft.server.leaderelection.member.majority-add = false (default)
2025-05-14 02:53:37,009 [f8181075-ae63-407a-b17c-78185f7d70dd-groupManagement] INFO  server.RaftServerConfigKeys (ConfUtils.java:logGet(46)) - raft.server.sleep.deviation.threshold = 300ms (default)
2025-05-14 02:53:37,009 [f8181075-ae63-407a-b17c-78185f7d70dd-groupManagement] INFO  server.RaftServer$Division (ServerState.java:<init>(114)) - f8181075-ae63-407a-b17c-78185f7d70dd@group-4B591AE0C988: ConfigurationManager, init=conf: {index: -1, cur=peers:[f8181075-ae63-407a-b17c-78185f7d70dd|127.0.0.1:15015]|listeners:[], old=null}, confs=<EMPTY_MAP>
2025-05-14 02:53:37,009 [f8181075-ae63-407a-b17c-78185f7d70dd-groupManagement] INFO  server.RaftServerConfigKeys (ConfUtils.java:logGet(46)) - raft.server.notification.no-leader.timeout = 300000ms (custom)
2025-05-14 02:53:37,009 [f8181075-ae63-407a-b17c-78185f7d70dd-groupManagement] INFO  server.RaftServerConfigKeys (ConfUtils.java:logGet(46)) - raft.server.read.timeout = 10s (default)
2025-05-14 02:53:37,009 [f8181075-ae63-407a-b17c-78185f7d70dd-groupManagement] INFO  server.RaftServerConfigKeys (ConfUtils.java:logGet(46)) - raft.server.retrycache.expirytime = 600000ms (custom)
2025-05-14 02:53:37,009 [f8181075-ae63-407a-b17c-78185f7d70dd-groupManagement] INFO  server.RaftServerConfigKeys (ConfUtils.java:logGet(46)) - raft.server.retrycache.statistics.expirytime = 100ms (default)
2025-05-14 02:53:37,009 [f8181075-ae63-407a-b17c-78185f7d70dd-groupManagement] INFO  server.RaftServerConfigKeys (ConfUtils.java:logGet(46)) - raft.server.read.option = DEFAULT (default)
2025-05-14 02:53:37,009 [f8181075-ae63-407a-b17c-78185f7d70dd-groupManagement] INFO  server.RaftServerConfigKeys (ConfUtils.java:logGet(46)) - raft.server.read.read-after-write-consistent.write-index-cache.expiry-time = 60s (default)
2025-05-14 02:53:37,018 [f8181075-ae63-407a-b17c-78185f7d70dd-groupManagement] INFO  server.RaftServerConfigKeys (ConfUtils.java:logGet(46)) - raft.server.rpc.request.timeout = 3000ms (default)
2025-05-14 02:53:37,018 [f8181075-ae63-407a-b17c-78185f7d70dd-groupManagement] INFO  server.RaftServerConfigKeys (ConfUtils.java:logGet(46)) - raft.server.log.appender.install.snapshot.enabled = false (custom)
2025-05-14 02:53:37,018 [f8181075-ae63-407a-b17c-78185f7d70dd-groupManagement] INFO  server.RaftServerConfigKeys (ConfUtils.java:logGet(46)) - raft.server.threadpool.server.cached = true (default)
2025-05-14 02:53:37,018 [f8181075-ae63-407a-b17c-78185f7d70dd-groupManagement] INFO  server.RaftServerConfigKeys (ConfUtils.java:logGet(46)) - raft.server.threadpool.server.size = 0 (default)
2025-05-14 02:53:37,018 [f8181075-ae63-407a-b17c-78185f7d70dd-groupManagement] INFO  server.RaftServerConfigKeys (ConfUtils.java:logGet(46)) - raft.server.threadpool.client.cached = true (default)
2025-05-14 02:53:37,018 [f8181075-ae63-407a-b17c-78185f7d70dd-groupManagement] INFO  server.RaftServerConfigKeys (ConfUtils.java:logGet(46)) - raft.server.threadpool.client.size = 0 (default)
2025-05-14 02:53:37,018 [f8181075-ae63-407a-b17c-78185f7d70dd-groupManagement] INFO  server.RaftServerConfigKeys (ConfUtils.java:logGet(46)) - raft.server.storage.free-space.min = 0MB (=0) (default)
2025-05-14 02:53:37,018 [f8181075-ae63-407a-b17c-78185f7d70dd-groupManagement] INFO  server.RaftServerConfigKeys (ConfUtils.java:logGet(46)) - raft.server.log.corruption.policy = EXCEPTION (default)
2025-05-14 02:53:37,018 [f8181075-ae63-407a-b17c-78185f7d70dd-groupManagement] INFO  server.RaftServerConfigKeys (ConfUtils.java:logGet(46)) - raft.server.storage.dir = [/home/runner/work/ozone/ozone/hadoop-ozone/integration-test/target/test-dir/MiniOzoneClusterImpl-af940217-b311-440f-8e09-352fdf66236b/ozone-meta/datanode-1/ratis] (custom)
2025-05-14 02:53:37,019 [f8181075-ae63-407a-b17c-78185f7d70dd-groupManagement] INFO  storage.RaftStorageDirectory (RaftStorageDirectoryImpl.java:analyzeStorage(138)) - The storage directory /home/runner/work/ozone/ozone/hadoop-ozone/integration-test/target/test-dir/MiniOzoneClusterImpl-af940217-b311-440f-8e09-352fdf66236b/ozone-meta/datanode-1/ratis/c28f6734-6a6e-4997-be64-4b591ae0c988 does not exist. Creating ...
2025-05-14 02:53:37,020 [f8181075-ae63-407a-b17c-78185f7d70dd-groupManagement] INFO  storage.RaftStorageDirectory (RaftStorageDirectoryImpl.java:tryLock(229)) - Lock on /home/runner/work/ozone/ozone/hadoop-ozone/integration-test/target/test-dir/MiniOzoneClusterImpl-af940217-b311-440f-8e09-352fdf66236b/ozone-meta/datanode-1/ratis/c28f6734-6a6e-4997-be64-4b591ae0c988/in_use.lock acquired by nodename 34763@localhost
2025-05-14 02:53:37,021 [f8181075-ae63-407a-b17c-78185f7d70dd-groupManagement] INFO  storage.RaftStorage (RaftStorageImpl.java:format(98)) - Storage directory /home/runner/work/ozone/ozone/hadoop-ozone/integration-test/target/test-dir/MiniOzoneClusterImpl-af940217-b311-440f-8e09-352fdf66236b/ozone-meta/datanode-1/ratis/c28f6734-6a6e-4997-be64-4b591ae0c988 has been successfully formatted.
2025-05-14 02:53:37,022 [f8181075-ae63-407a-b17c-78185f7d70dd-groupManagement] INFO  ratis.ContainerStateMachine (ContainerStateMachine.java:initialize(339)) - f8181075-ae63-407a-b17c-78185f7d70dd: initialize group-4B591AE0C988
2025-05-14 02:53:37,022 [f8181075-ae63-407a-b17c-78185f7d70dd-groupManagement] INFO  ratis.ContainerStateMachine (ContainerStateMachine.java:loadSnapshot(347)) - group-4B591AE0C988: The snapshot info is null. Setting the last applied index to:(t:0, i:~)
2025-05-14 02:53:37,022 [f8181075-ae63-407a-b17c-78185f7d70dd-groupManagement] INFO  server.RaftServerConfigKeys (ConfUtils.java:logGet(46)) - raft.server.log.use.memory = false (default)
2025-05-14 02:53:37,022 [f8181075-ae63-407a-b17c-78185f7d70dd-groupManagement] INFO  server.RaftServerConfigKeys (ConfUtils.java:logGet(46)) - raft.server.log.purge.gap = 1000000 (custom)
2025-05-14 02:53:37,023 [f8181075-ae63-407a-b17c-78185f7d70dd-groupManagement] INFO  server.RaftServerConfigKeys (ConfUtils.java:logGet(46)) - raft.server.log.appender.buffer.byte-limit = 33554432 (custom)
2025-05-14 02:53:37,023 [f8181075-ae63-407a-b17c-78185f7d70dd-groupManagement] INFO  server.RaftServerConfigKeys (ConfUtils.java:logGet(46)) - raft.server.log.statemachine.data.read.timeout = 1000ms (default)
2025-05-14 02:53:37,023 [f8181075-ae63-407a-b17c-78185f7d70dd-groupManagement] INFO  server.RaftServerConfigKeys (ConfUtils.java:logGet(46)) - raft.server.log.purge.preservation.log.num = 0 (default)
2025-05-14 02:53:37,025 [EventQueue-PipelineReportForOneReplicaPipelineSafeModeRule] INFO  safemode.SCMSafeModeManager (SCMSafeModeManager.java:validateSafeModeExitRules(140)) - AtleastOneDatanodeReportedRule rule is successfully validated
2025-05-14 02:53:37,028 [f8181075-ae63-407a-b17c-78185f7d70dd-groupManagement] INFO  server.RaftServerConfigKeys (ConfUtils.java:logGet(46)) - raft.server.log.segment.size.max = 67108864 (custom)
2025-05-14 02:53:37,029 [f8181075-ae63-407a-b17c-78185f7d70dd-groupManagement] INFO  server.RaftServerConfigKeys (ConfUtils.java:logGet(46)) - raft.server.log.segment.cache.num.max = 2 (custom)
2025-05-14 02:53:37,029 [f8181075-ae63-407a-b17c-78185f7d70dd-groupManagement] INFO  server.RaftServerConfigKeys (ConfUtils.java:logGet(46)) - raft.server.log.segment.cache.size.max = 200MB (=209715200) (default)
2025-05-14 02:53:37,029 [f8181075-ae63-407a-b17c-78185f7d70dd-groupManagement] INFO  server.RaftServerConfigKeys (ConfUtils.java:logGet(46)) - raft.server.log.appender.buffer.byte-limit = 33554432 (custom)
2025-05-14 02:53:37,030 [f8181075-ae63-407a-b17c-78185f7d70dd-groupManagement] INFO  util.AwaitToRun (AwaitToRun.java:start(81)) - Thread[#1156,f8181075-ae63-407a-b17c-78185f7d70dd@group-4B591AE0C988-cacheEviction-AwaitToRun,5,main] started
2025-05-14 02:53:37,030 [f8181075-ae63-407a-b17c-78185f7d70dd-groupManagement] INFO  segmented.SegmentedRaftLogWorker (SegmentedRaftLogWorker.java:<init>(188)) - new f8181075-ae63-407a-b17c-78185f7d70dd@group-4B591AE0C988-SegmentedRaftLogWorker for RaftStorageImpl:Storage Directory /home/runner/work/ozone/ozone/hadoop-ozone/integration-test/target/test-dir/MiniOzoneClusterImpl-af940217-b311-440f-8e09-352fdf66236b/ozone-meta/datanode-1/ratis/c28f6734-6a6e-4997-be64-4b591ae0c988
2025-05-14 02:53:37,031 [f8181075-ae63-407a-b17c-78185f7d70dd-groupManagement] INFO  server.RaftServerConfigKeys (ConfUtils.java:logGet(46)) - raft.server.log.queue.byte-limit = 4294967296 (custom)
2025-05-14 02:53:37,031 [f8181075-ae63-407a-b17c-78185f7d70dd-groupManagement] INFO  server.RaftServerConfigKeys (ConfUtils.java:logGet(46)) - raft.server.log.queue.element-limit = 1024 (custom)
2025-05-14 02:53:37,032 [f8181075-ae63-407a-b17c-78185f7d70dd-groupManagement] INFO  server.RaftServerConfigKeys (ConfUtils.java:logGet(46)) - raft.server.log.segment.size.max = 67108864 (custom)
2025-05-14 02:53:37,032 [f8181075-ae63-407a-b17c-78185f7d70dd-groupManagement] INFO  server.RaftServerConfigKeys (ConfUtils.java:logGet(46)) - raft.server.log.preallocated.size = 4194304 (custom)
2025-05-14 02:53:37,033 [f8181075-ae63-407a-b17c-78185f7d70dd-groupManagement] INFO  server.RaftServerConfigKeys (ConfUtils.java:logGet(46)) - raft.server.log.force.sync.num = 128 (default)
2025-05-14 02:53:37,033 [f8181075-ae63-407a-b17c-78185f7d70dd-groupManagement] INFO  server.RaftServerConfigKeys (ConfUtils.java:logGet(46)) - raft.server.log.statemachine.data.sync = true (default)
2025-05-14 02:53:37,033 [1edfeee1-83e1-4d34-a92c-2e00b570784e@group-352FDF66236B-StateMachineUpdater] INFO  safemode.SCMSafeModeManager (SCMSafeModeManager.java:validateSafeModeExitRules(140)) - DataNodeSafeModeRule rule is successfully validated
2025-05-14 02:53:37,034 [1edfeee1-83e1-4d34-a92c-2e00b570784e@group-352FDF66236B-StateMachineUpdater] INFO  safemode.SCMSafeModeManager (SCMSafeModeManager.java:validateSafeModeExitRules(140)) - RatisContainerSafeModeRule rule is successfully validated
2025-05-14 02:53:37,034 [1edfeee1-83e1-4d34-a92c-2e00b570784e@group-352FDF66236B-StateMachineUpdater] INFO  safemode.HealthyPipelineSafeModeRule (HealthyPipelineSafeModeRule.java:initializeRule(173)) - Refreshed total pipeline count is 0, healthy pipeline threshold count is 1
2025-05-14 02:53:37,034 [1edfeee1-83e1-4d34-a92c-2e00b570784e@group-352FDF66236B-StateMachineUpdater] INFO  safemode.SCMSafeModeManager (SCMSafeModeManager.java:validateSafeModeExitRules(140)) - ECContainerSafeModeRule rule is successfully validated
2025-05-14 02:53:37,034 [1edfeee1-83e1-4d34-a92c-2e00b570784e@group-352FDF66236B-StateMachineUpdater] INFO  safemode.SCMSafeModeManager (SCMSafeModeManager.java:validateSafeModeExitRules(140)) - AtleastOneDatanodeReportedRule rule is successfully validated
2025-05-14 02:53:37,034 [EventQueue-PipelineReportForPipelineReportHandler] INFO  pipeline.PipelineReportHandler (PipelineReportHandler.java:processPipelineReport(134)) - Opened pipeline PipelineID=c28f6734-6a6e-4997-be64-4b591ae0c988
2025-05-14 02:53:37,034 [f8181075-ae63-407a-b17c-78185f7d70dd-groupManagement] INFO  server.RaftServerConfigKeys (ConfUtils.java:logGet(46)) - raft.server.log.statemachine.data.sync.timeout = 10s (default)
2025-05-14 02:53:37,035 [EventQueue-OpenPipelineForHealthyPipelineSafeModeRule] INFO  safemode.SCMSafeModeManager (HealthyPipelineSafeModeRule.java:process(141)) - SCM in safe mode. Healthy pipelines reported count is 0, required healthy pipeline reported count is 1
2025-05-14 02:53:37,035 [f8181075-ae63-407a-b17c-78185f7d70dd-groupManagement] INFO  server.RaftServerConfigKeys (ConfUtils.java:logGet(46)) - raft.server.log.statemachine.data.sync.timeout.retry = 30 (custom)
2025-05-14 02:53:37,036 [f8181075-ae63-407a-b17c-78185f7d70dd-groupManagement] INFO  server.RaftServerConfigKeys (ConfUtils.java:logGet(46)) - raft.server.log.write.buffer.size = 33554440 (custom)
2025-05-14 02:53:37,041 [f8181075-ae63-407a-b17c-78185f7d70dd-groupManagement] INFO  server.RaftServerConfigKeys (ConfUtils.java:logGet(46)) - raft.server.log.appender.buffer.byte-limit = 33554432 (custom)
2025-05-14 02:53:37,041 [f8181075-ae63-407a-b17c-78185f7d70dd-groupManagement] INFO  server.RaftServerConfigKeys (ConfUtils.java:logGet(46)) - raft.server.log.unsafe-flush.enabled = false (default)
2025-05-14 02:53:37,041 [f8181075-ae63-407a-b17c-78185f7d70dd-groupManagement] INFO  server.RaftServerConfigKeys (ConfUtils.java:logGet(46)) - raft.server.log.async-flush.enabled = false (default)
2025-05-14 02:53:37,041 [f8181075-ae63-407a-b17c-78185f7d70dd-groupManagement] INFO  server.RaftServerConfigKeys (ConfUtils.java:logGet(46)) - raft.server.log.statemachine.data.caching.enabled = true (custom)
2025-05-14 02:53:37,041 [f8181075-ae63-407a-b17c-78185f7d70dd-groupManagement] INFO  segmented.SegmentedRaftLogWorker (SegmentedRaftLogWorker.java:lambda$new$0(139)) - f8181075-ae63-407a-b17c-78185f7d70dd@group-4B591AE0C988-SegmentedRaftLogWorker: flushIndex: setUnconditionally 0 -> -1
2025-05-14 02:53:37,041 [f8181075-ae63-407a-b17c-78185f7d70dd-groupManagement] INFO  segmented.SegmentedRaftLogWorker (SegmentedRaftLogWorker.java:lambda$new$0(139)) - f8181075-ae63-407a-b17c-78185f7d70dd@group-4B591AE0C988-SegmentedRaftLogWorker: safeCacheEvictIndex: setUnconditionally 0 -> -1
2025-05-14 02:53:37,042 [f8181075-ae63-407a-b17c-78185f7d70dd-groupManagement] INFO  server.RaftServer$Division (RaftServerImpl.java:start(391)) - f8181075-ae63-407a-b17c-78185f7d70dd@group-4B591AE0C988: start as a follower, conf=conf: {index: -1, cur=peers:[f8181075-ae63-407a-b17c-78185f7d70dd|127.0.0.1:15015]|listeners:[], old=null}
2025-05-14 02:53:37,042 [f8181075-ae63-407a-b17c-78185f7d70dd-groupManagement] INFO  server.RaftServer$Division (RaftServerImpl.java:setRole(378)) - f8181075-ae63-407a-b17c-78185f7d70dd@group-4B591AE0C988: changes role from      null to FOLLOWER at term 0 for startAsFollower
2025-05-14 02:53:37,042 [f8181075-ae63-407a-b17c-78185f7d70dd-groupManagement] INFO  impl.RoleInfo (RoleInfo.java:updateAndGet(148)) - f8181075-ae63-407a-b17c-78185f7d70dd: start f8181075-ae63-407a-b17c-78185f7d70dd@group-4B591AE0C988-FollowerState
2025-05-14 02:53:37,042 [f8181075-ae63-407a-b17c-78185f7d70dd@group-4B591AE0C988-FollowerState] INFO  server.RaftServerConfigKeys (ConfUtils.java:logGet(46)) - raft.server.rpc.first-election.timeout.min = 1000ms (custom)
2025-05-14 02:53:37,042 [f8181075-ae63-407a-b17c-78185f7d70dd-groupManagement] INFO  util.JmxRegister (JmxRegister.java:tryRegister(44)) - Successfully registered JMX Bean with object name Ratis:service=RaftServer,group=group-4B591AE0C988,id=f8181075-ae63-407a-b17c-78185f7d70dd
2025-05-14 02:53:37,042 [f8181075-ae63-407a-b17c-78185f7d70dd-groupManagement] INFO  util.JmxRegister (JmxRegister.java:register(58)) - register mxBean class org.apache.ratis.server.impl.RaftServerJmxAdapter as Ratis:service=RaftServer,group=group-4B591AE0C988,id=f8181075-ae63-407a-b17c-78185f7d70dd
2025-05-14 02:53:37,043 [f8181075-ae63-407a-b17c-78185f7d70dd-groupManagement] INFO  server.RaftServerConfigKeys (ConfUtils.java:logGet(46)) - raft.server.snapshot.trigger-when-stop.enabled = true (default)
2025-05-14 02:53:37,043 [f8181075-ae63-407a-b17c-78185f7d70dd-groupManagement] INFO  server.RaftServerConfigKeys (ConfUtils.java:logGet(46)) - raft.server.snapshot.trigger-when-remove.enabled = true (default)
2025-05-14 02:53:37,042 [f8181075-ae63-407a-b17c-78185f7d70dd@group-4B591AE0C988-FollowerState] INFO  server.RaftServerConfigKeys (ConfUtils.java:logGet(46)) - raft.server.rpc.first-election.timeout.max = 1200ms (custom)
2025-05-14 02:53:37,043 [f8181075-ae63-407a-b17c-78185f7d70dd-groupManagement] INFO  server.RaftServerConfigKeys (ConfUtils.java:logGet(46)) - raft.server.snapshot.auto.trigger.enabled = true (custom)
2025-05-14 02:53:37,043 [f8181075-ae63-407a-b17c-78185f7d70dd-groupManagement] INFO  server.RaftServerConfigKeys (ConfUtils.java:logGet(46)) - raft.server.snapshot.auto.trigger.threshold = 1 (custom)
2025-05-14 02:53:37,043 [f8181075-ae63-407a-b17c-78185f7d70dd-groupManagement] INFO  server.RaftServerConfigKeys (ConfUtils.java:logGet(46)) - raft.server.snapshot.retention.file.num = 5 (custom)
2025-05-14 02:53:37,043 [f8181075-ae63-407a-b17c-78185f7d70dd-groupManagement] INFO  server.RaftServerConfigKeys (ConfUtils.java:logGet(46)) - raft.server.log.purge.upto.snapshot.index = false (default)
2025-05-14 02:53:37,044 [f8181075-ae63-407a-b17c-78185f7d70dd-groupManagement] INFO  server.RaftServer$Division (RaftServerImpl.java:start(405)) - f8181075-ae63-407a-b17c-78185f7d70dd@group-4B591AE0C988: Successfully started.
2025-05-14 02:53:37,045 [f8181075-ae63-407a-b17c-78185f7d70dd-PipelineCommandHandlerThread-0] INFO  ratis.XceiverServerRatis (XceiverServerRatis.java:addGroup(843)) - Created group PipelineID=c28f6734-6a6e-4997-be64-4b591ae0c988
2025-05-14 02:53:37,046 [f8181075-ae63-407a-b17c-78185f7d70dd-PipelineCommandHandlerThread-0] INFO  commandhandler.CreatePipelineCommandHandler (CreatePipelineCommandHandler.java:lambda$handle$2(128)) - Created Pipeline RATIS ONE PipelineID=c28f6734-6a6e-4997-be64-4b591ae0c988.
2025-05-14 02:53:37,046 [f8181075-ae63-407a-b17c-78185f7d70dd-PipelineCommandHandlerThread-0] INFO  server.RaftServer (RaftServerProxy.java:addNew(100)) - f8181075-ae63-407a-b17c-78185f7d70dd: addNew group-88043DA95CFB:[30ccf06d-ad3c-4fb0-87c5-f3e2916d12cb|127.0.0.1:15023, f8181075-ae63-407a-b17c-78185f7d70dd|127.0.0.1:15015, 0e2e4ad1-578a-45fc-a8c2-41affcffb7b9|127.0.0.1:15031] returns group-88043DA95CFB:java.util.concurrent.CompletableFuture@58edcaa1[Not completed]
2025-05-14 02:53:37,048 [f8181075-ae63-407a-b17c-78185f7d70dd-groupManagement] INFO  server.RaftServer$Division (RaftServerImpl.java:<init>(255)) - f8181075-ae63-407a-b17c-78185f7d70dd: new RaftServerImpl for group-88043DA95CFB:[30ccf06d-ad3c-4fb0-87c5-f3e2916d12cb|127.0.0.1:15023, f8181075-ae63-407a-b17c-78185f7d70dd|127.0.0.1:15015, 0e2e4ad1-578a-45fc-a8c2-41affcffb7b9|127.0.0.1:15031] with ContainerStateMachine:uninitialized
2025-05-14 02:53:37,048 [f8181075-ae63-407a-b17c-78185f7d70dd-groupManagement] INFO  server.RaftServerConfigKeys (ConfUtils.java:logGet(46)) - raft.server.rpc.timeout.min = 5s (custom)
2025-05-14 02:53:37,048 [f8181075-ae63-407a-b17c-78185f7d70dd-groupManagement] INFO  server.RaftServerConfigKeys (ConfUtils.java:logGet(46)) - raft.server.rpc.timeout.max = 5200ms (custom)
2025-05-14 02:53:37,048 [f8181075-ae63-407a-b17c-78185f7d70dd-groupManagement] INFO  server.RaftServerConfigKeys (ConfUtils.java:logGet(46)) - raft.server.rpc.sleep.time = 25ms (default)
2025-05-14 02:53:37,048 [f8181075-ae63-407a-b17c-78185f7d70dd-groupManagement] INFO  server.RaftServerConfigKeys (ConfUtils.java:logGet(46)) - raft.server.rpc.slowness.timeout = 300000ms (custom)
2025-05-14 02:53:37,048 [f8181075-ae63-407a-b17c-78185f7d70dd-groupManagement] INFO  server.RaftServerConfigKeys (ConfUtils.java:logGet(46)) - raft.server.leaderelection.leader.step-down.wait-time = 10s (default)
2025-05-14 02:53:37,048 [f8181075-ae63-407a-b17c-78185f7d70dd-groupManagement] INFO  server.RaftServerConfigKeys (ConfUtils.java:logGet(46)) - raft.server.leaderelection.member.majority-add = false (default)
2025-05-14 02:53:37,048 [f8181075-ae63-407a-b17c-78185f7d70dd-groupManagement] INFO  server.RaftServerConfigKeys (ConfUtils.java:logGet(46)) - raft.server.sleep.deviation.threshold = 300ms (default)
2025-05-14 02:53:37,048 [f8181075-ae63-407a-b17c-78185f7d70dd-groupManagement] INFO  server.RaftServer$Division (ServerState.java:<init>(114)) - f8181075-ae63-407a-b17c-78185f7d70dd@group-88043DA95CFB: ConfigurationManager, init=conf: {index: -1, cur=peers:[30ccf06d-ad3c-4fb0-87c5-f3e2916d12cb|127.0.0.1:15023, f8181075-ae63-407a-b17c-78185f7d70dd|127.0.0.1:15015, 0e2e4ad1-578a-45fc-a8c2-41affcffb7b9|127.0.0.1:15031]|listeners:[], old=null}, confs=<EMPTY_MAP>
2025-05-14 02:53:37,048 [f8181075-ae63-407a-b17c-78185f7d70dd-groupManagement] INFO  server.RaftServerConfigKeys (ConfUtils.java:logGet(46)) - raft.server.notification.no-leader.timeout = 300000ms (custom)
2025-05-14 02:53:37,048 [f8181075-ae63-407a-b17c-78185f7d70dd-groupManagement] INFO  server.RaftServerConfigKeys (ConfUtils.java:logGet(46)) - raft.server.read.timeout = 10s (default)
2025-05-14 02:53:37,048 [f8181075-ae63-407a-b17c-78185f7d70dd-groupManagement] INFO  server.RaftServerConfigKeys (ConfUtils.java:logGet(46)) - raft.server.retrycache.expirytime = 600000ms (custom)
2025-05-14 02:53:37,049 [f8181075-ae63-407a-b17c-78185f7d70dd-groupManagement] INFO  server.RaftServerConfigKeys (ConfUtils.java:logGet(46)) - raft.server.retrycache.statistics.expirytime = 100ms (default)
2025-05-14 02:53:37,049 [f8181075-ae63-407a-b17c-78185f7d70dd-groupManagement] INFO  server.RaftServerConfigKeys (ConfUtils.java:logGet(46)) - raft.server.read.option = DEFAULT (default)
2025-05-14 02:53:37,049 [f8181075-ae63-407a-b17c-78185f7d70dd-groupManagement] INFO  server.RaftServerConfigKeys (ConfUtils.java:logGet(46)) - raft.server.read.read-after-write-consistent.write-index-cache.expiry-time = 60s (default)
2025-05-14 02:53:37,057 [f8181075-ae63-407a-b17c-78185f7d70dd-groupManagement] INFO  server.RaftServerConfigKeys (ConfUtils.java:logGet(46)) - raft.server.rpc.request.timeout = 3000ms (default)
2025-05-14 02:53:37,057 [f8181075-ae63-407a-b17c-78185f7d70dd-groupManagement] INFO  server.RaftServerConfigKeys (ConfUtils.java:logGet(46)) - raft.server.log.appender.install.snapshot.enabled = false (custom)
2025-05-14 02:53:37,057 [f8181075-ae63-407a-b17c-78185f7d70dd-groupManagement] INFO  server.RaftServerConfigKeys (ConfUtils.java:logGet(46)) - raft.server.threadpool.server.cached = true (default)
2025-05-14 02:53:37,057 [f8181075-ae63-407a-b17c-78185f7d70dd-groupManagement] INFO  server.RaftServerConfigKeys (ConfUtils.java:logGet(46)) - raft.server.threadpool.server.size = 0 (default)
2025-05-14 02:53:37,057 [f8181075-ae63-407a-b17c-78185f7d70dd-groupManagement] INFO  server.RaftServerConfigKeys (ConfUtils.java:logGet(46)) - raft.server.threadpool.client.cached = true (default)
2025-05-14 02:53:37,057 [f8181075-ae63-407a-b17c-78185f7d70dd-groupManagement] INFO  server.RaftServerConfigKeys (ConfUtils.java:logGet(46)) - raft.server.threadpool.client.size = 0 (default)
2025-05-14 02:53:37,057 [f8181075-ae63-407a-b17c-78185f7d70dd-groupManagement] INFO  server.RaftServerConfigKeys (ConfUtils.java:logGet(46)) - raft.server.storage.free-space.min = 0MB (=0) (default)
2025-05-14 02:53:37,057 [f8181075-ae63-407a-b17c-78185f7d70dd-groupManagement] INFO  server.RaftServerConfigKeys (ConfUtils.java:logGet(46)) - raft.server.log.corruption.policy = EXCEPTION (default)
2025-05-14 02:53:37,057 [f8181075-ae63-407a-b17c-78185f7d70dd-groupManagement] INFO  server.RaftServerConfigKeys (ConfUtils.java:logGet(46)) - raft.server.storage.dir = [/home/runner/work/ozone/ozone/hadoop-ozone/integration-test/target/test-dir/MiniOzoneClusterImpl-af940217-b311-440f-8e09-352fdf66236b/ozone-meta/datanode-1/ratis] (custom)
2025-05-14 02:53:37,057 [f8181075-ae63-407a-b17c-78185f7d70dd-groupManagement] INFO  storage.RaftStorageDirectory (RaftStorageDirectoryImpl.java:analyzeStorage(138)) - The storage directory /home/runner/work/ozone/ozone/hadoop-ozone/integration-test/target/test-dir/MiniOzoneClusterImpl-af940217-b311-440f-8e09-352fdf66236b/ozone-meta/datanode-1/ratis/664cf085-c235-4252-8b1c-88043da95cfb does not exist. Creating ...
2025-05-14 02:53:37,059 [f8181075-ae63-407a-b17c-78185f7d70dd-groupManagement] INFO  storage.RaftStorageDirectory (RaftStorageDirectoryImpl.java:tryLock(229)) - Lock on /home/runner/work/ozone/ozone/hadoop-ozone/integration-test/target/test-dir/MiniOzoneClusterImpl-af940217-b311-440f-8e09-352fdf66236b/ozone-meta/datanode-1/ratis/664cf085-c235-4252-8b1c-88043da95cfb/in_use.lock acquired by nodename 34763@localhost
2025-05-14 02:53:37,059 [EventQueue-PipelineReportForOneReplicaPipelineSafeModeRule] INFO  safemode.SCMSafeModeManager (SCMSafeModeManager.java:validateSafeModeExitRules(140)) - AtleastOneDatanodeReportedRule rule is successfully validated
2025-05-14 02:53:37,060 [f8181075-ae63-407a-b17c-78185f7d70dd-groupManagement] INFO  storage.RaftStorage (RaftStorageImpl.java:format(98)) - Storage directory /home/runner/work/ozone/ozone/hadoop-ozone/integration-test/target/test-dir/MiniOzoneClusterImpl-af940217-b311-440f-8e09-352fdf66236b/ozone-meta/datanode-1/ratis/664cf085-c235-4252-8b1c-88043da95cfb has been successfully formatted.
2025-05-14 02:53:37,061 [f8181075-ae63-407a-b17c-78185f7d70dd-groupManagement] INFO  ratis.ContainerStateMachine (ContainerStateMachine.java:initialize(339)) - f8181075-ae63-407a-b17c-78185f7d70dd: initialize group-88043DA95CFB
2025-05-14 02:53:37,061 [f8181075-ae63-407a-b17c-78185f7d70dd-groupManagement] INFO  ratis.ContainerStateMachine (ContainerStateMachine.java:loadSnapshot(347)) - group-88043DA95CFB: The snapshot info is null. Setting the last applied index to:(t:0, i:~)
2025-05-14 02:53:37,061 [f8181075-ae63-407a-b17c-78185f7d70dd-groupManagement] INFO  server.RaftServerConfigKeys (ConfUtils.java:logGet(46)) - raft.server.log.use.memory = false (default)
2025-05-14 02:53:37,061 [f8181075-ae63-407a-b17c-78185f7d70dd-groupManagement] INFO  server.RaftServerConfigKeys (ConfUtils.java:logGet(46)) - raft.server.log.purge.gap = 1000000 (custom)
2025-05-14 02:53:37,061 [f8181075-ae63-407a-b17c-78185f7d70dd-groupManagement] INFO  server.RaftServerConfigKeys (ConfUtils.java:logGet(46)) - raft.server.log.appender.buffer.byte-limit = 33554432 (custom)
2025-05-14 02:53:37,061 [f8181075-ae63-407a-b17c-78185f7d70dd-groupManagement] INFO  server.RaftServerConfigKeys (ConfUtils.java:logGet(46)) - raft.server.log.statemachine.data.read.timeout = 1000ms (default)
2025-05-14 02:53:37,061 [f8181075-ae63-407a-b17c-78185f7d70dd-groupManagement] INFO  server.RaftServerConfigKeys (ConfUtils.java:logGet(46)) - raft.server.log.purge.preservation.log.num = 0 (default)
2025-05-14 02:53:37,062 [EventQueue-PipelineReportForOneReplicaPipelineSafeModeRule] INFO  safemode.SCMSafeModeManager (SCMSafeModeManager.java:validateSafeModeExitRules(140)) - AtleastOneDatanodeReportedRule rule is successfully validated
2025-05-14 02:53:37,062 [EventQueue-OpenPipelineForHealthyPipelineSafeModeRule] INFO  safemode.SCMSafeModeManager (HealthyPipelineSafeModeRule.java:process(141)) - SCM in safe mode. Healthy pipelines reported count is 0, required healthy pipeline reported count is 1
2025-05-14 02:53:37,064 [f8181075-ae63-407a-b17c-78185f7d70dd-groupManagement] INFO  server.RaftServerConfigKeys (ConfUtils.java:logGet(46)) - raft.server.log.segment.size.max = 67108864 (custom)
2025-05-14 02:53:37,064 [f8181075-ae63-407a-b17c-78185f7d70dd-groupManagement] INFO  server.RaftServerConfigKeys (ConfUtils.java:logGet(46)) - raft.server.log.segment.cache.num.max = 2 (custom)
2025-05-14 02:53:37,064 [f8181075-ae63-407a-b17c-78185f7d70dd-groupManagement] INFO  server.RaftServerConfigKeys (ConfUtils.java:logGet(46)) - raft.server.log.segment.cache.size.max = 200MB (=209715200) (default)
2025-05-14 02:53:37,064 [f8181075-ae63-407a-b17c-78185f7d70dd-groupManagement] INFO  server.RaftServerConfigKeys (ConfUtils.java:logGet(46)) - raft.server.log.appender.buffer.byte-limit = 33554432 (custom)
2025-05-14 02:53:37,064 [f8181075-ae63-407a-b17c-78185f7d70dd-groupManagement] INFO  util.AwaitToRun (AwaitToRun.java:start(81)) - Thread[#1161,f8181075-ae63-407a-b17c-78185f7d70dd@group-88043DA95CFB-cacheEviction-AwaitToRun,5,main] started
2025-05-14 02:53:37,065 [f8181075-ae63-407a-b17c-78185f7d70dd-groupManagement] INFO  segmented.SegmentedRaftLogWorker (SegmentedRaftLogWorker.java:<init>(188)) - new f8181075-ae63-407a-b17c-78185f7d70dd@group-88043DA95CFB-SegmentedRaftLogWorker for RaftStorageImpl:Storage Directory /home/runner/work/ozone/ozone/hadoop-ozone/integration-test/target/test-dir/MiniOzoneClusterImpl-af940217-b311-440f-8e09-352fdf66236b/ozone-meta/datanode-1/ratis/664cf085-c235-4252-8b1c-88043da95cfb
2025-05-14 02:53:37,065 [f8181075-ae63-407a-b17c-78185f7d70dd-groupManagement] INFO  server.RaftServerConfigKeys (ConfUtils.java:logGet(46)) - raft.server.log.queue.byte-limit = 4294967296 (custom)
2025-05-14 02:53:37,065 [f8181075-ae63-407a-b17c-78185f7d70dd-groupManagement] INFO  server.RaftServerConfigKeys (ConfUtils.java:logGet(46)) - raft.server.log.queue.element-limit = 1024 (custom)
2025-05-14 02:53:37,065 [f8181075-ae63-407a-b17c-78185f7d70dd-groupManagement] INFO  server.RaftServerConfigKeys (ConfUtils.java:logGet(46)) - raft.server.log.segment.size.max = 67108864 (custom)
2025-05-14 02:53:37,065 [f8181075-ae63-407a-b17c-78185f7d70dd-groupManagement] INFO  server.RaftServerConfigKeys (ConfUtils.java:logGet(46)) - raft.server.log.preallocated.size = 4194304 (custom)
2025-05-14 02:53:37,065 [f8181075-ae63-407a-b17c-78185f7d70dd-groupManagement] INFO  server.RaftServerConfigKeys (ConfUtils.java:logGet(46)) - raft.server.log.force.sync.num = 128 (default)
2025-05-14 02:53:37,065 [f8181075-ae63-407a-b17c-78185f7d70dd-groupManagement] INFO  server.RaftServerConfigKeys (ConfUtils.java:logGet(46)) - raft.server.log.statemachine.data.sync = true (default)
2025-05-14 02:53:37,065 [f8181075-ae63-407a-b17c-78185f7d70dd-groupManagement] INFO  server.RaftServerConfigKeys (ConfUtils.java:logGet(46)) - raft.server.log.statemachine.data.sync.timeout = 10s (default)
2025-05-14 02:53:37,065 [f8181075-ae63-407a-b17c-78185f7d70dd-groupManagement] INFO  server.RaftServerConfigKeys (ConfUtils.java:logGet(46)) - raft.server.log.statemachine.data.sync.timeout.retry = 30 (custom)
2025-05-14 02:53:37,066 [f8181075-ae63-407a-b17c-78185f7d70dd-groupManagement] INFO  server.RaftServerConfigKeys (ConfUtils.java:logGet(46)) - raft.server.log.write.buffer.size = 33554440 (custom)
2025-05-14 02:53:37,070 [f8181075-ae63-407a-b17c-78185f7d70dd-groupManagement] INFO  server.RaftServerConfigKeys (ConfUtils.java:logGet(46)) - raft.server.log.appender.buffer.byte-limit = 33554432 (custom)
2025-05-14 02:53:37,071 [f8181075-ae63-407a-b17c-78185f7d70dd-groupManagement] INFO  server.RaftServerConfigKeys (ConfUtils.java:logGet(46)) - raft.server.log.unsafe-flush.enabled = false (default)
2025-05-14 02:53:37,071 [f8181075-ae63-407a-b17c-78185f7d70dd-groupManagement] INFO  server.RaftServerConfigKeys (ConfUtils.java:logGet(46)) - raft.server.log.async-flush.enabled = false (default)
2025-05-14 02:53:37,071 [f8181075-ae63-407a-b17c-78185f7d70dd-groupManagement] INFO  server.RaftServerConfigKeys (ConfUtils.java:logGet(46)) - raft.server.log.statemachine.data.caching.enabled = true (custom)
2025-05-14 02:53:37,071 [f8181075-ae63-407a-b17c-78185f7d70dd-groupManagement] INFO  segmented.SegmentedRaftLogWorker (SegmentedRaftLogWorker.java:lambda$new$0(139)) - f8181075-ae63-407a-b17c-78185f7d70dd@group-88043DA95CFB-SegmentedRaftLogWorker: flushIndex: setUnconditionally 0 -> -1
2025-05-14 02:53:37,071 [f8181075-ae63-407a-b17c-78185f7d70dd-groupManagement] INFO  segmented.SegmentedRaftLogWorker (SegmentedRaftLogWorker.java:lambda$new$0(139)) - f8181075-ae63-407a-b17c-78185f7d70dd@group-88043DA95CFB-SegmentedRaftLogWorker: safeCacheEvictIndex: setUnconditionally 0 -> -1
2025-05-14 02:53:37,071 [f8181075-ae63-407a-b17c-78185f7d70dd-groupManagement] INFO  server.RaftServer$Division (RaftServerImpl.java:start(391)) - f8181075-ae63-407a-b17c-78185f7d70dd@group-88043DA95CFB: start as a follower, conf=conf: {index: -1, cur=peers:[30ccf06d-ad3c-4fb0-87c5-f3e2916d12cb|127.0.0.1:15023, f8181075-ae63-407a-b17c-78185f7d70dd|127.0.0.1:15015, 0e2e4ad1-578a-45fc-a8c2-41affcffb7b9|127.0.0.1:15031]|listeners:[], old=null}
2025-05-14 02:53:37,071 [f8181075-ae63-407a-b17c-78185f7d70dd-groupManagement] INFO  server.RaftServer$Division (RaftServerImpl.java:setRole(378)) - f8181075-ae63-407a-b17c-78185f7d70dd@group-88043DA95CFB: changes role from      null to FOLLOWER at term 0 for startAsFollower
2025-05-14 02:53:37,072 [f8181075-ae63-407a-b17c-78185f7d70dd-groupManagement] INFO  impl.RoleInfo (RoleInfo.java:updateAndGet(148)) - f8181075-ae63-407a-b17c-78185f7d70dd: start f8181075-ae63-407a-b17c-78185f7d70dd@group-88043DA95CFB-FollowerState
2025-05-14 02:53:37,072 [f8181075-ae63-407a-b17c-78185f7d70dd@group-88043DA95CFB-FollowerState] INFO  server.RaftServerConfigKeys (ConfUtils.java:logGet(46)) - raft.server.rpc.first-election.timeout.min = 1000ms (custom)
2025-05-14 02:53:37,072 [f8181075-ae63-407a-b17c-78185f7d70dd-groupManagement] INFO  util.JmxRegister (JmxRegister.java:tryRegister(44)) - Successfully registered JMX Bean with object name Ratis:service=RaftServer,group=group-88043DA95CFB,id=f8181075-ae63-407a-b17c-78185f7d70dd
2025-05-14 02:53:37,072 [f8181075-ae63-407a-b17c-78185f7d70dd@group-88043DA95CFB-FollowerState] INFO  server.RaftServerConfigKeys (ConfUtils.java:logGet(46)) - raft.server.rpc.first-election.timeout.max = 1200ms (custom)
2025-05-14 02:53:37,072 [f8181075-ae63-407a-b17c-78185f7d70dd-groupManagement] INFO  util.JmxRegister (JmxRegister.java:register(58)) - register mxBean class org.apache.ratis.server.impl.RaftServerJmxAdapter as Ratis:service=RaftServer,group=group-88043DA95CFB,id=f8181075-ae63-407a-b17c-78185f7d70dd
2025-05-14 02:53:37,072 [f8181075-ae63-407a-b17c-78185f7d70dd-groupManagement] INFO  server.RaftServerConfigKeys (ConfUtils.java:logGet(46)) - raft.server.snapshot.trigger-when-stop.enabled = true (default)
2025-05-14 02:53:37,072 [f8181075-ae63-407a-b17c-78185f7d70dd-groupManagement] INFO  server.RaftServerConfigKeys (ConfUtils.java:logGet(46)) - raft.server.snapshot.trigger-when-remove.enabled = true (default)
2025-05-14 02:53:37,072 [f8181075-ae63-407a-b17c-78185f7d70dd-groupManagement] INFO  server.RaftServerConfigKeys (ConfUtils.java:logGet(46)) - raft.server.snapshot.auto.trigger.enabled = true (custom)
2025-05-14 02:53:37,072 [f8181075-ae63-407a-b17c-78185f7d70dd-groupManagement] INFO  server.RaftServerConfigKeys (ConfUtils.java:logGet(46)) - raft.server.snapshot.auto.trigger.threshold = 1 (custom)
2025-05-14 02:53:37,072 [f8181075-ae63-407a-b17c-78185f7d70dd-groupManagement] INFO  server.RaftServerConfigKeys (ConfUtils.java:logGet(46)) - raft.server.snapshot.retention.file.num = 5 (custom)
2025-05-14 02:53:37,072 [f8181075-ae63-407a-b17c-78185f7d70dd-groupManagement] INFO  server.RaftServerConfigKeys (ConfUtils.java:logGet(46)) - raft.server.log.purge.upto.snapshot.index = false (default)
2025-05-14 02:53:37,074 [f8181075-ae63-407a-b17c-78185f7d70dd-groupManagement] INFO  server.RaftServer$Division (RaftServerImpl.java:start(405)) - f8181075-ae63-407a-b17c-78185f7d70dd@group-88043DA95CFB: Successfully started.
2025-05-14 02:53:37,074 [f8181075-ae63-407a-b17c-78185f7d70dd-PipelineCommandHandlerThread-0] INFO  ratis.XceiverServerRatis (XceiverServerRatis.java:addGroup(843)) - Created group PipelineID=664cf085-c235-4252-8b1c-88043da95cfb
2025-05-14 02:53:37,141 [EventQueue-PipelineReportForOneReplicaPipelineSafeModeRule] INFO  safemode.SCMSafeModeManager (SCMSafeModeManager.java:validateSafeModeExitRules(140)) - AtleastOneDatanodeReportedRule rule is successfully validated
2025-05-14 02:53:37,165 [9d8a5836-bfca-4d37-9676-470807fcd29d-EndpointStateMachineTaskThread-/0.0.0.0:15002-0 ] INFO  utils.DatanodeStoreCache (DatanodeStoreCache.java:addDB(70)) - Added db /home/runner/work/ozone/ozone/hadoop-ozone/integration-test/target/test-dir/MiniOzoneClusterImpl-af940217-b311-440f-8e09-352fdf66236b/ozone-meta/datanode-10/data-0/hdds/af940217-b311-440f-8e09-352fdf66236b/DS-79c90bcd-b1e2-4ee7-aa2a-1a465bae35ac/container.db to cache
2025-05-14 02:53:37,165 [9d8a5836-bfca-4d37-9676-470807fcd29d-EndpointStateMachineTaskThread-/0.0.0.0:15002-0 ] INFO  volume.HddsVolume (HddsVolume.java:createDbStore(510)) - SchemaV3 db is created and loaded at /home/runner/work/ozone/ozone/hadoop-ozone/integration-test/target/test-dir/MiniOzoneClusterImpl-af940217-b311-440f-8e09-352fdf66236b/ozone-meta/datanode-10/data-0/hdds/af940217-b311-440f-8e09-352fdf66236b/DS-79c90bcd-b1e2-4ee7-aa2a-1a465bae35ac/container.db for volume DS-79c90bcd-b1e2-4ee7-aa2a-1a465bae35ac
2025-05-14 02:53:37,168 [9d8a5836-bfca-4d37-9676-470807fcd29d-ContainerReader-0] INFO  ozoneimpl.ContainerReader (ContainerReader.java:readVolume(144)) - Start to verify containers on volume /home/runner/work/ozone/ozone/hadoop-ozone/integration-test/target/test-dir/MiniOzoneClusterImpl-af940217-b311-440f-8e09-352fdf66236b/ozone-meta/datanode-10/data-0/hdds
2025-05-14 02:53:37,168 [9d8a5836-bfca-4d37-9676-470807fcd29d-ContainerReader-0] INFO  ozoneimpl.ContainerReader (ContainerReader.java:readVolume(174)) - Finish verifying containers on volume /home/runner/work/ozone/ozone/hadoop-ozone/integration-test/target/test-dir/MiniOzoneClusterImpl-af940217-b311-440f-8e09-352fdf66236b/ozone-meta/datanode-10/data-0/hdds
2025-05-14 02:53:37,168 [9d8a5836-bfca-4d37-9676-470807fcd29d-EndpointStateMachineTaskThread-/0.0.0.0:15002-0 ] INFO  ozoneimpl.OzoneContainer (OzoneContainer.java:buildContainerSet(364)) - Build ContainerSet costs 0s
2025-05-14 02:53:37,168 [9d8a5836-bfca-4d37-9676-470807fcd29d-EndpointStateMachineTaskThread-/0.0.0.0:15002-0 ] INFO  volume.ThrottledAsyncChecker (ThrottledAsyncChecker.java:schedule(138)) - Scheduling a check for /home/runner/work/ozone/ozone/hadoop-ozone/integration-test/target/test-dir/MiniOzoneClusterImpl-af940217-b311-440f-8e09-352fdf66236b/ozone-meta/datanode-10/data-0/hdds
2025-05-14 02:53:37,169 [9d8a5836-bfca-4d37-9676-470807fcd29d-EndpointStateMachineTaskThread-/0.0.0.0:15002-0 ] INFO  volume.StorageVolumeChecker (StorageVolumeChecker.java:checkAllVolumes(215)) - Scheduled health check for volume /home/runner/work/ozone/ozone/hadoop-ozone/integration-test/target/test-dir/MiniOzoneClusterImpl-af940217-b311-440f-8e09-352fdf66236b/ozone-meta/datanode-10/data-0/hdds
2025-05-14 02:53:37,178 [9d8a5836-bfca-4d37-9676-470807fcd29d-EndpointStateMachineTaskThread-/0.0.0.0:15002-0 ] INFO  volume.ThrottledAsyncChecker (ThrottledAsyncChecker.java:schedule(138)) - Scheduling a check for /home/runner/work/ozone/ozone/hadoop-ozone/integration-test/target/test-dir/MiniOzoneClusterImpl-af940217-b311-440f-8e09-352fdf66236b/ozone-meta/datanode-10/ratis
2025-05-14 02:53:37,178 [9d8a5836-bfca-4d37-9676-470807fcd29d-EndpointStateMachineTaskThread-/0.0.0.0:15002-0 ] INFO  volume.StorageVolumeChecker (StorageVolumeChecker.java:checkAllVolumes(215)) - Scheduled health check for volume /home/runner/work/ozone/ozone/hadoop-ozone/integration-test/target/test-dir/MiniOzoneClusterImpl-af940217-b311-440f-8e09-352fdf66236b/ozone-meta/datanode-10/ratis
2025-05-14 02:53:37,179 [9d8a5836-bfca-4d37-9676-470807fcd29d-EndpointStateMachineTaskThread-/0.0.0.0:15002-0 ] INFO  ozoneimpl.OzoneContainer (OzoneContainer.java:start(512)) - Attempting to start container services.
2025-05-14 02:53:37,179 [9d8a5836-bfca-4d37-9676-470807fcd29d-EndpointStateMachineTaskThread-/0.0.0.0:15002-0 ] WARN  ozoneimpl.OnDemandContainerDataScanner (OnDemandContainerDataScanner.java:init(74)) - Trying to initialize on demand scanner a second time on a datanode.
2025-05-14 02:53:37,180 [ContainerMetadataScanner] INFO  ozoneimpl.AbstractBackgroundContainerScanner (AbstractBackgroundContainerScanner.java:runIteration(89)) - Completed an iteration in 0 minutes. Number of iterations (since the data-node restart) : 1, Number of containers scanned in this iteration : 0, Number of unhealthy containers found in this iteration : 0
2025-05-14 02:53:37,180 [ContainerDataScanner(/home/runner/work/ozone/ozone/hadoop-ozone/integration-test/target/test-dir/MiniOzoneClusterImpl-af940217-b311-440f-8e09-352fdf66236b/ozone-meta/datanode-10/data-0/hdds)] INFO  ozoneimpl.AbstractBackgroundContainerScanner (AbstractBackgroundContainerScanner.java:runIteration(89)) - Completed an iteration in 0 minutes. Number of iterations (since the data-node restart) : 1, Number of containers scanned in this iteration : 0, Number of unhealthy containers found in this iteration : 0
2025-05-14 02:53:37,180 [9d8a5836-bfca-4d37-9676-470807fcd29d-EndpointStateMachineTaskThread-/0.0.0.0:15002-0 ] INFO  replication.ReplicationServer (ReplicationServer.java:start(137)) - ReplicationServer is started using port 15089
2025-05-14 02:53:37,181 [9d8a5836-bfca-4d37-9676-470807fcd29d-EndpointStateMachineTaskThread-/0.0.0.0:15002-0 ] INFO  ratis.XceiverServerRatis (XceiverServerRatis.java:start(559)) - Starting XceiverServerRatis(9d8a5836-bfca-4d37-9676-470807fcd29d)
2025-05-14 02:53:37,182 [9d8a5836-bfca-4d37-9676-470807fcd29d-EndpointStateMachineTaskThread-/0.0.0.0:15002-0 ] INFO  server.RaftServer (RaftServerProxy.java:startImpl(407)) - 9d8a5836-bfca-4d37-9676-470807fcd29d: start RPC server
2025-05-14 02:53:37,182 [9d8a5836-bfca-4d37-9676-470807fcd29d-EndpointStateMachineTaskThread-/0.0.0.0:15002-0 ] INFO  server.GrpcService (GrpcService.java:startImpl(334)) - 9d8a5836-bfca-4d37-9676-470807fcd29d: GrpcService started, listening on 15085
2025-05-14 02:53:37,182 [9d8a5836-bfca-4d37-9676-470807fcd29d-EndpointStateMachineTaskThread-/0.0.0.0:15002-0 ] INFO  server.GrpcService (GrpcService.java:startImpl(334)) - 9d8a5836-bfca-4d37-9676-470807fcd29d: GrpcService started, listening on 15087
2025-05-14 02:53:37,183 [9d8a5836-bfca-4d37-9676-470807fcd29d-EndpointStateMachineTaskThread-/0.0.0.0:15002-0 ] INFO  server.GrpcService (GrpcService.java:startImpl(334)) - 9d8a5836-bfca-4d37-9676-470807fcd29d: GrpcService started, listening on 15086
2025-05-14 02:53:37,183 [9d8a5836-bfca-4d37-9676-470807fcd29d-EndpointStateMachineTaskThread-/0.0.0.0:15002-0 ] INFO  ratis.XceiverServerRatis (XceiverServerRatis.java:getRealPort(586)) - XceiverServerRatis(9d8a5836-bfca-4d37-9676-470807fcd29d) is started using port RATIS=15085
2025-05-14 02:53:37,183 [9d8a5836-bfca-4d37-9676-470807fcd29d-EndpointStateMachineTaskThread-/0.0.0.0:15002-0 ] INFO  ratis.XceiverServerRatis (XceiverServerRatis.java:getRealPort(586)) - XceiverServerRatis(9d8a5836-bfca-4d37-9676-470807fcd29d) is started using port RATIS_ADMIN=15086
2025-05-14 02:53:37,183 [9d8a5836-bfca-4d37-9676-470807fcd29d-EndpointStateMachineTaskThread-/0.0.0.0:15002-0 ] INFO  ratis.XceiverServerRatis (XceiverServerRatis.java:getRealPort(586)) - XceiverServerRatis(9d8a5836-bfca-4d37-9676-470807fcd29d) is started using port RATIS_SERVER=15087
2025-05-14 02:53:37,183 [9d8a5836-bfca-4d37-9676-470807fcd29d-EndpointStateMachineTaskThread-/0.0.0.0:15002-0 ] INFO  ratis.XceiverServerRatis (XceiverServerRatis.java:getRealPort(586)) - XceiverServerRatis(9d8a5836-bfca-4d37-9676-470807fcd29d) is started using port RATIS_DATASTREAM=15088
2025-05-14 02:53:37,183 [JvmPauseMonitor12] INFO  util.JvmPauseMonitor (JvmPauseMonitor.java:run(146)) - JvmPauseMonitor-9d8a5836-bfca-4d37-9676-470807fcd29d: Started
2025-05-14 02:53:37,186 [9d8a5836-bfca-4d37-9676-470807fcd29d-BlockDeletingService#0] INFO  interfaces.ContainerDeletionChoosingPolicyTemplate (ContainerDeletionChoosingPolicyTemplate.java:chooseContainerForBlockDeletion(83)) - Chosen 0/5000 blocks from 0 candidate containers.
2025-05-14 02:53:37,191 [IPC Server handler 1 on default port 15002] INFO  net.NetworkTopologyImpl (NetworkTopologyImpl.java:add(133)) - Added a new node: /default-rack/8e51993b-4f71-45b0-84f2-cf37ffbd2099
2025-05-14 02:53:37,191 [IPC Server handler 1 on default port 15002] INFO  node.SCMNodeManager (SCMNodeManager.java:register(426)) - Registered datanode: 8e51993b-4f71-45b0-84f2-cf37ffbd2099{ip: 127.0.0.1, host: localhost, ports: [HTTP=15066, CLIENT_RPC=15067, REPLICATION=15073, RATIS=15069, RATIS_ADMIN=15070, RATIS_SERVER=15071, RATIS_DATASTREAM=15072, STANDALONE=15068], networkLocation: /default-rack, certSerialId: null, persistedOpState: null, persistedOpStateExpiryEpochSec: 0}
2025-05-14 02:53:37,191 [EventQueue-NewNodeForNewNodeHandler] INFO  pipeline.BackgroundPipelineCreator (BackgroundPipelineCreator.java:notifyEventTriggered(290)) - trigger a one-shot run on RatisPipelineUtilsThread.
2025-05-14 02:53:37,191 [EventQueue-PipelineReportForOneReplicaPipelineSafeModeRule] INFO  safemode.SCMSafeModeManager (SCMSafeModeManager.java:validateSafeModeExitRules(140)) - AtleastOneDatanodeReportedRule rule is successfully validated
2025-05-14 02:53:37,192 [EventQueue-ContainerRegistrationReportForRatisContainerSafeModeRule] INFO  safemode.SCMSafeModeManager (SCMSafeModeManager.java:validateSafeModeExitRules(140)) - RatisContainerSafeModeRule rule is successfully validated
2025-05-14 02:53:37,192 [EventQueue-NodeRegistrationContainerReportForDataNodeSafeModeRule] INFO  safemode.SCMSafeModeManager (SCMSafeModeManager.java:validateSafeModeExitRules(140)) - DataNodeSafeModeRule rule is successfully validated
2025-05-14 02:53:37,192 [EventQueue-ContainerRegistrationReportForECContainerSafeModeRule] INFO  safemode.SCMSafeModeManager (SCMSafeModeManager.java:validateSafeModeExitRules(140)) - ECContainerSafeModeRule rule is successfully validated
2025-05-14 02:53:37,192 [RatisPipelineUtilsThread-0] INFO  pipeline.RatisPipelineProvider (RatisPipelineProvider.java:lambda$create$0(208)) - Sending CreatePipelineCommand for pipeline:PipelineID=a882d325-06d6-4d73-8501-2f53f772d121 to datanode:8e51993b-4f71-45b0-84f2-cf37ffbd2099(localhost/127.0.0.1)
2025-05-14 02:53:37,195 [1edfeee1-83e1-4d34-a92c-2e00b570784e@group-352FDF66236B-StateMachineUpdater] INFO  safemode.SCMSafeModeManager (SCMSafeModeManager.java:validateSafeModeExitRules(140)) - DataNodeSafeModeRule rule is successfully validated
2025-05-14 02:53:37,196 [1edfeee1-83e1-4d34-a92c-2e00b570784e@group-352FDF66236B-StateMachineUpdater] INFO  safemode.SCMSafeModeManager (SCMSafeModeManager.java:validateSafeModeExitRules(140)) - RatisContainerSafeModeRule rule is successfully validated
2025-05-14 02:53:37,196 [1edfeee1-83e1-4d34-a92c-2e00b570784e@group-352FDF66236B-StateMachineUpdater] INFO  safemode.HealthyPipelineSafeModeRule (HealthyPipelineSafeModeRule.java:initializeRule(173)) - Refreshed total pipeline count is 0, healthy pipeline threshold count is 1
2025-05-14 02:53:37,196 [1edfeee1-83e1-4d34-a92c-2e00b570784e@group-352FDF66236B-StateMachineUpdater] INFO  safemode.SCMSafeModeManager (SCMSafeModeManager.java:validateSafeModeExitRules(140)) - ECContainerSafeModeRule rule is successfully validated
2025-05-14 02:53:37,196 [1edfeee1-83e1-4d34-a92c-2e00b570784e@group-352FDF66236B-StateMachineUpdater] INFO  safemode.SCMSafeModeManager (SCMSafeModeManager.java:validateSafeModeExitRules(140)) - AtleastOneDatanodeReportedRule rule is successfully validated
2025-05-14 02:53:37,196 [RatisPipelineUtilsThread-0] INFO  pipeline.BackgroundPipelineCreator (BackgroundPipelineCreator.java:createPipelines(246)) - Created new pipeline Pipeline{ Id: a882d325-06d6-4d73-8501-2f53f772d121, Nodes: [ {8e51993b-4f71-45b0-84f2-cf37ffbd2099(localhost/127.0.0.1), ReplicaIndex: 0},], ReplicationConfig: RATIS/ONE, State:ALLOCATED, leaderId:, CreationTimestamp2025-05-14T02:53:37.192746993Z[Etc/UTC]}
2025-05-14 02:53:37,199 [EventQueue-PipelineReportForOneReplicaPipelineSafeModeRule] INFO  safemode.SCMSafeModeManager (SCMSafeModeManager.java:validateSafeModeExitRules(140)) - AtleastOneDatanodeReportedRule rule is successfully validated
2025-05-14 02:53:37,206 [EventQueue-PipelineReportForOneReplicaPipelineSafeModeRule] INFO  safemode.SCMSafeModeManager (SCMSafeModeManager.java:validateSafeModeExitRules(140)) - AtleastOneDatanodeReportedRule rule is successfully validated
2025-05-14 02:53:37,260 [EventQueue-PipelineReportForOneReplicaPipelineSafeModeRule] INFO  safemode.SCMSafeModeManager (SCMSafeModeManager.java:validateSafeModeExitRules(140)) - AtleastOneDatanodeReportedRule rule is successfully validated
2025-05-14 02:53:37,263 [EventQueue-PipelineReportForOneReplicaPipelineSafeModeRule] INFO  safemode.SCMSafeModeManager (SCMSafeModeManager.java:validateSafeModeExitRules(140)) - AtleastOneDatanodeReportedRule rule is successfully validated
2025-05-14 02:53:37,263 [EventQueue-OpenPipelineForHealthyPipelineSafeModeRule] INFO  safemode.SCMSafeModeManager (HealthyPipelineSafeModeRule.java:process(141)) - SCM in safe mode. Healthy pipelines reported count is 0, required healthy pipeline reported count is 1
2025-05-14 02:53:37,268 [grpc-default-executor-0] INFO  server.RaftServer (RaftServerProxy.java:addNew(100)) - 0e2e4ad1-578a-45fc-a8c2-41affcffb7b9: addNew group-88043DA95CFB:[30ccf06d-ad3c-4fb0-87c5-f3e2916d12cb|127.0.0.1:15023, f8181075-ae63-407a-b17c-78185f7d70dd|127.0.0.1:15015, 0e2e4ad1-578a-45fc-a8c2-41affcffb7b9|127.0.0.1:15031] returns group-88043DA95CFB:java.util.concurrent.CompletableFuture@e0e3b1e[Not completed]
2025-05-14 02:53:37,270 [0e2e4ad1-578a-45fc-a8c2-41affcffb7b9-groupManagement] INFO  server.RaftServer$Division (RaftServerImpl.java:<init>(255)) - 0e2e4ad1-578a-45fc-a8c2-41affcffb7b9: new RaftServerImpl for group-88043DA95CFB:[30ccf06d-ad3c-4fb0-87c5-f3e2916d12cb|127.0.0.1:15023, f8181075-ae63-407a-b17c-78185f7d70dd|127.0.0.1:15015, 0e2e4ad1-578a-45fc-a8c2-41affcffb7b9|127.0.0.1:15031] with ContainerStateMachine:uninitialized
2025-05-14 02:53:37,270 [0e2e4ad1-578a-45fc-a8c2-41affcffb7b9-groupManagement] INFO  server.RaftServerConfigKeys (ConfUtils.java:logGet(46)) - raft.server.rpc.timeout.min = 5s (custom)
2025-05-14 02:53:37,270 [0e2e4ad1-578a-45fc-a8c2-41affcffb7b9-groupManagement] INFO  server.RaftServerConfigKeys (ConfUtils.java:logGet(46)) - raft.server.rpc.timeout.max = 5200ms (custom)
2025-05-14 02:53:37,270 [0e2e4ad1-578a-45fc-a8c2-41affcffb7b9-groupManagement] INFO  server.RaftServerConfigKeys (ConfUtils.java:logGet(46)) - raft.server.rpc.sleep.time = 25ms (default)
2025-05-14 02:53:37,270 [0e2e4ad1-578a-45fc-a8c2-41affcffb7b9-groupManagement] INFO  server.RaftServerConfigKeys (ConfUtils.java:logGet(46)) - raft.server.rpc.slowness.timeout = 300000ms (custom)
2025-05-14 02:53:37,270 [0e2e4ad1-578a-45fc-a8c2-41affcffb7b9-groupManagement] INFO  server.RaftServerConfigKeys (ConfUtils.java:logGet(46)) - raft.server.leaderelection.leader.step-down.wait-time = 10s (default)
2025-05-14 02:53:37,270 [0e2e4ad1-578a-45fc-a8c2-41affcffb7b9-groupManagement] INFO  server.RaftServerConfigKeys (ConfUtils.java:logGet(46)) - raft.server.leaderelection.member.majority-add = false (default)
2025-05-14 02:53:37,270 [0e2e4ad1-578a-45fc-a8c2-41affcffb7b9-groupManagement] INFO  server.RaftServerConfigKeys (ConfUtils.java:logGet(46)) - raft.server.sleep.deviation.threshold = 300ms (default)
2025-05-14 02:53:37,270 [0e2e4ad1-578a-45fc-a8c2-41affcffb7b9-groupManagement] INFO  server.RaftServer$Division (ServerState.java:<init>(114)) - 0e2e4ad1-578a-45fc-a8c2-41affcffb7b9@group-88043DA95CFB: ConfigurationManager, init=conf: {index: -1, cur=peers:[30ccf06d-ad3c-4fb0-87c5-f3e2916d12cb|127.0.0.1:15023, f8181075-ae63-407a-b17c-78185f7d70dd|127.0.0.1:15015, 0e2e4ad1-578a-45fc-a8c2-41affcffb7b9|127.0.0.1:15031]|listeners:[], old=null}, confs=<EMPTY_MAP>
2025-05-14 02:53:37,270 [0e2e4ad1-578a-45fc-a8c2-41affcffb7b9-groupManagement] INFO  server.RaftServerConfigKeys (ConfUtils.java:logGet(46)) - raft.server.notification.no-leader.timeout = 300000ms (custom)
2025-05-14 02:53:37,270 [0e2e4ad1-578a-45fc-a8c2-41affcffb7b9-groupManagement] INFO  server.RaftServerConfigKeys (ConfUtils.java:logGet(46)) - raft.server.read.timeout = 10s (default)
2025-05-14 02:53:37,271 [0e2e4ad1-578a-45fc-a8c2-41affcffb7b9-groupManagement] INFO  server.RaftServerConfigKeys (ConfUtils.java:logGet(46)) - raft.server.retrycache.expirytime = 600000ms (custom)
2025-05-14 02:53:37,271 [0e2e4ad1-578a-45fc-a8c2-41affcffb7b9-groupManagement] INFO  server.RaftServerConfigKeys (ConfUtils.java:logGet(46)) - raft.server.retrycache.statistics.expirytime = 100ms (default)
2025-05-14 02:53:37,271 [0e2e4ad1-578a-45fc-a8c2-41affcffb7b9-groupManagement] INFO  server.RaftServerConfigKeys (ConfUtils.java:logGet(46)) - raft.server.read.option = DEFAULT (default)
2025-05-14 02:53:37,271 [0e2e4ad1-578a-45fc-a8c2-41affcffb7b9-groupManagement] INFO  server.RaftServerConfigKeys (ConfUtils.java:logGet(46)) - raft.server.read.read-after-write-consistent.write-index-cache.expiry-time = 60s (default)
2025-05-14 02:53:37,278 [0e2e4ad1-578a-45fc-a8c2-41affcffb7b9-groupManagement] INFO  server.RaftServerConfigKeys (ConfUtils.java:logGet(46)) - raft.server.rpc.request.timeout = 3000ms (default)
2025-05-14 02:53:37,279 [0e2e4ad1-578a-45fc-a8c2-41affcffb7b9-groupManagement] INFO  server.RaftServerConfigKeys (ConfUtils.java:logGet(46)) - raft.server.log.appender.install.snapshot.enabled = false (custom)
2025-05-14 02:53:37,279 [0e2e4ad1-578a-45fc-a8c2-41affcffb7b9-groupManagement] INFO  server.RaftServerConfigKeys (ConfUtils.java:logGet(46)) - raft.server.threadpool.server.cached = true (default)
2025-05-14 02:53:37,279 [0e2e4ad1-578a-45fc-a8c2-41affcffb7b9-groupManagement] INFO  server.RaftServerConfigKeys (ConfUtils.java:logGet(46)) - raft.server.threadpool.server.size = 0 (default)
2025-05-14 02:53:37,279 [0e2e4ad1-578a-45fc-a8c2-41affcffb7b9-groupManagement] INFO  server.RaftServerConfigKeys (ConfUtils.java:logGet(46)) - raft.server.threadpool.client.cached = true (default)
2025-05-14 02:53:37,279 [0e2e4ad1-578a-45fc-a8c2-41affcffb7b9-groupManagement] INFO  server.RaftServerConfigKeys (ConfUtils.java:logGet(46)) - raft.server.threadpool.client.size = 0 (default)
2025-05-14 02:53:37,279 [0e2e4ad1-578a-45fc-a8c2-41affcffb7b9-groupManagement] INFO  server.RaftServerConfigKeys (ConfUtils.java:logGet(46)) - raft.server.storage.free-space.min = 0MB (=0) (default)
2025-05-14 02:53:37,279 [0e2e4ad1-578a-45fc-a8c2-41affcffb7b9-groupManagement] INFO  server.RaftServerConfigKeys (ConfUtils.java:logGet(46)) - raft.server.log.corruption.policy = EXCEPTION (default)
2025-05-14 02:53:37,279 [0e2e4ad1-578a-45fc-a8c2-41affcffb7b9-groupManagement] INFO  server.RaftServerConfigKeys (ConfUtils.java:logGet(46)) - raft.server.storage.dir = [/home/runner/work/ozone/ozone/hadoop-ozone/integration-test/target/test-dir/MiniOzoneClusterImpl-af940217-b311-440f-8e09-352fdf66236b/ozone-meta/datanode-3/ratis] (custom)
2025-05-14 02:53:37,279 [0e2e4ad1-578a-45fc-a8c2-41affcffb7b9-groupManagement] INFO  storage.RaftStorageDirectory (RaftStorageDirectoryImpl.java:analyzeStorage(138)) - The storage directory /home/runner/work/ozone/ozone/hadoop-ozone/integration-test/target/test-dir/MiniOzoneClusterImpl-af940217-b311-440f-8e09-352fdf66236b/ozone-meta/datanode-3/ratis/664cf085-c235-4252-8b1c-88043da95cfb does not exist. Creating ...
2025-05-14 02:53:37,280 [0e2e4ad1-578a-45fc-a8c2-41affcffb7b9-groupManagement] INFO  storage.RaftStorageDirectory (RaftStorageDirectoryImpl.java:tryLock(229)) - Lock on /home/runner/work/ozone/ozone/hadoop-ozone/integration-test/target/test-dir/MiniOzoneClusterImpl-af940217-b311-440f-8e09-352fdf66236b/ozone-meta/datanode-3/ratis/664cf085-c235-4252-8b1c-88043da95cfb/in_use.lock acquired by nodename 34763@localhost
2025-05-14 02:53:37,281 [0e2e4ad1-578a-45fc-a8c2-41affcffb7b9-groupManagement] INFO  storage.RaftStorage (RaftStorageImpl.java:format(98)) - Storage directory /home/runner/work/ozone/ozone/hadoop-ozone/integration-test/target/test-dir/MiniOzoneClusterImpl-af940217-b311-440f-8e09-352fdf66236b/ozone-meta/datanode-3/ratis/664cf085-c235-4252-8b1c-88043da95cfb has been successfully formatted.
2025-05-14 02:53:37,281 [0e2e4ad1-578a-45fc-a8c2-41affcffb7b9-groupManagement] INFO  ratis.ContainerStateMachine (ContainerStateMachine.java:initialize(339)) - 0e2e4ad1-578a-45fc-a8c2-41affcffb7b9: initialize group-88043DA95CFB
2025-05-14 02:53:37,282 [0e2e4ad1-578a-45fc-a8c2-41affcffb7b9-groupManagement] INFO  ratis.ContainerStateMachine (ContainerStateMachine.java:loadSnapshot(347)) - group-88043DA95CFB: The snapshot info is null. Setting the last applied index to:(t:0, i:~)
2025-05-14 02:53:37,282 [0e2e4ad1-578a-45fc-a8c2-41affcffb7b9-groupManagement] INFO  server.RaftServerConfigKeys (ConfUtils.java:logGet(46)) - raft.server.log.use.memory = false (default)
2025-05-14 02:53:37,282 [0e2e4ad1-578a-45fc-a8c2-41affcffb7b9-groupManagement] INFO  server.RaftServerConfigKeys (ConfUtils.java:logGet(46)) - raft.server.log.purge.gap = 1000000 (custom)
2025-05-14 02:53:37,282 [0e2e4ad1-578a-45fc-a8c2-41affcffb7b9-groupManagement] INFO  server.RaftServerConfigKeys (ConfUtils.java:logGet(46)) - raft.server.log.appender.buffer.byte-limit = 33554432 (custom)
2025-05-14 02:53:37,282 [0e2e4ad1-578a-45fc-a8c2-41affcffb7b9-groupManagement] INFO  server.RaftServerConfigKeys (ConfUtils.java:logGet(46)) - raft.server.log.statemachine.data.read.timeout = 1000ms (default)
2025-05-14 02:53:37,282 [0e2e4ad1-578a-45fc-a8c2-41affcffb7b9-groupManagement] INFO  server.RaftServerConfigKeys (ConfUtils.java:logGet(46)) - raft.server.log.purge.preservation.log.num = 0 (default)
2025-05-14 02:53:37,284 [EventQueue-PipelineReportForOneReplicaPipelineSafeModeRule] INFO  safemode.SCMSafeModeManager (SCMSafeModeManager.java:validateSafeModeExitRules(140)) - AtleastOneDatanodeReportedRule rule is successfully validated
2025-05-14 02:53:37,287 [0e2e4ad1-578a-45fc-a8c2-41affcffb7b9-groupManagement] INFO  server.RaftServerConfigKeys (ConfUtils.java:logGet(46)) - raft.server.log.segment.size.max = 67108864 (custom)
2025-05-14 02:53:37,288 [0e2e4ad1-578a-45fc-a8c2-41affcffb7b9-groupManagement] INFO  server.RaftServerConfigKeys (ConfUtils.java:logGet(46)) - raft.server.log.segment.cache.num.max = 2 (custom)
2025-05-14 02:53:37,288 [0e2e4ad1-578a-45fc-a8c2-41affcffb7b9-groupManagement] INFO  server.RaftServerConfigKeys (ConfUtils.java:logGet(46)) - raft.server.log.segment.cache.size.max = 200MB (=209715200) (default)
2025-05-14 02:53:37,288 [0e2e4ad1-578a-45fc-a8c2-41affcffb7b9-groupManagement] INFO  server.RaftServerConfigKeys (ConfUtils.java:logGet(46)) - raft.server.log.appender.buffer.byte-limit = 33554432 (custom)
2025-05-14 02:53:37,288 [0e2e4ad1-578a-45fc-a8c2-41affcffb7b9-groupManagement] INFO  util.AwaitToRun (AwaitToRun.java:start(81)) - Thread[#1189,0e2e4ad1-578a-45fc-a8c2-41affcffb7b9@group-88043DA95CFB-cacheEviction-AwaitToRun,5,main] started
2025-05-14 02:53:37,288 [0e2e4ad1-578a-45fc-a8c2-41affcffb7b9-groupManagement] INFO  segmented.SegmentedRaftLogWorker (SegmentedRaftLogWorker.java:<init>(188)) - new 0e2e4ad1-578a-45fc-a8c2-41affcffb7b9@group-88043DA95CFB-SegmentedRaftLogWorker for RaftStorageImpl:Storage Directory /home/runner/work/ozone/ozone/hadoop-ozone/integration-test/target/test-dir/MiniOzoneClusterImpl-af940217-b311-440f-8e09-352fdf66236b/ozone-meta/datanode-3/ratis/664cf085-c235-4252-8b1c-88043da95cfb
2025-05-14 02:53:37,288 [0e2e4ad1-578a-45fc-a8c2-41affcffb7b9-groupManagement] INFO  server.RaftServerConfigKeys (ConfUtils.java:logGet(46)) - raft.server.log.queue.byte-limit = 4294967296 (custom)
2025-05-14 02:53:37,288 [0e2e4ad1-578a-45fc-a8c2-41affcffb7b9-groupManagement] INFO  server.RaftServerConfigKeys (ConfUtils.java:logGet(46)) - raft.server.log.queue.element-limit = 1024 (custom)
2025-05-14 02:53:37,288 [0e2e4ad1-578a-45fc-a8c2-41affcffb7b9-groupManagement] INFO  server.RaftServerConfigKeys (ConfUtils.java:logGet(46)) - raft.server.log.segment.size.max = 67108864 (custom)
2025-05-14 02:53:37,288 [0e2e4ad1-578a-45fc-a8c2-41affcffb7b9-groupManagement] INFO  server.RaftServerConfigKeys (ConfUtils.java:logGet(46)) - raft.server.log.preallocated.size = 4194304 (custom)
2025-05-14 02:53:37,289 [0e2e4ad1-578a-45fc-a8c2-41affcffb7b9-groupManagement] INFO  server.RaftServerConfigKeys (ConfUtils.java:logGet(46)) - raft.server.log.force.sync.num = 128 (default)
2025-05-14 02:53:37,289 [0e2e4ad1-578a-45fc-a8c2-41affcffb7b9-groupManagement] INFO  server.RaftServerConfigKeys (ConfUtils.java:logGet(46)) - raft.server.log.statemachine.data.sync = true (default)
2025-05-14 02:53:37,289 [0e2e4ad1-578a-45fc-a8c2-41affcffb7b9-groupManagement] INFO  server.RaftServerConfigKeys (ConfUtils.java:logGet(46)) - raft.server.log.statemachine.data.sync.timeout = 10s (default)
2025-05-14 02:53:37,289 [0e2e4ad1-578a-45fc-a8c2-41affcffb7b9-groupManagement] INFO  server.RaftServerConfigKeys (ConfUtils.java:logGet(46)) - raft.server.log.statemachine.data.sync.timeout.retry = 30 (custom)
2025-05-14 02:53:37,289 [0e2e4ad1-578a-45fc-a8c2-41affcffb7b9-groupManagement] INFO  server.RaftServerConfigKeys (ConfUtils.java:logGet(46)) - raft.server.log.write.buffer.size = 33554440 (custom)
2025-05-14 02:53:37,296 [0e2e4ad1-578a-45fc-a8c2-41affcffb7b9-groupManagement] INFO  server.RaftServerConfigKeys (ConfUtils.java:logGet(46)) - raft.server.log.appender.buffer.byte-limit = 33554432 (custom)
2025-05-14 02:53:37,296 [0e2e4ad1-578a-45fc-a8c2-41affcffb7b9-groupManagement] INFO  server.RaftServerConfigKeys (ConfUtils.java:logGet(46)) - raft.server.log.unsafe-flush.enabled = false (default)
2025-05-14 02:53:37,296 [0e2e4ad1-578a-45fc-a8c2-41affcffb7b9-groupManagement] INFO  server.RaftServerConfigKeys (ConfUtils.java:logGet(46)) - raft.server.log.async-flush.enabled = false (default)
2025-05-14 02:53:37,296 [0e2e4ad1-578a-45fc-a8c2-41affcffb7b9-groupManagement] INFO  server.RaftServerConfigKeys (ConfUtils.java:logGet(46)) - raft.server.log.statemachine.data.caching.enabled = true (custom)
2025-05-14 02:53:37,296 [0e2e4ad1-578a-45fc-a8c2-41affcffb7b9-groupManagement] INFO  segmented.SegmentedRaftLogWorker (SegmentedRaftLogWorker.java:lambda$new$0(139)) - 0e2e4ad1-578a-45fc-a8c2-41affcffb7b9@group-88043DA95CFB-SegmentedRaftLogWorker: flushIndex: setUnconditionally 0 -> -1
2025-05-14 02:53:37,296 [0e2e4ad1-578a-45fc-a8c2-41affcffb7b9-groupManagement] INFO  segmented.SegmentedRaftLogWorker (SegmentedRaftLogWorker.java:lambda$new$0(139)) - 0e2e4ad1-578a-45fc-a8c2-41affcffb7b9@group-88043DA95CFB-SegmentedRaftLogWorker: safeCacheEvictIndex: setUnconditionally 0 -> -1
2025-05-14 02:53:37,297 [0e2e4ad1-578a-45fc-a8c2-41affcffb7b9-groupManagement] INFO  server.RaftServer$Division (RaftServerImpl.java:start(391)) - 0e2e4ad1-578a-45fc-a8c2-41affcffb7b9@group-88043DA95CFB: start as a follower, conf=conf: {index: -1, cur=peers:[30ccf06d-ad3c-4fb0-87c5-f3e2916d12cb|127.0.0.1:15023, f8181075-ae63-407a-b17c-78185f7d70dd|127.0.0.1:15015, 0e2e4ad1-578a-45fc-a8c2-41affcffb7b9|127.0.0.1:15031]|listeners:[], old=null}
2025-05-14 02:53:37,297 [0e2e4ad1-578a-45fc-a8c2-41affcffb7b9-groupManagement] INFO  server.RaftServer$Division (RaftServerImpl.java:setRole(378)) - 0e2e4ad1-578a-45fc-a8c2-41affcffb7b9@group-88043DA95CFB: changes role from      null to FOLLOWER at term 0 for startAsFollower
2025-05-14 02:53:37,297 [0e2e4ad1-578a-45fc-a8c2-41affcffb7b9-groupManagement] INFO  impl.RoleInfo (RoleInfo.java:updateAndGet(148)) - 0e2e4ad1-578a-45fc-a8c2-41affcffb7b9: start 0e2e4ad1-578a-45fc-a8c2-41affcffb7b9@group-88043DA95CFB-FollowerState
2025-05-14 02:53:37,299 [0e2e4ad1-578a-45fc-a8c2-41affcffb7b9@group-88043DA95CFB-FollowerState] INFO  server.RaftServerConfigKeys (ConfUtils.java:logGet(46)) - raft.server.rpc.first-election.timeout.min = 1000ms (custom)
2025-05-14 02:53:37,299 [0e2e4ad1-578a-45fc-a8c2-41affcffb7b9-groupManagement] INFO  util.JmxRegister (JmxRegister.java:tryRegister(44)) - Successfully registered JMX Bean with object name Ratis:service=RaftServer,group=group-88043DA95CFB,id=0e2e4ad1-578a-45fc-a8c2-41affcffb7b9
2025-05-14 02:53:37,299 [0e2e4ad1-578a-45fc-a8c2-41affcffb7b9@group-88043DA95CFB-FollowerState] INFO  server.RaftServerConfigKeys (ConfUtils.java:logGet(46)) - raft.server.rpc.first-election.timeout.max = 1200ms (custom)
2025-05-14 02:53:37,299 [0e2e4ad1-578a-45fc-a8c2-41affcffb7b9-groupManagement] INFO  util.JmxRegister (JmxRegister.java:register(58)) - register mxBean class org.apache.ratis.server.impl.RaftServerJmxAdapter as Ratis:service=RaftServer,group=group-88043DA95CFB,id=0e2e4ad1-578a-45fc-a8c2-41affcffb7b9
2025-05-14 02:53:37,299 [0e2e4ad1-578a-45fc-a8c2-41affcffb7b9-groupManagement] INFO  server.RaftServerConfigKeys (ConfUtils.java:logGet(46)) - raft.server.snapshot.trigger-when-stop.enabled = true (default)
2025-05-14 02:53:37,299 [0e2e4ad1-578a-45fc-a8c2-41affcffb7b9-groupManagement] INFO  server.RaftServerConfigKeys (ConfUtils.java:logGet(46)) - raft.server.snapshot.trigger-when-remove.enabled = true (default)
2025-05-14 02:53:37,299 [0e2e4ad1-578a-45fc-a8c2-41affcffb7b9-groupManagement] INFO  server.RaftServerConfigKeys (ConfUtils.java:logGet(46)) - raft.server.snapshot.auto.trigger.enabled = true (custom)
2025-05-14 02:53:37,299 [0e2e4ad1-578a-45fc-a8c2-41affcffb7b9-groupManagement] INFO  server.RaftServerConfigKeys (ConfUtils.java:logGet(46)) - raft.server.snapshot.auto.trigger.threshold = 1 (custom)
2025-05-14 02:53:37,299 [0e2e4ad1-578a-45fc-a8c2-41affcffb7b9-groupManagement] INFO  server.RaftServerConfigKeys (ConfUtils.java:logGet(46)) - raft.server.snapshot.retention.file.num = 5 (custom)
2025-05-14 02:53:37,299 [0e2e4ad1-578a-45fc-a8c2-41affcffb7b9-groupManagement] INFO  server.RaftServerConfigKeys (ConfUtils.java:logGet(46)) - raft.server.log.purge.upto.snapshot.index = false (default)
2025-05-14 02:53:37,300 [0e2e4ad1-578a-45fc-a8c2-41affcffb7b9-groupManagement] INFO  server.RaftServer$Division (RaftServerImpl.java:start(405)) - 0e2e4ad1-578a-45fc-a8c2-41affcffb7b9@group-88043DA95CFB: Successfully started.
2025-05-14 02:53:37,314 [EventQueue-PipelineReportForOneReplicaPipelineSafeModeRule] INFO  safemode.SCMSafeModeManager (SCMSafeModeManager.java:validateSafeModeExitRules(140)) - AtleastOneDatanodeReportedRule rule is successfully validated
2025-05-14 02:53:37,342 [EventQueue-PipelineReportForOneReplicaPipelineSafeModeRule] INFO  safemode.SCMSafeModeManager (SCMSafeModeManager.java:validateSafeModeExitRules(140)) - AtleastOneDatanodeReportedRule rule is successfully validated
2025-05-14 02:53:37,351 [grpc-default-executor-0] INFO  server.RaftServer (RaftServerProxy.java:addNew(100)) - 30ccf06d-ad3c-4fb0-87c5-f3e2916d12cb: addNew group-88043DA95CFB:[30ccf06d-ad3c-4fb0-87c5-f3e2916d12cb|127.0.0.1:15023, f8181075-ae63-407a-b17c-78185f7d70dd|127.0.0.1:15015, 0e2e4ad1-578a-45fc-a8c2-41affcffb7b9|127.0.0.1:15031] returns group-88043DA95CFB:java.util.concurrent.CompletableFuture@1ddacb75[Not completed]
2025-05-14 02:53:37,353 [30ccf06d-ad3c-4fb0-87c5-f3e2916d12cb-groupManagement] INFO  server.RaftServer$Division (RaftServerImpl.java:<init>(255)) - 30ccf06d-ad3c-4fb0-87c5-f3e2916d12cb: new RaftServerImpl for group-88043DA95CFB:[30ccf06d-ad3c-4fb0-87c5-f3e2916d12cb|127.0.0.1:15023, f8181075-ae63-407a-b17c-78185f7d70dd|127.0.0.1:15015, 0e2e4ad1-578a-45fc-a8c2-41affcffb7b9|127.0.0.1:15031] with ContainerStateMachine:uninitialized
2025-05-14 02:53:37,353 [30ccf06d-ad3c-4fb0-87c5-f3e2916d12cb-groupManagement] INFO  server.RaftServerConfigKeys (ConfUtils.java:logGet(46)) - raft.server.rpc.timeout.min = 5s (custom)
2025-05-14 02:53:37,353 [30ccf06d-ad3c-4fb0-87c5-f3e2916d12cb-groupManagement] INFO  server.RaftServerConfigKeys (ConfUtils.java:logGet(46)) - raft.server.rpc.timeout.max = 5200ms (custom)
2025-05-14 02:53:37,353 [30ccf06d-ad3c-4fb0-87c5-f3e2916d12cb-groupManagement] INFO  server.RaftServerConfigKeys (ConfUtils.java:logGet(46)) - raft.server.rpc.sleep.time = 25ms (default)
2025-05-14 02:53:37,353 [30ccf06d-ad3c-4fb0-87c5-f3e2916d12cb-groupManagement] INFO  server.RaftServerConfigKeys (ConfUtils.java:logGet(46)) - raft.server.rpc.slowness.timeout = 300000ms (custom)
2025-05-14 02:53:37,353 [30ccf06d-ad3c-4fb0-87c5-f3e2916d12cb-groupManagement] INFO  server.RaftServerConfigKeys (ConfUtils.java:logGet(46)) - raft.server.leaderelection.leader.step-down.wait-time = 10s (default)
2025-05-14 02:53:37,353 [30ccf06d-ad3c-4fb0-87c5-f3e2916d12cb-groupManagement] INFO  server.RaftServerConfigKeys (ConfUtils.java:logGet(46)) - raft.server.leaderelection.member.majority-add = false (default)
2025-05-14 02:53:37,353 [30ccf06d-ad3c-4fb0-87c5-f3e2916d12cb-groupManagement] INFO  server.RaftServerConfigKeys (ConfUtils.java:logGet(46)) - raft.server.sleep.deviation.threshold = 300ms (default)
2025-05-14 02:53:37,354 [30ccf06d-ad3c-4fb0-87c5-f3e2916d12cb-groupManagement] INFO  server.RaftServer$Division (ServerState.java:<init>(114)) - 30ccf06d-ad3c-4fb0-87c5-f3e2916d12cb@group-88043DA95CFB: ConfigurationManager, init=conf: {index: -1, cur=peers:[30ccf06d-ad3c-4fb0-87c5-f3e2916d12cb|127.0.0.1:15023, f8181075-ae63-407a-b17c-78185f7d70dd|127.0.0.1:15015, 0e2e4ad1-578a-45fc-a8c2-41affcffb7b9|127.0.0.1:15031]|listeners:[], old=null}, confs=<EMPTY_MAP>
2025-05-14 02:53:37,354 [30ccf06d-ad3c-4fb0-87c5-f3e2916d12cb-groupManagement] INFO  server.RaftServerConfigKeys (ConfUtils.java:logGet(46)) - raft.server.notification.no-leader.timeout = 300000ms (custom)
2025-05-14 02:53:37,354 [30ccf06d-ad3c-4fb0-87c5-f3e2916d12cb-groupManagement] INFO  server.RaftServerConfigKeys (ConfUtils.java:logGet(46)) - raft.server.read.timeout = 10s (default)
2025-05-14 02:53:37,354 [30ccf06d-ad3c-4fb0-87c5-f3e2916d12cb-groupManagement] INFO  server.RaftServerConfigKeys (ConfUtils.java:logGet(46)) - raft.server.retrycache.expirytime = 600000ms (custom)
2025-05-14 02:53:37,354 [30ccf06d-ad3c-4fb0-87c5-f3e2916d12cb-groupManagement] INFO  server.RaftServerConfigKeys (ConfUtils.java:logGet(46)) - raft.server.retrycache.statistics.expirytime = 100ms (default)
2025-05-14 02:53:37,354 [30ccf06d-ad3c-4fb0-87c5-f3e2916d12cb-groupManagement] INFO  server.RaftServerConfigKeys (ConfUtils.java:logGet(46)) - raft.server.read.option = DEFAULT (default)
2025-05-14 02:53:37,354 [30ccf06d-ad3c-4fb0-87c5-f3e2916d12cb-groupManagement] INFO  server.RaftServerConfigKeys (ConfUtils.java:logGet(46)) - raft.server.read.read-after-write-consistent.write-index-cache.expiry-time = 60s (default)
2025-05-14 02:53:37,362 [30ccf06d-ad3c-4fb0-87c5-f3e2916d12cb-groupManagement] INFO  server.RaftServerConfigKeys (ConfUtils.java:logGet(46)) - raft.server.rpc.request.timeout = 3000ms (default)
2025-05-14 02:53:37,362 [30ccf06d-ad3c-4fb0-87c5-f3e2916d12cb-groupManagement] INFO  server.RaftServerConfigKeys (ConfUtils.java:logGet(46)) - raft.server.log.appender.install.snapshot.enabled = false (custom)
2025-05-14 02:53:37,362 [30ccf06d-ad3c-4fb0-87c5-f3e2916d12cb-groupManagement] INFO  server.RaftServerConfigKeys (ConfUtils.java:logGet(46)) - raft.server.threadpool.server.cached = true (default)
2025-05-14 02:53:37,362 [30ccf06d-ad3c-4fb0-87c5-f3e2916d12cb-groupManagement] INFO  server.RaftServerConfigKeys (ConfUtils.java:logGet(46)) - raft.server.threadpool.server.size = 0 (default)
2025-05-14 02:53:37,362 [30ccf06d-ad3c-4fb0-87c5-f3e2916d12cb-groupManagement] INFO  server.RaftServerConfigKeys (ConfUtils.java:logGet(46)) - raft.server.threadpool.client.cached = true (default)
2025-05-14 02:53:37,362 [30ccf06d-ad3c-4fb0-87c5-f3e2916d12cb-groupManagement] INFO  server.RaftServerConfigKeys (ConfUtils.java:logGet(46)) - raft.server.threadpool.client.size = 0 (default)
2025-05-14 02:53:37,362 [30ccf06d-ad3c-4fb0-87c5-f3e2916d12cb-groupManagement] INFO  server.RaftServerConfigKeys (ConfUtils.java:logGet(46)) - raft.server.storage.free-space.min = 0MB (=0) (default)
2025-05-14 02:53:37,362 [30ccf06d-ad3c-4fb0-87c5-f3e2916d12cb-groupManagement] INFO  server.RaftServerConfigKeys (ConfUtils.java:logGet(46)) - raft.server.log.corruption.policy = EXCEPTION (default)
2025-05-14 02:53:37,362 [30ccf06d-ad3c-4fb0-87c5-f3e2916d12cb-groupManagement] INFO  server.RaftServerConfigKeys (ConfUtils.java:logGet(46)) - raft.server.storage.dir = [/home/runner/work/ozone/ozone/hadoop-ozone/integration-test/target/test-dir/MiniOzoneClusterImpl-af940217-b311-440f-8e09-352fdf66236b/ozone-meta/datanode-2/ratis] (custom)
2025-05-14 02:53:37,362 [30ccf06d-ad3c-4fb0-87c5-f3e2916d12cb-groupManagement] INFO  storage.RaftStorageDirectory (RaftStorageDirectoryImpl.java:analyzeStorage(138)) - The storage directory /home/runner/work/ozone/ozone/hadoop-ozone/integration-test/target/test-dir/MiniOzoneClusterImpl-af940217-b311-440f-8e09-352fdf66236b/ozone-meta/datanode-2/ratis/664cf085-c235-4252-8b1c-88043da95cfb does not exist. Creating ...
2025-05-14 02:53:37,363 [30ccf06d-ad3c-4fb0-87c5-f3e2916d12cb-groupManagement] INFO  storage.RaftStorageDirectory (RaftStorageDirectoryImpl.java:tryLock(229)) - Lock on /home/runner/work/ozone/ozone/hadoop-ozone/integration-test/target/test-dir/MiniOzoneClusterImpl-af940217-b311-440f-8e09-352fdf66236b/ozone-meta/datanode-2/ratis/664cf085-c235-4252-8b1c-88043da95cfb/in_use.lock acquired by nodename 34763@localhost
2025-05-14 02:53:37,364 [30ccf06d-ad3c-4fb0-87c5-f3e2916d12cb-groupManagement] INFO  storage.RaftStorage (RaftStorageImpl.java:format(98)) - Storage directory /home/runner/work/ozone/ozone/hadoop-ozone/integration-test/target/test-dir/MiniOzoneClusterImpl-af940217-b311-440f-8e09-352fdf66236b/ozone-meta/datanode-2/ratis/664cf085-c235-4252-8b1c-88043da95cfb has been successfully formatted.
2025-05-14 02:53:37,365 [30ccf06d-ad3c-4fb0-87c5-f3e2916d12cb-groupManagement] INFO  ratis.ContainerStateMachine (ContainerStateMachine.java:initialize(339)) - 30ccf06d-ad3c-4fb0-87c5-f3e2916d12cb: initialize group-88043DA95CFB
2025-05-14 02:53:37,365 [30ccf06d-ad3c-4fb0-87c5-f3e2916d12cb-groupManagement] INFO  ratis.ContainerStateMachine (ContainerStateMachine.java:loadSnapshot(347)) - group-88043DA95CFB: The snapshot info is null. Setting the last applied index to:(t:0, i:~)
2025-05-14 02:53:37,365 [30ccf06d-ad3c-4fb0-87c5-f3e2916d12cb-groupManagement] INFO  server.RaftServerConfigKeys (ConfUtils.java:logGet(46)) - raft.server.log.use.memory = false (default)
2025-05-14 02:53:37,365 [30ccf06d-ad3c-4fb0-87c5-f3e2916d12cb-groupManagement] INFO  server.RaftServerConfigKeys (ConfUtils.java:logGet(46)) - raft.server.log.purge.gap = 1000000 (custom)
2025-05-14 02:53:37,365 [30ccf06d-ad3c-4fb0-87c5-f3e2916d12cb-groupManagement] INFO  server.RaftServerConfigKeys (ConfUtils.java:logGet(46)) - raft.server.log.appender.buffer.byte-limit = 33554432 (custom)
2025-05-14 02:53:37,365 [30ccf06d-ad3c-4fb0-87c5-f3e2916d12cb-groupManagement] INFO  server.RaftServerConfigKeys (ConfUtils.java:logGet(46)) - raft.server.log.statemachine.data.read.timeout = 1000ms (default)
2025-05-14 02:53:37,365 [30ccf06d-ad3c-4fb0-87c5-f3e2916d12cb-groupManagement] INFO  server.RaftServerConfigKeys (ConfUtils.java:logGet(46)) - raft.server.log.purge.preservation.log.num = 0 (default)
2025-05-14 02:53:37,368 [EventQueue-PipelineReportForOneReplicaPipelineSafeModeRule] INFO  safemode.SCMSafeModeManager (SCMSafeModeManager.java:validateSafeModeExitRules(140)) - AtleastOneDatanodeReportedRule rule is successfully validated
2025-05-14 02:53:37,369 [30ccf06d-ad3c-4fb0-87c5-f3e2916d12cb-groupManagement] INFO  server.RaftServerConfigKeys (ConfUtils.java:logGet(46)) - raft.server.log.segment.size.max = 67108864 (custom)
2025-05-14 02:53:37,369 [30ccf06d-ad3c-4fb0-87c5-f3e2916d12cb-groupManagement] INFO  server.RaftServerConfigKeys (ConfUtils.java:logGet(46)) - raft.server.log.segment.cache.num.max = 2 (custom)
2025-05-14 02:53:37,369 [30ccf06d-ad3c-4fb0-87c5-f3e2916d12cb-groupManagement] INFO  server.RaftServerConfigKeys (ConfUtils.java:logGet(46)) - raft.server.log.segment.cache.size.max = 200MB (=209715200) (default)
2025-05-14 02:53:37,369 [30ccf06d-ad3c-4fb0-87c5-f3e2916d12cb-groupManagement] INFO  server.RaftServerConfigKeys (ConfUtils.java:logGet(46)) - raft.server.log.appender.buffer.byte-limit = 33554432 (custom)
2025-05-14 02:53:37,369 [30ccf06d-ad3c-4fb0-87c5-f3e2916d12cb-groupManagement] INFO  util.AwaitToRun (AwaitToRun.java:start(81)) - Thread[#1197,30ccf06d-ad3c-4fb0-87c5-f3e2916d12cb@group-88043DA95CFB-cacheEviction-AwaitToRun,5,main] started
2025-05-14 02:53:37,369 [30ccf06d-ad3c-4fb0-87c5-f3e2916d12cb-groupManagement] INFO  segmented.SegmentedRaftLogWorker (SegmentedRaftLogWorker.java:<init>(188)) - new 30ccf06d-ad3c-4fb0-87c5-f3e2916d12cb@group-88043DA95CFB-SegmentedRaftLogWorker for RaftStorageImpl:Storage Directory /home/runner/work/ozone/ozone/hadoop-ozone/integration-test/target/test-dir/MiniOzoneClusterImpl-af940217-b311-440f-8e09-352fdf66236b/ozone-meta/datanode-2/ratis/664cf085-c235-4252-8b1c-88043da95cfb
2025-05-14 02:53:37,370 [30ccf06d-ad3c-4fb0-87c5-f3e2916d12cb-groupManagement] INFO  server.RaftServerConfigKeys (ConfUtils.java:logGet(46)) - raft.server.log.queue.byte-limit = 4294967296 (custom)
2025-05-14 02:53:37,370 [30ccf06d-ad3c-4fb0-87c5-f3e2916d12cb-groupManagement] INFO  server.RaftServerConfigKeys (ConfUtils.java:logGet(46)) - raft.server.log.queue.element-limit = 1024 (custom)
2025-05-14 02:53:37,370 [30ccf06d-ad3c-4fb0-87c5-f3e2916d12cb-groupManagement] INFO  server.RaftServerConfigKeys (ConfUtils.java:logGet(46)) - raft.server.log.segment.size.max = 67108864 (custom)
2025-05-14 02:53:37,370 [30ccf06d-ad3c-4fb0-87c5-f3e2916d12cb-groupManagement] INFO  server.RaftServerConfigKeys (ConfUtils.java:logGet(46)) - raft.server.log.preallocated.size = 4194304 (custom)
2025-05-14 02:53:37,370 [30ccf06d-ad3c-4fb0-87c5-f3e2916d12cb-groupManagement] INFO  server.RaftServerConfigKeys (ConfUtils.java:logGet(46)) - raft.server.log.force.sync.num = 128 (default)
2025-05-14 02:53:37,370 [30ccf06d-ad3c-4fb0-87c5-f3e2916d12cb-groupManagement] INFO  server.RaftServerConfigKeys (ConfUtils.java:logGet(46)) - raft.server.log.statemachine.data.sync = true (default)
2025-05-14 02:53:37,370 [30ccf06d-ad3c-4fb0-87c5-f3e2916d12cb-groupManagement] INFO  server.RaftServerConfigKeys (ConfUtils.java:logGet(46)) - raft.server.log.statemachine.data.sync.timeout = 10s (default)
2025-05-14 02:53:37,370 [30ccf06d-ad3c-4fb0-87c5-f3e2916d12cb-groupManagement] INFO  server.RaftServerConfigKeys (ConfUtils.java:logGet(46)) - raft.server.log.statemachine.data.sync.timeout.retry = 30 (custom)
2025-05-14 02:53:37,370 [30ccf06d-ad3c-4fb0-87c5-f3e2916d12cb-groupManagement] INFO  server.RaftServerConfigKeys (ConfUtils.java:logGet(46)) - raft.server.log.write.buffer.size = 33554440 (custom)
2025-05-14 02:53:37,375 [30ccf06d-ad3c-4fb0-87c5-f3e2916d12cb-groupManagement] INFO  server.RaftServerConfigKeys (ConfUtils.java:logGet(46)) - raft.server.log.appender.buffer.byte-limit = 33554432 (custom)
2025-05-14 02:53:37,375 [30ccf06d-ad3c-4fb0-87c5-f3e2916d12cb-groupManagement] INFO  server.RaftServerConfigKeys (ConfUtils.java:logGet(46)) - raft.server.log.unsafe-flush.enabled = false (default)
2025-05-14 02:53:37,375 [30ccf06d-ad3c-4fb0-87c5-f3e2916d12cb-groupManagement] INFO  server.RaftServerConfigKeys (ConfUtils.java:logGet(46)) - raft.server.log.async-flush.enabled = false (default)
2025-05-14 02:53:37,375 [30ccf06d-ad3c-4fb0-87c5-f3e2916d12cb-groupManagement] INFO  server.RaftServerConfigKeys (ConfUtils.java:logGet(46)) - raft.server.log.statemachine.data.caching.enabled = true (custom)
2025-05-14 02:53:37,375 [30ccf06d-ad3c-4fb0-87c5-f3e2916d12cb-groupManagement] INFO  segmented.SegmentedRaftLogWorker (SegmentedRaftLogWorker.java:lambda$new$0(139)) - 30ccf06d-ad3c-4fb0-87c5-f3e2916d12cb@group-88043DA95CFB-SegmentedRaftLogWorker: flushIndex: setUnconditionally 0 -> -1
2025-05-14 02:53:37,375 [30ccf06d-ad3c-4fb0-87c5-f3e2916d12cb-groupManagement] INFO  segmented.SegmentedRaftLogWorker (SegmentedRaftLogWorker.java:lambda$new$0(139)) - 30ccf06d-ad3c-4fb0-87c5-f3e2916d12cb@group-88043DA95CFB-SegmentedRaftLogWorker: safeCacheEvictIndex: setUnconditionally 0 -> -1
2025-05-14 02:53:37,376 [30ccf06d-ad3c-4fb0-87c5-f3e2916d12cb-groupManagement] INFO  server.RaftServer$Division (RaftServerImpl.java:start(391)) - 30ccf06d-ad3c-4fb0-87c5-f3e2916d12cb@group-88043DA95CFB: start as a follower, conf=conf: {index: -1, cur=peers:[30ccf06d-ad3c-4fb0-87c5-f3e2916d12cb|127.0.0.1:15023, f8181075-ae63-407a-b17c-78185f7d70dd|127.0.0.1:15015, 0e2e4ad1-578a-45fc-a8c2-41affcffb7b9|127.0.0.1:15031]|listeners:[], old=null}
2025-05-14 02:53:37,376 [30ccf06d-ad3c-4fb0-87c5-f3e2916d12cb-groupManagement] INFO  server.RaftServer$Division (RaftServerImpl.java:setRole(378)) - 30ccf06d-ad3c-4fb0-87c5-f3e2916d12cb@group-88043DA95CFB: changes role from      null to FOLLOWER at term 0 for startAsFollower
2025-05-14 02:53:37,376 [30ccf06d-ad3c-4fb0-87c5-f3e2916d12cb-groupManagement] INFO  impl.RoleInfo (RoleInfo.java:updateAndGet(148)) - 30ccf06d-ad3c-4fb0-87c5-f3e2916d12cb: start 30ccf06d-ad3c-4fb0-87c5-f3e2916d12cb@group-88043DA95CFB-FollowerState
2025-05-14 02:53:37,376 [30ccf06d-ad3c-4fb0-87c5-f3e2916d12cb-groupManagement] INFO  util.JmxRegister (JmxRegister.java:tryRegister(44)) - Successfully registered JMX Bean with object name Ratis:service=RaftServer,group=group-88043DA95CFB,id=30ccf06d-ad3c-4fb0-87c5-f3e2916d12cb
2025-05-14 02:53:37,376 [30ccf06d-ad3c-4fb0-87c5-f3e2916d12cb-groupManagement] INFO  util.JmxRegister (JmxRegister.java:register(58)) - register mxBean class org.apache.ratis.server.impl.RaftServerJmxAdapter as Ratis:service=RaftServer,group=group-88043DA95CFB,id=30ccf06d-ad3c-4fb0-87c5-f3e2916d12cb
2025-05-14 02:53:37,376 [30ccf06d-ad3c-4fb0-87c5-f3e2916d12cb@group-88043DA95CFB-FollowerState] INFO  server.RaftServerConfigKeys (ConfUtils.java:logGet(46)) - raft.server.rpc.first-election.timeout.min = 1000ms (custom)
2025-05-14 02:53:37,376 [30ccf06d-ad3c-4fb0-87c5-f3e2916d12cb-groupManagement] INFO  server.RaftServerConfigKeys (ConfUtils.java:logGet(46)) - raft.server.snapshot.trigger-when-stop.enabled = true (default)
2025-05-14 02:53:37,377 [30ccf06d-ad3c-4fb0-87c5-f3e2916d12cb-groupManagement] INFO  server.RaftServerConfigKeys (ConfUtils.java:logGet(46)) - raft.server.snapshot.trigger-when-remove.enabled = true (default)
2025-05-14 02:53:37,377 [30ccf06d-ad3c-4fb0-87c5-f3e2916d12cb-groupManagement] INFO  server.RaftServerConfigKeys (ConfUtils.java:logGet(46)) - raft.server.snapshot.auto.trigger.enabled = true (custom)
2025-05-14 02:53:37,376 [30ccf06d-ad3c-4fb0-87c5-f3e2916d12cb@group-88043DA95CFB-FollowerState] INFO  server.RaftServerConfigKeys (ConfUtils.java:logGet(46)) - raft.server.rpc.first-election.timeout.max = 1200ms (custom)
2025-05-14 02:53:37,377 [30ccf06d-ad3c-4fb0-87c5-f3e2916d12cb-groupManagement] INFO  server.RaftServerConfigKeys (ConfUtils.java:logGet(46)) - raft.server.snapshot.auto.trigger.threshold = 1 (custom)
2025-05-14 02:53:37,377 [30ccf06d-ad3c-4fb0-87c5-f3e2916d12cb-groupManagement] INFO  server.RaftServerConfigKeys (ConfUtils.java:logGet(46)) - raft.server.snapshot.retention.file.num = 5 (custom)
2025-05-14 02:53:37,377 [30ccf06d-ad3c-4fb0-87c5-f3e2916d12cb-groupManagement] INFO  server.RaftServerConfigKeys (ConfUtils.java:logGet(46)) - raft.server.log.purge.upto.snapshot.index = false (default)
2025-05-14 02:53:37,378 [30ccf06d-ad3c-4fb0-87c5-f3e2916d12cb-groupManagement] INFO  server.RaftServer$Division (RaftServerImpl.java:start(405)) - 30ccf06d-ad3c-4fb0-87c5-f3e2916d12cb@group-88043DA95CFB: Successfully started.
2025-05-14 02:53:37,382 [f8181075-ae63-407a-b17c-78185f7d70dd-PipelineCommandHandlerThread-0] INFO  commandhandler.CreatePipelineCommandHandler (CreatePipelineCommandHandler.java:lambda$handle$2(128)) - Created Pipeline RATIS THREE PipelineID=664cf085-c235-4252-8b1c-88043da95cfb.
2025-05-14 02:53:37,383 [f8181075-ae63-407a-b17c-78185f7d70dd-PipelineCommandHandlerThread-0] INFO  server.RaftServer (RaftServerProxy.java:addNew(100)) - f8181075-ae63-407a-b17c-78185f7d70dd: addNew group-9F6C3E39A650:[f8181075-ae63-407a-b17c-78185f7d70dd|127.0.0.1:15015, 30ccf06d-ad3c-4fb0-87c5-f3e2916d12cb|127.0.0.1:15023, 0e2e4ad1-578a-45fc-a8c2-41affcffb7b9|127.0.0.1:15031] returns group-9F6C3E39A650:java.util.concurrent.CompletableFuture@310f56db[Not completed]
2025-05-14 02:53:37,384 [f8181075-ae63-407a-b17c-78185f7d70dd-groupManagement] INFO  server.RaftServer$Division (RaftServerImpl.java:<init>(255)) - f8181075-ae63-407a-b17c-78185f7d70dd: new RaftServerImpl for group-9F6C3E39A650:[f8181075-ae63-407a-b17c-78185f7d70dd|127.0.0.1:15015, 30ccf06d-ad3c-4fb0-87c5-f3e2916d12cb|127.0.0.1:15023, 0e2e4ad1-578a-45fc-a8c2-41affcffb7b9|127.0.0.1:15031] with ContainerStateMachine:uninitialized
2025-05-14 02:53:37,384 [f8181075-ae63-407a-b17c-78185f7d70dd-groupManagement] INFO  server.RaftServerConfigKeys (ConfUtils.java:logGet(46)) - raft.server.rpc.timeout.min = 5s (custom)
2025-05-14 02:53:37,384 [f8181075-ae63-407a-b17c-78185f7d70dd-groupManagement] INFO  server.RaftServerConfigKeys (ConfUtils.java:logGet(46)) - raft.server.rpc.timeout.max = 5200ms (custom)
2025-05-14 02:53:37,384 [f8181075-ae63-407a-b17c-78185f7d70dd-groupManagement] INFO  server.RaftServerConfigKeys (ConfUtils.java:logGet(46)) - raft.server.rpc.sleep.time = 25ms (default)
2025-05-14 02:53:37,384 [f8181075-ae63-407a-b17c-78185f7d70dd-groupManagement] INFO  server.RaftServerConfigKeys (ConfUtils.java:logGet(46)) - raft.server.rpc.slowness.timeout = 300000ms (custom)
2025-05-14 02:53:37,384 [f8181075-ae63-407a-b17c-78185f7d70dd-groupManagement] INFO  server.RaftServerConfigKeys (ConfUtils.java:logGet(46)) - raft.server.leaderelection.leader.step-down.wait-time = 10s (default)
2025-05-14 02:53:37,384 [f8181075-ae63-407a-b17c-78185f7d70dd-groupManagement] INFO  server.RaftServerConfigKeys (ConfUtils.java:logGet(46)) - raft.server.leaderelection.member.majority-add = false (default)
2025-05-14 02:53:37,384 [f8181075-ae63-407a-b17c-78185f7d70dd-groupManagement] INFO  server.RaftServerConfigKeys (ConfUtils.java:logGet(46)) - raft.server.sleep.deviation.threshold = 300ms (default)
2025-05-14 02:53:37,384 [f8181075-ae63-407a-b17c-78185f7d70dd-groupManagement] INFO  server.RaftServer$Division (ServerState.java:<init>(114)) - f8181075-ae63-407a-b17c-78185f7d70dd@group-9F6C3E39A650: ConfigurationManager, init=conf: {index: -1, cur=peers:[f8181075-ae63-407a-b17c-78185f7d70dd|127.0.0.1:15015, 30ccf06d-ad3c-4fb0-87c5-f3e2916d12cb|127.0.0.1:15023, 0e2e4ad1-578a-45fc-a8c2-41affcffb7b9|127.0.0.1:15031]|listeners:[], old=null}, confs=<EMPTY_MAP>
2025-05-14 02:53:37,384 [f8181075-ae63-407a-b17c-78185f7d70dd-groupManagement] INFO  server.RaftServerConfigKeys (ConfUtils.java:logGet(46)) - raft.server.notification.no-leader.timeout = 300000ms (custom)
2025-05-14 02:53:37,384 [f8181075-ae63-407a-b17c-78185f7d70dd-groupManagement] INFO  server.RaftServerConfigKeys (ConfUtils.java:logGet(46)) - raft.server.read.timeout = 10s (default)
2025-05-14 02:53:37,384 [f8181075-ae63-407a-b17c-78185f7d70dd-groupManagement] INFO  server.RaftServerConfigKeys (ConfUtils.java:logGet(46)) - raft.server.retrycache.expirytime = 600000ms (custom)
2025-05-14 02:53:37,384 [f8181075-ae63-407a-b17c-78185f7d70dd-groupManagement] INFO  server.RaftServerConfigKeys (ConfUtils.java:logGet(46)) - raft.server.retrycache.statistics.expirytime = 100ms (default)
2025-05-14 02:53:37,384 [f8181075-ae63-407a-b17c-78185f7d70dd-groupManagement] INFO  server.RaftServerConfigKeys (ConfUtils.java:logGet(46)) - raft.server.read.option = DEFAULT (default)
2025-05-14 02:53:37,384 [f8181075-ae63-407a-b17c-78185f7d70dd-groupManagement] INFO  server.RaftServerConfigKeys (ConfUtils.java:logGet(46)) - raft.server.read.read-after-write-consistent.write-index-cache.expiry-time = 60s (default)
2025-05-14 02:53:37,389 [f8181075-ae63-407a-b17c-78185f7d70dd-groupManagement] INFO  server.RaftServerConfigKeys (ConfUtils.java:logGet(46)) - raft.server.rpc.request.timeout = 3000ms (default)
2025-05-14 02:53:37,390 [f8181075-ae63-407a-b17c-78185f7d70dd-groupManagement] INFO  server.RaftServerConfigKeys (ConfUtils.java:logGet(46)) - raft.server.log.appender.install.snapshot.enabled = false (custom)
2025-05-14 02:53:37,390 [f8181075-ae63-407a-b17c-78185f7d70dd-groupManagement] INFO  server.RaftServerConfigKeys (ConfUtils.java:logGet(46)) - raft.server.threadpool.server.cached = true (default)
2025-05-14 02:53:37,390 [f8181075-ae63-407a-b17c-78185f7d70dd-groupManagement] INFO  server.RaftServerConfigKeys (ConfUtils.java:logGet(46)) - raft.server.threadpool.server.size = 0 (default)
2025-05-14 02:53:37,390 [f8181075-ae63-407a-b17c-78185f7d70dd-groupManagement] INFO  server.RaftServerConfigKeys (ConfUtils.java:logGet(46)) - raft.server.threadpool.client.cached = true (default)
2025-05-14 02:53:37,390 [f8181075-ae63-407a-b17c-78185f7d70dd-groupManagement] INFO  server.RaftServerConfigKeys (ConfUtils.java:logGet(46)) - raft.server.threadpool.client.size = 0 (default)
2025-05-14 02:53:37,390 [f8181075-ae63-407a-b17c-78185f7d70dd-groupManagement] INFO  server.RaftServerConfigKeys (ConfUtils.java:logGet(46)) - raft.server.storage.free-space.min = 0MB (=0) (default)
2025-05-14 02:53:37,390 [f8181075-ae63-407a-b17c-78185f7d70dd-groupManagement] INFO  server.RaftServerConfigKeys (ConfUtils.java:logGet(46)) - raft.server.log.corruption.policy = EXCEPTION (default)
2025-05-14 02:53:37,390 [f8181075-ae63-407a-b17c-78185f7d70dd-groupManagement] INFO  server.RaftServerConfigKeys (ConfUtils.java:logGet(46)) - raft.server.storage.dir = [/home/runner/work/ozone/ozone/hadoop-ozone/integration-test/target/test-dir/MiniOzoneClusterImpl-af940217-b311-440f-8e09-352fdf66236b/ozone-meta/datanode-1/ratis] (custom)
2025-05-14 02:53:37,391 [f8181075-ae63-407a-b17c-78185f7d70dd-groupManagement] INFO  storage.RaftStorageDirectory (RaftStorageDirectoryImpl.java:analyzeStorage(138)) - The storage directory /home/runner/work/ozone/ozone/hadoop-ozone/integration-test/target/test-dir/MiniOzoneClusterImpl-af940217-b311-440f-8e09-352fdf66236b/ozone-meta/datanode-1/ratis/babd74b3-e02d-4bf5-8eae-9f6c3e39a650 does not exist. Creating ...
2025-05-14 02:53:37,392 [f8181075-ae63-407a-b17c-78185f7d70dd-groupManagement] INFO  storage.RaftStorageDirectory (RaftStorageDirectoryImpl.java:tryLock(229)) - Lock on /home/runner/work/ozone/ozone/hadoop-ozone/integration-test/target/test-dir/MiniOzoneClusterImpl-af940217-b311-440f-8e09-352fdf66236b/ozone-meta/datanode-1/ratis/babd74b3-e02d-4bf5-8eae-9f6c3e39a650/in_use.lock acquired by nodename 34763@localhost
2025-05-14 02:53:37,393 [f8181075-ae63-407a-b17c-78185f7d70dd-groupManagement] INFO  storage.RaftStorage (RaftStorageImpl.java:format(98)) - Storage directory /home/runner/work/ozone/ozone/hadoop-ozone/integration-test/target/test-dir/MiniOzoneClusterImpl-af940217-b311-440f-8e09-352fdf66236b/ozone-meta/datanode-1/ratis/babd74b3-e02d-4bf5-8eae-9f6c3e39a650 has been successfully formatted.
2025-05-14 02:53:37,393 [f8181075-ae63-407a-b17c-78185f7d70dd-groupManagement] INFO  ratis.ContainerStateMachine (ContainerStateMachine.java:initialize(339)) - f8181075-ae63-407a-b17c-78185f7d70dd: initialize group-9F6C3E39A650
2025-05-14 02:53:37,393 [f8181075-ae63-407a-b17c-78185f7d70dd-groupManagement] INFO  ratis.ContainerStateMachine (ContainerStateMachine.java:loadSnapshot(347)) - group-9F6C3E39A650: The snapshot info is null. Setting the last applied index to:(t:0, i:~)
2025-05-14 02:53:37,393 [f8181075-ae63-407a-b17c-78185f7d70dd-groupManagement] INFO  server.RaftServerConfigKeys (ConfUtils.java:logGet(46)) - raft.server.log.use.memory = false (default)
2025-05-14 02:53:37,393 [f8181075-ae63-407a-b17c-78185f7d70dd-groupManagement] INFO  server.RaftServerConfigKeys (ConfUtils.java:logGet(46)) - raft.server.log.purge.gap = 1000000 (custom)
2025-05-14 02:53:37,393 [f8181075-ae63-407a-b17c-78185f7d70dd-groupManagement] INFO  server.RaftServerConfigKeys (ConfUtils.java:logGet(46)) - raft.server.log.appender.buffer.byte-limit = 33554432 (custom)
2025-05-14 02:53:37,393 [f8181075-ae63-407a-b17c-78185f7d70dd-groupManagement] INFO  server.RaftServerConfigKeys (ConfUtils.java:logGet(46)) - raft.server.log.statemachine.data.read.timeout = 1000ms (default)
2025-05-14 02:53:37,393 [f8181075-ae63-407a-b17c-78185f7d70dd-groupManagement] INFO  server.RaftServerConfigKeys (ConfUtils.java:logGet(46)) - raft.server.log.purge.preservation.log.num = 0 (default)
2025-05-14 02:53:37,396 [EventQueue-PipelineReportForOneReplicaPipelineSafeModeRule] INFO  safemode.SCMSafeModeManager (SCMSafeModeManager.java:validateSafeModeExitRules(140)) - AtleastOneDatanodeReportedRule rule is successfully validated
2025-05-14 02:53:37,397 [EventQueue-OpenPipelineForHealthyPipelineSafeModeRule] INFO  safemode.SCMSafeModeManager (HealthyPipelineSafeModeRule.java:process(141)) - SCM in safe mode. Healthy pipelines reported count is 0, required healthy pipeline reported count is 1
2025-05-14 02:53:37,398 [f8181075-ae63-407a-b17c-78185f7d70dd-groupManagement] INFO  server.RaftServerConfigKeys (ConfUtils.java:logGet(46)) - raft.server.log.segment.size.max = 67108864 (custom)
2025-05-14 02:53:37,399 [f8181075-ae63-407a-b17c-78185f7d70dd-groupManagement] INFO  server.RaftServerConfigKeys (ConfUtils.java:logGet(46)) - raft.server.log.segment.cache.num.max = 2 (custom)
2025-05-14 02:53:37,399 [f8181075-ae63-407a-b17c-78185f7d70dd-groupManagement] INFO  server.RaftServerConfigKeys (ConfUtils.java:logGet(46)) - raft.server.log.segment.cache.size.max = 200MB (=209715200) (default)
2025-05-14 02:53:37,399 [f8181075-ae63-407a-b17c-78185f7d70dd-groupManagement] INFO  server.RaftServerConfigKeys (ConfUtils.java:logGet(46)) - raft.server.log.appender.buffer.byte-limit = 33554432 (custom)
2025-05-14 02:53:37,400 [f8181075-ae63-407a-b17c-78185f7d70dd-groupManagement] INFO  util.AwaitToRun (AwaitToRun.java:start(81)) - Thread[#1204,f8181075-ae63-407a-b17c-78185f7d70dd@group-9F6C3E39A650-cacheEviction-AwaitToRun,5,main] started
2025-05-14 02:53:37,400 [f8181075-ae63-407a-b17c-78185f7d70dd-groupManagement] INFO  segmented.SegmentedRaftLogWorker (SegmentedRaftLogWorker.java:<init>(188)) - new f8181075-ae63-407a-b17c-78185f7d70dd@group-9F6C3E39A650-SegmentedRaftLogWorker for RaftStorageImpl:Storage Directory /home/runner/work/ozone/ozone/hadoop-ozone/integration-test/target/test-dir/MiniOzoneClusterImpl-af940217-b311-440f-8e09-352fdf66236b/ozone-meta/datanode-1/ratis/babd74b3-e02d-4bf5-8eae-9f6c3e39a650
2025-05-14 02:53:37,400 [f8181075-ae63-407a-b17c-78185f7d70dd-groupManagement] INFO  server.RaftServerConfigKeys (ConfUtils.java:logGet(46)) - raft.server.log.queue.byte-limit = 4294967296 (custom)
2025-05-14 02:53:37,400 [f8181075-ae63-407a-b17c-78185f7d70dd-groupManagement] INFO  server.RaftServerConfigKeys (ConfUtils.java:logGet(46)) - raft.server.log.queue.element-limit = 1024 (custom)
2025-05-14 02:53:37,400 [f8181075-ae63-407a-b17c-78185f7d70dd-groupManagement] INFO  server.RaftServerConfigKeys (ConfUtils.java:logGet(46)) - raft.server.log.segment.size.max = 67108864 (custom)
2025-05-14 02:53:37,400 [f8181075-ae63-407a-b17c-78185f7d70dd-groupManagement] INFO  server.RaftServerConfigKeys (ConfUtils.java:logGet(46)) - raft.server.log.preallocated.size = 4194304 (custom)
2025-05-14 02:53:37,400 [f8181075-ae63-407a-b17c-78185f7d70dd-groupManagement] INFO  server.RaftServerConfigKeys (ConfUtils.java:logGet(46)) - raft.server.log.force.sync.num = 128 (default)
2025-05-14 02:53:37,400 [30ccf06d-ad3c-4fb0-87c5-f3e2916d12cb-PipelineCommandHandlerThread-0] INFO  server.RaftServer (RaftServerProxy.java:addNew(100)) - 30ccf06d-ad3c-4fb0-87c5-f3e2916d12cb: addNew group-04E3E0189C32:[30ccf06d-ad3c-4fb0-87c5-f3e2916d12cb|127.0.0.1:15023] returns group-04E3E0189C32:java.util.concurrent.CompletableFuture@3ba3e5e9[Not completed]
2025-05-14 02:53:37,400 [f8181075-ae63-407a-b17c-78185f7d70dd-groupManagement] INFO  server.RaftServerConfigKeys (ConfUtils.java:logGet(46)) - raft.server.log.statemachine.data.sync = true (default)
2025-05-14 02:53:37,401 [f8181075-ae63-407a-b17c-78185f7d70dd-groupManagement] INFO  server.RaftServerConfigKeys (ConfUtils.java:logGet(46)) - raft.server.log.statemachine.data.sync.timeout = 10s (default)
2025-05-14 02:53:37,401 [f8181075-ae63-407a-b17c-78185f7d70dd-groupManagement] INFO  server.RaftServerConfigKeys (ConfUtils.java:logGet(46)) - raft.server.log.statemachine.data.sync.timeout.retry = 30 (custom)
2025-05-14 02:53:37,401 [f8181075-ae63-407a-b17c-78185f7d70dd-groupManagement] INFO  server.RaftServerConfigKeys (ConfUtils.java:logGet(46)) - raft.server.log.write.buffer.size = 33554440 (custom)
2025-05-14 02:53:37,403 [30ccf06d-ad3c-4fb0-87c5-f3e2916d12cb-groupManagement] INFO  server.RaftServer$Division (RaftServerImpl.java:<init>(255)) - 30ccf06d-ad3c-4fb0-87c5-f3e2916d12cb: new RaftServerImpl for group-04E3E0189C32:[30ccf06d-ad3c-4fb0-87c5-f3e2916d12cb|127.0.0.1:15023] with ContainerStateMachine:uninitialized
2025-05-14 02:53:37,403 [30ccf06d-ad3c-4fb0-87c5-f3e2916d12cb-groupManagement] INFO  server.RaftServerConfigKeys (ConfUtils.java:logGet(46)) - raft.server.rpc.timeout.min = 5s (custom)
2025-05-14 02:53:37,403 [30ccf06d-ad3c-4fb0-87c5-f3e2916d12cb-groupManagement] INFO  server.RaftServerConfigKeys (ConfUtils.java:logGet(46)) - raft.server.rpc.timeout.max = 5200ms (custom)
2025-05-14 02:53:37,403 [30ccf06d-ad3c-4fb0-87c5-f3e2916d12cb-groupManagement] INFO  server.RaftServerConfigKeys (ConfUtils.java:logGet(46)) - raft.server.rpc.sleep.time = 25ms (default)
2025-05-14 02:53:37,403 [30ccf06d-ad3c-4fb0-87c5-f3e2916d12cb-groupManagement] INFO  server.RaftServerConfigKeys (ConfUtils.java:logGet(46)) - raft.server.rpc.slowness.timeout = 300000ms (custom)
2025-05-14 02:53:37,403 [30ccf06d-ad3c-4fb0-87c5-f3e2916d12cb-groupManagement] INFO  server.RaftServerConfigKeys (ConfUtils.java:logGet(46)) - raft.server.leaderelection.leader.step-down.wait-time = 10s (default)
2025-05-14 02:53:37,403 [30ccf06d-ad3c-4fb0-87c5-f3e2916d12cb-groupManagement] INFO  server.RaftServerConfigKeys (ConfUtils.java:logGet(46)) - raft.server.leaderelection.member.majority-add = false (default)
2025-05-14 02:53:37,403 [30ccf06d-ad3c-4fb0-87c5-f3e2916d12cb-groupManagement] INFO  server.RaftServerConfigKeys (ConfUtils.java:logGet(46)) - raft.server.sleep.deviation.threshold = 300ms (default)
2025-05-14 02:53:37,404 [30ccf06d-ad3c-4fb0-87c5-f3e2916d12cb-groupManagement] INFO  server.RaftServer$Division (ServerState.java:<init>(114)) - 30ccf06d-ad3c-4fb0-87c5-f3e2916d12cb@group-04E3E0189C32: ConfigurationManager, init=conf: {index: -1, cur=peers:[30ccf06d-ad3c-4fb0-87c5-f3e2916d12cb|127.0.0.1:15023]|listeners:[], old=null}, confs=<EMPTY_MAP>
2025-05-14 02:53:37,404 [30ccf06d-ad3c-4fb0-87c5-f3e2916d12cb-groupManagement] INFO  server.RaftServerConfigKeys (ConfUtils.java:logGet(46)) - raft.server.notification.no-leader.timeout = 300000ms (custom)
2025-05-14 02:53:37,404 [30ccf06d-ad3c-4fb0-87c5-f3e2916d12cb-groupManagement] INFO  server.RaftServerConfigKeys (ConfUtils.java:logGet(46)) - raft.server.read.timeout = 10s (default)
2025-05-14 02:53:37,404 [30ccf06d-ad3c-4fb0-87c5-f3e2916d12cb-groupManagement] INFO  server.RaftServerConfigKeys (ConfUtils.java:logGet(46)) - raft.server.retrycache.expirytime = 600000ms (custom)
2025-05-14 02:53:37,404 [30ccf06d-ad3c-4fb0-87c5-f3e2916d12cb-groupManagement] INFO  server.RaftServerConfigKeys (ConfUtils.java:logGet(46)) - raft.server.retrycache.statistics.expirytime = 100ms (default)
2025-05-14 02:53:37,404 [30ccf06d-ad3c-4fb0-87c5-f3e2916d12cb-groupManagement] INFO  server.RaftServerConfigKeys (ConfUtils.java:logGet(46)) - raft.server.read.option = DEFAULT (default)
2025-05-14 02:53:37,404 [30ccf06d-ad3c-4fb0-87c5-f3e2916d12cb-groupManagement] INFO  server.RaftServerConfigKeys (ConfUtils.java:logGet(46)) - raft.server.read.read-after-write-consistent.write-index-cache.expiry-time = 60s (default)
2025-05-14 02:53:37,409 [f8181075-ae63-407a-b17c-78185f7d70dd-groupManagement] INFO  server.RaftServerConfigKeys (ConfUtils.java:logGet(46)) - raft.server.log.appender.buffer.byte-limit = 33554432 (custom)
2025-05-14 02:53:37,410 [f8181075-ae63-407a-b17c-78185f7d70dd-groupManagement] INFO  server.RaftServerConfigKeys (ConfUtils.java:logGet(46)) - raft.server.log.unsafe-flush.enabled = false (default)
2025-05-14 02:53:37,410 [f8181075-ae63-407a-b17c-78185f7d70dd-groupManagement] INFO  server.RaftServerConfigKeys (ConfUtils.java:logGet(46)) - raft.server.log.async-flush.enabled = false (default)
2025-05-14 02:53:37,410 [f8181075-ae63-407a-b17c-78185f7d70dd-groupManagement] INFO  server.RaftServerConfigKeys (ConfUtils.java:logGet(46)) - raft.server.log.statemachine.data.caching.enabled = true (custom)
2025-05-14 02:53:37,410 [f8181075-ae63-407a-b17c-78185f7d70dd-groupManagement] INFO  segmented.SegmentedRaftLogWorker (SegmentedRaftLogWorker.java:lambda$new$0(139)) - f8181075-ae63-407a-b17c-78185f7d70dd@group-9F6C3E39A650-SegmentedRaftLogWorker: flushIndex: setUnconditionally 0 -> -1
2025-05-14 02:53:37,411 [f8181075-ae63-407a-b17c-78185f7d70dd-groupManagement] INFO  segmented.SegmentedRaftLogWorker (SegmentedRaftLogWorker.java:lambda$new$0(139)) - f8181075-ae63-407a-b17c-78185f7d70dd@group-9F6C3E39A650-SegmentedRaftLogWorker: safeCacheEvictIndex: setUnconditionally 0 -> -1
2025-05-14 02:53:37,411 [f8181075-ae63-407a-b17c-78185f7d70dd-groupManagement] INFO  server.RaftServer$Division (RaftServerImpl.java:start(391)) - f8181075-ae63-407a-b17c-78185f7d70dd@group-9F6C3E39A650: start as a follower, conf=conf: {index: -1, cur=peers:[f8181075-ae63-407a-b17c-78185f7d70dd|127.0.0.1:15015, 30ccf06d-ad3c-4fb0-87c5-f3e2916d12cb|127.0.0.1:15023, 0e2e4ad1-578a-45fc-a8c2-41affcffb7b9|127.0.0.1:15031]|listeners:[], old=null}
2025-05-14 02:53:37,411 [f8181075-ae63-407a-b17c-78185f7d70dd-groupManagement] INFO  server.RaftServer$Division (RaftServerImpl.java:setRole(378)) - f8181075-ae63-407a-b17c-78185f7d70dd@group-9F6C3E39A650: changes role from      null to FOLLOWER at term 0 for startAsFollower
2025-05-14 02:53:37,411 [f8181075-ae63-407a-b17c-78185f7d70dd-groupManagement] INFO  impl.RoleInfo (RoleInfo.java:updateAndGet(148)) - f8181075-ae63-407a-b17c-78185f7d70dd: start f8181075-ae63-407a-b17c-78185f7d70dd@group-9F6C3E39A650-FollowerState
2025-05-14 02:53:37,413 [f8181075-ae63-407a-b17c-78185f7d70dd@group-9F6C3E39A650-FollowerState] INFO  server.RaftServerConfigKeys (ConfUtils.java:logGet(46)) - raft.server.rpc.first-election.timeout.min = 1000ms (custom)
2025-05-14 02:53:37,413 [f8181075-ae63-407a-b17c-78185f7d70dd@group-9F6C3E39A650-FollowerState] INFO  server.RaftServerConfigKeys (ConfUtils.java:logGet(46)) - raft.server.rpc.first-election.timeout.max = 1200ms (custom)
2025-05-14 02:53:37,413 [f8181075-ae63-407a-b17c-78185f7d70dd-groupManagement] INFO  util.JmxRegister (JmxRegister.java:tryRegister(44)) - Successfully registered JMX Bean with object name Ratis:service=RaftServer,group=group-9F6C3E39A650,id=f8181075-ae63-407a-b17c-78185f7d70dd
2025-05-14 02:53:37,413 [f8181075-ae63-407a-b17c-78185f7d70dd-groupManagement] INFO  util.JmxRegister (JmxRegister.java:register(58)) - register mxBean class org.apache.ratis.server.impl.RaftServerJmxAdapter as Ratis:service=RaftServer,group=group-9F6C3E39A650,id=f8181075-ae63-407a-b17c-78185f7d70dd
2025-05-14 02:53:37,413 [f8181075-ae63-407a-b17c-78185f7d70dd-groupManagement] INFO  server.RaftServerConfigKeys (ConfUtils.java:logGet(46)) - raft.server.snapshot.trigger-when-stop.enabled = true (default)
2025-05-14 02:53:37,413 [f8181075-ae63-407a-b17c-78185f7d70dd-groupManagement] INFO  server.RaftServerConfigKeys (ConfUtils.java:logGet(46)) - raft.server.snapshot.trigger-when-remove.enabled = true (default)
2025-05-14 02:53:37,413 [f8181075-ae63-407a-b17c-78185f7d70dd-groupManagement] INFO  server.RaftServerConfigKeys (ConfUtils.java:logGet(46)) - raft.server.snapshot.auto.trigger.enabled = true (custom)
2025-05-14 02:53:37,413 [f8181075-ae63-407a-b17c-78185f7d70dd-groupManagement] INFO  server.RaftServerConfigKeys (ConfUtils.java:logGet(46)) - raft.server.snapshot.auto.trigger.threshold = 1 (custom)
2025-05-14 02:53:37,413 [f8181075-ae63-407a-b17c-78185f7d70dd-groupManagement] INFO  server.RaftServerConfigKeys (ConfUtils.java:logGet(46)) - raft.server.snapshot.retention.file.num = 5 (custom)
2025-05-14 02:53:37,413 [f8181075-ae63-407a-b17c-78185f7d70dd-groupManagement] INFO  server.RaftServerConfigKeys (ConfUtils.java:logGet(46)) - raft.server.log.purge.upto.snapshot.index = false (default)
2025-05-14 02:53:37,414 [IPC Server handler 8 on default port 15002] INFO  net.NetworkTopologyImpl (NetworkTopologyImpl.java:add(133)) - Added a new node: /default-rack/6338fc9c-a704-4fa0-9c76-ba0cbc116aba
2025-05-14 02:53:37,414 [IPC Server handler 8 on default port 15002] INFO  node.SCMNodeManager (SCMNodeManager.java:register(426)) - Registered datanode: 6338fc9c-a704-4fa0-9c76-ba0cbc116aba{ip: 127.0.0.1, host: localhost, ports: [HTTP=15074, CLIENT_RPC=15075, REPLICATION=15081, RATIS=15077, RATIS_ADMIN=15078, RATIS_SERVER=15079, RATIS_DATASTREAM=15080, STANDALONE=15076], networkLocation: /default-rack, certSerialId: null, persistedOpState: null, persistedOpStateExpiryEpochSec: 0}
2025-05-14 02:53:37,414 [EventQueue-NodeRegistrationContainerReportForDataNodeSafeModeRule] INFO  safemode.SCMSafeModeManager (SCMSafeModeManager.java:validateSafeModeExitRules(140)) - DataNodeSafeModeRule rule is successfully validated
2025-05-14 02:53:37,415 [EventQueue-PipelineReportForOneReplicaPipelineSafeModeRule] INFO  safemode.SCMSafeModeManager (SCMSafeModeManager.java:validateSafeModeExitRules(140)) - AtleastOneDatanodeReportedRule rule is successfully validated
2025-05-14 02:53:37,415 [EventQueue-ContainerRegistrationReportForRatisContainerSafeModeRule] INFO  safemode.SCMSafeModeManager (SCMSafeModeManager.java:validateSafeModeExitRules(140)) - RatisContainerSafeModeRule rule is successfully validated
2025-05-14 02:53:37,415 [EventQueue-NewNodeForNewNodeHandler] INFO  pipeline.BackgroundPipelineCreator (BackgroundPipelineCreator.java:notifyEventTriggered(290)) - trigger a one-shot run on RatisPipelineUtilsThread.
2025-05-14 02:53:37,415 [EventQueue-ContainerRegistrationReportForECContainerSafeModeRule] INFO  safemode.SCMSafeModeManager (SCMSafeModeManager.java:validateSafeModeExitRules(140)) - ECContainerSafeModeRule rule is successfully validated
2025-05-14 02:53:37,415 [30ccf06d-ad3c-4fb0-87c5-f3e2916d12cb-groupManagement] INFO  server.RaftServerConfigKeys (ConfUtils.java:logGet(46)) - raft.server.rpc.request.timeout = 3000ms (default)
2025-05-14 02:53:37,415 [30ccf06d-ad3c-4fb0-87c5-f3e2916d12cb-groupManagement] INFO  server.RaftServerConfigKeys (ConfUtils.java:logGet(46)) - raft.server.log.appender.install.snapshot.enabled = false (custom)
2025-05-14 02:53:37,415 [30ccf06d-ad3c-4fb0-87c5-f3e2916d12cb-groupManagement] INFO  server.RaftServerConfigKeys (ConfUtils.java:logGet(46)) - raft.server.threadpool.server.cached = true (default)
2025-05-14 02:53:37,415 [30ccf06d-ad3c-4fb0-87c5-f3e2916d12cb-groupManagement] INFO  server.RaftServerConfigKeys (ConfUtils.java:logGet(46)) - raft.server.threadpool.server.size = 0 (default)
2025-05-14 02:53:37,415 [30ccf06d-ad3c-4fb0-87c5-f3e2916d12cb-groupManagement] INFO  server.RaftServerConfigKeys (ConfUtils.java:logGet(46)) - raft.server.threadpool.client.cached = true (default)
2025-05-14 02:53:37,415 [30ccf06d-ad3c-4fb0-87c5-f3e2916d12cb-groupManagement] INFO  server.RaftServerConfigKeys (ConfUtils.java:logGet(46)) - raft.server.threadpool.client.size = 0 (default)
2025-05-14 02:53:37,415 [30ccf06d-ad3c-4fb0-87c5-f3e2916d12cb-groupManagement] INFO  server.RaftServerConfigKeys (ConfUtils.java:logGet(46)) - raft.server.storage.free-space.min = 0MB (=0) (default)
2025-05-14 02:53:37,415 [30ccf06d-ad3c-4fb0-87c5-f3e2916d12cb-groupManagement] INFO  server.RaftServerConfigKeys (ConfUtils.java:logGet(46)) - raft.server.log.corruption.policy = EXCEPTION (default)
2025-05-14 02:53:37,416 [30ccf06d-ad3c-4fb0-87c5-f3e2916d12cb-groupManagement] INFO  server.RaftServerConfigKeys (ConfUtils.java:logGet(46)) - raft.server.storage.dir = [/home/runner/work/ozone/ozone/hadoop-ozone/integration-test/target/test-dir/MiniOzoneClusterImpl-af940217-b311-440f-8e09-352fdf66236b/ozone-meta/datanode-2/ratis] (custom)
2025-05-14 02:53:37,416 [30ccf06d-ad3c-4fb0-87c5-f3e2916d12cb-groupManagement] INFO  storage.RaftStorageDirectory (RaftStorageDirectoryImpl.java:analyzeStorage(138)) - The storage directory /home/runner/work/ozone/ozone/hadoop-ozone/integration-test/target/test-dir/MiniOzoneClusterImpl-af940217-b311-440f-8e09-352fdf66236b/ozone-meta/datanode-2/ratis/bbc5bd21-e187-4ee2-8987-04e3e0189c32 does not exist. Creating ...
2025-05-14 02:53:37,416 [f8181075-ae63-407a-b17c-78185f7d70dd-groupManagement] INFO  server.RaftServer$Division (RaftServerImpl.java:start(405)) - f8181075-ae63-407a-b17c-78185f7d70dd@group-9F6C3E39A650: Successfully started.
2025-05-14 02:53:37,417 [f8181075-ae63-407a-b17c-78185f7d70dd-PipelineCommandHandlerThread-0] INFO  ratis.XceiverServerRatis (XceiverServerRatis.java:addGroup(843)) - Created group PipelineID=babd74b3-e02d-4bf5-8eae-9f6c3e39a650
2025-05-14 02:53:37,417 [RatisPipelineUtilsThread-0] INFO  pipeline.RatisPipelineProvider (RatisPipelineProvider.java:lambda$create$0(208)) - Sending CreatePipelineCommand for pipeline:PipelineID=67bafac4-86d4-435c-b167-5fb1ebe2b0be to datanode:6338fc9c-a704-4fa0-9c76-ba0cbc116aba(localhost/127.0.0.1)
2025-05-14 02:53:37,419 [30ccf06d-ad3c-4fb0-87c5-f3e2916d12cb-groupManagement] INFO  storage.RaftStorageDirectory (RaftStorageDirectoryImpl.java:tryLock(229)) - Lock on /home/runner/work/ozone/ozone/hadoop-ozone/integration-test/target/test-dir/MiniOzoneClusterImpl-af940217-b311-440f-8e09-352fdf66236b/ozone-meta/datanode-2/ratis/bbc5bd21-e187-4ee2-8987-04e3e0189c32/in_use.lock acquired by nodename 34763@localhost
2025-05-14 02:53:37,421 [1edfeee1-83e1-4d34-a92c-2e00b570784e@group-352FDF66236B-StateMachineUpdater] INFO  safemode.SCMSafeModeManager (SCMSafeModeManager.java:validateSafeModeExitRules(140)) - DataNodeSafeModeRule rule is successfully validated
2025-05-14 02:53:37,421 [1edfeee1-83e1-4d34-a92c-2e00b570784e@group-352FDF66236B-StateMachineUpdater] INFO  safemode.SCMSafeModeManager (SCMSafeModeManager.java:validateSafeModeExitRules(140)) - RatisContainerSafeModeRule rule is successfully validated
2025-05-14 02:53:37,421 [1edfeee1-83e1-4d34-a92c-2e00b570784e@group-352FDF66236B-StateMachineUpdater] INFO  safemode.HealthyPipelineSafeModeRule (HealthyPipelineSafeModeRule.java:initializeRule(173)) - Refreshed total pipeline count is 0, healthy pipeline threshold count is 1
2025-05-14 02:53:37,423 [1edfeee1-83e1-4d34-a92c-2e00b570784e@group-352FDF66236B-StateMachineUpdater] INFO  safemode.SCMSafeModeManager (SCMSafeModeManager.java:validateSafeModeExitRules(140)) - ECContainerSafeModeRule rule is successfully validated
2025-05-14 02:53:37,423 [1edfeee1-83e1-4d34-a92c-2e00b570784e@group-352FDF66236B-StateMachineUpdater] INFO  safemode.SCMSafeModeManager (SCMSafeModeManager.java:validateSafeModeExitRules(140)) - AtleastOneDatanodeReportedRule rule is successfully validated
2025-05-14 02:53:37,423 [RatisPipelineUtilsThread-0] INFO  pipeline.BackgroundPipelineCreator (BackgroundPipelineCreator.java:createPipelines(246)) - Created new pipeline Pipeline{ Id: 67bafac4-86d4-435c-b167-5fb1ebe2b0be, Nodes: [ {6338fc9c-a704-4fa0-9c76-ba0cbc116aba(localhost/127.0.0.1), ReplicaIndex: 0},], ReplicationConfig: RATIS/ONE, State:ALLOCATED, leaderId:, CreationTimestamp2025-05-14T02:53:37.417813256Z[Etc/UTC]}
2025-05-14 02:53:37,424 [30ccf06d-ad3c-4fb0-87c5-f3e2916d12cb-groupManagement] INFO  storage.RaftStorage (RaftStorageImpl.java:format(98)) - Storage directory /home/runner/work/ozone/ozone/hadoop-ozone/integration-test/target/test-dir/MiniOzoneClusterImpl-af940217-b311-440f-8e09-352fdf66236b/ozone-meta/datanode-2/ratis/bbc5bd21-e187-4ee2-8987-04e3e0189c32 has been successfully formatted.
2025-05-14 02:53:37,424 [RatisPipelineUtilsThread-0] INFO  pipeline.RatisPipelineProvider (RatisPipelineProvider.java:lambda$create$0(208)) - Sending CreatePipelineCommand for pipeline:PipelineID=04f6c6c3-d74d-4db8-823f-aff22c375116 to datanode:8e51993b-4f71-45b0-84f2-cf37ffbd2099(localhost/127.0.0.1)
2025-05-14 02:53:37,424 [RatisPipelineUtilsThread-0] INFO  pipeline.RatisPipelineProvider (RatisPipelineProvider.java:lambda$create$0(208)) - Sending CreatePipelineCommand for pipeline:PipelineID=04f6c6c3-d74d-4db8-823f-aff22c375116 to datanode:6338fc9c-a704-4fa0-9c76-ba0cbc116aba(localhost/127.0.0.1)
2025-05-14 02:53:37,424 [RatisPipelineUtilsThread-0] INFO  pipeline.RatisPipelineProvider (RatisPipelineProvider.java:lambda$create$0(208)) - Sending CreatePipelineCommand for pipeline:PipelineID=04f6c6c3-d74d-4db8-823f-aff22c375116 to datanode:f4f68937-1ce3-42e1-b3e7-547ae2d23d85(localhost/127.0.0.1)
2025-05-14 02:53:37,425 [30ccf06d-ad3c-4fb0-87c5-f3e2916d12cb-groupManagement] INFO  ratis.ContainerStateMachine (ContainerStateMachine.java:initialize(339)) - 30ccf06d-ad3c-4fb0-87c5-f3e2916d12cb: initialize group-04E3E0189C32
2025-05-14 02:53:37,425 [30ccf06d-ad3c-4fb0-87c5-f3e2916d12cb-groupManagement] INFO  ratis.ContainerStateMachine (ContainerStateMachine.java:loadSnapshot(347)) - group-04E3E0189C32: The snapshot info is null. Setting the last applied index to:(t:0, i:~)
2025-05-14 02:53:37,425 [30ccf06d-ad3c-4fb0-87c5-f3e2916d12cb-groupManagement] INFO  server.RaftServerConfigKeys (ConfUtils.java:logGet(46)) - raft.server.log.use.memory = false (default)
2025-05-14 02:53:37,426 [30ccf06d-ad3c-4fb0-87c5-f3e2916d12cb-groupManagement] INFO  server.RaftServerConfigKeys (ConfUtils.java:logGet(46)) - raft.server.log.purge.gap = 1000000 (custom)
2025-05-14 02:53:37,426 [30ccf06d-ad3c-4fb0-87c5-f3e2916d12cb-groupManagement] INFO  server.RaftServerConfigKeys (ConfUtils.java:logGet(46)) - raft.server.log.appender.buffer.byte-limit = 33554432 (custom)
2025-05-14 02:53:37,426 [30ccf06d-ad3c-4fb0-87c5-f3e2916d12cb-groupManagement] INFO  server.RaftServerConfigKeys (ConfUtils.java:logGet(46)) - raft.server.log.statemachine.data.read.timeout = 1000ms (default)
2025-05-14 02:53:37,426 [30ccf06d-ad3c-4fb0-87c5-f3e2916d12cb-groupManagement] INFO  server.RaftServerConfigKeys (ConfUtils.java:logGet(46)) - raft.server.log.purge.preservation.log.num = 0 (default)
2025-05-14 02:53:37,427 [1edfeee1-83e1-4d34-a92c-2e00b570784e@group-352FDF66236B-StateMachineUpdater] INFO  safemode.SCMSafeModeManager (SCMSafeModeManager.java:validateSafeModeExitRules(140)) - DataNodeSafeModeRule rule is successfully validated
2025-05-14 02:53:37,427 [1edfeee1-83e1-4d34-a92c-2e00b570784e@group-352FDF66236B-StateMachineUpdater] INFO  safemode.SCMSafeModeManager (SCMSafeModeManager.java:validateSafeModeExitRules(140)) - RatisContainerSafeModeRule rule is successfully validated
2025-05-14 02:53:37,428 [1edfeee1-83e1-4d34-a92c-2e00b570784e@group-352FDF66236B-StateMachineUpdater] INFO  safemode.HealthyPipelineSafeModeRule (HealthyPipelineSafeModeRule.java:initializeRule(173)) - Refreshed total pipeline count is 0, healthy pipeline threshold count is 1
2025-05-14 02:53:37,428 [1edfeee1-83e1-4d34-a92c-2e00b570784e@group-352FDF66236B-StateMachineUpdater] INFO  safemode.SCMSafeModeManager (SCMSafeModeManager.java:validateSafeModeExitRules(140)) - ECContainerSafeModeRule rule is successfully validated
2025-05-14 02:53:37,428 [1edfeee1-83e1-4d34-a92c-2e00b570784e@group-352FDF66236B-StateMachineUpdater] INFO  safemode.SCMSafeModeManager (SCMSafeModeManager.java:validateSafeModeExitRules(140)) - AtleastOneDatanodeReportedRule rule is successfully validated
2025-05-14 02:53:37,429 [RatisPipelineUtilsThread-0] INFO  pipeline.BackgroundPipelineCreator (BackgroundPipelineCreator.java:createPipelines(246)) - Created new pipeline Pipeline{ Id: 04f6c6c3-d74d-4db8-823f-aff22c375116, Nodes: [ {8e51993b-4f71-45b0-84f2-cf37ffbd2099(localhost/127.0.0.1), ReplicaIndex: 0}, {6338fc9c-a704-4fa0-9c76-ba0cbc116aba(localhost/127.0.0.1), ReplicaIndex: 0}, {f4f68937-1ce3-42e1-b3e7-547ae2d23d85(localhost/127.0.0.1), ReplicaIndex: 0},], ReplicationConfig: RATIS/THREE, State:ALLOCATED, leaderId:, CreationTimestamp2025-05-14T02:53:37.424766711Z[Etc/UTC]}
2025-05-14 02:53:37,431 [RatisPipelineUtilsThread-0] INFO  pipeline.RatisPipelineProvider (RatisPipelineProvider.java:lambda$create$0(208)) - Sending CreatePipelineCommand for pipeline:PipelineID=ce0bcb57-9ca8-4104-8923-d626a51ed105 to datanode:6338fc9c-a704-4fa0-9c76-ba0cbc116aba(localhost/127.0.0.1)
2025-05-14 02:53:37,431 [RatisPipelineUtilsThread-0] INFO  pipeline.RatisPipelineProvider (RatisPipelineProvider.java:lambda$create$0(208)) - Sending CreatePipelineCommand for pipeline:PipelineID=ce0bcb57-9ca8-4104-8923-d626a51ed105 to datanode:8e51993b-4f71-45b0-84f2-cf37ffbd2099(localhost/127.0.0.1)
2025-05-14 02:53:37,432 [RatisPipelineUtilsThread-0] INFO  pipeline.RatisPipelineProvider (RatisPipelineProvider.java:lambda$create$0(208)) - Sending CreatePipelineCommand for pipeline:PipelineID=ce0bcb57-9ca8-4104-8923-d626a51ed105 to datanode:f4f68937-1ce3-42e1-b3e7-547ae2d23d85(localhost/127.0.0.1)
2025-05-14 02:53:37,432 [30ccf06d-ad3c-4fb0-87c5-f3e2916d12cb-groupManagement] INFO  server.RaftServerConfigKeys (ConfUtils.java:logGet(46)) - raft.server.log.segment.size.max = 67108864 (custom)
2025-05-14 02:53:37,433 [EventQueue-PipelineReportForOneReplicaPipelineSafeModeRule] INFO  safemode.SCMSafeModeManager (SCMSafeModeManager.java:validateSafeModeExitRules(140)) - AtleastOneDatanodeReportedRule rule is successfully validated
2025-05-14 02:53:37,434 [30ccf06d-ad3c-4fb0-87c5-f3e2916d12cb-groupManagement] INFO  server.RaftServerConfigKeys (ConfUtils.java:logGet(46)) - raft.server.log.segment.cache.num.max = 2 (custom)
2025-05-14 02:53:37,434 [30ccf06d-ad3c-4fb0-87c5-f3e2916d12cb-groupManagement] INFO  server.RaftServerConfigKeys (ConfUtils.java:logGet(46)) - raft.server.log.segment.cache.size.max = 200MB (=209715200) (default)
2025-05-14 02:53:37,434 [30ccf06d-ad3c-4fb0-87c5-f3e2916d12cb-groupManagement] INFO  server.RaftServerConfigKeys (ConfUtils.java:logGet(46)) - raft.server.log.appender.buffer.byte-limit = 33554432 (custom)
2025-05-14 02:53:37,434 [grpc-default-executor-0] INFO  server.RaftServer (RaftServerProxy.java:addNew(100)) - 0e2e4ad1-578a-45fc-a8c2-41affcffb7b9: addNew group-9F6C3E39A650:[f8181075-ae63-407a-b17c-78185f7d70dd|127.0.0.1:15015, 30ccf06d-ad3c-4fb0-87c5-f3e2916d12cb|127.0.0.1:15023, 0e2e4ad1-578a-45fc-a8c2-41affcffb7b9|127.0.0.1:15031] returns group-9F6C3E39A650:java.util.concurrent.CompletableFuture@1f6099a9[Not completed]
2025-05-14 02:53:37,436 [30ccf06d-ad3c-4fb0-87c5-f3e2916d12cb-groupManagement] INFO  util.AwaitToRun (AwaitToRun.java:start(81)) - Thread[#1209,30ccf06d-ad3c-4fb0-87c5-f3e2916d12cb@group-04E3E0189C32-cacheEviction-AwaitToRun,5,main] started
2025-05-14 02:53:37,436 [30ccf06d-ad3c-4fb0-87c5-f3e2916d12cb-groupManagement] INFO  segmented.SegmentedRaftLogWorker (SegmentedRaftLogWorker.java:<init>(188)) - new 30ccf06d-ad3c-4fb0-87c5-f3e2916d12cb@group-04E3E0189C32-SegmentedRaftLogWorker for RaftStorageImpl:Storage Directory /home/runner/work/ozone/ozone/hadoop-ozone/integration-test/target/test-dir/MiniOzoneClusterImpl-af940217-b311-440f-8e09-352fdf66236b/ozone-meta/datanode-2/ratis/bbc5bd21-e187-4ee2-8987-04e3e0189c32
2025-05-14 02:53:37,436 [30ccf06d-ad3c-4fb0-87c5-f3e2916d12cb-groupManagement] INFO  server.RaftServerConfigKeys (ConfUtils.java:logGet(46)) - raft.server.log.queue.byte-limit = 4294967296 (custom)
2025-05-14 02:53:37,436 [30ccf06d-ad3c-4fb0-87c5-f3e2916d12cb-groupManagement] INFO  server.RaftServerConfigKeys (ConfUtils.java:logGet(46)) - raft.server.log.queue.element-limit = 1024 (custom)
2025-05-14 02:53:37,436 [30ccf06d-ad3c-4fb0-87c5-f3e2916d12cb-groupManagement] INFO  server.RaftServerConfigKeys (ConfUtils.java:logGet(46)) - raft.server.log.segment.size.max = 67108864 (custom)
2025-05-14 02:53:37,437 [30ccf06d-ad3c-4fb0-87c5-f3e2916d12cb-groupManagement] INFO  server.RaftServerConfigKeys (ConfUtils.java:logGet(46)) - raft.server.log.preallocated.size = 4194304 (custom)
2025-05-14 02:53:37,437 [30ccf06d-ad3c-4fb0-87c5-f3e2916d12cb-groupManagement] INFO  server.RaftServerConfigKeys (ConfUtils.java:logGet(46)) - raft.server.log.force.sync.num = 128 (default)
2025-05-14 02:53:37,437 [30ccf06d-ad3c-4fb0-87c5-f3e2916d12cb-groupManagement] INFO  server.RaftServerConfigKeys (ConfUtils.java:logGet(46)) - raft.server.log.statemachine.data.sync = true (default)
2025-05-14 02:53:37,437 [30ccf06d-ad3c-4fb0-87c5-f3e2916d12cb-groupManagement] INFO  server.RaftServerConfigKeys (ConfUtils.java:logGet(46)) - raft.server.log.statemachine.data.sync.timeout = 10s (default)
2025-05-14 02:53:37,437 [30ccf06d-ad3c-4fb0-87c5-f3e2916d12cb-groupManagement] INFO  server.RaftServerConfigKeys (ConfUtils.java:logGet(46)) - raft.server.log.statemachine.data.sync.timeout.retry = 30 (custom)
2025-05-14 02:53:37,437 [1edfeee1-83e1-4d34-a92c-2e00b570784e@group-352FDF66236B-StateMachineUpdater] INFO  safemode.SCMSafeModeManager (SCMSafeModeManager.java:validateSafeModeExitRules(140)) - DataNodeSafeModeRule rule is successfully validated
2025-05-14 02:53:37,438 [1edfeee1-83e1-4d34-a92c-2e00b570784e@group-352FDF66236B-StateMachineUpdater] INFO  safemode.SCMSafeModeManager (SCMSafeModeManager.java:validateSafeModeExitRules(140)) - RatisContainerSafeModeRule rule is successfully validated
2025-05-14 02:53:37,438 [1edfeee1-83e1-4d34-a92c-2e00b570784e@group-352FDF66236B-StateMachineUpdater] INFO  safemode.HealthyPipelineSafeModeRule (HealthyPipelineSafeModeRule.java:initializeRule(173)) - Refreshed total pipeline count is 0, healthy pipeline threshold count is 1
2025-05-14 02:53:37,438 [1edfeee1-83e1-4d34-a92c-2e00b570784e@group-352FDF66236B-StateMachineUpdater] INFO  safemode.SCMSafeModeManager (SCMSafeModeManager.java:validateSafeModeExitRules(140)) - ECContainerSafeModeRule rule is successfully validated
2025-05-14 02:53:37,438 [1edfeee1-83e1-4d34-a92c-2e00b570784e@group-352FDF66236B-StateMachineUpdater] INFO  safemode.SCMSafeModeManager (SCMSafeModeManager.java:validateSafeModeExitRules(140)) - AtleastOneDatanodeReportedRule rule is successfully validated
2025-05-14 02:53:37,439 [0e2e4ad1-578a-45fc-a8c2-41affcffb7b9-groupManagement] INFO  server.RaftServer$Division (RaftServerImpl.java:<init>(255)) - 0e2e4ad1-578a-45fc-a8c2-41affcffb7b9: new RaftServerImpl for group-9F6C3E39A650:[f8181075-ae63-407a-b17c-78185f7d70dd|127.0.0.1:15015, 30ccf06d-ad3c-4fb0-87c5-f3e2916d12cb|127.0.0.1:15023, 0e2e4ad1-578a-45fc-a8c2-41affcffb7b9|127.0.0.1:15031] with ContainerStateMachine:uninitialized
2025-05-14 02:53:37,439 [0e2e4ad1-578a-45fc-a8c2-41affcffb7b9-groupManagement] INFO  server.RaftServerConfigKeys (ConfUtils.java:logGet(46)) - raft.server.rpc.timeout.min = 5s (custom)
2025-05-14 02:53:37,439 [0e2e4ad1-578a-45fc-a8c2-41affcffb7b9-groupManagement] INFO  server.RaftServerConfigKeys (ConfUtils.java:logGet(46)) - raft.server.rpc.timeout.max = 5200ms (custom)
2025-05-14 02:53:37,439 [0e2e4ad1-578a-45fc-a8c2-41affcffb7b9-groupManagement] INFO  server.RaftServerConfigKeys (ConfUtils.java:logGet(46)) - raft.server.rpc.sleep.time = 25ms (default)
2025-05-14 02:53:37,439 [0e2e4ad1-578a-45fc-a8c2-41affcffb7b9-groupManagement] INFO  server.RaftServerConfigKeys (ConfUtils.java:logGet(46)) - raft.server.rpc.slowness.timeout = 300000ms (custom)
2025-05-14 02:53:37,439 [0e2e4ad1-578a-45fc-a8c2-41affcffb7b9-groupManagement] INFO  server.RaftServerConfigKeys (ConfUtils.java:logGet(46)) - raft.server.leaderelection.leader.step-down.wait-time = 10s (default)
2025-05-14 02:53:37,439 [0e2e4ad1-578a-45fc-a8c2-41affcffb7b9-groupManagement] INFO  server.RaftServerConfigKeys (ConfUtils.java:logGet(46)) - raft.server.leaderelection.member.majority-add = false (default)
2025-05-14 02:53:37,439 [0e2e4ad1-578a-45fc-a8c2-41affcffb7b9-groupManagement] INFO  server.RaftServerConfigKeys (ConfUtils.java:logGet(46)) - raft.server.sleep.deviation.threshold = 300ms (default)
2025-05-14 02:53:37,439 [0e2e4ad1-578a-45fc-a8c2-41affcffb7b9-groupManagement] INFO  server.RaftServer$Division (ServerState.java:<init>(114)) - 0e2e4ad1-578a-45fc-a8c2-41affcffb7b9@group-9F6C3E39A650: ConfigurationManager, init=conf: {index: -1, cur=peers:[f8181075-ae63-407a-b17c-78185f7d70dd|127.0.0.1:15015, 30ccf06d-ad3c-4fb0-87c5-f3e2916d12cb|127.0.0.1:15023, 0e2e4ad1-578a-45fc-a8c2-41affcffb7b9|127.0.0.1:15031]|listeners:[], old=null}, confs=<EMPTY_MAP>
2025-05-14 02:53:37,439 [0e2e4ad1-578a-45fc-a8c2-41affcffb7b9-groupManagement] INFO  server.RaftServerConfigKeys (ConfUtils.java:logGet(46)) - raft.server.notification.no-leader.timeout = 300000ms (custom)
2025-05-14 02:53:37,439 [0e2e4ad1-578a-45fc-a8c2-41affcffb7b9-groupManagement] INFO  server.RaftServerConfigKeys (ConfUtils.java:logGet(46)) - raft.server.read.timeout = 10s (default)
2025-05-14 02:53:37,439 [30ccf06d-ad3c-4fb0-87c5-f3e2916d12cb-groupManagement] INFO  server.RaftServerConfigKeys (ConfUtils.java:logGet(46)) - raft.server.log.write.buffer.size = 33554440 (custom)
2025-05-14 02:53:37,440 [RatisPipelineUtilsThread-0] INFO  pipeline.PipelineManagerImpl (PipelineManagerImpl.java:recordMetricsForPipeline(907)) - Pipeline: PipelineID=ce0bcb57-9ca8-4104-8923-d626a51ed105 contains same datanodes as previous pipelines: PipelineID=04f6c6c3-d74d-4db8-823f-aff22c375116 nodeIds: 6338fc9c-a704-4fa0-9c76-ba0cbc116aba, 8e51993b-4f71-45b0-84f2-cf37ffbd2099, f4f68937-1ce3-42e1-b3e7-547ae2d23d85
2025-05-14 02:53:37,440 [RatisPipelineUtilsThread-0] INFO  pipeline.BackgroundPipelineCreator (BackgroundPipelineCreator.java:createPipelines(246)) - Created new pipeline Pipeline{ Id: ce0bcb57-9ca8-4104-8923-d626a51ed105, Nodes: [ {6338fc9c-a704-4fa0-9c76-ba0cbc116aba(localhost/127.0.0.1), ReplicaIndex: 0}, {8e51993b-4f71-45b0-84f2-cf37ffbd2099(localhost/127.0.0.1), ReplicaIndex: 0}, {f4f68937-1ce3-42e1-b3e7-547ae2d23d85(localhost/127.0.0.1), ReplicaIndex: 0},], ReplicationConfig: RATIS/THREE, State:ALLOCATED, leaderId:, CreationTimestamp2025-05-14T02:53:37.431184473Z[Etc/UTC]}
2025-05-14 02:53:37,442 [0e2e4ad1-578a-45fc-a8c2-41affcffb7b9-groupManagement] INFO  server.RaftServerConfigKeys (ConfUtils.java:logGet(46)) - raft.server.retrycache.expirytime = 600000ms (custom)
2025-05-14 02:53:37,442 [0e2e4ad1-578a-45fc-a8c2-41affcffb7b9-groupManagement] INFO  server.RaftServerConfigKeys (ConfUtils.java:logGet(46)) - raft.server.retrycache.statistics.expirytime = 100ms (default)
2025-05-14 02:53:37,443 [EventQueue-PipelineReportForOneReplicaPipelineSafeModeRule] INFO  safemode.SCMSafeModeManager (SCMSafeModeManager.java:validateSafeModeExitRules(140)) - AtleastOneDatanodeReportedRule rule is successfully validated
2025-05-14 02:53:37,443 [0e2e4ad1-578a-45fc-a8c2-41affcffb7b9-groupManagement] INFO  server.RaftServerConfigKeys (ConfUtils.java:logGet(46)) - raft.server.read.option = DEFAULT (default)
2025-05-14 02:53:37,443 [0e2e4ad1-578a-45fc-a8c2-41affcffb7b9-groupManagement] INFO  server.RaftServerConfigKeys (ConfUtils.java:logGet(46)) - raft.server.read.read-after-write-consistent.write-index-cache.expiry-time = 60s (default)
2025-05-14 02:53:37,447 [1edfeee1-83e1-4d34-a92c-2e00b570784e@group-352FDF66236B-StateMachineUpdater] INFO  safemode.SCMSafeModeManager (SCMSafeModeManager.java:validateSafeModeExitRules(140)) - DataNodeSafeModeRule rule is successfully validated
2025-05-14 02:53:37,447 [1edfeee1-83e1-4d34-a92c-2e00b570784e@group-352FDF66236B-StateMachineUpdater] INFO  safemode.SCMSafeModeManager (SCMSafeModeManager.java:validateSafeModeExitRules(140)) - RatisContainerSafeModeRule rule is successfully validated
2025-05-14 02:53:37,447 [1edfeee1-83e1-4d34-a92c-2e00b570784e@group-352FDF66236B-StateMachineUpdater] INFO  safemode.HealthyPipelineSafeModeRule (HealthyPipelineSafeModeRule.java:initializeRule(173)) - Refreshed total pipeline count is 0, healthy pipeline threshold count is 1
2025-05-14 02:53:37,447 [1edfeee1-83e1-4d34-a92c-2e00b570784e@group-352FDF66236B-StateMachineUpdater] INFO  safemode.SCMSafeModeManager (SCMSafeModeManager.java:validateSafeModeExitRules(140)) - ECContainerSafeModeRule rule is successfully validated
2025-05-14 02:53:37,447 [1edfeee1-83e1-4d34-a92c-2e00b570784e@group-352FDF66236B-StateMachineUpdater] INFO  safemode.SCMSafeModeManager (SCMSafeModeManager.java:validateSafeModeExitRules(140)) - AtleastOneDatanodeReportedRule rule is successfully validated
2025-05-14 02:53:37,448 [EventQueue-PipelineReportForPipelineReportHandler] INFO  pipeline.PipelineReportHandler (PipelineReportHandler.java:processPipelineReport(134)) - Opened pipeline PipelineID=bbc5bd21-e187-4ee2-8987-04e3e0189c32
2025-05-14 02:53:37,448 [EventQueue-OpenPipelineForHealthyPipelineSafeModeRule] INFO  safemode.SCMSafeModeManager (HealthyPipelineSafeModeRule.java:process(141)) - SCM in safe mode. Healthy pipelines reported count is 0, required healthy pipeline reported count is 1
2025-05-14 02:53:37,450 [30ccf06d-ad3c-4fb0-87c5-f3e2916d12cb-groupManagement] INFO  server.RaftServerConfigKeys (ConfUtils.java:logGet(46)) - raft.server.log.appender.buffer.byte-limit = 33554432 (custom)
2025-05-14 02:53:37,450 [30ccf06d-ad3c-4fb0-87c5-f3e2916d12cb-groupManagement] INFO  server.RaftServerConfigKeys (ConfUtils.java:logGet(46)) - raft.server.log.unsafe-flush.enabled = false (default)
2025-05-14 02:53:37,450 [30ccf06d-ad3c-4fb0-87c5-f3e2916d12cb-groupManagement] INFO  server.RaftServerConfigKeys (ConfUtils.java:logGet(46)) - raft.server.log.async-flush.enabled = false (default)
2025-05-14 02:53:37,450 [30ccf06d-ad3c-4fb0-87c5-f3e2916d12cb-groupManagement] INFO  server.RaftServerConfigKeys (ConfUtils.java:logGet(46)) - raft.server.log.statemachine.data.caching.enabled = true (custom)
2025-05-14 02:53:37,451 [30ccf06d-ad3c-4fb0-87c5-f3e2916d12cb-groupManagement] INFO  segmented.SegmentedRaftLogWorker (SegmentedRaftLogWorker.java:lambda$new$0(139)) - 30ccf06d-ad3c-4fb0-87c5-f3e2916d12cb@group-04E3E0189C32-SegmentedRaftLogWorker: flushIndex: setUnconditionally 0 -> -1
2025-05-14 02:53:37,451 [30ccf06d-ad3c-4fb0-87c5-f3e2916d12cb-groupManagement] INFO  segmented.SegmentedRaftLogWorker (SegmentedRaftLogWorker.java:lambda$new$0(139)) - 30ccf06d-ad3c-4fb0-87c5-f3e2916d12cb@group-04E3E0189C32-SegmentedRaftLogWorker: safeCacheEvictIndex: setUnconditionally 0 -> -1
2025-05-14 02:53:37,452 [30ccf06d-ad3c-4fb0-87c5-f3e2916d12cb-groupManagement] INFO  server.RaftServer$Division (RaftServerImpl.java:start(391)) - 30ccf06d-ad3c-4fb0-87c5-f3e2916d12cb@group-04E3E0189C32: start as a follower, conf=conf: {index: -1, cur=peers:[30ccf06d-ad3c-4fb0-87c5-f3e2916d12cb|127.0.0.1:15023]|listeners:[], old=null}
2025-05-14 02:53:37,452 [30ccf06d-ad3c-4fb0-87c5-f3e2916d12cb-groupManagement] INFO  server.RaftServer$Division (RaftServerImpl.java:setRole(378)) - 30ccf06d-ad3c-4fb0-87c5-f3e2916d12cb@group-04E3E0189C32: changes role from      null to FOLLOWER at term 0 for startAsFollower
2025-05-14 02:53:37,452 [30ccf06d-ad3c-4fb0-87c5-f3e2916d12cb-groupManagement] INFO  impl.RoleInfo (RoleInfo.java:updateAndGet(148)) - 30ccf06d-ad3c-4fb0-87c5-f3e2916d12cb: start 30ccf06d-ad3c-4fb0-87c5-f3e2916d12cb@group-04E3E0189C32-FollowerState
2025-05-14 02:53:37,452 [30ccf06d-ad3c-4fb0-87c5-f3e2916d12cb-groupManagement] INFO  util.JmxRegister (JmxRegister.java:tryRegister(44)) - Successfully registered JMX Bean with object name Ratis:service=RaftServer,group=group-04E3E0189C32,id=30ccf06d-ad3c-4fb0-87c5-f3e2916d12cb
2025-05-14 02:53:37,453 [30ccf06d-ad3c-4fb0-87c5-f3e2916d12cb@group-04E3E0189C32-FollowerState] INFO  server.RaftServerConfigKeys (ConfUtils.java:logGet(46)) - raft.server.rpc.first-election.timeout.min = 1000ms (custom)
2025-05-14 02:53:37,453 [30ccf06d-ad3c-4fb0-87c5-f3e2916d12cb-groupManagement] INFO  util.JmxRegister (JmxRegister.java:register(58)) - register mxBean class org.apache.ratis.server.impl.RaftServerJmxAdapter as Ratis:service=RaftServer,group=group-04E3E0189C32,id=30ccf06d-ad3c-4fb0-87c5-f3e2916d12cb
2025-05-14 02:53:37,453 [30ccf06d-ad3c-4fb0-87c5-f3e2916d12cb-groupManagement] INFO  server.RaftServerConfigKeys (ConfUtils.java:logGet(46)) - raft.server.snapshot.trigger-when-stop.enabled = true (default)
2025-05-14 02:53:37,453 [30ccf06d-ad3c-4fb0-87c5-f3e2916d12cb@group-04E3E0189C32-FollowerState] INFO  server.RaftServerConfigKeys (ConfUtils.java:logGet(46)) - raft.server.rpc.first-election.timeout.max = 1200ms (custom)
2025-05-14 02:53:37,454 [30ccf06d-ad3c-4fb0-87c5-f3e2916d12cb-groupManagement] INFO  server.RaftServerConfigKeys (ConfUtils.java:logGet(46)) - raft.server.snapshot.trigger-when-remove.enabled = true (default)
2025-05-14 02:53:37,454 [30ccf06d-ad3c-4fb0-87c5-f3e2916d12cb-groupManagement] INFO  server.RaftServerConfigKeys (ConfUtils.java:logGet(46)) - raft.server.snapshot.auto.trigger.enabled = true (custom)
2025-05-14 02:53:37,454 [30ccf06d-ad3c-4fb0-87c5-f3e2916d12cb-groupManagement] INFO  server.RaftServerConfigKeys (ConfUtils.java:logGet(46)) - raft.server.snapshot.auto.trigger.threshold = 1 (custom)
2025-05-14 02:53:37,454 [30ccf06d-ad3c-4fb0-87c5-f3e2916d12cb-groupManagement] INFO  server.RaftServerConfigKeys (ConfUtils.java:logGet(46)) - raft.server.snapshot.retention.file.num = 5 (custom)
2025-05-14 02:53:37,454 [30ccf06d-ad3c-4fb0-87c5-f3e2916d12cb-groupManagement] INFO  server.RaftServerConfigKeys (ConfUtils.java:logGet(46)) - raft.server.log.purge.upto.snapshot.index = false (default)
2025-05-14 02:53:37,457 [30ccf06d-ad3c-4fb0-87c5-f3e2916d12cb-groupManagement] INFO  server.RaftServer$Division (RaftServerImpl.java:start(405)) - 30ccf06d-ad3c-4fb0-87c5-f3e2916d12cb@group-04E3E0189C32: Successfully started.
2025-05-14 02:53:37,458 [30ccf06d-ad3c-4fb0-87c5-f3e2916d12cb-PipelineCommandHandlerThread-0] INFO  ratis.XceiverServerRatis (XceiverServerRatis.java:addGroup(843)) - Created group PipelineID=bbc5bd21-e187-4ee2-8987-04e3e0189c32
2025-05-14 02:53:37,458 [30ccf06d-ad3c-4fb0-87c5-f3e2916d12cb-PipelineCommandHandlerThread-0] INFO  commandhandler.CreatePipelineCommandHandler (CreatePipelineCommandHandler.java:lambda$handle$2(128)) - Created Pipeline RATIS ONE PipelineID=bbc5bd21-e187-4ee2-8987-04e3e0189c32.
2025-05-14 02:53:37,469 [30ccf06d-ad3c-4fb0-87c5-f3e2916d12cb-PipelineCommandHandlerThread-0] INFO  server.RaftServer (RaftServerProxy.java:addNew(100)) - 30ccf06d-ad3c-4fb0-87c5-f3e2916d12cb: addNew group-9F6C3E39A650:[f8181075-ae63-407a-b17c-78185f7d70dd|127.0.0.1:15015, 30ccf06d-ad3c-4fb0-87c5-f3e2916d12cb|127.0.0.1:15023, 0e2e4ad1-578a-45fc-a8c2-41affcffb7b9|127.0.0.1:15031] returns group-9F6C3E39A650:java.util.concurrent.CompletableFuture@35641ced[Not completed]
2025-05-14 02:53:37,472 [0e2e4ad1-578a-45fc-a8c2-41affcffb7b9-groupManagement] INFO  server.RaftServerConfigKeys (ConfUtils.java:logGet(46)) - raft.server.rpc.request.timeout = 3000ms (default)
2025-05-14 02:53:37,472 [0e2e4ad1-578a-45fc-a8c2-41affcffb7b9-groupManagement] INFO  server.RaftServerConfigKeys (ConfUtils.java:logGet(46)) - raft.server.log.appender.install.snapshot.enabled = false (custom)
2025-05-14 02:53:37,472 [0e2e4ad1-578a-45fc-a8c2-41affcffb7b9-groupManagement] INFO  server.RaftServerConfigKeys (ConfUtils.java:logGet(46)) - raft.server.threadpool.server.cached = true (default)
2025-05-14 02:53:37,472 [0e2e4ad1-578a-45fc-a8c2-41affcffb7b9-groupManagement] INFO  server.RaftServerConfigKeys (ConfUtils.java:logGet(46)) - raft.server.threadpool.server.size = 0 (default)
2025-05-14 02:53:37,472 [0e2e4ad1-578a-45fc-a8c2-41affcffb7b9-groupManagement] INFO  server.RaftServerConfigKeys (ConfUtils.java:logGet(46)) - raft.server.threadpool.client.cached = true (default)
2025-05-14 02:53:37,472 [0e2e4ad1-578a-45fc-a8c2-41affcffb7b9-groupManagement] INFO  server.RaftServerConfigKeys (ConfUtils.java:logGet(46)) - raft.server.threadpool.client.size = 0 (default)
2025-05-14 02:53:37,472 [0e2e4ad1-578a-45fc-a8c2-41affcffb7b9-groupManagement] INFO  server.RaftServerConfigKeys (ConfUtils.java:logGet(46)) - raft.server.storage.free-space.min = 0MB (=0) (default)
2025-05-14 02:53:37,473 [0e2e4ad1-578a-45fc-a8c2-41affcffb7b9-groupManagement] INFO  server.RaftServerConfigKeys (ConfUtils.java:logGet(46)) - raft.server.log.corruption.policy = EXCEPTION (default)
2025-05-14 02:53:37,473 [30ccf06d-ad3c-4fb0-87c5-f3e2916d12cb-groupManagement] INFO  server.RaftServer$Division (RaftServerImpl.java:<init>(255)) - 30ccf06d-ad3c-4fb0-87c5-f3e2916d12cb: new RaftServerImpl for group-9F6C3E39A650:[f8181075-ae63-407a-b17c-78185f7d70dd|127.0.0.1:15015, 30ccf06d-ad3c-4fb0-87c5-f3e2916d12cb|127.0.0.1:15023, 0e2e4ad1-578a-45fc-a8c2-41affcffb7b9|127.0.0.1:15031] with ContainerStateMachine:uninitialized
2025-05-14 02:53:37,473 [30ccf06d-ad3c-4fb0-87c5-f3e2916d12cb-groupManagement] INFO  server.RaftServerConfigKeys (ConfUtils.java:logGet(46)) - raft.server.rpc.timeout.min = 5s (custom)
2025-05-14 02:53:37,473 [30ccf06d-ad3c-4fb0-87c5-f3e2916d12cb-groupManagement] INFO  server.RaftServerConfigKeys (ConfUtils.java:logGet(46)) - raft.server.rpc.timeout.max = 5200ms (custom)
2025-05-14 02:53:37,473 [30ccf06d-ad3c-4fb0-87c5-f3e2916d12cb-groupManagement] INFO  server.RaftServerConfigKeys (ConfUtils.java:logGet(46)) - raft.server.rpc.sleep.time = 25ms (default)
2025-05-14 02:53:37,473 [30ccf06d-ad3c-4fb0-87c5-f3e2916d12cb-groupManagement] INFO  server.RaftServerConfigKeys (ConfUtils.java:logGet(46)) - raft.server.rpc.slowness.timeout = 300000ms (custom)
2025-05-14 02:53:37,473 [30ccf06d-ad3c-4fb0-87c5-f3e2916d12cb-groupManagement] INFO  server.RaftServerConfigKeys (ConfUtils.java:logGet(46)) - raft.server.leaderelection.leader.step-down.wait-time = 10s (default)
2025-05-14 02:53:37,473 [30ccf06d-ad3c-4fb0-87c5-f3e2916d12cb-groupManagement] INFO  server.RaftServerConfigKeys (ConfUtils.java:logGet(46)) - raft.server.leaderelection.member.majority-add = false (default)
2025-05-14 02:53:37,473 [30ccf06d-ad3c-4fb0-87c5-f3e2916d12cb-groupManagement] INFO  server.RaftServerConfigKeys (ConfUtils.java:logGet(46)) - raft.server.sleep.deviation.threshold = 300ms (default)
2025-05-14 02:53:37,473 [30ccf06d-ad3c-4fb0-87c5-f3e2916d12cb-groupManagement] INFO  server.RaftServer$Division (ServerState.java:<init>(114)) - 30ccf06d-ad3c-4fb0-87c5-f3e2916d12cb@group-9F6C3E39A650: ConfigurationManager, init=conf: {index: -1, cur=peers:[f8181075-ae63-407a-b17c-78185f7d70dd|127.0.0.1:15015, 30ccf06d-ad3c-4fb0-87c5-f3e2916d12cb|127.0.0.1:15023, 0e2e4ad1-578a-45fc-a8c2-41affcffb7b9|127.0.0.1:15031]|listeners:[], old=null}, confs=<EMPTY_MAP>
2025-05-14 02:53:37,473 [0e2e4ad1-578a-45fc-a8c2-41affcffb7b9-groupManagement] INFO  server.RaftServerConfigKeys (ConfUtils.java:logGet(46)) - raft.server.storage.dir = [/home/runner/work/ozone/ozone/hadoop-ozone/integration-test/target/test-dir/MiniOzoneClusterImpl-af940217-b311-440f-8e09-352fdf66236b/ozone-meta/datanode-3/ratis] (custom)
2025-05-14 02:53:37,474 [0e2e4ad1-578a-45fc-a8c2-41affcffb7b9-groupManagement] INFO  storage.RaftStorageDirectory (RaftStorageDirectoryImpl.java:analyzeStorage(138)) - The storage directory /home/runner/work/ozone/ozone/hadoop-ozone/integration-test/target/test-dir/MiniOzoneClusterImpl-af940217-b311-440f-8e09-352fdf66236b/ozone-meta/datanode-3/ratis/babd74b3-e02d-4bf5-8eae-9f6c3e39a650 does not exist. Creating ...
2025-05-14 02:53:37,474 [30ccf06d-ad3c-4fb0-87c5-f3e2916d12cb-groupManagement] INFO  server.RaftServerConfigKeys (ConfUtils.java:logGet(46)) - raft.server.notification.no-leader.timeout = 300000ms (custom)
2025-05-14 02:53:37,474 [30ccf06d-ad3c-4fb0-87c5-f3e2916d12cb-groupManagement] INFO  server.RaftServerConfigKeys (ConfUtils.java:logGet(46)) - raft.server.read.timeout = 10s (default)
2025-05-14 02:53:37,474 [30ccf06d-ad3c-4fb0-87c5-f3e2916d12cb-groupManagement] INFO  server.RaftServerConfigKeys (ConfUtils.java:logGet(46)) - raft.server.retrycache.expirytime = 600000ms (custom)
2025-05-14 02:53:37,475 [30ccf06d-ad3c-4fb0-87c5-f3e2916d12cb-groupManagement] INFO  server.RaftServerConfigKeys (ConfUtils.java:logGet(46)) - raft.server.retrycache.statistics.expirytime = 100ms (default)
2025-05-14 02:53:37,475 [30ccf06d-ad3c-4fb0-87c5-f3e2916d12cb-groupManagement] INFO  server.RaftServerConfigKeys (ConfUtils.java:logGet(46)) - raft.server.read.option = DEFAULT (default)
2025-05-14 02:53:37,475 [30ccf06d-ad3c-4fb0-87c5-f3e2916d12cb-groupManagement] INFO  server.RaftServerConfigKeys (ConfUtils.java:logGet(46)) - raft.server.read.read-after-write-consistent.write-index-cache.expiry-time = 60s (default)
2025-05-14 02:53:37,476 [0e2e4ad1-578a-45fc-a8c2-41affcffb7b9-groupManagement] INFO  storage.RaftStorageDirectory (RaftStorageDirectoryImpl.java:tryLock(229)) - Lock on /home/runner/work/ozone/ozone/hadoop-ozone/integration-test/target/test-dir/MiniOzoneClusterImpl-af940217-b311-440f-8e09-352fdf66236b/ozone-meta/datanode-3/ratis/babd74b3-e02d-4bf5-8eae-9f6c3e39a650/in_use.lock acquired by nodename 34763@localhost
2025-05-14 02:53:37,477 [0e2e4ad1-578a-45fc-a8c2-41affcffb7b9-groupManagement] INFO  storage.RaftStorage (RaftStorageImpl.java:format(98)) - Storage directory /home/runner/work/ozone/ozone/hadoop-ozone/integration-test/target/test-dir/MiniOzoneClusterImpl-af940217-b311-440f-8e09-352fdf66236b/ozone-meta/datanode-3/ratis/babd74b3-e02d-4bf5-8eae-9f6c3e39a650 has been successfully formatted.
2025-05-14 02:53:37,478 [0e2e4ad1-578a-45fc-a8c2-41affcffb7b9-groupManagement] INFO  ratis.ContainerStateMachine (ContainerStateMachine.java:initialize(339)) - 0e2e4ad1-578a-45fc-a8c2-41affcffb7b9: initialize group-9F6C3E39A650
2025-05-14 02:53:37,479 [0e2e4ad1-578a-45fc-a8c2-41affcffb7b9-groupManagement] INFO  ratis.ContainerStateMachine (ContainerStateMachine.java:loadSnapshot(347)) - group-9F6C3E39A650: The snapshot info is null. Setting the last applied index to:(t:0, i:~)
2025-05-14 02:53:37,479 [0e2e4ad1-578a-45fc-a8c2-41affcffb7b9-groupManagement] INFO  server.RaftServerConfigKeys (ConfUtils.java:logGet(46)) - raft.server.log.use.memory = false (default)
2025-05-14 02:53:37,479 [0e2e4ad1-578a-45fc-a8c2-41affcffb7b9-groupManagement] INFO  server.RaftServerConfigKeys (ConfUtils.java:logGet(46)) - raft.server.log.purge.gap = 1000000 (custom)
2025-05-14 02:53:37,479 [0e2e4ad1-578a-45fc-a8c2-41affcffb7b9-groupManagement] INFO  server.RaftServerConfigKeys (ConfUtils.java:logGet(46)) - raft.server.log.appender.buffer.byte-limit = 33554432 (custom)
2025-05-14 02:53:37,480 [0e2e4ad1-578a-45fc-a8c2-41affcffb7b9-groupManagement] INFO  server.RaftServerConfigKeys (ConfUtils.java:logGet(46)) - raft.server.log.statemachine.data.read.timeout = 1000ms (default)
2025-05-14 02:53:37,480 [0e2e4ad1-578a-45fc-a8c2-41affcffb7b9-groupManagement] INFO  server.RaftServerConfigKeys (ConfUtils.java:logGet(46)) - raft.server.log.purge.preservation.log.num = 0 (default)
2025-05-14 02:53:37,482 [EventQueue-PipelineReportForOneReplicaPipelineSafeModeRule] INFO  safemode.SCMSafeModeManager (SCMSafeModeManager.java:validateSafeModeExitRules(140)) - AtleastOneDatanodeReportedRule rule is successfully validated
2025-05-14 02:53:37,484 [30ccf06d-ad3c-4fb0-87c5-f3e2916d12cb-groupManagement] INFO  server.RaftServerConfigKeys (ConfUtils.java:logGet(46)) - raft.server.rpc.request.timeout = 3000ms (default)
2025-05-14 02:53:37,484 [30ccf06d-ad3c-4fb0-87c5-f3e2916d12cb-groupManagement] INFO  server.RaftServerConfigKeys (ConfUtils.java:logGet(46)) - raft.server.log.appender.install.snapshot.enabled = false (custom)
2025-05-14 02:53:37,484 [30ccf06d-ad3c-4fb0-87c5-f3e2916d12cb-groupManagement] INFO  server.RaftServerConfigKeys (ConfUtils.java:logGet(46)) - raft.server.threadpool.server.cached = true (default)
2025-05-14 02:53:37,484 [30ccf06d-ad3c-4fb0-87c5-f3e2916d12cb-groupManagement] INFO  server.RaftServerConfigKeys (ConfUtils.java:logGet(46)) - raft.server.threadpool.server.size = 0 (default)
2025-05-14 02:53:37,484 [30ccf06d-ad3c-4fb0-87c5-f3e2916d12cb-groupManagement] INFO  server.RaftServerConfigKeys (ConfUtils.java:logGet(46)) - raft.server.threadpool.client.cached = true (default)
2025-05-14 02:53:37,484 [30ccf06d-ad3c-4fb0-87c5-f3e2916d12cb-groupManagement] INFO  server.RaftServerConfigKeys (ConfUtils.java:logGet(46)) - raft.server.threadpool.client.size = 0 (default)
2025-05-14 02:53:37,484 [30ccf06d-ad3c-4fb0-87c5-f3e2916d12cb-groupManagement] INFO  server.RaftServerConfigKeys (ConfUtils.java:logGet(46)) - raft.server.storage.free-space.min = 0MB (=0) (default)
2025-05-14 02:53:37,485 [30ccf06d-ad3c-4fb0-87c5-f3e2916d12cb-groupManagement] INFO  server.RaftServerConfigKeys (ConfUtils.java:logGet(46)) - raft.server.log.corruption.policy = EXCEPTION (default)
2025-05-14 02:53:37,485 [30ccf06d-ad3c-4fb0-87c5-f3e2916d12cb-groupManagement] INFO  server.RaftServerConfigKeys (ConfUtils.java:logGet(46)) - raft.server.storage.dir = [/home/runner/work/ozone/ozone/hadoop-ozone/integration-test/target/test-dir/MiniOzoneClusterImpl-af940217-b311-440f-8e09-352fdf66236b/ozone-meta/datanode-2/ratis] (custom)
2025-05-14 02:53:37,485 [30ccf06d-ad3c-4fb0-87c5-f3e2916d12cb-groupManagement] INFO  storage.RaftStorageDirectory (RaftStorageDirectoryImpl.java:analyzeStorage(138)) - The storage directory /home/runner/work/ozone/ozone/hadoop-ozone/integration-test/target/test-dir/MiniOzoneClusterImpl-af940217-b311-440f-8e09-352fdf66236b/ozone-meta/datanode-2/ratis/babd74b3-e02d-4bf5-8eae-9f6c3e39a650 does not exist. Creating ...
2025-05-14 02:53:37,486 [30ccf06d-ad3c-4fb0-87c5-f3e2916d12cb-groupManagement] INFO  storage.RaftStorageDirectory (RaftStorageDirectoryImpl.java:tryLock(229)) - Lock on /home/runner/work/ozone/ozone/hadoop-ozone/integration-test/target/test-dir/MiniOzoneClusterImpl-af940217-b311-440f-8e09-352fdf66236b/ozone-meta/datanode-2/ratis/babd74b3-e02d-4bf5-8eae-9f6c3e39a650/in_use.lock acquired by nodename 34763@localhost
2025-05-14 02:53:37,487 [0e2e4ad1-578a-45fc-a8c2-41affcffb7b9-groupManagement] INFO  server.RaftServerConfigKeys (ConfUtils.java:logGet(46)) - raft.server.log.segment.size.max = 67108864 (custom)
2025-05-14 02:53:37,488 [0e2e4ad1-578a-45fc-a8c2-41affcffb7b9-groupManagement] INFO  server.RaftServerConfigKeys (ConfUtils.java:logGet(46)) - raft.server.log.segment.cache.num.max = 2 (custom)
2025-05-14 02:53:37,488 [0e2e4ad1-578a-45fc-a8c2-41affcffb7b9-groupManagement] INFO  server.RaftServerConfigKeys (ConfUtils.java:logGet(46)) - raft.server.log.segment.cache.size.max = 200MB (=209715200) (default)
2025-05-14 02:53:37,488 [0e2e4ad1-578a-45fc-a8c2-41affcffb7b9-groupManagement] INFO  server.RaftServerConfigKeys (ConfUtils.java:logGet(46)) - raft.server.log.appender.buffer.byte-limit = 33554432 (custom)
2025-05-14 02:53:37,488 [0e2e4ad1-578a-45fc-a8c2-41affcffb7b9-groupManagement] INFO  util.AwaitToRun (AwaitToRun.java:start(81)) - Thread[#1213,0e2e4ad1-578a-45fc-a8c2-41affcffb7b9@group-9F6C3E39A650-cacheEviction-AwaitToRun,5,main] started
2025-05-14 02:53:37,488 [30ccf06d-ad3c-4fb0-87c5-f3e2916d12cb-groupManagement] INFO  storage.RaftStorage (RaftStorageImpl.java:format(98)) - Storage directory /home/runner/work/ozone/ozone/hadoop-ozone/integration-test/target/test-dir/MiniOzoneClusterImpl-af940217-b311-440f-8e09-352fdf66236b/ozone-meta/datanode-2/ratis/babd74b3-e02d-4bf5-8eae-9f6c3e39a650 has been successfully formatted.
2025-05-14 02:53:37,489 [30ccf06d-ad3c-4fb0-87c5-f3e2916d12cb-groupManagement] INFO  ratis.ContainerStateMachine (ContainerStateMachine.java:initialize(339)) - 30ccf06d-ad3c-4fb0-87c5-f3e2916d12cb: initialize group-9F6C3E39A650
2025-05-14 02:53:37,489 [0e2e4ad1-578a-45fc-a8c2-41affcffb7b9-groupManagement] INFO  segmented.SegmentedRaftLogWorker (SegmentedRaftLogWorker.java:<init>(188)) - new 0e2e4ad1-578a-45fc-a8c2-41affcffb7b9@group-9F6C3E39A650-SegmentedRaftLogWorker for RaftStorageImpl:Storage Directory /home/runner/work/ozone/ozone/hadoop-ozone/integration-test/target/test-dir/MiniOzoneClusterImpl-af940217-b311-440f-8e09-352fdf66236b/ozone-meta/datanode-3/ratis/babd74b3-e02d-4bf5-8eae-9f6c3e39a650
2025-05-14 02:53:37,489 [0e2e4ad1-578a-45fc-a8c2-41affcffb7b9-groupManagement] INFO  server.RaftServerConfigKeys (ConfUtils.java:logGet(46)) - raft.server.log.queue.byte-limit = 4294967296 (custom)
2025-05-14 02:53:37,490 [30ccf06d-ad3c-4fb0-87c5-f3e2916d12cb-groupManagement] INFO  ratis.ContainerStateMachine (ContainerStateMachine.java:loadSnapshot(347)) - group-9F6C3E39A650: The snapshot info is null. Setting the last applied index to:(t:0, i:~)
2025-05-14 02:53:37,490 [0e2e4ad1-578a-45fc-a8c2-41affcffb7b9-groupManagement] INFO  server.RaftServerConfigKeys (ConfUtils.java:logGet(46)) - raft.server.log.queue.element-limit = 1024 (custom)
2025-05-14 02:53:37,490 [30ccf06d-ad3c-4fb0-87c5-f3e2916d12cb-groupManagement] INFO  server.RaftServerConfigKeys (ConfUtils.java:logGet(46)) - raft.server.log.use.memory = false (default)
2025-05-14 02:53:37,490 [0e2e4ad1-578a-45fc-a8c2-41affcffb7b9-groupManagement] INFO  server.RaftServerConfigKeys (ConfUtils.java:logGet(46)) - raft.server.log.segment.size.max = 67108864 (custom)
2025-05-14 02:53:37,490 [0e2e4ad1-578a-45fc-a8c2-41affcffb7b9-groupManagement] INFO  server.RaftServerConfigKeys (ConfUtils.java:logGet(46)) - raft.server.log.preallocated.size = 4194304 (custom)
2025-05-14 02:53:37,490 [0e2e4ad1-578a-45fc-a8c2-41affcffb7b9-groupManagement] INFO  server.RaftServerConfigKeys (ConfUtils.java:logGet(46)) - raft.server.log.force.sync.num = 128 (default)
2025-05-14 02:53:37,490 [0e2e4ad1-578a-45fc-a8c2-41affcffb7b9-groupManagement] INFO  server.RaftServerConfigKeys (ConfUtils.java:logGet(46)) - raft.server.log.statemachine.data.sync = true (default)
2025-05-14 02:53:37,490 [0e2e4ad1-578a-45fc-a8c2-41affcffb7b9-groupManagement] INFO  server.RaftServerConfigKeys (ConfUtils.java:logGet(46)) - raft.server.log.statemachine.data.sync.timeout = 10s (default)
2025-05-14 02:53:37,490 [0e2e4ad1-578a-45fc-a8c2-41affcffb7b9-groupManagement] INFO  server.RaftServerConfigKeys (ConfUtils.java:logGet(46)) - raft.server.log.statemachine.data.sync.timeout.retry = 30 (custom)
2025-05-14 02:53:37,491 [30ccf06d-ad3c-4fb0-87c5-f3e2916d12cb-groupManagement] INFO  server.RaftServerConfigKeys (ConfUtils.java:logGet(46)) - raft.server.log.purge.gap = 1000000 (custom)
2025-05-14 02:53:37,491 [30ccf06d-ad3c-4fb0-87c5-f3e2916d12cb-groupManagement] INFO  server.RaftServerConfigKeys (ConfUtils.java:logGet(46)) - raft.server.log.appender.buffer.byte-limit = 33554432 (custom)
2025-05-14 02:53:37,491 [30ccf06d-ad3c-4fb0-87c5-f3e2916d12cb-groupManagement] INFO  server.RaftServerConfigKeys (ConfUtils.java:logGet(46)) - raft.server.log.statemachine.data.read.timeout = 1000ms (default)
2025-05-14 02:53:37,491 [30ccf06d-ad3c-4fb0-87c5-f3e2916d12cb-groupManagement] INFO  server.RaftServerConfigKeys (ConfUtils.java:logGet(46)) - raft.server.log.purge.preservation.log.num = 0 (default)
2025-05-14 02:53:37,491 [0e2e4ad1-578a-45fc-a8c2-41affcffb7b9-groupManagement] INFO  server.RaftServerConfigKeys (ConfUtils.java:logGet(46)) - raft.server.log.write.buffer.size = 33554440 (custom)
2025-05-14 02:53:37,491 [EventQueue-PipelineReportForOneReplicaPipelineSafeModeRule] INFO  safemode.SCMSafeModeManager (SCMSafeModeManager.java:validateSafeModeExitRules(140)) - AtleastOneDatanodeReportedRule rule is successfully validated
2025-05-14 02:53:37,492 [EventQueue-OpenPipelineForHealthyPipelineSafeModeRule] INFO  safemode.SCMSafeModeManager (HealthyPipelineSafeModeRule.java:process(141)) - SCM in safe mode. Healthy pipelines reported count is 0, required healthy pipeline reported count is 1
2025-05-14 02:53:37,497 [0e2e4ad1-578a-45fc-a8c2-41affcffb7b9-groupManagement] INFO  server.RaftServerConfigKeys (ConfUtils.java:logGet(46)) - raft.server.log.appender.buffer.byte-limit = 33554432 (custom)
2025-05-14 02:53:37,497 [30ccf06d-ad3c-4fb0-87c5-f3e2916d12cb-groupManagement] INFO  server.RaftServerConfigKeys (ConfUtils.java:logGet(46)) - raft.server.log.segment.size.max = 67108864 (custom)
2025-05-14 02:53:37,497 [0e2e4ad1-578a-45fc-a8c2-41affcffb7b9-groupManagement] INFO  server.RaftServerConfigKeys (ConfUtils.java:logGet(46)) - raft.server.log.unsafe-flush.enabled = false (default)
2025-05-14 02:53:37,498 [0e2e4ad1-578a-45fc-a8c2-41affcffb7b9-groupManagement] INFO  server.RaftServerConfigKeys (ConfUtils.java:logGet(46)) - raft.server.log.async-flush.enabled = false (default)
2025-05-14 02:53:37,498 [0e2e4ad1-578a-45fc-a8c2-41affcffb7b9-groupManagement] INFO  server.RaftServerConfigKeys (ConfUtils.java:logGet(46)) - raft.server.log.statemachine.data.caching.enabled = true (custom)
2025-05-14 02:53:37,498 [30ccf06d-ad3c-4fb0-87c5-f3e2916d12cb-groupManagement] INFO  server.RaftServerConfigKeys (ConfUtils.java:logGet(46)) - raft.server.log.segment.cache.num.max = 2 (custom)
2025-05-14 02:53:37,498 [30ccf06d-ad3c-4fb0-87c5-f3e2916d12cb-groupManagement] INFO  server.RaftServerConfigKeys (ConfUtils.java:logGet(46)) - raft.server.log.segment.cache.size.max = 200MB (=209715200) (default)
2025-05-14 02:53:37,498 [30ccf06d-ad3c-4fb0-87c5-f3e2916d12cb-groupManagement] INFO  server.RaftServerConfigKeys (ConfUtils.java:logGet(46)) - raft.server.log.appender.buffer.byte-limit = 33554432 (custom)
2025-05-14 02:53:37,498 [30ccf06d-ad3c-4fb0-87c5-f3e2916d12cb-groupManagement] INFO  util.AwaitToRun (AwaitToRun.java:start(81)) - Thread[#1214,30ccf06d-ad3c-4fb0-87c5-f3e2916d12cb@group-9F6C3E39A650-cacheEviction-AwaitToRun,5,main] started
2025-05-14 02:53:37,498 [30ccf06d-ad3c-4fb0-87c5-f3e2916d12cb-groupManagement] INFO  segmented.SegmentedRaftLogWorker (SegmentedRaftLogWorker.java:<init>(188)) - new 30ccf06d-ad3c-4fb0-87c5-f3e2916d12cb@group-9F6C3E39A650-SegmentedRaftLogWorker for RaftStorageImpl:Storage Directory /home/runner/work/ozone/ozone/hadoop-ozone/integration-test/target/test-dir/MiniOzoneClusterImpl-af940217-b311-440f-8e09-352fdf66236b/ozone-meta/datanode-2/ratis/babd74b3-e02d-4bf5-8eae-9f6c3e39a650
2025-05-14 02:53:37,498 [30ccf06d-ad3c-4fb0-87c5-f3e2916d12cb-groupManagement] INFO  server.RaftServerConfigKeys (ConfUtils.java:logGet(46)) - raft.server.log.queue.byte-limit = 4294967296 (custom)
2025-05-14 02:53:37,499 [30ccf06d-ad3c-4fb0-87c5-f3e2916d12cb-groupManagement] INFO  server.RaftServerConfigKeys (ConfUtils.java:logGet(46)) - raft.server.log.queue.element-limit = 1024 (custom)
2025-05-14 02:53:37,498 [0e2e4ad1-578a-45fc-a8c2-41affcffb7b9-groupManagement] INFO  segmented.SegmentedRaftLogWorker (SegmentedRaftLogWorker.java:lambda$new$0(139)) - 0e2e4ad1-578a-45fc-a8c2-41affcffb7b9@group-9F6C3E39A650-SegmentedRaftLogWorker: flushIndex: setUnconditionally 0 -> -1
2025-05-14 02:53:37,499 [0e2e4ad1-578a-45fc-a8c2-41affcffb7b9-groupManagement] INFO  segmented.SegmentedRaftLogWorker (SegmentedRaftLogWorker.java:lambda$new$0(139)) - 0e2e4ad1-578a-45fc-a8c2-41affcffb7b9@group-9F6C3E39A650-SegmentedRaftLogWorker: safeCacheEvictIndex: setUnconditionally 0 -> -1
2025-05-14 02:53:37,499 [30ccf06d-ad3c-4fb0-87c5-f3e2916d12cb-groupManagement] INFO  server.RaftServerConfigKeys (ConfUtils.java:logGet(46)) - raft.server.log.segment.size.max = 67108864 (custom)
2025-05-14 02:53:37,499 [30ccf06d-ad3c-4fb0-87c5-f3e2916d12cb-groupManagement] INFO  server.RaftServerConfigKeys (ConfUtils.java:logGet(46)) - raft.server.log.preallocated.size = 4194304 (custom)
2025-05-14 02:53:37,499 [30ccf06d-ad3c-4fb0-87c5-f3e2916d12cb-groupManagement] INFO  server.RaftServerConfigKeys (ConfUtils.java:logGet(46)) - raft.server.log.force.sync.num = 128 (default)
2025-05-14 02:53:37,499 [30ccf06d-ad3c-4fb0-87c5-f3e2916d12cb-groupManagement] INFO  server.RaftServerConfigKeys (ConfUtils.java:logGet(46)) - raft.server.log.statemachine.data.sync = true (default)
2025-05-14 02:53:37,499 [30ccf06d-ad3c-4fb0-87c5-f3e2916d12cb-groupManagement] INFO  server.RaftServerConfigKeys (ConfUtils.java:logGet(46)) - raft.server.log.statemachine.data.sync.timeout = 10s (default)
2025-05-14 02:53:37,500 [30ccf06d-ad3c-4fb0-87c5-f3e2916d12cb-groupManagement] INFO  server.RaftServerConfigKeys (ConfUtils.java:logGet(46)) - raft.server.log.statemachine.data.sync.timeout.retry = 30 (custom)
2025-05-14 02:53:37,500 [0e2e4ad1-578a-45fc-a8c2-41affcffb7b9-groupManagement] INFO  server.RaftServer$Division (RaftServerImpl.java:start(391)) - 0e2e4ad1-578a-45fc-a8c2-41affcffb7b9@group-9F6C3E39A650: start as a follower, conf=conf: {index: -1, cur=peers:[f8181075-ae63-407a-b17c-78185f7d70dd|127.0.0.1:15015, 30ccf06d-ad3c-4fb0-87c5-f3e2916d12cb|127.0.0.1:15023, 0e2e4ad1-578a-45fc-a8c2-41affcffb7b9|127.0.0.1:15031]|listeners:[], old=null}
2025-05-14 02:53:37,500 [0e2e4ad1-578a-45fc-a8c2-41affcffb7b9-groupManagement] INFO  server.RaftServer$Division (RaftServerImpl.java:setRole(378)) - 0e2e4ad1-578a-45fc-a8c2-41affcffb7b9@group-9F6C3E39A650: changes role from      null to FOLLOWER at term 0 for startAsFollower
2025-05-14 02:53:37,500 [0e2e4ad1-578a-45fc-a8c2-41affcffb7b9-groupManagement] INFO  impl.RoleInfo (RoleInfo.java:updateAndGet(148)) - 0e2e4ad1-578a-45fc-a8c2-41affcffb7b9: start 0e2e4ad1-578a-45fc-a8c2-41affcffb7b9@group-9F6C3E39A650-FollowerState
2025-05-14 02:53:37,500 [30ccf06d-ad3c-4fb0-87c5-f3e2916d12cb-groupManagement] INFO  server.RaftServerConfigKeys (ConfUtils.java:logGet(46)) - raft.server.log.write.buffer.size = 33554440 (custom)
2025-05-14 02:53:37,502 [0e2e4ad1-578a-45fc-a8c2-41affcffb7b9-groupManagement] INFO  util.JmxRegister (JmxRegister.java:tryRegister(44)) - Successfully registered JMX Bean with object name Ratis:service=RaftServer,group=group-9F6C3E39A650,id=0e2e4ad1-578a-45fc-a8c2-41affcffb7b9
2025-05-14 02:53:37,502 [0e2e4ad1-578a-45fc-a8c2-41affcffb7b9-groupManagement] INFO  util.JmxRegister (JmxRegister.java:register(58)) - register mxBean class org.apache.ratis.server.impl.RaftServerJmxAdapter as Ratis:service=RaftServer,group=group-9F6C3E39A650,id=0e2e4ad1-578a-45fc-a8c2-41affcffb7b9
2025-05-14 02:53:37,502 [0e2e4ad1-578a-45fc-a8c2-41affcffb7b9-groupManagement] INFO  server.RaftServerConfigKeys (ConfUtils.java:logGet(46)) - raft.server.snapshot.trigger-when-stop.enabled = true (default)
2025-05-14 02:53:37,502 [0e2e4ad1-578a-45fc-a8c2-41affcffb7b9-groupManagement] INFO  server.RaftServerConfigKeys (ConfUtils.java:logGet(46)) - raft.server.snapshot.trigger-when-remove.enabled = true (default)
2025-05-14 02:53:37,502 [0e2e4ad1-578a-45fc-a8c2-41affcffb7b9-groupManagement] INFO  server.RaftServerConfigKeys (ConfUtils.java:logGet(46)) - raft.server.snapshot.auto.trigger.enabled = true (custom)
2025-05-14 02:53:37,502 [0e2e4ad1-578a-45fc-a8c2-41affcffb7b9-groupManagement] INFO  server.RaftServerConfigKeys (ConfUtils.java:logGet(46)) - raft.server.snapshot.auto.trigger.threshold = 1 (custom)
2025-05-14 02:53:37,502 [0e2e4ad1-578a-45fc-a8c2-41affcffb7b9-groupManagement] INFO  server.RaftServerConfigKeys (ConfUtils.java:logGet(46)) - raft.server.snapshot.retention.file.num = 5 (custom)
2025-05-14 02:53:37,502 [0e2e4ad1-578a-45fc-a8c2-41affcffb7b9-groupManagement] INFO  server.RaftServerConfigKeys (ConfUtils.java:logGet(46)) - raft.server.log.purge.upto.snapshot.index = false (default)
2025-05-14 02:53:37,502 [0e2e4ad1-578a-45fc-a8c2-41affcffb7b9@group-9F6C3E39A650-FollowerState] INFO  server.RaftServerConfigKeys (ConfUtils.java:logGet(46)) - raft.server.rpc.first-election.timeout.min = 1000ms (custom)
2025-05-14 02:53:37,502 [0e2e4ad1-578a-45fc-a8c2-41affcffb7b9@group-9F6C3E39A650-FollowerState] INFO  server.RaftServerConfigKeys (ConfUtils.java:logGet(46)) - raft.server.rpc.first-election.timeout.max = 1200ms (custom)
2025-05-14 02:53:37,506 [0e2e4ad1-578a-45fc-a8c2-41affcffb7b9-groupManagement] INFO  server.RaftServer$Division (RaftServerImpl.java:start(405)) - 0e2e4ad1-578a-45fc-a8c2-41affcffb7b9@group-9F6C3E39A650: Successfully started.
2025-05-14 02:53:37,508 [30ccf06d-ad3c-4fb0-87c5-f3e2916d12cb-groupManagement] INFO  server.RaftServerConfigKeys (ConfUtils.java:logGet(46)) - raft.server.log.appender.buffer.byte-limit = 33554432 (custom)
2025-05-14 02:53:37,508 [30ccf06d-ad3c-4fb0-87c5-f3e2916d12cb-groupManagement] INFO  server.RaftServerConfigKeys (ConfUtils.java:logGet(46)) - raft.server.log.unsafe-flush.enabled = false (default)
2025-05-14 02:53:37,508 [30ccf06d-ad3c-4fb0-87c5-f3e2916d12cb-groupManagement] INFO  server.RaftServerConfigKeys (ConfUtils.java:logGet(46)) - raft.server.log.async-flush.enabled = false (default)
2025-05-14 02:53:37,508 [30ccf06d-ad3c-4fb0-87c5-f3e2916d12cb-groupManagement] INFO  server.RaftServerConfigKeys (ConfUtils.java:logGet(46)) - raft.server.log.statemachine.data.caching.enabled = true (custom)
2025-05-14 02:53:37,508 [30ccf06d-ad3c-4fb0-87c5-f3e2916d12cb-groupManagement] INFO  segmented.SegmentedRaftLogWorker (SegmentedRaftLogWorker.java:lambda$new$0(139)) - 30ccf06d-ad3c-4fb0-87c5-f3e2916d12cb@group-9F6C3E39A650-SegmentedRaftLogWorker: flushIndex: setUnconditionally 0 -> -1
2025-05-14 02:53:37,508 [30ccf06d-ad3c-4fb0-87c5-f3e2916d12cb-groupManagement] INFO  segmented.SegmentedRaftLogWorker (SegmentedRaftLogWorker.java:lambda$new$0(139)) - 30ccf06d-ad3c-4fb0-87c5-f3e2916d12cb@group-9F6C3E39A650-SegmentedRaftLogWorker: safeCacheEvictIndex: setUnconditionally 0 -> -1
2025-05-14 02:53:37,510 [30ccf06d-ad3c-4fb0-87c5-f3e2916d12cb-groupManagement] INFO  server.RaftServer$Division (RaftServerImpl.java:start(391)) - 30ccf06d-ad3c-4fb0-87c5-f3e2916d12cb@group-9F6C3E39A650: start as a follower, conf=conf: {index: -1, cur=peers:[f8181075-ae63-407a-b17c-78185f7d70dd|127.0.0.1:15015, 30ccf06d-ad3c-4fb0-87c5-f3e2916d12cb|127.0.0.1:15023, 0e2e4ad1-578a-45fc-a8c2-41affcffb7b9|127.0.0.1:15031]|listeners:[], old=null}
2025-05-14 02:53:37,510 [30ccf06d-ad3c-4fb0-87c5-f3e2916d12cb-groupManagement] INFO  server.RaftServer$Division (RaftServerImpl.java:setRole(378)) - 30ccf06d-ad3c-4fb0-87c5-f3e2916d12cb@group-9F6C3E39A650: changes role from      null to FOLLOWER at term 0 for startAsFollower
2025-05-14 02:53:37,510 [30ccf06d-ad3c-4fb0-87c5-f3e2916d12cb-groupManagement] INFO  impl.RoleInfo (RoleInfo.java:updateAndGet(148)) - 30ccf06d-ad3c-4fb0-87c5-f3e2916d12cb: start 30ccf06d-ad3c-4fb0-87c5-f3e2916d12cb@group-9F6C3E39A650-FollowerState
2025-05-14 02:53:37,511 [30ccf06d-ad3c-4fb0-87c5-f3e2916d12cb@group-9F6C3E39A650-FollowerState] INFO  server.RaftServerConfigKeys (ConfUtils.java:logGet(46)) - raft.server.rpc.first-election.timeout.min = 1000ms (custom)
2025-05-14 02:53:37,512 [30ccf06d-ad3c-4fb0-87c5-f3e2916d12cb@group-9F6C3E39A650-FollowerState] INFO  server.RaftServerConfigKeys (ConfUtils.java:logGet(46)) - raft.server.rpc.first-election.timeout.max = 1200ms (custom)
2025-05-14 02:53:37,511 [30ccf06d-ad3c-4fb0-87c5-f3e2916d12cb-groupManagement] INFO  util.JmxRegister (JmxRegister.java:tryRegister(44)) - Successfully registered JMX Bean with object name Ratis:service=RaftServer,group=group-9F6C3E39A650,id=30ccf06d-ad3c-4fb0-87c5-f3e2916d12cb
2025-05-14 02:53:37,512 [30ccf06d-ad3c-4fb0-87c5-f3e2916d12cb-groupManagement] INFO  util.JmxRegister (JmxRegister.java:register(58)) - register mxBean class org.apache.ratis.server.impl.RaftServerJmxAdapter as Ratis:service=RaftServer,group=group-9F6C3E39A650,id=30ccf06d-ad3c-4fb0-87c5-f3e2916d12cb
2025-05-14 02:53:37,512 [30ccf06d-ad3c-4fb0-87c5-f3e2916d12cb-groupManagement] INFO  server.RaftServerConfigKeys (ConfUtils.java:logGet(46)) - raft.server.snapshot.trigger-when-stop.enabled = true (default)
2025-05-14 02:53:37,512 [30ccf06d-ad3c-4fb0-87c5-f3e2916d12cb-groupManagement] INFO  server.RaftServerConfigKeys (ConfUtils.java:logGet(46)) - raft.server.snapshot.trigger-when-remove.enabled = true (default)
2025-05-14 02:53:37,512 [30ccf06d-ad3c-4fb0-87c5-f3e2916d12cb-groupManagement] INFO  server.RaftServerConfigKeys (ConfUtils.java:logGet(46)) - raft.server.snapshot.auto.trigger.enabled = true (custom)
2025-05-14 02:53:37,512 [30ccf06d-ad3c-4fb0-87c5-f3e2916d12cb-groupManagement] INFO  server.RaftServerConfigKeys (ConfUtils.java:logGet(46)) - raft.server.snapshot.auto.trigger.threshold = 1 (custom)
2025-05-14 02:53:37,512 [30ccf06d-ad3c-4fb0-87c5-f3e2916d12cb-groupManagement] INFO  server.RaftServerConfigKeys (ConfUtils.java:logGet(46)) - raft.server.snapshot.retention.file.num = 5 (custom)
2025-05-14 02:53:37,512 [30ccf06d-ad3c-4fb0-87c5-f3e2916d12cb-groupManagement] INFO  server.RaftServerConfigKeys (ConfUtils.java:logGet(46)) - raft.server.log.purge.upto.snapshot.index = false (default)
2025-05-14 02:53:37,514 [30ccf06d-ad3c-4fb0-87c5-f3e2916d12cb-groupManagement] INFO  server.RaftServer$Division (RaftServerImpl.java:start(405)) - 30ccf06d-ad3c-4fb0-87c5-f3e2916d12cb@group-9F6C3E39A650: Successfully started.
2025-05-14 02:53:37,514 [30ccf06d-ad3c-4fb0-87c5-f3e2916d12cb-PipelineCommandHandlerThread-0] INFO  ratis.XceiverServerRatis (XceiverServerRatis.java:addGroup(843)) - Created group PipelineID=babd74b3-e02d-4bf5-8eae-9f6c3e39a650
2025-05-14 02:53:37,515 [EventQueue-PipelineReportForOneReplicaPipelineSafeModeRule] INFO  safemode.SCMSafeModeManager (SCMSafeModeManager.java:validateSafeModeExitRules(140)) - AtleastOneDatanodeReportedRule rule is successfully validated
2025-05-14 02:53:37,551 [f8181075-ae63-407a-b17c-78185f7d70dd-PipelineCommandHandlerThread-0] INFO  commandhandler.CreatePipelineCommandHandler (CreatePipelineCommandHandler.java:lambda$handle$2(128)) - Created Pipeline RATIS THREE PipelineID=babd74b3-e02d-4bf5-8eae-9f6c3e39a650.
2025-05-14 02:53:37,569 [30ccf06d-ad3c-4fb0-87c5-f3e2916d12cb-PipelineCommandHandlerThread-0] INFO  commandhandler.CreatePipelineCommandHandler (CreatePipelineCommandHandler.java:lambda$handle$2(128)) - Created Pipeline RATIS THREE PipelineID=babd74b3-e02d-4bf5-8eae-9f6c3e39a650.
2025-05-14 02:53:37,596 [EventQueue-PipelineReportForOneReplicaPipelineSafeModeRule] INFO  safemode.SCMSafeModeManager (SCMSafeModeManager.java:validateSafeModeExitRules(140)) - AtleastOneDatanodeReportedRule rule is successfully validated
2025-05-14 02:53:37,596 [EventQueue-OpenPipelineForHealthyPipelineSafeModeRule] INFO  safemode.SCMSafeModeManager (HealthyPipelineSafeModeRule.java:process(141)) - SCM in safe mode. Healthy pipelines reported count is 0, required healthy pipeline reported count is 1
2025-05-14 02:53:37,607 [EventQueue-PipelineReportForOneReplicaPipelineSafeModeRule] INFO  safemode.SCMSafeModeManager (SCMSafeModeManager.java:validateSafeModeExitRules(140)) - AtleastOneDatanodeReportedRule rule is successfully validated
2025-05-14 02:53:37,635 [IPC Server handler 26 on default port 15002] INFO  net.NetworkTopologyImpl (NetworkTopologyImpl.java:add(133)) - Added a new node: /default-rack/9d8a5836-bfca-4d37-9676-470807fcd29d
2025-05-14 02:53:37,635 [IPC Server handler 26 on default port 15002] INFO  node.SCMNodeManager (SCMNodeManager.java:register(426)) - Registered datanode: 9d8a5836-bfca-4d37-9676-470807fcd29d{ip: 127.0.0.1, host: localhost, ports: [HTTP=15082, CLIENT_RPC=15083, REPLICATION=15089, RATIS=15085, RATIS_ADMIN=15086, RATIS_SERVER=15087, RATIS_DATASTREAM=15088, STANDALONE=15084], networkLocation: /default-rack, certSerialId: null, persistedOpState: null, persistedOpStateExpiryEpochSec: 0}
2025-05-14 02:53:37,635 [EventQueue-NodeRegistrationContainerReportForDataNodeSafeModeRule] INFO  safemode.SCMSafeModeManager (SCMSafeModeManager.java:validateSafeModeExitRules(140)) - DataNodeSafeModeRule rule is successfully validated
2025-05-14 02:53:37,636 [EventQueue-NewNodeForNewNodeHandler] INFO  pipeline.BackgroundPipelineCreator (BackgroundPipelineCreator.java:notifyEventTriggered(290)) - trigger a one-shot run on RatisPipelineUtilsThread.
2025-05-14 02:53:37,636 [main] INFO  ozone.MiniOzoneClusterImpl (MiniOzoneClusterImpl.java:lambda$waitForClusterToBeReady$0(191)) - Nodes are ready. Got 10 of 10 DN Heartbeats.
2025-05-14 02:53:37,636 [main] INFO  ozone.MiniOzoneClusterImpl (MiniOzoneClusterImpl.java:lambda$waitForClusterToBeReady$0(194)) - Waiting for cluster to exit safe mode
2025-05-14 02:53:37,636 [main] INFO  ozone.MiniOzoneClusterImpl (MiniOzoneClusterImpl.java:lambda$waitForClusterToBeReady$0(196)) - SCM became leader
2025-05-14 02:53:37,636 [EventQueue-ContainerRegistrationReportForRatisContainerSafeModeRule] INFO  safemode.SCMSafeModeManager (SCMSafeModeManager.java:validateSafeModeExitRules(140)) - RatisContainerSafeModeRule rule is successfully validated
2025-05-14 02:53:37,637 [EventQueue-ContainerRegistrationReportForECContainerSafeModeRule] INFO  safemode.SCMSafeModeManager (SCMSafeModeManager.java:validateSafeModeExitRules(140)) - ECContainerSafeModeRule rule is successfully validated
2025-05-14 02:53:37,637 [RatisPipelineUtilsThread-0] INFO  pipeline.RatisPipelineProvider (RatisPipelineProvider.java:lambda$create$0(208)) - Sending CreatePipelineCommand for pipeline:PipelineID=b03e8157-9214-41bf-b26a-bab9a4cb0463 to datanode:9d8a5836-bfca-4d37-9676-470807fcd29d(localhost/127.0.0.1)
2025-05-14 02:53:37,637 [EventQueue-PipelineReportForOneReplicaPipelineSafeModeRule] INFO  safemode.SCMSafeModeManager (SCMSafeModeManager.java:validateSafeModeExitRules(140)) - AtleastOneDatanodeReportedRule rule is successfully validated
2025-05-14 02:53:37,640 [1edfeee1-83e1-4d34-a92c-2e00b570784e@group-352FDF66236B-StateMachineUpdater] INFO  safemode.SCMSafeModeManager (SCMSafeModeManager.java:validateSafeModeExitRules(140)) - DataNodeSafeModeRule rule is successfully validated
2025-05-14 02:53:37,640 [1edfeee1-83e1-4d34-a92c-2e00b570784e@group-352FDF66236B-StateMachineUpdater] INFO  safemode.SCMSafeModeManager (SCMSafeModeManager.java:validateSafeModeExitRules(140)) - RatisContainerSafeModeRule rule is successfully validated
2025-05-14 02:53:37,640 [1edfeee1-83e1-4d34-a92c-2e00b570784e@group-352FDF66236B-StateMachineUpdater] INFO  safemode.HealthyPipelineSafeModeRule (HealthyPipelineSafeModeRule.java:initializeRule(173)) - Refreshed total pipeline count is 0, healthy pipeline threshold count is 1
2025-05-14 02:53:37,640 [1edfeee1-83e1-4d34-a92c-2e00b570784e@group-352FDF66236B-StateMachineUpdater] INFO  safemode.SCMSafeModeManager (SCMSafeModeManager.java:validateSafeModeExitRules(140)) - ECContainerSafeModeRule rule is successfully validated
2025-05-14 02:53:37,640 [1edfeee1-83e1-4d34-a92c-2e00b570784e@group-352FDF66236B-StateMachineUpdater] INFO  safemode.SCMSafeModeManager (SCMSafeModeManager.java:validateSafeModeExitRules(140)) - AtleastOneDatanodeReportedRule rule is successfully validated
2025-05-14 02:53:37,641 [RatisPipelineUtilsThread-0] INFO  pipeline.BackgroundPipelineCreator (BackgroundPipelineCreator.java:createPipelines(246)) - Created new pipeline Pipeline{ Id: b03e8157-9214-41bf-b26a-bab9a4cb0463, Nodes: [ {9d8a5836-bfca-4d37-9676-470807fcd29d(localhost/127.0.0.1), ReplicaIndex: 0},], ReplicationConfig: RATIS/ONE, State:ALLOCATED, leaderId:, CreationTimestamp2025-05-14T02:53:37.637153944Z[Etc/UTC]}
2025-05-14 02:53:37,659 [0e2e4ad1-578a-45fc-a8c2-41affcffb7b9-PipelineCommandHandlerThread-0] INFO  server.RaftServer (RaftServerProxy.java:addNew(100)) - 0e2e4ad1-578a-45fc-a8c2-41affcffb7b9: addNew group-EAA30EC3C5AA:[0e2e4ad1-578a-45fc-a8c2-41affcffb7b9|127.0.0.1:15031] returns group-EAA30EC3C5AA:java.util.concurrent.CompletableFuture@57af3f0e[Not completed]
2025-05-14 02:53:37,660 [0e2e4ad1-578a-45fc-a8c2-41affcffb7b9-groupManagement] INFO  server.RaftServer$Division (RaftServerImpl.java:<init>(255)) - 0e2e4ad1-578a-45fc-a8c2-41affcffb7b9: new RaftServerImpl for group-EAA30EC3C5AA:[0e2e4ad1-578a-45fc-a8c2-41affcffb7b9|127.0.0.1:15031] with ContainerStateMachine:uninitialized
2025-05-14 02:53:37,661 [0e2e4ad1-578a-45fc-a8c2-41affcffb7b9-groupManagement] INFO  server.RaftServerConfigKeys (ConfUtils.java:logGet(46)) - raft.server.rpc.timeout.min = 5s (custom)
2025-05-14 02:53:37,661 [0e2e4ad1-578a-45fc-a8c2-41affcffb7b9-groupManagement] INFO  server.RaftServerConfigKeys (ConfUtils.java:logGet(46)) - raft.server.rpc.timeout.max = 5200ms (custom)
2025-05-14 02:53:37,661 [0e2e4ad1-578a-45fc-a8c2-41affcffb7b9-groupManagement] INFO  server.RaftServerConfigKeys (ConfUtils.java:logGet(46)) - raft.server.rpc.sleep.time = 25ms (default)
2025-05-14 02:53:37,661 [0e2e4ad1-578a-45fc-a8c2-41affcffb7b9-groupManagement] INFO  server.RaftServerConfigKeys (ConfUtils.java:logGet(46)) - raft.server.rpc.slowness.timeout = 300000ms (custom)
2025-05-14 02:53:37,661 [0e2e4ad1-578a-45fc-a8c2-41affcffb7b9-groupManagement] INFO  server.RaftServerConfigKeys (ConfUtils.java:logGet(46)) - raft.server.leaderelection.leader.step-down.wait-time = 10s (default)
2025-05-14 02:53:37,661 [0e2e4ad1-578a-45fc-a8c2-41affcffb7b9-groupManagement] INFO  server.RaftServerConfigKeys (ConfUtils.java:logGet(46)) - raft.server.leaderelection.member.majority-add = false (default)
2025-05-14 02:53:37,661 [0e2e4ad1-578a-45fc-a8c2-41affcffb7b9-groupManagement] INFO  server.RaftServerConfigKeys (ConfUtils.java:logGet(46)) - raft.server.sleep.deviation.threshold = 300ms (default)
2025-05-14 02:53:37,661 [0e2e4ad1-578a-45fc-a8c2-41affcffb7b9-groupManagement] INFO  server.RaftServer$Division (ServerState.java:<init>(114)) - 0e2e4ad1-578a-45fc-a8c2-41affcffb7b9@group-EAA30EC3C5AA: ConfigurationManager, init=conf: {index: -1, cur=peers:[0e2e4ad1-578a-45fc-a8c2-41affcffb7b9|127.0.0.1:15031]|listeners:[], old=null}, confs=<EMPTY_MAP>
2025-05-14 02:53:37,661 [0e2e4ad1-578a-45fc-a8c2-41affcffb7b9-groupManagement] INFO  server.RaftServerConfigKeys (ConfUtils.java:logGet(46)) - raft.server.notification.no-leader.timeout = 300000ms (custom)
2025-05-14 02:53:37,661 [0e2e4ad1-578a-45fc-a8c2-41affcffb7b9-groupManagement] INFO  server.RaftServerConfigKeys (ConfUtils.java:logGet(46)) - raft.server.read.timeout = 10s (default)
2025-05-14 02:53:37,661 [0e2e4ad1-578a-45fc-a8c2-41affcffb7b9-groupManagement] INFO  server.RaftServerConfigKeys (ConfUtils.java:logGet(46)) - raft.server.retrycache.expirytime = 600000ms (custom)
2025-05-14 02:53:37,661 [0e2e4ad1-578a-45fc-a8c2-41affcffb7b9-groupManagement] INFO  server.RaftServerConfigKeys (ConfUtils.java:logGet(46)) - raft.server.retrycache.statistics.expirytime = 100ms (default)
2025-05-14 02:53:37,661 [0e2e4ad1-578a-45fc-a8c2-41affcffb7b9-groupManagement] INFO  server.RaftServerConfigKeys (ConfUtils.java:logGet(46)) - raft.server.read.option = DEFAULT (default)
2025-05-14 02:53:37,661 [0e2e4ad1-578a-45fc-a8c2-41affcffb7b9-groupManagement] INFO  server.RaftServerConfigKeys (ConfUtils.java:logGet(46)) - raft.server.read.read-after-write-consistent.write-index-cache.expiry-time = 60s (default)
2025-05-14 02:53:37,667 [0e2e4ad1-578a-45fc-a8c2-41affcffb7b9-groupManagement] INFO  server.RaftServerConfigKeys (ConfUtils.java:logGet(46)) - raft.server.rpc.request.timeout = 3000ms (default)
2025-05-14 02:53:37,667 [0e2e4ad1-578a-45fc-a8c2-41affcffb7b9-groupManagement] INFO  server.RaftServerConfigKeys (ConfUtils.java:logGet(46)) - raft.server.log.appender.install.snapshot.enabled = false (custom)
2025-05-14 02:53:37,667 [0e2e4ad1-578a-45fc-a8c2-41affcffb7b9-groupManagement] INFO  server.RaftServerConfigKeys (ConfUtils.java:logGet(46)) - raft.server.threadpool.server.cached = true (default)
2025-05-14 02:53:37,667 [0e2e4ad1-578a-45fc-a8c2-41affcffb7b9-groupManagement] INFO  server.RaftServerConfigKeys (ConfUtils.java:logGet(46)) - raft.server.threadpool.server.size = 0 (default)
2025-05-14 02:53:37,667 [0e2e4ad1-578a-45fc-a8c2-41affcffb7b9-groupManagement] INFO  server.RaftServerConfigKeys (ConfUtils.java:logGet(46)) - raft.server.threadpool.client.cached = true (default)
2025-05-14 02:53:37,667 [0e2e4ad1-578a-45fc-a8c2-41affcffb7b9-groupManagement] INFO  server.RaftServerConfigKeys (ConfUtils.java:logGet(46)) - raft.server.threadpool.client.size = 0 (default)
2025-05-14 02:53:37,667 [0e2e4ad1-578a-45fc-a8c2-41affcffb7b9-groupManagement] INFO  server.RaftServerConfigKeys (ConfUtils.java:logGet(46)) - raft.server.storage.free-space.min = 0MB (=0) (default)
2025-05-14 02:53:37,667 [0e2e4ad1-578a-45fc-a8c2-41affcffb7b9-groupManagement] INFO  server.RaftServerConfigKeys (ConfUtils.java:logGet(46)) - raft.server.log.corruption.policy = EXCEPTION (default)
2025-05-14 02:53:37,667 [0e2e4ad1-578a-45fc-a8c2-41affcffb7b9-groupManagement] INFO  server.RaftServerConfigKeys (ConfUtils.java:logGet(46)) - raft.server.storage.dir = [/home/runner/work/ozone/ozone/hadoop-ozone/integration-test/target/test-dir/MiniOzoneClusterImpl-af940217-b311-440f-8e09-352fdf66236b/ozone-meta/datanode-3/ratis] (custom)
2025-05-14 02:53:37,668 [0e2e4ad1-578a-45fc-a8c2-41affcffb7b9-groupManagement] INFO  storage.RaftStorageDirectory (RaftStorageDirectoryImpl.java:analyzeStorage(138)) - The storage directory /home/runner/work/ozone/ozone/hadoop-ozone/integration-test/target/test-dir/MiniOzoneClusterImpl-af940217-b311-440f-8e09-352fdf66236b/ozone-meta/datanode-3/ratis/974e1e0d-edeb-4ad4-b1a3-eaa30ec3c5aa does not exist. Creating ...
2025-05-14 02:53:37,669 [0e2e4ad1-578a-45fc-a8c2-41affcffb7b9-groupManagement] INFO  storage.RaftStorageDirectory (RaftStorageDirectoryImpl.java:tryLock(229)) - Lock on /home/runner/work/ozone/ozone/hadoop-ozone/integration-test/target/test-dir/MiniOzoneClusterImpl-af940217-b311-440f-8e09-352fdf66236b/ozone-meta/datanode-3/ratis/974e1e0d-edeb-4ad4-b1a3-eaa30ec3c5aa/in_use.lock acquired by nodename 34763@localhost
2025-05-14 02:53:37,670 [0e2e4ad1-578a-45fc-a8c2-41affcffb7b9-groupManagement] INFO  storage.RaftStorage (RaftStorageImpl.java:format(98)) - Storage directory /home/runner/work/ozone/ozone/hadoop-ozone/integration-test/target/test-dir/MiniOzoneClusterImpl-af940217-b311-440f-8e09-352fdf66236b/ozone-meta/datanode-3/ratis/974e1e0d-edeb-4ad4-b1a3-eaa30ec3c5aa has been successfully formatted.
2025-05-14 02:53:37,670 [0e2e4ad1-578a-45fc-a8c2-41affcffb7b9-groupManagement] INFO  ratis.ContainerStateMachine (ContainerStateMachine.java:initialize(339)) - 0e2e4ad1-578a-45fc-a8c2-41affcffb7b9: initialize group-EAA30EC3C5AA
2025-05-14 02:53:37,670 [0e2e4ad1-578a-45fc-a8c2-41affcffb7b9-groupManagement] INFO  ratis.ContainerStateMachine (ContainerStateMachine.java:loadSnapshot(347)) - group-EAA30EC3C5AA: The snapshot info is null. Setting the last applied index to:(t:0, i:~)
2025-05-14 02:53:37,670 [0e2e4ad1-578a-45fc-a8c2-41affcffb7b9-groupManagement] INFO  server.RaftServerConfigKeys (ConfUtils.java:logGet(46)) - raft.server.log.use.memory = false (default)
2025-05-14 02:53:37,670 [0e2e4ad1-578a-45fc-a8c2-41affcffb7b9-groupManagement] INFO  server.RaftServerConfigKeys (ConfUtils.java:logGet(46)) - raft.server.log.purge.gap = 1000000 (custom)
2025-05-14 02:53:37,670 [0e2e4ad1-578a-45fc-a8c2-41affcffb7b9-groupManagement] INFO  server.RaftServerConfigKeys (ConfUtils.java:logGet(46)) - raft.server.log.appender.buffer.byte-limit = 33554432 (custom)
2025-05-14 02:53:37,670 [0e2e4ad1-578a-45fc-a8c2-41affcffb7b9-groupManagement] INFO  server.RaftServerConfigKeys (ConfUtils.java:logGet(46)) - raft.server.log.statemachine.data.read.timeout = 1000ms (default)
2025-05-14 02:53:37,671 [0e2e4ad1-578a-45fc-a8c2-41affcffb7b9-groupManagement] INFO  server.RaftServerConfigKeys (ConfUtils.java:logGet(46)) - raft.server.log.purge.preservation.log.num = 0 (default)
2025-05-14 02:53:37,674 [EventQueue-PipelineReportForOneReplicaPipelineSafeModeRule] INFO  safemode.SCMSafeModeManager (SCMSafeModeManager.java:validateSafeModeExitRules(140)) - AtleastOneDatanodeReportedRule rule is successfully validated
2025-05-14 02:53:37,674 [0e2e4ad1-578a-45fc-a8c2-41affcffb7b9-groupManagement] INFO  server.RaftServerConfigKeys (ConfUtils.java:logGet(46)) - raft.server.log.segment.size.max = 67108864 (custom)
2025-05-14 02:53:37,675 [0e2e4ad1-578a-45fc-a8c2-41affcffb7b9-groupManagement] INFO  server.RaftServerConfigKeys (ConfUtils.java:logGet(46)) - raft.server.log.segment.cache.num.max = 2 (custom)
2025-05-14 02:53:37,676 [0e2e4ad1-578a-45fc-a8c2-41affcffb7b9-groupManagement] INFO  server.RaftServerConfigKeys (ConfUtils.java:logGet(46)) - raft.server.log.segment.cache.size.max = 200MB (=209715200) (default)
2025-05-14 02:53:37,676 [0e2e4ad1-578a-45fc-a8c2-41affcffb7b9-groupManagement] INFO  server.RaftServerConfigKeys (ConfUtils.java:logGet(46)) - raft.server.log.appender.buffer.byte-limit = 33554432 (custom)
2025-05-14 02:53:37,677 [0e2e4ad1-578a-45fc-a8c2-41affcffb7b9-groupManagement] INFO  util.AwaitToRun (AwaitToRun.java:start(81)) - Thread[#1235,0e2e4ad1-578a-45fc-a8c2-41affcffb7b9@group-EAA30EC3C5AA-cacheEviction-AwaitToRun,5,main] started
2025-05-14 02:53:37,677 [0e2e4ad1-578a-45fc-a8c2-41affcffb7b9-groupManagement] INFO  segmented.SegmentedRaftLogWorker (SegmentedRaftLogWorker.java:<init>(188)) - new 0e2e4ad1-578a-45fc-a8c2-41affcffb7b9@group-EAA30EC3C5AA-SegmentedRaftLogWorker for RaftStorageImpl:Storage Directory /home/runner/work/ozone/ozone/hadoop-ozone/integration-test/target/test-dir/MiniOzoneClusterImpl-af940217-b311-440f-8e09-352fdf66236b/ozone-meta/datanode-3/ratis/974e1e0d-edeb-4ad4-b1a3-eaa30ec3c5aa
2025-05-14 02:53:37,677 [0e2e4ad1-578a-45fc-a8c2-41affcffb7b9-groupManagement] INFO  server.RaftServerConfigKeys (ConfUtils.java:logGet(46)) - raft.server.log.queue.byte-limit = 4294967296 (custom)
2025-05-14 02:53:37,677 [0e2e4ad1-578a-45fc-a8c2-41affcffb7b9-groupManagement] INFO  server.RaftServerConfigKeys (ConfUtils.java:logGet(46)) - raft.server.log.queue.element-limit = 1024 (custom)
2025-05-14 02:53:37,677 [0e2e4ad1-578a-45fc-a8c2-41affcffb7b9-groupManagement] INFO  server.RaftServerConfigKeys (ConfUtils.java:logGet(46)) - raft.server.log.segment.size.max = 67108864 (custom)
2025-05-14 02:53:37,677 [0e2e4ad1-578a-45fc-a8c2-41affcffb7b9-groupManagement] INFO  server.RaftServerConfigKeys (ConfUtils.java:logGet(46)) - raft.server.log.preallocated.size = 4194304 (custom)
2025-05-14 02:53:37,677 [0e2e4ad1-578a-45fc-a8c2-41affcffb7b9-groupManagement] INFO  server.RaftServerConfigKeys (ConfUtils.java:logGet(46)) - raft.server.log.force.sync.num = 128 (default)
2025-05-14 02:53:37,677 [0e2e4ad1-578a-45fc-a8c2-41affcffb7b9-groupManagement] INFO  server.RaftServerConfigKeys (ConfUtils.java:logGet(46)) - raft.server.log.statemachine.data.sync = true (default)
2025-05-14 02:53:37,677 [0e2e4ad1-578a-45fc-a8c2-41affcffb7b9-groupManagement] INFO  server.RaftServerConfigKeys (ConfUtils.java:logGet(46)) - raft.server.log.statemachine.data.sync.timeout = 10s (default)
2025-05-14 02:53:37,678 [0e2e4ad1-578a-45fc-a8c2-41affcffb7b9-groupManagement] INFO  server.RaftServerConfigKeys (ConfUtils.java:logGet(46)) - raft.server.log.statemachine.data.sync.timeout.retry = 30 (custom)
2025-05-14 02:53:37,677 [1edfeee1-83e1-4d34-a92c-2e00b570784e@group-352FDF66236B-StateMachineUpdater] INFO  safemode.SCMSafeModeManager (SCMSafeModeManager.java:validateSafeModeExitRules(140)) - DataNodeSafeModeRule rule is successfully validated
2025-05-14 02:53:37,679 [1edfeee1-83e1-4d34-a92c-2e00b570784e@group-352FDF66236B-StateMachineUpdater] INFO  safemode.SCMSafeModeManager (SCMSafeModeManager.java:validateSafeModeExitRules(140)) - RatisContainerSafeModeRule rule is successfully validated
2025-05-14 02:53:37,679 [1edfeee1-83e1-4d34-a92c-2e00b570784e@group-352FDF66236B-StateMachineUpdater] INFO  safemode.HealthyPipelineSafeModeRule (HealthyPipelineSafeModeRule.java:initializeRule(173)) - Refreshed total pipeline count is 0, healthy pipeline threshold count is 1
2025-05-14 02:53:37,679 [1edfeee1-83e1-4d34-a92c-2e00b570784e@group-352FDF66236B-StateMachineUpdater] INFO  safemode.SCMSafeModeManager (SCMSafeModeManager.java:validateSafeModeExitRules(140)) - ECContainerSafeModeRule rule is successfully validated
2025-05-14 02:53:37,679 [1edfeee1-83e1-4d34-a92c-2e00b570784e@group-352FDF66236B-StateMachineUpdater] INFO  safemode.SCMSafeModeManager (SCMSafeModeManager.java:validateSafeModeExitRules(140)) - AtleastOneDatanodeReportedRule rule is successfully validated
2025-05-14 02:53:37,679 [0e2e4ad1-578a-45fc-a8c2-41affcffb7b9-groupManagement] INFO  server.RaftServerConfigKeys (ConfUtils.java:logGet(46)) - raft.server.log.write.buffer.size = 33554440 (custom)
2025-05-14 02:53:37,679 [EventQueue-PipelineReportForPipelineReportHandler] INFO  pipeline.PipelineReportHandler (PipelineReportHandler.java:processPipelineReport(134)) - Opened pipeline PipelineID=974e1e0d-edeb-4ad4-b1a3-eaa30ec3c5aa
2025-05-14 02:53:37,680 [EventQueue-OpenPipelineForHealthyPipelineSafeModeRule] INFO  safemode.SCMSafeModeManager (HealthyPipelineSafeModeRule.java:process(141)) - SCM in safe mode. Healthy pipelines reported count is 0, required healthy pipeline reported count is 1
2025-05-14 02:53:37,686 [0e2e4ad1-578a-45fc-a8c2-41affcffb7b9-groupManagement] INFO  server.RaftServerConfigKeys (ConfUtils.java:logGet(46)) - raft.server.log.appender.buffer.byte-limit = 33554432 (custom)
2025-05-14 02:53:37,686 [0e2e4ad1-578a-45fc-a8c2-41affcffb7b9-groupManagement] INFO  server.RaftServerConfigKeys (ConfUtils.java:logGet(46)) - raft.server.log.unsafe-flush.enabled = false (default)
2025-05-14 02:53:37,686 [0e2e4ad1-578a-45fc-a8c2-41affcffb7b9-groupManagement] INFO  server.RaftServerConfigKeys (ConfUtils.java:logGet(46)) - raft.server.log.async-flush.enabled = false (default)
2025-05-14 02:53:37,686 [0e2e4ad1-578a-45fc-a8c2-41affcffb7b9-groupManagement] INFO  server.RaftServerConfigKeys (ConfUtils.java:logGet(46)) - raft.server.log.statemachine.data.caching.enabled = true (custom)
2025-05-14 02:53:37,686 [0e2e4ad1-578a-45fc-a8c2-41affcffb7b9-groupManagement] INFO  segmented.SegmentedRaftLogWorker (SegmentedRaftLogWorker.java:lambda$new$0(139)) - 0e2e4ad1-578a-45fc-a8c2-41affcffb7b9@group-EAA30EC3C5AA-SegmentedRaftLogWorker: flushIndex: setUnconditionally 0 -> -1
2025-05-14 02:53:37,686 [0e2e4ad1-578a-45fc-a8c2-41affcffb7b9-groupManagement] INFO  segmented.SegmentedRaftLogWorker (SegmentedRaftLogWorker.java:lambda$new$0(139)) - 0e2e4ad1-578a-45fc-a8c2-41affcffb7b9@group-EAA30EC3C5AA-SegmentedRaftLogWorker: safeCacheEvictIndex: setUnconditionally 0 -> -1
2025-05-14 02:53:37,687 [0e2e4ad1-578a-45fc-a8c2-41affcffb7b9-groupManagement] INFO  server.RaftServer$Division (RaftServerImpl.java:start(391)) - 0e2e4ad1-578a-45fc-a8c2-41affcffb7b9@group-EAA30EC3C5AA: start as a follower, conf=conf: {index: -1, cur=peers:[0e2e4ad1-578a-45fc-a8c2-41affcffb7b9|127.0.0.1:15031]|listeners:[], old=null}
2025-05-14 02:53:37,687 [0e2e4ad1-578a-45fc-a8c2-41affcffb7b9-groupManagement] INFO  server.RaftServer$Division (RaftServerImpl.java:setRole(378)) - 0e2e4ad1-578a-45fc-a8c2-41affcffb7b9@group-EAA30EC3C5AA: changes role from      null to FOLLOWER at term 0 for startAsFollower
2025-05-14 02:53:37,687 [0e2e4ad1-578a-45fc-a8c2-41affcffb7b9-groupManagement] INFO  impl.RoleInfo (RoleInfo.java:updateAndGet(148)) - 0e2e4ad1-578a-45fc-a8c2-41affcffb7b9: start 0e2e4ad1-578a-45fc-a8c2-41affcffb7b9@group-EAA30EC3C5AA-FollowerState
2025-05-14 02:53:37,688 [0e2e4ad1-578a-45fc-a8c2-41affcffb7b9-groupManagement] INFO  util.JmxRegister (JmxRegister.java:tryRegister(44)) - Successfully registered JMX Bean with object name Ratis:service=RaftServer,group=group-EAA30EC3C5AA,id=0e2e4ad1-578a-45fc-a8c2-41affcffb7b9
2025-05-14 02:53:37,688 [0e2e4ad1-578a-45fc-a8c2-41affcffb7b9-groupManagement] INFO  util.JmxRegister (JmxRegister.java:register(58)) - register mxBean class org.apache.ratis.server.impl.RaftServerJmxAdapter as Ratis:service=RaftServer,group=group-EAA30EC3C5AA,id=0e2e4ad1-578a-45fc-a8c2-41affcffb7b9
2025-05-14 02:53:37,688 [0e2e4ad1-578a-45fc-a8c2-41affcffb7b9@group-EAA30EC3C5AA-FollowerState] INFO  server.RaftServerConfigKeys (ConfUtils.java:logGet(46)) - raft.server.rpc.first-election.timeout.min = 1000ms (custom)
2025-05-14 02:53:37,689 [0e2e4ad1-578a-45fc-a8c2-41affcffb7b9@group-EAA30EC3C5AA-FollowerState] INFO  server.RaftServerConfigKeys (ConfUtils.java:logGet(46)) - raft.server.rpc.first-election.timeout.max = 1200ms (custom)
2025-05-14 02:53:37,688 [0e2e4ad1-578a-45fc-a8c2-41affcffb7b9-groupManagement] INFO  server.RaftServerConfigKeys (ConfUtils.java:logGet(46)) - raft.server.snapshot.trigger-when-stop.enabled = true (default)
2025-05-14 02:53:37,689 [0e2e4ad1-578a-45fc-a8c2-41affcffb7b9-groupManagement] INFO  server.RaftServerConfigKeys (ConfUtils.java:logGet(46)) - raft.server.snapshot.trigger-when-remove.enabled = true (default)
2025-05-14 02:53:37,689 [0e2e4ad1-578a-45fc-a8c2-41affcffb7b9-groupManagement] INFO  server.RaftServerConfigKeys (ConfUtils.java:logGet(46)) - raft.server.snapshot.auto.trigger.enabled = true (custom)
2025-05-14 02:53:37,689 [0e2e4ad1-578a-45fc-a8c2-41affcffb7b9-groupManagement] INFO  server.RaftServerConfigKeys (ConfUtils.java:logGet(46)) - raft.server.snapshot.auto.trigger.threshold = 1 (custom)
2025-05-14 02:53:37,689 [0e2e4ad1-578a-45fc-a8c2-41affcffb7b9-groupManagement] INFO  server.RaftServerConfigKeys (ConfUtils.java:logGet(46)) - raft.server.snapshot.retention.file.num = 5 (custom)
2025-05-14 02:53:37,689 [0e2e4ad1-578a-45fc-a8c2-41affcffb7b9-groupManagement] INFO  server.RaftServerConfigKeys (ConfUtils.java:logGet(46)) - raft.server.log.purge.upto.snapshot.index = false (default)
2025-05-14 02:53:37,692 [EventQueue-PipelineReportForOneReplicaPipelineSafeModeRule] INFO  safemode.SCMSafeModeManager (SCMSafeModeManager.java:validateSafeModeExitRules(140)) - AtleastOneDatanodeReportedRule rule is successfully validated
2025-05-14 02:53:37,692 [EventQueue-PipelineReportForOneReplicaPipelineSafeModeRule] INFO  safemode.SCMSafeModeManager (SCMSafeModeManager.java:validateSafeModeExitRules(140)) - AtleastOneDatanodeReportedRule rule is successfully validated
2025-05-14 02:53:37,692 [EventQueue-OpenPipelineForHealthyPipelineSafeModeRule] INFO  safemode.SCMSafeModeManager (HealthyPipelineSafeModeRule.java:process(141)) - SCM in safe mode. Healthy pipelines reported count is 0, required healthy pipeline reported count is 1
2025-05-14 02:53:37,694 [0e2e4ad1-578a-45fc-a8c2-41affcffb7b9-groupManagement] INFO  server.RaftServer$Division (RaftServerImpl.java:start(405)) - 0e2e4ad1-578a-45fc-a8c2-41affcffb7b9@group-EAA30EC3C5AA: Successfully started.
2025-05-14 02:53:37,694 [0e2e4ad1-578a-45fc-a8c2-41affcffb7b9-PipelineCommandHandlerThread-0] INFO  ratis.XceiverServerRatis (XceiverServerRatis.java:addGroup(843)) - Created group PipelineID=974e1e0d-edeb-4ad4-b1a3-eaa30ec3c5aa
2025-05-14 02:53:37,695 [0e2e4ad1-578a-45fc-a8c2-41affcffb7b9-PipelineCommandHandlerThread-0] INFO  commandhandler.CreatePipelineCommandHandler (CreatePipelineCommandHandler.java:lambda$handle$2(128)) - Created Pipeline RATIS ONE PipelineID=974e1e0d-edeb-4ad4-b1a3-eaa30ec3c5aa.
2025-05-14 02:53:37,741 [EventQueue-PipelineReportForOneReplicaPipelineSafeModeRule] INFO  safemode.SCMSafeModeManager (SCMSafeModeManager.java:validateSafeModeExitRules(140)) - AtleastOneDatanodeReportedRule rule is successfully validated
2025-05-14 02:53:37,796 [EventQueue-PipelineReportForOneReplicaPipelineSafeModeRule] INFO  safemode.SCMSafeModeManager (SCMSafeModeManager.java:validateSafeModeExitRules(140)) - AtleastOneDatanodeReportedRule rule is successfully validated
2025-05-14 02:53:37,797 [EventQueue-OpenPipelineForHealthyPipelineSafeModeRule] INFO  safemode.SCMSafeModeManager (HealthyPipelineSafeModeRule.java:process(141)) - SCM in safe mode. Healthy pipelines reported count is 0, required healthy pipeline reported count is 1
2025-05-14 02:53:37,806 [EventQueue-PipelineReportForOneReplicaPipelineSafeModeRule] INFO  safemode.SCMSafeModeManager (SCMSafeModeManager.java:validateSafeModeExitRules(140)) - AtleastOneDatanodeReportedRule rule is successfully validated
2025-05-14 02:53:37,839 [EventQueue-PipelineReportForOneReplicaPipelineSafeModeRule] INFO  safemode.SCMSafeModeManager (SCMSafeModeManager.java:validateSafeModeExitRules(140)) - AtleastOneDatanodeReportedRule rule is successfully validated
2025-05-14 02:53:37,871 [EventQueue-PipelineReportForOneReplicaPipelineSafeModeRule] INFO  safemode.SCMSafeModeManager (SCMSafeModeManager.java:validateSafeModeExitRules(140)) - AtleastOneDatanodeReportedRule rule is successfully validated
2025-05-14 02:53:37,871 [EventQueue-OpenPipelineForHealthyPipelineSafeModeRule] INFO  safemode.SCMSafeModeManager (HealthyPipelineSafeModeRule.java:process(141)) - SCM in safe mode. Healthy pipelines reported count is 0, required healthy pipeline reported count is 1
2025-05-14 02:53:37,891 [EventQueue-PipelineReportForOneReplicaPipelineSafeModeRule] INFO  safemode.SCMSafeModeManager (SCMSafeModeManager.java:validateSafeModeExitRules(140)) - AtleastOneDatanodeReportedRule rule is successfully validated
2025-05-14 02:53:37,911 [d4e44fd7-0e23-4e4f-bc30-0c7965de497d-PipelineCommandHandlerThread-0] INFO  server.RaftServer (RaftServerProxy.java:addNew(100)) - d4e44fd7-0e23-4e4f-bc30-0c7965de497d: addNew group-C63ADC343BBB:[d4e44fd7-0e23-4e4f-bc30-0c7965de497d|127.0.0.1:15039] returns group-C63ADC343BBB:java.util.concurrent.CompletableFuture@733d4103[Not completed]
2025-05-14 02:53:37,911 [EventQueue-PipelineReportForOneReplicaPipelineSafeModeRule] INFO  safemode.SCMSafeModeManager (SCMSafeModeManager.java:validateSafeModeExitRules(140)) - AtleastOneDatanodeReportedRule rule is successfully validated
2025-05-14 02:53:37,912 [EventQueue-PipelineReportForOneReplicaPipelineSafeModeRule] INFO  safemode.SCMSafeModeManager (SCMSafeModeManager.java:validateSafeModeExitRules(140)) - AtleastOneDatanodeReportedRule rule is successfully validated
2025-05-14 02:53:37,912 [d4e44fd7-0e23-4e4f-bc30-0c7965de497d-groupManagement] INFO  server.RaftServer$Division (RaftServerImpl.java:<init>(255)) - d4e44fd7-0e23-4e4f-bc30-0c7965de497d: new RaftServerImpl for group-C63ADC343BBB:[d4e44fd7-0e23-4e4f-bc30-0c7965de497d|127.0.0.1:15039] with ContainerStateMachine:uninitialized
2025-05-14 02:53:37,912 [d4e44fd7-0e23-4e4f-bc30-0c7965de497d-groupManagement] INFO  server.RaftServerConfigKeys (ConfUtils.java:logGet(46)) - raft.server.rpc.timeout.min = 5s (custom)
2025-05-14 02:53:37,913 [d4e44fd7-0e23-4e4f-bc30-0c7965de497d-groupManagement] INFO  server.RaftServerConfigKeys (ConfUtils.java:logGet(46)) - raft.server.rpc.timeout.max = 5200ms (custom)
2025-05-14 02:53:37,913 [d4e44fd7-0e23-4e4f-bc30-0c7965de497d-groupManagement] INFO  server.RaftServerConfigKeys (ConfUtils.java:logGet(46)) - raft.server.rpc.sleep.time = 25ms (default)
2025-05-14 02:53:37,913 [d4e44fd7-0e23-4e4f-bc30-0c7965de497d-groupManagement] INFO  server.RaftServerConfigKeys (ConfUtils.java:logGet(46)) - raft.server.rpc.slowness.timeout = 300000ms (custom)
2025-05-14 02:53:37,913 [d4e44fd7-0e23-4e4f-bc30-0c7965de497d-groupManagement] INFO  server.RaftServerConfigKeys (ConfUtils.java:logGet(46)) - raft.server.leaderelection.leader.step-down.wait-time = 10s (default)
2025-05-14 02:53:37,913 [d4e44fd7-0e23-4e4f-bc30-0c7965de497d-groupManagement] INFO  server.RaftServerConfigKeys (ConfUtils.java:logGet(46)) - raft.server.leaderelection.member.majority-add = false (default)
2025-05-14 02:53:37,913 [d4e44fd7-0e23-4e4f-bc30-0c7965de497d-groupManagement] INFO  server.RaftServerConfigKeys (ConfUtils.java:logGet(46)) - raft.server.sleep.deviation.threshold = 300ms (default)
2025-05-14 02:53:37,913 [d4e44fd7-0e23-4e4f-bc30-0c7965de497d-groupManagement] INFO  server.RaftServer$Division (ServerState.java:<init>(114)) - d4e44fd7-0e23-4e4f-bc30-0c7965de497d@group-C63ADC343BBB: ConfigurationManager, init=conf: {index: -1, cur=peers:[d4e44fd7-0e23-4e4f-bc30-0c7965de497d|127.0.0.1:15039]|listeners:[], old=null}, confs=<EMPTY_MAP>
2025-05-14 02:53:37,913 [d4e44fd7-0e23-4e4f-bc30-0c7965de497d-groupManagement] INFO  server.RaftServerConfigKeys (ConfUtils.java:logGet(46)) - raft.server.notification.no-leader.timeout = 300000ms (custom)
2025-05-14 02:53:37,913 [d4e44fd7-0e23-4e4f-bc30-0c7965de497d-groupManagement] INFO  server.RaftServerConfigKeys (ConfUtils.java:logGet(46)) - raft.server.read.timeout = 10s (default)
2025-05-14 02:53:37,913 [d4e44fd7-0e23-4e4f-bc30-0c7965de497d-groupManagement] INFO  server.RaftServerConfigKeys (ConfUtils.java:logGet(46)) - raft.server.retrycache.expirytime = 600000ms (custom)
2025-05-14 02:53:37,913 [d4e44fd7-0e23-4e4f-bc30-0c7965de497d-groupManagement] INFO  server.RaftServerConfigKeys (ConfUtils.java:logGet(46)) - raft.server.retrycache.statistics.expirytime = 100ms (default)
2025-05-14 02:53:37,913 [d4e44fd7-0e23-4e4f-bc30-0c7965de497d-groupManagement] INFO  server.RaftServerConfigKeys (ConfUtils.java:logGet(46)) - raft.server.read.option = DEFAULT (default)
2025-05-14 02:53:37,913 [d4e44fd7-0e23-4e4f-bc30-0c7965de497d-groupManagement] INFO  server.RaftServerConfigKeys (ConfUtils.java:logGet(46)) - raft.server.read.read-after-write-consistent.write-index-cache.expiry-time = 60s (default)
2025-05-14 02:53:37,921 [d4e44fd7-0e23-4e4f-bc30-0c7965de497d-groupManagement] INFO  server.RaftServerConfigKeys (ConfUtils.java:logGet(46)) - raft.server.rpc.request.timeout = 3000ms (default)
2025-05-14 02:53:37,921 [d4e44fd7-0e23-4e4f-bc30-0c7965de497d-groupManagement] INFO  server.RaftServerConfigKeys (ConfUtils.java:logGet(46)) - raft.server.log.appender.install.snapshot.enabled = false (custom)
2025-05-14 02:53:37,921 [d4e44fd7-0e23-4e4f-bc30-0c7965de497d-groupManagement] INFO  server.RaftServerConfigKeys (ConfUtils.java:logGet(46)) - raft.server.threadpool.server.cached = true (default)
2025-05-14 02:53:37,921 [d4e44fd7-0e23-4e4f-bc30-0c7965de497d-groupManagement] INFO  server.RaftServerConfigKeys (ConfUtils.java:logGet(46)) - raft.server.threadpool.server.size = 0 (default)
2025-05-14 02:53:37,922 [d4e44fd7-0e23-4e4f-bc30-0c7965de497d-groupManagement] INFO  server.RaftServerConfigKeys (ConfUtils.java:logGet(46)) - raft.server.threadpool.client.cached = true (default)
2025-05-14 02:53:37,922 [d4e44fd7-0e23-4e4f-bc30-0c7965de497d-groupManagement] INFO  server.RaftServerConfigKeys (ConfUtils.java:logGet(46)) - raft.server.threadpool.client.size = 0 (default)
2025-05-14 02:53:37,922 [d4e44fd7-0e23-4e4f-bc30-0c7965de497d-groupManagement] INFO  server.RaftServerConfigKeys (ConfUtils.java:logGet(46)) - raft.server.storage.free-space.min = 0MB (=0) (default)
2025-05-14 02:53:37,922 [d4e44fd7-0e23-4e4f-bc30-0c7965de497d-groupManagement] INFO  server.RaftServerConfigKeys (ConfUtils.java:logGet(46)) - raft.server.log.corruption.policy = EXCEPTION (default)
2025-05-14 02:53:37,922 [d4e44fd7-0e23-4e4f-bc30-0c7965de497d-groupManagement] INFO  server.RaftServerConfigKeys (ConfUtils.java:logGet(46)) - raft.server.storage.dir = [/home/runner/work/ozone/ozone/hadoop-ozone/integration-test/target/test-dir/MiniOzoneClusterImpl-af940217-b311-440f-8e09-352fdf66236b/ozone-meta/datanode-4/ratis] (custom)
2025-05-14 02:53:37,922 [d4e44fd7-0e23-4e4f-bc30-0c7965de497d-groupManagement] INFO  storage.RaftStorageDirectory (RaftStorageDirectoryImpl.java:analyzeStorage(138)) - The storage directory /home/runner/work/ozone/ozone/hadoop-ozone/integration-test/target/test-dir/MiniOzoneClusterImpl-af940217-b311-440f-8e09-352fdf66236b/ozone-meta/datanode-4/ratis/94249d9e-b8d5-40dd-b746-c63adc343bbb does not exist. Creating ...
2025-05-14 02:53:37,924 [d4e44fd7-0e23-4e4f-bc30-0c7965de497d-groupManagement] INFO  storage.RaftStorageDirectory (RaftStorageDirectoryImpl.java:tryLock(229)) - Lock on /home/runner/work/ozone/ozone/hadoop-ozone/integration-test/target/test-dir/MiniOzoneClusterImpl-af940217-b311-440f-8e09-352fdf66236b/ozone-meta/datanode-4/ratis/94249d9e-b8d5-40dd-b746-c63adc343bbb/in_use.lock acquired by nodename 34763@localhost
2025-05-14 02:53:37,925 [d4e44fd7-0e23-4e4f-bc30-0c7965de497d-groupManagement] INFO  storage.RaftStorage (RaftStorageImpl.java:format(98)) - Storage directory /home/runner/work/ozone/ozone/hadoop-ozone/integration-test/target/test-dir/MiniOzoneClusterImpl-af940217-b311-440f-8e09-352fdf66236b/ozone-meta/datanode-4/ratis/94249d9e-b8d5-40dd-b746-c63adc343bbb has been successfully formatted.
2025-05-14 02:53:37,926 [d4e44fd7-0e23-4e4f-bc30-0c7965de497d-groupManagement] INFO  ratis.ContainerStateMachine (ContainerStateMachine.java:initialize(339)) - d4e44fd7-0e23-4e4f-bc30-0c7965de497d: initialize group-C63ADC343BBB
2025-05-14 02:53:37,926 [d4e44fd7-0e23-4e4f-bc30-0c7965de497d-groupManagement] INFO  ratis.ContainerStateMachine (ContainerStateMachine.java:loadSnapshot(347)) - group-C63ADC343BBB: The snapshot info is null. Setting the last applied index to:(t:0, i:~)
2025-05-14 02:53:37,926 [d4e44fd7-0e23-4e4f-bc30-0c7965de497d-groupManagement] INFO  server.RaftServerConfigKeys (ConfUtils.java:logGet(46)) - raft.server.log.use.memory = false (default)
2025-05-14 02:53:37,926 [d4e44fd7-0e23-4e4f-bc30-0c7965de497d-groupManagement] INFO  server.RaftServerConfigKeys (ConfUtils.java:logGet(46)) - raft.server.log.purge.gap = 1000000 (custom)
2025-05-14 02:53:37,926 [d4e44fd7-0e23-4e4f-bc30-0c7965de497d-groupManagement] INFO  server.RaftServerConfigKeys (ConfUtils.java:logGet(46)) - raft.server.log.appender.buffer.byte-limit = 33554432 (custom)
2025-05-14 02:53:37,926 [d4e44fd7-0e23-4e4f-bc30-0c7965de497d-groupManagement] INFO  server.RaftServerConfigKeys (ConfUtils.java:logGet(46)) - raft.server.log.statemachine.data.read.timeout = 1000ms (default)
2025-05-14 02:53:37,926 [d4e44fd7-0e23-4e4f-bc30-0c7965de497d-groupManagement] INFO  server.RaftServerConfigKeys (ConfUtils.java:logGet(46)) - raft.server.log.purge.preservation.log.num = 0 (default)
2025-05-14 02:53:37,927 [EventQueue-PipelineReportForOneReplicaPipelineSafeModeRule] INFO  safemode.SCMSafeModeManager (SCMSafeModeManager.java:validateSafeModeExitRules(140)) - AtleastOneDatanodeReportedRule rule is successfully validated
2025-05-14 02:53:37,930 [1edfeee1-83e1-4d34-a92c-2e00b570784e@group-352FDF66236B-StateMachineUpdater] INFO  safemode.SCMSafeModeManager (SCMSafeModeManager.java:validateSafeModeExitRules(140)) - DataNodeSafeModeRule rule is successfully validated
2025-05-14 02:53:37,930 [1edfeee1-83e1-4d34-a92c-2e00b570784e@group-352FDF66236B-StateMachineUpdater] INFO  safemode.SCMSafeModeManager (SCMSafeModeManager.java:validateSafeModeExitRules(140)) - RatisContainerSafeModeRule rule is successfully validated
2025-05-14 02:53:37,930 [1edfeee1-83e1-4d34-a92c-2e00b570784e@group-352FDF66236B-StateMachineUpdater] INFO  safemode.HealthyPipelineSafeModeRule (HealthyPipelineSafeModeRule.java:initializeRule(173)) - Refreshed total pipeline count is 0, healthy pipeline threshold count is 1
2025-05-14 02:53:37,930 [1edfeee1-83e1-4d34-a92c-2e00b570784e@group-352FDF66236B-StateMachineUpdater] INFO  safemode.SCMSafeModeManager (SCMSafeModeManager.java:validateSafeModeExitRules(140)) - ECContainerSafeModeRule rule is successfully validated
2025-05-14 02:53:37,930 [1edfeee1-83e1-4d34-a92c-2e00b570784e@group-352FDF66236B-StateMachineUpdater] INFO  safemode.SCMSafeModeManager (SCMSafeModeManager.java:validateSafeModeExitRules(140)) - AtleastOneDatanodeReportedRule rule is successfully validated
2025-05-14 02:53:37,931 [EventQueue-PipelineReportForPipelineReportHandler] INFO  pipeline.PipelineReportHandler (PipelineReportHandler.java:processPipelineReport(134)) - Opened pipeline PipelineID=94249d9e-b8d5-40dd-b746-c63adc343bbb
2025-05-14 02:53:37,931 [d4e44fd7-0e23-4e4f-bc30-0c7965de497d-groupManagement] INFO  server.RaftServerConfigKeys (ConfUtils.java:logGet(46)) - raft.server.log.segment.size.max = 67108864 (custom)
2025-05-14 02:53:37,931 [EventQueue-OpenPipelineForHealthyPipelineSafeModeRule] INFO  safemode.SCMSafeModeManager (HealthyPipelineSafeModeRule.java:process(141)) - SCM in safe mode. Healthy pipelines reported count is 0, required healthy pipeline reported count is 1
2025-05-14 02:53:37,932 [d4e44fd7-0e23-4e4f-bc30-0c7965de497d-groupManagement] INFO  server.RaftServerConfigKeys (ConfUtils.java:logGet(46)) - raft.server.log.segment.cache.num.max = 2 (custom)
2025-05-14 02:53:37,932 [d4e44fd7-0e23-4e4f-bc30-0c7965de497d-groupManagement] INFO  server.RaftServerConfigKeys (ConfUtils.java:logGet(46)) - raft.server.log.segment.cache.size.max = 200MB (=209715200) (default)
2025-05-14 02:53:37,932 [d4e44fd7-0e23-4e4f-bc30-0c7965de497d-groupManagement] INFO  server.RaftServerConfigKeys (ConfUtils.java:logGet(46)) - raft.server.log.appender.buffer.byte-limit = 33554432 (custom)
2025-05-14 02:53:37,933 [d4e44fd7-0e23-4e4f-bc30-0c7965de497d-groupManagement] INFO  util.AwaitToRun (AwaitToRun.java:start(81)) - Thread[#1241,d4e44fd7-0e23-4e4f-bc30-0c7965de497d@group-C63ADC343BBB-cacheEviction-AwaitToRun,5,main] started
2025-05-14 02:53:37,933 [d4e44fd7-0e23-4e4f-bc30-0c7965de497d-groupManagement] INFO  segmented.SegmentedRaftLogWorker (SegmentedRaftLogWorker.java:<init>(188)) - new d4e44fd7-0e23-4e4f-bc30-0c7965de497d@group-C63ADC343BBB-SegmentedRaftLogWorker for RaftStorageImpl:Storage Directory /home/runner/work/ozone/ozone/hadoop-ozone/integration-test/target/test-dir/MiniOzoneClusterImpl-af940217-b311-440f-8e09-352fdf66236b/ozone-meta/datanode-4/ratis/94249d9e-b8d5-40dd-b746-c63adc343bbb
2025-05-14 02:53:37,933 [d4e44fd7-0e23-4e4f-bc30-0c7965de497d-groupManagement] INFO  server.RaftServerConfigKeys (ConfUtils.java:logGet(46)) - raft.server.log.queue.byte-limit = 4294967296 (custom)
2025-05-14 02:53:37,933 [d4e44fd7-0e23-4e4f-bc30-0c7965de497d-groupManagement] INFO  server.RaftServerConfigKeys (ConfUtils.java:logGet(46)) - raft.server.log.queue.element-limit = 1024 (custom)
2025-05-14 02:53:37,933 [d4e44fd7-0e23-4e4f-bc30-0c7965de497d-groupManagement] INFO  server.RaftServerConfigKeys (ConfUtils.java:logGet(46)) - raft.server.log.segment.size.max = 67108864 (custom)
2025-05-14 02:53:37,933 [d4e44fd7-0e23-4e4f-bc30-0c7965de497d-groupManagement] INFO  server.RaftServerConfigKeys (ConfUtils.java:logGet(46)) - raft.server.log.preallocated.size = 4194304 (custom)
2025-05-14 02:53:37,933 [d4e44fd7-0e23-4e4f-bc30-0c7965de497d-groupManagement] INFO  server.RaftServerConfigKeys (ConfUtils.java:logGet(46)) - raft.server.log.force.sync.num = 128 (default)
2025-05-14 02:53:37,933 [d4e44fd7-0e23-4e4f-bc30-0c7965de497d-groupManagement] INFO  server.RaftServerConfigKeys (ConfUtils.java:logGet(46)) - raft.server.log.statemachine.data.sync = true (default)
2025-05-14 02:53:37,934 [d4e44fd7-0e23-4e4f-bc30-0c7965de497d-groupManagement] INFO  server.RaftServerConfigKeys (ConfUtils.java:logGet(46)) - raft.server.log.statemachine.data.sync.timeout = 10s (default)
2025-05-14 02:53:37,934 [d4e44fd7-0e23-4e4f-bc30-0c7965de497d-groupManagement] INFO  server.RaftServerConfigKeys (ConfUtils.java:logGet(46)) - raft.server.log.statemachine.data.sync.timeout.retry = 30 (custom)
2025-05-14 02:53:37,934 [d4e44fd7-0e23-4e4f-bc30-0c7965de497d-groupManagement] INFO  server.RaftServerConfigKeys (ConfUtils.java:logGet(46)) - raft.server.log.write.buffer.size = 33554440 (custom)
2025-05-14 02:53:37,941 [d4e44fd7-0e23-4e4f-bc30-0c7965de497d-groupManagement] INFO  server.RaftServerConfigKeys (ConfUtils.java:logGet(46)) - raft.server.log.appender.buffer.byte-limit = 33554432 (custom)
2025-05-14 02:53:37,941 [d4e44fd7-0e23-4e4f-bc30-0c7965de497d-groupManagement] INFO  server.RaftServerConfigKeys (ConfUtils.java:logGet(46)) - raft.server.log.unsafe-flush.enabled = false (default)
2025-05-14 02:53:37,941 [d4e44fd7-0e23-4e4f-bc30-0c7965de497d-groupManagement] INFO  server.RaftServerConfigKeys (ConfUtils.java:logGet(46)) - raft.server.log.async-flush.enabled = false (default)
2025-05-14 02:53:37,941 [d4e44fd7-0e23-4e4f-bc30-0c7965de497d-groupManagement] INFO  server.RaftServerConfigKeys (ConfUtils.java:logGet(46)) - raft.server.log.statemachine.data.caching.enabled = true (custom)
2025-05-14 02:53:37,941 [d4e44fd7-0e23-4e4f-bc30-0c7965de497d-groupManagement] INFO  segmented.SegmentedRaftLogWorker (SegmentedRaftLogWorker.java:lambda$new$0(139)) - d4e44fd7-0e23-4e4f-bc30-0c7965de497d@group-C63ADC343BBB-SegmentedRaftLogWorker: flushIndex: setUnconditionally 0 -> -1
2025-05-14 02:53:37,941 [d4e44fd7-0e23-4e4f-bc30-0c7965de497d-groupManagement] INFO  segmented.SegmentedRaftLogWorker (SegmentedRaftLogWorker.java:lambda$new$0(139)) - d4e44fd7-0e23-4e4f-bc30-0c7965de497d@group-C63ADC343BBB-SegmentedRaftLogWorker: safeCacheEvictIndex: setUnconditionally 0 -> -1
2025-05-14 02:53:37,942 [d4e44fd7-0e23-4e4f-bc30-0c7965de497d-groupManagement] INFO  server.RaftServer$Division (RaftServerImpl.java:start(391)) - d4e44fd7-0e23-4e4f-bc30-0c7965de497d@group-C63ADC343BBB: start as a follower, conf=conf: {index: -1, cur=peers:[d4e44fd7-0e23-4e4f-bc30-0c7965de497d|127.0.0.1:15039]|listeners:[], old=null}
2025-05-14 02:53:37,942 [d4e44fd7-0e23-4e4f-bc30-0c7965de497d-groupManagement] INFO  server.RaftServer$Division (RaftServerImpl.java:setRole(378)) - d4e44fd7-0e23-4e4f-bc30-0c7965de497d@group-C63ADC343BBB: changes role from      null to FOLLOWER at term 0 for startAsFollower
2025-05-14 02:53:37,942 [d4e44fd7-0e23-4e4f-bc30-0c7965de497d-groupManagement] INFO  impl.RoleInfo (RoleInfo.java:updateAndGet(148)) - d4e44fd7-0e23-4e4f-bc30-0c7965de497d: start d4e44fd7-0e23-4e4f-bc30-0c7965de497d@group-C63ADC343BBB-FollowerState
2025-05-14 02:53:37,943 [d4e44fd7-0e23-4e4f-bc30-0c7965de497d@group-C63ADC343BBB-FollowerState] INFO  server.RaftServerConfigKeys (ConfUtils.java:logGet(46)) - raft.server.rpc.first-election.timeout.min = 1000ms (custom)
2025-05-14 02:53:37,943 [d4e44fd7-0e23-4e4f-bc30-0c7965de497d@group-C63ADC343BBB-FollowerState] INFO  server.RaftServerConfigKeys (ConfUtils.java:logGet(46)) - raft.server.rpc.first-election.timeout.max = 1200ms (custom)
2025-05-14 02:53:37,943 [d4e44fd7-0e23-4e4f-bc30-0c7965de497d-groupManagement] INFO  util.JmxRegister (JmxRegister.java:tryRegister(44)) - Successfully registered JMX Bean with object name Ratis:service=RaftServer,group=group-C63ADC343BBB,id=d4e44fd7-0e23-4e4f-bc30-0c7965de497d
2025-05-14 02:53:37,943 [d4e44fd7-0e23-4e4f-bc30-0c7965de497d-groupManagement] INFO  util.JmxRegister (JmxRegister.java:register(58)) - register mxBean class org.apache.ratis.server.impl.RaftServerJmxAdapter as Ratis:service=RaftServer,group=group-C63ADC343BBB,id=d4e44fd7-0e23-4e4f-bc30-0c7965de497d
2025-05-14 02:53:37,943 [d4e44fd7-0e23-4e4f-bc30-0c7965de497d-groupManagement] INFO  server.RaftServerConfigKeys (ConfUtils.java:logGet(46)) - raft.server.snapshot.trigger-when-stop.enabled = true (default)
2025-05-14 02:53:37,943 [d4e44fd7-0e23-4e4f-bc30-0c7965de497d-groupManagement] INFO  server.RaftServerConfigKeys (ConfUtils.java:logGet(46)) - raft.server.snapshot.trigger-when-remove.enabled = true (default)
2025-05-14 02:53:37,943 [d4e44fd7-0e23-4e4f-bc30-0c7965de497d-groupManagement] INFO  server.RaftServerConfigKeys (ConfUtils.java:logGet(46)) - raft.server.snapshot.auto.trigger.enabled = true (custom)
2025-05-14 02:53:37,943 [d4e44fd7-0e23-4e4f-bc30-0c7965de497d-groupManagement] INFO  server.RaftServerConfigKeys (ConfUtils.java:logGet(46)) - raft.server.snapshot.auto.trigger.threshold = 1 (custom)
2025-05-14 02:53:37,943 [d4e44fd7-0e23-4e4f-bc30-0c7965de497d-groupManagement] INFO  server.RaftServerConfigKeys (ConfUtils.java:logGet(46)) - raft.server.snapshot.retention.file.num = 5 (custom)
2025-05-14 02:53:37,943 [d4e44fd7-0e23-4e4f-bc30-0c7965de497d-groupManagement] INFO  server.RaftServerConfigKeys (ConfUtils.java:logGet(46)) - raft.server.log.purge.upto.snapshot.index = false (default)
2025-05-14 02:53:37,944 [EventQueue-PipelineReportForOneReplicaPipelineSafeModeRule] INFO  safemode.SCMSafeModeManager (SCMSafeModeManager.java:validateSafeModeExitRules(140)) - AtleastOneDatanodeReportedRule rule is successfully validated
2025-05-14 02:53:37,945 [d4e44fd7-0e23-4e4f-bc30-0c7965de497d-groupManagement] INFO  server.RaftServer$Division (RaftServerImpl.java:start(405)) - d4e44fd7-0e23-4e4f-bc30-0c7965de497d@group-C63ADC343BBB: Successfully started.
2025-05-14 02:53:37,945 [d4e44fd7-0e23-4e4f-bc30-0c7965de497d-PipelineCommandHandlerThread-0] INFO  ratis.XceiverServerRatis (XceiverServerRatis.java:addGroup(843)) - Created group PipelineID=94249d9e-b8d5-40dd-b746-c63adc343bbb
2025-05-14 02:53:37,945 [d4e44fd7-0e23-4e4f-bc30-0c7965de497d-PipelineCommandHandlerThread-0] INFO  commandhandler.CreatePipelineCommandHandler (CreatePipelineCommandHandler.java:lambda$handle$2(128)) - Created Pipeline RATIS ONE PipelineID=94249d9e-b8d5-40dd-b746-c63adc343bbb.
2025-05-14 02:53:37,945 [d4e44fd7-0e23-4e4f-bc30-0c7965de497d-PipelineCommandHandlerThread-0] INFO  server.RaftServer (RaftServerProxy.java:addNew(100)) - d4e44fd7-0e23-4e4f-bc30-0c7965de497d: addNew group-DC6000F9F072:[d4e44fd7-0e23-4e4f-bc30-0c7965de497d|127.0.0.1:15039, e44b5a69-92f9-40f4-85c9-712e1c637b62|127.0.0.1:15047, c77e66e9-1cca-4fd3-bc5b-4ea2dbc3232f|127.0.0.1:15055] returns group-DC6000F9F072:java.util.concurrent.CompletableFuture@726d3c86[Not completed]
2025-05-14 02:53:37,947 [d4e44fd7-0e23-4e4f-bc30-0c7965de497d-groupManagement] INFO  server.RaftServer$Division (RaftServerImpl.java:<init>(255)) - d4e44fd7-0e23-4e4f-bc30-0c7965de497d: new RaftServerImpl for group-DC6000F9F072:[d4e44fd7-0e23-4e4f-bc30-0c7965de497d|127.0.0.1:15039, e44b5a69-92f9-40f4-85c9-712e1c637b62|127.0.0.1:15047, c77e66e9-1cca-4fd3-bc5b-4ea2dbc3232f|127.0.0.1:15055] with ContainerStateMachine:uninitialized
2025-05-14 02:53:37,947 [d4e44fd7-0e23-4e4f-bc30-0c7965de497d-groupManagement] INFO  server.RaftServerConfigKeys (ConfUtils.java:logGet(46)) - raft.server.rpc.timeout.min = 5s (custom)
2025-05-14 02:53:37,947 [d4e44fd7-0e23-4e4f-bc30-0c7965de497d-groupManagement] INFO  server.RaftServerConfigKeys (ConfUtils.java:logGet(46)) - raft.server.rpc.timeout.max = 5200ms (custom)
2025-05-14 02:53:37,947 [d4e44fd7-0e23-4e4f-bc30-0c7965de497d-groupManagement] INFO  server.RaftServerConfigKeys (ConfUtils.java:logGet(46)) - raft.server.rpc.sleep.time = 25ms (default)
2025-05-14 02:53:37,947 [d4e44fd7-0e23-4e4f-bc30-0c7965de497d-groupManagement] INFO  server.RaftServerConfigKeys (ConfUtils.java:logGet(46)) - raft.server.rpc.slowness.timeout = 300000ms (custom)
2025-05-14 02:53:37,947 [d4e44fd7-0e23-4e4f-bc30-0c7965de497d-groupManagement] INFO  server.RaftServerConfigKeys (ConfUtils.java:logGet(46)) - raft.server.leaderelection.leader.step-down.wait-time = 10s (default)
2025-05-14 02:53:37,947 [d4e44fd7-0e23-4e4f-bc30-0c7965de497d-groupManagement] INFO  server.RaftServerConfigKeys (ConfUtils.java:logGet(46)) - raft.server.leaderelection.member.majority-add = false (default)
2025-05-14 02:53:37,947 [d4e44fd7-0e23-4e4f-bc30-0c7965de497d-groupManagement] INFO  server.RaftServerConfigKeys (ConfUtils.java:logGet(46)) - raft.server.sleep.deviation.threshold = 300ms (default)
2025-05-14 02:53:37,949 [d4e44fd7-0e23-4e4f-bc30-0c7965de497d-groupManagement] INFO  server.RaftServer$Division (ServerState.java:<init>(114)) - d4e44fd7-0e23-4e4f-bc30-0c7965de497d@group-DC6000F9F072: ConfigurationManager, init=conf: {index: -1, cur=peers:[d4e44fd7-0e23-4e4f-bc30-0c7965de497d|127.0.0.1:15039, e44b5a69-92f9-40f4-85c9-712e1c637b62|127.0.0.1:15047, c77e66e9-1cca-4fd3-bc5b-4ea2dbc3232f|127.0.0.1:15055]|listeners:[], old=null}, confs=<EMPTY_MAP>
2025-05-14 02:53:37,949 [d4e44fd7-0e23-4e4f-bc30-0c7965de497d-groupManagement] INFO  server.RaftServerConfigKeys (ConfUtils.java:logGet(46)) - raft.server.notification.no-leader.timeout = 300000ms (custom)
2025-05-14 02:53:37,949 [d4e44fd7-0e23-4e4f-bc30-0c7965de497d-groupManagement] INFO  server.RaftServerConfigKeys (ConfUtils.java:logGet(46)) - raft.server.read.timeout = 10s (default)
2025-05-14 02:53:37,949 [d4e44fd7-0e23-4e4f-bc30-0c7965de497d-groupManagement] INFO  server.RaftServerConfigKeys (ConfUtils.java:logGet(46)) - raft.server.retrycache.expirytime = 600000ms (custom)
2025-05-14 02:53:37,949 [d4e44fd7-0e23-4e4f-bc30-0c7965de497d-groupManagement] INFO  server.RaftServerConfigKeys (ConfUtils.java:logGet(46)) - raft.server.retrycache.statistics.expirytime = 100ms (default)
2025-05-14 02:53:37,949 [d4e44fd7-0e23-4e4f-bc30-0c7965de497d-groupManagement] INFO  server.RaftServerConfigKeys (ConfUtils.java:logGet(46)) - raft.server.read.option = DEFAULT (default)
2025-05-14 02:53:37,949 [d4e44fd7-0e23-4e4f-bc30-0c7965de497d-groupManagement] INFO  server.RaftServerConfigKeys (ConfUtils.java:logGet(46)) - raft.server.read.read-after-write-consistent.write-index-cache.expiry-time = 60s (default)
2025-05-14 02:53:37,957 [d4e44fd7-0e23-4e4f-bc30-0c7965de497d-groupManagement] INFO  server.RaftServerConfigKeys (ConfUtils.java:logGet(46)) - raft.server.rpc.request.timeout = 3000ms (default)
2025-05-14 02:53:37,957 [d4e44fd7-0e23-4e4f-bc30-0c7965de497d-groupManagement] INFO  server.RaftServerConfigKeys (ConfUtils.java:logGet(46)) - raft.server.log.appender.install.snapshot.enabled = false (custom)
2025-05-14 02:53:37,957 [d4e44fd7-0e23-4e4f-bc30-0c7965de497d-groupManagement] INFO  server.RaftServerConfigKeys (ConfUtils.java:logGet(46)) - raft.server.threadpool.server.cached = true (default)
2025-05-14 02:53:37,957 [d4e44fd7-0e23-4e4f-bc30-0c7965de497d-groupManagement] INFO  server.RaftServerConfigKeys (ConfUtils.java:logGet(46)) - raft.server.threadpool.server.size = 0 (default)
2025-05-14 02:53:37,957 [d4e44fd7-0e23-4e4f-bc30-0c7965de497d-groupManagement] INFO  server.RaftServerConfigKeys (ConfUtils.java:logGet(46)) - raft.server.threadpool.client.cached = true (default)
2025-05-14 02:53:37,957 [d4e44fd7-0e23-4e4f-bc30-0c7965de497d-groupManagement] INFO  server.RaftServerConfigKeys (ConfUtils.java:logGet(46)) - raft.server.threadpool.client.size = 0 (default)
2025-05-14 02:53:37,957 [d4e44fd7-0e23-4e4f-bc30-0c7965de497d-groupManagement] INFO  server.RaftServerConfigKeys (ConfUtils.java:logGet(46)) - raft.server.storage.free-space.min = 0MB (=0) (default)
2025-05-14 02:53:37,957 [d4e44fd7-0e23-4e4f-bc30-0c7965de497d-groupManagement] INFO  server.RaftServerConfigKeys (ConfUtils.java:logGet(46)) - raft.server.log.corruption.policy = EXCEPTION (default)
2025-05-14 02:53:37,957 [d4e44fd7-0e23-4e4f-bc30-0c7965de497d-groupManagement] INFO  server.RaftServerConfigKeys (ConfUtils.java:logGet(46)) - raft.server.storage.dir = [/home/runner/work/ozone/ozone/hadoop-ozone/integration-test/target/test-dir/MiniOzoneClusterImpl-af940217-b311-440f-8e09-352fdf66236b/ozone-meta/datanode-4/ratis] (custom)
2025-05-14 02:53:37,958 [d4e44fd7-0e23-4e4f-bc30-0c7965de497d-groupManagement] INFO  storage.RaftStorageDirectory (RaftStorageDirectoryImpl.java:analyzeStorage(138)) - The storage directory /home/runner/work/ozone/ozone/hadoop-ozone/integration-test/target/test-dir/MiniOzoneClusterImpl-af940217-b311-440f-8e09-352fdf66236b/ozone-meta/datanode-4/ratis/022d5f31-dc68-4e3a-bbba-dc6000f9f072 does not exist. Creating ...
2025-05-14 02:53:37,959 [d4e44fd7-0e23-4e4f-bc30-0c7965de497d-groupManagement] INFO  storage.RaftStorageDirectory (RaftStorageDirectoryImpl.java:tryLock(229)) - Lock on /home/runner/work/ozone/ozone/hadoop-ozone/integration-test/target/test-dir/MiniOzoneClusterImpl-af940217-b311-440f-8e09-352fdf66236b/ozone-meta/datanode-4/ratis/022d5f31-dc68-4e3a-bbba-dc6000f9f072/in_use.lock acquired by nodename 34763@localhost
2025-05-14 02:53:37,960 [d4e44fd7-0e23-4e4f-bc30-0c7965de497d-groupManagement] INFO  storage.RaftStorage (RaftStorageImpl.java:format(98)) - Storage directory /home/runner/work/ozone/ozone/hadoop-ozone/integration-test/target/test-dir/MiniOzoneClusterImpl-af940217-b311-440f-8e09-352fdf66236b/ozone-meta/datanode-4/ratis/022d5f31-dc68-4e3a-bbba-dc6000f9f072 has been successfully formatted.
2025-05-14 02:53:37,960 [d4e44fd7-0e23-4e4f-bc30-0c7965de497d-groupManagement] INFO  ratis.ContainerStateMachine (ContainerStateMachine.java:initialize(339)) - d4e44fd7-0e23-4e4f-bc30-0c7965de497d: initialize group-DC6000F9F072
2025-05-14 02:53:37,961 [d4e44fd7-0e23-4e4f-bc30-0c7965de497d-groupManagement] INFO  ratis.ContainerStateMachine (ContainerStateMachine.java:loadSnapshot(347)) - group-DC6000F9F072: The snapshot info is null. Setting the last applied index to:(t:0, i:~)
2025-05-14 02:53:37,961 [d4e44fd7-0e23-4e4f-bc30-0c7965de497d-groupManagement] INFO  server.RaftServerConfigKeys (ConfUtils.java:logGet(46)) - raft.server.log.use.memory = false (default)
2025-05-14 02:53:37,961 [d4e44fd7-0e23-4e4f-bc30-0c7965de497d-groupManagement] INFO  server.RaftServerConfigKeys (ConfUtils.java:logGet(46)) - raft.server.log.purge.gap = 1000000 (custom)
2025-05-14 02:53:37,961 [d4e44fd7-0e23-4e4f-bc30-0c7965de497d-groupManagement] INFO  server.RaftServerConfigKeys (ConfUtils.java:logGet(46)) - raft.server.log.appender.buffer.byte-limit = 33554432 (custom)
2025-05-14 02:53:37,961 [d4e44fd7-0e23-4e4f-bc30-0c7965de497d-groupManagement] INFO  server.RaftServerConfigKeys (ConfUtils.java:logGet(46)) - raft.server.log.statemachine.data.read.timeout = 1000ms (default)
2025-05-14 02:53:37,961 [d4e44fd7-0e23-4e4f-bc30-0c7965de497d-groupManagement] INFO  server.RaftServerConfigKeys (ConfUtils.java:logGet(46)) - raft.server.log.purge.preservation.log.num = 0 (default)
2025-05-14 02:53:37,962 [EventQueue-OpenPipelineForHealthyPipelineSafeModeRule] INFO  safemode.SCMSafeModeManager (HealthyPipelineSafeModeRule.java:process(141)) - SCM in safe mode. Healthy pipelines reported count is 0, required healthy pipeline reported count is 1
2025-05-14 02:53:37,962 [EventQueue-PipelineReportForOneReplicaPipelineSafeModeRule] INFO  safemode.SCMSafeModeManager (SCMSafeModeManager.java:validateSafeModeExitRules(140)) - AtleastOneDatanodeReportedRule rule is successfully validated
2025-05-14 02:53:37,964 [d4e44fd7-0e23-4e4f-bc30-0c7965de497d-groupManagement] INFO  server.RaftServerConfigKeys (ConfUtils.java:logGet(46)) - raft.server.log.segment.size.max = 67108864 (custom)
2025-05-14 02:53:37,964 [d4e44fd7-0e23-4e4f-bc30-0c7965de497d-groupManagement] INFO  server.RaftServerConfigKeys (ConfUtils.java:logGet(46)) - raft.server.log.segment.cache.num.max = 2 (custom)
2025-05-14 02:53:37,964 [d4e44fd7-0e23-4e4f-bc30-0c7965de497d-groupManagement] INFO  server.RaftServerConfigKeys (ConfUtils.java:logGet(46)) - raft.server.log.segment.cache.size.max = 200MB (=209715200) (default)
2025-05-14 02:53:37,964 [d4e44fd7-0e23-4e4f-bc30-0c7965de497d-groupManagement] INFO  server.RaftServerConfigKeys (ConfUtils.java:logGet(46)) - raft.server.log.appender.buffer.byte-limit = 33554432 (custom)
2025-05-14 02:53:37,965 [d4e44fd7-0e23-4e4f-bc30-0c7965de497d-groupManagement] INFO  util.AwaitToRun (AwaitToRun.java:start(81)) - Thread[#1245,d4e44fd7-0e23-4e4f-bc30-0c7965de497d@group-DC6000F9F072-cacheEviction-AwaitToRun,5,main] started
2025-05-14 02:53:37,965 [d4e44fd7-0e23-4e4f-bc30-0c7965de497d-groupManagement] INFO  segmented.SegmentedRaftLogWorker (SegmentedRaftLogWorker.java:<init>(188)) - new d4e44fd7-0e23-4e4f-bc30-0c7965de497d@group-DC6000F9F072-SegmentedRaftLogWorker for RaftStorageImpl:Storage Directory /home/runner/work/ozone/ozone/hadoop-ozone/integration-test/target/test-dir/MiniOzoneClusterImpl-af940217-b311-440f-8e09-352fdf66236b/ozone-meta/datanode-4/ratis/022d5f31-dc68-4e3a-bbba-dc6000f9f072
2025-05-14 02:53:37,965 [d4e44fd7-0e23-4e4f-bc30-0c7965de497d-groupManagement] INFO  server.RaftServerConfigKeys (ConfUtils.java:logGet(46)) - raft.server.log.queue.byte-limit = 4294967296 (custom)
2025-05-14 02:53:37,965 [d4e44fd7-0e23-4e4f-bc30-0c7965de497d-groupManagement] INFO  server.RaftServerConfigKeys (ConfUtils.java:logGet(46)) - raft.server.log.queue.element-limit = 1024 (custom)
2025-05-14 02:53:37,965 [d4e44fd7-0e23-4e4f-bc30-0c7965de497d-groupManagement] INFO  server.RaftServerConfigKeys (ConfUtils.java:logGet(46)) - raft.server.log.segment.size.max = 67108864 (custom)
2025-05-14 02:53:37,965 [d4e44fd7-0e23-4e4f-bc30-0c7965de497d-groupManagement] INFO  server.RaftServerConfigKeys (ConfUtils.java:logGet(46)) - raft.server.log.preallocated.size = 4194304 (custom)
2025-05-14 02:53:37,965 [d4e44fd7-0e23-4e4f-bc30-0c7965de497d-groupManagement] INFO  server.RaftServerConfigKeys (ConfUtils.java:logGet(46)) - raft.server.log.force.sync.num = 128 (default)
2025-05-14 02:53:37,965 [d4e44fd7-0e23-4e4f-bc30-0c7965de497d-groupManagement] INFO  server.RaftServerConfigKeys (ConfUtils.java:logGet(46)) - raft.server.log.statemachine.data.sync = true (default)
2025-05-14 02:53:37,965 [d4e44fd7-0e23-4e4f-bc30-0c7965de497d-groupManagement] INFO  server.RaftServerConfigKeys (ConfUtils.java:logGet(46)) - raft.server.log.statemachine.data.sync.timeout = 10s (default)
2025-05-14 02:53:37,965 [d4e44fd7-0e23-4e4f-bc30-0c7965de497d-groupManagement] INFO  server.RaftServerConfigKeys (ConfUtils.java:logGet(46)) - raft.server.log.statemachine.data.sync.timeout.retry = 30 (custom)
2025-05-14 02:53:37,966 [d4e44fd7-0e23-4e4f-bc30-0c7965de497d-groupManagement] INFO  server.RaftServerConfigKeys (ConfUtils.java:logGet(46)) - raft.server.log.write.buffer.size = 33554440 (custom)
2025-05-14 02:53:37,973 [d4e44fd7-0e23-4e4f-bc30-0c7965de497d-groupManagement] INFO  server.RaftServerConfigKeys (ConfUtils.java:logGet(46)) - raft.server.log.appender.buffer.byte-limit = 33554432 (custom)
2025-05-14 02:53:37,973 [d4e44fd7-0e23-4e4f-bc30-0c7965de497d-groupManagement] INFO  server.RaftServerConfigKeys (ConfUtils.java:logGet(46)) - raft.server.log.unsafe-flush.enabled = false (default)
2025-05-14 02:53:37,973 [d4e44fd7-0e23-4e4f-bc30-0c7965de497d-groupManagement] INFO  server.RaftServerConfigKeys (ConfUtils.java:logGet(46)) - raft.server.log.async-flush.enabled = false (default)
2025-05-14 02:53:37,973 [d4e44fd7-0e23-4e4f-bc30-0c7965de497d-groupManagement] INFO  server.RaftServerConfigKeys (ConfUtils.java:logGet(46)) - raft.server.log.statemachine.data.caching.enabled = true (custom)
2025-05-14 02:53:37,973 [d4e44fd7-0e23-4e4f-bc30-0c7965de497d-groupManagement] INFO  segmented.SegmentedRaftLogWorker (SegmentedRaftLogWorker.java:lambda$new$0(139)) - d4e44fd7-0e23-4e4f-bc30-0c7965de497d@group-DC6000F9F072-SegmentedRaftLogWorker: flushIndex: setUnconditionally 0 -> -1
2025-05-14 02:53:37,973 [d4e44fd7-0e23-4e4f-bc30-0c7965de497d-groupManagement] INFO  segmented.SegmentedRaftLogWorker (SegmentedRaftLogWorker.java:lambda$new$0(139)) - d4e44fd7-0e23-4e4f-bc30-0c7965de497d@group-DC6000F9F072-SegmentedRaftLogWorker: safeCacheEvictIndex: setUnconditionally 0 -> -1
2025-05-14 02:53:37,974 [d4e44fd7-0e23-4e4f-bc30-0c7965de497d-groupManagement] INFO  server.RaftServer$Division (RaftServerImpl.java:start(391)) - d4e44fd7-0e23-4e4f-bc30-0c7965de497d@group-DC6000F9F072: start as a follower, conf=conf: {index: -1, cur=peers:[d4e44fd7-0e23-4e4f-bc30-0c7965de497d|127.0.0.1:15039, e44b5a69-92f9-40f4-85c9-712e1c637b62|127.0.0.1:15047, c77e66e9-1cca-4fd3-bc5b-4ea2dbc3232f|127.0.0.1:15055]|listeners:[], old=null}
2025-05-14 02:53:37,974 [d4e44fd7-0e23-4e4f-bc30-0c7965de497d-groupManagement] INFO  server.RaftServer$Division (RaftServerImpl.java:setRole(378)) - d4e44fd7-0e23-4e4f-bc30-0c7965de497d@group-DC6000F9F072: changes role from      null to FOLLOWER at term 0 for startAsFollower
2025-05-14 02:53:37,974 [d4e44fd7-0e23-4e4f-bc30-0c7965de497d-groupManagement] INFO  impl.RoleInfo (RoleInfo.java:updateAndGet(148)) - d4e44fd7-0e23-4e4f-bc30-0c7965de497d: start d4e44fd7-0e23-4e4f-bc30-0c7965de497d@group-DC6000F9F072-FollowerState
2025-05-14 02:53:37,975 [d4e44fd7-0e23-4e4f-bc30-0c7965de497d@group-DC6000F9F072-FollowerState] INFO  server.RaftServerConfigKeys (ConfUtils.java:logGet(46)) - raft.server.rpc.first-election.timeout.min = 1000ms (custom)
2025-05-14 02:53:37,975 [d4e44fd7-0e23-4e4f-bc30-0c7965de497d@group-DC6000F9F072-FollowerState] INFO  server.RaftServerConfigKeys (ConfUtils.java:logGet(46)) - raft.server.rpc.first-election.timeout.max = 1200ms (custom)
2025-05-14 02:53:37,976 [d4e44fd7-0e23-4e4f-bc30-0c7965de497d-groupManagement] INFO  util.JmxRegister (JmxRegister.java:tryRegister(44)) - Successfully registered JMX Bean with object name Ratis:service=RaftServer,group=group-DC6000F9F072,id=d4e44fd7-0e23-4e4f-bc30-0c7965de497d
2025-05-14 02:53:37,976 [d4e44fd7-0e23-4e4f-bc30-0c7965de497d-groupManagement] INFO  util.JmxRegister (JmxRegister.java:register(58)) - register mxBean class org.apache.ratis.server.impl.RaftServerJmxAdapter as Ratis:service=RaftServer,group=group-DC6000F9F072,id=d4e44fd7-0e23-4e4f-bc30-0c7965de497d
2025-05-14 02:53:37,976 [d4e44fd7-0e23-4e4f-bc30-0c7965de497d-groupManagement] INFO  server.RaftServerConfigKeys (ConfUtils.java:logGet(46)) - raft.server.snapshot.trigger-when-stop.enabled = true (default)
2025-05-14 02:53:37,976 [d4e44fd7-0e23-4e4f-bc30-0c7965de497d-groupManagement] INFO  server.RaftServerConfigKeys (ConfUtils.java:logGet(46)) - raft.server.snapshot.trigger-when-remove.enabled = true (default)
2025-05-14 02:53:37,976 [d4e44fd7-0e23-4e4f-bc30-0c7965de497d-groupManagement] INFO  server.RaftServerConfigKeys (ConfUtils.java:logGet(46)) - raft.server.snapshot.auto.trigger.enabled = true (custom)
2025-05-14 02:53:37,976 [d4e44fd7-0e23-4e4f-bc30-0c7965de497d-groupManagement] INFO  server.RaftServerConfigKeys (ConfUtils.java:logGet(46)) - raft.server.snapshot.auto.trigger.threshold = 1 (custom)
2025-05-14 02:53:37,976 [d4e44fd7-0e23-4e4f-bc30-0c7965de497d-groupManagement] INFO  server.RaftServerConfigKeys (ConfUtils.java:logGet(46)) - raft.server.snapshot.retention.file.num = 5 (custom)
2025-05-14 02:53:37,976 [d4e44fd7-0e23-4e4f-bc30-0c7965de497d-groupManagement] INFO  server.RaftServerConfigKeys (ConfUtils.java:logGet(46)) - raft.server.log.purge.upto.snapshot.index = false (default)
2025-05-14 02:53:37,978 [d4e44fd7-0e23-4e4f-bc30-0c7965de497d-groupManagement] INFO  server.RaftServer$Division (RaftServerImpl.java:start(405)) - d4e44fd7-0e23-4e4f-bc30-0c7965de497d@group-DC6000F9F072: Successfully started.
2025-05-14 02:53:37,978 [d4e44fd7-0e23-4e4f-bc30-0c7965de497d-PipelineCommandHandlerThread-0] INFO  ratis.XceiverServerRatis (XceiverServerRatis.java:addGroup(843)) - Created group PipelineID=022d5f31-dc68-4e3a-bbba-dc6000f9f072
2025-05-14 02:53:37,989 [grpc-default-executor-0] INFO  server.RaftServer (RaftServerProxy.java:addNew(100)) - e44b5a69-92f9-40f4-85c9-712e1c637b62: addNew group-DC6000F9F072:[d4e44fd7-0e23-4e4f-bc30-0c7965de497d|127.0.0.1:15039, e44b5a69-92f9-40f4-85c9-712e1c637b62|127.0.0.1:15047, c77e66e9-1cca-4fd3-bc5b-4ea2dbc3232f|127.0.0.1:15055] returns group-DC6000F9F072:java.util.concurrent.CompletableFuture@43a00ac1[Not completed]
2025-05-14 02:53:37,990 [e44b5a69-92f9-40f4-85c9-712e1c637b62-groupManagement] INFO  server.RaftServer$Division (RaftServerImpl.java:<init>(255)) - e44b5a69-92f9-40f4-85c9-712e1c637b62: new RaftServerImpl for group-DC6000F9F072:[d4e44fd7-0e23-4e4f-bc30-0c7965de497d|127.0.0.1:15039, e44b5a69-92f9-40f4-85c9-712e1c637b62|127.0.0.1:15047, c77e66e9-1cca-4fd3-bc5b-4ea2dbc3232f|127.0.0.1:15055] with ContainerStateMachine:uninitialized
2025-05-14 02:53:37,990 [e44b5a69-92f9-40f4-85c9-712e1c637b62-groupManagement] INFO  server.RaftServerConfigKeys (ConfUtils.java:logGet(46)) - raft.server.rpc.timeout.min = 5s (custom)
2025-05-14 02:53:37,990 [e44b5a69-92f9-40f4-85c9-712e1c637b62-groupManagement] INFO  server.RaftServerConfigKeys (ConfUtils.java:logGet(46)) - raft.server.rpc.timeout.max = 5200ms (custom)
2025-05-14 02:53:37,990 [e44b5a69-92f9-40f4-85c9-712e1c637b62-groupManagement] INFO  server.RaftServerConfigKeys (ConfUtils.java:logGet(46)) - raft.server.rpc.sleep.time = 25ms (default)
2025-05-14 02:53:37,990 [e44b5a69-92f9-40f4-85c9-712e1c637b62-groupManagement] INFO  server.RaftServerConfigKeys (ConfUtils.java:logGet(46)) - raft.server.rpc.slowness.timeout = 300000ms (custom)
2025-05-14 02:53:37,990 [e44b5a69-92f9-40f4-85c9-712e1c637b62-groupManagement] INFO  server.RaftServerConfigKeys (ConfUtils.java:logGet(46)) - raft.server.leaderelection.leader.step-down.wait-time = 10s (default)
2025-05-14 02:53:37,990 [e44b5a69-92f9-40f4-85c9-712e1c637b62-groupManagement] INFO  server.RaftServerConfigKeys (ConfUtils.java:logGet(46)) - raft.server.leaderelection.member.majority-add = false (default)
2025-05-14 02:53:37,990 [e44b5a69-92f9-40f4-85c9-712e1c637b62-groupManagement] INFO  server.RaftServerConfigKeys (ConfUtils.java:logGet(46)) - raft.server.sleep.deviation.threshold = 300ms (default)
2025-05-14 02:53:37,990 [e44b5a69-92f9-40f4-85c9-712e1c637b62-groupManagement] INFO  server.RaftServer$Division (ServerState.java:<init>(114)) - e44b5a69-92f9-40f4-85c9-712e1c637b62@group-DC6000F9F072: ConfigurationManager, init=conf: {index: -1, cur=peers:[d4e44fd7-0e23-4e4f-bc30-0c7965de497d|127.0.0.1:15039, e44b5a69-92f9-40f4-85c9-712e1c637b62|127.0.0.1:15047, c77e66e9-1cca-4fd3-bc5b-4ea2dbc3232f|127.0.0.1:15055]|listeners:[], old=null}, confs=<EMPTY_MAP>
2025-05-14 02:53:37,990 [e44b5a69-92f9-40f4-85c9-712e1c637b62-groupManagement] INFO  server.RaftServerConfigKeys (ConfUtils.java:logGet(46)) - raft.server.notification.no-leader.timeout = 300000ms (custom)
2025-05-14 02:53:37,990 [e44b5a69-92f9-40f4-85c9-712e1c637b62-groupManagement] INFO  server.RaftServerConfigKeys (ConfUtils.java:logGet(46)) - raft.server.read.timeout = 10s (default)
2025-05-14 02:53:37,990 [e44b5a69-92f9-40f4-85c9-712e1c637b62-groupManagement] INFO  server.RaftServerConfigKeys (ConfUtils.java:logGet(46)) - raft.server.retrycache.expirytime = 600000ms (custom)
2025-05-14 02:53:37,990 [e44b5a69-92f9-40f4-85c9-712e1c637b62-groupManagement] INFO  server.RaftServerConfigKeys (ConfUtils.java:logGet(46)) - raft.server.retrycache.statistics.expirytime = 100ms (default)
2025-05-14 02:53:37,990 [e44b5a69-92f9-40f4-85c9-712e1c637b62-groupManagement] INFO  server.RaftServerConfigKeys (ConfUtils.java:logGet(46)) - raft.server.read.option = DEFAULT (default)
2025-05-14 02:53:37,990 [e44b5a69-92f9-40f4-85c9-712e1c637b62-groupManagement] INFO  server.RaftServerConfigKeys (ConfUtils.java:logGet(46)) - raft.server.read.read-after-write-consistent.write-index-cache.expiry-time = 60s (default)
2025-05-14 02:53:37,997 [e44b5a69-92f9-40f4-85c9-712e1c637b62-groupManagement] INFO  server.RaftServerConfigKeys (ConfUtils.java:logGet(46)) - raft.server.rpc.request.timeout = 3000ms (default)
2025-05-14 02:53:37,997 [e44b5a69-92f9-40f4-85c9-712e1c637b62-groupManagement] INFO  server.RaftServerConfigKeys (ConfUtils.java:logGet(46)) - raft.server.log.appender.install.snapshot.enabled = false (custom)
2025-05-14 02:53:37,997 [e44b5a69-92f9-40f4-85c9-712e1c637b62-groupManagement] INFO  server.RaftServerConfigKeys (ConfUtils.java:logGet(46)) - raft.server.threadpool.server.cached = true (default)
2025-05-14 02:53:37,997 [e44b5a69-92f9-40f4-85c9-712e1c637b62-groupManagement] INFO  server.RaftServerConfigKeys (ConfUtils.java:logGet(46)) - raft.server.threadpool.server.size = 0 (default)
2025-05-14 02:53:37,997 [e44b5a69-92f9-40f4-85c9-712e1c637b62-groupManagement] INFO  server.RaftServerConfigKeys (ConfUtils.java:logGet(46)) - raft.server.threadpool.client.cached = true (default)
2025-05-14 02:53:37,997 [e44b5a69-92f9-40f4-85c9-712e1c637b62-groupManagement] INFO  server.RaftServerConfigKeys (ConfUtils.java:logGet(46)) - raft.server.threadpool.client.size = 0 (default)
2025-05-14 02:53:37,997 [e44b5a69-92f9-40f4-85c9-712e1c637b62-groupManagement] INFO  server.RaftServerConfigKeys (ConfUtils.java:logGet(46)) - raft.server.storage.free-space.min = 0MB (=0) (default)
2025-05-14 02:53:37,997 [e44b5a69-92f9-40f4-85c9-712e1c637b62-groupManagement] INFO  server.RaftServerConfigKeys (ConfUtils.java:logGet(46)) - raft.server.log.corruption.policy = EXCEPTION (default)
2025-05-14 02:53:37,997 [e44b5a69-92f9-40f4-85c9-712e1c637b62-groupManagement] INFO  server.RaftServerConfigKeys (ConfUtils.java:logGet(46)) - raft.server.storage.dir = [/home/runner/work/ozone/ozone/hadoop-ozone/integration-test/target/test-dir/MiniOzoneClusterImpl-af940217-b311-440f-8e09-352fdf66236b/ozone-meta/datanode-5/ratis] (custom)
2025-05-14 02:53:37,998 [e44b5a69-92f9-40f4-85c9-712e1c637b62-groupManagement] INFO  storage.RaftStorageDirectory (RaftStorageDirectoryImpl.java:analyzeStorage(138)) - The storage directory /home/runner/work/ozone/ozone/hadoop-ozone/integration-test/target/test-dir/MiniOzoneClusterImpl-af940217-b311-440f-8e09-352fdf66236b/ozone-meta/datanode-5/ratis/022d5f31-dc68-4e3a-bbba-dc6000f9f072 does not exist. Creating ...
2025-05-14 02:53:38,000 [e44b5a69-92f9-40f4-85c9-712e1c637b62-groupManagement] INFO  storage.RaftStorageDirectory (RaftStorageDirectoryImpl.java:tryLock(229)) - Lock on /home/runner/work/ozone/ozone/hadoop-ozone/integration-test/target/test-dir/MiniOzoneClusterImpl-af940217-b311-440f-8e09-352fdf66236b/ozone-meta/datanode-5/ratis/022d5f31-dc68-4e3a-bbba-dc6000f9f072/in_use.lock acquired by nodename 34763@localhost
2025-05-14 02:53:38,002 [e44b5a69-92f9-40f4-85c9-712e1c637b62-groupManagement] INFO  storage.RaftStorage (RaftStorageImpl.java:format(98)) - Storage directory /home/runner/work/ozone/ozone/hadoop-ozone/integration-test/target/test-dir/MiniOzoneClusterImpl-af940217-b311-440f-8e09-352fdf66236b/ozone-meta/datanode-5/ratis/022d5f31-dc68-4e3a-bbba-dc6000f9f072 has been successfully formatted.
2025-05-14 02:53:38,003 [e44b5a69-92f9-40f4-85c9-712e1c637b62-groupManagement] INFO  ratis.ContainerStateMachine (ContainerStateMachine.java:initialize(339)) - e44b5a69-92f9-40f4-85c9-712e1c637b62: initialize group-DC6000F9F072
2025-05-14 02:53:38,004 [e44b5a69-92f9-40f4-85c9-712e1c637b62-groupManagement] INFO  ratis.ContainerStateMachine (ContainerStateMachine.java:loadSnapshot(347)) - group-DC6000F9F072: The snapshot info is null. Setting the last applied index to:(t:0, i:~)
2025-05-14 02:53:38,004 [e44b5a69-92f9-40f4-85c9-712e1c637b62-groupManagement] INFO  server.RaftServerConfigKeys (ConfUtils.java:logGet(46)) - raft.server.log.use.memory = false (default)
2025-05-14 02:53:38,004 [e44b5a69-92f9-40f4-85c9-712e1c637b62-groupManagement] INFO  server.RaftServerConfigKeys (ConfUtils.java:logGet(46)) - raft.server.log.purge.gap = 1000000 (custom)
2025-05-14 02:53:38,004 [e44b5a69-92f9-40f4-85c9-712e1c637b62-groupManagement] INFO  server.RaftServerConfigKeys (ConfUtils.java:logGet(46)) - raft.server.log.appender.buffer.byte-limit = 33554432 (custom)
2025-05-14 02:53:38,004 [e44b5a69-92f9-40f4-85c9-712e1c637b62-groupManagement] INFO  server.RaftServerConfigKeys (ConfUtils.java:logGet(46)) - raft.server.log.statemachine.data.read.timeout = 1000ms (default)
2025-05-14 02:53:38,004 [e44b5a69-92f9-40f4-85c9-712e1c637b62-groupManagement] INFO  server.RaftServerConfigKeys (ConfUtils.java:logGet(46)) - raft.server.log.purge.preservation.log.num = 0 (default)
2025-05-14 02:53:38,007 [e44b5a69-92f9-40f4-85c9-712e1c637b62-groupManagement] INFO  server.RaftServerConfigKeys (ConfUtils.java:logGet(46)) - raft.server.log.segment.size.max = 67108864 (custom)
2025-05-14 02:53:38,008 [e44b5a69-92f9-40f4-85c9-712e1c637b62-groupManagement] INFO  server.RaftServerConfigKeys (ConfUtils.java:logGet(46)) - raft.server.log.segment.cache.num.max = 2 (custom)
2025-05-14 02:53:38,008 [e44b5a69-92f9-40f4-85c9-712e1c637b62-groupManagement] INFO  server.RaftServerConfigKeys (ConfUtils.java:logGet(46)) - raft.server.log.segment.cache.size.max = 200MB (=209715200) (default)
2025-05-14 02:53:38,008 [e44b5a69-92f9-40f4-85c9-712e1c637b62-groupManagement] INFO  server.RaftServerConfigKeys (ConfUtils.java:logGet(46)) - raft.server.log.appender.buffer.byte-limit = 33554432 (custom)
2025-05-14 02:53:38,009 [EventQueue-PipelineReportForOneReplicaPipelineSafeModeRule] INFO  safemode.SCMSafeModeManager (SCMSafeModeManager.java:validateSafeModeExitRules(140)) - AtleastOneDatanodeReportedRule rule is successfully validated
2025-05-14 02:53:38,009 [e44b5a69-92f9-40f4-85c9-712e1c637b62-groupManagement] INFO  util.AwaitToRun (AwaitToRun.java:start(81)) - Thread[#1250,e44b5a69-92f9-40f4-85c9-712e1c637b62@group-DC6000F9F072-cacheEviction-AwaitToRun,5,main] started
2025-05-14 02:53:38,010 [e44b5a69-92f9-40f4-85c9-712e1c637b62-groupManagement] INFO  segmented.SegmentedRaftLogWorker (SegmentedRaftLogWorker.java:<init>(188)) - new e44b5a69-92f9-40f4-85c9-712e1c637b62@group-DC6000F9F072-SegmentedRaftLogWorker for RaftStorageImpl:Storage Directory /home/runner/work/ozone/ozone/hadoop-ozone/integration-test/target/test-dir/MiniOzoneClusterImpl-af940217-b311-440f-8e09-352fdf66236b/ozone-meta/datanode-5/ratis/022d5f31-dc68-4e3a-bbba-dc6000f9f072
2025-05-14 02:53:38,010 [EventQueue-PipelineReportForOneReplicaPipelineSafeModeRule] INFO  safemode.SCMSafeModeManager (SCMSafeModeManager.java:validateSafeModeExitRules(140)) - AtleastOneDatanodeReportedRule rule is successfully validated
2025-05-14 02:53:38,010 [e44b5a69-92f9-40f4-85c9-712e1c637b62-groupManagement] INFO  server.RaftServerConfigKeys (ConfUtils.java:logGet(46)) - raft.server.log.queue.byte-limit = 4294967296 (custom)
2025-05-14 02:53:38,010 [e44b5a69-92f9-40f4-85c9-712e1c637b62-groupManagement] INFO  server.RaftServerConfigKeys (ConfUtils.java:logGet(46)) - raft.server.log.queue.element-limit = 1024 (custom)
2025-05-14 02:53:38,010 [e44b5a69-92f9-40f4-85c9-712e1c637b62-groupManagement] INFO  server.RaftServerConfigKeys (ConfUtils.java:logGet(46)) - raft.server.log.segment.size.max = 67108864 (custom)
2025-05-14 02:53:38,010 [e44b5a69-92f9-40f4-85c9-712e1c637b62-groupManagement] INFO  server.RaftServerConfigKeys (ConfUtils.java:logGet(46)) - raft.server.log.preallocated.size = 4194304 (custom)
2025-05-14 02:53:38,010 [e44b5a69-92f9-40f4-85c9-712e1c637b62-groupManagement] INFO  server.RaftServerConfigKeys (ConfUtils.java:logGet(46)) - raft.server.log.force.sync.num = 128 (default)
2025-05-14 02:53:38,010 [e44b5a69-92f9-40f4-85c9-712e1c637b62-groupManagement] INFO  server.RaftServerConfigKeys (ConfUtils.java:logGet(46)) - raft.server.log.statemachine.data.sync = true (default)
2025-05-14 02:53:38,010 [e44b5a69-92f9-40f4-85c9-712e1c637b62-groupManagement] INFO  server.RaftServerConfigKeys (ConfUtils.java:logGet(46)) - raft.server.log.statemachine.data.sync.timeout = 10s (default)
2025-05-14 02:53:38,010 [e44b5a69-92f9-40f4-85c9-712e1c637b62-groupManagement] INFO  server.RaftServerConfigKeys (ConfUtils.java:logGet(46)) - raft.server.log.statemachine.data.sync.timeout.retry = 30 (custom)
2025-05-14 02:53:38,011 [e44b5a69-92f9-40f4-85c9-712e1c637b62-groupManagement] INFO  server.RaftServerConfigKeys (ConfUtils.java:logGet(46)) - raft.server.log.write.buffer.size = 33554440 (custom)
2025-05-14 02:53:38,017 [e44b5a69-92f9-40f4-85c9-712e1c637b62-groupManagement] INFO  server.RaftServerConfigKeys (ConfUtils.java:logGet(46)) - raft.server.log.appender.buffer.byte-limit = 33554432 (custom)
2025-05-14 02:53:38,017 [e44b5a69-92f9-40f4-85c9-712e1c637b62-groupManagement] INFO  server.RaftServerConfigKeys (ConfUtils.java:logGet(46)) - raft.server.log.unsafe-flush.enabled = false (default)
2025-05-14 02:53:38,017 [e44b5a69-92f9-40f4-85c9-712e1c637b62-groupManagement] INFO  server.RaftServerConfigKeys (ConfUtils.java:logGet(46)) - raft.server.log.async-flush.enabled = false (default)
2025-05-14 02:53:38,018 [e44b5a69-92f9-40f4-85c9-712e1c637b62-groupManagement] INFO  server.RaftServerConfigKeys (ConfUtils.java:logGet(46)) - raft.server.log.statemachine.data.caching.enabled = true (custom)
2025-05-14 02:53:38,018 [e44b5a69-92f9-40f4-85c9-712e1c637b62-groupManagement] INFO  segmented.SegmentedRaftLogWorker (SegmentedRaftLogWorker.java:lambda$new$0(139)) - e44b5a69-92f9-40f4-85c9-712e1c637b62@group-DC6000F9F072-SegmentedRaftLogWorker: flushIndex: setUnconditionally 0 -> -1
2025-05-14 02:53:38,018 [e44b5a69-92f9-40f4-85c9-712e1c637b62-groupManagement] INFO  segmented.SegmentedRaftLogWorker (SegmentedRaftLogWorker.java:lambda$new$0(139)) - e44b5a69-92f9-40f4-85c9-712e1c637b62@group-DC6000F9F072-SegmentedRaftLogWorker: safeCacheEvictIndex: setUnconditionally 0 -> -1
2025-05-14 02:53:38,018 [e44b5a69-92f9-40f4-85c9-712e1c637b62-groupManagement] INFO  server.RaftServer$Division (RaftServerImpl.java:start(391)) - e44b5a69-92f9-40f4-85c9-712e1c637b62@group-DC6000F9F072: start as a follower, conf=conf: {index: -1, cur=peers:[d4e44fd7-0e23-4e4f-bc30-0c7965de497d|127.0.0.1:15039, e44b5a69-92f9-40f4-85c9-712e1c637b62|127.0.0.1:15047, c77e66e9-1cca-4fd3-bc5b-4ea2dbc3232f|127.0.0.1:15055]|listeners:[], old=null}
2025-05-14 02:53:38,019 [e44b5a69-92f9-40f4-85c9-712e1c637b62-groupManagement] INFO  server.RaftServer$Division (RaftServerImpl.java:setRole(378)) - e44b5a69-92f9-40f4-85c9-712e1c637b62@group-DC6000F9F072: changes role from      null to FOLLOWER at term 0 for startAsFollower
2025-05-14 02:53:38,019 [e44b5a69-92f9-40f4-85c9-712e1c637b62-groupManagement] INFO  impl.RoleInfo (RoleInfo.java:updateAndGet(148)) - e44b5a69-92f9-40f4-85c9-712e1c637b62: start e44b5a69-92f9-40f4-85c9-712e1c637b62@group-DC6000F9F072-FollowerState
2025-05-14 02:53:38,019 [e44b5a69-92f9-40f4-85c9-712e1c637b62-groupManagement] INFO  util.JmxRegister (JmxRegister.java:tryRegister(44)) - Successfully registered JMX Bean with object name Ratis:service=RaftServer,group=group-DC6000F9F072,id=e44b5a69-92f9-40f4-85c9-712e1c637b62
2025-05-14 02:53:38,019 [e44b5a69-92f9-40f4-85c9-712e1c637b62@group-DC6000F9F072-FollowerState] INFO  server.RaftServerConfigKeys (ConfUtils.java:logGet(46)) - raft.server.rpc.first-election.timeout.min = 1000ms (custom)
2025-05-14 02:53:38,020 [e44b5a69-92f9-40f4-85c9-712e1c637b62-groupManagement] INFO  util.JmxRegister (JmxRegister.java:register(58)) - register mxBean class org.apache.ratis.server.impl.RaftServerJmxAdapter as Ratis:service=RaftServer,group=group-DC6000F9F072,id=e44b5a69-92f9-40f4-85c9-712e1c637b62
2025-05-14 02:53:38,020 [e44b5a69-92f9-40f4-85c9-712e1c637b62@group-DC6000F9F072-FollowerState] INFO  server.RaftServerConfigKeys (ConfUtils.java:logGet(46)) - raft.server.rpc.first-election.timeout.max = 1200ms (custom)
2025-05-14 02:53:38,020 [e44b5a69-92f9-40f4-85c9-712e1c637b62-groupManagement] INFO  server.RaftServerConfigKeys (ConfUtils.java:logGet(46)) - raft.server.snapshot.trigger-when-stop.enabled = true (default)
2025-05-14 02:53:38,020 [e44b5a69-92f9-40f4-85c9-712e1c637b62-groupManagement] INFO  server.RaftServerConfigKeys (ConfUtils.java:logGet(46)) - raft.server.snapshot.trigger-when-remove.enabled = true (default)
2025-05-14 02:53:38,020 [e44b5a69-92f9-40f4-85c9-712e1c637b62-groupManagement] INFO  server.RaftServerConfigKeys (ConfUtils.java:logGet(46)) - raft.server.snapshot.auto.trigger.enabled = true (custom)
2025-05-14 02:53:38,020 [e44b5a69-92f9-40f4-85c9-712e1c637b62-groupManagement] INFO  server.RaftServerConfigKeys (ConfUtils.java:logGet(46)) - raft.server.snapshot.auto.trigger.threshold = 1 (custom)
2025-05-14 02:53:38,020 [e44b5a69-92f9-40f4-85c9-712e1c637b62-groupManagement] INFO  server.RaftServerConfigKeys (ConfUtils.java:logGet(46)) - raft.server.snapshot.retention.file.num = 5 (custom)
2025-05-14 02:53:38,020 [e44b5a69-92f9-40f4-85c9-712e1c637b62-groupManagement] INFO  server.RaftServerConfigKeys (ConfUtils.java:logGet(46)) - raft.server.log.purge.upto.snapshot.index = false (default)
2025-05-14 02:53:38,021 [e44b5a69-92f9-40f4-85c9-712e1c637b62-groupManagement] INFO  server.RaftServer$Division (RaftServerImpl.java:start(405)) - e44b5a69-92f9-40f4-85c9-712e1c637b62@group-DC6000F9F072: Successfully started.
2025-05-14 02:53:38,034 [grpc-default-executor-0] INFO  server.RaftServer (RaftServerProxy.java:addNew(100)) - c77e66e9-1cca-4fd3-bc5b-4ea2dbc3232f: addNew group-DC6000F9F072:[d4e44fd7-0e23-4e4f-bc30-0c7965de497d|127.0.0.1:15039, e44b5a69-92f9-40f4-85c9-712e1c637b62|127.0.0.1:15047, c77e66e9-1cca-4fd3-bc5b-4ea2dbc3232f|127.0.0.1:15055] returns group-DC6000F9F072:java.util.concurrent.CompletableFuture@2d4ea02b[Not completed]
2025-05-14 02:53:38,036 [c77e66e9-1cca-4fd3-bc5b-4ea2dbc3232f-groupManagement] INFO  server.RaftServer$Division (RaftServerImpl.java:<init>(255)) - c77e66e9-1cca-4fd3-bc5b-4ea2dbc3232f: new RaftServerImpl for group-DC6000F9F072:[d4e44fd7-0e23-4e4f-bc30-0c7965de497d|127.0.0.1:15039, e44b5a69-92f9-40f4-85c9-712e1c637b62|127.0.0.1:15047, c77e66e9-1cca-4fd3-bc5b-4ea2dbc3232f|127.0.0.1:15055] with ContainerStateMachine:uninitialized
2025-05-14 02:53:38,036 [c77e66e9-1cca-4fd3-bc5b-4ea2dbc3232f-groupManagement] INFO  server.RaftServerConfigKeys (ConfUtils.java:logGet(46)) - raft.server.rpc.timeout.min = 5s (custom)
2025-05-14 02:53:38,036 [c77e66e9-1cca-4fd3-bc5b-4ea2dbc3232f-groupManagement] INFO  server.RaftServerConfigKeys (ConfUtils.java:logGet(46)) - raft.server.rpc.timeout.max = 5200ms (custom)
2025-05-14 02:53:38,036 [c77e66e9-1cca-4fd3-bc5b-4ea2dbc3232f-groupManagement] INFO  server.RaftServerConfigKeys (ConfUtils.java:logGet(46)) - raft.server.rpc.sleep.time = 25ms (default)
2025-05-14 02:53:38,036 [c77e66e9-1cca-4fd3-bc5b-4ea2dbc3232f-groupManagement] INFO  server.RaftServerConfigKeys (ConfUtils.java:logGet(46)) - raft.server.rpc.slowness.timeout = 300000ms (custom)
2025-05-14 02:53:38,036 [c77e66e9-1cca-4fd3-bc5b-4ea2dbc3232f-groupManagement] INFO  server.RaftServerConfigKeys (ConfUtils.java:logGet(46)) - raft.server.leaderelection.leader.step-down.wait-time = 10s (default)
2025-05-14 02:53:38,036 [c77e66e9-1cca-4fd3-bc5b-4ea2dbc3232f-groupManagement] INFO  server.RaftServerConfigKeys (ConfUtils.java:logGet(46)) - raft.server.leaderelection.member.majority-add = false (default)
2025-05-14 02:53:38,036 [c77e66e9-1cca-4fd3-bc5b-4ea2dbc3232f-groupManagement] INFO  server.RaftServerConfigKeys (ConfUtils.java:logGet(46)) - raft.server.sleep.deviation.threshold = 300ms (default)
2025-05-14 02:53:38,036 [c77e66e9-1cca-4fd3-bc5b-4ea2dbc3232f-groupManagement] INFO  server.RaftServer$Division (ServerState.java:<init>(114)) - c77e66e9-1cca-4fd3-bc5b-4ea2dbc3232f@group-DC6000F9F072: ConfigurationManager, init=conf: {index: -1, cur=peers:[d4e44fd7-0e23-4e4f-bc30-0c7965de497d|127.0.0.1:15039, e44b5a69-92f9-40f4-85c9-712e1c637b62|127.0.0.1:15047, c77e66e9-1cca-4fd3-bc5b-4ea2dbc3232f|127.0.0.1:15055]|listeners:[], old=null}, confs=<EMPTY_MAP>
2025-05-14 02:53:38,037 [c77e66e9-1cca-4fd3-bc5b-4ea2dbc3232f-groupManagement] INFO  server.RaftServerConfigKeys (ConfUtils.java:logGet(46)) - raft.server.notification.no-leader.timeout = 300000ms (custom)
2025-05-14 02:53:38,037 [c77e66e9-1cca-4fd3-bc5b-4ea2dbc3232f-groupManagement] INFO  server.RaftServerConfigKeys (ConfUtils.java:logGet(46)) - raft.server.read.timeout = 10s (default)
2025-05-14 02:53:38,037 [c77e66e9-1cca-4fd3-bc5b-4ea2dbc3232f-groupManagement] INFO  server.RaftServerConfigKeys (ConfUtils.java:logGet(46)) - raft.server.retrycache.expirytime = 600000ms (custom)
2025-05-14 02:53:38,037 [c77e66e9-1cca-4fd3-bc5b-4ea2dbc3232f-groupManagement] INFO  server.RaftServerConfigKeys (ConfUtils.java:logGet(46)) - raft.server.retrycache.statistics.expirytime = 100ms (default)
2025-05-14 02:53:38,037 [c77e66e9-1cca-4fd3-bc5b-4ea2dbc3232f-groupManagement] INFO  server.RaftServerConfigKeys (ConfUtils.java:logGet(46)) - raft.server.read.option = DEFAULT (default)
2025-05-14 02:53:38,037 [c77e66e9-1cca-4fd3-bc5b-4ea2dbc3232f-groupManagement] INFO  server.RaftServerConfigKeys (ConfUtils.java:logGet(46)) - raft.server.read.read-after-write-consistent.write-index-cache.expiry-time = 60s (default)
2025-05-14 02:53:38,044 [c77e66e9-1cca-4fd3-bc5b-4ea2dbc3232f-groupManagement] INFO  server.RaftServerConfigKeys (ConfUtils.java:logGet(46)) - raft.server.rpc.request.timeout = 3000ms (default)
2025-05-14 02:53:38,044 [c77e66e9-1cca-4fd3-bc5b-4ea2dbc3232f-groupManagement] INFO  server.RaftServerConfigKeys (ConfUtils.java:logGet(46)) - raft.server.log.appender.install.snapshot.enabled = false (custom)
2025-05-14 02:53:38,044 [c77e66e9-1cca-4fd3-bc5b-4ea2dbc3232f-groupManagement] INFO  server.RaftServerConfigKeys (ConfUtils.java:logGet(46)) - raft.server.threadpool.server.cached = true (default)
2025-05-14 02:53:38,044 [c77e66e9-1cca-4fd3-bc5b-4ea2dbc3232f-groupManagement] INFO  server.RaftServerConfigKeys (ConfUtils.java:logGet(46)) - raft.server.threadpool.server.size = 0 (default)
2025-05-14 02:53:38,044 [c77e66e9-1cca-4fd3-bc5b-4ea2dbc3232f-groupManagement] INFO  server.RaftServerConfigKeys (ConfUtils.java:logGet(46)) - raft.server.threadpool.client.cached = true (default)
2025-05-14 02:53:38,044 [c77e66e9-1cca-4fd3-bc5b-4ea2dbc3232f-groupManagement] INFO  server.RaftServerConfigKeys (ConfUtils.java:logGet(46)) - raft.server.threadpool.client.size = 0 (default)
2025-05-14 02:53:38,045 [c77e66e9-1cca-4fd3-bc5b-4ea2dbc3232f-groupManagement] INFO  server.RaftServerConfigKeys (ConfUtils.java:logGet(46)) - raft.server.storage.free-space.min = 0MB (=0) (default)
2025-05-14 02:53:38,045 [c77e66e9-1cca-4fd3-bc5b-4ea2dbc3232f-groupManagement] INFO  server.RaftServerConfigKeys (ConfUtils.java:logGet(46)) - raft.server.log.corruption.policy = EXCEPTION (default)
2025-05-14 02:53:38,045 [c77e66e9-1cca-4fd3-bc5b-4ea2dbc3232f-groupManagement] INFO  server.RaftServerConfigKeys (ConfUtils.java:logGet(46)) - raft.server.storage.dir = [/home/runner/work/ozone/ozone/hadoop-ozone/integration-test/target/test-dir/MiniOzoneClusterImpl-af940217-b311-440f-8e09-352fdf66236b/ozone-meta/datanode-6/ratis] (custom)
2025-05-14 02:53:38,045 [c77e66e9-1cca-4fd3-bc5b-4ea2dbc3232f-groupManagement] INFO  storage.RaftStorageDirectory (RaftStorageDirectoryImpl.java:analyzeStorage(138)) - The storage directory /home/runner/work/ozone/ozone/hadoop-ozone/integration-test/target/test-dir/MiniOzoneClusterImpl-af940217-b311-440f-8e09-352fdf66236b/ozone-meta/datanode-6/ratis/022d5f31-dc68-4e3a-bbba-dc6000f9f072 does not exist. Creating ...
2025-05-14 02:53:38,047 [c77e66e9-1cca-4fd3-bc5b-4ea2dbc3232f-groupManagement] INFO  storage.RaftStorageDirectory (RaftStorageDirectoryImpl.java:tryLock(229)) - Lock on /home/runner/work/ozone/ozone/hadoop-ozone/integration-test/target/test-dir/MiniOzoneClusterImpl-af940217-b311-440f-8e09-352fdf66236b/ozone-meta/datanode-6/ratis/022d5f31-dc68-4e3a-bbba-dc6000f9f072/in_use.lock acquired by nodename 34763@localhost
2025-05-14 02:53:38,048 [c77e66e9-1cca-4fd3-bc5b-4ea2dbc3232f-groupManagement] INFO  storage.RaftStorage (RaftStorageImpl.java:format(98)) - Storage directory /home/runner/work/ozone/ozone/hadoop-ozone/integration-test/target/test-dir/MiniOzoneClusterImpl-af940217-b311-440f-8e09-352fdf66236b/ozone-meta/datanode-6/ratis/022d5f31-dc68-4e3a-bbba-dc6000f9f072 has been successfully formatted.
2025-05-14 02:53:38,049 [c77e66e9-1cca-4fd3-bc5b-4ea2dbc3232f-groupManagement] INFO  ratis.ContainerStateMachine (ContainerStateMachine.java:initialize(339)) - c77e66e9-1cca-4fd3-bc5b-4ea2dbc3232f: initialize group-DC6000F9F072
2025-05-14 02:53:38,049 [c77e66e9-1cca-4fd3-bc5b-4ea2dbc3232f-groupManagement] INFO  ratis.ContainerStateMachine (ContainerStateMachine.java:loadSnapshot(347)) - group-DC6000F9F072: The snapshot info is null. Setting the last applied index to:(t:0, i:~)
2025-05-14 02:53:38,050 [c77e66e9-1cca-4fd3-bc5b-4ea2dbc3232f-groupManagement] INFO  server.RaftServerConfigKeys (ConfUtils.java:logGet(46)) - raft.server.log.use.memory = false (default)
2025-05-14 02:53:38,050 [c77e66e9-1cca-4fd3-bc5b-4ea2dbc3232f-groupManagement] INFO  server.RaftServerConfigKeys (ConfUtils.java:logGet(46)) - raft.server.log.purge.gap = 1000000 (custom)
2025-05-14 02:53:38,050 [c77e66e9-1cca-4fd3-bc5b-4ea2dbc3232f-groupManagement] INFO  server.RaftServerConfigKeys (ConfUtils.java:logGet(46)) - raft.server.log.appender.buffer.byte-limit = 33554432 (custom)
2025-05-14 02:53:38,051 [c77e66e9-1cca-4fd3-bc5b-4ea2dbc3232f-groupManagement] INFO  server.RaftServerConfigKeys (ConfUtils.java:logGet(46)) - raft.server.log.statemachine.data.read.timeout = 1000ms (default)
2025-05-14 02:53:38,051 [EventQueue-PipelineReportForOneReplicaPipelineSafeModeRule] INFO  safemode.SCMSafeModeManager (SCMSafeModeManager.java:validateSafeModeExitRules(140)) - AtleastOneDatanodeReportedRule rule is successfully validated
2025-05-14 02:53:38,051 [c77e66e9-1cca-4fd3-bc5b-4ea2dbc3232f-groupManagement] INFO  server.RaftServerConfigKeys (ConfUtils.java:logGet(46)) - raft.server.log.purge.preservation.log.num = 0 (default)
2025-05-14 02:53:38,054 [c77e66e9-1cca-4fd3-bc5b-4ea2dbc3232f-groupManagement] INFO  server.RaftServerConfigKeys (ConfUtils.java:logGet(46)) - raft.server.log.segment.size.max = 67108864 (custom)
2025-05-14 02:53:38,055 [c77e66e9-1cca-4fd3-bc5b-4ea2dbc3232f-groupManagement] INFO  server.RaftServerConfigKeys (ConfUtils.java:logGet(46)) - raft.server.log.segment.cache.num.max = 2 (custom)
2025-05-14 02:53:38,055 [c77e66e9-1cca-4fd3-bc5b-4ea2dbc3232f-groupManagement] INFO  server.RaftServerConfigKeys (ConfUtils.java:logGet(46)) - raft.server.log.segment.cache.size.max = 200MB (=209715200) (default)
2025-05-14 02:53:38,055 [c77e66e9-1cca-4fd3-bc5b-4ea2dbc3232f-groupManagement] INFO  server.RaftServerConfigKeys (ConfUtils.java:logGet(46)) - raft.server.log.appender.buffer.byte-limit = 33554432 (custom)
2025-05-14 02:53:38,055 [c77e66e9-1cca-4fd3-bc5b-4ea2dbc3232f-groupManagement] INFO  util.AwaitToRun (AwaitToRun.java:start(81)) - Thread[#1258,c77e66e9-1cca-4fd3-bc5b-4ea2dbc3232f@group-DC6000F9F072-cacheEviction-AwaitToRun,5,main] started
2025-05-14 02:53:38,055 [c77e66e9-1cca-4fd3-bc5b-4ea2dbc3232f-groupManagement] INFO  segmented.SegmentedRaftLogWorker (SegmentedRaftLogWorker.java:<init>(188)) - new c77e66e9-1cca-4fd3-bc5b-4ea2dbc3232f@group-DC6000F9F072-SegmentedRaftLogWorker for RaftStorageImpl:Storage Directory /home/runner/work/ozone/ozone/hadoop-ozone/integration-test/target/test-dir/MiniOzoneClusterImpl-af940217-b311-440f-8e09-352fdf66236b/ozone-meta/datanode-6/ratis/022d5f31-dc68-4e3a-bbba-dc6000f9f072
2025-05-14 02:53:38,056 [c77e66e9-1cca-4fd3-bc5b-4ea2dbc3232f-groupManagement] INFO  server.RaftServerConfigKeys (ConfUtils.java:logGet(46)) - raft.server.log.queue.byte-limit = 4294967296 (custom)
2025-05-14 02:53:38,056 [c77e66e9-1cca-4fd3-bc5b-4ea2dbc3232f-groupManagement] INFO  server.RaftServerConfigKeys (ConfUtils.java:logGet(46)) - raft.server.log.queue.element-limit = 1024 (custom)
2025-05-14 02:53:38,056 [c77e66e9-1cca-4fd3-bc5b-4ea2dbc3232f-groupManagement] INFO  server.RaftServerConfigKeys (ConfUtils.java:logGet(46)) - raft.server.log.segment.size.max = 67108864 (custom)
2025-05-14 02:53:38,056 [c77e66e9-1cca-4fd3-bc5b-4ea2dbc3232f-groupManagement] INFO  server.RaftServerConfigKeys (ConfUtils.java:logGet(46)) - raft.server.log.preallocated.size = 4194304 (custom)
2025-05-14 02:53:38,056 [c77e66e9-1cca-4fd3-bc5b-4ea2dbc3232f-groupManagement] INFO  server.RaftServerConfigKeys (ConfUtils.java:logGet(46)) - raft.server.log.force.sync.num = 128 (default)
2025-05-14 02:53:38,056 [c77e66e9-1cca-4fd3-bc5b-4ea2dbc3232f-groupManagement] INFO  server.RaftServerConfigKeys (ConfUtils.java:logGet(46)) - raft.server.log.statemachine.data.sync = true (default)
2025-05-14 02:53:38,056 [c77e66e9-1cca-4fd3-bc5b-4ea2dbc3232f-groupManagement] INFO  server.RaftServerConfigKeys (ConfUtils.java:logGet(46)) - raft.server.log.statemachine.data.sync.timeout = 10s (default)
2025-05-14 02:53:38,056 [c77e66e9-1cca-4fd3-bc5b-4ea2dbc3232f-groupManagement] INFO  server.RaftServerConfigKeys (ConfUtils.java:logGet(46)) - raft.server.log.statemachine.data.sync.timeout.retry = 30 (custom)
2025-05-14 02:53:38,057 [c77e66e9-1cca-4fd3-bc5b-4ea2dbc3232f-groupManagement] INFO  server.RaftServerConfigKeys (ConfUtils.java:logGet(46)) - raft.server.log.write.buffer.size = 33554440 (custom)
2025-05-14 02:53:38,062 [c77e66e9-1cca-4fd3-bc5b-4ea2dbc3232f-groupManagement] INFO  server.RaftServerConfigKeys (ConfUtils.java:logGet(46)) - raft.server.log.appender.buffer.byte-limit = 33554432 (custom)
2025-05-14 02:53:38,063 [c77e66e9-1cca-4fd3-bc5b-4ea2dbc3232f-groupManagement] INFO  server.RaftServerConfigKeys (ConfUtils.java:logGet(46)) - raft.server.log.unsafe-flush.enabled = false (default)
2025-05-14 02:53:38,063 [c77e66e9-1cca-4fd3-bc5b-4ea2dbc3232f-groupManagement] INFO  server.RaftServerConfigKeys (ConfUtils.java:logGet(46)) - raft.server.log.async-flush.enabled = false (default)
2025-05-14 02:53:38,063 [c77e66e9-1cca-4fd3-bc5b-4ea2dbc3232f-groupManagement] INFO  server.RaftServerConfigKeys (ConfUtils.java:logGet(46)) - raft.server.log.statemachine.data.caching.enabled = true (custom)
2025-05-14 02:53:38,063 [c77e66e9-1cca-4fd3-bc5b-4ea2dbc3232f-groupManagement] INFO  segmented.SegmentedRaftLogWorker (SegmentedRaftLogWorker.java:lambda$new$0(139)) - c77e66e9-1cca-4fd3-bc5b-4ea2dbc3232f@group-DC6000F9F072-SegmentedRaftLogWorker: flushIndex: setUnconditionally 0 -> -1
2025-05-14 02:53:38,063 [c77e66e9-1cca-4fd3-bc5b-4ea2dbc3232f-groupManagement] INFO  segmented.SegmentedRaftLogWorker (SegmentedRaftLogWorker.java:lambda$new$0(139)) - c77e66e9-1cca-4fd3-bc5b-4ea2dbc3232f@group-DC6000F9F072-SegmentedRaftLogWorker: safeCacheEvictIndex: setUnconditionally 0 -> -1
2025-05-14 02:53:38,064 [c77e66e9-1cca-4fd3-bc5b-4ea2dbc3232f-groupManagement] INFO  server.RaftServer$Division (RaftServerImpl.java:start(391)) - c77e66e9-1cca-4fd3-bc5b-4ea2dbc3232f@group-DC6000F9F072: start as a follower, conf=conf: {index: -1, cur=peers:[d4e44fd7-0e23-4e4f-bc30-0c7965de497d|127.0.0.1:15039, e44b5a69-92f9-40f4-85c9-712e1c637b62|127.0.0.1:15047, c77e66e9-1cca-4fd3-bc5b-4ea2dbc3232f|127.0.0.1:15055]|listeners:[], old=null}
2025-05-14 02:53:38,064 [c77e66e9-1cca-4fd3-bc5b-4ea2dbc3232f-groupManagement] INFO  server.RaftServer$Division (RaftServerImpl.java:setRole(378)) - c77e66e9-1cca-4fd3-bc5b-4ea2dbc3232f@group-DC6000F9F072: changes role from      null to FOLLOWER at term 0 for startAsFollower
2025-05-14 02:53:38,064 [c77e66e9-1cca-4fd3-bc5b-4ea2dbc3232f-groupManagement] INFO  impl.RoleInfo (RoleInfo.java:updateAndGet(148)) - c77e66e9-1cca-4fd3-bc5b-4ea2dbc3232f: start c77e66e9-1cca-4fd3-bc5b-4ea2dbc3232f@group-DC6000F9F072-FollowerState
2025-05-14 02:53:38,064 [c77e66e9-1cca-4fd3-bc5b-4ea2dbc3232f@group-DC6000F9F072-FollowerState] INFO  server.RaftServerConfigKeys (ConfUtils.java:logGet(46)) - raft.server.rpc.first-election.timeout.min = 1000ms (custom)
2025-05-14 02:53:38,064 [c77e66e9-1cca-4fd3-bc5b-4ea2dbc3232f@group-DC6000F9F072-FollowerState] INFO  server.RaftServerConfigKeys (ConfUtils.java:logGet(46)) - raft.server.rpc.first-election.timeout.max = 1200ms (custom)
2025-05-14 02:53:38,065 [c77e66e9-1cca-4fd3-bc5b-4ea2dbc3232f-groupManagement] INFO  util.JmxRegister (JmxRegister.java:tryRegister(44)) - Successfully registered JMX Bean with object name Ratis:service=RaftServer,group=group-DC6000F9F072,id=c77e66e9-1cca-4fd3-bc5b-4ea2dbc3232f
2025-05-14 02:53:38,065 [c77e66e9-1cca-4fd3-bc5b-4ea2dbc3232f-groupManagement] INFO  util.JmxRegister (JmxRegister.java:register(58)) - register mxBean class org.apache.ratis.server.impl.RaftServerJmxAdapter as Ratis:service=RaftServer,group=group-DC6000F9F072,id=c77e66e9-1cca-4fd3-bc5b-4ea2dbc3232f
2025-05-14 02:53:38,065 [c77e66e9-1cca-4fd3-bc5b-4ea2dbc3232f-groupManagement] INFO  server.RaftServerConfigKeys (ConfUtils.java:logGet(46)) - raft.server.snapshot.trigger-when-stop.enabled = true (default)
2025-05-14 02:53:38,065 [c77e66e9-1cca-4fd3-bc5b-4ea2dbc3232f-groupManagement] INFO  server.RaftServerConfigKeys (ConfUtils.java:logGet(46)) - raft.server.snapshot.trigger-when-remove.enabled = true (default)
2025-05-14 02:53:38,065 [c77e66e9-1cca-4fd3-bc5b-4ea2dbc3232f-groupManagement] INFO  server.RaftServerConfigKeys (ConfUtils.java:logGet(46)) - raft.server.snapshot.auto.trigger.enabled = true (custom)
2025-05-14 02:53:38,065 [c77e66e9-1cca-4fd3-bc5b-4ea2dbc3232f-groupManagement] INFO  server.RaftServerConfigKeys (ConfUtils.java:logGet(46)) - raft.server.snapshot.auto.trigger.threshold = 1 (custom)
2025-05-14 02:53:38,065 [c77e66e9-1cca-4fd3-bc5b-4ea2dbc3232f-groupManagement] INFO  server.RaftServerConfigKeys (ConfUtils.java:logGet(46)) - raft.server.snapshot.retention.file.num = 5 (custom)
2025-05-14 02:53:38,065 [c77e66e9-1cca-4fd3-bc5b-4ea2dbc3232f-groupManagement] INFO  server.RaftServerConfigKeys (ConfUtils.java:logGet(46)) - raft.server.log.purge.upto.snapshot.index = false (default)
2025-05-14 02:53:38,066 [c77e66e9-1cca-4fd3-bc5b-4ea2dbc3232f-groupManagement] INFO  server.RaftServer$Division (RaftServerImpl.java:start(405)) - c77e66e9-1cca-4fd3-bc5b-4ea2dbc3232f@group-DC6000F9F072: Successfully started.
2025-05-14 02:53:38,071 [d4e44fd7-0e23-4e4f-bc30-0c7965de497d-PipelineCommandHandlerThread-0] INFO  commandhandler.CreatePipelineCommandHandler (CreatePipelineCommandHandler.java:lambda$handle$2(128)) - Created Pipeline RATIS THREE PipelineID=022d5f31-dc68-4e3a-bbba-dc6000f9f072.
2025-05-14 02:53:38,071 [d4e44fd7-0e23-4e4f-bc30-0c7965de497d-PipelineCommandHandlerThread-0] INFO  server.RaftServer (RaftServerProxy.java:addNew(100)) - d4e44fd7-0e23-4e4f-bc30-0c7965de497d: addNew group-90B7BBECBC71:[d4e44fd7-0e23-4e4f-bc30-0c7965de497d|127.0.0.1:15039, e44b5a69-92f9-40f4-85c9-712e1c637b62|127.0.0.1:15047, c77e66e9-1cca-4fd3-bc5b-4ea2dbc3232f|127.0.0.1:15055] returns group-90B7BBECBC71:java.util.concurrent.CompletableFuture@23521bc2[Not completed]
2025-05-14 02:53:38,073 [d4e44fd7-0e23-4e4f-bc30-0c7965de497d-groupManagement] INFO  server.RaftServer$Division (RaftServerImpl.java:<init>(255)) - d4e44fd7-0e23-4e4f-bc30-0c7965de497d: new RaftServerImpl for group-90B7BBECBC71:[d4e44fd7-0e23-4e4f-bc30-0c7965de497d|127.0.0.1:15039, e44b5a69-92f9-40f4-85c9-712e1c637b62|127.0.0.1:15047, c77e66e9-1cca-4fd3-bc5b-4ea2dbc3232f|127.0.0.1:15055] with ContainerStateMachine:uninitialized
2025-05-14 02:53:38,073 [d4e44fd7-0e23-4e4f-bc30-0c7965de497d-groupManagement] INFO  server.RaftServerConfigKeys (ConfUtils.java:logGet(46)) - raft.server.rpc.timeout.min = 5s (custom)
2025-05-14 02:53:38,073 [d4e44fd7-0e23-4e4f-bc30-0c7965de497d-groupManagement] INFO  server.RaftServerConfigKeys (ConfUtils.java:logGet(46)) - raft.server.rpc.timeout.max = 5200ms (custom)
2025-05-14 02:53:38,073 [d4e44fd7-0e23-4e4f-bc30-0c7965de497d-groupManagement] INFO  server.RaftServerConfigKeys (ConfUtils.java:logGet(46)) - raft.server.rpc.sleep.time = 25ms (default)
2025-05-14 02:53:38,073 [d4e44fd7-0e23-4e4f-bc30-0c7965de497d-groupManagement] INFO  server.RaftServerConfigKeys (ConfUtils.java:logGet(46)) - raft.server.rpc.slowness.timeout = 300000ms (custom)
2025-05-14 02:53:38,073 [d4e44fd7-0e23-4e4f-bc30-0c7965de497d-groupManagement] INFO  server.RaftServerConfigKeys (ConfUtils.java:logGet(46)) - raft.server.leaderelection.leader.step-down.wait-time = 10s (default)
2025-05-14 02:53:38,073 [EventQueue-OpenPipelineForHealthyPipelineSafeModeRule] INFO  safemode.SCMSafeModeManager (HealthyPipelineSafeModeRule.java:process(141)) - SCM in safe mode. Healthy pipelines reported count is 0, required healthy pipeline reported count is 1
2025-05-14 02:53:38,073 [EventQueue-PipelineReportForOneReplicaPipelineSafeModeRule] INFO  safemode.SCMSafeModeManager (SCMSafeModeManager.java:validateSafeModeExitRules(140)) - AtleastOneDatanodeReportedRule rule is successfully validated
2025-05-14 02:53:38,073 [d4e44fd7-0e23-4e4f-bc30-0c7965de497d-groupManagement] INFO  server.RaftServerConfigKeys (ConfUtils.java:logGet(46)) - raft.server.leaderelection.member.majority-add = false (default)
2025-05-14 02:53:38,074 [d4e44fd7-0e23-4e4f-bc30-0c7965de497d-groupManagement] INFO  server.RaftServerConfigKeys (ConfUtils.java:logGet(46)) - raft.server.sleep.deviation.threshold = 300ms (default)
2025-05-14 02:53:38,075 [d4e44fd7-0e23-4e4f-bc30-0c7965de497d-groupManagement] INFO  server.RaftServer$Division (ServerState.java:<init>(114)) - d4e44fd7-0e23-4e4f-bc30-0c7965de497d@group-90B7BBECBC71: ConfigurationManager, init=conf: {index: -1, cur=peers:[d4e44fd7-0e23-4e4f-bc30-0c7965de497d|127.0.0.1:15039, e44b5a69-92f9-40f4-85c9-712e1c637b62|127.0.0.1:15047, c77e66e9-1cca-4fd3-bc5b-4ea2dbc3232f|127.0.0.1:15055]|listeners:[], old=null}, confs=<EMPTY_MAP>
2025-05-14 02:53:38,075 [d4e44fd7-0e23-4e4f-bc30-0c7965de497d-groupManagement] INFO  server.RaftServerConfigKeys (ConfUtils.java:logGet(46)) - raft.server.notification.no-leader.timeout = 300000ms (custom)
2025-05-14 02:53:38,075 [d4e44fd7-0e23-4e4f-bc30-0c7965de497d-groupManagement] INFO  server.RaftServerConfigKeys (ConfUtils.java:logGet(46)) - raft.server.read.timeout = 10s (default)
2025-05-14 02:53:38,075 [d4e44fd7-0e23-4e4f-bc30-0c7965de497d-groupManagement] INFO  server.RaftServerConfigKeys (ConfUtils.java:logGet(46)) - raft.server.retrycache.expirytime = 600000ms (custom)
2025-05-14 02:53:38,075 [d4e44fd7-0e23-4e4f-bc30-0c7965de497d-groupManagement] INFO  server.RaftServerConfigKeys (ConfUtils.java:logGet(46)) - raft.server.retrycache.statistics.expirytime = 100ms (default)
2025-05-14 02:53:38,075 [d4e44fd7-0e23-4e4f-bc30-0c7965de497d-groupManagement] INFO  server.RaftServerConfigKeys (ConfUtils.java:logGet(46)) - raft.server.read.option = DEFAULT (default)
2025-05-14 02:53:38,075 [d4e44fd7-0e23-4e4f-bc30-0c7965de497d-groupManagement] INFO  server.RaftServerConfigKeys (ConfUtils.java:logGet(46)) - raft.server.read.read-after-write-consistent.write-index-cache.expiry-time = 60s (default)
2025-05-14 02:53:38,081 [d4e44fd7-0e23-4e4f-bc30-0c7965de497d-groupManagement] INFO  server.RaftServerConfigKeys (ConfUtils.java:logGet(46)) - raft.server.rpc.request.timeout = 3000ms (default)
2025-05-14 02:53:38,081 [d4e44fd7-0e23-4e4f-bc30-0c7965de497d-groupManagement] INFO  server.RaftServerConfigKeys (ConfUtils.java:logGet(46)) - raft.server.log.appender.install.snapshot.enabled = false (custom)
2025-05-14 02:53:38,081 [d4e44fd7-0e23-4e4f-bc30-0c7965de497d-groupManagement] INFO  server.RaftServerConfigKeys (ConfUtils.java:logGet(46)) - raft.server.threadpool.server.cached = true (default)
2025-05-14 02:53:38,081 [d4e44fd7-0e23-4e4f-bc30-0c7965de497d-groupManagement] INFO  server.RaftServerConfigKeys (ConfUtils.java:logGet(46)) - raft.server.threadpool.server.size = 0 (default)
2025-05-14 02:53:38,081 [d4e44fd7-0e23-4e4f-bc30-0c7965de497d-groupManagement] INFO  server.RaftServerConfigKeys (ConfUtils.java:logGet(46)) - raft.server.threadpool.client.cached = true (default)
2025-05-14 02:53:38,081 [d4e44fd7-0e23-4e4f-bc30-0c7965de497d-groupManagement] INFO  server.RaftServerConfigKeys (ConfUtils.java:logGet(46)) - raft.server.threadpool.client.size = 0 (default)
2025-05-14 02:53:38,081 [d4e44fd7-0e23-4e4f-bc30-0c7965de497d-groupManagement] INFO  server.RaftServerConfigKeys (ConfUtils.java:logGet(46)) - raft.server.storage.free-space.min = 0MB (=0) (default)
2025-05-14 02:53:38,081 [d4e44fd7-0e23-4e4f-bc30-0c7965de497d-groupManagement] INFO  server.RaftServerConfigKeys (ConfUtils.java:logGet(46)) - raft.server.log.corruption.policy = EXCEPTION (default)
2025-05-14 02:53:38,081 [d4e44fd7-0e23-4e4f-bc30-0c7965de497d-groupManagement] INFO  server.RaftServerConfigKeys (ConfUtils.java:logGet(46)) - raft.server.storage.dir = [/home/runner/work/ozone/ozone/hadoop-ozone/integration-test/target/test-dir/MiniOzoneClusterImpl-af940217-b311-440f-8e09-352fdf66236b/ozone-meta/datanode-4/ratis] (custom)
2025-05-14 02:53:38,082 [d4e44fd7-0e23-4e4f-bc30-0c7965de497d-groupManagement] INFO  storage.RaftStorageDirectory (RaftStorageDirectoryImpl.java:analyzeStorage(138)) - The storage directory /home/runner/work/ozone/ozone/hadoop-ozone/integration-test/target/test-dir/MiniOzoneClusterImpl-af940217-b311-440f-8e09-352fdf66236b/ozone-meta/datanode-4/ratis/8155a67b-a88a-4cce-aefd-90b7bbecbc71 does not exist. Creating ...
2025-05-14 02:53:38,083 [d4e44fd7-0e23-4e4f-bc30-0c7965de497d-groupManagement] INFO  storage.RaftStorageDirectory (RaftStorageDirectoryImpl.java:tryLock(229)) - Lock on /home/runner/work/ozone/ozone/hadoop-ozone/integration-test/target/test-dir/MiniOzoneClusterImpl-af940217-b311-440f-8e09-352fdf66236b/ozone-meta/datanode-4/ratis/8155a67b-a88a-4cce-aefd-90b7bbecbc71/in_use.lock acquired by nodename 34763@localhost
2025-05-14 02:53:38,084 [d4e44fd7-0e23-4e4f-bc30-0c7965de497d-groupManagement] INFO  storage.RaftStorage (RaftStorageImpl.java:format(98)) - Storage directory /home/runner/work/ozone/ozone/hadoop-ozone/integration-test/target/test-dir/MiniOzoneClusterImpl-af940217-b311-440f-8e09-352fdf66236b/ozone-meta/datanode-4/ratis/8155a67b-a88a-4cce-aefd-90b7bbecbc71 has been successfully formatted.
2025-05-14 02:53:38,084 [d4e44fd7-0e23-4e4f-bc30-0c7965de497d-groupManagement] INFO  ratis.ContainerStateMachine (ContainerStateMachine.java:initialize(339)) - d4e44fd7-0e23-4e4f-bc30-0c7965de497d: initialize group-90B7BBECBC71
2025-05-14 02:53:38,085 [d4e44fd7-0e23-4e4f-bc30-0c7965de497d-groupManagement] INFO  ratis.ContainerStateMachine (ContainerStateMachine.java:loadSnapshot(347)) - group-90B7BBECBC71: The snapshot info is null. Setting the last applied index to:(t:0, i:~)
2025-05-14 02:53:38,085 [d4e44fd7-0e23-4e4f-bc30-0c7965de497d-groupManagement] INFO  server.RaftServerConfigKeys (ConfUtils.java:logGet(46)) - raft.server.log.use.memory = false (default)
2025-05-14 02:53:38,085 [d4e44fd7-0e23-4e4f-bc30-0c7965de497d-groupManagement] INFO  server.RaftServerConfigKeys (ConfUtils.java:logGet(46)) - raft.server.log.purge.gap = 1000000 (custom)
2025-05-14 02:53:38,085 [d4e44fd7-0e23-4e4f-bc30-0c7965de497d-groupManagement] INFO  server.RaftServerConfigKeys (ConfUtils.java:logGet(46)) - raft.server.log.appender.buffer.byte-limit = 33554432 (custom)
2025-05-14 02:53:38,085 [d4e44fd7-0e23-4e4f-bc30-0c7965de497d-groupManagement] INFO  server.RaftServerConfigKeys (ConfUtils.java:logGet(46)) - raft.server.log.statemachine.data.read.timeout = 1000ms (default)
2025-05-14 02:53:38,085 [d4e44fd7-0e23-4e4f-bc30-0c7965de497d-groupManagement] INFO  server.RaftServerConfigKeys (ConfUtils.java:logGet(46)) - raft.server.log.purge.preservation.log.num = 0 (default)
2025-05-14 02:53:38,087 [EventQueue-PipelineReportForOneReplicaPipelineSafeModeRule] INFO  safemode.SCMSafeModeManager (SCMSafeModeManager.java:validateSafeModeExitRules(140)) - AtleastOneDatanodeReportedRule rule is successfully validated
2025-05-14 02:53:38,088 [EventQueue-OpenPipelineForHealthyPipelineSafeModeRule] INFO  safemode.SCMSafeModeManager (HealthyPipelineSafeModeRule.java:process(141)) - SCM in safe mode. Healthy pipelines reported count is 0, required healthy pipeline reported count is 1
2025-05-14 02:53:38,090 [d4e44fd7-0e23-4e4f-bc30-0c7965de497d-groupManagement] INFO  server.RaftServerConfigKeys (ConfUtils.java:logGet(46)) - raft.server.log.segment.size.max = 67108864 (custom)
2025-05-14 02:53:38,091 [d4e44fd7-0e23-4e4f-bc30-0c7965de497d-groupManagement] INFO  server.RaftServerConfigKeys (ConfUtils.java:logGet(46)) - raft.server.log.segment.cache.num.max = 2 (custom)
2025-05-14 02:53:38,092 [d4e44fd7-0e23-4e4f-bc30-0c7965de497d-groupManagement] INFO  server.RaftServerConfigKeys (ConfUtils.java:logGet(46)) - raft.server.log.segment.cache.size.max = 200MB (=209715200) (default)
2025-05-14 02:53:38,092 [d4e44fd7-0e23-4e4f-bc30-0c7965de497d-groupManagement] INFO  server.RaftServerConfigKeys (ConfUtils.java:logGet(46)) - raft.server.log.appender.buffer.byte-limit = 33554432 (custom)
2025-05-14 02:53:38,092 [EventQueue-PipelineReportForOneReplicaPipelineSafeModeRule] INFO  safemode.SCMSafeModeManager (SCMSafeModeManager.java:validateSafeModeExitRules(140)) - AtleastOneDatanodeReportedRule rule is successfully validated
2025-05-14 02:53:38,093 [EventQueue-OpenPipelineForHealthyPipelineSafeModeRule] INFO  safemode.SCMSafeModeManager (HealthyPipelineSafeModeRule.java:process(141)) - SCM in safe mode. Healthy pipelines reported count is 0, required healthy pipeline reported count is 1
2025-05-14 02:53:38,093 [d4e44fd7-0e23-4e4f-bc30-0c7965de497d-groupManagement] INFO  util.AwaitToRun (AwaitToRun.java:start(81)) - Thread[#1265,d4e44fd7-0e23-4e4f-bc30-0c7965de497d@group-90B7BBECBC71-cacheEviction-AwaitToRun,5,main] started
2025-05-14 02:53:38,094 [d4e44fd7-0e23-4e4f-bc30-0c7965de497d-groupManagement] INFO  segmented.SegmentedRaftLogWorker (SegmentedRaftLogWorker.java:<init>(188)) - new d4e44fd7-0e23-4e4f-bc30-0c7965de497d@group-90B7BBECBC71-SegmentedRaftLogWorker for RaftStorageImpl:Storage Directory /home/runner/work/ozone/ozone/hadoop-ozone/integration-test/target/test-dir/MiniOzoneClusterImpl-af940217-b311-440f-8e09-352fdf66236b/ozone-meta/datanode-4/ratis/8155a67b-a88a-4cce-aefd-90b7bbecbc71
2025-05-14 02:53:38,094 [d4e44fd7-0e23-4e4f-bc30-0c7965de497d-groupManagement] INFO  server.RaftServerConfigKeys (ConfUtils.java:logGet(46)) - raft.server.log.queue.byte-limit = 4294967296 (custom)
2025-05-14 02:53:38,094 [d4e44fd7-0e23-4e4f-bc30-0c7965de497d-groupManagement] INFO  server.RaftServerConfigKeys (ConfUtils.java:logGet(46)) - raft.server.log.queue.element-limit = 1024 (custom)
2025-05-14 02:53:38,094 [d4e44fd7-0e23-4e4f-bc30-0c7965de497d-groupManagement] INFO  server.RaftServerConfigKeys (ConfUtils.java:logGet(46)) - raft.server.log.segment.size.max = 67108864 (custom)
2025-05-14 02:53:38,094 [d4e44fd7-0e23-4e4f-bc30-0c7965de497d-groupManagement] INFO  server.RaftServerConfigKeys (ConfUtils.java:logGet(46)) - raft.server.log.preallocated.size = 4194304 (custom)
2025-05-14 02:53:38,094 [d4e44fd7-0e23-4e4f-bc30-0c7965de497d-groupManagement] INFO  server.RaftServerConfigKeys (ConfUtils.java:logGet(46)) - raft.server.log.force.sync.num = 128 (default)
2025-05-14 02:53:38,094 [d4e44fd7-0e23-4e4f-bc30-0c7965de497d-groupManagement] INFO  server.RaftServerConfigKeys (ConfUtils.java:logGet(46)) - raft.server.log.statemachine.data.sync = true (default)
2025-05-14 02:53:38,094 [d4e44fd7-0e23-4e4f-bc30-0c7965de497d-groupManagement] INFO  server.RaftServerConfigKeys (ConfUtils.java:logGet(46)) - raft.server.log.statemachine.data.sync.timeout = 10s (default)
2025-05-14 02:53:38,094 [d4e44fd7-0e23-4e4f-bc30-0c7965de497d-groupManagement] INFO  server.RaftServerConfigKeys (ConfUtils.java:logGet(46)) - raft.server.log.statemachine.data.sync.timeout.retry = 30 (custom)
2025-05-14 02:53:38,095 [d4e44fd7-0e23-4e4f-bc30-0c7965de497d-groupManagement] INFO  server.RaftServerConfigKeys (ConfUtils.java:logGet(46)) - raft.server.log.write.buffer.size = 33554440 (custom)
2025-05-14 02:53:38,101 [d4e44fd7-0e23-4e4f-bc30-0c7965de497d-groupManagement] INFO  server.RaftServerConfigKeys (ConfUtils.java:logGet(46)) - raft.server.log.appender.buffer.byte-limit = 33554432 (custom)
2025-05-14 02:53:38,101 [d4e44fd7-0e23-4e4f-bc30-0c7965de497d-groupManagement] INFO  server.RaftServerConfigKeys (ConfUtils.java:logGet(46)) - raft.server.log.unsafe-flush.enabled = false (default)
2025-05-14 02:53:38,101 [d4e44fd7-0e23-4e4f-bc30-0c7965de497d-groupManagement] INFO  server.RaftServerConfigKeys (ConfUtils.java:logGet(46)) - raft.server.log.async-flush.enabled = false (default)
2025-05-14 02:53:38,101 [d4e44fd7-0e23-4e4f-bc30-0c7965de497d-groupManagement] INFO  server.RaftServerConfigKeys (ConfUtils.java:logGet(46)) - raft.server.log.statemachine.data.caching.enabled = true (custom)
2025-05-14 02:53:38,102 [d4e44fd7-0e23-4e4f-bc30-0c7965de497d-groupManagement] INFO  segmented.SegmentedRaftLogWorker (SegmentedRaftLogWorker.java:lambda$new$0(139)) - d4e44fd7-0e23-4e4f-bc30-0c7965de497d@group-90B7BBECBC71-SegmentedRaftLogWorker: flushIndex: setUnconditionally 0 -> -1
2025-05-14 02:53:38,102 [d4e44fd7-0e23-4e4f-bc30-0c7965de497d-groupManagement] INFO  segmented.SegmentedRaftLogWorker (SegmentedRaftLogWorker.java:lambda$new$0(139)) - d4e44fd7-0e23-4e4f-bc30-0c7965de497d@group-90B7BBECBC71-SegmentedRaftLogWorker: safeCacheEvictIndex: setUnconditionally 0 -> -1
2025-05-14 02:53:38,102 [d4e44fd7-0e23-4e4f-bc30-0c7965de497d-groupManagement] INFO  server.RaftServer$Division (RaftServerImpl.java:start(391)) - d4e44fd7-0e23-4e4f-bc30-0c7965de497d@group-90B7BBECBC71: start as a follower, conf=conf: {index: -1, cur=peers:[d4e44fd7-0e23-4e4f-bc30-0c7965de497d|127.0.0.1:15039, e44b5a69-92f9-40f4-85c9-712e1c637b62|127.0.0.1:15047, c77e66e9-1cca-4fd3-bc5b-4ea2dbc3232f|127.0.0.1:15055]|listeners:[], old=null}
2025-05-14 02:53:38,102 [d4e44fd7-0e23-4e4f-bc30-0c7965de497d-groupManagement] INFO  server.RaftServer$Division (RaftServerImpl.java:setRole(378)) - d4e44fd7-0e23-4e4f-bc30-0c7965de497d@group-90B7BBECBC71: changes role from      null to FOLLOWER at term 0 for startAsFollower
2025-05-14 02:53:38,102 [d4e44fd7-0e23-4e4f-bc30-0c7965de497d-groupManagement] INFO  impl.RoleInfo (RoleInfo.java:updateAndGet(148)) - d4e44fd7-0e23-4e4f-bc30-0c7965de497d: start d4e44fd7-0e23-4e4f-bc30-0c7965de497d@group-90B7BBECBC71-FollowerState
2025-05-14 02:53:38,103 [d4e44fd7-0e23-4e4f-bc30-0c7965de497d-groupManagement] INFO  util.JmxRegister (JmxRegister.java:tryRegister(44)) - Successfully registered JMX Bean with object name Ratis:service=RaftServer,group=group-90B7BBECBC71,id=d4e44fd7-0e23-4e4f-bc30-0c7965de497d
2025-05-14 02:53:38,103 [d4e44fd7-0e23-4e4f-bc30-0c7965de497d-groupManagement] INFO  util.JmxRegister (JmxRegister.java:register(58)) - register mxBean class org.apache.ratis.server.impl.RaftServerJmxAdapter as Ratis:service=RaftServer,group=group-90B7BBECBC71,id=d4e44fd7-0e23-4e4f-bc30-0c7965de497d
2025-05-14 02:53:38,103 [d4e44fd7-0e23-4e4f-bc30-0c7965de497d@group-90B7BBECBC71-FollowerState] INFO  server.RaftServerConfigKeys (ConfUtils.java:logGet(46)) - raft.server.rpc.first-election.timeout.min = 1000ms (custom)
2025-05-14 02:53:38,103 [d4e44fd7-0e23-4e4f-bc30-0c7965de497d@group-90B7BBECBC71-FollowerState] INFO  server.RaftServerConfigKeys (ConfUtils.java:logGet(46)) - raft.server.rpc.first-election.timeout.max = 1200ms (custom)
2025-05-14 02:53:38,103 [d4e44fd7-0e23-4e4f-bc30-0c7965de497d-groupManagement] INFO  server.RaftServerConfigKeys (ConfUtils.java:logGet(46)) - raft.server.snapshot.trigger-when-stop.enabled = true (default)
2025-05-14 02:53:38,104 [d4e44fd7-0e23-4e4f-bc30-0c7965de497d-groupManagement] INFO  server.RaftServerConfigKeys (ConfUtils.java:logGet(46)) - raft.server.snapshot.trigger-when-remove.enabled = true (default)
2025-05-14 02:53:38,104 [d4e44fd7-0e23-4e4f-bc30-0c7965de497d-groupManagement] INFO  server.RaftServerConfigKeys (ConfUtils.java:logGet(46)) - raft.server.snapshot.auto.trigger.enabled = true (custom)
2025-05-14 02:53:38,104 [d4e44fd7-0e23-4e4f-bc30-0c7965de497d-groupManagement] INFO  server.RaftServerConfigKeys (ConfUtils.java:logGet(46)) - raft.server.snapshot.auto.trigger.threshold = 1 (custom)
2025-05-14 02:53:38,104 [d4e44fd7-0e23-4e4f-bc30-0c7965de497d-groupManagement] INFO  server.RaftServerConfigKeys (ConfUtils.java:logGet(46)) - raft.server.snapshot.retention.file.num = 5 (custom)
2025-05-14 02:53:38,104 [d4e44fd7-0e23-4e4f-bc30-0c7965de497d-groupManagement] INFO  server.RaftServerConfigKeys (ConfUtils.java:logGet(46)) - raft.server.log.purge.upto.snapshot.index = false (default)
2025-05-14 02:53:38,105 [d4e44fd7-0e23-4e4f-bc30-0c7965de497d-groupManagement] INFO  server.RaftServer$Division (RaftServerImpl.java:start(405)) - d4e44fd7-0e23-4e4f-bc30-0c7965de497d@group-90B7BBECBC71: Successfully started.
2025-05-14 02:53:38,105 [d4e44fd7-0e23-4e4f-bc30-0c7965de497d-PipelineCommandHandlerThread-0] INFO  ratis.XceiverServerRatis (XceiverServerRatis.java:addGroup(843)) - Created group PipelineID=8155a67b-a88a-4cce-aefd-90b7bbecbc71
2025-05-14 02:53:38,114 [EventQueue-PipelineReportForOneReplicaPipelineSafeModeRule] INFO  safemode.SCMSafeModeManager (SCMSafeModeManager.java:validateSafeModeExitRules(140)) - AtleastOneDatanodeReportedRule rule is successfully validated
2025-05-14 02:53:38,118 [grpc-default-executor-0] INFO  server.RaftServer (RaftServerProxy.java:addNew(100)) - e44b5a69-92f9-40f4-85c9-712e1c637b62: addNew group-90B7BBECBC71:[d4e44fd7-0e23-4e4f-bc30-0c7965de497d|127.0.0.1:15039, e44b5a69-92f9-40f4-85c9-712e1c637b62|127.0.0.1:15047, c77e66e9-1cca-4fd3-bc5b-4ea2dbc3232f|127.0.0.1:15055] returns group-90B7BBECBC71:java.util.concurrent.CompletableFuture@77b3c70f[Not completed]
2025-05-14 02:53:38,121 [e44b5a69-92f9-40f4-85c9-712e1c637b62-groupManagement] INFO  server.RaftServer$Division (RaftServerImpl.java:<init>(255)) - e44b5a69-92f9-40f4-85c9-712e1c637b62: new RaftServerImpl for group-90B7BBECBC71:[d4e44fd7-0e23-4e4f-bc30-0c7965de497d|127.0.0.1:15039, e44b5a69-92f9-40f4-85c9-712e1c637b62|127.0.0.1:15047, c77e66e9-1cca-4fd3-bc5b-4ea2dbc3232f|127.0.0.1:15055] with ContainerStateMachine:uninitialized
2025-05-14 02:53:38,121 [e44b5a69-92f9-40f4-85c9-712e1c637b62-groupManagement] INFO  server.RaftServerConfigKeys (ConfUtils.java:logGet(46)) - raft.server.rpc.timeout.min = 5s (custom)
2025-05-14 02:53:38,121 [e44b5a69-92f9-40f4-85c9-712e1c637b62-groupManagement] INFO  server.RaftServerConfigKeys (ConfUtils.java:logGet(46)) - raft.server.rpc.timeout.max = 5200ms (custom)
2025-05-14 02:53:38,121 [e44b5a69-92f9-40f4-85c9-712e1c637b62-groupManagement] INFO  server.RaftServerConfigKeys (ConfUtils.java:logGet(46)) - raft.server.rpc.sleep.time = 25ms (default)
2025-05-14 02:53:38,121 [e44b5a69-92f9-40f4-85c9-712e1c637b62-groupManagement] INFO  server.RaftServerConfigKeys (ConfUtils.java:logGet(46)) - raft.server.rpc.slowness.timeout = 300000ms (custom)
2025-05-14 02:53:38,121 [e44b5a69-92f9-40f4-85c9-712e1c637b62-groupManagement] INFO  server.RaftServerConfigKeys (ConfUtils.java:logGet(46)) - raft.server.leaderelection.leader.step-down.wait-time = 10s (default)
2025-05-14 02:53:38,121 [e44b5a69-92f9-40f4-85c9-712e1c637b62-groupManagement] INFO  server.RaftServerConfigKeys (ConfUtils.java:logGet(46)) - raft.server.leaderelection.member.majority-add = false (default)
2025-05-14 02:53:38,121 [e44b5a69-92f9-40f4-85c9-712e1c637b62-groupManagement] INFO  server.RaftServerConfigKeys (ConfUtils.java:logGet(46)) - raft.server.sleep.deviation.threshold = 300ms (default)
2025-05-14 02:53:38,121 [e44b5a69-92f9-40f4-85c9-712e1c637b62-groupManagement] INFO  server.RaftServer$Division (ServerState.java:<init>(114)) - e44b5a69-92f9-40f4-85c9-712e1c637b62@group-90B7BBECBC71: ConfigurationManager, init=conf: {index: -1, cur=peers:[d4e44fd7-0e23-4e4f-bc30-0c7965de497d|127.0.0.1:15039, e44b5a69-92f9-40f4-85c9-712e1c637b62|127.0.0.1:15047, c77e66e9-1cca-4fd3-bc5b-4ea2dbc3232f|127.0.0.1:15055]|listeners:[], old=null}, confs=<EMPTY_MAP>
2025-05-14 02:53:38,121 [e44b5a69-92f9-40f4-85c9-712e1c637b62-groupManagement] INFO  server.RaftServerConfigKeys (ConfUtils.java:logGet(46)) - raft.server.notification.no-leader.timeout = 300000ms (custom)
2025-05-14 02:53:38,121 [e44b5a69-92f9-40f4-85c9-712e1c637b62-groupManagement] INFO  server.RaftServerConfigKeys (ConfUtils.java:logGet(46)) - raft.server.read.timeout = 10s (default)
2025-05-14 02:53:38,121 [e44b5a69-92f9-40f4-85c9-712e1c637b62-groupManagement] INFO  server.RaftServerConfigKeys (ConfUtils.java:logGet(46)) - raft.server.retrycache.expirytime = 600000ms (custom)
2025-05-14 02:53:38,121 [e44b5a69-92f9-40f4-85c9-712e1c637b62-groupManagement] INFO  server.RaftServerConfigKeys (ConfUtils.java:logGet(46)) - raft.server.retrycache.statistics.expirytime = 100ms (default)
2025-05-14 02:53:38,122 [e44b5a69-92f9-40f4-85c9-712e1c637b62-groupManagement] INFO  server.RaftServerConfigKeys (ConfUtils.java:logGet(46)) - raft.server.read.option = DEFAULT (default)
2025-05-14 02:53:38,122 [e44b5a69-92f9-40f4-85c9-712e1c637b62-groupManagement] INFO  server.RaftServerConfigKeys (ConfUtils.java:logGet(46)) - raft.server.read.read-after-write-consistent.write-index-cache.expiry-time = 60s (default)
2025-05-14 02:53:38,126 [e44b5a69-92f9-40f4-85c9-712e1c637b62-groupManagement] INFO  server.RaftServerConfigKeys (ConfUtils.java:logGet(46)) - raft.server.rpc.request.timeout = 3000ms (default)
2025-05-14 02:53:38,127 [e44b5a69-92f9-40f4-85c9-712e1c637b62-groupManagement] INFO  server.RaftServerConfigKeys (ConfUtils.java:logGet(46)) - raft.server.log.appender.install.snapshot.enabled = false (custom)
2025-05-14 02:53:38,127 [e44b5a69-92f9-40f4-85c9-712e1c637b62-groupManagement] INFO  server.RaftServerConfigKeys (ConfUtils.java:logGet(46)) - raft.server.threadpool.server.cached = true (default)
2025-05-14 02:53:38,127 [e44b5a69-92f9-40f4-85c9-712e1c637b62-groupManagement] INFO  server.RaftServerConfigKeys (ConfUtils.java:logGet(46)) - raft.server.threadpool.server.size = 0 (default)
2025-05-14 02:53:38,127 [e44b5a69-92f9-40f4-85c9-712e1c637b62-groupManagement] INFO  server.RaftServerConfigKeys (ConfUtils.java:logGet(46)) - raft.server.threadpool.client.cached = true (default)
2025-05-14 02:53:38,127 [e44b5a69-92f9-40f4-85c9-712e1c637b62-groupManagement] INFO  server.RaftServerConfigKeys (ConfUtils.java:logGet(46)) - raft.server.threadpool.client.size = 0 (default)
2025-05-14 02:53:38,127 [e44b5a69-92f9-40f4-85c9-712e1c637b62-groupManagement] INFO  server.RaftServerConfigKeys (ConfUtils.java:logGet(46)) - raft.server.storage.free-space.min = 0MB (=0) (default)
2025-05-14 02:53:38,127 [e44b5a69-92f9-40f4-85c9-712e1c637b62-groupManagement] INFO  server.RaftServerConfigKeys (ConfUtils.java:logGet(46)) - raft.server.log.corruption.policy = EXCEPTION (default)
2025-05-14 02:53:38,127 [e44b5a69-92f9-40f4-85c9-712e1c637b62-groupManagement] INFO  server.RaftServerConfigKeys (ConfUtils.java:logGet(46)) - raft.server.storage.dir = [/home/runner/work/ozone/ozone/hadoop-ozone/integration-test/target/test-dir/MiniOzoneClusterImpl-af940217-b311-440f-8e09-352fdf66236b/ozone-meta/datanode-5/ratis] (custom)
2025-05-14 02:53:38,127 [e44b5a69-92f9-40f4-85c9-712e1c637b62-groupManagement] INFO  storage.RaftStorageDirectory (RaftStorageDirectoryImpl.java:analyzeStorage(138)) - The storage directory /home/runner/work/ozone/ozone/hadoop-ozone/integration-test/target/test-dir/MiniOzoneClusterImpl-af940217-b311-440f-8e09-352fdf66236b/ozone-meta/datanode-5/ratis/8155a67b-a88a-4cce-aefd-90b7bbecbc71 does not exist. Creating ...
2025-05-14 02:53:38,129 [e44b5a69-92f9-40f4-85c9-712e1c637b62-groupManagement] INFO  storage.RaftStorageDirectory (RaftStorageDirectoryImpl.java:tryLock(229)) - Lock on /home/runner/work/ozone/ozone/hadoop-ozone/integration-test/target/test-dir/MiniOzoneClusterImpl-af940217-b311-440f-8e09-352fdf66236b/ozone-meta/datanode-5/ratis/8155a67b-a88a-4cce-aefd-90b7bbecbc71/in_use.lock acquired by nodename 34763@localhost
2025-05-14 02:53:38,130 [e44b5a69-92f9-40f4-85c9-712e1c637b62-groupManagement] INFO  storage.RaftStorage (RaftStorageImpl.java:format(98)) - Storage directory /home/runner/work/ozone/ozone/hadoop-ozone/integration-test/target/test-dir/MiniOzoneClusterImpl-af940217-b311-440f-8e09-352fdf66236b/ozone-meta/datanode-5/ratis/8155a67b-a88a-4cce-aefd-90b7bbecbc71 has been successfully formatted.
2025-05-14 02:53:38,131 [e44b5a69-92f9-40f4-85c9-712e1c637b62-groupManagement] INFO  ratis.ContainerStateMachine (ContainerStateMachine.java:initialize(339)) - e44b5a69-92f9-40f4-85c9-712e1c637b62: initialize group-90B7BBECBC71
2025-05-14 02:53:38,131 [e44b5a69-92f9-40f4-85c9-712e1c637b62-groupManagement] INFO  ratis.ContainerStateMachine (ContainerStateMachine.java:loadSnapshot(347)) - group-90B7BBECBC71: The snapshot info is null. Setting the last applied index to:(t:0, i:~)
2025-05-14 02:53:38,131 [e44b5a69-92f9-40f4-85c9-712e1c637b62-groupManagement] INFO  server.RaftServerConfigKeys (ConfUtils.java:logGet(46)) - raft.server.log.use.memory = false (default)
2025-05-14 02:53:38,131 [e44b5a69-92f9-40f4-85c9-712e1c637b62-groupManagement] INFO  server.RaftServerConfigKeys (ConfUtils.java:logGet(46)) - raft.server.log.purge.gap = 1000000 (custom)
2025-05-14 02:53:38,131 [e44b5a69-92f9-40f4-85c9-712e1c637b62-groupManagement] INFO  server.RaftServerConfigKeys (ConfUtils.java:logGet(46)) - raft.server.log.appender.buffer.byte-limit = 33554432 (custom)
2025-05-14 02:53:38,131 [e44b5a69-92f9-40f4-85c9-712e1c637b62-groupManagement] INFO  server.RaftServerConfigKeys (ConfUtils.java:logGet(46)) - raft.server.log.statemachine.data.read.timeout = 1000ms (default)
2025-05-14 02:53:38,131 [e44b5a69-92f9-40f4-85c9-712e1c637b62-groupManagement] INFO  server.RaftServerConfigKeys (ConfUtils.java:logGet(46)) - raft.server.log.purge.preservation.log.num = 0 (default)
2025-05-14 02:53:38,133 [f8181075-ae63-407a-b17c-78185f7d70dd@group-4B591AE0C988-FollowerState] INFO  impl.FollowerState (FollowerState.java:runImpl(161)) - f8181075-ae63-407a-b17c-78185f7d70dd@group-4B591AE0C988-FollowerState: change to CANDIDATE, lastRpcElapsedTime:1090936655ns, electionTimeout:1090ms
2025-05-14 02:53:38,133 [f8181075-ae63-407a-b17c-78185f7d70dd@group-4B591AE0C988-FollowerState] INFO  impl.RoleInfo (RoleInfo.java:shutdownFollowerState(121)) - f8181075-ae63-407a-b17c-78185f7d70dd: shutdown f8181075-ae63-407a-b17c-78185f7d70dd@group-4B591AE0C988-FollowerState
2025-05-14 02:53:38,133 [f8181075-ae63-407a-b17c-78185f7d70dd@group-4B591AE0C988-FollowerState] INFO  server.RaftServer$Division (RaftServerImpl.java:setRole(378)) - f8181075-ae63-407a-b17c-78185f7d70dd@group-4B591AE0C988: changes role from  FOLLOWER to CANDIDATE at term 0 for changeToCandidate
2025-05-14 02:53:38,133 [f8181075-ae63-407a-b17c-78185f7d70dd@group-4B591AE0C988-FollowerState] INFO  server.RaftServerConfigKeys (ConfUtils.java:logGet(46)) - raft.server.leaderelection.pre-vote = true (default)
2025-05-14 02:53:38,133 [f8181075-ae63-407a-b17c-78185f7d70dd@group-4B591AE0C988-FollowerState] INFO  impl.RoleInfo (RoleInfo.java:updateAndGet(148)) - f8181075-ae63-407a-b17c-78185f7d70dd: start f8181075-ae63-407a-b17c-78185f7d70dd@group-4B591AE0C988-LeaderElection4
2025-05-14 02:53:38,134 [EventQueue-PipelineReportForOneReplicaPipelineSafeModeRule] INFO  safemode.SCMSafeModeManager (SCMSafeModeManager.java:validateSafeModeExitRules(140)) - AtleastOneDatanodeReportedRule rule is successfully validated
2025-05-14 02:53:38,135 [f8181075-ae63-407a-b17c-78185f7d70dd@group-4B591AE0C988-LeaderElection4] INFO  impl.LeaderElection (LeaderElection.java:askForVotes(332)) - f8181075-ae63-407a-b17c-78185f7d70dd@group-4B591AE0C988-LeaderElection4 PRE_VOTE round 0: submit vote requests at term 0 for conf: {index: -1, cur=peers:[f8181075-ae63-407a-b17c-78185f7d70dd|127.0.0.1:15015]|listeners:[], old=null}
2025-05-14 02:53:38,135 [f8181075-ae63-407a-b17c-78185f7d70dd@group-4B591AE0C988-LeaderElection4] INFO  impl.LeaderElection (LeaderElection.java:askForVotes(334)) - f8181075-ae63-407a-b17c-78185f7d70dd@group-4B591AE0C988-LeaderElection4 PRE_VOTE round 0: result PASSED (term=0)
2025-05-14 02:53:38,136 [EventQueue-PipelineReportForOneReplicaPipelineSafeModeRule] INFO  safemode.SCMSafeModeManager (SCMSafeModeManager.java:validateSafeModeExitRules(140)) - AtleastOneDatanodeReportedRule rule is successfully validated
2025-05-14 02:53:38,137 [e44b5a69-92f9-40f4-85c9-712e1c637b62-groupManagement] INFO  server.RaftServerConfigKeys (ConfUtils.java:logGet(46)) - raft.server.log.segment.size.max = 67108864 (custom)
2025-05-14 02:53:38,137 [e44b5a69-92f9-40f4-85c9-712e1c637b62-groupManagement] INFO  server.RaftServerConfigKeys (ConfUtils.java:logGet(46)) - raft.server.log.segment.cache.num.max = 2 (custom)
2025-05-14 02:53:38,137 [e44b5a69-92f9-40f4-85c9-712e1c637b62-groupManagement] INFO  server.RaftServerConfigKeys (ConfUtils.java:logGet(46)) - raft.server.log.segment.cache.size.max = 200MB (=209715200) (default)
2025-05-14 02:53:38,137 [e44b5a69-92f9-40f4-85c9-712e1c637b62-groupManagement] INFO  server.RaftServerConfigKeys (ConfUtils.java:logGet(46)) - raft.server.log.appender.buffer.byte-limit = 33554432 (custom)
2025-05-14 02:53:38,137 [f8181075-ae63-407a-b17c-78185f7d70dd@group-4B591AE0C988-LeaderElection4] INFO  impl.LeaderElection (LeaderElection.java:askForVotes(332)) - f8181075-ae63-407a-b17c-78185f7d70dd@group-4B591AE0C988-LeaderElection4 ELECTION round 0: submit vote requests at term 1 for conf: {index: -1, cur=peers:[f8181075-ae63-407a-b17c-78185f7d70dd|127.0.0.1:15015]|listeners:[], old=null}
2025-05-14 02:53:38,137 [f8181075-ae63-407a-b17c-78185f7d70dd@group-4B591AE0C988-LeaderElection4] INFO  impl.LeaderElection (LeaderElection.java:askForVotes(334)) - f8181075-ae63-407a-b17c-78185f7d70dd@group-4B591AE0C988-LeaderElection4 ELECTION round 0: result PASSED (term=1)
2025-05-14 02:53:38,137 [f8181075-ae63-407a-b17c-78185f7d70dd@group-4B591AE0C988-LeaderElection4] INFO  impl.RoleInfo (RoleInfo.java:shutdownLeaderElection(141)) - f8181075-ae63-407a-b17c-78185f7d70dd: shutdown f8181075-ae63-407a-b17c-78185f7d70dd@group-4B591AE0C988-LeaderElection4
2025-05-14 02:53:38,138 [f8181075-ae63-407a-b17c-78185f7d70dd@group-4B591AE0C988-LeaderElection4] INFO  server.RaftServer$Division (RaftServerImpl.java:setRole(378)) - f8181075-ae63-407a-b17c-78185f7d70dd@group-4B591AE0C988: changes role from CANDIDATE to LEADER at term 1 for changeToLeader
2025-05-14 02:53:38,138 [f8181075-ae63-407a-b17c-78185f7d70dd@group-4B591AE0C988-LeaderElection4] INFO  server.RaftServerConfigKeys (ConfUtils.java:logGet(46)) - raft.server.staging.catchup.gap = 1000 (default)
2025-05-14 02:53:38,138 [f8181075-ae63-407a-b17c-78185f7d70dd@group-4B591AE0C988-LeaderElection4] INFO  server.RaftServerConfigKeys (ConfUtils.java:logGet(46)) - raft.server.write.element-limit = 1024 (custom)
2025-05-14 02:53:38,138 [f8181075-ae63-407a-b17c-78185f7d70dd@group-4B591AE0C988-LeaderElection4] INFO  server.RaftServerConfigKeys (ConfUtils.java:logGet(46)) - raft.server.write.byte-limit = 1024 M (=1073741824) (custom)
2025-05-14 02:53:38,138 [f8181075-ae63-407a-b17c-78185f7d70dd@group-4B591AE0C988-LeaderElection4] INFO  server.RaftServerConfigKeys (ConfUtils.java:logGet(46)) - raft.server.watch.timeout = 10000ms (default)
2025-05-14 02:53:38,138 [f8181075-ae63-407a-b17c-78185f7d70dd@group-4B591AE0C988-LeaderElection4] INFO  server.RaftServerConfigKeys (ConfUtils.java:logGet(46)) - raft.server.watch.timeout.denomination = 1s (default)
2025-05-14 02:53:38,138 [f8181075-ae63-407a-b17c-78185f7d70dd@group-4B591AE0C988-LeaderElection4] INFO  server.RaftServerConfigKeys (ConfUtils.java:logGet(46)) - raft.server.watch.element-limit = 65536 (default)
2025-05-14 02:53:38,139 [e44b5a69-92f9-40f4-85c9-712e1c637b62-groupManagement] INFO  util.AwaitToRun (AwaitToRun.java:start(81)) - Thread[#1270,e44b5a69-92f9-40f4-85c9-712e1c637b62@group-90B7BBECBC71-cacheEviction-AwaitToRun,5,main] started
2025-05-14 02:53:38,139 [e44b5a69-92f9-40f4-85c9-712e1c637b62-groupManagement] INFO  segmented.SegmentedRaftLogWorker (SegmentedRaftLogWorker.java:<init>(188)) - new e44b5a69-92f9-40f4-85c9-712e1c637b62@group-90B7BBECBC71-SegmentedRaftLogWorker for RaftStorageImpl:Storage Directory /home/runner/work/ozone/ozone/hadoop-ozone/integration-test/target/test-dir/MiniOzoneClusterImpl-af940217-b311-440f-8e09-352fdf66236b/ozone-meta/datanode-5/ratis/8155a67b-a88a-4cce-aefd-90b7bbecbc71
2025-05-14 02:53:38,139 [e44b5a69-92f9-40f4-85c9-712e1c637b62-groupManagement] INFO  server.RaftServerConfigKeys (ConfUtils.java:logGet(46)) - raft.server.log.queue.byte-limit = 4294967296 (custom)
2025-05-14 02:53:38,139 [e44b5a69-92f9-40f4-85c9-712e1c637b62-groupManagement] INFO  server.RaftServerConfigKeys (ConfUtils.java:logGet(46)) - raft.server.log.queue.element-limit = 1024 (custom)
2025-05-14 02:53:38,139 [e44b5a69-92f9-40f4-85c9-712e1c637b62-groupManagement] INFO  server.RaftServerConfigKeys (ConfUtils.java:logGet(46)) - raft.server.log.segment.size.max = 67108864 (custom)
2025-05-14 02:53:38,139 [e44b5a69-92f9-40f4-85c9-712e1c637b62-groupManagement] INFO  server.RaftServerConfigKeys (ConfUtils.java:logGet(46)) - raft.server.log.preallocated.size = 4194304 (custom)
2025-05-14 02:53:38,139 [f8181075-ae63-407a-b17c-78185f7d70dd@group-4B591AE0C988-LeaderElection4] INFO  server.RaftServerConfigKeys (ConfUtils.java:logGet(46)) - raft.server.read.leader.lease.enabled = false (default)
2025-05-14 02:53:38,139 [f8181075-ae63-407a-b17c-78185f7d70dd@group-4B591AE0C988-LeaderElection4] INFO  server.RaftServerConfigKeys (ConfUtils.java:logGet(46)) - raft.server.read.leader.lease.timeout.ratio = 0.9 (default)
2025-05-14 02:53:38,139 [f8181075-ae63-407a-b17c-78185f7d70dd@group-4B591AE0C988-LeaderElection4] INFO  server.RaftServerConfigKeys (ConfUtils.java:logGet(46)) - raft.server.rpc.timeout.min = 5s (custom)
2025-05-14 02:53:38,139 [f8181075-ae63-407a-b17c-78185f7d70dd@group-4B591AE0C988-LeaderElection4] INFO  server.RaftServerConfigKeys (ConfUtils.java:logGet(46)) - raft.server.log.log-metadata.enabled = true (default)
2025-05-14 02:53:38,139 [f8181075-ae63-407a-b17c-78185f7d70dd@group-4B591AE0C988-LeaderElection4] INFO  server.RaftServerConfigKeys (ConfUtils.java:logGet(46)) - raft.server.write.element-limit = 1024 (custom)
2025-05-14 02:53:38,139 [f8181075-ae63-407a-b17c-78185f7d70dd@group-4B591AE0C988-LeaderElection4] INFO  server.RaftServerConfigKeys (ConfUtils.java:logGet(46)) - raft.server.write.follower.gap.ratio.max = -1.0 (default)
2025-05-14 02:53:38,139 [f8181075-ae63-407a-b17c-78185f7d70dd@group-4B591AE0C988-LeaderElection4] INFO  impl.RoleInfo (RoleInfo.java:updateAndGet(148)) - f8181075-ae63-407a-b17c-78185f7d70dd: start f8181075-ae63-407a-b17c-78185f7d70dd@group-4B591AE0C988-LeaderStateImpl
2025-05-14 02:53:38,139 [f8181075-ae63-407a-b17c-78185f7d70dd@group-4B591AE0C988-LeaderElection4] INFO  server.RaftServer$Division (RaftServerImpl.java:setFirstElection(562)) - f8181075-ae63-407a-b17c-78185f7d70dd@group-4B591AE0C988: set firstElectionSinceStartup to false for becomeLeader
2025-05-14 02:53:38,140 [f8181075-ae63-407a-b17c-78185f7d70dd@group-4B591AE0C988-LeaderElection4] INFO  ratis.XceiverServerRatis (XceiverServerRatis.java:handleLeaderChangedNotification(944)) - Leader change notification received for group: group-4B591AE0C988 with new leaderId: f8181075-ae63-407a-b17c-78185f7d70dd
2025-05-14 02:53:38,139 [e44b5a69-92f9-40f4-85c9-712e1c637b62-groupManagement] INFO  server.RaftServerConfigKeys (ConfUtils.java:logGet(46)) - raft.server.log.force.sync.num = 128 (default)
2025-05-14 02:53:38,140 [e44b5a69-92f9-40f4-85c9-712e1c637b62-groupManagement] INFO  server.RaftServerConfigKeys (ConfUtils.java:logGet(46)) - raft.server.log.statemachine.data.sync = true (default)
2025-05-14 02:53:38,140 [e44b5a69-92f9-40f4-85c9-712e1c637b62-groupManagement] INFO  server.RaftServerConfigKeys (ConfUtils.java:logGet(46)) - raft.server.log.statemachine.data.sync.timeout = 10s (default)
2025-05-14 02:53:38,140 [e44b5a69-92f9-40f4-85c9-712e1c637b62-groupManagement] INFO  server.RaftServerConfigKeys (ConfUtils.java:logGet(46)) - raft.server.log.statemachine.data.sync.timeout.retry = 30 (custom)
2025-05-14 02:53:38,140 [e44b5a69-92f9-40f4-85c9-712e1c637b62-groupManagement] INFO  server.RaftServerConfigKeys (ConfUtils.java:logGet(46)) - raft.server.log.write.buffer.size = 33554440 (custom)
2025-05-14 02:53:38,140 [e44b5a69-92f9-40f4-85c9-712e1c637b62-PipelineCommandHandlerThread-0] INFO  server.RaftServer (RaftServerProxy.java:addNew(100)) - e44b5a69-92f9-40f4-85c9-712e1c637b62: addNew group-512D7B449058:[e44b5a69-92f9-40f4-85c9-712e1c637b62|127.0.0.1:15047] returns group-512D7B449058:java.util.concurrent.CompletableFuture@159ad870[Not completed]
2025-05-14 02:53:38,143 [f8181075-ae63-407a-b17c-78185f7d70dd@group-4B591AE0C988-LeaderElection4] INFO  server.RaftServer$Division (ServerState.java:setLeader(272)) - f8181075-ae63-407a-b17c-78185f7d70dd@group-4B591AE0C988: change Leader from null to f8181075-ae63-407a-b17c-78185f7d70dd at term 1 for becomeLeader, leader elected after 1130ms
2025-05-14 02:53:38,143 [f8181075-ae63-407a-b17c-78185f7d70dd@group-4B591AE0C988-LeaderElection4] INFO  segmented.SegmentedRaftLogWorker (SegmentedRaftLogWorker.java:startLogSegment(438)) - f8181075-ae63-407a-b17c-78185f7d70dd@group-4B591AE0C988-SegmentedRaftLogWorker: Starting segment from index:0
2025-05-14 02:53:38,143 [f8181075-ae63-407a-b17c-78185f7d70dd@group-4B591AE0C988-SegmentedRaftLogWorker] INFO  segmented.BufferedWriteChannel (BufferedWriteChannel.java:open(61)) - open log_inprogress_0 at position 0
2025-05-14 02:53:38,145 [EventQueue-OpenPipelineForHealthyPipelineSafeModeRule] INFO  safemode.SCMSafeModeManager (HealthyPipelineSafeModeRule.java:process(141)) - SCM in safe mode. Healthy pipelines reported count is 0, required healthy pipeline reported count is 1
2025-05-14 02:53:38,146 [EventQueue-PipelineReportForOneReplicaPipelineSafeModeRule] INFO  safemode.SCMSafeModeManager (SCMSafeModeManager.java:validateSafeModeExitRules(140)) - AtleastOneDatanodeReportedRule rule is successfully validated
2025-05-14 02:53:38,144 [f8181075-ae63-407a-b17c-78185f7d70dd@group-4B591AE0C988-LeaderElection4] INFO  server.RaftServer$Division (ServerState.java:setRaftConf(386)) - f8181075-ae63-407a-b17c-78185f7d70dd@group-4B591AE0C988: set configuration conf: {index: 0, cur=peers:[f8181075-ae63-407a-b17c-78185f7d70dd|127.0.0.1:15015]|listeners:[], old=null}
2025-05-14 02:53:38,150 [e44b5a69-92f9-40f4-85c9-712e1c637b62-groupManagement] INFO  server.RaftServerConfigKeys (ConfUtils.java:logGet(46)) - raft.server.log.appender.buffer.byte-limit = 33554432 (custom)
2025-05-14 02:53:38,151 [e44b5a69-92f9-40f4-85c9-712e1c637b62-groupManagement] INFO  server.RaftServerConfigKeys (ConfUtils.java:logGet(46)) - raft.server.log.unsafe-flush.enabled = false (default)
2025-05-14 02:53:38,151 [e44b5a69-92f9-40f4-85c9-712e1c637b62-groupManagement] INFO  server.RaftServerConfigKeys (ConfUtils.java:logGet(46)) - raft.server.log.async-flush.enabled = false (default)
2025-05-14 02:53:38,151 [e44b5a69-92f9-40f4-85c9-712e1c637b62-groupManagement] INFO  server.RaftServerConfigKeys (ConfUtils.java:logGet(46)) - raft.server.log.statemachine.data.caching.enabled = true (custom)
2025-05-14 02:53:38,151 [e44b5a69-92f9-40f4-85c9-712e1c637b62-groupManagement] INFO  segmented.SegmentedRaftLogWorker (SegmentedRaftLogWorker.java:lambda$new$0(139)) - e44b5a69-92f9-40f4-85c9-712e1c637b62@group-90B7BBECBC71-SegmentedRaftLogWorker: flushIndex: setUnconditionally 0 -> -1
2025-05-14 02:53:38,151 [e44b5a69-92f9-40f4-85c9-712e1c637b62-groupManagement] INFO  segmented.SegmentedRaftLogWorker (SegmentedRaftLogWorker.java:lambda$new$0(139)) - e44b5a69-92f9-40f4-85c9-712e1c637b62@group-90B7BBECBC71-SegmentedRaftLogWorker: safeCacheEvictIndex: setUnconditionally 0 -> -1
2025-05-14 02:53:38,151 [e44b5a69-92f9-40f4-85c9-712e1c637b62-groupManagement] INFO  server.RaftServer$Division (RaftServerImpl.java:start(391)) - e44b5a69-92f9-40f4-85c9-712e1c637b62@group-90B7BBECBC71: start as a follower, conf=conf: {index: -1, cur=peers:[d4e44fd7-0e23-4e4f-bc30-0c7965de497d|127.0.0.1:15039, e44b5a69-92f9-40f4-85c9-712e1c637b62|127.0.0.1:15047, c77e66e9-1cca-4fd3-bc5b-4ea2dbc3232f|127.0.0.1:15055]|listeners:[], old=null}
2025-05-14 02:53:38,151 [e44b5a69-92f9-40f4-85c9-712e1c637b62-groupManagement] INFO  server.RaftServer$Division (RaftServerImpl.java:setRole(378)) - e44b5a69-92f9-40f4-85c9-712e1c637b62@group-90B7BBECBC71: changes role from      null to FOLLOWER at term 0 for startAsFollower
2025-05-14 02:53:38,151 [e44b5a69-92f9-40f4-85c9-712e1c637b62-groupManagement] INFO  impl.RoleInfo (RoleInfo.java:updateAndGet(148)) - e44b5a69-92f9-40f4-85c9-712e1c637b62: start e44b5a69-92f9-40f4-85c9-712e1c637b62@group-90B7BBECBC71-FollowerState
2025-05-14 02:53:38,152 [e44b5a69-92f9-40f4-85c9-712e1c637b62@group-90B7BBECBC71-FollowerState] INFO  server.RaftServerConfigKeys (ConfUtils.java:logGet(46)) - raft.server.rpc.first-election.timeout.min = 1000ms (custom)
2025-05-14 02:53:38,152 [e44b5a69-92f9-40f4-85c9-712e1c637b62-groupManagement] INFO  util.JmxRegister (JmxRegister.java:tryRegister(44)) - Successfully registered JMX Bean with object name Ratis:service=RaftServer,group=group-90B7BBECBC71,id=e44b5a69-92f9-40f4-85c9-712e1c637b62
2025-05-14 02:53:38,152 [e44b5a69-92f9-40f4-85c9-712e1c637b62@group-90B7BBECBC71-FollowerState] INFO  server.RaftServerConfigKeys (ConfUtils.java:logGet(46)) - raft.server.rpc.first-election.timeout.max = 1200ms (custom)
2025-05-14 02:53:38,152 [e44b5a69-92f9-40f4-85c9-712e1c637b62-groupManagement] INFO  util.JmxRegister (JmxRegister.java:register(58)) - register mxBean class org.apache.ratis.server.impl.RaftServerJmxAdapter as Ratis:service=RaftServer,group=group-90B7BBECBC71,id=e44b5a69-92f9-40f4-85c9-712e1c637b62
2025-05-14 02:53:38,152 [e44b5a69-92f9-40f4-85c9-712e1c637b62-groupManagement] INFO  server.RaftServerConfigKeys (ConfUtils.java:logGet(46)) - raft.server.snapshot.trigger-when-stop.enabled = true (default)
2025-05-14 02:53:38,152 [e44b5a69-92f9-40f4-85c9-712e1c637b62-groupManagement] INFO  server.RaftServerConfigKeys (ConfUtils.java:logGet(46)) - raft.server.snapshot.trigger-when-remove.enabled = true (default)
2025-05-14 02:53:38,153 [e44b5a69-92f9-40f4-85c9-712e1c637b62-groupManagement] INFO  server.RaftServerConfigKeys (ConfUtils.java:logGet(46)) - raft.server.snapshot.auto.trigger.enabled = true (custom)
2025-05-14 02:53:38,153 [e44b5a69-92f9-40f4-85c9-712e1c637b62-groupManagement] INFO  server.RaftServerConfigKeys (ConfUtils.java:logGet(46)) - raft.server.snapshot.auto.trigger.threshold = 1 (custom)
2025-05-14 02:53:38,153 [e44b5a69-92f9-40f4-85c9-712e1c637b62-groupManagement] INFO  server.RaftServerConfigKeys (ConfUtils.java:logGet(46)) - raft.server.snapshot.retention.file.num = 5 (custom)
2025-05-14 02:53:38,153 [e44b5a69-92f9-40f4-85c9-712e1c637b62-groupManagement] INFO  server.RaftServerConfigKeys (ConfUtils.java:logGet(46)) - raft.server.log.purge.upto.snapshot.index = false (default)
2025-05-14 02:53:38,154 [e44b5a69-92f9-40f4-85c9-712e1c637b62-groupManagement] INFO  server.RaftServer$Division (RaftServerImpl.java:start(405)) - e44b5a69-92f9-40f4-85c9-712e1c637b62@group-90B7BBECBC71: Successfully started.
2025-05-14 02:53:38,156 [f8181075-ae63-407a-b17c-78185f7d70dd@group-4B591AE0C988-SegmentedRaftLogWorker] INFO  segmented.SegmentedRaftLogWorker (SegmentedRaftLogWorker.java:execute(644)) - f8181075-ae63-407a-b17c-78185f7d70dd@group-4B591AE0C988-SegmentedRaftLogWorker: created new log segment /home/runner/work/ozone/ozone/hadoop-ozone/integration-test/target/test-dir/MiniOzoneClusterImpl-af940217-b311-440f-8e09-352fdf66236b/ozone-meta/datanode-1/ratis/c28f6734-6a6e-4997-be64-4b591ae0c988/current/log_inprogress_0
2025-05-14 02:53:38,158 [e44b5a69-92f9-40f4-85c9-712e1c637b62-groupManagement] INFO  server.RaftServer$Division (RaftServerImpl.java:<init>(255)) - e44b5a69-92f9-40f4-85c9-712e1c637b62: new RaftServerImpl for group-512D7B449058:[e44b5a69-92f9-40f4-85c9-712e1c637b62|127.0.0.1:15047] with ContainerStateMachine:uninitialized
2025-05-14 02:53:38,158 [e44b5a69-92f9-40f4-85c9-712e1c637b62-groupManagement] INFO  server.RaftServerConfigKeys (ConfUtils.java:logGet(46)) - raft.server.rpc.timeout.min = 5s (custom)
2025-05-14 02:53:38,158 [e44b5a69-92f9-40f4-85c9-712e1c637b62-groupManagement] INFO  server.RaftServerConfigKeys (ConfUtils.java:logGet(46)) - raft.server.rpc.timeout.max = 5200ms (custom)
2025-05-14 02:53:38,158 [e44b5a69-92f9-40f4-85c9-712e1c637b62-groupManagement] INFO  server.RaftServerConfigKeys (ConfUtils.java:logGet(46)) - raft.server.rpc.sleep.time = 25ms (default)
2025-05-14 02:53:38,158 [e44b5a69-92f9-40f4-85c9-712e1c637b62-groupManagement] INFO  server.RaftServerConfigKeys (ConfUtils.java:logGet(46)) - raft.server.rpc.slowness.timeout = 300000ms (custom)
2025-05-14 02:53:38,158 [e44b5a69-92f9-40f4-85c9-712e1c637b62-groupManagement] INFO  server.RaftServerConfigKeys (ConfUtils.java:logGet(46)) - raft.server.leaderelection.leader.step-down.wait-time = 10s (default)
2025-05-14 02:53:38,159 [e44b5a69-92f9-40f4-85c9-712e1c637b62-groupManagement] INFO  server.RaftServerConfigKeys (ConfUtils.java:logGet(46)) - raft.server.leaderelection.member.majority-add = false (default)
2025-05-14 02:53:38,159 [e44b5a69-92f9-40f4-85c9-712e1c637b62-groupManagement] INFO  server.RaftServerConfigKeys (ConfUtils.java:logGet(46)) - raft.server.sleep.deviation.threshold = 300ms (default)
2025-05-14 02:53:38,159 [e44b5a69-92f9-40f4-85c9-712e1c637b62-groupManagement] INFO  server.RaftServer$Division (ServerState.java:<init>(114)) - e44b5a69-92f9-40f4-85c9-712e1c637b62@group-512D7B449058: ConfigurationManager, init=conf: {index: -1, cur=peers:[e44b5a69-92f9-40f4-85c9-712e1c637b62|127.0.0.1:15047]|listeners:[], old=null}, confs=<EMPTY_MAP>
2025-05-14 02:53:38,159 [e44b5a69-92f9-40f4-85c9-712e1c637b62-groupManagement] INFO  server.RaftServerConfigKeys (ConfUtils.java:logGet(46)) - raft.server.notification.no-leader.timeout = 300000ms (custom)
2025-05-14 02:53:38,159 [e44b5a69-92f9-40f4-85c9-712e1c637b62-groupManagement] INFO  server.RaftServerConfigKeys (ConfUtils.java:logGet(46)) - raft.server.read.timeout = 10s (default)
2025-05-14 02:53:38,159 [e44b5a69-92f9-40f4-85c9-712e1c637b62-groupManagement] INFO  server.RaftServerConfigKeys (ConfUtils.java:logGet(46)) - raft.server.retrycache.expirytime = 600000ms (custom)
2025-05-14 02:53:38,160 [e44b5a69-92f9-40f4-85c9-712e1c637b62-groupManagement] INFO  server.RaftServerConfigKeys (ConfUtils.java:logGet(46)) - raft.server.retrycache.statistics.expirytime = 100ms (default)
2025-05-14 02:53:38,160 [e44b5a69-92f9-40f4-85c9-712e1c637b62-groupManagement] INFO  server.RaftServerConfigKeys (ConfUtils.java:logGet(46)) - raft.server.read.option = DEFAULT (default)
2025-05-14 02:53:38,160 [e44b5a69-92f9-40f4-85c9-712e1c637b62-groupManagement] INFO  server.RaftServerConfigKeys (ConfUtils.java:logGet(46)) - raft.server.read.read-after-write-consistent.write-index-cache.expiry-time = 60s (default)
2025-05-14 02:53:38,163 [f8181075-ae63-407a-b17c-78185f7d70dd@group-4B591AE0C988-StateMachineUpdater] INFO  server.RaftServer$Division (LeaderStateImpl.java:checkStartIndex(313)) - Leader f8181075-ae63-407a-b17c-78185f7d70dd@group-4B591AE0C988-LeaderStateImpl is ready since appliedIndex == startIndex == 0
2025-05-14 02:53:38,164 [f8181075-ae63-407a-b17c-78185f7d70dd@group-4B591AE0C988-StateMachineUpdater] INFO  ratis.ContainerStateMachine (ContainerStateMachine.java:takeSnapshot(427)) - group-4B591AE0C988: Taking a snapshot at:(t:1, i:0) file /home/runner/work/ozone/ozone/hadoop-ozone/integration-test/target/test-dir/MiniOzoneClusterImpl-af940217-b311-440f-8e09-352fdf66236b/ozone-meta/datanode-1/ratis/c28f6734-6a6e-4997-be64-4b591ae0c988/sm/snapshot.1_0
2025-05-14 02:53:38,167 [e44b5a69-92f9-40f4-85c9-712e1c637b62-groupManagement] INFO  server.RaftServerConfigKeys (ConfUtils.java:logGet(46)) - raft.server.rpc.request.timeout = 3000ms (default)
2025-05-14 02:53:38,167 [e44b5a69-92f9-40f4-85c9-712e1c637b62-groupManagement] INFO  server.RaftServerConfigKeys (ConfUtils.java:logGet(46)) - raft.server.log.appender.install.snapshot.enabled = false (custom)
2025-05-14 02:53:38,168 [e44b5a69-92f9-40f4-85c9-712e1c637b62-groupManagement] INFO  server.RaftServerConfigKeys (ConfUtils.java:logGet(46)) - raft.server.threadpool.server.cached = true (default)
2025-05-14 02:53:38,168 [e44b5a69-92f9-40f4-85c9-712e1c637b62-groupManagement] INFO  server.RaftServerConfigKeys (ConfUtils.java:logGet(46)) - raft.server.threadpool.server.size = 0 (default)
2025-05-14 02:53:38,168 [e44b5a69-92f9-40f4-85c9-712e1c637b62-groupManagement] INFO  server.RaftServerConfigKeys (ConfUtils.java:logGet(46)) - raft.server.threadpool.client.cached = true (default)
2025-05-14 02:53:38,168 [e44b5a69-92f9-40f4-85c9-712e1c637b62-groupManagement] INFO  server.RaftServerConfigKeys (ConfUtils.java:logGet(46)) - raft.server.threadpool.client.size = 0 (default)
2025-05-14 02:53:38,169 [e44b5a69-92f9-40f4-85c9-712e1c637b62-groupManagement] INFO  server.RaftServerConfigKeys (ConfUtils.java:logGet(46)) - raft.server.storage.free-space.min = 0MB (=0) (default)
2025-05-14 02:53:38,169 [e44b5a69-92f9-40f4-85c9-712e1c637b62-groupManagement] INFO  server.RaftServerConfigKeys (ConfUtils.java:logGet(46)) - raft.server.log.corruption.policy = EXCEPTION (default)
2025-05-14 02:53:38,169 [e44b5a69-92f9-40f4-85c9-712e1c637b62-groupManagement] INFO  server.RaftServerConfigKeys (ConfUtils.java:logGet(46)) - raft.server.storage.dir = [/home/runner/work/ozone/ozone/hadoop-ozone/integration-test/target/test-dir/MiniOzoneClusterImpl-af940217-b311-440f-8e09-352fdf66236b/ozone-meta/datanode-5/ratis] (custom)
2025-05-14 02:53:38,169 [e44b5a69-92f9-40f4-85c9-712e1c637b62-groupManagement] INFO  storage.RaftStorageDirectory (RaftStorageDirectoryImpl.java:analyzeStorage(138)) - The storage directory /home/runner/work/ozone/ozone/hadoop-ozone/integration-test/target/test-dir/MiniOzoneClusterImpl-af940217-b311-440f-8e09-352fdf66236b/ozone-meta/datanode-5/ratis/b0e9ea18-5897-4179-a9c0-512d7b449058 does not exist. Creating ...
2025-05-14 02:53:38,173 [e44b5a69-92f9-40f4-85c9-712e1c637b62-groupManagement] INFO  storage.RaftStorageDirectory (RaftStorageDirectoryImpl.java:tryLock(229)) - Lock on /home/runner/work/ozone/ozone/hadoop-ozone/integration-test/target/test-dir/MiniOzoneClusterImpl-af940217-b311-440f-8e09-352fdf66236b/ozone-meta/datanode-5/ratis/b0e9ea18-5897-4179-a9c0-512d7b449058/in_use.lock acquired by nodename 34763@localhost
2025-05-14 02:53:38,175 [e44b5a69-92f9-40f4-85c9-712e1c637b62-groupManagement] INFO  storage.RaftStorage (RaftStorageImpl.java:format(98)) - Storage directory /home/runner/work/ozone/ozone/hadoop-ozone/integration-test/target/test-dir/MiniOzoneClusterImpl-af940217-b311-440f-8e09-352fdf66236b/ozone-meta/datanode-5/ratis/b0e9ea18-5897-4179-a9c0-512d7b449058 has been successfully formatted.
2025-05-14 02:53:38,175 [e44b5a69-92f9-40f4-85c9-712e1c637b62-groupManagement] INFO  ratis.ContainerStateMachine (ContainerStateMachine.java:initialize(339)) - e44b5a69-92f9-40f4-85c9-712e1c637b62: initialize group-512D7B449058
2025-05-14 02:53:38,175 [e44b5a69-92f9-40f4-85c9-712e1c637b62-groupManagement] INFO  ratis.ContainerStateMachine (ContainerStateMachine.java:loadSnapshot(347)) - group-512D7B449058: The snapshot info is null. Setting the last applied index to:(t:0, i:~)
2025-05-14 02:53:38,175 [e44b5a69-92f9-40f4-85c9-712e1c637b62-groupManagement] INFO  server.RaftServerConfigKeys (ConfUtils.java:logGet(46)) - raft.server.log.use.memory = false (default)
2025-05-14 02:53:38,175 [e44b5a69-92f9-40f4-85c9-712e1c637b62-groupManagement] INFO  server.RaftServerConfigKeys (ConfUtils.java:logGet(46)) - raft.server.log.purge.gap = 1000000 (custom)
2025-05-14 02:53:38,175 [e44b5a69-92f9-40f4-85c9-712e1c637b62-groupManagement] INFO  server.RaftServerConfigKeys (ConfUtils.java:logGet(46)) - raft.server.log.appender.buffer.byte-limit = 33554432 (custom)
2025-05-14 02:53:38,175 [e44b5a69-92f9-40f4-85c9-712e1c637b62-groupManagement] INFO  server.RaftServerConfigKeys (ConfUtils.java:logGet(46)) - raft.server.log.statemachine.data.read.timeout = 1000ms (default)
2025-05-14 02:53:38,175 [e44b5a69-92f9-40f4-85c9-712e1c637b62-groupManagement] INFO  server.RaftServerConfigKeys (ConfUtils.java:logGet(46)) - raft.server.log.purge.preservation.log.num = 0 (default)
2025-05-14 02:53:38,179 [e44b5a69-92f9-40f4-85c9-712e1c637b62-groupManagement] INFO  server.RaftServerConfigKeys (ConfUtils.java:logGet(46)) - raft.server.log.segment.size.max = 67108864 (custom)
2025-05-14 02:53:38,179 [e44b5a69-92f9-40f4-85c9-712e1c637b62-groupManagement] INFO  server.RaftServerConfigKeys (ConfUtils.java:logGet(46)) - raft.server.log.segment.cache.num.max = 2 (custom)
2025-05-14 02:53:38,180 [e44b5a69-92f9-40f4-85c9-712e1c637b62-groupManagement] INFO  server.RaftServerConfigKeys (ConfUtils.java:logGet(46)) - raft.server.log.segment.cache.size.max = 200MB (=209715200) (default)
2025-05-14 02:53:38,180 [e44b5a69-92f9-40f4-85c9-712e1c637b62-groupManagement] INFO  server.RaftServerConfigKeys (ConfUtils.java:logGet(46)) - raft.server.log.appender.buffer.byte-limit = 33554432 (custom)
2025-05-14 02:53:38,181 [e44b5a69-92f9-40f4-85c9-712e1c637b62-groupManagement] INFO  util.AwaitToRun (AwaitToRun.java:start(81)) - Thread[#1279,e44b5a69-92f9-40f4-85c9-712e1c637b62@group-512D7B449058-cacheEviction-AwaitToRun,5,main] started
2025-05-14 02:53:38,181 [e44b5a69-92f9-40f4-85c9-712e1c637b62-groupManagement] INFO  segmented.SegmentedRaftLogWorker (SegmentedRaftLogWorker.java:<init>(188)) - new e44b5a69-92f9-40f4-85c9-712e1c637b62@group-512D7B449058-SegmentedRaftLogWorker for RaftStorageImpl:Storage Directory /home/runner/work/ozone/ozone/hadoop-ozone/integration-test/target/test-dir/MiniOzoneClusterImpl-af940217-b311-440f-8e09-352fdf66236b/ozone-meta/datanode-5/ratis/b0e9ea18-5897-4179-a9c0-512d7b449058
2025-05-14 02:53:38,181 [e44b5a69-92f9-40f4-85c9-712e1c637b62-groupManagement] INFO  server.RaftServerConfigKeys (ConfUtils.java:logGet(46)) - raft.server.log.queue.byte-limit = 4294967296 (custom)
2025-05-14 02:53:38,181 [e44b5a69-92f9-40f4-85c9-712e1c637b62-groupManagement] INFO  server.RaftServerConfigKeys (ConfUtils.java:logGet(46)) - raft.server.log.queue.element-limit = 1024 (custom)
2025-05-14 02:53:38,181 [e44b5a69-92f9-40f4-85c9-712e1c637b62-groupManagement] INFO  server.RaftServerConfigKeys (ConfUtils.java:logGet(46)) - raft.server.log.segment.size.max = 67108864 (custom)
2025-05-14 02:53:38,181 [e44b5a69-92f9-40f4-85c9-712e1c637b62-groupManagement] INFO  server.RaftServerConfigKeys (ConfUtils.java:logGet(46)) - raft.server.log.preallocated.size = 4194304 (custom)
2025-05-14 02:53:38,181 [e44b5a69-92f9-40f4-85c9-712e1c637b62-groupManagement] INFO  server.RaftServerConfigKeys (ConfUtils.java:logGet(46)) - raft.server.log.force.sync.num = 128 (default)
2025-05-14 02:53:38,181 [e44b5a69-92f9-40f4-85c9-712e1c637b62-groupManagement] INFO  server.RaftServerConfigKeys (ConfUtils.java:logGet(46)) - raft.server.log.statemachine.data.sync = true (default)
2025-05-14 02:53:38,181 [e44b5a69-92f9-40f4-85c9-712e1c637b62-groupManagement] INFO  server.RaftServerConfigKeys (ConfUtils.java:logGet(46)) - raft.server.log.statemachine.data.sync.timeout = 10s (default)
2025-05-14 02:53:38,181 [e44b5a69-92f9-40f4-85c9-712e1c637b62-groupManagement] INFO  server.RaftServerConfigKeys (ConfUtils.java:logGet(46)) - raft.server.log.statemachine.data.sync.timeout.retry = 30 (custom)
2025-05-14 02:53:38,181 [EventQueue-PipelineReportForOneReplicaPipelineSafeModeRule] INFO  safemode.SCMSafeModeManager (SCMSafeModeManager.java:validateSafeModeExitRules(140)) - AtleastOneDatanodeReportedRule rule is successfully validated
2025-05-14 02:53:38,182 [e44b5a69-92f9-40f4-85c9-712e1c637b62-groupManagement] INFO  server.RaftServerConfigKeys (ConfUtils.java:logGet(46)) - raft.server.log.write.buffer.size = 33554440 (custom)
2025-05-14 02:53:38,184 [grpc-default-executor-0] INFO  server.RaftServer (RaftServerProxy.java:addNew(100)) - c77e66e9-1cca-4fd3-bc5b-4ea2dbc3232f: addNew group-90B7BBECBC71:[d4e44fd7-0e23-4e4f-bc30-0c7965de497d|127.0.0.1:15039, e44b5a69-92f9-40f4-85c9-712e1c637b62|127.0.0.1:15047, c77e66e9-1cca-4fd3-bc5b-4ea2dbc3232f|127.0.0.1:15055] returns group-90B7BBECBC71:java.util.concurrent.CompletableFuture@7e708c4[Not completed]
2025-05-14 02:53:38,188 [f8181075-ae63-407a-b17c-78185f7d70dd@group-88043DA95CFB-FollowerState] INFO  impl.FollowerState (FollowerState.java:runImpl(161)) - f8181075-ae63-407a-b17c-78185f7d70dd@group-88043DA95CFB-FollowerState: change to CANDIDATE, lastRpcElapsedTime:1116908669ns, electionTimeout:1116ms
2025-05-14 02:53:38,189 [f8181075-ae63-407a-b17c-78185f7d70dd@group-88043DA95CFB-FollowerState] INFO  impl.RoleInfo (RoleInfo.java:shutdownFollowerState(121)) - f8181075-ae63-407a-b17c-78185f7d70dd: shutdown f8181075-ae63-407a-b17c-78185f7d70dd@group-88043DA95CFB-FollowerState
2025-05-14 02:53:38,189 [f8181075-ae63-407a-b17c-78185f7d70dd@group-88043DA95CFB-FollowerState] INFO  server.RaftServer$Division (RaftServerImpl.java:setRole(378)) - f8181075-ae63-407a-b17c-78185f7d70dd@group-88043DA95CFB: changes role from  FOLLOWER to CANDIDATE at term 0 for changeToCandidate
2025-05-14 02:53:38,189 [f8181075-ae63-407a-b17c-78185f7d70dd@group-88043DA95CFB-FollowerState] INFO  server.RaftServerConfigKeys (ConfUtils.java:logGet(46)) - raft.server.leaderelection.pre-vote = true (default)
2025-05-14 02:53:38,189 [f8181075-ae63-407a-b17c-78185f7d70dd@group-88043DA95CFB-FollowerState] INFO  impl.RoleInfo (RoleInfo.java:updateAndGet(148)) - f8181075-ae63-407a-b17c-78185f7d70dd: start f8181075-ae63-407a-b17c-78185f7d70dd@group-88043DA95CFB-LeaderElection5
2025-05-14 02:53:38,191 [e44b5a69-92f9-40f4-85c9-712e1c637b62-groupManagement] INFO  server.RaftServerConfigKeys (ConfUtils.java:logGet(46)) - raft.server.log.appender.buffer.byte-limit = 33554432 (custom)
2025-05-14 02:53:38,191 [e44b5a69-92f9-40f4-85c9-712e1c637b62-groupManagement] INFO  server.RaftServerConfigKeys (ConfUtils.java:logGet(46)) - raft.server.log.unsafe-flush.enabled = false (default)
2025-05-14 02:53:38,191 [e44b5a69-92f9-40f4-85c9-712e1c637b62-groupManagement] INFO  server.RaftServerConfigKeys (ConfUtils.java:logGet(46)) - raft.server.log.async-flush.enabled = false (default)
2025-05-14 02:53:38,188 [1edfeee1-83e1-4d34-a92c-2e00b570784e@group-352FDF66236B-StateMachineUpdater] INFO  safemode.SCMSafeModeManager (SCMSafeModeManager.java:validateSafeModeExitRules(140)) - DataNodeSafeModeRule rule is successfully validated
2025-05-14 02:53:38,192 [1edfeee1-83e1-4d34-a92c-2e00b570784e@group-352FDF66236B-StateMachineUpdater] INFO  safemode.SCMSafeModeManager (SCMSafeModeManager.java:validateSafeModeExitRules(140)) - RatisContainerSafeModeRule rule is successfully validated
2025-05-14 02:53:38,192 [e44b5a69-92f9-40f4-85c9-712e1c637b62-groupManagement] INFO  server.RaftServerConfigKeys (ConfUtils.java:logGet(46)) - raft.server.log.statemachine.data.caching.enabled = true (custom)
2025-05-14 02:53:38,191 [f8181075-ae63-407a-b17c-78185f7d70dd@group-88043DA95CFB-LeaderElection5] INFO  impl.LeaderElection (LeaderElection.java:askForVotes(332)) - f8181075-ae63-407a-b17c-78185f7d70dd@group-88043DA95CFB-LeaderElection5 PRE_VOTE round 0: submit vote requests at term 0 for conf: {index: -1, cur=peers:[30ccf06d-ad3c-4fb0-87c5-f3e2916d12cb|127.0.0.1:15023, f8181075-ae63-407a-b17c-78185f7d70dd|127.0.0.1:15015, 0e2e4ad1-578a-45fc-a8c2-41affcffb7b9|127.0.0.1:15031]|listeners:[], old=null}
2025-05-14 02:53:38,192 [e44b5a69-92f9-40f4-85c9-712e1c637b62-groupManagement] INFO  segmented.SegmentedRaftLogWorker (SegmentedRaftLogWorker.java:lambda$new$0(139)) - e44b5a69-92f9-40f4-85c9-712e1c637b62@group-512D7B449058-SegmentedRaftLogWorker: flushIndex: setUnconditionally 0 -> -1
2025-05-14 02:53:38,192 [e44b5a69-92f9-40f4-85c9-712e1c637b62-groupManagement] INFO  segmented.SegmentedRaftLogWorker (SegmentedRaftLogWorker.java:lambda$new$0(139)) - e44b5a69-92f9-40f4-85c9-712e1c637b62@group-512D7B449058-SegmentedRaftLogWorker: safeCacheEvictIndex: setUnconditionally 0 -> -1
2025-05-14 02:53:38,191 [c77e66e9-1cca-4fd3-bc5b-4ea2dbc3232f-groupManagement] INFO  server.RaftServer$Division (RaftServerImpl.java:<init>(255)) - c77e66e9-1cca-4fd3-bc5b-4ea2dbc3232f: new RaftServerImpl for group-90B7BBECBC71:[d4e44fd7-0e23-4e4f-bc30-0c7965de497d|127.0.0.1:15039, e44b5a69-92f9-40f4-85c9-712e1c637b62|127.0.0.1:15047, c77e66e9-1cca-4fd3-bc5b-4ea2dbc3232f|127.0.0.1:15055] with ContainerStateMachine:uninitialized
2025-05-14 02:53:38,192 [1edfeee1-83e1-4d34-a92c-2e00b570784e@group-352FDF66236B-StateMachineUpdater] INFO  safemode.HealthyPipelineSafeModeRule (HealthyPipelineSafeModeRule.java:initializeRule(173)) - Refreshed total pipeline count is 0, healthy pipeline threshold count is 1
2025-05-14 02:53:38,193 [1edfeee1-83e1-4d34-a92c-2e00b570784e@group-352FDF66236B-StateMachineUpdater] INFO  safemode.SCMSafeModeManager (SCMSafeModeManager.java:validateSafeModeExitRules(140)) - ECContainerSafeModeRule rule is successfully validated
2025-05-14 02:53:38,193 [1edfeee1-83e1-4d34-a92c-2e00b570784e@group-352FDF66236B-StateMachineUpdater] INFO  safemode.SCMSafeModeManager (SCMSafeModeManager.java:validateSafeModeExitRules(140)) - AtleastOneDatanodeReportedRule rule is successfully validated
2025-05-14 02:53:38,193 [c77e66e9-1cca-4fd3-bc5b-4ea2dbc3232f-groupManagement] INFO  server.RaftServerConfigKeys (ConfUtils.java:logGet(46)) - raft.server.rpc.timeout.min = 5s (custom)
2025-05-14 02:53:38,193 [c77e66e9-1cca-4fd3-bc5b-4ea2dbc3232f-groupManagement] INFO  server.RaftServerConfigKeys (ConfUtils.java:logGet(46)) - raft.server.rpc.timeout.max = 5200ms (custom)
2025-05-14 02:53:38,193 [c77e66e9-1cca-4fd3-bc5b-4ea2dbc3232f-groupManagement] INFO  server.RaftServerConfigKeys (ConfUtils.java:logGet(46)) - raft.server.rpc.sleep.time = 25ms (default)
2025-05-14 02:53:38,193 [c77e66e9-1cca-4fd3-bc5b-4ea2dbc3232f-groupManagement] INFO  server.RaftServerConfigKeys (ConfUtils.java:logGet(46)) - raft.server.rpc.slowness.timeout = 300000ms (custom)
2025-05-14 02:53:38,193 [c77e66e9-1cca-4fd3-bc5b-4ea2dbc3232f-groupManagement] INFO  server.RaftServerConfigKeys (ConfUtils.java:logGet(46)) - raft.server.leaderelection.leader.step-down.wait-time = 10s (default)
2025-05-14 02:53:38,193 [c77e66e9-1cca-4fd3-bc5b-4ea2dbc3232f-groupManagement] INFO  server.RaftServerConfigKeys (ConfUtils.java:logGet(46)) - raft.server.leaderelection.member.majority-add = false (default)
2025-05-14 02:53:38,193 [c77e66e9-1cca-4fd3-bc5b-4ea2dbc3232f-groupManagement] INFO  server.RaftServerConfigKeys (ConfUtils.java:logGet(46)) - raft.server.sleep.deviation.threshold = 300ms (default)
2025-05-14 02:53:38,193 [c77e66e9-1cca-4fd3-bc5b-4ea2dbc3232f-groupManagement] INFO  server.RaftServer$Division (ServerState.java:<init>(114)) - c77e66e9-1cca-4fd3-bc5b-4ea2dbc3232f@group-90B7BBECBC71: ConfigurationManager, init=conf: {index: -1, cur=peers:[d4e44fd7-0e23-4e4f-bc30-0c7965de497d|127.0.0.1:15039, e44b5a69-92f9-40f4-85c9-712e1c637b62|127.0.0.1:15047, c77e66e9-1cca-4fd3-bc5b-4ea2dbc3232f|127.0.0.1:15055]|listeners:[], old=null}, confs=<EMPTY_MAP>
2025-05-14 02:53:38,193 [c77e66e9-1cca-4fd3-bc5b-4ea2dbc3232f-groupManagement] INFO  server.RaftServerConfigKeys (ConfUtils.java:logGet(46)) - raft.server.notification.no-leader.timeout = 300000ms (custom)
2025-05-14 02:53:38,193 [c77e66e9-1cca-4fd3-bc5b-4ea2dbc3232f-groupManagement] INFO  server.RaftServerConfigKeys (ConfUtils.java:logGet(46)) - raft.server.read.timeout = 10s (default)
2025-05-14 02:53:38,193 [c77e66e9-1cca-4fd3-bc5b-4ea2dbc3232f-groupManagement] INFO  server.RaftServerConfigKeys (ConfUtils.java:logGet(46)) - raft.server.retrycache.expirytime = 600000ms (custom)
2025-05-14 02:53:38,193 [c77e66e9-1cca-4fd3-bc5b-4ea2dbc3232f-groupManagement] INFO  server.RaftServerConfigKeys (ConfUtils.java:logGet(46)) - raft.server.retrycache.statistics.expirytime = 100ms (default)
2025-05-14 02:53:38,194 [c77e66e9-1cca-4fd3-bc5b-4ea2dbc3232f-groupManagement] INFO  server.RaftServerConfigKeys (ConfUtils.java:logGet(46)) - raft.server.read.option = DEFAULT (default)
2025-05-14 02:53:38,194 [c77e66e9-1cca-4fd3-bc5b-4ea2dbc3232f-groupManagement] INFO  server.RaftServerConfigKeys (ConfUtils.java:logGet(46)) - raft.server.read.read-after-write-consistent.write-index-cache.expiry-time = 60s (default)
2025-05-14 02:53:38,196 [EventQueue-PipelineReportForPipelineReportHandler] INFO  pipeline.PipelineReportHandler (PipelineReportHandler.java:processPipelineReport(134)) - Opened pipeline PipelineID=b0e9ea18-5897-4179-a9c0-512d7b449058
2025-05-14 02:53:38,197 [EventQueue-OpenPipelineForHealthyPipelineSafeModeRule] INFO  safemode.SCMSafeModeManager (HealthyPipelineSafeModeRule.java:process(141)) - SCM in safe mode. Healthy pipelines reported count is 0, required healthy pipeline reported count is 1
2025-05-14 02:53:38,198 [e44b5a69-92f9-40f4-85c9-712e1c637b62-groupManagement] INFO  server.RaftServer$Division (RaftServerImpl.java:start(391)) - e44b5a69-92f9-40f4-85c9-712e1c637b62@group-512D7B449058: start as a follower, conf=conf: {index: -1, cur=peers:[e44b5a69-92f9-40f4-85c9-712e1c637b62|127.0.0.1:15047]|listeners:[], old=null}
2025-05-14 02:53:38,198 [e44b5a69-92f9-40f4-85c9-712e1c637b62-groupManagement] INFO  server.RaftServer$Division (RaftServerImpl.java:setRole(378)) - e44b5a69-92f9-40f4-85c9-712e1c637b62@group-512D7B449058: changes role from      null to FOLLOWER at term 0 for startAsFollower
2025-05-14 02:53:38,198 [e44b5a69-92f9-40f4-85c9-712e1c637b62-groupManagement] INFO  impl.RoleInfo (RoleInfo.java:updateAndGet(148)) - e44b5a69-92f9-40f4-85c9-712e1c637b62: start e44b5a69-92f9-40f4-85c9-712e1c637b62@group-512D7B449058-FollowerState
2025-05-14 02:53:38,199 [e44b5a69-92f9-40f4-85c9-712e1c637b62@group-512D7B449058-FollowerState] INFO  server.RaftServerConfigKeys (ConfUtils.java:logGet(46)) - raft.server.rpc.first-election.timeout.min = 1000ms (custom)
2025-05-14 02:53:38,199 [e44b5a69-92f9-40f4-85c9-712e1c637b62@group-512D7B449058-FollowerState] INFO  server.RaftServerConfigKeys (ConfUtils.java:logGet(46)) - raft.server.rpc.first-election.timeout.max = 1200ms (custom)
2025-05-14 02:53:38,199 [e44b5a69-92f9-40f4-85c9-712e1c637b62-groupManagement] INFO  util.JmxRegister (JmxRegister.java:tryRegister(44)) - Successfully registered JMX Bean with object name Ratis:service=RaftServer,group=group-512D7B449058,id=e44b5a69-92f9-40f4-85c9-712e1c637b62
2025-05-14 02:53:38,199 [e44b5a69-92f9-40f4-85c9-712e1c637b62-groupManagement] INFO  util.JmxRegister (JmxRegister.java:register(58)) - register mxBean class org.apache.ratis.server.impl.RaftServerJmxAdapter as Ratis:service=RaftServer,group=group-512D7B449058,id=e44b5a69-92f9-40f4-85c9-712e1c637b62
2025-05-14 02:53:38,199 [e44b5a69-92f9-40f4-85c9-712e1c637b62-groupManagement] INFO  server.RaftServerConfigKeys (ConfUtils.java:logGet(46)) - raft.server.snapshot.trigger-when-stop.enabled = true (default)
2025-05-14 02:53:38,200 [e44b5a69-92f9-40f4-85c9-712e1c637b62-groupManagement] INFO  server.RaftServerConfigKeys (ConfUtils.java:logGet(46)) - raft.server.snapshot.trigger-when-remove.enabled = true (default)
2025-05-14 02:53:38,200 [e44b5a69-92f9-40f4-85c9-712e1c637b62-groupManagement] INFO  server.RaftServerConfigKeys (ConfUtils.java:logGet(46)) - raft.server.snapshot.auto.trigger.enabled = true (custom)
2025-05-14 02:53:38,200 [e44b5a69-92f9-40f4-85c9-712e1c637b62-groupManagement] INFO  server.RaftServerConfigKeys (ConfUtils.java:logGet(46)) - raft.server.snapshot.auto.trigger.threshold = 1 (custom)
2025-05-14 02:53:38,200 [e44b5a69-92f9-40f4-85c9-712e1c637b62-groupManagement] INFO  server.RaftServerConfigKeys (ConfUtils.java:logGet(46)) - raft.server.snapshot.retention.file.num = 5 (custom)
2025-05-14 02:53:38,200 [e44b5a69-92f9-40f4-85c9-712e1c637b62-groupManagement] INFO  server.RaftServerConfigKeys (ConfUtils.java:logGet(46)) - raft.server.log.purge.upto.snapshot.index = false (default)
2025-05-14 02:53:38,201 [f8181075-ae63-407a-b17c-78185f7d70dd@group-88043DA95CFB-LeaderElection5-1] INFO  server.GrpcServerProtocolClient (GrpcServerProtocolClient.java:<init>(65)) - Build channel for 30ccf06d-ad3c-4fb0-87c5-f3e2916d12cb|127.0.0.1:15023
2025-05-14 02:53:38,202 [f8181075-ae63-407a-b17c-78185f7d70dd@group-88043DA95CFB-LeaderElection5] INFO  server.RaftServerConfigKeys (ConfUtils.java:logGet(46)) - raft.server.rpc.first-election.timeout.min = 1000ms (custom)
2025-05-14 02:53:38,202 [f8181075-ae63-407a-b17c-78185f7d70dd@group-88043DA95CFB-LeaderElection5] INFO  server.RaftServerConfigKeys (ConfUtils.java:logGet(46)) - raft.server.rpc.first-election.timeout.max = 1200ms (custom)
2025-05-14 02:53:38,203 [f8181075-ae63-407a-b17c-78185f7d70dd@group-88043DA95CFB-LeaderElection5-2] INFO  server.GrpcServerProtocolClient (GrpcServerProtocolClient.java:<init>(65)) - Build channel for 0e2e4ad1-578a-45fc-a8c2-41affcffb7b9|127.0.0.1:15031
2025-05-14 02:53:38,203 [e44b5a69-92f9-40f4-85c9-712e1c637b62-groupManagement] INFO  server.RaftServer$Division (RaftServerImpl.java:start(405)) - e44b5a69-92f9-40f4-85c9-712e1c637b62@group-512D7B449058: Successfully started.
2025-05-14 02:53:38,204 [e44b5a69-92f9-40f4-85c9-712e1c637b62-PipelineCommandHandlerThread-0] INFO  ratis.XceiverServerRatis (XceiverServerRatis.java:addGroup(843)) - Created group PipelineID=b0e9ea18-5897-4179-a9c0-512d7b449058
2025-05-14 02:53:38,204 [e44b5a69-92f9-40f4-85c9-712e1c637b62-PipelineCommandHandlerThread-0] INFO  commandhandler.CreatePipelineCommandHandler (CreatePipelineCommandHandler.java:lambda$handle$2(128)) - Created Pipeline RATIS ONE PipelineID=b0e9ea18-5897-4179-a9c0-512d7b449058.
2025-05-14 02:53:38,204 [c77e66e9-1cca-4fd3-bc5b-4ea2dbc3232f-groupManagement] INFO  server.RaftServerConfigKeys (ConfUtils.java:logGet(46)) - raft.server.rpc.request.timeout = 3000ms (default)
2025-05-14 02:53:38,204 [c77e66e9-1cca-4fd3-bc5b-4ea2dbc3232f-groupManagement] INFO  server.RaftServerConfigKeys (ConfUtils.java:logGet(46)) - raft.server.log.appender.install.snapshot.enabled = false (custom)
2025-05-14 02:53:38,204 [c77e66e9-1cca-4fd3-bc5b-4ea2dbc3232f-groupManagement] INFO  server.RaftServerConfigKeys (ConfUtils.java:logGet(46)) - raft.server.threadpool.server.cached = true (default)
2025-05-14 02:53:38,205 [c77e66e9-1cca-4fd3-bc5b-4ea2dbc3232f-groupManagement] INFO  server.RaftServerConfigKeys (ConfUtils.java:logGet(46)) - raft.server.threadpool.server.size = 0 (default)
2025-05-14 02:53:38,205 [c77e66e9-1cca-4fd3-bc5b-4ea2dbc3232f-groupManagement] INFO  server.RaftServerConfigKeys (ConfUtils.java:logGet(46)) - raft.server.threadpool.client.cached = true (default)
2025-05-14 02:53:38,205 [c77e66e9-1cca-4fd3-bc5b-4ea2dbc3232f-groupManagement] INFO  server.RaftServerConfigKeys (ConfUtils.java:logGet(46)) - raft.server.threadpool.client.size = 0 (default)
2025-05-14 02:53:38,205 [c77e66e9-1cca-4fd3-bc5b-4ea2dbc3232f-groupManagement] INFO  server.RaftServerConfigKeys (ConfUtils.java:logGet(46)) - raft.server.storage.free-space.min = 0MB (=0) (default)
2025-05-14 02:53:38,205 [c77e66e9-1cca-4fd3-bc5b-4ea2dbc3232f-groupManagement] INFO  server.RaftServerConfigKeys (ConfUtils.java:logGet(46)) - raft.server.log.corruption.policy = EXCEPTION (default)
2025-05-14 02:53:38,205 [c77e66e9-1cca-4fd3-bc5b-4ea2dbc3232f-groupManagement] INFO  server.RaftServerConfigKeys (ConfUtils.java:logGet(46)) - raft.server.storage.dir = [/home/runner/work/ozone/ozone/hadoop-ozone/integration-test/target/test-dir/MiniOzoneClusterImpl-af940217-b311-440f-8e09-352fdf66236b/ozone-meta/datanode-6/ratis] (custom)
2025-05-14 02:53:38,205 [c77e66e9-1cca-4fd3-bc5b-4ea2dbc3232f-groupManagement] INFO  storage.RaftStorageDirectory (RaftStorageDirectoryImpl.java:analyzeStorage(138)) - The storage directory /home/runner/work/ozone/ozone/hadoop-ozone/integration-test/target/test-dir/MiniOzoneClusterImpl-af940217-b311-440f-8e09-352fdf66236b/ozone-meta/datanode-6/ratis/8155a67b-a88a-4cce-aefd-90b7bbecbc71 does not exist. Creating ...
2025-05-14 02:53:38,206 [c77e66e9-1cca-4fd3-bc5b-4ea2dbc3232f-PipelineCommandHandlerThread-0] INFO  server.RaftServer (RaftServerProxy.java:addNew(100)) - c77e66e9-1cca-4fd3-bc5b-4ea2dbc3232f: addNew group-CA654213E6F9:[c77e66e9-1cca-4fd3-bc5b-4ea2dbc3232f|127.0.0.1:15055] returns group-CA654213E6F9:java.util.concurrent.CompletableFuture@6d185bd7[Not completed]
2025-05-14 02:53:38,207 [c77e66e9-1cca-4fd3-bc5b-4ea2dbc3232f-groupManagement] INFO  storage.RaftStorageDirectory (RaftStorageDirectoryImpl.java:tryLock(229)) - Lock on /home/runner/work/ozone/ozone/hadoop-ozone/integration-test/target/test-dir/MiniOzoneClusterImpl-af940217-b311-440f-8e09-352fdf66236b/ozone-meta/datanode-6/ratis/8155a67b-a88a-4cce-aefd-90b7bbecbc71/in_use.lock acquired by nodename 34763@localhost
2025-05-14 02:53:38,210 [c77e66e9-1cca-4fd3-bc5b-4ea2dbc3232f-groupManagement] INFO  storage.RaftStorage (RaftStorageImpl.java:format(98)) - Storage directory /home/runner/work/ozone/ozone/hadoop-ozone/integration-test/target/test-dir/MiniOzoneClusterImpl-af940217-b311-440f-8e09-352fdf66236b/ozone-meta/datanode-6/ratis/8155a67b-a88a-4cce-aefd-90b7bbecbc71 has been successfully formatted.
2025-05-14 02:53:38,211 [c77e66e9-1cca-4fd3-bc5b-4ea2dbc3232f-groupManagement] INFO  ratis.ContainerStateMachine (ContainerStateMachine.java:initialize(339)) - c77e66e9-1cca-4fd3-bc5b-4ea2dbc3232f: initialize group-90B7BBECBC71
2025-05-14 02:53:38,211 [c77e66e9-1cca-4fd3-bc5b-4ea2dbc3232f-groupManagement] INFO  ratis.ContainerStateMachine (ContainerStateMachine.java:loadSnapshot(347)) - group-90B7BBECBC71: The snapshot info is null. Setting the last applied index to:(t:0, i:~)
2025-05-14 02:53:38,211 [c77e66e9-1cca-4fd3-bc5b-4ea2dbc3232f-groupManagement] INFO  server.RaftServerConfigKeys (ConfUtils.java:logGet(46)) - raft.server.log.use.memory = false (default)
2025-05-14 02:53:38,211 [c77e66e9-1cca-4fd3-bc5b-4ea2dbc3232f-groupManagement] INFO  server.RaftServerConfigKeys (ConfUtils.java:logGet(46)) - raft.server.log.purge.gap = 1000000 (custom)
2025-05-14 02:53:38,211 [c77e66e9-1cca-4fd3-bc5b-4ea2dbc3232f-groupManagement] INFO  server.RaftServerConfigKeys (ConfUtils.java:logGet(46)) - raft.server.log.appender.buffer.byte-limit = 33554432 (custom)
2025-05-14 02:53:38,211 [c77e66e9-1cca-4fd3-bc5b-4ea2dbc3232f-groupManagement] INFO  server.RaftServerConfigKeys (ConfUtils.java:logGet(46)) - raft.server.log.statemachine.data.read.timeout = 1000ms (default)
2025-05-14 02:53:38,211 [c77e66e9-1cca-4fd3-bc5b-4ea2dbc3232f-groupManagement] INFO  server.RaftServerConfigKeys (ConfUtils.java:logGet(46)) - raft.server.log.purge.preservation.log.num = 0 (default)
2025-05-14 02:53:38,213 [c77e66e9-1cca-4fd3-bc5b-4ea2dbc3232f-groupManagement] INFO  server.RaftServerConfigKeys (ConfUtils.java:logGet(46)) - raft.server.log.segment.size.max = 67108864 (custom)
2025-05-14 02:53:38,214 [c77e66e9-1cca-4fd3-bc5b-4ea2dbc3232f-groupManagement] INFO  server.RaftServerConfigKeys (ConfUtils.java:logGet(46)) - raft.server.log.segment.cache.num.max = 2 (custom)
2025-05-14 02:53:38,214 [c77e66e9-1cca-4fd3-bc5b-4ea2dbc3232f-groupManagement] INFO  server.RaftServerConfigKeys (ConfUtils.java:logGet(46)) - raft.server.log.segment.cache.size.max = 200MB (=209715200) (default)
2025-05-14 02:53:38,214 [c77e66e9-1cca-4fd3-bc5b-4ea2dbc3232f-groupManagement] INFO  server.RaftServerConfigKeys (ConfUtils.java:logGet(46)) - raft.server.log.appender.buffer.byte-limit = 33554432 (custom)
2025-05-14 02:53:38,214 [c77e66e9-1cca-4fd3-bc5b-4ea2dbc3232f-groupManagement] INFO  util.AwaitToRun (AwaitToRun.java:start(81)) - Thread[#1287,c77e66e9-1cca-4fd3-bc5b-4ea2dbc3232f@group-90B7BBECBC71-cacheEviction-AwaitToRun,5,main] started
2025-05-14 02:53:38,214 [c77e66e9-1cca-4fd3-bc5b-4ea2dbc3232f-groupManagement] INFO  segmented.SegmentedRaftLogWorker (SegmentedRaftLogWorker.java:<init>(188)) - new c77e66e9-1cca-4fd3-bc5b-4ea2dbc3232f@group-90B7BBECBC71-SegmentedRaftLogWorker for RaftStorageImpl:Storage Directory /home/runner/work/ozone/ozone/hadoop-ozone/integration-test/target/test-dir/MiniOzoneClusterImpl-af940217-b311-440f-8e09-352fdf66236b/ozone-meta/datanode-6/ratis/8155a67b-a88a-4cce-aefd-90b7bbecbc71
2025-05-14 02:53:38,215 [c77e66e9-1cca-4fd3-bc5b-4ea2dbc3232f-groupManagement] INFO  server.RaftServerConfigKeys (ConfUtils.java:logGet(46)) - raft.server.log.queue.byte-limit = 4294967296 (custom)
2025-05-14 02:53:38,215 [c77e66e9-1cca-4fd3-bc5b-4ea2dbc3232f-groupManagement] INFO  server.RaftServerConfigKeys (ConfUtils.java:logGet(46)) - raft.server.log.queue.element-limit = 1024 (custom)
2025-05-14 02:53:38,215 [c77e66e9-1cca-4fd3-bc5b-4ea2dbc3232f-groupManagement] INFO  server.RaftServerConfigKeys (ConfUtils.java:logGet(46)) - raft.server.log.segment.size.max = 67108864 (custom)
2025-05-14 02:53:38,215 [c77e66e9-1cca-4fd3-bc5b-4ea2dbc3232f-groupManagement] INFO  server.RaftServerConfigKeys (ConfUtils.java:logGet(46)) - raft.server.log.preallocated.size = 4194304 (custom)
2025-05-14 02:53:38,215 [c77e66e9-1cca-4fd3-bc5b-4ea2dbc3232f-groupManagement] INFO  server.RaftServerConfigKeys (ConfUtils.java:logGet(46)) - raft.server.log.force.sync.num = 128 (default)
2025-05-14 02:53:38,215 [c77e66e9-1cca-4fd3-bc5b-4ea2dbc3232f-groupManagement] INFO  server.RaftServerConfigKeys (ConfUtils.java:logGet(46)) - raft.server.log.statemachine.data.sync = true (default)
2025-05-14 02:53:38,215 [c77e66e9-1cca-4fd3-bc5b-4ea2dbc3232f-groupManagement] INFO  server.RaftServerConfigKeys (ConfUtils.java:logGet(46)) - raft.server.log.statemachine.data.sync.timeout = 10s (default)
2025-05-14 02:53:38,215 [c77e66e9-1cca-4fd3-bc5b-4ea2dbc3232f-groupManagement] INFO  server.RaftServerConfigKeys (ConfUtils.java:logGet(46)) - raft.server.log.statemachine.data.sync.timeout.retry = 30 (custom)
2025-05-14 02:53:38,216 [c77e66e9-1cca-4fd3-bc5b-4ea2dbc3232f-groupManagement] INFO  server.RaftServerConfigKeys (ConfUtils.java:logGet(46)) - raft.server.log.write.buffer.size = 33554440 (custom)
2025-05-14 02:53:38,216 [EventQueue-PipelineReportForOneReplicaPipelineSafeModeRule] INFO  safemode.SCMSafeModeManager (SCMSafeModeManager.java:validateSafeModeExitRules(140)) - AtleastOneDatanodeReportedRule rule is successfully validated
2025-05-14 02:53:38,222 [c77e66e9-1cca-4fd3-bc5b-4ea2dbc3232f-groupManagement] INFO  server.RaftServerConfigKeys (ConfUtils.java:logGet(46)) - raft.server.log.appender.buffer.byte-limit = 33554432 (custom)
2025-05-14 02:53:38,222 [c77e66e9-1cca-4fd3-bc5b-4ea2dbc3232f-groupManagement] INFO  server.RaftServerConfigKeys (ConfUtils.java:logGet(46)) - raft.server.log.unsafe-flush.enabled = false (default)
2025-05-14 02:53:38,222 [c77e66e9-1cca-4fd3-bc5b-4ea2dbc3232f-groupManagement] INFO  server.RaftServerConfigKeys (ConfUtils.java:logGet(46)) - raft.server.log.async-flush.enabled = false (default)
2025-05-14 02:53:38,222 [c77e66e9-1cca-4fd3-bc5b-4ea2dbc3232f-groupManagement] INFO  server.RaftServerConfigKeys (ConfUtils.java:logGet(46)) - raft.server.log.statemachine.data.caching.enabled = true (custom)
2025-05-14 02:53:38,223 [c77e66e9-1cca-4fd3-bc5b-4ea2dbc3232f-groupManagement] INFO  segmented.SegmentedRaftLogWorker (SegmentedRaftLogWorker.java:lambda$new$0(139)) - c77e66e9-1cca-4fd3-bc5b-4ea2dbc3232f@group-90B7BBECBC71-SegmentedRaftLogWorker: flushIndex: setUnconditionally 0 -> -1
2025-05-14 02:53:38,223 [grpc-default-executor-1] INFO  server.RaftServer$Division (RaftServerImpl.java:requestVote(1407)) - 0e2e4ad1-578a-45fc-a8c2-41affcffb7b9@group-88043DA95CFB: receive requestVote(PRE_VOTE, f8181075-ae63-407a-b17c-78185f7d70dd, group-88043DA95CFB, 0, (t:0, i:0))
2025-05-14 02:53:38,224 [c77e66e9-1cca-4fd3-bc5b-4ea2dbc3232f-groupManagement] INFO  segmented.SegmentedRaftLogWorker (SegmentedRaftLogWorker.java:lambda$new$0(139)) - c77e66e9-1cca-4fd3-bc5b-4ea2dbc3232f@group-90B7BBECBC71-SegmentedRaftLogWorker: safeCacheEvictIndex: setUnconditionally 0 -> -1
2025-05-14 02:53:38,224 [c77e66e9-1cca-4fd3-bc5b-4ea2dbc3232f-groupManagement] INFO  server.RaftServer$Division (RaftServerImpl.java:start(391)) - c77e66e9-1cca-4fd3-bc5b-4ea2dbc3232f@group-90B7BBECBC71: start as a follower, conf=conf: {index: -1, cur=peers:[d4e44fd7-0e23-4e4f-bc30-0c7965de497d|127.0.0.1:15039, e44b5a69-92f9-40f4-85c9-712e1c637b62|127.0.0.1:15047, c77e66e9-1cca-4fd3-bc5b-4ea2dbc3232f|127.0.0.1:15055]|listeners:[], old=null}
2025-05-14 02:53:38,225 [c77e66e9-1cca-4fd3-bc5b-4ea2dbc3232f-groupManagement] INFO  server.RaftServer$Division (RaftServerImpl.java:setRole(378)) - c77e66e9-1cca-4fd3-bc5b-4ea2dbc3232f@group-90B7BBECBC71: changes role from      null to FOLLOWER at term 0 for startAsFollower
2025-05-14 02:53:38,225 [c77e66e9-1cca-4fd3-bc5b-4ea2dbc3232f-groupManagement] INFO  impl.RoleInfo (RoleInfo.java:updateAndGet(148)) - c77e66e9-1cca-4fd3-bc5b-4ea2dbc3232f: start c77e66e9-1cca-4fd3-bc5b-4ea2dbc3232f@group-90B7BBECBC71-FollowerState
2025-05-14 02:53:38,226 [c77e66e9-1cca-4fd3-bc5b-4ea2dbc3232f@group-90B7BBECBC71-FollowerState] INFO  server.RaftServerConfigKeys (ConfUtils.java:logGet(46)) - raft.server.rpc.first-election.timeout.min = 1000ms (custom)
2025-05-14 02:53:38,227 [c77e66e9-1cca-4fd3-bc5b-4ea2dbc3232f@group-90B7BBECBC71-FollowerState] INFO  server.RaftServerConfigKeys (ConfUtils.java:logGet(46)) - raft.server.rpc.first-election.timeout.max = 1200ms (custom)
2025-05-14 02:53:38,227 [c77e66e9-1cca-4fd3-bc5b-4ea2dbc3232f-groupManagement] INFO  util.JmxRegister (JmxRegister.java:tryRegister(44)) - Successfully registered JMX Bean with object name Ratis:service=RaftServer,group=group-90B7BBECBC71,id=c77e66e9-1cca-4fd3-bc5b-4ea2dbc3232f
2025-05-14 02:53:38,223 [1edfeee1-83e1-4d34-a92c-2e00b570784e@group-352FDF66236B-StateMachineUpdater] INFO  safemode.SCMSafeModeManager (SCMSafeModeManager.java:validateSafeModeExitRules(140)) - DataNodeSafeModeRule rule is successfully validated
2025-05-14 02:53:38,228 [grpc-default-executor-0] INFO  server.RaftServer$Division (RaftServerImpl.java:requestVote(1407)) - 30ccf06d-ad3c-4fb0-87c5-f3e2916d12cb@group-88043DA95CFB: receive requestVote(PRE_VOTE, f8181075-ae63-407a-b17c-78185f7d70dd, group-88043DA95CFB, 0, (t:0, i:0))
2025-05-14 02:53:38,228 [c77e66e9-1cca-4fd3-bc5b-4ea2dbc3232f-groupManagement] INFO  util.JmxRegister (JmxRegister.java:register(58)) - register mxBean class org.apache.ratis.server.impl.RaftServerJmxAdapter as Ratis:service=RaftServer,group=group-90B7BBECBC71,id=c77e66e9-1cca-4fd3-bc5b-4ea2dbc3232f
2025-05-14 02:53:38,228 [grpc-default-executor-1] INFO  impl.VoteContext (VoteContext.java:log(49)) - 0e2e4ad1-578a-45fc-a8c2-41affcffb7b9@group-88043DA95CFB-FOLLOWER: accept PRE_VOTE from f8181075-ae63-407a-b17c-78185f7d70dd: our priority 0 <= candidate's priority 1
2025-05-14 02:53:38,228 [1edfeee1-83e1-4d34-a92c-2e00b570784e@group-352FDF66236B-StateMachineUpdater] INFO  safemode.SCMSafeModeManager (SCMSafeModeManager.java:validateSafeModeExitRules(140)) - RatisContainerSafeModeRule rule is successfully validated
2025-05-14 02:53:38,229 [1edfeee1-83e1-4d34-a92c-2e00b570784e@group-352FDF66236B-StateMachineUpdater] INFO  safemode.HealthyPipelineSafeModeRule (HealthyPipelineSafeModeRule.java:initializeRule(173)) - Refreshed total pipeline count is 0, healthy pipeline threshold count is 1
2025-05-14 02:53:38,229 [1edfeee1-83e1-4d34-a92c-2e00b570784e@group-352FDF66236B-StateMachineUpdater] INFO  safemode.SCMSafeModeManager (SCMSafeModeManager.java:validateSafeModeExitRules(140)) - ECContainerSafeModeRule rule is successfully validated
2025-05-14 02:53:38,229 [1edfeee1-83e1-4d34-a92c-2e00b570784e@group-352FDF66236B-StateMachineUpdater] INFO  safemode.SCMSafeModeManager (SCMSafeModeManager.java:validateSafeModeExitRules(140)) - AtleastOneDatanodeReportedRule rule is successfully validated
2025-05-14 02:53:38,229 [EventQueue-PipelineReportForPipelineReportHandler] INFO  pipeline.PipelineReportHandler (PipelineReportHandler.java:processPipelineReport(134)) - Opened pipeline PipelineID=d1819bd0-c34f-41f4-be2b-ca654213e6f9
2025-05-14 02:53:38,230 [EventQueue-OpenPipelineForHealthyPipelineSafeModeRule] INFO  safemode.SCMSafeModeManager (HealthyPipelineSafeModeRule.java:process(141)) - SCM in safe mode. Healthy pipelines reported count is 0, required healthy pipeline reported count is 1
2025-05-14 02:53:38,228 [grpc-default-executor-0] INFO  impl.VoteContext (VoteContext.java:log(49)) - 30ccf06d-ad3c-4fb0-87c5-f3e2916d12cb@group-88043DA95CFB-FOLLOWER: accept PRE_VOTE from f8181075-ae63-407a-b17c-78185f7d70dd: our priority 0 <= candidate's priority 1
2025-05-14 02:53:38,230 [c77e66e9-1cca-4fd3-bc5b-4ea2dbc3232f-groupManagement] INFO  server.RaftServerConfigKeys (ConfUtils.java:logGet(46)) - raft.server.snapshot.trigger-when-stop.enabled = true (default)
2025-05-14 02:53:38,230 [c77e66e9-1cca-4fd3-bc5b-4ea2dbc3232f-groupManagement] INFO  server.RaftServerConfigKeys (ConfUtils.java:logGet(46)) - raft.server.snapshot.trigger-when-remove.enabled = true (default)
2025-05-14 02:53:38,230 [c77e66e9-1cca-4fd3-bc5b-4ea2dbc3232f-groupManagement] INFO  server.RaftServerConfigKeys (ConfUtils.java:logGet(46)) - raft.server.snapshot.auto.trigger.enabled = true (custom)
2025-05-14 02:53:38,230 [c77e66e9-1cca-4fd3-bc5b-4ea2dbc3232f-groupManagement] INFO  server.RaftServerConfigKeys (ConfUtils.java:logGet(46)) - raft.server.snapshot.auto.trigger.threshold = 1 (custom)
2025-05-14 02:53:38,230 [c77e66e9-1cca-4fd3-bc5b-4ea2dbc3232f-groupManagement] INFO  server.RaftServerConfigKeys (ConfUtils.java:logGet(46)) - raft.server.snapshot.retention.file.num = 5 (custom)
2025-05-14 02:53:38,230 [c77e66e9-1cca-4fd3-bc5b-4ea2dbc3232f-groupManagement] INFO  server.RaftServerConfigKeys (ConfUtils.java:logGet(46)) - raft.server.log.purge.upto.snapshot.index = false (default)
2025-05-14 02:53:38,231 [c77e66e9-1cca-4fd3-bc5b-4ea2dbc3232f-groupManagement] INFO  server.RaftServer$Division (RaftServerImpl.java:start(405)) - c77e66e9-1cca-4fd3-bc5b-4ea2dbc3232f@group-90B7BBECBC71: Successfully started.
2025-05-14 02:53:38,233 [grpc-default-executor-0] INFO  server.RaftServer$Division (RaftServerImpl.java:requestVote(1441)) - 30ccf06d-ad3c-4fb0-87c5-f3e2916d12cb@group-88043DA95CFB replies to PRE_VOTE vote request: f8181075-ae63-407a-b17c-78185f7d70dd<-30ccf06d-ad3c-4fb0-87c5-f3e2916d12cb#0:OK-t0. Peer's state: 30ccf06d-ad3c-4fb0-87c5-f3e2916d12cb@group-88043DA95CFB:t0, leader=null, voted=, raftlog=Memoized:30ccf06d-ad3c-4fb0-87c5-f3e2916d12cb@group-88043DA95CFB-SegmentedRaftLog:OPENED:c-1:lastnull, conf=conf: {index: -1, cur=peers:[30ccf06d-ad3c-4fb0-87c5-f3e2916d12cb|127.0.0.1:15023, f8181075-ae63-407a-b17c-78185f7d70dd|127.0.0.1:15015, 0e2e4ad1-578a-45fc-a8c2-41affcffb7b9|127.0.0.1:15031]|listeners:[], old=null}
2025-05-14 02:53:38,233 [grpc-default-executor-1] INFO  server.RaftServer$Division (RaftServerImpl.java:requestVote(1441)) - 0e2e4ad1-578a-45fc-a8c2-41affcffb7b9@group-88043DA95CFB replies to PRE_VOTE vote request: f8181075-ae63-407a-b17c-78185f7d70dd<-0e2e4ad1-578a-45fc-a8c2-41affcffb7b9#0:OK-t0. Peer's state: 0e2e4ad1-578a-45fc-a8c2-41affcffb7b9@group-88043DA95CFB:t0, leader=null, voted=, raftlog=Memoized:0e2e4ad1-578a-45fc-a8c2-41affcffb7b9@group-88043DA95CFB-SegmentedRaftLog:OPENED:c-1:lastnull, conf=conf: {index: -1, cur=peers:[30ccf06d-ad3c-4fb0-87c5-f3e2916d12cb|127.0.0.1:15023, f8181075-ae63-407a-b17c-78185f7d70dd|127.0.0.1:15015, 0e2e4ad1-578a-45fc-a8c2-41affcffb7b9|127.0.0.1:15031]|listeners:[], old=null}
2025-05-14 02:53:38,237 [c77e66e9-1cca-4fd3-bc5b-4ea2dbc3232f-groupManagement] INFO  server.RaftServer$Division (RaftServerImpl.java:<init>(255)) - c77e66e9-1cca-4fd3-bc5b-4ea2dbc3232f: new RaftServerImpl for group-CA654213E6F9:[c77e66e9-1cca-4fd3-bc5b-4ea2dbc3232f|127.0.0.1:15055] with ContainerStateMachine:uninitialized
2025-05-14 02:53:38,237 [c77e66e9-1cca-4fd3-bc5b-4ea2dbc3232f-groupManagement] INFO  server.RaftServerConfigKeys (ConfUtils.java:logGet(46)) - raft.server.rpc.timeout.min = 5s (custom)
2025-05-14 02:53:38,237 [c77e66e9-1cca-4fd3-bc5b-4ea2dbc3232f-groupManagement] INFO  server.RaftServerConfigKeys (ConfUtils.java:logGet(46)) - raft.server.rpc.timeout.max = 5200ms (custom)
2025-05-14 02:53:38,238 [c77e66e9-1cca-4fd3-bc5b-4ea2dbc3232f-groupManagement] INFO  server.RaftServerConfigKeys (ConfUtils.java:logGet(46)) - raft.server.rpc.sleep.time = 25ms (default)
2025-05-14 02:53:38,238 [c77e66e9-1cca-4fd3-bc5b-4ea2dbc3232f-groupManagement] INFO  server.RaftServerConfigKeys (ConfUtils.java:logGet(46)) - raft.server.rpc.slowness.timeout = 300000ms (custom)
2025-05-14 02:53:38,238 [f8181075-ae63-407a-b17c-78185f7d70dd@group-88043DA95CFB-LeaderElection5] INFO  impl.LeaderElection (LeaderElection.java:logAndReturn(90)) - f8181075-ae63-407a-b17c-78185f7d70dd@group-88043DA95CFB-LeaderElection5: PRE_VOTE PASSED received 1 response(s) and 0 exception(s):
2025-05-14 02:53:38,239 [f8181075-ae63-407a-b17c-78185f7d70dd@group-88043DA95CFB-LeaderElection5] INFO  impl.LeaderElection (LeaderElection.java:logAndReturn(94)) -   Response 0: f8181075-ae63-407a-b17c-78185f7d70dd<-0e2e4ad1-578a-45fc-a8c2-41affcffb7b9#0:OK-t0
2025-05-14 02:53:38,239 [f8181075-ae63-407a-b17c-78185f7d70dd@group-88043DA95CFB-LeaderElection5] INFO  impl.LeaderElection (LeaderElection.java:askForVotes(334)) - f8181075-ae63-407a-b17c-78185f7d70dd@group-88043DA95CFB-LeaderElection5 PRE_VOTE round 0: result PASSED
2025-05-14 02:53:38,239 [c77e66e9-1cca-4fd3-bc5b-4ea2dbc3232f-groupManagement] INFO  server.RaftServerConfigKeys (ConfUtils.java:logGet(46)) - raft.server.leaderelection.leader.step-down.wait-time = 10s (default)
2025-05-14 02:53:38,239 [c77e66e9-1cca-4fd3-bc5b-4ea2dbc3232f-groupManagement] INFO  server.RaftServerConfigKeys (ConfUtils.java:logGet(46)) - raft.server.leaderelection.member.majority-add = false (default)
2025-05-14 02:53:38,239 [c77e66e9-1cca-4fd3-bc5b-4ea2dbc3232f-groupManagement] INFO  server.RaftServerConfigKeys (ConfUtils.java:logGet(46)) - raft.server.sleep.deviation.threshold = 300ms (default)
2025-05-14 02:53:38,239 [c77e66e9-1cca-4fd3-bc5b-4ea2dbc3232f-groupManagement] INFO  server.RaftServer$Division (ServerState.java:<init>(114)) - c77e66e9-1cca-4fd3-bc5b-4ea2dbc3232f@group-CA654213E6F9: ConfigurationManager, init=conf: {index: -1, cur=peers:[c77e66e9-1cca-4fd3-bc5b-4ea2dbc3232f|127.0.0.1:15055]|listeners:[], old=null}, confs=<EMPTY_MAP>
2025-05-14 02:53:38,240 [c77e66e9-1cca-4fd3-bc5b-4ea2dbc3232f-groupManagement] INFO  server.RaftServerConfigKeys (ConfUtils.java:logGet(46)) - raft.server.notification.no-leader.timeout = 300000ms (custom)
2025-05-14 02:53:38,240 [c77e66e9-1cca-4fd3-bc5b-4ea2dbc3232f-groupManagement] INFO  server.RaftServerConfigKeys (ConfUtils.java:logGet(46)) - raft.server.read.timeout = 10s (default)
2025-05-14 02:53:38,241 [c77e66e9-1cca-4fd3-bc5b-4ea2dbc3232f-groupManagement] INFO  server.RaftServerConfigKeys (ConfUtils.java:logGet(46)) - raft.server.retrycache.expirytime = 600000ms (custom)
2025-05-14 02:53:38,241 [c77e66e9-1cca-4fd3-bc5b-4ea2dbc3232f-groupManagement] INFO  server.RaftServerConfigKeys (ConfUtils.java:logGet(46)) - raft.server.retrycache.statistics.expirytime = 100ms (default)
2025-05-14 02:53:38,240 [d4e44fd7-0e23-4e4f-bc30-0c7965de497d-PipelineCommandHandlerThread-0] INFO  commandhandler.CreatePipelineCommandHandler (CreatePipelineCommandHandler.java:lambda$handle$2(128)) - Created Pipeline RATIS THREE PipelineID=8155a67b-a88a-4cce-aefd-90b7bbecbc71.
2025-05-14 02:53:38,241 [c77e66e9-1cca-4fd3-bc5b-4ea2dbc3232f-groupManagement] INFO  server.RaftServerConfigKeys (ConfUtils.java:logGet(46)) - raft.server.read.option = DEFAULT (default)
2025-05-14 02:53:38,241 [c77e66e9-1cca-4fd3-bc5b-4ea2dbc3232f-groupManagement] INFO  server.RaftServerConfigKeys (ConfUtils.java:logGet(46)) - raft.server.read.read-after-write-consistent.write-index-cache.expiry-time = 60s (default)
2025-05-14 02:53:38,241 [EventQueue-PipelineReportForOneReplicaPipelineSafeModeRule] INFO  safemode.SCMSafeModeManager (SCMSafeModeManager.java:validateSafeModeExitRules(140)) - AtleastOneDatanodeReportedRule rule is successfully validated
2025-05-14 02:53:38,243 [f8181075-ae63-407a-b17c-78185f7d70dd@group-88043DA95CFB-LeaderElection5] INFO  impl.LeaderElection (LeaderElection.java:askForVotes(332)) - f8181075-ae63-407a-b17c-78185f7d70dd@group-88043DA95CFB-LeaderElection5 ELECTION round 0: submit vote requests at term 1 for conf: {index: -1, cur=peers:[30ccf06d-ad3c-4fb0-87c5-f3e2916d12cb|127.0.0.1:15023, f8181075-ae63-407a-b17c-78185f7d70dd|127.0.0.1:15015, 0e2e4ad1-578a-45fc-a8c2-41affcffb7b9|127.0.0.1:15031]|listeners:[], old=null}
2025-05-14 02:53:38,246 [c77e66e9-1cca-4fd3-bc5b-4ea2dbc3232f-groupManagement] INFO  server.RaftServerConfigKeys (ConfUtils.java:logGet(46)) - raft.server.rpc.request.timeout = 3000ms (default)
2025-05-14 02:53:38,246 [c77e66e9-1cca-4fd3-bc5b-4ea2dbc3232f-groupManagement] INFO  server.RaftServerConfigKeys (ConfUtils.java:logGet(46)) - raft.server.log.appender.install.snapshot.enabled = false (custom)
2025-05-14 02:53:38,246 [f8181075-ae63-407a-b17c-78185f7d70dd@group-88043DA95CFB-LeaderElection5] INFO  server.RaftServerConfigKeys (ConfUtils.java:logGet(46)) - raft.server.rpc.first-election.timeout.min = 1000ms (custom)
2025-05-14 02:53:38,246 [f8181075-ae63-407a-b17c-78185f7d70dd@group-88043DA95CFB-LeaderElection5] INFO  server.RaftServerConfigKeys (ConfUtils.java:logGet(46)) - raft.server.rpc.first-election.timeout.max = 1200ms (custom)
2025-05-14 02:53:38,246 [c77e66e9-1cca-4fd3-bc5b-4ea2dbc3232f-groupManagement] INFO  server.RaftServerConfigKeys (ConfUtils.java:logGet(46)) - raft.server.threadpool.server.cached = true (default)
2025-05-14 02:53:38,246 [c77e66e9-1cca-4fd3-bc5b-4ea2dbc3232f-groupManagement] INFO  server.RaftServerConfigKeys (ConfUtils.java:logGet(46)) - raft.server.threadpool.server.size = 0 (default)
2025-05-14 02:53:38,247 [c77e66e9-1cca-4fd3-bc5b-4ea2dbc3232f-groupManagement] INFO  server.RaftServerConfigKeys (ConfUtils.java:logGet(46)) - raft.server.threadpool.client.cached = true (default)
2025-05-14 02:53:38,247 [c77e66e9-1cca-4fd3-bc5b-4ea2dbc3232f-groupManagement] INFO  server.RaftServerConfigKeys (ConfUtils.java:logGet(46)) - raft.server.threadpool.client.size = 0 (default)
2025-05-14 02:53:38,247 [c77e66e9-1cca-4fd3-bc5b-4ea2dbc3232f-groupManagement] INFO  server.RaftServerConfigKeys (ConfUtils.java:logGet(46)) - raft.server.storage.free-space.min = 0MB (=0) (default)
2025-05-14 02:53:38,247 [c77e66e9-1cca-4fd3-bc5b-4ea2dbc3232f-groupManagement] INFO  server.RaftServerConfigKeys (ConfUtils.java:logGet(46)) - raft.server.log.corruption.policy = EXCEPTION (default)
2025-05-14 02:53:38,247 [c77e66e9-1cca-4fd3-bc5b-4ea2dbc3232f-groupManagement] INFO  server.RaftServerConfigKeys (ConfUtils.java:logGet(46)) - raft.server.storage.dir = [/home/runner/work/ozone/ozone/hadoop-ozone/integration-test/target/test-dir/MiniOzoneClusterImpl-af940217-b311-440f-8e09-352fdf66236b/ozone-meta/datanode-6/ratis] (custom)
2025-05-14 02:53:38,247 [c77e66e9-1cca-4fd3-bc5b-4ea2dbc3232f-groupManagement] INFO  storage.RaftStorageDirectory (RaftStorageDirectoryImpl.java:analyzeStorage(138)) - The storage directory /home/runner/work/ozone/ozone/hadoop-ozone/integration-test/target/test-dir/MiniOzoneClusterImpl-af940217-b311-440f-8e09-352fdf66236b/ozone-meta/datanode-6/ratis/d1819bd0-c34f-41f4-be2b-ca654213e6f9 does not exist. Creating ...
2025-05-14 02:53:38,249 [c77e66e9-1cca-4fd3-bc5b-4ea2dbc3232f-groupManagement] INFO  storage.RaftStorageDirectory (RaftStorageDirectoryImpl.java:tryLock(229)) - Lock on /home/runner/work/ozone/ozone/hadoop-ozone/integration-test/target/test-dir/MiniOzoneClusterImpl-af940217-b311-440f-8e09-352fdf66236b/ozone-meta/datanode-6/ratis/d1819bd0-c34f-41f4-be2b-ca654213e6f9/in_use.lock acquired by nodename 34763@localhost
2025-05-14 02:53:38,250 [grpc-default-executor-0] INFO  server.RaftServer$Division (RaftServerImpl.java:requestVote(1407)) - 0e2e4ad1-578a-45fc-a8c2-41affcffb7b9@group-88043DA95CFB: receive requestVote(ELECTION, f8181075-ae63-407a-b17c-78185f7d70dd, group-88043DA95CFB, 1, (t:0, i:0))
2025-05-14 02:53:38,250 [grpc-default-executor-0] INFO  impl.VoteContext (VoteContext.java:log(49)) - 0e2e4ad1-578a-45fc-a8c2-41affcffb7b9@group-88043DA95CFB-FOLLOWER: accept ELECTION from f8181075-ae63-407a-b17c-78185f7d70dd: our priority 0 <= candidate's priority 1
2025-05-14 02:53:38,250 [grpc-default-executor-0] INFO  server.RaftServer$Division (RaftServerImpl.java:setRole(378)) - 0e2e4ad1-578a-45fc-a8c2-41affcffb7b9@group-88043DA95CFB: changes role from  FOLLOWER to FOLLOWER at term 0 for candidate:f8181075-ae63-407a-b17c-78185f7d70dd
2025-05-14 02:53:38,250 [grpc-default-executor-0] INFO  impl.RoleInfo (RoleInfo.java:shutdownFollowerState(121)) - 0e2e4ad1-578a-45fc-a8c2-41affcffb7b9: shutdown 0e2e4ad1-578a-45fc-a8c2-41affcffb7b9@group-88043DA95CFB-FollowerState
2025-05-14 02:53:38,250 [0e2e4ad1-578a-45fc-a8c2-41affcffb7b9@group-88043DA95CFB-FollowerState] INFO  impl.FollowerState (FollowerState.java:runImpl(170)) - 0e2e4ad1-578a-45fc-a8c2-41affcffb7b9@group-88043DA95CFB-FollowerState was interrupted
2025-05-14 02:53:38,251 [grpc-default-executor-2] INFO  server.RaftServer$Division (RaftServerImpl.java:requestVote(1407)) - 30ccf06d-ad3c-4fb0-87c5-f3e2916d12cb@group-88043DA95CFB: receive requestVote(ELECTION, f8181075-ae63-407a-b17c-78185f7d70dd, group-88043DA95CFB, 1, (t:0, i:0))
2025-05-14 02:53:38,251 [grpc-default-executor-0] INFO  impl.RoleInfo (RoleInfo.java:updateAndGet(148)) - 0e2e4ad1-578a-45fc-a8c2-41affcffb7b9: start 0e2e4ad1-578a-45fc-a8c2-41affcffb7b9@group-88043DA95CFB-FollowerState
2025-05-14 02:53:38,252 [c77e66e9-1cca-4fd3-bc5b-4ea2dbc3232f-groupManagement] INFO  storage.RaftStorage (RaftStorageImpl.java:format(98)) - Storage directory /home/runner/work/ozone/ozone/hadoop-ozone/integration-test/target/test-dir/MiniOzoneClusterImpl-af940217-b311-440f-8e09-352fdf66236b/ozone-meta/datanode-6/ratis/d1819bd0-c34f-41f4-be2b-ca654213e6f9 has been successfully formatted.
2025-05-14 02:53:38,252 [c77e66e9-1cca-4fd3-bc5b-4ea2dbc3232f-groupManagement] INFO  ratis.ContainerStateMachine (ContainerStateMachine.java:initialize(339)) - c77e66e9-1cca-4fd3-bc5b-4ea2dbc3232f: initialize group-CA654213E6F9
2025-05-14 02:53:38,252 [c77e66e9-1cca-4fd3-bc5b-4ea2dbc3232f-groupManagement] INFO  ratis.ContainerStateMachine (ContainerStateMachine.java:loadSnapshot(347)) - group-CA654213E6F9: The snapshot info is null. Setting the last applied index to:(t:0, i:~)
2025-05-14 02:53:38,252 [c77e66e9-1cca-4fd3-bc5b-4ea2dbc3232f-groupManagement] INFO  server.RaftServerConfigKeys (ConfUtils.java:logGet(46)) - raft.server.log.use.memory = false (default)
2025-05-14 02:53:38,252 [grpc-default-executor-2] INFO  impl.VoteContext (VoteContext.java:log(49)) - 30ccf06d-ad3c-4fb0-87c5-f3e2916d12cb@group-88043DA95CFB-FOLLOWER: accept ELECTION from f8181075-ae63-407a-b17c-78185f7d70dd: our priority 0 <= candidate's priority 1
2025-05-14 02:53:38,253 [grpc-default-executor-2] INFO  server.RaftServer$Division (RaftServerImpl.java:setRole(378)) - 30ccf06d-ad3c-4fb0-87c5-f3e2916d12cb@group-88043DA95CFB: changes role from  FOLLOWER to FOLLOWER at term 0 for candidate:f8181075-ae63-407a-b17c-78185f7d70dd
2025-05-14 02:53:38,253 [grpc-default-executor-2] INFO  impl.RoleInfo (RoleInfo.java:shutdownFollowerState(121)) - 30ccf06d-ad3c-4fb0-87c5-f3e2916d12cb: shutdown 30ccf06d-ad3c-4fb0-87c5-f3e2916d12cb@group-88043DA95CFB-FollowerState
2025-05-14 02:53:38,253 [grpc-default-executor-2] INFO  impl.RoleInfo (RoleInfo.java:updateAndGet(148)) - 30ccf06d-ad3c-4fb0-87c5-f3e2916d12cb: start 30ccf06d-ad3c-4fb0-87c5-f3e2916d12cb@group-88043DA95CFB-FollowerState
2025-05-14 02:53:38,253 [c77e66e9-1cca-4fd3-bc5b-4ea2dbc3232f-groupManagement] INFO  server.RaftServerConfigKeys (ConfUtils.java:logGet(46)) - raft.server.log.purge.gap = 1000000 (custom)
2025-05-14 02:53:38,253 [c77e66e9-1cca-4fd3-bc5b-4ea2dbc3232f-groupManagement] INFO  server.RaftServerConfigKeys (ConfUtils.java:logGet(46)) - raft.server.log.appender.buffer.byte-limit = 33554432 (custom)
2025-05-14 02:53:38,253 [c77e66e9-1cca-4fd3-bc5b-4ea2dbc3232f-groupManagement] INFO  server.RaftServerConfigKeys (ConfUtils.java:logGet(46)) - raft.server.log.statemachine.data.read.timeout = 1000ms (default)
2025-05-14 02:53:38,253 [c77e66e9-1cca-4fd3-bc5b-4ea2dbc3232f-groupManagement] INFO  server.RaftServerConfigKeys (ConfUtils.java:logGet(46)) - raft.server.log.purge.preservation.log.num = 0 (default)
2025-05-14 02:53:38,253 [30ccf06d-ad3c-4fb0-87c5-f3e2916d12cb@group-88043DA95CFB-FollowerState] INFO  impl.FollowerState (FollowerState.java:runImpl(170)) - 30ccf06d-ad3c-4fb0-87c5-f3e2916d12cb@group-88043DA95CFB-FollowerState was interrupted
2025-05-14 02:53:38,254 [grpc-default-executor-2] INFO  server.RaftServer$Division (RaftServerImpl.java:setFirstElection(562)) - 30ccf06d-ad3c-4fb0-87c5-f3e2916d12cb@group-88043DA95CFB: set firstElectionSinceStartup to false for candidate:f8181075-ae63-407a-b17c-78185f7d70dd
2025-05-14 02:53:38,255 [grpc-default-executor-0] INFO  server.RaftServer$Division (RaftServerImpl.java:setFirstElection(562)) - 0e2e4ad1-578a-45fc-a8c2-41affcffb7b9@group-88043DA95CFB: set firstElectionSinceStartup to false for candidate:f8181075-ae63-407a-b17c-78185f7d70dd
2025-05-14 02:53:38,256 [grpc-default-executor-0] INFO  server.RaftServer$Division (RaftServerImpl.java:requestVote(1441)) - 0e2e4ad1-578a-45fc-a8c2-41affcffb7b9@group-88043DA95CFB replies to ELECTION vote request: f8181075-ae63-407a-b17c-78185f7d70dd<-0e2e4ad1-578a-45fc-a8c2-41affcffb7b9#0:OK-t1. Peer's state: 0e2e4ad1-578a-45fc-a8c2-41affcffb7b9@group-88043DA95CFB:t1, leader=null, voted=f8181075-ae63-407a-b17c-78185f7d70dd, raftlog=Memoized:0e2e4ad1-578a-45fc-a8c2-41affcffb7b9@group-88043DA95CFB-SegmentedRaftLog:OPENED:c-1:lastnull, conf=conf: {index: -1, cur=peers:[30ccf06d-ad3c-4fb0-87c5-f3e2916d12cb|127.0.0.1:15023, f8181075-ae63-407a-b17c-78185f7d70dd|127.0.0.1:15015, 0e2e4ad1-578a-45fc-a8c2-41affcffb7b9|127.0.0.1:15031]|listeners:[], old=null}
2025-05-14 02:53:38,256 [grpc-default-executor-2] INFO  server.RaftServer$Division (RaftServerImpl.java:requestVote(1441)) - 30ccf06d-ad3c-4fb0-87c5-f3e2916d12cb@group-88043DA95CFB replies to ELECTION vote request: f8181075-ae63-407a-b17c-78185f7d70dd<-30ccf06d-ad3c-4fb0-87c5-f3e2916d12cb#0:OK-t1. Peer's state: 30ccf06d-ad3c-4fb0-87c5-f3e2916d12cb@group-88043DA95CFB:t1, leader=null, voted=f8181075-ae63-407a-b17c-78185f7d70dd, raftlog=Memoized:30ccf06d-ad3c-4fb0-87c5-f3e2916d12cb@group-88043DA95CFB-SegmentedRaftLog:OPENED:c-1:lastnull, conf=conf: {index: -1, cur=peers:[30ccf06d-ad3c-4fb0-87c5-f3e2916d12cb|127.0.0.1:15023, f8181075-ae63-407a-b17c-78185f7d70dd|127.0.0.1:15015, 0e2e4ad1-578a-45fc-a8c2-41affcffb7b9|127.0.0.1:15031]|listeners:[], old=null}
2025-05-14 02:53:38,259 [c77e66e9-1cca-4fd3-bc5b-4ea2dbc3232f-groupManagement] INFO  server.RaftServerConfigKeys (ConfUtils.java:logGet(46)) - raft.server.log.segment.size.max = 67108864 (custom)
2025-05-14 02:53:38,259 [c77e66e9-1cca-4fd3-bc5b-4ea2dbc3232f-groupManagement] INFO  server.RaftServerConfigKeys (ConfUtils.java:logGet(46)) - raft.server.log.segment.cache.num.max = 2 (custom)
2025-05-14 02:53:38,259 [c77e66e9-1cca-4fd3-bc5b-4ea2dbc3232f-groupManagement] INFO  server.RaftServerConfigKeys (ConfUtils.java:logGet(46)) - raft.server.log.segment.cache.size.max = 200MB (=209715200) (default)
2025-05-14 02:53:38,260 [f8181075-ae63-407a-b17c-78185f7d70dd@group-88043DA95CFB-LeaderElection5] INFO  impl.LeaderElection (LeaderElection.java:logAndReturn(90)) - f8181075-ae63-407a-b17c-78185f7d70dd@group-88043DA95CFB-LeaderElection5: ELECTION PASSED received 1 response(s) and 0 exception(s):
2025-05-14 02:53:38,260 [f8181075-ae63-407a-b17c-78185f7d70dd@group-88043DA95CFB-LeaderElection5] INFO  impl.LeaderElection (LeaderElection.java:logAndReturn(94)) -   Response 0: f8181075-ae63-407a-b17c-78185f7d70dd<-0e2e4ad1-578a-45fc-a8c2-41affcffb7b9#0:OK-t1
2025-05-14 02:53:38,260 [EventQueue-OpenPipelineForHealthyPipelineSafeModeRule] INFO  safemode.SCMSafeModeManager (HealthyPipelineSafeModeRule.java:process(141)) - SCM in safe mode. Healthy pipelines reported count is 0, required healthy pipeline reported count is 1
2025-05-14 02:53:38,260 [EventQueue-PipelineReportForOneReplicaPipelineSafeModeRule] INFO  safemode.SCMSafeModeManager (SCMSafeModeManager.java:validateSafeModeExitRules(140)) - AtleastOneDatanodeReportedRule rule is successfully validated
2025-05-14 02:53:38,261 [f8181075-ae63-407a-b17c-78185f7d70dd@group-88043DA95CFB-LeaderElection5] INFO  impl.LeaderElection (LeaderElection.java:askForVotes(334)) - f8181075-ae63-407a-b17c-78185f7d70dd@group-88043DA95CFB-LeaderElection5 ELECTION round 0: result PASSED
2025-05-14 02:53:38,261 [f8181075-ae63-407a-b17c-78185f7d70dd@group-88043DA95CFB-LeaderElection5] INFO  impl.RoleInfo (RoleInfo.java:shutdownLeaderElection(141)) - f8181075-ae63-407a-b17c-78185f7d70dd: shutdown f8181075-ae63-407a-b17c-78185f7d70dd@group-88043DA95CFB-LeaderElection5
2025-05-14 02:53:38,261 [f8181075-ae63-407a-b17c-78185f7d70dd@group-88043DA95CFB-LeaderElection5] INFO  server.RaftServer$Division (RaftServerImpl.java:setRole(378)) - f8181075-ae63-407a-b17c-78185f7d70dd@group-88043DA95CFB: changes role from CANDIDATE to LEADER at term 1 for changeToLeader
2025-05-14 02:53:38,261 [f8181075-ae63-407a-b17c-78185f7d70dd@group-88043DA95CFB-LeaderElection5] INFO  server.RaftServerConfigKeys (ConfUtils.java:logGet(46)) - raft.server.staging.catchup.gap = 1000 (default)
2025-05-14 02:53:38,261 [c77e66e9-1cca-4fd3-bc5b-4ea2dbc3232f-groupManagement] INFO  server.RaftServerConfigKeys (ConfUtils.java:logGet(46)) - raft.server.log.appender.buffer.byte-limit = 33554432 (custom)
2025-05-14 02:53:38,262 [f8181075-ae63-407a-b17c-78185f7d70dd@group-88043DA95CFB-LeaderElection5] INFO  server.RaftServerConfigKeys (ConfUtils.java:logGet(46)) - raft.server.write.element-limit = 1024 (custom)
2025-05-14 02:53:38,262 [f8181075-ae63-407a-b17c-78185f7d70dd@group-88043DA95CFB-LeaderElection5] INFO  server.RaftServerConfigKeys (ConfUtils.java:logGet(46)) - raft.server.write.byte-limit = 1024 M (=1073741824) (custom)
2025-05-14 02:53:38,263 [c77e66e9-1cca-4fd3-bc5b-4ea2dbc3232f-groupManagement] INFO  util.AwaitToRun (AwaitToRun.java:start(81)) - Thread[#1300,c77e66e9-1cca-4fd3-bc5b-4ea2dbc3232f@group-CA654213E6F9-cacheEviction-AwaitToRun,5,main] started
2025-05-14 02:53:38,263 [c77e66e9-1cca-4fd3-bc5b-4ea2dbc3232f-groupManagement] INFO  segmented.SegmentedRaftLogWorker (SegmentedRaftLogWorker.java:<init>(188)) - new c77e66e9-1cca-4fd3-bc5b-4ea2dbc3232f@group-CA654213E6F9-SegmentedRaftLogWorker for RaftStorageImpl:Storage Directory /home/runner/work/ozone/ozone/hadoop-ozone/integration-test/target/test-dir/MiniOzoneClusterImpl-af940217-b311-440f-8e09-352fdf66236b/ozone-meta/datanode-6/ratis/d1819bd0-c34f-41f4-be2b-ca654213e6f9
2025-05-14 02:53:38,263 [c77e66e9-1cca-4fd3-bc5b-4ea2dbc3232f-groupManagement] INFO  server.RaftServerConfigKeys (ConfUtils.java:logGet(46)) - raft.server.log.queue.byte-limit = 4294967296 (custom)
2025-05-14 02:53:38,263 [c77e66e9-1cca-4fd3-bc5b-4ea2dbc3232f-groupManagement] INFO  server.RaftServerConfigKeys (ConfUtils.java:logGet(46)) - raft.server.log.queue.element-limit = 1024 (custom)
2025-05-14 02:53:38,263 [c77e66e9-1cca-4fd3-bc5b-4ea2dbc3232f-groupManagement] INFO  server.RaftServerConfigKeys (ConfUtils.java:logGet(46)) - raft.server.log.segment.size.max = 67108864 (custom)
2025-05-14 02:53:38,263 [c77e66e9-1cca-4fd3-bc5b-4ea2dbc3232f-groupManagement] INFO  server.RaftServerConfigKeys (ConfUtils.java:logGet(46)) - raft.server.log.preallocated.size = 4194304 (custom)
2025-05-14 02:53:38,263 [c77e66e9-1cca-4fd3-bc5b-4ea2dbc3232f-groupManagement] INFO  server.RaftServerConfigKeys (ConfUtils.java:logGet(46)) - raft.server.log.force.sync.num = 128 (default)
2025-05-14 02:53:38,263 [c77e66e9-1cca-4fd3-bc5b-4ea2dbc3232f-groupManagement] INFO  server.RaftServerConfigKeys (ConfUtils.java:logGet(46)) - raft.server.log.statemachine.data.sync = true (default)
2025-05-14 02:53:38,263 [c77e66e9-1cca-4fd3-bc5b-4ea2dbc3232f-groupManagement] INFO  server.RaftServerConfigKeys (ConfUtils.java:logGet(46)) - raft.server.log.statemachine.data.sync.timeout = 10s (default)
2025-05-14 02:53:38,263 [c77e66e9-1cca-4fd3-bc5b-4ea2dbc3232f-groupManagement] INFO  server.RaftServerConfigKeys (ConfUtils.java:logGet(46)) - raft.server.log.statemachine.data.sync.timeout.retry = 30 (custom)
2025-05-14 02:53:38,263 [f8181075-ae63-407a-b17c-78185f7d70dd@group-88043DA95CFB-LeaderElection5] INFO  server.RaftServerConfigKeys (ConfUtils.java:logGet(46)) - raft.server.watch.timeout = 10000ms (default)
2025-05-14 02:53:38,263 [f8181075-ae63-407a-b17c-78185f7d70dd@group-88043DA95CFB-LeaderElection5] INFO  server.RaftServerConfigKeys (ConfUtils.java:logGet(46)) - raft.server.watch.timeout.denomination = 1s (default)
2025-05-14 02:53:38,263 [f8181075-ae63-407a-b17c-78185f7d70dd@group-88043DA95CFB-LeaderElection5] INFO  server.RaftServerConfigKeys (ConfUtils.java:logGet(46)) - raft.server.watch.element-limit = 65536 (default)
2025-05-14 02:53:38,264 [f8181075-ae63-407a-b17c-78185f7d70dd@group-88043DA95CFB-LeaderElection5] INFO  server.RaftServerConfigKeys (ConfUtils.java:logGet(46)) - raft.server.read.leader.lease.enabled = false (default)
2025-05-14 02:53:38,264 [f8181075-ae63-407a-b17c-78185f7d70dd@group-88043DA95CFB-LeaderElection5] INFO  server.RaftServerConfigKeys (ConfUtils.java:logGet(46)) - raft.server.read.leader.lease.timeout.ratio = 0.9 (default)
2025-05-14 02:53:38,264 [f8181075-ae63-407a-b17c-78185f7d70dd@group-88043DA95CFB-LeaderElection5] INFO  server.RaftServerConfigKeys (ConfUtils.java:logGet(46)) - raft.server.rpc.timeout.min = 5s (custom)
2025-05-14 02:53:38,264 [f8181075-ae63-407a-b17c-78185f7d70dd@group-88043DA95CFB-LeaderElection5] INFO  server.RaftServerConfigKeys (ConfUtils.java:logGet(46)) - raft.server.log.log-metadata.enabled = true (default)
2025-05-14 02:53:38,264 [f8181075-ae63-407a-b17c-78185f7d70dd@group-88043DA95CFB-LeaderElection5] INFO  server.RaftServerConfigKeys (ConfUtils.java:logGet(46)) - raft.server.write.element-limit = 1024 (custom)
2025-05-14 02:53:38,264 [f8181075-ae63-407a-b17c-78185f7d70dd@group-88043DA95CFB-LeaderElection5] INFO  server.RaftServerConfigKeys (ConfUtils.java:logGet(46)) - raft.server.write.follower.gap.ratio.max = -1.0 (default)
2025-05-14 02:53:38,265 [c77e66e9-1cca-4fd3-bc5b-4ea2dbc3232f-groupManagement] INFO  server.RaftServerConfigKeys (ConfUtils.java:logGet(46)) - raft.server.log.write.buffer.size = 33554440 (custom)
2025-05-14 02:53:38,275 [EventQueue-PipelineReportForOneReplicaPipelineSafeModeRule] INFO  safemode.SCMSafeModeManager (SCMSafeModeManager.java:validateSafeModeExitRules(140)) - AtleastOneDatanodeReportedRule rule is successfully validated
2025-05-14 02:53:38,275 [EventQueue-OpenPipelineForHealthyPipelineSafeModeRule] INFO  safemode.SCMSafeModeManager (HealthyPipelineSafeModeRule.java:process(141)) - SCM in safe mode. Healthy pipelines reported count is 0, required healthy pipeline reported count is 1
2025-05-14 02:53:38,277 [c77e66e9-1cca-4fd3-bc5b-4ea2dbc3232f-groupManagement] INFO  server.RaftServerConfigKeys (ConfUtils.java:logGet(46)) - raft.server.log.appender.buffer.byte-limit = 33554432 (custom)
2025-05-14 02:53:38,278 [c77e66e9-1cca-4fd3-bc5b-4ea2dbc3232f-groupManagement] INFO  server.RaftServerConfigKeys (ConfUtils.java:logGet(46)) - raft.server.log.unsafe-flush.enabled = false (default)
2025-05-14 02:53:38,278 [c77e66e9-1cca-4fd3-bc5b-4ea2dbc3232f-groupManagement] INFO  server.RaftServerConfigKeys (ConfUtils.java:logGet(46)) - raft.server.log.async-flush.enabled = false (default)
2025-05-14 02:53:38,279 [c77e66e9-1cca-4fd3-bc5b-4ea2dbc3232f-groupManagement] INFO  server.RaftServerConfigKeys (ConfUtils.java:logGet(46)) - raft.server.log.statemachine.data.caching.enabled = true (custom)
2025-05-14 02:53:38,279 [c77e66e9-1cca-4fd3-bc5b-4ea2dbc3232f-groupManagement] INFO  segmented.SegmentedRaftLogWorker (SegmentedRaftLogWorker.java:lambda$new$0(139)) - c77e66e9-1cca-4fd3-bc5b-4ea2dbc3232f@group-CA654213E6F9-SegmentedRaftLogWorker: flushIndex: setUnconditionally 0 -> -1
2025-05-14 02:53:38,279 [c77e66e9-1cca-4fd3-bc5b-4ea2dbc3232f-groupManagement] INFO  segmented.SegmentedRaftLogWorker (SegmentedRaftLogWorker.java:lambda$new$0(139)) - c77e66e9-1cca-4fd3-bc5b-4ea2dbc3232f@group-CA654213E6F9-SegmentedRaftLogWorker: safeCacheEvictIndex: setUnconditionally 0 -> -1
2025-05-14 02:53:38,282 [c77e66e9-1cca-4fd3-bc5b-4ea2dbc3232f-groupManagement] INFO  server.RaftServer$Division (RaftServerImpl.java:start(391)) - c77e66e9-1cca-4fd3-bc5b-4ea2dbc3232f@group-CA654213E6F9: start as a follower, conf=conf: {index: -1, cur=peers:[c77e66e9-1cca-4fd3-bc5b-4ea2dbc3232f|127.0.0.1:15055]|listeners:[], old=null}
2025-05-14 02:53:38,282 [c77e66e9-1cca-4fd3-bc5b-4ea2dbc3232f-groupManagement] INFO  server.RaftServer$Division (RaftServerImpl.java:setRole(378)) - c77e66e9-1cca-4fd3-bc5b-4ea2dbc3232f@group-CA654213E6F9: changes role from      null to FOLLOWER at term 0 for startAsFollower
2025-05-14 02:53:38,282 [c77e66e9-1cca-4fd3-bc5b-4ea2dbc3232f-groupManagement] INFO  impl.RoleInfo (RoleInfo.java:updateAndGet(148)) - c77e66e9-1cca-4fd3-bc5b-4ea2dbc3232f: start c77e66e9-1cca-4fd3-bc5b-4ea2dbc3232f@group-CA654213E6F9-FollowerState
2025-05-14 02:53:38,283 [f8181075-ae63-407a-b17c-78185f7d70dd@group-88043DA95CFB-LeaderElection5] INFO  server.RaftServerConfigKeys (ConfUtils.java:logGet(46)) - raft.server.log.appender.snapshot.chunk.size.max = 16MB (=16777216) (default)
2025-05-14 02:53:38,283 [c77e66e9-1cca-4fd3-bc5b-4ea2dbc3232f@group-CA654213E6F9-FollowerState] INFO  server.RaftServerConfigKeys (ConfUtils.java:logGet(46)) - raft.server.rpc.first-election.timeout.min = 1000ms (custom)
2025-05-14 02:53:38,283 [c77e66e9-1cca-4fd3-bc5b-4ea2dbc3232f@group-CA654213E6F9-FollowerState] INFO  server.RaftServerConfigKeys (ConfUtils.java:logGet(46)) - raft.server.rpc.first-election.timeout.max = 1200ms (custom)
2025-05-14 02:53:38,283 [c77e66e9-1cca-4fd3-bc5b-4ea2dbc3232f-groupManagement] INFO  util.JmxRegister (JmxRegister.java:tryRegister(44)) - Successfully registered JMX Bean with object name Ratis:service=RaftServer,group=group-CA654213E6F9,id=c77e66e9-1cca-4fd3-bc5b-4ea2dbc3232f
2025-05-14 02:53:38,284 [c77e66e9-1cca-4fd3-bc5b-4ea2dbc3232f-groupManagement] INFO  util.JmxRegister (JmxRegister.java:register(58)) - register mxBean class org.apache.ratis.server.impl.RaftServerJmxAdapter as Ratis:service=RaftServer,group=group-CA654213E6F9,id=c77e66e9-1cca-4fd3-bc5b-4ea2dbc3232f
2025-05-14 02:53:38,284 [c77e66e9-1cca-4fd3-bc5b-4ea2dbc3232f-groupManagement] INFO  server.RaftServerConfigKeys (ConfUtils.java:logGet(46)) - raft.server.snapshot.trigger-when-stop.enabled = true (default)
2025-05-14 02:53:38,284 [c77e66e9-1cca-4fd3-bc5b-4ea2dbc3232f-groupManagement] INFO  server.RaftServerConfigKeys (ConfUtils.java:logGet(46)) - raft.server.snapshot.trigger-when-remove.enabled = true (default)
2025-05-14 02:53:38,284 [c77e66e9-1cca-4fd3-bc5b-4ea2dbc3232f-groupManagement] INFO  server.RaftServerConfigKeys (ConfUtils.java:logGet(46)) - raft.server.snapshot.auto.trigger.enabled = true (custom)
2025-05-14 02:53:38,284 [c77e66e9-1cca-4fd3-bc5b-4ea2dbc3232f-groupManagement] INFO  server.RaftServerConfigKeys (ConfUtils.java:logGet(46)) - raft.server.snapshot.auto.trigger.threshold = 1 (custom)
2025-05-14 02:53:38,285 [c77e66e9-1cca-4fd3-bc5b-4ea2dbc3232f-groupManagement] INFO  server.RaftServerConfigKeys (ConfUtils.java:logGet(46)) - raft.server.snapshot.retention.file.num = 5 (custom)
2025-05-14 02:53:38,285 [c77e66e9-1cca-4fd3-bc5b-4ea2dbc3232f-groupManagement] INFO  server.RaftServerConfigKeys (ConfUtils.java:logGet(46)) - raft.server.log.purge.upto.snapshot.index = false (default)
2025-05-14 02:53:38,285 [f8181075-ae63-407a-b17c-78185f7d70dd@group-88043DA95CFB-LeaderElection5] INFO  server.RaftServerConfigKeys (ConfUtils.java:logGet(46)) - raft.server.log.appender.buffer.byte-limit = 33554432 (custom)
2025-05-14 02:53:38,285 [f8181075-ae63-407a-b17c-78185f7d70dd@group-88043DA95CFB-LeaderElection5] INFO  server.RaftServerConfigKeys (ConfUtils.java:logGet(46)) - raft.server.log.appender.buffer.element-limit = 1024 (custom)
2025-05-14 02:53:38,288 [c77e66e9-1cca-4fd3-bc5b-4ea2dbc3232f-groupManagement] INFO  server.RaftServer$Division (RaftServerImpl.java:start(405)) - c77e66e9-1cca-4fd3-bc5b-4ea2dbc3232f@group-CA654213E6F9: Successfully started.
2025-05-14 02:53:38,288 [c77e66e9-1cca-4fd3-bc5b-4ea2dbc3232f-PipelineCommandHandlerThread-0] INFO  ratis.XceiverServerRatis (XceiverServerRatis.java:addGroup(843)) - Created group PipelineID=d1819bd0-c34f-41f4-be2b-ca654213e6f9
2025-05-14 02:53:38,288 [c77e66e9-1cca-4fd3-bc5b-4ea2dbc3232f-PipelineCommandHandlerThread-0] INFO  commandhandler.CreatePipelineCommandHandler (CreatePipelineCommandHandler.java:lambda$handle$2(128)) - Created Pipeline RATIS ONE PipelineID=d1819bd0-c34f-41f4-be2b-ca654213e6f9.
2025-05-14 02:53:38,290 [EventQueue-OpenPipelineForHealthyPipelineSafeModeRule] INFO  safemode.SCMSafeModeManager (HealthyPipelineSafeModeRule.java:process(141)) - SCM in safe mode. Healthy pipelines reported count is 0, required healthy pipeline reported count is 1
2025-05-14 02:53:38,290 [EventQueue-PipelineReportForOneReplicaPipelineSafeModeRule] INFO  safemode.SCMSafeModeManager (SCMSafeModeManager.java:validateSafeModeExitRules(140)) - AtleastOneDatanodeReportedRule rule is successfully validated
2025-05-14 02:53:38,292 [f8181075-ae63-407a-b17c-78185f7d70dd@group-88043DA95CFB-LeaderElection5] INFO  server.RaftServerConfigKeys (ConfUtils.java:logGet(46)) - raft.server.log.appender.wait-time.min = 0ms (custom)
2025-05-14 02:53:38,293 [f8181075-ae63-407a-b17c-78185f7d70dd@group-88043DA95CFB-LeaderElection5] INFO  grpc.GrpcConfigKeys (ConfUtils.java:logGet(46)) - raft.grpc.server.leader.outstanding.appends.max = 8 (default)
2025-05-14 02:53:38,293 [f8181075-ae63-407a-b17c-78185f7d70dd@group-88043DA95CFB-LeaderElection5] INFO  server.RaftServerConfigKeys (ConfUtils.java:logGet(46)) - raft.server.rpc.request.timeout = 3000ms (default)
2025-05-14 02:53:38,294 [f8181075-ae63-407a-b17c-78185f7d70dd@group-88043DA95CFB-LeaderElection5] INFO  grpc.GrpcConfigKeys (ConfUtils.java:logGet(46)) - raft.grpc.server.install_snapshot.request.element-limit = 8 (default)
2025-05-14 02:53:38,294 [f8181075-ae63-407a-b17c-78185f7d70dd@group-88043DA95CFB-LeaderElection5] INFO  grpc.GrpcConfigKeys (ConfUtils.java:logGet(46)) - raft.grpc.server.install_snapshot.request.timeout = 3000ms (default)
2025-05-14 02:53:38,294 [f8181075-ae63-407a-b17c-78185f7d70dd@group-88043DA95CFB-LeaderElection5] INFO  grpc.GrpcConfigKeys (ConfUtils.java:logGet(46)) - raft.grpc.server.log-message.batch.duration = 5s (default)
2025-05-14 02:53:38,295 [EventQueue-OpenPipelineForHealthyPipelineSafeModeRule] INFO  safemode.SCMSafeModeManager (HealthyPipelineSafeModeRule.java:process(141)) - SCM in safe mode. Healthy pipelines reported count is 0, required healthy pipeline reported count is 1
2025-05-14 02:53:38,295 [EventQueue-PipelineReportForOneReplicaPipelineSafeModeRule] INFO  safemode.SCMSafeModeManager (SCMSafeModeManager.java:validateSafeModeExitRules(140)) - AtleastOneDatanodeReportedRule rule is successfully validated
2025-05-14 02:53:38,296 [f8181075-ae63-407a-b17c-78185f7d70dd@group-88043DA95CFB-LeaderElection5] INFO  server.RaftServerConfigKeys (ConfUtils.java:logGet(46)) - raft.server.log.appender.install.snapshot.enabled = false (custom)
2025-05-14 02:53:38,297 [f8181075-ae63-407a-b17c-78185f7d70dd@group-88043DA95CFB-LeaderElection5] INFO  grpc.GrpcConfigKeys (ConfUtils.java:logGet(46)) - raft.grpc.server.heartbeat.channel = true (default)
2025-05-14 02:53:38,298 [EventQueue-PipelineReportForOneReplicaPipelineSafeModeRule] INFO  safemode.SCMSafeModeManager (SCMSafeModeManager.java:validateSafeModeExitRules(140)) - AtleastOneDatanodeReportedRule rule is successfully validated
2025-05-14 02:53:38,302 [f8181075-ae63-407a-b17c-78185f7d70dd@group-88043DA95CFB-LeaderElection5] INFO  server.RaftServerConfigKeys (ConfUtils.java:logGet(46)) - raft.server.log.appender.snapshot.chunk.size.max = 16MB (=16777216) (default)
2025-05-14 02:53:38,302 [f8181075-ae63-407a-b17c-78185f7d70dd@group-88043DA95CFB-LeaderElection5] INFO  server.RaftServerConfigKeys (ConfUtils.java:logGet(46)) - raft.server.log.appender.buffer.byte-limit = 33554432 (custom)
2025-05-14 02:53:38,303 [f8181075-ae63-407a-b17c-78185f7d70dd@group-88043DA95CFB-LeaderElection5] INFO  server.RaftServerConfigKeys (ConfUtils.java:logGet(46)) - raft.server.log.appender.buffer.element-limit = 1024 (custom)
2025-05-14 02:53:38,304 [f8181075-ae63-407a-b17c-78185f7d70dd@group-88043DA95CFB-LeaderElection5] INFO  server.RaftServerConfigKeys (ConfUtils.java:logGet(46)) - raft.server.log.appender.wait-time.min = 0ms (custom)
2025-05-14 02:53:38,304 [f8181075-ae63-407a-b17c-78185f7d70dd@group-88043DA95CFB-LeaderElection5] INFO  grpc.GrpcConfigKeys (ConfUtils.java:logGet(46)) - raft.grpc.server.leader.outstanding.appends.max = 8 (default)
2025-05-14 02:53:38,304 [f8181075-ae63-407a-b17c-78185f7d70dd@group-88043DA95CFB-LeaderElection5] INFO  server.RaftServerConfigKeys (ConfUtils.java:logGet(46)) - raft.server.rpc.request.timeout = 3000ms (default)
2025-05-14 02:53:38,304 [f8181075-ae63-407a-b17c-78185f7d70dd@group-88043DA95CFB-LeaderElection5] INFO  grpc.GrpcConfigKeys (ConfUtils.java:logGet(46)) - raft.grpc.server.install_snapshot.request.element-limit = 8 (default)
2025-05-14 02:53:38,305 [f8181075-ae63-407a-b17c-78185f7d70dd@group-88043DA95CFB-LeaderElection5] INFO  grpc.GrpcConfigKeys (ConfUtils.java:logGet(46)) - raft.grpc.server.install_snapshot.request.timeout = 3000ms (default)
2025-05-14 02:53:38,305 [f8181075-ae63-407a-b17c-78185f7d70dd@group-88043DA95CFB-LeaderElection5] INFO  grpc.GrpcConfigKeys (ConfUtils.java:logGet(46)) - raft.grpc.server.log-message.batch.duration = 5s (default)
2025-05-14 02:53:38,305 [f8181075-ae63-407a-b17c-78185f7d70dd@group-88043DA95CFB-LeaderElection5] INFO  server.RaftServerConfigKeys (ConfUtils.java:logGet(46)) - raft.server.log.appender.install.snapshot.enabled = false (custom)
2025-05-14 02:53:38,305 [f8181075-ae63-407a-b17c-78185f7d70dd@group-88043DA95CFB-LeaderElection5] INFO  grpc.GrpcConfigKeys (ConfUtils.java:logGet(46)) - raft.grpc.server.heartbeat.channel = true (default)
2025-05-14 02:53:38,306 [f8181075-ae63-407a-b17c-78185f7d70dd@group-88043DA95CFB-LeaderElection5] INFO  impl.RoleInfo (RoleInfo.java:updateAndGet(148)) - f8181075-ae63-407a-b17c-78185f7d70dd: start f8181075-ae63-407a-b17c-78185f7d70dd@group-88043DA95CFB-LeaderStateImpl
2025-05-14 02:53:38,306 [f8181075-ae63-407a-b17c-78185f7d70dd@group-88043DA95CFB-LeaderElection5] INFO  server.RaftServer$Division (RaftServerImpl.java:setFirstElection(562)) - f8181075-ae63-407a-b17c-78185f7d70dd@group-88043DA95CFB: set firstElectionSinceStartup to false for becomeLeader
2025-05-14 02:53:38,306 [f8181075-ae63-407a-b17c-78185f7d70dd@group-88043DA95CFB-LeaderElection5] INFO  ratis.XceiverServerRatis (XceiverServerRatis.java:handleLeaderChangedNotification(944)) - Leader change notification received for group: group-88043DA95CFB with new leaderId: f8181075-ae63-407a-b17c-78185f7d70dd
2025-05-14 02:53:38,307 [f8181075-ae63-407a-b17c-78185f7d70dd@group-88043DA95CFB-LeaderElection5] INFO  server.RaftServer$Division (ServerState.java:setLeader(272)) - f8181075-ae63-407a-b17c-78185f7d70dd@group-88043DA95CFB: change Leader from null to f8181075-ae63-407a-b17c-78185f7d70dd at term 1 for becomeLeader, leader elected after 1258ms
2025-05-14 02:53:38,307 [f8181075-ae63-407a-b17c-78185f7d70dd@group-88043DA95CFB-LeaderElection5] INFO  segmented.SegmentedRaftLogWorker (SegmentedRaftLogWorker.java:startLogSegment(438)) - f8181075-ae63-407a-b17c-78185f7d70dd@group-88043DA95CFB-SegmentedRaftLogWorker: Starting segment from index:0
2025-05-14 02:53:38,308 [f8181075-ae63-407a-b17c-78185f7d70dd@group-88043DA95CFB-LeaderElection5] INFO  server.RaftServer$Division (ServerState.java:setRaftConf(386)) - f8181075-ae63-407a-b17c-78185f7d70dd@group-88043DA95CFB: set configuration conf: {index: 0, cur=peers:[30ccf06d-ad3c-4fb0-87c5-f3e2916d12cb|127.0.0.1:15023, f8181075-ae63-407a-b17c-78185f7d70dd|127.0.0.1:15015, 0e2e4ad1-578a-45fc-a8c2-41affcffb7b9|127.0.0.1:15031]|listeners:[], old=null}
2025-05-14 02:53:38,308 [f8181075-ae63-407a-b17c-78185f7d70dd@group-88043DA95CFB-SegmentedRaftLogWorker] INFO  segmented.BufferedWriteChannel (BufferedWriteChannel.java:open(61)) - open log_inprogress_0 at position 0
2025-05-14 02:53:38,309 [EventQueue-PipelineReportForOneReplicaPipelineSafeModeRule] INFO  safemode.SCMSafeModeManager (SCMSafeModeManager.java:validateSafeModeExitRules(140)) - AtleastOneDatanodeReportedRule rule is successfully validated
2025-05-14 02:53:38,314 [1edfeee1-83e1-4d34-a92c-2e00b570784e@group-352FDF66236B-StateMachineUpdater] INFO  safemode.SCMSafeModeManager (SCMSafeModeManager.java:validateSafeModeExitRules(140)) - DataNodeSafeModeRule rule is successfully validated
2025-05-14 02:53:38,314 [1edfeee1-83e1-4d34-a92c-2e00b570784e@group-352FDF66236B-StateMachineUpdater] INFO  safemode.SCMSafeModeManager (SCMSafeModeManager.java:validateSafeModeExitRules(140)) - RatisContainerSafeModeRule rule is successfully validated
2025-05-14 02:53:38,314 [1edfeee1-83e1-4d34-a92c-2e00b570784e@group-352FDF66236B-StateMachineUpdater] INFO  safemode.HealthyPipelineSafeModeRule (HealthyPipelineSafeModeRule.java:initializeRule(173)) - Refreshed total pipeline count is 1, healthy pipeline threshold count is 1
2025-05-14 02:53:38,315 [1edfeee1-83e1-4d34-a92c-2e00b570784e@group-352FDF66236B-StateMachineUpdater] INFO  safemode.SCMSafeModeManager (SCMSafeModeManager.java:validateSafeModeExitRules(140)) - ECContainerSafeModeRule rule is successfully validated
2025-05-14 02:53:38,315 [1edfeee1-83e1-4d34-a92c-2e00b570784e@group-352FDF66236B-StateMachineUpdater] INFO  safemode.SCMSafeModeManager (SCMSafeModeManager.java:validateSafeModeExitRules(140)) - AtleastOneDatanodeReportedRule rule is successfully validated
2025-05-14 02:53:38,315 [EventQueue-PipelineReportForOneReplicaPipelineSafeModeRule] INFO  safemode.SCMSafeModeManager (SCMSafeModeManager.java:validateSafeModeExitRules(140)) - AtleastOneDatanodeReportedRule rule is successfully validated
2025-05-14 02:53:38,316 [EventQueue-PipelineReportForPipelineReportHandler] INFO  pipeline.PipelineReportHandler (PipelineReportHandler.java:processPipelineReport(134)) - Opened pipeline PipelineID=664cf085-c235-4252-8b1c-88043da95cfb
2025-05-14 02:53:38,317 [EventQueue-OpenPipelineForHealthyPipelineSafeModeRule] INFO  safemode.SCMSafeModeManager (HealthyPipelineSafeModeRule.java:process(141)) - SCM in safe mode. Healthy pipelines reported count is 1, required healthy pipeline reported count is 1
2025-05-14 02:53:38,317 [EventQueue-OpenPipelineForHealthyPipelineSafeModeRule] INFO  safemode.SCMSafeModeManager (SCMSafeModeManager.java:validateSafeModeExitRules(140)) - HealthyPipelineSafeModeRule rule is successfully validated
2025-05-14 02:53:38,317 [EventQueue-OpenPipelineForHealthyPipelineSafeModeRule] INFO  safemode.SCMSafeModeManager (SCMSafeModeManager.java:validateSafeModeExitRules(155)) - ScmSafeModeManager, all rules are successfully validated
2025-05-14 02:53:38,317 [EventQueue-OpenPipelineForHealthyPipelineSafeModeRule] INFO  safemode.SCMSafeModeManager (SCMSafeModeManager.java:exitSafeMode(178)) - SCM exiting safe mode.
2025-05-14 02:53:38,318 [EventQueue-OpenPipelineForHealthyPipelineSafeModeRule] INFO  ha.SCMContext (SCMContext.java:updateSafeModeStatus(224)) - Update SafeModeStatus from SafeModeStatus{safeModeStatus=true, preCheckPassed=true} to SafeModeStatus{safeModeStatus=false, preCheckPassed=true}.
2025-05-14 02:53:38,318 [EventQueue-OpenPipelineForHealthyPipelineSafeModeRule] INFO  BackgroundPipelineScrubber (BackgroundSCMService.java:notifyStatusChanged(78)) - Service BackgroundPipelineScrubber transitions to RUNNING.
2025-05-14 02:53:38,318 [EventQueue-OpenPipelineForHealthyPipelineSafeModeRule] INFO  ExpiredContainerReplicaOpScrubber (BackgroundSCMService.java:notifyStatusChanged(78)) - Service ExpiredContainerReplicaOpScrubber transitions to RUNNING.
2025-05-14 02:53:38,318 [EventQueue-OpenPipelineForHealthyPipelineSafeModeRule] INFO  block.SCMBlockDeletingService (SCMBlockDeletingService.java:notifyStatusChanged(258)) - notifyStatusChanged:RUNNING
2025-05-14 02:53:38,318 [EventQueue-OpenPipelineForHealthyPipelineSafeModeRule] INFO  replication.ReplicationManager (ReplicationManager.java:notifyStatusChanged(1387)) - Service ReplicationManager transitions to RUNNING.
2025-05-14 02:53:38,324 [f8181075-ae63-407a-b17c-78185f7d70dd@group-88043DA95CFB-SegmentedRaftLogWorker] INFO  segmented.SegmentedRaftLogWorker (SegmentedRaftLogWorker.java:execute(644)) - f8181075-ae63-407a-b17c-78185f7d70dd@group-88043DA95CFB-SegmentedRaftLogWorker: created new log segment /home/runner/work/ozone/ozone/hadoop-ozone/integration-test/target/test-dir/MiniOzoneClusterImpl-af940217-b311-440f-8e09-352fdf66236b/ozone-meta/datanode-1/ratis/664cf085-c235-4252-8b1c-88043da95cfb/current/log_inprogress_0
2025-05-14 02:53:38,328 [EventQueue-OpenPipelineForHealthyPipelineSafeModeRule] WARN  balancer.ContainerBalancer (ContainerBalancer.java:shouldRun(134)) - Could not find persisted configuration for ContainerBalancer when checking if ContainerBalancer should run. ContainerBalancer should not run now.
2025-05-14 02:53:38,328 [EventQueue-OpenPipelineForHealthyPipelineSafeModeRule] INFO  SCMHATransactionMonitor (BackgroundSCMService.java:notifyStatusChanged(78)) - Service SCMHATransactionMonitor transitions to RUNNING.
2025-05-14 02:53:38,338 [0e2e4ad1-578a-45fc-a8c2-41affcffb7b9-server-thread1] INFO  ratis.XceiverServerRatis (XceiverServerRatis.java:handleLeaderChangedNotification(944)) - Leader change notification received for group: group-88043DA95CFB with new leaderId: f8181075-ae63-407a-b17c-78185f7d70dd
2025-05-14 02:53:38,338 [0e2e4ad1-578a-45fc-a8c2-41affcffb7b9-server-thread1] INFO  server.RaftServer$Division (ServerState.java:setLeader(272)) - 0e2e4ad1-578a-45fc-a8c2-41affcffb7b9@group-88043DA95CFB: change Leader from null to f8181075-ae63-407a-b17c-78185f7d70dd at term 1 for appendEntries, leader elected after 1067ms
2025-05-14 02:53:38,338 [30ccf06d-ad3c-4fb0-87c5-f3e2916d12cb-server-thread1] INFO  ratis.XceiverServerRatis (XceiverServerRatis.java:handleLeaderChangedNotification(944)) - Leader change notification received for group: group-88043DA95CFB with new leaderId: f8181075-ae63-407a-b17c-78185f7d70dd
2025-05-14 02:53:38,338 [30ccf06d-ad3c-4fb0-87c5-f3e2916d12cb-server-thread1] INFO  server.RaftServer$Division (ServerState.java:setLeader(272)) - 30ccf06d-ad3c-4fb0-87c5-f3e2916d12cb@group-88043DA95CFB: change Leader from null to f8181075-ae63-407a-b17c-78185f7d70dd at term 1 for appendEntries, leader elected after 984ms
2025-05-14 02:53:38,348 [f8181075-ae63-407a-b17c-78185f7d70dd@group-4B591AE0C988-StateMachineUpdater] INFO  ratis.ContainerStateMachine (ContainerStateMachine.java:takeSnapshot(436)) - group-4B591AE0C988: Finished taking a snapshot at:(t:1, i:0) file:/home/runner/work/ozone/ozone/hadoop-ozone/integration-test/target/test-dir/MiniOzoneClusterImpl-af940217-b311-440f-8e09-352fdf66236b/ozone-meta/datanode-1/ratis/c28f6734-6a6e-4997-be64-4b591ae0c988/sm/snapshot.1_0 took: 185 ms
2025-05-14 02:53:38,350 [f8181075-ae63-407a-b17c-78185f7d70dd@group-4B591AE0C988-StateMachineUpdater] INFO  impl.StateMachineUpdater (StateMachineUpdater.java:takeSnapshot(303)) - f8181075-ae63-407a-b17c-78185f7d70dd@group-4B591AE0C988-StateMachineUpdater: Took a snapshot at index 0
2025-05-14 02:53:38,350 [30ccf06d-ad3c-4fb0-87c5-f3e2916d12cb-server-thread2] INFO  server.RaftServer$Division (ServerState.java:setRaftConf(386)) - 30ccf06d-ad3c-4fb0-87c5-f3e2916d12cb@group-88043DA95CFB: set configuration conf: {index: 0, cur=peers:[30ccf06d-ad3c-4fb0-87c5-f3e2916d12cb|127.0.0.1:15023, f8181075-ae63-407a-b17c-78185f7d70dd|127.0.0.1:15015, 0e2e4ad1-578a-45fc-a8c2-41affcffb7b9|127.0.0.1:15031]|listeners:[], old=null}
2025-05-14 02:53:38,351 [30ccf06d-ad3c-4fb0-87c5-f3e2916d12cb-server-thread2] INFO  segmented.SegmentedRaftLogWorker (SegmentedRaftLogWorker.java:startLogSegment(438)) - 30ccf06d-ad3c-4fb0-87c5-f3e2916d12cb@group-88043DA95CFB-SegmentedRaftLogWorker: Starting segment from index:0
2025-05-14 02:53:38,350 [0e2e4ad1-578a-45fc-a8c2-41affcffb7b9-server-thread2] INFO  server.RaftServer$Division (ServerState.java:setRaftConf(386)) - 0e2e4ad1-578a-45fc-a8c2-41affcffb7b9@group-88043DA95CFB: set configuration conf: {index: 0, cur=peers:[30ccf06d-ad3c-4fb0-87c5-f3e2916d12cb|127.0.0.1:15023, f8181075-ae63-407a-b17c-78185f7d70dd|127.0.0.1:15015, 0e2e4ad1-578a-45fc-a8c2-41affcffb7b9|127.0.0.1:15031]|listeners:[], old=null}
2025-05-14 02:53:38,350 [f8181075-ae63-407a-b17c-78185f7d70dd@group-4B591AE0C988-StateMachineUpdater] INFO  impl.StateMachineUpdater (StateMachineUpdater.java:lambda$new$0(102)) - f8181075-ae63-407a-b17c-78185f7d70dd@group-4B591AE0C988-StateMachineUpdater: snapshotIndex: updateIncreasingly -1 -> 0
2025-05-14 02:53:38,352 [30ccf06d-ad3c-4fb0-87c5-f3e2916d12cb@group-88043DA95CFB-SegmentedRaftLogWorker] INFO  segmented.BufferedWriteChannel (BufferedWriteChannel.java:open(61)) - open log_inprogress_0 at position 0
2025-05-14 02:53:38,351 [0e2e4ad1-578a-45fc-a8c2-41affcffb7b9-server-thread2] INFO  segmented.SegmentedRaftLogWorker (SegmentedRaftLogWorker.java:startLogSegment(438)) - 0e2e4ad1-578a-45fc-a8c2-41affcffb7b9@group-88043DA95CFB-SegmentedRaftLogWorker: Starting segment from index:0
2025-05-14 02:53:38,353 [0e2e4ad1-578a-45fc-a8c2-41affcffb7b9@group-88043DA95CFB-SegmentedRaftLogWorker] INFO  segmented.BufferedWriteChannel (BufferedWriteChannel.java:open(61)) - open log_inprogress_0 at position 0
2025-05-14 02:53:38,366 [30ccf06d-ad3c-4fb0-87c5-f3e2916d12cb@group-88043DA95CFB-SegmentedRaftLogWorker] INFO  segmented.SegmentedRaftLogWorker (SegmentedRaftLogWorker.java:execute(644)) - 30ccf06d-ad3c-4fb0-87c5-f3e2916d12cb@group-88043DA95CFB-SegmentedRaftLogWorker: created new log segment /home/runner/work/ozone/ozone/hadoop-ozone/integration-test/target/test-dir/MiniOzoneClusterImpl-af940217-b311-440f-8e09-352fdf66236b/ozone-meta/datanode-2/ratis/664cf085-c235-4252-8b1c-88043da95cfb/current/log_inprogress_0
2025-05-14 02:53:38,368 [0e2e4ad1-578a-45fc-a8c2-41affcffb7b9@group-88043DA95CFB-SegmentedRaftLogWorker] INFO  segmented.SegmentedRaftLogWorker (SegmentedRaftLogWorker.java:execute(644)) - 0e2e4ad1-578a-45fc-a8c2-41affcffb7b9@group-88043DA95CFB-SegmentedRaftLogWorker: created new log segment /home/runner/work/ozone/ozone/hadoop-ozone/integration-test/target/test-dir/MiniOzoneClusterImpl-af940217-b311-440f-8e09-352fdf66236b/ozone-meta/datanode-3/ratis/664cf085-c235-4252-8b1c-88043da95cfb/current/log_inprogress_0
2025-05-14 02:53:38,377 [f8181075-ae63-407a-b17c-78185f7d70dd@group-88043DA95CFB-StateMachineUpdater] INFO  server.RaftServer$Division (LeaderStateImpl.java:checkStartIndex(313)) - Leader f8181075-ae63-407a-b17c-78185f7d70dd@group-88043DA95CFB-LeaderStateImpl is ready since appliedIndex == startIndex == 0
2025-05-14 02:53:38,378 [f8181075-ae63-407a-b17c-78185f7d70dd@group-88043DA95CFB-StateMachineUpdater] INFO  ratis.ContainerStateMachine (ContainerStateMachine.java:takeSnapshot(427)) - group-88043DA95CFB: Taking a snapshot at:(t:1, i:0) file /home/runner/work/ozone/ozone/hadoop-ozone/integration-test/target/test-dir/MiniOzoneClusterImpl-af940217-b311-440f-8e09-352fdf66236b/ozone-meta/datanode-1/ratis/664cf085-c235-4252-8b1c-88043da95cfb/sm/snapshot.1_0
2025-05-14 02:53:38,378 [f8181075-ae63-407a-b17c-78185f7d70dd@group-88043DA95CFB-StateMachineUpdater] INFO  ratis.ContainerStateMachine (ContainerStateMachine.java:takeSnapshot(436)) - group-88043DA95CFB: Finished taking a snapshot at:(t:1, i:0) file:/home/runner/work/ozone/ozone/hadoop-ozone/integration-test/target/test-dir/MiniOzoneClusterImpl-af940217-b311-440f-8e09-352fdf66236b/ozone-meta/datanode-1/ratis/664cf085-c235-4252-8b1c-88043da95cfb/sm/snapshot.1_0 took: 0 ms
2025-05-14 02:53:38,378 [f8181075-ae63-407a-b17c-78185f7d70dd@group-88043DA95CFB-StateMachineUpdater] INFO  impl.StateMachineUpdater (StateMachineUpdater.java:takeSnapshot(303)) - f8181075-ae63-407a-b17c-78185f7d70dd@group-88043DA95CFB-StateMachineUpdater: Took a snapshot at index 0
2025-05-14 02:53:38,378 [f8181075-ae63-407a-b17c-78185f7d70dd@group-88043DA95CFB-StateMachineUpdater] INFO  impl.StateMachineUpdater (StateMachineUpdater.java:lambda$new$0(102)) - f8181075-ae63-407a-b17c-78185f7d70dd@group-88043DA95CFB-StateMachineUpdater: snapshotIndex: updateIncreasingly -1 -> 0
2025-05-14 02:53:38,429 [f8181075-ae63-407a-b17c-78185f7d70dd@group-9F6C3E39A650-FollowerState] INFO  impl.FollowerState (FollowerState.java:runImpl(161)) - f8181075-ae63-407a-b17c-78185f7d70dd@group-9F6C3E39A650-FollowerState: change to CANDIDATE, lastRpcElapsedTime:1017362529ns, electionTimeout:1016ms
2025-05-14 02:53:38,429 [f8181075-ae63-407a-b17c-78185f7d70dd@group-9F6C3E39A650-FollowerState] INFO  impl.RoleInfo (RoleInfo.java:shutdownFollowerState(121)) - f8181075-ae63-407a-b17c-78185f7d70dd: shutdown f8181075-ae63-407a-b17c-78185f7d70dd@group-9F6C3E39A650-FollowerState
2025-05-14 02:53:38,429 [f8181075-ae63-407a-b17c-78185f7d70dd@group-9F6C3E39A650-FollowerState] INFO  server.RaftServer$Division (RaftServerImpl.java:setRole(378)) - f8181075-ae63-407a-b17c-78185f7d70dd@group-9F6C3E39A650: changes role from  FOLLOWER to CANDIDATE at term 0 for changeToCandidate
2025-05-14 02:53:38,429 [f8181075-ae63-407a-b17c-78185f7d70dd@group-9F6C3E39A650-FollowerState] INFO  server.RaftServerConfigKeys (ConfUtils.java:logGet(46)) - raft.server.leaderelection.pre-vote = true (default)
2025-05-14 02:53:38,429 [f8181075-ae63-407a-b17c-78185f7d70dd@group-9F6C3E39A650-FollowerState] INFO  impl.RoleInfo (RoleInfo.java:updateAndGet(148)) - f8181075-ae63-407a-b17c-78185f7d70dd: start f8181075-ae63-407a-b17c-78185f7d70dd@group-9F6C3E39A650-LeaderElection6
2025-05-14 02:53:38,430 [f8181075-ae63-407a-b17c-78185f7d70dd@group-9F6C3E39A650-LeaderElection6] INFO  impl.LeaderElection (LeaderElection.java:askForVotes(332)) - f8181075-ae63-407a-b17c-78185f7d70dd@group-9F6C3E39A650-LeaderElection6 PRE_VOTE round 0: submit vote requests at term 0 for conf: {index: -1, cur=peers:[f8181075-ae63-407a-b17c-78185f7d70dd|127.0.0.1:15015, 30ccf06d-ad3c-4fb0-87c5-f3e2916d12cb|127.0.0.1:15023, 0e2e4ad1-578a-45fc-a8c2-41affcffb7b9|127.0.0.1:15031]|listeners:[], old=null}
2025-05-14 02:53:38,432 [f8181075-ae63-407a-b17c-78185f7d70dd@group-9F6C3E39A650-LeaderElection6] INFO  server.RaftServerConfigKeys (ConfUtils.java:logGet(46)) - raft.server.rpc.first-election.timeout.min = 1000ms (custom)
2025-05-14 02:53:38,432 [f8181075-ae63-407a-b17c-78185f7d70dd@group-9F6C3E39A650-LeaderElection6] INFO  server.RaftServerConfigKeys (ConfUtils.java:logGet(46)) - raft.server.rpc.first-election.timeout.max = 1200ms (custom)
2025-05-14 02:53:38,434 [grpc-default-executor-2] INFO  server.RaftServer$Division (RaftServerImpl.java:requestVote(1407)) - 30ccf06d-ad3c-4fb0-87c5-f3e2916d12cb@group-9F6C3E39A650: receive requestVote(PRE_VOTE, f8181075-ae63-407a-b17c-78185f7d70dd, group-9F6C3E39A650, 0, (t:0, i:0))
2025-05-14 02:53:38,434 [grpc-default-executor-2] INFO  impl.VoteContext (VoteContext.java:log(49)) - 30ccf06d-ad3c-4fb0-87c5-f3e2916d12cb@group-9F6C3E39A650-FOLLOWER: accept PRE_VOTE from f8181075-ae63-407a-b17c-78185f7d70dd: our priority 0 <= candidate's priority 0
2025-05-14 02:53:38,434 [grpc-default-executor-2] INFO  server.RaftServer$Division (RaftServerImpl.java:requestVote(1441)) - 30ccf06d-ad3c-4fb0-87c5-f3e2916d12cb@group-9F6C3E39A650 replies to PRE_VOTE vote request: f8181075-ae63-407a-b17c-78185f7d70dd<-30ccf06d-ad3c-4fb0-87c5-f3e2916d12cb#0:OK-t0. Peer's state: 30ccf06d-ad3c-4fb0-87c5-f3e2916d12cb@group-9F6C3E39A650:t0, leader=null, voted=, raftlog=Memoized:30ccf06d-ad3c-4fb0-87c5-f3e2916d12cb@group-9F6C3E39A650-SegmentedRaftLog:OPENED:c-1:lastnull, conf=conf: {index: -1, cur=peers:[f8181075-ae63-407a-b17c-78185f7d70dd|127.0.0.1:15015, 30ccf06d-ad3c-4fb0-87c5-f3e2916d12cb|127.0.0.1:15023, 0e2e4ad1-578a-45fc-a8c2-41affcffb7b9|127.0.0.1:15031]|listeners:[], old=null}
2025-05-14 02:53:38,435 [grpc-default-executor-2] INFO  server.RaftServer$Division (RaftServerImpl.java:requestVote(1407)) - 0e2e4ad1-578a-45fc-a8c2-41affcffb7b9@group-9F6C3E39A650: receive requestVote(PRE_VOTE, f8181075-ae63-407a-b17c-78185f7d70dd, group-9F6C3E39A650, 0, (t:0, i:0))
2025-05-14 02:53:38,435 [grpc-default-executor-2] INFO  impl.VoteContext (VoteContext.java:log(49)) - 0e2e4ad1-578a-45fc-a8c2-41affcffb7b9@group-9F6C3E39A650-FOLLOWER: reject PRE_VOTE from f8181075-ae63-407a-b17c-78185f7d70dd: our priority 1 > candidate's priority 0
2025-05-14 02:53:38,435 [grpc-default-executor-2] INFO  server.RaftServer$Division (RaftServerImpl.java:requestVote(1441)) - 0e2e4ad1-578a-45fc-a8c2-41affcffb7b9@group-9F6C3E39A650 replies to PRE_VOTE vote request: f8181075-ae63-407a-b17c-78185f7d70dd<-0e2e4ad1-578a-45fc-a8c2-41affcffb7b9#0:FAIL-t0. Peer's state: 0e2e4ad1-578a-45fc-a8c2-41affcffb7b9@group-9F6C3E39A650:t0, leader=null, voted=, raftlog=Memoized:0e2e4ad1-578a-45fc-a8c2-41affcffb7b9@group-9F6C3E39A650-SegmentedRaftLog:OPENED:c-1:lastnull, conf=conf: {index: -1, cur=peers:[f8181075-ae63-407a-b17c-78185f7d70dd|127.0.0.1:15015, 30ccf06d-ad3c-4fb0-87c5-f3e2916d12cb|127.0.0.1:15023, 0e2e4ad1-578a-45fc-a8c2-41affcffb7b9|127.0.0.1:15031]|listeners:[], old=null}
2025-05-14 02:53:38,437 [f8181075-ae63-407a-b17c-78185f7d70dd@group-9F6C3E39A650-LeaderElection6] INFO  impl.LeaderElection (LeaderElection.java:logAndReturn(90)) - f8181075-ae63-407a-b17c-78185f7d70dd@group-9F6C3E39A650-LeaderElection6: PRE_VOTE REJECTED received 2 response(s) and 0 exception(s):
2025-05-14 02:53:38,437 [f8181075-ae63-407a-b17c-78185f7d70dd@group-9F6C3E39A650-LeaderElection6] INFO  impl.LeaderElection (LeaderElection.java:logAndReturn(94)) -   Response 0: f8181075-ae63-407a-b17c-78185f7d70dd<-30ccf06d-ad3c-4fb0-87c5-f3e2916d12cb#0:OK-t0
2025-05-14 02:53:38,437 [f8181075-ae63-407a-b17c-78185f7d70dd@group-9F6C3E39A650-LeaderElection6] INFO  impl.LeaderElection (LeaderElection.java:logAndReturn(94)) -   Response 1: f8181075-ae63-407a-b17c-78185f7d70dd<-0e2e4ad1-578a-45fc-a8c2-41affcffb7b9#0:FAIL-t0
2025-05-14 02:53:38,437 [f8181075-ae63-407a-b17c-78185f7d70dd@group-9F6C3E39A650-LeaderElection6] INFO  impl.LeaderElection (LeaderElection.java:askForVotes(334)) - f8181075-ae63-407a-b17c-78185f7d70dd@group-9F6C3E39A650-LeaderElection6 PRE_VOTE round 0: result REJECTED
2025-05-14 02:53:38,437 [f8181075-ae63-407a-b17c-78185f7d70dd@group-9F6C3E39A650-LeaderElection6] INFO  server.RaftServer$Division (RaftServerImpl.java:setRole(378)) - f8181075-ae63-407a-b17c-78185f7d70dd@group-9F6C3E39A650: changes role from CANDIDATE to FOLLOWER at term 0 for REJECTED
2025-05-14 02:53:38,437 [f8181075-ae63-407a-b17c-78185f7d70dd@group-9F6C3E39A650-LeaderElection6] INFO  impl.RoleInfo (RoleInfo.java:shutdownLeaderElection(141)) - f8181075-ae63-407a-b17c-78185f7d70dd: shutdown f8181075-ae63-407a-b17c-78185f7d70dd@group-9F6C3E39A650-LeaderElection6
2025-05-14 02:53:38,437 [f8181075-ae63-407a-b17c-78185f7d70dd@group-9F6C3E39A650-LeaderElection6] INFO  impl.RoleInfo (RoleInfo.java:updateAndGet(148)) - f8181075-ae63-407a-b17c-78185f7d70dd: start f8181075-ae63-407a-b17c-78185f7d70dd@group-9F6C3E39A650-FollowerState
2025-05-14 02:53:38,438 [f8181075-ae63-407a-b17c-78185f7d70dd@group-9F6C3E39A650-LeaderElection6] INFO  server.RaftServer$Division (RaftServerImpl.java:setFirstElection(562)) - f8181075-ae63-407a-b17c-78185f7d70dd@group-9F6C3E39A650: set firstElectionSinceStartup to false for REJECTED
2025-05-14 02:53:38,519 [30ccf06d-ad3c-4fb0-87c5-f3e2916d12cb@group-9F6C3E39A650-FollowerState] INFO  server.RaftServerConfigKeys (ConfUtils.java:logGet(46)) - raft.server.rpc.first-election.timeout.min = 1000ms (custom)
2025-05-14 02:53:38,519 [30ccf06d-ad3c-4fb0-87c5-f3e2916d12cb@group-9F6C3E39A650-FollowerState] INFO  server.RaftServerConfigKeys (ConfUtils.java:logGet(46)) - raft.server.rpc.first-election.timeout.max = 1200ms (custom)
2025-05-14 02:53:38,582 [0e2e4ad1-578a-45fc-a8c2-41affcffb7b9@group-9F6C3E39A650-FollowerState] INFO  impl.FollowerState (FollowerState.java:runImpl(161)) - 0e2e4ad1-578a-45fc-a8c2-41affcffb7b9@group-9F6C3E39A650-FollowerState: change to CANDIDATE, lastRpcElapsedTime:1082259205ns, electionTimeout:1080ms
2025-05-14 02:53:38,583 [0e2e4ad1-578a-45fc-a8c2-41affcffb7b9@group-9F6C3E39A650-FollowerState] INFO  impl.RoleInfo (RoleInfo.java:shutdownFollowerState(121)) - 0e2e4ad1-578a-45fc-a8c2-41affcffb7b9: shutdown 0e2e4ad1-578a-45fc-a8c2-41affcffb7b9@group-9F6C3E39A650-FollowerState
2025-05-14 02:53:38,583 [0e2e4ad1-578a-45fc-a8c2-41affcffb7b9@group-9F6C3E39A650-FollowerState] INFO  server.RaftServer$Division (RaftServerImpl.java:setRole(378)) - 0e2e4ad1-578a-45fc-a8c2-41affcffb7b9@group-9F6C3E39A650: changes role from  FOLLOWER to CANDIDATE at term 0 for changeToCandidate
2025-05-14 02:53:38,583 [0e2e4ad1-578a-45fc-a8c2-41affcffb7b9@group-9F6C3E39A650-FollowerState] INFO  server.RaftServerConfigKeys (ConfUtils.java:logGet(46)) - raft.server.leaderelection.pre-vote = true (default)
2025-05-14 02:53:38,583 [0e2e4ad1-578a-45fc-a8c2-41affcffb7b9@group-9F6C3E39A650-FollowerState] INFO  impl.RoleInfo (RoleInfo.java:updateAndGet(148)) - 0e2e4ad1-578a-45fc-a8c2-41affcffb7b9: start 0e2e4ad1-578a-45fc-a8c2-41affcffb7b9@group-9F6C3E39A650-LeaderElection7
2025-05-14 02:53:38,583 [0e2e4ad1-578a-45fc-a8c2-41affcffb7b9@group-9F6C3E39A650-LeaderElection7] INFO  impl.LeaderElection (LeaderElection.java:askForVotes(332)) - 0e2e4ad1-578a-45fc-a8c2-41affcffb7b9@group-9F6C3E39A650-LeaderElection7 PRE_VOTE round 0: submit vote requests at term 0 for conf: {index: -1, cur=peers:[f8181075-ae63-407a-b17c-78185f7d70dd|127.0.0.1:15015, 30ccf06d-ad3c-4fb0-87c5-f3e2916d12cb|127.0.0.1:15023, 0e2e4ad1-578a-45fc-a8c2-41affcffb7b9|127.0.0.1:15031]|listeners:[], old=null}
2025-05-14 02:53:38,584 [0e2e4ad1-578a-45fc-a8c2-41affcffb7b9@group-9F6C3E39A650-LeaderElection7-1] INFO  server.GrpcServerProtocolClient (GrpcServerProtocolClient.java:<init>(65)) - Build channel for f8181075-ae63-407a-b17c-78185f7d70dd|127.0.0.1:15015
2025-05-14 02:53:38,584 [0e2e4ad1-578a-45fc-a8c2-41affcffb7b9@group-9F6C3E39A650-LeaderElection7-2] INFO  server.GrpcServerProtocolClient (GrpcServerProtocolClient.java:<init>(65)) - Build channel for 30ccf06d-ad3c-4fb0-87c5-f3e2916d12cb|127.0.0.1:15023
2025-05-14 02:53:38,584 [0e2e4ad1-578a-45fc-a8c2-41affcffb7b9@group-9F6C3E39A650-LeaderElection7] INFO  server.RaftServerConfigKeys (ConfUtils.java:logGet(46)) - raft.server.rpc.first-election.timeout.min = 1000ms (custom)
2025-05-14 02:53:38,584 [0e2e4ad1-578a-45fc-a8c2-41affcffb7b9@group-9F6C3E39A650-LeaderElection7] INFO  server.RaftServerConfigKeys (ConfUtils.java:logGet(46)) - raft.server.rpc.first-election.timeout.max = 1200ms (custom)
2025-05-14 02:53:38,590 [grpc-default-executor-5] INFO  server.RaftServer$Division (RaftServerImpl.java:requestVote(1407)) - 30ccf06d-ad3c-4fb0-87c5-f3e2916d12cb@group-9F6C3E39A650: receive requestVote(PRE_VOTE, 0e2e4ad1-578a-45fc-a8c2-41affcffb7b9, group-9F6C3E39A650, 0, (t:0, i:0))
2025-05-14 02:53:38,590 [grpc-default-executor-5] INFO  impl.VoteContext (VoteContext.java:log(49)) - 30ccf06d-ad3c-4fb0-87c5-f3e2916d12cb@group-9F6C3E39A650-FOLLOWER: accept PRE_VOTE from 0e2e4ad1-578a-45fc-a8c2-41affcffb7b9: our priority 0 <= candidate's priority 1
2025-05-14 02:53:38,590 [grpc-default-executor-5] INFO  server.RaftServer$Division (RaftServerImpl.java:requestVote(1441)) - 30ccf06d-ad3c-4fb0-87c5-f3e2916d12cb@group-9F6C3E39A650 replies to PRE_VOTE vote request: 0e2e4ad1-578a-45fc-a8c2-41affcffb7b9<-30ccf06d-ad3c-4fb0-87c5-f3e2916d12cb#0:OK-t0. Peer's state: 30ccf06d-ad3c-4fb0-87c5-f3e2916d12cb@group-9F6C3E39A650:t0, leader=null, voted=, raftlog=Memoized:30ccf06d-ad3c-4fb0-87c5-f3e2916d12cb@group-9F6C3E39A650-SegmentedRaftLog:OPENED:c-1:lastnull, conf=conf: {index: -1, cur=peers:[f8181075-ae63-407a-b17c-78185f7d70dd|127.0.0.1:15015, 30ccf06d-ad3c-4fb0-87c5-f3e2916d12cb|127.0.0.1:15023, 0e2e4ad1-578a-45fc-a8c2-41affcffb7b9|127.0.0.1:15031]|listeners:[], old=null}
2025-05-14 02:53:38,591 [grpc-default-executor-2] INFO  server.RaftServer$Division (RaftServerImpl.java:requestVote(1407)) - f8181075-ae63-407a-b17c-78185f7d70dd@group-9F6C3E39A650: receive requestVote(PRE_VOTE, 0e2e4ad1-578a-45fc-a8c2-41affcffb7b9, group-9F6C3E39A650, 0, (t:0, i:0))
2025-05-14 02:53:38,591 [grpc-default-executor-2] INFO  impl.VoteContext (VoteContext.java:log(49)) - f8181075-ae63-407a-b17c-78185f7d70dd@group-9F6C3E39A650-FOLLOWER: accept PRE_VOTE from 0e2e4ad1-578a-45fc-a8c2-41affcffb7b9: our priority 0 <= candidate's priority 1
2025-05-14 02:53:38,591 [grpc-default-executor-2] INFO  server.RaftServer$Division (RaftServerImpl.java:requestVote(1441)) - f8181075-ae63-407a-b17c-78185f7d70dd@group-9F6C3E39A650 replies to PRE_VOTE vote request: 0e2e4ad1-578a-45fc-a8c2-41affcffb7b9<-f8181075-ae63-407a-b17c-78185f7d70dd#0:OK-t0. Peer's state: f8181075-ae63-407a-b17c-78185f7d70dd@group-9F6C3E39A650:t0, leader=null, voted=, raftlog=Memoized:f8181075-ae63-407a-b17c-78185f7d70dd@group-9F6C3E39A650-SegmentedRaftLog:OPENED:c-1:lastnull, conf=conf: {index: -1, cur=peers:[f8181075-ae63-407a-b17c-78185f7d70dd|127.0.0.1:15015, 30ccf06d-ad3c-4fb0-87c5-f3e2916d12cb|127.0.0.1:15023, 0e2e4ad1-578a-45fc-a8c2-41affcffb7b9|127.0.0.1:15031]|listeners:[], old=null}
2025-05-14 02:53:38,592 [0e2e4ad1-578a-45fc-a8c2-41affcffb7b9@group-9F6C3E39A650-LeaderElection7] INFO  impl.LeaderElection (LeaderElection.java:logAndReturn(90)) - 0e2e4ad1-578a-45fc-a8c2-41affcffb7b9@group-9F6C3E39A650-LeaderElection7: PRE_VOTE PASSED received 1 response(s) and 0 exception(s):
2025-05-14 02:53:38,592 [0e2e4ad1-578a-45fc-a8c2-41affcffb7b9@group-9F6C3E39A650-LeaderElection7] INFO  impl.LeaderElection (LeaderElection.java:logAndReturn(94)) -   Response 0: 0e2e4ad1-578a-45fc-a8c2-41affcffb7b9<-30ccf06d-ad3c-4fb0-87c5-f3e2916d12cb#0:OK-t0
2025-05-14 02:53:38,592 [0e2e4ad1-578a-45fc-a8c2-41affcffb7b9@group-9F6C3E39A650-LeaderElection7] INFO  impl.LeaderElection (LeaderElection.java:askForVotes(334)) - 0e2e4ad1-578a-45fc-a8c2-41affcffb7b9@group-9F6C3E39A650-LeaderElection7 PRE_VOTE round 0: result PASSED
2025-05-14 02:53:38,594 [0e2e4ad1-578a-45fc-a8c2-41affcffb7b9@group-9F6C3E39A650-LeaderElection7] INFO  impl.LeaderElection (LeaderElection.java:askForVotes(332)) - 0e2e4ad1-578a-45fc-a8c2-41affcffb7b9@group-9F6C3E39A650-LeaderElection7 ELECTION round 0: submit vote requests at term 1 for conf: {index: -1, cur=peers:[f8181075-ae63-407a-b17c-78185f7d70dd|127.0.0.1:15015, 30ccf06d-ad3c-4fb0-87c5-f3e2916d12cb|127.0.0.1:15023, 0e2e4ad1-578a-45fc-a8c2-41affcffb7b9|127.0.0.1:15031]|listeners:[], old=null}
2025-05-14 02:53:38,594 [0e2e4ad1-578a-45fc-a8c2-41affcffb7b9@group-9F6C3E39A650-LeaderElection7] INFO  server.RaftServerConfigKeys (ConfUtils.java:logGet(46)) - raft.server.rpc.first-election.timeout.min = 1000ms (custom)
2025-05-14 02:53:38,594 [0e2e4ad1-578a-45fc-a8c2-41affcffb7b9@group-9F6C3E39A650-LeaderElection7] INFO  server.RaftServerConfigKeys (ConfUtils.java:logGet(46)) - raft.server.rpc.first-election.timeout.max = 1200ms (custom)
2025-05-14 02:53:38,595 [grpc-default-executor-2] INFO  server.RaftServer$Division (RaftServerImpl.java:requestVote(1407)) - f8181075-ae63-407a-b17c-78185f7d70dd@group-9F6C3E39A650: receive requestVote(ELECTION, 0e2e4ad1-578a-45fc-a8c2-41affcffb7b9, group-9F6C3E39A650, 1, (t:0, i:0))
2025-05-14 02:53:38,595 [grpc-default-executor-5] INFO  server.RaftServer$Division (RaftServerImpl.java:requestVote(1407)) - 30ccf06d-ad3c-4fb0-87c5-f3e2916d12cb@group-9F6C3E39A650: receive requestVote(ELECTION, 0e2e4ad1-578a-45fc-a8c2-41affcffb7b9, group-9F6C3E39A650, 1, (t:0, i:0))
2025-05-14 02:53:38,595 [grpc-default-executor-5] INFO  impl.VoteContext (VoteContext.java:log(49)) - 30ccf06d-ad3c-4fb0-87c5-f3e2916d12cb@group-9F6C3E39A650-FOLLOWER: accept ELECTION from 0e2e4ad1-578a-45fc-a8c2-41affcffb7b9: our priority 0 <= candidate's priority 1
2025-05-14 02:53:38,595 [grpc-default-executor-2] INFO  impl.VoteContext (VoteContext.java:log(49)) - f8181075-ae63-407a-b17c-78185f7d70dd@group-9F6C3E39A650-FOLLOWER: accept ELECTION from 0e2e4ad1-578a-45fc-a8c2-41affcffb7b9: our priority 0 <= candidate's priority 1
2025-05-14 02:53:38,596 [grpc-default-executor-2] INFO  server.RaftServer$Division (RaftServerImpl.java:setRole(378)) - f8181075-ae63-407a-b17c-78185f7d70dd@group-9F6C3E39A650: changes role from  FOLLOWER to FOLLOWER at term 0 for candidate:0e2e4ad1-578a-45fc-a8c2-41affcffb7b9
2025-05-14 02:53:38,596 [grpc-default-executor-2] INFO  impl.RoleInfo (RoleInfo.java:shutdownFollowerState(121)) - f8181075-ae63-407a-b17c-78185f7d70dd: shutdown f8181075-ae63-407a-b17c-78185f7d70dd@group-9F6C3E39A650-FollowerState
2025-05-14 02:53:38,596 [grpc-default-executor-2] INFO  impl.RoleInfo (RoleInfo.java:updateAndGet(148)) - f8181075-ae63-407a-b17c-78185f7d70dd: start f8181075-ae63-407a-b17c-78185f7d70dd@group-9F6C3E39A650-FollowerState
2025-05-14 02:53:38,596 [grpc-default-executor-5] INFO  server.RaftServer$Division (RaftServerImpl.java:setRole(378)) - 30ccf06d-ad3c-4fb0-87c5-f3e2916d12cb@group-9F6C3E39A650: changes role from  FOLLOWER to FOLLOWER at term 0 for candidate:0e2e4ad1-578a-45fc-a8c2-41affcffb7b9
2025-05-14 02:53:38,596 [f8181075-ae63-407a-b17c-78185f7d70dd@group-9F6C3E39A650-FollowerState] INFO  impl.FollowerState (FollowerState.java:runImpl(170)) - f8181075-ae63-407a-b17c-78185f7d70dd@group-9F6C3E39A650-FollowerState was interrupted
2025-05-14 02:53:38,596 [grpc-default-executor-5] INFO  impl.RoleInfo (RoleInfo.java:shutdownFollowerState(121)) - 30ccf06d-ad3c-4fb0-87c5-f3e2916d12cb: shutdown 30ccf06d-ad3c-4fb0-87c5-f3e2916d12cb@group-9F6C3E39A650-FollowerState
2025-05-14 02:53:38,596 [grpc-default-executor-5] INFO  impl.RoleInfo (RoleInfo.java:updateAndGet(148)) - 30ccf06d-ad3c-4fb0-87c5-f3e2916d12cb: start 30ccf06d-ad3c-4fb0-87c5-f3e2916d12cb@group-9F6C3E39A650-FollowerState
2025-05-14 02:53:38,596 [30ccf06d-ad3c-4fb0-87c5-f3e2916d12cb@group-9F6C3E39A650-FollowerState] INFO  impl.FollowerState (FollowerState.java:runImpl(170)) - 30ccf06d-ad3c-4fb0-87c5-f3e2916d12cb@group-9F6C3E39A650-FollowerState was interrupted
2025-05-14 02:53:38,596 [grpc-default-executor-5] INFO  server.RaftServer$Division (RaftServerImpl.java:setFirstElection(562)) - 30ccf06d-ad3c-4fb0-87c5-f3e2916d12cb@group-9F6C3E39A650: set firstElectionSinceStartup to false for candidate:0e2e4ad1-578a-45fc-a8c2-41affcffb7b9
2025-05-14 02:53:38,596 [30ccf06d-ad3c-4fb0-87c5-f3e2916d12cb@group-9F6C3E39A650-FollowerState] INFO  server.RaftServerConfigKeys (ConfUtils.java:logGet(46)) - raft.server.rpc.first-election.timeout.min = 1000ms (custom)
2025-05-14 02:53:38,597 [30ccf06d-ad3c-4fb0-87c5-f3e2916d12cb@group-9F6C3E39A650-FollowerState] INFO  server.RaftServerConfigKeys (ConfUtils.java:logGet(46)) - raft.server.rpc.first-election.timeout.max = 1200ms (custom)
2025-05-14 02:53:38,597 [grpc-default-executor-2] INFO  server.RaftServer$Division (RaftServerImpl.java:requestVote(1441)) - f8181075-ae63-407a-b17c-78185f7d70dd@group-9F6C3E39A650 replies to ELECTION vote request: 0e2e4ad1-578a-45fc-a8c2-41affcffb7b9<-f8181075-ae63-407a-b17c-78185f7d70dd#0:OK-t1. Peer's state: f8181075-ae63-407a-b17c-78185f7d70dd@group-9F6C3E39A650:t1, leader=null, voted=0e2e4ad1-578a-45fc-a8c2-41affcffb7b9, raftlog=Memoized:f8181075-ae63-407a-b17c-78185f7d70dd@group-9F6C3E39A650-SegmentedRaftLog:OPENED:c-1:lastnull, conf=conf: {index: -1, cur=peers:[f8181075-ae63-407a-b17c-78185f7d70dd|127.0.0.1:15015, 30ccf06d-ad3c-4fb0-87c5-f3e2916d12cb|127.0.0.1:15023, 0e2e4ad1-578a-45fc-a8c2-41affcffb7b9|127.0.0.1:15031]|listeners:[], old=null}
2025-05-14 02:53:38,599 [grpc-default-executor-5] INFO  server.RaftServer$Division (RaftServerImpl.java:requestVote(1441)) - 30ccf06d-ad3c-4fb0-87c5-f3e2916d12cb@group-9F6C3E39A650 replies to ELECTION vote request: 0e2e4ad1-578a-45fc-a8c2-41affcffb7b9<-30ccf06d-ad3c-4fb0-87c5-f3e2916d12cb#0:OK-t1. Peer's state: 30ccf06d-ad3c-4fb0-87c5-f3e2916d12cb@group-9F6C3E39A650:t1, leader=null, voted=0e2e4ad1-578a-45fc-a8c2-41affcffb7b9, raftlog=Memoized:30ccf06d-ad3c-4fb0-87c5-f3e2916d12cb@group-9F6C3E39A650-SegmentedRaftLog:OPENED:c-1:lastnull, conf=conf: {index: -1, cur=peers:[f8181075-ae63-407a-b17c-78185f7d70dd|127.0.0.1:15015, 30ccf06d-ad3c-4fb0-87c5-f3e2916d12cb|127.0.0.1:15023, 0e2e4ad1-578a-45fc-a8c2-41affcffb7b9|127.0.0.1:15031]|listeners:[], old=null}
2025-05-14 02:53:38,599 [0e2e4ad1-578a-45fc-a8c2-41affcffb7b9@group-9F6C3E39A650-LeaderElection7] INFO  impl.LeaderElection (LeaderElection.java:logAndReturn(90)) - 0e2e4ad1-578a-45fc-a8c2-41affcffb7b9@group-9F6C3E39A650-LeaderElection7: ELECTION PASSED received 1 response(s) and 0 exception(s):
2025-05-14 02:53:38,599 [0e2e4ad1-578a-45fc-a8c2-41affcffb7b9@group-9F6C3E39A650-LeaderElection7] INFO  impl.LeaderElection (LeaderElection.java:logAndReturn(94)) -   Response 0: 0e2e4ad1-578a-45fc-a8c2-41affcffb7b9<-f8181075-ae63-407a-b17c-78185f7d70dd#0:OK-t1
2025-05-14 02:53:38,599 [0e2e4ad1-578a-45fc-a8c2-41affcffb7b9@group-9F6C3E39A650-LeaderElection7] INFO  impl.LeaderElection (LeaderElection.java:askForVotes(334)) - 0e2e4ad1-578a-45fc-a8c2-41affcffb7b9@group-9F6C3E39A650-LeaderElection7 ELECTION round 0: result PASSED
2025-05-14 02:53:38,599 [0e2e4ad1-578a-45fc-a8c2-41affcffb7b9@group-9F6C3E39A650-LeaderElection7] INFO  impl.RoleInfo (RoleInfo.java:shutdownLeaderElection(141)) - 0e2e4ad1-578a-45fc-a8c2-41affcffb7b9: shutdown 0e2e4ad1-578a-45fc-a8c2-41affcffb7b9@group-9F6C3E39A650-LeaderElection7
2025-05-14 02:53:38,599 [0e2e4ad1-578a-45fc-a8c2-41affcffb7b9@group-9F6C3E39A650-LeaderElection7] INFO  server.RaftServer$Division (RaftServerImpl.java:setRole(378)) - 0e2e4ad1-578a-45fc-a8c2-41affcffb7b9@group-9F6C3E39A650: changes role from CANDIDATE to LEADER at term 1 for changeToLeader
2025-05-14 02:53:38,599 [0e2e4ad1-578a-45fc-a8c2-41affcffb7b9@group-9F6C3E39A650-LeaderElection7] INFO  server.RaftServerConfigKeys (ConfUtils.java:logGet(46)) - raft.server.staging.catchup.gap = 1000 (default)
2025-05-14 02:53:38,601 [0e2e4ad1-578a-45fc-a8c2-41affcffb7b9@group-9F6C3E39A650-LeaderElection7] INFO  server.RaftServerConfigKeys (ConfUtils.java:logGet(46)) - raft.server.write.element-limit = 1024 (custom)
2025-05-14 02:53:38,601 [0e2e4ad1-578a-45fc-a8c2-41affcffb7b9@group-9F6C3E39A650-LeaderElection7] INFO  server.RaftServerConfigKeys (ConfUtils.java:logGet(46)) - raft.server.write.byte-limit = 1024 M (=1073741824) (custom)
2025-05-14 02:53:38,602 [0e2e4ad1-578a-45fc-a8c2-41affcffb7b9@group-9F6C3E39A650-LeaderElection7] INFO  server.RaftServerConfigKeys (ConfUtils.java:logGet(46)) - raft.server.watch.timeout = 10000ms (default)
2025-05-14 02:53:38,602 [0e2e4ad1-578a-45fc-a8c2-41affcffb7b9@group-9F6C3E39A650-LeaderElection7] INFO  server.RaftServerConfigKeys (ConfUtils.java:logGet(46)) - raft.server.watch.timeout.denomination = 1s (default)
2025-05-14 02:53:38,602 [0e2e4ad1-578a-45fc-a8c2-41affcffb7b9@group-9F6C3E39A650-LeaderElection7] INFO  server.RaftServerConfigKeys (ConfUtils.java:logGet(46)) - raft.server.watch.element-limit = 65536 (default)
2025-05-14 02:53:38,603 [0e2e4ad1-578a-45fc-a8c2-41affcffb7b9@group-9F6C3E39A650-LeaderElection7] INFO  server.RaftServerConfigKeys (ConfUtils.java:logGet(46)) - raft.server.read.leader.lease.enabled = false (default)
2025-05-14 02:53:38,603 [0e2e4ad1-578a-45fc-a8c2-41affcffb7b9@group-9F6C3E39A650-LeaderElection7] INFO  server.RaftServerConfigKeys (ConfUtils.java:logGet(46)) - raft.server.read.leader.lease.timeout.ratio = 0.9 (default)
2025-05-14 02:53:38,603 [0e2e4ad1-578a-45fc-a8c2-41affcffb7b9@group-9F6C3E39A650-LeaderElection7] INFO  server.RaftServerConfigKeys (ConfUtils.java:logGet(46)) - raft.server.rpc.timeout.min = 5s (custom)
2025-05-14 02:53:38,603 [0e2e4ad1-578a-45fc-a8c2-41affcffb7b9@group-9F6C3E39A650-LeaderElection7] INFO  server.RaftServerConfigKeys (ConfUtils.java:logGet(46)) - raft.server.log.log-metadata.enabled = true (default)
2025-05-14 02:53:38,603 [0e2e4ad1-578a-45fc-a8c2-41affcffb7b9@group-9F6C3E39A650-LeaderElection7] INFO  server.RaftServerConfigKeys (ConfUtils.java:logGet(46)) - raft.server.write.element-limit = 1024 (custom)
2025-05-14 02:53:38,603 [0e2e4ad1-578a-45fc-a8c2-41affcffb7b9@group-9F6C3E39A650-LeaderElection7] INFO  server.RaftServerConfigKeys (ConfUtils.java:logGet(46)) - raft.server.write.follower.gap.ratio.max = -1.0 (default)
2025-05-14 02:53:38,604 [0e2e4ad1-578a-45fc-a8c2-41affcffb7b9@group-9F6C3E39A650-LeaderElection7] INFO  server.RaftServerConfigKeys (ConfUtils.java:logGet(46)) - raft.server.log.appender.snapshot.chunk.size.max = 16MB (=16777216) (default)
2025-05-14 02:53:38,604 [0e2e4ad1-578a-45fc-a8c2-41affcffb7b9@group-9F6C3E39A650-LeaderElection7] INFO  server.RaftServerConfigKeys (ConfUtils.java:logGet(46)) - raft.server.log.appender.buffer.byte-limit = 33554432 (custom)
2025-05-14 02:53:38,604 [0e2e4ad1-578a-45fc-a8c2-41affcffb7b9@group-9F6C3E39A650-LeaderElection7] INFO  server.RaftServerConfigKeys (ConfUtils.java:logGet(46)) - raft.server.log.appender.buffer.element-limit = 1024 (custom)
2025-05-14 02:53:38,604 [0e2e4ad1-578a-45fc-a8c2-41affcffb7b9@group-9F6C3E39A650-LeaderElection7] INFO  server.RaftServerConfigKeys (ConfUtils.java:logGet(46)) - raft.server.log.appender.wait-time.min = 0ms (custom)
2025-05-14 02:53:38,604 [0e2e4ad1-578a-45fc-a8c2-41affcffb7b9@group-9F6C3E39A650-LeaderElection7] INFO  grpc.GrpcConfigKeys (ConfUtils.java:logGet(46)) - raft.grpc.server.leader.outstanding.appends.max = 8 (default)
2025-05-14 02:53:38,604 [0e2e4ad1-578a-45fc-a8c2-41affcffb7b9@group-9F6C3E39A650-LeaderElection7] INFO  server.RaftServerConfigKeys (ConfUtils.java:logGet(46)) - raft.server.rpc.request.timeout = 3000ms (default)
2025-05-14 02:53:38,604 [0e2e4ad1-578a-45fc-a8c2-41affcffb7b9@group-9F6C3E39A650-LeaderElection7] INFO  grpc.GrpcConfigKeys (ConfUtils.java:logGet(46)) - raft.grpc.server.install_snapshot.request.element-limit = 8 (default)
2025-05-14 02:53:38,604 [0e2e4ad1-578a-45fc-a8c2-41affcffb7b9@group-9F6C3E39A650-LeaderElection7] INFO  grpc.GrpcConfigKeys (ConfUtils.java:logGet(46)) - raft.grpc.server.install_snapshot.request.timeout = 3000ms (default)
2025-05-14 02:53:38,604 [0e2e4ad1-578a-45fc-a8c2-41affcffb7b9@group-9F6C3E39A650-LeaderElection7] INFO  grpc.GrpcConfigKeys (ConfUtils.java:logGet(46)) - raft.grpc.server.log-message.batch.duration = 5s (default)
2025-05-14 02:53:38,604 [0e2e4ad1-578a-45fc-a8c2-41affcffb7b9@group-9F6C3E39A650-LeaderElection7] INFO  server.RaftServerConfigKeys (ConfUtils.java:logGet(46)) - raft.server.log.appender.install.snapshot.enabled = false (custom)
2025-05-14 02:53:38,604 [0e2e4ad1-578a-45fc-a8c2-41affcffb7b9@group-9F6C3E39A650-LeaderElection7] INFO  grpc.GrpcConfigKeys (ConfUtils.java:logGet(46)) - raft.grpc.server.heartbeat.channel = true (default)
2025-05-14 02:53:38,606 [0e2e4ad1-578a-45fc-a8c2-41affcffb7b9@group-9F6C3E39A650-LeaderElection7] INFO  server.RaftServerConfigKeys (ConfUtils.java:logGet(46)) - raft.server.log.appender.snapshot.chunk.size.max = 16MB (=16777216) (default)
2025-05-14 02:53:38,606 [0e2e4ad1-578a-45fc-a8c2-41affcffb7b9@group-9F6C3E39A650-LeaderElection7] INFO  server.RaftServerConfigKeys (ConfUtils.java:logGet(46)) - raft.server.log.appender.buffer.byte-limit = 33554432 (custom)
2025-05-14 02:53:38,606 [0e2e4ad1-578a-45fc-a8c2-41affcffb7b9@group-9F6C3E39A650-LeaderElection7] INFO  server.RaftServerConfigKeys (ConfUtils.java:logGet(46)) - raft.server.log.appender.buffer.element-limit = 1024 (custom)
2025-05-14 02:53:38,606 [0e2e4ad1-578a-45fc-a8c2-41affcffb7b9@group-9F6C3E39A650-LeaderElection7] INFO  server.RaftServerConfigKeys (ConfUtils.java:logGet(46)) - raft.server.log.appender.wait-time.min = 0ms (custom)
2025-05-14 02:53:38,606 [0e2e4ad1-578a-45fc-a8c2-41affcffb7b9@group-9F6C3E39A650-LeaderElection7] INFO  grpc.GrpcConfigKeys (ConfUtils.java:logGet(46)) - raft.grpc.server.leader.outstanding.appends.max = 8 (default)
2025-05-14 02:53:38,606 [0e2e4ad1-578a-45fc-a8c2-41affcffb7b9@group-9F6C3E39A650-LeaderElection7] INFO  server.RaftServerConfigKeys (ConfUtils.java:logGet(46)) - raft.server.rpc.request.timeout = 3000ms (default)
2025-05-14 02:53:38,606 [0e2e4ad1-578a-45fc-a8c2-41affcffb7b9@group-9F6C3E39A650-LeaderElection7] INFO  grpc.GrpcConfigKeys (ConfUtils.java:logGet(46)) - raft.grpc.server.install_snapshot.request.element-limit = 8 (default)
2025-05-14 02:53:38,606 [0e2e4ad1-578a-45fc-a8c2-41affcffb7b9@group-9F6C3E39A650-LeaderElection7] INFO  grpc.GrpcConfigKeys (ConfUtils.java:logGet(46)) - raft.grpc.server.install_snapshot.request.timeout = 3000ms (default)
2025-05-14 02:53:38,606 [0e2e4ad1-578a-45fc-a8c2-41affcffb7b9@group-9F6C3E39A650-LeaderElection7] INFO  grpc.GrpcConfigKeys (ConfUtils.java:logGet(46)) - raft.grpc.server.log-message.batch.duration = 5s (default)
2025-05-14 02:53:38,606 [0e2e4ad1-578a-45fc-a8c2-41affcffb7b9@group-9F6C3E39A650-LeaderElection7] INFO  server.RaftServerConfigKeys (ConfUtils.java:logGet(46)) - raft.server.log.appender.install.snapshot.enabled = false (custom)
2025-05-14 02:53:38,606 [0e2e4ad1-578a-45fc-a8c2-41affcffb7b9@group-9F6C3E39A650-LeaderElection7] INFO  grpc.GrpcConfigKeys (ConfUtils.java:logGet(46)) - raft.grpc.server.heartbeat.channel = true (default)
2025-05-14 02:53:38,606 [0e2e4ad1-578a-45fc-a8c2-41affcffb7b9@group-9F6C3E39A650-LeaderElection7] INFO  impl.RoleInfo (RoleInfo.java:updateAndGet(148)) - 0e2e4ad1-578a-45fc-a8c2-41affcffb7b9: start 0e2e4ad1-578a-45fc-a8c2-41affcffb7b9@group-9F6C3E39A650-LeaderStateImpl
2025-05-14 02:53:38,606 [0e2e4ad1-578a-45fc-a8c2-41affcffb7b9@group-9F6C3E39A650-LeaderElection7] INFO  server.RaftServer$Division (RaftServerImpl.java:setFirstElection(562)) - 0e2e4ad1-578a-45fc-a8c2-41affcffb7b9@group-9F6C3E39A650: set firstElectionSinceStartup to false for becomeLeader
2025-05-14 02:53:38,606 [0e2e4ad1-578a-45fc-a8c2-41affcffb7b9@group-9F6C3E39A650-LeaderElection7] INFO  ratis.XceiverServerRatis (XceiverServerRatis.java:handleLeaderChangedNotification(944)) - Leader change notification received for group: group-9F6C3E39A650 with new leaderId: 0e2e4ad1-578a-45fc-a8c2-41affcffb7b9
2025-05-14 02:53:38,607 [0e2e4ad1-578a-45fc-a8c2-41affcffb7b9@group-9F6C3E39A650-LeaderElection7] INFO  server.RaftServer$Division (ServerState.java:setLeader(272)) - 0e2e4ad1-578a-45fc-a8c2-41affcffb7b9@group-9F6C3E39A650: change Leader from null to 0e2e4ad1-578a-45fc-a8c2-41affcffb7b9 at term 1 for becomeLeader, leader elected after 1167ms
2025-05-14 02:53:38,607 [0e2e4ad1-578a-45fc-a8c2-41affcffb7b9@group-9F6C3E39A650-LeaderElection7] INFO  segmented.SegmentedRaftLogWorker (SegmentedRaftLogWorker.java:startLogSegment(438)) - 0e2e4ad1-578a-45fc-a8c2-41affcffb7b9@group-9F6C3E39A650-SegmentedRaftLogWorker: Starting segment from index:0
2025-05-14 02:53:38,609 [0e2e4ad1-578a-45fc-a8c2-41affcffb7b9@group-9F6C3E39A650-SegmentedRaftLogWorker] INFO  segmented.BufferedWriteChannel (BufferedWriteChannel.java:open(61)) - open log_inprogress_0 at position 0
2025-05-14 02:53:38,610 [0e2e4ad1-578a-45fc-a8c2-41affcffb7b9@group-9F6C3E39A650-LeaderElection7] INFO  server.RaftServer$Division (ServerState.java:setRaftConf(386)) - 0e2e4ad1-578a-45fc-a8c2-41affcffb7b9@group-9F6C3E39A650: set configuration conf: {index: 0, cur=peers:[f8181075-ae63-407a-b17c-78185f7d70dd|127.0.0.1:15015, 30ccf06d-ad3c-4fb0-87c5-f3e2916d12cb|127.0.0.1:15023, 0e2e4ad1-578a-45fc-a8c2-41affcffb7b9|127.0.0.1:15031]|listeners:[], old=null}
2025-05-14 02:53:38,619 [EventQueue-PipelineReportForPipelineReportHandler] INFO  pipeline.PipelineReportHandler (PipelineReportHandler.java:processPipelineReport(134)) - Opened pipeline PipelineID=babd74b3-e02d-4bf5-8eae-9f6c3e39a650
2025-05-14 02:53:38,619 [0e2e4ad1-578a-45fc-a8c2-41affcffb7b9@group-9F6C3E39A650-SegmentedRaftLogWorker] INFO  segmented.SegmentedRaftLogWorker (SegmentedRaftLogWorker.java:execute(644)) - 0e2e4ad1-578a-45fc-a8c2-41affcffb7b9@group-9F6C3E39A650-SegmentedRaftLogWorker: created new log segment /home/runner/work/ozone/ozone/hadoop-ozone/integration-test/target/test-dir/MiniOzoneClusterImpl-af940217-b311-440f-8e09-352fdf66236b/ozone-meta/datanode-3/ratis/babd74b3-e02d-4bf5-8eae-9f6c3e39a650/current/log_inprogress_0
2025-05-14 02:53:38,619 [f8181075-ae63-407a-b17c-78185f7d70dd-server-thread1] INFO  ratis.XceiverServerRatis (XceiverServerRatis.java:handleLeaderChangedNotification(944)) - Leader change notification received for group: group-9F6C3E39A650 with new leaderId: 0e2e4ad1-578a-45fc-a8c2-41affcffb7b9
2025-05-14 02:53:38,620 [f8181075-ae63-407a-b17c-78185f7d70dd-server-thread1] INFO  server.RaftServer$Division (ServerState.java:setLeader(272)) - f8181075-ae63-407a-b17c-78185f7d70dd@group-9F6C3E39A650: change Leader from null to 0e2e4ad1-578a-45fc-a8c2-41affcffb7b9 at term 1 for appendEntries, leader elected after 1234ms
2025-05-14 02:53:38,620 [30ccf06d-ad3c-4fb0-87c5-f3e2916d12cb-server-thread1] INFO  ratis.XceiverServerRatis (XceiverServerRatis.java:handleLeaderChangedNotification(944)) - Leader change notification received for group: group-9F6C3E39A650 with new leaderId: 0e2e4ad1-578a-45fc-a8c2-41affcffb7b9
2025-05-14 02:53:38,620 [30ccf06d-ad3c-4fb0-87c5-f3e2916d12cb-server-thread1] INFO  server.RaftServer$Division (ServerState.java:setLeader(272)) - 30ccf06d-ad3c-4fb0-87c5-f3e2916d12cb@group-9F6C3E39A650: change Leader from null to 0e2e4ad1-578a-45fc-a8c2-41affcffb7b9 at term 1 for appendEntries, leader elected after 1146ms
2025-05-14 02:53:38,621 [f8181075-ae63-407a-b17c-78185f7d70dd-server-thread2] INFO  server.RaftServer$Division (ServerState.java:setRaftConf(386)) - f8181075-ae63-407a-b17c-78185f7d70dd@group-9F6C3E39A650: set configuration conf: {index: 0, cur=peers:[f8181075-ae63-407a-b17c-78185f7d70dd|127.0.0.1:15015, 30ccf06d-ad3c-4fb0-87c5-f3e2916d12cb|127.0.0.1:15023, 0e2e4ad1-578a-45fc-a8c2-41affcffb7b9|127.0.0.1:15031]|listeners:[], old=null}
2025-05-14 02:53:38,621 [f8181075-ae63-407a-b17c-78185f7d70dd-server-thread2] INFO  segmented.SegmentedRaftLogWorker (SegmentedRaftLogWorker.java:startLogSegment(438)) - f8181075-ae63-407a-b17c-78185f7d70dd@group-9F6C3E39A650-SegmentedRaftLogWorker: Starting segment from index:0
2025-05-14 02:53:38,622 [30ccf06d-ad3c-4fb0-87c5-f3e2916d12cb-server-thread2] INFO  server.RaftServer$Division (ServerState.java:setRaftConf(386)) - 30ccf06d-ad3c-4fb0-87c5-f3e2916d12cb@group-9F6C3E39A650: set configuration conf: {index: 0, cur=peers:[f8181075-ae63-407a-b17c-78185f7d70dd|127.0.0.1:15015, 30ccf06d-ad3c-4fb0-87c5-f3e2916d12cb|127.0.0.1:15023, 0e2e4ad1-578a-45fc-a8c2-41affcffb7b9|127.0.0.1:15031]|listeners:[], old=null}
2025-05-14 02:53:38,622 [f8181075-ae63-407a-b17c-78185f7d70dd@group-9F6C3E39A650-SegmentedRaftLogWorker] INFO  segmented.BufferedWriteChannel (BufferedWriteChannel.java:open(61)) - open log_inprogress_0 at position 0
2025-05-14 02:53:38,622 [30ccf06d-ad3c-4fb0-87c5-f3e2916d12cb-server-thread2] INFO  segmented.SegmentedRaftLogWorker (SegmentedRaftLogWorker.java:startLogSegment(438)) - 30ccf06d-ad3c-4fb0-87c5-f3e2916d12cb@group-9F6C3E39A650-SegmentedRaftLogWorker: Starting segment from index:0
2025-05-14 02:53:38,623 [30ccf06d-ad3c-4fb0-87c5-f3e2916d12cb@group-9F6C3E39A650-SegmentedRaftLogWorker] INFO  segmented.BufferedWriteChannel (BufferedWriteChannel.java:open(61)) - open log_inprogress_0 at position 0
2025-05-14 02:53:38,635 [30ccf06d-ad3c-4fb0-87c5-f3e2916d12cb@group-04E3E0189C32-FollowerState] INFO  impl.FollowerState (FollowerState.java:runImpl(161)) - 30ccf06d-ad3c-4fb0-87c5-f3e2916d12cb@group-04E3E0189C32-FollowerState: change to CANDIDATE, lastRpcElapsedTime:1182778186ns, electionTimeout:1181ms
2025-05-14 02:53:38,635 [30ccf06d-ad3c-4fb0-87c5-f3e2916d12cb@group-04E3E0189C32-FollowerState] INFO  impl.RoleInfo (RoleInfo.java:shutdownFollowerState(121)) - 30ccf06d-ad3c-4fb0-87c5-f3e2916d12cb: shutdown 30ccf06d-ad3c-4fb0-87c5-f3e2916d12cb@group-04E3E0189C32-FollowerState
2025-05-14 02:53:38,635 [30ccf06d-ad3c-4fb0-87c5-f3e2916d12cb@group-04E3E0189C32-FollowerState] INFO  server.RaftServer$Division (RaftServerImpl.java:setRole(378)) - 30ccf06d-ad3c-4fb0-87c5-f3e2916d12cb@group-04E3E0189C32: changes role from  FOLLOWER to CANDIDATE at term 0 for changeToCandidate
2025-05-14 02:53:38,635 [30ccf06d-ad3c-4fb0-87c5-f3e2916d12cb@group-04E3E0189C32-FollowerState] INFO  server.RaftServerConfigKeys (ConfUtils.java:logGet(46)) - raft.server.leaderelection.pre-vote = true (default)
2025-05-14 02:53:38,635 [30ccf06d-ad3c-4fb0-87c5-f3e2916d12cb@group-04E3E0189C32-FollowerState] INFO  impl.RoleInfo (RoleInfo.java:updateAndGet(148)) - 30ccf06d-ad3c-4fb0-87c5-f3e2916d12cb: start 30ccf06d-ad3c-4fb0-87c5-f3e2916d12cb@group-04E3E0189C32-LeaderElection8
2025-05-14 02:53:38,635 [30ccf06d-ad3c-4fb0-87c5-f3e2916d12cb@group-04E3E0189C32-LeaderElection8] INFO  impl.LeaderElection (LeaderElection.java:askForVotes(332)) - 30ccf06d-ad3c-4fb0-87c5-f3e2916d12cb@group-04E3E0189C32-LeaderElection8 PRE_VOTE round 0: submit vote requests at term 0 for conf: {index: -1, cur=peers:[30ccf06d-ad3c-4fb0-87c5-f3e2916d12cb|127.0.0.1:15023]|listeners:[], old=null}
2025-05-14 02:53:38,635 [30ccf06d-ad3c-4fb0-87c5-f3e2916d12cb@group-04E3E0189C32-LeaderElection8] INFO  impl.LeaderElection (LeaderElection.java:askForVotes(334)) - 30ccf06d-ad3c-4fb0-87c5-f3e2916d12cb@group-04E3E0189C32-LeaderElection8 PRE_VOTE round 0: result PASSED (term=0)
2025-05-14 02:53:38,636 [30ccf06d-ad3c-4fb0-87c5-f3e2916d12cb@group-9F6C3E39A650-SegmentedRaftLogWorker] INFO  segmented.SegmentedRaftLogWorker (SegmentedRaftLogWorker.java:execute(644)) - 30ccf06d-ad3c-4fb0-87c5-f3e2916d12cb@group-9F6C3E39A650-SegmentedRaftLogWorker: created new log segment /home/runner/work/ozone/ozone/hadoop-ozone/integration-test/target/test-dir/MiniOzoneClusterImpl-af940217-b311-440f-8e09-352fdf66236b/ozone-meta/datanode-2/ratis/babd74b3-e02d-4bf5-8eae-9f6c3e39a650/current/log_inprogress_0
2025-05-14 02:53:38,637 [main] INFO  ozone.MiniOzoneClusterImpl (MiniOzoneClusterImpl.java:lambda$waitForClusterToBeReady$0(191)) - Nodes are ready. Got 10 of 10 DN Heartbeats.
2025-05-14 02:53:38,637 [main] INFO  ozone.MiniOzoneClusterImpl (MiniOzoneClusterImpl.java:lambda$waitForClusterToBeReady$0(194)) - Cluster exits safe mode
2025-05-14 02:53:38,637 [main] INFO  ozone.MiniOzoneClusterImpl (MiniOzoneClusterImpl.java:lambda$waitForClusterToBeReady$0(196)) - SCM became leader
2025-05-14 02:53:38,637 [f8181075-ae63-407a-b17c-78185f7d70dd@group-9F6C3E39A650-SegmentedRaftLogWorker] INFO  segmented.SegmentedRaftLogWorker (SegmentedRaftLogWorker.java:execute(644)) - f8181075-ae63-407a-b17c-78185f7d70dd@group-9F6C3E39A650-SegmentedRaftLogWorker: created new log segment /home/runner/work/ozone/ozone/hadoop-ozone/integration-test/target/test-dir/MiniOzoneClusterImpl-af940217-b311-440f-8e09-352fdf66236b/ozone-meta/datanode-1/ratis/babd74b3-e02d-4bf5-8eae-9f6c3e39a650/current/log_inprogress_0
2025-05-14 02:53:38,639 [30ccf06d-ad3c-4fb0-87c5-f3e2916d12cb@group-04E3E0189C32-LeaderElection8] INFO  impl.LeaderElection (LeaderElection.java:askForVotes(332)) - 30ccf06d-ad3c-4fb0-87c5-f3e2916d12cb@group-04E3E0189C32-LeaderElection8 ELECTION round 0: submit vote requests at term 1 for conf: {index: -1, cur=peers:[30ccf06d-ad3c-4fb0-87c5-f3e2916d12cb|127.0.0.1:15023]|listeners:[], old=null}
2025-05-14 02:53:38,640 [30ccf06d-ad3c-4fb0-87c5-f3e2916d12cb@group-04E3E0189C32-LeaderElection8] INFO  impl.LeaderElection (LeaderElection.java:askForVotes(334)) - 30ccf06d-ad3c-4fb0-87c5-f3e2916d12cb@group-04E3E0189C32-LeaderElection8 ELECTION round 0: result PASSED (term=1)
2025-05-14 02:53:38,640 [30ccf06d-ad3c-4fb0-87c5-f3e2916d12cb@group-04E3E0189C32-LeaderElection8] INFO  impl.RoleInfo (RoleInfo.java:shutdownLeaderElection(141)) - 30ccf06d-ad3c-4fb0-87c5-f3e2916d12cb: shutdown 30ccf06d-ad3c-4fb0-87c5-f3e2916d12cb@group-04E3E0189C32-LeaderElection8
2025-05-14 02:53:38,640 [30ccf06d-ad3c-4fb0-87c5-f3e2916d12cb@group-04E3E0189C32-LeaderElection8] INFO  server.RaftServer$Division (RaftServerImpl.java:setRole(378)) - 30ccf06d-ad3c-4fb0-87c5-f3e2916d12cb@group-04E3E0189C32: changes role from CANDIDATE to LEADER at term 1 for changeToLeader
2025-05-14 02:53:38,640 [30ccf06d-ad3c-4fb0-87c5-f3e2916d12cb@group-04E3E0189C32-LeaderElection8] INFO  server.RaftServerConfigKeys (ConfUtils.java:logGet(46)) - raft.server.staging.catchup.gap = 1000 (default)
2025-05-14 02:53:38,640 [30ccf06d-ad3c-4fb0-87c5-f3e2916d12cb@group-04E3E0189C32-LeaderElection8] INFO  server.RaftServerConfigKeys (ConfUtils.java:logGet(46)) - raft.server.write.element-limit = 1024 (custom)
2025-05-14 02:53:38,640 [30ccf06d-ad3c-4fb0-87c5-f3e2916d12cb@group-04E3E0189C32-LeaderElection8] INFO  server.RaftServerConfigKeys (ConfUtils.java:logGet(46)) - raft.server.write.byte-limit = 1024 M (=1073741824) (custom)
2025-05-14 02:53:38,640 [30ccf06d-ad3c-4fb0-87c5-f3e2916d12cb@group-04E3E0189C32-LeaderElection8] INFO  server.RaftServerConfigKeys (ConfUtils.java:logGet(46)) - raft.server.watch.timeout = 10000ms (default)
2025-05-14 02:53:38,640 [30ccf06d-ad3c-4fb0-87c5-f3e2916d12cb@group-04E3E0189C32-LeaderElection8] INFO  server.RaftServerConfigKeys (ConfUtils.java:logGet(46)) - raft.server.watch.timeout.denomination = 1s (default)
2025-05-14 02:53:38,641 [30ccf06d-ad3c-4fb0-87c5-f3e2916d12cb@group-04E3E0189C32-LeaderElection8] INFO  server.RaftServerConfigKeys (ConfUtils.java:logGet(46)) - raft.server.watch.element-limit = 65536 (default)
2025-05-14 02:53:38,641 [30ccf06d-ad3c-4fb0-87c5-f3e2916d12cb@group-04E3E0189C32-LeaderElection8] INFO  server.RaftServerConfigKeys (ConfUtils.java:logGet(46)) - raft.server.read.leader.lease.enabled = false (default)
2025-05-14 02:53:38,641 [30ccf06d-ad3c-4fb0-87c5-f3e2916d12cb@group-04E3E0189C32-LeaderElection8] INFO  server.RaftServerConfigKeys (ConfUtils.java:logGet(46)) - raft.server.read.leader.lease.timeout.ratio = 0.9 (default)
2025-05-14 02:53:38,641 [30ccf06d-ad3c-4fb0-87c5-f3e2916d12cb@group-04E3E0189C32-LeaderElection8] INFO  server.RaftServerConfigKeys (ConfUtils.java:logGet(46)) - raft.server.rpc.timeout.min = 5s (custom)
2025-05-14 02:53:38,641 [30ccf06d-ad3c-4fb0-87c5-f3e2916d12cb@group-04E3E0189C32-LeaderElection8] INFO  server.RaftServerConfigKeys (ConfUtils.java:logGet(46)) - raft.server.log.log-metadata.enabled = true (default)
2025-05-14 02:53:38,641 [30ccf06d-ad3c-4fb0-87c5-f3e2916d12cb@group-04E3E0189C32-LeaderElection8] INFO  server.RaftServerConfigKeys (ConfUtils.java:logGet(46)) - raft.server.write.element-limit = 1024 (custom)
2025-05-14 02:53:38,641 [30ccf06d-ad3c-4fb0-87c5-f3e2916d12cb@group-04E3E0189C32-LeaderElection8] INFO  server.RaftServerConfigKeys (ConfUtils.java:logGet(46)) - raft.server.write.follower.gap.ratio.max = -1.0 (default)
2025-05-14 02:53:38,641 [30ccf06d-ad3c-4fb0-87c5-f3e2916d12cb@group-04E3E0189C32-LeaderElection8] INFO  impl.RoleInfo (RoleInfo.java:updateAndGet(148)) - 30ccf06d-ad3c-4fb0-87c5-f3e2916d12cb: start 30ccf06d-ad3c-4fb0-87c5-f3e2916d12cb@group-04E3E0189C32-LeaderStateImpl
2025-05-14 02:53:38,644 [30ccf06d-ad3c-4fb0-87c5-f3e2916d12cb@group-04E3E0189C32-LeaderElection8] INFO  server.RaftServer$Division (RaftServerImpl.java:setFirstElection(562)) - 30ccf06d-ad3c-4fb0-87c5-f3e2916d12cb@group-04E3E0189C32: set firstElectionSinceStartup to false for becomeLeader
2025-05-14 02:53:38,644 [30ccf06d-ad3c-4fb0-87c5-f3e2916d12cb@group-04E3E0189C32-LeaderElection8] INFO  ratis.XceiverServerRatis (XceiverServerRatis.java:handleLeaderChangedNotification(944)) - Leader change notification received for group: group-04E3E0189C32 with new leaderId: 30ccf06d-ad3c-4fb0-87c5-f3e2916d12cb
2025-05-14 02:53:38,644 [30ccf06d-ad3c-4fb0-87c5-f3e2916d12cb@group-04E3E0189C32-LeaderElection8] INFO  server.RaftServer$Division (ServerState.java:setLeader(272)) - 30ccf06d-ad3c-4fb0-87c5-f3e2916d12cb@group-04E3E0189C32: change Leader from null to 30ccf06d-ad3c-4fb0-87c5-f3e2916d12cb at term 1 for becomeLeader, leader elected after 1239ms
2025-05-14 02:53:38,644 [30ccf06d-ad3c-4fb0-87c5-f3e2916d12cb@group-04E3E0189C32-LeaderElection8] INFO  segmented.SegmentedRaftLogWorker (SegmentedRaftLogWorker.java:startLogSegment(438)) - 30ccf06d-ad3c-4fb0-87c5-f3e2916d12cb@group-04E3E0189C32-SegmentedRaftLogWorker: Starting segment from index:0
2025-05-14 02:53:38,643 [0e2e4ad1-578a-45fc-a8c2-41affcffb7b9@group-9F6C3E39A650-StateMachineUpdater] INFO  server.RaftServer$Division (LeaderStateImpl.java:checkStartIndex(313)) - Leader 0e2e4ad1-578a-45fc-a8c2-41affcffb7b9@group-9F6C3E39A650-LeaderStateImpl is ready since appliedIndex == startIndex == 0
2025-05-14 02:53:38,642 [f4f68937-1ce3-42e1-b3e7-547ae2d23d85-PipelineCommandHandlerThread-0] INFO  server.RaftServer (RaftServerProxy.java:addNew(100)) - f4f68937-1ce3-42e1-b3e7-547ae2d23d85: addNew group-1E88BD5F7B15:[f4f68937-1ce3-42e1-b3e7-547ae2d23d85|127.0.0.1:15063] returns group-1E88BD5F7B15:java.util.concurrent.CompletableFuture@56ddd147[Not completed]
2025-05-14 02:53:38,645 [0e2e4ad1-578a-45fc-a8c2-41affcffb7b9@group-9F6C3E39A650-StateMachineUpdater] INFO  ratis.ContainerStateMachine (ContainerStateMachine.java:takeSnapshot(427)) - group-9F6C3E39A650: Taking a snapshot at:(t:1, i:0) file /home/runner/work/ozone/ozone/hadoop-ozone/integration-test/target/test-dir/MiniOzoneClusterImpl-af940217-b311-440f-8e09-352fdf66236b/ozone-meta/datanode-3/ratis/babd74b3-e02d-4bf5-8eae-9f6c3e39a650/sm/snapshot.1_0
2025-05-14 02:53:38,644 [f4f68937-1ce3-42e1-b3e7-547ae2d23d85-groupManagement] INFO  server.RaftServer$Division (RaftServerImpl.java:<init>(255)) - f4f68937-1ce3-42e1-b3e7-547ae2d23d85: new RaftServerImpl for group-1E88BD5F7B15:[f4f68937-1ce3-42e1-b3e7-547ae2d23d85|127.0.0.1:15063] with ContainerStateMachine:uninitialized
2025-05-14 02:53:38,645 [f4f68937-1ce3-42e1-b3e7-547ae2d23d85-groupManagement] INFO  server.RaftServerConfigKeys (ConfUtils.java:logGet(46)) - raft.server.rpc.timeout.min = 5s (custom)
2025-05-14 02:53:38,645 [f4f68937-1ce3-42e1-b3e7-547ae2d23d85-groupManagement] INFO  server.RaftServerConfigKeys (ConfUtils.java:logGet(46)) - raft.server.rpc.timeout.max = 5200ms (custom)
2025-05-14 02:53:38,645 [f4f68937-1ce3-42e1-b3e7-547ae2d23d85-groupManagement] INFO  server.RaftServerConfigKeys (ConfUtils.java:logGet(46)) - raft.server.rpc.sleep.time = 25ms (default)
2025-05-14 02:53:38,645 [f4f68937-1ce3-42e1-b3e7-547ae2d23d85-groupManagement] INFO  server.RaftServerConfigKeys (ConfUtils.java:logGet(46)) - raft.server.rpc.slowness.timeout = 300000ms (custom)
2025-05-14 02:53:38,645 [f4f68937-1ce3-42e1-b3e7-547ae2d23d85-groupManagement] INFO  server.RaftServerConfigKeys (ConfUtils.java:logGet(46)) - raft.server.leaderelection.leader.step-down.wait-time = 10s (default)
2025-05-14 02:53:38,645 [f4f68937-1ce3-42e1-b3e7-547ae2d23d85-groupManagement] INFO  server.RaftServerConfigKeys (ConfUtils.java:logGet(46)) - raft.server.leaderelection.member.majority-add = false (default)
2025-05-14 02:53:38,645 [f4f68937-1ce3-42e1-b3e7-547ae2d23d85-groupManagement] INFO  server.RaftServerConfigKeys (ConfUtils.java:logGet(46)) - raft.server.sleep.deviation.threshold = 300ms (default)
2025-05-14 02:53:38,646 [f4f68937-1ce3-42e1-b3e7-547ae2d23d85-groupManagement] INFO  server.RaftServer$Division (ServerState.java:<init>(114)) - f4f68937-1ce3-42e1-b3e7-547ae2d23d85@group-1E88BD5F7B15: ConfigurationManager, init=conf: {index: -1, cur=peers:[f4f68937-1ce3-42e1-b3e7-547ae2d23d85|127.0.0.1:15063]|listeners:[], old=null}, confs=<EMPTY_MAP>
2025-05-14 02:53:38,646 [f4f68937-1ce3-42e1-b3e7-547ae2d23d85-groupManagement] INFO  server.RaftServerConfigKeys (ConfUtils.java:logGet(46)) - raft.server.notification.no-leader.timeout = 300000ms (custom)
2025-05-14 02:53:38,646 [f4f68937-1ce3-42e1-b3e7-547ae2d23d85-groupManagement] INFO  server.RaftServerConfigKeys (ConfUtils.java:logGet(46)) - raft.server.read.timeout = 10s (default)
2025-05-14 02:53:38,646 [f4f68937-1ce3-42e1-b3e7-547ae2d23d85-groupManagement] INFO  server.RaftServerConfigKeys (ConfUtils.java:logGet(46)) - raft.server.retrycache.expirytime = 600000ms (custom)
2025-05-14 02:53:38,646 [f4f68937-1ce3-42e1-b3e7-547ae2d23d85-groupManagement] INFO  server.RaftServerConfigKeys (ConfUtils.java:logGet(46)) - raft.server.retrycache.statistics.expirytime = 100ms (default)
2025-05-14 02:53:38,646 [30ccf06d-ad3c-4fb0-87c5-f3e2916d12cb@group-04E3E0189C32-LeaderElection8] INFO  server.RaftServer$Division (ServerState.java:setRaftConf(386)) - 30ccf06d-ad3c-4fb0-87c5-f3e2916d12cb@group-04E3E0189C32: set configuration conf: {index: 0, cur=peers:[30ccf06d-ad3c-4fb0-87c5-f3e2916d12cb|127.0.0.1:15023]|listeners:[], old=null}
2025-05-14 02:53:38,646 [f4f68937-1ce3-42e1-b3e7-547ae2d23d85-groupManagement] INFO  server.RaftServerConfigKeys (ConfUtils.java:logGet(46)) - raft.server.read.option = DEFAULT (default)
2025-05-14 02:53:38,646 [30ccf06d-ad3c-4fb0-87c5-f3e2916d12cb@group-04E3E0189C32-SegmentedRaftLogWorker] INFO  segmented.BufferedWriteChannel (BufferedWriteChannel.java:open(61)) - open log_inprogress_0 at position 0
2025-05-14 02:53:38,648 [0e2e4ad1-578a-45fc-a8c2-41affcffb7b9@group-9F6C3E39A650-StateMachineUpdater] INFO  ratis.ContainerStateMachine (ContainerStateMachine.java:takeSnapshot(436)) - group-9F6C3E39A650: Finished taking a snapshot at:(t:1, i:0) file:/home/runner/work/ozone/ozone/hadoop-ozone/integration-test/target/test-dir/MiniOzoneClusterImpl-af940217-b311-440f-8e09-352fdf66236b/ozone-meta/datanode-3/ratis/babd74b3-e02d-4bf5-8eae-9f6c3e39a650/sm/snapshot.1_0 took: 3 ms
2025-05-14 02:53:38,648 [0e2e4ad1-578a-45fc-a8c2-41affcffb7b9@group-9F6C3E39A650-StateMachineUpdater] INFO  impl.StateMachineUpdater (StateMachineUpdater.java:takeSnapshot(303)) - 0e2e4ad1-578a-45fc-a8c2-41affcffb7b9@group-9F6C3E39A650-StateMachineUpdater: Took a snapshot at index 0
2025-05-14 02:53:38,648 [0e2e4ad1-578a-45fc-a8c2-41affcffb7b9@group-9F6C3E39A650-StateMachineUpdater] INFO  impl.StateMachineUpdater (StateMachineUpdater.java:lambda$new$0(102)) - 0e2e4ad1-578a-45fc-a8c2-41affcffb7b9@group-9F6C3E39A650-StateMachineUpdater: snapshotIndex: updateIncreasingly -1 -> 0
2025-05-14 02:53:38,650 [f4f68937-1ce3-42e1-b3e7-547ae2d23d85-groupManagement] INFO  server.RaftServerConfigKeys (ConfUtils.java:logGet(46)) - raft.server.read.read-after-write-consistent.write-index-cache.expiry-time = 60s (default)
2025-05-14 02:53:38,657 [f4f68937-1ce3-42e1-b3e7-547ae2d23d85-groupManagement] INFO  server.RaftServerConfigKeys (ConfUtils.java:logGet(46)) - raft.server.rpc.request.timeout = 3000ms (default)
2025-05-14 02:53:38,657 [f4f68937-1ce3-42e1-b3e7-547ae2d23d85-groupManagement] INFO  server.RaftServerConfigKeys (ConfUtils.java:logGet(46)) - raft.server.log.appender.install.snapshot.enabled = false (custom)
2025-05-14 02:53:38,657 [f4f68937-1ce3-42e1-b3e7-547ae2d23d85-groupManagement] INFO  server.RaftServerConfigKeys (ConfUtils.java:logGet(46)) - raft.server.threadpool.server.cached = true (default)
2025-05-14 02:53:38,657 [f4f68937-1ce3-42e1-b3e7-547ae2d23d85-groupManagement] INFO  server.RaftServerConfigKeys (ConfUtils.java:logGet(46)) - raft.server.threadpool.server.size = 0 (default)
2025-05-14 02:53:38,657 [f4f68937-1ce3-42e1-b3e7-547ae2d23d85-groupManagement] INFO  server.RaftServerConfigKeys (ConfUtils.java:logGet(46)) - raft.server.threadpool.client.cached = true (default)
2025-05-14 02:53:38,657 [f4f68937-1ce3-42e1-b3e7-547ae2d23d85-groupManagement] INFO  server.RaftServerConfigKeys (ConfUtils.java:logGet(46)) - raft.server.threadpool.client.size = 0 (default)
2025-05-14 02:53:38,658 [f4f68937-1ce3-42e1-b3e7-547ae2d23d85-groupManagement] INFO  server.RaftServerConfigKeys (ConfUtils.java:logGet(46)) - raft.server.storage.free-space.min = 0MB (=0) (default)
2025-05-14 02:53:38,658 [f4f68937-1ce3-42e1-b3e7-547ae2d23d85-groupManagement] INFO  server.RaftServerConfigKeys (ConfUtils.java:logGet(46)) - raft.server.log.corruption.policy = EXCEPTION (default)
2025-05-14 02:53:38,658 [f4f68937-1ce3-42e1-b3e7-547ae2d23d85-groupManagement] INFO  server.RaftServerConfigKeys (ConfUtils.java:logGet(46)) - raft.server.storage.dir = [/home/runner/work/ozone/ozone/hadoop-ozone/integration-test/target/test-dir/MiniOzoneClusterImpl-af940217-b311-440f-8e09-352fdf66236b/ozone-meta/datanode-7/ratis] (custom)
2025-05-14 02:53:38,658 [f4f68937-1ce3-42e1-b3e7-547ae2d23d85-groupManagement] INFO  storage.RaftStorageDirectory (RaftStorageDirectoryImpl.java:analyzeStorage(138)) - The storage directory /home/runner/work/ozone/ozone/hadoop-ozone/integration-test/target/test-dir/MiniOzoneClusterImpl-af940217-b311-440f-8e09-352fdf66236b/ozone-meta/datanode-7/ratis/8f0e4438-b77b-4b03-8cb4-1e88bd5f7b15 does not exist. Creating ...
2025-05-14 02:53:38,663 [f4f68937-1ce3-42e1-b3e7-547ae2d23d85-groupManagement] INFO  storage.RaftStorageDirectory (RaftStorageDirectoryImpl.java:tryLock(229)) - Lock on /home/runner/work/ozone/ozone/hadoop-ozone/integration-test/target/test-dir/MiniOzoneClusterImpl-af940217-b311-440f-8e09-352fdf66236b/ozone-meta/datanode-7/ratis/8f0e4438-b77b-4b03-8cb4-1e88bd5f7b15/in_use.lock acquired by nodename 34763@localhost
2025-05-14 02:53:38,664 [30ccf06d-ad3c-4fb0-87c5-f3e2916d12cb@group-04E3E0189C32-SegmentedRaftLogWorker] INFO  segmented.SegmentedRaftLogWorker (SegmentedRaftLogWorker.java:execute(644)) - 30ccf06d-ad3c-4fb0-87c5-f3e2916d12cb@group-04E3E0189C32-SegmentedRaftLogWorker: created new log segment /home/runner/work/ozone/ozone/hadoop-ozone/integration-test/target/test-dir/MiniOzoneClusterImpl-af940217-b311-440f-8e09-352fdf66236b/ozone-meta/datanode-2/ratis/bbc5bd21-e187-4ee2-8987-04e3e0189c32/current/log_inprogress_0
2025-05-14 02:53:38,665 [f4f68937-1ce3-42e1-b3e7-547ae2d23d85-groupManagement] INFO  storage.RaftStorage (RaftStorageImpl.java:format(98)) - Storage directory /home/runner/work/ozone/ozone/hadoop-ozone/integration-test/target/test-dir/MiniOzoneClusterImpl-af940217-b311-440f-8e09-352fdf66236b/ozone-meta/datanode-7/ratis/8f0e4438-b77b-4b03-8cb4-1e88bd5f7b15 has been successfully formatted.
2025-05-14 02:53:38,665 [f4f68937-1ce3-42e1-b3e7-547ae2d23d85-groupManagement] INFO  ratis.ContainerStateMachine (ContainerStateMachine.java:initialize(339)) - f4f68937-1ce3-42e1-b3e7-547ae2d23d85: initialize group-1E88BD5F7B15
2025-05-14 02:53:38,665 [f4f68937-1ce3-42e1-b3e7-547ae2d23d85-groupManagement] INFO  ratis.ContainerStateMachine (ContainerStateMachine.java:loadSnapshot(347)) - group-1E88BD5F7B15: The snapshot info is null. Setting the last applied index to:(t:0, i:~)
2025-05-14 02:53:38,665 [f4f68937-1ce3-42e1-b3e7-547ae2d23d85-groupManagement] INFO  server.RaftServerConfigKeys (ConfUtils.java:logGet(46)) - raft.server.log.use.memory = false (default)
2025-05-14 02:53:38,666 [f4f68937-1ce3-42e1-b3e7-547ae2d23d85-groupManagement] INFO  server.RaftServerConfigKeys (ConfUtils.java:logGet(46)) - raft.server.log.purge.gap = 1000000 (custom)
2025-05-14 02:53:38,666 [f4f68937-1ce3-42e1-b3e7-547ae2d23d85-groupManagement] INFO  server.RaftServerConfigKeys (ConfUtils.java:logGet(46)) - raft.server.log.appender.buffer.byte-limit = 33554432 (custom)
2025-05-14 02:53:38,666 [f4f68937-1ce3-42e1-b3e7-547ae2d23d85-groupManagement] INFO  server.RaftServerConfigKeys (ConfUtils.java:logGet(46)) - raft.server.log.statemachine.data.read.timeout = 1000ms (default)
2025-05-14 02:53:38,666 [f4f68937-1ce3-42e1-b3e7-547ae2d23d85-groupManagement] INFO  server.RaftServerConfigKeys (ConfUtils.java:logGet(46)) - raft.server.log.purge.preservation.log.num = 0 (default)
2025-05-14 02:53:38,667 [f4f68937-1ce3-42e1-b3e7-547ae2d23d85-groupManagement] INFO  server.RaftServerConfigKeys (ConfUtils.java:logGet(46)) - raft.server.log.segment.size.max = 67108864 (custom)
2025-05-14 02:53:38,668 [f4f68937-1ce3-42e1-b3e7-547ae2d23d85-groupManagement] INFO  server.RaftServerConfigKeys (ConfUtils.java:logGet(46)) - raft.server.log.segment.cache.num.max = 2 (custom)
2025-05-14 02:53:38,668 [f4f68937-1ce3-42e1-b3e7-547ae2d23d85-groupManagement] INFO  server.RaftServerConfigKeys (ConfUtils.java:logGet(46)) - raft.server.log.segment.cache.size.max = 200MB (=209715200) (default)
2025-05-14 02:53:38,668 [f4f68937-1ce3-42e1-b3e7-547ae2d23d85-groupManagement] INFO  server.RaftServerConfigKeys (ConfUtils.java:logGet(46)) - raft.server.log.appender.buffer.byte-limit = 33554432 (custom)
2025-05-14 02:53:38,668 [f4f68937-1ce3-42e1-b3e7-547ae2d23d85-groupManagement] INFO  util.AwaitToRun (AwaitToRun.java:start(81)) - Thread[#1346,f4f68937-1ce3-42e1-b3e7-547ae2d23d85@group-1E88BD5F7B15-cacheEviction-AwaitToRun,5,main] started
2025-05-14 02:53:38,668 [f4f68937-1ce3-42e1-b3e7-547ae2d23d85-groupManagement] INFO  segmented.SegmentedRaftLogWorker (SegmentedRaftLogWorker.java:<init>(188)) - new f4f68937-1ce3-42e1-b3e7-547ae2d23d85@group-1E88BD5F7B15-SegmentedRaftLogWorker for RaftStorageImpl:Storage Directory /home/runner/work/ozone/ozone/hadoop-ozone/integration-test/target/test-dir/MiniOzoneClusterImpl-af940217-b311-440f-8e09-352fdf66236b/ozone-meta/datanode-7/ratis/8f0e4438-b77b-4b03-8cb4-1e88bd5f7b15
2025-05-14 02:53:38,668 [f4f68937-1ce3-42e1-b3e7-547ae2d23d85-groupManagement] INFO  server.RaftServerConfigKeys (ConfUtils.java:logGet(46)) - raft.server.log.queue.byte-limit = 4294967296 (custom)
2025-05-14 02:53:38,668 [f4f68937-1ce3-42e1-b3e7-547ae2d23d85-groupManagement] INFO  server.RaftServerConfigKeys (ConfUtils.java:logGet(46)) - raft.server.log.queue.element-limit = 1024 (custom)
2025-05-14 02:53:38,668 [f4f68937-1ce3-42e1-b3e7-547ae2d23d85-groupManagement] INFO  server.RaftServerConfigKeys (ConfUtils.java:logGet(46)) - raft.server.log.segment.size.max = 67108864 (custom)
2025-05-14 02:53:38,669 [f4f68937-1ce3-42e1-b3e7-547ae2d23d85-groupManagement] INFO  server.RaftServerConfigKeys (ConfUtils.java:logGet(46)) - raft.server.log.preallocated.size = 4194304 (custom)
2025-05-14 02:53:38,669 [f4f68937-1ce3-42e1-b3e7-547ae2d23d85-groupManagement] INFO  server.RaftServerConfigKeys (ConfUtils.java:logGet(46)) - raft.server.log.force.sync.num = 128 (default)
2025-05-14 02:53:38,669 [f4f68937-1ce3-42e1-b3e7-547ae2d23d85-groupManagement] INFO  server.RaftServerConfigKeys (ConfUtils.java:logGet(46)) - raft.server.log.statemachine.data.sync = true (default)
2025-05-14 02:53:38,669 [f4f68937-1ce3-42e1-b3e7-547ae2d23d85-groupManagement] INFO  server.RaftServerConfigKeys (ConfUtils.java:logGet(46)) - raft.server.log.statemachine.data.sync.timeout = 10s (default)
2025-05-14 02:53:38,669 [30ccf06d-ad3c-4fb0-87c5-f3e2916d12cb@group-04E3E0189C32-StateMachineUpdater] INFO  server.RaftServer$Division (LeaderStateImpl.java:checkStartIndex(313)) - Leader 30ccf06d-ad3c-4fb0-87c5-f3e2916d12cb@group-04E3E0189C32-LeaderStateImpl is ready since appliedIndex == startIndex == 0
2025-05-14 02:53:38,669 [30ccf06d-ad3c-4fb0-87c5-f3e2916d12cb@group-04E3E0189C32-StateMachineUpdater] INFO  ratis.ContainerStateMachine (ContainerStateMachine.java:takeSnapshot(427)) - group-04E3E0189C32: Taking a snapshot at:(t:1, i:0) file /home/runner/work/ozone/ozone/hadoop-ozone/integration-test/target/test-dir/MiniOzoneClusterImpl-af940217-b311-440f-8e09-352fdf66236b/ozone-meta/datanode-2/ratis/bbc5bd21-e187-4ee2-8987-04e3e0189c32/sm/snapshot.1_0
2025-05-14 02:53:38,669 [f4f68937-1ce3-42e1-b3e7-547ae2d23d85-groupManagement] INFO  server.RaftServerConfigKeys (ConfUtils.java:logGet(46)) - raft.server.log.statemachine.data.sync.timeout.retry = 30 (custom)
2025-05-14 02:53:38,670 [f4f68937-1ce3-42e1-b3e7-547ae2d23d85-groupManagement] INFO  server.RaftServerConfigKeys (ConfUtils.java:logGet(46)) - raft.server.log.write.buffer.size = 33554440 (custom)
2025-05-14 02:53:38,670 [30ccf06d-ad3c-4fb0-87c5-f3e2916d12cb@group-04E3E0189C32-StateMachineUpdater] INFO  ratis.ContainerStateMachine (ContainerStateMachine.java:takeSnapshot(436)) - group-04E3E0189C32: Finished taking a snapshot at:(t:1, i:0) file:/home/runner/work/ozone/ozone/hadoop-ozone/integration-test/target/test-dir/MiniOzoneClusterImpl-af940217-b311-440f-8e09-352fdf66236b/ozone-meta/datanode-2/ratis/bbc5bd21-e187-4ee2-8987-04e3e0189c32/sm/snapshot.1_0 took: 1 ms
2025-05-14 02:53:38,672 [30ccf06d-ad3c-4fb0-87c5-f3e2916d12cb@group-04E3E0189C32-StateMachineUpdater] INFO  impl.StateMachineUpdater (StateMachineUpdater.java:takeSnapshot(303)) - 30ccf06d-ad3c-4fb0-87c5-f3e2916d12cb@group-04E3E0189C32-StateMachineUpdater: Took a snapshot at index 0
2025-05-14 02:53:38,672 [30ccf06d-ad3c-4fb0-87c5-f3e2916d12cb@group-04E3E0189C32-StateMachineUpdater] INFO  impl.StateMachineUpdater (StateMachineUpdater.java:lambda$new$0(102)) - 30ccf06d-ad3c-4fb0-87c5-f3e2916d12cb@group-04E3E0189C32-StateMachineUpdater: snapshotIndex: updateIncreasingly -1 -> 0
2025-05-14 02:53:38,672 [EventQueue-PipelineReportForPipelineReportHandler] INFO  pipeline.PipelineReportHandler (PipelineReportHandler.java:processPipelineReport(134)) - Opened pipeline PipelineID=8f0e4438-b77b-4b03-8cb4-1e88bd5f7b15
2025-05-14 02:53:38,678 [f4f68937-1ce3-42e1-b3e7-547ae2d23d85-groupManagement] INFO  server.RaftServerConfigKeys (ConfUtils.java:logGet(46)) - raft.server.log.appender.buffer.byte-limit = 33554432 (custom)
2025-05-14 02:53:38,678 [f4f68937-1ce3-42e1-b3e7-547ae2d23d85-groupManagement] INFO  server.RaftServerConfigKeys (ConfUtils.java:logGet(46)) - raft.server.log.unsafe-flush.enabled = false (default)
2025-05-14 02:53:38,678 [f4f68937-1ce3-42e1-b3e7-547ae2d23d85-groupManagement] INFO  server.RaftServerConfigKeys (ConfUtils.java:logGet(46)) - raft.server.log.async-flush.enabled = false (default)
2025-05-14 02:53:38,678 [f4f68937-1ce3-42e1-b3e7-547ae2d23d85-groupManagement] INFO  server.RaftServerConfigKeys (ConfUtils.java:logGet(46)) - raft.server.log.statemachine.data.caching.enabled = true (custom)
2025-05-14 02:53:38,678 [f4f68937-1ce3-42e1-b3e7-547ae2d23d85-groupManagement] INFO  segmented.SegmentedRaftLogWorker (SegmentedRaftLogWorker.java:lambda$new$0(139)) - f4f68937-1ce3-42e1-b3e7-547ae2d23d85@group-1E88BD5F7B15-SegmentedRaftLogWorker: flushIndex: setUnconditionally 0 -> -1
2025-05-14 02:53:38,678 [f4f68937-1ce3-42e1-b3e7-547ae2d23d85-groupManagement] INFO  segmented.SegmentedRaftLogWorker (SegmentedRaftLogWorker.java:lambda$new$0(139)) - f4f68937-1ce3-42e1-b3e7-547ae2d23d85@group-1E88BD5F7B15-SegmentedRaftLogWorker: safeCacheEvictIndex: setUnconditionally 0 -> -1
2025-05-14 02:53:38,679 [f4f68937-1ce3-42e1-b3e7-547ae2d23d85-groupManagement] INFO  server.RaftServer$Division (RaftServerImpl.java:start(391)) - f4f68937-1ce3-42e1-b3e7-547ae2d23d85@group-1E88BD5F7B15: start as a follower, conf=conf: {index: -1, cur=peers:[f4f68937-1ce3-42e1-b3e7-547ae2d23d85|127.0.0.1:15063]|listeners:[], old=null}
2025-05-14 02:53:38,679 [f4f68937-1ce3-42e1-b3e7-547ae2d23d85-groupManagement] INFO  server.RaftServer$Division (RaftServerImpl.java:setRole(378)) - f4f68937-1ce3-42e1-b3e7-547ae2d23d85@group-1E88BD5F7B15: changes role from      null to FOLLOWER at term 0 for startAsFollower
2025-05-14 02:53:38,679 [f4f68937-1ce3-42e1-b3e7-547ae2d23d85-groupManagement] INFO  impl.RoleInfo (RoleInfo.java:updateAndGet(148)) - f4f68937-1ce3-42e1-b3e7-547ae2d23d85: start f4f68937-1ce3-42e1-b3e7-547ae2d23d85@group-1E88BD5F7B15-FollowerState
2025-05-14 02:53:38,679 [f4f68937-1ce3-42e1-b3e7-547ae2d23d85@group-1E88BD5F7B15-FollowerState] INFO  server.RaftServerConfigKeys (ConfUtils.java:logGet(46)) - raft.server.rpc.first-election.timeout.min = 1000ms (custom)
2025-05-14 02:53:38,679 [f4f68937-1ce3-42e1-b3e7-547ae2d23d85@group-1E88BD5F7B15-FollowerState] INFO  server.RaftServerConfigKeys (ConfUtils.java:logGet(46)) - raft.server.rpc.first-election.timeout.max = 1200ms (custom)
2025-05-14 02:53:38,680 [f4f68937-1ce3-42e1-b3e7-547ae2d23d85-groupManagement] INFO  util.JmxRegister (JmxRegister.java:tryRegister(44)) - Successfully registered JMX Bean with object name Ratis:service=RaftServer,group=group-1E88BD5F7B15,id=f4f68937-1ce3-42e1-b3e7-547ae2d23d85
2025-05-14 02:53:38,680 [f4f68937-1ce3-42e1-b3e7-547ae2d23d85-groupManagement] INFO  util.JmxRegister (JmxRegister.java:register(58)) - register mxBean class org.apache.ratis.server.impl.RaftServerJmxAdapter as Ratis:service=RaftServer,group=group-1E88BD5F7B15,id=f4f68937-1ce3-42e1-b3e7-547ae2d23d85
2025-05-14 02:53:38,680 [f4f68937-1ce3-42e1-b3e7-547ae2d23d85-groupManagement] INFO  server.RaftServerConfigKeys (ConfUtils.java:logGet(46)) - raft.server.snapshot.trigger-when-stop.enabled = true (default)
2025-05-14 02:53:38,680 [f4f68937-1ce3-42e1-b3e7-547ae2d23d85-groupManagement] INFO  server.RaftServerConfigKeys (ConfUtils.java:logGet(46)) - raft.server.snapshot.trigger-when-remove.enabled = true (default)
2025-05-14 02:53:38,680 [f4f68937-1ce3-42e1-b3e7-547ae2d23d85-groupManagement] INFO  server.RaftServerConfigKeys (ConfUtils.java:logGet(46)) - raft.server.snapshot.auto.trigger.enabled = true (custom)
2025-05-14 02:53:38,680 [f4f68937-1ce3-42e1-b3e7-547ae2d23d85-groupManagement] INFO  server.RaftServerConfigKeys (ConfUtils.java:logGet(46)) - raft.server.snapshot.auto.trigger.threshold = 1 (custom)
2025-05-14 02:53:38,680 [f4f68937-1ce3-42e1-b3e7-547ae2d23d85-groupManagement] INFO  server.RaftServerConfigKeys (ConfUtils.java:logGet(46)) - raft.server.snapshot.retention.file.num = 5 (custom)
2025-05-14 02:53:38,680 [f4f68937-1ce3-42e1-b3e7-547ae2d23d85-groupManagement] INFO  server.RaftServerConfigKeys (ConfUtils.java:logGet(46)) - raft.server.log.purge.upto.snapshot.index = false (default)
2025-05-14 02:53:38,681 [f4f68937-1ce3-42e1-b3e7-547ae2d23d85-groupManagement] INFO  server.RaftServer$Division (RaftServerImpl.java:start(405)) - f4f68937-1ce3-42e1-b3e7-547ae2d23d85@group-1E88BD5F7B15: Successfully started.
2025-05-14 02:53:38,681 [f4f68937-1ce3-42e1-b3e7-547ae2d23d85-PipelineCommandHandlerThread-0] INFO  ratis.XceiverServerRatis (XceiverServerRatis.java:addGroup(843)) - Created group PipelineID=8f0e4438-b77b-4b03-8cb4-1e88bd5f7b15
2025-05-14 02:53:38,681 [f4f68937-1ce3-42e1-b3e7-547ae2d23d85-PipelineCommandHandlerThread-0] INFO  commandhandler.CreatePipelineCommandHandler (CreatePipelineCommandHandler.java:lambda$handle$2(128)) - Created Pipeline RATIS ONE PipelineID=8f0e4438-b77b-4b03-8cb4-1e88bd5f7b15.
2025-05-14 02:53:38,682 [f4f68937-1ce3-42e1-b3e7-547ae2d23d85-PipelineCommandHandlerThread-0] INFO  server.RaftServer (RaftServerProxy.java:addNew(100)) - f4f68937-1ce3-42e1-b3e7-547ae2d23d85: addNew group-AFF22C375116:[f4f68937-1ce3-42e1-b3e7-547ae2d23d85|127.0.0.1:15063, 6338fc9c-a704-4fa0-9c76-ba0cbc116aba|127.0.0.1:15079, 8e51993b-4f71-45b0-84f2-cf37ffbd2099|127.0.0.1:15071] returns group-AFF22C375116:java.util.concurrent.CompletableFuture@76ebbbd2[Not completed]
2025-05-14 02:53:38,684 [f4f68937-1ce3-42e1-b3e7-547ae2d23d85-groupManagement] INFO  server.RaftServer$Division (RaftServerImpl.java:<init>(255)) - f4f68937-1ce3-42e1-b3e7-547ae2d23d85: new RaftServerImpl for group-AFF22C375116:[f4f68937-1ce3-42e1-b3e7-547ae2d23d85|127.0.0.1:15063, 6338fc9c-a704-4fa0-9c76-ba0cbc116aba|127.0.0.1:15079, 8e51993b-4f71-45b0-84f2-cf37ffbd2099|127.0.0.1:15071] with ContainerStateMachine:uninitialized
2025-05-14 02:53:38,684 [f4f68937-1ce3-42e1-b3e7-547ae2d23d85-groupManagement] INFO  server.RaftServerConfigKeys (ConfUtils.java:logGet(46)) - raft.server.rpc.timeout.min = 5s (custom)
2025-05-14 02:53:38,684 [f4f68937-1ce3-42e1-b3e7-547ae2d23d85-groupManagement] INFO  server.RaftServerConfigKeys (ConfUtils.java:logGet(46)) - raft.server.rpc.timeout.max = 5200ms (custom)
2025-05-14 02:53:38,685 [f4f68937-1ce3-42e1-b3e7-547ae2d23d85-groupManagement] INFO  server.RaftServerConfigKeys (ConfUtils.java:logGet(46)) - raft.server.rpc.sleep.time = 25ms (default)
2025-05-14 02:53:38,685 [f4f68937-1ce3-42e1-b3e7-547ae2d23d85-groupManagement] INFO  server.RaftServerConfigKeys (ConfUtils.java:logGet(46)) - raft.server.rpc.slowness.timeout = 300000ms (custom)
2025-05-14 02:53:38,685 [f4f68937-1ce3-42e1-b3e7-547ae2d23d85-groupManagement] INFO  server.RaftServerConfigKeys (ConfUtils.java:logGet(46)) - raft.server.leaderelection.leader.step-down.wait-time = 10s (default)
2025-05-14 02:53:38,685 [f4f68937-1ce3-42e1-b3e7-547ae2d23d85-groupManagement] INFO  server.RaftServerConfigKeys (ConfUtils.java:logGet(46)) - raft.server.leaderelection.member.majority-add = false (default)
2025-05-14 02:53:38,685 [f4f68937-1ce3-42e1-b3e7-547ae2d23d85-groupManagement] INFO  server.RaftServerConfigKeys (ConfUtils.java:logGet(46)) - raft.server.sleep.deviation.threshold = 300ms (default)
2025-05-14 02:53:38,686 [f4f68937-1ce3-42e1-b3e7-547ae2d23d85-groupManagement] INFO  server.RaftServer$Division (ServerState.java:<init>(114)) - f4f68937-1ce3-42e1-b3e7-547ae2d23d85@group-AFF22C375116: ConfigurationManager, init=conf: {index: -1, cur=peers:[f4f68937-1ce3-42e1-b3e7-547ae2d23d85|127.0.0.1:15063, 6338fc9c-a704-4fa0-9c76-ba0cbc116aba|127.0.0.1:15079, 8e51993b-4f71-45b0-84f2-cf37ffbd2099|127.0.0.1:15071]|listeners:[], old=null}, confs=<EMPTY_MAP>
2025-05-14 02:53:38,686 [f4f68937-1ce3-42e1-b3e7-547ae2d23d85-groupManagement] INFO  server.RaftServerConfigKeys (ConfUtils.java:logGet(46)) - raft.server.notification.no-leader.timeout = 300000ms (custom)
2025-05-14 02:53:38,686 [f4f68937-1ce3-42e1-b3e7-547ae2d23d85-groupManagement] INFO  server.RaftServerConfigKeys (ConfUtils.java:logGet(46)) - raft.server.read.timeout = 10s (default)
2025-05-14 02:53:38,686 [f4f68937-1ce3-42e1-b3e7-547ae2d23d85-groupManagement] INFO  server.RaftServerConfigKeys (ConfUtils.java:logGet(46)) - raft.server.retrycache.expirytime = 600000ms (custom)
2025-05-14 02:53:38,686 [f4f68937-1ce3-42e1-b3e7-547ae2d23d85-groupManagement] INFO  server.RaftServerConfigKeys (ConfUtils.java:logGet(46)) - raft.server.retrycache.statistics.expirytime = 100ms (default)
2025-05-14 02:53:38,686 [f4f68937-1ce3-42e1-b3e7-547ae2d23d85-groupManagement] INFO  server.RaftServerConfigKeys (ConfUtils.java:logGet(46)) - raft.server.read.option = DEFAULT (default)
2025-05-14 02:53:38,686 [f4f68937-1ce3-42e1-b3e7-547ae2d23d85-groupManagement] INFO  server.RaftServerConfigKeys (ConfUtils.java:logGet(46)) - raft.server.read.read-after-write-consistent.write-index-cache.expiry-time = 60s (default)
2025-05-14 02:53:38,695 [f4f68937-1ce3-42e1-b3e7-547ae2d23d85-groupManagement] INFO  server.RaftServerConfigKeys (ConfUtils.java:logGet(46)) - raft.server.rpc.request.timeout = 3000ms (default)
2025-05-14 02:53:38,695 [f4f68937-1ce3-42e1-b3e7-547ae2d23d85-groupManagement] INFO  server.RaftServerConfigKeys (ConfUtils.java:logGet(46)) - raft.server.log.appender.install.snapshot.enabled = false (custom)
2025-05-14 02:53:38,695 [f4f68937-1ce3-42e1-b3e7-547ae2d23d85-groupManagement] INFO  server.RaftServerConfigKeys (ConfUtils.java:logGet(46)) - raft.server.threadpool.server.cached = true (default)
2025-05-14 02:53:38,695 [f4f68937-1ce3-42e1-b3e7-547ae2d23d85-groupManagement] INFO  server.RaftServerConfigKeys (ConfUtils.java:logGet(46)) - raft.server.threadpool.server.size = 0 (default)
2025-05-14 02:53:38,695 [f4f68937-1ce3-42e1-b3e7-547ae2d23d85-groupManagement] INFO  server.RaftServerConfigKeys (ConfUtils.java:logGet(46)) - raft.server.threadpool.client.cached = true (default)
2025-05-14 02:53:38,695 [f4f68937-1ce3-42e1-b3e7-547ae2d23d85-groupManagement] INFO  server.RaftServerConfigKeys (ConfUtils.java:logGet(46)) - raft.server.threadpool.client.size = 0 (default)
2025-05-14 02:53:38,696 [f4f68937-1ce3-42e1-b3e7-547ae2d23d85-groupManagement] INFO  server.RaftServerConfigKeys (ConfUtils.java:logGet(46)) - raft.server.storage.free-space.min = 0MB (=0) (default)
2025-05-14 02:53:38,696 [f4f68937-1ce3-42e1-b3e7-547ae2d23d85-groupManagement] INFO  server.RaftServerConfigKeys (ConfUtils.java:logGet(46)) - raft.server.log.corruption.policy = EXCEPTION (default)
2025-05-14 02:53:38,696 [f4f68937-1ce3-42e1-b3e7-547ae2d23d85-groupManagement] INFO  server.RaftServerConfigKeys (ConfUtils.java:logGet(46)) - raft.server.storage.dir = [/home/runner/work/ozone/ozone/hadoop-ozone/integration-test/target/test-dir/MiniOzoneClusterImpl-af940217-b311-440f-8e09-352fdf66236b/ozone-meta/datanode-7/ratis] (custom)
2025-05-14 02:53:38,696 [f4f68937-1ce3-42e1-b3e7-547ae2d23d85-groupManagement] INFO  storage.RaftStorageDirectory (RaftStorageDirectoryImpl.java:analyzeStorage(138)) - The storage directory /home/runner/work/ozone/ozone/hadoop-ozone/integration-test/target/test-dir/MiniOzoneClusterImpl-af940217-b311-440f-8e09-352fdf66236b/ozone-meta/datanode-7/ratis/04f6c6c3-d74d-4db8-823f-aff22c375116 does not exist. Creating ...
2025-05-14 02:53:38,698 [f4f68937-1ce3-42e1-b3e7-547ae2d23d85-groupManagement] INFO  storage.RaftStorageDirectory (RaftStorageDirectoryImpl.java:tryLock(229)) - Lock on /home/runner/work/ozone/ozone/hadoop-ozone/integration-test/target/test-dir/MiniOzoneClusterImpl-af940217-b311-440f-8e09-352fdf66236b/ozone-meta/datanode-7/ratis/04f6c6c3-d74d-4db8-823f-aff22c375116/in_use.lock acquired by nodename 34763@localhost
2025-05-14 02:53:38,700 [f4f68937-1ce3-42e1-b3e7-547ae2d23d85-groupManagement] INFO  storage.RaftStorage (RaftStorageImpl.java:format(98)) - Storage directory /home/runner/work/ozone/ozone/hadoop-ozone/integration-test/target/test-dir/MiniOzoneClusterImpl-af940217-b311-440f-8e09-352fdf66236b/ozone-meta/datanode-7/ratis/04f6c6c3-d74d-4db8-823f-aff22c375116 has been successfully formatted.
2025-05-14 02:53:38,701 [f4f68937-1ce3-42e1-b3e7-547ae2d23d85-groupManagement] INFO  ratis.ContainerStateMachine (ContainerStateMachine.java:initialize(339)) - f4f68937-1ce3-42e1-b3e7-547ae2d23d85: initialize group-AFF22C375116
2025-05-14 02:53:38,701 [f4f68937-1ce3-42e1-b3e7-547ae2d23d85-groupManagement] INFO  ratis.ContainerStateMachine (ContainerStateMachine.java:loadSnapshot(347)) - group-AFF22C375116: The snapshot info is null. Setting the last applied index to:(t:0, i:~)
2025-05-14 02:53:38,701 [f4f68937-1ce3-42e1-b3e7-547ae2d23d85-groupManagement] INFO  server.RaftServerConfigKeys (ConfUtils.java:logGet(46)) - raft.server.log.use.memory = false (default)
2025-05-14 02:53:38,701 [f4f68937-1ce3-42e1-b3e7-547ae2d23d85-groupManagement] INFO  server.RaftServerConfigKeys (ConfUtils.java:logGet(46)) - raft.server.log.purge.gap = 1000000 (custom)
2025-05-14 02:53:38,701 [f4f68937-1ce3-42e1-b3e7-547ae2d23d85-groupManagement] INFO  server.RaftServerConfigKeys (ConfUtils.java:logGet(46)) - raft.server.log.appender.buffer.byte-limit = 33554432 (custom)
2025-05-14 02:53:38,701 [f4f68937-1ce3-42e1-b3e7-547ae2d23d85-groupManagement] INFO  server.RaftServerConfigKeys (ConfUtils.java:logGet(46)) - raft.server.log.statemachine.data.read.timeout = 1000ms (default)
2025-05-14 02:53:38,701 [f4f68937-1ce3-42e1-b3e7-547ae2d23d85-groupManagement] INFO  server.RaftServerConfigKeys (ConfUtils.java:logGet(46)) - raft.server.log.purge.preservation.log.num = 0 (default)
2025-05-14 02:53:38,705 [f4f68937-1ce3-42e1-b3e7-547ae2d23d85-groupManagement] INFO  server.RaftServerConfigKeys (ConfUtils.java:logGet(46)) - raft.server.log.segment.size.max = 67108864 (custom)
2025-05-14 02:53:38,705 [f4f68937-1ce3-42e1-b3e7-547ae2d23d85-groupManagement] INFO  server.RaftServerConfigKeys (ConfUtils.java:logGet(46)) - raft.server.log.segment.cache.num.max = 2 (custom)
2025-05-14 02:53:38,705 [f4f68937-1ce3-42e1-b3e7-547ae2d23d85-groupManagement] INFO  server.RaftServerConfigKeys (ConfUtils.java:logGet(46)) - raft.server.log.segment.cache.size.max = 200MB (=209715200) (default)
2025-05-14 02:53:38,706 [f4f68937-1ce3-42e1-b3e7-547ae2d23d85-groupManagement] INFO  server.RaftServerConfigKeys (ConfUtils.java:logGet(46)) - raft.server.log.appender.buffer.byte-limit = 33554432 (custom)
2025-05-14 02:53:38,707 [f4f68937-1ce3-42e1-b3e7-547ae2d23d85-groupManagement] INFO  util.AwaitToRun (AwaitToRun.java:start(81)) - Thread[#1350,f4f68937-1ce3-42e1-b3e7-547ae2d23d85@group-AFF22C375116-cacheEviction-AwaitToRun,5,main] started
2025-05-14 02:53:38,708 [f4f68937-1ce3-42e1-b3e7-547ae2d23d85-groupManagement] INFO  segmented.SegmentedRaftLogWorker (SegmentedRaftLogWorker.java:<init>(188)) - new f4f68937-1ce3-42e1-b3e7-547ae2d23d85@group-AFF22C375116-SegmentedRaftLogWorker for RaftStorageImpl:Storage Directory /home/runner/work/ozone/ozone/hadoop-ozone/integration-test/target/test-dir/MiniOzoneClusterImpl-af940217-b311-440f-8e09-352fdf66236b/ozone-meta/datanode-7/ratis/04f6c6c3-d74d-4db8-823f-aff22c375116
2025-05-14 02:53:38,708 [f4f68937-1ce3-42e1-b3e7-547ae2d23d85-groupManagement] INFO  server.RaftServerConfigKeys (ConfUtils.java:logGet(46)) - raft.server.log.queue.byte-limit = 4294967296 (custom)
2025-05-14 02:53:38,708 [f4f68937-1ce3-42e1-b3e7-547ae2d23d85-groupManagement] INFO  server.RaftServerConfigKeys (ConfUtils.java:logGet(46)) - raft.server.log.queue.element-limit = 1024 (custom)
2025-05-14 02:53:38,708 [f4f68937-1ce3-42e1-b3e7-547ae2d23d85-groupManagement] INFO  server.RaftServerConfigKeys (ConfUtils.java:logGet(46)) - raft.server.log.segment.size.max = 67108864 (custom)
2025-05-14 02:53:38,708 [f4f68937-1ce3-42e1-b3e7-547ae2d23d85-groupManagement] INFO  server.RaftServerConfigKeys (ConfUtils.java:logGet(46)) - raft.server.log.preallocated.size = 4194304 (custom)
2025-05-14 02:53:38,708 [f4f68937-1ce3-42e1-b3e7-547ae2d23d85-groupManagement] INFO  server.RaftServerConfigKeys (ConfUtils.java:logGet(46)) - raft.server.log.force.sync.num = 128 (default)
2025-05-14 02:53:38,708 [f4f68937-1ce3-42e1-b3e7-547ae2d23d85-groupManagement] INFO  server.RaftServerConfigKeys (ConfUtils.java:logGet(46)) - raft.server.log.statemachine.data.sync = true (default)
2025-05-14 02:53:38,708 [f4f68937-1ce3-42e1-b3e7-547ae2d23d85-groupManagement] INFO  server.RaftServerConfigKeys (ConfUtils.java:logGet(46)) - raft.server.log.statemachine.data.sync.timeout = 10s (default)
2025-05-14 02:53:38,708 [f4f68937-1ce3-42e1-b3e7-547ae2d23d85-groupManagement] INFO  server.RaftServerConfigKeys (ConfUtils.java:logGet(46)) - raft.server.log.statemachine.data.sync.timeout.retry = 30 (custom)
2025-05-14 02:53:38,710 [f4f68937-1ce3-42e1-b3e7-547ae2d23d85-groupManagement] INFO  server.RaftServerConfigKeys (ConfUtils.java:logGet(46)) - raft.server.log.write.buffer.size = 33554440 (custom)
2025-05-14 02:53:38,718 [f4f68937-1ce3-42e1-b3e7-547ae2d23d85-groupManagement] INFO  server.RaftServerConfigKeys (ConfUtils.java:logGet(46)) - raft.server.log.appender.buffer.byte-limit = 33554432 (custom)
2025-05-14 02:53:38,718 [f4f68937-1ce3-42e1-b3e7-547ae2d23d85-groupManagement] INFO  server.RaftServerConfigKeys (ConfUtils.java:logGet(46)) - raft.server.log.unsafe-flush.enabled = false (default)
2025-05-14 02:53:38,719 [f4f68937-1ce3-42e1-b3e7-547ae2d23d85-groupManagement] INFO  server.RaftServerConfigKeys (ConfUtils.java:logGet(46)) - raft.server.log.async-flush.enabled = false (default)
2025-05-14 02:53:38,719 [f4f68937-1ce3-42e1-b3e7-547ae2d23d85-groupManagement] INFO  server.RaftServerConfigKeys (ConfUtils.java:logGet(46)) - raft.server.log.statemachine.data.caching.enabled = true (custom)
2025-05-14 02:53:38,719 [f4f68937-1ce3-42e1-b3e7-547ae2d23d85-groupManagement] INFO  segmented.SegmentedRaftLogWorker (SegmentedRaftLogWorker.java:lambda$new$0(139)) - f4f68937-1ce3-42e1-b3e7-547ae2d23d85@group-AFF22C375116-SegmentedRaftLogWorker: flushIndex: setUnconditionally 0 -> -1
2025-05-14 02:53:38,719 [f4f68937-1ce3-42e1-b3e7-547ae2d23d85-groupManagement] INFO  segmented.SegmentedRaftLogWorker (SegmentedRaftLogWorker.java:lambda$new$0(139)) - f4f68937-1ce3-42e1-b3e7-547ae2d23d85@group-AFF22C375116-SegmentedRaftLogWorker: safeCacheEvictIndex: setUnconditionally 0 -> -1
2025-05-14 02:53:38,721 [f4f68937-1ce3-42e1-b3e7-547ae2d23d85-groupManagement] INFO  server.RaftServer$Division (RaftServerImpl.java:start(391)) - f4f68937-1ce3-42e1-b3e7-547ae2d23d85@group-AFF22C375116: start as a follower, conf=conf: {index: -1, cur=peers:[f4f68937-1ce3-42e1-b3e7-547ae2d23d85|127.0.0.1:15063, 6338fc9c-a704-4fa0-9c76-ba0cbc116aba|127.0.0.1:15079, 8e51993b-4f71-45b0-84f2-cf37ffbd2099|127.0.0.1:15071]|listeners:[], old=null}
2025-05-14 02:53:38,721 [f4f68937-1ce3-42e1-b3e7-547ae2d23d85-groupManagement] INFO  server.RaftServer$Division (RaftServerImpl.java:setRole(378)) - f4f68937-1ce3-42e1-b3e7-547ae2d23d85@group-AFF22C375116: changes role from      null to FOLLOWER at term 0 for startAsFollower
2025-05-14 02:53:38,721 [f4f68937-1ce3-42e1-b3e7-547ae2d23d85-groupManagement] INFO  impl.RoleInfo (RoleInfo.java:updateAndGet(148)) - f4f68937-1ce3-42e1-b3e7-547ae2d23d85: start f4f68937-1ce3-42e1-b3e7-547ae2d23d85@group-AFF22C375116-FollowerState
2025-05-14 02:53:38,722 [f4f68937-1ce3-42e1-b3e7-547ae2d23d85-groupManagement] INFO  util.JmxRegister (JmxRegister.java:tryRegister(44)) - Successfully registered JMX Bean with object name Ratis:service=RaftServer,group=group-AFF22C375116,id=f4f68937-1ce3-42e1-b3e7-547ae2d23d85
2025-05-14 02:53:38,722 [f4f68937-1ce3-42e1-b3e7-547ae2d23d85-groupManagement] INFO  util.JmxRegister (JmxRegister.java:register(58)) - register mxBean class org.apache.ratis.server.impl.RaftServerJmxAdapter as Ratis:service=RaftServer,group=group-AFF22C375116,id=f4f68937-1ce3-42e1-b3e7-547ae2d23d85
2025-05-14 02:53:38,722 [f4f68937-1ce3-42e1-b3e7-547ae2d23d85-groupManagement] INFO  server.RaftServerConfigKeys (ConfUtils.java:logGet(46)) - raft.server.snapshot.trigger-when-stop.enabled = true (default)
2025-05-14 02:53:38,722 [f4f68937-1ce3-42e1-b3e7-547ae2d23d85-groupManagement] INFO  server.RaftServerConfigKeys (ConfUtils.java:logGet(46)) - raft.server.snapshot.trigger-when-remove.enabled = true (default)
2025-05-14 02:53:38,722 [f4f68937-1ce3-42e1-b3e7-547ae2d23d85-groupManagement] INFO  server.RaftServerConfigKeys (ConfUtils.java:logGet(46)) - raft.server.snapshot.auto.trigger.enabled = true (custom)
2025-05-14 02:53:38,723 [f4f68937-1ce3-42e1-b3e7-547ae2d23d85@group-AFF22C375116-FollowerState] INFO  server.RaftServerConfigKeys (ConfUtils.java:logGet(46)) - raft.server.rpc.first-election.timeout.min = 1000ms (custom)
2025-05-14 02:53:38,723 [f4f68937-1ce3-42e1-b3e7-547ae2d23d85@group-AFF22C375116-FollowerState] INFO  server.RaftServerConfigKeys (ConfUtils.java:logGet(46)) - raft.server.rpc.first-election.timeout.max = 1200ms (custom)
2025-05-14 02:53:38,723 [f4f68937-1ce3-42e1-b3e7-547ae2d23d85-groupManagement] INFO  server.RaftServerConfigKeys (ConfUtils.java:logGet(46)) - raft.server.snapshot.auto.trigger.threshold = 1 (custom)
2025-05-14 02:53:38,724 [f4f68937-1ce3-42e1-b3e7-547ae2d23d85-groupManagement] INFO  server.RaftServerConfigKeys (ConfUtils.java:logGet(46)) - raft.server.snapshot.retention.file.num = 5 (custom)
2025-05-14 02:53:38,724 [f4f68937-1ce3-42e1-b3e7-547ae2d23d85-groupManagement] INFO  server.RaftServerConfigKeys (ConfUtils.java:logGet(46)) - raft.server.log.purge.upto.snapshot.index = false (default)
2025-05-14 02:53:38,725 [f4f68937-1ce3-42e1-b3e7-547ae2d23d85-groupManagement] INFO  server.RaftServer$Division (RaftServerImpl.java:start(405)) - f4f68937-1ce3-42e1-b3e7-547ae2d23d85@group-AFF22C375116: Successfully started.
2025-05-14 02:53:38,726 [f4f68937-1ce3-42e1-b3e7-547ae2d23d85-PipelineCommandHandlerThread-0] INFO  ratis.XceiverServerRatis (XceiverServerRatis.java:addGroup(843)) - Created group PipelineID=04f6c6c3-d74d-4db8-823f-aff22c375116
2025-05-14 02:53:38,732 [0e2e4ad1-578a-45fc-a8c2-41affcffb7b9@group-EAA30EC3C5AA-FollowerState] INFO  impl.FollowerState (FollowerState.java:runImpl(161)) - 0e2e4ad1-578a-45fc-a8c2-41affcffb7b9@group-EAA30EC3C5AA-FollowerState: change to CANDIDATE, lastRpcElapsedTime:1045241346ns, electionTimeout:1043ms
2025-05-14 02:53:38,751 [0e2e4ad1-578a-45fc-a8c2-41affcffb7b9@group-EAA30EC3C5AA-FollowerState] INFO  impl.RoleInfo (RoleInfo.java:shutdownFollowerState(121)) - 0e2e4ad1-578a-45fc-a8c2-41affcffb7b9: shutdown 0e2e4ad1-578a-45fc-a8c2-41affcffb7b9@group-EAA30EC3C5AA-FollowerState
2025-05-14 02:53:38,751 [0e2e4ad1-578a-45fc-a8c2-41affcffb7b9@group-EAA30EC3C5AA-FollowerState] INFO  server.RaftServer$Division (RaftServerImpl.java:setRole(378)) - 0e2e4ad1-578a-45fc-a8c2-41affcffb7b9@group-EAA30EC3C5AA: changes role from  FOLLOWER to CANDIDATE at term 0 for changeToCandidate
2025-05-14 02:53:38,752 [0e2e4ad1-578a-45fc-a8c2-41affcffb7b9@group-EAA30EC3C5AA-FollowerState] INFO  server.RaftServerConfigKeys (ConfUtils.java:logGet(46)) - raft.server.leaderelection.pre-vote = true (default)
2025-05-14 02:53:38,752 [0e2e4ad1-578a-45fc-a8c2-41affcffb7b9@group-EAA30EC3C5AA-FollowerState] INFO  impl.RoleInfo (RoleInfo.java:updateAndGet(148)) - 0e2e4ad1-578a-45fc-a8c2-41affcffb7b9: start 0e2e4ad1-578a-45fc-a8c2-41affcffb7b9@group-EAA30EC3C5AA-LeaderElection9
2025-05-14 02:53:38,753 [0e2e4ad1-578a-45fc-a8c2-41affcffb7b9@group-EAA30EC3C5AA-LeaderElection9] INFO  impl.LeaderElection (LeaderElection.java:askForVotes(332)) - 0e2e4ad1-578a-45fc-a8c2-41affcffb7b9@group-EAA30EC3C5AA-LeaderElection9 PRE_VOTE round 0: submit vote requests at term 0 for conf: {index: -1, cur=peers:[0e2e4ad1-578a-45fc-a8c2-41affcffb7b9|127.0.0.1:15031]|listeners:[], old=null}
2025-05-14 02:53:38,754 [0e2e4ad1-578a-45fc-a8c2-41affcffb7b9@group-EAA30EC3C5AA-LeaderElection9] INFO  impl.LeaderElection (LeaderElection.java:askForVotes(334)) - 0e2e4ad1-578a-45fc-a8c2-41affcffb7b9@group-EAA30EC3C5AA-LeaderElection9 PRE_VOTE round 0: result PASSED (term=0)
2025-05-14 02:53:38,759 [0e2e4ad1-578a-45fc-a8c2-41affcffb7b9@group-EAA30EC3C5AA-LeaderElection9] INFO  impl.LeaderElection (LeaderElection.java:askForVotes(332)) - 0e2e4ad1-578a-45fc-a8c2-41affcffb7b9@group-EAA30EC3C5AA-LeaderElection9 ELECTION round 0: submit vote requests at term 1 for conf: {index: -1, cur=peers:[0e2e4ad1-578a-45fc-a8c2-41affcffb7b9|127.0.0.1:15031]|listeners:[], old=null}
2025-05-14 02:53:38,759 [0e2e4ad1-578a-45fc-a8c2-41affcffb7b9@group-EAA30EC3C5AA-LeaderElection9] INFO  impl.LeaderElection (LeaderElection.java:askForVotes(334)) - 0e2e4ad1-578a-45fc-a8c2-41affcffb7b9@group-EAA30EC3C5AA-LeaderElection9 ELECTION round 0: result PASSED (term=1)
2025-05-14 02:53:38,759 [0e2e4ad1-578a-45fc-a8c2-41affcffb7b9@group-EAA30EC3C5AA-LeaderElection9] INFO  impl.RoleInfo (RoleInfo.java:shutdownLeaderElection(141)) - 0e2e4ad1-578a-45fc-a8c2-41affcffb7b9: shutdown 0e2e4ad1-578a-45fc-a8c2-41affcffb7b9@group-EAA30EC3C5AA-LeaderElection9
2025-05-14 02:53:38,759 [0e2e4ad1-578a-45fc-a8c2-41affcffb7b9@group-EAA30EC3C5AA-LeaderElection9] INFO  server.RaftServer$Division (RaftServerImpl.java:setRole(378)) - 0e2e4ad1-578a-45fc-a8c2-41affcffb7b9@group-EAA30EC3C5AA: changes role from CANDIDATE to LEADER at term 1 for changeToLeader
2025-05-14 02:53:38,759 [0e2e4ad1-578a-45fc-a8c2-41affcffb7b9@group-EAA30EC3C5AA-LeaderElection9] INFO  server.RaftServerConfigKeys (ConfUtils.java:logGet(46)) - raft.server.staging.catchup.gap = 1000 (default)
2025-05-14 02:53:38,759 [0e2e4ad1-578a-45fc-a8c2-41affcffb7b9@group-EAA30EC3C5AA-LeaderElection9] INFO  server.RaftServerConfigKeys (ConfUtils.java:logGet(46)) - raft.server.write.element-limit = 1024 (custom)
2025-05-14 02:53:38,759 [0e2e4ad1-578a-45fc-a8c2-41affcffb7b9@group-EAA30EC3C5AA-LeaderElection9] INFO  server.RaftServerConfigKeys (ConfUtils.java:logGet(46)) - raft.server.write.byte-limit = 1024 M (=1073741824) (custom)
2025-05-14 02:53:38,760 [0e2e4ad1-578a-45fc-a8c2-41affcffb7b9@group-EAA30EC3C5AA-LeaderElection9] INFO  server.RaftServerConfigKeys (ConfUtils.java:logGet(46)) - raft.server.watch.timeout = 10000ms (default)
2025-05-14 02:53:38,760 [0e2e4ad1-578a-45fc-a8c2-41affcffb7b9@group-EAA30EC3C5AA-LeaderElection9] INFO  server.RaftServerConfigKeys (ConfUtils.java:logGet(46)) - raft.server.watch.timeout.denomination = 1s (default)
2025-05-14 02:53:38,760 [0e2e4ad1-578a-45fc-a8c2-41affcffb7b9@group-EAA30EC3C5AA-LeaderElection9] INFO  server.RaftServerConfigKeys (ConfUtils.java:logGet(46)) - raft.server.watch.element-limit = 65536 (default)
2025-05-14 02:53:38,760 [0e2e4ad1-578a-45fc-a8c2-41affcffb7b9@group-EAA30EC3C5AA-LeaderElection9] INFO  server.RaftServerConfigKeys (ConfUtils.java:logGet(46)) - raft.server.read.leader.lease.enabled = false (default)
2025-05-14 02:53:38,760 [0e2e4ad1-578a-45fc-a8c2-41affcffb7b9@group-EAA30EC3C5AA-LeaderElection9] INFO  server.RaftServerConfigKeys (ConfUtils.java:logGet(46)) - raft.server.read.leader.lease.timeout.ratio = 0.9 (default)
2025-05-14 02:53:38,760 [0e2e4ad1-578a-45fc-a8c2-41affcffb7b9@group-EAA30EC3C5AA-LeaderElection9] INFO  server.RaftServerConfigKeys (ConfUtils.java:logGet(46)) - raft.server.rpc.timeout.min = 5s (custom)
2025-05-14 02:53:38,761 [0e2e4ad1-578a-45fc-a8c2-41affcffb7b9@group-EAA30EC3C5AA-LeaderElection9] INFO  server.RaftServerConfigKeys (ConfUtils.java:logGet(46)) - raft.server.log.log-metadata.enabled = true (default)
2025-05-14 02:53:38,761 [0e2e4ad1-578a-45fc-a8c2-41affcffb7b9@group-EAA30EC3C5AA-LeaderElection9] INFO  server.RaftServerConfigKeys (ConfUtils.java:logGet(46)) - raft.server.write.element-limit = 1024 (custom)
2025-05-14 02:53:38,761 [0e2e4ad1-578a-45fc-a8c2-41affcffb7b9@group-EAA30EC3C5AA-LeaderElection9] INFO  server.RaftServerConfigKeys (ConfUtils.java:logGet(46)) - raft.server.write.follower.gap.ratio.max = -1.0 (default)
2025-05-14 02:53:38,761 [0e2e4ad1-578a-45fc-a8c2-41affcffb7b9@group-EAA30EC3C5AA-LeaderElection9] INFO  impl.RoleInfo (RoleInfo.java:updateAndGet(148)) - 0e2e4ad1-578a-45fc-a8c2-41affcffb7b9: start 0e2e4ad1-578a-45fc-a8c2-41affcffb7b9@group-EAA30EC3C5AA-LeaderStateImpl
2025-05-14 02:53:38,761 [0e2e4ad1-578a-45fc-a8c2-41affcffb7b9@group-EAA30EC3C5AA-LeaderElection9] INFO  server.RaftServer$Division (RaftServerImpl.java:setFirstElection(562)) - 0e2e4ad1-578a-45fc-a8c2-41affcffb7b9@group-EAA30EC3C5AA: set firstElectionSinceStartup to false for becomeLeader
2025-05-14 02:53:38,761 [0e2e4ad1-578a-45fc-a8c2-41affcffb7b9@group-EAA30EC3C5AA-LeaderElection9] INFO  ratis.XceiverServerRatis (XceiverServerRatis.java:handleLeaderChangedNotification(944)) - Leader change notification received for group: group-EAA30EC3C5AA with new leaderId: 0e2e4ad1-578a-45fc-a8c2-41affcffb7b9
2025-05-14 02:53:38,765 [grpc-default-executor-1] INFO  server.RaftServer (RaftServerProxy.java:addNew(100)) - 8e51993b-4f71-45b0-84f2-cf37ffbd2099: addNew group-AFF22C375116:[f4f68937-1ce3-42e1-b3e7-547ae2d23d85|127.0.0.1:15063, 6338fc9c-a704-4fa0-9c76-ba0cbc116aba|127.0.0.1:15079, 8e51993b-4f71-45b0-84f2-cf37ffbd2099|127.0.0.1:15071] returns group-AFF22C375116:java.util.concurrent.CompletableFuture@c9a0fbc[Not completed]
2025-05-14 02:53:38,765 [0e2e4ad1-578a-45fc-a8c2-41affcffb7b9@group-EAA30EC3C5AA-LeaderElection9] INFO  server.RaftServer$Division (ServerState.java:setLeader(272)) - 0e2e4ad1-578a-45fc-a8c2-41affcffb7b9@group-EAA30EC3C5AA: change Leader from null to 0e2e4ad1-578a-45fc-a8c2-41affcffb7b9 at term 1 for becomeLeader, leader elected after 1099ms
2025-05-14 02:53:38,765 [0e2e4ad1-578a-45fc-a8c2-41affcffb7b9@group-EAA30EC3C5AA-LeaderElection9] INFO  segmented.SegmentedRaftLogWorker (SegmentedRaftLogWorker.java:startLogSegment(438)) - 0e2e4ad1-578a-45fc-a8c2-41affcffb7b9@group-EAA30EC3C5AA-SegmentedRaftLogWorker: Starting segment from index:0
2025-05-14 02:53:38,765 [0e2e4ad1-578a-45fc-a8c2-41affcffb7b9@group-EAA30EC3C5AA-LeaderElection9] INFO  server.RaftServer$Division (ServerState.java:setRaftConf(386)) - 0e2e4ad1-578a-45fc-a8c2-41affcffb7b9@group-EAA30EC3C5AA: set configuration conf: {index: 0, cur=peers:[0e2e4ad1-578a-45fc-a8c2-41affcffb7b9|127.0.0.1:15031]|listeners:[], old=null}
2025-05-14 02:53:38,767 [8e51993b-4f71-45b0-84f2-cf37ffbd2099-groupManagement] INFO  server.RaftServer$Division (RaftServerImpl.java:<init>(255)) - 8e51993b-4f71-45b0-84f2-cf37ffbd2099: new RaftServerImpl for group-AFF22C375116:[f4f68937-1ce3-42e1-b3e7-547ae2d23d85|127.0.0.1:15063, 6338fc9c-a704-4fa0-9c76-ba0cbc116aba|127.0.0.1:15079, 8e51993b-4f71-45b0-84f2-cf37ffbd2099|127.0.0.1:15071] with ContainerStateMachine:uninitialized
2025-05-14 02:53:38,767 [8e51993b-4f71-45b0-84f2-cf37ffbd2099-groupManagement] INFO  server.RaftServerConfigKeys (ConfUtils.java:logGet(46)) - raft.server.rpc.timeout.min = 5s (custom)
2025-05-14 02:53:38,767 [8e51993b-4f71-45b0-84f2-cf37ffbd2099-groupManagement] INFO  server.RaftServerConfigKeys (ConfUtils.java:logGet(46)) - raft.server.rpc.timeout.max = 5200ms (custom)
2025-05-14 02:53:38,767 [8e51993b-4f71-45b0-84f2-cf37ffbd2099-groupManagement] INFO  server.RaftServerConfigKeys (ConfUtils.java:logGet(46)) - raft.server.rpc.sleep.time = 25ms (default)
2025-05-14 02:53:38,767 [8e51993b-4f71-45b0-84f2-cf37ffbd2099-groupManagement] INFO  server.RaftServerConfigKeys (ConfUtils.java:logGet(46)) - raft.server.rpc.slowness.timeout = 300000ms (custom)
2025-05-14 02:53:38,767 [8e51993b-4f71-45b0-84f2-cf37ffbd2099-groupManagement] INFO  server.RaftServerConfigKeys (ConfUtils.java:logGet(46)) - raft.server.leaderelection.leader.step-down.wait-time = 10s (default)
2025-05-14 02:53:38,767 [8e51993b-4f71-45b0-84f2-cf37ffbd2099-groupManagement] INFO  server.RaftServerConfigKeys (ConfUtils.java:logGet(46)) - raft.server.leaderelection.member.majority-add = false (default)
2025-05-14 02:53:38,767 [8e51993b-4f71-45b0-84f2-cf37ffbd2099-groupManagement] INFO  server.RaftServerConfigKeys (ConfUtils.java:logGet(46)) - raft.server.sleep.deviation.threshold = 300ms (default)
2025-05-14 02:53:38,767 [8e51993b-4f71-45b0-84f2-cf37ffbd2099-groupManagement] INFO  server.RaftServer$Division (ServerState.java:<init>(114)) - 8e51993b-4f71-45b0-84f2-cf37ffbd2099@group-AFF22C375116: ConfigurationManager, init=conf: {index: -1, cur=peers:[f4f68937-1ce3-42e1-b3e7-547ae2d23d85|127.0.0.1:15063, 6338fc9c-a704-4fa0-9c76-ba0cbc116aba|127.0.0.1:15079, 8e51993b-4f71-45b0-84f2-cf37ffbd2099|127.0.0.1:15071]|listeners:[], old=null}, confs=<EMPTY_MAP>
2025-05-14 02:53:38,767 [8e51993b-4f71-45b0-84f2-cf37ffbd2099-groupManagement] INFO  server.RaftServerConfigKeys (ConfUtils.java:logGet(46)) - raft.server.notification.no-leader.timeout = 300000ms (custom)
2025-05-14 02:53:38,767 [8e51993b-4f71-45b0-84f2-cf37ffbd2099-groupManagement] INFO  server.RaftServerConfigKeys (ConfUtils.java:logGet(46)) - raft.server.read.timeout = 10s (default)
2025-05-14 02:53:38,767 [8e51993b-4f71-45b0-84f2-cf37ffbd2099-groupManagement] INFO  server.RaftServerConfigKeys (ConfUtils.java:logGet(46)) - raft.server.retrycache.expirytime = 600000ms (custom)
2025-05-14 02:53:38,767 [8e51993b-4f71-45b0-84f2-cf37ffbd2099-groupManagement] INFO  server.RaftServerConfigKeys (ConfUtils.java:logGet(46)) - raft.server.retrycache.statistics.expirytime = 100ms (default)
2025-05-14 02:53:38,769 [0e2e4ad1-578a-45fc-a8c2-41affcffb7b9@group-EAA30EC3C5AA-SegmentedRaftLogWorker] INFO  segmented.BufferedWriteChannel (BufferedWriteChannel.java:open(61)) - open log_inprogress_0 at position 0
2025-05-14 02:53:38,774 [8e51993b-4f71-45b0-84f2-cf37ffbd2099-groupManagement] INFO  server.RaftServerConfigKeys (ConfUtils.java:logGet(46)) - raft.server.read.option = DEFAULT (default)
2025-05-14 02:53:38,775 [8e51993b-4f71-45b0-84f2-cf37ffbd2099-groupManagement] INFO  server.RaftServerConfigKeys (ConfUtils.java:logGet(46)) - raft.server.read.read-after-write-consistent.write-index-cache.expiry-time = 60s (default)
2025-05-14 02:53:38,779 [0e2e4ad1-578a-45fc-a8c2-41affcffb7b9@group-EAA30EC3C5AA-SegmentedRaftLogWorker] INFO  segmented.SegmentedRaftLogWorker (SegmentedRaftLogWorker.java:execute(644)) - 0e2e4ad1-578a-45fc-a8c2-41affcffb7b9@group-EAA30EC3C5AA-SegmentedRaftLogWorker: created new log segment /home/runner/work/ozone/ozone/hadoop-ozone/integration-test/target/test-dir/MiniOzoneClusterImpl-af940217-b311-440f-8e09-352fdf66236b/ozone-meta/datanode-3/ratis/974e1e0d-edeb-4ad4-b1a3-eaa30ec3c5aa/current/log_inprogress_0
2025-05-14 02:53:38,780 [8e51993b-4f71-45b0-84f2-cf37ffbd2099-groupManagement] INFO  server.RaftServerConfigKeys (ConfUtils.java:logGet(46)) - raft.server.rpc.request.timeout = 3000ms (default)
2025-05-14 02:53:38,781 [8e51993b-4f71-45b0-84f2-cf37ffbd2099-groupManagement] INFO  server.RaftServerConfigKeys (ConfUtils.java:logGet(46)) - raft.server.log.appender.install.snapshot.enabled = false (custom)
2025-05-14 02:53:38,781 [8e51993b-4f71-45b0-84f2-cf37ffbd2099-groupManagement] INFO  server.RaftServerConfigKeys (ConfUtils.java:logGet(46)) - raft.server.threadpool.server.cached = true (default)
2025-05-14 02:53:38,781 [8e51993b-4f71-45b0-84f2-cf37ffbd2099-groupManagement] INFO  server.RaftServerConfigKeys (ConfUtils.java:logGet(46)) - raft.server.threadpool.server.size = 0 (default)
2025-05-14 02:53:38,782 [8e51993b-4f71-45b0-84f2-cf37ffbd2099-groupManagement] INFO  server.RaftServerConfigKeys (ConfUtils.java:logGet(46)) - raft.server.threadpool.client.cached = true (default)
2025-05-14 02:53:38,782 [8e51993b-4f71-45b0-84f2-cf37ffbd2099-groupManagement] INFO  server.RaftServerConfigKeys (ConfUtils.java:logGet(46)) - raft.server.threadpool.client.size = 0 (default)
2025-05-14 02:53:38,782 [8e51993b-4f71-45b0-84f2-cf37ffbd2099-groupManagement] INFO  server.RaftServerConfigKeys (ConfUtils.java:logGet(46)) - raft.server.storage.free-space.min = 0MB (=0) (default)
2025-05-14 02:53:38,782 [0e2e4ad1-578a-45fc-a8c2-41affcffb7b9@group-EAA30EC3C5AA-StateMachineUpdater] INFO  server.RaftServer$Division (LeaderStateImpl.java:checkStartIndex(313)) - Leader 0e2e4ad1-578a-45fc-a8c2-41affcffb7b9@group-EAA30EC3C5AA-LeaderStateImpl is ready since appliedIndex == startIndex == 0
2025-05-14 02:53:38,782 [8e51993b-4f71-45b0-84f2-cf37ffbd2099-groupManagement] INFO  server.RaftServerConfigKeys (ConfUtils.java:logGet(46)) - raft.server.log.corruption.policy = EXCEPTION (default)
2025-05-14 02:53:38,782 [0e2e4ad1-578a-45fc-a8c2-41affcffb7b9@group-EAA30EC3C5AA-StateMachineUpdater] INFO  ratis.ContainerStateMachine (ContainerStateMachine.java:takeSnapshot(427)) - group-EAA30EC3C5AA: Taking a snapshot at:(t:1, i:0) file /home/runner/work/ozone/ozone/hadoop-ozone/integration-test/target/test-dir/MiniOzoneClusterImpl-af940217-b311-440f-8e09-352fdf66236b/ozone-meta/datanode-3/ratis/974e1e0d-edeb-4ad4-b1a3-eaa30ec3c5aa/sm/snapshot.1_0
2025-05-14 02:53:38,782 [8e51993b-4f71-45b0-84f2-cf37ffbd2099-groupManagement] INFO  server.RaftServerConfigKeys (ConfUtils.java:logGet(46)) - raft.server.storage.dir = [/home/runner/work/ozone/ozone/hadoop-ozone/integration-test/target/test-dir/MiniOzoneClusterImpl-af940217-b311-440f-8e09-352fdf66236b/ozone-meta/datanode-8/ratis] (custom)
2025-05-14 02:53:38,782 [8e51993b-4f71-45b0-84f2-cf37ffbd2099-groupManagement] INFO  storage.RaftStorageDirectory (RaftStorageDirectoryImpl.java:analyzeStorage(138)) - The storage directory /home/runner/work/ozone/ozone/hadoop-ozone/integration-test/target/test-dir/MiniOzoneClusterImpl-af940217-b311-440f-8e09-352fdf66236b/ozone-meta/datanode-8/ratis/04f6c6c3-d74d-4db8-823f-aff22c375116 does not exist. Creating ...
2025-05-14 02:53:38,783 [0e2e4ad1-578a-45fc-a8c2-41affcffb7b9@group-EAA30EC3C5AA-StateMachineUpdater] INFO  ratis.ContainerStateMachine (ContainerStateMachine.java:takeSnapshot(436)) - group-EAA30EC3C5AA: Finished taking a snapshot at:(t:1, i:0) file:/home/runner/work/ozone/ozone/hadoop-ozone/integration-test/target/test-dir/MiniOzoneClusterImpl-af940217-b311-440f-8e09-352fdf66236b/ozone-meta/datanode-3/ratis/974e1e0d-edeb-4ad4-b1a3-eaa30ec3c5aa/sm/snapshot.1_0 took: 1 ms
2025-05-14 02:53:38,783 [0e2e4ad1-578a-45fc-a8c2-41affcffb7b9@group-EAA30EC3C5AA-StateMachineUpdater] INFO  impl.StateMachineUpdater (StateMachineUpdater.java:takeSnapshot(303)) - 0e2e4ad1-578a-45fc-a8c2-41affcffb7b9@group-EAA30EC3C5AA-StateMachineUpdater: Took a snapshot at index 0
2025-05-14 02:53:38,783 [0e2e4ad1-578a-45fc-a8c2-41affcffb7b9@group-EAA30EC3C5AA-StateMachineUpdater] INFO  impl.StateMachineUpdater (StateMachineUpdater.java:lambda$new$0(102)) - 0e2e4ad1-578a-45fc-a8c2-41affcffb7b9@group-EAA30EC3C5AA-StateMachineUpdater: snapshotIndex: updateIncreasingly -1 -> 0
2025-05-14 02:53:38,783 [8e51993b-4f71-45b0-84f2-cf37ffbd2099-groupManagement] INFO  storage.RaftStorageDirectory (RaftStorageDirectoryImpl.java:tryLock(229)) - Lock on /home/runner/work/ozone/ozone/hadoop-ozone/integration-test/target/test-dir/MiniOzoneClusterImpl-af940217-b311-440f-8e09-352fdf66236b/ozone-meta/datanode-8/ratis/04f6c6c3-d74d-4db8-823f-aff22c375116/in_use.lock acquired by nodename 34763@localhost
2025-05-14 02:53:38,784 [8e51993b-4f71-45b0-84f2-cf37ffbd2099-groupManagement] INFO  storage.RaftStorage (RaftStorageImpl.java:format(98)) - Storage directory /home/runner/work/ozone/ozone/hadoop-ozone/integration-test/target/test-dir/MiniOzoneClusterImpl-af940217-b311-440f-8e09-352fdf66236b/ozone-meta/datanode-8/ratis/04f6c6c3-d74d-4db8-823f-aff22c375116 has been successfully formatted.
2025-05-14 02:53:38,785 [8e51993b-4f71-45b0-84f2-cf37ffbd2099-groupManagement] INFO  ratis.ContainerStateMachine (ContainerStateMachine.java:initialize(339)) - 8e51993b-4f71-45b0-84f2-cf37ffbd2099: initialize group-AFF22C375116
2025-05-14 02:53:38,785 [8e51993b-4f71-45b0-84f2-cf37ffbd2099-groupManagement] INFO  ratis.ContainerStateMachine (ContainerStateMachine.java:loadSnapshot(347)) - group-AFF22C375116: The snapshot info is null. Setting the last applied index to:(t:0, i:~)
2025-05-14 02:53:38,785 [8e51993b-4f71-45b0-84f2-cf37ffbd2099-groupManagement] INFO  server.RaftServerConfigKeys (ConfUtils.java:logGet(46)) - raft.server.log.use.memory = false (default)
2025-05-14 02:53:38,785 [8e51993b-4f71-45b0-84f2-cf37ffbd2099-groupManagement] INFO  server.RaftServerConfigKeys (ConfUtils.java:logGet(46)) - raft.server.log.purge.gap = 1000000 (custom)
2025-05-14 02:53:38,785 [8e51993b-4f71-45b0-84f2-cf37ffbd2099-groupManagement] INFO  server.RaftServerConfigKeys (ConfUtils.java:logGet(46)) - raft.server.log.appender.buffer.byte-limit = 33554432 (custom)
2025-05-14 02:53:38,785 [8e51993b-4f71-45b0-84f2-cf37ffbd2099-groupManagement] INFO  server.RaftServerConfigKeys (ConfUtils.java:logGet(46)) - raft.server.log.statemachine.data.read.timeout = 1000ms (default)
2025-05-14 02:53:38,785 [8e51993b-4f71-45b0-84f2-cf37ffbd2099-groupManagement] INFO  server.RaftServerConfigKeys (ConfUtils.java:logGet(46)) - raft.server.log.purge.preservation.log.num = 0 (default)
2025-05-14 02:53:38,787 [8e51993b-4f71-45b0-84f2-cf37ffbd2099-groupManagement] INFO  server.RaftServerConfigKeys (ConfUtils.java:logGet(46)) - raft.server.log.segment.size.max = 67108864 (custom)
2025-05-14 02:53:38,787 [8e51993b-4f71-45b0-84f2-cf37ffbd2099-groupManagement] INFO  server.RaftServerConfigKeys (ConfUtils.java:logGet(46)) - raft.server.log.segment.cache.num.max = 2 (custom)
2025-05-14 02:53:38,787 [8e51993b-4f71-45b0-84f2-cf37ffbd2099-groupManagement] INFO  server.RaftServerConfigKeys (ConfUtils.java:logGet(46)) - raft.server.log.segment.cache.size.max = 200MB (=209715200) (default)
2025-05-14 02:53:38,788 [8e51993b-4f71-45b0-84f2-cf37ffbd2099-groupManagement] INFO  server.RaftServerConfigKeys (ConfUtils.java:logGet(46)) - raft.server.log.appender.buffer.byte-limit = 33554432 (custom)
2025-05-14 02:53:38,788 [8e51993b-4f71-45b0-84f2-cf37ffbd2099-groupManagement] INFO  util.AwaitToRun (AwaitToRun.java:start(81)) - Thread[#1357,8e51993b-4f71-45b0-84f2-cf37ffbd2099@group-AFF22C375116-cacheEviction-AwaitToRun,5,main] started
2025-05-14 02:53:38,788 [8e51993b-4f71-45b0-84f2-cf37ffbd2099-groupManagement] INFO  segmented.SegmentedRaftLogWorker (SegmentedRaftLogWorker.java:<init>(188)) - new 8e51993b-4f71-45b0-84f2-cf37ffbd2099@group-AFF22C375116-SegmentedRaftLogWorker for RaftStorageImpl:Storage Directory /home/runner/work/ozone/ozone/hadoop-ozone/integration-test/target/test-dir/MiniOzoneClusterImpl-af940217-b311-440f-8e09-352fdf66236b/ozone-meta/datanode-8/ratis/04f6c6c3-d74d-4db8-823f-aff22c375116
2025-05-14 02:53:38,788 [8e51993b-4f71-45b0-84f2-cf37ffbd2099-groupManagement] INFO  server.RaftServerConfigKeys (ConfUtils.java:logGet(46)) - raft.server.log.queue.byte-limit = 4294967296 (custom)
2025-05-14 02:53:38,788 [8e51993b-4f71-45b0-84f2-cf37ffbd2099-groupManagement] INFO  server.RaftServerConfigKeys (ConfUtils.java:logGet(46)) - raft.server.log.queue.element-limit = 1024 (custom)
2025-05-14 02:53:38,788 [8e51993b-4f71-45b0-84f2-cf37ffbd2099-groupManagement] INFO  server.RaftServerConfigKeys (ConfUtils.java:logGet(46)) - raft.server.log.segment.size.max = 67108864 (custom)
2025-05-14 02:53:38,788 [8e51993b-4f71-45b0-84f2-cf37ffbd2099-groupManagement] INFO  server.RaftServerConfigKeys (ConfUtils.java:logGet(46)) - raft.server.log.preallocated.size = 4194304 (custom)
2025-05-14 02:53:38,789 [8e51993b-4f71-45b0-84f2-cf37ffbd2099-groupManagement] INFO  server.RaftServerConfigKeys (ConfUtils.java:logGet(46)) - raft.server.log.force.sync.num = 128 (default)
2025-05-14 02:53:38,789 [8e51993b-4f71-45b0-84f2-cf37ffbd2099-groupManagement] INFO  server.RaftServerConfigKeys (ConfUtils.java:logGet(46)) - raft.server.log.statemachine.data.sync = true (default)
2025-05-14 02:53:38,789 [8e51993b-4f71-45b0-84f2-cf37ffbd2099-groupManagement] INFO  server.RaftServerConfigKeys (ConfUtils.java:logGet(46)) - raft.server.log.statemachine.data.sync.timeout = 10s (default)
2025-05-14 02:53:38,789 [8e51993b-4f71-45b0-84f2-cf37ffbd2099-groupManagement] INFO  server.RaftServerConfigKeys (ConfUtils.java:logGet(46)) - raft.server.log.statemachine.data.sync.timeout.retry = 30 (custom)
2025-05-14 02:53:38,789 [8e51993b-4f71-45b0-84f2-cf37ffbd2099-groupManagement] INFO  server.RaftServerConfigKeys (ConfUtils.java:logGet(46)) - raft.server.log.write.buffer.size = 33554440 (custom)
2025-05-14 02:53:38,794 [8e51993b-4f71-45b0-84f2-cf37ffbd2099-groupManagement] INFO  server.RaftServerConfigKeys (ConfUtils.java:logGet(46)) - raft.server.log.appender.buffer.byte-limit = 33554432 (custom)
2025-05-14 02:53:38,795 [8e51993b-4f71-45b0-84f2-cf37ffbd2099-groupManagement] INFO  server.RaftServerConfigKeys (ConfUtils.java:logGet(46)) - raft.server.log.unsafe-flush.enabled = false (default)
2025-05-14 02:53:38,795 [8e51993b-4f71-45b0-84f2-cf37ffbd2099-groupManagement] INFO  server.RaftServerConfigKeys (ConfUtils.java:logGet(46)) - raft.server.log.async-flush.enabled = false (default)
2025-05-14 02:53:38,795 [8e51993b-4f71-45b0-84f2-cf37ffbd2099-groupManagement] INFO  server.RaftServerConfigKeys (ConfUtils.java:logGet(46)) - raft.server.log.statemachine.data.caching.enabled = true (custom)
2025-05-14 02:53:38,795 [8e51993b-4f71-45b0-84f2-cf37ffbd2099-groupManagement] INFO  segmented.SegmentedRaftLogWorker (SegmentedRaftLogWorker.java:lambda$new$0(139)) - 8e51993b-4f71-45b0-84f2-cf37ffbd2099@group-AFF22C375116-SegmentedRaftLogWorker: flushIndex: setUnconditionally 0 -> -1
2025-05-14 02:53:38,795 [8e51993b-4f71-45b0-84f2-cf37ffbd2099-groupManagement] INFO  segmented.SegmentedRaftLogWorker (SegmentedRaftLogWorker.java:lambda$new$0(139)) - 8e51993b-4f71-45b0-84f2-cf37ffbd2099@group-AFF22C375116-SegmentedRaftLogWorker: safeCacheEvictIndex: setUnconditionally 0 -> -1
2025-05-14 02:53:38,796 [8e51993b-4f71-45b0-84f2-cf37ffbd2099-groupManagement] INFO  server.RaftServer$Division (RaftServerImpl.java:start(391)) - 8e51993b-4f71-45b0-84f2-cf37ffbd2099@group-AFF22C375116: start as a follower, conf=conf: {index: -1, cur=peers:[f4f68937-1ce3-42e1-b3e7-547ae2d23d85|127.0.0.1:15063, 6338fc9c-a704-4fa0-9c76-ba0cbc116aba|127.0.0.1:15079, 8e51993b-4f71-45b0-84f2-cf37ffbd2099|127.0.0.1:15071]|listeners:[], old=null}
2025-05-14 02:53:38,796 [8e51993b-4f71-45b0-84f2-cf37ffbd2099-groupManagement] INFO  server.RaftServer$Division (RaftServerImpl.java:setRole(378)) - 8e51993b-4f71-45b0-84f2-cf37ffbd2099@group-AFF22C375116: changes role from      null to FOLLOWER at term 0 for startAsFollower
2025-05-14 02:53:38,796 [8e51993b-4f71-45b0-84f2-cf37ffbd2099-groupManagement] INFO  impl.RoleInfo (RoleInfo.java:updateAndGet(148)) - 8e51993b-4f71-45b0-84f2-cf37ffbd2099: start 8e51993b-4f71-45b0-84f2-cf37ffbd2099@group-AFF22C375116-FollowerState
2025-05-14 02:53:38,796 [8e51993b-4f71-45b0-84f2-cf37ffbd2099-groupManagement] INFO  util.JmxRegister (JmxRegister.java:tryRegister(44)) - Successfully registered JMX Bean with object name Ratis:service=RaftServer,group=group-AFF22C375116,id=8e51993b-4f71-45b0-84f2-cf37ffbd2099
2025-05-14 02:53:38,796 [8e51993b-4f71-45b0-84f2-cf37ffbd2099@group-AFF22C375116-FollowerState] INFO  server.RaftServerConfigKeys (ConfUtils.java:logGet(46)) - raft.server.rpc.first-election.timeout.min = 1000ms (custom)
2025-05-14 02:53:38,796 [8e51993b-4f71-45b0-84f2-cf37ffbd2099-groupManagement] INFO  util.JmxRegister (JmxRegister.java:register(58)) - register mxBean class org.apache.ratis.server.impl.RaftServerJmxAdapter as Ratis:service=RaftServer,group=group-AFF22C375116,id=8e51993b-4f71-45b0-84f2-cf37ffbd2099
2025-05-14 02:53:38,796 [8e51993b-4f71-45b0-84f2-cf37ffbd2099@group-AFF22C375116-FollowerState] INFO  server.RaftServerConfigKeys (ConfUtils.java:logGet(46)) - raft.server.rpc.first-election.timeout.max = 1200ms (custom)
2025-05-14 02:53:38,796 [8e51993b-4f71-45b0-84f2-cf37ffbd2099-groupManagement] INFO  server.RaftServerConfigKeys (ConfUtils.java:logGet(46)) - raft.server.snapshot.trigger-when-stop.enabled = true (default)
2025-05-14 02:53:38,797 [8e51993b-4f71-45b0-84f2-cf37ffbd2099-groupManagement] INFO  server.RaftServerConfigKeys (ConfUtils.java:logGet(46)) - raft.server.snapshot.trigger-when-remove.enabled = true (default)
2025-05-14 02:53:38,797 [8e51993b-4f71-45b0-84f2-cf37ffbd2099-groupManagement] INFO  server.RaftServerConfigKeys (ConfUtils.java:logGet(46)) - raft.server.snapshot.auto.trigger.enabled = true (custom)
2025-05-14 02:53:38,797 [8e51993b-4f71-45b0-84f2-cf37ffbd2099-groupManagement] INFO  server.RaftServerConfigKeys (ConfUtils.java:logGet(46)) - raft.server.snapshot.auto.trigger.threshold = 1 (custom)
2025-05-14 02:53:38,797 [8e51993b-4f71-45b0-84f2-cf37ffbd2099-groupManagement] INFO  server.RaftServerConfigKeys (ConfUtils.java:logGet(46)) - raft.server.snapshot.retention.file.num = 5 (custom)
2025-05-14 02:53:38,797 [8e51993b-4f71-45b0-84f2-cf37ffbd2099-groupManagement] INFO  server.RaftServerConfigKeys (ConfUtils.java:logGet(46)) - raft.server.log.purge.upto.snapshot.index = false (default)
2025-05-14 02:53:38,798 [8e51993b-4f71-45b0-84f2-cf37ffbd2099-groupManagement] INFO  server.RaftServer$Division (RaftServerImpl.java:start(405)) - 8e51993b-4f71-45b0-84f2-cf37ffbd2099@group-AFF22C375116: Successfully started.
2025-05-14 02:53:38,809 [grpc-default-executor-1] INFO  server.RaftServer (RaftServerProxy.java:addNew(100)) - 6338fc9c-a704-4fa0-9c76-ba0cbc116aba: addNew group-AFF22C375116:[f4f68937-1ce3-42e1-b3e7-547ae2d23d85|127.0.0.1:15063, 6338fc9c-a704-4fa0-9c76-ba0cbc116aba|127.0.0.1:15079, 8e51993b-4f71-45b0-84f2-cf37ffbd2099|127.0.0.1:15071] returns group-AFF22C375116:java.util.concurrent.CompletableFuture@46fb18d4[Not completed]
2025-05-14 02:53:38,811 [6338fc9c-a704-4fa0-9c76-ba0cbc116aba-groupManagement] INFO  server.RaftServer$Division (RaftServerImpl.java:<init>(255)) - 6338fc9c-a704-4fa0-9c76-ba0cbc116aba: new RaftServerImpl for group-AFF22C375116:[f4f68937-1ce3-42e1-b3e7-547ae2d23d85|127.0.0.1:15063, 6338fc9c-a704-4fa0-9c76-ba0cbc116aba|127.0.0.1:15079, 8e51993b-4f71-45b0-84f2-cf37ffbd2099|127.0.0.1:15071] with ContainerStateMachine:uninitialized
2025-05-14 02:53:38,811 [6338fc9c-a704-4fa0-9c76-ba0cbc116aba-groupManagement] INFO  server.RaftServerConfigKeys (ConfUtils.java:logGet(46)) - raft.server.rpc.timeout.min = 5s (custom)
2025-05-14 02:53:38,811 [6338fc9c-a704-4fa0-9c76-ba0cbc116aba-groupManagement] INFO  server.RaftServerConfigKeys (ConfUtils.java:logGet(46)) - raft.server.rpc.timeout.max = 5200ms (custom)
2025-05-14 02:53:38,811 [6338fc9c-a704-4fa0-9c76-ba0cbc116aba-groupManagement] INFO  server.RaftServerConfigKeys (ConfUtils.java:logGet(46)) - raft.server.rpc.sleep.time = 25ms (default)
2025-05-14 02:53:38,811 [6338fc9c-a704-4fa0-9c76-ba0cbc116aba-groupManagement] INFO  server.RaftServerConfigKeys (ConfUtils.java:logGet(46)) - raft.server.rpc.slowness.timeout = 300000ms (custom)
2025-05-14 02:53:38,811 [6338fc9c-a704-4fa0-9c76-ba0cbc116aba-groupManagement] INFO  server.RaftServerConfigKeys (ConfUtils.java:logGet(46)) - raft.server.leaderelection.leader.step-down.wait-time = 10s (default)
2025-05-14 02:53:38,811 [6338fc9c-a704-4fa0-9c76-ba0cbc116aba-groupManagement] INFO  server.RaftServerConfigKeys (ConfUtils.java:logGet(46)) - raft.server.leaderelection.member.majority-add = false (default)
2025-05-14 02:53:38,811 [6338fc9c-a704-4fa0-9c76-ba0cbc116aba-groupManagement] INFO  server.RaftServerConfigKeys (ConfUtils.java:logGet(46)) - raft.server.sleep.deviation.threshold = 300ms (default)
2025-05-14 02:53:38,812 [6338fc9c-a704-4fa0-9c76-ba0cbc116aba-groupManagement] INFO  server.RaftServer$Division (ServerState.java:<init>(114)) - 6338fc9c-a704-4fa0-9c76-ba0cbc116aba@group-AFF22C375116: ConfigurationManager, init=conf: {index: -1, cur=peers:[f4f68937-1ce3-42e1-b3e7-547ae2d23d85|127.0.0.1:15063, 6338fc9c-a704-4fa0-9c76-ba0cbc116aba|127.0.0.1:15079, 8e51993b-4f71-45b0-84f2-cf37ffbd2099|127.0.0.1:15071]|listeners:[], old=null}, confs=<EMPTY_MAP>
2025-05-14 02:53:38,812 [6338fc9c-a704-4fa0-9c76-ba0cbc116aba-groupManagement] INFO  server.RaftServerConfigKeys (ConfUtils.java:logGet(46)) - raft.server.notification.no-leader.timeout = 300000ms (custom)
2025-05-14 02:53:38,812 [6338fc9c-a704-4fa0-9c76-ba0cbc116aba-groupManagement] INFO  server.RaftServerConfigKeys (ConfUtils.java:logGet(46)) - raft.server.read.timeout = 10s (default)
2025-05-14 02:53:38,812 [6338fc9c-a704-4fa0-9c76-ba0cbc116aba-groupManagement] INFO  server.RaftServerConfigKeys (ConfUtils.java:logGet(46)) - raft.server.retrycache.expirytime = 600000ms (custom)
2025-05-14 02:53:38,812 [6338fc9c-a704-4fa0-9c76-ba0cbc116aba-groupManagement] INFO  server.RaftServerConfigKeys (ConfUtils.java:logGet(46)) - raft.server.retrycache.statistics.expirytime = 100ms (default)
2025-05-14 02:53:38,812 [6338fc9c-a704-4fa0-9c76-ba0cbc116aba-groupManagement] INFO  server.RaftServerConfigKeys (ConfUtils.java:logGet(46)) - raft.server.read.option = DEFAULT (default)
2025-05-14 02:53:38,812 [6338fc9c-a704-4fa0-9c76-ba0cbc116aba-groupManagement] INFO  server.RaftServerConfigKeys (ConfUtils.java:logGet(46)) - raft.server.read.read-after-write-consistent.write-index-cache.expiry-time = 60s (default)
2025-05-14 02:53:38,818 [6338fc9c-a704-4fa0-9c76-ba0cbc116aba-groupManagement] INFO  server.RaftServerConfigKeys (ConfUtils.java:logGet(46)) - raft.server.rpc.request.timeout = 3000ms (default)
2025-05-14 02:53:38,818 [6338fc9c-a704-4fa0-9c76-ba0cbc116aba-groupManagement] INFO  server.RaftServerConfigKeys (ConfUtils.java:logGet(46)) - raft.server.log.appender.install.snapshot.enabled = false (custom)
2025-05-14 02:53:38,818 [6338fc9c-a704-4fa0-9c76-ba0cbc116aba-groupManagement] INFO  server.RaftServerConfigKeys (ConfUtils.java:logGet(46)) - raft.server.threadpool.server.cached = true (default)
2025-05-14 02:53:38,818 [6338fc9c-a704-4fa0-9c76-ba0cbc116aba-groupManagement] INFO  server.RaftServerConfigKeys (ConfUtils.java:logGet(46)) - raft.server.threadpool.server.size = 0 (default)
2025-05-14 02:53:38,818 [6338fc9c-a704-4fa0-9c76-ba0cbc116aba-groupManagement] INFO  server.RaftServerConfigKeys (ConfUtils.java:logGet(46)) - raft.server.threadpool.client.cached = true (default)
2025-05-14 02:53:38,818 [6338fc9c-a704-4fa0-9c76-ba0cbc116aba-groupManagement] INFO  server.RaftServerConfigKeys (ConfUtils.java:logGet(46)) - raft.server.threadpool.client.size = 0 (default)
2025-05-14 02:53:38,818 [6338fc9c-a704-4fa0-9c76-ba0cbc116aba-groupManagement] INFO  server.RaftServerConfigKeys (ConfUtils.java:logGet(46)) - raft.server.storage.free-space.min = 0MB (=0) (default)
2025-05-14 02:53:38,818 [6338fc9c-a704-4fa0-9c76-ba0cbc116aba-groupManagement] INFO  server.RaftServerConfigKeys (ConfUtils.java:logGet(46)) - raft.server.log.corruption.policy = EXCEPTION (default)
2025-05-14 02:53:38,818 [6338fc9c-a704-4fa0-9c76-ba0cbc116aba-groupManagement] INFO  server.RaftServerConfigKeys (ConfUtils.java:logGet(46)) - raft.server.storage.dir = [/home/runner/work/ozone/ozone/hadoop-ozone/integration-test/target/test-dir/MiniOzoneClusterImpl-af940217-b311-440f-8e09-352fdf66236b/ozone-meta/datanode-9/ratis] (custom)
2025-05-14 02:53:38,819 [6338fc9c-a704-4fa0-9c76-ba0cbc116aba-groupManagement] INFO  storage.RaftStorageDirectory (RaftStorageDirectoryImpl.java:analyzeStorage(138)) - The storage directory /home/runner/work/ozone/ozone/hadoop-ozone/integration-test/target/test-dir/MiniOzoneClusterImpl-af940217-b311-440f-8e09-352fdf66236b/ozone-meta/datanode-9/ratis/04f6c6c3-d74d-4db8-823f-aff22c375116 does not exist. Creating ...
2025-05-14 02:53:38,820 [6338fc9c-a704-4fa0-9c76-ba0cbc116aba-groupManagement] INFO  storage.RaftStorageDirectory (RaftStorageDirectoryImpl.java:tryLock(229)) - Lock on /home/runner/work/ozone/ozone/hadoop-ozone/integration-test/target/test-dir/MiniOzoneClusterImpl-af940217-b311-440f-8e09-352fdf66236b/ozone-meta/datanode-9/ratis/04f6c6c3-d74d-4db8-823f-aff22c375116/in_use.lock acquired by nodename 34763@localhost
2025-05-14 02:53:38,822 [6338fc9c-a704-4fa0-9c76-ba0cbc116aba-groupManagement] INFO  storage.RaftStorage (RaftStorageImpl.java:format(98)) - Storage directory /home/runner/work/ozone/ozone/hadoop-ozone/integration-test/target/test-dir/MiniOzoneClusterImpl-af940217-b311-440f-8e09-352fdf66236b/ozone-meta/datanode-9/ratis/04f6c6c3-d74d-4db8-823f-aff22c375116 has been successfully formatted.
2025-05-14 02:53:38,823 [6338fc9c-a704-4fa0-9c76-ba0cbc116aba-groupManagement] INFO  ratis.ContainerStateMachine (ContainerStateMachine.java:initialize(339)) - 6338fc9c-a704-4fa0-9c76-ba0cbc116aba: initialize group-AFF22C375116
2025-05-14 02:53:38,824 [6338fc9c-a704-4fa0-9c76-ba0cbc116aba-groupManagement] INFO  ratis.ContainerStateMachine (ContainerStateMachine.java:loadSnapshot(347)) - group-AFF22C375116: The snapshot info is null. Setting the last applied index to:(t:0, i:~)
2025-05-14 02:53:38,824 [6338fc9c-a704-4fa0-9c76-ba0cbc116aba-groupManagement] INFO  server.RaftServerConfigKeys (ConfUtils.java:logGet(46)) - raft.server.log.use.memory = false (default)
2025-05-14 02:53:38,825 [6338fc9c-a704-4fa0-9c76-ba0cbc116aba-groupManagement] INFO  server.RaftServerConfigKeys (ConfUtils.java:logGet(46)) - raft.server.log.purge.gap = 1000000 (custom)
2025-05-14 02:53:38,825 [6338fc9c-a704-4fa0-9c76-ba0cbc116aba-groupManagement] INFO  server.RaftServerConfigKeys (ConfUtils.java:logGet(46)) - raft.server.log.appender.buffer.byte-limit = 33554432 (custom)
2025-05-14 02:53:38,825 [6338fc9c-a704-4fa0-9c76-ba0cbc116aba-groupManagement] INFO  server.RaftServerConfigKeys (ConfUtils.java:logGet(46)) - raft.server.log.statemachine.data.read.timeout = 1000ms (default)
2025-05-14 02:53:38,825 [6338fc9c-a704-4fa0-9c76-ba0cbc116aba-groupManagement] INFO  server.RaftServerConfigKeys (ConfUtils.java:logGet(46)) - raft.server.log.purge.preservation.log.num = 0 (default)
2025-05-14 02:53:38,829 [6338fc9c-a704-4fa0-9c76-ba0cbc116aba-groupManagement] INFO  server.RaftServerConfigKeys (ConfUtils.java:logGet(46)) - raft.server.log.segment.size.max = 67108864 (custom)
2025-05-14 02:53:38,830 [6338fc9c-a704-4fa0-9c76-ba0cbc116aba-groupManagement] INFO  server.RaftServerConfigKeys (ConfUtils.java:logGet(46)) - raft.server.log.segment.cache.num.max = 2 (custom)
2025-05-14 02:53:38,830 [6338fc9c-a704-4fa0-9c76-ba0cbc116aba-groupManagement] INFO  server.RaftServerConfigKeys (ConfUtils.java:logGet(46)) - raft.server.log.segment.cache.size.max = 200MB (=209715200) (default)
2025-05-14 02:53:38,830 [6338fc9c-a704-4fa0-9c76-ba0cbc116aba-groupManagement] INFO  server.RaftServerConfigKeys (ConfUtils.java:logGet(46)) - raft.server.log.appender.buffer.byte-limit = 33554432 (custom)
2025-05-14 02:53:38,830 [6338fc9c-a704-4fa0-9c76-ba0cbc116aba-groupManagement] INFO  util.AwaitToRun (AwaitToRun.java:start(81)) - Thread[#1365,6338fc9c-a704-4fa0-9c76-ba0cbc116aba@group-AFF22C375116-cacheEviction-AwaitToRun,5,main] started
2025-05-14 02:53:38,830 [6338fc9c-a704-4fa0-9c76-ba0cbc116aba-groupManagement] INFO  segmented.SegmentedRaftLogWorker (SegmentedRaftLogWorker.java:<init>(188)) - new 6338fc9c-a704-4fa0-9c76-ba0cbc116aba@group-AFF22C375116-SegmentedRaftLogWorker for RaftStorageImpl:Storage Directory /home/runner/work/ozone/ozone/hadoop-ozone/integration-test/target/test-dir/MiniOzoneClusterImpl-af940217-b311-440f-8e09-352fdf66236b/ozone-meta/datanode-9/ratis/04f6c6c3-d74d-4db8-823f-aff22c375116
2025-05-14 02:53:38,830 [6338fc9c-a704-4fa0-9c76-ba0cbc116aba-groupManagement] INFO  server.RaftServerConfigKeys (ConfUtils.java:logGet(46)) - raft.server.log.queue.byte-limit = 4294967296 (custom)
2025-05-14 02:53:38,830 [6338fc9c-a704-4fa0-9c76-ba0cbc116aba-groupManagement] INFO  server.RaftServerConfigKeys (ConfUtils.java:logGet(46)) - raft.server.log.queue.element-limit = 1024 (custom)
2025-05-14 02:53:38,830 [6338fc9c-a704-4fa0-9c76-ba0cbc116aba-groupManagement] INFO  server.RaftServerConfigKeys (ConfUtils.java:logGet(46)) - raft.server.log.segment.size.max = 67108864 (custom)
2025-05-14 02:53:38,831 [6338fc9c-a704-4fa0-9c76-ba0cbc116aba-groupManagement] INFO  server.RaftServerConfigKeys (ConfUtils.java:logGet(46)) - raft.server.log.preallocated.size = 4194304 (custom)
2025-05-14 02:53:38,831 [6338fc9c-a704-4fa0-9c76-ba0cbc116aba-groupManagement] INFO  server.RaftServerConfigKeys (ConfUtils.java:logGet(46)) - raft.server.log.force.sync.num = 128 (default)
2025-05-14 02:53:38,831 [6338fc9c-a704-4fa0-9c76-ba0cbc116aba-groupManagement] INFO  server.RaftServerConfigKeys (ConfUtils.java:logGet(46)) - raft.server.log.statemachine.data.sync = true (default)
2025-05-14 02:53:38,831 [6338fc9c-a704-4fa0-9c76-ba0cbc116aba-groupManagement] INFO  server.RaftServerConfigKeys (ConfUtils.java:logGet(46)) - raft.server.log.statemachine.data.sync.timeout = 10s (default)
2025-05-14 02:53:38,831 [6338fc9c-a704-4fa0-9c76-ba0cbc116aba-groupManagement] INFO  server.RaftServerConfigKeys (ConfUtils.java:logGet(46)) - raft.server.log.statemachine.data.sync.timeout.retry = 30 (custom)
2025-05-14 02:53:38,831 [6338fc9c-a704-4fa0-9c76-ba0cbc116aba-groupManagement] INFO  server.RaftServerConfigKeys (ConfUtils.java:logGet(46)) - raft.server.log.write.buffer.size = 33554440 (custom)
2025-05-14 02:53:38,837 [6338fc9c-a704-4fa0-9c76-ba0cbc116aba-groupManagement] INFO  server.RaftServerConfigKeys (ConfUtils.java:logGet(46)) - raft.server.log.appender.buffer.byte-limit = 33554432 (custom)
2025-05-14 02:53:38,837 [6338fc9c-a704-4fa0-9c76-ba0cbc116aba-groupManagement] INFO  server.RaftServerConfigKeys (ConfUtils.java:logGet(46)) - raft.server.log.unsafe-flush.enabled = false (default)
2025-05-14 02:53:38,837 [6338fc9c-a704-4fa0-9c76-ba0cbc116aba-groupManagement] INFO  server.RaftServerConfigKeys (ConfUtils.java:logGet(46)) - raft.server.log.async-flush.enabled = false (default)
2025-05-14 02:53:38,837 [6338fc9c-a704-4fa0-9c76-ba0cbc116aba-groupManagement] INFO  server.RaftServerConfigKeys (ConfUtils.java:logGet(46)) - raft.server.log.statemachine.data.caching.enabled = true (custom)
2025-05-14 02:53:38,838 [6338fc9c-a704-4fa0-9c76-ba0cbc116aba-groupManagement] INFO  segmented.SegmentedRaftLogWorker (SegmentedRaftLogWorker.java:lambda$new$0(139)) - 6338fc9c-a704-4fa0-9c76-ba0cbc116aba@group-AFF22C375116-SegmentedRaftLogWorker: flushIndex: setUnconditionally 0 -> -1
2025-05-14 02:53:38,838 [6338fc9c-a704-4fa0-9c76-ba0cbc116aba-groupManagement] INFO  segmented.SegmentedRaftLogWorker (SegmentedRaftLogWorker.java:lambda$new$0(139)) - 6338fc9c-a704-4fa0-9c76-ba0cbc116aba@group-AFF22C375116-SegmentedRaftLogWorker: safeCacheEvictIndex: setUnconditionally 0 -> -1
2025-05-14 02:53:38,838 [6338fc9c-a704-4fa0-9c76-ba0cbc116aba-groupManagement] INFO  server.RaftServer$Division (RaftServerImpl.java:start(391)) - 6338fc9c-a704-4fa0-9c76-ba0cbc116aba@group-AFF22C375116: start as a follower, conf=conf: {index: -1, cur=peers:[f4f68937-1ce3-42e1-b3e7-547ae2d23d85|127.0.0.1:15063, 6338fc9c-a704-4fa0-9c76-ba0cbc116aba|127.0.0.1:15079, 8e51993b-4f71-45b0-84f2-cf37ffbd2099|127.0.0.1:15071]|listeners:[], old=null}
2025-05-14 02:53:38,838 [6338fc9c-a704-4fa0-9c76-ba0cbc116aba-groupManagement] INFO  server.RaftServer$Division (RaftServerImpl.java:setRole(378)) - 6338fc9c-a704-4fa0-9c76-ba0cbc116aba@group-AFF22C375116: changes role from      null to FOLLOWER at term 0 for startAsFollower
2025-05-14 02:53:38,838 [6338fc9c-a704-4fa0-9c76-ba0cbc116aba-groupManagement] INFO  impl.RoleInfo (RoleInfo.java:updateAndGet(148)) - 6338fc9c-a704-4fa0-9c76-ba0cbc116aba: start 6338fc9c-a704-4fa0-9c76-ba0cbc116aba@group-AFF22C375116-FollowerState
2025-05-14 02:53:38,839 [6338fc9c-a704-4fa0-9c76-ba0cbc116aba-groupManagement] INFO  util.JmxRegister (JmxRegister.java:tryRegister(44)) - Successfully registered JMX Bean with object name Ratis:service=RaftServer,group=group-AFF22C375116,id=6338fc9c-a704-4fa0-9c76-ba0cbc116aba
2025-05-14 02:53:38,839 [6338fc9c-a704-4fa0-9c76-ba0cbc116aba-groupManagement] INFO  util.JmxRegister (JmxRegister.java:register(58)) - register mxBean class org.apache.ratis.server.impl.RaftServerJmxAdapter as Ratis:service=RaftServer,group=group-AFF22C375116,id=6338fc9c-a704-4fa0-9c76-ba0cbc116aba
2025-05-14 02:53:38,839 [6338fc9c-a704-4fa0-9c76-ba0cbc116aba-groupManagement] INFO  server.RaftServerConfigKeys (ConfUtils.java:logGet(46)) - raft.server.snapshot.trigger-when-stop.enabled = true (default)
2025-05-14 02:53:38,839 [6338fc9c-a704-4fa0-9c76-ba0cbc116aba-groupManagement] INFO  server.RaftServerConfigKeys (ConfUtils.java:logGet(46)) - raft.server.snapshot.trigger-when-remove.enabled = true (default)
2025-05-14 02:53:38,839 [6338fc9c-a704-4fa0-9c76-ba0cbc116aba-groupManagement] INFO  server.RaftServerConfigKeys (ConfUtils.java:logGet(46)) - raft.server.snapshot.auto.trigger.enabled = true (custom)
2025-05-14 02:53:38,839 [6338fc9c-a704-4fa0-9c76-ba0cbc116aba-groupManagement] INFO  server.RaftServerConfigKeys (ConfUtils.java:logGet(46)) - raft.server.snapshot.auto.trigger.threshold = 1 (custom)
2025-05-14 02:53:38,839 [6338fc9c-a704-4fa0-9c76-ba0cbc116aba@group-AFF22C375116-FollowerState] INFO  server.RaftServerConfigKeys (ConfUtils.java:logGet(46)) - raft.server.rpc.first-election.timeout.min = 1000ms (custom)
2025-05-14 02:53:38,839 [6338fc9c-a704-4fa0-9c76-ba0cbc116aba@group-AFF22C375116-FollowerState] INFO  server.RaftServerConfigKeys (ConfUtils.java:logGet(46)) - raft.server.rpc.first-election.timeout.max = 1200ms (custom)
2025-05-14 02:53:38,839 [6338fc9c-a704-4fa0-9c76-ba0cbc116aba-groupManagement] INFO  server.RaftServerConfigKeys (ConfUtils.java:logGet(46)) - raft.server.snapshot.retention.file.num = 5 (custom)
2025-05-14 02:53:38,840 [6338fc9c-a704-4fa0-9c76-ba0cbc116aba-groupManagement] INFO  server.RaftServerConfigKeys (ConfUtils.java:logGet(46)) - raft.server.log.purge.upto.snapshot.index = false (default)
2025-05-14 02:53:38,841 [6338fc9c-a704-4fa0-9c76-ba0cbc116aba-groupManagement] INFO  server.RaftServer$Division (RaftServerImpl.java:start(405)) - 6338fc9c-a704-4fa0-9c76-ba0cbc116aba@group-AFF22C375116: Successfully started.
2025-05-14 02:53:38,845 [f4f68937-1ce3-42e1-b3e7-547ae2d23d85-PipelineCommandHandlerThread-0] INFO  commandhandler.CreatePipelineCommandHandler (CreatePipelineCommandHandler.java:lambda$handle$2(128)) - Created Pipeline RATIS THREE PipelineID=04f6c6c3-d74d-4db8-823f-aff22c375116.
2025-05-14 02:53:38,845 [f4f68937-1ce3-42e1-b3e7-547ae2d23d85-PipelineCommandHandlerThread-0] INFO  server.RaftServer (RaftServerProxy.java:addNew(100)) - f4f68937-1ce3-42e1-b3e7-547ae2d23d85: addNew group-D626A51ED105:[f4f68937-1ce3-42e1-b3e7-547ae2d23d85|127.0.0.1:15063, 6338fc9c-a704-4fa0-9c76-ba0cbc116aba|127.0.0.1:15079, 8e51993b-4f71-45b0-84f2-cf37ffbd2099|127.0.0.1:15071] returns group-D626A51ED105:java.util.concurrent.CompletableFuture@21393985[Not completed]
2025-05-14 02:53:38,847 [f4f68937-1ce3-42e1-b3e7-547ae2d23d85-groupManagement] INFO  server.RaftServer$Division (RaftServerImpl.java:<init>(255)) - f4f68937-1ce3-42e1-b3e7-547ae2d23d85: new RaftServerImpl for group-D626A51ED105:[f4f68937-1ce3-42e1-b3e7-547ae2d23d85|127.0.0.1:15063, 6338fc9c-a704-4fa0-9c76-ba0cbc116aba|127.0.0.1:15079, 8e51993b-4f71-45b0-84f2-cf37ffbd2099|127.0.0.1:15071] with ContainerStateMachine:uninitialized
2025-05-14 02:53:38,847 [f4f68937-1ce3-42e1-b3e7-547ae2d23d85-groupManagement] INFO  server.RaftServerConfigKeys (ConfUtils.java:logGet(46)) - raft.server.rpc.timeout.min = 5s (custom)
2025-05-14 02:53:38,847 [f4f68937-1ce3-42e1-b3e7-547ae2d23d85-groupManagement] INFO  server.RaftServerConfigKeys (ConfUtils.java:logGet(46)) - raft.server.rpc.timeout.max = 5200ms (custom)
2025-05-14 02:53:38,847 [f4f68937-1ce3-42e1-b3e7-547ae2d23d85-groupManagement] INFO  server.RaftServerConfigKeys (ConfUtils.java:logGet(46)) - raft.server.rpc.sleep.time = 25ms (default)
2025-05-14 02:53:38,848 [f4f68937-1ce3-42e1-b3e7-547ae2d23d85-groupManagement] INFO  server.RaftServerConfigKeys (ConfUtils.java:logGet(46)) - raft.server.rpc.slowness.timeout = 300000ms (custom)
2025-05-14 02:53:38,848 [f4f68937-1ce3-42e1-b3e7-547ae2d23d85-groupManagement] INFO  server.RaftServerConfigKeys (ConfUtils.java:logGet(46)) - raft.server.leaderelection.leader.step-down.wait-time = 10s (default)
2025-05-14 02:53:38,848 [f4f68937-1ce3-42e1-b3e7-547ae2d23d85-groupManagement] INFO  server.RaftServerConfigKeys (ConfUtils.java:logGet(46)) - raft.server.leaderelection.member.majority-add = false (default)
2025-05-14 02:53:38,848 [f4f68937-1ce3-42e1-b3e7-547ae2d23d85-groupManagement] INFO  server.RaftServerConfigKeys (ConfUtils.java:logGet(46)) - raft.server.sleep.deviation.threshold = 300ms (default)
2025-05-14 02:53:38,848 [f4f68937-1ce3-42e1-b3e7-547ae2d23d85-groupManagement] INFO  server.RaftServer$Division (ServerState.java:<init>(114)) - f4f68937-1ce3-42e1-b3e7-547ae2d23d85@group-D626A51ED105: ConfigurationManager, init=conf: {index: -1, cur=peers:[f4f68937-1ce3-42e1-b3e7-547ae2d23d85|127.0.0.1:15063, 6338fc9c-a704-4fa0-9c76-ba0cbc116aba|127.0.0.1:15079, 8e51993b-4f71-45b0-84f2-cf37ffbd2099|127.0.0.1:15071]|listeners:[], old=null}, confs=<EMPTY_MAP>
2025-05-14 02:53:38,848 [f4f68937-1ce3-42e1-b3e7-547ae2d23d85-groupManagement] INFO  server.RaftServerConfigKeys (ConfUtils.java:logGet(46)) - raft.server.notification.no-leader.timeout = 300000ms (custom)
2025-05-14 02:53:38,848 [f4f68937-1ce3-42e1-b3e7-547ae2d23d85-groupManagement] INFO  server.RaftServerConfigKeys (ConfUtils.java:logGet(46)) - raft.server.read.timeout = 10s (default)
2025-05-14 02:53:38,848 [f4f68937-1ce3-42e1-b3e7-547ae2d23d85-groupManagement] INFO  server.RaftServerConfigKeys (ConfUtils.java:logGet(46)) - raft.server.retrycache.expirytime = 600000ms (custom)
2025-05-14 02:53:38,848 [f4f68937-1ce3-42e1-b3e7-547ae2d23d85-groupManagement] INFO  server.RaftServerConfigKeys (ConfUtils.java:logGet(46)) - raft.server.retrycache.statistics.expirytime = 100ms (default)
2025-05-14 02:53:38,848 [f4f68937-1ce3-42e1-b3e7-547ae2d23d85-groupManagement] INFO  server.RaftServerConfigKeys (ConfUtils.java:logGet(46)) - raft.server.read.option = DEFAULT (default)
2025-05-14 02:53:38,848 [f4f68937-1ce3-42e1-b3e7-547ae2d23d85-groupManagement] INFO  server.RaftServerConfigKeys (ConfUtils.java:logGet(46)) - raft.server.read.read-after-write-consistent.write-index-cache.expiry-time = 60s (default)
2025-05-14 02:53:38,852 [f4f68937-1ce3-42e1-b3e7-547ae2d23d85-groupManagement] INFO  server.RaftServerConfigKeys (ConfUtils.java:logGet(46)) - raft.server.rpc.request.timeout = 3000ms (default)
2025-05-14 02:53:38,852 [f4f68937-1ce3-42e1-b3e7-547ae2d23d85-groupManagement] INFO  server.RaftServerConfigKeys (ConfUtils.java:logGet(46)) - raft.server.log.appender.install.snapshot.enabled = false (custom)
2025-05-14 02:53:38,852 [f4f68937-1ce3-42e1-b3e7-547ae2d23d85-groupManagement] INFO  server.RaftServerConfigKeys (ConfUtils.java:logGet(46)) - raft.server.threadpool.server.cached = true (default)
2025-05-14 02:53:38,852 [f4f68937-1ce3-42e1-b3e7-547ae2d23d85-groupManagement] INFO  server.RaftServerConfigKeys (ConfUtils.java:logGet(46)) - raft.server.threadpool.server.size = 0 (default)
2025-05-14 02:53:38,852 [f4f68937-1ce3-42e1-b3e7-547ae2d23d85-groupManagement] INFO  server.RaftServerConfigKeys (ConfUtils.java:logGet(46)) - raft.server.threadpool.client.cached = true (default)
2025-05-14 02:53:38,852 [f4f68937-1ce3-42e1-b3e7-547ae2d23d85-groupManagement] INFO  server.RaftServerConfigKeys (ConfUtils.java:logGet(46)) - raft.server.threadpool.client.size = 0 (default)
2025-05-14 02:53:38,852 [f4f68937-1ce3-42e1-b3e7-547ae2d23d85-groupManagement] INFO  server.RaftServerConfigKeys (ConfUtils.java:logGet(46)) - raft.server.storage.free-space.min = 0MB (=0) (default)
2025-05-14 02:53:38,852 [f4f68937-1ce3-42e1-b3e7-547ae2d23d85-groupManagement] INFO  server.RaftServerConfigKeys (ConfUtils.java:logGet(46)) - raft.server.log.corruption.policy = EXCEPTION (default)
2025-05-14 02:53:38,852 [f4f68937-1ce3-42e1-b3e7-547ae2d23d85-groupManagement] INFO  server.RaftServerConfigKeys (ConfUtils.java:logGet(46)) - raft.server.storage.dir = [/home/runner/work/ozone/ozone/hadoop-ozone/integration-test/target/test-dir/MiniOzoneClusterImpl-af940217-b311-440f-8e09-352fdf66236b/ozone-meta/datanode-7/ratis] (custom)
2025-05-14 02:53:38,853 [f4f68937-1ce3-42e1-b3e7-547ae2d23d85-groupManagement] INFO  storage.RaftStorageDirectory (RaftStorageDirectoryImpl.java:analyzeStorage(138)) - The storage directory /home/runner/work/ozone/ozone/hadoop-ozone/integration-test/target/test-dir/MiniOzoneClusterImpl-af940217-b311-440f-8e09-352fdf66236b/ozone-meta/datanode-7/ratis/ce0bcb57-9ca8-4104-8923-d626a51ed105 does not exist. Creating ...
2025-05-14 02:53:38,854 [f4f68937-1ce3-42e1-b3e7-547ae2d23d85-groupManagement] INFO  storage.RaftStorageDirectory (RaftStorageDirectoryImpl.java:tryLock(229)) - Lock on /home/runner/work/ozone/ozone/hadoop-ozone/integration-test/target/test-dir/MiniOzoneClusterImpl-af940217-b311-440f-8e09-352fdf66236b/ozone-meta/datanode-7/ratis/ce0bcb57-9ca8-4104-8923-d626a51ed105/in_use.lock acquired by nodename 34763@localhost
2025-05-14 02:53:38,855 [f4f68937-1ce3-42e1-b3e7-547ae2d23d85-groupManagement] INFO  storage.RaftStorage (RaftStorageImpl.java:format(98)) - Storage directory /home/runner/work/ozone/ozone/hadoop-ozone/integration-test/target/test-dir/MiniOzoneClusterImpl-af940217-b311-440f-8e09-352fdf66236b/ozone-meta/datanode-7/ratis/ce0bcb57-9ca8-4104-8923-d626a51ed105 has been successfully formatted.
2025-05-14 02:53:38,855 [f4f68937-1ce3-42e1-b3e7-547ae2d23d85-groupManagement] INFO  ratis.ContainerStateMachine (ContainerStateMachine.java:initialize(339)) - f4f68937-1ce3-42e1-b3e7-547ae2d23d85: initialize group-D626A51ED105
2025-05-14 02:53:38,855 [f4f68937-1ce3-42e1-b3e7-547ae2d23d85-groupManagement] INFO  ratis.ContainerStateMachine (ContainerStateMachine.java:loadSnapshot(347)) - group-D626A51ED105: The snapshot info is null. Setting the last applied index to:(t:0, i:~)
2025-05-14 02:53:38,856 [f4f68937-1ce3-42e1-b3e7-547ae2d23d85-groupManagement] INFO  server.RaftServerConfigKeys (ConfUtils.java:logGet(46)) - raft.server.log.use.memory = false (default)
2025-05-14 02:53:38,856 [f4f68937-1ce3-42e1-b3e7-547ae2d23d85-groupManagement] INFO  server.RaftServerConfigKeys (ConfUtils.java:logGet(46)) - raft.server.log.purge.gap = 1000000 (custom)
2025-05-14 02:53:38,856 [f4f68937-1ce3-42e1-b3e7-547ae2d23d85-groupManagement] INFO  server.RaftServerConfigKeys (ConfUtils.java:logGet(46)) - raft.server.log.appender.buffer.byte-limit = 33554432 (custom)
2025-05-14 02:53:38,856 [f4f68937-1ce3-42e1-b3e7-547ae2d23d85-groupManagement] INFO  server.RaftServerConfigKeys (ConfUtils.java:logGet(46)) - raft.server.log.statemachine.data.read.timeout = 1000ms (default)
2025-05-14 02:53:38,856 [f4f68937-1ce3-42e1-b3e7-547ae2d23d85-groupManagement] INFO  server.RaftServerConfigKeys (ConfUtils.java:logGet(46)) - raft.server.log.purge.preservation.log.num = 0 (default)
2025-05-14 02:53:38,858 [f4f68937-1ce3-42e1-b3e7-547ae2d23d85-groupManagement] INFO  server.RaftServerConfigKeys (ConfUtils.java:logGet(46)) - raft.server.log.segment.size.max = 67108864 (custom)
2025-05-14 02:53:38,858 [f4f68937-1ce3-42e1-b3e7-547ae2d23d85-groupManagement] INFO  server.RaftServerConfigKeys (ConfUtils.java:logGet(46)) - raft.server.log.segment.cache.num.max = 2 (custom)
2025-05-14 02:53:38,858 [f4f68937-1ce3-42e1-b3e7-547ae2d23d85-groupManagement] INFO  server.RaftServerConfigKeys (ConfUtils.java:logGet(46)) - raft.server.log.segment.cache.size.max = 200MB (=209715200) (default)
2025-05-14 02:53:38,858 [f4f68937-1ce3-42e1-b3e7-547ae2d23d85-groupManagement] INFO  server.RaftServerConfigKeys (ConfUtils.java:logGet(46)) - raft.server.log.appender.buffer.byte-limit = 33554432 (custom)
2025-05-14 02:53:38,859 [f4f68937-1ce3-42e1-b3e7-547ae2d23d85-groupManagement] INFO  util.AwaitToRun (AwaitToRun.java:start(81)) - Thread[#1372,f4f68937-1ce3-42e1-b3e7-547ae2d23d85@group-D626A51ED105-cacheEviction-AwaitToRun,5,main] started
2025-05-14 02:53:38,859 [f4f68937-1ce3-42e1-b3e7-547ae2d23d85-groupManagement] INFO  segmented.SegmentedRaftLogWorker (SegmentedRaftLogWorker.java:<init>(188)) - new f4f68937-1ce3-42e1-b3e7-547ae2d23d85@group-D626A51ED105-SegmentedRaftLogWorker for RaftStorageImpl:Storage Directory /home/runner/work/ozone/ozone/hadoop-ozone/integration-test/target/test-dir/MiniOzoneClusterImpl-af940217-b311-440f-8e09-352fdf66236b/ozone-meta/datanode-7/ratis/ce0bcb57-9ca8-4104-8923-d626a51ed105
2025-05-14 02:53:38,859 [f4f68937-1ce3-42e1-b3e7-547ae2d23d85-groupManagement] INFO  server.RaftServerConfigKeys (ConfUtils.java:logGet(46)) - raft.server.log.queue.byte-limit = 4294967296 (custom)
2025-05-14 02:53:38,859 [f4f68937-1ce3-42e1-b3e7-547ae2d23d85-groupManagement] INFO  server.RaftServerConfigKeys (ConfUtils.java:logGet(46)) - raft.server.log.queue.element-limit = 1024 (custom)
2025-05-14 02:53:38,859 [f4f68937-1ce3-42e1-b3e7-547ae2d23d85-groupManagement] INFO  server.RaftServerConfigKeys (ConfUtils.java:logGet(46)) - raft.server.log.segment.size.max = 67108864 (custom)
2025-05-14 02:53:38,859 [f4f68937-1ce3-42e1-b3e7-547ae2d23d85-groupManagement] INFO  server.RaftServerConfigKeys (ConfUtils.java:logGet(46)) - raft.server.log.preallocated.size = 4194304 (custom)
2025-05-14 02:53:38,859 [f4f68937-1ce3-42e1-b3e7-547ae2d23d85-groupManagement] INFO  server.RaftServerConfigKeys (ConfUtils.java:logGet(46)) - raft.server.log.force.sync.num = 128 (default)
2025-05-14 02:53:38,859 [f4f68937-1ce3-42e1-b3e7-547ae2d23d85-groupManagement] INFO  server.RaftServerConfigKeys (ConfUtils.java:logGet(46)) - raft.server.log.statemachine.data.sync = true (default)
2025-05-14 02:53:38,859 [f4f68937-1ce3-42e1-b3e7-547ae2d23d85-groupManagement] INFO  server.RaftServerConfigKeys (ConfUtils.java:logGet(46)) - raft.server.log.statemachine.data.sync.timeout = 10s (default)
2025-05-14 02:53:38,859 [f4f68937-1ce3-42e1-b3e7-547ae2d23d85-groupManagement] INFO  server.RaftServerConfigKeys (ConfUtils.java:logGet(46)) - raft.server.log.statemachine.data.sync.timeout.retry = 30 (custom)
2025-05-14 02:53:38,859 [f4f68937-1ce3-42e1-b3e7-547ae2d23d85-groupManagement] INFO  server.RaftServerConfigKeys (ConfUtils.java:logGet(46)) - raft.server.log.write.buffer.size = 33554440 (custom)
2025-05-14 02:53:38,865 [f4f68937-1ce3-42e1-b3e7-547ae2d23d85-groupManagement] INFO  server.RaftServerConfigKeys (ConfUtils.java:logGet(46)) - raft.server.log.appender.buffer.byte-limit = 33554432 (custom)
2025-05-14 02:53:38,865 [f4f68937-1ce3-42e1-b3e7-547ae2d23d85-groupManagement] INFO  server.RaftServerConfigKeys (ConfUtils.java:logGet(46)) - raft.server.log.unsafe-flush.enabled = false (default)
2025-05-14 02:53:38,865 [f4f68937-1ce3-42e1-b3e7-547ae2d23d85-groupManagement] INFO  server.RaftServerConfigKeys (ConfUtils.java:logGet(46)) - raft.server.log.async-flush.enabled = false (default)
2025-05-14 02:53:38,865 [f4f68937-1ce3-42e1-b3e7-547ae2d23d85-groupManagement] INFO  server.RaftServerConfigKeys (ConfUtils.java:logGet(46)) - raft.server.log.statemachine.data.caching.enabled = true (custom)
2025-05-14 02:53:38,865 [f4f68937-1ce3-42e1-b3e7-547ae2d23d85-groupManagement] INFO  segmented.SegmentedRaftLogWorker (SegmentedRaftLogWorker.java:lambda$new$0(139)) - f4f68937-1ce3-42e1-b3e7-547ae2d23d85@group-D626A51ED105-SegmentedRaftLogWorker: flushIndex: setUnconditionally 0 -> -1
2025-05-14 02:53:38,866 [f4f68937-1ce3-42e1-b3e7-547ae2d23d85-groupManagement] INFO  segmented.SegmentedRaftLogWorker (SegmentedRaftLogWorker.java:lambda$new$0(139)) - f4f68937-1ce3-42e1-b3e7-547ae2d23d85@group-D626A51ED105-SegmentedRaftLogWorker: safeCacheEvictIndex: setUnconditionally 0 -> -1
2025-05-14 02:53:38,866 [f4f68937-1ce3-42e1-b3e7-547ae2d23d85-groupManagement] INFO  server.RaftServer$Division (RaftServerImpl.java:start(391)) - f4f68937-1ce3-42e1-b3e7-547ae2d23d85@group-D626A51ED105: start as a follower, conf=conf: {index: -1, cur=peers:[f4f68937-1ce3-42e1-b3e7-547ae2d23d85|127.0.0.1:15063, 6338fc9c-a704-4fa0-9c76-ba0cbc116aba|127.0.0.1:15079, 8e51993b-4f71-45b0-84f2-cf37ffbd2099|127.0.0.1:15071]|listeners:[], old=null}
2025-05-14 02:53:38,866 [f4f68937-1ce3-42e1-b3e7-547ae2d23d85-groupManagement] INFO  server.RaftServer$Division (RaftServerImpl.java:setRole(378)) - f4f68937-1ce3-42e1-b3e7-547ae2d23d85@group-D626A51ED105: changes role from      null to FOLLOWER at term 0 for startAsFollower
2025-05-14 02:53:38,866 [f4f68937-1ce3-42e1-b3e7-547ae2d23d85-groupManagement] INFO  impl.RoleInfo (RoleInfo.java:updateAndGet(148)) - f4f68937-1ce3-42e1-b3e7-547ae2d23d85: start f4f68937-1ce3-42e1-b3e7-547ae2d23d85@group-D626A51ED105-FollowerState
2025-05-14 02:53:38,866 [f4f68937-1ce3-42e1-b3e7-547ae2d23d85-groupManagement] INFO  util.JmxRegister (JmxRegister.java:tryRegister(44)) - Successfully registered JMX Bean with object name Ratis:service=RaftServer,group=group-D626A51ED105,id=f4f68937-1ce3-42e1-b3e7-547ae2d23d85
2025-05-14 02:53:38,866 [f4f68937-1ce3-42e1-b3e7-547ae2d23d85-groupManagement] INFO  util.JmxRegister (JmxRegister.java:register(58)) - register mxBean class org.apache.ratis.server.impl.RaftServerJmxAdapter as Ratis:service=RaftServer,group=group-D626A51ED105,id=f4f68937-1ce3-42e1-b3e7-547ae2d23d85
2025-05-14 02:53:38,867 [f4f68937-1ce3-42e1-b3e7-547ae2d23d85-groupManagement] INFO  server.RaftServerConfigKeys (ConfUtils.java:logGet(46)) - raft.server.snapshot.trigger-when-stop.enabled = true (default)
2025-05-14 02:53:38,867 [f4f68937-1ce3-42e1-b3e7-547ae2d23d85-groupManagement] INFO  server.RaftServerConfigKeys (ConfUtils.java:logGet(46)) - raft.server.snapshot.trigger-when-remove.enabled = true (default)
2025-05-14 02:53:38,867 [f4f68937-1ce3-42e1-b3e7-547ae2d23d85-groupManagement] INFO  server.RaftServerConfigKeys (ConfUtils.java:logGet(46)) - raft.server.snapshot.auto.trigger.enabled = true (custom)
2025-05-14 02:53:38,867 [f4f68937-1ce3-42e1-b3e7-547ae2d23d85-groupManagement] INFO  server.RaftServerConfigKeys (ConfUtils.java:logGet(46)) - raft.server.snapshot.auto.trigger.threshold = 1 (custom)
2025-05-14 02:53:38,867 [f4f68937-1ce3-42e1-b3e7-547ae2d23d85-groupManagement] INFO  server.RaftServerConfigKeys (ConfUtils.java:logGet(46)) - raft.server.snapshot.retention.file.num = 5 (custom)
2025-05-14 02:53:38,867 [f4f68937-1ce3-42e1-b3e7-547ae2d23d85-groupManagement] INFO  server.RaftServerConfigKeys (ConfUtils.java:logGet(46)) - raft.server.log.purge.upto.snapshot.index = false (default)
2025-05-14 02:53:38,866 [f4f68937-1ce3-42e1-b3e7-547ae2d23d85@group-D626A51ED105-FollowerState] INFO  server.RaftServerConfigKeys (ConfUtils.java:logGet(46)) - raft.server.rpc.first-election.timeout.min = 1000ms (custom)
2025-05-14 02:53:38,868 [f4f68937-1ce3-42e1-b3e7-547ae2d23d85@group-D626A51ED105-FollowerState] INFO  server.RaftServerConfigKeys (ConfUtils.java:logGet(46)) - raft.server.rpc.first-election.timeout.max = 1200ms (custom)
2025-05-14 02:53:38,868 [f4f68937-1ce3-42e1-b3e7-547ae2d23d85-groupManagement] INFO  server.RaftServer$Division (RaftServerImpl.java:start(405)) - f4f68937-1ce3-42e1-b3e7-547ae2d23d85@group-D626A51ED105: Successfully started.
2025-05-14 02:53:38,869 [f4f68937-1ce3-42e1-b3e7-547ae2d23d85-PipelineCommandHandlerThread-0] INFO  ratis.XceiverServerRatis (XceiverServerRatis.java:addGroup(843)) - Created group PipelineID=ce0bcb57-9ca8-4104-8923-d626a51ed105
2025-05-14 02:53:38,876 [grpc-default-executor-1] INFO  server.RaftServer (RaftServerProxy.java:addNew(100)) - 6338fc9c-a704-4fa0-9c76-ba0cbc116aba: addNew group-D626A51ED105:[f4f68937-1ce3-42e1-b3e7-547ae2d23d85|127.0.0.1:15063, 6338fc9c-a704-4fa0-9c76-ba0cbc116aba|127.0.0.1:15079, 8e51993b-4f71-45b0-84f2-cf37ffbd2099|127.0.0.1:15071] returns group-D626A51ED105:java.util.concurrent.CompletableFuture@3b58291f[Not completed]
2025-05-14 02:53:38,877 [6338fc9c-a704-4fa0-9c76-ba0cbc116aba-groupManagement] INFO  server.RaftServer$Division (RaftServerImpl.java:<init>(255)) - 6338fc9c-a704-4fa0-9c76-ba0cbc116aba: new RaftServerImpl for group-D626A51ED105:[f4f68937-1ce3-42e1-b3e7-547ae2d23d85|127.0.0.1:15063, 6338fc9c-a704-4fa0-9c76-ba0cbc116aba|127.0.0.1:15079, 8e51993b-4f71-45b0-84f2-cf37ffbd2099|127.0.0.1:15071] with ContainerStateMachine:uninitialized
2025-05-14 02:53:38,877 [6338fc9c-a704-4fa0-9c76-ba0cbc116aba-groupManagement] INFO  server.RaftServerConfigKeys (ConfUtils.java:logGet(46)) - raft.server.rpc.timeout.min = 5s (custom)
2025-05-14 02:53:38,877 [6338fc9c-a704-4fa0-9c76-ba0cbc116aba-groupManagement] INFO  server.RaftServerConfigKeys (ConfUtils.java:logGet(46)) - raft.server.rpc.timeout.max = 5200ms (custom)
2025-05-14 02:53:38,877 [6338fc9c-a704-4fa0-9c76-ba0cbc116aba-groupManagement] INFO  server.RaftServerConfigKeys (ConfUtils.java:logGet(46)) - raft.server.rpc.sleep.time = 25ms (default)
2025-05-14 02:53:38,877 [6338fc9c-a704-4fa0-9c76-ba0cbc116aba-groupManagement] INFO  server.RaftServerConfigKeys (ConfUtils.java:logGet(46)) - raft.server.rpc.slowness.timeout = 300000ms (custom)
2025-05-14 02:53:38,877 [6338fc9c-a704-4fa0-9c76-ba0cbc116aba-groupManagement] INFO  server.RaftServerConfigKeys (ConfUtils.java:logGet(46)) - raft.server.leaderelection.leader.step-down.wait-time = 10s (default)
2025-05-14 02:53:38,878 [6338fc9c-a704-4fa0-9c76-ba0cbc116aba-groupManagement] INFO  server.RaftServerConfigKeys (ConfUtils.java:logGet(46)) - raft.server.leaderelection.member.majority-add = false (default)
2025-05-14 02:53:38,878 [6338fc9c-a704-4fa0-9c76-ba0cbc116aba-groupManagement] INFO  server.RaftServerConfigKeys (ConfUtils.java:logGet(46)) - raft.server.sleep.deviation.threshold = 300ms (default)
2025-05-14 02:53:38,878 [6338fc9c-a704-4fa0-9c76-ba0cbc116aba-groupManagement] INFO  server.RaftServer$Division (ServerState.java:<init>(114)) - 6338fc9c-a704-4fa0-9c76-ba0cbc116aba@group-D626A51ED105: ConfigurationManager, init=conf: {index: -1, cur=peers:[f4f68937-1ce3-42e1-b3e7-547ae2d23d85|127.0.0.1:15063, 6338fc9c-a704-4fa0-9c76-ba0cbc116aba|127.0.0.1:15079, 8e51993b-4f71-45b0-84f2-cf37ffbd2099|127.0.0.1:15071]|listeners:[], old=null}, confs=<EMPTY_MAP>
2025-05-14 02:53:38,878 [6338fc9c-a704-4fa0-9c76-ba0cbc116aba-groupManagement] INFO  server.RaftServerConfigKeys (ConfUtils.java:logGet(46)) - raft.server.notification.no-leader.timeout = 300000ms (custom)
2025-05-14 02:53:38,878 [6338fc9c-a704-4fa0-9c76-ba0cbc116aba-groupManagement] INFO  server.RaftServerConfigKeys (ConfUtils.java:logGet(46)) - raft.server.read.timeout = 10s (default)
2025-05-14 02:53:38,878 [6338fc9c-a704-4fa0-9c76-ba0cbc116aba-groupManagement] INFO  server.RaftServerConfigKeys (ConfUtils.java:logGet(46)) - raft.server.retrycache.expirytime = 600000ms (custom)
2025-05-14 02:53:38,878 [6338fc9c-a704-4fa0-9c76-ba0cbc116aba-groupManagement] INFO  server.RaftServerConfigKeys (ConfUtils.java:logGet(46)) - raft.server.retrycache.statistics.expirytime = 100ms (default)
2025-05-14 02:53:38,878 [6338fc9c-a704-4fa0-9c76-ba0cbc116aba-groupManagement] INFO  server.RaftServerConfigKeys (ConfUtils.java:logGet(46)) - raft.server.read.option = DEFAULT (default)
2025-05-14 02:53:38,878 [6338fc9c-a704-4fa0-9c76-ba0cbc116aba-groupManagement] INFO  server.RaftServerConfigKeys (ConfUtils.java:logGet(46)) - raft.server.read.read-after-write-consistent.write-index-cache.expiry-time = 60s (default)
2025-05-14 02:53:38,883 [6338fc9c-a704-4fa0-9c76-ba0cbc116aba-groupManagement] INFO  server.RaftServerConfigKeys (ConfUtils.java:logGet(46)) - raft.server.rpc.request.timeout = 3000ms (default)
2025-05-14 02:53:38,883 [6338fc9c-a704-4fa0-9c76-ba0cbc116aba-groupManagement] INFO  server.RaftServerConfigKeys (ConfUtils.java:logGet(46)) - raft.server.log.appender.install.snapshot.enabled = false (custom)
2025-05-14 02:53:38,884 [6338fc9c-a704-4fa0-9c76-ba0cbc116aba-groupManagement] INFO  server.RaftServerConfigKeys (ConfUtils.java:logGet(46)) - raft.server.threadpool.server.cached = true (default)
2025-05-14 02:53:38,884 [6338fc9c-a704-4fa0-9c76-ba0cbc116aba-groupManagement] INFO  server.RaftServerConfigKeys (ConfUtils.java:logGet(46)) - raft.server.threadpool.server.size = 0 (default)
2025-05-14 02:53:38,885 [6338fc9c-a704-4fa0-9c76-ba0cbc116aba-groupManagement] INFO  server.RaftServerConfigKeys (ConfUtils.java:logGet(46)) - raft.server.threadpool.client.cached = true (default)
2025-05-14 02:53:38,885 [6338fc9c-a704-4fa0-9c76-ba0cbc116aba-groupManagement] INFO  server.RaftServerConfigKeys (ConfUtils.java:logGet(46)) - raft.server.threadpool.client.size = 0 (default)
2025-05-14 02:53:38,885 [6338fc9c-a704-4fa0-9c76-ba0cbc116aba-groupManagement] INFO  server.RaftServerConfigKeys (ConfUtils.java:logGet(46)) - raft.server.storage.free-space.min = 0MB (=0) (default)
2025-05-14 02:53:38,886 [6338fc9c-a704-4fa0-9c76-ba0cbc116aba-groupManagement] INFO  server.RaftServerConfigKeys (ConfUtils.java:logGet(46)) - raft.server.log.corruption.policy = EXCEPTION (default)
2025-05-14 02:53:38,886 [6338fc9c-a704-4fa0-9c76-ba0cbc116aba-groupManagement] INFO  server.RaftServerConfigKeys (ConfUtils.java:logGet(46)) - raft.server.storage.dir = [/home/runner/work/ozone/ozone/hadoop-ozone/integration-test/target/test-dir/MiniOzoneClusterImpl-af940217-b311-440f-8e09-352fdf66236b/ozone-meta/datanode-9/ratis] (custom)
2025-05-14 02:53:38,886 [6338fc9c-a704-4fa0-9c76-ba0cbc116aba-groupManagement] INFO  storage.RaftStorageDirectory (RaftStorageDirectoryImpl.java:analyzeStorage(138)) - The storage directory /home/runner/work/ozone/ozone/hadoop-ozone/integration-test/target/test-dir/MiniOzoneClusterImpl-af940217-b311-440f-8e09-352fdf66236b/ozone-meta/datanode-9/ratis/ce0bcb57-9ca8-4104-8923-d626a51ed105 does not exist. Creating ...
2025-05-14 02:53:38,887 [6338fc9c-a704-4fa0-9c76-ba0cbc116aba-groupManagement] INFO  storage.RaftStorageDirectory (RaftStorageDirectoryImpl.java:tryLock(229)) - Lock on /home/runner/work/ozone/ozone/hadoop-ozone/integration-test/target/test-dir/MiniOzoneClusterImpl-af940217-b311-440f-8e09-352fdf66236b/ozone-meta/datanode-9/ratis/ce0bcb57-9ca8-4104-8923-d626a51ed105/in_use.lock acquired by nodename 34763@localhost
2025-05-14 02:53:38,889 [6338fc9c-a704-4fa0-9c76-ba0cbc116aba-groupManagement] INFO  storage.RaftStorage (RaftStorageImpl.java:format(98)) - Storage directory /home/runner/work/ozone/ozone/hadoop-ozone/integration-test/target/test-dir/MiniOzoneClusterImpl-af940217-b311-440f-8e09-352fdf66236b/ozone-meta/datanode-9/ratis/ce0bcb57-9ca8-4104-8923-d626a51ed105 has been successfully formatted.
2025-05-14 02:53:38,889 [6338fc9c-a704-4fa0-9c76-ba0cbc116aba-groupManagement] INFO  ratis.ContainerStateMachine (ContainerStateMachine.java:initialize(339)) - 6338fc9c-a704-4fa0-9c76-ba0cbc116aba: initialize group-D626A51ED105
2025-05-14 02:53:38,890 [6338fc9c-a704-4fa0-9c76-ba0cbc116aba-groupManagement] INFO  ratis.ContainerStateMachine (ContainerStateMachine.java:loadSnapshot(347)) - group-D626A51ED105: The snapshot info is null. Setting the last applied index to:(t:0, i:~)
2025-05-14 02:53:38,890 [6338fc9c-a704-4fa0-9c76-ba0cbc116aba-groupManagement] INFO  server.RaftServerConfigKeys (ConfUtils.java:logGet(46)) - raft.server.log.use.memory = false (default)
2025-05-14 02:53:38,891 [8e51993b-4f71-45b0-84f2-cf37ffbd2099-PipelineCommandHandlerThread-0] INFO  server.RaftServer (RaftServerProxy.java:addNew(100)) - 8e51993b-4f71-45b0-84f2-cf37ffbd2099: addNew group-2F53F772D121:[8e51993b-4f71-45b0-84f2-cf37ffbd2099|127.0.0.1:15071] returns group-2F53F772D121:java.util.concurrent.CompletableFuture@5f7bce70[Not completed]
2025-05-14 02:53:38,892 [6338fc9c-a704-4fa0-9c76-ba0cbc116aba-groupManagement] INFO  server.RaftServerConfigKeys (ConfUtils.java:logGet(46)) - raft.server.log.purge.gap = 1000000 (custom)
2025-05-14 02:53:38,892 [6338fc9c-a704-4fa0-9c76-ba0cbc116aba-groupManagement] INFO  server.RaftServerConfigKeys (ConfUtils.java:logGet(46)) - raft.server.log.appender.buffer.byte-limit = 33554432 (custom)
2025-05-14 02:53:38,892 [6338fc9c-a704-4fa0-9c76-ba0cbc116aba-groupManagement] INFO  server.RaftServerConfigKeys (ConfUtils.java:logGet(46)) - raft.server.log.statemachine.data.read.timeout = 1000ms (default)
2025-05-14 02:53:38,892 [6338fc9c-a704-4fa0-9c76-ba0cbc116aba-groupManagement] INFO  server.RaftServerConfigKeys (ConfUtils.java:logGet(46)) - raft.server.log.purge.preservation.log.num = 0 (default)
2025-05-14 02:53:38,894 [6338fc9c-a704-4fa0-9c76-ba0cbc116aba-groupManagement] INFO  server.RaftServerConfigKeys (ConfUtils.java:logGet(46)) - raft.server.log.segment.size.max = 67108864 (custom)
2025-05-14 02:53:38,895 [6338fc9c-a704-4fa0-9c76-ba0cbc116aba-groupManagement] INFO  server.RaftServerConfigKeys (ConfUtils.java:logGet(46)) - raft.server.log.segment.cache.num.max = 2 (custom)
2025-05-14 02:53:38,895 [6338fc9c-a704-4fa0-9c76-ba0cbc116aba-groupManagement] INFO  server.RaftServerConfigKeys (ConfUtils.java:logGet(46)) - raft.server.log.segment.cache.size.max = 200MB (=209715200) (default)
2025-05-14 02:53:38,895 [6338fc9c-a704-4fa0-9c76-ba0cbc116aba-groupManagement] INFO  server.RaftServerConfigKeys (ConfUtils.java:logGet(46)) - raft.server.log.appender.buffer.byte-limit = 33554432 (custom)
2025-05-14 02:53:38,895 [8e51993b-4f71-45b0-84f2-cf37ffbd2099-groupManagement] INFO  server.RaftServer$Division (RaftServerImpl.java:<init>(255)) - 8e51993b-4f71-45b0-84f2-cf37ffbd2099: new RaftServerImpl for group-2F53F772D121:[8e51993b-4f71-45b0-84f2-cf37ffbd2099|127.0.0.1:15071] with ContainerStateMachine:uninitialized
2025-05-14 02:53:38,896 [8e51993b-4f71-45b0-84f2-cf37ffbd2099-groupManagement] INFO  server.RaftServerConfigKeys (ConfUtils.java:logGet(46)) - raft.server.rpc.timeout.min = 5s (custom)
2025-05-14 02:53:38,897 [8e51993b-4f71-45b0-84f2-cf37ffbd2099-groupManagement] INFO  server.RaftServerConfigKeys (ConfUtils.java:logGet(46)) - raft.server.rpc.timeout.max = 5200ms (custom)
2025-05-14 02:53:38,897 [8e51993b-4f71-45b0-84f2-cf37ffbd2099-groupManagement] INFO  server.RaftServerConfigKeys (ConfUtils.java:logGet(46)) - raft.server.rpc.sleep.time = 25ms (default)
2025-05-14 02:53:38,897 [8e51993b-4f71-45b0-84f2-cf37ffbd2099-groupManagement] INFO  server.RaftServerConfigKeys (ConfUtils.java:logGet(46)) - raft.server.rpc.slowness.timeout = 300000ms (custom)
2025-05-14 02:53:38,897 [6338fc9c-a704-4fa0-9c76-ba0cbc116aba-groupManagement] INFO  util.AwaitToRun (AwaitToRun.java:start(81)) - Thread[#1377,6338fc9c-a704-4fa0-9c76-ba0cbc116aba@group-D626A51ED105-cacheEviction-AwaitToRun,5,main] started
2025-05-14 02:53:38,898 [6338fc9c-a704-4fa0-9c76-ba0cbc116aba-groupManagement] INFO  segmented.SegmentedRaftLogWorker (SegmentedRaftLogWorker.java:<init>(188)) - new 6338fc9c-a704-4fa0-9c76-ba0cbc116aba@group-D626A51ED105-SegmentedRaftLogWorker for RaftStorageImpl:Storage Directory /home/runner/work/ozone/ozone/hadoop-ozone/integration-test/target/test-dir/MiniOzoneClusterImpl-af940217-b311-440f-8e09-352fdf66236b/ozone-meta/datanode-9/ratis/ce0bcb57-9ca8-4104-8923-d626a51ed105
2025-05-14 02:53:38,898 [6338fc9c-a704-4fa0-9c76-ba0cbc116aba-groupManagement] INFO  server.RaftServerConfigKeys (ConfUtils.java:logGet(46)) - raft.server.log.queue.byte-limit = 4294967296 (custom)
2025-05-14 02:53:38,898 [6338fc9c-a704-4fa0-9c76-ba0cbc116aba-groupManagement] INFO  server.RaftServerConfigKeys (ConfUtils.java:logGet(46)) - raft.server.log.queue.element-limit = 1024 (custom)
2025-05-14 02:53:38,898 [6338fc9c-a704-4fa0-9c76-ba0cbc116aba-groupManagement] INFO  server.RaftServerConfigKeys (ConfUtils.java:logGet(46)) - raft.server.log.segment.size.max = 67108864 (custom)
2025-05-14 02:53:38,898 [6338fc9c-a704-4fa0-9c76-ba0cbc116aba-groupManagement] INFO  server.RaftServerConfigKeys (ConfUtils.java:logGet(46)) - raft.server.log.preallocated.size = 4194304 (custom)
2025-05-14 02:53:38,898 [6338fc9c-a704-4fa0-9c76-ba0cbc116aba-groupManagement] INFO  server.RaftServerConfigKeys (ConfUtils.java:logGet(46)) - raft.server.log.force.sync.num = 128 (default)
2025-05-14 02:53:38,898 [6338fc9c-a704-4fa0-9c76-ba0cbc116aba-groupManagement] INFO  server.RaftServerConfigKeys (ConfUtils.java:logGet(46)) - raft.server.log.statemachine.data.sync = true (default)
2025-05-14 02:53:38,898 [6338fc9c-a704-4fa0-9c76-ba0cbc116aba-groupManagement] INFO  server.RaftServerConfigKeys (ConfUtils.java:logGet(46)) - raft.server.log.statemachine.data.sync.timeout = 10s (default)
2025-05-14 02:53:38,898 [6338fc9c-a704-4fa0-9c76-ba0cbc116aba-groupManagement] INFO  server.RaftServerConfigKeys (ConfUtils.java:logGet(46)) - raft.server.log.statemachine.data.sync.timeout.retry = 30 (custom)
2025-05-14 02:53:38,898 [6338fc9c-a704-4fa0-9c76-ba0cbc116aba-groupManagement] INFO  server.RaftServerConfigKeys (ConfUtils.java:logGet(46)) - raft.server.log.write.buffer.size = 33554440 (custom)
2025-05-14 02:53:38,899 [8e51993b-4f71-45b0-84f2-cf37ffbd2099-groupManagement] INFO  server.RaftServerConfigKeys (ConfUtils.java:logGet(46)) - raft.server.leaderelection.leader.step-down.wait-time = 10s (default)
2025-05-14 02:53:38,899 [8e51993b-4f71-45b0-84f2-cf37ffbd2099-groupManagement] INFO  server.RaftServerConfigKeys (ConfUtils.java:logGet(46)) - raft.server.leaderelection.member.majority-add = false (default)
2025-05-14 02:53:38,899 [8e51993b-4f71-45b0-84f2-cf37ffbd2099-groupManagement] INFO  server.RaftServerConfigKeys (ConfUtils.java:logGet(46)) - raft.server.sleep.deviation.threshold = 300ms (default)
2025-05-14 02:53:38,899 [8e51993b-4f71-45b0-84f2-cf37ffbd2099-groupManagement] INFO  server.RaftServer$Division (ServerState.java:<init>(114)) - 8e51993b-4f71-45b0-84f2-cf37ffbd2099@group-2F53F772D121: ConfigurationManager, init=conf: {index: -1, cur=peers:[8e51993b-4f71-45b0-84f2-cf37ffbd2099|127.0.0.1:15071]|listeners:[], old=null}, confs=<EMPTY_MAP>
2025-05-14 02:53:38,899 [8e51993b-4f71-45b0-84f2-cf37ffbd2099-groupManagement] INFO  server.RaftServerConfigKeys (ConfUtils.java:logGet(46)) - raft.server.notification.no-leader.timeout = 300000ms (custom)
2025-05-14 02:53:38,900 [8e51993b-4f71-45b0-84f2-cf37ffbd2099-groupManagement] INFO  server.RaftServerConfigKeys (ConfUtils.java:logGet(46)) - raft.server.read.timeout = 10s (default)
2025-05-14 02:53:38,900 [8e51993b-4f71-45b0-84f2-cf37ffbd2099-groupManagement] INFO  server.RaftServerConfigKeys (ConfUtils.java:logGet(46)) - raft.server.retrycache.expirytime = 600000ms (custom)
2025-05-14 02:53:38,900 [8e51993b-4f71-45b0-84f2-cf37ffbd2099-groupManagement] INFO  server.RaftServerConfigKeys (ConfUtils.java:logGet(46)) - raft.server.retrycache.statistics.expirytime = 100ms (default)
2025-05-14 02:53:38,900 [8e51993b-4f71-45b0-84f2-cf37ffbd2099-groupManagement] INFO  server.RaftServerConfigKeys (ConfUtils.java:logGet(46)) - raft.server.read.option = DEFAULT (default)
2025-05-14 02:53:38,900 [8e51993b-4f71-45b0-84f2-cf37ffbd2099-groupManagement] INFO  server.RaftServerConfigKeys (ConfUtils.java:logGet(46)) - raft.server.read.read-after-write-consistent.write-index-cache.expiry-time = 60s (default)
2025-05-14 02:53:38,908 [8e51993b-4f71-45b0-84f2-cf37ffbd2099-groupManagement] INFO  server.RaftServerConfigKeys (ConfUtils.java:logGet(46)) - raft.server.rpc.request.timeout = 3000ms (default)
2025-05-14 02:53:38,908 [8e51993b-4f71-45b0-84f2-cf37ffbd2099-groupManagement] INFO  server.RaftServerConfigKeys (ConfUtils.java:logGet(46)) - raft.server.log.appender.install.snapshot.enabled = false (custom)
2025-05-14 02:53:38,908 [8e51993b-4f71-45b0-84f2-cf37ffbd2099-groupManagement] INFO  server.RaftServerConfigKeys (ConfUtils.java:logGet(46)) - raft.server.threadpool.server.cached = true (default)
2025-05-14 02:53:38,908 [8e51993b-4f71-45b0-84f2-cf37ffbd2099-groupManagement] INFO  server.RaftServerConfigKeys (ConfUtils.java:logGet(46)) - raft.server.threadpool.server.size = 0 (default)
2025-05-14 02:53:38,908 [8e51993b-4f71-45b0-84f2-cf37ffbd2099-groupManagement] INFO  server.RaftServerConfigKeys (ConfUtils.java:logGet(46)) - raft.server.threadpool.client.cached = true (default)
2025-05-14 02:53:38,909 [8e51993b-4f71-45b0-84f2-cf37ffbd2099-groupManagement] INFO  server.RaftServerConfigKeys (ConfUtils.java:logGet(46)) - raft.server.threadpool.client.size = 0 (default)
2025-05-14 02:53:38,910 [8e51993b-4f71-45b0-84f2-cf37ffbd2099-groupManagement] INFO  server.RaftServerConfigKeys (ConfUtils.java:logGet(46)) - raft.server.storage.free-space.min = 0MB (=0) (default)
2025-05-14 02:53:38,910 [8e51993b-4f71-45b0-84f2-cf37ffbd2099-groupManagement] INFO  server.RaftServerConfigKeys (ConfUtils.java:logGet(46)) - raft.server.log.corruption.policy = EXCEPTION (default)
2025-05-14 02:53:38,910 [8e51993b-4f71-45b0-84f2-cf37ffbd2099-groupManagement] INFO  server.RaftServerConfigKeys (ConfUtils.java:logGet(46)) - raft.server.storage.dir = [/home/runner/work/ozone/ozone/hadoop-ozone/integration-test/target/test-dir/MiniOzoneClusterImpl-af940217-b311-440f-8e09-352fdf66236b/ozone-meta/datanode-8/ratis] (custom)
2025-05-14 02:53:38,910 [8e51993b-4f71-45b0-84f2-cf37ffbd2099-groupManagement] INFO  storage.RaftStorageDirectory (RaftStorageDirectoryImpl.java:analyzeStorage(138)) - The storage directory /home/runner/work/ozone/ozone/hadoop-ozone/integration-test/target/test-dir/MiniOzoneClusterImpl-af940217-b311-440f-8e09-352fdf66236b/ozone-meta/datanode-8/ratis/a882d325-06d6-4d73-8501-2f53f772d121 does not exist. Creating ...
2025-05-14 02:53:38,912 [6338fc9c-a704-4fa0-9c76-ba0cbc116aba-groupManagement] INFO  server.RaftServerConfigKeys (ConfUtils.java:logGet(46)) - raft.server.log.appender.buffer.byte-limit = 33554432 (custom)
2025-05-14 02:53:38,913 [6338fc9c-a704-4fa0-9c76-ba0cbc116aba-groupManagement] INFO  server.RaftServerConfigKeys (ConfUtils.java:logGet(46)) - raft.server.log.unsafe-flush.enabled = false (default)
2025-05-14 02:53:38,913 [6338fc9c-a704-4fa0-9c76-ba0cbc116aba-groupManagement] INFO  server.RaftServerConfigKeys (ConfUtils.java:logGet(46)) - raft.server.log.async-flush.enabled = false (default)
2025-05-14 02:53:38,913 [6338fc9c-a704-4fa0-9c76-ba0cbc116aba-groupManagement] INFO  server.RaftServerConfigKeys (ConfUtils.java:logGet(46)) - raft.server.log.statemachine.data.caching.enabled = true (custom)
2025-05-14 02:53:38,914 [6338fc9c-a704-4fa0-9c76-ba0cbc116aba-groupManagement] INFO  segmented.SegmentedRaftLogWorker (SegmentedRaftLogWorker.java:lambda$new$0(139)) - 6338fc9c-a704-4fa0-9c76-ba0cbc116aba@group-D626A51ED105-SegmentedRaftLogWorker: flushIndex: setUnconditionally 0 -> -1
2025-05-14 02:53:38,914 [6338fc9c-a704-4fa0-9c76-ba0cbc116aba-groupManagement] INFO  segmented.SegmentedRaftLogWorker (SegmentedRaftLogWorker.java:lambda$new$0(139)) - 6338fc9c-a704-4fa0-9c76-ba0cbc116aba@group-D626A51ED105-SegmentedRaftLogWorker: safeCacheEvictIndex: setUnconditionally 0 -> -1
2025-05-14 02:53:38,915 [6338fc9c-a704-4fa0-9c76-ba0cbc116aba-groupManagement] INFO  server.RaftServer$Division (RaftServerImpl.java:start(391)) - 6338fc9c-a704-4fa0-9c76-ba0cbc116aba@group-D626A51ED105: start as a follower, conf=conf: {index: -1, cur=peers:[f4f68937-1ce3-42e1-b3e7-547ae2d23d85|127.0.0.1:15063, 6338fc9c-a704-4fa0-9c76-ba0cbc116aba|127.0.0.1:15079, 8e51993b-4f71-45b0-84f2-cf37ffbd2099|127.0.0.1:15071]|listeners:[], old=null}
2025-05-14 02:53:38,915 [6338fc9c-a704-4fa0-9c76-ba0cbc116aba-groupManagement] INFO  server.RaftServer$Division (RaftServerImpl.java:setRole(378)) - 6338fc9c-a704-4fa0-9c76-ba0cbc116aba@group-D626A51ED105: changes role from      null to FOLLOWER at term 0 for startAsFollower
2025-05-14 02:53:38,915 [6338fc9c-a704-4fa0-9c76-ba0cbc116aba-groupManagement] INFO  impl.RoleInfo (RoleInfo.java:updateAndGet(148)) - 6338fc9c-a704-4fa0-9c76-ba0cbc116aba: start 6338fc9c-a704-4fa0-9c76-ba0cbc116aba@group-D626A51ED105-FollowerState
2025-05-14 02:53:38,912 [6338fc9c-a704-4fa0-9c76-ba0cbc116aba-PipelineCommandHandlerThread-0] INFO  server.RaftServer (RaftServerProxy.java:addNew(100)) - 6338fc9c-a704-4fa0-9c76-ba0cbc116aba: addNew group-5FB1EBE2B0BE:[6338fc9c-a704-4fa0-9c76-ba0cbc116aba|127.0.0.1:15079] returns group-5FB1EBE2B0BE:java.util.concurrent.CompletableFuture@1e8cf732[Not completed]
2025-05-14 02:53:38,912 [8e51993b-4f71-45b0-84f2-cf37ffbd2099-groupManagement] INFO  storage.RaftStorageDirectory (RaftStorageDirectoryImpl.java:tryLock(229)) - Lock on /home/runner/work/ozone/ozone/hadoop-ozone/integration-test/target/test-dir/MiniOzoneClusterImpl-af940217-b311-440f-8e09-352fdf66236b/ozone-meta/datanode-8/ratis/a882d325-06d6-4d73-8501-2f53f772d121/in_use.lock acquired by nodename 34763@localhost
2025-05-14 02:53:38,916 [6338fc9c-a704-4fa0-9c76-ba0cbc116aba-groupManagement] INFO  util.JmxRegister (JmxRegister.java:tryRegister(44)) - Successfully registered JMX Bean with object name Ratis:service=RaftServer,group=group-D626A51ED105,id=6338fc9c-a704-4fa0-9c76-ba0cbc116aba
2025-05-14 02:53:38,916 [6338fc9c-a704-4fa0-9c76-ba0cbc116aba@group-D626A51ED105-FollowerState] INFO  server.RaftServerConfigKeys (ConfUtils.java:logGet(46)) - raft.server.rpc.first-election.timeout.min = 1000ms (custom)
2025-05-14 02:53:38,917 [6338fc9c-a704-4fa0-9c76-ba0cbc116aba@group-D626A51ED105-FollowerState] INFO  server.RaftServerConfigKeys (ConfUtils.java:logGet(46)) - raft.server.rpc.first-election.timeout.max = 1200ms (custom)
2025-05-14 02:53:38,917 [8e51993b-4f71-45b0-84f2-cf37ffbd2099-groupManagement] INFO  storage.RaftStorage (RaftStorageImpl.java:format(98)) - Storage directory /home/runner/work/ozone/ozone/hadoop-ozone/integration-test/target/test-dir/MiniOzoneClusterImpl-af940217-b311-440f-8e09-352fdf66236b/ozone-meta/datanode-8/ratis/a882d325-06d6-4d73-8501-2f53f772d121 has been successfully formatted.
2025-05-14 02:53:38,916 [6338fc9c-a704-4fa0-9c76-ba0cbc116aba-groupManagement] INFO  util.JmxRegister (JmxRegister.java:register(58)) - register mxBean class org.apache.ratis.server.impl.RaftServerJmxAdapter as Ratis:service=RaftServer,group=group-D626A51ED105,id=6338fc9c-a704-4fa0-9c76-ba0cbc116aba
2025-05-14 02:53:38,918 [6338fc9c-a704-4fa0-9c76-ba0cbc116aba-groupManagement] INFO  server.RaftServerConfigKeys (ConfUtils.java:logGet(46)) - raft.server.snapshot.trigger-when-stop.enabled = true (default)
2025-05-14 02:53:38,918 [6338fc9c-a704-4fa0-9c76-ba0cbc116aba-groupManagement] INFO  server.RaftServerConfigKeys (ConfUtils.java:logGet(46)) - raft.server.snapshot.trigger-when-remove.enabled = true (default)
2025-05-14 02:53:38,918 [6338fc9c-a704-4fa0-9c76-ba0cbc116aba-groupManagement] INFO  server.RaftServerConfigKeys (ConfUtils.java:logGet(46)) - raft.server.snapshot.auto.trigger.enabled = true (custom)
2025-05-14 02:53:38,918 [6338fc9c-a704-4fa0-9c76-ba0cbc116aba-groupManagement] INFO  server.RaftServerConfigKeys (ConfUtils.java:logGet(46)) - raft.server.snapshot.auto.trigger.threshold = 1 (custom)
2025-05-14 02:53:38,918 [6338fc9c-a704-4fa0-9c76-ba0cbc116aba-groupManagement] INFO  server.RaftServerConfigKeys (ConfUtils.java:logGet(46)) - raft.server.snapshot.retention.file.num = 5 (custom)
2025-05-14 02:53:38,918 [6338fc9c-a704-4fa0-9c76-ba0cbc116aba-groupManagement] INFO  server.RaftServerConfigKeys (ConfUtils.java:logGet(46)) - raft.server.log.purge.upto.snapshot.index = false (default)
2025-05-14 02:53:38,918 [8e51993b-4f71-45b0-84f2-cf37ffbd2099-groupManagement] INFO  ratis.ContainerStateMachine (ContainerStateMachine.java:initialize(339)) - 8e51993b-4f71-45b0-84f2-cf37ffbd2099: initialize group-2F53F772D121
2025-05-14 02:53:38,919 [8e51993b-4f71-45b0-84f2-cf37ffbd2099-groupManagement] INFO  ratis.ContainerStateMachine (ContainerStateMachine.java:loadSnapshot(347)) - group-2F53F772D121: The snapshot info is null. Setting the last applied index to:(t:0, i:~)
2025-05-14 02:53:38,919 [8e51993b-4f71-45b0-84f2-cf37ffbd2099-groupManagement] INFO  server.RaftServerConfigKeys (ConfUtils.java:logGet(46)) - raft.server.log.use.memory = false (default)
2025-05-14 02:53:38,919 [6338fc9c-a704-4fa0-9c76-ba0cbc116aba-groupManagement] INFO  server.RaftServer$Division (RaftServerImpl.java:start(405)) - 6338fc9c-a704-4fa0-9c76-ba0cbc116aba@group-D626A51ED105: Successfully started.
2025-05-14 02:53:38,919 [8e51993b-4f71-45b0-84f2-cf37ffbd2099-groupManagement] INFO  server.RaftServerConfigKeys (ConfUtils.java:logGet(46)) - raft.server.log.purge.gap = 1000000 (custom)
2025-05-14 02:53:38,919 [8e51993b-4f71-45b0-84f2-cf37ffbd2099-groupManagement] INFO  server.RaftServerConfigKeys (ConfUtils.java:logGet(46)) - raft.server.log.appender.buffer.byte-limit = 33554432 (custom)
2025-05-14 02:53:38,919 [8e51993b-4f71-45b0-84f2-cf37ffbd2099-groupManagement] INFO  server.RaftServerConfigKeys (ConfUtils.java:logGet(46)) - raft.server.log.statemachine.data.read.timeout = 1000ms (default)
2025-05-14 02:53:38,919 [8e51993b-4f71-45b0-84f2-cf37ffbd2099-groupManagement] INFO  server.RaftServerConfigKeys (ConfUtils.java:logGet(46)) - raft.server.log.purge.preservation.log.num = 0 (default)
2025-05-14 02:53:38,923 [6338fc9c-a704-4fa0-9c76-ba0cbc116aba-groupManagement] INFO  server.RaftServer$Division (RaftServerImpl.java:<init>(255)) - 6338fc9c-a704-4fa0-9c76-ba0cbc116aba: new RaftServerImpl for group-5FB1EBE2B0BE:[6338fc9c-a704-4fa0-9c76-ba0cbc116aba|127.0.0.1:15079] with ContainerStateMachine:uninitialized
2025-05-14 02:53:38,924 [8e51993b-4f71-45b0-84f2-cf37ffbd2099-groupManagement] INFO  server.RaftServerConfigKeys (ConfUtils.java:logGet(46)) - raft.server.log.segment.size.max = 67108864 (custom)
2025-05-14 02:53:38,925 [EventQueue-PipelineReportForPipelineReportHandler] INFO  pipeline.PipelineReportHandler (PipelineReportHandler.java:processPipelineReport(134)) - Opened pipeline PipelineID=a882d325-06d6-4d73-8501-2f53f772d121
2025-05-14 02:53:38,925 [6338fc9c-a704-4fa0-9c76-ba0cbc116aba-groupManagement] INFO  server.RaftServerConfigKeys (ConfUtils.java:logGet(46)) - raft.server.rpc.timeout.min = 5s (custom)
2025-05-14 02:53:38,925 [6338fc9c-a704-4fa0-9c76-ba0cbc116aba-groupManagement] INFO  server.RaftServerConfigKeys (ConfUtils.java:logGet(46)) - raft.server.rpc.timeout.max = 5200ms (custom)
2025-05-14 02:53:38,926 [6338fc9c-a704-4fa0-9c76-ba0cbc116aba-groupManagement] INFO  server.RaftServerConfigKeys (ConfUtils.java:logGet(46)) - raft.server.rpc.sleep.time = 25ms (default)
2025-05-14 02:53:38,926 [6338fc9c-a704-4fa0-9c76-ba0cbc116aba-groupManagement] INFO  server.RaftServerConfigKeys (ConfUtils.java:logGet(46)) - raft.server.rpc.slowness.timeout = 300000ms (custom)
2025-05-14 02:53:38,926 [6338fc9c-a704-4fa0-9c76-ba0cbc116aba-groupManagement] INFO  server.RaftServerConfigKeys (ConfUtils.java:logGet(46)) - raft.server.leaderelection.leader.step-down.wait-time = 10s (default)
2025-05-14 02:53:38,926 [6338fc9c-a704-4fa0-9c76-ba0cbc116aba-groupManagement] INFO  server.RaftServerConfigKeys (ConfUtils.java:logGet(46)) - raft.server.leaderelection.member.majority-add = false (default)
2025-05-14 02:53:38,926 [6338fc9c-a704-4fa0-9c76-ba0cbc116aba-groupManagement] INFO  server.RaftServerConfigKeys (ConfUtils.java:logGet(46)) - raft.server.sleep.deviation.threshold = 300ms (default)
2025-05-14 02:53:38,926 [6338fc9c-a704-4fa0-9c76-ba0cbc116aba-groupManagement] INFO  server.RaftServer$Division (ServerState.java:<init>(114)) - 6338fc9c-a704-4fa0-9c76-ba0cbc116aba@group-5FB1EBE2B0BE: ConfigurationManager, init=conf: {index: -1, cur=peers:[6338fc9c-a704-4fa0-9c76-ba0cbc116aba|127.0.0.1:15079]|listeners:[], old=null}, confs=<EMPTY_MAP>
2025-05-14 02:53:38,926 [6338fc9c-a704-4fa0-9c76-ba0cbc116aba-groupManagement] INFO  server.RaftServerConfigKeys (ConfUtils.java:logGet(46)) - raft.server.notification.no-leader.timeout = 300000ms (custom)
2025-05-14 02:53:38,926 [6338fc9c-a704-4fa0-9c76-ba0cbc116aba-groupManagement] INFO  server.RaftServerConfigKeys (ConfUtils.java:logGet(46)) - raft.server.read.timeout = 10s (default)
2025-05-14 02:53:38,926 [6338fc9c-a704-4fa0-9c76-ba0cbc116aba-groupManagement] INFO  server.RaftServerConfigKeys (ConfUtils.java:logGet(46)) - raft.server.retrycache.expirytime = 600000ms (custom)
2025-05-14 02:53:38,926 [6338fc9c-a704-4fa0-9c76-ba0cbc116aba-groupManagement] INFO  server.RaftServerConfigKeys (ConfUtils.java:logGet(46)) - raft.server.retrycache.statistics.expirytime = 100ms (default)
2025-05-14 02:53:38,926 [6338fc9c-a704-4fa0-9c76-ba0cbc116aba-groupManagement] INFO  server.RaftServerConfigKeys (ConfUtils.java:logGet(46)) - raft.server.read.option = DEFAULT (default)
2025-05-14 02:53:38,926 [6338fc9c-a704-4fa0-9c76-ba0cbc116aba-groupManagement] INFO  server.RaftServerConfigKeys (ConfUtils.java:logGet(46)) - raft.server.read.read-after-write-consistent.write-index-cache.expiry-time = 60s (default)
2025-05-14 02:53:38,926 [8e51993b-4f71-45b0-84f2-cf37ffbd2099-groupManagement] INFO  server.RaftServerConfigKeys (ConfUtils.java:logGet(46)) - raft.server.log.segment.cache.num.max = 2 (custom)
2025-05-14 02:53:38,926 [8e51993b-4f71-45b0-84f2-cf37ffbd2099-groupManagement] INFO  server.RaftServerConfigKeys (ConfUtils.java:logGet(46)) - raft.server.log.segment.cache.size.max = 200MB (=209715200) (default)
2025-05-14 02:53:38,926 [8e51993b-4f71-45b0-84f2-cf37ffbd2099-groupManagement] INFO  server.RaftServerConfigKeys (ConfUtils.java:logGet(46)) - raft.server.log.appender.buffer.byte-limit = 33554432 (custom)
2025-05-14 02:53:38,930 [8e51993b-4f71-45b0-84f2-cf37ffbd2099-groupManagement] INFO  util.AwaitToRun (AwaitToRun.java:start(81)) - Thread[#1384,8e51993b-4f71-45b0-84f2-cf37ffbd2099@group-2F53F772D121-cacheEviction-AwaitToRun,5,main] started
2025-05-14 02:53:38,930 [8e51993b-4f71-45b0-84f2-cf37ffbd2099-groupManagement] INFO  segmented.SegmentedRaftLogWorker (SegmentedRaftLogWorker.java:<init>(188)) - new 8e51993b-4f71-45b0-84f2-cf37ffbd2099@group-2F53F772D121-SegmentedRaftLogWorker for RaftStorageImpl:Storage Directory /home/runner/work/ozone/ozone/hadoop-ozone/integration-test/target/test-dir/MiniOzoneClusterImpl-af940217-b311-440f-8e09-352fdf66236b/ozone-meta/datanode-8/ratis/a882d325-06d6-4d73-8501-2f53f772d121
2025-05-14 02:53:38,930 [8e51993b-4f71-45b0-84f2-cf37ffbd2099-groupManagement] INFO  server.RaftServerConfigKeys (ConfUtils.java:logGet(46)) - raft.server.log.queue.byte-limit = 4294967296 (custom)
2025-05-14 02:53:38,930 [8e51993b-4f71-45b0-84f2-cf37ffbd2099-groupManagement] INFO  server.RaftServerConfigKeys (ConfUtils.java:logGet(46)) - raft.server.log.queue.element-limit = 1024 (custom)
2025-05-14 02:53:38,930 [8e51993b-4f71-45b0-84f2-cf37ffbd2099-groupManagement] INFO  server.RaftServerConfigKeys (ConfUtils.java:logGet(46)) - raft.server.log.segment.size.max = 67108864 (custom)
2025-05-14 02:53:38,930 [8e51993b-4f71-45b0-84f2-cf37ffbd2099-groupManagement] INFO  server.RaftServerConfigKeys (ConfUtils.java:logGet(46)) - raft.server.log.preallocated.size = 4194304 (custom)
2025-05-14 02:53:38,930 [8e51993b-4f71-45b0-84f2-cf37ffbd2099-groupManagement] INFO  server.RaftServerConfigKeys (ConfUtils.java:logGet(46)) - raft.server.log.force.sync.num = 128 (default)
2025-05-14 02:53:38,930 [8e51993b-4f71-45b0-84f2-cf37ffbd2099-groupManagement] INFO  server.RaftServerConfigKeys (ConfUtils.java:logGet(46)) - raft.server.log.statemachine.data.sync = true (default)
2025-05-14 02:53:38,931 [8e51993b-4f71-45b0-84f2-cf37ffbd2099-groupManagement] INFO  server.RaftServerConfigKeys (ConfUtils.java:logGet(46)) - raft.server.log.statemachine.data.sync.timeout = 10s (default)
2025-05-14 02:53:38,931 [8e51993b-4f71-45b0-84f2-cf37ffbd2099-groupManagement] INFO  server.RaftServerConfigKeys (ConfUtils.java:logGet(46)) - raft.server.log.statemachine.data.sync.timeout.retry = 30 (custom)
2025-05-14 02:53:38,931 [6338fc9c-a704-4fa0-9c76-ba0cbc116aba-groupManagement] INFO  server.RaftServerConfigKeys (ConfUtils.java:logGet(46)) - raft.server.rpc.request.timeout = 3000ms (default)
2025-05-14 02:53:38,931 [6338fc9c-a704-4fa0-9c76-ba0cbc116aba-groupManagement] INFO  server.RaftServerConfigKeys (ConfUtils.java:logGet(46)) - raft.server.log.appender.install.snapshot.enabled = false (custom)
2025-05-14 02:53:38,931 [6338fc9c-a704-4fa0-9c76-ba0cbc116aba-groupManagement] INFO  server.RaftServerConfigKeys (ConfUtils.java:logGet(46)) - raft.server.threadpool.server.cached = true (default)
2025-05-14 02:53:38,931 [6338fc9c-a704-4fa0-9c76-ba0cbc116aba-groupManagement] INFO  server.RaftServerConfigKeys (ConfUtils.java:logGet(46)) - raft.server.threadpool.server.size = 0 (default)
2025-05-14 02:53:38,931 [6338fc9c-a704-4fa0-9c76-ba0cbc116aba-groupManagement] INFO  server.RaftServerConfigKeys (ConfUtils.java:logGet(46)) - raft.server.threadpool.client.cached = true (default)
2025-05-14 02:53:38,931 [6338fc9c-a704-4fa0-9c76-ba0cbc116aba-groupManagement] INFO  server.RaftServerConfigKeys (ConfUtils.java:logGet(46)) - raft.server.threadpool.client.size = 0 (default)
2025-05-14 02:53:38,931 [6338fc9c-a704-4fa0-9c76-ba0cbc116aba-groupManagement] INFO  server.RaftServerConfigKeys (ConfUtils.java:logGet(46)) - raft.server.storage.free-space.min = 0MB (=0) (default)
2025-05-14 02:53:38,931 [6338fc9c-a704-4fa0-9c76-ba0cbc116aba-groupManagement] INFO  server.RaftServerConfigKeys (ConfUtils.java:logGet(46)) - raft.server.log.corruption.policy = EXCEPTION (default)
2025-05-14 02:53:38,931 [6338fc9c-a704-4fa0-9c76-ba0cbc116aba-groupManagement] INFO  server.RaftServerConfigKeys (ConfUtils.java:logGet(46)) - raft.server.storage.dir = [/home/runner/work/ozone/ozone/hadoop-ozone/integration-test/target/test-dir/MiniOzoneClusterImpl-af940217-b311-440f-8e09-352fdf66236b/ozone-meta/datanode-9/ratis] (custom)
2025-05-14 02:53:38,932 [6338fc9c-a704-4fa0-9c76-ba0cbc116aba-groupManagement] INFO  storage.RaftStorageDirectory (RaftStorageDirectoryImpl.java:analyzeStorage(138)) - The storage directory /home/runner/work/ozone/ozone/hadoop-ozone/integration-test/target/test-dir/MiniOzoneClusterImpl-af940217-b311-440f-8e09-352fdf66236b/ozone-meta/datanode-9/ratis/67bafac4-86d4-435c-b167-5fb1ebe2b0be does not exist. Creating ...
2025-05-14 02:53:38,932 [8e51993b-4f71-45b0-84f2-cf37ffbd2099-groupManagement] INFO  server.RaftServerConfigKeys (ConfUtils.java:logGet(46)) - raft.server.log.write.buffer.size = 33554440 (custom)
2025-05-14 02:53:38,934 [6338fc9c-a704-4fa0-9c76-ba0cbc116aba-groupManagement] INFO  storage.RaftStorageDirectory (RaftStorageDirectoryImpl.java:tryLock(229)) - Lock on /home/runner/work/ozone/ozone/hadoop-ozone/integration-test/target/test-dir/MiniOzoneClusterImpl-af940217-b311-440f-8e09-352fdf66236b/ozone-meta/datanode-9/ratis/67bafac4-86d4-435c-b167-5fb1ebe2b0be/in_use.lock acquired by nodename 34763@localhost
2025-05-14 02:53:38,936 [6338fc9c-a704-4fa0-9c76-ba0cbc116aba-groupManagement] INFO  storage.RaftStorage (RaftStorageImpl.java:format(98)) - Storage directory /home/runner/work/ozone/ozone/hadoop-ozone/integration-test/target/test-dir/MiniOzoneClusterImpl-af940217-b311-440f-8e09-352fdf66236b/ozone-meta/datanode-9/ratis/67bafac4-86d4-435c-b167-5fb1ebe2b0be has been successfully formatted.
2025-05-14 02:53:38,936 [6338fc9c-a704-4fa0-9c76-ba0cbc116aba-groupManagement] INFO  ratis.ContainerStateMachine (ContainerStateMachine.java:initialize(339)) - 6338fc9c-a704-4fa0-9c76-ba0cbc116aba: initialize group-5FB1EBE2B0BE
2025-05-14 02:53:38,936 [6338fc9c-a704-4fa0-9c76-ba0cbc116aba-groupManagement] INFO  ratis.ContainerStateMachine (ContainerStateMachine.java:loadSnapshot(347)) - group-5FB1EBE2B0BE: The snapshot info is null. Setting the last applied index to:(t:0, i:~)
2025-05-14 02:53:38,936 [6338fc9c-a704-4fa0-9c76-ba0cbc116aba-groupManagement] INFO  server.RaftServerConfigKeys (ConfUtils.java:logGet(46)) - raft.server.log.use.memory = false (default)
2025-05-14 02:53:38,936 [6338fc9c-a704-4fa0-9c76-ba0cbc116aba-groupManagement] INFO  server.RaftServerConfigKeys (ConfUtils.java:logGet(46)) - raft.server.log.purge.gap = 1000000 (custom)
2025-05-14 02:53:38,936 [6338fc9c-a704-4fa0-9c76-ba0cbc116aba-groupManagement] INFO  server.RaftServerConfigKeys (ConfUtils.java:logGet(46)) - raft.server.log.appender.buffer.byte-limit = 33554432 (custom)
2025-05-14 02:53:38,937 [6338fc9c-a704-4fa0-9c76-ba0cbc116aba-groupManagement] INFO  server.RaftServerConfigKeys (ConfUtils.java:logGet(46)) - raft.server.log.statemachine.data.read.timeout = 1000ms (default)
2025-05-14 02:53:38,937 [6338fc9c-a704-4fa0-9c76-ba0cbc116aba-groupManagement] INFO  server.RaftServerConfigKeys (ConfUtils.java:logGet(46)) - raft.server.log.purge.preservation.log.num = 0 (default)
2025-05-14 02:53:38,941 [6338fc9c-a704-4fa0-9c76-ba0cbc116aba-groupManagement] INFO  server.RaftServerConfigKeys (ConfUtils.java:logGet(46)) - raft.server.log.segment.size.max = 67108864 (custom)
2025-05-14 02:53:38,945 [6338fc9c-a704-4fa0-9c76-ba0cbc116aba-groupManagement] INFO  server.RaftServerConfigKeys (ConfUtils.java:logGet(46)) - raft.server.log.segment.cache.num.max = 2 (custom)
2025-05-14 02:53:38,945 [6338fc9c-a704-4fa0-9c76-ba0cbc116aba-groupManagement] INFO  server.RaftServerConfigKeys (ConfUtils.java:logGet(46)) - raft.server.log.segment.cache.size.max = 200MB (=209715200) (default)
2025-05-14 02:53:38,946 [6338fc9c-a704-4fa0-9c76-ba0cbc116aba-groupManagement] INFO  server.RaftServerConfigKeys (ConfUtils.java:logGet(46)) - raft.server.log.appender.buffer.byte-limit = 33554432 (custom)
2025-05-14 02:53:38,945 [8e51993b-4f71-45b0-84f2-cf37ffbd2099-groupManagement] INFO  server.RaftServerConfigKeys (ConfUtils.java:logGet(46)) - raft.server.log.appender.buffer.byte-limit = 33554432 (custom)
2025-05-14 02:53:38,946 [8e51993b-4f71-45b0-84f2-cf37ffbd2099-groupManagement] INFO  server.RaftServerConfigKeys (ConfUtils.java:logGet(46)) - raft.server.log.unsafe-flush.enabled = false (default)
2025-05-14 02:53:38,946 [8e51993b-4f71-45b0-84f2-cf37ffbd2099-groupManagement] INFO  server.RaftServerConfigKeys (ConfUtils.java:logGet(46)) - raft.server.log.async-flush.enabled = false (default)
2025-05-14 02:53:38,947 [8e51993b-4f71-45b0-84f2-cf37ffbd2099-groupManagement] INFO  server.RaftServerConfigKeys (ConfUtils.java:logGet(46)) - raft.server.log.statemachine.data.caching.enabled = true (custom)
2025-05-14 02:53:38,947 [8e51993b-4f71-45b0-84f2-cf37ffbd2099-groupManagement] INFO  segmented.SegmentedRaftLogWorker (SegmentedRaftLogWorker.java:lambda$new$0(139)) - 8e51993b-4f71-45b0-84f2-cf37ffbd2099@group-2F53F772D121-SegmentedRaftLogWorker: flushIndex: setUnconditionally 0 -> -1
2025-05-14 02:53:38,947 [8e51993b-4f71-45b0-84f2-cf37ffbd2099-groupManagement] INFO  segmented.SegmentedRaftLogWorker (SegmentedRaftLogWorker.java:lambda$new$0(139)) - 8e51993b-4f71-45b0-84f2-cf37ffbd2099@group-2F53F772D121-SegmentedRaftLogWorker: safeCacheEvictIndex: setUnconditionally 0 -> -1
2025-05-14 02:53:38,947 [EventQueue-PipelineReportForPipelineReportHandler] INFO  pipeline.PipelineReportHandler (PipelineReportHandler.java:processPipelineReport(134)) - Opened pipeline PipelineID=67bafac4-86d4-435c-b167-5fb1ebe2b0be
2025-05-14 02:53:38,948 [6338fc9c-a704-4fa0-9c76-ba0cbc116aba-groupManagement] INFO  util.AwaitToRun (AwaitToRun.java:start(81)) - Thread[#1388,6338fc9c-a704-4fa0-9c76-ba0cbc116aba@group-5FB1EBE2B0BE-cacheEviction-AwaitToRun,5,main] started
2025-05-14 02:53:38,948 [6338fc9c-a704-4fa0-9c76-ba0cbc116aba-groupManagement] INFO  segmented.SegmentedRaftLogWorker (SegmentedRaftLogWorker.java:<init>(188)) - new 6338fc9c-a704-4fa0-9c76-ba0cbc116aba@group-5FB1EBE2B0BE-SegmentedRaftLogWorker for RaftStorageImpl:Storage Directory /home/runner/work/ozone/ozone/hadoop-ozone/integration-test/target/test-dir/MiniOzoneClusterImpl-af940217-b311-440f-8e09-352fdf66236b/ozone-meta/datanode-9/ratis/67bafac4-86d4-435c-b167-5fb1ebe2b0be
2025-05-14 02:53:38,948 [6338fc9c-a704-4fa0-9c76-ba0cbc116aba-groupManagement] INFO  server.RaftServerConfigKeys (ConfUtils.java:logGet(46)) - raft.server.log.queue.byte-limit = 4294967296 (custom)
2025-05-14 02:53:38,948 [6338fc9c-a704-4fa0-9c76-ba0cbc116aba-groupManagement] INFO  server.RaftServerConfigKeys (ConfUtils.java:logGet(46)) - raft.server.log.queue.element-limit = 1024 (custom)
2025-05-14 02:53:38,948 [6338fc9c-a704-4fa0-9c76-ba0cbc116aba-groupManagement] INFO  server.RaftServerConfigKeys (ConfUtils.java:logGet(46)) - raft.server.log.segment.size.max = 67108864 (custom)
2025-05-14 02:53:38,948 [6338fc9c-a704-4fa0-9c76-ba0cbc116aba-groupManagement] INFO  server.RaftServerConfigKeys (ConfUtils.java:logGet(46)) - raft.server.log.preallocated.size = 4194304 (custom)
2025-05-14 02:53:38,948 [6338fc9c-a704-4fa0-9c76-ba0cbc116aba-groupManagement] INFO  server.RaftServerConfigKeys (ConfUtils.java:logGet(46)) - raft.server.log.force.sync.num = 128 (default)
2025-05-14 02:53:38,949 [6338fc9c-a704-4fa0-9c76-ba0cbc116aba-groupManagement] INFO  server.RaftServerConfigKeys (ConfUtils.java:logGet(46)) - raft.server.log.statemachine.data.sync = true (default)
2025-05-14 02:53:38,949 [6338fc9c-a704-4fa0-9c76-ba0cbc116aba-groupManagement] INFO  server.RaftServerConfigKeys (ConfUtils.java:logGet(46)) - raft.server.log.statemachine.data.sync.timeout = 10s (default)
2025-05-14 02:53:38,949 [6338fc9c-a704-4fa0-9c76-ba0cbc116aba-groupManagement] INFO  server.RaftServerConfigKeys (ConfUtils.java:logGet(46)) - raft.server.log.statemachine.data.sync.timeout.retry = 30 (custom)
2025-05-14 02:53:38,949 [6338fc9c-a704-4fa0-9c76-ba0cbc116aba-groupManagement] INFO  server.RaftServerConfigKeys (ConfUtils.java:logGet(46)) - raft.server.log.write.buffer.size = 33554440 (custom)
2025-05-14 02:53:38,949 [8e51993b-4f71-45b0-84f2-cf37ffbd2099-groupManagement] INFO  server.RaftServer$Division (RaftServerImpl.java:start(391)) - 8e51993b-4f71-45b0-84f2-cf37ffbd2099@group-2F53F772D121: start as a follower, conf=conf: {index: -1, cur=peers:[8e51993b-4f71-45b0-84f2-cf37ffbd2099|127.0.0.1:15071]|listeners:[], old=null}
2025-05-14 02:53:38,950 [8e51993b-4f71-45b0-84f2-cf37ffbd2099-groupManagement] INFO  server.RaftServer$Division (RaftServerImpl.java:setRole(378)) - 8e51993b-4f71-45b0-84f2-cf37ffbd2099@group-2F53F772D121: changes role from      null to FOLLOWER at term 0 for startAsFollower
2025-05-14 02:53:38,950 [8e51993b-4f71-45b0-84f2-cf37ffbd2099-groupManagement] INFO  impl.RoleInfo (RoleInfo.java:updateAndGet(148)) - 8e51993b-4f71-45b0-84f2-cf37ffbd2099: start 8e51993b-4f71-45b0-84f2-cf37ffbd2099@group-2F53F772D121-FollowerState
2025-05-14 02:53:38,952 [8e51993b-4f71-45b0-84f2-cf37ffbd2099-groupManagement] INFO  util.JmxRegister (JmxRegister.java:tryRegister(44)) - Successfully registered JMX Bean with object name Ratis:service=RaftServer,group=group-2F53F772D121,id=8e51993b-4f71-45b0-84f2-cf37ffbd2099
2025-05-14 02:53:38,952 [8e51993b-4f71-45b0-84f2-cf37ffbd2099-groupManagement] INFO  util.JmxRegister (JmxRegister.java:register(58)) - register mxBean class org.apache.ratis.server.impl.RaftServerJmxAdapter as Ratis:service=RaftServer,group=group-2F53F772D121,id=8e51993b-4f71-45b0-84f2-cf37ffbd2099
2025-05-14 02:53:38,952 [8e51993b-4f71-45b0-84f2-cf37ffbd2099-groupManagement] INFO  server.RaftServerConfigKeys (ConfUtils.java:logGet(46)) - raft.server.snapshot.trigger-when-stop.enabled = true (default)
2025-05-14 02:53:38,952 [8e51993b-4f71-45b0-84f2-cf37ffbd2099-groupManagement] INFO  server.RaftServerConfigKeys (ConfUtils.java:logGet(46)) - raft.server.snapshot.trigger-when-remove.enabled = true (default)
2025-05-14 02:53:38,952 [8e51993b-4f71-45b0-84f2-cf37ffbd2099-groupManagement] INFO  server.RaftServerConfigKeys (ConfUtils.java:logGet(46)) - raft.server.snapshot.auto.trigger.enabled = true (custom)
2025-05-14 02:53:38,952 [8e51993b-4f71-45b0-84f2-cf37ffbd2099-groupManagement] INFO  server.RaftServerConfigKeys (ConfUtils.java:logGet(46)) - raft.server.snapshot.auto.trigger.threshold = 1 (custom)
2025-05-14 02:53:38,952 [8e51993b-4f71-45b0-84f2-cf37ffbd2099-groupManagement] INFO  server.RaftServerConfigKeys (ConfUtils.java:logGet(46)) - raft.server.snapshot.retention.file.num = 5 (custom)
2025-05-14 02:53:38,952 [8e51993b-4f71-45b0-84f2-cf37ffbd2099@group-2F53F772D121-FollowerState] INFO  server.RaftServerConfigKeys (ConfUtils.java:logGet(46)) - raft.server.rpc.first-election.timeout.min = 1000ms (custom)
2025-05-14 02:53:38,952 [8e51993b-4f71-45b0-84f2-cf37ffbd2099@group-2F53F772D121-FollowerState] INFO  server.RaftServerConfigKeys (ConfUtils.java:logGet(46)) - raft.server.rpc.first-election.timeout.max = 1200ms (custom)
2025-05-14 02:53:38,954 [8e51993b-4f71-45b0-84f2-cf37ffbd2099-groupManagement] INFO  server.RaftServerConfigKeys (ConfUtils.java:logGet(46)) - raft.server.log.purge.upto.snapshot.index = false (default)
2025-05-14 02:53:38,957 [grpc-default-executor-1] INFO  server.RaftServer (RaftServerProxy.java:addNew(100)) - 8e51993b-4f71-45b0-84f2-cf37ffbd2099: addNew group-D626A51ED105:[f4f68937-1ce3-42e1-b3e7-547ae2d23d85|127.0.0.1:15063, 6338fc9c-a704-4fa0-9c76-ba0cbc116aba|127.0.0.1:15079, 8e51993b-4f71-45b0-84f2-cf37ffbd2099|127.0.0.1:15071] returns group-D626A51ED105:java.util.concurrent.CompletableFuture@b5c4244[Not completed]
2025-05-14 02:53:38,958 [8e51993b-4f71-45b0-84f2-cf37ffbd2099-groupManagement] INFO  server.RaftServer$Division (RaftServerImpl.java:start(405)) - 8e51993b-4f71-45b0-84f2-cf37ffbd2099@group-2F53F772D121: Successfully started.
2025-05-14 02:53:38,958 [6338fc9c-a704-4fa0-9c76-ba0cbc116aba-groupManagement] INFO  server.RaftServerConfigKeys (ConfUtils.java:logGet(46)) - raft.server.log.appender.buffer.byte-limit = 33554432 (custom)
2025-05-14 02:53:38,958 [6338fc9c-a704-4fa0-9c76-ba0cbc116aba-groupManagement] INFO  server.RaftServerConfigKeys (ConfUtils.java:logGet(46)) - raft.server.log.unsafe-flush.enabled = false (default)
2025-05-14 02:53:38,958 [6338fc9c-a704-4fa0-9c76-ba0cbc116aba-groupManagement] INFO  server.RaftServerConfigKeys (ConfUtils.java:logGet(46)) - raft.server.log.async-flush.enabled = false (default)
2025-05-14 02:53:38,958 [6338fc9c-a704-4fa0-9c76-ba0cbc116aba-groupManagement] INFO  server.RaftServerConfigKeys (ConfUtils.java:logGet(46)) - raft.server.log.statemachine.data.caching.enabled = true (custom)
2025-05-14 02:53:38,959 [6338fc9c-a704-4fa0-9c76-ba0cbc116aba-groupManagement] INFO  segmented.SegmentedRaftLogWorker (SegmentedRaftLogWorker.java:lambda$new$0(139)) - 6338fc9c-a704-4fa0-9c76-ba0cbc116aba@group-5FB1EBE2B0BE-SegmentedRaftLogWorker: flushIndex: setUnconditionally 0 -> -1
2025-05-14 02:53:38,959 [6338fc9c-a704-4fa0-9c76-ba0cbc116aba-groupManagement] INFO  segmented.SegmentedRaftLogWorker (SegmentedRaftLogWorker.java:lambda$new$0(139)) - 6338fc9c-a704-4fa0-9c76-ba0cbc116aba@group-5FB1EBE2B0BE-SegmentedRaftLogWorker: safeCacheEvictIndex: setUnconditionally 0 -> -1
2025-05-14 02:53:38,959 [8e51993b-4f71-45b0-84f2-cf37ffbd2099-PipelineCommandHandlerThread-0] INFO  ratis.XceiverServerRatis (XceiverServerRatis.java:addGroup(843)) - Created group PipelineID=a882d325-06d6-4d73-8501-2f53f772d121
2025-05-14 02:53:38,959 [8e51993b-4f71-45b0-84f2-cf37ffbd2099-PipelineCommandHandlerThread-0] INFO  commandhandler.CreatePipelineCommandHandler (CreatePipelineCommandHandler.java:lambda$handle$2(128)) - Created Pipeline RATIS ONE PipelineID=a882d325-06d6-4d73-8501-2f53f772d121.
2025-05-14 02:53:38,960 [6338fc9c-a704-4fa0-9c76-ba0cbc116aba-groupManagement] INFO  server.RaftServer$Division (RaftServerImpl.java:start(391)) - 6338fc9c-a704-4fa0-9c76-ba0cbc116aba@group-5FB1EBE2B0BE: start as a follower, conf=conf: {index: -1, cur=peers:[6338fc9c-a704-4fa0-9c76-ba0cbc116aba|127.0.0.1:15079]|listeners:[], old=null}
2025-05-14 02:53:38,961 [6338fc9c-a704-4fa0-9c76-ba0cbc116aba-groupManagement] INFO  server.RaftServer$Division (RaftServerImpl.java:setRole(378)) - 6338fc9c-a704-4fa0-9c76-ba0cbc116aba@group-5FB1EBE2B0BE: changes role from      null to FOLLOWER at term 0 for startAsFollower
2025-05-14 02:53:38,961 [6338fc9c-a704-4fa0-9c76-ba0cbc116aba-groupManagement] INFO  impl.RoleInfo (RoleInfo.java:updateAndGet(148)) - 6338fc9c-a704-4fa0-9c76-ba0cbc116aba: start 6338fc9c-a704-4fa0-9c76-ba0cbc116aba@group-5FB1EBE2B0BE-FollowerState
2025-05-14 02:53:38,960 [8e51993b-4f71-45b0-84f2-cf37ffbd2099-groupManagement] INFO  server.RaftServer$Division (RaftServerImpl.java:<init>(255)) - 8e51993b-4f71-45b0-84f2-cf37ffbd2099: new RaftServerImpl for group-D626A51ED105:[f4f68937-1ce3-42e1-b3e7-547ae2d23d85|127.0.0.1:15063, 6338fc9c-a704-4fa0-9c76-ba0cbc116aba|127.0.0.1:15079, 8e51993b-4f71-45b0-84f2-cf37ffbd2099|127.0.0.1:15071] with ContainerStateMachine:uninitialized
2025-05-14 02:53:38,962 [8e51993b-4f71-45b0-84f2-cf37ffbd2099-groupManagement] INFO  server.RaftServerConfigKeys (ConfUtils.java:logGet(46)) - raft.server.rpc.timeout.min = 5s (custom)
2025-05-14 02:53:38,962 [8e51993b-4f71-45b0-84f2-cf37ffbd2099-groupManagement] INFO  server.RaftServerConfigKeys (ConfUtils.java:logGet(46)) - raft.server.rpc.timeout.max = 5200ms (custom)
2025-05-14 02:53:38,963 [8e51993b-4f71-45b0-84f2-cf37ffbd2099-groupManagement] INFO  server.RaftServerConfigKeys (ConfUtils.java:logGet(46)) - raft.server.rpc.sleep.time = 25ms (default)
2025-05-14 02:53:38,963 [8e51993b-4f71-45b0-84f2-cf37ffbd2099-groupManagement] INFO  server.RaftServerConfigKeys (ConfUtils.java:logGet(46)) - raft.server.rpc.slowness.timeout = 300000ms (custom)
2025-05-14 02:53:38,963 [8e51993b-4f71-45b0-84f2-cf37ffbd2099-groupManagement] INFO  server.RaftServerConfigKeys (ConfUtils.java:logGet(46)) - raft.server.leaderelection.leader.step-down.wait-time = 10s (default)
2025-05-14 02:53:38,963 [8e51993b-4f71-45b0-84f2-cf37ffbd2099-groupManagement] INFO  server.RaftServerConfigKeys (ConfUtils.java:logGet(46)) - raft.server.leaderelection.member.majority-add = false (default)
2025-05-14 02:53:38,963 [8e51993b-4f71-45b0-84f2-cf37ffbd2099-groupManagement] INFO  server.RaftServerConfigKeys (ConfUtils.java:logGet(46)) - raft.server.sleep.deviation.threshold = 300ms (default)
2025-05-14 02:53:38,963 [6338fc9c-a704-4fa0-9c76-ba0cbc116aba-groupManagement] INFO  util.JmxRegister (JmxRegister.java:tryRegister(44)) - Successfully registered JMX Bean with object name Ratis:service=RaftServer,group=group-5FB1EBE2B0BE,id=6338fc9c-a704-4fa0-9c76-ba0cbc116aba
2025-05-14 02:53:38,963 [6338fc9c-a704-4fa0-9c76-ba0cbc116aba@group-5FB1EBE2B0BE-FollowerState] INFO  server.RaftServerConfigKeys (ConfUtils.java:logGet(46)) - raft.server.rpc.first-election.timeout.min = 1000ms (custom)
2025-05-14 02:53:38,963 [6338fc9c-a704-4fa0-9c76-ba0cbc116aba@group-5FB1EBE2B0BE-FollowerState] INFO  server.RaftServerConfigKeys (ConfUtils.java:logGet(46)) - raft.server.rpc.first-election.timeout.max = 1200ms (custom)
2025-05-14 02:53:38,963 [6338fc9c-a704-4fa0-9c76-ba0cbc116aba-groupManagement] INFO  util.JmxRegister (JmxRegister.java:register(58)) - register mxBean class org.apache.ratis.server.impl.RaftServerJmxAdapter as Ratis:service=RaftServer,group=group-5FB1EBE2B0BE,id=6338fc9c-a704-4fa0-9c76-ba0cbc116aba
2025-05-14 02:53:38,963 [6338fc9c-a704-4fa0-9c76-ba0cbc116aba-groupManagement] INFO  server.RaftServerConfigKeys (ConfUtils.java:logGet(46)) - raft.server.snapshot.trigger-when-stop.enabled = true (default)
2025-05-14 02:53:38,964 [6338fc9c-a704-4fa0-9c76-ba0cbc116aba-groupManagement] INFO  server.RaftServerConfigKeys (ConfUtils.java:logGet(46)) - raft.server.snapshot.trigger-when-remove.enabled = true (default)
2025-05-14 02:53:38,964 [6338fc9c-a704-4fa0-9c76-ba0cbc116aba-groupManagement] INFO  server.RaftServerConfigKeys (ConfUtils.java:logGet(46)) - raft.server.snapshot.auto.trigger.enabled = true (custom)
2025-05-14 02:53:38,964 [6338fc9c-a704-4fa0-9c76-ba0cbc116aba-groupManagement] INFO  server.RaftServerConfigKeys (ConfUtils.java:logGet(46)) - raft.server.snapshot.auto.trigger.threshold = 1 (custom)
2025-05-14 02:53:38,964 [6338fc9c-a704-4fa0-9c76-ba0cbc116aba-groupManagement] INFO  server.RaftServerConfigKeys (ConfUtils.java:logGet(46)) - raft.server.snapshot.retention.file.num = 5 (custom)
2025-05-14 02:53:38,964 [6338fc9c-a704-4fa0-9c76-ba0cbc116aba-groupManagement] INFO  server.RaftServerConfigKeys (ConfUtils.java:logGet(46)) - raft.server.log.purge.upto.snapshot.index = false (default)
2025-05-14 02:53:38,963 [8e51993b-4f71-45b0-84f2-cf37ffbd2099-groupManagement] INFO  server.RaftServer$Division (ServerState.java:<init>(114)) - 8e51993b-4f71-45b0-84f2-cf37ffbd2099@group-D626A51ED105: ConfigurationManager, init=conf: {index: -1, cur=peers:[f4f68937-1ce3-42e1-b3e7-547ae2d23d85|127.0.0.1:15063, 6338fc9c-a704-4fa0-9c76-ba0cbc116aba|127.0.0.1:15079, 8e51993b-4f71-45b0-84f2-cf37ffbd2099|127.0.0.1:15071]|listeners:[], old=null}, confs=<EMPTY_MAP>
2025-05-14 02:53:38,964 [8e51993b-4f71-45b0-84f2-cf37ffbd2099-groupManagement] INFO  server.RaftServerConfigKeys (ConfUtils.java:logGet(46)) - raft.server.notification.no-leader.timeout = 300000ms (custom)
2025-05-14 02:53:38,964 [8e51993b-4f71-45b0-84f2-cf37ffbd2099-groupManagement] INFO  server.RaftServerConfigKeys (ConfUtils.java:logGet(46)) - raft.server.read.timeout = 10s (default)
2025-05-14 02:53:38,964 [8e51993b-4f71-45b0-84f2-cf37ffbd2099-groupManagement] INFO  server.RaftServerConfigKeys (ConfUtils.java:logGet(46)) - raft.server.retrycache.expirytime = 600000ms (custom)
2025-05-14 02:53:38,964 [8e51993b-4f71-45b0-84f2-cf37ffbd2099-groupManagement] INFO  server.RaftServerConfigKeys (ConfUtils.java:logGet(46)) - raft.server.retrycache.statistics.expirytime = 100ms (default)
2025-05-14 02:53:38,964 [8e51993b-4f71-45b0-84f2-cf37ffbd2099-groupManagement] INFO  server.RaftServerConfigKeys (ConfUtils.java:logGet(46)) - raft.server.read.option = DEFAULT (default)
2025-05-14 02:53:38,964 [8e51993b-4f71-45b0-84f2-cf37ffbd2099-groupManagement] INFO  server.RaftServerConfigKeys (ConfUtils.java:logGet(46)) - raft.server.read.read-after-write-consistent.write-index-cache.expiry-time = 60s (default)
2025-05-14 02:53:38,966 [6338fc9c-a704-4fa0-9c76-ba0cbc116aba-groupManagement] INFO  server.RaftServer$Division (RaftServerImpl.java:start(405)) - 6338fc9c-a704-4fa0-9c76-ba0cbc116aba@group-5FB1EBE2B0BE: Successfully started.
2025-05-14 02:53:38,966 [6338fc9c-a704-4fa0-9c76-ba0cbc116aba-PipelineCommandHandlerThread-0] INFO  ratis.XceiverServerRatis (XceiverServerRatis.java:addGroup(843)) - Created group PipelineID=67bafac4-86d4-435c-b167-5fb1ebe2b0be
2025-05-14 02:53:38,966 [6338fc9c-a704-4fa0-9c76-ba0cbc116aba-PipelineCommandHandlerThread-0] INFO  commandhandler.CreatePipelineCommandHandler (CreatePipelineCommandHandler.java:lambda$handle$2(128)) - Created Pipeline RATIS ONE PipelineID=67bafac4-86d4-435c-b167-5fb1ebe2b0be.
2025-05-14 02:53:38,970 [8e51993b-4f71-45b0-84f2-cf37ffbd2099-groupManagement] INFO  server.RaftServerConfigKeys (ConfUtils.java:logGet(46)) - raft.server.rpc.request.timeout = 3000ms (default)
2025-05-14 02:53:38,971 [8e51993b-4f71-45b0-84f2-cf37ffbd2099-groupManagement] INFO  server.RaftServerConfigKeys (ConfUtils.java:logGet(46)) - raft.server.log.appender.install.snapshot.enabled = false (custom)
2025-05-14 02:53:38,971 [8e51993b-4f71-45b0-84f2-cf37ffbd2099-groupManagement] INFO  server.RaftServerConfigKeys (ConfUtils.java:logGet(46)) - raft.server.threadpool.server.cached = true (default)
2025-05-14 02:53:38,972 [8e51993b-4f71-45b0-84f2-cf37ffbd2099-groupManagement] INFO  server.RaftServerConfigKeys (ConfUtils.java:logGet(46)) - raft.server.threadpool.server.size = 0 (default)
2025-05-14 02:53:38,972 [8e51993b-4f71-45b0-84f2-cf37ffbd2099-groupManagement] INFO  server.RaftServerConfigKeys (ConfUtils.java:logGet(46)) - raft.server.threadpool.client.cached = true (default)
2025-05-14 02:53:38,973 [8e51993b-4f71-45b0-84f2-cf37ffbd2099-groupManagement] INFO  server.RaftServerConfigKeys (ConfUtils.java:logGet(46)) - raft.server.threadpool.client.size = 0 (default)
2025-05-14 02:53:38,973 [8e51993b-4f71-45b0-84f2-cf37ffbd2099-groupManagement] INFO  server.RaftServerConfigKeys (ConfUtils.java:logGet(46)) - raft.server.storage.free-space.min = 0MB (=0) (default)
2025-05-14 02:53:38,973 [8e51993b-4f71-45b0-84f2-cf37ffbd2099-groupManagement] INFO  server.RaftServerConfigKeys (ConfUtils.java:logGet(46)) - raft.server.log.corruption.policy = EXCEPTION (default)
2025-05-14 02:53:38,973 [8e51993b-4f71-45b0-84f2-cf37ffbd2099-groupManagement] INFO  server.RaftServerConfigKeys (ConfUtils.java:logGet(46)) - raft.server.storage.dir = [/home/runner/work/ozone/ozone/hadoop-ozone/integration-test/target/test-dir/MiniOzoneClusterImpl-af940217-b311-440f-8e09-352fdf66236b/ozone-meta/datanode-8/ratis] (custom)
2025-05-14 02:53:38,973 [8e51993b-4f71-45b0-84f2-cf37ffbd2099-groupManagement] INFO  storage.RaftStorageDirectory (RaftStorageDirectoryImpl.java:analyzeStorage(138)) - The storage directory /home/runner/work/ozone/ozone/hadoop-ozone/integration-test/target/test-dir/MiniOzoneClusterImpl-af940217-b311-440f-8e09-352fdf66236b/ozone-meta/datanode-8/ratis/ce0bcb57-9ca8-4104-8923-d626a51ed105 does not exist. Creating ...
2025-05-14 02:53:38,976 [8e51993b-4f71-45b0-84f2-cf37ffbd2099-groupManagement] INFO  storage.RaftStorageDirectory (RaftStorageDirectoryImpl.java:tryLock(229)) - Lock on /home/runner/work/ozone/ozone/hadoop-ozone/integration-test/target/test-dir/MiniOzoneClusterImpl-af940217-b311-440f-8e09-352fdf66236b/ozone-meta/datanode-8/ratis/ce0bcb57-9ca8-4104-8923-d626a51ed105/in_use.lock acquired by nodename 34763@localhost
2025-05-14 02:53:38,978 [8e51993b-4f71-45b0-84f2-cf37ffbd2099-groupManagement] INFO  storage.RaftStorage (RaftStorageImpl.java:format(98)) - Storage directory /home/runner/work/ozone/ozone/hadoop-ozone/integration-test/target/test-dir/MiniOzoneClusterImpl-af940217-b311-440f-8e09-352fdf66236b/ozone-meta/datanode-8/ratis/ce0bcb57-9ca8-4104-8923-d626a51ed105 has been successfully formatted.
2025-05-14 02:53:38,979 [8e51993b-4f71-45b0-84f2-cf37ffbd2099-groupManagement] INFO  ratis.ContainerStateMachine (ContainerStateMachine.java:initialize(339)) - 8e51993b-4f71-45b0-84f2-cf37ffbd2099: initialize group-D626A51ED105
2025-05-14 02:53:38,979 [8e51993b-4f71-45b0-84f2-cf37ffbd2099-groupManagement] INFO  ratis.ContainerStateMachine (ContainerStateMachine.java:loadSnapshot(347)) - group-D626A51ED105: The snapshot info is null. Setting the last applied index to:(t:0, i:~)
2025-05-14 02:53:38,979 [8e51993b-4f71-45b0-84f2-cf37ffbd2099-groupManagement] INFO  server.RaftServerConfigKeys (ConfUtils.java:logGet(46)) - raft.server.log.use.memory = false (default)
2025-05-14 02:53:38,979 [8e51993b-4f71-45b0-84f2-cf37ffbd2099-groupManagement] INFO  server.RaftServerConfigKeys (ConfUtils.java:logGet(46)) - raft.server.log.purge.gap = 1000000 (custom)
2025-05-14 02:53:38,979 [8e51993b-4f71-45b0-84f2-cf37ffbd2099-groupManagement] INFO  server.RaftServerConfigKeys (ConfUtils.java:logGet(46)) - raft.server.log.appender.buffer.byte-limit = 33554432 (custom)
2025-05-14 02:53:38,980 [8e51993b-4f71-45b0-84f2-cf37ffbd2099-groupManagement] INFO  server.RaftServerConfigKeys (ConfUtils.java:logGet(46)) - raft.server.log.statemachine.data.read.timeout = 1000ms (default)
2025-05-14 02:53:38,980 [8e51993b-4f71-45b0-84f2-cf37ffbd2099-groupManagement] INFO  server.RaftServerConfigKeys (ConfUtils.java:logGet(46)) - raft.server.log.purge.preservation.log.num = 0 (default)
2025-05-14 02:53:38,981 [8e51993b-4f71-45b0-84f2-cf37ffbd2099-groupManagement] INFO  server.RaftServerConfigKeys (ConfUtils.java:logGet(46)) - raft.server.log.segment.size.max = 67108864 (custom)
2025-05-14 02:53:38,982 [8e51993b-4f71-45b0-84f2-cf37ffbd2099-groupManagement] INFO  server.RaftServerConfigKeys (ConfUtils.java:logGet(46)) - raft.server.log.segment.cache.num.max = 2 (custom)
2025-05-14 02:53:38,982 [8e51993b-4f71-45b0-84f2-cf37ffbd2099-groupManagement] INFO  server.RaftServerConfigKeys (ConfUtils.java:logGet(46)) - raft.server.log.segment.cache.size.max = 200MB (=209715200) (default)
2025-05-14 02:53:38,982 [8e51993b-4f71-45b0-84f2-cf37ffbd2099-groupManagement] INFO  server.RaftServerConfigKeys (ConfUtils.java:logGet(46)) - raft.server.log.appender.buffer.byte-limit = 33554432 (custom)
2025-05-14 02:53:38,983 [8e51993b-4f71-45b0-84f2-cf37ffbd2099-groupManagement] INFO  util.AwaitToRun (AwaitToRun.java:start(81)) - Thread[#1395,8e51993b-4f71-45b0-84f2-cf37ffbd2099@group-D626A51ED105-cacheEviction-AwaitToRun,5,main] started
2025-05-14 02:53:38,983 [8e51993b-4f71-45b0-84f2-cf37ffbd2099-groupManagement] INFO  segmented.SegmentedRaftLogWorker (SegmentedRaftLogWorker.java:<init>(188)) - new 8e51993b-4f71-45b0-84f2-cf37ffbd2099@group-D626A51ED105-SegmentedRaftLogWorker for RaftStorageImpl:Storage Directory /home/runner/work/ozone/ozone/hadoop-ozone/integration-test/target/test-dir/MiniOzoneClusterImpl-af940217-b311-440f-8e09-352fdf66236b/ozone-meta/datanode-8/ratis/ce0bcb57-9ca8-4104-8923-d626a51ed105
2025-05-14 02:53:38,984 [8e51993b-4f71-45b0-84f2-cf37ffbd2099-groupManagement] INFO  server.RaftServerConfigKeys (ConfUtils.java:logGet(46)) - raft.server.log.queue.byte-limit = 4294967296 (custom)
2025-05-14 02:53:38,984 [8e51993b-4f71-45b0-84f2-cf37ffbd2099-groupManagement] INFO  server.RaftServerConfigKeys (ConfUtils.java:logGet(46)) - raft.server.log.queue.element-limit = 1024 (custom)
2025-05-14 02:53:38,984 [8e51993b-4f71-45b0-84f2-cf37ffbd2099-groupManagement] INFO  server.RaftServerConfigKeys (ConfUtils.java:logGet(46)) - raft.server.log.segment.size.max = 67108864 (custom)
2025-05-14 02:53:38,984 [8e51993b-4f71-45b0-84f2-cf37ffbd2099-groupManagement] INFO  server.RaftServerConfigKeys (ConfUtils.java:logGet(46)) - raft.server.log.preallocated.size = 4194304 (custom)
2025-05-14 02:53:38,984 [8e51993b-4f71-45b0-84f2-cf37ffbd2099-groupManagement] INFO  server.RaftServerConfigKeys (ConfUtils.java:logGet(46)) - raft.server.log.force.sync.num = 128 (default)
2025-05-14 02:53:38,984 [8e51993b-4f71-45b0-84f2-cf37ffbd2099-groupManagement] INFO  server.RaftServerConfigKeys (ConfUtils.java:logGet(46)) - raft.server.log.statemachine.data.sync = true (default)
2025-05-14 02:53:38,984 [8e51993b-4f71-45b0-84f2-cf37ffbd2099-groupManagement] INFO  server.RaftServerConfigKeys (ConfUtils.java:logGet(46)) - raft.server.log.statemachine.data.sync.timeout = 10s (default)
2025-05-14 02:53:38,984 [8e51993b-4f71-45b0-84f2-cf37ffbd2099-groupManagement] INFO  server.RaftServerConfigKeys (ConfUtils.java:logGet(46)) - raft.server.log.statemachine.data.sync.timeout.retry = 30 (custom)
2025-05-14 02:53:38,984 [8e51993b-4f71-45b0-84f2-cf37ffbd2099-groupManagement] INFO  server.RaftServerConfigKeys (ConfUtils.java:logGet(46)) - raft.server.log.write.buffer.size = 33554440 (custom)
2025-05-14 02:53:38,991 [8e51993b-4f71-45b0-84f2-cf37ffbd2099-groupManagement] INFO  server.RaftServerConfigKeys (ConfUtils.java:logGet(46)) - raft.server.log.appender.buffer.byte-limit = 33554432 (custom)
2025-05-14 02:53:38,991 [8e51993b-4f71-45b0-84f2-cf37ffbd2099-groupManagement] INFO  server.RaftServerConfigKeys (ConfUtils.java:logGet(46)) - raft.server.log.unsafe-flush.enabled = false (default)
2025-05-14 02:53:38,992 [8e51993b-4f71-45b0-84f2-cf37ffbd2099-groupManagement] INFO  server.RaftServerConfigKeys (ConfUtils.java:logGet(46)) - raft.server.log.async-flush.enabled = false (default)
2025-05-14 02:53:38,992 [8e51993b-4f71-45b0-84f2-cf37ffbd2099-groupManagement] INFO  server.RaftServerConfigKeys (ConfUtils.java:logGet(46)) - raft.server.log.statemachine.data.caching.enabled = true (custom)
2025-05-14 02:53:38,993 [8e51993b-4f71-45b0-84f2-cf37ffbd2099-groupManagement] INFO  segmented.SegmentedRaftLogWorker (SegmentedRaftLogWorker.java:lambda$new$0(139)) - 8e51993b-4f71-45b0-84f2-cf37ffbd2099@group-D626A51ED105-SegmentedRaftLogWorker: flushIndex: setUnconditionally 0 -> -1
2025-05-14 02:53:38,993 [8e51993b-4f71-45b0-84f2-cf37ffbd2099-groupManagement] INFO  segmented.SegmentedRaftLogWorker (SegmentedRaftLogWorker.java:lambda$new$0(139)) - 8e51993b-4f71-45b0-84f2-cf37ffbd2099@group-D626A51ED105-SegmentedRaftLogWorker: safeCacheEvictIndex: setUnconditionally 0 -> -1
2025-05-14 02:53:38,994 [8e51993b-4f71-45b0-84f2-cf37ffbd2099-groupManagement] INFO  server.RaftServer$Division (RaftServerImpl.java:start(391)) - 8e51993b-4f71-45b0-84f2-cf37ffbd2099@group-D626A51ED105: start as a follower, conf=conf: {index: -1, cur=peers:[f4f68937-1ce3-42e1-b3e7-547ae2d23d85|127.0.0.1:15063, 6338fc9c-a704-4fa0-9c76-ba0cbc116aba|127.0.0.1:15079, 8e51993b-4f71-45b0-84f2-cf37ffbd2099|127.0.0.1:15071]|listeners:[], old=null}
2025-05-14 02:53:38,994 [8e51993b-4f71-45b0-84f2-cf37ffbd2099-groupManagement] INFO  server.RaftServer$Division (RaftServerImpl.java:setRole(378)) - 8e51993b-4f71-45b0-84f2-cf37ffbd2099@group-D626A51ED105: changes role from      null to FOLLOWER at term 0 for startAsFollower
2025-05-14 02:53:38,995 [8e51993b-4f71-45b0-84f2-cf37ffbd2099-groupManagement] INFO  impl.RoleInfo (RoleInfo.java:updateAndGet(148)) - 8e51993b-4f71-45b0-84f2-cf37ffbd2099: start 8e51993b-4f71-45b0-84f2-cf37ffbd2099@group-D626A51ED105-FollowerState
2025-05-14 02:53:38,995 [8e51993b-4f71-45b0-84f2-cf37ffbd2099@group-D626A51ED105-FollowerState] INFO  server.RaftServerConfigKeys (ConfUtils.java:logGet(46)) - raft.server.rpc.first-election.timeout.min = 1000ms (custom)
2025-05-14 02:53:38,996 [8e51993b-4f71-45b0-84f2-cf37ffbd2099-groupManagement] INFO  util.JmxRegister (JmxRegister.java:tryRegister(44)) - Successfully registered JMX Bean with object name Ratis:service=RaftServer,group=group-D626A51ED105,id=8e51993b-4f71-45b0-84f2-cf37ffbd2099
2025-05-14 02:53:38,996 [8e51993b-4f71-45b0-84f2-cf37ffbd2099-groupManagement] INFO  util.JmxRegister (JmxRegister.java:register(58)) - register mxBean class org.apache.ratis.server.impl.RaftServerJmxAdapter as Ratis:service=RaftServer,group=group-D626A51ED105,id=8e51993b-4f71-45b0-84f2-cf37ffbd2099
2025-05-14 02:53:38,996 [8e51993b-4f71-45b0-84f2-cf37ffbd2099-groupManagement] INFO  server.RaftServerConfigKeys (ConfUtils.java:logGet(46)) - raft.server.snapshot.trigger-when-stop.enabled = true (default)
2025-05-14 02:53:38,996 [8e51993b-4f71-45b0-84f2-cf37ffbd2099-groupManagement] INFO  server.RaftServerConfigKeys (ConfUtils.java:logGet(46)) - raft.server.snapshot.trigger-when-remove.enabled = true (default)
2025-05-14 02:53:38,996 [8e51993b-4f71-45b0-84f2-cf37ffbd2099@group-D626A51ED105-FollowerState] INFO  server.RaftServerConfigKeys (ConfUtils.java:logGet(46)) - raft.server.rpc.first-election.timeout.max = 1200ms (custom)
2025-05-14 02:53:38,996 [8e51993b-4f71-45b0-84f2-cf37ffbd2099-groupManagement] INFO  server.RaftServerConfigKeys (ConfUtils.java:logGet(46)) - raft.server.snapshot.auto.trigger.enabled = true (custom)
2025-05-14 02:53:38,997 [8e51993b-4f71-45b0-84f2-cf37ffbd2099-groupManagement] INFO  server.RaftServerConfigKeys (ConfUtils.java:logGet(46)) - raft.server.snapshot.auto.trigger.threshold = 1 (custom)
2025-05-14 02:53:38,998 [8e51993b-4f71-45b0-84f2-cf37ffbd2099-groupManagement] INFO  server.RaftServerConfigKeys (ConfUtils.java:logGet(46)) - raft.server.snapshot.retention.file.num = 5 (custom)
2025-05-14 02:53:38,998 [8e51993b-4f71-45b0-84f2-cf37ffbd2099-groupManagement] INFO  server.RaftServerConfigKeys (ConfUtils.java:logGet(46)) - raft.server.log.purge.upto.snapshot.index = false (default)
2025-05-14 02:53:38,999 [8e51993b-4f71-45b0-84f2-cf37ffbd2099-groupManagement] INFO  server.RaftServer$Division (RaftServerImpl.java:start(405)) - 8e51993b-4f71-45b0-84f2-cf37ffbd2099@group-D626A51ED105: Successfully started.
2025-05-14 02:53:39,009 [f4f68937-1ce3-42e1-b3e7-547ae2d23d85-PipelineCommandHandlerThread-0] INFO  commandhandler.CreatePipelineCommandHandler (CreatePipelineCommandHandler.java:lambda$handle$2(128)) - Created Pipeline RATIS THREE PipelineID=ce0bcb57-9ca8-4104-8923-d626a51ed105.
2025-05-14 02:53:39,029 [d4e44fd7-0e23-4e4f-bc30-0c7965de497d@group-C63ADC343BBB-FollowerState] INFO  impl.FollowerState (FollowerState.java:runImpl(161)) - d4e44fd7-0e23-4e4f-bc30-0c7965de497d@group-C63ADC343BBB-FollowerState: change to CANDIDATE, lastRpcElapsedTime:1086656719ns, electionTimeout:1086ms
2025-05-14 02:53:39,029 [d4e44fd7-0e23-4e4f-bc30-0c7965de497d@group-C63ADC343BBB-FollowerState] INFO  impl.RoleInfo (RoleInfo.java:shutdownFollowerState(121)) - d4e44fd7-0e23-4e4f-bc30-0c7965de497d: shutdown d4e44fd7-0e23-4e4f-bc30-0c7965de497d@group-C63ADC343BBB-FollowerState
2025-05-14 02:53:39,029 [d4e44fd7-0e23-4e4f-bc30-0c7965de497d@group-C63ADC343BBB-FollowerState] INFO  server.RaftServer$Division (RaftServerImpl.java:setRole(378)) - d4e44fd7-0e23-4e4f-bc30-0c7965de497d@group-C63ADC343BBB: changes role from  FOLLOWER to CANDIDATE at term 0 for changeToCandidate
2025-05-14 02:53:39,030 [d4e44fd7-0e23-4e4f-bc30-0c7965de497d@group-C63ADC343BBB-FollowerState] INFO  server.RaftServerConfigKeys (ConfUtils.java:logGet(46)) - raft.server.leaderelection.pre-vote = true (default)
2025-05-14 02:53:39,031 [d4e44fd7-0e23-4e4f-bc30-0c7965de497d@group-C63ADC343BBB-FollowerState] INFO  impl.RoleInfo (RoleInfo.java:updateAndGet(148)) - d4e44fd7-0e23-4e4f-bc30-0c7965de497d: start d4e44fd7-0e23-4e4f-bc30-0c7965de497d@group-C63ADC343BBB-LeaderElection10
2025-05-14 02:53:39,032 [d4e44fd7-0e23-4e4f-bc30-0c7965de497d@group-C63ADC343BBB-LeaderElection10] INFO  impl.LeaderElection (LeaderElection.java:askForVotes(332)) - d4e44fd7-0e23-4e4f-bc30-0c7965de497d@group-C63ADC343BBB-LeaderElection10 PRE_VOTE round 0: submit vote requests at term 0 for conf: {index: -1, cur=peers:[d4e44fd7-0e23-4e4f-bc30-0c7965de497d|127.0.0.1:15039]|listeners:[], old=null}
2025-05-14 02:53:39,032 [d4e44fd7-0e23-4e4f-bc30-0c7965de497d@group-C63ADC343BBB-LeaderElection10] INFO  impl.LeaderElection (LeaderElection.java:askForVotes(334)) - d4e44fd7-0e23-4e4f-bc30-0c7965de497d@group-C63ADC343BBB-LeaderElection10 PRE_VOTE round 0: result PASSED (term=0)
2025-05-14 02:53:39,034 [d4e44fd7-0e23-4e4f-bc30-0c7965de497d@group-C63ADC343BBB-LeaderElection10] INFO  impl.LeaderElection (LeaderElection.java:askForVotes(332)) - d4e44fd7-0e23-4e4f-bc30-0c7965de497d@group-C63ADC343BBB-LeaderElection10 ELECTION round 0: submit vote requests at term 1 for conf: {index: -1, cur=peers:[d4e44fd7-0e23-4e4f-bc30-0c7965de497d|127.0.0.1:15039]|listeners:[], old=null}
2025-05-14 02:53:39,034 [d4e44fd7-0e23-4e4f-bc30-0c7965de497d@group-C63ADC343BBB-LeaderElection10] INFO  impl.LeaderElection (LeaderElection.java:askForVotes(334)) - d4e44fd7-0e23-4e4f-bc30-0c7965de497d@group-C63ADC343BBB-LeaderElection10 ELECTION round 0: result PASSED (term=1)
2025-05-14 02:53:39,035 [d4e44fd7-0e23-4e4f-bc30-0c7965de497d@group-C63ADC343BBB-LeaderElection10] INFO  impl.RoleInfo (RoleInfo.java:shutdownLeaderElection(141)) - d4e44fd7-0e23-4e4f-bc30-0c7965de497d: shutdown d4e44fd7-0e23-4e4f-bc30-0c7965de497d@group-C63ADC343BBB-LeaderElection10
2025-05-14 02:53:39,035 [d4e44fd7-0e23-4e4f-bc30-0c7965de497d@group-C63ADC343BBB-LeaderElection10] INFO  server.RaftServer$Division (RaftServerImpl.java:setRole(378)) - d4e44fd7-0e23-4e4f-bc30-0c7965de497d@group-C63ADC343BBB: changes role from CANDIDATE to LEADER at term 1 for changeToLeader
2025-05-14 02:53:39,035 [d4e44fd7-0e23-4e4f-bc30-0c7965de497d@group-C63ADC343BBB-LeaderElection10] INFO  server.RaftServerConfigKeys (ConfUtils.java:logGet(46)) - raft.server.staging.catchup.gap = 1000 (default)
2025-05-14 02:53:39,035 [d4e44fd7-0e23-4e4f-bc30-0c7965de497d@group-C63ADC343BBB-LeaderElection10] INFO  server.RaftServerConfigKeys (ConfUtils.java:logGet(46)) - raft.server.write.element-limit = 1024 (custom)
2025-05-14 02:53:39,035 [d4e44fd7-0e23-4e4f-bc30-0c7965de497d@group-C63ADC343BBB-LeaderElection10] INFO  server.RaftServerConfigKeys (ConfUtils.java:logGet(46)) - raft.server.write.byte-limit = 1024 M (=1073741824) (custom)
2025-05-14 02:53:39,036 [d4e44fd7-0e23-4e4f-bc30-0c7965de497d@group-C63ADC343BBB-LeaderElection10] INFO  server.RaftServerConfigKeys (ConfUtils.java:logGet(46)) - raft.server.watch.timeout = 10000ms (default)
2025-05-14 02:53:39,036 [d4e44fd7-0e23-4e4f-bc30-0c7965de497d@group-C63ADC343BBB-LeaderElection10] INFO  server.RaftServerConfigKeys (ConfUtils.java:logGet(46)) - raft.server.watch.timeout.denomination = 1s (default)
2025-05-14 02:53:39,036 [d4e44fd7-0e23-4e4f-bc30-0c7965de497d@group-C63ADC343BBB-LeaderElection10] INFO  server.RaftServerConfigKeys (ConfUtils.java:logGet(46)) - raft.server.watch.element-limit = 65536 (default)
2025-05-14 02:53:39,036 [d4e44fd7-0e23-4e4f-bc30-0c7965de497d@group-C63ADC343BBB-LeaderElection10] INFO  server.RaftServerConfigKeys (ConfUtils.java:logGet(46)) - raft.server.read.leader.lease.enabled = false (default)
2025-05-14 02:53:39,036 [d4e44fd7-0e23-4e4f-bc30-0c7965de497d@group-C63ADC343BBB-LeaderElection10] INFO  server.RaftServerConfigKeys (ConfUtils.java:logGet(46)) - raft.server.read.leader.lease.timeout.ratio = 0.9 (default)
2025-05-14 02:53:39,036 [d4e44fd7-0e23-4e4f-bc30-0c7965de497d@group-C63ADC343BBB-LeaderElection10] INFO  server.RaftServerConfigKeys (ConfUtils.java:logGet(46)) - raft.server.rpc.timeout.min = 5s (custom)
2025-05-14 02:53:39,037 [d4e44fd7-0e23-4e4f-bc30-0c7965de497d@group-C63ADC343BBB-LeaderElection10] INFO  server.RaftServerConfigKeys (ConfUtils.java:logGet(46)) - raft.server.log.log-metadata.enabled = true (default)
2025-05-14 02:53:39,037 [d4e44fd7-0e23-4e4f-bc30-0c7965de497d@group-C63ADC343BBB-LeaderElection10] INFO  server.RaftServerConfigKeys (ConfUtils.java:logGet(46)) - raft.server.write.element-limit = 1024 (custom)
2025-05-14 02:53:39,037 [d4e44fd7-0e23-4e4f-bc30-0c7965de497d@group-C63ADC343BBB-LeaderElection10] INFO  server.RaftServerConfigKeys (ConfUtils.java:logGet(46)) - raft.server.write.follower.gap.ratio.max = -1.0 (default)
2025-05-14 02:53:39,037 [d4e44fd7-0e23-4e4f-bc30-0c7965de497d@group-C63ADC343BBB-LeaderElection10] INFO  impl.RoleInfo (RoleInfo.java:updateAndGet(148)) - d4e44fd7-0e23-4e4f-bc30-0c7965de497d: start d4e44fd7-0e23-4e4f-bc30-0c7965de497d@group-C63ADC343BBB-LeaderStateImpl
2025-05-14 02:53:39,037 [d4e44fd7-0e23-4e4f-bc30-0c7965de497d@group-C63ADC343BBB-LeaderElection10] INFO  server.RaftServer$Division (RaftServerImpl.java:setFirstElection(562)) - d4e44fd7-0e23-4e4f-bc30-0c7965de497d@group-C63ADC343BBB: set firstElectionSinceStartup to false for becomeLeader
2025-05-14 02:53:39,037 [d4e44fd7-0e23-4e4f-bc30-0c7965de497d@group-C63ADC343BBB-LeaderElection10] INFO  ratis.XceiverServerRatis (XceiverServerRatis.java:handleLeaderChangedNotification(944)) - Leader change notification received for group: group-C63ADC343BBB with new leaderId: d4e44fd7-0e23-4e4f-bc30-0c7965de497d
2025-05-14 02:53:39,038 [d4e44fd7-0e23-4e4f-bc30-0c7965de497d@group-C63ADC343BBB-LeaderElection10] INFO  server.RaftServer$Division (ServerState.java:setLeader(272)) - d4e44fd7-0e23-4e4f-bc30-0c7965de497d@group-C63ADC343BBB: change Leader from null to d4e44fd7-0e23-4e4f-bc30-0c7965de497d at term 1 for becomeLeader, leader elected after 1124ms
2025-05-14 02:53:39,039 [d4e44fd7-0e23-4e4f-bc30-0c7965de497d@group-C63ADC343BBB-LeaderElection10] INFO  segmented.SegmentedRaftLogWorker (SegmentedRaftLogWorker.java:startLogSegment(438)) - d4e44fd7-0e23-4e4f-bc30-0c7965de497d@group-C63ADC343BBB-SegmentedRaftLogWorker: Starting segment from index:0
2025-05-14 02:53:39,040 [d4e44fd7-0e23-4e4f-bc30-0c7965de497d@group-C63ADC343BBB-LeaderElection10] INFO  server.RaftServer$Division (ServerState.java:setRaftConf(386)) - d4e44fd7-0e23-4e4f-bc30-0c7965de497d@group-C63ADC343BBB: set configuration conf: {index: 0, cur=peers:[d4e44fd7-0e23-4e4f-bc30-0c7965de497d|127.0.0.1:15039]|listeners:[], old=null}
2025-05-14 02:53:39,040 [d4e44fd7-0e23-4e4f-bc30-0c7965de497d@group-C63ADC343BBB-SegmentedRaftLogWorker] INFO  segmented.BufferedWriteChannel (BufferedWriteChannel.java:open(61)) - open log_inprogress_0 at position 0
2025-05-14 02:53:39,049 [d4e44fd7-0e23-4e4f-bc30-0c7965de497d@group-C63ADC343BBB-SegmentedRaftLogWorker] INFO  segmented.SegmentedRaftLogWorker (SegmentedRaftLogWorker.java:execute(644)) - d4e44fd7-0e23-4e4f-bc30-0c7965de497d@group-C63ADC343BBB-SegmentedRaftLogWorker: created new log segment /home/runner/work/ozone/ozone/hadoop-ozone/integration-test/target/test-dir/MiniOzoneClusterImpl-af940217-b311-440f-8e09-352fdf66236b/ozone-meta/datanode-4/ratis/94249d9e-b8d5-40dd-b746-c63adc343bbb/current/log_inprogress_0
2025-05-14 02:53:39,051 [d4e44fd7-0e23-4e4f-bc30-0c7965de497d@group-C63ADC343BBB-StateMachineUpdater] INFO  server.RaftServer$Division (LeaderStateImpl.java:checkStartIndex(313)) - Leader d4e44fd7-0e23-4e4f-bc30-0c7965de497d@group-C63ADC343BBB-LeaderStateImpl is ready since appliedIndex == startIndex == 0
2025-05-14 02:53:39,051 [d4e44fd7-0e23-4e4f-bc30-0c7965de497d@group-C63ADC343BBB-StateMachineUpdater] INFO  ratis.ContainerStateMachine (ContainerStateMachine.java:takeSnapshot(427)) - group-C63ADC343BBB: Taking a snapshot at:(t:1, i:0) file /home/runner/work/ozone/ozone/hadoop-ozone/integration-test/target/test-dir/MiniOzoneClusterImpl-af940217-b311-440f-8e09-352fdf66236b/ozone-meta/datanode-4/ratis/94249d9e-b8d5-40dd-b746-c63adc343bbb/sm/snapshot.1_0
2025-05-14 02:53:39,051 [d4e44fd7-0e23-4e4f-bc30-0c7965de497d@group-C63ADC343BBB-StateMachineUpdater] INFO  ratis.ContainerStateMachine (ContainerStateMachine.java:takeSnapshot(436)) - group-C63ADC343BBB: Finished taking a snapshot at:(t:1, i:0) file:/home/runner/work/ozone/ozone/hadoop-ozone/integration-test/target/test-dir/MiniOzoneClusterImpl-af940217-b311-440f-8e09-352fdf66236b/ozone-meta/datanode-4/ratis/94249d9e-b8d5-40dd-b746-c63adc343bbb/sm/snapshot.1_0 took: 0 ms
2025-05-14 02:53:39,051 [d4e44fd7-0e23-4e4f-bc30-0c7965de497d@group-C63ADC343BBB-StateMachineUpdater] INFO  impl.StateMachineUpdater (StateMachineUpdater.java:takeSnapshot(303)) - d4e44fd7-0e23-4e4f-bc30-0c7965de497d@group-C63ADC343BBB-StateMachineUpdater: Took a snapshot at index 0
2025-05-14 02:53:39,052 [d4e44fd7-0e23-4e4f-bc30-0c7965de497d@group-C63ADC343BBB-StateMachineUpdater] INFO  impl.StateMachineUpdater (StateMachineUpdater.java:lambda$new$0(102)) - d4e44fd7-0e23-4e4f-bc30-0c7965de497d@group-C63ADC343BBB-StateMachineUpdater: snapshotIndex: updateIncreasingly -1 -> 0
2025-05-14 02:53:39,098 [d4e44fd7-0e23-4e4f-bc30-0c7965de497d@group-DC6000F9F072-FollowerState] INFO  impl.FollowerState (FollowerState.java:runImpl(161)) - d4e44fd7-0e23-4e4f-bc30-0c7965de497d@group-DC6000F9F072-FollowerState: change to CANDIDATE, lastRpcElapsedTime:1123808219ns, electionTimeout:1122ms
2025-05-14 02:53:39,098 [d4e44fd7-0e23-4e4f-bc30-0c7965de497d@group-DC6000F9F072-FollowerState] INFO  impl.RoleInfo (RoleInfo.java:shutdownFollowerState(121)) - d4e44fd7-0e23-4e4f-bc30-0c7965de497d: shutdown d4e44fd7-0e23-4e4f-bc30-0c7965de497d@group-DC6000F9F072-FollowerState
2025-05-14 02:53:39,098 [d4e44fd7-0e23-4e4f-bc30-0c7965de497d@group-DC6000F9F072-FollowerState] INFO  server.RaftServer$Division (RaftServerImpl.java:setRole(378)) - d4e44fd7-0e23-4e4f-bc30-0c7965de497d@group-DC6000F9F072: changes role from  FOLLOWER to CANDIDATE at term 0 for changeToCandidate
2025-05-14 02:53:39,098 [d4e44fd7-0e23-4e4f-bc30-0c7965de497d@group-DC6000F9F072-FollowerState] INFO  server.RaftServerConfigKeys (ConfUtils.java:logGet(46)) - raft.server.leaderelection.pre-vote = true (default)
2025-05-14 02:53:39,098 [d4e44fd7-0e23-4e4f-bc30-0c7965de497d@group-DC6000F9F072-FollowerState] INFO  impl.RoleInfo (RoleInfo.java:updateAndGet(148)) - d4e44fd7-0e23-4e4f-bc30-0c7965de497d: start d4e44fd7-0e23-4e4f-bc30-0c7965de497d@group-DC6000F9F072-LeaderElection11
2025-05-14 02:53:39,099 [d4e44fd7-0e23-4e4f-bc30-0c7965de497d@group-DC6000F9F072-LeaderElection11] INFO  impl.LeaderElection (LeaderElection.java:askForVotes(332)) - d4e44fd7-0e23-4e4f-bc30-0c7965de497d@group-DC6000F9F072-LeaderElection11 PRE_VOTE round 0: submit vote requests at term 0 for conf: {index: -1, cur=peers:[d4e44fd7-0e23-4e4f-bc30-0c7965de497d|127.0.0.1:15039, e44b5a69-92f9-40f4-85c9-712e1c637b62|127.0.0.1:15047, c77e66e9-1cca-4fd3-bc5b-4ea2dbc3232f|127.0.0.1:15055]|listeners:[], old=null}
2025-05-14 02:53:39,100 [d4e44fd7-0e23-4e4f-bc30-0c7965de497d@group-DC6000F9F072-LeaderElection11] INFO  server.RaftServerConfigKeys (ConfUtils.java:logGet(46)) - raft.server.rpc.first-election.timeout.min = 1000ms (custom)
2025-05-14 02:53:39,100 [d4e44fd7-0e23-4e4f-bc30-0c7965de497d@group-DC6000F9F072-LeaderElection11] INFO  server.RaftServerConfigKeys (ConfUtils.java:logGet(46)) - raft.server.rpc.first-election.timeout.max = 1200ms (custom)
2025-05-14 02:53:39,100 [d4e44fd7-0e23-4e4f-bc30-0c7965de497d@group-DC6000F9F072-LeaderElection11-2] INFO  server.GrpcServerProtocolClient (GrpcServerProtocolClient.java:<init>(65)) - Build channel for c77e66e9-1cca-4fd3-bc5b-4ea2dbc3232f|127.0.0.1:15055
2025-05-14 02:53:39,102 [d4e44fd7-0e23-4e4f-bc30-0c7965de497d@group-DC6000F9F072-LeaderElection11-1] INFO  server.GrpcServerProtocolClient (GrpcServerProtocolClient.java:<init>(65)) - Build channel for e44b5a69-92f9-40f4-85c9-712e1c637b62|127.0.0.1:15047
2025-05-14 02:53:39,103 [c77e66e9-1cca-4fd3-bc5b-4ea2dbc3232f@group-DC6000F9F072-FollowerState] INFO  impl.FollowerState (FollowerState.java:runImpl(161)) - c77e66e9-1cca-4fd3-bc5b-4ea2dbc3232f@group-DC6000F9F072-FollowerState: change to CANDIDATE, lastRpcElapsedTime:1039399918ns, electionTimeout:1038ms
2025-05-14 02:53:39,103 [c77e66e9-1cca-4fd3-bc5b-4ea2dbc3232f@group-DC6000F9F072-FollowerState] INFO  impl.RoleInfo (RoleInfo.java:shutdownFollowerState(121)) - c77e66e9-1cca-4fd3-bc5b-4ea2dbc3232f: shutdown c77e66e9-1cca-4fd3-bc5b-4ea2dbc3232f@group-DC6000F9F072-FollowerState
2025-05-14 02:53:39,103 [c77e66e9-1cca-4fd3-bc5b-4ea2dbc3232f@group-DC6000F9F072-FollowerState] INFO  server.RaftServer$Division (RaftServerImpl.java:setRole(378)) - c77e66e9-1cca-4fd3-bc5b-4ea2dbc3232f@group-DC6000F9F072: changes role from  FOLLOWER to CANDIDATE at term 0 for changeToCandidate
2025-05-14 02:53:39,103 [c77e66e9-1cca-4fd3-bc5b-4ea2dbc3232f@group-DC6000F9F072-FollowerState] INFO  server.RaftServerConfigKeys (ConfUtils.java:logGet(46)) - raft.server.leaderelection.pre-vote = true (default)
2025-05-14 02:53:39,103 [c77e66e9-1cca-4fd3-bc5b-4ea2dbc3232f@group-DC6000F9F072-FollowerState] INFO  impl.RoleInfo (RoleInfo.java:updateAndGet(148)) - c77e66e9-1cca-4fd3-bc5b-4ea2dbc3232f: start c77e66e9-1cca-4fd3-bc5b-4ea2dbc3232f@group-DC6000F9F072-LeaderElection12
2025-05-14 02:53:39,105 [c77e66e9-1cca-4fd3-bc5b-4ea2dbc3232f@group-DC6000F9F072-LeaderElection12] INFO  impl.LeaderElection (LeaderElection.java:askForVotes(332)) - c77e66e9-1cca-4fd3-bc5b-4ea2dbc3232f@group-DC6000F9F072-LeaderElection12 PRE_VOTE round 0: submit vote requests at term 0 for conf: {index: -1, cur=peers:[d4e44fd7-0e23-4e4f-bc30-0c7965de497d|127.0.0.1:15039, e44b5a69-92f9-40f4-85c9-712e1c637b62|127.0.0.1:15047, c77e66e9-1cca-4fd3-bc5b-4ea2dbc3232f|127.0.0.1:15055]|listeners:[], old=null}
2025-05-14 02:53:39,106 [c77e66e9-1cca-4fd3-bc5b-4ea2dbc3232f@group-DC6000F9F072-LeaderElection12-1] INFO  server.GrpcServerProtocolClient (GrpcServerProtocolClient.java:<init>(65)) - Build channel for d4e44fd7-0e23-4e4f-bc30-0c7965de497d|127.0.0.1:15039
2025-05-14 02:53:39,107 [c77e66e9-1cca-4fd3-bc5b-4ea2dbc3232f@group-DC6000F9F072-LeaderElection12] INFO  server.RaftServerConfigKeys (ConfUtils.java:logGet(46)) - raft.server.rpc.first-election.timeout.min = 1000ms (custom)
2025-05-14 02:53:39,107 [c77e66e9-1cca-4fd3-bc5b-4ea2dbc3232f@group-DC6000F9F072-LeaderElection12] INFO  server.RaftServerConfigKeys (ConfUtils.java:logGet(46)) - raft.server.rpc.first-election.timeout.max = 1200ms (custom)
2025-05-14 02:53:39,107 [c77e66e9-1cca-4fd3-bc5b-4ea2dbc3232f@group-DC6000F9F072-LeaderElection12-2] INFO  server.GrpcServerProtocolClient (GrpcServerProtocolClient.java:<init>(65)) - Build channel for e44b5a69-92f9-40f4-85c9-712e1c637b62|127.0.0.1:15047
2025-05-14 02:53:39,110 [grpc-default-executor-1] INFO  server.RaftServer$Division (RaftServerImpl.java:requestVote(1407)) - e44b5a69-92f9-40f4-85c9-712e1c637b62@group-DC6000F9F072: receive requestVote(PRE_VOTE, d4e44fd7-0e23-4e4f-bc30-0c7965de497d, group-DC6000F9F072, 0, (t:0, i:0))
2025-05-14 02:53:39,110 [grpc-default-executor-3] INFO  server.RaftServer$Division (RaftServerImpl.java:requestVote(1407)) - d4e44fd7-0e23-4e4f-bc30-0c7965de497d@group-DC6000F9F072: receive requestVote(PRE_VOTE, c77e66e9-1cca-4fd3-bc5b-4ea2dbc3232f, group-DC6000F9F072, 0, (t:0, i:0))
2025-05-14 02:53:39,110 [grpc-default-executor-3] INFO  impl.VoteContext (VoteContext.java:log(49)) - d4e44fd7-0e23-4e4f-bc30-0c7965de497d@group-DC6000F9F072-CANDIDATE: reject PRE_VOTE from c77e66e9-1cca-4fd3-bc5b-4ea2dbc3232f: our priority 1 > candidate's priority 0
2025-05-14 02:53:39,111 [grpc-default-executor-3] INFO  server.RaftServer$Division (RaftServerImpl.java:requestVote(1441)) - d4e44fd7-0e23-4e4f-bc30-0c7965de497d@group-DC6000F9F072 replies to PRE_VOTE vote request: c77e66e9-1cca-4fd3-bc5b-4ea2dbc3232f<-d4e44fd7-0e23-4e4f-bc30-0c7965de497d#0:FAIL-t0. Peer's state: d4e44fd7-0e23-4e4f-bc30-0c7965de497d@group-DC6000F9F072:t0, leader=null, voted=, raftlog=Memoized:d4e44fd7-0e23-4e4f-bc30-0c7965de497d@group-DC6000F9F072-SegmentedRaftLog:OPENED:c-1:lastnull, conf=conf: {index: -1, cur=peers:[d4e44fd7-0e23-4e4f-bc30-0c7965de497d|127.0.0.1:15039, e44b5a69-92f9-40f4-85c9-712e1c637b62|127.0.0.1:15047, c77e66e9-1cca-4fd3-bc5b-4ea2dbc3232f|127.0.0.1:15055]|listeners:[], old=null}
2025-05-14 02:53:39,111 [grpc-default-executor-1] INFO  impl.VoteContext (VoteContext.java:log(49)) - e44b5a69-92f9-40f4-85c9-712e1c637b62@group-DC6000F9F072-FOLLOWER: accept PRE_VOTE from d4e44fd7-0e23-4e4f-bc30-0c7965de497d: our priority 0 <= candidate's priority 1
2025-05-14 02:53:39,111 [grpc-default-executor-1] INFO  server.RaftServer$Division (RaftServerImpl.java:requestVote(1441)) - e44b5a69-92f9-40f4-85c9-712e1c637b62@group-DC6000F9F072 replies to PRE_VOTE vote request: d4e44fd7-0e23-4e4f-bc30-0c7965de497d<-e44b5a69-92f9-40f4-85c9-712e1c637b62#0:OK-t0. Peer's state: e44b5a69-92f9-40f4-85c9-712e1c637b62@group-DC6000F9F072:t0, leader=null, voted=, raftlog=Memoized:e44b5a69-92f9-40f4-85c9-712e1c637b62@group-DC6000F9F072-SegmentedRaftLog:OPENED:c-1:lastnull, conf=conf: {index: -1, cur=peers:[d4e44fd7-0e23-4e4f-bc30-0c7965de497d|127.0.0.1:15039, e44b5a69-92f9-40f4-85c9-712e1c637b62|127.0.0.1:15047, c77e66e9-1cca-4fd3-bc5b-4ea2dbc3232f|127.0.0.1:15055]|listeners:[], old=null}
2025-05-14 02:53:39,112 [grpc-default-executor-4] INFO  server.RaftServer$Division (RaftServerImpl.java:requestVote(1407)) - c77e66e9-1cca-4fd3-bc5b-4ea2dbc3232f@group-DC6000F9F072: receive requestVote(PRE_VOTE, d4e44fd7-0e23-4e4f-bc30-0c7965de497d, group-DC6000F9F072, 0, (t:0, i:0))
2025-05-14 02:53:39,112 [grpc-default-executor-4] INFO  impl.VoteContext (VoteContext.java:log(49)) - c77e66e9-1cca-4fd3-bc5b-4ea2dbc3232f@group-DC6000F9F072-CANDIDATE: accept PRE_VOTE from d4e44fd7-0e23-4e4f-bc30-0c7965de497d: our priority 0 <= candidate's priority 1
2025-05-14 02:53:39,112 [grpc-default-executor-4] INFO  server.RaftServer$Division (RaftServerImpl.java:requestVote(1441)) - c77e66e9-1cca-4fd3-bc5b-4ea2dbc3232f@group-DC6000F9F072 replies to PRE_VOTE vote request: d4e44fd7-0e23-4e4f-bc30-0c7965de497d<-c77e66e9-1cca-4fd3-bc5b-4ea2dbc3232f#0:OK-t0. Peer's state: c77e66e9-1cca-4fd3-bc5b-4ea2dbc3232f@group-DC6000F9F072:t0, leader=null, voted=, raftlog=Memoized:c77e66e9-1cca-4fd3-bc5b-4ea2dbc3232f@group-DC6000F9F072-SegmentedRaftLog:OPENED:c-1:lastnull, conf=conf: {index: -1, cur=peers:[d4e44fd7-0e23-4e4f-bc30-0c7965de497d|127.0.0.1:15039, e44b5a69-92f9-40f4-85c9-712e1c637b62|127.0.0.1:15047, c77e66e9-1cca-4fd3-bc5b-4ea2dbc3232f|127.0.0.1:15055]|listeners:[], old=null}
2025-05-14 02:53:39,113 [d4e44fd7-0e23-4e4f-bc30-0c7965de497d@group-DC6000F9F072-LeaderElection11] INFO  impl.LeaderElection (LeaderElection.java:logAndReturn(90)) - d4e44fd7-0e23-4e4f-bc30-0c7965de497d@group-DC6000F9F072-LeaderElection11: PRE_VOTE PASSED received 1 response(s) and 0 exception(s):
2025-05-14 02:53:39,113 [d4e44fd7-0e23-4e4f-bc30-0c7965de497d@group-DC6000F9F072-LeaderElection11] INFO  impl.LeaderElection (LeaderElection.java:logAndReturn(94)) -   Response 0: d4e44fd7-0e23-4e4f-bc30-0c7965de497d<-e44b5a69-92f9-40f4-85c9-712e1c637b62#0:OK-t0
2025-05-14 02:53:39,113 [d4e44fd7-0e23-4e4f-bc30-0c7965de497d@group-DC6000F9F072-LeaderElection11] INFO  impl.LeaderElection (LeaderElection.java:askForVotes(334)) - d4e44fd7-0e23-4e4f-bc30-0c7965de497d@group-DC6000F9F072-LeaderElection11 PRE_VOTE round 0: result PASSED
2025-05-14 02:53:39,113 [c77e66e9-1cca-4fd3-bc5b-4ea2dbc3232f@group-DC6000F9F072-LeaderElection12] INFO  impl.LeaderElection (LeaderElection.java:logAndReturn(90)) - c77e66e9-1cca-4fd3-bc5b-4ea2dbc3232f@group-DC6000F9F072-LeaderElection12: PRE_VOTE REJECTED received 1 response(s) and 0 exception(s):
2025-05-14 02:53:39,114 [c77e66e9-1cca-4fd3-bc5b-4ea2dbc3232f@group-DC6000F9F072-LeaderElection12] INFO  impl.LeaderElection (LeaderElection.java:logAndReturn(94)) -   Response 0: c77e66e9-1cca-4fd3-bc5b-4ea2dbc3232f<-d4e44fd7-0e23-4e4f-bc30-0c7965de497d#0:FAIL-t0
2025-05-14 02:53:39,114 [c77e66e9-1cca-4fd3-bc5b-4ea2dbc3232f@group-DC6000F9F072-LeaderElection12] INFO  impl.LeaderElection (LeaderElection.java:askForVotes(334)) - c77e66e9-1cca-4fd3-bc5b-4ea2dbc3232f@group-DC6000F9F072-LeaderElection12 PRE_VOTE round 0: result REJECTED
2025-05-14 02:53:39,114 [c77e66e9-1cca-4fd3-bc5b-4ea2dbc3232f@group-DC6000F9F072-LeaderElection12] INFO  server.RaftServer$Division (RaftServerImpl.java:setRole(378)) - c77e66e9-1cca-4fd3-bc5b-4ea2dbc3232f@group-DC6000F9F072: changes role from CANDIDATE to FOLLOWER at term 0 for REJECTED
2025-05-14 02:53:39,114 [c77e66e9-1cca-4fd3-bc5b-4ea2dbc3232f@group-DC6000F9F072-LeaderElection12] INFO  impl.RoleInfo (RoleInfo.java:shutdownLeaderElection(141)) - c77e66e9-1cca-4fd3-bc5b-4ea2dbc3232f: shutdown c77e66e9-1cca-4fd3-bc5b-4ea2dbc3232f@group-DC6000F9F072-LeaderElection12
2025-05-14 02:53:39,114 [c77e66e9-1cca-4fd3-bc5b-4ea2dbc3232f@group-DC6000F9F072-LeaderElection12] INFO  impl.RoleInfo (RoleInfo.java:updateAndGet(148)) - c77e66e9-1cca-4fd3-bc5b-4ea2dbc3232f: start c77e66e9-1cca-4fd3-bc5b-4ea2dbc3232f@group-DC6000F9F072-FollowerState
2025-05-14 02:53:39,114 [c77e66e9-1cca-4fd3-bc5b-4ea2dbc3232f@group-DC6000F9F072-LeaderElection12] INFO  server.RaftServer$Division (RaftServerImpl.java:setFirstElection(562)) - c77e66e9-1cca-4fd3-bc5b-4ea2dbc3232f@group-DC6000F9F072: set firstElectionSinceStartup to false for REJECTED
2025-05-14 02:53:39,116 [d4e44fd7-0e23-4e4f-bc30-0c7965de497d@group-DC6000F9F072-LeaderElection11] INFO  impl.LeaderElection (LeaderElection.java:askForVotes(332)) - d4e44fd7-0e23-4e4f-bc30-0c7965de497d@group-DC6000F9F072-LeaderElection11 ELECTION round 0: submit vote requests at term 1 for conf: {index: -1, cur=peers:[d4e44fd7-0e23-4e4f-bc30-0c7965de497d|127.0.0.1:15039, e44b5a69-92f9-40f4-85c9-712e1c637b62|127.0.0.1:15047, c77e66e9-1cca-4fd3-bc5b-4ea2dbc3232f|127.0.0.1:15055]|listeners:[], old=null}
2025-05-14 02:53:39,117 [d4e44fd7-0e23-4e4f-bc30-0c7965de497d@group-DC6000F9F072-LeaderElection11] INFO  server.RaftServerConfigKeys (ConfUtils.java:logGet(46)) - raft.server.rpc.first-election.timeout.min = 1000ms (custom)
2025-05-14 02:53:39,117 [d4e44fd7-0e23-4e4f-bc30-0c7965de497d@group-DC6000F9F072-LeaderElection11] INFO  server.RaftServerConfigKeys (ConfUtils.java:logGet(46)) - raft.server.rpc.first-election.timeout.max = 1200ms (custom)
2025-05-14 02:53:39,118 [grpc-default-executor-5] INFO  server.RaftServer$Division (RaftServerImpl.java:requestVote(1407)) - e44b5a69-92f9-40f4-85c9-712e1c637b62@group-DC6000F9F072: receive requestVote(ELECTION, d4e44fd7-0e23-4e4f-bc30-0c7965de497d, group-DC6000F9F072, 1, (t:0, i:0))
2025-05-14 02:53:39,118 [grpc-default-executor-5] INFO  impl.VoteContext (VoteContext.java:log(49)) - e44b5a69-92f9-40f4-85c9-712e1c637b62@group-DC6000F9F072-FOLLOWER: accept ELECTION from d4e44fd7-0e23-4e4f-bc30-0c7965de497d: our priority 0 <= candidate's priority 1
2025-05-14 02:53:39,118 [grpc-default-executor-5] INFO  server.RaftServer$Division (RaftServerImpl.java:setRole(378)) - e44b5a69-92f9-40f4-85c9-712e1c637b62@group-DC6000F9F072: changes role from  FOLLOWER to FOLLOWER at term 0 for candidate:d4e44fd7-0e23-4e4f-bc30-0c7965de497d
2025-05-14 02:53:39,118 [grpc-default-executor-5] INFO  impl.RoleInfo (RoleInfo.java:shutdownFollowerState(121)) - e44b5a69-92f9-40f4-85c9-712e1c637b62: shutdown e44b5a69-92f9-40f4-85c9-712e1c637b62@group-DC6000F9F072-FollowerState
2025-05-14 02:53:39,118 [grpc-default-executor-5] INFO  impl.RoleInfo (RoleInfo.java:updateAndGet(148)) - e44b5a69-92f9-40f4-85c9-712e1c637b62: start e44b5a69-92f9-40f4-85c9-712e1c637b62@group-DC6000F9F072-FollowerState
2025-05-14 02:53:39,118 [e44b5a69-92f9-40f4-85c9-712e1c637b62@group-DC6000F9F072-FollowerState] INFO  impl.FollowerState (FollowerState.java:runImpl(170)) - e44b5a69-92f9-40f4-85c9-712e1c637b62@group-DC6000F9F072-FollowerState was interrupted
2025-05-14 02:53:39,119 [grpc-default-executor-4] INFO  server.RaftServer$Division (RaftServerImpl.java:requestVote(1407)) - c77e66e9-1cca-4fd3-bc5b-4ea2dbc3232f@group-DC6000F9F072: receive requestVote(ELECTION, d4e44fd7-0e23-4e4f-bc30-0c7965de497d, group-DC6000F9F072, 1, (t:0, i:0))
2025-05-14 02:53:39,119 [grpc-default-executor-4] INFO  impl.VoteContext (VoteContext.java:log(49)) - c77e66e9-1cca-4fd3-bc5b-4ea2dbc3232f@group-DC6000F9F072-FOLLOWER: accept ELECTION from d4e44fd7-0e23-4e4f-bc30-0c7965de497d: our priority 0 <= candidate's priority 1
2025-05-14 02:53:39,120 [grpc-default-executor-4] INFO  server.RaftServer$Division (RaftServerImpl.java:setRole(378)) - c77e66e9-1cca-4fd3-bc5b-4ea2dbc3232f@group-DC6000F9F072: changes role from  FOLLOWER to FOLLOWER at term 0 for candidate:d4e44fd7-0e23-4e4f-bc30-0c7965de497d
2025-05-14 02:53:39,120 [grpc-default-executor-4] INFO  impl.RoleInfo (RoleInfo.java:shutdownFollowerState(121)) - c77e66e9-1cca-4fd3-bc5b-4ea2dbc3232f: shutdown c77e66e9-1cca-4fd3-bc5b-4ea2dbc3232f@group-DC6000F9F072-FollowerState
2025-05-14 02:53:39,120 [grpc-default-executor-4] INFO  impl.RoleInfo (RoleInfo.java:updateAndGet(148)) - c77e66e9-1cca-4fd3-bc5b-4ea2dbc3232f: start c77e66e9-1cca-4fd3-bc5b-4ea2dbc3232f@group-DC6000F9F072-FollowerState
2025-05-14 02:53:39,120 [c77e66e9-1cca-4fd3-bc5b-4ea2dbc3232f@group-DC6000F9F072-FollowerState] INFO  impl.FollowerState (FollowerState.java:runImpl(170)) - c77e66e9-1cca-4fd3-bc5b-4ea2dbc3232f@group-DC6000F9F072-FollowerState was interrupted
2025-05-14 02:53:39,120 [grpc-default-executor-5] INFO  server.RaftServer$Division (RaftServerImpl.java:setFirstElection(562)) - e44b5a69-92f9-40f4-85c9-712e1c637b62@group-DC6000F9F072: set firstElectionSinceStartup to false for candidate:d4e44fd7-0e23-4e4f-bc30-0c7965de497d
2025-05-14 02:53:39,122 [grpc-default-executor-5] INFO  server.RaftServer$Division (RaftServerImpl.java:requestVote(1441)) - e44b5a69-92f9-40f4-85c9-712e1c637b62@group-DC6000F9F072 replies to ELECTION vote request: d4e44fd7-0e23-4e4f-bc30-0c7965de497d<-e44b5a69-92f9-40f4-85c9-712e1c637b62#0:OK-t1. Peer's state: e44b5a69-92f9-40f4-85c9-712e1c637b62@group-DC6000F9F072:t1, leader=null, voted=d4e44fd7-0e23-4e4f-bc30-0c7965de497d, raftlog=Memoized:e44b5a69-92f9-40f4-85c9-712e1c637b62@group-DC6000F9F072-SegmentedRaftLog:OPENED:c-1:lastnull, conf=conf: {index: -1, cur=peers:[d4e44fd7-0e23-4e4f-bc30-0c7965de497d|127.0.0.1:15039, e44b5a69-92f9-40f4-85c9-712e1c637b62|127.0.0.1:15047, c77e66e9-1cca-4fd3-bc5b-4ea2dbc3232f|127.0.0.1:15055]|listeners:[], old=null}
2025-05-14 02:53:39,122 [grpc-default-executor-4] INFO  server.RaftServer$Division (RaftServerImpl.java:requestVote(1441)) - c77e66e9-1cca-4fd3-bc5b-4ea2dbc3232f@group-DC6000F9F072 replies to ELECTION vote request: d4e44fd7-0e23-4e4f-bc30-0c7965de497d<-c77e66e9-1cca-4fd3-bc5b-4ea2dbc3232f#0:OK-t1. Peer's state: c77e66e9-1cca-4fd3-bc5b-4ea2dbc3232f@group-DC6000F9F072:t1, leader=null, voted=d4e44fd7-0e23-4e4f-bc30-0c7965de497d, raftlog=Memoized:c77e66e9-1cca-4fd3-bc5b-4ea2dbc3232f@group-DC6000F9F072-SegmentedRaftLog:OPENED:c-1:lastnull, conf=conf: {index: -1, cur=peers:[d4e44fd7-0e23-4e4f-bc30-0c7965de497d|127.0.0.1:15039, e44b5a69-92f9-40f4-85c9-712e1c637b62|127.0.0.1:15047, c77e66e9-1cca-4fd3-bc5b-4ea2dbc3232f|127.0.0.1:15055]|listeners:[], old=null}
2025-05-14 02:53:39,123 [d4e44fd7-0e23-4e4f-bc30-0c7965de497d@group-DC6000F9F072-LeaderElection11] INFO  impl.LeaderElection (LeaderElection.java:logAndReturn(90)) - d4e44fd7-0e23-4e4f-bc30-0c7965de497d@group-DC6000F9F072-LeaderElection11: ELECTION PASSED received 1 response(s) and 0 exception(s):
2025-05-14 02:53:39,124 [d4e44fd7-0e23-4e4f-bc30-0c7965de497d@group-DC6000F9F072-LeaderElection11] INFO  impl.LeaderElection (LeaderElection.java:logAndReturn(94)) -   Response 0: d4e44fd7-0e23-4e4f-bc30-0c7965de497d<-c77e66e9-1cca-4fd3-bc5b-4ea2dbc3232f#0:OK-t1
2025-05-14 02:53:39,124 [d4e44fd7-0e23-4e4f-bc30-0c7965de497d@group-DC6000F9F072-LeaderElection11] INFO  impl.LeaderElection (LeaderElection.java:askForVotes(334)) - d4e44fd7-0e23-4e4f-bc30-0c7965de497d@group-DC6000F9F072-LeaderElection11 ELECTION round 0: result PASSED
2025-05-14 02:53:39,124 [d4e44fd7-0e23-4e4f-bc30-0c7965de497d@group-DC6000F9F072-LeaderElection11] INFO  impl.RoleInfo (RoleInfo.java:shutdownLeaderElection(141)) - d4e44fd7-0e23-4e4f-bc30-0c7965de497d: shutdown d4e44fd7-0e23-4e4f-bc30-0c7965de497d@group-DC6000F9F072-LeaderElection11
2025-05-14 02:53:39,124 [d4e44fd7-0e23-4e4f-bc30-0c7965de497d@group-DC6000F9F072-LeaderElection11] INFO  server.RaftServer$Division (RaftServerImpl.java:setRole(378)) - d4e44fd7-0e23-4e4f-bc30-0c7965de497d@group-DC6000F9F072: changes role from CANDIDATE to LEADER at term 1 for changeToLeader
2025-05-14 02:53:39,124 [d4e44fd7-0e23-4e4f-bc30-0c7965de497d@group-DC6000F9F072-LeaderElection11] INFO  server.RaftServerConfigKeys (ConfUtils.java:logGet(46)) - raft.server.staging.catchup.gap = 1000 (default)
2025-05-14 02:53:39,124 [d4e44fd7-0e23-4e4f-bc30-0c7965de497d@group-DC6000F9F072-LeaderElection11] INFO  server.RaftServerConfigKeys (ConfUtils.java:logGet(46)) - raft.server.write.element-limit = 1024 (custom)
2025-05-14 02:53:39,124 [d4e44fd7-0e23-4e4f-bc30-0c7965de497d@group-DC6000F9F072-LeaderElection11] INFO  server.RaftServerConfigKeys (ConfUtils.java:logGet(46)) - raft.server.write.byte-limit = 1024 M (=1073741824) (custom)
2025-05-14 02:53:39,125 [d4e44fd7-0e23-4e4f-bc30-0c7965de497d@group-DC6000F9F072-LeaderElection11] INFO  server.RaftServerConfigKeys (ConfUtils.java:logGet(46)) - raft.server.watch.timeout = 10000ms (default)
2025-05-14 02:53:39,125 [d4e44fd7-0e23-4e4f-bc30-0c7965de497d@group-DC6000F9F072-LeaderElection11] INFO  server.RaftServerConfigKeys (ConfUtils.java:logGet(46)) - raft.server.watch.timeout.denomination = 1s (default)
2025-05-14 02:53:39,125 [d4e44fd7-0e23-4e4f-bc30-0c7965de497d@group-DC6000F9F072-LeaderElection11] INFO  server.RaftServerConfigKeys (ConfUtils.java:logGet(46)) - raft.server.watch.element-limit = 65536 (default)
2025-05-14 02:53:39,126 [d4e44fd7-0e23-4e4f-bc30-0c7965de497d@group-DC6000F9F072-LeaderElection11] INFO  server.RaftServerConfigKeys (ConfUtils.java:logGet(46)) - raft.server.read.leader.lease.enabled = false (default)
2025-05-14 02:53:39,126 [d4e44fd7-0e23-4e4f-bc30-0c7965de497d@group-DC6000F9F072-LeaderElection11] INFO  server.RaftServerConfigKeys (ConfUtils.java:logGet(46)) - raft.server.read.leader.lease.timeout.ratio = 0.9 (default)
2025-05-14 02:53:39,126 [d4e44fd7-0e23-4e4f-bc30-0c7965de497d@group-DC6000F9F072-LeaderElection11] INFO  server.RaftServerConfigKeys (ConfUtils.java:logGet(46)) - raft.server.rpc.timeout.min = 5s (custom)
2025-05-14 02:53:39,126 [d4e44fd7-0e23-4e4f-bc30-0c7965de497d@group-DC6000F9F072-LeaderElection11] INFO  server.RaftServerConfigKeys (ConfUtils.java:logGet(46)) - raft.server.log.log-metadata.enabled = true (default)
2025-05-14 02:53:39,126 [d4e44fd7-0e23-4e4f-bc30-0c7965de497d@group-DC6000F9F072-LeaderElection11] INFO  server.RaftServerConfigKeys (ConfUtils.java:logGet(46)) - raft.server.write.element-limit = 1024 (custom)
2025-05-14 02:53:39,126 [d4e44fd7-0e23-4e4f-bc30-0c7965de497d@group-DC6000F9F072-LeaderElection11] INFO  server.RaftServerConfigKeys (ConfUtils.java:logGet(46)) - raft.server.write.follower.gap.ratio.max = -1.0 (default)
2025-05-14 02:53:39,127 [d4e44fd7-0e23-4e4f-bc30-0c7965de497d@group-DC6000F9F072-LeaderElection11] INFO  server.RaftServerConfigKeys (ConfUtils.java:logGet(46)) - raft.server.log.appender.snapshot.chunk.size.max = 16MB (=16777216) (default)
2025-05-14 02:53:39,128 [d4e44fd7-0e23-4e4f-bc30-0c7965de497d@group-DC6000F9F072-LeaderElection11] INFO  server.RaftServerConfigKeys (ConfUtils.java:logGet(46)) - raft.server.log.appender.buffer.byte-limit = 33554432 (custom)
2025-05-14 02:53:39,128 [d4e44fd7-0e23-4e4f-bc30-0c7965de497d@group-DC6000F9F072-LeaderElection11] INFO  server.RaftServerConfigKeys (ConfUtils.java:logGet(46)) - raft.server.log.appender.buffer.element-limit = 1024 (custom)
2025-05-14 02:53:39,128 [d4e44fd7-0e23-4e4f-bc30-0c7965de497d@group-DC6000F9F072-LeaderElection11] INFO  server.RaftServerConfigKeys (ConfUtils.java:logGet(46)) - raft.server.log.appender.wait-time.min = 0ms (custom)
2025-05-14 02:53:39,128 [d4e44fd7-0e23-4e4f-bc30-0c7965de497d@group-DC6000F9F072-LeaderElection11] INFO  grpc.GrpcConfigKeys (ConfUtils.java:logGet(46)) - raft.grpc.server.leader.outstanding.appends.max = 8 (default)
2025-05-14 02:53:39,128 [d4e44fd7-0e23-4e4f-bc30-0c7965de497d@group-DC6000F9F072-LeaderElection11] INFO  server.RaftServerConfigKeys (ConfUtils.java:logGet(46)) - raft.server.rpc.request.timeout = 3000ms (default)
2025-05-14 02:53:39,128 [d4e44fd7-0e23-4e4f-bc30-0c7965de497d@group-DC6000F9F072-LeaderElection11] INFO  grpc.GrpcConfigKeys (ConfUtils.java:logGet(46)) - raft.grpc.server.install_snapshot.request.element-limit = 8 (default)
2025-05-14 02:53:39,128 [d4e44fd7-0e23-4e4f-bc30-0c7965de497d@group-DC6000F9F072-LeaderElection11] INFO  grpc.GrpcConfigKeys (ConfUtils.java:logGet(46)) - raft.grpc.server.install_snapshot.request.timeout = 3000ms (default)
2025-05-14 02:53:39,128 [d4e44fd7-0e23-4e4f-bc30-0c7965de497d@group-DC6000F9F072-LeaderElection11] INFO  grpc.GrpcConfigKeys (ConfUtils.java:logGet(46)) - raft.grpc.server.log-message.batch.duration = 5s (default)
2025-05-14 02:53:39,128 [d4e44fd7-0e23-4e4f-bc30-0c7965de497d@group-DC6000F9F072-LeaderElection11] INFO  server.RaftServerConfigKeys (ConfUtils.java:logGet(46)) - raft.server.log.appender.install.snapshot.enabled = false (custom)
2025-05-14 02:53:39,129 [d4e44fd7-0e23-4e4f-bc30-0c7965de497d@group-DC6000F9F072-LeaderElection11] INFO  grpc.GrpcConfigKeys (ConfUtils.java:logGet(46)) - raft.grpc.server.heartbeat.channel = true (default)
2025-05-14 02:53:39,130 [d4e44fd7-0e23-4e4f-bc30-0c7965de497d@group-DC6000F9F072-LeaderElection11] INFO  server.RaftServerConfigKeys (ConfUtils.java:logGet(46)) - raft.server.log.appender.snapshot.chunk.size.max = 16MB (=16777216) (default)
2025-05-14 02:53:39,130 [d4e44fd7-0e23-4e4f-bc30-0c7965de497d@group-DC6000F9F072-LeaderElection11] INFO  server.RaftServerConfigKeys (ConfUtils.java:logGet(46)) - raft.server.log.appender.buffer.byte-limit = 33554432 (custom)
2025-05-14 02:53:39,130 [d4e44fd7-0e23-4e4f-bc30-0c7965de497d@group-DC6000F9F072-LeaderElection11] INFO  server.RaftServerConfigKeys (ConfUtils.java:logGet(46)) - raft.server.log.appender.buffer.element-limit = 1024 (custom)
2025-05-14 02:53:39,130 [d4e44fd7-0e23-4e4f-bc30-0c7965de497d@group-DC6000F9F072-LeaderElection11] INFO  server.RaftServerConfigKeys (ConfUtils.java:logGet(46)) - raft.server.log.appender.wait-time.min = 0ms (custom)
2025-05-14 02:53:39,130 [d4e44fd7-0e23-4e4f-bc30-0c7965de497d@group-DC6000F9F072-LeaderElection11] INFO  grpc.GrpcConfigKeys (ConfUtils.java:logGet(46)) - raft.grpc.server.leader.outstanding.appends.max = 8 (default)
2025-05-14 02:53:39,130 [d4e44fd7-0e23-4e4f-bc30-0c7965de497d@group-DC6000F9F072-LeaderElection11] INFO  server.RaftServerConfigKeys (ConfUtils.java:logGet(46)) - raft.server.rpc.request.timeout = 3000ms (default)
2025-05-14 02:53:39,130 [d4e44fd7-0e23-4e4f-bc30-0c7965de497d@group-DC6000F9F072-LeaderElection11] INFO  grpc.GrpcConfigKeys (ConfUtils.java:logGet(46)) - raft.grpc.server.install_snapshot.request.element-limit = 8 (default)
2025-05-14 02:53:39,130 [d4e44fd7-0e23-4e4f-bc30-0c7965de497d@group-DC6000F9F072-LeaderElection11] INFO  grpc.GrpcConfigKeys (ConfUtils.java:logGet(46)) - raft.grpc.server.install_snapshot.request.timeout = 3000ms (default)
2025-05-14 02:53:39,130 [d4e44fd7-0e23-4e4f-bc30-0c7965de497d@group-DC6000F9F072-LeaderElection11] INFO  grpc.GrpcConfigKeys (ConfUtils.java:logGet(46)) - raft.grpc.server.log-message.batch.duration = 5s (default)
2025-05-14 02:53:39,130 [d4e44fd7-0e23-4e4f-bc30-0c7965de497d@group-DC6000F9F072-LeaderElection11] INFO  server.RaftServerConfigKeys (ConfUtils.java:logGet(46)) - raft.server.log.appender.install.snapshot.enabled = false (custom)
2025-05-14 02:53:39,130 [d4e44fd7-0e23-4e4f-bc30-0c7965de497d@group-DC6000F9F072-LeaderElection11] INFO  grpc.GrpcConfigKeys (ConfUtils.java:logGet(46)) - raft.grpc.server.heartbeat.channel = true (default)
2025-05-14 02:53:39,130 [d4e44fd7-0e23-4e4f-bc30-0c7965de497d@group-DC6000F9F072-LeaderElection11] INFO  impl.RoleInfo (RoleInfo.java:updateAndGet(148)) - d4e44fd7-0e23-4e4f-bc30-0c7965de497d: start d4e44fd7-0e23-4e4f-bc30-0c7965de497d@group-DC6000F9F072-LeaderStateImpl
2025-05-14 02:53:39,130 [d4e44fd7-0e23-4e4f-bc30-0c7965de497d@group-DC6000F9F072-LeaderElection11] INFO  server.RaftServer$Division (RaftServerImpl.java:setFirstElection(562)) - d4e44fd7-0e23-4e4f-bc30-0c7965de497d@group-DC6000F9F072: set firstElectionSinceStartup to false for becomeLeader
2025-05-14 02:53:39,130 [d4e44fd7-0e23-4e4f-bc30-0c7965de497d@group-DC6000F9F072-LeaderElection11] INFO  ratis.XceiverServerRatis (XceiverServerRatis.java:handleLeaderChangedNotification(944)) - Leader change notification received for group: group-DC6000F9F072 with new leaderId: d4e44fd7-0e23-4e4f-bc30-0c7965de497d
2025-05-14 02:53:39,131 [d4e44fd7-0e23-4e4f-bc30-0c7965de497d@group-DC6000F9F072-LeaderElection11] INFO  server.RaftServer$Division (ServerState.java:setLeader(272)) - d4e44fd7-0e23-4e4f-bc30-0c7965de497d@group-DC6000F9F072: change Leader from null to d4e44fd7-0e23-4e4f-bc30-0c7965de497d at term 1 for becomeLeader, leader elected after 1181ms
2025-05-14 02:53:39,132 [d4e44fd7-0e23-4e4f-bc30-0c7965de497d@group-DC6000F9F072-LeaderElection11] INFO  segmented.SegmentedRaftLogWorker (SegmentedRaftLogWorker.java:startLogSegment(438)) - d4e44fd7-0e23-4e4f-bc30-0c7965de497d@group-DC6000F9F072-SegmentedRaftLogWorker: Starting segment from index:0
2025-05-14 02:53:39,132 [d4e44fd7-0e23-4e4f-bc30-0c7965de497d@group-DC6000F9F072-LeaderElection11] INFO  server.RaftServer$Division (ServerState.java:setRaftConf(386)) - d4e44fd7-0e23-4e4f-bc30-0c7965de497d@group-DC6000F9F072: set configuration conf: {index: 0, cur=peers:[d4e44fd7-0e23-4e4f-bc30-0c7965de497d|127.0.0.1:15039, e44b5a69-92f9-40f4-85c9-712e1c637b62|127.0.0.1:15047, c77e66e9-1cca-4fd3-bc5b-4ea2dbc3232f|127.0.0.1:15055]|listeners:[], old=null}
2025-05-14 02:53:39,133 [d4e44fd7-0e23-4e4f-bc30-0c7965de497d@group-DC6000F9F072-SegmentedRaftLogWorker] INFO  segmented.BufferedWriteChannel (BufferedWriteChannel.java:open(61)) - open log_inprogress_0 at position 0
2025-05-14 02:53:39,143 [EventQueue-PipelineReportForPipelineReportHandler] INFO  pipeline.PipelineReportHandler (PipelineReportHandler.java:processPipelineReport(134)) - Opened pipeline PipelineID=022d5f31-dc68-4e3a-bbba-dc6000f9f072
2025-05-14 02:53:39,144 [d4e44fd7-0e23-4e4f-bc30-0c7965de497d@group-DC6000F9F072-SegmentedRaftLogWorker] INFO  segmented.SegmentedRaftLogWorker (SegmentedRaftLogWorker.java:execute(644)) - d4e44fd7-0e23-4e4f-bc30-0c7965de497d@group-DC6000F9F072-SegmentedRaftLogWorker: created new log segment /home/runner/work/ozone/ozone/hadoop-ozone/integration-test/target/test-dir/MiniOzoneClusterImpl-af940217-b311-440f-8e09-352fdf66236b/ozone-meta/datanode-4/ratis/022d5f31-dc68-4e3a-bbba-dc6000f9f072/current/log_inprogress_0
2025-05-14 02:53:39,149 [e44b5a69-92f9-40f4-85c9-712e1c637b62-server-thread1] INFO  ratis.XceiverServerRatis (XceiverServerRatis.java:handleLeaderChangedNotification(944)) - Leader change notification received for group: group-DC6000F9F072 with new leaderId: d4e44fd7-0e23-4e4f-bc30-0c7965de497d
2025-05-14 02:53:39,149 [e44b5a69-92f9-40f4-85c9-712e1c637b62-server-thread1] INFO  server.RaftServer$Division (ServerState.java:setLeader(272)) - e44b5a69-92f9-40f4-85c9-712e1c637b62@group-DC6000F9F072: change Leader from null to d4e44fd7-0e23-4e4f-bc30-0c7965de497d at term 1 for appendEntries, leader elected after 1158ms
2025-05-14 02:53:39,149 [e44b5a69-92f9-40f4-85c9-712e1c637b62-server-thread1] INFO  server.RaftServer$Division (ServerState.java:setRaftConf(386)) - e44b5a69-92f9-40f4-85c9-712e1c637b62@group-DC6000F9F072: set configuration conf: {index: 0, cur=peers:[d4e44fd7-0e23-4e4f-bc30-0c7965de497d|127.0.0.1:15039, e44b5a69-92f9-40f4-85c9-712e1c637b62|127.0.0.1:15047, c77e66e9-1cca-4fd3-bc5b-4ea2dbc3232f|127.0.0.1:15055]|listeners:[], old=null}
2025-05-14 02:53:39,149 [e44b5a69-92f9-40f4-85c9-712e1c637b62-server-thread1] INFO  segmented.SegmentedRaftLogWorker (SegmentedRaftLogWorker.java:startLogSegment(438)) - e44b5a69-92f9-40f4-85c9-712e1c637b62@group-DC6000F9F072-SegmentedRaftLogWorker: Starting segment from index:0
2025-05-14 02:53:39,151 [e44b5a69-92f9-40f4-85c9-712e1c637b62@group-DC6000F9F072-SegmentedRaftLogWorker] INFO  segmented.BufferedWriteChannel (BufferedWriteChannel.java:open(61)) - open log_inprogress_0 at position 0
2025-05-14 02:53:39,152 [c77e66e9-1cca-4fd3-bc5b-4ea2dbc3232f-server-thread1] INFO  ratis.XceiverServerRatis (XceiverServerRatis.java:handleLeaderChangedNotification(944)) - Leader change notification received for group: group-DC6000F9F072 with new leaderId: d4e44fd7-0e23-4e4f-bc30-0c7965de497d
2025-05-14 02:53:39,157 [c77e66e9-1cca-4fd3-bc5b-4ea2dbc3232f-server-thread1] INFO  server.RaftServer$Division (ServerState.java:setLeader(272)) - c77e66e9-1cca-4fd3-bc5b-4ea2dbc3232f@group-DC6000F9F072: change Leader from null to d4e44fd7-0e23-4e4f-bc30-0c7965de497d at term 1 for appendEntries, leader elected after 1115ms
2025-05-14 02:53:39,157 [c77e66e9-1cca-4fd3-bc5b-4ea2dbc3232f-server-thread1] INFO  server.RaftServer$Division (ServerState.java:setRaftConf(386)) - c77e66e9-1cca-4fd3-bc5b-4ea2dbc3232f@group-DC6000F9F072: set configuration conf: {index: 0, cur=peers:[d4e44fd7-0e23-4e4f-bc30-0c7965de497d|127.0.0.1:15039, e44b5a69-92f9-40f4-85c9-712e1c637b62|127.0.0.1:15047, c77e66e9-1cca-4fd3-bc5b-4ea2dbc3232f|127.0.0.1:15055]|listeners:[], old=null}
2025-05-14 02:53:39,157 [c77e66e9-1cca-4fd3-bc5b-4ea2dbc3232f-server-thread1] INFO  segmented.SegmentedRaftLogWorker (SegmentedRaftLogWorker.java:startLogSegment(438)) - c77e66e9-1cca-4fd3-bc5b-4ea2dbc3232f@group-DC6000F9F072-SegmentedRaftLogWorker: Starting segment from index:0
2025-05-14 02:53:39,158 [c77e66e9-1cca-4fd3-bc5b-4ea2dbc3232f@group-DC6000F9F072-SegmentedRaftLogWorker] INFO  segmented.BufferedWriteChannel (BufferedWriteChannel.java:open(61)) - open log_inprogress_0 at position 0
2025-05-14 02:53:39,170 [e44b5a69-92f9-40f4-85c9-712e1c637b62@group-DC6000F9F072-SegmentedRaftLogWorker] INFO  segmented.SegmentedRaftLogWorker (SegmentedRaftLogWorker.java:execute(644)) - e44b5a69-92f9-40f4-85c9-712e1c637b62@group-DC6000F9F072-SegmentedRaftLogWorker: created new log segment /home/runner/work/ozone/ozone/hadoop-ozone/integration-test/target/test-dir/MiniOzoneClusterImpl-af940217-b311-440f-8e09-352fdf66236b/ozone-meta/datanode-5/ratis/022d5f31-dc68-4e3a-bbba-dc6000f9f072/current/log_inprogress_0
2025-05-14 02:53:39,171 [c77e66e9-1cca-4fd3-bc5b-4ea2dbc3232f@group-DC6000F9F072-SegmentedRaftLogWorker] INFO  segmented.SegmentedRaftLogWorker (SegmentedRaftLogWorker.java:execute(644)) - c77e66e9-1cca-4fd3-bc5b-4ea2dbc3232f@group-DC6000F9F072-SegmentedRaftLogWorker: created new log segment /home/runner/work/ozone/ozone/hadoop-ozone/integration-test/target/test-dir/MiniOzoneClusterImpl-af940217-b311-440f-8e09-352fdf66236b/ozone-meta/datanode-6/ratis/022d5f31-dc68-4e3a-bbba-dc6000f9f072/current/log_inprogress_0
2025-05-14 02:53:39,176 [d4e44fd7-0e23-4e4f-bc30-0c7965de497d@group-DC6000F9F072-StateMachineUpdater] INFO  server.RaftServer$Division (LeaderStateImpl.java:checkStartIndex(313)) - Leader d4e44fd7-0e23-4e4f-bc30-0c7965de497d@group-DC6000F9F072-LeaderStateImpl is ready since appliedIndex == startIndex == 0
2025-05-14 02:53:39,177 [d4e44fd7-0e23-4e4f-bc30-0c7965de497d@group-DC6000F9F072-StateMachineUpdater] INFO  ratis.ContainerStateMachine (ContainerStateMachine.java:takeSnapshot(427)) - group-DC6000F9F072: Taking a snapshot at:(t:1, i:0) file /home/runner/work/ozone/ozone/hadoop-ozone/integration-test/target/test-dir/MiniOzoneClusterImpl-af940217-b311-440f-8e09-352fdf66236b/ozone-meta/datanode-4/ratis/022d5f31-dc68-4e3a-bbba-dc6000f9f072/sm/snapshot.1_0
2025-05-14 02:53:39,178 [d4e44fd7-0e23-4e4f-bc30-0c7965de497d@group-DC6000F9F072-StateMachineUpdater] INFO  ratis.ContainerStateMachine (ContainerStateMachine.java:takeSnapshot(436)) - group-DC6000F9F072: Finished taking a snapshot at:(t:1, i:0) file:/home/runner/work/ozone/ozone/hadoop-ozone/integration-test/target/test-dir/MiniOzoneClusterImpl-af940217-b311-440f-8e09-352fdf66236b/ozone-meta/datanode-4/ratis/022d5f31-dc68-4e3a-bbba-dc6000f9f072/sm/snapshot.1_0 took: 1 ms
2025-05-14 02:53:39,178 [d4e44fd7-0e23-4e4f-bc30-0c7965de497d@group-DC6000F9F072-StateMachineUpdater] INFO  impl.StateMachineUpdater (StateMachineUpdater.java:takeSnapshot(303)) - d4e44fd7-0e23-4e4f-bc30-0c7965de497d@group-DC6000F9F072-StateMachineUpdater: Took a snapshot at index 0
2025-05-14 02:53:39,178 [d4e44fd7-0e23-4e4f-bc30-0c7965de497d@group-DC6000F9F072-StateMachineUpdater] INFO  impl.StateMachineUpdater (StateMachineUpdater.java:lambda$new$0(102)) - d4e44fd7-0e23-4e4f-bc30-0c7965de497d@group-DC6000F9F072-StateMachineUpdater: snapshotIndex: updateIncreasingly -1 -> 0
2025-05-14 02:53:39,225 [main] INFO  rpc.RpcClient (RpcClient.java:createVolume(463)) - Creating Volume: testcontainerstatemachinefailures, with runner as owner and space quota set to -1 bytes, counts quota set to -1
2025-05-14 02:53:39,236 [e44b5a69-92f9-40f4-85c9-712e1c637b62@group-90B7BBECBC71-FollowerState] INFO  impl.FollowerState (FollowerState.java:runImpl(161)) - e44b5a69-92f9-40f4-85c9-712e1c637b62@group-90B7BBECBC71-FollowerState: change to CANDIDATE, lastRpcElapsedTime:1084064423ns, electionTimeout:1083ms
2025-05-14 02:53:39,237 [e44b5a69-92f9-40f4-85c9-712e1c637b62@group-90B7BBECBC71-FollowerState] INFO  impl.RoleInfo (RoleInfo.java:shutdownFollowerState(121)) - e44b5a69-92f9-40f4-85c9-712e1c637b62: shutdown e44b5a69-92f9-40f4-85c9-712e1c637b62@group-90B7BBECBC71-FollowerState
2025-05-14 02:53:39,237 [e44b5a69-92f9-40f4-85c9-712e1c637b62@group-90B7BBECBC71-FollowerState] INFO  server.RaftServer$Division (RaftServerImpl.java:setRole(378)) - e44b5a69-92f9-40f4-85c9-712e1c637b62@group-90B7BBECBC71: changes role from  FOLLOWER to CANDIDATE at term 0 for changeToCandidate
2025-05-14 02:53:39,237 [e44b5a69-92f9-40f4-85c9-712e1c637b62@group-90B7BBECBC71-FollowerState] INFO  server.RaftServerConfigKeys (ConfUtils.java:logGet(46)) - raft.server.leaderelection.pre-vote = true (default)
2025-05-14 02:53:39,237 [e44b5a69-92f9-40f4-85c9-712e1c637b62@group-90B7BBECBC71-FollowerState] INFO  impl.RoleInfo (RoleInfo.java:updateAndGet(148)) - e44b5a69-92f9-40f4-85c9-712e1c637b62: start e44b5a69-92f9-40f4-85c9-712e1c637b62@group-90B7BBECBC71-LeaderElection13
2025-05-14 02:53:39,239 [e44b5a69-92f9-40f4-85c9-712e1c637b62@group-90B7BBECBC71-LeaderElection13] INFO  impl.LeaderElection (LeaderElection.java:askForVotes(332)) - e44b5a69-92f9-40f4-85c9-712e1c637b62@group-90B7BBECBC71-LeaderElection13 PRE_VOTE round 0: submit vote requests at term 0 for conf: {index: -1, cur=peers:[d4e44fd7-0e23-4e4f-bc30-0c7965de497d|127.0.0.1:15039, e44b5a69-92f9-40f4-85c9-712e1c637b62|127.0.0.1:15047, c77e66e9-1cca-4fd3-bc5b-4ea2dbc3232f|127.0.0.1:15055]|listeners:[], old=null}
2025-05-14 02:53:39,240 [e44b5a69-92f9-40f4-85c9-712e1c637b62@group-90B7BBECBC71-LeaderElection13-1] INFO  server.GrpcServerProtocolClient (GrpcServerProtocolClient.java:<init>(65)) - Build channel for d4e44fd7-0e23-4e4f-bc30-0c7965de497d|127.0.0.1:15039
2025-05-14 02:53:39,241 [e44b5a69-92f9-40f4-85c9-712e1c637b62@group-512D7B449058-FollowerState] INFO  impl.FollowerState (FollowerState.java:runImpl(161)) - e44b5a69-92f9-40f4-85c9-712e1c637b62@group-512D7B449058-FollowerState: change to CANDIDATE, lastRpcElapsedTime:1043430503ns, electionTimeout:1042ms
2025-05-14 02:53:39,241 [e44b5a69-92f9-40f4-85c9-712e1c637b62@group-512D7B449058-FollowerState] INFO  impl.RoleInfo (RoleInfo.java:shutdownFollowerState(121)) - e44b5a69-92f9-40f4-85c9-712e1c637b62: shutdown e44b5a69-92f9-40f4-85c9-712e1c637b62@group-512D7B449058-FollowerState
2025-05-14 02:53:39,241 [e44b5a69-92f9-40f4-85c9-712e1c637b62@group-512D7B449058-FollowerState] INFO  server.RaftServer$Division (RaftServerImpl.java:setRole(378)) - e44b5a69-92f9-40f4-85c9-712e1c637b62@group-512D7B449058: changes role from  FOLLOWER to CANDIDATE at term 0 for changeToCandidate
2025-05-14 02:53:39,241 [e44b5a69-92f9-40f4-85c9-712e1c637b62@group-512D7B449058-FollowerState] INFO  server.RaftServerConfigKeys (ConfUtils.java:logGet(46)) - raft.server.leaderelection.pre-vote = true (default)
2025-05-14 02:53:39,241 [e44b5a69-92f9-40f4-85c9-712e1c637b62@group-512D7B449058-FollowerState] INFO  impl.RoleInfo (RoleInfo.java:updateAndGet(148)) - e44b5a69-92f9-40f4-85c9-712e1c637b62: start e44b5a69-92f9-40f4-85c9-712e1c637b62@group-512D7B449058-LeaderElection14
2025-05-14 02:53:39,245 [e44b5a69-92f9-40f4-85c9-712e1c637b62@group-512D7B449058-LeaderElection14] INFO  impl.LeaderElection (LeaderElection.java:askForVotes(332)) - e44b5a69-92f9-40f4-85c9-712e1c637b62@group-512D7B449058-LeaderElection14 PRE_VOTE round 0: submit vote requests at term 0 for conf: {index: -1, cur=peers:[e44b5a69-92f9-40f4-85c9-712e1c637b62|127.0.0.1:15047]|listeners:[], old=null}
2025-05-14 02:53:39,245 [e44b5a69-92f9-40f4-85c9-712e1c637b62@group-512D7B449058-LeaderElection14] INFO  impl.LeaderElection (LeaderElection.java:askForVotes(334)) - e44b5a69-92f9-40f4-85c9-712e1c637b62@group-512D7B449058-LeaderElection14 PRE_VOTE round 0: result PASSED (term=0)
2025-05-14 02:53:39,246 [e44b5a69-92f9-40f4-85c9-712e1c637b62@group-90B7BBECBC71-LeaderElection13] INFO  server.RaftServerConfigKeys (ConfUtils.java:logGet(46)) - raft.server.rpc.first-election.timeout.min = 1000ms (custom)
2025-05-14 02:53:39,247 [e44b5a69-92f9-40f4-85c9-712e1c637b62@group-90B7BBECBC71-LeaderElection13-2] INFO  server.GrpcServerProtocolClient (GrpcServerProtocolClient.java:<init>(65)) - Build channel for c77e66e9-1cca-4fd3-bc5b-4ea2dbc3232f|127.0.0.1:15055
2025-05-14 02:53:39,248 [e44b5a69-92f9-40f4-85c9-712e1c637b62@group-90B7BBECBC71-LeaderElection13] INFO  server.RaftServerConfigKeys (ConfUtils.java:logGet(46)) - raft.server.rpc.first-election.timeout.max = 1200ms (custom)
2025-05-14 02:53:39,248 [e44b5a69-92f9-40f4-85c9-712e1c637b62@group-512D7B449058-LeaderElection14] INFO  impl.LeaderElection (LeaderElection.java:askForVotes(332)) - e44b5a69-92f9-40f4-85c9-712e1c637b62@group-512D7B449058-LeaderElection14 ELECTION round 0: submit vote requests at term 1 for conf: {index: -1, cur=peers:[e44b5a69-92f9-40f4-85c9-712e1c637b62|127.0.0.1:15047]|listeners:[], old=null}
2025-05-14 02:53:39,249 [e44b5a69-92f9-40f4-85c9-712e1c637b62@group-512D7B449058-LeaderElection14] INFO  impl.LeaderElection (LeaderElection.java:askForVotes(334)) - e44b5a69-92f9-40f4-85c9-712e1c637b62@group-512D7B449058-LeaderElection14 ELECTION round 0: result PASSED (term=1)
2025-05-14 02:53:39,249 [e44b5a69-92f9-40f4-85c9-712e1c637b62@group-512D7B449058-LeaderElection14] INFO  impl.RoleInfo (RoleInfo.java:shutdownLeaderElection(141)) - e44b5a69-92f9-40f4-85c9-712e1c637b62: shutdown e44b5a69-92f9-40f4-85c9-712e1c637b62@group-512D7B449058-LeaderElection14
2025-05-14 02:53:39,249 [e44b5a69-92f9-40f4-85c9-712e1c637b62@group-512D7B449058-LeaderElection14] INFO  server.RaftServer$Division (RaftServerImpl.java:setRole(378)) - e44b5a69-92f9-40f4-85c9-712e1c637b62@group-512D7B449058: changes role from CANDIDATE to LEADER at term 1 for changeToLeader
2025-05-14 02:53:39,249 [e44b5a69-92f9-40f4-85c9-712e1c637b62@group-512D7B449058-LeaderElection14] INFO  server.RaftServerConfigKeys (ConfUtils.java:logGet(46)) - raft.server.staging.catchup.gap = 1000 (default)
2025-05-14 02:53:39,252 [e44b5a69-92f9-40f4-85c9-712e1c637b62@group-512D7B449058-LeaderElection14] INFO  server.RaftServerConfigKeys (ConfUtils.java:logGet(46)) - raft.server.write.element-limit = 1024 (custom)
2025-05-14 02:53:39,252 [e44b5a69-92f9-40f4-85c9-712e1c637b62@group-512D7B449058-LeaderElection14] INFO  server.RaftServerConfigKeys (ConfUtils.java:logGet(46)) - raft.server.write.byte-limit = 1024 M (=1073741824) (custom)
2025-05-14 02:53:39,252 [e44b5a69-92f9-40f4-85c9-712e1c637b62@group-512D7B449058-LeaderElection14] INFO  server.RaftServerConfigKeys (ConfUtils.java:logGet(46)) - raft.server.watch.timeout = 10000ms (default)
2025-05-14 02:53:39,252 [e44b5a69-92f9-40f4-85c9-712e1c637b62@group-512D7B449058-LeaderElection14] INFO  server.RaftServerConfigKeys (ConfUtils.java:logGet(46)) - raft.server.watch.timeout.denomination = 1s (default)
2025-05-14 02:53:39,252 [e44b5a69-92f9-40f4-85c9-712e1c637b62@group-512D7B449058-LeaderElection14] INFO  server.RaftServerConfigKeys (ConfUtils.java:logGet(46)) - raft.server.watch.element-limit = 65536 (default)
2025-05-14 02:53:39,253 [grpc-default-executor-5] INFO  server.RaftServer$Division (RaftServerImpl.java:requestVote(1407)) - d4e44fd7-0e23-4e4f-bc30-0c7965de497d@group-90B7BBECBC71: receive requestVote(PRE_VOTE, e44b5a69-92f9-40f4-85c9-712e1c637b62, group-90B7BBECBC71, 0, (t:0, i:0))
2025-05-14 02:53:39,253 [grpc-default-executor-5] INFO  impl.VoteContext (VoteContext.java:log(49)) - d4e44fd7-0e23-4e4f-bc30-0c7965de497d@group-90B7BBECBC71-FOLLOWER: accept PRE_VOTE from e44b5a69-92f9-40f4-85c9-712e1c637b62: our priority 0 <= candidate's priority 1
2025-05-14 02:53:39,253 [e44b5a69-92f9-40f4-85c9-712e1c637b62@group-512D7B449058-LeaderElection14] INFO  server.RaftServerConfigKeys (ConfUtils.java:logGet(46)) - raft.server.read.leader.lease.enabled = false (default)
2025-05-14 02:53:39,253 [grpc-default-executor-5] INFO  server.RaftServer$Division (RaftServerImpl.java:requestVote(1441)) - d4e44fd7-0e23-4e4f-bc30-0c7965de497d@group-90B7BBECBC71 replies to PRE_VOTE vote request: e44b5a69-92f9-40f4-85c9-712e1c637b62<-d4e44fd7-0e23-4e4f-bc30-0c7965de497d#0:OK-t0. Peer's state: d4e44fd7-0e23-4e4f-bc30-0c7965de497d@group-90B7BBECBC71:t0, leader=null, voted=, raftlog=Memoized:d4e44fd7-0e23-4e4f-bc30-0c7965de497d@group-90B7BBECBC71-SegmentedRaftLog:OPENED:c-1:lastnull, conf=conf: {index: -1, cur=peers:[d4e44fd7-0e23-4e4f-bc30-0c7965de497d|127.0.0.1:15039, e44b5a69-92f9-40f4-85c9-712e1c637b62|127.0.0.1:15047, c77e66e9-1cca-4fd3-bc5b-4ea2dbc3232f|127.0.0.1:15055]|listeners:[], old=null}
2025-05-14 02:53:39,254 [e44b5a69-92f9-40f4-85c9-712e1c637b62@group-512D7B449058-LeaderElection14] INFO  server.RaftServerConfigKeys (ConfUtils.java:logGet(46)) - raft.server.read.leader.lease.timeout.ratio = 0.9 (default)
2025-05-14 02:53:39,254 [e44b5a69-92f9-40f4-85c9-712e1c637b62@group-512D7B449058-LeaderElection14] INFO  server.RaftServerConfigKeys (ConfUtils.java:logGet(46)) - raft.server.rpc.timeout.min = 5s (custom)
2025-05-14 02:53:39,254 [e44b5a69-92f9-40f4-85c9-712e1c637b62@group-512D7B449058-LeaderElection14] INFO  server.RaftServerConfigKeys (ConfUtils.java:logGet(46)) - raft.server.log.log-metadata.enabled = true (default)
2025-05-14 02:53:39,254 [e44b5a69-92f9-40f4-85c9-712e1c637b62@group-512D7B449058-LeaderElection14] INFO  server.RaftServerConfigKeys (ConfUtils.java:logGet(46)) - raft.server.write.element-limit = 1024 (custom)
2025-05-14 02:53:39,254 [e44b5a69-92f9-40f4-85c9-712e1c637b62@group-512D7B449058-LeaderElection14] INFO  server.RaftServerConfigKeys (ConfUtils.java:logGet(46)) - raft.server.write.follower.gap.ratio.max = -1.0 (default)
2025-05-14 02:53:39,255 [e44b5a69-92f9-40f4-85c9-712e1c637b62@group-512D7B449058-LeaderElection14] INFO  impl.RoleInfo (RoleInfo.java:updateAndGet(148)) - e44b5a69-92f9-40f4-85c9-712e1c637b62: start e44b5a69-92f9-40f4-85c9-712e1c637b62@group-512D7B449058-LeaderStateImpl
2025-05-14 02:53:39,255 [e44b5a69-92f9-40f4-85c9-712e1c637b62@group-512D7B449058-LeaderElection14] INFO  server.RaftServer$Division (RaftServerImpl.java:setFirstElection(562)) - e44b5a69-92f9-40f4-85c9-712e1c637b62@group-512D7B449058: set firstElectionSinceStartup to false for becomeLeader
2025-05-14 02:53:39,255 [e44b5a69-92f9-40f4-85c9-712e1c637b62@group-512D7B449058-LeaderElection14] INFO  ratis.XceiverServerRatis (XceiverServerRatis.java:handleLeaderChangedNotification(944)) - Leader change notification received for group: group-512D7B449058 with new leaderId: e44b5a69-92f9-40f4-85c9-712e1c637b62
2025-05-14 02:53:39,255 [e44b5a69-92f9-40f4-85c9-712e1c637b62@group-512D7B449058-LeaderElection14] INFO  server.RaftServer$Division (ServerState.java:setLeader(272)) - e44b5a69-92f9-40f4-85c9-712e1c637b62@group-512D7B449058: change Leader from null to e44b5a69-92f9-40f4-85c9-712e1c637b62 at term 1 for becomeLeader, leader elected after 1095ms
2025-05-14 02:53:39,257 [e44b5a69-92f9-40f4-85c9-712e1c637b62@group-512D7B449058-LeaderElection14] INFO  segmented.SegmentedRaftLogWorker (SegmentedRaftLogWorker.java:startLogSegment(438)) - e44b5a69-92f9-40f4-85c9-712e1c637b62@group-512D7B449058-SegmentedRaftLogWorker: Starting segment from index:0
2025-05-14 02:53:39,258 [e44b5a69-92f9-40f4-85c9-712e1c637b62@group-512D7B449058-SegmentedRaftLogWorker] INFO  segmented.BufferedWriteChannel (BufferedWriteChannel.java:open(61)) - open log_inprogress_0 at position 0
2025-05-14 02:53:39,260 [grpc-default-executor-5] INFO  server.RaftServer$Division (RaftServerImpl.java:requestVote(1407)) - c77e66e9-1cca-4fd3-bc5b-4ea2dbc3232f@group-90B7BBECBC71: receive requestVote(PRE_VOTE, e44b5a69-92f9-40f4-85c9-712e1c637b62, group-90B7BBECBC71, 0, (t:0, i:0))
2025-05-14 02:53:39,260 [grpc-default-executor-5] INFO  impl.VoteContext (VoteContext.java:log(49)) - c77e66e9-1cca-4fd3-bc5b-4ea2dbc3232f@group-90B7BBECBC71-FOLLOWER: accept PRE_VOTE from e44b5a69-92f9-40f4-85c9-712e1c637b62: our priority 0 <= candidate's priority 1
2025-05-14 02:53:39,261 [grpc-default-executor-5] INFO  server.RaftServer$Division (RaftServerImpl.java:requestVote(1441)) - c77e66e9-1cca-4fd3-bc5b-4ea2dbc3232f@group-90B7BBECBC71 replies to PRE_VOTE vote request: e44b5a69-92f9-40f4-85c9-712e1c637b62<-c77e66e9-1cca-4fd3-bc5b-4ea2dbc3232f#0:OK-t0. Peer's state: c77e66e9-1cca-4fd3-bc5b-4ea2dbc3232f@group-90B7BBECBC71:t0, leader=null, voted=, raftlog=Memoized:c77e66e9-1cca-4fd3-bc5b-4ea2dbc3232f@group-90B7BBECBC71-SegmentedRaftLog:OPENED:c-1:lastnull, conf=conf: {index: -1, cur=peers:[d4e44fd7-0e23-4e4f-bc30-0c7965de497d|127.0.0.1:15039, e44b5a69-92f9-40f4-85c9-712e1c637b62|127.0.0.1:15047, c77e66e9-1cca-4fd3-bc5b-4ea2dbc3232f|127.0.0.1:15055]|listeners:[], old=null}
2025-05-14 02:53:39,262 [e44b5a69-92f9-40f4-85c9-712e1c637b62@group-90B7BBECBC71-LeaderElection13] INFO  impl.LeaderElection (LeaderElection.java:logAndReturn(90)) - e44b5a69-92f9-40f4-85c9-712e1c637b62@group-90B7BBECBC71-LeaderElection13: PRE_VOTE PASSED received 1 response(s) and 0 exception(s):
2025-05-14 02:53:39,262 [e44b5a69-92f9-40f4-85c9-712e1c637b62@group-90B7BBECBC71-LeaderElection13] INFO  impl.LeaderElection (LeaderElection.java:logAndReturn(94)) -   Response 0: e44b5a69-92f9-40f4-85c9-712e1c637b62<-d4e44fd7-0e23-4e4f-bc30-0c7965de497d#0:OK-t0
2025-05-14 02:53:39,262 [e44b5a69-92f9-40f4-85c9-712e1c637b62@group-90B7BBECBC71-LeaderElection13] INFO  impl.LeaderElection (LeaderElection.java:askForVotes(334)) - e44b5a69-92f9-40f4-85c9-712e1c637b62@group-90B7BBECBC71-LeaderElection13 PRE_VOTE round 0: result PASSED
2025-05-14 02:53:39,262 [e44b5a69-92f9-40f4-85c9-712e1c637b62@group-512D7B449058-LeaderElection14] INFO  server.RaftServer$Division (ServerState.java:setRaftConf(386)) - e44b5a69-92f9-40f4-85c9-712e1c637b62@group-512D7B449058: set configuration conf: {index: 0, cur=peers:[e44b5a69-92f9-40f4-85c9-712e1c637b62|127.0.0.1:15047]|listeners:[], old=null}
2025-05-14 02:53:39,263 [om1-OMStateMachineApplyTransactionThread - 0] INFO  volume.OMVolumeCreateRequest (OMVolumeCreateRequest.java:validateAndUpdateCache(203)) - created volume:testcontainerstatemachinefailures for user:runner
2025-05-14 02:53:39,267 [e44b5a69-92f9-40f4-85c9-712e1c637b62@group-90B7BBECBC71-LeaderElection13] INFO  impl.LeaderElection (LeaderElection.java:askForVotes(332)) - e44b5a69-92f9-40f4-85c9-712e1c637b62@group-90B7BBECBC71-LeaderElection13 ELECTION round 0: submit vote requests at term 1 for conf: {index: -1, cur=peers:[d4e44fd7-0e23-4e4f-bc30-0c7965de497d|127.0.0.1:15039, e44b5a69-92f9-40f4-85c9-712e1c637b62|127.0.0.1:15047, c77e66e9-1cca-4fd3-bc5b-4ea2dbc3232f|127.0.0.1:15055]|listeners:[], old=null}
2025-05-14 02:53:39,268 [e44b5a69-92f9-40f4-85c9-712e1c637b62@group-90B7BBECBC71-LeaderElection13] INFO  server.RaftServerConfigKeys (ConfUtils.java:logGet(46)) - raft.server.rpc.first-election.timeout.min = 1000ms (custom)
2025-05-14 02:53:39,268 [e44b5a69-92f9-40f4-85c9-712e1c637b62@group-90B7BBECBC71-LeaderElection13] INFO  server.RaftServerConfigKeys (ConfUtils.java:logGet(46)) - raft.server.rpc.first-election.timeout.max = 1200ms (custom)
2025-05-14 02:53:39,271 [grpc-default-executor-4] INFO  server.RaftServer$Division (RaftServerImpl.java:requestVote(1407)) - d4e44fd7-0e23-4e4f-bc30-0c7965de497d@group-90B7BBECBC71: receive requestVote(ELECTION, e44b5a69-92f9-40f4-85c9-712e1c637b62, group-90B7BBECBC71, 1, (t:0, i:0))
2025-05-14 02:53:39,272 [grpc-default-executor-4] INFO  impl.VoteContext (VoteContext.java:log(49)) - d4e44fd7-0e23-4e4f-bc30-0c7965de497d@group-90B7BBECBC71-FOLLOWER: accept ELECTION from e44b5a69-92f9-40f4-85c9-712e1c637b62: our priority 0 <= candidate's priority 1
2025-05-14 02:53:39,273 [grpc-default-executor-4] INFO  server.RaftServer$Division (RaftServerImpl.java:setRole(378)) - d4e44fd7-0e23-4e4f-bc30-0c7965de497d@group-90B7BBECBC71: changes role from  FOLLOWER to FOLLOWER at term 0 for candidate:e44b5a69-92f9-40f4-85c9-712e1c637b62
2025-05-14 02:53:39,273 [grpc-default-executor-4] INFO  impl.RoleInfo (RoleInfo.java:shutdownFollowerState(121)) - d4e44fd7-0e23-4e4f-bc30-0c7965de497d: shutdown d4e44fd7-0e23-4e4f-bc30-0c7965de497d@group-90B7BBECBC71-FollowerState
2025-05-14 02:53:39,273 [grpc-default-executor-4] INFO  impl.RoleInfo (RoleInfo.java:updateAndGet(148)) - d4e44fd7-0e23-4e4f-bc30-0c7965de497d: start d4e44fd7-0e23-4e4f-bc30-0c7965de497d@group-90B7BBECBC71-FollowerState
2025-05-14 02:53:39,273 [d4e44fd7-0e23-4e4f-bc30-0c7965de497d@group-90B7BBECBC71-FollowerState] INFO  impl.FollowerState (FollowerState.java:runImpl(170)) - d4e44fd7-0e23-4e4f-bc30-0c7965de497d@group-90B7BBECBC71-FollowerState was interrupted
2025-05-14 02:53:39,274 [grpc-default-executor-5] INFO  server.RaftServer$Division (RaftServerImpl.java:requestVote(1407)) - c77e66e9-1cca-4fd3-bc5b-4ea2dbc3232f@group-90B7BBECBC71: receive requestVote(ELECTION, e44b5a69-92f9-40f4-85c9-712e1c637b62, group-90B7BBECBC71, 1, (t:0, i:0))
2025-05-14 02:53:39,274 [grpc-default-executor-5] INFO  impl.VoteContext (VoteContext.java:log(49)) - c77e66e9-1cca-4fd3-bc5b-4ea2dbc3232f@group-90B7BBECBC71-FOLLOWER: accept ELECTION from e44b5a69-92f9-40f4-85c9-712e1c637b62: our priority 0 <= candidate's priority 1
2025-05-14 02:53:39,274 [grpc-default-executor-5] INFO  server.RaftServer$Division (RaftServerImpl.java:setRole(378)) - c77e66e9-1cca-4fd3-bc5b-4ea2dbc3232f@group-90B7BBECBC71: changes role from  FOLLOWER to FOLLOWER at term 0 for candidate:e44b5a69-92f9-40f4-85c9-712e1c637b62
2025-05-14 02:53:39,274 [grpc-default-executor-5] INFO  impl.RoleInfo (RoleInfo.java:shutdownFollowerState(121)) - c77e66e9-1cca-4fd3-bc5b-4ea2dbc3232f: shutdown c77e66e9-1cca-4fd3-bc5b-4ea2dbc3232f@group-90B7BBECBC71-FollowerState
2025-05-14 02:53:39,274 [grpc-default-executor-5] INFO  impl.RoleInfo (RoleInfo.java:updateAndGet(148)) - c77e66e9-1cca-4fd3-bc5b-4ea2dbc3232f: start c77e66e9-1cca-4fd3-bc5b-4ea2dbc3232f@group-90B7BBECBC71-FollowerState
2025-05-14 02:53:39,275 [c77e66e9-1cca-4fd3-bc5b-4ea2dbc3232f@group-90B7BBECBC71-FollowerState] INFO  impl.FollowerState (FollowerState.java:runImpl(170)) - c77e66e9-1cca-4fd3-bc5b-4ea2dbc3232f@group-90B7BBECBC71-FollowerState was interrupted
2025-05-14 02:53:39,275 [e44b5a69-92f9-40f4-85c9-712e1c637b62@group-512D7B449058-SegmentedRaftLogWorker] INFO  segmented.SegmentedRaftLogWorker (SegmentedRaftLogWorker.java:execute(644)) - e44b5a69-92f9-40f4-85c9-712e1c637b62@group-512D7B449058-SegmentedRaftLogWorker: created new log segment /home/runner/work/ozone/ozone/hadoop-ozone/integration-test/target/test-dir/MiniOzoneClusterImpl-af940217-b311-440f-8e09-352fdf66236b/ozone-meta/datanode-5/ratis/b0e9ea18-5897-4179-a9c0-512d7b449058/current/log_inprogress_0
2025-05-14 02:53:39,277 [grpc-default-executor-4] INFO  server.RaftServer$Division (RaftServerImpl.java:setFirstElection(562)) - d4e44fd7-0e23-4e4f-bc30-0c7965de497d@group-90B7BBECBC71: set firstElectionSinceStartup to false for candidate:e44b5a69-92f9-40f4-85c9-712e1c637b62
2025-05-14 02:53:39,279 [grpc-default-executor-5] INFO  server.RaftServer$Division (RaftServerImpl.java:setFirstElection(562)) - c77e66e9-1cca-4fd3-bc5b-4ea2dbc3232f@group-90B7BBECBC71: set firstElectionSinceStartup to false for candidate:e44b5a69-92f9-40f4-85c9-712e1c637b62
2025-05-14 02:53:39,281 [e44b5a69-92f9-40f4-85c9-712e1c637b62@group-512D7B449058-StateMachineUpdater] INFO  server.RaftServer$Division (LeaderStateImpl.java:checkStartIndex(313)) - Leader e44b5a69-92f9-40f4-85c9-712e1c637b62@group-512D7B449058-LeaderStateImpl is ready since appliedIndex == startIndex == 0
2025-05-14 02:53:39,281 [e44b5a69-92f9-40f4-85c9-712e1c637b62@group-512D7B449058-StateMachineUpdater] INFO  ratis.ContainerStateMachine (ContainerStateMachine.java:takeSnapshot(427)) - group-512D7B449058: Taking a snapshot at:(t:1, i:0) file /home/runner/work/ozone/ozone/hadoop-ozone/integration-test/target/test-dir/MiniOzoneClusterImpl-af940217-b311-440f-8e09-352fdf66236b/ozone-meta/datanode-5/ratis/b0e9ea18-5897-4179-a9c0-512d7b449058/sm/snapshot.1_0
2025-05-14 02:53:39,281 [grpc-default-executor-5] INFO  server.RaftServer$Division (RaftServerImpl.java:requestVote(1441)) - c77e66e9-1cca-4fd3-bc5b-4ea2dbc3232f@group-90B7BBECBC71 replies to ELECTION vote request: e44b5a69-92f9-40f4-85c9-712e1c637b62<-c77e66e9-1cca-4fd3-bc5b-4ea2dbc3232f#0:OK-t1. Peer's state: c77e66e9-1cca-4fd3-bc5b-4ea2dbc3232f@group-90B7BBECBC71:t1, leader=null, voted=e44b5a69-92f9-40f4-85c9-712e1c637b62, raftlog=Memoized:c77e66e9-1cca-4fd3-bc5b-4ea2dbc3232f@group-90B7BBECBC71-SegmentedRaftLog:OPENED:c-1:lastnull, conf=conf: {index: -1, cur=peers:[d4e44fd7-0e23-4e4f-bc30-0c7965de497d|127.0.0.1:15039, e44b5a69-92f9-40f4-85c9-712e1c637b62|127.0.0.1:15047, c77e66e9-1cca-4fd3-bc5b-4ea2dbc3232f|127.0.0.1:15055]|listeners:[], old=null}
2025-05-14 02:53:39,281 [grpc-default-executor-4] INFO  server.RaftServer$Division (RaftServerImpl.java:requestVote(1441)) - d4e44fd7-0e23-4e4f-bc30-0c7965de497d@group-90B7BBECBC71 replies to ELECTION vote request: e44b5a69-92f9-40f4-85c9-712e1c637b62<-d4e44fd7-0e23-4e4f-bc30-0c7965de497d#0:OK-t1. Peer's state: d4e44fd7-0e23-4e4f-bc30-0c7965de497d@group-90B7BBECBC71:t1, leader=null, voted=e44b5a69-92f9-40f4-85c9-712e1c637b62, raftlog=Memoized:d4e44fd7-0e23-4e4f-bc30-0c7965de497d@group-90B7BBECBC71-SegmentedRaftLog:OPENED:c-1:lastnull, conf=conf: {index: -1, cur=peers:[d4e44fd7-0e23-4e4f-bc30-0c7965de497d|127.0.0.1:15039, e44b5a69-92f9-40f4-85c9-712e1c637b62|127.0.0.1:15047, c77e66e9-1cca-4fd3-bc5b-4ea2dbc3232f|127.0.0.1:15055]|listeners:[], old=null}
2025-05-14 02:53:39,282 [e44b5a69-92f9-40f4-85c9-712e1c637b62@group-512D7B449058-StateMachineUpdater] INFO  ratis.ContainerStateMachine (ContainerStateMachine.java:takeSnapshot(436)) - group-512D7B449058: Finished taking a snapshot at:(t:1, i:0) file:/home/runner/work/ozone/ozone/hadoop-ozone/integration-test/target/test-dir/MiniOzoneClusterImpl-af940217-b311-440f-8e09-352fdf66236b/ozone-meta/datanode-5/ratis/b0e9ea18-5897-4179-a9c0-512d7b449058/sm/snapshot.1_0 took: 1 ms
2025-05-14 02:53:39,283 [e44b5a69-92f9-40f4-85c9-712e1c637b62@group-90B7BBECBC71-LeaderElection13] INFO  impl.LeaderElection (LeaderElection.java:logAndReturn(90)) - e44b5a69-92f9-40f4-85c9-712e1c637b62@group-90B7BBECBC71-LeaderElection13: ELECTION PASSED received 1 response(s) and 0 exception(s):
2025-05-14 02:53:39,283 [e44b5a69-92f9-40f4-85c9-712e1c637b62@group-90B7BBECBC71-LeaderElection13] INFO  impl.LeaderElection (LeaderElection.java:logAndReturn(94)) -   Response 0: e44b5a69-92f9-40f4-85c9-712e1c637b62<-c77e66e9-1cca-4fd3-bc5b-4ea2dbc3232f#0:OK-t1
2025-05-14 02:53:39,283 [e44b5a69-92f9-40f4-85c9-712e1c637b62@group-90B7BBECBC71-LeaderElection13] INFO  impl.LeaderElection (LeaderElection.java:askForVotes(334)) - e44b5a69-92f9-40f4-85c9-712e1c637b62@group-90B7BBECBC71-LeaderElection13 ELECTION round 0: result PASSED
2025-05-14 02:53:39,283 [e44b5a69-92f9-40f4-85c9-712e1c637b62@group-90B7BBECBC71-LeaderElection13] INFO  impl.RoleInfo (RoleInfo.java:shutdownLeaderElection(141)) - e44b5a69-92f9-40f4-85c9-712e1c637b62: shutdown e44b5a69-92f9-40f4-85c9-712e1c637b62@group-90B7BBECBC71-LeaderElection13
2025-05-14 02:53:39,283 [e44b5a69-92f9-40f4-85c9-712e1c637b62@group-512D7B449058-StateMachineUpdater] INFO  impl.StateMachineUpdater (StateMachineUpdater.java:takeSnapshot(303)) - e44b5a69-92f9-40f4-85c9-712e1c637b62@group-512D7B449058-StateMachineUpdater: Took a snapshot at index 0
2025-05-14 02:53:39,283 [e44b5a69-92f9-40f4-85c9-712e1c637b62@group-90B7BBECBC71-LeaderElection13] INFO  server.RaftServer$Division (RaftServerImpl.java:setRole(378)) - e44b5a69-92f9-40f4-85c9-712e1c637b62@group-90B7BBECBC71: changes role from CANDIDATE to LEADER at term 1 for changeToLeader
2025-05-14 02:53:39,283 [e44b5a69-92f9-40f4-85c9-712e1c637b62@group-90B7BBECBC71-LeaderElection13] INFO  server.RaftServerConfigKeys (ConfUtils.java:logGet(46)) - raft.server.staging.catchup.gap = 1000 (default)
2025-05-14 02:53:39,284 [e44b5a69-92f9-40f4-85c9-712e1c637b62@group-90B7BBECBC71-LeaderElection13] INFO  server.RaftServerConfigKeys (ConfUtils.java:logGet(46)) - raft.server.write.element-limit = 1024 (custom)
2025-05-14 02:53:39,284 [e44b5a69-92f9-40f4-85c9-712e1c637b62@group-90B7BBECBC71-LeaderElection13] INFO  server.RaftServerConfigKeys (ConfUtils.java:logGet(46)) - raft.server.write.byte-limit = 1024 M (=1073741824) (custom)
2025-05-14 02:53:39,284 [e44b5a69-92f9-40f4-85c9-712e1c637b62@group-90B7BBECBC71-LeaderElection13] INFO  server.RaftServerConfigKeys (ConfUtils.java:logGet(46)) - raft.server.watch.timeout = 10000ms (default)
2025-05-14 02:53:39,284 [e44b5a69-92f9-40f4-85c9-712e1c637b62@group-90B7BBECBC71-LeaderElection13] INFO  server.RaftServerConfigKeys (ConfUtils.java:logGet(46)) - raft.server.watch.timeout.denomination = 1s (default)
2025-05-14 02:53:39,284 [e44b5a69-92f9-40f4-85c9-712e1c637b62@group-90B7BBECBC71-LeaderElection13] INFO  server.RaftServerConfigKeys (ConfUtils.java:logGet(46)) - raft.server.watch.element-limit = 65536 (default)
2025-05-14 02:53:39,283 [e44b5a69-92f9-40f4-85c9-712e1c637b62@group-512D7B449058-StateMachineUpdater] INFO  impl.StateMachineUpdater (StateMachineUpdater.java:lambda$new$0(102)) - e44b5a69-92f9-40f4-85c9-712e1c637b62@group-512D7B449058-StateMachineUpdater: snapshotIndex: updateIncreasingly -1 -> 0
2025-05-14 02:53:39,286 [e44b5a69-92f9-40f4-85c9-712e1c637b62@group-90B7BBECBC71-LeaderElection13] INFO  server.RaftServerConfigKeys (ConfUtils.java:logGet(46)) - raft.server.read.leader.lease.enabled = false (default)
2025-05-14 02:53:39,287 [e44b5a69-92f9-40f4-85c9-712e1c637b62@group-90B7BBECBC71-LeaderElection13] INFO  server.RaftServerConfigKeys (ConfUtils.java:logGet(46)) - raft.server.read.leader.lease.timeout.ratio = 0.9 (default)
2025-05-14 02:53:39,287 [e44b5a69-92f9-40f4-85c9-712e1c637b62@group-90B7BBECBC71-LeaderElection13] INFO  server.RaftServerConfigKeys (ConfUtils.java:logGet(46)) - raft.server.rpc.timeout.min = 5s (custom)
2025-05-14 02:53:39,287 [e44b5a69-92f9-40f4-85c9-712e1c637b62@group-90B7BBECBC71-LeaderElection13] INFO  server.RaftServerConfigKeys (ConfUtils.java:logGet(46)) - raft.server.log.log-metadata.enabled = true (default)
2025-05-14 02:53:39,287 [e44b5a69-92f9-40f4-85c9-712e1c637b62@group-90B7BBECBC71-LeaderElection13] INFO  server.RaftServerConfigKeys (ConfUtils.java:logGet(46)) - raft.server.write.element-limit = 1024 (custom)
2025-05-14 02:53:39,288 [e44b5a69-92f9-40f4-85c9-712e1c637b62@group-90B7BBECBC71-LeaderElection13] INFO  server.RaftServerConfigKeys (ConfUtils.java:logGet(46)) - raft.server.write.follower.gap.ratio.max = -1.0 (default)
2025-05-14 02:53:39,289 [e44b5a69-92f9-40f4-85c9-712e1c637b62@group-90B7BBECBC71-LeaderElection13] INFO  server.RaftServerConfigKeys (ConfUtils.java:logGet(46)) - raft.server.log.appender.snapshot.chunk.size.max = 16MB (=16777216) (default)
2025-05-14 02:53:39,291 [e44b5a69-92f9-40f4-85c9-712e1c637b62@group-90B7BBECBC71-LeaderElection13] INFO  server.RaftServerConfigKeys (ConfUtils.java:logGet(46)) - raft.server.log.appender.buffer.byte-limit = 33554432 (custom)
2025-05-14 02:53:39,291 [e44b5a69-92f9-40f4-85c9-712e1c637b62@group-90B7BBECBC71-LeaderElection13] INFO  server.RaftServerConfigKeys (ConfUtils.java:logGet(46)) - raft.server.log.appender.buffer.element-limit = 1024 (custom)
2025-05-14 02:53:39,291 [e44b5a69-92f9-40f4-85c9-712e1c637b62@group-90B7BBECBC71-LeaderElection13] INFO  server.RaftServerConfigKeys (ConfUtils.java:logGet(46)) - raft.server.log.appender.wait-time.min = 0ms (custom)
2025-05-14 02:53:39,291 [e44b5a69-92f9-40f4-85c9-712e1c637b62@group-90B7BBECBC71-LeaderElection13] INFO  grpc.GrpcConfigKeys (ConfUtils.java:logGet(46)) - raft.grpc.server.leader.outstanding.appends.max = 8 (default)
2025-05-14 02:53:39,291 [e44b5a69-92f9-40f4-85c9-712e1c637b62@group-90B7BBECBC71-LeaderElection13] INFO  server.RaftServerConfigKeys (ConfUtils.java:logGet(46)) - raft.server.rpc.request.timeout = 3000ms (default)
2025-05-14 02:53:39,291 [e44b5a69-92f9-40f4-85c9-712e1c637b62@group-90B7BBECBC71-LeaderElection13] INFO  grpc.GrpcConfigKeys (ConfUtils.java:logGet(46)) - raft.grpc.server.install_snapshot.request.element-limit = 8 (default)
2025-05-14 02:53:39,291 [e44b5a69-92f9-40f4-85c9-712e1c637b62@group-90B7BBECBC71-LeaderElection13] INFO  grpc.GrpcConfigKeys (ConfUtils.java:logGet(46)) - raft.grpc.server.install_snapshot.request.timeout = 3000ms (default)
2025-05-14 02:53:39,291 [e44b5a69-92f9-40f4-85c9-712e1c637b62@group-90B7BBECBC71-LeaderElection13] INFO  grpc.GrpcConfigKeys (ConfUtils.java:logGet(46)) - raft.grpc.server.log-message.batch.duration = 5s (default)
2025-05-14 02:53:39,291 [e44b5a69-92f9-40f4-85c9-712e1c637b62@group-90B7BBECBC71-LeaderElection13] INFO  server.RaftServerConfigKeys (ConfUtils.java:logGet(46)) - raft.server.log.appender.install.snapshot.enabled = false (custom)
2025-05-14 02:53:39,291 [e44b5a69-92f9-40f4-85c9-712e1c637b62@group-90B7BBECBC71-LeaderElection13] INFO  grpc.GrpcConfigKeys (ConfUtils.java:logGet(46)) - raft.grpc.server.heartbeat.channel = true (default)
2025-05-14 02:53:39,292 [e44b5a69-92f9-40f4-85c9-712e1c637b62@group-90B7BBECBC71-LeaderElection13] INFO  server.RaftServerConfigKeys (ConfUtils.java:logGet(46)) - raft.server.log.appender.snapshot.chunk.size.max = 16MB (=16777216) (default)
2025-05-14 02:53:39,293 [e44b5a69-92f9-40f4-85c9-712e1c637b62@group-90B7BBECBC71-LeaderElection13] INFO  server.RaftServerConfigKeys (ConfUtils.java:logGet(46)) - raft.server.log.appender.buffer.byte-limit = 33554432 (custom)
2025-05-14 02:53:39,293 [e44b5a69-92f9-40f4-85c9-712e1c637b62@group-90B7BBECBC71-LeaderElection13] INFO  server.RaftServerConfigKeys (ConfUtils.java:logGet(46)) - raft.server.log.appender.buffer.element-limit = 1024 (custom)
2025-05-14 02:53:39,293 [e44b5a69-92f9-40f4-85c9-712e1c637b62@group-90B7BBECBC71-LeaderElection13] INFO  server.RaftServerConfigKeys (ConfUtils.java:logGet(46)) - raft.server.log.appender.wait-time.min = 0ms (custom)
2025-05-14 02:53:39,293 [e44b5a69-92f9-40f4-85c9-712e1c637b62@group-90B7BBECBC71-LeaderElection13] INFO  grpc.GrpcConfigKeys (ConfUtils.java:logGet(46)) - raft.grpc.server.leader.outstanding.appends.max = 8 (default)
2025-05-14 02:53:39,293 [e44b5a69-92f9-40f4-85c9-712e1c637b62@group-90B7BBECBC71-LeaderElection13] INFO  server.RaftServerConfigKeys (ConfUtils.java:logGet(46)) - raft.server.rpc.request.timeout = 3000ms (default)
2025-05-14 02:53:39,293 [e44b5a69-92f9-40f4-85c9-712e1c637b62@group-90B7BBECBC71-LeaderElection13] INFO  grpc.GrpcConfigKeys (ConfUtils.java:logGet(46)) - raft.grpc.server.install_snapshot.request.element-limit = 8 (default)
2025-05-14 02:53:39,293 [e44b5a69-92f9-40f4-85c9-712e1c637b62@group-90B7BBECBC71-LeaderElection13] INFO  grpc.GrpcConfigKeys (ConfUtils.java:logGet(46)) - raft.grpc.server.install_snapshot.request.timeout = 3000ms (default)
2025-05-14 02:53:39,293 [e44b5a69-92f9-40f4-85c9-712e1c637b62@group-90B7BBECBC71-LeaderElection13] INFO  grpc.GrpcConfigKeys (ConfUtils.java:logGet(46)) - raft.grpc.server.log-message.batch.duration = 5s (default)
2025-05-14 02:53:39,293 [e44b5a69-92f9-40f4-85c9-712e1c637b62@group-90B7BBECBC71-LeaderElection13] INFO  server.RaftServerConfigKeys (ConfUtils.java:logGet(46)) - raft.server.log.appender.install.snapshot.enabled = false (custom)
2025-05-14 02:53:39,293 [e44b5a69-92f9-40f4-85c9-712e1c637b62@group-90B7BBECBC71-LeaderElection13] INFO  grpc.GrpcConfigKeys (ConfUtils.java:logGet(46)) - raft.grpc.server.heartbeat.channel = true (default)
2025-05-14 02:53:39,293 [e44b5a69-92f9-40f4-85c9-712e1c637b62@group-90B7BBECBC71-LeaderElection13] INFO  impl.RoleInfo (RoleInfo.java:updateAndGet(148)) - e44b5a69-92f9-40f4-85c9-712e1c637b62: start e44b5a69-92f9-40f4-85c9-712e1c637b62@group-90B7BBECBC71-LeaderStateImpl
2025-05-14 02:53:39,293 [e44b5a69-92f9-40f4-85c9-712e1c637b62@group-90B7BBECBC71-LeaderElection13] INFO  server.RaftServer$Division (RaftServerImpl.java:setFirstElection(562)) - e44b5a69-92f9-40f4-85c9-712e1c637b62@group-90B7BBECBC71: set firstElectionSinceStartup to false for becomeLeader
2025-05-14 02:53:39,293 [e44b5a69-92f9-40f4-85c9-712e1c637b62@group-90B7BBECBC71-LeaderElection13] INFO  ratis.XceiverServerRatis (XceiverServerRatis.java:handleLeaderChangedNotification(944)) - Leader change notification received for group: group-90B7BBECBC71 with new leaderId: e44b5a69-92f9-40f4-85c9-712e1c637b62
2025-05-14 02:53:39,294 [e44b5a69-92f9-40f4-85c9-712e1c637b62@group-90B7BBECBC71-LeaderElection13] INFO  server.RaftServer$Division (ServerState.java:setLeader(272)) - e44b5a69-92f9-40f4-85c9-712e1c637b62@group-90B7BBECBC71: change Leader from null to e44b5a69-92f9-40f4-85c9-712e1c637b62 at term 1 for becomeLeader, leader elected after 1171ms
2025-05-14 02:53:39,295 [e44b5a69-92f9-40f4-85c9-712e1c637b62@group-90B7BBECBC71-LeaderElection13] INFO  segmented.SegmentedRaftLogWorker (SegmentedRaftLogWorker.java:startLogSegment(438)) - e44b5a69-92f9-40f4-85c9-712e1c637b62@group-90B7BBECBC71-SegmentedRaftLogWorker: Starting segment from index:0
2025-05-14 02:53:39,295 [e44b5a69-92f9-40f4-85c9-712e1c637b62@group-90B7BBECBC71-SegmentedRaftLogWorker] INFO  segmented.BufferedWriteChannel (BufferedWriteChannel.java:open(61)) - open log_inprogress_0 at position 0
2025-05-14 02:53:39,296 [e44b5a69-92f9-40f4-85c9-712e1c637b62@group-90B7BBECBC71-LeaderElection13] INFO  server.RaftServer$Division (ServerState.java:setRaftConf(386)) - e44b5a69-92f9-40f4-85c9-712e1c637b62@group-90B7BBECBC71: set configuration conf: {index: 0, cur=peers:[d4e44fd7-0e23-4e4f-bc30-0c7965de497d|127.0.0.1:15039, e44b5a69-92f9-40f4-85c9-712e1c637b62|127.0.0.1:15047, c77e66e9-1cca-4fd3-bc5b-4ea2dbc3232f|127.0.0.1:15055]|listeners:[], old=null}
2025-05-14 02:53:39,301 [EventQueue-PipelineReportForPipelineReportHandler] INFO  pipeline.PipelineReportHandler (PipelineReportHandler.java:processPipelineReport(134)) - Opened pipeline PipelineID=8155a67b-a88a-4cce-aefd-90b7bbecbc71
2025-05-14 02:53:39,301 [main] INFO  rpc.RpcClient (RpcClient.java:createBucket(688)) - Creating Bucket: testcontainerstatemachinefailures/testcontainerstatemachinefailures, with server-side default bucket layout, runner as owner, Versioning false, Storage Type set to DISK and Encryption set to false, Replication Type set to server-side default replication type, Namespace Quota set to -1, Space Quota set to -1 
2025-05-14 02:53:39,312 [e44b5a69-92f9-40f4-85c9-712e1c637b62@group-90B7BBECBC71-SegmentedRaftLogWorker] INFO  segmented.SegmentedRaftLogWorker (SegmentedRaftLogWorker.java:execute(644)) - e44b5a69-92f9-40f4-85c9-712e1c637b62@group-90B7BBECBC71-SegmentedRaftLogWorker: created new log segment /home/runner/work/ozone/ozone/hadoop-ozone/integration-test/target/test-dir/MiniOzoneClusterImpl-af940217-b311-440f-8e09-352fdf66236b/ozone-meta/datanode-5/ratis/8155a67b-a88a-4cce-aefd-90b7bbecbc71/current/log_inprogress_0
2025-05-14 02:53:39,315 [d4e44fd7-0e23-4e4f-bc30-0c7965de497d-server-thread1] INFO  ratis.XceiverServerRatis (XceiverServerRatis.java:handleLeaderChangedNotification(944)) - Leader change notification received for group: group-90B7BBECBC71 with new leaderId: e44b5a69-92f9-40f4-85c9-712e1c637b62
2025-05-14 02:53:39,316 [d4e44fd7-0e23-4e4f-bc30-0c7965de497d-server-thread1] INFO  server.RaftServer$Division (ServerState.java:setLeader(272)) - d4e44fd7-0e23-4e4f-bc30-0c7965de497d@group-90B7BBECBC71: change Leader from null to e44b5a69-92f9-40f4-85c9-712e1c637b62 at term 1 for appendEntries, leader elected after 1240ms
2025-05-14 02:53:39,317 [d4e44fd7-0e23-4e4f-bc30-0c7965de497d-server-thread1] INFO  server.RaftServer$Division (ServerState.java:setRaftConf(386)) - d4e44fd7-0e23-4e4f-bc30-0c7965de497d@group-90B7BBECBC71: set configuration conf: {index: 0, cur=peers:[d4e44fd7-0e23-4e4f-bc30-0c7965de497d|127.0.0.1:15039, e44b5a69-92f9-40f4-85c9-712e1c637b62|127.0.0.1:15047, c77e66e9-1cca-4fd3-bc5b-4ea2dbc3232f|127.0.0.1:15055]|listeners:[], old=null}
2025-05-14 02:53:39,318 [d4e44fd7-0e23-4e4f-bc30-0c7965de497d-server-thread1] INFO  segmented.SegmentedRaftLogWorker (SegmentedRaftLogWorker.java:startLogSegment(438)) - d4e44fd7-0e23-4e4f-bc30-0c7965de497d@group-90B7BBECBC71-SegmentedRaftLogWorker: Starting segment from index:0
2025-05-14 02:53:39,318 [d4e44fd7-0e23-4e4f-bc30-0c7965de497d@group-90B7BBECBC71-SegmentedRaftLogWorker] INFO  segmented.BufferedWriteChannel (BufferedWriteChannel.java:open(61)) - open log_inprogress_0 at position 0
2025-05-14 02:53:39,320 [c77e66e9-1cca-4fd3-bc5b-4ea2dbc3232f-server-thread1] INFO  ratis.XceiverServerRatis (XceiverServerRatis.java:handleLeaderChangedNotification(944)) - Leader change notification received for group: group-90B7BBECBC71 with new leaderId: e44b5a69-92f9-40f4-85c9-712e1c637b62
2025-05-14 02:53:39,320 [c77e66e9-1cca-4fd3-bc5b-4ea2dbc3232f-server-thread1] INFO  server.RaftServer$Division (ServerState.java:setLeader(272)) - c77e66e9-1cca-4fd3-bc5b-4ea2dbc3232f@group-90B7BBECBC71: change Leader from null to e44b5a69-92f9-40f4-85c9-712e1c637b62 at term 1 for appendEntries, leader elected after 1126ms
2025-05-14 02:53:39,323 [c77e66e9-1cca-4fd3-bc5b-4ea2dbc3232f-server-thread2] INFO  server.RaftServer$Division (ServerState.java:setRaftConf(386)) - c77e66e9-1cca-4fd3-bc5b-4ea2dbc3232f@group-90B7BBECBC71: set configuration conf: {index: 0, cur=peers:[d4e44fd7-0e23-4e4f-bc30-0c7965de497d|127.0.0.1:15039, e44b5a69-92f9-40f4-85c9-712e1c637b62|127.0.0.1:15047, c77e66e9-1cca-4fd3-bc5b-4ea2dbc3232f|127.0.0.1:15055]|listeners:[], old=null}
2025-05-14 02:53:39,323 [c77e66e9-1cca-4fd3-bc5b-4ea2dbc3232f-server-thread2] INFO  segmented.SegmentedRaftLogWorker (SegmentedRaftLogWorker.java:startLogSegment(438)) - c77e66e9-1cca-4fd3-bc5b-4ea2dbc3232f@group-90B7BBECBC71-SegmentedRaftLogWorker: Starting segment from index:0
2025-05-14 02:53:39,324 [c77e66e9-1cca-4fd3-bc5b-4ea2dbc3232f@group-90B7BBECBC71-SegmentedRaftLogWorker] INFO  segmented.BufferedWriteChannel (BufferedWriteChannel.java:open(61)) - open log_inprogress_0 at position 0
2025-05-14 02:53:39,336 [9d8a5836-bfca-4d37-9676-470807fcd29d-PipelineCommandHandlerThread-0] INFO  server.RaftServer (RaftServerProxy.java:addNew(100)) - 9d8a5836-bfca-4d37-9676-470807fcd29d: addNew group-BAB9A4CB0463:[9d8a5836-bfca-4d37-9676-470807fcd29d|127.0.0.1:15087] returns group-BAB9A4CB0463:java.util.concurrent.CompletableFuture@6a448e44[Not completed]
2025-05-14 02:53:39,337 [c77e66e9-1cca-4fd3-bc5b-4ea2dbc3232f@group-90B7BBECBC71-SegmentedRaftLogWorker] INFO  segmented.SegmentedRaftLogWorker (SegmentedRaftLogWorker.java:execute(644)) - c77e66e9-1cca-4fd3-bc5b-4ea2dbc3232f@group-90B7BBECBC71-SegmentedRaftLogWorker: created new log segment /home/runner/work/ozone/ozone/hadoop-ozone/integration-test/target/test-dir/MiniOzoneClusterImpl-af940217-b311-440f-8e09-352fdf66236b/ozone-meta/datanode-6/ratis/8155a67b-a88a-4cce-aefd-90b7bbecbc71/current/log_inprogress_0
2025-05-14 02:53:39,339 [d4e44fd7-0e23-4e4f-bc30-0c7965de497d@group-90B7BBECBC71-SegmentedRaftLogWorker] INFO  segmented.SegmentedRaftLogWorker (SegmentedRaftLogWorker.java:execute(644)) - d4e44fd7-0e23-4e4f-bc30-0c7965de497d@group-90B7BBECBC71-SegmentedRaftLogWorker: created new log segment /home/runner/work/ozone/ozone/hadoop-ozone/integration-test/target/test-dir/MiniOzoneClusterImpl-af940217-b311-440f-8e09-352fdf66236b/ozone-meta/datanode-4/ratis/8155a67b-a88a-4cce-aefd-90b7bbecbc71/current/log_inprogress_0
2025-05-14 02:53:39,339 [9d8a5836-bfca-4d37-9676-470807fcd29d-groupManagement] INFO  server.RaftServer$Division (RaftServerImpl.java:<init>(255)) - 9d8a5836-bfca-4d37-9676-470807fcd29d: new RaftServerImpl for group-BAB9A4CB0463:[9d8a5836-bfca-4d37-9676-470807fcd29d|127.0.0.1:15087] with ContainerStateMachine:uninitialized
2025-05-14 02:53:39,339 [9d8a5836-bfca-4d37-9676-470807fcd29d-groupManagement] INFO  server.RaftServerConfigKeys (ConfUtils.java:logGet(46)) - raft.server.rpc.timeout.min = 5s (custom)
2025-05-14 02:53:39,339 [9d8a5836-bfca-4d37-9676-470807fcd29d-groupManagement] INFO  server.RaftServerConfigKeys (ConfUtils.java:logGet(46)) - raft.server.rpc.timeout.max = 5200ms (custom)
2025-05-14 02:53:39,340 [9d8a5836-bfca-4d37-9676-470807fcd29d-groupManagement] INFO  server.RaftServerConfigKeys (ConfUtils.java:logGet(46)) - raft.server.rpc.sleep.time = 25ms (default)
2025-05-14 02:53:39,340 [9d8a5836-bfca-4d37-9676-470807fcd29d-groupManagement] INFO  server.RaftServerConfigKeys (ConfUtils.java:logGet(46)) - raft.server.rpc.slowness.timeout = 300000ms (custom)
2025-05-14 02:53:39,340 [9d8a5836-bfca-4d37-9676-470807fcd29d-groupManagement] INFO  server.RaftServerConfigKeys (ConfUtils.java:logGet(46)) - raft.server.leaderelection.leader.step-down.wait-time = 10s (default)
2025-05-14 02:53:39,341 [9d8a5836-bfca-4d37-9676-470807fcd29d-groupManagement] INFO  server.RaftServerConfigKeys (ConfUtils.java:logGet(46)) - raft.server.leaderelection.member.majority-add = false (default)
2025-05-14 02:53:39,341 [9d8a5836-bfca-4d37-9676-470807fcd29d-groupManagement] INFO  server.RaftServerConfigKeys (ConfUtils.java:logGet(46)) - raft.server.sleep.deviation.threshold = 300ms (default)
2025-05-14 02:53:39,341 [9d8a5836-bfca-4d37-9676-470807fcd29d-groupManagement] INFO  server.RaftServer$Division (ServerState.java:<init>(114)) - 9d8a5836-bfca-4d37-9676-470807fcd29d@group-BAB9A4CB0463: ConfigurationManager, init=conf: {index: -1, cur=peers:[9d8a5836-bfca-4d37-9676-470807fcd29d|127.0.0.1:15087]|listeners:[], old=null}, confs=<EMPTY_MAP>
2025-05-14 02:53:39,341 [9d8a5836-bfca-4d37-9676-470807fcd29d-groupManagement] INFO  server.RaftServerConfigKeys (ConfUtils.java:logGet(46)) - raft.server.notification.no-leader.timeout = 300000ms (custom)
2025-05-14 02:53:39,341 [9d8a5836-bfca-4d37-9676-470807fcd29d-groupManagement] INFO  server.RaftServerConfigKeys (ConfUtils.java:logGet(46)) - raft.server.read.timeout = 10s (default)
2025-05-14 02:53:39,341 [9d8a5836-bfca-4d37-9676-470807fcd29d-groupManagement] INFO  server.RaftServerConfigKeys (ConfUtils.java:logGet(46)) - raft.server.retrycache.expirytime = 600000ms (custom)
2025-05-14 02:53:39,341 [9d8a5836-bfca-4d37-9676-470807fcd29d-groupManagement] INFO  server.RaftServerConfigKeys (ConfUtils.java:logGet(46)) - raft.server.retrycache.statistics.expirytime = 100ms (default)
2025-05-14 02:53:39,341 [9d8a5836-bfca-4d37-9676-470807fcd29d-groupManagement] INFO  server.RaftServerConfigKeys (ConfUtils.java:logGet(46)) - raft.server.read.option = DEFAULT (default)
2025-05-14 02:53:39,341 [9d8a5836-bfca-4d37-9676-470807fcd29d-groupManagement] INFO  server.RaftServerConfigKeys (ConfUtils.java:logGet(46)) - raft.server.read.read-after-write-consistent.write-index-cache.expiry-time = 60s (default)
2025-05-14 02:53:39,343 [om1-OMStateMachineApplyTransactionThread - 0] INFO  bucket.OMBucketCreateRequest (OMBucketCreateRequest.java:validateAndUpdateCache(292)) - created bucket: testcontainerstatemachinefailures of layout FILE_SYSTEM_OPTIMIZED in volume: testcontainerstatemachinefailures
2025-05-14 02:53:39,347 [e44b5a69-92f9-40f4-85c9-712e1c637b62@group-90B7BBECBC71-StateMachineUpdater] INFO  server.RaftServer$Division (LeaderStateImpl.java:checkStartIndex(313)) - Leader e44b5a69-92f9-40f4-85c9-712e1c637b62@group-90B7BBECBC71-LeaderStateImpl is ready since appliedIndex == startIndex == 0
2025-05-14 02:53:39,347 [e44b5a69-92f9-40f4-85c9-712e1c637b62@group-90B7BBECBC71-StateMachineUpdater] INFO  ratis.ContainerStateMachine (ContainerStateMachine.java:takeSnapshot(427)) - group-90B7BBECBC71: Taking a snapshot at:(t:1, i:0) file /home/runner/work/ozone/ozone/hadoop-ozone/integration-test/target/test-dir/MiniOzoneClusterImpl-af940217-b311-440f-8e09-352fdf66236b/ozone-meta/datanode-5/ratis/8155a67b-a88a-4cce-aefd-90b7bbecbc71/sm/snapshot.1_0
2025-05-14 02:53:39,348 [e44b5a69-92f9-40f4-85c9-712e1c637b62@group-90B7BBECBC71-StateMachineUpdater] INFO  ratis.ContainerStateMachine (ContainerStateMachine.java:takeSnapshot(436)) - group-90B7BBECBC71: Finished taking a snapshot at:(t:1, i:0) file:/home/runner/work/ozone/ozone/hadoop-ozone/integration-test/target/test-dir/MiniOzoneClusterImpl-af940217-b311-440f-8e09-352fdf66236b/ozone-meta/datanode-5/ratis/8155a67b-a88a-4cce-aefd-90b7bbecbc71/sm/snapshot.1_0 took: 1 ms
2025-05-14 02:53:39,349 [e44b5a69-92f9-40f4-85c9-712e1c637b62@group-90B7BBECBC71-StateMachineUpdater] INFO  impl.StateMachineUpdater (StateMachineUpdater.java:takeSnapshot(303)) - e44b5a69-92f9-40f4-85c9-712e1c637b62@group-90B7BBECBC71-StateMachineUpdater: Took a snapshot at index 0
2025-05-14 02:53:39,349 [e44b5a69-92f9-40f4-85c9-712e1c637b62@group-90B7BBECBC71-StateMachineUpdater] INFO  impl.StateMachineUpdater (StateMachineUpdater.java:lambda$new$0(102)) - e44b5a69-92f9-40f4-85c9-712e1c637b62@group-90B7BBECBC71-StateMachineUpdater: snapshotIndex: updateIncreasingly -1 -> 0
2025-05-14 02:53:39,351 [9d8a5836-bfca-4d37-9676-470807fcd29d-groupManagement] INFO  server.RaftServerConfigKeys (ConfUtils.java:logGet(46)) - raft.server.rpc.request.timeout = 3000ms (default)
2025-05-14 02:53:39,351 [9d8a5836-bfca-4d37-9676-470807fcd29d-groupManagement] INFO  server.RaftServerConfigKeys (ConfUtils.java:logGet(46)) - raft.server.log.appender.install.snapshot.enabled = false (custom)
2025-05-14 02:53:39,352 [9d8a5836-bfca-4d37-9676-470807fcd29d-groupManagement] INFO  server.RaftServerConfigKeys (ConfUtils.java:logGet(46)) - raft.server.threadpool.server.cached = true (default)
2025-05-14 02:53:39,352 [9d8a5836-bfca-4d37-9676-470807fcd29d-groupManagement] INFO  server.RaftServerConfigKeys (ConfUtils.java:logGet(46)) - raft.server.threadpool.server.size = 0 (default)
2025-05-14 02:53:39,352 [9d8a5836-bfca-4d37-9676-470807fcd29d-groupManagement] INFO  server.RaftServerConfigKeys (ConfUtils.java:logGet(46)) - raft.server.threadpool.client.cached = true (default)
2025-05-14 02:53:39,352 [9d8a5836-bfca-4d37-9676-470807fcd29d-groupManagement] INFO  server.RaftServerConfigKeys (ConfUtils.java:logGet(46)) - raft.server.threadpool.client.size = 0 (default)
2025-05-14 02:53:39,352 [9d8a5836-bfca-4d37-9676-470807fcd29d-groupManagement] INFO  server.RaftServerConfigKeys (ConfUtils.java:logGet(46)) - raft.server.storage.free-space.min = 0MB (=0) (default)
2025-05-14 02:53:39,353 [9d8a5836-bfca-4d37-9676-470807fcd29d-groupManagement] INFO  server.RaftServerConfigKeys (ConfUtils.java:logGet(46)) - raft.server.log.corruption.policy = EXCEPTION (default)
2025-05-14 02:53:39,353 [9d8a5836-bfca-4d37-9676-470807fcd29d-groupManagement] INFO  server.RaftServerConfigKeys (ConfUtils.java:logGet(46)) - raft.server.storage.dir = [/home/runner/work/ozone/ozone/hadoop-ozone/integration-test/target/test-dir/MiniOzoneClusterImpl-af940217-b311-440f-8e09-352fdf66236b/ozone-meta/datanode-10/ratis] (custom)
2025-05-14 02:53:39,353 [9d8a5836-bfca-4d37-9676-470807fcd29d-groupManagement] INFO  storage.RaftStorageDirectory (RaftStorageDirectoryImpl.java:analyzeStorage(138)) - The storage directory /home/runner/work/ozone/ozone/hadoop-ozone/integration-test/target/test-dir/MiniOzoneClusterImpl-af940217-b311-440f-8e09-352fdf66236b/ozone-meta/datanode-10/ratis/b03e8157-9214-41bf-b26a-bab9a4cb0463 does not exist. Creating ...
2025-05-14 02:53:39,359 [c77e66e9-1cca-4fd3-bc5b-4ea2dbc3232f@group-CA654213E6F9-FollowerState] INFO  impl.FollowerState (FollowerState.java:runImpl(161)) - c77e66e9-1cca-4fd3-bc5b-4ea2dbc3232f@group-CA654213E6F9-FollowerState: change to CANDIDATE, lastRpcElapsedTime:1077718694ns, electionTimeout:1076ms
2025-05-14 02:53:39,359 [9d8a5836-bfca-4d37-9676-470807fcd29d-groupManagement] INFO  storage.RaftStorageDirectory (RaftStorageDirectoryImpl.java:tryLock(229)) - Lock on /home/runner/work/ozone/ozone/hadoop-ozone/integration-test/target/test-dir/MiniOzoneClusterImpl-af940217-b311-440f-8e09-352fdf66236b/ozone-meta/datanode-10/ratis/b03e8157-9214-41bf-b26a-bab9a4cb0463/in_use.lock acquired by nodename 34763@localhost
2025-05-14 02:53:39,360 [c77e66e9-1cca-4fd3-bc5b-4ea2dbc3232f@group-CA654213E6F9-FollowerState] INFO  impl.RoleInfo (RoleInfo.java:shutdownFollowerState(121)) - c77e66e9-1cca-4fd3-bc5b-4ea2dbc3232f: shutdown c77e66e9-1cca-4fd3-bc5b-4ea2dbc3232f@group-CA654213E6F9-FollowerState
2025-05-14 02:53:39,360 [c77e66e9-1cca-4fd3-bc5b-4ea2dbc3232f@group-CA654213E6F9-FollowerState] INFO  server.RaftServer$Division (RaftServerImpl.java:setRole(378)) - c77e66e9-1cca-4fd3-bc5b-4ea2dbc3232f@group-CA654213E6F9: changes role from  FOLLOWER to CANDIDATE at term 0 for changeToCandidate
2025-05-14 02:53:39,361 [c77e66e9-1cca-4fd3-bc5b-4ea2dbc3232f@group-CA654213E6F9-FollowerState] INFO  server.RaftServerConfigKeys (ConfUtils.java:logGet(46)) - raft.server.leaderelection.pre-vote = true (default)
2025-05-14 02:53:39,361 [9d8a5836-bfca-4d37-9676-470807fcd29d-groupManagement] INFO  storage.RaftStorage (RaftStorageImpl.java:format(98)) - Storage directory /home/runner/work/ozone/ozone/hadoop-ozone/integration-test/target/test-dir/MiniOzoneClusterImpl-af940217-b311-440f-8e09-352fdf66236b/ozone-meta/datanode-10/ratis/b03e8157-9214-41bf-b26a-bab9a4cb0463 has been successfully formatted.
2025-05-14 02:53:39,362 [c77e66e9-1cca-4fd3-bc5b-4ea2dbc3232f@group-CA654213E6F9-FollowerState] INFO  impl.RoleInfo (RoleInfo.java:updateAndGet(148)) - c77e66e9-1cca-4fd3-bc5b-4ea2dbc3232f: start c77e66e9-1cca-4fd3-bc5b-4ea2dbc3232f@group-CA654213E6F9-LeaderElection15
2025-05-14 02:53:39,362 [9d8a5836-bfca-4d37-9676-470807fcd29d-groupManagement] INFO  ratis.ContainerStateMachine (ContainerStateMachine.java:initialize(339)) - 9d8a5836-bfca-4d37-9676-470807fcd29d: initialize group-BAB9A4CB0463
2025-05-14 02:53:39,364 [9d8a5836-bfca-4d37-9676-470807fcd29d-groupManagement] INFO  ratis.ContainerStateMachine (ContainerStateMachine.java:loadSnapshot(347)) - group-BAB9A4CB0463: The snapshot info is null. Setting the last applied index to:(t:0, i:~)
2025-05-14 02:53:39,365 [9d8a5836-bfca-4d37-9676-470807fcd29d-groupManagement] INFO  server.RaftServerConfigKeys (ConfUtils.java:logGet(46)) - raft.server.log.use.memory = false (default)
2025-05-14 02:53:39,365 [9d8a5836-bfca-4d37-9676-470807fcd29d-groupManagement] INFO  server.RaftServerConfigKeys (ConfUtils.java:logGet(46)) - raft.server.log.purge.gap = 1000000 (custom)
2025-05-14 02:53:39,365 [9d8a5836-bfca-4d37-9676-470807fcd29d-groupManagement] INFO  server.RaftServerConfigKeys (ConfUtils.java:logGet(46)) - raft.server.log.appender.buffer.byte-limit = 33554432 (custom)
2025-05-14 02:53:39,365 [9d8a5836-bfca-4d37-9676-470807fcd29d-groupManagement] INFO  server.RaftServerConfigKeys (ConfUtils.java:logGet(46)) - raft.server.log.statemachine.data.read.timeout = 1000ms (default)
2025-05-14 02:53:39,365 [9d8a5836-bfca-4d37-9676-470807fcd29d-groupManagement] INFO  server.RaftServerConfigKeys (ConfUtils.java:logGet(46)) - raft.server.log.purge.preservation.log.num = 0 (default)
2025-05-14 02:53:39,365 [c77e66e9-1cca-4fd3-bc5b-4ea2dbc3232f@group-CA654213E6F9-LeaderElection15] INFO  impl.LeaderElection (LeaderElection.java:askForVotes(332)) - c77e66e9-1cca-4fd3-bc5b-4ea2dbc3232f@group-CA654213E6F9-LeaderElection15 PRE_VOTE round 0: submit vote requests at term 0 for conf: {index: -1, cur=peers:[c77e66e9-1cca-4fd3-bc5b-4ea2dbc3232f|127.0.0.1:15055]|listeners:[], old=null}
2025-05-14 02:53:39,365 [c77e66e9-1cca-4fd3-bc5b-4ea2dbc3232f@group-CA654213E6F9-LeaderElection15] INFO  impl.LeaderElection (LeaderElection.java:askForVotes(334)) - c77e66e9-1cca-4fd3-bc5b-4ea2dbc3232f@group-CA654213E6F9-LeaderElection15 PRE_VOTE round 0: result PASSED (term=0)
2025-05-14 02:53:39,369 [9d8a5836-bfca-4d37-9676-470807fcd29d-groupManagement] INFO  server.RaftServerConfigKeys (ConfUtils.java:logGet(46)) - raft.server.log.segment.size.max = 67108864 (custom)
2025-05-14 02:53:39,369 [EventQueue-PipelineReportForPipelineReportHandler] INFO  pipeline.PipelineReportHandler (PipelineReportHandler.java:processPipelineReport(134)) - Opened pipeline PipelineID=b03e8157-9214-41bf-b26a-bab9a4cb0463
2025-05-14 02:53:39,370 [c77e66e9-1cca-4fd3-bc5b-4ea2dbc3232f@group-CA654213E6F9-LeaderElection15] INFO  impl.LeaderElection (LeaderElection.java:askForVotes(332)) - c77e66e9-1cca-4fd3-bc5b-4ea2dbc3232f@group-CA654213E6F9-LeaderElection15 ELECTION round 0: submit vote requests at term 1 for conf: {index: -1, cur=peers:[c77e66e9-1cca-4fd3-bc5b-4ea2dbc3232f|127.0.0.1:15055]|listeners:[], old=null}
2025-05-14 02:53:39,370 [c77e66e9-1cca-4fd3-bc5b-4ea2dbc3232f@group-CA654213E6F9-LeaderElection15] INFO  impl.LeaderElection (LeaderElection.java:askForVotes(334)) - c77e66e9-1cca-4fd3-bc5b-4ea2dbc3232f@group-CA654213E6F9-LeaderElection15 ELECTION round 0: result PASSED (term=1)
2025-05-14 02:53:39,370 [c77e66e9-1cca-4fd3-bc5b-4ea2dbc3232f@group-CA654213E6F9-LeaderElection15] INFO  impl.RoleInfo (RoleInfo.java:shutdownLeaderElection(141)) - c77e66e9-1cca-4fd3-bc5b-4ea2dbc3232f: shutdown c77e66e9-1cca-4fd3-bc5b-4ea2dbc3232f@group-CA654213E6F9-LeaderElection15
2025-05-14 02:53:39,370 [c77e66e9-1cca-4fd3-bc5b-4ea2dbc3232f@group-CA654213E6F9-LeaderElection15] INFO  server.RaftServer$Division (RaftServerImpl.java:setRole(378)) - c77e66e9-1cca-4fd3-bc5b-4ea2dbc3232f@group-CA654213E6F9: changes role from CANDIDATE to LEADER at term 1 for changeToLeader
2025-05-14 02:53:39,370 [c77e66e9-1cca-4fd3-bc5b-4ea2dbc3232f@group-CA654213E6F9-LeaderElection15] INFO  server.RaftServerConfigKeys (ConfUtils.java:logGet(46)) - raft.server.staging.catchup.gap = 1000 (default)
2025-05-14 02:53:39,370 [9d8a5836-bfca-4d37-9676-470807fcd29d-groupManagement] INFO  server.RaftServerConfigKeys (ConfUtils.java:logGet(46)) - raft.server.log.segment.cache.num.max = 2 (custom)
2025-05-14 02:53:39,371 [9d8a5836-bfca-4d37-9676-470807fcd29d-groupManagement] INFO  server.RaftServerConfigKeys (ConfUtils.java:logGet(46)) - raft.server.log.segment.cache.size.max = 200MB (=209715200) (default)
2025-05-14 02:53:39,371 [9d8a5836-bfca-4d37-9676-470807fcd29d-groupManagement] INFO  server.RaftServerConfigKeys (ConfUtils.java:logGet(46)) - raft.server.log.appender.buffer.byte-limit = 33554432 (custom)
2025-05-14 02:53:39,372 [9d8a5836-bfca-4d37-9676-470807fcd29d-groupManagement] INFO  util.AwaitToRun (AwaitToRun.java:start(81)) - Thread[#1447,9d8a5836-bfca-4d37-9676-470807fcd29d@group-BAB9A4CB0463-cacheEviction-AwaitToRun,5,main] started
2025-05-14 02:53:39,372 [9d8a5836-bfca-4d37-9676-470807fcd29d-groupManagement] INFO  segmented.SegmentedRaftLogWorker (SegmentedRaftLogWorker.java:<init>(188)) - new 9d8a5836-bfca-4d37-9676-470807fcd29d@group-BAB9A4CB0463-SegmentedRaftLogWorker for RaftStorageImpl:Storage Directory /home/runner/work/ozone/ozone/hadoop-ozone/integration-test/target/test-dir/MiniOzoneClusterImpl-af940217-b311-440f-8e09-352fdf66236b/ozone-meta/datanode-10/ratis/b03e8157-9214-41bf-b26a-bab9a4cb0463
2025-05-14 02:53:39,372 [9d8a5836-bfca-4d37-9676-470807fcd29d-groupManagement] INFO  server.RaftServerConfigKeys (ConfUtils.java:logGet(46)) - raft.server.log.queue.byte-limit = 4294967296 (custom)
2025-05-14 02:53:39,372 [9d8a5836-bfca-4d37-9676-470807fcd29d-groupManagement] INFO  server.RaftServerConfigKeys (ConfUtils.java:logGet(46)) - raft.server.log.queue.element-limit = 1024 (custom)
2025-05-14 02:53:39,373 [9d8a5836-bfca-4d37-9676-470807fcd29d-groupManagement] INFO  server.RaftServerConfigKeys (ConfUtils.java:logGet(46)) - raft.server.log.segment.size.max = 67108864 (custom)
2025-05-14 02:53:39,373 [9d8a5836-bfca-4d37-9676-470807fcd29d-groupManagement] INFO  server.RaftServerConfigKeys (ConfUtils.java:logGet(46)) - raft.server.log.preallocated.size = 4194304 (custom)
2025-05-14 02:53:39,373 [9d8a5836-bfca-4d37-9676-470807fcd29d-groupManagement] INFO  server.RaftServerConfigKeys (ConfUtils.java:logGet(46)) - raft.server.log.force.sync.num = 128 (default)
2025-05-14 02:53:39,373 [9d8a5836-bfca-4d37-9676-470807fcd29d-groupManagement] INFO  server.RaftServerConfigKeys (ConfUtils.java:logGet(46)) - raft.server.log.statemachine.data.sync = true (default)
2025-05-14 02:53:39,373 [9d8a5836-bfca-4d37-9676-470807fcd29d-groupManagement] INFO  server.RaftServerConfigKeys (ConfUtils.java:logGet(46)) - raft.server.log.statemachine.data.sync.timeout = 10s (default)
2025-05-14 02:53:39,373 [9d8a5836-bfca-4d37-9676-470807fcd29d-groupManagement] INFO  server.RaftServerConfigKeys (ConfUtils.java:logGet(46)) - raft.server.log.statemachine.data.sync.timeout.retry = 30 (custom)
2025-05-14 02:53:39,373 [c77e66e9-1cca-4fd3-bc5b-4ea2dbc3232f@group-CA654213E6F9-LeaderElection15] INFO  server.RaftServerConfigKeys (ConfUtils.java:logGet(46)) - raft.server.write.element-limit = 1024 (custom)
2025-05-14 02:53:39,373 [c77e66e9-1cca-4fd3-bc5b-4ea2dbc3232f@group-CA654213E6F9-LeaderElection15] INFO  server.RaftServerConfigKeys (ConfUtils.java:logGet(46)) - raft.server.write.byte-limit = 1024 M (=1073741824) (custom)
2025-05-14 02:53:39,373 [9d8a5836-bfca-4d37-9676-470807fcd29d-groupManagement] INFO  server.RaftServerConfigKeys (ConfUtils.java:logGet(46)) - raft.server.log.write.buffer.size = 33554440 (custom)
2025-05-14 02:53:39,373 [c77e66e9-1cca-4fd3-bc5b-4ea2dbc3232f@group-CA654213E6F9-LeaderElection15] INFO  server.RaftServerConfigKeys (ConfUtils.java:logGet(46)) - raft.server.watch.timeout = 10000ms (default)
2025-05-14 02:53:39,375 [c77e66e9-1cca-4fd3-bc5b-4ea2dbc3232f@group-CA654213E6F9-LeaderElection15] INFO  server.RaftServerConfigKeys (ConfUtils.java:logGet(46)) - raft.server.watch.timeout.denomination = 1s (default)
2025-05-14 02:53:39,375 [c77e66e9-1cca-4fd3-bc5b-4ea2dbc3232f@group-CA654213E6F9-LeaderElection15] INFO  server.RaftServerConfigKeys (ConfUtils.java:logGet(46)) - raft.server.watch.element-limit = 65536 (default)
2025-05-14 02:53:39,376 [c77e66e9-1cca-4fd3-bc5b-4ea2dbc3232f@group-CA654213E6F9-LeaderElection15] INFO  server.RaftServerConfigKeys (ConfUtils.java:logGet(46)) - raft.server.read.leader.lease.enabled = false (default)
2025-05-14 02:53:39,376 [c77e66e9-1cca-4fd3-bc5b-4ea2dbc3232f@group-CA654213E6F9-LeaderElection15] INFO  server.RaftServerConfigKeys (ConfUtils.java:logGet(46)) - raft.server.read.leader.lease.timeout.ratio = 0.9 (default)
2025-05-14 02:53:39,376 [c77e66e9-1cca-4fd3-bc5b-4ea2dbc3232f@group-CA654213E6F9-LeaderElection15] INFO  server.RaftServerConfigKeys (ConfUtils.java:logGet(46)) - raft.server.rpc.timeout.min = 5s (custom)
2025-05-14 02:53:39,376 [c77e66e9-1cca-4fd3-bc5b-4ea2dbc3232f@group-CA654213E6F9-LeaderElection15] INFO  server.RaftServerConfigKeys (ConfUtils.java:logGet(46)) - raft.server.log.log-metadata.enabled = true (default)
2025-05-14 02:53:39,376 [c77e66e9-1cca-4fd3-bc5b-4ea2dbc3232f@group-CA654213E6F9-LeaderElection15] INFO  server.RaftServerConfigKeys (ConfUtils.java:logGet(46)) - raft.server.write.element-limit = 1024 (custom)
2025-05-14 02:53:39,376 [c77e66e9-1cca-4fd3-bc5b-4ea2dbc3232f@group-CA654213E6F9-LeaderElection15] INFO  server.RaftServerConfigKeys (ConfUtils.java:logGet(46)) - raft.server.write.follower.gap.ratio.max = -1.0 (default)
2025-05-14 02:53:39,376 [c77e66e9-1cca-4fd3-bc5b-4ea2dbc3232f@group-CA654213E6F9-LeaderElection15] INFO  impl.RoleInfo (RoleInfo.java:updateAndGet(148)) - c77e66e9-1cca-4fd3-bc5b-4ea2dbc3232f: start c77e66e9-1cca-4fd3-bc5b-4ea2dbc3232f@group-CA654213E6F9-LeaderStateImpl
2025-05-14 02:53:39,376 [c77e66e9-1cca-4fd3-bc5b-4ea2dbc3232f@group-CA654213E6F9-LeaderElection15] INFO  server.RaftServer$Division (RaftServerImpl.java:setFirstElection(562)) - c77e66e9-1cca-4fd3-bc5b-4ea2dbc3232f@group-CA654213E6F9: set firstElectionSinceStartup to false for becomeLeader
2025-05-14 02:53:39,376 [c77e66e9-1cca-4fd3-bc5b-4ea2dbc3232f@group-CA654213E6F9-LeaderElection15] INFO  ratis.XceiverServerRatis (XceiverServerRatis.java:handleLeaderChangedNotification(944)) - Leader change notification received for group: group-CA654213E6F9 with new leaderId: c77e66e9-1cca-4fd3-bc5b-4ea2dbc3232f
2025-05-14 02:53:39,376 [c77e66e9-1cca-4fd3-bc5b-4ea2dbc3232f@group-CA654213E6F9-LeaderElection15] INFO  server.RaftServer$Division (ServerState.java:setLeader(272)) - c77e66e9-1cca-4fd3-bc5b-4ea2dbc3232f@group-CA654213E6F9: change Leader from null to c77e66e9-1cca-4fd3-bc5b-4ea2dbc3232f at term 1 for becomeLeader, leader elected after 1136ms
2025-05-14 02:53:39,378 [c77e66e9-1cca-4fd3-bc5b-4ea2dbc3232f@group-CA654213E6F9-LeaderElection15] INFO  segmented.SegmentedRaftLogWorker (SegmentedRaftLogWorker.java:startLogSegment(438)) - c77e66e9-1cca-4fd3-bc5b-4ea2dbc3232f@group-CA654213E6F9-SegmentedRaftLogWorker: Starting segment from index:0
2025-05-14 02:53:39,379 [c77e66e9-1cca-4fd3-bc5b-4ea2dbc3232f@group-CA654213E6F9-LeaderElection15] INFO  server.RaftServer$Division (ServerState.java:setRaftConf(386)) - c77e66e9-1cca-4fd3-bc5b-4ea2dbc3232f@group-CA654213E6F9: set configuration conf: {index: 0, cur=peers:[c77e66e9-1cca-4fd3-bc5b-4ea2dbc3232f|127.0.0.1:15055]|listeners:[], old=null}
2025-05-14 02:53:39,379 [c77e66e9-1cca-4fd3-bc5b-4ea2dbc3232f@group-CA654213E6F9-SegmentedRaftLogWorker] INFO  segmented.BufferedWriteChannel (BufferedWriteChannel.java:open(61)) - open log_inprogress_0 at position 0
2025-05-14 02:53:39,384 [9d8a5836-bfca-4d37-9676-470807fcd29d-groupManagement] INFO  server.RaftServerConfigKeys (ConfUtils.java:logGet(46)) - raft.server.log.appender.buffer.byte-limit = 33554432 (custom)
2025-05-14 02:53:39,385 [9d8a5836-bfca-4d37-9676-470807fcd29d-groupManagement] INFO  server.RaftServerConfigKeys (ConfUtils.java:logGet(46)) - raft.server.log.unsafe-flush.enabled = false (default)
2025-05-14 02:53:39,385 [9d8a5836-bfca-4d37-9676-470807fcd29d-groupManagement] INFO  server.RaftServerConfigKeys (ConfUtils.java:logGet(46)) - raft.server.log.async-flush.enabled = false (default)
2025-05-14 02:53:39,385 [9d8a5836-bfca-4d37-9676-470807fcd29d-groupManagement] INFO  server.RaftServerConfigKeys (ConfUtils.java:logGet(46)) - raft.server.log.statemachine.data.caching.enabled = true (custom)
2025-05-14 02:53:39,385 [9d8a5836-bfca-4d37-9676-470807fcd29d-groupManagement] INFO  segmented.SegmentedRaftLogWorker (SegmentedRaftLogWorker.java:lambda$new$0(139)) - 9d8a5836-bfca-4d37-9676-470807fcd29d@group-BAB9A4CB0463-SegmentedRaftLogWorker: flushIndex: setUnconditionally 0 -> -1
2025-05-14 02:53:39,385 [9d8a5836-bfca-4d37-9676-470807fcd29d-groupManagement] INFO  segmented.SegmentedRaftLogWorker (SegmentedRaftLogWorker.java:lambda$new$0(139)) - 9d8a5836-bfca-4d37-9676-470807fcd29d@group-BAB9A4CB0463-SegmentedRaftLogWorker: safeCacheEvictIndex: setUnconditionally 0 -> -1
2025-05-14 02:53:39,388 [9d8a5836-bfca-4d37-9676-470807fcd29d-groupManagement] INFO  server.RaftServer$Division (RaftServerImpl.java:start(391)) - 9d8a5836-bfca-4d37-9676-470807fcd29d@group-BAB9A4CB0463: start as a follower, conf=conf: {index: -1, cur=peers:[9d8a5836-bfca-4d37-9676-470807fcd29d|127.0.0.1:15087]|listeners:[], old=null}
2025-05-14 02:53:39,388 [9d8a5836-bfca-4d37-9676-470807fcd29d-groupManagement] INFO  server.RaftServer$Division (RaftServerImpl.java:setRole(378)) - 9d8a5836-bfca-4d37-9676-470807fcd29d@group-BAB9A4CB0463: changes role from      null to FOLLOWER at term 0 for startAsFollower
2025-05-14 02:53:39,389 [9d8a5836-bfca-4d37-9676-470807fcd29d-groupManagement] INFO  impl.RoleInfo (RoleInfo.java:updateAndGet(148)) - 9d8a5836-bfca-4d37-9676-470807fcd29d: start 9d8a5836-bfca-4d37-9676-470807fcd29d@group-BAB9A4CB0463-FollowerState
2025-05-14 02:53:39,390 [9d8a5836-bfca-4d37-9676-470807fcd29d-groupManagement] INFO  util.JmxRegister (JmxRegister.java:tryRegister(44)) - Successfully registered JMX Bean with object name Ratis:service=RaftServer,group=group-BAB9A4CB0463,id=9d8a5836-bfca-4d37-9676-470807fcd29d
2025-05-14 02:53:39,390 [9d8a5836-bfca-4d37-9676-470807fcd29d-groupManagement] INFO  util.JmxRegister (JmxRegister.java:register(58)) - register mxBean class org.apache.ratis.server.impl.RaftServerJmxAdapter as Ratis:service=RaftServer,group=group-BAB9A4CB0463,id=9d8a5836-bfca-4d37-9676-470807fcd29d
2025-05-14 02:53:39,390 [9d8a5836-bfca-4d37-9676-470807fcd29d-groupManagement] INFO  server.RaftServerConfigKeys (ConfUtils.java:logGet(46)) - raft.server.snapshot.trigger-when-stop.enabled = true (default)
2025-05-14 02:53:39,390 [9d8a5836-bfca-4d37-9676-470807fcd29d@group-BAB9A4CB0463-FollowerState] INFO  server.RaftServerConfigKeys (ConfUtils.java:logGet(46)) - raft.server.rpc.first-election.timeout.min = 1000ms (custom)
2025-05-14 02:53:39,391 [9d8a5836-bfca-4d37-9676-470807fcd29d@group-BAB9A4CB0463-FollowerState] INFO  server.RaftServerConfigKeys (ConfUtils.java:logGet(46)) - raft.server.rpc.first-election.timeout.max = 1200ms (custom)
2025-05-14 02:53:39,391 [9d8a5836-bfca-4d37-9676-470807fcd29d-groupManagement] INFO  server.RaftServerConfigKeys (ConfUtils.java:logGet(46)) - raft.server.snapshot.trigger-when-remove.enabled = true (default)
2025-05-14 02:53:39,392 [9d8a5836-bfca-4d37-9676-470807fcd29d-groupManagement] INFO  server.RaftServerConfigKeys (ConfUtils.java:logGet(46)) - raft.server.snapshot.auto.trigger.enabled = true (custom)
2025-05-14 02:53:39,392 [9d8a5836-bfca-4d37-9676-470807fcd29d-groupManagement] INFO  server.RaftServerConfigKeys (ConfUtils.java:logGet(46)) - raft.server.snapshot.auto.trigger.threshold = 1 (custom)
2025-05-14 02:53:39,392 [9d8a5836-bfca-4d37-9676-470807fcd29d-groupManagement] INFO  server.RaftServerConfigKeys (ConfUtils.java:logGet(46)) - raft.server.snapshot.retention.file.num = 5 (custom)
2025-05-14 02:53:39,393 [9d8a5836-bfca-4d37-9676-470807fcd29d-groupManagement] INFO  server.RaftServerConfigKeys (ConfUtils.java:logGet(46)) - raft.server.log.purge.upto.snapshot.index = false (default)
2025-05-14 02:53:39,395 [9d8a5836-bfca-4d37-9676-470807fcd29d-groupManagement] INFO  server.RaftServer$Division (RaftServerImpl.java:start(405)) - 9d8a5836-bfca-4d37-9676-470807fcd29d@group-BAB9A4CB0463: Successfully started.
2025-05-14 02:53:39,397 [9d8a5836-bfca-4d37-9676-470807fcd29d-PipelineCommandHandlerThread-0] INFO  ratis.XceiverServerRatis (XceiverServerRatis.java:addGroup(843)) - Created group PipelineID=b03e8157-9214-41bf-b26a-bab9a4cb0463
2025-05-14 02:53:39,397 [9d8a5836-bfca-4d37-9676-470807fcd29d-PipelineCommandHandlerThread-0] INFO  commandhandler.CreatePipelineCommandHandler (CreatePipelineCommandHandler.java:lambda$handle$2(128)) - Created Pipeline RATIS ONE PipelineID=b03e8157-9214-41bf-b26a-bab9a4cb0463.
2025-05-14 02:53:39,398 [c77e66e9-1cca-4fd3-bc5b-4ea2dbc3232f@group-CA654213E6F9-SegmentedRaftLogWorker] INFO  segmented.SegmentedRaftLogWorker (SegmentedRaftLogWorker.java:execute(644)) - c77e66e9-1cca-4fd3-bc5b-4ea2dbc3232f@group-CA654213E6F9-SegmentedRaftLogWorker: created new log segment /home/runner/work/ozone/ozone/hadoop-ozone/integration-test/target/test-dir/MiniOzoneClusterImpl-af940217-b311-440f-8e09-352fdf66236b/ozone-meta/datanode-6/ratis/d1819bd0-c34f-41f4-be2b-ca654213e6f9/current/log_inprogress_0
2025-05-14 02:53:39,401 [c77e66e9-1cca-4fd3-bc5b-4ea2dbc3232f@group-CA654213E6F9-StateMachineUpdater] INFO  server.RaftServer$Division (LeaderStateImpl.java:checkStartIndex(313)) - Leader c77e66e9-1cca-4fd3-bc5b-4ea2dbc3232f@group-CA654213E6F9-LeaderStateImpl is ready since appliedIndex == startIndex == 0
2025-05-14 02:53:39,402 [c77e66e9-1cca-4fd3-bc5b-4ea2dbc3232f@group-CA654213E6F9-StateMachineUpdater] INFO  ratis.ContainerStateMachine (ContainerStateMachine.java:takeSnapshot(427)) - group-CA654213E6F9: Taking a snapshot at:(t:1, i:0) file /home/runner/work/ozone/ozone/hadoop-ozone/integration-test/target/test-dir/MiniOzoneClusterImpl-af940217-b311-440f-8e09-352fdf66236b/ozone-meta/datanode-6/ratis/d1819bd0-c34f-41f4-be2b-ca654213e6f9/sm/snapshot.1_0
2025-05-14 02:53:39,402 [c77e66e9-1cca-4fd3-bc5b-4ea2dbc3232f@group-CA654213E6F9-StateMachineUpdater] INFO  ratis.ContainerStateMachine (ContainerStateMachine.java:takeSnapshot(436)) - group-CA654213E6F9: Finished taking a snapshot at:(t:1, i:0) file:/home/runner/work/ozone/ozone/hadoop-ozone/integration-test/target/test-dir/MiniOzoneClusterImpl-af940217-b311-440f-8e09-352fdf66236b/ozone-meta/datanode-6/ratis/d1819bd0-c34f-41f4-be2b-ca654213e6f9/sm/snapshot.1_0 took: 1 ms
2025-05-14 02:53:39,403 [c77e66e9-1cca-4fd3-bc5b-4ea2dbc3232f@group-CA654213E6F9-StateMachineUpdater] INFO  impl.StateMachineUpdater (StateMachineUpdater.java:takeSnapshot(303)) - c77e66e9-1cca-4fd3-bc5b-4ea2dbc3232f@group-CA654213E6F9-StateMachineUpdater: Took a snapshot at index 0
2025-05-14 02:53:39,406 [c77e66e9-1cca-4fd3-bc5b-4ea2dbc3232f@group-CA654213E6F9-StateMachineUpdater] INFO  impl.StateMachineUpdater (StateMachineUpdater.java:lambda$new$0(102)) - c77e66e9-1cca-4fd3-bc5b-4ea2dbc3232f@group-CA654213E6F9-StateMachineUpdater: snapshotIndex: updateIncreasingly -1 -> 0
2025-05-14 02:53:39,464 [IPC Server handler 0 on default port 15001] INFO  ha.SequenceIdGenerator (SequenceIdGenerator.java:getNextId(136)) - Allocate a batch for containerId, change lastId from 0 to 1000.
2025-05-14 02:53:39,475 [1edfeee1-83e1-4d34-a92c-2e00b570784e@group-352FDF66236B-StateMachineUpdater] WARN  ha.SequenceIdGenerator (SequenceIdGenerator.java:allocateBatch(249)) - Failed to allocate a batch for localId, expected lastId is 0, actual lastId is 115816896921600000.
2025-05-14 02:53:39,477 [IPC Server handler 0 on default port 15001] INFO  ha.SequenceIdGenerator (SequenceIdGenerator.java:getNextId(136)) - Allocate a batch for localId, change lastId from 115816896921600000 to 115816896921601000.
2025-05-14 02:53:39,532 [main] INFO  impl.MetricsSystemImpl (MetricsSystemImpl.java:init(158)) - XceiverClientMetrics metrics system started (again)
2025-05-14 02:53:39,763 [30ccf06d-ad3c-4fb0-87c5-f3e2916d12cb@group-9F6C3E39A650-StateMachineUpdater] INFO  ratis.ContainerStateMachine (ContainerStateMachine.java:takeSnapshot(427)) - group-9F6C3E39A650: Taking a snapshot at:(t:1, i:0) file /home/runner/work/ozone/ozone/hadoop-ozone/integration-test/target/test-dir/MiniOzoneClusterImpl-af940217-b311-440f-8e09-352fdf66236b/ozone-meta/datanode-2/ratis/babd74b3-e02d-4bf5-8eae-9f6c3e39a650/sm/snapshot.1_0
2025-05-14 02:53:39,769 [30ccf06d-ad3c-4fb0-87c5-f3e2916d12cb@group-9F6C3E39A650-StateMachineUpdater] INFO  ratis.ContainerStateMachine (ContainerStateMachine.java:takeSnapshot(436)) - group-9F6C3E39A650: Finished taking a snapshot at:(t:1, i:0) file:/home/runner/work/ozone/ozone/hadoop-ozone/integration-test/target/test-dir/MiniOzoneClusterImpl-af940217-b311-440f-8e09-352fdf66236b/ozone-meta/datanode-2/ratis/babd74b3-e02d-4bf5-8eae-9f6c3e39a650/sm/snapshot.1_0 took: 6 ms
2025-05-14 02:53:39,769 [f8181075-ae63-407a-b17c-78185f7d70dd@group-9F6C3E39A650-StateMachineUpdater] INFO  ratis.ContainerStateMachine (ContainerStateMachine.java:takeSnapshot(427)) - group-9F6C3E39A650: Taking a snapshot at:(t:1, i:0) file /home/runner/work/ozone/ozone/hadoop-ozone/integration-test/target/test-dir/MiniOzoneClusterImpl-af940217-b311-440f-8e09-352fdf66236b/ozone-meta/datanode-1/ratis/babd74b3-e02d-4bf5-8eae-9f6c3e39a650/sm/snapshot.1_0
2025-05-14 02:53:39,769 [30ccf06d-ad3c-4fb0-87c5-f3e2916d12cb@group-9F6C3E39A650-StateMachineUpdater] INFO  impl.StateMachineUpdater (StateMachineUpdater.java:takeSnapshot(303)) - 30ccf06d-ad3c-4fb0-87c5-f3e2916d12cb@group-9F6C3E39A650-StateMachineUpdater: Took a snapshot at index 0
2025-05-14 02:53:39,769 [30ccf06d-ad3c-4fb0-87c5-f3e2916d12cb@group-9F6C3E39A650-StateMachineUpdater] INFO  impl.StateMachineUpdater (StateMachineUpdater.java:lambda$new$0(102)) - 30ccf06d-ad3c-4fb0-87c5-f3e2916d12cb@group-9F6C3E39A650-StateMachineUpdater: snapshotIndex: updateIncreasingly -1 -> 0
2025-05-14 02:53:39,770 [f8181075-ae63-407a-b17c-78185f7d70dd@group-9F6C3E39A650-StateMachineUpdater] INFO  ratis.ContainerStateMachine (ContainerStateMachine.java:takeSnapshot(436)) - group-9F6C3E39A650: Finished taking a snapshot at:(t:1, i:0) file:/home/runner/work/ozone/ozone/hadoop-ozone/integration-test/target/test-dir/MiniOzoneClusterImpl-af940217-b311-440f-8e09-352fdf66236b/ozone-meta/datanode-1/ratis/babd74b3-e02d-4bf5-8eae-9f6c3e39a650/sm/snapshot.1_0 took: 2 ms
2025-05-14 02:53:39,771 [f8181075-ae63-407a-b17c-78185f7d70dd@group-9F6C3E39A650-StateMachineUpdater] INFO  impl.StateMachineUpdater (StateMachineUpdater.java:takeSnapshot(303)) - f8181075-ae63-407a-b17c-78185f7d70dd@group-9F6C3E39A650-StateMachineUpdater: Took a snapshot at index 0
2025-05-14 02:53:39,772 [f8181075-ae63-407a-b17c-78185f7d70dd@group-9F6C3E39A650-StateMachineUpdater] INFO  impl.StateMachineUpdater (StateMachineUpdater.java:lambda$new$0(102)) - f8181075-ae63-407a-b17c-78185f7d70dd@group-9F6C3E39A650-StateMachineUpdater: snapshotIndex: updateIncreasingly -1 -> 0
2025-05-14 02:53:39,790 [f8181075-ae63-407a-b17c-78185f7d70dd@group-9F6C3E39A650-StateMachineUpdater] INFO  ratis.ContainerStateMachine (ContainerStateMachine.java:takeSnapshot(427)) - group-9F6C3E39A650: Taking a snapshot at:(t:1, i:1) file /home/runner/work/ozone/ozone/hadoop-ozone/integration-test/target/test-dir/MiniOzoneClusterImpl-af940217-b311-440f-8e09-352fdf66236b/ozone-meta/datanode-1/ratis/babd74b3-e02d-4bf5-8eae-9f6c3e39a650/sm/snapshot.1_1
2025-05-14 02:53:39,791 [f8181075-ae63-407a-b17c-78185f7d70dd@group-9F6C3E39A650-StateMachineUpdater] INFO  ratis.ContainerStateMachine (ContainerStateMachine.java:takeSnapshot(436)) - group-9F6C3E39A650: Finished taking a snapshot at:(t:1, i:1) file:/home/runner/work/ozone/ozone/hadoop-ozone/integration-test/target/test-dir/MiniOzoneClusterImpl-af940217-b311-440f-8e09-352fdf66236b/ozone-meta/datanode-1/ratis/babd74b3-e02d-4bf5-8eae-9f6c3e39a650/sm/snapshot.1_1 took: 1 ms
2025-05-14 02:53:39,792 [f8181075-ae63-407a-b17c-78185f7d70dd@group-9F6C3E39A650-StateMachineUpdater] INFO  impl.StateMachineUpdater (StateMachineUpdater.java:takeSnapshot(303)) - f8181075-ae63-407a-b17c-78185f7d70dd@group-9F6C3E39A650-StateMachineUpdater: Took a snapshot at index 1
2025-05-14 02:53:39,792 [f8181075-ae63-407a-b17c-78185f7d70dd@group-9F6C3E39A650-StateMachineUpdater] INFO  impl.StateMachineUpdater (StateMachineUpdater.java:lambda$new$0(102)) - f8181075-ae63-407a-b17c-78185f7d70dd@group-9F6C3E39A650-StateMachineUpdater: snapshotIndex: updateIncreasingly 0 -> 1
2025-05-14 02:53:39,866 [8e51993b-4f71-45b0-84f2-cf37ffbd2099@group-AFF22C375116-FollowerState] INFO  impl.FollowerState (FollowerState.java:runImpl(161)) - 8e51993b-4f71-45b0-84f2-cf37ffbd2099@group-AFF22C375116-FollowerState: change to CANDIDATE, lastRpcElapsedTime:1069797263ns, electionTimeout:1069ms
2025-05-14 02:53:39,866 [8e51993b-4f71-45b0-84f2-cf37ffbd2099@group-AFF22C375116-FollowerState] INFO  impl.RoleInfo (RoleInfo.java:shutdownFollowerState(121)) - 8e51993b-4f71-45b0-84f2-cf37ffbd2099: shutdown 8e51993b-4f71-45b0-84f2-cf37ffbd2099@group-AFF22C375116-FollowerState
2025-05-14 02:53:39,866 [8e51993b-4f71-45b0-84f2-cf37ffbd2099@group-AFF22C375116-FollowerState] INFO  server.RaftServer$Division (RaftServerImpl.java:setRole(378)) - 8e51993b-4f71-45b0-84f2-cf37ffbd2099@group-AFF22C375116: changes role from  FOLLOWER to CANDIDATE at term 0 for changeToCandidate
2025-05-14 02:53:39,866 [8e51993b-4f71-45b0-84f2-cf37ffbd2099@group-AFF22C375116-FollowerState] INFO  server.RaftServerConfigKeys (ConfUtils.java:logGet(46)) - raft.server.leaderelection.pre-vote = true (default)
2025-05-14 02:53:39,866 [8e51993b-4f71-45b0-84f2-cf37ffbd2099@group-AFF22C375116-FollowerState] INFO  impl.RoleInfo (RoleInfo.java:updateAndGet(148)) - 8e51993b-4f71-45b0-84f2-cf37ffbd2099: start 8e51993b-4f71-45b0-84f2-cf37ffbd2099@group-AFF22C375116-LeaderElection16
2025-05-14 02:53:39,867 [8e51993b-4f71-45b0-84f2-cf37ffbd2099@group-AFF22C375116-LeaderElection16] INFO  impl.LeaderElection (LeaderElection.java:askForVotes(332)) - 8e51993b-4f71-45b0-84f2-cf37ffbd2099@group-AFF22C375116-LeaderElection16 PRE_VOTE round 0: submit vote requests at term 0 for conf: {index: -1, cur=peers:[f4f68937-1ce3-42e1-b3e7-547ae2d23d85|127.0.0.1:15063, 6338fc9c-a704-4fa0-9c76-ba0cbc116aba|127.0.0.1:15079, 8e51993b-4f71-45b0-84f2-cf37ffbd2099|127.0.0.1:15071]|listeners:[], old=null}
2025-05-14 02:53:39,867 [8e51993b-4f71-45b0-84f2-cf37ffbd2099@group-AFF22C375116-LeaderElection16-1] INFO  server.GrpcServerProtocolClient (GrpcServerProtocolClient.java:<init>(65)) - Build channel for f4f68937-1ce3-42e1-b3e7-547ae2d23d85|127.0.0.1:15063
2025-05-14 02:53:39,867 [8e51993b-4f71-45b0-84f2-cf37ffbd2099@group-AFF22C375116-LeaderElection16] INFO  server.RaftServerConfigKeys (ConfUtils.java:logGet(46)) - raft.server.rpc.first-election.timeout.min = 1000ms (custom)
2025-05-14 02:53:39,868 [8e51993b-4f71-45b0-84f2-cf37ffbd2099@group-AFF22C375116-LeaderElection16] INFO  server.RaftServerConfigKeys (ConfUtils.java:logGet(46)) - raft.server.rpc.first-election.timeout.max = 1200ms (custom)
2025-05-14 02:53:39,868 [8e51993b-4f71-45b0-84f2-cf37ffbd2099@group-AFF22C375116-LeaderElection16-2] INFO  server.GrpcServerProtocolClient (GrpcServerProtocolClient.java:<init>(65)) - Build channel for 6338fc9c-a704-4fa0-9c76-ba0cbc116aba|127.0.0.1:15079
2025-05-14 02:53:39,873 [grpc-default-executor-1] INFO  server.RaftServer$Division (RaftServerImpl.java:requestVote(1407)) - 6338fc9c-a704-4fa0-9c76-ba0cbc116aba@group-AFF22C375116: receive requestVote(PRE_VOTE, 8e51993b-4f71-45b0-84f2-cf37ffbd2099, group-AFF22C375116, 0, (t:0, i:0))
2025-05-14 02:53:39,873 [grpc-default-executor-1] INFO  impl.VoteContext (VoteContext.java:log(49)) - 6338fc9c-a704-4fa0-9c76-ba0cbc116aba@group-AFF22C375116-FOLLOWER: reject PRE_VOTE from 8e51993b-4f71-45b0-84f2-cf37ffbd2099: our priority 1 > candidate's priority 0
2025-05-14 02:53:39,873 [grpc-default-executor-1] INFO  server.RaftServer$Division (RaftServerImpl.java:requestVote(1441)) - 6338fc9c-a704-4fa0-9c76-ba0cbc116aba@group-AFF22C375116 replies to PRE_VOTE vote request: 8e51993b-4f71-45b0-84f2-cf37ffbd2099<-6338fc9c-a704-4fa0-9c76-ba0cbc116aba#0:FAIL-t0. Peer's state: 6338fc9c-a704-4fa0-9c76-ba0cbc116aba@group-AFF22C375116:t0, leader=null, voted=, raftlog=Memoized:6338fc9c-a704-4fa0-9c76-ba0cbc116aba@group-AFF22C375116-SegmentedRaftLog:OPENED:c-1:lastnull, conf=conf: {index: -1, cur=peers:[f4f68937-1ce3-42e1-b3e7-547ae2d23d85|127.0.0.1:15063, 6338fc9c-a704-4fa0-9c76-ba0cbc116aba|127.0.0.1:15079, 8e51993b-4f71-45b0-84f2-cf37ffbd2099|127.0.0.1:15071]|listeners:[], old=null}
2025-05-14 02:53:39,874 [grpc-default-executor-3] INFO  server.RaftServer$Division (RaftServerImpl.java:requestVote(1407)) - f4f68937-1ce3-42e1-b3e7-547ae2d23d85@group-AFF22C375116: receive requestVote(PRE_VOTE, 8e51993b-4f71-45b0-84f2-cf37ffbd2099, group-AFF22C375116, 0, (t:0, i:0))
2025-05-14 02:53:39,874 [grpc-default-executor-3] INFO  impl.VoteContext (VoteContext.java:log(49)) - f4f68937-1ce3-42e1-b3e7-547ae2d23d85@group-AFF22C375116-FOLLOWER: accept PRE_VOTE from 8e51993b-4f71-45b0-84f2-cf37ffbd2099: our priority 0 <= candidate's priority 0
2025-05-14 02:53:39,874 [grpc-default-executor-3] INFO  server.RaftServer$Division (RaftServerImpl.java:requestVote(1441)) - f4f68937-1ce3-42e1-b3e7-547ae2d23d85@group-AFF22C375116 replies to PRE_VOTE vote request: 8e51993b-4f71-45b0-84f2-cf37ffbd2099<-f4f68937-1ce3-42e1-b3e7-547ae2d23d85#0:OK-t0. Peer's state: f4f68937-1ce3-42e1-b3e7-547ae2d23d85@group-AFF22C375116:t0, leader=null, voted=, raftlog=Memoized:f4f68937-1ce3-42e1-b3e7-547ae2d23d85@group-AFF22C375116-SegmentedRaftLog:OPENED:c-1:lastnull, conf=conf: {index: -1, cur=peers:[f4f68937-1ce3-42e1-b3e7-547ae2d23d85|127.0.0.1:15063, 6338fc9c-a704-4fa0-9c76-ba0cbc116aba|127.0.0.1:15079, 8e51993b-4f71-45b0-84f2-cf37ffbd2099|127.0.0.1:15071]|listeners:[], old=null}
2025-05-14 02:53:39,874 [8e51993b-4f71-45b0-84f2-cf37ffbd2099@group-AFF22C375116-LeaderElection16] INFO  impl.LeaderElection (LeaderElection.java:logAndReturn(90)) - 8e51993b-4f71-45b0-84f2-cf37ffbd2099@group-AFF22C375116-LeaderElection16: PRE_VOTE REJECTED received 1 response(s) and 0 exception(s):
2025-05-14 02:53:39,875 [8e51993b-4f71-45b0-84f2-cf37ffbd2099@group-AFF22C375116-LeaderElection16] INFO  impl.LeaderElection (LeaderElection.java:logAndReturn(94)) -   Response 0: 8e51993b-4f71-45b0-84f2-cf37ffbd2099<-6338fc9c-a704-4fa0-9c76-ba0cbc116aba#0:FAIL-t0
2025-05-14 02:53:39,875 [8e51993b-4f71-45b0-84f2-cf37ffbd2099@group-AFF22C375116-LeaderElection16] INFO  impl.LeaderElection (LeaderElection.java:askForVotes(334)) - 8e51993b-4f71-45b0-84f2-cf37ffbd2099@group-AFF22C375116-LeaderElection16 PRE_VOTE round 0: result REJECTED
2025-05-14 02:53:39,875 [8e51993b-4f71-45b0-84f2-cf37ffbd2099@group-AFF22C375116-LeaderElection16] INFO  server.RaftServer$Division (RaftServerImpl.java:setRole(378)) - 8e51993b-4f71-45b0-84f2-cf37ffbd2099@group-AFF22C375116: changes role from CANDIDATE to FOLLOWER at term 0 for REJECTED
2025-05-14 02:53:39,875 [8e51993b-4f71-45b0-84f2-cf37ffbd2099@group-AFF22C375116-LeaderElection16] INFO  impl.RoleInfo (RoleInfo.java:shutdownLeaderElection(141)) - 8e51993b-4f71-45b0-84f2-cf37ffbd2099: shutdown 8e51993b-4f71-45b0-84f2-cf37ffbd2099@group-AFF22C375116-LeaderElection16
2025-05-14 02:53:39,875 [8e51993b-4f71-45b0-84f2-cf37ffbd2099@group-AFF22C375116-LeaderElection16] INFO  impl.RoleInfo (RoleInfo.java:updateAndGet(148)) - 8e51993b-4f71-45b0-84f2-cf37ffbd2099: start 8e51993b-4f71-45b0-84f2-cf37ffbd2099@group-AFF22C375116-FollowerState
2025-05-14 02:53:39,876 [8e51993b-4f71-45b0-84f2-cf37ffbd2099@group-AFF22C375116-LeaderElection16] INFO  server.RaftServer$Division (RaftServerImpl.java:setFirstElection(562)) - 8e51993b-4f71-45b0-84f2-cf37ffbd2099@group-AFF22C375116: set firstElectionSinceStartup to false for REJECTED
2025-05-14 02:53:39,879 [f4f68937-1ce3-42e1-b3e7-547ae2d23d85@group-1E88BD5F7B15-FollowerState] INFO  impl.FollowerState (FollowerState.java:runImpl(161)) - f4f68937-1ce3-42e1-b3e7-547ae2d23d85@group-1E88BD5F7B15-FollowerState: change to CANDIDATE, lastRpcElapsedTime:1200266922ns, electionTimeout:1199ms
2025-05-14 02:53:39,879 [f4f68937-1ce3-42e1-b3e7-547ae2d23d85@group-1E88BD5F7B15-FollowerState] INFO  impl.RoleInfo (RoleInfo.java:shutdownFollowerState(121)) - f4f68937-1ce3-42e1-b3e7-547ae2d23d85: shutdown f4f68937-1ce3-42e1-b3e7-547ae2d23d85@group-1E88BD5F7B15-FollowerState
2025-05-14 02:53:39,879 [f4f68937-1ce3-42e1-b3e7-547ae2d23d85@group-1E88BD5F7B15-FollowerState] INFO  server.RaftServer$Division (RaftServerImpl.java:setRole(378)) - f4f68937-1ce3-42e1-b3e7-547ae2d23d85@group-1E88BD5F7B15: changes role from  FOLLOWER to CANDIDATE at term 0 for changeToCandidate
2025-05-14 02:53:39,879 [f4f68937-1ce3-42e1-b3e7-547ae2d23d85@group-1E88BD5F7B15-FollowerState] INFO  server.RaftServerConfigKeys (ConfUtils.java:logGet(46)) - raft.server.leaderelection.pre-vote = true (default)
2025-05-14 02:53:39,879 [f4f68937-1ce3-42e1-b3e7-547ae2d23d85@group-1E88BD5F7B15-FollowerState] INFO  impl.RoleInfo (RoleInfo.java:updateAndGet(148)) - f4f68937-1ce3-42e1-b3e7-547ae2d23d85: start f4f68937-1ce3-42e1-b3e7-547ae2d23d85@group-1E88BD5F7B15-LeaderElection17
2025-05-14 02:53:39,880 [f4f68937-1ce3-42e1-b3e7-547ae2d23d85@group-1E88BD5F7B15-LeaderElection17] INFO  impl.LeaderElection (LeaderElection.java:askForVotes(332)) - f4f68937-1ce3-42e1-b3e7-547ae2d23d85@group-1E88BD5F7B15-LeaderElection17 PRE_VOTE round 0: submit vote requests at term 0 for conf: {index: -1, cur=peers:[f4f68937-1ce3-42e1-b3e7-547ae2d23d85|127.0.0.1:15063]|listeners:[], old=null}
2025-05-14 02:53:39,880 [f4f68937-1ce3-42e1-b3e7-547ae2d23d85@group-1E88BD5F7B15-LeaderElection17] INFO  impl.LeaderElection (LeaderElection.java:askForVotes(334)) - f4f68937-1ce3-42e1-b3e7-547ae2d23d85@group-1E88BD5F7B15-LeaderElection17 PRE_VOTE round 0: result PASSED (term=0)
2025-05-14 02:53:39,881 [f4f68937-1ce3-42e1-b3e7-547ae2d23d85@group-1E88BD5F7B15-LeaderElection17] INFO  impl.LeaderElection (LeaderElection.java:askForVotes(332)) - f4f68937-1ce3-42e1-b3e7-547ae2d23d85@group-1E88BD5F7B15-LeaderElection17 ELECTION round 0: submit vote requests at term 1 for conf: {index: -1, cur=peers:[f4f68937-1ce3-42e1-b3e7-547ae2d23d85|127.0.0.1:15063]|listeners:[], old=null}
2025-05-14 02:53:39,881 [f4f68937-1ce3-42e1-b3e7-547ae2d23d85@group-1E88BD5F7B15-LeaderElection17] INFO  impl.LeaderElection (LeaderElection.java:askForVotes(334)) - f4f68937-1ce3-42e1-b3e7-547ae2d23d85@group-1E88BD5F7B15-LeaderElection17 ELECTION round 0: result PASSED (term=1)
2025-05-14 02:53:39,881 [f4f68937-1ce3-42e1-b3e7-547ae2d23d85@group-1E88BD5F7B15-LeaderElection17] INFO  impl.RoleInfo (RoleInfo.java:shutdownLeaderElection(141)) - f4f68937-1ce3-42e1-b3e7-547ae2d23d85: shutdown f4f68937-1ce3-42e1-b3e7-547ae2d23d85@group-1E88BD5F7B15-LeaderElection17
2025-05-14 02:53:39,881 [f4f68937-1ce3-42e1-b3e7-547ae2d23d85@group-1E88BD5F7B15-LeaderElection17] INFO  server.RaftServer$Division (RaftServerImpl.java:setRole(378)) - f4f68937-1ce3-42e1-b3e7-547ae2d23d85@group-1E88BD5F7B15: changes role from CANDIDATE to LEADER at term 1 for changeToLeader
2025-05-14 02:53:39,881 [f4f68937-1ce3-42e1-b3e7-547ae2d23d85@group-1E88BD5F7B15-LeaderElection17] INFO  server.RaftServerConfigKeys (ConfUtils.java:logGet(46)) - raft.server.staging.catchup.gap = 1000 (default)
2025-05-14 02:53:39,881 [f4f68937-1ce3-42e1-b3e7-547ae2d23d85@group-1E88BD5F7B15-LeaderElection17] INFO  server.RaftServerConfigKeys (ConfUtils.java:logGet(46)) - raft.server.write.element-limit = 1024 (custom)
2025-05-14 02:53:39,882 [f4f68937-1ce3-42e1-b3e7-547ae2d23d85@group-1E88BD5F7B15-LeaderElection17] INFO  server.RaftServerConfigKeys (ConfUtils.java:logGet(46)) - raft.server.write.byte-limit = 1024 M (=1073741824) (custom)
2025-05-14 02:53:39,882 [f4f68937-1ce3-42e1-b3e7-547ae2d23d85@group-1E88BD5F7B15-LeaderElection17] INFO  server.RaftServerConfigKeys (ConfUtils.java:logGet(46)) - raft.server.watch.timeout = 10000ms (default)
2025-05-14 02:53:39,882 [f4f68937-1ce3-42e1-b3e7-547ae2d23d85@group-1E88BD5F7B15-LeaderElection17] INFO  server.RaftServerConfigKeys (ConfUtils.java:logGet(46)) - raft.server.watch.timeout.denomination = 1s (default)
2025-05-14 02:53:39,882 [f4f68937-1ce3-42e1-b3e7-547ae2d23d85@group-1E88BD5F7B15-LeaderElection17] INFO  server.RaftServerConfigKeys (ConfUtils.java:logGet(46)) - raft.server.watch.element-limit = 65536 (default)
2025-05-14 02:53:39,882 [f4f68937-1ce3-42e1-b3e7-547ae2d23d85@group-1E88BD5F7B15-LeaderElection17] INFO  server.RaftServerConfigKeys (ConfUtils.java:logGet(46)) - raft.server.read.leader.lease.enabled = false (default)
2025-05-14 02:53:39,882 [f4f68937-1ce3-42e1-b3e7-547ae2d23d85@group-1E88BD5F7B15-LeaderElection17] INFO  server.RaftServerConfigKeys (ConfUtils.java:logGet(46)) - raft.server.read.leader.lease.timeout.ratio = 0.9 (default)
2025-05-14 02:53:39,883 [f4f68937-1ce3-42e1-b3e7-547ae2d23d85@group-1E88BD5F7B15-LeaderElection17] INFO  server.RaftServerConfigKeys (ConfUtils.java:logGet(46)) - raft.server.rpc.timeout.min = 5s (custom)
2025-05-14 02:53:39,883 [f4f68937-1ce3-42e1-b3e7-547ae2d23d85@group-1E88BD5F7B15-LeaderElection17] INFO  server.RaftServerConfigKeys (ConfUtils.java:logGet(46)) - raft.server.log.log-metadata.enabled = true (default)
2025-05-14 02:53:39,883 [f4f68937-1ce3-42e1-b3e7-547ae2d23d85@group-1E88BD5F7B15-LeaderElection17] INFO  server.RaftServerConfigKeys (ConfUtils.java:logGet(46)) - raft.server.write.element-limit = 1024 (custom)
2025-05-14 02:53:39,883 [f4f68937-1ce3-42e1-b3e7-547ae2d23d85@group-1E88BD5F7B15-LeaderElection17] INFO  server.RaftServerConfigKeys (ConfUtils.java:logGet(46)) - raft.server.write.follower.gap.ratio.max = -1.0 (default)
2025-05-14 02:53:39,883 [f4f68937-1ce3-42e1-b3e7-547ae2d23d85@group-1E88BD5F7B15-LeaderElection17] INFO  impl.RoleInfo (RoleInfo.java:updateAndGet(148)) - f4f68937-1ce3-42e1-b3e7-547ae2d23d85: start f4f68937-1ce3-42e1-b3e7-547ae2d23d85@group-1E88BD5F7B15-LeaderStateImpl
2025-05-14 02:53:39,883 [f4f68937-1ce3-42e1-b3e7-547ae2d23d85@group-1E88BD5F7B15-LeaderElection17] INFO  server.RaftServer$Division (RaftServerImpl.java:setFirstElection(562)) - f4f68937-1ce3-42e1-b3e7-547ae2d23d85@group-1E88BD5F7B15: set firstElectionSinceStartup to false for becomeLeader
2025-05-14 02:53:39,883 [f4f68937-1ce3-42e1-b3e7-547ae2d23d85@group-1E88BD5F7B15-LeaderElection17] INFO  ratis.XceiverServerRatis (XceiverServerRatis.java:handleLeaderChangedNotification(944)) - Leader change notification received for group: group-1E88BD5F7B15 with new leaderId: f4f68937-1ce3-42e1-b3e7-547ae2d23d85
2025-05-14 02:53:39,883 [f4f68937-1ce3-42e1-b3e7-547ae2d23d85@group-1E88BD5F7B15-LeaderElection17] INFO  server.RaftServer$Division (ServerState.java:setLeader(272)) - f4f68937-1ce3-42e1-b3e7-547ae2d23d85@group-1E88BD5F7B15: change Leader from null to f4f68937-1ce3-42e1-b3e7-547ae2d23d85 at term 1 for becomeLeader, leader elected after 1237ms
2025-05-14 02:53:39,883 [f4f68937-1ce3-42e1-b3e7-547ae2d23d85@group-1E88BD5F7B15-LeaderElection17] INFO  segmented.SegmentedRaftLogWorker (SegmentedRaftLogWorker.java:startLogSegment(438)) - f4f68937-1ce3-42e1-b3e7-547ae2d23d85@group-1E88BD5F7B15-SegmentedRaftLogWorker: Starting segment from index:0
2025-05-14 02:53:39,884 [f4f68937-1ce3-42e1-b3e7-547ae2d23d85@group-1E88BD5F7B15-SegmentedRaftLogWorker] INFO  segmented.BufferedWriteChannel (BufferedWriteChannel.java:open(61)) - open log_inprogress_0 at position 0
2025-05-14 02:53:39,884 [f4f68937-1ce3-42e1-b3e7-547ae2d23d85@group-1E88BD5F7B15-LeaderElection17] INFO  server.RaftServer$Division (ServerState.java:setRaftConf(386)) - f4f68937-1ce3-42e1-b3e7-547ae2d23d85@group-1E88BD5F7B15: set configuration conf: {index: 0, cur=peers:[f4f68937-1ce3-42e1-b3e7-547ae2d23d85|127.0.0.1:15063]|listeners:[], old=null}
2025-05-14 02:53:39,886 [f4f68937-1ce3-42e1-b3e7-547ae2d23d85@group-AFF22C375116-FollowerState] INFO  server.RaftServerConfigKeys (ConfUtils.java:logGet(46)) - raft.server.rpc.first-election.timeout.min = 1000ms (custom)
2025-05-14 02:53:39,886 [f4f68937-1ce3-42e1-b3e7-547ae2d23d85@group-AFF22C375116-FollowerState] INFO  server.RaftServerConfigKeys (ConfUtils.java:logGet(46)) - raft.server.rpc.first-election.timeout.max = 1200ms (custom)
2025-05-14 02:53:39,894 [f4f68937-1ce3-42e1-b3e7-547ae2d23d85@group-1E88BD5F7B15-SegmentedRaftLogWorker] INFO  segmented.SegmentedRaftLogWorker (SegmentedRaftLogWorker.java:execute(644)) - f4f68937-1ce3-42e1-b3e7-547ae2d23d85@group-1E88BD5F7B15-SegmentedRaftLogWorker: created new log segment /home/runner/work/ozone/ozone/hadoop-ozone/integration-test/target/test-dir/MiniOzoneClusterImpl-af940217-b311-440f-8e09-352fdf66236b/ozone-meta/datanode-7/ratis/8f0e4438-b77b-4b03-8cb4-1e88bd5f7b15/current/log_inprogress_0
2025-05-14 02:53:39,895 [f4f68937-1ce3-42e1-b3e7-547ae2d23d85@group-1E88BD5F7B15-StateMachineUpdater] INFO  server.RaftServer$Division (LeaderStateImpl.java:checkStartIndex(313)) - Leader f4f68937-1ce3-42e1-b3e7-547ae2d23d85@group-1E88BD5F7B15-LeaderStateImpl is ready since appliedIndex == startIndex == 0
2025-05-14 02:53:39,896 [f4f68937-1ce3-42e1-b3e7-547ae2d23d85@group-1E88BD5F7B15-StateMachineUpdater] INFO  ratis.ContainerStateMachine (ContainerStateMachine.java:takeSnapshot(427)) - group-1E88BD5F7B15: Taking a snapshot at:(t:1, i:0) file /home/runner/work/ozone/ozone/hadoop-ozone/integration-test/target/test-dir/MiniOzoneClusterImpl-af940217-b311-440f-8e09-352fdf66236b/ozone-meta/datanode-7/ratis/8f0e4438-b77b-4b03-8cb4-1e88bd5f7b15/sm/snapshot.1_0
2025-05-14 02:53:39,896 [f4f68937-1ce3-42e1-b3e7-547ae2d23d85@group-1E88BD5F7B15-StateMachineUpdater] INFO  ratis.ContainerStateMachine (ContainerStateMachine.java:takeSnapshot(436)) - group-1E88BD5F7B15: Finished taking a snapshot at:(t:1, i:0) file:/home/runner/work/ozone/ozone/hadoop-ozone/integration-test/target/test-dir/MiniOzoneClusterImpl-af940217-b311-440f-8e09-352fdf66236b/ozone-meta/datanode-7/ratis/8f0e4438-b77b-4b03-8cb4-1e88bd5f7b15/sm/snapshot.1_0 took: 0 ms
2025-05-14 02:53:39,896 [f4f68937-1ce3-42e1-b3e7-547ae2d23d85@group-1E88BD5F7B15-StateMachineUpdater] INFO  impl.StateMachineUpdater (StateMachineUpdater.java:takeSnapshot(303)) - f4f68937-1ce3-42e1-b3e7-547ae2d23d85@group-1E88BD5F7B15-StateMachineUpdater: Took a snapshot at index 0
2025-05-14 02:53:39,897 [f4f68937-1ce3-42e1-b3e7-547ae2d23d85@group-1E88BD5F7B15-StateMachineUpdater] INFO  impl.StateMachineUpdater (StateMachineUpdater.java:lambda$new$0(102)) - f4f68937-1ce3-42e1-b3e7-547ae2d23d85@group-1E88BD5F7B15-StateMachineUpdater: snapshotIndex: updateIncreasingly -1 -> 0
2025-05-14 02:53:39,907 [f4f68937-1ce3-42e1-b3e7-547ae2d23d85@group-D626A51ED105-FollowerState] INFO  impl.FollowerState (FollowerState.java:runImpl(161)) - f4f68937-1ce3-42e1-b3e7-547ae2d23d85@group-D626A51ED105-FollowerState: change to CANDIDATE, lastRpcElapsedTime:1041313601ns, electionTimeout:1039ms
2025-05-14 02:53:39,907 [f4f68937-1ce3-42e1-b3e7-547ae2d23d85@group-D626A51ED105-FollowerState] INFO  impl.RoleInfo (RoleInfo.java:shutdownFollowerState(121)) - f4f68937-1ce3-42e1-b3e7-547ae2d23d85: shutdown f4f68937-1ce3-42e1-b3e7-547ae2d23d85@group-D626A51ED105-FollowerState
2025-05-14 02:53:39,907 [f4f68937-1ce3-42e1-b3e7-547ae2d23d85@group-D626A51ED105-FollowerState] INFO  server.RaftServer$Division (RaftServerImpl.java:setRole(378)) - f4f68937-1ce3-42e1-b3e7-547ae2d23d85@group-D626A51ED105: changes role from  FOLLOWER to CANDIDATE at term 0 for changeToCandidate
2025-05-14 02:53:39,908 [f4f68937-1ce3-42e1-b3e7-547ae2d23d85@group-D626A51ED105-FollowerState] INFO  server.RaftServerConfigKeys (ConfUtils.java:logGet(46)) - raft.server.leaderelection.pre-vote = true (default)
2025-05-14 02:53:39,908 [f4f68937-1ce3-42e1-b3e7-547ae2d23d85@group-D626A51ED105-FollowerState] INFO  impl.RoleInfo (RoleInfo.java:updateAndGet(148)) - f4f68937-1ce3-42e1-b3e7-547ae2d23d85: start f4f68937-1ce3-42e1-b3e7-547ae2d23d85@group-D626A51ED105-LeaderElection18
2025-05-14 02:53:39,908 [f4f68937-1ce3-42e1-b3e7-547ae2d23d85@group-D626A51ED105-LeaderElection18] INFO  impl.LeaderElection (LeaderElection.java:askForVotes(332)) - f4f68937-1ce3-42e1-b3e7-547ae2d23d85@group-D626A51ED105-LeaderElection18 PRE_VOTE round 0: submit vote requests at term 0 for conf: {index: -1, cur=peers:[f4f68937-1ce3-42e1-b3e7-547ae2d23d85|127.0.0.1:15063, 6338fc9c-a704-4fa0-9c76-ba0cbc116aba|127.0.0.1:15079, 8e51993b-4f71-45b0-84f2-cf37ffbd2099|127.0.0.1:15071]|listeners:[], old=null}
2025-05-14 02:53:39,909 [f4f68937-1ce3-42e1-b3e7-547ae2d23d85@group-D626A51ED105-LeaderElection18-1] INFO  server.GrpcServerProtocolClient (GrpcServerProtocolClient.java:<init>(65)) - Build channel for 6338fc9c-a704-4fa0-9c76-ba0cbc116aba|127.0.0.1:15079
2025-05-14 02:53:39,910 [f4f68937-1ce3-42e1-b3e7-547ae2d23d85@group-D626A51ED105-LeaderElection18] INFO  server.RaftServerConfigKeys (ConfUtils.java:logGet(46)) - raft.server.rpc.first-election.timeout.min = 1000ms (custom)
2025-05-14 02:53:39,910 [f4f68937-1ce3-42e1-b3e7-547ae2d23d85@group-D626A51ED105-LeaderElection18] INFO  server.RaftServerConfigKeys (ConfUtils.java:logGet(46)) - raft.server.rpc.first-election.timeout.max = 1200ms (custom)
2025-05-14 02:53:39,910 [f4f68937-1ce3-42e1-b3e7-547ae2d23d85@group-D626A51ED105-LeaderElection18-2] INFO  server.GrpcServerProtocolClient (GrpcServerProtocolClient.java:<init>(65)) - Build channel for 8e51993b-4f71-45b0-84f2-cf37ffbd2099|127.0.0.1:15071
2025-05-14 02:53:39,916 [grpc-default-executor-1] INFO  server.RaftServer$Division (RaftServerImpl.java:requestVote(1407)) - 8e51993b-4f71-45b0-84f2-cf37ffbd2099@group-D626A51ED105: receive requestVote(PRE_VOTE, f4f68937-1ce3-42e1-b3e7-547ae2d23d85, group-D626A51ED105, 0, (t:0, i:0))
2025-05-14 02:53:39,916 [grpc-default-executor-3] INFO  server.RaftServer$Division (RaftServerImpl.java:requestVote(1407)) - 6338fc9c-a704-4fa0-9c76-ba0cbc116aba@group-D626A51ED105: receive requestVote(PRE_VOTE, f4f68937-1ce3-42e1-b3e7-547ae2d23d85, group-D626A51ED105, 0, (t:0, i:0))
2025-05-14 02:53:39,916 [grpc-default-executor-3] INFO  impl.VoteContext (VoteContext.java:log(49)) - 6338fc9c-a704-4fa0-9c76-ba0cbc116aba@group-D626A51ED105-FOLLOWER: accept PRE_VOTE from f4f68937-1ce3-42e1-b3e7-547ae2d23d85: our priority 0 <= candidate's priority 1
2025-05-14 02:53:39,916 [grpc-default-executor-1] INFO  impl.VoteContext (VoteContext.java:log(49)) - 8e51993b-4f71-45b0-84f2-cf37ffbd2099@group-D626A51ED105-FOLLOWER: accept PRE_VOTE from f4f68937-1ce3-42e1-b3e7-547ae2d23d85: our priority 0 <= candidate's priority 1
2025-05-14 02:53:39,917 [grpc-default-executor-1] INFO  server.RaftServer$Division (RaftServerImpl.java:requestVote(1441)) - 8e51993b-4f71-45b0-84f2-cf37ffbd2099@group-D626A51ED105 replies to PRE_VOTE vote request: f4f68937-1ce3-42e1-b3e7-547ae2d23d85<-8e51993b-4f71-45b0-84f2-cf37ffbd2099#0:OK-t0. Peer's state: 8e51993b-4f71-45b0-84f2-cf37ffbd2099@group-D626A51ED105:t0, leader=null, voted=, raftlog=Memoized:8e51993b-4f71-45b0-84f2-cf37ffbd2099@group-D626A51ED105-SegmentedRaftLog:OPENED:c-1:lastnull, conf=conf: {index: -1, cur=peers:[f4f68937-1ce3-42e1-b3e7-547ae2d23d85|127.0.0.1:15063, 6338fc9c-a704-4fa0-9c76-ba0cbc116aba|127.0.0.1:15079, 8e51993b-4f71-45b0-84f2-cf37ffbd2099|127.0.0.1:15071]|listeners:[], old=null}
2025-05-14 02:53:39,917 [grpc-default-executor-3] INFO  server.RaftServer$Division (RaftServerImpl.java:requestVote(1441)) - 6338fc9c-a704-4fa0-9c76-ba0cbc116aba@group-D626A51ED105 replies to PRE_VOTE vote request: f4f68937-1ce3-42e1-b3e7-547ae2d23d85<-6338fc9c-a704-4fa0-9c76-ba0cbc116aba#0:OK-t0. Peer's state: 6338fc9c-a704-4fa0-9c76-ba0cbc116aba@group-D626A51ED105:t0, leader=null, voted=, raftlog=Memoized:6338fc9c-a704-4fa0-9c76-ba0cbc116aba@group-D626A51ED105-SegmentedRaftLog:OPENED:c-1:lastnull, conf=conf: {index: -1, cur=peers:[f4f68937-1ce3-42e1-b3e7-547ae2d23d85|127.0.0.1:15063, 6338fc9c-a704-4fa0-9c76-ba0cbc116aba|127.0.0.1:15079, 8e51993b-4f71-45b0-84f2-cf37ffbd2099|127.0.0.1:15071]|listeners:[], old=null}
2025-05-14 02:53:39,918 [f4f68937-1ce3-42e1-b3e7-547ae2d23d85@group-D626A51ED105-LeaderElection18] INFO  impl.LeaderElection (LeaderElection.java:logAndReturn(90)) - f4f68937-1ce3-42e1-b3e7-547ae2d23d85@group-D626A51ED105-LeaderElection18: PRE_VOTE PASSED received 1 response(s) and 0 exception(s):
2025-05-14 02:53:39,918 [f4f68937-1ce3-42e1-b3e7-547ae2d23d85@group-D626A51ED105-LeaderElection18] INFO  impl.LeaderElection (LeaderElection.java:logAndReturn(94)) -   Response 0: f4f68937-1ce3-42e1-b3e7-547ae2d23d85<-6338fc9c-a704-4fa0-9c76-ba0cbc116aba#0:OK-t0
2025-05-14 02:53:39,919 [f4f68937-1ce3-42e1-b3e7-547ae2d23d85@group-D626A51ED105-LeaderElection18] INFO  impl.LeaderElection (LeaderElection.java:askForVotes(334)) - f4f68937-1ce3-42e1-b3e7-547ae2d23d85@group-D626A51ED105-LeaderElection18 PRE_VOTE round 0: result PASSED
2025-05-14 02:53:39,920 [f4f68937-1ce3-42e1-b3e7-547ae2d23d85@group-D626A51ED105-LeaderElection18] INFO  impl.LeaderElection (LeaderElection.java:askForVotes(332)) - f4f68937-1ce3-42e1-b3e7-547ae2d23d85@group-D626A51ED105-LeaderElection18 ELECTION round 0: submit vote requests at term 1 for conf: {index: -1, cur=peers:[f4f68937-1ce3-42e1-b3e7-547ae2d23d85|127.0.0.1:15063, 6338fc9c-a704-4fa0-9c76-ba0cbc116aba|127.0.0.1:15079, 8e51993b-4f71-45b0-84f2-cf37ffbd2099|127.0.0.1:15071]|listeners:[], old=null}
2025-05-14 02:53:39,920 [f4f68937-1ce3-42e1-b3e7-547ae2d23d85@group-D626A51ED105-LeaderElection18] INFO  server.RaftServerConfigKeys (ConfUtils.java:logGet(46)) - raft.server.rpc.first-election.timeout.min = 1000ms (custom)
2025-05-14 02:53:39,920 [f4f68937-1ce3-42e1-b3e7-547ae2d23d85@group-D626A51ED105-LeaderElection18] INFO  server.RaftServerConfigKeys (ConfUtils.java:logGet(46)) - raft.server.rpc.first-election.timeout.max = 1200ms (custom)
2025-05-14 02:53:39,922 [grpc-default-executor-1] INFO  server.RaftServer$Division (RaftServerImpl.java:requestVote(1407)) - 6338fc9c-a704-4fa0-9c76-ba0cbc116aba@group-D626A51ED105: receive requestVote(ELECTION, f4f68937-1ce3-42e1-b3e7-547ae2d23d85, group-D626A51ED105, 1, (t:0, i:0))
2025-05-14 02:53:39,922 [grpc-default-executor-1] INFO  impl.VoteContext (VoteContext.java:log(49)) - 6338fc9c-a704-4fa0-9c76-ba0cbc116aba@group-D626A51ED105-FOLLOWER: accept ELECTION from f4f68937-1ce3-42e1-b3e7-547ae2d23d85: our priority 0 <= candidate's priority 1
2025-05-14 02:53:39,922 [grpc-default-executor-1] INFO  server.RaftServer$Division (RaftServerImpl.java:setRole(378)) - 6338fc9c-a704-4fa0-9c76-ba0cbc116aba@group-D626A51ED105: changes role from  FOLLOWER to FOLLOWER at term 0 for candidate:f4f68937-1ce3-42e1-b3e7-547ae2d23d85
2025-05-14 02:53:39,922 [grpc-default-executor-1] INFO  impl.RoleInfo (RoleInfo.java:shutdownFollowerState(121)) - 6338fc9c-a704-4fa0-9c76-ba0cbc116aba: shutdown 6338fc9c-a704-4fa0-9c76-ba0cbc116aba@group-D626A51ED105-FollowerState
2025-05-14 02:53:39,922 [grpc-default-executor-1] INFO  impl.RoleInfo (RoleInfo.java:updateAndGet(148)) - 6338fc9c-a704-4fa0-9c76-ba0cbc116aba: start 6338fc9c-a704-4fa0-9c76-ba0cbc116aba@group-D626A51ED105-FollowerState
2025-05-14 02:53:39,922 [6338fc9c-a704-4fa0-9c76-ba0cbc116aba@group-D626A51ED105-FollowerState] INFO  impl.FollowerState (FollowerState.java:runImpl(170)) - 6338fc9c-a704-4fa0-9c76-ba0cbc116aba@group-D626A51ED105-FollowerState was interrupted
2025-05-14 02:53:39,922 [grpc-default-executor-3] INFO  server.RaftServer$Division (RaftServerImpl.java:requestVote(1407)) - 8e51993b-4f71-45b0-84f2-cf37ffbd2099@group-D626A51ED105: receive requestVote(ELECTION, f4f68937-1ce3-42e1-b3e7-547ae2d23d85, group-D626A51ED105, 1, (t:0, i:0))
2025-05-14 02:53:39,923 [grpc-default-executor-3] INFO  impl.VoteContext (VoteContext.java:log(49)) - 8e51993b-4f71-45b0-84f2-cf37ffbd2099@group-D626A51ED105-FOLLOWER: accept ELECTION from f4f68937-1ce3-42e1-b3e7-547ae2d23d85: our priority 0 <= candidate's priority 1
2025-05-14 02:53:39,923 [grpc-default-executor-3] INFO  server.RaftServer$Division (RaftServerImpl.java:setRole(378)) - 8e51993b-4f71-45b0-84f2-cf37ffbd2099@group-D626A51ED105: changes role from  FOLLOWER to FOLLOWER at term 0 for candidate:f4f68937-1ce3-42e1-b3e7-547ae2d23d85
2025-05-14 02:53:39,923 [grpc-default-executor-3] INFO  impl.RoleInfo (RoleInfo.java:shutdownFollowerState(121)) - 8e51993b-4f71-45b0-84f2-cf37ffbd2099: shutdown 8e51993b-4f71-45b0-84f2-cf37ffbd2099@group-D626A51ED105-FollowerState
2025-05-14 02:53:39,923 [grpc-default-executor-3] INFO  impl.RoleInfo (RoleInfo.java:updateAndGet(148)) - 8e51993b-4f71-45b0-84f2-cf37ffbd2099: start 8e51993b-4f71-45b0-84f2-cf37ffbd2099@group-D626A51ED105-FollowerState
2025-05-14 02:53:39,923 [8e51993b-4f71-45b0-84f2-cf37ffbd2099@group-D626A51ED105-FollowerState] INFO  impl.FollowerState (FollowerState.java:runImpl(170)) - 8e51993b-4f71-45b0-84f2-cf37ffbd2099@group-D626A51ED105-FollowerState was interrupted
2025-05-14 02:53:39,923 [grpc-default-executor-1] INFO  server.RaftServer$Division (RaftServerImpl.java:setFirstElection(562)) - 6338fc9c-a704-4fa0-9c76-ba0cbc116aba@group-D626A51ED105: set firstElectionSinceStartup to false for candidate:f4f68937-1ce3-42e1-b3e7-547ae2d23d85
2025-05-14 02:53:39,923 [grpc-default-executor-3] INFO  server.RaftServer$Division (RaftServerImpl.java:setFirstElection(562)) - 8e51993b-4f71-45b0-84f2-cf37ffbd2099@group-D626A51ED105: set firstElectionSinceStartup to false for candidate:f4f68937-1ce3-42e1-b3e7-547ae2d23d85
2025-05-14 02:53:39,924 [grpc-default-executor-1] INFO  server.RaftServer$Division (RaftServerImpl.java:requestVote(1441)) - 6338fc9c-a704-4fa0-9c76-ba0cbc116aba@group-D626A51ED105 replies to ELECTION vote request: f4f68937-1ce3-42e1-b3e7-547ae2d23d85<-6338fc9c-a704-4fa0-9c76-ba0cbc116aba#0:OK-t1. Peer's state: 6338fc9c-a704-4fa0-9c76-ba0cbc116aba@group-D626A51ED105:t1, leader=null, voted=f4f68937-1ce3-42e1-b3e7-547ae2d23d85, raftlog=Memoized:6338fc9c-a704-4fa0-9c76-ba0cbc116aba@group-D626A51ED105-SegmentedRaftLog:OPENED:c-1:lastnull, conf=conf: {index: -1, cur=peers:[f4f68937-1ce3-42e1-b3e7-547ae2d23d85|127.0.0.1:15063, 6338fc9c-a704-4fa0-9c76-ba0cbc116aba|127.0.0.1:15079, 8e51993b-4f71-45b0-84f2-cf37ffbd2099|127.0.0.1:15071]|listeners:[], old=null}
2025-05-14 02:53:39,924 [grpc-default-executor-3] INFO  server.RaftServer$Division (RaftServerImpl.java:requestVote(1441)) - 8e51993b-4f71-45b0-84f2-cf37ffbd2099@group-D626A51ED105 replies to ELECTION vote request: f4f68937-1ce3-42e1-b3e7-547ae2d23d85<-8e51993b-4f71-45b0-84f2-cf37ffbd2099#0:OK-t1. Peer's state: 8e51993b-4f71-45b0-84f2-cf37ffbd2099@group-D626A51ED105:t1, leader=null, voted=f4f68937-1ce3-42e1-b3e7-547ae2d23d85, raftlog=Memoized:8e51993b-4f71-45b0-84f2-cf37ffbd2099@group-D626A51ED105-SegmentedRaftLog:OPENED:c-1:lastnull, conf=conf: {index: -1, cur=peers:[f4f68937-1ce3-42e1-b3e7-547ae2d23d85|127.0.0.1:15063, 6338fc9c-a704-4fa0-9c76-ba0cbc116aba|127.0.0.1:15079, 8e51993b-4f71-45b0-84f2-cf37ffbd2099|127.0.0.1:15071]|listeners:[], old=null}
2025-05-14 02:53:39,925 [f4f68937-1ce3-42e1-b3e7-547ae2d23d85@group-D626A51ED105-LeaderElection18] INFO  impl.LeaderElection (LeaderElection.java:logAndReturn(90)) - f4f68937-1ce3-42e1-b3e7-547ae2d23d85@group-D626A51ED105-LeaderElection18: ELECTION PASSED received 1 response(s) and 0 exception(s):
2025-05-14 02:53:39,925 [f4f68937-1ce3-42e1-b3e7-547ae2d23d85@group-D626A51ED105-LeaderElection18] INFO  impl.LeaderElection (LeaderElection.java:logAndReturn(94)) -   Response 0: f4f68937-1ce3-42e1-b3e7-547ae2d23d85<-6338fc9c-a704-4fa0-9c76-ba0cbc116aba#0:OK-t1
2025-05-14 02:53:39,926 [f4f68937-1ce3-42e1-b3e7-547ae2d23d85@group-D626A51ED105-LeaderElection18] INFO  impl.LeaderElection (LeaderElection.java:askForVotes(334)) - f4f68937-1ce3-42e1-b3e7-547ae2d23d85@group-D626A51ED105-LeaderElection18 ELECTION round 0: result PASSED
2025-05-14 02:53:39,926 [f4f68937-1ce3-42e1-b3e7-547ae2d23d85@group-D626A51ED105-LeaderElection18] INFO  impl.RoleInfo (RoleInfo.java:shutdownLeaderElection(141)) - f4f68937-1ce3-42e1-b3e7-547ae2d23d85: shutdown f4f68937-1ce3-42e1-b3e7-547ae2d23d85@group-D626A51ED105-LeaderElection18
2025-05-14 02:53:39,926 [f4f68937-1ce3-42e1-b3e7-547ae2d23d85@group-D626A51ED105-LeaderElection18] INFO  server.RaftServer$Division (RaftServerImpl.java:setRole(378)) - f4f68937-1ce3-42e1-b3e7-547ae2d23d85@group-D626A51ED105: changes role from CANDIDATE to LEADER at term 1 for changeToLeader
2025-05-14 02:53:39,926 [f4f68937-1ce3-42e1-b3e7-547ae2d23d85@group-D626A51ED105-LeaderElection18] INFO  server.RaftServerConfigKeys (ConfUtils.java:logGet(46)) - raft.server.staging.catchup.gap = 1000 (default)
2025-05-14 02:53:39,926 [f4f68937-1ce3-42e1-b3e7-547ae2d23d85@group-D626A51ED105-LeaderElection18] INFO  server.RaftServerConfigKeys (ConfUtils.java:logGet(46)) - raft.server.write.element-limit = 1024 (custom)
2025-05-14 02:53:39,926 [f4f68937-1ce3-42e1-b3e7-547ae2d23d85@group-D626A51ED105-LeaderElection18] INFO  server.RaftServerConfigKeys (ConfUtils.java:logGet(46)) - raft.server.write.byte-limit = 1024 M (=1073741824) (custom)
2025-05-14 02:53:39,927 [f4f68937-1ce3-42e1-b3e7-547ae2d23d85@group-D626A51ED105-LeaderElection18] INFO  server.RaftServerConfigKeys (ConfUtils.java:logGet(46)) - raft.server.watch.timeout = 10000ms (default)
2025-05-14 02:53:39,927 [f4f68937-1ce3-42e1-b3e7-547ae2d23d85@group-D626A51ED105-LeaderElection18] INFO  server.RaftServerConfigKeys (ConfUtils.java:logGet(46)) - raft.server.watch.timeout.denomination = 1s (default)
2025-05-14 02:53:39,928 [f4f68937-1ce3-42e1-b3e7-547ae2d23d85@group-D626A51ED105-LeaderElection18] INFO  server.RaftServerConfigKeys (ConfUtils.java:logGet(46)) - raft.server.watch.element-limit = 65536 (default)
2025-05-14 02:53:39,928 [f4f68937-1ce3-42e1-b3e7-547ae2d23d85@group-D626A51ED105-LeaderElection18] INFO  server.RaftServerConfigKeys (ConfUtils.java:logGet(46)) - raft.server.read.leader.lease.enabled = false (default)
2025-05-14 02:53:39,928 [f4f68937-1ce3-42e1-b3e7-547ae2d23d85@group-D626A51ED105-LeaderElection18] INFO  server.RaftServerConfigKeys (ConfUtils.java:logGet(46)) - raft.server.read.leader.lease.timeout.ratio = 0.9 (default)
2025-05-14 02:53:39,928 [f4f68937-1ce3-42e1-b3e7-547ae2d23d85@group-D626A51ED105-LeaderElection18] INFO  server.RaftServerConfigKeys (ConfUtils.java:logGet(46)) - raft.server.rpc.timeout.min = 5s (custom)
2025-05-14 02:53:39,928 [f4f68937-1ce3-42e1-b3e7-547ae2d23d85@group-D626A51ED105-LeaderElection18] INFO  server.RaftServerConfigKeys (ConfUtils.java:logGet(46)) - raft.server.log.log-metadata.enabled = true (default)
2025-05-14 02:53:39,928 [f4f68937-1ce3-42e1-b3e7-547ae2d23d85@group-D626A51ED105-LeaderElection18] INFO  server.RaftServerConfigKeys (ConfUtils.java:logGet(46)) - raft.server.write.element-limit = 1024 (custom)
2025-05-14 02:53:39,928 [f4f68937-1ce3-42e1-b3e7-547ae2d23d85@group-D626A51ED105-LeaderElection18] INFO  server.RaftServerConfigKeys (ConfUtils.java:logGet(46)) - raft.server.write.follower.gap.ratio.max = -1.0 (default)
2025-05-14 02:53:39,929 [f4f68937-1ce3-42e1-b3e7-547ae2d23d85@group-D626A51ED105-LeaderElection18] INFO  server.RaftServerConfigKeys (ConfUtils.java:logGet(46)) - raft.server.log.appender.snapshot.chunk.size.max = 16MB (=16777216) (default)
2025-05-14 02:53:39,929 [f4f68937-1ce3-42e1-b3e7-547ae2d23d85@group-D626A51ED105-LeaderElection18] INFO  server.RaftServerConfigKeys (ConfUtils.java:logGet(46)) - raft.server.log.appender.buffer.byte-limit = 33554432 (custom)
2025-05-14 02:53:39,929 [f4f68937-1ce3-42e1-b3e7-547ae2d23d85@group-D626A51ED105-LeaderElection18] INFO  server.RaftServerConfigKeys (ConfUtils.java:logGet(46)) - raft.server.log.appender.buffer.element-limit = 1024 (custom)
2025-05-14 02:53:39,929 [f4f68937-1ce3-42e1-b3e7-547ae2d23d85@group-D626A51ED105-LeaderElection18] INFO  server.RaftServerConfigKeys (ConfUtils.java:logGet(46)) - raft.server.log.appender.wait-time.min = 0ms (custom)
2025-05-14 02:53:39,929 [f4f68937-1ce3-42e1-b3e7-547ae2d23d85@group-D626A51ED105-LeaderElection18] INFO  grpc.GrpcConfigKeys (ConfUtils.java:logGet(46)) - raft.grpc.server.leader.outstanding.appends.max = 8 (default)
2025-05-14 02:53:39,929 [f4f68937-1ce3-42e1-b3e7-547ae2d23d85@group-D626A51ED105-LeaderElection18] INFO  server.RaftServerConfigKeys (ConfUtils.java:logGet(46)) - raft.server.rpc.request.timeout = 3000ms (default)
2025-05-14 02:53:39,930 [f4f68937-1ce3-42e1-b3e7-547ae2d23d85@group-D626A51ED105-LeaderElection18] INFO  grpc.GrpcConfigKeys (ConfUtils.java:logGet(46)) - raft.grpc.server.install_snapshot.request.element-limit = 8 (default)
2025-05-14 02:53:39,930 [f4f68937-1ce3-42e1-b3e7-547ae2d23d85@group-D626A51ED105-LeaderElection18] INFO  grpc.GrpcConfigKeys (ConfUtils.java:logGet(46)) - raft.grpc.server.install_snapshot.request.timeout = 3000ms (default)
2025-05-14 02:53:39,930 [f4f68937-1ce3-42e1-b3e7-547ae2d23d85@group-D626A51ED105-LeaderElection18] INFO  grpc.GrpcConfigKeys (ConfUtils.java:logGet(46)) - raft.grpc.server.log-message.batch.duration = 5s (default)
2025-05-14 02:53:39,930 [f4f68937-1ce3-42e1-b3e7-547ae2d23d85@group-D626A51ED105-LeaderElection18] INFO  server.RaftServerConfigKeys (ConfUtils.java:logGet(46)) - raft.server.log.appender.install.snapshot.enabled = false (custom)
2025-05-14 02:53:39,930 [f4f68937-1ce3-42e1-b3e7-547ae2d23d85@group-D626A51ED105-LeaderElection18] INFO  grpc.GrpcConfigKeys (ConfUtils.java:logGet(46)) - raft.grpc.server.heartbeat.channel = true (default)
2025-05-14 02:53:39,931 [f4f68937-1ce3-42e1-b3e7-547ae2d23d85@group-D626A51ED105-LeaderElection18] INFO  server.RaftServerConfigKeys (ConfUtils.java:logGet(46)) - raft.server.log.appender.snapshot.chunk.size.max = 16MB (=16777216) (default)
2025-05-14 02:53:39,931 [f4f68937-1ce3-42e1-b3e7-547ae2d23d85@group-D626A51ED105-LeaderElection18] INFO  server.RaftServerConfigKeys (ConfUtils.java:logGet(46)) - raft.server.log.appender.buffer.byte-limit = 33554432 (custom)
2025-05-14 02:53:39,931 [f4f68937-1ce3-42e1-b3e7-547ae2d23d85@group-D626A51ED105-LeaderElection18] INFO  server.RaftServerConfigKeys (ConfUtils.java:logGet(46)) - raft.server.log.appender.buffer.element-limit = 1024 (custom)
2025-05-14 02:53:39,931 [f4f68937-1ce3-42e1-b3e7-547ae2d23d85@group-D626A51ED105-LeaderElection18] INFO  server.RaftServerConfigKeys (ConfUtils.java:logGet(46)) - raft.server.log.appender.wait-time.min = 0ms (custom)
2025-05-14 02:53:39,931 [f4f68937-1ce3-42e1-b3e7-547ae2d23d85@group-D626A51ED105-LeaderElection18] INFO  grpc.GrpcConfigKeys (ConfUtils.java:logGet(46)) - raft.grpc.server.leader.outstanding.appends.max = 8 (default)
2025-05-14 02:53:39,931 [f4f68937-1ce3-42e1-b3e7-547ae2d23d85@group-D626A51ED105-LeaderElection18] INFO  server.RaftServerConfigKeys (ConfUtils.java:logGet(46)) - raft.server.rpc.request.timeout = 3000ms (default)
2025-05-14 02:53:39,931 [f4f68937-1ce3-42e1-b3e7-547ae2d23d85@group-D626A51ED105-LeaderElection18] INFO  grpc.GrpcConfigKeys (ConfUtils.java:logGet(46)) - raft.grpc.server.install_snapshot.request.element-limit = 8 (default)
2025-05-14 02:53:39,931 [f4f68937-1ce3-42e1-b3e7-547ae2d23d85@group-D626A51ED105-LeaderElection18] INFO  grpc.GrpcConfigKeys (ConfUtils.java:logGet(46)) - raft.grpc.server.install_snapshot.request.timeout = 3000ms (default)
2025-05-14 02:53:39,931 [f4f68937-1ce3-42e1-b3e7-547ae2d23d85@group-D626A51ED105-LeaderElection18] INFO  grpc.GrpcConfigKeys (ConfUtils.java:logGet(46)) - raft.grpc.server.log-message.batch.duration = 5s (default)
2025-05-14 02:53:39,931 [f4f68937-1ce3-42e1-b3e7-547ae2d23d85@group-D626A51ED105-LeaderElection18] INFO  server.RaftServerConfigKeys (ConfUtils.java:logGet(46)) - raft.server.log.appender.install.snapshot.enabled = false (custom)
2025-05-14 02:53:39,932 [f4f68937-1ce3-42e1-b3e7-547ae2d23d85@group-D626A51ED105-LeaderElection18] INFO  grpc.GrpcConfigKeys (ConfUtils.java:logGet(46)) - raft.grpc.server.heartbeat.channel = true (default)
2025-05-14 02:53:39,932 [f4f68937-1ce3-42e1-b3e7-547ae2d23d85@group-D626A51ED105-LeaderElection18] INFO  impl.RoleInfo (RoleInfo.java:updateAndGet(148)) - f4f68937-1ce3-42e1-b3e7-547ae2d23d85: start f4f68937-1ce3-42e1-b3e7-547ae2d23d85@group-D626A51ED105-LeaderStateImpl
2025-05-14 02:53:39,932 [f4f68937-1ce3-42e1-b3e7-547ae2d23d85@group-D626A51ED105-LeaderElection18] INFO  server.RaftServer$Division (RaftServerImpl.java:setFirstElection(562)) - f4f68937-1ce3-42e1-b3e7-547ae2d23d85@group-D626A51ED105: set firstElectionSinceStartup to false for becomeLeader
2025-05-14 02:53:39,932 [f4f68937-1ce3-42e1-b3e7-547ae2d23d85@group-D626A51ED105-LeaderElection18] INFO  ratis.XceiverServerRatis (XceiverServerRatis.java:handleLeaderChangedNotification(944)) - Leader change notification received for group: group-D626A51ED105 with new leaderId: f4f68937-1ce3-42e1-b3e7-547ae2d23d85
2025-05-14 02:53:39,932 [f4f68937-1ce3-42e1-b3e7-547ae2d23d85@group-D626A51ED105-LeaderElection18] INFO  server.RaftServer$Division (ServerState.java:setLeader(272)) - f4f68937-1ce3-42e1-b3e7-547ae2d23d85@group-D626A51ED105: change Leader from null to f4f68937-1ce3-42e1-b3e7-547ae2d23d85 at term 1 for becomeLeader, leader elected after 1083ms
2025-05-14 02:53:39,932 [f4f68937-1ce3-42e1-b3e7-547ae2d23d85@group-D626A51ED105-LeaderElection18] INFO  segmented.SegmentedRaftLogWorker (SegmentedRaftLogWorker.java:startLogSegment(438)) - f4f68937-1ce3-42e1-b3e7-547ae2d23d85@group-D626A51ED105-SegmentedRaftLogWorker: Starting segment from index:0
2025-05-14 02:53:39,933 [f4f68937-1ce3-42e1-b3e7-547ae2d23d85@group-D626A51ED105-SegmentedRaftLogWorker] INFO  segmented.BufferedWriteChannel (BufferedWriteChannel.java:open(61)) - open log_inprogress_0 at position 0
2025-05-14 02:53:39,934 [f4f68937-1ce3-42e1-b3e7-547ae2d23d85@group-D626A51ED105-LeaderElection18] INFO  server.RaftServer$Division (ServerState.java:setRaftConf(386)) - f4f68937-1ce3-42e1-b3e7-547ae2d23d85@group-D626A51ED105: set configuration conf: {index: 0, cur=peers:[f4f68937-1ce3-42e1-b3e7-547ae2d23d85|127.0.0.1:15063, 6338fc9c-a704-4fa0-9c76-ba0cbc116aba|127.0.0.1:15079, 8e51993b-4f71-45b0-84f2-cf37ffbd2099|127.0.0.1:15071]|listeners:[], old=null}
2025-05-14 02:53:39,939 [EventQueue-PipelineReportForPipelineReportHandler] INFO  pipeline.PipelineReportHandler (PipelineReportHandler.java:processPipelineReport(134)) - Opened pipeline PipelineID=ce0bcb57-9ca8-4104-8923-d626a51ed105
2025-05-14 02:53:39,942 [8e51993b-4f71-45b0-84f2-cf37ffbd2099-server-thread1] INFO  ratis.XceiverServerRatis (XceiverServerRatis.java:handleLeaderChangedNotification(944)) - Leader change notification received for group: group-D626A51ED105 with new leaderId: f4f68937-1ce3-42e1-b3e7-547ae2d23d85
2025-05-14 02:53:39,942 [8e51993b-4f71-45b0-84f2-cf37ffbd2099-server-thread1] INFO  server.RaftServer$Division (ServerState.java:setLeader(272)) - 8e51993b-4f71-45b0-84f2-cf37ffbd2099@group-D626A51ED105: change Leader from null to f4f68937-1ce3-42e1-b3e7-547ae2d23d85 at term 1 for appendEntries, leader elected after 978ms
2025-05-14 02:53:39,944 [6338fc9c-a704-4fa0-9c76-ba0cbc116aba-server-thread1] INFO  ratis.XceiverServerRatis (XceiverServerRatis.java:handleLeaderChangedNotification(944)) - Leader change notification received for group: group-D626A51ED105 with new leaderId: f4f68937-1ce3-42e1-b3e7-547ae2d23d85
2025-05-14 02:53:39,944 [6338fc9c-a704-4fa0-9c76-ba0cbc116aba-server-thread1] INFO  server.RaftServer$Division (ServerState.java:setLeader(272)) - 6338fc9c-a704-4fa0-9c76-ba0cbc116aba@group-D626A51ED105: change Leader from null to f4f68937-1ce3-42e1-b3e7-547ae2d23d85 at term 1 for appendEntries, leader elected after 1066ms
2025-05-14 02:53:39,945 [8e51993b-4f71-45b0-84f2-cf37ffbd2099-server-thread1] INFO  server.RaftServer$Division (ServerState.java:setRaftConf(386)) - 8e51993b-4f71-45b0-84f2-cf37ffbd2099@group-D626A51ED105: set configuration conf: {index: 0, cur=peers:[f4f68937-1ce3-42e1-b3e7-547ae2d23d85|127.0.0.1:15063, 6338fc9c-a704-4fa0-9c76-ba0cbc116aba|127.0.0.1:15079, 8e51993b-4f71-45b0-84f2-cf37ffbd2099|127.0.0.1:15071]|listeners:[], old=null}
2025-05-14 02:53:39,946 [8e51993b-4f71-45b0-84f2-cf37ffbd2099-server-thread1] INFO  segmented.SegmentedRaftLogWorker (SegmentedRaftLogWorker.java:startLogSegment(438)) - 8e51993b-4f71-45b0-84f2-cf37ffbd2099@group-D626A51ED105-SegmentedRaftLogWorker: Starting segment from index:0
2025-05-14 02:53:39,946 [f4f68937-1ce3-42e1-b3e7-547ae2d23d85@group-D626A51ED105-SegmentedRaftLogWorker] INFO  segmented.SegmentedRaftLogWorker (SegmentedRaftLogWorker.java:execute(644)) - f4f68937-1ce3-42e1-b3e7-547ae2d23d85@group-D626A51ED105-SegmentedRaftLogWorker: created new log segment /home/runner/work/ozone/ozone/hadoop-ozone/integration-test/target/test-dir/MiniOzoneClusterImpl-af940217-b311-440f-8e09-352fdf66236b/ozone-meta/datanode-7/ratis/ce0bcb57-9ca8-4104-8923-d626a51ed105/current/log_inprogress_0
2025-05-14 02:53:39,946 [8e51993b-4f71-45b0-84f2-cf37ffbd2099@group-D626A51ED105-SegmentedRaftLogWorker] INFO  segmented.BufferedWriteChannel (BufferedWriteChannel.java:open(61)) - open log_inprogress_0 at position 0
2025-05-14 02:53:39,947 [6338fc9c-a704-4fa0-9c76-ba0cbc116aba-server-thread3] INFO  server.RaftServer$Division (ServerState.java:setRaftConf(386)) - 6338fc9c-a704-4fa0-9c76-ba0cbc116aba@group-D626A51ED105: set configuration conf: {index: 0, cur=peers:[f4f68937-1ce3-42e1-b3e7-547ae2d23d85|127.0.0.1:15063, 6338fc9c-a704-4fa0-9c76-ba0cbc116aba|127.0.0.1:15079, 8e51993b-4f71-45b0-84f2-cf37ffbd2099|127.0.0.1:15071]|listeners:[], old=null}
2025-05-14 02:53:39,947 [6338fc9c-a704-4fa0-9c76-ba0cbc116aba-server-thread3] INFO  segmented.SegmentedRaftLogWorker (SegmentedRaftLogWorker.java:startLogSegment(438)) - 6338fc9c-a704-4fa0-9c76-ba0cbc116aba@group-D626A51ED105-SegmentedRaftLogWorker: Starting segment from index:0
2025-05-14 02:53:39,948 [6338fc9c-a704-4fa0-9c76-ba0cbc116aba@group-D626A51ED105-SegmentedRaftLogWorker] INFO  segmented.BufferedWriteChannel (BufferedWriteChannel.java:open(61)) - open log_inprogress_0 at position 0
2025-05-14 02:53:39,958 [8e51993b-4f71-45b0-84f2-cf37ffbd2099@group-D626A51ED105-SegmentedRaftLogWorker] INFO  segmented.SegmentedRaftLogWorker (SegmentedRaftLogWorker.java:execute(644)) - 8e51993b-4f71-45b0-84f2-cf37ffbd2099@group-D626A51ED105-SegmentedRaftLogWorker: created new log segment /home/runner/work/ozone/ozone/hadoop-ozone/integration-test/target/test-dir/MiniOzoneClusterImpl-af940217-b311-440f-8e09-352fdf66236b/ozone-meta/datanode-8/ratis/ce0bcb57-9ca8-4104-8923-d626a51ed105/current/log_inprogress_0
2025-05-14 02:53:39,959 [6338fc9c-a704-4fa0-9c76-ba0cbc116aba@group-D626A51ED105-SegmentedRaftLogWorker] INFO  segmented.SegmentedRaftLogWorker (SegmentedRaftLogWorker.java:execute(644)) - 6338fc9c-a704-4fa0-9c76-ba0cbc116aba@group-D626A51ED105-SegmentedRaftLogWorker: created new log segment /home/runner/work/ozone/ozone/hadoop-ozone/integration-test/target/test-dir/MiniOzoneClusterImpl-af940217-b311-440f-8e09-352fdf66236b/ozone-meta/datanode-9/ratis/ce0bcb57-9ca8-4104-8923-d626a51ed105/current/log_inprogress_0
2025-05-14 02:53:39,961 [f4f68937-1ce3-42e1-b3e7-547ae2d23d85@group-D626A51ED105-StateMachineUpdater] INFO  server.RaftServer$Division (LeaderStateImpl.java:checkStartIndex(313)) - Leader f4f68937-1ce3-42e1-b3e7-547ae2d23d85@group-D626A51ED105-LeaderStateImpl is ready since appliedIndex == startIndex == 0
2025-05-14 02:53:39,961 [f4f68937-1ce3-42e1-b3e7-547ae2d23d85@group-D626A51ED105-StateMachineUpdater] INFO  ratis.ContainerStateMachine (ContainerStateMachine.java:takeSnapshot(427)) - group-D626A51ED105: Taking a snapshot at:(t:1, i:0) file /home/runner/work/ozone/ozone/hadoop-ozone/integration-test/target/test-dir/MiniOzoneClusterImpl-af940217-b311-440f-8e09-352fdf66236b/ozone-meta/datanode-7/ratis/ce0bcb57-9ca8-4104-8923-d626a51ed105/sm/snapshot.1_0
2025-05-14 02:53:39,961 [f4f68937-1ce3-42e1-b3e7-547ae2d23d85@group-D626A51ED105-StateMachineUpdater] INFO  ratis.ContainerStateMachine (ContainerStateMachine.java:takeSnapshot(436)) - group-D626A51ED105: Finished taking a snapshot at:(t:1, i:0) file:/home/runner/work/ozone/ozone/hadoop-ozone/integration-test/target/test-dir/MiniOzoneClusterImpl-af940217-b311-440f-8e09-352fdf66236b/ozone-meta/datanode-7/ratis/ce0bcb57-9ca8-4104-8923-d626a51ed105/sm/snapshot.1_0 took: 0 ms
2025-05-14 02:53:39,962 [f4f68937-1ce3-42e1-b3e7-547ae2d23d85@group-D626A51ED105-StateMachineUpdater] INFO  impl.StateMachineUpdater (StateMachineUpdater.java:takeSnapshot(303)) - f4f68937-1ce3-42e1-b3e7-547ae2d23d85@group-D626A51ED105-StateMachineUpdater: Took a snapshot at index 0
2025-05-14 02:53:39,962 [f4f68937-1ce3-42e1-b3e7-547ae2d23d85@group-D626A51ED105-StateMachineUpdater] INFO  impl.StateMachineUpdater (StateMachineUpdater.java:lambda$new$0(102)) - f4f68937-1ce3-42e1-b3e7-547ae2d23d85@group-D626A51ED105-StateMachineUpdater: snapshotIndex: updateIncreasingly -1 -> 0
2025-05-14 02:53:39,973 [8e51993b-4f71-45b0-84f2-cf37ffbd2099@group-2F53F772D121-FollowerState] INFO  impl.FollowerState (FollowerState.java:runImpl(161)) - 8e51993b-4f71-45b0-84f2-cf37ffbd2099@group-2F53F772D121-FollowerState: change to CANDIDATE, lastRpcElapsedTime:1022977717ns, electionTimeout:1020ms
2025-05-14 02:53:39,973 [8e51993b-4f71-45b0-84f2-cf37ffbd2099@group-2F53F772D121-FollowerState] INFO  impl.RoleInfo (RoleInfo.java:shutdownFollowerState(121)) - 8e51993b-4f71-45b0-84f2-cf37ffbd2099: shutdown 8e51993b-4f71-45b0-84f2-cf37ffbd2099@group-2F53F772D121-FollowerState
2025-05-14 02:53:39,973 [8e51993b-4f71-45b0-84f2-cf37ffbd2099@group-2F53F772D121-FollowerState] INFO  server.RaftServer$Division (RaftServerImpl.java:setRole(378)) - 8e51993b-4f71-45b0-84f2-cf37ffbd2099@group-2F53F772D121: changes role from  FOLLOWER to CANDIDATE at term 0 for changeToCandidate
2025-05-14 02:53:39,973 [8e51993b-4f71-45b0-84f2-cf37ffbd2099@group-2F53F772D121-FollowerState] INFO  server.RaftServerConfigKeys (ConfUtils.java:logGet(46)) - raft.server.leaderelection.pre-vote = true (default)
2025-05-14 02:53:39,973 [8e51993b-4f71-45b0-84f2-cf37ffbd2099@group-2F53F772D121-FollowerState] INFO  impl.RoleInfo (RoleInfo.java:updateAndGet(148)) - 8e51993b-4f71-45b0-84f2-cf37ffbd2099: start 8e51993b-4f71-45b0-84f2-cf37ffbd2099@group-2F53F772D121-LeaderElection19
2025-05-14 02:53:39,973 [8e51993b-4f71-45b0-84f2-cf37ffbd2099@group-2F53F772D121-LeaderElection19] INFO  impl.LeaderElection (LeaderElection.java:askForVotes(332)) - 8e51993b-4f71-45b0-84f2-cf37ffbd2099@group-2F53F772D121-LeaderElection19 PRE_VOTE round 0: submit vote requests at term 0 for conf: {index: -1, cur=peers:[8e51993b-4f71-45b0-84f2-cf37ffbd2099|127.0.0.1:15071]|listeners:[], old=null}
2025-05-14 02:53:39,973 [8e51993b-4f71-45b0-84f2-cf37ffbd2099@group-2F53F772D121-LeaderElection19] INFO  impl.LeaderElection (LeaderElection.java:askForVotes(334)) - 8e51993b-4f71-45b0-84f2-cf37ffbd2099@group-2F53F772D121-LeaderElection19 PRE_VOTE round 0: result PASSED (term=0)
2025-05-14 02:53:39,974 [8e51993b-4f71-45b0-84f2-cf37ffbd2099@group-2F53F772D121-LeaderElection19] INFO  impl.LeaderElection (LeaderElection.java:askForVotes(332)) - 8e51993b-4f71-45b0-84f2-cf37ffbd2099@group-2F53F772D121-LeaderElection19 ELECTION round 0: submit vote requests at term 1 for conf: {index: -1, cur=peers:[8e51993b-4f71-45b0-84f2-cf37ffbd2099|127.0.0.1:15071]|listeners:[], old=null}
2025-05-14 02:53:39,974 [8e51993b-4f71-45b0-84f2-cf37ffbd2099@group-2F53F772D121-LeaderElection19] INFO  impl.LeaderElection (LeaderElection.java:askForVotes(334)) - 8e51993b-4f71-45b0-84f2-cf37ffbd2099@group-2F53F772D121-LeaderElection19 ELECTION round 0: result PASSED (term=1)
2025-05-14 02:53:39,974 [8e51993b-4f71-45b0-84f2-cf37ffbd2099@group-2F53F772D121-LeaderElection19] INFO  impl.RoleInfo (RoleInfo.java:shutdownLeaderElection(141)) - 8e51993b-4f71-45b0-84f2-cf37ffbd2099: shutdown 8e51993b-4f71-45b0-84f2-cf37ffbd2099@group-2F53F772D121-LeaderElection19
2025-05-14 02:53:39,974 [8e51993b-4f71-45b0-84f2-cf37ffbd2099@group-2F53F772D121-LeaderElection19] INFO  server.RaftServer$Division (RaftServerImpl.java:setRole(378)) - 8e51993b-4f71-45b0-84f2-cf37ffbd2099@group-2F53F772D121: changes role from CANDIDATE to LEADER at term 1 for changeToLeader
2025-05-14 02:53:39,975 [8e51993b-4f71-45b0-84f2-cf37ffbd2099@group-2F53F772D121-LeaderElection19] INFO  server.RaftServerConfigKeys (ConfUtils.java:logGet(46)) - raft.server.staging.catchup.gap = 1000 (default)
2025-05-14 02:53:39,975 [8e51993b-4f71-45b0-84f2-cf37ffbd2099@group-2F53F772D121-LeaderElection19] INFO  server.RaftServerConfigKeys (ConfUtils.java:logGet(46)) - raft.server.write.element-limit = 1024 (custom)
2025-05-14 02:53:39,975 [8e51993b-4f71-45b0-84f2-cf37ffbd2099@group-2F53F772D121-LeaderElection19] INFO  server.RaftServerConfigKeys (ConfUtils.java:logGet(46)) - raft.server.write.byte-limit = 1024 M (=1073741824) (custom)
2025-05-14 02:53:39,975 [8e51993b-4f71-45b0-84f2-cf37ffbd2099@group-2F53F772D121-LeaderElection19] INFO  server.RaftServerConfigKeys (ConfUtils.java:logGet(46)) - raft.server.watch.timeout = 10000ms (default)
2025-05-14 02:53:39,975 [8e51993b-4f71-45b0-84f2-cf37ffbd2099@group-2F53F772D121-LeaderElection19] INFO  server.RaftServerConfigKeys (ConfUtils.java:logGet(46)) - raft.server.watch.timeout.denomination = 1s (default)
2025-05-14 02:53:39,975 [8e51993b-4f71-45b0-84f2-cf37ffbd2099@group-2F53F772D121-LeaderElection19] INFO  server.RaftServerConfigKeys (ConfUtils.java:logGet(46)) - raft.server.watch.element-limit = 65536 (default)
2025-05-14 02:53:39,976 [8e51993b-4f71-45b0-84f2-cf37ffbd2099@group-2F53F772D121-LeaderElection19] INFO  server.RaftServerConfigKeys (ConfUtils.java:logGet(46)) - raft.server.read.leader.lease.enabled = false (default)
2025-05-14 02:53:39,976 [8e51993b-4f71-45b0-84f2-cf37ffbd2099@group-2F53F772D121-LeaderElection19] INFO  server.RaftServerConfigKeys (ConfUtils.java:logGet(46)) - raft.server.read.leader.lease.timeout.ratio = 0.9 (default)
2025-05-14 02:53:39,976 [8e51993b-4f71-45b0-84f2-cf37ffbd2099@group-2F53F772D121-LeaderElection19] INFO  server.RaftServerConfigKeys (ConfUtils.java:logGet(46)) - raft.server.rpc.timeout.min = 5s (custom)
2025-05-14 02:53:39,976 [8e51993b-4f71-45b0-84f2-cf37ffbd2099@group-2F53F772D121-LeaderElection19] INFO  server.RaftServerConfigKeys (ConfUtils.java:logGet(46)) - raft.server.log.log-metadata.enabled = true (default)
2025-05-14 02:53:39,976 [8e51993b-4f71-45b0-84f2-cf37ffbd2099@group-2F53F772D121-LeaderElection19] INFO  server.RaftServerConfigKeys (ConfUtils.java:logGet(46)) - raft.server.write.element-limit = 1024 (custom)
2025-05-14 02:53:39,976 [8e51993b-4f71-45b0-84f2-cf37ffbd2099@group-2F53F772D121-LeaderElection19] INFO  server.RaftServerConfigKeys (ConfUtils.java:logGet(46)) - raft.server.write.follower.gap.ratio.max = -1.0 (default)
2025-05-14 02:53:39,976 [8e51993b-4f71-45b0-84f2-cf37ffbd2099@group-2F53F772D121-LeaderElection19] INFO  impl.RoleInfo (RoleInfo.java:updateAndGet(148)) - 8e51993b-4f71-45b0-84f2-cf37ffbd2099: start 8e51993b-4f71-45b0-84f2-cf37ffbd2099@group-2F53F772D121-LeaderStateImpl
2025-05-14 02:53:39,976 [8e51993b-4f71-45b0-84f2-cf37ffbd2099@group-2F53F772D121-LeaderElection19] INFO  server.RaftServer$Division (RaftServerImpl.java:setFirstElection(562)) - 8e51993b-4f71-45b0-84f2-cf37ffbd2099@group-2F53F772D121: set firstElectionSinceStartup to false for becomeLeader
2025-05-14 02:53:39,976 [8e51993b-4f71-45b0-84f2-cf37ffbd2099@group-2F53F772D121-LeaderElection19] INFO  ratis.XceiverServerRatis (XceiverServerRatis.java:handleLeaderChangedNotification(944)) - Leader change notification received for group: group-2F53F772D121 with new leaderId: 8e51993b-4f71-45b0-84f2-cf37ffbd2099
2025-05-14 02:53:39,976 [8e51993b-4f71-45b0-84f2-cf37ffbd2099@group-2F53F772D121-LeaderElection19] INFO  server.RaftServer$Division (ServerState.java:setLeader(272)) - 8e51993b-4f71-45b0-84f2-cf37ffbd2099@group-2F53F772D121: change Leader from null to 8e51993b-4f71-45b0-84f2-cf37ffbd2099 at term 1 for becomeLeader, leader elected after 1076ms
2025-05-14 02:53:39,976 [8e51993b-4f71-45b0-84f2-cf37ffbd2099@group-2F53F772D121-LeaderElection19] INFO  segmented.SegmentedRaftLogWorker (SegmentedRaftLogWorker.java:startLogSegment(438)) - 8e51993b-4f71-45b0-84f2-cf37ffbd2099@group-2F53F772D121-SegmentedRaftLogWorker: Starting segment from index:0
2025-05-14 02:53:39,976 [8e51993b-4f71-45b0-84f2-cf37ffbd2099@group-2F53F772D121-LeaderElection19] INFO  server.RaftServer$Division (ServerState.java:setRaftConf(386)) - 8e51993b-4f71-45b0-84f2-cf37ffbd2099@group-2F53F772D121: set configuration conf: {index: 0, cur=peers:[8e51993b-4f71-45b0-84f2-cf37ffbd2099|127.0.0.1:15071]|listeners:[], old=null}
2025-05-14 02:53:39,977 [8e51993b-4f71-45b0-84f2-cf37ffbd2099@group-2F53F772D121-SegmentedRaftLogWorker] INFO  segmented.BufferedWriteChannel (BufferedWriteChannel.java:open(61)) - open log_inprogress_0 at position 0
2025-05-14 02:53:39,986 [8e51993b-4f71-45b0-84f2-cf37ffbd2099@group-2F53F772D121-SegmentedRaftLogWorker] INFO  segmented.SegmentedRaftLogWorker (SegmentedRaftLogWorker.java:execute(644)) - 8e51993b-4f71-45b0-84f2-cf37ffbd2099@group-2F53F772D121-SegmentedRaftLogWorker: created new log segment /home/runner/work/ozone/ozone/hadoop-ozone/integration-test/target/test-dir/MiniOzoneClusterImpl-af940217-b311-440f-8e09-352fdf66236b/ozone-meta/datanode-8/ratis/a882d325-06d6-4d73-8501-2f53f772d121/current/log_inprogress_0
2025-05-14 02:53:39,987 [8e51993b-4f71-45b0-84f2-cf37ffbd2099@group-2F53F772D121-StateMachineUpdater] INFO  server.RaftServer$Division (LeaderStateImpl.java:checkStartIndex(313)) - Leader 8e51993b-4f71-45b0-84f2-cf37ffbd2099@group-2F53F772D121-LeaderStateImpl is ready since appliedIndex == startIndex == 0
2025-05-14 02:53:39,988 [8e51993b-4f71-45b0-84f2-cf37ffbd2099@group-2F53F772D121-StateMachineUpdater] INFO  ratis.ContainerStateMachine (ContainerStateMachine.java:takeSnapshot(427)) - group-2F53F772D121: Taking a snapshot at:(t:1, i:0) file /home/runner/work/ozone/ozone/hadoop-ozone/integration-test/target/test-dir/MiniOzoneClusterImpl-af940217-b311-440f-8e09-352fdf66236b/ozone-meta/datanode-8/ratis/a882d325-06d6-4d73-8501-2f53f772d121/sm/snapshot.1_0
2025-05-14 02:53:39,988 [8e51993b-4f71-45b0-84f2-cf37ffbd2099@group-2F53F772D121-StateMachineUpdater] INFO  ratis.ContainerStateMachine (ContainerStateMachine.java:takeSnapshot(436)) - group-2F53F772D121: Finished taking a snapshot at:(t:1, i:0) file:/home/runner/work/ozone/ozone/hadoop-ozone/integration-test/target/test-dir/MiniOzoneClusterImpl-af940217-b311-440f-8e09-352fdf66236b/ozone-meta/datanode-8/ratis/a882d325-06d6-4d73-8501-2f53f772d121/sm/snapshot.1_0 took: 0 ms
2025-05-14 02:53:39,988 [8e51993b-4f71-45b0-84f2-cf37ffbd2099@group-2F53F772D121-StateMachineUpdater] INFO  impl.StateMachineUpdater (StateMachineUpdater.java:takeSnapshot(303)) - 8e51993b-4f71-45b0-84f2-cf37ffbd2099@group-2F53F772D121-StateMachineUpdater: Took a snapshot at index 0
2025-05-14 02:53:39,988 [8e51993b-4f71-45b0-84f2-cf37ffbd2099@group-2F53F772D121-StateMachineUpdater] INFO  impl.StateMachineUpdater (StateMachineUpdater.java:lambda$new$0(102)) - 8e51993b-4f71-45b0-84f2-cf37ffbd2099@group-2F53F772D121-StateMachineUpdater: snapshotIndex: updateIncreasingly -1 -> 0
2025-05-14 02:53:39,991 [6338fc9c-a704-4fa0-9c76-ba0cbc116aba@group-5FB1EBE2B0BE-FollowerState] INFO  impl.FollowerState (FollowerState.java:runImpl(161)) - 6338fc9c-a704-4fa0-9c76-ba0cbc116aba@group-5FB1EBE2B0BE-FollowerState: change to CANDIDATE, lastRpcElapsedTime:1030397651ns, electionTimeout:1028ms
2025-05-14 02:53:39,992 [6338fc9c-a704-4fa0-9c76-ba0cbc116aba@group-5FB1EBE2B0BE-FollowerState] INFO  impl.RoleInfo (RoleInfo.java:shutdownFollowerState(121)) - 6338fc9c-a704-4fa0-9c76-ba0cbc116aba: shutdown 6338fc9c-a704-4fa0-9c76-ba0cbc116aba@group-5FB1EBE2B0BE-FollowerState
2025-05-14 02:53:39,992 [6338fc9c-a704-4fa0-9c76-ba0cbc116aba@group-5FB1EBE2B0BE-FollowerState] INFO  server.RaftServer$Division (RaftServerImpl.java:setRole(378)) - 6338fc9c-a704-4fa0-9c76-ba0cbc116aba@group-5FB1EBE2B0BE: changes role from  FOLLOWER to CANDIDATE at term 0 for changeToCandidate
2025-05-14 02:53:39,992 [6338fc9c-a704-4fa0-9c76-ba0cbc116aba@group-5FB1EBE2B0BE-FollowerState] INFO  server.RaftServerConfigKeys (ConfUtils.java:logGet(46)) - raft.server.leaderelection.pre-vote = true (default)
2025-05-14 02:53:39,992 [6338fc9c-a704-4fa0-9c76-ba0cbc116aba@group-5FB1EBE2B0BE-FollowerState] INFO  impl.RoleInfo (RoleInfo.java:updateAndGet(148)) - 6338fc9c-a704-4fa0-9c76-ba0cbc116aba: start 6338fc9c-a704-4fa0-9c76-ba0cbc116aba@group-5FB1EBE2B0BE-LeaderElection20
2025-05-14 02:53:39,994 [6338fc9c-a704-4fa0-9c76-ba0cbc116aba@group-5FB1EBE2B0BE-LeaderElection20] INFO  impl.LeaderElection (LeaderElection.java:askForVotes(332)) - 6338fc9c-a704-4fa0-9c76-ba0cbc116aba@group-5FB1EBE2B0BE-LeaderElection20 PRE_VOTE round 0: submit vote requests at term 0 for conf: {index: -1, cur=peers:[6338fc9c-a704-4fa0-9c76-ba0cbc116aba|127.0.0.1:15079]|listeners:[], old=null}
2025-05-14 02:53:39,994 [6338fc9c-a704-4fa0-9c76-ba0cbc116aba@group-5FB1EBE2B0BE-LeaderElection20] INFO  impl.LeaderElection (LeaderElection.java:askForVotes(334)) - 6338fc9c-a704-4fa0-9c76-ba0cbc116aba@group-5FB1EBE2B0BE-LeaderElection20 PRE_VOTE round 0: result PASSED (term=0)
2025-05-14 02:53:39,996 [6338fc9c-a704-4fa0-9c76-ba0cbc116aba@group-AFF22C375116-FollowerState] INFO  impl.FollowerState (FollowerState.java:runImpl(161)) - 6338fc9c-a704-4fa0-9c76-ba0cbc116aba@group-AFF22C375116-FollowerState: change to CANDIDATE, lastRpcElapsedTime:1157956588ns, electionTimeout:1155ms
2025-05-14 02:53:39,997 [6338fc9c-a704-4fa0-9c76-ba0cbc116aba@group-5FB1EBE2B0BE-LeaderElection20] INFO  impl.LeaderElection (LeaderElection.java:askForVotes(332)) - 6338fc9c-a704-4fa0-9c76-ba0cbc116aba@group-5FB1EBE2B0BE-LeaderElection20 ELECTION round 0: submit vote requests at term 1 for conf: {index: -1, cur=peers:[6338fc9c-a704-4fa0-9c76-ba0cbc116aba|127.0.0.1:15079]|listeners:[], old=null}
2025-05-14 02:53:39,997 [6338fc9c-a704-4fa0-9c76-ba0cbc116aba@group-5FB1EBE2B0BE-LeaderElection20] INFO  impl.LeaderElection (LeaderElection.java:askForVotes(334)) - 6338fc9c-a704-4fa0-9c76-ba0cbc116aba@group-5FB1EBE2B0BE-LeaderElection20 ELECTION round 0: result PASSED (term=1)
2025-05-14 02:53:39,997 [6338fc9c-a704-4fa0-9c76-ba0cbc116aba@group-5FB1EBE2B0BE-LeaderElection20] INFO  impl.RoleInfo (RoleInfo.java:shutdownLeaderElection(141)) - 6338fc9c-a704-4fa0-9c76-ba0cbc116aba: shutdown 6338fc9c-a704-4fa0-9c76-ba0cbc116aba@group-5FB1EBE2B0BE-LeaderElection20
2025-05-14 02:53:39,997 [6338fc9c-a704-4fa0-9c76-ba0cbc116aba@group-5FB1EBE2B0BE-LeaderElection20] INFO  server.RaftServer$Division (RaftServerImpl.java:setRole(378)) - 6338fc9c-a704-4fa0-9c76-ba0cbc116aba@group-5FB1EBE2B0BE: changes role from CANDIDATE to LEADER at term 1 for changeToLeader
2025-05-14 02:53:39,997 [6338fc9c-a704-4fa0-9c76-ba0cbc116aba@group-5FB1EBE2B0BE-LeaderElection20] INFO  server.RaftServerConfigKeys (ConfUtils.java:logGet(46)) - raft.server.staging.catchup.gap = 1000 (default)
2025-05-14 02:53:39,997 [6338fc9c-a704-4fa0-9c76-ba0cbc116aba@group-5FB1EBE2B0BE-LeaderElection20] INFO  server.RaftServerConfigKeys (ConfUtils.java:logGet(46)) - raft.server.write.element-limit = 1024 (custom)
2025-05-14 02:53:39,998 [6338fc9c-a704-4fa0-9c76-ba0cbc116aba@group-5FB1EBE2B0BE-LeaderElection20] INFO  server.RaftServerConfigKeys (ConfUtils.java:logGet(46)) - raft.server.write.byte-limit = 1024 M (=1073741824) (custom)
2025-05-14 02:53:39,998 [6338fc9c-a704-4fa0-9c76-ba0cbc116aba@group-5FB1EBE2B0BE-LeaderElection20] INFO  server.RaftServerConfigKeys (ConfUtils.java:logGet(46)) - raft.server.watch.timeout = 10000ms (default)
2025-05-14 02:53:39,998 [6338fc9c-a704-4fa0-9c76-ba0cbc116aba@group-5FB1EBE2B0BE-LeaderElection20] INFO  server.RaftServerConfigKeys (ConfUtils.java:logGet(46)) - raft.server.watch.timeout.denomination = 1s (default)
2025-05-14 02:53:39,998 [6338fc9c-a704-4fa0-9c76-ba0cbc116aba@group-5FB1EBE2B0BE-LeaderElection20] INFO  server.RaftServerConfigKeys (ConfUtils.java:logGet(46)) - raft.server.watch.element-limit = 65536 (default)
2025-05-14 02:53:39,998 [6338fc9c-a704-4fa0-9c76-ba0cbc116aba@group-5FB1EBE2B0BE-LeaderElection20] INFO  server.RaftServerConfigKeys (ConfUtils.java:logGet(46)) - raft.server.read.leader.lease.enabled = false (default)
2025-05-14 02:53:39,998 [6338fc9c-a704-4fa0-9c76-ba0cbc116aba@group-5FB1EBE2B0BE-LeaderElection20] INFO  server.RaftServerConfigKeys (ConfUtils.java:logGet(46)) - raft.server.read.leader.lease.timeout.ratio = 0.9 (default)
2025-05-14 02:53:39,999 [6338fc9c-a704-4fa0-9c76-ba0cbc116aba@group-5FB1EBE2B0BE-LeaderElection20] INFO  server.RaftServerConfigKeys (ConfUtils.java:logGet(46)) - raft.server.rpc.timeout.min = 5s (custom)
2025-05-14 02:53:39,999 [6338fc9c-a704-4fa0-9c76-ba0cbc116aba@group-5FB1EBE2B0BE-LeaderElection20] INFO  server.RaftServerConfigKeys (ConfUtils.java:logGet(46)) - raft.server.log.log-metadata.enabled = true (default)
2025-05-14 02:53:39,999 [6338fc9c-a704-4fa0-9c76-ba0cbc116aba@group-5FB1EBE2B0BE-LeaderElection20] INFO  server.RaftServerConfigKeys (ConfUtils.java:logGet(46)) - raft.server.write.element-limit = 1024 (custom)
2025-05-14 02:53:39,999 [6338fc9c-a704-4fa0-9c76-ba0cbc116aba@group-5FB1EBE2B0BE-LeaderElection20] INFO  server.RaftServerConfigKeys (ConfUtils.java:logGet(46)) - raft.server.write.follower.gap.ratio.max = -1.0 (default)
2025-05-14 02:53:39,999 [6338fc9c-a704-4fa0-9c76-ba0cbc116aba@group-5FB1EBE2B0BE-LeaderElection20] INFO  impl.RoleInfo (RoleInfo.java:updateAndGet(148)) - 6338fc9c-a704-4fa0-9c76-ba0cbc116aba: start 6338fc9c-a704-4fa0-9c76-ba0cbc116aba@group-5FB1EBE2B0BE-LeaderStateImpl
2025-05-14 02:53:39,999 [6338fc9c-a704-4fa0-9c76-ba0cbc116aba@group-5FB1EBE2B0BE-LeaderElection20] INFO  server.RaftServer$Division (RaftServerImpl.java:setFirstElection(562)) - 6338fc9c-a704-4fa0-9c76-ba0cbc116aba@group-5FB1EBE2B0BE: set firstElectionSinceStartup to false for becomeLeader
2025-05-14 02:53:39,999 [6338fc9c-a704-4fa0-9c76-ba0cbc116aba@group-5FB1EBE2B0BE-LeaderElection20] INFO  ratis.XceiverServerRatis (XceiverServerRatis.java:handleLeaderChangedNotification(944)) - Leader change notification received for group: group-5FB1EBE2B0BE with new leaderId: 6338fc9c-a704-4fa0-9c76-ba0cbc116aba
2025-05-14 02:53:39,999 [6338fc9c-a704-4fa0-9c76-ba0cbc116aba@group-5FB1EBE2B0BE-LeaderElection20] INFO  server.RaftServer$Division (ServerState.java:setLeader(272)) - 6338fc9c-a704-4fa0-9c76-ba0cbc116aba@group-5FB1EBE2B0BE: change Leader from null to 6338fc9c-a704-4fa0-9c76-ba0cbc116aba at term 1 for becomeLeader, leader elected after 1072ms
2025-05-14 02:53:39,999 [6338fc9c-a704-4fa0-9c76-ba0cbc116aba@group-5FB1EBE2B0BE-LeaderElection20] INFO  segmented.SegmentedRaftLogWorker (SegmentedRaftLogWorker.java:startLogSegment(438)) - 6338fc9c-a704-4fa0-9c76-ba0cbc116aba@group-5FB1EBE2B0BE-SegmentedRaftLogWorker: Starting segment from index:0
2025-05-14 02:53:39,999 [6338fc9c-a704-4fa0-9c76-ba0cbc116aba@group-5FB1EBE2B0BE-LeaderElection20] INFO  server.RaftServer$Division (ServerState.java:setRaftConf(386)) - 6338fc9c-a704-4fa0-9c76-ba0cbc116aba@group-5FB1EBE2B0BE: set configuration conf: {index: 0, cur=peers:[6338fc9c-a704-4fa0-9c76-ba0cbc116aba|127.0.0.1:15079]|listeners:[], old=null}
2025-05-14 02:53:39,999 [6338fc9c-a704-4fa0-9c76-ba0cbc116aba@group-AFF22C375116-FollowerState] INFO  impl.RoleInfo (RoleInfo.java:shutdownFollowerState(121)) - 6338fc9c-a704-4fa0-9c76-ba0cbc116aba: shutdown 6338fc9c-a704-4fa0-9c76-ba0cbc116aba@group-AFF22C375116-FollowerState
2025-05-14 02:53:39,999 [6338fc9c-a704-4fa0-9c76-ba0cbc116aba@group-AFF22C375116-FollowerState] INFO  server.RaftServer$Division (RaftServerImpl.java:setRole(378)) - 6338fc9c-a704-4fa0-9c76-ba0cbc116aba@group-AFF22C375116: changes role from  FOLLOWER to CANDIDATE at term 0 for changeToCandidate
2025-05-14 02:53:39,999 [6338fc9c-a704-4fa0-9c76-ba0cbc116aba@group-AFF22C375116-FollowerState] INFO  server.RaftServerConfigKeys (ConfUtils.java:logGet(46)) - raft.server.leaderelection.pre-vote = true (default)
2025-05-14 02:53:39,999 [6338fc9c-a704-4fa0-9c76-ba0cbc116aba@group-AFF22C375116-FollowerState] INFO  impl.RoleInfo (RoleInfo.java:updateAndGet(148)) - 6338fc9c-a704-4fa0-9c76-ba0cbc116aba: start 6338fc9c-a704-4fa0-9c76-ba0cbc116aba@group-AFF22C375116-LeaderElection21
2025-05-14 02:53:40,000 [6338fc9c-a704-4fa0-9c76-ba0cbc116aba@group-5FB1EBE2B0BE-SegmentedRaftLogWorker] INFO  segmented.BufferedWriteChannel (BufferedWriteChannel.java:open(61)) - open log_inprogress_0 at position 0
2025-05-14 02:53:40,002 [6338fc9c-a704-4fa0-9c76-ba0cbc116aba@group-AFF22C375116-LeaderElection21] INFO  impl.LeaderElection (LeaderElection.java:askForVotes(332)) - 6338fc9c-a704-4fa0-9c76-ba0cbc116aba@group-AFF22C375116-LeaderElection21 PRE_VOTE round 0: submit vote requests at term 0 for conf: {index: -1, cur=peers:[f4f68937-1ce3-42e1-b3e7-547ae2d23d85|127.0.0.1:15063, 6338fc9c-a704-4fa0-9c76-ba0cbc116aba|127.0.0.1:15079, 8e51993b-4f71-45b0-84f2-cf37ffbd2099|127.0.0.1:15071]|listeners:[], old=null}
2025-05-14 02:53:40,003 [6338fc9c-a704-4fa0-9c76-ba0cbc116aba@group-AFF22C375116-LeaderElection21-1] INFO  server.GrpcServerProtocolClient (GrpcServerProtocolClient.java:<init>(65)) - Build channel for f4f68937-1ce3-42e1-b3e7-547ae2d23d85|127.0.0.1:15063
2025-05-14 02:53:40,004 [6338fc9c-a704-4fa0-9c76-ba0cbc116aba@group-AFF22C375116-LeaderElection21] INFO  server.RaftServerConfigKeys (ConfUtils.java:logGet(46)) - raft.server.rpc.first-election.timeout.min = 1000ms (custom)
2025-05-14 02:53:40,004 [6338fc9c-a704-4fa0-9c76-ba0cbc116aba@group-AFF22C375116-LeaderElection21] INFO  server.RaftServerConfigKeys (ConfUtils.java:logGet(46)) - raft.server.rpc.first-election.timeout.max = 1200ms (custom)
2025-05-14 02:53:40,005 [6338fc9c-a704-4fa0-9c76-ba0cbc116aba@group-AFF22C375116-LeaderElection21-2] INFO  server.GrpcServerProtocolClient (GrpcServerProtocolClient.java:<init>(65)) - Build channel for 8e51993b-4f71-45b0-84f2-cf37ffbd2099|127.0.0.1:15071
2025-05-14 02:53:40,010 [grpc-default-executor-4] INFO  server.RaftServer$Division (RaftServerImpl.java:requestVote(1407)) - 8e51993b-4f71-45b0-84f2-cf37ffbd2099@group-AFF22C375116: receive requestVote(PRE_VOTE, 6338fc9c-a704-4fa0-9c76-ba0cbc116aba, group-AFF22C375116, 0, (t:0, i:0))
2025-05-14 02:53:40,010 [grpc-default-executor-4] INFO  impl.VoteContext (VoteContext.java:log(49)) - 8e51993b-4f71-45b0-84f2-cf37ffbd2099@group-AFF22C375116-FOLLOWER: accept PRE_VOTE from 6338fc9c-a704-4fa0-9c76-ba0cbc116aba: our priority 0 <= candidate's priority 1
2025-05-14 02:53:40,010 [grpc-default-executor-4] INFO  server.RaftServer$Division (RaftServerImpl.java:requestVote(1441)) - 8e51993b-4f71-45b0-84f2-cf37ffbd2099@group-AFF22C375116 replies to PRE_VOTE vote request: 6338fc9c-a704-4fa0-9c76-ba0cbc116aba<-8e51993b-4f71-45b0-84f2-cf37ffbd2099#0:OK-t0. Peer's state: 8e51993b-4f71-45b0-84f2-cf37ffbd2099@group-AFF22C375116:t0, leader=null, voted=, raftlog=Memoized:8e51993b-4f71-45b0-84f2-cf37ffbd2099@group-AFF22C375116-SegmentedRaftLog:OPENED:c-1:lastnull, conf=conf: {index: -1, cur=peers:[f4f68937-1ce3-42e1-b3e7-547ae2d23d85|127.0.0.1:15063, 6338fc9c-a704-4fa0-9c76-ba0cbc116aba|127.0.0.1:15079, 8e51993b-4f71-45b0-84f2-cf37ffbd2099|127.0.0.1:15071]|listeners:[], old=null}
2025-05-14 02:53:40,011 [grpc-default-executor-5] INFO  server.RaftServer$Division (RaftServerImpl.java:requestVote(1407)) - f4f68937-1ce3-42e1-b3e7-547ae2d23d85@group-AFF22C375116: receive requestVote(PRE_VOTE, 6338fc9c-a704-4fa0-9c76-ba0cbc116aba, group-AFF22C375116, 0, (t:0, i:0))
2025-05-14 02:53:40,012 [grpc-default-executor-5] INFO  impl.VoteContext (VoteContext.java:log(49)) - f4f68937-1ce3-42e1-b3e7-547ae2d23d85@group-AFF22C375116-FOLLOWER: accept PRE_VOTE from 6338fc9c-a704-4fa0-9c76-ba0cbc116aba: our priority 0 <= candidate's priority 1
2025-05-14 02:53:40,012 [grpc-default-executor-5] INFO  server.RaftServer$Division (RaftServerImpl.java:requestVote(1441)) - f4f68937-1ce3-42e1-b3e7-547ae2d23d85@group-AFF22C375116 replies to PRE_VOTE vote request: 6338fc9c-a704-4fa0-9c76-ba0cbc116aba<-f4f68937-1ce3-42e1-b3e7-547ae2d23d85#0:OK-t0. Peer's state: f4f68937-1ce3-42e1-b3e7-547ae2d23d85@group-AFF22C375116:t0, leader=null, voted=, raftlog=Memoized:f4f68937-1ce3-42e1-b3e7-547ae2d23d85@group-AFF22C375116-SegmentedRaftLog:OPENED:c-1:lastnull, conf=conf: {index: -1, cur=peers:[f4f68937-1ce3-42e1-b3e7-547ae2d23d85|127.0.0.1:15063, 6338fc9c-a704-4fa0-9c76-ba0cbc116aba|127.0.0.1:15079, 8e51993b-4f71-45b0-84f2-cf37ffbd2099|127.0.0.1:15071]|listeners:[], old=null}
2025-05-14 02:53:40,013 [6338fc9c-a704-4fa0-9c76-ba0cbc116aba@group-AFF22C375116-LeaderElection21] INFO  impl.LeaderElection (LeaderElection.java:logAndReturn(90)) - 6338fc9c-a704-4fa0-9c76-ba0cbc116aba@group-AFF22C375116-LeaderElection21: PRE_VOTE PASSED received 1 response(s) and 0 exception(s):
2025-05-14 02:53:40,013 [6338fc9c-a704-4fa0-9c76-ba0cbc116aba@group-AFF22C375116-LeaderElection21] INFO  impl.LeaderElection (LeaderElection.java:logAndReturn(94)) -   Response 0: 6338fc9c-a704-4fa0-9c76-ba0cbc116aba<-8e51993b-4f71-45b0-84f2-cf37ffbd2099#0:OK-t0
2025-05-14 02:53:40,013 [6338fc9c-a704-4fa0-9c76-ba0cbc116aba@group-AFF22C375116-LeaderElection21] INFO  impl.LeaderElection (LeaderElection.java:askForVotes(334)) - 6338fc9c-a704-4fa0-9c76-ba0cbc116aba@group-AFF22C375116-LeaderElection21 PRE_VOTE round 0: result PASSED
2025-05-14 02:53:40,013 [6338fc9c-a704-4fa0-9c76-ba0cbc116aba@group-5FB1EBE2B0BE-SegmentedRaftLogWorker] INFO  segmented.SegmentedRaftLogWorker (SegmentedRaftLogWorker.java:execute(644)) - 6338fc9c-a704-4fa0-9c76-ba0cbc116aba@group-5FB1EBE2B0BE-SegmentedRaftLogWorker: created new log segment /home/runner/work/ozone/ozone/hadoop-ozone/integration-test/target/test-dir/MiniOzoneClusterImpl-af940217-b311-440f-8e09-352fdf66236b/ozone-meta/datanode-9/ratis/67bafac4-86d4-435c-b167-5fb1ebe2b0be/current/log_inprogress_0
2025-05-14 02:53:40,014 [6338fc9c-a704-4fa0-9c76-ba0cbc116aba@group-AFF22C375116-LeaderElection21] INFO  impl.LeaderElection (LeaderElection.java:askForVotes(332)) - 6338fc9c-a704-4fa0-9c76-ba0cbc116aba@group-AFF22C375116-LeaderElection21 ELECTION round 0: submit vote requests at term 1 for conf: {index: -1, cur=peers:[f4f68937-1ce3-42e1-b3e7-547ae2d23d85|127.0.0.1:15063, 6338fc9c-a704-4fa0-9c76-ba0cbc116aba|127.0.0.1:15079, 8e51993b-4f71-45b0-84f2-cf37ffbd2099|127.0.0.1:15071]|listeners:[], old=null}
2025-05-14 02:53:40,014 [6338fc9c-a704-4fa0-9c76-ba0cbc116aba@group-AFF22C375116-LeaderElection21] INFO  server.RaftServerConfigKeys (ConfUtils.java:logGet(46)) - raft.server.rpc.first-election.timeout.min = 1000ms (custom)
2025-05-14 02:53:40,015 [6338fc9c-a704-4fa0-9c76-ba0cbc116aba@group-AFF22C375116-LeaderElection21] INFO  server.RaftServerConfigKeys (ConfUtils.java:logGet(46)) - raft.server.rpc.first-election.timeout.max = 1200ms (custom)
2025-05-14 02:53:40,015 [6338fc9c-a704-4fa0-9c76-ba0cbc116aba@group-5FB1EBE2B0BE-StateMachineUpdater] INFO  server.RaftServer$Division (LeaderStateImpl.java:checkStartIndex(313)) - Leader 6338fc9c-a704-4fa0-9c76-ba0cbc116aba@group-5FB1EBE2B0BE-LeaderStateImpl is ready since appliedIndex == startIndex == 0
2025-05-14 02:53:40,015 [6338fc9c-a704-4fa0-9c76-ba0cbc116aba@group-5FB1EBE2B0BE-StateMachineUpdater] INFO  ratis.ContainerStateMachine (ContainerStateMachine.java:takeSnapshot(427)) - group-5FB1EBE2B0BE: Taking a snapshot at:(t:1, i:0) file /home/runner/work/ozone/ozone/hadoop-ozone/integration-test/target/test-dir/MiniOzoneClusterImpl-af940217-b311-440f-8e09-352fdf66236b/ozone-meta/datanode-9/ratis/67bafac4-86d4-435c-b167-5fb1ebe2b0be/sm/snapshot.1_0
2025-05-14 02:53:40,016 [6338fc9c-a704-4fa0-9c76-ba0cbc116aba@group-5FB1EBE2B0BE-StateMachineUpdater] INFO  ratis.ContainerStateMachine (ContainerStateMachine.java:takeSnapshot(436)) - group-5FB1EBE2B0BE: Finished taking a snapshot at:(t:1, i:0) file:/home/runner/work/ozone/ozone/hadoop-ozone/integration-test/target/test-dir/MiniOzoneClusterImpl-af940217-b311-440f-8e09-352fdf66236b/ozone-meta/datanode-9/ratis/67bafac4-86d4-435c-b167-5fb1ebe2b0be/sm/snapshot.1_0 took: 1 ms
2025-05-14 02:53:40,016 [6338fc9c-a704-4fa0-9c76-ba0cbc116aba@group-5FB1EBE2B0BE-StateMachineUpdater] INFO  impl.StateMachineUpdater (StateMachineUpdater.java:takeSnapshot(303)) - 6338fc9c-a704-4fa0-9c76-ba0cbc116aba@group-5FB1EBE2B0BE-StateMachineUpdater: Took a snapshot at index 0
2025-05-14 02:53:40,016 [6338fc9c-a704-4fa0-9c76-ba0cbc116aba@group-5FB1EBE2B0BE-StateMachineUpdater] INFO  impl.StateMachineUpdater (StateMachineUpdater.java:lambda$new$0(102)) - 6338fc9c-a704-4fa0-9c76-ba0cbc116aba@group-5FB1EBE2B0BE-StateMachineUpdater: snapshotIndex: updateIncreasingly -1 -> 0
2025-05-14 02:53:40,017 [grpc-default-executor-5] INFO  server.RaftServer$Division (RaftServerImpl.java:requestVote(1407)) - f4f68937-1ce3-42e1-b3e7-547ae2d23d85@group-AFF22C375116: receive requestVote(ELECTION, 6338fc9c-a704-4fa0-9c76-ba0cbc116aba, group-AFF22C375116, 1, (t:0, i:0))
2025-05-14 02:53:40,018 [grpc-default-executor-5] INFO  impl.VoteContext (VoteContext.java:log(49)) - f4f68937-1ce3-42e1-b3e7-547ae2d23d85@group-AFF22C375116-FOLLOWER: accept ELECTION from 6338fc9c-a704-4fa0-9c76-ba0cbc116aba: our priority 0 <= candidate's priority 1
2025-05-14 02:53:40,018 [grpc-default-executor-5] INFO  server.RaftServer$Division (RaftServerImpl.java:setRole(378)) - f4f68937-1ce3-42e1-b3e7-547ae2d23d85@group-AFF22C375116: changes role from  FOLLOWER to FOLLOWER at term 0 for candidate:6338fc9c-a704-4fa0-9c76-ba0cbc116aba
2025-05-14 02:53:40,018 [grpc-default-executor-5] INFO  impl.RoleInfo (RoleInfo.java:shutdownFollowerState(121)) - f4f68937-1ce3-42e1-b3e7-547ae2d23d85: shutdown f4f68937-1ce3-42e1-b3e7-547ae2d23d85@group-AFF22C375116-FollowerState
2025-05-14 02:53:40,018 [grpc-default-executor-4] INFO  server.RaftServer$Division (RaftServerImpl.java:requestVote(1407)) - 8e51993b-4f71-45b0-84f2-cf37ffbd2099@group-AFF22C375116: receive requestVote(ELECTION, 6338fc9c-a704-4fa0-9c76-ba0cbc116aba, group-AFF22C375116, 1, (t:0, i:0))
2025-05-14 02:53:40,018 [grpc-default-executor-4] INFO  impl.VoteContext (VoteContext.java:log(49)) - 8e51993b-4f71-45b0-84f2-cf37ffbd2099@group-AFF22C375116-FOLLOWER: accept ELECTION from 6338fc9c-a704-4fa0-9c76-ba0cbc116aba: our priority 0 <= candidate's priority 1
2025-05-14 02:53:40,018 [grpc-default-executor-4] INFO  server.RaftServer$Division (RaftServerImpl.java:setRole(378)) - 8e51993b-4f71-45b0-84f2-cf37ffbd2099@group-AFF22C375116: changes role from  FOLLOWER to FOLLOWER at term 0 for candidate:6338fc9c-a704-4fa0-9c76-ba0cbc116aba
2025-05-14 02:53:40,018 [grpc-default-executor-4] INFO  impl.RoleInfo (RoleInfo.java:shutdownFollowerState(121)) - 8e51993b-4f71-45b0-84f2-cf37ffbd2099: shutdown 8e51993b-4f71-45b0-84f2-cf37ffbd2099@group-AFF22C375116-FollowerState
2025-05-14 02:53:40,019 [grpc-default-executor-4] INFO  impl.RoleInfo (RoleInfo.java:updateAndGet(148)) - 8e51993b-4f71-45b0-84f2-cf37ffbd2099: start 8e51993b-4f71-45b0-84f2-cf37ffbd2099@group-AFF22C375116-FollowerState
2025-05-14 02:53:40,019 [grpc-default-executor-5] INFO  impl.RoleInfo (RoleInfo.java:updateAndGet(148)) - f4f68937-1ce3-42e1-b3e7-547ae2d23d85: start f4f68937-1ce3-42e1-b3e7-547ae2d23d85@group-AFF22C375116-FollowerState
2025-05-14 02:53:40,019 [8e51993b-4f71-45b0-84f2-cf37ffbd2099@group-AFF22C375116-FollowerState] INFO  impl.FollowerState (FollowerState.java:runImpl(170)) - 8e51993b-4f71-45b0-84f2-cf37ffbd2099@group-AFF22C375116-FollowerState was interrupted
2025-05-14 02:53:40,019 [f4f68937-1ce3-42e1-b3e7-547ae2d23d85@group-AFF22C375116-FollowerState] INFO  impl.FollowerState (FollowerState.java:runImpl(170)) - f4f68937-1ce3-42e1-b3e7-547ae2d23d85@group-AFF22C375116-FollowerState was interrupted
2025-05-14 02:53:40,020 [grpc-default-executor-5] INFO  server.RaftServer$Division (RaftServerImpl.java:setFirstElection(562)) - f4f68937-1ce3-42e1-b3e7-547ae2d23d85@group-AFF22C375116: set firstElectionSinceStartup to false for candidate:6338fc9c-a704-4fa0-9c76-ba0cbc116aba
2025-05-14 02:53:40,021 [grpc-default-executor-4] INFO  server.RaftServer$Division (RaftServerImpl.java:requestVote(1441)) - 8e51993b-4f71-45b0-84f2-cf37ffbd2099@group-AFF22C375116 replies to ELECTION vote request: 6338fc9c-a704-4fa0-9c76-ba0cbc116aba<-8e51993b-4f71-45b0-84f2-cf37ffbd2099#0:OK-t1. Peer's state: 8e51993b-4f71-45b0-84f2-cf37ffbd2099@group-AFF22C375116:t1, leader=null, voted=6338fc9c-a704-4fa0-9c76-ba0cbc116aba, raftlog=Memoized:8e51993b-4f71-45b0-84f2-cf37ffbd2099@group-AFF22C375116-SegmentedRaftLog:OPENED:c-1:lastnull, conf=conf: {index: -1, cur=peers:[f4f68937-1ce3-42e1-b3e7-547ae2d23d85|127.0.0.1:15063, 6338fc9c-a704-4fa0-9c76-ba0cbc116aba|127.0.0.1:15079, 8e51993b-4f71-45b0-84f2-cf37ffbd2099|127.0.0.1:15071]|listeners:[], old=null}
2025-05-14 02:53:40,021 [grpc-default-executor-5] INFO  server.RaftServer$Division (RaftServerImpl.java:requestVote(1441)) - f4f68937-1ce3-42e1-b3e7-547ae2d23d85@group-AFF22C375116 replies to ELECTION vote request: 6338fc9c-a704-4fa0-9c76-ba0cbc116aba<-f4f68937-1ce3-42e1-b3e7-547ae2d23d85#0:OK-t1. Peer's state: f4f68937-1ce3-42e1-b3e7-547ae2d23d85@group-AFF22C375116:t1, leader=null, voted=6338fc9c-a704-4fa0-9c76-ba0cbc116aba, raftlog=Memoized:f4f68937-1ce3-42e1-b3e7-547ae2d23d85@group-AFF22C375116-SegmentedRaftLog:OPENED:c-1:lastnull, conf=conf: {index: -1, cur=peers:[f4f68937-1ce3-42e1-b3e7-547ae2d23d85|127.0.0.1:15063, 6338fc9c-a704-4fa0-9c76-ba0cbc116aba|127.0.0.1:15079, 8e51993b-4f71-45b0-84f2-cf37ffbd2099|127.0.0.1:15071]|listeners:[], old=null}
2025-05-14 02:53:40,023 [6338fc9c-a704-4fa0-9c76-ba0cbc116aba@group-AFF22C375116-LeaderElection21] INFO  impl.LeaderElection (LeaderElection.java:logAndReturn(90)) - 6338fc9c-a704-4fa0-9c76-ba0cbc116aba@group-AFF22C375116-LeaderElection21: ELECTION PASSED received 1 response(s) and 0 exception(s):
2025-05-14 02:53:40,023 [6338fc9c-a704-4fa0-9c76-ba0cbc116aba@group-AFF22C375116-LeaderElection21] INFO  impl.LeaderElection (LeaderElection.java:logAndReturn(94)) -   Response 0: 6338fc9c-a704-4fa0-9c76-ba0cbc116aba<-f4f68937-1ce3-42e1-b3e7-547ae2d23d85#0:OK-t1
2025-05-14 02:53:40,023 [6338fc9c-a704-4fa0-9c76-ba0cbc116aba@group-AFF22C375116-LeaderElection21] INFO  impl.LeaderElection (LeaderElection.java:askForVotes(334)) - 6338fc9c-a704-4fa0-9c76-ba0cbc116aba@group-AFF22C375116-LeaderElection21 ELECTION round 0: result PASSED
2025-05-14 02:53:40,023 [6338fc9c-a704-4fa0-9c76-ba0cbc116aba@group-AFF22C375116-LeaderElection21] INFO  impl.RoleInfo (RoleInfo.java:shutdownLeaderElection(141)) - 6338fc9c-a704-4fa0-9c76-ba0cbc116aba: shutdown 6338fc9c-a704-4fa0-9c76-ba0cbc116aba@group-AFF22C375116-LeaderElection21
2025-05-14 02:53:40,023 [6338fc9c-a704-4fa0-9c76-ba0cbc116aba@group-AFF22C375116-LeaderElection21] INFO  server.RaftServer$Division (RaftServerImpl.java:setRole(378)) - 6338fc9c-a704-4fa0-9c76-ba0cbc116aba@group-AFF22C375116: changes role from CANDIDATE to LEADER at term 1 for changeToLeader
2025-05-14 02:53:40,023 [6338fc9c-a704-4fa0-9c76-ba0cbc116aba@group-AFF22C375116-LeaderElection21] INFO  server.RaftServerConfigKeys (ConfUtils.java:logGet(46)) - raft.server.staging.catchup.gap = 1000 (default)
2025-05-14 02:53:40,023 [6338fc9c-a704-4fa0-9c76-ba0cbc116aba@group-AFF22C375116-LeaderElection21] INFO  server.RaftServerConfigKeys (ConfUtils.java:logGet(46)) - raft.server.write.element-limit = 1024 (custom)
2025-05-14 02:53:40,023 [6338fc9c-a704-4fa0-9c76-ba0cbc116aba@group-AFF22C375116-LeaderElection21] INFO  server.RaftServerConfigKeys (ConfUtils.java:logGet(46)) - raft.server.write.byte-limit = 1024 M (=1073741824) (custom)
2025-05-14 02:53:40,023 [6338fc9c-a704-4fa0-9c76-ba0cbc116aba@group-AFF22C375116-LeaderElection21] INFO  server.RaftServerConfigKeys (ConfUtils.java:logGet(46)) - raft.server.watch.timeout = 10000ms (default)
2025-05-14 02:53:40,024 [6338fc9c-a704-4fa0-9c76-ba0cbc116aba@group-AFF22C375116-LeaderElection21] INFO  server.RaftServerConfigKeys (ConfUtils.java:logGet(46)) - raft.server.watch.timeout.denomination = 1s (default)
2025-05-14 02:53:40,024 [6338fc9c-a704-4fa0-9c76-ba0cbc116aba@group-AFF22C375116-LeaderElection21] INFO  server.RaftServerConfigKeys (ConfUtils.java:logGet(46)) - raft.server.watch.element-limit = 65536 (default)
2025-05-14 02:53:40,024 [6338fc9c-a704-4fa0-9c76-ba0cbc116aba@group-AFF22C375116-LeaderElection21] INFO  server.RaftServerConfigKeys (ConfUtils.java:logGet(46)) - raft.server.read.leader.lease.enabled = false (default)
2025-05-14 02:53:40,024 [6338fc9c-a704-4fa0-9c76-ba0cbc116aba@group-AFF22C375116-LeaderElection21] INFO  server.RaftServerConfigKeys (ConfUtils.java:logGet(46)) - raft.server.read.leader.lease.timeout.ratio = 0.9 (default)
2025-05-14 02:53:40,024 [6338fc9c-a704-4fa0-9c76-ba0cbc116aba@group-AFF22C375116-LeaderElection21] INFO  server.RaftServerConfigKeys (ConfUtils.java:logGet(46)) - raft.server.rpc.timeout.min = 5s (custom)
2025-05-14 02:53:40,024 [6338fc9c-a704-4fa0-9c76-ba0cbc116aba@group-AFF22C375116-LeaderElection21] INFO  server.RaftServerConfigKeys (ConfUtils.java:logGet(46)) - raft.server.log.log-metadata.enabled = true (default)
2025-05-14 02:53:40,024 [6338fc9c-a704-4fa0-9c76-ba0cbc116aba@group-AFF22C375116-LeaderElection21] INFO  server.RaftServerConfigKeys (ConfUtils.java:logGet(46)) - raft.server.write.element-limit = 1024 (custom)
2025-05-14 02:53:40,025 [6338fc9c-a704-4fa0-9c76-ba0cbc116aba@group-AFF22C375116-LeaderElection21] INFO  server.RaftServerConfigKeys (ConfUtils.java:logGet(46)) - raft.server.write.follower.gap.ratio.max = -1.0 (default)
2025-05-14 02:53:40,025 [6338fc9c-a704-4fa0-9c76-ba0cbc116aba@group-AFF22C375116-LeaderElection21] INFO  server.RaftServerConfigKeys (ConfUtils.java:logGet(46)) - raft.server.log.appender.snapshot.chunk.size.max = 16MB (=16777216) (default)
2025-05-14 02:53:40,025 [6338fc9c-a704-4fa0-9c76-ba0cbc116aba@group-AFF22C375116-LeaderElection21] INFO  server.RaftServerConfigKeys (ConfUtils.java:logGet(46)) - raft.server.log.appender.buffer.byte-limit = 33554432 (custom)
2025-05-14 02:53:40,025 [6338fc9c-a704-4fa0-9c76-ba0cbc116aba@group-AFF22C375116-LeaderElection21] INFO  server.RaftServerConfigKeys (ConfUtils.java:logGet(46)) - raft.server.log.appender.buffer.element-limit = 1024 (custom)
2025-05-14 02:53:40,025 [6338fc9c-a704-4fa0-9c76-ba0cbc116aba@group-AFF22C375116-LeaderElection21] INFO  server.RaftServerConfigKeys (ConfUtils.java:logGet(46)) - raft.server.log.appender.wait-time.min = 0ms (custom)
2025-05-14 02:53:40,025 [6338fc9c-a704-4fa0-9c76-ba0cbc116aba@group-AFF22C375116-LeaderElection21] INFO  grpc.GrpcConfigKeys (ConfUtils.java:logGet(46)) - raft.grpc.server.leader.outstanding.appends.max = 8 (default)
2025-05-14 02:53:40,025 [6338fc9c-a704-4fa0-9c76-ba0cbc116aba@group-AFF22C375116-LeaderElection21] INFO  server.RaftServerConfigKeys (ConfUtils.java:logGet(46)) - raft.server.rpc.request.timeout = 3000ms (default)
2025-05-14 02:53:40,025 [6338fc9c-a704-4fa0-9c76-ba0cbc116aba@group-AFF22C375116-LeaderElection21] INFO  grpc.GrpcConfigKeys (ConfUtils.java:logGet(46)) - raft.grpc.server.install_snapshot.request.element-limit = 8 (default)
2025-05-14 02:53:40,025 [6338fc9c-a704-4fa0-9c76-ba0cbc116aba@group-AFF22C375116-LeaderElection21] INFO  grpc.GrpcConfigKeys (ConfUtils.java:logGet(46)) - raft.grpc.server.install_snapshot.request.timeout = 3000ms (default)
2025-05-14 02:53:40,026 [6338fc9c-a704-4fa0-9c76-ba0cbc116aba@group-AFF22C375116-LeaderElection21] INFO  grpc.GrpcConfigKeys (ConfUtils.java:logGet(46)) - raft.grpc.server.log-message.batch.duration = 5s (default)
2025-05-14 02:53:40,026 [6338fc9c-a704-4fa0-9c76-ba0cbc116aba@group-AFF22C375116-LeaderElection21] INFO  server.RaftServerConfigKeys (ConfUtils.java:logGet(46)) - raft.server.log.appender.install.snapshot.enabled = false (custom)
2025-05-14 02:53:40,026 [6338fc9c-a704-4fa0-9c76-ba0cbc116aba@group-AFF22C375116-LeaderElection21] INFO  grpc.GrpcConfigKeys (ConfUtils.java:logGet(46)) - raft.grpc.server.heartbeat.channel = true (default)
2025-05-14 02:53:40,027 [6338fc9c-a704-4fa0-9c76-ba0cbc116aba@group-AFF22C375116-LeaderElection21] INFO  server.RaftServerConfigKeys (ConfUtils.java:logGet(46)) - raft.server.log.appender.snapshot.chunk.size.max = 16MB (=16777216) (default)
2025-05-14 02:53:40,027 [6338fc9c-a704-4fa0-9c76-ba0cbc116aba@group-AFF22C375116-LeaderElection21] INFO  server.RaftServerConfigKeys (ConfUtils.java:logGet(46)) - raft.server.log.appender.buffer.byte-limit = 33554432 (custom)
2025-05-14 02:53:40,027 [6338fc9c-a704-4fa0-9c76-ba0cbc116aba@group-AFF22C375116-LeaderElection21] INFO  server.RaftServerConfigKeys (ConfUtils.java:logGet(46)) - raft.server.log.appender.buffer.element-limit = 1024 (custom)
2025-05-14 02:53:40,027 [6338fc9c-a704-4fa0-9c76-ba0cbc116aba@group-AFF22C375116-LeaderElection21] INFO  server.RaftServerConfigKeys (ConfUtils.java:logGet(46)) - raft.server.log.appender.wait-time.min = 0ms (custom)
2025-05-14 02:53:40,027 [6338fc9c-a704-4fa0-9c76-ba0cbc116aba@group-AFF22C375116-LeaderElection21] INFO  grpc.GrpcConfigKeys (ConfUtils.java:logGet(46)) - raft.grpc.server.leader.outstanding.appends.max = 8 (default)
2025-05-14 02:53:40,027 [6338fc9c-a704-4fa0-9c76-ba0cbc116aba@group-AFF22C375116-LeaderElection21] INFO  server.RaftServerConfigKeys (ConfUtils.java:logGet(46)) - raft.server.rpc.request.timeout = 3000ms (default)
2025-05-14 02:53:40,027 [6338fc9c-a704-4fa0-9c76-ba0cbc116aba@group-AFF22C375116-LeaderElection21] INFO  grpc.GrpcConfigKeys (ConfUtils.java:logGet(46)) - raft.grpc.server.install_snapshot.request.element-limit = 8 (default)
2025-05-14 02:53:40,027 [6338fc9c-a704-4fa0-9c76-ba0cbc116aba@group-AFF22C375116-LeaderElection21] INFO  grpc.GrpcConfigKeys (ConfUtils.java:logGet(46)) - raft.grpc.server.install_snapshot.request.timeout = 3000ms (default)
2025-05-14 02:53:40,027 [6338fc9c-a704-4fa0-9c76-ba0cbc116aba@group-AFF22C375116-LeaderElection21] INFO  grpc.GrpcConfigKeys (ConfUtils.java:logGet(46)) - raft.grpc.server.log-message.batch.duration = 5s (default)
2025-05-14 02:53:40,027 [6338fc9c-a704-4fa0-9c76-ba0cbc116aba@group-AFF22C375116-LeaderElection21] INFO  server.RaftServerConfigKeys (ConfUtils.java:logGet(46)) - raft.server.log.appender.install.snapshot.enabled = false (custom)
2025-05-14 02:53:40,027 [6338fc9c-a704-4fa0-9c76-ba0cbc116aba@group-AFF22C375116-LeaderElection21] INFO  grpc.GrpcConfigKeys (ConfUtils.java:logGet(46)) - raft.grpc.server.heartbeat.channel = true (default)
2025-05-14 02:53:40,028 [6338fc9c-a704-4fa0-9c76-ba0cbc116aba@group-AFF22C375116-LeaderElection21] INFO  impl.RoleInfo (RoleInfo.java:updateAndGet(148)) - 6338fc9c-a704-4fa0-9c76-ba0cbc116aba: start 6338fc9c-a704-4fa0-9c76-ba0cbc116aba@group-AFF22C375116-LeaderStateImpl
2025-05-14 02:53:40,028 [6338fc9c-a704-4fa0-9c76-ba0cbc116aba@group-AFF22C375116-LeaderElection21] INFO  server.RaftServer$Division (RaftServerImpl.java:setFirstElection(562)) - 6338fc9c-a704-4fa0-9c76-ba0cbc116aba@group-AFF22C375116: set firstElectionSinceStartup to false for becomeLeader
2025-05-14 02:53:40,028 [6338fc9c-a704-4fa0-9c76-ba0cbc116aba@group-AFF22C375116-LeaderElection21] INFO  ratis.XceiverServerRatis (XceiverServerRatis.java:handleLeaderChangedNotification(944)) - Leader change notification received for group: group-AFF22C375116 with new leaderId: 6338fc9c-a704-4fa0-9c76-ba0cbc116aba
2025-05-14 02:53:40,028 [6338fc9c-a704-4fa0-9c76-ba0cbc116aba@group-AFF22C375116-LeaderElection21] INFO  server.RaftServer$Division (ServerState.java:setLeader(272)) - 6338fc9c-a704-4fa0-9c76-ba0cbc116aba@group-AFF22C375116: change Leader from null to 6338fc9c-a704-4fa0-9c76-ba0cbc116aba at term 1 for becomeLeader, leader elected after 1216ms
2025-05-14 02:53:40,028 [6338fc9c-a704-4fa0-9c76-ba0cbc116aba@group-AFF22C375116-LeaderElection21] INFO  segmented.SegmentedRaftLogWorker (SegmentedRaftLogWorker.java:startLogSegment(438)) - 6338fc9c-a704-4fa0-9c76-ba0cbc116aba@group-AFF22C375116-SegmentedRaftLogWorker: Starting segment from index:0
2025-05-14 02:53:40,028 [6338fc9c-a704-4fa0-9c76-ba0cbc116aba@group-AFF22C375116-LeaderElection21] INFO  server.RaftServer$Division (ServerState.java:setRaftConf(386)) - 6338fc9c-a704-4fa0-9c76-ba0cbc116aba@group-AFF22C375116: set configuration conf: {index: 0, cur=peers:[f4f68937-1ce3-42e1-b3e7-547ae2d23d85|127.0.0.1:15063, 6338fc9c-a704-4fa0-9c76-ba0cbc116aba|127.0.0.1:15079, 8e51993b-4f71-45b0-84f2-cf37ffbd2099|127.0.0.1:15071]|listeners:[], old=null}
2025-05-14 02:53:40,028 [6338fc9c-a704-4fa0-9c76-ba0cbc116aba@group-AFF22C375116-SegmentedRaftLogWorker] INFO  segmented.BufferedWriteChannel (BufferedWriteChannel.java:open(61)) - open log_inprogress_0 at position 0
2025-05-14 02:53:40,035 [EventQueue-PipelineReportForPipelineReportHandler] INFO  pipeline.PipelineReportHandler (PipelineReportHandler.java:processPipelineReport(134)) - Opened pipeline PipelineID=04f6c6c3-d74d-4db8-823f-aff22c375116
2025-05-14 02:53:40,036 [f4f68937-1ce3-42e1-b3e7-547ae2d23d85-server-thread1] INFO  ratis.XceiverServerRatis (XceiverServerRatis.java:handleLeaderChangedNotification(944)) - Leader change notification received for group: group-AFF22C375116 with new leaderId: 6338fc9c-a704-4fa0-9c76-ba0cbc116aba
2025-05-14 02:53:40,036 [f4f68937-1ce3-42e1-b3e7-547ae2d23d85-server-thread1] INFO  server.RaftServer$Division (ServerState.java:setLeader(272)) - f4f68937-1ce3-42e1-b3e7-547ae2d23d85@group-AFF22C375116: change Leader from null to 6338fc9c-a704-4fa0-9c76-ba0cbc116aba at term 1 for appendEntries, leader elected after 1350ms
2025-05-14 02:53:40,036 [f4f68937-1ce3-42e1-b3e7-547ae2d23d85-server-thread1] INFO  server.RaftServer$Division (ServerState.java:setRaftConf(386)) - f4f68937-1ce3-42e1-b3e7-547ae2d23d85@group-AFF22C375116: set configuration conf: {index: 0, cur=peers:[f4f68937-1ce3-42e1-b3e7-547ae2d23d85|127.0.0.1:15063, 6338fc9c-a704-4fa0-9c76-ba0cbc116aba|127.0.0.1:15079, 8e51993b-4f71-45b0-84f2-cf37ffbd2099|127.0.0.1:15071]|listeners:[], old=null}
2025-05-14 02:53:40,036 [f4f68937-1ce3-42e1-b3e7-547ae2d23d85-server-thread1] INFO  segmented.SegmentedRaftLogWorker (SegmentedRaftLogWorker.java:startLogSegment(438)) - f4f68937-1ce3-42e1-b3e7-547ae2d23d85@group-AFF22C375116-SegmentedRaftLogWorker: Starting segment from index:0
2025-05-14 02:53:40,036 [f4f68937-1ce3-42e1-b3e7-547ae2d23d85@group-AFF22C375116-SegmentedRaftLogWorker] INFO  segmented.BufferedWriteChannel (BufferedWriteChannel.java:open(61)) - open log_inprogress_0 at position 0
2025-05-14 02:53:40,037 [8e51993b-4f71-45b0-84f2-cf37ffbd2099-server-thread1] INFO  ratis.XceiverServerRatis (XceiverServerRatis.java:handleLeaderChangedNotification(944)) - Leader change notification received for group: group-AFF22C375116 with new leaderId: 6338fc9c-a704-4fa0-9c76-ba0cbc116aba
2025-05-14 02:53:40,037 [8e51993b-4f71-45b0-84f2-cf37ffbd2099-server-thread1] INFO  server.RaftServer$Division (ServerState.java:setLeader(272)) - 8e51993b-4f71-45b0-84f2-cf37ffbd2099@group-AFF22C375116: change Leader from null to 6338fc9c-a704-4fa0-9c76-ba0cbc116aba at term 1 for appendEntries, leader elected after 1269ms
2025-05-14 02:53:40,039 [6338fc9c-a704-4fa0-9c76-ba0cbc116aba@group-AFF22C375116-SegmentedRaftLogWorker] INFO  segmented.SegmentedRaftLogWorker (SegmentedRaftLogWorker.java:execute(644)) - 6338fc9c-a704-4fa0-9c76-ba0cbc116aba@group-AFF22C375116-SegmentedRaftLogWorker: created new log segment /home/runner/work/ozone/ozone/hadoop-ozone/integration-test/target/test-dir/MiniOzoneClusterImpl-af940217-b311-440f-8e09-352fdf66236b/ozone-meta/datanode-9/ratis/04f6c6c3-d74d-4db8-823f-aff22c375116/current/log_inprogress_0
2025-05-14 02:53:40,039 [8e51993b-4f71-45b0-84f2-cf37ffbd2099-server-thread3] INFO  server.RaftServer$Division (ServerState.java:setRaftConf(386)) - 8e51993b-4f71-45b0-84f2-cf37ffbd2099@group-AFF22C375116: set configuration conf: {index: 0, cur=peers:[f4f68937-1ce3-42e1-b3e7-547ae2d23d85|127.0.0.1:15063, 6338fc9c-a704-4fa0-9c76-ba0cbc116aba|127.0.0.1:15079, 8e51993b-4f71-45b0-84f2-cf37ffbd2099|127.0.0.1:15071]|listeners:[], old=null}
2025-05-14 02:53:40,040 [8e51993b-4f71-45b0-84f2-cf37ffbd2099-server-thread3] INFO  segmented.SegmentedRaftLogWorker (SegmentedRaftLogWorker.java:startLogSegment(438)) - 8e51993b-4f71-45b0-84f2-cf37ffbd2099@group-AFF22C375116-SegmentedRaftLogWorker: Starting segment from index:0
2025-05-14 02:53:40,040 [8e51993b-4f71-45b0-84f2-cf37ffbd2099@group-AFF22C375116-SegmentedRaftLogWorker] INFO  segmented.BufferedWriteChannel (BufferedWriteChannel.java:open(61)) - open log_inprogress_0 at position 0
2025-05-14 02:53:40,049 [f4f68937-1ce3-42e1-b3e7-547ae2d23d85@group-AFF22C375116-SegmentedRaftLogWorker] INFO  segmented.SegmentedRaftLogWorker (SegmentedRaftLogWorker.java:execute(644)) - f4f68937-1ce3-42e1-b3e7-547ae2d23d85@group-AFF22C375116-SegmentedRaftLogWorker: created new log segment /home/runner/work/ozone/ozone/hadoop-ozone/integration-test/target/test-dir/MiniOzoneClusterImpl-af940217-b311-440f-8e09-352fdf66236b/ozone-meta/datanode-7/ratis/04f6c6c3-d74d-4db8-823f-aff22c375116/current/log_inprogress_0
2025-05-14 02:53:40,049 [8e51993b-4f71-45b0-84f2-cf37ffbd2099@group-AFF22C375116-SegmentedRaftLogWorker] INFO  segmented.SegmentedRaftLogWorker (SegmentedRaftLogWorker.java:execute(644)) - 8e51993b-4f71-45b0-84f2-cf37ffbd2099@group-AFF22C375116-SegmentedRaftLogWorker: created new log segment /home/runner/work/ozone/ozone/hadoop-ozone/integration-test/target/test-dir/MiniOzoneClusterImpl-af940217-b311-440f-8e09-352fdf66236b/ozone-meta/datanode-8/ratis/04f6c6c3-d74d-4db8-823f-aff22c375116/current/log_inprogress_0
2025-05-14 02:53:40,052 [6338fc9c-a704-4fa0-9c76-ba0cbc116aba@group-AFF22C375116-StateMachineUpdater] INFO  server.RaftServer$Division (LeaderStateImpl.java:checkStartIndex(313)) - Leader 6338fc9c-a704-4fa0-9c76-ba0cbc116aba@group-AFF22C375116-LeaderStateImpl is ready since appliedIndex == startIndex == 0
2025-05-14 02:53:40,052 [6338fc9c-a704-4fa0-9c76-ba0cbc116aba@group-AFF22C375116-StateMachineUpdater] INFO  ratis.ContainerStateMachine (ContainerStateMachine.java:takeSnapshot(427)) - group-AFF22C375116: Taking a snapshot at:(t:1, i:0) file /home/runner/work/ozone/ozone/hadoop-ozone/integration-test/target/test-dir/MiniOzoneClusterImpl-af940217-b311-440f-8e09-352fdf66236b/ozone-meta/datanode-9/ratis/04f6c6c3-d74d-4db8-823f-aff22c375116/sm/snapshot.1_0
2025-05-14 02:53:40,053 [6338fc9c-a704-4fa0-9c76-ba0cbc116aba@group-AFF22C375116-StateMachineUpdater] INFO  ratis.ContainerStateMachine (ContainerStateMachine.java:takeSnapshot(436)) - group-AFF22C375116: Finished taking a snapshot at:(t:1, i:0) file:/home/runner/work/ozone/ozone/hadoop-ozone/integration-test/target/test-dir/MiniOzoneClusterImpl-af940217-b311-440f-8e09-352fdf66236b/ozone-meta/datanode-9/ratis/04f6c6c3-d74d-4db8-823f-aff22c375116/sm/snapshot.1_0 took: 1 ms
2025-05-14 02:53:40,053 [6338fc9c-a704-4fa0-9c76-ba0cbc116aba@group-AFF22C375116-StateMachineUpdater] INFO  impl.StateMachineUpdater (StateMachineUpdater.java:takeSnapshot(303)) - 6338fc9c-a704-4fa0-9c76-ba0cbc116aba@group-AFF22C375116-StateMachineUpdater: Took a snapshot at index 0
2025-05-14 02:53:40,053 [6338fc9c-a704-4fa0-9c76-ba0cbc116aba@group-AFF22C375116-StateMachineUpdater] INFO  impl.StateMachineUpdater (StateMachineUpdater.java:lambda$new$0(102)) - 6338fc9c-a704-4fa0-9c76-ba0cbc116aba@group-AFF22C375116-StateMachineUpdater: snapshotIndex: updateIncreasingly -1 -> 0
2025-05-14 02:53:40,515 [FixedThreadPoolWithAffinityExecutor-8-0] INFO  container.IncrementalContainerReportHandler (AbstractContainerReportHandler.java:updateContainerState(253)) - FINALIZE (i.e. CLOSING) Container #1 (OPEN, sid=2) r0 (CLOSING, bcsid=2, origin=f8181075-ae63-407a-b17c-78185f7d70dd, non-empty) from dn f8181075-ae63-407a-b17c-78185f7d70dd(localhost/127.0.0.1)
2025-05-14 02:53:40,515 [f8181075-ae63-407a-b17c-78185f7d70dd-CloseContainerThread-0] INFO  keyvalue.KeyValueContainer (KeyValueContainer.java:flushAndSyncDB(511)) - Synced container: KeyValueContainerData #1 (CLOSING, non-empty, ri=0, origin=[dn_f8181075-ae63-407a-b17c-78185f7d70dd, pipeline_babd74b3-e02d-4bf5-8eae-9f6c3e39a650])
2025-05-14 02:53:40,515 [f8181075-ae63-407a-b17c-78185f7d70dd-CloseContainerThread-0] INFO  keyvalue.KeyValueContainer (KeyValueContainer.java:flushAndSyncDB(511)) - Synced container: KeyValueContainerData #1 (CLOSING, non-empty, ri=0, origin=[dn_f8181075-ae63-407a-b17c-78185f7d70dd, pipeline_babd74b3-e02d-4bf5-8eae-9f6c3e39a650])
2025-05-14 02:53:40,519 [f8181075-ae63-407a-b17c-78185f7d70dd-CloseContainerThread-0] INFO  commandhandler.CloseContainerCommandHandler (CloseContainerCommandHandler.java:lambda$handle$0(135)) - Marking Container 1 quasi closed
2025-05-14 02:53:40,521 [FixedThreadPoolWithAffinityExecutor-8-0] INFO  container.IncrementalContainerReportHandler (AbstractContainerReportHandler.java:updateContainerState(264)) - QUASI_CLOSE Container #1 (CLOSING, sid=2) r0 (QUASI_CLOSED, bcsid=2, origin=f8181075-ae63-407a-b17c-78185f7d70dd, non-empty) from dn f8181075-ae63-407a-b17c-78185f7d70dd(localhost/127.0.0.1)
2025-05-14 02:53:40,544 [9d8a5836-bfca-4d37-9676-470807fcd29d@group-BAB9A4CB0463-FollowerState] INFO  impl.FollowerState (FollowerState.java:runImpl(161)) - 9d8a5836-bfca-4d37-9676-470807fcd29d@group-BAB9A4CB0463-FollowerState: change to CANDIDATE, lastRpcElapsedTime:1155009339ns, electionTimeout:1152ms
2025-05-14 02:53:40,544 [9d8a5836-bfca-4d37-9676-470807fcd29d@group-BAB9A4CB0463-FollowerState] INFO  impl.RoleInfo (RoleInfo.java:shutdownFollowerState(121)) - 9d8a5836-bfca-4d37-9676-470807fcd29d: shutdown 9d8a5836-bfca-4d37-9676-470807fcd29d@group-BAB9A4CB0463-FollowerState
2025-05-14 02:53:40,544 [9d8a5836-bfca-4d37-9676-470807fcd29d@group-BAB9A4CB0463-FollowerState] INFO  server.RaftServer$Division (RaftServerImpl.java:setRole(378)) - 9d8a5836-bfca-4d37-9676-470807fcd29d@group-BAB9A4CB0463: changes role from  FOLLOWER to CANDIDATE at term 0 for changeToCandidate
2025-05-14 02:53:40,544 [9d8a5836-bfca-4d37-9676-470807fcd29d@group-BAB9A4CB0463-FollowerState] INFO  server.RaftServerConfigKeys (ConfUtils.java:logGet(46)) - raft.server.leaderelection.pre-vote = true (default)
2025-05-14 02:53:40,544 [9d8a5836-bfca-4d37-9676-470807fcd29d@group-BAB9A4CB0463-FollowerState] INFO  impl.RoleInfo (RoleInfo.java:updateAndGet(148)) - 9d8a5836-bfca-4d37-9676-470807fcd29d: start 9d8a5836-bfca-4d37-9676-470807fcd29d@group-BAB9A4CB0463-LeaderElection22
2025-05-14 02:53:40,544 [9d8a5836-bfca-4d37-9676-470807fcd29d@group-BAB9A4CB0463-LeaderElection22] INFO  impl.LeaderElection (LeaderElection.java:askForVotes(332)) - 9d8a5836-bfca-4d37-9676-470807fcd29d@group-BAB9A4CB0463-LeaderElection22 PRE_VOTE round 0: submit vote requests at term 0 for conf: {index: -1, cur=peers:[9d8a5836-bfca-4d37-9676-470807fcd29d|127.0.0.1:15087]|listeners:[], old=null}
2025-05-14 02:53:40,544 [9d8a5836-bfca-4d37-9676-470807fcd29d@group-BAB9A4CB0463-LeaderElection22] INFO  impl.LeaderElection (LeaderElection.java:askForVotes(334)) - 9d8a5836-bfca-4d37-9676-470807fcd29d@group-BAB9A4CB0463-LeaderElection22 PRE_VOTE round 0: result PASSED (term=0)
2025-05-14 02:53:40,545 [9d8a5836-bfca-4d37-9676-470807fcd29d@group-BAB9A4CB0463-LeaderElection22] INFO  impl.LeaderElection (LeaderElection.java:askForVotes(332)) - 9d8a5836-bfca-4d37-9676-470807fcd29d@group-BAB9A4CB0463-LeaderElection22 ELECTION round 0: submit vote requests at term 1 for conf: {index: -1, cur=peers:[9d8a5836-bfca-4d37-9676-470807fcd29d|127.0.0.1:15087]|listeners:[], old=null}
2025-05-14 02:53:40,545 [9d8a5836-bfca-4d37-9676-470807fcd29d@group-BAB9A4CB0463-LeaderElection22] INFO  impl.LeaderElection (LeaderElection.java:askForVotes(334)) - 9d8a5836-bfca-4d37-9676-470807fcd29d@group-BAB9A4CB0463-LeaderElection22 ELECTION round 0: result PASSED (term=1)
2025-05-14 02:53:40,546 [9d8a5836-bfca-4d37-9676-470807fcd29d@group-BAB9A4CB0463-LeaderElection22] INFO  impl.RoleInfo (RoleInfo.java:shutdownLeaderElection(141)) - 9d8a5836-bfca-4d37-9676-470807fcd29d: shutdown 9d8a5836-bfca-4d37-9676-470807fcd29d@group-BAB9A4CB0463-LeaderElection22
2025-05-14 02:53:40,546 [9d8a5836-bfca-4d37-9676-470807fcd29d@group-BAB9A4CB0463-LeaderElection22] INFO  server.RaftServer$Division (RaftServerImpl.java:setRole(378)) - 9d8a5836-bfca-4d37-9676-470807fcd29d@group-BAB9A4CB0463: changes role from CANDIDATE to LEADER at term 1 for changeToLeader
2025-05-14 02:53:40,546 [9d8a5836-bfca-4d37-9676-470807fcd29d@group-BAB9A4CB0463-LeaderElection22] INFO  server.RaftServerConfigKeys (ConfUtils.java:logGet(46)) - raft.server.staging.catchup.gap = 1000 (default)
2025-05-14 02:53:40,546 [9d8a5836-bfca-4d37-9676-470807fcd29d@group-BAB9A4CB0463-LeaderElection22] INFO  server.RaftServerConfigKeys (ConfUtils.java:logGet(46)) - raft.server.write.element-limit = 1024 (custom)
2025-05-14 02:53:40,546 [9d8a5836-bfca-4d37-9676-470807fcd29d@group-BAB9A4CB0463-LeaderElection22] INFO  server.RaftServerConfigKeys (ConfUtils.java:logGet(46)) - raft.server.write.byte-limit = 1024 M (=1073741824) (custom)
2025-05-14 02:53:40,546 [9d8a5836-bfca-4d37-9676-470807fcd29d@group-BAB9A4CB0463-LeaderElection22] INFO  server.RaftServerConfigKeys (ConfUtils.java:logGet(46)) - raft.server.watch.timeout = 10000ms (default)
2025-05-14 02:53:40,546 [9d8a5836-bfca-4d37-9676-470807fcd29d@group-BAB9A4CB0463-LeaderElection22] INFO  server.RaftServerConfigKeys (ConfUtils.java:logGet(46)) - raft.server.watch.timeout.denomination = 1s (default)
2025-05-14 02:53:40,546 [9d8a5836-bfca-4d37-9676-470807fcd29d@group-BAB9A4CB0463-LeaderElection22] INFO  server.RaftServerConfigKeys (ConfUtils.java:logGet(46)) - raft.server.watch.element-limit = 65536 (default)
2025-05-14 02:53:40,547 [9d8a5836-bfca-4d37-9676-470807fcd29d@group-BAB9A4CB0463-LeaderElection22] INFO  server.RaftServerConfigKeys (ConfUtils.java:logGet(46)) - raft.server.read.leader.lease.enabled = false (default)
2025-05-14 02:53:40,547 [9d8a5836-bfca-4d37-9676-470807fcd29d@group-BAB9A4CB0463-LeaderElection22] INFO  server.RaftServerConfigKeys (ConfUtils.java:logGet(46)) - raft.server.read.leader.lease.timeout.ratio = 0.9 (default)
2025-05-14 02:53:40,547 [9d8a5836-bfca-4d37-9676-470807fcd29d@group-BAB9A4CB0463-LeaderElection22] INFO  server.RaftServerConfigKeys (ConfUtils.java:logGet(46)) - raft.server.rpc.timeout.min = 5s (custom)
2025-05-14 02:53:40,547 [9d8a5836-bfca-4d37-9676-470807fcd29d@group-BAB9A4CB0463-LeaderElection22] INFO  server.RaftServerConfigKeys (ConfUtils.java:logGet(46)) - raft.server.log.log-metadata.enabled = true (default)
2025-05-14 02:53:40,547 [9d8a5836-bfca-4d37-9676-470807fcd29d@group-BAB9A4CB0463-LeaderElection22] INFO  server.RaftServerConfigKeys (ConfUtils.java:logGet(46)) - raft.server.write.element-limit = 1024 (custom)
2025-05-14 02:53:40,547 [9d8a5836-bfca-4d37-9676-470807fcd29d@group-BAB9A4CB0463-LeaderElection22] INFO  server.RaftServerConfigKeys (ConfUtils.java:logGet(46)) - raft.server.write.follower.gap.ratio.max = -1.0 (default)
2025-05-14 02:53:40,547 [9d8a5836-bfca-4d37-9676-470807fcd29d@group-BAB9A4CB0463-LeaderElection22] INFO  impl.RoleInfo (RoleInfo.java:updateAndGet(148)) - 9d8a5836-bfca-4d37-9676-470807fcd29d: start 9d8a5836-bfca-4d37-9676-470807fcd29d@group-BAB9A4CB0463-LeaderStateImpl
2025-05-14 02:53:40,547 [9d8a5836-bfca-4d37-9676-470807fcd29d@group-BAB9A4CB0463-LeaderElection22] INFO  server.RaftServer$Division (RaftServerImpl.java:setFirstElection(562)) - 9d8a5836-bfca-4d37-9676-470807fcd29d@group-BAB9A4CB0463: set firstElectionSinceStartup to false for becomeLeader
2025-05-14 02:53:40,547 [9d8a5836-bfca-4d37-9676-470807fcd29d@group-BAB9A4CB0463-LeaderElection22] INFO  ratis.XceiverServerRatis (XceiverServerRatis.java:handleLeaderChangedNotification(944)) - Leader change notification received for group: group-BAB9A4CB0463 with new leaderId: 9d8a5836-bfca-4d37-9676-470807fcd29d
2025-05-14 02:53:40,547 [9d8a5836-bfca-4d37-9676-470807fcd29d@group-BAB9A4CB0463-LeaderElection22] INFO  server.RaftServer$Division (ServerState.java:setLeader(272)) - 9d8a5836-bfca-4d37-9676-470807fcd29d@group-BAB9A4CB0463: change Leader from null to 9d8a5836-bfca-4d37-9676-470807fcd29d at term 1 for becomeLeader, leader elected after 1206ms
2025-05-14 02:53:40,547 [9d8a5836-bfca-4d37-9676-470807fcd29d@group-BAB9A4CB0463-LeaderElection22] INFO  segmented.SegmentedRaftLogWorker (SegmentedRaftLogWorker.java:startLogSegment(438)) - 9d8a5836-bfca-4d37-9676-470807fcd29d@group-BAB9A4CB0463-SegmentedRaftLogWorker: Starting segment from index:0
2025-05-14 02:53:40,548 [9d8a5836-bfca-4d37-9676-470807fcd29d@group-BAB9A4CB0463-SegmentedRaftLogWorker] INFO  segmented.BufferedWriteChannel (BufferedWriteChannel.java:open(61)) - open log_inprogress_0 at position 0
2025-05-14 02:53:40,548 [9d8a5836-bfca-4d37-9676-470807fcd29d@group-BAB9A4CB0463-LeaderElection22] INFO  server.RaftServer$Division (ServerState.java:setRaftConf(386)) - 9d8a5836-bfca-4d37-9676-470807fcd29d@group-BAB9A4CB0463: set configuration conf: {index: 0, cur=peers:[9d8a5836-bfca-4d37-9676-470807fcd29d|127.0.0.1:15087]|listeners:[], old=null}
2025-05-14 02:53:40,557 [9d8a5836-bfca-4d37-9676-470807fcd29d@group-BAB9A4CB0463-SegmentedRaftLogWorker] INFO  segmented.SegmentedRaftLogWorker (SegmentedRaftLogWorker.java:execute(644)) - 9d8a5836-bfca-4d37-9676-470807fcd29d@group-BAB9A4CB0463-SegmentedRaftLogWorker: created new log segment /home/runner/work/ozone/ozone/hadoop-ozone/integration-test/target/test-dir/MiniOzoneClusterImpl-af940217-b311-440f-8e09-352fdf66236b/ozone-meta/datanode-10/ratis/b03e8157-9214-41bf-b26a-bab9a4cb0463/current/log_inprogress_0
2025-05-14 02:53:40,558 [9d8a5836-bfca-4d37-9676-470807fcd29d@group-BAB9A4CB0463-StateMachineUpdater] INFO  server.RaftServer$Division (LeaderStateImpl.java:checkStartIndex(313)) - Leader 9d8a5836-bfca-4d37-9676-470807fcd29d@group-BAB9A4CB0463-LeaderStateImpl is ready since appliedIndex == startIndex == 0
2025-05-14 02:53:40,558 [9d8a5836-bfca-4d37-9676-470807fcd29d@group-BAB9A4CB0463-StateMachineUpdater] INFO  ratis.ContainerStateMachine (ContainerStateMachine.java:takeSnapshot(427)) - group-BAB9A4CB0463: Taking a snapshot at:(t:1, i:0) file /home/runner/work/ozone/ozone/hadoop-ozone/integration-test/target/test-dir/MiniOzoneClusterImpl-af940217-b311-440f-8e09-352fdf66236b/ozone-meta/datanode-10/ratis/b03e8157-9214-41bf-b26a-bab9a4cb0463/sm/snapshot.1_0
2025-05-14 02:53:40,559 [9d8a5836-bfca-4d37-9676-470807fcd29d@group-BAB9A4CB0463-StateMachineUpdater] INFO  ratis.ContainerStateMachine (ContainerStateMachine.java:takeSnapshot(436)) - group-BAB9A4CB0463: Finished taking a snapshot at:(t:1, i:0) file:/home/runner/work/ozone/ozone/hadoop-ozone/integration-test/target/test-dir/MiniOzoneClusterImpl-af940217-b311-440f-8e09-352fdf66236b/ozone-meta/datanode-10/ratis/b03e8157-9214-41bf-b26a-bab9a4cb0463/sm/snapshot.1_0 took: 0 ms
2025-05-14 02:53:40,559 [9d8a5836-bfca-4d37-9676-470807fcd29d@group-BAB9A4CB0463-StateMachineUpdater] INFO  impl.StateMachineUpdater (StateMachineUpdater.java:takeSnapshot(303)) - 9d8a5836-bfca-4d37-9676-470807fcd29d@group-BAB9A4CB0463-StateMachineUpdater: Took a snapshot at index 0
2025-05-14 02:53:40,559 [9d8a5836-bfca-4d37-9676-470807fcd29d@group-BAB9A4CB0463-StateMachineUpdater] INFO  impl.StateMachineUpdater (StateMachineUpdater.java:lambda$new$0(102)) - 9d8a5836-bfca-4d37-9676-470807fcd29d@group-BAB9A4CB0463-StateMachineUpdater: snapshotIndex: updateIncreasingly -1 -> 0
2025-05-14 02:53:40,850 [30ccf06d-ad3c-4fb0-87c5-f3e2916d12cb-CloseContainerThread-0] INFO  keyvalue.KeyValueContainer (KeyValueContainer.java:flushAndSyncDB(511)) - Synced container: KeyValueContainerData #1 (CLOSING, non-empty, ri=0, origin=[dn_30ccf06d-ad3c-4fb0-87c5-f3e2916d12cb, pipeline_babd74b3-e02d-4bf5-8eae-9f6c3e39a650])
2025-05-14 02:53:40,850 [30ccf06d-ad3c-4fb0-87c5-f3e2916d12cb-CloseContainerThread-0] INFO  keyvalue.KeyValueContainer (KeyValueContainer.java:flushAndSyncDB(511)) - Synced container: KeyValueContainerData #1 (CLOSING, non-empty, ri=0, origin=[dn_30ccf06d-ad3c-4fb0-87c5-f3e2916d12cb, pipeline_babd74b3-e02d-4bf5-8eae-9f6c3e39a650])
2025-05-14 02:53:40,854 [30ccf06d-ad3c-4fb0-87c5-f3e2916d12cb-CloseContainerThread-0] INFO  commandhandler.CloseContainerCommandHandler (CloseContainerCommandHandler.java:lambda$handle$0(135)) - Marking Container 1 quasi closed
2025-05-14 02:53:40,877 [30ccf06d-ad3c-4fb0-87c5-f3e2916d12cb@group-88043DA95CFB-StateMachineUpdater] INFO  ratis.ContainerStateMachine (ContainerStateMachine.java:takeSnapshot(427)) - group-88043DA95CFB: Taking a snapshot at:(t:1, i:0) file /home/runner/work/ozone/ozone/hadoop-ozone/integration-test/target/test-dir/MiniOzoneClusterImpl-af940217-b311-440f-8e09-352fdf66236b/ozone-meta/datanode-2/ratis/664cf085-c235-4252-8b1c-88043da95cfb/sm/snapshot.1_0
2025-05-14 02:53:40,878 [30ccf06d-ad3c-4fb0-87c5-f3e2916d12cb@group-88043DA95CFB-StateMachineUpdater] INFO  ratis.ContainerStateMachine (ContainerStateMachine.java:takeSnapshot(436)) - group-88043DA95CFB: Finished taking a snapshot at:(t:1, i:0) file:/home/runner/work/ozone/ozone/hadoop-ozone/integration-test/target/test-dir/MiniOzoneClusterImpl-af940217-b311-440f-8e09-352fdf66236b/ozone-meta/datanode-2/ratis/664cf085-c235-4252-8b1c-88043da95cfb/sm/snapshot.1_0 took: 1 ms
2025-05-14 02:53:40,878 [30ccf06d-ad3c-4fb0-87c5-f3e2916d12cb@group-88043DA95CFB-StateMachineUpdater] INFO  impl.StateMachineUpdater (StateMachineUpdater.java:takeSnapshot(303)) - 30ccf06d-ad3c-4fb0-87c5-f3e2916d12cb@group-88043DA95CFB-StateMachineUpdater: Took a snapshot at index 0
2025-05-14 02:53:40,878 [30ccf06d-ad3c-4fb0-87c5-f3e2916d12cb@group-88043DA95CFB-StateMachineUpdater] INFO  impl.StateMachineUpdater (StateMachineUpdater.java:lambda$new$0(102)) - 30ccf06d-ad3c-4fb0-87c5-f3e2916d12cb@group-88043DA95CFB-StateMachineUpdater: snapshotIndex: updateIncreasingly -1 -> 0
2025-05-14 02:53:40,878 [0e2e4ad1-578a-45fc-a8c2-41affcffb7b9@group-88043DA95CFB-StateMachineUpdater] INFO  ratis.ContainerStateMachine (ContainerStateMachine.java:takeSnapshot(427)) - group-88043DA95CFB: Taking a snapshot at:(t:1, i:0) file /home/runner/work/ozone/ozone/hadoop-ozone/integration-test/target/test-dir/MiniOzoneClusterImpl-af940217-b311-440f-8e09-352fdf66236b/ozone-meta/datanode-3/ratis/664cf085-c235-4252-8b1c-88043da95cfb/sm/snapshot.1_0
2025-05-14 02:53:40,879 [0e2e4ad1-578a-45fc-a8c2-41affcffb7b9@group-88043DA95CFB-StateMachineUpdater] INFO  ratis.ContainerStateMachine (ContainerStateMachine.java:takeSnapshot(436)) - group-88043DA95CFB: Finished taking a snapshot at:(t:1, i:0) file:/home/runner/work/ozone/ozone/hadoop-ozone/integration-test/target/test-dir/MiniOzoneClusterImpl-af940217-b311-440f-8e09-352fdf66236b/ozone-meta/datanode-3/ratis/664cf085-c235-4252-8b1c-88043da95cfb/sm/snapshot.1_0 took: 1 ms
2025-05-14 02:53:40,879 [0e2e4ad1-578a-45fc-a8c2-41affcffb7b9@group-88043DA95CFB-StateMachineUpdater] INFO  impl.StateMachineUpdater (StateMachineUpdater.java:takeSnapshot(303)) - 0e2e4ad1-578a-45fc-a8c2-41affcffb7b9@group-88043DA95CFB-StateMachineUpdater: Took a snapshot at index 0
2025-05-14 02:53:40,880 [0e2e4ad1-578a-45fc-a8c2-41affcffb7b9@group-88043DA95CFB-StateMachineUpdater] INFO  impl.StateMachineUpdater (StateMachineUpdater.java:lambda$new$0(102)) - 0e2e4ad1-578a-45fc-a8c2-41affcffb7b9@group-88043DA95CFB-StateMachineUpdater: snapshotIndex: updateIncreasingly -1 -> 0
2025-05-14 02:53:40,912 [0e2e4ad1-578a-45fc-a8c2-41affcffb7b9-CloseContainerThread-0] INFO  keyvalue.KeyValueContainer (KeyValueContainer.java:flushAndSyncDB(511)) - Synced container: KeyValueContainerData #1 (CLOSING, non-empty, ri=0, origin=[dn_0e2e4ad1-578a-45fc-a8c2-41affcffb7b9, pipeline_babd74b3-e02d-4bf5-8eae-9f6c3e39a650])
2025-05-14 02:53:40,912 [0e2e4ad1-578a-45fc-a8c2-41affcffb7b9-CloseContainerThread-0] INFO  keyvalue.KeyValueContainer (KeyValueContainer.java:flushAndSyncDB(511)) - Synced container: KeyValueContainerData #1 (CLOSING, non-empty, ri=0, origin=[dn_0e2e4ad1-578a-45fc-a8c2-41affcffb7b9, pipeline_babd74b3-e02d-4bf5-8eae-9f6c3e39a650])
2025-05-14 02:53:40,916 [0e2e4ad1-578a-45fc-a8c2-41affcffb7b9-CloseContainerThread-0] INFO  commandhandler.CloseContainerCommandHandler (CloseContainerCommandHandler.java:lambda$handle$0(135)) - Marking Container 1 quasi closed
2025-05-14 02:53:41,678 [c77e66e9-1cca-4fd3-bc5b-4ea2dbc3232f@group-DC6000F9F072-StateMachineUpdater] INFO  ratis.ContainerStateMachine (ContainerStateMachine.java:takeSnapshot(427)) - group-DC6000F9F072: Taking a snapshot at:(t:1, i:0) file /home/runner/work/ozone/ozone/hadoop-ozone/integration-test/target/test-dir/MiniOzoneClusterImpl-af940217-b311-440f-8e09-352fdf66236b/ozone-meta/datanode-6/ratis/022d5f31-dc68-4e3a-bbba-dc6000f9f072/sm/snapshot.1_0
2025-05-14 02:53:41,678 [e44b5a69-92f9-40f4-85c9-712e1c637b62@group-DC6000F9F072-StateMachineUpdater] INFO  ratis.ContainerStateMachine (ContainerStateMachine.java:takeSnapshot(427)) - group-DC6000F9F072: Taking a snapshot at:(t:1, i:0) file /home/runner/work/ozone/ozone/hadoop-ozone/integration-test/target/test-dir/MiniOzoneClusterImpl-af940217-b311-440f-8e09-352fdf66236b/ozone-meta/datanode-5/ratis/022d5f31-dc68-4e3a-bbba-dc6000f9f072/sm/snapshot.1_0
2025-05-14 02:53:41,678 [e44b5a69-92f9-40f4-85c9-712e1c637b62@group-DC6000F9F072-StateMachineUpdater] INFO  ratis.ContainerStateMachine (ContainerStateMachine.java:takeSnapshot(436)) - group-DC6000F9F072: Finished taking a snapshot at:(t:1, i:0) file:/home/runner/work/ozone/ozone/hadoop-ozone/integration-test/target/test-dir/MiniOzoneClusterImpl-af940217-b311-440f-8e09-352fdf66236b/ozone-meta/datanode-5/ratis/022d5f31-dc68-4e3a-bbba-dc6000f9f072/sm/snapshot.1_0 took: 0 ms
2025-05-14 02:53:41,678 [c77e66e9-1cca-4fd3-bc5b-4ea2dbc3232f@group-DC6000F9F072-StateMachineUpdater] INFO  ratis.ContainerStateMachine (ContainerStateMachine.java:takeSnapshot(436)) - group-DC6000F9F072: Finished taking a snapshot at:(t:1, i:0) file:/home/runner/work/ozone/ozone/hadoop-ozone/integration-test/target/test-dir/MiniOzoneClusterImpl-af940217-b311-440f-8e09-352fdf66236b/ozone-meta/datanode-6/ratis/022d5f31-dc68-4e3a-bbba-dc6000f9f072/sm/snapshot.1_0 took: 0 ms
2025-05-14 02:53:41,678 [c77e66e9-1cca-4fd3-bc5b-4ea2dbc3232f@group-DC6000F9F072-StateMachineUpdater] INFO  impl.StateMachineUpdater (StateMachineUpdater.java:takeSnapshot(303)) - c77e66e9-1cca-4fd3-bc5b-4ea2dbc3232f@group-DC6000F9F072-StateMachineUpdater: Took a snapshot at index 0
2025-05-14 02:53:41,678 [e44b5a69-92f9-40f4-85c9-712e1c637b62@group-DC6000F9F072-StateMachineUpdater] INFO  impl.StateMachineUpdater (StateMachineUpdater.java:takeSnapshot(303)) - e44b5a69-92f9-40f4-85c9-712e1c637b62@group-DC6000F9F072-StateMachineUpdater: Took a snapshot at index 0
2025-05-14 02:53:41,679 [e44b5a69-92f9-40f4-85c9-712e1c637b62@group-DC6000F9F072-StateMachineUpdater] INFO  impl.StateMachineUpdater (StateMachineUpdater.java:lambda$new$0(102)) - e44b5a69-92f9-40f4-85c9-712e1c637b62@group-DC6000F9F072-StateMachineUpdater: snapshotIndex: updateIncreasingly -1 -> 0
2025-05-14 02:53:41,679 [c77e66e9-1cca-4fd3-bc5b-4ea2dbc3232f@group-DC6000F9F072-StateMachineUpdater] INFO  impl.StateMachineUpdater (StateMachineUpdater.java:lambda$new$0(102)) - c77e66e9-1cca-4fd3-bc5b-4ea2dbc3232f@group-DC6000F9F072-StateMachineUpdater: snapshotIndex: updateIncreasingly -1 -> 0
02:53:41.805 [0e2e4ad1-578a-45fc-a8c2-41affcffb7b9-client-thread1] ERROR DNAudit - user=null | ip=null | op=PUT_BLOCK {blockData=[blockId=conID: 1 locID: 115816896921600001 bcsId: 0 replicaIndex: null, size=5]} | ret=FAILURE
org.apache.hadoop.hdds.scm.container.common.helpers.ContainerNotOpenException: Container 1 in QUASI_CLOSED state
	at org.apache.hadoop.ozone.container.common.impl.HddsDispatcher.validateContainerCommand(HddsDispatcher.java:565) ~[hdds-container-service-2.1.0-SNAPSHOT.jar:?]
	at org.apache.hadoop.ozone.container.common.transport.server.ratis.ContainerStateMachine.startTransaction(ContainerStateMachine.java:488) ~[hdds-container-service-2.1.0-SNAPSHOT.jar:?]
	at org.apache.ratis.server.impl.RaftServerImpl.writeAsyncImpl(RaftServerImpl.java:973) ~[ratis-server-3.1.2.jar:3.1.2]
	at org.apache.ratis.server.impl.RaftServerImpl.writeAsync(RaftServerImpl.java:946) ~[ratis-server-3.1.2.jar:3.1.2]
	at org.apache.ratis.server.impl.RaftServerImpl.replyFuture(RaftServerImpl.java:939) ~[ratis-server-3.1.2.jar:3.1.2]
	at org.apache.ratis.server.impl.RaftServerImpl.submitClientRequestAsync(RaftServerImpl.java:916) ~[ratis-server-3.1.2.jar:3.1.2]
	at org.apache.ratis.server.impl.RaftServerImpl.lambda$null$11(RaftServerImpl.java:905) ~[ratis-server-3.1.2.jar:3.1.2]
	at org.apache.ratis.util.JavaUtils.callAsUnchecked(JavaUtils.java:118) ~[ratis-common-3.1.2.jar:3.1.2]
	at org.apache.ratis.server.impl.RaftServerImpl.lambda$executeSubmitClientRequestAsync$12(RaftServerImpl.java:905) ~[ratis-server-3.1.2.jar:3.1.2]
	at java.base/java.util.concurrent.CompletableFuture$AsyncSupply.run(CompletableFuture.java:1768) ~[?:?]
	at java.base/java.util.concurrent.ThreadPoolExecutor.runWorker(ThreadPoolExecutor.java:1144) ~[?:?]
	at java.base/java.util.concurrent.ThreadPoolExecutor$Worker.run(ThreadPoolExecutor.java:642) ~[?:?]
	at java.base/java.lang.Thread.run(Thread.java:1583) [?:?]
2025-05-14 02:53:41,844 [grpc-default-executor-3] ERROR impl.OrderedAsync (OrderedAsync.java:lambda$send$4(181)) - Failed to send request, message=cmdType: PutBlock
traceID: ""
containerID: 1
datanodeUuid: "0e2e4ad1-578a-45fc-a8c2-41affcffb7b9"
putBlock {
  blockData {
    blockID {
      containerID: 1
      localID: 115816896921600001
      blockCommitSequenceId: 0
    }
    metadata {
      key: "TYPE"
      value: "KEY"
    }
    chunks {
      chunkName: "115816896921600001_chunk_1"
      offset: 0
      len: 5
      checksumData {
        type: CRC32
        bytesPerChecksum: 16384
        checksums: "\350a\3440"
      }
    }
  }
  eof: true
}
version: 3
, data.size=0
java.util.concurrent.CompletionException: org.apache.ratis.protocol.exceptions.StateMachineException: org.apache.hadoop.hdds.scm.container.common.helpers.ContainerNotOpenException from Server 0e2e4ad1-578a-45fc-a8c2-41affcffb7b9@group-9F6C3E39A650: Container 1 in QUASI_CLOSED state
	at org.apache.ratis.client.impl.RaftClientImpl.handleRaftException(RaftClientImpl.java:373)
	at org.apache.ratis.client.impl.OrderedAsync.lambda$send$3(OrderedAsync.java:175)
	at java.base/java.util.concurrent.CompletableFuture$UniApply.tryFire(CompletableFuture.java:646)
	at java.base/java.util.concurrent.CompletableFuture.postComplete(CompletableFuture.java:510)
	at java.base/java.util.concurrent.CompletableFuture.complete(CompletableFuture.java:2179)
	at org.apache.ratis.client.impl.OrderedAsync$PendingOrderedRequest.setReply(OrderedAsync.java:105)
	at org.apache.ratis.client.impl.OrderedAsync$PendingOrderedRequest.setReply(OrderedAsync.java:66)
	at org.apache.ratis.util.SlidingWindow$RequestMap.setReply(SlidingWindow.java:147)
	at org.apache.ratis.util.SlidingWindow$Client.receiveReply(SlidingWindow.java:351)
	at org.apache.ratis.client.impl.OrderedAsync.lambda$sendRequestWithRetry$5(OrderedAsync.java:210)
	at java.base/java.util.concurrent.CompletableFuture$UniAccept.tryFire(CompletableFuture.java:718)
	at java.base/java.util.concurrent.CompletableFuture.postComplete(CompletableFuture.java:510)
	at java.base/java.util.concurrent.CompletableFuture.complete(CompletableFuture.java:2179)
	at org.apache.ratis.grpc.client.GrpcClientProtocolClient$AsyncStreamObservers$1.lambda$onNext$0(GrpcClientProtocolClient.java:325)
	at java.base/java.util.Optional.ifPresent(Optional.java:178)
	at org.apache.ratis.grpc.client.GrpcClientProtocolClient$AsyncStreamObservers.handleReplyFuture(GrpcClientProtocolClient.java:381)
	at org.apache.ratis.grpc.client.GrpcClientProtocolClient$AsyncStreamObservers.access$100(GrpcClientProtocolClient.java:303)
	at org.apache.ratis.grpc.client.GrpcClientProtocolClient$AsyncStreamObservers$1.onNext(GrpcClientProtocolClient.java:325)
	at org.apache.ratis.grpc.client.GrpcClientProtocolClient$AsyncStreamObservers$1.onNext(GrpcClientProtocolClient.java:308)
	at org.apache.ratis.thirdparty.io.grpc.stub.ClientCalls$StreamObserverToCallListenerAdapter.onMessage(ClientCalls.java:468)
	at org.apache.ratis.thirdparty.io.grpc.ForwardingClientCallListener.onMessage(ForwardingClientCallListener.java:33)
	at org.apache.ratis.thirdparty.io.grpc.internal.ClientCallImpl$ClientStreamListenerImpl$1MessagesAvailable.runInternal(ClientCallImpl.java:660)
	at org.apache.ratis.thirdparty.io.grpc.internal.ClientCallImpl$ClientStreamListenerImpl$1MessagesAvailable.runInContext(ClientCallImpl.java:647)
	at org.apache.ratis.thirdparty.io.grpc.internal.ContextRunnable.run(ContextRunnable.java:37)
	at org.apache.ratis.thirdparty.io.grpc.internal.SerializingExecutor.run(SerializingExecutor.java:133)
	at java.base/java.util.concurrent.ThreadPoolExecutor.runWorker(ThreadPoolExecutor.java:1144)
	at java.base/java.util.concurrent.ThreadPoolExecutor$Worker.run(ThreadPoolExecutor.java:642)
	at java.base/java.lang.Thread.run(Thread.java:1583)
Caused by: org.apache.ratis.protocol.exceptions.StateMachineException: org.apache.hadoop.hdds.scm.container.common.helpers.ContainerNotOpenException from Server 0e2e4ad1-578a-45fc-a8c2-41affcffb7b9@group-9F6C3E39A650: Container 1 in QUASI_CLOSED state
	at org.apache.hadoop.ozone.container.common.impl.HddsDispatcher.validateContainerCommand(HddsDispatcher.java:565)
	at org.apache.hadoop.ozone.container.common.transport.server.ratis.ContainerStateMachine.startTransaction(ContainerStateMachine.java:488)
	at org.apache.ratis.server.impl.RaftServerImpl.writeAsyncImpl(RaftServerImpl.java:973)
	at org.apache.ratis.server.impl.RaftServerImpl.writeAsync(RaftServerImpl.java:946)
	at org.apache.ratis.server.impl.RaftServerImpl.replyFuture(RaftServerImpl.java:939)
	at org.apache.ratis.server.impl.RaftServerImpl.submitClientRequestAsync(RaftServerImpl.java:916)
	at org.apache.ratis.server.impl.RaftServerImpl.lambda$null$11(RaftServerImpl.java:905)
	at org.apache.ratis.util.JavaUtils.callAsUnchecked(JavaUtils.java:118)
	at org.apache.ratis.server.impl.RaftServerImpl.lambda$executeSubmitClientRequestAsync$12(RaftServerImpl.java:905)
	at java.base/java.util.concurrent.CompletableFuture$AsyncSupply.run(CompletableFuture.java:1768)
	... 3 more
Caused by: org.apache.hadoop.hdds.scm.container.common.helpers.ContainerNotOpenException: Container 1 in QUASI_CLOSED state
	at java.base/jdk.internal.reflect.DirectConstructorHandleAccessor.newInstance(DirectConstructorHandleAccessor.java:62)
	at java.base/java.lang.reflect.Constructor.newInstanceWithCaller(Constructor.java:502)
	at java.base/java.lang.reflect.Constructor.newInstance(Constructor.java:486)
	at org.apache.ratis.util.ReflectionUtils.instantiateException(ReflectionUtils.java:259)
	at org.apache.ratis.client.impl.ClientProtoUtils.toStateMachineException(ClientProtoUtils.java:455)
	at org.apache.ratis.client.impl.ClientProtoUtils.toStateMachineException(ClientProtoUtils.java:441)
	at org.apache.ratis.client.impl.ClientProtoUtils.toRaftClientReply(ClientProtoUtils.java:408)
	at org.apache.ratis.grpc.client.GrpcClientProtocolClient$AsyncStreamObservers$1.onNext(GrpcClientProtocolClient.java:313)
	at org.apache.ratis.grpc.client.GrpcClientProtocolClient$AsyncStreamObservers$1.onNext(GrpcClientProtocolClient.java:308)
	at org.apache.ratis.thirdparty.io.grpc.stub.ClientCalls$StreamObserverToCallListenerAdapter.onMessage(ClientCalls.java:468)
	at org.apache.ratis.thirdparty.io.grpc.ForwardingClientCallListener.onMessage(ForwardingClientCallListener.java:33)
	at org.apache.ratis.thirdparty.io.grpc.internal.ClientCallImpl$ClientStreamListenerImpl$1MessagesAvailable.runInternal(ClientCallImpl.java:660)
	at org.apache.ratis.thirdparty.io.grpc.internal.ClientCallImpl$ClientStreamListenerImpl$1MessagesAvailable.runInContext(ClientCallImpl.java:647)
	at org.apache.ratis.thirdparty.io.grpc.internal.ContextRunnable.run(ContextRunnable.java:37)
	at org.apache.ratis.thirdparty.io.grpc.internal.SerializingExecutor.run(SerializingExecutor.java:133)
	... 3 more
2025-05-14 02:53:41,848 [main] INFO  io.BlockOutputStreamEntry (BlockOutputStreamEntry.java:finishRetryHandling(141)) - BlockOutputStreamEntry:testQuasiClosed1 conID: 1 locID: 115816896921600001 bcsId: 2 replicaIndex: null: Exiting retry handling mode
2025-05-14 02:53:41,848 [c77e66e9-1cca-4fd3-bc5b-4ea2dbc3232f@group-90B7BBECBC71-StateMachineUpdater] INFO  ratis.ContainerStateMachine (ContainerStateMachine.java:takeSnapshot(427)) - group-90B7BBECBC71: Taking a snapshot at:(t:1, i:0) file /home/runner/work/ozone/ozone/hadoop-ozone/integration-test/target/test-dir/MiniOzoneClusterImpl-af940217-b311-440f-8e09-352fdf66236b/ozone-meta/datanode-6/ratis/8155a67b-a88a-4cce-aefd-90b7bbecbc71/sm/snapshot.1_0
2025-05-14 02:53:41,850 [d4e44fd7-0e23-4e4f-bc30-0c7965de497d@group-90B7BBECBC71-StateMachineUpdater] INFO  ratis.ContainerStateMachine (ContainerStateMachine.java:takeSnapshot(427)) - group-90B7BBECBC71: Taking a snapshot at:(t:1, i:0) file /home/runner/work/ozone/ozone/hadoop-ozone/integration-test/target/test-dir/MiniOzoneClusterImpl-af940217-b311-440f-8e09-352fdf66236b/ozone-meta/datanode-4/ratis/8155a67b-a88a-4cce-aefd-90b7bbecbc71/sm/snapshot.1_0
2025-05-14 02:53:41,850 [c77e66e9-1cca-4fd3-bc5b-4ea2dbc3232f@group-90B7BBECBC71-StateMachineUpdater] INFO  ratis.ContainerStateMachine (ContainerStateMachine.java:takeSnapshot(436)) - group-90B7BBECBC71: Finished taking a snapshot at:(t:1, i:0) file:/home/runner/work/ozone/ozone/hadoop-ozone/integration-test/target/test-dir/MiniOzoneClusterImpl-af940217-b311-440f-8e09-352fdf66236b/ozone-meta/datanode-6/ratis/8155a67b-a88a-4cce-aefd-90b7bbecbc71/sm/snapshot.1_0 took: 2 ms
2025-05-14 02:53:41,850 [c77e66e9-1cca-4fd3-bc5b-4ea2dbc3232f@group-90B7BBECBC71-StateMachineUpdater] INFO  impl.StateMachineUpdater (StateMachineUpdater.java:takeSnapshot(303)) - c77e66e9-1cca-4fd3-bc5b-4ea2dbc3232f@group-90B7BBECBC71-StateMachineUpdater: Took a snapshot at index 0
2025-05-14 02:53:41,850 [c77e66e9-1cca-4fd3-bc5b-4ea2dbc3232f@group-90B7BBECBC71-StateMachineUpdater] INFO  impl.StateMachineUpdater (StateMachineUpdater.java:lambda$new$0(102)) - c77e66e9-1cca-4fd3-bc5b-4ea2dbc3232f@group-90B7BBECBC71-StateMachineUpdater: snapshotIndex: updateIncreasingly -1 -> 0
2025-05-14 02:53:41,851 [d4e44fd7-0e23-4e4f-bc30-0c7965de497d@group-90B7BBECBC71-StateMachineUpdater] INFO  ratis.ContainerStateMachine (ContainerStateMachine.java:takeSnapshot(436)) - group-90B7BBECBC71: Finished taking a snapshot at:(t:1, i:0) file:/home/runner/work/ozone/ozone/hadoop-ozone/integration-test/target/test-dir/MiniOzoneClusterImpl-af940217-b311-440f-8e09-352fdf66236b/ozone-meta/datanode-4/ratis/8155a67b-a88a-4cce-aefd-90b7bbecbc71/sm/snapshot.1_0 took: 1 ms
2025-05-14 02:53:41,851 [d4e44fd7-0e23-4e4f-bc30-0c7965de497d@group-90B7BBECBC71-StateMachineUpdater] INFO  impl.StateMachineUpdater (StateMachineUpdater.java:takeSnapshot(303)) - d4e44fd7-0e23-4e4f-bc30-0c7965de497d@group-90B7BBECBC71-StateMachineUpdater: Took a snapshot at index 0
2025-05-14 02:53:41,851 [d4e44fd7-0e23-4e4f-bc30-0c7965de497d@group-90B7BBECBC71-StateMachineUpdater] INFO  impl.StateMachineUpdater (StateMachineUpdater.java:lambda$new$0(102)) - d4e44fd7-0e23-4e4f-bc30-0c7965de497d@group-90B7BBECBC71-StateMachineUpdater: snapshotIndex: updateIncreasingly -1 -> 0
]]></system-out>
  </testcase>
  <testcase name="testContainerStateMachineSingleFailureRetry" classname="org.apache.hadoop.ozone.client.rpc.TestContainerStateMachineFailures" time="13.025">
    <system-out><![CDATA[2025-05-14 02:53:41,926 [c77e66e9-1cca-4fd3-bc5b-4ea2dbc3232f-ChunkWriter-2-0] ERROR helpers.ContainerUtils (ContainerUtils.java:getChunkDir(297)) - Chunks dir /home/runner/work/ozone/ozone/hadoop-ozone/integration-test/target/test-dir/MiniOzoneClusterImpl-af940217-b311-440f-8e09-352fdf66236b/ozone-meta/datanode-6/data-0/hdds/af940217-b311-440f-8e09-352fdf66236b/current/containerDir0/2/chunks does not exist
2025-05-14 02:53:41,926 [c77e66e9-1cca-4fd3-bc5b-4ea2dbc3232f-ChunkWriter-2-0] WARN  keyvalue.KeyValueHandler (ContainerUtils.java:logAndReturnError(95)) - Operation: WriteChunk , Trace ID:  , Message: Chunks directory /home/runner/work/ozone/ozone/hadoop-ozone/integration-test/target/test-dir/MiniOzoneClusterImpl-af940217-b311-440f-8e09-352fdf66236b/ozone-meta/datanode-6/data-0/hdds/af940217-b311-440f-8e09-352fdf66236b/current/containerDir0/2/chunks does not exist. , Result: UNABLE_TO_FIND_DATA_DIR , StorageContainerException Occurred.
org.apache.hadoop.hdds.scm.container.common.helpers.StorageContainerException: Chunks directory /home/runner/work/ozone/ozone/hadoop-ozone/integration-test/target/test-dir/MiniOzoneClusterImpl-af940217-b311-440f-8e09-352fdf66236b/ozone-meta/datanode-6/data-0/hdds/af940217-b311-440f-8e09-352fdf66236b/current/containerDir0/2/chunks does not exist.
	at org.apache.hadoop.ozone.container.common.helpers.ContainerUtils.getChunkDir(ContainerUtils.java:299)
	at org.apache.hadoop.ozone.container.common.impl.ContainerLayoutVersion.getChunkFile(ContainerLayoutVersion.java:115)
	at org.apache.hadoop.ozone.container.keyvalue.impl.FilePerBlockStrategy.getChunkFile(FilePerBlockStrategy.java:282)
	at org.apache.hadoop.ozone.container.keyvalue.impl.FilePerBlockStrategy.writeChunk(FilePerBlockStrategy.java:147)
	at org.apache.hadoop.ozone.container.keyvalue.impl.ChunkManagerDispatcher.writeChunk(ChunkManagerDispatcher.java:70)
	at org.apache.hadoop.ozone.container.keyvalue.KeyValueHandler.handleWriteChunk(KeyValueHandler.java:938)
	at org.apache.hadoop.ozone.container.keyvalue.KeyValueHandler.dispatchRequest(KeyValueHandler.java:300)
	at org.apache.hadoop.ozone.container.keyvalue.KeyValueHandler.handle(KeyValueHandler.java:250)
	at org.apache.hadoop.ozone.container.common.impl.HddsDispatcher.dispatchRequest(HddsDispatcher.java:350)
	at org.apache.hadoop.ozone.container.common.impl.HddsDispatcher.lambda$dispatch$1(HddsDispatcher.java:189)
	at org.apache.hadoop.hdds.server.OzoneProtocolMessageDispatcher.processRequest(OzoneProtocolMessageDispatcher.java:87)
	at org.apache.hadoop.ozone.container.common.impl.HddsDispatcher.dispatch(HddsDispatcher.java:188)
	at org.apache.hadoop.ozone.container.common.transport.server.ratis.ContainerStateMachine.dispatchCommand(ContainerStateMachine.java:567)
	at org.apache.hadoop.ozone.container.common.transport.server.ratis.ContainerStateMachine.lambda$writeStateMachineData$2(ContainerStateMachine.java:622)
	at java.base/java.util.concurrent.FutureTask.run(FutureTask.java:317)
	at java.base/java.util.concurrent.ThreadPoolExecutor.runWorker(ThreadPoolExecutor.java:1144)
	at java.base/java.util.concurrent.ThreadPoolExecutor$Worker.run(ThreadPoolExecutor.java:642)
	at java.base/java.lang.Thread.run(Thread.java:1583)
2025-05-14 02:53:41,926 [e44b5a69-92f9-40f4-85c9-712e1c637b62-ChunkWriter-2-0] ERROR helpers.ContainerUtils (ContainerUtils.java:getChunkDir(297)) - Chunks dir /home/runner/work/ozone/ozone/hadoop-ozone/integration-test/target/test-dir/MiniOzoneClusterImpl-af940217-b311-440f-8e09-352fdf66236b/ozone-meta/datanode-5/data-0/hdds/af940217-b311-440f-8e09-352fdf66236b/current/containerDir0/2/chunks does not exist
2025-05-14 02:53:41,928 [e44b5a69-92f9-40f4-85c9-712e1c637b62-ChunkWriter-2-0] WARN  keyvalue.KeyValueHandler (ContainerUtils.java:logAndReturnError(95)) - Operation: WriteChunk , Trace ID:  , Message: Chunks directory /home/runner/work/ozone/ozone/hadoop-ozone/integration-test/target/test-dir/MiniOzoneClusterImpl-af940217-b311-440f-8e09-352fdf66236b/ozone-meta/datanode-5/data-0/hdds/af940217-b311-440f-8e09-352fdf66236b/current/containerDir0/2/chunks does not exist. , Result: UNABLE_TO_FIND_DATA_DIR , StorageContainerException Occurred.
org.apache.hadoop.hdds.scm.container.common.helpers.StorageContainerException: Chunks directory /home/runner/work/ozone/ozone/hadoop-ozone/integration-test/target/test-dir/MiniOzoneClusterImpl-af940217-b311-440f-8e09-352fdf66236b/ozone-meta/datanode-5/data-0/hdds/af940217-b311-440f-8e09-352fdf66236b/current/containerDir0/2/chunks does not exist.
	at org.apache.hadoop.ozone.container.common.helpers.ContainerUtils.getChunkDir(ContainerUtils.java:299)
	at org.apache.hadoop.ozone.container.common.impl.ContainerLayoutVersion.getChunkFile(ContainerLayoutVersion.java:115)
	at org.apache.hadoop.ozone.container.keyvalue.impl.FilePerBlockStrategy.getChunkFile(FilePerBlockStrategy.java:282)
	at org.apache.hadoop.ozone.container.keyvalue.impl.FilePerBlockStrategy.writeChunk(FilePerBlockStrategy.java:147)
	at org.apache.hadoop.ozone.container.keyvalue.impl.ChunkManagerDispatcher.writeChunk(ChunkManagerDispatcher.java:70)
	at org.apache.hadoop.ozone.container.keyvalue.KeyValueHandler.handleWriteChunk(KeyValueHandler.java:938)
	at org.apache.hadoop.ozone.container.keyvalue.KeyValueHandler.dispatchRequest(KeyValueHandler.java:300)
	at org.apache.hadoop.ozone.container.keyvalue.KeyValueHandler.handle(KeyValueHandler.java:250)
	at org.apache.hadoop.ozone.container.common.impl.HddsDispatcher.dispatchRequest(HddsDispatcher.java:350)
	at org.apache.hadoop.ozone.container.common.impl.HddsDispatcher.lambda$dispatch$1(HddsDispatcher.java:189)
	at org.apache.hadoop.hdds.server.OzoneProtocolMessageDispatcher.processRequest(OzoneProtocolMessageDispatcher.java:87)
	at org.apache.hadoop.ozone.container.common.impl.HddsDispatcher.dispatch(HddsDispatcher.java:188)
	at org.apache.hadoop.ozone.container.common.transport.server.ratis.ContainerStateMachine.dispatchCommand(ContainerStateMachine.java:567)
	at org.apache.hadoop.ozone.container.common.transport.server.ratis.ContainerStateMachine.lambda$writeStateMachineData$2(ContainerStateMachine.java:622)
	at java.base/java.util.concurrent.FutureTask.run(FutureTask.java:317)
	at java.base/java.util.concurrent.ThreadPoolExecutor.runWorker(ThreadPoolExecutor.java:1144)
	at java.base/java.util.concurrent.ThreadPoolExecutor$Worker.run(ThreadPoolExecutor.java:642)
	at java.base/java.lang.Thread.run(Thread.java:1583)
2025-05-14 02:53:41,932 [c77e66e9-1cca-4fd3-bc5b-4ea2dbc3232f-ChunkWriter-2-0] WARN  keyvalue.KeyValueContainer (KeyValueContainer.java:markContainerUnhealthy(394)) - Marked container UNHEALTHY from OPEN: KeyValueContainerData #2 (UNHEALTHY, non-empty, ri=0, origin=[dn_c77e66e9-1cca-4fd3-bc5b-4ea2dbc3232f, pipeline_022d5f31-dc68-4e3a-bbba-dc6000f9f072])
02:53:41.932 [c77e66e9-1cca-4fd3-bc5b-4ea2dbc3232f-ChunkWriter-2-0] ERROR ContainerLog - ID=2 | Index=0 | BCSID=2 | State=UNHEALTHY | Volume=/home/runner/work/ozone/ozone/hadoop-ozone/integration-test/target/test-dir/MiniOzoneClusterImpl-af940217-b311-440f-8e09-352fdf66236b/ozone-meta/datanode-6/data-0/hdds | WRITE_FAILURE for file /home/runner/work/ozone/ozone/hadoop-ozone/integration-test/target/test-dir/MiniOzoneClusterImpl-af940217-b311-440f-8e09-352fdf66236b/ozone-meta/datanode-6/data-0/hdds/af940217-b311-440f-8e09-352fdf66236b/current/containerDir0/2. Message: null
2025-05-14 02:53:41,932 [c77e66e9-1cca-4fd3-bc5b-4ea2dbc3232f-ChunkWriter-2-0] INFO  impl.HddsDispatcher (HddsDispatcher.java:dispatchRequest(396)) - Marked Container UNHEALTHY, ContainerID: 2
2025-05-14 02:53:41,933 [e44b5a69-92f9-40f4-85c9-712e1c637b62-ChunkWriter-2-0] WARN  keyvalue.KeyValueContainer (KeyValueContainer.java:markContainerUnhealthy(394)) - Marked container UNHEALTHY from OPEN: KeyValueContainerData #2 (UNHEALTHY, non-empty, ri=0, origin=[dn_e44b5a69-92f9-40f4-85c9-712e1c637b62, pipeline_022d5f31-dc68-4e3a-bbba-dc6000f9f072])
02:53:41.933 [e44b5a69-92f9-40f4-85c9-712e1c637b62-ChunkWriter-2-0] ERROR ContainerLog - ID=2 | Index=0 | BCSID=2 | State=UNHEALTHY | Volume=/home/runner/work/ozone/ozone/hadoop-ozone/integration-test/target/test-dir/MiniOzoneClusterImpl-af940217-b311-440f-8e09-352fdf66236b/ozone-meta/datanode-5/data-0/hdds | WRITE_FAILURE for file /home/runner/work/ozone/ozone/hadoop-ozone/integration-test/target/test-dir/MiniOzoneClusterImpl-af940217-b311-440f-8e09-352fdf66236b/ozone-meta/datanode-5/data-0/hdds/af940217-b311-440f-8e09-352fdf66236b/current/containerDir0/2. Message: null
2025-05-14 02:53:41,934 [e44b5a69-92f9-40f4-85c9-712e1c637b62-ChunkWriter-2-0] INFO  impl.HddsDispatcher (HddsDispatcher.java:dispatchRequest(396)) - Marked Container UNHEALTHY, ContainerID: 2
2025-05-14 02:53:41,935 [FixedThreadPoolWithAffinityExecutor-1-0] INFO  container.IncrementalContainerReportHandler (AbstractContainerReportHandler.java:updateContainerState(253)) - FINALIZE (i.e. CLOSING) Container #2 (OPEN, sid=0) r0 (UNHEALTHY, bcsid=2, origin=e44b5a69-92f9-40f4-85c9-712e1c637b62, non-empty) from dn e44b5a69-92f9-40f4-85c9-712e1c637b62(localhost/127.0.0.1)
02:53:41.938 [c77e66e9-1cca-4fd3-bc5b-4ea2dbc3232f-ChunkWriter-2-0] ERROR DNAudit - user=null | ip=null | op=WRITE_CHUNK {blockData=conID: 2 locID: 115816896921600002 bcsId: 2 replicaIndex: 0, offset=5, size=10, stage=WRITE_DATA} | ret=FAILURE
java.lang.Exception: Chunks directory /home/runner/work/ozone/ozone/hadoop-ozone/integration-test/target/test-dir/MiniOzoneClusterImpl-af940217-b311-440f-8e09-352fdf66236b/ozone-meta/datanode-6/data-0/hdds/af940217-b311-440f-8e09-352fdf66236b/current/containerDir0/2/chunks does not exist.
	at org.apache.hadoop.ozone.container.common.impl.HddsDispatcher.dispatchRequest(HddsDispatcher.java:424) ~[hdds-container-service-2.1.0-SNAPSHOT.jar:?]
	at org.apache.hadoop.ozone.container.common.impl.HddsDispatcher.lambda$dispatch$1(HddsDispatcher.java:189) ~[hdds-container-service-2.1.0-SNAPSHOT.jar:?]
	at org.apache.hadoop.hdds.server.OzoneProtocolMessageDispatcher.processRequest(OzoneProtocolMessageDispatcher.java:87) ~[hdds-server-framework-2.1.0-SNAPSHOT.jar:?]
	at org.apache.hadoop.ozone.container.common.impl.HddsDispatcher.dispatch(HddsDispatcher.java:188) ~[hdds-container-service-2.1.0-SNAPSHOT.jar:?]
	at org.apache.hadoop.ozone.container.common.transport.server.ratis.ContainerStateMachine.dispatchCommand(ContainerStateMachine.java:567) ~[hdds-container-service-2.1.0-SNAPSHOT.jar:?]
	at org.apache.hadoop.ozone.container.common.transport.server.ratis.ContainerStateMachine.lambda$writeStateMachineData$2(ContainerStateMachine.java:622) ~[hdds-container-service-2.1.0-SNAPSHOT.jar:?]
	at java.base/java.util.concurrent.FutureTask.run(FutureTask.java:317) ~[?:?]
	at java.base/java.util.concurrent.ThreadPoolExecutor.runWorker(ThreadPoolExecutor.java:1144) ~[?:?]
	at java.base/java.util.concurrent.ThreadPoolExecutor$Worker.run(ThreadPoolExecutor.java:642) ~[?:?]
	at java.base/java.lang.Thread.run(Thread.java:1583) [?:?]
02:53:41.938 [e44b5a69-92f9-40f4-85c9-712e1c637b62-ChunkWriter-2-0] ERROR DNAudit - user=null | ip=null | op=WRITE_CHUNK {blockData=conID: 2 locID: 115816896921600002 bcsId: 2 replicaIndex: 0, offset=5, size=10, stage=WRITE_DATA} | ret=FAILURE
java.lang.Exception: Chunks directory /home/runner/work/ozone/ozone/hadoop-ozone/integration-test/target/test-dir/MiniOzoneClusterImpl-af940217-b311-440f-8e09-352fdf66236b/ozone-meta/datanode-5/data-0/hdds/af940217-b311-440f-8e09-352fdf66236b/current/containerDir0/2/chunks does not exist.
	at org.apache.hadoop.ozone.container.common.impl.HddsDispatcher.dispatchRequest(HddsDispatcher.java:424) ~[hdds-container-service-2.1.0-SNAPSHOT.jar:?]
	at org.apache.hadoop.ozone.container.common.impl.HddsDispatcher.lambda$dispatch$1(HddsDispatcher.java:189) ~[hdds-container-service-2.1.0-SNAPSHOT.jar:?]
	at org.apache.hadoop.hdds.server.OzoneProtocolMessageDispatcher.processRequest(OzoneProtocolMessageDispatcher.java:87) ~[hdds-server-framework-2.1.0-SNAPSHOT.jar:?]
	at org.apache.hadoop.ozone.container.common.impl.HddsDispatcher.dispatch(HddsDispatcher.java:188) ~[hdds-container-service-2.1.0-SNAPSHOT.jar:?]
	at org.apache.hadoop.ozone.container.common.transport.server.ratis.ContainerStateMachine.dispatchCommand(ContainerStateMachine.java:567) ~[hdds-container-service-2.1.0-SNAPSHOT.jar:?]
	at org.apache.hadoop.ozone.container.common.transport.server.ratis.ContainerStateMachine.lambda$writeStateMachineData$2(ContainerStateMachine.java:622) ~[hdds-container-service-2.1.0-SNAPSHOT.jar:?]
	at java.base/java.util.concurrent.FutureTask.run(FutureTask.java:317) ~[?:?]
	at java.base/java.util.concurrent.ThreadPoolExecutor.runWorker(ThreadPoolExecutor.java:1144) ~[?:?]
	at java.base/java.util.concurrent.ThreadPoolExecutor$Worker.run(ThreadPoolExecutor.java:642) ~[?:?]
	at java.base/java.lang.Thread.run(Thread.java:1583) [?:?]
2025-05-14 02:53:41,938 [c77e66e9-1cca-4fd3-bc5b-4ea2dbc3232f-ChunkWriter-2-0] ERROR ratis.ContainerStateMachine (ContainerStateMachine.java:handleCommandResult(662)) - group-DC6000F9F072: writeChunk writeStateMachineData failed: blockIdcontainerID: 2
localID: 115816896921600002
blockCommitSequenceId: 2
replicaIndex: 0
 logIndex 4 chunkName 115816896921600002_chunk_2 Error message: Chunks directory /home/runner/work/ozone/ozone/hadoop-ozone/integration-test/target/test-dir/MiniOzoneClusterImpl-af940217-b311-440f-8e09-352fdf66236b/ozone-meta/datanode-6/data-0/hdds/af940217-b311-440f-8e09-352fdf66236b/current/containerDir0/2/chunks does not exist. Container Result: UNABLE_TO_FIND_DATA_DIR
2025-05-14 02:53:41,938 [e44b5a69-92f9-40f4-85c9-712e1c637b62-ChunkWriter-2-0] ERROR ratis.ContainerStateMachine (ContainerStateMachine.java:handleCommandResult(662)) - group-DC6000F9F072: writeChunk writeStateMachineData failed: blockIdcontainerID: 2
localID: 115816896921600002
blockCommitSequenceId: 2
replicaIndex: 0
 logIndex 4 chunkName 115816896921600002_chunk_2 Error message: Chunks directory /home/runner/work/ozone/ozone/hadoop-ozone/integration-test/target/test-dir/MiniOzoneClusterImpl-af940217-b311-440f-8e09-352fdf66236b/ozone-meta/datanode-5/data-0/hdds/af940217-b311-440f-8e09-352fdf66236b/current/containerDir0/2/chunks does not exist. Container Result: UNABLE_TO_FIND_DATA_DIR
2025-05-14 02:53:41,940 [e44b5a69-92f9-40f4-85c9-712e1c637b62@group-DC6000F9F072-SegmentedRaftLogWorker] ERROR ratis.ContainerStateMachine (ContainerStateMachine.java:notifyLogFailed(1268)) - group-DC6000F9F072: (t:1, i:4) cmdType: WriteChunk traceID: "" containerID: 2 datanodeUuid: "e44b5a69-92f9-40f4-85c9-712e1c637b62" pipelineID: "022d5f31-dc68-4e3a-bbba-dc6000f9f072" writeChunk { blockID { containerID: 2 localID: 115816896921600002 blockCommitSequenceId: 2 replicaIndex: 0 } chunkData { chunkName: "115816896921600002_chunk_2" offset: 5 len: 10 checksumData { type: CRC32 bytesPerChecksum: 16384 checksums: "\317\357R*" } } } version: 3, container path=/home/runner/work/ozone/ozone/hadoop-ozone/integration-test/target/test-dir/MiniOzoneClusterImpl-af940217-b311-440f-8e09-352fdf66236b/ozone-meta/datanode-5/data-0/hdds/af940217-b311-440f-8e09-352fdf66236b/current/containerDir0/2
org.apache.hadoop.hdds.scm.container.common.helpers.StorageContainerException: Chunks directory /home/runner/work/ozone/ozone/hadoop-ozone/integration-test/target/test-dir/MiniOzoneClusterImpl-af940217-b311-440f-8e09-352fdf66236b/ozone-meta/datanode-5/data-0/hdds/af940217-b311-440f-8e09-352fdf66236b/current/containerDir0/2/chunks does not exist.
	at org.apache.hadoop.ozone.container.common.transport.server.ratis.ContainerStateMachine.handleCommandResult(ContainerStateMachine.java:661)
	at org.apache.hadoop.ozone.container.common.transport.server.ratis.ContainerStateMachine.lambda$writeStateMachineData$2(ContainerStateMachine.java:623)
	at java.base/java.util.concurrent.FutureTask.run(FutureTask.java:317)
	at java.base/java.util.concurrent.ThreadPoolExecutor.runWorker(ThreadPoolExecutor.java:1144)
	at java.base/java.util.concurrent.ThreadPoolExecutor$Worker.run(ThreadPoolExecutor.java:642)
	at java.base/java.lang.Thread.run(Thread.java:1583)
2025-05-14 02:53:41,940 [c77e66e9-1cca-4fd3-bc5b-4ea2dbc3232f@group-DC6000F9F072-SegmentedRaftLogWorker] ERROR ratis.ContainerStateMachine (ContainerStateMachine.java:notifyLogFailed(1268)) - group-DC6000F9F072: (t:1, i:4) cmdType: WriteChunk traceID: "" containerID: 2 datanodeUuid: "e44b5a69-92f9-40f4-85c9-712e1c637b62" pipelineID: "022d5f31-dc68-4e3a-bbba-dc6000f9f072" writeChunk { blockID { containerID: 2 localID: 115816896921600002 blockCommitSequenceId: 2 replicaIndex: 0 } chunkData { chunkName: "115816896921600002_chunk_2" offset: 5 len: 10 checksumData { type: CRC32 bytesPerChecksum: 16384 checksums: "\317\357R*" } } } version: 3, container path=/home/runner/work/ozone/ozone/hadoop-ozone/integration-test/target/test-dir/MiniOzoneClusterImpl-af940217-b311-440f-8e09-352fdf66236b/ozone-meta/datanode-6/data-0/hdds/af940217-b311-440f-8e09-352fdf66236b/current/containerDir0/2
org.apache.hadoop.hdds.scm.container.common.helpers.StorageContainerException: Chunks directory /home/runner/work/ozone/ozone/hadoop-ozone/integration-test/target/test-dir/MiniOzoneClusterImpl-af940217-b311-440f-8e09-352fdf66236b/ozone-meta/datanode-6/data-0/hdds/af940217-b311-440f-8e09-352fdf66236b/current/containerDir0/2/chunks does not exist.
	at org.apache.hadoop.ozone.container.common.transport.server.ratis.ContainerStateMachine.handleCommandResult(ContainerStateMachine.java:661)
	at org.apache.hadoop.ozone.container.common.transport.server.ratis.ContainerStateMachine.lambda$writeStateMachineData$2(ContainerStateMachine.java:623)
	at java.base/java.util.concurrent.FutureTask.run(FutureTask.java:317)
	at java.base/java.util.concurrent.ThreadPoolExecutor.runWorker(ThreadPoolExecutor.java:1144)
	at java.base/java.util.concurrent.ThreadPoolExecutor$Worker.run(ThreadPoolExecutor.java:642)
	at java.base/java.lang.Thread.run(Thread.java:1583)
2025-05-14 02:53:41,948 [e44b5a69-92f9-40f4-85c9-712e1c637b62@group-DC6000F9F072-SegmentedRaftLogWorker] WARN  ratis.XceiverServerRatis (XceiverServerRatis.java:triggerPipelineClose(758)) - pipeline Action CLOSE on pipeline PipelineID=022d5f31-dc68-4e3a-bbba-dc6000f9f072.Reason : Chunks directory /home/runner/work/ozone/ozone/hadoop-ozone/integration-test/target/test-dir/MiniOzoneClusterImpl-af940217-b311-440f-8e09-352fdf66236b/ozone-meta/datanode-5/data-0/hdds/af940217-b311-440f-8e09-352fdf66236b/current/containerDir0/2/chunks does not exist.
2025-05-14 02:53:41,948 [c77e66e9-1cca-4fd3-bc5b-4ea2dbc3232f@group-DC6000F9F072-SegmentedRaftLogWorker] WARN  ratis.XceiverServerRatis (XceiverServerRatis.java:triggerPipelineClose(758)) - pipeline Action CLOSE on pipeline PipelineID=022d5f31-dc68-4e3a-bbba-dc6000f9f072.Reason : Chunks directory /home/runner/work/ozone/ozone/hadoop-ozone/integration-test/target/test-dir/MiniOzoneClusterImpl-af940217-b311-440f-8e09-352fdf66236b/ozone-meta/datanode-6/data-0/hdds/af940217-b311-440f-8e09-352fdf66236b/current/containerDir0/2/chunks does not exist.
2025-05-14 02:53:41,949 [c77e66e9-1cca-4fd3-bc5b-4ea2dbc3232f-server-thread2] WARN  server.GrpcServerProtocolService (LogUtils.java:warn(123)) - c77e66e9-1cca-4fd3-bc5b-4ea2dbc3232f: Failed APPEND_ENTRIES request d4e44fd7-0e23-4e4f-bc30-0c7965de497d->c77e66e9-1cca-4fd3-bc5b-4ea2dbc3232f#8-t1,previous=(t:1, i:3),leaderCommit=3,initializing? false,entries: size=1, first=(t:1, i:4), STATEMACHINELOGENTRY, WRITE: logData.size=154, stateMachineData.size=10, logEntryProtoSerializedSize=0
java.util.concurrent.CompletionException: org.apache.hadoop.hdds.scm.container.common.helpers.StorageContainerException: Chunks directory /home/runner/work/ozone/ozone/hadoop-ozone/integration-test/target/test-dir/MiniOzoneClusterImpl-af940217-b311-440f-8e09-352fdf66236b/ozone-meta/datanode-6/data-0/hdds/af940217-b311-440f-8e09-352fdf66236b/current/containerDir0/2/chunks does not exist.
	at java.base/java.util.concurrent.CompletableFuture.encodeThrowable(CompletableFuture.java:332)
	at java.base/java.util.concurrent.CompletableFuture.completeThrowable(CompletableFuture.java:347)
	at java.base/java.util.concurrent.CompletableFuture$BiRelay.tryFire(CompletableFuture.java:1498)
	at java.base/java.util.concurrent.CompletableFuture$CoCompletion.tryFire(CompletableFuture.java:1219)
	at java.base/java.util.concurrent.CompletableFuture.postComplete(CompletableFuture.java:510)
	at java.base/java.util.concurrent.CompletableFuture.completeExceptionally(CompletableFuture.java:2194)
	at org.apache.ratis.server.raftlog.segmented.SegmentedRaftLog$Task.failed(SegmentedRaftLog.java:109)
	at org.apache.ratis.server.raftlog.segmented.SegmentedRaftLogWorker$WriteLog.failed(SegmentedRaftLogWorker.java:527)
	at org.apache.ratis.server.raftlog.segmented.SegmentedRaftLogWorker.run(SegmentedRaftLogWorker.java:324)
	at java.base/java.util.concurrent.Executors$RunnableAdapter.call(Executors.java:572)
	at java.base/java.util.concurrent.FutureTask.run(FutureTask.java:317)
	at java.base/java.util.concurrent.ThreadPoolExecutor.runWorker(ThreadPoolExecutor.java:1144)
	at java.base/java.util.concurrent.ThreadPoolExecutor$Worker.run(ThreadPoolExecutor.java:642)
	at java.base/java.lang.Thread.run(Thread.java:1583)
Caused by: org.apache.hadoop.hdds.scm.container.common.helpers.StorageContainerException: Chunks directory /home/runner/work/ozone/ozone/hadoop-ozone/integration-test/target/test-dir/MiniOzoneClusterImpl-af940217-b311-440f-8e09-352fdf66236b/ozone-meta/datanode-6/data-0/hdds/af940217-b311-440f-8e09-352fdf66236b/current/containerDir0/2/chunks does not exist.
	at org.apache.hadoop.ozone.container.common.transport.server.ratis.ContainerStateMachine.handleCommandResult(ContainerStateMachine.java:661)
	at org.apache.hadoop.ozone.container.common.transport.server.ratis.ContainerStateMachine.lambda$writeStateMachineData$2(ContainerStateMachine.java:623)
	... 4 more
2025-05-14 02:53:41,951 [e44b5a69-92f9-40f4-85c9-712e1c637b62-server-thread3] WARN  server.GrpcServerProtocolService (LogUtils.java:warn(123)) - e44b5a69-92f9-40f4-85c9-712e1c637b62: Failed APPEND_ENTRIES request d4e44fd7-0e23-4e4f-bc30-0c7965de497d->e44b5a69-92f9-40f4-85c9-712e1c637b62#12-t1,previous=(t:1, i:3),leaderCommit=3,initializing? false,entries: size=1, first=(t:1, i:4), STATEMACHINELOGENTRY, WRITE: logData.size=154, stateMachineData.size=10, logEntryProtoSerializedSize=0
java.util.concurrent.CompletionException: org.apache.hadoop.hdds.scm.container.common.helpers.StorageContainerException: Chunks directory /home/runner/work/ozone/ozone/hadoop-ozone/integration-test/target/test-dir/MiniOzoneClusterImpl-af940217-b311-440f-8e09-352fdf66236b/ozone-meta/datanode-5/data-0/hdds/af940217-b311-440f-8e09-352fdf66236b/current/containerDir0/2/chunks does not exist.
	at java.base/java.util.concurrent.CompletableFuture.encodeThrowable(CompletableFuture.java:332)
	at java.base/java.util.concurrent.CompletableFuture.completeThrowable(CompletableFuture.java:347)
	at java.base/java.util.concurrent.CompletableFuture$BiRelay.tryFire(CompletableFuture.java:1498)
	at java.base/java.util.concurrent.CompletableFuture$CoCompletion.tryFire(CompletableFuture.java:1219)
	at java.base/java.util.concurrent.CompletableFuture.postComplete(CompletableFuture.java:510)
	at java.base/java.util.concurrent.CompletableFuture.completeExceptionally(CompletableFuture.java:2194)
	at org.apache.ratis.server.raftlog.segmented.SegmentedRaftLog$Task.failed(SegmentedRaftLog.java:109)
	at org.apache.ratis.server.raftlog.segmented.SegmentedRaftLogWorker$WriteLog.failed(SegmentedRaftLogWorker.java:527)
	at org.apache.ratis.server.raftlog.segmented.SegmentedRaftLogWorker.run(SegmentedRaftLogWorker.java:324)
	at java.base/java.util.concurrent.Executors$RunnableAdapter.call(Executors.java:572)
	at java.base/java.util.concurrent.FutureTask.run(FutureTask.java:317)
	at java.base/java.util.concurrent.ThreadPoolExecutor.runWorker(ThreadPoolExecutor.java:1144)
	at java.base/java.util.concurrent.ThreadPoolExecutor$Worker.run(ThreadPoolExecutor.java:642)
	at java.base/java.lang.Thread.run(Thread.java:1583)
Caused by: org.apache.hadoop.hdds.scm.container.common.helpers.StorageContainerException: Chunks directory /home/runner/work/ozone/ozone/hadoop-ozone/integration-test/target/test-dir/MiniOzoneClusterImpl-af940217-b311-440f-8e09-352fdf66236b/ozone-meta/datanode-5/data-0/hdds/af940217-b311-440f-8e09-352fdf66236b/current/containerDir0/2/chunks does not exist.
	at org.apache.hadoop.ozone.container.common.transport.server.ratis.ContainerStateMachine.handleCommandResult(ContainerStateMachine.java:661)
	at org.apache.hadoop.ozone.container.common.transport.server.ratis.ContainerStateMachine.lambda$writeStateMachineData$2(ContainerStateMachine.java:623)
	... 4 more
2025-05-14 02:53:41,954 [e44b5a69-92f9-40f4-85c9-712e1c637b62@group-DC6000F9F072-SegmentedRaftLogWorker] ERROR ratis.ContainerStateMachine (ContainerStateMachine.java:notifyLogFailed(1268)) - group-DC6000F9F072: (t:1, i:5) cmdType: PutBlock traceID: "" containerID: 2 datanodeUuid: "e44b5a69-92f9-40f4-85c9-712e1c637b62" pipelineID: "022d5f31-dc68-4e3a-bbba-dc6000f9f072" putBlock { blockData { blockID { containerID: 2 localID: 115816896921600002 blockCommitSequenceId: 0 } metadata { key: "TYPE" value: "KEY" } chunks { chunkName: "115816896921600002_chunk_1" offset: 0 len: 5 checksumData { type: CRC32 bytesPerChecksum: 16384 checksums: "\350a\3440" } } chunks { chunkName: "115816896921600002_chunk_2" offset: 5 len: 10 checksumData { type: CRC32 bytesPerChecksum: 16384 checksums: "\317\357R*" } } } eof: false } version: 3, container path=/home/runner/work/ozone/ozone/hadoop-ozone/integration-test/target/test-dir/MiniOzoneClusterImpl-af940217-b311-440f-8e09-352fdf66236b/ozone-meta/datanode-5/data-0/hdds/af940217-b311-440f-8e09-352fdf66236b/current/containerDir0/2
org.apache.ratis.server.raftlog.RaftLogIOException: Log already failed at index 4 for task WriteLog:4: (t:1, i:4), STATEMACHINELOGENTRY, cmdType: WriteChunk traceID: "" containerID: 2 datanodeUuid: "e44b5a69-92f9-40f4-85c9-712e1c637b62" pipelineID: "022d5f31-dc68-4e3a-bbba-dc6000f9f072" writeChunk { blockID { containerID: 2 localID: 115816896921600002 blockCommitSequenceId: 2 replicaIndex: 0 } chunkData { chunkName: "115816896921600002_chunk_2" offset: 5 len: 10 checksumData { type: CRC32 bytesPerChecksum: 16384 checksums: "\317\357R*" } } } version: 3, container path=/home/runner/work/ozone/ozone/hadoop-ozone/integration-test/target/test-dir/MiniOzoneClusterImpl-af940217-b311-440f-8e09-352fdf66236b/ozone-meta/datanode-5/data-0/hdds/af940217-b311-440f-8e09-352fdf66236b/current/containerDir0/2
	at org.apache.ratis.server.raftlog.segmented.SegmentedRaftLogWorker.run(SegmentedRaftLogWorker.java:327)
	at java.base/java.util.concurrent.Executors$RunnableAdapter.call(Executors.java:572)
	at java.base/java.util.concurrent.FutureTask.run(FutureTask.java:317)
	at java.base/java.util.concurrent.ThreadPoolExecutor.runWorker(ThreadPoolExecutor.java:1144)
	at java.base/java.util.concurrent.ThreadPoolExecutor$Worker.run(ThreadPoolExecutor.java:642)
	at java.base/java.lang.Thread.run(Thread.java:1583)
Caused by: org.apache.hadoop.hdds.scm.container.common.helpers.StorageContainerException: Chunks directory /home/runner/work/ozone/ozone/hadoop-ozone/integration-test/target/test-dir/MiniOzoneClusterImpl-af940217-b311-440f-8e09-352fdf66236b/ozone-meta/datanode-5/data-0/hdds/af940217-b311-440f-8e09-352fdf66236b/current/containerDir0/2/chunks does not exist.
	at org.apache.hadoop.ozone.container.common.transport.server.ratis.ContainerStateMachine.handleCommandResult(ContainerStateMachine.java:661)
	at org.apache.hadoop.ozone.container.common.transport.server.ratis.ContainerStateMachine.lambda$writeStateMachineData$2(ContainerStateMachine.java:623)
	... 4 more
2025-05-14 02:53:41,954 [c77e66e9-1cca-4fd3-bc5b-4ea2dbc3232f@group-DC6000F9F072-SegmentedRaftLogWorker] ERROR ratis.ContainerStateMachine (ContainerStateMachine.java:notifyLogFailed(1268)) - group-DC6000F9F072: (t:1, i:5) cmdType: PutBlock traceID: "" containerID: 2 datanodeUuid: "e44b5a69-92f9-40f4-85c9-712e1c637b62" pipelineID: "022d5f31-dc68-4e3a-bbba-dc6000f9f072" putBlock { blockData { blockID { containerID: 2 localID: 115816896921600002 blockCommitSequenceId: 0 } metadata { key: "TYPE" value: "KEY" } chunks { chunkName: "115816896921600002_chunk_1" offset: 0 len: 5 checksumData { type: CRC32 bytesPerChecksum: 16384 checksums: "\350a\3440" } } chunks { chunkName: "115816896921600002_chunk_2" offset: 5 len: 10 checksumData { type: CRC32 bytesPerChecksum: 16384 checksums: "\317\357R*" } } } eof: false } version: 3, container path=/home/runner/work/ozone/ozone/hadoop-ozone/integration-test/target/test-dir/MiniOzoneClusterImpl-af940217-b311-440f-8e09-352fdf66236b/ozone-meta/datanode-6/data-0/hdds/af940217-b311-440f-8e09-352fdf66236b/current/containerDir0/2
org.apache.ratis.server.raftlog.RaftLogIOException: Log already failed at index 4 for task WriteLog:4: (t:1, i:4), STATEMACHINELOGENTRY, cmdType: WriteChunk traceID: "" containerID: 2 datanodeUuid: "e44b5a69-92f9-40f4-85c9-712e1c637b62" pipelineID: "022d5f31-dc68-4e3a-bbba-dc6000f9f072" writeChunk { blockID { containerID: 2 localID: 115816896921600002 blockCommitSequenceId: 2 replicaIndex: 0 } chunkData { chunkName: "115816896921600002_chunk_2" offset: 5 len: 10 checksumData { type: CRC32 bytesPerChecksum: 16384 checksums: "\317\357R*" } } } version: 3, container path=/home/runner/work/ozone/ozone/hadoop-ozone/integration-test/target/test-dir/MiniOzoneClusterImpl-af940217-b311-440f-8e09-352fdf66236b/ozone-meta/datanode-6/data-0/hdds/af940217-b311-440f-8e09-352fdf66236b/current/containerDir0/2
	at org.apache.ratis.server.raftlog.segmented.SegmentedRaftLogWorker.run(SegmentedRaftLogWorker.java:327)
	at java.base/java.util.concurrent.Executors$RunnableAdapter.call(Executors.java:572)
	at java.base/java.util.concurrent.FutureTask.run(FutureTask.java:317)
	at java.base/java.util.concurrent.ThreadPoolExecutor.runWorker(ThreadPoolExecutor.java:1144)
	at java.base/java.util.concurrent.ThreadPoolExecutor$Worker.run(ThreadPoolExecutor.java:642)
	at java.base/java.lang.Thread.run(Thread.java:1583)
Caused by: org.apache.hadoop.hdds.scm.container.common.helpers.StorageContainerException: Chunks directory /home/runner/work/ozone/ozone/hadoop-ozone/integration-test/target/test-dir/MiniOzoneClusterImpl-af940217-b311-440f-8e09-352fdf66236b/ozone-meta/datanode-6/data-0/hdds/af940217-b311-440f-8e09-352fdf66236b/current/containerDir0/2/chunks does not exist.
	at org.apache.hadoop.ozone.container.common.transport.server.ratis.ContainerStateMachine.handleCommandResult(ContainerStateMachine.java:661)
	at org.apache.hadoop.ozone.container.common.transport.server.ratis.ContainerStateMachine.lambda$writeStateMachineData$2(ContainerStateMachine.java:623)
	... 4 more
2025-05-14 02:53:41,955 [e44b5a69-92f9-40f4-85c9-712e1c637b62-server-thread3] WARN  server.GrpcServerProtocolService (LogUtils.java:warn(123)) - e44b5a69-92f9-40f4-85c9-712e1c637b62: Failed APPEND_ENTRIES request d4e44fd7-0e23-4e4f-bc30-0c7965de497d->e44b5a69-92f9-40f4-85c9-712e1c637b62#13-t1,previous=(t:1, i:4),leaderCommit=3,initializing? false,entries: size=1, first=(t:1, i:5), STATEMACHINELOGENTRY, WRITE: logData.size=217, stateMachineData.size=0, logEntryProtoSerializedSize=0
java.util.concurrent.CompletionException: org.apache.ratis.server.raftlog.RaftLogIOException: Log already failed at index 4 for task WriteLog:4: (t:1, i:4), STATEMACHINELOGENTRY, cmdType: WriteChunk traceID: "" containerID: 2 datanodeUuid: "e44b5a69-92f9-40f4-85c9-712e1c637b62" pipelineID: "022d5f31-dc68-4e3a-bbba-dc6000f9f072" writeChunk { blockID { containerID: 2 localID: 115816896921600002 blockCommitSequenceId: 2 replicaIndex: 0 } chunkData { chunkName: "115816896921600002_chunk_2" offset: 5 len: 10 checksumData { type: CRC32 bytesPerChecksum: 16384 checksums: "\317\357R*" } } } version: 3, container path=/home/runner/work/ozone/ozone/hadoop-ozone/integration-test/target/test-dir/MiniOzoneClusterImpl-af940217-b311-440f-8e09-352fdf66236b/ozone-meta/datanode-5/data-0/hdds/af940217-b311-440f-8e09-352fdf66236b/current/containerDir0/2
	at java.base/java.util.concurrent.CompletableFuture.encodeThrowable(CompletableFuture.java:332)
	at java.base/java.util.concurrent.CompletableFuture.completeThrowable(CompletableFuture.java:347)
	at java.base/java.util.concurrent.CompletableFuture$BiRelay.tryFire(CompletableFuture.java:1498)
	at java.base/java.util.concurrent.CompletableFuture$CoCompletion.tryFire(CompletableFuture.java:1219)
	at java.base/java.util.concurrent.CompletableFuture.postComplete(CompletableFuture.java:510)
	at java.base/java.util.concurrent.CompletableFuture.completeExceptionally(CompletableFuture.java:2194)
	at org.apache.ratis.server.raftlog.segmented.SegmentedRaftLog$Task.failed(SegmentedRaftLog.java:109)
	at org.apache.ratis.server.raftlog.segmented.SegmentedRaftLogWorker$WriteLog.failed(SegmentedRaftLogWorker.java:527)
	at org.apache.ratis.server.raftlog.segmented.SegmentedRaftLogWorker.run(SegmentedRaftLogWorker.java:324)
	at java.base/java.util.concurrent.Executors$RunnableAdapter.call(Executors.java:572)
	at java.base/java.util.concurrent.FutureTask.run(FutureTask.java:317)
	at java.base/java.util.concurrent.ThreadPoolExecutor.runWorker(ThreadPoolExecutor.java:1144)
	at java.base/java.util.concurrent.ThreadPoolExecutor$Worker.run(ThreadPoolExecutor.java:642)
	at java.base/java.lang.Thread.run(Thread.java:1583)
Caused by: org.apache.ratis.server.raftlog.RaftLogIOException: Log already failed at index 4 for task WriteLog:4: (t:1, i:4), STATEMACHINELOGENTRY, cmdType: WriteChunk traceID: "" containerID: 2 datanodeUuid: "e44b5a69-92f9-40f4-85c9-712e1c637b62" pipelineID: "022d5f31-dc68-4e3a-bbba-dc6000f9f072" writeChunk { blockID { containerID: 2 localID: 115816896921600002 blockCommitSequenceId: 2 replicaIndex: 0 } chunkData { chunkName: "115816896921600002_chunk_2" offset: 5 len: 10 checksumData { type: CRC32 bytesPerChecksum: 16384 checksums: "\317\357R*" } } } version: 3, container path=/home/runner/work/ozone/ozone/hadoop-ozone/integration-test/target/test-dir/MiniOzoneClusterImpl-af940217-b311-440f-8e09-352fdf66236b/ozone-meta/datanode-5/data-0/hdds/af940217-b311-440f-8e09-352fdf66236b/current/containerDir0/2
	at org.apache.ratis.server.raftlog.segmented.SegmentedRaftLogWorker.run(SegmentedRaftLogWorker.java:327)
	... 5 more
Caused by: org.apache.hadoop.hdds.scm.container.common.helpers.StorageContainerException: Chunks directory /home/runner/work/ozone/ozone/hadoop-ozone/integration-test/target/test-dir/MiniOzoneClusterImpl-af940217-b311-440f-8e09-352fdf66236b/ozone-meta/datanode-5/data-0/hdds/af940217-b311-440f-8e09-352fdf66236b/current/containerDir0/2/chunks does not exist.
	at org.apache.hadoop.ozone.container.common.transport.server.ratis.ContainerStateMachine.handleCommandResult(ContainerStateMachine.java:661)
	at org.apache.hadoop.ozone.container.common.transport.server.ratis.ContainerStateMachine.lambda$writeStateMachineData$2(ContainerStateMachine.java:623)
	... 4 more
2025-05-14 02:53:41,955 [c77e66e9-1cca-4fd3-bc5b-4ea2dbc3232f-server-thread2] WARN  server.GrpcServerProtocolService (LogUtils.java:warn(123)) - c77e66e9-1cca-4fd3-bc5b-4ea2dbc3232f: Failed APPEND_ENTRIES request d4e44fd7-0e23-4e4f-bc30-0c7965de497d->c77e66e9-1cca-4fd3-bc5b-4ea2dbc3232f#9-t1,previous=(t:1, i:4),leaderCommit=3,initializing? false,entries: size=1, first=(t:1, i:5), STATEMACHINELOGENTRY, WRITE: logData.size=217, stateMachineData.size=0, logEntryProtoSerializedSize=0
java.util.concurrent.CompletionException: org.apache.ratis.server.raftlog.RaftLogIOException: Log already failed at index 4 for task WriteLog:4: (t:1, i:4), STATEMACHINELOGENTRY, cmdType: WriteChunk traceID: "" containerID: 2 datanodeUuid: "e44b5a69-92f9-40f4-85c9-712e1c637b62" pipelineID: "022d5f31-dc68-4e3a-bbba-dc6000f9f072" writeChunk { blockID { containerID: 2 localID: 115816896921600002 blockCommitSequenceId: 2 replicaIndex: 0 } chunkData { chunkName: "115816896921600002_chunk_2" offset: 5 len: 10 checksumData { type: CRC32 bytesPerChecksum: 16384 checksums: "\317\357R*" } } } version: 3, container path=/home/runner/work/ozone/ozone/hadoop-ozone/integration-test/target/test-dir/MiniOzoneClusterImpl-af940217-b311-440f-8e09-352fdf66236b/ozone-meta/datanode-6/data-0/hdds/af940217-b311-440f-8e09-352fdf66236b/current/containerDir0/2
	at java.base/java.util.concurrent.CompletableFuture.encodeThrowable(CompletableFuture.java:332)
	at java.base/java.util.concurrent.CompletableFuture.completeThrowable(CompletableFuture.java:347)
	at java.base/java.util.concurrent.CompletableFuture$BiRelay.tryFire(CompletableFuture.java:1498)
	at java.base/java.util.concurrent.CompletableFuture$CoCompletion.tryFire(CompletableFuture.java:1219)
	at java.base/java.util.concurrent.CompletableFuture.postComplete(CompletableFuture.java:510)
	at java.base/java.util.concurrent.CompletableFuture.completeExceptionally(CompletableFuture.java:2194)
	at org.apache.ratis.server.raftlog.segmented.SegmentedRaftLog$Task.failed(SegmentedRaftLog.java:109)
	at org.apache.ratis.server.raftlog.segmented.SegmentedRaftLogWorker$WriteLog.failed(SegmentedRaftLogWorker.java:527)
	at org.apache.ratis.server.raftlog.segmented.SegmentedRaftLogWorker.run(SegmentedRaftLogWorker.java:324)
	at java.base/java.util.concurrent.Executors$RunnableAdapter.call(Executors.java:572)
	at java.base/java.util.concurrent.FutureTask.run(FutureTask.java:317)
	at java.base/java.util.concurrent.ThreadPoolExecutor.runWorker(ThreadPoolExecutor.java:1144)
	at java.base/java.util.concurrent.ThreadPoolExecutor$Worker.run(ThreadPoolExecutor.java:642)
	at java.base/java.lang.Thread.run(Thread.java:1583)
Caused by: org.apache.ratis.server.raftlog.RaftLogIOException: Log already failed at index 4 for task WriteLog:4: (t:1, i:4), STATEMACHINELOGENTRY, cmdType: WriteChunk traceID: "" containerID: 2 datanodeUuid: "e44b5a69-92f9-40f4-85c9-712e1c637b62" pipelineID: "022d5f31-dc68-4e3a-bbba-dc6000f9f072" writeChunk { blockID { containerID: 2 localID: 115816896921600002 blockCommitSequenceId: 2 replicaIndex: 0 } chunkData { chunkName: "115816896921600002_chunk_2" offset: 5 len: 10 checksumData { type: CRC32 bytesPerChecksum: 16384 checksums: "\317\357R*" } } } version: 3, container path=/home/runner/work/ozone/ozone/hadoop-ozone/integration-test/target/test-dir/MiniOzoneClusterImpl-af940217-b311-440f-8e09-352fdf66236b/ozone-meta/datanode-6/data-0/hdds/af940217-b311-440f-8e09-352fdf66236b/current/containerDir0/2
	at org.apache.ratis.server.raftlog.segmented.SegmentedRaftLogWorker.run(SegmentedRaftLogWorker.java:327)
	... 5 more
Caused by: org.apache.hadoop.hdds.scm.container.common.helpers.StorageContainerException: Chunks directory /home/runner/work/ozone/ozone/hadoop-ozone/integration-test/target/test-dir/MiniOzoneClusterImpl-af940217-b311-440f-8e09-352fdf66236b/ozone-meta/datanode-6/data-0/hdds/af940217-b311-440f-8e09-352fdf66236b/current/containerDir0/2/chunks does not exist.
	at org.apache.hadoop.ozone.container.common.transport.server.ratis.ContainerStateMachine.handleCommandResult(ContainerStateMachine.java:661)
	at org.apache.hadoop.ozone.container.common.transport.server.ratis.ContainerStateMachine.lambda$writeStateMachineData$2(ContainerStateMachine.java:623)
	... 4 more
2025-05-14 02:53:41,957 [EventQueue-CloseContainerForCloseContainerEventHandler] INFO  container.CloseContainerEventHandler (CloseContainerEventHandler.java:onMessage(88)) - Close container Event triggered for container : #2, current state: CLOSING
2025-05-14 02:53:41,958 [EventQueue-PipelineActionsForPipelineActionHandler] INFO  pipeline.PipelineActionHandler (PipelineActionHandler.java:processPipelineAction(89)) - Received pipeline action CLOSE for PipelineID=022d5f31-dc68-4e3a-bbba-dc6000f9f072 from datanode c77e66e9-1cca-4fd3-bc5b-4ea2dbc3232f(localhost/127.0.0.1). Reason : Chunks directory /home/runner/work/ozone/ozone/hadoop-ozone/integration-test/target/test-dir/MiniOzoneClusterImpl-af940217-b311-440f-8e09-352fdf66236b/ozone-meta/datanode-6/data-0/hdds/af940217-b311-440f-8e09-352fdf66236b/current/containerDir0/2/chunks does not exist.
2025-05-14 02:53:41,960 [EventQueue-CloseContainerForCloseContainerEventHandler] INFO  container.CloseContainerEventHandler (CloseContainerEventHandler.java:onMessage(88)) - Close container Event triggered for container : #2, current state: CLOSING
2025-05-14 02:53:41,963 [EventQueue-PipelineActionsForPipelineActionHandler] INFO  pipeline.PipelineManagerImpl (PipelineManagerImpl.java:closePipeline(509)) - Pipeline PipelineID=022d5f31-dc68-4e3a-bbba-dc6000f9f072 moved to CLOSED state
2025-05-14 02:53:41,963 [grpc-default-executor-1] WARN  server.GrpcLogAppender (LogUtils.java:warn(123)) - d4e44fd7-0e23-4e4f-bc30-0c7965de497d@group-DC6000F9F072->e44b5a69-92f9-40f4-85c9-712e1c637b62-AppendLogResponseHandler: Failed appendEntries
org.apache.hadoop.hdds.scm.container.common.helpers.StorageContainerException: Chunks directory /home/runner/work/ozone/ozone/hadoop-ozone/integration-test/target/test-dir/MiniOzoneClusterImpl-af940217-b311-440f-8e09-352fdf66236b/ozone-meta/datanode-5/data-0/hdds/af940217-b311-440f-8e09-352fdf66236b/current/containerDir0/2/chunks does not exist.
	at org.apache.hadoop.ozone.container.common.transport.server.ratis.ContainerStateMachine.handleCommandResult(ContainerStateMachine.java:661)
	at org.apache.hadoop.ozone.container.common.transport.server.ratis.ContainerStateMachine.lambda$writeStateMachineData$2(ContainerStateMachine.java:623)
	at java.base/java.util.concurrent.FutureTask.run(FutureTask.java:317)
	at java.base/java.util.concurrent.ThreadPoolExecutor.runWorker(ThreadPoolExecutor.java:1144)
	at java.base/java.util.concurrent.ThreadPoolExecutor$Worker.run(ThreadPoolExecutor.java:642)
	at java.base/java.lang.Thread.run(Thread.java:1583)
2025-05-14 02:53:41,963 [grpc-default-executor-3] WARN  server.GrpcLogAppender (LogUtils.java:warn(123)) - d4e44fd7-0e23-4e4f-bc30-0c7965de497d@group-DC6000F9F072->c77e66e9-1cca-4fd3-bc5b-4ea2dbc3232f-AppendLogResponseHandler: Failed appendEntries
org.apache.hadoop.hdds.scm.container.common.helpers.StorageContainerException: Chunks directory /home/runner/work/ozone/ozone/hadoop-ozone/integration-test/target/test-dir/MiniOzoneClusterImpl-af940217-b311-440f-8e09-352fdf66236b/ozone-meta/datanode-6/data-0/hdds/af940217-b311-440f-8e09-352fdf66236b/current/containerDir0/2/chunks does not exist.
	at org.apache.hadoop.ozone.container.common.transport.server.ratis.ContainerStateMachine.handleCommandResult(ContainerStateMachine.java:661)
	at org.apache.hadoop.ozone.container.common.transport.server.ratis.ContainerStateMachine.lambda$writeStateMachineData$2(ContainerStateMachine.java:623)
	at java.base/java.util.concurrent.FutureTask.run(FutureTask.java:317)
	at java.base/java.util.concurrent.ThreadPoolExecutor.runWorker(ThreadPoolExecutor.java:1144)
	at java.base/java.util.concurrent.ThreadPoolExecutor$Worker.run(ThreadPoolExecutor.java:642)
	at java.base/java.lang.Thread.run(Thread.java:1583)
2025-05-14 02:53:41,963 [EventQueue-PipelineActionsForPipelineActionHandler] INFO  pipeline.PipelineActionHandler (PipelineActionHandler.java:processPipelineAction(89)) - Received pipeline action CLOSE for PipelineID=022d5f31-dc68-4e3a-bbba-dc6000f9f072 from datanode e44b5a69-92f9-40f4-85c9-712e1c637b62(localhost/127.0.0.1). Reason : Chunks directory /home/runner/work/ozone/ozone/hadoop-ozone/integration-test/target/test-dir/MiniOzoneClusterImpl-af940217-b311-440f-8e09-352fdf66236b/ozone-meta/datanode-5/data-0/hdds/af940217-b311-440f-8e09-352fdf66236b/current/containerDir0/2/chunks does not exist.
2025-05-14 02:53:41,966 [grpc-default-executor-1] INFO  leader.LogAppender (LogAppenderBase.java:lambda$getNextIndexForError$0(215)) - Decrease nextIndex to 4
2025-05-14 02:53:41,966 [grpc-default-executor-1] INFO  leader.LogAppender (LogAppenderBase.java:lambda$getNextIndexForError$0(215)) - Decrease nextIndex to 4
2025-05-14 02:53:41,966 [grpc-default-executor-3] INFO  leader.LogAppender (LogAppenderBase.java:lambda$getNextIndexForError$0(215)) - Decrease nextIndex to 4
2025-05-14 02:53:41,966 [grpc-default-executor-3] INFO  leader.LogAppender (LogAppenderBase.java:lambda$getNextIndexForError$0(215)) - Decrease nextIndex to 4
2025-05-14 02:53:41,967 [grpc-default-executor-3] INFO  leader.FollowerInfo (FollowerInfoImpl.java:info(70)) - d4e44fd7-0e23-4e4f-bc30-0c7965de497d@group-DC6000F9F072->c77e66e9-1cca-4fd3-bc5b-4ea2dbc3232f: computeNextIndex nextIndex: updateUnconditionally 6 -> 4
2025-05-14 02:53:41,967 [grpc-default-executor-1] INFO  leader.FollowerInfo (FollowerInfoImpl.java:info(70)) - d4e44fd7-0e23-4e4f-bc30-0c7965de497d@group-DC6000F9F072->e44b5a69-92f9-40f4-85c9-712e1c637b62: computeNextIndex nextIndex: updateUnconditionally 6 -> 4
2025-05-14 02:53:42,148 [EventQueue-PipelineActionsForPipelineActionHandler] INFO  pipeline.PipelineActionHandler (PipelineActionHandler.java:processPipelineAction(89)) - Received pipeline action CLOSE for PipelineID=022d5f31-dc68-4e3a-bbba-dc6000f9f072 from datanode c77e66e9-1cca-4fd3-bc5b-4ea2dbc3232f(localhost/127.0.0.1). Reason : Chunks directory /home/runner/work/ozone/ozone/hadoop-ozone/integration-test/target/test-dir/MiniOzoneClusterImpl-af940217-b311-440f-8e09-352fdf66236b/ozone-meta/datanode-6/data-0/hdds/af940217-b311-440f-8e09-352fdf66236b/current/containerDir0/2/chunks does not exist.
2025-05-14 02:53:42,149 [EventQueue-PipelineActionsForPipelineActionHandler] INFO  pipeline.PipelineActionHandler (PipelineActionHandler.java:processPipelineAction(89)) - Received pipeline action CLOSE for PipelineID=022d5f31-dc68-4e3a-bbba-dc6000f9f072 from datanode e44b5a69-92f9-40f4-85c9-712e1c637b62(localhost/127.0.0.1). Reason : Chunks directory /home/runner/work/ozone/ozone/hadoop-ozone/integration-test/target/test-dir/MiniOzoneClusterImpl-af940217-b311-440f-8e09-352fdf66236b/ozone-meta/datanode-5/data-0/hdds/af940217-b311-440f-8e09-352fdf66236b/current/containerDir0/2/chunks does not exist.
2025-05-14 02:53:42,271 [f8181075-ae63-407a-b17c-78185f7d70dd@group-9F6C3E39A650-StateMachineUpdater] INFO  ratis.ContainerStateMachine (ContainerStateMachine.java:takeSnapshot(427)) - group-9F6C3E39A650: Taking a snapshot at:(t:1, i:4) file /home/runner/work/ozone/ozone/hadoop-ozone/integration-test/target/test-dir/MiniOzoneClusterImpl-af940217-b311-440f-8e09-352fdf66236b/ozone-meta/datanode-1/ratis/babd74b3-e02d-4bf5-8eae-9f6c3e39a650/sm/snapshot.1_4
2025-05-14 02:53:42,272 [f8181075-ae63-407a-b17c-78185f7d70dd@group-9F6C3E39A650-StateMachineUpdater] INFO  ratis.ContainerStateMachine (ContainerStateMachine.java:takeSnapshot(436)) - group-9F6C3E39A650: Finished taking a snapshot at:(t:1, i:4) file:/home/runner/work/ozone/ozone/hadoop-ozone/integration-test/target/test-dir/MiniOzoneClusterImpl-af940217-b311-440f-8e09-352fdf66236b/ozone-meta/datanode-1/ratis/babd74b3-e02d-4bf5-8eae-9f6c3e39a650/sm/snapshot.1_4 took: 2 ms
2025-05-14 02:53:42,273 [f8181075-ae63-407a-b17c-78185f7d70dd@group-9F6C3E39A650-StateMachineUpdater] INFO  impl.StateMachineUpdater (StateMachineUpdater.java:takeSnapshot(303)) - f8181075-ae63-407a-b17c-78185f7d70dd@group-9F6C3E39A650-StateMachineUpdater: Took a snapshot at index 4
2025-05-14 02:53:42,273 [f8181075-ae63-407a-b17c-78185f7d70dd@group-9F6C3E39A650-StateMachineUpdater] INFO  impl.StateMachineUpdater (StateMachineUpdater.java:lambda$new$0(102)) - f8181075-ae63-407a-b17c-78185f7d70dd@group-9F6C3E39A650-StateMachineUpdater: snapshotIndex: updateIncreasingly 1 -> 4
2025-05-14 02:53:42,273 [30ccf06d-ad3c-4fb0-87c5-f3e2916d12cb@group-9F6C3E39A650-StateMachineUpdater] INFO  ratis.ContainerStateMachine (ContainerStateMachine.java:takeSnapshot(427)) - group-9F6C3E39A650: Taking a snapshot at:(t:1, i:4) file /home/runner/work/ozone/ozone/hadoop-ozone/integration-test/target/test-dir/MiniOzoneClusterImpl-af940217-b311-440f-8e09-352fdf66236b/ozone-meta/datanode-2/ratis/babd74b3-e02d-4bf5-8eae-9f6c3e39a650/sm/snapshot.1_4
2025-05-14 02:53:42,273 [30ccf06d-ad3c-4fb0-87c5-f3e2916d12cb@group-9F6C3E39A650-StateMachineUpdater] INFO  ratis.ContainerStateMachine (ContainerStateMachine.java:takeSnapshot(436)) - group-9F6C3E39A650: Finished taking a snapshot at:(t:1, i:4) file:/home/runner/work/ozone/ozone/hadoop-ozone/integration-test/target/test-dir/MiniOzoneClusterImpl-af940217-b311-440f-8e09-352fdf66236b/ozone-meta/datanode-2/ratis/babd74b3-e02d-4bf5-8eae-9f6c3e39a650/sm/snapshot.1_4 took: 0 ms
2025-05-14 02:53:42,274 [30ccf06d-ad3c-4fb0-87c5-f3e2916d12cb@group-9F6C3E39A650-StateMachineUpdater] INFO  impl.StateMachineUpdater (StateMachineUpdater.java:takeSnapshot(303)) - 30ccf06d-ad3c-4fb0-87c5-f3e2916d12cb@group-9F6C3E39A650-StateMachineUpdater: Took a snapshot at index 4
2025-05-14 02:53:42,274 [30ccf06d-ad3c-4fb0-87c5-f3e2916d12cb@group-9F6C3E39A650-StateMachineUpdater] INFO  impl.StateMachineUpdater (StateMachineUpdater.java:lambda$new$0(102)) - 30ccf06d-ad3c-4fb0-87c5-f3e2916d12cb@group-9F6C3E39A650-StateMachineUpdater: snapshotIndex: updateIncreasingly 0 -> 4
2025-05-14 02:53:42,348 [EventQueue-PipelineActionsForPipelineActionHandler] INFO  pipeline.PipelineActionHandler (PipelineActionHandler.java:processPipelineAction(89)) - Received pipeline action CLOSE for PipelineID=022d5f31-dc68-4e3a-bbba-dc6000f9f072 from datanode c77e66e9-1cca-4fd3-bc5b-4ea2dbc3232f(localhost/127.0.0.1). Reason : Chunks directory /home/runner/work/ozone/ozone/hadoop-ozone/integration-test/target/test-dir/MiniOzoneClusterImpl-af940217-b311-440f-8e09-352fdf66236b/ozone-meta/datanode-6/data-0/hdds/af940217-b311-440f-8e09-352fdf66236b/current/containerDir0/2/chunks does not exist.
2025-05-14 02:53:42,349 [EventQueue-PipelineActionsForPipelineActionHandler] INFO  pipeline.PipelineActionHandler (PipelineActionHandler.java:processPipelineAction(89)) - Received pipeline action CLOSE for PipelineID=022d5f31-dc68-4e3a-bbba-dc6000f9f072 from datanode e44b5a69-92f9-40f4-85c9-712e1c637b62(localhost/127.0.0.1). Reason : Chunks directory /home/runner/work/ozone/ozone/hadoop-ozone/integration-test/target/test-dir/MiniOzoneClusterImpl-af940217-b311-440f-8e09-352fdf66236b/ozone-meta/datanode-5/data-0/hdds/af940217-b311-440f-8e09-352fdf66236b/current/containerDir0/2/chunks does not exist.
2025-05-14 02:53:42,463 [6338fc9c-a704-4fa0-9c76-ba0cbc116aba@group-D626A51ED105-StateMachineUpdater] INFO  ratis.ContainerStateMachine (ContainerStateMachine.java:takeSnapshot(427)) - group-D626A51ED105: Taking a snapshot at:(t:1, i:0) file /home/runner/work/ozone/ozone/hadoop-ozone/integration-test/target/test-dir/MiniOzoneClusterImpl-af940217-b311-440f-8e09-352fdf66236b/ozone-meta/datanode-9/ratis/ce0bcb57-9ca8-4104-8923-d626a51ed105/sm/snapshot.1_0
2025-05-14 02:53:42,463 [8e51993b-4f71-45b0-84f2-cf37ffbd2099@group-D626A51ED105-StateMachineUpdater] INFO  ratis.ContainerStateMachine (ContainerStateMachine.java:takeSnapshot(427)) - group-D626A51ED105: Taking a snapshot at:(t:1, i:0) file /home/runner/work/ozone/ozone/hadoop-ozone/integration-test/target/test-dir/MiniOzoneClusterImpl-af940217-b311-440f-8e09-352fdf66236b/ozone-meta/datanode-8/ratis/ce0bcb57-9ca8-4104-8923-d626a51ed105/sm/snapshot.1_0
2025-05-14 02:53:42,463 [6338fc9c-a704-4fa0-9c76-ba0cbc116aba@group-D626A51ED105-StateMachineUpdater] INFO  ratis.ContainerStateMachine (ContainerStateMachine.java:takeSnapshot(436)) - group-D626A51ED105: Finished taking a snapshot at:(t:1, i:0) file:/home/runner/work/ozone/ozone/hadoop-ozone/integration-test/target/test-dir/MiniOzoneClusterImpl-af940217-b311-440f-8e09-352fdf66236b/ozone-meta/datanode-9/ratis/ce0bcb57-9ca8-4104-8923-d626a51ed105/sm/snapshot.1_0 took: 1 ms
2025-05-14 02:53:42,463 [8e51993b-4f71-45b0-84f2-cf37ffbd2099@group-D626A51ED105-StateMachineUpdater] INFO  ratis.ContainerStateMachine (ContainerStateMachine.java:takeSnapshot(436)) - group-D626A51ED105: Finished taking a snapshot at:(t:1, i:0) file:/home/runner/work/ozone/ozone/hadoop-ozone/integration-test/target/test-dir/MiniOzoneClusterImpl-af940217-b311-440f-8e09-352fdf66236b/ozone-meta/datanode-8/ratis/ce0bcb57-9ca8-4104-8923-d626a51ed105/sm/snapshot.1_0 took: 1 ms
2025-05-14 02:53:42,464 [6338fc9c-a704-4fa0-9c76-ba0cbc116aba@group-D626A51ED105-StateMachineUpdater] INFO  impl.StateMachineUpdater (StateMachineUpdater.java:takeSnapshot(303)) - 6338fc9c-a704-4fa0-9c76-ba0cbc116aba@group-D626A51ED105-StateMachineUpdater: Took a snapshot at index 0
2025-05-14 02:53:42,464 [6338fc9c-a704-4fa0-9c76-ba0cbc116aba@group-D626A51ED105-StateMachineUpdater] INFO  impl.StateMachineUpdater (StateMachineUpdater.java:lambda$new$0(102)) - 6338fc9c-a704-4fa0-9c76-ba0cbc116aba@group-D626A51ED105-StateMachineUpdater: snapshotIndex: updateIncreasingly -1 -> 0
2025-05-14 02:53:42,464 [8e51993b-4f71-45b0-84f2-cf37ffbd2099@group-D626A51ED105-StateMachineUpdater] INFO  impl.StateMachineUpdater (StateMachineUpdater.java:takeSnapshot(303)) - 8e51993b-4f71-45b0-84f2-cf37ffbd2099@group-D626A51ED105-StateMachineUpdater: Took a snapshot at index 0
2025-05-14 02:53:42,464 [8e51993b-4f71-45b0-84f2-cf37ffbd2099@group-D626A51ED105-StateMachineUpdater] INFO  impl.StateMachineUpdater (StateMachineUpdater.java:lambda$new$0(102)) - 8e51993b-4f71-45b0-84f2-cf37ffbd2099@group-D626A51ED105-StateMachineUpdater: snapshotIndex: updateIncreasingly -1 -> 0
2025-05-14 02:53:42,549 [EventQueue-PipelineActionsForPipelineActionHandler] INFO  pipeline.PipelineActionHandler (PipelineActionHandler.java:processPipelineAction(89)) - Received pipeline action CLOSE for PipelineID=022d5f31-dc68-4e3a-bbba-dc6000f9f072 from datanode c77e66e9-1cca-4fd3-bc5b-4ea2dbc3232f(localhost/127.0.0.1). Reason : Chunks directory /home/runner/work/ozone/ozone/hadoop-ozone/integration-test/target/test-dir/MiniOzoneClusterImpl-af940217-b311-440f-8e09-352fdf66236b/ozone-meta/datanode-6/data-0/hdds/af940217-b311-440f-8e09-352fdf66236b/current/containerDir0/2/chunks does not exist.
2025-05-14 02:53:42,549 [EventQueue-PipelineActionsForPipelineActionHandler] INFO  pipeline.PipelineActionHandler (PipelineActionHandler.java:processPipelineAction(89)) - Received pipeline action CLOSE for PipelineID=022d5f31-dc68-4e3a-bbba-dc6000f9f072 from datanode e44b5a69-92f9-40f4-85c9-712e1c637b62(localhost/127.0.0.1). Reason : Chunks directory /home/runner/work/ozone/ozone/hadoop-ozone/integration-test/target/test-dir/MiniOzoneClusterImpl-af940217-b311-440f-8e09-352fdf66236b/ozone-meta/datanode-5/data-0/hdds/af940217-b311-440f-8e09-352fdf66236b/current/containerDir0/2/chunks does not exist.
2025-05-14 02:53:42,555 [f4f68937-1ce3-42e1-b3e7-547ae2d23d85@group-AFF22C375116-StateMachineUpdater] INFO  ratis.ContainerStateMachine (ContainerStateMachine.java:takeSnapshot(427)) - group-AFF22C375116: Taking a snapshot at:(t:1, i:0) file /home/runner/work/ozone/ozone/hadoop-ozone/integration-test/target/test-dir/MiniOzoneClusterImpl-af940217-b311-440f-8e09-352fdf66236b/ozone-meta/datanode-7/ratis/04f6c6c3-d74d-4db8-823f-aff22c375116/sm/snapshot.1_0
2025-05-14 02:53:42,557 [f4f68937-1ce3-42e1-b3e7-547ae2d23d85@group-AFF22C375116-StateMachineUpdater] INFO  ratis.ContainerStateMachine (ContainerStateMachine.java:takeSnapshot(436)) - group-AFF22C375116: Finished taking a snapshot at:(t:1, i:0) file:/home/runner/work/ozone/ozone/hadoop-ozone/integration-test/target/test-dir/MiniOzoneClusterImpl-af940217-b311-440f-8e09-352fdf66236b/ozone-meta/datanode-7/ratis/04f6c6c3-d74d-4db8-823f-aff22c375116/sm/snapshot.1_0 took: 2 ms
2025-05-14 02:53:42,557 [f4f68937-1ce3-42e1-b3e7-547ae2d23d85@group-AFF22C375116-StateMachineUpdater] INFO  impl.StateMachineUpdater (StateMachineUpdater.java:takeSnapshot(303)) - f4f68937-1ce3-42e1-b3e7-547ae2d23d85@group-AFF22C375116-StateMachineUpdater: Took a snapshot at index 0
2025-05-14 02:53:42,557 [f4f68937-1ce3-42e1-b3e7-547ae2d23d85@group-AFF22C375116-StateMachineUpdater] INFO  impl.StateMachineUpdater (StateMachineUpdater.java:lambda$new$0(102)) - f4f68937-1ce3-42e1-b3e7-547ae2d23d85@group-AFF22C375116-StateMachineUpdater: snapshotIndex: updateIncreasingly -1 -> 0
2025-05-14 02:53:42,557 [8e51993b-4f71-45b0-84f2-cf37ffbd2099@group-AFF22C375116-StateMachineUpdater] INFO  ratis.ContainerStateMachine (ContainerStateMachine.java:takeSnapshot(427)) - group-AFF22C375116: Taking a snapshot at:(t:1, i:0) file /home/runner/work/ozone/ozone/hadoop-ozone/integration-test/target/test-dir/MiniOzoneClusterImpl-af940217-b311-440f-8e09-352fdf66236b/ozone-meta/datanode-8/ratis/04f6c6c3-d74d-4db8-823f-aff22c375116/sm/snapshot.1_0
2025-05-14 02:53:42,558 [8e51993b-4f71-45b0-84f2-cf37ffbd2099@group-AFF22C375116-StateMachineUpdater] INFO  ratis.ContainerStateMachine (ContainerStateMachine.java:takeSnapshot(436)) - group-AFF22C375116: Finished taking a snapshot at:(t:1, i:0) file:/home/runner/work/ozone/ozone/hadoop-ozone/integration-test/target/test-dir/MiniOzoneClusterImpl-af940217-b311-440f-8e09-352fdf66236b/ozone-meta/datanode-8/ratis/04f6c6c3-d74d-4db8-823f-aff22c375116/sm/snapshot.1_0 took: 1 ms
2025-05-14 02:53:42,558 [8e51993b-4f71-45b0-84f2-cf37ffbd2099@group-AFF22C375116-StateMachineUpdater] INFO  impl.StateMachineUpdater (StateMachineUpdater.java:takeSnapshot(303)) - 8e51993b-4f71-45b0-84f2-cf37ffbd2099@group-AFF22C375116-StateMachineUpdater: Took a snapshot at index 0
2025-05-14 02:53:42,558 [8e51993b-4f71-45b0-84f2-cf37ffbd2099@group-AFF22C375116-StateMachineUpdater] INFO  impl.StateMachineUpdater (StateMachineUpdater.java:lambda$new$0(102)) - 8e51993b-4f71-45b0-84f2-cf37ffbd2099@group-AFF22C375116-StateMachineUpdater: snapshotIndex: updateIncreasingly -1 -> 0
2025-05-14 02:53:42,749 [EventQueue-PipelineActionsForPipelineActionHandler] INFO  pipeline.PipelineActionHandler (PipelineActionHandler.java:processPipelineAction(89)) - Received pipeline action CLOSE for PipelineID=022d5f31-dc68-4e3a-bbba-dc6000f9f072 from datanode c77e66e9-1cca-4fd3-bc5b-4ea2dbc3232f(localhost/127.0.0.1). Reason : Chunks directory /home/runner/work/ozone/ozone/hadoop-ozone/integration-test/target/test-dir/MiniOzoneClusterImpl-af940217-b311-440f-8e09-352fdf66236b/ozone-meta/datanode-6/data-0/hdds/af940217-b311-440f-8e09-352fdf66236b/current/containerDir0/2/chunks does not exist.
2025-05-14 02:53:42,749 [EventQueue-PipelineActionsForPipelineActionHandler] INFO  pipeline.PipelineActionHandler (PipelineActionHandler.java:processPipelineAction(89)) - Received pipeline action CLOSE for PipelineID=022d5f31-dc68-4e3a-bbba-dc6000f9f072 from datanode e44b5a69-92f9-40f4-85c9-712e1c637b62(localhost/127.0.0.1). Reason : Chunks directory /home/runner/work/ozone/ozone/hadoop-ozone/integration-test/target/test-dir/MiniOzoneClusterImpl-af940217-b311-440f-8e09-352fdf66236b/ozone-meta/datanode-5/data-0/hdds/af940217-b311-440f-8e09-352fdf66236b/current/containerDir0/2/chunks does not exist.
2025-05-14 02:53:42,949 [EventQueue-PipelineActionsForPipelineActionHandler] INFO  pipeline.PipelineActionHandler (PipelineActionHandler.java:processPipelineAction(89)) - Received pipeline action CLOSE for PipelineID=022d5f31-dc68-4e3a-bbba-dc6000f9f072 from datanode c77e66e9-1cca-4fd3-bc5b-4ea2dbc3232f(localhost/127.0.0.1). Reason : Chunks directory /home/runner/work/ozone/ozone/hadoop-ozone/integration-test/target/test-dir/MiniOzoneClusterImpl-af940217-b311-440f-8e09-352fdf66236b/ozone-meta/datanode-6/data-0/hdds/af940217-b311-440f-8e09-352fdf66236b/current/containerDir0/2/chunks does not exist.
2025-05-14 02:53:42,949 [EventQueue-PipelineActionsForPipelineActionHandler] INFO  pipeline.PipelineActionHandler (PipelineActionHandler.java:processPipelineAction(89)) - Received pipeline action CLOSE for PipelineID=022d5f31-dc68-4e3a-bbba-dc6000f9f072 from datanode e44b5a69-92f9-40f4-85c9-712e1c637b62(localhost/127.0.0.1). Reason : Chunks directory /home/runner/work/ozone/ozone/hadoop-ozone/integration-test/target/test-dir/MiniOzoneClusterImpl-af940217-b311-440f-8e09-352fdf66236b/ozone-meta/datanode-5/data-0/hdds/af940217-b311-440f-8e09-352fdf66236b/current/containerDir0/2/chunks does not exist.
2025-05-14 02:53:43,149 [EventQueue-PipelineActionsForPipelineActionHandler] INFO  pipeline.PipelineActionHandler (PipelineActionHandler.java:processPipelineAction(89)) - Received pipeline action CLOSE for PipelineID=022d5f31-dc68-4e3a-bbba-dc6000f9f072 from datanode e44b5a69-92f9-40f4-85c9-712e1c637b62(localhost/127.0.0.1). Reason : Chunks directory /home/runner/work/ozone/ozone/hadoop-ozone/integration-test/target/test-dir/MiniOzoneClusterImpl-af940217-b311-440f-8e09-352fdf66236b/ozone-meta/datanode-5/data-0/hdds/af940217-b311-440f-8e09-352fdf66236b/current/containerDir0/2/chunks does not exist.
2025-05-14 02:53:43,149 [EventQueue-PipelineActionsForPipelineActionHandler] INFO  pipeline.PipelineActionHandler (PipelineActionHandler.java:processPipelineAction(89)) - Received pipeline action CLOSE for PipelineID=022d5f31-dc68-4e3a-bbba-dc6000f9f072 from datanode c77e66e9-1cca-4fd3-bc5b-4ea2dbc3232f(localhost/127.0.0.1). Reason : Chunks directory /home/runner/work/ozone/ozone/hadoop-ozone/integration-test/target/test-dir/MiniOzoneClusterImpl-af940217-b311-440f-8e09-352fdf66236b/ozone-meta/datanode-6/data-0/hdds/af940217-b311-440f-8e09-352fdf66236b/current/containerDir0/2/chunks does not exist.
2025-05-14 02:53:43,349 [EventQueue-PipelineActionsForPipelineActionHandler] INFO  pipeline.PipelineActionHandler (PipelineActionHandler.java:processPipelineAction(89)) - Received pipeline action CLOSE for PipelineID=022d5f31-dc68-4e3a-bbba-dc6000f9f072 from datanode c77e66e9-1cca-4fd3-bc5b-4ea2dbc3232f(localhost/127.0.0.1). Reason : Chunks directory /home/runner/work/ozone/ozone/hadoop-ozone/integration-test/target/test-dir/MiniOzoneClusterImpl-af940217-b311-440f-8e09-352fdf66236b/ozone-meta/datanode-6/data-0/hdds/af940217-b311-440f-8e09-352fdf66236b/current/containerDir0/2/chunks does not exist.
2025-05-14 02:53:43,350 [EventQueue-PipelineActionsForPipelineActionHandler] INFO  pipeline.PipelineActionHandler (PipelineActionHandler.java:processPipelineAction(89)) - Received pipeline action CLOSE for PipelineID=022d5f31-dc68-4e3a-bbba-dc6000f9f072 from datanode e44b5a69-92f9-40f4-85c9-712e1c637b62(localhost/127.0.0.1). Reason : Chunks directory /home/runner/work/ozone/ozone/hadoop-ozone/integration-test/target/test-dir/MiniOzoneClusterImpl-af940217-b311-440f-8e09-352fdf66236b/ozone-meta/datanode-5/data-0/hdds/af940217-b311-440f-8e09-352fdf66236b/current/containerDir0/2/chunks does not exist.
2025-05-14 02:53:43,549 [EventQueue-PipelineActionsForPipelineActionHandler] INFO  pipeline.PipelineActionHandler (PipelineActionHandler.java:processPipelineAction(89)) - Received pipeline action CLOSE for PipelineID=022d5f31-dc68-4e3a-bbba-dc6000f9f072 from datanode c77e66e9-1cca-4fd3-bc5b-4ea2dbc3232f(localhost/127.0.0.1). Reason : Chunks directory /home/runner/work/ozone/ozone/hadoop-ozone/integration-test/target/test-dir/MiniOzoneClusterImpl-af940217-b311-440f-8e09-352fdf66236b/ozone-meta/datanode-6/data-0/hdds/af940217-b311-440f-8e09-352fdf66236b/current/containerDir0/2/chunks does not exist.
2025-05-14 02:53:43,549 [EventQueue-PipelineActionsForPipelineActionHandler] INFO  pipeline.PipelineActionHandler (PipelineActionHandler.java:processPipelineAction(89)) - Received pipeline action CLOSE for PipelineID=022d5f31-dc68-4e3a-bbba-dc6000f9f072 from datanode e44b5a69-92f9-40f4-85c9-712e1c637b62(localhost/127.0.0.1). Reason : Chunks directory /home/runner/work/ozone/ozone/hadoop-ozone/integration-test/target/test-dir/MiniOzoneClusterImpl-af940217-b311-440f-8e09-352fdf66236b/ozone-meta/datanode-5/data-0/hdds/af940217-b311-440f-8e09-352fdf66236b/current/containerDir0/2/chunks does not exist.
2025-05-14 02:53:43,749 [EventQueue-PipelineActionsForPipelineActionHandler] INFO  pipeline.PipelineActionHandler (PipelineActionHandler.java:processPipelineAction(89)) - Received pipeline action CLOSE for PipelineID=022d5f31-dc68-4e3a-bbba-dc6000f9f072 from datanode c77e66e9-1cca-4fd3-bc5b-4ea2dbc3232f(localhost/127.0.0.1). Reason : Chunks directory /home/runner/work/ozone/ozone/hadoop-ozone/integration-test/target/test-dir/MiniOzoneClusterImpl-af940217-b311-440f-8e09-352fdf66236b/ozone-meta/datanode-6/data-0/hdds/af940217-b311-440f-8e09-352fdf66236b/current/containerDir0/2/chunks does not exist.
2025-05-14 02:53:43,749 [EventQueue-PipelineActionsForPipelineActionHandler] INFO  pipeline.PipelineActionHandler (PipelineActionHandler.java:processPipelineAction(89)) - Received pipeline action CLOSE for PipelineID=022d5f31-dc68-4e3a-bbba-dc6000f9f072 from datanode e44b5a69-92f9-40f4-85c9-712e1c637b62(localhost/127.0.0.1). Reason : Chunks directory /home/runner/work/ozone/ozone/hadoop-ozone/integration-test/target/test-dir/MiniOzoneClusterImpl-af940217-b311-440f-8e09-352fdf66236b/ozone-meta/datanode-5/data-0/hdds/af940217-b311-440f-8e09-352fdf66236b/current/containerDir0/2/chunks does not exist.
2025-05-14 02:53:43,949 [EventQueue-PipelineActionsForPipelineActionHandler] INFO  pipeline.PipelineActionHandler (PipelineActionHandler.java:processPipelineAction(89)) - Received pipeline action CLOSE for PipelineID=022d5f31-dc68-4e3a-bbba-dc6000f9f072 from datanode e44b5a69-92f9-40f4-85c9-712e1c637b62(localhost/127.0.0.1). Reason : Chunks directory /home/runner/work/ozone/ozone/hadoop-ozone/integration-test/target/test-dir/MiniOzoneClusterImpl-af940217-b311-440f-8e09-352fdf66236b/ozone-meta/datanode-5/data-0/hdds/af940217-b311-440f-8e09-352fdf66236b/current/containerDir0/2/chunks does not exist.
2025-05-14 02:53:43,949 [EventQueue-PipelineActionsForPipelineActionHandler] INFO  pipeline.PipelineActionHandler (PipelineActionHandler.java:processPipelineAction(89)) - Received pipeline action CLOSE for PipelineID=022d5f31-dc68-4e3a-bbba-dc6000f9f072 from datanode c77e66e9-1cca-4fd3-bc5b-4ea2dbc3232f(localhost/127.0.0.1). Reason : Chunks directory /home/runner/work/ozone/ozone/hadoop-ozone/integration-test/target/test-dir/MiniOzoneClusterImpl-af940217-b311-440f-8e09-352fdf66236b/ozone-meta/datanode-6/data-0/hdds/af940217-b311-440f-8e09-352fdf66236b/current/containerDir0/2/chunks does not exist.
2025-05-14 02:53:44,149 [EventQueue-PipelineActionsForPipelineActionHandler] INFO  pipeline.PipelineActionHandler (PipelineActionHandler.java:processPipelineAction(89)) - Received pipeline action CLOSE for PipelineID=022d5f31-dc68-4e3a-bbba-dc6000f9f072 from datanode c77e66e9-1cca-4fd3-bc5b-4ea2dbc3232f(localhost/127.0.0.1). Reason : Chunks directory /home/runner/work/ozone/ozone/hadoop-ozone/integration-test/target/test-dir/MiniOzoneClusterImpl-af940217-b311-440f-8e09-352fdf66236b/ozone-meta/datanode-6/data-0/hdds/af940217-b311-440f-8e09-352fdf66236b/current/containerDir0/2/chunks does not exist.
2025-05-14 02:53:44,150 [EventQueue-PipelineActionsForPipelineActionHandler] INFO  pipeline.PipelineActionHandler (PipelineActionHandler.java:processPipelineAction(89)) - Received pipeline action CLOSE for PipelineID=022d5f31-dc68-4e3a-bbba-dc6000f9f072 from datanode e44b5a69-92f9-40f4-85c9-712e1c637b62(localhost/127.0.0.1). Reason : Chunks directory /home/runner/work/ozone/ozone/hadoop-ozone/integration-test/target/test-dir/MiniOzoneClusterImpl-af940217-b311-440f-8e09-352fdf66236b/ozone-meta/datanode-5/data-0/hdds/af940217-b311-440f-8e09-352fdf66236b/current/containerDir0/2/chunks does not exist.
2025-05-14 02:53:44,349 [EventQueue-PipelineActionsForPipelineActionHandler] INFO  pipeline.PipelineActionHandler (PipelineActionHandler.java:processPipelineAction(89)) - Received pipeline action CLOSE for PipelineID=022d5f31-dc68-4e3a-bbba-dc6000f9f072 from datanode c77e66e9-1cca-4fd3-bc5b-4ea2dbc3232f(localhost/127.0.0.1). Reason : Chunks directory /home/runner/work/ozone/ozone/hadoop-ozone/integration-test/target/test-dir/MiniOzoneClusterImpl-af940217-b311-440f-8e09-352fdf66236b/ozone-meta/datanode-6/data-0/hdds/af940217-b311-440f-8e09-352fdf66236b/current/containerDir0/2/chunks does not exist.
2025-05-14 02:53:44,350 [EventQueue-PipelineActionsForPipelineActionHandler] INFO  pipeline.PipelineActionHandler (PipelineActionHandler.java:processPipelineAction(89)) - Received pipeline action CLOSE for PipelineID=022d5f31-dc68-4e3a-bbba-dc6000f9f072 from datanode e44b5a69-92f9-40f4-85c9-712e1c637b62(localhost/127.0.0.1). Reason : Chunks directory /home/runner/work/ozone/ozone/hadoop-ozone/integration-test/target/test-dir/MiniOzoneClusterImpl-af940217-b311-440f-8e09-352fdf66236b/ozone-meta/datanode-5/data-0/hdds/af940217-b311-440f-8e09-352fdf66236b/current/containerDir0/2/chunks does not exist.
2025-05-14 02:53:44,413 [c77e66e9-1cca-4fd3-bc5b-4ea2dbc3232f@group-DC6000F9F072-StateMachineUpdater] ERROR ratis.ContainerStateMachine (ContainerStateMachine.java:takeSnapshot(421)) - Failed to take snapshot  for group-DC6000F9F072 as the stateMachine is unhealthy. The last applied index is at (t:1, i:3)
2025-05-14 02:53:44,413 [c77e66e9-1cca-4fd3-bc5b-4ea2dbc3232f@group-DC6000F9F072-StateMachineUpdater] ERROR impl.StateMachineUpdater (StateMachineUpdater.java:takeSnapshot(298)) - c77e66e9-1cca-4fd3-bc5b-4ea2dbc3232f@group-DC6000F9F072-StateMachineUpdater: Failed to take snapshot
org.apache.ratis.protocol.exceptions.StateMachineException: Failed to take snapshot  for group-DC6000F9F072 as the stateMachine is unhealthy. The last applied index is at (t:1, i:3)
	at org.apache.hadoop.ozone.container.common.transport.server.ratis.ContainerStateMachine.takeSnapshot(ContainerStateMachine.java:420)
	at org.apache.ratis.server.impl.StateMachineUpdater.takeSnapshot(StateMachineUpdater.java:286)
	at org.apache.ratis.server.impl.StateMachineUpdater.checkAndTakeSnapshot(StateMachineUpdater.java:278)
	at org.apache.ratis.server.impl.StateMachineUpdater.run(StateMachineUpdater.java:194)
	at java.base/java.lang.Thread.run(Thread.java:1583)
2025-05-14 02:53:44,416 [e44b5a69-92f9-40f4-85c9-712e1c637b62@group-DC6000F9F072-StateMachineUpdater] ERROR ratis.ContainerStateMachine (ContainerStateMachine.java:takeSnapshot(421)) - Failed to take snapshot  for group-DC6000F9F072 as the stateMachine is unhealthy. The last applied index is at (t:1, i:3)
2025-05-14 02:53:44,416 [e44b5a69-92f9-40f4-85c9-712e1c637b62@group-DC6000F9F072-StateMachineUpdater] ERROR impl.StateMachineUpdater (StateMachineUpdater.java:takeSnapshot(298)) - e44b5a69-92f9-40f4-85c9-712e1c637b62@group-DC6000F9F072-StateMachineUpdater: Failed to take snapshot
org.apache.ratis.protocol.exceptions.StateMachineException: Failed to take snapshot  for group-DC6000F9F072 as the stateMachine is unhealthy. The last applied index is at (t:1, i:3)
	at org.apache.hadoop.ozone.container.common.transport.server.ratis.ContainerStateMachine.takeSnapshot(ContainerStateMachine.java:420)
	at org.apache.ratis.server.impl.StateMachineUpdater.takeSnapshot(StateMachineUpdater.java:286)
	at org.apache.ratis.server.impl.StateMachineUpdater.checkAndTakeSnapshot(StateMachineUpdater.java:278)
	at org.apache.ratis.server.impl.StateMachineUpdater.run(StateMachineUpdater.java:194)
	at java.base/java.lang.Thread.run(Thread.java:1583)
2025-05-14 02:53:44,418 [d4e44fd7-0e23-4e4f-bc30-0c7965de497d@group-DC6000F9F072-StateMachineUpdater] INFO  ratis.ContainerStateMachine (ContainerStateMachine.java:takeSnapshot(427)) - group-DC6000F9F072: Taking a snapshot at:(t:1, i:5) file /home/runner/work/ozone/ozone/hadoop-ozone/integration-test/target/test-dir/MiniOzoneClusterImpl-af940217-b311-440f-8e09-352fdf66236b/ozone-meta/datanode-4/ratis/022d5f31-dc68-4e3a-bbba-dc6000f9f072/sm/snapshot.1_5
2025-05-14 02:53:44,419 [d4e44fd7-0e23-4e4f-bc30-0c7965de497d@group-DC6000F9F072-StateMachineUpdater] INFO  ratis.ContainerStateMachine (ContainerStateMachine.java:takeSnapshot(436)) - group-DC6000F9F072: Finished taking a snapshot at:(t:1, i:5) file:/home/runner/work/ozone/ozone/hadoop-ozone/integration-test/target/test-dir/MiniOzoneClusterImpl-af940217-b311-440f-8e09-352fdf66236b/ozone-meta/datanode-4/ratis/022d5f31-dc68-4e3a-bbba-dc6000f9f072/sm/snapshot.1_5 took: 1 ms
2025-05-14 02:53:44,419 [d4e44fd7-0e23-4e4f-bc30-0c7965de497d@group-DC6000F9F072-StateMachineUpdater] INFO  impl.StateMachineUpdater (StateMachineUpdater.java:takeSnapshot(303)) - d4e44fd7-0e23-4e4f-bc30-0c7965de497d@group-DC6000F9F072-StateMachineUpdater: Took a snapshot at index 5
2025-05-14 02:53:44,419 [d4e44fd7-0e23-4e4f-bc30-0c7965de497d@group-DC6000F9F072-StateMachineUpdater] INFO  impl.StateMachineUpdater (StateMachineUpdater.java:lambda$new$0(102)) - d4e44fd7-0e23-4e4f-bc30-0c7965de497d@group-DC6000F9F072-StateMachineUpdater: snapshotIndex: updateIncreasingly 0 -> 5
2025-05-14 02:53:44,420 [c77e66e9-1cca-4fd3-bc5b-4ea2dbc3232f@group-DC6000F9F072-SegmentedRaftLogWorker] INFO  ratis.ContainerStateMachine (ContainerStateMachine.java:smProtoToString(1335)) - smProtoToString failed
org.apache.ratis.thirdparty.com.google.protobuf.InvalidProtocolBufferException: Message missing required fields: cmdType, containerID, datanodeUuid
	at org.apache.ratis.thirdparty.com.google.protobuf.UninitializedMessageException.asInvalidProtocolBufferException(UninitializedMessageException.java:79)
	at org.apache.ratis.thirdparty.com.google.protobuf.AbstractParser.checkMessageInitialized(AbstractParser.java:68)
	at org.apache.ratis.thirdparty.com.google.protobuf.AbstractParser.parseFrom(AbstractParser.java:120)
	at org.apache.ratis.thirdparty.com.google.protobuf.AbstractParser.parseFrom(AbstractParser.java:125)
	at org.apache.ratis.thirdparty.com.google.protobuf.AbstractParser.parseFrom(AbstractParser.java:48)
	at org.apache.hadoop.hdds.protocol.datanode.proto.ContainerProtos$ContainerCommandRequestProto.parseFrom(ContainerProtos.java:4691)
	at org.apache.hadoop.ozone.container.common.transport.server.ratis.ContainerStateMachine.getContainerCommandRequestProto(ContainerStateMachine.java:550)
	at org.apache.hadoop.ozone.container.common.transport.server.ratis.ContainerStateMachine.smProtoToString(ContainerStateMachine.java:1324)
	at org.apache.hadoop.ozone.container.common.transport.server.ratis.ContainerStateMachine.toStateMachineLogEntryString(ContainerStateMachine.java:1315)
	at org.apache.hadoop.ozone.container.common.transport.server.ratis.ContainerStateMachine.notifyLogFailed(ContainerStateMachine.java:1269)
	at org.apache.ratis.server.raftlog.segmented.SegmentedRaftLogWorker$WriteLog.failed(SegmentedRaftLogWorker.java:526)
	at org.apache.ratis.server.raftlog.segmented.SegmentedRaftLogWorker.run(SegmentedRaftLogWorker.java:324)
	at java.base/java.util.concurrent.Executors$RunnableAdapter.call(Executors.java:572)
	at java.base/java.util.concurrent.FutureTask.run(FutureTask.java:317)
	at java.base/java.util.concurrent.ThreadPoolExecutor.runWorker(ThreadPoolExecutor.java:1144)
	at java.base/java.util.concurrent.ThreadPoolExecutor$Worker.run(ThreadPoolExecutor.java:642)
	at java.base/java.lang.Thread.run(Thread.java:1583)
2025-05-14 02:53:44,420 [c77e66e9-1cca-4fd3-bc5b-4ea2dbc3232f@group-DC6000F9F072-SegmentedRaftLogWorker] ERROR ratis.ContainerStateMachine (ContainerStateMachine.java:notifyLogFailed(1268)) - group-DC6000F9F072: (t:1, i:6) smProtoToString failed with Message missing required fields: cmdType, containerID, datanodeUuid
org.apache.ratis.server.raftlog.RaftLogIOException: Log already failed at index 4 for task WriteLog:4: (t:1, i:4), STATEMACHINELOGENTRY, cmdType: WriteChunk traceID: "" containerID: 2 datanodeUuid: "e44b5a69-92f9-40f4-85c9-712e1c637b62" pipelineID: "022d5f31-dc68-4e3a-bbba-dc6000f9f072" writeChunk { blockID { containerID: 2 localID: 115816896921600002 blockCommitSequenceId: 2 replicaIndex: 0 } chunkData { chunkName: "115816896921600002_chunk_2" offset: 5 len: 10 checksumData { type: CRC32 bytesPerChecksum: 16384 checksums: "\317\357R*" } } } version: 3, container path=/home/runner/work/ozone/ozone/hadoop-ozone/integration-test/target/test-dir/MiniOzoneClusterImpl-af940217-b311-440f-8e09-352fdf66236b/ozone-meta/datanode-6/data-0/hdds/af940217-b311-440f-8e09-352fdf66236b/current/containerDir0/2
	at org.apache.ratis.server.raftlog.segmented.SegmentedRaftLogWorker.run(SegmentedRaftLogWorker.java:327)
	at java.base/java.util.concurrent.Executors$RunnableAdapter.call(Executors.java:572)
	at java.base/java.util.concurrent.FutureTask.run(FutureTask.java:317)
	at java.base/java.util.concurrent.ThreadPoolExecutor.runWorker(ThreadPoolExecutor.java:1144)
	at java.base/java.util.concurrent.ThreadPoolExecutor$Worker.run(ThreadPoolExecutor.java:642)
	at java.base/java.lang.Thread.run(Thread.java:1583)
Caused by: org.apache.hadoop.hdds.scm.container.common.helpers.StorageContainerException: Chunks directory /home/runner/work/ozone/ozone/hadoop-ozone/integration-test/target/test-dir/MiniOzoneClusterImpl-af940217-b311-440f-8e09-352fdf66236b/ozone-meta/datanode-6/data-0/hdds/af940217-b311-440f-8e09-352fdf66236b/current/containerDir0/2/chunks does not exist.
	at org.apache.hadoop.ozone.container.common.transport.server.ratis.ContainerStateMachine.handleCommandResult(ContainerStateMachine.java:661)
	at org.apache.hadoop.ozone.container.common.transport.server.ratis.ContainerStateMachine.lambda$writeStateMachineData$2(ContainerStateMachine.java:623)
	... 4 more
2025-05-14 02:53:44,421 [c77e66e9-1cca-4fd3-bc5b-4ea2dbc3232f-server-thread2] WARN  server.GrpcServerProtocolService (LogUtils.java:warn(123)) - c77e66e9-1cca-4fd3-bc5b-4ea2dbc3232f: Failed APPEND_ENTRIES request d4e44fd7-0e23-4e4f-bc30-0c7965de497d->c77e66e9-1cca-4fd3-bc5b-4ea2dbc3232f#12-t1,previous=(t:1, i:5),leaderCommit=5,initializing? false,entries: size=1, first=(t:1, i:6), METADATAENTRY(c:5)
java.util.concurrent.CompletionException: org.apache.ratis.server.raftlog.RaftLogIOException: Log already failed at index 4 for task WriteLog:4: (t:1, i:4), STATEMACHINELOGENTRY, cmdType: WriteChunk traceID: "" containerID: 2 datanodeUuid: "e44b5a69-92f9-40f4-85c9-712e1c637b62" pipelineID: "022d5f31-dc68-4e3a-bbba-dc6000f9f072" writeChunk { blockID { containerID: 2 localID: 115816896921600002 blockCommitSequenceId: 2 replicaIndex: 0 } chunkData { chunkName: "115816896921600002_chunk_2" offset: 5 len: 10 checksumData { type: CRC32 bytesPerChecksum: 16384 checksums: "\317\357R*" } } } version: 3, container path=/home/runner/work/ozone/ozone/hadoop-ozone/integration-test/target/test-dir/MiniOzoneClusterImpl-af940217-b311-440f-8e09-352fdf66236b/ozone-meta/datanode-6/data-0/hdds/af940217-b311-440f-8e09-352fdf66236b/current/containerDir0/2
	at java.base/java.util.concurrent.CompletableFuture.encodeThrowable(CompletableFuture.java:332)
	at java.base/java.util.concurrent.CompletableFuture.completeThrowable(CompletableFuture.java:347)
	at java.base/java.util.concurrent.CompletableFuture$BiRelay.tryFire(CompletableFuture.java:1498)
	at java.base/java.util.concurrent.CompletableFuture$CoCompletion.tryFire(CompletableFuture.java:1219)
	at java.base/java.util.concurrent.CompletableFuture.postComplete(CompletableFuture.java:510)
	at java.base/java.util.concurrent.CompletableFuture.completeExceptionally(CompletableFuture.java:2194)
	at org.apache.ratis.server.raftlog.segmented.SegmentedRaftLog$Task.failed(SegmentedRaftLog.java:109)
	at org.apache.ratis.server.raftlog.segmented.SegmentedRaftLogWorker$WriteLog.failed(SegmentedRaftLogWorker.java:527)
	at org.apache.ratis.server.raftlog.segmented.SegmentedRaftLogWorker.run(SegmentedRaftLogWorker.java:324)
	at java.base/java.util.concurrent.Executors$RunnableAdapter.call(Executors.java:572)
	at java.base/java.util.concurrent.FutureTask.run(FutureTask.java:317)
	at java.base/java.util.concurrent.ThreadPoolExecutor.runWorker(ThreadPoolExecutor.java:1144)
	at java.base/java.util.concurrent.ThreadPoolExecutor$Worker.run(ThreadPoolExecutor.java:642)
	at java.base/java.lang.Thread.run(Thread.java:1583)
Caused by: org.apache.ratis.server.raftlog.RaftLogIOException: Log already failed at index 4 for task WriteLog:4: (t:1, i:4), STATEMACHINELOGENTRY, cmdType: WriteChunk traceID: "" containerID: 2 datanodeUuid: "e44b5a69-92f9-40f4-85c9-712e1c637b62" pipelineID: "022d5f31-dc68-4e3a-bbba-dc6000f9f072" writeChunk { blockID { containerID: 2 localID: 115816896921600002 blockCommitSequenceId: 2 replicaIndex: 0 } chunkData { chunkName: "115816896921600002_chunk_2" offset: 5 len: 10 checksumData { type: CRC32 bytesPerChecksum: 16384 checksums: "\317\357R*" } } } version: 3, container path=/home/runner/work/ozone/ozone/hadoop-ozone/integration-test/target/test-dir/MiniOzoneClusterImpl-af940217-b311-440f-8e09-352fdf66236b/ozone-meta/datanode-6/data-0/hdds/af940217-b311-440f-8e09-352fdf66236b/current/containerDir0/2
	at org.apache.ratis.server.raftlog.segmented.SegmentedRaftLogWorker.run(SegmentedRaftLogWorker.java:327)
	... 5 more
Caused by: org.apache.hadoop.hdds.scm.container.common.helpers.StorageContainerException: Chunks directory /home/runner/work/ozone/ozone/hadoop-ozone/integration-test/target/test-dir/MiniOzoneClusterImpl-af940217-b311-440f-8e09-352fdf66236b/ozone-meta/datanode-6/data-0/hdds/af940217-b311-440f-8e09-352fdf66236b/current/containerDir0/2/chunks does not exist.
	at org.apache.hadoop.ozone.container.common.transport.server.ratis.ContainerStateMachine.handleCommandResult(ContainerStateMachine.java:661)
	at org.apache.hadoop.ozone.container.common.transport.server.ratis.ContainerStateMachine.lambda$writeStateMachineData$2(ContainerStateMachine.java:623)
	... 4 more
2025-05-14 02:53:44,421 [e44b5a69-92f9-40f4-85c9-712e1c637b62@group-DC6000F9F072-SegmentedRaftLogWorker] INFO  ratis.ContainerStateMachine (ContainerStateMachine.java:smProtoToString(1335)) - smProtoToString failed
org.apache.ratis.thirdparty.com.google.protobuf.InvalidProtocolBufferException: Message missing required fields: cmdType, containerID, datanodeUuid
	at org.apache.ratis.thirdparty.com.google.protobuf.UninitializedMessageException.asInvalidProtocolBufferException(UninitializedMessageException.java:79)
	at org.apache.ratis.thirdparty.com.google.protobuf.AbstractParser.checkMessageInitialized(AbstractParser.java:68)
	at org.apache.ratis.thirdparty.com.google.protobuf.AbstractParser.parseFrom(AbstractParser.java:120)
	at org.apache.ratis.thirdparty.com.google.protobuf.AbstractParser.parseFrom(AbstractParser.java:125)
	at org.apache.ratis.thirdparty.com.google.protobuf.AbstractParser.parseFrom(AbstractParser.java:48)
	at org.apache.hadoop.hdds.protocol.datanode.proto.ContainerProtos$ContainerCommandRequestProto.parseFrom(ContainerProtos.java:4691)
	at org.apache.hadoop.ozone.container.common.transport.server.ratis.ContainerStateMachine.getContainerCommandRequestProto(ContainerStateMachine.java:550)
	at org.apache.hadoop.ozone.container.common.transport.server.ratis.ContainerStateMachine.smProtoToString(ContainerStateMachine.java:1324)
	at org.apache.hadoop.ozone.container.common.transport.server.ratis.ContainerStateMachine.toStateMachineLogEntryString(ContainerStateMachine.java:1315)
	at org.apache.hadoop.ozone.container.common.transport.server.ratis.ContainerStateMachine.notifyLogFailed(ContainerStateMachine.java:1269)
	at org.apache.ratis.server.raftlog.segmented.SegmentedRaftLogWorker$WriteLog.failed(SegmentedRaftLogWorker.java:526)
	at org.apache.ratis.server.raftlog.segmented.SegmentedRaftLogWorker.run(SegmentedRaftLogWorker.java:324)
	at java.base/java.util.concurrent.Executors$RunnableAdapter.call(Executors.java:572)
	at java.base/java.util.concurrent.FutureTask.run(FutureTask.java:317)
	at java.base/java.util.concurrent.ThreadPoolExecutor.runWorker(ThreadPoolExecutor.java:1144)
	at java.base/java.util.concurrent.ThreadPoolExecutor$Worker.run(ThreadPoolExecutor.java:642)
	at java.base/java.lang.Thread.run(Thread.java:1583)
2025-05-14 02:53:44,422 [e44b5a69-92f9-40f4-85c9-712e1c637b62@group-DC6000F9F072-SegmentedRaftLogWorker] ERROR ratis.ContainerStateMachine (ContainerStateMachine.java:notifyLogFailed(1268)) - group-DC6000F9F072: (t:1, i:6) smProtoToString failed with Message missing required fields: cmdType, containerID, datanodeUuid
org.apache.ratis.server.raftlog.RaftLogIOException: Log already failed at index 4 for task WriteLog:4: (t:1, i:4), STATEMACHINELOGENTRY, cmdType: WriteChunk traceID: "" containerID: 2 datanodeUuid: "e44b5a69-92f9-40f4-85c9-712e1c637b62" pipelineID: "022d5f31-dc68-4e3a-bbba-dc6000f9f072" writeChunk { blockID { containerID: 2 localID: 115816896921600002 blockCommitSequenceId: 2 replicaIndex: 0 } chunkData { chunkName: "115816896921600002_chunk_2" offset: 5 len: 10 checksumData { type: CRC32 bytesPerChecksum: 16384 checksums: "\317\357R*" } } } version: 3, container path=/home/runner/work/ozone/ozone/hadoop-ozone/integration-test/target/test-dir/MiniOzoneClusterImpl-af940217-b311-440f-8e09-352fdf66236b/ozone-meta/datanode-5/data-0/hdds/af940217-b311-440f-8e09-352fdf66236b/current/containerDir0/2
	at org.apache.ratis.server.raftlog.segmented.SegmentedRaftLogWorker.run(SegmentedRaftLogWorker.java:327)
	at java.base/java.util.concurrent.Executors$RunnableAdapter.call(Executors.java:572)
	at java.base/java.util.concurrent.FutureTask.run(FutureTask.java:317)
	at java.base/java.util.concurrent.ThreadPoolExecutor.runWorker(ThreadPoolExecutor.java:1144)
	at java.base/java.util.concurrent.ThreadPoolExecutor$Worker.run(ThreadPoolExecutor.java:642)
	at java.base/java.lang.Thread.run(Thread.java:1583)
Caused by: org.apache.hadoop.hdds.scm.container.common.helpers.StorageContainerException: Chunks directory /home/runner/work/ozone/ozone/hadoop-ozone/integration-test/target/test-dir/MiniOzoneClusterImpl-af940217-b311-440f-8e09-352fdf66236b/ozone-meta/datanode-5/data-0/hdds/af940217-b311-440f-8e09-352fdf66236b/current/containerDir0/2/chunks does not exist.
	at org.apache.hadoop.ozone.container.common.transport.server.ratis.ContainerStateMachine.handleCommandResult(ContainerStateMachine.java:661)
	at org.apache.hadoop.ozone.container.common.transport.server.ratis.ContainerStateMachine.lambda$writeStateMachineData$2(ContainerStateMachine.java:623)
	... 4 more
2025-05-14 02:53:44,422 [e44b5a69-92f9-40f4-85c9-712e1c637b62-server-thread3] WARN  server.GrpcServerProtocolService (LogUtils.java:warn(123)) - e44b5a69-92f9-40f4-85c9-712e1c637b62: Failed APPEND_ENTRIES request d4e44fd7-0e23-4e4f-bc30-0c7965de497d->e44b5a69-92f9-40f4-85c9-712e1c637b62#15-t1,previous=(t:1, i:3),leaderCommit=5,initializing? false,entries: size=3, first=(t:1, i:4), STATEMACHINELOGENTRY, WRITE: logData.size=154, stateMachineData.size=10, logEntryProtoSerializedSize=0
java.util.concurrent.CompletionException: org.apache.ratis.server.raftlog.RaftLogIOException: Log already failed at index 4 for task WriteLog:4: (t:1, i:4), STATEMACHINELOGENTRY, cmdType: WriteChunk traceID: "" containerID: 2 datanodeUuid: "e44b5a69-92f9-40f4-85c9-712e1c637b62" pipelineID: "022d5f31-dc68-4e3a-bbba-dc6000f9f072" writeChunk { blockID { containerID: 2 localID: 115816896921600002 blockCommitSequenceId: 2 replicaIndex: 0 } chunkData { chunkName: "115816896921600002_chunk_2" offset: 5 len: 10 checksumData { type: CRC32 bytesPerChecksum: 16384 checksums: "\317\357R*" } } } version: 3, container path=/home/runner/work/ozone/ozone/hadoop-ozone/integration-test/target/test-dir/MiniOzoneClusterImpl-af940217-b311-440f-8e09-352fdf66236b/ozone-meta/datanode-5/data-0/hdds/af940217-b311-440f-8e09-352fdf66236b/current/containerDir0/2
	at java.base/java.util.concurrent.CompletableFuture.encodeThrowable(CompletableFuture.java:332)
	at java.base/java.util.concurrent.CompletableFuture.completeThrowable(CompletableFuture.java:347)
	at java.base/java.util.concurrent.CompletableFuture$BiRelay.tryFire(CompletableFuture.java:1498)
	at java.base/java.util.concurrent.CompletableFuture$CoCompletion.tryFire(CompletableFuture.java:1219)
	at java.base/java.util.concurrent.CompletableFuture.postComplete(CompletableFuture.java:510)
	at java.base/java.util.concurrent.CompletableFuture.completeExceptionally(CompletableFuture.java:2194)
	at org.apache.ratis.server.raftlog.segmented.SegmentedRaftLog$Task.failed(SegmentedRaftLog.java:109)
	at org.apache.ratis.server.raftlog.segmented.SegmentedRaftLogWorker$WriteLog.failed(SegmentedRaftLogWorker.java:527)
	at org.apache.ratis.server.raftlog.segmented.SegmentedRaftLogWorker.run(SegmentedRaftLogWorker.java:324)
	at java.base/java.util.concurrent.Executors$RunnableAdapter.call(Executors.java:572)
	at java.base/java.util.concurrent.FutureTask.run(FutureTask.java:317)
	at java.base/java.util.concurrent.ThreadPoolExecutor.runWorker(ThreadPoolExecutor.java:1144)
	at java.base/java.util.concurrent.ThreadPoolExecutor$Worker.run(ThreadPoolExecutor.java:642)
	at java.base/java.lang.Thread.run(Thread.java:1583)
Caused by: org.apache.ratis.server.raftlog.RaftLogIOException: Log already failed at index 4 for task WriteLog:4: (t:1, i:4), STATEMACHINELOGENTRY, cmdType: WriteChunk traceID: "" containerID: 2 datanodeUuid: "e44b5a69-92f9-40f4-85c9-712e1c637b62" pipelineID: "022d5f31-dc68-4e3a-bbba-dc6000f9f072" writeChunk { blockID { containerID: 2 localID: 115816896921600002 blockCommitSequenceId: 2 replicaIndex: 0 } chunkData { chunkName: "115816896921600002_chunk_2" offset: 5 len: 10 checksumData { type: CRC32 bytesPerChecksum: 16384 checksums: "\317\357R*" } } } version: 3, container path=/home/runner/work/ozone/ozone/hadoop-ozone/integration-test/target/test-dir/MiniOzoneClusterImpl-af940217-b311-440f-8e09-352fdf66236b/ozone-meta/datanode-5/data-0/hdds/af940217-b311-440f-8e09-352fdf66236b/current/containerDir0/2
	at org.apache.ratis.server.raftlog.segmented.SegmentedRaftLogWorker.run(SegmentedRaftLogWorker.java:327)
	... 5 more
Caused by: org.apache.hadoop.hdds.scm.container.common.helpers.StorageContainerException: Chunks directory /home/runner/work/ozone/ozone/hadoop-ozone/integration-test/target/test-dir/MiniOzoneClusterImpl-af940217-b311-440f-8e09-352fdf66236b/ozone-meta/datanode-5/data-0/hdds/af940217-b311-440f-8e09-352fdf66236b/current/containerDir0/2/chunks does not exist.
	at org.apache.hadoop.ozone.container.common.transport.server.ratis.ContainerStateMachine.handleCommandResult(ContainerStateMachine.java:661)
	at org.apache.hadoop.ozone.container.common.transport.server.ratis.ContainerStateMachine.lambda$writeStateMachineData$2(ContainerStateMachine.java:623)
	... 4 more
2025-05-14 02:53:44,426 [grpc-default-executor-3] INFO  leader.LogAppender (LogAppenderBase.java:lambda$getNextIndexForError$0(215)) - Decrease nextIndex to 4
2025-05-14 02:53:44,426 [grpc-default-executor-3] INFO  leader.LogAppender (LogAppenderBase.java:lambda$getNextIndexForError$0(215)) - Decrease nextIndex to 4
2025-05-14 02:53:44,426 [grpc-default-executor-3] INFO  leader.FollowerInfo (FollowerInfoImpl.java:info(70)) - d4e44fd7-0e23-4e4f-bc30-0c7965de497d@group-DC6000F9F072->e44b5a69-92f9-40f4-85c9-712e1c637b62: computeNextIndex nextIndex: updateUnconditionally 7 -> 4
2025-05-14 02:53:44,428 [grpc-default-executor-3] INFO  leader.LogAppender (LogAppenderBase.java:lambda$getNextIndexForError$0(215)) - Decrease nextIndex to 6
2025-05-14 02:53:44,428 [grpc-default-executor-3] INFO  leader.LogAppender (LogAppenderBase.java:lambda$getNextIndexForError$0(215)) - Decrease nextIndex to 6
2025-05-14 02:53:44,428 [grpc-default-executor-3] INFO  leader.FollowerInfo (FollowerInfoImpl.java:info(70)) - d4e44fd7-0e23-4e4f-bc30-0c7965de497d@group-DC6000F9F072->c77e66e9-1cca-4fd3-bc5b-4ea2dbc3232f: computeNextIndex nextIndex: updateUnconditionally 7 -> 6
2025-05-14 02:53:44,517 [c77e66e9-1cca-4fd3-bc5b-4ea2dbc3232f@group-DC6000F9F072-SegmentedRaftLogWorker] ERROR ratis.ContainerStateMachine (ContainerStateMachine.java:notifyLogFailed(1268)) - group-DC6000F9F072: (t:1, i:7) cmdType: CloseContainer traceID: "" containerID: 2 datanodeUuid: "d4e44fd7-0e23-4e4f-bc30-0c7965de497d" pipelineID: "022d5f31-dc68-4e3a-bbba-dc6000f9f072" closeContainer { } version: 3, container path=/home/runner/work/ozone/ozone/hadoop-ozone/integration-test/target/test-dir/MiniOzoneClusterImpl-af940217-b311-440f-8e09-352fdf66236b/ozone-meta/datanode-6/data-0/hdds/af940217-b311-440f-8e09-352fdf66236b/current/containerDir0/2
org.apache.ratis.server.raftlog.RaftLogIOException: Log already failed at index 4 for task WriteLog:4: (t:1, i:4), STATEMACHINELOGENTRY, cmdType: WriteChunk traceID: "" containerID: 2 datanodeUuid: "e44b5a69-92f9-40f4-85c9-712e1c637b62" pipelineID: "022d5f31-dc68-4e3a-bbba-dc6000f9f072" writeChunk { blockID { containerID: 2 localID: 115816896921600002 blockCommitSequenceId: 2 replicaIndex: 0 } chunkData { chunkName: "115816896921600002_chunk_2" offset: 5 len: 10 checksumData { type: CRC32 bytesPerChecksum: 16384 checksums: "\317\357R*" } } } version: 3, container path=/home/runner/work/ozone/ozone/hadoop-ozone/integration-test/target/test-dir/MiniOzoneClusterImpl-af940217-b311-440f-8e09-352fdf66236b/ozone-meta/datanode-6/data-0/hdds/af940217-b311-440f-8e09-352fdf66236b/current/containerDir0/2
	at org.apache.ratis.server.raftlog.segmented.SegmentedRaftLogWorker.run(SegmentedRaftLogWorker.java:327)
	at java.base/java.util.concurrent.Executors$RunnableAdapter.call(Executors.java:572)
	at java.base/java.util.concurrent.FutureTask.run(FutureTask.java:317)
	at java.base/java.util.concurrent.ThreadPoolExecutor.runWorker(ThreadPoolExecutor.java:1144)
	at java.base/java.util.concurrent.ThreadPoolExecutor$Worker.run(ThreadPoolExecutor.java:642)
	at java.base/java.lang.Thread.run(Thread.java:1583)
Caused by: org.apache.hadoop.hdds.scm.container.common.helpers.StorageContainerException: Chunks directory /home/runner/work/ozone/ozone/hadoop-ozone/integration-test/target/test-dir/MiniOzoneClusterImpl-af940217-b311-440f-8e09-352fdf66236b/ozone-meta/datanode-6/data-0/hdds/af940217-b311-440f-8e09-352fdf66236b/current/containerDir0/2/chunks does not exist.
	at org.apache.hadoop.ozone.container.common.transport.server.ratis.ContainerStateMachine.handleCommandResult(ContainerStateMachine.java:661)
	at org.apache.hadoop.ozone.container.common.transport.server.ratis.ContainerStateMachine.lambda$writeStateMachineData$2(ContainerStateMachine.java:623)
	... 4 more
2025-05-14 02:53:44,517 [c77e66e9-1cca-4fd3-bc5b-4ea2dbc3232f-server-thread2] WARN  server.GrpcServerProtocolService (LogUtils.java:warn(123)) - c77e66e9-1cca-4fd3-bc5b-4ea2dbc3232f: Failed APPEND_ENTRIES request d4e44fd7-0e23-4e4f-bc30-0c7965de497d->c77e66e9-1cca-4fd3-bc5b-4ea2dbc3232f#14-t1,previous=(t:1, i:5),leaderCommit=5,initializing? false,entries: size=2, first=(t:1, i:6), METADATAENTRY(c:5)
java.util.concurrent.CompletionException: org.apache.ratis.server.raftlog.RaftLogIOException: Log already failed at index 4 for task WriteLog:4: (t:1, i:4), STATEMACHINELOGENTRY, cmdType: WriteChunk traceID: "" containerID: 2 datanodeUuid: "e44b5a69-92f9-40f4-85c9-712e1c637b62" pipelineID: "022d5f31-dc68-4e3a-bbba-dc6000f9f072" writeChunk { blockID { containerID: 2 localID: 115816896921600002 blockCommitSequenceId: 2 replicaIndex: 0 } chunkData { chunkName: "115816896921600002_chunk_2" offset: 5 len: 10 checksumData { type: CRC32 bytesPerChecksum: 16384 checksums: "\317\357R*" } } } version: 3, container path=/home/runner/work/ozone/ozone/hadoop-ozone/integration-test/target/test-dir/MiniOzoneClusterImpl-af940217-b311-440f-8e09-352fdf66236b/ozone-meta/datanode-6/data-0/hdds/af940217-b311-440f-8e09-352fdf66236b/current/containerDir0/2
	at java.base/java.util.concurrent.CompletableFuture.encodeThrowable(CompletableFuture.java:332)
	at java.base/java.util.concurrent.CompletableFuture.completeThrowable(CompletableFuture.java:347)
	at java.base/java.util.concurrent.CompletableFuture$BiRelay.tryFire(CompletableFuture.java:1498)
	at java.base/java.util.concurrent.CompletableFuture$CoCompletion.tryFire(CompletableFuture.java:1219)
	at java.base/java.util.concurrent.CompletableFuture.postComplete(CompletableFuture.java:510)
	at java.base/java.util.concurrent.CompletableFuture.completeExceptionally(CompletableFuture.java:2194)
	at org.apache.ratis.server.raftlog.segmented.SegmentedRaftLog$Task.failed(SegmentedRaftLog.java:109)
	at org.apache.ratis.server.raftlog.segmented.SegmentedRaftLogWorker$WriteLog.failed(SegmentedRaftLogWorker.java:527)
	at org.apache.ratis.server.raftlog.segmented.SegmentedRaftLogWorker.run(SegmentedRaftLogWorker.java:324)
	at java.base/java.util.concurrent.Executors$RunnableAdapter.call(Executors.java:572)
	at java.base/java.util.concurrent.FutureTask.run(FutureTask.java:317)
	at java.base/java.util.concurrent.ThreadPoolExecutor.runWorker(ThreadPoolExecutor.java:1144)
	at java.base/java.util.concurrent.ThreadPoolExecutor$Worker.run(ThreadPoolExecutor.java:642)
	at java.base/java.lang.Thread.run(Thread.java:1583)
Caused by: org.apache.ratis.server.raftlog.RaftLogIOException: Log already failed at index 4 for task WriteLog:4: (t:1, i:4), STATEMACHINELOGENTRY, cmdType: WriteChunk traceID: "" containerID: 2 datanodeUuid: "e44b5a69-92f9-40f4-85c9-712e1c637b62" pipelineID: "022d5f31-dc68-4e3a-bbba-dc6000f9f072" writeChunk { blockID { containerID: 2 localID: 115816896921600002 blockCommitSequenceId: 2 replicaIndex: 0 } chunkData { chunkName: "115816896921600002_chunk_2" offset: 5 len: 10 checksumData { type: CRC32 bytesPerChecksum: 16384 checksums: "\317\357R*" } } } version: 3, container path=/home/runner/work/ozone/ozone/hadoop-ozone/integration-test/target/test-dir/MiniOzoneClusterImpl-af940217-b311-440f-8e09-352fdf66236b/ozone-meta/datanode-6/data-0/hdds/af940217-b311-440f-8e09-352fdf66236b/current/containerDir0/2
	at org.apache.ratis.server.raftlog.segmented.SegmentedRaftLogWorker.run(SegmentedRaftLogWorker.java:327)
	... 5 more
Caused by: org.apache.hadoop.hdds.scm.container.common.helpers.StorageContainerException: Chunks directory /home/runner/work/ozone/ozone/hadoop-ozone/integration-test/target/test-dir/MiniOzoneClusterImpl-af940217-b311-440f-8e09-352fdf66236b/ozone-meta/datanode-6/data-0/hdds/af940217-b311-440f-8e09-352fdf66236b/current/containerDir0/2/chunks does not exist.
	at org.apache.hadoop.ozone.container.common.transport.server.ratis.ContainerStateMachine.handleCommandResult(ContainerStateMachine.java:661)
	at org.apache.hadoop.ozone.container.common.transport.server.ratis.ContainerStateMachine.lambda$writeStateMachineData$2(ContainerStateMachine.java:623)
	... 4 more
2025-05-14 02:53:44,520 [grpc-default-executor-5] INFO  leader.LogAppender (LogAppenderBase.java:lambda$getNextIndexForError$0(215)) - Decrease nextIndex to 6
2025-05-14 02:53:44,520 [grpc-default-executor-5] INFO  leader.LogAppender (LogAppenderBase.java:lambda$getNextIndexForError$0(215)) - Decrease nextIndex to 6
2025-05-14 02:53:44,520 [grpc-default-executor-5] INFO  leader.FollowerInfo (FollowerInfoImpl.java:info(70)) - d4e44fd7-0e23-4e4f-bc30-0c7965de497d@group-DC6000F9F072->c77e66e9-1cca-4fd3-bc5b-4ea2dbc3232f: computeNextIndex nextIndex: updateUnconditionally 8 -> 6
2025-05-14 02:53:44,528 [e44b5a69-92f9-40f4-85c9-712e1c637b62@group-DC6000F9F072-SegmentedRaftLogWorker] ERROR ratis.ContainerStateMachine (ContainerStateMachine.java:notifyLogFailed(1268)) - group-DC6000F9F072: (t:1, i:7) cmdType: CloseContainer traceID: "" containerID: 2 datanodeUuid: "d4e44fd7-0e23-4e4f-bc30-0c7965de497d" pipelineID: "022d5f31-dc68-4e3a-bbba-dc6000f9f072" closeContainer { } version: 3, container path=/home/runner/work/ozone/ozone/hadoop-ozone/integration-test/target/test-dir/MiniOzoneClusterImpl-af940217-b311-440f-8e09-352fdf66236b/ozone-meta/datanode-5/data-0/hdds/af940217-b311-440f-8e09-352fdf66236b/current/containerDir0/2
org.apache.ratis.server.raftlog.RaftLogIOException: Log already failed at index 4 for task WriteLog:4: (t:1, i:4), STATEMACHINELOGENTRY, cmdType: WriteChunk traceID: "" containerID: 2 datanodeUuid: "e44b5a69-92f9-40f4-85c9-712e1c637b62" pipelineID: "022d5f31-dc68-4e3a-bbba-dc6000f9f072" writeChunk { blockID { containerID: 2 localID: 115816896921600002 blockCommitSequenceId: 2 replicaIndex: 0 } chunkData { chunkName: "115816896921600002_chunk_2" offset: 5 len: 10 checksumData { type: CRC32 bytesPerChecksum: 16384 checksums: "\317\357R*" } } } version: 3, container path=/home/runner/work/ozone/ozone/hadoop-ozone/integration-test/target/test-dir/MiniOzoneClusterImpl-af940217-b311-440f-8e09-352fdf66236b/ozone-meta/datanode-5/data-0/hdds/af940217-b311-440f-8e09-352fdf66236b/current/containerDir0/2
	at org.apache.ratis.server.raftlog.segmented.SegmentedRaftLogWorker.run(SegmentedRaftLogWorker.java:327)
	at java.base/java.util.concurrent.Executors$RunnableAdapter.call(Executors.java:572)
	at java.base/java.util.concurrent.FutureTask.run(FutureTask.java:317)
	at java.base/java.util.concurrent.ThreadPoolExecutor.runWorker(ThreadPoolExecutor.java:1144)
	at java.base/java.util.concurrent.ThreadPoolExecutor$Worker.run(ThreadPoolExecutor.java:642)
	at java.base/java.lang.Thread.run(Thread.java:1583)
Caused by: org.apache.hadoop.hdds.scm.container.common.helpers.StorageContainerException: Chunks directory /home/runner/work/ozone/ozone/hadoop-ozone/integration-test/target/test-dir/MiniOzoneClusterImpl-af940217-b311-440f-8e09-352fdf66236b/ozone-meta/datanode-5/data-0/hdds/af940217-b311-440f-8e09-352fdf66236b/current/containerDir0/2/chunks does not exist.
	at org.apache.hadoop.ozone.container.common.transport.server.ratis.ContainerStateMachine.handleCommandResult(ContainerStateMachine.java:661)
	at org.apache.hadoop.ozone.container.common.transport.server.ratis.ContainerStateMachine.lambda$writeStateMachineData$2(ContainerStateMachine.java:623)
	... 4 more
2025-05-14 02:53:44,528 [e44b5a69-92f9-40f4-85c9-712e1c637b62-server-thread3] WARN  server.GrpcServerProtocolService (LogUtils.java:warn(123)) - e44b5a69-92f9-40f4-85c9-712e1c637b62: Failed APPEND_ENTRIES request d4e44fd7-0e23-4e4f-bc30-0c7965de497d->e44b5a69-92f9-40f4-85c9-712e1c637b62#17-t1,previous=(t:1, i:3),leaderCommit=5,initializing? false,entries: size=4, first=(t:1, i:4), STATEMACHINELOGENTRY, WRITE: logData.size=154, stateMachineData.size=10, logEntryProtoSerializedSize=0
java.util.concurrent.CompletionException: org.apache.ratis.server.raftlog.RaftLogIOException: Log already failed at index 4 for task WriteLog:4: (t:1, i:4), STATEMACHINELOGENTRY, cmdType: WriteChunk traceID: "" containerID: 2 datanodeUuid: "e44b5a69-92f9-40f4-85c9-712e1c637b62" pipelineID: "022d5f31-dc68-4e3a-bbba-dc6000f9f072" writeChunk { blockID { containerID: 2 localID: 115816896921600002 blockCommitSequenceId: 2 replicaIndex: 0 } chunkData { chunkName: "115816896921600002_chunk_2" offset: 5 len: 10 checksumData { type: CRC32 bytesPerChecksum: 16384 checksums: "\317\357R*" } } } version: 3, container path=/home/runner/work/ozone/ozone/hadoop-ozone/integration-test/target/test-dir/MiniOzoneClusterImpl-af940217-b311-440f-8e09-352fdf66236b/ozone-meta/datanode-5/data-0/hdds/af940217-b311-440f-8e09-352fdf66236b/current/containerDir0/2
	at java.base/java.util.concurrent.CompletableFuture.encodeThrowable(CompletableFuture.java:332)
	at java.base/java.util.concurrent.CompletableFuture.completeThrowable(CompletableFuture.java:347)
	at java.base/java.util.concurrent.CompletableFuture$BiRelay.tryFire(CompletableFuture.java:1498)
	at java.base/java.util.concurrent.CompletableFuture$CoCompletion.tryFire(CompletableFuture.java:1219)
	at java.base/java.util.concurrent.CompletableFuture.postComplete(CompletableFuture.java:510)
	at java.base/java.util.concurrent.CompletableFuture.completeExceptionally(CompletableFuture.java:2194)
	at org.apache.ratis.server.raftlog.segmented.SegmentedRaftLog$Task.failed(SegmentedRaftLog.java:109)
	at org.apache.ratis.server.raftlog.segmented.SegmentedRaftLogWorker$WriteLog.failed(SegmentedRaftLogWorker.java:527)
	at org.apache.ratis.server.raftlog.segmented.SegmentedRaftLogWorker.run(SegmentedRaftLogWorker.java:324)
	at java.base/java.util.concurrent.Executors$RunnableAdapter.call(Executors.java:572)
	at java.base/java.util.concurrent.FutureTask.run(FutureTask.java:317)
	at java.base/java.util.concurrent.ThreadPoolExecutor.runWorker(ThreadPoolExecutor.java:1144)
	at java.base/java.util.concurrent.ThreadPoolExecutor$Worker.run(ThreadPoolExecutor.java:642)
	at java.base/java.lang.Thread.run(Thread.java:1583)
Caused by: org.apache.ratis.server.raftlog.RaftLogIOException: Log already failed at index 4 for task WriteLog:4: (t:1, i:4), STATEMACHINELOGENTRY, cmdType: WriteChunk traceID: "" containerID: 2 datanodeUuid: "e44b5a69-92f9-40f4-85c9-712e1c637b62" pipelineID: "022d5f31-dc68-4e3a-bbba-dc6000f9f072" writeChunk { blockID { containerID: 2 localID: 115816896921600002 blockCommitSequenceId: 2 replicaIndex: 0 } chunkData { chunkName: "115816896921600002_chunk_2" offset: 5 len: 10 checksumData { type: CRC32 bytesPerChecksum: 16384 checksums: "\317\357R*" } } } version: 3, container path=/home/runner/work/ozone/ozone/hadoop-ozone/integration-test/target/test-dir/MiniOzoneClusterImpl-af940217-b311-440f-8e09-352fdf66236b/ozone-meta/datanode-5/data-0/hdds/af940217-b311-440f-8e09-352fdf66236b/current/containerDir0/2
	at org.apache.ratis.server.raftlog.segmented.SegmentedRaftLogWorker.run(SegmentedRaftLogWorker.java:327)
	... 5 more
Caused by: org.apache.hadoop.hdds.scm.container.common.helpers.StorageContainerException: Chunks directory /home/runner/work/ozone/ozone/hadoop-ozone/integration-test/target/test-dir/MiniOzoneClusterImpl-af940217-b311-440f-8e09-352fdf66236b/ozone-meta/datanode-5/data-0/hdds/af940217-b311-440f-8e09-352fdf66236b/current/containerDir0/2/chunks does not exist.
	at org.apache.hadoop.ozone.container.common.transport.server.ratis.ContainerStateMachine.handleCommandResult(ContainerStateMachine.java:661)
	at org.apache.hadoop.ozone.container.common.transport.server.ratis.ContainerStateMachine.lambda$writeStateMachineData$2(ContainerStateMachine.java:623)
	... 4 more
2025-05-14 02:53:44,531 [grpc-default-executor-5] INFO  leader.LogAppender (LogAppenderBase.java:lambda$getNextIndexForError$0(215)) - Decrease nextIndex to 4
2025-05-14 02:53:44,532 [grpc-default-executor-5] INFO  leader.LogAppender (LogAppenderBase.java:lambda$getNextIndexForError$0(215)) - Decrease nextIndex to 4
2025-05-14 02:53:44,532 [grpc-default-executor-5] INFO  leader.FollowerInfo (FollowerInfoImpl.java:info(70)) - d4e44fd7-0e23-4e4f-bc30-0c7965de497d@group-DC6000F9F072->e44b5a69-92f9-40f4-85c9-712e1c637b62: computeNextIndex nextIndex: updateUnconditionally 8 -> 4
2025-05-14 02:53:44,549 [EventQueue-PipelineActionsForPipelineActionHandler] INFO  pipeline.PipelineActionHandler (PipelineActionHandler.java:processPipelineAction(89)) - Received pipeline action CLOSE for PipelineID=022d5f31-dc68-4e3a-bbba-dc6000f9f072 from datanode c77e66e9-1cca-4fd3-bc5b-4ea2dbc3232f(localhost/127.0.0.1). Reason : Chunks directory /home/runner/work/ozone/ozone/hadoop-ozone/integration-test/target/test-dir/MiniOzoneClusterImpl-af940217-b311-440f-8e09-352fdf66236b/ozone-meta/datanode-6/data-0/hdds/af940217-b311-440f-8e09-352fdf66236b/current/containerDir0/2/chunks does not exist.
2025-05-14 02:53:44,550 [EventQueue-PipelineActionsForPipelineActionHandler] INFO  pipeline.PipelineActionHandler (PipelineActionHandler.java:processPipelineAction(89)) - Received pipeline action CLOSE for PipelineID=022d5f31-dc68-4e3a-bbba-dc6000f9f072 from datanode e44b5a69-92f9-40f4-85c9-712e1c637b62(localhost/127.0.0.1). Reason : Chunks directory /home/runner/work/ozone/ozone/hadoop-ozone/integration-test/target/test-dir/MiniOzoneClusterImpl-af940217-b311-440f-8e09-352fdf66236b/ozone-meta/datanode-5/data-0/hdds/af940217-b311-440f-8e09-352fdf66236b/current/containerDir0/2/chunks does not exist.
2025-05-14 02:53:44,749 [EventQueue-PipelineActionsForPipelineActionHandler] INFO  pipeline.PipelineActionHandler (PipelineActionHandler.java:processPipelineAction(89)) - Received pipeline action CLOSE for PipelineID=022d5f31-dc68-4e3a-bbba-dc6000f9f072 from datanode c77e66e9-1cca-4fd3-bc5b-4ea2dbc3232f(localhost/127.0.0.1). Reason : Chunks directory /home/runner/work/ozone/ozone/hadoop-ozone/integration-test/target/test-dir/MiniOzoneClusterImpl-af940217-b311-440f-8e09-352fdf66236b/ozone-meta/datanode-6/data-0/hdds/af940217-b311-440f-8e09-352fdf66236b/current/containerDir0/2/chunks does not exist.
2025-05-14 02:53:44,750 [EventQueue-PipelineActionsForPipelineActionHandler] INFO  pipeline.PipelineActionHandler (PipelineActionHandler.java:processPipelineAction(89)) - Received pipeline action CLOSE for PipelineID=022d5f31-dc68-4e3a-bbba-dc6000f9f072 from datanode e44b5a69-92f9-40f4-85c9-712e1c637b62(localhost/127.0.0.1). Reason : Chunks directory /home/runner/work/ozone/ozone/hadoop-ozone/integration-test/target/test-dir/MiniOzoneClusterImpl-af940217-b311-440f-8e09-352fdf66236b/ozone-meta/datanode-5/data-0/hdds/af940217-b311-440f-8e09-352fdf66236b/current/containerDir0/2/chunks does not exist.
2025-05-14 02:53:44,948 [EventQueue-PipelineActionsForPipelineActionHandler] INFO  pipeline.PipelineActionHandler (PipelineActionHandler.java:processPipelineAction(89)) - Received pipeline action CLOSE for PipelineID=022d5f31-dc68-4e3a-bbba-dc6000f9f072 from datanode c77e66e9-1cca-4fd3-bc5b-4ea2dbc3232f(localhost/127.0.0.1). Reason : Chunks directory /home/runner/work/ozone/ozone/hadoop-ozone/integration-test/target/test-dir/MiniOzoneClusterImpl-af940217-b311-440f-8e09-352fdf66236b/ozone-meta/datanode-6/data-0/hdds/af940217-b311-440f-8e09-352fdf66236b/current/containerDir0/2/chunks does not exist.
2025-05-14 02:53:44,950 [EventQueue-PipelineActionsForPipelineActionHandler] INFO  pipeline.PipelineActionHandler (PipelineActionHandler.java:processPipelineAction(89)) - Received pipeline action CLOSE for PipelineID=022d5f31-dc68-4e3a-bbba-dc6000f9f072 from datanode e44b5a69-92f9-40f4-85c9-712e1c637b62(localhost/127.0.0.1). Reason : Chunks directory /home/runner/work/ozone/ozone/hadoop-ozone/integration-test/target/test-dir/MiniOzoneClusterImpl-af940217-b311-440f-8e09-352fdf66236b/ozone-meta/datanode-5/data-0/hdds/af940217-b311-440f-8e09-352fdf66236b/current/containerDir0/2/chunks does not exist.
2025-05-14 02:53:45,148 [EventQueue-PipelineActionsForPipelineActionHandler] INFO  pipeline.PipelineActionHandler (PipelineActionHandler.java:processPipelineAction(89)) - Received pipeline action CLOSE for PipelineID=022d5f31-dc68-4e3a-bbba-dc6000f9f072 from datanode c77e66e9-1cca-4fd3-bc5b-4ea2dbc3232f(localhost/127.0.0.1). Reason : Chunks directory /home/runner/work/ozone/ozone/hadoop-ozone/integration-test/target/test-dir/MiniOzoneClusterImpl-af940217-b311-440f-8e09-352fdf66236b/ozone-meta/datanode-6/data-0/hdds/af940217-b311-440f-8e09-352fdf66236b/current/containerDir0/2/chunks does not exist.
2025-05-14 02:53:45,150 [EventQueue-PipelineActionsForPipelineActionHandler] INFO  pipeline.PipelineActionHandler (PipelineActionHandler.java:processPipelineAction(89)) - Received pipeline action CLOSE for PipelineID=022d5f31-dc68-4e3a-bbba-dc6000f9f072 from datanode e44b5a69-92f9-40f4-85c9-712e1c637b62(localhost/127.0.0.1). Reason : Chunks directory /home/runner/work/ozone/ozone/hadoop-ozone/integration-test/target/test-dir/MiniOzoneClusterImpl-af940217-b311-440f-8e09-352fdf66236b/ozone-meta/datanode-5/data-0/hdds/af940217-b311-440f-8e09-352fdf66236b/current/containerDir0/2/chunks does not exist.
2025-05-14 02:53:45,348 [EventQueue-PipelineActionsForPipelineActionHandler] INFO  pipeline.PipelineActionHandler (PipelineActionHandler.java:processPipelineAction(89)) - Received pipeline action CLOSE for PipelineID=022d5f31-dc68-4e3a-bbba-dc6000f9f072 from datanode c77e66e9-1cca-4fd3-bc5b-4ea2dbc3232f(localhost/127.0.0.1). Reason : Chunks directory /home/runner/work/ozone/ozone/hadoop-ozone/integration-test/target/test-dir/MiniOzoneClusterImpl-af940217-b311-440f-8e09-352fdf66236b/ozone-meta/datanode-6/data-0/hdds/af940217-b311-440f-8e09-352fdf66236b/current/containerDir0/2/chunks does not exist.
2025-05-14 02:53:45,350 [EventQueue-PipelineActionsForPipelineActionHandler] INFO  pipeline.PipelineActionHandler (PipelineActionHandler.java:processPipelineAction(89)) - Received pipeline action CLOSE for PipelineID=022d5f31-dc68-4e3a-bbba-dc6000f9f072 from datanode e44b5a69-92f9-40f4-85c9-712e1c637b62(localhost/127.0.0.1). Reason : Chunks directory /home/runner/work/ozone/ozone/hadoop-ozone/integration-test/target/test-dir/MiniOzoneClusterImpl-af940217-b311-440f-8e09-352fdf66236b/ozone-meta/datanode-5/data-0/hdds/af940217-b311-440f-8e09-352fdf66236b/current/containerDir0/2/chunks does not exist.
2025-05-14 02:53:45,548 [EventQueue-PipelineActionsForPipelineActionHandler] INFO  pipeline.PipelineActionHandler (PipelineActionHandler.java:processPipelineAction(89)) - Received pipeline action CLOSE for PipelineID=022d5f31-dc68-4e3a-bbba-dc6000f9f072 from datanode c77e66e9-1cca-4fd3-bc5b-4ea2dbc3232f(localhost/127.0.0.1). Reason : Chunks directory /home/runner/work/ozone/ozone/hadoop-ozone/integration-test/target/test-dir/MiniOzoneClusterImpl-af940217-b311-440f-8e09-352fdf66236b/ozone-meta/datanode-6/data-0/hdds/af940217-b311-440f-8e09-352fdf66236b/current/containerDir0/2/chunks does not exist.
2025-05-14 02:53:45,549 [EventQueue-PipelineActionsForPipelineActionHandler] INFO  pipeline.PipelineActionHandler (PipelineActionHandler.java:processPipelineAction(89)) - Received pipeline action CLOSE for PipelineID=022d5f31-dc68-4e3a-bbba-dc6000f9f072 from datanode e44b5a69-92f9-40f4-85c9-712e1c637b62(localhost/127.0.0.1). Reason : Chunks directory /home/runner/work/ozone/ozone/hadoop-ozone/integration-test/target/test-dir/MiniOzoneClusterImpl-af940217-b311-440f-8e09-352fdf66236b/ozone-meta/datanode-5/data-0/hdds/af940217-b311-440f-8e09-352fdf66236b/current/containerDir0/2/chunks does not exist.
2025-05-14 02:53:45,749 [EventQueue-PipelineActionsForPipelineActionHandler] INFO  pipeline.PipelineActionHandler (PipelineActionHandler.java:processPipelineAction(89)) - Received pipeline action CLOSE for PipelineID=022d5f31-dc68-4e3a-bbba-dc6000f9f072 from datanode c77e66e9-1cca-4fd3-bc5b-4ea2dbc3232f(localhost/127.0.0.1). Reason : Chunks directory /home/runner/work/ozone/ozone/hadoop-ozone/integration-test/target/test-dir/MiniOzoneClusterImpl-af940217-b311-440f-8e09-352fdf66236b/ozone-meta/datanode-6/data-0/hdds/af940217-b311-440f-8e09-352fdf66236b/current/containerDir0/2/chunks does not exist.
2025-05-14 02:53:45,750 [EventQueue-PipelineActionsForPipelineActionHandler] INFO  pipeline.PipelineActionHandler (PipelineActionHandler.java:processPipelineAction(89)) - Received pipeline action CLOSE for PipelineID=022d5f31-dc68-4e3a-bbba-dc6000f9f072 from datanode e44b5a69-92f9-40f4-85c9-712e1c637b62(localhost/127.0.0.1). Reason : Chunks directory /home/runner/work/ozone/ozone/hadoop-ozone/integration-test/target/test-dir/MiniOzoneClusterImpl-af940217-b311-440f-8e09-352fdf66236b/ozone-meta/datanode-5/data-0/hdds/af940217-b311-440f-8e09-352fdf66236b/current/containerDir0/2/chunks does not exist.
2025-05-14 02:53:45,949 [EventQueue-PipelineActionsForPipelineActionHandler] INFO  pipeline.PipelineActionHandler (PipelineActionHandler.java:processPipelineAction(89)) - Received pipeline action CLOSE for PipelineID=022d5f31-dc68-4e3a-bbba-dc6000f9f072 from datanode c77e66e9-1cca-4fd3-bc5b-4ea2dbc3232f(localhost/127.0.0.1). Reason : Chunks directory /home/runner/work/ozone/ozone/hadoop-ozone/integration-test/target/test-dir/MiniOzoneClusterImpl-af940217-b311-440f-8e09-352fdf66236b/ozone-meta/datanode-6/data-0/hdds/af940217-b311-440f-8e09-352fdf66236b/current/containerDir0/2/chunks does not exist.
2025-05-14 02:53:45,950 [EventQueue-PipelineActionsForPipelineActionHandler] INFO  pipeline.PipelineActionHandler (PipelineActionHandler.java:processPipelineAction(89)) - Received pipeline action CLOSE for PipelineID=022d5f31-dc68-4e3a-bbba-dc6000f9f072 from datanode e44b5a69-92f9-40f4-85c9-712e1c637b62(localhost/127.0.0.1). Reason : Chunks directory /home/runner/work/ozone/ozone/hadoop-ozone/integration-test/target/test-dir/MiniOzoneClusterImpl-af940217-b311-440f-8e09-352fdf66236b/ozone-meta/datanode-5/data-0/hdds/af940217-b311-440f-8e09-352fdf66236b/current/containerDir0/2/chunks does not exist.
2025-05-14 02:53:46,149 [EventQueue-PipelineActionsForPipelineActionHandler] INFO  pipeline.PipelineActionHandler (PipelineActionHandler.java:processPipelineAction(89)) - Received pipeline action CLOSE for PipelineID=022d5f31-dc68-4e3a-bbba-dc6000f9f072 from datanode c77e66e9-1cca-4fd3-bc5b-4ea2dbc3232f(localhost/127.0.0.1). Reason : Chunks directory /home/runner/work/ozone/ozone/hadoop-ozone/integration-test/target/test-dir/MiniOzoneClusterImpl-af940217-b311-440f-8e09-352fdf66236b/ozone-meta/datanode-6/data-0/hdds/af940217-b311-440f-8e09-352fdf66236b/current/containerDir0/2/chunks does not exist.
2025-05-14 02:53:46,150 [EventQueue-PipelineActionsForPipelineActionHandler] INFO  pipeline.PipelineActionHandler (PipelineActionHandler.java:processPipelineAction(89)) - Received pipeline action CLOSE for PipelineID=022d5f31-dc68-4e3a-bbba-dc6000f9f072 from datanode e44b5a69-92f9-40f4-85c9-712e1c637b62(localhost/127.0.0.1). Reason : Chunks directory /home/runner/work/ozone/ozone/hadoop-ozone/integration-test/target/test-dir/MiniOzoneClusterImpl-af940217-b311-440f-8e09-352fdf66236b/ozone-meta/datanode-5/data-0/hdds/af940217-b311-440f-8e09-352fdf66236b/current/containerDir0/2/chunks does not exist.
2025-05-14 02:53:46,349 [EventQueue-PipelineActionsForPipelineActionHandler] INFO  pipeline.PipelineActionHandler (PipelineActionHandler.java:processPipelineAction(89)) - Received pipeline action CLOSE for PipelineID=022d5f31-dc68-4e3a-bbba-dc6000f9f072 from datanode c77e66e9-1cca-4fd3-bc5b-4ea2dbc3232f(localhost/127.0.0.1). Reason : Chunks directory /home/runner/work/ozone/ozone/hadoop-ozone/integration-test/target/test-dir/MiniOzoneClusterImpl-af940217-b311-440f-8e09-352fdf66236b/ozone-meta/datanode-6/data-0/hdds/af940217-b311-440f-8e09-352fdf66236b/current/containerDir0/2/chunks does not exist.
2025-05-14 02:53:46,350 [EventQueue-PipelineActionsForPipelineActionHandler] INFO  pipeline.PipelineActionHandler (PipelineActionHandler.java:processPipelineAction(89)) - Received pipeline action CLOSE for PipelineID=022d5f31-dc68-4e3a-bbba-dc6000f9f072 from datanode e44b5a69-92f9-40f4-85c9-712e1c637b62(localhost/127.0.0.1). Reason : Chunks directory /home/runner/work/ozone/ozone/hadoop-ozone/integration-test/target/test-dir/MiniOzoneClusterImpl-af940217-b311-440f-8e09-352fdf66236b/ozone-meta/datanode-5/data-0/hdds/af940217-b311-440f-8e09-352fdf66236b/current/containerDir0/2/chunks does not exist.
2025-05-14 02:53:46,549 [EventQueue-PipelineActionsForPipelineActionHandler] INFO  pipeline.PipelineActionHandler (PipelineActionHandler.java:processPipelineAction(89)) - Received pipeline action CLOSE for PipelineID=022d5f31-dc68-4e3a-bbba-dc6000f9f072 from datanode c77e66e9-1cca-4fd3-bc5b-4ea2dbc3232f(localhost/127.0.0.1). Reason : Chunks directory /home/runner/work/ozone/ozone/hadoop-ozone/integration-test/target/test-dir/MiniOzoneClusterImpl-af940217-b311-440f-8e09-352fdf66236b/ozone-meta/datanode-6/data-0/hdds/af940217-b311-440f-8e09-352fdf66236b/current/containerDir0/2/chunks does not exist.
2025-05-14 02:53:46,550 [EventQueue-PipelineActionsForPipelineActionHandler] INFO  pipeline.PipelineActionHandler (PipelineActionHandler.java:processPipelineAction(89)) - Received pipeline action CLOSE for PipelineID=022d5f31-dc68-4e3a-bbba-dc6000f9f072 from datanode e44b5a69-92f9-40f4-85c9-712e1c637b62(localhost/127.0.0.1). Reason : Chunks directory /home/runner/work/ozone/ozone/hadoop-ozone/integration-test/target/test-dir/MiniOzoneClusterImpl-af940217-b311-440f-8e09-352fdf66236b/ozone-meta/datanode-5/data-0/hdds/af940217-b311-440f-8e09-352fdf66236b/current/containerDir0/2/chunks does not exist.
2025-05-14 02:53:46,750 [EventQueue-PipelineActionsForPipelineActionHandler] INFO  pipeline.PipelineActionHandler (PipelineActionHandler.java:processPipelineAction(89)) - Received pipeline action CLOSE for PipelineID=022d5f31-dc68-4e3a-bbba-dc6000f9f072 from datanode c77e66e9-1cca-4fd3-bc5b-4ea2dbc3232f(localhost/127.0.0.1). Reason : Chunks directory /home/runner/work/ozone/ozone/hadoop-ozone/integration-test/target/test-dir/MiniOzoneClusterImpl-af940217-b311-440f-8e09-352fdf66236b/ozone-meta/datanode-6/data-0/hdds/af940217-b311-440f-8e09-352fdf66236b/current/containerDir0/2/chunks does not exist.
2025-05-14 02:53:46,750 [EventQueue-PipelineActionsForPipelineActionHandler] INFO  pipeline.PipelineActionHandler (PipelineActionHandler.java:processPipelineAction(89)) - Received pipeline action CLOSE for PipelineID=022d5f31-dc68-4e3a-bbba-dc6000f9f072 from datanode e44b5a69-92f9-40f4-85c9-712e1c637b62(localhost/127.0.0.1). Reason : Chunks directory /home/runner/work/ozone/ozone/hadoop-ozone/integration-test/target/test-dir/MiniOzoneClusterImpl-af940217-b311-440f-8e09-352fdf66236b/ozone-meta/datanode-5/data-0/hdds/af940217-b311-440f-8e09-352fdf66236b/current/containerDir0/2/chunks does not exist.
2025-05-14 02:53:46,922 [d4e44fd7-0e23-4e4f-bc30-0c7965de497d-ContainerOp-022d5f31-dc68-4e3a-bbba-dc6000f9f072-4] INFO  keyvalue.KeyValueContainer (KeyValueContainer.java:flushAndSyncDB(511)) - Synced container: KeyValueContainerData #2 (CLOSING, non-empty, ri=0, origin=[dn_d4e44fd7-0e23-4e4f-bc30-0c7965de497d, pipeline_022d5f31-dc68-4e3a-bbba-dc6000f9f072])
2025-05-14 02:53:46,922 [c77e66e9-1cca-4fd3-bc5b-4ea2dbc3232f@group-DC6000F9F072-SegmentedRaftLogWorker] INFO  ratis.ContainerStateMachine (ContainerStateMachine.java:smProtoToString(1335)) - smProtoToString failed
org.apache.ratis.thirdparty.com.google.protobuf.InvalidProtocolBufferException: Message missing required fields: cmdType, containerID, datanodeUuid
	at org.apache.ratis.thirdparty.com.google.protobuf.UninitializedMessageException.asInvalidProtocolBufferException(UninitializedMessageException.java:79)
	at org.apache.ratis.thirdparty.com.google.protobuf.AbstractParser.checkMessageInitialized(AbstractParser.java:68)
	at org.apache.ratis.thirdparty.com.google.protobuf.AbstractParser.parseFrom(AbstractParser.java:120)
	at org.apache.ratis.thirdparty.com.google.protobuf.AbstractParser.parseFrom(AbstractParser.java:125)
	at org.apache.ratis.thirdparty.com.google.protobuf.AbstractParser.parseFrom(AbstractParser.java:48)
	at org.apache.hadoop.hdds.protocol.datanode.proto.ContainerProtos$ContainerCommandRequestProto.parseFrom(ContainerProtos.java:4691)
	at org.apache.hadoop.ozone.container.common.transport.server.ratis.ContainerStateMachine.getContainerCommandRequestProto(ContainerStateMachine.java:550)
	at org.apache.hadoop.ozone.container.common.transport.server.ratis.ContainerStateMachine.smProtoToString(ContainerStateMachine.java:1324)
	at org.apache.hadoop.ozone.container.common.transport.server.ratis.ContainerStateMachine.toStateMachineLogEntryString(ContainerStateMachine.java:1315)
	at org.apache.hadoop.ozone.container.common.transport.server.ratis.ContainerStateMachine.notifyLogFailed(ContainerStateMachine.java:1269)
	at org.apache.ratis.server.raftlog.segmented.SegmentedRaftLogWorker$WriteLog.failed(SegmentedRaftLogWorker.java:526)
	at org.apache.ratis.server.raftlog.segmented.SegmentedRaftLogWorker.run(SegmentedRaftLogWorker.java:324)
	at java.base/java.util.concurrent.Executors$RunnableAdapter.call(Executors.java:572)
	at java.base/java.util.concurrent.FutureTask.run(FutureTask.java:317)
	at java.base/java.util.concurrent.ThreadPoolExecutor.runWorker(ThreadPoolExecutor.java:1144)
	at java.base/java.util.concurrent.ThreadPoolExecutor$Worker.run(ThreadPoolExecutor.java:642)
	at java.base/java.lang.Thread.run(Thread.java:1583)
2025-05-14 02:53:46,923 [c77e66e9-1cca-4fd3-bc5b-4ea2dbc3232f@group-DC6000F9F072-SegmentedRaftLogWorker] ERROR ratis.ContainerStateMachine (ContainerStateMachine.java:notifyLogFailed(1268)) - group-DC6000F9F072: (t:1, i:8) smProtoToString failed with Message missing required fields: cmdType, containerID, datanodeUuid
org.apache.ratis.server.raftlog.RaftLogIOException: Log already failed at index 4 for task WriteLog:4: (t:1, i:4), STATEMACHINELOGENTRY, cmdType: WriteChunk traceID: "" containerID: 2 datanodeUuid: "e44b5a69-92f9-40f4-85c9-712e1c637b62" pipelineID: "022d5f31-dc68-4e3a-bbba-dc6000f9f072" writeChunk { blockID { containerID: 2 localID: 115816896921600002 blockCommitSequenceId: 2 replicaIndex: 0 } chunkData { chunkName: "115816896921600002_chunk_2" offset: 5 len: 10 checksumData { type: CRC32 bytesPerChecksum: 16384 checksums: "\317\357R*" } } } version: 3, container path=/home/runner/work/ozone/ozone/hadoop-ozone/integration-test/target/test-dir/MiniOzoneClusterImpl-af940217-b311-440f-8e09-352fdf66236b/ozone-meta/datanode-6/data-0/hdds/af940217-b311-440f-8e09-352fdf66236b/current/containerDir0/2
	at org.apache.ratis.server.raftlog.segmented.SegmentedRaftLogWorker.run(SegmentedRaftLogWorker.java:327)
	at java.base/java.util.concurrent.Executors$RunnableAdapter.call(Executors.java:572)
	at java.base/java.util.concurrent.FutureTask.run(FutureTask.java:317)
	at java.base/java.util.concurrent.ThreadPoolExecutor.runWorker(ThreadPoolExecutor.java:1144)
	at java.base/java.util.concurrent.ThreadPoolExecutor$Worker.run(ThreadPoolExecutor.java:642)
	at java.base/java.lang.Thread.run(Thread.java:1583)
Caused by: org.apache.hadoop.hdds.scm.container.common.helpers.StorageContainerException: Chunks directory /home/runner/work/ozone/ozone/hadoop-ozone/integration-test/target/test-dir/MiniOzoneClusterImpl-af940217-b311-440f-8e09-352fdf66236b/ozone-meta/datanode-6/data-0/hdds/af940217-b311-440f-8e09-352fdf66236b/current/containerDir0/2/chunks does not exist.
	at org.apache.hadoop.ozone.container.common.transport.server.ratis.ContainerStateMachine.handleCommandResult(ContainerStateMachine.java:661)
	at org.apache.hadoop.ozone.container.common.transport.server.ratis.ContainerStateMachine.lambda$writeStateMachineData$2(ContainerStateMachine.java:623)
	... 4 more
2025-05-14 02:53:46,923 [d4e44fd7-0e23-4e4f-bc30-0c7965de497d-ContainerOp-022d5f31-dc68-4e3a-bbba-dc6000f9f072-4] INFO  keyvalue.KeyValueContainer (KeyValueContainer.java:flushAndSyncDB(511)) - Synced container: KeyValueContainerData #2 (CLOSING, non-empty, ri=0, origin=[dn_d4e44fd7-0e23-4e4f-bc30-0c7965de497d, pipeline_022d5f31-dc68-4e3a-bbba-dc6000f9f072])
2025-05-14 02:53:46,924 [c77e66e9-1cca-4fd3-bc5b-4ea2dbc3232f-server-thread3] WARN  server.GrpcServerProtocolService (LogUtils.java:warn(123)) - c77e66e9-1cca-4fd3-bc5b-4ea2dbc3232f: Failed APPEND_ENTRIES request d4e44fd7-0e23-4e4f-bc30-0c7965de497d->c77e66e9-1cca-4fd3-bc5b-4ea2dbc3232f#19-t1,previous=(t:1, i:7),leaderCommit=7,initializing? false,entries: size=1, first=(t:1, i:8), METADATAENTRY(c:7)
java.util.concurrent.CompletionException: org.apache.ratis.server.raftlog.RaftLogIOException: Log already failed at index 4 for task WriteLog:4: (t:1, i:4), STATEMACHINELOGENTRY, cmdType: WriteChunk traceID: "" containerID: 2 datanodeUuid: "e44b5a69-92f9-40f4-85c9-712e1c637b62" pipelineID: "022d5f31-dc68-4e3a-bbba-dc6000f9f072" writeChunk { blockID { containerID: 2 localID: 115816896921600002 blockCommitSequenceId: 2 replicaIndex: 0 } chunkData { chunkName: "115816896921600002_chunk_2" offset: 5 len: 10 checksumData { type: CRC32 bytesPerChecksum: 16384 checksums: "\317\357R*" } } } version: 3, container path=/home/runner/work/ozone/ozone/hadoop-ozone/integration-test/target/test-dir/MiniOzoneClusterImpl-af940217-b311-440f-8e09-352fdf66236b/ozone-meta/datanode-6/data-0/hdds/af940217-b311-440f-8e09-352fdf66236b/current/containerDir0/2
	at java.base/java.util.concurrent.CompletableFuture.encodeThrowable(CompletableFuture.java:332)
	at java.base/java.util.concurrent.CompletableFuture.completeThrowable(CompletableFuture.java:347)
	at java.base/java.util.concurrent.CompletableFuture$BiRelay.tryFire(CompletableFuture.java:1498)
	at java.base/java.util.concurrent.CompletableFuture$CoCompletion.tryFire(CompletableFuture.java:1219)
	at java.base/java.util.concurrent.CompletableFuture.postComplete(CompletableFuture.java:510)
	at java.base/java.util.concurrent.CompletableFuture.completeExceptionally(CompletableFuture.java:2194)
	at org.apache.ratis.server.raftlog.segmented.SegmentedRaftLog$Task.failed(SegmentedRaftLog.java:109)
	at org.apache.ratis.server.raftlog.segmented.SegmentedRaftLogWorker$WriteLog.failed(SegmentedRaftLogWorker.java:527)
	at org.apache.ratis.server.raftlog.segmented.SegmentedRaftLogWorker.run(SegmentedRaftLogWorker.java:324)
	at java.base/java.util.concurrent.Executors$RunnableAdapter.call(Executors.java:572)
	at java.base/java.util.concurrent.FutureTask.run(FutureTask.java:317)
	at java.base/java.util.concurrent.ThreadPoolExecutor.runWorker(ThreadPoolExecutor.java:1144)
	at java.base/java.util.concurrent.ThreadPoolExecutor$Worker.run(ThreadPoolExecutor.java:642)
	at java.base/java.lang.Thread.run(Thread.java:1583)
Caused by: org.apache.ratis.server.raftlog.RaftLogIOException: Log already failed at index 4 for task WriteLog:4: (t:1, i:4), STATEMACHINELOGENTRY, cmdType: WriteChunk traceID: "" containerID: 2 datanodeUuid: "e44b5a69-92f9-40f4-85c9-712e1c637b62" pipelineID: "022d5f31-dc68-4e3a-bbba-dc6000f9f072" writeChunk { blockID { containerID: 2 localID: 115816896921600002 blockCommitSequenceId: 2 replicaIndex: 0 } chunkData { chunkName: "115816896921600002_chunk_2" offset: 5 len: 10 checksumData { type: CRC32 bytesPerChecksum: 16384 checksums: "\317\357R*" } } } version: 3, container path=/home/runner/work/ozone/ozone/hadoop-ozone/integration-test/target/test-dir/MiniOzoneClusterImpl-af940217-b311-440f-8e09-352fdf66236b/ozone-meta/datanode-6/data-0/hdds/af940217-b311-440f-8e09-352fdf66236b/current/containerDir0/2
	at org.apache.ratis.server.raftlog.segmented.SegmentedRaftLogWorker.run(SegmentedRaftLogWorker.java:327)
	... 5 more
Caused by: org.apache.hadoop.hdds.scm.container.common.helpers.StorageContainerException: Chunks directory /home/runner/work/ozone/ozone/hadoop-ozone/integration-test/target/test-dir/MiniOzoneClusterImpl-af940217-b311-440f-8e09-352fdf66236b/ozone-meta/datanode-6/data-0/hdds/af940217-b311-440f-8e09-352fdf66236b/current/containerDir0/2/chunks does not exist.
	at org.apache.hadoop.ozone.container.common.transport.server.ratis.ContainerStateMachine.handleCommandResult(ContainerStateMachine.java:661)
	at org.apache.hadoop.ozone.container.common.transport.server.ratis.ContainerStateMachine.lambda$writeStateMachineData$2(ContainerStateMachine.java:623)
	... 4 more
2025-05-14 02:53:46,925 [e44b5a69-92f9-40f4-85c9-712e1c637b62@group-DC6000F9F072-SegmentedRaftLogWorker] INFO  ratis.ContainerStateMachine (ContainerStateMachine.java:smProtoToString(1335)) - smProtoToString failed
org.apache.ratis.thirdparty.com.google.protobuf.InvalidProtocolBufferException: Message missing required fields: cmdType, containerID, datanodeUuid
	at org.apache.ratis.thirdparty.com.google.protobuf.UninitializedMessageException.asInvalidProtocolBufferException(UninitializedMessageException.java:79)
	at org.apache.ratis.thirdparty.com.google.protobuf.AbstractParser.checkMessageInitialized(AbstractParser.java:68)
	at org.apache.ratis.thirdparty.com.google.protobuf.AbstractParser.parseFrom(AbstractParser.java:120)
	at org.apache.ratis.thirdparty.com.google.protobuf.AbstractParser.parseFrom(AbstractParser.java:125)
	at org.apache.ratis.thirdparty.com.google.protobuf.AbstractParser.parseFrom(AbstractParser.java:48)
	at org.apache.hadoop.hdds.protocol.datanode.proto.ContainerProtos$ContainerCommandRequestProto.parseFrom(ContainerProtos.java:4691)
	at org.apache.hadoop.ozone.container.common.transport.server.ratis.ContainerStateMachine.getContainerCommandRequestProto(ContainerStateMachine.java:550)
	at org.apache.hadoop.ozone.container.common.transport.server.ratis.ContainerStateMachine.smProtoToString(ContainerStateMachine.java:1324)
	at org.apache.hadoop.ozone.container.common.transport.server.ratis.ContainerStateMachine.toStateMachineLogEntryString(ContainerStateMachine.java:1315)
	at org.apache.hadoop.ozone.container.common.transport.server.ratis.ContainerStateMachine.notifyLogFailed(ContainerStateMachine.java:1269)
	at org.apache.ratis.server.raftlog.segmented.SegmentedRaftLogWorker$WriteLog.failed(SegmentedRaftLogWorker.java:526)
	at org.apache.ratis.server.raftlog.segmented.SegmentedRaftLogWorker.run(SegmentedRaftLogWorker.java:324)
	at java.base/java.util.concurrent.Executors$RunnableAdapter.call(Executors.java:572)
	at java.base/java.util.concurrent.FutureTask.run(FutureTask.java:317)
	at java.base/java.util.concurrent.ThreadPoolExecutor.runWorker(ThreadPoolExecutor.java:1144)
	at java.base/java.util.concurrent.ThreadPoolExecutor$Worker.run(ThreadPoolExecutor.java:642)
	at java.base/java.lang.Thread.run(Thread.java:1583)
2025-05-14 02:53:46,925 [e44b5a69-92f9-40f4-85c9-712e1c637b62@group-DC6000F9F072-SegmentedRaftLogWorker] ERROR ratis.ContainerStateMachine (ContainerStateMachine.java:notifyLogFailed(1268)) - group-DC6000F9F072: (t:1, i:8) smProtoToString failed with Message missing required fields: cmdType, containerID, datanodeUuid
org.apache.ratis.server.raftlog.RaftLogIOException: Log already failed at index 4 for task WriteLog:4: (t:1, i:4), STATEMACHINELOGENTRY, cmdType: WriteChunk traceID: "" containerID: 2 datanodeUuid: "e44b5a69-92f9-40f4-85c9-712e1c637b62" pipelineID: "022d5f31-dc68-4e3a-bbba-dc6000f9f072" writeChunk { blockID { containerID: 2 localID: 115816896921600002 blockCommitSequenceId: 2 replicaIndex: 0 } chunkData { chunkName: "115816896921600002_chunk_2" offset: 5 len: 10 checksumData { type: CRC32 bytesPerChecksum: 16384 checksums: "\317\357R*" } } } version: 3, container path=/home/runner/work/ozone/ozone/hadoop-ozone/integration-test/target/test-dir/MiniOzoneClusterImpl-af940217-b311-440f-8e09-352fdf66236b/ozone-meta/datanode-5/data-0/hdds/af940217-b311-440f-8e09-352fdf66236b/current/containerDir0/2
	at org.apache.ratis.server.raftlog.segmented.SegmentedRaftLogWorker.run(SegmentedRaftLogWorker.java:327)
	at java.base/java.util.concurrent.Executors$RunnableAdapter.call(Executors.java:572)
	at java.base/java.util.concurrent.FutureTask.run(FutureTask.java:317)
	at java.base/java.util.concurrent.ThreadPoolExecutor.runWorker(ThreadPoolExecutor.java:1144)
	at java.base/java.util.concurrent.ThreadPoolExecutor$Worker.run(ThreadPoolExecutor.java:642)
	at java.base/java.lang.Thread.run(Thread.java:1583)
Caused by: org.apache.hadoop.hdds.scm.container.common.helpers.StorageContainerException: Chunks directory /home/runner/work/ozone/ozone/hadoop-ozone/integration-test/target/test-dir/MiniOzoneClusterImpl-af940217-b311-440f-8e09-352fdf66236b/ozone-meta/datanode-5/data-0/hdds/af940217-b311-440f-8e09-352fdf66236b/current/containerDir0/2/chunks does not exist.
	at org.apache.hadoop.ozone.container.common.transport.server.ratis.ContainerStateMachine.handleCommandResult(ContainerStateMachine.java:661)
	at org.apache.hadoop.ozone.container.common.transport.server.ratis.ContainerStateMachine.lambda$writeStateMachineData$2(ContainerStateMachine.java:623)
	... 4 more
2025-05-14 02:53:46,925 [e44b5a69-92f9-40f4-85c9-712e1c637b62-server-thread2] WARN  server.GrpcServerProtocolService (LogUtils.java:warn(123)) - e44b5a69-92f9-40f4-85c9-712e1c637b62: Failed APPEND_ENTRIES request d4e44fd7-0e23-4e4f-bc30-0c7965de497d->e44b5a69-92f9-40f4-85c9-712e1c637b62#19-t1,previous=(t:1, i:3),leaderCommit=7,initializing? false,entries: size=5, first=(t:1, i:4), STATEMACHINELOGENTRY, WRITE: logData.size=154, stateMachineData.size=10, logEntryProtoSerializedSize=0
java.util.concurrent.CompletionException: org.apache.ratis.server.raftlog.RaftLogIOException: Log already failed at index 4 for task WriteLog:4: (t:1, i:4), STATEMACHINELOGENTRY, cmdType: WriteChunk traceID: "" containerID: 2 datanodeUuid: "e44b5a69-92f9-40f4-85c9-712e1c637b62" pipelineID: "022d5f31-dc68-4e3a-bbba-dc6000f9f072" writeChunk { blockID { containerID: 2 localID: 115816896921600002 blockCommitSequenceId: 2 replicaIndex: 0 } chunkData { chunkName: "115816896921600002_chunk_2" offset: 5 len: 10 checksumData { type: CRC32 bytesPerChecksum: 16384 checksums: "\317\357R*" } } } version: 3, container path=/home/runner/work/ozone/ozone/hadoop-ozone/integration-test/target/test-dir/MiniOzoneClusterImpl-af940217-b311-440f-8e09-352fdf66236b/ozone-meta/datanode-5/data-0/hdds/af940217-b311-440f-8e09-352fdf66236b/current/containerDir0/2
	at java.base/java.util.concurrent.CompletableFuture.encodeThrowable(CompletableFuture.java:332)
	at java.base/java.util.concurrent.CompletableFuture.completeThrowable(CompletableFuture.java:347)
	at java.base/java.util.concurrent.CompletableFuture$BiRelay.tryFire(CompletableFuture.java:1498)
	at java.base/java.util.concurrent.CompletableFuture$CoCompletion.tryFire(CompletableFuture.java:1219)
	at java.base/java.util.concurrent.CompletableFuture.postComplete(CompletableFuture.java:510)
	at java.base/java.util.concurrent.CompletableFuture.completeExceptionally(CompletableFuture.java:2194)
	at org.apache.ratis.server.raftlog.segmented.SegmentedRaftLog$Task.failed(SegmentedRaftLog.java:109)
	at org.apache.ratis.server.raftlog.segmented.SegmentedRaftLogWorker$WriteLog.failed(SegmentedRaftLogWorker.java:527)
	at org.apache.ratis.server.raftlog.segmented.SegmentedRaftLogWorker.run(SegmentedRaftLogWorker.java:324)
	at java.base/java.util.concurrent.Executors$RunnableAdapter.call(Executors.java:572)
	at java.base/java.util.concurrent.FutureTask.run(FutureTask.java:317)
	at java.base/java.util.concurrent.ThreadPoolExecutor.runWorker(ThreadPoolExecutor.java:1144)
	at java.base/java.util.concurrent.ThreadPoolExecutor$Worker.run(ThreadPoolExecutor.java:642)
	at java.base/java.lang.Thread.run(Thread.java:1583)
Caused by: org.apache.ratis.server.raftlog.RaftLogIOException: Log already failed at index 4 for task WriteLog:4: (t:1, i:4), STATEMACHINELOGENTRY, cmdType: WriteChunk traceID: "" containerID: 2 datanodeUuid: "e44b5a69-92f9-40f4-85c9-712e1c637b62" pipelineID: "022d5f31-dc68-4e3a-bbba-dc6000f9f072" writeChunk { blockID { containerID: 2 localID: 115816896921600002 blockCommitSequenceId: 2 replicaIndex: 0 } chunkData { chunkName: "115816896921600002_chunk_2" offset: 5 len: 10 checksumData { type: CRC32 bytesPerChecksum: 16384 checksums: "\317\357R*" } } } version: 3, container path=/home/runner/work/ozone/ozone/hadoop-ozone/integration-test/target/test-dir/MiniOzoneClusterImpl-af940217-b311-440f-8e09-352fdf66236b/ozone-meta/datanode-5/data-0/hdds/af940217-b311-440f-8e09-352fdf66236b/current/containerDir0/2
	at org.apache.ratis.server.raftlog.segmented.SegmentedRaftLogWorker.run(SegmentedRaftLogWorker.java:327)
	... 5 more
Caused by: org.apache.hadoop.hdds.scm.container.common.helpers.StorageContainerException: Chunks directory /home/runner/work/ozone/ozone/hadoop-ozone/integration-test/target/test-dir/MiniOzoneClusterImpl-af940217-b311-440f-8e09-352fdf66236b/ozone-meta/datanode-5/data-0/hdds/af940217-b311-440f-8e09-352fdf66236b/current/containerDir0/2/chunks does not exist.
	at org.apache.hadoop.ozone.container.common.transport.server.ratis.ContainerStateMachine.handleCommandResult(ContainerStateMachine.java:661)
	at org.apache.hadoop.ozone.container.common.transport.server.ratis.ContainerStateMachine.lambda$writeStateMachineData$2(ContainerStateMachine.java:623)
	... 4 more
2025-05-14 02:53:46,928 [grpc-default-executor-2] INFO  leader.LogAppender (LogAppenderBase.java:lambda$getNextIndexForError$0(215)) - Decrease nextIndex to 8
2025-05-14 02:53:46,928 [grpc-default-executor-2] INFO  leader.LogAppender (LogAppenderBase.java:lambda$getNextIndexForError$0(215)) - Decrease nextIndex to 8
2025-05-14 02:53:46,928 [grpc-default-executor-2] INFO  leader.FollowerInfo (FollowerInfoImpl.java:info(70)) - d4e44fd7-0e23-4e4f-bc30-0c7965de497d@group-DC6000F9F072->c77e66e9-1cca-4fd3-bc5b-4ea2dbc3232f: computeNextIndex nextIndex: updateUnconditionally 9 -> 8
2025-05-14 02:53:46,928 [d4e44fd7-0e23-4e4f-bc30-0c7965de497d-ContainerOp-022d5f31-dc68-4e3a-bbba-dc6000f9f072-4] INFO  keyvalue.KeyValueContainer (KeyValueContainer.java:close(427)) - Closed container: KeyValueContainerData #2 (CLOSED, non-empty, ri=0, origin=[dn_d4e44fd7-0e23-4e4f-bc30-0c7965de497d, pipeline_022d5f31-dc68-4e3a-bbba-dc6000f9f072])
2025-05-14 02:53:46,929 [d4e44fd7-0e23-4e4f-bc30-0c7965de497d@group-DC6000F9F072-StateMachineUpdater] INFO  ratis.ContainerStateMachine (ContainerStateMachine.java:takeSnapshot(427)) - group-DC6000F9F072: Taking a snapshot at:(t:1, i:7) file /home/runner/work/ozone/ozone/hadoop-ozone/integration-test/target/test-dir/MiniOzoneClusterImpl-af940217-b311-440f-8e09-352fdf66236b/ozone-meta/datanode-4/ratis/022d5f31-dc68-4e3a-bbba-dc6000f9f072/sm/snapshot.1_7
2025-05-14 02:53:46,930 [grpc-default-executor-2] INFO  leader.LogAppender (LogAppenderBase.java:lambda$getNextIndexForError$0(215)) - Decrease nextIndex to 4
2025-05-14 02:53:46,930 [grpc-default-executor-2] INFO  leader.LogAppender (LogAppenderBase.java:lambda$getNextIndexForError$0(215)) - Decrease nextIndex to 4
2025-05-14 02:53:46,930 [grpc-default-executor-2] INFO  leader.FollowerInfo (FollowerInfoImpl.java:info(70)) - d4e44fd7-0e23-4e4f-bc30-0c7965de497d@group-DC6000F9F072->e44b5a69-92f9-40f4-85c9-712e1c637b62: computeNextIndex nextIndex: updateUnconditionally 9 -> 4
2025-05-14 02:53:46,931 [FixedThreadPoolWithAffinityExecutor-8-0] INFO  container.IncrementalContainerReportHandler (AbstractContainerReportHandler.java:updateContainerState(289)) - CLOSE Container #2 (CLOSING, sid=5) r0 (CLOSED, bcsid=5, origin=d4e44fd7-0e23-4e4f-bc30-0c7965de497d, non-empty) from dn d4e44fd7-0e23-4e4f-bc30-0c7965de497d(localhost/127.0.0.1)
2025-05-14 02:53:46,931 [d4e44fd7-0e23-4e4f-bc30-0c7965de497d@group-DC6000F9F072-StateMachineUpdater] INFO  ratis.ContainerStateMachine (ContainerStateMachine.java:takeSnapshot(436)) - group-DC6000F9F072: Finished taking a snapshot at:(t:1, i:7) file:/home/runner/work/ozone/ozone/hadoop-ozone/integration-test/target/test-dir/MiniOzoneClusterImpl-af940217-b311-440f-8e09-352fdf66236b/ozone-meta/datanode-4/ratis/022d5f31-dc68-4e3a-bbba-dc6000f9f072/sm/snapshot.1_7 took: 2 ms
2025-05-14 02:53:46,931 [d4e44fd7-0e23-4e4f-bc30-0c7965de497d@group-DC6000F9F072-StateMachineUpdater] INFO  impl.StateMachineUpdater (StateMachineUpdater.java:takeSnapshot(303)) - d4e44fd7-0e23-4e4f-bc30-0c7965de497d@group-DC6000F9F072-StateMachineUpdater: Took a snapshot at index 7
2025-05-14 02:53:46,931 [d4e44fd7-0e23-4e4f-bc30-0c7965de497d@group-DC6000F9F072-StateMachineUpdater] INFO  impl.StateMachineUpdater (StateMachineUpdater.java:lambda$new$0(102)) - d4e44fd7-0e23-4e4f-bc30-0c7965de497d@group-DC6000F9F072-StateMachineUpdater: snapshotIndex: updateIncreasingly 5 -> 7
2025-05-14 02:53:46,950 [EventQueue-PipelineActionsForPipelineActionHandler] INFO  pipeline.PipelineActionHandler (PipelineActionHandler.java:processPipelineAction(89)) - Received pipeline action CLOSE for PipelineID=022d5f31-dc68-4e3a-bbba-dc6000f9f072 from datanode e44b5a69-92f9-40f4-85c9-712e1c637b62(localhost/127.0.0.1). Reason : Chunks directory /home/runner/work/ozone/ozone/hadoop-ozone/integration-test/target/test-dir/MiniOzoneClusterImpl-af940217-b311-440f-8e09-352fdf66236b/ozone-meta/datanode-5/data-0/hdds/af940217-b311-440f-8e09-352fdf66236b/current/containerDir0/2/chunks does not exist.
2025-05-14 02:53:46,950 [EventQueue-PipelineActionsForPipelineActionHandler] INFO  pipeline.PipelineActionHandler (PipelineActionHandler.java:processPipelineAction(89)) - Received pipeline action CLOSE for PipelineID=022d5f31-dc68-4e3a-bbba-dc6000f9f072 from datanode c77e66e9-1cca-4fd3-bc5b-4ea2dbc3232f(localhost/127.0.0.1). Reason : Chunks directory /home/runner/work/ozone/ozone/hadoop-ozone/integration-test/target/test-dir/MiniOzoneClusterImpl-af940217-b311-440f-8e09-352fdf66236b/ozone-meta/datanode-6/data-0/hdds/af940217-b311-440f-8e09-352fdf66236b/current/containerDir0/2/chunks does not exist.
2025-05-14 02:53:46,965 [timer2] WARN  server.GrpcLogAppender (LogUtils.java:warn(123)) - d4e44fd7-0e23-4e4f-bc30-0c7965de497d@group-DC6000F9F072->c77e66e9-1cca-4fd3-bc5b-4ea2dbc3232f-AppendLogResponseHandler: Failed appendEntries (Repeated 4 times in the last 5.003s)
org.apache.ratis.server.raftlog.RaftLogIOException: Log already failed at index 4 for task WriteLog:4: (t:1, i:4), STATEMACHINELOGENTRY, cmdType: WriteChunk traceID: "" containerID: 2 datanodeUuid: "e44b5a69-92f9-40f4-85c9-712e1c637b62" pipelineID: "022d5f31-dc68-4e3a-bbba-dc6000f9f072" writeChunk { blockID { containerID: 2 localID: 115816896921600002 blockCommitSequenceId: 2 replicaIndex: 0 } chunkData { chunkName: "115816896921600002_chunk_2" offset: 5 len: 10 checksumData { type: CRC32 bytesPerChecksum: 16384 checksums: "\317\357R*" } } } version: 3, container path=/home/runner/work/ozone/ozone/hadoop-ozone/integration-test/target/test-dir/MiniOzoneClusterImpl-af940217-b311-440f-8e09-352fdf66236b/ozone-meta/datanode-6/data-0/hdds/af940217-b311-440f-8e09-352fdf66236b/current/containerDir0/2
	at org.apache.ratis.server.raftlog.segmented.SegmentedRaftLogWorker.run(SegmentedRaftLogWorker.java:327)
	at java.base/java.util.concurrent.Executors$RunnableAdapter.call(Executors.java:572)
	at java.base/java.util.concurrent.FutureTask.run(FutureTask.java:317)
	at java.base/java.util.concurrent.ThreadPoolExecutor.runWorker(ThreadPoolExecutor.java:1144)
	at java.base/java.util.concurrent.ThreadPoolExecutor$Worker.run(ThreadPoolExecutor.java:642)
	at java.base/java.lang.Thread.run(Thread.java:1583)
Caused by: org.apache.hadoop.hdds.scm.container.common.helpers.StorageContainerException: Chunks directory /home/runner/work/ozone/ozone/hadoop-ozone/integration-test/target/test-dir/MiniOzoneClusterImpl-af940217-b311-440f-8e09-352fdf66236b/ozone-meta/datanode-6/data-0/hdds/af940217-b311-440f-8e09-352fdf66236b/current/containerDir0/2/chunks does not exist.
	at org.apache.hadoop.ozone.container.common.transport.server.ratis.ContainerStateMachine.handleCommandResult(ContainerStateMachine.java:661)
	at org.apache.hadoop.ozone.container.common.transport.server.ratis.ContainerStateMachine.lambda$writeStateMachineData$2(ContainerStateMachine.java:623)
	... 4 more
2025-05-14 02:53:46,965 [timer1] WARN  server.GrpcLogAppender (LogUtils.java:warn(123)) - d4e44fd7-0e23-4e4f-bc30-0c7965de497d@group-DC6000F9F072->e44b5a69-92f9-40f4-85c9-712e1c637b62-AppendLogResponseHandler: Failed appendEntries (Repeated 4 times in the last 5.003s)
org.apache.ratis.server.raftlog.RaftLogIOException: Log already failed at index 4 for task WriteLog:4: (t:1, i:4), STATEMACHINELOGENTRY, cmdType: WriteChunk traceID: "" containerID: 2 datanodeUuid: "e44b5a69-92f9-40f4-85c9-712e1c637b62" pipelineID: "022d5f31-dc68-4e3a-bbba-dc6000f9f072" writeChunk { blockID { containerID: 2 localID: 115816896921600002 blockCommitSequenceId: 2 replicaIndex: 0 } chunkData { chunkName: "115816896921600002_chunk_2" offset: 5 len: 10 checksumData { type: CRC32 bytesPerChecksum: 16384 checksums: "\317\357R*" } } } version: 3, container path=/home/runner/work/ozone/ozone/hadoop-ozone/integration-test/target/test-dir/MiniOzoneClusterImpl-af940217-b311-440f-8e09-352fdf66236b/ozone-meta/datanode-5/data-0/hdds/af940217-b311-440f-8e09-352fdf66236b/current/containerDir0/2
	at org.apache.ratis.server.raftlog.segmented.SegmentedRaftLogWorker.run(SegmentedRaftLogWorker.java:327)
	at java.base/java.util.concurrent.Executors$RunnableAdapter.call(Executors.java:572)
	at java.base/java.util.concurrent.FutureTask.run(FutureTask.java:317)
	at java.base/java.util.concurrent.ThreadPoolExecutor.runWorker(ThreadPoolExecutor.java:1144)
	at java.base/java.util.concurrent.ThreadPoolExecutor$Worker.run(ThreadPoolExecutor.java:642)
	at java.base/java.lang.Thread.run(Thread.java:1583)
Caused by: org.apache.hadoop.hdds.scm.container.common.helpers.StorageContainerException: Chunks directory /home/runner/work/ozone/ozone/hadoop-ozone/integration-test/target/test-dir/MiniOzoneClusterImpl-af940217-b311-440f-8e09-352fdf66236b/ozone-meta/datanode-5/data-0/hdds/af940217-b311-440f-8e09-352fdf66236b/current/containerDir0/2/chunks does not exist.
	at org.apache.hadoop.ozone.container.common.transport.server.ratis.ContainerStateMachine.handleCommandResult(ContainerStateMachine.java:661)
	at org.apache.hadoop.ozone.container.common.transport.server.ratis.ContainerStateMachine.lambda$writeStateMachineData$2(ContainerStateMachine.java:623)
	... 4 more
2025-05-14 02:53:47,150 [EventQueue-PipelineActionsForPipelineActionHandler] INFO  pipeline.PipelineActionHandler (PipelineActionHandler.java:processPipelineAction(89)) - Received pipeline action CLOSE for PipelineID=022d5f31-dc68-4e3a-bbba-dc6000f9f072 from datanode e44b5a69-92f9-40f4-85c9-712e1c637b62(localhost/127.0.0.1). Reason : Chunks directory /home/runner/work/ozone/ozone/hadoop-ozone/integration-test/target/test-dir/MiniOzoneClusterImpl-af940217-b311-440f-8e09-352fdf66236b/ozone-meta/datanode-5/data-0/hdds/af940217-b311-440f-8e09-352fdf66236b/current/containerDir0/2/chunks does not exist.
2025-05-14 02:53:47,150 [EventQueue-PipelineActionsForPipelineActionHandler] INFO  pipeline.PipelineActionHandler (PipelineActionHandler.java:processPipelineAction(89)) - Received pipeline action CLOSE for PipelineID=022d5f31-dc68-4e3a-bbba-dc6000f9f072 from datanode c77e66e9-1cca-4fd3-bc5b-4ea2dbc3232f(localhost/127.0.0.1). Reason : Chunks directory /home/runner/work/ozone/ozone/hadoop-ozone/integration-test/target/test-dir/MiniOzoneClusterImpl-af940217-b311-440f-8e09-352fdf66236b/ozone-meta/datanode-6/data-0/hdds/af940217-b311-440f-8e09-352fdf66236b/current/containerDir0/2/chunks does not exist.
2025-05-14 02:53:47,350 [EventQueue-PipelineActionsForPipelineActionHandler] INFO  pipeline.PipelineActionHandler (PipelineActionHandler.java:processPipelineAction(89)) - Received pipeline action CLOSE for PipelineID=022d5f31-dc68-4e3a-bbba-dc6000f9f072 from datanode e44b5a69-92f9-40f4-85c9-712e1c637b62(localhost/127.0.0.1). Reason : Chunks directory /home/runner/work/ozone/ozone/hadoop-ozone/integration-test/target/test-dir/MiniOzoneClusterImpl-af940217-b311-440f-8e09-352fdf66236b/ozone-meta/datanode-5/data-0/hdds/af940217-b311-440f-8e09-352fdf66236b/current/containerDir0/2/chunks does not exist.
2025-05-14 02:53:47,350 [EventQueue-PipelineActionsForPipelineActionHandler] INFO  pipeline.PipelineActionHandler (PipelineActionHandler.java:processPipelineAction(89)) - Received pipeline action CLOSE for PipelineID=022d5f31-dc68-4e3a-bbba-dc6000f9f072 from datanode c77e66e9-1cca-4fd3-bc5b-4ea2dbc3232f(localhost/127.0.0.1). Reason : Chunks directory /home/runner/work/ozone/ozone/hadoop-ozone/integration-test/target/test-dir/MiniOzoneClusterImpl-af940217-b311-440f-8e09-352fdf66236b/ozone-meta/datanode-6/data-0/hdds/af940217-b311-440f-8e09-352fdf66236b/current/containerDir0/2/chunks does not exist.
2025-05-14 02:53:47,550 [EventQueue-PipelineActionsForPipelineActionHandler] INFO  pipeline.PipelineActionHandler (PipelineActionHandler.java:processPipelineAction(89)) - Received pipeline action CLOSE for PipelineID=022d5f31-dc68-4e3a-bbba-dc6000f9f072 from datanode c77e66e9-1cca-4fd3-bc5b-4ea2dbc3232f(localhost/127.0.0.1). Reason : Chunks directory /home/runner/work/ozone/ozone/hadoop-ozone/integration-test/target/test-dir/MiniOzoneClusterImpl-af940217-b311-440f-8e09-352fdf66236b/ozone-meta/datanode-6/data-0/hdds/af940217-b311-440f-8e09-352fdf66236b/current/containerDir0/2/chunks does not exist.
2025-05-14 02:53:47,550 [EventQueue-PipelineActionsForPipelineActionHandler] INFO  pipeline.PipelineActionHandler (PipelineActionHandler.java:processPipelineAction(89)) - Received pipeline action CLOSE for PipelineID=022d5f31-dc68-4e3a-bbba-dc6000f9f072 from datanode e44b5a69-92f9-40f4-85c9-712e1c637b62(localhost/127.0.0.1). Reason : Chunks directory /home/runner/work/ozone/ozone/hadoop-ozone/integration-test/target/test-dir/MiniOzoneClusterImpl-af940217-b311-440f-8e09-352fdf66236b/ozone-meta/datanode-5/data-0/hdds/af940217-b311-440f-8e09-352fdf66236b/current/containerDir0/2/chunks does not exist.
2025-05-14 02:53:47,750 [EventQueue-PipelineActionsForPipelineActionHandler] INFO  pipeline.PipelineActionHandler (PipelineActionHandler.java:processPipelineAction(89)) - Received pipeline action CLOSE for PipelineID=022d5f31-dc68-4e3a-bbba-dc6000f9f072 from datanode c77e66e9-1cca-4fd3-bc5b-4ea2dbc3232f(localhost/127.0.0.1). Reason : Chunks directory /home/runner/work/ozone/ozone/hadoop-ozone/integration-test/target/test-dir/MiniOzoneClusterImpl-af940217-b311-440f-8e09-352fdf66236b/ozone-meta/datanode-6/data-0/hdds/af940217-b311-440f-8e09-352fdf66236b/current/containerDir0/2/chunks does not exist.
2025-05-14 02:53:47,750 [EventQueue-PipelineActionsForPipelineActionHandler] INFO  pipeline.PipelineActionHandler (PipelineActionHandler.java:processPipelineAction(89)) - Received pipeline action CLOSE for PipelineID=022d5f31-dc68-4e3a-bbba-dc6000f9f072 from datanode e44b5a69-92f9-40f4-85c9-712e1c637b62(localhost/127.0.0.1). Reason : Chunks directory /home/runner/work/ozone/ozone/hadoop-ozone/integration-test/target/test-dir/MiniOzoneClusterImpl-af940217-b311-440f-8e09-352fdf66236b/ozone-meta/datanode-5/data-0/hdds/af940217-b311-440f-8e09-352fdf66236b/current/containerDir0/2/chunks does not exist.
2025-05-14 02:53:47,950 [EventQueue-PipelineActionsForPipelineActionHandler] INFO  pipeline.PipelineActionHandler (PipelineActionHandler.java:processPipelineAction(89)) - Received pipeline action CLOSE for PipelineID=022d5f31-dc68-4e3a-bbba-dc6000f9f072 from datanode e44b5a69-92f9-40f4-85c9-712e1c637b62(localhost/127.0.0.1). Reason : Chunks directory /home/runner/work/ozone/ozone/hadoop-ozone/integration-test/target/test-dir/MiniOzoneClusterImpl-af940217-b311-440f-8e09-352fdf66236b/ozone-meta/datanode-5/data-0/hdds/af940217-b311-440f-8e09-352fdf66236b/current/containerDir0/2/chunks does not exist.
2025-05-14 02:53:47,951 [EventQueue-PipelineActionsForPipelineActionHandler] INFO  pipeline.PipelineActionHandler (PipelineActionHandler.java:processPipelineAction(89)) - Received pipeline action CLOSE for PipelineID=022d5f31-dc68-4e3a-bbba-dc6000f9f072 from datanode c77e66e9-1cca-4fd3-bc5b-4ea2dbc3232f(localhost/127.0.0.1). Reason : Chunks directory /home/runner/work/ozone/ozone/hadoop-ozone/integration-test/target/test-dir/MiniOzoneClusterImpl-af940217-b311-440f-8e09-352fdf66236b/ozone-meta/datanode-6/data-0/hdds/af940217-b311-440f-8e09-352fdf66236b/current/containerDir0/2/chunks does not exist.
2025-05-14 02:53:48,149 [EventQueue-PipelineActionsForPipelineActionHandler] INFO  pipeline.PipelineActionHandler (PipelineActionHandler.java:processPipelineAction(89)) - Received pipeline action CLOSE for PipelineID=022d5f31-dc68-4e3a-bbba-dc6000f9f072 from datanode c77e66e9-1cca-4fd3-bc5b-4ea2dbc3232f(localhost/127.0.0.1). Reason : Chunks directory /home/runner/work/ozone/ozone/hadoop-ozone/integration-test/target/test-dir/MiniOzoneClusterImpl-af940217-b311-440f-8e09-352fdf66236b/ozone-meta/datanode-6/data-0/hdds/af940217-b311-440f-8e09-352fdf66236b/current/containerDir0/2/chunks does not exist.
2025-05-14 02:53:48,149 [EventQueue-PipelineActionsForPipelineActionHandler] INFO  pipeline.PipelineActionHandler (PipelineActionHandler.java:processPipelineAction(89)) - Received pipeline action CLOSE for PipelineID=022d5f31-dc68-4e3a-bbba-dc6000f9f072 from datanode e44b5a69-92f9-40f4-85c9-712e1c637b62(localhost/127.0.0.1). Reason : Chunks directory /home/runner/work/ozone/ozone/hadoop-ozone/integration-test/target/test-dir/MiniOzoneClusterImpl-af940217-b311-440f-8e09-352fdf66236b/ozone-meta/datanode-5/data-0/hdds/af940217-b311-440f-8e09-352fdf66236b/current/containerDir0/2/chunks does not exist.
2025-05-14 02:53:48,349 [EventQueue-PipelineActionsForPipelineActionHandler] INFO  pipeline.PipelineActionHandler (PipelineActionHandler.java:processPipelineAction(89)) - Received pipeline action CLOSE for PipelineID=022d5f31-dc68-4e3a-bbba-dc6000f9f072 from datanode c77e66e9-1cca-4fd3-bc5b-4ea2dbc3232f(localhost/127.0.0.1). Reason : Chunks directory /home/runner/work/ozone/ozone/hadoop-ozone/integration-test/target/test-dir/MiniOzoneClusterImpl-af940217-b311-440f-8e09-352fdf66236b/ozone-meta/datanode-6/data-0/hdds/af940217-b311-440f-8e09-352fdf66236b/current/containerDir0/2/chunks does not exist.
2025-05-14 02:53:48,350 [EventQueue-PipelineActionsForPipelineActionHandler] INFO  pipeline.PipelineActionHandler (PipelineActionHandler.java:processPipelineAction(89)) - Received pipeline action CLOSE for PipelineID=022d5f31-dc68-4e3a-bbba-dc6000f9f072 from datanode e44b5a69-92f9-40f4-85c9-712e1c637b62(localhost/127.0.0.1). Reason : Chunks directory /home/runner/work/ozone/ozone/hadoop-ozone/integration-test/target/test-dir/MiniOzoneClusterImpl-af940217-b311-440f-8e09-352fdf66236b/ozone-meta/datanode-5/data-0/hdds/af940217-b311-440f-8e09-352fdf66236b/current/containerDir0/2/chunks does not exist.
2025-05-14 02:53:48,497 [BackgroundPipelineScrubber] INFO  pipeline.PipelineManagerImpl (PipelineManagerImpl.java:scrubPipelines(601)) - Scrubbing pipeline: id: PipelineID=022d5f31-dc68-4e3a-bbba-dc6000f9f072 since it stays at CLOSED stage.
2025-05-14 02:53:48,499 [BackgroundPipelineScrubber] INFO  pipeline.RatisPipelineProvider (RatisPipelineProvider.java:lambda$close$4(273)) - Send pipeline:PipelineID=022d5f31-dc68-4e3a-bbba-dc6000f9f072 close command to datanode e44b5a69-92f9-40f4-85c9-712e1c637b62
2025-05-14 02:53:48,499 [BackgroundPipelineScrubber] INFO  pipeline.RatisPipelineProvider (RatisPipelineProvider.java:lambda$close$4(273)) - Send pipeline:PipelineID=022d5f31-dc68-4e3a-bbba-dc6000f9f072 close command to datanode d4e44fd7-0e23-4e4f-bc30-0c7965de497d
2025-05-14 02:53:48,499 [BackgroundPipelineScrubber] INFO  pipeline.RatisPipelineProvider (RatisPipelineProvider.java:lambda$close$4(273)) - Send pipeline:PipelineID=022d5f31-dc68-4e3a-bbba-dc6000f9f072 close command to datanode c77e66e9-1cca-4fd3-bc5b-4ea2dbc3232f
2025-05-14 02:53:48,500 [BackgroundPipelineScrubber] INFO  pipeline.PipelineManagerImpl (PipelineManagerImpl.java:removePipeline(462)) - Pipeline Pipeline{ Id: 022d5f31-dc68-4e3a-bbba-dc6000f9f072, Nodes: [ {e44b5a69-92f9-40f4-85c9-712e1c637b62(localhost/127.0.0.1), ReplicaIndex: 0}, {d4e44fd7-0e23-4e4f-bc30-0c7965de497d(localhost/127.0.0.1), ReplicaIndex: 0}, {c77e66e9-1cca-4fd3-bc5b-4ea2dbc3232f(localhost/127.0.0.1), ReplicaIndex: 0},], ReplicationConfig: RATIS/THREE, State:CLOSED, leaderId:d4e44fd7-0e23-4e4f-bc30-0c7965de497d, CreationTimestamp2025-05-14T02:53:36.713Z[Etc/UTC]} removed.
2025-05-14 02:53:48,529 [EventQueue-PipelineReportForPipelineReportHandler] INFO  pipeline.PipelineReportHandler (PipelineReportHandler.java:handlePipelineNotFoundException(98)) - Pipeline PipelineID=022d5f31-dc68-4e3a-bbba-dc6000f9f072, reported by datanode d4e44fd7-0e23-4e4f-bc30-0c7965de497d(localhost/127.0.0.1) is not found.
2025-05-14 02:53:48,550 [EventQueue-PipelineReportForPipelineReportHandler] INFO  pipeline.PipelineReportHandler (PipelineReportHandler.java:handlePipelineNotFoundException(98)) - Pipeline PipelineID=022d5f31-dc68-4e3a-bbba-dc6000f9f072, reported by datanode c77e66e9-1cca-4fd3-bc5b-4ea2dbc3232f(localhost/127.0.0.1) is not found.
2025-05-14 02:53:48,550 [EventQueue-PipelineReportForPipelineReportHandler] INFO  pipeline.PipelineReportHandler (PipelineReportHandler.java:handlePipelineNotFoundException(98)) - Pipeline PipelineID=022d5f31-dc68-4e3a-bbba-dc6000f9f072, reported by datanode e44b5a69-92f9-40f4-85c9-712e1c637b62(localhost/127.0.0.1) is not found.
2025-05-14 02:53:48,550 [EventQueue-PipelineActionsForPipelineActionHandler] INFO  pipeline.PipelineActionHandler (PipelineActionHandler.java:processPipelineAction(89)) - Received pipeline action CLOSE for PipelineID=022d5f31-dc68-4e3a-bbba-dc6000f9f072 from datanode c77e66e9-1cca-4fd3-bc5b-4ea2dbc3232f(localhost/127.0.0.1). Reason : Chunks directory /home/runner/work/ozone/ozone/hadoop-ozone/integration-test/target/test-dir/MiniOzoneClusterImpl-af940217-b311-440f-8e09-352fdf66236b/ozone-meta/datanode-6/data-0/hdds/af940217-b311-440f-8e09-352fdf66236b/current/containerDir0/2/chunks does not exist.
2025-05-14 02:53:48,550 [EventQueue-PipelineActionsForPipelineActionHandler] WARN  pipeline.PipelineActionHandler (PipelineActionHandler.java:closeUnknownPipeline(117)) - Pipeline action received for unknown Pipeline PipelineID=022d5f31-dc68-4e3a-bbba-dc6000f9f072, firing close pipeline event.
2025-05-14 02:53:48,550 [EventQueue-PipelineActionsForPipelineActionHandler] INFO  pipeline.PipelineActionHandler (PipelineActionHandler.java:processPipelineAction(89)) - Received pipeline action CLOSE for PipelineID=022d5f31-dc68-4e3a-bbba-dc6000f9f072 from datanode e44b5a69-92f9-40f4-85c9-712e1c637b62(localhost/127.0.0.1). Reason : Chunks directory /home/runner/work/ozone/ozone/hadoop-ozone/integration-test/target/test-dir/MiniOzoneClusterImpl-af940217-b311-440f-8e09-352fdf66236b/ozone-meta/datanode-5/data-0/hdds/af940217-b311-440f-8e09-352fdf66236b/current/containerDir0/2/chunks does not exist.
2025-05-14 02:53:48,550 [EventQueue-PipelineActionsForPipelineActionHandler] WARN  pipeline.PipelineActionHandler (PipelineActionHandler.java:closeUnknownPipeline(117)) - Pipeline action received for unknown Pipeline PipelineID=022d5f31-dc68-4e3a-bbba-dc6000f9f072, firing close pipeline event.
2025-05-14 02:53:48,750 [EventQueue-PipelineActionsForPipelineActionHandler] INFO  pipeline.PipelineActionHandler (PipelineActionHandler.java:processPipelineAction(89)) - Received pipeline action CLOSE for PipelineID=022d5f31-dc68-4e3a-bbba-dc6000f9f072 from datanode e44b5a69-92f9-40f4-85c9-712e1c637b62(localhost/127.0.0.1). Reason : Chunks directory /home/runner/work/ozone/ozone/hadoop-ozone/integration-test/target/test-dir/MiniOzoneClusterImpl-af940217-b311-440f-8e09-352fdf66236b/ozone-meta/datanode-5/data-0/hdds/af940217-b311-440f-8e09-352fdf66236b/current/containerDir0/2/chunks does not exist.
2025-05-14 02:53:48,750 [EventQueue-PipelineActionsForPipelineActionHandler] WARN  pipeline.PipelineActionHandler (PipelineActionHandler.java:closeUnknownPipeline(117)) - Pipeline action received for unknown Pipeline PipelineID=022d5f31-dc68-4e3a-bbba-dc6000f9f072, firing close pipeline event.
2025-05-14 02:53:48,750 [EventQueue-PipelineActionsForPipelineActionHandler] INFO  pipeline.PipelineActionHandler (PipelineActionHandler.java:processPipelineAction(89)) - Received pipeline action CLOSE for PipelineID=022d5f31-dc68-4e3a-bbba-dc6000f9f072 from datanode c77e66e9-1cca-4fd3-bc5b-4ea2dbc3232f(localhost/127.0.0.1). Reason : Chunks directory /home/runner/work/ozone/ozone/hadoop-ozone/integration-test/target/test-dir/MiniOzoneClusterImpl-af940217-b311-440f-8e09-352fdf66236b/ozone-meta/datanode-6/data-0/hdds/af940217-b311-440f-8e09-352fdf66236b/current/containerDir0/2/chunks does not exist.
2025-05-14 02:53:48,750 [EventQueue-PipelineActionsForPipelineActionHandler] WARN  pipeline.PipelineActionHandler (PipelineActionHandler.java:closeUnknownPipeline(117)) - Pipeline action received for unknown Pipeline PipelineID=022d5f31-dc68-4e3a-bbba-dc6000f9f072, firing close pipeline event.
2025-05-14 02:53:48,758 [grpc-default-executor-2] INFO  server.RaftServer (RaftServerProxy.java:remove(111)) - d4e44fd7-0e23-4e4f-bc30-0c7965de497d: remove    LEADER d4e44fd7-0e23-4e4f-bc30-0c7965de497d@group-DC6000F9F072:t1, leader=d4e44fd7-0e23-4e4f-bc30-0c7965de497d, voted=d4e44fd7-0e23-4e4f-bc30-0c7965de497d, raftlog=Memoized:d4e44fd7-0e23-4e4f-bc30-0c7965de497d@group-DC6000F9F072-SegmentedRaftLog:OPENED:c7:last(t:1, i:8), conf=conf: {index: 0, cur=peers:[d4e44fd7-0e23-4e4f-bc30-0c7965de497d|127.0.0.1:15039, e44b5a69-92f9-40f4-85c9-712e1c637b62|127.0.0.1:15047, c77e66e9-1cca-4fd3-bc5b-4ea2dbc3232f|127.0.0.1:15055]|listeners:[], old=null} RUNNING
2025-05-14 02:53:48,759 [grpc-default-executor-2] INFO  server.RaftServer$Division (RaftServerImpl.java:lambda$close$1(513)) - d4e44fd7-0e23-4e4f-bc30-0c7965de497d@group-DC6000F9F072: shutdown
2025-05-14 02:53:48,759 [grpc-default-executor-2] INFO  util.JmxRegister (JmxRegister.java:unregister(74)) - Successfully un-registered JMX Bean with object name Ratis:service=RaftServer,group=group-DC6000F9F072,id=d4e44fd7-0e23-4e4f-bc30-0c7965de497d
2025-05-14 02:53:48,759 [grpc-default-executor-2] INFO  impl.RoleInfo (RoleInfo.java:shutdownLeaderState(103)) - d4e44fd7-0e23-4e4f-bc30-0c7965de497d: shutdown d4e44fd7-0e23-4e4f-bc30-0c7965de497d@group-DC6000F9F072-LeaderStateImpl
2025-05-14 02:53:48,760 [grpc-default-executor-2] INFO  impl.PendingRequests (PendingRequests.java:sendNotLeaderResponses(287)) - d4e44fd7-0e23-4e4f-bc30-0c7965de497d@group-DC6000F9F072-PendingRequests: sendNotLeaderResponses
2025-05-14 02:53:48,760 [d4e44fd7-0e23-4e4f-bc30-0c7965de497d@group-DC6000F9F072->e44b5a69-92f9-40f4-85c9-712e1c637b62-GrpcLogAppender-LogAppenderDaemon] WARN  server.GrpcLogAppender (GrpcLogAppender.java:mayWait(293)) - d4e44fd7-0e23-4e4f-bc30-0c7965de497d@group-DC6000F9F072->e44b5a69-92f9-40f4-85c9-712e1c637b62-GrpcLogAppender: Wait interrupted by java.lang.InterruptedException
2025-05-14 02:53:48,760 [d4e44fd7-0e23-4e4f-bc30-0c7965de497d@group-DC6000F9F072->c77e66e9-1cca-4fd3-bc5b-4ea2dbc3232f-GrpcLogAppender-LogAppenderDaemon] WARN  server.GrpcLogAppender (GrpcLogAppender.java:mayWait(293)) - d4e44fd7-0e23-4e4f-bc30-0c7965de497d@group-DC6000F9F072->c77e66e9-1cca-4fd3-bc5b-4ea2dbc3232f-GrpcLogAppender: Wait interrupted by java.lang.InterruptedException
2025-05-14 02:53:48,760 [null-request--thread1] INFO  server.GrpcClientProtocolService (GrpcClientProtocolService.java:lambda$processClientRequest$0(284)) - Failed RaftClientRequest:client-C568BD7E65B9->d4e44fd7-0e23-4e4f-bc30-0c7965de497d@group-DC6000F9F072, cid=24, seq=null, Watch-ALL_COMMITTED(5), Message:<EMPTY>, reply=RaftClientReply:client-C568BD7E65B9->d4e44fd7-0e23-4e4f-bc30-0c7965de497d@group-DC6000F9F072, cid=24, FAILED org.apache.ratis.protocol.exceptions.NotLeaderException: Server d4e44fd7-0e23-4e4f-bc30-0c7965de497d@group-DC6000F9F072 is not the leader, logIndex=0, commits[d4e44fd7-0e23-4e4f-bc30-0c7965de497d:c7]
2025-05-14 02:53:48,763 [grpc-default-executor-2] INFO  impl.StateMachineUpdater (StateMachineUpdater.java:stopAndJoin(164)) - d4e44fd7-0e23-4e4f-bc30-0c7965de497d@group-DC6000F9F072-StateMachineUpdater: set stopIndex = 7
2025-05-14 02:53:48,763 [d4e44fd7-0e23-4e4f-bc30-0c7965de497d@group-DC6000F9F072-StateMachineUpdater] INFO  impl.StateMachineUpdater (StateMachineUpdater.java:stop(141)) - d4e44fd7-0e23-4e4f-bc30-0c7965de497d@group-DC6000F9F072-StateMachineUpdater: closing ContainerStateMachine, lastApplied=(t:1, i:7)
2025-05-14 02:53:48,763 [d4e44fd7-0e23-4e4f-bc30-0c7965de497d@group-DC6000F9F072-cacheEviction-AwaitToRun] INFO  util.AwaitToRun (AwaitToRun.java:run(49)) - d4e44fd7-0e23-4e4f-bc30-0c7965de497d@group-DC6000F9F072-cacheEviction-AwaitToRun-AwaitForSignal is interrupted
2025-05-14 02:53:48,922 [grpc-default-executor-2] INFO  segmented.SegmentedRaftLogWorker (SegmentedRaftLogWorker.java:close(252)) - d4e44fd7-0e23-4e4f-bc30-0c7965de497d@group-DC6000F9F072-SegmentedRaftLogWorker close()
2025-05-14 02:53:48,925 [grpc-default-executor-2] INFO  server.RaftServer$Division (RaftServerImpl.java:groupRemove(483)) - d4e44fd7-0e23-4e4f-bc30-0c7965de497d@group-DC6000F9F072: Succeed to remove RaftStorageDirectory Storage Directory /home/runner/work/ozone/ozone/hadoop-ozone/integration-test/target/test-dir/MiniOzoneClusterImpl-af940217-b311-440f-8e09-352fdf66236b/ozone-meta/datanode-4/ratis/022d5f31-dc68-4e3a-bbba-dc6000f9f072
2025-05-14 02:53:48,933 [grpc-default-executor-2] INFO  server.RaftServer (RaftServerProxy.java:remove(111)) - c77e66e9-1cca-4fd3-bc5b-4ea2dbc3232f: remove  FOLLOWER c77e66e9-1cca-4fd3-bc5b-4ea2dbc3232f@group-DC6000F9F072:t1, leader=d4e44fd7-0e23-4e4f-bc30-0c7965de497d, voted=d4e44fd7-0e23-4e4f-bc30-0c7965de497d, raftlog=Memoized:c77e66e9-1cca-4fd3-bc5b-4ea2dbc3232f@group-DC6000F9F072-SegmentedRaftLog:OPENED:c3:last(t:1, i:8), conf=conf: {index: 0, cur=peers:[d4e44fd7-0e23-4e4f-bc30-0c7965de497d|127.0.0.1:15039, e44b5a69-92f9-40f4-85c9-712e1c637b62|127.0.0.1:15047, c77e66e9-1cca-4fd3-bc5b-4ea2dbc3232f|127.0.0.1:15055]|listeners:[], old=null} RUNNING
2025-05-14 02:53:48,933 [grpc-default-executor-2] INFO  server.RaftServer$Division (RaftServerImpl.java:lambda$close$1(513)) - c77e66e9-1cca-4fd3-bc5b-4ea2dbc3232f@group-DC6000F9F072: shutdown
2025-05-14 02:53:48,933 [grpc-default-executor-2] INFO  util.JmxRegister (JmxRegister.java:unregister(74)) - Successfully un-registered JMX Bean with object name Ratis:service=RaftServer,group=group-DC6000F9F072,id=c77e66e9-1cca-4fd3-bc5b-4ea2dbc3232f
2025-05-14 02:53:48,933 [grpc-default-executor-2] INFO  impl.RoleInfo (RoleInfo.java:shutdownFollowerState(121)) - c77e66e9-1cca-4fd3-bc5b-4ea2dbc3232f: shutdown c77e66e9-1cca-4fd3-bc5b-4ea2dbc3232f@group-DC6000F9F072-FollowerState
2025-05-14 02:53:48,933 [grpc-default-executor-2] INFO  impl.StateMachineUpdater (StateMachineUpdater.java:stopAndJoin(164)) - c77e66e9-1cca-4fd3-bc5b-4ea2dbc3232f@group-DC6000F9F072-StateMachineUpdater: set stopIndex = 3
2025-05-14 02:53:48,933 [c77e66e9-1cca-4fd3-bc5b-4ea2dbc3232f@group-DC6000F9F072-FollowerState] INFO  impl.FollowerState (FollowerState.java:runImpl(170)) - c77e66e9-1cca-4fd3-bc5b-4ea2dbc3232f@group-DC6000F9F072-FollowerState was interrupted
2025-05-14 02:53:48,933 [c77e66e9-1cca-4fd3-bc5b-4ea2dbc3232f@group-DC6000F9F072-StateMachineUpdater] ERROR ratis.ContainerStateMachine (ContainerStateMachine.java:takeSnapshot(421)) - Failed to take snapshot  for group-DC6000F9F072 as the stateMachine is unhealthy. The last applied index is at (t:1, i:3)
2025-05-14 02:53:48,933 [c77e66e9-1cca-4fd3-bc5b-4ea2dbc3232f@group-DC6000F9F072-StateMachineUpdater] ERROR impl.StateMachineUpdater (StateMachineUpdater.java:takeSnapshot(298)) - c77e66e9-1cca-4fd3-bc5b-4ea2dbc3232f@group-DC6000F9F072-StateMachineUpdater: Failed to take snapshot
org.apache.ratis.protocol.exceptions.StateMachineException: Failed to take snapshot  for group-DC6000F9F072 as the stateMachine is unhealthy. The last applied index is at (t:1, i:3)
	at org.apache.hadoop.ozone.container.common.transport.server.ratis.ContainerStateMachine.takeSnapshot(ContainerStateMachine.java:420)
	at org.apache.ratis.server.impl.StateMachineUpdater.takeSnapshot(StateMachineUpdater.java:286)
	at org.apache.ratis.server.impl.StateMachineUpdater.checkAndTakeSnapshot(StateMachineUpdater.java:278)
	at org.apache.ratis.server.impl.StateMachineUpdater.run(StateMachineUpdater.java:194)
	at java.base/java.lang.Thread.run(Thread.java:1583)
2025-05-14 02:53:48,934 [c77e66e9-1cca-4fd3-bc5b-4ea2dbc3232f@group-DC6000F9F072-StateMachineUpdater] ERROR ratis.ContainerStateMachine (ContainerStateMachine.java:takeSnapshot(421)) - Failed to take snapshot  for group-DC6000F9F072 as the stateMachine is unhealthy. The last applied index is at (t:1, i:3)
2025-05-14 02:53:48,934 [c77e66e9-1cca-4fd3-bc5b-4ea2dbc3232f@group-DC6000F9F072-StateMachineUpdater] ERROR impl.StateMachineUpdater (StateMachineUpdater.java:takeSnapshot(298)) - c77e66e9-1cca-4fd3-bc5b-4ea2dbc3232f@group-DC6000F9F072-StateMachineUpdater: Failed to take snapshot
org.apache.ratis.protocol.exceptions.StateMachineException: Failed to take snapshot  for group-DC6000F9F072 as the stateMachine is unhealthy. The last applied index is at (t:1, i:3)
	at org.apache.hadoop.ozone.container.common.transport.server.ratis.ContainerStateMachine.takeSnapshot(ContainerStateMachine.java:420)
	at org.apache.ratis.server.impl.StateMachineUpdater.takeSnapshot(StateMachineUpdater.java:286)
	at org.apache.ratis.server.impl.StateMachineUpdater.checkAndTakeSnapshot(StateMachineUpdater.java:278)
	at org.apache.ratis.server.impl.StateMachineUpdater.run(StateMachineUpdater.java:197)
	at java.base/java.lang.Thread.run(Thread.java:1583)
2025-05-14 02:53:48,934 [c77e66e9-1cca-4fd3-bc5b-4ea2dbc3232f@group-DC6000F9F072-StateMachineUpdater] INFO  impl.StateMachineUpdater (StateMachineUpdater.java:stop(141)) - c77e66e9-1cca-4fd3-bc5b-4ea2dbc3232f@group-DC6000F9F072-StateMachineUpdater: closing ContainerStateMachine, lastApplied=(t:1, i:3)
2025-05-14 02:53:48,934 [c77e66e9-1cca-4fd3-bc5b-4ea2dbc3232f@group-DC6000F9F072-cacheEviction-AwaitToRun] INFO  util.AwaitToRun (AwaitToRun.java:run(49)) - c77e66e9-1cca-4fd3-bc5b-4ea2dbc3232f@group-DC6000F9F072-cacheEviction-AwaitToRun-AwaitForSignal is interrupted
2025-05-14 02:53:48,950 [EventQueue-PipelineReportForPipelineReportHandler] INFO  pipeline.PipelineReportHandler (PipelineReportHandler.java:handlePipelineNotFoundException(98)) - Pipeline PipelineID=022d5f31-dc68-4e3a-bbba-dc6000f9f072, reported by datanode e44b5a69-92f9-40f4-85c9-712e1c637b62(localhost/127.0.0.1) is not found.
2025-05-14 02:53:48,950 [EventQueue-PipelineReportForPipelineReportHandler] INFO  pipeline.PipelineReportHandler (PipelineReportHandler.java:handlePipelineNotFoundException(98)) - Pipeline PipelineID=022d5f31-dc68-4e3a-bbba-dc6000f9f072, reported by datanode c77e66e9-1cca-4fd3-bc5b-4ea2dbc3232f(localhost/127.0.0.1) is not found.
2025-05-14 02:53:48,950 [EventQueue-PipelineActionsForPipelineActionHandler] INFO  pipeline.PipelineActionHandler (PipelineActionHandler.java:processPipelineAction(89)) - Received pipeline action CLOSE for PipelineID=022d5f31-dc68-4e3a-bbba-dc6000f9f072 from datanode e44b5a69-92f9-40f4-85c9-712e1c637b62(localhost/127.0.0.1). Reason : Chunks directory /home/runner/work/ozone/ozone/hadoop-ozone/integration-test/target/test-dir/MiniOzoneClusterImpl-af940217-b311-440f-8e09-352fdf66236b/ozone-meta/datanode-5/data-0/hdds/af940217-b311-440f-8e09-352fdf66236b/current/containerDir0/2/chunks does not exist.
2025-05-14 02:53:48,950 [EventQueue-PipelineActionsForPipelineActionHandler] WARN  pipeline.PipelineActionHandler (PipelineActionHandler.java:closeUnknownPipeline(117)) - Pipeline action received for unknown Pipeline PipelineID=022d5f31-dc68-4e3a-bbba-dc6000f9f072, firing close pipeline event.
2025-05-14 02:53:49,150 [EventQueue-PipelineReportForPipelineReportHandler] INFO  pipeline.PipelineReportHandler (PipelineReportHandler.java:handlePipelineNotFoundException(98)) - Pipeline PipelineID=022d5f31-dc68-4e3a-bbba-dc6000f9f072, reported by datanode e44b5a69-92f9-40f4-85c9-712e1c637b62(localhost/127.0.0.1) is not found.
2025-05-14 02:53:49,150 [EventQueue-PipelineActionsForPipelineActionHandler] INFO  pipeline.PipelineActionHandler (PipelineActionHandler.java:processPipelineAction(89)) - Received pipeline action CLOSE for PipelineID=022d5f31-dc68-4e3a-bbba-dc6000f9f072 from datanode e44b5a69-92f9-40f4-85c9-712e1c637b62(localhost/127.0.0.1). Reason : Chunks directory /home/runner/work/ozone/ozone/hadoop-ozone/integration-test/target/test-dir/MiniOzoneClusterImpl-af940217-b311-440f-8e09-352fdf66236b/ozone-meta/datanode-5/data-0/hdds/af940217-b311-440f-8e09-352fdf66236b/current/containerDir0/2/chunks does not exist.
2025-05-14 02:53:49,150 [EventQueue-PipelineActionsForPipelineActionHandler] WARN  pipeline.PipelineActionHandler (PipelineActionHandler.java:closeUnknownPipeline(117)) - Pipeline action received for unknown Pipeline PipelineID=022d5f31-dc68-4e3a-bbba-dc6000f9f072, firing close pipeline event.
2025-05-14 02:53:49,350 [EventQueue-PipelineReportForPipelineReportHandler] INFO  pipeline.PipelineReportHandler (PipelineReportHandler.java:handlePipelineNotFoundException(98)) - Pipeline PipelineID=022d5f31-dc68-4e3a-bbba-dc6000f9f072, reported by datanode e44b5a69-92f9-40f4-85c9-712e1c637b62(localhost/127.0.0.1) is not found.
2025-05-14 02:53:49,350 [EventQueue-PipelineActionsForPipelineActionHandler] INFO  pipeline.PipelineActionHandler (PipelineActionHandler.java:processPipelineAction(89)) - Received pipeline action CLOSE for PipelineID=022d5f31-dc68-4e3a-bbba-dc6000f9f072 from datanode e44b5a69-92f9-40f4-85c9-712e1c637b62(localhost/127.0.0.1). Reason : Chunks directory /home/runner/work/ozone/ozone/hadoop-ozone/integration-test/target/test-dir/MiniOzoneClusterImpl-af940217-b311-440f-8e09-352fdf66236b/ozone-meta/datanode-5/data-0/hdds/af940217-b311-440f-8e09-352fdf66236b/current/containerDir0/2/chunks does not exist.
2025-05-14 02:53:49,350 [EventQueue-PipelineActionsForPipelineActionHandler] WARN  pipeline.PipelineActionHandler (PipelineActionHandler.java:closeUnknownPipeline(117)) - Pipeline action received for unknown Pipeline PipelineID=022d5f31-dc68-4e3a-bbba-dc6000f9f072, firing close pipeline event.
2025-05-14 02:53:49,550 [EventQueue-PipelineActionsForPipelineActionHandler] INFO  pipeline.PipelineActionHandler (PipelineActionHandler.java:processPipelineAction(89)) - Received pipeline action CLOSE for PipelineID=022d5f31-dc68-4e3a-bbba-dc6000f9f072 from datanode e44b5a69-92f9-40f4-85c9-712e1c637b62(localhost/127.0.0.1). Reason : Chunks directory /home/runner/work/ozone/ozone/hadoop-ozone/integration-test/target/test-dir/MiniOzoneClusterImpl-af940217-b311-440f-8e09-352fdf66236b/ozone-meta/datanode-5/data-0/hdds/af940217-b311-440f-8e09-352fdf66236b/current/containerDir0/2/chunks does not exist.
2025-05-14 02:53:49,550 [EventQueue-PipelineActionsForPipelineActionHandler] WARN  pipeline.PipelineActionHandler (PipelineActionHandler.java:closeUnknownPipeline(117)) - Pipeline action received for unknown Pipeline PipelineID=022d5f31-dc68-4e3a-bbba-dc6000f9f072, firing close pipeline event.
2025-05-14 02:53:49,749 [EventQueue-PipelineActionsForPipelineActionHandler] INFO  pipeline.PipelineActionHandler (PipelineActionHandler.java:processPipelineAction(89)) - Received pipeline action CLOSE for PipelineID=022d5f31-dc68-4e3a-bbba-dc6000f9f072 from datanode e44b5a69-92f9-40f4-85c9-712e1c637b62(localhost/127.0.0.1). Reason : Chunks directory /home/runner/work/ozone/ozone/hadoop-ozone/integration-test/target/test-dir/MiniOzoneClusterImpl-af940217-b311-440f-8e09-352fdf66236b/ozone-meta/datanode-5/data-0/hdds/af940217-b311-440f-8e09-352fdf66236b/current/containerDir0/2/chunks does not exist.
2025-05-14 02:53:49,750 [EventQueue-PipelineActionsForPipelineActionHandler] WARN  pipeline.PipelineActionHandler (PipelineActionHandler.java:closeUnknownPipeline(117)) - Pipeline action received for unknown Pipeline PipelineID=022d5f31-dc68-4e3a-bbba-dc6000f9f072, firing close pipeline event.
2025-05-14 02:53:49,749 [EventQueue-PipelineReportForPipelineReportHandler] INFO  pipeline.PipelineReportHandler (PipelineReportHandler.java:handlePipelineNotFoundException(98)) - Pipeline PipelineID=022d5f31-dc68-4e3a-bbba-dc6000f9f072, reported by datanode e44b5a69-92f9-40f4-85c9-712e1c637b62(localhost/127.0.0.1) is not found.
2025-05-14 02:53:49,925 [grpc-default-executor-2] INFO  segmented.SegmentedRaftLogWorker (SegmentedRaftLogWorker.java:close(252)) - c77e66e9-1cca-4fd3-bc5b-4ea2dbc3232f@group-DC6000F9F072-SegmentedRaftLogWorker close()
2025-05-14 02:53:49,926 [grpc-default-executor-2] INFO  server.RaftServer$Division (RaftServerImpl.java:groupRemove(483)) - c77e66e9-1cca-4fd3-bc5b-4ea2dbc3232f@group-DC6000F9F072: Succeed to remove RaftStorageDirectory Storage Directory /home/runner/work/ozone/ozone/hadoop-ozone/integration-test/target/test-dir/MiniOzoneClusterImpl-af940217-b311-440f-8e09-352fdf66236b/ozone-meta/datanode-6/ratis/022d5f31-dc68-4e3a-bbba-dc6000f9f072
2025-05-14 02:53:49,928 [e44b5a69-92f9-40f4-85c9-712e1c637b62-PipelineCommandHandlerThread-0] INFO  server.RaftServer (RaftServerProxy.java:remove(111)) - e44b5a69-92f9-40f4-85c9-712e1c637b62: remove  FOLLOWER e44b5a69-92f9-40f4-85c9-712e1c637b62@group-DC6000F9F072:t1, leader=d4e44fd7-0e23-4e4f-bc30-0c7965de497d, voted=d4e44fd7-0e23-4e4f-bc30-0c7965de497d, raftlog=Memoized:e44b5a69-92f9-40f4-85c9-712e1c637b62@group-DC6000F9F072-SegmentedRaftLog:OPENED:c3:last(t:1, i:8), conf=conf: {index: 0, cur=peers:[d4e44fd7-0e23-4e4f-bc30-0c7965de497d|127.0.0.1:15039, e44b5a69-92f9-40f4-85c9-712e1c637b62|127.0.0.1:15047, c77e66e9-1cca-4fd3-bc5b-4ea2dbc3232f|127.0.0.1:15055]|listeners:[], old=null} RUNNING
2025-05-14 02:53:49,928 [e44b5a69-92f9-40f4-85c9-712e1c637b62-PipelineCommandHandlerThread-0] INFO  server.RaftServer$Division (RaftServerImpl.java:lambda$close$1(513)) - e44b5a69-92f9-40f4-85c9-712e1c637b62@group-DC6000F9F072: shutdown
2025-05-14 02:53:49,928 [e44b5a69-92f9-40f4-85c9-712e1c637b62-PipelineCommandHandlerThread-0] INFO  util.JmxRegister (JmxRegister.java:unregister(74)) - Successfully un-registered JMX Bean with object name Ratis:service=RaftServer,group=group-DC6000F9F072,id=e44b5a69-92f9-40f4-85c9-712e1c637b62
2025-05-14 02:53:49,929 [e44b5a69-92f9-40f4-85c9-712e1c637b62-PipelineCommandHandlerThread-0] INFO  impl.RoleInfo (RoleInfo.java:shutdownFollowerState(121)) - e44b5a69-92f9-40f4-85c9-712e1c637b62: shutdown e44b5a69-92f9-40f4-85c9-712e1c637b62@group-DC6000F9F072-FollowerState
2025-05-14 02:53:49,929 [e44b5a69-92f9-40f4-85c9-712e1c637b62-PipelineCommandHandlerThread-0] INFO  impl.StateMachineUpdater (StateMachineUpdater.java:stopAndJoin(164)) - e44b5a69-92f9-40f4-85c9-712e1c637b62@group-DC6000F9F072-StateMachineUpdater: set stopIndex = 3
2025-05-14 02:53:49,929 [e44b5a69-92f9-40f4-85c9-712e1c637b62@group-DC6000F9F072-StateMachineUpdater] ERROR ratis.ContainerStateMachine (ContainerStateMachine.java:takeSnapshot(421)) - Failed to take snapshot  for group-DC6000F9F072 as the stateMachine is unhealthy. The last applied index is at (t:1, i:3)
2025-05-14 02:53:49,929 [e44b5a69-92f9-40f4-85c9-712e1c637b62@group-DC6000F9F072-FollowerState] INFO  impl.FollowerState (FollowerState.java:runImpl(170)) - e44b5a69-92f9-40f4-85c9-712e1c637b62@group-DC6000F9F072-FollowerState was interrupted
2025-05-14 02:53:49,929 [e44b5a69-92f9-40f4-85c9-712e1c637b62@group-DC6000F9F072-StateMachineUpdater] ERROR impl.StateMachineUpdater (StateMachineUpdater.java:takeSnapshot(298)) - e44b5a69-92f9-40f4-85c9-712e1c637b62@group-DC6000F9F072-StateMachineUpdater: Failed to take snapshot
org.apache.ratis.protocol.exceptions.StateMachineException: Failed to take snapshot  for group-DC6000F9F072 as the stateMachine is unhealthy. The last applied index is at (t:1, i:3)
	at org.apache.hadoop.ozone.container.common.transport.server.ratis.ContainerStateMachine.takeSnapshot(ContainerStateMachine.java:420)
	at org.apache.ratis.server.impl.StateMachineUpdater.takeSnapshot(StateMachineUpdater.java:286)
	at org.apache.ratis.server.impl.StateMachineUpdater.checkAndTakeSnapshot(StateMachineUpdater.java:278)
	at org.apache.ratis.server.impl.StateMachineUpdater.run(StateMachineUpdater.java:194)
	at java.base/java.lang.Thread.run(Thread.java:1583)
2025-05-14 02:53:49,929 [e44b5a69-92f9-40f4-85c9-712e1c637b62@group-DC6000F9F072-StateMachineUpdater] ERROR ratis.ContainerStateMachine (ContainerStateMachine.java:takeSnapshot(421)) - Failed to take snapshot  for group-DC6000F9F072 as the stateMachine is unhealthy. The last applied index is at (t:1, i:3)
2025-05-14 02:53:49,929 [e44b5a69-92f9-40f4-85c9-712e1c637b62@group-DC6000F9F072-StateMachineUpdater] ERROR impl.StateMachineUpdater (StateMachineUpdater.java:takeSnapshot(298)) - e44b5a69-92f9-40f4-85c9-712e1c637b62@group-DC6000F9F072-StateMachineUpdater: Failed to take snapshot
org.apache.ratis.protocol.exceptions.StateMachineException: Failed to take snapshot  for group-DC6000F9F072 as the stateMachine is unhealthy. The last applied index is at (t:1, i:3)
	at org.apache.hadoop.ozone.container.common.transport.server.ratis.ContainerStateMachine.takeSnapshot(ContainerStateMachine.java:420)
	at org.apache.ratis.server.impl.StateMachineUpdater.takeSnapshot(StateMachineUpdater.java:286)
	at org.apache.ratis.server.impl.StateMachineUpdater.checkAndTakeSnapshot(StateMachineUpdater.java:278)
	at org.apache.ratis.server.impl.StateMachineUpdater.run(StateMachineUpdater.java:197)
	at java.base/java.lang.Thread.run(Thread.java:1583)
2025-05-14 02:53:49,929 [e44b5a69-92f9-40f4-85c9-712e1c637b62@group-DC6000F9F072-StateMachineUpdater] INFO  impl.StateMachineUpdater (StateMachineUpdater.java:stop(141)) - e44b5a69-92f9-40f4-85c9-712e1c637b62@group-DC6000F9F072-StateMachineUpdater: closing ContainerStateMachine, lastApplied=(t:1, i:3)
2025-05-14 02:53:49,930 [e44b5a69-92f9-40f4-85c9-712e1c637b62@group-DC6000F9F072-cacheEviction-AwaitToRun] INFO  util.AwaitToRun (AwaitToRun.java:run(49)) - e44b5a69-92f9-40f4-85c9-712e1c637b62@group-DC6000F9F072-cacheEviction-AwaitToRun-AwaitForSignal is interrupted
2025-05-14 02:53:49,950 [EventQueue-PipelineReportForPipelineReportHandler] INFO  pipeline.PipelineReportHandler (PipelineReportHandler.java:handlePipelineNotFoundException(98)) - Pipeline PipelineID=022d5f31-dc68-4e3a-bbba-dc6000f9f072, reported by datanode e44b5a69-92f9-40f4-85c9-712e1c637b62(localhost/127.0.0.1) is not found.
2025-05-14 02:53:50,927 [e44b5a69-92f9-40f4-85c9-712e1c637b62-PipelineCommandHandlerThread-0] INFO  segmented.SegmentedRaftLogWorker (SegmentedRaftLogWorker.java:close(252)) - e44b5a69-92f9-40f4-85c9-712e1c637b62@group-DC6000F9F072-SegmentedRaftLogWorker close()
2025-05-14 02:53:50,928 [e44b5a69-92f9-40f4-85c9-712e1c637b62-PipelineCommandHandlerThread-0] INFO  server.RaftServer$Division (RaftServerImpl.java:groupRemove(483)) - e44b5a69-92f9-40f4-85c9-712e1c637b62@group-DC6000F9F072: Succeed to remove RaftStorageDirectory Storage Directory /home/runner/work/ozone/ozone/hadoop-ozone/integration-test/target/test-dir/MiniOzoneClusterImpl-af940217-b311-440f-8e09-352fdf66236b/ozone-meta/datanode-5/ratis/022d5f31-dc68-4e3a-bbba-dc6000f9f072
2025-05-14 02:53:50,928 [e44b5a69-92f9-40f4-85c9-712e1c637b62-PipelineCommandHandlerThread-0] INFO  commandhandler.ClosePipelineCommandHandler (ClosePipelineCommandHandler.java:lambda$handle$2(142)) - Close Pipeline PipelineID=022d5f31-dc68-4e3a-bbba-dc6000f9f072 command on datanode e44b5a69-92f9-40f4-85c9-712e1c637b62(localhost/127.0.0.1).
2025-05-14 02:53:54,514 [ForkJoinPool.commonPool-worker-2] WARN  scm.XceiverClientRatis (XceiverClientRatis.java:lambda$watchForCommit$6(313)) - ALL_COMMITTED way commit failed on pipeline Pipeline{ Id: 022d5f31-dc68-4e3a-bbba-dc6000f9f072, Nodes: [ {e44b5a69-92f9-40f4-85c9-712e1c637b62(localhost/127.0.0.1), ReplicaIndex: 0}, {d4e44fd7-0e23-4e4f-bc30-0c7965de497d(localhost/127.0.0.1), ReplicaIndex: 0}, {c77e66e9-1cca-4fd3-bc5b-4ea2dbc3232f(localhost/127.0.0.1), ReplicaIndex: 0},], ReplicationConfig: RATIS/THREE, State:OPEN, leaderId:d4e44fd7-0e23-4e4f-bc30-0c7965de497d, CreationTimestamp2025-05-14T02:53:36.713Z[Etc/UTC]}
java.util.concurrent.CompletionException: org.apache.ratis.protocol.exceptions.RaftRetryFailureException: Failed RaftClientRequest:client-C568BD7E65B9->e44b5a69-92f9-40f4-85c9-712e1c637b62@group-DC6000F9F072, cid=24, seq=null, Watch-ALL_COMMITTED(5), null for 2 attempts with RequestTypeDependentRetryPolicy{WRITE->ExceptionDependentRetry(maxAttempts=2147483647; defaultPolicy=MultipleLinearRandomRetry[5x5s, 5x10s, 5x15s, 5x20s, 5x25s, 10x60s]; map={org.apache.ratis.protocol.exceptions.GroupMismatchException->NoRetry, org.apache.ratis.protocol.exceptions.NotReplicatedException->NoRetry, org.apache.ratis.protocol.exceptions.ResourceUnavailableException->org.apache.ratis.retry.ExponentialBackoffRetry@5c8c259e, org.apache.ratis.protocol.exceptions.StateMachineException->NoRetry, org.apache.ratis.protocol.exceptions.TimeoutIOException->org.apache.ratis.retry.ExponentialBackoffRetry@5c8c259e}), WATCH->ExceptionDependentRetry(maxAttempts=2147483647; defaultPolicy=MultipleLinearRandomRetry[5x5s, 5x10s, 5x15s, 5x20s, 5x25s, 10x60s]; map={org.apache.ratis.protocol.exceptions.GroupMismatchException->NoRetry, org.apache.ratis.protocol.exceptions.NotReplicatedException->NoRetry, org.apache.ratis.protocol.exceptions.ResourceUnavailableException->org.apache.ratis.retry.ExponentialBackoffRetry@5c8c259e, org.apache.ratis.protocol.exceptions.StateMachineException->NoRetry, org.apache.ratis.protocol.exceptions.TimeoutIOException->NoRetry})}
	at java.base/java.util.concurrent.CompletableFuture.encodeThrowable(CompletableFuture.java:332)
	at java.base/java.util.concurrent.CompletableFuture.completeThrowable(CompletableFuture.java:347)
	at java.base/java.util.concurrent.CompletableFuture$UniApply.tryFire(CompletableFuture.java:636)
	at java.base/java.util.concurrent.CompletableFuture.postComplete(CompletableFuture.java:510)
	at java.base/java.util.concurrent.CompletableFuture.completeExceptionally(CompletableFuture.java:2194)
	at org.apache.ratis.client.impl.UnorderedAsync.lambda$sendRequestWithRetry$4(UnorderedAsync.java:102)
	at java.base/java.util.concurrent.CompletableFuture.uniWhenComplete(CompletableFuture.java:863)
	at java.base/java.util.concurrent.CompletableFuture$UniWhenComplete.tryFire(CompletableFuture.java:841)
	at java.base/java.util.concurrent.CompletableFuture$Completion.exec(CompletableFuture.java:483)
	at java.base/java.util.concurrent.ForkJoinTask.doExec(ForkJoinTask.java:387)
	at java.base/java.util.concurrent.ForkJoinPool$WorkQueue.topLevelExec(ForkJoinPool.java:1312)
	at java.base/java.util.concurrent.ForkJoinPool.scan(ForkJoinPool.java:1843)
	at java.base/java.util.concurrent.ForkJoinPool.runWorker(ForkJoinPool.java:1808)
	at java.base/java.util.concurrent.ForkJoinWorkerThread.run(ForkJoinWorkerThread.java:188)
Caused by: org.apache.ratis.protocol.exceptions.RaftRetryFailureException: Failed RaftClientRequest:client-C568BD7E65B9->e44b5a69-92f9-40f4-85c9-712e1c637b62@group-DC6000F9F072, cid=24, seq=null, Watch-ALL_COMMITTED(5), null for 2 attempts with RequestTypeDependentRetryPolicy{WRITE->ExceptionDependentRetry(maxAttempts=2147483647; defaultPolicy=MultipleLinearRandomRetry[5x5s, 5x10s, 5x15s, 5x20s, 5x25s, 10x60s]; map={org.apache.ratis.protocol.exceptions.GroupMismatchException->NoRetry, org.apache.ratis.protocol.exceptions.NotReplicatedException->NoRetry, org.apache.ratis.protocol.exceptions.ResourceUnavailableException->org.apache.ratis.retry.ExponentialBackoffRetry@5c8c259e, org.apache.ratis.protocol.exceptions.StateMachineException->NoRetry, org.apache.ratis.protocol.exceptions.TimeoutIOException->org.apache.ratis.retry.ExponentialBackoffRetry@5c8c259e}), WATCH->ExceptionDependentRetry(maxAttempts=2147483647; defaultPolicy=MultipleLinearRandomRetry[5x5s, 5x10s, 5x15s, 5x20s, 5x25s, 10x60s]; map={org.apache.ratis.protocol.exceptions.GroupMismatchException->NoRetry, org.apache.ratis.protocol.exceptions.NotReplicatedException->NoRetry, org.apache.ratis.protocol.exceptions.ResourceUnavailableException->org.apache.ratis.retry.ExponentialBackoffRetry@5c8c259e, org.apache.ratis.protocol.exceptions.StateMachineException->NoRetry, org.apache.ratis.protocol.exceptions.TimeoutIOException->NoRetry})}
	at org.apache.ratis.client.impl.RaftClientImpl.noMoreRetries(RaftClientImpl.java:352)
	... 9 more
Caused by: org.apache.ratis.protocol.exceptions.GroupMismatchException: e44b5a69-92f9-40f4-85c9-712e1c637b62: group-DC6000F9F072 not found.
	at org.apache.ratis.server.impl.RaftServerProxy$ImplMap.get(RaftServerProxy.java:155)
	at org.apache.ratis.server.impl.RaftServerProxy.getImplFuture(RaftServerProxy.java:365)
	at org.apache.ratis.server.impl.RaftServerProxy.submitClientRequestAsync(RaftServerProxy.java:449)
	at org.apache.ratis.grpc.server.GrpcClientProtocolService$RequestStreamObserver.processClientRequest(GrpcClientProtocolService.java:226)
	at org.apache.ratis.grpc.server.GrpcClientProtocolService$UnorderedRequestStreamObserver.processClientRequest(GrpcClientProtocolService.java:282)
	at org.apache.ratis.grpc.server.GrpcClientProtocolService$RequestStreamObserver.onNext(GrpcClientProtocolService.java:246)
	at org.apache.ratis.grpc.server.GrpcClientProtocolService$RequestStreamObserver.onNext(GrpcClientProtocolService.java:169)
	at org.apache.ratis.thirdparty.io.grpc.stub.ServerCalls$StreamingServerCallHandler$StreamingServerCallListener.onMessage(ServerCalls.java:262)
	at org.apache.ratis.thirdparty.io.grpc.internal.ServerCallImpl$ServerStreamListenerImpl.messagesAvailableInternal(ServerCallImpl.java:329)
	at org.apache.ratis.thirdparty.io.grpc.internal.ServerCallImpl$ServerStreamListenerImpl.messagesAvailable(ServerCallImpl.java:314)
	at org.apache.ratis.thirdparty.io.grpc.internal.ServerImpl$JumpToApplicationThreadServerStreamListener$1MessagesAvailable.runInContext(ServerImpl.java:833)
	at org.apache.ratis.thirdparty.io.grpc.internal.ContextRunnable.run(ContextRunnable.java:37)
	at org.apache.ratis.thirdparty.io.grpc.internal.SerializingExecutor.run(SerializingExecutor.java:133)
	at java.base/java.util.concurrent.ThreadPoolExecutor.runWorker(ThreadPoolExecutor.java:1144)
	at java.base/java.util.concurrent.ThreadPoolExecutor$Worker.run(ThreadPoolExecutor.java:642)
	at java.base/java.lang.Thread.run(Thread.java:1583)
2025-05-14 02:53:54,514 [main] ERROR storage.BlockOutputStream (BlockOutputStream.java:handleFlush(689)) - Failed to flush. error: Unexpected Storage Container Exception: java.util.concurrent.CompletionException: org.apache.ratis.protocol.exceptions.RaftRetryFailureException: Failed RaftClientRequest:client-C568BD7E65B9->e44b5a69-92f9-40f4-85c9-712e1c637b62@group-DC6000F9F072, cid=24, seq=null, Watch-ALL_COMMITTED(5), null for 2 attempts with RequestTypeDependentRetryPolicy{WRITE->ExceptionDependentRetry(maxAttempts=2147483647; defaultPolicy=MultipleLinearRandomRetry[5x5s, 5x10s, 5x15s, 5x20s, 5x25s, 10x60s]; map={org.apache.ratis.protocol.exceptions.GroupMismatchException->NoRetry, org.apache.ratis.protocol.exceptions.NotReplicatedException->NoRetry, org.apache.ratis.protocol.exceptions.ResourceUnavailableException->org.apache.ratis.retry.ExponentialBackoffRetry@5c8c259e, org.apache.ratis.protocol.exceptions.StateMachineException->NoRetry, org.apache.ratis.protocol.exceptions.TimeoutIOException->org.apache.ratis.retry.ExponentialBackoffRetry@5c8c259e}), WATCH->ExceptionDependentRetry(maxAttempts=2147483647; defaultPolicy=MultipleLinearRandomRetry[5x5s, 5x10s, 5x15s, 5x20s, 5x25s, 10x60s]; map={org.apache.ratis.protocol.exceptions.GroupMismatchException->NoRetry, org.apache.ratis.protocol.exceptions.NotReplicatedException->NoRetry, org.apache.ratis.protocol.exceptions.ResourceUnavailableException->org.apache.ratis.retry.ExponentialBackoffRetry@5c8c259e, org.apache.ratis.protocol.exceptions.StateMachineException->NoRetry, org.apache.ratis.protocol.exceptions.TimeoutIOException->NoRetry})}
java.io.IOException: Unexpected Storage Container Exception: java.util.concurrent.CompletionException: org.apache.ratis.protocol.exceptions.RaftRetryFailureException: Failed RaftClientRequest:client-C568BD7E65B9->e44b5a69-92f9-40f4-85c9-712e1c637b62@group-DC6000F9F072, cid=24, seq=null, Watch-ALL_COMMITTED(5), null for 2 attempts with RequestTypeDependentRetryPolicy{WRITE->ExceptionDependentRetry(maxAttempts=2147483647; defaultPolicy=MultipleLinearRandomRetry[5x5s, 5x10s, 5x15s, 5x20s, 5x25s, 10x60s]; map={org.apache.ratis.protocol.exceptions.GroupMismatchException->NoRetry, org.apache.ratis.protocol.exceptions.NotReplicatedException->NoRetry, org.apache.ratis.protocol.exceptions.ResourceUnavailableException->org.apache.ratis.retry.ExponentialBackoffRetry@5c8c259e, org.apache.ratis.protocol.exceptions.StateMachineException->NoRetry, org.apache.ratis.protocol.exceptions.TimeoutIOException->org.apache.ratis.retry.ExponentialBackoffRetry@5c8c259e}), WATCH->ExceptionDependentRetry(maxAttempts=2147483647; defaultPolicy=MultipleLinearRandomRetry[5x5s, 5x10s, 5x15s, 5x20s, 5x25s, 10x60s]; map={org.apache.ratis.protocol.exceptions.GroupMismatchException->NoRetry, org.apache.ratis.protocol.exceptions.NotReplicatedException->NoRetry, org.apache.ratis.protocol.exceptions.ResourceUnavailableException->org.apache.ratis.retry.ExponentialBackoffRetry@5c8c259e, org.apache.ratis.protocol.exceptions.StateMachineException->NoRetry, org.apache.ratis.protocol.exceptions.TimeoutIOException->NoRetry})}
	at org.apache.hadoop.hdds.scm.storage.BlockOutputStream.setIoException(BlockOutputStream.java:825)
	at org.apache.hadoop.hdds.scm.storage.BlockOutputStream.lambda$watchForCommit$3(BlockOutputStream.java:540)
	at java.base/java.util.concurrent.CompletableFuture.uniExceptionally(CompletableFuture.java:990)
	at java.base/java.util.concurrent.CompletableFuture$UniExceptionally.tryFire(CompletableFuture.java:974)
	at java.base/java.util.concurrent.CompletableFuture.postComplete(CompletableFuture.java:510)
	at java.base/java.util.concurrent.CompletableFuture.completeExceptionally(CompletableFuture.java:2194)
	at org.apache.hadoop.hdds.scm.XceiverClientRatis.lambda$watchForCommit$6(XceiverClientRatis.java:329)
	at java.base/java.util.concurrent.CompletableFuture.uniExceptionally(CompletableFuture.java:990)
	at java.base/java.util.concurrent.CompletableFuture$UniExceptionally.tryFire(CompletableFuture.java:974)
	at java.base/java.util.concurrent.CompletableFuture.postComplete(CompletableFuture.java:510)
	at java.base/java.util.concurrent.CompletableFuture.completeExceptionally(CompletableFuture.java:2194)
	at org.apache.ratis.client.impl.UnorderedAsync.lambda$sendRequestWithRetry$4(UnorderedAsync.java:102)
	at java.base/java.util.concurrent.CompletableFuture.uniWhenComplete(CompletableFuture.java:863)
	at java.base/java.util.concurrent.CompletableFuture$UniWhenComplete.tryFire(CompletableFuture.java:841)
	at java.base/java.util.concurrent.CompletableFuture$Completion.exec(CompletableFuture.java:483)
	at java.base/java.util.concurrent.ForkJoinTask.doExec(ForkJoinTask.java:387)
	at java.base/java.util.concurrent.ForkJoinPool$WorkQueue.topLevelExec(ForkJoinPool.java:1312)
	at java.base/java.util.concurrent.ForkJoinPool.scan(ForkJoinPool.java:1843)
	at java.base/java.util.concurrent.ForkJoinPool.runWorker(ForkJoinPool.java:1808)
	at java.base/java.util.concurrent.ForkJoinWorkerThread.run(ForkJoinWorkerThread.java:188)
Caused by: java.util.concurrent.CompletionException: org.apache.ratis.protocol.exceptions.RaftRetryFailureException: Failed RaftClientRequest:client-C568BD7E65B9->e44b5a69-92f9-40f4-85c9-712e1c637b62@group-DC6000F9F072, cid=24, seq=null, Watch-ALL_COMMITTED(5), null for 2 attempts with RequestTypeDependentRetryPolicy{WRITE->ExceptionDependentRetry(maxAttempts=2147483647; defaultPolicy=MultipleLinearRandomRetry[5x5s, 5x10s, 5x15s, 5x20s, 5x25s, 10x60s]; map={org.apache.ratis.protocol.exceptions.GroupMismatchException->NoRetry, org.apache.ratis.protocol.exceptions.NotReplicatedException->NoRetry, org.apache.ratis.protocol.exceptions.ResourceUnavailableException->org.apache.ratis.retry.ExponentialBackoffRetry@5c8c259e, org.apache.ratis.protocol.exceptions.StateMachineException->NoRetry, org.apache.ratis.protocol.exceptions.TimeoutIOException->org.apache.ratis.retry.ExponentialBackoffRetry@5c8c259e}), WATCH->ExceptionDependentRetry(maxAttempts=2147483647; defaultPolicy=MultipleLinearRandomRetry[5x5s, 5x10s, 5x15s, 5x20s, 5x25s, 10x60s]; map={org.apache.ratis.protocol.exceptions.GroupMismatchException->NoRetry, org.apache.ratis.protocol.exceptions.NotReplicatedException->NoRetry, org.apache.ratis.protocol.exceptions.ResourceUnavailableException->org.apache.ratis.retry.ExponentialBackoffRetry@5c8c259e, org.apache.ratis.protocol.exceptions.StateMachineException->NoRetry, org.apache.ratis.protocol.exceptions.TimeoutIOException->NoRetry})}
	at java.base/java.util.concurrent.CompletableFuture.encodeThrowable(CompletableFuture.java:332)
	at java.base/java.util.concurrent.CompletableFuture.completeThrowable(CompletableFuture.java:347)
	at java.base/java.util.concurrent.CompletableFuture$UniApply.tryFire(CompletableFuture.java:636)
	... 11 more
Caused by: org.apache.ratis.protocol.exceptions.RaftRetryFailureException: Failed RaftClientRequest:client-C568BD7E65B9->e44b5a69-92f9-40f4-85c9-712e1c637b62@group-DC6000F9F072, cid=24, seq=null, Watch-ALL_COMMITTED(5), null for 2 attempts with RequestTypeDependentRetryPolicy{WRITE->ExceptionDependentRetry(maxAttempts=2147483647; defaultPolicy=MultipleLinearRandomRetry[5x5s, 5x10s, 5x15s, 5x20s, 5x25s, 10x60s]; map={org.apache.ratis.protocol.exceptions.GroupMismatchException->NoRetry, org.apache.ratis.protocol.exceptions.NotReplicatedException->NoRetry, org.apache.ratis.protocol.exceptions.ResourceUnavailableException->org.apache.ratis.retry.ExponentialBackoffRetry@5c8c259e, org.apache.ratis.protocol.exceptions.StateMachineException->NoRetry, org.apache.ratis.protocol.exceptions.TimeoutIOException->org.apache.ratis.retry.ExponentialBackoffRetry@5c8c259e}), WATCH->ExceptionDependentRetry(maxAttempts=2147483647; defaultPolicy=MultipleLinearRandomRetry[5x5s, 5x10s, 5x15s, 5x20s, 5x25s, 10x60s]; map={org.apache.ratis.protocol.exceptions.GroupMismatchException->NoRetry, org.apache.ratis.protocol.exceptions.NotReplicatedException->NoRetry, org.apache.ratis.protocol.exceptions.ResourceUnavailableException->org.apache.ratis.retry.ExponentialBackoffRetry@5c8c259e, org.apache.ratis.protocol.exceptions.StateMachineException->NoRetry, org.apache.ratis.protocol.exceptions.TimeoutIOException->NoRetry})}
	at org.apache.ratis.client.impl.RaftClientImpl.noMoreRetries(RaftClientImpl.java:352)
	... 9 more
Caused by: org.apache.ratis.protocol.exceptions.GroupMismatchException: e44b5a69-92f9-40f4-85c9-712e1c637b62: group-DC6000F9F072 not found.
	at org.apache.ratis.server.impl.RaftServerProxy$ImplMap.get(RaftServerProxy.java:155)
	at org.apache.ratis.server.impl.RaftServerProxy.getImplFuture(RaftServerProxy.java:365)
	at org.apache.ratis.server.impl.RaftServerProxy.submitClientRequestAsync(RaftServerProxy.java:449)
	at org.apache.ratis.grpc.server.GrpcClientProtocolService$RequestStreamObserver.processClientRequest(GrpcClientProtocolService.java:226)
	at org.apache.ratis.grpc.server.GrpcClientProtocolService$UnorderedRequestStreamObserver.processClientRequest(GrpcClientProtocolService.java:282)
	at org.apache.ratis.grpc.server.GrpcClientProtocolService$RequestStreamObserver.onNext(GrpcClientProtocolService.java:246)
	at org.apache.ratis.grpc.server.GrpcClientProtocolService$RequestStreamObserver.onNext(GrpcClientProtocolService.java:169)
	at org.apache.ratis.thirdparty.io.grpc.stub.ServerCalls$StreamingServerCallHandler$StreamingServerCallListener.onMessage(ServerCalls.java:262)
	at org.apache.ratis.thirdparty.io.grpc.internal.ServerCallImpl$ServerStreamListenerImpl.messagesAvailableInternal(ServerCallImpl.java:329)
	at org.apache.ratis.thirdparty.io.grpc.internal.ServerCallImpl$ServerStreamListenerImpl.messagesAvailable(ServerCallImpl.java:314)
	at org.apache.ratis.thirdparty.io.grpc.internal.ServerImpl$JumpToApplicationThreadServerStreamListener$1MessagesAvailable.runInContext(ServerImpl.java:833)
	at org.apache.ratis.thirdparty.io.grpc.internal.ContextRunnable.run(ContextRunnable.java:37)
	at org.apache.ratis.thirdparty.io.grpc.internal.SerializingExecutor.run(SerializingExecutor.java:133)
	at java.base/java.util.concurrent.ThreadPoolExecutor.runWorker(ThreadPoolExecutor.java:1144)
	at java.base/java.util.concurrent.ThreadPoolExecutor$Worker.run(ThreadPoolExecutor.java:642)
	at java.base/java.lang.Thread.run(Thread.java:1583)
2025-05-14 02:53:54,515 [main] WARN  io.KeyOutputStream (KeyOutputStream.java:handleExceptionInternal(377)) - Encountered exception java.io.IOException: Unexpected Storage Container Exception: java.util.concurrent.CompletionException: org.apache.ratis.protocol.exceptions.RaftRetryFailureException: Failed RaftClientRequest:client-C568BD7E65B9->e44b5a69-92f9-40f4-85c9-712e1c637b62@group-DC6000F9F072, cid=24, seq=null, Watch-ALL_COMMITTED(5), null for 2 attempts with RequestTypeDependentRetryPolicy{WRITE->ExceptionDependentRetry(maxAttempts=2147483647; defaultPolicy=MultipleLinearRandomRetry[5x5s, 5x10s, 5x15s, 5x20s, 5x25s, 10x60s]; map={org.apache.ratis.protocol.exceptions.GroupMismatchException->NoRetry, org.apache.ratis.protocol.exceptions.NotReplicatedException->NoRetry, org.apache.ratis.protocol.exceptions.ResourceUnavailableException->org.apache.ratis.retry.ExponentialBackoffRetry@5c8c259e, org.apache.ratis.protocol.exceptions.StateMachineException->NoRetry, org.apache.ratis.protocol.exceptions.TimeoutIOException->org.apache.ratis.retry.ExponentialBackoffRetry@5c8c259e}), WATCH->ExceptionDependentRetry(maxAttempts=2147483647; defaultPolicy=MultipleLinearRandomRetry[5x5s, 5x10s, 5x15s, 5x20s, 5x25s, 10x60s]; map={org.apache.ratis.protocol.exceptions.GroupMismatchException->NoRetry, org.apache.ratis.protocol.exceptions.NotReplicatedException->NoRetry, org.apache.ratis.protocol.exceptions.ResourceUnavailableException->org.apache.ratis.retry.ExponentialBackoffRetry@5c8c259e, org.apache.ratis.protocol.exceptions.StateMachineException->NoRetry, org.apache.ratis.protocol.exceptions.TimeoutIOException->NoRetry})} on the pipeline Pipeline{ Id: 022d5f31-dc68-4e3a-bbba-dc6000f9f072, Nodes: [ {e44b5a69-92f9-40f4-85c9-712e1c637b62(localhost/127.0.0.1), ReplicaIndex: 0}, {d4e44fd7-0e23-4e4f-bc30-0c7965de497d(localhost/127.0.0.1), ReplicaIndex: 0}, {c77e66e9-1cca-4fd3-bc5b-4ea2dbc3232f(localhost/127.0.0.1), ReplicaIndex: 0},], ReplicationConfig: RATIS/THREE, State:OPEN, leaderId:d4e44fd7-0e23-4e4f-bc30-0c7965de497d, CreationTimestamp2025-05-14T02:53:36.713Z[Etc/UTC]}. The last committed block length is 5, uncommitted data length is 10 retry count 0
2025-05-14 02:53:54,552 [e44b5a69-92f9-40f4-85c9-712e1c637b62@group-90B7BBECBC71-StateMachineUpdater] INFO  ratis.ContainerStateMachine (ContainerStateMachine.java:takeSnapshot(427)) - group-90B7BBECBC71: Taking a snapshot at:(t:1, i:1) file /home/runner/work/ozone/ozone/hadoop-ozone/integration-test/target/test-dir/MiniOzoneClusterImpl-af940217-b311-440f-8e09-352fdf66236b/ozone-meta/datanode-5/ratis/8155a67b-a88a-4cce-aefd-90b7bbecbc71/sm/snapshot.1_1
2025-05-14 02:53:54,554 [e44b5a69-92f9-40f4-85c9-712e1c637b62@group-90B7BBECBC71-StateMachineUpdater] INFO  ratis.ContainerStateMachine (ContainerStateMachine.java:takeSnapshot(436)) - group-90B7BBECBC71: Finished taking a snapshot at:(t:1, i:1) file:/home/runner/work/ozone/ozone/hadoop-ozone/integration-test/target/test-dir/MiniOzoneClusterImpl-af940217-b311-440f-8e09-352fdf66236b/ozone-meta/datanode-5/ratis/8155a67b-a88a-4cce-aefd-90b7bbecbc71/sm/snapshot.1_1 took: 1 ms
2025-05-14 02:53:54,554 [e44b5a69-92f9-40f4-85c9-712e1c637b62@group-90B7BBECBC71-StateMachineUpdater] INFO  impl.StateMachineUpdater (StateMachineUpdater.java:takeSnapshot(303)) - e44b5a69-92f9-40f4-85c9-712e1c637b62@group-90B7BBECBC71-StateMachineUpdater: Took a snapshot at index 1
2025-05-14 02:53:54,554 [e44b5a69-92f9-40f4-85c9-712e1c637b62@group-90B7BBECBC71-StateMachineUpdater] INFO  impl.StateMachineUpdater (StateMachineUpdater.java:lambda$new$0(102)) - e44b5a69-92f9-40f4-85c9-712e1c637b62@group-90B7BBECBC71-StateMachineUpdater: snapshotIndex: updateIncreasingly 0 -> 1
2025-05-14 02:53:54,556 [c77e66e9-1cca-4fd3-bc5b-4ea2dbc3232f@group-90B7BBECBC71-StateMachineUpdater] INFO  ratis.ContainerStateMachine (ContainerStateMachine.java:takeSnapshot(427)) - group-90B7BBECBC71: Taking a snapshot at:(t:1, i:2) file /home/runner/work/ozone/ozone/hadoop-ozone/integration-test/target/test-dir/MiniOzoneClusterImpl-af940217-b311-440f-8e09-352fdf66236b/ozone-meta/datanode-6/ratis/8155a67b-a88a-4cce-aefd-90b7bbecbc71/sm/snapshot.1_2
2025-05-14 02:53:54,556 [d4e44fd7-0e23-4e4f-bc30-0c7965de497d@group-90B7BBECBC71-StateMachineUpdater] INFO  ratis.ContainerStateMachine (ContainerStateMachine.java:takeSnapshot(427)) - group-90B7BBECBC71: Taking a snapshot at:(t:1, i:2) file /home/runner/work/ozone/ozone/hadoop-ozone/integration-test/target/test-dir/MiniOzoneClusterImpl-af940217-b311-440f-8e09-352fdf66236b/ozone-meta/datanode-4/ratis/8155a67b-a88a-4cce-aefd-90b7bbecbc71/sm/snapshot.1_2
2025-05-14 02:53:54,556 [main] INFO  io.BlockOutputStreamEntry (BlockOutputStreamEntry.java:writeOnRetry(192)) - BlockOutputStreamEntry:ratis1 conID: 3 locID: 115816896921600003 bcsId: 0 replicaIndex: null: Finish retrying with len 10, currentPosition 10
2025-05-14 02:53:54,557 [main] INFO  io.BlockOutputStreamEntry (BlockOutputStreamEntry.java:finishRetryHandling(141)) - BlockOutputStreamEntry:ratis1 conID: 3 locID: 115816896921600003 bcsId: 0 replicaIndex: null: Exiting retry handling mode
2025-05-14 02:53:54,557 [c77e66e9-1cca-4fd3-bc5b-4ea2dbc3232f@group-90B7BBECBC71-StateMachineUpdater] INFO  ratis.ContainerStateMachine (ContainerStateMachine.java:takeSnapshot(436)) - group-90B7BBECBC71: Finished taking a snapshot at:(t:1, i:2) file:/home/runner/work/ozone/ozone/hadoop-ozone/integration-test/target/test-dir/MiniOzoneClusterImpl-af940217-b311-440f-8e09-352fdf66236b/ozone-meta/datanode-6/ratis/8155a67b-a88a-4cce-aefd-90b7bbecbc71/sm/snapshot.1_2 took: 1 ms
2025-05-14 02:53:54,557 [d4e44fd7-0e23-4e4f-bc30-0c7965de497d@group-90B7BBECBC71-StateMachineUpdater] INFO  ratis.ContainerStateMachine (ContainerStateMachine.java:takeSnapshot(436)) - group-90B7BBECBC71: Finished taking a snapshot at:(t:1, i:2) file:/home/runner/work/ozone/ozone/hadoop-ozone/integration-test/target/test-dir/MiniOzoneClusterImpl-af940217-b311-440f-8e09-352fdf66236b/ozone-meta/datanode-4/ratis/8155a67b-a88a-4cce-aefd-90b7bbecbc71/sm/snapshot.1_2 took: 1 ms
2025-05-14 02:53:54,557 [d4e44fd7-0e23-4e4f-bc30-0c7965de497d@group-90B7BBECBC71-StateMachineUpdater] INFO  impl.StateMachineUpdater (StateMachineUpdater.java:takeSnapshot(303)) - d4e44fd7-0e23-4e4f-bc30-0c7965de497d@group-90B7BBECBC71-StateMachineUpdater: Took a snapshot at index 2
2025-05-14 02:53:54,558 [d4e44fd7-0e23-4e4f-bc30-0c7965de497d@group-90B7BBECBC71-StateMachineUpdater] INFO  impl.StateMachineUpdater (StateMachineUpdater.java:lambda$new$0(102)) - d4e44fd7-0e23-4e4f-bc30-0c7965de497d@group-90B7BBECBC71-StateMachineUpdater: snapshotIndex: updateIncreasingly 0 -> 2
2025-05-14 02:53:54,558 [c77e66e9-1cca-4fd3-bc5b-4ea2dbc3232f@group-90B7BBECBC71-StateMachineUpdater] INFO  impl.StateMachineUpdater (StateMachineUpdater.java:takeSnapshot(303)) - c77e66e9-1cca-4fd3-bc5b-4ea2dbc3232f@group-90B7BBECBC71-StateMachineUpdater: Took a snapshot at index 2
2025-05-14 02:53:54,559 [c77e66e9-1cca-4fd3-bc5b-4ea2dbc3232f@group-90B7BBECBC71-StateMachineUpdater] INFO  impl.StateMachineUpdater (StateMachineUpdater.java:lambda$new$0(102)) - c77e66e9-1cca-4fd3-bc5b-4ea2dbc3232f@group-90B7BBECBC71-StateMachineUpdater: snapshotIndex: updateIncreasingly 0 -> 2
2025-05-14 02:53:54,566 [c77e66e9-1cca-4fd3-bc5b-4ea2dbc3232f@group-90B7BBECBC71-StateMachineUpdater] INFO  ratis.ContainerStateMachine (ContainerStateMachine.java:takeSnapshot(427)) - group-90B7BBECBC71: Taking a snapshot at:(t:1, i:4) file /home/runner/work/ozone/ozone/hadoop-ozone/integration-test/target/test-dir/MiniOzoneClusterImpl-af940217-b311-440f-8e09-352fdf66236b/ozone-meta/datanode-6/ratis/8155a67b-a88a-4cce-aefd-90b7bbecbc71/sm/snapshot.1_4
2025-05-14 02:53:54,566 [d4e44fd7-0e23-4e4f-bc30-0c7965de497d@group-90B7BBECBC71-StateMachineUpdater] INFO  ratis.ContainerStateMachine (ContainerStateMachine.java:takeSnapshot(427)) - group-90B7BBECBC71: Taking a snapshot at:(t:1, i:4) file /home/runner/work/ozone/ozone/hadoop-ozone/integration-test/target/test-dir/MiniOzoneClusterImpl-af940217-b311-440f-8e09-352fdf66236b/ozone-meta/datanode-4/ratis/8155a67b-a88a-4cce-aefd-90b7bbecbc71/sm/snapshot.1_4
2025-05-14 02:53:54,568 [c77e66e9-1cca-4fd3-bc5b-4ea2dbc3232f@group-90B7BBECBC71-StateMachineUpdater] INFO  ratis.ContainerStateMachine (ContainerStateMachine.java:takeSnapshot(436)) - group-90B7BBECBC71: Finished taking a snapshot at:(t:1, i:4) file:/home/runner/work/ozone/ozone/hadoop-ozone/integration-test/target/test-dir/MiniOzoneClusterImpl-af940217-b311-440f-8e09-352fdf66236b/ozone-meta/datanode-6/ratis/8155a67b-a88a-4cce-aefd-90b7bbecbc71/sm/snapshot.1_4 took: 2 ms
2025-05-14 02:53:54,568 [e44b5a69-92f9-40f4-85c9-712e1c637b62@group-90B7BBECBC71-StateMachineUpdater] INFO  ratis.ContainerStateMachine (ContainerStateMachine.java:takeSnapshot(427)) - group-90B7BBECBC71: Taking a snapshot at:(t:1, i:5) file /home/runner/work/ozone/ozone/hadoop-ozone/integration-test/target/test-dir/MiniOzoneClusterImpl-af940217-b311-440f-8e09-352fdf66236b/ozone-meta/datanode-5/ratis/8155a67b-a88a-4cce-aefd-90b7bbecbc71/sm/snapshot.1_5
2025-05-14 02:53:54,568 [d4e44fd7-0e23-4e4f-bc30-0c7965de497d@group-90B7BBECBC71-StateMachineUpdater] INFO  ratis.ContainerStateMachine (ContainerStateMachine.java:takeSnapshot(436)) - group-90B7BBECBC71: Finished taking a snapshot at:(t:1, i:4) file:/home/runner/work/ozone/ozone/hadoop-ozone/integration-test/target/test-dir/MiniOzoneClusterImpl-af940217-b311-440f-8e09-352fdf66236b/ozone-meta/datanode-4/ratis/8155a67b-a88a-4cce-aefd-90b7bbecbc71/sm/snapshot.1_4 took: 2 ms
2025-05-14 02:53:54,569 [d4e44fd7-0e23-4e4f-bc30-0c7965de497d@group-90B7BBECBC71-StateMachineUpdater] INFO  impl.StateMachineUpdater (StateMachineUpdater.java:takeSnapshot(303)) - d4e44fd7-0e23-4e4f-bc30-0c7965de497d@group-90B7BBECBC71-StateMachineUpdater: Took a snapshot at index 4
2025-05-14 02:53:54,569 [d4e44fd7-0e23-4e4f-bc30-0c7965de497d@group-90B7BBECBC71-StateMachineUpdater] INFO  impl.StateMachineUpdater (StateMachineUpdater.java:lambda$new$0(102)) - d4e44fd7-0e23-4e4f-bc30-0c7965de497d@group-90B7BBECBC71-StateMachineUpdater: snapshotIndex: updateIncreasingly 2 -> 4
2025-05-14 02:53:54,570 [e44b5a69-92f9-40f4-85c9-712e1c637b62@group-90B7BBECBC71-StateMachineUpdater] INFO  ratis.ContainerStateMachine (ContainerStateMachine.java:takeSnapshot(436)) - group-90B7BBECBC71: Finished taking a snapshot at:(t:1, i:5) file:/home/runner/work/ozone/ozone/hadoop-ozone/integration-test/target/test-dir/MiniOzoneClusterImpl-af940217-b311-440f-8e09-352fdf66236b/ozone-meta/datanode-5/ratis/8155a67b-a88a-4cce-aefd-90b7bbecbc71/sm/snapshot.1_5 took: 2 ms
2025-05-14 02:53:54,570 [e44b5a69-92f9-40f4-85c9-712e1c637b62@group-90B7BBECBC71-StateMachineUpdater] INFO  impl.StateMachineUpdater (StateMachineUpdater.java:takeSnapshot(303)) - e44b5a69-92f9-40f4-85c9-712e1c637b62@group-90B7BBECBC71-StateMachineUpdater: Took a snapshot at index 5
2025-05-14 02:53:54,570 [e44b5a69-92f9-40f4-85c9-712e1c637b62@group-90B7BBECBC71-StateMachineUpdater] INFO  impl.StateMachineUpdater (StateMachineUpdater.java:lambda$new$0(102)) - e44b5a69-92f9-40f4-85c9-712e1c637b62@group-90B7BBECBC71-StateMachineUpdater: snapshotIndex: updateIncreasingly 1 -> 5
2025-05-14 02:53:54,568 [c77e66e9-1cca-4fd3-bc5b-4ea2dbc3232f@group-90B7BBECBC71-StateMachineUpdater] INFO  impl.StateMachineUpdater (StateMachineUpdater.java:takeSnapshot(303)) - c77e66e9-1cca-4fd3-bc5b-4ea2dbc3232f@group-90B7BBECBC71-StateMachineUpdater: Took a snapshot at index 4
2025-05-14 02:53:54,571 [c77e66e9-1cca-4fd3-bc5b-4ea2dbc3232f@group-90B7BBECBC71-StateMachineUpdater] INFO  impl.StateMachineUpdater (StateMachineUpdater.java:lambda$new$0(102)) - c77e66e9-1cca-4fd3-bc5b-4ea2dbc3232f@group-90B7BBECBC71-StateMachineUpdater: snapshotIndex: updateIncreasingly 2 -> 4
2025-05-14 02:53:54,579 [d4e44fd7-0e23-4e4f-bc30-0c7965de497d@group-90B7BBECBC71-StateMachineUpdater] INFO  ratis.ContainerStateMachine (ContainerStateMachine.java:takeSnapshot(427)) - group-90B7BBECBC71: Taking a snapshot at:(t:1, i:8) file /home/runner/work/ozone/ozone/hadoop-ozone/integration-test/target/test-dir/MiniOzoneClusterImpl-af940217-b311-440f-8e09-352fdf66236b/ozone-meta/datanode-4/ratis/8155a67b-a88a-4cce-aefd-90b7bbecbc71/sm/snapshot.1_8
2025-05-14 02:53:54,580 [c77e66e9-1cca-4fd3-bc5b-4ea2dbc3232f@group-90B7BBECBC71-StateMachineUpdater] INFO  ratis.ContainerStateMachine (ContainerStateMachine.java:takeSnapshot(427)) - group-90B7BBECBC71: Taking a snapshot at:(t:1, i:8) file /home/runner/work/ozone/ozone/hadoop-ozone/integration-test/target/test-dir/MiniOzoneClusterImpl-af940217-b311-440f-8e09-352fdf66236b/ozone-meta/datanode-6/ratis/8155a67b-a88a-4cce-aefd-90b7bbecbc71/sm/snapshot.1_8
2025-05-14 02:53:54,580 [d4e44fd7-0e23-4e4f-bc30-0c7965de497d@group-90B7BBECBC71-StateMachineUpdater] INFO  ratis.ContainerStateMachine (ContainerStateMachine.java:takeSnapshot(436)) - group-90B7BBECBC71: Finished taking a snapshot at:(t:1, i:8) file:/home/runner/work/ozone/ozone/hadoop-ozone/integration-test/target/test-dir/MiniOzoneClusterImpl-af940217-b311-440f-8e09-352fdf66236b/ozone-meta/datanode-4/ratis/8155a67b-a88a-4cce-aefd-90b7bbecbc71/sm/snapshot.1_8 took: 1 ms
2025-05-14 02:53:54,581 [c77e66e9-1cca-4fd3-bc5b-4ea2dbc3232f@group-90B7BBECBC71-StateMachineUpdater] INFO  ratis.ContainerStateMachine (ContainerStateMachine.java:takeSnapshot(436)) - group-90B7BBECBC71: Finished taking a snapshot at:(t:1, i:8) file:/home/runner/work/ozone/ozone/hadoop-ozone/integration-test/target/test-dir/MiniOzoneClusterImpl-af940217-b311-440f-8e09-352fdf66236b/ozone-meta/datanode-6/ratis/8155a67b-a88a-4cce-aefd-90b7bbecbc71/sm/snapshot.1_8 took: 1 ms
2025-05-14 02:53:54,581 [d4e44fd7-0e23-4e4f-bc30-0c7965de497d@group-90B7BBECBC71-StateMachineUpdater] INFO  impl.StateMachineUpdater (StateMachineUpdater.java:takeSnapshot(303)) - d4e44fd7-0e23-4e4f-bc30-0c7965de497d@group-90B7BBECBC71-StateMachineUpdater: Took a snapshot at index 8
2025-05-14 02:53:54,583 [d4e44fd7-0e23-4e4f-bc30-0c7965de497d@group-90B7BBECBC71-StateMachineUpdater] INFO  impl.StateMachineUpdater (StateMachineUpdater.java:lambda$new$0(102)) - d4e44fd7-0e23-4e4f-bc30-0c7965de497d@group-90B7BBECBC71-StateMachineUpdater: snapshotIndex: updateIncreasingly 4 -> 8
2025-05-14 02:53:54,582 [e44b5a69-92f9-40f4-85c9-712e1c637b62@group-90B7BBECBC71-StateMachineUpdater] INFO  ratis.ContainerStateMachine (ContainerStateMachine.java:takeSnapshot(427)) - group-90B7BBECBC71: Taking a snapshot at:(t:1, i:8) file /home/runner/work/ozone/ozone/hadoop-ozone/integration-test/target/test-dir/MiniOzoneClusterImpl-af940217-b311-440f-8e09-352fdf66236b/ozone-meta/datanode-5/ratis/8155a67b-a88a-4cce-aefd-90b7bbecbc71/sm/snapshot.1_8
2025-05-14 02:53:54,581 [c77e66e9-1cca-4fd3-bc5b-4ea2dbc3232f@group-90B7BBECBC71-StateMachineUpdater] INFO  impl.StateMachineUpdater (StateMachineUpdater.java:takeSnapshot(303)) - c77e66e9-1cca-4fd3-bc5b-4ea2dbc3232f@group-90B7BBECBC71-StateMachineUpdater: Took a snapshot at index 8
2025-05-14 02:53:54,583 [c77e66e9-1cca-4fd3-bc5b-4ea2dbc3232f@group-90B7BBECBC71-StateMachineUpdater] INFO  impl.StateMachineUpdater (StateMachineUpdater.java:lambda$new$0(102)) - c77e66e9-1cca-4fd3-bc5b-4ea2dbc3232f@group-90B7BBECBC71-StateMachineUpdater: snapshotIndex: updateIncreasingly 4 -> 8
2025-05-14 02:53:54,585 [e44b5a69-92f9-40f4-85c9-712e1c637b62@group-90B7BBECBC71-StateMachineUpdater] INFO  ratis.ContainerStateMachine (ContainerStateMachine.java:takeSnapshot(436)) - group-90B7BBECBC71: Finished taking a snapshot at:(t:1, i:8) file:/home/runner/work/ozone/ozone/hadoop-ozone/integration-test/target/test-dir/MiniOzoneClusterImpl-af940217-b311-440f-8e09-352fdf66236b/ozone-meta/datanode-5/ratis/8155a67b-a88a-4cce-aefd-90b7bbecbc71/sm/snapshot.1_8 took: 3 ms
2025-05-14 02:53:54,585 [e44b5a69-92f9-40f4-85c9-712e1c637b62@group-90B7BBECBC71-StateMachineUpdater] INFO  impl.StateMachineUpdater (StateMachineUpdater.java:takeSnapshot(303)) - e44b5a69-92f9-40f4-85c9-712e1c637b62@group-90B7BBECBC71-StateMachineUpdater: Took a snapshot at index 8
2025-05-14 02:53:54,585 [e44b5a69-92f9-40f4-85c9-712e1c637b62@group-90B7BBECBC71-StateMachineUpdater] INFO  impl.StateMachineUpdater (StateMachineUpdater.java:lambda$new$0(102)) - e44b5a69-92f9-40f4-85c9-712e1c637b62@group-90B7BBECBC71-StateMachineUpdater: snapshotIndex: updateIncreasingly 5 -> 8
2025-05-14 02:53:54,585 [e44b5a69-92f9-40f4-85c9-712e1c637b62@group-90B7BBECBC71-StateMachineUpdater] INFO  ratis.ContainerStateMachine (ContainerStateMachine.java:takeSnapshot(427)) - group-90B7BBECBC71: Taking a snapshot at:(t:1, i:10) file /home/runner/work/ozone/ozone/hadoop-ozone/integration-test/target/test-dir/MiniOzoneClusterImpl-af940217-b311-440f-8e09-352fdf66236b/ozone-meta/datanode-5/ratis/8155a67b-a88a-4cce-aefd-90b7bbecbc71/sm/snapshot.1_10
2025-05-14 02:53:54,586 [e44b5a69-92f9-40f4-85c9-712e1c637b62@group-90B7BBECBC71-StateMachineUpdater] INFO  ratis.ContainerStateMachine (ContainerStateMachine.java:takeSnapshot(436)) - group-90B7BBECBC71: Finished taking a snapshot at:(t:1, i:10) file:/home/runner/work/ozone/ozone/hadoop-ozone/integration-test/target/test-dir/MiniOzoneClusterImpl-af940217-b311-440f-8e09-352fdf66236b/ozone-meta/datanode-5/ratis/8155a67b-a88a-4cce-aefd-90b7bbecbc71/sm/snapshot.1_10 took: 2 ms
2025-05-14 02:53:54,587 [e44b5a69-92f9-40f4-85c9-712e1c637b62@group-90B7BBECBC71-StateMachineUpdater] INFO  impl.StateMachineUpdater (StateMachineUpdater.java:takeSnapshot(303)) - e44b5a69-92f9-40f4-85c9-712e1c637b62@group-90B7BBECBC71-StateMachineUpdater: Took a snapshot at index 10
2025-05-14 02:53:54,587 [e44b5a69-92f9-40f4-85c9-712e1c637b62@group-90B7BBECBC71-StateMachineUpdater] INFO  impl.StateMachineUpdater (StateMachineUpdater.java:lambda$new$0(102)) - e44b5a69-92f9-40f4-85c9-712e1c637b62@group-90B7BBECBC71-StateMachineUpdater: snapshotIndex: updateIncreasingly 8 -> 10
]]></system-out>
  </testcase>
  <testcase name="testWriteStateMachineDataIdempotencyWithClosedContainer" classname="org.apache.hadoop.ozone.client.rpc.TestContainerStateMachineFailures" time="0.371">
    <failure message="expected: &lt;UNHEALTHY&gt; but was: &lt;CLOSED&gt;" type="org.opentest4j.AssertionFailedError"><![CDATA[org.opentest4j.AssertionFailedError: expected: <UNHEALTHY> but was: <CLOSED>
	at org.junit.jupiter.api.AssertionFailureBuilder.build(AssertionFailureBuilder.java:151)
	at org.junit.jupiter.api.AssertionFailureBuilder.buildAndThrow(AssertionFailureBuilder.java:132)
	at org.junit.jupiter.api.AssertSame.failNotSame(AssertSame.java:50)
	at org.junit.jupiter.api.AssertSame.assertSame(AssertSame.java:35)
	at org.junit.jupiter.api.AssertSame.assertSame(AssertSame.java:30)
	at org.junit.jupiter.api.Assertions.assertSame(Assertions.java:2860)
	at org.apache.hadoop.ozone.client.rpc.TestContainerStateMachineFailures.testWriteStateMachineDataIdempotencyWithClosedContainer(TestContainerStateMachineFailures.java:738)
	at java.base/java.lang.reflect.Method.invoke(Method.java:580)
	at java.base/java.util.ArrayList.forEach(ArrayList.java:1596)
	at java.base/java.util.ArrayList.forEach(ArrayList.java:1596)
]]></failure>
    <system-out><![CDATA[2025-05-14 02:53:54,932 [f8181075-ae63-407a-b17c-78185f7d70dd@group-4B591AE0C988-StateMachineUpdater] INFO  ratis.ContainerStateMachine (ContainerStateMachine.java:takeSnapshot(427)) - group-4B591AE0C988: Taking a snapshot at:(t:1, i:1) file /home/runner/work/ozone/ozone/hadoop-ozone/integration-test/target/test-dir/MiniOzoneClusterImpl-af940217-b311-440f-8e09-352fdf66236b/ozone-meta/datanode-1/ratis/c28f6734-6a6e-4997-be64-4b591ae0c988/sm/snapshot.1_1
2025-05-14 02:53:54,934 [f8181075-ae63-407a-b17c-78185f7d70dd@group-4B591AE0C988-StateMachineUpdater] INFO  ratis.ContainerStateMachine (ContainerStateMachine.java:takeSnapshot(436)) - group-4B591AE0C988: Finished taking a snapshot at:(t:1, i:1) file:/home/runner/work/ozone/ozone/hadoop-ozone/integration-test/target/test-dir/MiniOzoneClusterImpl-af940217-b311-440f-8e09-352fdf66236b/ozone-meta/datanode-1/ratis/c28f6734-6a6e-4997-be64-4b591ae0c988/sm/snapshot.1_1 took: 3 ms
2025-05-14 02:53:54,935 [f8181075-ae63-407a-b17c-78185f7d70dd@group-4B591AE0C988-StateMachineUpdater] INFO  impl.StateMachineUpdater (StateMachineUpdater.java:takeSnapshot(303)) - f8181075-ae63-407a-b17c-78185f7d70dd@group-4B591AE0C988-StateMachineUpdater: Took a snapshot at index 1
2025-05-14 02:53:54,935 [f8181075-ae63-407a-b17c-78185f7d70dd@group-4B591AE0C988-StateMachineUpdater] INFO  impl.StateMachineUpdater (StateMachineUpdater.java:lambda$new$0(102)) - f8181075-ae63-407a-b17c-78185f7d70dd@group-4B591AE0C988-StateMachineUpdater: snapshotIndex: updateIncreasingly 0 -> 1
2025-05-14 02:53:54,941 [f8181075-ae63-407a-b17c-78185f7d70dd@group-4B591AE0C988-StateMachineUpdater] INFO  ratis.ContainerStateMachine (ContainerStateMachine.java:takeSnapshot(427)) - group-4B591AE0C988: Taking a snapshot at:(t:1, i:5) file /home/runner/work/ozone/ozone/hadoop-ozone/integration-test/target/test-dir/MiniOzoneClusterImpl-af940217-b311-440f-8e09-352fdf66236b/ozone-meta/datanode-1/ratis/c28f6734-6a6e-4997-be64-4b591ae0c988/sm/snapshot.1_5
2025-05-14 02:53:54,942 [f8181075-ae63-407a-b17c-78185f7d70dd@group-4B591AE0C988-StateMachineUpdater] INFO  ratis.ContainerStateMachine (ContainerStateMachine.java:takeSnapshot(436)) - group-4B591AE0C988: Finished taking a snapshot at:(t:1, i:5) file:/home/runner/work/ozone/ozone/hadoop-ozone/integration-test/target/test-dir/MiniOzoneClusterImpl-af940217-b311-440f-8e09-352fdf66236b/ozone-meta/datanode-1/ratis/c28f6734-6a6e-4997-be64-4b591ae0c988/sm/snapshot.1_5 took: 1 ms
2025-05-14 02:53:54,942 [f8181075-ae63-407a-b17c-78185f7d70dd@group-4B591AE0C988-StateMachineUpdater] INFO  impl.StateMachineUpdater (StateMachineUpdater.java:takeSnapshot(303)) - f8181075-ae63-407a-b17c-78185f7d70dd@group-4B591AE0C988-StateMachineUpdater: Took a snapshot at index 5
2025-05-14 02:53:54,942 [f8181075-ae63-407a-b17c-78185f7d70dd@group-4B591AE0C988-StateMachineUpdater] INFO  impl.StateMachineUpdater (StateMachineUpdater.java:lambda$new$0(102)) - f8181075-ae63-407a-b17c-78185f7d70dd@group-4B591AE0C988-StateMachineUpdater: snapshotIndex: updateIncreasingly 1 -> 5
2025-05-14 02:53:54,942 [f8181075-ae63-407a-b17c-78185f7d70dd@group-4B591AE0C988-StateMachineUpdater] INFO  ratis.ContainerStateMachine (ContainerStateMachine.java:takeSnapshot(427)) - group-4B591AE0C988: Taking a snapshot at:(t:1, i:7) file /home/runner/work/ozone/ozone/hadoop-ozone/integration-test/target/test-dir/MiniOzoneClusterImpl-af940217-b311-440f-8e09-352fdf66236b/ozone-meta/datanode-1/ratis/c28f6734-6a6e-4997-be64-4b591ae0c988/sm/snapshot.1_7
2025-05-14 02:53:54,944 [f8181075-ae63-407a-b17c-78185f7d70dd@group-4B591AE0C988-StateMachineUpdater] INFO  ratis.ContainerStateMachine (ContainerStateMachine.java:takeSnapshot(436)) - group-4B591AE0C988: Finished taking a snapshot at:(t:1, i:7) file:/home/runner/work/ozone/ozone/hadoop-ozone/integration-test/target/test-dir/MiniOzoneClusterImpl-af940217-b311-440f-8e09-352fdf66236b/ozone-meta/datanode-1/ratis/c28f6734-6a6e-4997-be64-4b591ae0c988/sm/snapshot.1_7 took: 2 ms
2025-05-14 02:53:54,944 [f8181075-ae63-407a-b17c-78185f7d70dd@group-4B591AE0C988-StateMachineUpdater] INFO  impl.StateMachineUpdater (StateMachineUpdater.java:takeSnapshot(303)) - f8181075-ae63-407a-b17c-78185f7d70dd@group-4B591AE0C988-StateMachineUpdater: Took a snapshot at index 7
2025-05-14 02:53:54,945 [f8181075-ae63-407a-b17c-78185f7d70dd@group-4B591AE0C988-StateMachineUpdater] INFO  impl.StateMachineUpdater (StateMachineUpdater.java:lambda$new$0(102)) - f8181075-ae63-407a-b17c-78185f7d70dd@group-4B591AE0C988-StateMachineUpdater: snapshotIndex: updateIncreasingly 5 -> 7
2025-05-14 02:53:54,948 [main] INFO  ratis.ContainerStateMachine (ContainerStateMachine.java:takeSnapshot(427)) - group-4B591AE0C988: Taking a snapshot at:(t:1, i:7) file /home/runner/work/ozone/ozone/hadoop-ozone/integration-test/target/test-dir/MiniOzoneClusterImpl-af940217-b311-440f-8e09-352fdf66236b/ozone-meta/datanode-1/ratis/c28f6734-6a6e-4997-be64-4b591ae0c988/sm/snapshot.1_7
2025-05-14 02:53:54,949 [main] INFO  ratis.ContainerStateMachine (ContainerStateMachine.java:takeSnapshot(436)) - group-4B591AE0C988: Finished taking a snapshot at:(t:1, i:7) file:/home/runner/work/ozone/ozone/hadoop-ozone/integration-test/target/test-dir/MiniOzoneClusterImpl-af940217-b311-440f-8e09-352fdf66236b/ozone-meta/datanode-1/ratis/c28f6734-6a6e-4997-be64-4b591ae0c988/sm/snapshot.1_7 took: 1 ms
2025-05-14 02:53:54,995 [main] INFO  proxy.SCMContainerLocationFailoverProxyProvider (SCMFailoverProxyProviderBase.java:<init>(120)) - Created fail-over proxy for protocol StorageContainerLocationProtocolPB with 1 nodes: [nodeId=scmNodeId,nodeAddress=/0.0.0.0:15000]
2025-05-14 02:53:55,020 [f8181075-ae63-407a-b17c-78185f7d70dd-ChunkWriter-0-0] WARN  helpers.ChunkUtils (ChunkUtils.java:validateChunkForOverwrite(378)) - Duplicate write chunk request. Chunk overwrite without explicit request. ChunkInfo{chunkName='115816896921600004.data.0, offset=0, len=5}
2025-05-14 02:53:55,021 [f8181075-ae63-407a-b17c-78185f7d70dd-ChunkWriter-0-0] WARN  helpers.ChunkUtils (ChunkUtils.java:validateChunkForOverwrite(378)) - Duplicate write chunk request. Chunk overwrite without explicit request. ChunkInfo{chunkName='115816896921600004.data.0, offset=0, len=5}
2025-05-14 02:53:55,022 [f8181075-ae63-407a-b17c-78185f7d70dd-ChunkWriter-0-0] WARN  helpers.ChunkUtils (ChunkUtils.java:validateChunkForOverwrite(378)) - Duplicate write chunk request. Chunk overwrite without explicit request. ChunkInfo{chunkName='115816896921600004.data.0, offset=0, len=5}
2025-05-14 02:53:55,023 [f8181075-ae63-407a-b17c-78185f7d70dd-ChunkWriter-0-0] WARN  helpers.ChunkUtils (ChunkUtils.java:validateChunkForOverwrite(378)) - Duplicate write chunk request. Chunk overwrite without explicit request. ChunkInfo{chunkName='115816896921600004.data.0, offset=0, len=5}
2025-05-14 02:53:55,024 [f8181075-ae63-407a-b17c-78185f7d70dd-ChunkWriter-0-0] WARN  helpers.ChunkUtils (ChunkUtils.java:validateChunkForOverwrite(378)) - Duplicate write chunk request. Chunk overwrite without explicit request. ChunkInfo{chunkName='115816896921600004.data.0, offset=0, len=5}
2025-05-14 02:53:55,026 [f8181075-ae63-407a-b17c-78185f7d70dd-ChunkWriter-0-0] WARN  helpers.ChunkUtils (ChunkUtils.java:validateChunkForOverwrite(378)) - Duplicate write chunk request. Chunk overwrite without explicit request. ChunkInfo{chunkName='115816896921600004.data.0, offset=0, len=5}
2025-05-14 02:53:55,027 [f8181075-ae63-407a-b17c-78185f7d70dd@group-4B591AE0C988-StateMachineUpdater] INFO  ratis.ContainerStateMachine (ContainerStateMachine.java:takeSnapshot(427)) - group-4B591AE0C988: Taking a snapshot at:(t:1, i:11) file /home/runner/work/ozone/ozone/hadoop-ozone/integration-test/target/test-dir/MiniOzoneClusterImpl-af940217-b311-440f-8e09-352fdf66236b/ozone-meta/datanode-1/ratis/c28f6734-6a6e-4997-be64-4b591ae0c988/sm/snapshot.1_11
2025-05-14 02:53:55,028 [f8181075-ae63-407a-b17c-78185f7d70dd@group-4B591AE0C988-StateMachineUpdater] INFO  ratis.ContainerStateMachine (ContainerStateMachine.java:takeSnapshot(436)) - group-4B591AE0C988: Finished taking a snapshot at:(t:1, i:11) file:/home/runner/work/ozone/ozone/hadoop-ozone/integration-test/target/test-dir/MiniOzoneClusterImpl-af940217-b311-440f-8e09-352fdf66236b/ozone-meta/datanode-1/ratis/c28f6734-6a6e-4997-be64-4b591ae0c988/sm/snapshot.1_11 took: 1 ms
2025-05-14 02:53:55,029 [f8181075-ae63-407a-b17c-78185f7d70dd@group-4B591AE0C988-StateMachineUpdater] INFO  impl.StateMachineUpdater (StateMachineUpdater.java:takeSnapshot(303)) - f8181075-ae63-407a-b17c-78185f7d70dd@group-4B591AE0C988-StateMachineUpdater: Took a snapshot at index 11
2025-05-14 02:53:55,029 [f8181075-ae63-407a-b17c-78185f7d70dd@group-4B591AE0C988-StateMachineUpdater] INFO  impl.StateMachineUpdater (StateMachineUpdater.java:lambda$new$0(102)) - f8181075-ae63-407a-b17c-78185f7d70dd@group-4B591AE0C988-StateMachineUpdater: snapshotIndex: updateIncreasingly 7 -> 11
2025-05-14 02:53:55,030 [f8181075-ae63-407a-b17c-78185f7d70dd-ChunkWriter-0-0] WARN  helpers.ChunkUtils (ChunkUtils.java:validateChunkForOverwrite(378)) - Duplicate write chunk request. Chunk overwrite without explicit request. ChunkInfo{chunkName='115816896921600004.data.0, offset=0, len=5}
2025-05-14 02:53:55,031 [f8181075-ae63-407a-b17c-78185f7d70dd-ChunkWriter-0-0] WARN  helpers.ChunkUtils (ChunkUtils.java:validateChunkForOverwrite(378)) - Duplicate write chunk request. Chunk overwrite without explicit request. ChunkInfo{chunkName='115816896921600004.data.0, offset=0, len=5}
2025-05-14 02:53:55,032 [f8181075-ae63-407a-b17c-78185f7d70dd-ChunkWriter-0-0] WARN  helpers.ChunkUtils (ChunkUtils.java:validateChunkForOverwrite(378)) - Duplicate write chunk request. Chunk overwrite without explicit request. ChunkInfo{chunkName='115816896921600004.data.0, offset=0, len=5}
2025-05-14 02:53:55,035 [f8181075-ae63-407a-b17c-78185f7d70dd-ChunkWriter-0-0] WARN  helpers.ChunkUtils (ChunkUtils.java:validateChunkForOverwrite(378)) - Duplicate write chunk request. Chunk overwrite without explicit request. ChunkInfo{chunkName='115816896921600004.data.0, offset=0, len=5}
2025-05-14 02:53:55,039 [f8181075-ae63-407a-b17c-78185f7d70dd@group-4B591AE0C988-StateMachineUpdater] INFO  ratis.ContainerStateMachine (ContainerStateMachine.java:takeSnapshot(427)) - group-4B591AE0C988: Taking a snapshot at:(t:1, i:21) file /home/runner/work/ozone/ozone/hadoop-ozone/integration-test/target/test-dir/MiniOzoneClusterImpl-af940217-b311-440f-8e09-352fdf66236b/ozone-meta/datanode-1/ratis/c28f6734-6a6e-4997-be64-4b591ae0c988/sm/snapshot.1_21
2025-05-14 02:53:55,040 [f8181075-ae63-407a-b17c-78185f7d70dd@group-4B591AE0C988-StateMachineUpdater] INFO  ratis.ContainerStateMachine (ContainerStateMachine.java:takeSnapshot(436)) - group-4B591AE0C988: Finished taking a snapshot at:(t:1, i:21) file:/home/runner/work/ozone/ozone/hadoop-ozone/integration-test/target/test-dir/MiniOzoneClusterImpl-af940217-b311-440f-8e09-352fdf66236b/ozone-meta/datanode-1/ratis/c28f6734-6a6e-4997-be64-4b591ae0c988/sm/snapshot.1_21 took: 1 ms
2025-05-14 02:53:55,041 [f8181075-ae63-407a-b17c-78185f7d70dd-ChunkWriter-0-0] WARN  helpers.ChunkUtils (ChunkUtils.java:validateChunkForOverwrite(378)) - Duplicate write chunk request. Chunk overwrite without explicit request. ChunkInfo{chunkName='115816896921600004.data.0, offset=0, len=5}
2025-05-14 02:53:55,043 [f8181075-ae63-407a-b17c-78185f7d70dd-ChunkWriter-0-0] WARN  helpers.ChunkUtils (ChunkUtils.java:validateChunkForOverwrite(378)) - Duplicate write chunk request. Chunk overwrite without explicit request. ChunkInfo{chunkName='115816896921600004.data.0, offset=0, len=5}
2025-05-14 02:53:55,045 [f8181075-ae63-407a-b17c-78185f7d70dd@group-4B591AE0C988-StateMachineUpdater] INFO  impl.SimpleStateMachineStorage (SimpleStateMachineStorage.java:lambda$cleanupOldSnapshots$1(126)) - Deleting old snapshot at /home/runner/work/ozone/ozone/hadoop-ozone/integration-test/target/test-dir/MiniOzoneClusterImpl-af940217-b311-440f-8e09-352fdf66236b/ozone-meta/datanode-1/ratis/c28f6734-6a6e-4997-be64-4b591ae0c988/sm/snapshot.1_0
2025-05-14 02:53:55,047 [f8181075-ae63-407a-b17c-78185f7d70dd@group-4B591AE0C988-StateMachineUpdater] INFO  impl.StateMachineUpdater (StateMachineUpdater.java:takeSnapshot(303)) - f8181075-ae63-407a-b17c-78185f7d70dd@group-4B591AE0C988-StateMachineUpdater: Took a snapshot at index 21
2025-05-14 02:53:55,047 [f8181075-ae63-407a-b17c-78185f7d70dd@group-4B591AE0C988-StateMachineUpdater] INFO  impl.StateMachineUpdater (StateMachineUpdater.java:lambda$new$0(102)) - f8181075-ae63-407a-b17c-78185f7d70dd@group-4B591AE0C988-StateMachineUpdater: snapshotIndex: updateIncreasingly 11 -> 21
2025-05-14 02:53:55,048 [f8181075-ae63-407a-b17c-78185f7d70dd-ChunkWriter-0-0] WARN  helpers.ChunkUtils (ChunkUtils.java:validateChunkForOverwrite(378)) - Duplicate write chunk request. Chunk overwrite without explicit request. ChunkInfo{chunkName='115816896921600004.data.0, offset=0, len=5}
2025-05-14 02:53:55,052 [f8181075-ae63-407a-b17c-78185f7d70dd-ChunkWriter-0-0] WARN  helpers.ChunkUtils (ChunkUtils.java:validateChunkForOverwrite(378)) - Duplicate write chunk request. Chunk overwrite without explicit request. ChunkInfo{chunkName='115816896921600004.data.0, offset=0, len=5}
2025-05-14 02:53:55,052 [f8181075-ae63-407a-b17c-78185f7d70dd@group-4B591AE0C988-StateMachineUpdater] INFO  ratis.ContainerStateMachine (ContainerStateMachine.java:takeSnapshot(427)) - group-4B591AE0C988: Taking a snapshot at:(t:1, i:30) file /home/runner/work/ozone/ozone/hadoop-ozone/integration-test/target/test-dir/MiniOzoneClusterImpl-af940217-b311-440f-8e09-352fdf66236b/ozone-meta/datanode-1/ratis/c28f6734-6a6e-4997-be64-4b591ae0c988/sm/snapshot.1_30
2025-05-14 02:53:55,055 [f8181075-ae63-407a-b17c-78185f7d70dd@group-4B591AE0C988-StateMachineUpdater] INFO  ratis.ContainerStateMachine (ContainerStateMachine.java:takeSnapshot(436)) - group-4B591AE0C988: Finished taking a snapshot at:(t:1, i:30) file:/home/runner/work/ozone/ozone/hadoop-ozone/integration-test/target/test-dir/MiniOzoneClusterImpl-af940217-b311-440f-8e09-352fdf66236b/ozone-meta/datanode-1/ratis/c28f6734-6a6e-4997-be64-4b591ae0c988/sm/snapshot.1_30 took: 3 ms
2025-05-14 02:53:55,055 [f8181075-ae63-407a-b17c-78185f7d70dd@group-4B591AE0C988-StateMachineUpdater] INFO  impl.SimpleStateMachineStorage (SimpleStateMachineStorage.java:lambda$cleanupOldSnapshots$1(126)) - Deleting old snapshot at /home/runner/work/ozone/ozone/hadoop-ozone/integration-test/target/test-dir/MiniOzoneClusterImpl-af940217-b311-440f-8e09-352fdf66236b/ozone-meta/datanode-1/ratis/c28f6734-6a6e-4997-be64-4b591ae0c988/sm/snapshot.1_1
2025-05-14 02:53:55,055 [f8181075-ae63-407a-b17c-78185f7d70dd@group-4B591AE0C988-StateMachineUpdater] INFO  impl.StateMachineUpdater (StateMachineUpdater.java:takeSnapshot(303)) - f8181075-ae63-407a-b17c-78185f7d70dd@group-4B591AE0C988-StateMachineUpdater: Took a snapshot at index 30
2025-05-14 02:53:55,055 [f8181075-ae63-407a-b17c-78185f7d70dd@group-4B591AE0C988-StateMachineUpdater] INFO  impl.StateMachineUpdater (StateMachineUpdater.java:lambda$new$0(102)) - f8181075-ae63-407a-b17c-78185f7d70dd@group-4B591AE0C988-StateMachineUpdater: snapshotIndex: updateIncreasingly 21 -> 30
2025-05-14 02:53:55,057 [f8181075-ae63-407a-b17c-78185f7d70dd-ChunkWriter-0-0] WARN  helpers.ChunkUtils (ChunkUtils.java:validateChunkForOverwrite(378)) - Duplicate write chunk request. Chunk overwrite without explicit request. ChunkInfo{chunkName='115816896921600004.data.0, offset=0, len=5}
2025-05-14 02:53:55,058 [f8181075-ae63-407a-b17c-78185f7d70dd@group-4B591AE0C988-StateMachineUpdater] INFO  ratis.ContainerStateMachine (ContainerStateMachine.java:takeSnapshot(427)) - group-4B591AE0C988: Taking a snapshot at:(t:1, i:33) file /home/runner/work/ozone/ozone/hadoop-ozone/integration-test/target/test-dir/MiniOzoneClusterImpl-af940217-b311-440f-8e09-352fdf66236b/ozone-meta/datanode-1/ratis/c28f6734-6a6e-4997-be64-4b591ae0c988/sm/snapshot.1_33
2025-05-14 02:53:55,059 [f8181075-ae63-407a-b17c-78185f7d70dd-ChunkWriter-0-0] WARN  helpers.ChunkUtils (ChunkUtils.java:validateChunkForOverwrite(378)) - Duplicate write chunk request. Chunk overwrite without explicit request. ChunkInfo{chunkName='115816896921600004.data.0, offset=0, len=5}
2025-05-14 02:53:55,060 [f8181075-ae63-407a-b17c-78185f7d70dd@group-4B591AE0C988-StateMachineUpdater] INFO  ratis.ContainerStateMachine (ContainerStateMachine.java:takeSnapshot(436)) - group-4B591AE0C988: Finished taking a snapshot at:(t:1, i:33) file:/home/runner/work/ozone/ozone/hadoop-ozone/integration-test/target/test-dir/MiniOzoneClusterImpl-af940217-b311-440f-8e09-352fdf66236b/ozone-meta/datanode-1/ratis/c28f6734-6a6e-4997-be64-4b591ae0c988/sm/snapshot.1_33 took: 2 ms
2025-05-14 02:53:55,061 [f8181075-ae63-407a-b17c-78185f7d70dd@group-4B591AE0C988-StateMachineUpdater] INFO  impl.SimpleStateMachineStorage (SimpleStateMachineStorage.java:lambda$cleanupOldSnapshots$1(126)) - Deleting old snapshot at /home/runner/work/ozone/ozone/hadoop-ozone/integration-test/target/test-dir/MiniOzoneClusterImpl-af940217-b311-440f-8e09-352fdf66236b/ozone-meta/datanode-1/ratis/c28f6734-6a6e-4997-be64-4b591ae0c988/sm/snapshot.1_5
2025-05-14 02:53:55,061 [f8181075-ae63-407a-b17c-78185f7d70dd@group-4B591AE0C988-StateMachineUpdater] INFO  impl.StateMachineUpdater (StateMachineUpdater.java:takeSnapshot(303)) - f8181075-ae63-407a-b17c-78185f7d70dd@group-4B591AE0C988-StateMachineUpdater: Took a snapshot at index 33
2025-05-14 02:53:55,061 [f8181075-ae63-407a-b17c-78185f7d70dd@group-4B591AE0C988-StateMachineUpdater] INFO  impl.StateMachineUpdater (StateMachineUpdater.java:lambda$new$0(102)) - f8181075-ae63-407a-b17c-78185f7d70dd@group-4B591AE0C988-StateMachineUpdater: snapshotIndex: updateIncreasingly 30 -> 33
2025-05-14 02:53:55,061 [f8181075-ae63-407a-b17c-78185f7d70dd-ChunkWriter-0-0] WARN  helpers.ChunkUtils (ChunkUtils.java:validateChunkForOverwrite(378)) - Duplicate write chunk request. Chunk overwrite without explicit request. ChunkInfo{chunkName='115816896921600004.data.0, offset=0, len=5}
2025-05-14 02:53:55,064 [f8181075-ae63-407a-b17c-78185f7d70dd-ChunkWriter-0-0] WARN  helpers.ChunkUtils (ChunkUtils.java:validateChunkForOverwrite(378)) - Duplicate write chunk request. Chunk overwrite without explicit request. ChunkInfo{chunkName='115816896921600004.data.0, offset=0, len=5}
2025-05-14 02:53:55,066 [f8181075-ae63-407a-b17c-78185f7d70dd-ChunkWriter-0-0] WARN  helpers.ChunkUtils (ChunkUtils.java:validateChunkForOverwrite(378)) - Duplicate write chunk request. Chunk overwrite without explicit request. ChunkInfo{chunkName='115816896921600004.data.0, offset=0, len=5}
2025-05-14 02:53:55,067 [f8181075-ae63-407a-b17c-78185f7d70dd-ChunkWriter-0-0] WARN  helpers.ChunkUtils (ChunkUtils.java:validateChunkForOverwrite(378)) - Duplicate write chunk request. Chunk overwrite without explicit request. ChunkInfo{chunkName='115816896921600004.data.0, offset=0, len=5}
2025-05-14 02:53:55,068 [f8181075-ae63-407a-b17c-78185f7d70dd@group-4B591AE0C988-StateMachineUpdater] INFO  ratis.ContainerStateMachine (ContainerStateMachine.java:takeSnapshot(427)) - group-4B591AE0C988: Taking a snapshot at:(t:1, i:40) file /home/runner/work/ozone/ozone/hadoop-ozone/integration-test/target/test-dir/MiniOzoneClusterImpl-af940217-b311-440f-8e09-352fdf66236b/ozone-meta/datanode-1/ratis/c28f6734-6a6e-4997-be64-4b591ae0c988/sm/snapshot.1_40
2025-05-14 02:53:55,068 [f8181075-ae63-407a-b17c-78185f7d70dd-ChunkWriter-0-0] WARN  helpers.ChunkUtils (ChunkUtils.java:validateChunkForOverwrite(378)) - Duplicate write chunk request. Chunk overwrite without explicit request. ChunkInfo{chunkName='115816896921600004.data.0, offset=0, len=5}
2025-05-14 02:53:55,069 [f8181075-ae63-407a-b17c-78185f7d70dd-ChunkWriter-0-0] WARN  helpers.ChunkUtils (ChunkUtils.java:validateChunkForOverwrite(378)) - Duplicate write chunk request. Chunk overwrite without explicit request. ChunkInfo{chunkName='115816896921600004.data.0, offset=0, len=5}
2025-05-14 02:53:55,070 [f8181075-ae63-407a-b17c-78185f7d70dd@group-4B591AE0C988-StateMachineUpdater] INFO  ratis.ContainerStateMachine (ContainerStateMachine.java:takeSnapshot(436)) - group-4B591AE0C988: Finished taking a snapshot at:(t:1, i:40) file:/home/runner/work/ozone/ozone/hadoop-ozone/integration-test/target/test-dir/MiniOzoneClusterImpl-af940217-b311-440f-8e09-352fdf66236b/ozone-meta/datanode-1/ratis/c28f6734-6a6e-4997-be64-4b591ae0c988/sm/snapshot.1_40 took: 3 ms
2025-05-14 02:53:55,071 [f8181075-ae63-407a-b17c-78185f7d70dd@group-4B591AE0C988-StateMachineUpdater] INFO  impl.SimpleStateMachineStorage (SimpleStateMachineStorage.java:lambda$cleanupOldSnapshots$1(126)) - Deleting old snapshot at /home/runner/work/ozone/ozone/hadoop-ozone/integration-test/target/test-dir/MiniOzoneClusterImpl-af940217-b311-440f-8e09-352fdf66236b/ozone-meta/datanode-1/ratis/c28f6734-6a6e-4997-be64-4b591ae0c988/sm/snapshot.1_7
2025-05-14 02:53:55,071 [f8181075-ae63-407a-b17c-78185f7d70dd@group-4B591AE0C988-StateMachineUpdater] INFO  impl.StateMachineUpdater (StateMachineUpdater.java:takeSnapshot(303)) - f8181075-ae63-407a-b17c-78185f7d70dd@group-4B591AE0C988-StateMachineUpdater: Took a snapshot at index 40
2025-05-14 02:53:55,071 [f8181075-ae63-407a-b17c-78185f7d70dd@group-4B591AE0C988-StateMachineUpdater] INFO  impl.StateMachineUpdater (StateMachineUpdater.java:lambda$new$0(102)) - f8181075-ae63-407a-b17c-78185f7d70dd@group-4B591AE0C988-StateMachineUpdater: snapshotIndex: updateIncreasingly 33 -> 40
2025-05-14 02:53:55,073 [f8181075-ae63-407a-b17c-78185f7d70dd-ChunkWriter-0-0] WARN  helpers.ChunkUtils (ChunkUtils.java:validateChunkForOverwrite(378)) - Duplicate write chunk request. Chunk overwrite without explicit request. ChunkInfo{chunkName='115816896921600004.data.0, offset=0, len=5}
2025-05-14 02:53:55,074 [f8181075-ae63-407a-b17c-78185f7d70dd-ChunkWriter-0-0] WARN  helpers.ChunkUtils (ChunkUtils.java:validateChunkForOverwrite(378)) - Duplicate write chunk request. Chunk overwrite without explicit request. ChunkInfo{chunkName='115816896921600004.data.0, offset=0, len=5}
2025-05-14 02:53:55,076 [f8181075-ae63-407a-b17c-78185f7d70dd@group-4B591AE0C988-StateMachineUpdater] INFO  ratis.ContainerStateMachine (ContainerStateMachine.java:takeSnapshot(427)) - group-4B591AE0C988: Taking a snapshot at:(t:1, i:45) file /home/runner/work/ozone/ozone/hadoop-ozone/integration-test/target/test-dir/MiniOzoneClusterImpl-af940217-b311-440f-8e09-352fdf66236b/ozone-meta/datanode-1/ratis/c28f6734-6a6e-4997-be64-4b591ae0c988/sm/snapshot.1_45
2025-05-14 02:53:55,077 [f8181075-ae63-407a-b17c-78185f7d70dd@group-4B591AE0C988-StateMachineUpdater] INFO  ratis.ContainerStateMachine (ContainerStateMachine.java:takeSnapshot(436)) - group-4B591AE0C988: Finished taking a snapshot at:(t:1, i:45) file:/home/runner/work/ozone/ozone/hadoop-ozone/integration-test/target/test-dir/MiniOzoneClusterImpl-af940217-b311-440f-8e09-352fdf66236b/ozone-meta/datanode-1/ratis/c28f6734-6a6e-4997-be64-4b591ae0c988/sm/snapshot.1_45 took: 1 ms
2025-05-14 02:53:55,077 [f8181075-ae63-407a-b17c-78185f7d70dd@group-4B591AE0C988-StateMachineUpdater] INFO  impl.SimpleStateMachineStorage (SimpleStateMachineStorage.java:lambda$cleanupOldSnapshots$1(126)) - Deleting old snapshot at /home/runner/work/ozone/ozone/hadoop-ozone/integration-test/target/test-dir/MiniOzoneClusterImpl-af940217-b311-440f-8e09-352fdf66236b/ozone-meta/datanode-1/ratis/c28f6734-6a6e-4997-be64-4b591ae0c988/sm/snapshot.1_11
2025-05-14 02:53:55,078 [f8181075-ae63-407a-b17c-78185f7d70dd-ChunkWriter-0-0] WARN  helpers.ChunkUtils (ChunkUtils.java:validateChunkForOverwrite(378)) - Duplicate write chunk request. Chunk overwrite without explicit request. ChunkInfo{chunkName='115816896921600004.data.0, offset=0, len=5}
2025-05-14 02:53:55,080 [f8181075-ae63-407a-b17c-78185f7d70dd@group-4B591AE0C988-StateMachineUpdater] INFO  impl.StateMachineUpdater (StateMachineUpdater.java:takeSnapshot(303)) - f8181075-ae63-407a-b17c-78185f7d70dd@group-4B591AE0C988-StateMachineUpdater: Took a snapshot at index 45
2025-05-14 02:53:55,081 [f8181075-ae63-407a-b17c-78185f7d70dd-ChunkWriter-0-0] WARN  helpers.ChunkUtils (ChunkUtils.java:validateChunkForOverwrite(378)) - Duplicate write chunk request. Chunk overwrite without explicit request. ChunkInfo{chunkName='115816896921600004.data.0, offset=0, len=5}
2025-05-14 02:53:55,081 [f8181075-ae63-407a-b17c-78185f7d70dd-ChunkWriter-0-0] WARN  helpers.ChunkUtils (ChunkUtils.java:validateChunkForOverwrite(378)) - Duplicate write chunk request. Chunk overwrite without explicit request. ChunkInfo{chunkName='115816896921600004.data.0, offset=0, len=5}
2025-05-14 02:53:55,081 [f8181075-ae63-407a-b17c-78185f7d70dd@group-4B591AE0C988-StateMachineUpdater] INFO  impl.StateMachineUpdater (StateMachineUpdater.java:lambda$new$0(102)) - f8181075-ae63-407a-b17c-78185f7d70dd@group-4B591AE0C988-StateMachineUpdater: snapshotIndex: updateIncreasingly 40 -> 45
2025-05-14 02:53:55,084 [f8181075-ae63-407a-b17c-78185f7d70dd@group-4B591AE0C988-StateMachineUpdater] INFO  ratis.ContainerStateMachine (ContainerStateMachine.java:takeSnapshot(427)) - group-4B591AE0C988: Taking a snapshot at:(t:1, i:53) file /home/runner/work/ozone/ozone/hadoop-ozone/integration-test/target/test-dir/MiniOzoneClusterImpl-af940217-b311-440f-8e09-352fdf66236b/ozone-meta/datanode-1/ratis/c28f6734-6a6e-4997-be64-4b591ae0c988/sm/snapshot.1_53
2025-05-14 02:53:55,084 [f8181075-ae63-407a-b17c-78185f7d70dd-ChunkWriter-0-0] WARN  helpers.ChunkUtils (ChunkUtils.java:validateChunkForOverwrite(378)) - Duplicate write chunk request. Chunk overwrite without explicit request. ChunkInfo{chunkName='115816896921600004.data.0, offset=0, len=5}
2025-05-14 02:53:55,085 [f8181075-ae63-407a-b17c-78185f7d70dd@group-4B591AE0C988-StateMachineUpdater] INFO  ratis.ContainerStateMachine (ContainerStateMachine.java:takeSnapshot(436)) - group-4B591AE0C988: Finished taking a snapshot at:(t:1, i:53) file:/home/runner/work/ozone/ozone/hadoop-ozone/integration-test/target/test-dir/MiniOzoneClusterImpl-af940217-b311-440f-8e09-352fdf66236b/ozone-meta/datanode-1/ratis/c28f6734-6a6e-4997-be64-4b591ae0c988/sm/snapshot.1_53 took: 1 ms
2025-05-14 02:53:55,085 [f8181075-ae63-407a-b17c-78185f7d70dd@group-4B591AE0C988-StateMachineUpdater] INFO  impl.SimpleStateMachineStorage (SimpleStateMachineStorage.java:lambda$cleanupOldSnapshots$1(126)) - Deleting old snapshot at /home/runner/work/ozone/ozone/hadoop-ozone/integration-test/target/test-dir/MiniOzoneClusterImpl-af940217-b311-440f-8e09-352fdf66236b/ozone-meta/datanode-1/ratis/c28f6734-6a6e-4997-be64-4b591ae0c988/sm/snapshot.1_21
2025-05-14 02:53:55,086 [f8181075-ae63-407a-b17c-78185f7d70dd@group-4B591AE0C988-StateMachineUpdater] INFO  impl.StateMachineUpdater (StateMachineUpdater.java:takeSnapshot(303)) - f8181075-ae63-407a-b17c-78185f7d70dd@group-4B591AE0C988-StateMachineUpdater: Took a snapshot at index 53
2025-05-14 02:53:55,086 [f8181075-ae63-407a-b17c-78185f7d70dd-ChunkWriter-0-0] WARN  helpers.ChunkUtils (ChunkUtils.java:validateChunkForOverwrite(378)) - Duplicate write chunk request. Chunk overwrite without explicit request. ChunkInfo{chunkName='115816896921600004.data.0, offset=0, len=5}
2025-05-14 02:53:55,086 [f8181075-ae63-407a-b17c-78185f7d70dd@group-4B591AE0C988-StateMachineUpdater] INFO  impl.StateMachineUpdater (StateMachineUpdater.java:lambda$new$0(102)) - f8181075-ae63-407a-b17c-78185f7d70dd@group-4B591AE0C988-StateMachineUpdater: snapshotIndex: updateIncreasingly 45 -> 53
2025-05-14 02:53:55,087 [f8181075-ae63-407a-b17c-78185f7d70dd-ChunkWriter-0-0] WARN  helpers.ChunkUtils (ChunkUtils.java:validateChunkForOverwrite(378)) - Duplicate write chunk request. Chunk overwrite without explicit request. ChunkInfo{chunkName='115816896921600004.data.0, offset=0, len=5}
2025-05-14 02:53:55,088 [f8181075-ae63-407a-b17c-78185f7d70dd@group-4B591AE0C988-StateMachineUpdater] INFO  ratis.ContainerStateMachine (ContainerStateMachine.java:takeSnapshot(427)) - group-4B591AE0C988: Taking a snapshot at:(t:1, i:58) file /home/runner/work/ozone/ozone/hadoop-ozone/integration-test/target/test-dir/MiniOzoneClusterImpl-af940217-b311-440f-8e09-352fdf66236b/ozone-meta/datanode-1/ratis/c28f6734-6a6e-4997-be64-4b591ae0c988/sm/snapshot.1_58
2025-05-14 02:53:55,089 [f8181075-ae63-407a-b17c-78185f7d70dd-ChunkWriter-0-0] WARN  helpers.ChunkUtils (ChunkUtils.java:validateChunkForOverwrite(378)) - Duplicate write chunk request. Chunk overwrite without explicit request. ChunkInfo{chunkName='115816896921600004.data.0, offset=0, len=5}
2025-05-14 02:53:55,090 [f8181075-ae63-407a-b17c-78185f7d70dd@group-4B591AE0C988-StateMachineUpdater] INFO  ratis.ContainerStateMachine (ContainerStateMachine.java:takeSnapshot(436)) - group-4B591AE0C988: Finished taking a snapshot at:(t:1, i:58) file:/home/runner/work/ozone/ozone/hadoop-ozone/integration-test/target/test-dir/MiniOzoneClusterImpl-af940217-b311-440f-8e09-352fdf66236b/ozone-meta/datanode-1/ratis/c28f6734-6a6e-4997-be64-4b591ae0c988/sm/snapshot.1_58 took: 1 ms
2025-05-14 02:53:55,090 [f8181075-ae63-407a-b17c-78185f7d70dd@group-4B591AE0C988-StateMachineUpdater] INFO  impl.SimpleStateMachineStorage (SimpleStateMachineStorage.java:lambda$cleanupOldSnapshots$1(126)) - Deleting old snapshot at /home/runner/work/ozone/ozone/hadoop-ozone/integration-test/target/test-dir/MiniOzoneClusterImpl-af940217-b311-440f-8e09-352fdf66236b/ozone-meta/datanode-1/ratis/c28f6734-6a6e-4997-be64-4b591ae0c988/sm/snapshot.1_30
2025-05-14 02:53:55,090 [f8181075-ae63-407a-b17c-78185f7d70dd@group-4B591AE0C988-StateMachineUpdater] INFO  impl.StateMachineUpdater (StateMachineUpdater.java:takeSnapshot(303)) - f8181075-ae63-407a-b17c-78185f7d70dd@group-4B591AE0C988-StateMachineUpdater: Took a snapshot at index 58
2025-05-14 02:53:55,090 [f8181075-ae63-407a-b17c-78185f7d70dd@group-4B591AE0C988-StateMachineUpdater] INFO  impl.StateMachineUpdater (StateMachineUpdater.java:lambda$new$0(102)) - f8181075-ae63-407a-b17c-78185f7d70dd@group-4B591AE0C988-StateMachineUpdater: snapshotIndex: updateIncreasingly 53 -> 58
2025-05-14 02:53:55,092 [f8181075-ae63-407a-b17c-78185f7d70dd-ChunkWriter-0-0] WARN  helpers.ChunkUtils (ChunkUtils.java:validateChunkForOverwrite(378)) - Duplicate write chunk request. Chunk overwrite without explicit request. ChunkInfo{chunkName='115816896921600004.data.0, offset=0, len=5}
2025-05-14 02:53:55,094 [f8181075-ae63-407a-b17c-78185f7d70dd@group-4B591AE0C988-StateMachineUpdater] INFO  ratis.ContainerStateMachine (ContainerStateMachine.java:takeSnapshot(427)) - group-4B591AE0C988: Taking a snapshot at:(t:1, i:64) file /home/runner/work/ozone/ozone/hadoop-ozone/integration-test/target/test-dir/MiniOzoneClusterImpl-af940217-b311-440f-8e09-352fdf66236b/ozone-meta/datanode-1/ratis/c28f6734-6a6e-4997-be64-4b591ae0c988/sm/snapshot.1_64
2025-05-14 02:53:55,094 [f8181075-ae63-407a-b17c-78185f7d70dd-ChunkWriter-0-0] WARN  helpers.ChunkUtils (ChunkUtils.java:validateChunkForOverwrite(378)) - Duplicate write chunk request. Chunk overwrite without explicit request. ChunkInfo{chunkName='115816896921600004.data.0, offset=0, len=5}
2025-05-14 02:53:55,096 [f8181075-ae63-407a-b17c-78185f7d70dd@group-4B591AE0C988-StateMachineUpdater] INFO  ratis.ContainerStateMachine (ContainerStateMachine.java:takeSnapshot(436)) - group-4B591AE0C988: Finished taking a snapshot at:(t:1, i:64) file:/home/runner/work/ozone/ozone/hadoop-ozone/integration-test/target/test-dir/MiniOzoneClusterImpl-af940217-b311-440f-8e09-352fdf66236b/ozone-meta/datanode-1/ratis/c28f6734-6a6e-4997-be64-4b591ae0c988/sm/snapshot.1_64 took: 2 ms
2025-05-14 02:53:55,096 [f8181075-ae63-407a-b17c-78185f7d70dd@group-4B591AE0C988-StateMachineUpdater] INFO  impl.SimpleStateMachineStorage (SimpleStateMachineStorage.java:lambda$cleanupOldSnapshots$1(126)) - Deleting old snapshot at /home/runner/work/ozone/ozone/hadoop-ozone/integration-test/target/test-dir/MiniOzoneClusterImpl-af940217-b311-440f-8e09-352fdf66236b/ozone-meta/datanode-1/ratis/c28f6734-6a6e-4997-be64-4b591ae0c988/sm/snapshot.1_33
2025-05-14 02:53:55,096 [f8181075-ae63-407a-b17c-78185f7d70dd@group-4B591AE0C988-StateMachineUpdater] INFO  impl.StateMachineUpdater (StateMachineUpdater.java:takeSnapshot(303)) - f8181075-ae63-407a-b17c-78185f7d70dd@group-4B591AE0C988-StateMachineUpdater: Took a snapshot at index 64
2025-05-14 02:53:55,096 [f8181075-ae63-407a-b17c-78185f7d70dd@group-4B591AE0C988-StateMachineUpdater] INFO  impl.StateMachineUpdater (StateMachineUpdater.java:lambda$new$0(102)) - f8181075-ae63-407a-b17c-78185f7d70dd@group-4B591AE0C988-StateMachineUpdater: snapshotIndex: updateIncreasingly 58 -> 64
2025-05-14 02:53:55,096 [f8181075-ae63-407a-b17c-78185f7d70dd@group-4B591AE0C988-StateMachineUpdater] INFO  ratis.ContainerStateMachine (ContainerStateMachine.java:takeSnapshot(427)) - group-4B591AE0C988: Taking a snapshot at:(t:1, i:65) file /home/runner/work/ozone/ozone/hadoop-ozone/integration-test/target/test-dir/MiniOzoneClusterImpl-af940217-b311-440f-8e09-352fdf66236b/ozone-meta/datanode-1/ratis/c28f6734-6a6e-4997-be64-4b591ae0c988/sm/snapshot.1_65
2025-05-14 02:53:55,097 [f8181075-ae63-407a-b17c-78185f7d70dd-ChunkWriter-0-0] WARN  helpers.ChunkUtils (ChunkUtils.java:validateChunkForOverwrite(378)) - Duplicate write chunk request. Chunk overwrite without explicit request. ChunkInfo{chunkName='115816896921600004.data.0, offset=0, len=5}
2025-05-14 02:53:55,097 [f8181075-ae63-407a-b17c-78185f7d70dd@group-4B591AE0C988-StateMachineUpdater] INFO  ratis.ContainerStateMachine (ContainerStateMachine.java:takeSnapshot(436)) - group-4B591AE0C988: Finished taking a snapshot at:(t:1, i:65) file:/home/runner/work/ozone/ozone/hadoop-ozone/integration-test/target/test-dir/MiniOzoneClusterImpl-af940217-b311-440f-8e09-352fdf66236b/ozone-meta/datanode-1/ratis/c28f6734-6a6e-4997-be64-4b591ae0c988/sm/snapshot.1_65 took: 0 ms
2025-05-14 02:53:55,098 [f8181075-ae63-407a-b17c-78185f7d70dd@group-4B591AE0C988-StateMachineUpdater] INFO  impl.SimpleStateMachineStorage (SimpleStateMachineStorage.java:lambda$cleanupOldSnapshots$1(126)) - Deleting old snapshot at /home/runner/work/ozone/ozone/hadoop-ozone/integration-test/target/test-dir/MiniOzoneClusterImpl-af940217-b311-440f-8e09-352fdf66236b/ozone-meta/datanode-1/ratis/c28f6734-6a6e-4997-be64-4b591ae0c988/sm/snapshot.1_40
2025-05-14 02:53:55,098 [f8181075-ae63-407a-b17c-78185f7d70dd@group-4B591AE0C988-StateMachineUpdater] INFO  impl.StateMachineUpdater (StateMachineUpdater.java:takeSnapshot(303)) - f8181075-ae63-407a-b17c-78185f7d70dd@group-4B591AE0C988-StateMachineUpdater: Took a snapshot at index 65
2025-05-14 02:53:55,098 [f8181075-ae63-407a-b17c-78185f7d70dd@group-4B591AE0C988-StateMachineUpdater] INFO  impl.StateMachineUpdater (StateMachineUpdater.java:lambda$new$0(102)) - f8181075-ae63-407a-b17c-78185f7d70dd@group-4B591AE0C988-StateMachineUpdater: snapshotIndex: updateIncreasingly 64 -> 65
2025-05-14 02:53:55,099 [f8181075-ae63-407a-b17c-78185f7d70dd-ChunkWriter-0-0] WARN  helpers.ChunkUtils (ChunkUtils.java:validateChunkForOverwrite(378)) - Duplicate write chunk request. Chunk overwrite without explicit request. ChunkInfo{chunkName='115816896921600004.data.0, offset=0, len=5}
2025-05-14 02:53:55,100 [f8181075-ae63-407a-b17c-78185f7d70dd@group-4B591AE0C988-StateMachineUpdater] INFO  ratis.ContainerStateMachine (ContainerStateMachine.java:takeSnapshot(427)) - group-4B591AE0C988: Taking a snapshot at:(t:1, i:68) file /home/runner/work/ozone/ozone/hadoop-ozone/integration-test/target/test-dir/MiniOzoneClusterImpl-af940217-b311-440f-8e09-352fdf66236b/ozone-meta/datanode-1/ratis/c28f6734-6a6e-4997-be64-4b591ae0c988/sm/snapshot.1_68
2025-05-14 02:53:55,101 [f8181075-ae63-407a-b17c-78185f7d70dd-ChunkWriter-0-0] WARN  helpers.ChunkUtils (ChunkUtils.java:validateChunkForOverwrite(378)) - Duplicate write chunk request. Chunk overwrite without explicit request. ChunkInfo{chunkName='115816896921600004.data.0, offset=0, len=5}
2025-05-14 02:53:55,102 [f8181075-ae63-407a-b17c-78185f7d70dd@group-4B591AE0C988-StateMachineUpdater] INFO  ratis.ContainerStateMachine (ContainerStateMachine.java:takeSnapshot(436)) - group-4B591AE0C988: Finished taking a snapshot at:(t:1, i:68) file:/home/runner/work/ozone/ozone/hadoop-ozone/integration-test/target/test-dir/MiniOzoneClusterImpl-af940217-b311-440f-8e09-352fdf66236b/ozone-meta/datanode-1/ratis/c28f6734-6a6e-4997-be64-4b591ae0c988/sm/snapshot.1_68 took: 2 ms
2025-05-14 02:53:55,102 [f8181075-ae63-407a-b17c-78185f7d70dd-ChunkWriter-0-0] WARN  helpers.ChunkUtils (ChunkUtils.java:validateChunkForOverwrite(378)) - Duplicate write chunk request. Chunk overwrite without explicit request. ChunkInfo{chunkName='115816896921600004.data.0, offset=0, len=5}
2025-05-14 02:53:55,103 [f8181075-ae63-407a-b17c-78185f7d70dd@group-4B591AE0C988-StateMachineUpdater] INFO  impl.SimpleStateMachineStorage (SimpleStateMachineStorage.java:lambda$cleanupOldSnapshots$1(126)) - Deleting old snapshot at /home/runner/work/ozone/ozone/hadoop-ozone/integration-test/target/test-dir/MiniOzoneClusterImpl-af940217-b311-440f-8e09-352fdf66236b/ozone-meta/datanode-1/ratis/c28f6734-6a6e-4997-be64-4b591ae0c988/sm/snapshot.1_45
2025-05-14 02:53:55,103 [f8181075-ae63-407a-b17c-78185f7d70dd@group-4B591AE0C988-StateMachineUpdater] INFO  impl.StateMachineUpdater (StateMachineUpdater.java:takeSnapshot(303)) - f8181075-ae63-407a-b17c-78185f7d70dd@group-4B591AE0C988-StateMachineUpdater: Took a snapshot at index 68
2025-05-14 02:53:55,103 [f8181075-ae63-407a-b17c-78185f7d70dd@group-4B591AE0C988-StateMachineUpdater] INFO  impl.StateMachineUpdater (StateMachineUpdater.java:lambda$new$0(102)) - f8181075-ae63-407a-b17c-78185f7d70dd@group-4B591AE0C988-StateMachineUpdater: snapshotIndex: updateIncreasingly 65 -> 68
2025-05-14 02:53:55,103 [f8181075-ae63-407a-b17c-78185f7d70dd-ChunkWriter-0-0] WARN  helpers.ChunkUtils (ChunkUtils.java:validateChunkForOverwrite(378)) - Duplicate write chunk request. Chunk overwrite without explicit request. ChunkInfo{chunkName='115816896921600004.data.0, offset=0, len=5}
2025-05-14 02:53:55,104 [f8181075-ae63-407a-b17c-78185f7d70dd-ChunkWriter-0-0] WARN  helpers.ChunkUtils (ChunkUtils.java:validateChunkForOverwrite(378)) - Duplicate write chunk request. Chunk overwrite without explicit request. ChunkInfo{chunkName='115816896921600004.data.0, offset=0, len=5}
2025-05-14 02:53:55,104 [f8181075-ae63-407a-b17c-78185f7d70dd-ChunkWriter-0-0] WARN  helpers.ChunkUtils (ChunkUtils.java:validateChunkForOverwrite(378)) - Duplicate write chunk request. Chunk overwrite without explicit request. ChunkInfo{chunkName='115816896921600004.data.0, offset=0, len=5}
2025-05-14 02:53:55,105 [f8181075-ae63-407a-b17c-78185f7d70dd-ChunkWriter-0-0] WARN  helpers.ChunkUtils (ChunkUtils.java:validateChunkForOverwrite(378)) - Duplicate write chunk request. Chunk overwrite without explicit request. ChunkInfo{chunkName='115816896921600004.data.0, offset=0, len=5}
2025-05-14 02:53:55,105 [f8181075-ae63-407a-b17c-78185f7d70dd@group-4B591AE0C988-StateMachineUpdater] INFO  ratis.ContainerStateMachine (ContainerStateMachine.java:takeSnapshot(427)) - group-4B591AE0C988: Taking a snapshot at:(t:1, i:72) file /home/runner/work/ozone/ozone/hadoop-ozone/integration-test/target/test-dir/MiniOzoneClusterImpl-af940217-b311-440f-8e09-352fdf66236b/ozone-meta/datanode-1/ratis/c28f6734-6a6e-4997-be64-4b591ae0c988/sm/snapshot.1_72
2025-05-14 02:53:55,106 [f8181075-ae63-407a-b17c-78185f7d70dd-ChunkWriter-0-0] WARN  helpers.ChunkUtils (ChunkUtils.java:validateChunkForOverwrite(378)) - Duplicate write chunk request. Chunk overwrite without explicit request. ChunkInfo{chunkName='115816896921600004.data.0, offset=0, len=5}
2025-05-14 02:53:55,106 [f8181075-ae63-407a-b17c-78185f7d70dd@group-4B591AE0C988-StateMachineUpdater] INFO  ratis.ContainerStateMachine (ContainerStateMachine.java:takeSnapshot(436)) - group-4B591AE0C988: Finished taking a snapshot at:(t:1, i:72) file:/home/runner/work/ozone/ozone/hadoop-ozone/integration-test/target/test-dir/MiniOzoneClusterImpl-af940217-b311-440f-8e09-352fdf66236b/ozone-meta/datanode-1/ratis/c28f6734-6a6e-4997-be64-4b591ae0c988/sm/snapshot.1_72 took: 1 ms
2025-05-14 02:53:55,107 [f8181075-ae63-407a-b17c-78185f7d70dd@group-4B591AE0C988-StateMachineUpdater] INFO  impl.SimpleStateMachineStorage (SimpleStateMachineStorage.java:lambda$cleanupOldSnapshots$1(126)) - Deleting old snapshot at /home/runner/work/ozone/ozone/hadoop-ozone/integration-test/target/test-dir/MiniOzoneClusterImpl-af940217-b311-440f-8e09-352fdf66236b/ozone-meta/datanode-1/ratis/c28f6734-6a6e-4997-be64-4b591ae0c988/sm/snapshot.1_53
2025-05-14 02:53:55,107 [f8181075-ae63-407a-b17c-78185f7d70dd@group-4B591AE0C988-StateMachineUpdater] INFO  impl.StateMachineUpdater (StateMachineUpdater.java:takeSnapshot(303)) - f8181075-ae63-407a-b17c-78185f7d70dd@group-4B591AE0C988-StateMachineUpdater: Took a snapshot at index 72
2025-05-14 02:53:55,107 [f8181075-ae63-407a-b17c-78185f7d70dd@group-4B591AE0C988-StateMachineUpdater] INFO  impl.StateMachineUpdater (StateMachineUpdater.java:lambda$new$0(102)) - f8181075-ae63-407a-b17c-78185f7d70dd@group-4B591AE0C988-StateMachineUpdater: snapshotIndex: updateIncreasingly 68 -> 72
2025-05-14 02:53:55,108 [f8181075-ae63-407a-b17c-78185f7d70dd-ChunkWriter-0-0] WARN  helpers.ChunkUtils (ChunkUtils.java:validateChunkForOverwrite(378)) - Duplicate write chunk request. Chunk overwrite without explicit request. ChunkInfo{chunkName='115816896921600004.data.0, offset=0, len=5}
2025-05-14 02:53:55,109 [f8181075-ae63-407a-b17c-78185f7d70dd@group-4B591AE0C988-StateMachineUpdater] INFO  ratis.ContainerStateMachine (ContainerStateMachine.java:takeSnapshot(427)) - group-4B591AE0C988: Taking a snapshot at:(t:1, i:77) file /home/runner/work/ozone/ozone/hadoop-ozone/integration-test/target/test-dir/MiniOzoneClusterImpl-af940217-b311-440f-8e09-352fdf66236b/ozone-meta/datanode-1/ratis/c28f6734-6a6e-4997-be64-4b591ae0c988/sm/snapshot.1_77
2025-05-14 02:53:55,109 [f8181075-ae63-407a-b17c-78185f7d70dd-ChunkWriter-0-0] WARN  helpers.ChunkUtils (ChunkUtils.java:validateChunkForOverwrite(378)) - Duplicate write chunk request. Chunk overwrite without explicit request. ChunkInfo{chunkName='115816896921600004.data.0, offset=0, len=5}
2025-05-14 02:53:55,110 [f8181075-ae63-407a-b17c-78185f7d70dd@group-4B591AE0C988-StateMachineUpdater] INFO  ratis.ContainerStateMachine (ContainerStateMachine.java:takeSnapshot(436)) - group-4B591AE0C988: Finished taking a snapshot at:(t:1, i:77) file:/home/runner/work/ozone/ozone/hadoop-ozone/integration-test/target/test-dir/MiniOzoneClusterImpl-af940217-b311-440f-8e09-352fdf66236b/ozone-meta/datanode-1/ratis/c28f6734-6a6e-4997-be64-4b591ae0c988/sm/snapshot.1_77 took: 1 ms
2025-05-14 02:53:55,110 [f8181075-ae63-407a-b17c-78185f7d70dd@group-4B591AE0C988-StateMachineUpdater] INFO  impl.SimpleStateMachineStorage (SimpleStateMachineStorage.java:lambda$cleanupOldSnapshots$1(126)) - Deleting old snapshot at /home/runner/work/ozone/ozone/hadoop-ozone/integration-test/target/test-dir/MiniOzoneClusterImpl-af940217-b311-440f-8e09-352fdf66236b/ozone-meta/datanode-1/ratis/c28f6734-6a6e-4997-be64-4b591ae0c988/sm/snapshot.1_58
2025-05-14 02:53:55,111 [f8181075-ae63-407a-b17c-78185f7d70dd@group-4B591AE0C988-StateMachineUpdater] INFO  impl.StateMachineUpdater (StateMachineUpdater.java:takeSnapshot(303)) - f8181075-ae63-407a-b17c-78185f7d70dd@group-4B591AE0C988-StateMachineUpdater: Took a snapshot at index 77
2025-05-14 02:53:55,111 [f8181075-ae63-407a-b17c-78185f7d70dd@group-4B591AE0C988-StateMachineUpdater] INFO  impl.StateMachineUpdater (StateMachineUpdater.java:lambda$new$0(102)) - f8181075-ae63-407a-b17c-78185f7d70dd@group-4B591AE0C988-StateMachineUpdater: snapshotIndex: updateIncreasingly 72 -> 77
2025-05-14 02:53:55,112 [f8181075-ae63-407a-b17c-78185f7d70dd@group-4B591AE0C988-StateMachineUpdater] INFO  ratis.ContainerStateMachine (ContainerStateMachine.java:takeSnapshot(427)) - group-4B591AE0C988: Taking a snapshot at:(t:1, i:85) file /home/runner/work/ozone/ozone/hadoop-ozone/integration-test/target/test-dir/MiniOzoneClusterImpl-af940217-b311-440f-8e09-352fdf66236b/ozone-meta/datanode-1/ratis/c28f6734-6a6e-4997-be64-4b591ae0c988/sm/snapshot.1_85
2025-05-14 02:53:55,113 [f8181075-ae63-407a-b17c-78185f7d70dd@group-4B591AE0C988-StateMachineUpdater] INFO  ratis.ContainerStateMachine (ContainerStateMachine.java:takeSnapshot(436)) - group-4B591AE0C988: Finished taking a snapshot at:(t:1, i:85) file:/home/runner/work/ozone/ozone/hadoop-ozone/integration-test/target/test-dir/MiniOzoneClusterImpl-af940217-b311-440f-8e09-352fdf66236b/ozone-meta/datanode-1/ratis/c28f6734-6a6e-4997-be64-4b591ae0c988/sm/snapshot.1_85 took: 1 ms
2025-05-14 02:53:55,114 [f8181075-ae63-407a-b17c-78185f7d70dd@group-4B591AE0C988-StateMachineUpdater] INFO  impl.SimpleStateMachineStorage (SimpleStateMachineStorage.java:lambda$cleanupOldSnapshots$1(126)) - Deleting old snapshot at /home/runner/work/ozone/ozone/hadoop-ozone/integration-test/target/test-dir/MiniOzoneClusterImpl-af940217-b311-440f-8e09-352fdf66236b/ozone-meta/datanode-1/ratis/c28f6734-6a6e-4997-be64-4b591ae0c988/sm/snapshot.1_64
2025-05-14 02:53:55,114 [f8181075-ae63-407a-b17c-78185f7d70dd@group-4B591AE0C988-StateMachineUpdater] INFO  impl.StateMachineUpdater (StateMachineUpdater.java:takeSnapshot(303)) - f8181075-ae63-407a-b17c-78185f7d70dd@group-4B591AE0C988-StateMachineUpdater: Took a snapshot at index 85
2025-05-14 02:53:55,114 [f8181075-ae63-407a-b17c-78185f7d70dd@group-4B591AE0C988-StateMachineUpdater] INFO  impl.StateMachineUpdater (StateMachineUpdater.java:lambda$new$0(102)) - f8181075-ae63-407a-b17c-78185f7d70dd@group-4B591AE0C988-StateMachineUpdater: snapshotIndex: updateIncreasingly 77 -> 85
2025-05-14 02:53:55,114 [f8181075-ae63-407a-b17c-78185f7d70dd-ChunkWriter-0-0] WARN  helpers.ChunkUtils (ChunkUtils.java:validateChunkForOverwrite(378)) - Duplicate write chunk request. Chunk overwrite without explicit request. ChunkInfo{chunkName='115816896921600004.data.0, offset=0, len=5}
02:53:55.116 [f8181075-ae63-407a-b17c-78185f7d70dd-client-thread2] ERROR DNAudit - user=null | ip=null | op=WRITE_CHUNK {blockData=conID: 4 locID: 115816896921600004 bcsId: 0 replicaIndex: null, offset=0, size=5} | ret=FAILURE
org.apache.hadoop.hdds.scm.container.common.helpers.ContainerNotOpenException: Container 4 in CLOSING state
	at org.apache.hadoop.ozone.container.common.impl.HddsDispatcher.validateContainerCommand(HddsDispatcher.java:565) ~[hdds-container-service-2.1.0-SNAPSHOT.jar:?]
	at org.apache.hadoop.ozone.container.common.transport.server.ratis.ContainerStateMachine.startTransaction(ContainerStateMachine.java:488) ~[hdds-container-service-2.1.0-SNAPSHOT.jar:?]
	at org.apache.ratis.server.impl.RaftServerImpl.writeAsyncImpl(RaftServerImpl.java:973) ~[ratis-server-3.1.2.jar:3.1.2]
	at org.apache.ratis.server.impl.RaftServerImpl.writeAsync(RaftServerImpl.java:946) ~[ratis-server-3.1.2.jar:3.1.2]
	at org.apache.ratis.server.impl.RaftServerImpl.replyFuture(RaftServerImpl.java:939) ~[ratis-server-3.1.2.jar:3.1.2]
	at org.apache.ratis.server.impl.RaftServerImpl.submitClientRequestAsync(RaftServerImpl.java:916) ~[ratis-server-3.1.2.jar:3.1.2]
	at org.apache.ratis.server.impl.RaftServerImpl.lambda$null$11(RaftServerImpl.java:905) ~[ratis-server-3.1.2.jar:3.1.2]
	at org.apache.ratis.util.JavaUtils.callAsUnchecked(JavaUtils.java:118) ~[ratis-common-3.1.2.jar:3.1.2]
	at org.apache.ratis.server.impl.RaftServerImpl.lambda$executeSubmitClientRequestAsync$12(RaftServerImpl.java:905) ~[ratis-server-3.1.2.jar:3.1.2]
	at java.base/java.util.concurrent.CompletableFuture$AsyncSupply.run(CompletableFuture.java:1768) ~[?:?]
	at java.base/java.util.concurrent.ThreadPoolExecutor.runWorker(ThreadPoolExecutor.java:1144) ~[?:?]
	at java.base/java.util.concurrent.ThreadPoolExecutor$Worker.run(ThreadPoolExecutor.java:642) ~[?:?]
	at java.base/java.lang.Thread.run(Thread.java:1583) [?:?]
02:53:55.118 [f8181075-ae63-407a-b17c-78185f7d70dd-client-thread2] ERROR DNAudit - user=null | ip=null | op=WRITE_CHUNK {blockData=conID: 4 locID: 115816896921600004 bcsId: 0 replicaIndex: null, offset=0, size=5} | ret=FAILURE
org.apache.hadoop.hdds.scm.container.common.helpers.ContainerNotOpenException: Container 4 in CLOSING state
	at org.apache.hadoop.ozone.container.common.impl.HddsDispatcher.validateContainerCommand(HddsDispatcher.java:565) ~[hdds-container-service-2.1.0-SNAPSHOT.jar:?]
	at org.apache.hadoop.ozone.container.common.transport.server.ratis.ContainerStateMachine.startTransaction(ContainerStateMachine.java:488) ~[hdds-container-service-2.1.0-SNAPSHOT.jar:?]
	at org.apache.ratis.server.impl.RaftServerImpl.writeAsyncImpl(RaftServerImpl.java:973) ~[ratis-server-3.1.2.jar:3.1.2]
	at org.apache.ratis.server.impl.RaftServerImpl.writeAsync(RaftServerImpl.java:946) ~[ratis-server-3.1.2.jar:3.1.2]
	at org.apache.ratis.server.impl.RaftServerImpl.replyFuture(RaftServerImpl.java:939) ~[ratis-server-3.1.2.jar:3.1.2]
	at org.apache.ratis.server.impl.RaftServerImpl.submitClientRequestAsync(RaftServerImpl.java:916) ~[ratis-server-3.1.2.jar:3.1.2]
	at org.apache.ratis.server.impl.RaftServerImpl.lambda$null$11(RaftServerImpl.java:905) ~[ratis-server-3.1.2.jar:3.1.2]
	at org.apache.ratis.util.JavaUtils.callAsUnchecked(JavaUtils.java:118) ~[ratis-common-3.1.2.jar:3.1.2]
	at org.apache.ratis.server.impl.RaftServerImpl.lambda$executeSubmitClientRequestAsync$12(RaftServerImpl.java:905) ~[ratis-server-3.1.2.jar:3.1.2]
	at java.base/java.util.concurrent.CompletableFuture$AsyncSupply.run(CompletableFuture.java:1768) ~[?:?]
	at java.base/java.util.concurrent.ThreadPoolExecutor.runWorker(ThreadPoolExecutor.java:1144) ~[?:?]
	at java.base/java.util.concurrent.ThreadPoolExecutor$Worker.run(ThreadPoolExecutor.java:642) ~[?:?]
	at java.base/java.lang.Thread.run(Thread.java:1583) [?:?]
02:53:55.119 [f8181075-ae63-407a-b17c-78185f7d70dd-client-thread2] ERROR DNAudit - user=null | ip=null | op=WRITE_CHUNK {blockData=conID: 4 locID: 115816896921600004 bcsId: 0 replicaIndex: null, offset=0, size=5} | ret=FAILURE
org.apache.hadoop.hdds.scm.container.common.helpers.ContainerNotOpenException: Container 4 in CLOSING state
	at org.apache.hadoop.ozone.container.common.impl.HddsDispatcher.validateContainerCommand(HddsDispatcher.java:565) ~[hdds-container-service-2.1.0-SNAPSHOT.jar:?]
	at org.apache.hadoop.ozone.container.common.transport.server.ratis.ContainerStateMachine.startTransaction(ContainerStateMachine.java:488) ~[hdds-container-service-2.1.0-SNAPSHOT.jar:?]
	at org.apache.ratis.server.impl.RaftServerImpl.writeAsyncImpl(RaftServerImpl.java:973) ~[ratis-server-3.1.2.jar:3.1.2]
	at org.apache.ratis.server.impl.RaftServerImpl.writeAsync(RaftServerImpl.java:946) ~[ratis-server-3.1.2.jar:3.1.2]
	at org.apache.ratis.server.impl.RaftServerImpl.replyFuture(RaftServerImpl.java:939) ~[ratis-server-3.1.2.jar:3.1.2]
	at org.apache.ratis.server.impl.RaftServerImpl.submitClientRequestAsync(RaftServerImpl.java:916) ~[ratis-server-3.1.2.jar:3.1.2]
	at org.apache.ratis.server.impl.RaftServerImpl.lambda$null$11(RaftServerImpl.java:905) ~[ratis-server-3.1.2.jar:3.1.2]
	at org.apache.ratis.util.JavaUtils.callAsUnchecked(JavaUtils.java:118) ~[ratis-common-3.1.2.jar:3.1.2]
	at org.apache.ratis.server.impl.RaftServerImpl.lambda$executeSubmitClientRequestAsync$12(RaftServerImpl.java:905) ~[ratis-server-3.1.2.jar:3.1.2]
	at java.base/java.util.concurrent.CompletableFuture$AsyncSupply.run(CompletableFuture.java:1768) ~[?:?]
	at java.base/java.util.concurrent.ThreadPoolExecutor.runWorker(ThreadPoolExecutor.java:1144) ~[?:?]
	at java.base/java.util.concurrent.ThreadPoolExecutor$Worker.run(ThreadPoolExecutor.java:642) ~[?:?]
	at java.base/java.lang.Thread.run(Thread.java:1583) [?:?]
2025-05-14 02:53:55,120 [f8181075-ae63-407a-b17c-78185f7d70dd-ContainerOp-c28f6734-6a6e-4997-be64-4b591ae0c988-6] INFO  keyvalue.KeyValueContainer (KeyValueContainer.java:flushAndSyncDB(511)) - Synced container: KeyValueContainerData #4 (CLOSING, non-empty, ri=0, origin=[dn_f8181075-ae63-407a-b17c-78185f7d70dd, pipeline_c28f6734-6a6e-4997-be64-4b591ae0c988])
2025-05-14 02:53:55,120 [f8181075-ae63-407a-b17c-78185f7d70dd-ContainerOp-c28f6734-6a6e-4997-be64-4b591ae0c988-6] INFO  keyvalue.KeyValueContainer (KeyValueContainer.java:flushAndSyncDB(511)) - Synced container: KeyValueContainerData #4 (CLOSING, non-empty, ri=0, origin=[dn_f8181075-ae63-407a-b17c-78185f7d70dd, pipeline_c28f6734-6a6e-4997-be64-4b591ae0c988])
02:53:55.120 [f8181075-ae63-407a-b17c-78185f7d70dd-client-thread2] ERROR DNAudit - user=null | ip=null | op=WRITE_CHUNK {blockData=conID: 4 locID: 115816896921600004 bcsId: 0 replicaIndex: null, offset=0, size=5} | ret=FAILURE
org.apache.hadoop.hdds.scm.container.common.helpers.ContainerNotOpenException: Container 4 in CLOSED state
	at org.apache.hadoop.ozone.container.common.impl.HddsDispatcher.validateContainerCommand(HddsDispatcher.java:565) ~[hdds-container-service-2.1.0-SNAPSHOT.jar:?]
	at org.apache.hadoop.ozone.container.common.transport.server.ratis.ContainerStateMachine.startTransaction(ContainerStateMachine.java:488) ~[hdds-container-service-2.1.0-SNAPSHOT.jar:?]
	at org.apache.ratis.server.impl.RaftServerImpl.writeAsyncImpl(RaftServerImpl.java:973) ~[ratis-server-3.1.2.jar:3.1.2]
	at org.apache.ratis.server.impl.RaftServerImpl.writeAsync(RaftServerImpl.java:946) ~[ratis-server-3.1.2.jar:3.1.2]
	at org.apache.ratis.server.impl.RaftServerImpl.replyFuture(RaftServerImpl.java:939) ~[ratis-server-3.1.2.jar:3.1.2]
	at org.apache.ratis.server.impl.RaftServerImpl.submitClientRequestAsync(RaftServerImpl.java:916) ~[ratis-server-3.1.2.jar:3.1.2]
	at org.apache.ratis.server.impl.RaftServerImpl.lambda$null$11(RaftServerImpl.java:905) ~[ratis-server-3.1.2.jar:3.1.2]
	at org.apache.ratis.util.JavaUtils.callAsUnchecked(JavaUtils.java:118) ~[ratis-common-3.1.2.jar:3.1.2]
	at org.apache.ratis.server.impl.RaftServerImpl.lambda$executeSubmitClientRequestAsync$12(RaftServerImpl.java:905) ~[ratis-server-3.1.2.jar:3.1.2]
	at java.base/java.util.concurrent.CompletableFuture$AsyncSupply.run(CompletableFuture.java:1768) ~[?:?]
	at java.base/java.util.concurrent.ThreadPoolExecutor.runWorker(ThreadPoolExecutor.java:1144) ~[?:?]
	at java.base/java.util.concurrent.ThreadPoolExecutor$Worker.run(ThreadPoolExecutor.java:642) ~[?:?]
	at java.base/java.lang.Thread.run(Thread.java:1583) [?:?]
2025-05-14 02:53:55,120 [FixedThreadPoolWithAffinityExecutor-8-0] INFO  container.IncrementalContainerReportHandler (AbstractContainerReportHandler.java:updateContainerState(253)) - FINALIZE (i.e. CLOSING) Container #4 (OPEN, sid=5) r0 (CLOSING, bcsid=5, origin=f8181075-ae63-407a-b17c-78185f7d70dd, non-empty) from dn f8181075-ae63-407a-b17c-78185f7d70dd(localhost/127.0.0.1)
02:53:55.121 [f8181075-ae63-407a-b17c-78185f7d70dd-client-thread2] ERROR DNAudit - user=null | ip=null | op=WRITE_CHUNK {blockData=conID: 4 locID: 115816896921600004 bcsId: 0 replicaIndex: null, offset=0, size=5} | ret=FAILURE
org.apache.hadoop.hdds.scm.container.common.helpers.ContainerNotOpenException: Container 4 in CLOSED state
	at org.apache.hadoop.ozone.container.common.impl.HddsDispatcher.validateContainerCommand(HddsDispatcher.java:565) ~[hdds-container-service-2.1.0-SNAPSHOT.jar:?]
	at org.apache.hadoop.ozone.container.common.transport.server.ratis.ContainerStateMachine.startTransaction(ContainerStateMachine.java:488) ~[hdds-container-service-2.1.0-SNAPSHOT.jar:?]
	at org.apache.ratis.server.impl.RaftServerImpl.writeAsyncImpl(RaftServerImpl.java:973) ~[ratis-server-3.1.2.jar:3.1.2]
	at org.apache.ratis.server.impl.RaftServerImpl.writeAsync(RaftServerImpl.java:946) ~[ratis-server-3.1.2.jar:3.1.2]
	at org.apache.ratis.server.impl.RaftServerImpl.replyFuture(RaftServerImpl.java:939) ~[ratis-server-3.1.2.jar:3.1.2]
	at org.apache.ratis.server.impl.RaftServerImpl.submitClientRequestAsync(RaftServerImpl.java:916) ~[ratis-server-3.1.2.jar:3.1.2]
	at org.apache.ratis.server.impl.RaftServerImpl.lambda$null$11(RaftServerImpl.java:905) ~[ratis-server-3.1.2.jar:3.1.2]
	at org.apache.ratis.util.JavaUtils.callAsUnchecked(JavaUtils.java:118) ~[ratis-common-3.1.2.jar:3.1.2]
	at org.apache.ratis.server.impl.RaftServerImpl.lambda$executeSubmitClientRequestAsync$12(RaftServerImpl.java:905) ~[ratis-server-3.1.2.jar:3.1.2]
	at java.base/java.util.concurrent.CompletableFuture$AsyncSupply.run(CompletableFuture.java:1768) ~[?:?]
	at java.base/java.util.concurrent.ThreadPoolExecutor.runWorker(ThreadPoolExecutor.java:1144) ~[?:?]
	at java.base/java.util.concurrent.ThreadPoolExecutor$Worker.run(ThreadPoolExecutor.java:642) ~[?:?]
	at java.base/java.lang.Thread.run(Thread.java:1583) [?:?]
02:53:55.122 [f8181075-ae63-407a-b17c-78185f7d70dd-client-thread2] ERROR DNAudit - user=null | ip=null | op=WRITE_CHUNK {blockData=conID: 4 locID: 115816896921600004 bcsId: 0 replicaIndex: null, offset=0, size=5} | ret=FAILURE
org.apache.hadoop.hdds.scm.container.common.helpers.ContainerNotOpenException: Container 4 in CLOSED state
	at org.apache.hadoop.ozone.container.common.impl.HddsDispatcher.validateContainerCommand(HddsDispatcher.java:565) ~[hdds-container-service-2.1.0-SNAPSHOT.jar:?]
	at org.apache.hadoop.ozone.container.common.transport.server.ratis.ContainerStateMachine.startTransaction(ContainerStateMachine.java:488) ~[hdds-container-service-2.1.0-SNAPSHOT.jar:?]
	at org.apache.ratis.server.impl.RaftServerImpl.writeAsyncImpl(RaftServerImpl.java:973) ~[ratis-server-3.1.2.jar:3.1.2]
	at org.apache.ratis.server.impl.RaftServerImpl.writeAsync(RaftServerImpl.java:946) ~[ratis-server-3.1.2.jar:3.1.2]
	at org.apache.ratis.server.impl.RaftServerImpl.replyFuture(RaftServerImpl.java:939) ~[ratis-server-3.1.2.jar:3.1.2]
	at org.apache.ratis.server.impl.RaftServerImpl.submitClientRequestAsync(RaftServerImpl.java:916) ~[ratis-server-3.1.2.jar:3.1.2]
	at org.apache.ratis.server.impl.RaftServerImpl.lambda$null$11(RaftServerImpl.java:905) ~[ratis-server-3.1.2.jar:3.1.2]
	at org.apache.ratis.util.JavaUtils.callAsUnchecked(JavaUtils.java:118) ~[ratis-common-3.1.2.jar:3.1.2]
	at org.apache.ratis.server.impl.RaftServerImpl.lambda$executeSubmitClientRequestAsync$12(RaftServerImpl.java:905) ~[ratis-server-3.1.2.jar:3.1.2]
	at java.base/java.util.concurrent.CompletableFuture$AsyncSupply.run(CompletableFuture.java:1768) ~[?:?]
	at java.base/java.util.concurrent.ThreadPoolExecutor.runWorker(ThreadPoolExecutor.java:1144) ~[?:?]
	at java.base/java.util.concurrent.ThreadPoolExecutor$Worker.run(ThreadPoolExecutor.java:642) ~[?:?]
	at java.base/java.lang.Thread.run(Thread.java:1583) [?:?]
02:53:55.123 [f8181075-ae63-407a-b17c-78185f7d70dd-client-thread2] ERROR DNAudit - user=null | ip=null | op=WRITE_CHUNK {blockData=conID: 4 locID: 115816896921600004 bcsId: 0 replicaIndex: null, offset=0, size=5} | ret=FAILURE
org.apache.hadoop.hdds.scm.container.common.helpers.ContainerNotOpenException: Container 4 in CLOSED state
	at org.apache.hadoop.ozone.container.common.impl.HddsDispatcher.validateContainerCommand(HddsDispatcher.java:565) ~[hdds-container-service-2.1.0-SNAPSHOT.jar:?]
	at org.apache.hadoop.ozone.container.common.transport.server.ratis.ContainerStateMachine.startTransaction(ContainerStateMachine.java:488) ~[hdds-container-service-2.1.0-SNAPSHOT.jar:?]
	at org.apache.ratis.server.impl.RaftServerImpl.writeAsyncImpl(RaftServerImpl.java:973) ~[ratis-server-3.1.2.jar:3.1.2]
	at org.apache.ratis.server.impl.RaftServerImpl.writeAsync(RaftServerImpl.java:946) ~[ratis-server-3.1.2.jar:3.1.2]
	at org.apache.ratis.server.impl.RaftServerImpl.replyFuture(RaftServerImpl.java:939) ~[ratis-server-3.1.2.jar:3.1.2]
	at org.apache.ratis.server.impl.RaftServerImpl.submitClientRequestAsync(RaftServerImpl.java:916) ~[ratis-server-3.1.2.jar:3.1.2]
	at org.apache.ratis.server.impl.RaftServerImpl.lambda$null$11(RaftServerImpl.java:905) ~[ratis-server-3.1.2.jar:3.1.2]
	at org.apache.ratis.util.JavaUtils.callAsUnchecked(JavaUtils.java:118) ~[ratis-common-3.1.2.jar:3.1.2]
	at org.apache.ratis.server.impl.RaftServerImpl.lambda$executeSubmitClientRequestAsync$12(RaftServerImpl.java:905) ~[ratis-server-3.1.2.jar:3.1.2]
	at java.base/java.util.concurrent.CompletableFuture$AsyncSupply.run(CompletableFuture.java:1768) ~[?:?]
	at java.base/java.util.concurrent.ThreadPoolExecutor.runWorker(ThreadPoolExecutor.java:1144) ~[?:?]
	at java.base/java.util.concurrent.ThreadPoolExecutor$Worker.run(ThreadPoolExecutor.java:642) ~[?:?]
	at java.base/java.lang.Thread.run(Thread.java:1583) [?:?]
02:53:55.124 [f8181075-ae63-407a-b17c-78185f7d70dd-client-thread2] ERROR DNAudit - user=null | ip=null | op=WRITE_CHUNK {blockData=conID: 4 locID: 115816896921600004 bcsId: 0 replicaIndex: null, offset=0, size=5} | ret=FAILURE
org.apache.hadoop.hdds.scm.container.common.helpers.ContainerNotOpenException: Container 4 in CLOSED state
	at org.apache.hadoop.ozone.container.common.impl.HddsDispatcher.validateContainerCommand(HddsDispatcher.java:565) ~[hdds-container-service-2.1.0-SNAPSHOT.jar:?]
	at org.apache.hadoop.ozone.container.common.transport.server.ratis.ContainerStateMachine.startTransaction(ContainerStateMachine.java:488) ~[hdds-container-service-2.1.0-SNAPSHOT.jar:?]
	at org.apache.ratis.server.impl.RaftServerImpl.writeAsyncImpl(RaftServerImpl.java:973) ~[ratis-server-3.1.2.jar:3.1.2]
	at org.apache.ratis.server.impl.RaftServerImpl.writeAsync(RaftServerImpl.java:946) ~[ratis-server-3.1.2.jar:3.1.2]
	at org.apache.ratis.server.impl.RaftServerImpl.replyFuture(RaftServerImpl.java:939) ~[ratis-server-3.1.2.jar:3.1.2]
	at org.apache.ratis.server.impl.RaftServerImpl.submitClientRequestAsync(RaftServerImpl.java:916) ~[ratis-server-3.1.2.jar:3.1.2]
	at org.apache.ratis.server.impl.RaftServerImpl.lambda$null$11(RaftServerImpl.java:905) ~[ratis-server-3.1.2.jar:3.1.2]
	at org.apache.ratis.util.JavaUtils.callAsUnchecked(JavaUtils.java:118) ~[ratis-common-3.1.2.jar:3.1.2]
	at org.apache.ratis.server.impl.RaftServerImpl.lambda$executeSubmitClientRequestAsync$12(RaftServerImpl.java:905) ~[ratis-server-3.1.2.jar:3.1.2]
	at java.base/java.util.concurrent.CompletableFuture$AsyncSupply.run(CompletableFuture.java:1768) ~[?:?]
	at java.base/java.util.concurrent.ThreadPoolExecutor.runWorker(ThreadPoolExecutor.java:1144) ~[?:?]
	at java.base/java.util.concurrent.ThreadPoolExecutor$Worker.run(ThreadPoolExecutor.java:642) ~[?:?]
	at java.base/java.lang.Thread.run(Thread.java:1583) [?:?]
02:53:55.125 [f8181075-ae63-407a-b17c-78185f7d70dd-client-thread2] ERROR DNAudit - user=null | ip=null | op=WRITE_CHUNK {blockData=conID: 4 locID: 115816896921600004 bcsId: 0 replicaIndex: null, offset=0, size=5} | ret=FAILURE
org.apache.hadoop.hdds.scm.container.common.helpers.ContainerNotOpenException: Container 4 in CLOSED state
	at org.apache.hadoop.ozone.container.common.impl.HddsDispatcher.validateContainerCommand(HddsDispatcher.java:565) ~[hdds-container-service-2.1.0-SNAPSHOT.jar:?]
	at org.apache.hadoop.ozone.container.common.transport.server.ratis.ContainerStateMachine.startTransaction(ContainerStateMachine.java:488) ~[hdds-container-service-2.1.0-SNAPSHOT.jar:?]
	at org.apache.ratis.server.impl.RaftServerImpl.writeAsyncImpl(RaftServerImpl.java:973) ~[ratis-server-3.1.2.jar:3.1.2]
	at org.apache.ratis.server.impl.RaftServerImpl.writeAsync(RaftServerImpl.java:946) ~[ratis-server-3.1.2.jar:3.1.2]
	at org.apache.ratis.server.impl.RaftServerImpl.replyFuture(RaftServerImpl.java:939) ~[ratis-server-3.1.2.jar:3.1.2]
	at org.apache.ratis.server.impl.RaftServerImpl.submitClientRequestAsync(RaftServerImpl.java:916) ~[ratis-server-3.1.2.jar:3.1.2]
	at org.apache.ratis.server.impl.RaftServerImpl.lambda$null$11(RaftServerImpl.java:905) ~[ratis-server-3.1.2.jar:3.1.2]
	at org.apache.ratis.util.JavaUtils.callAsUnchecked(JavaUtils.java:118) ~[ratis-common-3.1.2.jar:3.1.2]
	at org.apache.ratis.server.impl.RaftServerImpl.lambda$executeSubmitClientRequestAsync$12(RaftServerImpl.java:905) ~[ratis-server-3.1.2.jar:3.1.2]
	at java.base/java.util.concurrent.CompletableFuture$AsyncSupply.run(CompletableFuture.java:1768) ~[?:?]
	at java.base/java.util.concurrent.ThreadPoolExecutor.runWorker(ThreadPoolExecutor.java:1144) ~[?:?]
	at java.base/java.util.concurrent.ThreadPoolExecutor$Worker.run(ThreadPoolExecutor.java:642) ~[?:?]
	at java.base/java.lang.Thread.run(Thread.java:1583) [?:?]
02:53:55.126 [f8181075-ae63-407a-b17c-78185f7d70dd-client-thread2] ERROR DNAudit - user=null | ip=null | op=WRITE_CHUNK {blockData=conID: 4 locID: 115816896921600004 bcsId: 0 replicaIndex: null, offset=0, size=5} | ret=FAILURE
org.apache.hadoop.hdds.scm.container.common.helpers.ContainerNotOpenException: Container 4 in CLOSED state
	at org.apache.hadoop.ozone.container.common.impl.HddsDispatcher.validateContainerCommand(HddsDispatcher.java:565) ~[hdds-container-service-2.1.0-SNAPSHOT.jar:?]
	at org.apache.hadoop.ozone.container.common.transport.server.ratis.ContainerStateMachine.startTransaction(ContainerStateMachine.java:488) ~[hdds-container-service-2.1.0-SNAPSHOT.jar:?]
	at org.apache.ratis.server.impl.RaftServerImpl.writeAsyncImpl(RaftServerImpl.java:973) ~[ratis-server-3.1.2.jar:3.1.2]
	at org.apache.ratis.server.impl.RaftServerImpl.writeAsync(RaftServerImpl.java:946) ~[ratis-server-3.1.2.jar:3.1.2]
	at org.apache.ratis.server.impl.RaftServerImpl.replyFuture(RaftServerImpl.java:939) ~[ratis-server-3.1.2.jar:3.1.2]
	at org.apache.ratis.server.impl.RaftServerImpl.submitClientRequestAsync(RaftServerImpl.java:916) ~[ratis-server-3.1.2.jar:3.1.2]
	at org.apache.ratis.server.impl.RaftServerImpl.lambda$null$11(RaftServerImpl.java:905) ~[ratis-server-3.1.2.jar:3.1.2]
	at org.apache.ratis.util.JavaUtils.callAsUnchecked(JavaUtils.java:118) ~[ratis-common-3.1.2.jar:3.1.2]
	at org.apache.ratis.server.impl.RaftServerImpl.lambda$executeSubmitClientRequestAsync$12(RaftServerImpl.java:905) ~[ratis-server-3.1.2.jar:3.1.2]
	at java.base/java.util.concurrent.CompletableFuture$AsyncSupply.run(CompletableFuture.java:1768) ~[?:?]
	at java.base/java.util.concurrent.ThreadPoolExecutor.runWorker(ThreadPoolExecutor.java:1144) ~[?:?]
	at java.base/java.util.concurrent.ThreadPoolExecutor$Worker.run(ThreadPoolExecutor.java:642) ~[?:?]
	at java.base/java.lang.Thread.run(Thread.java:1583) [?:?]
2025-05-14 02:53:55,126 [f8181075-ae63-407a-b17c-78185f7d70dd-ContainerOp-c28f6734-6a6e-4997-be64-4b591ae0c988-6] INFO  keyvalue.KeyValueContainer (KeyValueContainer.java:close(427)) - Closed container: KeyValueContainerData #4 (CLOSED, non-empty, ri=0, origin=[dn_f8181075-ae63-407a-b17c-78185f7d70dd, pipeline_c28f6734-6a6e-4997-be64-4b591ae0c988])
2025-05-14 02:53:55,127 [FixedThreadPoolWithAffinityExecutor-8-0] INFO  container.IncrementalContainerReportHandler (AbstractContainerReportHandler.java:updateContainerState(289)) - CLOSE Container #4 (CLOSING, sid=5) r0 (CLOSED, bcsid=5, origin=f8181075-ae63-407a-b17c-78185f7d70dd, non-empty) from dn f8181075-ae63-407a-b17c-78185f7d70dd(localhost/127.0.0.1)
02:53:55.127 [f8181075-ae63-407a-b17c-78185f7d70dd-client-thread2] ERROR DNAudit - user=null | ip=null | op=WRITE_CHUNK {blockData=conID: 4 locID: 115816896921600004 bcsId: 0 replicaIndex: null, offset=0, size=5} | ret=FAILURE
org.apache.hadoop.hdds.scm.container.common.helpers.ContainerNotOpenException: Container 4 in CLOSED state
	at org.apache.hadoop.ozone.container.common.impl.HddsDispatcher.validateContainerCommand(HddsDispatcher.java:565) ~[hdds-container-service-2.1.0-SNAPSHOT.jar:?]
	at org.apache.hadoop.ozone.container.common.transport.server.ratis.ContainerStateMachine.startTransaction(ContainerStateMachine.java:488) ~[hdds-container-service-2.1.0-SNAPSHOT.jar:?]
	at org.apache.ratis.server.impl.RaftServerImpl.writeAsyncImpl(RaftServerImpl.java:973) ~[ratis-server-3.1.2.jar:3.1.2]
	at org.apache.ratis.server.impl.RaftServerImpl.writeAsync(RaftServerImpl.java:946) ~[ratis-server-3.1.2.jar:3.1.2]
	at org.apache.ratis.server.impl.RaftServerImpl.replyFuture(RaftServerImpl.java:939) ~[ratis-server-3.1.2.jar:3.1.2]
	at org.apache.ratis.server.impl.RaftServerImpl.submitClientRequestAsync(RaftServerImpl.java:916) ~[ratis-server-3.1.2.jar:3.1.2]
	at org.apache.ratis.server.impl.RaftServerImpl.lambda$null$11(RaftServerImpl.java:905) ~[ratis-server-3.1.2.jar:3.1.2]
	at org.apache.ratis.util.JavaUtils.callAsUnchecked(JavaUtils.java:118) ~[ratis-common-3.1.2.jar:3.1.2]
	at org.apache.ratis.server.impl.RaftServerImpl.lambda$executeSubmitClientRequestAsync$12(RaftServerImpl.java:905) ~[ratis-server-3.1.2.jar:3.1.2]
	at java.base/java.util.concurrent.CompletableFuture$AsyncSupply.run(CompletableFuture.java:1768) ~[?:?]
	at java.base/java.util.concurrent.ThreadPoolExecutor.runWorker(ThreadPoolExecutor.java:1144) ~[?:?]
	at java.base/java.util.concurrent.ThreadPoolExecutor$Worker.run(ThreadPoolExecutor.java:642) ~[?:?]
	at java.base/java.lang.Thread.run(Thread.java:1583) [?:?]
02:53:55.130 [f8181075-ae63-407a-b17c-78185f7d70dd-ContainerOp-c28f6734-6a6e-4997-be64-4b591ae0c988-8] ERROR DNAudit - user=null | ip=null | op=WRITE_CHUNK {blockData=conID: 4 locID: 115816896921600004 bcsId: 0 replicaIndex: null, offset=0, size=5, stage=COMMIT_DATA} | ret=FAILURE
java.lang.Exception: Requested operation not allowed as ContainerState is CLOSED
	at org.apache.hadoop.ozone.container.common.impl.HddsDispatcher.dispatchRequest(HddsDispatcher.java:424) ~[hdds-container-service-2.1.0-SNAPSHOT.jar:?]
	at org.apache.hadoop.ozone.container.common.impl.HddsDispatcher.lambda$dispatch$1(HddsDispatcher.java:189) ~[hdds-container-service-2.1.0-SNAPSHOT.jar:?]
	at org.apache.hadoop.hdds.server.OzoneProtocolMessageDispatcher.processRequest(OzoneProtocolMessageDispatcher.java:87) ~[hdds-server-framework-2.1.0-SNAPSHOT.jar:?]
	at org.apache.hadoop.ozone.container.common.impl.HddsDispatcher.dispatch(HddsDispatcher.java:188) ~[hdds-container-service-2.1.0-SNAPSHOT.jar:?]
	at org.apache.hadoop.ozone.container.common.transport.server.ratis.ContainerStateMachine.dispatchCommand(ContainerStateMachine.java:567) ~[hdds-container-service-2.1.0-SNAPSHOT.jar:?]
	at org.apache.hadoop.ozone.container.common.transport.server.ratis.ContainerStateMachine.lambda$applyTransaction$8(ContainerStateMachine.java:1061) ~[hdds-container-service-2.1.0-SNAPSHOT.jar:?]
	at org.apache.ratis.util.TaskQueue.lambda$submit$0(TaskQueue.java:121) ~[ratis-common-3.1.2.jar:3.1.2]
	at org.apache.ratis.util.LogUtils.runAndLog(LogUtils.java:38) ~[ratis-common-3.1.2.jar:3.1.2]
	at org.apache.ratis.util.LogUtils$1.run(LogUtils.java:78) ~[ratis-common-3.1.2.jar:3.1.2]
	at java.base/java.util.concurrent.Executors$RunnableAdapter.call(Executors.java:572) ~[?:?]
	at java.base/java.util.concurrent.FutureTask.run(FutureTask.java:317) ~[?:?]
	at java.base/java.util.concurrent.ThreadPoolExecutor.runWorker(ThreadPoolExecutor.java:1144) ~[?:?]
	at java.base/java.util.concurrent.ThreadPoolExecutor$Worker.run(ThreadPoolExecutor.java:642) ~[?:?]
	at java.base/java.lang.Thread.run(Thread.java:1583) [?:?]
02:53:55.131 [f8181075-ae63-407a-b17c-78185f7d70dd-client-thread2] ERROR DNAudit - user=null | ip=null | op=WRITE_CHUNK {blockData=conID: 4 locID: 115816896921600004 bcsId: 0 replicaIndex: null, offset=0, size=5} | ret=FAILURE
org.apache.hadoop.hdds.scm.container.common.helpers.ContainerNotOpenException: Container 4 in CLOSED state
	at org.apache.hadoop.ozone.container.common.impl.HddsDispatcher.validateContainerCommand(HddsDispatcher.java:565) ~[hdds-container-service-2.1.0-SNAPSHOT.jar:?]
	at org.apache.hadoop.ozone.container.common.transport.server.ratis.ContainerStateMachine.startTransaction(ContainerStateMachine.java:488) ~[hdds-container-service-2.1.0-SNAPSHOT.jar:?]
	at org.apache.ratis.server.impl.RaftServerImpl.writeAsyncImpl(RaftServerImpl.java:973) ~[ratis-server-3.1.2.jar:3.1.2]
	at org.apache.ratis.server.impl.RaftServerImpl.writeAsync(RaftServerImpl.java:946) ~[ratis-server-3.1.2.jar:3.1.2]
	at org.apache.ratis.server.impl.RaftServerImpl.replyFuture(RaftServerImpl.java:939) ~[ratis-server-3.1.2.jar:3.1.2]
	at org.apache.ratis.server.impl.RaftServerImpl.submitClientRequestAsync(RaftServerImpl.java:916) ~[ratis-server-3.1.2.jar:3.1.2]
	at org.apache.ratis.server.impl.RaftServerImpl.lambda$null$11(RaftServerImpl.java:905) ~[ratis-server-3.1.2.jar:3.1.2]
	at org.apache.ratis.util.JavaUtils.callAsUnchecked(JavaUtils.java:118) ~[ratis-common-3.1.2.jar:3.1.2]
	at org.apache.ratis.server.impl.RaftServerImpl.lambda$executeSubmitClientRequestAsync$12(RaftServerImpl.java:905) ~[ratis-server-3.1.2.jar:3.1.2]
	at java.base/java.util.concurrent.CompletableFuture$AsyncSupply.run(CompletableFuture.java:1768) ~[?:?]
	at java.base/java.util.concurrent.ThreadPoolExecutor.runWorker(ThreadPoolExecutor.java:1144) ~[?:?]
	at java.base/java.util.concurrent.ThreadPoolExecutor$Worker.run(ThreadPoolExecutor.java:642) ~[?:?]
	at java.base/java.lang.Thread.run(Thread.java:1583) [?:?]
2025-05-14 02:53:55,136 [grpc-default-executor-1] ERROR impl.OrderedAsync (OrderedAsync.java:lambda$send$4(181)) - Failed to send request, message=cmdType: WriteChunk
traceID: ""
containerID: 4
datanodeUuid: "f8181075-ae63-407a-b17c-78185f7d70dd"
writeChunk {
  blockID {
    containerID: 4
    localID: 115816896921600004
    blockCommitSequenceId: 0
  }
  chunkData {
    chunkName: "115816896921600004.data.0"
    offset: 0
    len: 5
    checksumData {
      type: CRC32
      bytesPerChecksum: 1048576
      checksums: "\025\362\0037"
    }
  }
}
version: 3
, data.size=5
java.util.concurrent.CompletionException: org.apache.ratis.protocol.exceptions.StateMachineException: org.apache.hadoop.hdds.scm.container.common.helpers.ContainerNotOpenException from Server f8181075-ae63-407a-b17c-78185f7d70dd@group-4B591AE0C988: Container 4 in CLOSING state
	at org.apache.ratis.client.impl.RaftClientImpl.handleRaftException(RaftClientImpl.java:373)
	at org.apache.ratis.client.impl.OrderedAsync.lambda$send$3(OrderedAsync.java:175)
	at java.base/java.util.concurrent.CompletableFuture$UniApply.tryFire(CompletableFuture.java:646)
	at java.base/java.util.concurrent.CompletableFuture.postComplete(CompletableFuture.java:510)
	at java.base/java.util.concurrent.CompletableFuture.complete(CompletableFuture.java:2179)
	at org.apache.ratis.client.impl.OrderedAsync$PendingOrderedRequest.setReply(OrderedAsync.java:105)
	at org.apache.ratis.client.impl.OrderedAsync$PendingOrderedRequest.setReply(OrderedAsync.java:66)
	at org.apache.ratis.util.SlidingWindow$RequestMap.setReply(SlidingWindow.java:147)
	at org.apache.ratis.util.SlidingWindow$Client.receiveReply(SlidingWindow.java:351)
	at org.apache.ratis.client.impl.OrderedAsync.lambda$sendRequestWithRetry$5(OrderedAsync.java:210)
	at java.base/java.util.concurrent.CompletableFuture$UniAccept.tryFire(CompletableFuture.java:718)
	at java.base/java.util.concurrent.CompletableFuture.postComplete(CompletableFuture.java:510)
	at java.base/java.util.concurrent.CompletableFuture.complete(CompletableFuture.java:2179)
	at org.apache.ratis.grpc.client.GrpcClientProtocolClient$AsyncStreamObservers$1.lambda$onNext$0(GrpcClientProtocolClient.java:325)
	at java.base/java.util.Optional.ifPresent(Optional.java:178)
	at org.apache.ratis.grpc.client.GrpcClientProtocolClient$AsyncStreamObservers.handleReplyFuture(GrpcClientProtocolClient.java:381)
	at org.apache.ratis.grpc.client.GrpcClientProtocolClient$AsyncStreamObservers.access$100(GrpcClientProtocolClient.java:303)
	at org.apache.ratis.grpc.client.GrpcClientProtocolClient$AsyncStreamObservers$1.onNext(GrpcClientProtocolClient.java:325)
	at org.apache.ratis.grpc.client.GrpcClientProtocolClient$AsyncStreamObservers$1.onNext(GrpcClientProtocolClient.java:308)
	at org.apache.ratis.thirdparty.io.grpc.stub.ClientCalls$StreamObserverToCallListenerAdapter.onMessage(ClientCalls.java:468)
	at org.apache.ratis.thirdparty.io.grpc.ForwardingClientCallListener.onMessage(ForwardingClientCallListener.java:33)
	at org.apache.ratis.thirdparty.io.grpc.internal.DelayedClientCall$DelayedListener.onMessage(DelayedClientCall.java:473)
	at org.apache.ratis.thirdparty.io.grpc.internal.ClientCallImpl$ClientStreamListenerImpl$1MessagesAvailable.runInternal(ClientCallImpl.java:660)
	at org.apache.ratis.thirdparty.io.grpc.internal.ClientCallImpl$ClientStreamListenerImpl$1MessagesAvailable.runInContext(ClientCallImpl.java:647)
	at org.apache.ratis.thirdparty.io.grpc.internal.ContextRunnable.run(ContextRunnable.java:37)
	at org.apache.ratis.thirdparty.io.grpc.internal.SerializingExecutor.run(SerializingExecutor.java:133)
	at java.base/java.util.concurrent.ThreadPoolExecutor.runWorker(ThreadPoolExecutor.java:1144)
	at java.base/java.util.concurrent.ThreadPoolExecutor$Worker.run(ThreadPoolExecutor.java:642)
	at java.base/java.lang.Thread.run(Thread.java:1583)
Caused by: org.apache.ratis.protocol.exceptions.StateMachineException: org.apache.hadoop.hdds.scm.container.common.helpers.ContainerNotOpenException from Server f8181075-ae63-407a-b17c-78185f7d70dd@group-4B591AE0C988: Container 4 in CLOSING state
	at org.apache.hadoop.ozone.container.common.impl.HddsDispatcher.validateContainerCommand(HddsDispatcher.java:565)
	at org.apache.hadoop.ozone.container.common.transport.server.ratis.ContainerStateMachine.startTransaction(ContainerStateMachine.java:488)
	at org.apache.ratis.server.impl.RaftServerImpl.writeAsyncImpl(RaftServerImpl.java:973)
	at org.apache.ratis.server.impl.RaftServerImpl.writeAsync(RaftServerImpl.java:946)
	at org.apache.ratis.server.impl.RaftServerImpl.replyFuture(RaftServerImpl.java:939)
	at org.apache.ratis.server.impl.RaftServerImpl.submitClientRequestAsync(RaftServerImpl.java:916)
	at org.apache.ratis.server.impl.RaftServerImpl.lambda$null$11(RaftServerImpl.java:905)
	at org.apache.ratis.util.JavaUtils.callAsUnchecked(JavaUtils.java:118)
	at org.apache.ratis.server.impl.RaftServerImpl.lambda$executeSubmitClientRequestAsync$12(RaftServerImpl.java:905)
	at java.base/java.util.concurrent.CompletableFuture$AsyncSupply.run(CompletableFuture.java:1768)
	... 3 more
Caused by: org.apache.hadoop.hdds.scm.container.common.helpers.ContainerNotOpenException: Container 4 in CLOSING state
	at java.base/jdk.internal.reflect.DirectConstructorHandleAccessor.newInstance(DirectConstructorHandleAccessor.java:62)
	at java.base/java.lang.reflect.Constructor.newInstanceWithCaller(Constructor.java:502)
	at java.base/java.lang.reflect.Constructor.newInstance(Constructor.java:486)
	at org.apache.ratis.util.ReflectionUtils.instantiateException(ReflectionUtils.java:259)
	at org.apache.ratis.client.impl.ClientProtoUtils.toStateMachineException(ClientProtoUtils.java:455)
	at org.apache.ratis.client.impl.ClientProtoUtils.toStateMachineException(ClientProtoUtils.java:441)
	at org.apache.ratis.client.impl.ClientProtoUtils.toRaftClientReply(ClientProtoUtils.java:408)
	at org.apache.ratis.grpc.client.GrpcClientProtocolClient$AsyncStreamObservers$1.onNext(GrpcClientProtocolClient.java:313)
	at org.apache.ratis.grpc.client.GrpcClientProtocolClient$AsyncStreamObservers$1.onNext(GrpcClientProtocolClient.java:308)
	at org.apache.ratis.thirdparty.io.grpc.stub.ClientCalls$StreamObserverToCallListenerAdapter.onMessage(ClientCalls.java:468)
	at org.apache.ratis.thirdparty.io.grpc.ForwardingClientCallListener.onMessage(ForwardingClientCallListener.java:33)
	at org.apache.ratis.thirdparty.io.grpc.internal.DelayedClientCall$DelayedListener.onMessage(DelayedClientCall.java:473)
	at org.apache.ratis.thirdparty.io.grpc.internal.ClientCallImpl$ClientStreamListenerImpl$1MessagesAvailable.runInternal(ClientCallImpl.java:660)
	at org.apache.ratis.thirdparty.io.grpc.internal.ClientCallImpl$ClientStreamListenerImpl$1MessagesAvailable.runInContext(ClientCallImpl.java:647)
	at org.apache.ratis.thirdparty.io.grpc.internal.ContextRunnable.run(ContextRunnable.java:37)
	at org.apache.ratis.thirdparty.io.grpc.internal.SerializingExecutor.run(SerializingExecutor.java:133)
	... 3 more
2025-05-14 02:53:55,142 [grpc-default-executor-1] ERROR impl.OrderedAsync (OrderedAsync.java:lambda$send$4(181)) - Failed to send request, message=cmdType: WriteChunk
traceID: ""
containerID: 4
datanodeUuid: "f8181075-ae63-407a-b17c-78185f7d70dd"
writeChunk {
  blockID {
    containerID: 4
    localID: 115816896921600004
    blockCommitSequenceId: 0
  }
  chunkData {
    chunkName: "115816896921600004.data.0"
    offset: 0
    len: 5
    checksumData {
      type: CRC32
      bytesPerChecksum: 1048576
      checksums: "\023\333\220K"
    }
  }
}
version: 3
, data.size=5
java.util.concurrent.CompletionException: org.apache.ratis.protocol.exceptions.StateMachineException: org.apache.hadoop.hdds.scm.container.common.helpers.ContainerNotOpenException from Server f8181075-ae63-407a-b17c-78185f7d70dd@group-4B591AE0C988: Container 4 in CLOSING state
	at org.apache.ratis.client.impl.RaftClientImpl.handleRaftException(RaftClientImpl.java:373)
	at org.apache.ratis.client.impl.OrderedAsync.lambda$send$3(OrderedAsync.java:175)
	at java.base/java.util.concurrent.CompletableFuture$UniApply.tryFire(CompletableFuture.java:646)
	at java.base/java.util.concurrent.CompletableFuture.postComplete(CompletableFuture.java:510)
	at java.base/java.util.concurrent.CompletableFuture.complete(CompletableFuture.java:2179)
	at org.apache.ratis.client.impl.OrderedAsync$PendingOrderedRequest.setReply(OrderedAsync.java:105)
	at org.apache.ratis.client.impl.OrderedAsync$PendingOrderedRequest.setReply(OrderedAsync.java:66)
	at org.apache.ratis.util.SlidingWindow$RequestMap.setReply(SlidingWindow.java:147)
	at org.apache.ratis.util.SlidingWindow$Client.receiveReply(SlidingWindow.java:351)
	at org.apache.ratis.client.impl.OrderedAsync.lambda$sendRequestWithRetry$5(OrderedAsync.java:210)
	at java.base/java.util.concurrent.CompletableFuture$UniAccept.tryFire(CompletableFuture.java:718)
	at java.base/java.util.concurrent.CompletableFuture.postComplete(CompletableFuture.java:510)
	at java.base/java.util.concurrent.CompletableFuture.complete(CompletableFuture.java:2179)
	at org.apache.ratis.grpc.client.GrpcClientProtocolClient$AsyncStreamObservers$1.lambda$onNext$0(GrpcClientProtocolClient.java:325)
	at java.base/java.util.Optional.ifPresent(Optional.java:178)
	at org.apache.ratis.grpc.client.GrpcClientProtocolClient$AsyncStreamObservers.handleReplyFuture(GrpcClientProtocolClient.java:381)
	at org.apache.ratis.grpc.client.GrpcClientProtocolClient$AsyncStreamObservers.access$100(GrpcClientProtocolClient.java:303)
	at org.apache.ratis.grpc.client.GrpcClientProtocolClient$AsyncStreamObservers$1.onNext(GrpcClientProtocolClient.java:325)
	at org.apache.ratis.grpc.client.GrpcClientProtocolClient$AsyncStreamObservers$1.onNext(GrpcClientProtocolClient.java:308)
	at org.apache.ratis.thirdparty.io.grpc.stub.ClientCalls$StreamObserverToCallListenerAdapter.onMessage(ClientCalls.java:468)
	at org.apache.ratis.thirdparty.io.grpc.ForwardingClientCallListener.onMessage(ForwardingClientCallListener.java:33)
	at org.apache.ratis.thirdparty.io.grpc.internal.DelayedClientCall$DelayedListener.onMessage(DelayedClientCall.java:473)
	at org.apache.ratis.thirdparty.io.grpc.internal.ClientCallImpl$ClientStreamListenerImpl$1MessagesAvailable.runInternal(ClientCallImpl.java:660)
	at org.apache.ratis.thirdparty.io.grpc.internal.ClientCallImpl$ClientStreamListenerImpl$1MessagesAvailable.runInContext(ClientCallImpl.java:647)
	at org.apache.ratis.thirdparty.io.grpc.internal.ContextRunnable.run(ContextRunnable.java:37)
	at org.apache.ratis.thirdparty.io.grpc.internal.SerializingExecutor.run(SerializingExecutor.java:133)
	at java.base/java.util.concurrent.ThreadPoolExecutor.runWorker(ThreadPoolExecutor.java:1144)
	at java.base/java.util.concurrent.ThreadPoolExecutor$Worker.run(ThreadPoolExecutor.java:642)
	at java.base/java.lang.Thread.run(Thread.java:1583)
Caused by: org.apache.ratis.protocol.exceptions.StateMachineException: org.apache.hadoop.hdds.scm.container.common.helpers.ContainerNotOpenException from Server f8181075-ae63-407a-b17c-78185f7d70dd@group-4B591AE0C988: Container 4 in CLOSING state
	at org.apache.hadoop.ozone.container.common.impl.HddsDispatcher.validateContainerCommand(HddsDispatcher.java:565)
	at org.apache.hadoop.ozone.container.common.transport.server.ratis.ContainerStateMachine.startTransaction(ContainerStateMachine.java:488)
	at org.apache.ratis.server.impl.RaftServerImpl.writeAsyncImpl(RaftServerImpl.java:973)
	at org.apache.ratis.server.impl.RaftServerImpl.writeAsync(RaftServerImpl.java:946)
	at org.apache.ratis.server.impl.RaftServerImpl.replyFuture(RaftServerImpl.java:939)
	at org.apache.ratis.server.impl.RaftServerImpl.submitClientRequestAsync(RaftServerImpl.java:916)
	at org.apache.ratis.server.impl.RaftServerImpl.lambda$null$11(RaftServerImpl.java:905)
	at org.apache.ratis.util.JavaUtils.callAsUnchecked(JavaUtils.java:118)
	at org.apache.ratis.server.impl.RaftServerImpl.lambda$executeSubmitClientRequestAsync$12(RaftServerImpl.java:905)
	at java.base/java.util.concurrent.CompletableFuture$AsyncSupply.run(CompletableFuture.java:1768)
	... 3 more
Caused by: org.apache.hadoop.hdds.scm.container.common.helpers.ContainerNotOpenException: Container 4 in CLOSING state
	at java.base/jdk.internal.reflect.DirectConstructorHandleAccessor.newInstance(DirectConstructorHandleAccessor.java:62)
	at java.base/java.lang.reflect.Constructor.newInstanceWithCaller(Constructor.java:502)
	at java.base/java.lang.reflect.Constructor.newInstance(Constructor.java:486)
	at org.apache.ratis.util.ReflectionUtils.instantiateException(ReflectionUtils.java:259)
	at org.apache.ratis.client.impl.ClientProtoUtils.toStateMachineException(ClientProtoUtils.java:455)
	at org.apache.ratis.client.impl.ClientProtoUtils.toStateMachineException(ClientProtoUtils.java:441)
	at org.apache.ratis.client.impl.ClientProtoUtils.toRaftClientReply(ClientProtoUtils.java:408)
	at org.apache.ratis.grpc.client.GrpcClientProtocolClient$AsyncStreamObservers$1.onNext(GrpcClientProtocolClient.java:313)
	at org.apache.ratis.grpc.client.GrpcClientProtocolClient$AsyncStreamObservers$1.onNext(GrpcClientProtocolClient.java:308)
	at org.apache.ratis.thirdparty.io.grpc.stub.ClientCalls$StreamObserverToCallListenerAdapter.onMessage(ClientCalls.java:468)
	at org.apache.ratis.thirdparty.io.grpc.ForwardingClientCallListener.onMessage(ForwardingClientCallListener.java:33)
	at org.apache.ratis.thirdparty.io.grpc.internal.DelayedClientCall$DelayedListener.onMessage(DelayedClientCall.java:473)
	at org.apache.ratis.thirdparty.io.grpc.internal.ClientCallImpl$ClientStreamListenerImpl$1MessagesAvailable.runInternal(ClientCallImpl.java:660)
	at org.apache.ratis.thirdparty.io.grpc.internal.ClientCallImpl$ClientStreamListenerImpl$1MessagesAvailable.runInContext(ClientCallImpl.java:647)
	at org.apache.ratis.thirdparty.io.grpc.internal.ContextRunnable.run(ContextRunnable.java:37)
	at org.apache.ratis.thirdparty.io.grpc.internal.SerializingExecutor.run(SerializingExecutor.java:133)
	... 3 more
2025-05-14 02:53:55,144 [grpc-default-executor-1] ERROR impl.OrderedAsync (OrderedAsync.java:lambda$send$4(181)) - Failed to send request, message=cmdType: WriteChunk
traceID: ""
containerID: 4
datanodeUuid: "f8181075-ae63-407a-b17c-78185f7d70dd"
writeChunk {
  blockID {
    containerID: 4
    localID: 115816896921600004
    blockCommitSequenceId: 0
  }
  chunkData {
    chunkName: "115816896921600004.data.0"
    offset: 0
    len: 5
    checksumData {
      type: CRC32
      bytesPerChecksum: 1048576
      checksums: "\260x\247\332"
    }
  }
}
version: 3
, data.size=5
java.util.concurrent.CompletionException: org.apache.ratis.protocol.exceptions.StateMachineException: org.apache.hadoop.hdds.scm.container.common.helpers.ContainerNotOpenException from Server f8181075-ae63-407a-b17c-78185f7d70dd@group-4B591AE0C988: Container 4 in CLOSING state
	at org.apache.ratis.client.impl.RaftClientImpl.handleRaftException(RaftClientImpl.java:373)
	at org.apache.ratis.client.impl.OrderedAsync.lambda$send$3(OrderedAsync.java:175)
	at java.base/java.util.concurrent.CompletableFuture$UniApply.tryFire(CompletableFuture.java:646)
	at java.base/java.util.concurrent.CompletableFuture.postComplete(CompletableFuture.java:510)
	at java.base/java.util.concurrent.CompletableFuture.complete(CompletableFuture.java:2179)
	at org.apache.ratis.client.impl.OrderedAsync$PendingOrderedRequest.setReply(OrderedAsync.java:105)
	at org.apache.ratis.client.impl.OrderedAsync$PendingOrderedRequest.setReply(OrderedAsync.java:66)
	at org.apache.ratis.util.SlidingWindow$RequestMap.setReply(SlidingWindow.java:147)
	at org.apache.ratis.util.SlidingWindow$Client.receiveReply(SlidingWindow.java:351)
	at org.apache.ratis.client.impl.OrderedAsync.lambda$sendRequestWithRetry$5(OrderedAsync.java:210)
	at java.base/java.util.concurrent.CompletableFuture$UniAccept.tryFire(CompletableFuture.java:718)
	at java.base/java.util.concurrent.CompletableFuture.postComplete(CompletableFuture.java:510)
	at java.base/java.util.concurrent.CompletableFuture.complete(CompletableFuture.java:2179)
	at org.apache.ratis.grpc.client.GrpcClientProtocolClient$AsyncStreamObservers$1.lambda$onNext$0(GrpcClientProtocolClient.java:325)
	at java.base/java.util.Optional.ifPresent(Optional.java:178)
	at org.apache.ratis.grpc.client.GrpcClientProtocolClient$AsyncStreamObservers.handleReplyFuture(GrpcClientProtocolClient.java:381)
	at org.apache.ratis.grpc.client.GrpcClientProtocolClient$AsyncStreamObservers.access$100(GrpcClientProtocolClient.java:303)
	at org.apache.ratis.grpc.client.GrpcClientProtocolClient$AsyncStreamObservers$1.onNext(GrpcClientProtocolClient.java:325)
	at org.apache.ratis.grpc.client.GrpcClientProtocolClient$AsyncStreamObservers$1.onNext(GrpcClientProtocolClient.java:308)
	at org.apache.ratis.thirdparty.io.grpc.stub.ClientCalls$StreamObserverToCallListenerAdapter.onMessage(ClientCalls.java:468)
	at org.apache.ratis.thirdparty.io.grpc.ForwardingClientCallListener.onMessage(ForwardingClientCallListener.java:33)
	at org.apache.ratis.thirdparty.io.grpc.internal.DelayedClientCall$DelayedListener.onMessage(DelayedClientCall.java:473)
	at org.apache.ratis.thirdparty.io.grpc.internal.ClientCallImpl$ClientStreamListenerImpl$1MessagesAvailable.runInternal(ClientCallImpl.java:660)
	at org.apache.ratis.thirdparty.io.grpc.internal.ClientCallImpl$ClientStreamListenerImpl$1MessagesAvailable.runInContext(ClientCallImpl.java:647)
	at org.apache.ratis.thirdparty.io.grpc.internal.ContextRunnable.run(ContextRunnable.java:37)
	at org.apache.ratis.thirdparty.io.grpc.internal.SerializingExecutor.run(SerializingExecutor.java:133)
	at java.base/java.util.concurrent.ThreadPoolExecutor.runWorker(ThreadPoolExecutor.java:1144)
	at java.base/java.util.concurrent.ThreadPoolExecutor$Worker.run(ThreadPoolExecutor.java:642)
	at java.base/java.lang.Thread.run(Thread.java:1583)
Caused by: org.apache.ratis.protocol.exceptions.StateMachineException: org.apache.hadoop.hdds.scm.container.common.helpers.ContainerNotOpenException from Server f8181075-ae63-407a-b17c-78185f7d70dd@group-4B591AE0C988: Container 4 in CLOSING state
	at org.apache.hadoop.ozone.container.common.impl.HddsDispatcher.validateContainerCommand(HddsDispatcher.java:565)
	at org.apache.hadoop.ozone.container.common.transport.server.ratis.ContainerStateMachine.startTransaction(ContainerStateMachine.java:488)
	at org.apache.ratis.server.impl.RaftServerImpl.writeAsyncImpl(RaftServerImpl.java:973)
	at org.apache.ratis.server.impl.RaftServerImpl.writeAsync(RaftServerImpl.java:946)
	at org.apache.ratis.server.impl.RaftServerImpl.replyFuture(RaftServerImpl.java:939)
	at org.apache.ratis.server.impl.RaftServerImpl.submitClientRequestAsync(RaftServerImpl.java:916)
	at org.apache.ratis.server.impl.RaftServerImpl.lambda$null$11(RaftServerImpl.java:905)
	at org.apache.ratis.util.JavaUtils.callAsUnchecked(JavaUtils.java:118)
	at org.apache.ratis.server.impl.RaftServerImpl.lambda$executeSubmitClientRequestAsync$12(RaftServerImpl.java:905)
	at java.base/java.util.concurrent.CompletableFuture$AsyncSupply.run(CompletableFuture.java:1768)
	... 3 more
Caused by: org.apache.hadoop.hdds.scm.container.common.helpers.ContainerNotOpenException: Container 4 in CLOSING state
	at java.base/jdk.internal.reflect.DirectConstructorHandleAccessor.newInstance(DirectConstructorHandleAccessor.java:62)
	at java.base/java.lang.reflect.Constructor.newInstanceWithCaller(Constructor.java:502)
	at java.base/java.lang.reflect.Constructor.newInstance(Constructor.java:486)
	at org.apache.ratis.util.ReflectionUtils.instantiateException(ReflectionUtils.java:259)
	at org.apache.ratis.client.impl.ClientProtoUtils.toStateMachineException(ClientProtoUtils.java:455)
	at org.apache.ratis.client.impl.ClientProtoUtils.toStateMachineException(ClientProtoUtils.java:441)
	at org.apache.ratis.client.impl.ClientProtoUtils.toRaftClientReply(ClientProtoUtils.java:408)
	at org.apache.ratis.grpc.client.GrpcClientProtocolClient$AsyncStreamObservers$1.onNext(GrpcClientProtocolClient.java:313)
	at org.apache.ratis.grpc.client.GrpcClientProtocolClient$AsyncStreamObservers$1.onNext(GrpcClientProtocolClient.java:308)
	at org.apache.ratis.thirdparty.io.grpc.stub.ClientCalls$StreamObserverToCallListenerAdapter.onMessage(ClientCalls.java:468)
	at org.apache.ratis.thirdparty.io.grpc.ForwardingClientCallListener.onMessage(ForwardingClientCallListener.java:33)
	at org.apache.ratis.thirdparty.io.grpc.internal.DelayedClientCall$DelayedListener.onMessage(DelayedClientCall.java:473)
	at org.apache.ratis.thirdparty.io.grpc.internal.ClientCallImpl$ClientStreamListenerImpl$1MessagesAvailable.runInternal(ClientCallImpl.java:660)
	at org.apache.ratis.thirdparty.io.grpc.internal.ClientCallImpl$ClientStreamListenerImpl$1MessagesAvailable.runInContext(ClientCallImpl.java:647)
	at org.apache.ratis.thirdparty.io.grpc.internal.ContextRunnable.run(ContextRunnable.java:37)
	at org.apache.ratis.thirdparty.io.grpc.internal.SerializingExecutor.run(SerializingExecutor.java:133)
	... 3 more
02:53:55.142 [f8181075-ae63-407a-b17c-78185f7d70dd-client-thread2] ERROR DNAudit - user=null | ip=null | op=WRITE_CHUNK {blockData=conID: 4 locID: 115816896921600004 bcsId: 0 replicaIndex: null, offset=0, size=5} | ret=FAILURE
org.apache.hadoop.hdds.scm.container.common.helpers.ContainerNotOpenException: Container 4 in CLOSED state
	at org.apache.hadoop.ozone.container.common.impl.HddsDispatcher.validateContainerCommand(HddsDispatcher.java:565) ~[hdds-container-service-2.1.0-SNAPSHOT.jar:?]
	at org.apache.hadoop.ozone.container.common.transport.server.ratis.ContainerStateMachine.startTransaction(ContainerStateMachine.java:488) ~[hdds-container-service-2.1.0-SNAPSHOT.jar:?]
	at org.apache.ratis.server.impl.RaftServerImpl.writeAsyncImpl(RaftServerImpl.java:973) ~[ratis-server-3.1.2.jar:3.1.2]
	at org.apache.ratis.server.impl.RaftServerImpl.writeAsync(RaftServerImpl.java:946) ~[ratis-server-3.1.2.jar:3.1.2]
	at org.apache.ratis.server.impl.RaftServerImpl.replyFuture(RaftServerImpl.java:939) ~[ratis-server-3.1.2.jar:3.1.2]
	at org.apache.ratis.server.impl.RaftServerImpl.submitClientRequestAsync(RaftServerImpl.java:916) ~[ratis-server-3.1.2.jar:3.1.2]
	at org.apache.ratis.server.impl.RaftServerImpl.lambda$null$11(RaftServerImpl.java:905) ~[ratis-server-3.1.2.jar:3.1.2]
	at org.apache.ratis.util.JavaUtils.callAsUnchecked(JavaUtils.java:118) ~[ratis-common-3.1.2.jar:3.1.2]
	at org.apache.ratis.server.impl.RaftServerImpl.lambda$executeSubmitClientRequestAsync$12(RaftServerImpl.java:905) ~[ratis-server-3.1.2.jar:3.1.2]
	at java.base/java.util.concurrent.CompletableFuture$AsyncSupply.run(CompletableFuture.java:1768) ~[?:?]
	at java.base/java.util.concurrent.ThreadPoolExecutor.runWorker(ThreadPoolExecutor.java:1144) ~[?:?]
	at java.base/java.util.concurrent.ThreadPoolExecutor$Worker.run(ThreadPoolExecutor.java:642) ~[?:?]
	at java.base/java.lang.Thread.run(Thread.java:1583) [?:?]
02:53:55.146 [f8181075-ae63-407a-b17c-78185f7d70dd-client-thread2] ERROR DNAudit - user=null | ip=null | op=WRITE_CHUNK {blockData=conID: 4 locID: 115816896921600004 bcsId: 0 replicaIndex: null, offset=0, size=5} | ret=FAILURE
org.apache.hadoop.hdds.scm.container.common.helpers.ContainerNotOpenException: Container 4 in CLOSED state
	at org.apache.hadoop.ozone.container.common.impl.HddsDispatcher.validateContainerCommand(HddsDispatcher.java:565) ~[hdds-container-service-2.1.0-SNAPSHOT.jar:?]
	at org.apache.hadoop.ozone.container.common.transport.server.ratis.ContainerStateMachine.startTransaction(ContainerStateMachine.java:488) ~[hdds-container-service-2.1.0-SNAPSHOT.jar:?]
	at org.apache.ratis.server.impl.RaftServerImpl.writeAsyncImpl(RaftServerImpl.java:973) ~[ratis-server-3.1.2.jar:3.1.2]
	at org.apache.ratis.server.impl.RaftServerImpl.writeAsync(RaftServerImpl.java:946) ~[ratis-server-3.1.2.jar:3.1.2]
	at org.apache.ratis.server.impl.RaftServerImpl.replyFuture(RaftServerImpl.java:939) ~[ratis-server-3.1.2.jar:3.1.2]
	at org.apache.ratis.server.impl.RaftServerImpl.submitClientRequestAsync(RaftServerImpl.java:916) ~[ratis-server-3.1.2.jar:3.1.2]
	at org.apache.ratis.server.impl.RaftServerImpl.lambda$null$11(RaftServerImpl.java:905) ~[ratis-server-3.1.2.jar:3.1.2]
	at org.apache.ratis.util.JavaUtils.callAsUnchecked(JavaUtils.java:118) ~[ratis-common-3.1.2.jar:3.1.2]
	at org.apache.ratis.server.impl.RaftServerImpl.lambda$executeSubmitClientRequestAsync$12(RaftServerImpl.java:905) ~[ratis-server-3.1.2.jar:3.1.2]
	at java.base/java.util.concurrent.CompletableFuture$AsyncSupply.run(CompletableFuture.java:1768) ~[?:?]
	at java.base/java.util.concurrent.ThreadPoolExecutor.runWorker(ThreadPoolExecutor.java:1144) ~[?:?]
	at java.base/java.util.concurrent.ThreadPoolExecutor$Worker.run(ThreadPoolExecutor.java:642) ~[?:?]
	at java.base/java.lang.Thread.run(Thread.java:1583) [?:?]
2025-05-14 02:53:55,150 [grpc-default-executor-1] ERROR impl.OrderedAsync (OrderedAsync.java:lambda$send$4(181)) - Failed to send request, message=cmdType: WriteChunk
traceID: ""
containerID: 4
datanodeUuid: "f8181075-ae63-407a-b17c-78185f7d70dd"
writeChunk {
  blockID {
    containerID: 4
    localID: 115816896921600004
    blockCommitSequenceId: 0
  }
  chunkData {
    chunkName: "115816896921600004.data.0"
    offset: 0
    len: 5
    checksumData {
      type: CRC32
      bytesPerChecksum: 1048576
      checksums: "FJ\204C"
    }
  }
}
version: 3
, data.size=5
java.util.concurrent.CompletionException: org.apache.ratis.protocol.exceptions.StateMachineException: org.apache.hadoop.hdds.scm.container.common.helpers.ContainerNotOpenException from Server f8181075-ae63-407a-b17c-78185f7d70dd@group-4B591AE0C988: Container 4 in CLOSED state
	at org.apache.ratis.client.impl.RaftClientImpl.handleRaftException(RaftClientImpl.java:373)
	at org.apache.ratis.client.impl.OrderedAsync.lambda$send$3(OrderedAsync.java:175)
	at java.base/java.util.concurrent.CompletableFuture$UniApply.tryFire(CompletableFuture.java:646)
	at java.base/java.util.concurrent.CompletableFuture.postComplete(CompletableFuture.java:510)
	at java.base/java.util.concurrent.CompletableFuture.complete(CompletableFuture.java:2179)
	at org.apache.ratis.client.impl.OrderedAsync$PendingOrderedRequest.setReply(OrderedAsync.java:105)
	at org.apache.ratis.client.impl.OrderedAsync$PendingOrderedRequest.setReply(OrderedAsync.java:66)
	at org.apache.ratis.util.SlidingWindow$RequestMap.setReply(SlidingWindow.java:147)
	at org.apache.ratis.util.SlidingWindow$Client.receiveReply(SlidingWindow.java:351)
	at org.apache.ratis.client.impl.OrderedAsync.lambda$sendRequestWithRetry$5(OrderedAsync.java:210)
	at java.base/java.util.concurrent.CompletableFuture$UniAccept.tryFire(CompletableFuture.java:718)
	at java.base/java.util.concurrent.CompletableFuture.postComplete(CompletableFuture.java:510)
	at java.base/java.util.concurrent.CompletableFuture.complete(CompletableFuture.java:2179)
	at org.apache.ratis.grpc.client.GrpcClientProtocolClient$AsyncStreamObservers$1.lambda$onNext$0(GrpcClientProtocolClient.java:325)
	at java.base/java.util.Optional.ifPresent(Optional.java:178)
	at org.apache.ratis.grpc.client.GrpcClientProtocolClient$AsyncStreamObservers.handleReplyFuture(GrpcClientProtocolClient.java:381)
	at org.apache.ratis.grpc.client.GrpcClientProtocolClient$AsyncStreamObservers.access$100(GrpcClientProtocolClient.java:303)
	at org.apache.ratis.grpc.client.GrpcClientProtocolClient$AsyncStreamObservers$1.onNext(GrpcClientProtocolClient.java:325)
	at org.apache.ratis.grpc.client.GrpcClientProtocolClient$AsyncStreamObservers$1.onNext(GrpcClientProtocolClient.java:308)
	at org.apache.ratis.thirdparty.io.grpc.stub.ClientCalls$StreamObserverToCallListenerAdapter.onMessage(ClientCalls.java:468)
	at org.apache.ratis.thirdparty.io.grpc.ForwardingClientCallListener.onMessage(ForwardingClientCallListener.java:33)
	at org.apache.ratis.thirdparty.io.grpc.internal.DelayedClientCall$DelayedListener.onMessage(DelayedClientCall.java:473)
	at org.apache.ratis.thirdparty.io.grpc.internal.ClientCallImpl$ClientStreamListenerImpl$1MessagesAvailable.runInternal(ClientCallImpl.java:660)
	at org.apache.ratis.thirdparty.io.grpc.internal.ClientCallImpl$ClientStreamListenerImpl$1MessagesAvailable.runInContext(ClientCallImpl.java:647)
	at org.apache.ratis.thirdparty.io.grpc.internal.ContextRunnable.run(ContextRunnable.java:37)
	at org.apache.ratis.thirdparty.io.grpc.internal.SerializingExecutor.run(SerializingExecutor.java:133)
	at java.base/java.util.concurrent.ThreadPoolExecutor.runWorker(ThreadPoolExecutor.java:1144)
	at java.base/java.util.concurrent.ThreadPoolExecutor$Worker.run(ThreadPoolExecutor.java:642)
	at java.base/java.lang.Thread.run(Thread.java:1583)
Caused by: org.apache.ratis.protocol.exceptions.StateMachineException: org.apache.hadoop.hdds.scm.container.common.helpers.ContainerNotOpenException from Server f8181075-ae63-407a-b17c-78185f7d70dd@group-4B591AE0C988: Container 4 in CLOSED state
	at org.apache.hadoop.ozone.container.common.impl.HddsDispatcher.validateContainerCommand(HddsDispatcher.java:565)
	at org.apache.hadoop.ozone.container.common.transport.server.ratis.ContainerStateMachine.startTransaction(ContainerStateMachine.java:488)
	at org.apache.ratis.server.impl.RaftServerImpl.writeAsyncImpl(RaftServerImpl.java:973)
	at org.apache.ratis.server.impl.RaftServerImpl.writeAsync(RaftServerImpl.java:946)
	at org.apache.ratis.server.impl.RaftServerImpl.replyFuture(RaftServerImpl.java:939)
	at org.apache.ratis.server.impl.RaftServerImpl.submitClientRequestAsync(RaftServerImpl.java:916)
	at org.apache.ratis.server.impl.RaftServerImpl.lambda$null$11(RaftServerImpl.java:905)
	at org.apache.ratis.util.JavaUtils.callAsUnchecked(JavaUtils.java:118)
	at org.apache.ratis.server.impl.RaftServerImpl.lambda$executeSubmitClientRequestAsync$12(RaftServerImpl.java:905)
	at java.base/java.util.concurrent.CompletableFuture$AsyncSupply.run(CompletableFuture.java:1768)
	... 3 more
Caused by: org.apache.hadoop.hdds.scm.container.common.helpers.ContainerNotOpenException: Container 4 in CLOSED state
	at java.base/jdk.internal.reflect.DirectConstructorHandleAccessor.newInstance(DirectConstructorHandleAccessor.java:62)
	at java.base/java.lang.reflect.Constructor.newInstanceWithCaller(Constructor.java:502)
	at java.base/java.lang.reflect.Constructor.newInstance(Constructor.java:486)
	at org.apache.ratis.util.ReflectionUtils.instantiateException(ReflectionUtils.java:259)
	at org.apache.ratis.client.impl.ClientProtoUtils.toStateMachineException(ClientProtoUtils.java:455)
	at org.apache.ratis.client.impl.ClientProtoUtils.toStateMachineException(ClientProtoUtils.java:441)
	at org.apache.ratis.client.impl.ClientProtoUtils.toRaftClientReply(ClientProtoUtils.java:408)
	at org.apache.ratis.grpc.client.GrpcClientProtocolClient$AsyncStreamObservers$1.onNext(GrpcClientProtocolClient.java:313)
	at org.apache.ratis.grpc.client.GrpcClientProtocolClient$AsyncStreamObservers$1.onNext(GrpcClientProtocolClient.java:308)
	at org.apache.ratis.thirdparty.io.grpc.stub.ClientCalls$StreamObserverToCallListenerAdapter.onMessage(ClientCalls.java:468)
	at org.apache.ratis.thirdparty.io.grpc.ForwardingClientCallListener.onMessage(ForwardingClientCallListener.java:33)
	at org.apache.ratis.thirdparty.io.grpc.internal.DelayedClientCall$DelayedListener.onMessage(DelayedClientCall.java:473)
	at org.apache.ratis.thirdparty.io.grpc.internal.ClientCallImpl$ClientStreamListenerImpl$1MessagesAvailable.runInternal(ClientCallImpl.java:660)
	at org.apache.ratis.thirdparty.io.grpc.internal.ClientCallImpl$ClientStreamListenerImpl$1MessagesAvailable.runInContext(ClientCallImpl.java:647)
	at org.apache.ratis.thirdparty.io.grpc.internal.ContextRunnable.run(ContextRunnable.java:37)
	at org.apache.ratis.thirdparty.io.grpc.internal.SerializingExecutor.run(SerializingExecutor.java:133)
	... 3 more
02:53:55.152 [f8181075-ae63-407a-b17c-78185f7d70dd-client-thread2] ERROR DNAudit - user=null | ip=null | op=WRITE_CHUNK {blockData=conID: 4 locID: 115816896921600004 bcsId: 0 replicaIndex: null, offset=0, size=5} | ret=FAILURE
org.apache.hadoop.hdds.scm.container.common.helpers.ContainerNotOpenException: Container 4 in CLOSED state
	at org.apache.hadoop.ozone.container.common.impl.HddsDispatcher.validateContainerCommand(HddsDispatcher.java:565) ~[hdds-container-service-2.1.0-SNAPSHOT.jar:?]
	at org.apache.hadoop.ozone.container.common.transport.server.ratis.ContainerStateMachine.startTransaction(ContainerStateMachine.java:488) ~[hdds-container-service-2.1.0-SNAPSHOT.jar:?]
	at org.apache.ratis.server.impl.RaftServerImpl.writeAsyncImpl(RaftServerImpl.java:973) ~[ratis-server-3.1.2.jar:3.1.2]
	at org.apache.ratis.server.impl.RaftServerImpl.writeAsync(RaftServerImpl.java:946) ~[ratis-server-3.1.2.jar:3.1.2]
	at org.apache.ratis.server.impl.RaftServerImpl.replyFuture(RaftServerImpl.java:939) ~[ratis-server-3.1.2.jar:3.1.2]
	at org.apache.ratis.server.impl.RaftServerImpl.submitClientRequestAsync(RaftServerImpl.java:916) ~[ratis-server-3.1.2.jar:3.1.2]
	at org.apache.ratis.server.impl.RaftServerImpl.lambda$null$11(RaftServerImpl.java:905) ~[ratis-server-3.1.2.jar:3.1.2]
	at org.apache.ratis.util.JavaUtils.callAsUnchecked(JavaUtils.java:118) ~[ratis-common-3.1.2.jar:3.1.2]
	at org.apache.ratis.server.impl.RaftServerImpl.lambda$executeSubmitClientRequestAsync$12(RaftServerImpl.java:905) ~[ratis-server-3.1.2.jar:3.1.2]
	at java.base/java.util.concurrent.CompletableFuture$AsyncSupply.run(CompletableFuture.java:1768) ~[?:?]
	at java.base/java.util.concurrent.ThreadPoolExecutor.runWorker(ThreadPoolExecutor.java:1144) ~[?:?]
	at java.base/java.util.concurrent.ThreadPoolExecutor$Worker.run(ThreadPoolExecutor.java:642) ~[?:?]
	at java.base/java.lang.Thread.run(Thread.java:1583) [?:?]
02:53:55.153 [f8181075-ae63-407a-b17c-78185f7d70dd-client-thread1] ERROR DNAudit - user=null | ip=null | op=WRITE_CHUNK {blockData=conID: 4 locID: 115816896921600004 bcsId: 0 replicaIndex: null, offset=0, size=5} | ret=FAILURE
org.apache.hadoop.hdds.scm.container.common.helpers.ContainerNotOpenException: Container 4 in CLOSED state
	at org.apache.hadoop.ozone.container.common.impl.HddsDispatcher.validateContainerCommand(HddsDispatcher.java:565) ~[hdds-container-service-2.1.0-SNAPSHOT.jar:?]
	at org.apache.hadoop.ozone.container.common.transport.server.ratis.ContainerStateMachine.startTransaction(ContainerStateMachine.java:488) ~[hdds-container-service-2.1.0-SNAPSHOT.jar:?]
	at org.apache.ratis.server.impl.RaftServerImpl.writeAsyncImpl(RaftServerImpl.java:973) ~[ratis-server-3.1.2.jar:3.1.2]
	at org.apache.ratis.server.impl.RaftServerImpl.writeAsync(RaftServerImpl.java:946) ~[ratis-server-3.1.2.jar:3.1.2]
	at org.apache.ratis.server.impl.RaftServerImpl.replyFuture(RaftServerImpl.java:939) ~[ratis-server-3.1.2.jar:3.1.2]
	at org.apache.ratis.server.impl.RaftServerImpl.submitClientRequestAsync(RaftServerImpl.java:916) ~[ratis-server-3.1.2.jar:3.1.2]
	at org.apache.ratis.server.impl.RaftServerImpl.lambda$null$11(RaftServerImpl.java:905) ~[ratis-server-3.1.2.jar:3.1.2]
	at org.apache.ratis.util.JavaUtils.callAsUnchecked(JavaUtils.java:118) ~[ratis-common-3.1.2.jar:3.1.2]
	at org.apache.ratis.server.impl.RaftServerImpl.lambda$executeSubmitClientRequestAsync$12(RaftServerImpl.java:905) ~[ratis-server-3.1.2.jar:3.1.2]
	at java.base/java.util.concurrent.CompletableFuture$AsyncSupply.run(CompletableFuture.java:1768) ~[?:?]
	at java.base/java.util.concurrent.ThreadPoolExecutor.runWorker(ThreadPoolExecutor.java:1144) ~[?:?]
	at java.base/java.util.concurrent.ThreadPoolExecutor$Worker.run(ThreadPoolExecutor.java:642) ~[?:?]
	at java.base/java.lang.Thread.run(Thread.java:1583) [?:?]
02:53:55.154 [f8181075-ae63-407a-b17c-78185f7d70dd-client-thread2] ERROR DNAudit - user=null | ip=null | op=WRITE_CHUNK {blockData=conID: 4 locID: 115816896921600004 bcsId: 0 replicaIndex: null, offset=0, size=5} | ret=FAILURE
org.apache.hadoop.hdds.scm.container.common.helpers.ContainerNotOpenException: Container 4 in CLOSED state
	at org.apache.hadoop.ozone.container.common.impl.HddsDispatcher.validateContainerCommand(HddsDispatcher.java:565) ~[hdds-container-service-2.1.0-SNAPSHOT.jar:?]
	at org.apache.hadoop.ozone.container.common.transport.server.ratis.ContainerStateMachine.startTransaction(ContainerStateMachine.java:488) ~[hdds-container-service-2.1.0-SNAPSHOT.jar:?]
	at org.apache.ratis.server.impl.RaftServerImpl.writeAsyncImpl(RaftServerImpl.java:973) ~[ratis-server-3.1.2.jar:3.1.2]
	at org.apache.ratis.server.impl.RaftServerImpl.writeAsync(RaftServerImpl.java:946) ~[ratis-server-3.1.2.jar:3.1.2]
	at org.apache.ratis.server.impl.RaftServerImpl.replyFuture(RaftServerImpl.java:939) ~[ratis-server-3.1.2.jar:3.1.2]
	at org.apache.ratis.server.impl.RaftServerImpl.submitClientRequestAsync(RaftServerImpl.java:916) ~[ratis-server-3.1.2.jar:3.1.2]
	at org.apache.ratis.server.impl.RaftServerImpl.lambda$null$11(RaftServerImpl.java:905) ~[ratis-server-3.1.2.jar:3.1.2]
	at org.apache.ratis.util.JavaUtils.callAsUnchecked(JavaUtils.java:118) ~[ratis-common-3.1.2.jar:3.1.2]
	at org.apache.ratis.server.impl.RaftServerImpl.lambda$executeSubmitClientRequestAsync$12(RaftServerImpl.java:905) ~[ratis-server-3.1.2.jar:3.1.2]
	at java.base/java.util.concurrent.CompletableFuture$AsyncSupply.run(CompletableFuture.java:1768) ~[?:?]
	at java.base/java.util.concurrent.ThreadPoolExecutor.runWorker(ThreadPoolExecutor.java:1144) ~[?:?]
	at java.base/java.util.concurrent.ThreadPoolExecutor$Worker.run(ThreadPoolExecutor.java:642) ~[?:?]
	at java.base/java.lang.Thread.run(Thread.java:1583) [?:?]
2025-05-14 02:53:55,155 [grpc-default-executor-1] ERROR impl.OrderedAsync (OrderedAsync.java:lambda$send$4(181)) - Failed to send request, message=cmdType: WriteChunk
traceID: ""
containerID: 4
datanodeUuid: "f8181075-ae63-407a-b17c-78185f7d70dd"
writeChunk {
  blockID {
    containerID: 4
    localID: 115816896921600004
    blockCommitSequenceId: 0
  }
  chunkData {
    chunkName: "115816896921600004.data.0"
    offset: 0
    len: 5
    checksumData {
      type: CRC32
      bytesPerChecksum: 1048576
      checksums: "\314t]t"
    }
  }
}
version: 3
, data.size=5
java.util.concurrent.CompletionException: org.apache.ratis.protocol.exceptions.StateMachineException: org.apache.hadoop.hdds.scm.container.common.helpers.ContainerNotOpenException from Server f8181075-ae63-407a-b17c-78185f7d70dd@group-4B591AE0C988: Container 4 in CLOSED state
	at org.apache.ratis.client.impl.RaftClientImpl.handleRaftException(RaftClientImpl.java:373)
	at org.apache.ratis.client.impl.OrderedAsync.lambda$send$3(OrderedAsync.java:175)
	at java.base/java.util.concurrent.CompletableFuture$UniApply.tryFire(CompletableFuture.java:646)
	at java.base/java.util.concurrent.CompletableFuture.postComplete(CompletableFuture.java:510)
	at java.base/java.util.concurrent.CompletableFuture.complete(CompletableFuture.java:2179)
	at org.apache.ratis.client.impl.OrderedAsync$PendingOrderedRequest.setReply(OrderedAsync.java:105)
	at org.apache.ratis.client.impl.OrderedAsync$PendingOrderedRequest.setReply(OrderedAsync.java:66)
	at org.apache.ratis.util.SlidingWindow$RequestMap.setReply(SlidingWindow.java:147)
	at org.apache.ratis.util.SlidingWindow$Client.receiveReply(SlidingWindow.java:351)
	at org.apache.ratis.client.impl.OrderedAsync.lambda$sendRequestWithRetry$5(OrderedAsync.java:210)
	at java.base/java.util.concurrent.CompletableFuture$UniAccept.tryFire(CompletableFuture.java:718)
	at java.base/java.util.concurrent.CompletableFuture.postComplete(CompletableFuture.java:510)
	at java.base/java.util.concurrent.CompletableFuture.complete(CompletableFuture.java:2179)
	at org.apache.ratis.grpc.client.GrpcClientProtocolClient$AsyncStreamObservers$1.lambda$onNext$0(GrpcClientProtocolClient.java:325)
	at java.base/java.util.Optional.ifPresent(Optional.java:178)
	at org.apache.ratis.grpc.client.GrpcClientProtocolClient$AsyncStreamObservers.handleReplyFuture(GrpcClientProtocolClient.java:381)
	at org.apache.ratis.grpc.client.GrpcClientProtocolClient$AsyncStreamObservers.access$100(GrpcClientProtocolClient.java:303)
	at org.apache.ratis.grpc.client.GrpcClientProtocolClient$AsyncStreamObservers$1.onNext(GrpcClientProtocolClient.java:325)
	at org.apache.ratis.grpc.client.GrpcClientProtocolClient$AsyncStreamObservers$1.onNext(GrpcClientProtocolClient.java:308)
	at org.apache.ratis.thirdparty.io.grpc.stub.ClientCalls$StreamObserverToCallListenerAdapter.onMessage(ClientCalls.java:468)
	at org.apache.ratis.thirdparty.io.grpc.ForwardingClientCallListener.onMessage(ForwardingClientCallListener.java:33)
	at org.apache.ratis.thirdparty.io.grpc.internal.DelayedClientCall$DelayedListener.onMessage(DelayedClientCall.java:473)
	at org.apache.ratis.thirdparty.io.grpc.internal.ClientCallImpl$ClientStreamListenerImpl$1MessagesAvailable.runInternal(ClientCallImpl.java:660)
	at org.apache.ratis.thirdparty.io.grpc.internal.ClientCallImpl$ClientStreamListenerImpl$1MessagesAvailable.runInContext(ClientCallImpl.java:647)
	at org.apache.ratis.thirdparty.io.grpc.internal.ContextRunnable.run(ContextRunnable.java:37)
	at org.apache.ratis.thirdparty.io.grpc.internal.SerializingExecutor.run(SerializingExecutor.java:133)
	at java.base/java.util.concurrent.ThreadPoolExecutor.runWorker(ThreadPoolExecutor.java:1144)
	at java.base/java.util.concurrent.ThreadPoolExecutor$Worker.run(ThreadPoolExecutor.java:642)
	at java.base/java.lang.Thread.run(Thread.java:1583)
Caused by: org.apache.ratis.protocol.exceptions.StateMachineException: org.apache.hadoop.hdds.scm.container.common.helpers.ContainerNotOpenException from Server f8181075-ae63-407a-b17c-78185f7d70dd@group-4B591AE0C988: Container 4 in CLOSED state
	at org.apache.hadoop.ozone.container.common.impl.HddsDispatcher.validateContainerCommand(HddsDispatcher.java:565)
	at org.apache.hadoop.ozone.container.common.transport.server.ratis.ContainerStateMachine.startTransaction(ContainerStateMachine.java:488)
	at org.apache.ratis.server.impl.RaftServerImpl.writeAsyncImpl(RaftServerImpl.java:973)
	at org.apache.ratis.server.impl.RaftServerImpl.writeAsync(RaftServerImpl.java:946)
	at org.apache.ratis.server.impl.RaftServerImpl.replyFuture(RaftServerImpl.java:939)
	at org.apache.ratis.server.impl.RaftServerImpl.submitClientRequestAsync(RaftServerImpl.java:916)
	at org.apache.ratis.server.impl.RaftServerImpl.lambda$null$11(RaftServerImpl.java:905)
	at org.apache.ratis.util.JavaUtils.callAsUnchecked(JavaUtils.java:118)
	at org.apache.ratis.server.impl.RaftServerImpl.lambda$executeSubmitClientRequestAsync$12(RaftServerImpl.java:905)
	at java.base/java.util.concurrent.CompletableFuture$AsyncSupply.run(CompletableFuture.java:1768)
	... 3 more
Caused by: org.apache.hadoop.hdds.scm.container.common.helpers.ContainerNotOpenException: Container 4 in CLOSED state
	at java.base/jdk.internal.reflect.DirectConstructorHandleAccessor.newInstance(DirectConstructorHandleAccessor.java:62)
	at java.base/java.lang.reflect.Constructor.newInstanceWithCaller(Constructor.java:502)
	at java.base/java.lang.reflect.Constructor.newInstance(Constructor.java:486)
	at org.apache.ratis.util.ReflectionUtils.instantiateException(ReflectionUtils.java:259)
	at org.apache.ratis.client.impl.ClientProtoUtils.toStateMachineException(ClientProtoUtils.java:455)
	at org.apache.ratis.client.impl.ClientProtoUtils.toStateMachineException(ClientProtoUtils.java:441)
	at org.apache.ratis.client.impl.ClientProtoUtils.toRaftClientReply(ClientProtoUtils.java:408)
	at org.apache.ratis.grpc.client.GrpcClientProtocolClient$AsyncStreamObservers$1.onNext(GrpcClientProtocolClient.java:313)
	at org.apache.ratis.grpc.client.GrpcClientProtocolClient$AsyncStreamObservers$1.onNext(GrpcClientProtocolClient.java:308)
	at org.apache.ratis.thirdparty.io.grpc.stub.ClientCalls$StreamObserverToCallListenerAdapter.onMessage(ClientCalls.java:468)
	at org.apache.ratis.thirdparty.io.grpc.ForwardingClientCallListener.onMessage(ForwardingClientCallListener.java:33)
	at org.apache.ratis.thirdparty.io.grpc.internal.DelayedClientCall$DelayedListener.onMessage(DelayedClientCall.java:473)
	at org.apache.ratis.thirdparty.io.grpc.internal.ClientCallImpl$ClientStreamListenerImpl$1MessagesAvailable.runInternal(ClientCallImpl.java:660)
	at org.apache.ratis.thirdparty.io.grpc.internal.ClientCallImpl$ClientStreamListenerImpl$1MessagesAvailable.runInContext(ClientCallImpl.java:647)
	at org.apache.ratis.thirdparty.io.grpc.internal.ContextRunnable.run(ContextRunnable.java:37)
	at org.apache.ratis.thirdparty.io.grpc.internal.SerializingExecutor.run(SerializingExecutor.java:133)
	... 3 more
02:53:55.157 [f8181075-ae63-407a-b17c-78185f7d70dd-client-thread3] ERROR DNAudit - user=null | ip=null | op=WRITE_CHUNK {blockData=conID: 4 locID: 115816896921600004 bcsId: 0 replicaIndex: null, offset=0, size=5} | ret=FAILURE
org.apache.hadoop.hdds.scm.container.common.helpers.ContainerNotOpenException: Container 4 in CLOSED state
	at org.apache.hadoop.ozone.container.common.impl.HddsDispatcher.validateContainerCommand(HddsDispatcher.java:565) ~[hdds-container-service-2.1.0-SNAPSHOT.jar:?]
	at org.apache.hadoop.ozone.container.common.transport.server.ratis.ContainerStateMachine.startTransaction(ContainerStateMachine.java:488) ~[hdds-container-service-2.1.0-SNAPSHOT.jar:?]
	at org.apache.ratis.server.impl.RaftServerImpl.writeAsyncImpl(RaftServerImpl.java:973) ~[ratis-server-3.1.2.jar:3.1.2]
	at org.apache.ratis.server.impl.RaftServerImpl.writeAsync(RaftServerImpl.java:946) ~[ratis-server-3.1.2.jar:3.1.2]
	at org.apache.ratis.server.impl.RaftServerImpl.replyFuture(RaftServerImpl.java:939) ~[ratis-server-3.1.2.jar:3.1.2]
	at org.apache.ratis.server.impl.RaftServerImpl.submitClientRequestAsync(RaftServerImpl.java:916) ~[ratis-server-3.1.2.jar:3.1.2]
	at org.apache.ratis.server.impl.RaftServerImpl.lambda$null$11(RaftServerImpl.java:905) ~[ratis-server-3.1.2.jar:3.1.2]
	at org.apache.ratis.util.JavaUtils.callAsUnchecked(JavaUtils.java:118) ~[ratis-common-3.1.2.jar:3.1.2]
	at org.apache.ratis.server.impl.RaftServerImpl.lambda$executeSubmitClientRequestAsync$12(RaftServerImpl.java:905) ~[ratis-server-3.1.2.jar:3.1.2]
	at java.base/java.util.concurrent.CompletableFuture$AsyncSupply.run(CompletableFuture.java:1768) ~[?:?]
	at java.base/java.util.concurrent.ThreadPoolExecutor.runWorker(ThreadPoolExecutor.java:1144) ~[?:?]
	at java.base/java.util.concurrent.ThreadPoolExecutor$Worker.run(ThreadPoolExecutor.java:642) ~[?:?]
	at java.base/java.lang.Thread.run(Thread.java:1583) [?:?]
2025-05-14 02:53:55,159 [grpc-default-executor-1] ERROR impl.OrderedAsync (OrderedAsync.java:lambda$send$4(181)) - Failed to send request, message=cmdType: WriteChunk
traceID: ""
containerID: 4
datanodeUuid: "f8181075-ae63-407a-b17c-78185f7d70dd"
writeChunk {
  blockID {
    containerID: 4
    localID: 115816896921600004
    blockCommitSequenceId: 0
  }
  chunkData {
    chunkName: "115816896921600004.data.0"
    offset: 0
    len: 5
    checksumData {
      type: CRC32
      bytesPerChecksum: 1048576
      checksums: "\237\342\230r"
    }
  }
}
version: 3
, data.size=5
java.util.concurrent.CompletionException: org.apache.ratis.protocol.exceptions.StateMachineException: org.apache.hadoop.hdds.scm.container.common.helpers.ContainerNotOpenException from Server f8181075-ae63-407a-b17c-78185f7d70dd@group-4B591AE0C988: Container 4 in CLOSED state
	at org.apache.ratis.client.impl.RaftClientImpl.handleRaftException(RaftClientImpl.java:373)
	at org.apache.ratis.client.impl.OrderedAsync.lambda$send$3(OrderedAsync.java:175)
	at java.base/java.util.concurrent.CompletableFuture$UniApply.tryFire(CompletableFuture.java:646)
	at java.base/java.util.concurrent.CompletableFuture.postComplete(CompletableFuture.java:510)
	at java.base/java.util.concurrent.CompletableFuture.complete(CompletableFuture.java:2179)
	at org.apache.ratis.client.impl.OrderedAsync$PendingOrderedRequest.setReply(OrderedAsync.java:105)
	at org.apache.ratis.client.impl.OrderedAsync$PendingOrderedRequest.setReply(OrderedAsync.java:66)
	at org.apache.ratis.util.SlidingWindow$RequestMap.setReply(SlidingWindow.java:147)
	at org.apache.ratis.util.SlidingWindow$Client.receiveReply(SlidingWindow.java:351)
	at org.apache.ratis.client.impl.OrderedAsync.lambda$sendRequestWithRetry$5(OrderedAsync.java:210)
	at java.base/java.util.concurrent.CompletableFuture$UniAccept.tryFire(CompletableFuture.java:718)
	at java.base/java.util.concurrent.CompletableFuture.postComplete(CompletableFuture.java:510)
	at java.base/java.util.concurrent.CompletableFuture.complete(CompletableFuture.java:2179)
	at org.apache.ratis.grpc.client.GrpcClientProtocolClient$AsyncStreamObservers$1.lambda$onNext$0(GrpcClientProtocolClient.java:325)
	at java.base/java.util.Optional.ifPresent(Optional.java:178)
	at org.apache.ratis.grpc.client.GrpcClientProtocolClient$AsyncStreamObservers.handleReplyFuture(GrpcClientProtocolClient.java:381)
	at org.apache.ratis.grpc.client.GrpcClientProtocolClient$AsyncStreamObservers.access$100(GrpcClientProtocolClient.java:303)
	at org.apache.ratis.grpc.client.GrpcClientProtocolClient$AsyncStreamObservers$1.onNext(GrpcClientProtocolClient.java:325)
	at org.apache.ratis.grpc.client.GrpcClientProtocolClient$AsyncStreamObservers$1.onNext(GrpcClientProtocolClient.java:308)
	at org.apache.ratis.thirdparty.io.grpc.stub.ClientCalls$StreamObserverToCallListenerAdapter.onMessage(ClientCalls.java:468)
	at org.apache.ratis.thirdparty.io.grpc.ForwardingClientCallListener.onMessage(ForwardingClientCallListener.java:33)
	at org.apache.ratis.thirdparty.io.grpc.internal.DelayedClientCall$DelayedListener.onMessage(DelayedClientCall.java:473)
	at org.apache.ratis.thirdparty.io.grpc.internal.ClientCallImpl$ClientStreamListenerImpl$1MessagesAvailable.runInternal(ClientCallImpl.java:660)
	at org.apache.ratis.thirdparty.io.grpc.internal.ClientCallImpl$ClientStreamListenerImpl$1MessagesAvailable.runInContext(ClientCallImpl.java:647)
	at org.apache.ratis.thirdparty.io.grpc.internal.ContextRunnable.run(ContextRunnable.java:37)
	at org.apache.ratis.thirdparty.io.grpc.internal.SerializingExecutor.run(SerializingExecutor.java:133)
	at java.base/java.util.concurrent.ThreadPoolExecutor.runWorker(ThreadPoolExecutor.java:1144)
	at java.base/java.util.concurrent.ThreadPoolExecutor$Worker.run(ThreadPoolExecutor.java:642)
	at java.base/java.lang.Thread.run(Thread.java:1583)
Caused by: org.apache.ratis.protocol.exceptions.StateMachineException: org.apache.hadoop.hdds.scm.container.common.helpers.ContainerNotOpenException from Server f8181075-ae63-407a-b17c-78185f7d70dd@group-4B591AE0C988: Container 4 in CLOSED state
	at org.apache.hadoop.ozone.container.common.impl.HddsDispatcher.validateContainerCommand(HddsDispatcher.java:565)
	at org.apache.hadoop.ozone.container.common.transport.server.ratis.ContainerStateMachine.startTransaction(ContainerStateMachine.java:488)
	at org.apache.ratis.server.impl.RaftServerImpl.writeAsyncImpl(RaftServerImpl.java:973)
	at org.apache.ratis.server.impl.RaftServerImpl.writeAsync(RaftServerImpl.java:946)
	at org.apache.ratis.server.impl.RaftServerImpl.replyFuture(RaftServerImpl.java:939)
	at org.apache.ratis.server.impl.RaftServerImpl.submitClientRequestAsync(RaftServerImpl.java:916)
	at org.apache.ratis.server.impl.RaftServerImpl.lambda$null$11(RaftServerImpl.java:905)
	at org.apache.ratis.util.JavaUtils.callAsUnchecked(JavaUtils.java:118)
	at org.apache.ratis.server.impl.RaftServerImpl.lambda$executeSubmitClientRequestAsync$12(RaftServerImpl.java:905)
	at java.base/java.util.concurrent.CompletableFuture$AsyncSupply.run(CompletableFuture.java:1768)
	... 3 more
Caused by: org.apache.hadoop.hdds.scm.container.common.helpers.ContainerNotOpenException: Container 4 in CLOSED state
	at java.base/jdk.internal.reflect.DirectConstructorHandleAccessor.newInstance(DirectConstructorHandleAccessor.java:62)
	at java.base/java.lang.reflect.Constructor.newInstanceWithCaller(Constructor.java:502)
	at java.base/java.lang.reflect.Constructor.newInstance(Constructor.java:486)
	at org.apache.ratis.util.ReflectionUtils.instantiateException(ReflectionUtils.java:259)
	at org.apache.ratis.client.impl.ClientProtoUtils.toStateMachineException(ClientProtoUtils.java:455)
	at org.apache.ratis.client.impl.ClientProtoUtils.toStateMachineException(ClientProtoUtils.java:441)
	at org.apache.ratis.client.impl.ClientProtoUtils.toRaftClientReply(ClientProtoUtils.java:408)
	at org.apache.ratis.grpc.client.GrpcClientProtocolClient$AsyncStreamObservers$1.onNext(GrpcClientProtocolClient.java:313)
	at org.apache.ratis.grpc.client.GrpcClientProtocolClient$AsyncStreamObservers$1.onNext(GrpcClientProtocolClient.java:308)
	at org.apache.ratis.thirdparty.io.grpc.stub.ClientCalls$StreamObserverToCallListenerAdapter.onMessage(ClientCalls.java:468)
	at org.apache.ratis.thirdparty.io.grpc.ForwardingClientCallListener.onMessage(ForwardingClientCallListener.java:33)
	at org.apache.ratis.thirdparty.io.grpc.internal.DelayedClientCall$DelayedListener.onMessage(DelayedClientCall.java:473)
	at org.apache.ratis.thirdparty.io.grpc.internal.ClientCallImpl$ClientStreamListenerImpl$1MessagesAvailable.runInternal(ClientCallImpl.java:660)
	at org.apache.ratis.thirdparty.io.grpc.internal.ClientCallImpl$ClientStreamListenerImpl$1MessagesAvailable.runInContext(ClientCallImpl.java:647)
	at org.apache.ratis.thirdparty.io.grpc.internal.ContextRunnable.run(ContextRunnable.java:37)
	at org.apache.ratis.thirdparty.io.grpc.internal.SerializingExecutor.run(SerializingExecutor.java:133)
	... 3 more
02:53:55.159 [f8181075-ae63-407a-b17c-78185f7d70dd-client-thread3] ERROR DNAudit - user=null | ip=null | op=WRITE_CHUNK {blockData=conID: 4 locID: 115816896921600004 bcsId: 0 replicaIndex: null, offset=0, size=5} | ret=FAILURE
org.apache.hadoop.hdds.scm.container.common.helpers.ContainerNotOpenException: Container 4 in CLOSED state
	at org.apache.hadoop.ozone.container.common.impl.HddsDispatcher.validateContainerCommand(HddsDispatcher.java:565) ~[hdds-container-service-2.1.0-SNAPSHOT.jar:?]
	at org.apache.hadoop.ozone.container.common.transport.server.ratis.ContainerStateMachine.startTransaction(ContainerStateMachine.java:488) ~[hdds-container-service-2.1.0-SNAPSHOT.jar:?]
	at org.apache.ratis.server.impl.RaftServerImpl.writeAsyncImpl(RaftServerImpl.java:973) ~[ratis-server-3.1.2.jar:3.1.2]
	at org.apache.ratis.server.impl.RaftServerImpl.writeAsync(RaftServerImpl.java:946) ~[ratis-server-3.1.2.jar:3.1.2]
	at org.apache.ratis.server.impl.RaftServerImpl.replyFuture(RaftServerImpl.java:939) ~[ratis-server-3.1.2.jar:3.1.2]
	at org.apache.ratis.server.impl.RaftServerImpl.submitClientRequestAsync(RaftServerImpl.java:916) ~[ratis-server-3.1.2.jar:3.1.2]
	at org.apache.ratis.server.impl.RaftServerImpl.lambda$null$11(RaftServerImpl.java:905) ~[ratis-server-3.1.2.jar:3.1.2]
	at org.apache.ratis.util.JavaUtils.callAsUnchecked(JavaUtils.java:118) ~[ratis-common-3.1.2.jar:3.1.2]
	at org.apache.ratis.server.impl.RaftServerImpl.lambda$executeSubmitClientRequestAsync$12(RaftServerImpl.java:905) ~[ratis-server-3.1.2.jar:3.1.2]
	at java.base/java.util.concurrent.CompletableFuture$AsyncSupply.run(CompletableFuture.java:1768) ~[?:?]
	at java.base/java.util.concurrent.ThreadPoolExecutor.runWorker(ThreadPoolExecutor.java:1144) ~[?:?]
	at java.base/java.util.concurrent.ThreadPoolExecutor$Worker.run(ThreadPoolExecutor.java:642) ~[?:?]
	at java.base/java.lang.Thread.run(Thread.java:1583) [?:?]
02:53:55.161 [f8181075-ae63-407a-b17c-78185f7d70dd-client-thread1] ERROR DNAudit - user=null | ip=null | op=WRITE_CHUNK {blockData=conID: 4 locID: 115816896921600004 bcsId: 0 replicaIndex: null, offset=0, size=5} | ret=FAILURE
org.apache.hadoop.hdds.scm.container.common.helpers.ContainerNotOpenException: Container 4 in CLOSED state
	at org.apache.hadoop.ozone.container.common.impl.HddsDispatcher.validateContainerCommand(HddsDispatcher.java:565) ~[hdds-container-service-2.1.0-SNAPSHOT.jar:?]
	at org.apache.hadoop.ozone.container.common.transport.server.ratis.ContainerStateMachine.startTransaction(ContainerStateMachine.java:488) ~[hdds-container-service-2.1.0-SNAPSHOT.jar:?]
	at org.apache.ratis.server.impl.RaftServerImpl.writeAsyncImpl(RaftServerImpl.java:973) ~[ratis-server-3.1.2.jar:3.1.2]
	at org.apache.ratis.server.impl.RaftServerImpl.writeAsync(RaftServerImpl.java:946) ~[ratis-server-3.1.2.jar:3.1.2]
	at org.apache.ratis.server.impl.RaftServerImpl.replyFuture(RaftServerImpl.java:939) ~[ratis-server-3.1.2.jar:3.1.2]
	at org.apache.ratis.server.impl.RaftServerImpl.submitClientRequestAsync(RaftServerImpl.java:916) ~[ratis-server-3.1.2.jar:3.1.2]
	at org.apache.ratis.server.impl.RaftServerImpl.lambda$null$11(RaftServerImpl.java:905) ~[ratis-server-3.1.2.jar:3.1.2]
	at org.apache.ratis.util.JavaUtils.callAsUnchecked(JavaUtils.java:118) ~[ratis-common-3.1.2.jar:3.1.2]
	at org.apache.ratis.server.impl.RaftServerImpl.lambda$executeSubmitClientRequestAsync$12(RaftServerImpl.java:905) ~[ratis-server-3.1.2.jar:3.1.2]
	at java.base/java.util.concurrent.CompletableFuture$AsyncSupply.run(CompletableFuture.java:1768) ~[?:?]
	at java.base/java.util.concurrent.ThreadPoolExecutor.runWorker(ThreadPoolExecutor.java:1144) ~[?:?]
	at java.base/java.util.concurrent.ThreadPoolExecutor$Worker.run(ThreadPoolExecutor.java:642) ~[?:?]
	at java.base/java.lang.Thread.run(Thread.java:1583) [?:?]
02:53:55.162 [f8181075-ae63-407a-b17c-78185f7d70dd-client-thread3] ERROR DNAudit - user=null | ip=null | op=WRITE_CHUNK {blockData=conID: 4 locID: 115816896921600004 bcsId: 0 replicaIndex: null, offset=0, size=5} | ret=FAILURE
org.apache.hadoop.hdds.scm.container.common.helpers.ContainerNotOpenException: Container 4 in CLOSED state
	at org.apache.hadoop.ozone.container.common.impl.HddsDispatcher.validateContainerCommand(HddsDispatcher.java:565) ~[hdds-container-service-2.1.0-SNAPSHOT.jar:?]
	at org.apache.hadoop.ozone.container.common.transport.server.ratis.ContainerStateMachine.startTransaction(ContainerStateMachine.java:488) ~[hdds-container-service-2.1.0-SNAPSHOT.jar:?]
	at org.apache.ratis.server.impl.RaftServerImpl.writeAsyncImpl(RaftServerImpl.java:973) ~[ratis-server-3.1.2.jar:3.1.2]
	at org.apache.ratis.server.impl.RaftServerImpl.writeAsync(RaftServerImpl.java:946) ~[ratis-server-3.1.2.jar:3.1.2]
	at org.apache.ratis.server.impl.RaftServerImpl.replyFuture(RaftServerImpl.java:939) ~[ratis-server-3.1.2.jar:3.1.2]
	at org.apache.ratis.server.impl.RaftServerImpl.submitClientRequestAsync(RaftServerImpl.java:916) ~[ratis-server-3.1.2.jar:3.1.2]
	at org.apache.ratis.server.impl.RaftServerImpl.lambda$null$11(RaftServerImpl.java:905) ~[ratis-server-3.1.2.jar:3.1.2]
	at org.apache.ratis.util.JavaUtils.callAsUnchecked(JavaUtils.java:118) ~[ratis-common-3.1.2.jar:3.1.2]
	at org.apache.ratis.server.impl.RaftServerImpl.lambda$executeSubmitClientRequestAsync$12(RaftServerImpl.java:905) ~[ratis-server-3.1.2.jar:3.1.2]
	at java.base/java.util.concurrent.CompletableFuture$AsyncSupply.run(CompletableFuture.java:1768) ~[?:?]
	at java.base/java.util.concurrent.ThreadPoolExecutor.runWorker(ThreadPoolExecutor.java:1144) ~[?:?]
	at java.base/java.util.concurrent.ThreadPoolExecutor$Worker.run(ThreadPoolExecutor.java:642) ~[?:?]
	at java.base/java.lang.Thread.run(Thread.java:1583) [?:?]
02:53:55.164 [f8181075-ae63-407a-b17c-78185f7d70dd-client-thread3] ERROR DNAudit - user=null | ip=null | op=WRITE_CHUNK {blockData=conID: 4 locID: 115816896921600004 bcsId: 0 replicaIndex: null, offset=0, size=5} | ret=FAILURE
org.apache.hadoop.hdds.scm.container.common.helpers.ContainerNotOpenException: Container 4 in CLOSED state
	at org.apache.hadoop.ozone.container.common.impl.HddsDispatcher.validateContainerCommand(HddsDispatcher.java:565) ~[hdds-container-service-2.1.0-SNAPSHOT.jar:?]
	at org.apache.hadoop.ozone.container.common.transport.server.ratis.ContainerStateMachine.startTransaction(ContainerStateMachine.java:488) ~[hdds-container-service-2.1.0-SNAPSHOT.jar:?]
	at org.apache.ratis.server.impl.RaftServerImpl.writeAsyncImpl(RaftServerImpl.java:973) ~[ratis-server-3.1.2.jar:3.1.2]
	at org.apache.ratis.server.impl.RaftServerImpl.writeAsync(RaftServerImpl.java:946) ~[ratis-server-3.1.2.jar:3.1.2]
	at org.apache.ratis.server.impl.RaftServerImpl.replyFuture(RaftServerImpl.java:939) ~[ratis-server-3.1.2.jar:3.1.2]
	at org.apache.ratis.server.impl.RaftServerImpl.submitClientRequestAsync(RaftServerImpl.java:916) ~[ratis-server-3.1.2.jar:3.1.2]
	at org.apache.ratis.server.impl.RaftServerImpl.lambda$null$11(RaftServerImpl.java:905) ~[ratis-server-3.1.2.jar:3.1.2]
	at org.apache.ratis.util.JavaUtils.callAsUnchecked(JavaUtils.java:118) ~[ratis-common-3.1.2.jar:3.1.2]
	at org.apache.ratis.server.impl.RaftServerImpl.lambda$executeSubmitClientRequestAsync$12(RaftServerImpl.java:905) ~[ratis-server-3.1.2.jar:3.1.2]
	at java.base/java.util.concurrent.CompletableFuture$AsyncSupply.run(CompletableFuture.java:1768) ~[?:?]
	at java.base/java.util.concurrent.ThreadPoolExecutor.runWorker(ThreadPoolExecutor.java:1144) ~[?:?]
	at java.base/java.util.concurrent.ThreadPoolExecutor$Worker.run(ThreadPoolExecutor.java:642) ~[?:?]
	at java.base/java.lang.Thread.run(Thread.java:1583) [?:?]
02:53:55.164 [f8181075-ae63-407a-b17c-78185f7d70dd-client-thread3] ERROR DNAudit - user=null | ip=null | op=WRITE_CHUNK {blockData=conID: 4 locID: 115816896921600004 bcsId: 0 replicaIndex: null, offset=0, size=5} | ret=FAILURE
org.apache.hadoop.hdds.scm.container.common.helpers.ContainerNotOpenException: Container 4 in CLOSED state
	at org.apache.hadoop.ozone.container.common.impl.HddsDispatcher.validateContainerCommand(HddsDispatcher.java:565) ~[hdds-container-service-2.1.0-SNAPSHOT.jar:?]
	at org.apache.hadoop.ozone.container.common.transport.server.ratis.ContainerStateMachine.startTransaction(ContainerStateMachine.java:488) ~[hdds-container-service-2.1.0-SNAPSHOT.jar:?]
	at org.apache.ratis.server.impl.RaftServerImpl.writeAsyncImpl(RaftServerImpl.java:973) ~[ratis-server-3.1.2.jar:3.1.2]
	at org.apache.ratis.server.impl.RaftServerImpl.writeAsync(RaftServerImpl.java:946) ~[ratis-server-3.1.2.jar:3.1.2]
	at org.apache.ratis.server.impl.RaftServerImpl.replyFuture(RaftServerImpl.java:939) ~[ratis-server-3.1.2.jar:3.1.2]
	at org.apache.ratis.server.impl.RaftServerImpl.submitClientRequestAsync(RaftServerImpl.java:916) ~[ratis-server-3.1.2.jar:3.1.2]
	at org.apache.ratis.server.impl.RaftServerImpl.lambda$null$11(RaftServerImpl.java:905) ~[ratis-server-3.1.2.jar:3.1.2]
	at org.apache.ratis.util.JavaUtils.callAsUnchecked(JavaUtils.java:118) ~[ratis-common-3.1.2.jar:3.1.2]
	at org.apache.ratis.server.impl.RaftServerImpl.lambda$executeSubmitClientRequestAsync$12(RaftServerImpl.java:905) ~[ratis-server-3.1.2.jar:3.1.2]
	at java.base/java.util.concurrent.CompletableFuture$AsyncSupply.run(CompletableFuture.java:1768) ~[?:?]
	at java.base/java.util.concurrent.ThreadPoolExecutor.runWorker(ThreadPoolExecutor.java:1144) ~[?:?]
	at java.base/java.util.concurrent.ThreadPoolExecutor$Worker.run(ThreadPoolExecutor.java:642) ~[?:?]
	at java.base/java.lang.Thread.run(Thread.java:1583) [?:?]
2025-05-14 02:53:55,164 [grpc-default-executor-1] ERROR impl.OrderedAsync (OrderedAsync.java:lambda$send$4(181)) - Failed to send request, message=cmdType: WriteChunk
traceID: ""
containerID: 4
datanodeUuid: "f8181075-ae63-407a-b17c-78185f7d70dd"
writeChunk {
  blockID {
    containerID: 4
    localID: 115816896921600004
    blockCommitSequenceId: 0
  }
  chunkData {
    chunkName: "115816896921600004.data.0"
    offset: 0
    len: 5
    checksumData {
      type: CRC32
      bytesPerChecksum: 1048576
      checksums: "\3727 \362"
    }
  }
}
version: 3
, data.size=5
java.util.concurrent.CompletionException: org.apache.ratis.protocol.exceptions.StateMachineException: org.apache.hadoop.hdds.scm.container.common.helpers.ContainerNotOpenException from Server f8181075-ae63-407a-b17c-78185f7d70dd@group-4B591AE0C988: Container 4 in CLOSED state
	at org.apache.ratis.client.impl.RaftClientImpl.handleRaftException(RaftClientImpl.java:373)
	at org.apache.ratis.client.impl.OrderedAsync.lambda$send$3(OrderedAsync.java:175)
	at java.base/java.util.concurrent.CompletableFuture$UniApply.tryFire(CompletableFuture.java:646)
	at java.base/java.util.concurrent.CompletableFuture.postComplete(CompletableFuture.java:510)
	at java.base/java.util.concurrent.CompletableFuture.complete(CompletableFuture.java:2179)
	at org.apache.ratis.client.impl.OrderedAsync$PendingOrderedRequest.setReply(OrderedAsync.java:105)
	at org.apache.ratis.client.impl.OrderedAsync$PendingOrderedRequest.setReply(OrderedAsync.java:66)
	at org.apache.ratis.util.SlidingWindow$RequestMap.setReply(SlidingWindow.java:147)
	at org.apache.ratis.util.SlidingWindow$Client.receiveReply(SlidingWindow.java:351)
	at org.apache.ratis.client.impl.OrderedAsync.lambda$sendRequestWithRetry$5(OrderedAsync.java:210)
	at java.base/java.util.concurrent.CompletableFuture$UniAccept.tryFire(CompletableFuture.java:718)
	at java.base/java.util.concurrent.CompletableFuture.postComplete(CompletableFuture.java:510)
	at java.base/java.util.concurrent.CompletableFuture.complete(CompletableFuture.java:2179)
	at org.apache.ratis.grpc.client.GrpcClientProtocolClient$AsyncStreamObservers$1.lambda$onNext$0(GrpcClientProtocolClient.java:325)
	at java.base/java.util.Optional.ifPresent(Optional.java:178)
	at org.apache.ratis.grpc.client.GrpcClientProtocolClient$AsyncStreamObservers.handleReplyFuture(GrpcClientProtocolClient.java:381)
	at org.apache.ratis.grpc.client.GrpcClientProtocolClient$AsyncStreamObservers.access$100(GrpcClientProtocolClient.java:303)
	at org.apache.ratis.grpc.client.GrpcClientProtocolClient$AsyncStreamObservers$1.onNext(GrpcClientProtocolClient.java:325)
	at org.apache.ratis.grpc.client.GrpcClientProtocolClient$AsyncStreamObservers$1.onNext(GrpcClientProtocolClient.java:308)
	at org.apache.ratis.thirdparty.io.grpc.stub.ClientCalls$StreamObserverToCallListenerAdapter.onMessage(ClientCalls.java:468)
	at org.apache.ratis.thirdparty.io.grpc.ForwardingClientCallListener.onMessage(ForwardingClientCallListener.java:33)
	at org.apache.ratis.thirdparty.io.grpc.internal.DelayedClientCall$DelayedListener.onMessage(DelayedClientCall.java:473)
	at org.apache.ratis.thirdparty.io.grpc.internal.ClientCallImpl$ClientStreamListenerImpl$1MessagesAvailable.runInternal(ClientCallImpl.java:660)
	at org.apache.ratis.thirdparty.io.grpc.internal.ClientCallImpl$ClientStreamListenerImpl$1MessagesAvailable.runInContext(ClientCallImpl.java:647)
	at org.apache.ratis.thirdparty.io.grpc.internal.ContextRunnable.run(ContextRunnable.java:37)
	at org.apache.ratis.thirdparty.io.grpc.internal.SerializingExecutor.run(SerializingExecutor.java:133)
	at java.base/java.util.concurrent.ThreadPoolExecutor.runWorker(ThreadPoolExecutor.java:1144)
	at java.base/java.util.concurrent.ThreadPoolExecutor$Worker.run(ThreadPoolExecutor.java:642)
	at java.base/java.lang.Thread.run(Thread.java:1583)
Caused by: org.apache.ratis.protocol.exceptions.StateMachineException: org.apache.hadoop.hdds.scm.container.common.helpers.ContainerNotOpenException from Server f8181075-ae63-407a-b17c-78185f7d70dd@group-4B591AE0C988: Container 4 in CLOSED state
	at org.apache.hadoop.ozone.container.common.impl.HddsDispatcher.validateContainerCommand(HddsDispatcher.java:565)
	at org.apache.hadoop.ozone.container.common.transport.server.ratis.ContainerStateMachine.startTransaction(ContainerStateMachine.java:488)
	at org.apache.ratis.server.impl.RaftServerImpl.writeAsyncImpl(RaftServerImpl.java:973)
	at org.apache.ratis.server.impl.RaftServerImpl.writeAsync(RaftServerImpl.java:946)
	at org.apache.ratis.server.impl.RaftServerImpl.replyFuture(RaftServerImpl.java:939)
	at org.apache.ratis.server.impl.RaftServerImpl.submitClientRequestAsync(RaftServerImpl.java:916)
	at org.apache.ratis.server.impl.RaftServerImpl.lambda$null$11(RaftServerImpl.java:905)
	at org.apache.ratis.util.JavaUtils.callAsUnchecked(JavaUtils.java:118)
	at org.apache.ratis.server.impl.RaftServerImpl.lambda$executeSubmitClientRequestAsync$12(RaftServerImpl.java:905)
	at java.base/java.util.concurrent.CompletableFuture$AsyncSupply.run(CompletableFuture.java:1768)
	... 3 more
Caused by: org.apache.hadoop.hdds.scm.container.common.helpers.ContainerNotOpenException: Container 4 in CLOSED state
	at java.base/jdk.internal.reflect.DirectConstructorHandleAccessor.newInstance(DirectConstructorHandleAccessor.java:62)
	at java.base/java.lang.reflect.Constructor.newInstanceWithCaller(Constructor.java:502)
	at java.base/java.lang.reflect.Constructor.newInstance(Constructor.java:486)
	at org.apache.ratis.util.ReflectionUtils.instantiateException(ReflectionUtils.java:259)
	at org.apache.ratis.client.impl.ClientProtoUtils.toStateMachineException(ClientProtoUtils.java:455)
	at org.apache.ratis.client.impl.ClientProtoUtils.toStateMachineException(ClientProtoUtils.java:441)
	at org.apache.ratis.client.impl.ClientProtoUtils.toRaftClientReply(ClientProtoUtils.java:408)
	at org.apache.ratis.grpc.client.GrpcClientProtocolClient$AsyncStreamObservers$1.onNext(GrpcClientProtocolClient.java:313)
	at org.apache.ratis.grpc.client.GrpcClientProtocolClient$AsyncStreamObservers$1.onNext(GrpcClientProtocolClient.java:308)
	at org.apache.ratis.thirdparty.io.grpc.stub.ClientCalls$StreamObserverToCallListenerAdapter.onMessage(ClientCalls.java:468)
	at org.apache.ratis.thirdparty.io.grpc.ForwardingClientCallListener.onMessage(ForwardingClientCallListener.java:33)
	at org.apache.ratis.thirdparty.io.grpc.internal.DelayedClientCall$DelayedListener.onMessage(DelayedClientCall.java:473)
	at org.apache.ratis.thirdparty.io.grpc.internal.ClientCallImpl$ClientStreamListenerImpl$1MessagesAvailable.runInternal(ClientCallImpl.java:660)
	at org.apache.ratis.thirdparty.io.grpc.internal.ClientCallImpl$ClientStreamListenerImpl$1MessagesAvailable.runInContext(ClientCallImpl.java:647)
	at org.apache.ratis.thirdparty.io.grpc.internal.ContextRunnable.run(ContextRunnable.java:37)
	at org.apache.ratis.thirdparty.io.grpc.internal.SerializingExecutor.run(SerializingExecutor.java:133)
	... 3 more
2025-05-14 02:53:55,166 [grpc-default-executor-2] ERROR impl.OrderedAsync (OrderedAsync.java:lambda$send$4(181)) - Failed to send request, message=cmdType: WriteChunk
traceID: ""
containerID: 4
datanodeUuid: "f8181075-ae63-407a-b17c-78185f7d70dd"
writeChunk {
  blockID {
    containerID: 4
    localID: 115816896921600004
    blockCommitSequenceId: 0
  }
  chunkData {
    chunkName: "115816896921600004.data.0"
    offset: 0
    len: 5
    checksumData {
      type: CRC32
      bytesPerChecksum: 1048576
      checksums: "\374\002\215?"
    }
  }
}
version: 3
, data.size=5
java.util.concurrent.CompletionException: org.apache.ratis.protocol.exceptions.StateMachineException: org.apache.hadoop.hdds.scm.container.common.helpers.ContainerNotOpenException from Server f8181075-ae63-407a-b17c-78185f7d70dd@group-4B591AE0C988: Container 4 in CLOSED state
	at org.apache.ratis.client.impl.RaftClientImpl.handleRaftException(RaftClientImpl.java:373)
	at org.apache.ratis.client.impl.OrderedAsync.lambda$send$3(OrderedAsync.java:175)
	at java.base/java.util.concurrent.CompletableFuture$UniApply.tryFire(CompletableFuture.java:646)
	at java.base/java.util.concurrent.CompletableFuture.postComplete(CompletableFuture.java:510)
	at java.base/java.util.concurrent.CompletableFuture.complete(CompletableFuture.java:2179)
	at org.apache.ratis.client.impl.OrderedAsync$PendingOrderedRequest.setReply(OrderedAsync.java:105)
	at org.apache.ratis.client.impl.OrderedAsync$PendingOrderedRequest.setReply(OrderedAsync.java:66)
	at org.apache.ratis.util.SlidingWindow$RequestMap.setReply(SlidingWindow.java:147)
	at org.apache.ratis.util.SlidingWindow$Client.receiveReply(SlidingWindow.java:351)
	at org.apache.ratis.client.impl.OrderedAsync.lambda$sendRequestWithRetry$5(OrderedAsync.java:210)
	at java.base/java.util.concurrent.CompletableFuture$UniAccept.tryFire(CompletableFuture.java:718)
	at java.base/java.util.concurrent.CompletableFuture.postComplete(CompletableFuture.java:510)
	at java.base/java.util.concurrent.CompletableFuture.complete(CompletableFuture.java:2179)
	at org.apache.ratis.grpc.client.GrpcClientProtocolClient$AsyncStreamObservers$1.lambda$onNext$0(GrpcClientProtocolClient.java:325)
	at java.base/java.util.Optional.ifPresent(Optional.java:178)
	at org.apache.ratis.grpc.client.GrpcClientProtocolClient$AsyncStreamObservers.handleReplyFuture(GrpcClientProtocolClient.java:381)
	at org.apache.ratis.grpc.client.GrpcClientProtocolClient$AsyncStreamObservers.access$100(GrpcClientProtocolClient.java:303)
	at org.apache.ratis.grpc.client.GrpcClientProtocolClient$AsyncStreamObservers$1.onNext(GrpcClientProtocolClient.java:325)
	at org.apache.ratis.grpc.client.GrpcClientProtocolClient$AsyncStreamObservers$1.onNext(GrpcClientProtocolClient.java:308)
	at org.apache.ratis.thirdparty.io.grpc.stub.ClientCalls$StreamObserverToCallListenerAdapter.onMessage(ClientCalls.java:468)
	at org.apache.ratis.thirdparty.io.grpc.ForwardingClientCallListener.onMessage(ForwardingClientCallListener.java:33)
	at org.apache.ratis.thirdparty.io.grpc.internal.DelayedClientCall$DelayedListener.onMessage(DelayedClientCall.java:473)
	at org.apache.ratis.thirdparty.io.grpc.internal.ClientCallImpl$ClientStreamListenerImpl$1MessagesAvailable.runInternal(ClientCallImpl.java:660)
	at org.apache.ratis.thirdparty.io.grpc.internal.ClientCallImpl$ClientStreamListenerImpl$1MessagesAvailable.runInContext(ClientCallImpl.java:647)
	at org.apache.ratis.thirdparty.io.grpc.internal.ContextRunnable.run(ContextRunnable.java:37)
	at org.apache.ratis.thirdparty.io.grpc.internal.SerializingExecutor.run(SerializingExecutor.java:133)
	at java.base/java.util.concurrent.ThreadPoolExecutor.runWorker(ThreadPoolExecutor.java:1144)
	at java.base/java.util.concurrent.ThreadPoolExecutor$Worker.run(ThreadPoolExecutor.java:642)
	at java.base/java.lang.Thread.run(Thread.java:1583)
Caused by: org.apache.ratis.protocol.exceptions.StateMachineException: org.apache.hadoop.hdds.scm.container.common.helpers.ContainerNotOpenException from Server f8181075-ae63-407a-b17c-78185f7d70dd@group-4B591AE0C988: Container 4 in CLOSED state
	at org.apache.hadoop.ozone.container.common.impl.HddsDispatcher.validateContainerCommand(HddsDispatcher.java:565)
	at org.apache.hadoop.ozone.container.common.transport.server.ratis.ContainerStateMachine.startTransaction(ContainerStateMachine.java:488)
	at org.apache.ratis.server.impl.RaftServerImpl.writeAsyncImpl(RaftServerImpl.java:973)
	at org.apache.ratis.server.impl.RaftServerImpl.writeAsync(RaftServerImpl.java:946)
	at org.apache.ratis.server.impl.RaftServerImpl.replyFuture(RaftServerImpl.java:939)
	at org.apache.ratis.server.impl.RaftServerImpl.submitClientRequestAsync(RaftServerImpl.java:916)
	at org.apache.ratis.server.impl.RaftServerImpl.lambda$null$11(RaftServerImpl.java:905)
	at org.apache.ratis.util.JavaUtils.callAsUnchecked(JavaUtils.java:118)
	at org.apache.ratis.server.impl.RaftServerImpl.lambda$executeSubmitClientRequestAsync$12(RaftServerImpl.java:905)
	at java.base/java.util.concurrent.CompletableFuture$AsyncSupply.run(CompletableFuture.java:1768)
	... 3 more
Caused by: org.apache.hadoop.hdds.scm.container.common.helpers.ContainerNotOpenException: Container 4 in CLOSED state
	at java.base/jdk.internal.reflect.DirectConstructorHandleAccessor.newInstance(DirectConstructorHandleAccessor.java:62)
	at java.base/java.lang.reflect.Constructor.newInstanceWithCaller(Constructor.java:502)
	at java.base/java.lang.reflect.Constructor.newInstance(Constructor.java:486)
	at org.apache.ratis.util.ReflectionUtils.instantiateException(ReflectionUtils.java:259)
	at org.apache.ratis.client.impl.ClientProtoUtils.toStateMachineException(ClientProtoUtils.java:455)
	at org.apache.ratis.client.impl.ClientProtoUtils.toStateMachineException(ClientProtoUtils.java:441)
	at org.apache.ratis.client.impl.ClientProtoUtils.toRaftClientReply(ClientProtoUtils.java:408)
	at org.apache.ratis.grpc.client.GrpcClientProtocolClient$AsyncStreamObservers$1.onNext(GrpcClientProtocolClient.java:313)
	at org.apache.ratis.grpc.client.GrpcClientProtocolClient$AsyncStreamObservers$1.onNext(GrpcClientProtocolClient.java:308)
	at org.apache.ratis.thirdparty.io.grpc.stub.ClientCalls$StreamObserverToCallListenerAdapter.onMessage(ClientCalls.java:468)
	at org.apache.ratis.thirdparty.io.grpc.ForwardingClientCallListener.onMessage(ForwardingClientCallListener.java:33)
	at org.apache.ratis.thirdparty.io.grpc.internal.DelayedClientCall$DelayedListener.onMessage(DelayedClientCall.java:473)
	at org.apache.ratis.thirdparty.io.grpc.internal.ClientCallImpl$ClientStreamListenerImpl$1MessagesAvailable.runInternal(ClientCallImpl.java:660)
	at org.apache.ratis.thirdparty.io.grpc.internal.ClientCallImpl$ClientStreamListenerImpl$1MessagesAvailable.runInContext(ClientCallImpl.java:647)
	at org.apache.ratis.thirdparty.io.grpc.internal.ContextRunnable.run(ContextRunnable.java:37)
	at org.apache.ratis.thirdparty.io.grpc.internal.SerializingExecutor.run(SerializingExecutor.java:133)
	... 3 more
2025-05-14 02:53:55,170 [grpc-default-executor-2] ERROR impl.OrderedAsync (OrderedAsync.java:lambda$send$4(181)) - Failed to send request, message=cmdType: WriteChunk
traceID: ""
containerID: 4
datanodeUuid: "f8181075-ae63-407a-b17c-78185f7d70dd"
writeChunk {
  blockID {
    containerID: 4
    localID: 115816896921600004
    blockCommitSequenceId: 0
  }
  chunkData {
    chunkName: "115816896921600004.data.0"
    offset: 0
    len: 5
    checksumData {
      type: CRC32
      bytesPerChecksum: 1048576
      checksums: "\"\263\334Q"
    }
  }
}
version: 3
, data.size=5
java.util.concurrent.CompletionException: org.apache.ratis.protocol.exceptions.StateMachineException: org.apache.hadoop.hdds.scm.container.common.helpers.ContainerNotOpenException from Server f8181075-ae63-407a-b17c-78185f7d70dd@group-4B591AE0C988: Container 4 in CLOSED state
	at org.apache.ratis.client.impl.RaftClientImpl.handleRaftException(RaftClientImpl.java:373)
	at org.apache.ratis.client.impl.OrderedAsync.lambda$send$3(OrderedAsync.java:175)
	at java.base/java.util.concurrent.CompletableFuture$UniApply.tryFire(CompletableFuture.java:646)
	at java.base/java.util.concurrent.CompletableFuture.postComplete(CompletableFuture.java:510)
	at java.base/java.util.concurrent.CompletableFuture.complete(CompletableFuture.java:2179)
	at org.apache.ratis.client.impl.OrderedAsync$PendingOrderedRequest.setReply(OrderedAsync.java:105)
	at org.apache.ratis.client.impl.OrderedAsync$PendingOrderedRequest.setReply(OrderedAsync.java:66)
	at org.apache.ratis.util.SlidingWindow$RequestMap.setReply(SlidingWindow.java:147)
	at org.apache.ratis.util.SlidingWindow$Client.receiveReply(SlidingWindow.java:351)
	at org.apache.ratis.client.impl.OrderedAsync.lambda$sendRequestWithRetry$5(OrderedAsync.java:210)
	at java.base/java.util.concurrent.CompletableFuture$UniAccept.tryFire(CompletableFuture.java:718)
	at java.base/java.util.concurrent.CompletableFuture.postComplete(CompletableFuture.java:510)
	at java.base/java.util.concurrent.CompletableFuture.complete(CompletableFuture.java:2179)
	at org.apache.ratis.grpc.client.GrpcClientProtocolClient$AsyncStreamObservers$1.lambda$onNext$0(GrpcClientProtocolClient.java:325)
	at java.base/java.util.Optional.ifPresent(Optional.java:178)
	at org.apache.ratis.grpc.client.GrpcClientProtocolClient$AsyncStreamObservers.handleReplyFuture(GrpcClientProtocolClient.java:381)
	at org.apache.ratis.grpc.client.GrpcClientProtocolClient$AsyncStreamObservers.access$100(GrpcClientProtocolClient.java:303)
	at org.apache.ratis.grpc.client.GrpcClientProtocolClient$AsyncStreamObservers$1.onNext(GrpcClientProtocolClient.java:325)
	at org.apache.ratis.grpc.client.GrpcClientProtocolClient$AsyncStreamObservers$1.onNext(GrpcClientProtocolClient.java:308)
	at org.apache.ratis.thirdparty.io.grpc.stub.ClientCalls$StreamObserverToCallListenerAdapter.onMessage(ClientCalls.java:468)
	at org.apache.ratis.thirdparty.io.grpc.ForwardingClientCallListener.onMessage(ForwardingClientCallListener.java:33)
	at org.apache.ratis.thirdparty.io.grpc.internal.DelayedClientCall$DelayedListener.onMessage(DelayedClientCall.java:473)
	at org.apache.ratis.thirdparty.io.grpc.internal.ClientCallImpl$ClientStreamListenerImpl$1MessagesAvailable.runInternal(ClientCallImpl.java:660)
	at org.apache.ratis.thirdparty.io.grpc.internal.ClientCallImpl$ClientStreamListenerImpl$1MessagesAvailable.runInContext(ClientCallImpl.java:647)
	at org.apache.ratis.thirdparty.io.grpc.internal.ContextRunnable.run(ContextRunnable.java:37)
	at org.apache.ratis.thirdparty.io.grpc.internal.SerializingExecutor.run(SerializingExecutor.java:133)
	at java.base/java.util.concurrent.ThreadPoolExecutor.runWorker(ThreadPoolExecutor.java:1144)
	at java.base/java.util.concurrent.ThreadPoolExecutor$Worker.run(ThreadPoolExecutor.java:642)
	at java.base/java.lang.Thread.run(Thread.java:1583)
Caused by: org.apache.ratis.protocol.exceptions.StateMachineException: org.apache.hadoop.hdds.scm.container.common.helpers.ContainerNotOpenException from Server f8181075-ae63-407a-b17c-78185f7d70dd@group-4B591AE0C988: Container 4 in CLOSED state
	at org.apache.hadoop.ozone.container.common.impl.HddsDispatcher.validateContainerCommand(HddsDispatcher.java:565)
	at org.apache.hadoop.ozone.container.common.transport.server.ratis.ContainerStateMachine.startTransaction(ContainerStateMachine.java:488)
	at org.apache.ratis.server.impl.RaftServerImpl.writeAsyncImpl(RaftServerImpl.java:973)
	at org.apache.ratis.server.impl.RaftServerImpl.writeAsync(RaftServerImpl.java:946)
	at org.apache.ratis.server.impl.RaftServerImpl.replyFuture(RaftServerImpl.java:939)
	at org.apache.ratis.server.impl.RaftServerImpl.submitClientRequestAsync(RaftServerImpl.java:916)
	at org.apache.ratis.server.impl.RaftServerImpl.lambda$null$11(RaftServerImpl.java:905)
	at org.apache.ratis.util.JavaUtils.callAsUnchecked(JavaUtils.java:118)
	at org.apache.ratis.server.impl.RaftServerImpl.lambda$executeSubmitClientRequestAsync$12(RaftServerImpl.java:905)
	at java.base/java.util.concurrent.CompletableFuture$AsyncSupply.run(CompletableFuture.java:1768)
	... 3 more
Caused by: org.apache.hadoop.hdds.scm.container.common.helpers.ContainerNotOpenException: Container 4 in CLOSED state
	at java.base/jdk.internal.reflect.DirectConstructorHandleAccessor.newInstance(DirectConstructorHandleAccessor.java:62)
	at java.base/java.lang.reflect.Constructor.newInstanceWithCaller(Constructor.java:502)
	at java.base/java.lang.reflect.Constructor.newInstance(Constructor.java:486)
	at org.apache.ratis.util.ReflectionUtils.instantiateException(ReflectionUtils.java:259)
	at org.apache.ratis.client.impl.ClientProtoUtils.toStateMachineException(ClientProtoUtils.java:455)
	at org.apache.ratis.client.impl.ClientProtoUtils.toStateMachineException(ClientProtoUtils.java:441)
	at org.apache.ratis.client.impl.ClientProtoUtils.toRaftClientReply(ClientProtoUtils.java:408)
	at org.apache.ratis.grpc.client.GrpcClientProtocolClient$AsyncStreamObservers$1.onNext(GrpcClientProtocolClient.java:313)
	at org.apache.ratis.grpc.client.GrpcClientProtocolClient$AsyncStreamObservers$1.onNext(GrpcClientProtocolClient.java:308)
	at org.apache.ratis.thirdparty.io.grpc.stub.ClientCalls$StreamObserverToCallListenerAdapter.onMessage(ClientCalls.java:468)
	at org.apache.ratis.thirdparty.io.grpc.ForwardingClientCallListener.onMessage(ForwardingClientCallListener.java:33)
	at org.apache.ratis.thirdparty.io.grpc.internal.DelayedClientCall$DelayedListener.onMessage(DelayedClientCall.java:473)
	at org.apache.ratis.thirdparty.io.grpc.internal.ClientCallImpl$ClientStreamListenerImpl$1MessagesAvailable.runInternal(ClientCallImpl.java:660)
	at org.apache.ratis.thirdparty.io.grpc.internal.ClientCallImpl$ClientStreamListenerImpl$1MessagesAvailable.runInContext(ClientCallImpl.java:647)
	at org.apache.ratis.thirdparty.io.grpc.internal.ContextRunnable.run(ContextRunnable.java:37)
	at org.apache.ratis.thirdparty.io.grpc.internal.SerializingExecutor.run(SerializingExecutor.java:133)
	... 3 more
02:53:55.172 [f8181075-ae63-407a-b17c-78185f7d70dd-client-thread3] ERROR DNAudit - user=null | ip=null | op=WRITE_CHUNK {blockData=conID: 4 locID: 115816896921600004 bcsId: 0 replicaIndex: null, offset=0, size=5} | ret=FAILURE
org.apache.hadoop.hdds.scm.container.common.helpers.ContainerNotOpenException: Container 4 in CLOSED state
	at org.apache.hadoop.ozone.container.common.impl.HddsDispatcher.validateContainerCommand(HddsDispatcher.java:565) ~[hdds-container-service-2.1.0-SNAPSHOT.jar:?]
	at org.apache.hadoop.ozone.container.common.transport.server.ratis.ContainerStateMachine.startTransaction(ContainerStateMachine.java:488) ~[hdds-container-service-2.1.0-SNAPSHOT.jar:?]
	at org.apache.ratis.server.impl.RaftServerImpl.writeAsyncImpl(RaftServerImpl.java:973) ~[ratis-server-3.1.2.jar:3.1.2]
	at org.apache.ratis.server.impl.RaftServerImpl.writeAsync(RaftServerImpl.java:946) ~[ratis-server-3.1.2.jar:3.1.2]
	at org.apache.ratis.server.impl.RaftServerImpl.replyFuture(RaftServerImpl.java:939) ~[ratis-server-3.1.2.jar:3.1.2]
	at org.apache.ratis.server.impl.RaftServerImpl.submitClientRequestAsync(RaftServerImpl.java:916) ~[ratis-server-3.1.2.jar:3.1.2]
	at org.apache.ratis.server.impl.RaftServerImpl.lambda$null$11(RaftServerImpl.java:905) ~[ratis-server-3.1.2.jar:3.1.2]
	at org.apache.ratis.util.JavaUtils.callAsUnchecked(JavaUtils.java:118) ~[ratis-common-3.1.2.jar:3.1.2]
	at org.apache.ratis.server.impl.RaftServerImpl.lambda$executeSubmitClientRequestAsync$12(RaftServerImpl.java:905) ~[ratis-server-3.1.2.jar:3.1.2]
	at java.base/java.util.concurrent.CompletableFuture$AsyncSupply.run(CompletableFuture.java:1768) ~[?:?]
	at java.base/java.util.concurrent.ThreadPoolExecutor.runWorker(ThreadPoolExecutor.java:1144) ~[?:?]
	at java.base/java.util.concurrent.ThreadPoolExecutor$Worker.run(ThreadPoolExecutor.java:642) ~[?:?]
	at java.base/java.lang.Thread.run(Thread.java:1583) [?:?]
02:53:55.173 [f8181075-ae63-407a-b17c-78185f7d70dd-client-thread3] ERROR DNAudit - user=null | ip=null | op=WRITE_CHUNK {blockData=conID: 4 locID: 115816896921600004 bcsId: 0 replicaIndex: null, offset=0, size=5} | ret=FAILURE
org.apache.hadoop.hdds.scm.container.common.helpers.ContainerNotOpenException: Container 4 in CLOSED state
	at org.apache.hadoop.ozone.container.common.impl.HddsDispatcher.validateContainerCommand(HddsDispatcher.java:565) ~[hdds-container-service-2.1.0-SNAPSHOT.jar:?]
	at org.apache.hadoop.ozone.container.common.transport.server.ratis.ContainerStateMachine.startTransaction(ContainerStateMachine.java:488) ~[hdds-container-service-2.1.0-SNAPSHOT.jar:?]
	at org.apache.ratis.server.impl.RaftServerImpl.writeAsyncImpl(RaftServerImpl.java:973) ~[ratis-server-3.1.2.jar:3.1.2]
	at org.apache.ratis.server.impl.RaftServerImpl.writeAsync(RaftServerImpl.java:946) ~[ratis-server-3.1.2.jar:3.1.2]
	at org.apache.ratis.server.impl.RaftServerImpl.replyFuture(RaftServerImpl.java:939) ~[ratis-server-3.1.2.jar:3.1.2]
	at org.apache.ratis.server.impl.RaftServerImpl.submitClientRequestAsync(RaftServerImpl.java:916) ~[ratis-server-3.1.2.jar:3.1.2]
	at org.apache.ratis.server.impl.RaftServerImpl.lambda$null$11(RaftServerImpl.java:905) ~[ratis-server-3.1.2.jar:3.1.2]
	at org.apache.ratis.util.JavaUtils.callAsUnchecked(JavaUtils.java:118) ~[ratis-common-3.1.2.jar:3.1.2]
	at org.apache.ratis.server.impl.RaftServerImpl.lambda$executeSubmitClientRequestAsync$12(RaftServerImpl.java:905) ~[ratis-server-3.1.2.jar:3.1.2]
	at java.base/java.util.concurrent.CompletableFuture$AsyncSupply.run(CompletableFuture.java:1768) ~[?:?]
	at java.base/java.util.concurrent.ThreadPoolExecutor.runWorker(ThreadPoolExecutor.java:1144) ~[?:?]
	at java.base/java.util.concurrent.ThreadPoolExecutor$Worker.run(ThreadPoolExecutor.java:642) ~[?:?]
	at java.base/java.lang.Thread.run(Thread.java:1583) [?:?]
2025-05-14 02:53:55,173 [grpc-default-executor-1] ERROR impl.OrderedAsync (OrderedAsync.java:lambda$send$4(181)) - Failed to send request, message=cmdType: WriteChunk
traceID: ""
containerID: 4
datanodeUuid: "f8181075-ae63-407a-b17c-78185f7d70dd"
writeChunk {
  blockID {
    containerID: 4
    localID: 115816896921600004
    blockCommitSequenceId: 0
  }
  chunkData {
    chunkName: "115816896921600004.data.0"
    offset: 0
    len: 5
    checksumData {
      type: CRC32
      bytesPerChecksum: 1048576
      checksums: "\316\006\236\356"
    }
  }
}
version: 3
, data.size=5
java.util.concurrent.CompletionException: org.apache.ratis.protocol.exceptions.StateMachineException: org.apache.hadoop.hdds.scm.container.common.helpers.ContainerNotOpenException from Server f8181075-ae63-407a-b17c-78185f7d70dd@group-4B591AE0C988: Container 4 in CLOSED state
	at org.apache.ratis.client.impl.RaftClientImpl.handleRaftException(RaftClientImpl.java:373)
	at org.apache.ratis.client.impl.OrderedAsync.lambda$send$3(OrderedAsync.java:175)
	at java.base/java.util.concurrent.CompletableFuture$UniApply.tryFire(CompletableFuture.java:646)
	at java.base/java.util.concurrent.CompletableFuture.postComplete(CompletableFuture.java:510)
	at java.base/java.util.concurrent.CompletableFuture.complete(CompletableFuture.java:2179)
	at org.apache.ratis.client.impl.OrderedAsync$PendingOrderedRequest.setReply(OrderedAsync.java:105)
	at org.apache.ratis.client.impl.OrderedAsync$PendingOrderedRequest.setReply(OrderedAsync.java:66)
	at org.apache.ratis.util.SlidingWindow$RequestMap.setReply(SlidingWindow.java:147)
	at org.apache.ratis.util.SlidingWindow$Client.receiveReply(SlidingWindow.java:351)
	at org.apache.ratis.client.impl.OrderedAsync.lambda$sendRequestWithRetry$5(OrderedAsync.java:210)
	at java.base/java.util.concurrent.CompletableFuture$UniAccept.tryFire(CompletableFuture.java:718)
	at java.base/java.util.concurrent.CompletableFuture.postComplete(CompletableFuture.java:510)
	at java.base/java.util.concurrent.CompletableFuture.complete(CompletableFuture.java:2179)
	at org.apache.ratis.grpc.client.GrpcClientProtocolClient$AsyncStreamObservers$1.lambda$onNext$0(GrpcClientProtocolClient.java:325)
	at java.base/java.util.Optional.ifPresent(Optional.java:178)
	at org.apache.ratis.grpc.client.GrpcClientProtocolClient$AsyncStreamObservers.handleReplyFuture(GrpcClientProtocolClient.java:381)
	at org.apache.ratis.grpc.client.GrpcClientProtocolClient$AsyncStreamObservers.access$100(GrpcClientProtocolClient.java:303)
	at org.apache.ratis.grpc.client.GrpcClientProtocolClient$AsyncStreamObservers$1.onNext(GrpcClientProtocolClient.java:325)
	at org.apache.ratis.grpc.client.GrpcClientProtocolClient$AsyncStreamObservers$1.onNext(GrpcClientProtocolClient.java:308)
	at org.apache.ratis.thirdparty.io.grpc.stub.ClientCalls$StreamObserverToCallListenerAdapter.onMessage(ClientCalls.java:468)
	at org.apache.ratis.thirdparty.io.grpc.ForwardingClientCallListener.onMessage(ForwardingClientCallListener.java:33)
	at org.apache.ratis.thirdparty.io.grpc.internal.DelayedClientCall$DelayedListener.onMessage(DelayedClientCall.java:473)
	at org.apache.ratis.thirdparty.io.grpc.internal.ClientCallImpl$ClientStreamListenerImpl$1MessagesAvailable.runInternal(ClientCallImpl.java:660)
	at org.apache.ratis.thirdparty.io.grpc.internal.ClientCallImpl$ClientStreamListenerImpl$1MessagesAvailable.runInContext(ClientCallImpl.java:647)
	at org.apache.ratis.thirdparty.io.grpc.internal.ContextRunnable.run(ContextRunnable.java:37)
	at org.apache.ratis.thirdparty.io.grpc.internal.SerializingExecutor.run(SerializingExecutor.java:133)
	at java.base/java.util.concurrent.ThreadPoolExecutor.runWorker(ThreadPoolExecutor.java:1144)
	at java.base/java.util.concurrent.ThreadPoolExecutor$Worker.run(ThreadPoolExecutor.java:642)
	at java.base/java.lang.Thread.run(Thread.java:1583)
Caused by: org.apache.ratis.protocol.exceptions.StateMachineException: org.apache.hadoop.hdds.scm.container.common.helpers.ContainerNotOpenException from Server f8181075-ae63-407a-b17c-78185f7d70dd@group-4B591AE0C988: Container 4 in CLOSED state
	at org.apache.hadoop.ozone.container.common.impl.HddsDispatcher.validateContainerCommand(HddsDispatcher.java:565)
	at org.apache.hadoop.ozone.container.common.transport.server.ratis.ContainerStateMachine.startTransaction(ContainerStateMachine.java:488)
	at org.apache.ratis.server.impl.RaftServerImpl.writeAsyncImpl(RaftServerImpl.java:973)
	at org.apache.ratis.server.impl.RaftServerImpl.writeAsync(RaftServerImpl.java:946)
	at org.apache.ratis.server.impl.RaftServerImpl.replyFuture(RaftServerImpl.java:939)
	at org.apache.ratis.server.impl.RaftServerImpl.submitClientRequestAsync(RaftServerImpl.java:916)
	at org.apache.ratis.server.impl.RaftServerImpl.lambda$null$11(RaftServerImpl.java:905)
	at org.apache.ratis.util.JavaUtils.callAsUnchecked(JavaUtils.java:118)
	at org.apache.ratis.server.impl.RaftServerImpl.lambda$executeSubmitClientRequestAsync$12(RaftServerImpl.java:905)
	at java.base/java.util.concurrent.CompletableFuture$AsyncSupply.run(CompletableFuture.java:1768)
	... 3 more
Caused by: org.apache.hadoop.hdds.scm.container.common.helpers.ContainerNotOpenException: Container 4 in CLOSED state
	at java.base/jdk.internal.reflect.DirectConstructorHandleAccessor.newInstance(DirectConstructorHandleAccessor.java:62)
	at java.base/java.lang.reflect.Constructor.newInstanceWithCaller(Constructor.java:502)
	at java.base/java.lang.reflect.Constructor.newInstance(Constructor.java:486)
	at org.apache.ratis.util.ReflectionUtils.instantiateException(ReflectionUtils.java:259)
	at org.apache.ratis.client.impl.ClientProtoUtils.toStateMachineException(ClientProtoUtils.java:455)
	at org.apache.ratis.client.impl.ClientProtoUtils.toStateMachineException(ClientProtoUtils.java:441)
	at org.apache.ratis.client.impl.ClientProtoUtils.toRaftClientReply(ClientProtoUtils.java:408)
	at org.apache.ratis.grpc.client.GrpcClientProtocolClient$AsyncStreamObservers$1.onNext(GrpcClientProtocolClient.java:313)
	at org.apache.ratis.grpc.client.GrpcClientProtocolClient$AsyncStreamObservers$1.onNext(GrpcClientProtocolClient.java:308)
	at org.apache.ratis.thirdparty.io.grpc.stub.ClientCalls$StreamObserverToCallListenerAdapter.onMessage(ClientCalls.java:468)
	at org.apache.ratis.thirdparty.io.grpc.ForwardingClientCallListener.onMessage(ForwardingClientCallListener.java:33)
	at org.apache.ratis.thirdparty.io.grpc.internal.DelayedClientCall$DelayedListener.onMessage(DelayedClientCall.java:473)
	at org.apache.ratis.thirdparty.io.grpc.internal.ClientCallImpl$ClientStreamListenerImpl$1MessagesAvailable.runInternal(ClientCallImpl.java:660)
	at org.apache.ratis.thirdparty.io.grpc.internal.ClientCallImpl$ClientStreamListenerImpl$1MessagesAvailable.runInContext(ClientCallImpl.java:647)
	at org.apache.ratis.thirdparty.io.grpc.internal.ContextRunnable.run(ContextRunnable.java:37)
	at org.apache.ratis.thirdparty.io.grpc.internal.SerializingExecutor.run(SerializingExecutor.java:133)
	... 3 more
02:53:55.176 [f8181075-ae63-407a-b17c-78185f7d70dd-client-thread3] ERROR DNAudit - user=null | ip=null | op=WRITE_CHUNK {blockData=conID: 4 locID: 115816896921600004 bcsId: 0 replicaIndex: null, offset=0, size=5} | ret=FAILURE
org.apache.hadoop.hdds.scm.container.common.helpers.ContainerNotOpenException: Container 4 in CLOSED state
	at org.apache.hadoop.ozone.container.common.impl.HddsDispatcher.validateContainerCommand(HddsDispatcher.java:565) ~[hdds-container-service-2.1.0-SNAPSHOT.jar:?]
	at org.apache.hadoop.ozone.container.common.transport.server.ratis.ContainerStateMachine.startTransaction(ContainerStateMachine.java:488) ~[hdds-container-service-2.1.0-SNAPSHOT.jar:?]
	at org.apache.ratis.server.impl.RaftServerImpl.writeAsyncImpl(RaftServerImpl.java:973) ~[ratis-server-3.1.2.jar:3.1.2]
	at org.apache.ratis.server.impl.RaftServerImpl.writeAsync(RaftServerImpl.java:946) ~[ratis-server-3.1.2.jar:3.1.2]
	at org.apache.ratis.server.impl.RaftServerImpl.replyFuture(RaftServerImpl.java:939) ~[ratis-server-3.1.2.jar:3.1.2]
	at org.apache.ratis.server.impl.RaftServerImpl.submitClientRequestAsync(RaftServerImpl.java:916) ~[ratis-server-3.1.2.jar:3.1.2]
	at org.apache.ratis.server.impl.RaftServerImpl.lambda$null$11(RaftServerImpl.java:905) ~[ratis-server-3.1.2.jar:3.1.2]
	at org.apache.ratis.util.JavaUtils.callAsUnchecked(JavaUtils.java:118) ~[ratis-common-3.1.2.jar:3.1.2]
	at org.apache.ratis.server.impl.RaftServerImpl.lambda$executeSubmitClientRequestAsync$12(RaftServerImpl.java:905) ~[ratis-server-3.1.2.jar:3.1.2]
	at java.base/java.util.concurrent.CompletableFuture$AsyncSupply.run(CompletableFuture.java:1768) ~[?:?]
	at java.base/java.util.concurrent.ThreadPoolExecutor.runWorker(ThreadPoolExecutor.java:1144) ~[?:?]
	at java.base/java.util.concurrent.ThreadPoolExecutor$Worker.run(ThreadPoolExecutor.java:642) ~[?:?]
	at java.base/java.lang.Thread.run(Thread.java:1583) [?:?]
2025-05-14 02:53:55,177 [grpc-default-executor-1] ERROR impl.OrderedAsync (OrderedAsync.java:lambda$send$4(181)) - Failed to send request, message=cmdType: WriteChunk
traceID: ""
containerID: 4
datanodeUuid: "f8181075-ae63-407a-b17c-78185f7d70dd"
writeChunk {
  blockID {
    containerID: 4
    localID: 115816896921600004
    blockCommitSequenceId: 0
  }
  chunkData {
    chunkName: "115816896921600004.data.0"
    offset: 0
    len: 5
    checksumData {
      type: CRC32
      bytesPerChecksum: 1048576
      checksums: "\355\314O\275"
    }
  }
}
version: 3
, data.size=5
java.util.concurrent.CompletionException: org.apache.ratis.protocol.exceptions.StateMachineException: org.apache.hadoop.hdds.scm.container.common.helpers.ContainerNotOpenException from Server f8181075-ae63-407a-b17c-78185f7d70dd@group-4B591AE0C988: Container 4 in CLOSED state
	at org.apache.ratis.client.impl.RaftClientImpl.handleRaftException(RaftClientImpl.java:373)
	at org.apache.ratis.client.impl.OrderedAsync.lambda$send$3(OrderedAsync.java:175)
	at java.base/java.util.concurrent.CompletableFuture$UniApply.tryFire(CompletableFuture.java:646)
	at java.base/java.util.concurrent.CompletableFuture.postComplete(CompletableFuture.java:510)
	at java.base/java.util.concurrent.CompletableFuture.complete(CompletableFuture.java:2179)
	at org.apache.ratis.client.impl.OrderedAsync$PendingOrderedRequest.setReply(OrderedAsync.java:105)
	at org.apache.ratis.client.impl.OrderedAsync$PendingOrderedRequest.setReply(OrderedAsync.java:66)
	at org.apache.ratis.util.SlidingWindow$RequestMap.setReply(SlidingWindow.java:147)
	at org.apache.ratis.util.SlidingWindow$Client.receiveReply(SlidingWindow.java:351)
	at org.apache.ratis.client.impl.OrderedAsync.lambda$sendRequestWithRetry$5(OrderedAsync.java:210)
	at java.base/java.util.concurrent.CompletableFuture$UniAccept.tryFire(CompletableFuture.java:718)
	at java.base/java.util.concurrent.CompletableFuture.postComplete(CompletableFuture.java:510)
	at java.base/java.util.concurrent.CompletableFuture.complete(CompletableFuture.java:2179)
	at org.apache.ratis.grpc.client.GrpcClientProtocolClient$AsyncStreamObservers$1.lambda$onNext$0(GrpcClientProtocolClient.java:325)
	at java.base/java.util.Optional.ifPresent(Optional.java:178)
	at org.apache.ratis.grpc.client.GrpcClientProtocolClient$AsyncStreamObservers.handleReplyFuture(GrpcClientProtocolClient.java:381)
	at org.apache.ratis.grpc.client.GrpcClientProtocolClient$AsyncStreamObservers.access$100(GrpcClientProtocolClient.java:303)
	at org.apache.ratis.grpc.client.GrpcClientProtocolClient$AsyncStreamObservers$1.onNext(GrpcClientProtocolClient.java:325)
	at org.apache.ratis.grpc.client.GrpcClientProtocolClient$AsyncStreamObservers$1.onNext(GrpcClientProtocolClient.java:308)
	at org.apache.ratis.thirdparty.io.grpc.stub.ClientCalls$StreamObserverToCallListenerAdapter.onMessage(ClientCalls.java:468)
	at org.apache.ratis.thirdparty.io.grpc.ForwardingClientCallListener.onMessage(ForwardingClientCallListener.java:33)
	at org.apache.ratis.thirdparty.io.grpc.internal.DelayedClientCall$DelayedListener.onMessage(DelayedClientCall.java:473)
	at org.apache.ratis.thirdparty.io.grpc.internal.ClientCallImpl$ClientStreamListenerImpl$1MessagesAvailable.runInternal(ClientCallImpl.java:660)
	at org.apache.ratis.thirdparty.io.grpc.internal.ClientCallImpl$ClientStreamListenerImpl$1MessagesAvailable.runInContext(ClientCallImpl.java:647)
	at org.apache.ratis.thirdparty.io.grpc.internal.ContextRunnable.run(ContextRunnable.java:37)
	at org.apache.ratis.thirdparty.io.grpc.internal.SerializingExecutor.run(SerializingExecutor.java:133)
	at java.base/java.util.concurrent.ThreadPoolExecutor.runWorker(ThreadPoolExecutor.java:1144)
	at java.base/java.util.concurrent.ThreadPoolExecutor$Worker.run(ThreadPoolExecutor.java:642)
	at java.base/java.lang.Thread.run(Thread.java:1583)
Caused by: org.apache.ratis.protocol.exceptions.StateMachineException: org.apache.hadoop.hdds.scm.container.common.helpers.ContainerNotOpenException from Server f8181075-ae63-407a-b17c-78185f7d70dd@group-4B591AE0C988: Container 4 in CLOSED state
	at org.apache.hadoop.ozone.container.common.impl.HddsDispatcher.validateContainerCommand(HddsDispatcher.java:565)
	at org.apache.hadoop.ozone.container.common.transport.server.ratis.ContainerStateMachine.startTransaction(ContainerStateMachine.java:488)
	at org.apache.ratis.server.impl.RaftServerImpl.writeAsyncImpl(RaftServerImpl.java:973)
	at org.apache.ratis.server.impl.RaftServerImpl.writeAsync(RaftServerImpl.java:946)
	at org.apache.ratis.server.impl.RaftServerImpl.replyFuture(RaftServerImpl.java:939)
	at org.apache.ratis.server.impl.RaftServerImpl.submitClientRequestAsync(RaftServerImpl.java:916)
	at org.apache.ratis.server.impl.RaftServerImpl.lambda$null$11(RaftServerImpl.java:905)
	at org.apache.ratis.util.JavaUtils.callAsUnchecked(JavaUtils.java:118)
	at org.apache.ratis.server.impl.RaftServerImpl.lambda$executeSubmitClientRequestAsync$12(RaftServerImpl.java:905)
	at java.base/java.util.concurrent.CompletableFuture$AsyncSupply.run(CompletableFuture.java:1768)
	... 3 more
Caused by: org.apache.hadoop.hdds.scm.container.common.helpers.ContainerNotOpenException: Container 4 in CLOSED state
	at java.base/jdk.internal.reflect.DirectConstructorHandleAccessor.newInstance(DirectConstructorHandleAccessor.java:62)
	at java.base/java.lang.reflect.Constructor.newInstanceWithCaller(Constructor.java:502)
	at java.base/java.lang.reflect.Constructor.newInstance(Constructor.java:486)
	at org.apache.ratis.util.ReflectionUtils.instantiateException(ReflectionUtils.java:259)
	at org.apache.ratis.client.impl.ClientProtoUtils.toStateMachineException(ClientProtoUtils.java:455)
	at org.apache.ratis.client.impl.ClientProtoUtils.toStateMachineException(ClientProtoUtils.java:441)
	at org.apache.ratis.client.impl.ClientProtoUtils.toRaftClientReply(ClientProtoUtils.java:408)
	at org.apache.ratis.grpc.client.GrpcClientProtocolClient$AsyncStreamObservers$1.onNext(GrpcClientProtocolClient.java:313)
	at org.apache.ratis.grpc.client.GrpcClientProtocolClient$AsyncStreamObservers$1.onNext(GrpcClientProtocolClient.java:308)
	at org.apache.ratis.thirdparty.io.grpc.stub.ClientCalls$StreamObserverToCallListenerAdapter.onMessage(ClientCalls.java:468)
	at org.apache.ratis.thirdparty.io.grpc.ForwardingClientCallListener.onMessage(ForwardingClientCallListener.java:33)
	at org.apache.ratis.thirdparty.io.grpc.internal.DelayedClientCall$DelayedListener.onMessage(DelayedClientCall.java:473)
	at org.apache.ratis.thirdparty.io.grpc.internal.ClientCallImpl$ClientStreamListenerImpl$1MessagesAvailable.runInternal(ClientCallImpl.java:660)
	at org.apache.ratis.thirdparty.io.grpc.internal.ClientCallImpl$ClientStreamListenerImpl$1MessagesAvailable.runInContext(ClientCallImpl.java:647)
	at org.apache.ratis.thirdparty.io.grpc.internal.ContextRunnable.run(ContextRunnable.java:37)
	at org.apache.ratis.thirdparty.io.grpc.internal.SerializingExecutor.run(SerializingExecutor.java:133)
	... 3 more
02:53:55.178 [f8181075-ae63-407a-b17c-78185f7d70dd-client-thread3] ERROR DNAudit - user=null | ip=null | op=WRITE_CHUNK {blockData=conID: 4 locID: 115816896921600004 bcsId: 0 replicaIndex: null, offset=0, size=5} | ret=FAILURE
org.apache.hadoop.hdds.scm.container.common.helpers.ContainerNotOpenException: Container 4 in CLOSED state
	at org.apache.hadoop.ozone.container.common.impl.HddsDispatcher.validateContainerCommand(HddsDispatcher.java:565) ~[hdds-container-service-2.1.0-SNAPSHOT.jar:?]
	at org.apache.hadoop.ozone.container.common.transport.server.ratis.ContainerStateMachine.startTransaction(ContainerStateMachine.java:488) ~[hdds-container-service-2.1.0-SNAPSHOT.jar:?]
	at org.apache.ratis.server.impl.RaftServerImpl.writeAsyncImpl(RaftServerImpl.java:973) ~[ratis-server-3.1.2.jar:3.1.2]
	at org.apache.ratis.server.impl.RaftServerImpl.writeAsync(RaftServerImpl.java:946) ~[ratis-server-3.1.2.jar:3.1.2]
	at org.apache.ratis.server.impl.RaftServerImpl.replyFuture(RaftServerImpl.java:939) ~[ratis-server-3.1.2.jar:3.1.2]
	at org.apache.ratis.server.impl.RaftServerImpl.submitClientRequestAsync(RaftServerImpl.java:916) ~[ratis-server-3.1.2.jar:3.1.2]
	at org.apache.ratis.server.impl.RaftServerImpl.lambda$null$11(RaftServerImpl.java:905) ~[ratis-server-3.1.2.jar:3.1.2]
	at org.apache.ratis.util.JavaUtils.callAsUnchecked(JavaUtils.java:118) ~[ratis-common-3.1.2.jar:3.1.2]
	at org.apache.ratis.server.impl.RaftServerImpl.lambda$executeSubmitClientRequestAsync$12(RaftServerImpl.java:905) ~[ratis-server-3.1.2.jar:3.1.2]
	at java.base/java.util.concurrent.CompletableFuture$AsyncSupply.run(CompletableFuture.java:1768) ~[?:?]
	at java.base/java.util.concurrent.ThreadPoolExecutor.runWorker(ThreadPoolExecutor.java:1144) ~[?:?]
	at java.base/java.util.concurrent.ThreadPoolExecutor$Worker.run(ThreadPoolExecutor.java:642) ~[?:?]
	at java.base/java.lang.Thread.run(Thread.java:1583) [?:?]
2025-05-14 02:53:55,179 [grpc-default-executor-1] ERROR impl.OrderedAsync (OrderedAsync.java:lambda$send$4(181)) - Failed to send request, message=cmdType: WriteChunk
traceID: ""
containerID: 4
datanodeUuid: "f8181075-ae63-407a-b17c-78185f7d70dd"
writeChunk {
  blockID {
    containerID: 4
    localID: 115816896921600004
    blockCommitSequenceId: 0
  }
  chunkData {
    chunkName: "115816896921600004.data.0"
    offset: 0
    len: 5
    checksumData {
      type: CRC32
      bytesPerChecksum: 1048576
      checksums: "\243OSA"
    }
  }
}
version: 3
, data.size=5
java.util.concurrent.CompletionException: org.apache.ratis.protocol.exceptions.StateMachineException: org.apache.hadoop.hdds.scm.container.common.helpers.ContainerNotOpenException from Server f8181075-ae63-407a-b17c-78185f7d70dd@group-4B591AE0C988: Container 4 in CLOSED state
	at org.apache.ratis.client.impl.RaftClientImpl.handleRaftException(RaftClientImpl.java:373)
	at org.apache.ratis.client.impl.OrderedAsync.lambda$send$3(OrderedAsync.java:175)
	at java.base/java.util.concurrent.CompletableFuture$UniApply.tryFire(CompletableFuture.java:646)
	at java.base/java.util.concurrent.CompletableFuture.postComplete(CompletableFuture.java:510)
	at java.base/java.util.concurrent.CompletableFuture.complete(CompletableFuture.java:2179)
	at org.apache.ratis.client.impl.OrderedAsync$PendingOrderedRequest.setReply(OrderedAsync.java:105)
	at org.apache.ratis.client.impl.OrderedAsync$PendingOrderedRequest.setReply(OrderedAsync.java:66)
	at org.apache.ratis.util.SlidingWindow$RequestMap.setReply(SlidingWindow.java:147)
	at org.apache.ratis.util.SlidingWindow$Client.receiveReply(SlidingWindow.java:351)
	at org.apache.ratis.client.impl.OrderedAsync.lambda$sendRequestWithRetry$5(OrderedAsync.java:210)
	at java.base/java.util.concurrent.CompletableFuture$UniAccept.tryFire(CompletableFuture.java:718)
	at java.base/java.util.concurrent.CompletableFuture.postComplete(CompletableFuture.java:510)
	at java.base/java.util.concurrent.CompletableFuture.complete(CompletableFuture.java:2179)
	at org.apache.ratis.grpc.client.GrpcClientProtocolClient$AsyncStreamObservers$1.lambda$onNext$0(GrpcClientProtocolClient.java:325)
	at java.base/java.util.Optional.ifPresent(Optional.java:178)
	at org.apache.ratis.grpc.client.GrpcClientProtocolClient$AsyncStreamObservers.handleReplyFuture(GrpcClientProtocolClient.java:381)
	at org.apache.ratis.grpc.client.GrpcClientProtocolClient$AsyncStreamObservers.access$100(GrpcClientProtocolClient.java:303)
	at org.apache.ratis.grpc.client.GrpcClientProtocolClient$AsyncStreamObservers$1.onNext(GrpcClientProtocolClient.java:325)
	at org.apache.ratis.grpc.client.GrpcClientProtocolClient$AsyncStreamObservers$1.onNext(GrpcClientProtocolClient.java:308)
	at org.apache.ratis.thirdparty.io.grpc.stub.ClientCalls$StreamObserverToCallListenerAdapter.onMessage(ClientCalls.java:468)
	at org.apache.ratis.thirdparty.io.grpc.ForwardingClientCallListener.onMessage(ForwardingClientCallListener.java:33)
	at org.apache.ratis.thirdparty.io.grpc.internal.DelayedClientCall$DelayedListener.onMessage(DelayedClientCall.java:473)
	at org.apache.ratis.thirdparty.io.grpc.internal.ClientCallImpl$ClientStreamListenerImpl$1MessagesAvailable.runInternal(ClientCallImpl.java:660)
	at org.apache.ratis.thirdparty.io.grpc.internal.ClientCallImpl$ClientStreamListenerImpl$1MessagesAvailable.runInContext(ClientCallImpl.java:647)
	at org.apache.ratis.thirdparty.io.grpc.internal.ContextRunnable.run(ContextRunnable.java:37)
	at org.apache.ratis.thirdparty.io.grpc.internal.SerializingExecutor.run(SerializingExecutor.java:133)
	at java.base/java.util.concurrent.ThreadPoolExecutor.runWorker(ThreadPoolExecutor.java:1144)
	at java.base/java.util.concurrent.ThreadPoolExecutor$Worker.run(ThreadPoolExecutor.java:642)
	at java.base/java.lang.Thread.run(Thread.java:1583)
Caused by: org.apache.ratis.protocol.exceptions.StateMachineException: org.apache.hadoop.hdds.scm.container.common.helpers.ContainerNotOpenException from Server f8181075-ae63-407a-b17c-78185f7d70dd@group-4B591AE0C988: Container 4 in CLOSED state
	at org.apache.hadoop.ozone.container.common.impl.HddsDispatcher.validateContainerCommand(HddsDispatcher.java:565)
	at org.apache.hadoop.ozone.container.common.transport.server.ratis.ContainerStateMachine.startTransaction(ContainerStateMachine.java:488)
	at org.apache.ratis.server.impl.RaftServerImpl.writeAsyncImpl(RaftServerImpl.java:973)
	at org.apache.ratis.server.impl.RaftServerImpl.writeAsync(RaftServerImpl.java:946)
	at org.apache.ratis.server.impl.RaftServerImpl.replyFuture(RaftServerImpl.java:939)
	at org.apache.ratis.server.impl.RaftServerImpl.submitClientRequestAsync(RaftServerImpl.java:916)
	at org.apache.ratis.server.impl.RaftServerImpl.lambda$null$11(RaftServerImpl.java:905)
	at org.apache.ratis.util.JavaUtils.callAsUnchecked(JavaUtils.java:118)
	at org.apache.ratis.server.impl.RaftServerImpl.lambda$executeSubmitClientRequestAsync$12(RaftServerImpl.java:905)
	at java.base/java.util.concurrent.CompletableFuture$AsyncSupply.run(CompletableFuture.java:1768)
	... 3 more
Caused by: org.apache.hadoop.hdds.scm.container.common.helpers.ContainerNotOpenException: Container 4 in CLOSED state
	at java.base/jdk.internal.reflect.DirectConstructorHandleAccessor.newInstance(DirectConstructorHandleAccessor.java:62)
	at java.base/java.lang.reflect.Constructor.newInstanceWithCaller(Constructor.java:502)
	at java.base/java.lang.reflect.Constructor.newInstance(Constructor.java:486)
	at org.apache.ratis.util.ReflectionUtils.instantiateException(ReflectionUtils.java:259)
	at org.apache.ratis.client.impl.ClientProtoUtils.toStateMachineException(ClientProtoUtils.java:455)
	at org.apache.ratis.client.impl.ClientProtoUtils.toStateMachineException(ClientProtoUtils.java:441)
	at org.apache.ratis.client.impl.ClientProtoUtils.toRaftClientReply(ClientProtoUtils.java:408)
	at org.apache.ratis.grpc.client.GrpcClientProtocolClient$AsyncStreamObservers$1.onNext(GrpcClientProtocolClient.java:313)
	at org.apache.ratis.grpc.client.GrpcClientProtocolClient$AsyncStreamObservers$1.onNext(GrpcClientProtocolClient.java:308)
	at org.apache.ratis.thirdparty.io.grpc.stub.ClientCalls$StreamObserverToCallListenerAdapter.onMessage(ClientCalls.java:468)
	at org.apache.ratis.thirdparty.io.grpc.ForwardingClientCallListener.onMessage(ForwardingClientCallListener.java:33)
	at org.apache.ratis.thirdparty.io.grpc.internal.DelayedClientCall$DelayedListener.onMessage(DelayedClientCall.java:473)
	at org.apache.ratis.thirdparty.io.grpc.internal.ClientCallImpl$ClientStreamListenerImpl$1MessagesAvailable.runInternal(ClientCallImpl.java:660)
	at org.apache.ratis.thirdparty.io.grpc.internal.ClientCallImpl$ClientStreamListenerImpl$1MessagesAvailable.runInContext(ClientCallImpl.java:647)
	at org.apache.ratis.thirdparty.io.grpc.internal.ContextRunnable.run(ContextRunnable.java:37)
	at org.apache.ratis.thirdparty.io.grpc.internal.SerializingExecutor.run(SerializingExecutor.java:133)
	... 3 more
02:53:55.179 [f8181075-ae63-407a-b17c-78185f7d70dd-client-thread3] ERROR DNAudit - user=null | ip=null | op=WRITE_CHUNK {blockData=conID: 4 locID: 115816896921600004 bcsId: 0 replicaIndex: null, offset=0, size=5} | ret=FAILURE
org.apache.hadoop.hdds.scm.container.common.helpers.ContainerNotOpenException: Container 4 in CLOSED state
	at org.apache.hadoop.ozone.container.common.impl.HddsDispatcher.validateContainerCommand(HddsDispatcher.java:565) ~[hdds-container-service-2.1.0-SNAPSHOT.jar:?]
	at org.apache.hadoop.ozone.container.common.transport.server.ratis.ContainerStateMachine.startTransaction(ContainerStateMachine.java:488) ~[hdds-container-service-2.1.0-SNAPSHOT.jar:?]
	at org.apache.ratis.server.impl.RaftServerImpl.writeAsyncImpl(RaftServerImpl.java:973) ~[ratis-server-3.1.2.jar:3.1.2]
	at org.apache.ratis.server.impl.RaftServerImpl.writeAsync(RaftServerImpl.java:946) ~[ratis-server-3.1.2.jar:3.1.2]
	at org.apache.ratis.server.impl.RaftServerImpl.replyFuture(RaftServerImpl.java:939) ~[ratis-server-3.1.2.jar:3.1.2]
	at org.apache.ratis.server.impl.RaftServerImpl.submitClientRequestAsync(RaftServerImpl.java:916) ~[ratis-server-3.1.2.jar:3.1.2]
	at org.apache.ratis.server.impl.RaftServerImpl.lambda$null$11(RaftServerImpl.java:905) ~[ratis-server-3.1.2.jar:3.1.2]
	at org.apache.ratis.util.JavaUtils.callAsUnchecked(JavaUtils.java:118) ~[ratis-common-3.1.2.jar:3.1.2]
	at org.apache.ratis.server.impl.RaftServerImpl.lambda$executeSubmitClientRequestAsync$12(RaftServerImpl.java:905) ~[ratis-server-3.1.2.jar:3.1.2]
	at java.base/java.util.concurrent.CompletableFuture$AsyncSupply.run(CompletableFuture.java:1768) ~[?:?]
	at java.base/java.util.concurrent.ThreadPoolExecutor.runWorker(ThreadPoolExecutor.java:1144) ~[?:?]
	at java.base/java.util.concurrent.ThreadPoolExecutor$Worker.run(ThreadPoolExecutor.java:642) ~[?:?]
	at java.base/java.lang.Thread.run(Thread.java:1583) [?:?]
02:53:55.180 [f8181075-ae63-407a-b17c-78185f7d70dd-client-thread1] ERROR DNAudit - user=null | ip=null | op=WRITE_CHUNK {blockData=conID: 4 locID: 115816896921600004 bcsId: 0 replicaIndex: null, offset=0, size=5} | ret=FAILURE
org.apache.hadoop.hdds.scm.container.common.helpers.ContainerNotOpenException: Container 4 in CLOSED state
	at org.apache.hadoop.ozone.container.common.impl.HddsDispatcher.validateContainerCommand(HddsDispatcher.java:565) ~[hdds-container-service-2.1.0-SNAPSHOT.jar:?]
	at org.apache.hadoop.ozone.container.common.transport.server.ratis.ContainerStateMachine.startTransaction(ContainerStateMachine.java:488) ~[hdds-container-service-2.1.0-SNAPSHOT.jar:?]
	at org.apache.ratis.server.impl.RaftServerImpl.writeAsyncImpl(RaftServerImpl.java:973) ~[ratis-server-3.1.2.jar:3.1.2]
	at org.apache.ratis.server.impl.RaftServerImpl.writeAsync(RaftServerImpl.java:946) ~[ratis-server-3.1.2.jar:3.1.2]
	at org.apache.ratis.server.impl.RaftServerImpl.replyFuture(RaftServerImpl.java:939) ~[ratis-server-3.1.2.jar:3.1.2]
	at org.apache.ratis.server.impl.RaftServerImpl.submitClientRequestAsync(RaftServerImpl.java:916) ~[ratis-server-3.1.2.jar:3.1.2]
	at org.apache.ratis.server.impl.RaftServerImpl.lambda$null$11(RaftServerImpl.java:905) ~[ratis-server-3.1.2.jar:3.1.2]
	at org.apache.ratis.util.JavaUtils.callAsUnchecked(JavaUtils.java:118) ~[ratis-common-3.1.2.jar:3.1.2]
	at org.apache.ratis.server.impl.RaftServerImpl.lambda$executeSubmitClientRequestAsync$12(RaftServerImpl.java:905) ~[ratis-server-3.1.2.jar:3.1.2]
	at java.base/java.util.concurrent.CompletableFuture$AsyncSupply.run(CompletableFuture.java:1768) ~[?:?]
	at java.base/java.util.concurrent.ThreadPoolExecutor.runWorker(ThreadPoolExecutor.java:1144) ~[?:?]
	at java.base/java.util.concurrent.ThreadPoolExecutor$Worker.run(ThreadPoolExecutor.java:642) ~[?:?]
	at java.base/java.lang.Thread.run(Thread.java:1583) [?:?]
2025-05-14 02:53:55,181 [grpc-default-executor-1] ERROR impl.OrderedAsync (OrderedAsync.java:lambda$send$4(181)) - Failed to send request, message=cmdType: WriteChunk
traceID: ""
containerID: 4
datanodeUuid: "f8181075-ae63-407a-b17c-78185f7d70dd"
writeChunk {
  blockID {
    containerID: 4
    localID: 115816896921600004
    blockCommitSequenceId: 0
  }
  chunkData {
    chunkName: "115816896921600004.data.0"
    offset: 0
    len: 5
    checksumData {
      type: CRC32
      bytesPerChecksum: 1048576
      checksums: ",\244\264>"
    }
  }
}
version: 3
, data.size=5
java.util.concurrent.CompletionException: org.apache.ratis.protocol.exceptions.StateMachineException: org.apache.hadoop.hdds.scm.container.common.helpers.ContainerNotOpenException from Server f8181075-ae63-407a-b17c-78185f7d70dd@group-4B591AE0C988: Container 4 in CLOSED state
	at org.apache.ratis.client.impl.RaftClientImpl.handleRaftException(RaftClientImpl.java:373)
	at org.apache.ratis.client.impl.OrderedAsync.lambda$send$3(OrderedAsync.java:175)
	at java.base/java.util.concurrent.CompletableFuture$UniApply.tryFire(CompletableFuture.java:646)
	at java.base/java.util.concurrent.CompletableFuture.postComplete(CompletableFuture.java:510)
	at java.base/java.util.concurrent.CompletableFuture.complete(CompletableFuture.java:2179)
	at org.apache.ratis.client.impl.OrderedAsync$PendingOrderedRequest.setReply(OrderedAsync.java:105)
	at org.apache.ratis.client.impl.OrderedAsync$PendingOrderedRequest.setReply(OrderedAsync.java:66)
	at org.apache.ratis.util.SlidingWindow$RequestMap.setReply(SlidingWindow.java:147)
	at org.apache.ratis.util.SlidingWindow$Client.receiveReply(SlidingWindow.java:351)
	at org.apache.ratis.client.impl.OrderedAsync.lambda$sendRequestWithRetry$5(OrderedAsync.java:210)
	at java.base/java.util.concurrent.CompletableFuture$UniAccept.tryFire(CompletableFuture.java:718)
	at java.base/java.util.concurrent.CompletableFuture.postComplete(CompletableFuture.java:510)
	at java.base/java.util.concurrent.CompletableFuture.complete(CompletableFuture.java:2179)
	at org.apache.ratis.grpc.client.GrpcClientProtocolClient$AsyncStreamObservers$1.lambda$onNext$0(GrpcClientProtocolClient.java:325)
	at java.base/java.util.Optional.ifPresent(Optional.java:178)
	at org.apache.ratis.grpc.client.GrpcClientProtocolClient$AsyncStreamObservers.handleReplyFuture(GrpcClientProtocolClient.java:381)
	at org.apache.ratis.grpc.client.GrpcClientProtocolClient$AsyncStreamObservers.access$100(GrpcClientProtocolClient.java:303)
	at org.apache.ratis.grpc.client.GrpcClientProtocolClient$AsyncStreamObservers$1.onNext(GrpcClientProtocolClient.java:325)
	at org.apache.ratis.grpc.client.GrpcClientProtocolClient$AsyncStreamObservers$1.onNext(GrpcClientProtocolClient.java:308)
	at org.apache.ratis.thirdparty.io.grpc.stub.ClientCalls$StreamObserverToCallListenerAdapter.onMessage(ClientCalls.java:468)
	at org.apache.ratis.thirdparty.io.grpc.ForwardingClientCallListener.onMessage(ForwardingClientCallListener.java:33)
	at org.apache.ratis.thirdparty.io.grpc.internal.DelayedClientCall$DelayedListener.onMessage(DelayedClientCall.java:473)
	at org.apache.ratis.thirdparty.io.grpc.internal.ClientCallImpl$ClientStreamListenerImpl$1MessagesAvailable.runInternal(ClientCallImpl.java:660)
	at org.apache.ratis.thirdparty.io.grpc.internal.ClientCallImpl$ClientStreamListenerImpl$1MessagesAvailable.runInContext(ClientCallImpl.java:647)
	at org.apache.ratis.thirdparty.io.grpc.internal.ContextRunnable.run(ContextRunnable.java:37)
	at org.apache.ratis.thirdparty.io.grpc.internal.SerializingExecutor.run(SerializingExecutor.java:133)
	at java.base/java.util.concurrent.ThreadPoolExecutor.runWorker(ThreadPoolExecutor.java:1144)
	at java.base/java.util.concurrent.ThreadPoolExecutor$Worker.run(ThreadPoolExecutor.java:642)
	at java.base/java.lang.Thread.run(Thread.java:1583)
Caused by: org.apache.ratis.protocol.exceptions.StateMachineException: org.apache.hadoop.hdds.scm.container.common.helpers.ContainerNotOpenException from Server f8181075-ae63-407a-b17c-78185f7d70dd@group-4B591AE0C988: Container 4 in CLOSED state
	at org.apache.hadoop.ozone.container.common.impl.HddsDispatcher.validateContainerCommand(HddsDispatcher.java:565)
	at org.apache.hadoop.ozone.container.common.transport.server.ratis.ContainerStateMachine.startTransaction(ContainerStateMachine.java:488)
	at org.apache.ratis.server.impl.RaftServerImpl.writeAsyncImpl(RaftServerImpl.java:973)
	at org.apache.ratis.server.impl.RaftServerImpl.writeAsync(RaftServerImpl.java:946)
	at org.apache.ratis.server.impl.RaftServerImpl.replyFuture(RaftServerImpl.java:939)
	at org.apache.ratis.server.impl.RaftServerImpl.submitClientRequestAsync(RaftServerImpl.java:916)
	at org.apache.ratis.server.impl.RaftServerImpl.lambda$null$11(RaftServerImpl.java:905)
	at org.apache.ratis.util.JavaUtils.callAsUnchecked(JavaUtils.java:118)
	at org.apache.ratis.server.impl.RaftServerImpl.lambda$executeSubmitClientRequestAsync$12(RaftServerImpl.java:905)
	at java.base/java.util.concurrent.CompletableFuture$AsyncSupply.run(CompletableFuture.java:1768)
	... 3 more
Caused by: org.apache.hadoop.hdds.scm.container.common.helpers.ContainerNotOpenException: Container 4 in CLOSED state
	at java.base/jdk.internal.reflect.DirectConstructorHandleAccessor.newInstance(DirectConstructorHandleAccessor.java:62)
	at java.base/java.lang.reflect.Constructor.newInstanceWithCaller(Constructor.java:502)
	at java.base/java.lang.reflect.Constructor.newInstance(Constructor.java:486)
	at org.apache.ratis.util.ReflectionUtils.instantiateException(ReflectionUtils.java:259)
	at org.apache.ratis.client.impl.ClientProtoUtils.toStateMachineException(ClientProtoUtils.java:455)
	at org.apache.ratis.client.impl.ClientProtoUtils.toStateMachineException(ClientProtoUtils.java:441)
	at org.apache.ratis.client.impl.ClientProtoUtils.toRaftClientReply(ClientProtoUtils.java:408)
	at org.apache.ratis.grpc.client.GrpcClientProtocolClient$AsyncStreamObservers$1.onNext(GrpcClientProtocolClient.java:313)
	at org.apache.ratis.grpc.client.GrpcClientProtocolClient$AsyncStreamObservers$1.onNext(GrpcClientProtocolClient.java:308)
	at org.apache.ratis.thirdparty.io.grpc.stub.ClientCalls$StreamObserverToCallListenerAdapter.onMessage(ClientCalls.java:468)
	at org.apache.ratis.thirdparty.io.grpc.ForwardingClientCallListener.onMessage(ForwardingClientCallListener.java:33)
	at org.apache.ratis.thirdparty.io.grpc.internal.DelayedClientCall$DelayedListener.onMessage(DelayedClientCall.java:473)
	at org.apache.ratis.thirdparty.io.grpc.internal.ClientCallImpl$ClientStreamListenerImpl$1MessagesAvailable.runInternal(ClientCallImpl.java:660)
	at org.apache.ratis.thirdparty.io.grpc.internal.ClientCallImpl$ClientStreamListenerImpl$1MessagesAvailable.runInContext(ClientCallImpl.java:647)
	at org.apache.ratis.thirdparty.io.grpc.internal.ContextRunnable.run(ContextRunnable.java:37)
	at org.apache.ratis.thirdparty.io.grpc.internal.SerializingExecutor.run(SerializingExecutor.java:133)
	... 3 more
02:53:55.183 [f8181075-ae63-407a-b17c-78185f7d70dd-client-thread3] ERROR DNAudit - user=null | ip=null | op=WRITE_CHUNK {blockData=conID: 4 locID: 115816896921600004 bcsId: 0 replicaIndex: null, offset=0, size=5} | ret=FAILURE
org.apache.hadoop.hdds.scm.container.common.helpers.ContainerNotOpenException: Container 4 in CLOSED state
	at org.apache.hadoop.ozone.container.common.impl.HddsDispatcher.validateContainerCommand(HddsDispatcher.java:565) ~[hdds-container-service-2.1.0-SNAPSHOT.jar:?]
	at org.apache.hadoop.ozone.container.common.transport.server.ratis.ContainerStateMachine.startTransaction(ContainerStateMachine.java:488) ~[hdds-container-service-2.1.0-SNAPSHOT.jar:?]
	at org.apache.ratis.server.impl.RaftServerImpl.writeAsyncImpl(RaftServerImpl.java:973) ~[ratis-server-3.1.2.jar:3.1.2]
	at org.apache.ratis.server.impl.RaftServerImpl.writeAsync(RaftServerImpl.java:946) ~[ratis-server-3.1.2.jar:3.1.2]
	at org.apache.ratis.server.impl.RaftServerImpl.replyFuture(RaftServerImpl.java:939) ~[ratis-server-3.1.2.jar:3.1.2]
	at org.apache.ratis.server.impl.RaftServerImpl.submitClientRequestAsync(RaftServerImpl.java:916) ~[ratis-server-3.1.2.jar:3.1.2]
	at org.apache.ratis.server.impl.RaftServerImpl.lambda$null$11(RaftServerImpl.java:905) ~[ratis-server-3.1.2.jar:3.1.2]
	at org.apache.ratis.util.JavaUtils.callAsUnchecked(JavaUtils.java:118) ~[ratis-common-3.1.2.jar:3.1.2]
	at org.apache.ratis.server.impl.RaftServerImpl.lambda$executeSubmitClientRequestAsync$12(RaftServerImpl.java:905) ~[ratis-server-3.1.2.jar:3.1.2]
	at java.base/java.util.concurrent.CompletableFuture$AsyncSupply.run(CompletableFuture.java:1768) ~[?:?]
	at java.base/java.util.concurrent.ThreadPoolExecutor.runWorker(ThreadPoolExecutor.java:1144) ~[?:?]
	at java.base/java.util.concurrent.ThreadPoolExecutor$Worker.run(ThreadPoolExecutor.java:642) ~[?:?]
	at java.base/java.lang.Thread.run(Thread.java:1583) [?:?]
2025-05-14 02:53:55,183 [grpc-default-executor-1] ERROR impl.OrderedAsync (OrderedAsync.java:lambda$send$4(181)) - Failed to send request, message=cmdType: WriteChunk
traceID: ""
containerID: 4
datanodeUuid: "f8181075-ae63-407a-b17c-78185f7d70dd"
writeChunk {
  blockID {
    containerID: 4
    localID: 115816896921600004
    blockCommitSequenceId: 0
  }
  chunkData {
    chunkName: "115816896921600004.data.0"
    offset: 0
    len: 5
    checksumData {
      type: CRC32
      bytesPerChecksum: 1048576
      checksums: "\217\024\253m"
    }
  }
}
version: 3
, data.size=5
java.util.concurrent.CompletionException: org.apache.ratis.protocol.exceptions.StateMachineException: org.apache.hadoop.hdds.scm.container.common.helpers.ContainerNotOpenException from Server f8181075-ae63-407a-b17c-78185f7d70dd@group-4B591AE0C988: Container 4 in CLOSED state
	at org.apache.ratis.client.impl.RaftClientImpl.handleRaftException(RaftClientImpl.java:373)
	at org.apache.ratis.client.impl.OrderedAsync.lambda$send$3(OrderedAsync.java:175)
	at java.base/java.util.concurrent.CompletableFuture$UniApply.tryFire(CompletableFuture.java:646)
	at java.base/java.util.concurrent.CompletableFuture.postComplete(CompletableFuture.java:510)
	at java.base/java.util.concurrent.CompletableFuture.complete(CompletableFuture.java:2179)
	at org.apache.ratis.client.impl.OrderedAsync$PendingOrderedRequest.setReply(OrderedAsync.java:105)
	at org.apache.ratis.client.impl.OrderedAsync$PendingOrderedRequest.setReply(OrderedAsync.java:66)
	at org.apache.ratis.util.SlidingWindow$RequestMap.setReply(SlidingWindow.java:147)
	at org.apache.ratis.util.SlidingWindow$Client.receiveReply(SlidingWindow.java:351)
	at org.apache.ratis.client.impl.OrderedAsync.lambda$sendRequestWithRetry$5(OrderedAsync.java:210)
	at java.base/java.util.concurrent.CompletableFuture$UniAccept.tryFire(CompletableFuture.java:718)
	at java.base/java.util.concurrent.CompletableFuture.postComplete(CompletableFuture.java:510)
	at java.base/java.util.concurrent.CompletableFuture.complete(CompletableFuture.java:2179)
	at org.apache.ratis.grpc.client.GrpcClientProtocolClient$AsyncStreamObservers$1.lambda$onNext$0(GrpcClientProtocolClient.java:325)
	at java.base/java.util.Optional.ifPresent(Optional.java:178)
	at org.apache.ratis.grpc.client.GrpcClientProtocolClient$AsyncStreamObservers.handleReplyFuture(GrpcClientProtocolClient.java:381)
	at org.apache.ratis.grpc.client.GrpcClientProtocolClient$AsyncStreamObservers.access$100(GrpcClientProtocolClient.java:303)
	at org.apache.ratis.grpc.client.GrpcClientProtocolClient$AsyncStreamObservers$1.onNext(GrpcClientProtocolClient.java:325)
	at org.apache.ratis.grpc.client.GrpcClientProtocolClient$AsyncStreamObservers$1.onNext(GrpcClientProtocolClient.java:308)
	at org.apache.ratis.thirdparty.io.grpc.stub.ClientCalls$StreamObserverToCallListenerAdapter.onMessage(ClientCalls.java:468)
	at org.apache.ratis.thirdparty.io.grpc.ForwardingClientCallListener.onMessage(ForwardingClientCallListener.java:33)
	at org.apache.ratis.thirdparty.io.grpc.internal.DelayedClientCall$DelayedListener.onMessage(DelayedClientCall.java:473)
	at org.apache.ratis.thirdparty.io.grpc.internal.ClientCallImpl$ClientStreamListenerImpl$1MessagesAvailable.runInternal(ClientCallImpl.java:660)
	at org.apache.ratis.thirdparty.io.grpc.internal.ClientCallImpl$ClientStreamListenerImpl$1MessagesAvailable.runInContext(ClientCallImpl.java:647)
	at org.apache.ratis.thirdparty.io.grpc.internal.ContextRunnable.run(ContextRunnable.java:37)
	at org.apache.ratis.thirdparty.io.grpc.internal.SerializingExecutor.run(SerializingExecutor.java:133)
	at java.base/java.util.concurrent.ThreadPoolExecutor.runWorker(ThreadPoolExecutor.java:1144)
	at java.base/java.util.concurrent.ThreadPoolExecutor$Worker.run(ThreadPoolExecutor.java:642)
	at java.base/java.lang.Thread.run(Thread.java:1583)
Caused by: org.apache.ratis.protocol.exceptions.StateMachineException: org.apache.hadoop.hdds.scm.container.common.helpers.ContainerNotOpenException from Server f8181075-ae63-407a-b17c-78185f7d70dd@group-4B591AE0C988: Container 4 in CLOSED state
	at org.apache.hadoop.ozone.container.common.impl.HddsDispatcher.validateContainerCommand(HddsDispatcher.java:565)
	at org.apache.hadoop.ozone.container.common.transport.server.ratis.ContainerStateMachine.startTransaction(ContainerStateMachine.java:488)
	at org.apache.ratis.server.impl.RaftServerImpl.writeAsyncImpl(RaftServerImpl.java:973)
	at org.apache.ratis.server.impl.RaftServerImpl.writeAsync(RaftServerImpl.java:946)
	at org.apache.ratis.server.impl.RaftServerImpl.replyFuture(RaftServerImpl.java:939)
	at org.apache.ratis.server.impl.RaftServerImpl.submitClientRequestAsync(RaftServerImpl.java:916)
	at org.apache.ratis.server.impl.RaftServerImpl.lambda$null$11(RaftServerImpl.java:905)
	at org.apache.ratis.util.JavaUtils.callAsUnchecked(JavaUtils.java:118)
	at org.apache.ratis.server.impl.RaftServerImpl.lambda$executeSubmitClientRequestAsync$12(RaftServerImpl.java:905)
	at java.base/java.util.concurrent.CompletableFuture$AsyncSupply.run(CompletableFuture.java:1768)
	... 3 more
Caused by: org.apache.hadoop.hdds.scm.container.common.helpers.ContainerNotOpenException: Container 4 in CLOSED state
	at java.base/jdk.internal.reflect.DirectConstructorHandleAccessor.newInstance(DirectConstructorHandleAccessor.java:62)
	at java.base/java.lang.reflect.Constructor.newInstanceWithCaller(Constructor.java:502)
	at java.base/java.lang.reflect.Constructor.newInstance(Constructor.java:486)
	at org.apache.ratis.util.ReflectionUtils.instantiateException(ReflectionUtils.java:259)
	at org.apache.ratis.client.impl.ClientProtoUtils.toStateMachineException(ClientProtoUtils.java:455)
	at org.apache.ratis.client.impl.ClientProtoUtils.toStateMachineException(ClientProtoUtils.java:441)
	at org.apache.ratis.client.impl.ClientProtoUtils.toRaftClientReply(ClientProtoUtils.java:408)
	at org.apache.ratis.grpc.client.GrpcClientProtocolClient$AsyncStreamObservers$1.onNext(GrpcClientProtocolClient.java:313)
	at org.apache.ratis.grpc.client.GrpcClientProtocolClient$AsyncStreamObservers$1.onNext(GrpcClientProtocolClient.java:308)
	at org.apache.ratis.thirdparty.io.grpc.stub.ClientCalls$StreamObserverToCallListenerAdapter.onMessage(ClientCalls.java:468)
	at org.apache.ratis.thirdparty.io.grpc.ForwardingClientCallListener.onMessage(ForwardingClientCallListener.java:33)
	at org.apache.ratis.thirdparty.io.grpc.internal.DelayedClientCall$DelayedListener.onMessage(DelayedClientCall.java:473)
	at org.apache.ratis.thirdparty.io.grpc.internal.ClientCallImpl$ClientStreamListenerImpl$1MessagesAvailable.runInternal(ClientCallImpl.java:660)
	at org.apache.ratis.thirdparty.io.grpc.internal.ClientCallImpl$ClientStreamListenerImpl$1MessagesAvailable.runInContext(ClientCallImpl.java:647)
	at org.apache.ratis.thirdparty.io.grpc.internal.ContextRunnable.run(ContextRunnable.java:37)
	at org.apache.ratis.thirdparty.io.grpc.internal.SerializingExecutor.run(SerializingExecutor.java:133)
	... 3 more
02:53:55.184 [f8181075-ae63-407a-b17c-78185f7d70dd-client-thread3] ERROR DNAudit - user=null | ip=null | op=WRITE_CHUNK {blockData=conID: 4 locID: 115816896921600004 bcsId: 0 replicaIndex: null, offset=0, size=5} | ret=FAILURE
org.apache.hadoop.hdds.scm.container.common.helpers.ContainerNotOpenException: Container 4 in CLOSED state
	at org.apache.hadoop.ozone.container.common.impl.HddsDispatcher.validateContainerCommand(HddsDispatcher.java:565) ~[hdds-container-service-2.1.0-SNAPSHOT.jar:?]
	at org.apache.hadoop.ozone.container.common.transport.server.ratis.ContainerStateMachine.startTransaction(ContainerStateMachine.java:488) ~[hdds-container-service-2.1.0-SNAPSHOT.jar:?]
	at org.apache.ratis.server.impl.RaftServerImpl.writeAsyncImpl(RaftServerImpl.java:973) ~[ratis-server-3.1.2.jar:3.1.2]
	at org.apache.ratis.server.impl.RaftServerImpl.writeAsync(RaftServerImpl.java:946) ~[ratis-server-3.1.2.jar:3.1.2]
	at org.apache.ratis.server.impl.RaftServerImpl.replyFuture(RaftServerImpl.java:939) ~[ratis-server-3.1.2.jar:3.1.2]
	at org.apache.ratis.server.impl.RaftServerImpl.submitClientRequestAsync(RaftServerImpl.java:916) ~[ratis-server-3.1.2.jar:3.1.2]
	at org.apache.ratis.server.impl.RaftServerImpl.lambda$null$11(RaftServerImpl.java:905) ~[ratis-server-3.1.2.jar:3.1.2]
	at org.apache.ratis.util.JavaUtils.callAsUnchecked(JavaUtils.java:118) ~[ratis-common-3.1.2.jar:3.1.2]
	at org.apache.ratis.server.impl.RaftServerImpl.lambda$executeSubmitClientRequestAsync$12(RaftServerImpl.java:905) ~[ratis-server-3.1.2.jar:3.1.2]
	at java.base/java.util.concurrent.CompletableFuture$AsyncSupply.run(CompletableFuture.java:1768) ~[?:?]
	at java.base/java.util.concurrent.ThreadPoolExecutor.runWorker(ThreadPoolExecutor.java:1144) ~[?:?]
	at java.base/java.util.concurrent.ThreadPoolExecutor$Worker.run(ThreadPoolExecutor.java:642) ~[?:?]
	at java.base/java.lang.Thread.run(Thread.java:1583) [?:?]
2025-05-14 02:53:55,185 [grpc-default-executor-1] ERROR impl.OrderedAsync (OrderedAsync.java:lambda$send$4(181)) - Failed to send request, message=cmdType: WriteChunk
traceID: ""
containerID: 4
datanodeUuid: "f8181075-ae63-407a-b17c-78185f7d70dd"
writeChunk {
  blockID {
    containerID: 4
    localID: 115816896921600004
    blockCommitSequenceId: 0
  }
  chunkData {
    chunkName: "115816896921600004.data.0"
    offset: 0
    len: 5
    checksumData {
      type: CRC32
      bytesPerChecksum: 1048576
      checksums: "\214\0311\026"
    }
  }
}
version: 3
, data.size=5
java.util.concurrent.CompletionException: org.apache.ratis.protocol.exceptions.StateMachineException: org.apache.hadoop.hdds.scm.container.common.helpers.ContainerNotOpenException from Server f8181075-ae63-407a-b17c-78185f7d70dd@group-4B591AE0C988: Container 4 in CLOSED state
	at org.apache.ratis.client.impl.RaftClientImpl.handleRaftException(RaftClientImpl.java:373)
	at org.apache.ratis.client.impl.OrderedAsync.lambda$send$3(OrderedAsync.java:175)
	at java.base/java.util.concurrent.CompletableFuture$UniApply.tryFire(CompletableFuture.java:646)
	at java.base/java.util.concurrent.CompletableFuture.postComplete(CompletableFuture.java:510)
	at java.base/java.util.concurrent.CompletableFuture.complete(CompletableFuture.java:2179)
	at org.apache.ratis.client.impl.OrderedAsync$PendingOrderedRequest.setReply(OrderedAsync.java:105)
	at org.apache.ratis.client.impl.OrderedAsync$PendingOrderedRequest.setReply(OrderedAsync.java:66)
	at org.apache.ratis.util.SlidingWindow$RequestMap.setReply(SlidingWindow.java:147)
	at org.apache.ratis.util.SlidingWindow$Client.receiveReply(SlidingWindow.java:351)
	at org.apache.ratis.client.impl.OrderedAsync.lambda$sendRequestWithRetry$5(OrderedAsync.java:210)
	at java.base/java.util.concurrent.CompletableFuture$UniAccept.tryFire(CompletableFuture.java:718)
	at java.base/java.util.concurrent.CompletableFuture.postComplete(CompletableFuture.java:510)
	at java.base/java.util.concurrent.CompletableFuture.complete(CompletableFuture.java:2179)
	at org.apache.ratis.grpc.client.GrpcClientProtocolClient$AsyncStreamObservers$1.lambda$onNext$0(GrpcClientProtocolClient.java:325)
	at java.base/java.util.Optional.ifPresent(Optional.java:178)
	at org.apache.ratis.grpc.client.GrpcClientProtocolClient$AsyncStreamObservers.handleReplyFuture(GrpcClientProtocolClient.java:381)
	at org.apache.ratis.grpc.client.GrpcClientProtocolClient$AsyncStreamObservers.access$100(GrpcClientProtocolClient.java:303)
	at org.apache.ratis.grpc.client.GrpcClientProtocolClient$AsyncStreamObservers$1.onNext(GrpcClientProtocolClient.java:325)
	at org.apache.ratis.grpc.client.GrpcClientProtocolClient$AsyncStreamObservers$1.onNext(GrpcClientProtocolClient.java:308)
	at org.apache.ratis.thirdparty.io.grpc.stub.ClientCalls$StreamObserverToCallListenerAdapter.onMessage(ClientCalls.java:468)
	at org.apache.ratis.thirdparty.io.grpc.ForwardingClientCallListener.onMessage(ForwardingClientCallListener.java:33)
	at org.apache.ratis.thirdparty.io.grpc.internal.DelayedClientCall$DelayedListener.onMessage(DelayedClientCall.java:473)
	at org.apache.ratis.thirdparty.io.grpc.internal.ClientCallImpl$ClientStreamListenerImpl$1MessagesAvailable.runInternal(ClientCallImpl.java:660)
	at org.apache.ratis.thirdparty.io.grpc.internal.ClientCallImpl$ClientStreamListenerImpl$1MessagesAvailable.runInContext(ClientCallImpl.java:647)
	at org.apache.ratis.thirdparty.io.grpc.internal.ContextRunnable.run(ContextRunnable.java:37)
	at org.apache.ratis.thirdparty.io.grpc.internal.SerializingExecutor.run(SerializingExecutor.java:133)
	at java.base/java.util.concurrent.ThreadPoolExecutor.runWorker(ThreadPoolExecutor.java:1144)
	at java.base/java.util.concurrent.ThreadPoolExecutor$Worker.run(ThreadPoolExecutor.java:642)
	at java.base/java.lang.Thread.run(Thread.java:1583)
Caused by: org.apache.ratis.protocol.exceptions.StateMachineException: org.apache.hadoop.hdds.scm.container.common.helpers.ContainerNotOpenException from Server f8181075-ae63-407a-b17c-78185f7d70dd@group-4B591AE0C988: Container 4 in CLOSED state
	at org.apache.hadoop.ozone.container.common.impl.HddsDispatcher.validateContainerCommand(HddsDispatcher.java:565)
	at org.apache.hadoop.ozone.container.common.transport.server.ratis.ContainerStateMachine.startTransaction(ContainerStateMachine.java:488)
	at org.apache.ratis.server.impl.RaftServerImpl.writeAsyncImpl(RaftServerImpl.java:973)
	at org.apache.ratis.server.impl.RaftServerImpl.writeAsync(RaftServerImpl.java:946)
	at org.apache.ratis.server.impl.RaftServerImpl.replyFuture(RaftServerImpl.java:939)
	at org.apache.ratis.server.impl.RaftServerImpl.submitClientRequestAsync(RaftServerImpl.java:916)
	at org.apache.ratis.server.impl.RaftServerImpl.lambda$null$11(RaftServerImpl.java:905)
	at org.apache.ratis.util.JavaUtils.callAsUnchecked(JavaUtils.java:118)
	at org.apache.ratis.server.impl.RaftServerImpl.lambda$executeSubmitClientRequestAsync$12(RaftServerImpl.java:905)
	at java.base/java.util.concurrent.CompletableFuture$AsyncSupply.run(CompletableFuture.java:1768)
	... 3 more
Caused by: org.apache.hadoop.hdds.scm.container.common.helpers.ContainerNotOpenException: Container 4 in CLOSED state
	at java.base/jdk.internal.reflect.DirectConstructorHandleAccessor.newInstance(DirectConstructorHandleAccessor.java:62)
	at java.base/java.lang.reflect.Constructor.newInstanceWithCaller(Constructor.java:502)
	at java.base/java.lang.reflect.Constructor.newInstance(Constructor.java:486)
	at org.apache.ratis.util.ReflectionUtils.instantiateException(ReflectionUtils.java:259)
	at org.apache.ratis.client.impl.ClientProtoUtils.toStateMachineException(ClientProtoUtils.java:455)
	at org.apache.ratis.client.impl.ClientProtoUtils.toStateMachineException(ClientProtoUtils.java:441)
	at org.apache.ratis.client.impl.ClientProtoUtils.toRaftClientReply(ClientProtoUtils.java:408)
	at org.apache.ratis.grpc.client.GrpcClientProtocolClient$AsyncStreamObservers$1.onNext(GrpcClientProtocolClient.java:313)
	at org.apache.ratis.grpc.client.GrpcClientProtocolClient$AsyncStreamObservers$1.onNext(GrpcClientProtocolClient.java:308)
	at org.apache.ratis.thirdparty.io.grpc.stub.ClientCalls$StreamObserverToCallListenerAdapter.onMessage(ClientCalls.java:468)
	at org.apache.ratis.thirdparty.io.grpc.ForwardingClientCallListener.onMessage(ForwardingClientCallListener.java:33)
	at org.apache.ratis.thirdparty.io.grpc.internal.DelayedClientCall$DelayedListener.onMessage(DelayedClientCall.java:473)
	at org.apache.ratis.thirdparty.io.grpc.internal.ClientCallImpl$ClientStreamListenerImpl$1MessagesAvailable.runInternal(ClientCallImpl.java:660)
	at org.apache.ratis.thirdparty.io.grpc.internal.ClientCallImpl$ClientStreamListenerImpl$1MessagesAvailable.runInContext(ClientCallImpl.java:647)
	at org.apache.ratis.thirdparty.io.grpc.internal.ContextRunnable.run(ContextRunnable.java:37)
	at org.apache.ratis.thirdparty.io.grpc.internal.SerializingExecutor.run(SerializingExecutor.java:133)
	... 3 more
2025-05-14 02:53:55,187 [grpc-default-executor-2] ERROR impl.OrderedAsync (OrderedAsync.java:lambda$send$4(181)) - Failed to send request, message=cmdType: WriteChunk
traceID: ""
containerID: 4
datanodeUuid: "f8181075-ae63-407a-b17c-78185f7d70dd"
writeChunk {
  blockID {
    containerID: 4
    localID: 115816896921600004
    blockCommitSequenceId: 0
  }
  chunkData {
    chunkName: "115816896921600004.data.0"
    offset: 0
    len: 5
    checksumData {
      type: CRC32
      bytesPerChecksum: 1048576
      checksums: "K\213KL"
    }
  }
}
version: 3
, data.size=5
java.util.concurrent.CompletionException: org.apache.ratis.protocol.exceptions.StateMachineException: org.apache.hadoop.hdds.scm.container.common.helpers.ContainerNotOpenException from Server f8181075-ae63-407a-b17c-78185f7d70dd@group-4B591AE0C988: Container 4 in CLOSED state
	at org.apache.ratis.client.impl.RaftClientImpl.handleRaftException(RaftClientImpl.java:373)
	at org.apache.ratis.client.impl.OrderedAsync.lambda$send$3(OrderedAsync.java:175)
	at java.base/java.util.concurrent.CompletableFuture$UniApply.tryFire(CompletableFuture.java:646)
	at java.base/java.util.concurrent.CompletableFuture.postComplete(CompletableFuture.java:510)
	at java.base/java.util.concurrent.CompletableFuture.complete(CompletableFuture.java:2179)
	at org.apache.ratis.client.impl.OrderedAsync$PendingOrderedRequest.setReply(OrderedAsync.java:105)
	at org.apache.ratis.client.impl.OrderedAsync$PendingOrderedRequest.setReply(OrderedAsync.java:66)
	at org.apache.ratis.util.SlidingWindow$RequestMap.setReply(SlidingWindow.java:147)
	at org.apache.ratis.util.SlidingWindow$Client.receiveReply(SlidingWindow.java:351)
	at org.apache.ratis.client.impl.OrderedAsync.lambda$sendRequestWithRetry$5(OrderedAsync.java:210)
	at java.base/java.util.concurrent.CompletableFuture$UniAccept.tryFire(CompletableFuture.java:718)
	at java.base/java.util.concurrent.CompletableFuture.postComplete(CompletableFuture.java:510)
	at java.base/java.util.concurrent.CompletableFuture.complete(CompletableFuture.java:2179)
	at org.apache.ratis.grpc.client.GrpcClientProtocolClient$AsyncStreamObservers$1.lambda$onNext$0(GrpcClientProtocolClient.java:325)
	at java.base/java.util.Optional.ifPresent(Optional.java:178)
	at org.apache.ratis.grpc.client.GrpcClientProtocolClient$AsyncStreamObservers.handleReplyFuture(GrpcClientProtocolClient.java:381)
	at org.apache.ratis.grpc.client.GrpcClientProtocolClient$AsyncStreamObservers.access$100(GrpcClientProtocolClient.java:303)
	at org.apache.ratis.grpc.client.GrpcClientProtocolClient$AsyncStreamObservers$1.onNext(GrpcClientProtocolClient.java:325)
	at org.apache.ratis.grpc.client.GrpcClientProtocolClient$AsyncStreamObservers$1.onNext(GrpcClientProtocolClient.java:308)
	at org.apache.ratis.thirdparty.io.grpc.stub.ClientCalls$StreamObserverToCallListenerAdapter.onMessage(ClientCalls.java:468)
	at org.apache.ratis.thirdparty.io.grpc.ForwardingClientCallListener.onMessage(ForwardingClientCallListener.java:33)
	at org.apache.ratis.thirdparty.io.grpc.internal.DelayedClientCall$DelayedListener.onMessage(DelayedClientCall.java:473)
	at org.apache.ratis.thirdparty.io.grpc.internal.ClientCallImpl$ClientStreamListenerImpl$1MessagesAvailable.runInternal(ClientCallImpl.java:660)
	at org.apache.ratis.thirdparty.io.grpc.internal.ClientCallImpl$ClientStreamListenerImpl$1MessagesAvailable.runInContext(ClientCallImpl.java:647)
	at org.apache.ratis.thirdparty.io.grpc.internal.ContextRunnable.run(ContextRunnable.java:37)
	at org.apache.ratis.thirdparty.io.grpc.internal.SerializingExecutor.run(SerializingExecutor.java:133)
	at java.base/java.util.concurrent.ThreadPoolExecutor.runWorker(ThreadPoolExecutor.java:1144)
	at java.base/java.util.concurrent.ThreadPoolExecutor$Worker.run(ThreadPoolExecutor.java:642)
	at java.base/java.lang.Thread.run(Thread.java:1583)
Caused by: org.apache.ratis.protocol.exceptions.StateMachineException: org.apache.hadoop.hdds.scm.container.common.helpers.ContainerNotOpenException from Server f8181075-ae63-407a-b17c-78185f7d70dd@group-4B591AE0C988: Container 4 in CLOSED state
	at org.apache.hadoop.ozone.container.common.impl.HddsDispatcher.validateContainerCommand(HddsDispatcher.java:565)
	at org.apache.hadoop.ozone.container.common.transport.server.ratis.ContainerStateMachine.startTransaction(ContainerStateMachine.java:488)
	at org.apache.ratis.server.impl.RaftServerImpl.writeAsyncImpl(RaftServerImpl.java:973)
	at org.apache.ratis.server.impl.RaftServerImpl.writeAsync(RaftServerImpl.java:946)
	at org.apache.ratis.server.impl.RaftServerImpl.replyFuture(RaftServerImpl.java:939)
	at org.apache.ratis.server.impl.RaftServerImpl.submitClientRequestAsync(RaftServerImpl.java:916)
	at org.apache.ratis.server.impl.RaftServerImpl.lambda$null$11(RaftServerImpl.java:905)
	at org.apache.ratis.util.JavaUtils.callAsUnchecked(JavaUtils.java:118)
	at org.apache.ratis.server.impl.RaftServerImpl.lambda$executeSubmitClientRequestAsync$12(RaftServerImpl.java:905)
	at java.base/java.util.concurrent.CompletableFuture$AsyncSupply.run(CompletableFuture.java:1768)
	... 3 more
Caused by: org.apache.hadoop.hdds.scm.container.common.helpers.ContainerNotOpenException: Container 4 in CLOSED state
	at java.base/jdk.internal.reflect.DirectConstructorHandleAccessor.newInstance(DirectConstructorHandleAccessor.java:62)
	at java.base/java.lang.reflect.Constructor.newInstanceWithCaller(Constructor.java:502)
	at java.base/java.lang.reflect.Constructor.newInstance(Constructor.java:486)
	at org.apache.ratis.util.ReflectionUtils.instantiateException(ReflectionUtils.java:259)
	at org.apache.ratis.client.impl.ClientProtoUtils.toStateMachineException(ClientProtoUtils.java:455)
	at org.apache.ratis.client.impl.ClientProtoUtils.toStateMachineException(ClientProtoUtils.java:441)
	at org.apache.ratis.client.impl.ClientProtoUtils.toRaftClientReply(ClientProtoUtils.java:408)
	at org.apache.ratis.grpc.client.GrpcClientProtocolClient$AsyncStreamObservers$1.onNext(GrpcClientProtocolClient.java:313)
	at org.apache.ratis.grpc.client.GrpcClientProtocolClient$AsyncStreamObservers$1.onNext(GrpcClientProtocolClient.java:308)
	at org.apache.ratis.thirdparty.io.grpc.stub.ClientCalls$StreamObserverToCallListenerAdapter.onMessage(ClientCalls.java:468)
	at org.apache.ratis.thirdparty.io.grpc.ForwardingClientCallListener.onMessage(ForwardingClientCallListener.java:33)
	at org.apache.ratis.thirdparty.io.grpc.internal.DelayedClientCall$DelayedListener.onMessage(DelayedClientCall.java:473)
	at org.apache.ratis.thirdparty.io.grpc.internal.ClientCallImpl$ClientStreamListenerImpl$1MessagesAvailable.runInternal(ClientCallImpl.java:660)
	at org.apache.ratis.thirdparty.io.grpc.internal.ClientCallImpl$ClientStreamListenerImpl$1MessagesAvailable.runInContext(ClientCallImpl.java:647)
	at org.apache.ratis.thirdparty.io.grpc.internal.ContextRunnable.run(ContextRunnable.java:37)
	at org.apache.ratis.thirdparty.io.grpc.internal.SerializingExecutor.run(SerializingExecutor.java:133)
	... 3 more
2025-05-14 02:53:55,187 [pool-170-thread-1] ERROR ozoneimpl.OnDemandContainerDataScanner (OnDemandContainerDataScanner.java:performOnDemandScan(147)) - Corruption detected in container [4].Marking it UNHEALTHY.
java.io.IOException: Inconsistent read for chunk=ChunkInfo{chunkName='115816896921600004_chunk_1, offset=0, len=5} checksum item 0 expected checksum E8 61 E4 30 actual checksum 36 10 A6 86 for block conID: 4 locID: 115816896921600004 bcsId: 5 replicaIndex: null
	at org.apache.hadoop.ozone.container.keyvalue.KeyValueContainerCheck.verifyChecksum(KeyValueContainerCheck.java:433)
	at org.apache.hadoop.ozone.container.keyvalue.KeyValueContainerCheck.scanBlock(KeyValueContainerCheck.java:372)
	at org.apache.hadoop.ozone.container.keyvalue.KeyValueContainerCheck.scanData(KeyValueContainerCheck.java:264)
	at org.apache.hadoop.ozone.container.keyvalue.KeyValueContainerCheck.fullCheck(KeyValueContainerCheck.java:162)
	at org.apache.hadoop.ozone.container.keyvalue.KeyValueContainer.scanData(KeyValueContainer.java:946)
	at org.apache.hadoop.ozone.container.ozoneimpl.OnDemandContainerDataScanner.performOnDemandScan(OnDemandContainerDataScanner.java:139)
	at org.apache.hadoop.ozone.container.ozoneimpl.OnDemandContainerDataScanner.lambda$scanContainer$0(OnDemandContainerDataScanner.java:112)
	at java.base/java.util.concurrent.Executors$RunnableAdapter.call(Executors.java:572)
	at java.base/java.util.concurrent.FutureTask.run(FutureTask.java:317)
	at java.base/java.util.concurrent.ThreadPoolExecutor.runWorker(ThreadPoolExecutor.java:1144)
	at java.base/java.util.concurrent.ThreadPoolExecutor$Worker.run(ThreadPoolExecutor.java:642)
	at java.base/java.lang.Thread.run(Thread.java:1583)
02:53:55.189 [f8181075-ae63-407a-b17c-78185f7d70dd-client-thread3] ERROR DNAudit - user=null | ip=null | op=WRITE_CHUNK {blockData=conID: 4 locID: 115816896921600004 bcsId: 0 replicaIndex: null, offset=0, size=5} | ret=FAILURE
org.apache.hadoop.hdds.scm.container.common.helpers.ContainerNotOpenException: Container 4 in CLOSED state
	at org.apache.hadoop.ozone.container.common.impl.HddsDispatcher.validateContainerCommand(HddsDispatcher.java:565) ~[hdds-container-service-2.1.0-SNAPSHOT.jar:?]
	at org.apache.hadoop.ozone.container.common.transport.server.ratis.ContainerStateMachine.startTransaction(ContainerStateMachine.java:488) ~[hdds-container-service-2.1.0-SNAPSHOT.jar:?]
	at org.apache.ratis.server.impl.RaftServerImpl.writeAsyncImpl(RaftServerImpl.java:973) ~[ratis-server-3.1.2.jar:3.1.2]
	at org.apache.ratis.server.impl.RaftServerImpl.writeAsync(RaftServerImpl.java:946) ~[ratis-server-3.1.2.jar:3.1.2]
	at org.apache.ratis.server.impl.RaftServerImpl.replyFuture(RaftServerImpl.java:939) ~[ratis-server-3.1.2.jar:3.1.2]
	at org.apache.ratis.server.impl.RaftServerImpl.submitClientRequestAsync(RaftServerImpl.java:916) ~[ratis-server-3.1.2.jar:3.1.2]
	at org.apache.ratis.server.impl.RaftServerImpl.lambda$null$11(RaftServerImpl.java:905) ~[ratis-server-3.1.2.jar:3.1.2]
	at org.apache.ratis.util.JavaUtils.callAsUnchecked(JavaUtils.java:118) ~[ratis-common-3.1.2.jar:3.1.2]
	at org.apache.ratis.server.impl.RaftServerImpl.lambda$executeSubmitClientRequestAsync$12(RaftServerImpl.java:905) ~[ratis-server-3.1.2.jar:3.1.2]
	at java.base/java.util.concurrent.CompletableFuture$AsyncSupply.run(CompletableFuture.java:1768) ~[?:?]
	at java.base/java.util.concurrent.ThreadPoolExecutor.runWorker(ThreadPoolExecutor.java:1144) ~[?:?]
	at java.base/java.util.concurrent.ThreadPoolExecutor$Worker.run(ThreadPoolExecutor.java:642) ~[?:?]
	at java.base/java.lang.Thread.run(Thread.java:1583) [?:?]
2025-05-14 02:53:55,190 [grpc-default-executor-2] ERROR impl.OrderedAsync (OrderedAsync.java:lambda$send$4(181)) - Failed to send request, message=cmdType: WriteChunk
traceID: ""
containerID: 4
datanodeUuid: "f8181075-ae63-407a-b17c-78185f7d70dd"
writeChunk {
  blockID {
    containerID: 4
    localID: 115816896921600004
    blockCommitSequenceId: 0
  }
  chunkData {
    chunkName: "115816896921600004.data.0"
    offset: 0
    len: 5
    checksumData {
      type: CRC32
      bytesPerChecksum: 1048576
      checksums: "N\225\346W"
    }
  }
}
version: 3
, data.size=5
java.util.concurrent.CompletionException: org.apache.ratis.protocol.exceptions.StateMachineException: org.apache.hadoop.hdds.scm.container.common.helpers.ContainerNotOpenException from Server f8181075-ae63-407a-b17c-78185f7d70dd@group-4B591AE0C988: Container 4 in CLOSED state
	at org.apache.ratis.client.impl.RaftClientImpl.handleRaftException(RaftClientImpl.java:373)
	at org.apache.ratis.client.impl.OrderedAsync.lambda$send$3(OrderedAsync.java:175)
	at java.base/java.util.concurrent.CompletableFuture$UniApply.tryFire(CompletableFuture.java:646)
	at java.base/java.util.concurrent.CompletableFuture.postComplete(CompletableFuture.java:510)
	at java.base/java.util.concurrent.CompletableFuture.complete(CompletableFuture.java:2179)
	at org.apache.ratis.client.impl.OrderedAsync$PendingOrderedRequest.setReply(OrderedAsync.java:105)
	at org.apache.ratis.client.impl.OrderedAsync$PendingOrderedRequest.setReply(OrderedAsync.java:66)
	at org.apache.ratis.util.SlidingWindow$RequestMap.setReply(SlidingWindow.java:147)
	at org.apache.ratis.util.SlidingWindow$Client.receiveReply(SlidingWindow.java:351)
	at org.apache.ratis.client.impl.OrderedAsync.lambda$sendRequestWithRetry$5(OrderedAsync.java:210)
	at java.base/java.util.concurrent.CompletableFuture$UniAccept.tryFire(CompletableFuture.java:718)
	at java.base/java.util.concurrent.CompletableFuture.postComplete(CompletableFuture.java:510)
	at java.base/java.util.concurrent.CompletableFuture.complete(CompletableFuture.java:2179)
	at org.apache.ratis.grpc.client.GrpcClientProtocolClient$AsyncStreamObservers$1.lambda$onNext$0(GrpcClientProtocolClient.java:325)
	at java.base/java.util.Optional.ifPresent(Optional.java:178)
	at org.apache.ratis.grpc.client.GrpcClientProtocolClient$AsyncStreamObservers.handleReplyFuture(GrpcClientProtocolClient.java:381)
	at org.apache.ratis.grpc.client.GrpcClientProtocolClient$AsyncStreamObservers.access$100(GrpcClientProtocolClient.java:303)
	at org.apache.ratis.grpc.client.GrpcClientProtocolClient$AsyncStreamObservers$1.onNext(GrpcClientProtocolClient.java:325)
	at org.apache.ratis.grpc.client.GrpcClientProtocolClient$AsyncStreamObservers$1.onNext(GrpcClientProtocolClient.java:308)
	at org.apache.ratis.thirdparty.io.grpc.stub.ClientCalls$StreamObserverToCallListenerAdapter.onMessage(ClientCalls.java:468)
	at org.apache.ratis.thirdparty.io.grpc.ForwardingClientCallListener.onMessage(ForwardingClientCallListener.java:33)
	at org.apache.ratis.thirdparty.io.grpc.internal.DelayedClientCall$DelayedListener.onMessage(DelayedClientCall.java:473)
	at org.apache.ratis.thirdparty.io.grpc.internal.ClientCallImpl$ClientStreamListenerImpl$1MessagesAvailable.runInternal(ClientCallImpl.java:660)
	at org.apache.ratis.thirdparty.io.grpc.internal.ClientCallImpl$ClientStreamListenerImpl$1MessagesAvailable.runInContext(ClientCallImpl.java:647)
	at org.apache.ratis.thirdparty.io.grpc.internal.ContextRunnable.run(ContextRunnable.java:37)
	at org.apache.ratis.thirdparty.io.grpc.internal.SerializingExecutor.run(SerializingExecutor.java:133)
	at java.base/java.util.concurrent.ThreadPoolExecutor.runWorker(ThreadPoolExecutor.java:1144)
	at java.base/java.util.concurrent.ThreadPoolExecutor$Worker.run(ThreadPoolExecutor.java:642)
	at java.base/java.lang.Thread.run(Thread.java:1583)
Caused by: org.apache.ratis.protocol.exceptions.StateMachineException: org.apache.hadoop.hdds.scm.container.common.helpers.ContainerNotOpenException from Server f8181075-ae63-407a-b17c-78185f7d70dd@group-4B591AE0C988: Container 4 in CLOSED state
	at org.apache.hadoop.ozone.container.common.impl.HddsDispatcher.validateContainerCommand(HddsDispatcher.java:565)
	at org.apache.hadoop.ozone.container.common.transport.server.ratis.ContainerStateMachine.startTransaction(ContainerStateMachine.java:488)
	at org.apache.ratis.server.impl.RaftServerImpl.writeAsyncImpl(RaftServerImpl.java:973)
	at org.apache.ratis.server.impl.RaftServerImpl.writeAsync(RaftServerImpl.java:946)
	at org.apache.ratis.server.impl.RaftServerImpl.replyFuture(RaftServerImpl.java:939)
	at org.apache.ratis.server.impl.RaftServerImpl.submitClientRequestAsync(RaftServerImpl.java:916)
	at org.apache.ratis.server.impl.RaftServerImpl.lambda$null$11(RaftServerImpl.java:905)
	at org.apache.ratis.util.JavaUtils.callAsUnchecked(JavaUtils.java:118)
	at org.apache.ratis.server.impl.RaftServerImpl.lambda$executeSubmitClientRequestAsync$12(RaftServerImpl.java:905)
	at java.base/java.util.concurrent.CompletableFuture$AsyncSupply.run(CompletableFuture.java:1768)
	... 3 more
Caused by: org.apache.hadoop.hdds.scm.container.common.helpers.ContainerNotOpenException: Container 4 in CLOSED state
	at java.base/jdk.internal.reflect.DirectConstructorHandleAccessor.newInstance(DirectConstructorHandleAccessor.java:62)
	at java.base/java.lang.reflect.Constructor.newInstanceWithCaller(Constructor.java:502)
	at java.base/java.lang.reflect.Constructor.newInstance(Constructor.java:486)
	at org.apache.ratis.util.ReflectionUtils.instantiateException(ReflectionUtils.java:259)
	at org.apache.ratis.client.impl.ClientProtoUtils.toStateMachineException(ClientProtoUtils.java:455)
	at org.apache.ratis.client.impl.ClientProtoUtils.toStateMachineException(ClientProtoUtils.java:441)
	at org.apache.ratis.client.impl.ClientProtoUtils.toRaftClientReply(ClientProtoUtils.java:408)
	at org.apache.ratis.grpc.client.GrpcClientProtocolClient$AsyncStreamObservers$1.onNext(GrpcClientProtocolClient.java:313)
	at org.apache.ratis.grpc.client.GrpcClientProtocolClient$AsyncStreamObservers$1.onNext(GrpcClientProtocolClient.java:308)
	at org.apache.ratis.thirdparty.io.grpc.stub.ClientCalls$StreamObserverToCallListenerAdapter.onMessage(ClientCalls.java:468)
	at org.apache.ratis.thirdparty.io.grpc.ForwardingClientCallListener.onMessage(ForwardingClientCallListener.java:33)
	at org.apache.ratis.thirdparty.io.grpc.internal.DelayedClientCall$DelayedListener.onMessage(DelayedClientCall.java:473)
	at org.apache.ratis.thirdparty.io.grpc.internal.ClientCallImpl$ClientStreamListenerImpl$1MessagesAvailable.runInternal(ClientCallImpl.java:660)
	at org.apache.ratis.thirdparty.io.grpc.internal.ClientCallImpl$ClientStreamListenerImpl$1MessagesAvailable.runInContext(ClientCallImpl.java:647)
	at org.apache.ratis.thirdparty.io.grpc.internal.ContextRunnable.run(ContextRunnable.java:37)
	at org.apache.ratis.thirdparty.io.grpc.internal.SerializingExecutor.run(SerializingExecutor.java:133)
	... 3 more
2025-05-14 02:53:55,192 [grpc-default-executor-2] ERROR impl.OrderedAsync (OrderedAsync.java:lambda$send$4(181)) - Failed to send request, message=cmdType: WriteChunk
traceID: ""
containerID: 4
datanodeUuid: "f8181075-ae63-407a-b17c-78185f7d70dd"
writeChunk {
  blockID {
    containerID: 4
    localID: 115816896921600004
    blockCommitSequenceId: 0
  }
  chunkData {
    chunkName: "115816896921600004.data.0"
    offset: 0
    len: 5
    checksumData {
      type: CRC32
      bytesPerChecksum: 1048576
      checksums: "s^\314G"
    }
  }
}
version: 3
, data.size=5
java.util.concurrent.CompletionException: org.apache.ratis.protocol.exceptions.StateMachineException: org.apache.hadoop.hdds.scm.container.common.helpers.ContainerNotOpenException from Server f8181075-ae63-407a-b17c-78185f7d70dd@group-4B591AE0C988: Container 4 in CLOSED state
	at org.apache.ratis.client.impl.RaftClientImpl.handleRaftException(RaftClientImpl.java:373)
	at org.apache.ratis.client.impl.OrderedAsync.lambda$send$3(OrderedAsync.java:175)
	at java.base/java.util.concurrent.CompletableFuture$UniApply.tryFire(CompletableFuture.java:646)
	at java.base/java.util.concurrent.CompletableFuture.postComplete(CompletableFuture.java:510)
	at java.base/java.util.concurrent.CompletableFuture.complete(CompletableFuture.java:2179)
	at org.apache.ratis.client.impl.OrderedAsync$PendingOrderedRequest.setReply(OrderedAsync.java:105)
	at org.apache.ratis.client.impl.OrderedAsync$PendingOrderedRequest.setReply(OrderedAsync.java:66)
	at org.apache.ratis.util.SlidingWindow$RequestMap.setReply(SlidingWindow.java:147)
	at org.apache.ratis.util.SlidingWindow$Client.receiveReply(SlidingWindow.java:351)
	at org.apache.ratis.client.impl.OrderedAsync.lambda$sendRequestWithRetry$5(OrderedAsync.java:210)
	at java.base/java.util.concurrent.CompletableFuture$UniAccept.tryFire(CompletableFuture.java:718)
	at java.base/java.util.concurrent.CompletableFuture.postComplete(CompletableFuture.java:510)
	at java.base/java.util.concurrent.CompletableFuture.complete(CompletableFuture.java:2179)
	at org.apache.ratis.grpc.client.GrpcClientProtocolClient$AsyncStreamObservers$1.lambda$onNext$0(GrpcClientProtocolClient.java:325)
	at java.base/java.util.Optional.ifPresent(Optional.java:178)
	at org.apache.ratis.grpc.client.GrpcClientProtocolClient$AsyncStreamObservers.handleReplyFuture(GrpcClientProtocolClient.java:381)
	at org.apache.ratis.grpc.client.GrpcClientProtocolClient$AsyncStreamObservers.access$100(GrpcClientProtocolClient.java:303)
	at org.apache.ratis.grpc.client.GrpcClientProtocolClient$AsyncStreamObservers$1.onNext(GrpcClientProtocolClient.java:325)
	at org.apache.ratis.grpc.client.GrpcClientProtocolClient$AsyncStreamObservers$1.onNext(GrpcClientProtocolClient.java:308)
	at org.apache.ratis.thirdparty.io.grpc.stub.ClientCalls$StreamObserverToCallListenerAdapter.onMessage(ClientCalls.java:468)
	at org.apache.ratis.thirdparty.io.grpc.ForwardingClientCallListener.onMessage(ForwardingClientCallListener.java:33)
	at org.apache.ratis.thirdparty.io.grpc.internal.DelayedClientCall$DelayedListener.onMessage(DelayedClientCall.java:473)
	at org.apache.ratis.thirdparty.io.grpc.internal.ClientCallImpl$ClientStreamListenerImpl$1MessagesAvailable.runInternal(ClientCallImpl.java:660)
	at org.apache.ratis.thirdparty.io.grpc.internal.ClientCallImpl$ClientStreamListenerImpl$1MessagesAvailable.runInContext(ClientCallImpl.java:647)
	at org.apache.ratis.thirdparty.io.grpc.internal.ContextRunnable.run(ContextRunnable.java:37)
	at org.apache.ratis.thirdparty.io.grpc.internal.SerializingExecutor.run(SerializingExecutor.java:133)
	at java.base/java.util.concurrent.ThreadPoolExecutor.runWorker(ThreadPoolExecutor.java:1144)
	at java.base/java.util.concurrent.ThreadPoolExecutor$Worker.run(ThreadPoolExecutor.java:642)
	at java.base/java.lang.Thread.run(Thread.java:1583)
Caused by: org.apache.ratis.protocol.exceptions.StateMachineException: org.apache.hadoop.hdds.scm.container.common.helpers.ContainerNotOpenException from Server f8181075-ae63-407a-b17c-78185f7d70dd@group-4B591AE0C988: Container 4 in CLOSED state
	at org.apache.hadoop.ozone.container.common.impl.HddsDispatcher.validateContainerCommand(HddsDispatcher.java:565)
	at org.apache.hadoop.ozone.container.common.transport.server.ratis.ContainerStateMachine.startTransaction(ContainerStateMachine.java:488)
	at org.apache.ratis.server.impl.RaftServerImpl.writeAsyncImpl(RaftServerImpl.java:973)
	at org.apache.ratis.server.impl.RaftServerImpl.writeAsync(RaftServerImpl.java:946)
	at org.apache.ratis.server.impl.RaftServerImpl.replyFuture(RaftServerImpl.java:939)
	at org.apache.ratis.server.impl.RaftServerImpl.submitClientRequestAsync(RaftServerImpl.java:916)
	at org.apache.ratis.server.impl.RaftServerImpl.lambda$null$11(RaftServerImpl.java:905)
	at org.apache.ratis.util.JavaUtils.callAsUnchecked(JavaUtils.java:118)
	at org.apache.ratis.server.impl.RaftServerImpl.lambda$executeSubmitClientRequestAsync$12(RaftServerImpl.java:905)
	at java.base/java.util.concurrent.CompletableFuture$AsyncSupply.run(CompletableFuture.java:1768)
	... 3 more
Caused by: org.apache.hadoop.hdds.scm.container.common.helpers.ContainerNotOpenException: Container 4 in CLOSED state
	at java.base/jdk.internal.reflect.DirectConstructorHandleAccessor.newInstance(DirectConstructorHandleAccessor.java:62)
	at java.base/java.lang.reflect.Constructor.newInstanceWithCaller(Constructor.java:502)
	at java.base/java.lang.reflect.Constructor.newInstance(Constructor.java:486)
	at org.apache.ratis.util.ReflectionUtils.instantiateException(ReflectionUtils.java:259)
	at org.apache.ratis.client.impl.ClientProtoUtils.toStateMachineException(ClientProtoUtils.java:455)
	at org.apache.ratis.client.impl.ClientProtoUtils.toStateMachineException(ClientProtoUtils.java:441)
	at org.apache.ratis.client.impl.ClientProtoUtils.toRaftClientReply(ClientProtoUtils.java:408)
	at org.apache.ratis.grpc.client.GrpcClientProtocolClient$AsyncStreamObservers$1.onNext(GrpcClientProtocolClient.java:313)
	at org.apache.ratis.grpc.client.GrpcClientProtocolClient$AsyncStreamObservers$1.onNext(GrpcClientProtocolClient.java:308)
	at org.apache.ratis.thirdparty.io.grpc.stub.ClientCalls$StreamObserverToCallListenerAdapter.onMessage(ClientCalls.java:468)
	at org.apache.ratis.thirdparty.io.grpc.ForwardingClientCallListener.onMessage(ForwardingClientCallListener.java:33)
	at org.apache.ratis.thirdparty.io.grpc.internal.DelayedClientCall$DelayedListener.onMessage(DelayedClientCall.java:473)
	at org.apache.ratis.thirdparty.io.grpc.internal.ClientCallImpl$ClientStreamListenerImpl$1MessagesAvailable.runInternal(ClientCallImpl.java:660)
	at org.apache.ratis.thirdparty.io.grpc.internal.ClientCallImpl$ClientStreamListenerImpl$1MessagesAvailable.runInContext(ClientCallImpl.java:647)
	at org.apache.ratis.thirdparty.io.grpc.internal.ContextRunnable.run(ContextRunnable.java:37)
	at org.apache.ratis.thirdparty.io.grpc.internal.SerializingExecutor.run(SerializingExecutor.java:133)
	... 3 more
02:53:55.192 [f8181075-ae63-407a-b17c-78185f7d70dd-client-thread3] ERROR DNAudit - user=null | ip=null | op=WRITE_CHUNK {blockData=conID: 4 locID: 115816896921600004 bcsId: 0 replicaIndex: null, offset=0, size=5} | ret=FAILURE
org.apache.hadoop.hdds.scm.container.common.helpers.ContainerNotOpenException: Container 4 in UNHEALTHY state
	at org.apache.hadoop.ozone.container.common.impl.HddsDispatcher.validateContainerCommand(HddsDispatcher.java:565) ~[hdds-container-service-2.1.0-SNAPSHOT.jar:?]
	at org.apache.hadoop.ozone.container.common.transport.server.ratis.ContainerStateMachine.startTransaction(ContainerStateMachine.java:488) ~[hdds-container-service-2.1.0-SNAPSHOT.jar:?]
	at org.apache.ratis.server.impl.RaftServerImpl.writeAsyncImpl(RaftServerImpl.java:973) ~[ratis-server-3.1.2.jar:3.1.2]
	at org.apache.ratis.server.impl.RaftServerImpl.writeAsync(RaftServerImpl.java:946) ~[ratis-server-3.1.2.jar:3.1.2]
	at org.apache.ratis.server.impl.RaftServerImpl.replyFuture(RaftServerImpl.java:939) ~[ratis-server-3.1.2.jar:3.1.2]
	at org.apache.ratis.server.impl.RaftServerImpl.submitClientRequestAsync(RaftServerImpl.java:916) ~[ratis-server-3.1.2.jar:3.1.2]
	at org.apache.ratis.server.impl.RaftServerImpl.lambda$null$11(RaftServerImpl.java:905) ~[ratis-server-3.1.2.jar:3.1.2]
	at org.apache.ratis.util.JavaUtils.callAsUnchecked(JavaUtils.java:118) ~[ratis-common-3.1.2.jar:3.1.2]
	at org.apache.ratis.server.impl.RaftServerImpl.lambda$executeSubmitClientRequestAsync$12(RaftServerImpl.java:905) ~[ratis-server-3.1.2.jar:3.1.2]
	at java.base/java.util.concurrent.CompletableFuture$AsyncSupply.run(CompletableFuture.java:1768) ~[?:?]
	at java.base/java.util.concurrent.ThreadPoolExecutor.runWorker(ThreadPoolExecutor.java:1144) ~[?:?]
	at java.base/java.util.concurrent.ThreadPoolExecutor$Worker.run(ThreadPoolExecutor.java:642) ~[?:?]
	at java.base/java.lang.Thread.run(Thread.java:1583) [?:?]
2025-05-14 02:53:55,194 [grpc-default-executor-2] ERROR impl.OrderedAsync (OrderedAsync.java:lambda$send$4(181)) - Failed to send request, message=cmdType: WriteChunk
traceID: ""
containerID: 4
datanodeUuid: "f8181075-ae63-407a-b17c-78185f7d70dd"
writeChunk {
  blockID {
    containerID: 4
    localID: 115816896921600004
    blockCommitSequenceId: 0
  }
  chunkData {
    chunkName: "115816896921600004.data.0"
    offset: 0
    len: 5
    checksumData {
      type: CRC32
      bytesPerChecksum: 1048576
      checksums: "\306\214\'\251"
    }
  }
}
version: 3
, data.size=5
java.util.concurrent.CompletionException: org.apache.ratis.protocol.exceptions.StateMachineException: org.apache.hadoop.hdds.scm.container.common.helpers.ContainerNotOpenException from Server f8181075-ae63-407a-b17c-78185f7d70dd@group-4B591AE0C988: Container 4 in CLOSED state
	at org.apache.ratis.client.impl.RaftClientImpl.handleRaftException(RaftClientImpl.java:373)
	at org.apache.ratis.client.impl.OrderedAsync.lambda$send$3(OrderedAsync.java:175)
	at java.base/java.util.concurrent.CompletableFuture$UniApply.tryFire(CompletableFuture.java:646)
	at java.base/java.util.concurrent.CompletableFuture.postComplete(CompletableFuture.java:510)
	at java.base/java.util.concurrent.CompletableFuture.complete(CompletableFuture.java:2179)
	at org.apache.ratis.client.impl.OrderedAsync$PendingOrderedRequest.setReply(OrderedAsync.java:105)
	at org.apache.ratis.client.impl.OrderedAsync$PendingOrderedRequest.setReply(OrderedAsync.java:66)
	at org.apache.ratis.util.SlidingWindow$RequestMap.setReply(SlidingWindow.java:147)
	at org.apache.ratis.util.SlidingWindow$Client.receiveReply(SlidingWindow.java:351)
	at org.apache.ratis.client.impl.OrderedAsync.lambda$sendRequestWithRetry$5(OrderedAsync.java:210)
	at java.base/java.util.concurrent.CompletableFuture$UniAccept.tryFire(CompletableFuture.java:718)
	at java.base/java.util.concurrent.CompletableFuture.postComplete(CompletableFuture.java:510)
	at java.base/java.util.concurrent.CompletableFuture.complete(CompletableFuture.java:2179)
	at org.apache.ratis.grpc.client.GrpcClientProtocolClient$AsyncStreamObservers$1.lambda$onNext$0(GrpcClientProtocolClient.java:325)
	at java.base/java.util.Optional.ifPresent(Optional.java:178)
	at org.apache.ratis.grpc.client.GrpcClientProtocolClient$AsyncStreamObservers.handleReplyFuture(GrpcClientProtocolClient.java:381)
	at org.apache.ratis.grpc.client.GrpcClientProtocolClient$AsyncStreamObservers.access$100(GrpcClientProtocolClient.java:303)
	at org.apache.ratis.grpc.client.GrpcClientProtocolClient$AsyncStreamObservers$1.onNext(GrpcClientProtocolClient.java:325)
	at org.apache.ratis.grpc.client.GrpcClientProtocolClient$AsyncStreamObservers$1.onNext(GrpcClientProtocolClient.java:308)
	at org.apache.ratis.thirdparty.io.grpc.stub.ClientCalls$StreamObserverToCallListenerAdapter.onMessage(ClientCalls.java:468)
	at org.apache.ratis.thirdparty.io.grpc.ForwardingClientCallListener.onMessage(ForwardingClientCallListener.java:33)
	at org.apache.ratis.thirdparty.io.grpc.internal.DelayedClientCall$DelayedListener.onMessage(DelayedClientCall.java:473)
	at org.apache.ratis.thirdparty.io.grpc.internal.ClientCallImpl$ClientStreamListenerImpl$1MessagesAvailable.runInternal(ClientCallImpl.java:660)
	at org.apache.ratis.thirdparty.io.grpc.internal.ClientCallImpl$ClientStreamListenerImpl$1MessagesAvailable.runInContext(ClientCallImpl.java:647)
	at org.apache.ratis.thirdparty.io.grpc.internal.ContextRunnable.run(ContextRunnable.java:37)
	at org.apache.ratis.thirdparty.io.grpc.internal.SerializingExecutor.run(SerializingExecutor.java:133)
	at java.base/java.util.concurrent.ThreadPoolExecutor.runWorker(ThreadPoolExecutor.java:1144)
	at java.base/java.util.concurrent.ThreadPoolExecutor$Worker.run(ThreadPoolExecutor.java:642)
	at java.base/java.lang.Thread.run(Thread.java:1583)
Caused by: org.apache.ratis.protocol.exceptions.StateMachineException: org.apache.hadoop.hdds.scm.container.common.helpers.ContainerNotOpenException from Server f8181075-ae63-407a-b17c-78185f7d70dd@group-4B591AE0C988: Container 4 in CLOSED state
	at org.apache.hadoop.ozone.container.common.impl.HddsDispatcher.validateContainerCommand(HddsDispatcher.java:565)
	at org.apache.hadoop.ozone.container.common.transport.server.ratis.ContainerStateMachine.startTransaction(ContainerStateMachine.java:488)
	at org.apache.ratis.server.impl.RaftServerImpl.writeAsyncImpl(RaftServerImpl.java:973)
	at org.apache.ratis.server.impl.RaftServerImpl.writeAsync(RaftServerImpl.java:946)
	at org.apache.ratis.server.impl.RaftServerImpl.replyFuture(RaftServerImpl.java:939)
	at org.apache.ratis.server.impl.RaftServerImpl.submitClientRequestAsync(RaftServerImpl.java:916)
	at org.apache.ratis.server.impl.RaftServerImpl.lambda$null$11(RaftServerImpl.java:905)
	at org.apache.ratis.util.JavaUtils.callAsUnchecked(JavaUtils.java:118)
	at org.apache.ratis.server.impl.RaftServerImpl.lambda$executeSubmitClientRequestAsync$12(RaftServerImpl.java:905)
	at java.base/java.util.concurrent.CompletableFuture$AsyncSupply.run(CompletableFuture.java:1768)
	... 3 more
Caused by: org.apache.hadoop.hdds.scm.container.common.helpers.ContainerNotOpenException: Container 4 in CLOSED state
	at java.base/jdk.internal.reflect.DirectConstructorHandleAccessor.newInstance(DirectConstructorHandleAccessor.java:62)
	at java.base/java.lang.reflect.Constructor.newInstanceWithCaller(Constructor.java:502)
	at java.base/java.lang.reflect.Constructor.newInstance(Constructor.java:486)
	at org.apache.ratis.util.ReflectionUtils.instantiateException(ReflectionUtils.java:259)
	at org.apache.ratis.client.impl.ClientProtoUtils.toStateMachineException(ClientProtoUtils.java:455)
	at org.apache.ratis.client.impl.ClientProtoUtils.toStateMachineException(ClientProtoUtils.java:441)
	at org.apache.ratis.client.impl.ClientProtoUtils.toRaftClientReply(ClientProtoUtils.java:408)
	at org.apache.ratis.grpc.client.GrpcClientProtocolClient$AsyncStreamObservers$1.onNext(GrpcClientProtocolClient.java:313)
	at org.apache.ratis.grpc.client.GrpcClientProtocolClient$AsyncStreamObservers$1.onNext(GrpcClientProtocolClient.java:308)
	at org.apache.ratis.thirdparty.io.grpc.stub.ClientCalls$StreamObserverToCallListenerAdapter.onMessage(ClientCalls.java:468)
	at org.apache.ratis.thirdparty.io.grpc.ForwardingClientCallListener.onMessage(ForwardingClientCallListener.java:33)
	at org.apache.ratis.thirdparty.io.grpc.internal.DelayedClientCall$DelayedListener.onMessage(DelayedClientCall.java:473)
	at org.apache.ratis.thirdparty.io.grpc.internal.ClientCallImpl$ClientStreamListenerImpl$1MessagesAvailable.runInternal(ClientCallImpl.java:660)
	at org.apache.ratis.thirdparty.io.grpc.internal.ClientCallImpl$ClientStreamListenerImpl$1MessagesAvailable.runInContext(ClientCallImpl.java:647)
	at org.apache.ratis.thirdparty.io.grpc.internal.ContextRunnable.run(ContextRunnable.java:37)
	at org.apache.ratis.thirdparty.io.grpc.internal.SerializingExecutor.run(SerializingExecutor.java:133)
	... 3 more
02:53:55.194 [f8181075-ae63-407a-b17c-78185f7d70dd-client-thread3] ERROR DNAudit - user=null | ip=null | op=WRITE_CHUNK {blockData=conID: 4 locID: 115816896921600004 bcsId: 0 replicaIndex: null, offset=0, size=5} | ret=FAILURE
org.apache.hadoop.hdds.scm.container.common.helpers.ContainerNotOpenException: Container 4 in UNHEALTHY state
	at org.apache.hadoop.ozone.container.common.impl.HddsDispatcher.validateContainerCommand(HddsDispatcher.java:565) ~[hdds-container-service-2.1.0-SNAPSHOT.jar:?]
	at org.apache.hadoop.ozone.container.common.transport.server.ratis.ContainerStateMachine.startTransaction(ContainerStateMachine.java:488) ~[hdds-container-service-2.1.0-SNAPSHOT.jar:?]
	at org.apache.ratis.server.impl.RaftServerImpl.writeAsyncImpl(RaftServerImpl.java:973) ~[ratis-server-3.1.2.jar:3.1.2]
	at org.apache.ratis.server.impl.RaftServerImpl.writeAsync(RaftServerImpl.java:946) ~[ratis-server-3.1.2.jar:3.1.2]
	at org.apache.ratis.server.impl.RaftServerImpl.replyFuture(RaftServerImpl.java:939) ~[ratis-server-3.1.2.jar:3.1.2]
	at org.apache.ratis.server.impl.RaftServerImpl.submitClientRequestAsync(RaftServerImpl.java:916) ~[ratis-server-3.1.2.jar:3.1.2]
	at org.apache.ratis.server.impl.RaftServerImpl.lambda$null$11(RaftServerImpl.java:905) ~[ratis-server-3.1.2.jar:3.1.2]
	at org.apache.ratis.util.JavaUtils.callAsUnchecked(JavaUtils.java:118) ~[ratis-common-3.1.2.jar:3.1.2]
	at org.apache.ratis.server.impl.RaftServerImpl.lambda$executeSubmitClientRequestAsync$12(RaftServerImpl.java:905) ~[ratis-server-3.1.2.jar:3.1.2]
	at java.base/java.util.concurrent.CompletableFuture$AsyncSupply.run(CompletableFuture.java:1768) ~[?:?]
	at java.base/java.util.concurrent.ThreadPoolExecutor.runWorker(ThreadPoolExecutor.java:1144) ~[?:?]
	at java.base/java.util.concurrent.ThreadPoolExecutor$Worker.run(ThreadPoolExecutor.java:642) ~[?:?]
	at java.base/java.lang.Thread.run(Thread.java:1583) [?:?]
2025-05-14 02:53:55,196 [grpc-default-executor-2] ERROR impl.OrderedAsync (OrderedAsync.java:lambda$send$4(181)) - Failed to send request, message=cmdType: WriteChunk
traceID: ""
containerID: 4
datanodeUuid: "f8181075-ae63-407a-b17c-78185f7d70dd"
writeChunk {
  blockID {
    containerID: 4
    localID: 115816896921600004
    blockCommitSequenceId: 0
  }
  chunkData {
    chunkName: "115816896921600004.data.0"
    offset: 0
    len: 5
    checksumData {
      type: CRC32
      bytesPerChecksum: 1048576
      checksums: "j\177j\210"
    }
  }
}
version: 3
, data.size=5
java.util.concurrent.CompletionException: org.apache.ratis.protocol.exceptions.StateMachineException: org.apache.hadoop.hdds.scm.container.common.helpers.ContainerNotOpenException from Server f8181075-ae63-407a-b17c-78185f7d70dd@group-4B591AE0C988: Container 4 in CLOSED state
	at org.apache.ratis.client.impl.RaftClientImpl.handleRaftException(RaftClientImpl.java:373)
	at org.apache.ratis.client.impl.OrderedAsync.lambda$send$3(OrderedAsync.java:175)
	at java.base/java.util.concurrent.CompletableFuture$UniApply.tryFire(CompletableFuture.java:646)
	at java.base/java.util.concurrent.CompletableFuture.postComplete(CompletableFuture.java:510)
	at java.base/java.util.concurrent.CompletableFuture.complete(CompletableFuture.java:2179)
	at org.apache.ratis.client.impl.OrderedAsync$PendingOrderedRequest.setReply(OrderedAsync.java:105)
	at org.apache.ratis.client.impl.OrderedAsync$PendingOrderedRequest.setReply(OrderedAsync.java:66)
	at org.apache.ratis.util.SlidingWindow$RequestMap.setReply(SlidingWindow.java:147)
	at org.apache.ratis.util.SlidingWindow$Client.receiveReply(SlidingWindow.java:351)
	at org.apache.ratis.client.impl.OrderedAsync.lambda$sendRequestWithRetry$5(OrderedAsync.java:210)
	at java.base/java.util.concurrent.CompletableFuture$UniAccept.tryFire(CompletableFuture.java:718)
	at java.base/java.util.concurrent.CompletableFuture.postComplete(CompletableFuture.java:510)
	at java.base/java.util.concurrent.CompletableFuture.complete(CompletableFuture.java:2179)
	at org.apache.ratis.grpc.client.GrpcClientProtocolClient$AsyncStreamObservers$1.lambda$onNext$0(GrpcClientProtocolClient.java:325)
	at java.base/java.util.Optional.ifPresent(Optional.java:178)
	at org.apache.ratis.grpc.client.GrpcClientProtocolClient$AsyncStreamObservers.handleReplyFuture(GrpcClientProtocolClient.java:381)
	at org.apache.ratis.grpc.client.GrpcClientProtocolClient$AsyncStreamObservers.access$100(GrpcClientProtocolClient.java:303)
	at org.apache.ratis.grpc.client.GrpcClientProtocolClient$AsyncStreamObservers$1.onNext(GrpcClientProtocolClient.java:325)
	at org.apache.ratis.grpc.client.GrpcClientProtocolClient$AsyncStreamObservers$1.onNext(GrpcClientProtocolClient.java:308)
	at org.apache.ratis.thirdparty.io.grpc.stub.ClientCalls$StreamObserverToCallListenerAdapter.onMessage(ClientCalls.java:468)
	at org.apache.ratis.thirdparty.io.grpc.ForwardingClientCallListener.onMessage(ForwardingClientCallListener.java:33)
	at org.apache.ratis.thirdparty.io.grpc.internal.DelayedClientCall$DelayedListener.onMessage(DelayedClientCall.java:473)
	at org.apache.ratis.thirdparty.io.grpc.internal.ClientCallImpl$ClientStreamListenerImpl$1MessagesAvailable.runInternal(ClientCallImpl.java:660)
	at org.apache.ratis.thirdparty.io.grpc.internal.ClientCallImpl$ClientStreamListenerImpl$1MessagesAvailable.runInContext(ClientCallImpl.java:647)
	at org.apache.ratis.thirdparty.io.grpc.internal.ContextRunnable.run(ContextRunnable.java:37)
	at org.apache.ratis.thirdparty.io.grpc.internal.SerializingExecutor.run(SerializingExecutor.java:133)
	at java.base/java.util.concurrent.ThreadPoolExecutor.runWorker(ThreadPoolExecutor.java:1144)
	at java.base/java.util.concurrent.ThreadPoolExecutor$Worker.run(ThreadPoolExecutor.java:642)
	at java.base/java.lang.Thread.run(Thread.java:1583)
Caused by: org.apache.ratis.protocol.exceptions.StateMachineException: org.apache.hadoop.hdds.scm.container.common.helpers.ContainerNotOpenException from Server f8181075-ae63-407a-b17c-78185f7d70dd@group-4B591AE0C988: Container 4 in CLOSED state
	at org.apache.hadoop.ozone.container.common.impl.HddsDispatcher.validateContainerCommand(HddsDispatcher.java:565)
	at org.apache.hadoop.ozone.container.common.transport.server.ratis.ContainerStateMachine.startTransaction(ContainerStateMachine.java:488)
	at org.apache.ratis.server.impl.RaftServerImpl.writeAsyncImpl(RaftServerImpl.java:973)
	at org.apache.ratis.server.impl.RaftServerImpl.writeAsync(RaftServerImpl.java:946)
	at org.apache.ratis.server.impl.RaftServerImpl.replyFuture(RaftServerImpl.java:939)
	at org.apache.ratis.server.impl.RaftServerImpl.submitClientRequestAsync(RaftServerImpl.java:916)
	at org.apache.ratis.server.impl.RaftServerImpl.lambda$null$11(RaftServerImpl.java:905)
	at org.apache.ratis.util.JavaUtils.callAsUnchecked(JavaUtils.java:118)
	at org.apache.ratis.server.impl.RaftServerImpl.lambda$executeSubmitClientRequestAsync$12(RaftServerImpl.java:905)
	at java.base/java.util.concurrent.CompletableFuture$AsyncSupply.run(CompletableFuture.java:1768)
	... 3 more
Caused by: org.apache.hadoop.hdds.scm.container.common.helpers.ContainerNotOpenException: Container 4 in CLOSED state
	at java.base/jdk.internal.reflect.DirectConstructorHandleAccessor.newInstance(DirectConstructorHandleAccessor.java:62)
	at java.base/java.lang.reflect.Constructor.newInstanceWithCaller(Constructor.java:502)
	at java.base/java.lang.reflect.Constructor.newInstance(Constructor.java:486)
	at org.apache.ratis.util.ReflectionUtils.instantiateException(ReflectionUtils.java:259)
	at org.apache.ratis.client.impl.ClientProtoUtils.toStateMachineException(ClientProtoUtils.java:455)
	at org.apache.ratis.client.impl.ClientProtoUtils.toStateMachineException(ClientProtoUtils.java:441)
	at org.apache.ratis.client.impl.ClientProtoUtils.toRaftClientReply(ClientProtoUtils.java:408)
	at org.apache.ratis.grpc.client.GrpcClientProtocolClient$AsyncStreamObservers$1.onNext(GrpcClientProtocolClient.java:313)
	at org.apache.ratis.grpc.client.GrpcClientProtocolClient$AsyncStreamObservers$1.onNext(GrpcClientProtocolClient.java:308)
	at org.apache.ratis.thirdparty.io.grpc.stub.ClientCalls$StreamObserverToCallListenerAdapter.onMessage(ClientCalls.java:468)
	at org.apache.ratis.thirdparty.io.grpc.ForwardingClientCallListener.onMessage(ForwardingClientCallListener.java:33)
	at org.apache.ratis.thirdparty.io.grpc.internal.DelayedClientCall$DelayedListener.onMessage(DelayedClientCall.java:473)
	at org.apache.ratis.thirdparty.io.grpc.internal.ClientCallImpl$ClientStreamListenerImpl$1MessagesAvailable.runInternal(ClientCallImpl.java:660)
	at org.apache.ratis.thirdparty.io.grpc.internal.ClientCallImpl$ClientStreamListenerImpl$1MessagesAvailable.runInContext(ClientCallImpl.java:647)
	at org.apache.ratis.thirdparty.io.grpc.internal.ContextRunnable.run(ContextRunnable.java:37)
	at org.apache.ratis.thirdparty.io.grpc.internal.SerializingExecutor.run(SerializingExecutor.java:133)
	... 3 more
2025-05-14 02:53:55,197 [pool-170-thread-1] WARN  keyvalue.KeyValueContainer (KeyValueContainer.java:markContainerUnhealthy(394)) - Marked container UNHEALTHY from CLOSED: KeyValueContainerData #4 (UNHEALTHY, non-empty, ri=0, origin=[dn_f8181075-ae63-407a-b17c-78185f7d70dd, pipeline_c28f6734-6a6e-4997-be64-4b591ae0c988])
02:53:55.198 [pool-170-thread-1] ERROR ContainerLog - ID=4 | Index=0 | BCSID=5 | State=UNHEALTHY | Volume=/home/runner/work/ozone/ozone/hadoop-ozone/integration-test/target/test-dir/MiniOzoneClusterImpl-af940217-b311-440f-8e09-352fdf66236b/ozone-meta/datanode-1/data-0/hdds | CORRUPT_CHUNK for file /home/runner/work/ozone/ozone/hadoop-ozone/integration-test/target/test-dir/MiniOzoneClusterImpl-af940217-b311-440f-8e09-352fdf66236b/ozone-meta/datanode-1/data-0/hdds/af940217-b311-440f-8e09-352fdf66236b/current/containerDir0/4/chunks/115816896921600004.block. Message: Inconsistent read for chunk=ChunkInfo{chunkName='115816896921600004_chunk_1, offset=0, len=5} checksum item 0 expected checksum E8 61 E4 30 actual checksum 36 10 A6 86 for block conID: 4 locID: 115816896921600004 bcsId: 5 replicaIndex: null
2025-05-14 02:53:55,198 [grpc-default-executor-2] ERROR impl.OrderedAsync (OrderedAsync.java:lambda$send$4(181)) - Failed to send request, message=cmdType: WriteChunk
traceID: ""
containerID: 4
datanodeUuid: "f8181075-ae63-407a-b17c-78185f7d70dd"
writeChunk {
  blockID {
    containerID: 4
    localID: 115816896921600004
    blockCommitSequenceId: 0
  }
  chunkData {
    chunkName: "115816896921600004.data.0"
    offset: 0
    len: 5
    checksumData {
      type: CRC32
      bytesPerChecksum: 1048576
      checksums: "^\226\216\004"
    }
  }
}
version: 3
, data.size=5
java.util.concurrent.CompletionException: org.apache.ratis.protocol.exceptions.StateMachineException: org.apache.hadoop.hdds.scm.container.common.helpers.ContainerNotOpenException from Server f8181075-ae63-407a-b17c-78185f7d70dd@group-4B591AE0C988: Container 4 in CLOSED state
	at org.apache.ratis.client.impl.RaftClientImpl.handleRaftException(RaftClientImpl.java:373)
	at org.apache.ratis.client.impl.OrderedAsync.lambda$send$3(OrderedAsync.java:175)
	at java.base/java.util.concurrent.CompletableFuture$UniApply.tryFire(CompletableFuture.java:646)
	at java.base/java.util.concurrent.CompletableFuture.postComplete(CompletableFuture.java:510)
	at java.base/java.util.concurrent.CompletableFuture.complete(CompletableFuture.java:2179)
	at org.apache.ratis.client.impl.OrderedAsync$PendingOrderedRequest.setReply(OrderedAsync.java:105)
	at org.apache.ratis.client.impl.OrderedAsync$PendingOrderedRequest.setReply(OrderedAsync.java:66)
	at org.apache.ratis.util.SlidingWindow$RequestMap.setReply(SlidingWindow.java:147)
	at org.apache.ratis.util.SlidingWindow$Client.receiveReply(SlidingWindow.java:351)
	at org.apache.ratis.client.impl.OrderedAsync.lambda$sendRequestWithRetry$5(OrderedAsync.java:210)
	at java.base/java.util.concurrent.CompletableFuture$UniAccept.tryFire(CompletableFuture.java:718)
	at java.base/java.util.concurrent.CompletableFuture.postComplete(CompletableFuture.java:510)
	at java.base/java.util.concurrent.CompletableFuture.complete(CompletableFuture.java:2179)
	at org.apache.ratis.grpc.client.GrpcClientProtocolClient$AsyncStreamObservers$1.lambda$onNext$0(GrpcClientProtocolClient.java:325)
	at java.base/java.util.Optional.ifPresent(Optional.java:178)
	at org.apache.ratis.grpc.client.GrpcClientProtocolClient$AsyncStreamObservers.handleReplyFuture(GrpcClientProtocolClient.java:381)
	at org.apache.ratis.grpc.client.GrpcClientProtocolClient$AsyncStreamObservers.access$100(GrpcClientProtocolClient.java:303)
	at org.apache.ratis.grpc.client.GrpcClientProtocolClient$AsyncStreamObservers$1.onNext(GrpcClientProtocolClient.java:325)
	at org.apache.ratis.grpc.client.GrpcClientProtocolClient$AsyncStreamObservers$1.onNext(GrpcClientProtocolClient.java:308)
	at org.apache.ratis.thirdparty.io.grpc.stub.ClientCalls$StreamObserverToCallListenerAdapter.onMessage(ClientCalls.java:468)
	at org.apache.ratis.thirdparty.io.grpc.ForwardingClientCallListener.onMessage(ForwardingClientCallListener.java:33)
	at org.apache.ratis.thirdparty.io.grpc.internal.DelayedClientCall$DelayedListener.onMessage(DelayedClientCall.java:473)
	at org.apache.ratis.thirdparty.io.grpc.internal.ClientCallImpl$ClientStreamListenerImpl$1MessagesAvailable.runInternal(ClientCallImpl.java:660)
	at org.apache.ratis.thirdparty.io.grpc.internal.ClientCallImpl$ClientStreamListenerImpl$1MessagesAvailable.runInContext(ClientCallImpl.java:647)
	at org.apache.ratis.thirdparty.io.grpc.internal.ContextRunnable.run(ContextRunnable.java:37)
	at org.apache.ratis.thirdparty.io.grpc.internal.SerializingExecutor.run(SerializingExecutor.java:133)
	at java.base/java.util.concurrent.ThreadPoolExecutor.runWorker(ThreadPoolExecutor.java:1144)
	at java.base/java.util.concurrent.ThreadPoolExecutor$Worker.run(ThreadPoolExecutor.java:642)
	at java.base/java.lang.Thread.run(Thread.java:1583)
Caused by: org.apache.ratis.protocol.exceptions.StateMachineException: org.apache.hadoop.hdds.scm.container.common.helpers.ContainerNotOpenException from Server f8181075-ae63-407a-b17c-78185f7d70dd@group-4B591AE0C988: Container 4 in CLOSED state
	at org.apache.hadoop.ozone.container.common.impl.HddsDispatcher.validateContainerCommand(HddsDispatcher.java:565)
	at org.apache.hadoop.ozone.container.common.transport.server.ratis.ContainerStateMachine.startTransaction(ContainerStateMachine.java:488)
	at org.apache.ratis.server.impl.RaftServerImpl.writeAsyncImpl(RaftServerImpl.java:973)
	at org.apache.ratis.server.impl.RaftServerImpl.writeAsync(RaftServerImpl.java:946)
	at org.apache.ratis.server.impl.RaftServerImpl.replyFuture(RaftServerImpl.java:939)
	at org.apache.ratis.server.impl.RaftServerImpl.submitClientRequestAsync(RaftServerImpl.java:916)
	at org.apache.ratis.server.impl.RaftServerImpl.lambda$null$11(RaftServerImpl.java:905)
	at org.apache.ratis.util.JavaUtils.callAsUnchecked(JavaUtils.java:118)
	at org.apache.ratis.server.impl.RaftServerImpl.lambda$executeSubmitClientRequestAsync$12(RaftServerImpl.java:905)
	at java.base/java.util.concurrent.CompletableFuture$AsyncSupply.run(CompletableFuture.java:1768)
	... 3 more
Caused by: org.apache.hadoop.hdds.scm.container.common.helpers.ContainerNotOpenException: Container 4 in CLOSED state
	at java.base/jdk.internal.reflect.DirectConstructorHandleAccessor.newInstance(DirectConstructorHandleAccessor.java:62)
	at java.base/java.lang.reflect.Constructor.newInstanceWithCaller(Constructor.java:502)
	at java.base/java.lang.reflect.Constructor.newInstance(Constructor.java:486)
	at org.apache.ratis.util.ReflectionUtils.instantiateException(ReflectionUtils.java:259)
	at org.apache.ratis.client.impl.ClientProtoUtils.toStateMachineException(ClientProtoUtils.java:455)
	at org.apache.ratis.client.impl.ClientProtoUtils.toStateMachineException(ClientProtoUtils.java:441)
	at org.apache.ratis.client.impl.ClientProtoUtils.toRaftClientReply(ClientProtoUtils.java:408)
	at org.apache.ratis.grpc.client.GrpcClientProtocolClient$AsyncStreamObservers$1.onNext(GrpcClientProtocolClient.java:313)
	at org.apache.ratis.grpc.client.GrpcClientProtocolClient$AsyncStreamObservers$1.onNext(GrpcClientProtocolClient.java:308)
	at org.apache.ratis.thirdparty.io.grpc.stub.ClientCalls$StreamObserverToCallListenerAdapter.onMessage(ClientCalls.java:468)
	at org.apache.ratis.thirdparty.io.grpc.ForwardingClientCallListener.onMessage(ForwardingClientCallListener.java:33)
	at org.apache.ratis.thirdparty.io.grpc.internal.DelayedClientCall$DelayedListener.onMessage(DelayedClientCall.java:473)
	at org.apache.ratis.thirdparty.io.grpc.internal.ClientCallImpl$ClientStreamListenerImpl$1MessagesAvailable.runInternal(ClientCallImpl.java:660)
	at org.apache.ratis.thirdparty.io.grpc.internal.ClientCallImpl$ClientStreamListenerImpl$1MessagesAvailable.runInContext(ClientCallImpl.java:647)
	at org.apache.ratis.thirdparty.io.grpc.internal.ContextRunnable.run(ContextRunnable.java:37)
	at org.apache.ratis.thirdparty.io.grpc.internal.SerializingExecutor.run(SerializingExecutor.java:133)
	... 3 more
02:53:55.199 [f8181075-ae63-407a-b17c-78185f7d70dd-client-thread3] ERROR DNAudit - user=null | ip=null | op=WRITE_CHUNK {blockData=conID: 4 locID: 115816896921600004 bcsId: 0 replicaIndex: null, offset=0, size=5} | ret=FAILURE
org.apache.hadoop.hdds.scm.container.common.helpers.ContainerNotOpenException: Container 4 in UNHEALTHY state
	at org.apache.hadoop.ozone.container.common.impl.HddsDispatcher.validateContainerCommand(HddsDispatcher.java:565) ~[hdds-container-service-2.1.0-SNAPSHOT.jar:?]
	at org.apache.hadoop.ozone.container.common.transport.server.ratis.ContainerStateMachine.startTransaction(ContainerStateMachine.java:488) ~[hdds-container-service-2.1.0-SNAPSHOT.jar:?]
	at org.apache.ratis.server.impl.RaftServerImpl.writeAsyncImpl(RaftServerImpl.java:973) ~[ratis-server-3.1.2.jar:3.1.2]
	at org.apache.ratis.server.impl.RaftServerImpl.writeAsync(RaftServerImpl.java:946) ~[ratis-server-3.1.2.jar:3.1.2]
	at org.apache.ratis.server.impl.RaftServerImpl.replyFuture(RaftServerImpl.java:939) ~[ratis-server-3.1.2.jar:3.1.2]
	at org.apache.ratis.server.impl.RaftServerImpl.submitClientRequestAsync(RaftServerImpl.java:916) ~[ratis-server-3.1.2.jar:3.1.2]
	at org.apache.ratis.server.impl.RaftServerImpl.lambda$null$11(RaftServerImpl.java:905) ~[ratis-server-3.1.2.jar:3.1.2]
	at org.apache.ratis.util.JavaUtils.callAsUnchecked(JavaUtils.java:118) ~[ratis-common-3.1.2.jar:3.1.2]
	at org.apache.ratis.server.impl.RaftServerImpl.lambda$executeSubmitClientRequestAsync$12(RaftServerImpl.java:905) ~[ratis-server-3.1.2.jar:3.1.2]
	at java.base/java.util.concurrent.CompletableFuture$AsyncSupply.run(CompletableFuture.java:1768) ~[?:?]
	at java.base/java.util.concurrent.ThreadPoolExecutor.runWorker(ThreadPoolExecutor.java:1144) ~[?:?]
	at java.base/java.util.concurrent.ThreadPoolExecutor$Worker.run(ThreadPoolExecutor.java:642) ~[?:?]
	at java.base/java.lang.Thread.run(Thread.java:1583) [?:?]
02:53:55.201 [f8181075-ae63-407a-b17c-78185f7d70dd-client-thread3] ERROR DNAudit - user=null | ip=null | op=WRITE_CHUNK {blockData=conID: 4 locID: 115816896921600004 bcsId: 0 replicaIndex: null, offset=0, size=5} | ret=FAILURE
org.apache.hadoop.hdds.scm.container.common.helpers.ContainerNotOpenException: Container 4 in UNHEALTHY state
	at org.apache.hadoop.ozone.container.common.impl.HddsDispatcher.validateContainerCommand(HddsDispatcher.java:565) ~[hdds-container-service-2.1.0-SNAPSHOT.jar:?]
	at org.apache.hadoop.ozone.container.common.transport.server.ratis.ContainerStateMachine.startTransaction(ContainerStateMachine.java:488) ~[hdds-container-service-2.1.0-SNAPSHOT.jar:?]
	at org.apache.ratis.server.impl.RaftServerImpl.writeAsyncImpl(RaftServerImpl.java:973) ~[ratis-server-3.1.2.jar:3.1.2]
	at org.apache.ratis.server.impl.RaftServerImpl.writeAsync(RaftServerImpl.java:946) ~[ratis-server-3.1.2.jar:3.1.2]
	at org.apache.ratis.server.impl.RaftServerImpl.replyFuture(RaftServerImpl.java:939) ~[ratis-server-3.1.2.jar:3.1.2]
	at org.apache.ratis.server.impl.RaftServerImpl.submitClientRequestAsync(RaftServerImpl.java:916) ~[ratis-server-3.1.2.jar:3.1.2]
	at org.apache.ratis.server.impl.RaftServerImpl.lambda$null$11(RaftServerImpl.java:905) ~[ratis-server-3.1.2.jar:3.1.2]
	at org.apache.ratis.util.JavaUtils.callAsUnchecked(JavaUtils.java:118) ~[ratis-common-3.1.2.jar:3.1.2]
	at org.apache.ratis.server.impl.RaftServerImpl.lambda$executeSubmitClientRequestAsync$12(RaftServerImpl.java:905) ~[ratis-server-3.1.2.jar:3.1.2]
	at java.base/java.util.concurrent.CompletableFuture$AsyncSupply.run(CompletableFuture.java:1768) ~[?:?]
	at java.base/java.util.concurrent.ThreadPoolExecutor.runWorker(ThreadPoolExecutor.java:1144) ~[?:?]
	at java.base/java.util.concurrent.ThreadPoolExecutor$Worker.run(ThreadPoolExecutor.java:642) ~[?:?]
	at java.base/java.lang.Thread.run(Thread.java:1583) [?:?]
2025-05-14 02:53:55,202 [grpc-default-executor-2] ERROR impl.OrderedAsync (OrderedAsync.java:lambda$send$4(181)) - Failed to send request, message=cmdType: WriteChunk
traceID: ""
containerID: 4
datanodeUuid: "f8181075-ae63-407a-b17c-78185f7d70dd"
writeChunk {
  blockID {
    containerID: 4
    localID: 115816896921600004
    blockCommitSequenceId: 0
  }
  chunkData {
    chunkName: "115816896921600004.data.0"
    offset: 0
    len: 5
    checksumData {
      type: CRC32
      bytesPerChecksum: 1048576
      checksums: "\242y\235\352"
    }
  }
}
version: 3
, data.size=5
java.util.concurrent.CompletionException: org.apache.ratis.protocol.exceptions.StateMachineException: org.apache.hadoop.hdds.scm.container.common.helpers.ContainerNotOpenException from Server f8181075-ae63-407a-b17c-78185f7d70dd@group-4B591AE0C988: Container 4 in CLOSED state
	at org.apache.ratis.client.impl.RaftClientImpl.handleRaftException(RaftClientImpl.java:373)
	at org.apache.ratis.client.impl.OrderedAsync.lambda$send$3(OrderedAsync.java:175)
	at java.base/java.util.concurrent.CompletableFuture$UniApply.tryFire(CompletableFuture.java:646)
	at java.base/java.util.concurrent.CompletableFuture.postComplete(CompletableFuture.java:510)
	at java.base/java.util.concurrent.CompletableFuture.complete(CompletableFuture.java:2179)
	at org.apache.ratis.client.impl.OrderedAsync$PendingOrderedRequest.setReply(OrderedAsync.java:105)
	at org.apache.ratis.client.impl.OrderedAsync$PendingOrderedRequest.setReply(OrderedAsync.java:66)
	at org.apache.ratis.util.SlidingWindow$RequestMap.setReply(SlidingWindow.java:147)
	at org.apache.ratis.util.SlidingWindow$Client.receiveReply(SlidingWindow.java:351)
	at org.apache.ratis.client.impl.OrderedAsync.lambda$sendRequestWithRetry$5(OrderedAsync.java:210)
	at java.base/java.util.concurrent.CompletableFuture$UniAccept.tryFire(CompletableFuture.java:718)
	at java.base/java.util.concurrent.CompletableFuture.postComplete(CompletableFuture.java:510)
	at java.base/java.util.concurrent.CompletableFuture.complete(CompletableFuture.java:2179)
	at org.apache.ratis.grpc.client.GrpcClientProtocolClient$AsyncStreamObservers$1.lambda$onNext$0(GrpcClientProtocolClient.java:325)
	at java.base/java.util.Optional.ifPresent(Optional.java:178)
	at org.apache.ratis.grpc.client.GrpcClientProtocolClient$AsyncStreamObservers.handleReplyFuture(GrpcClientProtocolClient.java:381)
	at org.apache.ratis.grpc.client.GrpcClientProtocolClient$AsyncStreamObservers.access$100(GrpcClientProtocolClient.java:303)
	at org.apache.ratis.grpc.client.GrpcClientProtocolClient$AsyncStreamObservers$1.onNext(GrpcClientProtocolClient.java:325)
	at org.apache.ratis.grpc.client.GrpcClientProtocolClient$AsyncStreamObservers$1.onNext(GrpcClientProtocolClient.java:308)
	at org.apache.ratis.thirdparty.io.grpc.stub.ClientCalls$StreamObserverToCallListenerAdapter.onMessage(ClientCalls.java:468)
	at org.apache.ratis.thirdparty.io.grpc.ForwardingClientCallListener.onMessage(ForwardingClientCallListener.java:33)
	at org.apache.ratis.thirdparty.io.grpc.internal.DelayedClientCall$DelayedListener.onMessage(DelayedClientCall.java:473)
	at org.apache.ratis.thirdparty.io.grpc.internal.ClientCallImpl$ClientStreamListenerImpl$1MessagesAvailable.runInternal(ClientCallImpl.java:660)
	at org.apache.ratis.thirdparty.io.grpc.internal.ClientCallImpl$ClientStreamListenerImpl$1MessagesAvailable.runInContext(ClientCallImpl.java:647)
	at org.apache.ratis.thirdparty.io.grpc.internal.ContextRunnable.run(ContextRunnable.java:37)
	at org.apache.ratis.thirdparty.io.grpc.internal.SerializingExecutor.run(SerializingExecutor.java:133)
	at java.base/java.util.concurrent.ThreadPoolExecutor.runWorker(ThreadPoolExecutor.java:1144)
	at java.base/java.util.concurrent.ThreadPoolExecutor$Worker.run(ThreadPoolExecutor.java:642)
	at java.base/java.lang.Thread.run(Thread.java:1583)
Caused by: org.apache.ratis.protocol.exceptions.StateMachineException: org.apache.hadoop.hdds.scm.container.common.helpers.ContainerNotOpenException from Server f8181075-ae63-407a-b17c-78185f7d70dd@group-4B591AE0C988: Container 4 in CLOSED state
	at org.apache.hadoop.ozone.container.common.impl.HddsDispatcher.validateContainerCommand(HddsDispatcher.java:565)
	at org.apache.hadoop.ozone.container.common.transport.server.ratis.ContainerStateMachine.startTransaction(ContainerStateMachine.java:488)
	at org.apache.ratis.server.impl.RaftServerImpl.writeAsyncImpl(RaftServerImpl.java:973)
	at org.apache.ratis.server.impl.RaftServerImpl.writeAsync(RaftServerImpl.java:946)
	at org.apache.ratis.server.impl.RaftServerImpl.replyFuture(RaftServerImpl.java:939)
	at org.apache.ratis.server.impl.RaftServerImpl.submitClientRequestAsync(RaftServerImpl.java:916)
	at org.apache.ratis.server.impl.RaftServerImpl.lambda$null$11(RaftServerImpl.java:905)
	at org.apache.ratis.util.JavaUtils.callAsUnchecked(JavaUtils.java:118)
	at org.apache.ratis.server.impl.RaftServerImpl.lambda$executeSubmitClientRequestAsync$12(RaftServerImpl.java:905)
	at java.base/java.util.concurrent.CompletableFuture$AsyncSupply.run(CompletableFuture.java:1768)
	... 3 more
Caused by: org.apache.hadoop.hdds.scm.container.common.helpers.ContainerNotOpenException: Container 4 in CLOSED state
	at java.base/jdk.internal.reflect.DirectConstructorHandleAccessor.newInstance(DirectConstructorHandleAccessor.java:62)
	at java.base/java.lang.reflect.Constructor.newInstanceWithCaller(Constructor.java:502)
	at java.base/java.lang.reflect.Constructor.newInstance(Constructor.java:486)
	at org.apache.ratis.util.ReflectionUtils.instantiateException(ReflectionUtils.java:259)
	at org.apache.ratis.client.impl.ClientProtoUtils.toStateMachineException(ClientProtoUtils.java:455)
	at org.apache.ratis.client.impl.ClientProtoUtils.toStateMachineException(ClientProtoUtils.java:441)
	at org.apache.ratis.client.impl.ClientProtoUtils.toRaftClientReply(ClientProtoUtils.java:408)
	at org.apache.ratis.grpc.client.GrpcClientProtocolClient$AsyncStreamObservers$1.onNext(GrpcClientProtocolClient.java:313)
	at org.apache.ratis.grpc.client.GrpcClientProtocolClient$AsyncStreamObservers$1.onNext(GrpcClientProtocolClient.java:308)
	at org.apache.ratis.thirdparty.io.grpc.stub.ClientCalls$StreamObserverToCallListenerAdapter.onMessage(ClientCalls.java:468)
	at org.apache.ratis.thirdparty.io.grpc.ForwardingClientCallListener.onMessage(ForwardingClientCallListener.java:33)
	at org.apache.ratis.thirdparty.io.grpc.internal.DelayedClientCall$DelayedListener.onMessage(DelayedClientCall.java:473)
	at org.apache.ratis.thirdparty.io.grpc.internal.ClientCallImpl$ClientStreamListenerImpl$1MessagesAvailable.runInternal(ClientCallImpl.java:660)
	at org.apache.ratis.thirdparty.io.grpc.internal.ClientCallImpl$ClientStreamListenerImpl$1MessagesAvailable.runInContext(ClientCallImpl.java:647)
	at org.apache.ratis.thirdparty.io.grpc.internal.ContextRunnable.run(ContextRunnable.java:37)
	at org.apache.ratis.thirdparty.io.grpc.internal.SerializingExecutor.run(SerializingExecutor.java:133)
	... 3 more
02:53:55.202 [f8181075-ae63-407a-b17c-78185f7d70dd-client-thread3] ERROR DNAudit - user=null | ip=null | op=WRITE_CHUNK {blockData=conID: 4 locID: 115816896921600004 bcsId: 0 replicaIndex: null, offset=0, size=5} | ret=FAILURE
org.apache.hadoop.hdds.scm.container.common.helpers.ContainerNotOpenException: Container 4 in UNHEALTHY state
	at org.apache.hadoop.ozone.container.common.impl.HddsDispatcher.validateContainerCommand(HddsDispatcher.java:565) ~[hdds-container-service-2.1.0-SNAPSHOT.jar:?]
	at org.apache.hadoop.ozone.container.common.transport.server.ratis.ContainerStateMachine.startTransaction(ContainerStateMachine.java:488) ~[hdds-container-service-2.1.0-SNAPSHOT.jar:?]
	at org.apache.ratis.server.impl.RaftServerImpl.writeAsyncImpl(RaftServerImpl.java:973) ~[ratis-server-3.1.2.jar:3.1.2]
	at org.apache.ratis.server.impl.RaftServerImpl.writeAsync(RaftServerImpl.java:946) ~[ratis-server-3.1.2.jar:3.1.2]
	at org.apache.ratis.server.impl.RaftServerImpl.replyFuture(RaftServerImpl.java:939) ~[ratis-server-3.1.2.jar:3.1.2]
	at org.apache.ratis.server.impl.RaftServerImpl.submitClientRequestAsync(RaftServerImpl.java:916) ~[ratis-server-3.1.2.jar:3.1.2]
	at org.apache.ratis.server.impl.RaftServerImpl.lambda$null$11(RaftServerImpl.java:905) ~[ratis-server-3.1.2.jar:3.1.2]
	at org.apache.ratis.util.JavaUtils.callAsUnchecked(JavaUtils.java:118) ~[ratis-common-3.1.2.jar:3.1.2]
	at org.apache.ratis.server.impl.RaftServerImpl.lambda$executeSubmitClientRequestAsync$12(RaftServerImpl.java:905) ~[ratis-server-3.1.2.jar:3.1.2]
	at java.base/java.util.concurrent.CompletableFuture$AsyncSupply.run(CompletableFuture.java:1768) ~[?:?]
	at java.base/java.util.concurrent.ThreadPoolExecutor.runWorker(ThreadPoolExecutor.java:1144) ~[?:?]
	at java.base/java.util.concurrent.ThreadPoolExecutor$Worker.run(ThreadPoolExecutor.java:642) ~[?:?]
	at java.base/java.lang.Thread.run(Thread.java:1583) [?:?]
2025-05-14 02:53:55,204 [grpc-default-executor-2] ERROR impl.OrderedAsync (OrderedAsync.java:lambda$send$4(181)) - Failed to send request, message=cmdType: WriteChunk
traceID: ""
containerID: 4
datanodeUuid: "f8181075-ae63-407a-b17c-78185f7d70dd"
writeChunk {
  blockID {
    containerID: 4
    localID: 115816896921600004
    blockCommitSequenceId: 0
  }
  chunkData {
    chunkName: "115816896921600004.data.0"
    offset: 0
    len: 5
    checksumData {
      type: CRC32
      bytesPerChecksum: 1048576
      checksums: "}\2342;"
    }
  }
}
version: 3
, data.size=5
java.util.concurrent.CompletionException: org.apache.ratis.protocol.exceptions.StateMachineException: org.apache.hadoop.hdds.scm.container.common.helpers.ContainerNotOpenException from Server f8181075-ae63-407a-b17c-78185f7d70dd@group-4B591AE0C988: Container 4 in CLOSED state
	at org.apache.ratis.client.impl.RaftClientImpl.handleRaftException(RaftClientImpl.java:373)
	at org.apache.ratis.client.impl.OrderedAsync.lambda$send$3(OrderedAsync.java:175)
	at java.base/java.util.concurrent.CompletableFuture$UniApply.tryFire(CompletableFuture.java:646)
	at java.base/java.util.concurrent.CompletableFuture.postComplete(CompletableFuture.java:510)
	at java.base/java.util.concurrent.CompletableFuture.complete(CompletableFuture.java:2179)
	at org.apache.ratis.client.impl.OrderedAsync$PendingOrderedRequest.setReply(OrderedAsync.java:105)
	at org.apache.ratis.client.impl.OrderedAsync$PendingOrderedRequest.setReply(OrderedAsync.java:66)
	at org.apache.ratis.util.SlidingWindow$RequestMap.setReply(SlidingWindow.java:147)
	at org.apache.ratis.util.SlidingWindow$Client.receiveReply(SlidingWindow.java:351)
	at org.apache.ratis.client.impl.OrderedAsync.lambda$sendRequestWithRetry$5(OrderedAsync.java:210)
	at java.base/java.util.concurrent.CompletableFuture$UniAccept.tryFire(CompletableFuture.java:718)
	at java.base/java.util.concurrent.CompletableFuture.postComplete(CompletableFuture.java:510)
	at java.base/java.util.concurrent.CompletableFuture.complete(CompletableFuture.java:2179)
	at org.apache.ratis.grpc.client.GrpcClientProtocolClient$AsyncStreamObservers$1.lambda$onNext$0(GrpcClientProtocolClient.java:325)
	at java.base/java.util.Optional.ifPresent(Optional.java:178)
	at org.apache.ratis.grpc.client.GrpcClientProtocolClient$AsyncStreamObservers.handleReplyFuture(GrpcClientProtocolClient.java:381)
	at org.apache.ratis.grpc.client.GrpcClientProtocolClient$AsyncStreamObservers.access$100(GrpcClientProtocolClient.java:303)
	at org.apache.ratis.grpc.client.GrpcClientProtocolClient$AsyncStreamObservers$1.onNext(GrpcClientProtocolClient.java:325)
	at org.apache.ratis.grpc.client.GrpcClientProtocolClient$AsyncStreamObservers$1.onNext(GrpcClientProtocolClient.java:308)
	at org.apache.ratis.thirdparty.io.grpc.stub.ClientCalls$StreamObserverToCallListenerAdapter.onMessage(ClientCalls.java:468)
	at org.apache.ratis.thirdparty.io.grpc.ForwardingClientCallListener.onMessage(ForwardingClientCallListener.java:33)
	at org.apache.ratis.thirdparty.io.grpc.internal.DelayedClientCall$DelayedListener.onMessage(DelayedClientCall.java:473)
	at org.apache.ratis.thirdparty.io.grpc.internal.ClientCallImpl$ClientStreamListenerImpl$1MessagesAvailable.runInternal(ClientCallImpl.java:660)
	at org.apache.ratis.thirdparty.io.grpc.internal.ClientCallImpl$ClientStreamListenerImpl$1MessagesAvailable.runInContext(ClientCallImpl.java:647)
	at org.apache.ratis.thirdparty.io.grpc.internal.ContextRunnable.run(ContextRunnable.java:37)
	at org.apache.ratis.thirdparty.io.grpc.internal.SerializingExecutor.run(SerializingExecutor.java:133)
	at java.base/java.util.concurrent.ThreadPoolExecutor.runWorker(ThreadPoolExecutor.java:1144)
	at java.base/java.util.concurrent.ThreadPoolExecutor$Worker.run(ThreadPoolExecutor.java:642)
	at java.base/java.lang.Thread.run(Thread.java:1583)
Caused by: org.apache.ratis.protocol.exceptions.StateMachineException: org.apache.hadoop.hdds.scm.container.common.helpers.ContainerNotOpenException from Server f8181075-ae63-407a-b17c-78185f7d70dd@group-4B591AE0C988: Container 4 in CLOSED state
	at org.apache.hadoop.ozone.container.common.impl.HddsDispatcher.validateContainerCommand(HddsDispatcher.java:565)
	at org.apache.hadoop.ozone.container.common.transport.server.ratis.ContainerStateMachine.startTransaction(ContainerStateMachine.java:488)
	at org.apache.ratis.server.impl.RaftServerImpl.writeAsyncImpl(RaftServerImpl.java:973)
	at org.apache.ratis.server.impl.RaftServerImpl.writeAsync(RaftServerImpl.java:946)
	at org.apache.ratis.server.impl.RaftServerImpl.replyFuture(RaftServerImpl.java:939)
	at org.apache.ratis.server.impl.RaftServerImpl.submitClientRequestAsync(RaftServerImpl.java:916)
	at org.apache.ratis.server.impl.RaftServerImpl.lambda$null$11(RaftServerImpl.java:905)
	at org.apache.ratis.util.JavaUtils.callAsUnchecked(JavaUtils.java:118)
	at org.apache.ratis.server.impl.RaftServerImpl.lambda$executeSubmitClientRequestAsync$12(RaftServerImpl.java:905)
	at java.base/java.util.concurrent.CompletableFuture$AsyncSupply.run(CompletableFuture.java:1768)
	... 3 more
Caused by: org.apache.hadoop.hdds.scm.container.common.helpers.ContainerNotOpenException: Container 4 in CLOSED state
	at java.base/jdk.internal.reflect.DirectConstructorHandleAccessor.newInstance(DirectConstructorHandleAccessor.java:62)
	at java.base/java.lang.reflect.Constructor.newInstanceWithCaller(Constructor.java:502)
	at java.base/java.lang.reflect.Constructor.newInstance(Constructor.java:486)
	at org.apache.ratis.util.ReflectionUtils.instantiateException(ReflectionUtils.java:259)
	at org.apache.ratis.client.impl.ClientProtoUtils.toStateMachineException(ClientProtoUtils.java:455)
	at org.apache.ratis.client.impl.ClientProtoUtils.toStateMachineException(ClientProtoUtils.java:441)
	at org.apache.ratis.client.impl.ClientProtoUtils.toRaftClientReply(ClientProtoUtils.java:408)
	at org.apache.ratis.grpc.client.GrpcClientProtocolClient$AsyncStreamObservers$1.onNext(GrpcClientProtocolClient.java:313)
	at org.apache.ratis.grpc.client.GrpcClientProtocolClient$AsyncStreamObservers$1.onNext(GrpcClientProtocolClient.java:308)
	at org.apache.ratis.thirdparty.io.grpc.stub.ClientCalls$StreamObserverToCallListenerAdapter.onMessage(ClientCalls.java:468)
	at org.apache.ratis.thirdparty.io.grpc.ForwardingClientCallListener.onMessage(ForwardingClientCallListener.java:33)
	at org.apache.ratis.thirdparty.io.grpc.internal.DelayedClientCall$DelayedListener.onMessage(DelayedClientCall.java:473)
	at org.apache.ratis.thirdparty.io.grpc.internal.ClientCallImpl$ClientStreamListenerImpl$1MessagesAvailable.runInternal(ClientCallImpl.java:660)
	at org.apache.ratis.thirdparty.io.grpc.internal.ClientCallImpl$ClientStreamListenerImpl$1MessagesAvailable.runInContext(ClientCallImpl.java:647)
	at org.apache.ratis.thirdparty.io.grpc.internal.ContextRunnable.run(ContextRunnable.java:37)
	at org.apache.ratis.thirdparty.io.grpc.internal.SerializingExecutor.run(SerializingExecutor.java:133)
	... 3 more
02:53:55.205 [f8181075-ae63-407a-b17c-78185f7d70dd-client-thread3] ERROR DNAudit - user=null | ip=null | op=WRITE_CHUNK {blockData=conID: 4 locID: 115816896921600004 bcsId: 0 replicaIndex: null, offset=0, size=5} | ret=FAILURE
org.apache.hadoop.hdds.scm.container.common.helpers.ContainerNotOpenException: Container 4 in UNHEALTHY state
	at org.apache.hadoop.ozone.container.common.impl.HddsDispatcher.validateContainerCommand(HddsDispatcher.java:565) ~[hdds-container-service-2.1.0-SNAPSHOT.jar:?]
	at org.apache.hadoop.ozone.container.common.transport.server.ratis.ContainerStateMachine.startTransaction(ContainerStateMachine.java:488) ~[hdds-container-service-2.1.0-SNAPSHOT.jar:?]
	at org.apache.ratis.server.impl.RaftServerImpl.writeAsyncImpl(RaftServerImpl.java:973) ~[ratis-server-3.1.2.jar:3.1.2]
	at org.apache.ratis.server.impl.RaftServerImpl.writeAsync(RaftServerImpl.java:946) ~[ratis-server-3.1.2.jar:3.1.2]
	at org.apache.ratis.server.impl.RaftServerImpl.replyFuture(RaftServerImpl.java:939) ~[ratis-server-3.1.2.jar:3.1.2]
	at org.apache.ratis.server.impl.RaftServerImpl.submitClientRequestAsync(RaftServerImpl.java:916) ~[ratis-server-3.1.2.jar:3.1.2]
	at org.apache.ratis.server.impl.RaftServerImpl.lambda$null$11(RaftServerImpl.java:905) ~[ratis-server-3.1.2.jar:3.1.2]
	at org.apache.ratis.util.JavaUtils.callAsUnchecked(JavaUtils.java:118) ~[ratis-common-3.1.2.jar:3.1.2]
	at org.apache.ratis.server.impl.RaftServerImpl.lambda$executeSubmitClientRequestAsync$12(RaftServerImpl.java:905) ~[ratis-server-3.1.2.jar:3.1.2]
	at java.base/java.util.concurrent.CompletableFuture$AsyncSupply.run(CompletableFuture.java:1768) ~[?:?]
	at java.base/java.util.concurrent.ThreadPoolExecutor.runWorker(ThreadPoolExecutor.java:1144) ~[?:?]
	at java.base/java.util.concurrent.ThreadPoolExecutor$Worker.run(ThreadPoolExecutor.java:642) ~[?:?]
	at java.base/java.lang.Thread.run(Thread.java:1583) [?:?]
02:53:55.206 [f8181075-ae63-407a-b17c-78185f7d70dd-client-thread3] ERROR DNAudit - user=null | ip=null | op=WRITE_CHUNK {blockData=conID: 4 locID: 115816896921600004 bcsId: 0 replicaIndex: null, offset=0, size=5} | ret=FAILURE
org.apache.hadoop.hdds.scm.container.common.helpers.ContainerNotOpenException: Container 4 in UNHEALTHY state
	at org.apache.hadoop.ozone.container.common.impl.HddsDispatcher.validateContainerCommand(HddsDispatcher.java:565) ~[hdds-container-service-2.1.0-SNAPSHOT.jar:?]
	at org.apache.hadoop.ozone.container.common.transport.server.ratis.ContainerStateMachine.startTransaction(ContainerStateMachine.java:488) ~[hdds-container-service-2.1.0-SNAPSHOT.jar:?]
	at org.apache.ratis.server.impl.RaftServerImpl.writeAsyncImpl(RaftServerImpl.java:973) ~[ratis-server-3.1.2.jar:3.1.2]
	at org.apache.ratis.server.impl.RaftServerImpl.writeAsync(RaftServerImpl.java:946) ~[ratis-server-3.1.2.jar:3.1.2]
	at org.apache.ratis.server.impl.RaftServerImpl.replyFuture(RaftServerImpl.java:939) ~[ratis-server-3.1.2.jar:3.1.2]
	at org.apache.ratis.server.impl.RaftServerImpl.submitClientRequestAsync(RaftServerImpl.java:916) ~[ratis-server-3.1.2.jar:3.1.2]
	at org.apache.ratis.server.impl.RaftServerImpl.lambda$null$11(RaftServerImpl.java:905) ~[ratis-server-3.1.2.jar:3.1.2]
	at org.apache.ratis.util.JavaUtils.callAsUnchecked(JavaUtils.java:118) ~[ratis-common-3.1.2.jar:3.1.2]
	at org.apache.ratis.server.impl.RaftServerImpl.lambda$executeSubmitClientRequestAsync$12(RaftServerImpl.java:905) ~[ratis-server-3.1.2.jar:3.1.2]
	at java.base/java.util.concurrent.CompletableFuture$AsyncSupply.run(CompletableFuture.java:1768) ~[?:?]
	at java.base/java.util.concurrent.ThreadPoolExecutor.runWorker(ThreadPoolExecutor.java:1144) ~[?:?]
	at java.base/java.util.concurrent.ThreadPoolExecutor$Worker.run(ThreadPoolExecutor.java:642) ~[?:?]
	at java.base/java.lang.Thread.run(Thread.java:1583) [?:?]
2025-05-14 02:53:55,207 [grpc-default-executor-2] ERROR impl.OrderedAsync (OrderedAsync.java:lambda$send$4(181)) - Failed to send request, message=cmdType: WriteChunk
traceID: ""
containerID: 4
datanodeUuid: "f8181075-ae63-407a-b17c-78185f7d70dd"
writeChunk {
  blockID {
    containerID: 4
    localID: 115816896921600004
    blockCommitSequenceId: 0
  }
  chunkData {
    chunkName: "115816896921600004.data.0"
    offset: 0
    len: 5
    checksumData {
      type: CRC32
      bytesPerChecksum: 1048576
      checksums: "\227X\325\324"
    }
  }
}
version: 3
, data.size=5
java.util.concurrent.CompletionException: org.apache.ratis.protocol.exceptions.StateMachineException: org.apache.hadoop.hdds.scm.container.common.helpers.ContainerNotOpenException from Server f8181075-ae63-407a-b17c-78185f7d70dd@group-4B591AE0C988: Container 4 in CLOSED state
	at org.apache.ratis.client.impl.RaftClientImpl.handleRaftException(RaftClientImpl.java:373)
	at org.apache.ratis.client.impl.OrderedAsync.lambda$send$3(OrderedAsync.java:175)
	at java.base/java.util.concurrent.CompletableFuture$UniApply.tryFire(CompletableFuture.java:646)
	at java.base/java.util.concurrent.CompletableFuture.postComplete(CompletableFuture.java:510)
	at java.base/java.util.concurrent.CompletableFuture.complete(CompletableFuture.java:2179)
	at org.apache.ratis.client.impl.OrderedAsync$PendingOrderedRequest.setReply(OrderedAsync.java:105)
	at org.apache.ratis.client.impl.OrderedAsync$PendingOrderedRequest.setReply(OrderedAsync.java:66)
	at org.apache.ratis.util.SlidingWindow$RequestMap.setReply(SlidingWindow.java:147)
	at org.apache.ratis.util.SlidingWindow$Client.receiveReply(SlidingWindow.java:351)
	at org.apache.ratis.client.impl.OrderedAsync.lambda$sendRequestWithRetry$5(OrderedAsync.java:210)
	at java.base/java.util.concurrent.CompletableFuture$UniAccept.tryFire(CompletableFuture.java:718)
	at java.base/java.util.concurrent.CompletableFuture.postComplete(CompletableFuture.java:510)
	at java.base/java.util.concurrent.CompletableFuture.complete(CompletableFuture.java:2179)
	at org.apache.ratis.grpc.client.GrpcClientProtocolClient$AsyncStreamObservers$1.lambda$onNext$0(GrpcClientProtocolClient.java:325)
	at java.base/java.util.Optional.ifPresent(Optional.java:178)
	at org.apache.ratis.grpc.client.GrpcClientProtocolClient$AsyncStreamObservers.handleReplyFuture(GrpcClientProtocolClient.java:381)
	at org.apache.ratis.grpc.client.GrpcClientProtocolClient$AsyncStreamObservers.access$100(GrpcClientProtocolClient.java:303)
	at org.apache.ratis.grpc.client.GrpcClientProtocolClient$AsyncStreamObservers$1.onNext(GrpcClientProtocolClient.java:325)
	at org.apache.ratis.grpc.client.GrpcClientProtocolClient$AsyncStreamObservers$1.onNext(GrpcClientProtocolClient.java:308)
	at org.apache.ratis.thirdparty.io.grpc.stub.ClientCalls$StreamObserverToCallListenerAdapter.onMessage(ClientCalls.java:468)
	at org.apache.ratis.thirdparty.io.grpc.ForwardingClientCallListener.onMessage(ForwardingClientCallListener.java:33)
	at org.apache.ratis.thirdparty.io.grpc.internal.DelayedClientCall$DelayedListener.onMessage(DelayedClientCall.java:473)
	at org.apache.ratis.thirdparty.io.grpc.internal.ClientCallImpl$ClientStreamListenerImpl$1MessagesAvailable.runInternal(ClientCallImpl.java:660)
	at org.apache.ratis.thirdparty.io.grpc.internal.ClientCallImpl$ClientStreamListenerImpl$1MessagesAvailable.runInContext(ClientCallImpl.java:647)
	at org.apache.ratis.thirdparty.io.grpc.internal.ContextRunnable.run(ContextRunnable.java:37)
	at org.apache.ratis.thirdparty.io.grpc.internal.SerializingExecutor.run(SerializingExecutor.java:133)
	at java.base/java.util.concurrent.ThreadPoolExecutor.runWorker(ThreadPoolExecutor.java:1144)
	at java.base/java.util.concurrent.ThreadPoolExecutor$Worker.run(ThreadPoolExecutor.java:642)
	at java.base/java.lang.Thread.run(Thread.java:1583)
Caused by: org.apache.ratis.protocol.exceptions.StateMachineException: org.apache.hadoop.hdds.scm.container.common.helpers.ContainerNotOpenException from Server f8181075-ae63-407a-b17c-78185f7d70dd@group-4B591AE0C988: Container 4 in CLOSED state
	at org.apache.hadoop.ozone.container.common.impl.HddsDispatcher.validateContainerCommand(HddsDispatcher.java:565)
	at org.apache.hadoop.ozone.container.common.transport.server.ratis.ContainerStateMachine.startTransaction(ContainerStateMachine.java:488)
	at org.apache.ratis.server.impl.RaftServerImpl.writeAsyncImpl(RaftServerImpl.java:973)
	at org.apache.ratis.server.impl.RaftServerImpl.writeAsync(RaftServerImpl.java:946)
	at org.apache.ratis.server.impl.RaftServerImpl.replyFuture(RaftServerImpl.java:939)
	at org.apache.ratis.server.impl.RaftServerImpl.submitClientRequestAsync(RaftServerImpl.java:916)
	at org.apache.ratis.server.impl.RaftServerImpl.lambda$null$11(RaftServerImpl.java:905)
	at org.apache.ratis.util.JavaUtils.callAsUnchecked(JavaUtils.java:118)
	at org.apache.ratis.server.impl.RaftServerImpl.lambda$executeSubmitClientRequestAsync$12(RaftServerImpl.java:905)
	at java.base/java.util.concurrent.CompletableFuture$AsyncSupply.run(CompletableFuture.java:1768)
	... 3 more
Caused by: org.apache.hadoop.hdds.scm.container.common.helpers.ContainerNotOpenException: Container 4 in CLOSED state
	at java.base/jdk.internal.reflect.DirectConstructorHandleAccessor.newInstance(DirectConstructorHandleAccessor.java:62)
	at java.base/java.lang.reflect.Constructor.newInstanceWithCaller(Constructor.java:502)
	at java.base/java.lang.reflect.Constructor.newInstance(Constructor.java:486)
	at org.apache.ratis.util.ReflectionUtils.instantiateException(ReflectionUtils.java:259)
	at org.apache.ratis.client.impl.ClientProtoUtils.toStateMachineException(ClientProtoUtils.java:455)
	at org.apache.ratis.client.impl.ClientProtoUtils.toStateMachineException(ClientProtoUtils.java:441)
	at org.apache.ratis.client.impl.ClientProtoUtils.toRaftClientReply(ClientProtoUtils.java:408)
	at org.apache.ratis.grpc.client.GrpcClientProtocolClient$AsyncStreamObservers$1.onNext(GrpcClientProtocolClient.java:313)
	at org.apache.ratis.grpc.client.GrpcClientProtocolClient$AsyncStreamObservers$1.onNext(GrpcClientProtocolClient.java:308)
	at org.apache.ratis.thirdparty.io.grpc.stub.ClientCalls$StreamObserverToCallListenerAdapter.onMessage(ClientCalls.java:468)
	at org.apache.ratis.thirdparty.io.grpc.ForwardingClientCallListener.onMessage(ForwardingClientCallListener.java:33)
	at org.apache.ratis.thirdparty.io.grpc.internal.DelayedClientCall$DelayedListener.onMessage(DelayedClientCall.java:473)
	at org.apache.ratis.thirdparty.io.grpc.internal.ClientCallImpl$ClientStreamListenerImpl$1MessagesAvailable.runInternal(ClientCallImpl.java:660)
	at org.apache.ratis.thirdparty.io.grpc.internal.ClientCallImpl$ClientStreamListenerImpl$1MessagesAvailable.runInContext(ClientCallImpl.java:647)
	at org.apache.ratis.thirdparty.io.grpc.internal.ContextRunnable.run(ContextRunnable.java:37)
	at org.apache.ratis.thirdparty.io.grpc.internal.SerializingExecutor.run(SerializingExecutor.java:133)
	... 3 more
2025-05-14 02:53:55,209 [grpc-default-executor-2] ERROR impl.OrderedAsync (OrderedAsync.java:lambda$send$4(181)) - Failed to send request, message=cmdType: WriteChunk
traceID: ""
containerID: 4
datanodeUuid: "f8181075-ae63-407a-b17c-78185f7d70dd"
writeChunk {
  blockID {
    containerID: 4
    localID: 115816896921600004
    blockCommitSequenceId: 0
  }
  chunkData {
    chunkName: "115816896921600004.data.0"
    offset: 0
    len: 5
    checksumData {
      type: CRC32
      bytesPerChecksum: 1048576
      checksums: "\326,\326\204"
    }
  }
}
version: 3
, data.size=5
java.util.concurrent.CompletionException: org.apache.ratis.protocol.exceptions.StateMachineException: org.apache.hadoop.hdds.scm.container.common.helpers.ContainerNotOpenException from Server f8181075-ae63-407a-b17c-78185f7d70dd@group-4B591AE0C988: Container 4 in CLOSED state
	at org.apache.ratis.client.impl.RaftClientImpl.handleRaftException(RaftClientImpl.java:373)
	at org.apache.ratis.client.impl.OrderedAsync.lambda$send$3(OrderedAsync.java:175)
	at java.base/java.util.concurrent.CompletableFuture$UniApply.tryFire(CompletableFuture.java:646)
	at java.base/java.util.concurrent.CompletableFuture.postComplete(CompletableFuture.java:510)
	at java.base/java.util.concurrent.CompletableFuture.complete(CompletableFuture.java:2179)
	at org.apache.ratis.client.impl.OrderedAsync$PendingOrderedRequest.setReply(OrderedAsync.java:105)
	at org.apache.ratis.client.impl.OrderedAsync$PendingOrderedRequest.setReply(OrderedAsync.java:66)
	at org.apache.ratis.util.SlidingWindow$RequestMap.setReply(SlidingWindow.java:147)
	at org.apache.ratis.util.SlidingWindow$Client.receiveReply(SlidingWindow.java:351)
	at org.apache.ratis.client.impl.OrderedAsync.lambda$sendRequestWithRetry$5(OrderedAsync.java:210)
	at java.base/java.util.concurrent.CompletableFuture$UniAccept.tryFire(CompletableFuture.java:718)
	at java.base/java.util.concurrent.CompletableFuture.postComplete(CompletableFuture.java:510)
	at java.base/java.util.concurrent.CompletableFuture.complete(CompletableFuture.java:2179)
	at org.apache.ratis.grpc.client.GrpcClientProtocolClient$AsyncStreamObservers$1.lambda$onNext$0(GrpcClientProtocolClient.java:325)
	at java.base/java.util.Optional.ifPresent(Optional.java:178)
	at org.apache.ratis.grpc.client.GrpcClientProtocolClient$AsyncStreamObservers.handleReplyFuture(GrpcClientProtocolClient.java:381)
	at org.apache.ratis.grpc.client.GrpcClientProtocolClient$AsyncStreamObservers.access$100(GrpcClientProtocolClient.java:303)
	at org.apache.ratis.grpc.client.GrpcClientProtocolClient$AsyncStreamObservers$1.onNext(GrpcClientProtocolClient.java:325)
	at org.apache.ratis.grpc.client.GrpcClientProtocolClient$AsyncStreamObservers$1.onNext(GrpcClientProtocolClient.java:308)
	at org.apache.ratis.thirdparty.io.grpc.stub.ClientCalls$StreamObserverToCallListenerAdapter.onMessage(ClientCalls.java:468)
	at org.apache.ratis.thirdparty.io.grpc.ForwardingClientCallListener.onMessage(ForwardingClientCallListener.java:33)
	at org.apache.ratis.thirdparty.io.grpc.internal.DelayedClientCall$DelayedListener.onMessage(DelayedClientCall.java:473)
	at org.apache.ratis.thirdparty.io.grpc.internal.ClientCallImpl$ClientStreamListenerImpl$1MessagesAvailable.runInternal(ClientCallImpl.java:660)
	at org.apache.ratis.thirdparty.io.grpc.internal.ClientCallImpl$ClientStreamListenerImpl$1MessagesAvailable.runInContext(ClientCallImpl.java:647)
	at org.apache.ratis.thirdparty.io.grpc.internal.ContextRunnable.run(ContextRunnable.java:37)
	at org.apache.ratis.thirdparty.io.grpc.internal.SerializingExecutor.run(SerializingExecutor.java:133)
	at java.base/java.util.concurrent.ThreadPoolExecutor.runWorker(ThreadPoolExecutor.java:1144)
	at java.base/java.util.concurrent.ThreadPoolExecutor$Worker.run(ThreadPoolExecutor.java:642)
	at java.base/java.lang.Thread.run(Thread.java:1583)
Caused by: org.apache.ratis.protocol.exceptions.StateMachineException: org.apache.hadoop.hdds.scm.container.common.helpers.ContainerNotOpenException from Server f8181075-ae63-407a-b17c-78185f7d70dd@group-4B591AE0C988: Container 4 in CLOSED state
	at org.apache.hadoop.ozone.container.common.impl.HddsDispatcher.validateContainerCommand(HddsDispatcher.java:565)
	at org.apache.hadoop.ozone.container.common.transport.server.ratis.ContainerStateMachine.startTransaction(ContainerStateMachine.java:488)
	at org.apache.ratis.server.impl.RaftServerImpl.writeAsyncImpl(RaftServerImpl.java:973)
	at org.apache.ratis.server.impl.RaftServerImpl.writeAsync(RaftServerImpl.java:946)
	at org.apache.ratis.server.impl.RaftServerImpl.replyFuture(RaftServerImpl.java:939)
	at org.apache.ratis.server.impl.RaftServerImpl.submitClientRequestAsync(RaftServerImpl.java:916)
	at org.apache.ratis.server.impl.RaftServerImpl.lambda$null$11(RaftServerImpl.java:905)
	at org.apache.ratis.util.JavaUtils.callAsUnchecked(JavaUtils.java:118)
	at org.apache.ratis.server.impl.RaftServerImpl.lambda$executeSubmitClientRequestAsync$12(RaftServerImpl.java:905)
	at java.base/java.util.concurrent.CompletableFuture$AsyncSupply.run(CompletableFuture.java:1768)
	... 3 more
Caused by: org.apache.hadoop.hdds.scm.container.common.helpers.ContainerNotOpenException: Container 4 in CLOSED state
	at java.base/jdk.internal.reflect.DirectConstructorHandleAccessor.newInstance(DirectConstructorHandleAccessor.java:62)
	at java.base/java.lang.reflect.Constructor.newInstanceWithCaller(Constructor.java:502)
	at java.base/java.lang.reflect.Constructor.newInstance(Constructor.java:486)
	at org.apache.ratis.util.ReflectionUtils.instantiateException(ReflectionUtils.java:259)
	at org.apache.ratis.client.impl.ClientProtoUtils.toStateMachineException(ClientProtoUtils.java:455)
	at org.apache.ratis.client.impl.ClientProtoUtils.toStateMachineException(ClientProtoUtils.java:441)
	at org.apache.ratis.client.impl.ClientProtoUtils.toRaftClientReply(ClientProtoUtils.java:408)
	at org.apache.ratis.grpc.client.GrpcClientProtocolClient$AsyncStreamObservers$1.onNext(GrpcClientProtocolClient.java:313)
	at org.apache.ratis.grpc.client.GrpcClientProtocolClient$AsyncStreamObservers$1.onNext(GrpcClientProtocolClient.java:308)
	at org.apache.ratis.thirdparty.io.grpc.stub.ClientCalls$StreamObserverToCallListenerAdapter.onMessage(ClientCalls.java:468)
	at org.apache.ratis.thirdparty.io.grpc.ForwardingClientCallListener.onMessage(ForwardingClientCallListener.java:33)
	at org.apache.ratis.thirdparty.io.grpc.internal.DelayedClientCall$DelayedListener.onMessage(DelayedClientCall.java:473)
	at org.apache.ratis.thirdparty.io.grpc.internal.ClientCallImpl$ClientStreamListenerImpl$1MessagesAvailable.runInternal(ClientCallImpl.java:660)
	at org.apache.ratis.thirdparty.io.grpc.internal.ClientCallImpl$ClientStreamListenerImpl$1MessagesAvailable.runInContext(ClientCallImpl.java:647)
	at org.apache.ratis.thirdparty.io.grpc.internal.ContextRunnable.run(ContextRunnable.java:37)
	at org.apache.ratis.thirdparty.io.grpc.internal.SerializingExecutor.run(SerializingExecutor.java:133)
	... 3 more
2025-05-14 02:53:55,210 [grpc-default-executor-1] ERROR impl.OrderedAsync (OrderedAsync.java:lambda$send$4(181)) - Failed to send request, message=cmdType: WriteChunk
traceID: ""
containerID: 4
datanodeUuid: "f8181075-ae63-407a-b17c-78185f7d70dd"
writeChunk {
  blockID {
    containerID: 4
    localID: 115816896921600004
    blockCommitSequenceId: 0
  }
  chunkData {
    chunkName: "115816896921600004.data.0"
    offset: 0
    len: 5
    checksumData {
      type: CRC32
      bytesPerChecksum: 1048576
      checksums: "\330q\203\222"
    }
  }
}
version: 3
, data.size=5
java.util.concurrent.CompletionException: org.apache.ratis.protocol.exceptions.StateMachineException: org.apache.hadoop.hdds.scm.container.common.helpers.ContainerNotOpenException from Server f8181075-ae63-407a-b17c-78185f7d70dd@group-4B591AE0C988: Container 4 in CLOSED state
	at org.apache.ratis.client.impl.RaftClientImpl.handleRaftException(RaftClientImpl.java:373)
	at org.apache.ratis.client.impl.OrderedAsync.lambda$send$3(OrderedAsync.java:175)
	at java.base/java.util.concurrent.CompletableFuture$UniApply.tryFire(CompletableFuture.java:646)
	at java.base/java.util.concurrent.CompletableFuture.postComplete(CompletableFuture.java:510)
	at java.base/java.util.concurrent.CompletableFuture.complete(CompletableFuture.java:2179)
	at org.apache.ratis.client.impl.OrderedAsync$PendingOrderedRequest.setReply(OrderedAsync.java:105)
	at org.apache.ratis.client.impl.OrderedAsync$PendingOrderedRequest.setReply(OrderedAsync.java:66)
	at org.apache.ratis.util.SlidingWindow$RequestMap.setReply(SlidingWindow.java:147)
	at org.apache.ratis.util.SlidingWindow$Client.receiveReply(SlidingWindow.java:351)
	at org.apache.ratis.client.impl.OrderedAsync.lambda$sendRequestWithRetry$5(OrderedAsync.java:210)
	at java.base/java.util.concurrent.CompletableFuture$UniAccept.tryFire(CompletableFuture.java:718)
	at java.base/java.util.concurrent.CompletableFuture.postComplete(CompletableFuture.java:510)
	at java.base/java.util.concurrent.CompletableFuture.complete(CompletableFuture.java:2179)
	at org.apache.ratis.grpc.client.GrpcClientProtocolClient$AsyncStreamObservers$1.lambda$onNext$0(GrpcClientProtocolClient.java:325)
	at java.base/java.util.Optional.ifPresent(Optional.java:178)
	at org.apache.ratis.grpc.client.GrpcClientProtocolClient$AsyncStreamObservers.handleReplyFuture(GrpcClientProtocolClient.java:381)
	at org.apache.ratis.grpc.client.GrpcClientProtocolClient$AsyncStreamObservers.access$100(GrpcClientProtocolClient.java:303)
	at org.apache.ratis.grpc.client.GrpcClientProtocolClient$AsyncStreamObservers$1.onNext(GrpcClientProtocolClient.java:325)
	at org.apache.ratis.grpc.client.GrpcClientProtocolClient$AsyncStreamObservers$1.onNext(GrpcClientProtocolClient.java:308)
	at org.apache.ratis.thirdparty.io.grpc.stub.ClientCalls$StreamObserverToCallListenerAdapter.onMessage(ClientCalls.java:468)
	at org.apache.ratis.thirdparty.io.grpc.ForwardingClientCallListener.onMessage(ForwardingClientCallListener.java:33)
	at org.apache.ratis.thirdparty.io.grpc.internal.DelayedClientCall$DelayedListener.onMessage(DelayedClientCall.java:473)
	at org.apache.ratis.thirdparty.io.grpc.internal.ClientCallImpl$ClientStreamListenerImpl$1MessagesAvailable.runInternal(ClientCallImpl.java:660)
	at org.apache.ratis.thirdparty.io.grpc.internal.ClientCallImpl$ClientStreamListenerImpl$1MessagesAvailable.runInContext(ClientCallImpl.java:647)
	at org.apache.ratis.thirdparty.io.grpc.internal.ContextRunnable.run(ContextRunnable.java:37)
	at org.apache.ratis.thirdparty.io.grpc.internal.SerializingExecutor.run(SerializingExecutor.java:133)
	at java.base/java.util.concurrent.ThreadPoolExecutor.runWorker(ThreadPoolExecutor.java:1144)
	at java.base/java.util.concurrent.ThreadPoolExecutor$Worker.run(ThreadPoolExecutor.java:642)
	at java.base/java.lang.Thread.run(Thread.java:1583)
Caused by: org.apache.ratis.protocol.exceptions.StateMachineException: org.apache.hadoop.hdds.scm.container.common.helpers.ContainerNotOpenException from Server f8181075-ae63-407a-b17c-78185f7d70dd@group-4B591AE0C988: Container 4 in CLOSED state
	at org.apache.hadoop.ozone.container.common.impl.HddsDispatcher.validateContainerCommand(HddsDispatcher.java:565)
	at org.apache.hadoop.ozone.container.common.transport.server.ratis.ContainerStateMachine.startTransaction(ContainerStateMachine.java:488)
	at org.apache.ratis.server.impl.RaftServerImpl.writeAsyncImpl(RaftServerImpl.java:973)
	at org.apache.ratis.server.impl.RaftServerImpl.writeAsync(RaftServerImpl.java:946)
	at org.apache.ratis.server.impl.RaftServerImpl.replyFuture(RaftServerImpl.java:939)
	at org.apache.ratis.server.impl.RaftServerImpl.submitClientRequestAsync(RaftServerImpl.java:916)
	at org.apache.ratis.server.impl.RaftServerImpl.lambda$null$11(RaftServerImpl.java:905)
	at org.apache.ratis.util.JavaUtils.callAsUnchecked(JavaUtils.java:118)
	at org.apache.ratis.server.impl.RaftServerImpl.lambda$executeSubmitClientRequestAsync$12(RaftServerImpl.java:905)
	at java.base/java.util.concurrent.CompletableFuture$AsyncSupply.run(CompletableFuture.java:1768)
	... 3 more
Caused by: org.apache.hadoop.hdds.scm.container.common.helpers.ContainerNotOpenException: Container 4 in CLOSED state
	at java.base/jdk.internal.reflect.DirectConstructorHandleAccessor.newInstance(DirectConstructorHandleAccessor.java:62)
	at java.base/java.lang.reflect.Constructor.newInstanceWithCaller(Constructor.java:502)
	at java.base/java.lang.reflect.Constructor.newInstance(Constructor.java:486)
	at org.apache.ratis.util.ReflectionUtils.instantiateException(ReflectionUtils.java:259)
	at org.apache.ratis.client.impl.ClientProtoUtils.toStateMachineException(ClientProtoUtils.java:455)
	at org.apache.ratis.client.impl.ClientProtoUtils.toStateMachineException(ClientProtoUtils.java:441)
	at org.apache.ratis.client.impl.ClientProtoUtils.toRaftClientReply(ClientProtoUtils.java:408)
	at org.apache.ratis.grpc.client.GrpcClientProtocolClient$AsyncStreamObservers$1.onNext(GrpcClientProtocolClient.java:313)
	at org.apache.ratis.grpc.client.GrpcClientProtocolClient$AsyncStreamObservers$1.onNext(GrpcClientProtocolClient.java:308)
	at org.apache.ratis.thirdparty.io.grpc.stub.ClientCalls$StreamObserverToCallListenerAdapter.onMessage(ClientCalls.java:468)
	at org.apache.ratis.thirdparty.io.grpc.ForwardingClientCallListener.onMessage(ForwardingClientCallListener.java:33)
	at org.apache.ratis.thirdparty.io.grpc.internal.DelayedClientCall$DelayedListener.onMessage(DelayedClientCall.java:473)
	at org.apache.ratis.thirdparty.io.grpc.internal.ClientCallImpl$ClientStreamListenerImpl$1MessagesAvailable.runInternal(ClientCallImpl.java:660)
	at org.apache.ratis.thirdparty.io.grpc.internal.ClientCallImpl$ClientStreamListenerImpl$1MessagesAvailable.runInContext(ClientCallImpl.java:647)
	at org.apache.ratis.thirdparty.io.grpc.internal.ContextRunnable.run(ContextRunnable.java:37)
	at org.apache.ratis.thirdparty.io.grpc.internal.SerializingExecutor.run(SerializingExecutor.java:133)
	... 3 more
02:53:55.210 [f8181075-ae63-407a-b17c-78185f7d70dd-client-thread3] ERROR DNAudit - user=null | ip=null | op=WRITE_CHUNK {blockData=conID: 4 locID: 115816896921600004 bcsId: 0 replicaIndex: null, offset=0, size=5} | ret=FAILURE
org.apache.hadoop.hdds.scm.container.common.helpers.ContainerNotOpenException: Container 4 in UNHEALTHY state
	at org.apache.hadoop.ozone.container.common.impl.HddsDispatcher.validateContainerCommand(HddsDispatcher.java:565) ~[hdds-container-service-2.1.0-SNAPSHOT.jar:?]
	at org.apache.hadoop.ozone.container.common.transport.server.ratis.ContainerStateMachine.startTransaction(ContainerStateMachine.java:488) ~[hdds-container-service-2.1.0-SNAPSHOT.jar:?]
	at org.apache.ratis.server.impl.RaftServerImpl.writeAsyncImpl(RaftServerImpl.java:973) ~[ratis-server-3.1.2.jar:3.1.2]
	at org.apache.ratis.server.impl.RaftServerImpl.writeAsync(RaftServerImpl.java:946) ~[ratis-server-3.1.2.jar:3.1.2]
	at org.apache.ratis.server.impl.RaftServerImpl.replyFuture(RaftServerImpl.java:939) ~[ratis-server-3.1.2.jar:3.1.2]
	at org.apache.ratis.server.impl.RaftServerImpl.submitClientRequestAsync(RaftServerImpl.java:916) ~[ratis-server-3.1.2.jar:3.1.2]
	at org.apache.ratis.server.impl.RaftServerImpl.lambda$null$11(RaftServerImpl.java:905) ~[ratis-server-3.1.2.jar:3.1.2]
	at org.apache.ratis.util.JavaUtils.callAsUnchecked(JavaUtils.java:118) ~[ratis-common-3.1.2.jar:3.1.2]
	at org.apache.ratis.server.impl.RaftServerImpl.lambda$executeSubmitClientRequestAsync$12(RaftServerImpl.java:905) ~[ratis-server-3.1.2.jar:3.1.2]
	at java.base/java.util.concurrent.CompletableFuture$AsyncSupply.run(CompletableFuture.java:1768) ~[?:?]
	at java.base/java.util.concurrent.ThreadPoolExecutor.runWorker(ThreadPoolExecutor.java:1144) ~[?:?]
	at java.base/java.util.concurrent.ThreadPoolExecutor$Worker.run(ThreadPoolExecutor.java:642) ~[?:?]
	at java.base/java.lang.Thread.run(Thread.java:1583) [?:?]
02:53:55.211 [f8181075-ae63-407a-b17c-78185f7d70dd-client-thread1] ERROR DNAudit - user=null | ip=null | op=WRITE_CHUNK {blockData=conID: 4 locID: 115816896921600004 bcsId: 0 replicaIndex: null, offset=0, size=5} | ret=FAILURE
org.apache.hadoop.hdds.scm.container.common.helpers.ContainerNotOpenException: Container 4 in UNHEALTHY state
	at org.apache.hadoop.ozone.container.common.impl.HddsDispatcher.validateContainerCommand(HddsDispatcher.java:565) ~[hdds-container-service-2.1.0-SNAPSHOT.jar:?]
	at org.apache.hadoop.ozone.container.common.transport.server.ratis.ContainerStateMachine.startTransaction(ContainerStateMachine.java:488) ~[hdds-container-service-2.1.0-SNAPSHOT.jar:?]
	at org.apache.ratis.server.impl.RaftServerImpl.writeAsyncImpl(RaftServerImpl.java:973) ~[ratis-server-3.1.2.jar:3.1.2]
	at org.apache.ratis.server.impl.RaftServerImpl.writeAsync(RaftServerImpl.java:946) ~[ratis-server-3.1.2.jar:3.1.2]
	at org.apache.ratis.server.impl.RaftServerImpl.replyFuture(RaftServerImpl.java:939) ~[ratis-server-3.1.2.jar:3.1.2]
	at org.apache.ratis.server.impl.RaftServerImpl.submitClientRequestAsync(RaftServerImpl.java:916) ~[ratis-server-3.1.2.jar:3.1.2]
	at org.apache.ratis.server.impl.RaftServerImpl.lambda$null$11(RaftServerImpl.java:905) ~[ratis-server-3.1.2.jar:3.1.2]
	at org.apache.ratis.util.JavaUtils.callAsUnchecked(JavaUtils.java:118) ~[ratis-common-3.1.2.jar:3.1.2]
	at org.apache.ratis.server.impl.RaftServerImpl.lambda$executeSubmitClientRequestAsync$12(RaftServerImpl.java:905) ~[ratis-server-3.1.2.jar:3.1.2]
	at java.base/java.util.concurrent.CompletableFuture$AsyncSupply.run(CompletableFuture.java:1768) ~[?:?]
	at java.base/java.util.concurrent.ThreadPoolExecutor.runWorker(ThreadPoolExecutor.java:1144) ~[?:?]
	at java.base/java.util.concurrent.ThreadPoolExecutor$Worker.run(ThreadPoolExecutor.java:642) ~[?:?]
	at java.base/java.lang.Thread.run(Thread.java:1583) [?:?]
02:53:55.214 [f8181075-ae63-407a-b17c-78185f7d70dd-client-thread1] ERROR DNAudit - user=null | ip=null | op=WRITE_CHUNK {blockData=conID: 4 locID: 115816896921600004 bcsId: 0 replicaIndex: null, offset=0, size=5} | ret=FAILURE
org.apache.hadoop.hdds.scm.container.common.helpers.ContainerNotOpenException: Container 4 in UNHEALTHY state
	at org.apache.hadoop.ozone.container.common.impl.HddsDispatcher.validateContainerCommand(HddsDispatcher.java:565) ~[hdds-container-service-2.1.0-SNAPSHOT.jar:?]
	at org.apache.hadoop.ozone.container.common.transport.server.ratis.ContainerStateMachine.startTransaction(ContainerStateMachine.java:488) ~[hdds-container-service-2.1.0-SNAPSHOT.jar:?]
	at org.apache.ratis.server.impl.RaftServerImpl.writeAsyncImpl(RaftServerImpl.java:973) ~[ratis-server-3.1.2.jar:3.1.2]
	at org.apache.ratis.server.impl.RaftServerImpl.writeAsync(RaftServerImpl.java:946) ~[ratis-server-3.1.2.jar:3.1.2]
	at org.apache.ratis.server.impl.RaftServerImpl.replyFuture(RaftServerImpl.java:939) ~[ratis-server-3.1.2.jar:3.1.2]
	at org.apache.ratis.server.impl.RaftServerImpl.submitClientRequestAsync(RaftServerImpl.java:916) ~[ratis-server-3.1.2.jar:3.1.2]
	at org.apache.ratis.server.impl.RaftServerImpl.lambda$null$11(RaftServerImpl.java:905) ~[ratis-server-3.1.2.jar:3.1.2]
	at org.apache.ratis.util.JavaUtils.callAsUnchecked(JavaUtils.java:118) ~[ratis-common-3.1.2.jar:3.1.2]
	at org.apache.ratis.server.impl.RaftServerImpl.lambda$executeSubmitClientRequestAsync$12(RaftServerImpl.java:905) ~[ratis-server-3.1.2.jar:3.1.2]
	at java.base/java.util.concurrent.CompletableFuture$AsyncSupply.run(CompletableFuture.java:1768) ~[?:?]
	at java.base/java.util.concurrent.ThreadPoolExecutor.runWorker(ThreadPoolExecutor.java:1144) ~[?:?]
	at java.base/java.util.concurrent.ThreadPoolExecutor$Worker.run(ThreadPoolExecutor.java:642) ~[?:?]
	at java.base/java.lang.Thread.run(Thread.java:1583) [?:?]
2025-05-14 02:53:55,215 [grpc-default-executor-1] ERROR impl.OrderedAsync (OrderedAsync.java:lambda$send$4(181)) - Failed to send request, message=cmdType: WriteChunk
traceID: ""
containerID: 4
datanodeUuid: "f8181075-ae63-407a-b17c-78185f7d70dd"
writeChunk {
  blockID {
    containerID: 4
    localID: 115816896921600004
    blockCommitSequenceId: 0
  }
  chunkData {
    chunkName: "115816896921600004.data.0"
    offset: 0
    len: 5
    checksumData {
      type: CRC32
      bytesPerChecksum: 1048576
      checksums: "\"\304<@"
    }
  }
}
version: 3
, data.size=5
java.util.concurrent.CompletionException: org.apache.ratis.protocol.exceptions.StateMachineException: org.apache.hadoop.hdds.scm.container.common.helpers.ContainerNotOpenException from Server f8181075-ae63-407a-b17c-78185f7d70dd@group-4B591AE0C988: Container 4 in CLOSED state
	at org.apache.ratis.client.impl.RaftClientImpl.handleRaftException(RaftClientImpl.java:373)
	at org.apache.ratis.client.impl.OrderedAsync.lambda$send$3(OrderedAsync.java:175)
	at java.base/java.util.concurrent.CompletableFuture$UniApply.tryFire(CompletableFuture.java:646)
	at java.base/java.util.concurrent.CompletableFuture.postComplete(CompletableFuture.java:510)
	at java.base/java.util.concurrent.CompletableFuture.complete(CompletableFuture.java:2179)
	at org.apache.ratis.client.impl.OrderedAsync$PendingOrderedRequest.setReply(OrderedAsync.java:105)
	at org.apache.ratis.client.impl.OrderedAsync$PendingOrderedRequest.setReply(OrderedAsync.java:66)
	at org.apache.ratis.util.SlidingWindow$RequestMap.setReply(SlidingWindow.java:147)
	at org.apache.ratis.util.SlidingWindow$Client.receiveReply(SlidingWindow.java:351)
	at org.apache.ratis.client.impl.OrderedAsync.lambda$sendRequestWithRetry$5(OrderedAsync.java:210)
	at java.base/java.util.concurrent.CompletableFuture$UniAccept.tryFire(CompletableFuture.java:718)
	at java.base/java.util.concurrent.CompletableFuture.postComplete(CompletableFuture.java:510)
	at java.base/java.util.concurrent.CompletableFuture.complete(CompletableFuture.java:2179)
	at org.apache.ratis.grpc.client.GrpcClientProtocolClient$AsyncStreamObservers$1.lambda$onNext$0(GrpcClientProtocolClient.java:325)
	at java.base/java.util.Optional.ifPresent(Optional.java:178)
	at org.apache.ratis.grpc.client.GrpcClientProtocolClient$AsyncStreamObservers.handleReplyFuture(GrpcClientProtocolClient.java:381)
	at org.apache.ratis.grpc.client.GrpcClientProtocolClient$AsyncStreamObservers.access$100(GrpcClientProtocolClient.java:303)
	at org.apache.ratis.grpc.client.GrpcClientProtocolClient$AsyncStreamObservers$1.onNext(GrpcClientProtocolClient.java:325)
	at org.apache.ratis.grpc.client.GrpcClientProtocolClient$AsyncStreamObservers$1.onNext(GrpcClientProtocolClient.java:308)
	at org.apache.ratis.thirdparty.io.grpc.stub.ClientCalls$StreamObserverToCallListenerAdapter.onMessage(ClientCalls.java:468)
	at org.apache.ratis.thirdparty.io.grpc.ForwardingClientCallListener.onMessage(ForwardingClientCallListener.java:33)
	at org.apache.ratis.thirdparty.io.grpc.internal.DelayedClientCall$DelayedListener.onMessage(DelayedClientCall.java:473)
	at org.apache.ratis.thirdparty.io.grpc.internal.ClientCallImpl$ClientStreamListenerImpl$1MessagesAvailable.runInternal(ClientCallImpl.java:660)
	at org.apache.ratis.thirdparty.io.grpc.internal.ClientCallImpl$ClientStreamListenerImpl$1MessagesAvailable.runInContext(ClientCallImpl.java:647)
	at org.apache.ratis.thirdparty.io.grpc.internal.ContextRunnable.run(ContextRunnable.java:37)
	at org.apache.ratis.thirdparty.io.grpc.internal.SerializingExecutor.run(SerializingExecutor.java:133)
	at java.base/java.util.concurrent.ThreadPoolExecutor.runWorker(ThreadPoolExecutor.java:1144)
	at java.base/java.util.concurrent.ThreadPoolExecutor$Worker.run(ThreadPoolExecutor.java:642)
	at java.base/java.lang.Thread.run(Thread.java:1583)
Caused by: org.apache.ratis.protocol.exceptions.StateMachineException: org.apache.hadoop.hdds.scm.container.common.helpers.ContainerNotOpenException from Server f8181075-ae63-407a-b17c-78185f7d70dd@group-4B591AE0C988: Container 4 in CLOSED state
	at org.apache.hadoop.ozone.container.common.impl.HddsDispatcher.validateContainerCommand(HddsDispatcher.java:565)
	at org.apache.hadoop.ozone.container.common.transport.server.ratis.ContainerStateMachine.startTransaction(ContainerStateMachine.java:488)
	at org.apache.ratis.server.impl.RaftServerImpl.writeAsyncImpl(RaftServerImpl.java:973)
	at org.apache.ratis.server.impl.RaftServerImpl.writeAsync(RaftServerImpl.java:946)
	at org.apache.ratis.server.impl.RaftServerImpl.replyFuture(RaftServerImpl.java:939)
	at org.apache.ratis.server.impl.RaftServerImpl.submitClientRequestAsync(RaftServerImpl.java:916)
	at org.apache.ratis.server.impl.RaftServerImpl.lambda$null$11(RaftServerImpl.java:905)
	at org.apache.ratis.util.JavaUtils.callAsUnchecked(JavaUtils.java:118)
	at org.apache.ratis.server.impl.RaftServerImpl.lambda$executeSubmitClientRequestAsync$12(RaftServerImpl.java:905)
	at java.base/java.util.concurrent.CompletableFuture$AsyncSupply.run(CompletableFuture.java:1768)
	... 3 more
Caused by: org.apache.hadoop.hdds.scm.container.common.helpers.ContainerNotOpenException: Container 4 in CLOSED state
	at java.base/jdk.internal.reflect.DirectConstructorHandleAccessor.newInstance(DirectConstructorHandleAccessor.java:62)
	at java.base/java.lang.reflect.Constructor.newInstanceWithCaller(Constructor.java:502)
	at java.base/java.lang.reflect.Constructor.newInstance(Constructor.java:486)
	at org.apache.ratis.util.ReflectionUtils.instantiateException(ReflectionUtils.java:259)
	at org.apache.ratis.client.impl.ClientProtoUtils.toStateMachineException(ClientProtoUtils.java:455)
	at org.apache.ratis.client.impl.ClientProtoUtils.toStateMachineException(ClientProtoUtils.java:441)
	at org.apache.ratis.client.impl.ClientProtoUtils.toRaftClientReply(ClientProtoUtils.java:408)
	at org.apache.ratis.grpc.client.GrpcClientProtocolClient$AsyncStreamObservers$1.onNext(GrpcClientProtocolClient.java:313)
	at org.apache.ratis.grpc.client.GrpcClientProtocolClient$AsyncStreamObservers$1.onNext(GrpcClientProtocolClient.java:308)
	at org.apache.ratis.thirdparty.io.grpc.stub.ClientCalls$StreamObserverToCallListenerAdapter.onMessage(ClientCalls.java:468)
	at org.apache.ratis.thirdparty.io.grpc.ForwardingClientCallListener.onMessage(ForwardingClientCallListener.java:33)
	at org.apache.ratis.thirdparty.io.grpc.internal.DelayedClientCall$DelayedListener.onMessage(DelayedClientCall.java:473)
	at org.apache.ratis.thirdparty.io.grpc.internal.ClientCallImpl$ClientStreamListenerImpl$1MessagesAvailable.runInternal(ClientCallImpl.java:660)
	at org.apache.ratis.thirdparty.io.grpc.internal.ClientCallImpl$ClientStreamListenerImpl$1MessagesAvailable.runInContext(ClientCallImpl.java:647)
	at org.apache.ratis.thirdparty.io.grpc.internal.ContextRunnable.run(ContextRunnable.java:37)
	at org.apache.ratis.thirdparty.io.grpc.internal.SerializingExecutor.run(SerializingExecutor.java:133)
	... 3 more
2025-05-14 02:53:55,216 [grpc-default-executor-2] ERROR impl.OrderedAsync (OrderedAsync.java:lambda$send$4(181)) - Failed to send request, message=cmdType: WriteChunk
traceID: ""
containerID: 4
datanodeUuid: "f8181075-ae63-407a-b17c-78185f7d70dd"
writeChunk {
  blockID {
    containerID: 4
    localID: 115816896921600004
    blockCommitSequenceId: 0
  }
  chunkData {
    chunkName: "115816896921600004.data.0"
    offset: 0
    len: 5
    checksumData {
      type: CRC32
      bytesPerChecksum: 1048576
      checksums: "\300\364@&"
    }
  }
}
version: 3
, data.size=5
java.util.concurrent.CompletionException: org.apache.ratis.protocol.exceptions.StateMachineException: org.apache.hadoop.hdds.scm.container.common.helpers.ContainerNotOpenException from Server f8181075-ae63-407a-b17c-78185f7d70dd@group-4B591AE0C988: Container 4 in CLOSED state
	at org.apache.ratis.client.impl.RaftClientImpl.handleRaftException(RaftClientImpl.java:373)
	at org.apache.ratis.client.impl.OrderedAsync.lambda$send$3(OrderedAsync.java:175)
	at java.base/java.util.concurrent.CompletableFuture$UniApply.tryFire(CompletableFuture.java:646)
	at java.base/java.util.concurrent.CompletableFuture.postComplete(CompletableFuture.java:510)
	at java.base/java.util.concurrent.CompletableFuture.complete(CompletableFuture.java:2179)
	at org.apache.ratis.client.impl.OrderedAsync$PendingOrderedRequest.setReply(OrderedAsync.java:105)
	at org.apache.ratis.client.impl.OrderedAsync$PendingOrderedRequest.setReply(OrderedAsync.java:66)
	at org.apache.ratis.util.SlidingWindow$RequestMap.setReply(SlidingWindow.java:147)
	at org.apache.ratis.util.SlidingWindow$Client.receiveReply(SlidingWindow.java:351)
	at org.apache.ratis.client.impl.OrderedAsync.lambda$sendRequestWithRetry$5(OrderedAsync.java:210)
	at java.base/java.util.concurrent.CompletableFuture$UniAccept.tryFire(CompletableFuture.java:718)
	at java.base/java.util.concurrent.CompletableFuture.postComplete(CompletableFuture.java:510)
	at java.base/java.util.concurrent.CompletableFuture.complete(CompletableFuture.java:2179)
	at org.apache.ratis.grpc.client.GrpcClientProtocolClient$AsyncStreamObservers$1.lambda$onNext$0(GrpcClientProtocolClient.java:325)
	at java.base/java.util.Optional.ifPresent(Optional.java:178)
	at org.apache.ratis.grpc.client.GrpcClientProtocolClient$AsyncStreamObservers.handleReplyFuture(GrpcClientProtocolClient.java:381)
	at org.apache.ratis.grpc.client.GrpcClientProtocolClient$AsyncStreamObservers.access$100(GrpcClientProtocolClient.java:303)
	at org.apache.ratis.grpc.client.GrpcClientProtocolClient$AsyncStreamObservers$1.onNext(GrpcClientProtocolClient.java:325)
	at org.apache.ratis.grpc.client.GrpcClientProtocolClient$AsyncStreamObservers$1.onNext(GrpcClientProtocolClient.java:308)
	at org.apache.ratis.thirdparty.io.grpc.stub.ClientCalls$StreamObserverToCallListenerAdapter.onMessage(ClientCalls.java:468)
	at org.apache.ratis.thirdparty.io.grpc.ForwardingClientCallListener.onMessage(ForwardingClientCallListener.java:33)
	at org.apache.ratis.thirdparty.io.grpc.internal.DelayedClientCall$DelayedListener.onMessage(DelayedClientCall.java:473)
	at org.apache.ratis.thirdparty.io.grpc.internal.ClientCallImpl$ClientStreamListenerImpl$1MessagesAvailable.runInternal(ClientCallImpl.java:660)
	at org.apache.ratis.thirdparty.io.grpc.internal.ClientCallImpl$ClientStreamListenerImpl$1MessagesAvailable.runInContext(ClientCallImpl.java:647)
	at org.apache.ratis.thirdparty.io.grpc.internal.ContextRunnable.run(ContextRunnable.java:37)
	at org.apache.ratis.thirdparty.io.grpc.internal.SerializingExecutor.run(SerializingExecutor.java:133)
	at java.base/java.util.concurrent.ThreadPoolExecutor.runWorker(ThreadPoolExecutor.java:1144)
	at java.base/java.util.concurrent.ThreadPoolExecutor$Worker.run(ThreadPoolExecutor.java:642)
	at java.base/java.lang.Thread.run(Thread.java:1583)
Caused by: org.apache.ratis.protocol.exceptions.StateMachineException: org.apache.hadoop.hdds.scm.container.common.helpers.ContainerNotOpenException from Server f8181075-ae63-407a-b17c-78185f7d70dd@group-4B591AE0C988: Container 4 in CLOSED state
	at org.apache.hadoop.ozone.container.common.impl.HddsDispatcher.validateContainerCommand(HddsDispatcher.java:565)
	at org.apache.hadoop.ozone.container.common.transport.server.ratis.ContainerStateMachine.startTransaction(ContainerStateMachine.java:488)
	at org.apache.ratis.server.impl.RaftServerImpl.writeAsyncImpl(RaftServerImpl.java:973)
	at org.apache.ratis.server.impl.RaftServerImpl.writeAsync(RaftServerImpl.java:946)
	at org.apache.ratis.server.impl.RaftServerImpl.replyFuture(RaftServerImpl.java:939)
	at org.apache.ratis.server.impl.RaftServerImpl.submitClientRequestAsync(RaftServerImpl.java:916)
	at org.apache.ratis.server.impl.RaftServerImpl.lambda$null$11(RaftServerImpl.java:905)
	at org.apache.ratis.util.JavaUtils.callAsUnchecked(JavaUtils.java:118)
	at org.apache.ratis.server.impl.RaftServerImpl.lambda$executeSubmitClientRequestAsync$12(RaftServerImpl.java:905)
	at java.base/java.util.concurrent.CompletableFuture$AsyncSupply.run(CompletableFuture.java:1768)
	... 3 more
Caused by: org.apache.hadoop.hdds.scm.container.common.helpers.ContainerNotOpenException: Container 4 in CLOSED state
	at java.base/jdk.internal.reflect.DirectConstructorHandleAccessor.newInstance(DirectConstructorHandleAccessor.java:62)
	at java.base/java.lang.reflect.Constructor.newInstanceWithCaller(Constructor.java:502)
	at java.base/java.lang.reflect.Constructor.newInstance(Constructor.java:486)
	at org.apache.ratis.util.ReflectionUtils.instantiateException(ReflectionUtils.java:259)
	at org.apache.ratis.client.impl.ClientProtoUtils.toStateMachineException(ClientProtoUtils.java:455)
	at org.apache.ratis.client.impl.ClientProtoUtils.toStateMachineException(ClientProtoUtils.java:441)
	at org.apache.ratis.client.impl.ClientProtoUtils.toRaftClientReply(ClientProtoUtils.java:408)
	at org.apache.ratis.grpc.client.GrpcClientProtocolClient$AsyncStreamObservers$1.onNext(GrpcClientProtocolClient.java:313)
	at org.apache.ratis.grpc.client.GrpcClientProtocolClient$AsyncStreamObservers$1.onNext(GrpcClientProtocolClient.java:308)
	at org.apache.ratis.thirdparty.io.grpc.stub.ClientCalls$StreamObserverToCallListenerAdapter.onMessage(ClientCalls.java:468)
	at org.apache.ratis.thirdparty.io.grpc.ForwardingClientCallListener.onMessage(ForwardingClientCallListener.java:33)
	at org.apache.ratis.thirdparty.io.grpc.internal.DelayedClientCall$DelayedListener.onMessage(DelayedClientCall.java:473)
	at org.apache.ratis.thirdparty.io.grpc.internal.ClientCallImpl$ClientStreamListenerImpl$1MessagesAvailable.runInternal(ClientCallImpl.java:660)
	at org.apache.ratis.thirdparty.io.grpc.internal.ClientCallImpl$ClientStreamListenerImpl$1MessagesAvailable.runInContext(ClientCallImpl.java:647)
	at org.apache.ratis.thirdparty.io.grpc.internal.ContextRunnable.run(ContextRunnable.java:37)
	at org.apache.ratis.thirdparty.io.grpc.internal.SerializingExecutor.run(SerializingExecutor.java:133)
	... 3 more
2025-05-14 02:53:55,217 [grpc-default-executor-2] ERROR impl.OrderedAsync (OrderedAsync.java:lambda$send$4(181)) - Failed to send request, message=cmdType: WriteChunk
traceID: ""
containerID: 4
datanodeUuid: "f8181075-ae63-407a-b17c-78185f7d70dd"
writeChunk {
  blockID {
    containerID: 4
    localID: 115816896921600004
    blockCommitSequenceId: 0
  }
  chunkData {
    chunkName: "115816896921600004.data.0"
    offset: 0
    len: 5
    checksumData {
      type: CRC32
      bytesPerChecksum: 1048576
      checksums: "3g\261\036"
    }
  }
}
version: 3
, data.size=5
java.util.concurrent.CompletionException: org.apache.ratis.protocol.exceptions.StateMachineException: org.apache.hadoop.hdds.scm.container.common.helpers.ContainerNotOpenException from Server f8181075-ae63-407a-b17c-78185f7d70dd@group-4B591AE0C988: Container 4 in CLOSED state
	at org.apache.ratis.client.impl.RaftClientImpl.handleRaftException(RaftClientImpl.java:373)
	at org.apache.ratis.client.impl.OrderedAsync.lambda$send$3(OrderedAsync.java:175)
	at java.base/java.util.concurrent.CompletableFuture$UniApply.tryFire(CompletableFuture.java:646)
	at java.base/java.util.concurrent.CompletableFuture.postComplete(CompletableFuture.java:510)
	at java.base/java.util.concurrent.CompletableFuture.complete(CompletableFuture.java:2179)
	at org.apache.ratis.client.impl.OrderedAsync$PendingOrderedRequest.setReply(OrderedAsync.java:105)
	at org.apache.ratis.client.impl.OrderedAsync$PendingOrderedRequest.setReply(OrderedAsync.java:66)
	at org.apache.ratis.util.SlidingWindow$RequestMap.setReply(SlidingWindow.java:147)
	at org.apache.ratis.util.SlidingWindow$Client.receiveReply(SlidingWindow.java:351)
	at org.apache.ratis.client.impl.OrderedAsync.lambda$sendRequestWithRetry$5(OrderedAsync.java:210)
	at java.base/java.util.concurrent.CompletableFuture$UniAccept.tryFire(CompletableFuture.java:718)
	at java.base/java.util.concurrent.CompletableFuture.postComplete(CompletableFuture.java:510)
	at java.base/java.util.concurrent.CompletableFuture.complete(CompletableFuture.java:2179)
	at org.apache.ratis.grpc.client.GrpcClientProtocolClient$AsyncStreamObservers$1.lambda$onNext$0(GrpcClientProtocolClient.java:325)
	at java.base/java.util.Optional.ifPresent(Optional.java:178)
	at org.apache.ratis.grpc.client.GrpcClientProtocolClient$AsyncStreamObservers.handleReplyFuture(GrpcClientProtocolClient.java:381)
	at org.apache.ratis.grpc.client.GrpcClientProtocolClient$AsyncStreamObservers.access$100(GrpcClientProtocolClient.java:303)
	at org.apache.ratis.grpc.client.GrpcClientProtocolClient$AsyncStreamObservers$1.onNext(GrpcClientProtocolClient.java:325)
	at org.apache.ratis.grpc.client.GrpcClientProtocolClient$AsyncStreamObservers$1.onNext(GrpcClientProtocolClient.java:308)
	at org.apache.ratis.thirdparty.io.grpc.stub.ClientCalls$StreamObserverToCallListenerAdapter.onMessage(ClientCalls.java:468)
	at org.apache.ratis.thirdparty.io.grpc.ForwardingClientCallListener.onMessage(ForwardingClientCallListener.java:33)
	at org.apache.ratis.thirdparty.io.grpc.internal.DelayedClientCall$DelayedListener.onMessage(DelayedClientCall.java:473)
	at org.apache.ratis.thirdparty.io.grpc.internal.ClientCallImpl$ClientStreamListenerImpl$1MessagesAvailable.runInternal(ClientCallImpl.java:660)
	at org.apache.ratis.thirdparty.io.grpc.internal.ClientCallImpl$ClientStreamListenerImpl$1MessagesAvailable.runInContext(ClientCallImpl.java:647)
	at org.apache.ratis.thirdparty.io.grpc.internal.ContextRunnable.run(ContextRunnable.java:37)
	at org.apache.ratis.thirdparty.io.grpc.internal.SerializingExecutor.run(SerializingExecutor.java:133)
	at java.base/java.util.concurrent.ThreadPoolExecutor.runWorker(ThreadPoolExecutor.java:1144)
	at java.base/java.util.concurrent.ThreadPoolExecutor$Worker.run(ThreadPoolExecutor.java:642)
	at java.base/java.lang.Thread.run(Thread.java:1583)
Caused by: org.apache.ratis.protocol.exceptions.StateMachineException: org.apache.hadoop.hdds.scm.container.common.helpers.ContainerNotOpenException from Server f8181075-ae63-407a-b17c-78185f7d70dd@group-4B591AE0C988: Container 4 in CLOSED state
	at org.apache.hadoop.ozone.container.common.impl.HddsDispatcher.validateContainerCommand(HddsDispatcher.java:565)
	at org.apache.hadoop.ozone.container.common.transport.server.ratis.ContainerStateMachine.startTransaction(ContainerStateMachine.java:488)
	at org.apache.ratis.server.impl.RaftServerImpl.writeAsyncImpl(RaftServerImpl.java:973)
	at org.apache.ratis.server.impl.RaftServerImpl.writeAsync(RaftServerImpl.java:946)
	at org.apache.ratis.server.impl.RaftServerImpl.replyFuture(RaftServerImpl.java:939)
	at org.apache.ratis.server.impl.RaftServerImpl.submitClientRequestAsync(RaftServerImpl.java:916)
	at org.apache.ratis.server.impl.RaftServerImpl.lambda$null$11(RaftServerImpl.java:905)
	at org.apache.ratis.util.JavaUtils.callAsUnchecked(JavaUtils.java:118)
	at org.apache.ratis.server.impl.RaftServerImpl.lambda$executeSubmitClientRequestAsync$12(RaftServerImpl.java:905)
	at java.base/java.util.concurrent.CompletableFuture$AsyncSupply.run(CompletableFuture.java:1768)
	... 3 more
Caused by: org.apache.hadoop.hdds.scm.container.common.helpers.ContainerNotOpenException: Container 4 in CLOSED state
	at java.base/jdk.internal.reflect.DirectConstructorHandleAccessor.newInstance(DirectConstructorHandleAccessor.java:62)
	at java.base/java.lang.reflect.Constructor.newInstanceWithCaller(Constructor.java:502)
	at java.base/java.lang.reflect.Constructor.newInstance(Constructor.java:486)
	at org.apache.ratis.util.ReflectionUtils.instantiateException(ReflectionUtils.java:259)
	at org.apache.ratis.client.impl.ClientProtoUtils.toStateMachineException(ClientProtoUtils.java:455)
	at org.apache.ratis.client.impl.ClientProtoUtils.toStateMachineException(ClientProtoUtils.java:441)
	at org.apache.ratis.client.impl.ClientProtoUtils.toRaftClientReply(ClientProtoUtils.java:408)
	at org.apache.ratis.grpc.client.GrpcClientProtocolClient$AsyncStreamObservers$1.onNext(GrpcClientProtocolClient.java:313)
	at org.apache.ratis.grpc.client.GrpcClientProtocolClient$AsyncStreamObservers$1.onNext(GrpcClientProtocolClient.java:308)
	at org.apache.ratis.thirdparty.io.grpc.stub.ClientCalls$StreamObserverToCallListenerAdapter.onMessage(ClientCalls.java:468)
	at org.apache.ratis.thirdparty.io.grpc.ForwardingClientCallListener.onMessage(ForwardingClientCallListener.java:33)
	at org.apache.ratis.thirdparty.io.grpc.internal.DelayedClientCall$DelayedListener.onMessage(DelayedClientCall.java:473)
	at org.apache.ratis.thirdparty.io.grpc.internal.ClientCallImpl$ClientStreamListenerImpl$1MessagesAvailable.runInternal(ClientCallImpl.java:660)
	at org.apache.ratis.thirdparty.io.grpc.internal.ClientCallImpl$ClientStreamListenerImpl$1MessagesAvailable.runInContext(ClientCallImpl.java:647)
	at org.apache.ratis.thirdparty.io.grpc.internal.ContextRunnable.run(ContextRunnable.java:37)
	at org.apache.ratis.thirdparty.io.grpc.internal.SerializingExecutor.run(SerializingExecutor.java:133)
	... 3 more
02:53:55.218 [f8181075-ae63-407a-b17c-78185f7d70dd-client-thread1] ERROR DNAudit - user=null | ip=null | op=WRITE_CHUNK {blockData=conID: 4 locID: 115816896921600004 bcsId: 0 replicaIndex: null, offset=0, size=5} | ret=FAILURE
org.apache.hadoop.hdds.scm.container.common.helpers.ContainerNotOpenException: Container 4 in UNHEALTHY state
	at org.apache.hadoop.ozone.container.common.impl.HddsDispatcher.validateContainerCommand(HddsDispatcher.java:565) ~[hdds-container-service-2.1.0-SNAPSHOT.jar:?]
	at org.apache.hadoop.ozone.container.common.transport.server.ratis.ContainerStateMachine.startTransaction(ContainerStateMachine.java:488) ~[hdds-container-service-2.1.0-SNAPSHOT.jar:?]
	at org.apache.ratis.server.impl.RaftServerImpl.writeAsyncImpl(RaftServerImpl.java:973) ~[ratis-server-3.1.2.jar:3.1.2]
	at org.apache.ratis.server.impl.RaftServerImpl.writeAsync(RaftServerImpl.java:946) ~[ratis-server-3.1.2.jar:3.1.2]
	at org.apache.ratis.server.impl.RaftServerImpl.replyFuture(RaftServerImpl.java:939) ~[ratis-server-3.1.2.jar:3.1.2]
	at org.apache.ratis.server.impl.RaftServerImpl.submitClientRequestAsync(RaftServerImpl.java:916) ~[ratis-server-3.1.2.jar:3.1.2]
	at org.apache.ratis.server.impl.RaftServerImpl.lambda$null$11(RaftServerImpl.java:905) ~[ratis-server-3.1.2.jar:3.1.2]
	at org.apache.ratis.util.JavaUtils.callAsUnchecked(JavaUtils.java:118) ~[ratis-common-3.1.2.jar:3.1.2]
	at org.apache.ratis.server.impl.RaftServerImpl.lambda$executeSubmitClientRequestAsync$12(RaftServerImpl.java:905) ~[ratis-server-3.1.2.jar:3.1.2]
	at java.base/java.util.concurrent.CompletableFuture$AsyncSupply.run(CompletableFuture.java:1768) ~[?:?]
	at java.base/java.util.concurrent.ThreadPoolExecutor.runWorker(ThreadPoolExecutor.java:1144) ~[?:?]
	at java.base/java.util.concurrent.ThreadPoolExecutor$Worker.run(ThreadPoolExecutor.java:642) ~[?:?]
	at java.base/java.lang.Thread.run(Thread.java:1583) [?:?]
02:53:55.219 [f8181075-ae63-407a-b17c-78185f7d70dd-client-thread3] ERROR DNAudit - user=null | ip=null | op=WRITE_CHUNK {blockData=conID: 4 locID: 115816896921600004 bcsId: 0 replicaIndex: null, offset=0, size=5} | ret=FAILURE
org.apache.hadoop.hdds.scm.container.common.helpers.ContainerNotOpenException: Container 4 in UNHEALTHY state
	at org.apache.hadoop.ozone.container.common.impl.HddsDispatcher.validateContainerCommand(HddsDispatcher.java:565) ~[hdds-container-service-2.1.0-SNAPSHOT.jar:?]
	at org.apache.hadoop.ozone.container.common.transport.server.ratis.ContainerStateMachine.startTransaction(ContainerStateMachine.java:488) ~[hdds-container-service-2.1.0-SNAPSHOT.jar:?]
	at org.apache.ratis.server.impl.RaftServerImpl.writeAsyncImpl(RaftServerImpl.java:973) ~[ratis-server-3.1.2.jar:3.1.2]
	at org.apache.ratis.server.impl.RaftServerImpl.writeAsync(RaftServerImpl.java:946) ~[ratis-server-3.1.2.jar:3.1.2]
	at org.apache.ratis.server.impl.RaftServerImpl.replyFuture(RaftServerImpl.java:939) ~[ratis-server-3.1.2.jar:3.1.2]
	at org.apache.ratis.server.impl.RaftServerImpl.submitClientRequestAsync(RaftServerImpl.java:916) ~[ratis-server-3.1.2.jar:3.1.2]
	at org.apache.ratis.server.impl.RaftServerImpl.lambda$null$11(RaftServerImpl.java:905) ~[ratis-server-3.1.2.jar:3.1.2]
	at org.apache.ratis.util.JavaUtils.callAsUnchecked(JavaUtils.java:118) ~[ratis-common-3.1.2.jar:3.1.2]
	at org.apache.ratis.server.impl.RaftServerImpl.lambda$executeSubmitClientRequestAsync$12(RaftServerImpl.java:905) ~[ratis-server-3.1.2.jar:3.1.2]
	at java.base/java.util.concurrent.CompletableFuture$AsyncSupply.run(CompletableFuture.java:1768) ~[?:?]
	at java.base/java.util.concurrent.ThreadPoolExecutor.runWorker(ThreadPoolExecutor.java:1144) ~[?:?]
	at java.base/java.util.concurrent.ThreadPoolExecutor$Worker.run(ThreadPoolExecutor.java:642) ~[?:?]
	at java.base/java.lang.Thread.run(Thread.java:1583) [?:?]
2025-05-14 02:53:55,219 [grpc-default-executor-2] ERROR impl.OrderedAsync (OrderedAsync.java:lambda$send$4(181)) - Failed to send request, message=cmdType: WriteChunk
traceID: ""
containerID: 4
datanodeUuid: "f8181075-ae63-407a-b17c-78185f7d70dd"
writeChunk {
  blockID {
    containerID: 4
    localID: 115816896921600004
    blockCommitSequenceId: 0
  }
  chunkData {
    chunkName: "115816896921600004.data.0"
    offset: 0
    len: 5
    checksumData {
      type: CRC32
      bytesPerChecksum: 1048576
      checksums: "=\277\232N"
    }
  }
}
version: 3
, data.size=5
java.util.concurrent.CompletionException: org.apache.ratis.protocol.exceptions.StateMachineException: org.apache.hadoop.hdds.scm.container.common.helpers.ContainerNotOpenException from Server f8181075-ae63-407a-b17c-78185f7d70dd@group-4B591AE0C988: Container 4 in CLOSED state
	at org.apache.ratis.client.impl.RaftClientImpl.handleRaftException(RaftClientImpl.java:373)
	at org.apache.ratis.client.impl.OrderedAsync.lambda$send$3(OrderedAsync.java:175)
	at java.base/java.util.concurrent.CompletableFuture$UniApply.tryFire(CompletableFuture.java:646)
	at java.base/java.util.concurrent.CompletableFuture.postComplete(CompletableFuture.java:510)
	at java.base/java.util.concurrent.CompletableFuture.complete(CompletableFuture.java:2179)
	at org.apache.ratis.client.impl.OrderedAsync$PendingOrderedRequest.setReply(OrderedAsync.java:105)
	at org.apache.ratis.client.impl.OrderedAsync$PendingOrderedRequest.setReply(OrderedAsync.java:66)
	at org.apache.ratis.util.SlidingWindow$RequestMap.setReply(SlidingWindow.java:147)
	at org.apache.ratis.util.SlidingWindow$Client.receiveReply(SlidingWindow.java:351)
	at org.apache.ratis.client.impl.OrderedAsync.lambda$sendRequestWithRetry$5(OrderedAsync.java:210)
	at java.base/java.util.concurrent.CompletableFuture$UniAccept.tryFire(CompletableFuture.java:718)
	at java.base/java.util.concurrent.CompletableFuture.postComplete(CompletableFuture.java:510)
	at java.base/java.util.concurrent.CompletableFuture.complete(CompletableFuture.java:2179)
	at org.apache.ratis.grpc.client.GrpcClientProtocolClient$AsyncStreamObservers$1.lambda$onNext$0(GrpcClientProtocolClient.java:325)
	at java.base/java.util.Optional.ifPresent(Optional.java:178)
	at org.apache.ratis.grpc.client.GrpcClientProtocolClient$AsyncStreamObservers.handleReplyFuture(GrpcClientProtocolClient.java:381)
	at org.apache.ratis.grpc.client.GrpcClientProtocolClient$AsyncStreamObservers.access$100(GrpcClientProtocolClient.java:303)
	at org.apache.ratis.grpc.client.GrpcClientProtocolClient$AsyncStreamObservers$1.onNext(GrpcClientProtocolClient.java:325)
	at org.apache.ratis.grpc.client.GrpcClientProtocolClient$AsyncStreamObservers$1.onNext(GrpcClientProtocolClient.java:308)
	at org.apache.ratis.thirdparty.io.grpc.stub.ClientCalls$StreamObserverToCallListenerAdapter.onMessage(ClientCalls.java:468)
	at org.apache.ratis.thirdparty.io.grpc.ForwardingClientCallListener.onMessage(ForwardingClientCallListener.java:33)
	at org.apache.ratis.thirdparty.io.grpc.internal.DelayedClientCall$DelayedListener.onMessage(DelayedClientCall.java:473)
	at org.apache.ratis.thirdparty.io.grpc.internal.ClientCallImpl$ClientStreamListenerImpl$1MessagesAvailable.runInternal(ClientCallImpl.java:660)
	at org.apache.ratis.thirdparty.io.grpc.internal.ClientCallImpl$ClientStreamListenerImpl$1MessagesAvailable.runInContext(ClientCallImpl.java:647)
	at org.apache.ratis.thirdparty.io.grpc.internal.ContextRunnable.run(ContextRunnable.java:37)
	at org.apache.ratis.thirdparty.io.grpc.internal.SerializingExecutor.run(SerializingExecutor.java:133)
	at java.base/java.util.concurrent.ThreadPoolExecutor.runWorker(ThreadPoolExecutor.java:1144)
	at java.base/java.util.concurrent.ThreadPoolExecutor$Worker.run(ThreadPoolExecutor.java:642)
	at java.base/java.lang.Thread.run(Thread.java:1583)
Caused by: org.apache.ratis.protocol.exceptions.StateMachineException: org.apache.hadoop.hdds.scm.container.common.helpers.ContainerNotOpenException from Server f8181075-ae63-407a-b17c-78185f7d70dd@group-4B591AE0C988: Container 4 in CLOSED state
	at org.apache.hadoop.ozone.container.common.impl.HddsDispatcher.validateContainerCommand(HddsDispatcher.java:565)
	at org.apache.hadoop.ozone.container.common.transport.server.ratis.ContainerStateMachine.startTransaction(ContainerStateMachine.java:488)
	at org.apache.ratis.server.impl.RaftServerImpl.writeAsyncImpl(RaftServerImpl.java:973)
	at org.apache.ratis.server.impl.RaftServerImpl.writeAsync(RaftServerImpl.java:946)
	at org.apache.ratis.server.impl.RaftServerImpl.replyFuture(RaftServerImpl.java:939)
	at org.apache.ratis.server.impl.RaftServerImpl.submitClientRequestAsync(RaftServerImpl.java:916)
	at org.apache.ratis.server.impl.RaftServerImpl.lambda$null$11(RaftServerImpl.java:905)
	at org.apache.ratis.util.JavaUtils.callAsUnchecked(JavaUtils.java:118)
	at org.apache.ratis.server.impl.RaftServerImpl.lambda$executeSubmitClientRequestAsync$12(RaftServerImpl.java:905)
	at java.base/java.util.concurrent.CompletableFuture$AsyncSupply.run(CompletableFuture.java:1768)
	... 3 more
Caused by: org.apache.hadoop.hdds.scm.container.common.helpers.ContainerNotOpenException: Container 4 in CLOSED state
	at java.base/jdk.internal.reflect.DirectConstructorHandleAccessor.newInstance(DirectConstructorHandleAccessor.java:62)
	at java.base/java.lang.reflect.Constructor.newInstanceWithCaller(Constructor.java:502)
	at java.base/java.lang.reflect.Constructor.newInstance(Constructor.java:486)
	at org.apache.ratis.util.ReflectionUtils.instantiateException(ReflectionUtils.java:259)
	at org.apache.ratis.client.impl.ClientProtoUtils.toStateMachineException(ClientProtoUtils.java:455)
	at org.apache.ratis.client.impl.ClientProtoUtils.toStateMachineException(ClientProtoUtils.java:441)
	at org.apache.ratis.client.impl.ClientProtoUtils.toRaftClientReply(ClientProtoUtils.java:408)
	at org.apache.ratis.grpc.client.GrpcClientProtocolClient$AsyncStreamObservers$1.onNext(GrpcClientProtocolClient.java:313)
	at org.apache.ratis.grpc.client.GrpcClientProtocolClient$AsyncStreamObservers$1.onNext(GrpcClientProtocolClient.java:308)
	at org.apache.ratis.thirdparty.io.grpc.stub.ClientCalls$StreamObserverToCallListenerAdapter.onMessage(ClientCalls.java:468)
	at org.apache.ratis.thirdparty.io.grpc.ForwardingClientCallListener.onMessage(ForwardingClientCallListener.java:33)
	at org.apache.ratis.thirdparty.io.grpc.internal.DelayedClientCall$DelayedListener.onMessage(DelayedClientCall.java:473)
	at org.apache.ratis.thirdparty.io.grpc.internal.ClientCallImpl$ClientStreamListenerImpl$1MessagesAvailable.runInternal(ClientCallImpl.java:660)
	at org.apache.ratis.thirdparty.io.grpc.internal.ClientCallImpl$ClientStreamListenerImpl$1MessagesAvailable.runInContext(ClientCallImpl.java:647)
	at org.apache.ratis.thirdparty.io.grpc.internal.ContextRunnable.run(ContextRunnable.java:37)
	at org.apache.ratis.thirdparty.io.grpc.internal.SerializingExecutor.run(SerializingExecutor.java:133)
	... 3 more
2025-05-14 02:53:55,222 [grpc-default-executor-1] ERROR impl.OrderedAsync (OrderedAsync.java:lambda$send$4(181)) - Failed to send request, message=cmdType: WriteChunk
traceID: ""
containerID: 4
datanodeUuid: "f8181075-ae63-407a-b17c-78185f7d70dd"
writeChunk {
  blockID {
    containerID: 4
    localID: 115816896921600004
    blockCommitSequenceId: 0
  }
  chunkData {
    chunkName: "115816896921600004.data.0"
    offset: 0
    len: 5
    checksumData {
      type: CRC32
      bytesPerChecksum: 1048576
      checksums: "hw\240\033"
    }
  }
}
version: 3
, data.size=5
java.util.concurrent.CompletionException: org.apache.ratis.protocol.exceptions.StateMachineException: org.apache.hadoop.hdds.scm.container.common.helpers.ContainerNotOpenException from Server f8181075-ae63-407a-b17c-78185f7d70dd@group-4B591AE0C988: Container 4 in CLOSED state
	at org.apache.ratis.client.impl.RaftClientImpl.handleRaftException(RaftClientImpl.java:373)
	at org.apache.ratis.client.impl.OrderedAsync.lambda$send$3(OrderedAsync.java:175)
	at java.base/java.util.concurrent.CompletableFuture$UniApply.tryFire(CompletableFuture.java:646)
	at java.base/java.util.concurrent.CompletableFuture.postComplete(CompletableFuture.java:510)
	at java.base/java.util.concurrent.CompletableFuture.complete(CompletableFuture.java:2179)
	at org.apache.ratis.client.impl.OrderedAsync$PendingOrderedRequest.setReply(OrderedAsync.java:105)
	at org.apache.ratis.client.impl.OrderedAsync$PendingOrderedRequest.setReply(OrderedAsync.java:66)
	at org.apache.ratis.util.SlidingWindow$RequestMap.setReply(SlidingWindow.java:147)
	at org.apache.ratis.util.SlidingWindow$Client.receiveReply(SlidingWindow.java:351)
	at org.apache.ratis.client.impl.OrderedAsync.lambda$sendRequestWithRetry$5(OrderedAsync.java:210)
	at java.base/java.util.concurrent.CompletableFuture$UniAccept.tryFire(CompletableFuture.java:718)
	at java.base/java.util.concurrent.CompletableFuture.postComplete(CompletableFuture.java:510)
	at java.base/java.util.concurrent.CompletableFuture.complete(CompletableFuture.java:2179)
	at org.apache.ratis.grpc.client.GrpcClientProtocolClient$AsyncStreamObservers$1.lambda$onNext$0(GrpcClientProtocolClient.java:325)
	at java.base/java.util.Optional.ifPresent(Optional.java:178)
	at org.apache.ratis.grpc.client.GrpcClientProtocolClient$AsyncStreamObservers.handleReplyFuture(GrpcClientProtocolClient.java:381)
	at org.apache.ratis.grpc.client.GrpcClientProtocolClient$AsyncStreamObservers.access$100(GrpcClientProtocolClient.java:303)
	at org.apache.ratis.grpc.client.GrpcClientProtocolClient$AsyncStreamObservers$1.onNext(GrpcClientProtocolClient.java:325)
	at org.apache.ratis.grpc.client.GrpcClientProtocolClient$AsyncStreamObservers$1.onNext(GrpcClientProtocolClient.java:308)
	at org.apache.ratis.thirdparty.io.grpc.stub.ClientCalls$StreamObserverToCallListenerAdapter.onMessage(ClientCalls.java:468)
	at org.apache.ratis.thirdparty.io.grpc.ForwardingClientCallListener.onMessage(ForwardingClientCallListener.java:33)
	at org.apache.ratis.thirdparty.io.grpc.internal.DelayedClientCall$DelayedListener.onMessage(DelayedClientCall.java:473)
	at org.apache.ratis.thirdparty.io.grpc.internal.ClientCallImpl$ClientStreamListenerImpl$1MessagesAvailable.runInternal(ClientCallImpl.java:660)
	at org.apache.ratis.thirdparty.io.grpc.internal.ClientCallImpl$ClientStreamListenerImpl$1MessagesAvailable.runInContext(ClientCallImpl.java:647)
	at org.apache.ratis.thirdparty.io.grpc.internal.ContextRunnable.run(ContextRunnable.java:37)
	at org.apache.ratis.thirdparty.io.grpc.internal.SerializingExecutor.run(SerializingExecutor.java:133)
	at java.base/java.util.concurrent.ThreadPoolExecutor.runWorker(ThreadPoolExecutor.java:1144)
	at java.base/java.util.concurrent.ThreadPoolExecutor$Worker.run(ThreadPoolExecutor.java:642)
	at java.base/java.lang.Thread.run(Thread.java:1583)
Caused by: org.apache.ratis.protocol.exceptions.StateMachineException: org.apache.hadoop.hdds.scm.container.common.helpers.ContainerNotOpenException from Server f8181075-ae63-407a-b17c-78185f7d70dd@group-4B591AE0C988: Container 4 in CLOSED state
	at org.apache.hadoop.ozone.container.common.impl.HddsDispatcher.validateContainerCommand(HddsDispatcher.java:565)
	at org.apache.hadoop.ozone.container.common.transport.server.ratis.ContainerStateMachine.startTransaction(ContainerStateMachine.java:488)
	at org.apache.ratis.server.impl.RaftServerImpl.writeAsyncImpl(RaftServerImpl.java:973)
	at org.apache.ratis.server.impl.RaftServerImpl.writeAsync(RaftServerImpl.java:946)
	at org.apache.ratis.server.impl.RaftServerImpl.replyFuture(RaftServerImpl.java:939)
	at org.apache.ratis.server.impl.RaftServerImpl.submitClientRequestAsync(RaftServerImpl.java:916)
	at org.apache.ratis.server.impl.RaftServerImpl.lambda$null$11(RaftServerImpl.java:905)
	at org.apache.ratis.util.JavaUtils.callAsUnchecked(JavaUtils.java:118)
	at org.apache.ratis.server.impl.RaftServerImpl.lambda$executeSubmitClientRequestAsync$12(RaftServerImpl.java:905)
	at java.base/java.util.concurrent.CompletableFuture$AsyncSupply.run(CompletableFuture.java:1768)
	... 3 more
Caused by: org.apache.hadoop.hdds.scm.container.common.helpers.ContainerNotOpenException: Container 4 in CLOSED state
	at java.base/jdk.internal.reflect.DirectConstructorHandleAccessor.newInstance(DirectConstructorHandleAccessor.java:62)
	at java.base/java.lang.reflect.Constructor.newInstanceWithCaller(Constructor.java:502)
	at java.base/java.lang.reflect.Constructor.newInstance(Constructor.java:486)
	at org.apache.ratis.util.ReflectionUtils.instantiateException(ReflectionUtils.java:259)
	at org.apache.ratis.client.impl.ClientProtoUtils.toStateMachineException(ClientProtoUtils.java:455)
	at org.apache.ratis.client.impl.ClientProtoUtils.toStateMachineException(ClientProtoUtils.java:441)
	at org.apache.ratis.client.impl.ClientProtoUtils.toRaftClientReply(ClientProtoUtils.java:408)
	at org.apache.ratis.grpc.client.GrpcClientProtocolClient$AsyncStreamObservers$1.onNext(GrpcClientProtocolClient.java:313)
	at org.apache.ratis.grpc.client.GrpcClientProtocolClient$AsyncStreamObservers$1.onNext(GrpcClientProtocolClient.java:308)
	at org.apache.ratis.thirdparty.io.grpc.stub.ClientCalls$StreamObserverToCallListenerAdapter.onMessage(ClientCalls.java:468)
	at org.apache.ratis.thirdparty.io.grpc.ForwardingClientCallListener.onMessage(ForwardingClientCallListener.java:33)
	at org.apache.ratis.thirdparty.io.grpc.internal.DelayedClientCall$DelayedListener.onMessage(DelayedClientCall.java:473)
	at org.apache.ratis.thirdparty.io.grpc.internal.ClientCallImpl$ClientStreamListenerImpl$1MessagesAvailable.runInternal(ClientCallImpl.java:660)
	at org.apache.ratis.thirdparty.io.grpc.internal.ClientCallImpl$ClientStreamListenerImpl$1MessagesAvailable.runInContext(ClientCallImpl.java:647)
	at org.apache.ratis.thirdparty.io.grpc.internal.ContextRunnable.run(ContextRunnable.java:37)
	at org.apache.ratis.thirdparty.io.grpc.internal.SerializingExecutor.run(SerializingExecutor.java:133)
	... 3 more
02:53:55.222 [f8181075-ae63-407a-b17c-78185f7d70dd-client-thread3] ERROR DNAudit - user=null | ip=null | op=WRITE_CHUNK {blockData=conID: 4 locID: 115816896921600004 bcsId: 0 replicaIndex: null, offset=0, size=5} | ret=FAILURE
org.apache.hadoop.hdds.scm.container.common.helpers.ContainerNotOpenException: Container 4 in UNHEALTHY state
	at org.apache.hadoop.ozone.container.common.impl.HddsDispatcher.validateContainerCommand(HddsDispatcher.java:565) ~[hdds-container-service-2.1.0-SNAPSHOT.jar:?]
	at org.apache.hadoop.ozone.container.common.transport.server.ratis.ContainerStateMachine.startTransaction(ContainerStateMachine.java:488) ~[hdds-container-service-2.1.0-SNAPSHOT.jar:?]
	at org.apache.ratis.server.impl.RaftServerImpl.writeAsyncImpl(RaftServerImpl.java:973) ~[ratis-server-3.1.2.jar:3.1.2]
	at org.apache.ratis.server.impl.RaftServerImpl.writeAsync(RaftServerImpl.java:946) ~[ratis-server-3.1.2.jar:3.1.2]
	at org.apache.ratis.server.impl.RaftServerImpl.replyFuture(RaftServerImpl.java:939) ~[ratis-server-3.1.2.jar:3.1.2]
	at org.apache.ratis.server.impl.RaftServerImpl.submitClientRequestAsync(RaftServerImpl.java:916) ~[ratis-server-3.1.2.jar:3.1.2]
	at org.apache.ratis.server.impl.RaftServerImpl.lambda$null$11(RaftServerImpl.java:905) ~[ratis-server-3.1.2.jar:3.1.2]
	at org.apache.ratis.util.JavaUtils.callAsUnchecked(JavaUtils.java:118) ~[ratis-common-3.1.2.jar:3.1.2]
	at org.apache.ratis.server.impl.RaftServerImpl.lambda$executeSubmitClientRequestAsync$12(RaftServerImpl.java:905) ~[ratis-server-3.1.2.jar:3.1.2]
	at java.base/java.util.concurrent.CompletableFuture$AsyncSupply.run(CompletableFuture.java:1768) ~[?:?]
	at java.base/java.util.concurrent.ThreadPoolExecutor.runWorker(ThreadPoolExecutor.java:1144) ~[?:?]
	at java.base/java.util.concurrent.ThreadPoolExecutor$Worker.run(ThreadPoolExecutor.java:642) ~[?:?]
	at java.base/java.lang.Thread.run(Thread.java:1583) [?:?]
2025-05-14 02:53:55,223 [grpc-default-executor-1] ERROR impl.OrderedAsync (OrderedAsync.java:lambda$send$4(181)) - Failed to send request, message=cmdType: WriteChunk
traceID: ""
containerID: 4
datanodeUuid: "f8181075-ae63-407a-b17c-78185f7d70dd"
writeChunk {
  blockID {
    containerID: 4
    localID: 115816896921600004
    blockCommitSequenceId: 0
  }
  chunkData {
    chunkName: "115816896921600004.data.0"
    offset: 0
    len: 5
    checksumData {
      type: CRC32
      bytesPerChecksum: 1048576
      checksums: "r<\361\232"
    }
  }
}
version: 3
, data.size=5
java.util.concurrent.CompletionException: org.apache.ratis.protocol.exceptions.StateMachineException: org.apache.hadoop.hdds.scm.container.common.helpers.ContainerNotOpenException from Server f8181075-ae63-407a-b17c-78185f7d70dd@group-4B591AE0C988: Container 4 in CLOSED state
	at org.apache.ratis.client.impl.RaftClientImpl.handleRaftException(RaftClientImpl.java:373)
	at org.apache.ratis.client.impl.OrderedAsync.lambda$send$3(OrderedAsync.java:175)
	at java.base/java.util.concurrent.CompletableFuture$UniApply.tryFire(CompletableFuture.java:646)
	at java.base/java.util.concurrent.CompletableFuture.postComplete(CompletableFuture.java:510)
	at java.base/java.util.concurrent.CompletableFuture.complete(CompletableFuture.java:2179)
	at org.apache.ratis.client.impl.OrderedAsync$PendingOrderedRequest.setReply(OrderedAsync.java:105)
	at org.apache.ratis.client.impl.OrderedAsync$PendingOrderedRequest.setReply(OrderedAsync.java:66)
	at org.apache.ratis.util.SlidingWindow$RequestMap.setReply(SlidingWindow.java:147)
	at org.apache.ratis.util.SlidingWindow$Client.receiveReply(SlidingWindow.java:351)
	at org.apache.ratis.client.impl.OrderedAsync.lambda$sendRequestWithRetry$5(OrderedAsync.java:210)
	at java.base/java.util.concurrent.CompletableFuture$UniAccept.tryFire(CompletableFuture.java:718)
	at java.base/java.util.concurrent.CompletableFuture.postComplete(CompletableFuture.java:510)
	at java.base/java.util.concurrent.CompletableFuture.complete(CompletableFuture.java:2179)
	at org.apache.ratis.grpc.client.GrpcClientProtocolClient$AsyncStreamObservers$1.lambda$onNext$0(GrpcClientProtocolClient.java:325)
	at java.base/java.util.Optional.ifPresent(Optional.java:178)
	at org.apache.ratis.grpc.client.GrpcClientProtocolClient$AsyncStreamObservers.handleReplyFuture(GrpcClientProtocolClient.java:381)
	at org.apache.ratis.grpc.client.GrpcClientProtocolClient$AsyncStreamObservers.access$100(GrpcClientProtocolClient.java:303)
	at org.apache.ratis.grpc.client.GrpcClientProtocolClient$AsyncStreamObservers$1.onNext(GrpcClientProtocolClient.java:325)
	at org.apache.ratis.grpc.client.GrpcClientProtocolClient$AsyncStreamObservers$1.onNext(GrpcClientProtocolClient.java:308)
	at org.apache.ratis.thirdparty.io.grpc.stub.ClientCalls$StreamObserverToCallListenerAdapter.onMessage(ClientCalls.java:468)
	at org.apache.ratis.thirdparty.io.grpc.ForwardingClientCallListener.onMessage(ForwardingClientCallListener.java:33)
	at org.apache.ratis.thirdparty.io.grpc.internal.DelayedClientCall$DelayedListener.onMessage(DelayedClientCall.java:473)
	at org.apache.ratis.thirdparty.io.grpc.internal.ClientCallImpl$ClientStreamListenerImpl$1MessagesAvailable.runInternal(ClientCallImpl.java:660)
	at org.apache.ratis.thirdparty.io.grpc.internal.ClientCallImpl$ClientStreamListenerImpl$1MessagesAvailable.runInContext(ClientCallImpl.java:647)
	at org.apache.ratis.thirdparty.io.grpc.internal.ContextRunnable.run(ContextRunnable.java:37)
	at org.apache.ratis.thirdparty.io.grpc.internal.SerializingExecutor.run(SerializingExecutor.java:133)
	at java.base/java.util.concurrent.ThreadPoolExecutor.runWorker(ThreadPoolExecutor.java:1144)
	at java.base/java.util.concurrent.ThreadPoolExecutor$Worker.run(ThreadPoolExecutor.java:642)
	at java.base/java.lang.Thread.run(Thread.java:1583)
Caused by: org.apache.ratis.protocol.exceptions.StateMachineException: org.apache.hadoop.hdds.scm.container.common.helpers.ContainerNotOpenException from Server f8181075-ae63-407a-b17c-78185f7d70dd@group-4B591AE0C988: Container 4 in CLOSED state
	at org.apache.hadoop.ozone.container.common.impl.HddsDispatcher.validateContainerCommand(HddsDispatcher.java:565)
	at org.apache.hadoop.ozone.container.common.transport.server.ratis.ContainerStateMachine.startTransaction(ContainerStateMachine.java:488)
	at org.apache.ratis.server.impl.RaftServerImpl.writeAsyncImpl(RaftServerImpl.java:973)
	at org.apache.ratis.server.impl.RaftServerImpl.writeAsync(RaftServerImpl.java:946)
	at org.apache.ratis.server.impl.RaftServerImpl.replyFuture(RaftServerImpl.java:939)
	at org.apache.ratis.server.impl.RaftServerImpl.submitClientRequestAsync(RaftServerImpl.java:916)
	at org.apache.ratis.server.impl.RaftServerImpl.lambda$null$11(RaftServerImpl.java:905)
	at org.apache.ratis.util.JavaUtils.callAsUnchecked(JavaUtils.java:118)
	at org.apache.ratis.server.impl.RaftServerImpl.lambda$executeSubmitClientRequestAsync$12(RaftServerImpl.java:905)
	at java.base/java.util.concurrent.CompletableFuture$AsyncSupply.run(CompletableFuture.java:1768)
	... 3 more
Caused by: org.apache.hadoop.hdds.scm.container.common.helpers.ContainerNotOpenException: Container 4 in CLOSED state
	at java.base/jdk.internal.reflect.DirectConstructorHandleAccessor.newInstance(DirectConstructorHandleAccessor.java:62)
	at java.base/java.lang.reflect.Constructor.newInstanceWithCaller(Constructor.java:502)
	at java.base/java.lang.reflect.Constructor.newInstance(Constructor.java:486)
	at org.apache.ratis.util.ReflectionUtils.instantiateException(ReflectionUtils.java:259)
	at org.apache.ratis.client.impl.ClientProtoUtils.toStateMachineException(ClientProtoUtils.java:455)
	at org.apache.ratis.client.impl.ClientProtoUtils.toStateMachineException(ClientProtoUtils.java:441)
	at org.apache.ratis.client.impl.ClientProtoUtils.toRaftClientReply(ClientProtoUtils.java:408)
	at org.apache.ratis.grpc.client.GrpcClientProtocolClient$AsyncStreamObservers$1.onNext(GrpcClientProtocolClient.java:313)
	at org.apache.ratis.grpc.client.GrpcClientProtocolClient$AsyncStreamObservers$1.onNext(GrpcClientProtocolClient.java:308)
	at org.apache.ratis.thirdparty.io.grpc.stub.ClientCalls$StreamObserverToCallListenerAdapter.onMessage(ClientCalls.java:468)
	at org.apache.ratis.thirdparty.io.grpc.ForwardingClientCallListener.onMessage(ForwardingClientCallListener.java:33)
	at org.apache.ratis.thirdparty.io.grpc.internal.DelayedClientCall$DelayedListener.onMessage(DelayedClientCall.java:473)
	at org.apache.ratis.thirdparty.io.grpc.internal.ClientCallImpl$ClientStreamListenerImpl$1MessagesAvailable.runInternal(ClientCallImpl.java:660)
	at org.apache.ratis.thirdparty.io.grpc.internal.ClientCallImpl$ClientStreamListenerImpl$1MessagesAvailable.runInContext(ClientCallImpl.java:647)
	at org.apache.ratis.thirdparty.io.grpc.internal.ContextRunnable.run(ContextRunnable.java:37)
	at org.apache.ratis.thirdparty.io.grpc.internal.SerializingExecutor.run(SerializingExecutor.java:133)
	... 3 more
02:53:55.225 [f8181075-ae63-407a-b17c-78185f7d70dd-client-thread3] ERROR DNAudit - user=null | ip=null | op=WRITE_CHUNK {blockData=conID: 4 locID: 115816896921600004 bcsId: 0 replicaIndex: null, offset=0, size=5} | ret=FAILURE
org.apache.hadoop.hdds.scm.container.common.helpers.ContainerNotOpenException: Container 4 in UNHEALTHY state
	at org.apache.hadoop.ozone.container.common.impl.HddsDispatcher.validateContainerCommand(HddsDispatcher.java:565) ~[hdds-container-service-2.1.0-SNAPSHOT.jar:?]
	at org.apache.hadoop.ozone.container.common.transport.server.ratis.ContainerStateMachine.startTransaction(ContainerStateMachine.java:488) ~[hdds-container-service-2.1.0-SNAPSHOT.jar:?]
	at org.apache.ratis.server.impl.RaftServerImpl.writeAsyncImpl(RaftServerImpl.java:973) ~[ratis-server-3.1.2.jar:3.1.2]
	at org.apache.ratis.server.impl.RaftServerImpl.writeAsync(RaftServerImpl.java:946) ~[ratis-server-3.1.2.jar:3.1.2]
	at org.apache.ratis.server.impl.RaftServerImpl.replyFuture(RaftServerImpl.java:939) ~[ratis-server-3.1.2.jar:3.1.2]
	at org.apache.ratis.server.impl.RaftServerImpl.submitClientRequestAsync(RaftServerImpl.java:916) ~[ratis-server-3.1.2.jar:3.1.2]
	at org.apache.ratis.server.impl.RaftServerImpl.lambda$null$11(RaftServerImpl.java:905) ~[ratis-server-3.1.2.jar:3.1.2]
	at org.apache.ratis.util.JavaUtils.callAsUnchecked(JavaUtils.java:118) ~[ratis-common-3.1.2.jar:3.1.2]
	at org.apache.ratis.server.impl.RaftServerImpl.lambda$executeSubmitClientRequestAsync$12(RaftServerImpl.java:905) ~[ratis-server-3.1.2.jar:3.1.2]
	at java.base/java.util.concurrent.CompletableFuture$AsyncSupply.run(CompletableFuture.java:1768) ~[?:?]
	at java.base/java.util.concurrent.ThreadPoolExecutor.runWorker(ThreadPoolExecutor.java:1144) ~[?:?]
	at java.base/java.util.concurrent.ThreadPoolExecutor$Worker.run(ThreadPoolExecutor.java:642) ~[?:?]
	at java.base/java.lang.Thread.run(Thread.java:1583) [?:?]
2025-05-14 02:53:55,225 [grpc-default-executor-1] ERROR impl.OrderedAsync (OrderedAsync.java:lambda$send$4(181)) - Failed to send request, message=cmdType: WriteChunk
traceID: ""
containerID: 4
datanodeUuid: "f8181075-ae63-407a-b17c-78185f7d70dd"
writeChunk {
  blockID {
    containerID: 4
    localID: 115816896921600004
    blockCommitSequenceId: 0
  }
  chunkData {
    chunkName: "115816896921600004.data.0"
    offset: 0
    len: 5
    checksumData {
      type: CRC32
      bytesPerChecksum: 1048576
      checksums: "\346d\032\214"
    }
  }
}
version: 3
, data.size=5
java.util.concurrent.CompletionException: org.apache.ratis.protocol.exceptions.StateMachineException: org.apache.hadoop.hdds.scm.container.common.helpers.ContainerNotOpenException from Server f8181075-ae63-407a-b17c-78185f7d70dd@group-4B591AE0C988: Container 4 in UNHEALTHY state
	at org.apache.ratis.client.impl.RaftClientImpl.handleRaftException(RaftClientImpl.java:373)
	at org.apache.ratis.client.impl.OrderedAsync.lambda$send$3(OrderedAsync.java:175)
	at java.base/java.util.concurrent.CompletableFuture$UniApply.tryFire(CompletableFuture.java:646)
	at java.base/java.util.concurrent.CompletableFuture.postComplete(CompletableFuture.java:510)
	at java.base/java.util.concurrent.CompletableFuture.complete(CompletableFuture.java:2179)
	at org.apache.ratis.client.impl.OrderedAsync$PendingOrderedRequest.setReply(OrderedAsync.java:105)
	at org.apache.ratis.client.impl.OrderedAsync$PendingOrderedRequest.setReply(OrderedAsync.java:66)
	at org.apache.ratis.util.SlidingWindow$RequestMap.setReply(SlidingWindow.java:147)
	at org.apache.ratis.util.SlidingWindow$Client.receiveReply(SlidingWindow.java:351)
	at org.apache.ratis.client.impl.OrderedAsync.lambda$sendRequestWithRetry$5(OrderedAsync.java:210)
	at java.base/java.util.concurrent.CompletableFuture$UniAccept.tryFire(CompletableFuture.java:718)
	at java.base/java.util.concurrent.CompletableFuture.postComplete(CompletableFuture.java:510)
	at java.base/java.util.concurrent.CompletableFuture.complete(CompletableFuture.java:2179)
	at org.apache.ratis.grpc.client.GrpcClientProtocolClient$AsyncStreamObservers$1.lambda$onNext$0(GrpcClientProtocolClient.java:325)
	at java.base/java.util.Optional.ifPresent(Optional.java:178)
	at org.apache.ratis.grpc.client.GrpcClientProtocolClient$AsyncStreamObservers.handleReplyFuture(GrpcClientProtocolClient.java:381)
	at org.apache.ratis.grpc.client.GrpcClientProtocolClient$AsyncStreamObservers.access$100(GrpcClientProtocolClient.java:303)
	at org.apache.ratis.grpc.client.GrpcClientProtocolClient$AsyncStreamObservers$1.onNext(GrpcClientProtocolClient.java:325)
	at org.apache.ratis.grpc.client.GrpcClientProtocolClient$AsyncStreamObservers$1.onNext(GrpcClientProtocolClient.java:308)
	at org.apache.ratis.thirdparty.io.grpc.stub.ClientCalls$StreamObserverToCallListenerAdapter.onMessage(ClientCalls.java:468)
	at org.apache.ratis.thirdparty.io.grpc.ForwardingClientCallListener.onMessage(ForwardingClientCallListener.java:33)
	at org.apache.ratis.thirdparty.io.grpc.internal.DelayedClientCall$DelayedListener.onMessage(DelayedClientCall.java:473)
	at org.apache.ratis.thirdparty.io.grpc.internal.ClientCallImpl$ClientStreamListenerImpl$1MessagesAvailable.runInternal(ClientCallImpl.java:660)
	at org.apache.ratis.thirdparty.io.grpc.internal.ClientCallImpl$ClientStreamListenerImpl$1MessagesAvailable.runInContext(ClientCallImpl.java:647)
	at org.apache.ratis.thirdparty.io.grpc.internal.ContextRunnable.run(ContextRunnable.java:37)
	at org.apache.ratis.thirdparty.io.grpc.internal.SerializingExecutor.run(SerializingExecutor.java:133)
	at java.base/java.util.concurrent.ThreadPoolExecutor.runWorker(ThreadPoolExecutor.java:1144)
	at java.base/java.util.concurrent.ThreadPoolExecutor$Worker.run(ThreadPoolExecutor.java:642)
	at java.base/java.lang.Thread.run(Thread.java:1583)
Caused by: org.apache.ratis.protocol.exceptions.StateMachineException: org.apache.hadoop.hdds.scm.container.common.helpers.ContainerNotOpenException from Server f8181075-ae63-407a-b17c-78185f7d70dd@group-4B591AE0C988: Container 4 in UNHEALTHY state
	at org.apache.hadoop.ozone.container.common.impl.HddsDispatcher.validateContainerCommand(HddsDispatcher.java:565)
	at org.apache.hadoop.ozone.container.common.transport.server.ratis.ContainerStateMachine.startTransaction(ContainerStateMachine.java:488)
	at org.apache.ratis.server.impl.RaftServerImpl.writeAsyncImpl(RaftServerImpl.java:973)
	at org.apache.ratis.server.impl.RaftServerImpl.writeAsync(RaftServerImpl.java:946)
	at org.apache.ratis.server.impl.RaftServerImpl.replyFuture(RaftServerImpl.java:939)
	at org.apache.ratis.server.impl.RaftServerImpl.submitClientRequestAsync(RaftServerImpl.java:916)
	at org.apache.ratis.server.impl.RaftServerImpl.lambda$null$11(RaftServerImpl.java:905)
	at org.apache.ratis.util.JavaUtils.callAsUnchecked(JavaUtils.java:118)
	at org.apache.ratis.server.impl.RaftServerImpl.lambda$executeSubmitClientRequestAsync$12(RaftServerImpl.java:905)
	at java.base/java.util.concurrent.CompletableFuture$AsyncSupply.run(CompletableFuture.java:1768)
	... 3 more
Caused by: org.apache.hadoop.hdds.scm.container.common.helpers.ContainerNotOpenException: Container 4 in UNHEALTHY state
	at java.base/jdk.internal.reflect.DirectConstructorHandleAccessor.newInstance(DirectConstructorHandleAccessor.java:62)
	at java.base/java.lang.reflect.Constructor.newInstanceWithCaller(Constructor.java:502)
	at java.base/java.lang.reflect.Constructor.newInstance(Constructor.java:486)
	at org.apache.ratis.util.ReflectionUtils.instantiateException(ReflectionUtils.java:259)
	at org.apache.ratis.client.impl.ClientProtoUtils.toStateMachineException(ClientProtoUtils.java:455)
	at org.apache.ratis.client.impl.ClientProtoUtils.toStateMachineException(ClientProtoUtils.java:441)
	at org.apache.ratis.client.impl.ClientProtoUtils.toRaftClientReply(ClientProtoUtils.java:408)
	at org.apache.ratis.grpc.client.GrpcClientProtocolClient$AsyncStreamObservers$1.onNext(GrpcClientProtocolClient.java:313)
	at org.apache.ratis.grpc.client.GrpcClientProtocolClient$AsyncStreamObservers$1.onNext(GrpcClientProtocolClient.java:308)
	at org.apache.ratis.thirdparty.io.grpc.stub.ClientCalls$StreamObserverToCallListenerAdapter.onMessage(ClientCalls.java:468)
	at org.apache.ratis.thirdparty.io.grpc.ForwardingClientCallListener.onMessage(ForwardingClientCallListener.java:33)
	at org.apache.ratis.thirdparty.io.grpc.internal.DelayedClientCall$DelayedListener.onMessage(DelayedClientCall.java:473)
	at org.apache.ratis.thirdparty.io.grpc.internal.ClientCallImpl$ClientStreamListenerImpl$1MessagesAvailable.runInternal(ClientCallImpl.java:660)
	at org.apache.ratis.thirdparty.io.grpc.internal.ClientCallImpl$ClientStreamListenerImpl$1MessagesAvailable.runInContext(ClientCallImpl.java:647)
	at org.apache.ratis.thirdparty.io.grpc.internal.ContextRunnable.run(ContextRunnable.java:37)
	at org.apache.ratis.thirdparty.io.grpc.internal.SerializingExecutor.run(SerializingExecutor.java:133)
	... 3 more
02:53:55.227 [f8181075-ae63-407a-b17c-78185f7d70dd-client-thread3] ERROR DNAudit - user=null | ip=null | op=WRITE_CHUNK {blockData=conID: 4 locID: 115816896921600004 bcsId: 0 replicaIndex: null, offset=0, size=5} | ret=FAILURE
org.apache.hadoop.hdds.scm.container.common.helpers.ContainerNotOpenException: Container 4 in UNHEALTHY state
	at org.apache.hadoop.ozone.container.common.impl.HddsDispatcher.validateContainerCommand(HddsDispatcher.java:565) ~[hdds-container-service-2.1.0-SNAPSHOT.jar:?]
	at org.apache.hadoop.ozone.container.common.transport.server.ratis.ContainerStateMachine.startTransaction(ContainerStateMachine.java:488) ~[hdds-container-service-2.1.0-SNAPSHOT.jar:?]
	at org.apache.ratis.server.impl.RaftServerImpl.writeAsyncImpl(RaftServerImpl.java:973) ~[ratis-server-3.1.2.jar:3.1.2]
	at org.apache.ratis.server.impl.RaftServerImpl.writeAsync(RaftServerImpl.java:946) ~[ratis-server-3.1.2.jar:3.1.2]
	at org.apache.ratis.server.impl.RaftServerImpl.replyFuture(RaftServerImpl.java:939) ~[ratis-server-3.1.2.jar:3.1.2]
	at org.apache.ratis.server.impl.RaftServerImpl.submitClientRequestAsync(RaftServerImpl.java:916) ~[ratis-server-3.1.2.jar:3.1.2]
	at org.apache.ratis.server.impl.RaftServerImpl.lambda$null$11(RaftServerImpl.java:905) ~[ratis-server-3.1.2.jar:3.1.2]
	at org.apache.ratis.util.JavaUtils.callAsUnchecked(JavaUtils.java:118) ~[ratis-common-3.1.2.jar:3.1.2]
	at org.apache.ratis.server.impl.RaftServerImpl.lambda$executeSubmitClientRequestAsync$12(RaftServerImpl.java:905) ~[ratis-server-3.1.2.jar:3.1.2]
	at java.base/java.util.concurrent.CompletableFuture$AsyncSupply.run(CompletableFuture.java:1768) ~[?:?]
	at java.base/java.util.concurrent.ThreadPoolExecutor.runWorker(ThreadPoolExecutor.java:1144) ~[?:?]
	at java.base/java.util.concurrent.ThreadPoolExecutor$Worker.run(ThreadPoolExecutor.java:642) ~[?:?]
	at java.base/java.lang.Thread.run(Thread.java:1583) [?:?]
02:53:55.228 [f8181075-ae63-407a-b17c-78185f7d70dd-client-thread3] ERROR DNAudit - user=null | ip=null | op=WRITE_CHUNK {blockData=conID: 4 locID: 115816896921600004 bcsId: 0 replicaIndex: null, offset=0, size=5} | ret=FAILURE
org.apache.hadoop.hdds.scm.container.common.helpers.ContainerNotOpenException: Container 4 in UNHEALTHY state
	at org.apache.hadoop.ozone.container.common.impl.HddsDispatcher.validateContainerCommand(HddsDispatcher.java:565) ~[hdds-container-service-2.1.0-SNAPSHOT.jar:?]
	at org.apache.hadoop.ozone.container.common.transport.server.ratis.ContainerStateMachine.startTransaction(ContainerStateMachine.java:488) ~[hdds-container-service-2.1.0-SNAPSHOT.jar:?]
	at org.apache.ratis.server.impl.RaftServerImpl.writeAsyncImpl(RaftServerImpl.java:973) ~[ratis-server-3.1.2.jar:3.1.2]
	at org.apache.ratis.server.impl.RaftServerImpl.writeAsync(RaftServerImpl.java:946) ~[ratis-server-3.1.2.jar:3.1.2]
	at org.apache.ratis.server.impl.RaftServerImpl.replyFuture(RaftServerImpl.java:939) ~[ratis-server-3.1.2.jar:3.1.2]
	at org.apache.ratis.server.impl.RaftServerImpl.submitClientRequestAsync(RaftServerImpl.java:916) ~[ratis-server-3.1.2.jar:3.1.2]
	at org.apache.ratis.server.impl.RaftServerImpl.lambda$null$11(RaftServerImpl.java:905) ~[ratis-server-3.1.2.jar:3.1.2]
	at org.apache.ratis.util.JavaUtils.callAsUnchecked(JavaUtils.java:118) ~[ratis-common-3.1.2.jar:3.1.2]
	at org.apache.ratis.server.impl.RaftServerImpl.lambda$executeSubmitClientRequestAsync$12(RaftServerImpl.java:905) ~[ratis-server-3.1.2.jar:3.1.2]
	at java.base/java.util.concurrent.CompletableFuture$AsyncSupply.run(CompletableFuture.java:1768) ~[?:?]
	at java.base/java.util.concurrent.ThreadPoolExecutor.runWorker(ThreadPoolExecutor.java:1144) ~[?:?]
	at java.base/java.util.concurrent.ThreadPoolExecutor$Worker.run(ThreadPoolExecutor.java:642) ~[?:?]
	at java.base/java.lang.Thread.run(Thread.java:1583) [?:?]
2025-05-14 02:53:55,230 [grpc-default-executor-1] ERROR impl.OrderedAsync (OrderedAsync.java:lambda$send$4(181)) - Failed to send request, message=cmdType: WriteChunk
traceID: ""
containerID: 4
datanodeUuid: "f8181075-ae63-407a-b17c-78185f7d70dd"
writeChunk {
  blockID {
    containerID: 4
    localID: 115816896921600004
    blockCommitSequenceId: 0
  }
  chunkData {
    chunkName: "115816896921600004.data.0"
    offset: 0
    len: 5
    checksumData {
      type: CRC32
      bytesPerChecksum: 1048576
      checksums: "[#\000\245"
    }
  }
}
version: 3
, data.size=5
java.util.concurrent.CompletionException: org.apache.ratis.protocol.exceptions.StateMachineException: org.apache.hadoop.hdds.scm.container.common.helpers.ContainerNotOpenException from Server f8181075-ae63-407a-b17c-78185f7d70dd@group-4B591AE0C988: Container 4 in UNHEALTHY state
	at org.apache.ratis.client.impl.RaftClientImpl.handleRaftException(RaftClientImpl.java:373)
	at org.apache.ratis.client.impl.OrderedAsync.lambda$send$3(OrderedAsync.java:175)
	at java.base/java.util.concurrent.CompletableFuture$UniApply.tryFire(CompletableFuture.java:646)
	at java.base/java.util.concurrent.CompletableFuture.postComplete(CompletableFuture.java:510)
	at java.base/java.util.concurrent.CompletableFuture.complete(CompletableFuture.java:2179)
	at org.apache.ratis.client.impl.OrderedAsync$PendingOrderedRequest.setReply(OrderedAsync.java:105)
	at org.apache.ratis.client.impl.OrderedAsync$PendingOrderedRequest.setReply(OrderedAsync.java:66)
	at org.apache.ratis.util.SlidingWindow$RequestMap.setReply(SlidingWindow.java:147)
	at org.apache.ratis.util.SlidingWindow$Client.receiveReply(SlidingWindow.java:351)
	at org.apache.ratis.client.impl.OrderedAsync.lambda$sendRequestWithRetry$5(OrderedAsync.java:210)
	at java.base/java.util.concurrent.CompletableFuture$UniAccept.tryFire(CompletableFuture.java:718)
	at java.base/java.util.concurrent.CompletableFuture.postComplete(CompletableFuture.java:510)
	at java.base/java.util.concurrent.CompletableFuture.complete(CompletableFuture.java:2179)
	at org.apache.ratis.grpc.client.GrpcClientProtocolClient$AsyncStreamObservers$1.lambda$onNext$0(GrpcClientProtocolClient.java:325)
	at java.base/java.util.Optional.ifPresent(Optional.java:178)
	at org.apache.ratis.grpc.client.GrpcClientProtocolClient$AsyncStreamObservers.handleReplyFuture(GrpcClientProtocolClient.java:381)
	at org.apache.ratis.grpc.client.GrpcClientProtocolClient$AsyncStreamObservers.access$100(GrpcClientProtocolClient.java:303)
	at org.apache.ratis.grpc.client.GrpcClientProtocolClient$AsyncStreamObservers$1.onNext(GrpcClientProtocolClient.java:325)
	at org.apache.ratis.grpc.client.GrpcClientProtocolClient$AsyncStreamObservers$1.onNext(GrpcClientProtocolClient.java:308)
	at org.apache.ratis.thirdparty.io.grpc.stub.ClientCalls$StreamObserverToCallListenerAdapter.onMessage(ClientCalls.java:468)
	at org.apache.ratis.thirdparty.io.grpc.ForwardingClientCallListener.onMessage(ForwardingClientCallListener.java:33)
	at org.apache.ratis.thirdparty.io.grpc.internal.DelayedClientCall$DelayedListener.onMessage(DelayedClientCall.java:473)
	at org.apache.ratis.thirdparty.io.grpc.internal.ClientCallImpl$ClientStreamListenerImpl$1MessagesAvailable.runInternal(ClientCallImpl.java:660)
	at org.apache.ratis.thirdparty.io.grpc.internal.ClientCallImpl$ClientStreamListenerImpl$1MessagesAvailable.runInContext(ClientCallImpl.java:647)
	at org.apache.ratis.thirdparty.io.grpc.internal.ContextRunnable.run(ContextRunnable.java:37)
	at org.apache.ratis.thirdparty.io.grpc.internal.SerializingExecutor.run(SerializingExecutor.java:133)
	at java.base/java.util.concurrent.ThreadPoolExecutor.runWorker(ThreadPoolExecutor.java:1144)
	at java.base/java.util.concurrent.ThreadPoolExecutor$Worker.run(ThreadPoolExecutor.java:642)
	at java.base/java.lang.Thread.run(Thread.java:1583)
Caused by: org.apache.ratis.protocol.exceptions.StateMachineException: org.apache.hadoop.hdds.scm.container.common.helpers.ContainerNotOpenException from Server f8181075-ae63-407a-b17c-78185f7d70dd@group-4B591AE0C988: Container 4 in UNHEALTHY state
	at org.apache.hadoop.ozone.container.common.impl.HddsDispatcher.validateContainerCommand(HddsDispatcher.java:565)
	at org.apache.hadoop.ozone.container.common.transport.server.ratis.ContainerStateMachine.startTransaction(ContainerStateMachine.java:488)
	at org.apache.ratis.server.impl.RaftServerImpl.writeAsyncImpl(RaftServerImpl.java:973)
	at org.apache.ratis.server.impl.RaftServerImpl.writeAsync(RaftServerImpl.java:946)
	at org.apache.ratis.server.impl.RaftServerImpl.replyFuture(RaftServerImpl.java:939)
	at org.apache.ratis.server.impl.RaftServerImpl.submitClientRequestAsync(RaftServerImpl.java:916)
	at org.apache.ratis.server.impl.RaftServerImpl.lambda$null$11(RaftServerImpl.java:905)
	at org.apache.ratis.util.JavaUtils.callAsUnchecked(JavaUtils.java:118)
	at org.apache.ratis.server.impl.RaftServerImpl.lambda$executeSubmitClientRequestAsync$12(RaftServerImpl.java:905)
	at java.base/java.util.concurrent.CompletableFuture$AsyncSupply.run(CompletableFuture.java:1768)
	... 3 more
Caused by: org.apache.hadoop.hdds.scm.container.common.helpers.ContainerNotOpenException: Container 4 in UNHEALTHY state
	at java.base/jdk.internal.reflect.DirectConstructorHandleAccessor.newInstance(DirectConstructorHandleAccessor.java:62)
	at java.base/java.lang.reflect.Constructor.newInstanceWithCaller(Constructor.java:502)
	at java.base/java.lang.reflect.Constructor.newInstance(Constructor.java:486)
	at org.apache.ratis.util.ReflectionUtils.instantiateException(ReflectionUtils.java:259)
	at org.apache.ratis.client.impl.ClientProtoUtils.toStateMachineException(ClientProtoUtils.java:455)
	at org.apache.ratis.client.impl.ClientProtoUtils.toStateMachineException(ClientProtoUtils.java:441)
	at org.apache.ratis.client.impl.ClientProtoUtils.toRaftClientReply(ClientProtoUtils.java:408)
	at org.apache.ratis.grpc.client.GrpcClientProtocolClient$AsyncStreamObservers$1.onNext(GrpcClientProtocolClient.java:313)
	at org.apache.ratis.grpc.client.GrpcClientProtocolClient$AsyncStreamObservers$1.onNext(GrpcClientProtocolClient.java:308)
	at org.apache.ratis.thirdparty.io.grpc.stub.ClientCalls$StreamObserverToCallListenerAdapter.onMessage(ClientCalls.java:468)
	at org.apache.ratis.thirdparty.io.grpc.ForwardingClientCallListener.onMessage(ForwardingClientCallListener.java:33)
	at org.apache.ratis.thirdparty.io.grpc.internal.DelayedClientCall$DelayedListener.onMessage(DelayedClientCall.java:473)
	at org.apache.ratis.thirdparty.io.grpc.internal.ClientCallImpl$ClientStreamListenerImpl$1MessagesAvailable.runInternal(ClientCallImpl.java:660)
	at org.apache.ratis.thirdparty.io.grpc.internal.ClientCallImpl$ClientStreamListenerImpl$1MessagesAvailable.runInContext(ClientCallImpl.java:647)
	at org.apache.ratis.thirdparty.io.grpc.internal.ContextRunnable.run(ContextRunnable.java:37)
	at org.apache.ratis.thirdparty.io.grpc.internal.SerializingExecutor.run(SerializingExecutor.java:133)
	... 3 more
2025-05-14 02:53:55,231 [grpc-default-executor-1] ERROR impl.OrderedAsync (OrderedAsync.java:lambda$send$4(181)) - Failed to send request, message=cmdType: WriteChunk
traceID: ""
containerID: 4
datanodeUuid: "f8181075-ae63-407a-b17c-78185f7d70dd"
writeChunk {
  blockID {
    containerID: 4
    localID: 115816896921600004
    blockCommitSequenceId: 0
  }
  chunkData {
    chunkName: "115816896921600004.data.0"
    offset: 0
    len: 5
    checksumData {
      type: CRC32
      bytesPerChecksum: 1048576
      checksums: "!\234\226\323"
    }
  }
}
version: 3
, data.size=5
java.util.concurrent.CompletionException: org.apache.ratis.protocol.exceptions.StateMachineException: org.apache.hadoop.hdds.scm.container.common.helpers.ContainerNotOpenException from Server f8181075-ae63-407a-b17c-78185f7d70dd@group-4B591AE0C988: Container 4 in UNHEALTHY state
	at org.apache.ratis.client.impl.RaftClientImpl.handleRaftException(RaftClientImpl.java:373)
	at org.apache.ratis.client.impl.OrderedAsync.lambda$send$3(OrderedAsync.java:175)
	at java.base/java.util.concurrent.CompletableFuture$UniApply.tryFire(CompletableFuture.java:646)
	at java.base/java.util.concurrent.CompletableFuture.postComplete(CompletableFuture.java:510)
	at java.base/java.util.concurrent.CompletableFuture.complete(CompletableFuture.java:2179)
	at org.apache.ratis.client.impl.OrderedAsync$PendingOrderedRequest.setReply(OrderedAsync.java:105)
	at org.apache.ratis.client.impl.OrderedAsync$PendingOrderedRequest.setReply(OrderedAsync.java:66)
	at org.apache.ratis.util.SlidingWindow$RequestMap.setReply(SlidingWindow.java:147)
	at org.apache.ratis.util.SlidingWindow$Client.receiveReply(SlidingWindow.java:351)
	at org.apache.ratis.client.impl.OrderedAsync.lambda$sendRequestWithRetry$5(OrderedAsync.java:210)
	at java.base/java.util.concurrent.CompletableFuture$UniAccept.tryFire(CompletableFuture.java:718)
	at java.base/java.util.concurrent.CompletableFuture.postComplete(CompletableFuture.java:510)
	at java.base/java.util.concurrent.CompletableFuture.complete(CompletableFuture.java:2179)
	at org.apache.ratis.grpc.client.GrpcClientProtocolClient$AsyncStreamObservers$1.lambda$onNext$0(GrpcClientProtocolClient.java:325)
	at java.base/java.util.Optional.ifPresent(Optional.java:178)
	at org.apache.ratis.grpc.client.GrpcClientProtocolClient$AsyncStreamObservers.handleReplyFuture(GrpcClientProtocolClient.java:381)
	at org.apache.ratis.grpc.client.GrpcClientProtocolClient$AsyncStreamObservers.access$100(GrpcClientProtocolClient.java:303)
	at org.apache.ratis.grpc.client.GrpcClientProtocolClient$AsyncStreamObservers$1.onNext(GrpcClientProtocolClient.java:325)
	at org.apache.ratis.grpc.client.GrpcClientProtocolClient$AsyncStreamObservers$1.onNext(GrpcClientProtocolClient.java:308)
	at org.apache.ratis.thirdparty.io.grpc.stub.ClientCalls$StreamObserverToCallListenerAdapter.onMessage(ClientCalls.java:468)
	at org.apache.ratis.thirdparty.io.grpc.ForwardingClientCallListener.onMessage(ForwardingClientCallListener.java:33)
	at org.apache.ratis.thirdparty.io.grpc.internal.DelayedClientCall$DelayedListener.onMessage(DelayedClientCall.java:473)
	at org.apache.ratis.thirdparty.io.grpc.internal.ClientCallImpl$ClientStreamListenerImpl$1MessagesAvailable.runInternal(ClientCallImpl.java:660)
	at org.apache.ratis.thirdparty.io.grpc.internal.ClientCallImpl$ClientStreamListenerImpl$1MessagesAvailable.runInContext(ClientCallImpl.java:647)
	at org.apache.ratis.thirdparty.io.grpc.internal.ContextRunnable.run(ContextRunnable.java:37)
	at org.apache.ratis.thirdparty.io.grpc.internal.SerializingExecutor.run(SerializingExecutor.java:133)
	at java.base/java.util.concurrent.ThreadPoolExecutor.runWorker(ThreadPoolExecutor.java:1144)
	at java.base/java.util.concurrent.ThreadPoolExecutor$Worker.run(ThreadPoolExecutor.java:642)
	at java.base/java.lang.Thread.run(Thread.java:1583)
Caused by: org.apache.ratis.protocol.exceptions.StateMachineException: org.apache.hadoop.hdds.scm.container.common.helpers.ContainerNotOpenException from Server f8181075-ae63-407a-b17c-78185f7d70dd@group-4B591AE0C988: Container 4 in UNHEALTHY state
	at org.apache.hadoop.ozone.container.common.impl.HddsDispatcher.validateContainerCommand(HddsDispatcher.java:565)
	at org.apache.hadoop.ozone.container.common.transport.server.ratis.ContainerStateMachine.startTransaction(ContainerStateMachine.java:488)
	at org.apache.ratis.server.impl.RaftServerImpl.writeAsyncImpl(RaftServerImpl.java:973)
	at org.apache.ratis.server.impl.RaftServerImpl.writeAsync(RaftServerImpl.java:946)
	at org.apache.ratis.server.impl.RaftServerImpl.replyFuture(RaftServerImpl.java:939)
	at org.apache.ratis.server.impl.RaftServerImpl.submitClientRequestAsync(RaftServerImpl.java:916)
	at org.apache.ratis.server.impl.RaftServerImpl.lambda$null$11(RaftServerImpl.java:905)
	at org.apache.ratis.util.JavaUtils.callAsUnchecked(JavaUtils.java:118)
	at org.apache.ratis.server.impl.RaftServerImpl.lambda$executeSubmitClientRequestAsync$12(RaftServerImpl.java:905)
	at java.base/java.util.concurrent.CompletableFuture$AsyncSupply.run(CompletableFuture.java:1768)
	... 3 more
Caused by: org.apache.hadoop.hdds.scm.container.common.helpers.ContainerNotOpenException: Container 4 in UNHEALTHY state
	at java.base/jdk.internal.reflect.DirectConstructorHandleAccessor.newInstance(DirectConstructorHandleAccessor.java:62)
	at java.base/java.lang.reflect.Constructor.newInstanceWithCaller(Constructor.java:502)
	at java.base/java.lang.reflect.Constructor.newInstance(Constructor.java:486)
	at org.apache.ratis.util.ReflectionUtils.instantiateException(ReflectionUtils.java:259)
	at org.apache.ratis.client.impl.ClientProtoUtils.toStateMachineException(ClientProtoUtils.java:455)
	at org.apache.ratis.client.impl.ClientProtoUtils.toStateMachineException(ClientProtoUtils.java:441)
	at org.apache.ratis.client.impl.ClientProtoUtils.toRaftClientReply(ClientProtoUtils.java:408)
	at org.apache.ratis.grpc.client.GrpcClientProtocolClient$AsyncStreamObservers$1.onNext(GrpcClientProtocolClient.java:313)
	at org.apache.ratis.grpc.client.GrpcClientProtocolClient$AsyncStreamObservers$1.onNext(GrpcClientProtocolClient.java:308)
	at org.apache.ratis.thirdparty.io.grpc.stub.ClientCalls$StreamObserverToCallListenerAdapter.onMessage(ClientCalls.java:468)
	at org.apache.ratis.thirdparty.io.grpc.ForwardingClientCallListener.onMessage(ForwardingClientCallListener.java:33)
	at org.apache.ratis.thirdparty.io.grpc.internal.DelayedClientCall$DelayedListener.onMessage(DelayedClientCall.java:473)
	at org.apache.ratis.thirdparty.io.grpc.internal.ClientCallImpl$ClientStreamListenerImpl$1MessagesAvailable.runInternal(ClientCallImpl.java:660)
	at org.apache.ratis.thirdparty.io.grpc.internal.ClientCallImpl$ClientStreamListenerImpl$1MessagesAvailable.runInContext(ClientCallImpl.java:647)
	at org.apache.ratis.thirdparty.io.grpc.internal.ContextRunnable.run(ContextRunnable.java:37)
	at org.apache.ratis.thirdparty.io.grpc.internal.SerializingExecutor.run(SerializingExecutor.java:133)
	... 3 more
02:53:55.231 [f8181075-ae63-407a-b17c-78185f7d70dd-client-thread3] ERROR DNAudit - user=null | ip=null | op=WRITE_CHUNK {blockData=conID: 4 locID: 115816896921600004 bcsId: 0 replicaIndex: null, offset=0, size=5} | ret=FAILURE
org.apache.hadoop.hdds.scm.container.common.helpers.ContainerNotOpenException: Container 4 in UNHEALTHY state
	at org.apache.hadoop.ozone.container.common.impl.HddsDispatcher.validateContainerCommand(HddsDispatcher.java:565) ~[hdds-container-service-2.1.0-SNAPSHOT.jar:?]
	at org.apache.hadoop.ozone.container.common.transport.server.ratis.ContainerStateMachine.startTransaction(ContainerStateMachine.java:488) ~[hdds-container-service-2.1.0-SNAPSHOT.jar:?]
	at org.apache.ratis.server.impl.RaftServerImpl.writeAsyncImpl(RaftServerImpl.java:973) ~[ratis-server-3.1.2.jar:3.1.2]
	at org.apache.ratis.server.impl.RaftServerImpl.writeAsync(RaftServerImpl.java:946) ~[ratis-server-3.1.2.jar:3.1.2]
	at org.apache.ratis.server.impl.RaftServerImpl.replyFuture(RaftServerImpl.java:939) ~[ratis-server-3.1.2.jar:3.1.2]
	at org.apache.ratis.server.impl.RaftServerImpl.submitClientRequestAsync(RaftServerImpl.java:916) ~[ratis-server-3.1.2.jar:3.1.2]
	at org.apache.ratis.server.impl.RaftServerImpl.lambda$null$11(RaftServerImpl.java:905) ~[ratis-server-3.1.2.jar:3.1.2]
	at org.apache.ratis.util.JavaUtils.callAsUnchecked(JavaUtils.java:118) ~[ratis-common-3.1.2.jar:3.1.2]
	at org.apache.ratis.server.impl.RaftServerImpl.lambda$executeSubmitClientRequestAsync$12(RaftServerImpl.java:905) ~[ratis-server-3.1.2.jar:3.1.2]
	at java.base/java.util.concurrent.CompletableFuture$AsyncSupply.run(CompletableFuture.java:1768) ~[?:?]
	at java.base/java.util.concurrent.ThreadPoolExecutor.runWorker(ThreadPoolExecutor.java:1144) ~[?:?]
	at java.base/java.util.concurrent.ThreadPoolExecutor$Worker.run(ThreadPoolExecutor.java:642) ~[?:?]
	at java.base/java.lang.Thread.run(Thread.java:1583) [?:?]
02:53:55.233 [f8181075-ae63-407a-b17c-78185f7d70dd-client-thread3] ERROR DNAudit - user=null | ip=null | op=WRITE_CHUNK {blockData=conID: 4 locID: 115816896921600004 bcsId: 0 replicaIndex: null, offset=0, size=5} | ret=FAILURE
org.apache.hadoop.hdds.scm.container.common.helpers.ContainerNotOpenException: Container 4 in UNHEALTHY state
	at org.apache.hadoop.ozone.container.common.impl.HddsDispatcher.validateContainerCommand(HddsDispatcher.java:565) ~[hdds-container-service-2.1.0-SNAPSHOT.jar:?]
	at org.apache.hadoop.ozone.container.common.transport.server.ratis.ContainerStateMachine.startTransaction(ContainerStateMachine.java:488) ~[hdds-container-service-2.1.0-SNAPSHOT.jar:?]
	at org.apache.ratis.server.impl.RaftServerImpl.writeAsyncImpl(RaftServerImpl.java:973) ~[ratis-server-3.1.2.jar:3.1.2]
	at org.apache.ratis.server.impl.RaftServerImpl.writeAsync(RaftServerImpl.java:946) ~[ratis-server-3.1.2.jar:3.1.2]
	at org.apache.ratis.server.impl.RaftServerImpl.replyFuture(RaftServerImpl.java:939) ~[ratis-server-3.1.2.jar:3.1.2]
	at org.apache.ratis.server.impl.RaftServerImpl.submitClientRequestAsync(RaftServerImpl.java:916) ~[ratis-server-3.1.2.jar:3.1.2]
	at org.apache.ratis.server.impl.RaftServerImpl.lambda$null$11(RaftServerImpl.java:905) ~[ratis-server-3.1.2.jar:3.1.2]
	at org.apache.ratis.util.JavaUtils.callAsUnchecked(JavaUtils.java:118) ~[ratis-common-3.1.2.jar:3.1.2]
	at org.apache.ratis.server.impl.RaftServerImpl.lambda$executeSubmitClientRequestAsync$12(RaftServerImpl.java:905) ~[ratis-server-3.1.2.jar:3.1.2]
	at java.base/java.util.concurrent.CompletableFuture$AsyncSupply.run(CompletableFuture.java:1768) ~[?:?]
	at java.base/java.util.concurrent.ThreadPoolExecutor.runWorker(ThreadPoolExecutor.java:1144) ~[?:?]
	at java.base/java.util.concurrent.ThreadPoolExecutor$Worker.run(ThreadPoolExecutor.java:642) ~[?:?]
	at java.base/java.lang.Thread.run(Thread.java:1583) [?:?]
2025-05-14 02:53:55,233 [grpc-default-executor-1] ERROR impl.OrderedAsync (OrderedAsync.java:lambda$send$4(181)) - Failed to send request, message=cmdType: WriteChunk
traceID: ""
containerID: 4
datanodeUuid: "f8181075-ae63-407a-b17c-78185f7d70dd"
writeChunk {
  blockID {
    containerID: 4
    localID: 115816896921600004
    blockCommitSequenceId: 0
  }
  chunkData {
    chunkName: "115816896921600004.data.0"
    offset: 0
    len: 5
    checksumData {
      type: CRC32
      bytesPerChecksum: 1048576
      checksums: ">\362*\003"
    }
  }
}
version: 3
, data.size=5
java.util.concurrent.CompletionException: org.apache.ratis.protocol.exceptions.StateMachineException: org.apache.hadoop.hdds.scm.container.common.helpers.ContainerNotOpenException from Server f8181075-ae63-407a-b17c-78185f7d70dd@group-4B591AE0C988: Container 4 in UNHEALTHY state
	at org.apache.ratis.client.impl.RaftClientImpl.handleRaftException(RaftClientImpl.java:373)
	at org.apache.ratis.client.impl.OrderedAsync.lambda$send$3(OrderedAsync.java:175)
	at java.base/java.util.concurrent.CompletableFuture$UniApply.tryFire(CompletableFuture.java:646)
	at java.base/java.util.concurrent.CompletableFuture.postComplete(CompletableFuture.java:510)
	at java.base/java.util.concurrent.CompletableFuture.complete(CompletableFuture.java:2179)
	at org.apache.ratis.client.impl.OrderedAsync$PendingOrderedRequest.setReply(OrderedAsync.java:105)
	at org.apache.ratis.client.impl.OrderedAsync$PendingOrderedRequest.setReply(OrderedAsync.java:66)
	at org.apache.ratis.util.SlidingWindow$RequestMap.setReply(SlidingWindow.java:147)
	at org.apache.ratis.util.SlidingWindow$Client.receiveReply(SlidingWindow.java:351)
	at org.apache.ratis.client.impl.OrderedAsync.lambda$sendRequestWithRetry$5(OrderedAsync.java:210)
	at java.base/java.util.concurrent.CompletableFuture$UniAccept.tryFire(CompletableFuture.java:718)
	at java.base/java.util.concurrent.CompletableFuture.postComplete(CompletableFuture.java:510)
	at java.base/java.util.concurrent.CompletableFuture.complete(CompletableFuture.java:2179)
	at org.apache.ratis.grpc.client.GrpcClientProtocolClient$AsyncStreamObservers$1.lambda$onNext$0(GrpcClientProtocolClient.java:325)
	at java.base/java.util.Optional.ifPresent(Optional.java:178)
	at org.apache.ratis.grpc.client.GrpcClientProtocolClient$AsyncStreamObservers.handleReplyFuture(GrpcClientProtocolClient.java:381)
	at org.apache.ratis.grpc.client.GrpcClientProtocolClient$AsyncStreamObservers.access$100(GrpcClientProtocolClient.java:303)
	at org.apache.ratis.grpc.client.GrpcClientProtocolClient$AsyncStreamObservers$1.onNext(GrpcClientProtocolClient.java:325)
	at org.apache.ratis.grpc.client.GrpcClientProtocolClient$AsyncStreamObservers$1.onNext(GrpcClientProtocolClient.java:308)
	at org.apache.ratis.thirdparty.io.grpc.stub.ClientCalls$StreamObserverToCallListenerAdapter.onMessage(ClientCalls.java:468)
	at org.apache.ratis.thirdparty.io.grpc.ForwardingClientCallListener.onMessage(ForwardingClientCallListener.java:33)
	at org.apache.ratis.thirdparty.io.grpc.internal.DelayedClientCall$DelayedListener.onMessage(DelayedClientCall.java:473)
	at org.apache.ratis.thirdparty.io.grpc.internal.ClientCallImpl$ClientStreamListenerImpl$1MessagesAvailable.runInternal(ClientCallImpl.java:660)
	at org.apache.ratis.thirdparty.io.grpc.internal.ClientCallImpl$ClientStreamListenerImpl$1MessagesAvailable.runInContext(ClientCallImpl.java:647)
	at org.apache.ratis.thirdparty.io.grpc.internal.ContextRunnable.run(ContextRunnable.java:37)
	at org.apache.ratis.thirdparty.io.grpc.internal.SerializingExecutor.run(SerializingExecutor.java:133)
	at java.base/java.util.concurrent.ThreadPoolExecutor.runWorker(ThreadPoolExecutor.java:1144)
	at java.base/java.util.concurrent.ThreadPoolExecutor$Worker.run(ThreadPoolExecutor.java:642)
	at java.base/java.lang.Thread.run(Thread.java:1583)
Caused by: org.apache.ratis.protocol.exceptions.StateMachineException: org.apache.hadoop.hdds.scm.container.common.helpers.ContainerNotOpenException from Server f8181075-ae63-407a-b17c-78185f7d70dd@group-4B591AE0C988: Container 4 in UNHEALTHY state
	at org.apache.hadoop.ozone.container.common.impl.HddsDispatcher.validateContainerCommand(HddsDispatcher.java:565)
	at org.apache.hadoop.ozone.container.common.transport.server.ratis.ContainerStateMachine.startTransaction(ContainerStateMachine.java:488)
	at org.apache.ratis.server.impl.RaftServerImpl.writeAsyncImpl(RaftServerImpl.java:973)
	at org.apache.ratis.server.impl.RaftServerImpl.writeAsync(RaftServerImpl.java:946)
	at org.apache.ratis.server.impl.RaftServerImpl.replyFuture(RaftServerImpl.java:939)
	at org.apache.ratis.server.impl.RaftServerImpl.submitClientRequestAsync(RaftServerImpl.java:916)
	at org.apache.ratis.server.impl.RaftServerImpl.lambda$null$11(RaftServerImpl.java:905)
	at org.apache.ratis.util.JavaUtils.callAsUnchecked(JavaUtils.java:118)
	at org.apache.ratis.server.impl.RaftServerImpl.lambda$executeSubmitClientRequestAsync$12(RaftServerImpl.java:905)
	at java.base/java.util.concurrent.CompletableFuture$AsyncSupply.run(CompletableFuture.java:1768)
	... 3 more
Caused by: org.apache.hadoop.hdds.scm.container.common.helpers.ContainerNotOpenException: Container 4 in UNHEALTHY state
	at java.base/jdk.internal.reflect.DirectConstructorHandleAccessor.newInstance(DirectConstructorHandleAccessor.java:62)
	at java.base/java.lang.reflect.Constructor.newInstanceWithCaller(Constructor.java:502)
	at java.base/java.lang.reflect.Constructor.newInstance(Constructor.java:486)
	at org.apache.ratis.util.ReflectionUtils.instantiateException(ReflectionUtils.java:259)
	at org.apache.ratis.client.impl.ClientProtoUtils.toStateMachineException(ClientProtoUtils.java:455)
	at org.apache.ratis.client.impl.ClientProtoUtils.toStateMachineException(ClientProtoUtils.java:441)
	at org.apache.ratis.client.impl.ClientProtoUtils.toRaftClientReply(ClientProtoUtils.java:408)
	at org.apache.ratis.grpc.client.GrpcClientProtocolClient$AsyncStreamObservers$1.onNext(GrpcClientProtocolClient.java:313)
	at org.apache.ratis.grpc.client.GrpcClientProtocolClient$AsyncStreamObservers$1.onNext(GrpcClientProtocolClient.java:308)
	at org.apache.ratis.thirdparty.io.grpc.stub.ClientCalls$StreamObserverToCallListenerAdapter.onMessage(ClientCalls.java:468)
	at org.apache.ratis.thirdparty.io.grpc.ForwardingClientCallListener.onMessage(ForwardingClientCallListener.java:33)
	at org.apache.ratis.thirdparty.io.grpc.internal.DelayedClientCall$DelayedListener.onMessage(DelayedClientCall.java:473)
	at org.apache.ratis.thirdparty.io.grpc.internal.ClientCallImpl$ClientStreamListenerImpl$1MessagesAvailable.runInternal(ClientCallImpl.java:660)
	at org.apache.ratis.thirdparty.io.grpc.internal.ClientCallImpl$ClientStreamListenerImpl$1MessagesAvailable.runInContext(ClientCallImpl.java:647)
	at org.apache.ratis.thirdparty.io.grpc.internal.ContextRunnable.run(ContextRunnable.java:37)
	at org.apache.ratis.thirdparty.io.grpc.internal.SerializingExecutor.run(SerializingExecutor.java:133)
	... 3 more
2025-05-14 02:53:55,235 [grpc-default-executor-1] ERROR impl.OrderedAsync (OrderedAsync.java:lambda$send$4(181)) - Failed to send request, message=cmdType: WriteChunk
traceID: ""
containerID: 4
datanodeUuid: "f8181075-ae63-407a-b17c-78185f7d70dd"
writeChunk {
  blockID {
    containerID: 4
    localID: 115816896921600004
    blockCommitSequenceId: 0
  }
  chunkData {
    chunkName: "115816896921600004.data.0"
    offset: 0
    len: 5
    checksumData {
      type: CRC32
      bytesPerChecksum: 1048576
      checksums: "\222\203n\346"
    }
  }
}
version: 3
, data.size=5
java.util.concurrent.CompletionException: org.apache.ratis.protocol.exceptions.StateMachineException: org.apache.hadoop.hdds.scm.container.common.helpers.ContainerNotOpenException from Server f8181075-ae63-407a-b17c-78185f7d70dd@group-4B591AE0C988: Container 4 in UNHEALTHY state
	at org.apache.ratis.client.impl.RaftClientImpl.handleRaftException(RaftClientImpl.java:373)
	at org.apache.ratis.client.impl.OrderedAsync.lambda$send$3(OrderedAsync.java:175)
	at java.base/java.util.concurrent.CompletableFuture$UniApply.tryFire(CompletableFuture.java:646)
	at java.base/java.util.concurrent.CompletableFuture.postComplete(CompletableFuture.java:510)
	at java.base/java.util.concurrent.CompletableFuture.complete(CompletableFuture.java:2179)
	at org.apache.ratis.client.impl.OrderedAsync$PendingOrderedRequest.setReply(OrderedAsync.java:105)
	at org.apache.ratis.client.impl.OrderedAsync$PendingOrderedRequest.setReply(OrderedAsync.java:66)
	at org.apache.ratis.util.SlidingWindow$RequestMap.setReply(SlidingWindow.java:147)
	at org.apache.ratis.util.SlidingWindow$Client.receiveReply(SlidingWindow.java:351)
	at org.apache.ratis.client.impl.OrderedAsync.lambda$sendRequestWithRetry$5(OrderedAsync.java:210)
	at java.base/java.util.concurrent.CompletableFuture$UniAccept.tryFire(CompletableFuture.java:718)
	at java.base/java.util.concurrent.CompletableFuture.postComplete(CompletableFuture.java:510)
	at java.base/java.util.concurrent.CompletableFuture.complete(CompletableFuture.java:2179)
	at org.apache.ratis.grpc.client.GrpcClientProtocolClient$AsyncStreamObservers$1.lambda$onNext$0(GrpcClientProtocolClient.java:325)
	at java.base/java.util.Optional.ifPresent(Optional.java:178)
	at org.apache.ratis.grpc.client.GrpcClientProtocolClient$AsyncStreamObservers.handleReplyFuture(GrpcClientProtocolClient.java:381)
	at org.apache.ratis.grpc.client.GrpcClientProtocolClient$AsyncStreamObservers.access$100(GrpcClientProtocolClient.java:303)
	at org.apache.ratis.grpc.client.GrpcClientProtocolClient$AsyncStreamObservers$1.onNext(GrpcClientProtocolClient.java:325)
	at org.apache.ratis.grpc.client.GrpcClientProtocolClient$AsyncStreamObservers$1.onNext(GrpcClientProtocolClient.java:308)
	at org.apache.ratis.thirdparty.io.grpc.stub.ClientCalls$StreamObserverToCallListenerAdapter.onMessage(ClientCalls.java:468)
	at org.apache.ratis.thirdparty.io.grpc.ForwardingClientCallListener.onMessage(ForwardingClientCallListener.java:33)
	at org.apache.ratis.thirdparty.io.grpc.internal.DelayedClientCall$DelayedListener.onMessage(DelayedClientCall.java:473)
	at org.apache.ratis.thirdparty.io.grpc.internal.ClientCallImpl$ClientStreamListenerImpl$1MessagesAvailable.runInternal(ClientCallImpl.java:660)
	at org.apache.ratis.thirdparty.io.grpc.internal.ClientCallImpl$ClientStreamListenerImpl$1MessagesAvailable.runInContext(ClientCallImpl.java:647)
	at org.apache.ratis.thirdparty.io.grpc.internal.ContextRunnable.run(ContextRunnable.java:37)
	at org.apache.ratis.thirdparty.io.grpc.internal.SerializingExecutor.run(SerializingExecutor.java:133)
	at java.base/java.util.concurrent.ThreadPoolExecutor.runWorker(ThreadPoolExecutor.java:1144)
	at java.base/java.util.concurrent.ThreadPoolExecutor$Worker.run(ThreadPoolExecutor.java:642)
	at java.base/java.lang.Thread.run(Thread.java:1583)
Caused by: org.apache.ratis.protocol.exceptions.StateMachineException: org.apache.hadoop.hdds.scm.container.common.helpers.ContainerNotOpenException from Server f8181075-ae63-407a-b17c-78185f7d70dd@group-4B591AE0C988: Container 4 in UNHEALTHY state
	at org.apache.hadoop.ozone.container.common.impl.HddsDispatcher.validateContainerCommand(HddsDispatcher.java:565)
	at org.apache.hadoop.ozone.container.common.transport.server.ratis.ContainerStateMachine.startTransaction(ContainerStateMachine.java:488)
	at org.apache.ratis.server.impl.RaftServerImpl.writeAsyncImpl(RaftServerImpl.java:973)
	at org.apache.ratis.server.impl.RaftServerImpl.writeAsync(RaftServerImpl.java:946)
	at org.apache.ratis.server.impl.RaftServerImpl.replyFuture(RaftServerImpl.java:939)
	at org.apache.ratis.server.impl.RaftServerImpl.submitClientRequestAsync(RaftServerImpl.java:916)
	at org.apache.ratis.server.impl.RaftServerImpl.lambda$null$11(RaftServerImpl.java:905)
	at org.apache.ratis.util.JavaUtils.callAsUnchecked(JavaUtils.java:118)
	at org.apache.ratis.server.impl.RaftServerImpl.lambda$executeSubmitClientRequestAsync$12(RaftServerImpl.java:905)
	at java.base/java.util.concurrent.CompletableFuture$AsyncSupply.run(CompletableFuture.java:1768)
	... 3 more
Caused by: org.apache.hadoop.hdds.scm.container.common.helpers.ContainerNotOpenException: Container 4 in UNHEALTHY state
	at java.base/jdk.internal.reflect.DirectConstructorHandleAccessor.newInstance(DirectConstructorHandleAccessor.java:62)
	at java.base/java.lang.reflect.Constructor.newInstanceWithCaller(Constructor.java:502)
	at java.base/java.lang.reflect.Constructor.newInstance(Constructor.java:486)
	at org.apache.ratis.util.ReflectionUtils.instantiateException(ReflectionUtils.java:259)
	at org.apache.ratis.client.impl.ClientProtoUtils.toStateMachineException(ClientProtoUtils.java:455)
	at org.apache.ratis.client.impl.ClientProtoUtils.toStateMachineException(ClientProtoUtils.java:441)
	at org.apache.ratis.client.impl.ClientProtoUtils.toRaftClientReply(ClientProtoUtils.java:408)
	at org.apache.ratis.grpc.client.GrpcClientProtocolClient$AsyncStreamObservers$1.onNext(GrpcClientProtocolClient.java:313)
	at org.apache.ratis.grpc.client.GrpcClientProtocolClient$AsyncStreamObservers$1.onNext(GrpcClientProtocolClient.java:308)
	at org.apache.ratis.thirdparty.io.grpc.stub.ClientCalls$StreamObserverToCallListenerAdapter.onMessage(ClientCalls.java:468)
	at org.apache.ratis.thirdparty.io.grpc.ForwardingClientCallListener.onMessage(ForwardingClientCallListener.java:33)
	at org.apache.ratis.thirdparty.io.grpc.internal.DelayedClientCall$DelayedListener.onMessage(DelayedClientCall.java:473)
	at org.apache.ratis.thirdparty.io.grpc.internal.ClientCallImpl$ClientStreamListenerImpl$1MessagesAvailable.runInternal(ClientCallImpl.java:660)
	at org.apache.ratis.thirdparty.io.grpc.internal.ClientCallImpl$ClientStreamListenerImpl$1MessagesAvailable.runInContext(ClientCallImpl.java:647)
	at org.apache.ratis.thirdparty.io.grpc.internal.ContextRunnable.run(ContextRunnable.java:37)
	at org.apache.ratis.thirdparty.io.grpc.internal.SerializingExecutor.run(SerializingExecutor.java:133)
	... 3 more
02:53:55.235 [f8181075-ae63-407a-b17c-78185f7d70dd-client-thread3] ERROR DNAudit - user=null | ip=null | op=WRITE_CHUNK {blockData=conID: 4 locID: 115816896921600004 bcsId: 0 replicaIndex: null, offset=0, size=5} | ret=FAILURE
org.apache.hadoop.hdds.scm.container.common.helpers.ContainerNotOpenException: Container 4 in UNHEALTHY state
	at org.apache.hadoop.ozone.container.common.impl.HddsDispatcher.validateContainerCommand(HddsDispatcher.java:565) ~[hdds-container-service-2.1.0-SNAPSHOT.jar:?]
	at org.apache.hadoop.ozone.container.common.transport.server.ratis.ContainerStateMachine.startTransaction(ContainerStateMachine.java:488) ~[hdds-container-service-2.1.0-SNAPSHOT.jar:?]
	at org.apache.ratis.server.impl.RaftServerImpl.writeAsyncImpl(RaftServerImpl.java:973) ~[ratis-server-3.1.2.jar:3.1.2]
	at org.apache.ratis.server.impl.RaftServerImpl.writeAsync(RaftServerImpl.java:946) ~[ratis-server-3.1.2.jar:3.1.2]
	at org.apache.ratis.server.impl.RaftServerImpl.replyFuture(RaftServerImpl.java:939) ~[ratis-server-3.1.2.jar:3.1.2]
	at org.apache.ratis.server.impl.RaftServerImpl.submitClientRequestAsync(RaftServerImpl.java:916) ~[ratis-server-3.1.2.jar:3.1.2]
	at org.apache.ratis.server.impl.RaftServerImpl.lambda$null$11(RaftServerImpl.java:905) ~[ratis-server-3.1.2.jar:3.1.2]
	at org.apache.ratis.util.JavaUtils.callAsUnchecked(JavaUtils.java:118) ~[ratis-common-3.1.2.jar:3.1.2]
	at org.apache.ratis.server.impl.RaftServerImpl.lambda$executeSubmitClientRequestAsync$12(RaftServerImpl.java:905) ~[ratis-server-3.1.2.jar:3.1.2]
	at java.base/java.util.concurrent.CompletableFuture$AsyncSupply.run(CompletableFuture.java:1768) ~[?:?]
	at java.base/java.util.concurrent.ThreadPoolExecutor.runWorker(ThreadPoolExecutor.java:1144) ~[?:?]
	at java.base/java.util.concurrent.ThreadPoolExecutor$Worker.run(ThreadPoolExecutor.java:642) ~[?:?]
	at java.base/java.lang.Thread.run(Thread.java:1583) [?:?]
2025-05-14 02:53:55,237 [grpc-default-executor-1] ERROR impl.OrderedAsync (OrderedAsync.java:lambda$send$4(181)) - Failed to send request, message=cmdType: WriteChunk
traceID: ""
containerID: 4
datanodeUuid: "f8181075-ae63-407a-b17c-78185f7d70dd"
writeChunk {
  blockID {
    containerID: 4
    localID: 115816896921600004
    blockCommitSequenceId: 0
  }
  chunkData {
    chunkName: "115816896921600004.data.0"
    offset: 0
    len: 5
    checksumData {
      type: CRC32
      bytesPerChecksum: 1048576
      checksums: "Ju\323G"
    }
  }
}
version: 3
, data.size=5
java.util.concurrent.CompletionException: org.apache.ratis.protocol.exceptions.StateMachineException: org.apache.hadoop.hdds.scm.container.common.helpers.ContainerNotOpenException from Server f8181075-ae63-407a-b17c-78185f7d70dd@group-4B591AE0C988: Container 4 in UNHEALTHY state
	at org.apache.ratis.client.impl.RaftClientImpl.handleRaftException(RaftClientImpl.java:373)
	at org.apache.ratis.client.impl.OrderedAsync.lambda$send$3(OrderedAsync.java:175)
	at java.base/java.util.concurrent.CompletableFuture$UniApply.tryFire(CompletableFuture.java:646)
	at java.base/java.util.concurrent.CompletableFuture.postComplete(CompletableFuture.java:510)
	at java.base/java.util.concurrent.CompletableFuture.complete(CompletableFuture.java:2179)
	at org.apache.ratis.client.impl.OrderedAsync$PendingOrderedRequest.setReply(OrderedAsync.java:105)
	at org.apache.ratis.client.impl.OrderedAsync$PendingOrderedRequest.setReply(OrderedAsync.java:66)
	at org.apache.ratis.util.SlidingWindow$RequestMap.setReply(SlidingWindow.java:147)
	at org.apache.ratis.util.SlidingWindow$Client.receiveReply(SlidingWindow.java:351)
	at org.apache.ratis.client.impl.OrderedAsync.lambda$sendRequestWithRetry$5(OrderedAsync.java:210)
	at java.base/java.util.concurrent.CompletableFuture$UniAccept.tryFire(CompletableFuture.java:718)
	at java.base/java.util.concurrent.CompletableFuture.postComplete(CompletableFuture.java:510)
	at java.base/java.util.concurrent.CompletableFuture.complete(CompletableFuture.java:2179)
	at org.apache.ratis.grpc.client.GrpcClientProtocolClient$AsyncStreamObservers$1.lambda$onNext$0(GrpcClientProtocolClient.java:325)
	at java.base/java.util.Optional.ifPresent(Optional.java:178)
	at org.apache.ratis.grpc.client.GrpcClientProtocolClient$AsyncStreamObservers.handleReplyFuture(GrpcClientProtocolClient.java:381)
	at org.apache.ratis.grpc.client.GrpcClientProtocolClient$AsyncStreamObservers.access$100(GrpcClientProtocolClient.java:303)
	at org.apache.ratis.grpc.client.GrpcClientProtocolClient$AsyncStreamObservers$1.onNext(GrpcClientProtocolClient.java:325)
	at org.apache.ratis.grpc.client.GrpcClientProtocolClient$AsyncStreamObservers$1.onNext(GrpcClientProtocolClient.java:308)
	at org.apache.ratis.thirdparty.io.grpc.stub.ClientCalls$StreamObserverToCallListenerAdapter.onMessage(ClientCalls.java:468)
	at org.apache.ratis.thirdparty.io.grpc.ForwardingClientCallListener.onMessage(ForwardingClientCallListener.java:33)
	at org.apache.ratis.thirdparty.io.grpc.internal.DelayedClientCall$DelayedListener.onMessage(DelayedClientCall.java:473)
	at org.apache.ratis.thirdparty.io.grpc.internal.ClientCallImpl$ClientStreamListenerImpl$1MessagesAvailable.runInternal(ClientCallImpl.java:660)
	at org.apache.ratis.thirdparty.io.grpc.internal.ClientCallImpl$ClientStreamListenerImpl$1MessagesAvailable.runInContext(ClientCallImpl.java:647)
	at org.apache.ratis.thirdparty.io.grpc.internal.ContextRunnable.run(ContextRunnable.java:37)
	at org.apache.ratis.thirdparty.io.grpc.internal.SerializingExecutor.run(SerializingExecutor.java:133)
	at java.base/java.util.concurrent.ThreadPoolExecutor.runWorker(ThreadPoolExecutor.java:1144)
	at java.base/java.util.concurrent.ThreadPoolExecutor$Worker.run(ThreadPoolExecutor.java:642)
	at java.base/java.lang.Thread.run(Thread.java:1583)
Caused by: org.apache.ratis.protocol.exceptions.StateMachineException: org.apache.hadoop.hdds.scm.container.common.helpers.ContainerNotOpenException from Server f8181075-ae63-407a-b17c-78185f7d70dd@group-4B591AE0C988: Container 4 in UNHEALTHY state
	at org.apache.hadoop.ozone.container.common.impl.HddsDispatcher.validateContainerCommand(HddsDispatcher.java:565)
	at org.apache.hadoop.ozone.container.common.transport.server.ratis.ContainerStateMachine.startTransaction(ContainerStateMachine.java:488)
	at org.apache.ratis.server.impl.RaftServerImpl.writeAsyncImpl(RaftServerImpl.java:973)
	at org.apache.ratis.server.impl.RaftServerImpl.writeAsync(RaftServerImpl.java:946)
	at org.apache.ratis.server.impl.RaftServerImpl.replyFuture(RaftServerImpl.java:939)
	at org.apache.ratis.server.impl.RaftServerImpl.submitClientRequestAsync(RaftServerImpl.java:916)
	at org.apache.ratis.server.impl.RaftServerImpl.lambda$null$11(RaftServerImpl.java:905)
	at org.apache.ratis.util.JavaUtils.callAsUnchecked(JavaUtils.java:118)
	at org.apache.ratis.server.impl.RaftServerImpl.lambda$executeSubmitClientRequestAsync$12(RaftServerImpl.java:905)
	at java.base/java.util.concurrent.CompletableFuture$AsyncSupply.run(CompletableFuture.java:1768)
	... 3 more
Caused by: org.apache.hadoop.hdds.scm.container.common.helpers.ContainerNotOpenException: Container 4 in UNHEALTHY state
	at java.base/jdk.internal.reflect.DirectConstructorHandleAccessor.newInstance(DirectConstructorHandleAccessor.java:62)
	at java.base/java.lang.reflect.Constructor.newInstanceWithCaller(Constructor.java:502)
	at java.base/java.lang.reflect.Constructor.newInstance(Constructor.java:486)
	at org.apache.ratis.util.ReflectionUtils.instantiateException(ReflectionUtils.java:259)
	at org.apache.ratis.client.impl.ClientProtoUtils.toStateMachineException(ClientProtoUtils.java:455)
	at org.apache.ratis.client.impl.ClientProtoUtils.toStateMachineException(ClientProtoUtils.java:441)
	at org.apache.ratis.client.impl.ClientProtoUtils.toRaftClientReply(ClientProtoUtils.java:408)
	at org.apache.ratis.grpc.client.GrpcClientProtocolClient$AsyncStreamObservers$1.onNext(GrpcClientProtocolClient.java:313)
	at org.apache.ratis.grpc.client.GrpcClientProtocolClient$AsyncStreamObservers$1.onNext(GrpcClientProtocolClient.java:308)
	at org.apache.ratis.thirdparty.io.grpc.stub.ClientCalls$StreamObserverToCallListenerAdapter.onMessage(ClientCalls.java:468)
	at org.apache.ratis.thirdparty.io.grpc.ForwardingClientCallListener.onMessage(ForwardingClientCallListener.java:33)
	at org.apache.ratis.thirdparty.io.grpc.internal.DelayedClientCall$DelayedListener.onMessage(DelayedClientCall.java:473)
	at org.apache.ratis.thirdparty.io.grpc.internal.ClientCallImpl$ClientStreamListenerImpl$1MessagesAvailable.runInternal(ClientCallImpl.java:660)
	at org.apache.ratis.thirdparty.io.grpc.internal.ClientCallImpl$ClientStreamListenerImpl$1MessagesAvailable.runInContext(ClientCallImpl.java:647)
	at org.apache.ratis.thirdparty.io.grpc.internal.ContextRunnable.run(ContextRunnable.java:37)
	at org.apache.ratis.thirdparty.io.grpc.internal.SerializingExecutor.run(SerializingExecutor.java:133)
	... 3 more
02:53:55.237 [f8181075-ae63-407a-b17c-78185f7d70dd-client-thread3] ERROR DNAudit - user=null | ip=null | op=WRITE_CHUNK {blockData=conID: 4 locID: 115816896921600004 bcsId: 0 replicaIndex: null, offset=0, size=5} | ret=FAILURE
org.apache.hadoop.hdds.scm.container.common.helpers.ContainerNotOpenException: Container 4 in UNHEALTHY state
	at org.apache.hadoop.ozone.container.common.impl.HddsDispatcher.validateContainerCommand(HddsDispatcher.java:565) ~[hdds-container-service-2.1.0-SNAPSHOT.jar:?]
	at org.apache.hadoop.ozone.container.common.transport.server.ratis.ContainerStateMachine.startTransaction(ContainerStateMachine.java:488) ~[hdds-container-service-2.1.0-SNAPSHOT.jar:?]
	at org.apache.ratis.server.impl.RaftServerImpl.writeAsyncImpl(RaftServerImpl.java:973) ~[ratis-server-3.1.2.jar:3.1.2]
	at org.apache.ratis.server.impl.RaftServerImpl.writeAsync(RaftServerImpl.java:946) ~[ratis-server-3.1.2.jar:3.1.2]
	at org.apache.ratis.server.impl.RaftServerImpl.replyFuture(RaftServerImpl.java:939) ~[ratis-server-3.1.2.jar:3.1.2]
	at org.apache.ratis.server.impl.RaftServerImpl.submitClientRequestAsync(RaftServerImpl.java:916) ~[ratis-server-3.1.2.jar:3.1.2]
	at org.apache.ratis.server.impl.RaftServerImpl.lambda$null$11(RaftServerImpl.java:905) ~[ratis-server-3.1.2.jar:3.1.2]
	at org.apache.ratis.util.JavaUtils.callAsUnchecked(JavaUtils.java:118) ~[ratis-common-3.1.2.jar:3.1.2]
	at org.apache.ratis.server.impl.RaftServerImpl.lambda$executeSubmitClientRequestAsync$12(RaftServerImpl.java:905) ~[ratis-server-3.1.2.jar:3.1.2]
	at java.base/java.util.concurrent.CompletableFuture$AsyncSupply.run(CompletableFuture.java:1768) ~[?:?]
	at java.base/java.util.concurrent.ThreadPoolExecutor.runWorker(ThreadPoolExecutor.java:1144) ~[?:?]
	at java.base/java.util.concurrent.ThreadPoolExecutor$Worker.run(ThreadPoolExecutor.java:642) ~[?:?]
	at java.base/java.lang.Thread.run(Thread.java:1583) [?:?]
02:53:55.239 [f8181075-ae63-407a-b17c-78185f7d70dd-client-thread1] ERROR DNAudit - user=null | ip=null | op=WRITE_CHUNK {blockData=conID: 4 locID: 115816896921600004 bcsId: 0 replicaIndex: null, offset=0, size=5} | ret=FAILURE
org.apache.hadoop.hdds.scm.container.common.helpers.ContainerNotOpenException: Container 4 in UNHEALTHY state
	at org.apache.hadoop.ozone.container.common.impl.HddsDispatcher.validateContainerCommand(HddsDispatcher.java:565) ~[hdds-container-service-2.1.0-SNAPSHOT.jar:?]
	at org.apache.hadoop.ozone.container.common.transport.server.ratis.ContainerStateMachine.startTransaction(ContainerStateMachine.java:488) ~[hdds-container-service-2.1.0-SNAPSHOT.jar:?]
	at org.apache.ratis.server.impl.RaftServerImpl.writeAsyncImpl(RaftServerImpl.java:973) ~[ratis-server-3.1.2.jar:3.1.2]
	at org.apache.ratis.server.impl.RaftServerImpl.writeAsync(RaftServerImpl.java:946) ~[ratis-server-3.1.2.jar:3.1.2]
	at org.apache.ratis.server.impl.RaftServerImpl.replyFuture(RaftServerImpl.java:939) ~[ratis-server-3.1.2.jar:3.1.2]
	at org.apache.ratis.server.impl.RaftServerImpl.submitClientRequestAsync(RaftServerImpl.java:916) ~[ratis-server-3.1.2.jar:3.1.2]
	at org.apache.ratis.server.impl.RaftServerImpl.lambda$null$11(RaftServerImpl.java:905) ~[ratis-server-3.1.2.jar:3.1.2]
	at org.apache.ratis.util.JavaUtils.callAsUnchecked(JavaUtils.java:118) ~[ratis-common-3.1.2.jar:3.1.2]
	at org.apache.ratis.server.impl.RaftServerImpl.lambda$executeSubmitClientRequestAsync$12(RaftServerImpl.java:905) ~[ratis-server-3.1.2.jar:3.1.2]
	at java.base/java.util.concurrent.CompletableFuture$AsyncSupply.run(CompletableFuture.java:1768) ~[?:?]
	at java.base/java.util.concurrent.ThreadPoolExecutor.runWorker(ThreadPoolExecutor.java:1144) ~[?:?]
	at java.base/java.util.concurrent.ThreadPoolExecutor$Worker.run(ThreadPoolExecutor.java:642) ~[?:?]
	at java.base/java.lang.Thread.run(Thread.java:1583) [?:?]
02:53:55.240 [f8181075-ae63-407a-b17c-78185f7d70dd-client-thread3] ERROR DNAudit - user=null | ip=null | op=WRITE_CHUNK {blockData=conID: 4 locID: 115816896921600004 bcsId: 0 replicaIndex: null, offset=0, size=5} | ret=FAILURE
org.apache.hadoop.hdds.scm.container.common.helpers.ContainerNotOpenException: Container 4 in UNHEALTHY state
	at org.apache.hadoop.ozone.container.common.impl.HddsDispatcher.validateContainerCommand(HddsDispatcher.java:565) ~[hdds-container-service-2.1.0-SNAPSHOT.jar:?]
	at org.apache.hadoop.ozone.container.common.transport.server.ratis.ContainerStateMachine.startTransaction(ContainerStateMachine.java:488) ~[hdds-container-service-2.1.0-SNAPSHOT.jar:?]
	at org.apache.ratis.server.impl.RaftServerImpl.writeAsyncImpl(RaftServerImpl.java:973) ~[ratis-server-3.1.2.jar:3.1.2]
	at org.apache.ratis.server.impl.RaftServerImpl.writeAsync(RaftServerImpl.java:946) ~[ratis-server-3.1.2.jar:3.1.2]
	at org.apache.ratis.server.impl.RaftServerImpl.replyFuture(RaftServerImpl.java:939) ~[ratis-server-3.1.2.jar:3.1.2]
	at org.apache.ratis.server.impl.RaftServerImpl.submitClientRequestAsync(RaftServerImpl.java:916) ~[ratis-server-3.1.2.jar:3.1.2]
	at org.apache.ratis.server.impl.RaftServerImpl.lambda$null$11(RaftServerImpl.java:905) ~[ratis-server-3.1.2.jar:3.1.2]
	at org.apache.ratis.util.JavaUtils.callAsUnchecked(JavaUtils.java:118) ~[ratis-common-3.1.2.jar:3.1.2]
	at org.apache.ratis.server.impl.RaftServerImpl.lambda$executeSubmitClientRequestAsync$12(RaftServerImpl.java:905) ~[ratis-server-3.1.2.jar:3.1.2]
	at java.base/java.util.concurrent.CompletableFuture$AsyncSupply.run(CompletableFuture.java:1768) ~[?:?]
	at java.base/java.util.concurrent.ThreadPoolExecutor.runWorker(ThreadPoolExecutor.java:1144) ~[?:?]
	at java.base/java.util.concurrent.ThreadPoolExecutor$Worker.run(ThreadPoolExecutor.java:642) ~[?:?]
	at java.base/java.lang.Thread.run(Thread.java:1583) [?:?]
02:53:55.240 [f8181075-ae63-407a-b17c-78185f7d70dd-client-thread3] ERROR DNAudit - user=null | ip=null | op=WRITE_CHUNK {blockData=conID: 4 locID: 115816896921600004 bcsId: 0 replicaIndex: null, offset=0, size=5} | ret=FAILURE
org.apache.hadoop.hdds.scm.container.common.helpers.ContainerNotOpenException: Container 4 in UNHEALTHY state
	at org.apache.hadoop.ozone.container.common.impl.HddsDispatcher.validateContainerCommand(HddsDispatcher.java:565) ~[hdds-container-service-2.1.0-SNAPSHOT.jar:?]
	at org.apache.hadoop.ozone.container.common.transport.server.ratis.ContainerStateMachine.startTransaction(ContainerStateMachine.java:488) ~[hdds-container-service-2.1.0-SNAPSHOT.jar:?]
	at org.apache.ratis.server.impl.RaftServerImpl.writeAsyncImpl(RaftServerImpl.java:973) ~[ratis-server-3.1.2.jar:3.1.2]
	at org.apache.ratis.server.impl.RaftServerImpl.writeAsync(RaftServerImpl.java:946) ~[ratis-server-3.1.2.jar:3.1.2]
	at org.apache.ratis.server.impl.RaftServerImpl.replyFuture(RaftServerImpl.java:939) ~[ratis-server-3.1.2.jar:3.1.2]
	at org.apache.ratis.server.impl.RaftServerImpl.submitClientRequestAsync(RaftServerImpl.java:916) ~[ratis-server-3.1.2.jar:3.1.2]
	at org.apache.ratis.server.impl.RaftServerImpl.lambda$null$11(RaftServerImpl.java:905) ~[ratis-server-3.1.2.jar:3.1.2]
	at org.apache.ratis.util.JavaUtils.callAsUnchecked(JavaUtils.java:118) ~[ratis-common-3.1.2.jar:3.1.2]
	at org.apache.ratis.server.impl.RaftServerImpl.lambda$executeSubmitClientRequestAsync$12(RaftServerImpl.java:905) ~[ratis-server-3.1.2.jar:3.1.2]
	at java.base/java.util.concurrent.CompletableFuture$AsyncSupply.run(CompletableFuture.java:1768) ~[?:?]
	at java.base/java.util.concurrent.ThreadPoolExecutor.runWorker(ThreadPoolExecutor.java:1144) ~[?:?]
	at java.base/java.util.concurrent.ThreadPoolExecutor$Worker.run(ThreadPoolExecutor.java:642) ~[?:?]
	at java.base/java.lang.Thread.run(Thread.java:1583) [?:?]
2025-05-14 02:53:55,241 [grpc-default-executor-2] ERROR impl.OrderedAsync (OrderedAsync.java:lambda$send$4(181)) - Failed to send request, message=cmdType: WriteChunk
traceID: ""
containerID: 4
datanodeUuid: "f8181075-ae63-407a-b17c-78185f7d70dd"
writeChunk {
  blockID {
    containerID: 4
    localID: 115816896921600004
    blockCommitSequenceId: 0
  }
  chunkData {
    chunkName: "115816896921600004.data.0"
    offset: 0
    len: 5
    checksumData {
      type: CRC32
      bytesPerChecksum: 1048576
      checksums: "\230`\343\254"
    }
  }
}
version: 3
, data.size=5
java.util.concurrent.CompletionException: org.apache.ratis.protocol.exceptions.StateMachineException: org.apache.hadoop.hdds.scm.container.common.helpers.ContainerNotOpenException from Server f8181075-ae63-407a-b17c-78185f7d70dd@group-4B591AE0C988: Container 4 in UNHEALTHY state
	at org.apache.ratis.client.impl.RaftClientImpl.handleRaftException(RaftClientImpl.java:373)
	at org.apache.ratis.client.impl.OrderedAsync.lambda$send$3(OrderedAsync.java:175)
	at java.base/java.util.concurrent.CompletableFuture$UniApply.tryFire(CompletableFuture.java:646)
	at java.base/java.util.concurrent.CompletableFuture.postComplete(CompletableFuture.java:510)
	at java.base/java.util.concurrent.CompletableFuture.complete(CompletableFuture.java:2179)
	at org.apache.ratis.client.impl.OrderedAsync$PendingOrderedRequest.setReply(OrderedAsync.java:105)
	at org.apache.ratis.client.impl.OrderedAsync$PendingOrderedRequest.setReply(OrderedAsync.java:66)
	at org.apache.ratis.util.SlidingWindow$RequestMap.setReply(SlidingWindow.java:147)
	at org.apache.ratis.util.SlidingWindow$Client.receiveReply(SlidingWindow.java:351)
	at org.apache.ratis.client.impl.OrderedAsync.lambda$sendRequestWithRetry$5(OrderedAsync.java:210)
	at java.base/java.util.concurrent.CompletableFuture$UniAccept.tryFire(CompletableFuture.java:718)
	at java.base/java.util.concurrent.CompletableFuture.postComplete(CompletableFuture.java:510)
	at java.base/java.util.concurrent.CompletableFuture.complete(CompletableFuture.java:2179)
	at org.apache.ratis.grpc.client.GrpcClientProtocolClient$AsyncStreamObservers$1.lambda$onNext$0(GrpcClientProtocolClient.java:325)
	at java.base/java.util.Optional.ifPresent(Optional.java:178)
	at org.apache.ratis.grpc.client.GrpcClientProtocolClient$AsyncStreamObservers.handleReplyFuture(GrpcClientProtocolClient.java:381)
	at org.apache.ratis.grpc.client.GrpcClientProtocolClient$AsyncStreamObservers.access$100(GrpcClientProtocolClient.java:303)
	at org.apache.ratis.grpc.client.GrpcClientProtocolClient$AsyncStreamObservers$1.onNext(GrpcClientProtocolClient.java:325)
	at org.apache.ratis.grpc.client.GrpcClientProtocolClient$AsyncStreamObservers$1.onNext(GrpcClientProtocolClient.java:308)
	at org.apache.ratis.thirdparty.io.grpc.stub.ClientCalls$StreamObserverToCallListenerAdapter.onMessage(ClientCalls.java:468)
	at org.apache.ratis.thirdparty.io.grpc.ForwardingClientCallListener.onMessage(ForwardingClientCallListener.java:33)
	at org.apache.ratis.thirdparty.io.grpc.internal.DelayedClientCall$DelayedListener.onMessage(DelayedClientCall.java:473)
	at org.apache.ratis.thirdparty.io.grpc.internal.ClientCallImpl$ClientStreamListenerImpl$1MessagesAvailable.runInternal(ClientCallImpl.java:660)
	at org.apache.ratis.thirdparty.io.grpc.internal.ClientCallImpl$ClientStreamListenerImpl$1MessagesAvailable.runInContext(ClientCallImpl.java:647)
	at org.apache.ratis.thirdparty.io.grpc.internal.ContextRunnable.run(ContextRunnable.java:37)
	at org.apache.ratis.thirdparty.io.grpc.internal.SerializingExecutor.run(SerializingExecutor.java:133)
	at java.base/java.util.concurrent.ThreadPoolExecutor.runWorker(ThreadPoolExecutor.java:1144)
	at java.base/java.util.concurrent.ThreadPoolExecutor$Worker.run(ThreadPoolExecutor.java:642)
	at java.base/java.lang.Thread.run(Thread.java:1583)
Caused by: org.apache.ratis.protocol.exceptions.StateMachineException: org.apache.hadoop.hdds.scm.container.common.helpers.ContainerNotOpenException from Server f8181075-ae63-407a-b17c-78185f7d70dd@group-4B591AE0C988: Container 4 in UNHEALTHY state
	at org.apache.hadoop.ozone.container.common.impl.HddsDispatcher.validateContainerCommand(HddsDispatcher.java:565)
	at org.apache.hadoop.ozone.container.common.transport.server.ratis.ContainerStateMachine.startTransaction(ContainerStateMachine.java:488)
	at org.apache.ratis.server.impl.RaftServerImpl.writeAsyncImpl(RaftServerImpl.java:973)
	at org.apache.ratis.server.impl.RaftServerImpl.writeAsync(RaftServerImpl.java:946)
	at org.apache.ratis.server.impl.RaftServerImpl.replyFuture(RaftServerImpl.java:939)
	at org.apache.ratis.server.impl.RaftServerImpl.submitClientRequestAsync(RaftServerImpl.java:916)
	at org.apache.ratis.server.impl.RaftServerImpl.lambda$null$11(RaftServerImpl.java:905)
	at org.apache.ratis.util.JavaUtils.callAsUnchecked(JavaUtils.java:118)
	at org.apache.ratis.server.impl.RaftServerImpl.lambda$executeSubmitClientRequestAsync$12(RaftServerImpl.java:905)
	at java.base/java.util.concurrent.CompletableFuture$AsyncSupply.run(CompletableFuture.java:1768)
	... 3 more
Caused by: org.apache.hadoop.hdds.scm.container.common.helpers.ContainerNotOpenException: Container 4 in UNHEALTHY state
	at java.base/jdk.internal.reflect.DirectConstructorHandleAccessor.newInstance(DirectConstructorHandleAccessor.java:62)
	at java.base/java.lang.reflect.Constructor.newInstanceWithCaller(Constructor.java:502)
	at java.base/java.lang.reflect.Constructor.newInstance(Constructor.java:486)
	at org.apache.ratis.util.ReflectionUtils.instantiateException(ReflectionUtils.java:259)
	at org.apache.ratis.client.impl.ClientProtoUtils.toStateMachineException(ClientProtoUtils.java:455)
	at org.apache.ratis.client.impl.ClientProtoUtils.toStateMachineException(ClientProtoUtils.java:441)
	at org.apache.ratis.client.impl.ClientProtoUtils.toRaftClientReply(ClientProtoUtils.java:408)
	at org.apache.ratis.grpc.client.GrpcClientProtocolClient$AsyncStreamObservers$1.onNext(GrpcClientProtocolClient.java:313)
	at org.apache.ratis.grpc.client.GrpcClientProtocolClient$AsyncStreamObservers$1.onNext(GrpcClientProtocolClient.java:308)
	at org.apache.ratis.thirdparty.io.grpc.stub.ClientCalls$StreamObserverToCallListenerAdapter.onMessage(ClientCalls.java:468)
	at org.apache.ratis.thirdparty.io.grpc.ForwardingClientCallListener.onMessage(ForwardingClientCallListener.java:33)
	at org.apache.ratis.thirdparty.io.grpc.internal.DelayedClientCall$DelayedListener.onMessage(DelayedClientCall.java:473)
	at org.apache.ratis.thirdparty.io.grpc.internal.ClientCallImpl$ClientStreamListenerImpl$1MessagesAvailable.runInternal(ClientCallImpl.java:660)
	at org.apache.ratis.thirdparty.io.grpc.internal.ClientCallImpl$ClientStreamListenerImpl$1MessagesAvailable.runInContext(ClientCallImpl.java:647)
	at org.apache.ratis.thirdparty.io.grpc.internal.ContextRunnable.run(ContextRunnable.java:37)
	at org.apache.ratis.thirdparty.io.grpc.internal.SerializingExecutor.run(SerializingExecutor.java:133)
	... 3 more
2025-05-14 02:53:55,243 [grpc-default-executor-2] ERROR impl.OrderedAsync (OrderedAsync.java:lambda$send$4(181)) - Failed to send request, message=cmdType: WriteChunk
traceID: ""
containerID: 4
datanodeUuid: "f8181075-ae63-407a-b17c-78185f7d70dd"
writeChunk {
  blockID {
    containerID: 4
    localID: 115816896921600004
    blockCommitSequenceId: 0
  }
  chunkData {
    chunkName: "115816896921600004.data.0"
    offset: 0
    len: 5
    checksumData {
      type: CRC32
      bytesPerChecksum: 1048576
      checksums: "\337`W5"
    }
  }
}
version: 3
, data.size=5
java.util.concurrent.CompletionException: org.apache.ratis.protocol.exceptions.StateMachineException: org.apache.hadoop.hdds.scm.container.common.helpers.ContainerNotOpenException from Server f8181075-ae63-407a-b17c-78185f7d70dd@group-4B591AE0C988: Container 4 in UNHEALTHY state
	at org.apache.ratis.client.impl.RaftClientImpl.handleRaftException(RaftClientImpl.java:373)
	at org.apache.ratis.client.impl.OrderedAsync.lambda$send$3(OrderedAsync.java:175)
	at java.base/java.util.concurrent.CompletableFuture$UniApply.tryFire(CompletableFuture.java:646)
	at java.base/java.util.concurrent.CompletableFuture.postComplete(CompletableFuture.java:510)
	at java.base/java.util.concurrent.CompletableFuture.complete(CompletableFuture.java:2179)
	at org.apache.ratis.client.impl.OrderedAsync$PendingOrderedRequest.setReply(OrderedAsync.java:105)
	at org.apache.ratis.client.impl.OrderedAsync$PendingOrderedRequest.setReply(OrderedAsync.java:66)
	at org.apache.ratis.util.SlidingWindow$RequestMap.setReply(SlidingWindow.java:147)
	at org.apache.ratis.util.SlidingWindow$Client.receiveReply(SlidingWindow.java:351)
	at org.apache.ratis.client.impl.OrderedAsync.lambda$sendRequestWithRetry$5(OrderedAsync.java:210)
	at java.base/java.util.concurrent.CompletableFuture$UniAccept.tryFire(CompletableFuture.java:718)
	at java.base/java.util.concurrent.CompletableFuture.postComplete(CompletableFuture.java:510)
	at java.base/java.util.concurrent.CompletableFuture.complete(CompletableFuture.java:2179)
	at org.apache.ratis.grpc.client.GrpcClientProtocolClient$AsyncStreamObservers$1.lambda$onNext$0(GrpcClientProtocolClient.java:325)
	at java.base/java.util.Optional.ifPresent(Optional.java:178)
	at org.apache.ratis.grpc.client.GrpcClientProtocolClient$AsyncStreamObservers.handleReplyFuture(GrpcClientProtocolClient.java:381)
	at org.apache.ratis.grpc.client.GrpcClientProtocolClient$AsyncStreamObservers.access$100(GrpcClientProtocolClient.java:303)
	at org.apache.ratis.grpc.client.GrpcClientProtocolClient$AsyncStreamObservers$1.onNext(GrpcClientProtocolClient.java:325)
	at org.apache.ratis.grpc.client.GrpcClientProtocolClient$AsyncStreamObservers$1.onNext(GrpcClientProtocolClient.java:308)
	at org.apache.ratis.thirdparty.io.grpc.stub.ClientCalls$StreamObserverToCallListenerAdapter.onMessage(ClientCalls.java:468)
	at org.apache.ratis.thirdparty.io.grpc.ForwardingClientCallListener.onMessage(ForwardingClientCallListener.java:33)
	at org.apache.ratis.thirdparty.io.grpc.internal.DelayedClientCall$DelayedListener.onMessage(DelayedClientCall.java:473)
	at org.apache.ratis.thirdparty.io.grpc.internal.ClientCallImpl$ClientStreamListenerImpl$1MessagesAvailable.runInternal(ClientCallImpl.java:660)
	at org.apache.ratis.thirdparty.io.grpc.internal.ClientCallImpl$ClientStreamListenerImpl$1MessagesAvailable.runInContext(ClientCallImpl.java:647)
	at org.apache.ratis.thirdparty.io.grpc.internal.ContextRunnable.run(ContextRunnable.java:37)
	at org.apache.ratis.thirdparty.io.grpc.internal.SerializingExecutor.run(SerializingExecutor.java:133)
	at java.base/java.util.concurrent.ThreadPoolExecutor.runWorker(ThreadPoolExecutor.java:1144)
	at java.base/java.util.concurrent.ThreadPoolExecutor$Worker.run(ThreadPoolExecutor.java:642)
	at java.base/java.lang.Thread.run(Thread.java:1583)
Caused by: org.apache.ratis.protocol.exceptions.StateMachineException: org.apache.hadoop.hdds.scm.container.common.helpers.ContainerNotOpenException from Server f8181075-ae63-407a-b17c-78185f7d70dd@group-4B591AE0C988: Container 4 in UNHEALTHY state
	at org.apache.hadoop.ozone.container.common.impl.HddsDispatcher.validateContainerCommand(HddsDispatcher.java:565)
	at org.apache.hadoop.ozone.container.common.transport.server.ratis.ContainerStateMachine.startTransaction(ContainerStateMachine.java:488)
	at org.apache.ratis.server.impl.RaftServerImpl.writeAsyncImpl(RaftServerImpl.java:973)
	at org.apache.ratis.server.impl.RaftServerImpl.writeAsync(RaftServerImpl.java:946)
	at org.apache.ratis.server.impl.RaftServerImpl.replyFuture(RaftServerImpl.java:939)
	at org.apache.ratis.server.impl.RaftServerImpl.submitClientRequestAsync(RaftServerImpl.java:916)
	at org.apache.ratis.server.impl.RaftServerImpl.lambda$null$11(RaftServerImpl.java:905)
	at org.apache.ratis.util.JavaUtils.callAsUnchecked(JavaUtils.java:118)
	at org.apache.ratis.server.impl.RaftServerImpl.lambda$executeSubmitClientRequestAsync$12(RaftServerImpl.java:905)
	at java.base/java.util.concurrent.CompletableFuture$AsyncSupply.run(CompletableFuture.java:1768)
	... 3 more
Caused by: org.apache.hadoop.hdds.scm.container.common.helpers.ContainerNotOpenException: Container 4 in UNHEALTHY state
	at java.base/jdk.internal.reflect.DirectConstructorHandleAccessor.newInstance(DirectConstructorHandleAccessor.java:62)
	at java.base/java.lang.reflect.Constructor.newInstanceWithCaller(Constructor.java:502)
	at java.base/java.lang.reflect.Constructor.newInstance(Constructor.java:486)
	at org.apache.ratis.util.ReflectionUtils.instantiateException(ReflectionUtils.java:259)
	at org.apache.ratis.client.impl.ClientProtoUtils.toStateMachineException(ClientProtoUtils.java:455)
	at org.apache.ratis.client.impl.ClientProtoUtils.toStateMachineException(ClientProtoUtils.java:441)
	at org.apache.ratis.client.impl.ClientProtoUtils.toRaftClientReply(ClientProtoUtils.java:408)
	at org.apache.ratis.grpc.client.GrpcClientProtocolClient$AsyncStreamObservers$1.onNext(GrpcClientProtocolClient.java:313)
	at org.apache.ratis.grpc.client.GrpcClientProtocolClient$AsyncStreamObservers$1.onNext(GrpcClientProtocolClient.java:308)
	at org.apache.ratis.thirdparty.io.grpc.stub.ClientCalls$StreamObserverToCallListenerAdapter.onMessage(ClientCalls.java:468)
	at org.apache.ratis.thirdparty.io.grpc.ForwardingClientCallListener.onMessage(ForwardingClientCallListener.java:33)
	at org.apache.ratis.thirdparty.io.grpc.internal.DelayedClientCall$DelayedListener.onMessage(DelayedClientCall.java:473)
	at org.apache.ratis.thirdparty.io.grpc.internal.ClientCallImpl$ClientStreamListenerImpl$1MessagesAvailable.runInternal(ClientCallImpl.java:660)
	at org.apache.ratis.thirdparty.io.grpc.internal.ClientCallImpl$ClientStreamListenerImpl$1MessagesAvailable.runInContext(ClientCallImpl.java:647)
	at org.apache.ratis.thirdparty.io.grpc.internal.ContextRunnable.run(ContextRunnable.java:37)
	at org.apache.ratis.thirdparty.io.grpc.internal.SerializingExecutor.run(SerializingExecutor.java:133)
	... 3 more
2025-05-14 02:53:55,244 [grpc-default-executor-2] ERROR impl.OrderedAsync (OrderedAsync.java:lambda$send$4(181)) - Failed to send request, message=cmdType: WriteChunk
traceID: ""
containerID: 4
datanodeUuid: "f8181075-ae63-407a-b17c-78185f7d70dd"
writeChunk {
  blockID {
    containerID: 4
    localID: 115816896921600004
    blockCommitSequenceId: 0
  }
  chunkData {
    chunkName: "115816896921600004.data.0"
    offset: 0
    len: 5
    checksumData {
      type: CRC32
      bytesPerChecksum: 1048576
      checksums: "~\311\003#"
    }
  }
}
version: 3
, data.size=5
java.util.concurrent.CompletionException: org.apache.ratis.protocol.exceptions.StateMachineException: org.apache.hadoop.hdds.scm.container.common.helpers.ContainerNotOpenException from Server f8181075-ae63-407a-b17c-78185f7d70dd@group-4B591AE0C988: Container 4 in UNHEALTHY state
	at org.apache.ratis.client.impl.RaftClientImpl.handleRaftException(RaftClientImpl.java:373)
	at org.apache.ratis.client.impl.OrderedAsync.lambda$send$3(OrderedAsync.java:175)
	at java.base/java.util.concurrent.CompletableFuture$UniApply.tryFire(CompletableFuture.java:646)
	at java.base/java.util.concurrent.CompletableFuture.postComplete(CompletableFuture.java:510)
	at java.base/java.util.concurrent.CompletableFuture.complete(CompletableFuture.java:2179)
	at org.apache.ratis.client.impl.OrderedAsync$PendingOrderedRequest.setReply(OrderedAsync.java:105)
	at org.apache.ratis.client.impl.OrderedAsync$PendingOrderedRequest.setReply(OrderedAsync.java:66)
	at org.apache.ratis.util.SlidingWindow$RequestMap.setReply(SlidingWindow.java:147)
	at org.apache.ratis.util.SlidingWindow$Client.receiveReply(SlidingWindow.java:351)
	at org.apache.ratis.client.impl.OrderedAsync.lambda$sendRequestWithRetry$5(OrderedAsync.java:210)
	at java.base/java.util.concurrent.CompletableFuture$UniAccept.tryFire(CompletableFuture.java:718)
	at java.base/java.util.concurrent.CompletableFuture.postComplete(CompletableFuture.java:510)
	at java.base/java.util.concurrent.CompletableFuture.complete(CompletableFuture.java:2179)
	at org.apache.ratis.grpc.client.GrpcClientProtocolClient$AsyncStreamObservers$1.lambda$onNext$0(GrpcClientProtocolClient.java:325)
	at java.base/java.util.Optional.ifPresent(Optional.java:178)
	at org.apache.ratis.grpc.client.GrpcClientProtocolClient$AsyncStreamObservers.handleReplyFuture(GrpcClientProtocolClient.java:381)
	at org.apache.ratis.grpc.client.GrpcClientProtocolClient$AsyncStreamObservers.access$100(GrpcClientProtocolClient.java:303)
	at org.apache.ratis.grpc.client.GrpcClientProtocolClient$AsyncStreamObservers$1.onNext(GrpcClientProtocolClient.java:325)
	at org.apache.ratis.grpc.client.GrpcClientProtocolClient$AsyncStreamObservers$1.onNext(GrpcClientProtocolClient.java:308)
	at org.apache.ratis.thirdparty.io.grpc.stub.ClientCalls$StreamObserverToCallListenerAdapter.onMessage(ClientCalls.java:468)
	at org.apache.ratis.thirdparty.io.grpc.ForwardingClientCallListener.onMessage(ForwardingClientCallListener.java:33)
	at org.apache.ratis.thirdparty.io.grpc.internal.DelayedClientCall$DelayedListener.onMessage(DelayedClientCall.java:473)
	at org.apache.ratis.thirdparty.io.grpc.internal.ClientCallImpl$ClientStreamListenerImpl$1MessagesAvailable.runInternal(ClientCallImpl.java:660)
	at org.apache.ratis.thirdparty.io.grpc.internal.ClientCallImpl$ClientStreamListenerImpl$1MessagesAvailable.runInContext(ClientCallImpl.java:647)
	at org.apache.ratis.thirdparty.io.grpc.internal.ContextRunnable.run(ContextRunnable.java:37)
	at org.apache.ratis.thirdparty.io.grpc.internal.SerializingExecutor.run(SerializingExecutor.java:133)
	at java.base/java.util.concurrent.ThreadPoolExecutor.runWorker(ThreadPoolExecutor.java:1144)
	at java.base/java.util.concurrent.ThreadPoolExecutor$Worker.run(ThreadPoolExecutor.java:642)
	at java.base/java.lang.Thread.run(Thread.java:1583)
Caused by: org.apache.ratis.protocol.exceptions.StateMachineException: org.apache.hadoop.hdds.scm.container.common.helpers.ContainerNotOpenException from Server f8181075-ae63-407a-b17c-78185f7d70dd@group-4B591AE0C988: Container 4 in UNHEALTHY state
	at org.apache.hadoop.ozone.container.common.impl.HddsDispatcher.validateContainerCommand(HddsDispatcher.java:565)
	at org.apache.hadoop.ozone.container.common.transport.server.ratis.ContainerStateMachine.startTransaction(ContainerStateMachine.java:488)
	at org.apache.ratis.server.impl.RaftServerImpl.writeAsyncImpl(RaftServerImpl.java:973)
	at org.apache.ratis.server.impl.RaftServerImpl.writeAsync(RaftServerImpl.java:946)
	at org.apache.ratis.server.impl.RaftServerImpl.replyFuture(RaftServerImpl.java:939)
	at org.apache.ratis.server.impl.RaftServerImpl.submitClientRequestAsync(RaftServerImpl.java:916)
	at org.apache.ratis.server.impl.RaftServerImpl.lambda$null$11(RaftServerImpl.java:905)
	at org.apache.ratis.util.JavaUtils.callAsUnchecked(JavaUtils.java:118)
	at org.apache.ratis.server.impl.RaftServerImpl.lambda$executeSubmitClientRequestAsync$12(RaftServerImpl.java:905)
	at java.base/java.util.concurrent.CompletableFuture$AsyncSupply.run(CompletableFuture.java:1768)
	... 3 more
Caused by: org.apache.hadoop.hdds.scm.container.common.helpers.ContainerNotOpenException: Container 4 in UNHEALTHY state
	at java.base/jdk.internal.reflect.DirectConstructorHandleAccessor.newInstance(DirectConstructorHandleAccessor.java:62)
	at java.base/java.lang.reflect.Constructor.newInstanceWithCaller(Constructor.java:502)
	at java.base/java.lang.reflect.Constructor.newInstance(Constructor.java:486)
	at org.apache.ratis.util.ReflectionUtils.instantiateException(ReflectionUtils.java:259)
	at org.apache.ratis.client.impl.ClientProtoUtils.toStateMachineException(ClientProtoUtils.java:455)
	at org.apache.ratis.client.impl.ClientProtoUtils.toStateMachineException(ClientProtoUtils.java:441)
	at org.apache.ratis.client.impl.ClientProtoUtils.toRaftClientReply(ClientProtoUtils.java:408)
	at org.apache.ratis.grpc.client.GrpcClientProtocolClient$AsyncStreamObservers$1.onNext(GrpcClientProtocolClient.java:313)
	at org.apache.ratis.grpc.client.GrpcClientProtocolClient$AsyncStreamObservers$1.onNext(GrpcClientProtocolClient.java:308)
	at org.apache.ratis.thirdparty.io.grpc.stub.ClientCalls$StreamObserverToCallListenerAdapter.onMessage(ClientCalls.java:468)
	at org.apache.ratis.thirdparty.io.grpc.ForwardingClientCallListener.onMessage(ForwardingClientCallListener.java:33)
	at org.apache.ratis.thirdparty.io.grpc.internal.DelayedClientCall$DelayedListener.onMessage(DelayedClientCall.java:473)
	at org.apache.ratis.thirdparty.io.grpc.internal.ClientCallImpl$ClientStreamListenerImpl$1MessagesAvailable.runInternal(ClientCallImpl.java:660)
	at org.apache.ratis.thirdparty.io.grpc.internal.ClientCallImpl$ClientStreamListenerImpl$1MessagesAvailable.runInContext(ClientCallImpl.java:647)
	at org.apache.ratis.thirdparty.io.grpc.internal.ContextRunnable.run(ContextRunnable.java:37)
	at org.apache.ratis.thirdparty.io.grpc.internal.SerializingExecutor.run(SerializingExecutor.java:133)
	... 3 more
2025-05-14 02:53:55,245 [grpc-default-executor-2] ERROR impl.OrderedAsync (OrderedAsync.java:lambda$send$4(181)) - Failed to send request, message=cmdType: WriteChunk
traceID: ""
containerID: 4
datanodeUuid: "f8181075-ae63-407a-b17c-78185f7d70dd"
writeChunk {
  blockID {
    containerID: 4
    localID: 115816896921600004
    blockCommitSequenceId: 0
  }
  chunkData {
    chunkName: "115816896921600004.data.0"
    offset: 0
    len: 5
    checksumData {
      type: CRC32
      bytesPerChecksum: 1048576
      checksums: "K\024\310\020"
    }
  }
}
version: 3
, data.size=5
java.util.concurrent.CompletionException: org.apache.ratis.protocol.exceptions.StateMachineException: org.apache.hadoop.hdds.scm.container.common.helpers.ContainerNotOpenException from Server f8181075-ae63-407a-b17c-78185f7d70dd@group-4B591AE0C988: Container 4 in UNHEALTHY state
	at org.apache.ratis.client.impl.RaftClientImpl.handleRaftException(RaftClientImpl.java:373)
	at org.apache.ratis.client.impl.OrderedAsync.lambda$send$3(OrderedAsync.java:175)
	at java.base/java.util.concurrent.CompletableFuture$UniApply.tryFire(CompletableFuture.java:646)
	at java.base/java.util.concurrent.CompletableFuture.postComplete(CompletableFuture.java:510)
	at java.base/java.util.concurrent.CompletableFuture.complete(CompletableFuture.java:2179)
	at org.apache.ratis.client.impl.OrderedAsync$PendingOrderedRequest.setReply(OrderedAsync.java:105)
	at org.apache.ratis.client.impl.OrderedAsync$PendingOrderedRequest.setReply(OrderedAsync.java:66)
	at org.apache.ratis.util.SlidingWindow$RequestMap.setReply(SlidingWindow.java:147)
	at org.apache.ratis.util.SlidingWindow$Client.receiveReply(SlidingWindow.java:351)
	at org.apache.ratis.client.impl.OrderedAsync.lambda$sendRequestWithRetry$5(OrderedAsync.java:210)
	at java.base/java.util.concurrent.CompletableFuture$UniAccept.tryFire(CompletableFuture.java:718)
	at java.base/java.util.concurrent.CompletableFuture.postComplete(CompletableFuture.java:510)
	at java.base/java.util.concurrent.CompletableFuture.complete(CompletableFuture.java:2179)
	at org.apache.ratis.grpc.client.GrpcClientProtocolClient$AsyncStreamObservers$1.lambda$onNext$0(GrpcClientProtocolClient.java:325)
	at java.base/java.util.Optional.ifPresent(Optional.java:178)
	at org.apache.ratis.grpc.client.GrpcClientProtocolClient$AsyncStreamObservers.handleReplyFuture(GrpcClientProtocolClient.java:381)
	at org.apache.ratis.grpc.client.GrpcClientProtocolClient$AsyncStreamObservers.access$100(GrpcClientProtocolClient.java:303)
	at org.apache.ratis.grpc.client.GrpcClientProtocolClient$AsyncStreamObservers$1.onNext(GrpcClientProtocolClient.java:325)
	at org.apache.ratis.grpc.client.GrpcClientProtocolClient$AsyncStreamObservers$1.onNext(GrpcClientProtocolClient.java:308)
	at org.apache.ratis.thirdparty.io.grpc.stub.ClientCalls$StreamObserverToCallListenerAdapter.onMessage(ClientCalls.java:468)
	at org.apache.ratis.thirdparty.io.grpc.ForwardingClientCallListener.onMessage(ForwardingClientCallListener.java:33)
	at org.apache.ratis.thirdparty.io.grpc.internal.DelayedClientCall$DelayedListener.onMessage(DelayedClientCall.java:473)
	at org.apache.ratis.thirdparty.io.grpc.internal.ClientCallImpl$ClientStreamListenerImpl$1MessagesAvailable.runInternal(ClientCallImpl.java:660)
	at org.apache.ratis.thirdparty.io.grpc.internal.ClientCallImpl$ClientStreamListenerImpl$1MessagesAvailable.runInContext(ClientCallImpl.java:647)
	at org.apache.ratis.thirdparty.io.grpc.internal.ContextRunnable.run(ContextRunnable.java:37)
	at org.apache.ratis.thirdparty.io.grpc.internal.SerializingExecutor.run(SerializingExecutor.java:133)
	at java.base/java.util.concurrent.ThreadPoolExecutor.runWorker(ThreadPoolExecutor.java:1144)
	at java.base/java.util.concurrent.ThreadPoolExecutor$Worker.run(ThreadPoolExecutor.java:642)
	at java.base/java.lang.Thread.run(Thread.java:1583)
Caused by: org.apache.ratis.protocol.exceptions.StateMachineException: org.apache.hadoop.hdds.scm.container.common.helpers.ContainerNotOpenException from Server f8181075-ae63-407a-b17c-78185f7d70dd@group-4B591AE0C988: Container 4 in UNHEALTHY state
	at org.apache.hadoop.ozone.container.common.impl.HddsDispatcher.validateContainerCommand(HddsDispatcher.java:565)
	at org.apache.hadoop.ozone.container.common.transport.server.ratis.ContainerStateMachine.startTransaction(ContainerStateMachine.java:488)
	at org.apache.ratis.server.impl.RaftServerImpl.writeAsyncImpl(RaftServerImpl.java:973)
	at org.apache.ratis.server.impl.RaftServerImpl.writeAsync(RaftServerImpl.java:946)
	at org.apache.ratis.server.impl.RaftServerImpl.replyFuture(RaftServerImpl.java:939)
	at org.apache.ratis.server.impl.RaftServerImpl.submitClientRequestAsync(RaftServerImpl.java:916)
	at org.apache.ratis.server.impl.RaftServerImpl.lambda$null$11(RaftServerImpl.java:905)
	at org.apache.ratis.util.JavaUtils.callAsUnchecked(JavaUtils.java:118)
	at org.apache.ratis.server.impl.RaftServerImpl.lambda$executeSubmitClientRequestAsync$12(RaftServerImpl.java:905)
	at java.base/java.util.concurrent.CompletableFuture$AsyncSupply.run(CompletableFuture.java:1768)
	... 3 more
Caused by: org.apache.hadoop.hdds.scm.container.common.helpers.ContainerNotOpenException: Container 4 in UNHEALTHY state
	at java.base/jdk.internal.reflect.DirectConstructorHandleAccessor.newInstance(DirectConstructorHandleAccessor.java:62)
	at java.base/java.lang.reflect.Constructor.newInstanceWithCaller(Constructor.java:502)
	at java.base/java.lang.reflect.Constructor.newInstance(Constructor.java:486)
	at org.apache.ratis.util.ReflectionUtils.instantiateException(ReflectionUtils.java:259)
	at org.apache.ratis.client.impl.ClientProtoUtils.toStateMachineException(ClientProtoUtils.java:455)
	at org.apache.ratis.client.impl.ClientProtoUtils.toStateMachineException(ClientProtoUtils.java:441)
	at org.apache.ratis.client.impl.ClientProtoUtils.toRaftClientReply(ClientProtoUtils.java:408)
	at org.apache.ratis.grpc.client.GrpcClientProtocolClient$AsyncStreamObservers$1.onNext(GrpcClientProtocolClient.java:313)
	at org.apache.ratis.grpc.client.GrpcClientProtocolClient$AsyncStreamObservers$1.onNext(GrpcClientProtocolClient.java:308)
	at org.apache.ratis.thirdparty.io.grpc.stub.ClientCalls$StreamObserverToCallListenerAdapter.onMessage(ClientCalls.java:468)
	at org.apache.ratis.thirdparty.io.grpc.ForwardingClientCallListener.onMessage(ForwardingClientCallListener.java:33)
	at org.apache.ratis.thirdparty.io.grpc.internal.DelayedClientCall$DelayedListener.onMessage(DelayedClientCall.java:473)
	at org.apache.ratis.thirdparty.io.grpc.internal.ClientCallImpl$ClientStreamListenerImpl$1MessagesAvailable.runInternal(ClientCallImpl.java:660)
	at org.apache.ratis.thirdparty.io.grpc.internal.ClientCallImpl$ClientStreamListenerImpl$1MessagesAvailable.runInContext(ClientCallImpl.java:647)
	at org.apache.ratis.thirdparty.io.grpc.internal.ContextRunnable.run(ContextRunnable.java:37)
	at org.apache.ratis.thirdparty.io.grpc.internal.SerializingExecutor.run(SerializingExecutor.java:133)
	... 3 more
2025-05-14 02:53:55,246 [grpc-default-executor-2] ERROR impl.OrderedAsync (OrderedAsync.java:lambda$send$4(181)) - Failed to send request, message=cmdType: WriteChunk
traceID: ""
containerID: 4
datanodeUuid: "f8181075-ae63-407a-b17c-78185f7d70dd"
writeChunk {
  blockID {
    containerID: 4
    localID: 115816896921600004
    blockCommitSequenceId: 0
  }
  chunkData {
    chunkName: "115816896921600004.data.0"
    offset: 0
    len: 5
    checksumData {
      type: CRC32
      bytesPerChecksum: 1048576
      checksums: "\323S\020\255"
    }
  }
}
version: 3
, data.size=5
java.util.concurrent.CompletionException: org.apache.ratis.protocol.exceptions.StateMachineException: org.apache.hadoop.hdds.scm.container.common.helpers.ContainerNotOpenException from Server f8181075-ae63-407a-b17c-78185f7d70dd@group-4B591AE0C988: Container 4 in UNHEALTHY state
	at org.apache.ratis.client.impl.RaftClientImpl.handleRaftException(RaftClientImpl.java:373)
	at org.apache.ratis.client.impl.OrderedAsync.lambda$send$3(OrderedAsync.java:175)
	at java.base/java.util.concurrent.CompletableFuture$UniApply.tryFire(CompletableFuture.java:646)
	at java.base/java.util.concurrent.CompletableFuture.postComplete(CompletableFuture.java:510)
	at java.base/java.util.concurrent.CompletableFuture.complete(CompletableFuture.java:2179)
	at org.apache.ratis.client.impl.OrderedAsync$PendingOrderedRequest.setReply(OrderedAsync.java:105)
	at org.apache.ratis.client.impl.OrderedAsync$PendingOrderedRequest.setReply(OrderedAsync.java:66)
	at org.apache.ratis.util.SlidingWindow$RequestMap.setReply(SlidingWindow.java:147)
	at org.apache.ratis.util.SlidingWindow$Client.receiveReply(SlidingWindow.java:351)
	at org.apache.ratis.client.impl.OrderedAsync.lambda$sendRequestWithRetry$5(OrderedAsync.java:210)
	at java.base/java.util.concurrent.CompletableFuture$UniAccept.tryFire(CompletableFuture.java:718)
	at java.base/java.util.concurrent.CompletableFuture.postComplete(CompletableFuture.java:510)
	at java.base/java.util.concurrent.CompletableFuture.complete(CompletableFuture.java:2179)
	at org.apache.ratis.grpc.client.GrpcClientProtocolClient$AsyncStreamObservers$1.lambda$onNext$0(GrpcClientProtocolClient.java:325)
	at java.base/java.util.Optional.ifPresent(Optional.java:178)
	at org.apache.ratis.grpc.client.GrpcClientProtocolClient$AsyncStreamObservers.handleReplyFuture(GrpcClientProtocolClient.java:381)
	at org.apache.ratis.grpc.client.GrpcClientProtocolClient$AsyncStreamObservers.access$100(GrpcClientProtocolClient.java:303)
	at org.apache.ratis.grpc.client.GrpcClientProtocolClient$AsyncStreamObservers$1.onNext(GrpcClientProtocolClient.java:325)
	at org.apache.ratis.grpc.client.GrpcClientProtocolClient$AsyncStreamObservers$1.onNext(GrpcClientProtocolClient.java:308)
	at org.apache.ratis.thirdparty.io.grpc.stub.ClientCalls$StreamObserverToCallListenerAdapter.onMessage(ClientCalls.java:468)
	at org.apache.ratis.thirdparty.io.grpc.ForwardingClientCallListener.onMessage(ForwardingClientCallListener.java:33)
	at org.apache.ratis.thirdparty.io.grpc.internal.DelayedClientCall$DelayedListener.onMessage(DelayedClientCall.java:473)
	at org.apache.ratis.thirdparty.io.grpc.internal.ClientCallImpl$ClientStreamListenerImpl$1MessagesAvailable.runInternal(ClientCallImpl.java:660)
	at org.apache.ratis.thirdparty.io.grpc.internal.ClientCallImpl$ClientStreamListenerImpl$1MessagesAvailable.runInContext(ClientCallImpl.java:647)
	at org.apache.ratis.thirdparty.io.grpc.internal.ContextRunnable.run(ContextRunnable.java:37)
	at org.apache.ratis.thirdparty.io.grpc.internal.SerializingExecutor.run(SerializingExecutor.java:133)
	at java.base/java.util.concurrent.ThreadPoolExecutor.runWorker(ThreadPoolExecutor.java:1144)
	at java.base/java.util.concurrent.ThreadPoolExecutor$Worker.run(ThreadPoolExecutor.java:642)
	at java.base/java.lang.Thread.run(Thread.java:1583)
Caused by: org.apache.ratis.protocol.exceptions.StateMachineException: org.apache.hadoop.hdds.scm.container.common.helpers.ContainerNotOpenException from Server f8181075-ae63-407a-b17c-78185f7d70dd@group-4B591AE0C988: Container 4 in UNHEALTHY state
	at org.apache.hadoop.ozone.container.common.impl.HddsDispatcher.validateContainerCommand(HddsDispatcher.java:565)
	at org.apache.hadoop.ozone.container.common.transport.server.ratis.ContainerStateMachine.startTransaction(ContainerStateMachine.java:488)
	at org.apache.ratis.server.impl.RaftServerImpl.writeAsyncImpl(RaftServerImpl.java:973)
	at org.apache.ratis.server.impl.RaftServerImpl.writeAsync(RaftServerImpl.java:946)
	at org.apache.ratis.server.impl.RaftServerImpl.replyFuture(RaftServerImpl.java:939)
	at org.apache.ratis.server.impl.RaftServerImpl.submitClientRequestAsync(RaftServerImpl.java:916)
	at org.apache.ratis.server.impl.RaftServerImpl.lambda$null$11(RaftServerImpl.java:905)
	at org.apache.ratis.util.JavaUtils.callAsUnchecked(JavaUtils.java:118)
	at org.apache.ratis.server.impl.RaftServerImpl.lambda$executeSubmitClientRequestAsync$12(RaftServerImpl.java:905)
	at java.base/java.util.concurrent.CompletableFuture$AsyncSupply.run(CompletableFuture.java:1768)
	... 3 more
Caused by: org.apache.hadoop.hdds.scm.container.common.helpers.ContainerNotOpenException: Container 4 in UNHEALTHY state
	at java.base/jdk.internal.reflect.DirectConstructorHandleAccessor.newInstance(DirectConstructorHandleAccessor.java:62)
	at java.base/java.lang.reflect.Constructor.newInstanceWithCaller(Constructor.java:502)
	at java.base/java.lang.reflect.Constructor.newInstance(Constructor.java:486)
	at org.apache.ratis.util.ReflectionUtils.instantiateException(ReflectionUtils.java:259)
	at org.apache.ratis.client.impl.ClientProtoUtils.toStateMachineException(ClientProtoUtils.java:455)
	at org.apache.ratis.client.impl.ClientProtoUtils.toStateMachineException(ClientProtoUtils.java:441)
	at org.apache.ratis.client.impl.ClientProtoUtils.toRaftClientReply(ClientProtoUtils.java:408)
	at org.apache.ratis.grpc.client.GrpcClientProtocolClient$AsyncStreamObservers$1.onNext(GrpcClientProtocolClient.java:313)
	at org.apache.ratis.grpc.client.GrpcClientProtocolClient$AsyncStreamObservers$1.onNext(GrpcClientProtocolClient.java:308)
	at org.apache.ratis.thirdparty.io.grpc.stub.ClientCalls$StreamObserverToCallListenerAdapter.onMessage(ClientCalls.java:468)
	at org.apache.ratis.thirdparty.io.grpc.ForwardingClientCallListener.onMessage(ForwardingClientCallListener.java:33)
	at org.apache.ratis.thirdparty.io.grpc.internal.DelayedClientCall$DelayedListener.onMessage(DelayedClientCall.java:473)
	at org.apache.ratis.thirdparty.io.grpc.internal.ClientCallImpl$ClientStreamListenerImpl$1MessagesAvailable.runInternal(ClientCallImpl.java:660)
	at org.apache.ratis.thirdparty.io.grpc.internal.ClientCallImpl$ClientStreamListenerImpl$1MessagesAvailable.runInContext(ClientCallImpl.java:647)
	at org.apache.ratis.thirdparty.io.grpc.internal.ContextRunnable.run(ContextRunnable.java:37)
	at org.apache.ratis.thirdparty.io.grpc.internal.SerializingExecutor.run(SerializingExecutor.java:133)
	... 3 more
2025-05-14 02:53:55,247 [grpc-default-executor-2] ERROR impl.OrderedAsync (OrderedAsync.java:lambda$send$4(181)) - Failed to send request, message=cmdType: WriteChunk
traceID: ""
containerID: 4
datanodeUuid: "f8181075-ae63-407a-b17c-78185f7d70dd"
writeChunk {
  blockID {
    containerID: 4
    localID: 115816896921600004
    blockCommitSequenceId: 0
  }
  chunkData {
    chunkName: "115816896921600004.data.0"
    offset: 0
    len: 5
    checksumData {
      type: CRC32
      bytesPerChecksum: 1048576
      checksums: "\213`E\344"
    }
  }
}
version: 3
, data.size=5
java.util.concurrent.CompletionException: org.apache.ratis.protocol.exceptions.StateMachineException: org.apache.hadoop.hdds.scm.container.common.helpers.ContainerNotOpenException from Server f8181075-ae63-407a-b17c-78185f7d70dd@group-4B591AE0C988: Container 4 in UNHEALTHY state
	at org.apache.ratis.client.impl.RaftClientImpl.handleRaftException(RaftClientImpl.java:373)
	at org.apache.ratis.client.impl.OrderedAsync.lambda$send$3(OrderedAsync.java:175)
	at java.base/java.util.concurrent.CompletableFuture$UniApply.tryFire(CompletableFuture.java:646)
	at java.base/java.util.concurrent.CompletableFuture.postComplete(CompletableFuture.java:510)
	at java.base/java.util.concurrent.CompletableFuture.complete(CompletableFuture.java:2179)
	at org.apache.ratis.client.impl.OrderedAsync$PendingOrderedRequest.setReply(OrderedAsync.java:105)
	at org.apache.ratis.client.impl.OrderedAsync$PendingOrderedRequest.setReply(OrderedAsync.java:66)
	at org.apache.ratis.util.SlidingWindow$RequestMap.setReply(SlidingWindow.java:147)
	at org.apache.ratis.util.SlidingWindow$Client.receiveReply(SlidingWindow.java:351)
	at org.apache.ratis.client.impl.OrderedAsync.lambda$sendRequestWithRetry$5(OrderedAsync.java:210)
	at java.base/java.util.concurrent.CompletableFuture$UniAccept.tryFire(CompletableFuture.java:718)
	at java.base/java.util.concurrent.CompletableFuture.postComplete(CompletableFuture.java:510)
	at java.base/java.util.concurrent.CompletableFuture.complete(CompletableFuture.java:2179)
	at org.apache.ratis.grpc.client.GrpcClientProtocolClient$AsyncStreamObservers$1.lambda$onNext$0(GrpcClientProtocolClient.java:325)
	at java.base/java.util.Optional.ifPresent(Optional.java:178)
	at org.apache.ratis.grpc.client.GrpcClientProtocolClient$AsyncStreamObservers.handleReplyFuture(GrpcClientProtocolClient.java:381)
	at org.apache.ratis.grpc.client.GrpcClientProtocolClient$AsyncStreamObservers.access$100(GrpcClientProtocolClient.java:303)
	at org.apache.ratis.grpc.client.GrpcClientProtocolClient$AsyncStreamObservers$1.onNext(GrpcClientProtocolClient.java:325)
	at org.apache.ratis.grpc.client.GrpcClientProtocolClient$AsyncStreamObservers$1.onNext(GrpcClientProtocolClient.java:308)
	at org.apache.ratis.thirdparty.io.grpc.stub.ClientCalls$StreamObserverToCallListenerAdapter.onMessage(ClientCalls.java:468)
	at org.apache.ratis.thirdparty.io.grpc.ForwardingClientCallListener.onMessage(ForwardingClientCallListener.java:33)
	at org.apache.ratis.thirdparty.io.grpc.internal.DelayedClientCall$DelayedListener.onMessage(DelayedClientCall.java:473)
	at org.apache.ratis.thirdparty.io.grpc.internal.ClientCallImpl$ClientStreamListenerImpl$1MessagesAvailable.runInternal(ClientCallImpl.java:660)
	at org.apache.ratis.thirdparty.io.grpc.internal.ClientCallImpl$ClientStreamListenerImpl$1MessagesAvailable.runInContext(ClientCallImpl.java:647)
	at org.apache.ratis.thirdparty.io.grpc.internal.ContextRunnable.run(ContextRunnable.java:37)
	at org.apache.ratis.thirdparty.io.grpc.internal.SerializingExecutor.run(SerializingExecutor.java:133)
	at java.base/java.util.concurrent.ThreadPoolExecutor.runWorker(ThreadPoolExecutor.java:1144)
	at java.base/java.util.concurrent.ThreadPoolExecutor$Worker.run(ThreadPoolExecutor.java:642)
	at java.base/java.lang.Thread.run(Thread.java:1583)
Caused by: org.apache.ratis.protocol.exceptions.StateMachineException: org.apache.hadoop.hdds.scm.container.common.helpers.ContainerNotOpenException from Server f8181075-ae63-407a-b17c-78185f7d70dd@group-4B591AE0C988: Container 4 in UNHEALTHY state
	at org.apache.hadoop.ozone.container.common.impl.HddsDispatcher.validateContainerCommand(HddsDispatcher.java:565)
	at org.apache.hadoop.ozone.container.common.transport.server.ratis.ContainerStateMachine.startTransaction(ContainerStateMachine.java:488)
	at org.apache.ratis.server.impl.RaftServerImpl.writeAsyncImpl(RaftServerImpl.java:973)
	at org.apache.ratis.server.impl.RaftServerImpl.writeAsync(RaftServerImpl.java:946)
	at org.apache.ratis.server.impl.RaftServerImpl.replyFuture(RaftServerImpl.java:939)
	at org.apache.ratis.server.impl.RaftServerImpl.submitClientRequestAsync(RaftServerImpl.java:916)
	at org.apache.ratis.server.impl.RaftServerImpl.lambda$null$11(RaftServerImpl.java:905)
	at org.apache.ratis.util.JavaUtils.callAsUnchecked(JavaUtils.java:118)
	at org.apache.ratis.server.impl.RaftServerImpl.lambda$executeSubmitClientRequestAsync$12(RaftServerImpl.java:905)
	at java.base/java.util.concurrent.CompletableFuture$AsyncSupply.run(CompletableFuture.java:1768)
	... 3 more
Caused by: org.apache.hadoop.hdds.scm.container.common.helpers.ContainerNotOpenException: Container 4 in UNHEALTHY state
	at java.base/jdk.internal.reflect.DirectConstructorHandleAccessor.newInstance(DirectConstructorHandleAccessor.java:62)
	at java.base/java.lang.reflect.Constructor.newInstanceWithCaller(Constructor.java:502)
	at java.base/java.lang.reflect.Constructor.newInstance(Constructor.java:486)
	at org.apache.ratis.util.ReflectionUtils.instantiateException(ReflectionUtils.java:259)
	at org.apache.ratis.client.impl.ClientProtoUtils.toStateMachineException(ClientProtoUtils.java:455)
	at org.apache.ratis.client.impl.ClientProtoUtils.toStateMachineException(ClientProtoUtils.java:441)
	at org.apache.ratis.client.impl.ClientProtoUtils.toRaftClientReply(ClientProtoUtils.java:408)
	at org.apache.ratis.grpc.client.GrpcClientProtocolClient$AsyncStreamObservers$1.onNext(GrpcClientProtocolClient.java:313)
	at org.apache.ratis.grpc.client.GrpcClientProtocolClient$AsyncStreamObservers$1.onNext(GrpcClientProtocolClient.java:308)
	at org.apache.ratis.thirdparty.io.grpc.stub.ClientCalls$StreamObserverToCallListenerAdapter.onMessage(ClientCalls.java:468)
	at org.apache.ratis.thirdparty.io.grpc.ForwardingClientCallListener.onMessage(ForwardingClientCallListener.java:33)
	at org.apache.ratis.thirdparty.io.grpc.internal.DelayedClientCall$DelayedListener.onMessage(DelayedClientCall.java:473)
	at org.apache.ratis.thirdparty.io.grpc.internal.ClientCallImpl$ClientStreamListenerImpl$1MessagesAvailable.runInternal(ClientCallImpl.java:660)
	at org.apache.ratis.thirdparty.io.grpc.internal.ClientCallImpl$ClientStreamListenerImpl$1MessagesAvailable.runInContext(ClientCallImpl.java:647)
	at org.apache.ratis.thirdparty.io.grpc.internal.ContextRunnable.run(ContextRunnable.java:37)
	at org.apache.ratis.thirdparty.io.grpc.internal.SerializingExecutor.run(SerializingExecutor.java:133)
	... 3 more
2025-05-14 02:53:55,247 [grpc-default-executor-2] ERROR impl.OrderedAsync (OrderedAsync.java:lambda$send$4(181)) - Failed to send request, message=cmdType: WriteChunk
traceID: ""
containerID: 4
datanodeUuid: "f8181075-ae63-407a-b17c-78185f7d70dd"
writeChunk {
  blockID {
    containerID: 4
    localID: 115816896921600004
    blockCommitSequenceId: 0
  }
  chunkData {
    chunkName: "115816896921600004.data.0"
    offset: 0
    len: 5
    checksumData {
      type: CRC32
      bytesPerChecksum: 1048576
      checksums: "\022\272\235>"
    }
  }
}
version: 3
, data.size=5
java.util.concurrent.CompletionException: org.apache.ratis.protocol.exceptions.StateMachineException: org.apache.hadoop.hdds.scm.container.common.helpers.ContainerNotOpenException from Server f8181075-ae63-407a-b17c-78185f7d70dd@group-4B591AE0C988: Container 4 in UNHEALTHY state
	at org.apache.ratis.client.impl.RaftClientImpl.handleRaftException(RaftClientImpl.java:373)
	at org.apache.ratis.client.impl.OrderedAsync.lambda$send$3(OrderedAsync.java:175)
	at java.base/java.util.concurrent.CompletableFuture$UniApply.tryFire(CompletableFuture.java:646)
	at java.base/java.util.concurrent.CompletableFuture.postComplete(CompletableFuture.java:510)
	at java.base/java.util.concurrent.CompletableFuture.complete(CompletableFuture.java:2179)
	at org.apache.ratis.client.impl.OrderedAsync$PendingOrderedRequest.setReply(OrderedAsync.java:105)
	at org.apache.ratis.client.impl.OrderedAsync$PendingOrderedRequest.setReply(OrderedAsync.java:66)
	at org.apache.ratis.util.SlidingWindow$RequestMap.setReply(SlidingWindow.java:147)
	at org.apache.ratis.util.SlidingWindow$Client.receiveReply(SlidingWindow.java:351)
	at org.apache.ratis.client.impl.OrderedAsync.lambda$sendRequestWithRetry$5(OrderedAsync.java:210)
	at java.base/java.util.concurrent.CompletableFuture$UniAccept.tryFire(CompletableFuture.java:718)
	at java.base/java.util.concurrent.CompletableFuture.postComplete(CompletableFuture.java:510)
	at java.base/java.util.concurrent.CompletableFuture.complete(CompletableFuture.java:2179)
	at org.apache.ratis.grpc.client.GrpcClientProtocolClient$AsyncStreamObservers$1.lambda$onNext$0(GrpcClientProtocolClient.java:325)
	at java.base/java.util.Optional.ifPresent(Optional.java:178)
	at org.apache.ratis.grpc.client.GrpcClientProtocolClient$AsyncStreamObservers.handleReplyFuture(GrpcClientProtocolClient.java:381)
	at org.apache.ratis.grpc.client.GrpcClientProtocolClient$AsyncStreamObservers.access$100(GrpcClientProtocolClient.java:303)
	at org.apache.ratis.grpc.client.GrpcClientProtocolClient$AsyncStreamObservers$1.onNext(GrpcClientProtocolClient.java:325)
	at org.apache.ratis.grpc.client.GrpcClientProtocolClient$AsyncStreamObservers$1.onNext(GrpcClientProtocolClient.java:308)
	at org.apache.ratis.thirdparty.io.grpc.stub.ClientCalls$StreamObserverToCallListenerAdapter.onMessage(ClientCalls.java:468)
	at org.apache.ratis.thirdparty.io.grpc.ForwardingClientCallListener.onMessage(ForwardingClientCallListener.java:33)
	at org.apache.ratis.thirdparty.io.grpc.internal.DelayedClientCall$DelayedListener.onMessage(DelayedClientCall.java:473)
	at org.apache.ratis.thirdparty.io.grpc.internal.ClientCallImpl$ClientStreamListenerImpl$1MessagesAvailable.runInternal(ClientCallImpl.java:660)
	at org.apache.ratis.thirdparty.io.grpc.internal.ClientCallImpl$ClientStreamListenerImpl$1MessagesAvailable.runInContext(ClientCallImpl.java:647)
	at org.apache.ratis.thirdparty.io.grpc.internal.ContextRunnable.run(ContextRunnable.java:37)
	at org.apache.ratis.thirdparty.io.grpc.internal.SerializingExecutor.run(SerializingExecutor.java:133)
	at java.base/java.util.concurrent.ThreadPoolExecutor.runWorker(ThreadPoolExecutor.java:1144)
	at java.base/java.util.concurrent.ThreadPoolExecutor$Worker.run(ThreadPoolExecutor.java:642)
	at java.base/java.lang.Thread.run(Thread.java:1583)
Caused by: org.apache.ratis.protocol.exceptions.StateMachineException: org.apache.hadoop.hdds.scm.container.common.helpers.ContainerNotOpenException from Server f8181075-ae63-407a-b17c-78185f7d70dd@group-4B591AE0C988: Container 4 in UNHEALTHY state
	at org.apache.hadoop.ozone.container.common.impl.HddsDispatcher.validateContainerCommand(HddsDispatcher.java:565)
	at org.apache.hadoop.ozone.container.common.transport.server.ratis.ContainerStateMachine.startTransaction(ContainerStateMachine.java:488)
	at org.apache.ratis.server.impl.RaftServerImpl.writeAsyncImpl(RaftServerImpl.java:973)
	at org.apache.ratis.server.impl.RaftServerImpl.writeAsync(RaftServerImpl.java:946)
	at org.apache.ratis.server.impl.RaftServerImpl.replyFuture(RaftServerImpl.java:939)
	at org.apache.ratis.server.impl.RaftServerImpl.submitClientRequestAsync(RaftServerImpl.java:916)
	at org.apache.ratis.server.impl.RaftServerImpl.lambda$null$11(RaftServerImpl.java:905)
	at org.apache.ratis.util.JavaUtils.callAsUnchecked(JavaUtils.java:118)
	at org.apache.ratis.server.impl.RaftServerImpl.lambda$executeSubmitClientRequestAsync$12(RaftServerImpl.java:905)
	at java.base/java.util.concurrent.CompletableFuture$AsyncSupply.run(CompletableFuture.java:1768)
	... 3 more
Caused by: org.apache.hadoop.hdds.scm.container.common.helpers.ContainerNotOpenException: Container 4 in UNHEALTHY state
	at java.base/jdk.internal.reflect.DirectConstructorHandleAccessor.newInstance(DirectConstructorHandleAccessor.java:62)
	at java.base/java.lang.reflect.Constructor.newInstanceWithCaller(Constructor.java:502)
	at java.base/java.lang.reflect.Constructor.newInstance(Constructor.java:486)
	at org.apache.ratis.util.ReflectionUtils.instantiateException(ReflectionUtils.java:259)
	at org.apache.ratis.client.impl.ClientProtoUtils.toStateMachineException(ClientProtoUtils.java:455)
	at org.apache.ratis.client.impl.ClientProtoUtils.toStateMachineException(ClientProtoUtils.java:441)
	at org.apache.ratis.client.impl.ClientProtoUtils.toRaftClientReply(ClientProtoUtils.java:408)
	at org.apache.ratis.grpc.client.GrpcClientProtocolClient$AsyncStreamObservers$1.onNext(GrpcClientProtocolClient.java:313)
	at org.apache.ratis.grpc.client.GrpcClientProtocolClient$AsyncStreamObservers$1.onNext(GrpcClientProtocolClient.java:308)
	at org.apache.ratis.thirdparty.io.grpc.stub.ClientCalls$StreamObserverToCallListenerAdapter.onMessage(ClientCalls.java:468)
	at org.apache.ratis.thirdparty.io.grpc.ForwardingClientCallListener.onMessage(ForwardingClientCallListener.java:33)
	at org.apache.ratis.thirdparty.io.grpc.internal.DelayedClientCall$DelayedListener.onMessage(DelayedClientCall.java:473)
	at org.apache.ratis.thirdparty.io.grpc.internal.ClientCallImpl$ClientStreamListenerImpl$1MessagesAvailable.runInternal(ClientCallImpl.java:660)
	at org.apache.ratis.thirdparty.io.grpc.internal.ClientCallImpl$ClientStreamListenerImpl$1MessagesAvailable.runInContext(ClientCallImpl.java:647)
	at org.apache.ratis.thirdparty.io.grpc.internal.ContextRunnable.run(ContextRunnable.java:37)
	at org.apache.ratis.thirdparty.io.grpc.internal.SerializingExecutor.run(SerializingExecutor.java:133)
	... 3 more
2025-05-14 02:53:55,249 [grpc-default-executor-2] ERROR impl.OrderedAsync (OrderedAsync.java:lambda$send$4(181)) - Failed to send request, message=cmdType: WriteChunk
traceID: ""
containerID: 4
datanodeUuid: "f8181075-ae63-407a-b17c-78185f7d70dd"
writeChunk {
  blockID {
    containerID: 4
    localID: 115816896921600004
    blockCommitSequenceId: 0
  }
  chunkData {
    chunkName: "115816896921600004.data.0"
    offset: 0
    len: 5
    checksumData {
      type: CRC32
      bytesPerChecksum: 1048576
      checksums: "\327\366c\304"
    }
  }
}
version: 3
, data.size=5
java.util.concurrent.CompletionException: org.apache.ratis.protocol.exceptions.StateMachineException: org.apache.hadoop.hdds.scm.container.common.helpers.ContainerNotOpenException from Server f8181075-ae63-407a-b17c-78185f7d70dd@group-4B591AE0C988: Container 4 in UNHEALTHY state
	at org.apache.ratis.client.impl.RaftClientImpl.handleRaftException(RaftClientImpl.java:373)
	at org.apache.ratis.client.impl.OrderedAsync.lambda$send$3(OrderedAsync.java:175)
	at java.base/java.util.concurrent.CompletableFuture$UniApply.tryFire(CompletableFuture.java:646)
	at java.base/java.util.concurrent.CompletableFuture.postComplete(CompletableFuture.java:510)
	at java.base/java.util.concurrent.CompletableFuture.complete(CompletableFuture.java:2179)
	at org.apache.ratis.client.impl.OrderedAsync$PendingOrderedRequest.setReply(OrderedAsync.java:105)
	at org.apache.ratis.client.impl.OrderedAsync$PendingOrderedRequest.setReply(OrderedAsync.java:66)
	at org.apache.ratis.util.SlidingWindow$RequestMap.setReply(SlidingWindow.java:147)
	at org.apache.ratis.util.SlidingWindow$Client.receiveReply(SlidingWindow.java:351)
	at org.apache.ratis.client.impl.OrderedAsync.lambda$sendRequestWithRetry$5(OrderedAsync.java:210)
	at java.base/java.util.concurrent.CompletableFuture$UniAccept.tryFire(CompletableFuture.java:718)
	at java.base/java.util.concurrent.CompletableFuture.postComplete(CompletableFuture.java:510)
	at java.base/java.util.concurrent.CompletableFuture.complete(CompletableFuture.java:2179)
	at org.apache.ratis.grpc.client.GrpcClientProtocolClient$AsyncStreamObservers$1.lambda$onNext$0(GrpcClientProtocolClient.java:325)
	at java.base/java.util.Optional.ifPresent(Optional.java:178)
	at org.apache.ratis.grpc.client.GrpcClientProtocolClient$AsyncStreamObservers.handleReplyFuture(GrpcClientProtocolClient.java:381)
	at org.apache.ratis.grpc.client.GrpcClientProtocolClient$AsyncStreamObservers.access$100(GrpcClientProtocolClient.java:303)
	at org.apache.ratis.grpc.client.GrpcClientProtocolClient$AsyncStreamObservers$1.onNext(GrpcClientProtocolClient.java:325)
	at org.apache.ratis.grpc.client.GrpcClientProtocolClient$AsyncStreamObservers$1.onNext(GrpcClientProtocolClient.java:308)
	at org.apache.ratis.thirdparty.io.grpc.stub.ClientCalls$StreamObserverToCallListenerAdapter.onMessage(ClientCalls.java:468)
	at org.apache.ratis.thirdparty.io.grpc.ForwardingClientCallListener.onMessage(ForwardingClientCallListener.java:33)
	at org.apache.ratis.thirdparty.io.grpc.internal.DelayedClientCall$DelayedListener.onMessage(DelayedClientCall.java:473)
	at org.apache.ratis.thirdparty.io.grpc.internal.ClientCallImpl$ClientStreamListenerImpl$1MessagesAvailable.runInternal(ClientCallImpl.java:660)
	at org.apache.ratis.thirdparty.io.grpc.internal.ClientCallImpl$ClientStreamListenerImpl$1MessagesAvailable.runInContext(ClientCallImpl.java:647)
	at org.apache.ratis.thirdparty.io.grpc.internal.ContextRunnable.run(ContextRunnable.java:37)
	at org.apache.ratis.thirdparty.io.grpc.internal.SerializingExecutor.run(SerializingExecutor.java:133)
	at java.base/java.util.concurrent.ThreadPoolExecutor.runWorker(ThreadPoolExecutor.java:1144)
	at java.base/java.util.concurrent.ThreadPoolExecutor$Worker.run(ThreadPoolExecutor.java:642)
	at java.base/java.lang.Thread.run(Thread.java:1583)
Caused by: org.apache.ratis.protocol.exceptions.StateMachineException: org.apache.hadoop.hdds.scm.container.common.helpers.ContainerNotOpenException from Server f8181075-ae63-407a-b17c-78185f7d70dd@group-4B591AE0C988: Container 4 in UNHEALTHY state
	at org.apache.hadoop.ozone.container.common.impl.HddsDispatcher.validateContainerCommand(HddsDispatcher.java:565)
	at org.apache.hadoop.ozone.container.common.transport.server.ratis.ContainerStateMachine.startTransaction(ContainerStateMachine.java:488)
	at org.apache.ratis.server.impl.RaftServerImpl.writeAsyncImpl(RaftServerImpl.java:973)
	at org.apache.ratis.server.impl.RaftServerImpl.writeAsync(RaftServerImpl.java:946)
	at org.apache.ratis.server.impl.RaftServerImpl.replyFuture(RaftServerImpl.java:939)
	at org.apache.ratis.server.impl.RaftServerImpl.submitClientRequestAsync(RaftServerImpl.java:916)
	at org.apache.ratis.server.impl.RaftServerImpl.lambda$null$11(RaftServerImpl.java:905)
	at org.apache.ratis.util.JavaUtils.callAsUnchecked(JavaUtils.java:118)
	at org.apache.ratis.server.impl.RaftServerImpl.lambda$executeSubmitClientRequestAsync$12(RaftServerImpl.java:905)
	at java.base/java.util.concurrent.CompletableFuture$AsyncSupply.run(CompletableFuture.java:1768)
	... 3 more
Caused by: org.apache.hadoop.hdds.scm.container.common.helpers.ContainerNotOpenException: Container 4 in UNHEALTHY state
	at java.base/jdk.internal.reflect.DirectConstructorHandleAccessor.newInstance(DirectConstructorHandleAccessor.java:62)
	at java.base/java.lang.reflect.Constructor.newInstanceWithCaller(Constructor.java:502)
	at java.base/java.lang.reflect.Constructor.newInstance(Constructor.java:486)
	at org.apache.ratis.util.ReflectionUtils.instantiateException(ReflectionUtils.java:259)
	at org.apache.ratis.client.impl.ClientProtoUtils.toStateMachineException(ClientProtoUtils.java:455)
	at org.apache.ratis.client.impl.ClientProtoUtils.toStateMachineException(ClientProtoUtils.java:441)
	at org.apache.ratis.client.impl.ClientProtoUtils.toRaftClientReply(ClientProtoUtils.java:408)
	at org.apache.ratis.grpc.client.GrpcClientProtocolClient$AsyncStreamObservers$1.onNext(GrpcClientProtocolClient.java:313)
	at org.apache.ratis.grpc.client.GrpcClientProtocolClient$AsyncStreamObservers$1.onNext(GrpcClientProtocolClient.java:308)
	at org.apache.ratis.thirdparty.io.grpc.stub.ClientCalls$StreamObserverToCallListenerAdapter.onMessage(ClientCalls.java:468)
	at org.apache.ratis.thirdparty.io.grpc.ForwardingClientCallListener.onMessage(ForwardingClientCallListener.java:33)
	at org.apache.ratis.thirdparty.io.grpc.internal.DelayedClientCall$DelayedListener.onMessage(DelayedClientCall.java:473)
	at org.apache.ratis.thirdparty.io.grpc.internal.ClientCallImpl$ClientStreamListenerImpl$1MessagesAvailable.runInternal(ClientCallImpl.java:660)
	at org.apache.ratis.thirdparty.io.grpc.internal.ClientCallImpl$ClientStreamListenerImpl$1MessagesAvailable.runInContext(ClientCallImpl.java:647)
	at org.apache.ratis.thirdparty.io.grpc.internal.ContextRunnable.run(ContextRunnable.java:37)
	at org.apache.ratis.thirdparty.io.grpc.internal.SerializingExecutor.run(SerializingExecutor.java:133)
	... 3 more
2025-05-14 02:53:55,250 [grpc-default-executor-2] ERROR impl.OrderedAsync (OrderedAsync.java:lambda$send$4(181)) - Failed to send request, message=cmdType: WriteChunk
traceID: ""
containerID: 4
datanodeUuid: "f8181075-ae63-407a-b17c-78185f7d70dd"
writeChunk {
  blockID {
    containerID: 4
    localID: 115816896921600004
    blockCommitSequenceId: 0
  }
  chunkData {
    chunkName: "115816896921600004.data.0"
    offset: 0
    len: 5
    checksumData {
      type: CRC32
      bytesPerChecksum: 1048576
      checksums: "_\255\031\017"
    }
  }
}
version: 3
, data.size=5
java.util.concurrent.CompletionException: org.apache.ratis.protocol.exceptions.StateMachineException: org.apache.hadoop.hdds.scm.container.common.helpers.ContainerNotOpenException from Server f8181075-ae63-407a-b17c-78185f7d70dd@group-4B591AE0C988: Container 4 in UNHEALTHY state
	at org.apache.ratis.client.impl.RaftClientImpl.handleRaftException(RaftClientImpl.java:373)
	at org.apache.ratis.client.impl.OrderedAsync.lambda$send$3(OrderedAsync.java:175)
	at java.base/java.util.concurrent.CompletableFuture$UniApply.tryFire(CompletableFuture.java:646)
	at java.base/java.util.concurrent.CompletableFuture.postComplete(CompletableFuture.java:510)
	at java.base/java.util.concurrent.CompletableFuture.complete(CompletableFuture.java:2179)
	at org.apache.ratis.client.impl.OrderedAsync$PendingOrderedRequest.setReply(OrderedAsync.java:105)
	at org.apache.ratis.client.impl.OrderedAsync$PendingOrderedRequest.setReply(OrderedAsync.java:66)
	at org.apache.ratis.util.SlidingWindow$RequestMap.setReply(SlidingWindow.java:147)
	at org.apache.ratis.util.SlidingWindow$Client.receiveReply(SlidingWindow.java:351)
	at org.apache.ratis.client.impl.OrderedAsync.lambda$sendRequestWithRetry$5(OrderedAsync.java:210)
	at java.base/java.util.concurrent.CompletableFuture$UniAccept.tryFire(CompletableFuture.java:718)
	at java.base/java.util.concurrent.CompletableFuture.postComplete(CompletableFuture.java:510)
	at java.base/java.util.concurrent.CompletableFuture.complete(CompletableFuture.java:2179)
	at org.apache.ratis.grpc.client.GrpcClientProtocolClient$AsyncStreamObservers$1.lambda$onNext$0(GrpcClientProtocolClient.java:325)
	at java.base/java.util.Optional.ifPresent(Optional.java:178)
	at org.apache.ratis.grpc.client.GrpcClientProtocolClient$AsyncStreamObservers.handleReplyFuture(GrpcClientProtocolClient.java:381)
	at org.apache.ratis.grpc.client.GrpcClientProtocolClient$AsyncStreamObservers.access$100(GrpcClientProtocolClient.java:303)
	at org.apache.ratis.grpc.client.GrpcClientProtocolClient$AsyncStreamObservers$1.onNext(GrpcClientProtocolClient.java:325)
	at org.apache.ratis.grpc.client.GrpcClientProtocolClient$AsyncStreamObservers$1.onNext(GrpcClientProtocolClient.java:308)
	at org.apache.ratis.thirdparty.io.grpc.stub.ClientCalls$StreamObserverToCallListenerAdapter.onMessage(ClientCalls.java:468)
	at org.apache.ratis.thirdparty.io.grpc.ForwardingClientCallListener.onMessage(ForwardingClientCallListener.java:33)
	at org.apache.ratis.thirdparty.io.grpc.internal.DelayedClientCall$DelayedListener.onMessage(DelayedClientCall.java:473)
	at org.apache.ratis.thirdparty.io.grpc.internal.ClientCallImpl$ClientStreamListenerImpl$1MessagesAvailable.runInternal(ClientCallImpl.java:660)
	at org.apache.ratis.thirdparty.io.grpc.internal.ClientCallImpl$ClientStreamListenerImpl$1MessagesAvailable.runInContext(ClientCallImpl.java:647)
	at org.apache.ratis.thirdparty.io.grpc.internal.ContextRunnable.run(ContextRunnable.java:37)
	at org.apache.ratis.thirdparty.io.grpc.internal.SerializingExecutor.run(SerializingExecutor.java:133)
	at java.base/java.util.concurrent.ThreadPoolExecutor.runWorker(ThreadPoolExecutor.java:1144)
	at java.base/java.util.concurrent.ThreadPoolExecutor$Worker.run(ThreadPoolExecutor.java:642)
	at java.base/java.lang.Thread.run(Thread.java:1583)
Caused by: org.apache.ratis.protocol.exceptions.StateMachineException: org.apache.hadoop.hdds.scm.container.common.helpers.ContainerNotOpenException from Server f8181075-ae63-407a-b17c-78185f7d70dd@group-4B591AE0C988: Container 4 in UNHEALTHY state
	at org.apache.hadoop.ozone.container.common.impl.HddsDispatcher.validateContainerCommand(HddsDispatcher.java:565)
	at org.apache.hadoop.ozone.container.common.transport.server.ratis.ContainerStateMachine.startTransaction(ContainerStateMachine.java:488)
	at org.apache.ratis.server.impl.RaftServerImpl.writeAsyncImpl(RaftServerImpl.java:973)
	at org.apache.ratis.server.impl.RaftServerImpl.writeAsync(RaftServerImpl.java:946)
	at org.apache.ratis.server.impl.RaftServerImpl.replyFuture(RaftServerImpl.java:939)
	at org.apache.ratis.server.impl.RaftServerImpl.submitClientRequestAsync(RaftServerImpl.java:916)
	at org.apache.ratis.server.impl.RaftServerImpl.lambda$null$11(RaftServerImpl.java:905)
	at org.apache.ratis.util.JavaUtils.callAsUnchecked(JavaUtils.java:118)
	at org.apache.ratis.server.impl.RaftServerImpl.lambda$executeSubmitClientRequestAsync$12(RaftServerImpl.java:905)
	at java.base/java.util.concurrent.CompletableFuture$AsyncSupply.run(CompletableFuture.java:1768)
	... 3 more
Caused by: org.apache.hadoop.hdds.scm.container.common.helpers.ContainerNotOpenException: Container 4 in UNHEALTHY state
	at java.base/jdk.internal.reflect.DirectConstructorHandleAccessor.newInstance(DirectConstructorHandleAccessor.java:62)
	at java.base/java.lang.reflect.Constructor.newInstanceWithCaller(Constructor.java:502)
	at java.base/java.lang.reflect.Constructor.newInstance(Constructor.java:486)
	at org.apache.ratis.util.ReflectionUtils.instantiateException(ReflectionUtils.java:259)
	at org.apache.ratis.client.impl.ClientProtoUtils.toStateMachineException(ClientProtoUtils.java:455)
	at org.apache.ratis.client.impl.ClientProtoUtils.toStateMachineException(ClientProtoUtils.java:441)
	at org.apache.ratis.client.impl.ClientProtoUtils.toRaftClientReply(ClientProtoUtils.java:408)
	at org.apache.ratis.grpc.client.GrpcClientProtocolClient$AsyncStreamObservers$1.onNext(GrpcClientProtocolClient.java:313)
	at org.apache.ratis.grpc.client.GrpcClientProtocolClient$AsyncStreamObservers$1.onNext(GrpcClientProtocolClient.java:308)
	at org.apache.ratis.thirdparty.io.grpc.stub.ClientCalls$StreamObserverToCallListenerAdapter.onMessage(ClientCalls.java:468)
	at org.apache.ratis.thirdparty.io.grpc.ForwardingClientCallListener.onMessage(ForwardingClientCallListener.java:33)
	at org.apache.ratis.thirdparty.io.grpc.internal.DelayedClientCall$DelayedListener.onMessage(DelayedClientCall.java:473)
	at org.apache.ratis.thirdparty.io.grpc.internal.ClientCallImpl$ClientStreamListenerImpl$1MessagesAvailable.runInternal(ClientCallImpl.java:660)
	at org.apache.ratis.thirdparty.io.grpc.internal.ClientCallImpl$ClientStreamListenerImpl$1MessagesAvailable.runInContext(ClientCallImpl.java:647)
	at org.apache.ratis.thirdparty.io.grpc.internal.ContextRunnable.run(ContextRunnable.java:37)
	at org.apache.ratis.thirdparty.io.grpc.internal.SerializingExecutor.run(SerializingExecutor.java:133)
	... 3 more
2025-05-14 02:53:55,251 [grpc-default-executor-2] ERROR impl.OrderedAsync (OrderedAsync.java:lambda$send$4(181)) - Failed to send request, message=cmdType: WriteChunk
traceID: ""
containerID: 4
datanodeUuid: "f8181075-ae63-407a-b17c-78185f7d70dd"
writeChunk {
  blockID {
    containerID: 4
    localID: 115816896921600004
    blockCommitSequenceId: 0
  }
  chunkData {
    chunkName: "115816896921600004.data.0"
    offset: 0
    len: 5
    checksumData {
      type: CRC32
      bytesPerChecksum: 1048576
      checksums: "\240.\022\355"
    }
  }
}
version: 3
, data.size=5
java.util.concurrent.CompletionException: org.apache.ratis.protocol.exceptions.StateMachineException: org.apache.hadoop.hdds.scm.container.common.helpers.ContainerNotOpenException from Server f8181075-ae63-407a-b17c-78185f7d70dd@group-4B591AE0C988: Container 4 in UNHEALTHY state
	at org.apache.ratis.client.impl.RaftClientImpl.handleRaftException(RaftClientImpl.java:373)
	at org.apache.ratis.client.impl.OrderedAsync.lambda$send$3(OrderedAsync.java:175)
	at java.base/java.util.concurrent.CompletableFuture$UniApply.tryFire(CompletableFuture.java:646)
	at java.base/java.util.concurrent.CompletableFuture.postComplete(CompletableFuture.java:510)
	at java.base/java.util.concurrent.CompletableFuture.complete(CompletableFuture.java:2179)
	at org.apache.ratis.client.impl.OrderedAsync$PendingOrderedRequest.setReply(OrderedAsync.java:105)
	at org.apache.ratis.client.impl.OrderedAsync$PendingOrderedRequest.setReply(OrderedAsync.java:66)
	at org.apache.ratis.util.SlidingWindow$RequestMap.setReply(SlidingWindow.java:147)
	at org.apache.ratis.util.SlidingWindow$Client.receiveReply(SlidingWindow.java:351)
	at org.apache.ratis.client.impl.OrderedAsync.lambda$sendRequestWithRetry$5(OrderedAsync.java:210)
	at java.base/java.util.concurrent.CompletableFuture$UniAccept.tryFire(CompletableFuture.java:718)
	at java.base/java.util.concurrent.CompletableFuture.postComplete(CompletableFuture.java:510)
	at java.base/java.util.concurrent.CompletableFuture.complete(CompletableFuture.java:2179)
	at org.apache.ratis.grpc.client.GrpcClientProtocolClient$AsyncStreamObservers$1.lambda$onNext$0(GrpcClientProtocolClient.java:325)
	at java.base/java.util.Optional.ifPresent(Optional.java:178)
	at org.apache.ratis.grpc.client.GrpcClientProtocolClient$AsyncStreamObservers.handleReplyFuture(GrpcClientProtocolClient.java:381)
	at org.apache.ratis.grpc.client.GrpcClientProtocolClient$AsyncStreamObservers.access$100(GrpcClientProtocolClient.java:303)
	at org.apache.ratis.grpc.client.GrpcClientProtocolClient$AsyncStreamObservers$1.onNext(GrpcClientProtocolClient.java:325)
	at org.apache.ratis.grpc.client.GrpcClientProtocolClient$AsyncStreamObservers$1.onNext(GrpcClientProtocolClient.java:308)
	at org.apache.ratis.thirdparty.io.grpc.stub.ClientCalls$StreamObserverToCallListenerAdapter.onMessage(ClientCalls.java:468)
	at org.apache.ratis.thirdparty.io.grpc.ForwardingClientCallListener.onMessage(ForwardingClientCallListener.java:33)
	at org.apache.ratis.thirdparty.io.grpc.internal.DelayedClientCall$DelayedListener.onMessage(DelayedClientCall.java:473)
	at org.apache.ratis.thirdparty.io.grpc.internal.ClientCallImpl$ClientStreamListenerImpl$1MessagesAvailable.runInternal(ClientCallImpl.java:660)
	at org.apache.ratis.thirdparty.io.grpc.internal.ClientCallImpl$ClientStreamListenerImpl$1MessagesAvailable.runInContext(ClientCallImpl.java:647)
	at org.apache.ratis.thirdparty.io.grpc.internal.ContextRunnable.run(ContextRunnable.java:37)
	at org.apache.ratis.thirdparty.io.grpc.internal.SerializingExecutor.run(SerializingExecutor.java:133)
	at java.base/java.util.concurrent.ThreadPoolExecutor.runWorker(ThreadPoolExecutor.java:1144)
	at java.base/java.util.concurrent.ThreadPoolExecutor$Worker.run(ThreadPoolExecutor.java:642)
	at java.base/java.lang.Thread.run(Thread.java:1583)
Caused by: org.apache.ratis.protocol.exceptions.StateMachineException: org.apache.hadoop.hdds.scm.container.common.helpers.ContainerNotOpenException from Server f8181075-ae63-407a-b17c-78185f7d70dd@group-4B591AE0C988: Container 4 in UNHEALTHY state
	at org.apache.hadoop.ozone.container.common.impl.HddsDispatcher.validateContainerCommand(HddsDispatcher.java:565)
	at org.apache.hadoop.ozone.container.common.transport.server.ratis.ContainerStateMachine.startTransaction(ContainerStateMachine.java:488)
	at org.apache.ratis.server.impl.RaftServerImpl.writeAsyncImpl(RaftServerImpl.java:973)
	at org.apache.ratis.server.impl.RaftServerImpl.writeAsync(RaftServerImpl.java:946)
	at org.apache.ratis.server.impl.RaftServerImpl.replyFuture(RaftServerImpl.java:939)
	at org.apache.ratis.server.impl.RaftServerImpl.submitClientRequestAsync(RaftServerImpl.java:916)
	at org.apache.ratis.server.impl.RaftServerImpl.lambda$null$11(RaftServerImpl.java:905)
	at org.apache.ratis.util.JavaUtils.callAsUnchecked(JavaUtils.java:118)
	at org.apache.ratis.server.impl.RaftServerImpl.lambda$executeSubmitClientRequestAsync$12(RaftServerImpl.java:905)
	at java.base/java.util.concurrent.CompletableFuture$AsyncSupply.run(CompletableFuture.java:1768)
	... 3 more
Caused by: org.apache.hadoop.hdds.scm.container.common.helpers.ContainerNotOpenException: Container 4 in UNHEALTHY state
	at java.base/jdk.internal.reflect.DirectConstructorHandleAccessor.newInstance(DirectConstructorHandleAccessor.java:62)
	at java.base/java.lang.reflect.Constructor.newInstanceWithCaller(Constructor.java:502)
	at java.base/java.lang.reflect.Constructor.newInstance(Constructor.java:486)
	at org.apache.ratis.util.ReflectionUtils.instantiateException(ReflectionUtils.java:259)
	at org.apache.ratis.client.impl.ClientProtoUtils.toStateMachineException(ClientProtoUtils.java:455)
	at org.apache.ratis.client.impl.ClientProtoUtils.toStateMachineException(ClientProtoUtils.java:441)
	at org.apache.ratis.client.impl.ClientProtoUtils.toRaftClientReply(ClientProtoUtils.java:408)
	at org.apache.ratis.grpc.client.GrpcClientProtocolClient$AsyncStreamObservers$1.onNext(GrpcClientProtocolClient.java:313)
	at org.apache.ratis.grpc.client.GrpcClientProtocolClient$AsyncStreamObservers$1.onNext(GrpcClientProtocolClient.java:308)
	at org.apache.ratis.thirdparty.io.grpc.stub.ClientCalls$StreamObserverToCallListenerAdapter.onMessage(ClientCalls.java:468)
	at org.apache.ratis.thirdparty.io.grpc.ForwardingClientCallListener.onMessage(ForwardingClientCallListener.java:33)
	at org.apache.ratis.thirdparty.io.grpc.internal.DelayedClientCall$DelayedListener.onMessage(DelayedClientCall.java:473)
	at org.apache.ratis.thirdparty.io.grpc.internal.ClientCallImpl$ClientStreamListenerImpl$1MessagesAvailable.runInternal(ClientCallImpl.java:660)
	at org.apache.ratis.thirdparty.io.grpc.internal.ClientCallImpl$ClientStreamListenerImpl$1MessagesAvailable.runInContext(ClientCallImpl.java:647)
	at org.apache.ratis.thirdparty.io.grpc.internal.ContextRunnable.run(ContextRunnable.java:37)
	at org.apache.ratis.thirdparty.io.grpc.internal.SerializingExecutor.run(SerializingExecutor.java:133)
	... 3 more
2025-05-14 02:53:55,252 [grpc-default-executor-2] ERROR impl.OrderedAsync (OrderedAsync.java:lambda$send$4(181)) - Failed to send request, message=cmdType: WriteChunk
traceID: ""
containerID: 4
datanodeUuid: "f8181075-ae63-407a-b17c-78185f7d70dd"
writeChunk {
  blockID {
    containerID: 4
    localID: 115816896921600004
    blockCommitSequenceId: 0
  }
  chunkData {
    chunkName: "115816896921600004.data.0"
    offset: 0
    len: 5
    checksumData {
      type: CRC32
      bytesPerChecksum: 1048576
      checksums: "\261\311I\337"
    }
  }
}
version: 3
, data.size=5
java.util.concurrent.CompletionException: org.apache.ratis.protocol.exceptions.StateMachineException: org.apache.hadoop.hdds.scm.container.common.helpers.ContainerNotOpenException from Server f8181075-ae63-407a-b17c-78185f7d70dd@group-4B591AE0C988: Container 4 in UNHEALTHY state
	at org.apache.ratis.client.impl.RaftClientImpl.handleRaftException(RaftClientImpl.java:373)
	at org.apache.ratis.client.impl.OrderedAsync.lambda$send$3(OrderedAsync.java:175)
	at java.base/java.util.concurrent.CompletableFuture$UniApply.tryFire(CompletableFuture.java:646)
	at java.base/java.util.concurrent.CompletableFuture.postComplete(CompletableFuture.java:510)
	at java.base/java.util.concurrent.CompletableFuture.complete(CompletableFuture.java:2179)
	at org.apache.ratis.client.impl.OrderedAsync$PendingOrderedRequest.setReply(OrderedAsync.java:105)
	at org.apache.ratis.client.impl.OrderedAsync$PendingOrderedRequest.setReply(OrderedAsync.java:66)
	at org.apache.ratis.util.SlidingWindow$RequestMap.setReply(SlidingWindow.java:147)
	at org.apache.ratis.util.SlidingWindow$Client.receiveReply(SlidingWindow.java:351)
	at org.apache.ratis.client.impl.OrderedAsync.lambda$sendRequestWithRetry$5(OrderedAsync.java:210)
	at java.base/java.util.concurrent.CompletableFuture$UniAccept.tryFire(CompletableFuture.java:718)
	at java.base/java.util.concurrent.CompletableFuture.postComplete(CompletableFuture.java:510)
	at java.base/java.util.concurrent.CompletableFuture.complete(CompletableFuture.java:2179)
	at org.apache.ratis.grpc.client.GrpcClientProtocolClient$AsyncStreamObservers$1.lambda$onNext$0(GrpcClientProtocolClient.java:325)
	at java.base/java.util.Optional.ifPresent(Optional.java:178)
	at org.apache.ratis.grpc.client.GrpcClientProtocolClient$AsyncStreamObservers.handleReplyFuture(GrpcClientProtocolClient.java:381)
	at org.apache.ratis.grpc.client.GrpcClientProtocolClient$AsyncStreamObservers.access$100(GrpcClientProtocolClient.java:303)
	at org.apache.ratis.grpc.client.GrpcClientProtocolClient$AsyncStreamObservers$1.onNext(GrpcClientProtocolClient.java:325)
	at org.apache.ratis.grpc.client.GrpcClientProtocolClient$AsyncStreamObservers$1.onNext(GrpcClientProtocolClient.java:308)
	at org.apache.ratis.thirdparty.io.grpc.stub.ClientCalls$StreamObserverToCallListenerAdapter.onMessage(ClientCalls.java:468)
	at org.apache.ratis.thirdparty.io.grpc.ForwardingClientCallListener.onMessage(ForwardingClientCallListener.java:33)
	at org.apache.ratis.thirdparty.io.grpc.internal.DelayedClientCall$DelayedListener.onMessage(DelayedClientCall.java:473)
	at org.apache.ratis.thirdparty.io.grpc.internal.ClientCallImpl$ClientStreamListenerImpl$1MessagesAvailable.runInternal(ClientCallImpl.java:660)
	at org.apache.ratis.thirdparty.io.grpc.internal.ClientCallImpl$ClientStreamListenerImpl$1MessagesAvailable.runInContext(ClientCallImpl.java:647)
	at org.apache.ratis.thirdparty.io.grpc.internal.ContextRunnable.run(ContextRunnable.java:37)
	at org.apache.ratis.thirdparty.io.grpc.internal.SerializingExecutor.run(SerializingExecutor.java:133)
	at java.base/java.util.concurrent.ThreadPoolExecutor.runWorker(ThreadPoolExecutor.java:1144)
	at java.base/java.util.concurrent.ThreadPoolExecutor$Worker.run(ThreadPoolExecutor.java:642)
	at java.base/java.lang.Thread.run(Thread.java:1583)
Caused by: org.apache.ratis.protocol.exceptions.StateMachineException: org.apache.hadoop.hdds.scm.container.common.helpers.ContainerNotOpenException from Server f8181075-ae63-407a-b17c-78185f7d70dd@group-4B591AE0C988: Container 4 in UNHEALTHY state
	at org.apache.hadoop.ozone.container.common.impl.HddsDispatcher.validateContainerCommand(HddsDispatcher.java:565)
	at org.apache.hadoop.ozone.container.common.transport.server.ratis.ContainerStateMachine.startTransaction(ContainerStateMachine.java:488)
	at org.apache.ratis.server.impl.RaftServerImpl.writeAsyncImpl(RaftServerImpl.java:973)
	at org.apache.ratis.server.impl.RaftServerImpl.writeAsync(RaftServerImpl.java:946)
	at org.apache.ratis.server.impl.RaftServerImpl.replyFuture(RaftServerImpl.java:939)
	at org.apache.ratis.server.impl.RaftServerImpl.submitClientRequestAsync(RaftServerImpl.java:916)
	at org.apache.ratis.server.impl.RaftServerImpl.lambda$null$11(RaftServerImpl.java:905)
	at org.apache.ratis.util.JavaUtils.callAsUnchecked(JavaUtils.java:118)
	at org.apache.ratis.server.impl.RaftServerImpl.lambda$executeSubmitClientRequestAsync$12(RaftServerImpl.java:905)
	at java.base/java.util.concurrent.CompletableFuture$AsyncSupply.run(CompletableFuture.java:1768)
	... 3 more
Caused by: org.apache.hadoop.hdds.scm.container.common.helpers.ContainerNotOpenException: Container 4 in UNHEALTHY state
	at java.base/jdk.internal.reflect.DirectConstructorHandleAccessor.newInstance(DirectConstructorHandleAccessor.java:62)
	at java.base/java.lang.reflect.Constructor.newInstanceWithCaller(Constructor.java:502)
	at java.base/java.lang.reflect.Constructor.newInstance(Constructor.java:486)
	at org.apache.ratis.util.ReflectionUtils.instantiateException(ReflectionUtils.java:259)
	at org.apache.ratis.client.impl.ClientProtoUtils.toStateMachineException(ClientProtoUtils.java:455)
	at org.apache.ratis.client.impl.ClientProtoUtils.toStateMachineException(ClientProtoUtils.java:441)
	at org.apache.ratis.client.impl.ClientProtoUtils.toRaftClientReply(ClientProtoUtils.java:408)
	at org.apache.ratis.grpc.client.GrpcClientProtocolClient$AsyncStreamObservers$1.onNext(GrpcClientProtocolClient.java:313)
	at org.apache.ratis.grpc.client.GrpcClientProtocolClient$AsyncStreamObservers$1.onNext(GrpcClientProtocolClient.java:308)
	at org.apache.ratis.thirdparty.io.grpc.stub.ClientCalls$StreamObserverToCallListenerAdapter.onMessage(ClientCalls.java:468)
	at org.apache.ratis.thirdparty.io.grpc.ForwardingClientCallListener.onMessage(ForwardingClientCallListener.java:33)
	at org.apache.ratis.thirdparty.io.grpc.internal.DelayedClientCall$DelayedListener.onMessage(DelayedClientCall.java:473)
	at org.apache.ratis.thirdparty.io.grpc.internal.ClientCallImpl$ClientStreamListenerImpl$1MessagesAvailable.runInternal(ClientCallImpl.java:660)
	at org.apache.ratis.thirdparty.io.grpc.internal.ClientCallImpl$ClientStreamListenerImpl$1MessagesAvailable.runInContext(ClientCallImpl.java:647)
	at org.apache.ratis.thirdparty.io.grpc.internal.ContextRunnable.run(ContextRunnable.java:37)
	at org.apache.ratis.thirdparty.io.grpc.internal.SerializingExecutor.run(SerializingExecutor.java:133)
	... 3 more
2025-05-14 02:53:55,253 [grpc-default-executor-2] ERROR impl.OrderedAsync (OrderedAsync.java:lambda$send$4(181)) - Failed to send request, message=cmdType: WriteChunk
traceID: ""
containerID: 4
datanodeUuid: "f8181075-ae63-407a-b17c-78185f7d70dd"
writeChunk {
  blockID {
    containerID: 4
    localID: 115816896921600004
    blockCommitSequenceId: 0
  }
  chunkData {
    chunkName: "115816896921600004.data.0"
    offset: 0
    len: 5
    checksumData {
      type: CRC32
      bytesPerChecksum: 1048576
      checksums: "$S$\263"
    }
  }
}
version: 3
, data.size=5
java.util.concurrent.CompletionException: org.apache.ratis.protocol.exceptions.StateMachineException: org.apache.hadoop.hdds.scm.container.common.helpers.ContainerNotOpenException from Server f8181075-ae63-407a-b17c-78185f7d70dd@group-4B591AE0C988: Container 4 in UNHEALTHY state
	at org.apache.ratis.client.impl.RaftClientImpl.handleRaftException(RaftClientImpl.java:373)
	at org.apache.ratis.client.impl.OrderedAsync.lambda$send$3(OrderedAsync.java:175)
	at java.base/java.util.concurrent.CompletableFuture$UniApply.tryFire(CompletableFuture.java:646)
	at java.base/java.util.concurrent.CompletableFuture.postComplete(CompletableFuture.java:510)
	at java.base/java.util.concurrent.CompletableFuture.complete(CompletableFuture.java:2179)
	at org.apache.ratis.client.impl.OrderedAsync$PendingOrderedRequest.setReply(OrderedAsync.java:105)
	at org.apache.ratis.client.impl.OrderedAsync$PendingOrderedRequest.setReply(OrderedAsync.java:66)
	at org.apache.ratis.util.SlidingWindow$RequestMap.setReply(SlidingWindow.java:147)
	at org.apache.ratis.util.SlidingWindow$Client.receiveReply(SlidingWindow.java:351)
	at org.apache.ratis.client.impl.OrderedAsync.lambda$sendRequestWithRetry$5(OrderedAsync.java:210)
	at java.base/java.util.concurrent.CompletableFuture$UniAccept.tryFire(CompletableFuture.java:718)
	at java.base/java.util.concurrent.CompletableFuture.postComplete(CompletableFuture.java:510)
	at java.base/java.util.concurrent.CompletableFuture.complete(CompletableFuture.java:2179)
	at org.apache.ratis.grpc.client.GrpcClientProtocolClient$AsyncStreamObservers$1.lambda$onNext$0(GrpcClientProtocolClient.java:325)
	at java.base/java.util.Optional.ifPresent(Optional.java:178)
	at org.apache.ratis.grpc.client.GrpcClientProtocolClient$AsyncStreamObservers.handleReplyFuture(GrpcClientProtocolClient.java:381)
	at org.apache.ratis.grpc.client.GrpcClientProtocolClient$AsyncStreamObservers.access$100(GrpcClientProtocolClient.java:303)
	at org.apache.ratis.grpc.client.GrpcClientProtocolClient$AsyncStreamObservers$1.onNext(GrpcClientProtocolClient.java:325)
	at org.apache.ratis.grpc.client.GrpcClientProtocolClient$AsyncStreamObservers$1.onNext(GrpcClientProtocolClient.java:308)
	at org.apache.ratis.thirdparty.io.grpc.stub.ClientCalls$StreamObserverToCallListenerAdapter.onMessage(ClientCalls.java:468)
	at org.apache.ratis.thirdparty.io.grpc.ForwardingClientCallListener.onMessage(ForwardingClientCallListener.java:33)
	at org.apache.ratis.thirdparty.io.grpc.internal.DelayedClientCall$DelayedListener.onMessage(DelayedClientCall.java:473)
	at org.apache.ratis.thirdparty.io.grpc.internal.ClientCallImpl$ClientStreamListenerImpl$1MessagesAvailable.runInternal(ClientCallImpl.java:660)
	at org.apache.ratis.thirdparty.io.grpc.internal.ClientCallImpl$ClientStreamListenerImpl$1MessagesAvailable.runInContext(ClientCallImpl.java:647)
	at org.apache.ratis.thirdparty.io.grpc.internal.ContextRunnable.run(ContextRunnable.java:37)
	at org.apache.ratis.thirdparty.io.grpc.internal.SerializingExecutor.run(SerializingExecutor.java:133)
	at java.base/java.util.concurrent.ThreadPoolExecutor.runWorker(ThreadPoolExecutor.java:1144)
	at java.base/java.util.concurrent.ThreadPoolExecutor$Worker.run(ThreadPoolExecutor.java:642)
	at java.base/java.lang.Thread.run(Thread.java:1583)
Caused by: org.apache.ratis.protocol.exceptions.StateMachineException: org.apache.hadoop.hdds.scm.container.common.helpers.ContainerNotOpenException from Server f8181075-ae63-407a-b17c-78185f7d70dd@group-4B591AE0C988: Container 4 in UNHEALTHY state
	at org.apache.hadoop.ozone.container.common.impl.HddsDispatcher.validateContainerCommand(HddsDispatcher.java:565)
	at org.apache.hadoop.ozone.container.common.transport.server.ratis.ContainerStateMachine.startTransaction(ContainerStateMachine.java:488)
	at org.apache.ratis.server.impl.RaftServerImpl.writeAsyncImpl(RaftServerImpl.java:973)
	at org.apache.ratis.server.impl.RaftServerImpl.writeAsync(RaftServerImpl.java:946)
	at org.apache.ratis.server.impl.RaftServerImpl.replyFuture(RaftServerImpl.java:939)
	at org.apache.ratis.server.impl.RaftServerImpl.submitClientRequestAsync(RaftServerImpl.java:916)
	at org.apache.ratis.server.impl.RaftServerImpl.lambda$null$11(RaftServerImpl.java:905)
	at org.apache.ratis.util.JavaUtils.callAsUnchecked(JavaUtils.java:118)
	at org.apache.ratis.server.impl.RaftServerImpl.lambda$executeSubmitClientRequestAsync$12(RaftServerImpl.java:905)
	at java.base/java.util.concurrent.CompletableFuture$AsyncSupply.run(CompletableFuture.java:1768)
	... 3 more
Caused by: org.apache.hadoop.hdds.scm.container.common.helpers.ContainerNotOpenException: Container 4 in UNHEALTHY state
	at java.base/jdk.internal.reflect.DirectConstructorHandleAccessor.newInstance(DirectConstructorHandleAccessor.java:62)
	at java.base/java.lang.reflect.Constructor.newInstanceWithCaller(Constructor.java:502)
	at java.base/java.lang.reflect.Constructor.newInstance(Constructor.java:486)
	at org.apache.ratis.util.ReflectionUtils.instantiateException(ReflectionUtils.java:259)
	at org.apache.ratis.client.impl.ClientProtoUtils.toStateMachineException(ClientProtoUtils.java:455)
	at org.apache.ratis.client.impl.ClientProtoUtils.toStateMachineException(ClientProtoUtils.java:441)
	at org.apache.ratis.client.impl.ClientProtoUtils.toRaftClientReply(ClientProtoUtils.java:408)
	at org.apache.ratis.grpc.client.GrpcClientProtocolClient$AsyncStreamObservers$1.onNext(GrpcClientProtocolClient.java:313)
	at org.apache.ratis.grpc.client.GrpcClientProtocolClient$AsyncStreamObservers$1.onNext(GrpcClientProtocolClient.java:308)
	at org.apache.ratis.thirdparty.io.grpc.stub.ClientCalls$StreamObserverToCallListenerAdapter.onMessage(ClientCalls.java:468)
	at org.apache.ratis.thirdparty.io.grpc.ForwardingClientCallListener.onMessage(ForwardingClientCallListener.java:33)
	at org.apache.ratis.thirdparty.io.grpc.internal.DelayedClientCall$DelayedListener.onMessage(DelayedClientCall.java:473)
	at org.apache.ratis.thirdparty.io.grpc.internal.ClientCallImpl$ClientStreamListenerImpl$1MessagesAvailable.runInternal(ClientCallImpl.java:660)
	at org.apache.ratis.thirdparty.io.grpc.internal.ClientCallImpl$ClientStreamListenerImpl$1MessagesAvailable.runInContext(ClientCallImpl.java:647)
	at org.apache.ratis.thirdparty.io.grpc.internal.ContextRunnable.run(ContextRunnable.java:37)
	at org.apache.ratis.thirdparty.io.grpc.internal.SerializingExecutor.run(SerializingExecutor.java:133)
	... 3 more
2025-05-14 02:53:55,254 [grpc-default-executor-2] ERROR impl.OrderedAsync (OrderedAsync.java:lambda$send$4(181)) - Failed to send request, message=cmdType: WriteChunk
traceID: ""
containerID: 4
datanodeUuid: "f8181075-ae63-407a-b17c-78185f7d70dd"
writeChunk {
  blockID {
    containerID: 4
    localID: 115816896921600004
    blockCommitSequenceId: 0
  }
  chunkData {
    chunkName: "115816896921600004.data.0"
    offset: 0
    len: 5
    checksumData {
      type: CRC32
      bytesPerChecksum: 1048576
      checksums: "\234\300\311\345"
    }
  }
}
version: 3
, data.size=5
java.util.concurrent.CompletionException: org.apache.ratis.protocol.exceptions.StateMachineException: org.apache.hadoop.hdds.scm.container.common.helpers.ContainerNotOpenException from Server f8181075-ae63-407a-b17c-78185f7d70dd@group-4B591AE0C988: Container 4 in UNHEALTHY state
	at org.apache.ratis.client.impl.RaftClientImpl.handleRaftException(RaftClientImpl.java:373)
	at org.apache.ratis.client.impl.OrderedAsync.lambda$send$3(OrderedAsync.java:175)
	at java.base/java.util.concurrent.CompletableFuture$UniApply.tryFire(CompletableFuture.java:646)
	at java.base/java.util.concurrent.CompletableFuture.postComplete(CompletableFuture.java:510)
	at java.base/java.util.concurrent.CompletableFuture.complete(CompletableFuture.java:2179)
	at org.apache.ratis.client.impl.OrderedAsync$PendingOrderedRequest.setReply(OrderedAsync.java:105)
	at org.apache.ratis.client.impl.OrderedAsync$PendingOrderedRequest.setReply(OrderedAsync.java:66)
	at org.apache.ratis.util.SlidingWindow$RequestMap.setReply(SlidingWindow.java:147)
	at org.apache.ratis.util.SlidingWindow$Client.receiveReply(SlidingWindow.java:351)
	at org.apache.ratis.client.impl.OrderedAsync.lambda$sendRequestWithRetry$5(OrderedAsync.java:210)
	at java.base/java.util.concurrent.CompletableFuture$UniAccept.tryFire(CompletableFuture.java:718)
	at java.base/java.util.concurrent.CompletableFuture.postComplete(CompletableFuture.java:510)
	at java.base/java.util.concurrent.CompletableFuture.complete(CompletableFuture.java:2179)
	at org.apache.ratis.grpc.client.GrpcClientProtocolClient$AsyncStreamObservers$1.lambda$onNext$0(GrpcClientProtocolClient.java:325)
	at java.base/java.util.Optional.ifPresent(Optional.java:178)
	at org.apache.ratis.grpc.client.GrpcClientProtocolClient$AsyncStreamObservers.handleReplyFuture(GrpcClientProtocolClient.java:381)
	at org.apache.ratis.grpc.client.GrpcClientProtocolClient$AsyncStreamObservers.access$100(GrpcClientProtocolClient.java:303)
	at org.apache.ratis.grpc.client.GrpcClientProtocolClient$AsyncStreamObservers$1.onNext(GrpcClientProtocolClient.java:325)
	at org.apache.ratis.grpc.client.GrpcClientProtocolClient$AsyncStreamObservers$1.onNext(GrpcClientProtocolClient.java:308)
	at org.apache.ratis.thirdparty.io.grpc.stub.ClientCalls$StreamObserverToCallListenerAdapter.onMessage(ClientCalls.java:468)
	at org.apache.ratis.thirdparty.io.grpc.ForwardingClientCallListener.onMessage(ForwardingClientCallListener.java:33)
	at org.apache.ratis.thirdparty.io.grpc.internal.DelayedClientCall$DelayedListener.onMessage(DelayedClientCall.java:473)
	at org.apache.ratis.thirdparty.io.grpc.internal.ClientCallImpl$ClientStreamListenerImpl$1MessagesAvailable.runInternal(ClientCallImpl.java:660)
	at org.apache.ratis.thirdparty.io.grpc.internal.ClientCallImpl$ClientStreamListenerImpl$1MessagesAvailable.runInContext(ClientCallImpl.java:647)
	at org.apache.ratis.thirdparty.io.grpc.internal.ContextRunnable.run(ContextRunnable.java:37)
	at org.apache.ratis.thirdparty.io.grpc.internal.SerializingExecutor.run(SerializingExecutor.java:133)
	at java.base/java.util.concurrent.ThreadPoolExecutor.runWorker(ThreadPoolExecutor.java:1144)
	at java.base/java.util.concurrent.ThreadPoolExecutor$Worker.run(ThreadPoolExecutor.java:642)
	at java.base/java.lang.Thread.run(Thread.java:1583)
Caused by: org.apache.ratis.protocol.exceptions.StateMachineException: org.apache.hadoop.hdds.scm.container.common.helpers.ContainerNotOpenException from Server f8181075-ae63-407a-b17c-78185f7d70dd@group-4B591AE0C988: Container 4 in UNHEALTHY state
	at org.apache.hadoop.ozone.container.common.impl.HddsDispatcher.validateContainerCommand(HddsDispatcher.java:565)
	at org.apache.hadoop.ozone.container.common.transport.server.ratis.ContainerStateMachine.startTransaction(ContainerStateMachine.java:488)
	at org.apache.ratis.server.impl.RaftServerImpl.writeAsyncImpl(RaftServerImpl.java:973)
	at org.apache.ratis.server.impl.RaftServerImpl.writeAsync(RaftServerImpl.java:946)
	at org.apache.ratis.server.impl.RaftServerImpl.replyFuture(RaftServerImpl.java:939)
	at org.apache.ratis.server.impl.RaftServerImpl.submitClientRequestAsync(RaftServerImpl.java:916)
	at org.apache.ratis.server.impl.RaftServerImpl.lambda$null$11(RaftServerImpl.java:905)
	at org.apache.ratis.util.JavaUtils.callAsUnchecked(JavaUtils.java:118)
	at org.apache.ratis.server.impl.RaftServerImpl.lambda$executeSubmitClientRequestAsync$12(RaftServerImpl.java:905)
	at java.base/java.util.concurrent.CompletableFuture$AsyncSupply.run(CompletableFuture.java:1768)
	... 3 more
Caused by: org.apache.hadoop.hdds.scm.container.common.helpers.ContainerNotOpenException: Container 4 in UNHEALTHY state
	at java.base/jdk.internal.reflect.DirectConstructorHandleAccessor.newInstance(DirectConstructorHandleAccessor.java:62)
	at java.base/java.lang.reflect.Constructor.newInstanceWithCaller(Constructor.java:502)
	at java.base/java.lang.reflect.Constructor.newInstance(Constructor.java:486)
	at org.apache.ratis.util.ReflectionUtils.instantiateException(ReflectionUtils.java:259)
	at org.apache.ratis.client.impl.ClientProtoUtils.toStateMachineException(ClientProtoUtils.java:455)
	at org.apache.ratis.client.impl.ClientProtoUtils.toStateMachineException(ClientProtoUtils.java:441)
	at org.apache.ratis.client.impl.ClientProtoUtils.toRaftClientReply(ClientProtoUtils.java:408)
	at org.apache.ratis.grpc.client.GrpcClientProtocolClient$AsyncStreamObservers$1.onNext(GrpcClientProtocolClient.java:313)
	at org.apache.ratis.grpc.client.GrpcClientProtocolClient$AsyncStreamObservers$1.onNext(GrpcClientProtocolClient.java:308)
	at org.apache.ratis.thirdparty.io.grpc.stub.ClientCalls$StreamObserverToCallListenerAdapter.onMessage(ClientCalls.java:468)
	at org.apache.ratis.thirdparty.io.grpc.ForwardingClientCallListener.onMessage(ForwardingClientCallListener.java:33)
	at org.apache.ratis.thirdparty.io.grpc.internal.DelayedClientCall$DelayedListener.onMessage(DelayedClientCall.java:473)
	at org.apache.ratis.thirdparty.io.grpc.internal.ClientCallImpl$ClientStreamListenerImpl$1MessagesAvailable.runInternal(ClientCallImpl.java:660)
	at org.apache.ratis.thirdparty.io.grpc.internal.ClientCallImpl$ClientStreamListenerImpl$1MessagesAvailable.runInContext(ClientCallImpl.java:647)
	at org.apache.ratis.thirdparty.io.grpc.internal.ContextRunnable.run(ContextRunnable.java:37)
	at org.apache.ratis.thirdparty.io.grpc.internal.SerializingExecutor.run(SerializingExecutor.java:133)
	... 3 more
2025-05-14 02:53:55,255 [grpc-default-executor-2] ERROR impl.OrderedAsync (OrderedAsync.java:lambda$send$4(181)) - Failed to send request, message=cmdType: WriteChunk
traceID: ""
containerID: 4
datanodeUuid: "f8181075-ae63-407a-b17c-78185f7d70dd"
writeChunk {
  blockID {
    containerID: 4
    localID: 115816896921600004
    blockCommitSequenceId: 0
  }
  chunkData {
    chunkName: "115816896921600004.data.0"
    offset: 0
    len: 5
    checksumData {
      type: CRC32
      bytesPerChecksum: 1048576
      checksums: "\240\223\310\207"
    }
  }
}
version: 3
, data.size=5
java.util.concurrent.CompletionException: org.apache.ratis.protocol.exceptions.StateMachineException: org.apache.hadoop.hdds.scm.container.common.helpers.ContainerNotOpenException from Server f8181075-ae63-407a-b17c-78185f7d70dd@group-4B591AE0C988: Container 4 in UNHEALTHY state
	at org.apache.ratis.client.impl.RaftClientImpl.handleRaftException(RaftClientImpl.java:373)
	at org.apache.ratis.client.impl.OrderedAsync.lambda$send$3(OrderedAsync.java:175)
	at java.base/java.util.concurrent.CompletableFuture$UniApply.tryFire(CompletableFuture.java:646)
	at java.base/java.util.concurrent.CompletableFuture.postComplete(CompletableFuture.java:510)
	at java.base/java.util.concurrent.CompletableFuture.complete(CompletableFuture.java:2179)
	at org.apache.ratis.client.impl.OrderedAsync$PendingOrderedRequest.setReply(OrderedAsync.java:105)
	at org.apache.ratis.client.impl.OrderedAsync$PendingOrderedRequest.setReply(OrderedAsync.java:66)
	at org.apache.ratis.util.SlidingWindow$RequestMap.setReply(SlidingWindow.java:147)
	at org.apache.ratis.util.SlidingWindow$Client.receiveReply(SlidingWindow.java:351)
	at org.apache.ratis.client.impl.OrderedAsync.lambda$sendRequestWithRetry$5(OrderedAsync.java:210)
	at java.base/java.util.concurrent.CompletableFuture$UniAccept.tryFire(CompletableFuture.java:718)
	at java.base/java.util.concurrent.CompletableFuture.postComplete(CompletableFuture.java:510)
	at java.base/java.util.concurrent.CompletableFuture.complete(CompletableFuture.java:2179)
	at org.apache.ratis.grpc.client.GrpcClientProtocolClient$AsyncStreamObservers$1.lambda$onNext$0(GrpcClientProtocolClient.java:325)
	at java.base/java.util.Optional.ifPresent(Optional.java:178)
	at org.apache.ratis.grpc.client.GrpcClientProtocolClient$AsyncStreamObservers.handleReplyFuture(GrpcClientProtocolClient.java:381)
	at org.apache.ratis.grpc.client.GrpcClientProtocolClient$AsyncStreamObservers.access$100(GrpcClientProtocolClient.java:303)
	at org.apache.ratis.grpc.client.GrpcClientProtocolClient$AsyncStreamObservers$1.onNext(GrpcClientProtocolClient.java:325)
	at org.apache.ratis.grpc.client.GrpcClientProtocolClient$AsyncStreamObservers$1.onNext(GrpcClientProtocolClient.java:308)
	at org.apache.ratis.thirdparty.io.grpc.stub.ClientCalls$StreamObserverToCallListenerAdapter.onMessage(ClientCalls.java:468)
	at org.apache.ratis.thirdparty.io.grpc.ForwardingClientCallListener.onMessage(ForwardingClientCallListener.java:33)
	at org.apache.ratis.thirdparty.io.grpc.internal.DelayedClientCall$DelayedListener.onMessage(DelayedClientCall.java:473)
	at org.apache.ratis.thirdparty.io.grpc.internal.ClientCallImpl$ClientStreamListenerImpl$1MessagesAvailable.runInternal(ClientCallImpl.java:660)
	at org.apache.ratis.thirdparty.io.grpc.internal.ClientCallImpl$ClientStreamListenerImpl$1MessagesAvailable.runInContext(ClientCallImpl.java:647)
	at org.apache.ratis.thirdparty.io.grpc.internal.ContextRunnable.run(ContextRunnable.java:37)
	at org.apache.ratis.thirdparty.io.grpc.internal.SerializingExecutor.run(SerializingExecutor.java:133)
	at java.base/java.util.concurrent.ThreadPoolExecutor.runWorker(ThreadPoolExecutor.java:1144)
	at java.base/java.util.concurrent.ThreadPoolExecutor$Worker.run(ThreadPoolExecutor.java:642)
	at java.base/java.lang.Thread.run(Thread.java:1583)
Caused by: org.apache.ratis.protocol.exceptions.StateMachineException: org.apache.hadoop.hdds.scm.container.common.helpers.ContainerNotOpenException from Server f8181075-ae63-407a-b17c-78185f7d70dd@group-4B591AE0C988: Container 4 in UNHEALTHY state
	at org.apache.hadoop.ozone.container.common.impl.HddsDispatcher.validateContainerCommand(HddsDispatcher.java:565)
	at org.apache.hadoop.ozone.container.common.transport.server.ratis.ContainerStateMachine.startTransaction(ContainerStateMachine.java:488)
	at org.apache.ratis.server.impl.RaftServerImpl.writeAsyncImpl(RaftServerImpl.java:973)
	at org.apache.ratis.server.impl.RaftServerImpl.writeAsync(RaftServerImpl.java:946)
	at org.apache.ratis.server.impl.RaftServerImpl.replyFuture(RaftServerImpl.java:939)
	at org.apache.ratis.server.impl.RaftServerImpl.submitClientRequestAsync(RaftServerImpl.java:916)
	at org.apache.ratis.server.impl.RaftServerImpl.lambda$null$11(RaftServerImpl.java:905)
	at org.apache.ratis.util.JavaUtils.callAsUnchecked(JavaUtils.java:118)
	at org.apache.ratis.server.impl.RaftServerImpl.lambda$executeSubmitClientRequestAsync$12(RaftServerImpl.java:905)
	at java.base/java.util.concurrent.CompletableFuture$AsyncSupply.run(CompletableFuture.java:1768)
	... 3 more
Caused by: org.apache.hadoop.hdds.scm.container.common.helpers.ContainerNotOpenException: Container 4 in UNHEALTHY state
	at java.base/jdk.internal.reflect.DirectConstructorHandleAccessor.newInstance(DirectConstructorHandleAccessor.java:62)
	at java.base/java.lang.reflect.Constructor.newInstanceWithCaller(Constructor.java:502)
	at java.base/java.lang.reflect.Constructor.newInstance(Constructor.java:486)
	at org.apache.ratis.util.ReflectionUtils.instantiateException(ReflectionUtils.java:259)
	at org.apache.ratis.client.impl.ClientProtoUtils.toStateMachineException(ClientProtoUtils.java:455)
	at org.apache.ratis.client.impl.ClientProtoUtils.toStateMachineException(ClientProtoUtils.java:441)
	at org.apache.ratis.client.impl.ClientProtoUtils.toRaftClientReply(ClientProtoUtils.java:408)
	at org.apache.ratis.grpc.client.GrpcClientProtocolClient$AsyncStreamObservers$1.onNext(GrpcClientProtocolClient.java:313)
	at org.apache.ratis.grpc.client.GrpcClientProtocolClient$AsyncStreamObservers$1.onNext(GrpcClientProtocolClient.java:308)
	at org.apache.ratis.thirdparty.io.grpc.stub.ClientCalls$StreamObserverToCallListenerAdapter.onMessage(ClientCalls.java:468)
	at org.apache.ratis.thirdparty.io.grpc.ForwardingClientCallListener.onMessage(ForwardingClientCallListener.java:33)
	at org.apache.ratis.thirdparty.io.grpc.internal.DelayedClientCall$DelayedListener.onMessage(DelayedClientCall.java:473)
	at org.apache.ratis.thirdparty.io.grpc.internal.ClientCallImpl$ClientStreamListenerImpl$1MessagesAvailable.runInternal(ClientCallImpl.java:660)
	at org.apache.ratis.thirdparty.io.grpc.internal.ClientCallImpl$ClientStreamListenerImpl$1MessagesAvailable.runInContext(ClientCallImpl.java:647)
	at org.apache.ratis.thirdparty.io.grpc.internal.ContextRunnable.run(ContextRunnable.java:37)
	at org.apache.ratis.thirdparty.io.grpc.internal.SerializingExecutor.run(SerializingExecutor.java:133)
	... 3 more
2025-05-14 02:53:55,257 [grpc-default-executor-2] ERROR impl.OrderedAsync (OrderedAsync.java:lambda$send$4(181)) - Failed to send request, message=cmdType: WriteChunk
traceID: ""
containerID: 4
datanodeUuid: "f8181075-ae63-407a-b17c-78185f7d70dd"
writeChunk {
  blockID {
    containerID: 4
    localID: 115816896921600004
    blockCommitSequenceId: 0
  }
  chunkData {
    chunkName: "115816896921600004.data.0"
    offset: 0
    len: 5
    checksumData {
      type: CRC32
      bytesPerChecksum: 1048576
      checksums: "\232\223\252\223"
    }
  }
}
version: 3
, data.size=5
java.util.concurrent.CompletionException: org.apache.ratis.protocol.exceptions.StateMachineException: org.apache.hadoop.hdds.scm.container.common.helpers.ContainerNotOpenException from Server f8181075-ae63-407a-b17c-78185f7d70dd@group-4B591AE0C988: Container 4 in UNHEALTHY state
	at org.apache.ratis.client.impl.RaftClientImpl.handleRaftException(RaftClientImpl.java:373)
	at org.apache.ratis.client.impl.OrderedAsync.lambda$send$3(OrderedAsync.java:175)
	at java.base/java.util.concurrent.CompletableFuture$UniApply.tryFire(CompletableFuture.java:646)
	at java.base/java.util.concurrent.CompletableFuture.postComplete(CompletableFuture.java:510)
	at java.base/java.util.concurrent.CompletableFuture.complete(CompletableFuture.java:2179)
	at org.apache.ratis.client.impl.OrderedAsync$PendingOrderedRequest.setReply(OrderedAsync.java:105)
	at org.apache.ratis.client.impl.OrderedAsync$PendingOrderedRequest.setReply(OrderedAsync.java:66)
	at org.apache.ratis.util.SlidingWindow$RequestMap.setReply(SlidingWindow.java:147)
	at org.apache.ratis.util.SlidingWindow$Client.receiveReply(SlidingWindow.java:351)
	at org.apache.ratis.client.impl.OrderedAsync.lambda$sendRequestWithRetry$5(OrderedAsync.java:210)
	at java.base/java.util.concurrent.CompletableFuture$UniAccept.tryFire(CompletableFuture.java:718)
	at java.base/java.util.concurrent.CompletableFuture.postComplete(CompletableFuture.java:510)
	at java.base/java.util.concurrent.CompletableFuture.complete(CompletableFuture.java:2179)
	at org.apache.ratis.grpc.client.GrpcClientProtocolClient$AsyncStreamObservers$1.lambda$onNext$0(GrpcClientProtocolClient.java:325)
	at java.base/java.util.Optional.ifPresent(Optional.java:178)
	at org.apache.ratis.grpc.client.GrpcClientProtocolClient$AsyncStreamObservers.handleReplyFuture(GrpcClientProtocolClient.java:381)
	at org.apache.ratis.grpc.client.GrpcClientProtocolClient$AsyncStreamObservers.access$100(GrpcClientProtocolClient.java:303)
	at org.apache.ratis.grpc.client.GrpcClientProtocolClient$AsyncStreamObservers$1.onNext(GrpcClientProtocolClient.java:325)
	at org.apache.ratis.grpc.client.GrpcClientProtocolClient$AsyncStreamObservers$1.onNext(GrpcClientProtocolClient.java:308)
	at org.apache.ratis.thirdparty.io.grpc.stub.ClientCalls$StreamObserverToCallListenerAdapter.onMessage(ClientCalls.java:468)
	at org.apache.ratis.thirdparty.io.grpc.ForwardingClientCallListener.onMessage(ForwardingClientCallListener.java:33)
	at org.apache.ratis.thirdparty.io.grpc.internal.DelayedClientCall$DelayedListener.onMessage(DelayedClientCall.java:473)
	at org.apache.ratis.thirdparty.io.grpc.internal.ClientCallImpl$ClientStreamListenerImpl$1MessagesAvailable.runInternal(ClientCallImpl.java:660)
	at org.apache.ratis.thirdparty.io.grpc.internal.ClientCallImpl$ClientStreamListenerImpl$1MessagesAvailable.runInContext(ClientCallImpl.java:647)
	at org.apache.ratis.thirdparty.io.grpc.internal.ContextRunnable.run(ContextRunnable.java:37)
	at org.apache.ratis.thirdparty.io.grpc.internal.SerializingExecutor.run(SerializingExecutor.java:133)
	at java.base/java.util.concurrent.ThreadPoolExecutor.runWorker(ThreadPoolExecutor.java:1144)
	at java.base/java.util.concurrent.ThreadPoolExecutor$Worker.run(ThreadPoolExecutor.java:642)
	at java.base/java.lang.Thread.run(Thread.java:1583)
Caused by: org.apache.ratis.protocol.exceptions.StateMachineException: org.apache.hadoop.hdds.scm.container.common.helpers.ContainerNotOpenException from Server f8181075-ae63-407a-b17c-78185f7d70dd@group-4B591AE0C988: Container 4 in UNHEALTHY state
	at org.apache.hadoop.ozone.container.common.impl.HddsDispatcher.validateContainerCommand(HddsDispatcher.java:565)
	at org.apache.hadoop.ozone.container.common.transport.server.ratis.ContainerStateMachine.startTransaction(ContainerStateMachine.java:488)
	at org.apache.ratis.server.impl.RaftServerImpl.writeAsyncImpl(RaftServerImpl.java:973)
	at org.apache.ratis.server.impl.RaftServerImpl.writeAsync(RaftServerImpl.java:946)
	at org.apache.ratis.server.impl.RaftServerImpl.replyFuture(RaftServerImpl.java:939)
	at org.apache.ratis.server.impl.RaftServerImpl.submitClientRequestAsync(RaftServerImpl.java:916)
	at org.apache.ratis.server.impl.RaftServerImpl.lambda$null$11(RaftServerImpl.java:905)
	at org.apache.ratis.util.JavaUtils.callAsUnchecked(JavaUtils.java:118)
	at org.apache.ratis.server.impl.RaftServerImpl.lambda$executeSubmitClientRequestAsync$12(RaftServerImpl.java:905)
	at java.base/java.util.concurrent.CompletableFuture$AsyncSupply.run(CompletableFuture.java:1768)
	... 3 more
Caused by: org.apache.hadoop.hdds.scm.container.common.helpers.ContainerNotOpenException: Container 4 in UNHEALTHY state
	at java.base/jdk.internal.reflect.DirectConstructorHandleAccessor.newInstance(DirectConstructorHandleAccessor.java:62)
	at java.base/java.lang.reflect.Constructor.newInstanceWithCaller(Constructor.java:502)
	at java.base/java.lang.reflect.Constructor.newInstance(Constructor.java:486)
	at org.apache.ratis.util.ReflectionUtils.instantiateException(ReflectionUtils.java:259)
	at org.apache.ratis.client.impl.ClientProtoUtils.toStateMachineException(ClientProtoUtils.java:455)
	at org.apache.ratis.client.impl.ClientProtoUtils.toStateMachineException(ClientProtoUtils.java:441)
	at org.apache.ratis.client.impl.ClientProtoUtils.toRaftClientReply(ClientProtoUtils.java:408)
	at org.apache.ratis.grpc.client.GrpcClientProtocolClient$AsyncStreamObservers$1.onNext(GrpcClientProtocolClient.java:313)
	at org.apache.ratis.grpc.client.GrpcClientProtocolClient$AsyncStreamObservers$1.onNext(GrpcClientProtocolClient.java:308)
	at org.apache.ratis.thirdparty.io.grpc.stub.ClientCalls$StreamObserverToCallListenerAdapter.onMessage(ClientCalls.java:468)
	at org.apache.ratis.thirdparty.io.grpc.ForwardingClientCallListener.onMessage(ForwardingClientCallListener.java:33)
	at org.apache.ratis.thirdparty.io.grpc.internal.DelayedClientCall$DelayedListener.onMessage(DelayedClientCall.java:473)
	at org.apache.ratis.thirdparty.io.grpc.internal.ClientCallImpl$ClientStreamListenerImpl$1MessagesAvailable.runInternal(ClientCallImpl.java:660)
	at org.apache.ratis.thirdparty.io.grpc.internal.ClientCallImpl$ClientStreamListenerImpl$1MessagesAvailable.runInContext(ClientCallImpl.java:647)
	at org.apache.ratis.thirdparty.io.grpc.internal.ContextRunnable.run(ContextRunnable.java:37)
	at org.apache.ratis.thirdparty.io.grpc.internal.SerializingExecutor.run(SerializingExecutor.java:133)
	... 3 more
2025-05-14 02:53:55,258 [grpc-default-executor-2] ERROR impl.OrderedAsync (OrderedAsync.java:lambda$send$4(181)) - Failed to send request, message=cmdType: WriteChunk
traceID: ""
containerID: 4
datanodeUuid: "f8181075-ae63-407a-b17c-78185f7d70dd"
writeChunk {
  blockID {
    containerID: 4
    localID: 115816896921600004
    blockCommitSequenceId: 0
  }
  chunkData {
    chunkName: "115816896921600004.data.0"
    offset: 0
    len: 5
    checksumData {
      type: CRC32
      bytesPerChecksum: 1048576
      checksums: "h\237\346\366"
    }
  }
}
version: 3
, data.size=5
java.util.concurrent.CompletionException: org.apache.ratis.protocol.exceptions.StateMachineException: org.apache.hadoop.hdds.scm.container.common.helpers.ContainerNotOpenException from Server f8181075-ae63-407a-b17c-78185f7d70dd@group-4B591AE0C988: Container 4 in UNHEALTHY state
	at org.apache.ratis.client.impl.RaftClientImpl.handleRaftException(RaftClientImpl.java:373)
	at org.apache.ratis.client.impl.OrderedAsync.lambda$send$3(OrderedAsync.java:175)
	at java.base/java.util.concurrent.CompletableFuture$UniApply.tryFire(CompletableFuture.java:646)
	at java.base/java.util.concurrent.CompletableFuture.postComplete(CompletableFuture.java:510)
	at java.base/java.util.concurrent.CompletableFuture.complete(CompletableFuture.java:2179)
	at org.apache.ratis.client.impl.OrderedAsync$PendingOrderedRequest.setReply(OrderedAsync.java:105)
	at org.apache.ratis.client.impl.OrderedAsync$PendingOrderedRequest.setReply(OrderedAsync.java:66)
	at org.apache.ratis.util.SlidingWindow$RequestMap.setReply(SlidingWindow.java:147)
	at org.apache.ratis.util.SlidingWindow$Client.receiveReply(SlidingWindow.java:351)
	at org.apache.ratis.client.impl.OrderedAsync.lambda$sendRequestWithRetry$5(OrderedAsync.java:210)
	at java.base/java.util.concurrent.CompletableFuture$UniAccept.tryFire(CompletableFuture.java:718)
	at java.base/java.util.concurrent.CompletableFuture.postComplete(CompletableFuture.java:510)
	at java.base/java.util.concurrent.CompletableFuture.complete(CompletableFuture.java:2179)
	at org.apache.ratis.grpc.client.GrpcClientProtocolClient$AsyncStreamObservers$1.lambda$onNext$0(GrpcClientProtocolClient.java:325)
	at java.base/java.util.Optional.ifPresent(Optional.java:178)
	at org.apache.ratis.grpc.client.GrpcClientProtocolClient$AsyncStreamObservers.handleReplyFuture(GrpcClientProtocolClient.java:381)
	at org.apache.ratis.grpc.client.GrpcClientProtocolClient$AsyncStreamObservers.access$100(GrpcClientProtocolClient.java:303)
	at org.apache.ratis.grpc.client.GrpcClientProtocolClient$AsyncStreamObservers$1.onNext(GrpcClientProtocolClient.java:325)
	at org.apache.ratis.grpc.client.GrpcClientProtocolClient$AsyncStreamObservers$1.onNext(GrpcClientProtocolClient.java:308)
	at org.apache.ratis.thirdparty.io.grpc.stub.ClientCalls$StreamObserverToCallListenerAdapter.onMessage(ClientCalls.java:468)
	at org.apache.ratis.thirdparty.io.grpc.ForwardingClientCallListener.onMessage(ForwardingClientCallListener.java:33)
	at org.apache.ratis.thirdparty.io.grpc.internal.DelayedClientCall$DelayedListener.onMessage(DelayedClientCall.java:473)
	at org.apache.ratis.thirdparty.io.grpc.internal.ClientCallImpl$ClientStreamListenerImpl$1MessagesAvailable.runInternal(ClientCallImpl.java:660)
	at org.apache.ratis.thirdparty.io.grpc.internal.ClientCallImpl$ClientStreamListenerImpl$1MessagesAvailable.runInContext(ClientCallImpl.java:647)
	at org.apache.ratis.thirdparty.io.grpc.internal.ContextRunnable.run(ContextRunnable.java:37)
	at org.apache.ratis.thirdparty.io.grpc.internal.SerializingExecutor.run(SerializingExecutor.java:133)
	at java.base/java.util.concurrent.ThreadPoolExecutor.runWorker(ThreadPoolExecutor.java:1144)
	at java.base/java.util.concurrent.ThreadPoolExecutor$Worker.run(ThreadPoolExecutor.java:642)
	at java.base/java.lang.Thread.run(Thread.java:1583)
Caused by: org.apache.ratis.protocol.exceptions.StateMachineException: org.apache.hadoop.hdds.scm.container.common.helpers.ContainerNotOpenException from Server f8181075-ae63-407a-b17c-78185f7d70dd@group-4B591AE0C988: Container 4 in UNHEALTHY state
	at org.apache.hadoop.ozone.container.common.impl.HddsDispatcher.validateContainerCommand(HddsDispatcher.java:565)
	at org.apache.hadoop.ozone.container.common.transport.server.ratis.ContainerStateMachine.startTransaction(ContainerStateMachine.java:488)
	at org.apache.ratis.server.impl.RaftServerImpl.writeAsyncImpl(RaftServerImpl.java:973)
	at org.apache.ratis.server.impl.RaftServerImpl.writeAsync(RaftServerImpl.java:946)
	at org.apache.ratis.server.impl.RaftServerImpl.replyFuture(RaftServerImpl.java:939)
	at org.apache.ratis.server.impl.RaftServerImpl.submitClientRequestAsync(RaftServerImpl.java:916)
	at org.apache.ratis.server.impl.RaftServerImpl.lambda$null$11(RaftServerImpl.java:905)
	at org.apache.ratis.util.JavaUtils.callAsUnchecked(JavaUtils.java:118)
	at org.apache.ratis.server.impl.RaftServerImpl.lambda$executeSubmitClientRequestAsync$12(RaftServerImpl.java:905)
	at java.base/java.util.concurrent.CompletableFuture$AsyncSupply.run(CompletableFuture.java:1768)
	... 3 more
Caused by: org.apache.hadoop.hdds.scm.container.common.helpers.ContainerNotOpenException: Container 4 in UNHEALTHY state
	at java.base/jdk.internal.reflect.DirectConstructorHandleAccessor.newInstance(DirectConstructorHandleAccessor.java:62)
	at java.base/java.lang.reflect.Constructor.newInstanceWithCaller(Constructor.java:502)
	at java.base/java.lang.reflect.Constructor.newInstance(Constructor.java:486)
	at org.apache.ratis.util.ReflectionUtils.instantiateException(ReflectionUtils.java:259)
	at org.apache.ratis.client.impl.ClientProtoUtils.toStateMachineException(ClientProtoUtils.java:455)
	at org.apache.ratis.client.impl.ClientProtoUtils.toStateMachineException(ClientProtoUtils.java:441)
	at org.apache.ratis.client.impl.ClientProtoUtils.toRaftClientReply(ClientProtoUtils.java:408)
	at org.apache.ratis.grpc.client.GrpcClientProtocolClient$AsyncStreamObservers$1.onNext(GrpcClientProtocolClient.java:313)
	at org.apache.ratis.grpc.client.GrpcClientProtocolClient$AsyncStreamObservers$1.onNext(GrpcClientProtocolClient.java:308)
	at org.apache.ratis.thirdparty.io.grpc.stub.ClientCalls$StreamObserverToCallListenerAdapter.onMessage(ClientCalls.java:468)
	at org.apache.ratis.thirdparty.io.grpc.ForwardingClientCallListener.onMessage(ForwardingClientCallListener.java:33)
	at org.apache.ratis.thirdparty.io.grpc.internal.DelayedClientCall$DelayedListener.onMessage(DelayedClientCall.java:473)
	at org.apache.ratis.thirdparty.io.grpc.internal.ClientCallImpl$ClientStreamListenerImpl$1MessagesAvailable.runInternal(ClientCallImpl.java:660)
	at org.apache.ratis.thirdparty.io.grpc.internal.ClientCallImpl$ClientStreamListenerImpl$1MessagesAvailable.runInContext(ClientCallImpl.java:647)
	at org.apache.ratis.thirdparty.io.grpc.internal.ContextRunnable.run(ContextRunnable.java:37)
	at org.apache.ratis.thirdparty.io.grpc.internal.SerializingExecutor.run(SerializingExecutor.java:133)
	... 3 more
2025-05-14 02:53:55,260 [grpc-default-executor-2] ERROR impl.OrderedAsync (OrderedAsync.java:lambda$send$4(181)) - Failed to send request, message=cmdType: WriteChunk
traceID: ""
containerID: 4
datanodeUuid: "f8181075-ae63-407a-b17c-78185f7d70dd"
writeChunk {
  blockID {
    containerID: 4
    localID: 115816896921600004
    blockCommitSequenceId: 0
  }
  chunkData {
    chunkName: "115816896921600004.data.0"
    offset: 0
    len: 5
    checksumData {
      type: CRC32
      bytesPerChecksum: 1048576
      checksums: "H\313\256\351"
    }
  }
}
version: 3
, data.size=5
java.util.concurrent.CompletionException: org.apache.ratis.protocol.exceptions.StateMachineException: org.apache.hadoop.hdds.scm.container.common.helpers.ContainerNotOpenException from Server f8181075-ae63-407a-b17c-78185f7d70dd@group-4B591AE0C988: Container 4 in UNHEALTHY state
	at org.apache.ratis.client.impl.RaftClientImpl.handleRaftException(RaftClientImpl.java:373)
	at org.apache.ratis.client.impl.OrderedAsync.lambda$send$3(OrderedAsync.java:175)
	at java.base/java.util.concurrent.CompletableFuture$UniApply.tryFire(CompletableFuture.java:646)
	at java.base/java.util.concurrent.CompletableFuture.postComplete(CompletableFuture.java:510)
	at java.base/java.util.concurrent.CompletableFuture.complete(CompletableFuture.java:2179)
	at org.apache.ratis.client.impl.OrderedAsync$PendingOrderedRequest.setReply(OrderedAsync.java:105)
	at org.apache.ratis.client.impl.OrderedAsync$PendingOrderedRequest.setReply(OrderedAsync.java:66)
	at org.apache.ratis.util.SlidingWindow$RequestMap.setReply(SlidingWindow.java:147)
	at org.apache.ratis.util.SlidingWindow$Client.receiveReply(SlidingWindow.java:351)
	at org.apache.ratis.client.impl.OrderedAsync.lambda$sendRequestWithRetry$5(OrderedAsync.java:210)
	at java.base/java.util.concurrent.CompletableFuture$UniAccept.tryFire(CompletableFuture.java:718)
	at java.base/java.util.concurrent.CompletableFuture.postComplete(CompletableFuture.java:510)
	at java.base/java.util.concurrent.CompletableFuture.complete(CompletableFuture.java:2179)
	at org.apache.ratis.grpc.client.GrpcClientProtocolClient$AsyncStreamObservers$1.lambda$onNext$0(GrpcClientProtocolClient.java:325)
	at java.base/java.util.Optional.ifPresent(Optional.java:178)
	at org.apache.ratis.grpc.client.GrpcClientProtocolClient$AsyncStreamObservers.handleReplyFuture(GrpcClientProtocolClient.java:381)
	at org.apache.ratis.grpc.client.GrpcClientProtocolClient$AsyncStreamObservers.access$100(GrpcClientProtocolClient.java:303)
	at org.apache.ratis.grpc.client.GrpcClientProtocolClient$AsyncStreamObservers$1.onNext(GrpcClientProtocolClient.java:325)
	at org.apache.ratis.grpc.client.GrpcClientProtocolClient$AsyncStreamObservers$1.onNext(GrpcClientProtocolClient.java:308)
	at org.apache.ratis.thirdparty.io.grpc.stub.ClientCalls$StreamObserverToCallListenerAdapter.onMessage(ClientCalls.java:468)
	at org.apache.ratis.thirdparty.io.grpc.ForwardingClientCallListener.onMessage(ForwardingClientCallListener.java:33)
	at org.apache.ratis.thirdparty.io.grpc.internal.DelayedClientCall$DelayedListener.onMessage(DelayedClientCall.java:473)
	at org.apache.ratis.thirdparty.io.grpc.internal.ClientCallImpl$ClientStreamListenerImpl$1MessagesAvailable.runInternal(ClientCallImpl.java:660)
	at org.apache.ratis.thirdparty.io.grpc.internal.ClientCallImpl$ClientStreamListenerImpl$1MessagesAvailable.runInContext(ClientCallImpl.java:647)
	at org.apache.ratis.thirdparty.io.grpc.internal.ContextRunnable.run(ContextRunnable.java:37)
	at org.apache.ratis.thirdparty.io.grpc.internal.SerializingExecutor.run(SerializingExecutor.java:133)
	at java.base/java.util.concurrent.ThreadPoolExecutor.runWorker(ThreadPoolExecutor.java:1144)
	at java.base/java.util.concurrent.ThreadPoolExecutor$Worker.run(ThreadPoolExecutor.java:642)
	at java.base/java.lang.Thread.run(Thread.java:1583)
Caused by: org.apache.ratis.protocol.exceptions.StateMachineException: org.apache.hadoop.hdds.scm.container.common.helpers.ContainerNotOpenException from Server f8181075-ae63-407a-b17c-78185f7d70dd@group-4B591AE0C988: Container 4 in UNHEALTHY state
	at org.apache.hadoop.ozone.container.common.impl.HddsDispatcher.validateContainerCommand(HddsDispatcher.java:565)
	at org.apache.hadoop.ozone.container.common.transport.server.ratis.ContainerStateMachine.startTransaction(ContainerStateMachine.java:488)
	at org.apache.ratis.server.impl.RaftServerImpl.writeAsyncImpl(RaftServerImpl.java:973)
	at org.apache.ratis.server.impl.RaftServerImpl.writeAsync(RaftServerImpl.java:946)
	at org.apache.ratis.server.impl.RaftServerImpl.replyFuture(RaftServerImpl.java:939)
	at org.apache.ratis.server.impl.RaftServerImpl.submitClientRequestAsync(RaftServerImpl.java:916)
	at org.apache.ratis.server.impl.RaftServerImpl.lambda$null$11(RaftServerImpl.java:905)
	at org.apache.ratis.util.JavaUtils.callAsUnchecked(JavaUtils.java:118)
	at org.apache.ratis.server.impl.RaftServerImpl.lambda$executeSubmitClientRequestAsync$12(RaftServerImpl.java:905)
	at java.base/java.util.concurrent.CompletableFuture$AsyncSupply.run(CompletableFuture.java:1768)
	... 3 more
Caused by: org.apache.hadoop.hdds.scm.container.common.helpers.ContainerNotOpenException: Container 4 in UNHEALTHY state
	at java.base/jdk.internal.reflect.DirectConstructorHandleAccessor.newInstance(DirectConstructorHandleAccessor.java:62)
	at java.base/java.lang.reflect.Constructor.newInstanceWithCaller(Constructor.java:502)
	at java.base/java.lang.reflect.Constructor.newInstance(Constructor.java:486)
	at org.apache.ratis.util.ReflectionUtils.instantiateException(ReflectionUtils.java:259)
	at org.apache.ratis.client.impl.ClientProtoUtils.toStateMachineException(ClientProtoUtils.java:455)
	at org.apache.ratis.client.impl.ClientProtoUtils.toStateMachineException(ClientProtoUtils.java:441)
	at org.apache.ratis.client.impl.ClientProtoUtils.toRaftClientReply(ClientProtoUtils.java:408)
	at org.apache.ratis.grpc.client.GrpcClientProtocolClient$AsyncStreamObservers$1.onNext(GrpcClientProtocolClient.java:313)
	at org.apache.ratis.grpc.client.GrpcClientProtocolClient$AsyncStreamObservers$1.onNext(GrpcClientProtocolClient.java:308)
	at org.apache.ratis.thirdparty.io.grpc.stub.ClientCalls$StreamObserverToCallListenerAdapter.onMessage(ClientCalls.java:468)
	at org.apache.ratis.thirdparty.io.grpc.ForwardingClientCallListener.onMessage(ForwardingClientCallListener.java:33)
	at org.apache.ratis.thirdparty.io.grpc.internal.DelayedClientCall$DelayedListener.onMessage(DelayedClientCall.java:473)
	at org.apache.ratis.thirdparty.io.grpc.internal.ClientCallImpl$ClientStreamListenerImpl$1MessagesAvailable.runInternal(ClientCallImpl.java:660)
	at org.apache.ratis.thirdparty.io.grpc.internal.ClientCallImpl$ClientStreamListenerImpl$1MessagesAvailable.runInContext(ClientCallImpl.java:647)
	at org.apache.ratis.thirdparty.io.grpc.internal.ContextRunnable.run(ContextRunnable.java:37)
	at org.apache.ratis.thirdparty.io.grpc.internal.SerializingExecutor.run(SerializingExecutor.java:133)
	... 3 more
]]></system-out>
  </testcase>
  <testcase name="testContainerStateMachineFailures" classname="org.apache.hadoop.ozone.client.rpc.TestContainerStateMachineFailures" time="20.586">
    <system-out><![CDATA[2025-05-14 02:53:55,331 [e44b5a69-92f9-40f4-85c9-712e1c637b62-ChunkWriter-1-0] ERROR helpers.ContainerUtils (ContainerUtils.java:getChunkDir(297)) - Chunks dir /home/runner/work/ozone/ozone/hadoop-ozone/integration-test/target/test-dir/MiniOzoneClusterImpl-af940217-b311-440f-8e09-352fdf66236b/ozone-meta/datanode-5/data-0/hdds/af940217-b311-440f-8e09-352fdf66236b/current/containerDir0/5/chunks does not exist
2025-05-14 02:53:55,331 [e44b5a69-92f9-40f4-85c9-712e1c637b62-ChunkWriter-1-0] WARN  keyvalue.KeyValueHandler (ContainerUtils.java:logAndReturnError(95)) - Operation: WriteChunk , Trace ID:  , Message: Chunks directory /home/runner/work/ozone/ozone/hadoop-ozone/integration-test/target/test-dir/MiniOzoneClusterImpl-af940217-b311-440f-8e09-352fdf66236b/ozone-meta/datanode-5/data-0/hdds/af940217-b311-440f-8e09-352fdf66236b/current/containerDir0/5/chunks does not exist. , Result: UNABLE_TO_FIND_DATA_DIR , StorageContainerException Occurred.
org.apache.hadoop.hdds.scm.container.common.helpers.StorageContainerException: Chunks directory /home/runner/work/ozone/ozone/hadoop-ozone/integration-test/target/test-dir/MiniOzoneClusterImpl-af940217-b311-440f-8e09-352fdf66236b/ozone-meta/datanode-5/data-0/hdds/af940217-b311-440f-8e09-352fdf66236b/current/containerDir0/5/chunks does not exist.
	at org.apache.hadoop.ozone.container.common.helpers.ContainerUtils.getChunkDir(ContainerUtils.java:299)
	at org.apache.hadoop.ozone.container.common.impl.ContainerLayoutVersion.getChunkFile(ContainerLayoutVersion.java:115)
	at org.apache.hadoop.ozone.container.keyvalue.impl.FilePerBlockStrategy.getChunkFile(FilePerBlockStrategy.java:282)
	at org.apache.hadoop.ozone.container.keyvalue.impl.FilePerBlockStrategy.writeChunk(FilePerBlockStrategy.java:147)
	at org.apache.hadoop.ozone.container.keyvalue.impl.ChunkManagerDispatcher.writeChunk(ChunkManagerDispatcher.java:70)
	at org.apache.hadoop.ozone.container.keyvalue.KeyValueHandler.handleWriteChunk(KeyValueHandler.java:938)
	at org.apache.hadoop.ozone.container.keyvalue.KeyValueHandler.dispatchRequest(KeyValueHandler.java:300)
	at org.apache.hadoop.ozone.container.keyvalue.KeyValueHandler.handle(KeyValueHandler.java:250)
	at org.apache.hadoop.ozone.container.common.impl.HddsDispatcher.dispatchRequest(HddsDispatcher.java:350)
	at org.apache.hadoop.ozone.container.common.impl.HddsDispatcher.lambda$dispatch$1(HddsDispatcher.java:189)
	at org.apache.hadoop.hdds.server.OzoneProtocolMessageDispatcher.processRequest(OzoneProtocolMessageDispatcher.java:87)
	at org.apache.hadoop.ozone.container.common.impl.HddsDispatcher.dispatch(HddsDispatcher.java:188)
	at org.apache.hadoop.ozone.container.common.transport.server.ratis.ContainerStateMachine.dispatchCommand(ContainerStateMachine.java:567)
	at org.apache.hadoop.ozone.container.common.transport.server.ratis.ContainerStateMachine.lambda$writeStateMachineData$2(ContainerStateMachine.java:622)
	at java.base/java.util.concurrent.FutureTask.run(FutureTask.java:317)
	at java.base/java.util.concurrent.ThreadPoolExecutor.runWorker(ThreadPoolExecutor.java:1144)
	at java.base/java.util.concurrent.ThreadPoolExecutor$Worker.run(ThreadPoolExecutor.java:642)
	at java.base/java.lang.Thread.run(Thread.java:1583)
2025-05-14 02:53:55,332 [e44b5a69-92f9-40f4-85c9-712e1c637b62-ChunkWriter-1-0] WARN  keyvalue.KeyValueHandler (KeyValueHandler.java:markContainerUnhealthy(1236)) - Unexpected error while marking container 5 unhealthy
org.apache.hadoop.hdds.scm.container.common.helpers.StorageContainerException: Failed to create tmp file for /home/runner/work/ozone/ozone/hadoop-ozone/integration-test/target/test-dir/MiniOzoneClusterImpl-af940217-b311-440f-8e09-352fdf66236b/ozone-meta/datanode-5/data-0/hdds/af940217-b311-440f-8e09-352fdf66236b/current/containerDir0/5/metadata/5.container: KeyValueContainerData #5 (UNHEALTHY, non-empty, ri=0, origin=[dn_e44b5a69-92f9-40f4-85c9-712e1c637b62, pipeline_b0e9ea18-5897-4179-a9c0-512d7b449058])
	at org.apache.hadoop.ozone.container.keyvalue.KeyValueContainer.writeToContainerFile(KeyValueContainer.java:315)
	at org.apache.hadoop.ozone.container.keyvalue.KeyValueContainer.updateContainerFile(KeyValueContainer.java:334)
	at org.apache.hadoop.ozone.container.keyvalue.KeyValueContainer.updateContainerData(KeyValueContainer.java:481)
	at org.apache.hadoop.ozone.container.keyvalue.KeyValueContainer.updateContainerState(KeyValueContainer.java:464)
	at org.apache.hadoop.ozone.container.keyvalue.KeyValueContainer.markContainerUnhealthy(KeyValueContainer.java:389)
	at org.apache.hadoop.ozone.container.keyvalue.KeyValueHandler.markContainerUnhealthy(KeyValueHandler.java:1234)
	at org.apache.hadoop.ozone.container.common.impl.HddsDispatcher.dispatchRequest(HddsDispatcher.java:392)
	at org.apache.hadoop.ozone.container.common.impl.HddsDispatcher.lambda$dispatch$1(HddsDispatcher.java:189)
	at org.apache.hadoop.hdds.server.OzoneProtocolMessageDispatcher.processRequest(OzoneProtocolMessageDispatcher.java:87)
	at org.apache.hadoop.ozone.container.common.impl.HddsDispatcher.dispatch(HddsDispatcher.java:188)
	at org.apache.hadoop.ozone.container.common.transport.server.ratis.ContainerStateMachine.dispatchCommand(ContainerStateMachine.java:567)
	at org.apache.hadoop.ozone.container.common.transport.server.ratis.ContainerStateMachine.lambda$writeStateMachineData$2(ContainerStateMachine.java:622)
	at java.base/java.util.concurrent.FutureTask.run(FutureTask.java:317)
	at java.base/java.util.concurrent.ThreadPoolExecutor.runWorker(ThreadPoolExecutor.java:1144)
	at java.base/java.util.concurrent.ThreadPoolExecutor$Worker.run(ThreadPoolExecutor.java:642)
	at java.base/java.lang.Thread.run(Thread.java:1583)
Caused by: java.io.IOException: No such file or directory
	at java.base/java.io.UnixFileSystem.createFileExclusively0(Native Method)
	at java.base/java.io.UnixFileSystem.createFileExclusively(UnixFileSystem.java:258)
	at java.base/java.io.File.createTempFile(File.java:2184)
	at org.apache.hadoop.ozone.container.keyvalue.KeyValueContainer.createTempFile(KeyValueContainer.java:956)
	at org.apache.hadoop.ozone.container.keyvalue.KeyValueContainer.writeToContainerFile(KeyValueContainer.java:297)
	... 15 more
02:53:55.332 [e44b5a69-92f9-40f4-85c9-712e1c637b62-ChunkWriter-1-0] ERROR ContainerLog - ID=5 | Index=0 | BCSID=2 | State=UNHEALTHY | Volume=/home/runner/work/ozone/ozone/hadoop-ozone/integration-test/target/test-dir/MiniOzoneClusterImpl-af940217-b311-440f-8e09-352fdf66236b/ozone-meta/datanode-5/data-0/hdds | WRITE_FAILURE for file /home/runner/work/ozone/ozone/hadoop-ozone/integration-test/target/test-dir/MiniOzoneClusterImpl-af940217-b311-440f-8e09-352fdf66236b/ozone-meta/datanode-5/data-0/hdds/af940217-b311-440f-8e09-352fdf66236b/current/containerDir0/5. Message: null
2025-05-14 02:53:55,332 [e44b5a69-92f9-40f4-85c9-712e1c637b62-ChunkWriter-1-0] INFO  impl.HddsDispatcher (HddsDispatcher.java:dispatchRequest(396)) - Marked Container UNHEALTHY, ContainerID: 5
02:53:55.334 [e44b5a69-92f9-40f4-85c9-712e1c637b62-ChunkWriter-1-0] ERROR DNAudit - user=null | ip=null | op=WRITE_CHUNK {blockData=conID: 5 locID: 115816896921600005 bcsId: 2 replicaIndex: 0, offset=5, size=5, stage=WRITE_DATA} | ret=FAILURE
java.lang.Exception: Chunks directory /home/runner/work/ozone/ozone/hadoop-ozone/integration-test/target/test-dir/MiniOzoneClusterImpl-af940217-b311-440f-8e09-352fdf66236b/ozone-meta/datanode-5/data-0/hdds/af940217-b311-440f-8e09-352fdf66236b/current/containerDir0/5/chunks does not exist.
	at org.apache.hadoop.ozone.container.common.impl.HddsDispatcher.dispatchRequest(HddsDispatcher.java:424) ~[hdds-container-service-2.1.0-SNAPSHOT.jar:?]
	at org.apache.hadoop.ozone.container.common.impl.HddsDispatcher.lambda$dispatch$1(HddsDispatcher.java:189) ~[hdds-container-service-2.1.0-SNAPSHOT.jar:?]
	at org.apache.hadoop.hdds.server.OzoneProtocolMessageDispatcher.processRequest(OzoneProtocolMessageDispatcher.java:87) ~[hdds-server-framework-2.1.0-SNAPSHOT.jar:?]
	at org.apache.hadoop.ozone.container.common.impl.HddsDispatcher.dispatch(HddsDispatcher.java:188) ~[hdds-container-service-2.1.0-SNAPSHOT.jar:?]
	at org.apache.hadoop.ozone.container.common.transport.server.ratis.ContainerStateMachine.dispatchCommand(ContainerStateMachine.java:567) ~[hdds-container-service-2.1.0-SNAPSHOT.jar:?]
	at org.apache.hadoop.ozone.container.common.transport.server.ratis.ContainerStateMachine.lambda$writeStateMachineData$2(ContainerStateMachine.java:622) ~[hdds-container-service-2.1.0-SNAPSHOT.jar:?]
	at java.base/java.util.concurrent.FutureTask.run(FutureTask.java:317) ~[?:?]
	at java.base/java.util.concurrent.ThreadPoolExecutor.runWorker(ThreadPoolExecutor.java:1144) ~[?:?]
	at java.base/java.util.concurrent.ThreadPoolExecutor$Worker.run(ThreadPoolExecutor.java:642) ~[?:?]
	at java.base/java.lang.Thread.run(Thread.java:1583) [?:?]
2025-05-14 02:53:55,335 [FixedThreadPoolWithAffinityExecutor-1-0] INFO  container.IncrementalContainerReportHandler (AbstractContainerReportHandler.java:updateContainerState(253)) - FINALIZE (i.e. CLOSING) Container #5 (OPEN, sid=2) r0 (UNHEALTHY, bcsid=2, origin=e44b5a69-92f9-40f4-85c9-712e1c637b62, non-empty) from dn e44b5a69-92f9-40f4-85c9-712e1c637b62(localhost/127.0.0.1)
2025-05-14 02:53:55,335 [e44b5a69-92f9-40f4-85c9-712e1c637b62-ChunkWriter-1-0] ERROR ratis.ContainerStateMachine (ContainerStateMachine.java:handleCommandResult(662)) - group-512D7B449058: writeChunk writeStateMachineData failed: blockIdcontainerID: 5
localID: 115816896921600005
blockCommitSequenceId: 2
replicaIndex: 0
 logIndex 4 chunkName 115816896921600005_chunk_2 Error message: Chunks directory /home/runner/work/ozone/ozone/hadoop-ozone/integration-test/target/test-dir/MiniOzoneClusterImpl-af940217-b311-440f-8e09-352fdf66236b/ozone-meta/datanode-5/data-0/hdds/af940217-b311-440f-8e09-352fdf66236b/current/containerDir0/5/chunks does not exist. Container Result: UNABLE_TO_FIND_DATA_DIR
2025-05-14 02:53:55,336 [e44b5a69-92f9-40f4-85c9-712e1c637b62@group-512D7B449058-SegmentedRaftLogWorker] ERROR ratis.ContainerStateMachine (ContainerStateMachine.java:notifyLogFailed(1268)) - group-512D7B449058: (t:1, i:4) cmdType: WriteChunk traceID: "" containerID: 5 datanodeUuid: "e44b5a69-92f9-40f4-85c9-712e1c637b62" pipelineID: "b0e9ea18-5897-4179-a9c0-512d7b449058" writeChunk { blockID { containerID: 5 localID: 115816896921600005 blockCommitSequenceId: 2 replicaIndex: 0 } chunkData { chunkName: "115816896921600005_chunk_2" offset: 5 len: 5 checksumData { type: CRC32 bytesPerChecksum: 16384 checksums: "\350a\3440" } } } version: 3, container path=/home/runner/work/ozone/ozone/hadoop-ozone/integration-test/target/test-dir/MiniOzoneClusterImpl-af940217-b311-440f-8e09-352fdf66236b/ozone-meta/datanode-5/data-0/hdds/af940217-b311-440f-8e09-352fdf66236b/current/containerDir0/5
org.apache.hadoop.hdds.scm.container.common.helpers.StorageContainerException: Chunks directory /home/runner/work/ozone/ozone/hadoop-ozone/integration-test/target/test-dir/MiniOzoneClusterImpl-af940217-b311-440f-8e09-352fdf66236b/ozone-meta/datanode-5/data-0/hdds/af940217-b311-440f-8e09-352fdf66236b/current/containerDir0/5/chunks does not exist.
	at org.apache.hadoop.ozone.container.common.transport.server.ratis.ContainerStateMachine.handleCommandResult(ContainerStateMachine.java:661)
	at org.apache.hadoop.ozone.container.common.transport.server.ratis.ContainerStateMachine.lambda$writeStateMachineData$2(ContainerStateMachine.java:623)
	at java.base/java.util.concurrent.FutureTask.run(FutureTask.java:317)
	at java.base/java.util.concurrent.ThreadPoolExecutor.runWorker(ThreadPoolExecutor.java:1144)
	at java.base/java.util.concurrent.ThreadPoolExecutor$Worker.run(ThreadPoolExecutor.java:642)
	at java.base/java.lang.Thread.run(Thread.java:1583)
2025-05-14 02:53:55,336 [EventQueue-CloseContainerForCloseContainerEventHandler] INFO  container.CloseContainerEventHandler (CloseContainerEventHandler.java:onMessage(88)) - Close container Event triggered for container : #5, current state: OPEN
2025-05-14 02:53:55,336 [e44b5a69-92f9-40f4-85c9-712e1c637b62@group-512D7B449058-SegmentedRaftLogWorker] WARN  ratis.XceiverServerRatis (XceiverServerRatis.java:triggerPipelineClose(758)) - pipeline Action CLOSE on pipeline PipelineID=b0e9ea18-5897-4179-a9c0-512d7b449058.Reason : Chunks directory /home/runner/work/ozone/ozone/hadoop-ozone/integration-test/target/test-dir/MiniOzoneClusterImpl-af940217-b311-440f-8e09-352fdf66236b/ozone-meta/datanode-5/data-0/hdds/af940217-b311-440f-8e09-352fdf66236b/current/containerDir0/5/chunks does not exist.
2025-05-14 02:53:55,337 [e44b5a69-92f9-40f4-85c9-712e1c637b62@group-512D7B449058-SegmentedRaftLogWorker] ERROR raftlog.RaftLog (RaftLogBase.java:lambda$appendImpl$3(196)) - e44b5a69-92f9-40f4-85c9-712e1c637b62@group-512D7B449058-SegmentedRaftLog: Failed to write log entry (t:1, i:4), STATEMACHINELOGENTRY, cmdType: WriteChunk traceID: "" containerID: 5 datanodeUuid: "e44b5a69-92f9-40f4-85c9-712e1c637b62" pipelineID: "b0e9ea18-5897-4179-a9c0-512d7b449058" writeChunk { blockID { containerID: 5 localID: 115816896921600005 blockCommitSequenceId: 2 replicaIndex: 0 } chunkData { chunkName: "115816896921600005_chunk_2" offset: 5 len: 5 checksumData { type: CRC32 bytesPerChecksum: 16384 checksums: "\350a\3440" } } } version: 3, container path=/home/runner/work/ozone/ozone/hadoop-ozone/integration-test/target/test-dir/MiniOzoneClusterImpl-af940217-b311-440f-8e09-352fdf66236b/ozone-meta/datanode-5/data-0/hdds/af940217-b311-440f-8e09-352fdf66236b/current/containerDir0/5
org.apache.hadoop.hdds.scm.container.common.helpers.StorageContainerException: Chunks directory /home/runner/work/ozone/ozone/hadoop-ozone/integration-test/target/test-dir/MiniOzoneClusterImpl-af940217-b311-440f-8e09-352fdf66236b/ozone-meta/datanode-5/data-0/hdds/af940217-b311-440f-8e09-352fdf66236b/current/containerDir0/5/chunks does not exist.
	at org.apache.hadoop.ozone.container.common.transport.server.ratis.ContainerStateMachine.handleCommandResult(ContainerStateMachine.java:661)
	at org.apache.hadoop.ozone.container.common.transport.server.ratis.ContainerStateMachine.lambda$writeStateMachineData$2(ContainerStateMachine.java:623)
	at java.base/java.util.concurrent.FutureTask.run(FutureTask.java:317)
	at java.base/java.util.concurrent.ThreadPoolExecutor.runWorker(ThreadPoolExecutor.java:1144)
	at java.base/java.util.concurrent.ThreadPoolExecutor$Worker.run(ThreadPoolExecutor.java:642)
	at java.base/java.lang.Thread.run(Thread.java:1583)
2025-05-14 02:53:55,339 [e44b5a69-92f9-40f4-85c9-712e1c637b62@group-512D7B449058-cacheEviction-AwaitToRun] INFO  util.AwaitToRun (AwaitToRun.java:run(49)) - e44b5a69-92f9-40f4-85c9-712e1c637b62@group-512D7B449058-cacheEviction-AwaitToRun-AwaitForSignal is interrupted
2025-05-14 02:53:55,342 [EventQueue-PipelineActionsForPipelineActionHandler] INFO  pipeline.PipelineActionHandler (PipelineActionHandler.java:processPipelineAction(89)) - Received pipeline action CLOSE for PipelineID=b0e9ea18-5897-4179-a9c0-512d7b449058 from datanode e44b5a69-92f9-40f4-85c9-712e1c637b62(localhost/127.0.0.1). Reason : Chunks directory /home/runner/work/ozone/ozone/hadoop-ozone/integration-test/target/test-dir/MiniOzoneClusterImpl-af940217-b311-440f-8e09-352fdf66236b/ozone-meta/datanode-5/data-0/hdds/af940217-b311-440f-8e09-352fdf66236b/current/containerDir0/5/chunks does not exist.
2025-05-14 02:53:55,347 [EventQueue-PipelineActionsForPipelineActionHandler] INFO  pipeline.PipelineManagerImpl (PipelineManagerImpl.java:closeContainersForPipeline(487)) - Container #5 closed for pipeline=PipelineID=b0e9ea18-5897-4179-a9c0-512d7b449058
2025-05-14 02:53:55,348 [EventQueue-CloseContainerForCloseContainerEventHandler] INFO  container.CloseContainerEventHandler (CloseContainerEventHandler.java:onMessage(88)) - Close container Event triggered for container : #5, current state: CLOSING
2025-05-14 02:53:55,350 [EventQueue-PipelineActionsForPipelineActionHandler] INFO  pipeline.PipelineManagerImpl (PipelineManagerImpl.java:closePipeline(509)) - Pipeline PipelineID=b0e9ea18-5897-4179-a9c0-512d7b449058 moved to CLOSED state
2025-05-14 02:53:55,537 [EventQueue-PipelineActionsForPipelineActionHandler] INFO  pipeline.PipelineActionHandler (PipelineActionHandler.java:processPipelineAction(89)) - Received pipeline action CLOSE for PipelineID=b0e9ea18-5897-4179-a9c0-512d7b449058 from datanode e44b5a69-92f9-40f4-85c9-712e1c637b62(localhost/127.0.0.1). Reason : Chunks directory /home/runner/work/ozone/ozone/hadoop-ozone/integration-test/target/test-dir/MiniOzoneClusterImpl-af940217-b311-440f-8e09-352fdf66236b/ozone-meta/datanode-5/data-0/hdds/af940217-b311-440f-8e09-352fdf66236b/current/containerDir0/5/chunks does not exist.
2025-05-14 02:53:55,737 [EventQueue-PipelineActionsForPipelineActionHandler] INFO  pipeline.PipelineActionHandler (PipelineActionHandler.java:processPipelineAction(89)) - Received pipeline action CLOSE for PipelineID=b0e9ea18-5897-4179-a9c0-512d7b449058 from datanode e44b5a69-92f9-40f4-85c9-712e1c637b62(localhost/127.0.0.1). Reason : Chunks directory /home/runner/work/ozone/ozone/hadoop-ozone/integration-test/target/test-dir/MiniOzoneClusterImpl-af940217-b311-440f-8e09-352fdf66236b/ozone-meta/datanode-5/data-0/hdds/af940217-b311-440f-8e09-352fdf66236b/current/containerDir0/5/chunks does not exist.
2025-05-14 02:53:55,938 [EventQueue-PipelineActionsForPipelineActionHandler] INFO  pipeline.PipelineActionHandler (PipelineActionHandler.java:processPipelineAction(89)) - Received pipeline action CLOSE for PipelineID=b0e9ea18-5897-4179-a9c0-512d7b449058 from datanode e44b5a69-92f9-40f4-85c9-712e1c637b62(localhost/127.0.0.1). Reason : Chunks directory /home/runner/work/ozone/ozone/hadoop-ozone/integration-test/target/test-dir/MiniOzoneClusterImpl-af940217-b311-440f-8e09-352fdf66236b/ozone-meta/datanode-5/data-0/hdds/af940217-b311-440f-8e09-352fdf66236b/current/containerDir0/5/chunks does not exist.
2025-05-14 02:53:56,138 [EventQueue-PipelineActionsForPipelineActionHandler] INFO  pipeline.PipelineActionHandler (PipelineActionHandler.java:processPipelineAction(89)) - Received pipeline action CLOSE for PipelineID=b0e9ea18-5897-4179-a9c0-512d7b449058 from datanode e44b5a69-92f9-40f4-85c9-712e1c637b62(localhost/127.0.0.1). Reason : Chunks directory /home/runner/work/ozone/ozone/hadoop-ozone/integration-test/target/test-dir/MiniOzoneClusterImpl-af940217-b311-440f-8e09-352fdf66236b/ozone-meta/datanode-5/data-0/hdds/af940217-b311-440f-8e09-352fdf66236b/current/containerDir0/5/chunks does not exist.
2025-05-14 02:53:56,337 [EventQueue-PipelineActionsForPipelineActionHandler] INFO  pipeline.PipelineActionHandler (PipelineActionHandler.java:processPipelineAction(89)) - Received pipeline action CLOSE for PipelineID=b0e9ea18-5897-4179-a9c0-512d7b449058 from datanode e44b5a69-92f9-40f4-85c9-712e1c637b62(localhost/127.0.0.1). Reason : Chunks directory /home/runner/work/ozone/ozone/hadoop-ozone/integration-test/target/test-dir/MiniOzoneClusterImpl-af940217-b311-440f-8e09-352fdf66236b/ozone-meta/datanode-5/data-0/hdds/af940217-b311-440f-8e09-352fdf66236b/current/containerDir0/5/chunks does not exist.
2025-05-14 02:53:56,537 [EventQueue-PipelineActionsForPipelineActionHandler] INFO  pipeline.PipelineActionHandler (PipelineActionHandler.java:processPipelineAction(89)) - Received pipeline action CLOSE for PipelineID=b0e9ea18-5897-4179-a9c0-512d7b449058 from datanode e44b5a69-92f9-40f4-85c9-712e1c637b62(localhost/127.0.0.1). Reason : Chunks directory /home/runner/work/ozone/ozone/hadoop-ozone/integration-test/target/test-dir/MiniOzoneClusterImpl-af940217-b311-440f-8e09-352fdf66236b/ozone-meta/datanode-5/data-0/hdds/af940217-b311-440f-8e09-352fdf66236b/current/containerDir0/5/chunks does not exist.
2025-05-14 02:53:56,738 [EventQueue-PipelineActionsForPipelineActionHandler] INFO  pipeline.PipelineActionHandler (PipelineActionHandler.java:processPipelineAction(89)) - Received pipeline action CLOSE for PipelineID=b0e9ea18-5897-4179-a9c0-512d7b449058 from datanode e44b5a69-92f9-40f4-85c9-712e1c637b62(localhost/127.0.0.1). Reason : Chunks directory /home/runner/work/ozone/ozone/hadoop-ozone/integration-test/target/test-dir/MiniOzoneClusterImpl-af940217-b311-440f-8e09-352fdf66236b/ozone-meta/datanode-5/data-0/hdds/af940217-b311-440f-8e09-352fdf66236b/current/containerDir0/5/chunks does not exist.
2025-05-14 02:53:56,938 [EventQueue-PipelineActionsForPipelineActionHandler] INFO  pipeline.PipelineActionHandler (PipelineActionHandler.java:processPipelineAction(89)) - Received pipeline action CLOSE for PipelineID=b0e9ea18-5897-4179-a9c0-512d7b449058 from datanode e44b5a69-92f9-40f4-85c9-712e1c637b62(localhost/127.0.0.1). Reason : Chunks directory /home/runner/work/ozone/ozone/hadoop-ozone/integration-test/target/test-dir/MiniOzoneClusterImpl-af940217-b311-440f-8e09-352fdf66236b/ozone-meta/datanode-5/data-0/hdds/af940217-b311-440f-8e09-352fdf66236b/current/containerDir0/5/chunks does not exist.
2025-05-14 02:53:57,084 [c77e66e9-1cca-4fd3-bc5b-4ea2dbc3232f@group-90B7BBECBC71-StateMachineUpdater] INFO  ratis.ContainerStateMachine (ContainerStateMachine.java:takeSnapshot(427)) - group-90B7BBECBC71: Taking a snapshot at:(t:1, i:10) file /home/runner/work/ozone/ozone/hadoop-ozone/integration-test/target/test-dir/MiniOzoneClusterImpl-af940217-b311-440f-8e09-352fdf66236b/ozone-meta/datanode-6/ratis/8155a67b-a88a-4cce-aefd-90b7bbecbc71/sm/snapshot.1_10
2025-05-14 02:53:57,085 [d4e44fd7-0e23-4e4f-bc30-0c7965de497d@group-90B7BBECBC71-StateMachineUpdater] INFO  ratis.ContainerStateMachine (ContainerStateMachine.java:takeSnapshot(427)) - group-90B7BBECBC71: Taking a snapshot at:(t:1, i:10) file /home/runner/work/ozone/ozone/hadoop-ozone/integration-test/target/test-dir/MiniOzoneClusterImpl-af940217-b311-440f-8e09-352fdf66236b/ozone-meta/datanode-4/ratis/8155a67b-a88a-4cce-aefd-90b7bbecbc71/sm/snapshot.1_10
2025-05-14 02:53:57,085 [c77e66e9-1cca-4fd3-bc5b-4ea2dbc3232f@group-90B7BBECBC71-StateMachineUpdater] INFO  ratis.ContainerStateMachine (ContainerStateMachine.java:takeSnapshot(436)) - group-90B7BBECBC71: Finished taking a snapshot at:(t:1, i:10) file:/home/runner/work/ozone/ozone/hadoop-ozone/integration-test/target/test-dir/MiniOzoneClusterImpl-af940217-b311-440f-8e09-352fdf66236b/ozone-meta/datanode-6/ratis/8155a67b-a88a-4cce-aefd-90b7bbecbc71/sm/snapshot.1_10 took: 1 ms
2025-05-14 02:53:57,085 [c77e66e9-1cca-4fd3-bc5b-4ea2dbc3232f@group-90B7BBECBC71-StateMachineUpdater] INFO  impl.StateMachineUpdater (StateMachineUpdater.java:takeSnapshot(303)) - c77e66e9-1cca-4fd3-bc5b-4ea2dbc3232f@group-90B7BBECBC71-StateMachineUpdater: Took a snapshot at index 10
2025-05-14 02:53:57,085 [c77e66e9-1cca-4fd3-bc5b-4ea2dbc3232f@group-90B7BBECBC71-StateMachineUpdater] INFO  impl.StateMachineUpdater (StateMachineUpdater.java:lambda$new$0(102)) - c77e66e9-1cca-4fd3-bc5b-4ea2dbc3232f@group-90B7BBECBC71-StateMachineUpdater: snapshotIndex: updateIncreasingly 8 -> 10
2025-05-14 02:53:57,086 [d4e44fd7-0e23-4e4f-bc30-0c7965de497d@group-90B7BBECBC71-StateMachineUpdater] INFO  ratis.ContainerStateMachine (ContainerStateMachine.java:takeSnapshot(436)) - group-90B7BBECBC71: Finished taking a snapshot at:(t:1, i:10) file:/home/runner/work/ozone/ozone/hadoop-ozone/integration-test/target/test-dir/MiniOzoneClusterImpl-af940217-b311-440f-8e09-352fdf66236b/ozone-meta/datanode-4/ratis/8155a67b-a88a-4cce-aefd-90b7bbecbc71/sm/snapshot.1_10 took: 1 ms
2025-05-14 02:53:57,087 [d4e44fd7-0e23-4e4f-bc30-0c7965de497d@group-90B7BBECBC71-StateMachineUpdater] INFO  impl.StateMachineUpdater (StateMachineUpdater.java:takeSnapshot(303)) - d4e44fd7-0e23-4e4f-bc30-0c7965de497d@group-90B7BBECBC71-StateMachineUpdater: Took a snapshot at index 10
2025-05-14 02:53:57,087 [d4e44fd7-0e23-4e4f-bc30-0c7965de497d@group-90B7BBECBC71-StateMachineUpdater] INFO  impl.StateMachineUpdater (StateMachineUpdater.java:lambda$new$0(102)) - d4e44fd7-0e23-4e4f-bc30-0c7965de497d@group-90B7BBECBC71-StateMachineUpdater: snapshotIndex: updateIncreasingly 8 -> 10
2025-05-14 02:53:57,137 [EventQueue-PipelineActionsForPipelineActionHandler] INFO  pipeline.PipelineActionHandler (PipelineActionHandler.java:processPipelineAction(89)) - Received pipeline action CLOSE for PipelineID=b0e9ea18-5897-4179-a9c0-512d7b449058 from datanode e44b5a69-92f9-40f4-85c9-712e1c637b62(localhost/127.0.0.1). Reason : Chunks directory /home/runner/work/ozone/ozone/hadoop-ozone/integration-test/target/test-dir/MiniOzoneClusterImpl-af940217-b311-440f-8e09-352fdf66236b/ozone-meta/datanode-5/data-0/hdds/af940217-b311-440f-8e09-352fdf66236b/current/containerDir0/5/chunks does not exist.
2025-05-14 02:53:57,337 [EventQueue-PipelineActionsForPipelineActionHandler] INFO  pipeline.PipelineActionHandler (PipelineActionHandler.java:processPipelineAction(89)) - Received pipeline action CLOSE for PipelineID=b0e9ea18-5897-4179-a9c0-512d7b449058 from datanode e44b5a69-92f9-40f4-85c9-712e1c637b62(localhost/127.0.0.1). Reason : Chunks directory /home/runner/work/ozone/ozone/hadoop-ozone/integration-test/target/test-dir/MiniOzoneClusterImpl-af940217-b311-440f-8e09-352fdf66236b/ozone-meta/datanode-5/data-0/hdds/af940217-b311-440f-8e09-352fdf66236b/current/containerDir0/5/chunks does not exist.
2025-05-14 02:53:57,538 [EventQueue-PipelineActionsForPipelineActionHandler] INFO  pipeline.PipelineActionHandler (PipelineActionHandler.java:processPipelineAction(89)) - Received pipeline action CLOSE for PipelineID=b0e9ea18-5897-4179-a9c0-512d7b449058 from datanode e44b5a69-92f9-40f4-85c9-712e1c637b62(localhost/127.0.0.1). Reason : Chunks directory /home/runner/work/ozone/ozone/hadoop-ozone/integration-test/target/test-dir/MiniOzoneClusterImpl-af940217-b311-440f-8e09-352fdf66236b/ozone-meta/datanode-5/data-0/hdds/af940217-b311-440f-8e09-352fdf66236b/current/containerDir0/5/chunks does not exist.
2025-05-14 02:53:57,738 [EventQueue-PipelineActionsForPipelineActionHandler] INFO  pipeline.PipelineActionHandler (PipelineActionHandler.java:processPipelineAction(89)) - Received pipeline action CLOSE for PipelineID=b0e9ea18-5897-4179-a9c0-512d7b449058 from datanode e44b5a69-92f9-40f4-85c9-712e1c637b62(localhost/127.0.0.1). Reason : Chunks directory /home/runner/work/ozone/ozone/hadoop-ozone/integration-test/target/test-dir/MiniOzoneClusterImpl-af940217-b311-440f-8e09-352fdf66236b/ozone-meta/datanode-5/data-0/hdds/af940217-b311-440f-8e09-352fdf66236b/current/containerDir0/5/chunks does not exist.
2025-05-14 02:53:57,938 [EventQueue-PipelineActionsForPipelineActionHandler] INFO  pipeline.PipelineActionHandler (PipelineActionHandler.java:processPipelineAction(89)) - Received pipeline action CLOSE for PipelineID=b0e9ea18-5897-4179-a9c0-512d7b449058 from datanode e44b5a69-92f9-40f4-85c9-712e1c637b62(localhost/127.0.0.1). Reason : Chunks directory /home/runner/work/ozone/ozone/hadoop-ozone/integration-test/target/test-dir/MiniOzoneClusterImpl-af940217-b311-440f-8e09-352fdf66236b/ozone-meta/datanode-5/data-0/hdds/af940217-b311-440f-8e09-352fdf66236b/current/containerDir0/5/chunks does not exist.
2025-05-14 02:53:58,137 [EventQueue-PipelineActionsForPipelineActionHandler] INFO  pipeline.PipelineActionHandler (PipelineActionHandler.java:processPipelineAction(89)) - Received pipeline action CLOSE for PipelineID=b0e9ea18-5897-4179-a9c0-512d7b449058 from datanode e44b5a69-92f9-40f4-85c9-712e1c637b62(localhost/127.0.0.1). Reason : Chunks directory /home/runner/work/ozone/ozone/hadoop-ozone/integration-test/target/test-dir/MiniOzoneClusterImpl-af940217-b311-440f-8e09-352fdf66236b/ozone-meta/datanode-5/data-0/hdds/af940217-b311-440f-8e09-352fdf66236b/current/containerDir0/5/chunks does not exist.
2025-05-14 02:53:58,329 [timer4] ERROR impl.OrderedAsync (OrderedAsync.java:lambda$null$6(215)) -  client-47FF0357CBD5: Failed* RaftClientRequest:client-47FF0357CBD5->e44b5a69-92f9-40f4-85c9-712e1c637b62@group-512D7B449058, cid=144, seq=4, RW, cmdType: WriteChunk
traceID: ""
containerID: 5
datanodeUuid: "e44b5a69-92f9-40f4-85c9-712e1c637b62"
writeChunk {
  blockID {
    containerID: 5
    localID: 115816896921600005
    blockCommitSequenceId: 2
    replicaIndex: 0
  }
  chunkData {
    chunkName: "115816896921600005_chunk_2"
    offset: 5
    len: 5
    checksumData {
      type: CRC32
      bytesPerChecksum: 16384
      checksums: "\350a\3440"
    }
  }
}
version: 3
, data.size=5
java.util.concurrent.CompletionException: org.apache.ratis.protocol.exceptions.TimeoutIOException: client-47FF0357CBD5->e44b5a69-92f9-40f4-85c9-712e1c637b62 request #144 timeout 3000ms
	at java.base/java.util.concurrent.CompletableFuture.encodeThrowable(CompletableFuture.java:332)
	at java.base/java.util.concurrent.CompletableFuture.completeThrowable(CompletableFuture.java:347)
	at java.base/java.util.concurrent.CompletableFuture$UniAccept.tryFire(CompletableFuture.java:708)
	at java.base/java.util.concurrent.CompletableFuture.postComplete(CompletableFuture.java:510)
	at java.base/java.util.concurrent.CompletableFuture.completeExceptionally(CompletableFuture.java:2194)
	at org.apache.ratis.grpc.client.GrpcClientProtocolClient$AsyncStreamObservers.lambda$timeoutCheck$5(GrpcClientProtocolClient.java:376)
	at java.base/java.util.Optional.ifPresent(Optional.java:178)
	at org.apache.ratis.grpc.client.GrpcClientProtocolClient$AsyncStreamObservers.handleReplyFuture(GrpcClientProtocolClient.java:381)
	at org.apache.ratis.grpc.client.GrpcClientProtocolClient$AsyncStreamObservers.timeoutCheck(GrpcClientProtocolClient.java:376)
	at org.apache.ratis.grpc.client.GrpcClientProtocolClient$AsyncStreamObservers.lambda$onNext$3(GrpcClientProtocolClient.java:369)
	at org.apache.ratis.util.TimeoutTimer.lambda$onTimeout$2(TimeoutTimer.java:101)
	at org.apache.ratis.util.LogUtils.runAndLog(LogUtils.java:38)
	at org.apache.ratis.util.LogUtils$1.run(LogUtils.java:78)
	at org.apache.ratis.util.TimeoutTimer$Task.run(TimeoutTimer.java:55)
	at java.base/java.util.TimerThread.mainLoop(Timer.java:566)
	at java.base/java.util.TimerThread.run(Timer.java:516)
Caused by: org.apache.ratis.protocol.exceptions.TimeoutIOException: client-47FF0357CBD5->e44b5a69-92f9-40f4-85c9-712e1c637b62 request #144 timeout 3000ms
	at org.apache.ratis.grpc.client.GrpcClientProtocolClient$AsyncStreamObservers.lambda$timeoutCheck$5(GrpcClientProtocolClient.java:377)
	... 10 more
2025-05-14 02:53:58,329 [timer5] ERROR impl.OrderedAsync (OrderedAsync.java:lambda$null$6(215)) -  client-47FF0357CBD5: Failed* RaftClientRequest:client-47FF0357CBD5->e44b5a69-92f9-40f4-85c9-712e1c637b62@group-512D7B449058, cid=145, seq=5, RW, cmdType: PutBlock
traceID: ""
containerID: 5
datanodeUuid: "e44b5a69-92f9-40f4-85c9-712e1c637b62"
putBlock {
  blockData {
    blockID {
      containerID: 5
      localID: 115816896921600005
      blockCommitSequenceId: 0
    }
    metadata {
      key: "TYPE"
      value: "KEY"
    }
    chunks {
      chunkName: "115816896921600005_chunk_1"
      offset: 0
      len: 5
      checksumData {
        type: CRC32
        bytesPerChecksum: 16384
        checksums: "\350a\3440"
      }
    }
    chunks {
      chunkName: "115816896921600005_chunk_2"
      offset: 5
      len: 5
      checksumData {
        type: CRC32
        bytesPerChecksum: 16384
        checksums: "\350a\3440"
      }
    }
  }
  eof: true
}
version: 3
, data.size=0
java.util.concurrent.CompletionException: org.apache.ratis.protocol.exceptions.TimeoutIOException: client-47FF0357CBD5->e44b5a69-92f9-40f4-85c9-712e1c637b62 request #145 timeout 3000ms
	at java.base/java.util.concurrent.CompletableFuture.encodeThrowable(CompletableFuture.java:332)
	at java.base/java.util.concurrent.CompletableFuture.completeThrowable(CompletableFuture.java:347)
	at java.base/java.util.concurrent.CompletableFuture$UniAccept.tryFire(CompletableFuture.java:708)
	at java.base/java.util.concurrent.CompletableFuture.postComplete(CompletableFuture.java:510)
	at java.base/java.util.concurrent.CompletableFuture.completeExceptionally(CompletableFuture.java:2194)
	at org.apache.ratis.grpc.client.GrpcClientProtocolClient$AsyncStreamObservers.lambda$timeoutCheck$5(GrpcClientProtocolClient.java:376)
	at java.base/java.util.Optional.ifPresent(Optional.java:178)
	at org.apache.ratis.grpc.client.GrpcClientProtocolClient$AsyncStreamObservers.handleReplyFuture(GrpcClientProtocolClient.java:381)
	at org.apache.ratis.grpc.client.GrpcClientProtocolClient$AsyncStreamObservers.timeoutCheck(GrpcClientProtocolClient.java:376)
	at org.apache.ratis.grpc.client.GrpcClientProtocolClient$AsyncStreamObservers.lambda$onNext$3(GrpcClientProtocolClient.java:369)
	at org.apache.ratis.util.TimeoutTimer.lambda$onTimeout$2(TimeoutTimer.java:101)
	at org.apache.ratis.util.LogUtils.runAndLog(LogUtils.java:38)
	at org.apache.ratis.util.LogUtils$1.run(LogUtils.java:78)
	at org.apache.ratis.util.TimeoutTimer$Task.run(TimeoutTimer.java:55)
	at java.base/java.util.TimerThread.mainLoop(Timer.java:566)
	at java.base/java.util.TimerThread.run(Timer.java:516)
Caused by: org.apache.ratis.protocol.exceptions.TimeoutIOException: client-47FF0357CBD5->e44b5a69-92f9-40f4-85c9-712e1c637b62 request #145 timeout 3000ms
	at org.apache.ratis.grpc.client.GrpcClientProtocolClient$AsyncStreamObservers.lambda$timeoutCheck$5(GrpcClientProtocolClient.java:377)
	... 10 more
2025-05-14 02:53:58,337 [EventQueue-PipelineActionsForPipelineActionHandler] INFO  pipeline.PipelineActionHandler (PipelineActionHandler.java:processPipelineAction(89)) - Received pipeline action CLOSE for PipelineID=b0e9ea18-5897-4179-a9c0-512d7b449058 from datanode e44b5a69-92f9-40f4-85c9-712e1c637b62(localhost/127.0.0.1). Reason : Chunks directory /home/runner/work/ozone/ozone/hadoop-ozone/integration-test/target/test-dir/MiniOzoneClusterImpl-af940217-b311-440f-8e09-352fdf66236b/ozone-meta/datanode-5/data-0/hdds/af940217-b311-440f-8e09-352fdf66236b/current/containerDir0/5/chunks does not exist.
2025-05-14 02:53:58,341 [e44b5a69-92f9-40f4-85c9-712e1c637b62@group-512D7B449058-SegmentedRaftLogWorker] WARN  segmented.SegmentedRaftLogWorker (SegmentedRaftLogWorker.java:lambda$close$3(249)) - e44b5a69-92f9-40f4-85c9-712e1c637b62@group-512D7B449058-SegmentedRaftLogWorker: shutdown timeout in 3s
2025-05-14 02:53:58,342 [e44b5a69-92f9-40f4-85c9-712e1c637b62@group-512D7B449058-SegmentedRaftLogWorker] INFO  segmented.SegmentedRaftLogWorker (SegmentedRaftLogWorker.java:close(252)) - e44b5a69-92f9-40f4-85c9-712e1c637b62@group-512D7B449058-SegmentedRaftLogWorker close()
2025-05-14 02:53:58,537 [EventQueue-PipelineActionsForPipelineActionHandler] INFO  pipeline.PipelineActionHandler (PipelineActionHandler.java:processPipelineAction(89)) - Received pipeline action CLOSE for PipelineID=b0e9ea18-5897-4179-a9c0-512d7b449058 from datanode e44b5a69-92f9-40f4-85c9-712e1c637b62(localhost/127.0.0.1). Reason : Chunks directory /home/runner/work/ozone/ozone/hadoop-ozone/integration-test/target/test-dir/MiniOzoneClusterImpl-af940217-b311-440f-8e09-352fdf66236b/ozone-meta/datanode-5/data-0/hdds/af940217-b311-440f-8e09-352fdf66236b/current/containerDir0/5/chunks does not exist.
2025-05-14 02:53:58,737 [EventQueue-PipelineActionsForPipelineActionHandler] INFO  pipeline.PipelineActionHandler (PipelineActionHandler.java:processPipelineAction(89)) - Received pipeline action CLOSE for PipelineID=b0e9ea18-5897-4179-a9c0-512d7b449058 from datanode e44b5a69-92f9-40f4-85c9-712e1c637b62(localhost/127.0.0.1). Reason : Chunks directory /home/runner/work/ozone/ozone/hadoop-ozone/integration-test/target/test-dir/MiniOzoneClusterImpl-af940217-b311-440f-8e09-352fdf66236b/ozone-meta/datanode-5/data-0/hdds/af940217-b311-440f-8e09-352fdf66236b/current/containerDir0/5/chunks does not exist.
2025-05-14 02:53:58,938 [EventQueue-PipelineActionsForPipelineActionHandler] INFO  pipeline.PipelineActionHandler (PipelineActionHandler.java:processPipelineAction(89)) - Received pipeline action CLOSE for PipelineID=b0e9ea18-5897-4179-a9c0-512d7b449058 from datanode e44b5a69-92f9-40f4-85c9-712e1c637b62(localhost/127.0.0.1). Reason : Chunks directory /home/runner/work/ozone/ozone/hadoop-ozone/integration-test/target/test-dir/MiniOzoneClusterImpl-af940217-b311-440f-8e09-352fdf66236b/ozone-meta/datanode-5/data-0/hdds/af940217-b311-440f-8e09-352fdf66236b/current/containerDir0/5/chunks does not exist.
2025-05-14 02:53:59,138 [EventQueue-PipelineActionsForPipelineActionHandler] INFO  pipeline.PipelineActionHandler (PipelineActionHandler.java:processPipelineAction(89)) - Received pipeline action CLOSE for PipelineID=b0e9ea18-5897-4179-a9c0-512d7b449058 from datanode e44b5a69-92f9-40f4-85c9-712e1c637b62(localhost/127.0.0.1). Reason : Chunks directory /home/runner/work/ozone/ozone/hadoop-ozone/integration-test/target/test-dir/MiniOzoneClusterImpl-af940217-b311-440f-8e09-352fdf66236b/ozone-meta/datanode-5/data-0/hdds/af940217-b311-440f-8e09-352fdf66236b/current/containerDir0/5/chunks does not exist.
2025-05-14 02:53:59,337 [EventQueue-PipelineActionsForPipelineActionHandler] INFO  pipeline.PipelineActionHandler (PipelineActionHandler.java:processPipelineAction(89)) - Received pipeline action CLOSE for PipelineID=b0e9ea18-5897-4179-a9c0-512d7b449058 from datanode e44b5a69-92f9-40f4-85c9-712e1c637b62(localhost/127.0.0.1). Reason : Chunks directory /home/runner/work/ozone/ozone/hadoop-ozone/integration-test/target/test-dir/MiniOzoneClusterImpl-af940217-b311-440f-8e09-352fdf66236b/ozone-meta/datanode-5/data-0/hdds/af940217-b311-440f-8e09-352fdf66236b/current/containerDir0/5/chunks does not exist.
2025-05-14 02:53:59,538 [EventQueue-PipelineActionsForPipelineActionHandler] INFO  pipeline.PipelineActionHandler (PipelineActionHandler.java:processPipelineAction(89)) - Received pipeline action CLOSE for PipelineID=b0e9ea18-5897-4179-a9c0-512d7b449058 from datanode e44b5a69-92f9-40f4-85c9-712e1c637b62(localhost/127.0.0.1). Reason : Chunks directory /home/runner/work/ozone/ozone/hadoop-ozone/integration-test/target/test-dir/MiniOzoneClusterImpl-af940217-b311-440f-8e09-352fdf66236b/ozone-meta/datanode-5/data-0/hdds/af940217-b311-440f-8e09-352fdf66236b/current/containerDir0/5/chunks does not exist.
2025-05-14 02:53:59,739 [EventQueue-PipelineActionsForPipelineActionHandler] INFO  pipeline.PipelineActionHandler (PipelineActionHandler.java:processPipelineAction(89)) - Received pipeline action CLOSE for PipelineID=b0e9ea18-5897-4179-a9c0-512d7b449058 from datanode e44b5a69-92f9-40f4-85c9-712e1c637b62(localhost/127.0.0.1). Reason : Chunks directory /home/runner/work/ozone/ozone/hadoop-ozone/integration-test/target/test-dir/MiniOzoneClusterImpl-af940217-b311-440f-8e09-352fdf66236b/ozone-meta/datanode-5/data-0/hdds/af940217-b311-440f-8e09-352fdf66236b/current/containerDir0/5/chunks does not exist.
2025-05-14 02:53:59,939 [EventQueue-PipelineActionsForPipelineActionHandler] INFO  pipeline.PipelineActionHandler (PipelineActionHandler.java:processPipelineAction(89)) - Received pipeline action CLOSE for PipelineID=b0e9ea18-5897-4179-a9c0-512d7b449058 from datanode e44b5a69-92f9-40f4-85c9-712e1c637b62(localhost/127.0.0.1). Reason : Chunks directory /home/runner/work/ozone/ozone/hadoop-ozone/integration-test/target/test-dir/MiniOzoneClusterImpl-af940217-b311-440f-8e09-352fdf66236b/ozone-meta/datanode-5/data-0/hdds/af940217-b311-440f-8e09-352fdf66236b/current/containerDir0/5/chunks does not exist.
2025-05-14 02:54:00,138 [EventQueue-PipelineActionsForPipelineActionHandler] INFO  pipeline.PipelineActionHandler (PipelineActionHandler.java:processPipelineAction(89)) - Received pipeline action CLOSE for PipelineID=b0e9ea18-5897-4179-a9c0-512d7b449058 from datanode e44b5a69-92f9-40f4-85c9-712e1c637b62(localhost/127.0.0.1). Reason : Chunks directory /home/runner/work/ozone/ozone/hadoop-ozone/integration-test/target/test-dir/MiniOzoneClusterImpl-af940217-b311-440f-8e09-352fdf66236b/ozone-meta/datanode-5/data-0/hdds/af940217-b311-440f-8e09-352fdf66236b/current/containerDir0/5/chunks does not exist.
2025-05-14 02:54:00,338 [EventQueue-PipelineActionsForPipelineActionHandler] INFO  pipeline.PipelineActionHandler (PipelineActionHandler.java:processPipelineAction(89)) - Received pipeline action CLOSE for PipelineID=b0e9ea18-5897-4179-a9c0-512d7b449058 from datanode e44b5a69-92f9-40f4-85c9-712e1c637b62(localhost/127.0.0.1). Reason : Chunks directory /home/runner/work/ozone/ozone/hadoop-ozone/integration-test/target/test-dir/MiniOzoneClusterImpl-af940217-b311-440f-8e09-352fdf66236b/ozone-meta/datanode-5/data-0/hdds/af940217-b311-440f-8e09-352fdf66236b/current/containerDir0/5/chunks does not exist.
2025-05-14 02:54:00,500 [BackgroundPipelineScrubber] INFO  pipeline.PipelineManagerImpl (PipelineManagerImpl.java:scrubPipelines(601)) - Scrubbing pipeline: id: PipelineID=b0e9ea18-5897-4179-a9c0-512d7b449058 since it stays at CLOSED stage.
2025-05-14 02:54:00,503 [BackgroundPipelineScrubber] INFO  pipeline.RatisPipelineProvider (RatisPipelineProvider.java:lambda$close$4(273)) - Send pipeline:PipelineID=b0e9ea18-5897-4179-a9c0-512d7b449058 close command to datanode e44b5a69-92f9-40f4-85c9-712e1c637b62
2025-05-14 02:54:00,503 [BackgroundPipelineScrubber] INFO  pipeline.PipelineManagerImpl (PipelineManagerImpl.java:removePipeline(462)) - Pipeline Pipeline{ Id: b0e9ea18-5897-4179-a9c0-512d7b449058, Nodes: [ {e44b5a69-92f9-40f4-85c9-712e1c637b62(localhost/127.0.0.1), ReplicaIndex: 0},], ReplicationConfig: RATIS/ONE, State:CLOSED, leaderId:e44b5a69-92f9-40f4-85c9-712e1c637b62, CreationTimestamp2025-05-14T02:53:36.443Z[Etc/UTC]} removed.
2025-05-14 02:54:00,519 [e44b5a69-92f9-40f4-85c9-712e1c637b62@group-512D7B449058-LeaderStateImpl] ERROR util.ExitUtils (ExitUtils.java:terminate(133)) - Terminating with exit status -1: Thread[#1429,e44b5a69-92f9-40f4-85c9-712e1c637b62@group-512D7B449058-LeaderStateImpl,5,e44b5a69-92f9-40f4-85c9-712e1c637b62@group-512D7B449058] has thrown an uncaught exception
java.lang.IllegalStateException: e44b5a69-92f9-40f4-85c9-712e1c637b62@group-512D7B449058-SegmentedRaftLog is expected to be opened but it is CLOSED
	at org.apache.ratis.util.OpenCloseState.assertOpen(OpenCloseState.java:63)
	at org.apache.ratis.server.raftlog.RaftLogBase.checkLogState(RaftLogBase.java:112)
	at org.apache.ratis.server.raftlog.segmented.SegmentedRaftLog.getLastEntryTermIndex(SegmentedRaftLog.java:356)
	at org.apache.ratis.server.impl.ServerState.getLastEntry(ServerState.java:310)
	at org.apache.ratis.server.impl.LeaderStateImpl.checkPeersForYieldingLeader(LeaderStateImpl.java:1075)
	at org.apache.ratis.server.impl.LeaderStateImpl.access$800(LeaderStateImpl.java:100)
	at org.apache.ratis.server.impl.LeaderStateImpl$EventProcessor.run(LeaderStateImpl.java:771)
Caused by: org.apache.ratis.util.OpenCloseState$CloseTrace: Close e44b5a69-92f9-40f4-85c9-712e1c637b62@group-512D7B449058-SegmentedRaftLog
	at org.apache.ratis.util.OpenCloseState.lambda$close$1(OpenCloseState.java:109)
	at java.base/java.util.concurrent.atomic.AtomicReference.getAndUpdate(AtomicReference.java:188)
	at org.apache.ratis.util.OpenCloseState.close(OpenCloseState.java:109)
	at org.apache.ratis.server.raftlog.RaftLogBase.close(RaftLogBase.java:380)
	at org.apache.ratis.server.raftlog.segmented.SegmentedRaftLog.close(SegmentedRaftLog.java:528)
	at org.apache.ratis.server.raftlog.RaftLogBase.lambda$appendImpl$3(RaftLogBase.java:205)
	at java.base/java.util.concurrent.CompletableFuture.uniWhenComplete(CompletableFuture.java:863)
	at java.base/java.util.concurrent.CompletableFuture$UniWhenComplete.tryFire(CompletableFuture.java:841)
	at java.base/java.util.concurrent.CompletableFuture.postComplete(CompletableFuture.java:510)
	at java.base/java.util.concurrent.CompletableFuture.completeExceptionally(CompletableFuture.java:2194)
	at org.apache.ratis.server.raftlog.segmented.SegmentedRaftLog$Task.failed(SegmentedRaftLog.java:109)
	at org.apache.ratis.server.raftlog.segmented.SegmentedRaftLogWorker$WriteLog.failed(SegmentedRaftLogWorker.java:527)
	at org.apache.ratis.server.raftlog.segmented.SegmentedRaftLogWorker.run(SegmentedRaftLogWorker.java:324)
	at java.base/java.util.concurrent.Executors$RunnableAdapter.call(Executors.java:572)
	at java.base/java.util.concurrent.FutureTask.run(FutureTask.java:317)
	at java.base/java.util.concurrent.ThreadPoolExecutor.runWorker(ThreadPoolExecutor.java:1144)
	at java.base/java.util.concurrent.ThreadPoolExecutor$Worker.run(ThreadPoolExecutor.java:642)
	at java.base/java.lang.Thread.run(Thread.java:1583)
2025-05-14 02:54:00,539 [EventQueue-PipelineReportForPipelineReportHandler] INFO  pipeline.PipelineReportHandler (PipelineReportHandler.java:handlePipelineNotFoundException(98)) - Pipeline PipelineID=b0e9ea18-5897-4179-a9c0-512d7b449058, reported by datanode e44b5a69-92f9-40f4-85c9-712e1c637b62(localhost/127.0.0.1) is not found.
2025-05-14 02:54:00,539 [EventQueue-PipelineActionsForPipelineActionHandler] INFO  pipeline.PipelineActionHandler (PipelineActionHandler.java:processPipelineAction(89)) - Received pipeline action CLOSE for PipelineID=b0e9ea18-5897-4179-a9c0-512d7b449058 from datanode e44b5a69-92f9-40f4-85c9-712e1c637b62(localhost/127.0.0.1). Reason : Chunks directory /home/runner/work/ozone/ozone/hadoop-ozone/integration-test/target/test-dir/MiniOzoneClusterImpl-af940217-b311-440f-8e09-352fdf66236b/ozone-meta/datanode-5/data-0/hdds/af940217-b311-440f-8e09-352fdf66236b/current/containerDir0/5/chunks does not exist.
2025-05-14 02:54:00,539 [EventQueue-PipelineActionsForPipelineActionHandler] WARN  pipeline.PipelineActionHandler (PipelineActionHandler.java:closeUnknownPipeline(117)) - Pipeline action received for unknown Pipeline PipelineID=b0e9ea18-5897-4179-a9c0-512d7b449058, firing close pipeline event.
2025-05-14 02:54:00,739 [EventQueue-PipelineActionsForPipelineActionHandler] INFO  pipeline.PipelineActionHandler (PipelineActionHandler.java:processPipelineAction(89)) - Received pipeline action CLOSE for PipelineID=b0e9ea18-5897-4179-a9c0-512d7b449058 from datanode e44b5a69-92f9-40f4-85c9-712e1c637b62(localhost/127.0.0.1). Reason : Chunks directory /home/runner/work/ozone/ozone/hadoop-ozone/integration-test/target/test-dir/MiniOzoneClusterImpl-af940217-b311-440f-8e09-352fdf66236b/ozone-meta/datanode-5/data-0/hdds/af940217-b311-440f-8e09-352fdf66236b/current/containerDir0/5/chunks does not exist.
2025-05-14 02:54:00,739 [EventQueue-PipelineActionsForPipelineActionHandler] WARN  pipeline.PipelineActionHandler (PipelineActionHandler.java:closeUnknownPipeline(117)) - Pipeline action received for unknown Pipeline PipelineID=b0e9ea18-5897-4179-a9c0-512d7b449058, firing close pipeline event.
2025-05-14 02:54:00,939 [EventQueue-PipelineActionsForPipelineActionHandler] INFO  pipeline.PipelineActionHandler (PipelineActionHandler.java:processPipelineAction(89)) - Received pipeline action CLOSE for PipelineID=b0e9ea18-5897-4179-a9c0-512d7b449058 from datanode e44b5a69-92f9-40f4-85c9-712e1c637b62(localhost/127.0.0.1). Reason : Chunks directory /home/runner/work/ozone/ozone/hadoop-ozone/integration-test/target/test-dir/MiniOzoneClusterImpl-af940217-b311-440f-8e09-352fdf66236b/ozone-meta/datanode-5/data-0/hdds/af940217-b311-440f-8e09-352fdf66236b/current/containerDir0/5/chunks does not exist.
2025-05-14 02:54:00,939 [EventQueue-PipelineActionsForPipelineActionHandler] WARN  pipeline.PipelineActionHandler (PipelineActionHandler.java:closeUnknownPipeline(117)) - Pipeline action received for unknown Pipeline PipelineID=b0e9ea18-5897-4179-a9c0-512d7b449058, firing close pipeline event.
2025-05-14 02:54:00,939 [EventQueue-PipelineReportForPipelineReportHandler] INFO  pipeline.PipelineReportHandler (PipelineReportHandler.java:handlePipelineNotFoundException(98)) - Pipeline PipelineID=b0e9ea18-5897-4179-a9c0-512d7b449058, reported by datanode e44b5a69-92f9-40f4-85c9-712e1c637b62(localhost/127.0.0.1) is not found.
2025-05-14 02:54:01,139 [EventQueue-PipelineActionsForPipelineActionHandler] INFO  pipeline.PipelineActionHandler (PipelineActionHandler.java:processPipelineAction(89)) - Received pipeline action CLOSE for PipelineID=b0e9ea18-5897-4179-a9c0-512d7b449058 from datanode e44b5a69-92f9-40f4-85c9-712e1c637b62(localhost/127.0.0.1). Reason : Chunks directory /home/runner/work/ozone/ozone/hadoop-ozone/integration-test/target/test-dir/MiniOzoneClusterImpl-af940217-b311-440f-8e09-352fdf66236b/ozone-meta/datanode-5/data-0/hdds/af940217-b311-440f-8e09-352fdf66236b/current/containerDir0/5/chunks does not exist.
2025-05-14 02:54:01,139 [EventQueue-PipelineReportForPipelineReportHandler] INFO  pipeline.PipelineReportHandler (PipelineReportHandler.java:handlePipelineNotFoundException(98)) - Pipeline PipelineID=b0e9ea18-5897-4179-a9c0-512d7b449058, reported by datanode e44b5a69-92f9-40f4-85c9-712e1c637b62(localhost/127.0.0.1) is not found.
2025-05-14 02:54:01,139 [EventQueue-PipelineActionsForPipelineActionHandler] WARN  pipeline.PipelineActionHandler (PipelineActionHandler.java:closeUnknownPipeline(117)) - Pipeline action received for unknown Pipeline PipelineID=b0e9ea18-5897-4179-a9c0-512d7b449058, firing close pipeline event.
2025-05-14 02:54:01,339 [EventQueue-PipelineActionsForPipelineActionHandler] INFO  pipeline.PipelineActionHandler (PipelineActionHandler.java:processPipelineAction(89)) - Received pipeline action CLOSE for PipelineID=b0e9ea18-5897-4179-a9c0-512d7b449058 from datanode e44b5a69-92f9-40f4-85c9-712e1c637b62(localhost/127.0.0.1). Reason : Chunks directory /home/runner/work/ozone/ozone/hadoop-ozone/integration-test/target/test-dir/MiniOzoneClusterImpl-af940217-b311-440f-8e09-352fdf66236b/ozone-meta/datanode-5/data-0/hdds/af940217-b311-440f-8e09-352fdf66236b/current/containerDir0/5/chunks does not exist.
2025-05-14 02:54:01,339 [EventQueue-PipelineReportForPipelineReportHandler] INFO  pipeline.PipelineReportHandler (PipelineReportHandler.java:handlePipelineNotFoundException(98)) - Pipeline PipelineID=b0e9ea18-5897-4179-a9c0-512d7b449058, reported by datanode e44b5a69-92f9-40f4-85c9-712e1c637b62(localhost/127.0.0.1) is not found.
2025-05-14 02:54:01,339 [EventQueue-PipelineActionsForPipelineActionHandler] WARN  pipeline.PipelineActionHandler (PipelineActionHandler.java:closeUnknownPipeline(117)) - Pipeline action received for unknown Pipeline PipelineID=b0e9ea18-5897-4179-a9c0-512d7b449058, firing close pipeline event.
2025-05-14 02:54:01,538 [e44b5a69-92f9-40f4-85c9-712e1c637b62-PipelineCommandHandlerThread-0] INFO  server.RaftServer (RaftServerProxy.java:remove(111)) - e44b5a69-92f9-40f4-85c9-712e1c637b62: remove    LEADER e44b5a69-92f9-40f4-85c9-712e1c637b62@group-512D7B449058:t1, leader=e44b5a69-92f9-40f4-85c9-712e1c637b62, voted=e44b5a69-92f9-40f4-85c9-712e1c637b62, raftlog=Memoized:e44b5a69-92f9-40f4-85c9-712e1c637b62@group-512D7B449058-SegmentedRaftLog:CLOSED:c3, conf=conf: {index: 0, cur=peers:[e44b5a69-92f9-40f4-85c9-712e1c637b62|127.0.0.1:15047]|listeners:[], old=null} RUNNING
2025-05-14 02:54:01,538 [e44b5a69-92f9-40f4-85c9-712e1c637b62-PipelineCommandHandlerThread-0] INFO  server.RaftServer$Division (RaftServerImpl.java:lambda$close$1(513)) - e44b5a69-92f9-40f4-85c9-712e1c637b62@group-512D7B449058: shutdown
2025-05-14 02:54:01,539 [e44b5a69-92f9-40f4-85c9-712e1c637b62-PipelineCommandHandlerThread-0] INFO  util.JmxRegister (JmxRegister.java:unregister(74)) - Successfully un-registered JMX Bean with object name Ratis:service=RaftServer,group=group-512D7B449058,id=e44b5a69-92f9-40f4-85c9-712e1c637b62
2025-05-14 02:54:01,539 [e44b5a69-92f9-40f4-85c9-712e1c637b62-PipelineCommandHandlerThread-0] INFO  impl.RoleInfo (RoleInfo.java:shutdownLeaderState(103)) - e44b5a69-92f9-40f4-85c9-712e1c637b62: shutdown e44b5a69-92f9-40f4-85c9-712e1c637b62@group-512D7B449058-LeaderStateImpl
2025-05-14 02:54:01,539 [e44b5a69-92f9-40f4-85c9-712e1c637b62-PipelineCommandHandlerThread-0] INFO  impl.PendingRequests (PendingRequests.java:sendNotLeaderResponses(287)) - e44b5a69-92f9-40f4-85c9-712e1c637b62@group-512D7B449058-PendingRequests: sendNotLeaderResponses
2025-05-14 02:54:01,541 [e44b5a69-92f9-40f4-85c9-712e1c637b62-PipelineCommandHandlerThread-0] INFO  impl.StateMachineUpdater (StateMachineUpdater.java:stopAndJoin(164)) - e44b5a69-92f9-40f4-85c9-712e1c637b62@group-512D7B449058-StateMachineUpdater: set stopIndex = 3
2025-05-14 02:54:01,541 [e44b5a69-92f9-40f4-85c9-712e1c637b62@group-512D7B449058-StateMachineUpdater] ERROR ratis.ContainerStateMachine (ContainerStateMachine.java:takeSnapshot(421)) - Failed to take snapshot  for group-512D7B449058 as the stateMachine is unhealthy. The last applied index is at (t:1, i:3)
2025-05-14 02:54:01,541 [e44b5a69-92f9-40f4-85c9-712e1c637b62@group-512D7B449058-StateMachineUpdater] ERROR impl.StateMachineUpdater (StateMachineUpdater.java:takeSnapshot(298)) - e44b5a69-92f9-40f4-85c9-712e1c637b62@group-512D7B449058-StateMachineUpdater: Failed to take snapshot
org.apache.ratis.protocol.exceptions.StateMachineException: Failed to take snapshot  for group-512D7B449058 as the stateMachine is unhealthy. The last applied index is at (t:1, i:3)
	at org.apache.hadoop.ozone.container.common.transport.server.ratis.ContainerStateMachine.takeSnapshot(ContainerStateMachine.java:420)
	at org.apache.ratis.server.impl.StateMachineUpdater.takeSnapshot(StateMachineUpdater.java:286)
	at org.apache.ratis.server.impl.StateMachineUpdater.checkAndTakeSnapshot(StateMachineUpdater.java:278)
	at org.apache.ratis.server.impl.StateMachineUpdater.run(StateMachineUpdater.java:194)
	at java.base/java.lang.Thread.run(Thread.java:1583)
2025-05-14 02:54:01,541 [e44b5a69-92f9-40f4-85c9-712e1c637b62@group-512D7B449058-StateMachineUpdater] ERROR ratis.ContainerStateMachine (ContainerStateMachine.java:takeSnapshot(421)) - Failed to take snapshot  for group-512D7B449058 as the stateMachine is unhealthy. The last applied index is at (t:1, i:3)
2025-05-14 02:54:01,541 [e44b5a69-92f9-40f4-85c9-712e1c637b62@group-512D7B449058-StateMachineUpdater] ERROR impl.StateMachineUpdater (StateMachineUpdater.java:takeSnapshot(298)) - e44b5a69-92f9-40f4-85c9-712e1c637b62@group-512D7B449058-StateMachineUpdater: Failed to take snapshot
org.apache.ratis.protocol.exceptions.StateMachineException: Failed to take snapshot  for group-512D7B449058 as the stateMachine is unhealthy. The last applied index is at (t:1, i:3)
	at org.apache.hadoop.ozone.container.common.transport.server.ratis.ContainerStateMachine.takeSnapshot(ContainerStateMachine.java:420)
	at org.apache.ratis.server.impl.StateMachineUpdater.takeSnapshot(StateMachineUpdater.java:286)
	at org.apache.ratis.server.impl.StateMachineUpdater.checkAndTakeSnapshot(StateMachineUpdater.java:278)
	at org.apache.ratis.server.impl.StateMachineUpdater.run(StateMachineUpdater.java:197)
	at java.base/java.lang.Thread.run(Thread.java:1583)
2025-05-14 02:54:01,542 [e44b5a69-92f9-40f4-85c9-712e1c637b62@group-512D7B449058-StateMachineUpdater] INFO  impl.StateMachineUpdater (StateMachineUpdater.java:stop(141)) - e44b5a69-92f9-40f4-85c9-712e1c637b62@group-512D7B449058-StateMachineUpdater: closing ContainerStateMachine, lastApplied=(t:1, i:3)
2025-05-14 02:54:01,542 [e44b5a69-92f9-40f4-85c9-712e1c637b62-PipelineCommandHandlerThread-0] INFO  segmented.SegmentedRaftLogWorker (SegmentedRaftLogWorker.java:close(252)) - e44b5a69-92f9-40f4-85c9-712e1c637b62@group-512D7B449058-SegmentedRaftLogWorker close()
2025-05-14 02:54:01,543 [e44b5a69-92f9-40f4-85c9-712e1c637b62-PipelineCommandHandlerThread-0] INFO  server.RaftServer$Division (RaftServerImpl.java:groupRemove(483)) - e44b5a69-92f9-40f4-85c9-712e1c637b62@group-512D7B449058: Succeed to remove RaftStorageDirectory Storage Directory /home/runner/work/ozone/ozone/hadoop-ozone/integration-test/target/test-dir/MiniOzoneClusterImpl-af940217-b311-440f-8e09-352fdf66236b/ozone-meta/datanode-5/ratis/b0e9ea18-5897-4179-a9c0-512d7b449058
2025-05-14 02:54:01,543 [e44b5a69-92f9-40f4-85c9-712e1c637b62-PipelineCommandHandlerThread-0] INFO  commandhandler.ClosePipelineCommandHandler (ClosePipelineCommandHandler.java:lambda$handle$2(142)) - Close Pipeline PipelineID=b0e9ea18-5897-4179-a9c0-512d7b449058 command on datanode e44b5a69-92f9-40f4-85c9-712e1c637b62(localhost/127.0.0.1).
2025-05-14 02:54:05,793 [timer0] ERROR impl.OrderedAsync (OrderedAsync.java:lambda$null$6(215)) -  client-47FF0357CBD5: Failed* RaftClientRequest:client-47FF0357CBD5->e44b5a69-92f9-40f4-85c9-712e1c637b62@group-512D7B449058, cid=144, seq=4*, RW, cmdType: WriteChunk
traceID: ""
containerID: 5
datanodeUuid: "e44b5a69-92f9-40f4-85c9-712e1c637b62"
writeChunk {
  blockID {
    containerID: 5
    localID: 115816896921600005
    blockCommitSequenceId: 2
    replicaIndex: 0
  }
  chunkData {
    chunkName: "115816896921600005_chunk_2"
    offset: 5
    len: 5
    checksumData {
      type: CRC32
      bytesPerChecksum: 16384
      checksums: "\350a\3440"
    }
  }
}
version: 3
, data.size=5
java.util.concurrent.CompletionException: org.apache.ratis.protocol.exceptions.AlreadyClosedException: client-47FF0357CBD5->e44b5a69-92f9-40f4-85c9-712e1c637b62 is closed.
	at java.base/java.util.concurrent.CompletableFuture.encodeThrowable(CompletableFuture.java:332)
	at java.base/java.util.concurrent.CompletableFuture.uniAcceptNow(CompletableFuture.java:747)
	at java.base/java.util.concurrent.CompletableFuture.uniAcceptStage(CompletableFuture.java:735)
	at java.base/java.util.concurrent.CompletableFuture.thenAccept(CompletableFuture.java:2214)
	at org.apache.ratis.client.impl.OrderedAsync.sendRequestWithRetry(OrderedAsync.java:206)
	at org.apache.ratis.util.SlidingWindow$Client.sendOrDelayRequest(SlidingWindow.java:315)
	at org.apache.ratis.util.SlidingWindow$Client.retry(SlidingWindow.java:331)
	at org.apache.ratis.client.impl.OrderedAsync.lambda$handleException$8(OrderedAsync.java:253)
	at org.apache.ratis.util.TimeoutTimer.lambda$onTimeout$2(TimeoutTimer.java:101)
	at org.apache.ratis.util.LogUtils.runAndLog(LogUtils.java:38)
	at org.apache.ratis.util.LogUtils$1.run(LogUtils.java:78)
	at org.apache.ratis.util.TimeoutTimer$Task.run(TimeoutTimer.java:55)
	at java.base/java.util.TimerThread.mainLoop(Timer.java:566)
	at java.base/java.util.TimerThread.run(Timer.java:516)
Caused by: org.apache.ratis.protocol.exceptions.AlreadyClosedException: client-47FF0357CBD5->e44b5a69-92f9-40f4-85c9-712e1c637b62 is closed.
	at org.apache.ratis.grpc.client.GrpcClientProtocolClient$AsyncStreamObservers.onNext(GrpcClientProtocolClient.java:352)
	at org.apache.ratis.grpc.client.GrpcClientRpc.sendRequestAsync(GrpcClientRpc.java:71)
	... 10 more
2025-05-14 02:54:12,654 [grpc-default-executor-2] ERROR impl.OrderedAsync (OrderedAsync.java:lambda$null$6(215)) -  client-47FF0357CBD5: Failed* RaftClientRequest:client-47FF0357CBD5->e44b5a69-92f9-40f4-85c9-712e1c637b62@group-512D7B449058, cid=144, seq=4*, RW, cmdType: WriteChunk
traceID: ""
containerID: 5
datanodeUuid: "e44b5a69-92f9-40f4-85c9-712e1c637b62"
writeChunk {
  blockID {
    containerID: 5
    localID: 115816896921600005
    blockCommitSequenceId: 2
    replicaIndex: 0
  }
  chunkData {
    chunkName: "115816896921600005_chunk_2"
    offset: 5
    len: 5
    checksumData {
      type: CRC32
      bytesPerChecksum: 16384
      checksums: "\350a\3440"
    }
  }
}
version: 3
, data.size=5
java.util.concurrent.CompletionException: org.apache.ratis.protocol.exceptions.GroupMismatchException: e44b5a69-92f9-40f4-85c9-712e1c637b62: group-512D7B449058 not found.
	at java.base/java.util.concurrent.CompletableFuture.encodeThrowable(CompletableFuture.java:332)
	at java.base/java.util.concurrent.CompletableFuture.completeThrowable(CompletableFuture.java:347)
	at java.base/java.util.concurrent.CompletableFuture$UniAccept.tryFire(CompletableFuture.java:708)
	at java.base/java.util.concurrent.CompletableFuture.postComplete(CompletableFuture.java:510)
	at java.base/java.util.concurrent.CompletableFuture.completeExceptionally(CompletableFuture.java:2194)
	at org.apache.ratis.grpc.client.GrpcClientProtocolClient$AsyncStreamObservers.completeReplyExceptionally(GrpcClientProtocolClient.java:397)
	at org.apache.ratis.grpc.client.GrpcClientProtocolClient$AsyncStreamObservers.access$000(GrpcClientProtocolClient.java:303)
	at org.apache.ratis.grpc.client.GrpcClientProtocolClient$AsyncStreamObservers$1.onError(GrpcClientProtocolClient.java:334)
	at org.apache.ratis.thirdparty.io.grpc.stub.ClientCalls$StreamObserverToCallListenerAdapter.onClose(ClientCalls.java:481)
	at org.apache.ratis.thirdparty.io.grpc.PartialForwardingClientCallListener.onClose(PartialForwardingClientCallListener.java:39)
	at org.apache.ratis.thirdparty.io.grpc.ForwardingClientCallListener.onClose(ForwardingClientCallListener.java:23)
	at org.apache.ratis.grpc.metrics.intercept.client.MetricClientCallListener.onClose(MetricClientCallListener.java:47)
	at org.apache.ratis.thirdparty.io.grpc.internal.ClientCallImpl.closeObserver(ClientCallImpl.java:567)
	at org.apache.ratis.thirdparty.io.grpc.internal.ClientCallImpl.access$300(ClientCallImpl.java:71)
	at org.apache.ratis.thirdparty.io.grpc.internal.ClientCallImpl$ClientStreamListenerImpl$1StreamClosed.runInternal(ClientCallImpl.java:735)
	at org.apache.ratis.thirdparty.io.grpc.internal.ClientCallImpl$ClientStreamListenerImpl$1StreamClosed.runInContext(ClientCallImpl.java:716)
	at org.apache.ratis.thirdparty.io.grpc.internal.ContextRunnable.run(ContextRunnable.java:37)
	at org.apache.ratis.thirdparty.io.grpc.internal.SerializingExecutor.run(SerializingExecutor.java:133)
	at java.base/java.util.concurrent.ThreadPoolExecutor.runWorker(ThreadPoolExecutor.java:1144)
	at java.base/java.util.concurrent.ThreadPoolExecutor$Worker.run(ThreadPoolExecutor.java:642)
	at java.base/java.lang.Thread.run(Thread.java:1583)
Caused by: org.apache.ratis.protocol.exceptions.GroupMismatchException: e44b5a69-92f9-40f4-85c9-712e1c637b62: group-512D7B449058 not found.
	at org.apache.ratis.server.impl.RaftServerProxy$ImplMap.get(RaftServerProxy.java:155)
	at org.apache.ratis.server.impl.RaftServerProxy.getImplFuture(RaftServerProxy.java:365)
	at org.apache.ratis.server.impl.RaftServerProxy.submitClientRequestAsync(RaftServerProxy.java:449)
	at org.apache.ratis.grpc.server.GrpcClientProtocolService$RequestStreamObserver.processClientRequest(GrpcClientProtocolService.java:226)
	at org.apache.ratis.grpc.server.GrpcClientProtocolService$OrderedRequestStreamObserver.processClientRequest(GrpcClientProtocolService.java:332)
	at org.apache.ratis.util.SlidingWindow$Server.processRequestsFromHead(SlidingWindow.java:467)
	at org.apache.ratis.util.SlidingWindow$Server.receivedRequest(SlidingWindow.java:459)
	at org.apache.ratis.grpc.server.GrpcClientProtocolService$OrderedRequestStreamObserver.processClientRequest(GrpcClientProtocolService.java:356)
	at org.apache.ratis.grpc.server.GrpcClientProtocolService$RequestStreamObserver.onNext(GrpcClientProtocolService.java:246)
	at org.apache.ratis.grpc.server.GrpcClientProtocolService$RequestStreamObserver.onNext(GrpcClientProtocolService.java:169)
	at org.apache.ratis.thirdparty.io.grpc.stub.ServerCalls$StreamingServerCallHandler$StreamingServerCallListener.onMessage(ServerCalls.java:262)
	at org.apache.ratis.thirdparty.io.grpc.internal.ServerCallImpl$ServerStreamListenerImpl.messagesAvailableInternal(ServerCallImpl.java:329)
	at org.apache.ratis.thirdparty.io.grpc.internal.ServerCallImpl$ServerStreamListenerImpl.messagesAvailable(ServerCallImpl.java:314)
	at org.apache.ratis.thirdparty.io.grpc.internal.ServerImpl$JumpToApplicationThreadServerStreamListener$1MessagesAvailable.runInContext(ServerImpl.java:833)
	... 5 more
2025-05-14 02:54:12,656 [grpc-default-executor-2] ERROR impl.OrderedAsync (OrderedAsync.java:lambda$send$4(181)) - Failed to send request, message=cmdType: WriteChunk
traceID: ""
containerID: 5
datanodeUuid: "e44b5a69-92f9-40f4-85c9-712e1c637b62"
writeChunk {
  blockID {
    containerID: 5
    localID: 115816896921600005
    blockCommitSequenceId: 2
    replicaIndex: 0
  }
  chunkData {
    chunkName: "115816896921600005_chunk_2"
    offset: 5
    len: 5
    checksumData {
      type: CRC32
      bytesPerChecksum: 16384
      checksums: "\350a\3440"
    }
  }
}
version: 3
, data.size=5
java.util.concurrent.CompletionException: org.apache.ratis.protocol.exceptions.GroupMismatchException: e44b5a69-92f9-40f4-85c9-712e1c637b62: group-512D7B449058 not found.
	at java.base/java.util.concurrent.CompletableFuture.encodeThrowable(CompletableFuture.java:332)
	at java.base/java.util.concurrent.CompletableFuture.completeThrowable(CompletableFuture.java:347)
	at java.base/java.util.concurrent.CompletableFuture$UniApply.tryFire(CompletableFuture.java:636)
	at java.base/java.util.concurrent.CompletableFuture.postComplete(CompletableFuture.java:510)
	at java.base/java.util.concurrent.CompletableFuture.completeExceptionally(CompletableFuture.java:2194)
	at org.apache.ratis.client.impl.OrderedAsync$PendingOrderedRequest.fail(OrderedAsync.java:111)
	at org.apache.ratis.util.SlidingWindow$Client.fail(SlidingWindow.java:395)
	at org.apache.ratis.client.impl.OrderedAsync.failAllAsyncRequests(OrderedAsync.java:155)
	at org.apache.ratis.client.impl.OrderedAsync.handleException(OrderedAsync.java:232)
	at org.apache.ratis.client.impl.OrderedAsync.lambda$sendRequestWithRetry$7(OrderedAsync.java:217)
	at java.base/java.util.concurrent.CompletableFuture.uniExceptionally(CompletableFuture.java:990)
	at java.base/java.util.concurrent.CompletableFuture$UniExceptionally.tryFire(CompletableFuture.java:974)
	at java.base/java.util.concurrent.CompletableFuture.postComplete(CompletableFuture.java:510)
	at java.base/java.util.concurrent.CompletableFuture.completeExceptionally(CompletableFuture.java:2194)
	at org.apache.ratis.grpc.client.GrpcClientProtocolClient$AsyncStreamObservers.completeReplyExceptionally(GrpcClientProtocolClient.java:397)
	at org.apache.ratis.grpc.client.GrpcClientProtocolClient$AsyncStreamObservers.access$000(GrpcClientProtocolClient.java:303)
	at org.apache.ratis.grpc.client.GrpcClientProtocolClient$AsyncStreamObservers$1.onError(GrpcClientProtocolClient.java:334)
	at org.apache.ratis.thirdparty.io.grpc.stub.ClientCalls$StreamObserverToCallListenerAdapter.onClose(ClientCalls.java:481)
	at org.apache.ratis.thirdparty.io.grpc.PartialForwardingClientCallListener.onClose(PartialForwardingClientCallListener.java:39)
	at org.apache.ratis.thirdparty.io.grpc.ForwardingClientCallListener.onClose(ForwardingClientCallListener.java:23)
	at org.apache.ratis.grpc.metrics.intercept.client.MetricClientCallListener.onClose(MetricClientCallListener.java:47)
	at org.apache.ratis.thirdparty.io.grpc.internal.ClientCallImpl.closeObserver(ClientCallImpl.java:567)
	at org.apache.ratis.thirdparty.io.grpc.internal.ClientCallImpl.access$300(ClientCallImpl.java:71)
	at org.apache.ratis.thirdparty.io.grpc.internal.ClientCallImpl$ClientStreamListenerImpl$1StreamClosed.runInternal(ClientCallImpl.java:735)
	at org.apache.ratis.thirdparty.io.grpc.internal.ClientCallImpl$ClientStreamListenerImpl$1StreamClosed.runInContext(ClientCallImpl.java:716)
	at org.apache.ratis.thirdparty.io.grpc.internal.ContextRunnable.run(ContextRunnable.java:37)
	at org.apache.ratis.thirdparty.io.grpc.internal.SerializingExecutor.run(SerializingExecutor.java:133)
	at java.base/java.util.concurrent.ThreadPoolExecutor.runWorker(ThreadPoolExecutor.java:1144)
	at java.base/java.util.concurrent.ThreadPoolExecutor$Worker.run(ThreadPoolExecutor.java:642)
	at java.base/java.lang.Thread.run(Thread.java:1583)
Caused by: org.apache.ratis.protocol.exceptions.GroupMismatchException: e44b5a69-92f9-40f4-85c9-712e1c637b62: group-512D7B449058 not found.
	at org.apache.ratis.server.impl.RaftServerProxy$ImplMap.get(RaftServerProxy.java:155)
	at org.apache.ratis.server.impl.RaftServerProxy.getImplFuture(RaftServerProxy.java:365)
	at org.apache.ratis.server.impl.RaftServerProxy.submitClientRequestAsync(RaftServerProxy.java:449)
	at org.apache.ratis.grpc.server.GrpcClientProtocolService$RequestStreamObserver.processClientRequest(GrpcClientProtocolService.java:226)
	at org.apache.ratis.grpc.server.GrpcClientProtocolService$OrderedRequestStreamObserver.processClientRequest(GrpcClientProtocolService.java:332)
	at org.apache.ratis.util.SlidingWindow$Server.processRequestsFromHead(SlidingWindow.java:467)
	at org.apache.ratis.util.SlidingWindow$Server.receivedRequest(SlidingWindow.java:459)
	at org.apache.ratis.grpc.server.GrpcClientProtocolService$OrderedRequestStreamObserver.processClientRequest(GrpcClientProtocolService.java:356)
	at org.apache.ratis.grpc.server.GrpcClientProtocolService$RequestStreamObserver.onNext(GrpcClientProtocolService.java:246)
	at org.apache.ratis.grpc.server.GrpcClientProtocolService$RequestStreamObserver.onNext(GrpcClientProtocolService.java:169)
	at org.apache.ratis.thirdparty.io.grpc.stub.ServerCalls$StreamingServerCallHandler$StreamingServerCallListener.onMessage(ServerCalls.java:262)
	at org.apache.ratis.thirdparty.io.grpc.internal.ServerCallImpl$ServerStreamListenerImpl.messagesAvailableInternal(ServerCallImpl.java:329)
	at org.apache.ratis.thirdparty.io.grpc.internal.ServerCallImpl$ServerStreamListenerImpl.messagesAvailable(ServerCallImpl.java:314)
	at org.apache.ratis.thirdparty.io.grpc.internal.ServerImpl$JumpToApplicationThreadServerStreamListener$1MessagesAvailable.runInContext(ServerImpl.java:833)
	... 5 more
2025-05-14 02:54:12,657 [grpc-default-executor-2] ERROR impl.OrderedAsync (OrderedAsync.java:lambda$send$4(179)) - Failed to send request, message=cmdType: PutBlock
traceID: ""
containerID: 5
datanodeUuid: "e44b5a69-92f9-40f4-85c9-712e1c637b62"
putBlock {
  blockData {
    blockID {
      containerID: 5
      localID: 115816896921600005
      blockCommitSequenceId: 0
    }
    metadata {
      key: "TYPE"
      value: "KEY"
    }
    chunks {
      chunkName: "115816896921600005_chunk_1"
      offset: 0
      len: 5
      checksumData {
        type: CRC32
        bytesPerChecksum: 16384
        checksums: "\350a\3440"
      }
    }
    chunks {
      chunkName: "115816896921600005_chunk_2"
      offset: 5
      len: 5
      checksumData {
        type: CRC32
        bytesPerChecksum: 16384
        checksums: "\350a\3440"
      }
    }
  }
  eof: true
}
version: 3
, data.size=0 due to java.util.concurrent.CompletionException: org.apache.ratis.protocol.exceptions.AlreadyClosedException: SlidingWindow$Client:client-47FF0357CBD5->RAFT is closed.
2025-05-14 02:54:12,657 [main] WARN  io.KeyOutputStream (KeyOutputStream.java:handleExceptionInternal(377)) - Encountered exception java.io.IOException: Unexpected Storage Container Exception: java.util.concurrent.CompletionException: Failed to write chunk 115816896921600005_chunk_2 into block conID: 5 locID: 115816896921600005 bcsId: 2 replicaIndex: null on the pipeline Pipeline{ Id: b0e9ea18-5897-4179-a9c0-512d7b449058, Nodes: [ {e44b5a69-92f9-40f4-85c9-712e1c637b62(localhost/127.0.0.1), ReplicaIndex: 0},], ReplicationConfig: RATIS/ONE, State:OPEN, leaderId:e44b5a69-92f9-40f4-85c9-712e1c637b62, CreationTimestamp2025-05-14T02:53:36.443Z[Etc/UTC]}. The last committed block length is 5, uncommitted data length is 5 retry count 0
2025-05-14 02:54:12,686 [f8181075-ae63-407a-b17c-78185f7d70dd@group-4B591AE0C988-StateMachineUpdater] INFO  ratis.ContainerStateMachine (ContainerStateMachine.java:takeSnapshot(427)) - group-4B591AE0C988: Taking a snapshot at:(t:1, i:91) file /home/runner/work/ozone/ozone/hadoop-ozone/integration-test/target/test-dir/MiniOzoneClusterImpl-af940217-b311-440f-8e09-352fdf66236b/ozone-meta/datanode-1/ratis/c28f6734-6a6e-4997-be64-4b591ae0c988/sm/snapshot.1_91
2025-05-14 02:54:12,687 [main] INFO  io.BlockOutputStreamEntry (BlockOutputStreamEntry.java:writeOnRetry(192)) - BlockOutputStreamEntry:ratis conID: 6 locID: 115816896921600006 bcsId: 0 replicaIndex: null: Finish retrying with len 5, currentPosition 5
2025-05-14 02:54:12,687 [main] INFO  io.BlockOutputStreamEntry (BlockOutputStreamEntry.java:finishRetryHandling(141)) - BlockOutputStreamEntry:ratis conID: 6 locID: 115816896921600006 bcsId: 0 replicaIndex: null: Exiting retry handling mode
2025-05-14 02:54:12,688 [f8181075-ae63-407a-b17c-78185f7d70dd@group-4B591AE0C988-StateMachineUpdater] INFO  ratis.ContainerStateMachine (ContainerStateMachine.java:takeSnapshot(436)) - group-4B591AE0C988: Finished taking a snapshot at:(t:1, i:91) file:/home/runner/work/ozone/ozone/hadoop-ozone/integration-test/target/test-dir/MiniOzoneClusterImpl-af940217-b311-440f-8e09-352fdf66236b/ozone-meta/datanode-1/ratis/c28f6734-6a6e-4997-be64-4b591ae0c988/sm/snapshot.1_91 took: 2 ms
2025-05-14 02:54:12,688 [f8181075-ae63-407a-b17c-78185f7d70dd@group-4B591AE0C988-StateMachineUpdater] INFO  impl.SimpleStateMachineStorage (SimpleStateMachineStorage.java:lambda$cleanupOldSnapshots$1(126)) - Deleting old snapshot at /home/runner/work/ozone/ozone/hadoop-ozone/integration-test/target/test-dir/MiniOzoneClusterImpl-af940217-b311-440f-8e09-352fdf66236b/ozone-meta/datanode-1/ratis/c28f6734-6a6e-4997-be64-4b591ae0c988/sm/snapshot.1_65
2025-05-14 02:54:12,689 [f8181075-ae63-407a-b17c-78185f7d70dd@group-4B591AE0C988-StateMachineUpdater] INFO  impl.StateMachineUpdater (StateMachineUpdater.java:takeSnapshot(303)) - f8181075-ae63-407a-b17c-78185f7d70dd@group-4B591AE0C988-StateMachineUpdater: Took a snapshot at index 91
2025-05-14 02:54:12,689 [f8181075-ae63-407a-b17c-78185f7d70dd@group-4B591AE0C988-StateMachineUpdater] INFO  impl.StateMachineUpdater (StateMachineUpdater.java:lambda$new$0(102)) - f8181075-ae63-407a-b17c-78185f7d70dd@group-4B591AE0C988-StateMachineUpdater: snapshotIndex: updateIncreasingly 85 -> 91
2025-05-14 02:54:12,689 [f8181075-ae63-407a-b17c-78185f7d70dd@group-4B591AE0C988-StateMachineUpdater] INFO  ratis.ContainerStateMachine (ContainerStateMachine.java:takeSnapshot(427)) - group-4B591AE0C988: Taking a snapshot at:(t:1, i:92) file /home/runner/work/ozone/ozone/hadoop-ozone/integration-test/target/test-dir/MiniOzoneClusterImpl-af940217-b311-440f-8e09-352fdf66236b/ozone-meta/datanode-1/ratis/c28f6734-6a6e-4997-be64-4b591ae0c988/sm/snapshot.1_92
2025-05-14 02:54:12,690 [f8181075-ae63-407a-b17c-78185f7d70dd@group-4B591AE0C988-StateMachineUpdater] INFO  ratis.ContainerStateMachine (ContainerStateMachine.java:takeSnapshot(436)) - group-4B591AE0C988: Finished taking a snapshot at:(t:1, i:92) file:/home/runner/work/ozone/ozone/hadoop-ozone/integration-test/target/test-dir/MiniOzoneClusterImpl-af940217-b311-440f-8e09-352fdf66236b/ozone-meta/datanode-1/ratis/c28f6734-6a6e-4997-be64-4b591ae0c988/sm/snapshot.1_92 took: 1 ms
2025-05-14 02:54:12,690 [f8181075-ae63-407a-b17c-78185f7d70dd@group-4B591AE0C988-StateMachineUpdater] INFO  impl.SimpleStateMachineStorage (SimpleStateMachineStorage.java:lambda$cleanupOldSnapshots$1(126)) - Deleting old snapshot at /home/runner/work/ozone/ozone/hadoop-ozone/integration-test/target/test-dir/MiniOzoneClusterImpl-af940217-b311-440f-8e09-352fdf66236b/ozone-meta/datanode-1/ratis/c28f6734-6a6e-4997-be64-4b591ae0c988/sm/snapshot.1_68
2025-05-14 02:54:12,690 [f8181075-ae63-407a-b17c-78185f7d70dd@group-4B591AE0C988-StateMachineUpdater] INFO  impl.StateMachineUpdater (StateMachineUpdater.java:takeSnapshot(303)) - f8181075-ae63-407a-b17c-78185f7d70dd@group-4B591AE0C988-StateMachineUpdater: Took a snapshot at index 92
2025-05-14 02:54:12,690 [f8181075-ae63-407a-b17c-78185f7d70dd@group-4B591AE0C988-StateMachineUpdater] INFO  impl.StateMachineUpdater (StateMachineUpdater.java:lambda$new$0(102)) - f8181075-ae63-407a-b17c-78185f7d70dd@group-4B591AE0C988-StateMachineUpdater: snapshotIndex: updateIncreasingly 91 -> 92
2025-05-14 02:54:12,699 [main] INFO  ozoneimpl.OzoneContainer (OzoneContainer.java:stop(536)) - Attempting to stop container services.
2025-05-14 02:54:12,700 [ContainerMetadataScanner] WARN  ozoneimpl.AbstractBackgroundContainerScanner (AbstractBackgroundContainerScanner.java:handleRemainingSleep(136)) - Background container scan was interrupted.
2025-05-14 02:54:12,700 [ContainerMetadataScanner] INFO  ozoneimpl.AbstractBackgroundContainerScanner (AbstractBackgroundContainerScanner.java:run(63)) - org.apache.hadoop.ozone.container.ozoneimpl.BackgroundContainerMetadataScanner@2b549032 exiting.
2025-05-14 02:54:12,700 [main] INFO  ozoneimpl.BackgroundContainerDataScanner (BackgroundContainerDataScanner.java:shutdown(141)) - ContainerDataScanner(/home/runner/work/ozone/ozone/hadoop-ozone/integration-test/target/test-dir/MiniOzoneClusterImpl-af940217-b311-440f-8e09-352fdf66236b/ozone-meta/datanode-5/data-0/hdds) is shutting down. 
2025-05-14 02:54:12,700 [ContainerDataScanner(/home/runner/work/ozone/ozone/hadoop-ozone/integration-test/target/test-dir/MiniOzoneClusterImpl-af940217-b311-440f-8e09-352fdf66236b/ozone-meta/datanode-5/data-0/hdds)] WARN  ozoneimpl.AbstractBackgroundContainerScanner (AbstractBackgroundContainerScanner.java:handleRemainingSleep(136)) - Background container scan was interrupted.
2025-05-14 02:54:12,700 [ContainerDataScanner(/home/runner/work/ozone/ozone/hadoop-ozone/integration-test/target/test-dir/MiniOzoneClusterImpl-af940217-b311-440f-8e09-352fdf66236b/ozone-meta/datanode-5/data-0/hdds)] INFO  ozoneimpl.AbstractBackgroundContainerScanner (AbstractBackgroundContainerScanner.java:run(63)) - ContainerDataScanner(/home/runner/work/ozone/ozone/hadoop-ozone/integration-test/target/test-dir/MiniOzoneClusterImpl-af940217-b311-440f-8e09-352fdf66236b/ozone-meta/datanode-5/data-0/hdds, DS-b55f785c-ea49-400a-b6dd-332e41d8f50e) exiting.
2025-05-14 02:54:12,700 [main] INFO  ozoneimpl.OnDemandContainerDataScanner (OnDemandContainerDataScanner.java:shutdownScanner(208)) - On-demand container scanner is shutting down.
2025-05-14 02:54:12,705 [main] INFO  ratis.XceiverServerRatis (XceiverServerRatis.java:stop(594)) - Closing XceiverServerRatis(e44b5a69-92f9-40f4-85c9-712e1c637b62)
2025-05-14 02:54:12,705 [main] INFO  server.RaftServer (RaftServerProxy.java:lambda$close$9(417)) - e44b5a69-92f9-40f4-85c9-712e1c637b62: close
2025-05-14 02:54:12,705 [main] INFO  server.GrpcService (GrpcService.java:closeImpl(343)) - e44b5a69-92f9-40f4-85c9-712e1c637b62: shutdown server org.apache.ratis.grpc.server.GrpcClientProtocolService now
2025-05-14 02:54:12,705 [e44b5a69-92f9-40f4-85c9-712e1c637b62-impl-thread1] INFO  server.RaftServer$Division (RaftServerImpl.java:lambda$close$1(513)) - e44b5a69-92f9-40f4-85c9-712e1c637b62@group-90B7BBECBC71: shutdown
2025-05-14 02:54:12,705 [e44b5a69-92f9-40f4-85c9-712e1c637b62-impl-thread1] INFO  util.JmxRegister (JmxRegister.java:unregister(74)) - Successfully un-registered JMX Bean with object name Ratis:service=RaftServer,group=group-90B7BBECBC71,id=e44b5a69-92f9-40f4-85c9-712e1c637b62
2025-05-14 02:54:12,705 [e44b5a69-92f9-40f4-85c9-712e1c637b62-impl-thread1] INFO  impl.RoleInfo (RoleInfo.java:shutdownLeaderState(103)) - e44b5a69-92f9-40f4-85c9-712e1c637b62: shutdown e44b5a69-92f9-40f4-85c9-712e1c637b62@group-90B7BBECBC71-LeaderStateImpl
2025-05-14 02:54:12,706 [Thread-1158] INFO  server.GrpcServerProtocolClient (GrpcServerProtocolClient.java:close(105)) - d4e44fd7-0e23-4e4f-bc30-0c7965de497d Close channels
2025-05-14 02:54:12,706 [e44b5a69-92f9-40f4-85c9-712e1c637b62-impl-thread1] INFO  impl.PendingRequests (PendingRequests.java:sendNotLeaderResponses(287)) - e44b5a69-92f9-40f4-85c9-712e1c637b62@group-90B7BBECBC71-PendingRequests: sendNotLeaderResponses
2025-05-14 02:54:12,707 [e44b5a69-92f9-40f4-85c9-712e1c637b62@group-90B7BBECBC71->c77e66e9-1cca-4fd3-bc5b-4ea2dbc3232f-GrpcLogAppender-LogAppenderDaemon] WARN  server.GrpcLogAppender (GrpcLogAppender.java:mayWait(293)) - e44b5a69-92f9-40f4-85c9-712e1c637b62@group-90B7BBECBC71->c77e66e9-1cca-4fd3-bc5b-4ea2dbc3232f-GrpcLogAppender: Wait interrupted by java.lang.InterruptedException
2025-05-14 02:54:12,707 [Thread-1160] INFO  server.GrpcServerProtocolClient (GrpcServerProtocolClient.java:close(105)) - c77e66e9-1cca-4fd3-bc5b-4ea2dbc3232f Close channels
2025-05-14 02:54:12,707 [e44b5a69-92f9-40f4-85c9-712e1c637b62@group-90B7BBECBC71->d4e44fd7-0e23-4e4f-bc30-0c7965de497d-GrpcLogAppender-LogAppenderDaemon] WARN  server.GrpcLogAppender (GrpcLogAppender.java:mayWait(293)) - e44b5a69-92f9-40f4-85c9-712e1c637b62@group-90B7BBECBC71->d4e44fd7-0e23-4e4f-bc30-0c7965de497d-GrpcLogAppender: Wait interrupted by java.lang.InterruptedException
2025-05-14 02:54:12,708 [e44b5a69-92f9-40f4-85c9-712e1c637b62-impl-thread1] INFO  impl.StateMachineUpdater (StateMachineUpdater.java:stopAndJoin(164)) - e44b5a69-92f9-40f4-85c9-712e1c637b62@group-90B7BBECBC71-StateMachineUpdater: set stopIndex = 10
2025-05-14 02:54:12,708 [e44b5a69-92f9-40f4-85c9-712e1c637b62@group-90B7BBECBC71-StateMachineUpdater] INFO  impl.StateMachineUpdater (StateMachineUpdater.java:stop(141)) - e44b5a69-92f9-40f4-85c9-712e1c637b62@group-90B7BBECBC71-StateMachineUpdater: closing ContainerStateMachine, lastApplied=(t:1, i:10)
2025-05-14 02:54:12,709 [e44b5a69-92f9-40f4-85c9-712e1c637b62@group-90B7BBECBC71-cacheEviction-AwaitToRun] INFO  util.AwaitToRun (AwaitToRun.java:run(49)) - e44b5a69-92f9-40f4-85c9-712e1c637b62@group-90B7BBECBC71-cacheEviction-AwaitToRun-AwaitForSignal is interrupted
2025-05-14 02:54:12,709 [grpc-default-executor-2] WARN  server.GrpcClientProtocolService (LogUtils.java:warn(121)) - 1-OrderedRequestStreamObserver1: onError: org.apache.ratis.thirdparty.io.grpc.StatusRuntimeException: CANCELLED: client cancelled
2025-05-14 02:54:12,710 [grpc-default-executor-3] WARN  server.GrpcClientProtocolService (LogUtils.java:warn(121)) - 2-UnorderedRequestStreamObserver2: onError: org.apache.ratis.thirdparty.io.grpc.StatusRuntimeException: CANCELLED: client cancelled
2025-05-14 02:54:12,711 [grpc-default-executor-0] INFO  server.GrpcServerProtocolService (GrpcServerProtocolService.java:onCompleted(157)) - c77e66e9-1cca-4fd3-bc5b-4ea2dbc3232f: Completed APPEND_ENTRIES, lastRequest: e44b5a69-92f9-40f4-85c9-712e1c637b62->c77e66e9-1cca-4fd3-bc5b-4ea2dbc3232f#29-t1,previous=(t:1, i:9),leaderCommit=9,initializing? false,entries: size=1, first=(t:1, i:10), METADATAENTRY(c:9)
2025-05-14 02:54:12,711 [grpc-default-executor-5] INFO  server.GrpcServerProtocolService (GrpcServerProtocolService.java:onCompleted(157)) - d4e44fd7-0e23-4e4f-bc30-0c7965de497d: Completed APPEND_ENTRIES, lastRequest: e44b5a69-92f9-40f4-85c9-712e1c637b62->d4e44fd7-0e23-4e4f-bc30-0c7965de497d#29-t1,previous=(t:1, i:9),leaderCommit=9,initializing? false,entries: size=1, first=(t:1, i:10), METADATAENTRY(c:9)
2025-05-14 02:54:12,711 [grpc-default-executor-2] INFO  server.GrpcServerProtocolService (GrpcServerProtocolService.java:onCompleted(157)) - d4e44fd7-0e23-4e4f-bc30-0c7965de497d: Completed APPEND_ENTRIES, lastRequest: null
2025-05-14 02:54:12,711 [grpc-default-executor-1] INFO  server.GrpcServerProtocolService (GrpcServerProtocolService.java:onCompleted(157)) - c77e66e9-1cca-4fd3-bc5b-4ea2dbc3232f: Completed APPEND_ENTRIES, lastRequest: null
2025-05-14 02:54:12,711 [grpc-default-executor-0] INFO  server.GrpcServerProtocolService (GrpcServerProtocolService.java:lambda$onCompleted$5(159)) - c77e66e9-1cca-4fd3-bc5b-4ea2dbc3232f: Completed APPEND_ENTRIES, lastReply: null
2025-05-14 02:54:12,712 [grpc-default-executor-0] INFO  server.GrpcLogAppender (GrpcLogAppender.java:onCompleted(550)) - e44b5a69-92f9-40f4-85c9-712e1c637b62@group-90B7BBECBC71->c77e66e9-1cca-4fd3-bc5b-4ea2dbc3232f-AppendLogResponseHandler: follower responses appendEntries COMPLETED
2025-05-14 02:54:12,712 [grpc-default-executor-0] WARN  server.GrpcLogAppender (GrpcLogAppender.java:resetClient(230)) - e44b5a69-92f9-40f4-85c9-712e1c637b62@group-90B7BBECBC71->c77e66e9-1cca-4fd3-bc5b-4ea2dbc3232f-GrpcLogAppender: Failed to getClient for c77e66e9-1cca-4fd3-bc5b-4ea2dbc3232f
org.apache.ratis.protocol.exceptions.AlreadyClosedException: e44b5a69-92f9-40f4-85c9-712e1c637b62 is already CLOSED
	at org.apache.ratis.util.PeerProxyMap$PeerAndProxy.getProxy(PeerProxyMap.java:67)
	at org.apache.ratis.util.PeerProxyMap.getProxy(PeerProxyMap.java:124)
	at org.apache.ratis.grpc.server.GrpcLogAppender.getClient(GrpcLogAppender.java:200)
	at org.apache.ratis.grpc.server.GrpcLogAppender.resetClient(GrpcLogAppender.java:205)
	at org.apache.ratis.grpc.server.GrpcLogAppender.access$800(GrpcLogAppender.java:64)
	at org.apache.ratis.grpc.server.GrpcLogAppender$AppendLogResponseHandler.onCompleted(GrpcLogAppender.java:551)
	at org.apache.ratis.thirdparty.io.grpc.stub.ClientCalls$StreamObserverToCallListenerAdapter.onClose(ClientCalls.java:479)
	at org.apache.ratis.thirdparty.io.grpc.internal.ClientCallImpl.closeObserver(ClientCallImpl.java:567)
	at org.apache.ratis.thirdparty.io.grpc.internal.ClientCallImpl.access$300(ClientCallImpl.java:71)
	at org.apache.ratis.thirdparty.io.grpc.internal.ClientCallImpl$ClientStreamListenerImpl$1StreamClosed.runInternal(ClientCallImpl.java:735)
	at org.apache.ratis.thirdparty.io.grpc.internal.ClientCallImpl$ClientStreamListenerImpl$1StreamClosed.runInContext(ClientCallImpl.java:716)
	at org.apache.ratis.thirdparty.io.grpc.internal.ContextRunnable.run(ContextRunnable.java:37)
	at org.apache.ratis.thirdparty.io.grpc.internal.SerializingExecutor.run(SerializingExecutor.java:133)
	at java.base/java.util.concurrent.ThreadPoolExecutor.runWorker(ThreadPoolExecutor.java:1144)
	at java.base/java.util.concurrent.ThreadPoolExecutor$Worker.run(ThreadPoolExecutor.java:642)
	at java.base/java.lang.Thread.run(Thread.java:1583)
2025-05-14 02:54:12,713 [grpc-default-executor-5] INFO  server.GrpcServerProtocolService (GrpcServerProtocolService.java:lambda$onCompleted$5(159)) - d4e44fd7-0e23-4e4f-bc30-0c7965de497d: Completed APPEND_ENTRIES, lastReply: null
2025-05-14 02:54:12,713 [grpc-default-executor-0] INFO  server.GrpcLogAppender (GrpcLogAppender.java:onCompleted(550)) - e44b5a69-92f9-40f4-85c9-712e1c637b62@group-90B7BBECBC71->d4e44fd7-0e23-4e4f-bc30-0c7965de497d-AppendLogResponseHandler: follower responses appendEntries COMPLETED
2025-05-14 02:54:12,713 [grpc-default-executor-0] WARN  server.GrpcLogAppender (GrpcLogAppender.java:resetClient(230)) - e44b5a69-92f9-40f4-85c9-712e1c637b62@group-90B7BBECBC71->d4e44fd7-0e23-4e4f-bc30-0c7965de497d-GrpcLogAppender: Failed to getClient for d4e44fd7-0e23-4e4f-bc30-0c7965de497d
org.apache.ratis.protocol.exceptions.AlreadyClosedException: e44b5a69-92f9-40f4-85c9-712e1c637b62 is already CLOSED
	at org.apache.ratis.util.PeerProxyMap$PeerAndProxy.getProxy(PeerProxyMap.java:67)
	at org.apache.ratis.util.PeerProxyMap.getProxy(PeerProxyMap.java:124)
	at org.apache.ratis.grpc.server.GrpcLogAppender.getClient(GrpcLogAppender.java:200)
	at org.apache.ratis.grpc.server.GrpcLogAppender.resetClient(GrpcLogAppender.java:205)
	at org.apache.ratis.grpc.server.GrpcLogAppender.access$800(GrpcLogAppender.java:64)
	at org.apache.ratis.grpc.server.GrpcLogAppender$AppendLogResponseHandler.onCompleted(GrpcLogAppender.java:551)
	at org.apache.ratis.thirdparty.io.grpc.stub.ClientCalls$StreamObserverToCallListenerAdapter.onClose(ClientCalls.java:479)
	at org.apache.ratis.thirdparty.io.grpc.internal.ClientCallImpl.closeObserver(ClientCallImpl.java:567)
	at org.apache.ratis.thirdparty.io.grpc.internal.ClientCallImpl.access$300(ClientCallImpl.java:71)
	at org.apache.ratis.thirdparty.io.grpc.internal.ClientCallImpl$ClientStreamListenerImpl$1StreamClosed.runInternal(ClientCallImpl.java:735)
	at org.apache.ratis.thirdparty.io.grpc.internal.ClientCallImpl$ClientStreamListenerImpl$1StreamClosed.runInContext(ClientCallImpl.java:716)
	at org.apache.ratis.thirdparty.io.grpc.internal.ContextRunnable.run(ContextRunnable.java:37)
	at org.apache.ratis.thirdparty.io.grpc.internal.SerializingExecutor.run(SerializingExecutor.java:133)
	at java.base/java.util.concurrent.ThreadPoolExecutor.runWorker(ThreadPoolExecutor.java:1144)
	at java.base/java.util.concurrent.ThreadPoolExecutor$Worker.run(ThreadPoolExecutor.java:642)
	at java.base/java.lang.Thread.run(Thread.java:1583)
2025-05-14 02:54:12,720 [grpc-default-executor-1] INFO  server.GrpcServerProtocolService (GrpcServerProtocolService.java:lambda$onCompleted$5(159)) - c77e66e9-1cca-4fd3-bc5b-4ea2dbc3232f: Completed APPEND_ENTRIES, lastReply: serverReply {
  requestorId: "e44b5a69-92f9-40f4-85c9-712e1c637b62"
  replyId: "c77e66e9-1cca-4fd3-bc5b-4ea2dbc3232f"
  raftGroupId {
    id: "\201U\246{\250\212L\316\256\375\220\267\273\354\274q"
  }
  callId: 39
  success: true
}
term: 1
nextIndex: 11
followerCommit: 10
matchIndex: 18446744073709551615
isHearbeat: true

2025-05-14 02:54:12,720 [grpc-default-executor-2] INFO  server.GrpcServerProtocolService (GrpcServerProtocolService.java:lambda$onCompleted$5(159)) - d4e44fd7-0e23-4e4f-bc30-0c7965de497d: Completed APPEND_ENTRIES, lastReply: serverReply {
  requestorId: "e44b5a69-92f9-40f4-85c9-712e1c637b62"
  replyId: "d4e44fd7-0e23-4e4f-bc30-0c7965de497d"
  raftGroupId {
    id: "\201U\246{\250\212L\316\256\375\220\267\273\354\274q"
  }
  callId: 38
  success: true
}
term: 1
nextIndex: 11
followerCommit: 10
matchIndex: 18446744073709551615
isHearbeat: true

2025-05-14 02:54:12,721 [grpc-default-executor-2] INFO  server.GrpcLogAppender (GrpcLogAppender.java:onCompleted(550)) - e44b5a69-92f9-40f4-85c9-712e1c637b62@group-90B7BBECBC71->c77e66e9-1cca-4fd3-bc5b-4ea2dbc3232f-AppendLogResponseHandler: follower responses appendEntries COMPLETED
2025-05-14 02:54:12,721 [grpc-default-executor-2] WARN  server.GrpcLogAppender (GrpcLogAppender.java:resetClient(230)) - e44b5a69-92f9-40f4-85c9-712e1c637b62@group-90B7BBECBC71->c77e66e9-1cca-4fd3-bc5b-4ea2dbc3232f-GrpcLogAppender: Failed to getClient for c77e66e9-1cca-4fd3-bc5b-4ea2dbc3232f
org.apache.ratis.protocol.exceptions.AlreadyClosedException: e44b5a69-92f9-40f4-85c9-712e1c637b62 is already CLOSED
	at org.apache.ratis.util.PeerProxyMap$PeerAndProxy.getProxy(PeerProxyMap.java:67)
	at org.apache.ratis.util.PeerProxyMap.getProxy(PeerProxyMap.java:124)
	at org.apache.ratis.grpc.server.GrpcLogAppender.getClient(GrpcLogAppender.java:200)
	at org.apache.ratis.grpc.server.GrpcLogAppender.resetClient(GrpcLogAppender.java:205)
	at org.apache.ratis.grpc.server.GrpcLogAppender.access$800(GrpcLogAppender.java:64)
	at org.apache.ratis.grpc.server.GrpcLogAppender$AppendLogResponseHandler.onCompleted(GrpcLogAppender.java:551)
	at org.apache.ratis.thirdparty.io.grpc.stub.ClientCalls$StreamObserverToCallListenerAdapter.onClose(ClientCalls.java:479)
	at org.apache.ratis.thirdparty.io.grpc.internal.DelayedClientCall$DelayedListener$3.run(DelayedClientCall.java:489)
	at org.apache.ratis.thirdparty.io.grpc.internal.DelayedClientCall$DelayedListener.delayOrExecute(DelayedClientCall.java:453)
	at org.apache.ratis.thirdparty.io.grpc.internal.DelayedClientCall$DelayedListener.onClose(DelayedClientCall.java:486)
	at org.apache.ratis.thirdparty.io.grpc.internal.ClientCallImpl.closeObserver(ClientCallImpl.java:567)
	at org.apache.ratis.thirdparty.io.grpc.internal.ClientCallImpl.access$300(ClientCallImpl.java:71)
	at org.apache.ratis.thirdparty.io.grpc.internal.ClientCallImpl$ClientStreamListenerImpl$1StreamClosed.runInternal(ClientCallImpl.java:735)
	at org.apache.ratis.thirdparty.io.grpc.internal.ClientCallImpl$ClientStreamListenerImpl$1StreamClosed.runInContext(ClientCallImpl.java:716)
	at org.apache.ratis.thirdparty.io.grpc.internal.ContextRunnable.run(ContextRunnable.java:37)
	at org.apache.ratis.thirdparty.io.grpc.internal.SerializingExecutor.run(SerializingExecutor.java:133)
	at java.base/java.util.concurrent.ThreadPoolExecutor.runWorker(ThreadPoolExecutor.java:1144)
	at java.base/java.util.concurrent.ThreadPoolExecutor$Worker.run(ThreadPoolExecutor.java:642)
	at java.base/java.lang.Thread.run(Thread.java:1583)
2025-05-14 02:54:12,721 [grpc-default-executor-0] INFO  server.GrpcLogAppender (GrpcLogAppender.java:onCompleted(550)) - e44b5a69-92f9-40f4-85c9-712e1c637b62@group-90B7BBECBC71->d4e44fd7-0e23-4e4f-bc30-0c7965de497d-AppendLogResponseHandler: follower responses appendEntries COMPLETED
2025-05-14 02:54:12,721 [grpc-default-executor-0] WARN  server.GrpcLogAppender (GrpcLogAppender.java:resetClient(230)) - e44b5a69-92f9-40f4-85c9-712e1c637b62@group-90B7BBECBC71->d4e44fd7-0e23-4e4f-bc30-0c7965de497d-GrpcLogAppender: Failed to getClient for d4e44fd7-0e23-4e4f-bc30-0c7965de497d
org.apache.ratis.protocol.exceptions.AlreadyClosedException: e44b5a69-92f9-40f4-85c9-712e1c637b62 is already CLOSED
	at org.apache.ratis.util.PeerProxyMap$PeerAndProxy.getProxy(PeerProxyMap.java:67)
	at org.apache.ratis.util.PeerProxyMap.getProxy(PeerProxyMap.java:124)
	at org.apache.ratis.grpc.server.GrpcLogAppender.getClient(GrpcLogAppender.java:200)
	at org.apache.ratis.grpc.server.GrpcLogAppender.resetClient(GrpcLogAppender.java:205)
	at org.apache.ratis.grpc.server.GrpcLogAppender.access$800(GrpcLogAppender.java:64)
	at org.apache.ratis.grpc.server.GrpcLogAppender$AppendLogResponseHandler.onCompleted(GrpcLogAppender.java:551)
	at org.apache.ratis.thirdparty.io.grpc.stub.ClientCalls$StreamObserverToCallListenerAdapter.onClose(ClientCalls.java:479)
	at org.apache.ratis.thirdparty.io.grpc.internal.ClientCallImpl.closeObserver(ClientCallImpl.java:567)
	at org.apache.ratis.thirdparty.io.grpc.internal.ClientCallImpl.access$300(ClientCallImpl.java:71)
	at org.apache.ratis.thirdparty.io.grpc.internal.ClientCallImpl$ClientStreamListenerImpl$1StreamClosed.runInternal(ClientCallImpl.java:735)
	at org.apache.ratis.thirdparty.io.grpc.internal.ClientCallImpl$ClientStreamListenerImpl$1StreamClosed.runInContext(ClientCallImpl.java:716)
	at org.apache.ratis.thirdparty.io.grpc.internal.ContextRunnable.run(ContextRunnable.java:37)
	at org.apache.ratis.thirdparty.io.grpc.internal.SerializingExecutor.run(SerializingExecutor.java:133)
	at java.base/java.util.concurrent.ThreadPoolExecutor.runWorker(ThreadPoolExecutor.java:1144)
	at java.base/java.util.concurrent.ThreadPoolExecutor$Worker.run(ThreadPoolExecutor.java:642)
	at java.base/java.lang.Thread.run(Thread.java:1583)
2025-05-14 02:54:12,722 [main] INFO  server.GrpcService (GrpcService.java:closeImpl(352)) - e44b5a69-92f9-40f4-85c9-712e1c637b62: shutdown server org.apache.ratis.grpc.server.GrpcClientProtocolService successfully
2025-05-14 02:54:12,722 [main] INFO  server.GrpcService (GrpcService.java:closeImpl(343)) - e44b5a69-92f9-40f4-85c9-712e1c637b62: shutdown server GrpcServerProtocolService now
2025-05-14 02:54:12,723 [grpc-default-executor-4] WARN  server.GrpcServerProtocolService (LogUtils.java:warn(121)) - e44b5a69-92f9-40f4-85c9-712e1c637b62: APPEND_ENTRIES onError, lastRequest: null: org.apache.ratis.thirdparty.io.grpc.StatusRuntimeException: CANCELLED: client cancelled
2025-05-14 02:54:12,723 [grpc-default-executor-2] WARN  server.GrpcServerProtocolService (LogUtils.java:warn(121)) - e44b5a69-92f9-40f4-85c9-712e1c637b62: APPEND_ENTRIES onError, lastRequest: null: org.apache.ratis.thirdparty.io.grpc.StatusRuntimeException: CANCELLED: client cancelled
2025-05-14 02:54:12,723 [grpc-default-executor-0] WARN  server.GrpcServerProtocolService (LogUtils.java:warn(121)) - e44b5a69-92f9-40f4-85c9-712e1c637b62: APPEND_ENTRIES onError, lastRequest: null: org.apache.ratis.thirdparty.io.grpc.StatusRuntimeException: CANCELLED: client cancelled
2025-05-14 02:54:12,723 [grpc-default-executor-6] WARN  server.GrpcServerProtocolService (LogUtils.java:warn(121)) - e44b5a69-92f9-40f4-85c9-712e1c637b62: APPEND_ENTRIES onError, lastRequest: null: org.apache.ratis.thirdparty.io.grpc.StatusRuntimeException: CANCELLED: client cancelled
2025-05-14 02:54:12,724 [grpc-default-executor-3] INFO  server.GrpcLogAppender (GrpcLogAppender.java:onError(537)) - d4e44fd7-0e23-4e4f-bc30-0c7965de497d@group-DC6000F9F072->e44b5a69-92f9-40f4-85c9-712e1c637b62-GrpcLogAppender is already stopped
2025-05-14 02:54:12,724 [grpc-default-executor-5] INFO  server.GrpcLogAppender (GrpcLogAppender.java:onError(537)) - d4e44fd7-0e23-4e4f-bc30-0c7965de497d@group-DC6000F9F072->e44b5a69-92f9-40f4-85c9-712e1c637b62-GrpcLogAppender is already stopped
2025-05-14 02:54:12,724 [grpc-default-executor-6] INFO  server.GrpcLogAppender (GrpcLogAppender.java:onError(537)) - d4e44fd7-0e23-4e4f-bc30-0c7965de497d@group-DC6000F9F072->e44b5a69-92f9-40f4-85c9-712e1c637b62-GrpcLogAppender is already stopped
2025-05-14 02:54:12,724 [grpc-default-executor-2] INFO  server.GrpcLogAppender (GrpcLogAppender.java:onError(537)) - d4e44fd7-0e23-4e4f-bc30-0c7965de497d@group-DC6000F9F072->e44b5a69-92f9-40f4-85c9-712e1c637b62-GrpcLogAppender is already stopped
2025-05-14 02:54:12,725 [main] INFO  server.GrpcService (GrpcService.java:closeImpl(352)) - e44b5a69-92f9-40f4-85c9-712e1c637b62: shutdown server GrpcServerProtocolService successfully
2025-05-14 02:54:12,725 [main] INFO  server.GrpcService (GrpcService.java:closeImpl(343)) - e44b5a69-92f9-40f4-85c9-712e1c637b62: shutdown server org.apache.ratis.grpc.server.GrpcAdminProtocolService now
2025-05-14 02:54:12,725 [main] INFO  server.GrpcService (GrpcService.java:closeImpl(352)) - e44b5a69-92f9-40f4-85c9-712e1c637b62: shutdown server org.apache.ratis.grpc.server.GrpcAdminProtocolService successfully
2025-05-14 02:54:12,729 [e44b5a69-92f9-40f4-85c9-712e1c637b62-NettyServerStreamRpc-bossGroup--thread1] INFO  logging.LoggingHandler (AbstractInternalLogger.java:log(148)) - [id: 0xf6815b0b, L:/0.0.0.0:15048] CLOSE
2025-05-14 02:54:12,729 [e44b5a69-92f9-40f4-85c9-712e1c637b62-NettyServerStreamRpc-bossGroup--thread1] INFO  logging.LoggingHandler (AbstractInternalLogger.java:log(148)) - [id: 0xf6815b0b, L:/0.0.0.0:15048] INACTIVE
2025-05-14 02:54:12,729 [e44b5a69-92f9-40f4-85c9-712e1c637b62-NettyServerStreamRpc-bossGroup--thread1] INFO  logging.LoggingHandler (AbstractInternalLogger.java:log(148)) - [id: 0xf6815b0b, L:/0.0.0.0:15048] UNREGISTERED
2025-05-14 02:54:13,582 [e44b5a69-92f9-40f4-85c9-712e1c637b62-impl-thread1] INFO  segmented.SegmentedRaftLogWorker (SegmentedRaftLogWorker.java:close(252)) - e44b5a69-92f9-40f4-85c9-712e1c637b62@group-90B7BBECBC71-SegmentedRaftLogWorker close()
2025-05-14 02:54:13,582 [e44b5a69-92f9-40f4-85c9-712e1c637b62-impl-thread1] INFO  ratis.ContainerStateMachine (ContainerStateMachine.java:notifyServerShutdown(1038)) - group-90B7BBECBC71 is closed by HddsDatanodeService
2025-05-14 02:54:13,583 [JvmPauseMonitor7] INFO  util.JvmPauseMonitor (JvmPauseMonitor.java:run(152)) - JvmPauseMonitor-e44b5a69-92f9-40f4-85c9-712e1c637b62: Stopped
2025-05-14 02:54:15,597 [main] INFO  utils.DatanodeStoreCache (DatanodeStoreCache.java:shutdownCache(114)) - Skip clearing cache in mini cluster mode. Entries left: [/home/runner/work/ozone/ozone/hadoop-ozone/integration-test/target/test-dir/MiniOzoneClusterImpl-af940217-b311-440f-8e09-352fdf66236b/ozone-meta/datanode-1/data-0/hdds/af940217-b311-440f-8e09-352fdf66236b/DS-4de90323-408a-40d8-9ac8-4ec07be04fd5/container.db, /home/runner/work/ozone/ozone/hadoop-ozone/integration-test/target/test-dir/MiniOzoneClusterImpl-af940217-b311-440f-8e09-352fdf66236b/ozone-meta/datanode-10/data-0/hdds/af940217-b311-440f-8e09-352fdf66236b/DS-79c90bcd-b1e2-4ee7-aa2a-1a465bae35ac/container.db, /home/runner/work/ozone/ozone/hadoop-ozone/integration-test/target/test-dir/MiniOzoneClusterImpl-af940217-b311-440f-8e09-352fdf66236b/ozone-meta/datanode-2/data-0/hdds/af940217-b311-440f-8e09-352fdf66236b/DS-8ef4fdd9-98d1-4096-aeef-eb96c64f984c/container.db, /home/runner/work/ozone/ozone/hadoop-ozone/integration-test/target/test-dir/MiniOzoneClusterImpl-af940217-b311-440f-8e09-352fdf66236b/ozone-meta/datanode-3/data-0/hdds/af940217-b311-440f-8e09-352fdf66236b/DS-26f4d4de-cdbb-401e-a797-db4b81696bab/container.db, /home/runner/work/ozone/ozone/hadoop-ozone/integration-test/target/test-dir/MiniOzoneClusterImpl-af940217-b311-440f-8e09-352fdf66236b/ozone-meta/datanode-4/data-0/hdds/af940217-b311-440f-8e09-352fdf66236b/DS-2decae38-ed21-4c86-84f1-da09da4cbb90/container.db, /home/runner/work/ozone/ozone/hadoop-ozone/integration-test/target/test-dir/MiniOzoneClusterImpl-af940217-b311-440f-8e09-352fdf66236b/ozone-meta/datanode-5/data-0/hdds/af940217-b311-440f-8e09-352fdf66236b/DS-b55f785c-ea49-400a-b6dd-332e41d8f50e/container.db, /home/runner/work/ozone/ozone/hadoop-ozone/integration-test/target/test-dir/MiniOzoneClusterImpl-af940217-b311-440f-8e09-352fdf66236b/ozone-meta/datanode-6/data-0/hdds/af940217-b311-440f-8e09-352fdf66236b/DS-26be9c44-7a52-48a4-85a6-05c4c5209829/container.db, /home/runner/work/ozone/ozone/hadoop-ozone/integration-test/target/test-dir/MiniOzoneClusterImpl-af940217-b311-440f-8e09-352fdf66236b/ozone-meta/datanode-7/data-0/hdds/af940217-b311-440f-8e09-352fdf66236b/DS-d4029e6e-a371-4b9f-8303-47709ad6101c/container.db, /home/runner/work/ozone/ozone/hadoop-ozone/integration-test/target/test-dir/MiniOzoneClusterImpl-af940217-b311-440f-8e09-352fdf66236b/ozone-meta/datanode-8/data-0/hdds/af940217-b311-440f-8e09-352fdf66236b/DS-5de1cb22-16a6-41ea-abd1-46bb6e984e2a/container.db, /home/runner/work/ozone/ozone/hadoop-ozone/integration-test/target/test-dir/MiniOzoneClusterImpl-af940217-b311-440f-8e09-352fdf66236b/ozone-meta/datanode-9/data-0/hdds/af940217-b311-440f-8e09-352fdf66236b/DS-53aac37c-23a8-458c-a3b5-88149012e54d/container.db]
2025-05-14 02:54:15,600 [main] INFO  utils.DatanodeStoreCache (DatanodeStoreCache.java:removeDB(108)) - Removed db /home/runner/work/ozone/ozone/hadoop-ozone/integration-test/target/test-dir/MiniOzoneClusterImpl-af940217-b311-440f-8e09-352fdf66236b/ozone-meta/datanode-5/data-0/hdds/af940217-b311-440f-8e09-352fdf66236b/DS-b55f785c-ea49-400a-b6dd-332e41d8f50e/container.db from cache
2025-05-14 02:54:15,601 [main] INFO  volume.HddsVolume (HddsVolume.java:closeDbStore(543)) - SchemaV3 db is stopped at /home/runner/work/ozone/ozone/hadoop-ozone/integration-test/target/test-dir/MiniOzoneClusterImpl-af940217-b311-440f-8e09-352fdf66236b/ozone-meta/datanode-5/data-0/hdds/af940217-b311-440f-8e09-352fdf66236b/DS-b55f785c-ea49-400a-b6dd-332e41d8f50e/container.db for volume DS-b55f785c-ea49-400a-b6dd-332e41d8f50e
2025-05-14 02:54:15,601 [main] INFO  utils.BackgroundService (BackgroundService.java:shutdown(160)) - Shutting down service BlockDeletingService
2025-05-14 02:54:15,602 [main] INFO  utils.BackgroundService (BackgroundService.java:shutdown(160)) - Shutting down service StaleRecoveringContainerScrubbingService
2025-05-14 02:54:15,604 [main] INFO  statemachine.DatanodeStateMachine (DatanodeStateMachine.java:stopDaemon(630)) - Ozone container server stopped.
2025-05-14 02:54:15,618 [main] INFO  handler.ContextHandler (ContextHandler.java:doStop(1159)) - Stopped o.e.j.w.WebAppContext@421d9b57{hddsDatanode,/,null,STOPPED}{jar:file:/home/runner/work/ozone/ozone/hadoop-hdds/container-service/target/hdds-container-service-2.1.0-SNAPSHOT.jar!/webapps/hddsDatanode}
2025-05-14 02:54:15,620 [main] INFO  server.AbstractConnector (AbstractConnector.java:doStop(383)) - Stopped ServerConnector@27d74c62{HTTP/1.1, (http/1.1)}{0.0.0.0:15042}
2025-05-14 02:54:15,620 [main] INFO  server.session (HouseKeeper.java:stopScavenging(149)) - node0 Stopped scavenging
2025-05-14 02:54:15,620 [main] INFO  handler.ContextHandler (ContextHandler.java:doStop(1159)) - Stopped o.e.j.s.ServletContextHandler@213e10c9{static,/static,jar:file:/home/runner/work/ozone/ozone/hadoop-hdds/container-service/target/hdds-container-service-2.1.0-SNAPSHOT.jar!/webapps/static,STOPPED}
2025-05-14 02:54:15,621 [main] INFO  handler.ContextHandler (ContextHandler.java:doStop(1159)) - Stopped o.e.j.s.ServletContextHandler@51fcee02{logs,/logs,file:///home/runner/work/ozone/ozone/hadoop-ozone/integration-test/target/log,STOPPED}
2025-05-14 02:54:15,622 [main] INFO  ozone.HddsDatanodeClientProtocolServer (HddsDatanodeClientProtocolServer.java:stop(82)) - Stopping the RPC server for Client Protocol
2025-05-14 02:54:15,622 [main] INFO  ipc.Server (Server.java:stop(3697)) - Stopping server on 15043
2025-05-14 02:54:15,623 [IPC Server listener on 15043] INFO  ipc.Server (Server.java:run(1585)) - Stopping IPC Server listener on 15043
2025-05-14 02:54:15,623 [IPC Server Responder] INFO  ipc.Server (Server.java:run(1718)) - Stopping IPC Server Responder
2025-05-14 02:54:15,627 [main] INFO  impl.MetricsSystemImpl (MetricsSystemImpl.java:init(158)) - HddsDatanode metrics system started (again)
2025-05-14 02:54:15,649 [main] INFO  ozone.HddsDatanodeService (HddsDatanodeService.java:start(234)) - HddsDatanodeService e44b5a69-92f9-40f4-85c9-712e1c637b62(localhost/127.0.0.1)
2025-05-14 02:54:15,650 [main] INFO  upgrade.AbstractLayoutVersionManager (AbstractLayoutVersionManager.java:init(80)) - Initializing Layout version manager with metadata layout = HBASE_SUPPORT (version = 8), software layout = HBASE_SUPPORT (version = 8)
2025-05-14 02:54:15,651 [main] INFO  statemachine.DatanodeStateMachine (DatanodeStateMachine.java:getEndPointTaskThreadPoolSize(298)) - Datanode State Machine Task Thread Pool size 2
2025-05-14 02:54:15,653 [main] INFO  volume.HddsVolume (HddsVolume.java:<init>(158)) - HddsVolume: { id=DS-b55f785c-ea49-400a-b6dd-332e41d8f50e dir=/home/runner/work/ozone/ozone/hadoop-ozone/integration-test/target/test-dir/MiniOzoneClusterImpl-af940217-b311-440f-8e09-352fdf66236b/ozone-meta/datanode-5/data-0/hdds type=DISK capacity=9222449699674390527 used=0 available=9222449699674390527 minFree=5368709120 committed=0 }
2025-05-14 02:54:15,653 [main] INFO  volume.MutableVolumeSet (MutableVolumeSet.java:initializeVolumeSet(166)) - Added Volume : /home/runner/work/ozone/ozone/hadoop-ozone/integration-test/target/test-dir/MiniOzoneClusterImpl-af940217-b311-440f-8e09-352fdf66236b/ozone-meta/datanode-5/data-0/hdds to VolumeSet
2025-05-14 02:54:15,654 [main] INFO  volume.MutableVolumeSet (MutableVolumeSet.java:initializeVolumeSet(166)) - Added Volume : /home/runner/work/ozone/ozone/hadoop-ozone/integration-test/target/test-dir/MiniOzoneClusterImpl-af940217-b311-440f-8e09-352fdf66236b/ozone-meta/datanode-5/ratis630cd441-1fbc-4332-a044-ef429d701783 to VolumeSet
2025-05-14 02:54:15,674 [ForkJoinPool.commonPool-worker-2] INFO  utils.DatanodeStoreCache (DatanodeStoreCache.java:addDB(70)) - Added db /home/runner/work/ozone/ozone/hadoop-ozone/integration-test/target/test-dir/MiniOzoneClusterImpl-af940217-b311-440f-8e09-352fdf66236b/ozone-meta/datanode-5/data-0/hdds/af940217-b311-440f-8e09-352fdf66236b/DS-b55f785c-ea49-400a-b6dd-332e41d8f50e/container.db to cache
2025-05-14 02:54:15,674 [ForkJoinPool.commonPool-worker-2] INFO  volume.HddsVolume (HddsVolume.java:loadDbStore(451)) - SchemaV3 db is loaded at /home/runner/work/ozone/ozone/hadoop-ozone/integration-test/target/test-dir/MiniOzoneClusterImpl-af940217-b311-440f-8e09-352fdf66236b/ozone-meta/datanode-5/data-0/hdds/af940217-b311-440f-8e09-352fdf66236b/DS-b55f785c-ea49-400a-b6dd-332e41d8f50e/container.db for volume DS-b55f785c-ea49-400a-b6dd-332e41d8f50e
2025-05-14 02:54:15,674 [main] INFO  ozoneimpl.OzoneContainer (HddsVolumeUtil.java:loadAllHddsVolumeDbStore(102)) - Load 1 volumes DbStore cost: 19ms
2025-05-14 02:54:15,675 [main] WARN  db.DBStoreBuilder (DBStoreBuilder.java:getDBDirPath(160)) - ozone.scm.datanode.id.dir is not configured. We recommend adding this setting. Falling back to ozone.metadata.dirs instead.
2025-05-14 02:54:15,675 [main] WARN  db.DBStoreBuilder (DBStoreBuilder.java:getDBDirPath(160)) - ozone.scm.datanode.id.dir is not configured. We recommend adding this setting. Falling back to ozone.metadata.dirs instead.
2025-05-14 02:54:15,684 [main] INFO  impl.FilePerChunkStrategy (FilePerChunkStrategy.java:<init>(79)) - ozone.chunk.read.mapped.buffer.max.count is load with 0
2025-05-14 02:54:15,685 [main] INFO  impl.FilePerBlockStrategy (FilePerBlockStrategy.java:<init>(87)) - ozone.chunk.read.mapped.buffer.max.count is load with 0
2025-05-14 02:54:15,685 [main] INFO  server.RaftServerConfigKeys (ConfUtils.java:logGet(46)) - raft.server.log.appender.buffer.byte-limit = 33554432 (custom)
2025-05-14 02:54:15,686 [main] INFO  server.RaftServer (ConfUtils.java:logGet(46)) - raft.rpc.type = GRPC (default)
2025-05-14 02:54:15,687 [main] INFO  grpc.GrpcConfigKeys (ConfUtils.java:logFallback(53)) - raft.grpc.admin.host = null (fallback to raft.grpc.server.host)
2025-05-14 02:54:15,687 [main] INFO  grpc.GrpcConfigKeys (ConfUtils.java:logGet(46)) - raft.grpc.admin.port = 15046 (custom)
2025-05-14 02:54:15,687 [main] INFO  grpc.GrpcConfigKeys (ConfUtils.java:logFallback(53)) - raft.grpc.client.host = null (fallback to raft.grpc.server.host)
2025-05-14 02:54:15,687 [main] INFO  grpc.GrpcConfigKeys (ConfUtils.java:logGet(46)) - raft.grpc.client.port = 15045 (custom)
2025-05-14 02:54:15,687 [main] INFO  grpc.GrpcConfigKeys (ConfUtils.java:logGet(46)) - raft.grpc.server.host = null (default)
2025-05-14 02:54:15,687 [main] INFO  grpc.GrpcConfigKeys (ConfUtils.java:logGet(46)) - raft.grpc.server.port = 15047 (custom)
2025-05-14 02:54:15,687 [main] INFO  server.GrpcService (ConfUtils.java:logGet(46)) - raft.grpc.message.size.max = 34603008 (custom)
2025-05-14 02:54:15,687 [main] INFO  server.GrpcService (ConfUtils.java:logGet(46)) - raft.grpc.flow.control.window = 5MB (=5242880) (custom)
2025-05-14 02:54:15,687 [main] INFO  server.RaftServerConfigKeys (ConfUtils.java:logGet(46)) - raft.server.rpc.request.timeout = 3000ms (default)
2025-05-14 02:54:15,688 [main] INFO  grpc.GrpcConfigKeys (ConfUtils.java:logGet(46)) - raft.grpc.server.heartbeat.channel = true (default)
2025-05-14 02:54:15,688 [main] INFO  server.RaftServerConfigKeys (ConfUtils.java:logGet(46)) - raft.server.log.appender.buffer.byte-limit = 33554432 (custom)
2025-05-14 02:54:15,688 [main] INFO  grpc.GrpcConfigKeys (ConfUtils.java:logGet(46)) - raft.grpc.server.async.request.thread.pool.cached = true (default)
2025-05-14 02:54:15,688 [main] INFO  grpc.GrpcConfigKeys (ConfUtils.java:logGet(46)) - raft.grpc.server.async.request.thread.pool.size = 32 (default)
2025-05-14 02:54:15,689 [main] INFO  impl.DataStreamServerImpl (ConfUtils.java:logGet(46)) - raft.datastream.type = NETTY (custom)
2025-05-14 02:54:15,690 [main] INFO  server.RaftServerConfigKeys (ConfUtils.java:logGet(46)) - raft.server.data-stream.async.request.thread.pool.cached = false (default)
2025-05-14 02:54:15,690 [main] INFO  server.RaftServerConfigKeys (ConfUtils.java:logGet(46)) - raft.server.data-stream.async.request.thread.pool.size = 20 (custom)
2025-05-14 02:54:15,690 [main] INFO  server.RaftServerConfigKeys (ConfUtils.java:logGet(46)) - raft.server.data-stream.async.write.thread.pool.size = 16 (default)
2025-05-14 02:54:15,690 [main] INFO  netty.NettyConfigKeys$DataStream (ConfUtils.java:logGet(46)) - raft.netty.dataStream.server.channel.inactive.grace-period = 10min (default)
2025-05-14 02:54:15,690 [main] INFO  server.RaftServerConfigKeys (ConfUtils.java:logGet(46)) - raft.server.data-stream.client.pool.size = 10 (default)
2025-05-14 02:54:15,690 [main] INFO  netty.NettyConfigKeys$DataStream (ConfUtils.java:logGet(46)) - raft.netty.dataStream.server.use-epoll = true (default)
2025-05-14 02:54:15,690 [main] INFO  netty.NettyConfigKeys$DataStream (ConfUtils.java:logGet(46)) - raft.netty.dataStream.server.boss-group.size = 0 (default)
2025-05-14 02:54:15,690 [main] INFO  netty.NettyUtils (NettyUtils.java:newEventLoopGroup(74)) - Create EpollEventLoopGroup for e44b5a69-92f9-40f4-85c9-712e1c637b62-NettyServerStreamRpc-bossGroup; Thread size is 0.
2025-05-14 02:54:15,691 [main] INFO  netty.NettyConfigKeys$DataStream (ConfUtils.java:logGet(46)) - raft.netty.dataStream.server.worker-group.size = 0 (default)
2025-05-14 02:54:15,691 [main] INFO  netty.NettyUtils (NettyUtils.java:newEventLoopGroup(74)) - Create EpollEventLoopGroup for e44b5a69-92f9-40f4-85c9-712e1c637b62-NettyServerStreamRpc-workerGroup; Thread size is 0.
2025-05-14 02:54:15,691 [main] INFO  netty.NettyConfigKeys$DataStream (ConfUtils.java:logGet(46)) - raft.netty.dataStream.server.tls.conf = null (default)
2025-05-14 02:54:15,691 [main] INFO  netty.NettyConfigKeys$DataStream (ConfUtils.java:logGet(46)) - raft.netty.dataStream.host = null (default)
2025-05-14 02:54:15,691 [main] INFO  netty.NettyConfigKeys$DataStream (ConfUtils.java:logGet(46)) - raft.netty.dataStream.port = 15048 (custom)
2025-05-14 02:54:15,692 [main] INFO  server.RaftServerConfigKeys (ConfUtils.java:logGet(46)) - raft.server.sleep.deviation.threshold = 300ms (default)
2025-05-14 02:54:15,692 [main] INFO  server.RaftServerConfigKeys (ConfUtils.java:logGet(46)) - raft.server.close.threshold = 60s (default)
2025-05-14 02:54:15,692 [main] INFO  server.RaftServerConfigKeys (ConfUtils.java:logGet(46)) - raft.server.leaderelection.leader.step-down.wait-time = 10s (default)
2025-05-14 02:54:15,692 [e44b5a69-92f9-40f4-85c9-712e1c637b62-NettyServerStreamRpc-bossGroup--thread1] INFO  logging.LoggingHandler (AbstractInternalLogger.java:log(148)) - [id: 0x10106bcf] REGISTERED
2025-05-14 02:54:15,692 [e44b5a69-92f9-40f4-85c9-712e1c637b62-NettyServerStreamRpc-bossGroup--thread1] INFO  logging.LoggingHandler (AbstractInternalLogger.java:log(148)) - [id: 0x10106bcf] BIND: 0.0.0.0/0.0.0.0:15048
2025-05-14 02:54:15,692 [main] INFO  server.RaftServerConfigKeys (ConfUtils.java:logGet(46)) - raft.server.storage.dir = [/home/runner/work/ozone/ozone/hadoop-ozone/integration-test/target/test-dir/MiniOzoneClusterImpl-af940217-b311-440f-8e09-352fdf66236b/ozone-meta/datanode-5/ratis630cd441-1fbc-4332-a044-ef429d701783] (custom)
2025-05-14 02:54:15,693 [main] INFO  server.RaftServerConfigKeys (ConfUtils.java:logGet(46)) - raft.server.threadpool.proxy.cached = true (default)
2025-05-14 02:54:15,693 [main] INFO  server.RaftServerConfigKeys (ConfUtils.java:logGet(46)) - raft.server.threadpool.proxy.size = 0 (default)
2025-05-14 02:54:15,693 [e44b5a69-92f9-40f4-85c9-712e1c637b62-NettyServerStreamRpc-bossGroup--thread1] INFO  logging.LoggingHandler (AbstractInternalLogger.java:log(148)) - [id: 0x10106bcf, L:/0.0.0.0:15048] ACTIVE
2025-05-14 02:54:15,693 [e44b5a69-92f9-40f4-85c9-712e1c637b62-impl-thread1] INFO  server.RaftServer (RaftServerProxy.java:initGroupDir(265)) - e44b5a69-92f9-40f4-85c9-712e1c637b62: found a subdirectory /home/runner/work/ozone/ozone/hadoop-ozone/integration-test/target/test-dir/MiniOzoneClusterImpl-af940217-b311-440f-8e09-352fdf66236b/ozone-meta/datanode-5/ratis630cd441-1fbc-4332-a044-ef429d701783/tmp
2025-05-14 02:54:15,694 [e44b5a69-92f9-40f4-85c9-712e1c637b62-impl-thread1] INFO  server.RaftServer (RaftServerProxy.java:initGroupDir(270)) - e44b5a69-92f9-40f4-85c9-712e1c637b62: The directory /home/runner/work/ozone/ozone/hadoop-ozone/integration-test/target/test-dir/MiniOzoneClusterImpl-af940217-b311-440f-8e09-352fdf66236b/ozone-meta/datanode-5/ratis630cd441-1fbc-4332-a044-ef429d701783/tmp is not a group directory; ignoring it. 
2025-05-14 02:54:15,694 [main] INFO  replication.ReplicationServer (ReplicationServer.java:<init>(84)) - Initializing replication server with thread count = 10 queue length = 4096
2025-05-14 02:54:15,695 [main] INFO  server.XceiverServerGrpc (XceiverServerGrpc.java:<init>(131)) - GrpcServer channel type EpollServerSocketChannel
2025-05-14 02:54:15,696 [main] INFO  replication.ReplicationSupervisor (ReplicationSupervisor.java:build(169)) - Initializing replication supervisor with thread count = 10
2025-05-14 02:54:15,696 [main] INFO  replication.ReplicationSupervisor (ReplicationSupervisor.java:nodeStateUpdated(358)) - Node state updated to IN_SERVICE, scaling executor pool size to 10
2025-05-14 02:54:15,700 [main] INFO  http.BaseHttpServer (BaseHttpServer.java:newHttpServer2BuilderForOzone(229)) - Starting Web-server for hddsDatanode at: http://0.0.0.0:15042
2025-05-14 02:54:15,700 [main] INFO  http.BaseHttpServer (BaseHttpServer.java:<init>(107)) - Hadoop Security Enabled: false Ozone Security Enabled: false Ozone HTTP Security Enabled: false 
2025-05-14 02:54:15,701 [main] WARN  server.AuthenticationFilter (AuthenticationFilter.java:constructSecretProvider(240)) - Unable to initialize FileSignerSecretProvider, falling back to use random secrets. Reason: Could not read signature secret file: /home/runner/hadoop-http-auth-signature-secret
2025-05-14 02:54:15,704 [main] INFO  http.HttpServer2 (HttpServer2.java:addGlobalFilter(1042)) - Added global filter 'safety' (class=org.apache.hadoop.hdds.server.http.HttpServer2$QuotingInputFilter)
2025-05-14 02:54:15,704 [main] INFO  http.HttpServer2 (HttpServer2.java:addFilter(1018)) - Added filter static_user_filter (class=org.apache.hadoop.http.lib.StaticUserWebFilter$StaticUserFilter) to context hddsDatanode
2025-05-14 02:54:15,704 [main] INFO  http.HttpServer2 (HttpServer2.java:addFilter(1026)) - Added filter static_user_filter (class=org.apache.hadoop.http.lib.StaticUserWebFilter$StaticUserFilter) to context logs
2025-05-14 02:54:15,704 [main] INFO  http.HttpServer2 (HttpServer2.java:addFilter(1026)) - Added filter static_user_filter (class=org.apache.hadoop.http.lib.StaticUserWebFilter$StaticUserFilter) to context static
2025-05-14 02:54:15,705 [main] INFO  http.BaseHttpServer (BaseHttpServer.java:<init>(195)) - HTTP server of hddsDatanode uses base directory /home/runner/work/ozone/ozone/hadoop-ozone/integration-test/target/test-dir/MiniOzoneClusterImpl-af940217-b311-440f-8e09-352fdf66236b/ozone-meta/datanode-5/meta/webserver
2025-05-14 02:54:15,705 [main] INFO  http.HttpServer2 (HttpServer2.java:bindListener(1242)) - Jetty bound to port 15042
2025-05-14 02:54:15,706 [main] INFO  server.Server (Server.java:doStart(375)) - jetty-9.4.57.v20241219; built: 2025-01-08T21:24:30.412Z; git: df524e6b29271c2e09ba9aea83c18dc9db464a31; jvm 21.0.7+6-LTS
2025-05-14 02:54:15,707 [main] INFO  server.session (DefaultSessionIdManager.java:doStart(334)) - DefaultSessionIdManager workerName=node0
2025-05-14 02:54:15,707 [main] INFO  server.session (DefaultSessionIdManager.java:doStart(339)) - No SessionScavenger set, using defaults
2025-05-14 02:54:15,707 [main] INFO  server.session (HouseKeeper.java:startScavenging(132)) - node0 Scavenging every 600000ms
2025-05-14 02:54:15,708 [main] INFO  handler.ContextHandler (ContextHandler.java:doStart(921)) - Started o.e.j.s.ServletContextHandler@28aedf6e{logs,/logs,file:///home/runner/work/ozone/ozone/hadoop-ozone/integration-test/target/log,AVAILABLE}
2025-05-14 02:54:15,709 [main] INFO  handler.ContextHandler (ContextHandler.java:doStart(921)) - Started o.e.j.s.ServletContextHandler@6ef146cc{static,/static,jar:file:/home/runner/work/ozone/ozone/hadoop-hdds/container-service/target/hdds-container-service-2.1.0-SNAPSHOT.jar!/webapps/static,AVAILABLE}
2025-05-14 02:54:15,847 [main] INFO  handler.ContextHandler (ContextHandler.java:doStart(921)) - Started o.e.j.w.WebAppContext@be67e29{hddsDatanode,/,file:///home/runner/work/ozone/ozone/hadoop-ozone/integration-test/target/test-dir/MiniOzoneClusterImpl-af940217-b311-440f-8e09-352fdf66236b/ozone-meta/datanode-5/meta/webserver/jetty-0_0_0_0-15042-hdds-container-service-2_1_0-SNAPSHOT_jar-_-any-7697443289486934280/webapp/,AVAILABLE}{jar:file:/home/runner/work/ozone/ozone/hadoop-hdds/container-service/target/hdds-container-service-2.1.0-SNAPSHOT.jar!/webapps/hddsDatanode}
2025-05-14 02:54:15,848 [main] INFO  server.AbstractConnector (AbstractConnector.java:doStart(333)) - Started ServerConnector@12fdff78{HTTP/1.1, (http/1.1)}{0.0.0.0:15042}
2025-05-14 02:54:15,848 [main] INFO  server.Server (Server.java:doStart(415)) - Started @52668ms
2025-05-14 02:54:15,848 [main] WARN  impl.MetricsSystemImpl (MetricsSystemImpl.java:register(279)) - Sink prometheus already exists!
2025-05-14 02:54:15,848 [main] INFO  http.BaseHttpServer (BaseHttpServer.java:updateConnectorAddress(359)) - HTTP server of hddsDatanode listening at http://0.0.0.0:15042
2025-05-14 02:54:15,849 [main] INFO  ipc.CallQueueManager (CallQueueManager.java:<init>(93)) - Using callQueue: class java.util.concurrent.LinkedBlockingQueue, queueCapacity: 1000, scheduler: class org.apache.hadoop.ipc.DefaultRpcScheduler, ipcBackoff: false, ipcFailOver: false.
2025-05-14 02:54:15,849 [main] INFO  ipc.Server (Server.java:<init>(1438)) - Listener at 0.0.0.0:15043
2025-05-14 02:54:15,849 [Socket Reader #1 for port 15043] INFO  ipc.Server (Server.java:run(1474)) - Starting Socket Reader #1 for port 15043
2025-05-14 02:54:15,850 [Socket Reader #2 for port 15043] INFO  ipc.Server (Server.java:run(1474)) - Starting Socket Reader #2 for port 15043
2025-05-14 02:54:15,850 [Socket Reader #3 for port 15043] INFO  ipc.Server (Server.java:run(1474)) - Starting Socket Reader #3 for port 15043
2025-05-14 02:54:15,850 [Socket Reader #4 for port 15043] INFO  ipc.Server (Server.java:run(1474)) - Starting Socket Reader #4 for port 15043
2025-05-14 02:54:15,850 [Socket Reader #5 for port 15043] INFO  ipc.Server (Server.java:run(1474)) - Starting Socket Reader #5 for port 15043
2025-05-14 02:54:15,851 [Socket Reader #6 for port 15043] INFO  ipc.Server (Server.java:run(1474)) - Starting Socket Reader #6 for port 15043
2025-05-14 02:54:15,851 [Socket Reader #8 for port 15043] INFO  ipc.Server (Server.java:run(1474)) - Starting Socket Reader #8 for port 15043
2025-05-14 02:54:15,851 [Socket Reader #9 for port 15043] INFO  ipc.Server (Server.java:run(1474)) - Starting Socket Reader #9 for port 15043
2025-05-14 02:54:15,852 [Socket Reader #7 for port 15043] INFO  ipc.Server (Server.java:run(1474)) - Starting Socket Reader #7 for port 15043
2025-05-14 02:54:15,852 [Socket Reader #10 for port 15043] INFO  ipc.Server (Server.java:run(1474)) - Starting Socket Reader #10 for port 15043
2025-05-14 02:54:15,854 [main] INFO  ozone.HddsDatanodeService (HddsDatanodeService.java:start(325)) - Datanode start with admins: [runner]
2025-05-14 02:54:15,854 [main] INFO  ozone.HddsDatanodeClientProtocolServer (HddsDatanodeClientProtocolServer.java:start(76)) - RPC server for Client /0.0.0.0:15043
2025-05-14 02:54:15,854 [IPC Server Responder] INFO  ipc.Server (Server.java:run(1713)) - IPC Server Responder: starting
2025-05-14 02:54:15,855 [IPC Server listener on 15043] INFO  ipc.Server (Server.java:run(1553)) - IPC Server listener on 15043: starting
]]></system-out>
  </testcase>
  <testcase name="testUnhealthyContainer" classname="org.apache.hadoop.ozone.client.rpc.TestContainerStateMachineFailures" time="55.484">
    <system-out><![CDATA[2025-05-14 02:54:15,859 [e44b5a69-92f9-40f4-85c9-712e1c637b62-DatanodeStateMachineDaemonThread] INFO  statemachine.DatanodeStateMachine (DatanodeStateMachine.java:startStateMachineThread(340)) - Ozone container server started.
2025-05-14 02:54:15,864 [e44b5a69-92f9-40f4-85c9-712e1c637b62-DatanodeStateMachineTaskThread-0] INFO  datanode.InitDatanodeState (InitDatanodeState.java:persistContainerDatanodeDetails(139)) - DatanodeDetails is persisted to /home/runner/work/ozone/ozone/hadoop-ozone/integration-test/target/test-dir/MiniOzoneClusterImpl-af940217-b311-440f-8e09-352fdf66236b/ozone-meta/datanode-5/meta/datanode.id
2025-05-14 02:54:15,889 [c77e66e9-1cca-4fd3-bc5b-4ea2dbc3232f-ChunkWriter-3-0] ERROR helpers.ContainerUtils (ContainerUtils.java:getChunkDir(297)) - Chunks dir /home/runner/work/ozone/ozone/hadoop-ozone/integration-test/target/test-dir/MiniOzoneClusterImpl-af940217-b311-440f-8e09-352fdf66236b/ozone-meta/datanode-6/data-0/hdds/af940217-b311-440f-8e09-352fdf66236b/current/containerDir0/7/chunks does not exist
2025-05-14 02:54:15,889 [c77e66e9-1cca-4fd3-bc5b-4ea2dbc3232f-ChunkWriter-3-0] WARN  keyvalue.KeyValueHandler (ContainerUtils.java:logAndReturnError(95)) - Operation: WriteChunk , Trace ID:  , Message: Chunks directory /home/runner/work/ozone/ozone/hadoop-ozone/integration-test/target/test-dir/MiniOzoneClusterImpl-af940217-b311-440f-8e09-352fdf66236b/ozone-meta/datanode-6/data-0/hdds/af940217-b311-440f-8e09-352fdf66236b/current/containerDir0/7/chunks does not exist. , Result: UNABLE_TO_FIND_DATA_DIR , StorageContainerException Occurred.
org.apache.hadoop.hdds.scm.container.common.helpers.StorageContainerException: Chunks directory /home/runner/work/ozone/ozone/hadoop-ozone/integration-test/target/test-dir/MiniOzoneClusterImpl-af940217-b311-440f-8e09-352fdf66236b/ozone-meta/datanode-6/data-0/hdds/af940217-b311-440f-8e09-352fdf66236b/current/containerDir0/7/chunks does not exist.
	at org.apache.hadoop.ozone.container.common.helpers.ContainerUtils.getChunkDir(ContainerUtils.java:299)
	at org.apache.hadoop.ozone.container.common.impl.ContainerLayoutVersion.getChunkFile(ContainerLayoutVersion.java:115)
	at org.apache.hadoop.ozone.container.keyvalue.impl.FilePerBlockStrategy.getChunkFile(FilePerBlockStrategy.java:282)
	at org.apache.hadoop.ozone.container.keyvalue.impl.FilePerBlockStrategy.writeChunk(FilePerBlockStrategy.java:147)
	at org.apache.hadoop.ozone.container.keyvalue.impl.ChunkManagerDispatcher.writeChunk(ChunkManagerDispatcher.java:70)
	at org.apache.hadoop.ozone.container.keyvalue.KeyValueHandler.handleWriteChunk(KeyValueHandler.java:938)
	at org.apache.hadoop.ozone.container.keyvalue.KeyValueHandler.dispatchRequest(KeyValueHandler.java:300)
	at org.apache.hadoop.ozone.container.keyvalue.KeyValueHandler.handle(KeyValueHandler.java:250)
	at org.apache.hadoop.ozone.container.common.impl.HddsDispatcher.dispatchRequest(HddsDispatcher.java:350)
	at org.apache.hadoop.ozone.container.common.impl.HddsDispatcher.lambda$dispatch$1(HddsDispatcher.java:189)
	at org.apache.hadoop.hdds.server.OzoneProtocolMessageDispatcher.processRequest(OzoneProtocolMessageDispatcher.java:87)
	at org.apache.hadoop.ozone.container.common.impl.HddsDispatcher.dispatch(HddsDispatcher.java:188)
	at org.apache.hadoop.ozone.container.common.transport.server.ratis.ContainerStateMachine.dispatchCommand(ContainerStateMachine.java:567)
	at org.apache.hadoop.ozone.container.common.transport.server.ratis.ContainerStateMachine.lambda$writeStateMachineData$2(ContainerStateMachine.java:622)
	at java.base/java.util.concurrent.FutureTask.run(FutureTask.java:317)
	at java.base/java.util.concurrent.ThreadPoolExecutor.runWorker(ThreadPoolExecutor.java:1144)
	at java.base/java.util.concurrent.ThreadPoolExecutor$Worker.run(ThreadPoolExecutor.java:642)
	at java.base/java.lang.Thread.run(Thread.java:1583)
2025-05-14 02:54:15,892 [c77e66e9-1cca-4fd3-bc5b-4ea2dbc3232f-ChunkWriter-3-0] WARN  keyvalue.KeyValueContainer (KeyValueContainer.java:markContainerUnhealthy(394)) - Marked container UNHEALTHY from OPEN: KeyValueContainerData #7 (UNHEALTHY, non-empty, ri=0, origin=[dn_c77e66e9-1cca-4fd3-bc5b-4ea2dbc3232f, pipeline_d1819bd0-c34f-41f4-be2b-ca654213e6f9])
02:54:15.892 [c77e66e9-1cca-4fd3-bc5b-4ea2dbc3232f-ChunkWriter-3-0] ERROR ContainerLog - ID=7 | Index=0 | BCSID=2 | State=UNHEALTHY | Volume=/home/runner/work/ozone/ozone/hadoop-ozone/integration-test/target/test-dir/MiniOzoneClusterImpl-af940217-b311-440f-8e09-352fdf66236b/ozone-meta/datanode-6/data-0/hdds | WRITE_FAILURE for file /home/runner/work/ozone/ozone/hadoop-ozone/integration-test/target/test-dir/MiniOzoneClusterImpl-af940217-b311-440f-8e09-352fdf66236b/ozone-meta/datanode-6/data-0/hdds/af940217-b311-440f-8e09-352fdf66236b/current/containerDir0/7. Message: null
2025-05-14 02:54:15,893 [c77e66e9-1cca-4fd3-bc5b-4ea2dbc3232f-ChunkWriter-3-0] INFO  impl.HddsDispatcher (HddsDispatcher.java:dispatchRequest(396)) - Marked Container UNHEALTHY, ContainerID: 7
02:54:15.893 [c77e66e9-1cca-4fd3-bc5b-4ea2dbc3232f-ChunkWriter-3-0] ERROR DNAudit - user=null | ip=null | op=WRITE_CHUNK {blockData=conID: 7 locID: 115816896921600007 bcsId: 2 replicaIndex: 0, offset=5, size=5, stage=WRITE_DATA} | ret=FAILURE
java.lang.Exception: Chunks directory /home/runner/work/ozone/ozone/hadoop-ozone/integration-test/target/test-dir/MiniOzoneClusterImpl-af940217-b311-440f-8e09-352fdf66236b/ozone-meta/datanode-6/data-0/hdds/af940217-b311-440f-8e09-352fdf66236b/current/containerDir0/7/chunks does not exist.
	at org.apache.hadoop.ozone.container.common.impl.HddsDispatcher.dispatchRequest(HddsDispatcher.java:424) ~[hdds-container-service-2.1.0-SNAPSHOT.jar:?]
	at org.apache.hadoop.ozone.container.common.impl.HddsDispatcher.lambda$dispatch$1(HddsDispatcher.java:189) ~[hdds-container-service-2.1.0-SNAPSHOT.jar:?]
	at org.apache.hadoop.hdds.server.OzoneProtocolMessageDispatcher.processRequest(OzoneProtocolMessageDispatcher.java:87) ~[hdds-server-framework-2.1.0-SNAPSHOT.jar:?]
	at org.apache.hadoop.ozone.container.common.impl.HddsDispatcher.dispatch(HddsDispatcher.java:188) ~[hdds-container-service-2.1.0-SNAPSHOT.jar:?]
	at org.apache.hadoop.ozone.container.common.transport.server.ratis.ContainerStateMachine.dispatchCommand(ContainerStateMachine.java:567) ~[hdds-container-service-2.1.0-SNAPSHOT.jar:?]
	at org.apache.hadoop.ozone.container.common.transport.server.ratis.ContainerStateMachine.lambda$writeStateMachineData$2(ContainerStateMachine.java:622) ~[hdds-container-service-2.1.0-SNAPSHOT.jar:?]
	at java.base/java.util.concurrent.FutureTask.run(FutureTask.java:317) ~[?:?]
	at java.base/java.util.concurrent.ThreadPoolExecutor.runWorker(ThreadPoolExecutor.java:1144) ~[?:?]
	at java.base/java.util.concurrent.ThreadPoolExecutor$Worker.run(ThreadPoolExecutor.java:642) ~[?:?]
	at java.base/java.lang.Thread.run(Thread.java:1583) [?:?]
2025-05-14 02:54:15,893 [c77e66e9-1cca-4fd3-bc5b-4ea2dbc3232f-ChunkWriter-3-0] ERROR ratis.ContainerStateMachine (ContainerStateMachine.java:handleCommandResult(662)) - group-CA654213E6F9: writeChunk writeStateMachineData failed: blockIdcontainerID: 7
localID: 115816896921600007
blockCommitSequenceId: 2
replicaIndex: 0
 logIndex 4 chunkName 115816896921600007_chunk_2 Error message: Chunks directory /home/runner/work/ozone/ozone/hadoop-ozone/integration-test/target/test-dir/MiniOzoneClusterImpl-af940217-b311-440f-8e09-352fdf66236b/ozone-meta/datanode-6/data-0/hdds/af940217-b311-440f-8e09-352fdf66236b/current/containerDir0/7/chunks does not exist. Container Result: UNABLE_TO_FIND_DATA_DIR
2025-05-14 02:54:15,893 [EventQueue-CloseContainerForCloseContainerEventHandler] INFO  container.CloseContainerEventHandler (CloseContainerEventHandler.java:onMessage(88)) - Close container Event triggered for container : #7, current state: OPEN
2025-05-14 02:54:15,893 [c77e66e9-1cca-4fd3-bc5b-4ea2dbc3232f@group-CA654213E6F9-SegmentedRaftLogWorker] ERROR ratis.ContainerStateMachine (ContainerStateMachine.java:notifyLogFailed(1268)) - group-CA654213E6F9: (t:1, i:4) cmdType: WriteChunk traceID: "" containerID: 7 datanodeUuid: "c77e66e9-1cca-4fd3-bc5b-4ea2dbc3232f" pipelineID: "d1819bd0-c34f-41f4-be2b-ca654213e6f9" writeChunk { blockID { containerID: 7 localID: 115816896921600007 blockCommitSequenceId: 2 replicaIndex: 0 } chunkData { chunkName: "115816896921600007_chunk_2" offset: 5 len: 5 checksumData { type: CRC32 bytesPerChecksum: 16384 checksums: "\350a\3440" } } } version: 3, container path=/home/runner/work/ozone/ozone/hadoop-ozone/integration-test/target/test-dir/MiniOzoneClusterImpl-af940217-b311-440f-8e09-352fdf66236b/ozone-meta/datanode-6/data-0/hdds/af940217-b311-440f-8e09-352fdf66236b/current/containerDir0/7
org.apache.hadoop.hdds.scm.container.common.helpers.StorageContainerException: Chunks directory /home/runner/work/ozone/ozone/hadoop-ozone/integration-test/target/test-dir/MiniOzoneClusterImpl-af940217-b311-440f-8e09-352fdf66236b/ozone-meta/datanode-6/data-0/hdds/af940217-b311-440f-8e09-352fdf66236b/current/containerDir0/7/chunks does not exist.
	at org.apache.hadoop.ozone.container.common.transport.server.ratis.ContainerStateMachine.handleCommandResult(ContainerStateMachine.java:661)
	at org.apache.hadoop.ozone.container.common.transport.server.ratis.ContainerStateMachine.lambda$writeStateMachineData$2(ContainerStateMachine.java:623)
	at java.base/java.util.concurrent.FutureTask.run(FutureTask.java:317)
	at java.base/java.util.concurrent.ThreadPoolExecutor.runWorker(ThreadPoolExecutor.java:1144)
	at java.base/java.util.concurrent.ThreadPoolExecutor$Worker.run(ThreadPoolExecutor.java:642)
	at java.base/java.lang.Thread.run(Thread.java:1583)
2025-05-14 02:54:15,894 [c77e66e9-1cca-4fd3-bc5b-4ea2dbc3232f@group-CA654213E6F9-SegmentedRaftLogWorker] WARN  ratis.XceiverServerRatis (XceiverServerRatis.java:triggerPipelineClose(758)) - pipeline Action CLOSE on pipeline PipelineID=d1819bd0-c34f-41f4-be2b-ca654213e6f9.Reason : Chunks directory /home/runner/work/ozone/ozone/hadoop-ozone/integration-test/target/test-dir/MiniOzoneClusterImpl-af940217-b311-440f-8e09-352fdf66236b/ozone-meta/datanode-6/data-0/hdds/af940217-b311-440f-8e09-352fdf66236b/current/containerDir0/7/chunks does not exist.
2025-05-14 02:54:15,893 [FixedThreadPoolWithAffinityExecutor-1-0] INFO  container.IncrementalContainerReportHandler (AbstractContainerReportHandler.java:updateContainerState(253)) - FINALIZE (i.e. CLOSING) Container #7 (OPEN, sid=0) r0 (UNHEALTHY, bcsid=2, origin=c77e66e9-1cca-4fd3-bc5b-4ea2dbc3232f, non-empty) from dn c77e66e9-1cca-4fd3-bc5b-4ea2dbc3232f(localhost/127.0.0.1)
2025-05-14 02:54:15,894 [c77e66e9-1cca-4fd3-bc5b-4ea2dbc3232f@group-CA654213E6F9-SegmentedRaftLogWorker] ERROR raftlog.RaftLog (RaftLogBase.java:lambda$appendImpl$3(196)) - c77e66e9-1cca-4fd3-bc5b-4ea2dbc3232f@group-CA654213E6F9-SegmentedRaftLog: Failed to write log entry (t:1, i:4), STATEMACHINELOGENTRY, cmdType: WriteChunk traceID: "" containerID: 7 datanodeUuid: "c77e66e9-1cca-4fd3-bc5b-4ea2dbc3232f" pipelineID: "d1819bd0-c34f-41f4-be2b-ca654213e6f9" writeChunk { blockID { containerID: 7 localID: 115816896921600007 blockCommitSequenceId: 2 replicaIndex: 0 } chunkData { chunkName: "115816896921600007_chunk_2" offset: 5 len: 5 checksumData { type: CRC32 bytesPerChecksum: 16384 checksums: "\350a\3440" } } } version: 3, container path=/home/runner/work/ozone/ozone/hadoop-ozone/integration-test/target/test-dir/MiniOzoneClusterImpl-af940217-b311-440f-8e09-352fdf66236b/ozone-meta/datanode-6/data-0/hdds/af940217-b311-440f-8e09-352fdf66236b/current/containerDir0/7
org.apache.hadoop.hdds.scm.container.common.helpers.StorageContainerException: Chunks directory /home/runner/work/ozone/ozone/hadoop-ozone/integration-test/target/test-dir/MiniOzoneClusterImpl-af940217-b311-440f-8e09-352fdf66236b/ozone-meta/datanode-6/data-0/hdds/af940217-b311-440f-8e09-352fdf66236b/current/containerDir0/7/chunks does not exist.
	at org.apache.hadoop.ozone.container.common.transport.server.ratis.ContainerStateMachine.handleCommandResult(ContainerStateMachine.java:661)
	at org.apache.hadoop.ozone.container.common.transport.server.ratis.ContainerStateMachine.lambda$writeStateMachineData$2(ContainerStateMachine.java:623)
	at java.base/java.util.concurrent.FutureTask.run(FutureTask.java:317)
	at java.base/java.util.concurrent.ThreadPoolExecutor.runWorker(ThreadPoolExecutor.java:1144)
	at java.base/java.util.concurrent.ThreadPoolExecutor$Worker.run(ThreadPoolExecutor.java:642)
	at java.base/java.lang.Thread.run(Thread.java:1583)
2025-05-14 02:54:15,894 [c77e66e9-1cca-4fd3-bc5b-4ea2dbc3232f@group-CA654213E6F9-cacheEviction-AwaitToRun] INFO  util.AwaitToRun (AwaitToRun.java:run(49)) - c77e66e9-1cca-4fd3-bc5b-4ea2dbc3232f@group-CA654213E6F9-cacheEviction-AwaitToRun-AwaitForSignal is interrupted
2025-05-14 02:54:15,895 [EventQueue-PipelineActionsForPipelineActionHandler] INFO  pipeline.PipelineActionHandler (PipelineActionHandler.java:processPipelineAction(89)) - Received pipeline action CLOSE for PipelineID=d1819bd0-c34f-41f4-be2b-ca654213e6f9 from datanode c77e66e9-1cca-4fd3-bc5b-4ea2dbc3232f(localhost/127.0.0.1). Reason : Chunks directory /home/runner/work/ozone/ozone/hadoop-ozone/integration-test/target/test-dir/MiniOzoneClusterImpl-af940217-b311-440f-8e09-352fdf66236b/ozone-meta/datanode-6/data-0/hdds/af940217-b311-440f-8e09-352fdf66236b/current/containerDir0/7/chunks does not exist.
2025-05-14 02:54:15,895 [EventQueue-PipelineActionsForPipelineActionHandler] INFO  pipeline.PipelineManagerImpl (PipelineManagerImpl.java:closeContainersForPipeline(487)) - Container #7 closed for pipeline=PipelineID=d1819bd0-c34f-41f4-be2b-ca654213e6f9
2025-05-14 02:54:15,895 [EventQueue-CloseContainerForCloseContainerEventHandler] INFO  container.CloseContainerEventHandler (CloseContainerEventHandler.java:onMessage(88)) - Close container Event triggered for container : #7, current state: CLOSING
2025-05-14 02:54:15,898 [EventQueue-PipelineActionsForPipelineActionHandler] INFO  pipeline.PipelineManagerImpl (PipelineManagerImpl.java:closePipeline(509)) - Pipeline PipelineID=d1819bd0-c34f-41f4-be2b-ca654213e6f9 moved to CLOSED state
2025-05-14 02:54:16,095 [EventQueue-PipelineActionsForPipelineActionHandler] INFO  pipeline.PipelineActionHandler (PipelineActionHandler.java:processPipelineAction(89)) - Received pipeline action CLOSE for PipelineID=d1819bd0-c34f-41f4-be2b-ca654213e6f9 from datanode c77e66e9-1cca-4fd3-bc5b-4ea2dbc3232f(localhost/127.0.0.1). Reason : Chunks directory /home/runner/work/ozone/ozone/hadoop-ozone/integration-test/target/test-dir/MiniOzoneClusterImpl-af940217-b311-440f-8e09-352fdf66236b/ozone-meta/datanode-6/data-0/hdds/af940217-b311-440f-8e09-352fdf66236b/current/containerDir0/7/chunks does not exist.
2025-05-14 02:54:16,294 [EventQueue-PipelineActionsForPipelineActionHandler] INFO  pipeline.PipelineActionHandler (PipelineActionHandler.java:processPipelineAction(89)) - Received pipeline action CLOSE for PipelineID=d1819bd0-c34f-41f4-be2b-ca654213e6f9 from datanode c77e66e9-1cca-4fd3-bc5b-4ea2dbc3232f(localhost/127.0.0.1). Reason : Chunks directory /home/runner/work/ozone/ozone/hadoop-ozone/integration-test/target/test-dir/MiniOzoneClusterImpl-af940217-b311-440f-8e09-352fdf66236b/ozone-meta/datanode-6/data-0/hdds/af940217-b311-440f-8e09-352fdf66236b/current/containerDir0/7/chunks does not exist.
2025-05-14 02:54:16,362 [e44b5a69-92f9-40f4-85c9-712e1c637b62-ContainerReader-0] INFO  ozoneimpl.ContainerReader (ContainerReader.java:readVolume(144)) - Start to verify containers on volume /home/runner/work/ozone/ozone/hadoop-ozone/integration-test/target/test-dir/MiniOzoneClusterImpl-af940217-b311-440f-8e09-352fdf66236b/ozone-meta/datanode-5/data-0/hdds
2025-05-14 02:54:16,374 [e44b5a69-92f9-40f4-85c9-712e1c637b62-ContainerReader-0] INFO  ozoneimpl.ContainerReader (ContainerReader.java:readVolume(174)) - Finish verifying containers on volume /home/runner/work/ozone/ozone/hadoop-ozone/integration-test/target/test-dir/MiniOzoneClusterImpl-af940217-b311-440f-8e09-352fdf66236b/ozone-meta/datanode-5/data-0/hdds
2025-05-14 02:54:16,375 [ForkJoinPool.commonPool-worker-2] WARN  impl.ContainerSet (ContainerSet.java:lambda$buildMissingContainerSetAndValidate$2(484)) - Adding container 5 to missing container set.
2025-05-14 02:54:16,375 [e44b5a69-92f9-40f4-85c9-712e1c637b62-EndpointStateMachineTaskThread-/0.0.0.0:15002-0 ] INFO  ozoneimpl.OzoneContainer (OzoneContainer.java:buildContainerSet(364)) - Build ContainerSet costs 0s
2025-05-14 02:54:16,376 [e44b5a69-92f9-40f4-85c9-712e1c637b62-EndpointStateMachineTaskThread-/0.0.0.0:15002-0 ] INFO  volume.ThrottledAsyncChecker (ThrottledAsyncChecker.java:schedule(138)) - Scheduling a check for /home/runner/work/ozone/ozone/hadoop-ozone/integration-test/target/test-dir/MiniOzoneClusterImpl-af940217-b311-440f-8e09-352fdf66236b/ozone-meta/datanode-5/data-0/hdds
2025-05-14 02:54:16,380 [e44b5a69-92f9-40f4-85c9-712e1c637b62-EndpointStateMachineTaskThread-/0.0.0.0:15002-0 ] INFO  volume.StorageVolumeChecker (StorageVolumeChecker.java:checkAllVolumes(215)) - Scheduled health check for volume /home/runner/work/ozone/ozone/hadoop-ozone/integration-test/target/test-dir/MiniOzoneClusterImpl-af940217-b311-440f-8e09-352fdf66236b/ozone-meta/datanode-5/data-0/hdds
2025-05-14 02:54:16,385 [e44b5a69-92f9-40f4-85c9-712e1c637b62-EndpointStateMachineTaskThread-/0.0.0.0:15002-0 ] INFO  volume.ThrottledAsyncChecker (ThrottledAsyncChecker.java:schedule(138)) - Scheduling a check for /home/runner/work/ozone/ozone/hadoop-ozone/integration-test/target/test-dir/MiniOzoneClusterImpl-af940217-b311-440f-8e09-352fdf66236b/ozone-meta/datanode-5/ratis630cd441-1fbc-4332-a044-ef429d701783
2025-05-14 02:54:16,385 [e44b5a69-92f9-40f4-85c9-712e1c637b62-EndpointStateMachineTaskThread-/0.0.0.0:15002-0 ] INFO  volume.StorageVolumeChecker (StorageVolumeChecker.java:checkAllVolumes(215)) - Scheduled health check for volume /home/runner/work/ozone/ozone/hadoop-ozone/integration-test/target/test-dir/MiniOzoneClusterImpl-af940217-b311-440f-8e09-352fdf66236b/ozone-meta/datanode-5/ratis630cd441-1fbc-4332-a044-ef429d701783
2025-05-14 02:54:16,385 [e44b5a69-92f9-40f4-85c9-712e1c637b62-EndpointStateMachineTaskThread-/0.0.0.0:15002-0 ] INFO  ozoneimpl.OzoneContainer (OzoneContainer.java:start(512)) - Attempting to start container services.
2025-05-14 02:54:16,387 [ContainerDataScanner(/home/runner/work/ozone/ozone/hadoop-ozone/integration-test/target/test-dir/MiniOzoneClusterImpl-af940217-b311-440f-8e09-352fdf66236b/ozone-meta/datanode-5/data-0/hdds)] INFO  ozoneimpl.AbstractBackgroundContainerScanner (AbstractBackgroundContainerScanner.java:runIteration(89)) - Completed an iteration in 0 minutes. Number of iterations (since the data-node restart) : 1, Number of containers scanned in this iteration : 0, Number of unhealthy containers found in this iteration : 0
2025-05-14 02:54:16,387 [e44b5a69-92f9-40f4-85c9-712e1c637b62-EndpointStateMachineTaskThread-/0.0.0.0:15002-0 ] INFO  replication.ReplicationServer (ReplicationServer.java:start(137)) - ReplicationServer is started using port 15049
2025-05-14 02:54:16,387 [e44b5a69-92f9-40f4-85c9-712e1c637b62-EndpointStateMachineTaskThread-/0.0.0.0:15002-0 ] INFO  ratis.XceiverServerRatis (XceiverServerRatis.java:start(559)) - Starting XceiverServerRatis(e44b5a69-92f9-40f4-85c9-712e1c637b62)
2025-05-14 02:54:16,388 [e44b5a69-92f9-40f4-85c9-712e1c637b62-EndpointStateMachineTaskThread-/0.0.0.0:15002-0 ] INFO  server.RaftServer (RaftServerProxy.java:startImpl(407)) - e44b5a69-92f9-40f4-85c9-712e1c637b62: start RPC server
2025-05-14 02:54:16,389 [e44b5a69-92f9-40f4-85c9-712e1c637b62-EndpointStateMachineTaskThread-/0.0.0.0:15002-0 ] INFO  server.GrpcService (GrpcService.java:startImpl(334)) - e44b5a69-92f9-40f4-85c9-712e1c637b62: GrpcService started, listening on 15045
2025-05-14 02:54:16,389 [e44b5a69-92f9-40f4-85c9-712e1c637b62-EndpointStateMachineTaskThread-/0.0.0.0:15002-0 ] INFO  server.GrpcService (GrpcService.java:startImpl(334)) - e44b5a69-92f9-40f4-85c9-712e1c637b62: GrpcService started, listening on 15047
2025-05-14 02:54:16,389 [e44b5a69-92f9-40f4-85c9-712e1c637b62-EndpointStateMachineTaskThread-/0.0.0.0:15002-0 ] INFO  server.GrpcService (GrpcService.java:startImpl(334)) - e44b5a69-92f9-40f4-85c9-712e1c637b62: GrpcService started, listening on 15046
2025-05-14 02:54:16,390 [e44b5a69-92f9-40f4-85c9-712e1c637b62-EndpointStateMachineTaskThread-/0.0.0.0:15002-0 ] INFO  ratis.XceiverServerRatis (XceiverServerRatis.java:getRealPort(586)) - XceiverServerRatis(e44b5a69-92f9-40f4-85c9-712e1c637b62) is started using port RATIS=15045
2025-05-14 02:54:16,390 [ContainerMetadataScanner] INFO  ozoneimpl.AbstractBackgroundContainerScanner (AbstractBackgroundContainerScanner.java:runIteration(89)) - Completed an iteration in 0 minutes. Number of iterations (since the data-node restart) : 1, Number of containers scanned in this iteration : 1, Number of unhealthy containers found in this iteration : 0
2025-05-14 02:54:16,390 [JvmPauseMonitor13] INFO  util.JvmPauseMonitor (JvmPauseMonitor.java:run(146)) - JvmPauseMonitor-e44b5a69-92f9-40f4-85c9-712e1c637b62: Started
2025-05-14 02:54:16,390 [e44b5a69-92f9-40f4-85c9-712e1c637b62-EndpointStateMachineTaskThread-/0.0.0.0:15002-0 ] INFO  ratis.XceiverServerRatis (XceiverServerRatis.java:getRealPort(586)) - XceiverServerRatis(e44b5a69-92f9-40f4-85c9-712e1c637b62) is started using port RATIS_ADMIN=15046
2025-05-14 02:54:16,390 [e44b5a69-92f9-40f4-85c9-712e1c637b62-EndpointStateMachineTaskThread-/0.0.0.0:15002-0 ] INFO  ratis.XceiverServerRatis (XceiverServerRatis.java:getRealPort(586)) - XceiverServerRatis(e44b5a69-92f9-40f4-85c9-712e1c637b62) is started using port RATIS_SERVER=15047
2025-05-14 02:54:16,390 [e44b5a69-92f9-40f4-85c9-712e1c637b62-EndpointStateMachineTaskThread-/0.0.0.0:15002-0 ] INFO  ratis.XceiverServerRatis (XceiverServerRatis.java:getRealPort(586)) - XceiverServerRatis(e44b5a69-92f9-40f4-85c9-712e1c637b62) is started using port RATIS_DATASTREAM=15048
2025-05-14 02:54:16,391 [e44b5a69-92f9-40f4-85c9-712e1c637b62-BlockDeletingService#0] INFO  interfaces.ContainerDeletionChoosingPolicyTemplate (ContainerDeletionChoosingPolicyTemplate.java:chooseContainerForBlockDeletion(83)) - Chosen 0/5000 blocks from 0 candidate containers.
2025-05-14 02:54:16,494 [EventQueue-PipelineActionsForPipelineActionHandler] INFO  pipeline.PipelineActionHandler (PipelineActionHandler.java:processPipelineAction(89)) - Received pipeline action CLOSE for PipelineID=d1819bd0-c34f-41f4-be2b-ca654213e6f9 from datanode c77e66e9-1cca-4fd3-bc5b-4ea2dbc3232f(localhost/127.0.0.1). Reason : Chunks directory /home/runner/work/ozone/ozone/hadoop-ozone/integration-test/target/test-dir/MiniOzoneClusterImpl-af940217-b311-440f-8e09-352fdf66236b/ozone-meta/datanode-6/data-0/hdds/af940217-b311-440f-8e09-352fdf66236b/current/containerDir0/7/chunks does not exist.
2025-05-14 02:54:16,695 [EventQueue-PipelineActionsForPipelineActionHandler] INFO  pipeline.PipelineActionHandler (PipelineActionHandler.java:processPipelineAction(89)) - Received pipeline action CLOSE for PipelineID=d1819bd0-c34f-41f4-be2b-ca654213e6f9 from datanode c77e66e9-1cca-4fd3-bc5b-4ea2dbc3232f(localhost/127.0.0.1). Reason : Chunks directory /home/runner/work/ozone/ozone/hadoop-ozone/integration-test/target/test-dir/MiniOzoneClusterImpl-af940217-b311-440f-8e09-352fdf66236b/ozone-meta/datanode-6/data-0/hdds/af940217-b311-440f-8e09-352fdf66236b/current/containerDir0/7/chunks does not exist.
2025-05-14 02:54:16,894 [EventQueue-PipelineActionsForPipelineActionHandler] INFO  pipeline.PipelineActionHandler (PipelineActionHandler.java:processPipelineAction(89)) - Received pipeline action CLOSE for PipelineID=d1819bd0-c34f-41f4-be2b-ca654213e6f9 from datanode c77e66e9-1cca-4fd3-bc5b-4ea2dbc3232f(localhost/127.0.0.1). Reason : Chunks directory /home/runner/work/ozone/ozone/hadoop-ozone/integration-test/target/test-dir/MiniOzoneClusterImpl-af940217-b311-440f-8e09-352fdf66236b/ozone-meta/datanode-6/data-0/hdds/af940217-b311-440f-8e09-352fdf66236b/current/containerDir0/7/chunks does not exist.
2025-05-14 02:54:17,094 [EventQueue-PipelineActionsForPipelineActionHandler] INFO  pipeline.PipelineActionHandler (PipelineActionHandler.java:processPipelineAction(89)) - Received pipeline action CLOSE for PipelineID=d1819bd0-c34f-41f4-be2b-ca654213e6f9 from datanode c77e66e9-1cca-4fd3-bc5b-4ea2dbc3232f(localhost/127.0.0.1). Reason : Chunks directory /home/runner/work/ozone/ozone/hadoop-ozone/integration-test/target/test-dir/MiniOzoneClusterImpl-af940217-b311-440f-8e09-352fdf66236b/ozone-meta/datanode-6/data-0/hdds/af940217-b311-440f-8e09-352fdf66236b/current/containerDir0/7/chunks does not exist.
2025-05-14 02:54:17,295 [EventQueue-PipelineActionsForPipelineActionHandler] INFO  pipeline.PipelineActionHandler (PipelineActionHandler.java:processPipelineAction(89)) - Received pipeline action CLOSE for PipelineID=d1819bd0-c34f-41f4-be2b-ca654213e6f9 from datanode c77e66e9-1cca-4fd3-bc5b-4ea2dbc3232f(localhost/127.0.0.1). Reason : Chunks directory /home/runner/work/ozone/ozone/hadoop-ozone/integration-test/target/test-dir/MiniOzoneClusterImpl-af940217-b311-440f-8e09-352fdf66236b/ozone-meta/datanode-6/data-0/hdds/af940217-b311-440f-8e09-352fdf66236b/current/containerDir0/7/chunks does not exist.
2025-05-14 02:54:17,494 [EventQueue-PipelineActionsForPipelineActionHandler] INFO  pipeline.PipelineActionHandler (PipelineActionHandler.java:processPipelineAction(89)) - Received pipeline action CLOSE for PipelineID=d1819bd0-c34f-41f4-be2b-ca654213e6f9 from datanode c77e66e9-1cca-4fd3-bc5b-4ea2dbc3232f(localhost/127.0.0.1). Reason : Chunks directory /home/runner/work/ozone/ozone/hadoop-ozone/integration-test/target/test-dir/MiniOzoneClusterImpl-af940217-b311-440f-8e09-352fdf66236b/ozone-meta/datanode-6/data-0/hdds/af940217-b311-440f-8e09-352fdf66236b/current/containerDir0/7/chunks does not exist.
2025-05-14 02:54:17,695 [EventQueue-PipelineActionsForPipelineActionHandler] INFO  pipeline.PipelineActionHandler (PipelineActionHandler.java:processPipelineAction(89)) - Received pipeline action CLOSE for PipelineID=d1819bd0-c34f-41f4-be2b-ca654213e6f9 from datanode c77e66e9-1cca-4fd3-bc5b-4ea2dbc3232f(localhost/127.0.0.1). Reason : Chunks directory /home/runner/work/ozone/ozone/hadoop-ozone/integration-test/target/test-dir/MiniOzoneClusterImpl-af940217-b311-440f-8e09-352fdf66236b/ozone-meta/datanode-6/data-0/hdds/af940217-b311-440f-8e09-352fdf66236b/current/containerDir0/7/chunks does not exist.
2025-05-14 02:54:17,896 [EventQueue-PipelineActionsForPipelineActionHandler] INFO  pipeline.PipelineActionHandler (PipelineActionHandler.java:processPipelineAction(89)) - Received pipeline action CLOSE for PipelineID=d1819bd0-c34f-41f4-be2b-ca654213e6f9 from datanode c77e66e9-1cca-4fd3-bc5b-4ea2dbc3232f(localhost/127.0.0.1). Reason : Chunks directory /home/runner/work/ozone/ozone/hadoop-ozone/integration-test/target/test-dir/MiniOzoneClusterImpl-af940217-b311-440f-8e09-352fdf66236b/ozone-meta/datanode-6/data-0/hdds/af940217-b311-440f-8e09-352fdf66236b/current/containerDir0/7/chunks does not exist.
2025-05-14 02:54:18,095 [EventQueue-PipelineActionsForPipelineActionHandler] INFO  pipeline.PipelineActionHandler (PipelineActionHandler.java:processPipelineAction(89)) - Received pipeline action CLOSE for PipelineID=d1819bd0-c34f-41f4-be2b-ca654213e6f9 from datanode c77e66e9-1cca-4fd3-bc5b-4ea2dbc3232f(localhost/127.0.0.1). Reason : Chunks directory /home/runner/work/ozone/ozone/hadoop-ozone/integration-test/target/test-dir/MiniOzoneClusterImpl-af940217-b311-440f-8e09-352fdf66236b/ozone-meta/datanode-6/data-0/hdds/af940217-b311-440f-8e09-352fdf66236b/current/containerDir0/7/chunks does not exist.
2025-05-14 02:54:18,295 [EventQueue-PipelineActionsForPipelineActionHandler] INFO  pipeline.PipelineActionHandler (PipelineActionHandler.java:processPipelineAction(89)) - Received pipeline action CLOSE for PipelineID=d1819bd0-c34f-41f4-be2b-ca654213e6f9 from datanode c77e66e9-1cca-4fd3-bc5b-4ea2dbc3232f(localhost/127.0.0.1). Reason : Chunks directory /home/runner/work/ozone/ozone/hadoop-ozone/integration-test/target/test-dir/MiniOzoneClusterImpl-af940217-b311-440f-8e09-352fdf66236b/ozone-meta/datanode-6/data-0/hdds/af940217-b311-440f-8e09-352fdf66236b/current/containerDir0/7/chunks does not exist.
2025-05-14 02:54:18,495 [EventQueue-PipelineActionsForPipelineActionHandler] INFO  pipeline.PipelineActionHandler (PipelineActionHandler.java:processPipelineAction(89)) - Received pipeline action CLOSE for PipelineID=d1819bd0-c34f-41f4-be2b-ca654213e6f9 from datanode c77e66e9-1cca-4fd3-bc5b-4ea2dbc3232f(localhost/127.0.0.1). Reason : Chunks directory /home/runner/work/ozone/ozone/hadoop-ozone/integration-test/target/test-dir/MiniOzoneClusterImpl-af940217-b311-440f-8e09-352fdf66236b/ozone-meta/datanode-6/data-0/hdds/af940217-b311-440f-8e09-352fdf66236b/current/containerDir0/7/chunks does not exist.
2025-05-14 02:54:18,696 [EventQueue-PipelineActionsForPipelineActionHandler] INFO  pipeline.PipelineActionHandler (PipelineActionHandler.java:processPipelineAction(89)) - Received pipeline action CLOSE for PipelineID=d1819bd0-c34f-41f4-be2b-ca654213e6f9 from datanode c77e66e9-1cca-4fd3-bc5b-4ea2dbc3232f(localhost/127.0.0.1). Reason : Chunks directory /home/runner/work/ozone/ozone/hadoop-ozone/integration-test/target/test-dir/MiniOzoneClusterImpl-af940217-b311-440f-8e09-352fdf66236b/ozone-meta/datanode-6/data-0/hdds/af940217-b311-440f-8e09-352fdf66236b/current/containerDir0/7/chunks does not exist.
2025-05-14 02:54:18,889 [timer6] ERROR impl.OrderedAsync (OrderedAsync.java:lambda$null$6(215)) -  client-B9A046893547: Failed* RaftClientRequest:client-B9A046893547->c77e66e9-1cca-4fd3-bc5b-4ea2dbc3232f@group-CA654213E6F9, cid=153, seq=4, RW, cmdType: WriteChunk
traceID: ""
containerID: 7
datanodeUuid: "c77e66e9-1cca-4fd3-bc5b-4ea2dbc3232f"
writeChunk {
  blockID {
    containerID: 7
    localID: 115816896921600007
    blockCommitSequenceId: 2
    replicaIndex: 0
  }
  chunkData {
    chunkName: "115816896921600007_chunk_2"
    offset: 5
    len: 5
    checksumData {
      type: CRC32
      bytesPerChecksum: 16384
      checksums: "\350a\3440"
    }
  }
}
version: 3
, data.size=5
java.util.concurrent.CompletionException: org.apache.ratis.protocol.exceptions.TimeoutIOException: client-B9A046893547->c77e66e9-1cca-4fd3-bc5b-4ea2dbc3232f request #153 timeout 3000ms
	at java.base/java.util.concurrent.CompletableFuture.encodeThrowable(CompletableFuture.java:332)
	at java.base/java.util.concurrent.CompletableFuture.completeThrowable(CompletableFuture.java:347)
	at java.base/java.util.concurrent.CompletableFuture$UniAccept.tryFire(CompletableFuture.java:708)
	at java.base/java.util.concurrent.CompletableFuture.postComplete(CompletableFuture.java:510)
	at java.base/java.util.concurrent.CompletableFuture.completeExceptionally(CompletableFuture.java:2194)
	at org.apache.ratis.grpc.client.GrpcClientProtocolClient$AsyncStreamObservers.lambda$timeoutCheck$5(GrpcClientProtocolClient.java:376)
	at java.base/java.util.Optional.ifPresent(Optional.java:178)
	at org.apache.ratis.grpc.client.GrpcClientProtocolClient$AsyncStreamObservers.handleReplyFuture(GrpcClientProtocolClient.java:381)
	at org.apache.ratis.grpc.client.GrpcClientProtocolClient$AsyncStreamObservers.timeoutCheck(GrpcClientProtocolClient.java:376)
	at org.apache.ratis.grpc.client.GrpcClientProtocolClient$AsyncStreamObservers.lambda$onNext$3(GrpcClientProtocolClient.java:369)
	at org.apache.ratis.util.TimeoutTimer.lambda$onTimeout$2(TimeoutTimer.java:101)
	at org.apache.ratis.util.LogUtils.runAndLog(LogUtils.java:38)
	at org.apache.ratis.util.LogUtils$1.run(LogUtils.java:78)
	at org.apache.ratis.util.TimeoutTimer$Task.run(TimeoutTimer.java:55)
	at java.base/java.util.TimerThread.mainLoop(Timer.java:566)
	at java.base/java.util.TimerThread.run(Timer.java:516)
Caused by: org.apache.ratis.protocol.exceptions.TimeoutIOException: client-B9A046893547->c77e66e9-1cca-4fd3-bc5b-4ea2dbc3232f request #153 timeout 3000ms
	at org.apache.ratis.grpc.client.GrpcClientProtocolClient$AsyncStreamObservers.lambda$timeoutCheck$5(GrpcClientProtocolClient.java:377)
	... 10 more
2025-05-14 02:54:18,890 [timer7] ERROR impl.OrderedAsync (OrderedAsync.java:lambda$null$6(215)) -  client-B9A046893547: Failed* RaftClientRequest:client-B9A046893547->c77e66e9-1cca-4fd3-bc5b-4ea2dbc3232f@group-CA654213E6F9, cid=154, seq=5, RW, cmdType: PutBlock
traceID: ""
containerID: 7
datanodeUuid: "c77e66e9-1cca-4fd3-bc5b-4ea2dbc3232f"
putBlock {
  blockData {
    blockID {
      containerID: 7
      localID: 115816896921600007
      blockCommitSequenceId: 0
    }
    metadata {
      key: "TYPE"
      value: "KEY"
    }
    chunks {
      chunkName: "115816896921600007_chunk_1"
      offset: 0
      len: 5
      checksumData {
        type: CRC32
        bytesPerChecksum: 16384
        checksums: "\350a\3440"
      }
    }
    chunks {
      chunkName: "115816896921600007_chunk_2"
      offset: 5
      len: 5
      checksumData {
        type: CRC32
        bytesPerChecksum: 16384
        checksums: "\350a\3440"
      }
    }
  }
  eof: true
}
version: 3
, data.size=0
java.util.concurrent.CompletionException: org.apache.ratis.protocol.exceptions.TimeoutIOException: client-B9A046893547->c77e66e9-1cca-4fd3-bc5b-4ea2dbc3232f request #154 timeout 3000ms
	at java.base/java.util.concurrent.CompletableFuture.encodeThrowable(CompletableFuture.java:332)
	at java.base/java.util.concurrent.CompletableFuture.completeThrowable(CompletableFuture.java:347)
	at java.base/java.util.concurrent.CompletableFuture$UniAccept.tryFire(CompletableFuture.java:708)
	at java.base/java.util.concurrent.CompletableFuture.postComplete(CompletableFuture.java:510)
	at java.base/java.util.concurrent.CompletableFuture.completeExceptionally(CompletableFuture.java:2194)
	at org.apache.ratis.grpc.client.GrpcClientProtocolClient$AsyncStreamObservers.lambda$timeoutCheck$5(GrpcClientProtocolClient.java:376)
	at java.base/java.util.Optional.ifPresent(Optional.java:178)
	at org.apache.ratis.grpc.client.GrpcClientProtocolClient$AsyncStreamObservers.handleReplyFuture(GrpcClientProtocolClient.java:381)
	at org.apache.ratis.grpc.client.GrpcClientProtocolClient$AsyncStreamObservers.timeoutCheck(GrpcClientProtocolClient.java:376)
	at org.apache.ratis.grpc.client.GrpcClientProtocolClient$AsyncStreamObservers.lambda$onNext$3(GrpcClientProtocolClient.java:369)
	at org.apache.ratis.util.TimeoutTimer.lambda$onTimeout$2(TimeoutTimer.java:101)
	at org.apache.ratis.util.LogUtils.runAndLog(LogUtils.java:38)
	at org.apache.ratis.util.LogUtils$1.run(LogUtils.java:78)
	at org.apache.ratis.util.TimeoutTimer$Task.run(TimeoutTimer.java:55)
	at java.base/java.util.TimerThread.mainLoop(Timer.java:566)
	at java.base/java.util.TimerThread.run(Timer.java:516)
Caused by: org.apache.ratis.protocol.exceptions.TimeoutIOException: client-B9A046893547->c77e66e9-1cca-4fd3-bc5b-4ea2dbc3232f request #154 timeout 3000ms
	at org.apache.ratis.grpc.client.GrpcClientProtocolClient$AsyncStreamObservers.lambda$timeoutCheck$5(GrpcClientProtocolClient.java:377)
	... 10 more
2025-05-14 02:54:18,895 [c77e66e9-1cca-4fd3-bc5b-4ea2dbc3232f@group-CA654213E6F9-SegmentedRaftLogWorker] WARN  segmented.SegmentedRaftLogWorker (SegmentedRaftLogWorker.java:lambda$close$3(249)) - c77e66e9-1cca-4fd3-bc5b-4ea2dbc3232f@group-CA654213E6F9-SegmentedRaftLogWorker: shutdown timeout in 3s
2025-05-14 02:54:18,896 [EventQueue-PipelineActionsForPipelineActionHandler] INFO  pipeline.PipelineActionHandler (PipelineActionHandler.java:processPipelineAction(89)) - Received pipeline action CLOSE for PipelineID=d1819bd0-c34f-41f4-be2b-ca654213e6f9 from datanode c77e66e9-1cca-4fd3-bc5b-4ea2dbc3232f(localhost/127.0.0.1). Reason : Chunks directory /home/runner/work/ozone/ozone/hadoop-ozone/integration-test/target/test-dir/MiniOzoneClusterImpl-af940217-b311-440f-8e09-352fdf66236b/ozone-meta/datanode-6/data-0/hdds/af940217-b311-440f-8e09-352fdf66236b/current/containerDir0/7/chunks does not exist.
2025-05-14 02:54:18,896 [c77e66e9-1cca-4fd3-bc5b-4ea2dbc3232f@group-CA654213E6F9-SegmentedRaftLogWorker] INFO  segmented.SegmentedRaftLogWorker (SegmentedRaftLogWorker.java:close(252)) - c77e66e9-1cca-4fd3-bc5b-4ea2dbc3232f@group-CA654213E6F9-SegmentedRaftLogWorker close()
2025-05-14 02:54:19,095 [EventQueue-PipelineActionsForPipelineActionHandler] INFO  pipeline.PipelineActionHandler (PipelineActionHandler.java:processPipelineAction(89)) - Received pipeline action CLOSE for PipelineID=d1819bd0-c34f-41f4-be2b-ca654213e6f9 from datanode c77e66e9-1cca-4fd3-bc5b-4ea2dbc3232f(localhost/127.0.0.1). Reason : Chunks directory /home/runner/work/ozone/ozone/hadoop-ozone/integration-test/target/test-dir/MiniOzoneClusterImpl-af940217-b311-440f-8e09-352fdf66236b/ozone-meta/datanode-6/data-0/hdds/af940217-b311-440f-8e09-352fdf66236b/current/containerDir0/7/chunks does not exist.
2025-05-14 02:54:19,296 [EventQueue-PipelineActionsForPipelineActionHandler] INFO  pipeline.PipelineActionHandler (PipelineActionHandler.java:processPipelineAction(89)) - Received pipeline action CLOSE for PipelineID=d1819bd0-c34f-41f4-be2b-ca654213e6f9 from datanode c77e66e9-1cca-4fd3-bc5b-4ea2dbc3232f(localhost/127.0.0.1). Reason : Chunks directory /home/runner/work/ozone/ozone/hadoop-ozone/integration-test/target/test-dir/MiniOzoneClusterImpl-af940217-b311-440f-8e09-352fdf66236b/ozone-meta/datanode-6/data-0/hdds/af940217-b311-440f-8e09-352fdf66236b/current/containerDir0/7/chunks does not exist.
2025-05-14 02:54:19,497 [EventQueue-PipelineActionsForPipelineActionHandler] INFO  pipeline.PipelineActionHandler (PipelineActionHandler.java:processPipelineAction(89)) - Received pipeline action CLOSE for PipelineID=d1819bd0-c34f-41f4-be2b-ca654213e6f9 from datanode c77e66e9-1cca-4fd3-bc5b-4ea2dbc3232f(localhost/127.0.0.1). Reason : Chunks directory /home/runner/work/ozone/ozone/hadoop-ozone/integration-test/target/test-dir/MiniOzoneClusterImpl-af940217-b311-440f-8e09-352fdf66236b/ozone-meta/datanode-6/data-0/hdds/af940217-b311-440f-8e09-352fdf66236b/current/containerDir0/7/chunks does not exist.
2025-05-14 02:54:19,696 [EventQueue-PipelineActionsForPipelineActionHandler] INFO  pipeline.PipelineActionHandler (PipelineActionHandler.java:processPipelineAction(89)) - Received pipeline action CLOSE for PipelineID=d1819bd0-c34f-41f4-be2b-ca654213e6f9 from datanode c77e66e9-1cca-4fd3-bc5b-4ea2dbc3232f(localhost/127.0.0.1). Reason : Chunks directory /home/runner/work/ozone/ozone/hadoop-ozone/integration-test/target/test-dir/MiniOzoneClusterImpl-af940217-b311-440f-8e09-352fdf66236b/ozone-meta/datanode-6/data-0/hdds/af940217-b311-440f-8e09-352fdf66236b/current/containerDir0/7/chunks does not exist.
2025-05-14 02:54:19,786 [c77e66e9-1cca-4fd3-bc5b-4ea2dbc3232f@group-90B7BBECBC71-FollowerState] INFO  impl.FollowerState (FollowerState.java:runImpl(161)) - c77e66e9-1cca-4fd3-bc5b-4ea2dbc3232f@group-90B7BBECBC71-FollowerState: change to CANDIDATE, lastRpcElapsedTime:7691298183ns, electionTimeout:5132ms
2025-05-14 02:54:19,786 [c77e66e9-1cca-4fd3-bc5b-4ea2dbc3232f@group-90B7BBECBC71-FollowerState] INFO  impl.RoleInfo (RoleInfo.java:shutdownFollowerState(121)) - c77e66e9-1cca-4fd3-bc5b-4ea2dbc3232f: shutdown c77e66e9-1cca-4fd3-bc5b-4ea2dbc3232f@group-90B7BBECBC71-FollowerState
2025-05-14 02:54:19,786 [c77e66e9-1cca-4fd3-bc5b-4ea2dbc3232f@group-90B7BBECBC71-FollowerState] INFO  server.RaftServer$Division (RaftServerImpl.java:setRole(378)) - c77e66e9-1cca-4fd3-bc5b-4ea2dbc3232f@group-90B7BBECBC71: changes role from  FOLLOWER to CANDIDATE at term 1 for changeToCandidate
2025-05-14 02:54:19,786 [c77e66e9-1cca-4fd3-bc5b-4ea2dbc3232f@group-90B7BBECBC71-FollowerState] INFO  server.RaftServerConfigKeys (ConfUtils.java:logGet(46)) - raft.server.leaderelection.pre-vote = true (default)
2025-05-14 02:54:19,787 [c77e66e9-1cca-4fd3-bc5b-4ea2dbc3232f@group-90B7BBECBC71-FollowerState] INFO  impl.RoleInfo (RoleInfo.java:updateAndGet(148)) - c77e66e9-1cca-4fd3-bc5b-4ea2dbc3232f: start c77e66e9-1cca-4fd3-bc5b-4ea2dbc3232f@group-90B7BBECBC71-LeaderElection23
2025-05-14 02:54:19,787 [c77e66e9-1cca-4fd3-bc5b-4ea2dbc3232f@group-90B7BBECBC71-LeaderElection23] INFO  server.RaftServer$Division (ServerState.java:setLeader(272)) - c77e66e9-1cca-4fd3-bc5b-4ea2dbc3232f@group-90B7BBECBC71: change Leader from e44b5a69-92f9-40f4-85c9-712e1c637b62 to null at term 1 for PRE_VOTE
2025-05-14 02:54:19,787 [c77e66e9-1cca-4fd3-bc5b-4ea2dbc3232f@group-90B7BBECBC71-LeaderElection23] INFO  impl.LeaderElection (LeaderElection.java:askForVotes(332)) - c77e66e9-1cca-4fd3-bc5b-4ea2dbc3232f@group-90B7BBECBC71-LeaderElection23 PRE_VOTE round 0: submit vote requests at term 1 for conf: {index: 0, cur=peers:[d4e44fd7-0e23-4e4f-bc30-0c7965de497d|127.0.0.1:15039, e44b5a69-92f9-40f4-85c9-712e1c637b62|127.0.0.1:15047, c77e66e9-1cca-4fd3-bc5b-4ea2dbc3232f|127.0.0.1:15055]|listeners:[], old=null}
2025-05-14 02:54:19,789 [grpc-default-executor-5] INFO  server.RaftServer$Division (RaftServerImpl.java:requestVote(1407)) - d4e44fd7-0e23-4e4f-bc30-0c7965de497d@group-90B7BBECBC71: receive requestVote(PRE_VOTE, c77e66e9-1cca-4fd3-bc5b-4ea2dbc3232f, group-90B7BBECBC71, 1, (t:1, i:10))
2025-05-14 02:54:19,789 [grpc-default-executor-5] INFO  impl.VoteContext (VoteContext.java:log(49)) - d4e44fd7-0e23-4e4f-bc30-0c7965de497d@group-90B7BBECBC71-FOLLOWER: accept PRE_VOTE from c77e66e9-1cca-4fd3-bc5b-4ea2dbc3232f: our priority 0 <= candidate's priority 0
2025-05-14 02:54:19,790 [grpc-default-executor-5] INFO  server.RaftServer$Division (RaftServerImpl.java:requestVote(1441)) - d4e44fd7-0e23-4e4f-bc30-0c7965de497d@group-90B7BBECBC71 replies to PRE_VOTE vote request: c77e66e9-1cca-4fd3-bc5b-4ea2dbc3232f<-d4e44fd7-0e23-4e4f-bc30-0c7965de497d#0:OK-t1. Peer's state: d4e44fd7-0e23-4e4f-bc30-0c7965de497d@group-90B7BBECBC71:t1, leader=e44b5a69-92f9-40f4-85c9-712e1c637b62, voted=e44b5a69-92f9-40f4-85c9-712e1c637b62, raftlog=Memoized:d4e44fd7-0e23-4e4f-bc30-0c7965de497d@group-90B7BBECBC71-SegmentedRaftLog:OPENED:c10:last(t:1, i:10), conf=conf: {index: 0, cur=peers:[d4e44fd7-0e23-4e4f-bc30-0c7965de497d|127.0.0.1:15039, e44b5a69-92f9-40f4-85c9-712e1c637b62|127.0.0.1:15047, c77e66e9-1cca-4fd3-bc5b-4ea2dbc3232f|127.0.0.1:15055]|listeners:[], old=null}
2025-05-14 02:54:19,791 [grpc-default-executor-5] WARN  server.GrpcServerProtocolService (LogUtils.java:warn(123)) - e44b5a69-92f9-40f4-85c9-712e1c637b62: Failed requestVote c77e66e9-1cca-4fd3-bc5b-4ea2dbc3232f->e44b5a69-92f9-40f4-85c9-712e1c637b62#0
org.apache.ratis.protocol.exceptions.GroupMismatchException: e44b5a69-92f9-40f4-85c9-712e1c637b62: group-90B7BBECBC71 not found.
	at org.apache.ratis.server.impl.RaftServerProxy$ImplMap.get(RaftServerProxy.java:155)
	at org.apache.ratis.server.impl.RaftServerProxy.getImplFuture(RaftServerProxy.java:365)
	at org.apache.ratis.server.impl.RaftServerProxy.getImpl(RaftServerProxy.java:374)
	at org.apache.ratis.server.impl.RaftServerProxy.getImpl(RaftServerProxy.java:369)
	at org.apache.ratis.server.impl.RaftServerProxy.requestVote(RaftServerProxy.java:633)
	at org.apache.ratis.grpc.server.GrpcServerProtocolService.requestVote(GrpcServerProtocolService.java:192)
	at org.apache.ratis.proto.grpc.RaftServerProtocolServiceGrpc$MethodHandlers.invoke(RaftServerProtocolServiceGrpc.java:428)
	at org.apache.ratis.thirdparty.io.grpc.stub.ServerCalls$UnaryServerCallHandler$UnaryServerCallListener.onHalfClose(ServerCalls.java:182)
	at org.apache.ratis.thirdparty.io.grpc.internal.ServerCallImpl$ServerStreamListenerImpl.halfClosed(ServerCallImpl.java:351)
	at org.apache.ratis.thirdparty.io.grpc.internal.ServerImpl$JumpToApplicationThreadServerStreamListener$1HalfClosed.runInContext(ServerImpl.java:860)
	at org.apache.ratis.thirdparty.io.grpc.internal.ContextRunnable.run(ContextRunnable.java:37)
	at org.apache.ratis.thirdparty.io.grpc.internal.SerializingExecutor.run(SerializingExecutor.java:133)
	at java.base/java.util.concurrent.ThreadPoolExecutor.runWorker(ThreadPoolExecutor.java:1144)
	at java.base/java.util.concurrent.ThreadPoolExecutor$Worker.run(ThreadPoolExecutor.java:642)
	at java.base/java.lang.Thread.run(Thread.java:1583)
2025-05-14 02:54:19,794 [c77e66e9-1cca-4fd3-bc5b-4ea2dbc3232f@group-90B7BBECBC71-LeaderElection23] INFO  impl.LeaderElection (LogUtils.java:infoOrTrace(136)) - c77e66e9-1cca-4fd3-bc5b-4ea2dbc3232f@group-90B7BBECBC71-LeaderElection23 got exception when requesting votes: java.util.concurrent.ExecutionException: org.apache.ratis.thirdparty.io.grpc.StatusRuntimeException: INTERNAL: e44b5a69-92f9-40f4-85c9-712e1c637b62: group-90B7BBECBC71 not found.
2025-05-14 02:54:19,794 [c77e66e9-1cca-4fd3-bc5b-4ea2dbc3232f@group-90B7BBECBC71-LeaderElection23] INFO  impl.LeaderElection (LeaderElection.java:logAndReturn(90)) - c77e66e9-1cca-4fd3-bc5b-4ea2dbc3232f@group-90B7BBECBC71-LeaderElection23: PRE_VOTE PASSED received 1 response(s) and 1 exception(s):
2025-05-14 02:54:19,794 [c77e66e9-1cca-4fd3-bc5b-4ea2dbc3232f@group-90B7BBECBC71-LeaderElection23] INFO  impl.LeaderElection (LeaderElection.java:logAndReturn(94)) -   Response 0: c77e66e9-1cca-4fd3-bc5b-4ea2dbc3232f<-d4e44fd7-0e23-4e4f-bc30-0c7965de497d#0:OK-t1
2025-05-14 02:54:19,794 [c77e66e9-1cca-4fd3-bc5b-4ea2dbc3232f@group-90B7BBECBC71-LeaderElection23] INFO  impl.LeaderElection (LogUtils.java:infoOrTrace(136)) -   Exception 1: java.util.concurrent.ExecutionException: org.apache.ratis.thirdparty.io.grpc.StatusRuntimeException: INTERNAL: e44b5a69-92f9-40f4-85c9-712e1c637b62: group-90B7BBECBC71 not found.
2025-05-14 02:54:19,794 [c77e66e9-1cca-4fd3-bc5b-4ea2dbc3232f@group-90B7BBECBC71-LeaderElection23] INFO  impl.LeaderElection (LeaderElection.java:askForVotes(334)) - c77e66e9-1cca-4fd3-bc5b-4ea2dbc3232f@group-90B7BBECBC71-LeaderElection23 PRE_VOTE round 0: result PASSED
2025-05-14 02:54:19,795 [c77e66e9-1cca-4fd3-bc5b-4ea2dbc3232f@group-90B7BBECBC71-LeaderElection23] INFO  impl.LeaderElection (LeaderElection.java:askForVotes(332)) - c77e66e9-1cca-4fd3-bc5b-4ea2dbc3232f@group-90B7BBECBC71-LeaderElection23 ELECTION round 0: submit vote requests at term 2 for conf: {index: 0, cur=peers:[d4e44fd7-0e23-4e4f-bc30-0c7965de497d|127.0.0.1:15039, e44b5a69-92f9-40f4-85c9-712e1c637b62|127.0.0.1:15047, c77e66e9-1cca-4fd3-bc5b-4ea2dbc3232f|127.0.0.1:15055]|listeners:[], old=null}
2025-05-14 02:54:19,796 [grpc-default-executor-5] INFO  server.RaftServer$Division (RaftServerImpl.java:requestVote(1407)) - d4e44fd7-0e23-4e4f-bc30-0c7965de497d@group-90B7BBECBC71: receive requestVote(ELECTION, c77e66e9-1cca-4fd3-bc5b-4ea2dbc3232f, group-90B7BBECBC71, 2, (t:1, i:10))
2025-05-14 02:54:19,796 [grpc-default-executor-5] INFO  impl.VoteContext (VoteContext.java:log(49)) - d4e44fd7-0e23-4e4f-bc30-0c7965de497d@group-90B7BBECBC71-FOLLOWER: accept ELECTION from c77e66e9-1cca-4fd3-bc5b-4ea2dbc3232f: our priority 0 <= candidate's priority 0
2025-05-14 02:54:19,797 [grpc-default-executor-5] INFO  server.RaftServer$Division (RaftServerImpl.java:setRole(378)) - d4e44fd7-0e23-4e4f-bc30-0c7965de497d@group-90B7BBECBC71: changes role from  FOLLOWER to FOLLOWER at term 1 for candidate:c77e66e9-1cca-4fd3-bc5b-4ea2dbc3232f
2025-05-14 02:54:19,797 [grpc-default-executor-5] INFO  impl.RoleInfo (RoleInfo.java:shutdownFollowerState(121)) - d4e44fd7-0e23-4e4f-bc30-0c7965de497d: shutdown d4e44fd7-0e23-4e4f-bc30-0c7965de497d@group-90B7BBECBC71-FollowerState
2025-05-14 02:54:19,797 [grpc-default-executor-5] INFO  server.RaftServer$Division (ServerState.java:setLeader(272)) - d4e44fd7-0e23-4e4f-bc30-0c7965de497d@group-90B7BBECBC71: change Leader from e44b5a69-92f9-40f4-85c9-712e1c637b62 to null at term 2 for updateCurrentTerm
2025-05-14 02:54:19,797 [grpc-default-executor-5] INFO  impl.RoleInfo (RoleInfo.java:updateAndGet(148)) - d4e44fd7-0e23-4e4f-bc30-0c7965de497d: start d4e44fd7-0e23-4e4f-bc30-0c7965de497d@group-90B7BBECBC71-FollowerState
2025-05-14 02:54:19,797 [d4e44fd7-0e23-4e4f-bc30-0c7965de497d@group-90B7BBECBC71-FollowerState] INFO  impl.FollowerState (FollowerState.java:runImpl(170)) - d4e44fd7-0e23-4e4f-bc30-0c7965de497d@group-90B7BBECBC71-FollowerState was interrupted
2025-05-14 02:54:19,797 [grpc-default-executor-2] WARN  server.GrpcServerProtocolService (LogUtils.java:warn(123)) - e44b5a69-92f9-40f4-85c9-712e1c637b62: Failed requestVote c77e66e9-1cca-4fd3-bc5b-4ea2dbc3232f->e44b5a69-92f9-40f4-85c9-712e1c637b62#0
org.apache.ratis.protocol.exceptions.GroupMismatchException: e44b5a69-92f9-40f4-85c9-712e1c637b62: group-90B7BBECBC71 not found.
	at org.apache.ratis.server.impl.RaftServerProxy$ImplMap.get(RaftServerProxy.java:155)
	at org.apache.ratis.server.impl.RaftServerProxy.getImplFuture(RaftServerProxy.java:365)
	at org.apache.ratis.server.impl.RaftServerProxy.getImpl(RaftServerProxy.java:374)
	at org.apache.ratis.server.impl.RaftServerProxy.getImpl(RaftServerProxy.java:369)
	at org.apache.ratis.server.impl.RaftServerProxy.requestVote(RaftServerProxy.java:633)
	at org.apache.ratis.grpc.server.GrpcServerProtocolService.requestVote(GrpcServerProtocolService.java:192)
	at org.apache.ratis.proto.grpc.RaftServerProtocolServiceGrpc$MethodHandlers.invoke(RaftServerProtocolServiceGrpc.java:428)
	at org.apache.ratis.thirdparty.io.grpc.stub.ServerCalls$UnaryServerCallHandler$UnaryServerCallListener.onHalfClose(ServerCalls.java:182)
	at org.apache.ratis.thirdparty.io.grpc.internal.ServerCallImpl$ServerStreamListenerImpl.halfClosed(ServerCallImpl.java:351)
	at org.apache.ratis.thirdparty.io.grpc.internal.ServerImpl$JumpToApplicationThreadServerStreamListener$1HalfClosed.runInContext(ServerImpl.java:860)
	at org.apache.ratis.thirdparty.io.grpc.internal.ContextRunnable.run(ContextRunnable.java:37)
	at org.apache.ratis.thirdparty.io.grpc.internal.SerializingExecutor.run(SerializingExecutor.java:133)
	at java.base/java.util.concurrent.ThreadPoolExecutor.runWorker(ThreadPoolExecutor.java:1144)
	at java.base/java.util.concurrent.ThreadPoolExecutor$Worker.run(ThreadPoolExecutor.java:642)
	at java.base/java.lang.Thread.run(Thread.java:1583)
2025-05-14 02:54:19,799 [c77e66e9-1cca-4fd3-bc5b-4ea2dbc3232f@group-90B7BBECBC71-LeaderElection23] INFO  impl.LeaderElection (LogUtils.java:infoOrTrace(136)) - c77e66e9-1cca-4fd3-bc5b-4ea2dbc3232f@group-90B7BBECBC71-LeaderElection23 got exception when requesting votes: java.util.concurrent.ExecutionException: org.apache.ratis.thirdparty.io.grpc.StatusRuntimeException: INTERNAL: e44b5a69-92f9-40f4-85c9-712e1c637b62: group-90B7BBECBC71 not found.
2025-05-14 02:54:19,799 [grpc-default-executor-5] INFO  server.RaftServer$Division (RaftServerImpl.java:requestVote(1441)) - d4e44fd7-0e23-4e4f-bc30-0c7965de497d@group-90B7BBECBC71 replies to ELECTION vote request: c77e66e9-1cca-4fd3-bc5b-4ea2dbc3232f<-d4e44fd7-0e23-4e4f-bc30-0c7965de497d#0:OK-t2. Peer's state: d4e44fd7-0e23-4e4f-bc30-0c7965de497d@group-90B7BBECBC71:t2, leader=null, voted=c77e66e9-1cca-4fd3-bc5b-4ea2dbc3232f, raftlog=Memoized:d4e44fd7-0e23-4e4f-bc30-0c7965de497d@group-90B7BBECBC71-SegmentedRaftLog:OPENED:c10:last(t:1, i:10), conf=conf: {index: 0, cur=peers:[d4e44fd7-0e23-4e4f-bc30-0c7965de497d|127.0.0.1:15039, e44b5a69-92f9-40f4-85c9-712e1c637b62|127.0.0.1:15047, c77e66e9-1cca-4fd3-bc5b-4ea2dbc3232f|127.0.0.1:15055]|listeners:[], old=null}
2025-05-14 02:54:19,799 [c77e66e9-1cca-4fd3-bc5b-4ea2dbc3232f@group-90B7BBECBC71-LeaderElection23] INFO  impl.LeaderElection (LeaderElection.java:logAndReturn(90)) - c77e66e9-1cca-4fd3-bc5b-4ea2dbc3232f@group-90B7BBECBC71-LeaderElection23: ELECTION PASSED received 1 response(s) and 1 exception(s):
2025-05-14 02:54:19,799 [c77e66e9-1cca-4fd3-bc5b-4ea2dbc3232f@group-90B7BBECBC71-LeaderElection23] INFO  impl.LeaderElection (LeaderElection.java:logAndReturn(94)) -   Response 0: c77e66e9-1cca-4fd3-bc5b-4ea2dbc3232f<-d4e44fd7-0e23-4e4f-bc30-0c7965de497d#0:OK-t2
2025-05-14 02:54:19,800 [c77e66e9-1cca-4fd3-bc5b-4ea2dbc3232f@group-90B7BBECBC71-LeaderElection23] INFO  impl.LeaderElection (LogUtils.java:infoOrTrace(136)) -   Exception 1: java.util.concurrent.ExecutionException: org.apache.ratis.thirdparty.io.grpc.StatusRuntimeException: INTERNAL: e44b5a69-92f9-40f4-85c9-712e1c637b62: group-90B7BBECBC71 not found.
2025-05-14 02:54:19,800 [c77e66e9-1cca-4fd3-bc5b-4ea2dbc3232f@group-90B7BBECBC71-LeaderElection23] INFO  impl.LeaderElection (LeaderElection.java:askForVotes(334)) - c77e66e9-1cca-4fd3-bc5b-4ea2dbc3232f@group-90B7BBECBC71-LeaderElection23 ELECTION round 0: result PASSED
2025-05-14 02:54:19,800 [c77e66e9-1cca-4fd3-bc5b-4ea2dbc3232f@group-90B7BBECBC71-LeaderElection23] INFO  impl.RoleInfo (RoleInfo.java:shutdownLeaderElection(141)) - c77e66e9-1cca-4fd3-bc5b-4ea2dbc3232f: shutdown c77e66e9-1cca-4fd3-bc5b-4ea2dbc3232f@group-90B7BBECBC71-LeaderElection23
2025-05-14 02:54:19,800 [c77e66e9-1cca-4fd3-bc5b-4ea2dbc3232f@group-90B7BBECBC71-LeaderElection23] INFO  server.RaftServer$Division (RaftServerImpl.java:setRole(378)) - c77e66e9-1cca-4fd3-bc5b-4ea2dbc3232f@group-90B7BBECBC71: changes role from CANDIDATE to LEADER at term 2 for changeToLeader
2025-05-14 02:54:19,800 [c77e66e9-1cca-4fd3-bc5b-4ea2dbc3232f@group-90B7BBECBC71-LeaderElection23] INFO  server.RaftServerConfigKeys (ConfUtils.java:logGet(46)) - raft.server.staging.catchup.gap = 1000 (default)
2025-05-14 02:54:19,800 [c77e66e9-1cca-4fd3-bc5b-4ea2dbc3232f@group-90B7BBECBC71-LeaderElection23] INFO  server.RaftServerConfigKeys (ConfUtils.java:logGet(46)) - raft.server.write.element-limit = 1024 (custom)
2025-05-14 02:54:19,800 [c77e66e9-1cca-4fd3-bc5b-4ea2dbc3232f@group-90B7BBECBC71-LeaderElection23] INFO  server.RaftServerConfigKeys (ConfUtils.java:logGet(46)) - raft.server.write.byte-limit = 1024 M (=1073741824) (custom)
2025-05-14 02:54:19,801 [c77e66e9-1cca-4fd3-bc5b-4ea2dbc3232f@group-90B7BBECBC71-LeaderElection23] INFO  server.RaftServerConfigKeys (ConfUtils.java:logGet(46)) - raft.server.watch.timeout = 10000ms (default)
2025-05-14 02:54:19,801 [c77e66e9-1cca-4fd3-bc5b-4ea2dbc3232f@group-90B7BBECBC71-LeaderElection23] INFO  server.RaftServerConfigKeys (ConfUtils.java:logGet(46)) - raft.server.watch.timeout.denomination = 1s (default)
2025-05-14 02:54:19,801 [c77e66e9-1cca-4fd3-bc5b-4ea2dbc3232f@group-90B7BBECBC71-LeaderElection23] INFO  server.RaftServerConfigKeys (ConfUtils.java:logGet(46)) - raft.server.watch.element-limit = 65536 (default)
2025-05-14 02:54:19,801 [c77e66e9-1cca-4fd3-bc5b-4ea2dbc3232f@group-90B7BBECBC71-LeaderElection23] INFO  server.RaftServerConfigKeys (ConfUtils.java:logGet(46)) - raft.server.read.leader.lease.enabled = false (default)
2025-05-14 02:54:19,801 [c77e66e9-1cca-4fd3-bc5b-4ea2dbc3232f@group-90B7BBECBC71-LeaderElection23] INFO  server.RaftServerConfigKeys (ConfUtils.java:logGet(46)) - raft.server.read.leader.lease.timeout.ratio = 0.9 (default)
2025-05-14 02:54:19,802 [c77e66e9-1cca-4fd3-bc5b-4ea2dbc3232f@group-90B7BBECBC71-LeaderElection23] INFO  server.RaftServerConfigKeys (ConfUtils.java:logGet(46)) - raft.server.rpc.timeout.min = 5s (custom)
2025-05-14 02:54:19,802 [c77e66e9-1cca-4fd3-bc5b-4ea2dbc3232f@group-90B7BBECBC71-LeaderElection23] INFO  server.RaftServerConfigKeys (ConfUtils.java:logGet(46)) - raft.server.log.log-metadata.enabled = true (default)
2025-05-14 02:54:19,802 [c77e66e9-1cca-4fd3-bc5b-4ea2dbc3232f@group-90B7BBECBC71-LeaderElection23] INFO  server.RaftServerConfigKeys (ConfUtils.java:logGet(46)) - raft.server.write.element-limit = 1024 (custom)
2025-05-14 02:54:19,802 [c77e66e9-1cca-4fd3-bc5b-4ea2dbc3232f@group-90B7BBECBC71-LeaderElection23] INFO  server.RaftServerConfigKeys (ConfUtils.java:logGet(46)) - raft.server.write.follower.gap.ratio.max = -1.0 (default)
2025-05-14 02:54:19,802 [c77e66e9-1cca-4fd3-bc5b-4ea2dbc3232f@group-90B7BBECBC71-LeaderElection23] INFO  server.RaftServerConfigKeys (ConfUtils.java:logGet(46)) - raft.server.log.appender.snapshot.chunk.size.max = 16MB (=16777216) (default)
2025-05-14 02:54:19,803 [c77e66e9-1cca-4fd3-bc5b-4ea2dbc3232f@group-90B7BBECBC71-LeaderElection23] INFO  server.RaftServerConfigKeys (ConfUtils.java:logGet(46)) - raft.server.log.appender.buffer.byte-limit = 33554432 (custom)
2025-05-14 02:54:19,803 [c77e66e9-1cca-4fd3-bc5b-4ea2dbc3232f@group-90B7BBECBC71-LeaderElection23] INFO  server.RaftServerConfigKeys (ConfUtils.java:logGet(46)) - raft.server.log.appender.buffer.element-limit = 1024 (custom)
2025-05-14 02:54:19,803 [c77e66e9-1cca-4fd3-bc5b-4ea2dbc3232f@group-90B7BBECBC71-LeaderElection23] INFO  server.RaftServerConfigKeys (ConfUtils.java:logGet(46)) - raft.server.log.appender.wait-time.min = 0ms (custom)
2025-05-14 02:54:19,803 [c77e66e9-1cca-4fd3-bc5b-4ea2dbc3232f@group-90B7BBECBC71-LeaderElection23] INFO  grpc.GrpcConfigKeys (ConfUtils.java:logGet(46)) - raft.grpc.server.leader.outstanding.appends.max = 8 (default)
2025-05-14 02:54:19,803 [c77e66e9-1cca-4fd3-bc5b-4ea2dbc3232f@group-90B7BBECBC71-LeaderElection23] INFO  server.RaftServerConfigKeys (ConfUtils.java:logGet(46)) - raft.server.rpc.request.timeout = 3000ms (default)
2025-05-14 02:54:19,803 [c77e66e9-1cca-4fd3-bc5b-4ea2dbc3232f@group-90B7BBECBC71-LeaderElection23] INFO  grpc.GrpcConfigKeys (ConfUtils.java:logGet(46)) - raft.grpc.server.install_snapshot.request.element-limit = 8 (default)
2025-05-14 02:54:19,803 [c77e66e9-1cca-4fd3-bc5b-4ea2dbc3232f@group-90B7BBECBC71-LeaderElection23] INFO  grpc.GrpcConfigKeys (ConfUtils.java:logGet(46)) - raft.grpc.server.install_snapshot.request.timeout = 3000ms (default)
2025-05-14 02:54:19,803 [c77e66e9-1cca-4fd3-bc5b-4ea2dbc3232f@group-90B7BBECBC71-LeaderElection23] INFO  grpc.GrpcConfigKeys (ConfUtils.java:logGet(46)) - raft.grpc.server.log-message.batch.duration = 5s (default)
2025-05-14 02:54:19,803 [c77e66e9-1cca-4fd3-bc5b-4ea2dbc3232f@group-90B7BBECBC71-LeaderElection23] INFO  server.RaftServerConfigKeys (ConfUtils.java:logGet(46)) - raft.server.log.appender.install.snapshot.enabled = false (custom)
2025-05-14 02:54:19,803 [c77e66e9-1cca-4fd3-bc5b-4ea2dbc3232f@group-90B7BBECBC71-LeaderElection23] INFO  grpc.GrpcConfigKeys (ConfUtils.java:logGet(46)) - raft.grpc.server.heartbeat.channel = true (default)
2025-05-14 02:54:19,805 [c77e66e9-1cca-4fd3-bc5b-4ea2dbc3232f@group-90B7BBECBC71-LeaderElection23] INFO  server.RaftServerConfigKeys (ConfUtils.java:logGet(46)) - raft.server.log.appender.snapshot.chunk.size.max = 16MB (=16777216) (default)
2025-05-14 02:54:19,805 [c77e66e9-1cca-4fd3-bc5b-4ea2dbc3232f@group-90B7BBECBC71-LeaderElection23] INFO  server.RaftServerConfigKeys (ConfUtils.java:logGet(46)) - raft.server.log.appender.buffer.byte-limit = 33554432 (custom)
2025-05-14 02:54:19,805 [c77e66e9-1cca-4fd3-bc5b-4ea2dbc3232f@group-90B7BBECBC71-LeaderElection23] INFO  server.RaftServerConfigKeys (ConfUtils.java:logGet(46)) - raft.server.log.appender.buffer.element-limit = 1024 (custom)
2025-05-14 02:54:19,805 [c77e66e9-1cca-4fd3-bc5b-4ea2dbc3232f@group-90B7BBECBC71-LeaderElection23] INFO  server.RaftServerConfigKeys (ConfUtils.java:logGet(46)) - raft.server.log.appender.wait-time.min = 0ms (custom)
2025-05-14 02:54:19,805 [c77e66e9-1cca-4fd3-bc5b-4ea2dbc3232f@group-90B7BBECBC71-LeaderElection23] INFO  grpc.GrpcConfigKeys (ConfUtils.java:logGet(46)) - raft.grpc.server.leader.outstanding.appends.max = 8 (default)
2025-05-14 02:54:19,805 [c77e66e9-1cca-4fd3-bc5b-4ea2dbc3232f@group-90B7BBECBC71-LeaderElection23] INFO  server.RaftServerConfigKeys (ConfUtils.java:logGet(46)) - raft.server.rpc.request.timeout = 3000ms (default)
2025-05-14 02:54:19,805 [c77e66e9-1cca-4fd3-bc5b-4ea2dbc3232f@group-90B7BBECBC71-LeaderElection23] INFO  grpc.GrpcConfigKeys (ConfUtils.java:logGet(46)) - raft.grpc.server.install_snapshot.request.element-limit = 8 (default)
2025-05-14 02:54:19,805 [c77e66e9-1cca-4fd3-bc5b-4ea2dbc3232f@group-90B7BBECBC71-LeaderElection23] INFO  grpc.GrpcConfigKeys (ConfUtils.java:logGet(46)) - raft.grpc.server.install_snapshot.request.timeout = 3000ms (default)
2025-05-14 02:54:19,805 [c77e66e9-1cca-4fd3-bc5b-4ea2dbc3232f@group-90B7BBECBC71-LeaderElection23] INFO  grpc.GrpcConfigKeys (ConfUtils.java:logGet(46)) - raft.grpc.server.log-message.batch.duration = 5s (default)
2025-05-14 02:54:19,805 [c77e66e9-1cca-4fd3-bc5b-4ea2dbc3232f@group-90B7BBECBC71-LeaderElection23] INFO  server.RaftServerConfigKeys (ConfUtils.java:logGet(46)) - raft.server.log.appender.install.snapshot.enabled = false (custom)
2025-05-14 02:54:19,805 [c77e66e9-1cca-4fd3-bc5b-4ea2dbc3232f@group-90B7BBECBC71-LeaderElection23] INFO  grpc.GrpcConfigKeys (ConfUtils.java:logGet(46)) - raft.grpc.server.heartbeat.channel = true (default)
2025-05-14 02:54:19,805 [c77e66e9-1cca-4fd3-bc5b-4ea2dbc3232f@group-90B7BBECBC71-LeaderElection23] INFO  impl.RoleInfo (RoleInfo.java:updateAndGet(148)) - c77e66e9-1cca-4fd3-bc5b-4ea2dbc3232f: start c77e66e9-1cca-4fd3-bc5b-4ea2dbc3232f@group-90B7BBECBC71-LeaderStateImpl
2025-05-14 02:54:19,806 [c77e66e9-1cca-4fd3-bc5b-4ea2dbc3232f@group-90B7BBECBC71-LeaderElection23] INFO  ratis.XceiverServerRatis (XceiverServerRatis.java:handleLeaderChangedNotification(944)) - Leader change notification received for group: group-90B7BBECBC71 with new leaderId: c77e66e9-1cca-4fd3-bc5b-4ea2dbc3232f
2025-05-14 02:54:19,806 [c77e66e9-1cca-4fd3-bc5b-4ea2dbc3232f@group-90B7BBECBC71-LeaderElection23] INFO  server.RaftServer$Division (ServerState.java:setLeader(272)) - c77e66e9-1cca-4fd3-bc5b-4ea2dbc3232f@group-90B7BBECBC71: change Leader from null to c77e66e9-1cca-4fd3-bc5b-4ea2dbc3232f at term 2 for becomeLeader, leader elected after 18ms
2025-05-14 02:54:19,806 [c77e66e9-1cca-4fd3-bc5b-4ea2dbc3232f@group-90B7BBECBC71-LeaderElection23] INFO  segmented.SegmentedRaftLogWorker (SegmentedRaftLogWorker.java:rollLogSegment(443)) - c77e66e9-1cca-4fd3-bc5b-4ea2dbc3232f@group-90B7BBECBC71-SegmentedRaftLogWorker: Rolling segment log-0_10 to index:10
2025-05-14 02:54:19,806 [c77e66e9-1cca-4fd3-bc5b-4ea2dbc3232f@group-90B7BBECBC71-LeaderElection23] INFO  server.RaftServer$Division (ServerState.java:setRaftConf(386)) - c77e66e9-1cca-4fd3-bc5b-4ea2dbc3232f@group-90B7BBECBC71: set configuration conf: {index: 11, cur=peers:[d4e44fd7-0e23-4e4f-bc30-0c7965de497d|127.0.0.1:15039, e44b5a69-92f9-40f4-85c9-712e1c637b62|127.0.0.1:15047, c77e66e9-1cca-4fd3-bc5b-4ea2dbc3232f|127.0.0.1:15055]|listeners:[], old=null}
2025-05-14 02:54:19,807 [EventQueue-PipelineActionsForPipelineActionHandler] INFO  pipeline.PipelineActionHandler (PipelineActionHandler.java:processPipelineAction(89)) - Received pipeline action CLOSE for PipelineID=d1819bd0-c34f-41f4-be2b-ca654213e6f9 from datanode c77e66e9-1cca-4fd3-bc5b-4ea2dbc3232f(localhost/127.0.0.1). Reason : Chunks directory /home/runner/work/ozone/ozone/hadoop-ozone/integration-test/target/test-dir/MiniOzoneClusterImpl-af940217-b311-440f-8e09-352fdf66236b/ozone-meta/datanode-6/data-0/hdds/af940217-b311-440f-8e09-352fdf66236b/current/containerDir0/7/chunks does not exist.
2025-05-14 02:54:19,809 [c77e66e9-1cca-4fd3-bc5b-4ea2dbc3232f@group-90B7BBECBC71-SegmentedRaftLogWorker] INFO  segmented.SegmentedRaftLogWorker (SegmentedRaftLogWorker.java:execute(601)) - c77e66e9-1cca-4fd3-bc5b-4ea2dbc3232f@group-90B7BBECBC71-SegmentedRaftLogWorker: Rolled log segment from /home/runner/work/ozone/ozone/hadoop-ozone/integration-test/target/test-dir/MiniOzoneClusterImpl-af940217-b311-440f-8e09-352fdf66236b/ozone-meta/datanode-6/ratis/8155a67b-a88a-4cce-aefd-90b7bbecbc71/current/log_inprogress_0 to /home/runner/work/ozone/ozone/hadoop-ozone/integration-test/target/test-dir/MiniOzoneClusterImpl-af940217-b311-440f-8e09-352fdf66236b/ozone-meta/datanode-6/ratis/8155a67b-a88a-4cce-aefd-90b7bbecbc71/current/log_0-10
2025-05-14 02:54:19,809 [c77e66e9-1cca-4fd3-bc5b-4ea2dbc3232f@group-90B7BBECBC71-SegmentedRaftLogWorker] INFO  segmented.BufferedWriteChannel (BufferedWriteChannel.java:open(61)) - open log_inprogress_11 at position 0
2025-05-14 02:54:19,814 [d4e44fd7-0e23-4e4f-bc30-0c7965de497d-server-thread2] INFO  ratis.XceiverServerRatis (XceiverServerRatis.java:handleLeaderChangedNotification(944)) - Leader change notification received for group: group-90B7BBECBC71 with new leaderId: c77e66e9-1cca-4fd3-bc5b-4ea2dbc3232f
2025-05-14 02:54:19,814 [d4e44fd7-0e23-4e4f-bc30-0c7965de497d-server-thread2] INFO  server.RaftServer$Division (ServerState.java:setLeader(272)) - d4e44fd7-0e23-4e4f-bc30-0c7965de497d@group-90B7BBECBC71: change Leader from null to c77e66e9-1cca-4fd3-bc5b-4ea2dbc3232f at term 2 for appendEntries, leader elected after 16ms
2025-05-14 02:54:19,815 [d4e44fd7-0e23-4e4f-bc30-0c7965de497d-server-thread3] INFO  server.RaftServer$Division (ServerState.java:setRaftConf(386)) - d4e44fd7-0e23-4e4f-bc30-0c7965de497d@group-90B7BBECBC71: set configuration conf: {index: 11, cur=peers:[d4e44fd7-0e23-4e4f-bc30-0c7965de497d|127.0.0.1:15039, e44b5a69-92f9-40f4-85c9-712e1c637b62|127.0.0.1:15047, c77e66e9-1cca-4fd3-bc5b-4ea2dbc3232f|127.0.0.1:15055]|listeners:[], old=null}
2025-05-14 02:54:19,815 [d4e44fd7-0e23-4e4f-bc30-0c7965de497d-server-thread3] INFO  segmented.SegmentedRaftLogWorker (SegmentedRaftLogWorker.java:rollLogSegment(443)) - d4e44fd7-0e23-4e4f-bc30-0c7965de497d@group-90B7BBECBC71-SegmentedRaftLogWorker: Rolling segment log-0_10 to index:10
2025-05-14 02:54:19,817 [d4e44fd7-0e23-4e4f-bc30-0c7965de497d@group-90B7BBECBC71-SegmentedRaftLogWorker] INFO  segmented.SegmentedRaftLogWorker (SegmentedRaftLogWorker.java:execute(601)) - d4e44fd7-0e23-4e4f-bc30-0c7965de497d@group-90B7BBECBC71-SegmentedRaftLogWorker: Rolled log segment from /home/runner/work/ozone/ozone/hadoop-ozone/integration-test/target/test-dir/MiniOzoneClusterImpl-af940217-b311-440f-8e09-352fdf66236b/ozone-meta/datanode-4/ratis/8155a67b-a88a-4cce-aefd-90b7bbecbc71/current/log_inprogress_0 to /home/runner/work/ozone/ozone/hadoop-ozone/integration-test/target/test-dir/MiniOzoneClusterImpl-af940217-b311-440f-8e09-352fdf66236b/ozone-meta/datanode-4/ratis/8155a67b-a88a-4cce-aefd-90b7bbecbc71/current/log_0-10
2025-05-14 02:54:19,817 [d4e44fd7-0e23-4e4f-bc30-0c7965de497d@group-90B7BBECBC71-SegmentedRaftLogWorker] INFO  segmented.BufferedWriteChannel (BufferedWriteChannel.java:open(61)) - open log_inprogress_11 at position 0
2025-05-14 02:54:19,817 [grpc-default-executor-0] WARN  server.GrpcServerProtocolService (LogUtils.java:warn(123)) - e44b5a69-92f9-40f4-85c9-712e1c637b62: Failed APPEND_ENTRIES request c77e66e9-1cca-4fd3-bc5b-4ea2dbc3232f->e44b5a69-92f9-40f4-85c9-712e1c637b62#1-t2,previous=(t:1, i:10),leaderCommit=10,initializing? false,entries: size=1, first=(t:2, i:11), CONFIGURATIONENTRY(current:id:"d4e44fd7-0e23-4e4f-bc30-0c7965de497d"address:"127.0.0.1:15039"dataStreamAddress:"127.0.0.1:15040"clientAddress:"127.0.0.1:15037"adminAddress:"127.0.0.1:15038"startupRole:FOLLOWER, id:"e44b5a69-92f9-40f4-85c9-712e1c637b62"address:"127.0.0.1:15047"priority:1dataStreamAddress:"127.0.0.1:15048"clientAddress:"127.0.0.1:15045"adminAddress:"127.0.0.1:15046"startupRole:FOLLOWER, id:"c77e66e9-1cca-4fd3-bc5b-4ea2dbc3232f"address:"127.0.0.1:15055"dataStreamAddress:"127.0.0.1:15056"clientAddress:"127.0.0.1:15053"adminAddress:"127.0.0.1:15054"startupRole:FOLLOWER, old:)
java.util.concurrent.CompletionException: org.apache.ratis.protocol.exceptions.GroupMismatchException: e44b5a69-92f9-40f4-85c9-712e1c637b62: group-90B7BBECBC71 not found.
	at java.base/java.util.concurrent.CompletableFuture.encodeThrowable(CompletableFuture.java:332)
	at java.base/java.util.concurrent.CompletableFuture.uniComposeStage(CompletableFuture.java:1177)
	at java.base/java.util.concurrent.CompletableFuture.thenCompose(CompletableFuture.java:2341)
	at org.apache.ratis.server.impl.RaftServerProxy.appendEntriesAsync(RaftServerProxy.java:645)
	at org.apache.ratis.grpc.server.GrpcServerProtocolService$1.process(GrpcServerProtocolService.java:229)
	at org.apache.ratis.grpc.server.GrpcServerProtocolService$1.process(GrpcServerProtocolService.java:226)
	at org.apache.ratis.grpc.server.GrpcServerProtocolService$ServerRequestStreamObserver.onNext(GrpcServerProtocolService.java:137)
	at org.apache.ratis.thirdparty.io.grpc.stub.ServerCalls$StreamingServerCallHandler$StreamingServerCallListener.onMessage(ServerCalls.java:262)
	at org.apache.ratis.thirdparty.io.grpc.internal.ServerCallImpl$ServerStreamListenerImpl.messagesAvailableInternal(ServerCallImpl.java:329)
	at org.apache.ratis.thirdparty.io.grpc.internal.ServerCallImpl$ServerStreamListenerImpl.messagesAvailable(ServerCallImpl.java:314)
	at org.apache.ratis.thirdparty.io.grpc.internal.ServerImpl$JumpToApplicationThreadServerStreamListener$1MessagesAvailable.runInContext(ServerImpl.java:833)
	at org.apache.ratis.thirdparty.io.grpc.internal.ContextRunnable.run(ContextRunnable.java:37)
	at org.apache.ratis.thirdparty.io.grpc.internal.SerializingExecutor.run(SerializingExecutor.java:133)
	at java.base/java.util.concurrent.ThreadPoolExecutor.runWorker(ThreadPoolExecutor.java:1144)
	at java.base/java.util.concurrent.ThreadPoolExecutor$Worker.run(ThreadPoolExecutor.java:642)
	at java.base/java.lang.Thread.run(Thread.java:1583)
Caused by: org.apache.ratis.protocol.exceptions.GroupMismatchException: e44b5a69-92f9-40f4-85c9-712e1c637b62: group-90B7BBECBC71 not found.
	at org.apache.ratis.server.impl.RaftServerProxy$ImplMap.get(RaftServerProxy.java:155)
	at org.apache.ratis.server.impl.RaftServerProxy.getImplFuture(RaftServerProxy.java:365)
	at org.apache.ratis.server.impl.RaftServerProxy.appendEntriesAsync(RaftServerProxy.java:644)
	... 12 more
2025-05-14 02:54:19,819 [c77e66e9-1cca-4fd3-bc5b-4ea2dbc3232f@group-90B7BBECBC71-SegmentedRaftLogWorker] INFO  segmented.SegmentedRaftLogWorker (SegmentedRaftLogWorker.java:execute(644)) - c77e66e9-1cca-4fd3-bc5b-4ea2dbc3232f@group-90B7BBECBC71-SegmentedRaftLogWorker: created new log segment /home/runner/work/ozone/ozone/hadoop-ozone/integration-test/target/test-dir/MiniOzoneClusterImpl-af940217-b311-440f-8e09-352fdf66236b/ozone-meta/datanode-6/ratis/8155a67b-a88a-4cce-aefd-90b7bbecbc71/current/log_inprogress_11
2025-05-14 02:54:19,820 [grpc-default-executor-0] WARN  server.GrpcLogAppender (LogUtils.java:warn(123)) - c77e66e9-1cca-4fd3-bc5b-4ea2dbc3232f@group-90B7BBECBC71->e44b5a69-92f9-40f4-85c9-712e1c637b62-AppendLogResponseHandler: Failed appendEntries
org.apache.ratis.protocol.exceptions.GroupMismatchException: e44b5a69-92f9-40f4-85c9-712e1c637b62: group-90B7BBECBC71 not found.
	at org.apache.ratis.server.impl.RaftServerProxy$ImplMap.get(RaftServerProxy.java:155)
	at org.apache.ratis.server.impl.RaftServerProxy.getImplFuture(RaftServerProxy.java:365)
	at org.apache.ratis.server.impl.RaftServerProxy.appendEntriesAsync(RaftServerProxy.java:644)
	at org.apache.ratis.grpc.server.GrpcServerProtocolService$1.process(GrpcServerProtocolService.java:229)
	at org.apache.ratis.grpc.server.GrpcServerProtocolService$1.process(GrpcServerProtocolService.java:226)
	at org.apache.ratis.grpc.server.GrpcServerProtocolService$ServerRequestStreamObserver.onNext(GrpcServerProtocolService.java:137)
	at org.apache.ratis.thirdparty.io.grpc.stub.ServerCalls$StreamingServerCallHandler$StreamingServerCallListener.onMessage(ServerCalls.java:262)
	at org.apache.ratis.thirdparty.io.grpc.internal.ServerCallImpl$ServerStreamListenerImpl.messagesAvailableInternal(ServerCallImpl.java:329)
	at org.apache.ratis.thirdparty.io.grpc.internal.ServerCallImpl$ServerStreamListenerImpl.messagesAvailable(ServerCallImpl.java:314)
	at org.apache.ratis.thirdparty.io.grpc.internal.ServerImpl$JumpToApplicationThreadServerStreamListener$1MessagesAvailable.runInContext(ServerImpl.java:833)
	at org.apache.ratis.thirdparty.io.grpc.internal.ContextRunnable.run(ContextRunnable.java:37)
	at org.apache.ratis.thirdparty.io.grpc.internal.SerializingExecutor.run(SerializingExecutor.java:133)
	at java.base/java.util.concurrent.ThreadPoolExecutor.runWorker(ThreadPoolExecutor.java:1144)
	at java.base/java.util.concurrent.ThreadPoolExecutor$Worker.run(ThreadPoolExecutor.java:642)
	at java.base/java.lang.Thread.run(Thread.java:1583)
2025-05-14 02:54:19,820 [grpc-default-executor-0] INFO  leader.LogAppender (LogAppenderBase.java:lambda$getNextIndexForError$0(215)) - Decrease nextIndex to 11
2025-05-14 02:54:19,820 [grpc-default-executor-0] INFO  leader.LogAppender (LogAppenderBase.java:lambda$getNextIndexForError$0(215)) - Decrease nextIndex to 11
2025-05-14 02:54:19,820 [grpc-default-executor-0] INFO  leader.FollowerInfo (FollowerInfoImpl.java:info(70)) - c77e66e9-1cca-4fd3-bc5b-4ea2dbc3232f@group-90B7BBECBC71->e44b5a69-92f9-40f4-85c9-712e1c637b62: computeNextIndex nextIndex: updateUnconditionally 12 -> 11
2025-05-14 02:54:19,825 [d4e44fd7-0e23-4e4f-bc30-0c7965de497d@group-90B7BBECBC71-SegmentedRaftLogWorker] INFO  segmented.SegmentedRaftLogWorker (SegmentedRaftLogWorker.java:execute(644)) - d4e44fd7-0e23-4e4f-bc30-0c7965de497d@group-90B7BBECBC71-SegmentedRaftLogWorker: created new log segment /home/runner/work/ozone/ozone/hadoop-ozone/integration-test/target/test-dir/MiniOzoneClusterImpl-af940217-b311-440f-8e09-352fdf66236b/ozone-meta/datanode-4/ratis/8155a67b-a88a-4cce-aefd-90b7bbecbc71/current/log_inprogress_11
2025-05-14 02:54:19,828 [c77e66e9-1cca-4fd3-bc5b-4ea2dbc3232f@group-90B7BBECBC71-StateMachineUpdater] INFO  server.RaftServer$Division (LeaderStateImpl.java:checkStartIndex(313)) - Leader c77e66e9-1cca-4fd3-bc5b-4ea2dbc3232f@group-90B7BBECBC71-LeaderStateImpl is ready since appliedIndex == startIndex == 11
2025-05-14 02:54:19,828 [c77e66e9-1cca-4fd3-bc5b-4ea2dbc3232f@group-90B7BBECBC71-StateMachineUpdater] INFO  ratis.ContainerStateMachine (ContainerStateMachine.java:takeSnapshot(427)) - group-90B7BBECBC71: Taking a snapshot at:(t:2, i:11) file /home/runner/work/ozone/ozone/hadoop-ozone/integration-test/target/test-dir/MiniOzoneClusterImpl-af940217-b311-440f-8e09-352fdf66236b/ozone-meta/datanode-6/ratis/8155a67b-a88a-4cce-aefd-90b7bbecbc71/sm/snapshot.2_11
2025-05-14 02:54:19,829 [c77e66e9-1cca-4fd3-bc5b-4ea2dbc3232f@group-90B7BBECBC71-StateMachineUpdater] INFO  ratis.ContainerStateMachine (ContainerStateMachine.java:takeSnapshot(436)) - group-90B7BBECBC71: Finished taking a snapshot at:(t:2, i:11) file:/home/runner/work/ozone/ozone/hadoop-ozone/integration-test/target/test-dir/MiniOzoneClusterImpl-af940217-b311-440f-8e09-352fdf66236b/ozone-meta/datanode-6/ratis/8155a67b-a88a-4cce-aefd-90b7bbecbc71/sm/snapshot.2_11 took: 2 ms
2025-05-14 02:54:19,830 [c77e66e9-1cca-4fd3-bc5b-4ea2dbc3232f@group-90B7BBECBC71-StateMachineUpdater] INFO  impl.SimpleStateMachineStorage (SimpleStateMachineStorage.java:lambda$cleanupOldSnapshots$1(126)) - Deleting old snapshot at /home/runner/work/ozone/ozone/hadoop-ozone/integration-test/target/test-dir/MiniOzoneClusterImpl-af940217-b311-440f-8e09-352fdf66236b/ozone-meta/datanode-6/ratis/8155a67b-a88a-4cce-aefd-90b7bbecbc71/sm/snapshot.1_0
2025-05-14 02:54:19,830 [c77e66e9-1cca-4fd3-bc5b-4ea2dbc3232f@group-90B7BBECBC71-StateMachineUpdater] INFO  impl.StateMachineUpdater (StateMachineUpdater.java:takeSnapshot(303)) - c77e66e9-1cca-4fd3-bc5b-4ea2dbc3232f@group-90B7BBECBC71-StateMachineUpdater: Took a snapshot at index 11
2025-05-14 02:54:19,830 [c77e66e9-1cca-4fd3-bc5b-4ea2dbc3232f@group-90B7BBECBC71-StateMachineUpdater] INFO  impl.StateMachineUpdater (StateMachineUpdater.java:lambda$new$0(102)) - c77e66e9-1cca-4fd3-bc5b-4ea2dbc3232f@group-90B7BBECBC71-StateMachineUpdater: snapshotIndex: updateIncreasingly 10 -> 11
2025-05-14 02:54:19,830 [c77e66e9-1cca-4fd3-bc5b-4ea2dbc3232f@group-90B7BBECBC71-StateMachineUpdater] INFO  ratis.ContainerStateMachine (ContainerStateMachine.java:takeSnapshot(427)) - group-90B7BBECBC71: Taking a snapshot at:(t:2, i:12) file /home/runner/work/ozone/ozone/hadoop-ozone/integration-test/target/test-dir/MiniOzoneClusterImpl-af940217-b311-440f-8e09-352fdf66236b/ozone-meta/datanode-6/ratis/8155a67b-a88a-4cce-aefd-90b7bbecbc71/sm/snapshot.2_12
2025-05-14 02:54:19,830 [d4e44fd7-0e23-4e4f-bc30-0c7965de497d@group-90B7BBECBC71-StateMachineUpdater] INFO  ratis.ContainerStateMachine (ContainerStateMachine.java:takeSnapshot(427)) - group-90B7BBECBC71: Taking a snapshot at:(t:2, i:11) file /home/runner/work/ozone/ozone/hadoop-ozone/integration-test/target/test-dir/MiniOzoneClusterImpl-af940217-b311-440f-8e09-352fdf66236b/ozone-meta/datanode-4/ratis/8155a67b-a88a-4cce-aefd-90b7bbecbc71/sm/snapshot.2_11
2025-05-14 02:54:19,830 [grpc-default-executor-5] WARN  server.GrpcServerProtocolService (LogUtils.java:warn(123)) - e44b5a69-92f9-40f4-85c9-712e1c637b62: Failed APPEND_ENTRIES request c77e66e9-1cca-4fd3-bc5b-4ea2dbc3232f->e44b5a69-92f9-40f4-85c9-712e1c637b62#3-t2,previous=(t:1, i:10),leaderCommit=11,initializing? false,entries: size=2, first=(t:2, i:11), CONFIGURATIONENTRY(current:id:"d4e44fd7-0e23-4e4f-bc30-0c7965de497d"address:"127.0.0.1:15039"dataStreamAddress:"127.0.0.1:15040"clientAddress:"127.0.0.1:15037"adminAddress:"127.0.0.1:15038"startupRole:FOLLOWER, id:"e44b5a69-92f9-40f4-85c9-712e1c637b62"address:"127.0.0.1:15047"priority:1dataStreamAddress:"127.0.0.1:15048"clientAddress:"127.0.0.1:15045"adminAddress:"127.0.0.1:15046"startupRole:FOLLOWER, id:"c77e66e9-1cca-4fd3-bc5b-4ea2dbc3232f"address:"127.0.0.1:15055"dataStreamAddress:"127.0.0.1:15056"clientAddress:"127.0.0.1:15053"adminAddress:"127.0.0.1:15054"startupRole:FOLLOWER, old:)
java.util.concurrent.CompletionException: org.apache.ratis.protocol.exceptions.GroupMismatchException: e44b5a69-92f9-40f4-85c9-712e1c637b62: group-90B7BBECBC71 not found.
	at java.base/java.util.concurrent.CompletableFuture.encodeThrowable(CompletableFuture.java:332)
	at java.base/java.util.concurrent.CompletableFuture.uniComposeStage(CompletableFuture.java:1177)
	at java.base/java.util.concurrent.CompletableFuture.thenCompose(CompletableFuture.java:2341)
	at org.apache.ratis.server.impl.RaftServerProxy.appendEntriesAsync(RaftServerProxy.java:645)
	at org.apache.ratis.grpc.server.GrpcServerProtocolService$1.process(GrpcServerProtocolService.java:229)
	at org.apache.ratis.grpc.server.GrpcServerProtocolService$1.process(GrpcServerProtocolService.java:226)
	at org.apache.ratis.grpc.server.GrpcServerProtocolService$ServerRequestStreamObserver.onNext(GrpcServerProtocolService.java:137)
	at org.apache.ratis.thirdparty.io.grpc.stub.ServerCalls$StreamingServerCallHandler$StreamingServerCallListener.onMessage(ServerCalls.java:262)
	at org.apache.ratis.thirdparty.io.grpc.internal.ServerCallImpl$ServerStreamListenerImpl.messagesAvailableInternal(ServerCallImpl.java:329)
	at org.apache.ratis.thirdparty.io.grpc.internal.ServerCallImpl$ServerStreamListenerImpl.messagesAvailable(ServerCallImpl.java:314)
	at org.apache.ratis.thirdparty.io.grpc.internal.ServerImpl$JumpToApplicationThreadServerStreamListener$1MessagesAvailable.runInContext(ServerImpl.java:833)
	at org.apache.ratis.thirdparty.io.grpc.internal.ContextRunnable.run(ContextRunnable.java:37)
	at org.apache.ratis.thirdparty.io.grpc.internal.SerializingExecutor.run(SerializingExecutor.java:133)
	at java.base/java.util.concurrent.ThreadPoolExecutor.runWorker(ThreadPoolExecutor.java:1144)
	at java.base/java.util.concurrent.ThreadPoolExecutor$Worker.run(ThreadPoolExecutor.java:642)
	at java.base/java.lang.Thread.run(Thread.java:1583)
Caused by: org.apache.ratis.protocol.exceptions.GroupMismatchException: e44b5a69-92f9-40f4-85c9-712e1c637b62: group-90B7BBECBC71 not found.
	at org.apache.ratis.server.impl.RaftServerProxy$ImplMap.get(RaftServerProxy.java:155)
	at org.apache.ratis.server.impl.RaftServerProxy.getImplFuture(RaftServerProxy.java:365)
	at org.apache.ratis.server.impl.RaftServerProxy.appendEntriesAsync(RaftServerProxy.java:644)
	... 12 more
2025-05-14 02:54:19,832 [d4e44fd7-0e23-4e4f-bc30-0c7965de497d@group-90B7BBECBC71-StateMachineUpdater] INFO  ratis.ContainerStateMachine (ContainerStateMachine.java:takeSnapshot(436)) - group-90B7BBECBC71: Finished taking a snapshot at:(t:2, i:11) file:/home/runner/work/ozone/ozone/hadoop-ozone/integration-test/target/test-dir/MiniOzoneClusterImpl-af940217-b311-440f-8e09-352fdf66236b/ozone-meta/datanode-4/ratis/8155a67b-a88a-4cce-aefd-90b7bbecbc71/sm/snapshot.2_11 took: 2 ms
2025-05-14 02:54:19,832 [grpc-default-executor-5] INFO  leader.LogAppender (LogAppenderBase.java:lambda$getNextIndexForError$0(215)) - Decrease nextIndex to 11
2025-05-14 02:54:19,833 [grpc-default-executor-5] INFO  leader.LogAppender (LogAppenderBase.java:lambda$getNextIndexForError$0(215)) - Decrease nextIndex to 11
2025-05-14 02:54:19,833 [grpc-default-executor-5] INFO  leader.FollowerInfo (FollowerInfoImpl.java:info(70)) - c77e66e9-1cca-4fd3-bc5b-4ea2dbc3232f@group-90B7BBECBC71->e44b5a69-92f9-40f4-85c9-712e1c637b62: computeNextIndex nextIndex: updateUnconditionally 13 -> 11
2025-05-14 02:54:19,832 [c77e66e9-1cca-4fd3-bc5b-4ea2dbc3232f@group-90B7BBECBC71-StateMachineUpdater] INFO  ratis.ContainerStateMachine (ContainerStateMachine.java:takeSnapshot(436)) - group-90B7BBECBC71: Finished taking a snapshot at:(t:2, i:12) file:/home/runner/work/ozone/ozone/hadoop-ozone/integration-test/target/test-dir/MiniOzoneClusterImpl-af940217-b311-440f-8e09-352fdf66236b/ozone-meta/datanode-6/ratis/8155a67b-a88a-4cce-aefd-90b7bbecbc71/sm/snapshot.2_12 took: 2 ms
2025-05-14 02:54:19,833 [c77e66e9-1cca-4fd3-bc5b-4ea2dbc3232f@group-90B7BBECBC71-StateMachineUpdater] INFO  impl.SimpleStateMachineStorage (SimpleStateMachineStorage.java:lambda$cleanupOldSnapshots$1(126)) - Deleting old snapshot at /home/runner/work/ozone/ozone/hadoop-ozone/integration-test/target/test-dir/MiniOzoneClusterImpl-af940217-b311-440f-8e09-352fdf66236b/ozone-meta/datanode-6/ratis/8155a67b-a88a-4cce-aefd-90b7bbecbc71/sm/snapshot.1_2
2025-05-14 02:54:19,833 [c77e66e9-1cca-4fd3-bc5b-4ea2dbc3232f@group-90B7BBECBC71-StateMachineUpdater] INFO  impl.StateMachineUpdater (StateMachineUpdater.java:takeSnapshot(303)) - c77e66e9-1cca-4fd3-bc5b-4ea2dbc3232f@group-90B7BBECBC71-StateMachineUpdater: Took a snapshot at index 12
2025-05-14 02:54:19,833 [c77e66e9-1cca-4fd3-bc5b-4ea2dbc3232f@group-90B7BBECBC71-StateMachineUpdater] INFO  impl.StateMachineUpdater (StateMachineUpdater.java:lambda$new$0(102)) - c77e66e9-1cca-4fd3-bc5b-4ea2dbc3232f@group-90B7BBECBC71-StateMachineUpdater: snapshotIndex: updateIncreasingly 11 -> 12
2025-05-14 02:54:19,832 [d4e44fd7-0e23-4e4f-bc30-0c7965de497d@group-90B7BBECBC71-StateMachineUpdater] INFO  impl.SimpleStateMachineStorage (SimpleStateMachineStorage.java:lambda$cleanupOldSnapshots$1(126)) - Deleting old snapshot at /home/runner/work/ozone/ozone/hadoop-ozone/integration-test/target/test-dir/MiniOzoneClusterImpl-af940217-b311-440f-8e09-352fdf66236b/ozone-meta/datanode-4/ratis/8155a67b-a88a-4cce-aefd-90b7bbecbc71/sm/snapshot.1_0
2025-05-14 02:54:19,833 [d4e44fd7-0e23-4e4f-bc30-0c7965de497d@group-90B7BBECBC71-StateMachineUpdater] INFO  impl.StateMachineUpdater (StateMachineUpdater.java:takeSnapshot(303)) - d4e44fd7-0e23-4e4f-bc30-0c7965de497d@group-90B7BBECBC71-StateMachineUpdater: Took a snapshot at index 11
2025-05-14 02:54:19,834 [d4e44fd7-0e23-4e4f-bc30-0c7965de497d@group-90B7BBECBC71-StateMachineUpdater] INFO  impl.StateMachineUpdater (StateMachineUpdater.java:lambda$new$0(102)) - d4e44fd7-0e23-4e4f-bc30-0c7965de497d@group-90B7BBECBC71-StateMachineUpdater: snapshotIndex: updateIncreasingly 10 -> 11
2025-05-14 02:54:20,007 [EventQueue-PipelineActionsForPipelineActionHandler] INFO  pipeline.PipelineActionHandler (PipelineActionHandler.java:processPipelineAction(89)) - Received pipeline action CLOSE for PipelineID=d1819bd0-c34f-41f4-be2b-ca654213e6f9 from datanode c77e66e9-1cca-4fd3-bc5b-4ea2dbc3232f(localhost/127.0.0.1). Reason : Chunks directory /home/runner/work/ozone/ozone/hadoop-ozone/integration-test/target/test-dir/MiniOzoneClusterImpl-af940217-b311-440f-8e09-352fdf66236b/ozone-meta/datanode-6/data-0/hdds/af940217-b311-440f-8e09-352fdf66236b/current/containerDir0/7/chunks does not exist.
2025-05-14 02:54:20,207 [EventQueue-PipelineActionsForPipelineActionHandler] INFO  pipeline.PipelineActionHandler (PipelineActionHandler.java:processPipelineAction(89)) - Received pipeline action CLOSE for PipelineID=d1819bd0-c34f-41f4-be2b-ca654213e6f9 from datanode c77e66e9-1cca-4fd3-bc5b-4ea2dbc3232f(localhost/127.0.0.1). Reason : Chunks directory /home/runner/work/ozone/ozone/hadoop-ozone/integration-test/target/test-dir/MiniOzoneClusterImpl-af940217-b311-440f-8e09-352fdf66236b/ozone-meta/datanode-6/data-0/hdds/af940217-b311-440f-8e09-352fdf66236b/current/containerDir0/7/chunks does not exist.
2025-05-14 02:54:20,406 [EventQueue-PipelineActionsForPipelineActionHandler] INFO  pipeline.PipelineActionHandler (PipelineActionHandler.java:processPipelineAction(89)) - Received pipeline action CLOSE for PipelineID=d1819bd0-c34f-41f4-be2b-ca654213e6f9 from datanode c77e66e9-1cca-4fd3-bc5b-4ea2dbc3232f(localhost/127.0.0.1). Reason : Chunks directory /home/runner/work/ozone/ozone/hadoop-ozone/integration-test/target/test-dir/MiniOzoneClusterImpl-af940217-b311-440f-8e09-352fdf66236b/ozone-meta/datanode-6/data-0/hdds/af940217-b311-440f-8e09-352fdf66236b/current/containerDir0/7/chunks does not exist.
2025-05-14 02:54:20,606 [EventQueue-PipelineActionsForPipelineActionHandler] INFO  pipeline.PipelineActionHandler (PipelineActionHandler.java:processPipelineAction(89)) - Received pipeline action CLOSE for PipelineID=d1819bd0-c34f-41f4-be2b-ca654213e6f9 from datanode c77e66e9-1cca-4fd3-bc5b-4ea2dbc3232f(localhost/127.0.0.1). Reason : Chunks directory /home/runner/work/ozone/ozone/hadoop-ozone/integration-test/target/test-dir/MiniOzoneClusterImpl-af940217-b311-440f-8e09-352fdf66236b/ozone-meta/datanode-6/data-0/hdds/af940217-b311-440f-8e09-352fdf66236b/current/containerDir0/7/chunks does not exist.
2025-05-14 02:54:20,807 [EventQueue-PipelineActionsForPipelineActionHandler] INFO  pipeline.PipelineActionHandler (PipelineActionHandler.java:processPipelineAction(89)) - Received pipeline action CLOSE for PipelineID=d1819bd0-c34f-41f4-be2b-ca654213e6f9 from datanode c77e66e9-1cca-4fd3-bc5b-4ea2dbc3232f(localhost/127.0.0.1). Reason : Chunks directory /home/runner/work/ozone/ozone/hadoop-ozone/integration-test/target/test-dir/MiniOzoneClusterImpl-af940217-b311-440f-8e09-352fdf66236b/ozone-meta/datanode-6/data-0/hdds/af940217-b311-440f-8e09-352fdf66236b/current/containerDir0/7/chunks does not exist.
2025-05-14 02:54:21,007 [EventQueue-PipelineActionsForPipelineActionHandler] INFO  pipeline.PipelineActionHandler (PipelineActionHandler.java:processPipelineAction(89)) - Received pipeline action CLOSE for PipelineID=d1819bd0-c34f-41f4-be2b-ca654213e6f9 from datanode c77e66e9-1cca-4fd3-bc5b-4ea2dbc3232f(localhost/127.0.0.1). Reason : Chunks directory /home/runner/work/ozone/ozone/hadoop-ozone/integration-test/target/test-dir/MiniOzoneClusterImpl-af940217-b311-440f-8e09-352fdf66236b/ozone-meta/datanode-6/data-0/hdds/af940217-b311-440f-8e09-352fdf66236b/current/containerDir0/7/chunks does not exist.
2025-05-14 02:54:21,082 [grpc-default-executor-3] WARN  server.GrpcServerProtocolService (LogUtils.java:warn(123)) - e44b5a69-92f9-40f4-85c9-712e1c637b62: Failed APPEND_ENTRIES request c77e66e9-1cca-4fd3-bc5b-4ea2dbc3232f->e44b5a69-92f9-40f4-85c9-712e1c637b62#6-t2,previous=(t:1, i:10),leaderCommit=12,initializing? false,entries: size=2, first=(t:2, i:11), CONFIGURATIONENTRY(current:id:"d4e44fd7-0e23-4e4f-bc30-0c7965de497d"address:"127.0.0.1:15039"dataStreamAddress:"127.0.0.1:15040"clientAddress:"127.0.0.1:15037"adminAddress:"127.0.0.1:15038"startupRole:FOLLOWER, id:"e44b5a69-92f9-40f4-85c9-712e1c637b62"address:"127.0.0.1:15047"priority:1dataStreamAddress:"127.0.0.1:15048"clientAddress:"127.0.0.1:15045"adminAddress:"127.0.0.1:15046"startupRole:FOLLOWER, id:"c77e66e9-1cca-4fd3-bc5b-4ea2dbc3232f"address:"127.0.0.1:15055"dataStreamAddress:"127.0.0.1:15056"clientAddress:"127.0.0.1:15053"adminAddress:"127.0.0.1:15054"startupRole:FOLLOWER, old:)
java.util.concurrent.CompletionException: org.apache.ratis.protocol.exceptions.GroupMismatchException: e44b5a69-92f9-40f4-85c9-712e1c637b62: group-90B7BBECBC71 not found.
	at java.base/java.util.concurrent.CompletableFuture.encodeThrowable(CompletableFuture.java:332)
	at java.base/java.util.concurrent.CompletableFuture.uniComposeStage(CompletableFuture.java:1177)
	at java.base/java.util.concurrent.CompletableFuture.thenCompose(CompletableFuture.java:2341)
	at org.apache.ratis.server.impl.RaftServerProxy.appendEntriesAsync(RaftServerProxy.java:645)
	at org.apache.ratis.grpc.server.GrpcServerProtocolService$1.process(GrpcServerProtocolService.java:229)
	at org.apache.ratis.grpc.server.GrpcServerProtocolService$1.process(GrpcServerProtocolService.java:226)
	at org.apache.ratis.grpc.server.GrpcServerProtocolService$ServerRequestStreamObserver.onNext(GrpcServerProtocolService.java:137)
	at org.apache.ratis.thirdparty.io.grpc.stub.ServerCalls$StreamingServerCallHandler$StreamingServerCallListener.onMessage(ServerCalls.java:262)
	at org.apache.ratis.thirdparty.io.grpc.internal.ServerCallImpl$ServerStreamListenerImpl.messagesAvailableInternal(ServerCallImpl.java:329)
	at org.apache.ratis.thirdparty.io.grpc.internal.ServerCallImpl$ServerStreamListenerImpl.messagesAvailable(ServerCallImpl.java:314)
	at org.apache.ratis.thirdparty.io.grpc.internal.ServerImpl$JumpToApplicationThreadServerStreamListener$1MessagesAvailable.runInContext(ServerImpl.java:833)
	at org.apache.ratis.thirdparty.io.grpc.internal.ContextRunnable.run(ContextRunnable.java:37)
	at org.apache.ratis.thirdparty.io.grpc.internal.SerializingExecutor.run(SerializingExecutor.java:133)
	at java.base/java.util.concurrent.ThreadPoolExecutor.runWorker(ThreadPoolExecutor.java:1144)
	at java.base/java.util.concurrent.ThreadPoolExecutor$Worker.run(ThreadPoolExecutor.java:642)
	at java.base/java.lang.Thread.run(Thread.java:1583)
Caused by: org.apache.ratis.protocol.exceptions.GroupMismatchException: e44b5a69-92f9-40f4-85c9-712e1c637b62: group-90B7BBECBC71 not found.
	at org.apache.ratis.server.impl.RaftServerProxy$ImplMap.get(RaftServerProxy.java:155)
	at org.apache.ratis.server.impl.RaftServerProxy.getImplFuture(RaftServerProxy.java:365)
	at org.apache.ratis.server.impl.RaftServerProxy.appendEntriesAsync(RaftServerProxy.java:644)
	... 12 more
2025-05-14 02:54:21,084 [grpc-default-executor-3] INFO  leader.LogAppender (LogAppenderBase.java:lambda$getNextIndexForError$0(215)) - Decrease nextIndex to 11
2025-05-14 02:54:21,084 [grpc-default-executor-3] INFO  leader.LogAppender (LogAppenderBase.java:lambda$getNextIndexForError$0(215)) - Decrease nextIndex to 11
2025-05-14 02:54:21,084 [grpc-default-executor-3] INFO  leader.FollowerInfo (FollowerInfoImpl.java:info(70)) - c77e66e9-1cca-4fd3-bc5b-4ea2dbc3232f@group-90B7BBECBC71->e44b5a69-92f9-40f4-85c9-712e1c637b62: computeNextIndex nextIndex: updateUnconditionally 13 -> 11
2025-05-14 02:54:21,086 [c77e66e9-1cca-4fd3-bc5b-4ea2dbc3232f@group-CA654213E6F9-LeaderStateImpl] ERROR util.ExitUtils (ExitUtils.java:terminate(133)) - Terminating with exit status -1: Thread[#1446,c77e66e9-1cca-4fd3-bc5b-4ea2dbc3232f@group-CA654213E6F9-LeaderStateImpl,5,c77e66e9-1cca-4fd3-bc5b-4ea2dbc3232f@group-CA654213E6F9] has thrown an uncaught exception
java.lang.IllegalStateException: c77e66e9-1cca-4fd3-bc5b-4ea2dbc3232f@group-CA654213E6F9-SegmentedRaftLog is expected to be opened but it is CLOSED
	at org.apache.ratis.util.OpenCloseState.assertOpen(OpenCloseState.java:63)
	at org.apache.ratis.server.raftlog.RaftLogBase.checkLogState(RaftLogBase.java:112)
	at org.apache.ratis.server.raftlog.segmented.SegmentedRaftLog.getLastEntryTermIndex(SegmentedRaftLog.java:356)
	at org.apache.ratis.server.impl.ServerState.getLastEntry(ServerState.java:310)
	at org.apache.ratis.server.impl.LeaderStateImpl.checkPeersForYieldingLeader(LeaderStateImpl.java:1075)
	at org.apache.ratis.server.impl.LeaderStateImpl.access$800(LeaderStateImpl.java:100)
	at org.apache.ratis.server.impl.LeaderStateImpl$EventProcessor.run(LeaderStateImpl.java:771)
Caused by: org.apache.ratis.util.OpenCloseState$CloseTrace: Close c77e66e9-1cca-4fd3-bc5b-4ea2dbc3232f@group-CA654213E6F9-SegmentedRaftLog
	at org.apache.ratis.util.OpenCloseState.lambda$close$1(OpenCloseState.java:109)
	at java.base/java.util.concurrent.atomic.AtomicReference.getAndUpdate(AtomicReference.java:188)
	at org.apache.ratis.util.OpenCloseState.close(OpenCloseState.java:109)
	at org.apache.ratis.server.raftlog.RaftLogBase.close(RaftLogBase.java:380)
	at org.apache.ratis.server.raftlog.segmented.SegmentedRaftLog.close(SegmentedRaftLog.java:528)
	at org.apache.ratis.server.raftlog.RaftLogBase.lambda$appendImpl$3(RaftLogBase.java:205)
	at java.base/java.util.concurrent.CompletableFuture.uniWhenComplete(CompletableFuture.java:863)
	at java.base/java.util.concurrent.CompletableFuture$UniWhenComplete.tryFire(CompletableFuture.java:841)
	at java.base/java.util.concurrent.CompletableFuture.postComplete(CompletableFuture.java:510)
	at java.base/java.util.concurrent.CompletableFuture.completeExceptionally(CompletableFuture.java:2194)
	at org.apache.ratis.server.raftlog.segmented.SegmentedRaftLog$Task.failed(SegmentedRaftLog.java:109)
	at org.apache.ratis.server.raftlog.segmented.SegmentedRaftLogWorker$WriteLog.failed(SegmentedRaftLogWorker.java:527)
	at org.apache.ratis.server.raftlog.segmented.SegmentedRaftLogWorker.run(SegmentedRaftLogWorker.java:324)
	at java.base/java.util.concurrent.Executors$RunnableAdapter.call(Executors.java:572)
	at java.base/java.util.concurrent.FutureTask.run(FutureTask.java:317)
	at java.base/java.util.concurrent.ThreadPoolExecutor.runWorker(ThreadPoolExecutor.java:1144)
	at java.base/java.util.concurrent.ThreadPoolExecutor$Worker.run(ThreadPoolExecutor.java:642)
	at java.base/java.lang.Thread.run(Thread.java:1583)
2025-05-14 02:54:21,206 [EventQueue-PipelineActionsForPipelineActionHandler] INFO  pipeline.PipelineActionHandler (PipelineActionHandler.java:processPipelineAction(89)) - Received pipeline action CLOSE for PipelineID=d1819bd0-c34f-41f4-be2b-ca654213e6f9 from datanode c77e66e9-1cca-4fd3-bc5b-4ea2dbc3232f(localhost/127.0.0.1). Reason : Chunks directory /home/runner/work/ozone/ozone/hadoop-ozone/integration-test/target/test-dir/MiniOzoneClusterImpl-af940217-b311-440f-8e09-352fdf66236b/ozone-meta/datanode-6/data-0/hdds/af940217-b311-440f-8e09-352fdf66236b/current/containerDir0/7/chunks does not exist.
2025-05-14 02:54:21,406 [EventQueue-PipelineActionsForPipelineActionHandler] INFO  pipeline.PipelineActionHandler (PipelineActionHandler.java:processPipelineAction(89)) - Received pipeline action CLOSE for PipelineID=d1819bd0-c34f-41f4-be2b-ca654213e6f9 from datanode c77e66e9-1cca-4fd3-bc5b-4ea2dbc3232f(localhost/127.0.0.1). Reason : Chunks directory /home/runner/work/ozone/ozone/hadoop-ozone/integration-test/target/test-dir/MiniOzoneClusterImpl-af940217-b311-440f-8e09-352fdf66236b/ozone-meta/datanode-6/data-0/hdds/af940217-b311-440f-8e09-352fdf66236b/current/containerDir0/7/chunks does not exist.
2025-05-14 02:54:21,607 [EventQueue-PipelineActionsForPipelineActionHandler] INFO  pipeline.PipelineActionHandler (PipelineActionHandler.java:processPipelineAction(89)) - Received pipeline action CLOSE for PipelineID=d1819bd0-c34f-41f4-be2b-ca654213e6f9 from datanode c77e66e9-1cca-4fd3-bc5b-4ea2dbc3232f(localhost/127.0.0.1). Reason : Chunks directory /home/runner/work/ozone/ozone/hadoop-ozone/integration-test/target/test-dir/MiniOzoneClusterImpl-af940217-b311-440f-8e09-352fdf66236b/ozone-meta/datanode-6/data-0/hdds/af940217-b311-440f-8e09-352fdf66236b/current/containerDir0/7/chunks does not exist.
2025-05-14 02:54:21,807 [EventQueue-PipelineActionsForPipelineActionHandler] INFO  pipeline.PipelineActionHandler (PipelineActionHandler.java:processPipelineAction(89)) - Received pipeline action CLOSE for PipelineID=d1819bd0-c34f-41f4-be2b-ca654213e6f9 from datanode c77e66e9-1cca-4fd3-bc5b-4ea2dbc3232f(localhost/127.0.0.1). Reason : Chunks directory /home/runner/work/ozone/ozone/hadoop-ozone/integration-test/target/test-dir/MiniOzoneClusterImpl-af940217-b311-440f-8e09-352fdf66236b/ozone-meta/datanode-6/data-0/hdds/af940217-b311-440f-8e09-352fdf66236b/current/containerDir0/7/chunks does not exist.
2025-05-14 02:54:22,006 [EventQueue-PipelineActionsForPipelineActionHandler] INFO  pipeline.PipelineActionHandler (PipelineActionHandler.java:processPipelineAction(89)) - Received pipeline action CLOSE for PipelineID=d1819bd0-c34f-41f4-be2b-ca654213e6f9 from datanode c77e66e9-1cca-4fd3-bc5b-4ea2dbc3232f(localhost/127.0.0.1). Reason : Chunks directory /home/runner/work/ozone/ozone/hadoop-ozone/integration-test/target/test-dir/MiniOzoneClusterImpl-af940217-b311-440f-8e09-352fdf66236b/ozone-meta/datanode-6/data-0/hdds/af940217-b311-440f-8e09-352fdf66236b/current/containerDir0/7/chunks does not exist.
2025-05-14 02:54:22,206 [EventQueue-PipelineActionsForPipelineActionHandler] INFO  pipeline.PipelineActionHandler (PipelineActionHandler.java:processPipelineAction(89)) - Received pipeline action CLOSE for PipelineID=d1819bd0-c34f-41f4-be2b-ca654213e6f9 from datanode c77e66e9-1cca-4fd3-bc5b-4ea2dbc3232f(localhost/127.0.0.1). Reason : Chunks directory /home/runner/work/ozone/ozone/hadoop-ozone/integration-test/target/test-dir/MiniOzoneClusterImpl-af940217-b311-440f-8e09-352fdf66236b/ozone-meta/datanode-6/data-0/hdds/af940217-b311-440f-8e09-352fdf66236b/current/containerDir0/7/chunks does not exist.
2025-05-14 02:54:22,330 [d4e44fd7-0e23-4e4f-bc30-0c7965de497d@group-90B7BBECBC71-StateMachineUpdater] INFO  ratis.ContainerStateMachine (ContainerStateMachine.java:takeSnapshot(427)) - group-90B7BBECBC71: Taking a snapshot at:(t:2, i:12) file /home/runner/work/ozone/ozone/hadoop-ozone/integration-test/target/test-dir/MiniOzoneClusterImpl-af940217-b311-440f-8e09-352fdf66236b/ozone-meta/datanode-4/ratis/8155a67b-a88a-4cce-aefd-90b7bbecbc71/sm/snapshot.2_12
2025-05-14 02:54:22,332 [d4e44fd7-0e23-4e4f-bc30-0c7965de497d@group-90B7BBECBC71-StateMachineUpdater] INFO  ratis.ContainerStateMachine (ContainerStateMachine.java:takeSnapshot(436)) - group-90B7BBECBC71: Finished taking a snapshot at:(t:2, i:12) file:/home/runner/work/ozone/ozone/hadoop-ozone/integration-test/target/test-dir/MiniOzoneClusterImpl-af940217-b311-440f-8e09-352fdf66236b/ozone-meta/datanode-4/ratis/8155a67b-a88a-4cce-aefd-90b7bbecbc71/sm/snapshot.2_12 took: 2 ms
2025-05-14 02:54:22,332 [d4e44fd7-0e23-4e4f-bc30-0c7965de497d@group-90B7BBECBC71-StateMachineUpdater] INFO  impl.SimpleStateMachineStorage (SimpleStateMachineStorage.java:lambda$cleanupOldSnapshots$1(126)) - Deleting old snapshot at /home/runner/work/ozone/ozone/hadoop-ozone/integration-test/target/test-dir/MiniOzoneClusterImpl-af940217-b311-440f-8e09-352fdf66236b/ozone-meta/datanode-4/ratis/8155a67b-a88a-4cce-aefd-90b7bbecbc71/sm/snapshot.1_2
2025-05-14 02:54:22,332 [d4e44fd7-0e23-4e4f-bc30-0c7965de497d@group-90B7BBECBC71-StateMachineUpdater] INFO  impl.StateMachineUpdater (StateMachineUpdater.java:takeSnapshot(303)) - d4e44fd7-0e23-4e4f-bc30-0c7965de497d@group-90B7BBECBC71-StateMachineUpdater: Took a snapshot at index 12
2025-05-14 02:54:22,332 [d4e44fd7-0e23-4e4f-bc30-0c7965de497d@group-90B7BBECBC71-StateMachineUpdater] INFO  impl.StateMachineUpdater (StateMachineUpdater.java:lambda$new$0(102)) - d4e44fd7-0e23-4e4f-bc30-0c7965de497d@group-90B7BBECBC71-StateMachineUpdater: snapshotIndex: updateIncreasingly 11 -> 12
2025-05-14 02:54:22,333 [grpc-default-executor-5] WARN  server.GrpcServerProtocolService (LogUtils.java:warn(123)) - e44b5a69-92f9-40f4-85c9-712e1c637b62: Failed APPEND_ENTRIES request c77e66e9-1cca-4fd3-bc5b-4ea2dbc3232f->e44b5a69-92f9-40f4-85c9-712e1c637b62#7-t2,previous=(t:1, i:10),leaderCommit=12,initializing? false,entries: size=2, first=(t:2, i:11), CONFIGURATIONENTRY(current:id:"d4e44fd7-0e23-4e4f-bc30-0c7965de497d"address:"127.0.0.1:15039"dataStreamAddress:"127.0.0.1:15040"clientAddress:"127.0.0.1:15037"adminAddress:"127.0.0.1:15038"startupRole:FOLLOWER, id:"e44b5a69-92f9-40f4-85c9-712e1c637b62"address:"127.0.0.1:15047"priority:1dataStreamAddress:"127.0.0.1:15048"clientAddress:"127.0.0.1:15045"adminAddress:"127.0.0.1:15046"startupRole:FOLLOWER, id:"c77e66e9-1cca-4fd3-bc5b-4ea2dbc3232f"address:"127.0.0.1:15055"dataStreamAddress:"127.0.0.1:15056"clientAddress:"127.0.0.1:15053"adminAddress:"127.0.0.1:15054"startupRole:FOLLOWER, old:)
java.util.concurrent.CompletionException: org.apache.ratis.protocol.exceptions.GroupMismatchException: e44b5a69-92f9-40f4-85c9-712e1c637b62: group-90B7BBECBC71 not found.
	at java.base/java.util.concurrent.CompletableFuture.encodeThrowable(CompletableFuture.java:332)
	at java.base/java.util.concurrent.CompletableFuture.uniComposeStage(CompletableFuture.java:1177)
	at java.base/java.util.concurrent.CompletableFuture.thenCompose(CompletableFuture.java:2341)
	at org.apache.ratis.server.impl.RaftServerProxy.appendEntriesAsync(RaftServerProxy.java:645)
	at org.apache.ratis.grpc.server.GrpcServerProtocolService$1.process(GrpcServerProtocolService.java:229)
	at org.apache.ratis.grpc.server.GrpcServerProtocolService$1.process(GrpcServerProtocolService.java:226)
	at org.apache.ratis.grpc.server.GrpcServerProtocolService$ServerRequestStreamObserver.onNext(GrpcServerProtocolService.java:137)
	at org.apache.ratis.thirdparty.io.grpc.stub.ServerCalls$StreamingServerCallHandler$StreamingServerCallListener.onMessage(ServerCalls.java:262)
	at org.apache.ratis.thirdparty.io.grpc.internal.ServerCallImpl$ServerStreamListenerImpl.messagesAvailableInternal(ServerCallImpl.java:329)
	at org.apache.ratis.thirdparty.io.grpc.internal.ServerCallImpl$ServerStreamListenerImpl.messagesAvailable(ServerCallImpl.java:314)
	at org.apache.ratis.thirdparty.io.grpc.internal.ServerImpl$JumpToApplicationThreadServerStreamListener$1MessagesAvailable.runInContext(ServerImpl.java:833)
	at org.apache.ratis.thirdparty.io.grpc.internal.ContextRunnable.run(ContextRunnable.java:37)
	at org.apache.ratis.thirdparty.io.grpc.internal.SerializingExecutor.run(SerializingExecutor.java:133)
	at java.base/java.util.concurrent.ThreadPoolExecutor.runWorker(ThreadPoolExecutor.java:1144)
	at java.base/java.util.concurrent.ThreadPoolExecutor$Worker.run(ThreadPoolExecutor.java:642)
	at java.base/java.lang.Thread.run(Thread.java:1583)
Caused by: org.apache.ratis.protocol.exceptions.GroupMismatchException: e44b5a69-92f9-40f4-85c9-712e1c637b62: group-90B7BBECBC71 not found.
	at org.apache.ratis.server.impl.RaftServerProxy$ImplMap.get(RaftServerProxy.java:155)
	at org.apache.ratis.server.impl.RaftServerProxy.getImplFuture(RaftServerProxy.java:365)
	at org.apache.ratis.server.impl.RaftServerProxy.appendEntriesAsync(RaftServerProxy.java:644)
	... 12 more
2025-05-14 02:54:22,335 [grpc-default-executor-5] INFO  leader.LogAppender (LogAppenderBase.java:lambda$getNextIndexForError$0(215)) - Decrease nextIndex to 11
2025-05-14 02:54:22,335 [grpc-default-executor-5] INFO  leader.LogAppender (LogAppenderBase.java:lambda$getNextIndexForError$0(215)) - Decrease nextIndex to 11
2025-05-14 02:54:22,335 [grpc-default-executor-5] INFO  leader.FollowerInfo (FollowerInfoImpl.java:info(70)) - c77e66e9-1cca-4fd3-bc5b-4ea2dbc3232f@group-90B7BBECBC71->e44b5a69-92f9-40f4-85c9-712e1c637b62: computeNextIndex nextIndex: updateUnconditionally 13 -> 11
2025-05-14 02:54:22,407 [EventQueue-PipelineActionsForPipelineActionHandler] INFO  pipeline.PipelineActionHandler (PipelineActionHandler.java:processPipelineAction(89)) - Received pipeline action CLOSE for PipelineID=d1819bd0-c34f-41f4-be2b-ca654213e6f9 from datanode c77e66e9-1cca-4fd3-bc5b-4ea2dbc3232f(localhost/127.0.0.1). Reason : Chunks directory /home/runner/work/ozone/ozone/hadoop-ozone/integration-test/target/test-dir/MiniOzoneClusterImpl-af940217-b311-440f-8e09-352fdf66236b/ozone-meta/datanode-6/data-0/hdds/af940217-b311-440f-8e09-352fdf66236b/current/containerDir0/7/chunks does not exist.
2025-05-14 02:54:22,504 [BackgroundPipelineScrubber] INFO  pipeline.PipelineManagerImpl (PipelineManagerImpl.java:scrubPipelines(601)) - Scrubbing pipeline: id: PipelineID=d1819bd0-c34f-41f4-be2b-ca654213e6f9 since it stays at CLOSED stage.
2025-05-14 02:54:22,506 [BackgroundPipelineScrubber] INFO  pipeline.RatisPipelineProvider (RatisPipelineProvider.java:lambda$close$4(273)) - Send pipeline:PipelineID=d1819bd0-c34f-41f4-be2b-ca654213e6f9 close command to datanode c77e66e9-1cca-4fd3-bc5b-4ea2dbc3232f
2025-05-14 02:54:22,506 [BackgroundPipelineScrubber] INFO  pipeline.PipelineManagerImpl (PipelineManagerImpl.java:removePipeline(462)) - Pipeline Pipeline{ Id: d1819bd0-c34f-41f4-be2b-ca654213e6f9, Nodes: [ {c77e66e9-1cca-4fd3-bc5b-4ea2dbc3232f(localhost/127.0.0.1), ReplicaIndex: 0},], ReplicationConfig: RATIS/ONE, State:CLOSED, leaderId:c77e66e9-1cca-4fd3-bc5b-4ea2dbc3232f, CreationTimestamp2025-05-14T02:53:36.708Z[Etc/UTC]} removed.
2025-05-14 02:54:22,606 [EventQueue-PipelineActionsForPipelineActionHandler] INFO  pipeline.PipelineActionHandler (PipelineActionHandler.java:processPipelineAction(89)) - Received pipeline action CLOSE for PipelineID=d1819bd0-c34f-41f4-be2b-ca654213e6f9 from datanode c77e66e9-1cca-4fd3-bc5b-4ea2dbc3232f(localhost/127.0.0.1). Reason : Chunks directory /home/runner/work/ozone/ozone/hadoop-ozone/integration-test/target/test-dir/MiniOzoneClusterImpl-af940217-b311-440f-8e09-352fdf66236b/ozone-meta/datanode-6/data-0/hdds/af940217-b311-440f-8e09-352fdf66236b/current/containerDir0/7/chunks does not exist.
2025-05-14 02:54:22,606 [EventQueue-PipelineReportForPipelineReportHandler] INFO  pipeline.PipelineReportHandler (PipelineReportHandler.java:handlePipelineNotFoundException(98)) - Pipeline PipelineID=d1819bd0-c34f-41f4-be2b-ca654213e6f9, reported by datanode c77e66e9-1cca-4fd3-bc5b-4ea2dbc3232f(localhost/127.0.0.1) is not found.
2025-05-14 02:54:22,607 [EventQueue-PipelineActionsForPipelineActionHandler] WARN  pipeline.PipelineActionHandler (PipelineActionHandler.java:closeUnknownPipeline(117)) - Pipeline action received for unknown Pipeline PipelineID=d1819bd0-c34f-41f4-be2b-ca654213e6f9, firing close pipeline event.
2025-05-14 02:54:22,806 [EventQueue-PipelineActionsForPipelineActionHandler] INFO  pipeline.PipelineActionHandler (PipelineActionHandler.java:processPipelineAction(89)) - Received pipeline action CLOSE for PipelineID=d1819bd0-c34f-41f4-be2b-ca654213e6f9 from datanode c77e66e9-1cca-4fd3-bc5b-4ea2dbc3232f(localhost/127.0.0.1). Reason : Chunks directory /home/runner/work/ozone/ozone/hadoop-ozone/integration-test/target/test-dir/MiniOzoneClusterImpl-af940217-b311-440f-8e09-352fdf66236b/ozone-meta/datanode-6/data-0/hdds/af940217-b311-440f-8e09-352fdf66236b/current/containerDir0/7/chunks does not exist.
2025-05-14 02:54:22,807 [EventQueue-PipelineActionsForPipelineActionHandler] WARN  pipeline.PipelineActionHandler (PipelineActionHandler.java:closeUnknownPipeline(117)) - Pipeline action received for unknown Pipeline PipelineID=d1819bd0-c34f-41f4-be2b-ca654213e6f9, firing close pipeline event.
2025-05-14 02:54:22,806 [EventQueue-PipelineReportForPipelineReportHandler] INFO  pipeline.PipelineReportHandler (PipelineReportHandler.java:handlePipelineNotFoundException(98)) - Pipeline PipelineID=d1819bd0-c34f-41f4-be2b-ca654213e6f9, reported by datanode c77e66e9-1cca-4fd3-bc5b-4ea2dbc3232f(localhost/127.0.0.1) is not found.
2025-05-14 02:54:23,006 [c77e66e9-1cca-4fd3-bc5b-4ea2dbc3232f-PipelineCommandHandlerThread-0] INFO  server.RaftServer (RaftServerProxy.java:remove(111)) - c77e66e9-1cca-4fd3-bc5b-4ea2dbc3232f: remove    LEADER c77e66e9-1cca-4fd3-bc5b-4ea2dbc3232f@group-CA654213E6F9:t1, leader=c77e66e9-1cca-4fd3-bc5b-4ea2dbc3232f, voted=c77e66e9-1cca-4fd3-bc5b-4ea2dbc3232f, raftlog=Memoized:c77e66e9-1cca-4fd3-bc5b-4ea2dbc3232f@group-CA654213E6F9-SegmentedRaftLog:CLOSED:c3, conf=conf: {index: 0, cur=peers:[c77e66e9-1cca-4fd3-bc5b-4ea2dbc3232f|127.0.0.1:15055]|listeners:[], old=null} RUNNING
2025-05-14 02:54:23,007 [c77e66e9-1cca-4fd3-bc5b-4ea2dbc3232f-PipelineCommandHandlerThread-0] INFO  server.RaftServer$Division (RaftServerImpl.java:lambda$close$1(513)) - c77e66e9-1cca-4fd3-bc5b-4ea2dbc3232f@group-CA654213E6F9: shutdown
2025-05-14 02:54:23,007 [c77e66e9-1cca-4fd3-bc5b-4ea2dbc3232f-PipelineCommandHandlerThread-0] INFO  util.JmxRegister (JmxRegister.java:unregister(74)) - Successfully un-registered JMX Bean with object name Ratis:service=RaftServer,group=group-CA654213E6F9,id=c77e66e9-1cca-4fd3-bc5b-4ea2dbc3232f
2025-05-14 02:54:23,007 [c77e66e9-1cca-4fd3-bc5b-4ea2dbc3232f-PipelineCommandHandlerThread-0] INFO  impl.RoleInfo (RoleInfo.java:shutdownLeaderState(103)) - c77e66e9-1cca-4fd3-bc5b-4ea2dbc3232f: shutdown c77e66e9-1cca-4fd3-bc5b-4ea2dbc3232f@group-CA654213E6F9-LeaderStateImpl
2025-05-14 02:54:23,007 [c77e66e9-1cca-4fd3-bc5b-4ea2dbc3232f-PipelineCommandHandlerThread-0] INFO  impl.PendingRequests (PendingRequests.java:sendNotLeaderResponses(287)) - c77e66e9-1cca-4fd3-bc5b-4ea2dbc3232f@group-CA654213E6F9-PendingRequests: sendNotLeaderResponses
2025-05-14 02:54:23,007 [EventQueue-PipelineActionsForPipelineActionHandler] INFO  pipeline.PipelineActionHandler (PipelineActionHandler.java:processPipelineAction(89)) - Received pipeline action CLOSE for PipelineID=d1819bd0-c34f-41f4-be2b-ca654213e6f9 from datanode c77e66e9-1cca-4fd3-bc5b-4ea2dbc3232f(localhost/127.0.0.1). Reason : Chunks directory /home/runner/work/ozone/ozone/hadoop-ozone/integration-test/target/test-dir/MiniOzoneClusterImpl-af940217-b311-440f-8e09-352fdf66236b/ozone-meta/datanode-6/data-0/hdds/af940217-b311-440f-8e09-352fdf66236b/current/containerDir0/7/chunks does not exist.
2025-05-14 02:54:23,008 [EventQueue-PipelineActionsForPipelineActionHandler] WARN  pipeline.PipelineActionHandler (PipelineActionHandler.java:closeUnknownPipeline(117)) - Pipeline action received for unknown Pipeline PipelineID=d1819bd0-c34f-41f4-be2b-ca654213e6f9, firing close pipeline event.
2025-05-14 02:54:23,007 [EventQueue-PipelineReportForPipelineReportHandler] INFO  pipeline.PipelineReportHandler (PipelineReportHandler.java:handlePipelineNotFoundException(98)) - Pipeline PipelineID=d1819bd0-c34f-41f4-be2b-ca654213e6f9, reported by datanode c77e66e9-1cca-4fd3-bc5b-4ea2dbc3232f(localhost/127.0.0.1) is not found.
2025-05-14 02:54:23,010 [c77e66e9-1cca-4fd3-bc5b-4ea2dbc3232f-PipelineCommandHandlerThread-0] INFO  impl.StateMachineUpdater (StateMachineUpdater.java:stopAndJoin(164)) - c77e66e9-1cca-4fd3-bc5b-4ea2dbc3232f@group-CA654213E6F9-StateMachineUpdater: set stopIndex = 3
2025-05-14 02:54:23,010 [c77e66e9-1cca-4fd3-bc5b-4ea2dbc3232f@group-CA654213E6F9-StateMachineUpdater] ERROR ratis.ContainerStateMachine (ContainerStateMachine.java:takeSnapshot(421)) - Failed to take snapshot  for group-CA654213E6F9 as the stateMachine is unhealthy. The last applied index is at (t:1, i:3)
2025-05-14 02:54:23,010 [c77e66e9-1cca-4fd3-bc5b-4ea2dbc3232f@group-CA654213E6F9-StateMachineUpdater] ERROR impl.StateMachineUpdater (StateMachineUpdater.java:takeSnapshot(298)) - c77e66e9-1cca-4fd3-bc5b-4ea2dbc3232f@group-CA654213E6F9-StateMachineUpdater: Failed to take snapshot
org.apache.ratis.protocol.exceptions.StateMachineException: Failed to take snapshot  for group-CA654213E6F9 as the stateMachine is unhealthy. The last applied index is at (t:1, i:3)
	at org.apache.hadoop.ozone.container.common.transport.server.ratis.ContainerStateMachine.takeSnapshot(ContainerStateMachine.java:420)
	at org.apache.ratis.server.impl.StateMachineUpdater.takeSnapshot(StateMachineUpdater.java:286)
	at org.apache.ratis.server.impl.StateMachineUpdater.checkAndTakeSnapshot(StateMachineUpdater.java:278)
	at org.apache.ratis.server.impl.StateMachineUpdater.run(StateMachineUpdater.java:194)
	at java.base/java.lang.Thread.run(Thread.java:1583)
2025-05-14 02:54:23,010 [c77e66e9-1cca-4fd3-bc5b-4ea2dbc3232f@group-CA654213E6F9-StateMachineUpdater] ERROR ratis.ContainerStateMachine (ContainerStateMachine.java:takeSnapshot(421)) - Failed to take snapshot  for group-CA654213E6F9 as the stateMachine is unhealthy. The last applied index is at (t:1, i:3)
2025-05-14 02:54:23,010 [c77e66e9-1cca-4fd3-bc5b-4ea2dbc3232f@group-CA654213E6F9-StateMachineUpdater] ERROR impl.StateMachineUpdater (StateMachineUpdater.java:takeSnapshot(298)) - c77e66e9-1cca-4fd3-bc5b-4ea2dbc3232f@group-CA654213E6F9-StateMachineUpdater: Failed to take snapshot
org.apache.ratis.protocol.exceptions.StateMachineException: Failed to take snapshot  for group-CA654213E6F9 as the stateMachine is unhealthy. The last applied index is at (t:1, i:3)
	at org.apache.hadoop.ozone.container.common.transport.server.ratis.ContainerStateMachine.takeSnapshot(ContainerStateMachine.java:420)
	at org.apache.ratis.server.impl.StateMachineUpdater.takeSnapshot(StateMachineUpdater.java:286)
	at org.apache.ratis.server.impl.StateMachineUpdater.checkAndTakeSnapshot(StateMachineUpdater.java:278)
	at org.apache.ratis.server.impl.StateMachineUpdater.run(StateMachineUpdater.java:197)
	at java.base/java.lang.Thread.run(Thread.java:1583)
2025-05-14 02:54:23,010 [c77e66e9-1cca-4fd3-bc5b-4ea2dbc3232f@group-CA654213E6F9-StateMachineUpdater] INFO  impl.StateMachineUpdater (StateMachineUpdater.java:stop(141)) - c77e66e9-1cca-4fd3-bc5b-4ea2dbc3232f@group-CA654213E6F9-StateMachineUpdater: closing ContainerStateMachine, lastApplied=(t:1, i:3)
2025-05-14 02:54:23,010 [c77e66e9-1cca-4fd3-bc5b-4ea2dbc3232f-PipelineCommandHandlerThread-0] INFO  segmented.SegmentedRaftLogWorker (SegmentedRaftLogWorker.java:close(252)) - c77e66e9-1cca-4fd3-bc5b-4ea2dbc3232f@group-CA654213E6F9-SegmentedRaftLogWorker close()
2025-05-14 02:54:23,013 [c77e66e9-1cca-4fd3-bc5b-4ea2dbc3232f-PipelineCommandHandlerThread-0] INFO  server.RaftServer$Division (RaftServerImpl.java:groupRemove(483)) - c77e66e9-1cca-4fd3-bc5b-4ea2dbc3232f@group-CA654213E6F9: Succeed to remove RaftStorageDirectory Storage Directory /home/runner/work/ozone/ozone/hadoop-ozone/integration-test/target/test-dir/MiniOzoneClusterImpl-af940217-b311-440f-8e09-352fdf66236b/ozone-meta/datanode-6/ratis/d1819bd0-c34f-41f4-be2b-ca654213e6f9
2025-05-14 02:54:23,013 [c77e66e9-1cca-4fd3-bc5b-4ea2dbc3232f-PipelineCommandHandlerThread-0] INFO  commandhandler.ClosePipelineCommandHandler (ClosePipelineCommandHandler.java:lambda$handle$2(142)) - Close Pipeline PipelineID=d1819bd0-c34f-41f4-be2b-ca654213e6f9 command on datanode c77e66e9-1cca-4fd3-bc5b-4ea2dbc3232f(localhost/127.0.0.1).
2025-05-14 02:54:23,587 [grpc-default-executor-5] WARN  server.GrpcServerProtocolService (LogUtils.java:warn(123)) - e44b5a69-92f9-40f4-85c9-712e1c637b62: Failed APPEND_ENTRIES request c77e66e9-1cca-4fd3-bc5b-4ea2dbc3232f->e44b5a69-92f9-40f4-85c9-712e1c637b62#10-t2,previous=(t:1, i:10),leaderCommit=12,initializing? false,entries: size=2, first=(t:2, i:11), CONFIGURATIONENTRY(current:id:"d4e44fd7-0e23-4e4f-bc30-0c7965de497d"address:"127.0.0.1:15039"dataStreamAddress:"127.0.0.1:15040"clientAddress:"127.0.0.1:15037"adminAddress:"127.0.0.1:15038"startupRole:FOLLOWER, id:"e44b5a69-92f9-40f4-85c9-712e1c637b62"address:"127.0.0.1:15047"priority:1dataStreamAddress:"127.0.0.1:15048"clientAddress:"127.0.0.1:15045"adminAddress:"127.0.0.1:15046"startupRole:FOLLOWER, id:"c77e66e9-1cca-4fd3-bc5b-4ea2dbc3232f"address:"127.0.0.1:15055"dataStreamAddress:"127.0.0.1:15056"clientAddress:"127.0.0.1:15053"adminAddress:"127.0.0.1:15054"startupRole:FOLLOWER, old:)
java.util.concurrent.CompletionException: org.apache.ratis.protocol.exceptions.GroupMismatchException: e44b5a69-92f9-40f4-85c9-712e1c637b62: group-90B7BBECBC71 not found.
	at java.base/java.util.concurrent.CompletableFuture.encodeThrowable(CompletableFuture.java:332)
	at java.base/java.util.concurrent.CompletableFuture.uniComposeStage(CompletableFuture.java:1177)
	at java.base/java.util.concurrent.CompletableFuture.thenCompose(CompletableFuture.java:2341)
	at org.apache.ratis.server.impl.RaftServerProxy.appendEntriesAsync(RaftServerProxy.java:645)
	at org.apache.ratis.grpc.server.GrpcServerProtocolService$1.process(GrpcServerProtocolService.java:229)
	at org.apache.ratis.grpc.server.GrpcServerProtocolService$1.process(GrpcServerProtocolService.java:226)
	at org.apache.ratis.grpc.server.GrpcServerProtocolService$ServerRequestStreamObserver.onNext(GrpcServerProtocolService.java:137)
	at org.apache.ratis.thirdparty.io.grpc.stub.ServerCalls$StreamingServerCallHandler$StreamingServerCallListener.onMessage(ServerCalls.java:262)
	at org.apache.ratis.thirdparty.io.grpc.internal.ServerCallImpl$ServerStreamListenerImpl.messagesAvailableInternal(ServerCallImpl.java:329)
	at org.apache.ratis.thirdparty.io.grpc.internal.ServerCallImpl$ServerStreamListenerImpl.messagesAvailable(ServerCallImpl.java:314)
	at org.apache.ratis.thirdparty.io.grpc.internal.ServerImpl$JumpToApplicationThreadServerStreamListener$1MessagesAvailable.runInContext(ServerImpl.java:833)
	at org.apache.ratis.thirdparty.io.grpc.internal.ContextRunnable.run(ContextRunnable.java:37)
	at org.apache.ratis.thirdparty.io.grpc.internal.SerializingExecutor.run(SerializingExecutor.java:133)
	at java.base/java.util.concurrent.ThreadPoolExecutor.runWorker(ThreadPoolExecutor.java:1144)
	at java.base/java.util.concurrent.ThreadPoolExecutor$Worker.run(ThreadPoolExecutor.java:642)
	at java.base/java.lang.Thread.run(Thread.java:1583)
Caused by: org.apache.ratis.protocol.exceptions.GroupMismatchException: e44b5a69-92f9-40f4-85c9-712e1c637b62: group-90B7BBECBC71 not found.
	at org.apache.ratis.server.impl.RaftServerProxy$ImplMap.get(RaftServerProxy.java:155)
	at org.apache.ratis.server.impl.RaftServerProxy.getImplFuture(RaftServerProxy.java:365)
	at org.apache.ratis.server.impl.RaftServerProxy.appendEntriesAsync(RaftServerProxy.java:644)
	... 12 more
2025-05-14 02:54:23,588 [grpc-default-executor-5] INFO  leader.LogAppender (LogAppenderBase.java:lambda$getNextIndexForError$0(215)) - Decrease nextIndex to 11
2025-05-14 02:54:23,588 [grpc-default-executor-5] INFO  leader.LogAppender (LogAppenderBase.java:lambda$getNextIndexForError$0(215)) - Decrease nextIndex to 11
2025-05-14 02:54:23,588 [grpc-default-executor-5] INFO  leader.FollowerInfo (FollowerInfoImpl.java:info(70)) - c77e66e9-1cca-4fd3-bc5b-4ea2dbc3232f@group-90B7BBECBC71->e44b5a69-92f9-40f4-85c9-712e1c637b62: computeNextIndex nextIndex: updateUnconditionally 13 -> 11
2025-05-14 02:54:24,821 [timer6] WARN  server.GrpcLogAppender (LogUtils.java:warn(123)) - c77e66e9-1cca-4fd3-bc5b-4ea2dbc3232f@group-90B7BBECBC71->e44b5a69-92f9-40f4-85c9-712e1c637b62-AppendLogResponseHandler: Failed appendEntries (Repeated 5 times in the last 5.001s)
org.apache.ratis.protocol.exceptions.GroupMismatchException: e44b5a69-92f9-40f4-85c9-712e1c637b62: group-90B7BBECBC71 not found.
	at org.apache.ratis.server.impl.RaftServerProxy$ImplMap.get(RaftServerProxy.java:155)
	at org.apache.ratis.server.impl.RaftServerProxy.getImplFuture(RaftServerProxy.java:365)
	at org.apache.ratis.server.impl.RaftServerProxy.appendEntriesAsync(RaftServerProxy.java:644)
	at org.apache.ratis.grpc.server.GrpcServerProtocolService$1.process(GrpcServerProtocolService.java:229)
	at org.apache.ratis.grpc.server.GrpcServerProtocolService$1.process(GrpcServerProtocolService.java:226)
	at org.apache.ratis.grpc.server.GrpcServerProtocolService$ServerRequestStreamObserver.onNext(GrpcServerProtocolService.java:137)
	at org.apache.ratis.thirdparty.io.grpc.stub.ServerCalls$StreamingServerCallHandler$StreamingServerCallListener.onMessage(ServerCalls.java:262)
	at org.apache.ratis.thirdparty.io.grpc.internal.ServerCallImpl$ServerStreamListenerImpl.messagesAvailableInternal(ServerCallImpl.java:329)
	at org.apache.ratis.thirdparty.io.grpc.internal.ServerCallImpl$ServerStreamListenerImpl.messagesAvailable(ServerCallImpl.java:314)
	at org.apache.ratis.thirdparty.io.grpc.internal.ServerImpl$JumpToApplicationThreadServerStreamListener$1MessagesAvailable.runInContext(ServerImpl.java:833)
	at org.apache.ratis.thirdparty.io.grpc.internal.ContextRunnable.run(ContextRunnable.java:37)
	at org.apache.ratis.thirdparty.io.grpc.internal.SerializingExecutor.run(SerializingExecutor.java:133)
	at java.base/java.util.concurrent.ThreadPoolExecutor.runWorker(ThreadPoolExecutor.java:1144)
	at java.base/java.util.concurrent.ThreadPoolExecutor$Worker.run(ThreadPoolExecutor.java:642)
	at java.base/java.lang.Thread.run(Thread.java:1583)
2025-05-14 02:54:24,839 [grpc-default-executor-3] WARN  server.GrpcServerProtocolService (LogUtils.java:warn(123)) - e44b5a69-92f9-40f4-85c9-712e1c637b62: Failed APPEND_ENTRIES request c77e66e9-1cca-4fd3-bc5b-4ea2dbc3232f->e44b5a69-92f9-40f4-85c9-712e1c637b62#12-t2,previous=(t:1, i:10),leaderCommit=12,initializing? false,entries: size=2, first=(t:2, i:11), CONFIGURATIONENTRY(current:id:"d4e44fd7-0e23-4e4f-bc30-0c7965de497d"address:"127.0.0.1:15039"dataStreamAddress:"127.0.0.1:15040"clientAddress:"127.0.0.1:15037"adminAddress:"127.0.0.1:15038"startupRole:FOLLOWER, id:"e44b5a69-92f9-40f4-85c9-712e1c637b62"address:"127.0.0.1:15047"priority:1dataStreamAddress:"127.0.0.1:15048"clientAddress:"127.0.0.1:15045"adminAddress:"127.0.0.1:15046"startupRole:FOLLOWER, id:"c77e66e9-1cca-4fd3-bc5b-4ea2dbc3232f"address:"127.0.0.1:15055"dataStreamAddress:"127.0.0.1:15056"clientAddress:"127.0.0.1:15053"adminAddress:"127.0.0.1:15054"startupRole:FOLLOWER, old:)
java.util.concurrent.CompletionException: org.apache.ratis.protocol.exceptions.GroupMismatchException: e44b5a69-92f9-40f4-85c9-712e1c637b62: group-90B7BBECBC71 not found.
	at java.base/java.util.concurrent.CompletableFuture.encodeThrowable(CompletableFuture.java:332)
	at java.base/java.util.concurrent.CompletableFuture.uniComposeStage(CompletableFuture.java:1177)
	at java.base/java.util.concurrent.CompletableFuture.thenCompose(CompletableFuture.java:2341)
	at org.apache.ratis.server.impl.RaftServerProxy.appendEntriesAsync(RaftServerProxy.java:645)
	at org.apache.ratis.grpc.server.GrpcServerProtocolService$1.process(GrpcServerProtocolService.java:229)
	at org.apache.ratis.grpc.server.GrpcServerProtocolService$1.process(GrpcServerProtocolService.java:226)
	at org.apache.ratis.grpc.server.GrpcServerProtocolService$ServerRequestStreamObserver.onNext(GrpcServerProtocolService.java:137)
	at org.apache.ratis.thirdparty.io.grpc.stub.ServerCalls$StreamingServerCallHandler$StreamingServerCallListener.onMessage(ServerCalls.java:262)
	at org.apache.ratis.thirdparty.io.grpc.internal.ServerCallImpl$ServerStreamListenerImpl.messagesAvailableInternal(ServerCallImpl.java:329)
	at org.apache.ratis.thirdparty.io.grpc.internal.ServerCallImpl$ServerStreamListenerImpl.messagesAvailable(ServerCallImpl.java:314)
	at org.apache.ratis.thirdparty.io.grpc.internal.ServerImpl$JumpToApplicationThreadServerStreamListener$1MessagesAvailable.runInContext(ServerImpl.java:833)
	at org.apache.ratis.thirdparty.io.grpc.internal.ContextRunnable.run(ContextRunnable.java:37)
	at org.apache.ratis.thirdparty.io.grpc.internal.SerializingExecutor.run(SerializingExecutor.java:133)
	at java.base/java.util.concurrent.ThreadPoolExecutor.runWorker(ThreadPoolExecutor.java:1144)
	at java.base/java.util.concurrent.ThreadPoolExecutor$Worker.run(ThreadPoolExecutor.java:642)
	at java.base/java.lang.Thread.run(Thread.java:1583)
Caused by: org.apache.ratis.protocol.exceptions.GroupMismatchException: e44b5a69-92f9-40f4-85c9-712e1c637b62: group-90B7BBECBC71 not found.
	at org.apache.ratis.server.impl.RaftServerProxy$ImplMap.get(RaftServerProxy.java:155)
	at org.apache.ratis.server.impl.RaftServerProxy.getImplFuture(RaftServerProxy.java:365)
	at org.apache.ratis.server.impl.RaftServerProxy.appendEntriesAsync(RaftServerProxy.java:644)
	... 12 more
2025-05-14 02:54:24,840 [grpc-default-executor-3] WARN  server.GrpcLogAppender (LogUtils.java:warn(123)) - c77e66e9-1cca-4fd3-bc5b-4ea2dbc3232f@group-90B7BBECBC71->e44b5a69-92f9-40f4-85c9-712e1c637b62-AppendLogResponseHandler: Failed appendEntries
org.apache.ratis.protocol.exceptions.GroupMismatchException: e44b5a69-92f9-40f4-85c9-712e1c637b62: group-90B7BBECBC71 not found.
	at org.apache.ratis.server.impl.RaftServerProxy$ImplMap.get(RaftServerProxy.java:155)
	at org.apache.ratis.server.impl.RaftServerProxy.getImplFuture(RaftServerProxy.java:365)
	at org.apache.ratis.server.impl.RaftServerProxy.appendEntriesAsync(RaftServerProxy.java:644)
	at org.apache.ratis.grpc.server.GrpcServerProtocolService$1.process(GrpcServerProtocolService.java:229)
	at org.apache.ratis.grpc.server.GrpcServerProtocolService$1.process(GrpcServerProtocolService.java:226)
	at org.apache.ratis.grpc.server.GrpcServerProtocolService$ServerRequestStreamObserver.onNext(GrpcServerProtocolService.java:137)
	at org.apache.ratis.thirdparty.io.grpc.stub.ServerCalls$StreamingServerCallHandler$StreamingServerCallListener.onMessage(ServerCalls.java:262)
	at org.apache.ratis.thirdparty.io.grpc.internal.ServerCallImpl$ServerStreamListenerImpl.messagesAvailableInternal(ServerCallImpl.java:329)
	at org.apache.ratis.thirdparty.io.grpc.internal.ServerCallImpl$ServerStreamListenerImpl.messagesAvailable(ServerCallImpl.java:314)
	at org.apache.ratis.thirdparty.io.grpc.internal.ServerImpl$JumpToApplicationThreadServerStreamListener$1MessagesAvailable.runInContext(ServerImpl.java:833)
	at org.apache.ratis.thirdparty.io.grpc.internal.ContextRunnable.run(ContextRunnable.java:37)
	at org.apache.ratis.thirdparty.io.grpc.internal.SerializingExecutor.run(SerializingExecutor.java:133)
	at java.base/java.util.concurrent.ThreadPoolExecutor.runWorker(ThreadPoolExecutor.java:1144)
	at java.base/java.util.concurrent.ThreadPoolExecutor$Worker.run(ThreadPoolExecutor.java:642)
	at java.base/java.lang.Thread.run(Thread.java:1583)
2025-05-14 02:54:24,840 [grpc-default-executor-3] INFO  leader.LogAppender (LogAppenderBase.java:lambda$getNextIndexForError$0(215)) - Decrease nextIndex to 11
2025-05-14 02:54:24,840 [grpc-default-executor-3] INFO  leader.LogAppender (LogAppenderBase.java:lambda$getNextIndexForError$0(215)) - Decrease nextIndex to 11
2025-05-14 02:54:24,841 [grpc-default-executor-3] INFO  leader.FollowerInfo (FollowerInfoImpl.java:info(70)) - c77e66e9-1cca-4fd3-bc5b-4ea2dbc3232f@group-90B7BBECBC71->e44b5a69-92f9-40f4-85c9-712e1c637b62: computeNextIndex nextIndex: updateUnconditionally 13 -> 11
2025-05-14 02:54:26,092 [grpc-default-executor-6] WARN  server.GrpcServerProtocolService (LogUtils.java:warn(123)) - e44b5a69-92f9-40f4-85c9-712e1c637b62: Failed APPEND_ENTRIES request c77e66e9-1cca-4fd3-bc5b-4ea2dbc3232f->e44b5a69-92f9-40f4-85c9-712e1c637b62#14-t2,previous=(t:1, i:10),leaderCommit=12,initializing? false,entries: size=2, first=(t:2, i:11), CONFIGURATIONENTRY(current:id:"d4e44fd7-0e23-4e4f-bc30-0c7965de497d"address:"127.0.0.1:15039"dataStreamAddress:"127.0.0.1:15040"clientAddress:"127.0.0.1:15037"adminAddress:"127.0.0.1:15038"startupRole:FOLLOWER, id:"e44b5a69-92f9-40f4-85c9-712e1c637b62"address:"127.0.0.1:15047"priority:1dataStreamAddress:"127.0.0.1:15048"clientAddress:"127.0.0.1:15045"adminAddress:"127.0.0.1:15046"startupRole:FOLLOWER, id:"c77e66e9-1cca-4fd3-bc5b-4ea2dbc3232f"address:"127.0.0.1:15055"dataStreamAddress:"127.0.0.1:15056"clientAddress:"127.0.0.1:15053"adminAddress:"127.0.0.1:15054"startupRole:FOLLOWER, old:)
java.util.concurrent.CompletionException: org.apache.ratis.protocol.exceptions.GroupMismatchException: e44b5a69-92f9-40f4-85c9-712e1c637b62: group-90B7BBECBC71 not found.
	at java.base/java.util.concurrent.CompletableFuture.encodeThrowable(CompletableFuture.java:332)
	at java.base/java.util.concurrent.CompletableFuture.uniComposeStage(CompletableFuture.java:1177)
	at java.base/java.util.concurrent.CompletableFuture.thenCompose(CompletableFuture.java:2341)
	at org.apache.ratis.server.impl.RaftServerProxy.appendEntriesAsync(RaftServerProxy.java:645)
	at org.apache.ratis.grpc.server.GrpcServerProtocolService$1.process(GrpcServerProtocolService.java:229)
	at org.apache.ratis.grpc.server.GrpcServerProtocolService$1.process(GrpcServerProtocolService.java:226)
	at org.apache.ratis.grpc.server.GrpcServerProtocolService$ServerRequestStreamObserver.onNext(GrpcServerProtocolService.java:137)
	at org.apache.ratis.thirdparty.io.grpc.stub.ServerCalls$StreamingServerCallHandler$StreamingServerCallListener.onMessage(ServerCalls.java:262)
	at org.apache.ratis.thirdparty.io.grpc.internal.ServerCallImpl$ServerStreamListenerImpl.messagesAvailableInternal(ServerCallImpl.java:329)
	at org.apache.ratis.thirdparty.io.grpc.internal.ServerCallImpl$ServerStreamListenerImpl.messagesAvailable(ServerCallImpl.java:314)
	at org.apache.ratis.thirdparty.io.grpc.internal.ServerImpl$JumpToApplicationThreadServerStreamListener$1MessagesAvailable.runInContext(ServerImpl.java:833)
	at org.apache.ratis.thirdparty.io.grpc.internal.ContextRunnable.run(ContextRunnable.java:37)
	at org.apache.ratis.thirdparty.io.grpc.internal.SerializingExecutor.run(SerializingExecutor.java:133)
	at java.base/java.util.concurrent.ThreadPoolExecutor.runWorker(ThreadPoolExecutor.java:1144)
	at java.base/java.util.concurrent.ThreadPoolExecutor$Worker.run(ThreadPoolExecutor.java:642)
	at java.base/java.lang.Thread.run(Thread.java:1583)
Caused by: org.apache.ratis.protocol.exceptions.GroupMismatchException: e44b5a69-92f9-40f4-85c9-712e1c637b62: group-90B7BBECBC71 not found.
	at org.apache.ratis.server.impl.RaftServerProxy$ImplMap.get(RaftServerProxy.java:155)
	at org.apache.ratis.server.impl.RaftServerProxy.getImplFuture(RaftServerProxy.java:365)
	at org.apache.ratis.server.impl.RaftServerProxy.appendEntriesAsync(RaftServerProxy.java:644)
	... 12 more
2025-05-14 02:54:26,093 [grpc-default-executor-6] INFO  leader.LogAppender (LogAppenderBase.java:lambda$getNextIndexForError$0(215)) - Decrease nextIndex to 11
2025-05-14 02:54:26,093 [grpc-default-executor-6] INFO  leader.LogAppender (LogAppenderBase.java:lambda$getNextIndexForError$0(215)) - Decrease nextIndex to 11
2025-05-14 02:54:26,093 [grpc-default-executor-6] INFO  leader.FollowerInfo (FollowerInfoImpl.java:info(70)) - c77e66e9-1cca-4fd3-bc5b-4ea2dbc3232f@group-90B7BBECBC71->e44b5a69-92f9-40f4-85c9-712e1c637b62: computeNextIndex nextIndex: updateUnconditionally 13 -> 11
2025-05-14 02:54:27,344 [grpc-default-executor-6] WARN  server.GrpcServerProtocolService (LogUtils.java:warn(123)) - e44b5a69-92f9-40f4-85c9-712e1c637b62: Failed APPEND_ENTRIES request c77e66e9-1cca-4fd3-bc5b-4ea2dbc3232f->e44b5a69-92f9-40f4-85c9-712e1c637b62#16-t2,previous=(t:1, i:10),leaderCommit=12,initializing? false,entries: size=2, first=(t:2, i:11), CONFIGURATIONENTRY(current:id:"d4e44fd7-0e23-4e4f-bc30-0c7965de497d"address:"127.0.0.1:15039"dataStreamAddress:"127.0.0.1:15040"clientAddress:"127.0.0.1:15037"adminAddress:"127.0.0.1:15038"startupRole:FOLLOWER, id:"e44b5a69-92f9-40f4-85c9-712e1c637b62"address:"127.0.0.1:15047"priority:1dataStreamAddress:"127.0.0.1:15048"clientAddress:"127.0.0.1:15045"adminAddress:"127.0.0.1:15046"startupRole:FOLLOWER, id:"c77e66e9-1cca-4fd3-bc5b-4ea2dbc3232f"address:"127.0.0.1:15055"dataStreamAddress:"127.0.0.1:15056"clientAddress:"127.0.0.1:15053"adminAddress:"127.0.0.1:15054"startupRole:FOLLOWER, old:)
java.util.concurrent.CompletionException: org.apache.ratis.protocol.exceptions.GroupMismatchException: e44b5a69-92f9-40f4-85c9-712e1c637b62: group-90B7BBECBC71 not found.
	at java.base/java.util.concurrent.CompletableFuture.encodeThrowable(CompletableFuture.java:332)
	at java.base/java.util.concurrent.CompletableFuture.uniComposeStage(CompletableFuture.java:1177)
	at java.base/java.util.concurrent.CompletableFuture.thenCompose(CompletableFuture.java:2341)
	at org.apache.ratis.server.impl.RaftServerProxy.appendEntriesAsync(RaftServerProxy.java:645)
	at org.apache.ratis.grpc.server.GrpcServerProtocolService$1.process(GrpcServerProtocolService.java:229)
	at org.apache.ratis.grpc.server.GrpcServerProtocolService$1.process(GrpcServerProtocolService.java:226)
	at org.apache.ratis.grpc.server.GrpcServerProtocolService$ServerRequestStreamObserver.onNext(GrpcServerProtocolService.java:137)
	at org.apache.ratis.thirdparty.io.grpc.stub.ServerCalls$StreamingServerCallHandler$StreamingServerCallListener.onMessage(ServerCalls.java:262)
	at org.apache.ratis.thirdparty.io.grpc.internal.ServerCallImpl$ServerStreamListenerImpl.messagesAvailableInternal(ServerCallImpl.java:329)
	at org.apache.ratis.thirdparty.io.grpc.internal.ServerCallImpl$ServerStreamListenerImpl.messagesAvailable(ServerCallImpl.java:314)
	at org.apache.ratis.thirdparty.io.grpc.internal.ServerImpl$JumpToApplicationThreadServerStreamListener$1MessagesAvailable.runInContext(ServerImpl.java:833)
	at org.apache.ratis.thirdparty.io.grpc.internal.ContextRunnable.run(ContextRunnable.java:37)
	at org.apache.ratis.thirdparty.io.grpc.internal.SerializingExecutor.run(SerializingExecutor.java:133)
	at java.base/java.util.concurrent.ThreadPoolExecutor.runWorker(ThreadPoolExecutor.java:1144)
	at java.base/java.util.concurrent.ThreadPoolExecutor$Worker.run(ThreadPoolExecutor.java:642)
	at java.base/java.lang.Thread.run(Thread.java:1583)
Caused by: org.apache.ratis.protocol.exceptions.GroupMismatchException: e44b5a69-92f9-40f4-85c9-712e1c637b62: group-90B7BBECBC71 not found.
	at org.apache.ratis.server.impl.RaftServerProxy$ImplMap.get(RaftServerProxy.java:155)
	at org.apache.ratis.server.impl.RaftServerProxy.getImplFuture(RaftServerProxy.java:365)
	at org.apache.ratis.server.impl.RaftServerProxy.appendEntriesAsync(RaftServerProxy.java:644)
	... 12 more
2025-05-14 02:54:27,346 [grpc-default-executor-6] INFO  leader.LogAppender (LogAppenderBase.java:lambda$getNextIndexForError$0(215)) - Decrease nextIndex to 11
2025-05-14 02:54:27,346 [grpc-default-executor-6] INFO  leader.LogAppender (LogAppenderBase.java:lambda$getNextIndexForError$0(215)) - Decrease nextIndex to 11
2025-05-14 02:54:27,346 [grpc-default-executor-6] INFO  leader.FollowerInfo (FollowerInfoImpl.java:info(70)) - c77e66e9-1cca-4fd3-bc5b-4ea2dbc3232f@group-90B7BBECBC71->e44b5a69-92f9-40f4-85c9-712e1c637b62: computeNextIndex nextIndex: updateUnconditionally 13 -> 11
2025-05-14 02:54:28,595 [grpc-default-executor-5] WARN  server.GrpcServerProtocolService (LogUtils.java:warn(123)) - e44b5a69-92f9-40f4-85c9-712e1c637b62: Failed APPEND_ENTRIES request c77e66e9-1cca-4fd3-bc5b-4ea2dbc3232f->e44b5a69-92f9-40f4-85c9-712e1c637b62#18-t2,previous=(t:1, i:10),leaderCommit=12,initializing? false,entries: size=2, first=(t:2, i:11), CONFIGURATIONENTRY(current:id:"d4e44fd7-0e23-4e4f-bc30-0c7965de497d"address:"127.0.0.1:15039"dataStreamAddress:"127.0.0.1:15040"clientAddress:"127.0.0.1:15037"adminAddress:"127.0.0.1:15038"startupRole:FOLLOWER, id:"e44b5a69-92f9-40f4-85c9-712e1c637b62"address:"127.0.0.1:15047"priority:1dataStreamAddress:"127.0.0.1:15048"clientAddress:"127.0.0.1:15045"adminAddress:"127.0.0.1:15046"startupRole:FOLLOWER, id:"c77e66e9-1cca-4fd3-bc5b-4ea2dbc3232f"address:"127.0.0.1:15055"dataStreamAddress:"127.0.0.1:15056"clientAddress:"127.0.0.1:15053"adminAddress:"127.0.0.1:15054"startupRole:FOLLOWER, old:)
java.util.concurrent.CompletionException: org.apache.ratis.protocol.exceptions.GroupMismatchException: e44b5a69-92f9-40f4-85c9-712e1c637b62: group-90B7BBECBC71 not found.
	at java.base/java.util.concurrent.CompletableFuture.encodeThrowable(CompletableFuture.java:332)
	at java.base/java.util.concurrent.CompletableFuture.uniComposeStage(CompletableFuture.java:1177)
	at java.base/java.util.concurrent.CompletableFuture.thenCompose(CompletableFuture.java:2341)
	at org.apache.ratis.server.impl.RaftServerProxy.appendEntriesAsync(RaftServerProxy.java:645)
	at org.apache.ratis.grpc.server.GrpcServerProtocolService$1.process(GrpcServerProtocolService.java:229)
	at org.apache.ratis.grpc.server.GrpcServerProtocolService$1.process(GrpcServerProtocolService.java:226)
	at org.apache.ratis.grpc.server.GrpcServerProtocolService$ServerRequestStreamObserver.onNext(GrpcServerProtocolService.java:137)
	at org.apache.ratis.thirdparty.io.grpc.stub.ServerCalls$StreamingServerCallHandler$StreamingServerCallListener.onMessage(ServerCalls.java:262)
	at org.apache.ratis.thirdparty.io.grpc.internal.ServerCallImpl$ServerStreamListenerImpl.messagesAvailableInternal(ServerCallImpl.java:329)
	at org.apache.ratis.thirdparty.io.grpc.internal.ServerCallImpl$ServerStreamListenerImpl.messagesAvailable(ServerCallImpl.java:314)
	at org.apache.ratis.thirdparty.io.grpc.internal.ServerImpl$JumpToApplicationThreadServerStreamListener$1MessagesAvailable.runInContext(ServerImpl.java:833)
	at org.apache.ratis.thirdparty.io.grpc.internal.ContextRunnable.run(ContextRunnable.java:37)
	at org.apache.ratis.thirdparty.io.grpc.internal.SerializingExecutor.run(SerializingExecutor.java:133)
	at java.base/java.util.concurrent.ThreadPoolExecutor.runWorker(ThreadPoolExecutor.java:1144)
	at java.base/java.util.concurrent.ThreadPoolExecutor$Worker.run(ThreadPoolExecutor.java:642)
	at java.base/java.lang.Thread.run(Thread.java:1583)
Caused by: org.apache.ratis.protocol.exceptions.GroupMismatchException: e44b5a69-92f9-40f4-85c9-712e1c637b62: group-90B7BBECBC71 not found.
	at org.apache.ratis.server.impl.RaftServerProxy$ImplMap.get(RaftServerProxy.java:155)
	at org.apache.ratis.server.impl.RaftServerProxy.getImplFuture(RaftServerProxy.java:365)
	at org.apache.ratis.server.impl.RaftServerProxy.appendEntriesAsync(RaftServerProxy.java:644)
	... 12 more
2025-05-14 02:54:28,597 [grpc-default-executor-5] INFO  leader.LogAppender (LogAppenderBase.java:lambda$getNextIndexForError$0(215)) - Decrease nextIndex to 11
2025-05-14 02:54:28,597 [grpc-default-executor-5] INFO  leader.LogAppender (LogAppenderBase.java:lambda$getNextIndexForError$0(215)) - Decrease nextIndex to 11
2025-05-14 02:54:28,597 [grpc-default-executor-5] INFO  leader.FollowerInfo (FollowerInfoImpl.java:info(70)) - c77e66e9-1cca-4fd3-bc5b-4ea2dbc3232f@group-90B7BBECBC71->e44b5a69-92f9-40f4-85c9-712e1c637b62: computeNextIndex nextIndex: updateUnconditionally 13 -> 11
2025-05-14 02:54:29,841 [timer6] WARN  server.GrpcLogAppender (LogUtils.java:warn(123)) - c77e66e9-1cca-4fd3-bc5b-4ea2dbc3232f@group-90B7BBECBC71->e44b5a69-92f9-40f4-85c9-712e1c637b62-AppendLogResponseHandler: Failed appendEntries (Repeated 4 times in the last 5.000s)
org.apache.ratis.protocol.exceptions.GroupMismatchException: e44b5a69-92f9-40f4-85c9-712e1c637b62: group-90B7BBECBC71 not found.
	at org.apache.ratis.server.impl.RaftServerProxy$ImplMap.get(RaftServerProxy.java:155)
	at org.apache.ratis.server.impl.RaftServerProxy.getImplFuture(RaftServerProxy.java:365)
	at org.apache.ratis.server.impl.RaftServerProxy.appendEntriesAsync(RaftServerProxy.java:644)
	at org.apache.ratis.grpc.server.GrpcServerProtocolService$1.process(GrpcServerProtocolService.java:229)
	at org.apache.ratis.grpc.server.GrpcServerProtocolService$1.process(GrpcServerProtocolService.java:226)
	at org.apache.ratis.grpc.server.GrpcServerProtocolService$ServerRequestStreamObserver.onNext(GrpcServerProtocolService.java:137)
	at org.apache.ratis.thirdparty.io.grpc.stub.ServerCalls$StreamingServerCallHandler$StreamingServerCallListener.onMessage(ServerCalls.java:262)
	at org.apache.ratis.thirdparty.io.grpc.internal.ServerCallImpl$ServerStreamListenerImpl.messagesAvailableInternal(ServerCallImpl.java:329)
	at org.apache.ratis.thirdparty.io.grpc.internal.ServerCallImpl$ServerStreamListenerImpl.messagesAvailable(ServerCallImpl.java:314)
	at org.apache.ratis.thirdparty.io.grpc.internal.ServerImpl$JumpToApplicationThreadServerStreamListener$1MessagesAvailable.runInContext(ServerImpl.java:833)
	at org.apache.ratis.thirdparty.io.grpc.internal.ContextRunnable.run(ContextRunnable.java:37)
	at org.apache.ratis.thirdparty.io.grpc.internal.SerializingExecutor.run(SerializingExecutor.java:133)
	at java.base/java.util.concurrent.ThreadPoolExecutor.runWorker(ThreadPoolExecutor.java:1144)
	at java.base/java.util.concurrent.ThreadPoolExecutor$Worker.run(ThreadPoolExecutor.java:642)
	at java.base/java.lang.Thread.run(Thread.java:1583)
2025-05-14 02:54:29,848 [grpc-default-executor-6] WARN  server.GrpcServerProtocolService (LogUtils.java:warn(123)) - e44b5a69-92f9-40f4-85c9-712e1c637b62: Failed APPEND_ENTRIES request c77e66e9-1cca-4fd3-bc5b-4ea2dbc3232f->e44b5a69-92f9-40f4-85c9-712e1c637b62#20-t2,previous=(t:1, i:10),leaderCommit=12,initializing? false,entries: size=2, first=(t:2, i:11), CONFIGURATIONENTRY(current:id:"d4e44fd7-0e23-4e4f-bc30-0c7965de497d"address:"127.0.0.1:15039"dataStreamAddress:"127.0.0.1:15040"clientAddress:"127.0.0.1:15037"adminAddress:"127.0.0.1:15038"startupRole:FOLLOWER, id:"e44b5a69-92f9-40f4-85c9-712e1c637b62"address:"127.0.0.1:15047"priority:1dataStreamAddress:"127.0.0.1:15048"clientAddress:"127.0.0.1:15045"adminAddress:"127.0.0.1:15046"startupRole:FOLLOWER, id:"c77e66e9-1cca-4fd3-bc5b-4ea2dbc3232f"address:"127.0.0.1:15055"dataStreamAddress:"127.0.0.1:15056"clientAddress:"127.0.0.1:15053"adminAddress:"127.0.0.1:15054"startupRole:FOLLOWER, old:)
java.util.concurrent.CompletionException: org.apache.ratis.protocol.exceptions.GroupMismatchException: e44b5a69-92f9-40f4-85c9-712e1c637b62: group-90B7BBECBC71 not found.
	at java.base/java.util.concurrent.CompletableFuture.encodeThrowable(CompletableFuture.java:332)
	at java.base/java.util.concurrent.CompletableFuture.uniComposeStage(CompletableFuture.java:1177)
	at java.base/java.util.concurrent.CompletableFuture.thenCompose(CompletableFuture.java:2341)
	at org.apache.ratis.server.impl.RaftServerProxy.appendEntriesAsync(RaftServerProxy.java:645)
	at org.apache.ratis.grpc.server.GrpcServerProtocolService$1.process(GrpcServerProtocolService.java:229)
	at org.apache.ratis.grpc.server.GrpcServerProtocolService$1.process(GrpcServerProtocolService.java:226)
	at org.apache.ratis.grpc.server.GrpcServerProtocolService$ServerRequestStreamObserver.onNext(GrpcServerProtocolService.java:137)
	at org.apache.ratis.thirdparty.io.grpc.stub.ServerCalls$StreamingServerCallHandler$StreamingServerCallListener.onMessage(ServerCalls.java:262)
	at org.apache.ratis.thirdparty.io.grpc.internal.ServerCallImpl$ServerStreamListenerImpl.messagesAvailableInternal(ServerCallImpl.java:329)
	at org.apache.ratis.thirdparty.io.grpc.internal.ServerCallImpl$ServerStreamListenerImpl.messagesAvailable(ServerCallImpl.java:314)
	at org.apache.ratis.thirdparty.io.grpc.internal.ServerImpl$JumpToApplicationThreadServerStreamListener$1MessagesAvailable.runInContext(ServerImpl.java:833)
	at org.apache.ratis.thirdparty.io.grpc.internal.ContextRunnable.run(ContextRunnable.java:37)
	at org.apache.ratis.thirdparty.io.grpc.internal.SerializingExecutor.run(SerializingExecutor.java:133)
	at java.base/java.util.concurrent.ThreadPoolExecutor.runWorker(ThreadPoolExecutor.java:1144)
	at java.base/java.util.concurrent.ThreadPoolExecutor$Worker.run(ThreadPoolExecutor.java:642)
	at java.base/java.lang.Thread.run(Thread.java:1583)
Caused by: org.apache.ratis.protocol.exceptions.GroupMismatchException: e44b5a69-92f9-40f4-85c9-712e1c637b62: group-90B7BBECBC71 not found.
	at org.apache.ratis.server.impl.RaftServerProxy$ImplMap.get(RaftServerProxy.java:155)
	at org.apache.ratis.server.impl.RaftServerProxy.getImplFuture(RaftServerProxy.java:365)
	at org.apache.ratis.server.impl.RaftServerProxy.appendEntriesAsync(RaftServerProxy.java:644)
	... 12 more
2025-05-14 02:54:29,850 [grpc-default-executor-6] WARN  server.GrpcLogAppender (LogUtils.java:warn(123)) - c77e66e9-1cca-4fd3-bc5b-4ea2dbc3232f@group-90B7BBECBC71->e44b5a69-92f9-40f4-85c9-712e1c637b62-AppendLogResponseHandler: Failed appendEntries
org.apache.ratis.protocol.exceptions.GroupMismatchException: e44b5a69-92f9-40f4-85c9-712e1c637b62: group-90B7BBECBC71 not found.
	at org.apache.ratis.server.impl.RaftServerProxy$ImplMap.get(RaftServerProxy.java:155)
	at org.apache.ratis.server.impl.RaftServerProxy.getImplFuture(RaftServerProxy.java:365)
	at org.apache.ratis.server.impl.RaftServerProxy.appendEntriesAsync(RaftServerProxy.java:644)
	at org.apache.ratis.grpc.server.GrpcServerProtocolService$1.process(GrpcServerProtocolService.java:229)
	at org.apache.ratis.grpc.server.GrpcServerProtocolService$1.process(GrpcServerProtocolService.java:226)
	at org.apache.ratis.grpc.server.GrpcServerProtocolService$ServerRequestStreamObserver.onNext(GrpcServerProtocolService.java:137)
	at org.apache.ratis.thirdparty.io.grpc.stub.ServerCalls$StreamingServerCallHandler$StreamingServerCallListener.onMessage(ServerCalls.java:262)
	at org.apache.ratis.thirdparty.io.grpc.internal.ServerCallImpl$ServerStreamListenerImpl.messagesAvailableInternal(ServerCallImpl.java:329)
	at org.apache.ratis.thirdparty.io.grpc.internal.ServerCallImpl$ServerStreamListenerImpl.messagesAvailable(ServerCallImpl.java:314)
	at org.apache.ratis.thirdparty.io.grpc.internal.ServerImpl$JumpToApplicationThreadServerStreamListener$1MessagesAvailable.runInContext(ServerImpl.java:833)
	at org.apache.ratis.thirdparty.io.grpc.internal.ContextRunnable.run(ContextRunnable.java:37)
	at org.apache.ratis.thirdparty.io.grpc.internal.SerializingExecutor.run(SerializingExecutor.java:133)
	at java.base/java.util.concurrent.ThreadPoolExecutor.runWorker(ThreadPoolExecutor.java:1144)
	at java.base/java.util.concurrent.ThreadPoolExecutor$Worker.run(ThreadPoolExecutor.java:642)
	at java.base/java.lang.Thread.run(Thread.java:1583)
2025-05-14 02:54:29,850 [grpc-default-executor-6] INFO  leader.LogAppender (LogAppenderBase.java:lambda$getNextIndexForError$0(215)) - Decrease nextIndex to 11
2025-05-14 02:54:29,850 [grpc-default-executor-6] INFO  leader.LogAppender (LogAppenderBase.java:lambda$getNextIndexForError$0(215)) - Decrease nextIndex to 11
2025-05-14 02:54:29,850 [grpc-default-executor-6] INFO  leader.FollowerInfo (FollowerInfoImpl.java:info(70)) - c77e66e9-1cca-4fd3-bc5b-4ea2dbc3232f@group-90B7BBECBC71->e44b5a69-92f9-40f4-85c9-712e1c637b62: computeNextIndex nextIndex: updateUnconditionally 13 -> 11
2025-05-14 02:54:30,881 [timer0] ERROR impl.OrderedAsync (OrderedAsync.java:lambda$null$6(215)) -  client-B9A046893547: Failed* RaftClientRequest:client-B9A046893547->c77e66e9-1cca-4fd3-bc5b-4ea2dbc3232f@group-CA654213E6F9, cid=153, seq=4*, RW, cmdType: WriteChunk
traceID: ""
containerID: 7
datanodeUuid: "c77e66e9-1cca-4fd3-bc5b-4ea2dbc3232f"
writeChunk {
  blockID {
    containerID: 7
    localID: 115816896921600007
    blockCommitSequenceId: 2
    replicaIndex: 0
  }
  chunkData {
    chunkName: "115816896921600007_chunk_2"
    offset: 5
    len: 5
    checksumData {
      type: CRC32
      bytesPerChecksum: 16384
      checksums: "\350a\3440"
    }
  }
}
version: 3
, data.size=5
java.util.concurrent.CompletionException: org.apache.ratis.protocol.exceptions.AlreadyClosedException: client-B9A046893547->c77e66e9-1cca-4fd3-bc5b-4ea2dbc3232f is closed.
	at java.base/java.util.concurrent.CompletableFuture.encodeThrowable(CompletableFuture.java:332)
	at java.base/java.util.concurrent.CompletableFuture.uniAcceptNow(CompletableFuture.java:747)
	at java.base/java.util.concurrent.CompletableFuture.uniAcceptStage(CompletableFuture.java:735)
	at java.base/java.util.concurrent.CompletableFuture.thenAccept(CompletableFuture.java:2214)
	at org.apache.ratis.client.impl.OrderedAsync.sendRequestWithRetry(OrderedAsync.java:206)
	at org.apache.ratis.util.SlidingWindow$Client.sendOrDelayRequest(SlidingWindow.java:315)
	at org.apache.ratis.util.SlidingWindow$Client.retry(SlidingWindow.java:331)
	at org.apache.ratis.client.impl.OrderedAsync.lambda$handleException$8(OrderedAsync.java:253)
	at org.apache.ratis.util.TimeoutTimer.lambda$onTimeout$2(TimeoutTimer.java:101)
	at org.apache.ratis.util.LogUtils.runAndLog(LogUtils.java:38)
	at org.apache.ratis.util.LogUtils$1.run(LogUtils.java:78)
	at org.apache.ratis.util.TimeoutTimer$Task.run(TimeoutTimer.java:55)
	at java.base/java.util.TimerThread.mainLoop(Timer.java:566)
	at java.base/java.util.TimerThread.run(Timer.java:516)
Caused by: org.apache.ratis.protocol.exceptions.AlreadyClosedException: client-B9A046893547->c77e66e9-1cca-4fd3-bc5b-4ea2dbc3232f is closed.
	at org.apache.ratis.grpc.client.GrpcClientProtocolClient$AsyncStreamObservers.onNext(GrpcClientProtocolClient.java:352)
	at org.apache.ratis.grpc.client.GrpcClientRpc.sendRequestAsync(GrpcClientRpc.java:71)
	... 10 more
2025-05-14 02:54:31,101 [grpc-default-executor-5] WARN  server.GrpcServerProtocolService (LogUtils.java:warn(123)) - e44b5a69-92f9-40f4-85c9-712e1c637b62: Failed APPEND_ENTRIES request c77e66e9-1cca-4fd3-bc5b-4ea2dbc3232f->e44b5a69-92f9-40f4-85c9-712e1c637b62#22-t2,previous=(t:1, i:10),leaderCommit=12,initializing? false,entries: size=2, first=(t:2, i:11), CONFIGURATIONENTRY(current:id:"d4e44fd7-0e23-4e4f-bc30-0c7965de497d"address:"127.0.0.1:15039"dataStreamAddress:"127.0.0.1:15040"clientAddress:"127.0.0.1:15037"adminAddress:"127.0.0.1:15038"startupRole:FOLLOWER, id:"e44b5a69-92f9-40f4-85c9-712e1c637b62"address:"127.0.0.1:15047"priority:1dataStreamAddress:"127.0.0.1:15048"clientAddress:"127.0.0.1:15045"adminAddress:"127.0.0.1:15046"startupRole:FOLLOWER, id:"c77e66e9-1cca-4fd3-bc5b-4ea2dbc3232f"address:"127.0.0.1:15055"dataStreamAddress:"127.0.0.1:15056"clientAddress:"127.0.0.1:15053"adminAddress:"127.0.0.1:15054"startupRole:FOLLOWER, old:)
java.util.concurrent.CompletionException: org.apache.ratis.protocol.exceptions.GroupMismatchException: e44b5a69-92f9-40f4-85c9-712e1c637b62: group-90B7BBECBC71 not found.
	at java.base/java.util.concurrent.CompletableFuture.encodeThrowable(CompletableFuture.java:332)
	at java.base/java.util.concurrent.CompletableFuture.uniComposeStage(CompletableFuture.java:1177)
	at java.base/java.util.concurrent.CompletableFuture.thenCompose(CompletableFuture.java:2341)
	at org.apache.ratis.server.impl.RaftServerProxy.appendEntriesAsync(RaftServerProxy.java:645)
	at org.apache.ratis.grpc.server.GrpcServerProtocolService$1.process(GrpcServerProtocolService.java:229)
	at org.apache.ratis.grpc.server.GrpcServerProtocolService$1.process(GrpcServerProtocolService.java:226)
	at org.apache.ratis.grpc.server.GrpcServerProtocolService$ServerRequestStreamObserver.onNext(GrpcServerProtocolService.java:137)
	at org.apache.ratis.thirdparty.io.grpc.stub.ServerCalls$StreamingServerCallHandler$StreamingServerCallListener.onMessage(ServerCalls.java:262)
	at org.apache.ratis.thirdparty.io.grpc.internal.ServerCallImpl$ServerStreamListenerImpl.messagesAvailableInternal(ServerCallImpl.java:329)
	at org.apache.ratis.thirdparty.io.grpc.internal.ServerCallImpl$ServerStreamListenerImpl.messagesAvailable(ServerCallImpl.java:314)
	at org.apache.ratis.thirdparty.io.grpc.internal.ServerImpl$JumpToApplicationThreadServerStreamListener$1MessagesAvailable.runInContext(ServerImpl.java:833)
	at org.apache.ratis.thirdparty.io.grpc.internal.ContextRunnable.run(ContextRunnable.java:37)
	at org.apache.ratis.thirdparty.io.grpc.internal.SerializingExecutor.run(SerializingExecutor.java:133)
	at java.base/java.util.concurrent.ThreadPoolExecutor.runWorker(ThreadPoolExecutor.java:1144)
	at java.base/java.util.concurrent.ThreadPoolExecutor$Worker.run(ThreadPoolExecutor.java:642)
	at java.base/java.lang.Thread.run(Thread.java:1583)
Caused by: org.apache.ratis.protocol.exceptions.GroupMismatchException: e44b5a69-92f9-40f4-85c9-712e1c637b62: group-90B7BBECBC71 not found.
	at org.apache.ratis.server.impl.RaftServerProxy$ImplMap.get(RaftServerProxy.java:155)
	at org.apache.ratis.server.impl.RaftServerProxy.getImplFuture(RaftServerProxy.java:365)
	at org.apache.ratis.server.impl.RaftServerProxy.appendEntriesAsync(RaftServerProxy.java:644)
	... 12 more
2025-05-14 02:54:31,102 [grpc-default-executor-5] INFO  leader.LogAppender (LogAppenderBase.java:lambda$getNextIndexForError$0(215)) - Decrease nextIndex to 11
2025-05-14 02:54:31,102 [grpc-default-executor-5] INFO  leader.LogAppender (LogAppenderBase.java:lambda$getNextIndexForError$0(215)) - Decrease nextIndex to 11
2025-05-14 02:54:31,102 [grpc-default-executor-5] INFO  leader.FollowerInfo (FollowerInfoImpl.java:info(70)) - c77e66e9-1cca-4fd3-bc5b-4ea2dbc3232f@group-90B7BBECBC71->e44b5a69-92f9-40f4-85c9-712e1c637b62: computeNextIndex nextIndex: updateUnconditionally 13 -> 11
2025-05-14 02:54:32,940 [grpc-default-executor-6] WARN  server.GrpcServerProtocolService (LogUtils.java:warn(123)) - e44b5a69-92f9-40f4-85c9-712e1c637b62: Failed APPEND_ENTRIES request c77e66e9-1cca-4fd3-bc5b-4ea2dbc3232f->e44b5a69-92f9-40f4-85c9-712e1c637b62#24-t2,previous=(t:1, i:10),leaderCommit=12,initializing? false,entries: size=2, first=(t:2, i:11), CONFIGURATIONENTRY(current:id:"d4e44fd7-0e23-4e4f-bc30-0c7965de497d"address:"127.0.0.1:15039"dataStreamAddress:"127.0.0.1:15040"clientAddress:"127.0.0.1:15037"adminAddress:"127.0.0.1:15038"startupRole:FOLLOWER, id:"e44b5a69-92f9-40f4-85c9-712e1c637b62"address:"127.0.0.1:15047"priority:1dataStreamAddress:"127.0.0.1:15048"clientAddress:"127.0.0.1:15045"adminAddress:"127.0.0.1:15046"startupRole:FOLLOWER, id:"c77e66e9-1cca-4fd3-bc5b-4ea2dbc3232f"address:"127.0.0.1:15055"dataStreamAddress:"127.0.0.1:15056"clientAddress:"127.0.0.1:15053"adminAddress:"127.0.0.1:15054"startupRole:FOLLOWER, old:)
java.util.concurrent.CompletionException: org.apache.ratis.protocol.exceptions.GroupMismatchException: e44b5a69-92f9-40f4-85c9-712e1c637b62: group-90B7BBECBC71 not found.
	at java.base/java.util.concurrent.CompletableFuture.encodeThrowable(CompletableFuture.java:332)
	at java.base/java.util.concurrent.CompletableFuture.uniComposeStage(CompletableFuture.java:1177)
	at java.base/java.util.concurrent.CompletableFuture.thenCompose(CompletableFuture.java:2341)
	at org.apache.ratis.server.impl.RaftServerProxy.appendEntriesAsync(RaftServerProxy.java:645)
	at org.apache.ratis.grpc.server.GrpcServerProtocolService$1.process(GrpcServerProtocolService.java:229)
	at org.apache.ratis.grpc.server.GrpcServerProtocolService$1.process(GrpcServerProtocolService.java:226)
	at org.apache.ratis.grpc.server.GrpcServerProtocolService$ServerRequestStreamObserver.onNext(GrpcServerProtocolService.java:137)
	at org.apache.ratis.thirdparty.io.grpc.stub.ServerCalls$StreamingServerCallHandler$StreamingServerCallListener.onMessage(ServerCalls.java:262)
	at org.apache.ratis.thirdparty.io.grpc.internal.ServerCallImpl$ServerStreamListenerImpl.messagesAvailableInternal(ServerCallImpl.java:329)
	at org.apache.ratis.thirdparty.io.grpc.internal.ServerCallImpl$ServerStreamListenerImpl.messagesAvailable(ServerCallImpl.java:314)
	at org.apache.ratis.thirdparty.io.grpc.internal.ServerImpl$JumpToApplicationThreadServerStreamListener$1MessagesAvailable.runInContext(ServerImpl.java:833)
	at org.apache.ratis.thirdparty.io.grpc.internal.ContextRunnable.run(ContextRunnable.java:37)
	at org.apache.ratis.thirdparty.io.grpc.internal.SerializingExecutor.run(SerializingExecutor.java:133)
	at java.base/java.util.concurrent.ThreadPoolExecutor.runWorker(ThreadPoolExecutor.java:1144)
	at java.base/java.util.concurrent.ThreadPoolExecutor$Worker.run(ThreadPoolExecutor.java:642)
	at java.base/java.lang.Thread.run(Thread.java:1583)
Caused by: org.apache.ratis.protocol.exceptions.GroupMismatchException: e44b5a69-92f9-40f4-85c9-712e1c637b62: group-90B7BBECBC71 not found.
	at org.apache.ratis.server.impl.RaftServerProxy$ImplMap.get(RaftServerProxy.java:155)
	at org.apache.ratis.server.impl.RaftServerProxy.getImplFuture(RaftServerProxy.java:365)
	at org.apache.ratis.server.impl.RaftServerProxy.appendEntriesAsync(RaftServerProxy.java:644)
	... 12 more
2025-05-14 02:54:32,941 [grpc-default-executor-6] INFO  leader.LogAppender (LogAppenderBase.java:lambda$getNextIndexForError$0(215)) - Decrease nextIndex to 11
2025-05-14 02:54:32,942 [grpc-default-executor-6] INFO  leader.LogAppender (LogAppenderBase.java:lambda$getNextIndexForError$0(215)) - Decrease nextIndex to 11
2025-05-14 02:54:32,942 [grpc-default-executor-6] INFO  leader.FollowerInfo (FollowerInfoImpl.java:info(70)) - c77e66e9-1cca-4fd3-bc5b-4ea2dbc3232f@group-90B7BBECBC71->e44b5a69-92f9-40f4-85c9-712e1c637b62: computeNextIndex nextIndex: updateUnconditionally 13 -> 11
2025-05-14 02:54:34,850 [timer6] WARN  server.GrpcLogAppender (LogUtils.java:warn(123)) - c77e66e9-1cca-4fd3-bc5b-4ea2dbc3232f@group-90B7BBECBC71->e44b5a69-92f9-40f4-85c9-712e1c637b62-AppendLogResponseHandler: Failed appendEntries (Repeated 3 times in the last 5.000s)
org.apache.ratis.protocol.exceptions.GroupMismatchException: e44b5a69-92f9-40f4-85c9-712e1c637b62: group-90B7BBECBC71 not found.
	at org.apache.ratis.server.impl.RaftServerProxy$ImplMap.get(RaftServerProxy.java:155)
	at org.apache.ratis.server.impl.RaftServerProxy.getImplFuture(RaftServerProxy.java:365)
	at org.apache.ratis.server.impl.RaftServerProxy.appendEntriesAsync(RaftServerProxy.java:644)
	at org.apache.ratis.grpc.server.GrpcServerProtocolService$1.process(GrpcServerProtocolService.java:229)
	at org.apache.ratis.grpc.server.GrpcServerProtocolService$1.process(GrpcServerProtocolService.java:226)
	at org.apache.ratis.grpc.server.GrpcServerProtocolService$ServerRequestStreamObserver.onNext(GrpcServerProtocolService.java:137)
	at org.apache.ratis.thirdparty.io.grpc.stub.ServerCalls$StreamingServerCallHandler$StreamingServerCallListener.onMessage(ServerCalls.java:262)
	at org.apache.ratis.thirdparty.io.grpc.internal.ServerCallImpl$ServerStreamListenerImpl.messagesAvailableInternal(ServerCallImpl.java:329)
	at org.apache.ratis.thirdparty.io.grpc.internal.ServerCallImpl$ServerStreamListenerImpl.messagesAvailable(ServerCallImpl.java:314)
	at org.apache.ratis.thirdparty.io.grpc.internal.ServerImpl$JumpToApplicationThreadServerStreamListener$1MessagesAvailable.runInContext(ServerImpl.java:833)
	at org.apache.ratis.thirdparty.io.grpc.internal.ContextRunnable.run(ContextRunnable.java:37)
	at org.apache.ratis.thirdparty.io.grpc.internal.SerializingExecutor.run(SerializingExecutor.java:133)
	at java.base/java.util.concurrent.ThreadPoolExecutor.runWorker(ThreadPoolExecutor.java:1144)
	at java.base/java.util.concurrent.ThreadPoolExecutor$Worker.run(ThreadPoolExecutor.java:642)
	at java.base/java.lang.Thread.run(Thread.java:1583)
2025-05-14 02:54:35,124 [f8181075-ae63-407a-b17c-78185f7d70dd-BlockDeletingService#0] INFO  interfaces.ContainerDeletionChoosingPolicyTemplate (ContainerDeletionChoosingPolicyTemplate.java:chooseContainerForBlockDeletion(83)) - Chosen 0/5000 blocks from 0 candidate containers.
2025-05-14 02:54:35,295 [30ccf06d-ad3c-4fb0-87c5-f3e2916d12cb-BlockDeletingService#0] INFO  interfaces.ContainerDeletionChoosingPolicyTemplate (ContainerDeletionChoosingPolicyTemplate.java:chooseContainerForBlockDeletion(83)) - Chosen 0/5000 blocks from 0 candidate containers.
2025-05-14 02:54:35,559 [0e2e4ad1-578a-45fc-a8c2-41affcffb7b9-BlockDeletingService#0] INFO  interfaces.ContainerDeletionChoosingPolicyTemplate (ContainerDeletionChoosingPolicyTemplate.java:chooseContainerForBlockDeletion(83)) - Chosen 0/5000 blocks from 0 candidate containers.
2025-05-14 02:54:35,784 [d4e44fd7-0e23-4e4f-bc30-0c7965de497d-BlockDeletingService#0] INFO  interfaces.ContainerDeletionChoosingPolicyTemplate (ContainerDeletionChoosingPolicyTemplate.java:chooseContainerForBlockDeletion(83)) - Chosen 0/5000 blocks from 0 candidate containers.
2025-05-14 02:54:35,885 [grpc-default-executor-6] WARN  server.GrpcServerProtocolService (LogUtils.java:warn(123)) - e44b5a69-92f9-40f4-85c9-712e1c637b62: Failed APPEND_ENTRIES request c77e66e9-1cca-4fd3-bc5b-4ea2dbc3232f->e44b5a69-92f9-40f4-85c9-712e1c637b62#26-t2,previous=(t:1, i:10),leaderCommit=12,initializing? false,entries: size=2, first=(t:2, i:11), CONFIGURATIONENTRY(current:id:"d4e44fd7-0e23-4e4f-bc30-0c7965de497d"address:"127.0.0.1:15039"dataStreamAddress:"127.0.0.1:15040"clientAddress:"127.0.0.1:15037"adminAddress:"127.0.0.1:15038"startupRole:FOLLOWER, id:"e44b5a69-92f9-40f4-85c9-712e1c637b62"address:"127.0.0.1:15047"priority:1dataStreamAddress:"127.0.0.1:15048"clientAddress:"127.0.0.1:15045"adminAddress:"127.0.0.1:15046"startupRole:FOLLOWER, id:"c77e66e9-1cca-4fd3-bc5b-4ea2dbc3232f"address:"127.0.0.1:15055"dataStreamAddress:"127.0.0.1:15056"clientAddress:"127.0.0.1:15053"adminAddress:"127.0.0.1:15054"startupRole:FOLLOWER, old:)
java.util.concurrent.CompletionException: org.apache.ratis.protocol.exceptions.GroupMismatchException: e44b5a69-92f9-40f4-85c9-712e1c637b62: group-90B7BBECBC71 not found.
	at java.base/java.util.concurrent.CompletableFuture.encodeThrowable(CompletableFuture.java:332)
	at java.base/java.util.concurrent.CompletableFuture.uniComposeStage(CompletableFuture.java:1177)
	at java.base/java.util.concurrent.CompletableFuture.thenCompose(CompletableFuture.java:2341)
	at org.apache.ratis.server.impl.RaftServerProxy.appendEntriesAsync(RaftServerProxy.java:645)
	at org.apache.ratis.grpc.server.GrpcServerProtocolService$1.process(GrpcServerProtocolService.java:229)
	at org.apache.ratis.grpc.server.GrpcServerProtocolService$1.process(GrpcServerProtocolService.java:226)
	at org.apache.ratis.grpc.server.GrpcServerProtocolService$ServerRequestStreamObserver.onNext(GrpcServerProtocolService.java:137)
	at org.apache.ratis.thirdparty.io.grpc.stub.ServerCalls$StreamingServerCallHandler$StreamingServerCallListener.onMessage(ServerCalls.java:262)
	at org.apache.ratis.thirdparty.io.grpc.internal.ServerCallImpl$ServerStreamListenerImpl.messagesAvailableInternal(ServerCallImpl.java:329)
	at org.apache.ratis.thirdparty.io.grpc.internal.ServerCallImpl$ServerStreamListenerImpl.messagesAvailable(ServerCallImpl.java:314)
	at org.apache.ratis.thirdparty.io.grpc.internal.ServerImpl$JumpToApplicationThreadServerStreamListener$1MessagesAvailable.runInContext(ServerImpl.java:833)
	at org.apache.ratis.thirdparty.io.grpc.internal.ContextRunnable.run(ContextRunnable.java:37)
	at org.apache.ratis.thirdparty.io.grpc.internal.SerializingExecutor.run(SerializingExecutor.java:133)
	at java.base/java.util.concurrent.ThreadPoolExecutor.runWorker(ThreadPoolExecutor.java:1144)
	at java.base/java.util.concurrent.ThreadPoolExecutor$Worker.run(ThreadPoolExecutor.java:642)
	at java.base/java.lang.Thread.run(Thread.java:1583)
Caused by: org.apache.ratis.protocol.exceptions.GroupMismatchException: e44b5a69-92f9-40f4-85c9-712e1c637b62: group-90B7BBECBC71 not found.
	at org.apache.ratis.server.impl.RaftServerProxy$ImplMap.get(RaftServerProxy.java:155)
	at org.apache.ratis.server.impl.RaftServerProxy.getImplFuture(RaftServerProxy.java:365)
	at org.apache.ratis.server.impl.RaftServerProxy.appendEntriesAsync(RaftServerProxy.java:644)
	... 12 more
2025-05-14 02:54:35,887 [grpc-default-executor-6] WARN  server.GrpcLogAppender (LogUtils.java:warn(123)) - c77e66e9-1cca-4fd3-bc5b-4ea2dbc3232f@group-90B7BBECBC71->e44b5a69-92f9-40f4-85c9-712e1c637b62-AppendLogResponseHandler: Failed appendEntries
org.apache.ratis.protocol.exceptions.GroupMismatchException: e44b5a69-92f9-40f4-85c9-712e1c637b62: group-90B7BBECBC71 not found.
	at org.apache.ratis.server.impl.RaftServerProxy$ImplMap.get(RaftServerProxy.java:155)
	at org.apache.ratis.server.impl.RaftServerProxy.getImplFuture(RaftServerProxy.java:365)
	at org.apache.ratis.server.impl.RaftServerProxy.appendEntriesAsync(RaftServerProxy.java:644)
	at org.apache.ratis.grpc.server.GrpcServerProtocolService$1.process(GrpcServerProtocolService.java:229)
	at org.apache.ratis.grpc.server.GrpcServerProtocolService$1.process(GrpcServerProtocolService.java:226)
	at org.apache.ratis.grpc.server.GrpcServerProtocolService$ServerRequestStreamObserver.onNext(GrpcServerProtocolService.java:137)
	at org.apache.ratis.thirdparty.io.grpc.stub.ServerCalls$StreamingServerCallHandler$StreamingServerCallListener.onMessage(ServerCalls.java:262)
	at org.apache.ratis.thirdparty.io.grpc.internal.ServerCallImpl$ServerStreamListenerImpl.messagesAvailableInternal(ServerCallImpl.java:329)
	at org.apache.ratis.thirdparty.io.grpc.internal.ServerCallImpl$ServerStreamListenerImpl.messagesAvailable(ServerCallImpl.java:314)
	at org.apache.ratis.thirdparty.io.grpc.internal.ServerImpl$JumpToApplicationThreadServerStreamListener$1MessagesAvailable.runInContext(ServerImpl.java:833)
	at org.apache.ratis.thirdparty.io.grpc.internal.ContextRunnable.run(ContextRunnable.java:37)
	at org.apache.ratis.thirdparty.io.grpc.internal.SerializingExecutor.run(SerializingExecutor.java:133)
	at java.base/java.util.concurrent.ThreadPoolExecutor.runWorker(ThreadPoolExecutor.java:1144)
	at java.base/java.util.concurrent.ThreadPoolExecutor$Worker.run(ThreadPoolExecutor.java:642)
	at java.base/java.lang.Thread.run(Thread.java:1583)
2025-05-14 02:54:35,887 [grpc-default-executor-6] INFO  leader.LogAppender (LogAppenderBase.java:lambda$getNextIndexForError$0(215)) - Decrease nextIndex to 11
2025-05-14 02:54:35,887 [grpc-default-executor-6] INFO  leader.LogAppender (LogAppenderBase.java:lambda$getNextIndexForError$0(215)) - Decrease nextIndex to 11
2025-05-14 02:54:35,887 [grpc-default-executor-6] INFO  leader.FollowerInfo (FollowerInfoImpl.java:info(70)) - c77e66e9-1cca-4fd3-bc5b-4ea2dbc3232f@group-90B7BBECBC71->e44b5a69-92f9-40f4-85c9-712e1c637b62: computeNextIndex nextIndex: updateUnconditionally 13 -> 11
2025-05-14 02:54:36,284 [c77e66e9-1cca-4fd3-bc5b-4ea2dbc3232f-BlockDeletingService#0] INFO  interfaces.ContainerDeletionChoosingPolicyTemplate (ContainerDeletionChoosingPolicyTemplate.java:chooseContainerForBlockDeletion(83)) - Chosen 0/5000 blocks from 0 candidate containers.
2025-05-14 02:54:36,514 [f4f68937-1ce3-42e1-b3e7-547ae2d23d85-BlockDeletingService#0] INFO  interfaces.ContainerDeletionChoosingPolicyTemplate (ContainerDeletionChoosingPolicyTemplate.java:chooseContainerForBlockDeletion(83)) - Chosen 0/5000 blocks from 0 candidate containers.
2025-05-14 02:54:36,736 [8e51993b-4f71-45b0-84f2-cf37ffbd2099-BlockDeletingService#0] INFO  interfaces.ContainerDeletionChoosingPolicyTemplate (ContainerDeletionChoosingPolicyTemplate.java:chooseContainerForBlockDeletion(83)) - Chosen 0/5000 blocks from 0 candidate containers.
2025-05-14 02:54:36,955 [6338fc9c-a704-4fa0-9c76-ba0cbc116aba-BlockDeletingService#0] INFO  interfaces.ContainerDeletionChoosingPolicyTemplate (ContainerDeletionChoosingPolicyTemplate.java:chooseContainerForBlockDeletion(83)) - Chosen 0/5000 blocks from 0 candidate containers.
2025-05-14 02:54:37,186 [9d8a5836-bfca-4d37-9676-470807fcd29d-BlockDeletingService#0] INFO  interfaces.ContainerDeletionChoosingPolicyTemplate (ContainerDeletionChoosingPolicyTemplate.java:chooseContainerForBlockDeletion(83)) - Chosen 0/5000 blocks from 0 candidate containers.
2025-05-14 02:54:37,398 [grpc-default-executor-6] WARN  server.GrpcServerProtocolService (LogUtils.java:warn(123)) - e44b5a69-92f9-40f4-85c9-712e1c637b62: Failed APPEND_ENTRIES request c77e66e9-1cca-4fd3-bc5b-4ea2dbc3232f->e44b5a69-92f9-40f4-85c9-712e1c637b62#28-t2,previous=(t:1, i:10),leaderCommit=12,initializing? false,entries: size=2, first=(t:2, i:11), CONFIGURATIONENTRY(current:id:"d4e44fd7-0e23-4e4f-bc30-0c7965de497d"address:"127.0.0.1:15039"dataStreamAddress:"127.0.0.1:15040"clientAddress:"127.0.0.1:15037"adminAddress:"127.0.0.1:15038"startupRole:FOLLOWER, id:"e44b5a69-92f9-40f4-85c9-712e1c637b62"address:"127.0.0.1:15047"priority:1dataStreamAddress:"127.0.0.1:15048"clientAddress:"127.0.0.1:15045"adminAddress:"127.0.0.1:15046"startupRole:FOLLOWER, id:"c77e66e9-1cca-4fd3-bc5b-4ea2dbc3232f"address:"127.0.0.1:15055"dataStreamAddress:"127.0.0.1:15056"clientAddress:"127.0.0.1:15053"adminAddress:"127.0.0.1:15054"startupRole:FOLLOWER, old:)
java.util.concurrent.CompletionException: org.apache.ratis.protocol.exceptions.GroupMismatchException: e44b5a69-92f9-40f4-85c9-712e1c637b62: group-90B7BBECBC71 not found.
	at java.base/java.util.concurrent.CompletableFuture.encodeThrowable(CompletableFuture.java:332)
	at java.base/java.util.concurrent.CompletableFuture.uniComposeStage(CompletableFuture.java:1177)
	at java.base/java.util.concurrent.CompletableFuture.thenCompose(CompletableFuture.java:2341)
	at org.apache.ratis.server.impl.RaftServerProxy.appendEntriesAsync(RaftServerProxy.java:645)
	at org.apache.ratis.grpc.server.GrpcServerProtocolService$1.process(GrpcServerProtocolService.java:229)
	at org.apache.ratis.grpc.server.GrpcServerProtocolService$1.process(GrpcServerProtocolService.java:226)
	at org.apache.ratis.grpc.server.GrpcServerProtocolService$ServerRequestStreamObserver.onNext(GrpcServerProtocolService.java:137)
	at org.apache.ratis.thirdparty.io.grpc.stub.ServerCalls$StreamingServerCallHandler$StreamingServerCallListener.onMessage(ServerCalls.java:262)
	at org.apache.ratis.thirdparty.io.grpc.internal.ServerCallImpl$ServerStreamListenerImpl.messagesAvailableInternal(ServerCallImpl.java:329)
	at org.apache.ratis.thirdparty.io.grpc.internal.ServerCallImpl$ServerStreamListenerImpl.messagesAvailable(ServerCallImpl.java:314)
	at org.apache.ratis.thirdparty.io.grpc.internal.ServerImpl$JumpToApplicationThreadServerStreamListener$1MessagesAvailable.runInContext(ServerImpl.java:833)
	at org.apache.ratis.thirdparty.io.grpc.internal.ContextRunnable.run(ContextRunnable.java:37)
	at org.apache.ratis.thirdparty.io.grpc.internal.SerializingExecutor.run(SerializingExecutor.java:133)
	at java.base/java.util.concurrent.ThreadPoolExecutor.runWorker(ThreadPoolExecutor.java:1144)
	at java.base/java.util.concurrent.ThreadPoolExecutor$Worker.run(ThreadPoolExecutor.java:642)
	at java.base/java.lang.Thread.run(Thread.java:1583)
Caused by: org.apache.ratis.protocol.exceptions.GroupMismatchException: e44b5a69-92f9-40f4-85c9-712e1c637b62: group-90B7BBECBC71 not found.
	at org.apache.ratis.server.impl.RaftServerProxy$ImplMap.get(RaftServerProxy.java:155)
	at org.apache.ratis.server.impl.RaftServerProxy.getImplFuture(RaftServerProxy.java:365)
	at org.apache.ratis.server.impl.RaftServerProxy.appendEntriesAsync(RaftServerProxy.java:644)
	... 12 more
2025-05-14 02:54:37,399 [grpc-default-executor-6] INFO  leader.LogAppender (LogAppenderBase.java:lambda$getNextIndexForError$0(215)) - Decrease nextIndex to 11
2025-05-14 02:54:37,399 [grpc-default-executor-6] INFO  leader.LogAppender (LogAppenderBase.java:lambda$getNextIndexForError$0(215)) - Decrease nextIndex to 11
2025-05-14 02:54:37,399 [grpc-default-executor-6] INFO  leader.FollowerInfo (FollowerInfoImpl.java:info(70)) - c77e66e9-1cca-4fd3-bc5b-4ea2dbc3232f@group-90B7BBECBC71->e44b5a69-92f9-40f4-85c9-712e1c637b62: computeNextIndex nextIndex: updateUnconditionally 13 -> 11
2025-05-14 02:54:37,986 [grpc-default-executor-5] ERROR impl.OrderedAsync (OrderedAsync.java:lambda$null$6(215)) -  client-B9A046893547: Failed* RaftClientRequest:client-B9A046893547->c77e66e9-1cca-4fd3-bc5b-4ea2dbc3232f@group-CA654213E6F9, cid=153, seq=4*, RW, cmdType: WriteChunk
traceID: ""
containerID: 7
datanodeUuid: "c77e66e9-1cca-4fd3-bc5b-4ea2dbc3232f"
writeChunk {
  blockID {
    containerID: 7
    localID: 115816896921600007
    blockCommitSequenceId: 2
    replicaIndex: 0
  }
  chunkData {
    chunkName: "115816896921600007_chunk_2"
    offset: 5
    len: 5
    checksumData {
      type: CRC32
      bytesPerChecksum: 16384
      checksums: "\350a\3440"
    }
  }
}
version: 3
, data.size=5
java.util.concurrent.CompletionException: org.apache.ratis.protocol.exceptions.GroupMismatchException: c77e66e9-1cca-4fd3-bc5b-4ea2dbc3232f: group-CA654213E6F9 not found.
	at java.base/java.util.concurrent.CompletableFuture.encodeThrowable(CompletableFuture.java:332)
	at java.base/java.util.concurrent.CompletableFuture.completeThrowable(CompletableFuture.java:347)
	at java.base/java.util.concurrent.CompletableFuture$UniAccept.tryFire(CompletableFuture.java:708)
	at java.base/java.util.concurrent.CompletableFuture.postComplete(CompletableFuture.java:510)
	at java.base/java.util.concurrent.CompletableFuture.completeExceptionally(CompletableFuture.java:2194)
	at org.apache.ratis.grpc.client.GrpcClientProtocolClient$AsyncStreamObservers.completeReplyExceptionally(GrpcClientProtocolClient.java:397)
	at org.apache.ratis.grpc.client.GrpcClientProtocolClient$AsyncStreamObservers.access$000(GrpcClientProtocolClient.java:303)
	at org.apache.ratis.grpc.client.GrpcClientProtocolClient$AsyncStreamObservers$1.onError(GrpcClientProtocolClient.java:334)
	at org.apache.ratis.thirdparty.io.grpc.stub.ClientCalls$StreamObserverToCallListenerAdapter.onClose(ClientCalls.java:481)
	at org.apache.ratis.thirdparty.io.grpc.PartialForwardingClientCallListener.onClose(PartialForwardingClientCallListener.java:39)
	at org.apache.ratis.thirdparty.io.grpc.ForwardingClientCallListener.onClose(ForwardingClientCallListener.java:23)
	at org.apache.ratis.grpc.metrics.intercept.client.MetricClientCallListener.onClose(MetricClientCallListener.java:47)
	at org.apache.ratis.thirdparty.io.grpc.internal.ClientCallImpl.closeObserver(ClientCallImpl.java:567)
	at org.apache.ratis.thirdparty.io.grpc.internal.ClientCallImpl.access$300(ClientCallImpl.java:71)
	at org.apache.ratis.thirdparty.io.grpc.internal.ClientCallImpl$ClientStreamListenerImpl$1StreamClosed.runInternal(ClientCallImpl.java:735)
	at org.apache.ratis.thirdparty.io.grpc.internal.ClientCallImpl$ClientStreamListenerImpl$1StreamClosed.runInContext(ClientCallImpl.java:716)
	at org.apache.ratis.thirdparty.io.grpc.internal.ContextRunnable.run(ContextRunnable.java:37)
	at org.apache.ratis.thirdparty.io.grpc.internal.SerializingExecutor.run(SerializingExecutor.java:133)
	at java.base/java.util.concurrent.ThreadPoolExecutor.runWorker(ThreadPoolExecutor.java:1144)
	at java.base/java.util.concurrent.ThreadPoolExecutor$Worker.run(ThreadPoolExecutor.java:642)
	at java.base/java.lang.Thread.run(Thread.java:1583)
Caused by: org.apache.ratis.protocol.exceptions.GroupMismatchException: c77e66e9-1cca-4fd3-bc5b-4ea2dbc3232f: group-CA654213E6F9 not found.
	at org.apache.ratis.server.impl.RaftServerProxy$ImplMap.get(RaftServerProxy.java:155)
	at org.apache.ratis.server.impl.RaftServerProxy.getImplFuture(RaftServerProxy.java:365)
	at org.apache.ratis.server.impl.RaftServerProxy.submitClientRequestAsync(RaftServerProxy.java:449)
	at org.apache.ratis.grpc.server.GrpcClientProtocolService$RequestStreamObserver.processClientRequest(GrpcClientProtocolService.java:226)
	at org.apache.ratis.grpc.server.GrpcClientProtocolService$OrderedRequestStreamObserver.processClientRequest(GrpcClientProtocolService.java:332)
	at org.apache.ratis.util.SlidingWindow$Server.processRequestsFromHead(SlidingWindow.java:467)
	at org.apache.ratis.util.SlidingWindow$Server.receivedRequest(SlidingWindow.java:459)
	at org.apache.ratis.grpc.server.GrpcClientProtocolService$OrderedRequestStreamObserver.processClientRequest(GrpcClientProtocolService.java:356)
	at org.apache.ratis.grpc.server.GrpcClientProtocolService$RequestStreamObserver.onNext(GrpcClientProtocolService.java:246)
	at org.apache.ratis.grpc.server.GrpcClientProtocolService$RequestStreamObserver.onNext(GrpcClientProtocolService.java:169)
	at org.apache.ratis.thirdparty.io.grpc.stub.ServerCalls$StreamingServerCallHandler$StreamingServerCallListener.onMessage(ServerCalls.java:262)
	at org.apache.ratis.thirdparty.io.grpc.internal.ServerCallImpl$ServerStreamListenerImpl.messagesAvailableInternal(ServerCallImpl.java:329)
	at org.apache.ratis.thirdparty.io.grpc.internal.ServerCallImpl$ServerStreamListenerImpl.messagesAvailable(ServerCallImpl.java:314)
	at org.apache.ratis.thirdparty.io.grpc.internal.ServerImpl$JumpToApplicationThreadServerStreamListener$1MessagesAvailable.runInContext(ServerImpl.java:833)
	... 5 more
2025-05-14 02:54:37,987 [grpc-default-executor-5] ERROR impl.OrderedAsync (OrderedAsync.java:lambda$send$4(181)) - Failed to send request, message=cmdType: WriteChunk
traceID: ""
containerID: 7
datanodeUuid: "c77e66e9-1cca-4fd3-bc5b-4ea2dbc3232f"
writeChunk {
  blockID {
    containerID: 7
    localID: 115816896921600007
    blockCommitSequenceId: 2
    replicaIndex: 0
  }
  chunkData {
    chunkName: "115816896921600007_chunk_2"
    offset: 5
    len: 5
    checksumData {
      type: CRC32
      bytesPerChecksum: 16384
      checksums: "\350a\3440"
    }
  }
}
version: 3
, data.size=5
java.util.concurrent.CompletionException: org.apache.ratis.protocol.exceptions.GroupMismatchException: c77e66e9-1cca-4fd3-bc5b-4ea2dbc3232f: group-CA654213E6F9 not found.
	at java.base/java.util.concurrent.CompletableFuture.encodeThrowable(CompletableFuture.java:332)
	at java.base/java.util.concurrent.CompletableFuture.completeThrowable(CompletableFuture.java:347)
	at java.base/java.util.concurrent.CompletableFuture$UniApply.tryFire(CompletableFuture.java:636)
	at java.base/java.util.concurrent.CompletableFuture.postComplete(CompletableFuture.java:510)
	at java.base/java.util.concurrent.CompletableFuture.completeExceptionally(CompletableFuture.java:2194)
	at org.apache.ratis.client.impl.OrderedAsync$PendingOrderedRequest.fail(OrderedAsync.java:111)
	at org.apache.ratis.util.SlidingWindow$Client.fail(SlidingWindow.java:395)
	at org.apache.ratis.client.impl.OrderedAsync.failAllAsyncRequests(OrderedAsync.java:155)
	at org.apache.ratis.client.impl.OrderedAsync.handleException(OrderedAsync.java:232)
	at org.apache.ratis.client.impl.OrderedAsync.lambda$sendRequestWithRetry$7(OrderedAsync.java:217)
	at java.base/java.util.concurrent.CompletableFuture.uniExceptionally(CompletableFuture.java:990)
	at java.base/java.util.concurrent.CompletableFuture$UniExceptionally.tryFire(CompletableFuture.java:974)
	at java.base/java.util.concurrent.CompletableFuture.postComplete(CompletableFuture.java:510)
	at java.base/java.util.concurrent.CompletableFuture.completeExceptionally(CompletableFuture.java:2194)
	at org.apache.ratis.grpc.client.GrpcClientProtocolClient$AsyncStreamObservers.completeReplyExceptionally(GrpcClientProtocolClient.java:397)
	at org.apache.ratis.grpc.client.GrpcClientProtocolClient$AsyncStreamObservers.access$000(GrpcClientProtocolClient.java:303)
	at org.apache.ratis.grpc.client.GrpcClientProtocolClient$AsyncStreamObservers$1.onError(GrpcClientProtocolClient.java:334)
	at org.apache.ratis.thirdparty.io.grpc.stub.ClientCalls$StreamObserverToCallListenerAdapter.onClose(ClientCalls.java:481)
	at org.apache.ratis.thirdparty.io.grpc.PartialForwardingClientCallListener.onClose(PartialForwardingClientCallListener.java:39)
	at org.apache.ratis.thirdparty.io.grpc.ForwardingClientCallListener.onClose(ForwardingClientCallListener.java:23)
	at org.apache.ratis.grpc.metrics.intercept.client.MetricClientCallListener.onClose(MetricClientCallListener.java:47)
	at org.apache.ratis.thirdparty.io.grpc.internal.ClientCallImpl.closeObserver(ClientCallImpl.java:567)
	at org.apache.ratis.thirdparty.io.grpc.internal.ClientCallImpl.access$300(ClientCallImpl.java:71)
	at org.apache.ratis.thirdparty.io.grpc.internal.ClientCallImpl$ClientStreamListenerImpl$1StreamClosed.runInternal(ClientCallImpl.java:735)
	at org.apache.ratis.thirdparty.io.grpc.internal.ClientCallImpl$ClientStreamListenerImpl$1StreamClosed.runInContext(ClientCallImpl.java:716)
	at org.apache.ratis.thirdparty.io.grpc.internal.ContextRunnable.run(ContextRunnable.java:37)
	at org.apache.ratis.thirdparty.io.grpc.internal.SerializingExecutor.run(SerializingExecutor.java:133)
	at java.base/java.util.concurrent.ThreadPoolExecutor.runWorker(ThreadPoolExecutor.java:1144)
	at java.base/java.util.concurrent.ThreadPoolExecutor$Worker.run(ThreadPoolExecutor.java:642)
	at java.base/java.lang.Thread.run(Thread.java:1583)
Caused by: org.apache.ratis.protocol.exceptions.GroupMismatchException: c77e66e9-1cca-4fd3-bc5b-4ea2dbc3232f: group-CA654213E6F9 not found.
	at org.apache.ratis.server.impl.RaftServerProxy$ImplMap.get(RaftServerProxy.java:155)
	at org.apache.ratis.server.impl.RaftServerProxy.getImplFuture(RaftServerProxy.java:365)
	at org.apache.ratis.server.impl.RaftServerProxy.submitClientRequestAsync(RaftServerProxy.java:449)
	at org.apache.ratis.grpc.server.GrpcClientProtocolService$RequestStreamObserver.processClientRequest(GrpcClientProtocolService.java:226)
	at org.apache.ratis.grpc.server.GrpcClientProtocolService$OrderedRequestStreamObserver.processClientRequest(GrpcClientProtocolService.java:332)
	at org.apache.ratis.util.SlidingWindow$Server.processRequestsFromHead(SlidingWindow.java:467)
	at org.apache.ratis.util.SlidingWindow$Server.receivedRequest(SlidingWindow.java:459)
	at org.apache.ratis.grpc.server.GrpcClientProtocolService$OrderedRequestStreamObserver.processClientRequest(GrpcClientProtocolService.java:356)
	at org.apache.ratis.grpc.server.GrpcClientProtocolService$RequestStreamObserver.onNext(GrpcClientProtocolService.java:246)
	at org.apache.ratis.grpc.server.GrpcClientProtocolService$RequestStreamObserver.onNext(GrpcClientProtocolService.java:169)
	at org.apache.ratis.thirdparty.io.grpc.stub.ServerCalls$StreamingServerCallHandler$StreamingServerCallListener.onMessage(ServerCalls.java:262)
	at org.apache.ratis.thirdparty.io.grpc.internal.ServerCallImpl$ServerStreamListenerImpl.messagesAvailableInternal(ServerCallImpl.java:329)
	at org.apache.ratis.thirdparty.io.grpc.internal.ServerCallImpl$ServerStreamListenerImpl.messagesAvailable(ServerCallImpl.java:314)
	at org.apache.ratis.thirdparty.io.grpc.internal.ServerImpl$JumpToApplicationThreadServerStreamListener$1MessagesAvailable.runInContext(ServerImpl.java:833)
	... 5 more
2025-05-14 02:54:37,988 [grpc-default-executor-5] ERROR impl.OrderedAsync (OrderedAsync.java:lambda$send$4(179)) - Failed to send request, message=cmdType: PutBlock
traceID: ""
containerID: 7
datanodeUuid: "c77e66e9-1cca-4fd3-bc5b-4ea2dbc3232f"
putBlock {
  blockData {
    blockID {
      containerID: 7
      localID: 115816896921600007
      blockCommitSequenceId: 0
    }
    metadata {
      key: "TYPE"
      value: "KEY"
    }
    chunks {
      chunkName: "115816896921600007_chunk_1"
      offset: 0
      len: 5
      checksumData {
        type: CRC32
        bytesPerChecksum: 16384
        checksums: "\350a\3440"
      }
    }
    chunks {
      chunkName: "115816896921600007_chunk_2"
      offset: 5
      len: 5
      checksumData {
        type: CRC32
        bytesPerChecksum: 16384
        checksums: "\350a\3440"
      }
    }
  }
  eof: true
}
version: 3
, data.size=0 due to java.util.concurrent.CompletionException: org.apache.ratis.protocol.exceptions.AlreadyClosedException: SlidingWindow$Client:client-B9A046893547->RAFT is closed.
2025-05-14 02:54:37,988 [main] WARN  io.KeyOutputStream (KeyOutputStream.java:handleExceptionInternal(377)) - Encountered exception java.io.IOException: Unexpected Storage Container Exception: java.util.concurrent.CompletionException: Failed to write chunk 115816896921600007_chunk_2 into block conID: 7 locID: 115816896921600007 bcsId: 2 replicaIndex: null on the pipeline Pipeline{ Id: d1819bd0-c34f-41f4-be2b-ca654213e6f9, Nodes: [ {c77e66e9-1cca-4fd3-bc5b-4ea2dbc3232f(localhost/127.0.0.1), ReplicaIndex: 0},], ReplicationConfig: RATIS/ONE, State:OPEN, leaderId:c77e66e9-1cca-4fd3-bc5b-4ea2dbc3232f, CreationTimestamp2025-05-14T02:53:36.708Z[Etc/UTC]}. The last committed block length is 5, uncommitted data length is 5 retry count 0
2025-05-14 02:54:38,020 [main] INFO  io.BlockOutputStreamEntry (BlockOutputStreamEntry.java:writeOnRetry(192)) - BlockOutputStreamEntry:ratis conID: 8 locID: 115816896921600008 bcsId: 0 replicaIndex: null: Finish retrying with len 5, currentPosition 5
2025-05-14 02:54:38,020 [main] INFO  io.BlockOutputStreamEntry (BlockOutputStreamEntry.java:finishRetryHandling(141)) - BlockOutputStreamEntry:ratis conID: 8 locID: 115816896921600008 bcsId: 0 replicaIndex: null: Exiting retry handling mode
2025-05-14 02:54:38,023 [30ccf06d-ad3c-4fb0-87c5-f3e2916d12cb@group-04E3E0189C32-StateMachineUpdater] INFO  ratis.ContainerStateMachine (ContainerStateMachine.java:takeSnapshot(427)) - group-04E3E0189C32: Taking a snapshot at:(t:1, i:4) file /home/runner/work/ozone/ozone/hadoop-ozone/integration-test/target/test-dir/MiniOzoneClusterImpl-af940217-b311-440f-8e09-352fdf66236b/ozone-meta/datanode-2/ratis/bbc5bd21-e187-4ee2-8987-04e3e0189c32/sm/snapshot.1_4
2025-05-14 02:54:38,024 [30ccf06d-ad3c-4fb0-87c5-f3e2916d12cb@group-04E3E0189C32-StateMachineUpdater] INFO  ratis.ContainerStateMachine (ContainerStateMachine.java:takeSnapshot(436)) - group-04E3E0189C32: Finished taking a snapshot at:(t:1, i:4) file:/home/runner/work/ozone/ozone/hadoop-ozone/integration-test/target/test-dir/MiniOzoneClusterImpl-af940217-b311-440f-8e09-352fdf66236b/ozone-meta/datanode-2/ratis/bbc5bd21-e187-4ee2-8987-04e3e0189c32/sm/snapshot.1_4 took: 1 ms
2025-05-14 02:54:38,024 [30ccf06d-ad3c-4fb0-87c5-f3e2916d12cb@group-04E3E0189C32-StateMachineUpdater] INFO  impl.StateMachineUpdater (StateMachineUpdater.java:takeSnapshot(303)) - 30ccf06d-ad3c-4fb0-87c5-f3e2916d12cb@group-04E3E0189C32-StateMachineUpdater: Took a snapshot at index 4
2025-05-14 02:54:38,024 [30ccf06d-ad3c-4fb0-87c5-f3e2916d12cb@group-04E3E0189C32-StateMachineUpdater] INFO  impl.StateMachineUpdater (StateMachineUpdater.java:lambda$new$0(102)) - 30ccf06d-ad3c-4fb0-87c5-f3e2916d12cb@group-04E3E0189C32-StateMachineUpdater: snapshotIndex: updateIncreasingly 0 -> 4
2025-05-14 02:54:38,024 [30ccf06d-ad3c-4fb0-87c5-f3e2916d12cb@group-04E3E0189C32-StateMachineUpdater] INFO  ratis.ContainerStateMachine (ContainerStateMachine.java:takeSnapshot(427)) - group-04E3E0189C32: Taking a snapshot at:(t:1, i:5) file /home/runner/work/ozone/ozone/hadoop-ozone/integration-test/target/test-dir/MiniOzoneClusterImpl-af940217-b311-440f-8e09-352fdf66236b/ozone-meta/datanode-2/ratis/bbc5bd21-e187-4ee2-8987-04e3e0189c32/sm/snapshot.1_5
2025-05-14 02:54:38,025 [30ccf06d-ad3c-4fb0-87c5-f3e2916d12cb@group-04E3E0189C32-StateMachineUpdater] INFO  ratis.ContainerStateMachine (ContainerStateMachine.java:takeSnapshot(436)) - group-04E3E0189C32: Finished taking a snapshot at:(t:1, i:5) file:/home/runner/work/ozone/ozone/hadoop-ozone/integration-test/target/test-dir/MiniOzoneClusterImpl-af940217-b311-440f-8e09-352fdf66236b/ozone-meta/datanode-2/ratis/bbc5bd21-e187-4ee2-8987-04e3e0189c32/sm/snapshot.1_5 took: 1 ms
2025-05-14 02:54:38,025 [30ccf06d-ad3c-4fb0-87c5-f3e2916d12cb@group-04E3E0189C32-StateMachineUpdater] INFO  impl.StateMachineUpdater (StateMachineUpdater.java:takeSnapshot(303)) - 30ccf06d-ad3c-4fb0-87c5-f3e2916d12cb@group-04E3E0189C32-StateMachineUpdater: Took a snapshot at index 5
2025-05-14 02:54:38,025 [30ccf06d-ad3c-4fb0-87c5-f3e2916d12cb@group-04E3E0189C32-StateMachineUpdater] INFO  impl.StateMachineUpdater (StateMachineUpdater.java:lambda$new$0(102)) - 30ccf06d-ad3c-4fb0-87c5-f3e2916d12cb@group-04E3E0189C32-StateMachineUpdater: snapshotIndex: updateIncreasingly 4 -> 5
2025-05-14 02:54:38,033 [main] INFO  ozoneimpl.OzoneContainer (OzoneContainer.java:stop(536)) - Attempting to stop container services.
2025-05-14 02:54:38,033 [ContainerMetadataScanner] WARN  ozoneimpl.AbstractBackgroundContainerScanner (AbstractBackgroundContainerScanner.java:handleRemainingSleep(136)) - Background container scan was interrupted.
2025-05-14 02:54:38,034 [ContainerMetadataScanner] INFO  ozoneimpl.AbstractBackgroundContainerScanner (AbstractBackgroundContainerScanner.java:run(63)) - org.apache.hadoop.ozone.container.ozoneimpl.BackgroundContainerMetadataScanner@2c604afd exiting.
2025-05-14 02:54:38,034 [main] INFO  ozoneimpl.BackgroundContainerDataScanner (BackgroundContainerDataScanner.java:shutdown(141)) - ContainerDataScanner(/home/runner/work/ozone/ozone/hadoop-ozone/integration-test/target/test-dir/MiniOzoneClusterImpl-af940217-b311-440f-8e09-352fdf66236b/ozone-meta/datanode-6/data-0/hdds) is shutting down. 
2025-05-14 02:54:38,034 [ContainerDataScanner(/home/runner/work/ozone/ozone/hadoop-ozone/integration-test/target/test-dir/MiniOzoneClusterImpl-af940217-b311-440f-8e09-352fdf66236b/ozone-meta/datanode-6/data-0/hdds)] WARN  ozoneimpl.AbstractBackgroundContainerScanner (AbstractBackgroundContainerScanner.java:handleRemainingSleep(136)) - Background container scan was interrupted.
2025-05-14 02:54:38,034 [ContainerDataScanner(/home/runner/work/ozone/ozone/hadoop-ozone/integration-test/target/test-dir/MiniOzoneClusterImpl-af940217-b311-440f-8e09-352fdf66236b/ozone-meta/datanode-6/data-0/hdds)] INFO  ozoneimpl.AbstractBackgroundContainerScanner (AbstractBackgroundContainerScanner.java:run(63)) - ContainerDataScanner(/home/runner/work/ozone/ozone/hadoop-ozone/integration-test/target/test-dir/MiniOzoneClusterImpl-af940217-b311-440f-8e09-352fdf66236b/ozone-meta/datanode-6/data-0/hdds, DS-26be9c44-7a52-48a4-85a6-05c4c5209829) exiting.
2025-05-14 02:54:38,034 [main] INFO  ozoneimpl.OnDemandContainerDataScanner (OnDemandContainerDataScanner.java:shutdownScanner(208)) - On-demand container scanner is shutting down.
2025-05-14 02:54:38,035 [main] INFO  ratis.XceiverServerRatis (XceiverServerRatis.java:stop(594)) - Closing XceiverServerRatis(c77e66e9-1cca-4fd3-bc5b-4ea2dbc3232f)
2025-05-14 02:54:38,035 [main] INFO  server.RaftServer (RaftServerProxy.java:lambda$close$9(417)) - c77e66e9-1cca-4fd3-bc5b-4ea2dbc3232f: close
2025-05-14 02:54:38,035 [main] INFO  server.GrpcService (GrpcService.java:closeImpl(343)) - c77e66e9-1cca-4fd3-bc5b-4ea2dbc3232f: shutdown server org.apache.ratis.grpc.server.GrpcClientProtocolService now
2025-05-14 02:54:38,035 [c77e66e9-1cca-4fd3-bc5b-4ea2dbc3232f-impl-thread2] INFO  server.RaftServer$Division (RaftServerImpl.java:lambda$close$1(513)) - c77e66e9-1cca-4fd3-bc5b-4ea2dbc3232f@group-90B7BBECBC71: shutdown
2025-05-14 02:54:38,035 [c77e66e9-1cca-4fd3-bc5b-4ea2dbc3232f-impl-thread2] INFO  util.JmxRegister (JmxRegister.java:unregister(74)) - Successfully un-registered JMX Bean with object name Ratis:service=RaftServer,group=group-90B7BBECBC71,id=c77e66e9-1cca-4fd3-bc5b-4ea2dbc3232f
2025-05-14 02:54:38,036 [c77e66e9-1cca-4fd3-bc5b-4ea2dbc3232f-impl-thread2] INFO  impl.RoleInfo (RoleInfo.java:shutdownLeaderState(103)) - c77e66e9-1cca-4fd3-bc5b-4ea2dbc3232f: shutdown c77e66e9-1cca-4fd3-bc5b-4ea2dbc3232f@group-90B7BBECBC71-LeaderStateImpl
2025-05-14 02:54:38,036 [c77e66e9-1cca-4fd3-bc5b-4ea2dbc3232f-impl-thread2] INFO  impl.PendingRequests (PendingRequests.java:sendNotLeaderResponses(287)) - c77e66e9-1cca-4fd3-bc5b-4ea2dbc3232f@group-90B7BBECBC71-PendingRequests: sendNotLeaderResponses
2025-05-14 02:54:38,036 [c77e66e9-1cca-4fd3-bc5b-4ea2dbc3232f@group-90B7BBECBC71->e44b5a69-92f9-40f4-85c9-712e1c637b62-GrpcLogAppender-LogAppenderDaemon] WARN  server.GrpcLogAppender (GrpcLogAppender.java:mayWait(293)) - c77e66e9-1cca-4fd3-bc5b-4ea2dbc3232f@group-90B7BBECBC71->e44b5a69-92f9-40f4-85c9-712e1c637b62-GrpcLogAppender: Wait interrupted by java.lang.InterruptedException
2025-05-14 02:54:38,036 [c77e66e9-1cca-4fd3-bc5b-4ea2dbc3232f@group-90B7BBECBC71->d4e44fd7-0e23-4e4f-bc30-0c7965de497d-GrpcLogAppender-LogAppenderDaemon] WARN  server.GrpcLogAppender (GrpcLogAppender.java:mayWait(293)) - c77e66e9-1cca-4fd3-bc5b-4ea2dbc3232f@group-90B7BBECBC71->d4e44fd7-0e23-4e4f-bc30-0c7965de497d-GrpcLogAppender: Wait interrupted by java.lang.InterruptedException
2025-05-14 02:54:38,037 [Thread-1265] INFO  server.GrpcServerProtocolClient (GrpcServerProtocolClient.java:close(105)) - d4e44fd7-0e23-4e4f-bc30-0c7965de497d Close channels
2025-05-14 02:54:38,037 [grpc-default-executor-6] INFO  server.GrpcServerProtocolService (GrpcServerProtocolService.java:onCompleted(157)) - d4e44fd7-0e23-4e4f-bc30-0c7965de497d: Completed APPEND_ENTRIES, lastRequest: null
2025-05-14 02:54:38,037 [c77e66e9-1cca-4fd3-bc5b-4ea2dbc3232f-impl-thread2] INFO  impl.StateMachineUpdater (StateMachineUpdater.java:stopAndJoin(164)) - c77e66e9-1cca-4fd3-bc5b-4ea2dbc3232f@group-90B7BBECBC71-StateMachineUpdater: set stopIndex = 12
2025-05-14 02:54:38,037 [grpc-default-executor-6] INFO  server.GrpcServerProtocolService (GrpcServerProtocolService.java:lambda$onCompleted$5(159)) - d4e44fd7-0e23-4e4f-bc30-0c7965de497d: Completed APPEND_ENTRIES, lastReply: serverReply {
  requestorId: "c77e66e9-1cca-4fd3-bc5b-4ea2dbc3232f"
  replyId: "d4e44fd7-0e23-4e4f-bc30-0c7965de497d"
  raftGroupId {
    id: "\201U\246{\250\212L\316\256\375\220\267\273\354\274q"
  }
  callId: 10
  success: true
}
term: 2
nextIndex: 13
followerCommit: 12
matchIndex: 18446744073709551615
isHearbeat: true

2025-05-14 02:54:38,037 [Thread-1266] INFO  server.GrpcServerProtocolClient (GrpcServerProtocolClient.java:close(105)) - e44b5a69-92f9-40f4-85c9-712e1c637b62 Close channels
2025-05-14 02:54:38,037 [c77e66e9-1cca-4fd3-bc5b-4ea2dbc3232f@group-90B7BBECBC71-StateMachineUpdater] INFO  impl.StateMachineUpdater (StateMachineUpdater.java:stop(141)) - c77e66e9-1cca-4fd3-bc5b-4ea2dbc3232f@group-90B7BBECBC71-StateMachineUpdater: closing ContainerStateMachine, lastApplied=(t:2, i:12)
2025-05-14 02:54:38,038 [c77e66e9-1cca-4fd3-bc5b-4ea2dbc3232f@group-90B7BBECBC71-cacheEviction-AwaitToRun] INFO  util.AwaitToRun (AwaitToRun.java:run(49)) - c77e66e9-1cca-4fd3-bc5b-4ea2dbc3232f@group-90B7BBECBC71-cacheEviction-AwaitToRun-AwaitForSignal is interrupted
2025-05-14 02:54:38,038 [grpc-default-executor-6] INFO  server.GrpcServerProtocolService (GrpcServerProtocolService.java:onCompleted(157)) - d4e44fd7-0e23-4e4f-bc30-0c7965de497d: Completed APPEND_ENTRIES, lastRequest: c77e66e9-1cca-4fd3-bc5b-4ea2dbc3232f->d4e44fd7-0e23-4e4f-bc30-0c7965de497d#2-t2,previous=(t:2, i:11),leaderCommit=11,initializing? false,entries: size=1, first=(t:2, i:12), METADATAENTRY(c:11)
2025-05-14 02:54:38,039 [grpc-default-executor-6] INFO  server.GrpcServerProtocolService (GrpcServerProtocolService.java:lambda$onCompleted$5(159)) - d4e44fd7-0e23-4e4f-bc30-0c7965de497d: Completed APPEND_ENTRIES, lastReply: null
2025-05-14 02:54:38,039 [grpc-default-executor-3] INFO  server.GrpcLogAppender (GrpcLogAppender.java:onCompleted(550)) - c77e66e9-1cca-4fd3-bc5b-4ea2dbc3232f@group-90B7BBECBC71->d4e44fd7-0e23-4e4f-bc30-0c7965de497d-AppendLogResponseHandler: follower responses appendEntries COMPLETED
2025-05-14 02:54:38,039 [grpc-default-executor-3] WARN  server.GrpcLogAppender (GrpcLogAppender.java:resetClient(230)) - c77e66e9-1cca-4fd3-bc5b-4ea2dbc3232f@group-90B7BBECBC71->d4e44fd7-0e23-4e4f-bc30-0c7965de497d-GrpcLogAppender: Failed to getClient for d4e44fd7-0e23-4e4f-bc30-0c7965de497d
org.apache.ratis.protocol.exceptions.AlreadyClosedException: c77e66e9-1cca-4fd3-bc5b-4ea2dbc3232f is already CLOSED
	at org.apache.ratis.util.PeerProxyMap$PeerAndProxy.getProxy(PeerProxyMap.java:67)
	at org.apache.ratis.util.PeerProxyMap.getProxy(PeerProxyMap.java:124)
	at org.apache.ratis.grpc.server.GrpcLogAppender.getClient(GrpcLogAppender.java:200)
	at org.apache.ratis.grpc.server.GrpcLogAppender.resetClient(GrpcLogAppender.java:205)
	at org.apache.ratis.grpc.server.GrpcLogAppender.access$800(GrpcLogAppender.java:64)
	at org.apache.ratis.grpc.server.GrpcLogAppender$AppendLogResponseHandler.onCompleted(GrpcLogAppender.java:551)
	at org.apache.ratis.thirdparty.io.grpc.stub.ClientCalls$StreamObserverToCallListenerAdapter.onClose(ClientCalls.java:479)
	at org.apache.ratis.thirdparty.io.grpc.internal.DelayedClientCall$DelayedListener$3.run(DelayedClientCall.java:489)
	at org.apache.ratis.thirdparty.io.grpc.internal.DelayedClientCall$DelayedListener.delayOrExecute(DelayedClientCall.java:453)
	at org.apache.ratis.thirdparty.io.grpc.internal.DelayedClientCall$DelayedListener.onClose(DelayedClientCall.java:486)
	at org.apache.ratis.thirdparty.io.grpc.internal.ClientCallImpl.closeObserver(ClientCallImpl.java:567)
	at org.apache.ratis.thirdparty.io.grpc.internal.ClientCallImpl.access$300(ClientCallImpl.java:71)
	at org.apache.ratis.thirdparty.io.grpc.internal.ClientCallImpl$ClientStreamListenerImpl$1StreamClosed.runInternal(ClientCallImpl.java:735)
	at org.apache.ratis.thirdparty.io.grpc.internal.ClientCallImpl$ClientStreamListenerImpl$1StreamClosed.runInContext(ClientCallImpl.java:716)
	at org.apache.ratis.thirdparty.io.grpc.internal.ContextRunnable.run(ContextRunnable.java:37)
	at org.apache.ratis.thirdparty.io.grpc.internal.SerializingExecutor.run(SerializingExecutor.java:133)
	at java.base/java.util.concurrent.ThreadPoolExecutor.runWorker(ThreadPoolExecutor.java:1144)
	at java.base/java.util.concurrent.ThreadPoolExecutor$Worker.run(ThreadPoolExecutor.java:642)
	at java.base/java.lang.Thread.run(Thread.java:1583)
2025-05-14 02:54:38,039 [grpc-default-executor-3] INFO  server.GrpcLogAppender (GrpcLogAppender.java:onCompleted(550)) - c77e66e9-1cca-4fd3-bc5b-4ea2dbc3232f@group-90B7BBECBC71->d4e44fd7-0e23-4e4f-bc30-0c7965de497d-AppendLogResponseHandler: follower responses appendEntries COMPLETED
2025-05-14 02:54:38,039 [grpc-default-executor-3] WARN  server.GrpcLogAppender (GrpcLogAppender.java:resetClient(230)) - c77e66e9-1cca-4fd3-bc5b-4ea2dbc3232f@group-90B7BBECBC71->d4e44fd7-0e23-4e4f-bc30-0c7965de497d-GrpcLogAppender: Failed to getClient for d4e44fd7-0e23-4e4f-bc30-0c7965de497d
org.apache.ratis.protocol.exceptions.AlreadyClosedException: c77e66e9-1cca-4fd3-bc5b-4ea2dbc3232f is already CLOSED
	at org.apache.ratis.util.PeerProxyMap$PeerAndProxy.getProxy(PeerProxyMap.java:67)
	at org.apache.ratis.util.PeerProxyMap.getProxy(PeerProxyMap.java:124)
	at org.apache.ratis.grpc.server.GrpcLogAppender.getClient(GrpcLogAppender.java:200)
	at org.apache.ratis.grpc.server.GrpcLogAppender.resetClient(GrpcLogAppender.java:205)
	at org.apache.ratis.grpc.server.GrpcLogAppender.access$800(GrpcLogAppender.java:64)
	at org.apache.ratis.grpc.server.GrpcLogAppender$AppendLogResponseHandler.onCompleted(GrpcLogAppender.java:551)
	at org.apache.ratis.thirdparty.io.grpc.stub.ClientCalls$StreamObserverToCallListenerAdapter.onClose(ClientCalls.java:479)
	at org.apache.ratis.thirdparty.io.grpc.internal.ClientCallImpl.closeObserver(ClientCallImpl.java:567)
	at org.apache.ratis.thirdparty.io.grpc.internal.ClientCallImpl.access$300(ClientCallImpl.java:71)
	at org.apache.ratis.thirdparty.io.grpc.internal.ClientCallImpl$ClientStreamListenerImpl$1StreamClosed.runInternal(ClientCallImpl.java:735)
	at org.apache.ratis.thirdparty.io.grpc.internal.ClientCallImpl$ClientStreamListenerImpl$1StreamClosed.runInContext(ClientCallImpl.java:716)
	at org.apache.ratis.thirdparty.io.grpc.internal.ContextRunnable.run(ContextRunnable.java:37)
	at org.apache.ratis.thirdparty.io.grpc.internal.SerializingExecutor.run(SerializingExecutor.java:133)
	at java.base/java.util.concurrent.ThreadPoolExecutor.runWorker(ThreadPoolExecutor.java:1144)
	at java.base/java.util.concurrent.ThreadPoolExecutor$Worker.run(ThreadPoolExecutor.java:642)
	at java.base/java.lang.Thread.run(Thread.java:1583)
2025-05-14 02:54:38,829 [c77e66e9-1cca-4fd3-bc5b-4ea2dbc3232f-impl-thread2] INFO  segmented.SegmentedRaftLogWorker (SegmentedRaftLogWorker.java:close(252)) - c77e66e9-1cca-4fd3-bc5b-4ea2dbc3232f@group-90B7BBECBC71-SegmentedRaftLogWorker close()
2025-05-14 02:54:38,829 [c77e66e9-1cca-4fd3-bc5b-4ea2dbc3232f-impl-thread2] INFO  ratis.ContainerStateMachine (ContainerStateMachine.java:notifyServerShutdown(1038)) - group-90B7BBECBC71 is closed by HddsDatanodeService
2025-05-14 02:54:40,887 [timer6] WARN  server.GrpcLogAppender (LogUtils.java:warn(123)) - c77e66e9-1cca-4fd3-bc5b-4ea2dbc3232f@group-90B7BBECBC71->e44b5a69-92f9-40f4-85c9-712e1c637b62-AppendLogResponseHandler: Failed appendEntries (Repeated 2 times in the last 5.000s)
org.apache.ratis.protocol.exceptions.GroupMismatchException: e44b5a69-92f9-40f4-85c9-712e1c637b62: group-90B7BBECBC71 not found.
	at org.apache.ratis.server.impl.RaftServerProxy$ImplMap.get(RaftServerProxy.java:155)
	at org.apache.ratis.server.impl.RaftServerProxy.getImplFuture(RaftServerProxy.java:365)
	at org.apache.ratis.server.impl.RaftServerProxy.appendEntriesAsync(RaftServerProxy.java:644)
	at org.apache.ratis.grpc.server.GrpcServerProtocolService$1.process(GrpcServerProtocolService.java:229)
	at org.apache.ratis.grpc.server.GrpcServerProtocolService$1.process(GrpcServerProtocolService.java:226)
	at org.apache.ratis.grpc.server.GrpcServerProtocolService$ServerRequestStreamObserver.onNext(GrpcServerProtocolService.java:137)
	at org.apache.ratis.thirdparty.io.grpc.stub.ServerCalls$StreamingServerCallHandler$StreamingServerCallListener.onMessage(ServerCalls.java:262)
	at org.apache.ratis.thirdparty.io.grpc.internal.ServerCallImpl$ServerStreamListenerImpl.messagesAvailableInternal(ServerCallImpl.java:329)
	at org.apache.ratis.thirdparty.io.grpc.internal.ServerCallImpl$ServerStreamListenerImpl.messagesAvailable(ServerCallImpl.java:314)
	at org.apache.ratis.thirdparty.io.grpc.internal.ServerImpl$JumpToApplicationThreadServerStreamListener$1MessagesAvailable.runInContext(ServerImpl.java:833)
	at org.apache.ratis.thirdparty.io.grpc.internal.ContextRunnable.run(ContextRunnable.java:37)
	at org.apache.ratis.thirdparty.io.grpc.internal.SerializingExecutor.run(SerializingExecutor.java:133)
	at java.base/java.util.concurrent.ThreadPoolExecutor.runWorker(ThreadPoolExecutor.java:1144)
	at java.base/java.util.concurrent.ThreadPoolExecutor$Worker.run(ThreadPoolExecutor.java:642)
	at java.base/java.lang.Thread.run(Thread.java:1583)
2025-05-14 02:54:41,038 [Thread-1266] WARN  grpc.GrpcUtil (GrpcUtil.java:shutdownManagedChannel(233)) - Timed out gracefully shutting down connection: ManagedChannelOrphanWrapper{delegate=ManagedChannelImpl{logId=324, target=127.0.0.1:15047}}. 
2025-05-14 02:54:41,039 [grpc-default-executor-3] INFO  server.GrpcLogAppender (GrpcLogAppender.java:onError(537)) - c77e66e9-1cca-4fd3-bc5b-4ea2dbc3232f@group-90B7BBECBC71->e44b5a69-92f9-40f4-85c9-712e1c637b62-GrpcLogAppender is already stopped
2025-05-14 02:54:41,039 [grpc-default-executor-6] INFO  server.GrpcLogAppender (GrpcLogAppender.java:onError(537)) - c77e66e9-1cca-4fd3-bc5b-4ea2dbc3232f@group-90B7BBECBC71->e44b5a69-92f9-40f4-85c9-712e1c637b62-GrpcLogAppender is already stopped
2025-05-14 02:54:41,039 [grpc-default-executor-5] INFO  server.GrpcLogAppender (GrpcLogAppender.java:onError(537)) - c77e66e9-1cca-4fd3-bc5b-4ea2dbc3232f@group-90B7BBECBC71->e44b5a69-92f9-40f4-85c9-712e1c637b62-GrpcLogAppender is already stopped
2025-05-14 02:54:41,039 [grpc-default-executor-0] INFO  server.GrpcLogAppender (GrpcLogAppender.java:onError(537)) - c77e66e9-1cca-4fd3-bc5b-4ea2dbc3232f@group-90B7BBECBC71->e44b5a69-92f9-40f4-85c9-712e1c637b62-GrpcLogAppender is already stopped
2025-05-14 02:54:41,039 [grpc-default-executor-3] INFO  server.GrpcLogAppender (GrpcLogAppender.java:onError(537)) - c77e66e9-1cca-4fd3-bc5b-4ea2dbc3232f@group-90B7BBECBC71->e44b5a69-92f9-40f4-85c9-712e1c637b62-GrpcLogAppender is already stopped
2025-05-14 02:54:41,039 [grpc-default-executor-6] INFO  server.GrpcLogAppender (GrpcLogAppender.java:onError(537)) - c77e66e9-1cca-4fd3-bc5b-4ea2dbc3232f@group-90B7BBECBC71->e44b5a69-92f9-40f4-85c9-712e1c637b62-GrpcLogAppender is already stopped
2025-05-14 02:54:41,040 [grpc-default-executor-2] INFO  server.GrpcLogAppender (GrpcLogAppender.java:onError(537)) - c77e66e9-1cca-4fd3-bc5b-4ea2dbc3232f@group-90B7BBECBC71->e44b5a69-92f9-40f4-85c9-712e1c637b62-GrpcLogAppender is already stopped
2025-05-14 02:54:41,040 [grpc-default-executor-3] INFO  server.GrpcLogAppender (GrpcLogAppender.java:onError(537)) - c77e66e9-1cca-4fd3-bc5b-4ea2dbc3232f@group-90B7BBECBC71->e44b5a69-92f9-40f4-85c9-712e1c637b62-GrpcLogAppender is already stopped
2025-05-14 02:54:41,040 [grpc-default-executor-2] INFO  server.GrpcLogAppender (GrpcLogAppender.java:onError(537)) - c77e66e9-1cca-4fd3-bc5b-4ea2dbc3232f@group-90B7BBECBC71->e44b5a69-92f9-40f4-85c9-712e1c637b62-GrpcLogAppender is already stopped
2025-05-14 02:54:41,040 [grpc-default-executor-1] INFO  server.GrpcLogAppender (GrpcLogAppender.java:onError(537)) - c77e66e9-1cca-4fd3-bc5b-4ea2dbc3232f@group-90B7BBECBC71->e44b5a69-92f9-40f4-85c9-712e1c637b62-GrpcLogAppender is already stopped
2025-05-14 02:54:41,040 [grpc-default-executor-4] INFO  server.GrpcLogAppender (GrpcLogAppender.java:onError(537)) - c77e66e9-1cca-4fd3-bc5b-4ea2dbc3232f@group-90B7BBECBC71->e44b5a69-92f9-40f4-85c9-712e1c637b62-GrpcLogAppender is already stopped
2025-05-14 02:54:41,040 [grpc-default-executor-6] INFO  server.GrpcLogAppender (GrpcLogAppender.java:onError(537)) - c77e66e9-1cca-4fd3-bc5b-4ea2dbc3232f@group-90B7BBECBC71->e44b5a69-92f9-40f4-85c9-712e1c637b62-GrpcLogAppender is already stopped
2025-05-14 02:54:41,039 [grpc-default-executor-5] INFO  server.GrpcLogAppender (GrpcLogAppender.java:onError(537)) - c77e66e9-1cca-4fd3-bc5b-4ea2dbc3232f@group-90B7BBECBC71->e44b5a69-92f9-40f4-85c9-712e1c637b62-GrpcLogAppender is already stopped
2025-05-14 02:54:41,039 [grpc-default-executor-0] INFO  server.GrpcLogAppender (GrpcLogAppender.java:onError(537)) - c77e66e9-1cca-4fd3-bc5b-4ea2dbc3232f@group-90B7BBECBC71->e44b5a69-92f9-40f4-85c9-712e1c637b62-GrpcLogAppender is already stopped
2025-05-14 02:54:41,040 [grpc-default-executor-5] WARN  server.GrpcServerProtocolService (LogUtils.java:warn(121)) - e44b5a69-92f9-40f4-85c9-712e1c637b62: APPEND_ENTRIES onError, lastRequest: null: org.apache.ratis.thirdparty.io.grpc.StatusRuntimeException: CANCELLED: client cancelled
2025-05-14 02:54:41,040 [grpc-default-executor-6] WARN  server.GrpcServerProtocolService (LogUtils.java:warn(121)) - e44b5a69-92f9-40f4-85c9-712e1c637b62: APPEND_ENTRIES onError, lastRequest: null: org.apache.ratis.thirdparty.io.grpc.StatusRuntimeException: CANCELLED: client cancelled
2025-05-14 02:54:41,040 [grpc-default-executor-2] WARN  server.GrpcServerProtocolService (LogUtils.java:warn(121)) - e44b5a69-92f9-40f4-85c9-712e1c637b62: APPEND_ENTRIES onError, lastRequest: null: org.apache.ratis.thirdparty.io.grpc.StatusRuntimeException: CANCELLED: client cancelled
2025-05-14 02:54:41,041 [grpc-default-executor-4] WARN  server.GrpcServerProtocolService (LogUtils.java:warn(121)) - e44b5a69-92f9-40f4-85c9-712e1c637b62: APPEND_ENTRIES onError, lastRequest: null: org.apache.ratis.thirdparty.io.grpc.StatusRuntimeException: CANCELLED: client cancelled
2025-05-14 02:54:41,041 [grpc-default-executor-4] WARN  server.GrpcServerProtocolService (LogUtils.java:warn(121)) - e44b5a69-92f9-40f4-85c9-712e1c637b62: APPEND_ENTRIES onError, lastRequest: null: org.apache.ratis.thirdparty.io.grpc.StatusRuntimeException: CANCELLED: client cancelled
2025-05-14 02:54:41,041 [grpc-default-executor-2] WARN  server.GrpcServerProtocolService (LogUtils.java:warn(121)) - e44b5a69-92f9-40f4-85c9-712e1c637b62: APPEND_ENTRIES onError, lastRequest: null: org.apache.ratis.thirdparty.io.grpc.StatusRuntimeException: CANCELLED: client cancelled
2025-05-14 02:54:41,041 [grpc-default-executor-0] WARN  server.GrpcServerProtocolService (LogUtils.java:warn(121)) - e44b5a69-92f9-40f4-85c9-712e1c637b62: APPEND_ENTRIES onError, lastRequest: null: org.apache.ratis.thirdparty.io.grpc.StatusRuntimeException: CANCELLED: client cancelled
2025-05-14 02:54:41,041 [grpc-default-executor-7] WARN  server.GrpcServerProtocolService (LogUtils.java:warn(121)) - e44b5a69-92f9-40f4-85c9-712e1c637b62: APPEND_ENTRIES onError, lastRequest: null: org.apache.ratis.thirdparty.io.grpc.StatusRuntimeException: CANCELLED: client cancelled
2025-05-14 02:54:41,041 [grpc-default-executor-3] WARN  server.GrpcServerProtocolService (LogUtils.java:warn(121)) - e44b5a69-92f9-40f4-85c9-712e1c637b62: APPEND_ENTRIES onError, lastRequest: null: org.apache.ratis.thirdparty.io.grpc.StatusRuntimeException: CANCELLED: client cancelled
2025-05-14 02:54:41,042 [grpc-default-executor-6] WARN  server.GrpcServerProtocolService (LogUtils.java:warn(121)) - e44b5a69-92f9-40f4-85c9-712e1c637b62: APPEND_ENTRIES onError, lastRequest: null: org.apache.ratis.thirdparty.io.grpc.StatusRuntimeException: CANCELLED: client cancelled
2025-05-14 02:54:41,042 [grpc-default-executor-3] WARN  server.GrpcServerProtocolService (LogUtils.java:warn(121)) - e44b5a69-92f9-40f4-85c9-712e1c637b62: APPEND_ENTRIES onError, lastRequest: null: org.apache.ratis.thirdparty.io.grpc.StatusRuntimeException: CANCELLED: client cancelled
2025-05-14 02:54:41,042 [grpc-default-executor-2] WARN  server.GrpcServerProtocolService (LogUtils.java:warn(121)) - e44b5a69-92f9-40f4-85c9-712e1c637b62: APPEND_ENTRIES onError, lastRequest: null: org.apache.ratis.thirdparty.io.grpc.StatusRuntimeException: CANCELLED: client cancelled
2025-05-14 02:54:41,042 [grpc-default-executor-0] WARN  server.GrpcServerProtocolService (LogUtils.java:warn(121)) - e44b5a69-92f9-40f4-85c9-712e1c637b62: APPEND_ENTRIES onError, lastRequest: null: org.apache.ratis.thirdparty.io.grpc.StatusRuntimeException: CANCELLED: client cancelled
2025-05-14 02:54:41,042 [grpc-default-executor-5] WARN  server.GrpcServerProtocolService (LogUtils.java:warn(121)) - e44b5a69-92f9-40f4-85c9-712e1c637b62: APPEND_ENTRIES onError, lastRequest: null: org.apache.ratis.thirdparty.io.grpc.StatusRuntimeException: CANCELLED: client cancelled
2025-05-14 02:54:41,042 [main] INFO  server.GrpcService (GrpcService.java:closeImpl(352)) - c77e66e9-1cca-4fd3-bc5b-4ea2dbc3232f: shutdown server org.apache.ratis.grpc.server.GrpcClientProtocolService successfully
2025-05-14 02:54:41,043 [main] INFO  server.GrpcService (GrpcService.java:closeImpl(343)) - c77e66e9-1cca-4fd3-bc5b-4ea2dbc3232f: shutdown server GrpcServerProtocolService now
2025-05-14 02:54:41,043 [grpc-default-executor-3] WARN  server.GrpcServerProtocolService (LogUtils.java:warn(121)) - c77e66e9-1cca-4fd3-bc5b-4ea2dbc3232f: APPEND_ENTRIES onError, lastRequest: null: org.apache.ratis.thirdparty.io.grpc.StatusRuntimeException: CANCELLED: client cancelled
2025-05-14 02:54:41,043 [grpc-default-executor-0] WARN  server.GrpcServerProtocolService (LogUtils.java:warn(121)) - c77e66e9-1cca-4fd3-bc5b-4ea2dbc3232f: APPEND_ENTRIES onError, lastRequest: null: org.apache.ratis.thirdparty.io.grpc.StatusRuntimeException: CANCELLED: client cancelled
2025-05-14 02:54:41,044 [grpc-default-executor-6] WARN  server.GrpcServerProtocolService (LogUtils.java:warn(121)) - c77e66e9-1cca-4fd3-bc5b-4ea2dbc3232f: APPEND_ENTRIES onError, lastRequest: null: org.apache.ratis.thirdparty.io.grpc.StatusRuntimeException: CANCELLED: client cancelled
2025-05-14 02:54:41,044 [grpc-default-executor-8] WARN  server.GrpcServerProtocolService (LogUtils.java:warn(121)) - c77e66e9-1cca-4fd3-bc5b-4ea2dbc3232f: APPEND_ENTRIES onError, lastRequest: null: org.apache.ratis.thirdparty.io.grpc.StatusRuntimeException: CANCELLED: client cancelled
2025-05-14 02:54:41,044 [main] INFO  server.GrpcService (GrpcService.java:closeImpl(352)) - c77e66e9-1cca-4fd3-bc5b-4ea2dbc3232f: shutdown server GrpcServerProtocolService successfully
2025-05-14 02:54:41,044 [main] INFO  server.GrpcService (GrpcService.java:closeImpl(343)) - c77e66e9-1cca-4fd3-bc5b-4ea2dbc3232f: shutdown server org.apache.ratis.grpc.server.GrpcAdminProtocolService now
2025-05-14 02:54:41,045 [grpc-default-executor-6] INFO  server.GrpcLogAppender (GrpcLogAppender.java:onError(537)) - d4e44fd7-0e23-4e4f-bc30-0c7965de497d@group-DC6000F9F072->c77e66e9-1cca-4fd3-bc5b-4ea2dbc3232f-GrpcLogAppender is already stopped
2025-05-14 02:54:41,045 [grpc-default-executor-2] INFO  server.GrpcLogAppender (GrpcLogAppender.java:onError(537)) - d4e44fd7-0e23-4e4f-bc30-0c7965de497d@group-DC6000F9F072->c77e66e9-1cca-4fd3-bc5b-4ea2dbc3232f-GrpcLogAppender is already stopped
2025-05-14 02:54:41,045 [grpc-default-executor-7] INFO  server.GrpcLogAppender (GrpcLogAppender.java:onError(537)) - d4e44fd7-0e23-4e4f-bc30-0c7965de497d@group-DC6000F9F072->c77e66e9-1cca-4fd3-bc5b-4ea2dbc3232f-GrpcLogAppender is already stopped
2025-05-14 02:54:41,045 [grpc-default-executor-8] INFO  server.GrpcLogAppender (GrpcLogAppender.java:onError(537)) - d4e44fd7-0e23-4e4f-bc30-0c7965de497d@group-DC6000F9F072->c77e66e9-1cca-4fd3-bc5b-4ea2dbc3232f-GrpcLogAppender is already stopped
2025-05-14 02:54:41,046 [main] INFO  server.GrpcService (GrpcService.java:closeImpl(352)) - c77e66e9-1cca-4fd3-bc5b-4ea2dbc3232f: shutdown server org.apache.ratis.grpc.server.GrpcAdminProtocolService successfully
2025-05-14 02:54:41,049 [c77e66e9-1cca-4fd3-bc5b-4ea2dbc3232f-NettyServerStreamRpc-bossGroup--thread1] INFO  logging.LoggingHandler (AbstractInternalLogger.java:log(148)) - [id: 0x97d951b6, L:/0.0.0.0:15056] CLOSE
2025-05-14 02:54:41,049 [c77e66e9-1cca-4fd3-bc5b-4ea2dbc3232f-NettyServerStreamRpc-bossGroup--thread1] INFO  logging.LoggingHandler (AbstractInternalLogger.java:log(148)) - [id: 0x97d951b6, L:/0.0.0.0:15056] INACTIVE
2025-05-14 02:54:41,049 [c77e66e9-1cca-4fd3-bc5b-4ea2dbc3232f-NettyServerStreamRpc-bossGroup--thread1] INFO  logging.LoggingHandler (AbstractInternalLogger.java:log(148)) - [id: 0x97d951b6, L:/0.0.0.0:15056] UNREGISTERED
2025-05-14 02:54:41,053 [JvmPauseMonitor8] INFO  util.JvmPauseMonitor (JvmPauseMonitor.java:run(152)) - JvmPauseMonitor-c77e66e9-1cca-4fd3-bc5b-4ea2dbc3232f: Stopped
2025-05-14 02:54:43,056 [main] INFO  utils.DatanodeStoreCache (DatanodeStoreCache.java:shutdownCache(114)) - Skip clearing cache in mini cluster mode. Entries left: [/home/runner/work/ozone/ozone/hadoop-ozone/integration-test/target/test-dir/MiniOzoneClusterImpl-af940217-b311-440f-8e09-352fdf66236b/ozone-meta/datanode-1/data-0/hdds/af940217-b311-440f-8e09-352fdf66236b/DS-4de90323-408a-40d8-9ac8-4ec07be04fd5/container.db, /home/runner/work/ozone/ozone/hadoop-ozone/integration-test/target/test-dir/MiniOzoneClusterImpl-af940217-b311-440f-8e09-352fdf66236b/ozone-meta/datanode-10/data-0/hdds/af940217-b311-440f-8e09-352fdf66236b/DS-79c90bcd-b1e2-4ee7-aa2a-1a465bae35ac/container.db, /home/runner/work/ozone/ozone/hadoop-ozone/integration-test/target/test-dir/MiniOzoneClusterImpl-af940217-b311-440f-8e09-352fdf66236b/ozone-meta/datanode-2/data-0/hdds/af940217-b311-440f-8e09-352fdf66236b/DS-8ef4fdd9-98d1-4096-aeef-eb96c64f984c/container.db, /home/runner/work/ozone/ozone/hadoop-ozone/integration-test/target/test-dir/MiniOzoneClusterImpl-af940217-b311-440f-8e09-352fdf66236b/ozone-meta/datanode-3/data-0/hdds/af940217-b311-440f-8e09-352fdf66236b/DS-26f4d4de-cdbb-401e-a797-db4b81696bab/container.db, /home/runner/work/ozone/ozone/hadoop-ozone/integration-test/target/test-dir/MiniOzoneClusterImpl-af940217-b311-440f-8e09-352fdf66236b/ozone-meta/datanode-4/data-0/hdds/af940217-b311-440f-8e09-352fdf66236b/DS-2decae38-ed21-4c86-84f1-da09da4cbb90/container.db, /home/runner/work/ozone/ozone/hadoop-ozone/integration-test/target/test-dir/MiniOzoneClusterImpl-af940217-b311-440f-8e09-352fdf66236b/ozone-meta/datanode-5/data-0/hdds/af940217-b311-440f-8e09-352fdf66236b/DS-b55f785c-ea49-400a-b6dd-332e41d8f50e/container.db, /home/runner/work/ozone/ozone/hadoop-ozone/integration-test/target/test-dir/MiniOzoneClusterImpl-af940217-b311-440f-8e09-352fdf66236b/ozone-meta/datanode-6/data-0/hdds/af940217-b311-440f-8e09-352fdf66236b/DS-26be9c44-7a52-48a4-85a6-05c4c5209829/container.db, /home/runner/work/ozone/ozone/hadoop-ozone/integration-test/target/test-dir/MiniOzoneClusterImpl-af940217-b311-440f-8e09-352fdf66236b/ozone-meta/datanode-7/data-0/hdds/af940217-b311-440f-8e09-352fdf66236b/DS-d4029e6e-a371-4b9f-8303-47709ad6101c/container.db, /home/runner/work/ozone/ozone/hadoop-ozone/integration-test/target/test-dir/MiniOzoneClusterImpl-af940217-b311-440f-8e09-352fdf66236b/ozone-meta/datanode-8/data-0/hdds/af940217-b311-440f-8e09-352fdf66236b/DS-5de1cb22-16a6-41ea-abd1-46bb6e984e2a/container.db, /home/runner/work/ozone/ozone/hadoop-ozone/integration-test/target/test-dir/MiniOzoneClusterImpl-af940217-b311-440f-8e09-352fdf66236b/ozone-meta/datanode-9/data-0/hdds/af940217-b311-440f-8e09-352fdf66236b/DS-53aac37c-23a8-458c-a3b5-88149012e54d/container.db]
2025-05-14 02:54:43,057 [main] INFO  utils.DatanodeStoreCache (DatanodeStoreCache.java:removeDB(108)) - Removed db /home/runner/work/ozone/ozone/hadoop-ozone/integration-test/target/test-dir/MiniOzoneClusterImpl-af940217-b311-440f-8e09-352fdf66236b/ozone-meta/datanode-6/data-0/hdds/af940217-b311-440f-8e09-352fdf66236b/DS-26be9c44-7a52-48a4-85a6-05c4c5209829/container.db from cache
2025-05-14 02:54:43,057 [main] INFO  volume.HddsVolume (HddsVolume.java:closeDbStore(543)) - SchemaV3 db is stopped at /home/runner/work/ozone/ozone/hadoop-ozone/integration-test/target/test-dir/MiniOzoneClusterImpl-af940217-b311-440f-8e09-352fdf66236b/ozone-meta/datanode-6/data-0/hdds/af940217-b311-440f-8e09-352fdf66236b/DS-26be9c44-7a52-48a4-85a6-05c4c5209829/container.db for volume DS-26be9c44-7a52-48a4-85a6-05c4c5209829
2025-05-14 02:54:43,057 [main] INFO  utils.BackgroundService (BackgroundService.java:shutdown(160)) - Shutting down service BlockDeletingService
2025-05-14 02:54:43,058 [main] INFO  utils.BackgroundService (BackgroundService.java:shutdown(160)) - Shutting down service StaleRecoveringContainerScrubbingService
2025-05-14 02:54:43,059 [main] INFO  statemachine.DatanodeStateMachine (DatanodeStateMachine.java:stopDaemon(630)) - Ozone container server stopped.
2025-05-14 02:54:43,072 [main] INFO  handler.ContextHandler (ContextHandler.java:doStop(1159)) - Stopped o.e.j.w.WebAppContext@7cc5d803{hddsDatanode,/,null,STOPPED}{jar:file:/home/runner/work/ozone/ozone/hadoop-hdds/container-service/target/hdds-container-service-2.1.0-SNAPSHOT.jar!/webapps/hddsDatanode}
2025-05-14 02:54:43,073 [main] INFO  server.AbstractConnector (AbstractConnector.java:doStop(383)) - Stopped ServerConnector@661fb92c{HTTP/1.1, (http/1.1)}{0.0.0.0:15050}
2025-05-14 02:54:43,073 [main] INFO  server.session (HouseKeeper.java:stopScavenging(149)) - node0 Stopped scavenging
2025-05-14 02:54:43,073 [main] INFO  handler.ContextHandler (ContextHandler.java:doStop(1159)) - Stopped o.e.j.s.ServletContextHandler@3b7f8fd5{static,/static,jar:file:/home/runner/work/ozone/ozone/hadoop-hdds/container-service/target/hdds-container-service-2.1.0-SNAPSHOT.jar!/webapps/static,STOPPED}
2025-05-14 02:54:43,073 [main] INFO  handler.ContextHandler (ContextHandler.java:doStop(1159)) - Stopped o.e.j.s.ServletContextHandler@6b3fa2ef{logs,/logs,file:///home/runner/work/ozone/ozone/hadoop-ozone/integration-test/target/log,STOPPED}
2025-05-14 02:54:43,074 [main] INFO  ozone.HddsDatanodeClientProtocolServer (HddsDatanodeClientProtocolServer.java:stop(82)) - Stopping the RPC server for Client Protocol
2025-05-14 02:54:43,074 [main] INFO  ipc.Server (Server.java:stop(3697)) - Stopping server on 15051
2025-05-14 02:54:43,076 [IPC Server listener on 15051] INFO  ipc.Server (Server.java:run(1585)) - Stopping IPC Server listener on 15051
2025-05-14 02:54:43,076 [IPC Server Responder] INFO  ipc.Server (Server.java:run(1718)) - Stopping IPC Server Responder
2025-05-14 02:54:43,076 [main] INFO  ozone.MiniOzoneClusterImpl (MiniOzoneClusterImpl.java:lambda$waitForHddsDatanodeToStop$3(341)) - Waiting on datanode to be marked stale.
2025-05-14 02:54:44,077 [main] INFO  ozone.MiniOzoneClusterImpl (MiniOzoneClusterImpl.java:lambda$waitForHddsDatanodeToStop$3(341)) - Waiting on datanode to be marked stale.
2025-05-14 02:54:45,077 [main] INFO  ozone.MiniOzoneClusterImpl (MiniOzoneClusterImpl.java:lambda$waitForHddsDatanodeToStop$3(341)) - Waiting on datanode to be marked stale.
2025-05-14 02:54:45,270 [d4e44fd7-0e23-4e4f-bc30-0c7965de497d@group-90B7BBECBC71-FollowerState] INFO  impl.FollowerState (FollowerState.java:runImpl(161)) - d4e44fd7-0e23-4e4f-bc30-0c7965de497d@group-90B7BBECBC71-FollowerState: change to CANDIDATE, lastRpcElapsedTime:7931456767ns, electionTimeout:5107ms
2025-05-14 02:54:45,270 [d4e44fd7-0e23-4e4f-bc30-0c7965de497d@group-90B7BBECBC71-FollowerState] INFO  impl.RoleInfo (RoleInfo.java:shutdownFollowerState(121)) - d4e44fd7-0e23-4e4f-bc30-0c7965de497d: shutdown d4e44fd7-0e23-4e4f-bc30-0c7965de497d@group-90B7BBECBC71-FollowerState
2025-05-14 02:54:45,270 [d4e44fd7-0e23-4e4f-bc30-0c7965de497d@group-90B7BBECBC71-FollowerState] INFO  server.RaftServer$Division (RaftServerImpl.java:setRole(378)) - d4e44fd7-0e23-4e4f-bc30-0c7965de497d@group-90B7BBECBC71: changes role from  FOLLOWER to CANDIDATE at term 2 for changeToCandidate
2025-05-14 02:54:45,270 [d4e44fd7-0e23-4e4f-bc30-0c7965de497d@group-90B7BBECBC71-FollowerState] INFO  server.RaftServerConfigKeys (ConfUtils.java:logGet(46)) - raft.server.leaderelection.pre-vote = true (default)
2025-05-14 02:54:45,271 [d4e44fd7-0e23-4e4f-bc30-0c7965de497d@group-90B7BBECBC71-FollowerState] INFO  impl.RoleInfo (RoleInfo.java:updateAndGet(148)) - d4e44fd7-0e23-4e4f-bc30-0c7965de497d: start d4e44fd7-0e23-4e4f-bc30-0c7965de497d@group-90B7BBECBC71-LeaderElection24
2025-05-14 02:54:45,271 [d4e44fd7-0e23-4e4f-bc30-0c7965de497d@group-90B7BBECBC71-LeaderElection24] INFO  server.RaftServer$Division (ServerState.java:setLeader(272)) - d4e44fd7-0e23-4e4f-bc30-0c7965de497d@group-90B7BBECBC71: change Leader from c77e66e9-1cca-4fd3-bc5b-4ea2dbc3232f to null at term 2 for PRE_VOTE
2025-05-14 02:54:45,271 [d4e44fd7-0e23-4e4f-bc30-0c7965de497d@group-90B7BBECBC71-LeaderElection24] INFO  impl.LeaderElection (LeaderElection.java:askForVotes(332)) - d4e44fd7-0e23-4e4f-bc30-0c7965de497d@group-90B7BBECBC71-LeaderElection24 PRE_VOTE round 0: submit vote requests at term 2 for conf: {index: 11, cur=peers:[d4e44fd7-0e23-4e4f-bc30-0c7965de497d|127.0.0.1:15039, e44b5a69-92f9-40f4-85c9-712e1c637b62|127.0.0.1:15047, c77e66e9-1cca-4fd3-bc5b-4ea2dbc3232f|127.0.0.1:15055]|listeners:[], old=null}
2025-05-14 02:54:45,274 [grpc-default-executor-7] WARN  server.GrpcServerProtocolService (LogUtils.java:warn(123)) - e44b5a69-92f9-40f4-85c9-712e1c637b62: Failed requestVote d4e44fd7-0e23-4e4f-bc30-0c7965de497d->e44b5a69-92f9-40f4-85c9-712e1c637b62#0
org.apache.ratis.protocol.exceptions.GroupMismatchException: e44b5a69-92f9-40f4-85c9-712e1c637b62: group-90B7BBECBC71 not found.
	at org.apache.ratis.server.impl.RaftServerProxy$ImplMap.get(RaftServerProxy.java:155)
	at org.apache.ratis.server.impl.RaftServerProxy.getImplFuture(RaftServerProxy.java:365)
	at org.apache.ratis.server.impl.RaftServerProxy.getImpl(RaftServerProxy.java:374)
	at org.apache.ratis.server.impl.RaftServerProxy.getImpl(RaftServerProxy.java:369)
	at org.apache.ratis.server.impl.RaftServerProxy.requestVote(RaftServerProxy.java:633)
	at org.apache.ratis.grpc.server.GrpcServerProtocolService.requestVote(GrpcServerProtocolService.java:192)
	at org.apache.ratis.proto.grpc.RaftServerProtocolServiceGrpc$MethodHandlers.invoke(RaftServerProtocolServiceGrpc.java:428)
	at org.apache.ratis.thirdparty.io.grpc.stub.ServerCalls$UnaryServerCallHandler$UnaryServerCallListener.onHalfClose(ServerCalls.java:182)
	at org.apache.ratis.thirdparty.io.grpc.internal.ServerCallImpl$ServerStreamListenerImpl.halfClosed(ServerCallImpl.java:351)
	at org.apache.ratis.thirdparty.io.grpc.internal.ServerImpl$JumpToApplicationThreadServerStreamListener$1HalfClosed.runInContext(ServerImpl.java:860)
	at org.apache.ratis.thirdparty.io.grpc.internal.ContextRunnable.run(ContextRunnable.java:37)
	at org.apache.ratis.thirdparty.io.grpc.internal.SerializingExecutor.run(SerializingExecutor.java:133)
	at java.base/java.util.concurrent.ThreadPoolExecutor.runWorker(ThreadPoolExecutor.java:1144)
	at java.base/java.util.concurrent.ThreadPoolExecutor$Worker.run(ThreadPoolExecutor.java:642)
	at java.base/java.lang.Thread.run(Thread.java:1583)
2025-05-14 02:54:45,275 [d4e44fd7-0e23-4e4f-bc30-0c7965de497d@group-90B7BBECBC71-LeaderElection24] INFO  impl.LeaderElection (LogUtils.java:infoOrTrace(136)) - d4e44fd7-0e23-4e4f-bc30-0c7965de497d@group-90B7BBECBC71-LeaderElection24 got exception when requesting votes: java.util.concurrent.ExecutionException: org.apache.ratis.thirdparty.io.grpc.StatusRuntimeException: UNAVAILABLE: io exception
2025-05-14 02:54:45,276 [d4e44fd7-0e23-4e4f-bc30-0c7965de497d@group-90B7BBECBC71-LeaderElection24] INFO  impl.LeaderElection (LogUtils.java:infoOrTrace(136)) - d4e44fd7-0e23-4e4f-bc30-0c7965de497d@group-90B7BBECBC71-LeaderElection24 got exception when requesting votes: java.util.concurrent.ExecutionException: org.apache.ratis.thirdparty.io.grpc.StatusRuntimeException: INTERNAL: e44b5a69-92f9-40f4-85c9-712e1c637b62: group-90B7BBECBC71 not found.
2025-05-14 02:54:45,276 [d4e44fd7-0e23-4e4f-bc30-0c7965de497d@group-90B7BBECBC71-LeaderElection24] INFO  impl.LeaderElection (LeaderElection.java:logAndReturn(90)) - d4e44fd7-0e23-4e4f-bc30-0c7965de497d@group-90B7BBECBC71-LeaderElection24: PRE_VOTE REJECTED received 0 response(s) and 2 exception(s):
2025-05-14 02:54:45,276 [d4e44fd7-0e23-4e4f-bc30-0c7965de497d@group-90B7BBECBC71-LeaderElection24] INFO  impl.LeaderElection (LogUtils.java:infoOrTrace(136)) -   Exception 0: java.util.concurrent.ExecutionException: org.apache.ratis.thirdparty.io.grpc.StatusRuntimeException: UNAVAILABLE: io exception
2025-05-14 02:54:45,276 [d4e44fd7-0e23-4e4f-bc30-0c7965de497d@group-90B7BBECBC71-LeaderElection24] INFO  impl.LeaderElection (LogUtils.java:infoOrTrace(136)) -   Exception 1: java.util.concurrent.ExecutionException: org.apache.ratis.thirdparty.io.grpc.StatusRuntimeException: INTERNAL: e44b5a69-92f9-40f4-85c9-712e1c637b62: group-90B7BBECBC71 not found.
2025-05-14 02:54:45,276 [d4e44fd7-0e23-4e4f-bc30-0c7965de497d@group-90B7BBECBC71-LeaderElection24] INFO  impl.LeaderElection (LeaderElection.java:askForVotes(334)) - d4e44fd7-0e23-4e4f-bc30-0c7965de497d@group-90B7BBECBC71-LeaderElection24 PRE_VOTE round 0: result REJECTED
2025-05-14 02:54:45,276 [d4e44fd7-0e23-4e4f-bc30-0c7965de497d@group-90B7BBECBC71-LeaderElection24] INFO  server.RaftServer$Division (RaftServerImpl.java:setRole(378)) - d4e44fd7-0e23-4e4f-bc30-0c7965de497d@group-90B7BBECBC71: changes role from CANDIDATE to FOLLOWER at term 2 for REJECTED
2025-05-14 02:54:45,276 [d4e44fd7-0e23-4e4f-bc30-0c7965de497d@group-90B7BBECBC71-LeaderElection24] INFO  impl.RoleInfo (RoleInfo.java:shutdownLeaderElection(141)) - d4e44fd7-0e23-4e4f-bc30-0c7965de497d: shutdown d4e44fd7-0e23-4e4f-bc30-0c7965de497d@group-90B7BBECBC71-LeaderElection24
2025-05-14 02:54:45,276 [d4e44fd7-0e23-4e4f-bc30-0c7965de497d@group-90B7BBECBC71-LeaderElection24] INFO  impl.RoleInfo (RoleInfo.java:updateAndGet(148)) - d4e44fd7-0e23-4e4f-bc30-0c7965de497d: start d4e44fd7-0e23-4e4f-bc30-0c7965de497d@group-90B7BBECBC71-FollowerState
2025-05-14 02:54:46,077 [main] INFO  ozone.MiniOzoneClusterImpl (MiniOzoneClusterImpl.java:lambda$waitForHddsDatanodeToStop$3(341)) - Waiting on datanode to be marked stale.
2025-05-14 02:54:47,077 [main] INFO  ozone.MiniOzoneClusterImpl (MiniOzoneClusterImpl.java:lambda$waitForHddsDatanodeToStop$3(341)) - Waiting on datanode to be marked stale.
2025-05-14 02:54:48,078 [main] INFO  ozone.MiniOzoneClusterImpl (MiniOzoneClusterImpl.java:lambda$waitForHddsDatanodeToStop$3(341)) - Waiting on datanode to be marked stale.
2025-05-14 02:54:49,078 [main] INFO  ozone.MiniOzoneClusterImpl (MiniOzoneClusterImpl.java:lambda$waitForHddsDatanodeToStop$3(341)) - Waiting on datanode to be marked stale.
2025-05-14 02:54:50,078 [main] INFO  ozone.MiniOzoneClusterImpl (MiniOzoneClusterImpl.java:lambda$waitForHddsDatanodeToStop$3(341)) - Waiting on datanode to be marked stale.
2025-05-14 02:54:50,407 [d4e44fd7-0e23-4e4f-bc30-0c7965de497d@group-90B7BBECBC71-FollowerState] INFO  impl.FollowerState (FollowerState.java:runImpl(161)) - d4e44fd7-0e23-4e4f-bc30-0c7965de497d@group-90B7BBECBC71-FollowerState: change to CANDIDATE, lastRpcElapsedTime:5130354529ns, electionTimeout:5130ms
2025-05-14 02:54:50,407 [d4e44fd7-0e23-4e4f-bc30-0c7965de497d@group-90B7BBECBC71-FollowerState] INFO  impl.RoleInfo (RoleInfo.java:shutdownFollowerState(121)) - d4e44fd7-0e23-4e4f-bc30-0c7965de497d: shutdown d4e44fd7-0e23-4e4f-bc30-0c7965de497d@group-90B7BBECBC71-FollowerState
2025-05-14 02:54:50,407 [d4e44fd7-0e23-4e4f-bc30-0c7965de497d@group-90B7BBECBC71-FollowerState] INFO  server.RaftServer$Division (RaftServerImpl.java:setRole(378)) - d4e44fd7-0e23-4e4f-bc30-0c7965de497d@group-90B7BBECBC71: changes role from  FOLLOWER to CANDIDATE at term 2 for changeToCandidate
2025-05-14 02:54:50,407 [d4e44fd7-0e23-4e4f-bc30-0c7965de497d@group-90B7BBECBC71-FollowerState] INFO  server.RaftServerConfigKeys (ConfUtils.java:logGet(46)) - raft.server.leaderelection.pre-vote = true (default)
2025-05-14 02:54:50,407 [d4e44fd7-0e23-4e4f-bc30-0c7965de497d@group-90B7BBECBC71-FollowerState] INFO  impl.RoleInfo (RoleInfo.java:updateAndGet(148)) - d4e44fd7-0e23-4e4f-bc30-0c7965de497d: start d4e44fd7-0e23-4e4f-bc30-0c7965de497d@group-90B7BBECBC71-LeaderElection25
2025-05-14 02:54:50,407 [d4e44fd7-0e23-4e4f-bc30-0c7965de497d@group-90B7BBECBC71-LeaderElection25] INFO  impl.LeaderElection (LeaderElection.java:askForVotes(332)) - d4e44fd7-0e23-4e4f-bc30-0c7965de497d@group-90B7BBECBC71-LeaderElection25 PRE_VOTE round 0: submit vote requests at term 2 for conf: {index: 11, cur=peers:[d4e44fd7-0e23-4e4f-bc30-0c7965de497d|127.0.0.1:15039, e44b5a69-92f9-40f4-85c9-712e1c637b62|127.0.0.1:15047, c77e66e9-1cca-4fd3-bc5b-4ea2dbc3232f|127.0.0.1:15055]|listeners:[], old=null}
2025-05-14 02:54:50,408 [d4e44fd7-0e23-4e4f-bc30-0c7965de497d@group-90B7BBECBC71-LeaderElection25] INFO  impl.LeaderElection (LogUtils.java:infoOrTrace(136)) - d4e44fd7-0e23-4e4f-bc30-0c7965de497d@group-90B7BBECBC71-LeaderElection25 got exception when requesting votes: java.util.concurrent.ExecutionException: org.apache.ratis.thirdparty.io.grpc.StatusRuntimeException: UNAVAILABLE: io exception
2025-05-14 02:54:50,409 [grpc-default-executor-8] WARN  server.GrpcServerProtocolService (LogUtils.java:warn(123)) - e44b5a69-92f9-40f4-85c9-712e1c637b62: Failed requestVote d4e44fd7-0e23-4e4f-bc30-0c7965de497d->e44b5a69-92f9-40f4-85c9-712e1c637b62#0
org.apache.ratis.protocol.exceptions.GroupMismatchException: e44b5a69-92f9-40f4-85c9-712e1c637b62: group-90B7BBECBC71 not found.
	at org.apache.ratis.server.impl.RaftServerProxy$ImplMap.get(RaftServerProxy.java:155)
	at org.apache.ratis.server.impl.RaftServerProxy.getImplFuture(RaftServerProxy.java:365)
	at org.apache.ratis.server.impl.RaftServerProxy.getImpl(RaftServerProxy.java:374)
	at org.apache.ratis.server.impl.RaftServerProxy.getImpl(RaftServerProxy.java:369)
	at org.apache.ratis.server.impl.RaftServerProxy.requestVote(RaftServerProxy.java:633)
	at org.apache.ratis.grpc.server.GrpcServerProtocolService.requestVote(GrpcServerProtocolService.java:192)
	at org.apache.ratis.proto.grpc.RaftServerProtocolServiceGrpc$MethodHandlers.invoke(RaftServerProtocolServiceGrpc.java:428)
	at org.apache.ratis.thirdparty.io.grpc.stub.ServerCalls$UnaryServerCallHandler$UnaryServerCallListener.onHalfClose(ServerCalls.java:182)
	at org.apache.ratis.thirdparty.io.grpc.internal.ServerCallImpl$ServerStreamListenerImpl.halfClosed(ServerCallImpl.java:351)
	at org.apache.ratis.thirdparty.io.grpc.internal.ServerImpl$JumpToApplicationThreadServerStreamListener$1HalfClosed.runInContext(ServerImpl.java:860)
	at org.apache.ratis.thirdparty.io.grpc.internal.ContextRunnable.run(ContextRunnable.java:37)
	at org.apache.ratis.thirdparty.io.grpc.internal.SerializingExecutor.run(SerializingExecutor.java:133)
	at java.base/java.util.concurrent.ThreadPoolExecutor.runWorker(ThreadPoolExecutor.java:1144)
	at java.base/java.util.concurrent.ThreadPoolExecutor$Worker.run(ThreadPoolExecutor.java:642)
	at java.base/java.lang.Thread.run(Thread.java:1583)
2025-05-14 02:54:50,410 [d4e44fd7-0e23-4e4f-bc30-0c7965de497d@group-90B7BBECBC71-LeaderElection25] INFO  impl.LeaderElection (LogUtils.java:infoOrTrace(136)) - d4e44fd7-0e23-4e4f-bc30-0c7965de497d@group-90B7BBECBC71-LeaderElection25 got exception when requesting votes: java.util.concurrent.ExecutionException: org.apache.ratis.thirdparty.io.grpc.StatusRuntimeException: INTERNAL: e44b5a69-92f9-40f4-85c9-712e1c637b62: group-90B7BBECBC71 not found.
2025-05-14 02:54:50,410 [d4e44fd7-0e23-4e4f-bc30-0c7965de497d@group-90B7BBECBC71-LeaderElection25] INFO  impl.LeaderElection (LeaderElection.java:logAndReturn(90)) - d4e44fd7-0e23-4e4f-bc30-0c7965de497d@group-90B7BBECBC71-LeaderElection25: PRE_VOTE REJECTED received 0 response(s) and 2 exception(s):
2025-05-14 02:54:50,410 [d4e44fd7-0e23-4e4f-bc30-0c7965de497d@group-90B7BBECBC71-LeaderElection25] INFO  impl.LeaderElection (LogUtils.java:infoOrTrace(136)) -   Exception 0: java.util.concurrent.ExecutionException: org.apache.ratis.thirdparty.io.grpc.StatusRuntimeException: UNAVAILABLE: io exception
2025-05-14 02:54:50,410 [d4e44fd7-0e23-4e4f-bc30-0c7965de497d@group-90B7BBECBC71-LeaderElection25] INFO  impl.LeaderElection (LogUtils.java:infoOrTrace(136)) -   Exception 1: java.util.concurrent.ExecutionException: org.apache.ratis.thirdparty.io.grpc.StatusRuntimeException: INTERNAL: e44b5a69-92f9-40f4-85c9-712e1c637b62: group-90B7BBECBC71 not found.
2025-05-14 02:54:50,411 [d4e44fd7-0e23-4e4f-bc30-0c7965de497d@group-90B7BBECBC71-LeaderElection25] INFO  impl.LeaderElection (LeaderElection.java:askForVotes(334)) - d4e44fd7-0e23-4e4f-bc30-0c7965de497d@group-90B7BBECBC71-LeaderElection25 PRE_VOTE round 0: result REJECTED
2025-05-14 02:54:50,411 [d4e44fd7-0e23-4e4f-bc30-0c7965de497d@group-90B7BBECBC71-LeaderElection25] INFO  server.RaftServer$Division (RaftServerImpl.java:setRole(378)) - d4e44fd7-0e23-4e4f-bc30-0c7965de497d@group-90B7BBECBC71: changes role from CANDIDATE to FOLLOWER at term 2 for REJECTED
2025-05-14 02:54:50,411 [d4e44fd7-0e23-4e4f-bc30-0c7965de497d@group-90B7BBECBC71-LeaderElection25] INFO  impl.RoleInfo (RoleInfo.java:shutdownLeaderElection(141)) - d4e44fd7-0e23-4e4f-bc30-0c7965de497d: shutdown d4e44fd7-0e23-4e4f-bc30-0c7965de497d@group-90B7BBECBC71-LeaderElection25
2025-05-14 02:54:50,411 [d4e44fd7-0e23-4e4f-bc30-0c7965de497d@group-90B7BBECBC71-LeaderElection25] INFO  impl.RoleInfo (RoleInfo.java:updateAndGet(148)) - d4e44fd7-0e23-4e4f-bc30-0c7965de497d: start d4e44fd7-0e23-4e4f-bc30-0c7965de497d@group-90B7BBECBC71-FollowerState
2025-05-14 02:54:51,079 [main] INFO  ozone.MiniOzoneClusterImpl (MiniOzoneClusterImpl.java:lambda$waitForHddsDatanodeToStop$3(341)) - Waiting on datanode to be marked stale.
2025-05-14 02:54:52,079 [main] INFO  ozone.MiniOzoneClusterImpl (MiniOzoneClusterImpl.java:lambda$waitForHddsDatanodeToStop$3(341)) - Waiting on datanode to be marked stale.
2025-05-14 02:54:53,079 [main] INFO  ozone.MiniOzoneClusterImpl (MiniOzoneClusterImpl.java:lambda$waitForHddsDatanodeToStop$3(341)) - Waiting on datanode to be marked stale.
2025-05-14 02:54:54,079 [main] INFO  ozone.MiniOzoneClusterImpl (MiniOzoneClusterImpl.java:lambda$waitForHddsDatanodeToStop$3(341)) - Waiting on datanode to be marked stale.
2025-05-14 02:54:55,080 [main] INFO  ozone.MiniOzoneClusterImpl (MiniOzoneClusterImpl.java:lambda$waitForHddsDatanodeToStop$3(341)) - Waiting on datanode to be marked stale.
2025-05-14 02:54:55,518 [d4e44fd7-0e23-4e4f-bc30-0c7965de497d@group-90B7BBECBC71-FollowerState] INFO  impl.FollowerState (FollowerState.java:runImpl(161)) - d4e44fd7-0e23-4e4f-bc30-0c7965de497d@group-90B7BBECBC71-FollowerState: change to CANDIDATE, lastRpcElapsedTime:5107391617ns, electionTimeout:5107ms
2025-05-14 02:54:55,518 [d4e44fd7-0e23-4e4f-bc30-0c7965de497d@group-90B7BBECBC71-FollowerState] INFO  impl.RoleInfo (RoleInfo.java:shutdownFollowerState(121)) - d4e44fd7-0e23-4e4f-bc30-0c7965de497d: shutdown d4e44fd7-0e23-4e4f-bc30-0c7965de497d@group-90B7BBECBC71-FollowerState
2025-05-14 02:54:55,518 [d4e44fd7-0e23-4e4f-bc30-0c7965de497d@group-90B7BBECBC71-FollowerState] INFO  server.RaftServer$Division (RaftServerImpl.java:setRole(378)) - d4e44fd7-0e23-4e4f-bc30-0c7965de497d@group-90B7BBECBC71: changes role from  FOLLOWER to CANDIDATE at term 2 for changeToCandidate
2025-05-14 02:54:55,519 [d4e44fd7-0e23-4e4f-bc30-0c7965de497d@group-90B7BBECBC71-FollowerState] INFO  server.RaftServerConfigKeys (ConfUtils.java:logGet(46)) - raft.server.leaderelection.pre-vote = true (default)
2025-05-14 02:54:55,519 [d4e44fd7-0e23-4e4f-bc30-0c7965de497d@group-90B7BBECBC71-FollowerState] INFO  impl.RoleInfo (RoleInfo.java:updateAndGet(148)) - d4e44fd7-0e23-4e4f-bc30-0c7965de497d: start d4e44fd7-0e23-4e4f-bc30-0c7965de497d@group-90B7BBECBC71-LeaderElection26
2025-05-14 02:54:55,519 [d4e44fd7-0e23-4e4f-bc30-0c7965de497d@group-90B7BBECBC71-LeaderElection26] INFO  impl.LeaderElection (LeaderElection.java:askForVotes(332)) - d4e44fd7-0e23-4e4f-bc30-0c7965de497d@group-90B7BBECBC71-LeaderElection26 PRE_VOTE round 0: submit vote requests at term 2 for conf: {index: 11, cur=peers:[d4e44fd7-0e23-4e4f-bc30-0c7965de497d|127.0.0.1:15039, e44b5a69-92f9-40f4-85c9-712e1c637b62|127.0.0.1:15047, c77e66e9-1cca-4fd3-bc5b-4ea2dbc3232f|127.0.0.1:15055]|listeners:[], old=null}
2025-05-14 02:54:55,520 [d4e44fd7-0e23-4e4f-bc30-0c7965de497d@group-90B7BBECBC71-LeaderElection26] INFO  impl.LeaderElection (LogUtils.java:infoOrTrace(136)) - d4e44fd7-0e23-4e4f-bc30-0c7965de497d@group-90B7BBECBC71-LeaderElection26 got exception when requesting votes: java.util.concurrent.ExecutionException: org.apache.ratis.thirdparty.io.grpc.StatusRuntimeException: UNAVAILABLE: io exception
2025-05-14 02:54:55,521 [grpc-default-executor-8] WARN  server.GrpcServerProtocolService (LogUtils.java:warn(123)) - e44b5a69-92f9-40f4-85c9-712e1c637b62: Failed requestVote d4e44fd7-0e23-4e4f-bc30-0c7965de497d->e44b5a69-92f9-40f4-85c9-712e1c637b62#0
org.apache.ratis.protocol.exceptions.GroupMismatchException: e44b5a69-92f9-40f4-85c9-712e1c637b62: group-90B7BBECBC71 not found.
	at org.apache.ratis.server.impl.RaftServerProxy$ImplMap.get(RaftServerProxy.java:155)
	at org.apache.ratis.server.impl.RaftServerProxy.getImplFuture(RaftServerProxy.java:365)
	at org.apache.ratis.server.impl.RaftServerProxy.getImpl(RaftServerProxy.java:374)
	at org.apache.ratis.server.impl.RaftServerProxy.getImpl(RaftServerProxy.java:369)
	at org.apache.ratis.server.impl.RaftServerProxy.requestVote(RaftServerProxy.java:633)
	at org.apache.ratis.grpc.server.GrpcServerProtocolService.requestVote(GrpcServerProtocolService.java:192)
	at org.apache.ratis.proto.grpc.RaftServerProtocolServiceGrpc$MethodHandlers.invoke(RaftServerProtocolServiceGrpc.java:428)
	at org.apache.ratis.thirdparty.io.grpc.stub.ServerCalls$UnaryServerCallHandler$UnaryServerCallListener.onHalfClose(ServerCalls.java:182)
	at org.apache.ratis.thirdparty.io.grpc.internal.ServerCallImpl$ServerStreamListenerImpl.halfClosed(ServerCallImpl.java:351)
	at org.apache.ratis.thirdparty.io.grpc.internal.ServerImpl$JumpToApplicationThreadServerStreamListener$1HalfClosed.runInContext(ServerImpl.java:860)
	at org.apache.ratis.thirdparty.io.grpc.internal.ContextRunnable.run(ContextRunnable.java:37)
	at org.apache.ratis.thirdparty.io.grpc.internal.SerializingExecutor.run(SerializingExecutor.java:133)
	at java.base/java.util.concurrent.ThreadPoolExecutor.runWorker(ThreadPoolExecutor.java:1144)
	at java.base/java.util.concurrent.ThreadPoolExecutor$Worker.run(ThreadPoolExecutor.java:642)
	at java.base/java.lang.Thread.run(Thread.java:1583)
2025-05-14 02:54:55,522 [d4e44fd7-0e23-4e4f-bc30-0c7965de497d@group-90B7BBECBC71-LeaderElection26] INFO  impl.LeaderElection (LogUtils.java:infoOrTrace(136)) - d4e44fd7-0e23-4e4f-bc30-0c7965de497d@group-90B7BBECBC71-LeaderElection26 got exception when requesting votes: java.util.concurrent.ExecutionException: org.apache.ratis.thirdparty.io.grpc.StatusRuntimeException: INTERNAL: e44b5a69-92f9-40f4-85c9-712e1c637b62: group-90B7BBECBC71 not found.
2025-05-14 02:54:55,522 [d4e44fd7-0e23-4e4f-bc30-0c7965de497d@group-90B7BBECBC71-LeaderElection26] INFO  impl.LeaderElection (LeaderElection.java:logAndReturn(90)) - d4e44fd7-0e23-4e4f-bc30-0c7965de497d@group-90B7BBECBC71-LeaderElection26: PRE_VOTE REJECTED received 0 response(s) and 2 exception(s):
2025-05-14 02:54:55,522 [d4e44fd7-0e23-4e4f-bc30-0c7965de497d@group-90B7BBECBC71-LeaderElection26] INFO  impl.LeaderElection (LogUtils.java:infoOrTrace(136)) -   Exception 0: java.util.concurrent.ExecutionException: org.apache.ratis.thirdparty.io.grpc.StatusRuntimeException: UNAVAILABLE: io exception
2025-05-14 02:54:55,522 [d4e44fd7-0e23-4e4f-bc30-0c7965de497d@group-90B7BBECBC71-LeaderElection26] INFO  impl.LeaderElection (LogUtils.java:infoOrTrace(136)) -   Exception 1: java.util.concurrent.ExecutionException: org.apache.ratis.thirdparty.io.grpc.StatusRuntimeException: INTERNAL: e44b5a69-92f9-40f4-85c9-712e1c637b62: group-90B7BBECBC71 not found.
2025-05-14 02:54:55,522 [d4e44fd7-0e23-4e4f-bc30-0c7965de497d@group-90B7BBECBC71-LeaderElection26] INFO  impl.LeaderElection (LeaderElection.java:askForVotes(334)) - d4e44fd7-0e23-4e4f-bc30-0c7965de497d@group-90B7BBECBC71-LeaderElection26 PRE_VOTE round 0: result REJECTED
2025-05-14 02:54:55,522 [d4e44fd7-0e23-4e4f-bc30-0c7965de497d@group-90B7BBECBC71-LeaderElection26] INFO  server.RaftServer$Division (RaftServerImpl.java:setRole(378)) - d4e44fd7-0e23-4e4f-bc30-0c7965de497d@group-90B7BBECBC71: changes role from CANDIDATE to FOLLOWER at term 2 for REJECTED
2025-05-14 02:54:55,522 [d4e44fd7-0e23-4e4f-bc30-0c7965de497d@group-90B7BBECBC71-LeaderElection26] INFO  impl.RoleInfo (RoleInfo.java:shutdownLeaderElection(141)) - d4e44fd7-0e23-4e4f-bc30-0c7965de497d: shutdown d4e44fd7-0e23-4e4f-bc30-0c7965de497d@group-90B7BBECBC71-LeaderElection26
2025-05-14 02:54:55,522 [d4e44fd7-0e23-4e4f-bc30-0c7965de497d@group-90B7BBECBC71-LeaderElection26] INFO  impl.RoleInfo (RoleInfo.java:updateAndGet(148)) - d4e44fd7-0e23-4e4f-bc30-0c7965de497d: start d4e44fd7-0e23-4e4f-bc30-0c7965de497d@group-90B7BBECBC71-FollowerState
2025-05-14 02:54:56,080 [main] INFO  ozone.MiniOzoneClusterImpl (MiniOzoneClusterImpl.java:lambda$waitForHddsDatanodeToStop$3(341)) - Waiting on datanode to be marked stale.
2025-05-14 02:54:57,080 [main] INFO  ozone.MiniOzoneClusterImpl (MiniOzoneClusterImpl.java:lambda$waitForHddsDatanodeToStop$3(341)) - Waiting on datanode to be marked stale.
2025-05-14 02:54:58,081 [main] INFO  ozone.MiniOzoneClusterImpl (MiniOzoneClusterImpl.java:lambda$waitForHddsDatanodeToStop$3(341)) - Waiting on datanode to be marked stale.
2025-05-14 02:54:59,081 [main] INFO  ozone.MiniOzoneClusterImpl (MiniOzoneClusterImpl.java:lambda$waitForHddsDatanodeToStop$3(341)) - Waiting on datanode to be marked stale.
2025-05-14 02:55:00,081 [main] INFO  ozone.MiniOzoneClusterImpl (MiniOzoneClusterImpl.java:lambda$waitForHddsDatanodeToStop$3(341)) - Waiting on datanode to be marked stale.
2025-05-14 02:55:00,545 [d4e44fd7-0e23-4e4f-bc30-0c7965de497d@group-90B7BBECBC71-FollowerState] INFO  impl.FollowerState (FollowerState.java:runImpl(161)) - d4e44fd7-0e23-4e4f-bc30-0c7965de497d@group-90B7BBECBC71-FollowerState: change to CANDIDATE, lastRpcElapsedTime:5022322664ns, electionTimeout:5022ms
2025-05-14 02:55:00,545 [d4e44fd7-0e23-4e4f-bc30-0c7965de497d@group-90B7BBECBC71-FollowerState] INFO  impl.RoleInfo (RoleInfo.java:shutdownFollowerState(121)) - d4e44fd7-0e23-4e4f-bc30-0c7965de497d: shutdown d4e44fd7-0e23-4e4f-bc30-0c7965de497d@group-90B7BBECBC71-FollowerState
2025-05-14 02:55:00,545 [d4e44fd7-0e23-4e4f-bc30-0c7965de497d@group-90B7BBECBC71-FollowerState] INFO  server.RaftServer$Division (RaftServerImpl.java:setRole(378)) - d4e44fd7-0e23-4e4f-bc30-0c7965de497d@group-90B7BBECBC71: changes role from  FOLLOWER to CANDIDATE at term 2 for changeToCandidate
2025-05-14 02:55:00,545 [d4e44fd7-0e23-4e4f-bc30-0c7965de497d@group-90B7BBECBC71-FollowerState] INFO  server.RaftServerConfigKeys (ConfUtils.java:logGet(46)) - raft.server.leaderelection.pre-vote = true (default)
2025-05-14 02:55:00,545 [d4e44fd7-0e23-4e4f-bc30-0c7965de497d@group-90B7BBECBC71-FollowerState] INFO  impl.RoleInfo (RoleInfo.java:updateAndGet(148)) - d4e44fd7-0e23-4e4f-bc30-0c7965de497d: start d4e44fd7-0e23-4e4f-bc30-0c7965de497d@group-90B7BBECBC71-LeaderElection27
2025-05-14 02:55:00,545 [d4e44fd7-0e23-4e4f-bc30-0c7965de497d@group-90B7BBECBC71-LeaderElection27] INFO  impl.LeaderElection (LeaderElection.java:askForVotes(332)) - d4e44fd7-0e23-4e4f-bc30-0c7965de497d@group-90B7BBECBC71-LeaderElection27 PRE_VOTE round 0: submit vote requests at term 2 for conf: {index: 11, cur=peers:[d4e44fd7-0e23-4e4f-bc30-0c7965de497d|127.0.0.1:15039, e44b5a69-92f9-40f4-85c9-712e1c637b62|127.0.0.1:15047, c77e66e9-1cca-4fd3-bc5b-4ea2dbc3232f|127.0.0.1:15055]|listeners:[], old=null}
2025-05-14 02:55:00,546 [d4e44fd7-0e23-4e4f-bc30-0c7965de497d@group-90B7BBECBC71-LeaderElection27] INFO  impl.LeaderElection (LogUtils.java:infoOrTrace(136)) - d4e44fd7-0e23-4e4f-bc30-0c7965de497d@group-90B7BBECBC71-LeaderElection27 got exception when requesting votes: java.util.concurrent.ExecutionException: org.apache.ratis.thirdparty.io.grpc.StatusRuntimeException: UNAVAILABLE: io exception
2025-05-14 02:55:00,547 [grpc-default-executor-7] WARN  server.GrpcServerProtocolService (LogUtils.java:warn(123)) - e44b5a69-92f9-40f4-85c9-712e1c637b62: Failed requestVote d4e44fd7-0e23-4e4f-bc30-0c7965de497d->e44b5a69-92f9-40f4-85c9-712e1c637b62#0
org.apache.ratis.protocol.exceptions.GroupMismatchException: e44b5a69-92f9-40f4-85c9-712e1c637b62: group-90B7BBECBC71 not found.
	at org.apache.ratis.server.impl.RaftServerProxy$ImplMap.get(RaftServerProxy.java:155)
	at org.apache.ratis.server.impl.RaftServerProxy.getImplFuture(RaftServerProxy.java:365)
	at org.apache.ratis.server.impl.RaftServerProxy.getImpl(RaftServerProxy.java:374)
	at org.apache.ratis.server.impl.RaftServerProxy.getImpl(RaftServerProxy.java:369)
	at org.apache.ratis.server.impl.RaftServerProxy.requestVote(RaftServerProxy.java:633)
	at org.apache.ratis.grpc.server.GrpcServerProtocolService.requestVote(GrpcServerProtocolService.java:192)
	at org.apache.ratis.proto.grpc.RaftServerProtocolServiceGrpc$MethodHandlers.invoke(RaftServerProtocolServiceGrpc.java:428)
	at org.apache.ratis.thirdparty.io.grpc.stub.ServerCalls$UnaryServerCallHandler$UnaryServerCallListener.onHalfClose(ServerCalls.java:182)
	at org.apache.ratis.thirdparty.io.grpc.internal.ServerCallImpl$ServerStreamListenerImpl.halfClosed(ServerCallImpl.java:351)
	at org.apache.ratis.thirdparty.io.grpc.internal.ServerImpl$JumpToApplicationThreadServerStreamListener$1HalfClosed.runInContext(ServerImpl.java:860)
	at org.apache.ratis.thirdparty.io.grpc.internal.ContextRunnable.run(ContextRunnable.java:37)
	at org.apache.ratis.thirdparty.io.grpc.internal.SerializingExecutor.run(SerializingExecutor.java:133)
	at java.base/java.util.concurrent.ThreadPoolExecutor.runWorker(ThreadPoolExecutor.java:1144)
	at java.base/java.util.concurrent.ThreadPoolExecutor$Worker.run(ThreadPoolExecutor.java:642)
	at java.base/java.lang.Thread.run(Thread.java:1583)
2025-05-14 02:55:00,549 [d4e44fd7-0e23-4e4f-bc30-0c7965de497d@group-90B7BBECBC71-LeaderElection27] INFO  impl.LeaderElection (LogUtils.java:infoOrTrace(136)) - d4e44fd7-0e23-4e4f-bc30-0c7965de497d@group-90B7BBECBC71-LeaderElection27 got exception when requesting votes: java.util.concurrent.ExecutionException: org.apache.ratis.thirdparty.io.grpc.StatusRuntimeException: INTERNAL: e44b5a69-92f9-40f4-85c9-712e1c637b62: group-90B7BBECBC71 not found.
2025-05-14 02:55:00,549 [d4e44fd7-0e23-4e4f-bc30-0c7965de497d@group-90B7BBECBC71-LeaderElection27] INFO  impl.LeaderElection (LeaderElection.java:logAndReturn(90)) - d4e44fd7-0e23-4e4f-bc30-0c7965de497d@group-90B7BBECBC71-LeaderElection27: PRE_VOTE REJECTED received 0 response(s) and 2 exception(s):
2025-05-14 02:55:00,549 [d4e44fd7-0e23-4e4f-bc30-0c7965de497d@group-90B7BBECBC71-LeaderElection27] INFO  impl.LeaderElection (LogUtils.java:infoOrTrace(136)) -   Exception 0: java.util.concurrent.ExecutionException: org.apache.ratis.thirdparty.io.grpc.StatusRuntimeException: UNAVAILABLE: io exception
2025-05-14 02:55:00,549 [d4e44fd7-0e23-4e4f-bc30-0c7965de497d@group-90B7BBECBC71-LeaderElection27] INFO  impl.LeaderElection (LogUtils.java:infoOrTrace(136)) -   Exception 1: java.util.concurrent.ExecutionException: org.apache.ratis.thirdparty.io.grpc.StatusRuntimeException: INTERNAL: e44b5a69-92f9-40f4-85c9-712e1c637b62: group-90B7BBECBC71 not found.
2025-05-14 02:55:00,549 [d4e44fd7-0e23-4e4f-bc30-0c7965de497d@group-90B7BBECBC71-LeaderElection27] INFO  impl.LeaderElection (LeaderElection.java:askForVotes(334)) - d4e44fd7-0e23-4e4f-bc30-0c7965de497d@group-90B7BBECBC71-LeaderElection27 PRE_VOTE round 0: result REJECTED
2025-05-14 02:55:00,549 [d4e44fd7-0e23-4e4f-bc30-0c7965de497d@group-90B7BBECBC71-LeaderElection27] INFO  server.RaftServer$Division (RaftServerImpl.java:setRole(378)) - d4e44fd7-0e23-4e4f-bc30-0c7965de497d@group-90B7BBECBC71: changes role from CANDIDATE to FOLLOWER at term 2 for REJECTED
2025-05-14 02:55:00,549 [d4e44fd7-0e23-4e4f-bc30-0c7965de497d@group-90B7BBECBC71-LeaderElection27] INFO  impl.RoleInfo (RoleInfo.java:shutdownLeaderElection(141)) - d4e44fd7-0e23-4e4f-bc30-0c7965de497d: shutdown d4e44fd7-0e23-4e4f-bc30-0c7965de497d@group-90B7BBECBC71-LeaderElection27
2025-05-14 02:55:00,549 [d4e44fd7-0e23-4e4f-bc30-0c7965de497d@group-90B7BBECBC71-LeaderElection27] INFO  impl.RoleInfo (RoleInfo.java:updateAndGet(148)) - d4e44fd7-0e23-4e4f-bc30-0c7965de497d: start d4e44fd7-0e23-4e4f-bc30-0c7965de497d@group-90B7BBECBC71-FollowerState
2025-05-14 02:55:01,082 [main] INFO  ozone.MiniOzoneClusterImpl (MiniOzoneClusterImpl.java:lambda$waitForHddsDatanodeToStop$3(341)) - Waiting on datanode to be marked stale.
2025-05-14 02:55:02,082 [main] INFO  ozone.MiniOzoneClusterImpl (MiniOzoneClusterImpl.java:lambda$waitForHddsDatanodeToStop$3(341)) - Waiting on datanode to be marked stale.
2025-05-14 02:55:03,082 [main] INFO  ozone.MiniOzoneClusterImpl (MiniOzoneClusterImpl.java:lambda$waitForHddsDatanodeToStop$3(341)) - Waiting on datanode to be marked stale.
2025-05-14 02:55:04,082 [main] INFO  ozone.MiniOzoneClusterImpl (MiniOzoneClusterImpl.java:lambda$waitForHddsDatanodeToStop$3(341)) - Waiting on datanode to be marked stale.
2025-05-14 02:55:05,083 [main] INFO  ozone.MiniOzoneClusterImpl (MiniOzoneClusterImpl.java:lambda$waitForHddsDatanodeToStop$3(341)) - Waiting on datanode to be marked stale.
2025-05-14 02:55:05,677 [d4e44fd7-0e23-4e4f-bc30-0c7965de497d@group-90B7BBECBC71-FollowerState] INFO  impl.FollowerState (FollowerState.java:runImpl(161)) - d4e44fd7-0e23-4e4f-bc30-0c7965de497d@group-90B7BBECBC71-FollowerState: change to CANDIDATE, lastRpcElapsedTime:5128331930ns, electionTimeout:5128ms
2025-05-14 02:55:05,677 [d4e44fd7-0e23-4e4f-bc30-0c7965de497d@group-90B7BBECBC71-FollowerState] INFO  impl.RoleInfo (RoleInfo.java:shutdownFollowerState(121)) - d4e44fd7-0e23-4e4f-bc30-0c7965de497d: shutdown d4e44fd7-0e23-4e4f-bc30-0c7965de497d@group-90B7BBECBC71-FollowerState
2025-05-14 02:55:05,677 [d4e44fd7-0e23-4e4f-bc30-0c7965de497d@group-90B7BBECBC71-FollowerState] INFO  server.RaftServer$Division (RaftServerImpl.java:setRole(378)) - d4e44fd7-0e23-4e4f-bc30-0c7965de497d@group-90B7BBECBC71: changes role from  FOLLOWER to CANDIDATE at term 2 for changeToCandidate
2025-05-14 02:55:05,678 [d4e44fd7-0e23-4e4f-bc30-0c7965de497d@group-90B7BBECBC71-FollowerState] INFO  server.RaftServerConfigKeys (ConfUtils.java:logGet(46)) - raft.server.leaderelection.pre-vote = true (default)
2025-05-14 02:55:05,678 [d4e44fd7-0e23-4e4f-bc30-0c7965de497d@group-90B7BBECBC71-FollowerState] INFO  impl.RoleInfo (RoleInfo.java:updateAndGet(148)) - d4e44fd7-0e23-4e4f-bc30-0c7965de497d: start d4e44fd7-0e23-4e4f-bc30-0c7965de497d@group-90B7BBECBC71-LeaderElection28
2025-05-14 02:55:05,678 [d4e44fd7-0e23-4e4f-bc30-0c7965de497d@group-90B7BBECBC71-LeaderElection28] INFO  impl.LeaderElection (LeaderElection.java:askForVotes(332)) - d4e44fd7-0e23-4e4f-bc30-0c7965de497d@group-90B7BBECBC71-LeaderElection28 PRE_VOTE round 0: submit vote requests at term 2 for conf: {index: 11, cur=peers:[d4e44fd7-0e23-4e4f-bc30-0c7965de497d|127.0.0.1:15039, e44b5a69-92f9-40f4-85c9-712e1c637b62|127.0.0.1:15047, c77e66e9-1cca-4fd3-bc5b-4ea2dbc3232f|127.0.0.1:15055]|listeners:[], old=null}
2025-05-14 02:55:05,679 [d4e44fd7-0e23-4e4f-bc30-0c7965de497d@group-90B7BBECBC71-LeaderElection28] INFO  impl.LeaderElection (LogUtils.java:infoOrTrace(136)) - d4e44fd7-0e23-4e4f-bc30-0c7965de497d@group-90B7BBECBC71-LeaderElection28 got exception when requesting votes: java.util.concurrent.ExecutionException: org.apache.ratis.thirdparty.io.grpc.StatusRuntimeException: UNAVAILABLE: io exception
2025-05-14 02:55:05,680 [grpc-default-executor-8] WARN  server.GrpcServerProtocolService (LogUtils.java:warn(123)) - e44b5a69-92f9-40f4-85c9-712e1c637b62: Failed requestVote d4e44fd7-0e23-4e4f-bc30-0c7965de497d->e44b5a69-92f9-40f4-85c9-712e1c637b62#0
org.apache.ratis.protocol.exceptions.GroupMismatchException: e44b5a69-92f9-40f4-85c9-712e1c637b62: group-90B7BBECBC71 not found.
	at org.apache.ratis.server.impl.RaftServerProxy$ImplMap.get(RaftServerProxy.java:155)
	at org.apache.ratis.server.impl.RaftServerProxy.getImplFuture(RaftServerProxy.java:365)
	at org.apache.ratis.server.impl.RaftServerProxy.getImpl(RaftServerProxy.java:374)
	at org.apache.ratis.server.impl.RaftServerProxy.getImpl(RaftServerProxy.java:369)
	at org.apache.ratis.server.impl.RaftServerProxy.requestVote(RaftServerProxy.java:633)
	at org.apache.ratis.grpc.server.GrpcServerProtocolService.requestVote(GrpcServerProtocolService.java:192)
	at org.apache.ratis.proto.grpc.RaftServerProtocolServiceGrpc$MethodHandlers.invoke(RaftServerProtocolServiceGrpc.java:428)
	at org.apache.ratis.thirdparty.io.grpc.stub.ServerCalls$UnaryServerCallHandler$UnaryServerCallListener.onHalfClose(ServerCalls.java:182)
	at org.apache.ratis.thirdparty.io.grpc.internal.ServerCallImpl$ServerStreamListenerImpl.halfClosed(ServerCallImpl.java:351)
	at org.apache.ratis.thirdparty.io.grpc.internal.ServerImpl$JumpToApplicationThreadServerStreamListener$1HalfClosed.runInContext(ServerImpl.java:860)
	at org.apache.ratis.thirdparty.io.grpc.internal.ContextRunnable.run(ContextRunnable.java:37)
	at org.apache.ratis.thirdparty.io.grpc.internal.SerializingExecutor.run(SerializingExecutor.java:133)
	at java.base/java.util.concurrent.ThreadPoolExecutor.runWorker(ThreadPoolExecutor.java:1144)
	at java.base/java.util.concurrent.ThreadPoolExecutor$Worker.run(ThreadPoolExecutor.java:642)
	at java.base/java.lang.Thread.run(Thread.java:1583)
2025-05-14 02:55:05,681 [d4e44fd7-0e23-4e4f-bc30-0c7965de497d@group-90B7BBECBC71-LeaderElection28] INFO  impl.LeaderElection (LogUtils.java:infoOrTrace(136)) - d4e44fd7-0e23-4e4f-bc30-0c7965de497d@group-90B7BBECBC71-LeaderElection28 got exception when requesting votes: java.util.concurrent.ExecutionException: org.apache.ratis.thirdparty.io.grpc.StatusRuntimeException: INTERNAL: e44b5a69-92f9-40f4-85c9-712e1c637b62: group-90B7BBECBC71 not found.
2025-05-14 02:55:05,681 [d4e44fd7-0e23-4e4f-bc30-0c7965de497d@group-90B7BBECBC71-LeaderElection28] INFO  impl.LeaderElection (LeaderElection.java:logAndReturn(90)) - d4e44fd7-0e23-4e4f-bc30-0c7965de497d@group-90B7BBECBC71-LeaderElection28: PRE_VOTE REJECTED received 0 response(s) and 2 exception(s):
2025-05-14 02:55:05,681 [d4e44fd7-0e23-4e4f-bc30-0c7965de497d@group-90B7BBECBC71-LeaderElection28] INFO  impl.LeaderElection (LogUtils.java:infoOrTrace(136)) -   Exception 0: java.util.concurrent.ExecutionException: org.apache.ratis.thirdparty.io.grpc.StatusRuntimeException: UNAVAILABLE: io exception
2025-05-14 02:55:05,681 [d4e44fd7-0e23-4e4f-bc30-0c7965de497d@group-90B7BBECBC71-LeaderElection28] INFO  impl.LeaderElection (LogUtils.java:infoOrTrace(136)) -   Exception 1: java.util.concurrent.ExecutionException: org.apache.ratis.thirdparty.io.grpc.StatusRuntimeException: INTERNAL: e44b5a69-92f9-40f4-85c9-712e1c637b62: group-90B7BBECBC71 not found.
2025-05-14 02:55:05,681 [d4e44fd7-0e23-4e4f-bc30-0c7965de497d@group-90B7BBECBC71-LeaderElection28] INFO  impl.LeaderElection (LeaderElection.java:askForVotes(334)) - d4e44fd7-0e23-4e4f-bc30-0c7965de497d@group-90B7BBECBC71-LeaderElection28 PRE_VOTE round 0: result REJECTED
2025-05-14 02:55:05,681 [d4e44fd7-0e23-4e4f-bc30-0c7965de497d@group-90B7BBECBC71-LeaderElection28] INFO  server.RaftServer$Division (RaftServerImpl.java:setRole(378)) - d4e44fd7-0e23-4e4f-bc30-0c7965de497d@group-90B7BBECBC71: changes role from CANDIDATE to FOLLOWER at term 2 for REJECTED
2025-05-14 02:55:05,681 [d4e44fd7-0e23-4e4f-bc30-0c7965de497d@group-90B7BBECBC71-LeaderElection28] INFO  impl.RoleInfo (RoleInfo.java:shutdownLeaderElection(141)) - d4e44fd7-0e23-4e4f-bc30-0c7965de497d: shutdown d4e44fd7-0e23-4e4f-bc30-0c7965de497d@group-90B7BBECBC71-LeaderElection28
2025-05-14 02:55:05,681 [d4e44fd7-0e23-4e4f-bc30-0c7965de497d@group-90B7BBECBC71-LeaderElection28] INFO  impl.RoleInfo (RoleInfo.java:updateAndGet(148)) - d4e44fd7-0e23-4e4f-bc30-0c7965de497d: start d4e44fd7-0e23-4e4f-bc30-0c7965de497d@group-90B7BBECBC71-FollowerState
2025-05-14 02:55:06,083 [main] INFO  ozone.MiniOzoneClusterImpl (MiniOzoneClusterImpl.java:lambda$waitForHddsDatanodeToStop$3(341)) - Waiting on datanode to be marked stale.
2025-05-14 02:55:07,083 [main] INFO  ozone.MiniOzoneClusterImpl (MiniOzoneClusterImpl.java:lambda$waitForHddsDatanodeToStop$3(341)) - Waiting on datanode to be marked stale.
2025-05-14 02:55:08,084 [main] INFO  ozone.MiniOzoneClusterImpl (MiniOzoneClusterImpl.java:lambda$waitForHddsDatanodeToStop$3(341)) - Waiting on datanode to be marked stale.
2025-05-14 02:55:08,095 [EventQueue-StaleNodeForStaleNodeHandler] INFO  node.StaleNodeHandler (StaleNodeHandler.java:onMessage(51)) - Datanode c77e66e9-1cca-4fd3-bc5b-4ea2dbc3232f(localhost/127.0.0.1) moved to stale state. Finalizing its pipelines [PipelineID=8155a67b-a88a-4cce-aefd-90b7bbecbc71]
2025-05-14 02:55:08,097 [EventQueue-StaleNodeForStaleNodeHandler] INFO  pipeline.PipelineManagerImpl (PipelineManagerImpl.java:closeContainersForPipeline(487)) - Container #3 closed for pipeline=PipelineID=8155a67b-a88a-4cce-aefd-90b7bbecbc71
2025-05-14 02:55:08,097 [EventQueue-CloseContainerForCloseContainerEventHandler] INFO  container.CloseContainerEventHandler (CloseContainerEventHandler.java:onMessage(88)) - Close container Event triggered for container : #3, current state: CLOSING
2025-05-14 02:55:08,098 [EventQueue-StaleNodeForStaleNodeHandler] INFO  pipeline.PipelineManagerImpl (PipelineManagerImpl.java:closePipeline(509)) - Pipeline PipelineID=8155a67b-a88a-4cce-aefd-90b7bbecbc71 moved to CLOSED state
2025-05-14 02:55:09,086 [main] INFO  impl.MetricsSystemImpl (MetricsSystemImpl.java:init(158)) - HddsDatanode metrics system started (again)
2025-05-14 02:55:09,101 [main] INFO  ozone.HddsDatanodeService (HddsDatanodeService.java:start(234)) - HddsDatanodeService c77e66e9-1cca-4fd3-bc5b-4ea2dbc3232f(localhost/127.0.0.1)
2025-05-14 02:55:09,102 [main] INFO  upgrade.AbstractLayoutVersionManager (AbstractLayoutVersionManager.java:init(80)) - Initializing Layout version manager with metadata layout = HBASE_SUPPORT (version = 8), software layout = HBASE_SUPPORT (version = 8)
2025-05-14 02:55:09,103 [main] INFO  statemachine.DatanodeStateMachine (DatanodeStateMachine.java:getEndPointTaskThreadPoolSize(298)) - Datanode State Machine Task Thread Pool size 2
2025-05-14 02:55:09,105 [main] INFO  volume.HddsVolume (HddsVolume.java:<init>(158)) - HddsVolume: { id=DS-26be9c44-7a52-48a4-85a6-05c4c5209829 dir=/home/runner/work/ozone/ozone/hadoop-ozone/integration-test/target/test-dir/MiniOzoneClusterImpl-af940217-b311-440f-8e09-352fdf66236b/ozone-meta/datanode-6/data-0/hdds type=DISK capacity=9222449699674390527 used=0 available=9222449699674390527 minFree=5368709120 committed=0 }
2025-05-14 02:55:09,105 [main] INFO  volume.MutableVolumeSet (MutableVolumeSet.java:initializeVolumeSet(166)) - Added Volume : /home/runner/work/ozone/ozone/hadoop-ozone/integration-test/target/test-dir/MiniOzoneClusterImpl-af940217-b311-440f-8e09-352fdf66236b/ozone-meta/datanode-6/data-0/hdds to VolumeSet
2025-05-14 02:55:09,106 [main] INFO  volume.MutableVolumeSet (MutableVolumeSet.java:initializeVolumeSet(166)) - Added Volume : /home/runner/work/ozone/ozone/hadoop-ozone/integration-test/target/test-dir/MiniOzoneClusterImpl-af940217-b311-440f-8e09-352fdf66236b/ozone-meta/datanode-6/ratis10784c24-b766-40d3-908b-7013b1989165 to VolumeSet
2025-05-14 02:55:09,123 [ForkJoinPool.commonPool-worker-2] INFO  utils.DatanodeStoreCache (DatanodeStoreCache.java:addDB(70)) - Added db /home/runner/work/ozone/ozone/hadoop-ozone/integration-test/target/test-dir/MiniOzoneClusterImpl-af940217-b311-440f-8e09-352fdf66236b/ozone-meta/datanode-6/data-0/hdds/af940217-b311-440f-8e09-352fdf66236b/DS-26be9c44-7a52-48a4-85a6-05c4c5209829/container.db to cache
2025-05-14 02:55:09,123 [ForkJoinPool.commonPool-worker-2] INFO  volume.HddsVolume (HddsVolume.java:loadDbStore(451)) - SchemaV3 db is loaded at /home/runner/work/ozone/ozone/hadoop-ozone/integration-test/target/test-dir/MiniOzoneClusterImpl-af940217-b311-440f-8e09-352fdf66236b/ozone-meta/datanode-6/data-0/hdds/af940217-b311-440f-8e09-352fdf66236b/DS-26be9c44-7a52-48a4-85a6-05c4c5209829/container.db for volume DS-26be9c44-7a52-48a4-85a6-05c4c5209829
2025-05-14 02:55:09,123 [main] INFO  ozoneimpl.OzoneContainer (HddsVolumeUtil.java:loadAllHddsVolumeDbStore(102)) - Load 1 volumes DbStore cost: 17ms
2025-05-14 02:55:09,123 [main] WARN  db.DBStoreBuilder (DBStoreBuilder.java:getDBDirPath(160)) - ozone.scm.datanode.id.dir is not configured. We recommend adding this setting. Falling back to ozone.metadata.dirs instead.
2025-05-14 02:55:09,124 [main] WARN  db.DBStoreBuilder (DBStoreBuilder.java:getDBDirPath(160)) - ozone.scm.datanode.id.dir is not configured. We recommend adding this setting. Falling back to ozone.metadata.dirs instead.
2025-05-14 02:55:09,133 [main] INFO  impl.FilePerChunkStrategy (FilePerChunkStrategy.java:<init>(79)) - ozone.chunk.read.mapped.buffer.max.count is load with 0
2025-05-14 02:55:09,134 [main] INFO  impl.FilePerBlockStrategy (FilePerBlockStrategy.java:<init>(87)) - ozone.chunk.read.mapped.buffer.max.count is load with 0
2025-05-14 02:55:09,134 [main] INFO  server.RaftServerConfigKeys (ConfUtils.java:logGet(46)) - raft.server.log.appender.buffer.byte-limit = 33554432 (custom)
2025-05-14 02:55:09,136 [main] INFO  server.RaftServer (ConfUtils.java:logGet(46)) - raft.rpc.type = GRPC (default)
2025-05-14 02:55:09,136 [main] INFO  grpc.GrpcConfigKeys (ConfUtils.java:logFallback(53)) - raft.grpc.admin.host = null (fallback to raft.grpc.server.host)
2025-05-14 02:55:09,136 [main] INFO  grpc.GrpcConfigKeys (ConfUtils.java:logGet(46)) - raft.grpc.admin.port = 15054 (custom)
2025-05-14 02:55:09,136 [main] INFO  grpc.GrpcConfigKeys (ConfUtils.java:logFallback(53)) - raft.grpc.client.host = null (fallback to raft.grpc.server.host)
2025-05-14 02:55:09,136 [main] INFO  grpc.GrpcConfigKeys (ConfUtils.java:logGet(46)) - raft.grpc.client.port = 15053 (custom)
2025-05-14 02:55:09,136 [main] INFO  grpc.GrpcConfigKeys (ConfUtils.java:logGet(46)) - raft.grpc.server.host = null (default)
2025-05-14 02:55:09,136 [main] INFO  grpc.GrpcConfigKeys (ConfUtils.java:logGet(46)) - raft.grpc.server.port = 15055 (custom)
2025-05-14 02:55:09,136 [main] INFO  server.GrpcService (ConfUtils.java:logGet(46)) - raft.grpc.message.size.max = 34603008 (custom)
2025-05-14 02:55:09,136 [main] INFO  server.GrpcService (ConfUtils.java:logGet(46)) - raft.grpc.flow.control.window = 5MB (=5242880) (custom)
2025-05-14 02:55:09,137 [main] INFO  server.RaftServerConfigKeys (ConfUtils.java:logGet(46)) - raft.server.rpc.request.timeout = 3000ms (default)
2025-05-14 02:55:09,137 [main] INFO  grpc.GrpcConfigKeys (ConfUtils.java:logGet(46)) - raft.grpc.server.heartbeat.channel = true (default)
2025-05-14 02:55:09,137 [main] INFO  server.RaftServerConfigKeys (ConfUtils.java:logGet(46)) - raft.server.log.appender.buffer.byte-limit = 33554432 (custom)
2025-05-14 02:55:09,137 [main] INFO  grpc.GrpcConfigKeys (ConfUtils.java:logGet(46)) - raft.grpc.server.async.request.thread.pool.cached = true (default)
2025-05-14 02:55:09,137 [main] INFO  grpc.GrpcConfigKeys (ConfUtils.java:logGet(46)) - raft.grpc.server.async.request.thread.pool.size = 32 (default)
2025-05-14 02:55:09,138 [main] INFO  impl.DataStreamServerImpl (ConfUtils.java:logGet(46)) - raft.datastream.type = NETTY (custom)
2025-05-14 02:55:09,139 [main] INFO  server.RaftServerConfigKeys (ConfUtils.java:logGet(46)) - raft.server.data-stream.async.request.thread.pool.cached = false (default)
2025-05-14 02:55:09,139 [main] INFO  server.RaftServerConfigKeys (ConfUtils.java:logGet(46)) - raft.server.data-stream.async.request.thread.pool.size = 20 (custom)
2025-05-14 02:55:09,139 [main] INFO  server.RaftServerConfigKeys (ConfUtils.java:logGet(46)) - raft.server.data-stream.async.write.thread.pool.size = 16 (default)
2025-05-14 02:55:09,139 [main] INFO  netty.NettyConfigKeys$DataStream (ConfUtils.java:logGet(46)) - raft.netty.dataStream.server.channel.inactive.grace-period = 10min (default)
2025-05-14 02:55:09,139 [main] INFO  server.RaftServerConfigKeys (ConfUtils.java:logGet(46)) - raft.server.data-stream.client.pool.size = 10 (default)
2025-05-14 02:55:09,139 [main] INFO  netty.NettyConfigKeys$DataStream (ConfUtils.java:logGet(46)) - raft.netty.dataStream.server.use-epoll = true (default)
2025-05-14 02:55:09,139 [main] INFO  netty.NettyConfigKeys$DataStream (ConfUtils.java:logGet(46)) - raft.netty.dataStream.server.boss-group.size = 0 (default)
2025-05-14 02:55:09,139 [main] INFO  netty.NettyUtils (NettyUtils.java:newEventLoopGroup(74)) - Create EpollEventLoopGroup for c77e66e9-1cca-4fd3-bc5b-4ea2dbc3232f-NettyServerStreamRpc-bossGroup; Thread size is 0.
2025-05-14 02:55:09,140 [main] INFO  netty.NettyConfigKeys$DataStream (ConfUtils.java:logGet(46)) - raft.netty.dataStream.server.worker-group.size = 0 (default)
2025-05-14 02:55:09,140 [main] INFO  netty.NettyUtils (NettyUtils.java:newEventLoopGroup(74)) - Create EpollEventLoopGroup for c77e66e9-1cca-4fd3-bc5b-4ea2dbc3232f-NettyServerStreamRpc-workerGroup; Thread size is 0.
2025-05-14 02:55:09,140 [main] INFO  netty.NettyConfigKeys$DataStream (ConfUtils.java:logGet(46)) - raft.netty.dataStream.server.tls.conf = null (default)
2025-05-14 02:55:09,140 [main] INFO  netty.NettyConfigKeys$DataStream (ConfUtils.java:logGet(46)) - raft.netty.dataStream.host = null (default)
2025-05-14 02:55:09,140 [main] INFO  netty.NettyConfigKeys$DataStream (ConfUtils.java:logGet(46)) - raft.netty.dataStream.port = 15056 (custom)
2025-05-14 02:55:09,141 [main] INFO  server.RaftServerConfigKeys (ConfUtils.java:logGet(46)) - raft.server.sleep.deviation.threshold = 300ms (default)
2025-05-14 02:55:09,141 [main] INFO  server.RaftServerConfigKeys (ConfUtils.java:logGet(46)) - raft.server.close.threshold = 60s (default)
2025-05-14 02:55:09,141 [main] INFO  server.RaftServerConfigKeys (ConfUtils.java:logGet(46)) - raft.server.leaderelection.leader.step-down.wait-time = 10s (default)
2025-05-14 02:55:09,141 [c77e66e9-1cca-4fd3-bc5b-4ea2dbc3232f-NettyServerStreamRpc-bossGroup--thread1] INFO  logging.LoggingHandler (AbstractInternalLogger.java:log(148)) - [id: 0x32334917] REGISTERED
2025-05-14 02:55:09,141 [c77e66e9-1cca-4fd3-bc5b-4ea2dbc3232f-NettyServerStreamRpc-bossGroup--thread1] INFO  logging.LoggingHandler (AbstractInternalLogger.java:log(148)) - [id: 0x32334917] BIND: 0.0.0.0/0.0.0.0:15056
2025-05-14 02:55:09,141 [main] INFO  server.RaftServerConfigKeys (ConfUtils.java:logGet(46)) - raft.server.storage.dir = [/home/runner/work/ozone/ozone/hadoop-ozone/integration-test/target/test-dir/MiniOzoneClusterImpl-af940217-b311-440f-8e09-352fdf66236b/ozone-meta/datanode-6/ratis10784c24-b766-40d3-908b-7013b1989165] (custom)
2025-05-14 02:55:09,142 [main] INFO  server.RaftServerConfigKeys (ConfUtils.java:logGet(46)) - raft.server.threadpool.proxy.cached = true (default)
2025-05-14 02:55:09,142 [main] INFO  server.RaftServerConfigKeys (ConfUtils.java:logGet(46)) - raft.server.threadpool.proxy.size = 0 (default)
2025-05-14 02:55:09,142 [c77e66e9-1cca-4fd3-bc5b-4ea2dbc3232f-NettyServerStreamRpc-bossGroup--thread1] INFO  logging.LoggingHandler (AbstractInternalLogger.java:log(148)) - [id: 0x32334917, L:/0.0.0.0:15056] ACTIVE
2025-05-14 02:55:09,142 [c77e66e9-1cca-4fd3-bc5b-4ea2dbc3232f-impl-thread1] INFO  server.RaftServer (RaftServerProxy.java:initGroupDir(265)) - c77e66e9-1cca-4fd3-bc5b-4ea2dbc3232f: found a subdirectory /home/runner/work/ozone/ozone/hadoop-ozone/integration-test/target/test-dir/MiniOzoneClusterImpl-af940217-b311-440f-8e09-352fdf66236b/ozone-meta/datanode-6/ratis10784c24-b766-40d3-908b-7013b1989165/tmp
2025-05-14 02:55:09,142 [c77e66e9-1cca-4fd3-bc5b-4ea2dbc3232f-impl-thread1] INFO  server.RaftServer (RaftServerProxy.java:initGroupDir(270)) - c77e66e9-1cca-4fd3-bc5b-4ea2dbc3232f: The directory /home/runner/work/ozone/ozone/hadoop-ozone/integration-test/target/test-dir/MiniOzoneClusterImpl-af940217-b311-440f-8e09-352fdf66236b/ozone-meta/datanode-6/ratis10784c24-b766-40d3-908b-7013b1989165/tmp is not a group directory; ignoring it. 
2025-05-14 02:55:09,143 [main] INFO  replication.ReplicationServer (ReplicationServer.java:<init>(84)) - Initializing replication server with thread count = 10 queue length = 4096
2025-05-14 02:55:09,143 [main] INFO  server.XceiverServerGrpc (XceiverServerGrpc.java:<init>(131)) - GrpcServer channel type EpollServerSocketChannel
2025-05-14 02:55:09,145 [main] INFO  replication.ReplicationSupervisor (ReplicationSupervisor.java:build(169)) - Initializing replication supervisor with thread count = 10
2025-05-14 02:55:09,145 [main] INFO  replication.ReplicationSupervisor (ReplicationSupervisor.java:nodeStateUpdated(358)) - Node state updated to IN_SERVICE, scaling executor pool size to 10
2025-05-14 02:55:09,148 [main] INFO  http.BaseHttpServer (BaseHttpServer.java:newHttpServer2BuilderForOzone(229)) - Starting Web-server for hddsDatanode at: http://0.0.0.0:15050
2025-05-14 02:55:09,148 [main] INFO  http.BaseHttpServer (BaseHttpServer.java:<init>(107)) - Hadoop Security Enabled: false Ozone Security Enabled: false Ozone HTTP Security Enabled: false 
2025-05-14 02:55:09,149 [main] WARN  server.AuthenticationFilter (AuthenticationFilter.java:constructSecretProvider(240)) - Unable to initialize FileSignerSecretProvider, falling back to use random secrets. Reason: Could not read signature secret file: /home/runner/hadoop-http-auth-signature-secret
2025-05-14 02:55:09,165 [main] INFO  http.HttpServer2 (HttpServer2.java:addGlobalFilter(1042)) - Added global filter 'safety' (class=org.apache.hadoop.hdds.server.http.HttpServer2$QuotingInputFilter)
2025-05-14 02:55:09,166 [main] INFO  http.HttpServer2 (HttpServer2.java:addFilter(1018)) - Added filter static_user_filter (class=org.apache.hadoop.http.lib.StaticUserWebFilter$StaticUserFilter) to context hddsDatanode
2025-05-14 02:55:09,166 [main] INFO  http.HttpServer2 (HttpServer2.java:addFilter(1026)) - Added filter static_user_filter (class=org.apache.hadoop.http.lib.StaticUserWebFilter$StaticUserFilter) to context logs
2025-05-14 02:55:09,166 [main] INFO  http.HttpServer2 (HttpServer2.java:addFilter(1026)) - Added filter static_user_filter (class=org.apache.hadoop.http.lib.StaticUserWebFilter$StaticUserFilter) to context static
2025-05-14 02:55:09,167 [main] INFO  http.BaseHttpServer (BaseHttpServer.java:<init>(195)) - HTTP server of hddsDatanode uses base directory /home/runner/work/ozone/ozone/hadoop-ozone/integration-test/target/test-dir/MiniOzoneClusterImpl-af940217-b311-440f-8e09-352fdf66236b/ozone-meta/datanode-6/meta/webserver
2025-05-14 02:55:09,167 [main] INFO  http.HttpServer2 (HttpServer2.java:bindListener(1242)) - Jetty bound to port 15050
2025-05-14 02:55:09,167 [main] INFO  server.Server (Server.java:doStart(375)) - jetty-9.4.57.v20241219; built: 2025-01-08T21:24:30.412Z; git: df524e6b29271c2e09ba9aea83c18dc9db464a31; jvm 21.0.7+6-LTS
2025-05-14 02:55:09,170 [main] INFO  server.session (DefaultSessionIdManager.java:doStart(334)) - DefaultSessionIdManager workerName=node0
2025-05-14 02:55:09,170 [main] INFO  server.session (DefaultSessionIdManager.java:doStart(339)) - No SessionScavenger set, using defaults
2025-05-14 02:55:09,170 [main] INFO  server.session (HouseKeeper.java:startScavenging(132)) - node0 Scavenging every 660000ms
2025-05-14 02:55:09,170 [main] INFO  handler.ContextHandler (ContextHandler.java:doStart(921)) - Started o.e.j.s.ServletContextHandler@2a601b14{logs,/logs,file:///home/runner/work/ozone/ozone/hadoop-ozone/integration-test/target/log,AVAILABLE}
2025-05-14 02:55:09,171 [main] INFO  handler.ContextHandler (ContextHandler.java:doStart(921)) - Started o.e.j.s.ServletContextHandler@423a5c9c{static,/static,jar:file:/home/runner/work/ozone/ozone/hadoop-hdds/container-service/target/hdds-container-service-2.1.0-SNAPSHOT.jar!/webapps/static,AVAILABLE}
2025-05-14 02:55:09,330 [main] INFO  handler.ContextHandler (ContextHandler.java:doStart(921)) - Started o.e.j.w.WebAppContext@55acad46{hddsDatanode,/,file:///home/runner/work/ozone/ozone/hadoop-ozone/integration-test/target/test-dir/MiniOzoneClusterImpl-af940217-b311-440f-8e09-352fdf66236b/ozone-meta/datanode-6/meta/webserver/jetty-0_0_0_0-15050-hdds-container-service-2_1_0-SNAPSHOT_jar-_-any-12535410856666603425/webapp/,AVAILABLE}{jar:file:/home/runner/work/ozone/ozone/hadoop-hdds/container-service/target/hdds-container-service-2.1.0-SNAPSHOT.jar!/webapps/hddsDatanode}
2025-05-14 02:55:09,331 [main] INFO  server.AbstractConnector (AbstractConnector.java:doStart(333)) - Started ServerConnector@50fc7fff{HTTP/1.1, (http/1.1)}{0.0.0.0:15050}
2025-05-14 02:55:09,331 [main] INFO  server.Server (Server.java:doStart(415)) - Started @106151ms
2025-05-14 02:55:09,331 [main] WARN  impl.MetricsSystemImpl (MetricsSystemImpl.java:register(279)) - Sink prometheus already exists!
2025-05-14 02:55:09,332 [main] INFO  http.BaseHttpServer (BaseHttpServer.java:updateConnectorAddress(359)) - HTTP server of hddsDatanode listening at http://0.0.0.0:15050
2025-05-14 02:55:09,332 [main] INFO  ipc.CallQueueManager (CallQueueManager.java:<init>(93)) - Using callQueue: class java.util.concurrent.LinkedBlockingQueue, queueCapacity: 1000, scheduler: class org.apache.hadoop.ipc.DefaultRpcScheduler, ipcBackoff: false, ipcFailOver: false.
2025-05-14 02:55:09,332 [main] INFO  ipc.Server (Server.java:<init>(1438)) - Listener at 0.0.0.0:15051
2025-05-14 02:55:09,333 [Socket Reader #1 for port 15051] INFO  ipc.Server (Server.java:run(1474)) - Starting Socket Reader #1 for port 15051
2025-05-14 02:55:09,333 [Socket Reader #2 for port 15051] INFO  ipc.Server (Server.java:run(1474)) - Starting Socket Reader #2 for port 15051
2025-05-14 02:55:09,334 [Socket Reader #4 for port 15051] INFO  ipc.Server (Server.java:run(1474)) - Starting Socket Reader #4 for port 15051
2025-05-14 02:55:09,334 [Socket Reader #6 for port 15051] INFO  ipc.Server (Server.java:run(1474)) - Starting Socket Reader #6 for port 15051
2025-05-14 02:55:09,335 [Socket Reader #7 for port 15051] INFO  ipc.Server (Server.java:run(1474)) - Starting Socket Reader #7 for port 15051
2025-05-14 02:55:09,335 [Socket Reader #3 for port 15051] INFO  ipc.Server (Server.java:run(1474)) - Starting Socket Reader #3 for port 15051
2025-05-14 02:55:09,335 [Socket Reader #5 for port 15051] INFO  ipc.Server (Server.java:run(1474)) - Starting Socket Reader #5 for port 15051
2025-05-14 02:55:09,335 [Socket Reader #8 for port 15051] INFO  ipc.Server (Server.java:run(1474)) - Starting Socket Reader #8 for port 15051
2025-05-14 02:55:09,335 [Socket Reader #9 for port 15051] INFO  ipc.Server (Server.java:run(1474)) - Starting Socket Reader #9 for port 15051
2025-05-14 02:55:09,336 [Socket Reader #10 for port 15051] INFO  ipc.Server (Server.java:run(1474)) - Starting Socket Reader #10 for port 15051
2025-05-14 02:55:09,337 [main] INFO  ozone.HddsDatanodeService (HddsDatanodeService.java:start(325)) - Datanode start with admins: [runner]
2025-05-14 02:55:09,338 [main] INFO  ozone.HddsDatanodeClientProtocolServer (HddsDatanodeClientProtocolServer.java:start(76)) - RPC server for Client /0.0.0.0:15051
2025-05-14 02:55:09,338 [IPC Server Responder] INFO  ipc.Server (Server.java:run(1713)) - IPC Server Responder: starting
2025-05-14 02:55:09,338 [IPC Server listener on 15051] INFO  ipc.Server (Server.java:run(1553)) - IPC Server listener on 15051: starting
2025-05-14 02:55:09,340 [main] INFO  ozone.MiniOzoneClusterImpl (MiniOzoneClusterImpl.java:lambda$waitForClusterToBeReady$0(191)) - Waiting for nodes to be ready. Got 9 of 10 DN Heartbeats.
2025-05-14 02:55:09,340 [main] INFO  ozone.MiniOzoneClusterImpl (MiniOzoneClusterImpl.java:lambda$waitForClusterToBeReady$0(194)) - Cluster exits safe mode
2025-05-14 02:55:09,340 [main] INFO  ozone.MiniOzoneClusterImpl (MiniOzoneClusterImpl.java:lambda$waitForClusterToBeReady$0(196)) - SCM became leader
2025-05-14 02:55:09,341 [c77e66e9-1cca-4fd3-bc5b-4ea2dbc3232f-DatanodeStateMachineDaemonThread] INFO  statemachine.DatanodeStateMachine (DatanodeStateMachine.java:startStateMachineThread(340)) - Ozone container server started.
2025-05-14 02:55:09,344 [c77e66e9-1cca-4fd3-bc5b-4ea2dbc3232f-DatanodeStateMachineTaskThread-0] INFO  datanode.InitDatanodeState (InitDatanodeState.java:persistContainerDatanodeDetails(139)) - DatanodeDetails is persisted to /home/runner/work/ozone/ozone/hadoop-ozone/integration-test/target/test-dir/MiniOzoneClusterImpl-af940217-b311-440f-8e09-352fdf66236b/ozone-meta/datanode-6/meta/datanode.id
2025-05-14 02:55:09,844 [c77e66e9-1cca-4fd3-bc5b-4ea2dbc3232f-ContainerReader-0] INFO  ozoneimpl.ContainerReader (ContainerReader.java:readVolume(144)) - Start to verify containers on volume /home/runner/work/ozone/ozone/hadoop-ozone/integration-test/target/test-dir/MiniOzoneClusterImpl-af940217-b311-440f-8e09-352fdf66236b/ozone-meta/datanode-6/data-0/hdds
2025-05-14 02:55:09,855 [c77e66e9-1cca-4fd3-bc5b-4ea2dbc3232f-ContainerReader-0] INFO  ozoneimpl.ContainerReader (ContainerReader.java:readVolume(174)) - Finish verifying containers on volume /home/runner/work/ozone/ozone/hadoop-ozone/integration-test/target/test-dir/MiniOzoneClusterImpl-af940217-b311-440f-8e09-352fdf66236b/ozone-meta/datanode-6/data-0/hdds
2025-05-14 02:55:09,856 [c77e66e9-1cca-4fd3-bc5b-4ea2dbc3232f-EndpointStateMachineTaskThread-/0.0.0.0:15002-0 ] INFO  ozoneimpl.OzoneContainer (OzoneContainer.java:buildContainerSet(364)) - Build ContainerSet costs 0s
2025-05-14 02:55:09,856 [c77e66e9-1cca-4fd3-bc5b-4ea2dbc3232f-EndpointStateMachineTaskThread-/0.0.0.0:15002-0 ] INFO  volume.ThrottledAsyncChecker (ThrottledAsyncChecker.java:schedule(138)) - Scheduling a check for /home/runner/work/ozone/ozone/hadoop-ozone/integration-test/target/test-dir/MiniOzoneClusterImpl-af940217-b311-440f-8e09-352fdf66236b/ozone-meta/datanode-6/data-0/hdds
2025-05-14 02:55:09,856 [c77e66e9-1cca-4fd3-bc5b-4ea2dbc3232f-EndpointStateMachineTaskThread-/0.0.0.0:15002-0 ] INFO  volume.StorageVolumeChecker (StorageVolumeChecker.java:checkAllVolumes(215)) - Scheduled health check for volume /home/runner/work/ozone/ozone/hadoop-ozone/integration-test/target/test-dir/MiniOzoneClusterImpl-af940217-b311-440f-8e09-352fdf66236b/ozone-meta/datanode-6/data-0/hdds
2025-05-14 02:55:09,859 [c77e66e9-1cca-4fd3-bc5b-4ea2dbc3232f-EndpointStateMachineTaskThread-/0.0.0.0:15002-0 ] INFO  volume.ThrottledAsyncChecker (ThrottledAsyncChecker.java:schedule(138)) - Scheduling a check for /home/runner/work/ozone/ozone/hadoop-ozone/integration-test/target/test-dir/MiniOzoneClusterImpl-af940217-b311-440f-8e09-352fdf66236b/ozone-meta/datanode-6/ratis10784c24-b766-40d3-908b-7013b1989165
2025-05-14 02:55:09,860 [c77e66e9-1cca-4fd3-bc5b-4ea2dbc3232f-EndpointStateMachineTaskThread-/0.0.0.0:15002-0 ] INFO  volume.StorageVolumeChecker (StorageVolumeChecker.java:checkAllVolumes(215)) - Scheduled health check for volume /home/runner/work/ozone/ozone/hadoop-ozone/integration-test/target/test-dir/MiniOzoneClusterImpl-af940217-b311-440f-8e09-352fdf66236b/ozone-meta/datanode-6/ratis10784c24-b766-40d3-908b-7013b1989165
2025-05-14 02:55:09,860 [c77e66e9-1cca-4fd3-bc5b-4ea2dbc3232f-EndpointStateMachineTaskThread-/0.0.0.0:15002-0 ] INFO  ozoneimpl.OzoneContainer (OzoneContainer.java:start(512)) - Attempting to start container services.
2025-05-14 02:55:09,862 [ContainerDataScanner(/home/runner/work/ozone/ozone/hadoop-ozone/integration-test/target/test-dir/MiniOzoneClusterImpl-af940217-b311-440f-8e09-352fdf66236b/ozone-meta/datanode-6/data-0/hdds)] INFO  ozoneimpl.AbstractBackgroundContainerScanner (AbstractBackgroundContainerScanner.java:runIteration(89)) - Completed an iteration in 0 minutes. Number of iterations (since the data-node restart) : 1, Number of containers scanned in this iteration : 0, Number of unhealthy containers found in this iteration : 0
2025-05-14 02:55:09,862 [c77e66e9-1cca-4fd3-bc5b-4ea2dbc3232f-EndpointStateMachineTaskThread-/0.0.0.0:15002-0 ] INFO  replication.ReplicationServer (ReplicationServer.java:start(137)) - ReplicationServer is started using port 15057
2025-05-14 02:55:09,863 [c77e66e9-1cca-4fd3-bc5b-4ea2dbc3232f-EndpointStateMachineTaskThread-/0.0.0.0:15002-0 ] INFO  ratis.XceiverServerRatis (XceiverServerRatis.java:start(559)) - Starting XceiverServerRatis(c77e66e9-1cca-4fd3-bc5b-4ea2dbc3232f)
2025-05-14 02:55:09,863 [ContainerMetadataScanner] INFO  ozoneimpl.AbstractBackgroundContainerScanner (AbstractBackgroundContainerScanner.java:runIteration(89)) - Completed an iteration in 0 minutes. Number of iterations (since the data-node restart) : 1, Number of containers scanned in this iteration : 1, Number of unhealthy containers found in this iteration : 0
2025-05-14 02:55:09,863 [c77e66e9-1cca-4fd3-bc5b-4ea2dbc3232f-EndpointStateMachineTaskThread-/0.0.0.0:15002-0 ] INFO  server.RaftServer (RaftServerProxy.java:startImpl(407)) - c77e66e9-1cca-4fd3-bc5b-4ea2dbc3232f: start RPC server
2025-05-14 02:55:09,864 [c77e66e9-1cca-4fd3-bc5b-4ea2dbc3232f-EndpointStateMachineTaskThread-/0.0.0.0:15002-0 ] INFO  server.GrpcService (GrpcService.java:startImpl(334)) - c77e66e9-1cca-4fd3-bc5b-4ea2dbc3232f: GrpcService started, listening on 15053
2025-05-14 02:55:09,864 [c77e66e9-1cca-4fd3-bc5b-4ea2dbc3232f-EndpointStateMachineTaskThread-/0.0.0.0:15002-0 ] INFO  server.GrpcService (GrpcService.java:startImpl(334)) - c77e66e9-1cca-4fd3-bc5b-4ea2dbc3232f: GrpcService started, listening on 15055
2025-05-14 02:55:09,864 [c77e66e9-1cca-4fd3-bc5b-4ea2dbc3232f-EndpointStateMachineTaskThread-/0.0.0.0:15002-0 ] INFO  server.GrpcService (GrpcService.java:startImpl(334)) - c77e66e9-1cca-4fd3-bc5b-4ea2dbc3232f: GrpcService started, listening on 15054
2025-05-14 02:55:09,865 [c77e66e9-1cca-4fd3-bc5b-4ea2dbc3232f-EndpointStateMachineTaskThread-/0.0.0.0:15002-0 ] INFO  ratis.XceiverServerRatis (XceiverServerRatis.java:getRealPort(586)) - XceiverServerRatis(c77e66e9-1cca-4fd3-bc5b-4ea2dbc3232f) is started using port RATIS=15053
2025-05-14 02:55:09,865 [c77e66e9-1cca-4fd3-bc5b-4ea2dbc3232f-EndpointStateMachineTaskThread-/0.0.0.0:15002-0 ] INFO  ratis.XceiverServerRatis (XceiverServerRatis.java:getRealPort(586)) - XceiverServerRatis(c77e66e9-1cca-4fd3-bc5b-4ea2dbc3232f) is started using port RATIS_ADMIN=15054
2025-05-14 02:55:09,865 [JvmPauseMonitor14] INFO  util.JvmPauseMonitor (JvmPauseMonitor.java:run(146)) - JvmPauseMonitor-c77e66e9-1cca-4fd3-bc5b-4ea2dbc3232f: Started
2025-05-14 02:55:09,865 [c77e66e9-1cca-4fd3-bc5b-4ea2dbc3232f-EndpointStateMachineTaskThread-/0.0.0.0:15002-0 ] INFO  ratis.XceiverServerRatis (XceiverServerRatis.java:getRealPort(586)) - XceiverServerRatis(c77e66e9-1cca-4fd3-bc5b-4ea2dbc3232f) is started using port RATIS_SERVER=15055
2025-05-14 02:55:09,865 [c77e66e9-1cca-4fd3-bc5b-4ea2dbc3232f-EndpointStateMachineTaskThread-/0.0.0.0:15002-0 ] INFO  ratis.XceiverServerRatis (XceiverServerRatis.java:getRealPort(586)) - XceiverServerRatis(c77e66e9-1cca-4fd3-bc5b-4ea2dbc3232f) is started using port RATIS_DATASTREAM=15056
2025-05-14 02:55:09,866 [c77e66e9-1cca-4fd3-bc5b-4ea2dbc3232f-BlockDeletingService#0] INFO  interfaces.ContainerDeletionChoosingPolicyTemplate (ContainerDeletionChoosingPolicyTemplate.java:chooseContainerForBlockDeletion(83)) - Chosen 0/5000 blocks from 0 candidate containers.
2025-05-14 02:55:10,340 [main] INFO  ozone.MiniOzoneClusterImpl (MiniOzoneClusterImpl.java:lambda$waitForClusterToBeReady$0(191)) - Waiting for nodes to be ready. Got 9 of 10 DN Heartbeats.
2025-05-14 02:55:10,341 [main] INFO  ozone.MiniOzoneClusterImpl (MiniOzoneClusterImpl.java:lambda$waitForClusterToBeReady$0(194)) - Cluster exits safe mode
2025-05-14 02:55:10,341 [main] INFO  ozone.MiniOzoneClusterImpl (MiniOzoneClusterImpl.java:lambda$waitForClusterToBeReady$0(196)) - SCM became leader
2025-05-14 02:55:10,582 [e44b5a69-92f9-40f4-85c9-712e1c637b62-CloseContainerThread-0] INFO  keyvalue.KeyValueContainer (KeyValueContainer.java:flushAndSyncDB(511)) - Synced container: KeyValueContainerData #3 (CLOSING, non-empty, ri=0, origin=[dn_e44b5a69-92f9-40f4-85c9-712e1c637b62, pipeline_8155a67b-a88a-4cce-aefd-90b7bbecbc71])
2025-05-14 02:55:10,582 [e44b5a69-92f9-40f4-85c9-712e1c637b62-CloseContainerThread-0] INFO  keyvalue.KeyValueContainer (KeyValueContainer.java:flushAndSyncDB(511)) - Synced container: KeyValueContainerData #3 (CLOSING, non-empty, ri=0, origin=[dn_e44b5a69-92f9-40f4-85c9-712e1c637b62, pipeline_8155a67b-a88a-4cce-aefd-90b7bbecbc71])
2025-05-14 02:55:10,585 [e44b5a69-92f9-40f4-85c9-712e1c637b62-CloseContainerThread-0] INFO  commandhandler.CloseContainerCommandHandler (CloseContainerCommandHandler.java:lambda$handle$0(135)) - Marking Container 3 quasi closed
2025-05-14 02:55:10,585 [FixedThreadPoolWithAffinityExecutor-1-0] INFO  container.IncrementalContainerReportHandler (AbstractContainerReportHandler.java:updateContainerState(264)) - QUASI_CLOSE Container #3 (CLOSING, sid=9) r0 (QUASI_CLOSED, bcsid=9, origin=e44b5a69-92f9-40f4-85c9-712e1c637b62, non-empty) from dn e44b5a69-92f9-40f4-85c9-712e1c637b62(localhost/127.0.0.1)
2025-05-14 02:55:10,715 [d4e44fd7-0e23-4e4f-bc30-0c7965de497d@group-90B7BBECBC71-FollowerState] INFO  impl.FollowerState (FollowerState.java:runImpl(161)) - d4e44fd7-0e23-4e4f-bc30-0c7965de497d@group-90B7BBECBC71-FollowerState: change to CANDIDATE, lastRpcElapsedTime:5033544551ns, electionTimeout:5033ms
2025-05-14 02:55:10,715 [d4e44fd7-0e23-4e4f-bc30-0c7965de497d@group-90B7BBECBC71-FollowerState] INFO  impl.RoleInfo (RoleInfo.java:shutdownFollowerState(121)) - d4e44fd7-0e23-4e4f-bc30-0c7965de497d: shutdown d4e44fd7-0e23-4e4f-bc30-0c7965de497d@group-90B7BBECBC71-FollowerState
2025-05-14 02:55:10,715 [d4e44fd7-0e23-4e4f-bc30-0c7965de497d@group-90B7BBECBC71-FollowerState] INFO  server.RaftServer$Division (RaftServerImpl.java:setRole(378)) - d4e44fd7-0e23-4e4f-bc30-0c7965de497d@group-90B7BBECBC71: changes role from  FOLLOWER to CANDIDATE at term 2 for changeToCandidate
2025-05-14 02:55:10,715 [d4e44fd7-0e23-4e4f-bc30-0c7965de497d@group-90B7BBECBC71-FollowerState] INFO  server.RaftServerConfigKeys (ConfUtils.java:logGet(46)) - raft.server.leaderelection.pre-vote = true (default)
2025-05-14 02:55:10,715 [d4e44fd7-0e23-4e4f-bc30-0c7965de497d@group-90B7BBECBC71-FollowerState] INFO  impl.RoleInfo (RoleInfo.java:updateAndGet(148)) - d4e44fd7-0e23-4e4f-bc30-0c7965de497d: start d4e44fd7-0e23-4e4f-bc30-0c7965de497d@group-90B7BBECBC71-LeaderElection29
2025-05-14 02:55:10,716 [d4e44fd7-0e23-4e4f-bc30-0c7965de497d@group-90B7BBECBC71-LeaderElection29] INFO  impl.LeaderElection (LeaderElection.java:askForVotes(332)) - d4e44fd7-0e23-4e4f-bc30-0c7965de497d@group-90B7BBECBC71-LeaderElection29 PRE_VOTE round 0: submit vote requests at term 2 for conf: {index: 11, cur=peers:[d4e44fd7-0e23-4e4f-bc30-0c7965de497d|127.0.0.1:15039, e44b5a69-92f9-40f4-85c9-712e1c637b62|127.0.0.1:15047, c77e66e9-1cca-4fd3-bc5b-4ea2dbc3232f|127.0.0.1:15055]|listeners:[], old=null}
2025-05-14 02:55:10,718 [grpc-default-executor-8] WARN  server.GrpcServerProtocolService (LogUtils.java:warn(123)) - e44b5a69-92f9-40f4-85c9-712e1c637b62: Failed requestVote d4e44fd7-0e23-4e4f-bc30-0c7965de497d->e44b5a69-92f9-40f4-85c9-712e1c637b62#0
org.apache.ratis.protocol.exceptions.GroupMismatchException: e44b5a69-92f9-40f4-85c9-712e1c637b62: group-90B7BBECBC71 not found.
	at org.apache.ratis.server.impl.RaftServerProxy$ImplMap.get(RaftServerProxy.java:155)
	at org.apache.ratis.server.impl.RaftServerProxy.getImplFuture(RaftServerProxy.java:365)
	at org.apache.ratis.server.impl.RaftServerProxy.getImpl(RaftServerProxy.java:374)
	at org.apache.ratis.server.impl.RaftServerProxy.getImpl(RaftServerProxy.java:369)
	at org.apache.ratis.server.impl.RaftServerProxy.requestVote(RaftServerProxy.java:633)
	at org.apache.ratis.grpc.server.GrpcServerProtocolService.requestVote(GrpcServerProtocolService.java:192)
	at org.apache.ratis.proto.grpc.RaftServerProtocolServiceGrpc$MethodHandlers.invoke(RaftServerProtocolServiceGrpc.java:428)
	at org.apache.ratis.thirdparty.io.grpc.stub.ServerCalls$UnaryServerCallHandler$UnaryServerCallListener.onHalfClose(ServerCalls.java:182)
	at org.apache.ratis.thirdparty.io.grpc.internal.ServerCallImpl$ServerStreamListenerImpl.halfClosed(ServerCallImpl.java:351)
	at org.apache.ratis.thirdparty.io.grpc.internal.ServerImpl$JumpToApplicationThreadServerStreamListener$1HalfClosed.runInContext(ServerImpl.java:860)
	at org.apache.ratis.thirdparty.io.grpc.internal.ContextRunnable.run(ContextRunnable.java:37)
	at org.apache.ratis.thirdparty.io.grpc.internal.SerializingExecutor.run(SerializingExecutor.java:133)
	at java.base/java.util.concurrent.ThreadPoolExecutor.runWorker(ThreadPoolExecutor.java:1144)
	at java.base/java.util.concurrent.ThreadPoolExecutor$Worker.run(ThreadPoolExecutor.java:642)
	at java.base/java.lang.Thread.run(Thread.java:1583)
2025-05-14 02:55:10,718 [grpc-default-executor-7] WARN  server.GrpcServerProtocolService (LogUtils.java:warn(123)) - c77e66e9-1cca-4fd3-bc5b-4ea2dbc3232f: Failed requestVote d4e44fd7-0e23-4e4f-bc30-0c7965de497d->c77e66e9-1cca-4fd3-bc5b-4ea2dbc3232f#0
org.apache.ratis.protocol.exceptions.GroupMismatchException: c77e66e9-1cca-4fd3-bc5b-4ea2dbc3232f: group-90B7BBECBC71 not found.
	at org.apache.ratis.server.impl.RaftServerProxy$ImplMap.get(RaftServerProxy.java:155)
	at org.apache.ratis.server.impl.RaftServerProxy.getImplFuture(RaftServerProxy.java:365)
	at org.apache.ratis.server.impl.RaftServerProxy.getImpl(RaftServerProxy.java:374)
	at org.apache.ratis.server.impl.RaftServerProxy.getImpl(RaftServerProxy.java:369)
	at org.apache.ratis.server.impl.RaftServerProxy.requestVote(RaftServerProxy.java:633)
	at org.apache.ratis.grpc.server.GrpcServerProtocolService.requestVote(GrpcServerProtocolService.java:192)
	at org.apache.ratis.proto.grpc.RaftServerProtocolServiceGrpc$MethodHandlers.invoke(RaftServerProtocolServiceGrpc.java:428)
	at org.apache.ratis.thirdparty.io.grpc.stub.ServerCalls$UnaryServerCallHandler$UnaryServerCallListener.onHalfClose(ServerCalls.java:182)
	at org.apache.ratis.thirdparty.io.grpc.internal.ServerCallImpl$ServerStreamListenerImpl.halfClosed(ServerCallImpl.java:351)
	at org.apache.ratis.thirdparty.io.grpc.internal.ServerImpl$JumpToApplicationThreadServerStreamListener$1HalfClosed.runInContext(ServerImpl.java:860)
	at org.apache.ratis.thirdparty.io.grpc.internal.ContextRunnable.run(ContextRunnable.java:37)
	at org.apache.ratis.thirdparty.io.grpc.internal.SerializingExecutor.run(SerializingExecutor.java:133)
	at java.base/java.util.concurrent.ThreadPoolExecutor.runWorker(ThreadPoolExecutor.java:1144)
	at java.base/java.util.concurrent.ThreadPoolExecutor$Worker.run(ThreadPoolExecutor.java:642)
	at java.base/java.lang.Thread.run(Thread.java:1583)
2025-05-14 02:55:10,719 [d4e44fd7-0e23-4e4f-bc30-0c7965de497d@group-90B7BBECBC71-LeaderElection29] INFO  impl.LeaderElection (LogUtils.java:infoOrTrace(136)) - d4e44fd7-0e23-4e4f-bc30-0c7965de497d@group-90B7BBECBC71-LeaderElection29 got exception when requesting votes: java.util.concurrent.ExecutionException: org.apache.ratis.thirdparty.io.grpc.StatusRuntimeException: INTERNAL: e44b5a69-92f9-40f4-85c9-712e1c637b62: group-90B7BBECBC71 not found.
2025-05-14 02:55:10,720 [d4e44fd7-0e23-4e4f-bc30-0c7965de497d@group-90B7BBECBC71-LeaderElection29] INFO  impl.LeaderElection (LogUtils.java:infoOrTrace(136)) - d4e44fd7-0e23-4e4f-bc30-0c7965de497d@group-90B7BBECBC71-LeaderElection29 got exception when requesting votes: java.util.concurrent.ExecutionException: org.apache.ratis.thirdparty.io.grpc.StatusRuntimeException: INTERNAL: c77e66e9-1cca-4fd3-bc5b-4ea2dbc3232f: group-90B7BBECBC71 not found.
2025-05-14 02:55:10,720 [d4e44fd7-0e23-4e4f-bc30-0c7965de497d@group-90B7BBECBC71-LeaderElection29] INFO  impl.LeaderElection (LeaderElection.java:logAndReturn(90)) - d4e44fd7-0e23-4e4f-bc30-0c7965de497d@group-90B7BBECBC71-LeaderElection29: PRE_VOTE REJECTED received 0 response(s) and 2 exception(s):
2025-05-14 02:55:10,720 [d4e44fd7-0e23-4e4f-bc30-0c7965de497d@group-90B7BBECBC71-LeaderElection29] INFO  impl.LeaderElection (LogUtils.java:infoOrTrace(136)) -   Exception 0: java.util.concurrent.ExecutionException: org.apache.ratis.thirdparty.io.grpc.StatusRuntimeException: INTERNAL: e44b5a69-92f9-40f4-85c9-712e1c637b62: group-90B7BBECBC71 not found.
2025-05-14 02:55:10,720 [d4e44fd7-0e23-4e4f-bc30-0c7965de497d@group-90B7BBECBC71-LeaderElection29] INFO  impl.LeaderElection (LogUtils.java:infoOrTrace(136)) -   Exception 1: java.util.concurrent.ExecutionException: org.apache.ratis.thirdparty.io.grpc.StatusRuntimeException: INTERNAL: c77e66e9-1cca-4fd3-bc5b-4ea2dbc3232f: group-90B7BBECBC71 not found.
2025-05-14 02:55:10,720 [d4e44fd7-0e23-4e4f-bc30-0c7965de497d@group-90B7BBECBC71-LeaderElection29] INFO  impl.LeaderElection (LeaderElection.java:askForVotes(334)) - d4e44fd7-0e23-4e4f-bc30-0c7965de497d@group-90B7BBECBC71-LeaderElection29 PRE_VOTE round 0: result REJECTED
2025-05-14 02:55:10,720 [d4e44fd7-0e23-4e4f-bc30-0c7965de497d@group-90B7BBECBC71-LeaderElection29] INFO  server.RaftServer$Division (RaftServerImpl.java:setRole(378)) - d4e44fd7-0e23-4e4f-bc30-0c7965de497d@group-90B7BBECBC71: changes role from CANDIDATE to FOLLOWER at term 2 for REJECTED
2025-05-14 02:55:10,720 [d4e44fd7-0e23-4e4f-bc30-0c7965de497d@group-90B7BBECBC71-LeaderElection29] INFO  impl.RoleInfo (RoleInfo.java:shutdownLeaderElection(141)) - d4e44fd7-0e23-4e4f-bc30-0c7965de497d: shutdown d4e44fd7-0e23-4e4f-bc30-0c7965de497d@group-90B7BBECBC71-LeaderElection29
2025-05-14 02:55:10,720 [d4e44fd7-0e23-4e4f-bc30-0c7965de497d@group-90B7BBECBC71-LeaderElection29] INFO  impl.RoleInfo (RoleInfo.java:updateAndGet(148)) - d4e44fd7-0e23-4e4f-bc30-0c7965de497d: start d4e44fd7-0e23-4e4f-bc30-0c7965de497d@group-90B7BBECBC71-FollowerState
2025-05-14 02:55:10,898 [EventQueue-HealthyReadonlyNodeForHealthyReadOnlyNodeHandler] INFO  node.HealthyReadOnlyNodeHandler (HealthyReadOnlyNodeHandler.java:onMessage(54)) - Datanode c77e66e9-1cca-4fd3-bc5b-4ea2dbc3232f(localhost/127.0.0.1) moved to HEALTHY READONLY state.
2025-05-14 02:55:10,898 [EventQueue-HealthyReadonlyNodeForHealthyReadOnlyNodeHandler] INFO  node.HealthyReadOnlyNodeHandler (HealthyReadOnlyNodeHandler.java:onMessage(86)) - Sending close command for pipeline PipelineID=8155a67b-a88a-4cce-aefd-90b7bbecbc71 in state CLOSED which uses HEALTHY_READONLY datanode c77e66e9-1cca-4fd3-bc5b-4ea2dbc3232f(localhost/127.0.0.1). This will send close commands for its containers.
2025-05-14 02:55:10,984 [d4e44fd7-0e23-4e4f-bc30-0c7965de497d-CloseContainerThread-1] INFO  commandhandler.CloseContainerCommandHandler (CloseContainerCommandHandler.java:lambda$handle$0(154)) - Follower cannot close container #3.
2025-05-14 02:55:10,998 [EventQueue-HealthyReadonlyToHealthyNodeForReadOnlyHealthyToHealthyNodeHandler] INFO  node.ReadOnlyHealthyToHealthyNodeHandler (ReadOnlyHealthyToHealthyNodeHandler.java:onMessage(46)) - Datanode c77e66e9-1cca-4fd3-bc5b-4ea2dbc3232f(localhost/127.0.0.1) moved to HEALTHY state.
2025-05-14 02:55:10,998 [EventQueue-HealthyReadonlyToHealthyNodeForReadOnlyHealthyToHealthyNodeHandler] INFO  pipeline.BackgroundPipelineCreator (BackgroundPipelineCreator.java:notifyEventTriggered(290)) - trigger a one-shot run on RatisPipelineUtilsThread.
2025-05-14 02:55:10,999 [RatisPipelineUtilsThread-0] INFO  pipeline.RatisPipelineProvider (RatisPipelineProvider.java:lambda$create$0(208)) - Sending CreatePipelineCommand for pipeline:PipelineID=24d5d898-0379-4cf7-8dd6-120b5fe471ce to datanode:e44b5a69-92f9-40f4-85c9-712e1c637b62(localhost/127.0.0.1)
2025-05-14 02:55:11,000 [RatisPipelineUtilsThread-0] INFO  pipeline.BackgroundPipelineCreator (BackgroundPipelineCreator.java:createPipelines(246)) - Created new pipeline Pipeline{ Id: 24d5d898-0379-4cf7-8dd6-120b5fe471ce, Nodes: [ {e44b5a69-92f9-40f4-85c9-712e1c637b62(localhost/127.0.0.1), ReplicaIndex: 0},], ReplicationConfig: RATIS/ONE, State:ALLOCATED, leaderId:, CreationTimestamp2025-05-14T02:55:10.999194195Z[Etc/UTC]}
2025-05-14 02:55:11,001 [RatisPipelineUtilsThread-0] INFO  pipeline.RatisPipelineProvider (RatisPipelineProvider.java:lambda$create$0(208)) - Sending CreatePipelineCommand for pipeline:PipelineID=06d0a761-9d58-4218-92fa-317b9c2908e3 to datanode:d4e44fd7-0e23-4e4f-bc30-0c7965de497d(localhost/127.0.0.1)
2025-05-14 02:55:11,001 [RatisPipelineUtilsThread-0] INFO  pipeline.RatisPipelineProvider (RatisPipelineProvider.java:lambda$create$0(208)) - Sending CreatePipelineCommand for pipeline:PipelineID=06d0a761-9d58-4218-92fa-317b9c2908e3 to datanode:e44b5a69-92f9-40f4-85c9-712e1c637b62(localhost/127.0.0.1)
2025-05-14 02:55:11,001 [RatisPipelineUtilsThread-0] INFO  pipeline.RatisPipelineProvider (RatisPipelineProvider.java:lambda$create$0(208)) - Sending CreatePipelineCommand for pipeline:PipelineID=06d0a761-9d58-4218-92fa-317b9c2908e3 to datanode:9d8a5836-bfca-4d37-9676-470807fcd29d(localhost/127.0.0.1)
2025-05-14 02:55:11,002 [RatisPipelineUtilsThread-0] INFO  pipeline.BackgroundPipelineCreator (BackgroundPipelineCreator.java:createPipelines(246)) - Created new pipeline Pipeline{ Id: 06d0a761-9d58-4218-92fa-317b9c2908e3, Nodes: [ {d4e44fd7-0e23-4e4f-bc30-0c7965de497d(localhost/127.0.0.1), ReplicaIndex: 0}, {e44b5a69-92f9-40f4-85c9-712e1c637b62(localhost/127.0.0.1), ReplicaIndex: 0}, {9d8a5836-bfca-4d37-9676-470807fcd29d(localhost/127.0.0.1), ReplicaIndex: 0},], ReplicationConfig: RATIS/THREE, State:ALLOCATED, leaderId:, CreationTimestamp2025-05-14T02:55:11.001519881Z[Etc/UTC]}
2025-05-14 02:55:11,003 [RatisPipelineUtilsThread-0] INFO  pipeline.RatisPipelineProvider (RatisPipelineProvider.java:lambda$create$0(208)) - Sending CreatePipelineCommand for pipeline:PipelineID=ed58307d-058e-41ad-86a1-74c733edb62d to datanode:c77e66e9-1cca-4fd3-bc5b-4ea2dbc3232f(localhost/127.0.0.1)
2025-05-14 02:55:11,004 [RatisPipelineUtilsThread-0] INFO  pipeline.BackgroundPipelineCreator (BackgroundPipelineCreator.java:createPipelines(246)) - Created new pipeline Pipeline{ Id: ed58307d-058e-41ad-86a1-74c733edb62d, Nodes: [ {c77e66e9-1cca-4fd3-bc5b-4ea2dbc3232f(localhost/127.0.0.1), ReplicaIndex: 0},], ReplicationConfig: RATIS/ONE, State:ALLOCATED, leaderId:, CreationTimestamp2025-05-14T02:55:11.003224493Z[Etc/UTC]}
2025-05-14 02:55:11,004 [RatisPipelineUtilsThread-0] INFO  pipeline.RatisPipelineProvider (RatisPipelineProvider.java:lambda$create$0(208)) - Sending CreatePipelineCommand for pipeline:PipelineID=d1d91f20-cf59-41aa-b231-49d9f7f395bd to datanode:e44b5a69-92f9-40f4-85c9-712e1c637b62(localhost/127.0.0.1)
2025-05-14 02:55:11,004 [RatisPipelineUtilsThread-0] INFO  pipeline.RatisPipelineProvider (RatisPipelineProvider.java:lambda$create$0(208)) - Sending CreatePipelineCommand for pipeline:PipelineID=d1d91f20-cf59-41aa-b231-49d9f7f395bd to datanode:9d8a5836-bfca-4d37-9676-470807fcd29d(localhost/127.0.0.1)
2025-05-14 02:55:11,004 [RatisPipelineUtilsThread-0] INFO  pipeline.RatisPipelineProvider (RatisPipelineProvider.java:lambda$create$0(208)) - Sending CreatePipelineCommand for pipeline:PipelineID=d1d91f20-cf59-41aa-b231-49d9f7f395bd to datanode:c77e66e9-1cca-4fd3-bc5b-4ea2dbc3232f(localhost/127.0.0.1)
2025-05-14 02:55:11,007 [RatisPipelineUtilsThread-0] INFO  pipeline.BackgroundPipelineCreator (BackgroundPipelineCreator.java:createPipelines(246)) - Created new pipeline Pipeline{ Id: d1d91f20-cf59-41aa-b231-49d9f7f395bd, Nodes: [ {e44b5a69-92f9-40f4-85c9-712e1c637b62(localhost/127.0.0.1), ReplicaIndex: 0}, {9d8a5836-bfca-4d37-9676-470807fcd29d(localhost/127.0.0.1), ReplicaIndex: 0}, {c77e66e9-1cca-4fd3-bc5b-4ea2dbc3232f(localhost/127.0.0.1), ReplicaIndex: 0},], ReplicationConfig: RATIS/THREE, State:ALLOCATED, leaderId:, CreationTimestamp2025-05-14T02:55:11.004798302Z[Etc/UTC]}
2025-05-14 02:55:11,341 [main] INFO  ozone.MiniOzoneClusterImpl (MiniOzoneClusterImpl.java:lambda$waitForClusterToBeReady$0(191)) - Nodes are ready. Got 10 of 10 DN Heartbeats.
2025-05-14 02:55:11,341 [main] INFO  ozone.MiniOzoneClusterImpl (MiniOzoneClusterImpl.java:lambda$waitForClusterToBeReady$0(194)) - Cluster exits safe mode
2025-05-14 02:55:11,341 [main] INFO  ozone.MiniOzoneClusterImpl (MiniOzoneClusterImpl.java:lambda$waitForClusterToBeReady$0(196)) - SCM became leader
2025-05-14 02:55:11,342 [main] WARN  keyvalue.KeyValueHandler (ContainerUtils.java:logAndReturnError(95)) - Operation: CloseContainer , Trace ID:  , Message: Cannot close container #7 while in UNHEALTHY state. , Result: CONTAINER_UNHEALTHY , StorageContainerException Occurred.
org.apache.hadoop.hdds.scm.container.common.helpers.StorageContainerException: Cannot close container #7 while in UNHEALTHY state.
	at org.apache.hadoop.ozone.container.keyvalue.KeyValueHandler.closeContainer(KeyValueHandler.java:1290)
	at org.apache.hadoop.ozone.container.keyvalue.KeyValueHandler.handleCloseContainer(KeyValueHandler.java:561)
	at org.apache.hadoop.ozone.container.keyvalue.KeyValueHandler.dispatchRequest(KeyValueHandler.java:286)
	at org.apache.hadoop.ozone.container.keyvalue.KeyValueHandler.handle(KeyValueHandler.java:250)
	at org.apache.hadoop.ozone.container.common.impl.HddsDispatcher.dispatchRequest(HddsDispatcher.java:350)
	at org.apache.hadoop.ozone.container.common.impl.HddsDispatcher.lambda$dispatch$1(HddsDispatcher.java:189)
	at org.apache.hadoop.hdds.server.OzoneProtocolMessageDispatcher.processRequest(OzoneProtocolMessageDispatcher.java:87)
	at org.apache.hadoop.ozone.container.common.impl.HddsDispatcher.dispatch(HddsDispatcher.java:188)
	at org.apache.hadoop.ozone.client.rpc.TestContainerStateMachineFailures.testUnhealthyContainer(TestContainerStateMachineFailures.java:451)
	at java.base/jdk.internal.reflect.DirectMethodHandleAccessor.invoke(DirectMethodHandleAccessor.java:103)
	at java.base/java.lang.reflect.Method.invoke(Method.java:580)
	at org.junit.platform.commons.util.ReflectionUtils.invokeMethod(ReflectionUtils.java:775)
	at org.junit.platform.commons.support.ReflectionSupport.invokeMethod(ReflectionSupport.java:479)
	at org.junit.jupiter.engine.execution.MethodInvocation.proceed(MethodInvocation.java:60)
	at org.junit.jupiter.engine.execution.InvocationInterceptorChain$ValidatingInvocation.proceed(InvocationInterceptorChain.java:131)
	at org.junit.jupiter.engine.extension.SameThreadTimeoutInvocation.proceed(SameThreadTimeoutInvocation.java:49)
	at org.junit.jupiter.engine.extension.TimeoutExtension.intercept(TimeoutExtension.java:161)
	at org.junit.jupiter.engine.extension.TimeoutExtension.interceptTestableMethod(TimeoutExtension.java:152)
	at org.junit.jupiter.engine.extension.TimeoutExtension.interceptTestMethod(TimeoutExtension.java:91)
	at org.junit.jupiter.engine.execution.InterceptingExecutableInvoker$ReflectiveInterceptorCall.lambda$ofVoidMethod$0(InterceptingExecutableInvoker.java:112)
	at org.junit.jupiter.engine.execution.InterceptingExecutableInvoker.lambda$invoke$0(InterceptingExecutableInvoker.java:94)
	at org.junit.jupiter.engine.execution.InvocationInterceptorChain$InterceptedInvocation.proceed(InvocationInterceptorChain.java:106)
	at org.junit.jupiter.engine.execution.InvocationInterceptorChain.proceed(InvocationInterceptorChain.java:64)
	at org.junit.jupiter.engine.execution.InvocationInterceptorChain.chainAndInvoke(InvocationInterceptorChain.java:45)
	at org.junit.jupiter.engine.execution.InvocationInterceptorChain.invoke(InvocationInterceptorChain.java:37)
	at org.junit.jupiter.engine.execution.InterceptingExecutableInvoker.invoke(InterceptingExecutableInvoker.java:93)
	at org.junit.jupiter.engine.execution.InterceptingExecutableInvoker.invoke(InterceptingExecutableInvoker.java:87)
	at org.junit.jupiter.engine.descriptor.TestMethodTestDescriptor.lambda$invokeTestMethod$7(TestMethodTestDescriptor.java:216)
	at org.junit.platform.engine.support.hierarchical.ThrowableCollector.execute(ThrowableCollector.java:73)
	at org.junit.jupiter.engine.descriptor.TestMethodTestDescriptor.invokeTestMethod(TestMethodTestDescriptor.java:212)
	at org.junit.jupiter.engine.descriptor.TestMethodTestDescriptor.execute(TestMethodTestDescriptor.java:137)
	at org.junit.jupiter.engine.descriptor.TestMethodTestDescriptor.execute(TestMethodTestDescriptor.java:69)
	at org.junit.platform.engine.support.hierarchical.NodeTestTask.lambda$executeRecursively$6(NodeTestTask.java:156)
	at org.junit.platform.engine.support.hierarchical.ThrowableCollector.execute(ThrowableCollector.java:73)
	at org.junit.platform.engine.support.hierarchical.NodeTestTask.lambda$executeRecursively$8(NodeTestTask.java:146)
	at org.junit.platform.engine.support.hierarchical.Node.around(Node.java:137)
	at org.junit.platform.engine.support.hierarchical.NodeTestTask.lambda$executeRecursively$9(NodeTestTask.java:144)
	at org.junit.platform.engine.support.hierarchical.ThrowableCollector.execute(ThrowableCollector.java:73)
	at org.junit.platform.engine.support.hierarchical.NodeTestTask.executeRecursively(NodeTestTask.java:143)
	at org.junit.platform.engine.support.hierarchical.NodeTestTask.execute(NodeTestTask.java:100)
	at java.base/java.util.ArrayList.forEach(ArrayList.java:1596)
	at org.junit.platform.engine.support.hierarchical.SameThreadHierarchicalTestExecutorService.invokeAll(SameThreadHierarchicalTestExecutorService.java:41)
	at org.junit.platform.engine.support.hierarchical.NodeTestTask.lambda$executeRecursively$6(NodeTestTask.java:160)
	at org.junit.platform.engine.support.hierarchical.ThrowableCollector.execute(ThrowableCollector.java:73)
	at org.junit.platform.engine.support.hierarchical.NodeTestTask.lambda$executeRecursively$8(NodeTestTask.java:146)
	at org.junit.platform.engine.support.hierarchical.Node.around(Node.java:137)
	at org.junit.platform.engine.support.hierarchical.NodeTestTask.lambda$executeRecursively$9(NodeTestTask.java:144)
	at org.junit.platform.engine.support.hierarchical.ThrowableCollector.execute(ThrowableCollector.java:73)
	at org.junit.platform.engine.support.hierarchical.NodeTestTask.executeRecursively(NodeTestTask.java:143)
	at org.junit.platform.engine.support.hierarchical.NodeTestTask.execute(NodeTestTask.java:100)
	at java.base/java.util.ArrayList.forEach(ArrayList.java:1596)
	at org.junit.platform.engine.support.hierarchical.SameThreadHierarchicalTestExecutorService.invokeAll(SameThreadHierarchicalTestExecutorService.java:41)
	at org.junit.platform.engine.support.hierarchical.NodeTestTask.lambda$executeRecursively$6(NodeTestTask.java:160)
	at org.junit.platform.engine.support.hierarchical.ThrowableCollector.execute(ThrowableCollector.java:73)
	at org.junit.platform.engine.support.hierarchical.NodeTestTask.lambda$executeRecursively$8(NodeTestTask.java:146)
	at org.junit.platform.engine.support.hierarchical.Node.around(Node.java:137)
	at org.junit.platform.engine.support.hierarchical.NodeTestTask.lambda$executeRecursively$9(NodeTestTask.java:144)
	at org.junit.platform.engine.support.hierarchical.ThrowableCollector.execute(ThrowableCollector.java:73)
	at org.junit.platform.engine.support.hierarchical.NodeTestTask.executeRecursively(NodeTestTask.java:143)
	at org.junit.platform.engine.support.hierarchical.NodeTestTask.execute(NodeTestTask.java:100)
	at org.junit.platform.engine.support.hierarchical.SameThreadHierarchicalTestExecutorService.submit(SameThreadHierarchicalTestExecutorService.java:35)
	at org.junit.platform.engine.support.hierarchical.HierarchicalTestExecutor.execute(HierarchicalTestExecutor.java:57)
	at org.junit.platform.engine.support.hierarchical.HierarchicalTestEngine.execute(HierarchicalTestEngine.java:54)
	at org.junit.platform.launcher.core.EngineExecutionOrchestrator.execute(EngineExecutionOrchestrator.java:201)
	at org.junit.platform.launcher.core.EngineExecutionOrchestrator.execute(EngineExecutionOrchestrator.java:170)
	at org.junit.platform.launcher.core.EngineExecutionOrchestrator.execute(EngineExecutionOrchestrator.java:94)
	at org.junit.platform.launcher.core.EngineExecutionOrchestrator.lambda$execute$0(EngineExecutionOrchestrator.java:59)
	at org.junit.platform.launcher.core.EngineExecutionOrchestrator.withInterceptedStreams(EngineExecutionOrchestrator.java:142)
	at org.junit.platform.launcher.core.EngineExecutionOrchestrator.execute(EngineExecutionOrchestrator.java:58)
	at org.junit.platform.launcher.core.DefaultLauncher.execute(DefaultLauncher.java:103)
	at org.junit.platform.launcher.core.DefaultLauncher.execute(DefaultLauncher.java:85)
	at org.junit.platform.launcher.core.DelegatingLauncher.execute(DelegatingLauncher.java:47)
	at org.junit.platform.launcher.core.InterceptingLauncher.lambda$execute$1(InterceptingLauncher.java:39)
	at org.junit.platform.launcher.core.ClasspathAlignmentCheckingLauncherInterceptor.intercept(ClasspathAlignmentCheckingLauncherInterceptor.java:25)
	at org.junit.platform.launcher.core.InterceptingLauncher.execute(InterceptingLauncher.java:38)
	at org.junit.platform.launcher.core.DelegatingLauncher.execute(DelegatingLauncher.java:47)
	at org.apache.maven.surefire.junitplatform.LazyLauncher.execute(LazyLauncher.java:56)
	at org.apache.maven.surefire.junitplatform.JUnitPlatformProvider.execute(JUnitPlatformProvider.java:184)
	at org.apache.maven.surefire.junitplatform.JUnitPlatformProvider.invokeAllTests(JUnitPlatformProvider.java:148)
	at org.apache.maven.surefire.junitplatform.JUnitPlatformProvider.invoke(JUnitPlatformProvider.java:120)
	at org.apache.maven.surefire.booter.ForkedBooter.runSuitesInProcess(ForkedBooter.java:385)
	at org.apache.maven.surefire.booter.ForkedBooter.execute(ForkedBooter.java:162)
	at org.apache.maven.surefire.booter.ForkedBooter.run(ForkedBooter.java:507)
	at org.apache.maven.surefire.booter.ForkedBooter.main(ForkedBooter.java:495)
02:55:11.343 [main] ERROR DNAudit - user=null | ip=null | op=CLOSE_CONTAINER {containerID=7} | ret=FAILURE
java.lang.Exception: Cannot close container #7 while in UNHEALTHY state.
	at org.apache.hadoop.ozone.container.common.impl.HddsDispatcher.dispatchRequest(HddsDispatcher.java:424) ~[hdds-container-service-2.1.0-SNAPSHOT.jar:?]
	at org.apache.hadoop.ozone.container.common.impl.HddsDispatcher.lambda$dispatch$1(HddsDispatcher.java:189) ~[hdds-container-service-2.1.0-SNAPSHOT.jar:?]
	at org.apache.hadoop.hdds.server.OzoneProtocolMessageDispatcher.processRequest(OzoneProtocolMessageDispatcher.java:87) ~[hdds-server-framework-2.1.0-SNAPSHOT.jar:?]
	at org.apache.hadoop.ozone.container.common.impl.HddsDispatcher.dispatch(HddsDispatcher.java:188) ~[hdds-container-service-2.1.0-SNAPSHOT.jar:?]
	at org.apache.hadoop.ozone.client.rpc.TestContainerStateMachineFailures.testUnhealthyContainer(TestContainerStateMachineFailures.java:451) ~[test-classes/:?]
	at java.base/jdk.internal.reflect.DirectMethodHandleAccessor.invoke(DirectMethodHandleAccessor.java:103) ~[?:?]
	at java.base/java.lang.reflect.Method.invoke(Method.java:580) ~[?:?]
	at org.junit.platform.commons.util.ReflectionUtils.invokeMethod(ReflectionUtils.java:775) ~[junit-platform-commons-1.12.2.jar:1.12.2]
	at org.junit.platform.commons.support.ReflectionSupport.invokeMethod(ReflectionSupport.java:479) ~[junit-platform-commons-1.12.2.jar:1.12.2]
	at org.junit.jupiter.engine.execution.MethodInvocation.proceed(MethodInvocation.java:60) ~[junit-jupiter-engine-5.12.2.jar:5.12.2]
	at org.junit.jupiter.engine.execution.InvocationInterceptorChain$ValidatingInvocation.proceed(InvocationInterceptorChain.java:131) ~[junit-jupiter-engine-5.12.2.jar:5.12.2]
	at org.junit.jupiter.engine.extension.SameThreadTimeoutInvocation.proceed(SameThreadTimeoutInvocation.java:49) ~[junit-jupiter-engine-5.12.2.jar:5.12.2]
	at org.junit.jupiter.engine.extension.TimeoutExtension.intercept(TimeoutExtension.java:161) ~[junit-jupiter-engine-5.12.2.jar:5.12.2]
	at org.junit.jupiter.engine.extension.TimeoutExtension.interceptTestableMethod(TimeoutExtension.java:152) ~[junit-jupiter-engine-5.12.2.jar:5.12.2]
	at org.junit.jupiter.engine.extension.TimeoutExtension.interceptTestMethod(TimeoutExtension.java:91) ~[junit-jupiter-engine-5.12.2.jar:5.12.2]
	at org.junit.jupiter.engine.execution.InterceptingExecutableInvoker$ReflectiveInterceptorCall.lambda$ofVoidMethod$0(InterceptingExecutableInvoker.java:112) ~[junit-jupiter-engine-5.12.2.jar:5.12.2]
	at org.junit.jupiter.engine.execution.InterceptingExecutableInvoker.lambda$invoke$0(InterceptingExecutableInvoker.java:94) ~[junit-jupiter-engine-5.12.2.jar:5.12.2]
	at org.junit.jupiter.engine.execution.InvocationInterceptorChain$InterceptedInvocation.proceed(InvocationInterceptorChain.java:106) ~[junit-jupiter-engine-5.12.2.jar:5.12.2]
	at org.junit.jupiter.engine.execution.InvocationInterceptorChain.proceed(InvocationInterceptorChain.java:64) ~[junit-jupiter-engine-5.12.2.jar:5.12.2]
	at org.junit.jupiter.engine.execution.InvocationInterceptorChain.chainAndInvoke(InvocationInterceptorChain.java:45) ~[junit-jupiter-engine-5.12.2.jar:5.12.2]
	at org.junit.jupiter.engine.execution.InvocationInterceptorChain.invoke(InvocationInterceptorChain.java:37) ~[junit-jupiter-engine-5.12.2.jar:5.12.2]
	at org.junit.jupiter.engine.execution.InterceptingExecutableInvoker.invoke(InterceptingExecutableInvoker.java:93) ~[junit-jupiter-engine-5.12.2.jar:5.12.2]
	at org.junit.jupiter.engine.execution.InterceptingExecutableInvoker.invoke(InterceptingExecutableInvoker.java:87) ~[junit-jupiter-engine-5.12.2.jar:5.12.2]
	at org.junit.jupiter.engine.descriptor.TestMethodTestDescriptor.lambda$invokeTestMethod$7(TestMethodTestDescriptor.java:216) ~[junit-jupiter-engine-5.12.2.jar:5.12.2]
	at org.junit.platform.engine.support.hierarchical.ThrowableCollector.execute(ThrowableCollector.java:73) ~[junit-platform-engine-1.12.2.jar:1.12.2]
	at org.junit.jupiter.engine.descriptor.TestMethodTestDescriptor.invokeTestMethod(TestMethodTestDescriptor.java:212) ~[junit-jupiter-engine-5.12.2.jar:5.12.2]
	at org.junit.jupiter.engine.descriptor.TestMethodTestDescriptor.execute(TestMethodTestDescriptor.java:137) ~[junit-jupiter-engine-5.12.2.jar:5.12.2]
	at org.junit.jupiter.engine.descriptor.TestMethodTestDescriptor.execute(TestMethodTestDescriptor.java:69) ~[junit-jupiter-engine-5.12.2.jar:5.12.2]
	at org.junit.platform.engine.support.hierarchical.NodeTestTask.lambda$executeRecursively$6(NodeTestTask.java:156) ~[junit-platform-engine-1.12.2.jar:1.12.2]
	at org.junit.platform.engine.support.hierarchical.ThrowableCollector.execute(ThrowableCollector.java:73) ~[junit-platform-engine-1.12.2.jar:1.12.2]
	at org.junit.platform.engine.support.hierarchical.NodeTestTask.lambda$executeRecursively$8(NodeTestTask.java:146) ~[junit-platform-engine-1.12.2.jar:1.12.2]
	at org.junit.platform.engine.support.hierarchical.Node.around(Node.java:137) ~[junit-platform-engine-1.12.2.jar:1.12.2]
	at org.junit.platform.engine.support.hierarchical.NodeTestTask.lambda$executeRecursively$9(NodeTestTask.java:144) ~[junit-platform-engine-1.12.2.jar:1.12.2]
	at org.junit.platform.engine.support.hierarchical.ThrowableCollector.execute(ThrowableCollector.java:73) ~[junit-platform-engine-1.12.2.jar:1.12.2]
	at org.junit.platform.engine.support.hierarchical.NodeTestTask.executeRecursively(NodeTestTask.java:143) ~[junit-platform-engine-1.12.2.jar:1.12.2]
	at org.junit.platform.engine.support.hierarchical.NodeTestTask.execute(NodeTestTask.java:100) ~[junit-platform-engine-1.12.2.jar:1.12.2]
	at java.base/java.util.ArrayList.forEach(ArrayList.java:1596) ~[?:?]
	at org.junit.platform.engine.support.hierarchical.SameThreadHierarchicalTestExecutorService.invokeAll(SameThreadHierarchicalTestExecutorService.java:41) ~[junit-platform-engine-1.12.2.jar:1.12.2]
	at org.junit.platform.engine.support.hierarchical.NodeTestTask.lambda$executeRecursively$6(NodeTestTask.java:160) ~[junit-platform-engine-1.12.2.jar:1.12.2]
	at org.junit.platform.engine.support.hierarchical.ThrowableCollector.execute(ThrowableCollector.java:73) ~[junit-platform-engine-1.12.2.jar:1.12.2]
	at org.junit.platform.engine.support.hierarchical.NodeTestTask.lambda$executeRecursively$8(NodeTestTask.java:146) ~[junit-platform-engine-1.12.2.jar:1.12.2]
	at org.junit.platform.engine.support.hierarchical.Node.around(Node.java:137) ~[junit-platform-engine-1.12.2.jar:1.12.2]
	at org.junit.platform.engine.support.hierarchical.NodeTestTask.lambda$executeRecursively$9(NodeTestTask.java:144) ~[junit-platform-engine-1.12.2.jar:1.12.2]
	at org.junit.platform.engine.support.hierarchical.ThrowableCollector.execute(ThrowableCollector.java:73) ~[junit-platform-engine-1.12.2.jar:1.12.2]
	at org.junit.platform.engine.support.hierarchical.NodeTestTask.executeRecursively(NodeTestTask.java:143) ~[junit-platform-engine-1.12.2.jar:1.12.2]
	at org.junit.platform.engine.support.hierarchical.NodeTestTask.execute(NodeTestTask.java:100) ~[junit-platform-engine-1.12.2.jar:1.12.2]
	at java.base/java.util.ArrayList.forEach(ArrayList.java:1596) ~[?:?]
	at org.junit.platform.engine.support.hierarchical.SameThreadHierarchicalTestExecutorService.invokeAll(SameThreadHierarchicalTestExecutorService.java:41) ~[junit-platform-engine-1.12.2.jar:1.12.2]
	at org.junit.platform.engine.support.hierarchical.NodeTestTask.lambda$executeRecursively$6(NodeTestTask.java:160) ~[junit-platform-engine-1.12.2.jar:1.12.2]
	at org.junit.platform.engine.support.hierarchical.ThrowableCollector.execute(ThrowableCollector.java:73) ~[junit-platform-engine-1.12.2.jar:1.12.2]
	at org.junit.platform.engine.support.hierarchical.NodeTestTask.lambda$executeRecursively$8(NodeTestTask.java:146) ~[junit-platform-engine-1.12.2.jar:1.12.2]
	at org.junit.platform.engine.support.hierarchical.Node.around(Node.java:137) ~[junit-platform-engine-1.12.2.jar:1.12.2]
	at org.junit.platform.engine.support.hierarchical.NodeTestTask.lambda$executeRecursively$9(NodeTestTask.java:144) ~[junit-platform-engine-1.12.2.jar:1.12.2]
	at org.junit.platform.engine.support.hierarchical.ThrowableCollector.execute(ThrowableCollector.java:73) ~[junit-platform-engine-1.12.2.jar:1.12.2]
	at org.junit.platform.engine.support.hierarchical.NodeTestTask.executeRecursively(NodeTestTask.java:143) ~[junit-platform-engine-1.12.2.jar:1.12.2]
	at org.junit.platform.engine.support.hierarchical.NodeTestTask.execute(NodeTestTask.java:100) ~[junit-platform-engine-1.12.2.jar:1.12.2]
	at org.junit.platform.engine.support.hierarchical.SameThreadHierarchicalTestExecutorService.submit(SameThreadHierarchicalTestExecutorService.java:35) ~[junit-platform-engine-1.12.2.jar:1.12.2]
	at org.junit.platform.engine.support.hierarchical.HierarchicalTestExecutor.execute(HierarchicalTestExecutor.java:57) ~[junit-platform-engine-1.12.2.jar:1.12.2]
	at org.junit.platform.engine.support.hierarchical.HierarchicalTestEngine.execute(HierarchicalTestEngine.java:54) ~[junit-platform-engine-1.12.2.jar:1.12.2]
	at org.junit.platform.launcher.core.EngineExecutionOrchestrator.execute(EngineExecutionOrchestrator.java:201) ~[junit-platform-launcher-1.12.2.jar:1.12.2]
	at org.junit.platform.launcher.core.EngineExecutionOrchestrator.execute(EngineExecutionOrchestrator.java:170) ~[junit-platform-launcher-1.12.2.jar:1.12.2]
	at org.junit.platform.launcher.core.EngineExecutionOrchestrator.execute(EngineExecutionOrchestrator.java:94) ~[junit-platform-launcher-1.12.2.jar:1.12.2]
	at org.junit.platform.launcher.core.EngineExecutionOrchestrator.lambda$execute$0(EngineExecutionOrchestrator.java:59) ~[junit-platform-launcher-1.12.2.jar:1.12.2]
	at org.junit.platform.launcher.core.EngineExecutionOrchestrator.withInterceptedStreams(EngineExecutionOrchestrator.java:142) ~[junit-platform-launcher-1.12.2.jar:1.12.2]
	at org.junit.platform.launcher.core.EngineExecutionOrchestrator.execute(EngineExecutionOrchestrator.java:58) ~[junit-platform-launcher-1.12.2.jar:1.12.2]
	at org.junit.platform.launcher.core.DefaultLauncher.execute(DefaultLauncher.java:103) ~[junit-platform-launcher-1.12.2.jar:1.12.2]
	at org.junit.platform.launcher.core.DefaultLauncher.execute(DefaultLauncher.java:85) ~[junit-platform-launcher-1.12.2.jar:1.12.2]
	at org.junit.platform.launcher.core.DelegatingLauncher.execute(DelegatingLauncher.java:47) ~[junit-platform-launcher-1.12.2.jar:1.12.2]
	at org.junit.platform.launcher.core.InterceptingLauncher.lambda$execute$1(InterceptingLauncher.java:39) ~[junit-platform-launcher-1.12.2.jar:1.12.2]
	at org.junit.platform.launcher.core.ClasspathAlignmentCheckingLauncherInterceptor.intercept(ClasspathAlignmentCheckingLauncherInterceptor.java:25) [junit-platform-launcher-1.12.2.jar:1.12.2]
	at org.junit.platform.launcher.core.InterceptingLauncher.execute(InterceptingLauncher.java:38) [junit-platform-launcher-1.12.2.jar:1.12.2]
	at org.junit.platform.launcher.core.DelegatingLauncher.execute(DelegatingLauncher.java:47) [junit-platform-launcher-1.12.2.jar:1.12.2]
	at org.apache.maven.surefire.junitplatform.LazyLauncher.execute(LazyLauncher.java:56) [surefire-junit-platform-3.5.2.jar:3.5.2]
	at org.apache.maven.surefire.junitplatform.JUnitPlatformProvider.execute(JUnitPlatformProvider.java:184) [surefire-junit-platform-3.5.2.jar:3.5.2]
	at org.apache.maven.surefire.junitplatform.JUnitPlatformProvider.invokeAllTests(JUnitPlatformProvider.java:148) [surefire-junit-platform-3.5.2.jar:3.5.2]
	at org.apache.maven.surefire.junitplatform.JUnitPlatformProvider.invoke(JUnitPlatformProvider.java:120) [surefire-junit-platform-3.5.2.jar:3.5.2]
	at org.apache.maven.surefire.booter.ForkedBooter.runSuitesInProcess(ForkedBooter.java:385) [surefire-booter-3.5.2.jar:3.5.2]
	at org.apache.maven.surefire.booter.ForkedBooter.execute(ForkedBooter.java:162) [surefire-booter-3.5.2.jar:3.5.2]
	at org.apache.maven.surefire.booter.ForkedBooter.run(ForkedBooter.java:507) [surefire-booter-3.5.2.jar:3.5.2]
	at org.apache.maven.surefire.booter.ForkedBooter.main(ForkedBooter.java:495) [surefire-booter-3.5.2.jar:3.5.2]
]]></system-out>
  </testcase>
  <testcase name="testContainerStateMachineDualFailureRetry" classname="org.apache.hadoop.ozone.client.rpc.TestContainerStateMachineFailures" time="9.758">
    <system-out><![CDATA[2025-05-14 02:55:11,383 [f4f68937-1ce3-42e1-b3e7-547ae2d23d85-ChunkWriter-1-0] ERROR helpers.ContainerUtils (ContainerUtils.java:getChunkDir(297)) - Chunks dir /home/runner/work/ozone/ozone/hadoop-ozone/integration-test/target/test-dir/MiniOzoneClusterImpl-af940217-b311-440f-8e09-352fdf66236b/ozone-meta/datanode-7/data-0/hdds/af940217-b311-440f-8e09-352fdf66236b/current/containerDir0/9/chunks does not exist
2025-05-14 02:55:11,383 [f4f68937-1ce3-42e1-b3e7-547ae2d23d85-ChunkWriter-1-0] WARN  keyvalue.KeyValueHandler (ContainerUtils.java:logAndReturnError(95)) - Operation: WriteChunk , Trace ID:  , Message: Chunks directory /home/runner/work/ozone/ozone/hadoop-ozone/integration-test/target/test-dir/MiniOzoneClusterImpl-af940217-b311-440f-8e09-352fdf66236b/ozone-meta/datanode-7/data-0/hdds/af940217-b311-440f-8e09-352fdf66236b/current/containerDir0/9/chunks does not exist. , Result: UNABLE_TO_FIND_DATA_DIR , StorageContainerException Occurred.
org.apache.hadoop.hdds.scm.container.common.helpers.StorageContainerException: Chunks directory /home/runner/work/ozone/ozone/hadoop-ozone/integration-test/target/test-dir/MiniOzoneClusterImpl-af940217-b311-440f-8e09-352fdf66236b/ozone-meta/datanode-7/data-0/hdds/af940217-b311-440f-8e09-352fdf66236b/current/containerDir0/9/chunks does not exist.
	at org.apache.hadoop.ozone.container.common.helpers.ContainerUtils.getChunkDir(ContainerUtils.java:299)
	at org.apache.hadoop.ozone.container.common.impl.ContainerLayoutVersion.getChunkFile(ContainerLayoutVersion.java:115)
	at org.apache.hadoop.ozone.container.keyvalue.impl.FilePerBlockStrategy.getChunkFile(FilePerBlockStrategy.java:282)
	at org.apache.hadoop.ozone.container.keyvalue.impl.FilePerBlockStrategy.writeChunk(FilePerBlockStrategy.java:147)
	at org.apache.hadoop.ozone.container.keyvalue.impl.ChunkManagerDispatcher.writeChunk(ChunkManagerDispatcher.java:70)
	at org.apache.hadoop.ozone.container.keyvalue.KeyValueHandler.handleWriteChunk(KeyValueHandler.java:938)
	at org.apache.hadoop.ozone.container.keyvalue.KeyValueHandler.dispatchRequest(KeyValueHandler.java:300)
	at org.apache.hadoop.ozone.container.keyvalue.KeyValueHandler.handle(KeyValueHandler.java:250)
	at org.apache.hadoop.ozone.container.common.impl.HddsDispatcher.dispatchRequest(HddsDispatcher.java:350)
	at org.apache.hadoop.ozone.container.common.impl.HddsDispatcher.lambda$dispatch$1(HddsDispatcher.java:189)
	at org.apache.hadoop.hdds.server.OzoneProtocolMessageDispatcher.processRequest(OzoneProtocolMessageDispatcher.java:87)
	at org.apache.hadoop.ozone.container.common.impl.HddsDispatcher.dispatch(HddsDispatcher.java:188)
	at org.apache.hadoop.ozone.container.common.transport.server.ratis.ContainerStateMachine.dispatchCommand(ContainerStateMachine.java:567)
	at org.apache.hadoop.ozone.container.common.transport.server.ratis.ContainerStateMachine.lambda$writeStateMachineData$2(ContainerStateMachine.java:622)
	at java.base/java.util.concurrent.FutureTask.run(FutureTask.java:317)
	at java.base/java.util.concurrent.ThreadPoolExecutor.runWorker(ThreadPoolExecutor.java:1144)
	at java.base/java.util.concurrent.ThreadPoolExecutor$Worker.run(ThreadPoolExecutor.java:642)
	at java.base/java.lang.Thread.run(Thread.java:1583)
2025-05-14 02:55:11,384 [8e51993b-4f71-45b0-84f2-cf37ffbd2099@group-AFF22C375116-StateMachineUpdater] INFO  ratis.ContainerStateMachine (ContainerStateMachine.java:takeSnapshot(427)) - group-AFF22C375116: Taking a snapshot at:(t:1, i:3) file /home/runner/work/ozone/ozone/hadoop-ozone/integration-test/target/test-dir/MiniOzoneClusterImpl-af940217-b311-440f-8e09-352fdf66236b/ozone-meta/datanode-8/ratis/04f6c6c3-d74d-4db8-823f-aff22c375116/sm/snapshot.1_3
2025-05-14 02:55:11,387 [8e51993b-4f71-45b0-84f2-cf37ffbd2099@group-AFF22C375116-StateMachineUpdater] INFO  ratis.ContainerStateMachine (ContainerStateMachine.java:takeSnapshot(436)) - group-AFF22C375116: Finished taking a snapshot at:(t:1, i:3) file:/home/runner/work/ozone/ozone/hadoop-ozone/integration-test/target/test-dir/MiniOzoneClusterImpl-af940217-b311-440f-8e09-352fdf66236b/ozone-meta/datanode-8/ratis/04f6c6c3-d74d-4db8-823f-aff22c375116/sm/snapshot.1_3 took: 3 ms
2025-05-14 02:55:11,388 [8e51993b-4f71-45b0-84f2-cf37ffbd2099@group-AFF22C375116-StateMachineUpdater] INFO  impl.StateMachineUpdater (StateMachineUpdater.java:takeSnapshot(303)) - 8e51993b-4f71-45b0-84f2-cf37ffbd2099@group-AFF22C375116-StateMachineUpdater: Took a snapshot at index 3
2025-05-14 02:55:11,388 [8e51993b-4f71-45b0-84f2-cf37ffbd2099@group-AFF22C375116-StateMachineUpdater] INFO  impl.StateMachineUpdater (StateMachineUpdater.java:lambda$new$0(102)) - 8e51993b-4f71-45b0-84f2-cf37ffbd2099@group-AFF22C375116-StateMachineUpdater: snapshotIndex: updateIncreasingly 0 -> 3
2025-05-14 02:55:11,388 [6338fc9c-a704-4fa0-9c76-ba0cbc116aba@group-AFF22C375116-StateMachineUpdater] INFO  ratis.ContainerStateMachine (ContainerStateMachine.java:takeSnapshot(427)) - group-AFF22C375116: Taking a snapshot at:(t:1, i:4) file /home/runner/work/ozone/ozone/hadoop-ozone/integration-test/target/test-dir/MiniOzoneClusterImpl-af940217-b311-440f-8e09-352fdf66236b/ozone-meta/datanode-9/ratis/04f6c6c3-d74d-4db8-823f-aff22c375116/sm/snapshot.1_4
2025-05-14 02:55:11,389 [6338fc9c-a704-4fa0-9c76-ba0cbc116aba@group-AFF22C375116-StateMachineUpdater] INFO  ratis.ContainerStateMachine (ContainerStateMachine.java:takeSnapshot(436)) - group-AFF22C375116: Finished taking a snapshot at:(t:1, i:4) file:/home/runner/work/ozone/ozone/hadoop-ozone/integration-test/target/test-dir/MiniOzoneClusterImpl-af940217-b311-440f-8e09-352fdf66236b/ozone-meta/datanode-9/ratis/04f6c6c3-d74d-4db8-823f-aff22c375116/sm/snapshot.1_4 took: 1 ms
2025-05-14 02:55:11,389 [6338fc9c-a704-4fa0-9c76-ba0cbc116aba@group-AFF22C375116-StateMachineUpdater] INFO  impl.StateMachineUpdater (StateMachineUpdater.java:takeSnapshot(303)) - 6338fc9c-a704-4fa0-9c76-ba0cbc116aba@group-AFF22C375116-StateMachineUpdater: Took a snapshot at index 4
2025-05-14 02:55:11,389 [6338fc9c-a704-4fa0-9c76-ba0cbc116aba@group-AFF22C375116-StateMachineUpdater] INFO  impl.StateMachineUpdater (StateMachineUpdater.java:lambda$new$0(102)) - 6338fc9c-a704-4fa0-9c76-ba0cbc116aba@group-AFF22C375116-StateMachineUpdater: snapshotIndex: updateIncreasingly 0 -> 4
2025-05-14 02:55:11,389 [f4f68937-1ce3-42e1-b3e7-547ae2d23d85-ChunkWriter-1-0] WARN  keyvalue.KeyValueContainer (KeyValueContainer.java:markContainerUnhealthy(394)) - Marked container UNHEALTHY from OPEN: KeyValueContainerData #9 (UNHEALTHY, non-empty, ri=0, origin=[dn_f4f68937-1ce3-42e1-b3e7-547ae2d23d85, pipeline_04f6c6c3-d74d-4db8-823f-aff22c375116])
02:55:11.389 [f4f68937-1ce3-42e1-b3e7-547ae2d23d85-ChunkWriter-1-0] ERROR ContainerLog - ID=9 | Index=0 | BCSID=2 | State=UNHEALTHY | Volume=/home/runner/work/ozone/ozone/hadoop-ozone/integration-test/target/test-dir/MiniOzoneClusterImpl-af940217-b311-440f-8e09-352fdf66236b/ozone-meta/datanode-7/data-0/hdds | WRITE_FAILURE for file /home/runner/work/ozone/ozone/hadoop-ozone/integration-test/target/test-dir/MiniOzoneClusterImpl-af940217-b311-440f-8e09-352fdf66236b/ozone-meta/datanode-7/data-0/hdds/af940217-b311-440f-8e09-352fdf66236b/current/containerDir0/9. Message: null
2025-05-14 02:55:11,390 [f4f68937-1ce3-42e1-b3e7-547ae2d23d85-ChunkWriter-1-0] INFO  impl.HddsDispatcher (HddsDispatcher.java:dispatchRequest(396)) - Marked Container UNHEALTHY, ContainerID: 9
02:55:11.390 [f4f68937-1ce3-42e1-b3e7-547ae2d23d85-ChunkWriter-1-0] ERROR DNAudit - user=null | ip=null | op=WRITE_CHUNK {blockData=conID: 9 locID: 115816896921600009 bcsId: 2 replicaIndex: 0, offset=5, size=10, stage=WRITE_DATA} | ret=FAILURE
java.lang.Exception: Chunks directory /home/runner/work/ozone/ozone/hadoop-ozone/integration-test/target/test-dir/MiniOzoneClusterImpl-af940217-b311-440f-8e09-352fdf66236b/ozone-meta/datanode-7/data-0/hdds/af940217-b311-440f-8e09-352fdf66236b/current/containerDir0/9/chunks does not exist.
	at org.apache.hadoop.ozone.container.common.impl.HddsDispatcher.dispatchRequest(HddsDispatcher.java:424) ~[hdds-container-service-2.1.0-SNAPSHOT.jar:?]
	at org.apache.hadoop.ozone.container.common.impl.HddsDispatcher.lambda$dispatch$1(HddsDispatcher.java:189) ~[hdds-container-service-2.1.0-SNAPSHOT.jar:?]
	at org.apache.hadoop.hdds.server.OzoneProtocolMessageDispatcher.processRequest(OzoneProtocolMessageDispatcher.java:87) ~[hdds-server-framework-2.1.0-SNAPSHOT.jar:?]
	at org.apache.hadoop.ozone.container.common.impl.HddsDispatcher.dispatch(HddsDispatcher.java:188) ~[hdds-container-service-2.1.0-SNAPSHOT.jar:?]
	at org.apache.hadoop.ozone.container.common.transport.server.ratis.ContainerStateMachine.dispatchCommand(ContainerStateMachine.java:567) ~[hdds-container-service-2.1.0-SNAPSHOT.jar:?]
	at org.apache.hadoop.ozone.container.common.transport.server.ratis.ContainerStateMachine.lambda$writeStateMachineData$2(ContainerStateMachine.java:622) ~[hdds-container-service-2.1.0-SNAPSHOT.jar:?]
	at java.base/java.util.concurrent.FutureTask.run(FutureTask.java:317) ~[?:?]
	at java.base/java.util.concurrent.ThreadPoolExecutor.runWorker(ThreadPoolExecutor.java:1144) ~[?:?]
	at java.base/java.util.concurrent.ThreadPoolExecutor$Worker.run(ThreadPoolExecutor.java:642) ~[?:?]
	at java.base/java.lang.Thread.run(Thread.java:1583) [?:?]
2025-05-14 02:55:11,391 [FixedThreadPoolWithAffinityExecutor-9-0] INFO  container.IncrementalContainerReportHandler (AbstractContainerReportHandler.java:updateContainerState(253)) - FINALIZE (i.e. CLOSING) Container #9 (OPEN, sid=0) r0 (UNHEALTHY, bcsid=2, origin=f4f68937-1ce3-42e1-b3e7-547ae2d23d85, non-empty) from dn f4f68937-1ce3-42e1-b3e7-547ae2d23d85(localhost/127.0.0.1)
2025-05-14 02:55:11,391 [f4f68937-1ce3-42e1-b3e7-547ae2d23d85-ChunkWriter-1-0] ERROR ratis.ContainerStateMachine (ContainerStateMachine.java:handleCommandResult(662)) - group-AFF22C375116: writeChunk writeStateMachineData failed: blockIdcontainerID: 9
localID: 115816896921600009
blockCommitSequenceId: 2
replicaIndex: 0
 logIndex 4 chunkName 115816896921600009_chunk_2 Error message: Chunks directory /home/runner/work/ozone/ozone/hadoop-ozone/integration-test/target/test-dir/MiniOzoneClusterImpl-af940217-b311-440f-8e09-352fdf66236b/ozone-meta/datanode-7/data-0/hdds/af940217-b311-440f-8e09-352fdf66236b/current/containerDir0/9/chunks does not exist. Container Result: UNABLE_TO_FIND_DATA_DIR
2025-05-14 02:55:11,392 [f4f68937-1ce3-42e1-b3e7-547ae2d23d85@group-AFF22C375116-SegmentedRaftLogWorker] ERROR ratis.ContainerStateMachine (ContainerStateMachine.java:notifyLogFailed(1268)) - group-AFF22C375116: (t:1, i:4) cmdType: WriteChunk traceID: "" containerID: 9 datanodeUuid: "8e51993b-4f71-45b0-84f2-cf37ffbd2099" pipelineID: "04f6c6c3-d74d-4db8-823f-aff22c375116" writeChunk { blockID { containerID: 9 localID: 115816896921600009 blockCommitSequenceId: 2 replicaIndex: 0 } chunkData { chunkName: "115816896921600009_chunk_2" offset: 5 len: 10 checksumData { type: CRC32 bytesPerChecksum: 16384 checksums: "\317\357R*" } } } version: 3, container path=/home/runner/work/ozone/ozone/hadoop-ozone/integration-test/target/test-dir/MiniOzoneClusterImpl-af940217-b311-440f-8e09-352fdf66236b/ozone-meta/datanode-7/data-0/hdds/af940217-b311-440f-8e09-352fdf66236b/current/containerDir0/9
org.apache.hadoop.hdds.scm.container.common.helpers.StorageContainerException: Chunks directory /home/runner/work/ozone/ozone/hadoop-ozone/integration-test/target/test-dir/MiniOzoneClusterImpl-af940217-b311-440f-8e09-352fdf66236b/ozone-meta/datanode-7/data-0/hdds/af940217-b311-440f-8e09-352fdf66236b/current/containerDir0/9/chunks does not exist.
	at org.apache.hadoop.ozone.container.common.transport.server.ratis.ContainerStateMachine.handleCommandResult(ContainerStateMachine.java:661)
	at org.apache.hadoop.ozone.container.common.transport.server.ratis.ContainerStateMachine.lambda$writeStateMachineData$2(ContainerStateMachine.java:623)
	at java.base/java.util.concurrent.FutureTask.run(FutureTask.java:317)
	at java.base/java.util.concurrent.ThreadPoolExecutor.runWorker(ThreadPoolExecutor.java:1144)
	at java.base/java.util.concurrent.ThreadPoolExecutor$Worker.run(ThreadPoolExecutor.java:642)
	at java.base/java.lang.Thread.run(Thread.java:1583)
2025-05-14 02:55:11,392 [f4f68937-1ce3-42e1-b3e7-547ae2d23d85@group-AFF22C375116-SegmentedRaftLogWorker] WARN  ratis.XceiverServerRatis (XceiverServerRatis.java:triggerPipelineClose(758)) - pipeline Action CLOSE on pipeline PipelineID=04f6c6c3-d74d-4db8-823f-aff22c375116.Reason : Chunks directory /home/runner/work/ozone/ozone/hadoop-ozone/integration-test/target/test-dir/MiniOzoneClusterImpl-af940217-b311-440f-8e09-352fdf66236b/ozone-meta/datanode-7/data-0/hdds/af940217-b311-440f-8e09-352fdf66236b/current/containerDir0/9/chunks does not exist.
2025-05-14 02:55:11,393 [f4f68937-1ce3-42e1-b3e7-547ae2d23d85@group-AFF22C375116-SegmentedRaftLogWorker] ERROR ratis.ContainerStateMachine (ContainerStateMachine.java:notifyLogFailed(1268)) - group-AFF22C375116: (t:1, i:5) cmdType: PutBlock traceID: "" containerID: 9 datanodeUuid: "8e51993b-4f71-45b0-84f2-cf37ffbd2099" pipelineID: "04f6c6c3-d74d-4db8-823f-aff22c375116" putBlock { blockData { blockID { containerID: 9 localID: 115816896921600009 blockCommitSequenceId: 0 } metadata { key: "TYPE" value: "KEY" } chunks { chunkName: "115816896921600009_chunk_1" offset: 0 len: 5 checksumData { type: CRC32 bytesPerChecksum: 16384 checksums: "\350a\3440" } } chunks { chunkName: "115816896921600009_chunk_2" offset: 5 len: 10 checksumData { type: CRC32 bytesPerChecksum: 16384 checksums: "\317\357R*" } } } eof: false } version: 3, container path=/home/runner/work/ozone/ozone/hadoop-ozone/integration-test/target/test-dir/MiniOzoneClusterImpl-af940217-b311-440f-8e09-352fdf66236b/ozone-meta/datanode-7/data-0/hdds/af940217-b311-440f-8e09-352fdf66236b/current/containerDir0/9
org.apache.ratis.server.raftlog.RaftLogIOException: Log already failed at index 4 for task WriteLog:4: (t:1, i:4), STATEMACHINELOGENTRY, cmdType: WriteChunk traceID: "" containerID: 9 datanodeUuid: "8e51993b-4f71-45b0-84f2-cf37ffbd2099" pipelineID: "04f6c6c3-d74d-4db8-823f-aff22c375116" writeChunk { blockID { containerID: 9 localID: 115816896921600009 blockCommitSequenceId: 2 replicaIndex: 0 } chunkData { chunkName: "115816896921600009_chunk_2" offset: 5 len: 10 checksumData { type: CRC32 bytesPerChecksum: 16384 checksums: "\317\357R*" } } } version: 3, container path=/home/runner/work/ozone/ozone/hadoop-ozone/integration-test/target/test-dir/MiniOzoneClusterImpl-af940217-b311-440f-8e09-352fdf66236b/ozone-meta/datanode-7/data-0/hdds/af940217-b311-440f-8e09-352fdf66236b/current/containerDir0/9
	at org.apache.ratis.server.raftlog.segmented.SegmentedRaftLogWorker.run(SegmentedRaftLogWorker.java:327)
	at java.base/java.util.concurrent.Executors$RunnableAdapter.call(Executors.java:572)
	at java.base/java.util.concurrent.FutureTask.run(FutureTask.java:317)
	at java.base/java.util.concurrent.ThreadPoolExecutor.runWorker(ThreadPoolExecutor.java:1144)
	at java.base/java.util.concurrent.ThreadPoolExecutor$Worker.run(ThreadPoolExecutor.java:642)
	at java.base/java.lang.Thread.run(Thread.java:1583)
Caused by: org.apache.hadoop.hdds.scm.container.common.helpers.StorageContainerException: Chunks directory /home/runner/work/ozone/ozone/hadoop-ozone/integration-test/target/test-dir/MiniOzoneClusterImpl-af940217-b311-440f-8e09-352fdf66236b/ozone-meta/datanode-7/data-0/hdds/af940217-b311-440f-8e09-352fdf66236b/current/containerDir0/9/chunks does not exist.
	at org.apache.hadoop.ozone.container.common.transport.server.ratis.ContainerStateMachine.handleCommandResult(ContainerStateMachine.java:661)
	at org.apache.hadoop.ozone.container.common.transport.server.ratis.ContainerStateMachine.lambda$writeStateMachineData$2(ContainerStateMachine.java:623)
	... 4 more
2025-05-14 02:55:11,394 [f4f68937-1ce3-42e1-b3e7-547ae2d23d85-server-thread1] WARN  server.GrpcServerProtocolService (LogUtils.java:warn(123)) - f4f68937-1ce3-42e1-b3e7-547ae2d23d85: Failed APPEND_ENTRIES request 6338fc9c-a704-4fa0-9c76-ba0cbc116aba->f4f68937-1ce3-42e1-b3e7-547ae2d23d85#46-t1,previous=(t:1, i:3),leaderCommit=3,initializing? false,entries: size=1, first=(t:1, i:4), STATEMACHINELOGENTRY, WRITE: logData.size=154, stateMachineData.size=10, logEntryProtoSerializedSize=0
java.util.concurrent.CompletionException: org.apache.hadoop.hdds.scm.container.common.helpers.StorageContainerException: Chunks directory /home/runner/work/ozone/ozone/hadoop-ozone/integration-test/target/test-dir/MiniOzoneClusterImpl-af940217-b311-440f-8e09-352fdf66236b/ozone-meta/datanode-7/data-0/hdds/af940217-b311-440f-8e09-352fdf66236b/current/containerDir0/9/chunks does not exist.
	at java.base/java.util.concurrent.CompletableFuture.encodeThrowable(CompletableFuture.java:332)
	at java.base/java.util.concurrent.CompletableFuture.completeThrowable(CompletableFuture.java:347)
	at java.base/java.util.concurrent.CompletableFuture$BiRelay.tryFire(CompletableFuture.java:1498)
	at java.base/java.util.concurrent.CompletableFuture$CoCompletion.tryFire(CompletableFuture.java:1219)
	at java.base/java.util.concurrent.CompletableFuture.postComplete(CompletableFuture.java:510)
	at java.base/java.util.concurrent.CompletableFuture.completeExceptionally(CompletableFuture.java:2194)
	at org.apache.ratis.server.raftlog.segmented.SegmentedRaftLog$Task.failed(SegmentedRaftLog.java:109)
	at org.apache.ratis.server.raftlog.segmented.SegmentedRaftLogWorker$WriteLog.failed(SegmentedRaftLogWorker.java:527)
	at org.apache.ratis.server.raftlog.segmented.SegmentedRaftLogWorker.run(SegmentedRaftLogWorker.java:324)
	at java.base/java.util.concurrent.Executors$RunnableAdapter.call(Executors.java:572)
	at java.base/java.util.concurrent.FutureTask.run(FutureTask.java:317)
	at java.base/java.util.concurrent.ThreadPoolExecutor.runWorker(ThreadPoolExecutor.java:1144)
	at java.base/java.util.concurrent.ThreadPoolExecutor$Worker.run(ThreadPoolExecutor.java:642)
	at java.base/java.lang.Thread.run(Thread.java:1583)
Caused by: org.apache.hadoop.hdds.scm.container.common.helpers.StorageContainerException: Chunks directory /home/runner/work/ozone/ozone/hadoop-ozone/integration-test/target/test-dir/MiniOzoneClusterImpl-af940217-b311-440f-8e09-352fdf66236b/ozone-meta/datanode-7/data-0/hdds/af940217-b311-440f-8e09-352fdf66236b/current/containerDir0/9/chunks does not exist.
	at org.apache.hadoop.ozone.container.common.transport.server.ratis.ContainerStateMachine.handleCommandResult(ContainerStateMachine.java:661)
	at org.apache.hadoop.ozone.container.common.transport.server.ratis.ContainerStateMachine.lambda$writeStateMachineData$2(ContainerStateMachine.java:623)
	... 4 more
2025-05-14 02:55:11,394 [f4f68937-1ce3-42e1-b3e7-547ae2d23d85-server-thread3] WARN  server.GrpcServerProtocolService (LogUtils.java:warn(123)) - f4f68937-1ce3-42e1-b3e7-547ae2d23d85: Failed APPEND_ENTRIES request 6338fc9c-a704-4fa0-9c76-ba0cbc116aba->f4f68937-1ce3-42e1-b3e7-547ae2d23d85#47-t1,previous=(t:1, i:4),leaderCommit=3,initializing? false,entries: size=1, first=(t:1, i:5), STATEMACHINELOGENTRY, WRITE: logData.size=217, stateMachineData.size=0, logEntryProtoSerializedSize=0
java.util.concurrent.CompletionException: org.apache.ratis.server.raftlog.RaftLogIOException: Log already failed at index 4 for task WriteLog:4: (t:1, i:4), STATEMACHINELOGENTRY, cmdType: WriteChunk traceID: "" containerID: 9 datanodeUuid: "8e51993b-4f71-45b0-84f2-cf37ffbd2099" pipelineID: "04f6c6c3-d74d-4db8-823f-aff22c375116" writeChunk { blockID { containerID: 9 localID: 115816896921600009 blockCommitSequenceId: 2 replicaIndex: 0 } chunkData { chunkName: "115816896921600009_chunk_2" offset: 5 len: 10 checksumData { type: CRC32 bytesPerChecksum: 16384 checksums: "\317\357R*" } } } version: 3, container path=/home/runner/work/ozone/ozone/hadoop-ozone/integration-test/target/test-dir/MiniOzoneClusterImpl-af940217-b311-440f-8e09-352fdf66236b/ozone-meta/datanode-7/data-0/hdds/af940217-b311-440f-8e09-352fdf66236b/current/containerDir0/9
	at java.base/java.util.concurrent.CompletableFuture.encodeThrowable(CompletableFuture.java:332)
	at java.base/java.util.concurrent.CompletableFuture.completeThrowable(CompletableFuture.java:347)
	at java.base/java.util.concurrent.CompletableFuture$BiRelay.tryFire(CompletableFuture.java:1498)
	at java.base/java.util.concurrent.CompletableFuture$CoCompletion.tryFire(CompletableFuture.java:1219)
	at java.base/java.util.concurrent.CompletableFuture.postComplete(CompletableFuture.java:510)
	at java.base/java.util.concurrent.CompletableFuture.completeExceptionally(CompletableFuture.java:2194)
	at org.apache.ratis.server.raftlog.segmented.SegmentedRaftLog$Task.failed(SegmentedRaftLog.java:109)
	at org.apache.ratis.server.raftlog.segmented.SegmentedRaftLogWorker$WriteLog.failed(SegmentedRaftLogWorker.java:527)
	at org.apache.ratis.server.raftlog.segmented.SegmentedRaftLogWorker.run(SegmentedRaftLogWorker.java:324)
	at java.base/java.util.concurrent.Executors$RunnableAdapter.call(Executors.java:572)
	at java.base/java.util.concurrent.FutureTask.run(FutureTask.java:317)
	at java.base/java.util.concurrent.ThreadPoolExecutor.runWorker(ThreadPoolExecutor.java:1144)
	at java.base/java.util.concurrent.ThreadPoolExecutor$Worker.run(ThreadPoolExecutor.java:642)
	at java.base/java.lang.Thread.run(Thread.java:1583)
Caused by: org.apache.ratis.server.raftlog.RaftLogIOException: Log already failed at index 4 for task WriteLog:4: (t:1, i:4), STATEMACHINELOGENTRY, cmdType: WriteChunk traceID: "" containerID: 9 datanodeUuid: "8e51993b-4f71-45b0-84f2-cf37ffbd2099" pipelineID: "04f6c6c3-d74d-4db8-823f-aff22c375116" writeChunk { blockID { containerID: 9 localID: 115816896921600009 blockCommitSequenceId: 2 replicaIndex: 0 } chunkData { chunkName: "115816896921600009_chunk_2" offset: 5 len: 10 checksumData { type: CRC32 bytesPerChecksum: 16384 checksums: "\317\357R*" } } } version: 3, container path=/home/runner/work/ozone/ozone/hadoop-ozone/integration-test/target/test-dir/MiniOzoneClusterImpl-af940217-b311-440f-8e09-352fdf66236b/ozone-meta/datanode-7/data-0/hdds/af940217-b311-440f-8e09-352fdf66236b/current/containerDir0/9
	at org.apache.ratis.server.raftlog.segmented.SegmentedRaftLogWorker.run(SegmentedRaftLogWorker.java:327)
	... 5 more
Caused by: org.apache.hadoop.hdds.scm.container.common.helpers.StorageContainerException: Chunks directory /home/runner/work/ozone/ozone/hadoop-ozone/integration-test/target/test-dir/MiniOzoneClusterImpl-af940217-b311-440f-8e09-352fdf66236b/ozone-meta/datanode-7/data-0/hdds/af940217-b311-440f-8e09-352fdf66236b/current/containerDir0/9/chunks does not exist.
	at org.apache.hadoop.ozone.container.common.transport.server.ratis.ContainerStateMachine.handleCommandResult(ContainerStateMachine.java:661)
	at org.apache.hadoop.ozone.container.common.transport.server.ratis.ContainerStateMachine.lambda$writeStateMachineData$2(ContainerStateMachine.java:623)
	... 4 more
2025-05-14 02:55:11,395 [EventQueue-PipelineActionsForPipelineActionHandler] INFO  pipeline.PipelineActionHandler (PipelineActionHandler.java:processPipelineAction(89)) - Received pipeline action CLOSE for PipelineID=04f6c6c3-d74d-4db8-823f-aff22c375116 from datanode f4f68937-1ce3-42e1-b3e7-547ae2d23d85(localhost/127.0.0.1). Reason : Chunks directory /home/runner/work/ozone/ozone/hadoop-ozone/integration-test/target/test-dir/MiniOzoneClusterImpl-af940217-b311-440f-8e09-352fdf66236b/ozone-meta/datanode-7/data-0/hdds/af940217-b311-440f-8e09-352fdf66236b/current/containerDir0/9/chunks does not exist.
2025-05-14 02:55:11,396 [grpc-default-executor-7] WARN  server.GrpcLogAppender (LogUtils.java:warn(123)) - 6338fc9c-a704-4fa0-9c76-ba0cbc116aba@group-AFF22C375116->f4f68937-1ce3-42e1-b3e7-547ae2d23d85-AppendLogResponseHandler: Failed appendEntries
org.apache.hadoop.hdds.scm.container.common.helpers.StorageContainerException: Chunks directory /home/runner/work/ozone/ozone/hadoop-ozone/integration-test/target/test-dir/MiniOzoneClusterImpl-af940217-b311-440f-8e09-352fdf66236b/ozone-meta/datanode-7/data-0/hdds/af940217-b311-440f-8e09-352fdf66236b/current/containerDir0/9/chunks does not exist.
	at org.apache.hadoop.ozone.container.common.transport.server.ratis.ContainerStateMachine.handleCommandResult(ContainerStateMachine.java:661)
	at org.apache.hadoop.ozone.container.common.transport.server.ratis.ContainerStateMachine.lambda$writeStateMachineData$2(ContainerStateMachine.java:623)
	at java.base/java.util.concurrent.FutureTask.run(FutureTask.java:317)
	at java.base/java.util.concurrent.ThreadPoolExecutor.runWorker(ThreadPoolExecutor.java:1144)
	at java.base/java.util.concurrent.ThreadPoolExecutor$Worker.run(ThreadPoolExecutor.java:642)
	at java.base/java.lang.Thread.run(Thread.java:1583)
2025-05-14 02:55:11,395 [EventQueue-CloseContainerForCloseContainerEventHandler] INFO  container.CloseContainerEventHandler (CloseContainerEventHandler.java:onMessage(88)) - Close container Event triggered for container : #9, current state: CLOSING
2025-05-14 02:55:11,397 [grpc-default-executor-7] INFO  leader.LogAppender (LogAppenderBase.java:lambda$getNextIndexForError$0(215)) - Decrease nextIndex to 4
2025-05-14 02:55:11,397 [grpc-default-executor-7] INFO  leader.LogAppender (LogAppenderBase.java:lambda$getNextIndexForError$0(215)) - Decrease nextIndex to 4
2025-05-14 02:55:11,397 [grpc-default-executor-7] INFO  leader.FollowerInfo (FollowerInfoImpl.java:info(70)) - 6338fc9c-a704-4fa0-9c76-ba0cbc116aba@group-AFF22C375116->f4f68937-1ce3-42e1-b3e7-547ae2d23d85: computeNextIndex nextIndex: updateUnconditionally 8 -> 4
2025-05-14 02:55:11,397 [f4f68937-1ce3-42e1-b3e7-547ae2d23d85@group-AFF22C375116-SegmentedRaftLogWorker] INFO  ratis.ContainerStateMachine (ContainerStateMachine.java:smProtoToString(1335)) - smProtoToString failed
org.apache.ratis.thirdparty.com.google.protobuf.InvalidProtocolBufferException: Message missing required fields: cmdType, containerID, datanodeUuid
	at org.apache.ratis.thirdparty.com.google.protobuf.UninitializedMessageException.asInvalidProtocolBufferException(UninitializedMessageException.java:79)
	at org.apache.ratis.thirdparty.com.google.protobuf.AbstractParser.checkMessageInitialized(AbstractParser.java:68)
	at org.apache.ratis.thirdparty.com.google.protobuf.AbstractParser.parseFrom(AbstractParser.java:120)
	at org.apache.ratis.thirdparty.com.google.protobuf.AbstractParser.parseFrom(AbstractParser.java:125)
	at org.apache.ratis.thirdparty.com.google.protobuf.AbstractParser.parseFrom(AbstractParser.java:48)
	at org.apache.hadoop.hdds.protocol.datanode.proto.ContainerProtos$ContainerCommandRequestProto.parseFrom(ContainerProtos.java:4691)
	at org.apache.hadoop.ozone.container.common.transport.server.ratis.ContainerStateMachine.getContainerCommandRequestProto(ContainerStateMachine.java:550)
	at org.apache.hadoop.ozone.container.common.transport.server.ratis.ContainerStateMachine.smProtoToString(ContainerStateMachine.java:1324)
	at org.apache.hadoop.ozone.container.common.transport.server.ratis.ContainerStateMachine.toStateMachineLogEntryString(ContainerStateMachine.java:1315)
	at org.apache.hadoop.ozone.container.common.transport.server.ratis.ContainerStateMachine.notifyLogFailed(ContainerStateMachine.java:1269)
	at org.apache.ratis.server.raftlog.segmented.SegmentedRaftLogWorker$WriteLog.failed(SegmentedRaftLogWorker.java:526)
	at org.apache.ratis.server.raftlog.segmented.SegmentedRaftLogWorker.run(SegmentedRaftLogWorker.java:324)
	at java.base/java.util.concurrent.Executors$RunnableAdapter.call(Executors.java:572)
	at java.base/java.util.concurrent.FutureTask.run(FutureTask.java:317)
	at java.base/java.util.concurrent.ThreadPoolExecutor.runWorker(ThreadPoolExecutor.java:1144)
	at java.base/java.util.concurrent.ThreadPoolExecutor$Worker.run(ThreadPoolExecutor.java:642)
	at java.base/java.lang.Thread.run(Thread.java:1583)
2025-05-14 02:55:11,397 [f4f68937-1ce3-42e1-b3e7-547ae2d23d85@group-AFF22C375116-SegmentedRaftLogWorker] ERROR ratis.ContainerStateMachine (ContainerStateMachine.java:notifyLogFailed(1268)) - group-AFF22C375116: (t:1, i:6) smProtoToString failed with Message missing required fields: cmdType, containerID, datanodeUuid
org.apache.ratis.server.raftlog.RaftLogIOException: Log already failed at index 4 for task WriteLog:4: (t:1, i:4), STATEMACHINELOGENTRY, cmdType: WriteChunk traceID: "" containerID: 9 datanodeUuid: "8e51993b-4f71-45b0-84f2-cf37ffbd2099" pipelineID: "04f6c6c3-d74d-4db8-823f-aff22c375116" writeChunk { blockID { containerID: 9 localID: 115816896921600009 blockCommitSequenceId: 2 replicaIndex: 0 } chunkData { chunkName: "115816896921600009_chunk_2" offset: 5 len: 10 checksumData { type: CRC32 bytesPerChecksum: 16384 checksums: "\317\357R*" } } } version: 3, container path=/home/runner/work/ozone/ozone/hadoop-ozone/integration-test/target/test-dir/MiniOzoneClusterImpl-af940217-b311-440f-8e09-352fdf66236b/ozone-meta/datanode-7/data-0/hdds/af940217-b311-440f-8e09-352fdf66236b/current/containerDir0/9
	at org.apache.ratis.server.raftlog.segmented.SegmentedRaftLogWorker.run(SegmentedRaftLogWorker.java:327)
	at java.base/java.util.concurrent.Executors$RunnableAdapter.call(Executors.java:572)
	at java.base/java.util.concurrent.FutureTask.run(FutureTask.java:317)
	at java.base/java.util.concurrent.ThreadPoolExecutor.runWorker(ThreadPoolExecutor.java:1144)
	at java.base/java.util.concurrent.ThreadPoolExecutor$Worker.run(ThreadPoolExecutor.java:642)
	at java.base/java.lang.Thread.run(Thread.java:1583)
Caused by: org.apache.hadoop.hdds.scm.container.common.helpers.StorageContainerException: Chunks directory /home/runner/work/ozone/ozone/hadoop-ozone/integration-test/target/test-dir/MiniOzoneClusterImpl-af940217-b311-440f-8e09-352fdf66236b/ozone-meta/datanode-7/data-0/hdds/af940217-b311-440f-8e09-352fdf66236b/current/containerDir0/9/chunks does not exist.
	at org.apache.hadoop.ozone.container.common.transport.server.ratis.ContainerStateMachine.handleCommandResult(ContainerStateMachine.java:661)
	at org.apache.hadoop.ozone.container.common.transport.server.ratis.ContainerStateMachine.lambda$writeStateMachineData$2(ContainerStateMachine.java:623)
	... 4 more
2025-05-14 02:55:11,398 [f4f68937-1ce3-42e1-b3e7-547ae2d23d85-server-thread3] WARN  server.GrpcServerProtocolService (LogUtils.java:warn(123)) - f4f68937-1ce3-42e1-b3e7-547ae2d23d85: Failed APPEND_ENTRIES request 6338fc9c-a704-4fa0-9c76-ba0cbc116aba->f4f68937-1ce3-42e1-b3e7-547ae2d23d85#48-t1,previous=(t:1, i:5),leaderCommit=4,initializing? false,entries: size=1, first=(t:1, i:6), METADATAENTRY(c:4)
java.util.concurrent.CompletionException: org.apache.ratis.server.raftlog.RaftLogIOException: Log already failed at index 4 for task WriteLog:4: (t:1, i:4), STATEMACHINELOGENTRY, cmdType: WriteChunk traceID: "" containerID: 9 datanodeUuid: "8e51993b-4f71-45b0-84f2-cf37ffbd2099" pipelineID: "04f6c6c3-d74d-4db8-823f-aff22c375116" writeChunk { blockID { containerID: 9 localID: 115816896921600009 blockCommitSequenceId: 2 replicaIndex: 0 } chunkData { chunkName: "115816896921600009_chunk_2" offset: 5 len: 10 checksumData { type: CRC32 bytesPerChecksum: 16384 checksums: "\317\357R*" } } } version: 3, container path=/home/runner/work/ozone/ozone/hadoop-ozone/integration-test/target/test-dir/MiniOzoneClusterImpl-af940217-b311-440f-8e09-352fdf66236b/ozone-meta/datanode-7/data-0/hdds/af940217-b311-440f-8e09-352fdf66236b/current/containerDir0/9
	at java.base/java.util.concurrent.CompletableFuture.encodeThrowable(CompletableFuture.java:332)
	at java.base/java.util.concurrent.CompletableFuture.completeThrowable(CompletableFuture.java:347)
	at java.base/java.util.concurrent.CompletableFuture$BiRelay.tryFire(CompletableFuture.java:1498)
	at java.base/java.util.concurrent.CompletableFuture$CoCompletion.tryFire(CompletableFuture.java:1219)
	at java.base/java.util.concurrent.CompletableFuture.postComplete(CompletableFuture.java:510)
	at java.base/java.util.concurrent.CompletableFuture.completeExceptionally(CompletableFuture.java:2194)
	at org.apache.ratis.server.raftlog.segmented.SegmentedRaftLog$Task.failed(SegmentedRaftLog.java:109)
	at org.apache.ratis.server.raftlog.segmented.SegmentedRaftLogWorker$WriteLog.failed(SegmentedRaftLogWorker.java:527)
	at org.apache.ratis.server.raftlog.segmented.SegmentedRaftLogWorker.run(SegmentedRaftLogWorker.java:324)
	at java.base/java.util.concurrent.Executors$RunnableAdapter.call(Executors.java:572)
	at java.base/java.util.concurrent.FutureTask.run(FutureTask.java:317)
	at java.base/java.util.concurrent.ThreadPoolExecutor.runWorker(ThreadPoolExecutor.java:1144)
	at java.base/java.util.concurrent.ThreadPoolExecutor$Worker.run(ThreadPoolExecutor.java:642)
	at java.base/java.lang.Thread.run(Thread.java:1583)
Caused by: org.apache.ratis.server.raftlog.RaftLogIOException: Log already failed at index 4 for task WriteLog:4: (t:1, i:4), STATEMACHINELOGENTRY, cmdType: WriteChunk traceID: "" containerID: 9 datanodeUuid: "8e51993b-4f71-45b0-84f2-cf37ffbd2099" pipelineID: "04f6c6c3-d74d-4db8-823f-aff22c375116" writeChunk { blockID { containerID: 9 localID: 115816896921600009 blockCommitSequenceId: 2 replicaIndex: 0 } chunkData { chunkName: "115816896921600009_chunk_2" offset: 5 len: 10 checksumData { type: CRC32 bytesPerChecksum: 16384 checksums: "\317\357R*" } } } version: 3, container path=/home/runner/work/ozone/ozone/hadoop-ozone/integration-test/target/test-dir/MiniOzoneClusterImpl-af940217-b311-440f-8e09-352fdf66236b/ozone-meta/datanode-7/data-0/hdds/af940217-b311-440f-8e09-352fdf66236b/current/containerDir0/9
	at org.apache.ratis.server.raftlog.segmented.SegmentedRaftLogWorker.run(SegmentedRaftLogWorker.java:327)
	... 5 more
Caused by: org.apache.hadoop.hdds.scm.container.common.helpers.StorageContainerException: Chunks directory /home/runner/work/ozone/ozone/hadoop-ozone/integration-test/target/test-dir/MiniOzoneClusterImpl-af940217-b311-440f-8e09-352fdf66236b/ozone-meta/datanode-7/data-0/hdds/af940217-b311-440f-8e09-352fdf66236b/current/containerDir0/9/chunks does not exist.
	at org.apache.hadoop.ozone.container.common.transport.server.ratis.ContainerStateMachine.handleCommandResult(ContainerStateMachine.java:661)
	at org.apache.hadoop.ozone.container.common.transport.server.ratis.ContainerStateMachine.lambda$writeStateMachineData$2(ContainerStateMachine.java:623)
	... 4 more
2025-05-14 02:55:11,398 [f4f68937-1ce3-42e1-b3e7-547ae2d23d85@group-AFF22C375116-SegmentedRaftLogWorker] INFO  ratis.ContainerStateMachine (ContainerStateMachine.java:smProtoToString(1335)) - smProtoToString failed
org.apache.ratis.thirdparty.com.google.protobuf.InvalidProtocolBufferException: Message missing required fields: cmdType, containerID, datanodeUuid
	at org.apache.ratis.thirdparty.com.google.protobuf.UninitializedMessageException.asInvalidProtocolBufferException(UninitializedMessageException.java:79)
	at org.apache.ratis.thirdparty.com.google.protobuf.AbstractParser.checkMessageInitialized(AbstractParser.java:68)
	at org.apache.ratis.thirdparty.com.google.protobuf.AbstractParser.parseFrom(AbstractParser.java:120)
	at org.apache.ratis.thirdparty.com.google.protobuf.AbstractParser.parseFrom(AbstractParser.java:125)
	at org.apache.ratis.thirdparty.com.google.protobuf.AbstractParser.parseFrom(AbstractParser.java:48)
	at org.apache.hadoop.hdds.protocol.datanode.proto.ContainerProtos$ContainerCommandRequestProto.parseFrom(ContainerProtos.java:4691)
	at org.apache.hadoop.ozone.container.common.transport.server.ratis.ContainerStateMachine.getContainerCommandRequestProto(ContainerStateMachine.java:550)
	at org.apache.hadoop.ozone.container.common.transport.server.ratis.ContainerStateMachine.smProtoToString(ContainerStateMachine.java:1324)
	at org.apache.hadoop.ozone.container.common.transport.server.ratis.ContainerStateMachine.toStateMachineLogEntryString(ContainerStateMachine.java:1315)
	at org.apache.hadoop.ozone.container.common.transport.server.ratis.ContainerStateMachine.notifyLogFailed(ContainerStateMachine.java:1269)
	at org.apache.ratis.server.raftlog.segmented.SegmentedRaftLogWorker$WriteLog.failed(SegmentedRaftLogWorker.java:526)
	at org.apache.ratis.server.raftlog.segmented.SegmentedRaftLogWorker.run(SegmentedRaftLogWorker.java:324)
	at java.base/java.util.concurrent.Executors$RunnableAdapter.call(Executors.java:572)
	at java.base/java.util.concurrent.FutureTask.run(FutureTask.java:317)
	at java.base/java.util.concurrent.ThreadPoolExecutor.runWorker(ThreadPoolExecutor.java:1144)
	at java.base/java.util.concurrent.ThreadPoolExecutor$Worker.run(ThreadPoolExecutor.java:642)
	at java.base/java.lang.Thread.run(Thread.java:1583)
2025-05-14 02:55:11,398 [f4f68937-1ce3-42e1-b3e7-547ae2d23d85@group-AFF22C375116-SegmentedRaftLogWorker] ERROR ratis.ContainerStateMachine (ContainerStateMachine.java:notifyLogFailed(1268)) - group-AFF22C375116: (t:1, i:7) smProtoToString failed with Message missing required fields: cmdType, containerID, datanodeUuid
org.apache.ratis.server.raftlog.RaftLogIOException: Log already failed at index 4 for task WriteLog:4: (t:1, i:4), STATEMACHINELOGENTRY, cmdType: WriteChunk traceID: "" containerID: 9 datanodeUuid: "8e51993b-4f71-45b0-84f2-cf37ffbd2099" pipelineID: "04f6c6c3-d74d-4db8-823f-aff22c375116" writeChunk { blockID { containerID: 9 localID: 115816896921600009 blockCommitSequenceId: 2 replicaIndex: 0 } chunkData { chunkName: "115816896921600009_chunk_2" offset: 5 len: 10 checksumData { type: CRC32 bytesPerChecksum: 16384 checksums: "\317\357R*" } } } version: 3, container path=/home/runner/work/ozone/ozone/hadoop-ozone/integration-test/target/test-dir/MiniOzoneClusterImpl-af940217-b311-440f-8e09-352fdf66236b/ozone-meta/datanode-7/data-0/hdds/af940217-b311-440f-8e09-352fdf66236b/current/containerDir0/9
	at org.apache.ratis.server.raftlog.segmented.SegmentedRaftLogWorker.run(SegmentedRaftLogWorker.java:327)
	at java.base/java.util.concurrent.Executors$RunnableAdapter.call(Executors.java:572)
	at java.base/java.util.concurrent.FutureTask.run(FutureTask.java:317)
	at java.base/java.util.concurrent.ThreadPoolExecutor.runWorker(ThreadPoolExecutor.java:1144)
	at java.base/java.util.concurrent.ThreadPoolExecutor$Worker.run(ThreadPoolExecutor.java:642)
	at java.base/java.lang.Thread.run(Thread.java:1583)
Caused by: org.apache.hadoop.hdds.scm.container.common.helpers.StorageContainerException: Chunks directory /home/runner/work/ozone/ozone/hadoop-ozone/integration-test/target/test-dir/MiniOzoneClusterImpl-af940217-b311-440f-8e09-352fdf66236b/ozone-meta/datanode-7/data-0/hdds/af940217-b311-440f-8e09-352fdf66236b/current/containerDir0/9/chunks does not exist.
	at org.apache.hadoop.ozone.container.common.transport.server.ratis.ContainerStateMachine.handleCommandResult(ContainerStateMachine.java:661)
	at org.apache.hadoop.ozone.container.common.transport.server.ratis.ContainerStateMachine.lambda$writeStateMachineData$2(ContainerStateMachine.java:623)
	... 4 more
2025-05-14 02:55:11,398 [f4f68937-1ce3-42e1-b3e7-547ae2d23d85-server-thread3] WARN  server.GrpcServerProtocolService (LogUtils.java:warn(123)) - f4f68937-1ce3-42e1-b3e7-547ae2d23d85: Failed APPEND_ENTRIES request 6338fc9c-a704-4fa0-9c76-ba0cbc116aba->f4f68937-1ce3-42e1-b3e7-547ae2d23d85#49-t1,previous=(t:1, i:6),leaderCommit=5,initializing? false,entries: size=1, first=(t:1, i:7), METADATAENTRY(c:5)
java.util.concurrent.CompletionException: org.apache.ratis.server.raftlog.RaftLogIOException: Log already failed at index 4 for task WriteLog:4: (t:1, i:4), STATEMACHINELOGENTRY, cmdType: WriteChunk traceID: "" containerID: 9 datanodeUuid: "8e51993b-4f71-45b0-84f2-cf37ffbd2099" pipelineID: "04f6c6c3-d74d-4db8-823f-aff22c375116" writeChunk { blockID { containerID: 9 localID: 115816896921600009 blockCommitSequenceId: 2 replicaIndex: 0 } chunkData { chunkName: "115816896921600009_chunk_2" offset: 5 len: 10 checksumData { type: CRC32 bytesPerChecksum: 16384 checksums: "\317\357R*" } } } version: 3, container path=/home/runner/work/ozone/ozone/hadoop-ozone/integration-test/target/test-dir/MiniOzoneClusterImpl-af940217-b311-440f-8e09-352fdf66236b/ozone-meta/datanode-7/data-0/hdds/af940217-b311-440f-8e09-352fdf66236b/current/containerDir0/9
	at java.base/java.util.concurrent.CompletableFuture.encodeThrowable(CompletableFuture.java:332)
	at java.base/java.util.concurrent.CompletableFuture.completeThrowable(CompletableFuture.java:347)
	at java.base/java.util.concurrent.CompletableFuture$BiRelay.tryFire(CompletableFuture.java:1498)
	at java.base/java.util.concurrent.CompletableFuture$CoCompletion.tryFire(CompletableFuture.java:1219)
	at java.base/java.util.concurrent.CompletableFuture.postComplete(CompletableFuture.java:510)
	at java.base/java.util.concurrent.CompletableFuture.completeExceptionally(CompletableFuture.java:2194)
	at org.apache.ratis.server.raftlog.segmented.SegmentedRaftLog$Task.failed(SegmentedRaftLog.java:109)
	at org.apache.ratis.server.raftlog.segmented.SegmentedRaftLogWorker$WriteLog.failed(SegmentedRaftLogWorker.java:527)
	at org.apache.ratis.server.raftlog.segmented.SegmentedRaftLogWorker.run(SegmentedRaftLogWorker.java:324)
	at java.base/java.util.concurrent.Executors$RunnableAdapter.call(Executors.java:572)
	at java.base/java.util.concurrent.FutureTask.run(FutureTask.java:317)
	at java.base/java.util.concurrent.ThreadPoolExecutor.runWorker(ThreadPoolExecutor.java:1144)
	at java.base/java.util.concurrent.ThreadPoolExecutor$Worker.run(ThreadPoolExecutor.java:642)
	at java.base/java.lang.Thread.run(Thread.java:1583)
Caused by: org.apache.ratis.server.raftlog.RaftLogIOException: Log already failed at index 4 for task WriteLog:4: (t:1, i:4), STATEMACHINELOGENTRY, cmdType: WriteChunk traceID: "" containerID: 9 datanodeUuid: "8e51993b-4f71-45b0-84f2-cf37ffbd2099" pipelineID: "04f6c6c3-d74d-4db8-823f-aff22c375116" writeChunk { blockID { containerID: 9 localID: 115816896921600009 blockCommitSequenceId: 2 replicaIndex: 0 } chunkData { chunkName: "115816896921600009_chunk_2" offset: 5 len: 10 checksumData { type: CRC32 bytesPerChecksum: 16384 checksums: "\317\357R*" } } } version: 3, container path=/home/runner/work/ozone/ozone/hadoop-ozone/integration-test/target/test-dir/MiniOzoneClusterImpl-af940217-b311-440f-8e09-352fdf66236b/ozone-meta/datanode-7/data-0/hdds/af940217-b311-440f-8e09-352fdf66236b/current/containerDir0/9
	at org.apache.ratis.server.raftlog.segmented.SegmentedRaftLogWorker.run(SegmentedRaftLogWorker.java:327)
	... 5 more
Caused by: org.apache.hadoop.hdds.scm.container.common.helpers.StorageContainerException: Chunks directory /home/runner/work/ozone/ozone/hadoop-ozone/integration-test/target/test-dir/MiniOzoneClusterImpl-af940217-b311-440f-8e09-352fdf66236b/ozone-meta/datanode-7/data-0/hdds/af940217-b311-440f-8e09-352fdf66236b/current/containerDir0/9/chunks does not exist.
	at org.apache.hadoop.ozone.container.common.transport.server.ratis.ContainerStateMachine.handleCommandResult(ContainerStateMachine.java:661)
	at org.apache.hadoop.ozone.container.common.transport.server.ratis.ContainerStateMachine.lambda$writeStateMachineData$2(ContainerStateMachine.java:623)
	... 4 more
2025-05-14 02:55:11,400 [EventQueue-PipelineActionsForPipelineActionHandler] INFO  pipeline.PipelineManagerImpl (PipelineManagerImpl.java:closePipeline(509)) - Pipeline PipelineID=04f6c6c3-d74d-4db8-823f-aff22c375116 moved to CLOSED state
2025-05-14 02:55:11,442 [EventQueue-CloseContainerForCloseContainerEventHandler] INFO  container.CloseContainerEventHandler (CloseContainerEventHandler.java:onMessage(88)) - Close container Event triggered for container : #7, current state: CLOSING
2025-05-14 02:55:11,580 [e44b5a69-92f9-40f4-85c9-712e1c637b62-PipelineCommandHandlerThread-0] INFO  server.RaftServer (RaftServerProxy.java:addNew(100)) - e44b5a69-92f9-40f4-85c9-712e1c637b62: addNew group-120B5FE471CE:[e44b5a69-92f9-40f4-85c9-712e1c637b62|127.0.0.1:15047] returns group-120B5FE471CE:java.util.concurrent.CompletableFuture@8e9353[Not completed]
2025-05-14 02:55:11,581 [e44b5a69-92f9-40f4-85c9-712e1c637b62-groupManagement] INFO  server.RaftServer$Division (RaftServerImpl.java:<init>(255)) - e44b5a69-92f9-40f4-85c9-712e1c637b62: new RaftServerImpl for group-120B5FE471CE:[e44b5a69-92f9-40f4-85c9-712e1c637b62|127.0.0.1:15047] with ContainerStateMachine:uninitialized
2025-05-14 02:55:11,581 [e44b5a69-92f9-40f4-85c9-712e1c637b62-groupManagement] INFO  server.RaftServerConfigKeys (ConfUtils.java:logGet(46)) - raft.server.rpc.timeout.min = 5s (custom)
2025-05-14 02:55:11,582 [e44b5a69-92f9-40f4-85c9-712e1c637b62-groupManagement] INFO  server.RaftServerConfigKeys (ConfUtils.java:logGet(46)) - raft.server.rpc.timeout.max = 5200ms (custom)
2025-05-14 02:55:11,582 [e44b5a69-92f9-40f4-85c9-712e1c637b62-groupManagement] INFO  server.RaftServerConfigKeys (ConfUtils.java:logGet(46)) - raft.server.rpc.sleep.time = 25ms (default)
2025-05-14 02:55:11,582 [e44b5a69-92f9-40f4-85c9-712e1c637b62-groupManagement] INFO  server.RaftServerConfigKeys (ConfUtils.java:logGet(46)) - raft.server.rpc.slowness.timeout = 300000ms (custom)
2025-05-14 02:55:11,582 [e44b5a69-92f9-40f4-85c9-712e1c637b62-groupManagement] INFO  server.RaftServerConfigKeys (ConfUtils.java:logGet(46)) - raft.server.leaderelection.leader.step-down.wait-time = 10s (default)
2025-05-14 02:55:11,582 [e44b5a69-92f9-40f4-85c9-712e1c637b62-groupManagement] INFO  server.RaftServerConfigKeys (ConfUtils.java:logGet(46)) - raft.server.leaderelection.member.majority-add = false (default)
2025-05-14 02:55:11,582 [e44b5a69-92f9-40f4-85c9-712e1c637b62-groupManagement] INFO  server.RaftServerConfigKeys (ConfUtils.java:logGet(46)) - raft.server.sleep.deviation.threshold = 300ms (default)
2025-05-14 02:55:11,582 [e44b5a69-92f9-40f4-85c9-712e1c637b62-groupManagement] INFO  server.RaftServer$Division (ServerState.java:<init>(114)) - e44b5a69-92f9-40f4-85c9-712e1c637b62@group-120B5FE471CE: ConfigurationManager, init=conf: {index: -1, cur=peers:[e44b5a69-92f9-40f4-85c9-712e1c637b62|127.0.0.1:15047]|listeners:[], old=null}, confs=<EMPTY_MAP>
2025-05-14 02:55:11,582 [e44b5a69-92f9-40f4-85c9-712e1c637b62-groupManagement] INFO  server.RaftServerConfigKeys (ConfUtils.java:logGet(46)) - raft.server.notification.no-leader.timeout = 300000ms (custom)
2025-05-14 02:55:11,582 [e44b5a69-92f9-40f4-85c9-712e1c637b62-groupManagement] INFO  server.RaftServerConfigKeys (ConfUtils.java:logGet(46)) - raft.server.read.timeout = 10s (default)
2025-05-14 02:55:11,582 [e44b5a69-92f9-40f4-85c9-712e1c637b62-groupManagement] INFO  server.RaftServerConfigKeys (ConfUtils.java:logGet(46)) - raft.server.retrycache.expirytime = 600000ms (custom)
2025-05-14 02:55:11,582 [e44b5a69-92f9-40f4-85c9-712e1c637b62-groupManagement] INFO  server.RaftServerConfigKeys (ConfUtils.java:logGet(46)) - raft.server.retrycache.statistics.expirytime = 100ms (default)
2025-05-14 02:55:11,582 [e44b5a69-92f9-40f4-85c9-712e1c637b62-groupManagement] INFO  server.RaftServerConfigKeys (ConfUtils.java:logGet(46)) - raft.server.read.option = DEFAULT (default)
2025-05-14 02:55:11,582 [e44b5a69-92f9-40f4-85c9-712e1c637b62-groupManagement] INFO  server.RaftServerConfigKeys (ConfUtils.java:logGet(46)) - raft.server.read.read-after-write-consistent.write-index-cache.expiry-time = 60s (default)
2025-05-14 02:55:11,586 [e44b5a69-92f9-40f4-85c9-712e1c637b62-groupManagement] INFO  server.RaftServerConfigKeys (ConfUtils.java:logGet(46)) - raft.server.rpc.request.timeout = 3000ms (default)
2025-05-14 02:55:11,586 [e44b5a69-92f9-40f4-85c9-712e1c637b62-groupManagement] INFO  server.RaftServerConfigKeys (ConfUtils.java:logGet(46)) - raft.server.log.appender.install.snapshot.enabled = false (custom)
2025-05-14 02:55:11,586 [e44b5a69-92f9-40f4-85c9-712e1c637b62-groupManagement] INFO  server.RaftServerConfigKeys (ConfUtils.java:logGet(46)) - raft.server.threadpool.server.cached = true (default)
2025-05-14 02:55:11,586 [e44b5a69-92f9-40f4-85c9-712e1c637b62-groupManagement] INFO  server.RaftServerConfigKeys (ConfUtils.java:logGet(46)) - raft.server.threadpool.server.size = 0 (default)
2025-05-14 02:55:11,586 [e44b5a69-92f9-40f4-85c9-712e1c637b62-groupManagement] INFO  server.RaftServerConfigKeys (ConfUtils.java:logGet(46)) - raft.server.threadpool.client.cached = true (default)
2025-05-14 02:55:11,586 [e44b5a69-92f9-40f4-85c9-712e1c637b62-groupManagement] INFO  server.RaftServerConfigKeys (ConfUtils.java:logGet(46)) - raft.server.threadpool.client.size = 0 (default)
2025-05-14 02:55:11,586 [e44b5a69-92f9-40f4-85c9-712e1c637b62-groupManagement] INFO  server.RaftServerConfigKeys (ConfUtils.java:logGet(46)) - raft.server.storage.free-space.min = 0MB (=0) (default)
2025-05-14 02:55:11,586 [e44b5a69-92f9-40f4-85c9-712e1c637b62-groupManagement] INFO  server.RaftServerConfigKeys (ConfUtils.java:logGet(46)) - raft.server.log.corruption.policy = EXCEPTION (default)
2025-05-14 02:55:11,587 [e44b5a69-92f9-40f4-85c9-712e1c637b62-groupManagement] INFO  server.RaftServerConfigKeys (ConfUtils.java:logGet(46)) - raft.server.storage.dir = [/home/runner/work/ozone/ozone/hadoop-ozone/integration-test/target/test-dir/MiniOzoneClusterImpl-af940217-b311-440f-8e09-352fdf66236b/ozone-meta/datanode-5/ratis630cd441-1fbc-4332-a044-ef429d701783] (custom)
2025-05-14 02:55:11,587 [e44b5a69-92f9-40f4-85c9-712e1c637b62-groupManagement] INFO  storage.RaftStorageDirectory (RaftStorageDirectoryImpl.java:analyzeStorage(138)) - The storage directory /home/runner/work/ozone/ozone/hadoop-ozone/integration-test/target/test-dir/MiniOzoneClusterImpl-af940217-b311-440f-8e09-352fdf66236b/ozone-meta/datanode-5/ratis630cd441-1fbc-4332-a044-ef429d701783/24d5d898-0379-4cf7-8dd6-120b5fe471ce does not exist. Creating ...
2025-05-14 02:55:11,588 [e44b5a69-92f9-40f4-85c9-712e1c637b62-groupManagement] INFO  storage.RaftStorageDirectory (RaftStorageDirectoryImpl.java:tryLock(229)) - Lock on /home/runner/work/ozone/ozone/hadoop-ozone/integration-test/target/test-dir/MiniOzoneClusterImpl-af940217-b311-440f-8e09-352fdf66236b/ozone-meta/datanode-5/ratis630cd441-1fbc-4332-a044-ef429d701783/24d5d898-0379-4cf7-8dd6-120b5fe471ce/in_use.lock acquired by nodename 34763@localhost
2025-05-14 02:55:11,589 [e44b5a69-92f9-40f4-85c9-712e1c637b62-groupManagement] INFO  storage.RaftStorage (RaftStorageImpl.java:format(98)) - Storage directory /home/runner/work/ozone/ozone/hadoop-ozone/integration-test/target/test-dir/MiniOzoneClusterImpl-af940217-b311-440f-8e09-352fdf66236b/ozone-meta/datanode-5/ratis630cd441-1fbc-4332-a044-ef429d701783/24d5d898-0379-4cf7-8dd6-120b5fe471ce has been successfully formatted.
2025-05-14 02:55:11,589 [e44b5a69-92f9-40f4-85c9-712e1c637b62-groupManagement] INFO  ratis.ContainerStateMachine (ContainerStateMachine.java:initialize(339)) - e44b5a69-92f9-40f4-85c9-712e1c637b62: initialize group-120B5FE471CE
2025-05-14 02:55:11,589 [e44b5a69-92f9-40f4-85c9-712e1c637b62-groupManagement] INFO  ratis.ContainerStateMachine (ContainerStateMachine.java:loadSnapshot(347)) - group-120B5FE471CE: The snapshot info is null. Setting the last applied index to:(t:0, i:~)
2025-05-14 02:55:11,589 [e44b5a69-92f9-40f4-85c9-712e1c637b62-groupManagement] INFO  server.RaftServerConfigKeys (ConfUtils.java:logGet(46)) - raft.server.log.use.memory = false (default)
2025-05-14 02:55:11,589 [e44b5a69-92f9-40f4-85c9-712e1c637b62-groupManagement] INFO  server.RaftServerConfigKeys (ConfUtils.java:logGet(46)) - raft.server.log.purge.gap = 1000000 (custom)
2025-05-14 02:55:11,590 [e44b5a69-92f9-40f4-85c9-712e1c637b62-groupManagement] INFO  server.RaftServerConfigKeys (ConfUtils.java:logGet(46)) - raft.server.log.appender.buffer.byte-limit = 33554432 (custom)
2025-05-14 02:55:11,590 [e44b5a69-92f9-40f4-85c9-712e1c637b62-groupManagement] INFO  server.RaftServerConfigKeys (ConfUtils.java:logGet(46)) - raft.server.log.statemachine.data.read.timeout = 1000ms (default)
2025-05-14 02:55:11,590 [e44b5a69-92f9-40f4-85c9-712e1c637b62-groupManagement] INFO  server.RaftServerConfigKeys (ConfUtils.java:logGet(46)) - raft.server.log.purge.preservation.log.num = 0 (default)
2025-05-14 02:55:11,591 [EventQueue-PipelineReportForPipelineReportHandler] INFO  pipeline.PipelineReportHandler (PipelineReportHandler.java:processPipelineReport(134)) - Opened pipeline PipelineID=24d5d898-0379-4cf7-8dd6-120b5fe471ce
2025-05-14 02:55:11,592 [e44b5a69-92f9-40f4-85c9-712e1c637b62-groupManagement] INFO  server.RaftServerConfigKeys (ConfUtils.java:logGet(46)) - raft.server.log.segment.size.max = 67108864 (custom)
2025-05-14 02:55:11,592 [e44b5a69-92f9-40f4-85c9-712e1c637b62-groupManagement] INFO  server.RaftServerConfigKeys (ConfUtils.java:logGet(46)) - raft.server.log.segment.cache.num.max = 2 (custom)
2025-05-14 02:55:11,592 [e44b5a69-92f9-40f4-85c9-712e1c637b62-groupManagement] INFO  server.RaftServerConfigKeys (ConfUtils.java:logGet(46)) - raft.server.log.segment.cache.size.max = 200MB (=209715200) (default)
2025-05-14 02:55:11,592 [e44b5a69-92f9-40f4-85c9-712e1c637b62-groupManagement] INFO  server.RaftServerConfigKeys (ConfUtils.java:logGet(46)) - raft.server.log.appender.buffer.byte-limit = 33554432 (custom)
2025-05-14 02:55:11,593 [e44b5a69-92f9-40f4-85c9-712e1c637b62-groupManagement] INFO  util.AwaitToRun (AwaitToRun.java:start(81)) - Thread[#2013,e44b5a69-92f9-40f4-85c9-712e1c637b62@group-120B5FE471CE-cacheEviction-AwaitToRun,5,main] started
2025-05-14 02:55:11,593 [e44b5a69-92f9-40f4-85c9-712e1c637b62-groupManagement] INFO  segmented.SegmentedRaftLogWorker (SegmentedRaftLogWorker.java:<init>(188)) - new e44b5a69-92f9-40f4-85c9-712e1c637b62@group-120B5FE471CE-SegmentedRaftLogWorker for RaftStorageImpl:Storage Directory /home/runner/work/ozone/ozone/hadoop-ozone/integration-test/target/test-dir/MiniOzoneClusterImpl-af940217-b311-440f-8e09-352fdf66236b/ozone-meta/datanode-5/ratis630cd441-1fbc-4332-a044-ef429d701783/24d5d898-0379-4cf7-8dd6-120b5fe471ce
2025-05-14 02:55:11,593 [e44b5a69-92f9-40f4-85c9-712e1c637b62-groupManagement] INFO  server.RaftServerConfigKeys (ConfUtils.java:logGet(46)) - raft.server.log.queue.byte-limit = 4294967296 (custom)
2025-05-14 02:55:11,593 [e44b5a69-92f9-40f4-85c9-712e1c637b62-groupManagement] INFO  server.RaftServerConfigKeys (ConfUtils.java:logGet(46)) - raft.server.log.queue.element-limit = 1024 (custom)
2025-05-14 02:55:11,593 [e44b5a69-92f9-40f4-85c9-712e1c637b62-groupManagement] INFO  server.RaftServerConfigKeys (ConfUtils.java:logGet(46)) - raft.server.log.segment.size.max = 67108864 (custom)
2025-05-14 02:55:11,593 [e44b5a69-92f9-40f4-85c9-712e1c637b62-groupManagement] INFO  server.RaftServerConfigKeys (ConfUtils.java:logGet(46)) - raft.server.log.preallocated.size = 4194304 (custom)
2025-05-14 02:55:11,593 [e44b5a69-92f9-40f4-85c9-712e1c637b62-groupManagement] INFO  server.RaftServerConfigKeys (ConfUtils.java:logGet(46)) - raft.server.log.force.sync.num = 128 (default)
2025-05-14 02:55:11,593 [e44b5a69-92f9-40f4-85c9-712e1c637b62-groupManagement] INFO  server.RaftServerConfigKeys (ConfUtils.java:logGet(46)) - raft.server.log.statemachine.data.sync = true (default)
2025-05-14 02:55:11,593 [e44b5a69-92f9-40f4-85c9-712e1c637b62-groupManagement] INFO  server.RaftServerConfigKeys (ConfUtils.java:logGet(46)) - raft.server.log.statemachine.data.sync.timeout = 10s (default)
2025-05-14 02:55:11,593 [e44b5a69-92f9-40f4-85c9-712e1c637b62-groupManagement] INFO  server.RaftServerConfigKeys (ConfUtils.java:logGet(46)) - raft.server.log.statemachine.data.sync.timeout.retry = 30 (custom)
2025-05-14 02:55:11,593 [e44b5a69-92f9-40f4-85c9-712e1c637b62-groupManagement] INFO  server.RaftServerConfigKeys (ConfUtils.java:logGet(46)) - raft.server.log.write.buffer.size = 33554440 (custom)
2025-05-14 02:55:11,594 [EventQueue-PipelineActionsForPipelineActionHandler] INFO  pipeline.PipelineActionHandler (PipelineActionHandler.java:processPipelineAction(89)) - Received pipeline action CLOSE for PipelineID=04f6c6c3-d74d-4db8-823f-aff22c375116 from datanode f4f68937-1ce3-42e1-b3e7-547ae2d23d85(localhost/127.0.0.1). Reason : Chunks directory /home/runner/work/ozone/ozone/hadoop-ozone/integration-test/target/test-dir/MiniOzoneClusterImpl-af940217-b311-440f-8e09-352fdf66236b/ozone-meta/datanode-7/data-0/hdds/af940217-b311-440f-8e09-352fdf66236b/current/containerDir0/9/chunks does not exist.
2025-05-14 02:55:11,598 [e44b5a69-92f9-40f4-85c9-712e1c637b62-groupManagement] INFO  server.RaftServerConfigKeys (ConfUtils.java:logGet(46)) - raft.server.log.appender.buffer.byte-limit = 33554432 (custom)
2025-05-14 02:55:11,598 [e44b5a69-92f9-40f4-85c9-712e1c637b62-groupManagement] INFO  server.RaftServerConfigKeys (ConfUtils.java:logGet(46)) - raft.server.log.unsafe-flush.enabled = false (default)
2025-05-14 02:55:11,598 [e44b5a69-92f9-40f4-85c9-712e1c637b62-groupManagement] INFO  server.RaftServerConfigKeys (ConfUtils.java:logGet(46)) - raft.server.log.async-flush.enabled = false (default)
2025-05-14 02:55:11,599 [e44b5a69-92f9-40f4-85c9-712e1c637b62-groupManagement] INFO  server.RaftServerConfigKeys (ConfUtils.java:logGet(46)) - raft.server.log.statemachine.data.caching.enabled = true (custom)
2025-05-14 02:55:11,599 [e44b5a69-92f9-40f4-85c9-712e1c637b62-groupManagement] INFO  segmented.SegmentedRaftLogWorker (SegmentedRaftLogWorker.java:lambda$new$0(139)) - e44b5a69-92f9-40f4-85c9-712e1c637b62@group-120B5FE471CE-SegmentedRaftLogWorker: flushIndex: setUnconditionally 0 -> -1
2025-05-14 02:55:11,599 [e44b5a69-92f9-40f4-85c9-712e1c637b62-groupManagement] INFO  segmented.SegmentedRaftLogWorker (SegmentedRaftLogWorker.java:lambda$new$0(139)) - e44b5a69-92f9-40f4-85c9-712e1c637b62@group-120B5FE471CE-SegmentedRaftLogWorker: safeCacheEvictIndex: setUnconditionally 0 -> -1
2025-05-14 02:55:11,599 [e44b5a69-92f9-40f4-85c9-712e1c637b62-groupManagement] INFO  server.RaftServer$Division (RaftServerImpl.java:start(391)) - e44b5a69-92f9-40f4-85c9-712e1c637b62@group-120B5FE471CE: start as a follower, conf=conf: {index: -1, cur=peers:[e44b5a69-92f9-40f4-85c9-712e1c637b62|127.0.0.1:15047]|listeners:[], old=null}
2025-05-14 02:55:11,599 [e44b5a69-92f9-40f4-85c9-712e1c637b62-groupManagement] INFO  server.RaftServer$Division (RaftServerImpl.java:setRole(378)) - e44b5a69-92f9-40f4-85c9-712e1c637b62@group-120B5FE471CE: changes role from      null to FOLLOWER at term 0 for startAsFollower
2025-05-14 02:55:11,599 [e44b5a69-92f9-40f4-85c9-712e1c637b62-groupManagement] INFO  impl.RoleInfo (RoleInfo.java:updateAndGet(148)) - e44b5a69-92f9-40f4-85c9-712e1c637b62: start e44b5a69-92f9-40f4-85c9-712e1c637b62@group-120B5FE471CE-FollowerState
2025-05-14 02:55:11,600 [e44b5a69-92f9-40f4-85c9-712e1c637b62@group-120B5FE471CE-FollowerState] INFO  server.RaftServerConfigKeys (ConfUtils.java:logGet(46)) - raft.server.rpc.first-election.timeout.min = 1000ms (custom)
2025-05-14 02:55:11,600 [e44b5a69-92f9-40f4-85c9-712e1c637b62-groupManagement] INFO  util.JmxRegister (JmxRegister.java:tryRegister(44)) - Successfully registered JMX Bean with object name Ratis:service=RaftServer,group=group-120B5FE471CE,id=e44b5a69-92f9-40f4-85c9-712e1c637b62
2025-05-14 02:55:11,600 [e44b5a69-92f9-40f4-85c9-712e1c637b62@group-120B5FE471CE-FollowerState] INFO  server.RaftServerConfigKeys (ConfUtils.java:logGet(46)) - raft.server.rpc.first-election.timeout.max = 1200ms (custom)
2025-05-14 02:55:11,600 [e44b5a69-92f9-40f4-85c9-712e1c637b62-groupManagement] INFO  util.JmxRegister (JmxRegister.java:register(58)) - register mxBean class org.apache.ratis.server.impl.RaftServerJmxAdapter as Ratis:service=RaftServer,group=group-120B5FE471CE,id=e44b5a69-92f9-40f4-85c9-712e1c637b62
2025-05-14 02:55:11,600 [e44b5a69-92f9-40f4-85c9-712e1c637b62-groupManagement] INFO  server.RaftServerConfigKeys (ConfUtils.java:logGet(46)) - raft.server.snapshot.trigger-when-stop.enabled = true (default)
2025-05-14 02:55:11,600 [e44b5a69-92f9-40f4-85c9-712e1c637b62-groupManagement] INFO  server.RaftServerConfigKeys (ConfUtils.java:logGet(46)) - raft.server.snapshot.trigger-when-remove.enabled = true (default)
2025-05-14 02:55:11,600 [e44b5a69-92f9-40f4-85c9-712e1c637b62-groupManagement] INFO  server.RaftServerConfigKeys (ConfUtils.java:logGet(46)) - raft.server.snapshot.auto.trigger.enabled = true (custom)
2025-05-14 02:55:11,600 [e44b5a69-92f9-40f4-85c9-712e1c637b62-groupManagement] INFO  server.RaftServerConfigKeys (ConfUtils.java:logGet(46)) - raft.server.snapshot.auto.trigger.threshold = 1 (custom)
2025-05-14 02:55:11,600 [e44b5a69-92f9-40f4-85c9-712e1c637b62-groupManagement] INFO  server.RaftServerConfigKeys (ConfUtils.java:logGet(46)) - raft.server.snapshot.retention.file.num = 5 (custom)
2025-05-14 02:55:11,600 [e44b5a69-92f9-40f4-85c9-712e1c637b62-groupManagement] INFO  server.RaftServerConfigKeys (ConfUtils.java:logGet(46)) - raft.server.log.purge.upto.snapshot.index = false (default)
2025-05-14 02:55:11,601 [e44b5a69-92f9-40f4-85c9-712e1c637b62-groupManagement] INFO  server.RaftServer$Division (RaftServerImpl.java:start(405)) - e44b5a69-92f9-40f4-85c9-712e1c637b62@group-120B5FE471CE: Successfully started.
2025-05-14 02:55:11,601 [e44b5a69-92f9-40f4-85c9-712e1c637b62-PipelineCommandHandlerThread-0] INFO  ratis.XceiverServerRatis (XceiverServerRatis.java:addGroup(843)) - Created group PipelineID=24d5d898-0379-4cf7-8dd6-120b5fe471ce
2025-05-14 02:55:11,601 [e44b5a69-92f9-40f4-85c9-712e1c637b62-PipelineCommandHandlerThread-0] INFO  commandhandler.CreatePipelineCommandHandler (CreatePipelineCommandHandler.java:lambda$handle$2(128)) - Created Pipeline RATIS ONE PipelineID=24d5d898-0379-4cf7-8dd6-120b5fe471ce.
2025-05-14 02:55:11,602 [e44b5a69-92f9-40f4-85c9-712e1c637b62-PipelineCommandHandlerThread-0] INFO  server.RaftServer (RaftServerProxy.java:addNew(100)) - e44b5a69-92f9-40f4-85c9-712e1c637b62: addNew group-317B9C2908E3:[d4e44fd7-0e23-4e4f-bc30-0c7965de497d|127.0.0.1:15039, 9d8a5836-bfca-4d37-9676-470807fcd29d|127.0.0.1:15087, e44b5a69-92f9-40f4-85c9-712e1c637b62|127.0.0.1:15047] returns group-317B9C2908E3:java.util.concurrent.CompletableFuture@6c615e6a[Not completed]
2025-05-14 02:55:11,603 [e44b5a69-92f9-40f4-85c9-712e1c637b62-groupManagement] INFO  server.RaftServer$Division (RaftServerImpl.java:<init>(255)) - e44b5a69-92f9-40f4-85c9-712e1c637b62: new RaftServerImpl for group-317B9C2908E3:[d4e44fd7-0e23-4e4f-bc30-0c7965de497d|127.0.0.1:15039, 9d8a5836-bfca-4d37-9676-470807fcd29d|127.0.0.1:15087, e44b5a69-92f9-40f4-85c9-712e1c637b62|127.0.0.1:15047] with ContainerStateMachine:uninitialized
2025-05-14 02:55:11,603 [e44b5a69-92f9-40f4-85c9-712e1c637b62-groupManagement] INFO  server.RaftServerConfigKeys (ConfUtils.java:logGet(46)) - raft.server.rpc.timeout.min = 5s (custom)
2025-05-14 02:55:11,603 [e44b5a69-92f9-40f4-85c9-712e1c637b62-groupManagement] INFO  server.RaftServerConfigKeys (ConfUtils.java:logGet(46)) - raft.server.rpc.timeout.max = 5200ms (custom)
2025-05-14 02:55:11,603 [e44b5a69-92f9-40f4-85c9-712e1c637b62-groupManagement] INFO  server.RaftServerConfigKeys (ConfUtils.java:logGet(46)) - raft.server.rpc.sleep.time = 25ms (default)
2025-05-14 02:55:11,603 [e44b5a69-92f9-40f4-85c9-712e1c637b62-groupManagement] INFO  server.RaftServerConfigKeys (ConfUtils.java:logGet(46)) - raft.server.rpc.slowness.timeout = 300000ms (custom)
2025-05-14 02:55:11,603 [e44b5a69-92f9-40f4-85c9-712e1c637b62-groupManagement] INFO  server.RaftServerConfigKeys (ConfUtils.java:logGet(46)) - raft.server.leaderelection.leader.step-down.wait-time = 10s (default)
2025-05-14 02:55:11,603 [e44b5a69-92f9-40f4-85c9-712e1c637b62-groupManagement] INFO  server.RaftServerConfigKeys (ConfUtils.java:logGet(46)) - raft.server.leaderelection.member.majority-add = false (default)
2025-05-14 02:55:11,603 [e44b5a69-92f9-40f4-85c9-712e1c637b62-groupManagement] INFO  server.RaftServerConfigKeys (ConfUtils.java:logGet(46)) - raft.server.sleep.deviation.threshold = 300ms (default)
2025-05-14 02:55:11,603 [e44b5a69-92f9-40f4-85c9-712e1c637b62-groupManagement] INFO  server.RaftServer$Division (ServerState.java:<init>(114)) - e44b5a69-92f9-40f4-85c9-712e1c637b62@group-317B9C2908E3: ConfigurationManager, init=conf: {index: -1, cur=peers:[d4e44fd7-0e23-4e4f-bc30-0c7965de497d|127.0.0.1:15039, 9d8a5836-bfca-4d37-9676-470807fcd29d|127.0.0.1:15087, e44b5a69-92f9-40f4-85c9-712e1c637b62|127.0.0.1:15047]|listeners:[], old=null}, confs=<EMPTY_MAP>
2025-05-14 02:55:11,603 [e44b5a69-92f9-40f4-85c9-712e1c637b62-groupManagement] INFO  server.RaftServerConfigKeys (ConfUtils.java:logGet(46)) - raft.server.notification.no-leader.timeout = 300000ms (custom)
2025-05-14 02:55:11,604 [e44b5a69-92f9-40f4-85c9-712e1c637b62-groupManagement] INFO  server.RaftServerConfigKeys (ConfUtils.java:logGet(46)) - raft.server.read.timeout = 10s (default)
2025-05-14 02:55:11,604 [e44b5a69-92f9-40f4-85c9-712e1c637b62-groupManagement] INFO  server.RaftServerConfigKeys (ConfUtils.java:logGet(46)) - raft.server.retrycache.expirytime = 600000ms (custom)
2025-05-14 02:55:11,604 [e44b5a69-92f9-40f4-85c9-712e1c637b62-groupManagement] INFO  server.RaftServerConfigKeys (ConfUtils.java:logGet(46)) - raft.server.retrycache.statistics.expirytime = 100ms (default)
2025-05-14 02:55:11,604 [e44b5a69-92f9-40f4-85c9-712e1c637b62-groupManagement] INFO  server.RaftServerConfigKeys (ConfUtils.java:logGet(46)) - raft.server.read.option = DEFAULT (default)
2025-05-14 02:55:11,604 [e44b5a69-92f9-40f4-85c9-712e1c637b62-groupManagement] INFO  server.RaftServerConfigKeys (ConfUtils.java:logGet(46)) - raft.server.read.read-after-write-consistent.write-index-cache.expiry-time = 60s (default)
2025-05-14 02:55:11,608 [e44b5a69-92f9-40f4-85c9-712e1c637b62-groupManagement] INFO  server.RaftServerConfigKeys (ConfUtils.java:logGet(46)) - raft.server.rpc.request.timeout = 3000ms (default)
2025-05-14 02:55:11,608 [e44b5a69-92f9-40f4-85c9-712e1c637b62-groupManagement] INFO  server.RaftServerConfigKeys (ConfUtils.java:logGet(46)) - raft.server.log.appender.install.snapshot.enabled = false (custom)
2025-05-14 02:55:11,608 [e44b5a69-92f9-40f4-85c9-712e1c637b62-groupManagement] INFO  server.RaftServerConfigKeys (ConfUtils.java:logGet(46)) - raft.server.threadpool.server.cached = true (default)
2025-05-14 02:55:11,608 [e44b5a69-92f9-40f4-85c9-712e1c637b62-groupManagement] INFO  server.RaftServerConfigKeys (ConfUtils.java:logGet(46)) - raft.server.threadpool.server.size = 0 (default)
2025-05-14 02:55:11,608 [e44b5a69-92f9-40f4-85c9-712e1c637b62-groupManagement] INFO  server.RaftServerConfigKeys (ConfUtils.java:logGet(46)) - raft.server.threadpool.client.cached = true (default)
2025-05-14 02:55:11,608 [e44b5a69-92f9-40f4-85c9-712e1c637b62-groupManagement] INFO  server.RaftServerConfigKeys (ConfUtils.java:logGet(46)) - raft.server.threadpool.client.size = 0 (default)
2025-05-14 02:55:11,608 [e44b5a69-92f9-40f4-85c9-712e1c637b62-groupManagement] INFO  server.RaftServerConfigKeys (ConfUtils.java:logGet(46)) - raft.server.storage.free-space.min = 0MB (=0) (default)
2025-05-14 02:55:11,608 [e44b5a69-92f9-40f4-85c9-712e1c637b62-groupManagement] INFO  server.RaftServerConfigKeys (ConfUtils.java:logGet(46)) - raft.server.log.corruption.policy = EXCEPTION (default)
2025-05-14 02:55:11,609 [e44b5a69-92f9-40f4-85c9-712e1c637b62-groupManagement] INFO  server.RaftServerConfigKeys (ConfUtils.java:logGet(46)) - raft.server.storage.dir = [/home/runner/work/ozone/ozone/hadoop-ozone/integration-test/target/test-dir/MiniOzoneClusterImpl-af940217-b311-440f-8e09-352fdf66236b/ozone-meta/datanode-5/ratis630cd441-1fbc-4332-a044-ef429d701783] (custom)
2025-05-14 02:55:11,609 [e44b5a69-92f9-40f4-85c9-712e1c637b62-groupManagement] INFO  storage.RaftStorageDirectory (RaftStorageDirectoryImpl.java:analyzeStorage(138)) - The storage directory /home/runner/work/ozone/ozone/hadoop-ozone/integration-test/target/test-dir/MiniOzoneClusterImpl-af940217-b311-440f-8e09-352fdf66236b/ozone-meta/datanode-5/ratis630cd441-1fbc-4332-a044-ef429d701783/06d0a761-9d58-4218-92fa-317b9c2908e3 does not exist. Creating ...
2025-05-14 02:55:11,610 [e44b5a69-92f9-40f4-85c9-712e1c637b62-groupManagement] INFO  storage.RaftStorageDirectory (RaftStorageDirectoryImpl.java:tryLock(229)) - Lock on /home/runner/work/ozone/ozone/hadoop-ozone/integration-test/target/test-dir/MiniOzoneClusterImpl-af940217-b311-440f-8e09-352fdf66236b/ozone-meta/datanode-5/ratis630cd441-1fbc-4332-a044-ef429d701783/06d0a761-9d58-4218-92fa-317b9c2908e3/in_use.lock acquired by nodename 34763@localhost
2025-05-14 02:55:11,611 [e44b5a69-92f9-40f4-85c9-712e1c637b62-groupManagement] INFO  storage.RaftStorage (RaftStorageImpl.java:format(98)) - Storage directory /home/runner/work/ozone/ozone/hadoop-ozone/integration-test/target/test-dir/MiniOzoneClusterImpl-af940217-b311-440f-8e09-352fdf66236b/ozone-meta/datanode-5/ratis630cd441-1fbc-4332-a044-ef429d701783/06d0a761-9d58-4218-92fa-317b9c2908e3 has been successfully formatted.
2025-05-14 02:55:11,611 [e44b5a69-92f9-40f4-85c9-712e1c637b62-groupManagement] INFO  ratis.ContainerStateMachine (ContainerStateMachine.java:initialize(339)) - e44b5a69-92f9-40f4-85c9-712e1c637b62: initialize group-317B9C2908E3
2025-05-14 02:55:11,611 [e44b5a69-92f9-40f4-85c9-712e1c637b62-groupManagement] INFO  ratis.ContainerStateMachine (ContainerStateMachine.java:loadSnapshot(347)) - group-317B9C2908E3: The snapshot info is null. Setting the last applied index to:(t:0, i:~)
2025-05-14 02:55:11,611 [e44b5a69-92f9-40f4-85c9-712e1c637b62-groupManagement] INFO  server.RaftServerConfigKeys (ConfUtils.java:logGet(46)) - raft.server.log.use.memory = false (default)
2025-05-14 02:55:11,611 [e44b5a69-92f9-40f4-85c9-712e1c637b62-groupManagement] INFO  server.RaftServerConfigKeys (ConfUtils.java:logGet(46)) - raft.server.log.purge.gap = 1000000 (custom)
2025-05-14 02:55:11,611 [e44b5a69-92f9-40f4-85c9-712e1c637b62-groupManagement] INFO  server.RaftServerConfigKeys (ConfUtils.java:logGet(46)) - raft.server.log.appender.buffer.byte-limit = 33554432 (custom)
2025-05-14 02:55:11,611 [e44b5a69-92f9-40f4-85c9-712e1c637b62-groupManagement] INFO  server.RaftServerConfigKeys (ConfUtils.java:logGet(46)) - raft.server.log.statemachine.data.read.timeout = 1000ms (default)
2025-05-14 02:55:11,611 [e44b5a69-92f9-40f4-85c9-712e1c637b62-groupManagement] INFO  server.RaftServerConfigKeys (ConfUtils.java:logGet(46)) - raft.server.log.purge.preservation.log.num = 0 (default)
2025-05-14 02:55:11,613 [e44b5a69-92f9-40f4-85c9-712e1c637b62-groupManagement] INFO  server.RaftServerConfigKeys (ConfUtils.java:logGet(46)) - raft.server.log.segment.size.max = 67108864 (custom)
2025-05-14 02:55:11,613 [e44b5a69-92f9-40f4-85c9-712e1c637b62-groupManagement] INFO  server.RaftServerConfigKeys (ConfUtils.java:logGet(46)) - raft.server.log.segment.cache.num.max = 2 (custom)
2025-05-14 02:55:11,613 [e44b5a69-92f9-40f4-85c9-712e1c637b62-groupManagement] INFO  server.RaftServerConfigKeys (ConfUtils.java:logGet(46)) - raft.server.log.segment.cache.size.max = 200MB (=209715200) (default)
2025-05-14 02:55:11,613 [e44b5a69-92f9-40f4-85c9-712e1c637b62-groupManagement] INFO  server.RaftServerConfigKeys (ConfUtils.java:logGet(46)) - raft.server.log.appender.buffer.byte-limit = 33554432 (custom)
2025-05-14 02:55:11,614 [e44b5a69-92f9-40f4-85c9-712e1c637b62-groupManagement] INFO  util.AwaitToRun (AwaitToRun.java:start(81)) - Thread[#2017,e44b5a69-92f9-40f4-85c9-712e1c637b62@group-317B9C2908E3-cacheEviction-AwaitToRun,5,main] started
2025-05-14 02:55:11,614 [e44b5a69-92f9-40f4-85c9-712e1c637b62-groupManagement] INFO  segmented.SegmentedRaftLogWorker (SegmentedRaftLogWorker.java:<init>(188)) - new e44b5a69-92f9-40f4-85c9-712e1c637b62@group-317B9C2908E3-SegmentedRaftLogWorker for RaftStorageImpl:Storage Directory /home/runner/work/ozone/ozone/hadoop-ozone/integration-test/target/test-dir/MiniOzoneClusterImpl-af940217-b311-440f-8e09-352fdf66236b/ozone-meta/datanode-5/ratis630cd441-1fbc-4332-a044-ef429d701783/06d0a761-9d58-4218-92fa-317b9c2908e3
2025-05-14 02:55:11,614 [e44b5a69-92f9-40f4-85c9-712e1c637b62-groupManagement] INFO  server.RaftServerConfigKeys (ConfUtils.java:logGet(46)) - raft.server.log.queue.byte-limit = 4294967296 (custom)
2025-05-14 02:55:11,614 [e44b5a69-92f9-40f4-85c9-712e1c637b62-groupManagement] INFO  server.RaftServerConfigKeys (ConfUtils.java:logGet(46)) - raft.server.log.queue.element-limit = 1024 (custom)
2025-05-14 02:55:11,614 [e44b5a69-92f9-40f4-85c9-712e1c637b62-groupManagement] INFO  server.RaftServerConfigKeys (ConfUtils.java:logGet(46)) - raft.server.log.segment.size.max = 67108864 (custom)
2025-05-14 02:55:11,614 [e44b5a69-92f9-40f4-85c9-712e1c637b62-groupManagement] INFO  server.RaftServerConfigKeys (ConfUtils.java:logGet(46)) - raft.server.log.preallocated.size = 4194304 (custom)
2025-05-14 02:55:11,614 [e44b5a69-92f9-40f4-85c9-712e1c637b62-groupManagement] INFO  server.RaftServerConfigKeys (ConfUtils.java:logGet(46)) - raft.server.log.force.sync.num = 128 (default)
2025-05-14 02:55:11,614 [e44b5a69-92f9-40f4-85c9-712e1c637b62-groupManagement] INFO  server.RaftServerConfigKeys (ConfUtils.java:logGet(46)) - raft.server.log.statemachine.data.sync = true (default)
2025-05-14 02:55:11,614 [e44b5a69-92f9-40f4-85c9-712e1c637b62-groupManagement] INFO  server.RaftServerConfigKeys (ConfUtils.java:logGet(46)) - raft.server.log.statemachine.data.sync.timeout = 10s (default)
2025-05-14 02:55:11,614 [e44b5a69-92f9-40f4-85c9-712e1c637b62-groupManagement] INFO  server.RaftServerConfigKeys (ConfUtils.java:logGet(46)) - raft.server.log.statemachine.data.sync.timeout.retry = 30 (custom)
2025-05-14 02:55:11,614 [e44b5a69-92f9-40f4-85c9-712e1c637b62-groupManagement] INFO  server.RaftServerConfigKeys (ConfUtils.java:logGet(46)) - raft.server.log.write.buffer.size = 33554440 (custom)
2025-05-14 02:55:11,618 [e44b5a69-92f9-40f4-85c9-712e1c637b62-groupManagement] INFO  server.RaftServerConfigKeys (ConfUtils.java:logGet(46)) - raft.server.log.appender.buffer.byte-limit = 33554432 (custom)
2025-05-14 02:55:11,619 [e44b5a69-92f9-40f4-85c9-712e1c637b62-groupManagement] INFO  server.RaftServerConfigKeys (ConfUtils.java:logGet(46)) - raft.server.log.unsafe-flush.enabled = false (default)
2025-05-14 02:55:11,619 [e44b5a69-92f9-40f4-85c9-712e1c637b62-groupManagement] INFO  server.RaftServerConfigKeys (ConfUtils.java:logGet(46)) - raft.server.log.async-flush.enabled = false (default)
2025-05-14 02:55:11,619 [e44b5a69-92f9-40f4-85c9-712e1c637b62-groupManagement] INFO  server.RaftServerConfigKeys (ConfUtils.java:logGet(46)) - raft.server.log.statemachine.data.caching.enabled = true (custom)
2025-05-14 02:55:11,619 [e44b5a69-92f9-40f4-85c9-712e1c637b62-groupManagement] INFO  segmented.SegmentedRaftLogWorker (SegmentedRaftLogWorker.java:lambda$new$0(139)) - e44b5a69-92f9-40f4-85c9-712e1c637b62@group-317B9C2908E3-SegmentedRaftLogWorker: flushIndex: setUnconditionally 0 -> -1
2025-05-14 02:55:11,619 [e44b5a69-92f9-40f4-85c9-712e1c637b62-groupManagement] INFO  segmented.SegmentedRaftLogWorker (SegmentedRaftLogWorker.java:lambda$new$0(139)) - e44b5a69-92f9-40f4-85c9-712e1c637b62@group-317B9C2908E3-SegmentedRaftLogWorker: safeCacheEvictIndex: setUnconditionally 0 -> -1
2025-05-14 02:55:11,619 [e44b5a69-92f9-40f4-85c9-712e1c637b62-groupManagement] INFO  server.RaftServer$Division (RaftServerImpl.java:start(391)) - e44b5a69-92f9-40f4-85c9-712e1c637b62@group-317B9C2908E3: start as a follower, conf=conf: {index: -1, cur=peers:[d4e44fd7-0e23-4e4f-bc30-0c7965de497d|127.0.0.1:15039, 9d8a5836-bfca-4d37-9676-470807fcd29d|127.0.0.1:15087, e44b5a69-92f9-40f4-85c9-712e1c637b62|127.0.0.1:15047]|listeners:[], old=null}
2025-05-14 02:55:11,619 [e44b5a69-92f9-40f4-85c9-712e1c637b62-groupManagement] INFO  server.RaftServer$Division (RaftServerImpl.java:setRole(378)) - e44b5a69-92f9-40f4-85c9-712e1c637b62@group-317B9C2908E3: changes role from      null to FOLLOWER at term 0 for startAsFollower
2025-05-14 02:55:11,619 [e44b5a69-92f9-40f4-85c9-712e1c637b62-groupManagement] INFO  impl.RoleInfo (RoleInfo.java:updateAndGet(148)) - e44b5a69-92f9-40f4-85c9-712e1c637b62: start e44b5a69-92f9-40f4-85c9-712e1c637b62@group-317B9C2908E3-FollowerState
2025-05-14 02:55:11,620 [e44b5a69-92f9-40f4-85c9-712e1c637b62-groupManagement] INFO  util.JmxRegister (JmxRegister.java:tryRegister(44)) - Successfully registered JMX Bean with object name Ratis:service=RaftServer,group=group-317B9C2908E3,id=e44b5a69-92f9-40f4-85c9-712e1c637b62
2025-05-14 02:55:11,620 [e44b5a69-92f9-40f4-85c9-712e1c637b62-groupManagement] INFO  util.JmxRegister (JmxRegister.java:register(58)) - register mxBean class org.apache.ratis.server.impl.RaftServerJmxAdapter as Ratis:service=RaftServer,group=group-317B9C2908E3,id=e44b5a69-92f9-40f4-85c9-712e1c637b62
2025-05-14 02:55:11,620 [e44b5a69-92f9-40f4-85c9-712e1c637b62-groupManagement] INFO  server.RaftServerConfigKeys (ConfUtils.java:logGet(46)) - raft.server.snapshot.trigger-when-stop.enabled = true (default)
2025-05-14 02:55:11,620 [e44b5a69-92f9-40f4-85c9-712e1c637b62-groupManagement] INFO  server.RaftServerConfigKeys (ConfUtils.java:logGet(46)) - raft.server.snapshot.trigger-when-remove.enabled = true (default)
2025-05-14 02:55:11,620 [e44b5a69-92f9-40f4-85c9-712e1c637b62-groupManagement] INFO  server.RaftServerConfigKeys (ConfUtils.java:logGet(46)) - raft.server.snapshot.auto.trigger.enabled = true (custom)
2025-05-14 02:55:11,620 [e44b5a69-92f9-40f4-85c9-712e1c637b62@group-317B9C2908E3-FollowerState] INFO  server.RaftServerConfigKeys (ConfUtils.java:logGet(46)) - raft.server.rpc.first-election.timeout.min = 1000ms (custom)
2025-05-14 02:55:11,620 [e44b5a69-92f9-40f4-85c9-712e1c637b62@group-317B9C2908E3-FollowerState] INFO  server.RaftServerConfigKeys (ConfUtils.java:logGet(46)) - raft.server.rpc.first-election.timeout.max = 1200ms (custom)
2025-05-14 02:55:11,620 [e44b5a69-92f9-40f4-85c9-712e1c637b62-groupManagement] INFO  server.RaftServerConfigKeys (ConfUtils.java:logGet(46)) - raft.server.snapshot.auto.trigger.threshold = 1 (custom)
2025-05-14 02:55:11,620 [e44b5a69-92f9-40f4-85c9-712e1c637b62-groupManagement] INFO  server.RaftServerConfigKeys (ConfUtils.java:logGet(46)) - raft.server.snapshot.retention.file.num = 5 (custom)
2025-05-14 02:55:11,620 [e44b5a69-92f9-40f4-85c9-712e1c637b62-groupManagement] INFO  server.RaftServerConfigKeys (ConfUtils.java:logGet(46)) - raft.server.log.purge.upto.snapshot.index = false (default)
2025-05-14 02:55:11,621 [e44b5a69-92f9-40f4-85c9-712e1c637b62-groupManagement] INFO  server.RaftServer$Division (RaftServerImpl.java:start(405)) - e44b5a69-92f9-40f4-85c9-712e1c637b62@group-317B9C2908E3: Successfully started.
2025-05-14 02:55:11,621 [e44b5a69-92f9-40f4-85c9-712e1c637b62-PipelineCommandHandlerThread-0] INFO  ratis.XceiverServerRatis (XceiverServerRatis.java:addGroup(843)) - Created group PipelineID=06d0a761-9d58-4218-92fa-317b9c2908e3
2025-05-14 02:55:11,626 [grpc-default-executor-8] INFO  server.RaftServer (RaftServerProxy.java:addNew(100)) - d4e44fd7-0e23-4e4f-bc30-0c7965de497d: addNew group-317B9C2908E3:[d4e44fd7-0e23-4e4f-bc30-0c7965de497d|127.0.0.1:15039, 9d8a5836-bfca-4d37-9676-470807fcd29d|127.0.0.1:15087, e44b5a69-92f9-40f4-85c9-712e1c637b62|127.0.0.1:15047] returns group-317B9C2908E3:java.util.concurrent.CompletableFuture@3627ba9b[Not completed]
2025-05-14 02:55:11,628 [d4e44fd7-0e23-4e4f-bc30-0c7965de497d-groupManagement] INFO  server.RaftServer$Division (RaftServerImpl.java:<init>(255)) - d4e44fd7-0e23-4e4f-bc30-0c7965de497d: new RaftServerImpl for group-317B9C2908E3:[d4e44fd7-0e23-4e4f-bc30-0c7965de497d|127.0.0.1:15039, 9d8a5836-bfca-4d37-9676-470807fcd29d|127.0.0.1:15087, e44b5a69-92f9-40f4-85c9-712e1c637b62|127.0.0.1:15047] with ContainerStateMachine:uninitialized
2025-05-14 02:55:11,628 [d4e44fd7-0e23-4e4f-bc30-0c7965de497d-groupManagement] INFO  server.RaftServerConfigKeys (ConfUtils.java:logGet(46)) - raft.server.rpc.timeout.min = 5s (custom)
2025-05-14 02:55:11,628 [d4e44fd7-0e23-4e4f-bc30-0c7965de497d-groupManagement] INFO  server.RaftServerConfigKeys (ConfUtils.java:logGet(46)) - raft.server.rpc.timeout.max = 5200ms (custom)
2025-05-14 02:55:11,628 [d4e44fd7-0e23-4e4f-bc30-0c7965de497d-groupManagement] INFO  server.RaftServerConfigKeys (ConfUtils.java:logGet(46)) - raft.server.rpc.sleep.time = 25ms (default)
2025-05-14 02:55:11,628 [d4e44fd7-0e23-4e4f-bc30-0c7965de497d-groupManagement] INFO  server.RaftServerConfigKeys (ConfUtils.java:logGet(46)) - raft.server.rpc.slowness.timeout = 300000ms (custom)
2025-05-14 02:55:11,628 [d4e44fd7-0e23-4e4f-bc30-0c7965de497d-groupManagement] INFO  server.RaftServerConfigKeys (ConfUtils.java:logGet(46)) - raft.server.leaderelection.leader.step-down.wait-time = 10s (default)
2025-05-14 02:55:11,628 [d4e44fd7-0e23-4e4f-bc30-0c7965de497d-groupManagement] INFO  server.RaftServerConfigKeys (ConfUtils.java:logGet(46)) - raft.server.leaderelection.member.majority-add = false (default)
2025-05-14 02:55:11,628 [d4e44fd7-0e23-4e4f-bc30-0c7965de497d-groupManagement] INFO  server.RaftServerConfigKeys (ConfUtils.java:logGet(46)) - raft.server.sleep.deviation.threshold = 300ms (default)
2025-05-14 02:55:11,628 [d4e44fd7-0e23-4e4f-bc30-0c7965de497d-groupManagement] INFO  server.RaftServer$Division (ServerState.java:<init>(114)) - d4e44fd7-0e23-4e4f-bc30-0c7965de497d@group-317B9C2908E3: ConfigurationManager, init=conf: {index: -1, cur=peers:[d4e44fd7-0e23-4e4f-bc30-0c7965de497d|127.0.0.1:15039, 9d8a5836-bfca-4d37-9676-470807fcd29d|127.0.0.1:15087, e44b5a69-92f9-40f4-85c9-712e1c637b62|127.0.0.1:15047]|listeners:[], old=null}, confs=<EMPTY_MAP>
2025-05-14 02:55:11,628 [d4e44fd7-0e23-4e4f-bc30-0c7965de497d-groupManagement] INFO  server.RaftServerConfigKeys (ConfUtils.java:logGet(46)) - raft.server.notification.no-leader.timeout = 300000ms (custom)
2025-05-14 02:55:11,628 [d4e44fd7-0e23-4e4f-bc30-0c7965de497d-groupManagement] INFO  server.RaftServerConfigKeys (ConfUtils.java:logGet(46)) - raft.server.read.timeout = 10s (default)
2025-05-14 02:55:11,628 [d4e44fd7-0e23-4e4f-bc30-0c7965de497d-groupManagement] INFO  server.RaftServerConfigKeys (ConfUtils.java:logGet(46)) - raft.server.retrycache.expirytime = 600000ms (custom)
2025-05-14 02:55:11,628 [d4e44fd7-0e23-4e4f-bc30-0c7965de497d-groupManagement] INFO  server.RaftServerConfigKeys (ConfUtils.java:logGet(46)) - raft.server.retrycache.statistics.expirytime = 100ms (default)
2025-05-14 02:55:11,628 [d4e44fd7-0e23-4e4f-bc30-0c7965de497d-groupManagement] INFO  server.RaftServerConfigKeys (ConfUtils.java:logGet(46)) - raft.server.read.option = DEFAULT (default)
2025-05-14 02:55:11,628 [d4e44fd7-0e23-4e4f-bc30-0c7965de497d-groupManagement] INFO  server.RaftServerConfigKeys (ConfUtils.java:logGet(46)) - raft.server.read.read-after-write-consistent.write-index-cache.expiry-time = 60s (default)
2025-05-14 02:55:11,632 [d4e44fd7-0e23-4e4f-bc30-0c7965de497d-groupManagement] INFO  server.RaftServerConfigKeys (ConfUtils.java:logGet(46)) - raft.server.rpc.request.timeout = 3000ms (default)
2025-05-14 02:55:11,632 [d4e44fd7-0e23-4e4f-bc30-0c7965de497d-groupManagement] INFO  server.RaftServerConfigKeys (ConfUtils.java:logGet(46)) - raft.server.log.appender.install.snapshot.enabled = false (custom)
2025-05-14 02:55:11,632 [d4e44fd7-0e23-4e4f-bc30-0c7965de497d-groupManagement] INFO  server.RaftServerConfigKeys (ConfUtils.java:logGet(46)) - raft.server.threadpool.server.cached = true (default)
2025-05-14 02:55:11,633 [d4e44fd7-0e23-4e4f-bc30-0c7965de497d-groupManagement] INFO  server.RaftServerConfigKeys (ConfUtils.java:logGet(46)) - raft.server.threadpool.server.size = 0 (default)
2025-05-14 02:55:11,633 [d4e44fd7-0e23-4e4f-bc30-0c7965de497d-groupManagement] INFO  server.RaftServerConfigKeys (ConfUtils.java:logGet(46)) - raft.server.threadpool.client.cached = true (default)
2025-05-14 02:55:11,633 [d4e44fd7-0e23-4e4f-bc30-0c7965de497d-groupManagement] INFO  server.RaftServerConfigKeys (ConfUtils.java:logGet(46)) - raft.server.threadpool.client.size = 0 (default)
2025-05-14 02:55:11,633 [d4e44fd7-0e23-4e4f-bc30-0c7965de497d-groupManagement] INFO  server.RaftServerConfigKeys (ConfUtils.java:logGet(46)) - raft.server.storage.free-space.min = 0MB (=0) (default)
2025-05-14 02:55:11,633 [d4e44fd7-0e23-4e4f-bc30-0c7965de497d-groupManagement] INFO  server.RaftServerConfigKeys (ConfUtils.java:logGet(46)) - raft.server.log.corruption.policy = EXCEPTION (default)
2025-05-14 02:55:11,633 [d4e44fd7-0e23-4e4f-bc30-0c7965de497d-groupManagement] INFO  server.RaftServerConfigKeys (ConfUtils.java:logGet(46)) - raft.server.storage.dir = [/home/runner/work/ozone/ozone/hadoop-ozone/integration-test/target/test-dir/MiniOzoneClusterImpl-af940217-b311-440f-8e09-352fdf66236b/ozone-meta/datanode-4/ratis] (custom)
2025-05-14 02:55:11,633 [d4e44fd7-0e23-4e4f-bc30-0c7965de497d-groupManagement] INFO  storage.RaftStorageDirectory (RaftStorageDirectoryImpl.java:analyzeStorage(138)) - The storage directory /home/runner/work/ozone/ozone/hadoop-ozone/integration-test/target/test-dir/MiniOzoneClusterImpl-af940217-b311-440f-8e09-352fdf66236b/ozone-meta/datanode-4/ratis/06d0a761-9d58-4218-92fa-317b9c2908e3 does not exist. Creating ...
2025-05-14 02:55:11,635 [d4e44fd7-0e23-4e4f-bc30-0c7965de497d-groupManagement] INFO  storage.RaftStorageDirectory (RaftStorageDirectoryImpl.java:tryLock(229)) - Lock on /home/runner/work/ozone/ozone/hadoop-ozone/integration-test/target/test-dir/MiniOzoneClusterImpl-af940217-b311-440f-8e09-352fdf66236b/ozone-meta/datanode-4/ratis/06d0a761-9d58-4218-92fa-317b9c2908e3/in_use.lock acquired by nodename 34763@localhost
2025-05-14 02:55:11,636 [d4e44fd7-0e23-4e4f-bc30-0c7965de497d-groupManagement] INFO  storage.RaftStorage (RaftStorageImpl.java:format(98)) - Storage directory /home/runner/work/ozone/ozone/hadoop-ozone/integration-test/target/test-dir/MiniOzoneClusterImpl-af940217-b311-440f-8e09-352fdf66236b/ozone-meta/datanode-4/ratis/06d0a761-9d58-4218-92fa-317b9c2908e3 has been successfully formatted.
2025-05-14 02:55:11,636 [d4e44fd7-0e23-4e4f-bc30-0c7965de497d-groupManagement] INFO  ratis.ContainerStateMachine (ContainerStateMachine.java:initialize(339)) - d4e44fd7-0e23-4e4f-bc30-0c7965de497d: initialize group-317B9C2908E3
2025-05-14 02:55:11,636 [d4e44fd7-0e23-4e4f-bc30-0c7965de497d-groupManagement] INFO  ratis.ContainerStateMachine (ContainerStateMachine.java:loadSnapshot(347)) - group-317B9C2908E3: The snapshot info is null. Setting the last applied index to:(t:0, i:~)
2025-05-14 02:55:11,636 [d4e44fd7-0e23-4e4f-bc30-0c7965de497d-groupManagement] INFO  server.RaftServerConfigKeys (ConfUtils.java:logGet(46)) - raft.server.log.use.memory = false (default)
2025-05-14 02:55:11,636 [d4e44fd7-0e23-4e4f-bc30-0c7965de497d-groupManagement] INFO  server.RaftServerConfigKeys (ConfUtils.java:logGet(46)) - raft.server.log.purge.gap = 1000000 (custom)
2025-05-14 02:55:11,636 [d4e44fd7-0e23-4e4f-bc30-0c7965de497d-groupManagement] INFO  server.RaftServerConfigKeys (ConfUtils.java:logGet(46)) - raft.server.log.appender.buffer.byte-limit = 33554432 (custom)
2025-05-14 02:55:11,636 [d4e44fd7-0e23-4e4f-bc30-0c7965de497d-groupManagement] INFO  server.RaftServerConfigKeys (ConfUtils.java:logGet(46)) - raft.server.log.statemachine.data.read.timeout = 1000ms (default)
2025-05-14 02:55:11,636 [d4e44fd7-0e23-4e4f-bc30-0c7965de497d-groupManagement] INFO  server.RaftServerConfigKeys (ConfUtils.java:logGet(46)) - raft.server.log.purge.preservation.log.num = 0 (default)
2025-05-14 02:55:11,648 [d4e44fd7-0e23-4e4f-bc30-0c7965de497d-groupManagement] INFO  server.RaftServerConfigKeys (ConfUtils.java:logGet(46)) - raft.server.log.segment.size.max = 67108864 (custom)
2025-05-14 02:55:11,648 [d4e44fd7-0e23-4e4f-bc30-0c7965de497d-groupManagement] INFO  server.RaftServerConfigKeys (ConfUtils.java:logGet(46)) - raft.server.log.segment.cache.num.max = 2 (custom)
2025-05-14 02:55:11,648 [d4e44fd7-0e23-4e4f-bc30-0c7965de497d-groupManagement] INFO  server.RaftServerConfigKeys (ConfUtils.java:logGet(46)) - raft.server.log.segment.cache.size.max = 200MB (=209715200) (default)
2025-05-14 02:55:11,648 [d4e44fd7-0e23-4e4f-bc30-0c7965de497d-groupManagement] INFO  server.RaftServerConfigKeys (ConfUtils.java:logGet(46)) - raft.server.log.appender.buffer.byte-limit = 33554432 (custom)
2025-05-14 02:55:11,649 [d4e44fd7-0e23-4e4f-bc30-0c7965de497d-groupManagement] INFO  util.AwaitToRun (AwaitToRun.java:start(81)) - Thread[#2021,d4e44fd7-0e23-4e4f-bc30-0c7965de497d@group-317B9C2908E3-cacheEviction-AwaitToRun,5,main] started
2025-05-14 02:55:11,649 [d4e44fd7-0e23-4e4f-bc30-0c7965de497d-groupManagement] INFO  segmented.SegmentedRaftLogWorker (SegmentedRaftLogWorker.java:<init>(188)) - new d4e44fd7-0e23-4e4f-bc30-0c7965de497d@group-317B9C2908E3-SegmentedRaftLogWorker for RaftStorageImpl:Storage Directory /home/runner/work/ozone/ozone/hadoop-ozone/integration-test/target/test-dir/MiniOzoneClusterImpl-af940217-b311-440f-8e09-352fdf66236b/ozone-meta/datanode-4/ratis/06d0a761-9d58-4218-92fa-317b9c2908e3
2025-05-14 02:55:11,649 [d4e44fd7-0e23-4e4f-bc30-0c7965de497d-groupManagement] INFO  server.RaftServerConfigKeys (ConfUtils.java:logGet(46)) - raft.server.log.queue.byte-limit = 4294967296 (custom)
2025-05-14 02:55:11,649 [d4e44fd7-0e23-4e4f-bc30-0c7965de497d-groupManagement] INFO  server.RaftServerConfigKeys (ConfUtils.java:logGet(46)) - raft.server.log.queue.element-limit = 1024 (custom)
2025-05-14 02:55:11,649 [d4e44fd7-0e23-4e4f-bc30-0c7965de497d-groupManagement] INFO  server.RaftServerConfigKeys (ConfUtils.java:logGet(46)) - raft.server.log.segment.size.max = 67108864 (custom)
2025-05-14 02:55:11,649 [d4e44fd7-0e23-4e4f-bc30-0c7965de497d-groupManagement] INFO  server.RaftServerConfigKeys (ConfUtils.java:logGet(46)) - raft.server.log.preallocated.size = 4194304 (custom)
2025-05-14 02:55:11,649 [d4e44fd7-0e23-4e4f-bc30-0c7965de497d-groupManagement] INFO  server.RaftServerConfigKeys (ConfUtils.java:logGet(46)) - raft.server.log.force.sync.num = 128 (default)
2025-05-14 02:55:11,649 [d4e44fd7-0e23-4e4f-bc30-0c7965de497d-groupManagement] INFO  server.RaftServerConfigKeys (ConfUtils.java:logGet(46)) - raft.server.log.statemachine.data.sync = true (default)
2025-05-14 02:55:11,649 [d4e44fd7-0e23-4e4f-bc30-0c7965de497d-groupManagement] INFO  server.RaftServerConfigKeys (ConfUtils.java:logGet(46)) - raft.server.log.statemachine.data.sync.timeout = 10s (default)
2025-05-14 02:55:11,649 [d4e44fd7-0e23-4e4f-bc30-0c7965de497d-groupManagement] INFO  server.RaftServerConfigKeys (ConfUtils.java:logGet(46)) - raft.server.log.statemachine.data.sync.timeout.retry = 30 (custom)
2025-05-14 02:55:11,650 [d4e44fd7-0e23-4e4f-bc30-0c7965de497d-groupManagement] INFO  server.RaftServerConfigKeys (ConfUtils.java:logGet(46)) - raft.server.log.write.buffer.size = 33554440 (custom)
2025-05-14 02:55:11,654 [d4e44fd7-0e23-4e4f-bc30-0c7965de497d-groupManagement] INFO  server.RaftServerConfigKeys (ConfUtils.java:logGet(46)) - raft.server.log.appender.buffer.byte-limit = 33554432 (custom)
2025-05-14 02:55:11,654 [d4e44fd7-0e23-4e4f-bc30-0c7965de497d-groupManagement] INFO  server.RaftServerConfigKeys (ConfUtils.java:logGet(46)) - raft.server.log.unsafe-flush.enabled = false (default)
2025-05-14 02:55:11,654 [d4e44fd7-0e23-4e4f-bc30-0c7965de497d-groupManagement] INFO  server.RaftServerConfigKeys (ConfUtils.java:logGet(46)) - raft.server.log.async-flush.enabled = false (default)
2025-05-14 02:55:11,655 [d4e44fd7-0e23-4e4f-bc30-0c7965de497d-groupManagement] INFO  server.RaftServerConfigKeys (ConfUtils.java:logGet(46)) - raft.server.log.statemachine.data.caching.enabled = true (custom)
2025-05-14 02:55:11,655 [d4e44fd7-0e23-4e4f-bc30-0c7965de497d-groupManagement] INFO  segmented.SegmentedRaftLogWorker (SegmentedRaftLogWorker.java:lambda$new$0(139)) - d4e44fd7-0e23-4e4f-bc30-0c7965de497d@group-317B9C2908E3-SegmentedRaftLogWorker: flushIndex: setUnconditionally 0 -> -1
2025-05-14 02:55:11,655 [d4e44fd7-0e23-4e4f-bc30-0c7965de497d-groupManagement] INFO  segmented.SegmentedRaftLogWorker (SegmentedRaftLogWorker.java:lambda$new$0(139)) - d4e44fd7-0e23-4e4f-bc30-0c7965de497d@group-317B9C2908E3-SegmentedRaftLogWorker: safeCacheEvictIndex: setUnconditionally 0 -> -1
2025-05-14 02:55:11,655 [d4e44fd7-0e23-4e4f-bc30-0c7965de497d-groupManagement] INFO  server.RaftServer$Division (RaftServerImpl.java:start(391)) - d4e44fd7-0e23-4e4f-bc30-0c7965de497d@group-317B9C2908E3: start as a follower, conf=conf: {index: -1, cur=peers:[d4e44fd7-0e23-4e4f-bc30-0c7965de497d|127.0.0.1:15039, 9d8a5836-bfca-4d37-9676-470807fcd29d|127.0.0.1:15087, e44b5a69-92f9-40f4-85c9-712e1c637b62|127.0.0.1:15047]|listeners:[], old=null}
2025-05-14 02:55:11,655 [d4e44fd7-0e23-4e4f-bc30-0c7965de497d-groupManagement] INFO  server.RaftServer$Division (RaftServerImpl.java:setRole(378)) - d4e44fd7-0e23-4e4f-bc30-0c7965de497d@group-317B9C2908E3: changes role from      null to FOLLOWER at term 0 for startAsFollower
2025-05-14 02:55:11,655 [d4e44fd7-0e23-4e4f-bc30-0c7965de497d-groupManagement] INFO  impl.RoleInfo (RoleInfo.java:updateAndGet(148)) - d4e44fd7-0e23-4e4f-bc30-0c7965de497d: start d4e44fd7-0e23-4e4f-bc30-0c7965de497d@group-317B9C2908E3-FollowerState
2025-05-14 02:55:11,656 [d4e44fd7-0e23-4e4f-bc30-0c7965de497d-groupManagement] INFO  util.JmxRegister (JmxRegister.java:tryRegister(44)) - Successfully registered JMX Bean with object name Ratis:service=RaftServer,group=group-317B9C2908E3,id=d4e44fd7-0e23-4e4f-bc30-0c7965de497d
2025-05-14 02:55:11,656 [d4e44fd7-0e23-4e4f-bc30-0c7965de497d-groupManagement] INFO  util.JmxRegister (JmxRegister.java:register(58)) - register mxBean class org.apache.ratis.server.impl.RaftServerJmxAdapter as Ratis:service=RaftServer,group=group-317B9C2908E3,id=d4e44fd7-0e23-4e4f-bc30-0c7965de497d
2025-05-14 02:55:11,656 [d4e44fd7-0e23-4e4f-bc30-0c7965de497d-groupManagement] INFO  server.RaftServerConfigKeys (ConfUtils.java:logGet(46)) - raft.server.snapshot.trigger-when-stop.enabled = true (default)
2025-05-14 02:55:11,656 [d4e44fd7-0e23-4e4f-bc30-0c7965de497d-groupManagement] INFO  server.RaftServerConfigKeys (ConfUtils.java:logGet(46)) - raft.server.snapshot.trigger-when-remove.enabled = true (default)
2025-05-14 02:55:11,656 [d4e44fd7-0e23-4e4f-bc30-0c7965de497d-groupManagement] INFO  server.RaftServerConfigKeys (ConfUtils.java:logGet(46)) - raft.server.snapshot.auto.trigger.enabled = true (custom)
2025-05-14 02:55:11,656 [d4e44fd7-0e23-4e4f-bc30-0c7965de497d-groupManagement] INFO  server.RaftServerConfigKeys (ConfUtils.java:logGet(46)) - raft.server.snapshot.auto.trigger.threshold = 1 (custom)
2025-05-14 02:55:11,656 [d4e44fd7-0e23-4e4f-bc30-0c7965de497d-groupManagement] INFO  server.RaftServerConfigKeys (ConfUtils.java:logGet(46)) - raft.server.snapshot.retention.file.num = 5 (custom)
2025-05-14 02:55:11,656 [d4e44fd7-0e23-4e4f-bc30-0c7965de497d@group-317B9C2908E3-FollowerState] INFO  server.RaftServerConfigKeys (ConfUtils.java:logGet(46)) - raft.server.rpc.first-election.timeout.min = 1000ms (custom)
2025-05-14 02:55:11,656 [d4e44fd7-0e23-4e4f-bc30-0c7965de497d-groupManagement] INFO  server.RaftServerConfigKeys (ConfUtils.java:logGet(46)) - raft.server.log.purge.upto.snapshot.index = false (default)
2025-05-14 02:55:11,656 [d4e44fd7-0e23-4e4f-bc30-0c7965de497d@group-317B9C2908E3-FollowerState] INFO  server.RaftServerConfigKeys (ConfUtils.java:logGet(46)) - raft.server.rpc.first-election.timeout.max = 1200ms (custom)
2025-05-14 02:55:11,658 [d4e44fd7-0e23-4e4f-bc30-0c7965de497d-groupManagement] INFO  server.RaftServer$Division (RaftServerImpl.java:start(405)) - d4e44fd7-0e23-4e4f-bc30-0c7965de497d@group-317B9C2908E3: Successfully started.
2025-05-14 02:55:11,666 [grpc-default-executor-8] INFO  server.RaftServer (RaftServerProxy.java:addNew(100)) - 9d8a5836-bfca-4d37-9676-470807fcd29d: addNew group-317B9C2908E3:[d4e44fd7-0e23-4e4f-bc30-0c7965de497d|127.0.0.1:15039, 9d8a5836-bfca-4d37-9676-470807fcd29d|127.0.0.1:15087, e44b5a69-92f9-40f4-85c9-712e1c637b62|127.0.0.1:15047] returns group-317B9C2908E3:java.util.concurrent.CompletableFuture@664a4362[Not completed]
2025-05-14 02:55:11,667 [9d8a5836-bfca-4d37-9676-470807fcd29d-groupManagement] INFO  server.RaftServer$Division (RaftServerImpl.java:<init>(255)) - 9d8a5836-bfca-4d37-9676-470807fcd29d: new RaftServerImpl for group-317B9C2908E3:[d4e44fd7-0e23-4e4f-bc30-0c7965de497d|127.0.0.1:15039, 9d8a5836-bfca-4d37-9676-470807fcd29d|127.0.0.1:15087, e44b5a69-92f9-40f4-85c9-712e1c637b62|127.0.0.1:15047] with ContainerStateMachine:uninitialized
2025-05-14 02:55:11,667 [9d8a5836-bfca-4d37-9676-470807fcd29d-groupManagement] INFO  server.RaftServerConfigKeys (ConfUtils.java:logGet(46)) - raft.server.rpc.timeout.min = 5s (custom)
2025-05-14 02:55:11,667 [9d8a5836-bfca-4d37-9676-470807fcd29d-groupManagement] INFO  server.RaftServerConfigKeys (ConfUtils.java:logGet(46)) - raft.server.rpc.timeout.max = 5200ms (custom)
2025-05-14 02:55:11,667 [9d8a5836-bfca-4d37-9676-470807fcd29d-groupManagement] INFO  server.RaftServerConfigKeys (ConfUtils.java:logGet(46)) - raft.server.rpc.sleep.time = 25ms (default)
2025-05-14 02:55:11,667 [9d8a5836-bfca-4d37-9676-470807fcd29d-groupManagement] INFO  server.RaftServerConfigKeys (ConfUtils.java:logGet(46)) - raft.server.rpc.slowness.timeout = 300000ms (custom)
2025-05-14 02:55:11,667 [9d8a5836-bfca-4d37-9676-470807fcd29d-groupManagement] INFO  server.RaftServerConfigKeys (ConfUtils.java:logGet(46)) - raft.server.leaderelection.leader.step-down.wait-time = 10s (default)
2025-05-14 02:55:11,668 [9d8a5836-bfca-4d37-9676-470807fcd29d-groupManagement] INFO  server.RaftServerConfigKeys (ConfUtils.java:logGet(46)) - raft.server.leaderelection.member.majority-add = false (default)
2025-05-14 02:55:11,668 [9d8a5836-bfca-4d37-9676-470807fcd29d-groupManagement] INFO  server.RaftServerConfigKeys (ConfUtils.java:logGet(46)) - raft.server.sleep.deviation.threshold = 300ms (default)
2025-05-14 02:55:11,668 [9d8a5836-bfca-4d37-9676-470807fcd29d-groupManagement] INFO  server.RaftServer$Division (ServerState.java:<init>(114)) - 9d8a5836-bfca-4d37-9676-470807fcd29d@group-317B9C2908E3: ConfigurationManager, init=conf: {index: -1, cur=peers:[d4e44fd7-0e23-4e4f-bc30-0c7965de497d|127.0.0.1:15039, 9d8a5836-bfca-4d37-9676-470807fcd29d|127.0.0.1:15087, e44b5a69-92f9-40f4-85c9-712e1c637b62|127.0.0.1:15047]|listeners:[], old=null}, confs=<EMPTY_MAP>
2025-05-14 02:55:11,668 [9d8a5836-bfca-4d37-9676-470807fcd29d-groupManagement] INFO  server.RaftServerConfigKeys (ConfUtils.java:logGet(46)) - raft.server.notification.no-leader.timeout = 300000ms (custom)
2025-05-14 02:55:11,668 [9d8a5836-bfca-4d37-9676-470807fcd29d-groupManagement] INFO  server.RaftServerConfigKeys (ConfUtils.java:logGet(46)) - raft.server.read.timeout = 10s (default)
2025-05-14 02:55:11,668 [9d8a5836-bfca-4d37-9676-470807fcd29d-groupManagement] INFO  server.RaftServerConfigKeys (ConfUtils.java:logGet(46)) - raft.server.retrycache.expirytime = 600000ms (custom)
2025-05-14 02:55:11,668 [9d8a5836-bfca-4d37-9676-470807fcd29d-groupManagement] INFO  server.RaftServerConfigKeys (ConfUtils.java:logGet(46)) - raft.server.retrycache.statistics.expirytime = 100ms (default)
2025-05-14 02:55:11,668 [9d8a5836-bfca-4d37-9676-470807fcd29d-groupManagement] INFO  server.RaftServerConfigKeys (ConfUtils.java:logGet(46)) - raft.server.read.option = DEFAULT (default)
2025-05-14 02:55:11,668 [9d8a5836-bfca-4d37-9676-470807fcd29d-groupManagement] INFO  server.RaftServerConfigKeys (ConfUtils.java:logGet(46)) - raft.server.read.read-after-write-consistent.write-index-cache.expiry-time = 60s (default)
2025-05-14 02:55:11,673 [9d8a5836-bfca-4d37-9676-470807fcd29d-groupManagement] INFO  server.RaftServerConfigKeys (ConfUtils.java:logGet(46)) - raft.server.rpc.request.timeout = 3000ms (default)
2025-05-14 02:55:11,674 [9d8a5836-bfca-4d37-9676-470807fcd29d-groupManagement] INFO  server.RaftServerConfigKeys (ConfUtils.java:logGet(46)) - raft.server.log.appender.install.snapshot.enabled = false (custom)
2025-05-14 02:55:11,674 [9d8a5836-bfca-4d37-9676-470807fcd29d-groupManagement] INFO  server.RaftServerConfigKeys (ConfUtils.java:logGet(46)) - raft.server.threadpool.server.cached = true (default)
2025-05-14 02:55:11,674 [9d8a5836-bfca-4d37-9676-470807fcd29d-groupManagement] INFO  server.RaftServerConfigKeys (ConfUtils.java:logGet(46)) - raft.server.threadpool.server.size = 0 (default)
2025-05-14 02:55:11,674 [9d8a5836-bfca-4d37-9676-470807fcd29d-groupManagement] INFO  server.RaftServerConfigKeys (ConfUtils.java:logGet(46)) - raft.server.threadpool.client.cached = true (default)
2025-05-14 02:55:11,674 [9d8a5836-bfca-4d37-9676-470807fcd29d-groupManagement] INFO  server.RaftServerConfigKeys (ConfUtils.java:logGet(46)) - raft.server.threadpool.client.size = 0 (default)
2025-05-14 02:55:11,674 [9d8a5836-bfca-4d37-9676-470807fcd29d-groupManagement] INFO  server.RaftServerConfigKeys (ConfUtils.java:logGet(46)) - raft.server.storage.free-space.min = 0MB (=0) (default)
2025-05-14 02:55:11,674 [9d8a5836-bfca-4d37-9676-470807fcd29d-groupManagement] INFO  server.RaftServerConfigKeys (ConfUtils.java:logGet(46)) - raft.server.log.corruption.policy = EXCEPTION (default)
2025-05-14 02:55:11,675 [9d8a5836-bfca-4d37-9676-470807fcd29d-groupManagement] INFO  server.RaftServerConfigKeys (ConfUtils.java:logGet(46)) - raft.server.storage.dir = [/home/runner/work/ozone/ozone/hadoop-ozone/integration-test/target/test-dir/MiniOzoneClusterImpl-af940217-b311-440f-8e09-352fdf66236b/ozone-meta/datanode-10/ratis] (custom)
2025-05-14 02:55:11,675 [9d8a5836-bfca-4d37-9676-470807fcd29d-groupManagement] INFO  storage.RaftStorageDirectory (RaftStorageDirectoryImpl.java:analyzeStorage(138)) - The storage directory /home/runner/work/ozone/ozone/hadoop-ozone/integration-test/target/test-dir/MiniOzoneClusterImpl-af940217-b311-440f-8e09-352fdf66236b/ozone-meta/datanode-10/ratis/06d0a761-9d58-4218-92fa-317b9c2908e3 does not exist. Creating ...
2025-05-14 02:55:11,676 [9d8a5836-bfca-4d37-9676-470807fcd29d-groupManagement] INFO  storage.RaftStorageDirectory (RaftStorageDirectoryImpl.java:tryLock(229)) - Lock on /home/runner/work/ozone/ozone/hadoop-ozone/integration-test/target/test-dir/MiniOzoneClusterImpl-af940217-b311-440f-8e09-352fdf66236b/ozone-meta/datanode-10/ratis/06d0a761-9d58-4218-92fa-317b9c2908e3/in_use.lock acquired by nodename 34763@localhost
2025-05-14 02:55:11,677 [9d8a5836-bfca-4d37-9676-470807fcd29d-groupManagement] INFO  storage.RaftStorage (RaftStorageImpl.java:format(98)) - Storage directory /home/runner/work/ozone/ozone/hadoop-ozone/integration-test/target/test-dir/MiniOzoneClusterImpl-af940217-b311-440f-8e09-352fdf66236b/ozone-meta/datanode-10/ratis/06d0a761-9d58-4218-92fa-317b9c2908e3 has been successfully formatted.
2025-05-14 02:55:11,677 [9d8a5836-bfca-4d37-9676-470807fcd29d-groupManagement] INFO  ratis.ContainerStateMachine (ContainerStateMachine.java:initialize(339)) - 9d8a5836-bfca-4d37-9676-470807fcd29d: initialize group-317B9C2908E3
2025-05-14 02:55:11,677 [9d8a5836-bfca-4d37-9676-470807fcd29d-groupManagement] INFO  ratis.ContainerStateMachine (ContainerStateMachine.java:loadSnapshot(347)) - group-317B9C2908E3: The snapshot info is null. Setting the last applied index to:(t:0, i:~)
2025-05-14 02:55:11,678 [9d8a5836-bfca-4d37-9676-470807fcd29d-groupManagement] INFO  server.RaftServerConfigKeys (ConfUtils.java:logGet(46)) - raft.server.log.use.memory = false (default)
2025-05-14 02:55:11,678 [9d8a5836-bfca-4d37-9676-470807fcd29d-groupManagement] INFO  server.RaftServerConfigKeys (ConfUtils.java:logGet(46)) - raft.server.log.purge.gap = 1000000 (custom)
2025-05-14 02:55:11,678 [9d8a5836-bfca-4d37-9676-470807fcd29d-groupManagement] INFO  server.RaftServerConfigKeys (ConfUtils.java:logGet(46)) - raft.server.log.appender.buffer.byte-limit = 33554432 (custom)
2025-05-14 02:55:11,678 [9d8a5836-bfca-4d37-9676-470807fcd29d-groupManagement] INFO  server.RaftServerConfigKeys (ConfUtils.java:logGet(46)) - raft.server.log.statemachine.data.read.timeout = 1000ms (default)
2025-05-14 02:55:11,678 [9d8a5836-bfca-4d37-9676-470807fcd29d-groupManagement] INFO  server.RaftServerConfigKeys (ConfUtils.java:logGet(46)) - raft.server.log.purge.preservation.log.num = 0 (default)
2025-05-14 02:55:11,680 [9d8a5836-bfca-4d37-9676-470807fcd29d-groupManagement] INFO  server.RaftServerConfigKeys (ConfUtils.java:logGet(46)) - raft.server.log.segment.size.max = 67108864 (custom)
2025-05-14 02:55:11,680 [9d8a5836-bfca-4d37-9676-470807fcd29d-groupManagement] INFO  server.RaftServerConfigKeys (ConfUtils.java:logGet(46)) - raft.server.log.segment.cache.num.max = 2 (custom)
2025-05-14 02:55:11,680 [9d8a5836-bfca-4d37-9676-470807fcd29d-groupManagement] INFO  server.RaftServerConfigKeys (ConfUtils.java:logGet(46)) - raft.server.log.segment.cache.size.max = 200MB (=209715200) (default)
2025-05-14 02:55:11,680 [9d8a5836-bfca-4d37-9676-470807fcd29d-groupManagement] INFO  server.RaftServerConfigKeys (ConfUtils.java:logGet(46)) - raft.server.log.appender.buffer.byte-limit = 33554432 (custom)
2025-05-14 02:55:11,680 [9d8a5836-bfca-4d37-9676-470807fcd29d-groupManagement] INFO  util.AwaitToRun (AwaitToRun.java:start(81)) - Thread[#2028,9d8a5836-bfca-4d37-9676-470807fcd29d@group-317B9C2908E3-cacheEviction-AwaitToRun,5,main] started
2025-05-14 02:55:11,681 [9d8a5836-bfca-4d37-9676-470807fcd29d-groupManagement] INFO  segmented.SegmentedRaftLogWorker (SegmentedRaftLogWorker.java:<init>(188)) - new 9d8a5836-bfca-4d37-9676-470807fcd29d@group-317B9C2908E3-SegmentedRaftLogWorker for RaftStorageImpl:Storage Directory /home/runner/work/ozone/ozone/hadoop-ozone/integration-test/target/test-dir/MiniOzoneClusterImpl-af940217-b311-440f-8e09-352fdf66236b/ozone-meta/datanode-10/ratis/06d0a761-9d58-4218-92fa-317b9c2908e3
2025-05-14 02:55:11,681 [9d8a5836-bfca-4d37-9676-470807fcd29d-groupManagement] INFO  server.RaftServerConfigKeys (ConfUtils.java:logGet(46)) - raft.server.log.queue.byte-limit = 4294967296 (custom)
2025-05-14 02:55:11,681 [9d8a5836-bfca-4d37-9676-470807fcd29d-groupManagement] INFO  server.RaftServerConfigKeys (ConfUtils.java:logGet(46)) - raft.server.log.queue.element-limit = 1024 (custom)
2025-05-14 02:55:11,681 [9d8a5836-bfca-4d37-9676-470807fcd29d-groupManagement] INFO  server.RaftServerConfigKeys (ConfUtils.java:logGet(46)) - raft.server.log.segment.size.max = 67108864 (custom)
2025-05-14 02:55:11,681 [9d8a5836-bfca-4d37-9676-470807fcd29d-groupManagement] INFO  server.RaftServerConfigKeys (ConfUtils.java:logGet(46)) - raft.server.log.preallocated.size = 4194304 (custom)
2025-05-14 02:55:11,681 [9d8a5836-bfca-4d37-9676-470807fcd29d-groupManagement] INFO  server.RaftServerConfigKeys (ConfUtils.java:logGet(46)) - raft.server.log.force.sync.num = 128 (default)
2025-05-14 02:55:11,681 [9d8a5836-bfca-4d37-9676-470807fcd29d-groupManagement] INFO  server.RaftServerConfigKeys (ConfUtils.java:logGet(46)) - raft.server.log.statemachine.data.sync = true (default)
2025-05-14 02:55:11,681 [9d8a5836-bfca-4d37-9676-470807fcd29d-groupManagement] INFO  server.RaftServerConfigKeys (ConfUtils.java:logGet(46)) - raft.server.log.statemachine.data.sync.timeout = 10s (default)
2025-05-14 02:55:11,681 [9d8a5836-bfca-4d37-9676-470807fcd29d-groupManagement] INFO  server.RaftServerConfigKeys (ConfUtils.java:logGet(46)) - raft.server.log.statemachine.data.sync.timeout.retry = 30 (custom)
2025-05-14 02:55:11,681 [9d8a5836-bfca-4d37-9676-470807fcd29d-groupManagement] INFO  server.RaftServerConfigKeys (ConfUtils.java:logGet(46)) - raft.server.log.write.buffer.size = 33554440 (custom)
2025-05-14 02:55:11,686 [9d8a5836-bfca-4d37-9676-470807fcd29d-groupManagement] INFO  server.RaftServerConfigKeys (ConfUtils.java:logGet(46)) - raft.server.log.appender.buffer.byte-limit = 33554432 (custom)
2025-05-14 02:55:11,687 [9d8a5836-bfca-4d37-9676-470807fcd29d-groupManagement] INFO  server.RaftServerConfigKeys (ConfUtils.java:logGet(46)) - raft.server.log.unsafe-flush.enabled = false (default)
2025-05-14 02:55:11,687 [9d8a5836-bfca-4d37-9676-470807fcd29d-groupManagement] INFO  server.RaftServerConfigKeys (ConfUtils.java:logGet(46)) - raft.server.log.async-flush.enabled = false (default)
2025-05-14 02:55:11,687 [9d8a5836-bfca-4d37-9676-470807fcd29d-groupManagement] INFO  server.RaftServerConfigKeys (ConfUtils.java:logGet(46)) - raft.server.log.statemachine.data.caching.enabled = true (custom)
2025-05-14 02:55:11,687 [9d8a5836-bfca-4d37-9676-470807fcd29d-groupManagement] INFO  segmented.SegmentedRaftLogWorker (SegmentedRaftLogWorker.java:lambda$new$0(139)) - 9d8a5836-bfca-4d37-9676-470807fcd29d@group-317B9C2908E3-SegmentedRaftLogWorker: flushIndex: setUnconditionally 0 -> -1
2025-05-14 02:55:11,687 [9d8a5836-bfca-4d37-9676-470807fcd29d-groupManagement] INFO  segmented.SegmentedRaftLogWorker (SegmentedRaftLogWorker.java:lambda$new$0(139)) - 9d8a5836-bfca-4d37-9676-470807fcd29d@group-317B9C2908E3-SegmentedRaftLogWorker: safeCacheEvictIndex: setUnconditionally 0 -> -1
2025-05-14 02:55:11,687 [9d8a5836-bfca-4d37-9676-470807fcd29d-groupManagement] INFO  server.RaftServer$Division (RaftServerImpl.java:start(391)) - 9d8a5836-bfca-4d37-9676-470807fcd29d@group-317B9C2908E3: start as a follower, conf=conf: {index: -1, cur=peers:[d4e44fd7-0e23-4e4f-bc30-0c7965de497d|127.0.0.1:15039, 9d8a5836-bfca-4d37-9676-470807fcd29d|127.0.0.1:15087, e44b5a69-92f9-40f4-85c9-712e1c637b62|127.0.0.1:15047]|listeners:[], old=null}
2025-05-14 02:55:11,687 [9d8a5836-bfca-4d37-9676-470807fcd29d-groupManagement] INFO  server.RaftServer$Division (RaftServerImpl.java:setRole(378)) - 9d8a5836-bfca-4d37-9676-470807fcd29d@group-317B9C2908E3: changes role from      null to FOLLOWER at term 0 for startAsFollower
2025-05-14 02:55:11,687 [9d8a5836-bfca-4d37-9676-470807fcd29d-groupManagement] INFO  impl.RoleInfo (RoleInfo.java:updateAndGet(148)) - 9d8a5836-bfca-4d37-9676-470807fcd29d: start 9d8a5836-bfca-4d37-9676-470807fcd29d@group-317B9C2908E3-FollowerState
2025-05-14 02:55:11,688 [9d8a5836-bfca-4d37-9676-470807fcd29d-groupManagement] INFO  util.JmxRegister (JmxRegister.java:tryRegister(44)) - Successfully registered JMX Bean with object name Ratis:service=RaftServer,group=group-317B9C2908E3,id=9d8a5836-bfca-4d37-9676-470807fcd29d
2025-05-14 02:55:11,688 [9d8a5836-bfca-4d37-9676-470807fcd29d-groupManagement] INFO  util.JmxRegister (JmxRegister.java:register(58)) - register mxBean class org.apache.ratis.server.impl.RaftServerJmxAdapter as Ratis:service=RaftServer,group=group-317B9C2908E3,id=9d8a5836-bfca-4d37-9676-470807fcd29d
2025-05-14 02:55:11,688 [9d8a5836-bfca-4d37-9676-470807fcd29d-groupManagement] INFO  server.RaftServerConfigKeys (ConfUtils.java:logGet(46)) - raft.server.snapshot.trigger-when-stop.enabled = true (default)
2025-05-14 02:55:11,688 [9d8a5836-bfca-4d37-9676-470807fcd29d-groupManagement] INFO  server.RaftServerConfigKeys (ConfUtils.java:logGet(46)) - raft.server.snapshot.trigger-when-remove.enabled = true (default)
2025-05-14 02:55:11,688 [9d8a5836-bfca-4d37-9676-470807fcd29d-groupManagement] INFO  server.RaftServerConfigKeys (ConfUtils.java:logGet(46)) - raft.server.snapshot.auto.trigger.enabled = true (custom)
2025-05-14 02:55:11,688 [9d8a5836-bfca-4d37-9676-470807fcd29d@group-317B9C2908E3-FollowerState] INFO  server.RaftServerConfigKeys (ConfUtils.java:logGet(46)) - raft.server.rpc.first-election.timeout.min = 1000ms (custom)
2025-05-14 02:55:11,688 [9d8a5836-bfca-4d37-9676-470807fcd29d-groupManagement] INFO  server.RaftServerConfigKeys (ConfUtils.java:logGet(46)) - raft.server.snapshot.auto.trigger.threshold = 1 (custom)
2025-05-14 02:55:11,688 [9d8a5836-bfca-4d37-9676-470807fcd29d-groupManagement] INFO  server.RaftServerConfigKeys (ConfUtils.java:logGet(46)) - raft.server.snapshot.retention.file.num = 5 (custom)
2025-05-14 02:55:11,688 [9d8a5836-bfca-4d37-9676-470807fcd29d-groupManagement] INFO  server.RaftServerConfigKeys (ConfUtils.java:logGet(46)) - raft.server.log.purge.upto.snapshot.index = false (default)
2025-05-14 02:55:11,688 [9d8a5836-bfca-4d37-9676-470807fcd29d@group-317B9C2908E3-FollowerState] INFO  server.RaftServerConfigKeys (ConfUtils.java:logGet(46)) - raft.server.rpc.first-election.timeout.max = 1200ms (custom)
2025-05-14 02:55:11,689 [9d8a5836-bfca-4d37-9676-470807fcd29d-groupManagement] INFO  server.RaftServer$Division (RaftServerImpl.java:start(405)) - 9d8a5836-bfca-4d37-9676-470807fcd29d@group-317B9C2908E3: Successfully started.
2025-05-14 02:55:11,691 [e44b5a69-92f9-40f4-85c9-712e1c637b62-PipelineCommandHandlerThread-0] INFO  commandhandler.CreatePipelineCommandHandler (CreatePipelineCommandHandler.java:lambda$handle$2(128)) - Created Pipeline RATIS THREE PipelineID=06d0a761-9d58-4218-92fa-317b9c2908e3.
2025-05-14 02:55:11,691 [e44b5a69-92f9-40f4-85c9-712e1c637b62-PipelineCommandHandlerThread-0] INFO  server.RaftServer (RaftServerProxy.java:addNew(100)) - e44b5a69-92f9-40f4-85c9-712e1c637b62: addNew group-49D9F7F395BD:[9d8a5836-bfca-4d37-9676-470807fcd29d|127.0.0.1:15087, e44b5a69-92f9-40f4-85c9-712e1c637b62|127.0.0.1:15047, c77e66e9-1cca-4fd3-bc5b-4ea2dbc3232f|127.0.0.1:15055] returns group-49D9F7F395BD:java.util.concurrent.CompletableFuture@48f034be[Not completed]
2025-05-14 02:55:11,693 [e44b5a69-92f9-40f4-85c9-712e1c637b62-groupManagement] INFO  server.RaftServer$Division (RaftServerImpl.java:<init>(255)) - e44b5a69-92f9-40f4-85c9-712e1c637b62: new RaftServerImpl for group-49D9F7F395BD:[9d8a5836-bfca-4d37-9676-470807fcd29d|127.0.0.1:15087, e44b5a69-92f9-40f4-85c9-712e1c637b62|127.0.0.1:15047, c77e66e9-1cca-4fd3-bc5b-4ea2dbc3232f|127.0.0.1:15055] with ContainerStateMachine:uninitialized
2025-05-14 02:55:11,693 [e44b5a69-92f9-40f4-85c9-712e1c637b62-groupManagement] INFO  server.RaftServerConfigKeys (ConfUtils.java:logGet(46)) - raft.server.rpc.timeout.min = 5s (custom)
2025-05-14 02:55:11,693 [e44b5a69-92f9-40f4-85c9-712e1c637b62-groupManagement] INFO  server.RaftServerConfigKeys (ConfUtils.java:logGet(46)) - raft.server.rpc.timeout.max = 5200ms (custom)
2025-05-14 02:55:11,693 [e44b5a69-92f9-40f4-85c9-712e1c637b62-groupManagement] INFO  server.RaftServerConfigKeys (ConfUtils.java:logGet(46)) - raft.server.rpc.sleep.time = 25ms (default)
2025-05-14 02:55:11,693 [e44b5a69-92f9-40f4-85c9-712e1c637b62-groupManagement] INFO  server.RaftServerConfigKeys (ConfUtils.java:logGet(46)) - raft.server.rpc.slowness.timeout = 300000ms (custom)
2025-05-14 02:55:11,693 [e44b5a69-92f9-40f4-85c9-712e1c637b62-groupManagement] INFO  server.RaftServerConfigKeys (ConfUtils.java:logGet(46)) - raft.server.leaderelection.leader.step-down.wait-time = 10s (default)
2025-05-14 02:55:11,693 [e44b5a69-92f9-40f4-85c9-712e1c637b62-groupManagement] INFO  server.RaftServerConfigKeys (ConfUtils.java:logGet(46)) - raft.server.leaderelection.member.majority-add = false (default)
2025-05-14 02:55:11,693 [e44b5a69-92f9-40f4-85c9-712e1c637b62-groupManagement] INFO  server.RaftServerConfigKeys (ConfUtils.java:logGet(46)) - raft.server.sleep.deviation.threshold = 300ms (default)
2025-05-14 02:55:11,693 [e44b5a69-92f9-40f4-85c9-712e1c637b62-groupManagement] INFO  server.RaftServer$Division (ServerState.java:<init>(114)) - e44b5a69-92f9-40f4-85c9-712e1c637b62@group-49D9F7F395BD: ConfigurationManager, init=conf: {index: -1, cur=peers:[9d8a5836-bfca-4d37-9676-470807fcd29d|127.0.0.1:15087, e44b5a69-92f9-40f4-85c9-712e1c637b62|127.0.0.1:15047, c77e66e9-1cca-4fd3-bc5b-4ea2dbc3232f|127.0.0.1:15055]|listeners:[], old=null}, confs=<EMPTY_MAP>
2025-05-14 02:55:11,693 [e44b5a69-92f9-40f4-85c9-712e1c637b62-groupManagement] INFO  server.RaftServerConfigKeys (ConfUtils.java:logGet(46)) - raft.server.notification.no-leader.timeout = 300000ms (custom)
2025-05-14 02:55:11,693 [e44b5a69-92f9-40f4-85c9-712e1c637b62-groupManagement] INFO  server.RaftServerConfigKeys (ConfUtils.java:logGet(46)) - raft.server.read.timeout = 10s (default)
2025-05-14 02:55:11,693 [e44b5a69-92f9-40f4-85c9-712e1c637b62-groupManagement] INFO  server.RaftServerConfigKeys (ConfUtils.java:logGet(46)) - raft.server.retrycache.expirytime = 600000ms (custom)
2025-05-14 02:55:11,693 [e44b5a69-92f9-40f4-85c9-712e1c637b62-groupManagement] INFO  server.RaftServerConfigKeys (ConfUtils.java:logGet(46)) - raft.server.retrycache.statistics.expirytime = 100ms (default)
2025-05-14 02:55:11,693 [e44b5a69-92f9-40f4-85c9-712e1c637b62-groupManagement] INFO  server.RaftServerConfigKeys (ConfUtils.java:logGet(46)) - raft.server.read.option = DEFAULT (default)
2025-05-14 02:55:11,693 [e44b5a69-92f9-40f4-85c9-712e1c637b62-groupManagement] INFO  server.RaftServerConfigKeys (ConfUtils.java:logGet(46)) - raft.server.read.read-after-write-consistent.write-index-cache.expiry-time = 60s (default)
2025-05-14 02:55:11,696 [e44b5a69-92f9-40f4-85c9-712e1c637b62-groupManagement] INFO  server.RaftServerConfigKeys (ConfUtils.java:logGet(46)) - raft.server.rpc.request.timeout = 3000ms (default)
2025-05-14 02:55:11,696 [e44b5a69-92f9-40f4-85c9-712e1c637b62-groupManagement] INFO  server.RaftServerConfigKeys (ConfUtils.java:logGet(46)) - raft.server.log.appender.install.snapshot.enabled = false (custom)
2025-05-14 02:55:11,696 [e44b5a69-92f9-40f4-85c9-712e1c637b62-groupManagement] INFO  server.RaftServerConfigKeys (ConfUtils.java:logGet(46)) - raft.server.threadpool.server.cached = true (default)
2025-05-14 02:55:11,696 [e44b5a69-92f9-40f4-85c9-712e1c637b62-groupManagement] INFO  server.RaftServerConfigKeys (ConfUtils.java:logGet(46)) - raft.server.threadpool.server.size = 0 (default)
2025-05-14 02:55:11,696 [e44b5a69-92f9-40f4-85c9-712e1c637b62-groupManagement] INFO  server.RaftServerConfigKeys (ConfUtils.java:logGet(46)) - raft.server.threadpool.client.cached = true (default)
2025-05-14 02:55:11,697 [e44b5a69-92f9-40f4-85c9-712e1c637b62-groupManagement] INFO  server.RaftServerConfigKeys (ConfUtils.java:logGet(46)) - raft.server.threadpool.client.size = 0 (default)
2025-05-14 02:55:11,697 [e44b5a69-92f9-40f4-85c9-712e1c637b62-groupManagement] INFO  server.RaftServerConfigKeys (ConfUtils.java:logGet(46)) - raft.server.storage.free-space.min = 0MB (=0) (default)
2025-05-14 02:55:11,697 [e44b5a69-92f9-40f4-85c9-712e1c637b62-groupManagement] INFO  server.RaftServerConfigKeys (ConfUtils.java:logGet(46)) - raft.server.log.corruption.policy = EXCEPTION (default)
2025-05-14 02:55:11,697 [e44b5a69-92f9-40f4-85c9-712e1c637b62-groupManagement] INFO  server.RaftServerConfigKeys (ConfUtils.java:logGet(46)) - raft.server.storage.dir = [/home/runner/work/ozone/ozone/hadoop-ozone/integration-test/target/test-dir/MiniOzoneClusterImpl-af940217-b311-440f-8e09-352fdf66236b/ozone-meta/datanode-5/ratis630cd441-1fbc-4332-a044-ef429d701783] (custom)
2025-05-14 02:55:11,697 [e44b5a69-92f9-40f4-85c9-712e1c637b62-groupManagement] INFO  storage.RaftStorageDirectory (RaftStorageDirectoryImpl.java:analyzeStorage(138)) - The storage directory /home/runner/work/ozone/ozone/hadoop-ozone/integration-test/target/test-dir/MiniOzoneClusterImpl-af940217-b311-440f-8e09-352fdf66236b/ozone-meta/datanode-5/ratis630cd441-1fbc-4332-a044-ef429d701783/d1d91f20-cf59-41aa-b231-49d9f7f395bd does not exist. Creating ...
2025-05-14 02:55:11,699 [e44b5a69-92f9-40f4-85c9-712e1c637b62-groupManagement] INFO  storage.RaftStorageDirectory (RaftStorageDirectoryImpl.java:tryLock(229)) - Lock on /home/runner/work/ozone/ozone/hadoop-ozone/integration-test/target/test-dir/MiniOzoneClusterImpl-af940217-b311-440f-8e09-352fdf66236b/ozone-meta/datanode-5/ratis630cd441-1fbc-4332-a044-ef429d701783/d1d91f20-cf59-41aa-b231-49d9f7f395bd/in_use.lock acquired by nodename 34763@localhost
2025-05-14 02:55:11,701 [e44b5a69-92f9-40f4-85c9-712e1c637b62-groupManagement] INFO  storage.RaftStorage (RaftStorageImpl.java:format(98)) - Storage directory /home/runner/work/ozone/ozone/hadoop-ozone/integration-test/target/test-dir/MiniOzoneClusterImpl-af940217-b311-440f-8e09-352fdf66236b/ozone-meta/datanode-5/ratis630cd441-1fbc-4332-a044-ef429d701783/d1d91f20-cf59-41aa-b231-49d9f7f395bd has been successfully formatted.
2025-05-14 02:55:11,701 [e44b5a69-92f9-40f4-85c9-712e1c637b62-groupManagement] INFO  ratis.ContainerStateMachine (ContainerStateMachine.java:initialize(339)) - e44b5a69-92f9-40f4-85c9-712e1c637b62: initialize group-49D9F7F395BD
2025-05-14 02:55:11,702 [e44b5a69-92f9-40f4-85c9-712e1c637b62-groupManagement] INFO  ratis.ContainerStateMachine (ContainerStateMachine.java:loadSnapshot(347)) - group-49D9F7F395BD: The snapshot info is null. Setting the last applied index to:(t:0, i:~)
2025-05-14 02:55:11,702 [e44b5a69-92f9-40f4-85c9-712e1c637b62-groupManagement] INFO  server.RaftServerConfigKeys (ConfUtils.java:logGet(46)) - raft.server.log.use.memory = false (default)
2025-05-14 02:55:11,703 [e44b5a69-92f9-40f4-85c9-712e1c637b62-groupManagement] INFO  server.RaftServerConfigKeys (ConfUtils.java:logGet(46)) - raft.server.log.purge.gap = 1000000 (custom)
2025-05-14 02:55:11,703 [e44b5a69-92f9-40f4-85c9-712e1c637b62-groupManagement] INFO  server.RaftServerConfigKeys (ConfUtils.java:logGet(46)) - raft.server.log.appender.buffer.byte-limit = 33554432 (custom)
2025-05-14 02:55:11,704 [e44b5a69-92f9-40f4-85c9-712e1c637b62-groupManagement] INFO  server.RaftServerConfigKeys (ConfUtils.java:logGet(46)) - raft.server.log.statemachine.data.read.timeout = 1000ms (default)
2025-05-14 02:55:11,704 [e44b5a69-92f9-40f4-85c9-712e1c637b62-groupManagement] INFO  server.RaftServerConfigKeys (ConfUtils.java:logGet(46)) - raft.server.log.purge.preservation.log.num = 0 (default)
2025-05-14 02:55:11,708 [e44b5a69-92f9-40f4-85c9-712e1c637b62-groupManagement] INFO  server.RaftServerConfigKeys (ConfUtils.java:logGet(46)) - raft.server.log.segment.size.max = 67108864 (custom)
2025-05-14 02:55:11,711 [e44b5a69-92f9-40f4-85c9-712e1c637b62-groupManagement] INFO  server.RaftServerConfigKeys (ConfUtils.java:logGet(46)) - raft.server.log.segment.cache.num.max = 2 (custom)
2025-05-14 02:55:11,711 [e44b5a69-92f9-40f4-85c9-712e1c637b62-groupManagement] INFO  server.RaftServerConfigKeys (ConfUtils.java:logGet(46)) - raft.server.log.segment.cache.size.max = 200MB (=209715200) (default)
2025-05-14 02:55:11,711 [e44b5a69-92f9-40f4-85c9-712e1c637b62-groupManagement] INFO  server.RaftServerConfigKeys (ConfUtils.java:logGet(46)) - raft.server.log.appender.buffer.byte-limit = 33554432 (custom)
2025-05-14 02:55:11,712 [e44b5a69-92f9-40f4-85c9-712e1c637b62-groupManagement] INFO  util.AwaitToRun (AwaitToRun.java:start(81)) - Thread[#2035,e44b5a69-92f9-40f4-85c9-712e1c637b62@group-49D9F7F395BD-cacheEviction-AwaitToRun,5,main] started
2025-05-14 02:55:11,712 [e44b5a69-92f9-40f4-85c9-712e1c637b62-groupManagement] INFO  segmented.SegmentedRaftLogWorker (SegmentedRaftLogWorker.java:<init>(188)) - new e44b5a69-92f9-40f4-85c9-712e1c637b62@group-49D9F7F395BD-SegmentedRaftLogWorker for RaftStorageImpl:Storage Directory /home/runner/work/ozone/ozone/hadoop-ozone/integration-test/target/test-dir/MiniOzoneClusterImpl-af940217-b311-440f-8e09-352fdf66236b/ozone-meta/datanode-5/ratis630cd441-1fbc-4332-a044-ef429d701783/d1d91f20-cf59-41aa-b231-49d9f7f395bd
2025-05-14 02:55:11,713 [e44b5a69-92f9-40f4-85c9-712e1c637b62-groupManagement] INFO  server.RaftServerConfigKeys (ConfUtils.java:logGet(46)) - raft.server.log.queue.byte-limit = 4294967296 (custom)
2025-05-14 02:55:11,713 [e44b5a69-92f9-40f4-85c9-712e1c637b62-groupManagement] INFO  server.RaftServerConfigKeys (ConfUtils.java:logGet(46)) - raft.server.log.queue.element-limit = 1024 (custom)
2025-05-14 02:55:11,713 [e44b5a69-92f9-40f4-85c9-712e1c637b62-groupManagement] INFO  server.RaftServerConfigKeys (ConfUtils.java:logGet(46)) - raft.server.log.segment.size.max = 67108864 (custom)
2025-05-14 02:55:11,713 [e44b5a69-92f9-40f4-85c9-712e1c637b62-groupManagement] INFO  server.RaftServerConfigKeys (ConfUtils.java:logGet(46)) - raft.server.log.preallocated.size = 4194304 (custom)
2025-05-14 02:55:11,713 [e44b5a69-92f9-40f4-85c9-712e1c637b62-groupManagement] INFO  server.RaftServerConfigKeys (ConfUtils.java:logGet(46)) - raft.server.log.force.sync.num = 128 (default)
2025-05-14 02:55:11,713 [e44b5a69-92f9-40f4-85c9-712e1c637b62-groupManagement] INFO  server.RaftServerConfigKeys (ConfUtils.java:logGet(46)) - raft.server.log.statemachine.data.sync = true (default)
2025-05-14 02:55:11,715 [e44b5a69-92f9-40f4-85c9-712e1c637b62-groupManagement] INFO  server.RaftServerConfigKeys (ConfUtils.java:logGet(46)) - raft.server.log.statemachine.data.sync.timeout = 10s (default)
2025-05-14 02:55:11,715 [e44b5a69-92f9-40f4-85c9-712e1c637b62-groupManagement] INFO  server.RaftServerConfigKeys (ConfUtils.java:logGet(46)) - raft.server.log.statemachine.data.sync.timeout.retry = 30 (custom)
2025-05-14 02:55:11,715 [e44b5a69-92f9-40f4-85c9-712e1c637b62-groupManagement] INFO  server.RaftServerConfigKeys (ConfUtils.java:logGet(46)) - raft.server.log.write.buffer.size = 33554440 (custom)
2025-05-14 02:55:11,721 [e44b5a69-92f9-40f4-85c9-712e1c637b62-groupManagement] INFO  server.RaftServerConfigKeys (ConfUtils.java:logGet(46)) - raft.server.log.appender.buffer.byte-limit = 33554432 (custom)
2025-05-14 02:55:11,721 [e44b5a69-92f9-40f4-85c9-712e1c637b62-groupManagement] INFO  server.RaftServerConfigKeys (ConfUtils.java:logGet(46)) - raft.server.log.unsafe-flush.enabled = false (default)
2025-05-14 02:55:11,721 [e44b5a69-92f9-40f4-85c9-712e1c637b62-groupManagement] INFO  server.RaftServerConfigKeys (ConfUtils.java:logGet(46)) - raft.server.log.async-flush.enabled = false (default)
2025-05-14 02:55:11,722 [e44b5a69-92f9-40f4-85c9-712e1c637b62-groupManagement] INFO  server.RaftServerConfigKeys (ConfUtils.java:logGet(46)) - raft.server.log.statemachine.data.caching.enabled = true (custom)
2025-05-14 02:55:11,722 [e44b5a69-92f9-40f4-85c9-712e1c637b62-groupManagement] INFO  segmented.SegmentedRaftLogWorker (SegmentedRaftLogWorker.java:lambda$new$0(139)) - e44b5a69-92f9-40f4-85c9-712e1c637b62@group-49D9F7F395BD-SegmentedRaftLogWorker: flushIndex: setUnconditionally 0 -> -1
2025-05-14 02:55:11,722 [e44b5a69-92f9-40f4-85c9-712e1c637b62-groupManagement] INFO  segmented.SegmentedRaftLogWorker (SegmentedRaftLogWorker.java:lambda$new$0(139)) - e44b5a69-92f9-40f4-85c9-712e1c637b62@group-49D9F7F395BD-SegmentedRaftLogWorker: safeCacheEvictIndex: setUnconditionally 0 -> -1
2025-05-14 02:55:11,723 [e44b5a69-92f9-40f4-85c9-712e1c637b62-groupManagement] INFO  server.RaftServer$Division (RaftServerImpl.java:start(391)) - e44b5a69-92f9-40f4-85c9-712e1c637b62@group-49D9F7F395BD: start as a follower, conf=conf: {index: -1, cur=peers:[9d8a5836-bfca-4d37-9676-470807fcd29d|127.0.0.1:15087, e44b5a69-92f9-40f4-85c9-712e1c637b62|127.0.0.1:15047, c77e66e9-1cca-4fd3-bc5b-4ea2dbc3232f|127.0.0.1:15055]|listeners:[], old=null}
2025-05-14 02:55:11,723 [e44b5a69-92f9-40f4-85c9-712e1c637b62-groupManagement] INFO  server.RaftServer$Division (RaftServerImpl.java:setRole(378)) - e44b5a69-92f9-40f4-85c9-712e1c637b62@group-49D9F7F395BD: changes role from      null to FOLLOWER at term 0 for startAsFollower
2025-05-14 02:55:11,723 [e44b5a69-92f9-40f4-85c9-712e1c637b62-groupManagement] INFO  impl.RoleInfo (RoleInfo.java:updateAndGet(148)) - e44b5a69-92f9-40f4-85c9-712e1c637b62: start e44b5a69-92f9-40f4-85c9-712e1c637b62@group-49D9F7F395BD-FollowerState
2025-05-14 02:55:11,724 [e44b5a69-92f9-40f4-85c9-712e1c637b62-groupManagement] INFO  util.JmxRegister (JmxRegister.java:tryRegister(44)) - Successfully registered JMX Bean with object name Ratis:service=RaftServer,group=group-49D9F7F395BD,id=e44b5a69-92f9-40f4-85c9-712e1c637b62
2025-05-14 02:55:11,724 [e44b5a69-92f9-40f4-85c9-712e1c637b62@group-49D9F7F395BD-FollowerState] INFO  server.RaftServerConfigKeys (ConfUtils.java:logGet(46)) - raft.server.rpc.first-election.timeout.min = 1000ms (custom)
2025-05-14 02:55:11,724 [e44b5a69-92f9-40f4-85c9-712e1c637b62@group-49D9F7F395BD-FollowerState] INFO  server.RaftServerConfigKeys (ConfUtils.java:logGet(46)) - raft.server.rpc.first-election.timeout.max = 1200ms (custom)
2025-05-14 02:55:11,724 [e44b5a69-92f9-40f4-85c9-712e1c637b62-groupManagement] INFO  util.JmxRegister (JmxRegister.java:register(58)) - register mxBean class org.apache.ratis.server.impl.RaftServerJmxAdapter as Ratis:service=RaftServer,group=group-49D9F7F395BD,id=e44b5a69-92f9-40f4-85c9-712e1c637b62
2025-05-14 02:55:11,724 [e44b5a69-92f9-40f4-85c9-712e1c637b62-groupManagement] INFO  server.RaftServerConfigKeys (ConfUtils.java:logGet(46)) - raft.server.snapshot.trigger-when-stop.enabled = true (default)
2025-05-14 02:55:11,724 [e44b5a69-92f9-40f4-85c9-712e1c637b62-groupManagement] INFO  server.RaftServerConfigKeys (ConfUtils.java:logGet(46)) - raft.server.snapshot.trigger-when-remove.enabled = true (default)
2025-05-14 02:55:11,724 [e44b5a69-92f9-40f4-85c9-712e1c637b62-groupManagement] INFO  server.RaftServerConfigKeys (ConfUtils.java:logGet(46)) - raft.server.snapshot.auto.trigger.enabled = true (custom)
2025-05-14 02:55:11,724 [e44b5a69-92f9-40f4-85c9-712e1c637b62-groupManagement] INFO  server.RaftServerConfigKeys (ConfUtils.java:logGet(46)) - raft.server.snapshot.auto.trigger.threshold = 1 (custom)
2025-05-14 02:55:11,724 [e44b5a69-92f9-40f4-85c9-712e1c637b62-groupManagement] INFO  server.RaftServerConfigKeys (ConfUtils.java:logGet(46)) - raft.server.snapshot.retention.file.num = 5 (custom)
2025-05-14 02:55:11,724 [e44b5a69-92f9-40f4-85c9-712e1c637b62-groupManagement] INFO  server.RaftServerConfigKeys (ConfUtils.java:logGet(46)) - raft.server.log.purge.upto.snapshot.index = false (default)
2025-05-14 02:55:11,726 [e44b5a69-92f9-40f4-85c9-712e1c637b62-groupManagement] INFO  server.RaftServer$Division (RaftServerImpl.java:start(405)) - e44b5a69-92f9-40f4-85c9-712e1c637b62@group-49D9F7F395BD: Successfully started.
2025-05-14 02:55:11,727 [e44b5a69-92f9-40f4-85c9-712e1c637b62-PipelineCommandHandlerThread-0] INFO  ratis.XceiverServerRatis (XceiverServerRatis.java:addGroup(843)) - Created group PipelineID=d1d91f20-cf59-41aa-b231-49d9f7f395bd
2025-05-14 02:55:11,733 [grpc-default-executor-8] INFO  server.RaftServer (RaftServerProxy.java:addNew(100)) - 9d8a5836-bfca-4d37-9676-470807fcd29d: addNew group-49D9F7F395BD:[9d8a5836-bfca-4d37-9676-470807fcd29d|127.0.0.1:15087, e44b5a69-92f9-40f4-85c9-712e1c637b62|127.0.0.1:15047, c77e66e9-1cca-4fd3-bc5b-4ea2dbc3232f|127.0.0.1:15055] returns group-49D9F7F395BD:java.util.concurrent.CompletableFuture@28526834[Not completed]
2025-05-14 02:55:11,734 [9d8a5836-bfca-4d37-9676-470807fcd29d-groupManagement] INFO  server.RaftServer$Division (RaftServerImpl.java:<init>(255)) - 9d8a5836-bfca-4d37-9676-470807fcd29d: new RaftServerImpl for group-49D9F7F395BD:[9d8a5836-bfca-4d37-9676-470807fcd29d|127.0.0.1:15087, e44b5a69-92f9-40f4-85c9-712e1c637b62|127.0.0.1:15047, c77e66e9-1cca-4fd3-bc5b-4ea2dbc3232f|127.0.0.1:15055] with ContainerStateMachine:uninitialized
2025-05-14 02:55:11,734 [9d8a5836-bfca-4d37-9676-470807fcd29d-groupManagement] INFO  server.RaftServerConfigKeys (ConfUtils.java:logGet(46)) - raft.server.rpc.timeout.min = 5s (custom)
2025-05-14 02:55:11,734 [9d8a5836-bfca-4d37-9676-470807fcd29d-groupManagement] INFO  server.RaftServerConfigKeys (ConfUtils.java:logGet(46)) - raft.server.rpc.timeout.max = 5200ms (custom)
2025-05-14 02:55:11,735 [9d8a5836-bfca-4d37-9676-470807fcd29d-groupManagement] INFO  server.RaftServerConfigKeys (ConfUtils.java:logGet(46)) - raft.server.rpc.sleep.time = 25ms (default)
2025-05-14 02:55:11,735 [9d8a5836-bfca-4d37-9676-470807fcd29d-groupManagement] INFO  server.RaftServerConfigKeys (ConfUtils.java:logGet(46)) - raft.server.rpc.slowness.timeout = 300000ms (custom)
2025-05-14 02:55:11,735 [9d8a5836-bfca-4d37-9676-470807fcd29d-groupManagement] INFO  server.RaftServerConfigKeys (ConfUtils.java:logGet(46)) - raft.server.leaderelection.leader.step-down.wait-time = 10s (default)
2025-05-14 02:55:11,735 [9d8a5836-bfca-4d37-9676-470807fcd29d-groupManagement] INFO  server.RaftServerConfigKeys (ConfUtils.java:logGet(46)) - raft.server.leaderelection.member.majority-add = false (default)
2025-05-14 02:55:11,735 [9d8a5836-bfca-4d37-9676-470807fcd29d-groupManagement] INFO  server.RaftServerConfigKeys (ConfUtils.java:logGet(46)) - raft.server.sleep.deviation.threshold = 300ms (default)
2025-05-14 02:55:11,735 [9d8a5836-bfca-4d37-9676-470807fcd29d-groupManagement] INFO  server.RaftServer$Division (ServerState.java:<init>(114)) - 9d8a5836-bfca-4d37-9676-470807fcd29d@group-49D9F7F395BD: ConfigurationManager, init=conf: {index: -1, cur=peers:[9d8a5836-bfca-4d37-9676-470807fcd29d|127.0.0.1:15087, e44b5a69-92f9-40f4-85c9-712e1c637b62|127.0.0.1:15047, c77e66e9-1cca-4fd3-bc5b-4ea2dbc3232f|127.0.0.1:15055]|listeners:[], old=null}, confs=<EMPTY_MAP>
2025-05-14 02:55:11,735 [9d8a5836-bfca-4d37-9676-470807fcd29d-groupManagement] INFO  server.RaftServerConfigKeys (ConfUtils.java:logGet(46)) - raft.server.notification.no-leader.timeout = 300000ms (custom)
2025-05-14 02:55:11,735 [9d8a5836-bfca-4d37-9676-470807fcd29d-groupManagement] INFO  server.RaftServerConfigKeys (ConfUtils.java:logGet(46)) - raft.server.read.timeout = 10s (default)
2025-05-14 02:55:11,735 [9d8a5836-bfca-4d37-9676-470807fcd29d-groupManagement] INFO  server.RaftServerConfigKeys (ConfUtils.java:logGet(46)) - raft.server.retrycache.expirytime = 600000ms (custom)
2025-05-14 02:55:11,735 [9d8a5836-bfca-4d37-9676-470807fcd29d-groupManagement] INFO  server.RaftServerConfigKeys (ConfUtils.java:logGet(46)) - raft.server.retrycache.statistics.expirytime = 100ms (default)
2025-05-14 02:55:11,735 [9d8a5836-bfca-4d37-9676-470807fcd29d-groupManagement] INFO  server.RaftServerConfigKeys (ConfUtils.java:logGet(46)) - raft.server.read.option = DEFAULT (default)
2025-05-14 02:55:11,735 [9d8a5836-bfca-4d37-9676-470807fcd29d-groupManagement] INFO  server.RaftServerConfigKeys (ConfUtils.java:logGet(46)) - raft.server.read.read-after-write-consistent.write-index-cache.expiry-time = 60s (default)
2025-05-14 02:55:11,739 [9d8a5836-bfca-4d37-9676-470807fcd29d-groupManagement] INFO  server.RaftServerConfigKeys (ConfUtils.java:logGet(46)) - raft.server.rpc.request.timeout = 3000ms (default)
2025-05-14 02:55:11,739 [9d8a5836-bfca-4d37-9676-470807fcd29d-groupManagement] INFO  server.RaftServerConfigKeys (ConfUtils.java:logGet(46)) - raft.server.log.appender.install.snapshot.enabled = false (custom)
2025-05-14 02:55:11,739 [9d8a5836-bfca-4d37-9676-470807fcd29d-groupManagement] INFO  server.RaftServerConfigKeys (ConfUtils.java:logGet(46)) - raft.server.threadpool.server.cached = true (default)
2025-05-14 02:55:11,739 [9d8a5836-bfca-4d37-9676-470807fcd29d-groupManagement] INFO  server.RaftServerConfigKeys (ConfUtils.java:logGet(46)) - raft.server.threadpool.server.size = 0 (default)
2025-05-14 02:55:11,739 [9d8a5836-bfca-4d37-9676-470807fcd29d-groupManagement] INFO  server.RaftServerConfigKeys (ConfUtils.java:logGet(46)) - raft.server.threadpool.client.cached = true (default)
2025-05-14 02:55:11,739 [9d8a5836-bfca-4d37-9676-470807fcd29d-groupManagement] INFO  server.RaftServerConfigKeys (ConfUtils.java:logGet(46)) - raft.server.threadpool.client.size = 0 (default)
2025-05-14 02:55:11,739 [9d8a5836-bfca-4d37-9676-470807fcd29d-groupManagement] INFO  server.RaftServerConfigKeys (ConfUtils.java:logGet(46)) - raft.server.storage.free-space.min = 0MB (=0) (default)
2025-05-14 02:55:11,739 [9d8a5836-bfca-4d37-9676-470807fcd29d-groupManagement] INFO  server.RaftServerConfigKeys (ConfUtils.java:logGet(46)) - raft.server.log.corruption.policy = EXCEPTION (default)
2025-05-14 02:55:11,739 [9d8a5836-bfca-4d37-9676-470807fcd29d-groupManagement] INFO  server.RaftServerConfigKeys (ConfUtils.java:logGet(46)) - raft.server.storage.dir = [/home/runner/work/ozone/ozone/hadoop-ozone/integration-test/target/test-dir/MiniOzoneClusterImpl-af940217-b311-440f-8e09-352fdf66236b/ozone-meta/datanode-10/ratis] (custom)
2025-05-14 02:55:11,739 [9d8a5836-bfca-4d37-9676-470807fcd29d-groupManagement] INFO  storage.RaftStorageDirectory (RaftStorageDirectoryImpl.java:analyzeStorage(138)) - The storage directory /home/runner/work/ozone/ozone/hadoop-ozone/integration-test/target/test-dir/MiniOzoneClusterImpl-af940217-b311-440f-8e09-352fdf66236b/ozone-meta/datanode-10/ratis/d1d91f20-cf59-41aa-b231-49d9f7f395bd does not exist. Creating ...
2025-05-14 02:55:11,741 [9d8a5836-bfca-4d37-9676-470807fcd29d-groupManagement] INFO  storage.RaftStorageDirectory (RaftStorageDirectoryImpl.java:tryLock(229)) - Lock on /home/runner/work/ozone/ozone/hadoop-ozone/integration-test/target/test-dir/MiniOzoneClusterImpl-af940217-b311-440f-8e09-352fdf66236b/ozone-meta/datanode-10/ratis/d1d91f20-cf59-41aa-b231-49d9f7f395bd/in_use.lock acquired by nodename 34763@localhost
2025-05-14 02:55:11,742 [9d8a5836-bfca-4d37-9676-470807fcd29d-groupManagement] INFO  storage.RaftStorage (RaftStorageImpl.java:format(98)) - Storage directory /home/runner/work/ozone/ozone/hadoop-ozone/integration-test/target/test-dir/MiniOzoneClusterImpl-af940217-b311-440f-8e09-352fdf66236b/ozone-meta/datanode-10/ratis/d1d91f20-cf59-41aa-b231-49d9f7f395bd has been successfully formatted.
2025-05-14 02:55:11,743 [9d8a5836-bfca-4d37-9676-470807fcd29d-groupManagement] INFO  ratis.ContainerStateMachine (ContainerStateMachine.java:initialize(339)) - 9d8a5836-bfca-4d37-9676-470807fcd29d: initialize group-49D9F7F395BD
2025-05-14 02:55:11,743 [9d8a5836-bfca-4d37-9676-470807fcd29d-groupManagement] INFO  ratis.ContainerStateMachine (ContainerStateMachine.java:loadSnapshot(347)) - group-49D9F7F395BD: The snapshot info is null. Setting the last applied index to:(t:0, i:~)
2025-05-14 02:55:11,743 [9d8a5836-bfca-4d37-9676-470807fcd29d-groupManagement] INFO  server.RaftServerConfigKeys (ConfUtils.java:logGet(46)) - raft.server.log.use.memory = false (default)
2025-05-14 02:55:11,743 [9d8a5836-bfca-4d37-9676-470807fcd29d-groupManagement] INFO  server.RaftServerConfigKeys (ConfUtils.java:logGet(46)) - raft.server.log.purge.gap = 1000000 (custom)
2025-05-14 02:55:11,743 [9d8a5836-bfca-4d37-9676-470807fcd29d-groupManagement] INFO  server.RaftServerConfigKeys (ConfUtils.java:logGet(46)) - raft.server.log.appender.buffer.byte-limit = 33554432 (custom)
2025-05-14 02:55:11,743 [9d8a5836-bfca-4d37-9676-470807fcd29d-groupManagement] INFO  server.RaftServerConfigKeys (ConfUtils.java:logGet(46)) - raft.server.log.statemachine.data.read.timeout = 1000ms (default)
2025-05-14 02:55:11,743 [9d8a5836-bfca-4d37-9676-470807fcd29d-groupManagement] INFO  server.RaftServerConfigKeys (ConfUtils.java:logGet(46)) - raft.server.log.purge.preservation.log.num = 0 (default)
2025-05-14 02:55:11,745 [9d8a5836-bfca-4d37-9676-470807fcd29d-groupManagement] INFO  server.RaftServerConfigKeys (ConfUtils.java:logGet(46)) - raft.server.log.segment.size.max = 67108864 (custom)
2025-05-14 02:55:11,745 [9d8a5836-bfca-4d37-9676-470807fcd29d-groupManagement] INFO  server.RaftServerConfigKeys (ConfUtils.java:logGet(46)) - raft.server.log.segment.cache.num.max = 2 (custom)
2025-05-14 02:55:11,745 [9d8a5836-bfca-4d37-9676-470807fcd29d-groupManagement] INFO  server.RaftServerConfigKeys (ConfUtils.java:logGet(46)) - raft.server.log.segment.cache.size.max = 200MB (=209715200) (default)
2025-05-14 02:55:11,745 [9d8a5836-bfca-4d37-9676-470807fcd29d-groupManagement] INFO  server.RaftServerConfigKeys (ConfUtils.java:logGet(46)) - raft.server.log.appender.buffer.byte-limit = 33554432 (custom)
2025-05-14 02:55:11,746 [9d8a5836-bfca-4d37-9676-470807fcd29d-groupManagement] INFO  util.AwaitToRun (AwaitToRun.java:start(81)) - Thread[#2039,9d8a5836-bfca-4d37-9676-470807fcd29d@group-49D9F7F395BD-cacheEviction-AwaitToRun,5,main] started
2025-05-14 02:55:11,746 [9d8a5836-bfca-4d37-9676-470807fcd29d-groupManagement] INFO  segmented.SegmentedRaftLogWorker (SegmentedRaftLogWorker.java:<init>(188)) - new 9d8a5836-bfca-4d37-9676-470807fcd29d@group-49D9F7F395BD-SegmentedRaftLogWorker for RaftStorageImpl:Storage Directory /home/runner/work/ozone/ozone/hadoop-ozone/integration-test/target/test-dir/MiniOzoneClusterImpl-af940217-b311-440f-8e09-352fdf66236b/ozone-meta/datanode-10/ratis/d1d91f20-cf59-41aa-b231-49d9f7f395bd
2025-05-14 02:55:11,746 [9d8a5836-bfca-4d37-9676-470807fcd29d-groupManagement] INFO  server.RaftServerConfigKeys (ConfUtils.java:logGet(46)) - raft.server.log.queue.byte-limit = 4294967296 (custom)
2025-05-14 02:55:11,746 [9d8a5836-bfca-4d37-9676-470807fcd29d-groupManagement] INFO  server.RaftServerConfigKeys (ConfUtils.java:logGet(46)) - raft.server.log.queue.element-limit = 1024 (custom)
2025-05-14 02:55:11,746 [9d8a5836-bfca-4d37-9676-470807fcd29d-groupManagement] INFO  server.RaftServerConfigKeys (ConfUtils.java:logGet(46)) - raft.server.log.segment.size.max = 67108864 (custom)
2025-05-14 02:55:11,746 [9d8a5836-bfca-4d37-9676-470807fcd29d-groupManagement] INFO  server.RaftServerConfigKeys (ConfUtils.java:logGet(46)) - raft.server.log.preallocated.size = 4194304 (custom)
2025-05-14 02:55:11,746 [9d8a5836-bfca-4d37-9676-470807fcd29d-groupManagement] INFO  server.RaftServerConfigKeys (ConfUtils.java:logGet(46)) - raft.server.log.force.sync.num = 128 (default)
2025-05-14 02:55:11,746 [9d8a5836-bfca-4d37-9676-470807fcd29d-groupManagement] INFO  server.RaftServerConfigKeys (ConfUtils.java:logGet(46)) - raft.server.log.statemachine.data.sync = true (default)
2025-05-14 02:55:11,746 [9d8a5836-bfca-4d37-9676-470807fcd29d-groupManagement] INFO  server.RaftServerConfigKeys (ConfUtils.java:logGet(46)) - raft.server.log.statemachine.data.sync.timeout = 10s (default)
2025-05-14 02:55:11,746 [9d8a5836-bfca-4d37-9676-470807fcd29d-groupManagement] INFO  server.RaftServerConfigKeys (ConfUtils.java:logGet(46)) - raft.server.log.statemachine.data.sync.timeout.retry = 30 (custom)
2025-05-14 02:55:11,746 [9d8a5836-bfca-4d37-9676-470807fcd29d-groupManagement] INFO  server.RaftServerConfigKeys (ConfUtils.java:logGet(46)) - raft.server.log.write.buffer.size = 33554440 (custom)
2025-05-14 02:55:11,753 [9d8a5836-bfca-4d37-9676-470807fcd29d-groupManagement] INFO  server.RaftServerConfigKeys (ConfUtils.java:logGet(46)) - raft.server.log.appender.buffer.byte-limit = 33554432 (custom)
2025-05-14 02:55:11,753 [9d8a5836-bfca-4d37-9676-470807fcd29d-groupManagement] INFO  server.RaftServerConfigKeys (ConfUtils.java:logGet(46)) - raft.server.log.unsafe-flush.enabled = false (default)
2025-05-14 02:55:11,753 [9d8a5836-bfca-4d37-9676-470807fcd29d-groupManagement] INFO  server.RaftServerConfigKeys (ConfUtils.java:logGet(46)) - raft.server.log.async-flush.enabled = false (default)
2025-05-14 02:55:11,753 [9d8a5836-bfca-4d37-9676-470807fcd29d-groupManagement] INFO  server.RaftServerConfigKeys (ConfUtils.java:logGet(46)) - raft.server.log.statemachine.data.caching.enabled = true (custom)
2025-05-14 02:55:11,753 [9d8a5836-bfca-4d37-9676-470807fcd29d-groupManagement] INFO  segmented.SegmentedRaftLogWorker (SegmentedRaftLogWorker.java:lambda$new$0(139)) - 9d8a5836-bfca-4d37-9676-470807fcd29d@group-49D9F7F395BD-SegmentedRaftLogWorker: flushIndex: setUnconditionally 0 -> -1
2025-05-14 02:55:11,753 [9d8a5836-bfca-4d37-9676-470807fcd29d-groupManagement] INFO  segmented.SegmentedRaftLogWorker (SegmentedRaftLogWorker.java:lambda$new$0(139)) - 9d8a5836-bfca-4d37-9676-470807fcd29d@group-49D9F7F395BD-SegmentedRaftLogWorker: safeCacheEvictIndex: setUnconditionally 0 -> -1
2025-05-14 02:55:11,754 [9d8a5836-bfca-4d37-9676-470807fcd29d-groupManagement] INFO  server.RaftServer$Division (RaftServerImpl.java:start(391)) - 9d8a5836-bfca-4d37-9676-470807fcd29d@group-49D9F7F395BD: start as a follower, conf=conf: {index: -1, cur=peers:[9d8a5836-bfca-4d37-9676-470807fcd29d|127.0.0.1:15087, e44b5a69-92f9-40f4-85c9-712e1c637b62|127.0.0.1:15047, c77e66e9-1cca-4fd3-bc5b-4ea2dbc3232f|127.0.0.1:15055]|listeners:[], old=null}
2025-05-14 02:55:11,754 [9d8a5836-bfca-4d37-9676-470807fcd29d-groupManagement] INFO  server.RaftServer$Division (RaftServerImpl.java:setRole(378)) - 9d8a5836-bfca-4d37-9676-470807fcd29d@group-49D9F7F395BD: changes role from      null to FOLLOWER at term 0 for startAsFollower
2025-05-14 02:55:11,755 [9d8a5836-bfca-4d37-9676-470807fcd29d-groupManagement] INFO  impl.RoleInfo (RoleInfo.java:updateAndGet(148)) - 9d8a5836-bfca-4d37-9676-470807fcd29d: start 9d8a5836-bfca-4d37-9676-470807fcd29d@group-49D9F7F395BD-FollowerState
2025-05-14 02:55:11,755 [9d8a5836-bfca-4d37-9676-470807fcd29d-groupManagement] INFO  util.JmxRegister (JmxRegister.java:tryRegister(44)) - Successfully registered JMX Bean with object name Ratis:service=RaftServer,group=group-49D9F7F395BD,id=9d8a5836-bfca-4d37-9676-470807fcd29d
2025-05-14 02:55:11,755 [9d8a5836-bfca-4d37-9676-470807fcd29d-groupManagement] INFO  util.JmxRegister (JmxRegister.java:register(58)) - register mxBean class org.apache.ratis.server.impl.RaftServerJmxAdapter as Ratis:service=RaftServer,group=group-49D9F7F395BD,id=9d8a5836-bfca-4d37-9676-470807fcd29d
2025-05-14 02:55:11,755 [9d8a5836-bfca-4d37-9676-470807fcd29d-groupManagement] INFO  server.RaftServerConfigKeys (ConfUtils.java:logGet(46)) - raft.server.snapshot.trigger-when-stop.enabled = true (default)
2025-05-14 02:55:11,755 [9d8a5836-bfca-4d37-9676-470807fcd29d-groupManagement] INFO  server.RaftServerConfigKeys (ConfUtils.java:logGet(46)) - raft.server.snapshot.trigger-when-remove.enabled = true (default)
2025-05-14 02:55:11,755 [9d8a5836-bfca-4d37-9676-470807fcd29d-groupManagement] INFO  server.RaftServerConfigKeys (ConfUtils.java:logGet(46)) - raft.server.snapshot.auto.trigger.enabled = true (custom)
2025-05-14 02:55:11,755 [9d8a5836-bfca-4d37-9676-470807fcd29d-groupManagement] INFO  server.RaftServerConfigKeys (ConfUtils.java:logGet(46)) - raft.server.snapshot.auto.trigger.threshold = 1 (custom)
2025-05-14 02:55:11,755 [9d8a5836-bfca-4d37-9676-470807fcd29d-groupManagement] INFO  server.RaftServerConfigKeys (ConfUtils.java:logGet(46)) - raft.server.snapshot.retention.file.num = 5 (custom)
2025-05-14 02:55:11,755 [9d8a5836-bfca-4d37-9676-470807fcd29d-groupManagement] INFO  server.RaftServerConfigKeys (ConfUtils.java:logGet(46)) - raft.server.log.purge.upto.snapshot.index = false (default)
2025-05-14 02:55:11,756 [9d8a5836-bfca-4d37-9676-470807fcd29d@group-49D9F7F395BD-FollowerState] INFO  server.RaftServerConfigKeys (ConfUtils.java:logGet(46)) - raft.server.rpc.first-election.timeout.min = 1000ms (custom)
2025-05-14 02:55:11,756 [9d8a5836-bfca-4d37-9676-470807fcd29d@group-49D9F7F395BD-FollowerState] INFO  server.RaftServerConfigKeys (ConfUtils.java:logGet(46)) - raft.server.rpc.first-election.timeout.max = 1200ms (custom)
2025-05-14 02:55:11,756 [9d8a5836-bfca-4d37-9676-470807fcd29d-groupManagement] INFO  server.RaftServer$Division (RaftServerImpl.java:start(405)) - 9d8a5836-bfca-4d37-9676-470807fcd29d@group-49D9F7F395BD: Successfully started.
2025-05-14 02:55:11,765 [grpc-default-executor-8] INFO  server.RaftServer (RaftServerProxy.java:addNew(100)) - c77e66e9-1cca-4fd3-bc5b-4ea2dbc3232f: addNew group-49D9F7F395BD:[9d8a5836-bfca-4d37-9676-470807fcd29d|127.0.0.1:15087, e44b5a69-92f9-40f4-85c9-712e1c637b62|127.0.0.1:15047, c77e66e9-1cca-4fd3-bc5b-4ea2dbc3232f|127.0.0.1:15055] returns group-49D9F7F395BD:java.util.concurrent.CompletableFuture@233155d0[Not completed]
2025-05-14 02:55:11,767 [c77e66e9-1cca-4fd3-bc5b-4ea2dbc3232f-groupManagement] INFO  server.RaftServer$Division (RaftServerImpl.java:<init>(255)) - c77e66e9-1cca-4fd3-bc5b-4ea2dbc3232f: new RaftServerImpl for group-49D9F7F395BD:[9d8a5836-bfca-4d37-9676-470807fcd29d|127.0.0.1:15087, e44b5a69-92f9-40f4-85c9-712e1c637b62|127.0.0.1:15047, c77e66e9-1cca-4fd3-bc5b-4ea2dbc3232f|127.0.0.1:15055] with ContainerStateMachine:uninitialized
2025-05-14 02:55:11,767 [c77e66e9-1cca-4fd3-bc5b-4ea2dbc3232f-groupManagement] INFO  server.RaftServerConfigKeys (ConfUtils.java:logGet(46)) - raft.server.rpc.timeout.min = 5s (custom)
2025-05-14 02:55:11,767 [c77e66e9-1cca-4fd3-bc5b-4ea2dbc3232f-groupManagement] INFO  server.RaftServerConfigKeys (ConfUtils.java:logGet(46)) - raft.server.rpc.timeout.max = 5200ms (custom)
2025-05-14 02:55:11,767 [c77e66e9-1cca-4fd3-bc5b-4ea2dbc3232f-groupManagement] INFO  server.RaftServerConfigKeys (ConfUtils.java:logGet(46)) - raft.server.rpc.sleep.time = 25ms (default)
2025-05-14 02:55:11,767 [c77e66e9-1cca-4fd3-bc5b-4ea2dbc3232f-groupManagement] INFO  server.RaftServerConfigKeys (ConfUtils.java:logGet(46)) - raft.server.rpc.slowness.timeout = 300000ms (custom)
2025-05-14 02:55:11,767 [c77e66e9-1cca-4fd3-bc5b-4ea2dbc3232f-groupManagement] INFO  server.RaftServerConfigKeys (ConfUtils.java:logGet(46)) - raft.server.leaderelection.leader.step-down.wait-time = 10s (default)
2025-05-14 02:55:11,767 [c77e66e9-1cca-4fd3-bc5b-4ea2dbc3232f-groupManagement] INFO  server.RaftServerConfigKeys (ConfUtils.java:logGet(46)) - raft.server.leaderelection.member.majority-add = false (default)
2025-05-14 02:55:11,767 [c77e66e9-1cca-4fd3-bc5b-4ea2dbc3232f-groupManagement] INFO  server.RaftServerConfigKeys (ConfUtils.java:logGet(46)) - raft.server.sleep.deviation.threshold = 300ms (default)
2025-05-14 02:55:11,767 [c77e66e9-1cca-4fd3-bc5b-4ea2dbc3232f-groupManagement] INFO  server.RaftServer$Division (ServerState.java:<init>(114)) - c77e66e9-1cca-4fd3-bc5b-4ea2dbc3232f@group-49D9F7F395BD: ConfigurationManager, init=conf: {index: -1, cur=peers:[9d8a5836-bfca-4d37-9676-470807fcd29d|127.0.0.1:15087, e44b5a69-92f9-40f4-85c9-712e1c637b62|127.0.0.1:15047, c77e66e9-1cca-4fd3-bc5b-4ea2dbc3232f|127.0.0.1:15055]|listeners:[], old=null}, confs=<EMPTY_MAP>
2025-05-14 02:55:11,767 [c77e66e9-1cca-4fd3-bc5b-4ea2dbc3232f-groupManagement] INFO  server.RaftServerConfigKeys (ConfUtils.java:logGet(46)) - raft.server.notification.no-leader.timeout = 300000ms (custom)
2025-05-14 02:55:11,767 [c77e66e9-1cca-4fd3-bc5b-4ea2dbc3232f-groupManagement] INFO  server.RaftServerConfigKeys (ConfUtils.java:logGet(46)) - raft.server.read.timeout = 10s (default)
2025-05-14 02:55:11,767 [c77e66e9-1cca-4fd3-bc5b-4ea2dbc3232f-groupManagement] INFO  server.RaftServerConfigKeys (ConfUtils.java:logGet(46)) - raft.server.retrycache.expirytime = 600000ms (custom)
2025-05-14 02:55:11,767 [c77e66e9-1cca-4fd3-bc5b-4ea2dbc3232f-groupManagement] INFO  server.RaftServerConfigKeys (ConfUtils.java:logGet(46)) - raft.server.retrycache.statistics.expirytime = 100ms (default)
2025-05-14 02:55:11,767 [c77e66e9-1cca-4fd3-bc5b-4ea2dbc3232f-groupManagement] INFO  server.RaftServerConfigKeys (ConfUtils.java:logGet(46)) - raft.server.read.option = DEFAULT (default)
2025-05-14 02:55:11,767 [c77e66e9-1cca-4fd3-bc5b-4ea2dbc3232f-groupManagement] INFO  server.RaftServerConfigKeys (ConfUtils.java:logGet(46)) - raft.server.read.read-after-write-consistent.write-index-cache.expiry-time = 60s (default)
2025-05-14 02:55:11,772 [c77e66e9-1cca-4fd3-bc5b-4ea2dbc3232f-groupManagement] INFO  server.RaftServerConfigKeys (ConfUtils.java:logGet(46)) - raft.server.rpc.request.timeout = 3000ms (default)
2025-05-14 02:55:11,772 [c77e66e9-1cca-4fd3-bc5b-4ea2dbc3232f-groupManagement] INFO  server.RaftServerConfigKeys (ConfUtils.java:logGet(46)) - raft.server.log.appender.install.snapshot.enabled = false (custom)
2025-05-14 02:55:11,772 [c77e66e9-1cca-4fd3-bc5b-4ea2dbc3232f-groupManagement] INFO  server.RaftServerConfigKeys (ConfUtils.java:logGet(46)) - raft.server.threadpool.server.cached = true (default)
2025-05-14 02:55:11,772 [c77e66e9-1cca-4fd3-bc5b-4ea2dbc3232f-groupManagement] INFO  server.RaftServerConfigKeys (ConfUtils.java:logGet(46)) - raft.server.threadpool.server.size = 0 (default)
2025-05-14 02:55:11,772 [c77e66e9-1cca-4fd3-bc5b-4ea2dbc3232f-groupManagement] INFO  server.RaftServerConfigKeys (ConfUtils.java:logGet(46)) - raft.server.threadpool.client.cached = true (default)
2025-05-14 02:55:11,772 [c77e66e9-1cca-4fd3-bc5b-4ea2dbc3232f-groupManagement] INFO  server.RaftServerConfigKeys (ConfUtils.java:logGet(46)) - raft.server.threadpool.client.size = 0 (default)
2025-05-14 02:55:11,772 [c77e66e9-1cca-4fd3-bc5b-4ea2dbc3232f-groupManagement] INFO  server.RaftServerConfigKeys (ConfUtils.java:logGet(46)) - raft.server.storage.free-space.min = 0MB (=0) (default)
2025-05-14 02:55:11,772 [c77e66e9-1cca-4fd3-bc5b-4ea2dbc3232f-groupManagement] INFO  server.RaftServerConfigKeys (ConfUtils.java:logGet(46)) - raft.server.log.corruption.policy = EXCEPTION (default)
2025-05-14 02:55:11,772 [c77e66e9-1cca-4fd3-bc5b-4ea2dbc3232f-groupManagement] INFO  server.RaftServerConfigKeys (ConfUtils.java:logGet(46)) - raft.server.storage.dir = [/home/runner/work/ozone/ozone/hadoop-ozone/integration-test/target/test-dir/MiniOzoneClusterImpl-af940217-b311-440f-8e09-352fdf66236b/ozone-meta/datanode-6/ratis10784c24-b766-40d3-908b-7013b1989165] (custom)
2025-05-14 02:55:11,772 [c77e66e9-1cca-4fd3-bc5b-4ea2dbc3232f-groupManagement] INFO  storage.RaftStorageDirectory (RaftStorageDirectoryImpl.java:analyzeStorage(138)) - The storage directory /home/runner/work/ozone/ozone/hadoop-ozone/integration-test/target/test-dir/MiniOzoneClusterImpl-af940217-b311-440f-8e09-352fdf66236b/ozone-meta/datanode-6/ratis10784c24-b766-40d3-908b-7013b1989165/d1d91f20-cf59-41aa-b231-49d9f7f395bd does not exist. Creating ...
2025-05-14 02:55:11,774 [c77e66e9-1cca-4fd3-bc5b-4ea2dbc3232f-groupManagement] INFO  storage.RaftStorageDirectory (RaftStorageDirectoryImpl.java:tryLock(229)) - Lock on /home/runner/work/ozone/ozone/hadoop-ozone/integration-test/target/test-dir/MiniOzoneClusterImpl-af940217-b311-440f-8e09-352fdf66236b/ozone-meta/datanode-6/ratis10784c24-b766-40d3-908b-7013b1989165/d1d91f20-cf59-41aa-b231-49d9f7f395bd/in_use.lock acquired by nodename 34763@localhost
2025-05-14 02:55:11,775 [c77e66e9-1cca-4fd3-bc5b-4ea2dbc3232f-groupManagement] INFO  storage.RaftStorage (RaftStorageImpl.java:format(98)) - Storage directory /home/runner/work/ozone/ozone/hadoop-ozone/integration-test/target/test-dir/MiniOzoneClusterImpl-af940217-b311-440f-8e09-352fdf66236b/ozone-meta/datanode-6/ratis10784c24-b766-40d3-908b-7013b1989165/d1d91f20-cf59-41aa-b231-49d9f7f395bd has been successfully formatted.
2025-05-14 02:55:11,776 [c77e66e9-1cca-4fd3-bc5b-4ea2dbc3232f-groupManagement] INFO  ratis.ContainerStateMachine (ContainerStateMachine.java:initialize(339)) - c77e66e9-1cca-4fd3-bc5b-4ea2dbc3232f: initialize group-49D9F7F395BD
2025-05-14 02:55:11,776 [c77e66e9-1cca-4fd3-bc5b-4ea2dbc3232f-groupManagement] INFO  ratis.ContainerStateMachine (ContainerStateMachine.java:loadSnapshot(347)) - group-49D9F7F395BD: The snapshot info is null. Setting the last applied index to:(t:0, i:~)
2025-05-14 02:55:11,776 [c77e66e9-1cca-4fd3-bc5b-4ea2dbc3232f-groupManagement] INFO  server.RaftServerConfigKeys (ConfUtils.java:logGet(46)) - raft.server.log.use.memory = false (default)
2025-05-14 02:55:11,776 [c77e66e9-1cca-4fd3-bc5b-4ea2dbc3232f-groupManagement] INFO  server.RaftServerConfigKeys (ConfUtils.java:logGet(46)) - raft.server.log.purge.gap = 1000000 (custom)
2025-05-14 02:55:11,776 [c77e66e9-1cca-4fd3-bc5b-4ea2dbc3232f-groupManagement] INFO  server.RaftServerConfigKeys (ConfUtils.java:logGet(46)) - raft.server.log.appender.buffer.byte-limit = 33554432 (custom)
2025-05-14 02:55:11,776 [c77e66e9-1cca-4fd3-bc5b-4ea2dbc3232f-groupManagement] INFO  server.RaftServerConfigKeys (ConfUtils.java:logGet(46)) - raft.server.log.statemachine.data.read.timeout = 1000ms (default)
2025-05-14 02:55:11,776 [c77e66e9-1cca-4fd3-bc5b-4ea2dbc3232f-groupManagement] INFO  server.RaftServerConfigKeys (ConfUtils.java:logGet(46)) - raft.server.log.purge.preservation.log.num = 0 (default)
2025-05-14 02:55:11,778 [c77e66e9-1cca-4fd3-bc5b-4ea2dbc3232f-groupManagement] INFO  server.RaftServerConfigKeys (ConfUtils.java:logGet(46)) - raft.server.log.segment.size.max = 67108864 (custom)
2025-05-14 02:55:11,778 [c77e66e9-1cca-4fd3-bc5b-4ea2dbc3232f-groupManagement] INFO  server.RaftServerConfigKeys (ConfUtils.java:logGet(46)) - raft.server.log.segment.cache.num.max = 2 (custom)
2025-05-14 02:55:11,778 [c77e66e9-1cca-4fd3-bc5b-4ea2dbc3232f-groupManagement] INFO  server.RaftServerConfigKeys (ConfUtils.java:logGet(46)) - raft.server.log.segment.cache.size.max = 200MB (=209715200) (default)
2025-05-14 02:55:11,779 [c77e66e9-1cca-4fd3-bc5b-4ea2dbc3232f-groupManagement] INFO  server.RaftServerConfigKeys (ConfUtils.java:logGet(46)) - raft.server.log.appender.buffer.byte-limit = 33554432 (custom)
2025-05-14 02:55:11,779 [c77e66e9-1cca-4fd3-bc5b-4ea2dbc3232f-groupManagement] INFO  util.AwaitToRun (AwaitToRun.java:start(81)) - Thread[#2047,c77e66e9-1cca-4fd3-bc5b-4ea2dbc3232f@group-49D9F7F395BD-cacheEviction-AwaitToRun,5,main] started
2025-05-14 02:55:11,779 [c77e66e9-1cca-4fd3-bc5b-4ea2dbc3232f-groupManagement] INFO  segmented.SegmentedRaftLogWorker (SegmentedRaftLogWorker.java:<init>(188)) - new c77e66e9-1cca-4fd3-bc5b-4ea2dbc3232f@group-49D9F7F395BD-SegmentedRaftLogWorker for RaftStorageImpl:Storage Directory /home/runner/work/ozone/ozone/hadoop-ozone/integration-test/target/test-dir/MiniOzoneClusterImpl-af940217-b311-440f-8e09-352fdf66236b/ozone-meta/datanode-6/ratis10784c24-b766-40d3-908b-7013b1989165/d1d91f20-cf59-41aa-b231-49d9f7f395bd
2025-05-14 02:55:11,779 [c77e66e9-1cca-4fd3-bc5b-4ea2dbc3232f-groupManagement] INFO  server.RaftServerConfigKeys (ConfUtils.java:logGet(46)) - raft.server.log.queue.byte-limit = 4294967296 (custom)
2025-05-14 02:55:11,779 [c77e66e9-1cca-4fd3-bc5b-4ea2dbc3232f-groupManagement] INFO  server.RaftServerConfigKeys (ConfUtils.java:logGet(46)) - raft.server.log.queue.element-limit = 1024 (custom)
2025-05-14 02:55:11,779 [c77e66e9-1cca-4fd3-bc5b-4ea2dbc3232f-groupManagement] INFO  server.RaftServerConfigKeys (ConfUtils.java:logGet(46)) - raft.server.log.segment.size.max = 67108864 (custom)
2025-05-14 02:55:11,779 [c77e66e9-1cca-4fd3-bc5b-4ea2dbc3232f-groupManagement] INFO  server.RaftServerConfigKeys (ConfUtils.java:logGet(46)) - raft.server.log.preallocated.size = 4194304 (custom)
2025-05-14 02:55:11,779 [c77e66e9-1cca-4fd3-bc5b-4ea2dbc3232f-groupManagement] INFO  server.RaftServerConfigKeys (ConfUtils.java:logGet(46)) - raft.server.log.force.sync.num = 128 (default)
2025-05-14 02:55:11,779 [c77e66e9-1cca-4fd3-bc5b-4ea2dbc3232f-groupManagement] INFO  server.RaftServerConfigKeys (ConfUtils.java:logGet(46)) - raft.server.log.statemachine.data.sync = true (default)
2025-05-14 02:55:11,779 [c77e66e9-1cca-4fd3-bc5b-4ea2dbc3232f-groupManagement] INFO  server.RaftServerConfigKeys (ConfUtils.java:logGet(46)) - raft.server.log.statemachine.data.sync.timeout = 10s (default)
2025-05-14 02:55:11,779 [c77e66e9-1cca-4fd3-bc5b-4ea2dbc3232f-groupManagement] INFO  server.RaftServerConfigKeys (ConfUtils.java:logGet(46)) - raft.server.log.statemachine.data.sync.timeout.retry = 30 (custom)
2025-05-14 02:55:11,780 [c77e66e9-1cca-4fd3-bc5b-4ea2dbc3232f-groupManagement] INFO  server.RaftServerConfigKeys (ConfUtils.java:logGet(46)) - raft.server.log.write.buffer.size = 33554440 (custom)
2025-05-14 02:55:11,785 [c77e66e9-1cca-4fd3-bc5b-4ea2dbc3232f-groupManagement] INFO  server.RaftServerConfigKeys (ConfUtils.java:logGet(46)) - raft.server.log.appender.buffer.byte-limit = 33554432 (custom)
2025-05-14 02:55:11,785 [c77e66e9-1cca-4fd3-bc5b-4ea2dbc3232f-groupManagement] INFO  server.RaftServerConfigKeys (ConfUtils.java:logGet(46)) - raft.server.log.unsafe-flush.enabled = false (default)
2025-05-14 02:55:11,785 [c77e66e9-1cca-4fd3-bc5b-4ea2dbc3232f-groupManagement] INFO  server.RaftServerConfigKeys (ConfUtils.java:logGet(46)) - raft.server.log.async-flush.enabled = false (default)
2025-05-14 02:55:11,785 [c77e66e9-1cca-4fd3-bc5b-4ea2dbc3232f-groupManagement] INFO  server.RaftServerConfigKeys (ConfUtils.java:logGet(46)) - raft.server.log.statemachine.data.caching.enabled = true (custom)
2025-05-14 02:55:11,785 [c77e66e9-1cca-4fd3-bc5b-4ea2dbc3232f-groupManagement] INFO  segmented.SegmentedRaftLogWorker (SegmentedRaftLogWorker.java:lambda$new$0(139)) - c77e66e9-1cca-4fd3-bc5b-4ea2dbc3232f@group-49D9F7F395BD-SegmentedRaftLogWorker: flushIndex: setUnconditionally 0 -> -1
2025-05-14 02:55:11,785 [c77e66e9-1cca-4fd3-bc5b-4ea2dbc3232f-groupManagement] INFO  segmented.SegmentedRaftLogWorker (SegmentedRaftLogWorker.java:lambda$new$0(139)) - c77e66e9-1cca-4fd3-bc5b-4ea2dbc3232f@group-49D9F7F395BD-SegmentedRaftLogWorker: safeCacheEvictIndex: setUnconditionally 0 -> -1
2025-05-14 02:55:11,786 [c77e66e9-1cca-4fd3-bc5b-4ea2dbc3232f-groupManagement] INFO  server.RaftServer$Division (RaftServerImpl.java:start(391)) - c77e66e9-1cca-4fd3-bc5b-4ea2dbc3232f@group-49D9F7F395BD: start as a follower, conf=conf: {index: -1, cur=peers:[9d8a5836-bfca-4d37-9676-470807fcd29d|127.0.0.1:15087, e44b5a69-92f9-40f4-85c9-712e1c637b62|127.0.0.1:15047, c77e66e9-1cca-4fd3-bc5b-4ea2dbc3232f|127.0.0.1:15055]|listeners:[], old=null}
2025-05-14 02:55:11,786 [c77e66e9-1cca-4fd3-bc5b-4ea2dbc3232f-groupManagement] INFO  server.RaftServer$Division (RaftServerImpl.java:setRole(378)) - c77e66e9-1cca-4fd3-bc5b-4ea2dbc3232f@group-49D9F7F395BD: changes role from      null to FOLLOWER at term 0 for startAsFollower
2025-05-14 02:55:11,786 [c77e66e9-1cca-4fd3-bc5b-4ea2dbc3232f-groupManagement] INFO  impl.RoleInfo (RoleInfo.java:updateAndGet(148)) - c77e66e9-1cca-4fd3-bc5b-4ea2dbc3232f: start c77e66e9-1cca-4fd3-bc5b-4ea2dbc3232f@group-49D9F7F395BD-FollowerState
2025-05-14 02:55:11,786 [c77e66e9-1cca-4fd3-bc5b-4ea2dbc3232f-groupManagement] INFO  util.JmxRegister (JmxRegister.java:tryRegister(44)) - Successfully registered JMX Bean with object name Ratis:service=RaftServer,group=group-49D9F7F395BD,id=c77e66e9-1cca-4fd3-bc5b-4ea2dbc3232f
2025-05-14 02:55:11,786 [c77e66e9-1cca-4fd3-bc5b-4ea2dbc3232f-groupManagement] INFO  util.JmxRegister (JmxRegister.java:register(58)) - register mxBean class org.apache.ratis.server.impl.RaftServerJmxAdapter as Ratis:service=RaftServer,group=group-49D9F7F395BD,id=c77e66e9-1cca-4fd3-bc5b-4ea2dbc3232f
2025-05-14 02:55:11,786 [c77e66e9-1cca-4fd3-bc5b-4ea2dbc3232f-groupManagement] INFO  server.RaftServerConfigKeys (ConfUtils.java:logGet(46)) - raft.server.snapshot.trigger-when-stop.enabled = true (default)
2025-05-14 02:55:11,786 [c77e66e9-1cca-4fd3-bc5b-4ea2dbc3232f-groupManagement] INFO  server.RaftServerConfigKeys (ConfUtils.java:logGet(46)) - raft.server.snapshot.trigger-when-remove.enabled = true (default)
2025-05-14 02:55:11,786 [c77e66e9-1cca-4fd3-bc5b-4ea2dbc3232f-groupManagement] INFO  server.RaftServerConfigKeys (ConfUtils.java:logGet(46)) - raft.server.snapshot.auto.trigger.enabled = true (custom)
2025-05-14 02:55:11,786 [c77e66e9-1cca-4fd3-bc5b-4ea2dbc3232f-groupManagement] INFO  server.RaftServerConfigKeys (ConfUtils.java:logGet(46)) - raft.server.snapshot.auto.trigger.threshold = 1 (custom)
2025-05-14 02:55:11,786 [c77e66e9-1cca-4fd3-bc5b-4ea2dbc3232f-groupManagement] INFO  server.RaftServerConfigKeys (ConfUtils.java:logGet(46)) - raft.server.snapshot.retention.file.num = 5 (custom)
2025-05-14 02:55:11,787 [c77e66e9-1cca-4fd3-bc5b-4ea2dbc3232f@group-49D9F7F395BD-FollowerState] INFO  server.RaftServerConfigKeys (ConfUtils.java:logGet(46)) - raft.server.rpc.first-election.timeout.min = 1000ms (custom)
2025-05-14 02:55:11,787 [c77e66e9-1cca-4fd3-bc5b-4ea2dbc3232f@group-49D9F7F395BD-FollowerState] INFO  server.RaftServerConfigKeys (ConfUtils.java:logGet(46)) - raft.server.rpc.first-election.timeout.max = 1200ms (custom)
2025-05-14 02:55:11,787 [c77e66e9-1cca-4fd3-bc5b-4ea2dbc3232f-groupManagement] INFO  server.RaftServerConfigKeys (ConfUtils.java:logGet(46)) - raft.server.log.purge.upto.snapshot.index = false (default)
2025-05-14 02:55:11,788 [c77e66e9-1cca-4fd3-bc5b-4ea2dbc3232f-groupManagement] INFO  server.RaftServer$Division (RaftServerImpl.java:start(405)) - c77e66e9-1cca-4fd3-bc5b-4ea2dbc3232f@group-49D9F7F395BD: Successfully started.
2025-05-14 02:55:11,792 [e44b5a69-92f9-40f4-85c9-712e1c637b62-PipelineCommandHandlerThread-0] INFO  commandhandler.CreatePipelineCommandHandler (CreatePipelineCommandHandler.java:lambda$handle$2(128)) - Created Pipeline RATIS THREE PipelineID=d1d91f20-cf59-41aa-b231-49d9f7f395bd.
2025-05-14 02:55:11,795 [EventQueue-PipelineActionsForPipelineActionHandler] INFO  pipeline.PipelineActionHandler (PipelineActionHandler.java:processPipelineAction(89)) - Received pipeline action CLOSE for PipelineID=04f6c6c3-d74d-4db8-823f-aff22c375116 from datanode f4f68937-1ce3-42e1-b3e7-547ae2d23d85(localhost/127.0.0.1). Reason : Chunks directory /home/runner/work/ozone/ozone/hadoop-ozone/integration-test/target/test-dir/MiniOzoneClusterImpl-af940217-b311-440f-8e09-352fdf66236b/ozone-meta/datanode-7/data-0/hdds/af940217-b311-440f-8e09-352fdf66236b/current/containerDir0/9/chunks does not exist.
2025-05-14 02:55:11,995 [EventQueue-PipelineActionsForPipelineActionHandler] INFO  pipeline.PipelineActionHandler (PipelineActionHandler.java:processPipelineAction(89)) - Received pipeline action CLOSE for PipelineID=04f6c6c3-d74d-4db8-823f-aff22c375116 from datanode f4f68937-1ce3-42e1-b3e7-547ae2d23d85(localhost/127.0.0.1). Reason : Chunks directory /home/runner/work/ozone/ozone/hadoop-ozone/integration-test/target/test-dir/MiniOzoneClusterImpl-af940217-b311-440f-8e09-352fdf66236b/ozone-meta/datanode-7/data-0/hdds/af940217-b311-440f-8e09-352fdf66236b/current/containerDir0/9/chunks does not exist.
2025-05-14 02:55:12,042 [c77e66e9-1cca-4fd3-bc5b-4ea2dbc3232f-PipelineCommandHandlerThread-0] INFO  server.RaftServer (RaftServerProxy.java:addNew(100)) - c77e66e9-1cca-4fd3-bc5b-4ea2dbc3232f: addNew group-74C733EDB62D:[c77e66e9-1cca-4fd3-bc5b-4ea2dbc3232f|127.0.0.1:15055] returns group-74C733EDB62D:java.util.concurrent.CompletableFuture@55ffab05[Not completed]
2025-05-14 02:55:12,043 [c77e66e9-1cca-4fd3-bc5b-4ea2dbc3232f-groupManagement] INFO  server.RaftServer$Division (RaftServerImpl.java:<init>(255)) - c77e66e9-1cca-4fd3-bc5b-4ea2dbc3232f: new RaftServerImpl for group-74C733EDB62D:[c77e66e9-1cca-4fd3-bc5b-4ea2dbc3232f|127.0.0.1:15055] with ContainerStateMachine:uninitialized
2025-05-14 02:55:12,043 [c77e66e9-1cca-4fd3-bc5b-4ea2dbc3232f-groupManagement] INFO  server.RaftServerConfigKeys (ConfUtils.java:logGet(46)) - raft.server.rpc.timeout.min = 5s (custom)
2025-05-14 02:55:12,043 [c77e66e9-1cca-4fd3-bc5b-4ea2dbc3232f-groupManagement] INFO  server.RaftServerConfigKeys (ConfUtils.java:logGet(46)) - raft.server.rpc.timeout.max = 5200ms (custom)
2025-05-14 02:55:12,043 [c77e66e9-1cca-4fd3-bc5b-4ea2dbc3232f-groupManagement] INFO  server.RaftServerConfigKeys (ConfUtils.java:logGet(46)) - raft.server.rpc.sleep.time = 25ms (default)
2025-05-14 02:55:12,043 [c77e66e9-1cca-4fd3-bc5b-4ea2dbc3232f-groupManagement] INFO  server.RaftServerConfigKeys (ConfUtils.java:logGet(46)) - raft.server.rpc.slowness.timeout = 300000ms (custom)
2025-05-14 02:55:12,044 [c77e66e9-1cca-4fd3-bc5b-4ea2dbc3232f-groupManagement] INFO  server.RaftServerConfigKeys (ConfUtils.java:logGet(46)) - raft.server.leaderelection.leader.step-down.wait-time = 10s (default)
2025-05-14 02:55:12,044 [c77e66e9-1cca-4fd3-bc5b-4ea2dbc3232f-groupManagement] INFO  server.RaftServerConfigKeys (ConfUtils.java:logGet(46)) - raft.server.leaderelection.member.majority-add = false (default)
2025-05-14 02:55:12,044 [c77e66e9-1cca-4fd3-bc5b-4ea2dbc3232f-groupManagement] INFO  server.RaftServerConfigKeys (ConfUtils.java:logGet(46)) - raft.server.sleep.deviation.threshold = 300ms (default)
2025-05-14 02:55:12,044 [c77e66e9-1cca-4fd3-bc5b-4ea2dbc3232f-groupManagement] INFO  server.RaftServer$Division (ServerState.java:<init>(114)) - c77e66e9-1cca-4fd3-bc5b-4ea2dbc3232f@group-74C733EDB62D: ConfigurationManager, init=conf: {index: -1, cur=peers:[c77e66e9-1cca-4fd3-bc5b-4ea2dbc3232f|127.0.0.1:15055]|listeners:[], old=null}, confs=<EMPTY_MAP>
2025-05-14 02:55:12,044 [c77e66e9-1cca-4fd3-bc5b-4ea2dbc3232f-groupManagement] INFO  server.RaftServerConfigKeys (ConfUtils.java:logGet(46)) - raft.server.notification.no-leader.timeout = 300000ms (custom)
2025-05-14 02:55:12,044 [c77e66e9-1cca-4fd3-bc5b-4ea2dbc3232f-groupManagement] INFO  server.RaftServerConfigKeys (ConfUtils.java:logGet(46)) - raft.server.read.timeout = 10s (default)
2025-05-14 02:55:12,044 [c77e66e9-1cca-4fd3-bc5b-4ea2dbc3232f-groupManagement] INFO  server.RaftServerConfigKeys (ConfUtils.java:logGet(46)) - raft.server.retrycache.expirytime = 600000ms (custom)
2025-05-14 02:55:12,044 [c77e66e9-1cca-4fd3-bc5b-4ea2dbc3232f-groupManagement] INFO  server.RaftServerConfigKeys (ConfUtils.java:logGet(46)) - raft.server.retrycache.statistics.expirytime = 100ms (default)
2025-05-14 02:55:12,044 [c77e66e9-1cca-4fd3-bc5b-4ea2dbc3232f-groupManagement] INFO  server.RaftServerConfigKeys (ConfUtils.java:logGet(46)) - raft.server.read.option = DEFAULT (default)
2025-05-14 02:55:12,044 [c77e66e9-1cca-4fd3-bc5b-4ea2dbc3232f-groupManagement] INFO  server.RaftServerConfigKeys (ConfUtils.java:logGet(46)) - raft.server.read.read-after-write-consistent.write-index-cache.expiry-time = 60s (default)
2025-05-14 02:55:12,046 [c77e66e9-1cca-4fd3-bc5b-4ea2dbc3232f-CloseContainerThread-0] INFO  keyvalue.KeyValueContainer (KeyValueContainer.java:flushAndSyncDB(511)) - Synced container: KeyValueContainerData #3 (CLOSING, non-empty, ri=0, origin=[dn_c77e66e9-1cca-4fd3-bc5b-4ea2dbc3232f, pipeline_8155a67b-a88a-4cce-aefd-90b7bbecbc71])
2025-05-14 02:55:12,047 [c77e66e9-1cca-4fd3-bc5b-4ea2dbc3232f-CloseContainerThread-0] INFO  keyvalue.KeyValueContainer (KeyValueContainer.java:flushAndSyncDB(511)) - Synced container: KeyValueContainerData #3 (CLOSING, non-empty, ri=0, origin=[dn_c77e66e9-1cca-4fd3-bc5b-4ea2dbc3232f, pipeline_8155a67b-a88a-4cce-aefd-90b7bbecbc71])
2025-05-14 02:55:12,049 [c77e66e9-1cca-4fd3-bc5b-4ea2dbc3232f-groupManagement] INFO  server.RaftServerConfigKeys (ConfUtils.java:logGet(46)) - raft.server.rpc.request.timeout = 3000ms (default)
2025-05-14 02:55:12,049 [c77e66e9-1cca-4fd3-bc5b-4ea2dbc3232f-groupManagement] INFO  server.RaftServerConfigKeys (ConfUtils.java:logGet(46)) - raft.server.log.appender.install.snapshot.enabled = false (custom)
2025-05-14 02:55:12,049 [c77e66e9-1cca-4fd3-bc5b-4ea2dbc3232f-groupManagement] INFO  server.RaftServerConfigKeys (ConfUtils.java:logGet(46)) - raft.server.threadpool.server.cached = true (default)
2025-05-14 02:55:12,049 [c77e66e9-1cca-4fd3-bc5b-4ea2dbc3232f-groupManagement] INFO  server.RaftServerConfigKeys (ConfUtils.java:logGet(46)) - raft.server.threadpool.server.size = 0 (default)
2025-05-14 02:55:12,049 [c77e66e9-1cca-4fd3-bc5b-4ea2dbc3232f-groupManagement] INFO  server.RaftServerConfigKeys (ConfUtils.java:logGet(46)) - raft.server.threadpool.client.cached = true (default)
2025-05-14 02:55:12,050 [c77e66e9-1cca-4fd3-bc5b-4ea2dbc3232f-groupManagement] INFO  server.RaftServerConfigKeys (ConfUtils.java:logGet(46)) - raft.server.threadpool.client.size = 0 (default)
2025-05-14 02:55:12,050 [c77e66e9-1cca-4fd3-bc5b-4ea2dbc3232f-groupManagement] INFO  server.RaftServerConfigKeys (ConfUtils.java:logGet(46)) - raft.server.storage.free-space.min = 0MB (=0) (default)
2025-05-14 02:55:12,050 [c77e66e9-1cca-4fd3-bc5b-4ea2dbc3232f-groupManagement] INFO  server.RaftServerConfigKeys (ConfUtils.java:logGet(46)) - raft.server.log.corruption.policy = EXCEPTION (default)
2025-05-14 02:55:12,050 [c77e66e9-1cca-4fd3-bc5b-4ea2dbc3232f-groupManagement] INFO  server.RaftServerConfigKeys (ConfUtils.java:logGet(46)) - raft.server.storage.dir = [/home/runner/work/ozone/ozone/hadoop-ozone/integration-test/target/test-dir/MiniOzoneClusterImpl-af940217-b311-440f-8e09-352fdf66236b/ozone-meta/datanode-6/ratis10784c24-b766-40d3-908b-7013b1989165] (custom)
2025-05-14 02:55:12,050 [c77e66e9-1cca-4fd3-bc5b-4ea2dbc3232f-groupManagement] INFO  storage.RaftStorageDirectory (RaftStorageDirectoryImpl.java:analyzeStorage(138)) - The storage directory /home/runner/work/ozone/ozone/hadoop-ozone/integration-test/target/test-dir/MiniOzoneClusterImpl-af940217-b311-440f-8e09-352fdf66236b/ozone-meta/datanode-6/ratis10784c24-b766-40d3-908b-7013b1989165/ed58307d-058e-41ad-86a1-74c733edb62d does not exist. Creating ...
2025-05-14 02:55:12,051 [c77e66e9-1cca-4fd3-bc5b-4ea2dbc3232f-CloseContainerThread-0] INFO  commandhandler.CloseContainerCommandHandler (CloseContainerCommandHandler.java:lambda$handle$0(135)) - Marking Container 3 quasi closed
2025-05-14 02:55:12,052 [c77e66e9-1cca-4fd3-bc5b-4ea2dbc3232f-groupManagement] INFO  storage.RaftStorageDirectory (RaftStorageDirectoryImpl.java:tryLock(229)) - Lock on /home/runner/work/ozone/ozone/hadoop-ozone/integration-test/target/test-dir/MiniOzoneClusterImpl-af940217-b311-440f-8e09-352fdf66236b/ozone-meta/datanode-6/ratis10784c24-b766-40d3-908b-7013b1989165/ed58307d-058e-41ad-86a1-74c733edb62d/in_use.lock acquired by nodename 34763@localhost
2025-05-14 02:55:12,053 [c77e66e9-1cca-4fd3-bc5b-4ea2dbc3232f-groupManagement] INFO  storage.RaftStorage (RaftStorageImpl.java:format(98)) - Storage directory /home/runner/work/ozone/ozone/hadoop-ozone/integration-test/target/test-dir/MiniOzoneClusterImpl-af940217-b311-440f-8e09-352fdf66236b/ozone-meta/datanode-6/ratis10784c24-b766-40d3-908b-7013b1989165/ed58307d-058e-41ad-86a1-74c733edb62d has been successfully formatted.
2025-05-14 02:55:12,053 [c77e66e9-1cca-4fd3-bc5b-4ea2dbc3232f-groupManagement] INFO  ratis.ContainerStateMachine (ContainerStateMachine.java:initialize(339)) - c77e66e9-1cca-4fd3-bc5b-4ea2dbc3232f: initialize group-74C733EDB62D
2025-05-14 02:55:12,053 [c77e66e9-1cca-4fd3-bc5b-4ea2dbc3232f-groupManagement] INFO  ratis.ContainerStateMachine (ContainerStateMachine.java:loadSnapshot(347)) - group-74C733EDB62D: The snapshot info is null. Setting the last applied index to:(t:0, i:~)
2025-05-14 02:55:12,054 [c77e66e9-1cca-4fd3-bc5b-4ea2dbc3232f-groupManagement] INFO  server.RaftServerConfigKeys (ConfUtils.java:logGet(46)) - raft.server.log.use.memory = false (default)
2025-05-14 02:55:12,054 [c77e66e9-1cca-4fd3-bc5b-4ea2dbc3232f-groupManagement] INFO  server.RaftServerConfigKeys (ConfUtils.java:logGet(46)) - raft.server.log.purge.gap = 1000000 (custom)
2025-05-14 02:55:12,054 [c77e66e9-1cca-4fd3-bc5b-4ea2dbc3232f-groupManagement] INFO  server.RaftServerConfigKeys (ConfUtils.java:logGet(46)) - raft.server.log.appender.buffer.byte-limit = 33554432 (custom)
2025-05-14 02:55:12,054 [c77e66e9-1cca-4fd3-bc5b-4ea2dbc3232f-groupManagement] INFO  server.RaftServerConfigKeys (ConfUtils.java:logGet(46)) - raft.server.log.statemachine.data.read.timeout = 1000ms (default)
2025-05-14 02:55:12,054 [c77e66e9-1cca-4fd3-bc5b-4ea2dbc3232f-groupManagement] INFO  server.RaftServerConfigKeys (ConfUtils.java:logGet(46)) - raft.server.log.purge.preservation.log.num = 0 (default)
2025-05-14 02:55:12,056 [c77e66e9-1cca-4fd3-bc5b-4ea2dbc3232f-groupManagement] INFO  server.RaftServerConfigKeys (ConfUtils.java:logGet(46)) - raft.server.log.segment.size.max = 67108864 (custom)
2025-05-14 02:55:12,056 [c77e66e9-1cca-4fd3-bc5b-4ea2dbc3232f-groupManagement] INFO  server.RaftServerConfigKeys (ConfUtils.java:logGet(46)) - raft.server.log.segment.cache.num.max = 2 (custom)
2025-05-14 02:55:12,056 [c77e66e9-1cca-4fd3-bc5b-4ea2dbc3232f-groupManagement] INFO  server.RaftServerConfigKeys (ConfUtils.java:logGet(46)) - raft.server.log.segment.cache.size.max = 200MB (=209715200) (default)
2025-05-14 02:55:12,056 [c77e66e9-1cca-4fd3-bc5b-4ea2dbc3232f-groupManagement] INFO  server.RaftServerConfigKeys (ConfUtils.java:logGet(46)) - raft.server.log.appender.buffer.byte-limit = 33554432 (custom)
2025-05-14 02:55:12,057 [EventQueue-PipelineReportForPipelineReportHandler] INFO  pipeline.PipelineReportHandler (PipelineReportHandler.java:processPipelineReport(134)) - Opened pipeline PipelineID=ed58307d-058e-41ad-86a1-74c733edb62d
2025-05-14 02:55:12,057 [c77e66e9-1cca-4fd3-bc5b-4ea2dbc3232f-groupManagement] INFO  util.AwaitToRun (AwaitToRun.java:start(81)) - Thread[#2056,c77e66e9-1cca-4fd3-bc5b-4ea2dbc3232f@group-74C733EDB62D-cacheEviction-AwaitToRun,5,main] started
2025-05-14 02:55:12,057 [c77e66e9-1cca-4fd3-bc5b-4ea2dbc3232f-groupManagement] INFO  segmented.SegmentedRaftLogWorker (SegmentedRaftLogWorker.java:<init>(188)) - new c77e66e9-1cca-4fd3-bc5b-4ea2dbc3232f@group-74C733EDB62D-SegmentedRaftLogWorker for RaftStorageImpl:Storage Directory /home/runner/work/ozone/ozone/hadoop-ozone/integration-test/target/test-dir/MiniOzoneClusterImpl-af940217-b311-440f-8e09-352fdf66236b/ozone-meta/datanode-6/ratis10784c24-b766-40d3-908b-7013b1989165/ed58307d-058e-41ad-86a1-74c733edb62d
2025-05-14 02:55:12,057 [c77e66e9-1cca-4fd3-bc5b-4ea2dbc3232f-groupManagement] INFO  server.RaftServerConfigKeys (ConfUtils.java:logGet(46)) - raft.server.log.queue.byte-limit = 4294967296 (custom)
2025-05-14 02:55:12,057 [c77e66e9-1cca-4fd3-bc5b-4ea2dbc3232f-groupManagement] INFO  server.RaftServerConfigKeys (ConfUtils.java:logGet(46)) - raft.server.log.queue.element-limit = 1024 (custom)
2025-05-14 02:55:12,057 [c77e66e9-1cca-4fd3-bc5b-4ea2dbc3232f-groupManagement] INFO  server.RaftServerConfigKeys (ConfUtils.java:logGet(46)) - raft.server.log.segment.size.max = 67108864 (custom)
2025-05-14 02:55:12,057 [c77e66e9-1cca-4fd3-bc5b-4ea2dbc3232f-groupManagement] INFO  server.RaftServerConfigKeys (ConfUtils.java:logGet(46)) - raft.server.log.preallocated.size = 4194304 (custom)
2025-05-14 02:55:12,057 [c77e66e9-1cca-4fd3-bc5b-4ea2dbc3232f-groupManagement] INFO  server.RaftServerConfigKeys (ConfUtils.java:logGet(46)) - raft.server.log.force.sync.num = 128 (default)
2025-05-14 02:55:12,057 [c77e66e9-1cca-4fd3-bc5b-4ea2dbc3232f-groupManagement] INFO  server.RaftServerConfigKeys (ConfUtils.java:logGet(46)) - raft.server.log.statemachine.data.sync = true (default)
2025-05-14 02:55:12,057 [c77e66e9-1cca-4fd3-bc5b-4ea2dbc3232f-groupManagement] INFO  server.RaftServerConfigKeys (ConfUtils.java:logGet(46)) - raft.server.log.statemachine.data.sync.timeout = 10s (default)
2025-05-14 02:55:12,057 [c77e66e9-1cca-4fd3-bc5b-4ea2dbc3232f-groupManagement] INFO  server.RaftServerConfigKeys (ConfUtils.java:logGet(46)) - raft.server.log.statemachine.data.sync.timeout.retry = 30 (custom)
2025-05-14 02:55:12,058 [c77e66e9-1cca-4fd3-bc5b-4ea2dbc3232f-groupManagement] INFO  server.RaftServerConfigKeys (ConfUtils.java:logGet(46)) - raft.server.log.write.buffer.size = 33554440 (custom)
2025-05-14 02:55:12,063 [c77e66e9-1cca-4fd3-bc5b-4ea2dbc3232f-groupManagement] INFO  server.RaftServerConfigKeys (ConfUtils.java:logGet(46)) - raft.server.log.appender.buffer.byte-limit = 33554432 (custom)
2025-05-14 02:55:12,064 [c77e66e9-1cca-4fd3-bc5b-4ea2dbc3232f-groupManagement] INFO  server.RaftServerConfigKeys (ConfUtils.java:logGet(46)) - raft.server.log.unsafe-flush.enabled = false (default)
2025-05-14 02:55:12,064 [c77e66e9-1cca-4fd3-bc5b-4ea2dbc3232f-groupManagement] INFO  server.RaftServerConfigKeys (ConfUtils.java:logGet(46)) - raft.server.log.async-flush.enabled = false (default)
2025-05-14 02:55:12,064 [c77e66e9-1cca-4fd3-bc5b-4ea2dbc3232f-groupManagement] INFO  server.RaftServerConfigKeys (ConfUtils.java:logGet(46)) - raft.server.log.statemachine.data.caching.enabled = true (custom)
2025-05-14 02:55:12,064 [c77e66e9-1cca-4fd3-bc5b-4ea2dbc3232f-groupManagement] INFO  segmented.SegmentedRaftLogWorker (SegmentedRaftLogWorker.java:lambda$new$0(139)) - c77e66e9-1cca-4fd3-bc5b-4ea2dbc3232f@group-74C733EDB62D-SegmentedRaftLogWorker: flushIndex: setUnconditionally 0 -> -1
2025-05-14 02:55:12,064 [c77e66e9-1cca-4fd3-bc5b-4ea2dbc3232f-groupManagement] INFO  segmented.SegmentedRaftLogWorker (SegmentedRaftLogWorker.java:lambda$new$0(139)) - c77e66e9-1cca-4fd3-bc5b-4ea2dbc3232f@group-74C733EDB62D-SegmentedRaftLogWorker: safeCacheEvictIndex: setUnconditionally 0 -> -1
2025-05-14 02:55:12,064 [c77e66e9-1cca-4fd3-bc5b-4ea2dbc3232f-groupManagement] INFO  server.RaftServer$Division (RaftServerImpl.java:start(391)) - c77e66e9-1cca-4fd3-bc5b-4ea2dbc3232f@group-74C733EDB62D: start as a follower, conf=conf: {index: -1, cur=peers:[c77e66e9-1cca-4fd3-bc5b-4ea2dbc3232f|127.0.0.1:15055]|listeners:[], old=null}
2025-05-14 02:55:12,064 [c77e66e9-1cca-4fd3-bc5b-4ea2dbc3232f-groupManagement] INFO  server.RaftServer$Division (RaftServerImpl.java:setRole(378)) - c77e66e9-1cca-4fd3-bc5b-4ea2dbc3232f@group-74C733EDB62D: changes role from      null to FOLLOWER at term 0 for startAsFollower
2025-05-14 02:55:12,064 [c77e66e9-1cca-4fd3-bc5b-4ea2dbc3232f-groupManagement] INFO  impl.RoleInfo (RoleInfo.java:updateAndGet(148)) - c77e66e9-1cca-4fd3-bc5b-4ea2dbc3232f: start c77e66e9-1cca-4fd3-bc5b-4ea2dbc3232f@group-74C733EDB62D-FollowerState
2025-05-14 02:55:12,065 [c77e66e9-1cca-4fd3-bc5b-4ea2dbc3232f-groupManagement] INFO  util.JmxRegister (JmxRegister.java:tryRegister(44)) - Successfully registered JMX Bean with object name Ratis:service=RaftServer,group=group-74C733EDB62D,id=c77e66e9-1cca-4fd3-bc5b-4ea2dbc3232f
2025-05-14 02:55:12,065 [c77e66e9-1cca-4fd3-bc5b-4ea2dbc3232f@group-74C733EDB62D-FollowerState] INFO  server.RaftServerConfigKeys (ConfUtils.java:logGet(46)) - raft.server.rpc.first-election.timeout.min = 1000ms (custom)
2025-05-14 02:55:12,065 [c77e66e9-1cca-4fd3-bc5b-4ea2dbc3232f-groupManagement] INFO  util.JmxRegister (JmxRegister.java:register(58)) - register mxBean class org.apache.ratis.server.impl.RaftServerJmxAdapter as Ratis:service=RaftServer,group=group-74C733EDB62D,id=c77e66e9-1cca-4fd3-bc5b-4ea2dbc3232f
2025-05-14 02:55:12,065 [c77e66e9-1cca-4fd3-bc5b-4ea2dbc3232f@group-74C733EDB62D-FollowerState] INFO  server.RaftServerConfigKeys (ConfUtils.java:logGet(46)) - raft.server.rpc.first-election.timeout.max = 1200ms (custom)
2025-05-14 02:55:12,065 [c77e66e9-1cca-4fd3-bc5b-4ea2dbc3232f-groupManagement] INFO  server.RaftServerConfigKeys (ConfUtils.java:logGet(46)) - raft.server.snapshot.trigger-when-stop.enabled = true (default)
2025-05-14 02:55:12,065 [c77e66e9-1cca-4fd3-bc5b-4ea2dbc3232f-groupManagement] INFO  server.RaftServerConfigKeys (ConfUtils.java:logGet(46)) - raft.server.snapshot.trigger-when-remove.enabled = true (default)
2025-05-14 02:55:12,065 [c77e66e9-1cca-4fd3-bc5b-4ea2dbc3232f-groupManagement] INFO  server.RaftServerConfigKeys (ConfUtils.java:logGet(46)) - raft.server.snapshot.auto.trigger.enabled = true (custom)
2025-05-14 02:55:12,065 [c77e66e9-1cca-4fd3-bc5b-4ea2dbc3232f-groupManagement] INFO  server.RaftServerConfigKeys (ConfUtils.java:logGet(46)) - raft.server.snapshot.auto.trigger.threshold = 1 (custom)
2025-05-14 02:55:12,065 [c77e66e9-1cca-4fd3-bc5b-4ea2dbc3232f-groupManagement] INFO  server.RaftServerConfigKeys (ConfUtils.java:logGet(46)) - raft.server.snapshot.retention.file.num = 5 (custom)
2025-05-14 02:55:12,065 [c77e66e9-1cca-4fd3-bc5b-4ea2dbc3232f-groupManagement] INFO  server.RaftServerConfigKeys (ConfUtils.java:logGet(46)) - raft.server.log.purge.upto.snapshot.index = false (default)
2025-05-14 02:55:12,066 [c77e66e9-1cca-4fd3-bc5b-4ea2dbc3232f-groupManagement] INFO  server.RaftServer$Division (RaftServerImpl.java:start(405)) - c77e66e9-1cca-4fd3-bc5b-4ea2dbc3232f@group-74C733EDB62D: Successfully started.
2025-05-14 02:55:12,066 [c77e66e9-1cca-4fd3-bc5b-4ea2dbc3232f-PipelineCommandHandlerThread-0] INFO  ratis.XceiverServerRatis (XceiverServerRatis.java:addGroup(843)) - Created group PipelineID=ed58307d-058e-41ad-86a1-74c733edb62d
2025-05-14 02:55:12,066 [c77e66e9-1cca-4fd3-bc5b-4ea2dbc3232f-PipelineCommandHandlerThread-0] INFO  commandhandler.CreatePipelineCommandHandler (CreatePipelineCommandHandler.java:lambda$handle$2(128)) - Created Pipeline RATIS ONE PipelineID=ed58307d-058e-41ad-86a1-74c733edb62d.
2025-05-14 02:55:12,196 [EventQueue-PipelineActionsForPipelineActionHandler] INFO  pipeline.PipelineActionHandler (PipelineActionHandler.java:processPipelineAction(89)) - Received pipeline action CLOSE for PipelineID=04f6c6c3-d74d-4db8-823f-aff22c375116 from datanode f4f68937-1ce3-42e1-b3e7-547ae2d23d85(localhost/127.0.0.1). Reason : Chunks directory /home/runner/work/ozone/ozone/hadoop-ozone/integration-test/target/test-dir/MiniOzoneClusterImpl-af940217-b311-440f-8e09-352fdf66236b/ozone-meta/datanode-7/data-0/hdds/af940217-b311-440f-8e09-352fdf66236b/current/containerDir0/9/chunks does not exist.
2025-05-14 02:55:12,395 [EventQueue-PipelineActionsForPipelineActionHandler] INFO  pipeline.PipelineActionHandler (PipelineActionHandler.java:processPipelineAction(89)) - Received pipeline action CLOSE for PipelineID=04f6c6c3-d74d-4db8-823f-aff22c375116 from datanode f4f68937-1ce3-42e1-b3e7-547ae2d23d85(localhost/127.0.0.1). Reason : Chunks directory /home/runner/work/ozone/ozone/hadoop-ozone/integration-test/target/test-dir/MiniOzoneClusterImpl-af940217-b311-440f-8e09-352fdf66236b/ozone-meta/datanode-7/data-0/hdds/af940217-b311-440f-8e09-352fdf66236b/current/containerDir0/9/chunks does not exist.
2025-05-14 02:55:12,596 [EventQueue-PipelineActionsForPipelineActionHandler] INFO  pipeline.PipelineActionHandler (PipelineActionHandler.java:processPipelineAction(89)) - Received pipeline action CLOSE for PipelineID=04f6c6c3-d74d-4db8-823f-aff22c375116 from datanode f4f68937-1ce3-42e1-b3e7-547ae2d23d85(localhost/127.0.0.1). Reason : Chunks directory /home/runner/work/ozone/ozone/hadoop-ozone/integration-test/target/test-dir/MiniOzoneClusterImpl-af940217-b311-440f-8e09-352fdf66236b/ozone-meta/datanode-7/data-0/hdds/af940217-b311-440f-8e09-352fdf66236b/current/containerDir0/9/chunks does not exist.
2025-05-14 02:55:12,634 [e44b5a69-92f9-40f4-85c9-712e1c637b62@group-317B9C2908E3-FollowerState] INFO  impl.FollowerState (FollowerState.java:runImpl(161)) - e44b5a69-92f9-40f4-85c9-712e1c637b62@group-317B9C2908E3-FollowerState: change to CANDIDATE, lastRpcElapsedTime:1014783011ns, electionTimeout:1014ms
2025-05-14 02:55:12,634 [e44b5a69-92f9-40f4-85c9-712e1c637b62@group-317B9C2908E3-FollowerState] INFO  impl.RoleInfo (RoleInfo.java:shutdownFollowerState(121)) - e44b5a69-92f9-40f4-85c9-712e1c637b62: shutdown e44b5a69-92f9-40f4-85c9-712e1c637b62@group-317B9C2908E3-FollowerState
2025-05-14 02:55:12,634 [e44b5a69-92f9-40f4-85c9-712e1c637b62@group-317B9C2908E3-FollowerState] INFO  server.RaftServer$Division (RaftServerImpl.java:setRole(378)) - e44b5a69-92f9-40f4-85c9-712e1c637b62@group-317B9C2908E3: changes role from  FOLLOWER to CANDIDATE at term 0 for changeToCandidate
2025-05-14 02:55:12,634 [e44b5a69-92f9-40f4-85c9-712e1c637b62@group-317B9C2908E3-FollowerState] INFO  server.RaftServerConfigKeys (ConfUtils.java:logGet(46)) - raft.server.leaderelection.pre-vote = true (default)
2025-05-14 02:55:12,635 [e44b5a69-92f9-40f4-85c9-712e1c637b62@group-317B9C2908E3-FollowerState] INFO  impl.RoleInfo (RoleInfo.java:updateAndGet(148)) - e44b5a69-92f9-40f4-85c9-712e1c637b62: start e44b5a69-92f9-40f4-85c9-712e1c637b62@group-317B9C2908E3-LeaderElection30
2025-05-14 02:55:12,635 [e44b5a69-92f9-40f4-85c9-712e1c637b62@group-317B9C2908E3-LeaderElection30] INFO  impl.LeaderElection (LeaderElection.java:askForVotes(332)) - e44b5a69-92f9-40f4-85c9-712e1c637b62@group-317B9C2908E3-LeaderElection30 PRE_VOTE round 0: submit vote requests at term 0 for conf: {index: -1, cur=peers:[d4e44fd7-0e23-4e4f-bc30-0c7965de497d|127.0.0.1:15039, 9d8a5836-bfca-4d37-9676-470807fcd29d|127.0.0.1:15087, e44b5a69-92f9-40f4-85c9-712e1c637b62|127.0.0.1:15047]|listeners:[], old=null}
2025-05-14 02:55:12,635 [e44b5a69-92f9-40f4-85c9-712e1c637b62@group-317B9C2908E3-LeaderElection30-1] INFO  server.GrpcServerProtocolClient (GrpcServerProtocolClient.java:<init>(65)) - Build channel for d4e44fd7-0e23-4e4f-bc30-0c7965de497d|127.0.0.1:15039
2025-05-14 02:55:12,635 [e44b5a69-92f9-40f4-85c9-712e1c637b62@group-317B9C2908E3-LeaderElection30-2] INFO  server.GrpcServerProtocolClient (GrpcServerProtocolClient.java:<init>(65)) - Build channel for 9d8a5836-bfca-4d37-9676-470807fcd29d|127.0.0.1:15087
2025-05-14 02:55:12,635 [e44b5a69-92f9-40f4-85c9-712e1c637b62@group-317B9C2908E3-LeaderElection30] INFO  server.RaftServerConfigKeys (ConfUtils.java:logGet(46)) - raft.server.rpc.first-election.timeout.min = 1000ms (custom)
2025-05-14 02:55:12,636 [e44b5a69-92f9-40f4-85c9-712e1c637b62@group-317B9C2908E3-LeaderElection30] INFO  server.RaftServerConfigKeys (ConfUtils.java:logGet(46)) - raft.server.rpc.first-election.timeout.max = 1200ms (custom)
2025-05-14 02:55:12,639 [grpc-default-executor-8] INFO  server.RaftServer$Division (RaftServerImpl.java:requestVote(1407)) - d4e44fd7-0e23-4e4f-bc30-0c7965de497d@group-317B9C2908E3: receive requestVote(PRE_VOTE, e44b5a69-92f9-40f4-85c9-712e1c637b62, group-317B9C2908E3, 0, (t:0, i:0))
2025-05-14 02:55:12,639 [grpc-default-executor-8] INFO  impl.VoteContext (VoteContext.java:log(49)) - d4e44fd7-0e23-4e4f-bc30-0c7965de497d@group-317B9C2908E3-FOLLOWER: reject PRE_VOTE from e44b5a69-92f9-40f4-85c9-712e1c637b62: our priority 1 > candidate's priority 0
2025-05-14 02:55:12,639 [grpc-default-executor-8] INFO  server.RaftServer$Division (RaftServerImpl.java:requestVote(1441)) - d4e44fd7-0e23-4e4f-bc30-0c7965de497d@group-317B9C2908E3 replies to PRE_VOTE vote request: e44b5a69-92f9-40f4-85c9-712e1c637b62<-d4e44fd7-0e23-4e4f-bc30-0c7965de497d#0:FAIL-t0. Peer's state: d4e44fd7-0e23-4e4f-bc30-0c7965de497d@group-317B9C2908E3:t0, leader=null, voted=, raftlog=Memoized:d4e44fd7-0e23-4e4f-bc30-0c7965de497d@group-317B9C2908E3-SegmentedRaftLog:OPENED:c-1:lastnull, conf=conf: {index: -1, cur=peers:[d4e44fd7-0e23-4e4f-bc30-0c7965de497d|127.0.0.1:15039, 9d8a5836-bfca-4d37-9676-470807fcd29d|127.0.0.1:15087, e44b5a69-92f9-40f4-85c9-712e1c637b62|127.0.0.1:15047]|listeners:[], old=null}
2025-05-14 02:55:12,640 [grpc-default-executor-7] INFO  server.RaftServer$Division (RaftServerImpl.java:requestVote(1407)) - 9d8a5836-bfca-4d37-9676-470807fcd29d@group-317B9C2908E3: receive requestVote(PRE_VOTE, e44b5a69-92f9-40f4-85c9-712e1c637b62, group-317B9C2908E3, 0, (t:0, i:0))
2025-05-14 02:55:12,640 [grpc-default-executor-7] INFO  impl.VoteContext (VoteContext.java:log(49)) - 9d8a5836-bfca-4d37-9676-470807fcd29d@group-317B9C2908E3-FOLLOWER: accept PRE_VOTE from e44b5a69-92f9-40f4-85c9-712e1c637b62: our priority 0 <= candidate's priority 0
2025-05-14 02:55:12,640 [grpc-default-executor-7] INFO  server.RaftServer$Division (RaftServerImpl.java:requestVote(1441)) - 9d8a5836-bfca-4d37-9676-470807fcd29d@group-317B9C2908E3 replies to PRE_VOTE vote request: e44b5a69-92f9-40f4-85c9-712e1c637b62<-9d8a5836-bfca-4d37-9676-470807fcd29d#0:OK-t0. Peer's state: 9d8a5836-bfca-4d37-9676-470807fcd29d@group-317B9C2908E3:t0, leader=null, voted=, raftlog=Memoized:9d8a5836-bfca-4d37-9676-470807fcd29d@group-317B9C2908E3-SegmentedRaftLog:OPENED:c-1:lastnull, conf=conf: {index: -1, cur=peers:[d4e44fd7-0e23-4e4f-bc30-0c7965de497d|127.0.0.1:15039, 9d8a5836-bfca-4d37-9676-470807fcd29d|127.0.0.1:15087, e44b5a69-92f9-40f4-85c9-712e1c637b62|127.0.0.1:15047]|listeners:[], old=null}
2025-05-14 02:55:12,641 [e44b5a69-92f9-40f4-85c9-712e1c637b62@group-317B9C2908E3-LeaderElection30] INFO  impl.LeaderElection (LeaderElection.java:logAndReturn(90)) - e44b5a69-92f9-40f4-85c9-712e1c637b62@group-317B9C2908E3-LeaderElection30: PRE_VOTE REJECTED received 1 response(s) and 0 exception(s):
2025-05-14 02:55:12,641 [e44b5a69-92f9-40f4-85c9-712e1c637b62@group-317B9C2908E3-LeaderElection30] INFO  impl.LeaderElection (LeaderElection.java:logAndReturn(94)) -   Response 0: e44b5a69-92f9-40f4-85c9-712e1c637b62<-d4e44fd7-0e23-4e4f-bc30-0c7965de497d#0:FAIL-t0
2025-05-14 02:55:12,641 [e44b5a69-92f9-40f4-85c9-712e1c637b62@group-317B9C2908E3-LeaderElection30] INFO  impl.LeaderElection (LeaderElection.java:askForVotes(334)) - e44b5a69-92f9-40f4-85c9-712e1c637b62@group-317B9C2908E3-LeaderElection30 PRE_VOTE round 0: result REJECTED
2025-05-14 02:55:12,641 [e44b5a69-92f9-40f4-85c9-712e1c637b62@group-317B9C2908E3-LeaderElection30] INFO  server.RaftServer$Division (RaftServerImpl.java:setRole(378)) - e44b5a69-92f9-40f4-85c9-712e1c637b62@group-317B9C2908E3: changes role from CANDIDATE to FOLLOWER at term 0 for REJECTED
2025-05-14 02:55:12,641 [e44b5a69-92f9-40f4-85c9-712e1c637b62@group-317B9C2908E3-LeaderElection30] INFO  impl.RoleInfo (RoleInfo.java:shutdownLeaderElection(141)) - e44b5a69-92f9-40f4-85c9-712e1c637b62: shutdown e44b5a69-92f9-40f4-85c9-712e1c637b62@group-317B9C2908E3-LeaderElection30
2025-05-14 02:55:12,641 [e44b5a69-92f9-40f4-85c9-712e1c637b62@group-317B9C2908E3-LeaderElection30] INFO  impl.RoleInfo (RoleInfo.java:updateAndGet(148)) - e44b5a69-92f9-40f4-85c9-712e1c637b62: start e44b5a69-92f9-40f4-85c9-712e1c637b62@group-317B9C2908E3-FollowerState
2025-05-14 02:55:12,642 [e44b5a69-92f9-40f4-85c9-712e1c637b62@group-317B9C2908E3-FollowerState] INFO  server.RaftServerConfigKeys (ConfUtils.java:logGet(46)) - raft.server.rpc.first-election.timeout.min = 1000ms (custom)
2025-05-14 02:55:12,642 [e44b5a69-92f9-40f4-85c9-712e1c637b62@group-317B9C2908E3-FollowerState] INFO  server.RaftServerConfigKeys (ConfUtils.java:logGet(46)) - raft.server.rpc.first-election.timeout.max = 1200ms (custom)
2025-05-14 02:55:12,642 [e44b5a69-92f9-40f4-85c9-712e1c637b62@group-317B9C2908E3-LeaderElection30] INFO  server.RaftServer$Division (RaftServerImpl.java:setFirstElection(562)) - e44b5a69-92f9-40f4-85c9-712e1c637b62@group-317B9C2908E3: set firstElectionSinceStartup to false for REJECTED
2025-05-14 02:55:12,706 [d4e44fd7-0e23-4e4f-bc30-0c7965de497d@group-317B9C2908E3-FollowerState] INFO  impl.FollowerState (FollowerState.java:runImpl(161)) - d4e44fd7-0e23-4e4f-bc30-0c7965de497d@group-317B9C2908E3-FollowerState: change to CANDIDATE, lastRpcElapsedTime:1050337750ns, electionTimeout:1049ms
2025-05-14 02:55:12,706 [d4e44fd7-0e23-4e4f-bc30-0c7965de497d@group-317B9C2908E3-FollowerState] INFO  impl.RoleInfo (RoleInfo.java:shutdownFollowerState(121)) - d4e44fd7-0e23-4e4f-bc30-0c7965de497d: shutdown d4e44fd7-0e23-4e4f-bc30-0c7965de497d@group-317B9C2908E3-FollowerState
2025-05-14 02:55:12,706 [d4e44fd7-0e23-4e4f-bc30-0c7965de497d@group-317B9C2908E3-FollowerState] INFO  server.RaftServer$Division (RaftServerImpl.java:setRole(378)) - d4e44fd7-0e23-4e4f-bc30-0c7965de497d@group-317B9C2908E3: changes role from  FOLLOWER to CANDIDATE at term 0 for changeToCandidate
2025-05-14 02:55:12,706 [d4e44fd7-0e23-4e4f-bc30-0c7965de497d@group-317B9C2908E3-FollowerState] INFO  server.RaftServerConfigKeys (ConfUtils.java:logGet(46)) - raft.server.leaderelection.pre-vote = true (default)
2025-05-14 02:55:12,706 [d4e44fd7-0e23-4e4f-bc30-0c7965de497d@group-317B9C2908E3-FollowerState] INFO  impl.RoleInfo (RoleInfo.java:updateAndGet(148)) - d4e44fd7-0e23-4e4f-bc30-0c7965de497d: start d4e44fd7-0e23-4e4f-bc30-0c7965de497d@group-317B9C2908E3-LeaderElection31
2025-05-14 02:55:12,706 [d4e44fd7-0e23-4e4f-bc30-0c7965de497d@group-317B9C2908E3-LeaderElection31] INFO  impl.LeaderElection (LeaderElection.java:askForVotes(332)) - d4e44fd7-0e23-4e4f-bc30-0c7965de497d@group-317B9C2908E3-LeaderElection31 PRE_VOTE round 0: submit vote requests at term 0 for conf: {index: -1, cur=peers:[d4e44fd7-0e23-4e4f-bc30-0c7965de497d|127.0.0.1:15039, 9d8a5836-bfca-4d37-9676-470807fcd29d|127.0.0.1:15087, e44b5a69-92f9-40f4-85c9-712e1c637b62|127.0.0.1:15047]|listeners:[], old=null}
2025-05-14 02:55:12,707 [d4e44fd7-0e23-4e4f-bc30-0c7965de497d@group-317B9C2908E3-LeaderElection31] INFO  server.RaftServerConfigKeys (ConfUtils.java:logGet(46)) - raft.server.rpc.first-election.timeout.min = 1000ms (custom)
2025-05-14 02:55:12,707 [d4e44fd7-0e23-4e4f-bc30-0c7965de497d@group-317B9C2908E3-LeaderElection31-1] INFO  server.GrpcServerProtocolClient (GrpcServerProtocolClient.java:<init>(65)) - Build channel for 9d8a5836-bfca-4d37-9676-470807fcd29d|127.0.0.1:15087
2025-05-14 02:55:12,707 [d4e44fd7-0e23-4e4f-bc30-0c7965de497d@group-317B9C2908E3-LeaderElection31] INFO  server.RaftServerConfigKeys (ConfUtils.java:logGet(46)) - raft.server.rpc.first-election.timeout.max = 1200ms (custom)
2025-05-14 02:55:12,709 [grpc-default-executor-7] INFO  server.RaftServer$Division (RaftServerImpl.java:requestVote(1407)) - e44b5a69-92f9-40f4-85c9-712e1c637b62@group-317B9C2908E3: receive requestVote(PRE_VOTE, d4e44fd7-0e23-4e4f-bc30-0c7965de497d, group-317B9C2908E3, 0, (t:0, i:0))
2025-05-14 02:55:12,709 [grpc-default-executor-7] INFO  impl.VoteContext (VoteContext.java:log(49)) - e44b5a69-92f9-40f4-85c9-712e1c637b62@group-317B9C2908E3-FOLLOWER: accept PRE_VOTE from d4e44fd7-0e23-4e4f-bc30-0c7965de497d: our priority 0 <= candidate's priority 1
2025-05-14 02:55:12,709 [grpc-default-executor-7] INFO  server.RaftServer$Division (RaftServerImpl.java:requestVote(1441)) - e44b5a69-92f9-40f4-85c9-712e1c637b62@group-317B9C2908E3 replies to PRE_VOTE vote request: d4e44fd7-0e23-4e4f-bc30-0c7965de497d<-e44b5a69-92f9-40f4-85c9-712e1c637b62#0:OK-t0. Peer's state: e44b5a69-92f9-40f4-85c9-712e1c637b62@group-317B9C2908E3:t0, leader=null, voted=, raftlog=Memoized:e44b5a69-92f9-40f4-85c9-712e1c637b62@group-317B9C2908E3-SegmentedRaftLog:OPENED:c-1:lastnull, conf=conf: {index: -1, cur=peers:[d4e44fd7-0e23-4e4f-bc30-0c7965de497d|127.0.0.1:15039, 9d8a5836-bfca-4d37-9676-470807fcd29d|127.0.0.1:15087, e44b5a69-92f9-40f4-85c9-712e1c637b62|127.0.0.1:15047]|listeners:[], old=null}
2025-05-14 02:55:12,710 [d4e44fd7-0e23-4e4f-bc30-0c7965de497d@group-317B9C2908E3-LeaderElection31] INFO  impl.LeaderElection (LeaderElection.java:logAndReturn(90)) - d4e44fd7-0e23-4e4f-bc30-0c7965de497d@group-317B9C2908E3-LeaderElection31: PRE_VOTE PASSED received 1 response(s) and 0 exception(s):
2025-05-14 02:55:12,710 [d4e44fd7-0e23-4e4f-bc30-0c7965de497d@group-317B9C2908E3-LeaderElection31] INFO  impl.LeaderElection (LeaderElection.java:logAndReturn(94)) -   Response 0: d4e44fd7-0e23-4e4f-bc30-0c7965de497d<-e44b5a69-92f9-40f4-85c9-712e1c637b62#0:OK-t0
2025-05-14 02:55:12,710 [9d8a5836-bfca-4d37-9676-470807fcd29d@group-317B9C2908E3-FollowerState] INFO  server.RaftServerConfigKeys (ConfUtils.java:logGet(46)) - raft.server.rpc.first-election.timeout.min = 1000ms (custom)
2025-05-14 02:55:12,710 [9d8a5836-bfca-4d37-9676-470807fcd29d@group-317B9C2908E3-FollowerState] INFO  server.RaftServerConfigKeys (ConfUtils.java:logGet(46)) - raft.server.rpc.first-election.timeout.max = 1200ms (custom)
2025-05-14 02:55:12,710 [d4e44fd7-0e23-4e4f-bc30-0c7965de497d@group-317B9C2908E3-LeaderElection31] INFO  impl.LeaderElection (LeaderElection.java:askForVotes(334)) - d4e44fd7-0e23-4e4f-bc30-0c7965de497d@group-317B9C2908E3-LeaderElection31 PRE_VOTE round 0: result PASSED
2025-05-14 02:55:12,712 [d4e44fd7-0e23-4e4f-bc30-0c7965de497d@group-317B9C2908E3-LeaderElection31] INFO  impl.LeaderElection (LeaderElection.java:askForVotes(332)) - d4e44fd7-0e23-4e4f-bc30-0c7965de497d@group-317B9C2908E3-LeaderElection31 ELECTION round 0: submit vote requests at term 1 for conf: {index: -1, cur=peers:[d4e44fd7-0e23-4e4f-bc30-0c7965de497d|127.0.0.1:15039, 9d8a5836-bfca-4d37-9676-470807fcd29d|127.0.0.1:15087, e44b5a69-92f9-40f4-85c9-712e1c637b62|127.0.0.1:15047]|listeners:[], old=null}
2025-05-14 02:55:12,712 [d4e44fd7-0e23-4e4f-bc30-0c7965de497d@group-317B9C2908E3-LeaderElection31] INFO  server.RaftServerConfigKeys (ConfUtils.java:logGet(46)) - raft.server.rpc.first-election.timeout.min = 1000ms (custom)
2025-05-14 02:55:12,712 [d4e44fd7-0e23-4e4f-bc30-0c7965de497d@group-317B9C2908E3-LeaderElection31] INFO  server.RaftServerConfigKeys (ConfUtils.java:logGet(46)) - raft.server.rpc.first-election.timeout.max = 1200ms (custom)
2025-05-14 02:55:12,713 [grpc-default-executor-7] INFO  server.RaftServer$Division (RaftServerImpl.java:requestVote(1407)) - 9d8a5836-bfca-4d37-9676-470807fcd29d@group-317B9C2908E3: receive requestVote(ELECTION, d4e44fd7-0e23-4e4f-bc30-0c7965de497d, group-317B9C2908E3, 1, (t:0, i:0))
2025-05-14 02:55:12,713 [grpc-default-executor-7] INFO  impl.VoteContext (VoteContext.java:log(49)) - 9d8a5836-bfca-4d37-9676-470807fcd29d@group-317B9C2908E3-FOLLOWER: accept ELECTION from d4e44fd7-0e23-4e4f-bc30-0c7965de497d: our priority 0 <= candidate's priority 1
2025-05-14 02:55:12,713 [grpc-default-executor-7] INFO  server.RaftServer$Division (RaftServerImpl.java:setRole(378)) - 9d8a5836-bfca-4d37-9676-470807fcd29d@group-317B9C2908E3: changes role from  FOLLOWER to FOLLOWER at term 0 for candidate:d4e44fd7-0e23-4e4f-bc30-0c7965de497d
2025-05-14 02:55:12,713 [grpc-default-executor-7] INFO  impl.RoleInfo (RoleInfo.java:shutdownFollowerState(121)) - 9d8a5836-bfca-4d37-9676-470807fcd29d: shutdown 9d8a5836-bfca-4d37-9676-470807fcd29d@group-317B9C2908E3-FollowerState
2025-05-14 02:55:12,713 [9d8a5836-bfca-4d37-9676-470807fcd29d@group-317B9C2908E3-FollowerState] INFO  impl.FollowerState (FollowerState.java:runImpl(170)) - 9d8a5836-bfca-4d37-9676-470807fcd29d@group-317B9C2908E3-FollowerState was interrupted
2025-05-14 02:55:12,713 [grpc-default-executor-7] INFO  impl.RoleInfo (RoleInfo.java:updateAndGet(148)) - 9d8a5836-bfca-4d37-9676-470807fcd29d: start 9d8a5836-bfca-4d37-9676-470807fcd29d@group-317B9C2908E3-FollowerState
2025-05-14 02:55:12,713 [grpc-default-executor-8] INFO  server.RaftServer$Division (RaftServerImpl.java:requestVote(1407)) - e44b5a69-92f9-40f4-85c9-712e1c637b62@group-317B9C2908E3: receive requestVote(ELECTION, d4e44fd7-0e23-4e4f-bc30-0c7965de497d, group-317B9C2908E3, 1, (t:0, i:0))
2025-05-14 02:55:12,714 [grpc-default-executor-8] INFO  impl.VoteContext (VoteContext.java:log(49)) - e44b5a69-92f9-40f4-85c9-712e1c637b62@group-317B9C2908E3-FOLLOWER: accept ELECTION from d4e44fd7-0e23-4e4f-bc30-0c7965de497d: our priority 0 <= candidate's priority 1
2025-05-14 02:55:12,714 [grpc-default-executor-8] INFO  server.RaftServer$Division (RaftServerImpl.java:setRole(378)) - e44b5a69-92f9-40f4-85c9-712e1c637b62@group-317B9C2908E3: changes role from  FOLLOWER to FOLLOWER at term 0 for candidate:d4e44fd7-0e23-4e4f-bc30-0c7965de497d
2025-05-14 02:55:12,714 [grpc-default-executor-8] INFO  impl.RoleInfo (RoleInfo.java:shutdownFollowerState(121)) - e44b5a69-92f9-40f4-85c9-712e1c637b62: shutdown e44b5a69-92f9-40f4-85c9-712e1c637b62@group-317B9C2908E3-FollowerState
2025-05-14 02:55:12,714 [grpc-default-executor-8] INFO  impl.RoleInfo (RoleInfo.java:updateAndGet(148)) - e44b5a69-92f9-40f4-85c9-712e1c637b62: start e44b5a69-92f9-40f4-85c9-712e1c637b62@group-317B9C2908E3-FollowerState
2025-05-14 02:55:12,714 [grpc-default-executor-7] INFO  server.RaftServer$Division (RaftServerImpl.java:setFirstElection(562)) - 9d8a5836-bfca-4d37-9676-470807fcd29d@group-317B9C2908E3: set firstElectionSinceStartup to false for candidate:d4e44fd7-0e23-4e4f-bc30-0c7965de497d
2025-05-14 02:55:12,715 [e44b5a69-92f9-40f4-85c9-712e1c637b62@group-317B9C2908E3-FollowerState] INFO  impl.FollowerState (FollowerState.java:runImpl(170)) - e44b5a69-92f9-40f4-85c9-712e1c637b62@group-317B9C2908E3-FollowerState was interrupted
2025-05-14 02:55:12,715 [grpc-default-executor-7] INFO  server.RaftServer$Division (RaftServerImpl.java:requestVote(1441)) - 9d8a5836-bfca-4d37-9676-470807fcd29d@group-317B9C2908E3 replies to ELECTION vote request: d4e44fd7-0e23-4e4f-bc30-0c7965de497d<-9d8a5836-bfca-4d37-9676-470807fcd29d#0:OK-t1. Peer's state: 9d8a5836-bfca-4d37-9676-470807fcd29d@group-317B9C2908E3:t1, leader=null, voted=d4e44fd7-0e23-4e4f-bc30-0c7965de497d, raftlog=Memoized:9d8a5836-bfca-4d37-9676-470807fcd29d@group-317B9C2908E3-SegmentedRaftLog:OPENED:c-1:lastnull, conf=conf: {index: -1, cur=peers:[d4e44fd7-0e23-4e4f-bc30-0c7965de497d|127.0.0.1:15039, 9d8a5836-bfca-4d37-9676-470807fcd29d|127.0.0.1:15087, e44b5a69-92f9-40f4-85c9-712e1c637b62|127.0.0.1:15047]|listeners:[], old=null}
2025-05-14 02:55:12,716 [grpc-default-executor-8] INFO  server.RaftServer$Division (RaftServerImpl.java:requestVote(1441)) - e44b5a69-92f9-40f4-85c9-712e1c637b62@group-317B9C2908E3 replies to ELECTION vote request: d4e44fd7-0e23-4e4f-bc30-0c7965de497d<-e44b5a69-92f9-40f4-85c9-712e1c637b62#0:OK-t1. Peer's state: e44b5a69-92f9-40f4-85c9-712e1c637b62@group-317B9C2908E3:t1, leader=null, voted=d4e44fd7-0e23-4e4f-bc30-0c7965de497d, raftlog=Memoized:e44b5a69-92f9-40f4-85c9-712e1c637b62@group-317B9C2908E3-SegmentedRaftLog:OPENED:c-1:lastnull, conf=conf: {index: -1, cur=peers:[d4e44fd7-0e23-4e4f-bc30-0c7965de497d|127.0.0.1:15039, 9d8a5836-bfca-4d37-9676-470807fcd29d|127.0.0.1:15087, e44b5a69-92f9-40f4-85c9-712e1c637b62|127.0.0.1:15047]|listeners:[], old=null}
2025-05-14 02:55:12,716 [d4e44fd7-0e23-4e4f-bc30-0c7965de497d@group-317B9C2908E3-LeaderElection31] INFO  impl.LeaderElection (LeaderElection.java:logAndReturn(90)) - d4e44fd7-0e23-4e4f-bc30-0c7965de497d@group-317B9C2908E3-LeaderElection31: ELECTION PASSED received 1 response(s) and 0 exception(s):
2025-05-14 02:55:12,716 [d4e44fd7-0e23-4e4f-bc30-0c7965de497d@group-317B9C2908E3-LeaderElection31] INFO  impl.LeaderElection (LeaderElection.java:logAndReturn(94)) -   Response 0: d4e44fd7-0e23-4e4f-bc30-0c7965de497d<-e44b5a69-92f9-40f4-85c9-712e1c637b62#0:OK-t1
2025-05-14 02:55:12,716 [d4e44fd7-0e23-4e4f-bc30-0c7965de497d@group-317B9C2908E3-LeaderElection31] INFO  impl.LeaderElection (LeaderElection.java:askForVotes(334)) - d4e44fd7-0e23-4e4f-bc30-0c7965de497d@group-317B9C2908E3-LeaderElection31 ELECTION round 0: result PASSED
2025-05-14 02:55:12,716 [d4e44fd7-0e23-4e4f-bc30-0c7965de497d@group-317B9C2908E3-LeaderElection31] INFO  impl.RoleInfo (RoleInfo.java:shutdownLeaderElection(141)) - d4e44fd7-0e23-4e4f-bc30-0c7965de497d: shutdown d4e44fd7-0e23-4e4f-bc30-0c7965de497d@group-317B9C2908E3-LeaderElection31
2025-05-14 02:55:12,716 [d4e44fd7-0e23-4e4f-bc30-0c7965de497d@group-317B9C2908E3-LeaderElection31] INFO  server.RaftServer$Division (RaftServerImpl.java:setRole(378)) - d4e44fd7-0e23-4e4f-bc30-0c7965de497d@group-317B9C2908E3: changes role from CANDIDATE to LEADER at term 1 for changeToLeader
2025-05-14 02:55:12,716 [d4e44fd7-0e23-4e4f-bc30-0c7965de497d@group-317B9C2908E3-LeaderElection31] INFO  server.RaftServerConfigKeys (ConfUtils.java:logGet(46)) - raft.server.staging.catchup.gap = 1000 (default)
2025-05-14 02:55:12,717 [d4e44fd7-0e23-4e4f-bc30-0c7965de497d@group-317B9C2908E3-LeaderElection31] INFO  server.RaftServerConfigKeys (ConfUtils.java:logGet(46)) - raft.server.write.element-limit = 1024 (custom)
2025-05-14 02:55:12,717 [d4e44fd7-0e23-4e4f-bc30-0c7965de497d@group-317B9C2908E3-LeaderElection31] INFO  server.RaftServerConfigKeys (ConfUtils.java:logGet(46)) - raft.server.write.byte-limit = 1024 M (=1073741824) (custom)
2025-05-14 02:55:12,717 [d4e44fd7-0e23-4e4f-bc30-0c7965de497d@group-317B9C2908E3-LeaderElection31] INFO  server.RaftServerConfigKeys (ConfUtils.java:logGet(46)) - raft.server.watch.timeout = 10000ms (default)
2025-05-14 02:55:12,718 [d4e44fd7-0e23-4e4f-bc30-0c7965de497d@group-317B9C2908E3-LeaderElection31] INFO  server.RaftServerConfigKeys (ConfUtils.java:logGet(46)) - raft.server.watch.timeout.denomination = 1s (default)
2025-05-14 02:55:12,718 [d4e44fd7-0e23-4e4f-bc30-0c7965de497d@group-317B9C2908E3-LeaderElection31] INFO  server.RaftServerConfigKeys (ConfUtils.java:logGet(46)) - raft.server.watch.element-limit = 65536 (default)
2025-05-14 02:55:12,718 [d4e44fd7-0e23-4e4f-bc30-0c7965de497d@group-317B9C2908E3-LeaderElection31] INFO  server.RaftServerConfigKeys (ConfUtils.java:logGet(46)) - raft.server.read.leader.lease.enabled = false (default)
2025-05-14 02:55:12,718 [d4e44fd7-0e23-4e4f-bc30-0c7965de497d@group-317B9C2908E3-LeaderElection31] INFO  server.RaftServerConfigKeys (ConfUtils.java:logGet(46)) - raft.server.read.leader.lease.timeout.ratio = 0.9 (default)
2025-05-14 02:55:12,718 [d4e44fd7-0e23-4e4f-bc30-0c7965de497d@group-317B9C2908E3-LeaderElection31] INFO  server.RaftServerConfigKeys (ConfUtils.java:logGet(46)) - raft.server.rpc.timeout.min = 5s (custom)
2025-05-14 02:55:12,718 [d4e44fd7-0e23-4e4f-bc30-0c7965de497d@group-317B9C2908E3-LeaderElection31] INFO  server.RaftServerConfigKeys (ConfUtils.java:logGet(46)) - raft.server.log.log-metadata.enabled = true (default)
2025-05-14 02:55:12,718 [d4e44fd7-0e23-4e4f-bc30-0c7965de497d@group-317B9C2908E3-LeaderElection31] INFO  server.RaftServerConfigKeys (ConfUtils.java:logGet(46)) - raft.server.write.element-limit = 1024 (custom)
2025-05-14 02:55:12,719 [d4e44fd7-0e23-4e4f-bc30-0c7965de497d@group-317B9C2908E3-LeaderElection31] INFO  server.RaftServerConfigKeys (ConfUtils.java:logGet(46)) - raft.server.write.follower.gap.ratio.max = -1.0 (default)
2025-05-14 02:55:12,719 [d4e44fd7-0e23-4e4f-bc30-0c7965de497d@group-317B9C2908E3-LeaderElection31] INFO  server.RaftServerConfigKeys (ConfUtils.java:logGet(46)) - raft.server.log.appender.snapshot.chunk.size.max = 16MB (=16777216) (default)
2025-05-14 02:55:12,719 [d4e44fd7-0e23-4e4f-bc30-0c7965de497d@group-317B9C2908E3-LeaderElection31] INFO  server.RaftServerConfigKeys (ConfUtils.java:logGet(46)) - raft.server.log.appender.buffer.byte-limit = 33554432 (custom)
2025-05-14 02:55:12,719 [d4e44fd7-0e23-4e4f-bc30-0c7965de497d@group-317B9C2908E3-LeaderElection31] INFO  server.RaftServerConfigKeys (ConfUtils.java:logGet(46)) - raft.server.log.appender.buffer.element-limit = 1024 (custom)
2025-05-14 02:55:12,719 [d4e44fd7-0e23-4e4f-bc30-0c7965de497d@group-317B9C2908E3-LeaderElection31] INFO  server.RaftServerConfigKeys (ConfUtils.java:logGet(46)) - raft.server.log.appender.wait-time.min = 0ms (custom)
2025-05-14 02:55:12,720 [d4e44fd7-0e23-4e4f-bc30-0c7965de497d@group-317B9C2908E3-LeaderElection31] INFO  grpc.GrpcConfigKeys (ConfUtils.java:logGet(46)) - raft.grpc.server.leader.outstanding.appends.max = 8 (default)
2025-05-14 02:55:12,720 [d4e44fd7-0e23-4e4f-bc30-0c7965de497d@group-317B9C2908E3-LeaderElection31] INFO  server.RaftServerConfigKeys (ConfUtils.java:logGet(46)) - raft.server.rpc.request.timeout = 3000ms (default)
2025-05-14 02:55:12,720 [d4e44fd7-0e23-4e4f-bc30-0c7965de497d@group-317B9C2908E3-LeaderElection31] INFO  grpc.GrpcConfigKeys (ConfUtils.java:logGet(46)) - raft.grpc.server.install_snapshot.request.element-limit = 8 (default)
2025-05-14 02:55:12,720 [d4e44fd7-0e23-4e4f-bc30-0c7965de497d@group-317B9C2908E3-LeaderElection31] INFO  grpc.GrpcConfigKeys (ConfUtils.java:logGet(46)) - raft.grpc.server.install_snapshot.request.timeout = 3000ms (default)
2025-05-14 02:55:12,720 [d4e44fd7-0e23-4e4f-bc30-0c7965de497d@group-317B9C2908E3-LeaderElection31] INFO  grpc.GrpcConfigKeys (ConfUtils.java:logGet(46)) - raft.grpc.server.log-message.batch.duration = 5s (default)
2025-05-14 02:55:12,720 [d4e44fd7-0e23-4e4f-bc30-0c7965de497d@group-317B9C2908E3-LeaderElection31] INFO  server.RaftServerConfigKeys (ConfUtils.java:logGet(46)) - raft.server.log.appender.install.snapshot.enabled = false (custom)
2025-05-14 02:55:12,720 [d4e44fd7-0e23-4e4f-bc30-0c7965de497d@group-317B9C2908E3-LeaderElection31] INFO  grpc.GrpcConfigKeys (ConfUtils.java:logGet(46)) - raft.grpc.server.heartbeat.channel = true (default)
2025-05-14 02:55:12,721 [d4e44fd7-0e23-4e4f-bc30-0c7965de497d@group-317B9C2908E3-LeaderElection31] INFO  server.RaftServerConfigKeys (ConfUtils.java:logGet(46)) - raft.server.log.appender.snapshot.chunk.size.max = 16MB (=16777216) (default)
2025-05-14 02:55:12,721 [d4e44fd7-0e23-4e4f-bc30-0c7965de497d@group-317B9C2908E3-LeaderElection31] INFO  server.RaftServerConfigKeys (ConfUtils.java:logGet(46)) - raft.server.log.appender.buffer.byte-limit = 33554432 (custom)
2025-05-14 02:55:12,721 [d4e44fd7-0e23-4e4f-bc30-0c7965de497d@group-317B9C2908E3-LeaderElection31] INFO  server.RaftServerConfigKeys (ConfUtils.java:logGet(46)) - raft.server.log.appender.buffer.element-limit = 1024 (custom)
2025-05-14 02:55:12,721 [d4e44fd7-0e23-4e4f-bc30-0c7965de497d@group-317B9C2908E3-LeaderElection31] INFO  server.RaftServerConfigKeys (ConfUtils.java:logGet(46)) - raft.server.log.appender.wait-time.min = 0ms (custom)
2025-05-14 02:55:12,721 [d4e44fd7-0e23-4e4f-bc30-0c7965de497d@group-317B9C2908E3-LeaderElection31] INFO  grpc.GrpcConfigKeys (ConfUtils.java:logGet(46)) - raft.grpc.server.leader.outstanding.appends.max = 8 (default)
2025-05-14 02:55:12,721 [d4e44fd7-0e23-4e4f-bc30-0c7965de497d@group-317B9C2908E3-LeaderElection31] INFO  server.RaftServerConfigKeys (ConfUtils.java:logGet(46)) - raft.server.rpc.request.timeout = 3000ms (default)
2025-05-14 02:55:12,721 [d4e44fd7-0e23-4e4f-bc30-0c7965de497d@group-317B9C2908E3-LeaderElection31] INFO  grpc.GrpcConfigKeys (ConfUtils.java:logGet(46)) - raft.grpc.server.install_snapshot.request.element-limit = 8 (default)
2025-05-14 02:55:12,721 [d4e44fd7-0e23-4e4f-bc30-0c7965de497d@group-317B9C2908E3-LeaderElection31] INFO  grpc.GrpcConfigKeys (ConfUtils.java:logGet(46)) - raft.grpc.server.install_snapshot.request.timeout = 3000ms (default)
2025-05-14 02:55:12,721 [d4e44fd7-0e23-4e4f-bc30-0c7965de497d@group-317B9C2908E3-LeaderElection31] INFO  grpc.GrpcConfigKeys (ConfUtils.java:logGet(46)) - raft.grpc.server.log-message.batch.duration = 5s (default)
2025-05-14 02:55:12,721 [d4e44fd7-0e23-4e4f-bc30-0c7965de497d@group-317B9C2908E3-LeaderElection31] INFO  server.RaftServerConfigKeys (ConfUtils.java:logGet(46)) - raft.server.log.appender.install.snapshot.enabled = false (custom)
2025-05-14 02:55:12,721 [d4e44fd7-0e23-4e4f-bc30-0c7965de497d@group-317B9C2908E3-LeaderElection31] INFO  grpc.GrpcConfigKeys (ConfUtils.java:logGet(46)) - raft.grpc.server.heartbeat.channel = true (default)
2025-05-14 02:55:12,722 [d4e44fd7-0e23-4e4f-bc30-0c7965de497d@group-317B9C2908E3-LeaderElection31] INFO  impl.RoleInfo (RoleInfo.java:updateAndGet(148)) - d4e44fd7-0e23-4e4f-bc30-0c7965de497d: start d4e44fd7-0e23-4e4f-bc30-0c7965de497d@group-317B9C2908E3-LeaderStateImpl
2025-05-14 02:55:12,722 [d4e44fd7-0e23-4e4f-bc30-0c7965de497d@group-317B9C2908E3-LeaderElection31] INFO  server.RaftServer$Division (RaftServerImpl.java:setFirstElection(562)) - d4e44fd7-0e23-4e4f-bc30-0c7965de497d@group-317B9C2908E3: set firstElectionSinceStartup to false for becomeLeader
2025-05-14 02:55:12,722 [d4e44fd7-0e23-4e4f-bc30-0c7965de497d@group-317B9C2908E3-LeaderElection31] INFO  ratis.XceiverServerRatis (XceiverServerRatis.java:handleLeaderChangedNotification(944)) - Leader change notification received for group: group-317B9C2908E3 with new leaderId: d4e44fd7-0e23-4e4f-bc30-0c7965de497d
2025-05-14 02:55:12,722 [d4e44fd7-0e23-4e4f-bc30-0c7965de497d@group-317B9C2908E3-LeaderElection31] INFO  server.RaftServer$Division (ServerState.java:setLeader(272)) - d4e44fd7-0e23-4e4f-bc30-0c7965de497d@group-317B9C2908E3: change Leader from null to d4e44fd7-0e23-4e4f-bc30-0c7965de497d at term 1 for becomeLeader, leader elected after 1093ms
2025-05-14 02:55:12,722 [d4e44fd7-0e23-4e4f-bc30-0c7965de497d@group-317B9C2908E3-LeaderElection31] INFO  segmented.SegmentedRaftLogWorker (SegmentedRaftLogWorker.java:startLogSegment(438)) - d4e44fd7-0e23-4e4f-bc30-0c7965de497d@group-317B9C2908E3-SegmentedRaftLogWorker: Starting segment from index:0
2025-05-14 02:55:12,722 [d4e44fd7-0e23-4e4f-bc30-0c7965de497d@group-317B9C2908E3-LeaderElection31] INFO  server.RaftServer$Division (ServerState.java:setRaftConf(386)) - d4e44fd7-0e23-4e4f-bc30-0c7965de497d@group-317B9C2908E3: set configuration conf: {index: 0, cur=peers:[d4e44fd7-0e23-4e4f-bc30-0c7965de497d|127.0.0.1:15039, 9d8a5836-bfca-4d37-9676-470807fcd29d|127.0.0.1:15087, e44b5a69-92f9-40f4-85c9-712e1c637b62|127.0.0.1:15047]|listeners:[], old=null}
2025-05-14 02:55:12,723 [d4e44fd7-0e23-4e4f-bc30-0c7965de497d@group-317B9C2908E3-SegmentedRaftLogWorker] INFO  segmented.BufferedWriteChannel (BufferedWriteChannel.java:open(61)) - open log_inprogress_0 at position 0
2025-05-14 02:55:12,725 [EventQueue-PipelineReportForPipelineReportHandler] INFO  pipeline.PipelineReportHandler (PipelineReportHandler.java:processPipelineReport(134)) - Opened pipeline PipelineID=06d0a761-9d58-4218-92fa-317b9c2908e3
2025-05-14 02:55:12,733 [e44b5a69-92f9-40f4-85c9-712e1c637b62-server-thread1] INFO  ratis.XceiverServerRatis (XceiverServerRatis.java:handleLeaderChangedNotification(944)) - Leader change notification received for group: group-317B9C2908E3 with new leaderId: d4e44fd7-0e23-4e4f-bc30-0c7965de497d
2025-05-14 02:55:12,733 [e44b5a69-92f9-40f4-85c9-712e1c637b62-server-thread1] INFO  server.RaftServer$Division (ServerState.java:setLeader(272)) - e44b5a69-92f9-40f4-85c9-712e1c637b62@group-317B9C2908E3: change Leader from null to d4e44fd7-0e23-4e4f-bc30-0c7965de497d at term 1 for appendEntries, leader elected after 1129ms
2025-05-14 02:55:12,734 [9d8a5836-bfca-4d37-9676-470807fcd29d-server-thread1] INFO  ratis.XceiverServerRatis (XceiverServerRatis.java:handleLeaderChangedNotification(944)) - Leader change notification received for group: group-317B9C2908E3 with new leaderId: d4e44fd7-0e23-4e4f-bc30-0c7965de497d
2025-05-14 02:55:12,734 [9d8a5836-bfca-4d37-9676-470807fcd29d-server-thread1] INFO  server.RaftServer$Division (ServerState.java:setLeader(272)) - 9d8a5836-bfca-4d37-9676-470807fcd29d@group-317B9C2908E3: change Leader from null to d4e44fd7-0e23-4e4f-bc30-0c7965de497d at term 1 for appendEntries, leader elected after 1065ms
2025-05-14 02:55:12,734 [9d8a5836-bfca-4d37-9676-470807fcd29d-server-thread1] INFO  server.RaftServer$Division (ServerState.java:setRaftConf(386)) - 9d8a5836-bfca-4d37-9676-470807fcd29d@group-317B9C2908E3: set configuration conf: {index: 0, cur=peers:[d4e44fd7-0e23-4e4f-bc30-0c7965de497d|127.0.0.1:15039, 9d8a5836-bfca-4d37-9676-470807fcd29d|127.0.0.1:15087, e44b5a69-92f9-40f4-85c9-712e1c637b62|127.0.0.1:15047]|listeners:[], old=null}
2025-05-14 02:55:12,734 [d4e44fd7-0e23-4e4f-bc30-0c7965de497d@group-317B9C2908E3-SegmentedRaftLogWorker] INFO  segmented.SegmentedRaftLogWorker (SegmentedRaftLogWorker.java:execute(644)) - d4e44fd7-0e23-4e4f-bc30-0c7965de497d@group-317B9C2908E3-SegmentedRaftLogWorker: created new log segment /home/runner/work/ozone/ozone/hadoop-ozone/integration-test/target/test-dir/MiniOzoneClusterImpl-af940217-b311-440f-8e09-352fdf66236b/ozone-meta/datanode-4/ratis/06d0a761-9d58-4218-92fa-317b9c2908e3/current/log_inprogress_0
2025-05-14 02:55:12,734 [9d8a5836-bfca-4d37-9676-470807fcd29d-server-thread1] INFO  segmented.SegmentedRaftLogWorker (SegmentedRaftLogWorker.java:startLogSegment(438)) - 9d8a5836-bfca-4d37-9676-470807fcd29d@group-317B9C2908E3-SegmentedRaftLogWorker: Starting segment from index:0
2025-05-14 02:55:12,735 [9d8a5836-bfca-4d37-9676-470807fcd29d@group-317B9C2908E3-SegmentedRaftLogWorker] INFO  segmented.BufferedWriteChannel (BufferedWriteChannel.java:open(61)) - open log_inprogress_0 at position 0
2025-05-14 02:55:12,736 [e44b5a69-92f9-40f4-85c9-712e1c637b62-server-thread3] INFO  server.RaftServer$Division (ServerState.java:setRaftConf(386)) - e44b5a69-92f9-40f4-85c9-712e1c637b62@group-317B9C2908E3: set configuration conf: {index: 0, cur=peers:[d4e44fd7-0e23-4e4f-bc30-0c7965de497d|127.0.0.1:15039, 9d8a5836-bfca-4d37-9676-470807fcd29d|127.0.0.1:15087, e44b5a69-92f9-40f4-85c9-712e1c637b62|127.0.0.1:15047]|listeners:[], old=null}
2025-05-14 02:55:12,737 [e44b5a69-92f9-40f4-85c9-712e1c637b62-server-thread3] INFO  segmented.SegmentedRaftLogWorker (SegmentedRaftLogWorker.java:startLogSegment(438)) - e44b5a69-92f9-40f4-85c9-712e1c637b62@group-317B9C2908E3-SegmentedRaftLogWorker: Starting segment from index:0
2025-05-14 02:55:12,737 [e44b5a69-92f9-40f4-85c9-712e1c637b62@group-317B9C2908E3-SegmentedRaftLogWorker] INFO  segmented.BufferedWriteChannel (BufferedWriteChannel.java:open(61)) - open log_inprogress_0 at position 0
2025-05-14 02:55:12,746 [9d8a5836-bfca-4d37-9676-470807fcd29d@group-317B9C2908E3-SegmentedRaftLogWorker] INFO  segmented.SegmentedRaftLogWorker (SegmentedRaftLogWorker.java:execute(644)) - 9d8a5836-bfca-4d37-9676-470807fcd29d@group-317B9C2908E3-SegmentedRaftLogWorker: created new log segment /home/runner/work/ozone/ozone/hadoop-ozone/integration-test/target/test-dir/MiniOzoneClusterImpl-af940217-b311-440f-8e09-352fdf66236b/ozone-meta/datanode-10/ratis/06d0a761-9d58-4218-92fa-317b9c2908e3/current/log_inprogress_0
2025-05-14 02:55:12,747 [e44b5a69-92f9-40f4-85c9-712e1c637b62@group-317B9C2908E3-SegmentedRaftLogWorker] INFO  segmented.SegmentedRaftLogWorker (SegmentedRaftLogWorker.java:execute(644)) - e44b5a69-92f9-40f4-85c9-712e1c637b62@group-317B9C2908E3-SegmentedRaftLogWorker: created new log segment /home/runner/work/ozone/ozone/hadoop-ozone/integration-test/target/test-dir/MiniOzoneClusterImpl-af940217-b311-440f-8e09-352fdf66236b/ozone-meta/datanode-5/ratis630cd441-1fbc-4332-a044-ef429d701783/06d0a761-9d58-4218-92fa-317b9c2908e3/current/log_inprogress_0
2025-05-14 02:55:12,749 [d4e44fd7-0e23-4e4f-bc30-0c7965de497d@group-317B9C2908E3-StateMachineUpdater] INFO  server.RaftServer$Division (LeaderStateImpl.java:checkStartIndex(313)) - Leader d4e44fd7-0e23-4e4f-bc30-0c7965de497d@group-317B9C2908E3-LeaderStateImpl is ready since appliedIndex == startIndex == 0
2025-05-14 02:55:12,749 [d4e44fd7-0e23-4e4f-bc30-0c7965de497d@group-317B9C2908E3-StateMachineUpdater] INFO  ratis.ContainerStateMachine (ContainerStateMachine.java:takeSnapshot(427)) - group-317B9C2908E3: Taking a snapshot at:(t:1, i:0) file /home/runner/work/ozone/ozone/hadoop-ozone/integration-test/target/test-dir/MiniOzoneClusterImpl-af940217-b311-440f-8e09-352fdf66236b/ozone-meta/datanode-4/ratis/06d0a761-9d58-4218-92fa-317b9c2908e3/sm/snapshot.1_0
2025-05-14 02:55:12,749 [d4e44fd7-0e23-4e4f-bc30-0c7965de497d@group-317B9C2908E3-StateMachineUpdater] INFO  ratis.ContainerStateMachine (ContainerStateMachine.java:takeSnapshot(436)) - group-317B9C2908E3: Finished taking a snapshot at:(t:1, i:0) file:/home/runner/work/ozone/ozone/hadoop-ozone/integration-test/target/test-dir/MiniOzoneClusterImpl-af940217-b311-440f-8e09-352fdf66236b/ozone-meta/datanode-4/ratis/06d0a761-9d58-4218-92fa-317b9c2908e3/sm/snapshot.1_0 took: 0 ms
2025-05-14 02:55:12,750 [d4e44fd7-0e23-4e4f-bc30-0c7965de497d@group-317B9C2908E3-StateMachineUpdater] INFO  impl.StateMachineUpdater (StateMachineUpdater.java:takeSnapshot(303)) - d4e44fd7-0e23-4e4f-bc30-0c7965de497d@group-317B9C2908E3-StateMachineUpdater: Took a snapshot at index 0
2025-05-14 02:55:12,750 [d4e44fd7-0e23-4e4f-bc30-0c7965de497d@group-317B9C2908E3-StateMachineUpdater] INFO  impl.StateMachineUpdater (StateMachineUpdater.java:lambda$new$0(102)) - d4e44fd7-0e23-4e4f-bc30-0c7965de497d@group-317B9C2908E3-StateMachineUpdater: snapshotIndex: updateIncreasingly -1 -> 0
2025-05-14 02:55:12,773 [e44b5a69-92f9-40f4-85c9-712e1c637b62@group-120B5FE471CE-FollowerState] INFO  impl.FollowerState (FollowerState.java:runImpl(161)) - e44b5a69-92f9-40f4-85c9-712e1c637b62@group-120B5FE471CE-FollowerState: change to CANDIDATE, lastRpcElapsedTime:1173625477ns, electionTimeout:1173ms
2025-05-14 02:55:12,773 [e44b5a69-92f9-40f4-85c9-712e1c637b62@group-120B5FE471CE-FollowerState] INFO  impl.RoleInfo (RoleInfo.java:shutdownFollowerState(121)) - e44b5a69-92f9-40f4-85c9-712e1c637b62: shutdown e44b5a69-92f9-40f4-85c9-712e1c637b62@group-120B5FE471CE-FollowerState
2025-05-14 02:55:12,773 [e44b5a69-92f9-40f4-85c9-712e1c637b62@group-120B5FE471CE-FollowerState] INFO  server.RaftServer$Division (RaftServerImpl.java:setRole(378)) - e44b5a69-92f9-40f4-85c9-712e1c637b62@group-120B5FE471CE: changes role from  FOLLOWER to CANDIDATE at term 0 for changeToCandidate
2025-05-14 02:55:12,773 [e44b5a69-92f9-40f4-85c9-712e1c637b62@group-120B5FE471CE-FollowerState] INFO  server.RaftServerConfigKeys (ConfUtils.java:logGet(46)) - raft.server.leaderelection.pre-vote = true (default)
2025-05-14 02:55:12,773 [e44b5a69-92f9-40f4-85c9-712e1c637b62@group-120B5FE471CE-FollowerState] INFO  impl.RoleInfo (RoleInfo.java:updateAndGet(148)) - e44b5a69-92f9-40f4-85c9-712e1c637b62: start e44b5a69-92f9-40f4-85c9-712e1c637b62@group-120B5FE471CE-LeaderElection32
2025-05-14 02:55:12,774 [e44b5a69-92f9-40f4-85c9-712e1c637b62@group-120B5FE471CE-LeaderElection32] INFO  impl.LeaderElection (LeaderElection.java:askForVotes(332)) - e44b5a69-92f9-40f4-85c9-712e1c637b62@group-120B5FE471CE-LeaderElection32 PRE_VOTE round 0: submit vote requests at term 0 for conf: {index: -1, cur=peers:[e44b5a69-92f9-40f4-85c9-712e1c637b62|127.0.0.1:15047]|listeners:[], old=null}
2025-05-14 02:55:12,774 [e44b5a69-92f9-40f4-85c9-712e1c637b62@group-120B5FE471CE-LeaderElection32] INFO  impl.LeaderElection (LeaderElection.java:askForVotes(334)) - e44b5a69-92f9-40f4-85c9-712e1c637b62@group-120B5FE471CE-LeaderElection32 PRE_VOTE round 0: result PASSED (term=0)
2025-05-14 02:55:12,775 [e44b5a69-92f9-40f4-85c9-712e1c637b62@group-120B5FE471CE-LeaderElection32] INFO  impl.LeaderElection (LeaderElection.java:askForVotes(332)) - e44b5a69-92f9-40f4-85c9-712e1c637b62@group-120B5FE471CE-LeaderElection32 ELECTION round 0: submit vote requests at term 1 for conf: {index: -1, cur=peers:[e44b5a69-92f9-40f4-85c9-712e1c637b62|127.0.0.1:15047]|listeners:[], old=null}
2025-05-14 02:55:12,775 [e44b5a69-92f9-40f4-85c9-712e1c637b62@group-120B5FE471CE-LeaderElection32] INFO  impl.LeaderElection (LeaderElection.java:askForVotes(334)) - e44b5a69-92f9-40f4-85c9-712e1c637b62@group-120B5FE471CE-LeaderElection32 ELECTION round 0: result PASSED (term=1)
2025-05-14 02:55:12,775 [e44b5a69-92f9-40f4-85c9-712e1c637b62@group-120B5FE471CE-LeaderElection32] INFO  impl.RoleInfo (RoleInfo.java:shutdownLeaderElection(141)) - e44b5a69-92f9-40f4-85c9-712e1c637b62: shutdown e44b5a69-92f9-40f4-85c9-712e1c637b62@group-120B5FE471CE-LeaderElection32
2025-05-14 02:55:12,775 [e44b5a69-92f9-40f4-85c9-712e1c637b62@group-120B5FE471CE-LeaderElection32] INFO  server.RaftServer$Division (RaftServerImpl.java:setRole(378)) - e44b5a69-92f9-40f4-85c9-712e1c637b62@group-120B5FE471CE: changes role from CANDIDATE to LEADER at term 1 for changeToLeader
2025-05-14 02:55:12,775 [e44b5a69-92f9-40f4-85c9-712e1c637b62@group-120B5FE471CE-LeaderElection32] INFO  server.RaftServerConfigKeys (ConfUtils.java:logGet(46)) - raft.server.staging.catchup.gap = 1000 (default)
2025-05-14 02:55:12,775 [e44b5a69-92f9-40f4-85c9-712e1c637b62@group-120B5FE471CE-LeaderElection32] INFO  server.RaftServerConfigKeys (ConfUtils.java:logGet(46)) - raft.server.write.element-limit = 1024 (custom)
2025-05-14 02:55:12,775 [e44b5a69-92f9-40f4-85c9-712e1c637b62@group-120B5FE471CE-LeaderElection32] INFO  server.RaftServerConfigKeys (ConfUtils.java:logGet(46)) - raft.server.write.byte-limit = 1024 M (=1073741824) (custom)
2025-05-14 02:55:12,775 [e44b5a69-92f9-40f4-85c9-712e1c637b62@group-120B5FE471CE-LeaderElection32] INFO  server.RaftServerConfigKeys (ConfUtils.java:logGet(46)) - raft.server.watch.timeout = 10000ms (default)
2025-05-14 02:55:12,775 [e44b5a69-92f9-40f4-85c9-712e1c637b62@group-120B5FE471CE-LeaderElection32] INFO  server.RaftServerConfigKeys (ConfUtils.java:logGet(46)) - raft.server.watch.timeout.denomination = 1s (default)
2025-05-14 02:55:12,775 [e44b5a69-92f9-40f4-85c9-712e1c637b62@group-120B5FE471CE-LeaderElection32] INFO  server.RaftServerConfigKeys (ConfUtils.java:logGet(46)) - raft.server.watch.element-limit = 65536 (default)
2025-05-14 02:55:12,776 [e44b5a69-92f9-40f4-85c9-712e1c637b62@group-120B5FE471CE-LeaderElection32] INFO  server.RaftServerConfigKeys (ConfUtils.java:logGet(46)) - raft.server.read.leader.lease.enabled = false (default)
2025-05-14 02:55:12,776 [e44b5a69-92f9-40f4-85c9-712e1c637b62@group-120B5FE471CE-LeaderElection32] INFO  server.RaftServerConfigKeys (ConfUtils.java:logGet(46)) - raft.server.read.leader.lease.timeout.ratio = 0.9 (default)
2025-05-14 02:55:12,776 [e44b5a69-92f9-40f4-85c9-712e1c637b62@group-120B5FE471CE-LeaderElection32] INFO  server.RaftServerConfigKeys (ConfUtils.java:logGet(46)) - raft.server.rpc.timeout.min = 5s (custom)
2025-05-14 02:55:12,776 [e44b5a69-92f9-40f4-85c9-712e1c637b62@group-120B5FE471CE-LeaderElection32] INFO  server.RaftServerConfigKeys (ConfUtils.java:logGet(46)) - raft.server.log.log-metadata.enabled = true (default)
2025-05-14 02:55:12,776 [e44b5a69-92f9-40f4-85c9-712e1c637b62@group-120B5FE471CE-LeaderElection32] INFO  server.RaftServerConfigKeys (ConfUtils.java:logGet(46)) - raft.server.write.element-limit = 1024 (custom)
2025-05-14 02:55:12,776 [e44b5a69-92f9-40f4-85c9-712e1c637b62@group-120B5FE471CE-LeaderElection32] INFO  server.RaftServerConfigKeys (ConfUtils.java:logGet(46)) - raft.server.write.follower.gap.ratio.max = -1.0 (default)
2025-05-14 02:55:12,776 [e44b5a69-92f9-40f4-85c9-712e1c637b62@group-120B5FE471CE-LeaderElection32] INFO  impl.RoleInfo (RoleInfo.java:updateAndGet(148)) - e44b5a69-92f9-40f4-85c9-712e1c637b62: start e44b5a69-92f9-40f4-85c9-712e1c637b62@group-120B5FE471CE-LeaderStateImpl
2025-05-14 02:55:12,776 [e44b5a69-92f9-40f4-85c9-712e1c637b62@group-120B5FE471CE-LeaderElection32] INFO  server.RaftServer$Division (RaftServerImpl.java:setFirstElection(562)) - e44b5a69-92f9-40f4-85c9-712e1c637b62@group-120B5FE471CE: set firstElectionSinceStartup to false for becomeLeader
2025-05-14 02:55:12,776 [e44b5a69-92f9-40f4-85c9-712e1c637b62@group-120B5FE471CE-LeaderElection32] INFO  ratis.XceiverServerRatis (XceiverServerRatis.java:handleLeaderChangedNotification(944)) - Leader change notification received for group: group-120B5FE471CE with new leaderId: e44b5a69-92f9-40f4-85c9-712e1c637b62
2025-05-14 02:55:12,776 [e44b5a69-92f9-40f4-85c9-712e1c637b62@group-120B5FE471CE-LeaderElection32] INFO  server.RaftServer$Division (ServerState.java:setLeader(272)) - e44b5a69-92f9-40f4-85c9-712e1c637b62@group-120B5FE471CE: change Leader from null to e44b5a69-92f9-40f4-85c9-712e1c637b62 at term 1 for becomeLeader, leader elected after 1194ms
2025-05-14 02:55:12,776 [e44b5a69-92f9-40f4-85c9-712e1c637b62@group-120B5FE471CE-LeaderElection32] INFO  segmented.SegmentedRaftLogWorker (SegmentedRaftLogWorker.java:startLogSegment(438)) - e44b5a69-92f9-40f4-85c9-712e1c637b62@group-120B5FE471CE-SegmentedRaftLogWorker: Starting segment from index:0
2025-05-14 02:55:12,777 [e44b5a69-92f9-40f4-85c9-712e1c637b62@group-120B5FE471CE-LeaderElection32] INFO  server.RaftServer$Division (ServerState.java:setRaftConf(386)) - e44b5a69-92f9-40f4-85c9-712e1c637b62@group-120B5FE471CE: set configuration conf: {index: 0, cur=peers:[e44b5a69-92f9-40f4-85c9-712e1c637b62|127.0.0.1:15047]|listeners:[], old=null}
2025-05-14 02:55:12,777 [e44b5a69-92f9-40f4-85c9-712e1c637b62@group-120B5FE471CE-SegmentedRaftLogWorker] INFO  segmented.BufferedWriteChannel (BufferedWriteChannel.java:open(61)) - open log_inprogress_0 at position 0
2025-05-14 02:55:12,785 [e44b5a69-92f9-40f4-85c9-712e1c637b62@group-120B5FE471CE-SegmentedRaftLogWorker] INFO  segmented.SegmentedRaftLogWorker (SegmentedRaftLogWorker.java:execute(644)) - e44b5a69-92f9-40f4-85c9-712e1c637b62@group-120B5FE471CE-SegmentedRaftLogWorker: created new log segment /home/runner/work/ozone/ozone/hadoop-ozone/integration-test/target/test-dir/MiniOzoneClusterImpl-af940217-b311-440f-8e09-352fdf66236b/ozone-meta/datanode-5/ratis630cd441-1fbc-4332-a044-ef429d701783/24d5d898-0379-4cf7-8dd6-120b5fe471ce/current/log_inprogress_0
2025-05-14 02:55:12,787 [e44b5a69-92f9-40f4-85c9-712e1c637b62@group-120B5FE471CE-StateMachineUpdater] INFO  server.RaftServer$Division (LeaderStateImpl.java:checkStartIndex(313)) - Leader e44b5a69-92f9-40f4-85c9-712e1c637b62@group-120B5FE471CE-LeaderStateImpl is ready since appliedIndex == startIndex == 0
2025-05-14 02:55:12,787 [e44b5a69-92f9-40f4-85c9-712e1c637b62@group-120B5FE471CE-StateMachineUpdater] INFO  ratis.ContainerStateMachine (ContainerStateMachine.java:takeSnapshot(427)) - group-120B5FE471CE: Taking a snapshot at:(t:1, i:0) file /home/runner/work/ozone/ozone/hadoop-ozone/integration-test/target/test-dir/MiniOzoneClusterImpl-af940217-b311-440f-8e09-352fdf66236b/ozone-meta/datanode-5/ratis630cd441-1fbc-4332-a044-ef429d701783/24d5d898-0379-4cf7-8dd6-120b5fe471ce/sm/snapshot.1_0
2025-05-14 02:55:12,787 [e44b5a69-92f9-40f4-85c9-712e1c637b62@group-120B5FE471CE-StateMachineUpdater] INFO  ratis.ContainerStateMachine (ContainerStateMachine.java:takeSnapshot(436)) - group-120B5FE471CE: Finished taking a snapshot at:(t:1, i:0) file:/home/runner/work/ozone/ozone/hadoop-ozone/integration-test/target/test-dir/MiniOzoneClusterImpl-af940217-b311-440f-8e09-352fdf66236b/ozone-meta/datanode-5/ratis630cd441-1fbc-4332-a044-ef429d701783/24d5d898-0379-4cf7-8dd6-120b5fe471ce/sm/snapshot.1_0 took: 0 ms
2025-05-14 02:55:12,787 [e44b5a69-92f9-40f4-85c9-712e1c637b62@group-120B5FE471CE-StateMachineUpdater] INFO  impl.StateMachineUpdater (StateMachineUpdater.java:takeSnapshot(303)) - e44b5a69-92f9-40f4-85c9-712e1c637b62@group-120B5FE471CE-StateMachineUpdater: Took a snapshot at index 0
2025-05-14 02:55:12,787 [e44b5a69-92f9-40f4-85c9-712e1c637b62@group-120B5FE471CE-StateMachineUpdater] INFO  impl.StateMachineUpdater (StateMachineUpdater.java:lambda$new$0(102)) - e44b5a69-92f9-40f4-85c9-712e1c637b62@group-120B5FE471CE-StateMachineUpdater: snapshotIndex: updateIncreasingly -1 -> 0
2025-05-14 02:55:12,795 [EventQueue-PipelineActionsForPipelineActionHandler] INFO  pipeline.PipelineActionHandler (PipelineActionHandler.java:processPipelineAction(89)) - Received pipeline action CLOSE for PipelineID=04f6c6c3-d74d-4db8-823f-aff22c375116 from datanode f4f68937-1ce3-42e1-b3e7-547ae2d23d85(localhost/127.0.0.1). Reason : Chunks directory /home/runner/work/ozone/ozone/hadoop-ozone/integration-test/target/test-dir/MiniOzoneClusterImpl-af940217-b311-440f-8e09-352fdf66236b/ozone-meta/datanode-7/data-0/hdds/af940217-b311-440f-8e09-352fdf66236b/current/containerDir0/9/chunks does not exist.
2025-05-14 02:55:12,836 [c77e66e9-1cca-4fd3-bc5b-4ea2dbc3232f@group-49D9F7F395BD-FollowerState] INFO  impl.FollowerState (FollowerState.java:runImpl(161)) - c77e66e9-1cca-4fd3-bc5b-4ea2dbc3232f@group-49D9F7F395BD-FollowerState: change to CANDIDATE, lastRpcElapsedTime:1049900136ns, electionTimeout:1048ms
2025-05-14 02:55:12,836 [c77e66e9-1cca-4fd3-bc5b-4ea2dbc3232f@group-49D9F7F395BD-FollowerState] INFO  impl.RoleInfo (RoleInfo.java:shutdownFollowerState(121)) - c77e66e9-1cca-4fd3-bc5b-4ea2dbc3232f: shutdown c77e66e9-1cca-4fd3-bc5b-4ea2dbc3232f@group-49D9F7F395BD-FollowerState
2025-05-14 02:55:12,836 [c77e66e9-1cca-4fd3-bc5b-4ea2dbc3232f@group-49D9F7F395BD-FollowerState] INFO  server.RaftServer$Division (RaftServerImpl.java:setRole(378)) - c77e66e9-1cca-4fd3-bc5b-4ea2dbc3232f@group-49D9F7F395BD: changes role from  FOLLOWER to CANDIDATE at term 0 for changeToCandidate
2025-05-14 02:55:12,836 [c77e66e9-1cca-4fd3-bc5b-4ea2dbc3232f@group-49D9F7F395BD-FollowerState] INFO  server.RaftServerConfigKeys (ConfUtils.java:logGet(46)) - raft.server.leaderelection.pre-vote = true (default)
2025-05-14 02:55:12,836 [c77e66e9-1cca-4fd3-bc5b-4ea2dbc3232f@group-49D9F7F395BD-FollowerState] INFO  impl.RoleInfo (RoleInfo.java:updateAndGet(148)) - c77e66e9-1cca-4fd3-bc5b-4ea2dbc3232f: start c77e66e9-1cca-4fd3-bc5b-4ea2dbc3232f@group-49D9F7F395BD-LeaderElection33
2025-05-14 02:55:12,836 [c77e66e9-1cca-4fd3-bc5b-4ea2dbc3232f@group-49D9F7F395BD-LeaderElection33] INFO  impl.LeaderElection (LeaderElection.java:askForVotes(332)) - c77e66e9-1cca-4fd3-bc5b-4ea2dbc3232f@group-49D9F7F395BD-LeaderElection33 PRE_VOTE round 0: submit vote requests at term 0 for conf: {index: -1, cur=peers:[9d8a5836-bfca-4d37-9676-470807fcd29d|127.0.0.1:15087, e44b5a69-92f9-40f4-85c9-712e1c637b62|127.0.0.1:15047, c77e66e9-1cca-4fd3-bc5b-4ea2dbc3232f|127.0.0.1:15055]|listeners:[], old=null}
2025-05-14 02:55:12,837 [c77e66e9-1cca-4fd3-bc5b-4ea2dbc3232f@group-49D9F7F395BD-LeaderElection33-1] INFO  server.GrpcServerProtocolClient (GrpcServerProtocolClient.java:<init>(65)) - Build channel for 9d8a5836-bfca-4d37-9676-470807fcd29d|127.0.0.1:15087
2025-05-14 02:55:12,838 [c77e66e9-1cca-4fd3-bc5b-4ea2dbc3232f@group-49D9F7F395BD-LeaderElection33] INFO  server.RaftServerConfigKeys (ConfUtils.java:logGet(46)) - raft.server.rpc.first-election.timeout.min = 1000ms (custom)
2025-05-14 02:55:12,838 [c77e66e9-1cca-4fd3-bc5b-4ea2dbc3232f@group-49D9F7F395BD-LeaderElection33] INFO  server.RaftServerConfigKeys (ConfUtils.java:logGet(46)) - raft.server.rpc.first-election.timeout.max = 1200ms (custom)
2025-05-14 02:55:12,838 [c77e66e9-1cca-4fd3-bc5b-4ea2dbc3232f@group-49D9F7F395BD-LeaderElection33-2] INFO  server.GrpcServerProtocolClient (GrpcServerProtocolClient.java:<init>(65)) - Build channel for e44b5a69-92f9-40f4-85c9-712e1c637b62|127.0.0.1:15047
2025-05-14 02:55:12,841 [grpc-default-executor-6] INFO  server.RaftServer$Division (RaftServerImpl.java:requestVote(1407)) - e44b5a69-92f9-40f4-85c9-712e1c637b62@group-49D9F7F395BD: receive requestVote(PRE_VOTE, c77e66e9-1cca-4fd3-bc5b-4ea2dbc3232f, group-49D9F7F395BD, 0, (t:0, i:0))
2025-05-14 02:55:12,841 [grpc-default-executor-6] INFO  impl.VoteContext (VoteContext.java:log(49)) - e44b5a69-92f9-40f4-85c9-712e1c637b62@group-49D9F7F395BD-FOLLOWER: reject PRE_VOTE from c77e66e9-1cca-4fd3-bc5b-4ea2dbc3232f: our priority 1 > candidate's priority 0
2025-05-14 02:55:12,841 [grpc-default-executor-6] INFO  server.RaftServer$Division (RaftServerImpl.java:requestVote(1441)) - e44b5a69-92f9-40f4-85c9-712e1c637b62@group-49D9F7F395BD replies to PRE_VOTE vote request: c77e66e9-1cca-4fd3-bc5b-4ea2dbc3232f<-e44b5a69-92f9-40f4-85c9-712e1c637b62#0:FAIL-t0. Peer's state: e44b5a69-92f9-40f4-85c9-712e1c637b62@group-49D9F7F395BD:t0, leader=null, voted=, raftlog=Memoized:e44b5a69-92f9-40f4-85c9-712e1c637b62@group-49D9F7F395BD-SegmentedRaftLog:OPENED:c-1:lastnull, conf=conf: {index: -1, cur=peers:[9d8a5836-bfca-4d37-9676-470807fcd29d|127.0.0.1:15087, e44b5a69-92f9-40f4-85c9-712e1c637b62|127.0.0.1:15047, c77e66e9-1cca-4fd3-bc5b-4ea2dbc3232f|127.0.0.1:15055]|listeners:[], old=null}
2025-05-14 02:55:12,841 [grpc-default-executor-8] INFO  server.RaftServer$Division (RaftServerImpl.java:requestVote(1407)) - 9d8a5836-bfca-4d37-9676-470807fcd29d@group-49D9F7F395BD: receive requestVote(PRE_VOTE, c77e66e9-1cca-4fd3-bc5b-4ea2dbc3232f, group-49D9F7F395BD, 0, (t:0, i:0))
2025-05-14 02:55:12,842 [grpc-default-executor-8] INFO  impl.VoteContext (VoteContext.java:log(49)) - 9d8a5836-bfca-4d37-9676-470807fcd29d@group-49D9F7F395BD-FOLLOWER: accept PRE_VOTE from c77e66e9-1cca-4fd3-bc5b-4ea2dbc3232f: our priority 0 <= candidate's priority 0
2025-05-14 02:55:12,842 [grpc-default-executor-8] INFO  server.RaftServer$Division (RaftServerImpl.java:requestVote(1441)) - 9d8a5836-bfca-4d37-9676-470807fcd29d@group-49D9F7F395BD replies to PRE_VOTE vote request: c77e66e9-1cca-4fd3-bc5b-4ea2dbc3232f<-9d8a5836-bfca-4d37-9676-470807fcd29d#0:OK-t0. Peer's state: 9d8a5836-bfca-4d37-9676-470807fcd29d@group-49D9F7F395BD:t0, leader=null, voted=, raftlog=Memoized:9d8a5836-bfca-4d37-9676-470807fcd29d@group-49D9F7F395BD-SegmentedRaftLog:OPENED:c-1:lastnull, conf=conf: {index: -1, cur=peers:[9d8a5836-bfca-4d37-9676-470807fcd29d|127.0.0.1:15087, e44b5a69-92f9-40f4-85c9-712e1c637b62|127.0.0.1:15047, c77e66e9-1cca-4fd3-bc5b-4ea2dbc3232f|127.0.0.1:15055]|listeners:[], old=null}
2025-05-14 02:55:12,842 [c77e66e9-1cca-4fd3-bc5b-4ea2dbc3232f@group-49D9F7F395BD-LeaderElection33] INFO  impl.LeaderElection (LeaderElection.java:logAndReturn(90)) - c77e66e9-1cca-4fd3-bc5b-4ea2dbc3232f@group-49D9F7F395BD-LeaderElection33: PRE_VOTE REJECTED received 1 response(s) and 0 exception(s):
2025-05-14 02:55:12,842 [c77e66e9-1cca-4fd3-bc5b-4ea2dbc3232f@group-49D9F7F395BD-LeaderElection33] INFO  impl.LeaderElection (LeaderElection.java:logAndReturn(94)) -   Response 0: c77e66e9-1cca-4fd3-bc5b-4ea2dbc3232f<-e44b5a69-92f9-40f4-85c9-712e1c637b62#0:FAIL-t0
2025-05-14 02:55:12,843 [c77e66e9-1cca-4fd3-bc5b-4ea2dbc3232f@group-49D9F7F395BD-LeaderElection33] INFO  impl.LeaderElection (LeaderElection.java:askForVotes(334)) - c77e66e9-1cca-4fd3-bc5b-4ea2dbc3232f@group-49D9F7F395BD-LeaderElection33 PRE_VOTE round 0: result REJECTED
2025-05-14 02:55:12,843 [c77e66e9-1cca-4fd3-bc5b-4ea2dbc3232f@group-49D9F7F395BD-LeaderElection33] INFO  server.RaftServer$Division (RaftServerImpl.java:setRole(378)) - c77e66e9-1cca-4fd3-bc5b-4ea2dbc3232f@group-49D9F7F395BD: changes role from CANDIDATE to FOLLOWER at term 0 for REJECTED
2025-05-14 02:55:12,843 [c77e66e9-1cca-4fd3-bc5b-4ea2dbc3232f@group-49D9F7F395BD-LeaderElection33] INFO  impl.RoleInfo (RoleInfo.java:shutdownLeaderElection(141)) - c77e66e9-1cca-4fd3-bc5b-4ea2dbc3232f: shutdown c77e66e9-1cca-4fd3-bc5b-4ea2dbc3232f@group-49D9F7F395BD-LeaderElection33
2025-05-14 02:55:12,843 [c77e66e9-1cca-4fd3-bc5b-4ea2dbc3232f@group-49D9F7F395BD-LeaderElection33] INFO  impl.RoleInfo (RoleInfo.java:updateAndGet(148)) - c77e66e9-1cca-4fd3-bc5b-4ea2dbc3232f: start c77e66e9-1cca-4fd3-bc5b-4ea2dbc3232f@group-49D9F7F395BD-FollowerState
2025-05-14 02:55:12,843 [c77e66e9-1cca-4fd3-bc5b-4ea2dbc3232f@group-49D9F7F395BD-LeaderElection33] INFO  server.RaftServer$Division (RaftServerImpl.java:setFirstElection(562)) - c77e66e9-1cca-4fd3-bc5b-4ea2dbc3232f@group-49D9F7F395BD: set firstElectionSinceStartup to false for REJECTED
2025-05-14 02:55:12,867 [e44b5a69-92f9-40f4-85c9-712e1c637b62@group-49D9F7F395BD-FollowerState] INFO  impl.FollowerState (FollowerState.java:runImpl(161)) - e44b5a69-92f9-40f4-85c9-712e1c637b62@group-49D9F7F395BD-FollowerState: change to CANDIDATE, lastRpcElapsedTime:1143657239ns, electionTimeout:1143ms
2025-05-14 02:55:12,867 [e44b5a69-92f9-40f4-85c9-712e1c637b62@group-49D9F7F395BD-FollowerState] INFO  impl.RoleInfo (RoleInfo.java:shutdownFollowerState(121)) - e44b5a69-92f9-40f4-85c9-712e1c637b62: shutdown e44b5a69-92f9-40f4-85c9-712e1c637b62@group-49D9F7F395BD-FollowerState
2025-05-14 02:55:12,867 [e44b5a69-92f9-40f4-85c9-712e1c637b62@group-49D9F7F395BD-FollowerState] INFO  server.RaftServer$Division (RaftServerImpl.java:setRole(378)) - e44b5a69-92f9-40f4-85c9-712e1c637b62@group-49D9F7F395BD: changes role from  FOLLOWER to CANDIDATE at term 0 for changeToCandidate
2025-05-14 02:55:12,867 [e44b5a69-92f9-40f4-85c9-712e1c637b62@group-49D9F7F395BD-FollowerState] INFO  server.RaftServerConfigKeys (ConfUtils.java:logGet(46)) - raft.server.leaderelection.pre-vote = true (default)
2025-05-14 02:55:12,867 [e44b5a69-92f9-40f4-85c9-712e1c637b62@group-49D9F7F395BD-FollowerState] INFO  impl.RoleInfo (RoleInfo.java:updateAndGet(148)) - e44b5a69-92f9-40f4-85c9-712e1c637b62: start e44b5a69-92f9-40f4-85c9-712e1c637b62@group-49D9F7F395BD-LeaderElection34
2025-05-14 02:55:12,867 [e44b5a69-92f9-40f4-85c9-712e1c637b62@group-49D9F7F395BD-LeaderElection34] INFO  impl.LeaderElection (LeaderElection.java:askForVotes(332)) - e44b5a69-92f9-40f4-85c9-712e1c637b62@group-49D9F7F395BD-LeaderElection34 PRE_VOTE round 0: submit vote requests at term 0 for conf: {index: -1, cur=peers:[9d8a5836-bfca-4d37-9676-470807fcd29d|127.0.0.1:15087, e44b5a69-92f9-40f4-85c9-712e1c637b62|127.0.0.1:15047, c77e66e9-1cca-4fd3-bc5b-4ea2dbc3232f|127.0.0.1:15055]|listeners:[], old=null}
2025-05-14 02:55:12,868 [e44b5a69-92f9-40f4-85c9-712e1c637b62@group-49D9F7F395BD-LeaderElection34] INFO  server.RaftServerConfigKeys (ConfUtils.java:logGet(46)) - raft.server.rpc.first-election.timeout.min = 1000ms (custom)
2025-05-14 02:55:12,868 [e44b5a69-92f9-40f4-85c9-712e1c637b62@group-49D9F7F395BD-LeaderElection34] INFO  server.RaftServerConfigKeys (ConfUtils.java:logGet(46)) - raft.server.rpc.first-election.timeout.max = 1200ms (custom)
2025-05-14 02:55:12,868 [e44b5a69-92f9-40f4-85c9-712e1c637b62@group-49D9F7F395BD-LeaderElection34-2] INFO  server.GrpcServerProtocolClient (GrpcServerProtocolClient.java:<init>(65)) - Build channel for c77e66e9-1cca-4fd3-bc5b-4ea2dbc3232f|127.0.0.1:15055
2025-05-14 02:55:12,869 [grpc-default-executor-6] INFO  server.RaftServer$Division (RaftServerImpl.java:requestVote(1407)) - 9d8a5836-bfca-4d37-9676-470807fcd29d@group-49D9F7F395BD: receive requestVote(PRE_VOTE, e44b5a69-92f9-40f4-85c9-712e1c637b62, group-49D9F7F395BD, 0, (t:0, i:0))
2025-05-14 02:55:12,869 [grpc-default-executor-6] INFO  impl.VoteContext (VoteContext.java:log(49)) - 9d8a5836-bfca-4d37-9676-470807fcd29d@group-49D9F7F395BD-FOLLOWER: accept PRE_VOTE from e44b5a69-92f9-40f4-85c9-712e1c637b62: our priority 0 <= candidate's priority 1
2025-05-14 02:55:12,869 [grpc-default-executor-6] INFO  server.RaftServer$Division (RaftServerImpl.java:requestVote(1441)) - 9d8a5836-bfca-4d37-9676-470807fcd29d@group-49D9F7F395BD replies to PRE_VOTE vote request: e44b5a69-92f9-40f4-85c9-712e1c637b62<-9d8a5836-bfca-4d37-9676-470807fcd29d#0:OK-t0. Peer's state: 9d8a5836-bfca-4d37-9676-470807fcd29d@group-49D9F7F395BD:t0, leader=null, voted=, raftlog=Memoized:9d8a5836-bfca-4d37-9676-470807fcd29d@group-49D9F7F395BD-SegmentedRaftLog:OPENED:c-1:lastnull, conf=conf: {index: -1, cur=peers:[9d8a5836-bfca-4d37-9676-470807fcd29d|127.0.0.1:15087, e44b5a69-92f9-40f4-85c9-712e1c637b62|127.0.0.1:15047, c77e66e9-1cca-4fd3-bc5b-4ea2dbc3232f|127.0.0.1:15055]|listeners:[], old=null}
2025-05-14 02:55:12,870 [e44b5a69-92f9-40f4-85c9-712e1c637b62@group-49D9F7F395BD-LeaderElection34] INFO  impl.LeaderElection (LeaderElection.java:logAndReturn(90)) - e44b5a69-92f9-40f4-85c9-712e1c637b62@group-49D9F7F395BD-LeaderElection34: PRE_VOTE PASSED received 1 response(s) and 0 exception(s):
2025-05-14 02:55:12,870 [e44b5a69-92f9-40f4-85c9-712e1c637b62@group-49D9F7F395BD-LeaderElection34] INFO  impl.LeaderElection (LeaderElection.java:logAndReturn(94)) -   Response 0: e44b5a69-92f9-40f4-85c9-712e1c637b62<-9d8a5836-bfca-4d37-9676-470807fcd29d#0:OK-t0
2025-05-14 02:55:12,871 [e44b5a69-92f9-40f4-85c9-712e1c637b62@group-49D9F7F395BD-LeaderElection34] INFO  impl.LeaderElection (LeaderElection.java:askForVotes(334)) - e44b5a69-92f9-40f4-85c9-712e1c637b62@group-49D9F7F395BD-LeaderElection34 PRE_VOTE round 0: result PASSED
2025-05-14 02:55:12,873 [e44b5a69-92f9-40f4-85c9-712e1c637b62@group-49D9F7F395BD-LeaderElection34] INFO  impl.LeaderElection (LeaderElection.java:askForVotes(332)) - e44b5a69-92f9-40f4-85c9-712e1c637b62@group-49D9F7F395BD-LeaderElection34 ELECTION round 0: submit vote requests at term 1 for conf: {index: -1, cur=peers:[9d8a5836-bfca-4d37-9676-470807fcd29d|127.0.0.1:15087, e44b5a69-92f9-40f4-85c9-712e1c637b62|127.0.0.1:15047, c77e66e9-1cca-4fd3-bc5b-4ea2dbc3232f|127.0.0.1:15055]|listeners:[], old=null}
2025-05-14 02:55:12,873 [e44b5a69-92f9-40f4-85c9-712e1c637b62@group-49D9F7F395BD-LeaderElection34] INFO  server.RaftServerConfigKeys (ConfUtils.java:logGet(46)) - raft.server.rpc.first-election.timeout.min = 1000ms (custom)
2025-05-14 02:55:12,873 [e44b5a69-92f9-40f4-85c9-712e1c637b62@group-49D9F7F395BD-LeaderElection34] INFO  server.RaftServerConfigKeys (ConfUtils.java:logGet(46)) - raft.server.rpc.first-election.timeout.max = 1200ms (custom)
2025-05-14 02:55:12,874 [grpc-default-executor-6] INFO  server.RaftServer$Division (RaftServerImpl.java:requestVote(1407)) - 9d8a5836-bfca-4d37-9676-470807fcd29d@group-49D9F7F395BD: receive requestVote(ELECTION, e44b5a69-92f9-40f4-85c9-712e1c637b62, group-49D9F7F395BD, 1, (t:0, i:0))
2025-05-14 02:55:12,874 [grpc-default-executor-6] INFO  impl.VoteContext (VoteContext.java:log(49)) - 9d8a5836-bfca-4d37-9676-470807fcd29d@group-49D9F7F395BD-FOLLOWER: accept ELECTION from e44b5a69-92f9-40f4-85c9-712e1c637b62: our priority 0 <= candidate's priority 1
2025-05-14 02:55:12,874 [grpc-default-executor-6] INFO  server.RaftServer$Division (RaftServerImpl.java:setRole(378)) - 9d8a5836-bfca-4d37-9676-470807fcd29d@group-49D9F7F395BD: changes role from  FOLLOWER to FOLLOWER at term 0 for candidate:e44b5a69-92f9-40f4-85c9-712e1c637b62
2025-05-14 02:55:12,874 [grpc-default-executor-6] INFO  impl.RoleInfo (RoleInfo.java:shutdownFollowerState(121)) - 9d8a5836-bfca-4d37-9676-470807fcd29d: shutdown 9d8a5836-bfca-4d37-9676-470807fcd29d@group-49D9F7F395BD-FollowerState
2025-05-14 02:55:12,874 [9d8a5836-bfca-4d37-9676-470807fcd29d@group-49D9F7F395BD-FollowerState] INFO  impl.FollowerState (FollowerState.java:runImpl(170)) - 9d8a5836-bfca-4d37-9676-470807fcd29d@group-49D9F7F395BD-FollowerState was interrupted
2025-05-14 02:55:12,874 [grpc-default-executor-8] INFO  server.RaftServer$Division (RaftServerImpl.java:requestVote(1407)) - c77e66e9-1cca-4fd3-bc5b-4ea2dbc3232f@group-49D9F7F395BD: receive requestVote(ELECTION, e44b5a69-92f9-40f4-85c9-712e1c637b62, group-49D9F7F395BD, 1, (t:0, i:0))
2025-05-14 02:55:12,874 [grpc-default-executor-8] INFO  impl.VoteContext (VoteContext.java:log(49)) - c77e66e9-1cca-4fd3-bc5b-4ea2dbc3232f@group-49D9F7F395BD-FOLLOWER: accept ELECTION from e44b5a69-92f9-40f4-85c9-712e1c637b62: our priority 0 <= candidate's priority 1
2025-05-14 02:55:12,874 [grpc-default-executor-8] INFO  server.RaftServer$Division (RaftServerImpl.java:setRole(378)) - c77e66e9-1cca-4fd3-bc5b-4ea2dbc3232f@group-49D9F7F395BD: changes role from  FOLLOWER to FOLLOWER at term 0 for candidate:e44b5a69-92f9-40f4-85c9-712e1c637b62
2025-05-14 02:55:12,874 [grpc-default-executor-8] INFO  impl.RoleInfo (RoleInfo.java:shutdownFollowerState(121)) - c77e66e9-1cca-4fd3-bc5b-4ea2dbc3232f: shutdown c77e66e9-1cca-4fd3-bc5b-4ea2dbc3232f@group-49D9F7F395BD-FollowerState
2025-05-14 02:55:12,874 [grpc-default-executor-8] INFO  impl.RoleInfo (RoleInfo.java:updateAndGet(148)) - c77e66e9-1cca-4fd3-bc5b-4ea2dbc3232f: start c77e66e9-1cca-4fd3-bc5b-4ea2dbc3232f@group-49D9F7F395BD-FollowerState
2025-05-14 02:55:12,875 [grpc-default-executor-6] INFO  impl.RoleInfo (RoleInfo.java:updateAndGet(148)) - 9d8a5836-bfca-4d37-9676-470807fcd29d: start 9d8a5836-bfca-4d37-9676-470807fcd29d@group-49D9F7F395BD-FollowerState
2025-05-14 02:55:12,875 [c77e66e9-1cca-4fd3-bc5b-4ea2dbc3232f@group-49D9F7F395BD-FollowerState] INFO  impl.FollowerState (FollowerState.java:runImpl(170)) - c77e66e9-1cca-4fd3-bc5b-4ea2dbc3232f@group-49D9F7F395BD-FollowerState was interrupted
2025-05-14 02:55:12,875 [grpc-default-executor-6] INFO  server.RaftServer$Division (RaftServerImpl.java:setFirstElection(562)) - 9d8a5836-bfca-4d37-9676-470807fcd29d@group-49D9F7F395BD: set firstElectionSinceStartup to false for candidate:e44b5a69-92f9-40f4-85c9-712e1c637b62
2025-05-14 02:55:12,876 [grpc-default-executor-8] INFO  server.RaftServer$Division (RaftServerImpl.java:requestVote(1441)) - c77e66e9-1cca-4fd3-bc5b-4ea2dbc3232f@group-49D9F7F395BD replies to ELECTION vote request: e44b5a69-92f9-40f4-85c9-712e1c637b62<-c77e66e9-1cca-4fd3-bc5b-4ea2dbc3232f#0:OK-t1. Peer's state: c77e66e9-1cca-4fd3-bc5b-4ea2dbc3232f@group-49D9F7F395BD:t1, leader=null, voted=e44b5a69-92f9-40f4-85c9-712e1c637b62, raftlog=Memoized:c77e66e9-1cca-4fd3-bc5b-4ea2dbc3232f@group-49D9F7F395BD-SegmentedRaftLog:OPENED:c-1:lastnull, conf=conf: {index: -1, cur=peers:[9d8a5836-bfca-4d37-9676-470807fcd29d|127.0.0.1:15087, e44b5a69-92f9-40f4-85c9-712e1c637b62|127.0.0.1:15047, c77e66e9-1cca-4fd3-bc5b-4ea2dbc3232f|127.0.0.1:15055]|listeners:[], old=null}
2025-05-14 02:55:12,876 [e44b5a69-92f9-40f4-85c9-712e1c637b62@group-49D9F7F395BD-LeaderElection34] INFO  impl.LeaderElection (LeaderElection.java:logAndReturn(90)) - e44b5a69-92f9-40f4-85c9-712e1c637b62@group-49D9F7F395BD-LeaderElection34: ELECTION PASSED received 1 response(s) and 0 exception(s):
2025-05-14 02:55:12,877 [e44b5a69-92f9-40f4-85c9-712e1c637b62@group-49D9F7F395BD-LeaderElection34] INFO  impl.LeaderElection (LeaderElection.java:logAndReturn(94)) -   Response 0: e44b5a69-92f9-40f4-85c9-712e1c637b62<-c77e66e9-1cca-4fd3-bc5b-4ea2dbc3232f#0:OK-t1
2025-05-14 02:55:12,877 [grpc-default-executor-6] INFO  server.RaftServer$Division (RaftServerImpl.java:requestVote(1441)) - 9d8a5836-bfca-4d37-9676-470807fcd29d@group-49D9F7F395BD replies to ELECTION vote request: e44b5a69-92f9-40f4-85c9-712e1c637b62<-9d8a5836-bfca-4d37-9676-470807fcd29d#0:OK-t1. Peer's state: 9d8a5836-bfca-4d37-9676-470807fcd29d@group-49D9F7F395BD:t1, leader=null, voted=e44b5a69-92f9-40f4-85c9-712e1c637b62, raftlog=Memoized:9d8a5836-bfca-4d37-9676-470807fcd29d@group-49D9F7F395BD-SegmentedRaftLog:OPENED:c-1:lastnull, conf=conf: {index: -1, cur=peers:[9d8a5836-bfca-4d37-9676-470807fcd29d|127.0.0.1:15087, e44b5a69-92f9-40f4-85c9-712e1c637b62|127.0.0.1:15047, c77e66e9-1cca-4fd3-bc5b-4ea2dbc3232f|127.0.0.1:15055]|listeners:[], old=null}
2025-05-14 02:55:12,877 [e44b5a69-92f9-40f4-85c9-712e1c637b62@group-49D9F7F395BD-LeaderElection34] INFO  impl.LeaderElection (LeaderElection.java:askForVotes(334)) - e44b5a69-92f9-40f4-85c9-712e1c637b62@group-49D9F7F395BD-LeaderElection34 ELECTION round 0: result PASSED
2025-05-14 02:55:12,877 [e44b5a69-92f9-40f4-85c9-712e1c637b62@group-49D9F7F395BD-LeaderElection34] INFO  impl.RoleInfo (RoleInfo.java:shutdownLeaderElection(141)) - e44b5a69-92f9-40f4-85c9-712e1c637b62: shutdown e44b5a69-92f9-40f4-85c9-712e1c637b62@group-49D9F7F395BD-LeaderElection34
2025-05-14 02:55:12,877 [e44b5a69-92f9-40f4-85c9-712e1c637b62@group-49D9F7F395BD-LeaderElection34] INFO  server.RaftServer$Division (RaftServerImpl.java:setRole(378)) - e44b5a69-92f9-40f4-85c9-712e1c637b62@group-49D9F7F395BD: changes role from CANDIDATE to LEADER at term 1 for changeToLeader
2025-05-14 02:55:12,877 [e44b5a69-92f9-40f4-85c9-712e1c637b62@group-49D9F7F395BD-LeaderElection34] INFO  server.RaftServerConfigKeys (ConfUtils.java:logGet(46)) - raft.server.staging.catchup.gap = 1000 (default)
2025-05-14 02:55:12,877 [e44b5a69-92f9-40f4-85c9-712e1c637b62@group-49D9F7F395BD-LeaderElection34] INFO  server.RaftServerConfigKeys (ConfUtils.java:logGet(46)) - raft.server.write.element-limit = 1024 (custom)
2025-05-14 02:55:12,877 [e44b5a69-92f9-40f4-85c9-712e1c637b62@group-49D9F7F395BD-LeaderElection34] INFO  server.RaftServerConfigKeys (ConfUtils.java:logGet(46)) - raft.server.write.byte-limit = 1024 M (=1073741824) (custom)
2025-05-14 02:55:12,878 [e44b5a69-92f9-40f4-85c9-712e1c637b62@group-49D9F7F395BD-LeaderElection34] INFO  server.RaftServerConfigKeys (ConfUtils.java:logGet(46)) - raft.server.watch.timeout = 10000ms (default)
2025-05-14 02:55:12,878 [e44b5a69-92f9-40f4-85c9-712e1c637b62@group-49D9F7F395BD-LeaderElection34] INFO  server.RaftServerConfigKeys (ConfUtils.java:logGet(46)) - raft.server.watch.timeout.denomination = 1s (default)
2025-05-14 02:55:12,878 [e44b5a69-92f9-40f4-85c9-712e1c637b62@group-49D9F7F395BD-LeaderElection34] INFO  server.RaftServerConfigKeys (ConfUtils.java:logGet(46)) - raft.server.watch.element-limit = 65536 (default)
2025-05-14 02:55:12,878 [e44b5a69-92f9-40f4-85c9-712e1c637b62@group-49D9F7F395BD-LeaderElection34] INFO  server.RaftServerConfigKeys (ConfUtils.java:logGet(46)) - raft.server.read.leader.lease.enabled = false (default)
2025-05-14 02:55:12,878 [e44b5a69-92f9-40f4-85c9-712e1c637b62@group-49D9F7F395BD-LeaderElection34] INFO  server.RaftServerConfigKeys (ConfUtils.java:logGet(46)) - raft.server.read.leader.lease.timeout.ratio = 0.9 (default)
2025-05-14 02:55:12,878 [e44b5a69-92f9-40f4-85c9-712e1c637b62@group-49D9F7F395BD-LeaderElection34] INFO  server.RaftServerConfigKeys (ConfUtils.java:logGet(46)) - raft.server.rpc.timeout.min = 5s (custom)
2025-05-14 02:55:12,878 [e44b5a69-92f9-40f4-85c9-712e1c637b62@group-49D9F7F395BD-LeaderElection34] INFO  server.RaftServerConfigKeys (ConfUtils.java:logGet(46)) - raft.server.log.log-metadata.enabled = true (default)
2025-05-14 02:55:12,878 [e44b5a69-92f9-40f4-85c9-712e1c637b62@group-49D9F7F395BD-LeaderElection34] INFO  server.RaftServerConfigKeys (ConfUtils.java:logGet(46)) - raft.server.write.element-limit = 1024 (custom)
2025-05-14 02:55:12,878 [e44b5a69-92f9-40f4-85c9-712e1c637b62@group-49D9F7F395BD-LeaderElection34] INFO  server.RaftServerConfigKeys (ConfUtils.java:logGet(46)) - raft.server.write.follower.gap.ratio.max = -1.0 (default)
2025-05-14 02:55:12,879 [e44b5a69-92f9-40f4-85c9-712e1c637b62@group-49D9F7F395BD-LeaderElection34] INFO  server.RaftServerConfigKeys (ConfUtils.java:logGet(46)) - raft.server.log.appender.snapshot.chunk.size.max = 16MB (=16777216) (default)
2025-05-14 02:55:12,879 [e44b5a69-92f9-40f4-85c9-712e1c637b62@group-49D9F7F395BD-LeaderElection34] INFO  server.RaftServerConfigKeys (ConfUtils.java:logGet(46)) - raft.server.log.appender.buffer.byte-limit = 33554432 (custom)
2025-05-14 02:55:12,879 [e44b5a69-92f9-40f4-85c9-712e1c637b62@group-49D9F7F395BD-LeaderElection34] INFO  server.RaftServerConfigKeys (ConfUtils.java:logGet(46)) - raft.server.log.appender.buffer.element-limit = 1024 (custom)
2025-05-14 02:55:12,879 [e44b5a69-92f9-40f4-85c9-712e1c637b62@group-49D9F7F395BD-LeaderElection34] INFO  server.RaftServerConfigKeys (ConfUtils.java:logGet(46)) - raft.server.log.appender.wait-time.min = 0ms (custom)
2025-05-14 02:55:12,879 [e44b5a69-92f9-40f4-85c9-712e1c637b62@group-49D9F7F395BD-LeaderElection34] INFO  grpc.GrpcConfigKeys (ConfUtils.java:logGet(46)) - raft.grpc.server.leader.outstanding.appends.max = 8 (default)
2025-05-14 02:55:12,879 [e44b5a69-92f9-40f4-85c9-712e1c637b62@group-49D9F7F395BD-LeaderElection34] INFO  server.RaftServerConfigKeys (ConfUtils.java:logGet(46)) - raft.server.rpc.request.timeout = 3000ms (default)
2025-05-14 02:55:12,879 [e44b5a69-92f9-40f4-85c9-712e1c637b62@group-49D9F7F395BD-LeaderElection34] INFO  grpc.GrpcConfigKeys (ConfUtils.java:logGet(46)) - raft.grpc.server.install_snapshot.request.element-limit = 8 (default)
2025-05-14 02:55:12,879 [e44b5a69-92f9-40f4-85c9-712e1c637b62@group-49D9F7F395BD-LeaderElection34] INFO  grpc.GrpcConfigKeys (ConfUtils.java:logGet(46)) - raft.grpc.server.install_snapshot.request.timeout = 3000ms (default)
2025-05-14 02:55:12,879 [e44b5a69-92f9-40f4-85c9-712e1c637b62@group-49D9F7F395BD-LeaderElection34] INFO  grpc.GrpcConfigKeys (ConfUtils.java:logGet(46)) - raft.grpc.server.log-message.batch.duration = 5s (default)
2025-05-14 02:55:12,879 [e44b5a69-92f9-40f4-85c9-712e1c637b62@group-49D9F7F395BD-LeaderElection34] INFO  server.RaftServerConfigKeys (ConfUtils.java:logGet(46)) - raft.server.log.appender.install.snapshot.enabled = false (custom)
2025-05-14 02:55:12,879 [e44b5a69-92f9-40f4-85c9-712e1c637b62@group-49D9F7F395BD-LeaderElection34] INFO  grpc.GrpcConfigKeys (ConfUtils.java:logGet(46)) - raft.grpc.server.heartbeat.channel = true (default)
2025-05-14 02:55:12,881 [e44b5a69-92f9-40f4-85c9-712e1c637b62@group-49D9F7F395BD-LeaderElection34] INFO  server.RaftServerConfigKeys (ConfUtils.java:logGet(46)) - raft.server.log.appender.snapshot.chunk.size.max = 16MB (=16777216) (default)
2025-05-14 02:55:12,881 [e44b5a69-92f9-40f4-85c9-712e1c637b62@group-49D9F7F395BD-LeaderElection34] INFO  server.RaftServerConfigKeys (ConfUtils.java:logGet(46)) - raft.server.log.appender.buffer.byte-limit = 33554432 (custom)
2025-05-14 02:55:12,881 [e44b5a69-92f9-40f4-85c9-712e1c637b62@group-49D9F7F395BD-LeaderElection34] INFO  server.RaftServerConfigKeys (ConfUtils.java:logGet(46)) - raft.server.log.appender.buffer.element-limit = 1024 (custom)
2025-05-14 02:55:12,881 [e44b5a69-92f9-40f4-85c9-712e1c637b62@group-49D9F7F395BD-LeaderElection34] INFO  server.RaftServerConfigKeys (ConfUtils.java:logGet(46)) - raft.server.log.appender.wait-time.min = 0ms (custom)
2025-05-14 02:55:12,881 [e44b5a69-92f9-40f4-85c9-712e1c637b62@group-49D9F7F395BD-LeaderElection34] INFO  grpc.GrpcConfigKeys (ConfUtils.java:logGet(46)) - raft.grpc.server.leader.outstanding.appends.max = 8 (default)
2025-05-14 02:55:12,881 [e44b5a69-92f9-40f4-85c9-712e1c637b62@group-49D9F7F395BD-LeaderElection34] INFO  server.RaftServerConfigKeys (ConfUtils.java:logGet(46)) - raft.server.rpc.request.timeout = 3000ms (default)
2025-05-14 02:55:12,881 [e44b5a69-92f9-40f4-85c9-712e1c637b62@group-49D9F7F395BD-LeaderElection34] INFO  grpc.GrpcConfigKeys (ConfUtils.java:logGet(46)) - raft.grpc.server.install_snapshot.request.element-limit = 8 (default)
2025-05-14 02:55:12,881 [e44b5a69-92f9-40f4-85c9-712e1c637b62@group-49D9F7F395BD-LeaderElection34] INFO  grpc.GrpcConfigKeys (ConfUtils.java:logGet(46)) - raft.grpc.server.install_snapshot.request.timeout = 3000ms (default)
2025-05-14 02:55:12,881 [e44b5a69-92f9-40f4-85c9-712e1c637b62@group-49D9F7F395BD-LeaderElection34] INFO  grpc.GrpcConfigKeys (ConfUtils.java:logGet(46)) - raft.grpc.server.log-message.batch.duration = 5s (default)
2025-05-14 02:55:12,881 [e44b5a69-92f9-40f4-85c9-712e1c637b62@group-49D9F7F395BD-LeaderElection34] INFO  server.RaftServerConfigKeys (ConfUtils.java:logGet(46)) - raft.server.log.appender.install.snapshot.enabled = false (custom)
2025-05-14 02:55:12,881 [e44b5a69-92f9-40f4-85c9-712e1c637b62@group-49D9F7F395BD-LeaderElection34] INFO  grpc.GrpcConfigKeys (ConfUtils.java:logGet(46)) - raft.grpc.server.heartbeat.channel = true (default)
2025-05-14 02:55:12,881 [e44b5a69-92f9-40f4-85c9-712e1c637b62@group-49D9F7F395BD-LeaderElection34] INFO  impl.RoleInfo (RoleInfo.java:updateAndGet(148)) - e44b5a69-92f9-40f4-85c9-712e1c637b62: start e44b5a69-92f9-40f4-85c9-712e1c637b62@group-49D9F7F395BD-LeaderStateImpl
2025-05-14 02:55:12,881 [e44b5a69-92f9-40f4-85c9-712e1c637b62@group-49D9F7F395BD-LeaderElection34] INFO  server.RaftServer$Division (RaftServerImpl.java:setFirstElection(562)) - e44b5a69-92f9-40f4-85c9-712e1c637b62@group-49D9F7F395BD: set firstElectionSinceStartup to false for becomeLeader
2025-05-14 02:55:12,881 [e44b5a69-92f9-40f4-85c9-712e1c637b62@group-49D9F7F395BD-LeaderElection34] INFO  ratis.XceiverServerRatis (XceiverServerRatis.java:handleLeaderChangedNotification(944)) - Leader change notification received for group: group-49D9F7F395BD with new leaderId: e44b5a69-92f9-40f4-85c9-712e1c637b62
2025-05-14 02:55:12,881 [e44b5a69-92f9-40f4-85c9-712e1c637b62@group-49D9F7F395BD-LeaderElection34] INFO  server.RaftServer$Division (ServerState.java:setLeader(272)) - e44b5a69-92f9-40f4-85c9-712e1c637b62@group-49D9F7F395BD: change Leader from null to e44b5a69-92f9-40f4-85c9-712e1c637b62 at term 1 for becomeLeader, leader elected after 1188ms
2025-05-14 02:55:12,881 [e44b5a69-92f9-40f4-85c9-712e1c637b62@group-49D9F7F395BD-LeaderElection34] INFO  segmented.SegmentedRaftLogWorker (SegmentedRaftLogWorker.java:startLogSegment(438)) - e44b5a69-92f9-40f4-85c9-712e1c637b62@group-49D9F7F395BD-SegmentedRaftLogWorker: Starting segment from index:0
2025-05-14 02:55:12,882 [e44b5a69-92f9-40f4-85c9-712e1c637b62@group-49D9F7F395BD-LeaderElection34] INFO  server.RaftServer$Division (ServerState.java:setRaftConf(386)) - e44b5a69-92f9-40f4-85c9-712e1c637b62@group-49D9F7F395BD: set configuration conf: {index: 0, cur=peers:[9d8a5836-bfca-4d37-9676-470807fcd29d|127.0.0.1:15087, e44b5a69-92f9-40f4-85c9-712e1c637b62|127.0.0.1:15047, c77e66e9-1cca-4fd3-bc5b-4ea2dbc3232f|127.0.0.1:15055]|listeners:[], old=null}
2025-05-14 02:55:12,882 [e44b5a69-92f9-40f4-85c9-712e1c637b62@group-49D9F7F395BD-SegmentedRaftLogWorker] INFO  segmented.BufferedWriteChannel (BufferedWriteChannel.java:open(61)) - open log_inprogress_0 at position 0
2025-05-14 02:55:12,887 [EventQueue-PipelineReportForPipelineReportHandler] INFO  pipeline.PipelineReportHandler (PipelineReportHandler.java:processPipelineReport(134)) - Opened pipeline PipelineID=d1d91f20-cf59-41aa-b231-49d9f7f395bd
2025-05-14 02:55:12,889 [9d8a5836-bfca-4d37-9676-470807fcd29d-server-thread1] INFO  ratis.XceiverServerRatis (XceiverServerRatis.java:handleLeaderChangedNotification(944)) - Leader change notification received for group: group-49D9F7F395BD with new leaderId: e44b5a69-92f9-40f4-85c9-712e1c637b62
2025-05-14 02:55:12,889 [9d8a5836-bfca-4d37-9676-470807fcd29d-server-thread1] INFO  server.RaftServer$Division (ServerState.java:setLeader(272)) - 9d8a5836-bfca-4d37-9676-470807fcd29d@group-49D9F7F395BD: change Leader from null to e44b5a69-92f9-40f4-85c9-712e1c637b62 at term 1 for appendEntries, leader elected after 1153ms
2025-05-14 02:55:12,889 [9d8a5836-bfca-4d37-9676-470807fcd29d-server-thread2] INFO  server.RaftServer$Division (ServerState.java:setRaftConf(386)) - 9d8a5836-bfca-4d37-9676-470807fcd29d@group-49D9F7F395BD: set configuration conf: {index: 0, cur=peers:[9d8a5836-bfca-4d37-9676-470807fcd29d|127.0.0.1:15087, e44b5a69-92f9-40f4-85c9-712e1c637b62|127.0.0.1:15047, c77e66e9-1cca-4fd3-bc5b-4ea2dbc3232f|127.0.0.1:15055]|listeners:[], old=null}
2025-05-14 02:55:12,889 [9d8a5836-bfca-4d37-9676-470807fcd29d-server-thread2] INFO  segmented.SegmentedRaftLogWorker (SegmentedRaftLogWorker.java:startLogSegment(438)) - 9d8a5836-bfca-4d37-9676-470807fcd29d@group-49D9F7F395BD-SegmentedRaftLogWorker: Starting segment from index:0
2025-05-14 02:55:12,890 [9d8a5836-bfca-4d37-9676-470807fcd29d@group-49D9F7F395BD-SegmentedRaftLogWorker] INFO  segmented.BufferedWriteChannel (BufferedWriteChannel.java:open(61)) - open log_inprogress_0 at position 0
2025-05-14 02:55:12,890 [c77e66e9-1cca-4fd3-bc5b-4ea2dbc3232f-server-thread1] INFO  ratis.XceiverServerRatis (XceiverServerRatis.java:handleLeaderChangedNotification(944)) - Leader change notification received for group: group-49D9F7F395BD with new leaderId: e44b5a69-92f9-40f4-85c9-712e1c637b62
2025-05-14 02:55:12,891 [c77e66e9-1cca-4fd3-bc5b-4ea2dbc3232f-server-thread1] INFO  server.RaftServer$Division (ServerState.java:setLeader(272)) - c77e66e9-1cca-4fd3-bc5b-4ea2dbc3232f@group-49D9F7F395BD: change Leader from null to e44b5a69-92f9-40f4-85c9-712e1c637b62 at term 1 for appendEntries, leader elected after 1123ms
2025-05-14 02:55:12,892 [c77e66e9-1cca-4fd3-bc5b-4ea2dbc3232f-server-thread1] INFO  server.RaftServer$Division (ServerState.java:setRaftConf(386)) - c77e66e9-1cca-4fd3-bc5b-4ea2dbc3232f@group-49D9F7F395BD: set configuration conf: {index: 0, cur=peers:[9d8a5836-bfca-4d37-9676-470807fcd29d|127.0.0.1:15087, e44b5a69-92f9-40f4-85c9-712e1c637b62|127.0.0.1:15047, c77e66e9-1cca-4fd3-bc5b-4ea2dbc3232f|127.0.0.1:15055]|listeners:[], old=null}
2025-05-14 02:55:12,892 [c77e66e9-1cca-4fd3-bc5b-4ea2dbc3232f-server-thread1] INFO  segmented.SegmentedRaftLogWorker (SegmentedRaftLogWorker.java:startLogSegment(438)) - c77e66e9-1cca-4fd3-bc5b-4ea2dbc3232f@group-49D9F7F395BD-SegmentedRaftLogWorker: Starting segment from index:0
2025-05-14 02:55:12,893 [c77e66e9-1cca-4fd3-bc5b-4ea2dbc3232f@group-49D9F7F395BD-SegmentedRaftLogWorker] INFO  segmented.BufferedWriteChannel (BufferedWriteChannel.java:open(61)) - open log_inprogress_0 at position 0
2025-05-14 02:55:12,894 [e44b5a69-92f9-40f4-85c9-712e1c637b62@group-49D9F7F395BD-SegmentedRaftLogWorker] INFO  segmented.SegmentedRaftLogWorker (SegmentedRaftLogWorker.java:execute(644)) - e44b5a69-92f9-40f4-85c9-712e1c637b62@group-49D9F7F395BD-SegmentedRaftLogWorker: created new log segment /home/runner/work/ozone/ozone/hadoop-ozone/integration-test/target/test-dir/MiniOzoneClusterImpl-af940217-b311-440f-8e09-352fdf66236b/ozone-meta/datanode-5/ratis630cd441-1fbc-4332-a044-ef429d701783/d1d91f20-cf59-41aa-b231-49d9f7f395bd/current/log_inprogress_0
2025-05-14 02:55:12,902 [9d8a5836-bfca-4d37-9676-470807fcd29d@group-49D9F7F395BD-SegmentedRaftLogWorker] INFO  segmented.SegmentedRaftLogWorker (SegmentedRaftLogWorker.java:execute(644)) - 9d8a5836-bfca-4d37-9676-470807fcd29d@group-49D9F7F395BD-SegmentedRaftLogWorker: created new log segment /home/runner/work/ozone/ozone/hadoop-ozone/integration-test/target/test-dir/MiniOzoneClusterImpl-af940217-b311-440f-8e09-352fdf66236b/ozone-meta/datanode-10/ratis/d1d91f20-cf59-41aa-b231-49d9f7f395bd/current/log_inprogress_0
2025-05-14 02:55:12,903 [c77e66e9-1cca-4fd3-bc5b-4ea2dbc3232f@group-49D9F7F395BD-SegmentedRaftLogWorker] INFO  segmented.SegmentedRaftLogWorker (SegmentedRaftLogWorker.java:execute(644)) - c77e66e9-1cca-4fd3-bc5b-4ea2dbc3232f@group-49D9F7F395BD-SegmentedRaftLogWorker: created new log segment /home/runner/work/ozone/ozone/hadoop-ozone/integration-test/target/test-dir/MiniOzoneClusterImpl-af940217-b311-440f-8e09-352fdf66236b/ozone-meta/datanode-6/ratis10784c24-b766-40d3-908b-7013b1989165/d1d91f20-cf59-41aa-b231-49d9f7f395bd/current/log_inprogress_0
2025-05-14 02:55:12,904 [e44b5a69-92f9-40f4-85c9-712e1c637b62@group-49D9F7F395BD-StateMachineUpdater] INFO  server.RaftServer$Division (LeaderStateImpl.java:checkStartIndex(313)) - Leader e44b5a69-92f9-40f4-85c9-712e1c637b62@group-49D9F7F395BD-LeaderStateImpl is ready since appliedIndex == startIndex == 0
2025-05-14 02:55:12,904 [e44b5a69-92f9-40f4-85c9-712e1c637b62@group-49D9F7F395BD-StateMachineUpdater] INFO  ratis.ContainerStateMachine (ContainerStateMachine.java:takeSnapshot(427)) - group-49D9F7F395BD: Taking a snapshot at:(t:1, i:0) file /home/runner/work/ozone/ozone/hadoop-ozone/integration-test/target/test-dir/MiniOzoneClusterImpl-af940217-b311-440f-8e09-352fdf66236b/ozone-meta/datanode-5/ratis630cd441-1fbc-4332-a044-ef429d701783/d1d91f20-cf59-41aa-b231-49d9f7f395bd/sm/snapshot.1_0
2025-05-14 02:55:12,905 [e44b5a69-92f9-40f4-85c9-712e1c637b62@group-49D9F7F395BD-StateMachineUpdater] INFO  ratis.ContainerStateMachine (ContainerStateMachine.java:takeSnapshot(436)) - group-49D9F7F395BD: Finished taking a snapshot at:(t:1, i:0) file:/home/runner/work/ozone/ozone/hadoop-ozone/integration-test/target/test-dir/MiniOzoneClusterImpl-af940217-b311-440f-8e09-352fdf66236b/ozone-meta/datanode-5/ratis630cd441-1fbc-4332-a044-ef429d701783/d1d91f20-cf59-41aa-b231-49d9f7f395bd/sm/snapshot.1_0 took: 0 ms
2025-05-14 02:55:12,905 [e44b5a69-92f9-40f4-85c9-712e1c637b62@group-49D9F7F395BD-StateMachineUpdater] INFO  impl.StateMachineUpdater (StateMachineUpdater.java:takeSnapshot(303)) - e44b5a69-92f9-40f4-85c9-712e1c637b62@group-49D9F7F395BD-StateMachineUpdater: Took a snapshot at index 0
2025-05-14 02:55:12,905 [e44b5a69-92f9-40f4-85c9-712e1c637b62@group-49D9F7F395BD-StateMachineUpdater] INFO  impl.StateMachineUpdater (StateMachineUpdater.java:lambda$new$0(102)) - e44b5a69-92f9-40f4-85c9-712e1c637b62@group-49D9F7F395BD-StateMachineUpdater: snapshotIndex: updateIncreasingly -1 -> 0
2025-05-14 02:55:12,995 [EventQueue-PipelineActionsForPipelineActionHandler] INFO  pipeline.PipelineActionHandler (PipelineActionHandler.java:processPipelineAction(89)) - Received pipeline action CLOSE for PipelineID=04f6c6c3-d74d-4db8-823f-aff22c375116 from datanode f4f68937-1ce3-42e1-b3e7-547ae2d23d85(localhost/127.0.0.1). Reason : Chunks directory /home/runner/work/ozone/ozone/hadoop-ozone/integration-test/target/test-dir/MiniOzoneClusterImpl-af940217-b311-440f-8e09-352fdf66236b/ozone-meta/datanode-7/data-0/hdds/af940217-b311-440f-8e09-352fdf66236b/current/containerDir0/9/chunks does not exist.
2025-05-14 02:55:13,196 [EventQueue-PipelineActionsForPipelineActionHandler] INFO  pipeline.PipelineActionHandler (PipelineActionHandler.java:processPipelineAction(89)) - Received pipeline action CLOSE for PipelineID=04f6c6c3-d74d-4db8-823f-aff22c375116 from datanode f4f68937-1ce3-42e1-b3e7-547ae2d23d85(localhost/127.0.0.1). Reason : Chunks directory /home/runner/work/ozone/ozone/hadoop-ozone/integration-test/target/test-dir/MiniOzoneClusterImpl-af940217-b311-440f-8e09-352fdf66236b/ozone-meta/datanode-7/data-0/hdds/af940217-b311-440f-8e09-352fdf66236b/current/containerDir0/9/chunks does not exist.
2025-05-14 02:55:13,247 [c77e66e9-1cca-4fd3-bc5b-4ea2dbc3232f@group-74C733EDB62D-FollowerState] INFO  impl.FollowerState (FollowerState.java:runImpl(161)) - c77e66e9-1cca-4fd3-bc5b-4ea2dbc3232f@group-74C733EDB62D-FollowerState: change to CANDIDATE, lastRpcElapsedTime:1182582013ns, electionTimeout:1182ms
2025-05-14 02:55:13,247 [c77e66e9-1cca-4fd3-bc5b-4ea2dbc3232f@group-74C733EDB62D-FollowerState] INFO  impl.RoleInfo (RoleInfo.java:shutdownFollowerState(121)) - c77e66e9-1cca-4fd3-bc5b-4ea2dbc3232f: shutdown c77e66e9-1cca-4fd3-bc5b-4ea2dbc3232f@group-74C733EDB62D-FollowerState
2025-05-14 02:55:13,247 [c77e66e9-1cca-4fd3-bc5b-4ea2dbc3232f@group-74C733EDB62D-FollowerState] INFO  server.RaftServer$Division (RaftServerImpl.java:setRole(378)) - c77e66e9-1cca-4fd3-bc5b-4ea2dbc3232f@group-74C733EDB62D: changes role from  FOLLOWER to CANDIDATE at term 0 for changeToCandidate
2025-05-14 02:55:13,247 [c77e66e9-1cca-4fd3-bc5b-4ea2dbc3232f@group-74C733EDB62D-FollowerState] INFO  server.RaftServerConfigKeys (ConfUtils.java:logGet(46)) - raft.server.leaderelection.pre-vote = true (default)
2025-05-14 02:55:13,247 [c77e66e9-1cca-4fd3-bc5b-4ea2dbc3232f@group-74C733EDB62D-FollowerState] INFO  impl.RoleInfo (RoleInfo.java:updateAndGet(148)) - c77e66e9-1cca-4fd3-bc5b-4ea2dbc3232f: start c77e66e9-1cca-4fd3-bc5b-4ea2dbc3232f@group-74C733EDB62D-LeaderElection35
2025-05-14 02:55:13,248 [c77e66e9-1cca-4fd3-bc5b-4ea2dbc3232f@group-74C733EDB62D-LeaderElection35] INFO  impl.LeaderElection (LeaderElection.java:askForVotes(332)) - c77e66e9-1cca-4fd3-bc5b-4ea2dbc3232f@group-74C733EDB62D-LeaderElection35 PRE_VOTE round 0: submit vote requests at term 0 for conf: {index: -1, cur=peers:[c77e66e9-1cca-4fd3-bc5b-4ea2dbc3232f|127.0.0.1:15055]|listeners:[], old=null}
2025-05-14 02:55:13,248 [c77e66e9-1cca-4fd3-bc5b-4ea2dbc3232f@group-74C733EDB62D-LeaderElection35] INFO  impl.LeaderElection (LeaderElection.java:askForVotes(334)) - c77e66e9-1cca-4fd3-bc5b-4ea2dbc3232f@group-74C733EDB62D-LeaderElection35 PRE_VOTE round 0: result PASSED (term=0)
2025-05-14 02:55:13,249 [c77e66e9-1cca-4fd3-bc5b-4ea2dbc3232f@group-74C733EDB62D-LeaderElection35] INFO  impl.LeaderElection (LeaderElection.java:askForVotes(332)) - c77e66e9-1cca-4fd3-bc5b-4ea2dbc3232f@group-74C733EDB62D-LeaderElection35 ELECTION round 0: submit vote requests at term 1 for conf: {index: -1, cur=peers:[c77e66e9-1cca-4fd3-bc5b-4ea2dbc3232f|127.0.0.1:15055]|listeners:[], old=null}
2025-05-14 02:55:13,249 [c77e66e9-1cca-4fd3-bc5b-4ea2dbc3232f@group-74C733EDB62D-LeaderElection35] INFO  impl.LeaderElection (LeaderElection.java:askForVotes(334)) - c77e66e9-1cca-4fd3-bc5b-4ea2dbc3232f@group-74C733EDB62D-LeaderElection35 ELECTION round 0: result PASSED (term=1)
2025-05-14 02:55:13,249 [c77e66e9-1cca-4fd3-bc5b-4ea2dbc3232f@group-74C733EDB62D-LeaderElection35] INFO  impl.RoleInfo (RoleInfo.java:shutdownLeaderElection(141)) - c77e66e9-1cca-4fd3-bc5b-4ea2dbc3232f: shutdown c77e66e9-1cca-4fd3-bc5b-4ea2dbc3232f@group-74C733EDB62D-LeaderElection35
2025-05-14 02:55:13,249 [c77e66e9-1cca-4fd3-bc5b-4ea2dbc3232f@group-74C733EDB62D-LeaderElection35] INFO  server.RaftServer$Division (RaftServerImpl.java:setRole(378)) - c77e66e9-1cca-4fd3-bc5b-4ea2dbc3232f@group-74C733EDB62D: changes role from CANDIDATE to LEADER at term 1 for changeToLeader
2025-05-14 02:55:13,249 [c77e66e9-1cca-4fd3-bc5b-4ea2dbc3232f@group-74C733EDB62D-LeaderElection35] INFO  server.RaftServerConfigKeys (ConfUtils.java:logGet(46)) - raft.server.staging.catchup.gap = 1000 (default)
2025-05-14 02:55:13,249 [c77e66e9-1cca-4fd3-bc5b-4ea2dbc3232f@group-74C733EDB62D-LeaderElection35] INFO  server.RaftServerConfigKeys (ConfUtils.java:logGet(46)) - raft.server.write.element-limit = 1024 (custom)
2025-05-14 02:55:13,249 [c77e66e9-1cca-4fd3-bc5b-4ea2dbc3232f@group-74C733EDB62D-LeaderElection35] INFO  server.RaftServerConfigKeys (ConfUtils.java:logGet(46)) - raft.server.write.byte-limit = 1024 M (=1073741824) (custom)
2025-05-14 02:55:13,250 [c77e66e9-1cca-4fd3-bc5b-4ea2dbc3232f@group-74C733EDB62D-LeaderElection35] INFO  server.RaftServerConfigKeys (ConfUtils.java:logGet(46)) - raft.server.watch.timeout = 10000ms (default)
2025-05-14 02:55:13,250 [c77e66e9-1cca-4fd3-bc5b-4ea2dbc3232f@group-74C733EDB62D-LeaderElection35] INFO  server.RaftServerConfigKeys (ConfUtils.java:logGet(46)) - raft.server.watch.timeout.denomination = 1s (default)
2025-05-14 02:55:13,250 [c77e66e9-1cca-4fd3-bc5b-4ea2dbc3232f@group-74C733EDB62D-LeaderElection35] INFO  server.RaftServerConfigKeys (ConfUtils.java:logGet(46)) - raft.server.watch.element-limit = 65536 (default)
2025-05-14 02:55:13,250 [c77e66e9-1cca-4fd3-bc5b-4ea2dbc3232f@group-74C733EDB62D-LeaderElection35] INFO  server.RaftServerConfigKeys (ConfUtils.java:logGet(46)) - raft.server.read.leader.lease.enabled = false (default)
2025-05-14 02:55:13,250 [c77e66e9-1cca-4fd3-bc5b-4ea2dbc3232f@group-74C733EDB62D-LeaderElection35] INFO  server.RaftServerConfigKeys (ConfUtils.java:logGet(46)) - raft.server.read.leader.lease.timeout.ratio = 0.9 (default)
2025-05-14 02:55:13,250 [c77e66e9-1cca-4fd3-bc5b-4ea2dbc3232f@group-74C733EDB62D-LeaderElection35] INFO  server.RaftServerConfigKeys (ConfUtils.java:logGet(46)) - raft.server.rpc.timeout.min = 5s (custom)
2025-05-14 02:55:13,251 [c77e66e9-1cca-4fd3-bc5b-4ea2dbc3232f@group-74C733EDB62D-LeaderElection35] INFO  server.RaftServerConfigKeys (ConfUtils.java:logGet(46)) - raft.server.log.log-metadata.enabled = true (default)
2025-05-14 02:55:13,251 [c77e66e9-1cca-4fd3-bc5b-4ea2dbc3232f@group-74C733EDB62D-LeaderElection35] INFO  server.RaftServerConfigKeys (ConfUtils.java:logGet(46)) - raft.server.write.element-limit = 1024 (custom)
2025-05-14 02:55:13,251 [c77e66e9-1cca-4fd3-bc5b-4ea2dbc3232f@group-74C733EDB62D-LeaderElection35] INFO  server.RaftServerConfigKeys (ConfUtils.java:logGet(46)) - raft.server.write.follower.gap.ratio.max = -1.0 (default)
2025-05-14 02:55:13,251 [c77e66e9-1cca-4fd3-bc5b-4ea2dbc3232f@group-74C733EDB62D-LeaderElection35] INFO  impl.RoleInfo (RoleInfo.java:updateAndGet(148)) - c77e66e9-1cca-4fd3-bc5b-4ea2dbc3232f: start c77e66e9-1cca-4fd3-bc5b-4ea2dbc3232f@group-74C733EDB62D-LeaderStateImpl
2025-05-14 02:55:13,251 [c77e66e9-1cca-4fd3-bc5b-4ea2dbc3232f@group-74C733EDB62D-LeaderElection35] INFO  server.RaftServer$Division (RaftServerImpl.java:setFirstElection(562)) - c77e66e9-1cca-4fd3-bc5b-4ea2dbc3232f@group-74C733EDB62D: set firstElectionSinceStartup to false for becomeLeader
2025-05-14 02:55:13,251 [c77e66e9-1cca-4fd3-bc5b-4ea2dbc3232f@group-74C733EDB62D-LeaderElection35] INFO  ratis.XceiverServerRatis (XceiverServerRatis.java:handleLeaderChangedNotification(944)) - Leader change notification received for group: group-74C733EDB62D with new leaderId: c77e66e9-1cca-4fd3-bc5b-4ea2dbc3232f
2025-05-14 02:55:13,251 [c77e66e9-1cca-4fd3-bc5b-4ea2dbc3232f@group-74C733EDB62D-LeaderElection35] INFO  server.RaftServer$Division (ServerState.java:setLeader(272)) - c77e66e9-1cca-4fd3-bc5b-4ea2dbc3232f@group-74C733EDB62D: change Leader from null to c77e66e9-1cca-4fd3-bc5b-4ea2dbc3232f at term 1 for becomeLeader, leader elected after 1206ms
2025-05-14 02:55:13,251 [c77e66e9-1cca-4fd3-bc5b-4ea2dbc3232f@group-74C733EDB62D-LeaderElection35] INFO  segmented.SegmentedRaftLogWorker (SegmentedRaftLogWorker.java:startLogSegment(438)) - c77e66e9-1cca-4fd3-bc5b-4ea2dbc3232f@group-74C733EDB62D-SegmentedRaftLogWorker: Starting segment from index:0
2025-05-14 02:55:13,251 [c77e66e9-1cca-4fd3-bc5b-4ea2dbc3232f@group-74C733EDB62D-LeaderElection35] INFO  server.RaftServer$Division (ServerState.java:setRaftConf(386)) - c77e66e9-1cca-4fd3-bc5b-4ea2dbc3232f@group-74C733EDB62D: set configuration conf: {index: 0, cur=peers:[c77e66e9-1cca-4fd3-bc5b-4ea2dbc3232f|127.0.0.1:15055]|listeners:[], old=null}
2025-05-14 02:55:13,251 [c77e66e9-1cca-4fd3-bc5b-4ea2dbc3232f@group-74C733EDB62D-SegmentedRaftLogWorker] INFO  segmented.BufferedWriteChannel (BufferedWriteChannel.java:open(61)) - open log_inprogress_0 at position 0
2025-05-14 02:55:13,259 [c77e66e9-1cca-4fd3-bc5b-4ea2dbc3232f@group-74C733EDB62D-SegmentedRaftLogWorker] INFO  segmented.SegmentedRaftLogWorker (SegmentedRaftLogWorker.java:execute(644)) - c77e66e9-1cca-4fd3-bc5b-4ea2dbc3232f@group-74C733EDB62D-SegmentedRaftLogWorker: created new log segment /home/runner/work/ozone/ozone/hadoop-ozone/integration-test/target/test-dir/MiniOzoneClusterImpl-af940217-b311-440f-8e09-352fdf66236b/ozone-meta/datanode-6/ratis10784c24-b766-40d3-908b-7013b1989165/ed58307d-058e-41ad-86a1-74c733edb62d/current/log_inprogress_0
2025-05-14 02:55:13,261 [c77e66e9-1cca-4fd3-bc5b-4ea2dbc3232f@group-74C733EDB62D-StateMachineUpdater] INFO  server.RaftServer$Division (LeaderStateImpl.java:checkStartIndex(313)) - Leader c77e66e9-1cca-4fd3-bc5b-4ea2dbc3232f@group-74C733EDB62D-LeaderStateImpl is ready since appliedIndex == startIndex == 0
2025-05-14 02:55:13,261 [c77e66e9-1cca-4fd3-bc5b-4ea2dbc3232f@group-74C733EDB62D-StateMachineUpdater] INFO  ratis.ContainerStateMachine (ContainerStateMachine.java:takeSnapshot(427)) - group-74C733EDB62D: Taking a snapshot at:(t:1, i:0) file /home/runner/work/ozone/ozone/hadoop-ozone/integration-test/target/test-dir/MiniOzoneClusterImpl-af940217-b311-440f-8e09-352fdf66236b/ozone-meta/datanode-6/ratis10784c24-b766-40d3-908b-7013b1989165/ed58307d-058e-41ad-86a1-74c733edb62d/sm/snapshot.1_0
2025-05-14 02:55:13,261 [c77e66e9-1cca-4fd3-bc5b-4ea2dbc3232f@group-74C733EDB62D-StateMachineUpdater] INFO  ratis.ContainerStateMachine (ContainerStateMachine.java:takeSnapshot(436)) - group-74C733EDB62D: Finished taking a snapshot at:(t:1, i:0) file:/home/runner/work/ozone/ozone/hadoop-ozone/integration-test/target/test-dir/MiniOzoneClusterImpl-af940217-b311-440f-8e09-352fdf66236b/ozone-meta/datanode-6/ratis10784c24-b766-40d3-908b-7013b1989165/ed58307d-058e-41ad-86a1-74c733edb62d/sm/snapshot.1_0 took: 0 ms
2025-05-14 02:55:13,261 [c77e66e9-1cca-4fd3-bc5b-4ea2dbc3232f@group-74C733EDB62D-StateMachineUpdater] INFO  impl.StateMachineUpdater (StateMachineUpdater.java:takeSnapshot(303)) - c77e66e9-1cca-4fd3-bc5b-4ea2dbc3232f@group-74C733EDB62D-StateMachineUpdater: Took a snapshot at index 0
2025-05-14 02:55:13,261 [c77e66e9-1cca-4fd3-bc5b-4ea2dbc3232f@group-74C733EDB62D-StateMachineUpdater] INFO  impl.StateMachineUpdater (StateMachineUpdater.java:lambda$new$0(102)) - c77e66e9-1cca-4fd3-bc5b-4ea2dbc3232f@group-74C733EDB62D-StateMachineUpdater: snapshotIndex: updateIncreasingly -1 -> 0
2025-05-14 02:55:13,395 [EventQueue-PipelineActionsForPipelineActionHandler] INFO  pipeline.PipelineActionHandler (PipelineActionHandler.java:processPipelineAction(89)) - Received pipeline action CLOSE for PipelineID=04f6c6c3-d74d-4db8-823f-aff22c375116 from datanode f4f68937-1ce3-42e1-b3e7-547ae2d23d85(localhost/127.0.0.1). Reason : Chunks directory /home/runner/work/ozone/ozone/hadoop-ozone/integration-test/target/test-dir/MiniOzoneClusterImpl-af940217-b311-440f-8e09-352fdf66236b/ozone-meta/datanode-7/data-0/hdds/af940217-b311-440f-8e09-352fdf66236b/current/containerDir0/9/chunks does not exist.
2025-05-14 02:55:13,595 [EventQueue-PipelineActionsForPipelineActionHandler] INFO  pipeline.PipelineActionHandler (PipelineActionHandler.java:processPipelineAction(89)) - Received pipeline action CLOSE for PipelineID=04f6c6c3-d74d-4db8-823f-aff22c375116 from datanode f4f68937-1ce3-42e1-b3e7-547ae2d23d85(localhost/127.0.0.1). Reason : Chunks directory /home/runner/work/ozone/ozone/hadoop-ozone/integration-test/target/test-dir/MiniOzoneClusterImpl-af940217-b311-440f-8e09-352fdf66236b/ozone-meta/datanode-7/data-0/hdds/af940217-b311-440f-8e09-352fdf66236b/current/containerDir0/9/chunks does not exist.
2025-05-14 02:55:13,796 [EventQueue-PipelineActionsForPipelineActionHandler] INFO  pipeline.PipelineActionHandler (PipelineActionHandler.java:processPipelineAction(89)) - Received pipeline action CLOSE for PipelineID=04f6c6c3-d74d-4db8-823f-aff22c375116 from datanode f4f68937-1ce3-42e1-b3e7-547ae2d23d85(localhost/127.0.0.1). Reason : Chunks directory /home/runner/work/ozone/ozone/hadoop-ozone/integration-test/target/test-dir/MiniOzoneClusterImpl-af940217-b311-440f-8e09-352fdf66236b/ozone-meta/datanode-7/data-0/hdds/af940217-b311-440f-8e09-352fdf66236b/current/containerDir0/9/chunks does not exist.
2025-05-14 02:55:13,879 [f4f68937-1ce3-42e1-b3e7-547ae2d23d85@group-AFF22C375116-StateMachineUpdater] ERROR ratis.ContainerStateMachine (ContainerStateMachine.java:takeSnapshot(421)) - Failed to take snapshot  for group-AFF22C375116 as the stateMachine is unhealthy. The last applied index is at (t:1, i:3)
2025-05-14 02:55:13,879 [f4f68937-1ce3-42e1-b3e7-547ae2d23d85@group-AFF22C375116-StateMachineUpdater] ERROR impl.StateMachineUpdater (StateMachineUpdater.java:takeSnapshot(298)) - f4f68937-1ce3-42e1-b3e7-547ae2d23d85@group-AFF22C375116-StateMachineUpdater: Failed to take snapshot
org.apache.ratis.protocol.exceptions.StateMachineException: Failed to take snapshot  for group-AFF22C375116 as the stateMachine is unhealthy. The last applied index is at (t:1, i:3)
	at org.apache.hadoop.ozone.container.common.transport.server.ratis.ContainerStateMachine.takeSnapshot(ContainerStateMachine.java:420)
	at org.apache.ratis.server.impl.StateMachineUpdater.takeSnapshot(StateMachineUpdater.java:286)
	at org.apache.ratis.server.impl.StateMachineUpdater.checkAndTakeSnapshot(StateMachineUpdater.java:278)
	at org.apache.ratis.server.impl.StateMachineUpdater.run(StateMachineUpdater.java:194)
	at java.base/java.lang.Thread.run(Thread.java:1583)
2025-05-14 02:55:13,891 [8e51993b-4f71-45b0-84f2-cf37ffbd2099@group-AFF22C375116-StateMachineUpdater] INFO  ratis.ContainerStateMachine (ContainerStateMachine.java:takeSnapshot(427)) - group-AFF22C375116: Taking a snapshot at:(t:1, i:7) file /home/runner/work/ozone/ozone/hadoop-ozone/integration-test/target/test-dir/MiniOzoneClusterImpl-af940217-b311-440f-8e09-352fdf66236b/ozone-meta/datanode-8/ratis/04f6c6c3-d74d-4db8-823f-aff22c375116/sm/snapshot.1_7
2025-05-14 02:55:13,892 [8e51993b-4f71-45b0-84f2-cf37ffbd2099@group-AFF22C375116-StateMachineUpdater] INFO  ratis.ContainerStateMachine (ContainerStateMachine.java:takeSnapshot(436)) - group-AFF22C375116: Finished taking a snapshot at:(t:1, i:7) file:/home/runner/work/ozone/ozone/hadoop-ozone/integration-test/target/test-dir/MiniOzoneClusterImpl-af940217-b311-440f-8e09-352fdf66236b/ozone-meta/datanode-8/ratis/04f6c6c3-d74d-4db8-823f-aff22c375116/sm/snapshot.1_7 took: 0 ms
2025-05-14 02:55:13,893 [8e51993b-4f71-45b0-84f2-cf37ffbd2099@group-AFF22C375116-StateMachineUpdater] INFO  impl.StateMachineUpdater (StateMachineUpdater.java:takeSnapshot(303)) - 8e51993b-4f71-45b0-84f2-cf37ffbd2099@group-AFF22C375116-StateMachineUpdater: Took a snapshot at index 7
2025-05-14 02:55:13,893 [8e51993b-4f71-45b0-84f2-cf37ffbd2099@group-AFF22C375116-StateMachineUpdater] INFO  impl.StateMachineUpdater (StateMachineUpdater.java:lambda$new$0(102)) - 8e51993b-4f71-45b0-84f2-cf37ffbd2099@group-AFF22C375116-StateMachineUpdater: snapshotIndex: updateIncreasingly 3 -> 7
2025-05-14 02:55:13,996 [EventQueue-PipelineActionsForPipelineActionHandler] INFO  pipeline.PipelineActionHandler (PipelineActionHandler.java:processPipelineAction(89)) - Received pipeline action CLOSE for PipelineID=04f6c6c3-d74d-4db8-823f-aff22c375116 from datanode f4f68937-1ce3-42e1-b3e7-547ae2d23d85(localhost/127.0.0.1). Reason : Chunks directory /home/runner/work/ozone/ozone/hadoop-ozone/integration-test/target/test-dir/MiniOzoneClusterImpl-af940217-b311-440f-8e09-352fdf66236b/ozone-meta/datanode-7/data-0/hdds/af940217-b311-440f-8e09-352fdf66236b/current/containerDir0/9/chunks does not exist.
2025-05-14 02:55:14,181 [f4f68937-1ce3-42e1-b3e7-547ae2d23d85@group-AFF22C375116-SegmentedRaftLogWorker] ERROR ratis.ContainerStateMachine (ContainerStateMachine.java:notifyLogFailed(1268)) - group-AFF22C375116: (t:1, i:8) cmdType: CloseContainer traceID: "" containerID: 9 datanodeUuid: "6338fc9c-a704-4fa0-9c76-ba0cbc116aba" pipelineID: "04f6c6c3-d74d-4db8-823f-aff22c375116" closeContainer { } version: 3, container path=/home/runner/work/ozone/ozone/hadoop-ozone/integration-test/target/test-dir/MiniOzoneClusterImpl-af940217-b311-440f-8e09-352fdf66236b/ozone-meta/datanode-7/data-0/hdds/af940217-b311-440f-8e09-352fdf66236b/current/containerDir0/9
org.apache.ratis.server.raftlog.RaftLogIOException: Log already failed at index 4 for task WriteLog:4: (t:1, i:4), STATEMACHINELOGENTRY, cmdType: WriteChunk traceID: "" containerID: 9 datanodeUuid: "8e51993b-4f71-45b0-84f2-cf37ffbd2099" pipelineID: "04f6c6c3-d74d-4db8-823f-aff22c375116" writeChunk { blockID { containerID: 9 localID: 115816896921600009 blockCommitSequenceId: 2 replicaIndex: 0 } chunkData { chunkName: "115816896921600009_chunk_2" offset: 5 len: 10 checksumData { type: CRC32 bytesPerChecksum: 16384 checksums: "\317\357R*" } } } version: 3, container path=/home/runner/work/ozone/ozone/hadoop-ozone/integration-test/target/test-dir/MiniOzoneClusterImpl-af940217-b311-440f-8e09-352fdf66236b/ozone-meta/datanode-7/data-0/hdds/af940217-b311-440f-8e09-352fdf66236b/current/containerDir0/9
	at org.apache.ratis.server.raftlog.segmented.SegmentedRaftLogWorker.run(SegmentedRaftLogWorker.java:327)
	at java.base/java.util.concurrent.Executors$RunnableAdapter.call(Executors.java:572)
	at java.base/java.util.concurrent.FutureTask.run(FutureTask.java:317)
	at java.base/java.util.concurrent.ThreadPoolExecutor.runWorker(ThreadPoolExecutor.java:1144)
	at java.base/java.util.concurrent.ThreadPoolExecutor$Worker.run(ThreadPoolExecutor.java:642)
	at java.base/java.lang.Thread.run(Thread.java:1583)
Caused by: org.apache.hadoop.hdds.scm.container.common.helpers.StorageContainerException: Chunks directory /home/runner/work/ozone/ozone/hadoop-ozone/integration-test/target/test-dir/MiniOzoneClusterImpl-af940217-b311-440f-8e09-352fdf66236b/ozone-meta/datanode-7/data-0/hdds/af940217-b311-440f-8e09-352fdf66236b/current/containerDir0/9/chunks does not exist.
	at org.apache.hadoop.ozone.container.common.transport.server.ratis.ContainerStateMachine.handleCommandResult(ContainerStateMachine.java:661)
	at org.apache.hadoop.ozone.container.common.transport.server.ratis.ContainerStateMachine.lambda$writeStateMachineData$2(ContainerStateMachine.java:623)
	... 4 more
2025-05-14 02:55:14,181 [f4f68937-1ce3-42e1-b3e7-547ae2d23d85-server-thread3] WARN  server.GrpcServerProtocolService (LogUtils.java:warn(123)) - f4f68937-1ce3-42e1-b3e7-547ae2d23d85: Failed APPEND_ENTRIES request 6338fc9c-a704-4fa0-9c76-ba0cbc116aba->f4f68937-1ce3-42e1-b3e7-547ae2d23d85#59-t1,previous=(t:1, i:7),leaderCommit=7,initializing? false,entries: size=1, first=(t:1, i:8), STATEMACHINELOGENTRY, WRITE: logData.size=87, stateMachineData.size=0, logEntryProtoSerializedSize=0
java.util.concurrent.CompletionException: org.apache.ratis.server.raftlog.RaftLogIOException: Log already failed at index 4 for task WriteLog:4: (t:1, i:4), STATEMACHINELOGENTRY, cmdType: WriteChunk traceID: "" containerID: 9 datanodeUuid: "8e51993b-4f71-45b0-84f2-cf37ffbd2099" pipelineID: "04f6c6c3-d74d-4db8-823f-aff22c375116" writeChunk { blockID { containerID: 9 localID: 115816896921600009 blockCommitSequenceId: 2 replicaIndex: 0 } chunkData { chunkName: "115816896921600009_chunk_2" offset: 5 len: 10 checksumData { type: CRC32 bytesPerChecksum: 16384 checksums: "\317\357R*" } } } version: 3, container path=/home/runner/work/ozone/ozone/hadoop-ozone/integration-test/target/test-dir/MiniOzoneClusterImpl-af940217-b311-440f-8e09-352fdf66236b/ozone-meta/datanode-7/data-0/hdds/af940217-b311-440f-8e09-352fdf66236b/current/containerDir0/9
	at java.base/java.util.concurrent.CompletableFuture.encodeThrowable(CompletableFuture.java:332)
	at java.base/java.util.concurrent.CompletableFuture.completeThrowable(CompletableFuture.java:347)
	at java.base/java.util.concurrent.CompletableFuture$BiRelay.tryFire(CompletableFuture.java:1498)
	at java.base/java.util.concurrent.CompletableFuture$CoCompletion.tryFire(CompletableFuture.java:1219)
	at java.base/java.util.concurrent.CompletableFuture.postComplete(CompletableFuture.java:510)
	at java.base/java.util.concurrent.CompletableFuture.completeExceptionally(CompletableFuture.java:2194)
	at org.apache.ratis.server.raftlog.segmented.SegmentedRaftLog$Task.failed(SegmentedRaftLog.java:109)
	at org.apache.ratis.server.raftlog.segmented.SegmentedRaftLogWorker$WriteLog.failed(SegmentedRaftLogWorker.java:527)
	at org.apache.ratis.server.raftlog.segmented.SegmentedRaftLogWorker.run(SegmentedRaftLogWorker.java:324)
	at java.base/java.util.concurrent.Executors$RunnableAdapter.call(Executors.java:572)
	at java.base/java.util.concurrent.FutureTask.run(FutureTask.java:317)
	at java.base/java.util.concurrent.ThreadPoolExecutor.runWorker(ThreadPoolExecutor.java:1144)
	at java.base/java.util.concurrent.ThreadPoolExecutor$Worker.run(ThreadPoolExecutor.java:642)
	at java.base/java.lang.Thread.run(Thread.java:1583)
Caused by: org.apache.ratis.server.raftlog.RaftLogIOException: Log already failed at index 4 for task WriteLog:4: (t:1, i:4), STATEMACHINELOGENTRY, cmdType: WriteChunk traceID: "" containerID: 9 datanodeUuid: "8e51993b-4f71-45b0-84f2-cf37ffbd2099" pipelineID: "04f6c6c3-d74d-4db8-823f-aff22c375116" writeChunk { blockID { containerID: 9 localID: 115816896921600009 blockCommitSequenceId: 2 replicaIndex: 0 } chunkData { chunkName: "115816896921600009_chunk_2" offset: 5 len: 10 checksumData { type: CRC32 bytesPerChecksum: 16384 checksums: "\317\357R*" } } } version: 3, container path=/home/runner/work/ozone/ozone/hadoop-ozone/integration-test/target/test-dir/MiniOzoneClusterImpl-af940217-b311-440f-8e09-352fdf66236b/ozone-meta/datanode-7/data-0/hdds/af940217-b311-440f-8e09-352fdf66236b/current/containerDir0/9
	at org.apache.ratis.server.raftlog.segmented.SegmentedRaftLogWorker.run(SegmentedRaftLogWorker.java:327)
	... 5 more
Caused by: org.apache.hadoop.hdds.scm.container.common.helpers.StorageContainerException: Chunks directory /home/runner/work/ozone/ozone/hadoop-ozone/integration-test/target/test-dir/MiniOzoneClusterImpl-af940217-b311-440f-8e09-352fdf66236b/ozone-meta/datanode-7/data-0/hdds/af940217-b311-440f-8e09-352fdf66236b/current/containerDir0/9/chunks does not exist.
	at org.apache.hadoop.ozone.container.common.transport.server.ratis.ContainerStateMachine.handleCommandResult(ContainerStateMachine.java:661)
	at org.apache.hadoop.ozone.container.common.transport.server.ratis.ContainerStateMachine.lambda$writeStateMachineData$2(ContainerStateMachine.java:623)
	... 4 more
2025-05-14 02:55:14,184 [grpc-default-executor-2] INFO  leader.LogAppender (LogAppenderBase.java:lambda$getNextIndexForError$0(215)) - Decrease nextIndex to 8
2025-05-14 02:55:14,184 [grpc-default-executor-2] INFO  leader.LogAppender (LogAppenderBase.java:lambda$getNextIndexForError$0(215)) - Decrease nextIndex to 8
2025-05-14 02:55:14,184 [grpc-default-executor-2] INFO  leader.FollowerInfo (FollowerInfoImpl.java:info(70)) - 6338fc9c-a704-4fa0-9c76-ba0cbc116aba@group-AFF22C375116->f4f68937-1ce3-42e1-b3e7-547ae2d23d85: computeNextIndex nextIndex: updateUnconditionally 10 -> 8
2025-05-14 02:55:14,184 [6338fc9c-a704-4fa0-9c76-ba0cbc116aba-ContainerOp-04f6c6c3-d74d-4db8-823f-aff22c375116-4] INFO  keyvalue.KeyValueContainer (KeyValueContainer.java:flushAndSyncDB(511)) - Synced container: KeyValueContainerData #9 (CLOSING, non-empty, ri=0, origin=[dn_6338fc9c-a704-4fa0-9c76-ba0cbc116aba, pipeline_04f6c6c3-d74d-4db8-823f-aff22c375116])
2025-05-14 02:55:14,185 [6338fc9c-a704-4fa0-9c76-ba0cbc116aba-ContainerOp-04f6c6c3-d74d-4db8-823f-aff22c375116-4] INFO  keyvalue.KeyValueContainer (KeyValueContainer.java:flushAndSyncDB(511)) - Synced container: KeyValueContainerData #9 (CLOSING, non-empty, ri=0, origin=[dn_6338fc9c-a704-4fa0-9c76-ba0cbc116aba, pipeline_04f6c6c3-d74d-4db8-823f-aff22c375116])
2025-05-14 02:55:14,188 [f4f68937-1ce3-42e1-b3e7-547ae2d23d85@group-AFF22C375116-SegmentedRaftLogWorker] INFO  ratis.ContainerStateMachine (ContainerStateMachine.java:smProtoToString(1335)) - smProtoToString failed
org.apache.ratis.thirdparty.com.google.protobuf.InvalidProtocolBufferException: Message missing required fields: cmdType, containerID, datanodeUuid
	at org.apache.ratis.thirdparty.com.google.protobuf.UninitializedMessageException.asInvalidProtocolBufferException(UninitializedMessageException.java:79)
	at org.apache.ratis.thirdparty.com.google.protobuf.AbstractParser.checkMessageInitialized(AbstractParser.java:68)
	at org.apache.ratis.thirdparty.com.google.protobuf.AbstractParser.parseFrom(AbstractParser.java:120)
	at org.apache.ratis.thirdparty.com.google.protobuf.AbstractParser.parseFrom(AbstractParser.java:125)
	at org.apache.ratis.thirdparty.com.google.protobuf.AbstractParser.parseFrom(AbstractParser.java:48)
	at org.apache.hadoop.hdds.protocol.datanode.proto.ContainerProtos$ContainerCommandRequestProto.parseFrom(ContainerProtos.java:4691)
	at org.apache.hadoop.ozone.container.common.transport.server.ratis.ContainerStateMachine.getContainerCommandRequestProto(ContainerStateMachine.java:550)
	at org.apache.hadoop.ozone.container.common.transport.server.ratis.ContainerStateMachine.smProtoToString(ContainerStateMachine.java:1324)
	at org.apache.hadoop.ozone.container.common.transport.server.ratis.ContainerStateMachine.toStateMachineLogEntryString(ContainerStateMachine.java:1315)
	at org.apache.hadoop.ozone.container.common.transport.server.ratis.ContainerStateMachine.notifyLogFailed(ContainerStateMachine.java:1269)
	at org.apache.ratis.server.raftlog.segmented.SegmentedRaftLogWorker$WriteLog.failed(SegmentedRaftLogWorker.java:526)
	at org.apache.ratis.server.raftlog.segmented.SegmentedRaftLogWorker.run(SegmentedRaftLogWorker.java:324)
	at java.base/java.util.concurrent.Executors$RunnableAdapter.call(Executors.java:572)
	at java.base/java.util.concurrent.FutureTask.run(FutureTask.java:317)
	at java.base/java.util.concurrent.ThreadPoolExecutor.runWorker(ThreadPoolExecutor.java:1144)
	at java.base/java.util.concurrent.ThreadPoolExecutor$Worker.run(ThreadPoolExecutor.java:642)
	at java.base/java.lang.Thread.run(Thread.java:1583)
2025-05-14 02:55:14,189 [f4f68937-1ce3-42e1-b3e7-547ae2d23d85@group-AFF22C375116-SegmentedRaftLogWorker] ERROR ratis.ContainerStateMachine (ContainerStateMachine.java:notifyLogFailed(1268)) - group-AFF22C375116: (t:1, i:9) smProtoToString failed with Message missing required fields: cmdType, containerID, datanodeUuid
org.apache.ratis.server.raftlog.RaftLogIOException: Log already failed at index 4 for task WriteLog:4: (t:1, i:4), STATEMACHINELOGENTRY, cmdType: WriteChunk traceID: "" containerID: 9 datanodeUuid: "8e51993b-4f71-45b0-84f2-cf37ffbd2099" pipelineID: "04f6c6c3-d74d-4db8-823f-aff22c375116" writeChunk { blockID { containerID: 9 localID: 115816896921600009 blockCommitSequenceId: 2 replicaIndex: 0 } chunkData { chunkName: "115816896921600009_chunk_2" offset: 5 len: 10 checksumData { type: CRC32 bytesPerChecksum: 16384 checksums: "\317\357R*" } } } version: 3, container path=/home/runner/work/ozone/ozone/hadoop-ozone/integration-test/target/test-dir/MiniOzoneClusterImpl-af940217-b311-440f-8e09-352fdf66236b/ozone-meta/datanode-7/data-0/hdds/af940217-b311-440f-8e09-352fdf66236b/current/containerDir0/9
	at org.apache.ratis.server.raftlog.segmented.SegmentedRaftLogWorker.run(SegmentedRaftLogWorker.java:327)
	at java.base/java.util.concurrent.Executors$RunnableAdapter.call(Executors.java:572)
	at java.base/java.util.concurrent.FutureTask.run(FutureTask.java:317)
	at java.base/java.util.concurrent.ThreadPoolExecutor.runWorker(ThreadPoolExecutor.java:1144)
	at java.base/java.util.concurrent.ThreadPoolExecutor$Worker.run(ThreadPoolExecutor.java:642)
	at java.base/java.lang.Thread.run(Thread.java:1583)
Caused by: org.apache.hadoop.hdds.scm.container.common.helpers.StorageContainerException: Chunks directory /home/runner/work/ozone/ozone/hadoop-ozone/integration-test/target/test-dir/MiniOzoneClusterImpl-af940217-b311-440f-8e09-352fdf66236b/ozone-meta/datanode-7/data-0/hdds/af940217-b311-440f-8e09-352fdf66236b/current/containerDir0/9/chunks does not exist.
	at org.apache.hadoop.ozone.container.common.transport.server.ratis.ContainerStateMachine.handleCommandResult(ContainerStateMachine.java:661)
	at org.apache.hadoop.ozone.container.common.transport.server.ratis.ContainerStateMachine.lambda$writeStateMachineData$2(ContainerStateMachine.java:623)
	... 4 more
2025-05-14 02:55:14,189 [8e51993b-4f71-45b0-84f2-cf37ffbd2099-ContainerOp-04f6c6c3-d74d-4db8-823f-aff22c375116-4] INFO  keyvalue.KeyValueContainer (KeyValueContainer.java:flushAndSyncDB(511)) - Synced container: KeyValueContainerData #9 (CLOSING, non-empty, ri=0, origin=[dn_8e51993b-4f71-45b0-84f2-cf37ffbd2099, pipeline_04f6c6c3-d74d-4db8-823f-aff22c375116])
2025-05-14 02:55:14,189 [f4f68937-1ce3-42e1-b3e7-547ae2d23d85-server-thread3] WARN  server.GrpcServerProtocolService (LogUtils.java:warn(123)) - f4f68937-1ce3-42e1-b3e7-547ae2d23d85: Failed APPEND_ENTRIES request 6338fc9c-a704-4fa0-9c76-ba0cbc116aba->f4f68937-1ce3-42e1-b3e7-547ae2d23d85#61-t1,previous=(t:1, i:7),leaderCommit=9,initializing? false,entries: size=2, first=(t:1, i:8), STATEMACHINELOGENTRY, WRITE: logData.size=87, stateMachineData.size=0, logEntryProtoSerializedSize=0
java.util.concurrent.CompletionException: org.apache.ratis.server.raftlog.RaftLogIOException: Log already failed at index 4 for task WriteLog:4: (t:1, i:4), STATEMACHINELOGENTRY, cmdType: WriteChunk traceID: "" containerID: 9 datanodeUuid: "8e51993b-4f71-45b0-84f2-cf37ffbd2099" pipelineID: "04f6c6c3-d74d-4db8-823f-aff22c375116" writeChunk { blockID { containerID: 9 localID: 115816896921600009 blockCommitSequenceId: 2 replicaIndex: 0 } chunkData { chunkName: "115816896921600009_chunk_2" offset: 5 len: 10 checksumData { type: CRC32 bytesPerChecksum: 16384 checksums: "\317\357R*" } } } version: 3, container path=/home/runner/work/ozone/ozone/hadoop-ozone/integration-test/target/test-dir/MiniOzoneClusterImpl-af940217-b311-440f-8e09-352fdf66236b/ozone-meta/datanode-7/data-0/hdds/af940217-b311-440f-8e09-352fdf66236b/current/containerDir0/9
	at java.base/java.util.concurrent.CompletableFuture.encodeThrowable(CompletableFuture.java:332)
	at java.base/java.util.concurrent.CompletableFuture.completeThrowable(CompletableFuture.java:347)
	at java.base/java.util.concurrent.CompletableFuture$BiRelay.tryFire(CompletableFuture.java:1498)
	at java.base/java.util.concurrent.CompletableFuture$CoCompletion.tryFire(CompletableFuture.java:1219)
	at java.base/java.util.concurrent.CompletableFuture.postComplete(CompletableFuture.java:510)
	at java.base/java.util.concurrent.CompletableFuture.completeExceptionally(CompletableFuture.java:2194)
	at org.apache.ratis.server.raftlog.segmented.SegmentedRaftLog$Task.failed(SegmentedRaftLog.java:109)
	at org.apache.ratis.server.raftlog.segmented.SegmentedRaftLogWorker$WriteLog.failed(SegmentedRaftLogWorker.java:527)
	at org.apache.ratis.server.raftlog.segmented.SegmentedRaftLogWorker.run(SegmentedRaftLogWorker.java:324)
	at java.base/java.util.concurrent.Executors$RunnableAdapter.call(Executors.java:572)
	at java.base/java.util.concurrent.FutureTask.run(FutureTask.java:317)
	at java.base/java.util.concurrent.ThreadPoolExecutor.runWorker(ThreadPoolExecutor.java:1144)
	at java.base/java.util.concurrent.ThreadPoolExecutor$Worker.run(ThreadPoolExecutor.java:642)
	at java.base/java.lang.Thread.run(Thread.java:1583)
Caused by: org.apache.ratis.server.raftlog.RaftLogIOException: Log already failed at index 4 for task WriteLog:4: (t:1, i:4), STATEMACHINELOGENTRY, cmdType: WriteChunk traceID: "" containerID: 9 datanodeUuid: "8e51993b-4f71-45b0-84f2-cf37ffbd2099" pipelineID: "04f6c6c3-d74d-4db8-823f-aff22c375116" writeChunk { blockID { containerID: 9 localID: 115816896921600009 blockCommitSequenceId: 2 replicaIndex: 0 } chunkData { chunkName: "115816896921600009_chunk_2" offset: 5 len: 10 checksumData { type: CRC32 bytesPerChecksum: 16384 checksums: "\317\357R*" } } } version: 3, container path=/home/runner/work/ozone/ozone/hadoop-ozone/integration-test/target/test-dir/MiniOzoneClusterImpl-af940217-b311-440f-8e09-352fdf66236b/ozone-meta/datanode-7/data-0/hdds/af940217-b311-440f-8e09-352fdf66236b/current/containerDir0/9
	at org.apache.ratis.server.raftlog.segmented.SegmentedRaftLogWorker.run(SegmentedRaftLogWorker.java:327)
	... 5 more
Caused by: org.apache.hadoop.hdds.scm.container.common.helpers.StorageContainerException: Chunks directory /home/runner/work/ozone/ozone/hadoop-ozone/integration-test/target/test-dir/MiniOzoneClusterImpl-af940217-b311-440f-8e09-352fdf66236b/ozone-meta/datanode-7/data-0/hdds/af940217-b311-440f-8e09-352fdf66236b/current/containerDir0/9/chunks does not exist.
	at org.apache.hadoop.ozone.container.common.transport.server.ratis.ContainerStateMachine.handleCommandResult(ContainerStateMachine.java:661)
	at org.apache.hadoop.ozone.container.common.transport.server.ratis.ContainerStateMachine.lambda$writeStateMachineData$2(ContainerStateMachine.java:623)
	... 4 more
2025-05-14 02:55:14,189 [6338fc9c-a704-4fa0-9c76-ba0cbc116aba-ContainerOp-04f6c6c3-d74d-4db8-823f-aff22c375116-4] INFO  keyvalue.KeyValueContainer (KeyValueContainer.java:close(427)) - Closed container: KeyValueContainerData #9 (CLOSED, non-empty, ri=0, origin=[dn_6338fc9c-a704-4fa0-9c76-ba0cbc116aba, pipeline_04f6c6c3-d74d-4db8-823f-aff22c375116])
2025-05-14 02:55:14,190 [6338fc9c-a704-4fa0-9c76-ba0cbc116aba@group-AFF22C375116-StateMachineUpdater] INFO  ratis.ContainerStateMachine (ContainerStateMachine.java:takeSnapshot(427)) - group-AFF22C375116: Taking a snapshot at:(t:1, i:8) file /home/runner/work/ozone/ozone/hadoop-ozone/integration-test/target/test-dir/MiniOzoneClusterImpl-af940217-b311-440f-8e09-352fdf66236b/ozone-meta/datanode-9/ratis/04f6c6c3-d74d-4db8-823f-aff22c375116/sm/snapshot.1_8
2025-05-14 02:55:14,189 [8e51993b-4f71-45b0-84f2-cf37ffbd2099-ContainerOp-04f6c6c3-d74d-4db8-823f-aff22c375116-4] INFO  keyvalue.KeyValueContainer (KeyValueContainer.java:flushAndSyncDB(511)) - Synced container: KeyValueContainerData #9 (CLOSING, non-empty, ri=0, origin=[dn_8e51993b-4f71-45b0-84f2-cf37ffbd2099, pipeline_04f6c6c3-d74d-4db8-823f-aff22c375116])
2025-05-14 02:55:14,191 [FixedThreadPoolWithAffinityExecutor-8-0] INFO  container.IncrementalContainerReportHandler (AbstractContainerReportHandler.java:updateContainerState(289)) - CLOSE Container #9 (CLOSING, sid=5) r0 (CLOSED, bcsid=5, origin=6338fc9c-a704-4fa0-9c76-ba0cbc116aba, non-empty) from dn 6338fc9c-a704-4fa0-9c76-ba0cbc116aba(localhost/127.0.0.1)
2025-05-14 02:55:14,192 [6338fc9c-a704-4fa0-9c76-ba0cbc116aba@group-AFF22C375116-StateMachineUpdater] INFO  ratis.ContainerStateMachine (ContainerStateMachine.java:takeSnapshot(436)) - group-AFF22C375116: Finished taking a snapshot at:(t:1, i:8) file:/home/runner/work/ozone/ozone/hadoop-ozone/integration-test/target/test-dir/MiniOzoneClusterImpl-af940217-b311-440f-8e09-352fdf66236b/ozone-meta/datanode-9/ratis/04f6c6c3-d74d-4db8-823f-aff22c375116/sm/snapshot.1_8 took: 2 ms
2025-05-14 02:55:14,192 [grpc-default-executor-8] INFO  leader.LogAppender (LogAppenderBase.java:lambda$getNextIndexForError$0(215)) - Decrease nextIndex to 8
2025-05-14 02:55:14,192 [grpc-default-executor-8] INFO  leader.LogAppender (LogAppenderBase.java:lambda$getNextIndexForError$0(215)) - Decrease nextIndex to 8
2025-05-14 02:55:14,192 [grpc-default-executor-8] INFO  leader.FollowerInfo (FollowerInfoImpl.java:info(70)) - 6338fc9c-a704-4fa0-9c76-ba0cbc116aba@group-AFF22C375116->f4f68937-1ce3-42e1-b3e7-547ae2d23d85: computeNextIndex nextIndex: updateUnconditionally 10 -> 8
2025-05-14 02:55:14,192 [6338fc9c-a704-4fa0-9c76-ba0cbc116aba@group-AFF22C375116-StateMachineUpdater] INFO  impl.StateMachineUpdater (StateMachineUpdater.java:takeSnapshot(303)) - 6338fc9c-a704-4fa0-9c76-ba0cbc116aba@group-AFF22C375116-StateMachineUpdater: Took a snapshot at index 8
2025-05-14 02:55:14,192 [6338fc9c-a704-4fa0-9c76-ba0cbc116aba@group-AFF22C375116-StateMachineUpdater] INFO  impl.StateMachineUpdater (StateMachineUpdater.java:lambda$new$0(102)) - 6338fc9c-a704-4fa0-9c76-ba0cbc116aba@group-AFF22C375116-StateMachineUpdater: snapshotIndex: updateIncreasingly 4 -> 8
2025-05-14 02:55:14,192 [6338fc9c-a704-4fa0-9c76-ba0cbc116aba@group-AFF22C375116-StateMachineUpdater] INFO  ratis.ContainerStateMachine (ContainerStateMachine.java:takeSnapshot(427)) - group-AFF22C375116: Taking a snapshot at:(t:1, i:9) file /home/runner/work/ozone/ozone/hadoop-ozone/integration-test/target/test-dir/MiniOzoneClusterImpl-af940217-b311-440f-8e09-352fdf66236b/ozone-meta/datanode-9/ratis/04f6c6c3-d74d-4db8-823f-aff22c375116/sm/snapshot.1_9
2025-05-14 02:55:14,193 [6338fc9c-a704-4fa0-9c76-ba0cbc116aba@group-AFF22C375116-StateMachineUpdater] INFO  ratis.ContainerStateMachine (ContainerStateMachine.java:takeSnapshot(436)) - group-AFF22C375116: Finished taking a snapshot at:(t:1, i:9) file:/home/runner/work/ozone/ozone/hadoop-ozone/integration-test/target/test-dir/MiniOzoneClusterImpl-af940217-b311-440f-8e09-352fdf66236b/ozone-meta/datanode-9/ratis/04f6c6c3-d74d-4db8-823f-aff22c375116/sm/snapshot.1_9 took: 1 ms
2025-05-14 02:55:14,193 [6338fc9c-a704-4fa0-9c76-ba0cbc116aba@group-AFF22C375116-StateMachineUpdater] INFO  impl.StateMachineUpdater (StateMachineUpdater.java:takeSnapshot(303)) - 6338fc9c-a704-4fa0-9c76-ba0cbc116aba@group-AFF22C375116-StateMachineUpdater: Took a snapshot at index 9
2025-05-14 02:55:14,193 [6338fc9c-a704-4fa0-9c76-ba0cbc116aba@group-AFF22C375116-StateMachineUpdater] INFO  impl.StateMachineUpdater (StateMachineUpdater.java:lambda$new$0(102)) - 6338fc9c-a704-4fa0-9c76-ba0cbc116aba@group-AFF22C375116-StateMachineUpdater: snapshotIndex: updateIncreasingly 8 -> 9
2025-05-14 02:55:14,195 [8e51993b-4f71-45b0-84f2-cf37ffbd2099-ContainerOp-04f6c6c3-d74d-4db8-823f-aff22c375116-4] INFO  keyvalue.KeyValueContainer (KeyValueContainer.java:close(427)) - Closed container: KeyValueContainerData #9 (CLOSED, non-empty, ri=0, origin=[dn_8e51993b-4f71-45b0-84f2-cf37ffbd2099, pipeline_04f6c6c3-d74d-4db8-823f-aff22c375116])
2025-05-14 02:55:14,195 [EventQueue-PipelineActionsForPipelineActionHandler] INFO  pipeline.PipelineActionHandler (PipelineActionHandler.java:processPipelineAction(89)) - Received pipeline action CLOSE for PipelineID=04f6c6c3-d74d-4db8-823f-aff22c375116 from datanode f4f68937-1ce3-42e1-b3e7-547ae2d23d85(localhost/127.0.0.1). Reason : Chunks directory /home/runner/work/ozone/ozone/hadoop-ozone/integration-test/target/test-dir/MiniOzoneClusterImpl-af940217-b311-440f-8e09-352fdf66236b/ozone-meta/datanode-7/data-0/hdds/af940217-b311-440f-8e09-352fdf66236b/current/containerDir0/9/chunks does not exist.
2025-05-14 02:55:14,395 [EventQueue-PipelineActionsForPipelineActionHandler] INFO  pipeline.PipelineActionHandler (PipelineActionHandler.java:processPipelineAction(89)) - Received pipeline action CLOSE for PipelineID=04f6c6c3-d74d-4db8-823f-aff22c375116 from datanode f4f68937-1ce3-42e1-b3e7-547ae2d23d85(localhost/127.0.0.1). Reason : Chunks directory /home/runner/work/ozone/ozone/hadoop-ozone/integration-test/target/test-dir/MiniOzoneClusterImpl-af940217-b311-440f-8e09-352fdf66236b/ozone-meta/datanode-7/data-0/hdds/af940217-b311-440f-8e09-352fdf66236b/current/containerDir0/9/chunks does not exist.
2025-05-14 02:55:14,510 [BackgroundPipelineScrubber] INFO  pipeline.PipelineManagerImpl (PipelineManagerImpl.java:scrubPipelines(601)) - Scrubbing pipeline: id: PipelineID=8155a67b-a88a-4cce-aefd-90b7bbecbc71 since it stays at CLOSED stage.
2025-05-14 02:55:14,511 [BackgroundPipelineScrubber] INFO  pipeline.RatisPipelineProvider (RatisPipelineProvider.java:lambda$close$4(273)) - Send pipeline:PipelineID=8155a67b-a88a-4cce-aefd-90b7bbecbc71 close command to datanode e44b5a69-92f9-40f4-85c9-712e1c637b62
2025-05-14 02:55:14,511 [BackgroundPipelineScrubber] INFO  pipeline.RatisPipelineProvider (RatisPipelineProvider.java:lambda$close$4(273)) - Send pipeline:PipelineID=8155a67b-a88a-4cce-aefd-90b7bbecbc71 close command to datanode d4e44fd7-0e23-4e4f-bc30-0c7965de497d
2025-05-14 02:55:14,511 [BackgroundPipelineScrubber] INFO  pipeline.RatisPipelineProvider (RatisPipelineProvider.java:lambda$close$4(273)) - Send pipeline:PipelineID=8155a67b-a88a-4cce-aefd-90b7bbecbc71 close command to datanode c77e66e9-1cca-4fd3-bc5b-4ea2dbc3232f
2025-05-14 02:55:14,511 [BackgroundPipelineScrubber] INFO  pipeline.PipelineManagerImpl (PipelineManagerImpl.java:removePipeline(462)) - Pipeline Pipeline{ Id: 8155a67b-a88a-4cce-aefd-90b7bbecbc71, Nodes: [ {e44b5a69-92f9-40f4-85c9-712e1c637b62(localhost/127.0.0.1), ReplicaIndex: 0}, {d4e44fd7-0e23-4e4f-bc30-0c7965de497d(localhost/127.0.0.1), ReplicaIndex: 0}, {c77e66e9-1cca-4fd3-bc5b-4ea2dbc3232f(localhost/127.0.0.1), ReplicaIndex: 0},], ReplicationConfig: RATIS/THREE, State:CLOSED, leaderId:c77e66e9-1cca-4fd3-bc5b-4ea2dbc3232f, CreationTimestamp2025-05-14T02:53:36.718Z[Etc/UTC]} removed.
2025-05-14 02:55:14,522 [EventQueue-PipelineReportForPipelineReportHandler] INFO  pipeline.PipelineReportHandler (PipelineReportHandler.java:handlePipelineNotFoundException(98)) - Pipeline PipelineID=8155a67b-a88a-4cce-aefd-90b7bbecbc71, reported by datanode d4e44fd7-0e23-4e4f-bc30-0c7965de497d(localhost/127.0.0.1) is not found.
2025-05-14 02:55:14,596 [EventQueue-PipelineActionsForPipelineActionHandler] INFO  pipeline.PipelineActionHandler (PipelineActionHandler.java:processPipelineAction(89)) - Received pipeline action CLOSE for PipelineID=04f6c6c3-d74d-4db8-823f-aff22c375116 from datanode f4f68937-1ce3-42e1-b3e7-547ae2d23d85(localhost/127.0.0.1). Reason : Chunks directory /home/runner/work/ozone/ozone/hadoop-ozone/integration-test/target/test-dir/MiniOzoneClusterImpl-af940217-b311-440f-8e09-352fdf66236b/ozone-meta/datanode-7/data-0/hdds/af940217-b311-440f-8e09-352fdf66236b/current/containerDir0/9/chunks does not exist.
2025-05-14 02:55:14,722 [EventQueue-PipelineReportForPipelineReportHandler] INFO  pipeline.PipelineReportHandler (PipelineReportHandler.java:handlePipelineNotFoundException(98)) - Pipeline PipelineID=8155a67b-a88a-4cce-aefd-90b7bbecbc71, reported by datanode d4e44fd7-0e23-4e4f-bc30-0c7965de497d(localhost/127.0.0.1) is not found.
2025-05-14 02:55:14,795 [EventQueue-PipelineActionsForPipelineActionHandler] INFO  pipeline.PipelineActionHandler (PipelineActionHandler.java:processPipelineAction(89)) - Received pipeline action CLOSE for PipelineID=04f6c6c3-d74d-4db8-823f-aff22c375116 from datanode f4f68937-1ce3-42e1-b3e7-547ae2d23d85(localhost/127.0.0.1). Reason : Chunks directory /home/runner/work/ozone/ozone/hadoop-ozone/integration-test/target/test-dir/MiniOzoneClusterImpl-af940217-b311-440f-8e09-352fdf66236b/ozone-meta/datanode-7/data-0/hdds/af940217-b311-440f-8e09-352fdf66236b/current/containerDir0/9/chunks does not exist.
2025-05-14 02:55:14,995 [EventQueue-PipelineActionsForPipelineActionHandler] INFO  pipeline.PipelineActionHandler (PipelineActionHandler.java:processPipelineAction(89)) - Received pipeline action CLOSE for PipelineID=04f6c6c3-d74d-4db8-823f-aff22c375116 from datanode f4f68937-1ce3-42e1-b3e7-547ae2d23d85(localhost/127.0.0.1). Reason : Chunks directory /home/runner/work/ozone/ozone/hadoop-ozone/integration-test/target/test-dir/MiniOzoneClusterImpl-af940217-b311-440f-8e09-352fdf66236b/ozone-meta/datanode-7/data-0/hdds/af940217-b311-440f-8e09-352fdf66236b/current/containerDir0/9/chunks does not exist.
2025-05-14 02:55:15,123 [EventQueue-PipelineReportForPipelineReportHandler] INFO  pipeline.PipelineReportHandler (PipelineReportHandler.java:handlePipelineNotFoundException(98)) - Pipeline PipelineID=8155a67b-a88a-4cce-aefd-90b7bbecbc71, reported by datanode d4e44fd7-0e23-4e4f-bc30-0c7965de497d(localhost/127.0.0.1) is not found.
2025-05-14 02:55:15,195 [EventQueue-PipelineActionsForPipelineActionHandler] INFO  pipeline.PipelineActionHandler (PipelineActionHandler.java:processPipelineAction(89)) - Received pipeline action CLOSE for PipelineID=04f6c6c3-d74d-4db8-823f-aff22c375116 from datanode f4f68937-1ce3-42e1-b3e7-547ae2d23d85(localhost/127.0.0.1). Reason : Chunks directory /home/runner/work/ozone/ozone/hadoop-ozone/integration-test/target/test-dir/MiniOzoneClusterImpl-af940217-b311-440f-8e09-352fdf66236b/ozone-meta/datanode-7/data-0/hdds/af940217-b311-440f-8e09-352fdf66236b/current/containerDir0/9/chunks does not exist.
2025-05-14 02:55:15,250 [9d8a5836-bfca-4d37-9676-470807fcd29d@group-317B9C2908E3-StateMachineUpdater] INFO  ratis.ContainerStateMachine (ContainerStateMachine.java:takeSnapshot(427)) - group-317B9C2908E3: Taking a snapshot at:(t:1, i:0) file /home/runner/work/ozone/ozone/hadoop-ozone/integration-test/target/test-dir/MiniOzoneClusterImpl-af940217-b311-440f-8e09-352fdf66236b/ozone-meta/datanode-10/ratis/06d0a761-9d58-4218-92fa-317b9c2908e3/sm/snapshot.1_0
2025-05-14 02:55:15,250 [e44b5a69-92f9-40f4-85c9-712e1c637b62@group-317B9C2908E3-StateMachineUpdater] INFO  ratis.ContainerStateMachine (ContainerStateMachine.java:takeSnapshot(427)) - group-317B9C2908E3: Taking a snapshot at:(t:1, i:0) file /home/runner/work/ozone/ozone/hadoop-ozone/integration-test/target/test-dir/MiniOzoneClusterImpl-af940217-b311-440f-8e09-352fdf66236b/ozone-meta/datanode-5/ratis630cd441-1fbc-4332-a044-ef429d701783/06d0a761-9d58-4218-92fa-317b9c2908e3/sm/snapshot.1_0
2025-05-14 02:55:15,250 [9d8a5836-bfca-4d37-9676-470807fcd29d@group-317B9C2908E3-StateMachineUpdater] INFO  ratis.ContainerStateMachine (ContainerStateMachine.java:takeSnapshot(436)) - group-317B9C2908E3: Finished taking a snapshot at:(t:1, i:0) file:/home/runner/work/ozone/ozone/hadoop-ozone/integration-test/target/test-dir/MiniOzoneClusterImpl-af940217-b311-440f-8e09-352fdf66236b/ozone-meta/datanode-10/ratis/06d0a761-9d58-4218-92fa-317b9c2908e3/sm/snapshot.1_0 took: 0 ms
2025-05-14 02:55:15,251 [9d8a5836-bfca-4d37-9676-470807fcd29d@group-317B9C2908E3-StateMachineUpdater] INFO  impl.StateMachineUpdater (StateMachineUpdater.java:takeSnapshot(303)) - 9d8a5836-bfca-4d37-9676-470807fcd29d@group-317B9C2908E3-StateMachineUpdater: Took a snapshot at index 0
2025-05-14 02:55:15,251 [e44b5a69-92f9-40f4-85c9-712e1c637b62@group-317B9C2908E3-StateMachineUpdater] INFO  ratis.ContainerStateMachine (ContainerStateMachine.java:takeSnapshot(436)) - group-317B9C2908E3: Finished taking a snapshot at:(t:1, i:0) file:/home/runner/work/ozone/ozone/hadoop-ozone/integration-test/target/test-dir/MiniOzoneClusterImpl-af940217-b311-440f-8e09-352fdf66236b/ozone-meta/datanode-5/ratis630cd441-1fbc-4332-a044-ef429d701783/06d0a761-9d58-4218-92fa-317b9c2908e3/sm/snapshot.1_0 took: 1 ms
2025-05-14 02:55:15,251 [9d8a5836-bfca-4d37-9676-470807fcd29d@group-317B9C2908E3-StateMachineUpdater] INFO  impl.StateMachineUpdater (StateMachineUpdater.java:lambda$new$0(102)) - 9d8a5836-bfca-4d37-9676-470807fcd29d@group-317B9C2908E3-StateMachineUpdater: snapshotIndex: updateIncreasingly -1 -> 0
2025-05-14 02:55:15,251 [e44b5a69-92f9-40f4-85c9-712e1c637b62@group-317B9C2908E3-StateMachineUpdater] INFO  impl.StateMachineUpdater (StateMachineUpdater.java:takeSnapshot(303)) - e44b5a69-92f9-40f4-85c9-712e1c637b62@group-317B9C2908E3-StateMachineUpdater: Took a snapshot at index 0
2025-05-14 02:55:15,251 [e44b5a69-92f9-40f4-85c9-712e1c637b62@group-317B9C2908E3-StateMachineUpdater] INFO  impl.StateMachineUpdater (StateMachineUpdater.java:lambda$new$0(102)) - e44b5a69-92f9-40f4-85c9-712e1c637b62@group-317B9C2908E3-StateMachineUpdater: snapshotIndex: updateIncreasingly -1 -> 0
2025-05-14 02:55:15,395 [EventQueue-PipelineActionsForPipelineActionHandler] INFO  pipeline.PipelineActionHandler (PipelineActionHandler.java:processPipelineAction(89)) - Received pipeline action CLOSE for PipelineID=04f6c6c3-d74d-4db8-823f-aff22c375116 from datanode f4f68937-1ce3-42e1-b3e7-547ae2d23d85(localhost/127.0.0.1). Reason : Chunks directory /home/runner/work/ozone/ozone/hadoop-ozone/integration-test/target/test-dir/MiniOzoneClusterImpl-af940217-b311-440f-8e09-352fdf66236b/ozone-meta/datanode-7/data-0/hdds/af940217-b311-440f-8e09-352fdf66236b/current/containerDir0/9/chunks does not exist.
2025-05-14 02:55:15,405 [9d8a5836-bfca-4d37-9676-470807fcd29d@group-49D9F7F395BD-StateMachineUpdater] INFO  ratis.ContainerStateMachine (ContainerStateMachine.java:takeSnapshot(427)) - group-49D9F7F395BD: Taking a snapshot at:(t:1, i:0) file /home/runner/work/ozone/ozone/hadoop-ozone/integration-test/target/test-dir/MiniOzoneClusterImpl-af940217-b311-440f-8e09-352fdf66236b/ozone-meta/datanode-10/ratis/d1d91f20-cf59-41aa-b231-49d9f7f395bd/sm/snapshot.1_0
2025-05-14 02:55:15,405 [9d8a5836-bfca-4d37-9676-470807fcd29d@group-49D9F7F395BD-StateMachineUpdater] INFO  ratis.ContainerStateMachine (ContainerStateMachine.java:takeSnapshot(436)) - group-49D9F7F395BD: Finished taking a snapshot at:(t:1, i:0) file:/home/runner/work/ozone/ozone/hadoop-ozone/integration-test/target/test-dir/MiniOzoneClusterImpl-af940217-b311-440f-8e09-352fdf66236b/ozone-meta/datanode-10/ratis/d1d91f20-cf59-41aa-b231-49d9f7f395bd/sm/snapshot.1_0 took: 1 ms
2025-05-14 02:55:15,406 [9d8a5836-bfca-4d37-9676-470807fcd29d@group-49D9F7F395BD-StateMachineUpdater] INFO  impl.StateMachineUpdater (StateMachineUpdater.java:takeSnapshot(303)) - 9d8a5836-bfca-4d37-9676-470807fcd29d@group-49D9F7F395BD-StateMachineUpdater: Took a snapshot at index 0
2025-05-14 02:55:15,406 [9d8a5836-bfca-4d37-9676-470807fcd29d@group-49D9F7F395BD-StateMachineUpdater] INFO  impl.StateMachineUpdater (StateMachineUpdater.java:lambda$new$0(102)) - 9d8a5836-bfca-4d37-9676-470807fcd29d@group-49D9F7F395BD-StateMachineUpdater: snapshotIndex: updateIncreasingly -1 -> 0
2025-05-14 02:55:15,408 [c77e66e9-1cca-4fd3-bc5b-4ea2dbc3232f@group-49D9F7F395BD-StateMachineUpdater] INFO  ratis.ContainerStateMachine (ContainerStateMachine.java:takeSnapshot(427)) - group-49D9F7F395BD: Taking a snapshot at:(t:1, i:0) file /home/runner/work/ozone/ozone/hadoop-ozone/integration-test/target/test-dir/MiniOzoneClusterImpl-af940217-b311-440f-8e09-352fdf66236b/ozone-meta/datanode-6/ratis10784c24-b766-40d3-908b-7013b1989165/d1d91f20-cf59-41aa-b231-49d9f7f395bd/sm/snapshot.1_0
2025-05-14 02:55:15,408 [c77e66e9-1cca-4fd3-bc5b-4ea2dbc3232f@group-49D9F7F395BD-StateMachineUpdater] INFO  ratis.ContainerStateMachine (ContainerStateMachine.java:takeSnapshot(436)) - group-49D9F7F395BD: Finished taking a snapshot at:(t:1, i:0) file:/home/runner/work/ozone/ozone/hadoop-ozone/integration-test/target/test-dir/MiniOzoneClusterImpl-af940217-b311-440f-8e09-352fdf66236b/ozone-meta/datanode-6/ratis10784c24-b766-40d3-908b-7013b1989165/d1d91f20-cf59-41aa-b231-49d9f7f395bd/sm/snapshot.1_0 took: 0 ms
2025-05-14 02:55:15,408 [c77e66e9-1cca-4fd3-bc5b-4ea2dbc3232f@group-49D9F7F395BD-StateMachineUpdater] INFO  impl.StateMachineUpdater (StateMachineUpdater.java:takeSnapshot(303)) - c77e66e9-1cca-4fd3-bc5b-4ea2dbc3232f@group-49D9F7F395BD-StateMachineUpdater: Took a snapshot at index 0
2025-05-14 02:55:15,408 [c77e66e9-1cca-4fd3-bc5b-4ea2dbc3232f@group-49D9F7F395BD-StateMachineUpdater] INFO  impl.StateMachineUpdater (StateMachineUpdater.java:lambda$new$0(102)) - c77e66e9-1cca-4fd3-bc5b-4ea2dbc3232f@group-49D9F7F395BD-StateMachineUpdater: snapshotIndex: updateIncreasingly -1 -> 0
2025-05-14 02:55:15,522 [EventQueue-PipelineReportForPipelineReportHandler] INFO  pipeline.PipelineReportHandler (PipelineReportHandler.java:handlePipelineNotFoundException(98)) - Pipeline PipelineID=8155a67b-a88a-4cce-aefd-90b7bbecbc71, reported by datanode d4e44fd7-0e23-4e4f-bc30-0c7965de497d(localhost/127.0.0.1) is not found.
2025-05-14 02:55:15,527 [grpc-default-executor-2] WARN  server.RaftServer (RaftServerProxy.java:remove(106)) - e44b5a69-92f9-40f4-85c9-712e1c637b62: does not contain group: group-90B7BBECBC71
2025-05-14 02:55:15,533 [grpc-default-executor-2] WARN  server.RaftServer (RaftServerProxy.java:remove(106)) - c77e66e9-1cca-4fd3-bc5b-4ea2dbc3232f: does not contain group: group-90B7BBECBC71
2025-05-14 02:55:15,535 [d4e44fd7-0e23-4e4f-bc30-0c7965de497d-PipelineCommandHandlerThread-0] INFO  server.RaftServer (RaftServerProxy.java:remove(111)) - d4e44fd7-0e23-4e4f-bc30-0c7965de497d: remove  FOLLOWER d4e44fd7-0e23-4e4f-bc30-0c7965de497d@group-90B7BBECBC71:t2, leader=null, voted=c77e66e9-1cca-4fd3-bc5b-4ea2dbc3232f, raftlog=Memoized:d4e44fd7-0e23-4e4f-bc30-0c7965de497d@group-90B7BBECBC71-SegmentedRaftLog:OPENED:c12:last(t:2, i:12), conf=conf: {index: 11, cur=peers:[d4e44fd7-0e23-4e4f-bc30-0c7965de497d|127.0.0.1:15039, e44b5a69-92f9-40f4-85c9-712e1c637b62|127.0.0.1:15047, c77e66e9-1cca-4fd3-bc5b-4ea2dbc3232f|127.0.0.1:15055]|listeners:[], old=null} RUNNING
2025-05-14 02:55:15,535 [d4e44fd7-0e23-4e4f-bc30-0c7965de497d-PipelineCommandHandlerThread-0] INFO  server.RaftServer$Division (RaftServerImpl.java:lambda$close$1(513)) - d4e44fd7-0e23-4e4f-bc30-0c7965de497d@group-90B7BBECBC71: shutdown
2025-05-14 02:55:15,535 [d4e44fd7-0e23-4e4f-bc30-0c7965de497d-PipelineCommandHandlerThread-0] INFO  util.JmxRegister (JmxRegister.java:unregister(74)) - Successfully un-registered JMX Bean with object name Ratis:service=RaftServer,group=group-90B7BBECBC71,id=d4e44fd7-0e23-4e4f-bc30-0c7965de497d
2025-05-14 02:55:15,535 [d4e44fd7-0e23-4e4f-bc30-0c7965de497d-PipelineCommandHandlerThread-0] INFO  impl.RoleInfo (RoleInfo.java:shutdownFollowerState(121)) - d4e44fd7-0e23-4e4f-bc30-0c7965de497d: shutdown d4e44fd7-0e23-4e4f-bc30-0c7965de497d@group-90B7BBECBC71-FollowerState
2025-05-14 02:55:15,536 [d4e44fd7-0e23-4e4f-bc30-0c7965de497d-PipelineCommandHandlerThread-0] INFO  impl.StateMachineUpdater (StateMachineUpdater.java:stopAndJoin(164)) - d4e44fd7-0e23-4e4f-bc30-0c7965de497d@group-90B7BBECBC71-StateMachineUpdater: set stopIndex = 12
2025-05-14 02:55:15,536 [d4e44fd7-0e23-4e4f-bc30-0c7965de497d@group-90B7BBECBC71-FollowerState] INFO  impl.FollowerState (FollowerState.java:runImpl(170)) - d4e44fd7-0e23-4e4f-bc30-0c7965de497d@group-90B7BBECBC71-FollowerState was interrupted
2025-05-14 02:55:15,536 [d4e44fd7-0e23-4e4f-bc30-0c7965de497d@group-90B7BBECBC71-StateMachineUpdater] INFO  impl.StateMachineUpdater (StateMachineUpdater.java:stop(141)) - d4e44fd7-0e23-4e4f-bc30-0c7965de497d@group-90B7BBECBC71-StateMachineUpdater: closing ContainerStateMachine, lastApplied=(t:2, i:12)
2025-05-14 02:55:15,536 [d4e44fd7-0e23-4e4f-bc30-0c7965de497d@group-90B7BBECBC71-cacheEviction-AwaitToRun] INFO  util.AwaitToRun (AwaitToRun.java:run(49)) - d4e44fd7-0e23-4e4f-bc30-0c7965de497d@group-90B7BBECBC71-cacheEviction-AwaitToRun-AwaitForSignal is interrupted
2025-05-14 02:55:15,596 [EventQueue-PipelineActionsForPipelineActionHandler] INFO  pipeline.PipelineActionHandler (PipelineActionHandler.java:processPipelineAction(89)) - Received pipeline action CLOSE for PipelineID=04f6c6c3-d74d-4db8-823f-aff22c375116 from datanode f4f68937-1ce3-42e1-b3e7-547ae2d23d85(localhost/127.0.0.1). Reason : Chunks directory /home/runner/work/ozone/ozone/hadoop-ozone/integration-test/target/test-dir/MiniOzoneClusterImpl-af940217-b311-440f-8e09-352fdf66236b/ozone-meta/datanode-7/data-0/hdds/af940217-b311-440f-8e09-352fdf66236b/current/containerDir0/9/chunks does not exist.
2025-05-14 02:55:15,795 [EventQueue-PipelineActionsForPipelineActionHandler] INFO  pipeline.PipelineActionHandler (PipelineActionHandler.java:processPipelineAction(89)) - Received pipeline action CLOSE for PipelineID=04f6c6c3-d74d-4db8-823f-aff22c375116 from datanode f4f68937-1ce3-42e1-b3e7-547ae2d23d85(localhost/127.0.0.1). Reason : Chunks directory /home/runner/work/ozone/ozone/hadoop-ozone/integration-test/target/test-dir/MiniOzoneClusterImpl-af940217-b311-440f-8e09-352fdf66236b/ozone-meta/datanode-7/data-0/hdds/af940217-b311-440f-8e09-352fdf66236b/current/containerDir0/9/chunks does not exist.
2025-05-14 02:55:15,833 [d4e44fd7-0e23-4e4f-bc30-0c7965de497d-PipelineCommandHandlerThread-0] INFO  segmented.SegmentedRaftLogWorker (SegmentedRaftLogWorker.java:close(252)) - d4e44fd7-0e23-4e4f-bc30-0c7965de497d@group-90B7BBECBC71-SegmentedRaftLogWorker close()
2025-05-14 02:55:15,833 [d4e44fd7-0e23-4e4f-bc30-0c7965de497d-PipelineCommandHandlerThread-0] INFO  keyvalue.KeyValueContainer (KeyValueContainer.java:flushAndSyncDB(511)) - Synced container: KeyValueContainerData #3 (CLOSING, non-empty, ri=0, origin=[dn_d4e44fd7-0e23-4e4f-bc30-0c7965de497d, pipeline_8155a67b-a88a-4cce-aefd-90b7bbecbc71])
2025-05-14 02:55:15,834 [d4e44fd7-0e23-4e4f-bc30-0c7965de497d-PipelineCommandHandlerThread-0] INFO  keyvalue.KeyValueContainer (KeyValueContainer.java:flushAndSyncDB(511)) - Synced container: KeyValueContainerData #3 (CLOSING, non-empty, ri=0, origin=[dn_d4e44fd7-0e23-4e4f-bc30-0c7965de497d, pipeline_8155a67b-a88a-4cce-aefd-90b7bbecbc71])
2025-05-14 02:55:15,838 [d4e44fd7-0e23-4e4f-bc30-0c7965de497d-PipelineCommandHandlerThread-0] INFO  server.RaftServer$Division (RaftServerImpl.java:groupRemove(483)) - d4e44fd7-0e23-4e4f-bc30-0c7965de497d@group-90B7BBECBC71: Succeed to remove RaftStorageDirectory Storage Directory /home/runner/work/ozone/ozone/hadoop-ozone/integration-test/target/test-dir/MiniOzoneClusterImpl-af940217-b311-440f-8e09-352fdf66236b/ozone-meta/datanode-4/ratis/8155a67b-a88a-4cce-aefd-90b7bbecbc71
2025-05-14 02:55:15,838 [d4e44fd7-0e23-4e4f-bc30-0c7965de497d-PipelineCommandHandlerThread-0] INFO  commandhandler.ClosePipelineCommandHandler (ClosePipelineCommandHandler.java:lambda$handle$2(142)) - Close Pipeline PipelineID=8155a67b-a88a-4cce-aefd-90b7bbecbc71 command on datanode d4e44fd7-0e23-4e4f-bc30-0c7965de497d(localhost/127.0.0.1).
2025-05-14 02:55:15,996 [EventQueue-PipelineActionsForPipelineActionHandler] INFO  pipeline.PipelineActionHandler (PipelineActionHandler.java:processPipelineAction(89)) - Received pipeline action CLOSE for PipelineID=04f6c6c3-d74d-4db8-823f-aff22c375116 from datanode f4f68937-1ce3-42e1-b3e7-547ae2d23d85(localhost/127.0.0.1). Reason : Chunks directory /home/runner/work/ozone/ozone/hadoop-ozone/integration-test/target/test-dir/MiniOzoneClusterImpl-af940217-b311-440f-8e09-352fdf66236b/ozone-meta/datanode-7/data-0/hdds/af940217-b311-440f-8e09-352fdf66236b/current/containerDir0/9/chunks does not exist.
2025-05-14 02:55:16,196 [EventQueue-PipelineActionsForPipelineActionHandler] INFO  pipeline.PipelineActionHandler (PipelineActionHandler.java:processPipelineAction(89)) - Received pipeline action CLOSE for PipelineID=04f6c6c3-d74d-4db8-823f-aff22c375116 from datanode f4f68937-1ce3-42e1-b3e7-547ae2d23d85(localhost/127.0.0.1). Reason : Chunks directory /home/runner/work/ozone/ozone/hadoop-ozone/integration-test/target/test-dir/MiniOzoneClusterImpl-af940217-b311-440f-8e09-352fdf66236b/ozone-meta/datanode-7/data-0/hdds/af940217-b311-440f-8e09-352fdf66236b/current/containerDir0/9/chunks does not exist.
2025-05-14 02:55:16,391 [e44b5a69-92f9-40f4-85c9-712e1c637b62-BlockDeletingService#0] INFO  interfaces.ContainerDeletionChoosingPolicyTemplate (ContainerDeletionChoosingPolicyTemplate.java:chooseContainerForBlockDeletion(83)) - Chosen 0/5000 blocks from 0 candidate containers.
2025-05-14 02:55:16,396 [EventQueue-PipelineActionsForPipelineActionHandler] INFO  pipeline.PipelineActionHandler (PipelineActionHandler.java:processPipelineAction(89)) - Received pipeline action CLOSE for PipelineID=04f6c6c3-d74d-4db8-823f-aff22c375116 from datanode f4f68937-1ce3-42e1-b3e7-547ae2d23d85(localhost/127.0.0.1). Reason : Chunks directory /home/runner/work/ozone/ozone/hadoop-ozone/integration-test/target/test-dir/MiniOzoneClusterImpl-af940217-b311-440f-8e09-352fdf66236b/ozone-meta/datanode-7/data-0/hdds/af940217-b311-440f-8e09-352fdf66236b/current/containerDir0/9/chunks does not exist.
2025-05-14 02:55:16,396 [timer0] WARN  server.GrpcLogAppender (LogUtils.java:warn(123)) - 6338fc9c-a704-4fa0-9c76-ba0cbc116aba@group-AFF22C375116->f4f68937-1ce3-42e1-b3e7-547ae2d23d85-AppendLogResponseHandler: Failed appendEntries (Repeated 3 times in the last 5.000s)
org.apache.ratis.server.raftlog.RaftLogIOException: Log already failed at index 4 for task WriteLog:4: (t:1, i:4), STATEMACHINELOGENTRY, cmdType: WriteChunk traceID: "" containerID: 9 datanodeUuid: "8e51993b-4f71-45b0-84f2-cf37ffbd2099" pipelineID: "04f6c6c3-d74d-4db8-823f-aff22c375116" writeChunk { blockID { containerID: 9 localID: 115816896921600009 blockCommitSequenceId: 2 replicaIndex: 0 } chunkData { chunkName: "115816896921600009_chunk_2" offset: 5 len: 10 checksumData { type: CRC32 bytesPerChecksum: 16384 checksums: "\317\357R*" } } } version: 3, container path=/home/runner/work/ozone/ozone/hadoop-ozone/integration-test/target/test-dir/MiniOzoneClusterImpl-af940217-b311-440f-8e09-352fdf66236b/ozone-meta/datanode-7/data-0/hdds/af940217-b311-440f-8e09-352fdf66236b/current/containerDir0/9
	at org.apache.ratis.server.raftlog.segmented.SegmentedRaftLogWorker.run(SegmentedRaftLogWorker.java:327)
	at java.base/java.util.concurrent.Executors$RunnableAdapter.call(Executors.java:572)
	at java.base/java.util.concurrent.FutureTask.run(FutureTask.java:317)
	at java.base/java.util.concurrent.ThreadPoolExecutor.runWorker(ThreadPoolExecutor.java:1144)
	at java.base/java.util.concurrent.ThreadPoolExecutor$Worker.run(ThreadPoolExecutor.java:642)
	at java.base/java.lang.Thread.run(Thread.java:1583)
Caused by: org.apache.hadoop.hdds.scm.container.common.helpers.StorageContainerException: Chunks directory /home/runner/work/ozone/ozone/hadoop-ozone/integration-test/target/test-dir/MiniOzoneClusterImpl-af940217-b311-440f-8e09-352fdf66236b/ozone-meta/datanode-7/data-0/hdds/af940217-b311-440f-8e09-352fdf66236b/current/containerDir0/9/chunks does not exist.
	at org.apache.hadoop.ozone.container.common.transport.server.ratis.ContainerStateMachine.handleCommandResult(ContainerStateMachine.java:661)
	at org.apache.hadoop.ozone.container.common.transport.server.ratis.ContainerStateMachine.lambda$writeStateMachineData$2(ContainerStateMachine.java:623)
	... 4 more
2025-05-14 02:55:16,511 [BackgroundPipelineScrubber] INFO  pipeline.PipelineManagerImpl (PipelineManagerImpl.java:scrubPipelines(601)) - Scrubbing pipeline: id: PipelineID=04f6c6c3-d74d-4db8-823f-aff22c375116 since it stays at CLOSED stage.
2025-05-14 02:55:16,513 [BackgroundPipelineScrubber] INFO  pipeline.RatisPipelineProvider (RatisPipelineProvider.java:lambda$close$4(273)) - Send pipeline:PipelineID=04f6c6c3-d74d-4db8-823f-aff22c375116 close command to datanode 8e51993b-4f71-45b0-84f2-cf37ffbd2099
2025-05-14 02:55:16,513 [BackgroundPipelineScrubber] INFO  pipeline.RatisPipelineProvider (RatisPipelineProvider.java:lambda$close$4(273)) - Send pipeline:PipelineID=04f6c6c3-d74d-4db8-823f-aff22c375116 close command to datanode 6338fc9c-a704-4fa0-9c76-ba0cbc116aba
2025-05-14 02:55:16,513 [BackgroundPipelineScrubber] INFO  pipeline.RatisPipelineProvider (RatisPipelineProvider.java:lambda$close$4(273)) - Send pipeline:PipelineID=04f6c6c3-d74d-4db8-823f-aff22c375116 close command to datanode f4f68937-1ce3-42e1-b3e7-547ae2d23d85
2025-05-14 02:55:16,513 [BackgroundPipelineScrubber] INFO  pipeline.PipelineManagerImpl (PipelineManagerImpl.java:removePipeline(462)) - Pipeline Pipeline{ Id: 04f6c6c3-d74d-4db8-823f-aff22c375116, Nodes: [ {8e51993b-4f71-45b0-84f2-cf37ffbd2099(localhost/127.0.0.1), ReplicaIndex: 0}, {6338fc9c-a704-4fa0-9c76-ba0cbc116aba(localhost/127.0.0.1), ReplicaIndex: 0}, {f4f68937-1ce3-42e1-b3e7-547ae2d23d85(localhost/127.0.0.1), ReplicaIndex: 0},], ReplicationConfig: RATIS/THREE, State:CLOSED, leaderId:6338fc9c-a704-4fa0-9c76-ba0cbc116aba, CreationTimestamp2025-05-14T02:53:37.424Z[Etc/UTC]} removed.
2025-05-14 02:55:16,596 [EventQueue-PipelineReportForPipelineReportHandler] INFO  pipeline.PipelineReportHandler (PipelineReportHandler.java:handlePipelineNotFoundException(98)) - Pipeline PipelineID=04f6c6c3-d74d-4db8-823f-aff22c375116, reported by datanode 8e51993b-4f71-45b0-84f2-cf37ffbd2099(localhost/127.0.0.1) is not found.
2025-05-14 02:55:16,597 [EventQueue-PipelineActionsForPipelineActionHandler] INFO  pipeline.PipelineActionHandler (PipelineActionHandler.java:processPipelineAction(89)) - Received pipeline action CLOSE for PipelineID=04f6c6c3-d74d-4db8-823f-aff22c375116 from datanode f4f68937-1ce3-42e1-b3e7-547ae2d23d85(localhost/127.0.0.1). Reason : Chunks directory /home/runner/work/ozone/ozone/hadoop-ozone/integration-test/target/test-dir/MiniOzoneClusterImpl-af940217-b311-440f-8e09-352fdf66236b/ozone-meta/datanode-7/data-0/hdds/af940217-b311-440f-8e09-352fdf66236b/current/containerDir0/9/chunks does not exist.
2025-05-14 02:55:16,597 [EventQueue-PipelineActionsForPipelineActionHandler] WARN  pipeline.PipelineActionHandler (PipelineActionHandler.java:closeUnknownPipeline(117)) - Pipeline action received for unknown Pipeline PipelineID=04f6c6c3-d74d-4db8-823f-aff22c375116, firing close pipeline event.
2025-05-14 02:55:16,685 [8e51993b-4f71-45b0-84f2-cf37ffbd2099@group-AFF22C375116-StateMachineUpdater] INFO  ratis.ContainerStateMachine (ContainerStateMachine.java:takeSnapshot(427)) - group-AFF22C375116: Taking a snapshot at:(t:1, i:9) file /home/runner/work/ozone/ozone/hadoop-ozone/integration-test/target/test-dir/MiniOzoneClusterImpl-af940217-b311-440f-8e09-352fdf66236b/ozone-meta/datanode-8/ratis/04f6c6c3-d74d-4db8-823f-aff22c375116/sm/snapshot.1_9
2025-05-14 02:55:16,686 [8e51993b-4f71-45b0-84f2-cf37ffbd2099@group-AFF22C375116-StateMachineUpdater] INFO  ratis.ContainerStateMachine (ContainerStateMachine.java:takeSnapshot(436)) - group-AFF22C375116: Finished taking a snapshot at:(t:1, i:9) file:/home/runner/work/ozone/ozone/hadoop-ozone/integration-test/target/test-dir/MiniOzoneClusterImpl-af940217-b311-440f-8e09-352fdf66236b/ozone-meta/datanode-8/ratis/04f6c6c3-d74d-4db8-823f-aff22c375116/sm/snapshot.1_9 took: 1 ms
2025-05-14 02:55:16,686 [8e51993b-4f71-45b0-84f2-cf37ffbd2099@group-AFF22C375116-StateMachineUpdater] INFO  impl.StateMachineUpdater (StateMachineUpdater.java:takeSnapshot(303)) - 8e51993b-4f71-45b0-84f2-cf37ffbd2099@group-AFF22C375116-StateMachineUpdater: Took a snapshot at index 9
2025-05-14 02:55:16,686 [8e51993b-4f71-45b0-84f2-cf37ffbd2099@group-AFF22C375116-StateMachineUpdater] INFO  impl.StateMachineUpdater (StateMachineUpdater.java:lambda$new$0(102)) - 8e51993b-4f71-45b0-84f2-cf37ffbd2099@group-AFF22C375116-StateMachineUpdater: snapshotIndex: updateIncreasingly 7 -> 9
2025-05-14 02:55:16,791 [EventQueue-PipelineReportForPipelineReportHandler] INFO  pipeline.PipelineReportHandler (PipelineReportHandler.java:handlePipelineNotFoundException(98)) - Pipeline PipelineID=04f6c6c3-d74d-4db8-823f-aff22c375116, reported by datanode 6338fc9c-a704-4fa0-9c76-ba0cbc116aba(localhost/127.0.0.1) is not found.
2025-05-14 02:55:16,796 [EventQueue-PipelineReportForPipelineReportHandler] INFO  pipeline.PipelineReportHandler (PipelineReportHandler.java:handlePipelineNotFoundException(98)) - Pipeline PipelineID=04f6c6c3-d74d-4db8-823f-aff22c375116, reported by datanode f4f68937-1ce3-42e1-b3e7-547ae2d23d85(localhost/127.0.0.1) is not found.
2025-05-14 02:55:16,796 [EventQueue-PipelineActionsForPipelineActionHandler] INFO  pipeline.PipelineActionHandler (PipelineActionHandler.java:processPipelineAction(89)) - Received pipeline action CLOSE for PipelineID=04f6c6c3-d74d-4db8-823f-aff22c375116 from datanode f4f68937-1ce3-42e1-b3e7-547ae2d23d85(localhost/127.0.0.1). Reason : Chunks directory /home/runner/work/ozone/ozone/hadoop-ozone/integration-test/target/test-dir/MiniOzoneClusterImpl-af940217-b311-440f-8e09-352fdf66236b/ozone-meta/datanode-7/data-0/hdds/af940217-b311-440f-8e09-352fdf66236b/current/containerDir0/9/chunks does not exist.
2025-05-14 02:55:16,797 [EventQueue-PipelineActionsForPipelineActionHandler] WARN  pipeline.PipelineActionHandler (PipelineActionHandler.java:closeUnknownPipeline(117)) - Pipeline action received for unknown Pipeline PipelineID=04f6c6c3-d74d-4db8-823f-aff22c375116, firing close pipeline event.
2025-05-14 02:55:16,799 [grpc-default-executor-8] INFO  server.RaftServer (RaftServerProxy.java:remove(111)) - f4f68937-1ce3-42e1-b3e7-547ae2d23d85: remove  FOLLOWER f4f68937-1ce3-42e1-b3e7-547ae2d23d85@group-AFF22C375116:t1, leader=6338fc9c-a704-4fa0-9c76-ba0cbc116aba, voted=6338fc9c-a704-4fa0-9c76-ba0cbc116aba, raftlog=Memoized:f4f68937-1ce3-42e1-b3e7-547ae2d23d85@group-AFF22C375116-SegmentedRaftLog:OPENED:c3:last(t:1, i:9), conf=conf: {index: 0, cur=peers:[f4f68937-1ce3-42e1-b3e7-547ae2d23d85|127.0.0.1:15063, 6338fc9c-a704-4fa0-9c76-ba0cbc116aba|127.0.0.1:15079, 8e51993b-4f71-45b0-84f2-cf37ffbd2099|127.0.0.1:15071]|listeners:[], old=null} RUNNING
2025-05-14 02:55:16,800 [grpc-default-executor-8] INFO  server.RaftServer$Division (RaftServerImpl.java:lambda$close$1(513)) - f4f68937-1ce3-42e1-b3e7-547ae2d23d85@group-AFF22C375116: shutdown
2025-05-14 02:55:16,800 [grpc-default-executor-8] INFO  util.JmxRegister (JmxRegister.java:unregister(74)) - Successfully un-registered JMX Bean with object name Ratis:service=RaftServer,group=group-AFF22C375116,id=f4f68937-1ce3-42e1-b3e7-547ae2d23d85
2025-05-14 02:55:16,800 [grpc-default-executor-8] INFO  impl.RoleInfo (RoleInfo.java:shutdownFollowerState(121)) - f4f68937-1ce3-42e1-b3e7-547ae2d23d85: shutdown f4f68937-1ce3-42e1-b3e7-547ae2d23d85@group-AFF22C375116-FollowerState
2025-05-14 02:55:16,800 [grpc-default-executor-8] INFO  impl.StateMachineUpdater (StateMachineUpdater.java:stopAndJoin(164)) - f4f68937-1ce3-42e1-b3e7-547ae2d23d85@group-AFF22C375116-StateMachineUpdater: set stopIndex = 3
2025-05-14 02:55:16,800 [f4f68937-1ce3-42e1-b3e7-547ae2d23d85@group-AFF22C375116-StateMachineUpdater] ERROR ratis.ContainerStateMachine (ContainerStateMachine.java:takeSnapshot(421)) - Failed to take snapshot  for group-AFF22C375116 as the stateMachine is unhealthy. The last applied index is at (t:1, i:3)
2025-05-14 02:55:16,800 [f4f68937-1ce3-42e1-b3e7-547ae2d23d85@group-AFF22C375116-FollowerState] INFO  impl.FollowerState (FollowerState.java:runImpl(170)) - f4f68937-1ce3-42e1-b3e7-547ae2d23d85@group-AFF22C375116-FollowerState was interrupted
2025-05-14 02:55:16,800 [f4f68937-1ce3-42e1-b3e7-547ae2d23d85@group-AFF22C375116-StateMachineUpdater] ERROR impl.StateMachineUpdater (StateMachineUpdater.java:takeSnapshot(298)) - f4f68937-1ce3-42e1-b3e7-547ae2d23d85@group-AFF22C375116-StateMachineUpdater: Failed to take snapshot
org.apache.ratis.protocol.exceptions.StateMachineException: Failed to take snapshot  for group-AFF22C375116 as the stateMachine is unhealthy. The last applied index is at (t:1, i:3)
	at org.apache.hadoop.ozone.container.common.transport.server.ratis.ContainerStateMachine.takeSnapshot(ContainerStateMachine.java:420)
	at org.apache.ratis.server.impl.StateMachineUpdater.takeSnapshot(StateMachineUpdater.java:286)
	at org.apache.ratis.server.impl.StateMachineUpdater.checkAndTakeSnapshot(StateMachineUpdater.java:278)
	at org.apache.ratis.server.impl.StateMachineUpdater.run(StateMachineUpdater.java:194)
	at java.base/java.lang.Thread.run(Thread.java:1583)
2025-05-14 02:55:16,800 [f4f68937-1ce3-42e1-b3e7-547ae2d23d85@group-AFF22C375116-StateMachineUpdater] ERROR ratis.ContainerStateMachine (ContainerStateMachine.java:takeSnapshot(421)) - Failed to take snapshot  for group-AFF22C375116 as the stateMachine is unhealthy. The last applied index is at (t:1, i:3)
2025-05-14 02:55:16,800 [f4f68937-1ce3-42e1-b3e7-547ae2d23d85@group-AFF22C375116-StateMachineUpdater] ERROR impl.StateMachineUpdater (StateMachineUpdater.java:takeSnapshot(298)) - f4f68937-1ce3-42e1-b3e7-547ae2d23d85@group-AFF22C375116-StateMachineUpdater: Failed to take snapshot
org.apache.ratis.protocol.exceptions.StateMachineException: Failed to take snapshot  for group-AFF22C375116 as the stateMachine is unhealthy. The last applied index is at (t:1, i:3)
	at org.apache.hadoop.ozone.container.common.transport.server.ratis.ContainerStateMachine.takeSnapshot(ContainerStateMachine.java:420)
	at org.apache.ratis.server.impl.StateMachineUpdater.takeSnapshot(StateMachineUpdater.java:286)
	at org.apache.ratis.server.impl.StateMachineUpdater.checkAndTakeSnapshot(StateMachineUpdater.java:278)
	at org.apache.ratis.server.impl.StateMachineUpdater.run(StateMachineUpdater.java:197)
	at java.base/java.lang.Thread.run(Thread.java:1583)
2025-05-14 02:55:16,800 [f4f68937-1ce3-42e1-b3e7-547ae2d23d85@group-AFF22C375116-StateMachineUpdater] INFO  impl.StateMachineUpdater (StateMachineUpdater.java:stop(141)) - f4f68937-1ce3-42e1-b3e7-547ae2d23d85@group-AFF22C375116-StateMachineUpdater: closing ContainerStateMachine, lastApplied=(t:1, i:3)
2025-05-14 02:55:16,801 [f4f68937-1ce3-42e1-b3e7-547ae2d23d85@group-AFF22C375116-cacheEviction-AwaitToRun] INFO  util.AwaitToRun (AwaitToRun.java:run(49)) - f4f68937-1ce3-42e1-b3e7-547ae2d23d85@group-AFF22C375116-cacheEviction-AwaitToRun-AwaitForSignal is interrupted
2025-05-14 02:55:16,995 [EventQueue-PipelineReportForPipelineReportHandler] INFO  pipeline.PipelineReportHandler (PipelineReportHandler.java:handlePipelineNotFoundException(98)) - Pipeline PipelineID=04f6c6c3-d74d-4db8-823f-aff22c375116, reported by datanode 8e51993b-4f71-45b0-84f2-cf37ffbd2099(localhost/127.0.0.1) is not found.
2025-05-14 02:55:17,191 [grpc-default-executor-8] INFO  segmented.SegmentedRaftLogWorker (SegmentedRaftLogWorker.java:close(252)) - f4f68937-1ce3-42e1-b3e7-547ae2d23d85@group-AFF22C375116-SegmentedRaftLogWorker close()
2025-05-14 02:55:17,192 [EventQueue-PipelineReportForPipelineReportHandler] INFO  pipeline.PipelineReportHandler (PipelineReportHandler.java:handlePipelineNotFoundException(98)) - Pipeline PipelineID=04f6c6c3-d74d-4db8-823f-aff22c375116, reported by datanode 6338fc9c-a704-4fa0-9c76-ba0cbc116aba(localhost/127.0.0.1) is not found.
2025-05-14 02:55:17,192 [grpc-default-executor-8] INFO  server.RaftServer$Division (RaftServerImpl.java:groupRemove(483)) - f4f68937-1ce3-42e1-b3e7-547ae2d23d85@group-AFF22C375116: Succeed to remove RaftStorageDirectory Storage Directory /home/runner/work/ozone/ozone/hadoop-ozone/integration-test/target/test-dir/MiniOzoneClusterImpl-af940217-b311-440f-8e09-352fdf66236b/ozone-meta/datanode-7/ratis/04f6c6c3-d74d-4db8-823f-aff22c375116
2025-05-14 02:55:17,196 [EventQueue-PipelineReportForPipelineReportHandler] INFO  pipeline.PipelineReportHandler (PipelineReportHandler.java:handlePipelineNotFoundException(98)) - Pipeline PipelineID=04f6c6c3-d74d-4db8-823f-aff22c375116, reported by datanode 8e51993b-4f71-45b0-84f2-cf37ffbd2099(localhost/127.0.0.1) is not found.
2025-05-14 02:55:17,199 [grpc-default-executor-8] INFO  server.RaftServer (RaftServerProxy.java:remove(111)) - 6338fc9c-a704-4fa0-9c76-ba0cbc116aba: remove    LEADER 6338fc9c-a704-4fa0-9c76-ba0cbc116aba@group-AFF22C375116:t1, leader=6338fc9c-a704-4fa0-9c76-ba0cbc116aba, voted=6338fc9c-a704-4fa0-9c76-ba0cbc116aba, raftlog=Memoized:6338fc9c-a704-4fa0-9c76-ba0cbc116aba@group-AFF22C375116-SegmentedRaftLog:OPENED:c9:last(t:1, i:9), conf=conf: {index: 0, cur=peers:[f4f68937-1ce3-42e1-b3e7-547ae2d23d85|127.0.0.1:15063, 6338fc9c-a704-4fa0-9c76-ba0cbc116aba|127.0.0.1:15079, 8e51993b-4f71-45b0-84f2-cf37ffbd2099|127.0.0.1:15071]|listeners:[], old=null} RUNNING
2025-05-14 02:55:17,199 [grpc-default-executor-8] INFO  server.RaftServer$Division (RaftServerImpl.java:lambda$close$1(513)) - 6338fc9c-a704-4fa0-9c76-ba0cbc116aba@group-AFF22C375116: shutdown
2025-05-14 02:55:17,199 [grpc-default-executor-8] INFO  util.JmxRegister (JmxRegister.java:unregister(74)) - Successfully un-registered JMX Bean with object name Ratis:service=RaftServer,group=group-AFF22C375116,id=6338fc9c-a704-4fa0-9c76-ba0cbc116aba
2025-05-14 02:55:17,199 [grpc-default-executor-8] INFO  impl.RoleInfo (RoleInfo.java:shutdownLeaderState(103)) - 6338fc9c-a704-4fa0-9c76-ba0cbc116aba: shutdown 6338fc9c-a704-4fa0-9c76-ba0cbc116aba@group-AFF22C375116-LeaderStateImpl
2025-05-14 02:55:17,200 [grpc-default-executor-8] INFO  impl.PendingRequests (PendingRequests.java:sendNotLeaderResponses(287)) - 6338fc9c-a704-4fa0-9c76-ba0cbc116aba@group-AFF22C375116-PendingRequests: sendNotLeaderResponses
2025-05-14 02:55:17,200 [6338fc9c-a704-4fa0-9c76-ba0cbc116aba@group-AFF22C375116->f4f68937-1ce3-42e1-b3e7-547ae2d23d85-GrpcLogAppender-LogAppenderDaemon] WARN  server.GrpcLogAppender (GrpcLogAppender.java:mayWait(293)) - 6338fc9c-a704-4fa0-9c76-ba0cbc116aba@group-AFF22C375116->f4f68937-1ce3-42e1-b3e7-547ae2d23d85-GrpcLogAppender: Wait interrupted by java.lang.InterruptedException
2025-05-14 02:55:17,200 [null-request--thread1] INFO  server.GrpcClientProtocolService (GrpcClientProtocolService.java:lambda$processClientRequest$0(284)) - Failed RaftClientRequest:client-5A8461CF58B2->6338fc9c-a704-4fa0-9c76-ba0cbc116aba@group-AFF22C375116, cid=164, seq=null, Watch-ALL_COMMITTED(5), Message:<EMPTY>, reply=RaftClientReply:client-5A8461CF58B2->6338fc9c-a704-4fa0-9c76-ba0cbc116aba@group-AFF22C375116, cid=164, FAILED org.apache.ratis.protocol.exceptions.NotLeaderException: Server 6338fc9c-a704-4fa0-9c76-ba0cbc116aba@group-AFF22C375116 is not the leader, logIndex=0, commits[6338fc9c-a704-4fa0-9c76-ba0cbc116aba:c9]
2025-05-14 02:55:17,200 [6338fc9c-a704-4fa0-9c76-ba0cbc116aba@group-AFF22C375116->8e51993b-4f71-45b0-84f2-cf37ffbd2099-GrpcLogAppender-LogAppenderDaemon] WARN  server.GrpcLogAppender (GrpcLogAppender.java:mayWait(293)) - 6338fc9c-a704-4fa0-9c76-ba0cbc116aba@group-AFF22C375116->8e51993b-4f71-45b0-84f2-cf37ffbd2099-GrpcLogAppender: Wait interrupted by java.lang.InterruptedException
2025-05-14 02:55:17,201 [grpc-default-executor-2] INFO  server.GrpcServerProtocolService (GrpcServerProtocolService.java:onCompleted(157)) - f4f68937-1ce3-42e1-b3e7-547ae2d23d85: Completed APPEND_ENTRIES, lastRequest: 6338fc9c-a704-4fa0-9c76-ba0cbc116aba->f4f68937-1ce3-42e1-b3e7-547ae2d23d85#63-t1,previous=(t:1, i:7),leaderCommit=9,initializing? false,entries: size=2, first=(t:1, i:8), STATEMACHINELOGENTRY, WRITE: logData.size=87, stateMachineData.size=0, logEntryProtoSerializedSize=0
2025-05-14 02:55:17,201 [grpc-default-executor-2] INFO  server.GrpcServerProtocolService (GrpcServerProtocolService.java:lambda$onCompleted$5(159)) - f4f68937-1ce3-42e1-b3e7-547ae2d23d85: Completed APPEND_ENTRIES, lastReply: null
2025-05-14 02:55:17,201 [grpc-default-executor-6] INFO  server.GrpcServerProtocolService (GrpcServerProtocolService.java:onCompleted(157)) - 8e51993b-4f71-45b0-84f2-cf37ffbd2099: Completed APPEND_ENTRIES, lastRequest: null
2025-05-14 02:55:17,202 [grpc-default-executor-7] INFO  server.GrpcServerProtocolService (GrpcServerProtocolService.java:onCompleted(157)) - f4f68937-1ce3-42e1-b3e7-547ae2d23d85: Completed APPEND_ENTRIES, lastRequest: null
2025-05-14 02:55:17,202 [grpc-default-executor-7] INFO  server.GrpcServerProtocolService (GrpcServerProtocolService.java:lambda$onCompleted$5(159)) - f4f68937-1ce3-42e1-b3e7-547ae2d23d85: Completed APPEND_ENTRIES, lastReply: serverReply {
  requestorId: "6338fc9c-a704-4fa0-9c76-ba0cbc116aba"
  replyId: "f4f68937-1ce3-42e1-b3e7-547ae2d23d85"
  raftGroupId {
    id: "\004\366\306\303\327MM\270\202?\257\362,7Q\026"
  }
  callId: 62
  success: true
}
term: 1
nextIndex: 10
followerCommit: 3
matchIndex: 18446744073709551615
isHearbeat: true

2025-05-14 02:55:17,202 [grpc-default-executor-6] INFO  server.GrpcServerProtocolService (GrpcServerProtocolService.java:lambda$onCompleted$5(159)) - 8e51993b-4f71-45b0-84f2-cf37ffbd2099: Completed APPEND_ENTRIES, lastReply: serverReply {
  requestorId: "6338fc9c-a704-4fa0-9c76-ba0cbc116aba"
  replyId: "8e51993b-4f71-45b0-84f2-cf37ffbd2099"
  raftGroupId {
    id: "\004\366\306\303\327MM\270\202?\257\362,7Q\026"
  }
  callId: 59
  success: true
}
term: 1
nextIndex: 10
followerCommit: 9
matchIndex: 18446744073709551615
isHearbeat: true

2025-05-14 02:55:17,203 [grpc-default-executor-3] INFO  server.GrpcServerProtocolService (GrpcServerProtocolService.java:onCompleted(157)) - 8e51993b-4f71-45b0-84f2-cf37ffbd2099: Completed APPEND_ENTRIES, lastRequest: 6338fc9c-a704-4fa0-9c76-ba0cbc116aba->8e51993b-4f71-45b0-84f2-cf37ffbd2099#57-t1,previous=(t:1, i:8),leaderCommit=8,initializing? false,entries: size=1, first=(t:1, i:9), METADATAENTRY(c:8)
2025-05-14 02:55:17,203 [grpc-default-executor-3] INFO  server.GrpcServerProtocolService (GrpcServerProtocolService.java:lambda$onCompleted$5(159)) - 8e51993b-4f71-45b0-84f2-cf37ffbd2099: Completed APPEND_ENTRIES, lastReply: null
2025-05-14 02:55:17,203 [grpc-default-executor-1] INFO  server.GrpcLogAppender (GrpcLogAppender.java:onCompleted(550)) - 6338fc9c-a704-4fa0-9c76-ba0cbc116aba@group-AFF22C375116->f4f68937-1ce3-42e1-b3e7-547ae2d23d85-AppendLogResponseHandler: follower responses appendEntries COMPLETED
2025-05-14 02:55:17,204 [grpc-default-executor-2] INFO  server.GrpcLogAppender (GrpcLogAppender.java:onCompleted(550)) - 6338fc9c-a704-4fa0-9c76-ba0cbc116aba@group-AFF22C375116->f4f68937-1ce3-42e1-b3e7-547ae2d23d85-AppendLogResponseHandler: follower responses appendEntries COMPLETED
2025-05-14 02:55:17,205 [grpc-default-executor-9] INFO  server.GrpcLogAppender (GrpcLogAppender.java:onCompleted(550)) - 6338fc9c-a704-4fa0-9c76-ba0cbc116aba@group-AFF22C375116->8e51993b-4f71-45b0-84f2-cf37ffbd2099-AppendLogResponseHandler: follower responses appendEntries COMPLETED
2025-05-14 02:55:17,206 [grpc-default-executor-8] INFO  impl.StateMachineUpdater (StateMachineUpdater.java:stopAndJoin(164)) - 6338fc9c-a704-4fa0-9c76-ba0cbc116aba@group-AFF22C375116-StateMachineUpdater: set stopIndex = 9
2025-05-14 02:55:17,206 [6338fc9c-a704-4fa0-9c76-ba0cbc116aba@group-AFF22C375116-StateMachineUpdater] INFO  impl.StateMachineUpdater (StateMachineUpdater.java:stop(141)) - 6338fc9c-a704-4fa0-9c76-ba0cbc116aba@group-AFF22C375116-StateMachineUpdater: closing ContainerStateMachine, lastApplied=(t:1, i:9)
2025-05-14 02:55:17,206 [6338fc9c-a704-4fa0-9c76-ba0cbc116aba@group-AFF22C375116-cacheEviction-AwaitToRun] INFO  util.AwaitToRun (AwaitToRun.java:run(49)) - 6338fc9c-a704-4fa0-9c76-ba0cbc116aba@group-AFF22C375116-cacheEviction-AwaitToRun-AwaitForSignal is interrupted
2025-05-14 02:55:17,208 [grpc-default-executor-2] INFO  server.GrpcLogAppender (GrpcLogAppender.java:onCompleted(550)) - 6338fc9c-a704-4fa0-9c76-ba0cbc116aba@group-AFF22C375116->8e51993b-4f71-45b0-84f2-cf37ffbd2099-AppendLogResponseHandler: follower responses appendEntries COMPLETED
2025-05-14 02:55:17,395 [EventQueue-PipelineReportForPipelineReportHandler] INFO  pipeline.PipelineReportHandler (PipelineReportHandler.java:handlePipelineNotFoundException(98)) - Pipeline PipelineID=04f6c6c3-d74d-4db8-823f-aff22c375116, reported by datanode 8e51993b-4f71-45b0-84f2-cf37ffbd2099(localhost/127.0.0.1) is not found.
2025-05-14 02:55:17,795 [EventQueue-PipelineReportForPipelineReportHandler] INFO  pipeline.PipelineReportHandler (PipelineReportHandler.java:handlePipelineNotFoundException(98)) - Pipeline PipelineID=04f6c6c3-d74d-4db8-823f-aff22c375116, reported by datanode 8e51993b-4f71-45b0-84f2-cf37ffbd2099(localhost/127.0.0.1) is not found.
2025-05-14 02:55:17,995 [EventQueue-PipelineReportForPipelineReportHandler] INFO  pipeline.PipelineReportHandler (PipelineReportHandler.java:handlePipelineNotFoundException(98)) - Pipeline PipelineID=04f6c6c3-d74d-4db8-823f-aff22c375116, reported by datanode 8e51993b-4f71-45b0-84f2-cf37ffbd2099(localhost/127.0.0.1) is not found.
2025-05-14 02:55:18,185 [grpc-default-executor-8] INFO  segmented.SegmentedRaftLogWorker (SegmentedRaftLogWorker.java:close(252)) - 6338fc9c-a704-4fa0-9c76-ba0cbc116aba@group-AFF22C375116-SegmentedRaftLogWorker close()
2025-05-14 02:55:18,186 [grpc-default-executor-8] INFO  server.RaftServer$Division (RaftServerImpl.java:groupRemove(483)) - 6338fc9c-a704-4fa0-9c76-ba0cbc116aba@group-AFF22C375116: Succeed to remove RaftStorageDirectory Storage Directory /home/runner/work/ozone/ozone/hadoop-ozone/integration-test/target/test-dir/MiniOzoneClusterImpl-af940217-b311-440f-8e09-352fdf66236b/ozone-meta/datanode-9/ratis/04f6c6c3-d74d-4db8-823f-aff22c375116
2025-05-14 02:55:18,188 [8e51993b-4f71-45b0-84f2-cf37ffbd2099-PipelineCommandHandlerThread-0] INFO  server.RaftServer (RaftServerProxy.java:remove(111)) - 8e51993b-4f71-45b0-84f2-cf37ffbd2099: remove  FOLLOWER 8e51993b-4f71-45b0-84f2-cf37ffbd2099@group-AFF22C375116:t1, leader=6338fc9c-a704-4fa0-9c76-ba0cbc116aba, voted=6338fc9c-a704-4fa0-9c76-ba0cbc116aba, raftlog=Memoized:8e51993b-4f71-45b0-84f2-cf37ffbd2099@group-AFF22C375116-SegmentedRaftLog:OPENED:c9:last(t:1, i:9), conf=conf: {index: 0, cur=peers:[f4f68937-1ce3-42e1-b3e7-547ae2d23d85|127.0.0.1:15063, 6338fc9c-a704-4fa0-9c76-ba0cbc116aba|127.0.0.1:15079, 8e51993b-4f71-45b0-84f2-cf37ffbd2099|127.0.0.1:15071]|listeners:[], old=null} RUNNING
2025-05-14 02:55:18,188 [8e51993b-4f71-45b0-84f2-cf37ffbd2099-PipelineCommandHandlerThread-0] INFO  server.RaftServer$Division (RaftServerImpl.java:lambda$close$1(513)) - 8e51993b-4f71-45b0-84f2-cf37ffbd2099@group-AFF22C375116: shutdown
2025-05-14 02:55:18,188 [8e51993b-4f71-45b0-84f2-cf37ffbd2099-PipelineCommandHandlerThread-0] INFO  util.JmxRegister (JmxRegister.java:unregister(74)) - Successfully un-registered JMX Bean with object name Ratis:service=RaftServer,group=group-AFF22C375116,id=8e51993b-4f71-45b0-84f2-cf37ffbd2099
2025-05-14 02:55:18,188 [8e51993b-4f71-45b0-84f2-cf37ffbd2099-PipelineCommandHandlerThread-0] INFO  impl.RoleInfo (RoleInfo.java:shutdownFollowerState(121)) - 8e51993b-4f71-45b0-84f2-cf37ffbd2099: shutdown 8e51993b-4f71-45b0-84f2-cf37ffbd2099@group-AFF22C375116-FollowerState
2025-05-14 02:55:18,188 [8e51993b-4f71-45b0-84f2-cf37ffbd2099-PipelineCommandHandlerThread-0] INFO  impl.StateMachineUpdater (StateMachineUpdater.java:stopAndJoin(164)) - 8e51993b-4f71-45b0-84f2-cf37ffbd2099@group-AFF22C375116-StateMachineUpdater: set stopIndex = 9
2025-05-14 02:55:18,188 [8e51993b-4f71-45b0-84f2-cf37ffbd2099@group-AFF22C375116-FollowerState] INFO  impl.FollowerState (FollowerState.java:runImpl(170)) - 8e51993b-4f71-45b0-84f2-cf37ffbd2099@group-AFF22C375116-FollowerState was interrupted
2025-05-14 02:55:18,188 [8e51993b-4f71-45b0-84f2-cf37ffbd2099@group-AFF22C375116-StateMachineUpdater] INFO  impl.StateMachineUpdater (StateMachineUpdater.java:stop(141)) - 8e51993b-4f71-45b0-84f2-cf37ffbd2099@group-AFF22C375116-StateMachineUpdater: closing ContainerStateMachine, lastApplied=(t:1, i:9)
2025-05-14 02:55:18,188 [8e51993b-4f71-45b0-84f2-cf37ffbd2099@group-AFF22C375116-cacheEviction-AwaitToRun] INFO  util.AwaitToRun (AwaitToRun.java:run(49)) - 8e51993b-4f71-45b0-84f2-cf37ffbd2099@group-AFF22C375116-cacheEviction-AwaitToRun-AwaitForSignal is interrupted
2025-05-14 02:55:19,185 [8e51993b-4f71-45b0-84f2-cf37ffbd2099-PipelineCommandHandlerThread-0] INFO  segmented.SegmentedRaftLogWorker (SegmentedRaftLogWorker.java:close(252)) - 8e51993b-4f71-45b0-84f2-cf37ffbd2099@group-AFF22C375116-SegmentedRaftLogWorker close()
2025-05-14 02:55:19,187 [8e51993b-4f71-45b0-84f2-cf37ffbd2099-PipelineCommandHandlerThread-0] INFO  server.RaftServer$Division (RaftServerImpl.java:groupRemove(483)) - 8e51993b-4f71-45b0-84f2-cf37ffbd2099@group-AFF22C375116: Succeed to remove RaftStorageDirectory Storage Directory /home/runner/work/ozone/ozone/hadoop-ozone/integration-test/target/test-dir/MiniOzoneClusterImpl-af940217-b311-440f-8e09-352fdf66236b/ozone-meta/datanode-8/ratis/04f6c6c3-d74d-4db8-823f-aff22c375116
2025-05-14 02:55:19,187 [8e51993b-4f71-45b0-84f2-cf37ffbd2099-PipelineCommandHandlerThread-0] INFO  commandhandler.ClosePipelineCommandHandler (ClosePipelineCommandHandler.java:lambda$handle$2(142)) - Close Pipeline PipelineID=04f6c6c3-d74d-4db8-823f-aff22c375116 command on datanode 8e51993b-4f71-45b0-84f2-cf37ffbd2099(localhost/127.0.0.1).
2025-05-14 02:55:21,014 [ForkJoinPool.commonPool-worker-1] WARN  scm.XceiverClientRatis (XceiverClientRatis.java:lambda$watchForCommit$6(313)) - ALL_COMMITTED way commit failed on pipeline Pipeline{ Id: 04f6c6c3-d74d-4db8-823f-aff22c375116, Nodes: [ {8e51993b-4f71-45b0-84f2-cf37ffbd2099(localhost/127.0.0.1), ReplicaIndex: 0}, {6338fc9c-a704-4fa0-9c76-ba0cbc116aba(localhost/127.0.0.1), ReplicaIndex: 0}, {f4f68937-1ce3-42e1-b3e7-547ae2d23d85(localhost/127.0.0.1), ReplicaIndex: 0},], ReplicationConfig: RATIS/THREE, State:OPEN, leaderId:6338fc9c-a704-4fa0-9c76-ba0cbc116aba, CreationTimestamp2025-05-14T02:53:37.424Z[Etc/UTC]}
java.util.concurrent.CompletionException: org.apache.ratis.protocol.exceptions.RaftRetryFailureException: Failed RaftClientRequest:client-5A8461CF58B2->8e51993b-4f71-45b0-84f2-cf37ffbd2099@group-AFF22C375116, cid=164, seq=null, Watch-ALL_COMMITTED(5), null for 2 attempts with RequestTypeDependentRetryPolicy{WRITE->ExceptionDependentRetry(maxAttempts=2147483647; defaultPolicy=MultipleLinearRandomRetry[5x5s, 5x10s, 5x15s, 5x20s, 5x25s, 10x60s]; map={org.apache.ratis.protocol.exceptions.GroupMismatchException->NoRetry, org.apache.ratis.protocol.exceptions.NotReplicatedException->NoRetry, org.apache.ratis.protocol.exceptions.ResourceUnavailableException->org.apache.ratis.retry.ExponentialBackoffRetry@1bdecabc, org.apache.ratis.protocol.exceptions.StateMachineException->NoRetry, org.apache.ratis.protocol.exceptions.TimeoutIOException->org.apache.ratis.retry.ExponentialBackoffRetry@1bdecabc}), WATCH->ExceptionDependentRetry(maxAttempts=2147483647; defaultPolicy=MultipleLinearRandomRetry[5x5s, 5x10s, 5x15s, 5x20s, 5x25s, 10x60s]; map={org.apache.ratis.protocol.exceptions.GroupMismatchException->NoRetry, org.apache.ratis.protocol.exceptions.NotReplicatedException->NoRetry, org.apache.ratis.protocol.exceptions.ResourceUnavailableException->org.apache.ratis.retry.ExponentialBackoffRetry@1bdecabc, org.apache.ratis.protocol.exceptions.StateMachineException->NoRetry, org.apache.ratis.protocol.exceptions.TimeoutIOException->NoRetry})}
	at java.base/java.util.concurrent.CompletableFuture.encodeThrowable(CompletableFuture.java:332)
	at java.base/java.util.concurrent.CompletableFuture.completeThrowable(CompletableFuture.java:347)
	at java.base/java.util.concurrent.CompletableFuture$UniApply.tryFire(CompletableFuture.java:636)
	at java.base/java.util.concurrent.CompletableFuture.postComplete(CompletableFuture.java:510)
	at java.base/java.util.concurrent.CompletableFuture.completeExceptionally(CompletableFuture.java:2194)
	at org.apache.ratis.client.impl.UnorderedAsync.lambda$sendRequestWithRetry$4(UnorderedAsync.java:102)
	at java.base/java.util.concurrent.CompletableFuture.uniWhenComplete(CompletableFuture.java:863)
	at java.base/java.util.concurrent.CompletableFuture$UniWhenComplete.tryFire(CompletableFuture.java:841)
	at java.base/java.util.concurrent.CompletableFuture$Completion.exec(CompletableFuture.java:483)
	at java.base/java.util.concurrent.ForkJoinTask.doExec(ForkJoinTask.java:387)
	at java.base/java.util.concurrent.ForkJoinPool$WorkQueue.topLevelExec(ForkJoinPool.java:1312)
	at java.base/java.util.concurrent.ForkJoinPool.scan(ForkJoinPool.java:1843)
	at java.base/java.util.concurrent.ForkJoinPool.runWorker(ForkJoinPool.java:1808)
	at java.base/java.util.concurrent.ForkJoinWorkerThread.run(ForkJoinWorkerThread.java:188)
Caused by: org.apache.ratis.protocol.exceptions.RaftRetryFailureException: Failed RaftClientRequest:client-5A8461CF58B2->8e51993b-4f71-45b0-84f2-cf37ffbd2099@group-AFF22C375116, cid=164, seq=null, Watch-ALL_COMMITTED(5), null for 2 attempts with RequestTypeDependentRetryPolicy{WRITE->ExceptionDependentRetry(maxAttempts=2147483647; defaultPolicy=MultipleLinearRandomRetry[5x5s, 5x10s, 5x15s, 5x20s, 5x25s, 10x60s]; map={org.apache.ratis.protocol.exceptions.GroupMismatchException->NoRetry, org.apache.ratis.protocol.exceptions.NotReplicatedException->NoRetry, org.apache.ratis.protocol.exceptions.ResourceUnavailableException->org.apache.ratis.retry.ExponentialBackoffRetry@1bdecabc, org.apache.ratis.protocol.exceptions.StateMachineException->NoRetry, org.apache.ratis.protocol.exceptions.TimeoutIOException->org.apache.ratis.retry.ExponentialBackoffRetry@1bdecabc}), WATCH->ExceptionDependentRetry(maxAttempts=2147483647; defaultPolicy=MultipleLinearRandomRetry[5x5s, 5x10s, 5x15s, 5x20s, 5x25s, 10x60s]; map={org.apache.ratis.protocol.exceptions.GroupMismatchException->NoRetry, org.apache.ratis.protocol.exceptions.NotReplicatedException->NoRetry, org.apache.ratis.protocol.exceptions.ResourceUnavailableException->org.apache.ratis.retry.ExponentialBackoffRetry@1bdecabc, org.apache.ratis.protocol.exceptions.StateMachineException->NoRetry, org.apache.ratis.protocol.exceptions.TimeoutIOException->NoRetry})}
	at org.apache.ratis.client.impl.RaftClientImpl.noMoreRetries(RaftClientImpl.java:352)
	... 9 more
Caused by: org.apache.ratis.protocol.exceptions.GroupMismatchException: 8e51993b-4f71-45b0-84f2-cf37ffbd2099: group-AFF22C375116 not found.
	at org.apache.ratis.server.impl.RaftServerProxy$ImplMap.get(RaftServerProxy.java:155)
	at org.apache.ratis.server.impl.RaftServerProxy.getImplFuture(RaftServerProxy.java:365)
	at org.apache.ratis.server.impl.RaftServerProxy.submitClientRequestAsync(RaftServerProxy.java:449)
	at org.apache.ratis.grpc.server.GrpcClientProtocolService$RequestStreamObserver.processClientRequest(GrpcClientProtocolService.java:226)
	at org.apache.ratis.grpc.server.GrpcClientProtocolService$UnorderedRequestStreamObserver.processClientRequest(GrpcClientProtocolService.java:282)
	at org.apache.ratis.grpc.server.GrpcClientProtocolService$RequestStreamObserver.onNext(GrpcClientProtocolService.java:246)
	at org.apache.ratis.grpc.server.GrpcClientProtocolService$RequestStreamObserver.onNext(GrpcClientProtocolService.java:169)
	at org.apache.ratis.thirdparty.io.grpc.stub.ServerCalls$StreamingServerCallHandler$StreamingServerCallListener.onMessage(ServerCalls.java:262)
	at org.apache.ratis.thirdparty.io.grpc.internal.ServerCallImpl$ServerStreamListenerImpl.messagesAvailableInternal(ServerCallImpl.java:329)
	at org.apache.ratis.thirdparty.io.grpc.internal.ServerCallImpl$ServerStreamListenerImpl.messagesAvailable(ServerCallImpl.java:314)
	at org.apache.ratis.thirdparty.io.grpc.internal.ServerImpl$JumpToApplicationThreadServerStreamListener$1MessagesAvailable.runInContext(ServerImpl.java:833)
	at org.apache.ratis.thirdparty.io.grpc.internal.ContextRunnable.run(ContextRunnable.java:37)
	at org.apache.ratis.thirdparty.io.grpc.internal.SerializingExecutor.run(SerializingExecutor.java:133)
	at java.base/java.util.concurrent.ThreadPoolExecutor.runWorker(ThreadPoolExecutor.java:1144)
	at java.base/java.util.concurrent.ThreadPoolExecutor$Worker.run(ThreadPoolExecutor.java:642)
	at java.base/java.lang.Thread.run(Thread.java:1583)
2025-05-14 02:55:21,015 [main] ERROR storage.BlockOutputStream (BlockOutputStream.java:handleFlush(689)) - Failed to flush. error: Unexpected Storage Container Exception: java.util.concurrent.CompletionException: org.apache.ratis.protocol.exceptions.RaftRetryFailureException: Failed RaftClientRequest:client-5A8461CF58B2->8e51993b-4f71-45b0-84f2-cf37ffbd2099@group-AFF22C375116, cid=164, seq=null, Watch-ALL_COMMITTED(5), null for 2 attempts with RequestTypeDependentRetryPolicy{WRITE->ExceptionDependentRetry(maxAttempts=2147483647; defaultPolicy=MultipleLinearRandomRetry[5x5s, 5x10s, 5x15s, 5x20s, 5x25s, 10x60s]; map={org.apache.ratis.protocol.exceptions.GroupMismatchException->NoRetry, org.apache.ratis.protocol.exceptions.NotReplicatedException->NoRetry, org.apache.ratis.protocol.exceptions.ResourceUnavailableException->org.apache.ratis.retry.ExponentialBackoffRetry@1bdecabc, org.apache.ratis.protocol.exceptions.StateMachineException->NoRetry, org.apache.ratis.protocol.exceptions.TimeoutIOException->org.apache.ratis.retry.ExponentialBackoffRetry@1bdecabc}), WATCH->ExceptionDependentRetry(maxAttempts=2147483647; defaultPolicy=MultipleLinearRandomRetry[5x5s, 5x10s, 5x15s, 5x20s, 5x25s, 10x60s]; map={org.apache.ratis.protocol.exceptions.GroupMismatchException->NoRetry, org.apache.ratis.protocol.exceptions.NotReplicatedException->NoRetry, org.apache.ratis.protocol.exceptions.ResourceUnavailableException->org.apache.ratis.retry.ExponentialBackoffRetry@1bdecabc, org.apache.ratis.protocol.exceptions.StateMachineException->NoRetry, org.apache.ratis.protocol.exceptions.TimeoutIOException->NoRetry})}
java.io.IOException: Unexpected Storage Container Exception: java.util.concurrent.CompletionException: org.apache.ratis.protocol.exceptions.RaftRetryFailureException: Failed RaftClientRequest:client-5A8461CF58B2->8e51993b-4f71-45b0-84f2-cf37ffbd2099@group-AFF22C375116, cid=164, seq=null, Watch-ALL_COMMITTED(5), null for 2 attempts with RequestTypeDependentRetryPolicy{WRITE->ExceptionDependentRetry(maxAttempts=2147483647; defaultPolicy=MultipleLinearRandomRetry[5x5s, 5x10s, 5x15s, 5x20s, 5x25s, 10x60s]; map={org.apache.ratis.protocol.exceptions.GroupMismatchException->NoRetry, org.apache.ratis.protocol.exceptions.NotReplicatedException->NoRetry, org.apache.ratis.protocol.exceptions.ResourceUnavailableException->org.apache.ratis.retry.ExponentialBackoffRetry@1bdecabc, org.apache.ratis.protocol.exceptions.StateMachineException->NoRetry, org.apache.ratis.protocol.exceptions.TimeoutIOException->org.apache.ratis.retry.ExponentialBackoffRetry@1bdecabc}), WATCH->ExceptionDependentRetry(maxAttempts=2147483647; defaultPolicy=MultipleLinearRandomRetry[5x5s, 5x10s, 5x15s, 5x20s, 5x25s, 10x60s]; map={org.apache.ratis.protocol.exceptions.GroupMismatchException->NoRetry, org.apache.ratis.protocol.exceptions.NotReplicatedException->NoRetry, org.apache.ratis.protocol.exceptions.ResourceUnavailableException->org.apache.ratis.retry.ExponentialBackoffRetry@1bdecabc, org.apache.ratis.protocol.exceptions.StateMachineException->NoRetry, org.apache.ratis.protocol.exceptions.TimeoutIOException->NoRetry})}
	at org.apache.hadoop.hdds.scm.storage.BlockOutputStream.setIoException(BlockOutputStream.java:825)
	at org.apache.hadoop.hdds.scm.storage.BlockOutputStream.lambda$watchForCommit$3(BlockOutputStream.java:540)
	at java.base/java.util.concurrent.CompletableFuture.uniExceptionally(CompletableFuture.java:990)
	at java.base/java.util.concurrent.CompletableFuture$UniExceptionally.tryFire(CompletableFuture.java:974)
	at java.base/java.util.concurrent.CompletableFuture.postComplete(CompletableFuture.java:510)
	at java.base/java.util.concurrent.CompletableFuture.completeExceptionally(CompletableFuture.java:2194)
	at org.apache.hadoop.hdds.scm.XceiverClientRatis.lambda$watchForCommit$6(XceiverClientRatis.java:329)
	at java.base/java.util.concurrent.CompletableFuture.uniExceptionally(CompletableFuture.java:990)
	at java.base/java.util.concurrent.CompletableFuture$UniExceptionally.tryFire(CompletableFuture.java:974)
	at java.base/java.util.concurrent.CompletableFuture.postComplete(CompletableFuture.java:510)
	at java.base/java.util.concurrent.CompletableFuture.completeExceptionally(CompletableFuture.java:2194)
	at org.apache.ratis.client.impl.UnorderedAsync.lambda$sendRequestWithRetry$4(UnorderedAsync.java:102)
	at java.base/java.util.concurrent.CompletableFuture.uniWhenComplete(CompletableFuture.java:863)
	at java.base/java.util.concurrent.CompletableFuture$UniWhenComplete.tryFire(CompletableFuture.java:841)
	at java.base/java.util.concurrent.CompletableFuture$Completion.exec(CompletableFuture.java:483)
	at java.base/java.util.concurrent.ForkJoinTask.doExec(ForkJoinTask.java:387)
	at java.base/java.util.concurrent.ForkJoinPool$WorkQueue.topLevelExec(ForkJoinPool.java:1312)
	at java.base/java.util.concurrent.ForkJoinPool.scan(ForkJoinPool.java:1843)
	at java.base/java.util.concurrent.ForkJoinPool.runWorker(ForkJoinPool.java:1808)
	at java.base/java.util.concurrent.ForkJoinWorkerThread.run(ForkJoinWorkerThread.java:188)
Caused by: java.util.concurrent.CompletionException: org.apache.ratis.protocol.exceptions.RaftRetryFailureException: Failed RaftClientRequest:client-5A8461CF58B2->8e51993b-4f71-45b0-84f2-cf37ffbd2099@group-AFF22C375116, cid=164, seq=null, Watch-ALL_COMMITTED(5), null for 2 attempts with RequestTypeDependentRetryPolicy{WRITE->ExceptionDependentRetry(maxAttempts=2147483647; defaultPolicy=MultipleLinearRandomRetry[5x5s, 5x10s, 5x15s, 5x20s, 5x25s, 10x60s]; map={org.apache.ratis.protocol.exceptions.GroupMismatchException->NoRetry, org.apache.ratis.protocol.exceptions.NotReplicatedException->NoRetry, org.apache.ratis.protocol.exceptions.ResourceUnavailableException->org.apache.ratis.retry.ExponentialBackoffRetry@1bdecabc, org.apache.ratis.protocol.exceptions.StateMachineException->NoRetry, org.apache.ratis.protocol.exceptions.TimeoutIOException->org.apache.ratis.retry.ExponentialBackoffRetry@1bdecabc}), WATCH->ExceptionDependentRetry(maxAttempts=2147483647; defaultPolicy=MultipleLinearRandomRetry[5x5s, 5x10s, 5x15s, 5x20s, 5x25s, 10x60s]; map={org.apache.ratis.protocol.exceptions.GroupMismatchException->NoRetry, org.apache.ratis.protocol.exceptions.NotReplicatedException->NoRetry, org.apache.ratis.protocol.exceptions.ResourceUnavailableException->org.apache.ratis.retry.ExponentialBackoffRetry@1bdecabc, org.apache.ratis.protocol.exceptions.StateMachineException->NoRetry, org.apache.ratis.protocol.exceptions.TimeoutIOException->NoRetry})}
	at java.base/java.util.concurrent.CompletableFuture.encodeThrowable(CompletableFuture.java:332)
	at java.base/java.util.concurrent.CompletableFuture.completeThrowable(CompletableFuture.java:347)
	at java.base/java.util.concurrent.CompletableFuture$UniApply.tryFire(CompletableFuture.java:636)
	... 11 more
Caused by: org.apache.ratis.protocol.exceptions.RaftRetryFailureException: Failed RaftClientRequest:client-5A8461CF58B2->8e51993b-4f71-45b0-84f2-cf37ffbd2099@group-AFF22C375116, cid=164, seq=null, Watch-ALL_COMMITTED(5), null for 2 attempts with RequestTypeDependentRetryPolicy{WRITE->ExceptionDependentRetry(maxAttempts=2147483647; defaultPolicy=MultipleLinearRandomRetry[5x5s, 5x10s, 5x15s, 5x20s, 5x25s, 10x60s]; map={org.apache.ratis.protocol.exceptions.GroupMismatchException->NoRetry, org.apache.ratis.protocol.exceptions.NotReplicatedException->NoRetry, org.apache.ratis.protocol.exceptions.ResourceUnavailableException->org.apache.ratis.retry.ExponentialBackoffRetry@1bdecabc, org.apache.ratis.protocol.exceptions.StateMachineException->NoRetry, org.apache.ratis.protocol.exceptions.TimeoutIOException->org.apache.ratis.retry.ExponentialBackoffRetry@1bdecabc}), WATCH->ExceptionDependentRetry(maxAttempts=2147483647; defaultPolicy=MultipleLinearRandomRetry[5x5s, 5x10s, 5x15s, 5x20s, 5x25s, 10x60s]; map={org.apache.ratis.protocol.exceptions.GroupMismatchException->NoRetry, org.apache.ratis.protocol.exceptions.NotReplicatedException->NoRetry, org.apache.ratis.protocol.exceptions.ResourceUnavailableException->org.apache.ratis.retry.ExponentialBackoffRetry@1bdecabc, org.apache.ratis.protocol.exceptions.StateMachineException->NoRetry, org.apache.ratis.protocol.exceptions.TimeoutIOException->NoRetry})}
	at org.apache.ratis.client.impl.RaftClientImpl.noMoreRetries(RaftClientImpl.java:352)
	... 9 more
Caused by: org.apache.ratis.protocol.exceptions.GroupMismatchException: 8e51993b-4f71-45b0-84f2-cf37ffbd2099: group-AFF22C375116 not found.
	at org.apache.ratis.server.impl.RaftServerProxy$ImplMap.get(RaftServerProxy.java:155)
	at org.apache.ratis.server.impl.RaftServerProxy.getImplFuture(RaftServerProxy.java:365)
	at org.apache.ratis.server.impl.RaftServerProxy.submitClientRequestAsync(RaftServerProxy.java:449)
	at org.apache.ratis.grpc.server.GrpcClientProtocolService$RequestStreamObserver.processClientRequest(GrpcClientProtocolService.java:226)
	at org.apache.ratis.grpc.server.GrpcClientProtocolService$UnorderedRequestStreamObserver.processClientRequest(GrpcClientProtocolService.java:282)
	at org.apache.ratis.grpc.server.GrpcClientProtocolService$RequestStreamObserver.onNext(GrpcClientProtocolService.java:246)
	at org.apache.ratis.grpc.server.GrpcClientProtocolService$RequestStreamObserver.onNext(GrpcClientProtocolService.java:169)
	at org.apache.ratis.thirdparty.io.grpc.stub.ServerCalls$StreamingServerCallHandler$StreamingServerCallListener.onMessage(ServerCalls.java:262)
	at org.apache.ratis.thirdparty.io.grpc.internal.ServerCallImpl$ServerStreamListenerImpl.messagesAvailableInternal(ServerCallImpl.java:329)
	at org.apache.ratis.thirdparty.io.grpc.internal.ServerCallImpl$ServerStreamListenerImpl.messagesAvailable(ServerCallImpl.java:314)
	at org.apache.ratis.thirdparty.io.grpc.internal.ServerImpl$JumpToApplicationThreadServerStreamListener$1MessagesAvailable.runInContext(ServerImpl.java:833)
	at org.apache.ratis.thirdparty.io.grpc.internal.ContextRunnable.run(ContextRunnable.java:37)
	at org.apache.ratis.thirdparty.io.grpc.internal.SerializingExecutor.run(SerializingExecutor.java:133)
	at java.base/java.util.concurrent.ThreadPoolExecutor.runWorker(ThreadPoolExecutor.java:1144)
	at java.base/java.util.concurrent.ThreadPoolExecutor$Worker.run(ThreadPoolExecutor.java:642)
	at java.base/java.lang.Thread.run(Thread.java:1583)
2025-05-14 02:55:21,015 [main] WARN  io.KeyOutputStream (KeyOutputStream.java:handleExceptionInternal(377)) - Encountered exception java.io.IOException: Unexpected Storage Container Exception: java.util.concurrent.CompletionException: org.apache.ratis.protocol.exceptions.RaftRetryFailureException: Failed RaftClientRequest:client-5A8461CF58B2->8e51993b-4f71-45b0-84f2-cf37ffbd2099@group-AFF22C375116, cid=164, seq=null, Watch-ALL_COMMITTED(5), null for 2 attempts with RequestTypeDependentRetryPolicy{WRITE->ExceptionDependentRetry(maxAttempts=2147483647; defaultPolicy=MultipleLinearRandomRetry[5x5s, 5x10s, 5x15s, 5x20s, 5x25s, 10x60s]; map={org.apache.ratis.protocol.exceptions.GroupMismatchException->NoRetry, org.apache.ratis.protocol.exceptions.NotReplicatedException->NoRetry, org.apache.ratis.protocol.exceptions.ResourceUnavailableException->org.apache.ratis.retry.ExponentialBackoffRetry@1bdecabc, org.apache.ratis.protocol.exceptions.StateMachineException->NoRetry, org.apache.ratis.protocol.exceptions.TimeoutIOException->org.apache.ratis.retry.ExponentialBackoffRetry@1bdecabc}), WATCH->ExceptionDependentRetry(maxAttempts=2147483647; defaultPolicy=MultipleLinearRandomRetry[5x5s, 5x10s, 5x15s, 5x20s, 5x25s, 10x60s]; map={org.apache.ratis.protocol.exceptions.GroupMismatchException->NoRetry, org.apache.ratis.protocol.exceptions.NotReplicatedException->NoRetry, org.apache.ratis.protocol.exceptions.ResourceUnavailableException->org.apache.ratis.retry.ExponentialBackoffRetry@1bdecabc, org.apache.ratis.protocol.exceptions.StateMachineException->NoRetry, org.apache.ratis.protocol.exceptions.TimeoutIOException->NoRetry})} on the pipeline Pipeline{ Id: 04f6c6c3-d74d-4db8-823f-aff22c375116, Nodes: [ {8e51993b-4f71-45b0-84f2-cf37ffbd2099(localhost/127.0.0.1), ReplicaIndex: 0}, {6338fc9c-a704-4fa0-9c76-ba0cbc116aba(localhost/127.0.0.1), ReplicaIndex: 0}, {f4f68937-1ce3-42e1-b3e7-547ae2d23d85(localhost/127.0.0.1), ReplicaIndex: 0},], ReplicationConfig: RATIS/THREE, State:OPEN, leaderId:6338fc9c-a704-4fa0-9c76-ba0cbc116aba, CreationTimestamp2025-05-14T02:53:37.424Z[Etc/UTC]}. The last committed block length is 5, uncommitted data length is 10 retry count 0
2025-05-14 02:55:21,044 [d4e44fd7-0e23-4e4f-bc30-0c7965de497d@group-317B9C2908E3-StateMachineUpdater] INFO  ratis.ContainerStateMachine (ContainerStateMachine.java:takeSnapshot(427)) - group-317B9C2908E3: Taking a snapshot at:(t:1, i:2) file /home/runner/work/ozone/ozone/hadoop-ozone/integration-test/target/test-dir/MiniOzoneClusterImpl-af940217-b311-440f-8e09-352fdf66236b/ozone-meta/datanode-4/ratis/06d0a761-9d58-4218-92fa-317b9c2908e3/sm/snapshot.1_2
2025-05-14 02:55:21,047 [d4e44fd7-0e23-4e4f-bc30-0c7965de497d@group-317B9C2908E3-StateMachineUpdater] INFO  ratis.ContainerStateMachine (ContainerStateMachine.java:takeSnapshot(436)) - group-317B9C2908E3: Finished taking a snapshot at:(t:1, i:2) file:/home/runner/work/ozone/ozone/hadoop-ozone/integration-test/target/test-dir/MiniOzoneClusterImpl-af940217-b311-440f-8e09-352fdf66236b/ozone-meta/datanode-4/ratis/06d0a761-9d58-4218-92fa-317b9c2908e3/sm/snapshot.1_2 took: 3 ms
2025-05-14 02:55:21,047 [d4e44fd7-0e23-4e4f-bc30-0c7965de497d@group-317B9C2908E3-StateMachineUpdater] INFO  impl.StateMachineUpdater (StateMachineUpdater.java:takeSnapshot(303)) - d4e44fd7-0e23-4e4f-bc30-0c7965de497d@group-317B9C2908E3-StateMachineUpdater: Took a snapshot at index 2
2025-05-14 02:55:21,047 [d4e44fd7-0e23-4e4f-bc30-0c7965de497d@group-317B9C2908E3-StateMachineUpdater] INFO  impl.StateMachineUpdater (StateMachineUpdater.java:lambda$new$0(102)) - d4e44fd7-0e23-4e4f-bc30-0c7965de497d@group-317B9C2908E3-StateMachineUpdater: snapshotIndex: updateIncreasingly 0 -> 2
2025-05-14 02:55:21,047 [d4e44fd7-0e23-4e4f-bc30-0c7965de497d@group-317B9C2908E3-StateMachineUpdater] INFO  ratis.ContainerStateMachine (ContainerStateMachine.java:takeSnapshot(427)) - group-317B9C2908E3: Taking a snapshot at:(t:1, i:4) file /home/runner/work/ozone/ozone/hadoop-ozone/integration-test/target/test-dir/MiniOzoneClusterImpl-af940217-b311-440f-8e09-352fdf66236b/ozone-meta/datanode-4/ratis/06d0a761-9d58-4218-92fa-317b9c2908e3/sm/snapshot.1_4
2025-05-14 02:55:21,048 [main] INFO  io.BlockOutputStreamEntry (BlockOutputStreamEntry.java:writeOnRetry(192)) - BlockOutputStreamEntry:ratis2 conID: 10 locID: 115816896921600010 bcsId: 0 replicaIndex: null: Finish retrying with len 10, currentPosition 10
2025-05-14 02:55:21,048 [main] INFO  io.BlockOutputStreamEntry (BlockOutputStreamEntry.java:finishRetryHandling(141)) - BlockOutputStreamEntry:ratis2 conID: 10 locID: 115816896921600010 bcsId: 0 replicaIndex: null: Exiting retry handling mode
2025-05-14 02:55:21,049 [d4e44fd7-0e23-4e4f-bc30-0c7965de497d@group-317B9C2908E3-StateMachineUpdater] INFO  ratis.ContainerStateMachine (ContainerStateMachine.java:takeSnapshot(436)) - group-317B9C2908E3: Finished taking a snapshot at:(t:1, i:4) file:/home/runner/work/ozone/ozone/hadoop-ozone/integration-test/target/test-dir/MiniOzoneClusterImpl-af940217-b311-440f-8e09-352fdf66236b/ozone-meta/datanode-4/ratis/06d0a761-9d58-4218-92fa-317b9c2908e3/sm/snapshot.1_4 took: 1 ms
2025-05-14 02:55:21,049 [d4e44fd7-0e23-4e4f-bc30-0c7965de497d@group-317B9C2908E3-StateMachineUpdater] INFO  impl.StateMachineUpdater (StateMachineUpdater.java:takeSnapshot(303)) - d4e44fd7-0e23-4e4f-bc30-0c7965de497d@group-317B9C2908E3-StateMachineUpdater: Took a snapshot at index 4
2025-05-14 02:55:21,049 [d4e44fd7-0e23-4e4f-bc30-0c7965de497d@group-317B9C2908E3-StateMachineUpdater] INFO  impl.StateMachineUpdater (StateMachineUpdater.java:lambda$new$0(102)) - d4e44fd7-0e23-4e4f-bc30-0c7965de497d@group-317B9C2908E3-StateMachineUpdater: snapshotIndex: updateIncreasingly 2 -> 4
2025-05-14 02:55:21,053 [e44b5a69-92f9-40f4-85c9-712e1c637b62@group-317B9C2908E3-StateMachineUpdater] INFO  ratis.ContainerStateMachine (ContainerStateMachine.java:takeSnapshot(427)) - group-317B9C2908E3: Taking a snapshot at:(t:1, i:4) file /home/runner/work/ozone/ozone/hadoop-ozone/integration-test/target/test-dir/MiniOzoneClusterImpl-af940217-b311-440f-8e09-352fdf66236b/ozone-meta/datanode-5/ratis630cd441-1fbc-4332-a044-ef429d701783/06d0a761-9d58-4218-92fa-317b9c2908e3/sm/snapshot.1_4
2025-05-14 02:55:21,053 [9d8a5836-bfca-4d37-9676-470807fcd29d@group-317B9C2908E3-StateMachineUpdater] INFO  ratis.ContainerStateMachine (ContainerStateMachine.java:takeSnapshot(427)) - group-317B9C2908E3: Taking a snapshot at:(t:1, i:4) file /home/runner/work/ozone/ozone/hadoop-ozone/integration-test/target/test-dir/MiniOzoneClusterImpl-af940217-b311-440f-8e09-352fdf66236b/ozone-meta/datanode-10/ratis/06d0a761-9d58-4218-92fa-317b9c2908e3/sm/snapshot.1_4
2025-05-14 02:55:21,054 [9d8a5836-bfca-4d37-9676-470807fcd29d@group-317B9C2908E3-StateMachineUpdater] INFO  ratis.ContainerStateMachine (ContainerStateMachine.java:takeSnapshot(436)) - group-317B9C2908E3: Finished taking a snapshot at:(t:1, i:4) file:/home/runner/work/ozone/ozone/hadoop-ozone/integration-test/target/test-dir/MiniOzoneClusterImpl-af940217-b311-440f-8e09-352fdf66236b/ozone-meta/datanode-10/ratis/06d0a761-9d58-4218-92fa-317b9c2908e3/sm/snapshot.1_4 took: 1 ms
2025-05-14 02:55:21,054 [e44b5a69-92f9-40f4-85c9-712e1c637b62@group-317B9C2908E3-StateMachineUpdater] INFO  ratis.ContainerStateMachine (ContainerStateMachine.java:takeSnapshot(436)) - group-317B9C2908E3: Finished taking a snapshot at:(t:1, i:4) file:/home/runner/work/ozone/ozone/hadoop-ozone/integration-test/target/test-dir/MiniOzoneClusterImpl-af940217-b311-440f-8e09-352fdf66236b/ozone-meta/datanode-5/ratis630cd441-1fbc-4332-a044-ef429d701783/06d0a761-9d58-4218-92fa-317b9c2908e3/sm/snapshot.1_4 took: 1 ms
2025-05-14 02:55:21,054 [9d8a5836-bfca-4d37-9676-470807fcd29d@group-317B9C2908E3-StateMachineUpdater] INFO  impl.StateMachineUpdater (StateMachineUpdater.java:takeSnapshot(303)) - 9d8a5836-bfca-4d37-9676-470807fcd29d@group-317B9C2908E3-StateMachineUpdater: Took a snapshot at index 4
2025-05-14 02:55:21,054 [9d8a5836-bfca-4d37-9676-470807fcd29d@group-317B9C2908E3-StateMachineUpdater] INFO  impl.StateMachineUpdater (StateMachineUpdater.java:lambda$new$0(102)) - 9d8a5836-bfca-4d37-9676-470807fcd29d@group-317B9C2908E3-StateMachineUpdater: snapshotIndex: updateIncreasingly 0 -> 4
2025-05-14 02:55:21,054 [e44b5a69-92f9-40f4-85c9-712e1c637b62@group-317B9C2908E3-StateMachineUpdater] INFO  impl.StateMachineUpdater (StateMachineUpdater.java:takeSnapshot(303)) - e44b5a69-92f9-40f4-85c9-712e1c637b62@group-317B9C2908E3-StateMachineUpdater: Took a snapshot at index 4
2025-05-14 02:55:21,054 [e44b5a69-92f9-40f4-85c9-712e1c637b62@group-317B9C2908E3-StateMachineUpdater] INFO  impl.StateMachineUpdater (StateMachineUpdater.java:lambda$new$0(102)) - e44b5a69-92f9-40f4-85c9-712e1c637b62@group-317B9C2908E3-StateMachineUpdater: snapshotIndex: updateIncreasingly 0 -> 4
2025-05-14 02:55:21,056 [d4e44fd7-0e23-4e4f-bc30-0c7965de497d@group-317B9C2908E3-StateMachineUpdater] INFO  ratis.ContainerStateMachine (ContainerStateMachine.java:takeSnapshot(427)) - group-317B9C2908E3: Taking a snapshot at:(t:1, i:6) file /home/runner/work/ozone/ozone/hadoop-ozone/integration-test/target/test-dir/MiniOzoneClusterImpl-af940217-b311-440f-8e09-352fdf66236b/ozone-meta/datanode-4/ratis/06d0a761-9d58-4218-92fa-317b9c2908e3/sm/snapshot.1_6
2025-05-14 02:55:21,059 [d4e44fd7-0e23-4e4f-bc30-0c7965de497d@group-317B9C2908E3-StateMachineUpdater] INFO  ratis.ContainerStateMachine (ContainerStateMachine.java:takeSnapshot(436)) - group-317B9C2908E3: Finished taking a snapshot at:(t:1, i:6) file:/home/runner/work/ozone/ozone/hadoop-ozone/integration-test/target/test-dir/MiniOzoneClusterImpl-af940217-b311-440f-8e09-352fdf66236b/ozone-meta/datanode-4/ratis/06d0a761-9d58-4218-92fa-317b9c2908e3/sm/snapshot.1_6 took: 2 ms
2025-05-14 02:55:21,060 [d4e44fd7-0e23-4e4f-bc30-0c7965de497d@group-317B9C2908E3-StateMachineUpdater] INFO  impl.StateMachineUpdater (StateMachineUpdater.java:takeSnapshot(303)) - d4e44fd7-0e23-4e4f-bc30-0c7965de497d@group-317B9C2908E3-StateMachineUpdater: Took a snapshot at index 6
2025-05-14 02:55:21,060 [d4e44fd7-0e23-4e4f-bc30-0c7965de497d@group-317B9C2908E3-StateMachineUpdater] INFO  impl.StateMachineUpdater (StateMachineUpdater.java:lambda$new$0(102)) - d4e44fd7-0e23-4e4f-bc30-0c7965de497d@group-317B9C2908E3-StateMachineUpdater: snapshotIndex: updateIncreasingly 4 -> 6
2025-05-14 02:55:21,060 [d4e44fd7-0e23-4e4f-bc30-0c7965de497d@group-317B9C2908E3-StateMachineUpdater] INFO  ratis.ContainerStateMachine (ContainerStateMachine.java:takeSnapshot(427)) - group-317B9C2908E3: Taking a snapshot at:(t:1, i:8) file /home/runner/work/ozone/ozone/hadoop-ozone/integration-test/target/test-dir/MiniOzoneClusterImpl-af940217-b311-440f-8e09-352fdf66236b/ozone-meta/datanode-4/ratis/06d0a761-9d58-4218-92fa-317b9c2908e3/sm/snapshot.1_8
2025-05-14 02:55:21,061 [e44b5a69-92f9-40f4-85c9-712e1c637b62@group-317B9C2908E3-StateMachineUpdater] INFO  ratis.ContainerStateMachine (ContainerStateMachine.java:takeSnapshot(427)) - group-317B9C2908E3: Taking a snapshot at:(t:1, i:6) file /home/runner/work/ozone/ozone/hadoop-ozone/integration-test/target/test-dir/MiniOzoneClusterImpl-af940217-b311-440f-8e09-352fdf66236b/ozone-meta/datanode-5/ratis630cd441-1fbc-4332-a044-ef429d701783/06d0a761-9d58-4218-92fa-317b9c2908e3/sm/snapshot.1_6
2025-05-14 02:55:21,061 [9d8a5836-bfca-4d37-9676-470807fcd29d@group-317B9C2908E3-StateMachineUpdater] INFO  ratis.ContainerStateMachine (ContainerStateMachine.java:takeSnapshot(427)) - group-317B9C2908E3: Taking a snapshot at:(t:1, i:6) file /home/runner/work/ozone/ozone/hadoop-ozone/integration-test/target/test-dir/MiniOzoneClusterImpl-af940217-b311-440f-8e09-352fdf66236b/ozone-meta/datanode-10/ratis/06d0a761-9d58-4218-92fa-317b9c2908e3/sm/snapshot.1_6
2025-05-14 02:55:21,062 [d4e44fd7-0e23-4e4f-bc30-0c7965de497d@group-317B9C2908E3-StateMachineUpdater] INFO  ratis.ContainerStateMachine (ContainerStateMachine.java:takeSnapshot(436)) - group-317B9C2908E3: Finished taking a snapshot at:(t:1, i:8) file:/home/runner/work/ozone/ozone/hadoop-ozone/integration-test/target/test-dir/MiniOzoneClusterImpl-af940217-b311-440f-8e09-352fdf66236b/ozone-meta/datanode-4/ratis/06d0a761-9d58-4218-92fa-317b9c2908e3/sm/snapshot.1_8 took: 2 ms
2025-05-14 02:55:21,062 [e44b5a69-92f9-40f4-85c9-712e1c637b62@group-317B9C2908E3-StateMachineUpdater] INFO  ratis.ContainerStateMachine (ContainerStateMachine.java:takeSnapshot(436)) - group-317B9C2908E3: Finished taking a snapshot at:(t:1, i:6) file:/home/runner/work/ozone/ozone/hadoop-ozone/integration-test/target/test-dir/MiniOzoneClusterImpl-af940217-b311-440f-8e09-352fdf66236b/ozone-meta/datanode-5/ratis630cd441-1fbc-4332-a044-ef429d701783/06d0a761-9d58-4218-92fa-317b9c2908e3/sm/snapshot.1_6 took: 1 ms
2025-05-14 02:55:21,062 [e44b5a69-92f9-40f4-85c9-712e1c637b62@group-317B9C2908E3-StateMachineUpdater] INFO  impl.StateMachineUpdater (StateMachineUpdater.java:takeSnapshot(303)) - e44b5a69-92f9-40f4-85c9-712e1c637b62@group-317B9C2908E3-StateMachineUpdater: Took a snapshot at index 6
2025-05-14 02:55:21,062 [e44b5a69-92f9-40f4-85c9-712e1c637b62@group-317B9C2908E3-StateMachineUpdater] INFO  impl.StateMachineUpdater (StateMachineUpdater.java:lambda$new$0(102)) - e44b5a69-92f9-40f4-85c9-712e1c637b62@group-317B9C2908E3-StateMachineUpdater: snapshotIndex: updateIncreasingly 4 -> 6
2025-05-14 02:55:21,062 [9d8a5836-bfca-4d37-9676-470807fcd29d@group-317B9C2908E3-StateMachineUpdater] INFO  ratis.ContainerStateMachine (ContainerStateMachine.java:takeSnapshot(436)) - group-317B9C2908E3: Finished taking a snapshot at:(t:1, i:6) file:/home/runner/work/ozone/ozone/hadoop-ozone/integration-test/target/test-dir/MiniOzoneClusterImpl-af940217-b311-440f-8e09-352fdf66236b/ozone-meta/datanode-10/ratis/06d0a761-9d58-4218-92fa-317b9c2908e3/sm/snapshot.1_6 took: 1 ms
2025-05-14 02:55:21,062 [9d8a5836-bfca-4d37-9676-470807fcd29d@group-317B9C2908E3-StateMachineUpdater] INFO  impl.StateMachineUpdater (StateMachineUpdater.java:takeSnapshot(303)) - 9d8a5836-bfca-4d37-9676-470807fcd29d@group-317B9C2908E3-StateMachineUpdater: Took a snapshot at index 6
2025-05-14 02:55:21,063 [9d8a5836-bfca-4d37-9676-470807fcd29d@group-317B9C2908E3-StateMachineUpdater] INFO  impl.StateMachineUpdater (StateMachineUpdater.java:lambda$new$0(102)) - 9d8a5836-bfca-4d37-9676-470807fcd29d@group-317B9C2908E3-StateMachineUpdater: snapshotIndex: updateIncreasingly 4 -> 6
2025-05-14 02:55:21,063 [d4e44fd7-0e23-4e4f-bc30-0c7965de497d@group-317B9C2908E3-StateMachineUpdater] INFO  impl.StateMachineUpdater (StateMachineUpdater.java:takeSnapshot(303)) - d4e44fd7-0e23-4e4f-bc30-0c7965de497d@group-317B9C2908E3-StateMachineUpdater: Took a snapshot at index 8
2025-05-14 02:55:21,063 [d4e44fd7-0e23-4e4f-bc30-0c7965de497d@group-317B9C2908E3-StateMachineUpdater] INFO  impl.StateMachineUpdater (StateMachineUpdater.java:lambda$new$0(102)) - d4e44fd7-0e23-4e4f-bc30-0c7965de497d@group-317B9C2908E3-StateMachineUpdater: snapshotIndex: updateIncreasingly 6 -> 8
2025-05-14 02:55:21,064 [e44b5a69-92f9-40f4-85c9-712e1c637b62@group-317B9C2908E3-StateMachineUpdater] INFO  ratis.ContainerStateMachine (ContainerStateMachine.java:takeSnapshot(427)) - group-317B9C2908E3: Taking a snapshot at:(t:1, i:8) file /home/runner/work/ozone/ozone/hadoop-ozone/integration-test/target/test-dir/MiniOzoneClusterImpl-af940217-b311-440f-8e09-352fdf66236b/ozone-meta/datanode-5/ratis630cd441-1fbc-4332-a044-ef429d701783/06d0a761-9d58-4218-92fa-317b9c2908e3/sm/snapshot.1_8
2025-05-14 02:55:21,064 [9d8a5836-bfca-4d37-9676-470807fcd29d@group-317B9C2908E3-StateMachineUpdater] INFO  ratis.ContainerStateMachine (ContainerStateMachine.java:takeSnapshot(427)) - group-317B9C2908E3: Taking a snapshot at:(t:1, i:8) file /home/runner/work/ozone/ozone/hadoop-ozone/integration-test/target/test-dir/MiniOzoneClusterImpl-af940217-b311-440f-8e09-352fdf66236b/ozone-meta/datanode-10/ratis/06d0a761-9d58-4218-92fa-317b9c2908e3/sm/snapshot.1_8
2025-05-14 02:55:21,065 [9d8a5836-bfca-4d37-9676-470807fcd29d@group-317B9C2908E3-StateMachineUpdater] INFO  ratis.ContainerStateMachine (ContainerStateMachine.java:takeSnapshot(436)) - group-317B9C2908E3: Finished taking a snapshot at:(t:1, i:8) file:/home/runner/work/ozone/ozone/hadoop-ozone/integration-test/target/test-dir/MiniOzoneClusterImpl-af940217-b311-440f-8e09-352fdf66236b/ozone-meta/datanode-10/ratis/06d0a761-9d58-4218-92fa-317b9c2908e3/sm/snapshot.1_8 took: 1 ms
2025-05-14 02:55:21,065 [e44b5a69-92f9-40f4-85c9-712e1c637b62@group-317B9C2908E3-StateMachineUpdater] INFO  ratis.ContainerStateMachine (ContainerStateMachine.java:takeSnapshot(436)) - group-317B9C2908E3: Finished taking a snapshot at:(t:1, i:8) file:/home/runner/work/ozone/ozone/hadoop-ozone/integration-test/target/test-dir/MiniOzoneClusterImpl-af940217-b311-440f-8e09-352fdf66236b/ozone-meta/datanode-5/ratis630cd441-1fbc-4332-a044-ef429d701783/06d0a761-9d58-4218-92fa-317b9c2908e3/sm/snapshot.1_8 took: 1 ms
2025-05-14 02:55:21,065 [e44b5a69-92f9-40f4-85c9-712e1c637b62@group-317B9C2908E3-StateMachineUpdater] INFO  impl.StateMachineUpdater (StateMachineUpdater.java:takeSnapshot(303)) - e44b5a69-92f9-40f4-85c9-712e1c637b62@group-317B9C2908E3-StateMachineUpdater: Took a snapshot at index 8
2025-05-14 02:55:21,065 [e44b5a69-92f9-40f4-85c9-712e1c637b62@group-317B9C2908E3-StateMachineUpdater] INFO  impl.StateMachineUpdater (StateMachineUpdater.java:lambda$new$0(102)) - e44b5a69-92f9-40f4-85c9-712e1c637b62@group-317B9C2908E3-StateMachineUpdater: snapshotIndex: updateIncreasingly 6 -> 8
2025-05-14 02:55:21,065 [9d8a5836-bfca-4d37-9676-470807fcd29d@group-317B9C2908E3-StateMachineUpdater] INFO  impl.StateMachineUpdater (StateMachineUpdater.java:takeSnapshot(303)) - 9d8a5836-bfca-4d37-9676-470807fcd29d@group-317B9C2908E3-StateMachineUpdater: Took a snapshot at index 8
2025-05-14 02:55:21,066 [9d8a5836-bfca-4d37-9676-470807fcd29d@group-317B9C2908E3-StateMachineUpdater] INFO  impl.StateMachineUpdater (StateMachineUpdater.java:lambda$new$0(102)) - 9d8a5836-bfca-4d37-9676-470807fcd29d@group-317B9C2908E3-StateMachineUpdater: snapshotIndex: updateIncreasingly 6 -> 8
]]></system-out>
  </testcase>
</testsuite>