<?xml version="1.0" encoding="UTF-8"?>
<testsuite xmlns:xsi="http://www.w3.org/2001/XMLSchema-instance" xsi:noNamespaceSchemaLocation="https://maven.apache.org/surefire/maven-surefire-plugin/xsd/surefire-test-report.xsd" name="org.apache.hadoop.ozone.client.rpc.TestWatchForCommit" time="187.232" tests="4" errors="1" skipped="0" failures="0">
  <properties>
    <property name="awt.toolkit" value="sun.awt.X11.XToolkit"/>
    <property name="file.encoding.pkg" value="sun.io"/>
    <property name="java.specification.version" value="1.8"/>
    <property name="sun.cpu.isalist" value=""/>
    <property name="sun.jnu.encoding" value="ANSI_X3.4-1968"/>
    <property name="java.class.path" value="/github/workspace/mnt/ozone/hadoop-ozone/integration-test/target/test-classes:/github/workspace/mnt/ozone/hadoop-ozone/integration-test/target/classes:/home/user/.m2/repository/org/apache/hadoop/hadoop-ozone-common/0.6.0-SNAPSHOT/hadoop-ozone-common-0.6.0-SNAPSHOT.jar:/home/user/.m2/repository/org/apache/commons/commons-compress/1.4.1/commons-compress-1.4.1.jar:/home/user/.m2/repository/org/tukaani/xz/1.0/xz-1.0.jar:/home/user/.m2/repository/org/apache/hadoop/hadoop-hdds-common/0.6.0-SNAPSHOT/hadoop-hdds-common-0.6.0-SNAPSHOT.jar:/home/user/.m2/repository/org/apache/hadoop/hadoop-hdds-hadoop-dependency-client/0.6.0-SNAPSHOT/hadoop-hdds-hadoop-dependency-client-0.6.0-SNAPSHOT.jar:/home/user/.m2/repository/info/picocli/picocli/3.9.6/picocli-3.9.6.jar:/home/user/.m2/repository/com/fasterxml/jackson/core/jackson-annotations/2.10.3/jackson-annotations-2.10.3.jar:/home/user/.m2/repository/javax/annotation/javax.annotation-api/1.2/javax.annotation-api-1.2.jar:/home/user/.m2/repository/org/apache/ratis/ratis-server/0.6.0-6ab75ae-SNAPSHOT/ratis-server-0.6.0-6ab75ae-SNAPSHOT.jar:/home/user/.m2/repository/org/apache/ratis/ratis-client/0.6.0-6ab75ae-SNAPSHOT/ratis-client-0.6.0-6ab75ae-SNAPSHOT.jar:/home/user/.m2/repository/org/apache/ratis/ratis-metrics/0.6.0-6ab75ae-SNAPSHOT/ratis-metrics-0.6.0-6ab75ae-SNAPSHOT.jar:/home/user/.m2/repository/org/apache/ratis/ratis-netty/0.6.0-6ab75ae-SNAPSHOT/ratis-netty-0.6.0-6ab75ae-SNAPSHOT.jar:/home/user/.m2/repository/org/apache/ratis/ratis-grpc/0.6.0-6ab75ae-SNAPSHOT/ratis-grpc-0.6.0-6ab75ae-SNAPSHOT.jar:/home/user/.m2/repository/org/apache/logging/log4j/log4j-api/2.11.0/log4j-api-2.11.0.jar:/home/user/.m2/repository/org/apache/logging/log4j/log4j-core/2.11.0/log4j-core-2.11.0.jar:/home/user/.m2/repository/com/lmax/disruptor/3.4.2/disruptor-3.4.2.jar:/home/user/.m2/repository/org/apache/commons/commons-pool2/2.6.0/commons-pool2-2.6.0.jar:/home/user/.m2/repository/org/bouncycastle/bcpkix-jdk15on/1.60/bcpkix-jdk15on-1.60.jar:/home/user/.m2/repository/commons-validator/commons-validator/1.6/commons-validator-1.6.jar:/home/user/.m2/repository/commons-digester/commons-digester/1.8.1/commons-digester-1.8.1.jar:/home/user/.m2/repository/io/jaegertracing/jaeger-client/1.2.0/jaeger-client-1.2.0.jar:/home/user/.m2/repository/io/jaegertracing/jaeger-thrift/1.2.0/jaeger-thrift-1.2.0.jar:/home/user/.m2/repository/org/apache/thrift/libthrift/0.13.0/libthrift-0.13.0.jar:/home/user/.m2/repository/com/squareup/okhttp3/okhttp/4.2.2/okhttp-4.2.2.jar:/home/user/.m2/repository/com/squareup/okio/okio/2.2.2/okio-2.2.2.jar:/home/user/.m2/repository/org/jetbrains/kotlin/kotlin-stdlib/1.3.50/kotlin-stdlib-1.3.50.jar:/home/user/.m2/repository/org/jetbrains/kotlin/kotlin-stdlib-common/1.3.50/kotlin-stdlib-common-1.3.50.jar:/home/user/.m2/repository/org/jetbrains/annotations/13.0/annotations-13.0.jar:/home/user/.m2/repository/io/jaegertracing/jaeger-core/1.2.0/jaeger-core-1.2.0.jar:/home/user/.m2/repository/io/jaegertracing/jaeger-tracerresolver/1.2.0/jaeger-tracerresolver-1.2.0.jar:/home/user/.m2/repository/io/opentracing/contrib/opentracing-tracerresolver/0.1.8/opentracing-tracerresolver-0.1.8.jar:/home/user/.m2/repository/io/opentracing/opentracing-util/0.33.0/opentracing-util-0.33.0.jar:/home/user/.m2/repository/io/opentracing/opentracing-api/0.33.0/opentracing-api-0.33.0.jar:/home/user/.m2/repository/io/opentracing/opentracing-noop/0.33.0/opentracing-noop-0.33.0.jar:/home/user/.m2/repository/org/apache/hadoop/hadoop-hdds-client/0.6.0-SNAPSHOT/hadoop-hdds-client-0.6.0-SNAPSHOT.jar:/home/user/.m2/repository/org/apache/hadoop/hadoop-ozone-interface-client/0.6.0-SNAPSHOT/hadoop-ozone-interface-client-0.6.0-SNAPSHOT.jar:/home/user/.m2/repository/org/apache/hadoop/hadoop-hdds-test-utils/0.6.0-SNAPSHOT/hadoop-hdds-test-utils-0.6.0-SNAPSHOT.jar:/home/user/.m2/repository/com/google/guava/guava/28.2-jre/guava-28.2-jre.jar:/home/user/.m2/repository/com/google/guava/failureaccess/1.0.1/failureaccess-1.0.1.jar:/home/user/.m2/repository/com/google/guava/listenablefuture/9999.0-empty-to-avoid-conflict-with-guava/listenablefuture-9999.0-empty-to-avoid-conflict-with-guava.jar:/home/user/.m2/repository/com/google/code/findbugs/jsr305/3.0.0/jsr305-3.0.0.jar:/home/user/.m2/repository/org/checkerframework/checker-qual/2.10.0/checker-qual-2.10.0.jar:/home/user/.m2/repository/com/google/errorprone/error_prone_annotations/2.2.0/error_prone_annotations-2.2.0.jar:/home/user/.m2/repository/com/google/j2objc/j2objc-annotations/1.3/j2objc-annotations-1.3.jar:/home/user/.m2/repository/commons-io/commons-io/2.5/commons-io-2.5.jar:/home/user/.m2/repository/commons-logging/commons-logging/1.2/commons-logging-1.2.jar:/home/user/.m2/repository/log4j/log4j/1.2.17/log4j-1.2.17.jar:/home/user/.m2/repository/org/slf4j/slf4j-api/1.7.25/slf4j-api-1.7.25.jar:/home/user/.m2/repository/org/apache/hadoop/hadoop-hdds-server-scm/0.6.0-SNAPSHOT/hadoop-hdds-server-scm-0.6.0-SNAPSHOT.jar:/home/user/.m2/repository/org/apache/hadoop/hadoop-hdds-container-service/0.6.0-SNAPSHOT/hadoop-hdds-container-service-0.6.0-SNAPSHOT.jar:/home/user/.m2/repository/org/apache/hadoop/hadoop-hdds-hadoop-dependency-server/0.6.0-SNAPSHOT/hadoop-hdds-hadoop-dependency-server-0.6.0-SNAPSHOT.jar:/home/user/.m2/repository/org/apache/hadoop/hadoop-hdds-server-framework/0.6.0-SNAPSHOT/hadoop-hdds-server-framework-0.6.0-SNAPSHOT.jar:/home/user/.m2/repository/org/apache/hadoop/hadoop-hdds-interface-server/0.6.0-SNAPSHOT/hadoop-hdds-interface-server-0.6.0-SNAPSHOT.jar:/home/user/.m2/repository/org/apache/hadoop/hadoop-hdds-interface-admin/0.6.0-SNAPSHOT/hadoop-hdds-interface-admin-0.6.0-SNAPSHOT.jar:/home/user/.m2/repository/org/rocksdb/rocksdbjni/6.8.1/rocksdbjni-6.8.1.jar:/home/user/.m2/repository/io/prometheus/simpleclient_dropwizard/0.7.0/simpleclient_dropwizard-0.7.0.jar:/home/user/.m2/repository/io/prometheus/simpleclient/0.7.0/simpleclient-0.7.0.jar:/home/user/.m2/repository/io/prometheus/simpleclient_common/0.7.0/simpleclient_common-0.7.0.jar:/home/user/.m2/repository/com/fasterxml/jackson/datatype/jackson-datatype-jsr310/2.10.3/jackson-datatype-jsr310-2.10.3.jar:/home/user/.m2/repository/org/apache/hadoop/hadoop-hdds-docs/0.6.0-SNAPSHOT/hadoop-hdds-docs-0.6.0-SNAPSHOT.jar:/home/user/.m2/repository/io/dropwizard/metrics/metrics-core/3.2.4/metrics-core-3.2.4.jar:/home/user/.m2/repository/org/apache/hadoop/hadoop-hdfs-client/3.2.1/hadoop-hdfs-client-3.2.1.jar:/home/user/.m2/repository/org/bouncycastle/bcprov-jdk15on/1.60/bcprov-jdk15on-1.60.jar:/home/user/.m2/repository/org/apache/hadoop/hadoop-ozone-ozone-manager/0.6.0-SNAPSHOT/hadoop-ozone-ozone-manager-0.6.0-SNAPSHOT.jar:/home/user/.m2/repository/org/apache/hadoop/hadoop-hdds-interface-client/0.6.0-SNAPSHOT/hadoop-hdds-interface-client-0.6.0-SNAPSHOT.jar:/home/user/.m2/repository/org/apache/ratis/ratis-thirdparty-misc/0.4.0/ratis-thirdparty-misc-0.4.0.jar:/home/user/.m2/repository/org/apache/hadoop/hadoop-minikdc/3.2.1/hadoop-minikdc-3.2.1.jar:/home/user/.m2/repository/org/apache/kerby/kerb-simplekdc/1.0.1/kerb-simplekdc-1.0.1.jar:/home/user/.m2/repository/org/apache/kerby/kerb-client/1.0.1/kerb-client-1.0.1.jar:/home/user/.m2/repository/org/apache/kerby/kerby-config/1.0.1/kerby-config-1.0.1.jar:/home/user/.m2/repository/org/apache/kerby/kerb-core/1.0.1/kerb-core-1.0.1.jar:/home/user/.m2/repository/org/apache/kerby/kerby-pkix/1.0.1/kerby-pkix-1.0.1.jar:/home/user/.m2/repository/org/apache/kerby/kerby-asn1/1.0.1/kerby-asn1-1.0.1.jar:/home/user/.m2/repository/org/apache/kerby/kerby-util/1.0.1/kerby-util-1.0.1.jar:/home/user/.m2/repository/org/apache/kerby/kerb-common/1.0.1/kerb-common-1.0.1.jar:/home/user/.m2/repository/org/apache/kerby/kerb-crypto/1.0.1/kerb-crypto-1.0.1.jar:/home/user/.m2/repository/org/apache/kerby/kerb-util/1.0.1/kerb-util-1.0.1.jar:/home/user/.m2/repository/org/apache/kerby/token-provider/1.0.1/token-provider-1.0.1.jar:/home/user/.m2/repository/org/apache/kerby/kerb-admin/1.0.1/kerb-admin-1.0.1.jar:/home/user/.m2/repository/org/apache/kerby/kerb-server/1.0.1/kerb-server-1.0.1.jar:/home/user/.m2/repository/org/apache/kerby/kerb-identity/1.0.1/kerb-identity-1.0.1.jar:/home/user/.m2/repository/org/apache/kerby/kerby-xdr/1.0.1/kerby-xdr-1.0.1.jar:/home/user/.m2/repository/org/slf4j/slf4j-log4j12/1.7.25/slf4j-log4j12-1.7.25.jar:/home/user/.m2/repository/org/apache/hadoop/hadoop-ozone-s3gateway/0.6.0-SNAPSHOT/hadoop-ozone-s3gateway-0.6.0-SNAPSHOT.jar:/home/user/.m2/repository/org/jboss/weld/servlet/weld-servlet/2.4.7.Final/weld-servlet-2.4.7.Final.jar:/home/user/.m2/repository/org/glassfish/jersey/containers/jersey-container-servlet-core/2.27/jersey-container-servlet-core-2.27.jar:/home/user/.m2/repository/org/glassfish/hk2/external/javax.inject/2.5.0-b42/javax.inject-2.5.0-b42.jar:/home/user/.m2/repository/org/glassfish/jersey/core/jersey-common/2.27/jersey-common-2.27.jar:/home/user/.m2/repository/org/glassfish/hk2/osgi-resource-locator/1.0.1/osgi-resource-locator-1.0.1.jar:/home/user/.m2/repository/javax/ws/rs/javax.ws.rs-api/2.1/javax.ws.rs-api-2.1.jar:/home/user/.m2/repository/org/glassfish/jersey/ext/cdi/jersey-cdi1x/2.27/jersey-cdi1x-2.27.jar:/home/user/.m2/repository/org/glassfish/jersey/inject/jersey-hk2/2.27/jersey-hk2-2.27.jar:/home/user/.m2/repository/org/glassfish/hk2/hk2-locator/2.5.0-b42/hk2-locator-2.5.0-b42.jar:/home/user/.m2/repository/org/javassist/javassist/3.22.0-CR2/javassist-3.22.0-CR2.jar:/home/user/.m2/repository/org/glassfish/hk2/hk2-api/2.5.0/hk2-api-2.5.0.jar:/home/user/.m2/repository/org/glassfish/hk2/external/jakarta.inject/2.5.0/jakarta.inject-2.5.0.jar:/home/user/.m2/repository/org/glassfish/hk2/hk2-utils/2.5.0/hk2-utils-2.5.0.jar:/home/user/.m2/repository/jakarta/annotation/jakarta.annotation-api/1.3.4/jakarta.annotation-api-1.3.4.jar:/home/user/.m2/repository/org/glassfish/hk2/external/aopalliance-repackaged/2.5.0/aopalliance-repackaged-2.5.0.jar:/home/user/.m2/repository/com/fasterxml/jackson/dataformat/jackson-dataformat-xml/2.10.3/jackson-dataformat-xml-2.10.3.jar:/home/user/.m2/repository/com/fasterxml/jackson/core/jackson-core/2.10.3/jackson-core-2.10.3.jar:/home/user/.m2/repository/com/fasterxml/jackson/module/jackson-module-jaxb-annotations/2.10.3/jackson-module-jaxb-annotations-2.10.3.jar:/home/user/.m2/repository/jakarta/xml/bind/jakarta.xml.bind-api/2.3.2/jakarta.xml.bind-api-2.3.2.jar:/home/user/.m2/repository/jakarta/activation/jakarta.activation-api/1.2.1/jakarta.activation-api-1.2.1.jar:/home/user/.m2/repository/org/codehaus/woodstox/stax2-api/3.1.4/stax2-api-3.1.4.jar:/home/user/.m2/repository/com/fasterxml/woodstox/woodstox-core/5.0.3/woodstox-core-5.0.3.jar:/home/user/.m2/repository/javax/enterprise/cdi-api/1.2/cdi-api-1.2.jar:/home/user/.m2/repository/javax/el/javax.el-api/3.0.0/javax.el-api-3.0.0.jar:/home/user/.m2/repository/javax/interceptor/javax.interceptor-api/1.2/javax.interceptor-api-1.2.jar:/home/user/.m2/repository/javax/inject/javax.inject/1/javax.inject-1.jar:/home/user/.m2/repository/com/sun/xml/bind/jaxb-impl/2.3.0.1/jaxb-impl-2.3.0.1.jar:/home/user/.m2/repository/com/sun/xml/bind/jaxb-core/2.3.0.1/jaxb-core-2.3.0.1.jar:/home/user/.m2/repository/javax/xml/bind/jaxb-api/2.3.0/jaxb-api-2.3.0.jar:/home/user/.m2/repository/javax/activation/activation/1.1.1/activation-1.1.1.jar:/home/user/.m2/repository/org/apache/hadoop/hadoop-ozone-csi/0.6.0-SNAPSHOT/hadoop-ozone-csi-0.6.0-SNAPSHOT.jar:/home/user/.m2/repository/com/google/protobuf/protobuf-java-util/3.11.0/protobuf-java-util-3.11.0.jar:/home/user/.m2/repository/com/google/code/gson/gson/2.2.4/gson-2.2.4.jar:/home/user/.m2/repository/org/apache/hadoop/hadoop-hdds-config/0.6.0-SNAPSHOT/hadoop-hdds-config-0.6.0-SNAPSHOT.jar:/home/user/.m2/repository/com/google/protobuf/protobuf-java/2.5.0/protobuf-java-2.5.0.jar:/home/user/.m2/repository/io/grpc/grpc-netty/1.29.0/grpc-netty-1.29.0.jar:/home/user/.m2/repository/io/grpc/grpc-core/1.29.0/grpc-core-1.29.0.jar:/home/user/.m2/repository/com/google/android/annotations/4.1.1.4/annotations-4.1.1.4.jar:/home/user/.m2/repository/io/perfmark/perfmark-api/0.19.0/perfmark-api-0.19.0.jar:/home/user/.m2/repository/io/netty/netty-codec-http2/4.1.48.Final/netty-codec-http2-4.1.48.Final.jar:/home/user/.m2/repository/io/netty/netty-codec/4.1.48.Final/netty-codec-4.1.48.Final.jar:/home/user/.m2/repository/io/netty/netty-handler/4.1.48.Final/netty-handler-4.1.48.Final.jar:/home/user/.m2/repository/io/netty/netty-codec-http/4.1.48.Final/netty-codec-http-4.1.48.Final.jar:/home/user/.m2/repository/io/netty/netty-handler-proxy/4.1.48.Final/netty-handler-proxy-4.1.48.Final.jar:/home/user/.m2/repository/io/netty/netty-codec-socks/4.1.48.Final/netty-codec-socks-4.1.48.Final.jar:/home/user/.m2/repository/io/netty/netty-transport-native-epoll/4.1.48.Final/netty-transport-native-epoll-4.1.48.Final.jar:/home/user/.m2/repository/io/netty/netty-common/4.1.48.Final/netty-common-4.1.48.Final.jar:/home/user/.m2/repository/io/netty/netty-buffer/4.1.48.Final/netty-buffer-4.1.48.Final.jar:/home/user/.m2/repository/io/netty/netty-transport/4.1.48.Final/netty-transport-4.1.48.Final.jar:/home/user/.m2/repository/io/netty/netty-resolver/4.1.48.Final/netty-resolver-4.1.48.Final.jar:/home/user/.m2/repository/io/netty/netty-transport-native-unix-common/4.1.48.Final/netty-transport-native-unix-common-4.1.48.Final.jar:/home/user/.m2/repository/io/grpc/grpc-protobuf/1.29.0/grpc-protobuf-1.29.0.jar:/home/user/.m2/repository/io/grpc/grpc-api/1.29.0/grpc-api-1.29.0.jar:/home/user/.m2/repository/io/grpc/grpc-context/1.29.0/grpc-context-1.29.0.jar:/home/user/.m2/repository/org/codehaus/mojo/animal-sniffer-annotations/1.18/animal-sniffer-annotations-1.18.jar:/home/user/.m2/repository/com/google/api/grpc/proto-google-common-protos/1.17.0/proto-google-common-protos-1.17.0.jar:/home/user/.m2/repository/io/grpc/grpc-protobuf-lite/1.29.0/grpc-protobuf-lite-1.29.0.jar:/home/user/.m2/repository/io/grpc/grpc-stub/1.29.0/grpc-stub-1.29.0.jar:/home/user/.m2/repository/org/apache/hadoop/hadoop-ozone-recon/0.6.0-SNAPSHOT/hadoop-ozone-recon-0.6.0-SNAPSHOT.jar:/home/user/.m2/repository/org/apache/hadoop/hadoop-ozone-reconcodegen/0.6.0-SNAPSHOT/hadoop-ozone-reconcodegen-0.6.0-SNAPSHOT.jar:/home/user/.m2/repository/com/google/inject/extensions/guice-multibindings/4.0/guice-multibindings-4.0.jar:/home/user/.m2/repository/com/google/inject/guice/4.0/guice-4.0.jar:/home/user/.m2/repository/aopalliance/aopalliance/1.0/aopalliance-1.0.jar:/home/user/.m2/repository/com/google/inject/extensions/guice-assistedinject/4.0/guice-assistedinject-4.0.jar:/home/user/.m2/repository/com/google/inject/extensions/guice-servlet/4.0/guice-servlet-4.0.jar:/home/user/.m2/repository/org/glassfish/jersey/containers/jersey-container-servlet/2.27/jersey-container-servlet-2.27.jar:/home/user/.m2/repository/org/glassfish/hk2/guice-bridge/2.5.0/guice-bridge-2.5.0.jar:/home/user/.m2/repository/org/glassfish/jersey/core/jersey-server/2.27/jersey-server-2.27.jar:/home/user/.m2/repository/org/glassfish/jersey/core/jersey-client/2.27/jersey-client-2.27.jar:/home/user/.m2/repository/org/glassfish/jersey/media/jersey-media-jaxb/2.27/jersey-media-jaxb-2.27.jar:/home/user/.m2/repository/javax/validation/validation-api/1.1.0.Final/validation-api-1.1.0.Final.jar:/home/user/.m2/repository/org/glassfish/jersey/media/jersey-media-json-jackson/2.27/jersey-media-json-jackson-2.27.jar:/home/user/.m2/repository/org/glassfish/jersey/ext/jersey-entity-filtering/2.27/jersey-entity-filtering-2.27.jar:/home/user/.m2/repository/org/jooq/jooq/3.11.10/jooq-3.11.10.jar:/home/user/.m2/repository/org/jooq/jooq-meta/3.11.10/jooq-meta-3.11.10.jar:/home/user/.m2/repository/org/jooq/jooq-codegen/3.11.10/jooq-codegen-3.11.10.jar:/home/user/.m2/repository/com/jolbox/bonecp/0.8.0.RELEASE/bonecp-0.8.0.RELEASE.jar:/home/user/.m2/repository/org/apache/derby/derby/10.14.2.0/derby-10.14.2.0.jar:/home/user/.m2/repository/org/xerial/sqlite-jdbc/3.25.2/sqlite-jdbc-3.25.2.jar:/home/user/.m2/repository/org/springframework/spring-jdbc/5.2.5.RELEASE/spring-jdbc-5.2.5.RELEASE.jar:/home/user/.m2/repository/org/springframework/spring-beans/5.2.5.RELEASE/spring-beans-5.2.5.RELEASE.jar:/home/user/.m2/repository/org/springframework/spring-core/5.2.5.RELEASE/spring-core-5.2.5.RELEASE.jar:/home/user/.m2/repository/org/springframework/spring-jcl/5.2.5.RELEASE/spring-jcl-5.2.5.RELEASE.jar:/home/user/.m2/repository/org/springframework/spring-tx/5.2.5.RELEASE/spring-tx-5.2.5.RELEASE.jar:/home/user/.m2/repository/org/apache/hadoop/hadoop-ozone-client/0.6.0-SNAPSHOT/hadoop-ozone-client-0.6.0-SNAPSHOT.jar:/home/user/.m2/repository/org/apache/hadoop/hadoop-ozone-filesystem/0.6.0-SNAPSHOT/hadoop-ozone-filesystem-0.6.0-SNAPSHOT.jar:/home/user/.m2/repository/org/apache/hadoop/hadoop-ozone-filesystem-common/0.6.0-SNAPSHOT/hadoop-ozone-filesystem-common-0.6.0-SNAPSHOT.jar:/home/user/.m2/repository/org/apache/hadoop/hadoop-ozone-tools/0.6.0-SNAPSHOT/hadoop-ozone-tools-0.6.0-SNAPSHOT.jar:/home/user/.m2/repository/org/apache/hadoop/hadoop-hdfs/3.2.1/hadoop-hdfs-3.2.1.jar:/home/user/.m2/repository/org/apache/ratis/ratis-tools/0.6.0-6ab75ae-SNAPSHOT/ratis-tools-0.6.0-6ab75ae-SNAPSHOT.jar:/home/user/.m2/repository/org/apache/ratis/ratis-proto/0.6.0-6ab75ae-SNAPSHOT/ratis-proto-0.6.0-6ab75ae-SNAPSHOT.jar:/home/user/.m2/repository/org/apache/ratis/ratis-common/0.6.0-6ab75ae-SNAPSHOT/ratis-common-0.6.0-6ab75ae-SNAPSHOT.jar:/home/user/.m2/repository/com/amazonaws/aws-java-sdk-core/1.11.615/aws-java-sdk-core-1.11.615.jar:/home/user/.m2/repository/org/apache/httpcomponents/httpclient/4.5.2/httpclient-4.5.2.jar:/home/user/.m2/repository/org/apache/httpcomponents/httpcore/4.4.4/httpcore-4.4.4.jar:/home/user/.m2/repository/software/amazon/ion/ion-java/1.0.2/ion-java-1.0.2.jar:/home/user/.m2/repository/com/fasterxml/jackson/dataformat/jackson-dataformat-cbor/2.10.3/jackson-dataformat-cbor-2.10.3.jar:/home/user/.m2/repository/joda-time/joda-time/2.8.1/joda-time-2.8.1.jar:/home/user/.m2/repository/com/amazonaws/aws-java-sdk-s3/1.11.615/aws-java-sdk-s3-1.11.615.jar:/home/user/.m2/repository/com/amazonaws/aws-java-sdk-kms/1.11.615/aws-java-sdk-kms-1.11.615.jar:/home/user/.m2/repository/com/amazonaws/jmespath-java/1.11.615/jmespath-java-1.11.615.jar:/home/user/.m2/repository/org/apache/hadoop/hadoop-hdds-tools/0.6.0-SNAPSHOT/hadoop-hdds-tools-0.6.0-SNAPSHOT.jar:/home/user/.m2/repository/commons-cli/commons-cli/1.2/commons-cli-1.2.jar:/home/user/.m2/repository/org/apache/commons/commons-lang3/3.7/commons-lang3-3.7.jar:/home/user/.m2/repository/org/apache/hadoop/hadoop-ozone-ozone-manager/0.6.0-SNAPSHOT/hadoop-ozone-ozone-manager-0.6.0-SNAPSHOT-tests.jar:/home/user/.m2/repository/junit/junit/4.11/junit-4.11.jar:/home/user/.m2/repository/org/hamcrest/hamcrest-core/1.3/hamcrest-core-1.3.jar:/home/user/.m2/repository/org/openjdk/jmh/jmh-core/1.19/jmh-core-1.19.jar:/home/user/.m2/repository/net/sf/jopt-simple/jopt-simple/4.6/jopt-simple-4.6.jar:/home/user/.m2/repository/org/apache/commons/commons-math3/3.1.1/commons-math3-3.1.1.jar:/home/user/.m2/repository/org/openjdk/jmh/jmh-generator-annprocess/1.19/jmh-generator-annprocess-1.19.jar:/home/user/.m2/repository/org/mockito/mockito-all/1.8.5/mockito-all-1.8.5.jar:/home/user/.m2/repository/org/apache/hadoop/hadoop-kms/3.2.1/hadoop-kms-3.2.1.jar:/home/user/.m2/repository/org/apache/hadoop/hadoop-auth/3.2.1/hadoop-auth-3.2.1.jar:/home/user/.m2/repository/com/nimbusds/nimbus-jose-jwt/7.9/nimbus-jose-jwt-7.9.jar:/home/user/.m2/repository/com/github/stephenc/jcip/jcip-annotations/1.0-1/jcip-annotations-1.0-1.jar:/home/user/.m2/repository/net/minidev/json-smart/2.3/json-smart-2.3.jar:/home/user/.m2/repository/net/minidev/accessors-smart/1.2/accessors-smart-1.2.jar:/home/user/.m2/repository/org/ow2/asm/asm/5.0.4/asm-5.0.4.jar:/home/user/.m2/repository/org/apache/zookeeper/zookeeper/3.4.13/zookeeper-3.4.13.jar:/home/user/.m2/repository/org/apache/yetus/audience-annotations/0.5.0/audience-annotations-0.5.0.jar:/home/user/.m2/repository/org/apache/curator/curator-framework/2.13.0/curator-framework-2.13.0.jar:/home/user/.m2/repository/com/sun/jersey/jersey-core/1.19/jersey-core-1.19.jar:/home/user/.m2/repository/javax/ws/rs/jsr311-api/1.1.1/jsr311-api-1.1.1.jar:/home/user/.m2/repository/com/sun/jersey/jersey-server/1.19/jersey-server-1.19.jar:/home/user/.m2/repository/javax/servlet/javax.servlet-api/3.1.0/javax.servlet-api-3.1.0.jar:/home/user/.m2/repository/org/eclipse/jetty/jetty-server/9.4.26.v20200117/jetty-server-9.4.26.v20200117.jar:/home/user/.m2/repository/org/eclipse/jetty/jetty-http/9.4.26.v20200117/jetty-http-9.4.26.v20200117.jar:/home/user/.m2/repository/org/eclipse/jetty/jetty-io/9.4.26.v20200117/jetty-io-9.4.26.v20200117.jar:/home/user/.m2/repository/org/eclipse/jetty/jetty-webapp/9.4.26.v20200117/jetty-webapp-9.4.26.v20200117.jar:/home/user/.m2/repository/org/eclipse/jetty/jetty-xml/9.4.26.v20200117/jetty-xml-9.4.26.v20200117.jar:/home/user/.m2/repository/org/eclipse/jetty/jetty-servlet/9.4.26.v20200117/jetty-servlet-9.4.26.v20200117.jar:/home/user/.m2/repository/org/eclipse/jetty/jetty-security/9.4.26.v20200117/jetty-security-9.4.26.v20200117.jar:/home/user/.m2/repository/org/apache/hadoop/hadoop-common/3.2.1/hadoop-common-3.2.1.jar:/home/user/.m2/repository/commons-net/commons-net/3.6/commons-net-3.6.jar:/home/user/.m2/repository/commons-collections/commons-collections/3.2.2/commons-collections-3.2.2.jar:/home/user/.m2/repository/com/sun/jersey/jersey-servlet/1.19/jersey-servlet-1.19.jar:/home/user/.m2/repository/com/sun/jersey/jersey-json/1.19/jersey-json-1.19.jar:/home/user/.m2/repository/org/codehaus/jettison/jettison/1.1/jettison-1.1.jar:/home/user/.m2/repository/org/codehaus/jackson/jackson-jaxrs/1.9.2/jackson-jaxrs-1.9.2.jar:/home/user/.m2/repository/org/codehaus/jackson/jackson-xc/1.9.2/jackson-xc-1.9.2.jar:/home/user/.m2/repository/commons-beanutils/commons-beanutils/1.9.4/commons-beanutils-1.9.4.jar:/home/user/.m2/repository/org/apache/commons/commons-configuration2/2.1.1/commons-configuration2-2.1.1.jar:/home/user/.m2/repository/org/apache/commons/commons-text/1.4/commons-text-1.4.jar:/home/user/.m2/repository/com/google/re2j/re2j/1.1/re2j-1.1.jar:/home/user/.m2/repository/com/jcraft/jsch/0.1.54/jsch-0.1.54.jar:/home/user/.m2/repository/org/apache/curator/curator-client/2.13.0/curator-client-2.13.0.jar:/home/user/.m2/repository/org/apache/curator/curator-recipes/2.13.0/curator-recipes-2.13.0.jar:/home/user/.m2/repository/dnsjava/dnsjava/2.1.7/dnsjava-2.1.7.jar:/home/user/.m2/repository/org/slf4j/jul-to-slf4j/1.7.25/jul-to-slf4j-1.7.25.jar:/home/user/.m2/repository/org/eclipse/jetty/jetty-util/9.4.26.v20200117/jetty-util-9.4.26.v20200117.jar:/home/user/.m2/repository/com/fasterxml/jackson/core/jackson-databind/2.10.3/jackson-databind-2.10.3.jar:/home/user/.m2/repository/org/apache/hadoop/hadoop-kms/3.2.1/hadoop-kms-3.2.1-tests.jar:/home/user/.m2/repository/org/apache/hadoop/hadoop-hdds-server-scm/0.6.0-SNAPSHOT/hadoop-hdds-server-scm-0.6.0-SNAPSHOT-tests.jar:/home/user/.m2/repository/org/apache/hadoop/hadoop-hdds-container-service/0.6.0-SNAPSHOT/hadoop-hdds-container-service-0.6.0-SNAPSHOT-tests.jar:/home/user/.m2/repository/org/apache/hadoop/hadoop-hdds-common/0.6.0-SNAPSHOT/hadoop-hdds-common-0.6.0-SNAPSHOT-tests.jar:/home/user/.m2/repository/org/yaml/snakeyaml/1.16/snakeyaml-1.16.jar:/home/user/.m2/repository/org/apache/hadoop/hadoop-hdds-hadoop-dependency-test/0.6.0-SNAPSHOT/hadoop-hdds-hadoop-dependency-test-0.6.0-SNAPSHOT.jar:/home/user/.m2/repository/org/apache/hadoop/hadoop-common/3.2.1/hadoop-common-3.2.1-tests.jar:/home/user/.m2/repository/javax/servlet/jsp/jsp-api/2.1/jsp-api-2.1.jar:/home/user/.m2/repository/org/apache/hadoop/hadoop-hdfs/3.2.1/hadoop-hdfs-3.2.1-tests.jar:/home/user/.m2/repository/org/eclipse/jetty/jetty-util-ajax/9.4.26.v20200117/jetty-util-ajax-9.4.26.v20200117.jar:/home/user/.m2/repository/commons-codec/commons-codec/1.11/commons-codec-1.11.jar:/home/user/.m2/repository/commons-daemon/commons-daemon/1.0.13/commons-daemon-1.0.13.jar:/home/user/.m2/repository/io/netty/netty/3.10.5.Final/netty-3.10.5.Final.jar:/home/user/.m2/repository/io/netty/netty-all/4.1.48.Final/netty-all-4.1.48.Final.jar:/home/user/.m2/repository/org/apache/htrace/htrace-core4/4.1.0-incubating/htrace-core4-4.1.0-incubating.jar:/home/user/.m2/repository/org/fusesource/leveldbjni/leveldbjni-all/1.8/leveldbjni-all-1.8.jar:/home/user/.m2/repository/org/apache/hadoop/hadoop-distcp/3.2.1/hadoop-distcp-3.2.1.jar:/home/user/.m2/repository/org/apache/hadoop/hadoop-mapreduce-client-jobclient/3.2.1/hadoop-mapreduce-client-jobclient-3.2.1.jar:/home/user/.m2/repository/org/apache/hadoop/hadoop-mapreduce-client-common/3.2.1/hadoop-mapreduce-client-common-3.2.1.jar:/home/user/.m2/repository/org/apache/hadoop/hadoop-yarn-common/3.2.1/hadoop-yarn-common-3.2.1.jar:/home/user/.m2/repository/org/apache/hadoop/hadoop-yarn-api/3.2.1/hadoop-yarn-api-3.2.1.jar:/home/user/.m2/repository/com/sun/jersey/jersey-client/1.19/jersey-client-1.19.jar:/home/user/.m2/repository/com/sun/jersey/contribs/jersey-guice/1.19/jersey-guice-1.19.jar:/home/user/.m2/repository/com/fasterxml/jackson/jaxrs/jackson-jaxrs-json-provider/2.10.3/jackson-jaxrs-json-provider-2.10.3.jar:/home/user/.m2/repository/com/fasterxml/jackson/jaxrs/jackson-jaxrs-base/2.10.3/jackson-jaxrs-base-2.10.3.jar:/home/user/.m2/repository/org/apache/hadoop/hadoop-yarn-client/3.2.1/hadoop-yarn-client-3.2.1.jar:/home/user/.m2/repository/org/apache/hadoop/hadoop-mapreduce-client-core/3.2.1/hadoop-mapreduce-client-core-3.2.1.jar:/home/user/.m2/repository/org/apache/avro/avro/1.7.7/avro-1.7.7.jar:/home/user/.m2/repository/org/codehaus/jackson/jackson-core-asl/1.9.13/jackson-core-asl-1.9.13.jar:/home/user/.m2/repository/org/codehaus/jackson/jackson-mapper-asl/1.9.13/jackson-mapper-asl-1.9.13.jar:/home/user/.m2/repository/com/thoughtworks/paranamer/paranamer/2.3/paranamer-2.3.jar:/home/user/.m2/repository/org/xerial/snappy/snappy-java/1.0.5/snappy-java-1.0.5.jar:/home/user/.m2/repository/org/apache/hadoop/hadoop-annotations/3.2.1/hadoop-annotations-3.2.1.jar:/usr/lib/jvm/java-1.8.0-openjdk-1.8.0.232.b09-0.el7_7.x86_64/jre/../lib/tools.jar:/home/user/.m2/repository/org/apache/hadoop/hadoop-distcp/3.2.1/hadoop-distcp-3.2.1-tests.jar:"/>
    <property name="java.vm.vendor" value="Oracle Corporation"/>
    <property name="sun.arch.data.model" value="64"/>
    <property name="test.build.dir" value="/github/workspace/mnt/ozone/hadoop-ozone/integration-test/target/test-dir"/>
    <property name="test.cache.data" value=""/>
    <property name="java.vendor.url" value="http://java.oracle.com/"/>
    <property name="user.timezone" value=""/>
    <property name="java.vm.specification.version" value="1.8"/>
    <property name="os.name" value="Linux"/>
    <property name="test.build.data" value="/github/workspace/mnt/ozone/hadoop-ozone/integration-test/target/test-dir"/>
    <property name="user.country" value="US"/>
    <property name="sun.java.launcher" value="SUN_STANDARD"/>
    <property name="sun.boot.library.path" value="/usr/lib/jvm/java-1.8.0-openjdk-1.8.0.232.b09-0.el7_7.x86_64/jre/lib/amd64"/>
    <property name="sun.java.command" value="/github/workspace/mnt/ozone/hadoop-ozone/integration-test/target/surefire/surefirebooter3993501044412155981.jar /github/workspace/mnt/ozone/hadoop-ozone/integration-test/target/surefire 2020-07-07T04-46-02_066-jvmRun1 surefire2552258201819420550tmp surefire_78277299417833882964tmp"/>
    <property name="surefire.test.class.path" value="/github/workspace/mnt/ozone/hadoop-ozone/integration-test/target/test-classes:/github/workspace/mnt/ozone/hadoop-ozone/integration-test/target/classes:/home/user/.m2/repository/org/apache/hadoop/hadoop-ozone-common/0.6.0-SNAPSHOT/hadoop-ozone-common-0.6.0-SNAPSHOT.jar:/home/user/.m2/repository/org/apache/commons/commons-compress/1.4.1/commons-compress-1.4.1.jar:/home/user/.m2/repository/org/tukaani/xz/1.0/xz-1.0.jar:/home/user/.m2/repository/org/apache/hadoop/hadoop-hdds-common/0.6.0-SNAPSHOT/hadoop-hdds-common-0.6.0-SNAPSHOT.jar:/home/user/.m2/repository/org/apache/hadoop/hadoop-hdds-hadoop-dependency-client/0.6.0-SNAPSHOT/hadoop-hdds-hadoop-dependency-client-0.6.0-SNAPSHOT.jar:/home/user/.m2/repository/info/picocli/picocli/3.9.6/picocli-3.9.6.jar:/home/user/.m2/repository/com/fasterxml/jackson/core/jackson-annotations/2.10.3/jackson-annotations-2.10.3.jar:/home/user/.m2/repository/javax/annotation/javax.annotation-api/1.2/javax.annotation-api-1.2.jar:/home/user/.m2/repository/org/apache/ratis/ratis-server/0.6.0-6ab75ae-SNAPSHOT/ratis-server-0.6.0-6ab75ae-SNAPSHOT.jar:/home/user/.m2/repository/org/apache/ratis/ratis-client/0.6.0-6ab75ae-SNAPSHOT/ratis-client-0.6.0-6ab75ae-SNAPSHOT.jar:/home/user/.m2/repository/org/apache/ratis/ratis-metrics/0.6.0-6ab75ae-SNAPSHOT/ratis-metrics-0.6.0-6ab75ae-SNAPSHOT.jar:/home/user/.m2/repository/org/apache/ratis/ratis-netty/0.6.0-6ab75ae-SNAPSHOT/ratis-netty-0.6.0-6ab75ae-SNAPSHOT.jar:/home/user/.m2/repository/org/apache/ratis/ratis-grpc/0.6.0-6ab75ae-SNAPSHOT/ratis-grpc-0.6.0-6ab75ae-SNAPSHOT.jar:/home/user/.m2/repository/org/apache/logging/log4j/log4j-api/2.11.0/log4j-api-2.11.0.jar:/home/user/.m2/repository/org/apache/logging/log4j/log4j-core/2.11.0/log4j-core-2.11.0.jar:/home/user/.m2/repository/com/lmax/disruptor/3.4.2/disruptor-3.4.2.jar:/home/user/.m2/repository/org/apache/commons/commons-pool2/2.6.0/commons-pool2-2.6.0.jar:/home/user/.m2/repository/org/bouncycastle/bcpkix-jdk15on/1.60/bcpkix-jdk15on-1.60.jar:/home/user/.m2/repository/commons-validator/commons-validator/1.6/commons-validator-1.6.jar:/home/user/.m2/repository/commons-digester/commons-digester/1.8.1/commons-digester-1.8.1.jar:/home/user/.m2/repository/io/jaegertracing/jaeger-client/1.2.0/jaeger-client-1.2.0.jar:/home/user/.m2/repository/io/jaegertracing/jaeger-thrift/1.2.0/jaeger-thrift-1.2.0.jar:/home/user/.m2/repository/org/apache/thrift/libthrift/0.13.0/libthrift-0.13.0.jar:/home/user/.m2/repository/com/squareup/okhttp3/okhttp/4.2.2/okhttp-4.2.2.jar:/home/user/.m2/repository/com/squareup/okio/okio/2.2.2/okio-2.2.2.jar:/home/user/.m2/repository/org/jetbrains/kotlin/kotlin-stdlib/1.3.50/kotlin-stdlib-1.3.50.jar:/home/user/.m2/repository/org/jetbrains/kotlin/kotlin-stdlib-common/1.3.50/kotlin-stdlib-common-1.3.50.jar:/home/user/.m2/repository/org/jetbrains/annotations/13.0/annotations-13.0.jar:/home/user/.m2/repository/io/jaegertracing/jaeger-core/1.2.0/jaeger-core-1.2.0.jar:/home/user/.m2/repository/io/jaegertracing/jaeger-tracerresolver/1.2.0/jaeger-tracerresolver-1.2.0.jar:/home/user/.m2/repository/io/opentracing/contrib/opentracing-tracerresolver/0.1.8/opentracing-tracerresolver-0.1.8.jar:/home/user/.m2/repository/io/opentracing/opentracing-util/0.33.0/opentracing-util-0.33.0.jar:/home/user/.m2/repository/io/opentracing/opentracing-api/0.33.0/opentracing-api-0.33.0.jar:/home/user/.m2/repository/io/opentracing/opentracing-noop/0.33.0/opentracing-noop-0.33.0.jar:/home/user/.m2/repository/org/apache/hadoop/hadoop-hdds-client/0.6.0-SNAPSHOT/hadoop-hdds-client-0.6.0-SNAPSHOT.jar:/home/user/.m2/repository/org/apache/hadoop/hadoop-ozone-interface-client/0.6.0-SNAPSHOT/hadoop-ozone-interface-client-0.6.0-SNAPSHOT.jar:/home/user/.m2/repository/org/apache/hadoop/hadoop-hdds-test-utils/0.6.0-SNAPSHOT/hadoop-hdds-test-utils-0.6.0-SNAPSHOT.jar:/home/user/.m2/repository/com/google/guava/guava/28.2-jre/guava-28.2-jre.jar:/home/user/.m2/repository/com/google/guava/failureaccess/1.0.1/failureaccess-1.0.1.jar:/home/user/.m2/repository/com/google/guava/listenablefuture/9999.0-empty-to-avoid-conflict-with-guava/listenablefuture-9999.0-empty-to-avoid-conflict-with-guava.jar:/home/user/.m2/repository/com/google/code/findbugs/jsr305/3.0.0/jsr305-3.0.0.jar:/home/user/.m2/repository/org/checkerframework/checker-qual/2.10.0/checker-qual-2.10.0.jar:/home/user/.m2/repository/com/google/errorprone/error_prone_annotations/2.2.0/error_prone_annotations-2.2.0.jar:/home/user/.m2/repository/com/google/j2objc/j2objc-annotations/1.3/j2objc-annotations-1.3.jar:/home/user/.m2/repository/commons-io/commons-io/2.5/commons-io-2.5.jar:/home/user/.m2/repository/commons-logging/commons-logging/1.2/commons-logging-1.2.jar:/home/user/.m2/repository/log4j/log4j/1.2.17/log4j-1.2.17.jar:/home/user/.m2/repository/org/slf4j/slf4j-api/1.7.25/slf4j-api-1.7.25.jar:/home/user/.m2/repository/org/apache/hadoop/hadoop-hdds-server-scm/0.6.0-SNAPSHOT/hadoop-hdds-server-scm-0.6.0-SNAPSHOT.jar:/home/user/.m2/repository/org/apache/hadoop/hadoop-hdds-container-service/0.6.0-SNAPSHOT/hadoop-hdds-container-service-0.6.0-SNAPSHOT.jar:/home/user/.m2/repository/org/apache/hadoop/hadoop-hdds-hadoop-dependency-server/0.6.0-SNAPSHOT/hadoop-hdds-hadoop-dependency-server-0.6.0-SNAPSHOT.jar:/home/user/.m2/repository/org/apache/hadoop/hadoop-hdds-server-framework/0.6.0-SNAPSHOT/hadoop-hdds-server-framework-0.6.0-SNAPSHOT.jar:/home/user/.m2/repository/org/apache/hadoop/hadoop-hdds-interface-server/0.6.0-SNAPSHOT/hadoop-hdds-interface-server-0.6.0-SNAPSHOT.jar:/home/user/.m2/repository/org/apache/hadoop/hadoop-hdds-interface-admin/0.6.0-SNAPSHOT/hadoop-hdds-interface-admin-0.6.0-SNAPSHOT.jar:/home/user/.m2/repository/org/rocksdb/rocksdbjni/6.8.1/rocksdbjni-6.8.1.jar:/home/user/.m2/repository/io/prometheus/simpleclient_dropwizard/0.7.0/simpleclient_dropwizard-0.7.0.jar:/home/user/.m2/repository/io/prometheus/simpleclient/0.7.0/simpleclient-0.7.0.jar:/home/user/.m2/repository/io/prometheus/simpleclient_common/0.7.0/simpleclient_common-0.7.0.jar:/home/user/.m2/repository/com/fasterxml/jackson/datatype/jackson-datatype-jsr310/2.10.3/jackson-datatype-jsr310-2.10.3.jar:/home/user/.m2/repository/org/apache/hadoop/hadoop-hdds-docs/0.6.0-SNAPSHOT/hadoop-hdds-docs-0.6.0-SNAPSHOT.jar:/home/user/.m2/repository/io/dropwizard/metrics/metrics-core/3.2.4/metrics-core-3.2.4.jar:/home/user/.m2/repository/org/apache/hadoop/hadoop-hdfs-client/3.2.1/hadoop-hdfs-client-3.2.1.jar:/home/user/.m2/repository/org/bouncycastle/bcprov-jdk15on/1.60/bcprov-jdk15on-1.60.jar:/home/user/.m2/repository/org/apache/hadoop/hadoop-ozone-ozone-manager/0.6.0-SNAPSHOT/hadoop-ozone-ozone-manager-0.6.0-SNAPSHOT.jar:/home/user/.m2/repository/org/apache/hadoop/hadoop-hdds-interface-client/0.6.0-SNAPSHOT/hadoop-hdds-interface-client-0.6.0-SNAPSHOT.jar:/home/user/.m2/repository/org/apache/ratis/ratis-thirdparty-misc/0.4.0/ratis-thirdparty-misc-0.4.0.jar:/home/user/.m2/repository/org/apache/hadoop/hadoop-minikdc/3.2.1/hadoop-minikdc-3.2.1.jar:/home/user/.m2/repository/org/apache/kerby/kerb-simplekdc/1.0.1/kerb-simplekdc-1.0.1.jar:/home/user/.m2/repository/org/apache/kerby/kerb-client/1.0.1/kerb-client-1.0.1.jar:/home/user/.m2/repository/org/apache/kerby/kerby-config/1.0.1/kerby-config-1.0.1.jar:/home/user/.m2/repository/org/apache/kerby/kerb-core/1.0.1/kerb-core-1.0.1.jar:/home/user/.m2/repository/org/apache/kerby/kerby-pkix/1.0.1/kerby-pkix-1.0.1.jar:/home/user/.m2/repository/org/apache/kerby/kerby-asn1/1.0.1/kerby-asn1-1.0.1.jar:/home/user/.m2/repository/org/apache/kerby/kerby-util/1.0.1/kerby-util-1.0.1.jar:/home/user/.m2/repository/org/apache/kerby/kerb-common/1.0.1/kerb-common-1.0.1.jar:/home/user/.m2/repository/org/apache/kerby/kerb-crypto/1.0.1/kerb-crypto-1.0.1.jar:/home/user/.m2/repository/org/apache/kerby/kerb-util/1.0.1/kerb-util-1.0.1.jar:/home/user/.m2/repository/org/apache/kerby/token-provider/1.0.1/token-provider-1.0.1.jar:/home/user/.m2/repository/org/apache/kerby/kerb-admin/1.0.1/kerb-admin-1.0.1.jar:/home/user/.m2/repository/org/apache/kerby/kerb-server/1.0.1/kerb-server-1.0.1.jar:/home/user/.m2/repository/org/apache/kerby/kerb-identity/1.0.1/kerb-identity-1.0.1.jar:/home/user/.m2/repository/org/apache/kerby/kerby-xdr/1.0.1/kerby-xdr-1.0.1.jar:/home/user/.m2/repository/org/slf4j/slf4j-log4j12/1.7.25/slf4j-log4j12-1.7.25.jar:/home/user/.m2/repository/org/apache/hadoop/hadoop-ozone-s3gateway/0.6.0-SNAPSHOT/hadoop-ozone-s3gateway-0.6.0-SNAPSHOT.jar:/home/user/.m2/repository/org/jboss/weld/servlet/weld-servlet/2.4.7.Final/weld-servlet-2.4.7.Final.jar:/home/user/.m2/repository/org/glassfish/jersey/containers/jersey-container-servlet-core/2.27/jersey-container-servlet-core-2.27.jar:/home/user/.m2/repository/org/glassfish/hk2/external/javax.inject/2.5.0-b42/javax.inject-2.5.0-b42.jar:/home/user/.m2/repository/org/glassfish/jersey/core/jersey-common/2.27/jersey-common-2.27.jar:/home/user/.m2/repository/org/glassfish/hk2/osgi-resource-locator/1.0.1/osgi-resource-locator-1.0.1.jar:/home/user/.m2/repository/javax/ws/rs/javax.ws.rs-api/2.1/javax.ws.rs-api-2.1.jar:/home/user/.m2/repository/org/glassfish/jersey/ext/cdi/jersey-cdi1x/2.27/jersey-cdi1x-2.27.jar:/home/user/.m2/repository/org/glassfish/jersey/inject/jersey-hk2/2.27/jersey-hk2-2.27.jar:/home/user/.m2/repository/org/glassfish/hk2/hk2-locator/2.5.0-b42/hk2-locator-2.5.0-b42.jar:/home/user/.m2/repository/org/javassist/javassist/3.22.0-CR2/javassist-3.22.0-CR2.jar:/home/user/.m2/repository/org/glassfish/hk2/hk2-api/2.5.0/hk2-api-2.5.0.jar:/home/user/.m2/repository/org/glassfish/hk2/external/jakarta.inject/2.5.0/jakarta.inject-2.5.0.jar:/home/user/.m2/repository/org/glassfish/hk2/hk2-utils/2.5.0/hk2-utils-2.5.0.jar:/home/user/.m2/repository/jakarta/annotation/jakarta.annotation-api/1.3.4/jakarta.annotation-api-1.3.4.jar:/home/user/.m2/repository/org/glassfish/hk2/external/aopalliance-repackaged/2.5.0/aopalliance-repackaged-2.5.0.jar:/home/user/.m2/repository/com/fasterxml/jackson/dataformat/jackson-dataformat-xml/2.10.3/jackson-dataformat-xml-2.10.3.jar:/home/user/.m2/repository/com/fasterxml/jackson/core/jackson-core/2.10.3/jackson-core-2.10.3.jar:/home/user/.m2/repository/com/fasterxml/jackson/module/jackson-module-jaxb-annotations/2.10.3/jackson-module-jaxb-annotations-2.10.3.jar:/home/user/.m2/repository/jakarta/xml/bind/jakarta.xml.bind-api/2.3.2/jakarta.xml.bind-api-2.3.2.jar:/home/user/.m2/repository/jakarta/activation/jakarta.activation-api/1.2.1/jakarta.activation-api-1.2.1.jar:/home/user/.m2/repository/org/codehaus/woodstox/stax2-api/3.1.4/stax2-api-3.1.4.jar:/home/user/.m2/repository/com/fasterxml/woodstox/woodstox-core/5.0.3/woodstox-core-5.0.3.jar:/home/user/.m2/repository/javax/enterprise/cdi-api/1.2/cdi-api-1.2.jar:/home/user/.m2/repository/javax/el/javax.el-api/3.0.0/javax.el-api-3.0.0.jar:/home/user/.m2/repository/javax/interceptor/javax.interceptor-api/1.2/javax.interceptor-api-1.2.jar:/home/user/.m2/repository/javax/inject/javax.inject/1/javax.inject-1.jar:/home/user/.m2/repository/com/sun/xml/bind/jaxb-impl/2.3.0.1/jaxb-impl-2.3.0.1.jar:/home/user/.m2/repository/com/sun/xml/bind/jaxb-core/2.3.0.1/jaxb-core-2.3.0.1.jar:/home/user/.m2/repository/javax/xml/bind/jaxb-api/2.3.0/jaxb-api-2.3.0.jar:/home/user/.m2/repository/javax/activation/activation/1.1.1/activation-1.1.1.jar:/home/user/.m2/repository/org/apache/hadoop/hadoop-ozone-csi/0.6.0-SNAPSHOT/hadoop-ozone-csi-0.6.0-SNAPSHOT.jar:/home/user/.m2/repository/com/google/protobuf/protobuf-java-util/3.11.0/protobuf-java-util-3.11.0.jar:/home/user/.m2/repository/com/google/code/gson/gson/2.2.4/gson-2.2.4.jar:/home/user/.m2/repository/org/apache/hadoop/hadoop-hdds-config/0.6.0-SNAPSHOT/hadoop-hdds-config-0.6.0-SNAPSHOT.jar:/home/user/.m2/repository/com/google/protobuf/protobuf-java/2.5.0/protobuf-java-2.5.0.jar:/home/user/.m2/repository/io/grpc/grpc-netty/1.29.0/grpc-netty-1.29.0.jar:/home/user/.m2/repository/io/grpc/grpc-core/1.29.0/grpc-core-1.29.0.jar:/home/user/.m2/repository/com/google/android/annotations/4.1.1.4/annotations-4.1.1.4.jar:/home/user/.m2/repository/io/perfmark/perfmark-api/0.19.0/perfmark-api-0.19.0.jar:/home/user/.m2/repository/io/netty/netty-codec-http2/4.1.48.Final/netty-codec-http2-4.1.48.Final.jar:/home/user/.m2/repository/io/netty/netty-codec/4.1.48.Final/netty-codec-4.1.48.Final.jar:/home/user/.m2/repository/io/netty/netty-handler/4.1.48.Final/netty-handler-4.1.48.Final.jar:/home/user/.m2/repository/io/netty/netty-codec-http/4.1.48.Final/netty-codec-http-4.1.48.Final.jar:/home/user/.m2/repository/io/netty/netty-handler-proxy/4.1.48.Final/netty-handler-proxy-4.1.48.Final.jar:/home/user/.m2/repository/io/netty/netty-codec-socks/4.1.48.Final/netty-codec-socks-4.1.48.Final.jar:/home/user/.m2/repository/io/netty/netty-transport-native-epoll/4.1.48.Final/netty-transport-native-epoll-4.1.48.Final.jar:/home/user/.m2/repository/io/netty/netty-common/4.1.48.Final/netty-common-4.1.48.Final.jar:/home/user/.m2/repository/io/netty/netty-buffer/4.1.48.Final/netty-buffer-4.1.48.Final.jar:/home/user/.m2/repository/io/netty/netty-transport/4.1.48.Final/netty-transport-4.1.48.Final.jar:/home/user/.m2/repository/io/netty/netty-resolver/4.1.48.Final/netty-resolver-4.1.48.Final.jar:/home/user/.m2/repository/io/netty/netty-transport-native-unix-common/4.1.48.Final/netty-transport-native-unix-common-4.1.48.Final.jar:/home/user/.m2/repository/io/grpc/grpc-protobuf/1.29.0/grpc-protobuf-1.29.0.jar:/home/user/.m2/repository/io/grpc/grpc-api/1.29.0/grpc-api-1.29.0.jar:/home/user/.m2/repository/io/grpc/grpc-context/1.29.0/grpc-context-1.29.0.jar:/home/user/.m2/repository/org/codehaus/mojo/animal-sniffer-annotations/1.18/animal-sniffer-annotations-1.18.jar:/home/user/.m2/repository/com/google/api/grpc/proto-google-common-protos/1.17.0/proto-google-common-protos-1.17.0.jar:/home/user/.m2/repository/io/grpc/grpc-protobuf-lite/1.29.0/grpc-protobuf-lite-1.29.0.jar:/home/user/.m2/repository/io/grpc/grpc-stub/1.29.0/grpc-stub-1.29.0.jar:/home/user/.m2/repository/org/apache/hadoop/hadoop-ozone-recon/0.6.0-SNAPSHOT/hadoop-ozone-recon-0.6.0-SNAPSHOT.jar:/home/user/.m2/repository/org/apache/hadoop/hadoop-ozone-reconcodegen/0.6.0-SNAPSHOT/hadoop-ozone-reconcodegen-0.6.0-SNAPSHOT.jar:/home/user/.m2/repository/com/google/inject/extensions/guice-multibindings/4.0/guice-multibindings-4.0.jar:/home/user/.m2/repository/com/google/inject/guice/4.0/guice-4.0.jar:/home/user/.m2/repository/aopalliance/aopalliance/1.0/aopalliance-1.0.jar:/home/user/.m2/repository/com/google/inject/extensions/guice-assistedinject/4.0/guice-assistedinject-4.0.jar:/home/user/.m2/repository/com/google/inject/extensions/guice-servlet/4.0/guice-servlet-4.0.jar:/home/user/.m2/repository/org/glassfish/jersey/containers/jersey-container-servlet/2.27/jersey-container-servlet-2.27.jar:/home/user/.m2/repository/org/glassfish/hk2/guice-bridge/2.5.0/guice-bridge-2.5.0.jar:/home/user/.m2/repository/org/glassfish/jersey/core/jersey-server/2.27/jersey-server-2.27.jar:/home/user/.m2/repository/org/glassfish/jersey/core/jersey-client/2.27/jersey-client-2.27.jar:/home/user/.m2/repository/org/glassfish/jersey/media/jersey-media-jaxb/2.27/jersey-media-jaxb-2.27.jar:/home/user/.m2/repository/javax/validation/validation-api/1.1.0.Final/validation-api-1.1.0.Final.jar:/home/user/.m2/repository/org/glassfish/jersey/media/jersey-media-json-jackson/2.27/jersey-media-json-jackson-2.27.jar:/home/user/.m2/repository/org/glassfish/jersey/ext/jersey-entity-filtering/2.27/jersey-entity-filtering-2.27.jar:/home/user/.m2/repository/org/jooq/jooq/3.11.10/jooq-3.11.10.jar:/home/user/.m2/repository/org/jooq/jooq-meta/3.11.10/jooq-meta-3.11.10.jar:/home/user/.m2/repository/org/jooq/jooq-codegen/3.11.10/jooq-codegen-3.11.10.jar:/home/user/.m2/repository/com/jolbox/bonecp/0.8.0.RELEASE/bonecp-0.8.0.RELEASE.jar:/home/user/.m2/repository/org/apache/derby/derby/10.14.2.0/derby-10.14.2.0.jar:/home/user/.m2/repository/org/xerial/sqlite-jdbc/3.25.2/sqlite-jdbc-3.25.2.jar:/home/user/.m2/repository/org/springframework/spring-jdbc/5.2.5.RELEASE/spring-jdbc-5.2.5.RELEASE.jar:/home/user/.m2/repository/org/springframework/spring-beans/5.2.5.RELEASE/spring-beans-5.2.5.RELEASE.jar:/home/user/.m2/repository/org/springframework/spring-core/5.2.5.RELEASE/spring-core-5.2.5.RELEASE.jar:/home/user/.m2/repository/org/springframework/spring-jcl/5.2.5.RELEASE/spring-jcl-5.2.5.RELEASE.jar:/home/user/.m2/repository/org/springframework/spring-tx/5.2.5.RELEASE/spring-tx-5.2.5.RELEASE.jar:/home/user/.m2/repository/org/apache/hadoop/hadoop-ozone-client/0.6.0-SNAPSHOT/hadoop-ozone-client-0.6.0-SNAPSHOT.jar:/home/user/.m2/repository/org/apache/hadoop/hadoop-ozone-filesystem/0.6.0-SNAPSHOT/hadoop-ozone-filesystem-0.6.0-SNAPSHOT.jar:/home/user/.m2/repository/org/apache/hadoop/hadoop-ozone-filesystem-common/0.6.0-SNAPSHOT/hadoop-ozone-filesystem-common-0.6.0-SNAPSHOT.jar:/home/user/.m2/repository/org/apache/hadoop/hadoop-ozone-tools/0.6.0-SNAPSHOT/hadoop-ozone-tools-0.6.0-SNAPSHOT.jar:/home/user/.m2/repository/org/apache/hadoop/hadoop-hdfs/3.2.1/hadoop-hdfs-3.2.1.jar:/home/user/.m2/repository/org/apache/ratis/ratis-tools/0.6.0-6ab75ae-SNAPSHOT/ratis-tools-0.6.0-6ab75ae-SNAPSHOT.jar:/home/user/.m2/repository/org/apache/ratis/ratis-proto/0.6.0-6ab75ae-SNAPSHOT/ratis-proto-0.6.0-6ab75ae-SNAPSHOT.jar:/home/user/.m2/repository/org/apache/ratis/ratis-common/0.6.0-6ab75ae-SNAPSHOT/ratis-common-0.6.0-6ab75ae-SNAPSHOT.jar:/home/user/.m2/repository/com/amazonaws/aws-java-sdk-core/1.11.615/aws-java-sdk-core-1.11.615.jar:/home/user/.m2/repository/org/apache/httpcomponents/httpclient/4.5.2/httpclient-4.5.2.jar:/home/user/.m2/repository/org/apache/httpcomponents/httpcore/4.4.4/httpcore-4.4.4.jar:/home/user/.m2/repository/software/amazon/ion/ion-java/1.0.2/ion-java-1.0.2.jar:/home/user/.m2/repository/com/fasterxml/jackson/dataformat/jackson-dataformat-cbor/2.10.3/jackson-dataformat-cbor-2.10.3.jar:/home/user/.m2/repository/joda-time/joda-time/2.8.1/joda-time-2.8.1.jar:/home/user/.m2/repository/com/amazonaws/aws-java-sdk-s3/1.11.615/aws-java-sdk-s3-1.11.615.jar:/home/user/.m2/repository/com/amazonaws/aws-java-sdk-kms/1.11.615/aws-java-sdk-kms-1.11.615.jar:/home/user/.m2/repository/com/amazonaws/jmespath-java/1.11.615/jmespath-java-1.11.615.jar:/home/user/.m2/repository/org/apache/hadoop/hadoop-hdds-tools/0.6.0-SNAPSHOT/hadoop-hdds-tools-0.6.0-SNAPSHOT.jar:/home/user/.m2/repository/commons-cli/commons-cli/1.2/commons-cli-1.2.jar:/home/user/.m2/repository/org/apache/commons/commons-lang3/3.7/commons-lang3-3.7.jar:/home/user/.m2/repository/org/apache/hadoop/hadoop-ozone-ozone-manager/0.6.0-SNAPSHOT/hadoop-ozone-ozone-manager-0.6.0-SNAPSHOT-tests.jar:/home/user/.m2/repository/junit/junit/4.11/junit-4.11.jar:/home/user/.m2/repository/org/hamcrest/hamcrest-core/1.3/hamcrest-core-1.3.jar:/home/user/.m2/repository/org/openjdk/jmh/jmh-core/1.19/jmh-core-1.19.jar:/home/user/.m2/repository/net/sf/jopt-simple/jopt-simple/4.6/jopt-simple-4.6.jar:/home/user/.m2/repository/org/apache/commons/commons-math3/3.1.1/commons-math3-3.1.1.jar:/home/user/.m2/repository/org/openjdk/jmh/jmh-generator-annprocess/1.19/jmh-generator-annprocess-1.19.jar:/home/user/.m2/repository/org/mockito/mockito-all/1.8.5/mockito-all-1.8.5.jar:/home/user/.m2/repository/org/apache/hadoop/hadoop-kms/3.2.1/hadoop-kms-3.2.1.jar:/home/user/.m2/repository/org/apache/hadoop/hadoop-auth/3.2.1/hadoop-auth-3.2.1.jar:/home/user/.m2/repository/com/nimbusds/nimbus-jose-jwt/7.9/nimbus-jose-jwt-7.9.jar:/home/user/.m2/repository/com/github/stephenc/jcip/jcip-annotations/1.0-1/jcip-annotations-1.0-1.jar:/home/user/.m2/repository/net/minidev/json-smart/2.3/json-smart-2.3.jar:/home/user/.m2/repository/net/minidev/accessors-smart/1.2/accessors-smart-1.2.jar:/home/user/.m2/repository/org/ow2/asm/asm/5.0.4/asm-5.0.4.jar:/home/user/.m2/repository/org/apache/zookeeper/zookeeper/3.4.13/zookeeper-3.4.13.jar:/home/user/.m2/repository/org/apache/yetus/audience-annotations/0.5.0/audience-annotations-0.5.0.jar:/home/user/.m2/repository/org/apache/curator/curator-framework/2.13.0/curator-framework-2.13.0.jar:/home/user/.m2/repository/com/sun/jersey/jersey-core/1.19/jersey-core-1.19.jar:/home/user/.m2/repository/javax/ws/rs/jsr311-api/1.1.1/jsr311-api-1.1.1.jar:/home/user/.m2/repository/com/sun/jersey/jersey-server/1.19/jersey-server-1.19.jar:/home/user/.m2/repository/javax/servlet/javax.servlet-api/3.1.0/javax.servlet-api-3.1.0.jar:/home/user/.m2/repository/org/eclipse/jetty/jetty-server/9.4.26.v20200117/jetty-server-9.4.26.v20200117.jar:/home/user/.m2/repository/org/eclipse/jetty/jetty-http/9.4.26.v20200117/jetty-http-9.4.26.v20200117.jar:/home/user/.m2/repository/org/eclipse/jetty/jetty-io/9.4.26.v20200117/jetty-io-9.4.26.v20200117.jar:/home/user/.m2/repository/org/eclipse/jetty/jetty-webapp/9.4.26.v20200117/jetty-webapp-9.4.26.v20200117.jar:/home/user/.m2/repository/org/eclipse/jetty/jetty-xml/9.4.26.v20200117/jetty-xml-9.4.26.v20200117.jar:/home/user/.m2/repository/org/eclipse/jetty/jetty-servlet/9.4.26.v20200117/jetty-servlet-9.4.26.v20200117.jar:/home/user/.m2/repository/org/eclipse/jetty/jetty-security/9.4.26.v20200117/jetty-security-9.4.26.v20200117.jar:/home/user/.m2/repository/org/apache/hadoop/hadoop-common/3.2.1/hadoop-common-3.2.1.jar:/home/user/.m2/repository/commons-net/commons-net/3.6/commons-net-3.6.jar:/home/user/.m2/repository/commons-collections/commons-collections/3.2.2/commons-collections-3.2.2.jar:/home/user/.m2/repository/com/sun/jersey/jersey-servlet/1.19/jersey-servlet-1.19.jar:/home/user/.m2/repository/com/sun/jersey/jersey-json/1.19/jersey-json-1.19.jar:/home/user/.m2/repository/org/codehaus/jettison/jettison/1.1/jettison-1.1.jar:/home/user/.m2/repository/org/codehaus/jackson/jackson-jaxrs/1.9.2/jackson-jaxrs-1.9.2.jar:/home/user/.m2/repository/org/codehaus/jackson/jackson-xc/1.9.2/jackson-xc-1.9.2.jar:/home/user/.m2/repository/commons-beanutils/commons-beanutils/1.9.4/commons-beanutils-1.9.4.jar:/home/user/.m2/repository/org/apache/commons/commons-configuration2/2.1.1/commons-configuration2-2.1.1.jar:/home/user/.m2/repository/org/apache/commons/commons-text/1.4/commons-text-1.4.jar:/home/user/.m2/repository/com/google/re2j/re2j/1.1/re2j-1.1.jar:/home/user/.m2/repository/com/jcraft/jsch/0.1.54/jsch-0.1.54.jar:/home/user/.m2/repository/org/apache/curator/curator-client/2.13.0/curator-client-2.13.0.jar:/home/user/.m2/repository/org/apache/curator/curator-recipes/2.13.0/curator-recipes-2.13.0.jar:/home/user/.m2/repository/dnsjava/dnsjava/2.1.7/dnsjava-2.1.7.jar:/home/user/.m2/repository/org/slf4j/jul-to-slf4j/1.7.25/jul-to-slf4j-1.7.25.jar:/home/user/.m2/repository/org/eclipse/jetty/jetty-util/9.4.26.v20200117/jetty-util-9.4.26.v20200117.jar:/home/user/.m2/repository/com/fasterxml/jackson/core/jackson-databind/2.10.3/jackson-databind-2.10.3.jar:/home/user/.m2/repository/org/apache/hadoop/hadoop-kms/3.2.1/hadoop-kms-3.2.1-tests.jar:/home/user/.m2/repository/org/apache/hadoop/hadoop-hdds-server-scm/0.6.0-SNAPSHOT/hadoop-hdds-server-scm-0.6.0-SNAPSHOT-tests.jar:/home/user/.m2/repository/org/apache/hadoop/hadoop-hdds-container-service/0.6.0-SNAPSHOT/hadoop-hdds-container-service-0.6.0-SNAPSHOT-tests.jar:/home/user/.m2/repository/org/apache/hadoop/hadoop-hdds-common/0.6.0-SNAPSHOT/hadoop-hdds-common-0.6.0-SNAPSHOT-tests.jar:/home/user/.m2/repository/org/yaml/snakeyaml/1.16/snakeyaml-1.16.jar:/home/user/.m2/repository/org/apache/hadoop/hadoop-hdds-hadoop-dependency-test/0.6.0-SNAPSHOT/hadoop-hdds-hadoop-dependency-test-0.6.0-SNAPSHOT.jar:/home/user/.m2/repository/org/apache/hadoop/hadoop-common/3.2.1/hadoop-common-3.2.1-tests.jar:/home/user/.m2/repository/javax/servlet/jsp/jsp-api/2.1/jsp-api-2.1.jar:/home/user/.m2/repository/org/apache/hadoop/hadoop-hdfs/3.2.1/hadoop-hdfs-3.2.1-tests.jar:/home/user/.m2/repository/org/eclipse/jetty/jetty-util-ajax/9.4.26.v20200117/jetty-util-ajax-9.4.26.v20200117.jar:/home/user/.m2/repository/commons-codec/commons-codec/1.11/commons-codec-1.11.jar:/home/user/.m2/repository/commons-daemon/commons-daemon/1.0.13/commons-daemon-1.0.13.jar:/home/user/.m2/repository/io/netty/netty/3.10.5.Final/netty-3.10.5.Final.jar:/home/user/.m2/repository/io/netty/netty-all/4.1.48.Final/netty-all-4.1.48.Final.jar:/home/user/.m2/repository/org/apache/htrace/htrace-core4/4.1.0-incubating/htrace-core4-4.1.0-incubating.jar:/home/user/.m2/repository/org/fusesource/leveldbjni/leveldbjni-all/1.8/leveldbjni-all-1.8.jar:/home/user/.m2/repository/org/apache/hadoop/hadoop-distcp/3.2.1/hadoop-distcp-3.2.1.jar:/home/user/.m2/repository/org/apache/hadoop/hadoop-mapreduce-client-jobclient/3.2.1/hadoop-mapreduce-client-jobclient-3.2.1.jar:/home/user/.m2/repository/org/apache/hadoop/hadoop-mapreduce-client-common/3.2.1/hadoop-mapreduce-client-common-3.2.1.jar:/home/user/.m2/repository/org/apache/hadoop/hadoop-yarn-common/3.2.1/hadoop-yarn-common-3.2.1.jar:/home/user/.m2/repository/org/apache/hadoop/hadoop-yarn-api/3.2.1/hadoop-yarn-api-3.2.1.jar:/home/user/.m2/repository/com/sun/jersey/jersey-client/1.19/jersey-client-1.19.jar:/home/user/.m2/repository/com/sun/jersey/contribs/jersey-guice/1.19/jersey-guice-1.19.jar:/home/user/.m2/repository/com/fasterxml/jackson/jaxrs/jackson-jaxrs-json-provider/2.10.3/jackson-jaxrs-json-provider-2.10.3.jar:/home/user/.m2/repository/com/fasterxml/jackson/jaxrs/jackson-jaxrs-base/2.10.3/jackson-jaxrs-base-2.10.3.jar:/home/user/.m2/repository/org/apache/hadoop/hadoop-yarn-client/3.2.1/hadoop-yarn-client-3.2.1.jar:/home/user/.m2/repository/org/apache/hadoop/hadoop-mapreduce-client-core/3.2.1/hadoop-mapreduce-client-core-3.2.1.jar:/home/user/.m2/repository/org/apache/avro/avro/1.7.7/avro-1.7.7.jar:/home/user/.m2/repository/org/codehaus/jackson/jackson-core-asl/1.9.13/jackson-core-asl-1.9.13.jar:/home/user/.m2/repository/org/codehaus/jackson/jackson-mapper-asl/1.9.13/jackson-mapper-asl-1.9.13.jar:/home/user/.m2/repository/com/thoughtworks/paranamer/paranamer/2.3/paranamer-2.3.jar:/home/user/.m2/repository/org/xerial/snappy/snappy-java/1.0.5/snappy-java-1.0.5.jar:/home/user/.m2/repository/org/apache/hadoop/hadoop-annotations/3.2.1/hadoop-annotations-3.2.1.jar:/usr/lib/jvm/java-1.8.0-openjdk-1.8.0.232.b09-0.el7_7.x86_64/jre/../lib/tools.jar:/home/user/.m2/repository/org/apache/hadoop/hadoop-distcp/3.2.1/hadoop-distcp-3.2.1-tests.jar:"/>
    <property name="sun.cpu.endian" value="little"/>
    <property name="user.home" value="/home/user"/>
    <property name="user.language" value="en"/>
    <property name="java.specification.vendor" value="Oracle Corporation"/>
    <property name="java.home" value="/usr/lib/jvm/java-1.8.0-openjdk-1.8.0.232.b09-0.el7_7.x86_64/jre"/>
    <property name="java.security.krb5.conf" value="/github/workspace/mnt/ozone/hadoop-ozone/integration-test/target/test-classes/krb5.conf"/>
    <property name="basedir" value="/github/workspace/mnt/ozone/hadoop-ozone/integration-test"/>
    <property name="file.separator" value="/"/>
    <property name="line.separator" value="&#10;"/>
    <property name="java.vm.specification.vendor" value="Oracle Corporation"/>
    <property name="java.specification.name" value="Java Platform API Specification"/>
    <property name="java.awt.graphicsenv" value="sun.awt.X11GraphicsEnvironment"/>
    <property name="skip.installnpx" value="true"/>
    <property name="surefire.real.class.path" value="/github/workspace/mnt/ozone/hadoop-ozone/integration-test/target/surefire/surefirebooter3993501044412155981.jar:/home/user/.m2/repository/org/jacoco/org.jacoco.agent/0.8.5/org.jacoco.agent-0.8.5-runtime.jar"/>
    <property name="hadoop.log.dir" value="/github/workspace/mnt/ozone/hadoop-ozone/integration-test/target/log"/>
    <property name="sun.boot.class.path" value="/usr/lib/jvm/java-1.8.0-openjdk-1.8.0.232.b09-0.el7_7.x86_64/jre/lib/resources.jar:/usr/lib/jvm/java-1.8.0-openjdk-1.8.0.232.b09-0.el7_7.x86_64/jre/lib/rt.jar:/usr/lib/jvm/java-1.8.0-openjdk-1.8.0.232.b09-0.el7_7.x86_64/jre/lib/sunrsasign.jar:/usr/lib/jvm/java-1.8.0-openjdk-1.8.0.232.b09-0.el7_7.x86_64/jre/lib/jsse.jar:/usr/lib/jvm/java-1.8.0-openjdk-1.8.0.232.b09-0.el7_7.x86_64/jre/lib/jce.jar:/usr/lib/jvm/java-1.8.0-openjdk-1.8.0.232.b09-0.el7_7.x86_64/jre/lib/charsets.jar:/usr/lib/jvm/java-1.8.0-openjdk-1.8.0.232.b09-0.el7_7.x86_64/jre/lib/jfr.jar:/usr/lib/jvm/java-1.8.0-openjdk-1.8.0.232.b09-0.el7_7.x86_64/jre/classes"/>
    <property name="sun.management.compiler" value="HotSpot 64-Bit Tiered Compilers"/>
    <property name="skip.npx" value="true"/>
    <property name="java.runtime.version" value="1.8.0_232-b09"/>
    <property name="java.net.preferIPv4Stack" value="true"/>
    <property name="user.name" value="jenkins1001"/>
    <property name="path.separator" value=":"/>
    <property name="java.security.egd" value="file:///dev/urandom"/>
    <property name="os.version" value="5.3.0-1031-azure"/>
    <property name="java.endorsed.dirs" value="/usr/lib/jvm/java-1.8.0-openjdk-1.8.0.232.b09-0.el7_7.x86_64/jre/lib/endorsed"/>
    <property name="java.runtime.name" value="OpenJDK Runtime Environment"/>
    <property name="file.encoding" value="ANSI_X3.4-1968"/>
    <property name="java.vm.name" value="OpenJDK 64-Bit Server VM"/>
    <property name="test.build.webapps" value=""/>
    <property name="localRepository" value="/home/user/.m2/repository"/>
    <property name="java.vendor.url.bug" value="http://bugreport.sun.com/bugreport/"/>
    <property name="java.io.tmpdir" value="/tmp"/>
    <property name="require.test.libhadoop" value=""/>
    <property name="java.version" value="1.8.0_232"/>
    <property name="user.dir" value="/github/workspace/mnt/ozone/hadoop-ozone/integration-test"/>
    <property name="os.arch" value="amd64"/>
    <property name="java.vm.specification.name" value="Java Virtual Machine Specification"/>
    <property name="test.build.classes" value="/github/workspace/mnt/ozone/hadoop-ozone/integration-test/target/test-classes"/>
    <property name="java.awt.printerjob" value="sun.print.PSPrinterJob"/>
    <property name="sun.os.patch.level" value="unknown"/>
    <property name="hadoop.tmp.dir" value="/github/workspace/mnt/ozone/hadoop-ozone/integration-test/target/tmp"/>
    <property name="java.library.path" value="/usr/lib:/usr/java/packages/lib/amd64:/usr/lib64:/lib64:/lib:/usr/lib"/>
    <property name="java.vm.info" value="mixed mode"/>
    <property name="java.vendor" value="Oracle Corporation"/>
    <property name="java.vm.version" value="25.232-b09"/>
    <property name="java.ext.dirs" value="/usr/lib/jvm/java-1.8.0-openjdk-1.8.0.232.b09-0.el7_7.x86_64/jre/lib/ext:/usr/java/packages/lib/ext"/>
    <property name="sun.io.unicode.encoding" value="UnicodeLittle"/>
    <property name="java.class.version" value="52.0"/>
  </properties>
  <testcase name="testWatchForCommitWithKeyWrite" classname="org.apache.hadoop.ozone.client.rpc.TestWatchForCommit" time="59.783"/>
  <testcase name="testWatchForCommitForRetryfailure" classname="org.apache.hadoop.ozone.client.rpc.TestWatchForCommit" time="50.59"/>
  <testcase name="testWatchForCommitForGroupMismatchException" classname="org.apache.hadoop.ozone.client.rpc.TestWatchForCommit" time="38.487"/>
  <testcase name="test2WayCommitForTimeoutException" classname="org.apache.hadoop.ozone.client.rpc.TestWatchForCommit" time="38.254">
    <error message="441cb323-c758-4204-8e94-c518eb7e3dfa: group-5B138B8C53D9 not found." type="org.apache.ratis.protocol.GroupMismatchException">org.apache.ratis.protocol.GroupMismatchException: 441cb323-c758-4204-8e94-c518eb7e3dfa: group-5B138B8C53D9 not found.
	at org.apache.ratis.server.impl.RaftServerProxy$ImplMap.get(RaftServerProxy.java:127)
	at org.apache.ratis.server.impl.RaftServerProxy.getImplFuture(RaftServerProxy.java:274)
	at org.apache.ratis.server.impl.RaftServerProxy.getImpl(RaftServerProxy.java:283)
	at org.apache.hadoop.ozone.container.ContainerTestHelper.getRaftServerImpl(ContainerTestHelper.java:593)
	at org.apache.hadoop.ozone.container.ContainerTestHelper.isRatisFollower(ContainerTestHelper.java:608)
	at org.apache.hadoop.ozone.client.rpc.TestWatchForCommit.test2WayCommitForTimeoutException(TestWatchForCommit.java:300)
	at sun.reflect.NativeMethodAccessorImpl.invoke0(Native Method)
	at sun.reflect.NativeMethodAccessorImpl.invoke(NativeMethodAccessorImpl.java:62)
	at sun.reflect.DelegatingMethodAccessorImpl.invoke(DelegatingMethodAccessorImpl.java:43)
	at java.lang.reflect.Method.invoke(Method.java:498)
	at org.junit.runners.model.FrameworkMethod$1.runReflectiveCall(FrameworkMethod.java:47)
	at org.junit.internal.runners.model.ReflectiveCallable.run(ReflectiveCallable.java:12)
	at org.junit.runners.model.FrameworkMethod.invokeExplosively(FrameworkMethod.java:44)
	at org.junit.internal.runners.statements.InvokeMethod.evaluate(InvokeMethod.java:17)
	at org.junit.internal.runners.statements.RunBefores.evaluate(RunBefores.java:26)
	at org.junit.internal.runners.statements.RunAfters.evaluate(RunAfters.java:27)
	at org.junit.runners.ParentRunner.runLeaf(ParentRunner.java:271)
	at org.junit.runners.BlockJUnit4ClassRunner.runChild(BlockJUnit4ClassRunner.java:70)
	at org.junit.runners.BlockJUnit4ClassRunner.runChild(BlockJUnit4ClassRunner.java:50)
	at org.junit.runners.ParentRunner$3.run(ParentRunner.java:238)
	at org.junit.runners.ParentRunner$1.schedule(ParentRunner.java:63)
	at org.junit.runners.ParentRunner.runChildren(ParentRunner.java:236)
	at org.junit.runners.ParentRunner.access$000(ParentRunner.java:53)
	at org.junit.runners.ParentRunner$2.evaluate(ParentRunner.java:229)
	at org.junit.runners.ParentRunner.run(ParentRunner.java:309)
	at org.apache.maven.surefire.junit4.JUnit4Provider.execute(JUnit4Provider.java:365)
	at org.apache.maven.surefire.junit4.JUnit4Provider.executeWithRerun(JUnit4Provider.java:273)
	at org.apache.maven.surefire.junit4.JUnit4Provider.executeTestSet(JUnit4Provider.java:238)
	at org.apache.maven.surefire.junit4.JUnit4Provider.invoke(JUnit4Provider.java:159)
	at org.apache.maven.surefire.booter.ForkedBooter.invokeProviderInSameClassLoader(ForkedBooter.java:384)
	at org.apache.maven.surefire.booter.ForkedBooter.runSuitesInProcess(ForkedBooter.java:345)
	at org.apache.maven.surefire.booter.ForkedBooter.execute(ForkedBooter.java:126)
	at org.apache.maven.surefire.booter.ForkedBooter.main(ForkedBooter.java:418)
</error>
    <system-out><![CDATA[2020-07-07 04:54:42,500 [Listener at 127.0.0.1/33919] WARN  server.ServerUtils (ServerUtils.java:getScmDbDir(148)) - ozone.scm.db.dirs is not configured. We recommend adding this setting. Falling back to ozone.metadata.dirs instead.
2020-07-07 04:54:42,501 [Listener at 127.0.0.1/33919] WARN  server.ServerUtils (ServerUtils.java:getScmDbDir(148)) - ozone.scm.db.dirs is not configured. We recommend adding this setting. Falling back to ozone.metadata.dirs instead.
2020-07-07 04:54:42,502 [Listener at 127.0.0.1/33919] WARN  db.DBStoreBuilder (DBStoreBuilder.java:createDBStoreBuilder(277)) - ozone.scm.db.dirs is not configured. We recommend adding this setting. Falling back to ozone.metadata.dirs instead.
2020-07-07 04:54:42,532 [Listener at 127.0.0.1/33919] INFO  net.NodeSchemaLoader (NodeSchemaLoader.java:loadSchemaFromFile(126)) - Loading file from sun.misc.CompoundEnumeration@2f11f73e
2020-07-07 04:54:42,533 [Listener at 127.0.0.1/33919] INFO  net.NodeSchemaLoader (NodeSchemaLoader.java:loadSchema(172)) - Loading network topology layer schema file
2020-07-07 04:54:42,536 [Listener at 127.0.0.1/33919] INFO  node.SCMNodeManager (SCMNodeManager.java:<init>(116)) - Entering startup safe mode.
2020-07-07 04:54:42,536 [Listener at 127.0.0.1/33919] INFO  algorithms.ContainerPlacementPolicyFactory (ContainerPlacementPolicyFactory.java:getPolicy(60)) - Create container placement policy of type org.apache.hadoop.hdds.scm.container.placement.algorithms.SCMContainerPlacementRandom
2020-07-07 04:54:42,536 [Listener at 127.0.0.1/33919] INFO  pipeline.SCMPipelineManager (SCMPipelineManager.java:initializePipelineState(158)) - No pipeline exists in current db
2020-07-07 04:54:42,538 [Listener at 127.0.0.1/33919] INFO  safemode.HealthyPipelineSafeModeRule (HealthyPipelineSafeModeRule.java:<init>(89)) - Total pipeline count is 0, healthy pipeline threshold count is 0
2020-07-07 04:54:42,538 [Listener at 127.0.0.1/33919] INFO  safemode.OneReplicaPipelineSafeModeRule (OneReplicaPipelineSafeModeRule.java:<init>(79)) - Total pipeline count is 0, pipeline's with at least one datanode reported threshold count is 0
2020-07-07 04:54:42,546 [Listener at 127.0.0.1/33919] INFO  ipc.CallQueueManager (CallQueueManager.java:<init>(84)) - Using callQueue: class java.util.concurrent.LinkedBlockingQueue, queueCapacity: 2000, scheduler: class org.apache.hadoop.ipc.DefaultRpcScheduler, ipcBackoff: false.
2020-07-07 04:54:42,547 [RatisPipelineUtilsThread] ERROR pipeline.SCMPipelineManager (SCMPipelineManager.java:createPipeline(222)) - Failed to create pipeline of type RATIS and factor ONE. Exception: Cannot create pipeline of factor 1 using 0 nodes. Used 0 nodes. Healthy nodes 0
2020-07-07 04:54:42,547 [Socket Reader #1 for port 0] INFO  ipc.Server (Server.java:run(1219)) - Starting Socket Reader #1 for port 0
2020-07-07 04:54:42,548 [Listener at 0.0.0.0/41729] INFO  ipc.CallQueueManager (CallQueueManager.java:<init>(84)) - Using callQueue: class java.util.concurrent.LinkedBlockingQueue, queueCapacity: 2000, scheduler: class org.apache.hadoop.ipc.DefaultRpcScheduler, ipcBackoff: false.
2020-07-07 04:54:42,548 [Socket Reader #1 for port 0] INFO  ipc.Server (Server.java:run(1219)) - Starting Socket Reader #1 for port 0
2020-07-07 04:54:42,549 [Listener at 0.0.0.0/33299] INFO  ipc.CallQueueManager (CallQueueManager.java:<init>(84)) - Using callQueue: class java.util.concurrent.LinkedBlockingQueue, queueCapacity: 2000, scheduler: class org.apache.hadoop.ipc.DefaultRpcScheduler, ipcBackoff: false.
2020-07-07 04:54:42,550 [Socket Reader #1 for port 0] INFO  ipc.Server (Server.java:run(1219)) - Starting Socket Reader #1 for port 0
2020-07-07 04:54:42,564 [Listener at 0.0.0.0/40189] INFO  http.BaseHttpServer (BaseHttpServer.java:newHttpServer2BuilderForOzone(207)) - Starting Web-server for scm at: http://0.0.0.0:0
2020-07-07 04:54:42,564 [Listener at 0.0.0.0/40189] INFO  http.BaseHttpServer (BaseHttpServer.java:<init>(106)) - Hadoop Security Enabled: false Ozone Security Enabled: false Ozone HTTP Security Enabled: false 
2020-07-07 04:54:42,565 [Listener at 0.0.0.0/40189] INFO  server.AuthenticationFilter (AuthenticationFilter.java:constructSecretProvider(240)) - Unable to initialize FileSignerSecretProvider, falling back to use random secrets.
2020-07-07 04:54:42,566 [Listener at 0.0.0.0/40189] WARN  http.HttpRequestLog (HttpRequestLog.java:getRequestLog(103)) - Jetty request log can only be enabled using Log4j
2020-07-07 04:54:42,566 [Listener at 0.0.0.0/40189] INFO  http.HttpServer2 (HttpServer2.java:addGlobalFilter(998)) - Added global filter 'safety' (class=org.apache.hadoop.hdds.server.http.HttpServer2$QuotingInputFilter)
2020-07-07 04:54:42,567 [Listener at 0.0.0.0/40189] INFO  http.HttpServer2 (HttpServer2.java:addFilter(974)) - Added filter static_user_filter (class=org.apache.hadoop.http.lib.StaticUserWebFilter$StaticUserFilter) to context scm
2020-07-07 04:54:42,567 [Listener at 0.0.0.0/40189] INFO  http.HttpServer2 (HttpServer2.java:addFilter(982)) - Added filter static_user_filter (class=org.apache.hadoop.http.lib.StaticUserWebFilter$StaticUserFilter) to context logs
2020-07-07 04:54:42,567 [Listener at 0.0.0.0/40189] INFO  http.HttpServer2 (HttpServer2.java:addFilter(982)) - Added filter static_user_filter (class=org.apache.hadoop.http.lib.StaticUserWebFilter$StaticUserFilter) to context static
2020-07-07 04:54:42,570 [Listener at 0.0.0.0/40189] INFO  server.StorageContainerManager (StorageContainerManager.java:start(782)) - StorageContainerLocationProtocol RPC server is listening at /0.0.0.0:40189
2020-07-07 04:54:42,571 [Listener at 0.0.0.0/40189] WARN  impl.MetricsConfig (MetricsConfig.java:loadFirst(134)) - Cannot locate configuration: tried hadoop-metrics2-storagecontainermanager.properties,hadoop-metrics2.properties
2020-07-07 04:54:42,572 [Listener at 0.0.0.0/40189] INFO  impl.MetricsSystemImpl (MetricsSystemImpl.java:startTimer(374)) - Scheduled Metric snapshot period at 10 second(s).
2020-07-07 04:54:42,572 [Listener at 0.0.0.0/40189] INFO  impl.MetricsSystemImpl (MetricsSystemImpl.java:start(191)) - StorageContainerManager metrics system started
2020-07-07 04:54:42,633 [Listener at 0.0.0.0/40189] WARN  impl.MetricsSystemImpl (MetricsSystemImpl.java:register(276)) - Sink prometheus already exists!
2020-07-07 04:54:42,638 [Listener at 0.0.0.0/40189] INFO  server.SCMClientProtocolServer (SCMClientProtocolServer.java:start(156)) - RPC server for Client  is listening at /0.0.0.0:40189
2020-07-07 04:54:42,639 [IPC Server Responder] INFO  ipc.Server (Server.java:run(1460)) - IPC Server Responder: starting
2020-07-07 04:54:42,639 [IPC Server listener on 0] INFO  ipc.Server (Server.java:run(1298)) - IPC Server listener on 0: starting
2020-07-07 04:54:42,644 [Listener at 0.0.0.0/40189] INFO  server.StorageContainerManager (StorageContainerManager.java:start(794)) - ScmBlockLocationProtocol RPC server is listening at /0.0.0.0:33299
2020-07-07 04:54:42,651 [Listener at 0.0.0.0/40189] INFO  server.SCMBlockProtocolServer (SCMBlockProtocolServer.java:start(149)) - RPC server for Block Protocol is listening at /0.0.0.0:33299
2020-07-07 04:54:42,651 [IPC Server Responder] INFO  ipc.Server (Server.java:run(1460)) - IPC Server Responder: starting
2020-07-07 04:54:42,652 [IPC Server listener on 0] INFO  ipc.Server (Server.java:run(1298)) - IPC Server listener on 0: starting
2020-07-07 04:54:42,662 [Listener at 0.0.0.0/40189] INFO  server.StorageContainerManager (StorageContainerManager.java:start(800)) - ScmDatanodeProtocl RPC server is listening at /0.0.0.0:41729
2020-07-07 04:54:42,662 [Listener at 0.0.0.0/40189] INFO  server.SCMDatanodeProtocolServer (SCMDatanodeProtocolServer.java:start(172)) - RPC server for DataNodes is listening at /0.0.0.0:41729
2020-07-07 04:54:42,663 [IPC Server Responder] INFO  ipc.Server (Server.java:run(1460)) - IPC Server Responder: starting
2020-07-07 04:54:42,663 [IPC Server listener on 0] INFO  ipc.Server (Server.java:run(1298)) - IPC Server listener on 0: starting
2020-07-07 04:54:42,676 [Listener at 0.0.0.0/40189] INFO  http.HttpServer2 (HttpServer2.java:bindListener(1216)) - Jetty bound to port 33435
2020-07-07 04:54:42,676 [Listener at 0.0.0.0/40189] INFO  server.Server (Server.java:doStart(359)) - jetty-9.4.26.v20200117; built: 2020-01-17T12:35:33.676Z; git: 7b38981d25d14afb4a12ff1f2596756144edf695; jvm 1.8.0_232-b09
2020-07-07 04:54:42,678 [Listener at 0.0.0.0/40189] INFO  server.session (DefaultSessionIdManager.java:doStart(333)) - DefaultSessionIdManager workerName=node0
2020-07-07 04:54:42,678 [Listener at 0.0.0.0/40189] INFO  server.session (DefaultSessionIdManager.java:doStart(338)) - No SessionScavenger set, using defaults
2020-07-07 04:54:42,679 [Listener at 0.0.0.0/40189] INFO  server.session (HouseKeeper.java:startScavenging(140)) - node0 Scavenging every 600000ms
2020-07-07 04:54:42,679 [Listener at 0.0.0.0/40189] INFO  handler.ContextHandler (ContextHandler.java:doStart(825)) - Started o.e.j.s.ServletContextHandler@65028252{logs,/logs,file:///github/workspace/mnt/ozone/hadoop-ozone/integration-test/target/log,AVAILABLE}
2020-07-07 04:54:42,679 [Listener at 0.0.0.0/40189] INFO  handler.ContextHandler (ContextHandler.java:doStart(825)) - Started o.e.j.s.ServletContextHandler@6013565b{static,/static,file:///github/workspace/mnt/ozone/hadoop-ozone/integration-test/target/test-classes/webapps/static,AVAILABLE}
2020-07-07 04:54:42,682 [Listener at 0.0.0.0/40189] INFO  handler.ContextHandler (ContextHandler.java:doStart(825)) - Started o.e.j.w.WebAppContext@7b5d3ac5{scm,/,file:///github/workspace/mnt/ozone/hadoop-ozone/integration-test/target/test-classes/webapps/scm/,AVAILABLE}{file:/github/workspace/mnt/ozone/hadoop-ozone/integration-test/target/test-classes/webapps/scm}
2020-07-07 04:54:42,684 [Listener at 0.0.0.0/40189] INFO  server.AbstractConnector (AbstractConnector.java:doStart(330)) - Started ServerConnector@42593f64{HTTP/1.1,[http/1.1]}{0.0.0.0:33435}
2020-07-07 04:54:42,684 [Listener at 0.0.0.0/40189] INFO  server.Server (Server.java:doStart(399)) - Started @149859ms
2020-07-07 04:54:42,684 [Listener at 0.0.0.0/40189] WARN  impl.MetricsSystemImpl (MetricsSystemImpl.java:register(276)) - Sink prometheus already exists!
2020-07-07 04:54:42,690 [Listener at 0.0.0.0/40189] INFO  http.BaseHttpServer (BaseHttpServer.java:updateConnectorAddress(327)) - HTTP server of scm listening at http://0.0.0.0:33435
2020-07-07 04:54:42,691 [Listener at 0.0.0.0/40189] WARN  server.ServerUtils (ServerUtils.java:getDBPath(225)) - ozone.om.db.dirs is not configured. We recommend adding this setting. Falling back to ozone.metadata.dirs instead.
2020-07-07 04:54:42,691 [org.apache.hadoop.util.JvmPauseMonitor$Monitor@643e0a19] INFO  util.JvmPauseMonitor (JvmPauseMonitor.java:run(188)) - Starting JVM pause monitor
2020-07-07 04:54:42,692 [Listener at 0.0.0.0/40189] INFO  ha.OMHANodeDetails (OMHANodeDetails.java:loadOMHAConfig(104)) - ozone.om.internal.service.id is not defined, falling back to ozone.om.service.ids to find serviceID for OzoneManager if it is HA enabled cluster
2020-07-07 04:54:42,693 [Listener at 0.0.0.0/40189] INFO  ha.OMHANodeDetails (OMHANodeDetails.java:loadOMHAConfig(213)) - Configuration either no ozone.om.address set. Falling back to the default OM address /127.0.0.1:0
2020-07-07 04:54:42,693 [Listener at 0.0.0.0/40189] INFO  ha.OMHANodeDetails (OMHANodeDetails.java:getOMNodeDetails(241)) - OM Service ID is not set. Setting it to the default ID: omServiceIdDefault
2020-07-07 04:54:42,693 [Listener at 0.0.0.0/40189] WARN  server.ServerUtils (ServerUtils.java:getDBPath(225)) - ozone.om.db.dirs is not configured. We recommend adding this setting. Falling back to ozone.metadata.dirs instead.
2020-07-07 04:54:42,693 [Listener at 0.0.0.0/40189] WARN  server.ServerUtils (ServerUtils.java:getDBPath(225)) - ozone.om.db.dirs is not configured. We recommend adding this setting. Falling back to ozone.metadata.dirs instead.
2020-07-07 04:54:42,697 [Listener at 0.0.0.0/40189] WARN  server.ServerUtils (ServerUtils.java:getDBPath(225)) - ozone.om.db.dirs is not configured. We recommend adding this setting. Falling back to ozone.metadata.dirs instead.
2020-07-07 04:54:42,750 [Listener at 0.0.0.0/40189] INFO  ipc.CallQueueManager (CallQueueManager.java:<init>(84)) - Using callQueue: class java.util.concurrent.LinkedBlockingQueue, queueCapacity: 2000, scheduler: class org.apache.hadoop.ipc.DefaultRpcScheduler, ipcBackoff: false.
2020-07-07 04:54:42,750 [Socket Reader #1 for port 0] INFO  ipc.Server (Server.java:run(1219)) - Starting Socket Reader #1 for port 0
2020-07-07 04:54:42,767 [Listener at 127.0.0.1/42245] INFO  impl.MetricsSystemImpl (MetricsSystemImpl.java:init(158)) - OzoneManager metrics system started (again)
2020-07-07 04:54:42,768 [Listener at 127.0.0.1/42245] INFO  om.OzoneManager (OzoneManager.java:start(1083)) - OzoneManager RPC server is listening at localhost/127.0.0.1:42245
2020-07-07 04:54:42,769 [IPC Server Responder] INFO  ipc.Server (Server.java:run(1460)) - IPC Server Responder: starting
2020-07-07 04:54:42,774 [IPC Server listener on 0] INFO  ipc.Server (Server.java:run(1298)) - IPC Server listener on 0: starting
2020-07-07 04:54:42,790 [Listener at 127.0.0.1/42245] INFO  http.BaseHttpServer (BaseHttpServer.java:newHttpServer2BuilderForOzone(207)) - Starting Web-server for ozoneManager at: http://0.0.0.0:0
2020-07-07 04:54:42,791 [Listener at 127.0.0.1/42245] INFO  http.BaseHttpServer (BaseHttpServer.java:<init>(106)) - Hadoop Security Enabled: false Ozone Security Enabled: false Ozone HTTP Security Enabled: false 
2020-07-07 04:54:42,791 [Listener at 127.0.0.1/42245] INFO  server.AuthenticationFilter (AuthenticationFilter.java:constructSecretProvider(240)) - Unable to initialize FileSignerSecretProvider, falling back to use random secrets.
2020-07-07 04:54:42,792 [Listener at 127.0.0.1/42245] WARN  http.HttpRequestLog (HttpRequestLog.java:getRequestLog(103)) - Jetty request log can only be enabled using Log4j
2020-07-07 04:54:42,793 [Listener at 127.0.0.1/42245] INFO  http.HttpServer2 (HttpServer2.java:addGlobalFilter(998)) - Added global filter 'safety' (class=org.apache.hadoop.hdds.server.http.HttpServer2$QuotingInputFilter)
2020-07-07 04:54:42,793 [Listener at 127.0.0.1/42245] INFO  http.HttpServer2 (HttpServer2.java:addFilter(974)) - Added filter static_user_filter (class=org.apache.hadoop.http.lib.StaticUserWebFilter$StaticUserFilter) to context ozoneManager
2020-07-07 04:54:42,794 [Listener at 127.0.0.1/42245] INFO  http.HttpServer2 (HttpServer2.java:addFilter(982)) - Added filter static_user_filter (class=org.apache.hadoop.http.lib.StaticUserWebFilter$StaticUserFilter) to context static
2020-07-07 04:54:42,794 [Listener at 127.0.0.1/42245] INFO  http.HttpServer2 (HttpServer2.java:addFilter(982)) - Added filter static_user_filter (class=org.apache.hadoop.http.lib.StaticUserWebFilter$StaticUserFilter) to context logs
2020-07-07 04:54:42,794 [Listener at 127.0.0.1/42245] INFO  http.HttpServer2 (HttpServer2.java:bindListener(1216)) - Jetty bound to port 41131
2020-07-07 04:54:42,794 [Listener at 127.0.0.1/42245] INFO  server.Server (Server.java:doStart(359)) - jetty-9.4.26.v20200117; built: 2020-01-17T12:35:33.676Z; git: 7b38981d25d14afb4a12ff1f2596756144edf695; jvm 1.8.0_232-b09
2020-07-07 04:54:42,796 [Listener at 127.0.0.1/42245] INFO  server.session (DefaultSessionIdManager.java:doStart(333)) - DefaultSessionIdManager workerName=node0
2020-07-07 04:54:42,796 [Listener at 127.0.0.1/42245] INFO  server.session (DefaultSessionIdManager.java:doStart(338)) - No SessionScavenger set, using defaults
2020-07-07 04:54:42,796 [Listener at 127.0.0.1/42245] INFO  server.session (HouseKeeper.java:startScavenging(140)) - node0 Scavenging every 660000ms
2020-07-07 04:54:42,797 [Listener at 127.0.0.1/42245] INFO  handler.ContextHandler (ContextHandler.java:doStart(825)) - Started o.e.j.s.ServletContextHandler@471933e5{logs,/logs,file:///github/workspace/mnt/ozone/hadoop-ozone/integration-test/target/log,AVAILABLE}
2020-07-07 04:54:42,797 [Listener at 127.0.0.1/42245] INFO  handler.ContextHandler (ContextHandler.java:doStart(825)) - Started o.e.j.s.ServletContextHandler@47cd31ea{static,/static,file:///github/workspace/mnt/ozone/hadoop-ozone/integration-test/target/test-classes/webapps/static,AVAILABLE}
2020-07-07 04:54:42,800 [Listener at 127.0.0.1/42245] INFO  handler.ContextHandler (ContextHandler.java:doStart(825)) - Started o.e.j.w.WebAppContext@3b8f7c0b{ozoneManager,/,file:///github/workspace/mnt/ozone/hadoop-ozone/integration-test/target/test-classes/webapps/ozoneManager/,AVAILABLE}{file:/github/workspace/mnt/ozone/hadoop-ozone/integration-test/target/test-classes/webapps/ozoneManager}
2020-07-07 04:54:42,804 [Listener at 127.0.0.1/42245] INFO  server.AbstractConnector (AbstractConnector.java:doStart(330)) - Started ServerConnector@2dddf634{HTTP/1.1,[http/1.1]}{0.0.0.0:41131}
2020-07-07 04:54:42,804 [Listener at 127.0.0.1/42245] INFO  server.Server (Server.java:doStart(399)) - Started @149979ms
2020-07-07 04:54:42,804 [Listener at 127.0.0.1/42245] WARN  impl.MetricsSystemImpl (MetricsSystemImpl.java:register(276)) - Sink prometheus already exists!
2020-07-07 04:54:42,809 [Listener at 127.0.0.1/42245] INFO  http.BaseHttpServer (BaseHttpServer.java:updateConnectorAddress(327)) - HTTP server of ozoneManager listening at http://0.0.0.0:41131
2020-07-07 04:54:42,810 [org.apache.hadoop.util.JvmPauseMonitor$Monitor@1c1ab84e] INFO  util.JvmPauseMonitor (JvmPauseMonitor.java:run(188)) - Starting JVM pause monitor
2020-07-07 04:54:42,822 [Listener at 127.0.0.1/42245] INFO  impl.MetricsSystemImpl (MetricsSystemImpl.java:init(158)) - HddsDatanode metrics system started (again)
2020-07-07 04:54:42,824 [Listener at 127.0.0.1/42245] INFO  ozone.HddsDatanodeService (HddsDatanodeService.java:start(197)) - HddsDatanodeService host:d53d11c09361 ip:172.17.0.2
2020-07-07 04:54:42,824 [Listener at 127.0.0.1/42245] INFO  volume.HddsVolume (HddsVolume.java:<init>(176)) - Creating Volume: /github/workspace/mnt/ozone/hadoop-ozone/integration-test/target/test-dir/MiniOzoneClusterImpl-ddfb2fb6-1dd1-47df-b9d1-90c4649f621f/datanode-0/data-0/containers/hdds of storage type : DISK and capacity : 9223372036854775807
2020-07-07 04:54:42,825 [Listener at 127.0.0.1/42245] INFO  volume.MutableVolumeSet (MutableVolumeSet.java:initializeVolumeSet(181)) - Added Volume : /github/workspace/mnt/ozone/hadoop-ozone/integration-test/target/test-dir/MiniOzoneClusterImpl-ddfb2fb6-1dd1-47df-b9d1-90c4649f621f/datanode-0/data-0/containers/hdds to VolumeSet
2020-07-07 04:54:42,825 [Listener at 127.0.0.1/42245] INFO  volume.ThrottledAsyncChecker (ThrottledAsyncChecker.java:schedule(141)) - Scheduling a check for /github/workspace/mnt/ozone/hadoop-ozone/integration-test/target/test-dir/MiniOzoneClusterImpl-ddfb2fb6-1dd1-47df-b9d1-90c4649f621f/datanode-0/data-0/containers/hdds
2020-07-07 04:54:42,826 [Listener at 127.0.0.1/42245] INFO  volume.HddsVolumeChecker (HddsVolumeChecker.java:checkAllVolumes(200)) - Scheduled health check for volume /github/workspace/mnt/ozone/hadoop-ozone/integration-test/target/test-dir/MiniOzoneClusterImpl-ddfb2fb6-1dd1-47df-b9d1-90c4649f621f/datanode-0/data-0/containers/hdds
2020-07-07 04:54:42,840 [Listener at 127.0.0.1/42245] INFO  impl.RaftServerProxy (ConfUtils.java:logGet(44)) - raft.rpc.type = GRPC (default)
2020-07-07 04:54:42,840 [Listener at 127.0.0.1/42245] INFO  grpc.GrpcFactory (GrpcFactory.java:checkPooledByteBufAllocatorUseCacheForAllThreads(45)) - PERFORMANCE WARNING: useCacheForAllThreads is true that may cause Netty to create a lot garbage objects and, as a result, trigger GC.
	It is recommended to disable useCacheForAllThreads by setting -Dorg.apache.ratis.thirdparty.io.netty.allocator.useCacheForAllThreads=false in command line.
2020-07-07 04:54:42,840 [Listener at 127.0.0.1/42245] INFO  grpc.GrpcConfigKeys (ConfUtils.java:logGet(44)) - raft.grpc.server.port = 0 (default)
2020-07-07 04:54:42,840 [Listener at 127.0.0.1/42245] INFO  server.GrpcService (ConfUtils.java:logGet(44)) - raft.grpc.message.size.max = 32MB (=33554432) (custom)
2020-07-07 04:54:42,840 [Listener at 127.0.0.1/42245] INFO  server.RaftServerConfigKeys (ConfUtils.java:logGet(44)) - raft.server.log.appender.buffer.byte-limit = 33554432 (custom)
2020-07-07 04:54:42,841 [Listener at 127.0.0.1/42245] INFO  server.GrpcService (ConfUtils.java:logGet(44)) - raft.grpc.flow.control.window = 5MB (=5242880) (custom)
2020-07-07 04:54:42,841 [Listener at 127.0.0.1/42245] INFO  server.RaftServerConfigKeys (ConfUtils.java:logGet(44)) - raft.server.rpc.request.timeout = 3000ms (default)
2020-07-07 04:54:42,842 [Listener at 127.0.0.1/42245] INFO  server.RaftServerConfigKeys (ConfUtils.java:logGet(44)) - raft.server.storage.dir = [/github/workspace/mnt/ozone/hadoop-ozone/integration-test/target/test-dir/MiniOzoneClusterImpl-ddfb2fb6-1dd1-47df-b9d1-90c4649f621f/datanode-0/data/ratis] (custom)
2020-07-07 04:54:42,849 [Listener at 127.0.0.1/42245] INFO  http.BaseHttpServer (BaseHttpServer.java:newHttpServer2BuilderForOzone(207)) - Starting Web-server for hddsDatanode at: http://0.0.0.0:0
2020-07-07 04:54:42,849 [Listener at 127.0.0.1/42245] INFO  http.BaseHttpServer (BaseHttpServer.java:<init>(106)) - Hadoop Security Enabled: false Ozone Security Enabled: false Ozone HTTP Security Enabled: false 
2020-07-07 04:54:42,850 [Listener at 127.0.0.1/42245] INFO  server.AuthenticationFilter (AuthenticationFilter.java:constructSecretProvider(240)) - Unable to initialize FileSignerSecretProvider, falling back to use random secrets.
2020-07-07 04:54:42,850 [Listener at 127.0.0.1/42245] WARN  http.HttpRequestLog (HttpRequestLog.java:getRequestLog(103)) - Jetty request log can only be enabled using Log4j
2020-07-07 04:54:42,851 [Listener at 127.0.0.1/42245] INFO  http.HttpServer2 (HttpServer2.java:addGlobalFilter(998)) - Added global filter 'safety' (class=org.apache.hadoop.hdds.server.http.HttpServer2$QuotingInputFilter)
2020-07-07 04:54:42,852 [Listener at 127.0.0.1/42245] INFO  http.HttpServer2 (HttpServer2.java:addFilter(974)) - Added filter static_user_filter (class=org.apache.hadoop.http.lib.StaticUserWebFilter$StaticUserFilter) to context hddsDatanode
2020-07-07 04:54:42,852 [Listener at 127.0.0.1/42245] INFO  http.HttpServer2 (HttpServer2.java:addFilter(982)) - Added filter static_user_filter (class=org.apache.hadoop.http.lib.StaticUserWebFilter$StaticUserFilter) to context static
2020-07-07 04:54:42,852 [Listener at 127.0.0.1/42245] INFO  http.HttpServer2 (HttpServer2.java:addFilter(982)) - Added filter static_user_filter (class=org.apache.hadoop.http.lib.StaticUserWebFilter$StaticUserFilter) to context logs
2020-07-07 04:54:42,852 [Listener at 127.0.0.1/42245] INFO  http.HttpServer2 (HttpServer2.java:bindListener(1216)) - Jetty bound to port 40847
2020-07-07 04:54:42,852 [Listener at 127.0.0.1/42245] INFO  server.Server (Server.java:doStart(359)) - jetty-9.4.26.v20200117; built: 2020-01-17T12:35:33.676Z; git: 7b38981d25d14afb4a12ff1f2596756144edf695; jvm 1.8.0_232-b09
2020-07-07 04:54:42,856 [Listener at 127.0.0.1/42245] INFO  server.session (DefaultSessionIdManager.java:doStart(333)) - DefaultSessionIdManager workerName=node0
2020-07-07 04:54:42,856 [Listener at 127.0.0.1/42245] INFO  server.session (DefaultSessionIdManager.java:doStart(338)) - No SessionScavenger set, using defaults
2020-07-07 04:54:42,856 [Listener at 127.0.0.1/42245] INFO  server.session (HouseKeeper.java:startScavenging(140)) - node0 Scavenging every 660000ms
2020-07-07 04:54:42,857 [Listener at 127.0.0.1/42245] INFO  handler.ContextHandler (ContextHandler.java:doStart(825)) - Started o.e.j.s.ServletContextHandler@5d642e46{logs,/logs,file:///github/workspace/mnt/ozone/hadoop-ozone/integration-test/target/log,AVAILABLE}
2020-07-07 04:54:42,857 [Listener at 127.0.0.1/42245] INFO  handler.ContextHandler (ContextHandler.java:doStart(825)) - Started o.e.j.s.ServletContextHandler@2da8cbb9{static,/static,jar:file:/home/user/.m2/repository/org/apache/hadoop/hadoop-hdds-container-service/0.6.0-SNAPSHOT/hadoop-hdds-container-service-0.6.0-SNAPSHOT.jar!/webapps/static,AVAILABLE}
2020-07-07 04:54:42,873 [Listener at 127.0.0.1/42245] INFO  handler.ContextHandler (ContextHandler.java:doStart(825)) - Started o.e.j.w.WebAppContext@51f7265b{hddsDatanode,/,file:///tmp/jetty-0_0_0_0-40847-hadoop-hdds-container-service-0_6_0-SNAPSHOT_jar-_-any-3158283530714169966.dir/webapp/,AVAILABLE}{jar:file:/home/user/.m2/repository/org/apache/hadoop/hadoop-hdds-container-service/0.6.0-SNAPSHOT/hadoop-hdds-container-service-0.6.0-SNAPSHOT.jar!/webapps/hddsDatanode}
2020-07-07 04:54:42,874 [Listener at 127.0.0.1/42245] INFO  server.AbstractConnector (AbstractConnector.java:doStart(330)) - Started ServerConnector@1b6bb1bd{HTTP/1.1,[http/1.1]}{0.0.0.0:40847}
2020-07-07 04:54:42,874 [Listener at 127.0.0.1/42245] INFO  server.Server (Server.java:doStart(399)) - Started @150049ms
2020-07-07 04:54:42,874 [Listener at 127.0.0.1/42245] WARN  impl.MetricsSystemImpl (MetricsSystemImpl.java:register(276)) - Sink prometheus already exists!
2020-07-07 04:54:42,879 [Listener at 127.0.0.1/42245] INFO  http.BaseHttpServer (BaseHttpServer.java:updateConnectorAddress(327)) - HTTP server of hddsDatanode listening at http://0.0.0.0:40847
2020-07-07 04:54:42,879 [Listener at 127.0.0.1/42245] INFO  impl.MetricsSystemImpl (MetricsSystemImpl.java:init(158)) - HddsDatanode metrics system started (again)
2020-07-07 04:54:42,881 [Listener at 127.0.0.1/42245] INFO  ozone.HddsDatanodeService (HddsDatanodeService.java:start(197)) - HddsDatanodeService host:d53d11c09361 ip:172.17.0.2
2020-07-07 04:54:42,882 [org.apache.hadoop.util.JvmPauseMonitor$Monitor@725344f2] INFO  util.JvmPauseMonitor (JvmPauseMonitor.java:run(188)) - Starting JVM pause monitor
2020-07-07 04:54:42,882 [Listener at 127.0.0.1/42245] INFO  volume.HddsVolume (HddsVolume.java:<init>(176)) - Creating Volume: /github/workspace/mnt/ozone/hadoop-ozone/integration-test/target/test-dir/MiniOzoneClusterImpl-ddfb2fb6-1dd1-47df-b9d1-90c4649f621f/datanode-1/data-0/containers/hdds of storage type : DISK and capacity : 9223372036854775807
2020-07-07 04:54:42,882 [Listener at 127.0.0.1/42245] INFO  volume.MutableVolumeSet (MutableVolumeSet.java:initializeVolumeSet(181)) - Added Volume : /github/workspace/mnt/ozone/hadoop-ozone/integration-test/target/test-dir/MiniOzoneClusterImpl-ddfb2fb6-1dd1-47df-b9d1-90c4649f621f/datanode-1/data-0/containers/hdds to VolumeSet
2020-07-07 04:54:42,883 [Datanode State Machine Thread - 0] INFO  datanode.InitDatanodeState (InitDatanodeState.java:persistContainerDatanodeDetails(145)) - DatanodeDetails is persisted to /github/workspace/mnt/ozone/hadoop-ozone/integration-test/target/test-dir/MiniOzoneClusterImpl-ddfb2fb6-1dd1-47df-b9d1-90c4649f621f/datanode-0/meta/datanode.id
2020-07-07 04:54:42,883 [Listener at 127.0.0.1/42245] INFO  volume.ThrottledAsyncChecker (ThrottledAsyncChecker.java:schedule(141)) - Scheduling a check for /github/workspace/mnt/ozone/hadoop-ozone/integration-test/target/test-dir/MiniOzoneClusterImpl-ddfb2fb6-1dd1-47df-b9d1-90c4649f621f/datanode-1/data-0/containers/hdds
2020-07-07 04:54:42,883 [Listener at 127.0.0.1/42245] INFO  volume.HddsVolumeChecker (HddsVolumeChecker.java:checkAllVolumes(200)) - Scheduled health check for volume /github/workspace/mnt/ozone/hadoop-ozone/integration-test/target/test-dir/MiniOzoneClusterImpl-ddfb2fb6-1dd1-47df-b9d1-90c4649f621f/datanode-1/data-0/containers/hdds
2020-07-07 04:54:42,897 [Listener at 127.0.0.1/42245] INFO  impl.RaftServerProxy (ConfUtils.java:logGet(44)) - raft.rpc.type = GRPC (default)
2020-07-07 04:54:42,897 [Listener at 127.0.0.1/42245] INFO  grpc.GrpcFactory (GrpcFactory.java:checkPooledByteBufAllocatorUseCacheForAllThreads(45)) - PERFORMANCE WARNING: useCacheForAllThreads is true that may cause Netty to create a lot garbage objects and, as a result, trigger GC.
	It is recommended to disable useCacheForAllThreads by setting -Dorg.apache.ratis.thirdparty.io.netty.allocator.useCacheForAllThreads=false in command line.
2020-07-07 04:54:42,897 [Listener at 127.0.0.1/42245] INFO  grpc.GrpcConfigKeys (ConfUtils.java:logGet(44)) - raft.grpc.server.port = 0 (default)
2020-07-07 04:54:42,897 [Listener at 127.0.0.1/42245] INFO  server.GrpcService (ConfUtils.java:logGet(44)) - raft.grpc.message.size.max = 32MB (=33554432) (custom)
2020-07-07 04:54:42,897 [Listener at 127.0.0.1/42245] INFO  server.RaftServerConfigKeys (ConfUtils.java:logGet(44)) - raft.server.log.appender.buffer.byte-limit = 33554432 (custom)
2020-07-07 04:54:42,897 [Listener at 127.0.0.1/42245] INFO  server.GrpcService (ConfUtils.java:logGet(44)) - raft.grpc.flow.control.window = 5MB (=5242880) (custom)
2020-07-07 04:54:42,898 [Listener at 127.0.0.1/42245] INFO  server.RaftServerConfigKeys (ConfUtils.java:logGet(44)) - raft.server.rpc.request.timeout = 3000ms (default)
2020-07-07 04:54:42,898 [Listener at 127.0.0.1/42245] INFO  server.RaftServerConfigKeys (ConfUtils.java:logGet(44)) - raft.server.storage.dir = [/github/workspace/mnt/ozone/hadoop-ozone/integration-test/target/test-dir/MiniOzoneClusterImpl-ddfb2fb6-1dd1-47df-b9d1-90c4649f621f/datanode-1/data/ratis] (custom)
2020-07-07 04:54:42,904 [Listener at 127.0.0.1/42245] INFO  http.BaseHttpServer (BaseHttpServer.java:newHttpServer2BuilderForOzone(207)) - Starting Web-server for hddsDatanode at: http://0.0.0.0:0
2020-07-07 04:54:42,904 [Listener at 127.0.0.1/42245] INFO  http.BaseHttpServer (BaseHttpServer.java:<init>(106)) - Hadoop Security Enabled: false Ozone Security Enabled: false Ozone HTTP Security Enabled: false 
2020-07-07 04:54:42,905 [Listener at 127.0.0.1/42245] INFO  server.AuthenticationFilter (AuthenticationFilter.java:constructSecretProvider(240)) - Unable to initialize FileSignerSecretProvider, falling back to use random secrets.
2020-07-07 04:54:42,906 [Listener at 127.0.0.1/42245] WARN  http.HttpRequestLog (HttpRequestLog.java:getRequestLog(103)) - Jetty request log can only be enabled using Log4j
2020-07-07 04:54:42,906 [Listener at 127.0.0.1/42245] INFO  http.HttpServer2 (HttpServer2.java:addGlobalFilter(998)) - Added global filter 'safety' (class=org.apache.hadoop.hdds.server.http.HttpServer2$QuotingInputFilter)
2020-07-07 04:54:42,907 [Listener at 127.0.0.1/42245] INFO  http.HttpServer2 (HttpServer2.java:addFilter(974)) - Added filter static_user_filter (class=org.apache.hadoop.http.lib.StaticUserWebFilter$StaticUserFilter) to context hddsDatanode
2020-07-07 04:54:42,907 [Listener at 127.0.0.1/42245] INFO  http.HttpServer2 (HttpServer2.java:addFilter(982)) - Added filter static_user_filter (class=org.apache.hadoop.http.lib.StaticUserWebFilter$StaticUserFilter) to context logs
2020-07-07 04:54:42,907 [Listener at 127.0.0.1/42245] INFO  http.HttpServer2 (HttpServer2.java:addFilter(982)) - Added filter static_user_filter (class=org.apache.hadoop.http.lib.StaticUserWebFilter$StaticUserFilter) to context static
2020-07-07 04:54:42,907 [Listener at 127.0.0.1/42245] INFO  http.HttpServer2 (HttpServer2.java:bindListener(1216)) - Jetty bound to port 36031
2020-07-07 04:54:42,907 [Listener at 127.0.0.1/42245] INFO  server.Server (Server.java:doStart(359)) - jetty-9.4.26.v20200117; built: 2020-01-17T12:35:33.676Z; git: 7b38981d25d14afb4a12ff1f2596756144edf695; jvm 1.8.0_232-b09
2020-07-07 04:54:42,909 [Listener at 127.0.0.1/42245] INFO  server.session (DefaultSessionIdManager.java:doStart(333)) - DefaultSessionIdManager workerName=node0
2020-07-07 04:54:42,909 [Listener at 127.0.0.1/42245] INFO  server.session (DefaultSessionIdManager.java:doStart(338)) - No SessionScavenger set, using defaults
2020-07-07 04:54:42,909 [Listener at 127.0.0.1/42245] INFO  server.session (HouseKeeper.java:startScavenging(140)) - node0 Scavenging every 600000ms
2020-07-07 04:54:42,910 [Listener at 127.0.0.1/42245] INFO  handler.ContextHandler (ContextHandler.java:doStart(825)) - Started o.e.j.s.ServletContextHandler@7c007713{logs,/logs,file:///github/workspace/mnt/ozone/hadoop-ozone/integration-test/target/log,AVAILABLE}
2020-07-07 04:54:42,910 [Listener at 127.0.0.1/42245] INFO  handler.ContextHandler (ContextHandler.java:doStart(825)) - Started o.e.j.s.ServletContextHandler@add99a4{static,/static,jar:file:/home/user/.m2/repository/org/apache/hadoop/hadoop-hdds-container-service/0.6.0-SNAPSHOT/hadoop-hdds-container-service-0.6.0-SNAPSHOT.jar!/webapps/static,AVAILABLE}
2020-07-07 04:54:42,927 [Listener at 127.0.0.1/42245] INFO  handler.ContextHandler (ContextHandler.java:doStart(825)) - Started o.e.j.w.WebAppContext@55bcd722{hddsDatanode,/,file:///tmp/jetty-0_0_0_0-36031-hadoop-hdds-container-service-0_6_0-SNAPSHOT_jar-_-any-4369999178743623736.dir/webapp/,AVAILABLE}{jar:file:/home/user/.m2/repository/org/apache/hadoop/hadoop-hdds-container-service/0.6.0-SNAPSHOT/hadoop-hdds-container-service-0.6.0-SNAPSHOT.jar!/webapps/hddsDatanode}
2020-07-07 04:54:42,929 [Listener at 127.0.0.1/42245] INFO  server.AbstractConnector (AbstractConnector.java:doStart(330)) - Started ServerConnector@3a3e0f7a{HTTP/1.1,[http/1.1]}{0.0.0.0:36031}
2020-07-07 04:54:42,930 [Listener at 127.0.0.1/42245] INFO  server.Server (Server.java:doStart(399)) - Started @150105ms
2020-07-07 04:54:42,930 [Listener at 127.0.0.1/42245] WARN  impl.MetricsSystemImpl (MetricsSystemImpl.java:register(276)) - Sink prometheus already exists!
2020-07-07 04:54:42,936 [Listener at 127.0.0.1/42245] INFO  http.BaseHttpServer (BaseHttpServer.java:updateConnectorAddress(327)) - HTTP server of hddsDatanode listening at http://0.0.0.0:36031
2020-07-07 04:54:42,936 [Listener at 127.0.0.1/42245] INFO  impl.MetricsSystemImpl (MetricsSystemImpl.java:init(158)) - HddsDatanode metrics system started (again)
2020-07-07 04:54:42,938 [Listener at 127.0.0.1/42245] INFO  ozone.HddsDatanodeService (HddsDatanodeService.java:start(197)) - HddsDatanodeService host:d53d11c09361 ip:172.17.0.2
2020-07-07 04:54:42,939 [Listener at 127.0.0.1/42245] INFO  volume.HddsVolume (HddsVolume.java:<init>(176)) - Creating Volume: /github/workspace/mnt/ozone/hadoop-ozone/integration-test/target/test-dir/MiniOzoneClusterImpl-ddfb2fb6-1dd1-47df-b9d1-90c4649f621f/datanode-2/data-0/containers/hdds of storage type : DISK and capacity : 9223372036854775807
2020-07-07 04:54:42,939 [Listener at 127.0.0.1/42245] INFO  volume.MutableVolumeSet (MutableVolumeSet.java:initializeVolumeSet(181)) - Added Volume : /github/workspace/mnt/ozone/hadoop-ozone/integration-test/target/test-dir/MiniOzoneClusterImpl-ddfb2fb6-1dd1-47df-b9d1-90c4649f621f/datanode-2/data-0/containers/hdds to VolumeSet
2020-07-07 04:54:42,939 [Listener at 127.0.0.1/42245] INFO  volume.ThrottledAsyncChecker (ThrottledAsyncChecker.java:schedule(141)) - Scheduling a check for /github/workspace/mnt/ozone/hadoop-ozone/integration-test/target/test-dir/MiniOzoneClusterImpl-ddfb2fb6-1dd1-47df-b9d1-90c4649f621f/datanode-2/data-0/containers/hdds
2020-07-07 04:54:42,940 [Listener at 127.0.0.1/42245] INFO  volume.HddsVolumeChecker (HddsVolumeChecker.java:checkAllVolumes(200)) - Scheduled health check for volume /github/workspace/mnt/ozone/hadoop-ozone/integration-test/target/test-dir/MiniOzoneClusterImpl-ddfb2fb6-1dd1-47df-b9d1-90c4649f621f/datanode-2/data-0/containers/hdds
2020-07-07 04:54:42,961 [org.apache.hadoop.util.JvmPauseMonitor$Monitor@1c76ed7] INFO  util.JvmPauseMonitor (JvmPauseMonitor.java:run(188)) - Starting JVM pause monitor
2020-07-07 04:54:42,963 [Listener at 127.0.0.1/42245] INFO  impl.RaftServerProxy (ConfUtils.java:logGet(44)) - raft.rpc.type = GRPC (default)
2020-07-07 04:54:42,963 [Listener at 127.0.0.1/42245] INFO  grpc.GrpcFactory (GrpcFactory.java:checkPooledByteBufAllocatorUseCacheForAllThreads(45)) - PERFORMANCE WARNING: useCacheForAllThreads is true that may cause Netty to create a lot garbage objects and, as a result, trigger GC.
	It is recommended to disable useCacheForAllThreads by setting -Dorg.apache.ratis.thirdparty.io.netty.allocator.useCacheForAllThreads=false in command line.
2020-07-07 04:54:42,963 [Listener at 127.0.0.1/42245] INFO  grpc.GrpcConfigKeys (ConfUtils.java:logGet(44)) - raft.grpc.server.port = 0 (default)
2020-07-07 04:54:42,964 [Listener at 127.0.0.1/42245] INFO  server.GrpcService (ConfUtils.java:logGet(44)) - raft.grpc.message.size.max = 32MB (=33554432) (custom)
2020-07-07 04:54:42,964 [Listener at 127.0.0.1/42245] INFO  server.RaftServerConfigKeys (ConfUtils.java:logGet(44)) - raft.server.log.appender.buffer.byte-limit = 33554432 (custom)
2020-07-07 04:54:42,964 [Listener at 127.0.0.1/42245] INFO  server.GrpcService (ConfUtils.java:logGet(44)) - raft.grpc.flow.control.window = 5MB (=5242880) (custom)
2020-07-07 04:54:42,964 [Listener at 127.0.0.1/42245] INFO  server.RaftServerConfigKeys (ConfUtils.java:logGet(44)) - raft.server.rpc.request.timeout = 3000ms (default)
2020-07-07 04:54:42,965 [Listener at 127.0.0.1/42245] INFO  server.RaftServerConfigKeys (ConfUtils.java:logGet(44)) - raft.server.storage.dir = [/github/workspace/mnt/ozone/hadoop-ozone/integration-test/target/test-dir/MiniOzoneClusterImpl-ddfb2fb6-1dd1-47df-b9d1-90c4649f621f/datanode-2/data/ratis] (custom)
2020-07-07 04:54:42,967 [Datanode State Machine Thread - 0] INFO  datanode.InitDatanodeState (InitDatanodeState.java:persistContainerDatanodeDetails(145)) - DatanodeDetails is persisted to /github/workspace/mnt/ozone/hadoop-ozone/integration-test/target/test-dir/MiniOzoneClusterImpl-ddfb2fb6-1dd1-47df-b9d1-90c4649f621f/datanode-1/meta/datanode.id
2020-07-07 04:54:42,972 [Listener at 127.0.0.1/42245] INFO  http.BaseHttpServer (BaseHttpServer.java:newHttpServer2BuilderForOzone(207)) - Starting Web-server for hddsDatanode at: http://0.0.0.0:0
2020-07-07 04:54:42,972 [Listener at 127.0.0.1/42245] INFO  http.BaseHttpServer (BaseHttpServer.java:<init>(106)) - Hadoop Security Enabled: false Ozone Security Enabled: false Ozone HTTP Security Enabled: false 
2020-07-07 04:54:42,973 [Listener at 127.0.0.1/42245] INFO  server.AuthenticationFilter (AuthenticationFilter.java:constructSecretProvider(240)) - Unable to initialize FileSignerSecretProvider, falling back to use random secrets.
2020-07-07 04:54:42,973 [Listener at 127.0.0.1/42245] WARN  http.HttpRequestLog (HttpRequestLog.java:getRequestLog(103)) - Jetty request log can only be enabled using Log4j
2020-07-07 04:54:42,974 [Listener at 127.0.0.1/42245] INFO  http.HttpServer2 (HttpServer2.java:addGlobalFilter(998)) - Added global filter 'safety' (class=org.apache.hadoop.hdds.server.http.HttpServer2$QuotingInputFilter)
2020-07-07 04:54:42,974 [Listener at 127.0.0.1/42245] INFO  http.HttpServer2 (HttpServer2.java:addFilter(974)) - Added filter static_user_filter (class=org.apache.hadoop.http.lib.StaticUserWebFilter$StaticUserFilter) to context hddsDatanode
2020-07-07 04:54:42,974 [Listener at 127.0.0.1/42245] INFO  http.HttpServer2 (HttpServer2.java:addFilter(982)) - Added filter static_user_filter (class=org.apache.hadoop.http.lib.StaticUserWebFilter$StaticUserFilter) to context static
2020-07-07 04:54:42,974 [Listener at 127.0.0.1/42245] INFO  http.HttpServer2 (HttpServer2.java:addFilter(982)) - Added filter static_user_filter (class=org.apache.hadoop.http.lib.StaticUserWebFilter$StaticUserFilter) to context logs
2020-07-07 04:54:42,975 [Listener at 127.0.0.1/42245] INFO  http.HttpServer2 (HttpServer2.java:bindListener(1216)) - Jetty bound to port 45031
2020-07-07 04:54:42,975 [Listener at 127.0.0.1/42245] INFO  server.Server (Server.java:doStart(359)) - jetty-9.4.26.v20200117; built: 2020-01-17T12:35:33.676Z; git: 7b38981d25d14afb4a12ff1f2596756144edf695; jvm 1.8.0_232-b09
2020-07-07 04:54:42,976 [Listener at 127.0.0.1/42245] INFO  server.session (DefaultSessionIdManager.java:doStart(333)) - DefaultSessionIdManager workerName=node0
2020-07-07 04:54:42,977 [Listener at 127.0.0.1/42245] INFO  server.session (DefaultSessionIdManager.java:doStart(338)) - No SessionScavenger set, using defaults
2020-07-07 04:54:42,977 [Listener at 127.0.0.1/42245] INFO  server.session (HouseKeeper.java:startScavenging(140)) - node0 Scavenging every 600000ms
2020-07-07 04:54:42,977 [Listener at 127.0.0.1/42245] INFO  handler.ContextHandler (ContextHandler.java:doStart(825)) - Started o.e.j.s.ServletContextHandler@5679e277{logs,/logs,file:///github/workspace/mnt/ozone/hadoop-ozone/integration-test/target/log,AVAILABLE}
2020-07-07 04:54:42,978 [Listener at 127.0.0.1/42245] INFO  handler.ContextHandler (ContextHandler.java:doStart(825)) - Started o.e.j.s.ServletContextHandler@32a7f41b{static,/static,jar:file:/home/user/.m2/repository/org/apache/hadoop/hadoop-hdds-container-service/0.6.0-SNAPSHOT/hadoop-hdds-container-service-0.6.0-SNAPSHOT.jar!/webapps/static,AVAILABLE}
2020-07-07 04:54:42,992 [Listener at 127.0.0.1/42245] INFO  handler.ContextHandler (ContextHandler.java:doStart(825)) - Started o.e.j.w.WebAppContext@27e4aacc{hddsDatanode,/,file:///tmp/jetty-0_0_0_0-45031-hadoop-hdds-container-service-0_6_0-SNAPSHOT_jar-_-any-5520167271984850562.dir/webapp/,AVAILABLE}{jar:file:/home/user/.m2/repository/org/apache/hadoop/hadoop-hdds-container-service/0.6.0-SNAPSHOT/hadoop-hdds-container-service-0.6.0-SNAPSHOT.jar!/webapps/hddsDatanode}
2020-07-07 04:54:42,993 [Listener at 127.0.0.1/42245] INFO  server.AbstractConnector (AbstractConnector.java:doStart(330)) - Started ServerConnector@29923d3d{HTTP/1.1,[http/1.1]}{0.0.0.0:45031}
2020-07-07 04:54:42,993 [Listener at 127.0.0.1/42245] INFO  server.Server (Server.java:doStart(399)) - Started @150169ms
2020-07-07 04:54:42,994 [Listener at 127.0.0.1/42245] WARN  impl.MetricsSystemImpl (MetricsSystemImpl.java:register(276)) - Sink prometheus already exists!
2020-07-07 04:54:42,998 [Listener at 127.0.0.1/42245] INFO  http.BaseHttpServer (BaseHttpServer.java:updateConnectorAddress(327)) - HTTP server of hddsDatanode listening at http://0.0.0.0:45031
2020-07-07 04:54:42,998 [Listener at 127.0.0.1/42245] INFO  impl.MetricsSystemImpl (MetricsSystemImpl.java:init(158)) - HddsDatanode metrics system started (again)
2020-07-07 04:54:43,001 [Listener at 127.0.0.1/42245] INFO  ozone.HddsDatanodeService (HddsDatanodeService.java:start(197)) - HddsDatanodeService host:d53d11c09361 ip:172.17.0.2
2020-07-07 04:54:43,002 [Listener at 127.0.0.1/42245] INFO  volume.HddsVolume (HddsVolume.java:<init>(176)) - Creating Volume: /github/workspace/mnt/ozone/hadoop-ozone/integration-test/target/test-dir/MiniOzoneClusterImpl-ddfb2fb6-1dd1-47df-b9d1-90c4649f621f/datanode-3/data-0/containers/hdds of storage type : DISK and capacity : 9223372036854775807
2020-07-07 04:54:43,002 [Listener at 127.0.0.1/42245] INFO  volume.MutableVolumeSet (MutableVolumeSet.java:initializeVolumeSet(181)) - Added Volume : /github/workspace/mnt/ozone/hadoop-ozone/integration-test/target/test-dir/MiniOzoneClusterImpl-ddfb2fb6-1dd1-47df-b9d1-90c4649f621f/datanode-3/data-0/containers/hdds to VolumeSet
2020-07-07 04:54:43,002 [Listener at 127.0.0.1/42245] INFO  volume.ThrottledAsyncChecker (ThrottledAsyncChecker.java:schedule(141)) - Scheduling a check for /github/workspace/mnt/ozone/hadoop-ozone/integration-test/target/test-dir/MiniOzoneClusterImpl-ddfb2fb6-1dd1-47df-b9d1-90c4649f621f/datanode-3/data-0/containers/hdds
2020-07-07 04:54:43,003 [Listener at 127.0.0.1/42245] INFO  volume.HddsVolumeChecker (HddsVolumeChecker.java:checkAllVolumes(200)) - Scheduled health check for volume /github/workspace/mnt/ozone/hadoop-ozone/integration-test/target/test-dir/MiniOzoneClusterImpl-ddfb2fb6-1dd1-47df-b9d1-90c4649f621f/datanode-3/data-0/containers/hdds
2020-07-07 04:54:43,025 [org.apache.hadoop.util.JvmPauseMonitor$Monitor@66aca0] INFO  util.JvmPauseMonitor (JvmPauseMonitor.java:run(188)) - Starting JVM pause monitor
2020-07-07 04:54:43,026 [Datanode State Machine Thread - 0] INFO  datanode.InitDatanodeState (InitDatanodeState.java:persistContainerDatanodeDetails(145)) - DatanodeDetails is persisted to /github/workspace/mnt/ozone/hadoop-ozone/integration-test/target/test-dir/MiniOzoneClusterImpl-ddfb2fb6-1dd1-47df-b9d1-90c4649f621f/datanode-2/meta/datanode.id
2020-07-07 04:54:43,028 [Listener at 127.0.0.1/42245] INFO  impl.RaftServerProxy (ConfUtils.java:logGet(44)) - raft.rpc.type = GRPC (default)
2020-07-07 04:54:43,028 [Listener at 127.0.0.1/42245] INFO  grpc.GrpcFactory (GrpcFactory.java:checkPooledByteBufAllocatorUseCacheForAllThreads(45)) - PERFORMANCE WARNING: useCacheForAllThreads is true that may cause Netty to create a lot garbage objects and, as a result, trigger GC.
	It is recommended to disable useCacheForAllThreads by setting -Dorg.apache.ratis.thirdparty.io.netty.allocator.useCacheForAllThreads=false in command line.
2020-07-07 04:54:43,028 [Listener at 127.0.0.1/42245] INFO  grpc.GrpcConfigKeys (ConfUtils.java:logGet(44)) - raft.grpc.server.port = 0 (default)
2020-07-07 04:54:43,028 [Listener at 127.0.0.1/42245] INFO  server.GrpcService (ConfUtils.java:logGet(44)) - raft.grpc.message.size.max = 32MB (=33554432) (custom)
2020-07-07 04:54:43,028 [Listener at 127.0.0.1/42245] INFO  server.RaftServerConfigKeys (ConfUtils.java:logGet(44)) - raft.server.log.appender.buffer.byte-limit = 33554432 (custom)
2020-07-07 04:54:43,029 [Listener at 127.0.0.1/42245] INFO  server.GrpcService (ConfUtils.java:logGet(44)) - raft.grpc.flow.control.window = 5MB (=5242880) (custom)
2020-07-07 04:54:43,029 [Listener at 127.0.0.1/42245] INFO  server.RaftServerConfigKeys (ConfUtils.java:logGet(44)) - raft.server.rpc.request.timeout = 3000ms (default)
2020-07-07 04:54:43,030 [Listener at 127.0.0.1/42245] INFO  server.RaftServerConfigKeys (ConfUtils.java:logGet(44)) - raft.server.storage.dir = [/github/workspace/mnt/ozone/hadoop-ozone/integration-test/target/test-dir/MiniOzoneClusterImpl-ddfb2fb6-1dd1-47df-b9d1-90c4649f621f/datanode-3/data/ratis] (custom)
2020-07-07 04:54:43,036 [Listener at 127.0.0.1/42245] INFO  http.BaseHttpServer (BaseHttpServer.java:newHttpServer2BuilderForOzone(207)) - Starting Web-server for hddsDatanode at: http://0.0.0.0:0
2020-07-07 04:54:43,036 [Listener at 127.0.0.1/42245] INFO  http.BaseHttpServer (BaseHttpServer.java:<init>(106)) - Hadoop Security Enabled: false Ozone Security Enabled: false Ozone HTTP Security Enabled: false 
2020-07-07 04:54:43,037 [Listener at 127.0.0.1/42245] INFO  server.AuthenticationFilter (AuthenticationFilter.java:constructSecretProvider(240)) - Unable to initialize FileSignerSecretProvider, falling back to use random secrets.
2020-07-07 04:54:43,037 [Listener at 127.0.0.1/42245] WARN  http.HttpRequestLog (HttpRequestLog.java:getRequestLog(103)) - Jetty request log can only be enabled using Log4j
2020-07-07 04:54:43,038 [Listener at 127.0.0.1/42245] INFO  http.HttpServer2 (HttpServer2.java:addGlobalFilter(998)) - Added global filter 'safety' (class=org.apache.hadoop.hdds.server.http.HttpServer2$QuotingInputFilter)
2020-07-07 04:54:43,038 [Listener at 127.0.0.1/42245] INFO  http.HttpServer2 (HttpServer2.java:addFilter(974)) - Added filter static_user_filter (class=org.apache.hadoop.http.lib.StaticUserWebFilter$StaticUserFilter) to context hddsDatanode
2020-07-07 04:54:43,038 [Listener at 127.0.0.1/42245] INFO  http.HttpServer2 (HttpServer2.java:addFilter(982)) - Added filter static_user_filter (class=org.apache.hadoop.http.lib.StaticUserWebFilter$StaticUserFilter) to context static
2020-07-07 04:54:43,038 [Listener at 127.0.0.1/42245] INFO  http.HttpServer2 (HttpServer2.java:addFilter(982)) - Added filter static_user_filter (class=org.apache.hadoop.http.lib.StaticUserWebFilter$StaticUserFilter) to context logs
2020-07-07 04:54:43,039 [Listener at 127.0.0.1/42245] INFO  http.HttpServer2 (HttpServer2.java:bindListener(1216)) - Jetty bound to port 33147
2020-07-07 04:54:43,039 [Listener at 127.0.0.1/42245] INFO  server.Server (Server.java:doStart(359)) - jetty-9.4.26.v20200117; built: 2020-01-17T12:35:33.676Z; git: 7b38981d25d14afb4a12ff1f2596756144edf695; jvm 1.8.0_232-b09
2020-07-07 04:54:43,041 [Listener at 127.0.0.1/42245] INFO  server.session (DefaultSessionIdManager.java:doStart(333)) - DefaultSessionIdManager workerName=node0
2020-07-07 04:54:43,041 [Listener at 127.0.0.1/42245] INFO  server.session (DefaultSessionIdManager.java:doStart(338)) - No SessionScavenger set, using defaults
2020-07-07 04:54:43,041 [Listener at 127.0.0.1/42245] INFO  server.session (HouseKeeper.java:startScavenging(140)) - node0 Scavenging every 600000ms
2020-07-07 04:54:43,042 [Listener at 127.0.0.1/42245] INFO  handler.ContextHandler (ContextHandler.java:doStart(825)) - Started o.e.j.s.ServletContextHandler@1f05b63d{logs,/logs,file:///github/workspace/mnt/ozone/hadoop-ozone/integration-test/target/log,AVAILABLE}
2020-07-07 04:54:43,043 [Listener at 127.0.0.1/42245] INFO  handler.ContextHandler (ContextHandler.java:doStart(825)) - Started o.e.j.s.ServletContextHandler@37ca8b4c{static,/static,jar:file:/home/user/.m2/repository/org/apache/hadoop/hadoop-hdds-container-service/0.6.0-SNAPSHOT/hadoop-hdds-container-service-0.6.0-SNAPSHOT.jar!/webapps/static,AVAILABLE}
2020-07-07 04:54:43,058 [Listener at 127.0.0.1/42245] INFO  handler.ContextHandler (ContextHandler.java:doStart(825)) - Started o.e.j.w.WebAppContext@36891524{hddsDatanode,/,file:///tmp/jetty-0_0_0_0-33147-hadoop-hdds-container-service-0_6_0-SNAPSHOT_jar-_-any-6544151547764270057.dir/webapp/,AVAILABLE}{jar:file:/home/user/.m2/repository/org/apache/hadoop/hadoop-hdds-container-service/0.6.0-SNAPSHOT/hadoop-hdds-container-service-0.6.0-SNAPSHOT.jar!/webapps/hddsDatanode}
2020-07-07 04:54:43,059 [Listener at 127.0.0.1/42245] INFO  server.AbstractConnector (AbstractConnector.java:doStart(330)) - Started ServerConnector@1c49ae29{HTTP/1.1,[http/1.1]}{0.0.0.0:33147}
2020-07-07 04:54:43,059 [Listener at 127.0.0.1/42245] INFO  server.Server (Server.java:doStart(399)) - Started @150234ms
2020-07-07 04:54:43,059 [Listener at 127.0.0.1/42245] WARN  impl.MetricsSystemImpl (MetricsSystemImpl.java:register(276)) - Sink prometheus already exists!
2020-07-07 04:54:43,064 [Listener at 127.0.0.1/42245] INFO  http.BaseHttpServer (BaseHttpServer.java:updateConnectorAddress(327)) - HTTP server of hddsDatanode listening at http://0.0.0.0:33147
2020-07-07 04:54:43,064 [Listener at 127.0.0.1/42245] INFO  impl.MetricsSystemImpl (MetricsSystemImpl.java:init(158)) - HddsDatanode metrics system started (again)
2020-07-07 04:54:43,066 [Listener at 127.0.0.1/42245] INFO  ozone.HddsDatanodeService (HddsDatanodeService.java:start(197)) - HddsDatanodeService host:d53d11c09361 ip:172.17.0.2
2020-07-07 04:54:43,067 [org.apache.hadoop.util.JvmPauseMonitor$Monitor@27831d22] INFO  util.JvmPauseMonitor (JvmPauseMonitor.java:run(188)) - Starting JVM pause monitor
2020-07-07 04:54:43,067 [Listener at 127.0.0.1/42245] INFO  volume.HddsVolume (HddsVolume.java:<init>(176)) - Creating Volume: /github/workspace/mnt/ozone/hadoop-ozone/integration-test/target/test-dir/MiniOzoneClusterImpl-ddfb2fb6-1dd1-47df-b9d1-90c4649f621f/datanode-4/data-0/containers/hdds of storage type : DISK and capacity : 9223372036854775807
2020-07-07 04:54:43,067 [Listener at 127.0.0.1/42245] INFO  volume.MutableVolumeSet (MutableVolumeSet.java:initializeVolumeSet(181)) - Added Volume : /github/workspace/mnt/ozone/hadoop-ozone/integration-test/target/test-dir/MiniOzoneClusterImpl-ddfb2fb6-1dd1-47df-b9d1-90c4649f621f/datanode-4/data-0/containers/hdds to VolumeSet
2020-07-07 04:54:43,068 [Listener at 127.0.0.1/42245] INFO  volume.ThrottledAsyncChecker (ThrottledAsyncChecker.java:schedule(141)) - Scheduling a check for /github/workspace/mnt/ozone/hadoop-ozone/integration-test/target/test-dir/MiniOzoneClusterImpl-ddfb2fb6-1dd1-47df-b9d1-90c4649f621f/datanode-4/data-0/containers/hdds
2020-07-07 04:54:43,068 [Listener at 127.0.0.1/42245] INFO  volume.HddsVolumeChecker (HddsVolumeChecker.java:checkAllVolumes(200)) - Scheduled health check for volume /github/workspace/mnt/ozone/hadoop-ozone/integration-test/target/test-dir/MiniOzoneClusterImpl-ddfb2fb6-1dd1-47df-b9d1-90c4649f621f/datanode-4/data-0/containers/hdds
2020-07-07 04:54:43,069 [Datanode State Machine Thread - 0] INFO  datanode.InitDatanodeState (InitDatanodeState.java:persistContainerDatanodeDetails(145)) - DatanodeDetails is persisted to /github/workspace/mnt/ozone/hadoop-ozone/integration-test/target/test-dir/MiniOzoneClusterImpl-ddfb2fb6-1dd1-47df-b9d1-90c4649f621f/datanode-3/meta/datanode.id
2020-07-07 04:54:43,082 [Listener at 127.0.0.1/42245] INFO  impl.RaftServerProxy (ConfUtils.java:logGet(44)) - raft.rpc.type = GRPC (default)
2020-07-07 04:54:43,082 [Listener at 127.0.0.1/42245] INFO  grpc.GrpcFactory (GrpcFactory.java:checkPooledByteBufAllocatorUseCacheForAllThreads(45)) - PERFORMANCE WARNING: useCacheForAllThreads is true that may cause Netty to create a lot garbage objects and, as a result, trigger GC.
	It is recommended to disable useCacheForAllThreads by setting -Dorg.apache.ratis.thirdparty.io.netty.allocator.useCacheForAllThreads=false in command line.
2020-07-07 04:54:43,082 [Listener at 127.0.0.1/42245] INFO  grpc.GrpcConfigKeys (ConfUtils.java:logGet(44)) - raft.grpc.server.port = 0 (default)
2020-07-07 04:54:43,082 [Listener at 127.0.0.1/42245] INFO  server.GrpcService (ConfUtils.java:logGet(44)) - raft.grpc.message.size.max = 32MB (=33554432) (custom)
2020-07-07 04:54:43,082 [Listener at 127.0.0.1/42245] INFO  server.RaftServerConfigKeys (ConfUtils.java:logGet(44)) - raft.server.log.appender.buffer.byte-limit = 33554432 (custom)
2020-07-07 04:54:43,082 [Listener at 127.0.0.1/42245] INFO  server.GrpcService (ConfUtils.java:logGet(44)) - raft.grpc.flow.control.window = 5MB (=5242880) (custom)
2020-07-07 04:54:43,082 [Listener at 127.0.0.1/42245] INFO  server.RaftServerConfigKeys (ConfUtils.java:logGet(44)) - raft.server.rpc.request.timeout = 3000ms (default)
2020-07-07 04:54:43,084 [Listener at 127.0.0.1/42245] INFO  server.RaftServerConfigKeys (ConfUtils.java:logGet(44)) - raft.server.storage.dir = [/github/workspace/mnt/ozone/hadoop-ozone/integration-test/target/test-dir/MiniOzoneClusterImpl-ddfb2fb6-1dd1-47df-b9d1-90c4649f621f/datanode-4/data/ratis] (custom)
2020-07-07 04:54:43,089 [Listener at 127.0.0.1/42245] INFO  http.BaseHttpServer (BaseHttpServer.java:newHttpServer2BuilderForOzone(207)) - Starting Web-server for hddsDatanode at: http://0.0.0.0:0
2020-07-07 04:54:43,089 [Listener at 127.0.0.1/42245] INFO  http.BaseHttpServer (BaseHttpServer.java:<init>(106)) - Hadoop Security Enabled: false Ozone Security Enabled: false Ozone HTTP Security Enabled: false 
2020-07-07 04:54:43,090 [Listener at 127.0.0.1/42245] INFO  server.AuthenticationFilter (AuthenticationFilter.java:constructSecretProvider(240)) - Unable to initialize FileSignerSecretProvider, falling back to use random secrets.
2020-07-07 04:54:43,091 [Listener at 127.0.0.1/42245] WARN  http.HttpRequestLog (HttpRequestLog.java:getRequestLog(103)) - Jetty request log can only be enabled using Log4j
2020-07-07 04:54:43,091 [Listener at 127.0.0.1/42245] INFO  http.HttpServer2 (HttpServer2.java:addGlobalFilter(998)) - Added global filter 'safety' (class=org.apache.hadoop.hdds.server.http.HttpServer2$QuotingInputFilter)
2020-07-07 04:54:43,092 [Listener at 127.0.0.1/42245] INFO  http.HttpServer2 (HttpServer2.java:addFilter(974)) - Added filter static_user_filter (class=org.apache.hadoop.http.lib.StaticUserWebFilter$StaticUserFilter) to context hddsDatanode
2020-07-07 04:54:43,092 [Listener at 127.0.0.1/42245] INFO  http.HttpServer2 (HttpServer2.java:addFilter(982)) - Added filter static_user_filter (class=org.apache.hadoop.http.lib.StaticUserWebFilter$StaticUserFilter) to context static
2020-07-07 04:54:43,092 [Listener at 127.0.0.1/42245] INFO  http.HttpServer2 (HttpServer2.java:addFilter(982)) - Added filter static_user_filter (class=org.apache.hadoop.http.lib.StaticUserWebFilter$StaticUserFilter) to context logs
2020-07-07 04:54:43,093 [Listener at 127.0.0.1/42245] INFO  http.HttpServer2 (HttpServer2.java:bindListener(1216)) - Jetty bound to port 41829
2020-07-07 04:54:43,093 [Listener at 127.0.0.1/42245] INFO  server.Server (Server.java:doStart(359)) - jetty-9.4.26.v20200117; built: 2020-01-17T12:35:33.676Z; git: 7b38981d25d14afb4a12ff1f2596756144edf695; jvm 1.8.0_232-b09
2020-07-07 04:54:43,095 [Listener at 127.0.0.1/42245] INFO  server.session (DefaultSessionIdManager.java:doStart(333)) - DefaultSessionIdManager workerName=node0
2020-07-07 04:54:43,095 [Listener at 127.0.0.1/42245] INFO  server.session (DefaultSessionIdManager.java:doStart(338)) - No SessionScavenger set, using defaults
2020-07-07 04:54:43,095 [Listener at 127.0.0.1/42245] INFO  server.session (HouseKeeper.java:startScavenging(140)) - node0 Scavenging every 600000ms
2020-07-07 04:54:43,096 [Listener at 127.0.0.1/42245] INFO  handler.ContextHandler (ContextHandler.java:doStart(825)) - Started o.e.j.s.ServletContextHandler@38cbc9a7{logs,/logs,file:///github/workspace/mnt/ozone/hadoop-ozone/integration-test/target/log,AVAILABLE}
2020-07-07 04:54:43,096 [Listener at 127.0.0.1/42245] INFO  handler.ContextHandler (ContextHandler.java:doStart(825)) - Started o.e.j.s.ServletContextHandler@3dacb927{static,/static,jar:file:/home/user/.m2/repository/org/apache/hadoop/hadoop-hdds-container-service/0.6.0-SNAPSHOT/hadoop-hdds-container-service-0.6.0-SNAPSHOT.jar!/webapps/static,AVAILABLE}
2020-07-07 04:54:43,110 [Listener at 127.0.0.1/42245] INFO  handler.ContextHandler (ContextHandler.java:doStart(825)) - Started o.e.j.w.WebAppContext@234a21e9{hddsDatanode,/,file:///tmp/jetty-0_0_0_0-41829-hadoop-hdds-container-service-0_6_0-SNAPSHOT_jar-_-any-3715589804798524732.dir/webapp/,AVAILABLE}{jar:file:/home/user/.m2/repository/org/apache/hadoop/hadoop-hdds-container-service/0.6.0-SNAPSHOT/hadoop-hdds-container-service-0.6.0-SNAPSHOT.jar!/webapps/hddsDatanode}
2020-07-07 04:54:43,111 [Listener at 127.0.0.1/42245] INFO  server.AbstractConnector (AbstractConnector.java:doStart(330)) - Started ServerConnector@7963a94b{HTTP/1.1,[http/1.1]}{0.0.0.0:41829}
2020-07-07 04:54:43,112 [Listener at 127.0.0.1/42245] INFO  server.Server (Server.java:doStart(399)) - Started @150287ms
2020-07-07 04:54:43,112 [Listener at 127.0.0.1/42245] WARN  impl.MetricsSystemImpl (MetricsSystemImpl.java:register(276)) - Sink prometheus already exists!
2020-07-07 04:54:43,116 [Listener at 127.0.0.1/42245] INFO  http.BaseHttpServer (BaseHttpServer.java:updateConnectorAddress(327)) - HTTP server of hddsDatanode listening at http://0.0.0.0:41829
2020-07-07 04:54:43,117 [Listener at 127.0.0.1/42245] INFO  impl.MetricsSystemImpl (MetricsSystemImpl.java:init(158)) - HddsDatanode metrics system started (again)
2020-07-07 04:54:43,119 [Listener at 127.0.0.1/42245] INFO  ozone.HddsDatanodeService (HddsDatanodeService.java:start(197)) - HddsDatanodeService host:d53d11c09361 ip:172.17.0.2
2020-07-07 04:54:43,120 [org.apache.hadoop.util.JvmPauseMonitor$Monitor@40c22400] INFO  util.JvmPauseMonitor (JvmPauseMonitor.java:run(188)) - Starting JVM pause monitor
2020-07-07 04:54:43,120 [Listener at 127.0.0.1/42245] INFO  volume.HddsVolume (HddsVolume.java:<init>(176)) - Creating Volume: /github/workspace/mnt/ozone/hadoop-ozone/integration-test/target/test-dir/MiniOzoneClusterImpl-ddfb2fb6-1dd1-47df-b9d1-90c4649f621f/datanode-5/data-0/containers/hdds of storage type : DISK and capacity : 9223372036854775807
2020-07-07 04:54:43,120 [Listener at 127.0.0.1/42245] INFO  volume.MutableVolumeSet (MutableVolumeSet.java:initializeVolumeSet(181)) - Added Volume : /github/workspace/mnt/ozone/hadoop-ozone/integration-test/target/test-dir/MiniOzoneClusterImpl-ddfb2fb6-1dd1-47df-b9d1-90c4649f621f/datanode-5/data-0/containers/hdds to VolumeSet
2020-07-07 04:54:43,120 [Listener at 127.0.0.1/42245] INFO  volume.ThrottledAsyncChecker (ThrottledAsyncChecker.java:schedule(141)) - Scheduling a check for /github/workspace/mnt/ozone/hadoop-ozone/integration-test/target/test-dir/MiniOzoneClusterImpl-ddfb2fb6-1dd1-47df-b9d1-90c4649f621f/datanode-5/data-0/containers/hdds
2020-07-07 04:54:43,121 [Datanode State Machine Thread - 0] INFO  datanode.InitDatanodeState (InitDatanodeState.java:persistContainerDatanodeDetails(145)) - DatanodeDetails is persisted to /github/workspace/mnt/ozone/hadoop-ozone/integration-test/target/test-dir/MiniOzoneClusterImpl-ddfb2fb6-1dd1-47df-b9d1-90c4649f621f/datanode-4/meta/datanode.id
2020-07-07 04:54:43,121 [Listener at 127.0.0.1/42245] INFO  volume.HddsVolumeChecker (HddsVolumeChecker.java:checkAllVolumes(200)) - Scheduled health check for volume /github/workspace/mnt/ozone/hadoop-ozone/integration-test/target/test-dir/MiniOzoneClusterImpl-ddfb2fb6-1dd1-47df-b9d1-90c4649f621f/datanode-5/data-0/containers/hdds
2020-07-07 04:54:43,134 [Listener at 127.0.0.1/42245] INFO  impl.RaftServerProxy (ConfUtils.java:logGet(44)) - raft.rpc.type = GRPC (default)
2020-07-07 04:54:43,134 [Listener at 127.0.0.1/42245] INFO  grpc.GrpcFactory (GrpcFactory.java:checkPooledByteBufAllocatorUseCacheForAllThreads(45)) - PERFORMANCE WARNING: useCacheForAllThreads is true that may cause Netty to create a lot garbage objects and, as a result, trigger GC.
	It is recommended to disable useCacheForAllThreads by setting -Dorg.apache.ratis.thirdparty.io.netty.allocator.useCacheForAllThreads=false in command line.
2020-07-07 04:54:43,135 [Listener at 127.0.0.1/42245] INFO  grpc.GrpcConfigKeys (ConfUtils.java:logGet(44)) - raft.grpc.server.port = 0 (default)
2020-07-07 04:54:43,135 [Listener at 127.0.0.1/42245] INFO  server.GrpcService (ConfUtils.java:logGet(44)) - raft.grpc.message.size.max = 32MB (=33554432) (custom)
2020-07-07 04:54:43,135 [Listener at 127.0.0.1/42245] INFO  server.RaftServerConfigKeys (ConfUtils.java:logGet(44)) - raft.server.log.appender.buffer.byte-limit = 33554432 (custom)
2020-07-07 04:54:43,135 [Listener at 127.0.0.1/42245] INFO  server.GrpcService (ConfUtils.java:logGet(44)) - raft.grpc.flow.control.window = 5MB (=5242880) (custom)
2020-07-07 04:54:43,135 [Listener at 127.0.0.1/42245] INFO  server.RaftServerConfigKeys (ConfUtils.java:logGet(44)) - raft.server.rpc.request.timeout = 3000ms (default)
2020-07-07 04:54:43,136 [Listener at 127.0.0.1/42245] INFO  server.RaftServerConfigKeys (ConfUtils.java:logGet(44)) - raft.server.storage.dir = [/github/workspace/mnt/ozone/hadoop-ozone/integration-test/target/test-dir/MiniOzoneClusterImpl-ddfb2fb6-1dd1-47df-b9d1-90c4649f621f/datanode-5/data/ratis] (custom)
2020-07-07 04:54:43,141 [Listener at 127.0.0.1/42245] INFO  http.BaseHttpServer (BaseHttpServer.java:newHttpServer2BuilderForOzone(207)) - Starting Web-server for hddsDatanode at: http://0.0.0.0:0
2020-07-07 04:54:43,141 [Listener at 127.0.0.1/42245] INFO  http.BaseHttpServer (BaseHttpServer.java:<init>(106)) - Hadoop Security Enabled: false Ozone Security Enabled: false Ozone HTTP Security Enabled: false 
2020-07-07 04:54:43,142 [Listener at 127.0.0.1/42245] INFO  server.AuthenticationFilter (AuthenticationFilter.java:constructSecretProvider(240)) - Unable to initialize FileSignerSecretProvider, falling back to use random secrets.
2020-07-07 04:54:43,142 [Listener at 127.0.0.1/42245] WARN  http.HttpRequestLog (HttpRequestLog.java:getRequestLog(103)) - Jetty request log can only be enabled using Log4j
2020-07-07 04:54:43,143 [Listener at 127.0.0.1/42245] INFO  http.HttpServer2 (HttpServer2.java:addGlobalFilter(998)) - Added global filter 'safety' (class=org.apache.hadoop.hdds.server.http.HttpServer2$QuotingInputFilter)
2020-07-07 04:54:43,143 [Listener at 127.0.0.1/42245] INFO  http.HttpServer2 (HttpServer2.java:addFilter(974)) - Added filter static_user_filter (class=org.apache.hadoop.http.lib.StaticUserWebFilter$StaticUserFilter) to context hddsDatanode
2020-07-07 04:54:43,143 [Listener at 127.0.0.1/42245] INFO  http.HttpServer2 (HttpServer2.java:addFilter(982)) - Added filter static_user_filter (class=org.apache.hadoop.http.lib.StaticUserWebFilter$StaticUserFilter) to context logs
2020-07-07 04:54:43,144 [Listener at 127.0.0.1/42245] INFO  http.HttpServer2 (HttpServer2.java:addFilter(982)) - Added filter static_user_filter (class=org.apache.hadoop.http.lib.StaticUserWebFilter$StaticUserFilter) to context static
2020-07-07 04:54:43,144 [Listener at 127.0.0.1/42245] INFO  http.HttpServer2 (HttpServer2.java:bindListener(1216)) - Jetty bound to port 45611
2020-07-07 04:54:43,144 [Listener at 127.0.0.1/42245] INFO  server.Server (Server.java:doStart(359)) - jetty-9.4.26.v20200117; built: 2020-01-17T12:35:33.676Z; git: 7b38981d25d14afb4a12ff1f2596756144edf695; jvm 1.8.0_232-b09
2020-07-07 04:54:43,145 [Listener at 127.0.0.1/42245] INFO  server.session (DefaultSessionIdManager.java:doStart(333)) - DefaultSessionIdManager workerName=node0
2020-07-07 04:54:43,145 [Listener at 127.0.0.1/42245] INFO  server.session (DefaultSessionIdManager.java:doStart(338)) - No SessionScavenger set, using defaults
2020-07-07 04:54:43,146 [Listener at 127.0.0.1/42245] INFO  server.session (HouseKeeper.java:startScavenging(140)) - node0 Scavenging every 660000ms
2020-07-07 04:54:43,146 [Listener at 127.0.0.1/42245] INFO  handler.ContextHandler (ContextHandler.java:doStart(825)) - Started o.e.j.s.ServletContextHandler@4fbdd61f{logs,/logs,file:///github/workspace/mnt/ozone/hadoop-ozone/integration-test/target/log,AVAILABLE}
2020-07-07 04:54:43,146 [Listener at 127.0.0.1/42245] INFO  handler.ContextHandler (ContextHandler.java:doStart(825)) - Started o.e.j.s.ServletContextHandler@3833a045{static,/static,jar:file:/home/user/.m2/repository/org/apache/hadoop/hadoop-hdds-container-service/0.6.0-SNAPSHOT/hadoop-hdds-container-service-0.6.0-SNAPSHOT.jar!/webapps/static,AVAILABLE}
2020-07-07 04:54:43,160 [Listener at 127.0.0.1/42245] INFO  handler.ContextHandler (ContextHandler.java:doStart(825)) - Started o.e.j.w.WebAppContext@52599443{hddsDatanode,/,file:///tmp/jetty-0_0_0_0-45611-hadoop-hdds-container-service-0_6_0-SNAPSHOT_jar-_-any-4282197096854374806.dir/webapp/,AVAILABLE}{jar:file:/home/user/.m2/repository/org/apache/hadoop/hadoop-hdds-container-service/0.6.0-SNAPSHOT/hadoop-hdds-container-service-0.6.0-SNAPSHOT.jar!/webapps/hddsDatanode}
2020-07-07 04:54:43,161 [Listener at 127.0.0.1/42245] INFO  server.AbstractConnector (AbstractConnector.java:doStart(330)) - Started ServerConnector@4dc1f629{HTTP/1.1,[http/1.1]}{0.0.0.0:45611}
2020-07-07 04:54:43,162 [Listener at 127.0.0.1/42245] INFO  server.Server (Server.java:doStart(399)) - Started @150337ms
2020-07-07 04:54:43,162 [Listener at 127.0.0.1/42245] WARN  impl.MetricsSystemImpl (MetricsSystemImpl.java:register(276)) - Sink prometheus already exists!
2020-07-07 04:54:43,166 [Listener at 127.0.0.1/42245] INFO  http.BaseHttpServer (BaseHttpServer.java:updateConnectorAddress(327)) - HTTP server of hddsDatanode listening at http://0.0.0.0:45611
2020-07-07 04:54:43,167 [Listener at 127.0.0.1/42245] INFO  impl.MetricsSystemImpl (MetricsSystemImpl.java:init(158)) - HddsDatanode metrics system started (again)
2020-07-07 04:54:43,169 [Listener at 127.0.0.1/42245] INFO  ozone.HddsDatanodeService (HddsDatanodeService.java:start(197)) - HddsDatanodeService host:d53d11c09361 ip:172.17.0.2
2020-07-07 04:54:43,172 [org.apache.hadoop.util.JvmPauseMonitor$Monitor@2266a1ec] INFO  util.JvmPauseMonitor (JvmPauseMonitor.java:run(188)) - Starting JVM pause monitor
2020-07-07 04:54:43,172 [Listener at 127.0.0.1/42245] INFO  volume.HddsVolume (HddsVolume.java:<init>(176)) - Creating Volume: /github/workspace/mnt/ozone/hadoop-ozone/integration-test/target/test-dir/MiniOzoneClusterImpl-ddfb2fb6-1dd1-47df-b9d1-90c4649f621f/datanode-6/data-0/containers/hdds of storage type : DISK and capacity : 9223372036854775807
2020-07-07 04:54:43,173 [Datanode State Machine Thread - 0] INFO  datanode.InitDatanodeState (InitDatanodeState.java:persistContainerDatanodeDetails(145)) - DatanodeDetails is persisted to /github/workspace/mnt/ozone/hadoop-ozone/integration-test/target/test-dir/MiniOzoneClusterImpl-ddfb2fb6-1dd1-47df-b9d1-90c4649f621f/datanode-5/meta/datanode.id
2020-07-07 04:54:43,173 [Listener at 127.0.0.1/42245] INFO  volume.MutableVolumeSet (MutableVolumeSet.java:initializeVolumeSet(181)) - Added Volume : /github/workspace/mnt/ozone/hadoop-ozone/integration-test/target/test-dir/MiniOzoneClusterImpl-ddfb2fb6-1dd1-47df-b9d1-90c4649f621f/datanode-6/data-0/containers/hdds to VolumeSet
2020-07-07 04:54:43,173 [Listener at 127.0.0.1/42245] INFO  volume.ThrottledAsyncChecker (ThrottledAsyncChecker.java:schedule(141)) - Scheduling a check for /github/workspace/mnt/ozone/hadoop-ozone/integration-test/target/test-dir/MiniOzoneClusterImpl-ddfb2fb6-1dd1-47df-b9d1-90c4649f621f/datanode-6/data-0/containers/hdds
2020-07-07 04:54:43,173 [Listener at 127.0.0.1/42245] INFO  volume.HddsVolumeChecker (HddsVolumeChecker.java:checkAllVolumes(200)) - Scheduled health check for volume /github/workspace/mnt/ozone/hadoop-ozone/integration-test/target/test-dir/MiniOzoneClusterImpl-ddfb2fb6-1dd1-47df-b9d1-90c4649f621f/datanode-6/data-0/containers/hdds
2020-07-07 04:54:43,185 [Listener at 127.0.0.1/42245] INFO  impl.RaftServerProxy (ConfUtils.java:logGet(44)) - raft.rpc.type = GRPC (default)
2020-07-07 04:54:43,185 [Listener at 127.0.0.1/42245] INFO  grpc.GrpcFactory (GrpcFactory.java:checkPooledByteBufAllocatorUseCacheForAllThreads(45)) - PERFORMANCE WARNING: useCacheForAllThreads is true that may cause Netty to create a lot garbage objects and, as a result, trigger GC.
	It is recommended to disable useCacheForAllThreads by setting -Dorg.apache.ratis.thirdparty.io.netty.allocator.useCacheForAllThreads=false in command line.
2020-07-07 04:54:43,186 [Listener at 127.0.0.1/42245] INFO  grpc.GrpcConfigKeys (ConfUtils.java:logGet(44)) - raft.grpc.server.port = 0 (default)
2020-07-07 04:54:43,186 [Listener at 127.0.0.1/42245] INFO  server.GrpcService (ConfUtils.java:logGet(44)) - raft.grpc.message.size.max = 32MB (=33554432) (custom)
2020-07-07 04:54:43,186 [Listener at 127.0.0.1/42245] INFO  server.RaftServerConfigKeys (ConfUtils.java:logGet(44)) - raft.server.log.appender.buffer.byte-limit = 33554432 (custom)
2020-07-07 04:54:43,186 [Listener at 127.0.0.1/42245] INFO  server.GrpcService (ConfUtils.java:logGet(44)) - raft.grpc.flow.control.window = 5MB (=5242880) (custom)
2020-07-07 04:54:43,186 [Listener at 127.0.0.1/42245] INFO  server.RaftServerConfigKeys (ConfUtils.java:logGet(44)) - raft.server.rpc.request.timeout = 3000ms (default)
2020-07-07 04:54:43,187 [Listener at 127.0.0.1/42245] INFO  server.RaftServerConfigKeys (ConfUtils.java:logGet(44)) - raft.server.storage.dir = [/github/workspace/mnt/ozone/hadoop-ozone/integration-test/target/test-dir/MiniOzoneClusterImpl-ddfb2fb6-1dd1-47df-b9d1-90c4649f621f/datanode-6/data/ratis] (custom)
2020-07-07 04:54:43,192 [Listener at 127.0.0.1/42245] INFO  http.BaseHttpServer (BaseHttpServer.java:newHttpServer2BuilderForOzone(207)) - Starting Web-server for hddsDatanode at: http://0.0.0.0:0
2020-07-07 04:54:43,192 [Listener at 127.0.0.1/42245] INFO  http.BaseHttpServer (BaseHttpServer.java:<init>(106)) - Hadoop Security Enabled: false Ozone Security Enabled: false Ozone HTTP Security Enabled: false 
2020-07-07 04:54:43,198 [Listener at 127.0.0.1/42245] INFO  server.AuthenticationFilter (AuthenticationFilter.java:constructSecretProvider(240)) - Unable to initialize FileSignerSecretProvider, falling back to use random secrets.
2020-07-07 04:54:43,198 [Listener at 127.0.0.1/42245] WARN  http.HttpRequestLog (HttpRequestLog.java:getRequestLog(103)) - Jetty request log can only be enabled using Log4j
2020-07-07 04:54:43,199 [Listener at 127.0.0.1/42245] INFO  http.HttpServer2 (HttpServer2.java:addGlobalFilter(998)) - Added global filter 'safety' (class=org.apache.hadoop.hdds.server.http.HttpServer2$QuotingInputFilter)
2020-07-07 04:54:43,199 [Listener at 127.0.0.1/42245] INFO  http.HttpServer2 (HttpServer2.java:addFilter(974)) - Added filter static_user_filter (class=org.apache.hadoop.http.lib.StaticUserWebFilter$StaticUserFilter) to context hddsDatanode
2020-07-07 04:54:43,199 [Listener at 127.0.0.1/42245] INFO  http.HttpServer2 (HttpServer2.java:addFilter(982)) - Added filter static_user_filter (class=org.apache.hadoop.http.lib.StaticUserWebFilter$StaticUserFilter) to context logs
2020-07-07 04:54:43,199 [Listener at 127.0.0.1/42245] INFO  http.HttpServer2 (HttpServer2.java:addFilter(982)) - Added filter static_user_filter (class=org.apache.hadoop.http.lib.StaticUserWebFilter$StaticUserFilter) to context static
2020-07-07 04:54:43,200 [Listener at 127.0.0.1/42245] INFO  http.HttpServer2 (HttpServer2.java:bindListener(1216)) - Jetty bound to port 40767
2020-07-07 04:54:43,200 [Listener at 127.0.0.1/42245] INFO  server.Server (Server.java:doStart(359)) - jetty-9.4.26.v20200117; built: 2020-01-17T12:35:33.676Z; git: 7b38981d25d14afb4a12ff1f2596756144edf695; jvm 1.8.0_232-b09
2020-07-07 04:54:43,201 [Listener at 127.0.0.1/42245] INFO  server.session (DefaultSessionIdManager.java:doStart(333)) - DefaultSessionIdManager workerName=node0
2020-07-07 04:54:43,202 [Listener at 127.0.0.1/42245] INFO  server.session (DefaultSessionIdManager.java:doStart(338)) - No SessionScavenger set, using defaults
2020-07-07 04:54:43,202 [Listener at 127.0.0.1/42245] INFO  server.session (HouseKeeper.java:startScavenging(140)) - node0 Scavenging every 660000ms
2020-07-07 04:54:43,202 [Listener at 127.0.0.1/42245] INFO  handler.ContextHandler (ContextHandler.java:doStart(825)) - Started o.e.j.s.ServletContextHandler@7bb5f1b5{logs,/logs,file:///github/workspace/mnt/ozone/hadoop-ozone/integration-test/target/log,AVAILABLE}
2020-07-07 04:54:43,203 [Listener at 127.0.0.1/42245] INFO  handler.ContextHandler (ContextHandler.java:doStart(825)) - Started o.e.j.s.ServletContextHandler@12550aaf{static,/static,jar:file:/home/user/.m2/repository/org/apache/hadoop/hadoop-hdds-container-service/0.6.0-SNAPSHOT/hadoop-hdds-container-service-0.6.0-SNAPSHOT.jar!/webapps/static,AVAILABLE}
2020-07-07 04:54:43,217 [Listener at 127.0.0.1/42245] INFO  handler.ContextHandler (ContextHandler.java:doStart(825)) - Started o.e.j.w.WebAppContext@4b28d787{hddsDatanode,/,file:///tmp/jetty-0_0_0_0-40767-hadoop-hdds-container-service-0_6_0-SNAPSHOT_jar-_-any-6262538985512111650.dir/webapp/,AVAILABLE}{jar:file:/home/user/.m2/repository/org/apache/hadoop/hadoop-hdds-container-service/0.6.0-SNAPSHOT/hadoop-hdds-container-service-0.6.0-SNAPSHOT.jar!/webapps/hddsDatanode}
2020-07-07 04:54:43,220 [Listener at 127.0.0.1/42245] INFO  server.AbstractConnector (AbstractConnector.java:doStart(330)) - Started ServerConnector@337d97e3{HTTP/1.1,[http/1.1]}{0.0.0.0:40767}
2020-07-07 04:54:43,220 [Listener at 127.0.0.1/42245] INFO  server.Server (Server.java:doStart(399)) - Started @150395ms
2020-07-07 04:54:43,220 [Listener at 127.0.0.1/42245] WARN  impl.MetricsSystemImpl (MetricsSystemImpl.java:register(276)) - Sink prometheus already exists!
2020-07-07 04:54:43,225 [Listener at 127.0.0.1/42245] INFO  http.BaseHttpServer (BaseHttpServer.java:updateConnectorAddress(327)) - HTTP server of hddsDatanode listening at http://0.0.0.0:40767
2020-07-07 04:54:43,225 [Listener at 127.0.0.1/42245] INFO  impl.MetricsSystemImpl (MetricsSystemImpl.java:init(158)) - HddsDatanode metrics system started (again)
2020-07-07 04:54:43,228 [Listener at 127.0.0.1/42245] INFO  ozone.HddsDatanodeService (HddsDatanodeService.java:start(197)) - HddsDatanodeService host:d53d11c09361 ip:172.17.0.2
2020-07-07 04:54:43,229 [org.apache.hadoop.util.JvmPauseMonitor$Monitor@5228a573] INFO  util.JvmPauseMonitor (JvmPauseMonitor.java:run(188)) - Starting JVM pause monitor
2020-07-07 04:54:43,229 [Listener at 127.0.0.1/42245] INFO  volume.HddsVolume (HddsVolume.java:<init>(176)) - Creating Volume: /github/workspace/mnt/ozone/hadoop-ozone/integration-test/target/test-dir/MiniOzoneClusterImpl-ddfb2fb6-1dd1-47df-b9d1-90c4649f621f/datanode-7/data-0/containers/hdds of storage type : DISK and capacity : 9223372036854775807
2020-07-07 04:54:43,230 [Datanode State Machine Thread - 0] INFO  datanode.InitDatanodeState (InitDatanodeState.java:persistContainerDatanodeDetails(145)) - DatanodeDetails is persisted to /github/workspace/mnt/ozone/hadoop-ozone/integration-test/target/test-dir/MiniOzoneClusterImpl-ddfb2fb6-1dd1-47df-b9d1-90c4649f621f/datanode-6/meta/datanode.id
2020-07-07 04:54:43,230 [Listener at 127.0.0.1/42245] INFO  volume.MutableVolumeSet (MutableVolumeSet.java:initializeVolumeSet(181)) - Added Volume : /github/workspace/mnt/ozone/hadoop-ozone/integration-test/target/test-dir/MiniOzoneClusterImpl-ddfb2fb6-1dd1-47df-b9d1-90c4649f621f/datanode-7/data-0/containers/hdds to VolumeSet
2020-07-07 04:54:43,230 [Listener at 127.0.0.1/42245] INFO  volume.ThrottledAsyncChecker (ThrottledAsyncChecker.java:schedule(141)) - Scheduling a check for /github/workspace/mnt/ozone/hadoop-ozone/integration-test/target/test-dir/MiniOzoneClusterImpl-ddfb2fb6-1dd1-47df-b9d1-90c4649f621f/datanode-7/data-0/containers/hdds
2020-07-07 04:54:43,231 [Listener at 127.0.0.1/42245] INFO  volume.HddsVolumeChecker (HddsVolumeChecker.java:checkAllVolumes(200)) - Scheduled health check for volume /github/workspace/mnt/ozone/hadoop-ozone/integration-test/target/test-dir/MiniOzoneClusterImpl-ddfb2fb6-1dd1-47df-b9d1-90c4649f621f/datanode-7/data-0/containers/hdds
2020-07-07 04:54:43,245 [Listener at 127.0.0.1/42245] INFO  impl.RaftServerProxy (ConfUtils.java:logGet(44)) - raft.rpc.type = GRPC (default)
2020-07-07 04:54:43,245 [Listener at 127.0.0.1/42245] INFO  grpc.GrpcFactory (GrpcFactory.java:checkPooledByteBufAllocatorUseCacheForAllThreads(45)) - PERFORMANCE WARNING: useCacheForAllThreads is true that may cause Netty to create a lot garbage objects and, as a result, trigger GC.
	It is recommended to disable useCacheForAllThreads by setting -Dorg.apache.ratis.thirdparty.io.netty.allocator.useCacheForAllThreads=false in command line.
2020-07-07 04:54:43,245 [Listener at 127.0.0.1/42245] INFO  grpc.GrpcConfigKeys (ConfUtils.java:logGet(44)) - raft.grpc.server.port = 0 (default)
2020-07-07 04:54:43,245 [Listener at 127.0.0.1/42245] INFO  server.GrpcService (ConfUtils.java:logGet(44)) - raft.grpc.message.size.max = 32MB (=33554432) (custom)
2020-07-07 04:54:43,245 [Listener at 127.0.0.1/42245] INFO  server.RaftServerConfigKeys (ConfUtils.java:logGet(44)) - raft.server.log.appender.buffer.byte-limit = 33554432 (custom)
2020-07-07 04:54:43,245 [Listener at 127.0.0.1/42245] INFO  server.GrpcService (ConfUtils.java:logGet(44)) - raft.grpc.flow.control.window = 5MB (=5242880) (custom)
2020-07-07 04:54:43,245 [Listener at 127.0.0.1/42245] INFO  server.RaftServerConfigKeys (ConfUtils.java:logGet(44)) - raft.server.rpc.request.timeout = 3000ms (default)
2020-07-07 04:54:43,246 [Listener at 127.0.0.1/42245] INFO  server.RaftServerConfigKeys (ConfUtils.java:logGet(44)) - raft.server.storage.dir = [/github/workspace/mnt/ozone/hadoop-ozone/integration-test/target/test-dir/MiniOzoneClusterImpl-ddfb2fb6-1dd1-47df-b9d1-90c4649f621f/datanode-7/data/ratis] (custom)
2020-07-07 04:54:43,252 [Listener at 127.0.0.1/42245] INFO  http.BaseHttpServer (BaseHttpServer.java:newHttpServer2BuilderForOzone(207)) - Starting Web-server for hddsDatanode at: http://0.0.0.0:0
2020-07-07 04:54:43,252 [Listener at 127.0.0.1/42245] INFO  http.BaseHttpServer (BaseHttpServer.java:<init>(106)) - Hadoop Security Enabled: false Ozone Security Enabled: false Ozone HTTP Security Enabled: false 
2020-07-07 04:54:43,253 [Listener at 127.0.0.1/42245] INFO  server.AuthenticationFilter (AuthenticationFilter.java:constructSecretProvider(240)) - Unable to initialize FileSignerSecretProvider, falling back to use random secrets.
2020-07-07 04:54:43,254 [Listener at 127.0.0.1/42245] WARN  http.HttpRequestLog (HttpRequestLog.java:getRequestLog(103)) - Jetty request log can only be enabled using Log4j
2020-07-07 04:54:43,255 [Listener at 127.0.0.1/42245] INFO  http.HttpServer2 (HttpServer2.java:addGlobalFilter(998)) - Added global filter 'safety' (class=org.apache.hadoop.hdds.server.http.HttpServer2$QuotingInputFilter)
2020-07-07 04:54:43,255 [Listener at 127.0.0.1/42245] INFO  http.HttpServer2 (HttpServer2.java:addFilter(974)) - Added filter static_user_filter (class=org.apache.hadoop.http.lib.StaticUserWebFilter$StaticUserFilter) to context hddsDatanode
2020-07-07 04:54:43,255 [Listener at 127.0.0.1/42245] INFO  http.HttpServer2 (HttpServer2.java:addFilter(982)) - Added filter static_user_filter (class=org.apache.hadoop.http.lib.StaticUserWebFilter$StaticUserFilter) to context logs
2020-07-07 04:54:43,256 [Listener at 127.0.0.1/42245] INFO  http.HttpServer2 (HttpServer2.java:addFilter(982)) - Added filter static_user_filter (class=org.apache.hadoop.http.lib.StaticUserWebFilter$StaticUserFilter) to context static
2020-07-07 04:54:43,256 [Listener at 127.0.0.1/42245] INFO  http.HttpServer2 (HttpServer2.java:bindListener(1216)) - Jetty bound to port 42317
2020-07-07 04:54:43,256 [Listener at 127.0.0.1/42245] INFO  server.Server (Server.java:doStart(359)) - jetty-9.4.26.v20200117; built: 2020-01-17T12:35:33.676Z; git: 7b38981d25d14afb4a12ff1f2596756144edf695; jvm 1.8.0_232-b09
2020-07-07 04:54:43,258 [Listener at 127.0.0.1/42245] INFO  server.session (DefaultSessionIdManager.java:doStart(333)) - DefaultSessionIdManager workerName=node0
2020-07-07 04:54:43,258 [Listener at 127.0.0.1/42245] INFO  server.session (DefaultSessionIdManager.java:doStart(338)) - No SessionScavenger set, using defaults
2020-07-07 04:54:43,259 [Listener at 127.0.0.1/42245] INFO  server.session (HouseKeeper.java:startScavenging(140)) - node0 Scavenging every 600000ms
2020-07-07 04:54:43,259 [Listener at 127.0.0.1/42245] INFO  handler.ContextHandler (ContextHandler.java:doStart(825)) - Started o.e.j.s.ServletContextHandler@1df2b230{logs,/logs,file:///github/workspace/mnt/ozone/hadoop-ozone/integration-test/target/log,AVAILABLE}
2020-07-07 04:54:43,259 [Listener at 127.0.0.1/42245] INFO  handler.ContextHandler (ContextHandler.java:doStart(825)) - Started o.e.j.s.ServletContextHandler@14443c86{static,/static,jar:file:/home/user/.m2/repository/org/apache/hadoop/hadoop-hdds-container-service/0.6.0-SNAPSHOT/hadoop-hdds-container-service-0.6.0-SNAPSHOT.jar!/webapps/static,AVAILABLE}
2020-07-07 04:54:43,276 [Listener at 127.0.0.1/42245] INFO  handler.ContextHandler (ContextHandler.java:doStart(825)) - Started o.e.j.w.WebAppContext@5393c04{hddsDatanode,/,file:///tmp/jetty-0_0_0_0-42317-hadoop-hdds-container-service-0_6_0-SNAPSHOT_jar-_-any-3340685678469030019.dir/webapp/,AVAILABLE}{jar:file:/home/user/.m2/repository/org/apache/hadoop/hadoop-hdds-container-service/0.6.0-SNAPSHOT/hadoop-hdds-container-service-0.6.0-SNAPSHOT.jar!/webapps/hddsDatanode}
2020-07-07 04:54:43,278 [Listener at 127.0.0.1/42245] INFO  server.AbstractConnector (AbstractConnector.java:doStart(330)) - Started ServerConnector@645b31d0{HTTP/1.1,[http/1.1]}{0.0.0.0:42317}
2020-07-07 04:54:43,278 [Listener at 127.0.0.1/42245] INFO  server.Server (Server.java:doStart(399)) - Started @150453ms
2020-07-07 04:54:43,278 [Listener at 127.0.0.1/42245] WARN  impl.MetricsSystemImpl (MetricsSystemImpl.java:register(276)) - Sink prometheus already exists!
2020-07-07 04:54:43,283 [Listener at 127.0.0.1/42245] INFO  http.BaseHttpServer (BaseHttpServer.java:updateConnectorAddress(327)) - HTTP server of hddsDatanode listening at http://0.0.0.0:42317
2020-07-07 04:54:43,283 [Listener at 127.0.0.1/42245] INFO  impl.MetricsSystemImpl (MetricsSystemImpl.java:init(158)) - HddsDatanode metrics system started (again)
2020-07-07 04:54:43,285 [Listener at 127.0.0.1/42245] INFO  ozone.HddsDatanodeService (HddsDatanodeService.java:start(197)) - HddsDatanodeService host:d53d11c09361 ip:172.17.0.2
2020-07-07 04:54:43,287 [Listener at 127.0.0.1/42245] INFO  volume.HddsVolume (HddsVolume.java:<init>(176)) - Creating Volume: /github/workspace/mnt/ozone/hadoop-ozone/integration-test/target/test-dir/MiniOzoneClusterImpl-ddfb2fb6-1dd1-47df-b9d1-90c4649f621f/datanode-8/data-0/containers/hdds of storage type : DISK and capacity : 9223372036854775807
2020-07-07 04:54:43,287 [Listener at 127.0.0.1/42245] INFO  volume.MutableVolumeSet (MutableVolumeSet.java:initializeVolumeSet(181)) - Added Volume : /github/workspace/mnt/ozone/hadoop-ozone/integration-test/target/test-dir/MiniOzoneClusterImpl-ddfb2fb6-1dd1-47df-b9d1-90c4649f621f/datanode-8/data-0/containers/hdds to VolumeSet
2020-07-07 04:54:43,287 [Listener at 127.0.0.1/42245] INFO  volume.ThrottledAsyncChecker (ThrottledAsyncChecker.java:schedule(141)) - Scheduling a check for /github/workspace/mnt/ozone/hadoop-ozone/integration-test/target/test-dir/MiniOzoneClusterImpl-ddfb2fb6-1dd1-47df-b9d1-90c4649f621f/datanode-8/data-0/containers/hdds
2020-07-07 04:54:43,290 [Listener at 127.0.0.1/42245] INFO  volume.HddsVolumeChecker (HddsVolumeChecker.java:checkAllVolumes(200)) - Scheduled health check for volume /github/workspace/mnt/ozone/hadoop-ozone/integration-test/target/test-dir/MiniOzoneClusterImpl-ddfb2fb6-1dd1-47df-b9d1-90c4649f621f/datanode-8/data-0/containers/hdds
2020-07-07 04:54:43,290 [org.apache.hadoop.util.JvmPauseMonitor$Monitor@7e5c4424] INFO  util.JvmPauseMonitor (JvmPauseMonitor.java:run(188)) - Starting JVM pause monitor
2020-07-07 04:54:43,298 [Datanode State Machine Thread - 0] INFO  datanode.InitDatanodeState (InitDatanodeState.java:persistContainerDatanodeDetails(145)) - DatanodeDetails is persisted to /github/workspace/mnt/ozone/hadoop-ozone/integration-test/target/test-dir/MiniOzoneClusterImpl-ddfb2fb6-1dd1-47df-b9d1-90c4649f621f/datanode-7/meta/datanode.id
2020-07-07 04:54:43,304 [Listener at 127.0.0.1/42245] INFO  impl.RaftServerProxy (ConfUtils.java:logGet(44)) - raft.rpc.type = GRPC (default)
2020-07-07 04:54:43,305 [Listener at 127.0.0.1/42245] INFO  grpc.GrpcFactory (GrpcFactory.java:checkPooledByteBufAllocatorUseCacheForAllThreads(45)) - PERFORMANCE WARNING: useCacheForAllThreads is true that may cause Netty to create a lot garbage objects and, as a result, trigger GC.
	It is recommended to disable useCacheForAllThreads by setting -Dorg.apache.ratis.thirdparty.io.netty.allocator.useCacheForAllThreads=false in command line.
2020-07-07 04:54:43,305 [Listener at 127.0.0.1/42245] INFO  grpc.GrpcConfigKeys (ConfUtils.java:logGet(44)) - raft.grpc.server.port = 0 (default)
2020-07-07 04:54:43,305 [Listener at 127.0.0.1/42245] INFO  server.GrpcService (ConfUtils.java:logGet(44)) - raft.grpc.message.size.max = 32MB (=33554432) (custom)
2020-07-07 04:54:43,305 [Listener at 127.0.0.1/42245] INFO  server.RaftServerConfigKeys (ConfUtils.java:logGet(44)) - raft.server.log.appender.buffer.byte-limit = 33554432 (custom)
2020-07-07 04:54:43,305 [Listener at 127.0.0.1/42245] INFO  server.GrpcService (ConfUtils.java:logGet(44)) - raft.grpc.flow.control.window = 5MB (=5242880) (custom)
2020-07-07 04:54:43,305 [Listener at 127.0.0.1/42245] INFO  server.RaftServerConfigKeys (ConfUtils.java:logGet(44)) - raft.server.rpc.request.timeout = 3000ms (default)
2020-07-07 04:54:43,306 [Listener at 127.0.0.1/42245] INFO  server.RaftServerConfigKeys (ConfUtils.java:logGet(44)) - raft.server.storage.dir = [/github/workspace/mnt/ozone/hadoop-ozone/integration-test/target/test-dir/MiniOzoneClusterImpl-ddfb2fb6-1dd1-47df-b9d1-90c4649f621f/datanode-8/data/ratis] (custom)
2020-07-07 04:54:43,312 [Listener at 127.0.0.1/42245] INFO  http.BaseHttpServer (BaseHttpServer.java:newHttpServer2BuilderForOzone(207)) - Starting Web-server for hddsDatanode at: http://0.0.0.0:0
2020-07-07 04:54:43,312 [Listener at 127.0.0.1/42245] INFO  http.BaseHttpServer (BaseHttpServer.java:<init>(106)) - Hadoop Security Enabled: false Ozone Security Enabled: false Ozone HTTP Security Enabled: false 
2020-07-07 04:54:43,313 [Listener at 127.0.0.1/42245] INFO  server.AuthenticationFilter (AuthenticationFilter.java:constructSecretProvider(240)) - Unable to initialize FileSignerSecretProvider, falling back to use random secrets.
2020-07-07 04:54:43,313 [Listener at 127.0.0.1/42245] WARN  http.HttpRequestLog (HttpRequestLog.java:getRequestLog(103)) - Jetty request log can only be enabled using Log4j
2020-07-07 04:54:43,314 [Listener at 127.0.0.1/42245] INFO  http.HttpServer2 (HttpServer2.java:addGlobalFilter(998)) - Added global filter 'safety' (class=org.apache.hadoop.hdds.server.http.HttpServer2$QuotingInputFilter)
2020-07-07 04:54:43,314 [Listener at 127.0.0.1/42245] INFO  http.HttpServer2 (HttpServer2.java:addFilter(974)) - Added filter static_user_filter (class=org.apache.hadoop.http.lib.StaticUserWebFilter$StaticUserFilter) to context hddsDatanode
2020-07-07 04:54:43,314 [Listener at 127.0.0.1/42245] INFO  http.HttpServer2 (HttpServer2.java:addFilter(982)) - Added filter static_user_filter (class=org.apache.hadoop.http.lib.StaticUserWebFilter$StaticUserFilter) to context static
2020-07-07 04:54:43,314 [Listener at 127.0.0.1/42245] INFO  http.HttpServer2 (HttpServer2.java:addFilter(982)) - Added filter static_user_filter (class=org.apache.hadoop.http.lib.StaticUserWebFilter$StaticUserFilter) to context logs
2020-07-07 04:54:43,315 [Listener at 127.0.0.1/42245] INFO  http.HttpServer2 (HttpServer2.java:bindListener(1216)) - Jetty bound to port 40063
2020-07-07 04:54:43,315 [Listener at 127.0.0.1/42245] INFO  server.Server (Server.java:doStart(359)) - jetty-9.4.26.v20200117; built: 2020-01-17T12:35:33.676Z; git: 7b38981d25d14afb4a12ff1f2596756144edf695; jvm 1.8.0_232-b09
2020-07-07 04:54:43,316 [Listener at 127.0.0.1/42245] INFO  server.session (DefaultSessionIdManager.java:doStart(333)) - DefaultSessionIdManager workerName=node0
2020-07-07 04:54:43,316 [Listener at 127.0.0.1/42245] INFO  server.session (DefaultSessionIdManager.java:doStart(338)) - No SessionScavenger set, using defaults
2020-07-07 04:54:43,317 [Listener at 127.0.0.1/42245] INFO  server.session (HouseKeeper.java:startScavenging(140)) - node0 Scavenging every 660000ms
2020-07-07 04:54:43,317 [Listener at 127.0.0.1/42245] INFO  handler.ContextHandler (ContextHandler.java:doStart(825)) - Started o.e.j.s.ServletContextHandler@7dfe23c2{logs,/logs,file:///github/workspace/mnt/ozone/hadoop-ozone/integration-test/target/log,AVAILABLE}
2020-07-07 04:54:43,317 [Listener at 127.0.0.1/42245] INFO  handler.ContextHandler (ContextHandler.java:doStart(825)) - Started o.e.j.s.ServletContextHandler@29f32a41{static,/static,jar:file:/home/user/.m2/repository/org/apache/hadoop/hadoop-hdds-container-service/0.6.0-SNAPSHOT/hadoop-hdds-container-service-0.6.0-SNAPSHOT.jar!/webapps/static,AVAILABLE}
2020-07-07 04:54:43,332 [Listener at 127.0.0.1/42245] INFO  handler.ContextHandler (ContextHandler.java:doStart(825)) - Started o.e.j.w.WebAppContext@29abba49{hddsDatanode,/,file:///tmp/jetty-0_0_0_0-40063-hadoop-hdds-container-service-0_6_0-SNAPSHOT_jar-_-any-3648576037428929146.dir/webapp/,AVAILABLE}{jar:file:/home/user/.m2/repository/org/apache/hadoop/hadoop-hdds-container-service/0.6.0-SNAPSHOT/hadoop-hdds-container-service-0.6.0-SNAPSHOT.jar!/webapps/hddsDatanode}
2020-07-07 04:54:43,333 [Listener at 127.0.0.1/42245] INFO  server.AbstractConnector (AbstractConnector.java:doStart(330)) - Started ServerConnector@e06d647{HTTP/1.1,[http/1.1]}{0.0.0.0:40063}
2020-07-07 04:54:43,333 [Listener at 127.0.0.1/42245] INFO  server.Server (Server.java:doStart(399)) - Started @150508ms
2020-07-07 04:54:43,333 [Listener at 127.0.0.1/42245] WARN  impl.MetricsSystemImpl (MetricsSystemImpl.java:register(276)) - Sink prometheus already exists!
2020-07-07 04:54:43,338 [Listener at 127.0.0.1/42245] INFO  http.BaseHttpServer (BaseHttpServer.java:updateConnectorAddress(327)) - HTTP server of hddsDatanode listening at http://0.0.0.0:40063
2020-07-07 04:54:43,338 [Listener at 127.0.0.1/42245] INFO  ozone.MiniOzoneClusterImpl (MiniOzoneClusterImpl.java:lambda$waitForClusterToBeReady$0(177)) - Waiting for nodes to be ready. Got 0 of 9 DN Heartbeats.
2020-07-07 04:54:43,338 [Listener at 127.0.0.1/42245] INFO  ozone.MiniOzoneClusterImpl (MiniOzoneClusterImpl.java:lambda$waitForClusterToBeReady$0(180)) - Waiting for cluster to exit safe mode
2020-07-07 04:54:43,342 [org.apache.hadoop.util.JvmPauseMonitor$Monitor@267cf555] INFO  util.JvmPauseMonitor (JvmPauseMonitor.java:run(188)) - Starting JVM pause monitor
2020-07-07 04:54:43,343 [Datanode State Machine Thread - 0] INFO  datanode.InitDatanodeState (InitDatanodeState.java:persistContainerDatanodeDetails(145)) - DatanodeDetails is persisted to /github/workspace/mnt/ozone/hadoop-ozone/integration-test/target/test-dir/MiniOzoneClusterImpl-ddfb2fb6-1dd1-47df-b9d1-90c4649f621f/datanode-8/meta/datanode.id
2020-07-07 04:54:44,339 [Listener at 127.0.0.1/42245] INFO  ozone.MiniOzoneClusterImpl (MiniOzoneClusterImpl.java:lambda$waitForClusterToBeReady$0(177)) - Waiting for nodes to be ready. Got 0 of 9 DN Heartbeats.
2020-07-07 04:54:44,339 [Listener at 127.0.0.1/42245] INFO  ozone.MiniOzoneClusterImpl (MiniOzoneClusterImpl.java:lambda$waitForClusterToBeReady$0(180)) - Waiting for cluster to exit safe mode
2020-07-07 04:54:44,888 [Datanode State Machine Thread - 0] INFO  ozoneimpl.OzoneContainer (OzoneContainer.java:start(232)) - Attempting to start container services.
2020-07-07 04:54:44,888 [Datanode State Machine Thread - 0] INFO  ozoneimpl.OzoneContainer (OzoneContainer.java:startContainerScrub(196)) - Background container scanner has been disabled.
2020-07-07 04:54:44,888 [Datanode State Machine Thread - 0] INFO  ratis.XceiverServerRatis (XceiverServerRatis.java:start(425)) - Starting XceiverServerRatis 441cb323-c758-4204-8e94-c518eb7e3dfa at port 0
2020-07-07 04:54:44,889 [Datanode State Machine Thread - 0] INFO  impl.RaftServerProxy (RaftServerProxy.java:lambda$start$3(304)) - 441cb323-c758-4204-8e94-c518eb7e3dfa: start RPC server
2020-07-07 04:54:44,889 [Datanode State Machine Thread - 0] INFO  server.GrpcService (GrpcService.java:startImpl(160)) - 441cb323-c758-4204-8e94-c518eb7e3dfa: GrpcService started, listening on 0.0.0.0/0.0.0.0:42479
2020-07-07 04:54:44,890 [Datanode State Machine Thread - 0] INFO  ratis.XceiverServerRatis (XceiverServerRatis.java:start(437)) - XceiverServerRatis 441cb323-c758-4204-8e94-c518eb7e3dfa is started using port 42479
2020-07-07 04:54:44,893 [Datanode State Machine Thread - 0] INFO  server.XceiverServerGrpc (XceiverServerGrpc.java:start(145)) - XceiverServerGrpc 441cb323-c758-4204-8e94-c518eb7e3dfa is started using port 37555
2020-07-07 04:54:44,965 [Datanode State Machine Thread - 0] INFO  ozoneimpl.OzoneContainer (OzoneContainer.java:start(232)) - Attempting to start container services.
2020-07-07 04:54:44,965 [Datanode State Machine Thread - 0] INFO  ozoneimpl.OzoneContainer (OzoneContainer.java:startContainerScrub(196)) - Background container scanner has been disabled.
2020-07-07 04:54:44,965 [Datanode State Machine Thread - 0] INFO  ratis.XceiverServerRatis (XceiverServerRatis.java:start(425)) - Starting XceiverServerRatis 49d4fddc-cd10-443b-a45d-8ada7c557abf at port 0
2020-07-07 04:54:44,966 [Datanode State Machine Thread - 0] INFO  impl.RaftServerProxy (RaftServerProxy.java:lambda$start$3(304)) - 49d4fddc-cd10-443b-a45d-8ada7c557abf: start RPC server
2020-07-07 04:54:44,967 [Datanode State Machine Thread - 0] INFO  server.GrpcService (GrpcService.java:startImpl(160)) - 49d4fddc-cd10-443b-a45d-8ada7c557abf: GrpcService started, listening on 0.0.0.0/0.0.0.0:35683
2020-07-07 04:54:44,967 [Datanode State Machine Thread - 0] INFO  ratis.XceiverServerRatis (XceiverServerRatis.java:start(437)) - XceiverServerRatis 49d4fddc-cd10-443b-a45d-8ada7c557abf is started using port 35683
2020-07-07 04:54:44,967 [Datanode State Machine Thread - 0] INFO  server.XceiverServerGrpc (XceiverServerGrpc.java:start(145)) - XceiverServerGrpc 49d4fddc-cd10-443b-a45d-8ada7c557abf is started using port 40135
2020-07-07 04:54:45,028 [Datanode State Machine Thread - 0] INFO  ozoneimpl.OzoneContainer (OzoneContainer.java:start(232)) - Attempting to start container services.
2020-07-07 04:54:45,028 [Datanode State Machine Thread - 0] INFO  ozoneimpl.OzoneContainer (OzoneContainer.java:startContainerScrub(196)) - Background container scanner has been disabled.
2020-07-07 04:54:45,028 [Datanode State Machine Thread - 0] INFO  ratis.XceiverServerRatis (XceiverServerRatis.java:start(425)) - Starting XceiverServerRatis 2c88a600-62c8-44d6-86d4-28f745868ae9 at port 0
2020-07-07 04:54:45,032 [Datanode State Machine Thread - 0] INFO  impl.RaftServerProxy (RaftServerProxy.java:lambda$start$3(304)) - 2c88a600-62c8-44d6-86d4-28f745868ae9: start RPC server
2020-07-07 04:54:45,033 [Datanode State Machine Thread - 0] INFO  server.GrpcService (GrpcService.java:startImpl(160)) - 2c88a600-62c8-44d6-86d4-28f745868ae9: GrpcService started, listening on 0.0.0.0/0.0.0.0:35933
2020-07-07 04:54:45,033 [Datanode State Machine Thread - 0] INFO  ratis.XceiverServerRatis (XceiverServerRatis.java:start(437)) - XceiverServerRatis 2c88a600-62c8-44d6-86d4-28f745868ae9 is started using port 35933
2020-07-07 04:54:45,033 [Datanode State Machine Thread - 0] INFO  server.XceiverServerGrpc (XceiverServerGrpc.java:start(145)) - XceiverServerGrpc 2c88a600-62c8-44d6-86d4-28f745868ae9 is started using port 35451
2020-07-07 04:54:45,069 [Datanode State Machine Thread - 0] INFO  ozoneimpl.OzoneContainer (OzoneContainer.java:start(232)) - Attempting to start container services.
2020-07-07 04:54:45,069 [Datanode State Machine Thread - 0] INFO  ozoneimpl.OzoneContainer (OzoneContainer.java:startContainerScrub(196)) - Background container scanner has been disabled.
2020-07-07 04:54:45,069 [Datanode State Machine Thread - 0] INFO  ratis.XceiverServerRatis (XceiverServerRatis.java:start(425)) - Starting XceiverServerRatis faaf968f-0fca-4e96-b7e0-547f8fed29e0 at port 0
2020-07-07 04:54:45,070 [Datanode State Machine Thread - 0] INFO  impl.RaftServerProxy (RaftServerProxy.java:lambda$start$3(304)) - faaf968f-0fca-4e96-b7e0-547f8fed29e0: start RPC server
2020-07-07 04:54:45,071 [Datanode State Machine Thread - 0] INFO  server.GrpcService (GrpcService.java:startImpl(160)) - faaf968f-0fca-4e96-b7e0-547f8fed29e0: GrpcService started, listening on 0.0.0.0/0.0.0.0:36569
2020-07-07 04:54:45,071 [Datanode State Machine Thread - 0] INFO  ratis.XceiverServerRatis (XceiverServerRatis.java:start(437)) - XceiverServerRatis faaf968f-0fca-4e96-b7e0-547f8fed29e0 is started using port 36569
2020-07-07 04:54:45,072 [Datanode State Machine Thread - 0] INFO  server.XceiverServerGrpc (XceiverServerGrpc.java:start(145)) - XceiverServerGrpc faaf968f-0fca-4e96-b7e0-547f8fed29e0 is started using port 43717
2020-07-07 04:54:45,122 [Datanode State Machine Thread - 0] INFO  ozoneimpl.OzoneContainer (OzoneContainer.java:start(232)) - Attempting to start container services.
2020-07-07 04:54:45,122 [Datanode State Machine Thread - 0] INFO  ozoneimpl.OzoneContainer (OzoneContainer.java:startContainerScrub(196)) - Background container scanner has been disabled.
2020-07-07 04:54:45,123 [Datanode State Machine Thread - 0] INFO  ratis.XceiverServerRatis (XceiverServerRatis.java:start(425)) - Starting XceiverServerRatis b4cbc94e-a0c4-4ad4-8347-afa6d31e032e at port 0
2020-07-07 04:54:45,123 [Datanode State Machine Thread - 0] INFO  impl.RaftServerProxy (RaftServerProxy.java:lambda$start$3(304)) - b4cbc94e-a0c4-4ad4-8347-afa6d31e032e: start RPC server
2020-07-07 04:54:45,124 [Datanode State Machine Thread - 0] INFO  server.GrpcService (GrpcService.java:startImpl(160)) - b4cbc94e-a0c4-4ad4-8347-afa6d31e032e: GrpcService started, listening on 0.0.0.0/0.0.0.0:43645
2020-07-07 04:54:45,124 [Datanode State Machine Thread - 0] INFO  ratis.XceiverServerRatis (XceiverServerRatis.java:start(437)) - XceiverServerRatis b4cbc94e-a0c4-4ad4-8347-afa6d31e032e is started using port 43645
2020-07-07 04:54:45,124 [Datanode State Machine Thread - 0] INFO  server.XceiverServerGrpc (XceiverServerGrpc.java:start(145)) - XceiverServerGrpc b4cbc94e-a0c4-4ad4-8347-afa6d31e032e is started using port 45929
2020-07-07 04:54:45,174 [Datanode State Machine Thread - 0] INFO  ozoneimpl.OzoneContainer (OzoneContainer.java:start(232)) - Attempting to start container services.
2020-07-07 04:54:45,174 [Datanode State Machine Thread - 0] INFO  ozoneimpl.OzoneContainer (OzoneContainer.java:startContainerScrub(196)) - Background container scanner has been disabled.
2020-07-07 04:54:45,174 [Datanode State Machine Thread - 0] INFO  ratis.XceiverServerRatis (XceiverServerRatis.java:start(425)) - Starting XceiverServerRatis 3f0f6471-07a7-4b9b-821c-68adebd7d2e3 at port 0
2020-07-07 04:54:45,175 [Datanode State Machine Thread - 0] INFO  impl.RaftServerProxy (RaftServerProxy.java:lambda$start$3(304)) - 3f0f6471-07a7-4b9b-821c-68adebd7d2e3: start RPC server
2020-07-07 04:54:45,175 [Datanode State Machine Thread - 0] INFO  server.GrpcService (GrpcService.java:startImpl(160)) - 3f0f6471-07a7-4b9b-821c-68adebd7d2e3: GrpcService started, listening on 0.0.0.0/0.0.0.0:44367
2020-07-07 04:54:45,175 [Datanode State Machine Thread - 0] INFO  ratis.XceiverServerRatis (XceiverServerRatis.java:start(437)) - XceiverServerRatis 3f0f6471-07a7-4b9b-821c-68adebd7d2e3 is started using port 44367
2020-07-07 04:54:45,176 [Datanode State Machine Thread - 0] INFO  server.XceiverServerGrpc (XceiverServerGrpc.java:start(145)) - XceiverServerGrpc 3f0f6471-07a7-4b9b-821c-68adebd7d2e3 is started using port 33845
2020-07-07 04:54:45,231 [Datanode State Machine Thread - 0] INFO  ozoneimpl.OzoneContainer (OzoneContainer.java:start(232)) - Attempting to start container services.
2020-07-07 04:54:45,231 [Datanode State Machine Thread - 0] INFO  ozoneimpl.OzoneContainer (OzoneContainer.java:startContainerScrub(196)) - Background container scanner has been disabled.
2020-07-07 04:54:45,231 [Datanode State Machine Thread - 0] INFO  ratis.XceiverServerRatis (XceiverServerRatis.java:start(425)) - Starting XceiverServerRatis e48c4946-041b-4a5b-90ab-176302687b86 at port 0
2020-07-07 04:54:45,232 [Datanode State Machine Thread - 0] INFO  impl.RaftServerProxy (RaftServerProxy.java:lambda$start$3(304)) - e48c4946-041b-4a5b-90ab-176302687b86: start RPC server
2020-07-07 04:54:45,233 [Datanode State Machine Thread - 0] INFO  server.GrpcService (GrpcService.java:startImpl(160)) - e48c4946-041b-4a5b-90ab-176302687b86: GrpcService started, listening on 0.0.0.0/0.0.0.0:38349
2020-07-07 04:54:45,233 [Datanode State Machine Thread - 0] INFO  ratis.XceiverServerRatis (XceiverServerRatis.java:start(437)) - XceiverServerRatis e48c4946-041b-4a5b-90ab-176302687b86 is started using port 38349
2020-07-07 04:54:45,234 [Datanode State Machine Thread - 0] INFO  server.XceiverServerGrpc (XceiverServerGrpc.java:start(145)) - XceiverServerGrpc e48c4946-041b-4a5b-90ab-176302687b86 is started using port 41283
2020-07-07 04:54:45,293 [Datanode State Machine Thread - 0] INFO  ozoneimpl.OzoneContainer (OzoneContainer.java:start(232)) - Attempting to start container services.
2020-07-07 04:54:45,293 [Datanode State Machine Thread - 0] INFO  ozoneimpl.OzoneContainer (OzoneContainer.java:startContainerScrub(196)) - Background container scanner has been disabled.
2020-07-07 04:54:45,293 [Datanode State Machine Thread - 0] INFO  ratis.XceiverServerRatis (XceiverServerRatis.java:start(425)) - Starting XceiverServerRatis a62f0d4c-b40d-4885-8959-00b4626cec0c at port 0
2020-07-07 04:54:45,294 [Datanode State Machine Thread - 0] INFO  impl.RaftServerProxy (RaftServerProxy.java:lambda$start$3(304)) - a62f0d4c-b40d-4885-8959-00b4626cec0c: start RPC server
2020-07-07 04:54:45,295 [Datanode State Machine Thread - 0] INFO  server.GrpcService (GrpcService.java:startImpl(160)) - a62f0d4c-b40d-4885-8959-00b4626cec0c: GrpcService started, listening on 0.0.0.0/0.0.0.0:36867
2020-07-07 04:54:45,295 [Datanode State Machine Thread - 0] INFO  ratis.XceiverServerRatis (XceiverServerRatis.java:start(437)) - XceiverServerRatis a62f0d4c-b40d-4885-8959-00b4626cec0c is started using port 36867
2020-07-07 04:54:45,295 [Datanode State Machine Thread - 0] INFO  server.XceiverServerGrpc (XceiverServerGrpc.java:start(145)) - XceiverServerGrpc a62f0d4c-b40d-4885-8959-00b4626cec0c is started using port 35839
2020-07-07 04:54:45,339 [Listener at 127.0.0.1/42245] INFO  ozone.MiniOzoneClusterImpl (MiniOzoneClusterImpl.java:lambda$waitForClusterToBeReady$0(177)) - Waiting for nodes to be ready. Got 0 of 9 DN Heartbeats.
2020-07-07 04:54:45,339 [Listener at 127.0.0.1/42245] INFO  ozone.MiniOzoneClusterImpl (MiniOzoneClusterImpl.java:lambda$waitForClusterToBeReady$0(180)) - Waiting for cluster to exit safe mode
2020-07-07 04:54:45,344 [Datanode State Machine Thread - 0] INFO  ozoneimpl.OzoneContainer (OzoneContainer.java:start(232)) - Attempting to start container services.
2020-07-07 04:54:45,344 [Datanode State Machine Thread - 0] INFO  ozoneimpl.OzoneContainer (OzoneContainer.java:startContainerScrub(196)) - Background container scanner has been disabled.
2020-07-07 04:54:45,344 [Datanode State Machine Thread - 0] INFO  ratis.XceiverServerRatis (XceiverServerRatis.java:start(425)) - Starting XceiverServerRatis 850327c1-f3ee-4a2d-9c3d-5bffdb64e521 at port 0
2020-07-07 04:54:45,350 [Datanode State Machine Thread - 0] INFO  impl.RaftServerProxy (RaftServerProxy.java:lambda$start$3(304)) - 850327c1-f3ee-4a2d-9c3d-5bffdb64e521: start RPC server
2020-07-07 04:54:45,350 [Datanode State Machine Thread - 0] INFO  server.GrpcService (GrpcService.java:startImpl(160)) - 850327c1-f3ee-4a2d-9c3d-5bffdb64e521: GrpcService started, listening on 0.0.0.0/0.0.0.0:42877
2020-07-07 04:54:45,350 [Datanode State Machine Thread - 0] INFO  ratis.XceiverServerRatis (XceiverServerRatis.java:start(437)) - XceiverServerRatis 850327c1-f3ee-4a2d-9c3d-5bffdb64e521 is started using port 42877
2020-07-07 04:54:45,351 [Datanode State Machine Thread - 0] INFO  server.XceiverServerGrpc (XceiverServerGrpc.java:start(145)) - XceiverServerGrpc 850327c1-f3ee-4a2d-9c3d-5bffdb64e521 is started using port 46795
2020-07-07 04:54:46,339 [Listener at 127.0.0.1/42245] INFO  ozone.MiniOzoneClusterImpl (MiniOzoneClusterImpl.java:lambda$waitForClusterToBeReady$0(177)) - Waiting for nodes to be ready. Got 0 of 9 DN Heartbeats.
2020-07-07 04:54:46,340 [Listener at 127.0.0.1/42245] INFO  ozone.MiniOzoneClusterImpl (MiniOzoneClusterImpl.java:lambda$waitForClusterToBeReady$0(180)) - Waiting for cluster to exit safe mode
2020-07-07 04:54:46,884 [IPC Server handler 0 on default port 41729] INFO  net.NetworkTopology (NetworkTopologyImpl.java:add(111)) - Added a new node: /default-rack/441cb323-c758-4204-8e94-c518eb7e3dfa
2020-07-07 04:54:46,885 [IPC Server handler 0 on default port 41729] INFO  node.SCMNodeManager (SCMNodeManager.java:register(268)) - Registered Data node : 441cb323-c758-4204-8e94-c518eb7e3dfa{ip: 172.17.0.2, host: d53d11c09361, networkLocation: /default-rack, certSerialId: null}
2020-07-07 04:54:46,886 [EventQueue-NodeRegistrationContainerReportForContainerSafeModeRule] INFO  safemode.SCMSafeModeManager (SCMSafeModeManager.java:validateSafeModeExitRules(214)) - ContainerSafeModeRule rule is successfully validated
2020-07-07 04:54:46,886 [EventQueue-NodeRegistrationContainerReportForDataNodeSafeModeRule] INFO  safemode.SCMSafeModeManager (DataNodeSafeModeRule.java:process(71)) - SCM in safe mode. 1 DataNodes registered, 1 required.
2020-07-07 04:54:46,887 [EventQueue-NodeRegistrationContainerReportForDataNodeSafeModeRule] INFO  safemode.SCMSafeModeManager (SCMSafeModeManager.java:validateSafeModeExitRules(214)) - DataNodeSafeModeRule rule is successfully validated
2020-07-07 04:54:46,887 [RatisPipelineUtilsThread] INFO  pipeline.RatisPipelineProvider (RatisPipelineProvider.java:lambda$create$0(138)) - Sending CreatePipelineCommand for pipeline:PipelineID=c3389e05-2732-459b-b62c-9251e4935a46 to datanode:441cb323-c758-4204-8e94-c518eb7e3dfa
2020-07-07 04:54:46,887 [EventQueue-NodeRegistrationContainerReportForDataNodeSafeModeRule] INFO  safemode.SCMSafeModeManager (SCMSafeModeManager.java:completePreCheck(242)) - All SCM safe mode pre check rules have passed
2020-07-07 04:54:46,888 [RatisPipelineUtilsThread] INFO  pipeline.PipelineStateManager (PipelineStateManager.java:addPipeline(54)) - Created pipeline Pipeline[ Id: c3389e05-2732-459b-b62c-9251e4935a46, Nodes: 441cb323-c758-4204-8e94-c518eb7e3dfa{ip: 172.17.0.2, host: d53d11c09361, networkLocation: /default-rack, certSerialId: null}, Type:RATIS, Factor:ONE, State:ALLOCATED, leaderId:, CreationTimestamp2020-07-07T04:54:46.887Z]
2020-07-07 04:54:46,889 [RatisPipelineUtilsThread] ERROR pipeline.SCMPipelineManager (SCMPipelineManager.java:createPipeline(222)) - Failed to create pipeline of type RATIS and factor ONE. Exception: Cannot create pipeline of factor 1 using 0 nodes. Used 1 nodes. Healthy nodes 1
2020-07-07 04:54:46,889 [RatisPipelineUtilsThread] WARN  pipeline.PipelinePlacementPolicy (PipelinePlacementPolicy.java:filterViableNodes(133)) - Pipeline creation failed due to no sufficient healthy datanodes. Required 3. Found 1.
2020-07-07 04:54:46,889 [RatisPipelineUtilsThread] ERROR pipeline.SCMPipelineManager (SCMPipelineManager.java:createPipeline(222)) - Failed to create pipeline of type RATIS and factor THREE. Exception: Pipeline creation failed due to no sufficient healthy datanodes. Required 3. Found 1.
2020-07-07 04:54:46,963 [IPC Server handler 1 on default port 41729] INFO  net.NetworkTopology (NetworkTopologyImpl.java:add(111)) - Added a new node: /default-rack/49d4fddc-cd10-443b-a45d-8ada7c557abf
2020-07-07 04:54:46,963 [IPC Server handler 1 on default port 41729] INFO  node.SCMNodeManager (SCMNodeManager.java:register(268)) - Registered Data node : 49d4fddc-cd10-443b-a45d-8ada7c557abf{ip: 172.17.0.2, host: d53d11c09361, networkLocation: /default-rack, certSerialId: null}
2020-07-07 04:54:46,963 [RatisPipelineUtilsThread] INFO  pipeline.RatisPipelineProvider (RatisPipelineProvider.java:lambda$create$0(138)) - Sending CreatePipelineCommand for pipeline:PipelineID=3d2d14b0-1c88-4076-b744-ffdb633cfc34 to datanode:49d4fddc-cd10-443b-a45d-8ada7c557abf
2020-07-07 04:54:46,964 [RatisPipelineUtilsThread] INFO  pipeline.PipelineStateManager (PipelineStateManager.java:addPipeline(54)) - Created pipeline Pipeline[ Id: 3d2d14b0-1c88-4076-b744-ffdb633cfc34, Nodes: 49d4fddc-cd10-443b-a45d-8ada7c557abf{ip: 172.17.0.2, host: d53d11c09361, networkLocation: /default-rack, certSerialId: null}, Type:RATIS, Factor:ONE, State:ALLOCATED, leaderId:, CreationTimestamp2020-07-07T04:54:46.963Z]
2020-07-07 04:54:46,964 [RatisPipelineUtilsThread] ERROR pipeline.SCMPipelineManager (SCMPipelineManager.java:createPipeline(222)) - Failed to create pipeline of type RATIS and factor ONE. Exception: Cannot create pipeline of factor 1 using 0 nodes. Used 2 nodes. Healthy nodes 2
2020-07-07 04:54:46,964 [RatisPipelineUtilsThread] WARN  pipeline.PipelinePlacementPolicy (PipelinePlacementPolicy.java:filterViableNodes(133)) - Pipeline creation failed due to no sufficient healthy datanodes. Required 3. Found 2.
2020-07-07 04:54:46,964 [RatisPipelineUtilsThread] ERROR pipeline.SCMPipelineManager (SCMPipelineManager.java:createPipeline(222)) - Failed to create pipeline of type RATIS and factor THREE. Exception: Pipeline creation failed due to no sufficient healthy datanodes. Required 3. Found 2.
2020-07-07 04:54:46,965 [EventQueue-NodeRegistrationContainerReportForDataNodeSafeModeRule] INFO  safemode.SCMSafeModeManager (SCMSafeModeManager.java:validateSafeModeExitRules(214)) - DataNodeSafeModeRule rule is successfully validated
2020-07-07 04:54:46,965 [EventQueue-NodeRegistrationContainerReportForContainerSafeModeRule] INFO  safemode.SCMSafeModeManager (SCMSafeModeManager.java:validateSafeModeExitRules(214)) - ContainerSafeModeRule rule is successfully validated
2020-07-07 04:54:47,027 [IPC Server handler 2 on default port 41729] INFO  net.NetworkTopology (NetworkTopologyImpl.java:add(111)) - Added a new node: /default-rack/2c88a600-62c8-44d6-86d4-28f745868ae9
2020-07-07 04:54:47,027 [IPC Server handler 2 on default port 41729] INFO  node.SCMNodeManager (SCMNodeManager.java:register(268)) - Registered Data node : 2c88a600-62c8-44d6-86d4-28f745868ae9{ip: 172.17.0.2, host: d53d11c09361, networkLocation: /default-rack, certSerialId: null}
2020-07-07 04:54:47,027 [RatisPipelineUtilsThread] INFO  pipeline.RatisPipelineProvider (RatisPipelineProvider.java:lambda$create$0(138)) - Sending CreatePipelineCommand for pipeline:PipelineID=8c4df536-6802-49c5-b252-aaae33b07054 to datanode:2c88a600-62c8-44d6-86d4-28f745868ae9
2020-07-07 04:54:47,028 [RatisPipelineUtilsThread] INFO  pipeline.PipelineStateManager (PipelineStateManager.java:addPipeline(54)) - Created pipeline Pipeline[ Id: 8c4df536-6802-49c5-b252-aaae33b07054, Nodes: 2c88a600-62c8-44d6-86d4-28f745868ae9{ip: 172.17.0.2, host: d53d11c09361, networkLocation: /default-rack, certSerialId: null}, Type:RATIS, Factor:ONE, State:ALLOCATED, leaderId:, CreationTimestamp2020-07-07T04:54:47.027Z]
2020-07-07 04:54:47,028 [RatisPipelineUtilsThread] ERROR pipeline.SCMPipelineManager (SCMPipelineManager.java:createPipeline(222)) - Failed to create pipeline of type RATIS and factor ONE. Exception: Cannot create pipeline of factor 1 using 0 nodes. Used 3 nodes. Healthy nodes 3
2020-07-07 04:54:47,028 [RatisPipelineUtilsThread] INFO  pipeline.RatisPipelineProvider (RatisPipelineProvider.java:lambda$create$0(138)) - Sending CreatePipelineCommand for pipeline:PipelineID=0c546911-57de-4501-9d81-406f52c2c348 to datanode:2c88a600-62c8-44d6-86d4-28f745868ae9
2020-07-07 04:54:47,028 [RatisPipelineUtilsThread] INFO  pipeline.RatisPipelineProvider (RatisPipelineProvider.java:lambda$create$0(138)) - Sending CreatePipelineCommand for pipeline:PipelineID=0c546911-57de-4501-9d81-406f52c2c348 to datanode:441cb323-c758-4204-8e94-c518eb7e3dfa
2020-07-07 04:54:47,028 [RatisPipelineUtilsThread] INFO  pipeline.RatisPipelineProvider (RatisPipelineProvider.java:lambda$create$0(138)) - Sending CreatePipelineCommand for pipeline:PipelineID=0c546911-57de-4501-9d81-406f52c2c348 to datanode:49d4fddc-cd10-443b-a45d-8ada7c557abf
2020-07-07 04:54:47,028 [RatisPipelineUtilsThread] INFO  pipeline.PipelineStateManager (PipelineStateManager.java:addPipeline(54)) - Created pipeline Pipeline[ Id: 0c546911-57de-4501-9d81-406f52c2c348, Nodes: 2c88a600-62c8-44d6-86d4-28f745868ae9{ip: 172.17.0.2, host: d53d11c09361, networkLocation: /default-rack, certSerialId: null}441cb323-c758-4204-8e94-c518eb7e3dfa{ip: 172.17.0.2, host: d53d11c09361, networkLocation: /default-rack, certSerialId: null}49d4fddc-cd10-443b-a45d-8ada7c557abf{ip: 172.17.0.2, host: d53d11c09361, networkLocation: /default-rack, certSerialId: null}, Type:RATIS, Factor:THREE, State:ALLOCATED, leaderId:, CreationTimestamp2020-07-07T04:54:47.028Z]
2020-07-07 04:54:47,029 [RatisPipelineUtilsThread] ERROR pipeline.SCMPipelineManager (SCMPipelineManager.java:createPipeline(222)) - Failed to create pipeline of type RATIS and factor THREE. Exception: Pipeline creation failed because nodes are engaged in other pipelines and every node can only be engaged in max 2 pipelines. Required 3. Found 0
2020-07-07 04:54:47,029 [EventQueue-NodeRegistrationContainerReportForDataNodeSafeModeRule] INFO  safemode.SCMSafeModeManager (SCMSafeModeManager.java:validateSafeModeExitRules(214)) - DataNodeSafeModeRule rule is successfully validated
2020-07-07 04:54:47,029 [EventQueue-NodeRegistrationContainerReportForContainerSafeModeRule] INFO  safemode.SCMSafeModeManager (SCMSafeModeManager.java:validateSafeModeExitRules(214)) - ContainerSafeModeRule rule is successfully validated
2020-07-07 04:54:47,068 [IPC Server handler 3 on default port 41729] INFO  net.NetworkTopology (NetworkTopologyImpl.java:add(111)) - Added a new node: /default-rack/faaf968f-0fca-4e96-b7e0-547f8fed29e0
2020-07-07 04:54:47,068 [IPC Server handler 3 on default port 41729] INFO  node.SCMNodeManager (SCMNodeManager.java:register(268)) - Registered Data node : faaf968f-0fca-4e96-b7e0-547f8fed29e0{ip: 172.17.0.2, host: d53d11c09361, networkLocation: /default-rack, certSerialId: null}
2020-07-07 04:54:47,068 [RatisPipelineUtilsThread] INFO  pipeline.RatisPipelineProvider (RatisPipelineProvider.java:lambda$create$0(138)) - Sending CreatePipelineCommand for pipeline:PipelineID=84dacf13-802d-4d21-9b4c-841681429755 to datanode:faaf968f-0fca-4e96-b7e0-547f8fed29e0
2020-07-07 04:54:47,069 [RatisPipelineUtilsThread] INFO  pipeline.PipelineStateManager (PipelineStateManager.java:addPipeline(54)) - Created pipeline Pipeline[ Id: 84dacf13-802d-4d21-9b4c-841681429755, Nodes: faaf968f-0fca-4e96-b7e0-547f8fed29e0{ip: 172.17.0.2, host: d53d11c09361, networkLocation: /default-rack, certSerialId: null}, Type:RATIS, Factor:ONE, State:ALLOCATED, leaderId:, CreationTimestamp2020-07-07T04:54:47.068Z]
2020-07-07 04:54:47,069 [EventQueue-NodeRegistrationContainerReportForContainerSafeModeRule] INFO  safemode.SCMSafeModeManager (SCMSafeModeManager.java:validateSafeModeExitRules(214)) - ContainerSafeModeRule rule is successfully validated
2020-07-07 04:54:47,069 [RatisPipelineUtilsThread] ERROR pipeline.SCMPipelineManager (SCMPipelineManager.java:createPipeline(222)) - Failed to create pipeline of type RATIS and factor ONE. Exception: Cannot create pipeline of factor 1 using 0 nodes. Used 4 nodes. Healthy nodes 4
2020-07-07 04:54:47,069 [RatisPipelineUtilsThread] ERROR pipeline.SCMPipelineManager (SCMPipelineManager.java:createPipeline(222)) - Failed to create pipeline of type RATIS and factor THREE. Exception: Pipeline creation failed because nodes are engaged in other pipelines and every node can only be engaged in max 2 pipelines. Required 3. Found 1
2020-07-07 04:54:47,069 [EventQueue-NodeRegistrationContainerReportForDataNodeSafeModeRule] INFO  safemode.SCMSafeModeManager (SCMSafeModeManager.java:validateSafeModeExitRules(214)) - DataNodeSafeModeRule rule is successfully validated
2020-07-07 04:54:47,121 [IPC Server handler 5 on default port 41729] INFO  net.NetworkTopology (NetworkTopologyImpl.java:add(111)) - Added a new node: /default-rack/b4cbc94e-a0c4-4ad4-8347-afa6d31e032e
2020-07-07 04:54:47,121 [IPC Server handler 5 on default port 41729] INFO  node.SCMNodeManager (SCMNodeManager.java:register(268)) - Registered Data node : b4cbc94e-a0c4-4ad4-8347-afa6d31e032e{ip: 172.17.0.2, host: d53d11c09361, networkLocation: /default-rack, certSerialId: null}
2020-07-07 04:54:47,122 [EventQueue-NodeRegistrationContainerReportForDataNodeSafeModeRule] INFO  safemode.SCMSafeModeManager (SCMSafeModeManager.java:validateSafeModeExitRules(214)) - DataNodeSafeModeRule rule is successfully validated
2020-07-07 04:54:47,122 [EventQueue-NodeRegistrationContainerReportForContainerSafeModeRule] INFO  safemode.SCMSafeModeManager (SCMSafeModeManager.java:validateSafeModeExitRules(214)) - ContainerSafeModeRule rule is successfully validated
2020-07-07 04:54:47,122 [RatisPipelineUtilsThread] INFO  pipeline.RatisPipelineProvider (RatisPipelineProvider.java:lambda$create$0(138)) - Sending CreatePipelineCommand for pipeline:PipelineID=888bb53e-f643-4a5e-baff-477b4a60cd8c to datanode:b4cbc94e-a0c4-4ad4-8347-afa6d31e032e
2020-07-07 04:54:47,122 [RatisPipelineUtilsThread] INFO  pipeline.PipelineStateManager (PipelineStateManager.java:addPipeline(54)) - Created pipeline Pipeline[ Id: 888bb53e-f643-4a5e-baff-477b4a60cd8c, Nodes: b4cbc94e-a0c4-4ad4-8347-afa6d31e032e{ip: 172.17.0.2, host: d53d11c09361, networkLocation: /default-rack, certSerialId: null}, Type:RATIS, Factor:ONE, State:ALLOCATED, leaderId:, CreationTimestamp2020-07-07T04:54:47.122Z]
2020-07-07 04:54:47,124 [RatisPipelineUtilsThread] ERROR pipeline.SCMPipelineManager (SCMPipelineManager.java:createPipeline(222)) - Failed to create pipeline of type RATIS and factor ONE. Exception: Cannot create pipeline of factor 1 using 0 nodes. Used 5 nodes. Healthy nodes 5
2020-07-07 04:54:47,125 [RatisPipelineUtilsThread] ERROR pipeline.SCMPipelineManager (SCMPipelineManager.java:createPipeline(222)) - Failed to create pipeline of type RATIS and factor THREE. Exception: Pipeline creation failed because nodes are engaged in other pipelines and every node can only be engaged in max 2 pipelines. Required 3. Found 2
2020-07-07 04:54:47,172 [IPC Server handler 6 on default port 41729] INFO  net.NetworkTopology (NetworkTopologyImpl.java:add(111)) - Added a new node: /default-rack/3f0f6471-07a7-4b9b-821c-68adebd7d2e3
2020-07-07 04:54:47,173 [IPC Server handler 6 on default port 41729] INFO  node.SCMNodeManager (SCMNodeManager.java:register(268)) - Registered Data node : 3f0f6471-07a7-4b9b-821c-68adebd7d2e3{ip: 172.17.0.2, host: d53d11c09361, networkLocation: /default-rack, certSerialId: null}
2020-07-07 04:54:47,173 [RatisPipelineUtilsThread] INFO  pipeline.RatisPipelineProvider (RatisPipelineProvider.java:lambda$create$0(138)) - Sending CreatePipelineCommand for pipeline:PipelineID=1f0a2eb0-309b-42f2-9971-13380e399d11 to datanode:3f0f6471-07a7-4b9b-821c-68adebd7d2e3
2020-07-07 04:54:47,173 [RatisPipelineUtilsThread] INFO  pipeline.PipelineStateManager (PipelineStateManager.java:addPipeline(54)) - Created pipeline Pipeline[ Id: 1f0a2eb0-309b-42f2-9971-13380e399d11, Nodes: 3f0f6471-07a7-4b9b-821c-68adebd7d2e3{ip: 172.17.0.2, host: d53d11c09361, networkLocation: /default-rack, certSerialId: null}, Type:RATIS, Factor:ONE, State:ALLOCATED, leaderId:, CreationTimestamp2020-07-07T04:54:47.173Z]
2020-07-07 04:54:47,173 [RatisPipelineUtilsThread] ERROR pipeline.SCMPipelineManager (SCMPipelineManager.java:createPipeline(222)) - Failed to create pipeline of type RATIS and factor ONE. Exception: Cannot create pipeline of factor 1 using 0 nodes. Used 6 nodes. Healthy nodes 6
2020-07-07 04:54:47,174 [RatisPipelineUtilsThread] INFO  pipeline.RatisPipelineProvider (RatisPipelineProvider.java:lambda$create$0(138)) - Sending CreatePipelineCommand for pipeline:PipelineID=2edd039b-0aa8-4829-97f7-5b138b8c53d9 to datanode:b4cbc94e-a0c4-4ad4-8347-afa6d31e032e
2020-07-07 04:54:47,174 [RatisPipelineUtilsThread] INFO  pipeline.RatisPipelineProvider (RatisPipelineProvider.java:lambda$create$0(138)) - Sending CreatePipelineCommand for pipeline:PipelineID=2edd039b-0aa8-4829-97f7-5b138b8c53d9 to datanode:3f0f6471-07a7-4b9b-821c-68adebd7d2e3
2020-07-07 04:54:47,174 [RatisPipelineUtilsThread] INFO  pipeline.RatisPipelineProvider (RatisPipelineProvider.java:lambda$create$0(138)) - Sending CreatePipelineCommand for pipeline:PipelineID=2edd039b-0aa8-4829-97f7-5b138b8c53d9 to datanode:faaf968f-0fca-4e96-b7e0-547f8fed29e0
2020-07-07 04:54:47,174 [RatisPipelineUtilsThread] INFO  pipeline.PipelineStateManager (PipelineStateManager.java:addPipeline(54)) - Created pipeline Pipeline[ Id: 2edd039b-0aa8-4829-97f7-5b138b8c53d9, Nodes: b4cbc94e-a0c4-4ad4-8347-afa6d31e032e{ip: 172.17.0.2, host: d53d11c09361, networkLocation: /default-rack, certSerialId: null}3f0f6471-07a7-4b9b-821c-68adebd7d2e3{ip: 172.17.0.2, host: d53d11c09361, networkLocation: /default-rack, certSerialId: null}faaf968f-0fca-4e96-b7e0-547f8fed29e0{ip: 172.17.0.2, host: d53d11c09361, networkLocation: /default-rack, certSerialId: null}, Type:RATIS, Factor:THREE, State:ALLOCATED, leaderId:, CreationTimestamp2020-07-07T04:54:47.174Z]
2020-07-07 04:54:47,174 [RatisPipelineUtilsThread] ERROR pipeline.SCMPipelineManager (SCMPipelineManager.java:createPipeline(222)) - Failed to create pipeline of type RATIS and factor THREE. Exception: Pipeline creation failed because nodes are engaged in other pipelines and every node can only be engaged in max 2 pipelines. Required 3. Found 0
2020-07-07 04:54:47,175 [EventQueue-NodeRegistrationContainerReportForContainerSafeModeRule] INFO  safemode.SCMSafeModeManager (SCMSafeModeManager.java:validateSafeModeExitRules(214)) - ContainerSafeModeRule rule is successfully validated
2020-07-07 04:54:47,175 [EventQueue-NodeRegistrationContainerReportForDataNodeSafeModeRule] INFO  safemode.SCMSafeModeManager (SCMSafeModeManager.java:validateSafeModeExitRules(214)) - DataNodeSafeModeRule rule is successfully validated
2020-07-07 04:54:47,229 [IPC Server handler 7 on default port 41729] INFO  net.NetworkTopology (NetworkTopologyImpl.java:add(111)) - Added a new node: /default-rack/e48c4946-041b-4a5b-90ab-176302687b86
2020-07-07 04:54:47,229 [IPC Server handler 7 on default port 41729] INFO  node.SCMNodeManager (SCMNodeManager.java:register(268)) - Registered Data node : e48c4946-041b-4a5b-90ab-176302687b86{ip: 172.17.0.2, host: d53d11c09361, networkLocation: /default-rack, certSerialId: null}
2020-07-07 04:54:47,230 [EventQueue-NodeRegistrationContainerReportForContainerSafeModeRule] INFO  safemode.SCMSafeModeManager (SCMSafeModeManager.java:validateSafeModeExitRules(214)) - ContainerSafeModeRule rule is successfully validated
2020-07-07 04:54:47,230 [EventQueue-NodeRegistrationContainerReportForDataNodeSafeModeRule] INFO  safemode.SCMSafeModeManager (SCMSafeModeManager.java:validateSafeModeExitRules(214)) - DataNodeSafeModeRule rule is successfully validated
2020-07-07 04:54:47,230 [RatisPipelineUtilsThread] INFO  pipeline.RatisPipelineProvider (RatisPipelineProvider.java:lambda$create$0(138)) - Sending CreatePipelineCommand for pipeline:PipelineID=72c01868-d602-4700-bcbe-4438a7b4a6c2 to datanode:e48c4946-041b-4a5b-90ab-176302687b86
2020-07-07 04:54:47,230 [RatisPipelineUtilsThread] INFO  pipeline.PipelineStateManager (PipelineStateManager.java:addPipeline(54)) - Created pipeline Pipeline[ Id: 72c01868-d602-4700-bcbe-4438a7b4a6c2, Nodes: e48c4946-041b-4a5b-90ab-176302687b86{ip: 172.17.0.2, host: d53d11c09361, networkLocation: /default-rack, certSerialId: null}, Type:RATIS, Factor:ONE, State:ALLOCATED, leaderId:, CreationTimestamp2020-07-07T04:54:47.230Z]
2020-07-07 04:54:47,231 [RatisPipelineUtilsThread] ERROR pipeline.SCMPipelineManager (SCMPipelineManager.java:createPipeline(222)) - Failed to create pipeline of type RATIS and factor ONE. Exception: Cannot create pipeline of factor 1 using 0 nodes. Used 7 nodes. Healthy nodes 7
2020-07-07 04:54:47,231 [RatisPipelineUtilsThread] ERROR pipeline.SCMPipelineManager (SCMPipelineManager.java:createPipeline(222)) - Failed to create pipeline of type RATIS and factor THREE. Exception: Pipeline creation failed because nodes are engaged in other pipelines and every node can only be engaged in max 2 pipelines. Required 3. Found 1
2020-07-07 04:54:47,292 [IPC Server handler 8 on default port 41729] INFO  net.NetworkTopology (NetworkTopologyImpl.java:add(111)) - Added a new node: /default-rack/a62f0d4c-b40d-4885-8959-00b4626cec0c
2020-07-07 04:54:47,292 [IPC Server handler 8 on default port 41729] INFO  node.SCMNodeManager (SCMNodeManager.java:register(268)) - Registered Data node : a62f0d4c-b40d-4885-8959-00b4626cec0c{ip: 172.17.0.2, host: d53d11c09361, networkLocation: /default-rack, certSerialId: null}
2020-07-07 04:54:47,293 [EventQueue-NodeRegistrationContainerReportForDataNodeSafeModeRule] INFO  safemode.SCMSafeModeManager (SCMSafeModeManager.java:validateSafeModeExitRules(214)) - DataNodeSafeModeRule rule is successfully validated
2020-07-07 04:54:47,293 [EventQueue-NodeRegistrationContainerReportForContainerSafeModeRule] INFO  safemode.SCMSafeModeManager (SCMSafeModeManager.java:validateSafeModeExitRules(214)) - ContainerSafeModeRule rule is successfully validated
2020-07-07 04:54:47,293 [RatisPipelineUtilsThread] INFO  pipeline.RatisPipelineProvider (RatisPipelineProvider.java:lambda$create$0(138)) - Sending CreatePipelineCommand for pipeline:PipelineID=9561fadf-3ffa-4171-b6cd-1e2d28f166de to datanode:a62f0d4c-b40d-4885-8959-00b4626cec0c
2020-07-07 04:54:47,294 [RatisPipelineUtilsThread] INFO  pipeline.PipelineStateManager (PipelineStateManager.java:addPipeline(54)) - Created pipeline Pipeline[ Id: 9561fadf-3ffa-4171-b6cd-1e2d28f166de, Nodes: a62f0d4c-b40d-4885-8959-00b4626cec0c{ip: 172.17.0.2, host: d53d11c09361, networkLocation: /default-rack, certSerialId: null}, Type:RATIS, Factor:ONE, State:ALLOCATED, leaderId:, CreationTimestamp2020-07-07T04:54:47.293Z]
2020-07-07 04:54:47,294 [RatisPipelineUtilsThread] ERROR pipeline.SCMPipelineManager (SCMPipelineManager.java:createPipeline(222)) - Failed to create pipeline of type RATIS and factor ONE. Exception: Cannot create pipeline of factor 1 using 0 nodes. Used 8 nodes. Healthy nodes 8
2020-07-07 04:54:47,294 [RatisPipelineUtilsThread] ERROR pipeline.SCMPipelineManager (SCMPipelineManager.java:createPipeline(222)) - Failed to create pipeline of type RATIS and factor THREE. Exception: Pipeline creation failed because nodes are engaged in other pipelines and every node can only be engaged in max 2 pipelines. Required 3. Found 2
2020-07-07 04:54:47,340 [Listener at 127.0.0.1/42245] INFO  ozone.MiniOzoneClusterImpl (MiniOzoneClusterImpl.java:lambda$waitForClusterToBeReady$0(177)) - Waiting for nodes to be ready. Got 8 of 9 DN Heartbeats.
2020-07-07 04:54:47,340 [Listener at 127.0.0.1/42245] INFO  ozone.MiniOzoneClusterImpl (MiniOzoneClusterImpl.java:lambda$waitForClusterToBeReady$0(180)) - Waiting for cluster to exit safe mode
2020-07-07 04:54:47,343 [IPC Server handler 9 on default port 41729] INFO  net.NetworkTopology (NetworkTopologyImpl.java:add(111)) - Added a new node: /default-rack/850327c1-f3ee-4a2d-9c3d-5bffdb64e521
2020-07-07 04:54:47,343 [IPC Server handler 9 on default port 41729] INFO  node.SCMNodeManager (SCMNodeManager.java:register(268)) - Registered Data node : 850327c1-f3ee-4a2d-9c3d-5bffdb64e521{ip: 172.17.0.2, host: d53d11c09361, networkLocation: /default-rack, certSerialId: null}
2020-07-07 04:54:47,343 [RatisPipelineUtilsThread] INFO  pipeline.RatisPipelineProvider (RatisPipelineProvider.java:lambda$create$0(138)) - Sending CreatePipelineCommand for pipeline:PipelineID=168a164c-daca-49e2-ba4c-5a309f12f548 to datanode:850327c1-f3ee-4a2d-9c3d-5bffdb64e521
2020-07-07 04:54:47,343 [EventQueue-NodeRegistrationContainerReportForDataNodeSafeModeRule] INFO  safemode.SCMSafeModeManager (SCMSafeModeManager.java:validateSafeModeExitRules(214)) - DataNodeSafeModeRule rule is successfully validated
2020-07-07 04:54:47,344 [EventQueue-NodeRegistrationContainerReportForContainerSafeModeRule] INFO  safemode.SCMSafeModeManager (SCMSafeModeManager.java:validateSafeModeExitRules(214)) - ContainerSafeModeRule rule is successfully validated
2020-07-07 04:54:47,344 [RatisPipelineUtilsThread] INFO  pipeline.PipelineStateManager (PipelineStateManager.java:addPipeline(54)) - Created pipeline Pipeline[ Id: 168a164c-daca-49e2-ba4c-5a309f12f548, Nodes: 850327c1-f3ee-4a2d-9c3d-5bffdb64e521{ip: 172.17.0.2, host: d53d11c09361, networkLocation: /default-rack, certSerialId: null}, Type:RATIS, Factor:ONE, State:ALLOCATED, leaderId:, CreationTimestamp2020-07-07T04:54:47.343Z]
2020-07-07 04:54:47,344 [RatisPipelineUtilsThread] ERROR pipeline.SCMPipelineManager (SCMPipelineManager.java:createPipeline(222)) - Failed to create pipeline of type RATIS and factor ONE. Exception: Cannot create pipeline of factor 1 using 0 nodes. Used 9 nodes. Healthy nodes 9
2020-07-07 04:54:47,344 [RatisPipelineUtilsThread] INFO  pipeline.RatisPipelineProvider (RatisPipelineProvider.java:lambda$create$0(138)) - Sending CreatePipelineCommand for pipeline:PipelineID=00bd9342-b899-4510-816c-e8c64daf1bb3 to datanode:a62f0d4c-b40d-4885-8959-00b4626cec0c
2020-07-07 04:54:47,344 [RatisPipelineUtilsThread] INFO  pipeline.RatisPipelineProvider (RatisPipelineProvider.java:lambda$create$0(138)) - Sending CreatePipelineCommand for pipeline:PipelineID=00bd9342-b899-4510-816c-e8c64daf1bb3 to datanode:850327c1-f3ee-4a2d-9c3d-5bffdb64e521
2020-07-07 04:54:47,344 [RatisPipelineUtilsThread] INFO  pipeline.RatisPipelineProvider (RatisPipelineProvider.java:lambda$create$0(138)) - Sending CreatePipelineCommand for pipeline:PipelineID=00bd9342-b899-4510-816c-e8c64daf1bb3 to datanode:e48c4946-041b-4a5b-90ab-176302687b86
2020-07-07 04:54:47,345 [RatisPipelineUtilsThread] INFO  pipeline.PipelineStateManager (PipelineStateManager.java:addPipeline(54)) - Created pipeline Pipeline[ Id: 00bd9342-b899-4510-816c-e8c64daf1bb3, Nodes: a62f0d4c-b40d-4885-8959-00b4626cec0c{ip: 172.17.0.2, host: d53d11c09361, networkLocation: /default-rack, certSerialId: null}850327c1-f3ee-4a2d-9c3d-5bffdb64e521{ip: 172.17.0.2, host: d53d11c09361, networkLocation: /default-rack, certSerialId: null}e48c4946-041b-4a5b-90ab-176302687b86{ip: 172.17.0.2, host: d53d11c09361, networkLocation: /default-rack, certSerialId: null}, Type:RATIS, Factor:THREE, State:ALLOCATED, leaderId:, CreationTimestamp2020-07-07T04:54:47.344Z]
2020-07-07 04:54:47,345 [RatisPipelineUtilsThread] ERROR pipeline.SCMPipelineManager (SCMPipelineManager.java:createPipeline(222)) - Failed to create pipeline of type RATIS and factor THREE. Exception: Pipeline creation failed because nodes are engaged in other pipelines and every node can only be engaged in max 2 pipelines. Required 3. Found 0
2020-07-07 04:54:48,340 [Listener at 127.0.0.1/42245] INFO  ozone.MiniOzoneClusterImpl (MiniOzoneClusterImpl.java:lambda$waitForClusterToBeReady$0(177)) - Nodes are ready. Got 9 of 9 DN Heartbeats.
2020-07-07 04:54:48,341 [Listener at 127.0.0.1/42245] INFO  ozone.MiniOzoneClusterImpl (MiniOzoneClusterImpl.java:lambda$waitForClusterToBeReady$0(180)) - Waiting for cluster to exit safe mode
2020-07-07 04:54:49,341 [Listener at 127.0.0.1/42245] INFO  ozone.MiniOzoneClusterImpl (MiniOzoneClusterImpl.java:lambda$waitForClusterToBeReady$0(177)) - Nodes are ready. Got 9 of 9 DN Heartbeats.
2020-07-07 04:54:49,341 [Listener at 127.0.0.1/42245] INFO  ozone.MiniOzoneClusterImpl (MiniOzoneClusterImpl.java:lambda$waitForClusterToBeReady$0(180)) - Waiting for cluster to exit safe mode
2020-07-07 04:54:49,883 [Command processor thread] INFO  impl.RaftServerProxy (RaftServerProxy.java:addNew(89)) - 441cb323-c758-4204-8e94-c518eb7e3dfa: addNew group-9251E4935A46:[441cb323-c758-4204-8e94-c518eb7e3dfa:172.17.0.2:42479] returns group-9251E4935A46:java.util.concurrent.CompletableFuture@378f926d[Not completed]
2020-07-07 04:54:49,884 [pool-502-thread-1] INFO  impl.RaftServerImpl (RaftServerImpl.java:<init>(99)) - 441cb323-c758-4204-8e94-c518eb7e3dfa: new RaftServerImpl for group-9251E4935A46:[441cb323-c758-4204-8e94-c518eb7e3dfa:172.17.0.2:42479] with ContainerStateMachine:uninitialized
2020-07-07 04:54:49,884 [pool-502-thread-1] INFO  server.RaftServerConfigKeys (ConfUtils.java:logGet(44)) - raft.server.rpc.timeout.min = 5s (custom)
2020-07-07 04:54:49,884 [pool-502-thread-1] INFO  server.RaftServerConfigKeys (ConfUtils.java:logGet(44)) - raft.server.rpc.timeout.max = 5200ms (custom)
2020-07-07 04:54:49,885 [pool-502-thread-1] INFO  server.RaftServerConfigKeys (ConfUtils.java:logGet(44)) - raft.server.rpcslowness.timeout = 300000ms (custom)
2020-07-07 04:54:49,885 [pool-502-thread-1] INFO  server.RaftServerConfigKeys (ConfUtils.java:logGet(44)) - raft.server.sleep.deviation.threshold = 300 (default)
2020-07-07 04:54:49,885 [pool-502-thread-1] INFO  server.RaftServerConfigKeys (ConfUtils.java:logGet(44)) - raft.server.log.appender.install.snapshot.enabled = false (custom)
2020-07-07 04:54:49,885 [pool-502-thread-1] INFO  impl.RaftServerImpl (ServerState.java:<init>(103)) - 441cb323-c758-4204-8e94-c518eb7e3dfa@group-9251E4935A46: ConfigurationManager, init=-1: [441cb323-c758-4204-8e94-c518eb7e3dfa:172.17.0.2:42479], old=null, confs=<EMPTY_MAP>
2020-07-07 04:54:49,885 [pool-502-thread-1] INFO  server.RaftServerConfigKeys (ConfUtils.java:logGet(44)) - raft.server.storage.dir = [/github/workspace/mnt/ozone/hadoop-ozone/integration-test/target/test-dir/MiniOzoneClusterImpl-ddfb2fb6-1dd1-47df-b9d1-90c4649f621f/datanode-0/data/ratis] (custom)
2020-07-07 04:54:49,885 [pool-502-thread-1] INFO  server.RaftServerConfigKeys (ConfUtils.java:logGet(44)) - raft.server.log.corruption.policy = EXCEPTION (default)
2020-07-07 04:54:49,885 [pool-502-thread-1] INFO  storage.RaftStorageDirectory (RaftStorageDirectory.java:analyzeStorage(261)) - The storage directory /github/workspace/mnt/ozone/hadoop-ozone/integration-test/target/test-dir/MiniOzoneClusterImpl-ddfb2fb6-1dd1-47df-b9d1-90c4649f621f/datanode-0/data/ratis/c3389e05-2732-459b-b62c-9251e4935a46 does not exist. Creating ...
2020-07-07 04:54:49,887 [pool-502-thread-1] INFO  storage.RaftStorageDirectory (RaftStorageDirectory.java:tryLock(343)) - Lock on /github/workspace/mnt/ozone/hadoop-ozone/integration-test/target/test-dir/MiniOzoneClusterImpl-ddfb2fb6-1dd1-47df-b9d1-90c4649f621f/datanode-0/data/ratis/c3389e05-2732-459b-b62c-9251e4935a46/in_use.lock acquired by nodename 6181@d53d11c09361
2020-07-07 04:54:49,888 [pool-502-thread-1] INFO  storage.RaftStorage (RaftStorage.java:format(84)) - Storage directory /github/workspace/mnt/ozone/hadoop-ozone/integration-test/target/test-dir/MiniOzoneClusterImpl-ddfb2fb6-1dd1-47df-b9d1-90c4649f621f/datanode-0/data/ratis/c3389e05-2732-459b-b62c-9251e4935a46 has been successfully formatted.
2020-07-07 04:54:49,889 [pool-502-thread-1] INFO  ratis.ContainerStateMachine (ContainerStateMachine.java:loadSnapshot(225)) - group-9251E4935A46: The snapshot info is null. Setting the last applied indexto:(t:0, i:~)
2020-07-07 04:54:49,889 [pool-502-thread-1] INFO  server.RaftServerConfigKeys (ConfUtils.java:logGet(44)) - raft.server.notification.no-leader.timeout = 60s (default)
2020-07-07 04:54:49,889 [pool-502-thread-1] INFO  server.RaftServerConfigKeys (ConfUtils.java:logGet(44)) - raft.server.log.use.memory = false (default)
2020-07-07 04:54:49,889 [pool-502-thread-1] INFO  server.RaftServerConfigKeys (ConfUtils.java:logGet(44)) - raft.server.log.purge.gap = 1000000 (custom)
2020-07-07 04:54:49,889 [pool-502-thread-1] INFO  server.RaftServerConfigKeys (ConfUtils.java:logGet(44)) - raft.server.log.appender.buffer.byte-limit = 33554432 (custom)
2020-07-07 04:54:49,889 [pool-502-thread-1] INFO  server.RaftServerConfigKeys (ConfUtils.java:logGet(44)) - raft.server.log.segment.size.max = 1048576 (custom)
2020-07-07 04:54:49,890 [pool-502-thread-1] INFO  metrics.RatisMetrics (RatisMetrics.java:lambda$create$0(36)) - Creating Metrics Registry : ratis.log_worker.441cb323-c758-4204-8e94-c518eb7e3dfa@group-9251E4935A46
2020-07-07 04:54:49,890 [pool-502-thread-1] INFO  server.RaftServerConfigKeys (ConfUtils.java:logGet(44)) - raft.server.log.segment.cache.num.max = 2 (custom)
2020-07-07 04:54:49,890 [EventQueue-PipelineReportForPipelineReportHandler] INFO  pipeline.PipelineStateManager (PipelineStateManager.java:openPipeline(131)) - Pipeline Pipeline[ Id: c3389e05-2732-459b-b62c-9251e4935a46, Nodes: 441cb323-c758-4204-8e94-c518eb7e3dfa{ip: 172.17.0.2, host: d53d11c09361, networkLocation: /default-rack, certSerialId: null}, Type:RATIS, Factor:ONE, State:ALLOCATED, leaderId:441cb323-c758-4204-8e94-c518eb7e3dfa, CreationTimestamp2020-07-07T04:54:46.887Z] moved to OPEN state
2020-07-07 04:54:49,890 [pool-502-thread-1] INFO  segmented.SegmentedRaftLogWorker (SegmentedRaftLogWorker.java:<init>(180)) - new 441cb323-c758-4204-8e94-c518eb7e3dfa@group-9251E4935A46-SegmentedRaftLogWorker for RaftStorage:Storage Directory /github/workspace/mnt/ozone/hadoop-ozone/integration-test/target/test-dir/MiniOzoneClusterImpl-ddfb2fb6-1dd1-47df-b9d1-90c4649f621f/datanode-0/data/ratis/c3389e05-2732-459b-b62c-9251e4935a46
2020-07-07 04:54:49,891 [pool-502-thread-1] INFO  server.RaftServerConfigKeys (ConfUtils.java:logGet(44)) - raft.server.log.queue.byte-limit = 2147483647 (custom)
2020-07-07 04:54:49,891 [pool-502-thread-1] INFO  server.RaftServerConfigKeys (ConfUtils.java:logGet(44)) - raft.server.log.queue.element-limit = 1024 (custom)
2020-07-07 04:54:49,891 [pool-502-thread-1] INFO  server.RaftServerConfigKeys (ConfUtils.java:logGet(44)) - raft.server.log.segment.size.max = 1048576 (custom)
2020-07-07 04:54:49,891 [pool-502-thread-1] INFO  server.RaftServerConfigKeys (ConfUtils.java:logGet(44)) - raft.server.log.preallocated.size = 16384 (custom)
2020-07-07 04:54:49,891 [pool-502-thread-1] INFO  server.RaftServerConfigKeys (ConfUtils.java:logGet(44)) - raft.server.log.write.buffer.size = 1048576 (custom)
2020-07-07 04:54:49,891 [pool-502-thread-1] INFO  server.RaftServerConfigKeys (ConfUtils.java:logGet(44)) - raft.server.log.force.sync.num = 128 (default)
2020-07-07 04:54:49,891 [pool-502-thread-1] INFO  server.RaftServerConfigKeys (ConfUtils.java:logGet(44)) - raft.server.log.statemachine.data.sync = true (default)
2020-07-07 04:54:49,891 [pool-502-thread-1] INFO  server.RaftServerConfigKeys (ConfUtils.java:logGet(44)) - raft.server.log.statemachine.data.sync.timeout = 10s (default)
2020-07-07 04:54:49,891 [pool-502-thread-1] INFO  server.RaftServerConfigKeys (ConfUtils.java:logGet(44)) - raft.server.log.statemachine.data.sync.timeout.retry = -1 (default)
2020-07-07 04:54:49,891 [EventQueue-OpenPipelineForOneReplicaPipelineSafeModeRule] INFO  safemode.SCMSafeModeManager (SCMSafeModeManager.java:validateSafeModeExitRules(214)) - AtleastOneDatanodeReportedRule rule is successfully validated
2020-07-07 04:54:49,894 [pool-502-thread-1] INFO  server.RaftServerConfigKeys (ConfUtils.java:logGet(44)) - raft.server.log.statemachine.data.caching.enabled = true (custom)
2020-07-07 04:54:49,894 [pool-502-thread-1] INFO  segmented.SegmentedRaftLogWorker (SegmentedRaftLogWorker.java:lambda$new$0(129)) - 441cb323-c758-4204-8e94-c518eb7e3dfa@group-9251E4935A46-SegmentedRaftLogWorker: flushIndex: setUnconditionally 0 -> -1
2020-07-07 04:54:49,894 [pool-502-thread-1] INFO  segmented.SegmentedRaftLogWorker (SegmentedRaftLogWorker.java:lambda$new$0(129)) - 441cb323-c758-4204-8e94-c518eb7e3dfa@group-9251E4935A46-SegmentedRaftLogWorker: safeCacheEvictIndex: setUnconditionally 0 -> -1
2020-07-07 04:54:49,895 [EventQueue-OpenPipelineForHealthyPipelineSafeModeRule] INFO  safemode.SCMSafeModeManager (HealthyPipelineSafeModeRule.java:process(129)) - SCM in safe mode. Healthy pipelines reported count is 0, required healthy pipeline reported count is 1
2020-07-07 04:54:49,895 [pool-502-thread-1] INFO  server.RaftServerConfigKeys (ConfUtils.java:logGet(44)) - raft.server.snapshot.auto.trigger.enabled = true (custom)
2020-07-07 04:54:49,895 [pool-502-thread-1] INFO  server.RaftServerConfigKeys (ConfUtils.java:logGet(44)) - raft.server.snapshot.auto.trigger.threshold = 10000 (custom)
2020-07-07 04:54:49,895 [pool-502-thread-1] INFO  server.RaftServerConfigKeys (ConfUtils.java:logGet(44)) - raft.server.snapshot.retention.file.num = 5 (custom)
2020-07-07 04:54:49,895 [pool-502-thread-1] INFO  server.RaftServerConfigKeys (ConfUtils.java:logGet(44)) - raft.server.log.purge.upto.snapshot.index = false (default)
2020-07-07 04:54:49,895 [pool-502-thread-1] INFO  server.RaftServerConfigKeys (ConfUtils.java:logGet(44)) - raft.server.retrycache.expirytime = 600000ms (custom)
2020-07-07 04:54:49,895 [pool-502-thread-1] INFO  metrics.RatisMetrics (RatisMetrics.java:lambda$create$0(36)) - Creating Metrics Registry : ratis.leader_election.441cb323-c758-4204-8e94-c518eb7e3dfa@group-9251E4935A46
2020-07-07 04:54:49,896 [pool-502-thread-1] INFO  metrics.RatisMetrics (RatisMetrics.java:lambda$create$0(36)) - Creating Metrics Registry : ratis.server.441cb323-c758-4204-8e94-c518eb7e3dfa@group-9251E4935A46
2020-07-07 04:54:49,897 [pool-502-thread-1] INFO  impl.RaftServerImpl (RaftServerImpl.java:start(186)) - 441cb323-c758-4204-8e94-c518eb7e3dfa@group-9251E4935A46: start as a follower, conf=-1: [441cb323-c758-4204-8e94-c518eb7e3dfa:172.17.0.2:42479], old=null
2020-07-07 04:54:49,897 [pool-502-thread-1] INFO  impl.RaftServerImpl (RaftServerImpl.java:setRole(175)) - 441cb323-c758-4204-8e94-c518eb7e3dfa@group-9251E4935A46: changes role from      null to FOLLOWER at term 0 for startAsFollower
2020-07-07 04:54:49,897 [pool-502-thread-1] INFO  impl.RoleInfo (RoleInfo.java:updateAndGet(143)) - 441cb323-c758-4204-8e94-c518eb7e3dfa: start FollowerState
2020-07-07 04:54:49,898 [pool-502-thread-1] INFO  util.JmxRegister (JmxRegister.java:tryRegister(44)) - Successfully registered JMX Bean with object name Ratis:service=RaftServer,group=group-9251E4935A46,id=441cb323-c758-4204-8e94-c518eb7e3dfa
2020-07-07 04:54:49,898 [pool-502-thread-1] INFO  metrics.RatisMetrics (RatisMetrics.java:lambda$create$0(36)) - Creating Metrics Registry : ratis.state_machine.441cb323-c758-4204-8e94-c518eb7e3dfa@group-9251E4935A46
2020-07-07 04:54:49,899 [Command processor thread] INFO  commandhandler.CreatePipelineCommandHandler (CreatePipelineCommandHandler.java:handle(109)) - Created Pipeline RATIS ONE #id: "c3389e05-2732-459b-b62c-9251e4935a46"
uuid128 {
  mostSigBits: -4379576892648176229
  leastSigBits: -5319716179406529978
}
.
2020-07-07 04:54:49,899 [Command processor thread] INFO  impl.RaftServerProxy (RaftServerProxy.java:addNew(89)) - 441cb323-c758-4204-8e94-c518eb7e3dfa: addNew group-406F52C2C348:[2c88a600-62c8-44d6-86d4-28f745868ae9:172.17.0.2:35933, 441cb323-c758-4204-8e94-c518eb7e3dfa:172.17.0.2:42479, 49d4fddc-cd10-443b-a45d-8ada7c557abf:172.17.0.2:35683] returns group-406F52C2C348:java.util.concurrent.CompletableFuture@33b01044[Not completed]
2020-07-07 04:54:49,900 [pool-502-thread-1] INFO  impl.RaftServerImpl (RaftServerImpl.java:<init>(99)) - 441cb323-c758-4204-8e94-c518eb7e3dfa: new RaftServerImpl for group-406F52C2C348:[2c88a600-62c8-44d6-86d4-28f745868ae9:172.17.0.2:35933, 441cb323-c758-4204-8e94-c518eb7e3dfa:172.17.0.2:42479, 49d4fddc-cd10-443b-a45d-8ada7c557abf:172.17.0.2:35683] with ContainerStateMachine:uninitialized
2020-07-07 04:54:49,900 [pool-502-thread-1] INFO  server.RaftServerConfigKeys (ConfUtils.java:logGet(44)) - raft.server.rpc.timeout.min = 5s (custom)
2020-07-07 04:54:49,900 [pool-502-thread-1] INFO  server.RaftServerConfigKeys (ConfUtils.java:logGet(44)) - raft.server.rpc.timeout.max = 5200ms (custom)
2020-07-07 04:54:49,900 [pool-502-thread-1] INFO  server.RaftServerConfigKeys (ConfUtils.java:logGet(44)) - raft.server.rpcslowness.timeout = 300000ms (custom)
2020-07-07 04:54:49,900 [pool-502-thread-1] INFO  server.RaftServerConfigKeys (ConfUtils.java:logGet(44)) - raft.server.sleep.deviation.threshold = 300 (default)
2020-07-07 04:54:49,900 [pool-502-thread-1] INFO  server.RaftServerConfigKeys (ConfUtils.java:logGet(44)) - raft.server.log.appender.install.snapshot.enabled = false (custom)
2020-07-07 04:54:49,900 [pool-502-thread-1] INFO  impl.RaftServerImpl (ServerState.java:<init>(103)) - 441cb323-c758-4204-8e94-c518eb7e3dfa@group-406F52C2C348: ConfigurationManager, init=-1: [2c88a600-62c8-44d6-86d4-28f745868ae9:172.17.0.2:35933, 441cb323-c758-4204-8e94-c518eb7e3dfa:172.17.0.2:42479, 49d4fddc-cd10-443b-a45d-8ada7c557abf:172.17.0.2:35683], old=null, confs=<EMPTY_MAP>
2020-07-07 04:54:49,900 [pool-502-thread-1] INFO  server.RaftServerConfigKeys (ConfUtils.java:logGet(44)) - raft.server.storage.dir = [/github/workspace/mnt/ozone/hadoop-ozone/integration-test/target/test-dir/MiniOzoneClusterImpl-ddfb2fb6-1dd1-47df-b9d1-90c4649f621f/datanode-0/data/ratis] (custom)
2020-07-07 04:54:49,901 [pool-502-thread-1] INFO  server.RaftServerConfigKeys (ConfUtils.java:logGet(44)) - raft.server.log.corruption.policy = EXCEPTION (default)
2020-07-07 04:54:49,901 [pool-502-thread-1] INFO  storage.RaftStorageDirectory (RaftStorageDirectory.java:analyzeStorage(261)) - The storage directory /github/workspace/mnt/ozone/hadoop-ozone/integration-test/target/test-dir/MiniOzoneClusterImpl-ddfb2fb6-1dd1-47df-b9d1-90c4649f621f/datanode-0/data/ratis/0c546911-57de-4501-9d81-406f52c2c348 does not exist. Creating ...
2020-07-07 04:54:49,902 [pool-502-thread-1] INFO  storage.RaftStorageDirectory (RaftStorageDirectory.java:tryLock(343)) - Lock on /github/workspace/mnt/ozone/hadoop-ozone/integration-test/target/test-dir/MiniOzoneClusterImpl-ddfb2fb6-1dd1-47df-b9d1-90c4649f621f/datanode-0/data/ratis/0c546911-57de-4501-9d81-406f52c2c348/in_use.lock acquired by nodename 6181@d53d11c09361
2020-07-07 04:54:49,903 [pool-502-thread-1] INFO  storage.RaftStorage (RaftStorage.java:format(84)) - Storage directory /github/workspace/mnt/ozone/hadoop-ozone/integration-test/target/test-dir/MiniOzoneClusterImpl-ddfb2fb6-1dd1-47df-b9d1-90c4649f621f/datanode-0/data/ratis/0c546911-57de-4501-9d81-406f52c2c348 has been successfully formatted.
2020-07-07 04:54:49,903 [pool-502-thread-1] INFO  ratis.ContainerStateMachine (ContainerStateMachine.java:loadSnapshot(225)) - group-406F52C2C348: The snapshot info is null. Setting the last applied indexto:(t:0, i:~)
2020-07-07 04:54:49,904 [pool-502-thread-1] INFO  server.RaftServerConfigKeys (ConfUtils.java:logGet(44)) - raft.server.notification.no-leader.timeout = 60s (default)
2020-07-07 04:54:49,904 [pool-502-thread-1] INFO  server.RaftServerConfigKeys (ConfUtils.java:logGet(44)) - raft.server.log.use.memory = false (default)
2020-07-07 04:54:49,904 [pool-502-thread-1] INFO  server.RaftServerConfigKeys (ConfUtils.java:logGet(44)) - raft.server.log.purge.gap = 1000000 (custom)
2020-07-07 04:54:49,904 [pool-502-thread-1] INFO  server.RaftServerConfigKeys (ConfUtils.java:logGet(44)) - raft.server.log.appender.buffer.byte-limit = 33554432 (custom)
2020-07-07 04:54:49,904 [pool-502-thread-1] INFO  server.RaftServerConfigKeys (ConfUtils.java:logGet(44)) - raft.server.log.segment.size.max = 1048576 (custom)
2020-07-07 04:54:49,904 [pool-502-thread-1] INFO  metrics.RatisMetrics (RatisMetrics.java:lambda$create$0(36)) - Creating Metrics Registry : ratis.log_worker.441cb323-c758-4204-8e94-c518eb7e3dfa@group-406F52C2C348
2020-07-07 04:54:49,904 [pool-502-thread-1] INFO  server.RaftServerConfigKeys (ConfUtils.java:logGet(44)) - raft.server.log.segment.cache.num.max = 2 (custom)
2020-07-07 04:54:49,905 [pool-502-thread-1] INFO  segmented.SegmentedRaftLogWorker (SegmentedRaftLogWorker.java:<init>(180)) - new 441cb323-c758-4204-8e94-c518eb7e3dfa@group-406F52C2C348-SegmentedRaftLogWorker for RaftStorage:Storage Directory /github/workspace/mnt/ozone/hadoop-ozone/integration-test/target/test-dir/MiniOzoneClusterImpl-ddfb2fb6-1dd1-47df-b9d1-90c4649f621f/datanode-0/data/ratis/0c546911-57de-4501-9d81-406f52c2c348
2020-07-07 04:54:49,905 [pool-502-thread-1] INFO  server.RaftServerConfigKeys (ConfUtils.java:logGet(44)) - raft.server.log.queue.byte-limit = 2147483647 (custom)
2020-07-07 04:54:49,905 [pool-502-thread-1] INFO  server.RaftServerConfigKeys (ConfUtils.java:logGet(44)) - raft.server.log.queue.element-limit = 1024 (custom)
2020-07-07 04:54:49,905 [pool-502-thread-1] INFO  server.RaftServerConfigKeys (ConfUtils.java:logGet(44)) - raft.server.log.segment.size.max = 1048576 (custom)
2020-07-07 04:54:49,905 [pool-502-thread-1] INFO  server.RaftServerConfigKeys (ConfUtils.java:logGet(44)) - raft.server.log.preallocated.size = 16384 (custom)
2020-07-07 04:54:49,905 [pool-502-thread-1] INFO  server.RaftServerConfigKeys (ConfUtils.java:logGet(44)) - raft.server.log.write.buffer.size = 1048576 (custom)
2020-07-07 04:54:49,905 [pool-502-thread-1] INFO  server.RaftServerConfigKeys (ConfUtils.java:logGet(44)) - raft.server.log.force.sync.num = 128 (default)
2020-07-07 04:54:49,905 [pool-502-thread-1] INFO  server.RaftServerConfigKeys (ConfUtils.java:logGet(44)) - raft.server.log.statemachine.data.sync = true (default)
2020-07-07 04:54:49,905 [pool-502-thread-1] INFO  server.RaftServerConfigKeys (ConfUtils.java:logGet(44)) - raft.server.log.statemachine.data.sync.timeout = 10s (default)
2020-07-07 04:54:49,905 [pool-502-thread-1] INFO  server.RaftServerConfigKeys (ConfUtils.java:logGet(44)) - raft.server.log.statemachine.data.sync.timeout.retry = -1 (default)
2020-07-07 04:54:49,908 [pool-502-thread-1] INFO  server.RaftServerConfigKeys (ConfUtils.java:logGet(44)) - raft.server.log.statemachine.data.caching.enabled = true (custom)
2020-07-07 04:54:49,908 [pool-502-thread-1] INFO  segmented.SegmentedRaftLogWorker (SegmentedRaftLogWorker.java:lambda$new$0(129)) - 441cb323-c758-4204-8e94-c518eb7e3dfa@group-406F52C2C348-SegmentedRaftLogWorker: flushIndex: setUnconditionally 0 -> -1
2020-07-07 04:54:49,908 [pool-502-thread-1] INFO  segmented.SegmentedRaftLogWorker (SegmentedRaftLogWorker.java:lambda$new$0(129)) - 441cb323-c758-4204-8e94-c518eb7e3dfa@group-406F52C2C348-SegmentedRaftLogWorker: safeCacheEvictIndex: setUnconditionally 0 -> -1
2020-07-07 04:54:49,908 [pool-502-thread-1] INFO  server.RaftServerConfigKeys (ConfUtils.java:logGet(44)) - raft.server.snapshot.auto.trigger.enabled = true (custom)
2020-07-07 04:54:49,908 [pool-502-thread-1] INFO  server.RaftServerConfigKeys (ConfUtils.java:logGet(44)) - raft.server.snapshot.auto.trigger.threshold = 10000 (custom)
2020-07-07 04:54:49,908 [pool-502-thread-1] INFO  server.RaftServerConfigKeys (ConfUtils.java:logGet(44)) - raft.server.snapshot.retention.file.num = 5 (custom)
2020-07-07 04:54:49,908 [pool-502-thread-1] INFO  server.RaftServerConfigKeys (ConfUtils.java:logGet(44)) - raft.server.log.purge.upto.snapshot.index = false (default)
2020-07-07 04:54:49,908 [pool-502-thread-1] INFO  server.RaftServerConfigKeys (ConfUtils.java:logGet(44)) - raft.server.retrycache.expirytime = 600000ms (custom)
2020-07-07 04:54:49,908 [pool-502-thread-1] INFO  metrics.RatisMetrics (RatisMetrics.java:lambda$create$0(36)) - Creating Metrics Registry : ratis.leader_election.441cb323-c758-4204-8e94-c518eb7e3dfa@group-406F52C2C348
2020-07-07 04:54:49,909 [pool-502-thread-1] INFO  metrics.RatisMetrics (RatisMetrics.java:lambda$create$0(36)) - Creating Metrics Registry : ratis.server.441cb323-c758-4204-8e94-c518eb7e3dfa@group-406F52C2C348
2020-07-07 04:54:49,910 [pool-502-thread-1] INFO  impl.RaftServerImpl (RaftServerImpl.java:start(186)) - 441cb323-c758-4204-8e94-c518eb7e3dfa@group-406F52C2C348: start as a follower, conf=-1: [2c88a600-62c8-44d6-86d4-28f745868ae9:172.17.0.2:35933, 441cb323-c758-4204-8e94-c518eb7e3dfa:172.17.0.2:42479, 49d4fddc-cd10-443b-a45d-8ada7c557abf:172.17.0.2:35683], old=null
2020-07-07 04:54:49,910 [pool-502-thread-1] INFO  impl.RaftServerImpl (RaftServerImpl.java:setRole(175)) - 441cb323-c758-4204-8e94-c518eb7e3dfa@group-406F52C2C348: changes role from      null to FOLLOWER at term 0 for startAsFollower
2020-07-07 04:54:49,911 [pool-502-thread-1] INFO  impl.RoleInfo (RoleInfo.java:updateAndGet(143)) - 441cb323-c758-4204-8e94-c518eb7e3dfa: start FollowerState
2020-07-07 04:54:49,911 [pool-502-thread-1] INFO  util.JmxRegister (JmxRegister.java:tryRegister(44)) - Successfully registered JMX Bean with object name Ratis:service=RaftServer,group=group-406F52C2C348,id=441cb323-c758-4204-8e94-c518eb7e3dfa
2020-07-07 04:54:49,911 [pool-502-thread-1] INFO  metrics.RatisMetrics (RatisMetrics.java:lambda$create$0(36)) - Creating Metrics Registry : ratis.state_machine.441cb323-c758-4204-8e94-c518eb7e3dfa@group-406F52C2C348
2020-07-07 04:54:49,922 [grpc-default-executor-3] INFO  impl.RaftServerProxy (RaftServerProxy.java:addNew(89)) - 2c88a600-62c8-44d6-86d4-28f745868ae9: addNew group-406F52C2C348:[2c88a600-62c8-44d6-86d4-28f745868ae9:172.17.0.2:35933, 441cb323-c758-4204-8e94-c518eb7e3dfa:172.17.0.2:42479, 49d4fddc-cd10-443b-a45d-8ada7c557abf:172.17.0.2:35683] returns group-406F52C2C348:java.util.concurrent.CompletableFuture@278e73f8[Not completed]
2020-07-07 04:54:49,923 [pool-532-thread-1] INFO  impl.RaftServerImpl (RaftServerImpl.java:<init>(99)) - 2c88a600-62c8-44d6-86d4-28f745868ae9: new RaftServerImpl for group-406F52C2C348:[2c88a600-62c8-44d6-86d4-28f745868ae9:172.17.0.2:35933, 441cb323-c758-4204-8e94-c518eb7e3dfa:172.17.0.2:42479, 49d4fddc-cd10-443b-a45d-8ada7c557abf:172.17.0.2:35683] with ContainerStateMachine:uninitialized
2020-07-07 04:54:49,923 [pool-532-thread-1] INFO  server.RaftServerConfigKeys (ConfUtils.java:logGet(44)) - raft.server.rpc.timeout.min = 5s (custom)
2020-07-07 04:54:49,923 [pool-532-thread-1] INFO  server.RaftServerConfigKeys (ConfUtils.java:logGet(44)) - raft.server.rpc.timeout.max = 5200ms (custom)
2020-07-07 04:54:49,923 [pool-532-thread-1] INFO  server.RaftServerConfigKeys (ConfUtils.java:logGet(44)) - raft.server.rpcslowness.timeout = 300000ms (custom)
2020-07-07 04:54:49,923 [pool-532-thread-1] INFO  server.RaftServerConfigKeys (ConfUtils.java:logGet(44)) - raft.server.sleep.deviation.threshold = 300 (default)
2020-07-07 04:54:49,923 [pool-532-thread-1] INFO  server.RaftServerConfigKeys (ConfUtils.java:logGet(44)) - raft.server.log.appender.install.snapshot.enabled = false (custom)
2020-07-07 04:54:49,923 [pool-532-thread-1] INFO  impl.RaftServerImpl (ServerState.java:<init>(103)) - 2c88a600-62c8-44d6-86d4-28f745868ae9@group-406F52C2C348: ConfigurationManager, init=-1: [2c88a600-62c8-44d6-86d4-28f745868ae9:172.17.0.2:35933, 441cb323-c758-4204-8e94-c518eb7e3dfa:172.17.0.2:42479, 49d4fddc-cd10-443b-a45d-8ada7c557abf:172.17.0.2:35683], old=null, confs=<EMPTY_MAP>
2020-07-07 04:54:49,924 [pool-532-thread-1] INFO  server.RaftServerConfigKeys (ConfUtils.java:logGet(44)) - raft.server.storage.dir = [/github/workspace/mnt/ozone/hadoop-ozone/integration-test/target/test-dir/MiniOzoneClusterImpl-ddfb2fb6-1dd1-47df-b9d1-90c4649f621f/datanode-2/data/ratis] (custom)
2020-07-07 04:54:49,924 [pool-532-thread-1] INFO  server.RaftServerConfigKeys (ConfUtils.java:logGet(44)) - raft.server.log.corruption.policy = EXCEPTION (default)
2020-07-07 04:54:49,924 [pool-532-thread-1] INFO  storage.RaftStorageDirectory (RaftStorageDirectory.java:analyzeStorage(261)) - The storage directory /github/workspace/mnt/ozone/hadoop-ozone/integration-test/target/test-dir/MiniOzoneClusterImpl-ddfb2fb6-1dd1-47df-b9d1-90c4649f621f/datanode-2/data/ratis/0c546911-57de-4501-9d81-406f52c2c348 does not exist. Creating ...
2020-07-07 04:54:49,926 [pool-532-thread-1] INFO  storage.RaftStorageDirectory (RaftStorageDirectory.java:tryLock(343)) - Lock on /github/workspace/mnt/ozone/hadoop-ozone/integration-test/target/test-dir/MiniOzoneClusterImpl-ddfb2fb6-1dd1-47df-b9d1-90c4649f621f/datanode-2/data/ratis/0c546911-57de-4501-9d81-406f52c2c348/in_use.lock acquired by nodename 6181@d53d11c09361
2020-07-07 04:54:49,927 [pool-532-thread-1] INFO  storage.RaftStorage (RaftStorage.java:format(84)) - Storage directory /github/workspace/mnt/ozone/hadoop-ozone/integration-test/target/test-dir/MiniOzoneClusterImpl-ddfb2fb6-1dd1-47df-b9d1-90c4649f621f/datanode-2/data/ratis/0c546911-57de-4501-9d81-406f52c2c348 has been successfully formatted.
2020-07-07 04:54:49,928 [pool-532-thread-1] INFO  ratis.ContainerStateMachine (ContainerStateMachine.java:loadSnapshot(225)) - group-406F52C2C348: The snapshot info is null. Setting the last applied indexto:(t:0, i:~)
2020-07-07 04:54:49,928 [pool-532-thread-1] INFO  server.RaftServerConfigKeys (ConfUtils.java:logGet(44)) - raft.server.notification.no-leader.timeout = 60s (default)
2020-07-07 04:54:49,928 [pool-532-thread-1] INFO  server.RaftServerConfigKeys (ConfUtils.java:logGet(44)) - raft.server.log.use.memory = false (default)
2020-07-07 04:54:49,928 [pool-532-thread-1] INFO  server.RaftServerConfigKeys (ConfUtils.java:logGet(44)) - raft.server.log.purge.gap = 1000000 (custom)
2020-07-07 04:54:49,928 [pool-532-thread-1] INFO  server.RaftServerConfigKeys (ConfUtils.java:logGet(44)) - raft.server.log.appender.buffer.byte-limit = 33554432 (custom)
2020-07-07 04:54:49,928 [pool-532-thread-1] INFO  server.RaftServerConfigKeys (ConfUtils.java:logGet(44)) - raft.server.log.segment.size.max = 1048576 (custom)
2020-07-07 04:54:49,928 [pool-532-thread-1] INFO  metrics.RatisMetrics (RatisMetrics.java:lambda$create$0(36)) - Creating Metrics Registry : ratis.log_worker.2c88a600-62c8-44d6-86d4-28f745868ae9@group-406F52C2C348
2020-07-07 04:54:49,928 [pool-532-thread-1] INFO  server.RaftServerConfigKeys (ConfUtils.java:logGet(44)) - raft.server.log.segment.cache.num.max = 2 (custom)
2020-07-07 04:54:49,928 [pool-532-thread-1] INFO  segmented.SegmentedRaftLogWorker (SegmentedRaftLogWorker.java:<init>(180)) - new 2c88a600-62c8-44d6-86d4-28f745868ae9@group-406F52C2C348-SegmentedRaftLogWorker for RaftStorage:Storage Directory /github/workspace/mnt/ozone/hadoop-ozone/integration-test/target/test-dir/MiniOzoneClusterImpl-ddfb2fb6-1dd1-47df-b9d1-90c4649f621f/datanode-2/data/ratis/0c546911-57de-4501-9d81-406f52c2c348
2020-07-07 04:54:49,929 [pool-532-thread-1] INFO  server.RaftServerConfigKeys (ConfUtils.java:logGet(44)) - raft.server.log.queue.byte-limit = 2147483647 (custom)
2020-07-07 04:54:49,929 [pool-532-thread-1] INFO  server.RaftServerConfigKeys (ConfUtils.java:logGet(44)) - raft.server.log.queue.element-limit = 1024 (custom)
2020-07-07 04:54:49,929 [pool-532-thread-1] INFO  server.RaftServerConfigKeys (ConfUtils.java:logGet(44)) - raft.server.log.segment.size.max = 1048576 (custom)
2020-07-07 04:54:49,929 [pool-532-thread-1] INFO  server.RaftServerConfigKeys (ConfUtils.java:logGet(44)) - raft.server.log.preallocated.size = 16384 (custom)
2020-07-07 04:54:49,929 [pool-532-thread-1] INFO  server.RaftServerConfigKeys (ConfUtils.java:logGet(44)) - raft.server.log.write.buffer.size = 1048576 (custom)
2020-07-07 04:54:49,929 [pool-532-thread-1] INFO  server.RaftServerConfigKeys (ConfUtils.java:logGet(44)) - raft.server.log.force.sync.num = 128 (default)
2020-07-07 04:54:49,929 [pool-532-thread-1] INFO  server.RaftServerConfigKeys (ConfUtils.java:logGet(44)) - raft.server.log.statemachine.data.sync = true (default)
2020-07-07 04:54:49,929 [pool-532-thread-1] INFO  server.RaftServerConfigKeys (ConfUtils.java:logGet(44)) - raft.server.log.statemachine.data.sync.timeout = 10s (default)
2020-07-07 04:54:49,929 [pool-532-thread-1] INFO  server.RaftServerConfigKeys (ConfUtils.java:logGet(44)) - raft.server.log.statemachine.data.sync.timeout.retry = -1 (default)
2020-07-07 04:54:49,931 [pool-532-thread-1] INFO  server.RaftServerConfigKeys (ConfUtils.java:logGet(44)) - raft.server.log.statemachine.data.caching.enabled = true (custom)
2020-07-07 04:54:49,931 [pool-532-thread-1] INFO  segmented.SegmentedRaftLogWorker (SegmentedRaftLogWorker.java:lambda$new$0(129)) - 2c88a600-62c8-44d6-86d4-28f745868ae9@group-406F52C2C348-SegmentedRaftLogWorker: flushIndex: setUnconditionally 0 -> -1
2020-07-07 04:54:49,931 [pool-532-thread-1] INFO  segmented.SegmentedRaftLogWorker (SegmentedRaftLogWorker.java:lambda$new$0(129)) - 2c88a600-62c8-44d6-86d4-28f745868ae9@group-406F52C2C348-SegmentedRaftLogWorker: safeCacheEvictIndex: setUnconditionally 0 -> -1
2020-07-07 04:54:49,932 [pool-532-thread-1] INFO  server.RaftServerConfigKeys (ConfUtils.java:logGet(44)) - raft.server.snapshot.auto.trigger.enabled = true (custom)
2020-07-07 04:54:49,932 [pool-532-thread-1] INFO  server.RaftServerConfigKeys (ConfUtils.java:logGet(44)) - raft.server.snapshot.auto.trigger.threshold = 10000 (custom)
2020-07-07 04:54:49,932 [pool-532-thread-1] INFO  server.RaftServerConfigKeys (ConfUtils.java:logGet(44)) - raft.server.snapshot.retention.file.num = 5 (custom)
2020-07-07 04:54:49,933 [pool-532-thread-1] INFO  server.RaftServerConfigKeys (ConfUtils.java:logGet(44)) - raft.server.log.purge.upto.snapshot.index = false (default)
2020-07-07 04:54:49,933 [pool-532-thread-1] INFO  server.RaftServerConfigKeys (ConfUtils.java:logGet(44)) - raft.server.retrycache.expirytime = 600000ms (custom)
2020-07-07 04:54:49,933 [pool-532-thread-1] INFO  metrics.RatisMetrics (RatisMetrics.java:lambda$create$0(36)) - Creating Metrics Registry : ratis.leader_election.2c88a600-62c8-44d6-86d4-28f745868ae9@group-406F52C2C348
2020-07-07 04:54:49,934 [pool-532-thread-1] INFO  metrics.RatisMetrics (RatisMetrics.java:lambda$create$0(36)) - Creating Metrics Registry : ratis.server.2c88a600-62c8-44d6-86d4-28f745868ae9@group-406F52C2C348
2020-07-07 04:54:49,935 [pool-532-thread-1] INFO  impl.RaftServerImpl (RaftServerImpl.java:start(186)) - 2c88a600-62c8-44d6-86d4-28f745868ae9@group-406F52C2C348: start as a follower, conf=-1: [2c88a600-62c8-44d6-86d4-28f745868ae9:172.17.0.2:35933, 441cb323-c758-4204-8e94-c518eb7e3dfa:172.17.0.2:42479, 49d4fddc-cd10-443b-a45d-8ada7c557abf:172.17.0.2:35683], old=null
2020-07-07 04:54:49,935 [pool-532-thread-1] INFO  impl.RaftServerImpl (RaftServerImpl.java:setRole(175)) - 2c88a600-62c8-44d6-86d4-28f745868ae9@group-406F52C2C348: changes role from      null to FOLLOWER at term 0 for startAsFollower
2020-07-07 04:54:49,935 [pool-532-thread-1] INFO  impl.RoleInfo (RoleInfo.java:updateAndGet(143)) - 2c88a600-62c8-44d6-86d4-28f745868ae9: start FollowerState
2020-07-07 04:54:49,936 [pool-532-thread-1] INFO  util.JmxRegister (JmxRegister.java:tryRegister(44)) - Successfully registered JMX Bean with object name Ratis:service=RaftServer,group=group-406F52C2C348,id=2c88a600-62c8-44d6-86d4-28f745868ae9
2020-07-07 04:54:49,936 [pool-532-thread-1] INFO  metrics.RatisMetrics (RatisMetrics.java:lambda$create$0(36)) - Creating Metrics Registry : ratis.state_machine.2c88a600-62c8-44d6-86d4-28f745868ae9@group-406F52C2C348
2020-07-07 04:54:49,950 [grpc-default-executor-3] INFO  impl.RaftServerProxy (RaftServerProxy.java:addNew(89)) - 49d4fddc-cd10-443b-a45d-8ada7c557abf: addNew group-406F52C2C348:[2c88a600-62c8-44d6-86d4-28f745868ae9:172.17.0.2:35933, 441cb323-c758-4204-8e94-c518eb7e3dfa:172.17.0.2:42479, 49d4fddc-cd10-443b-a45d-8ada7c557abf:172.17.0.2:35683] returns group-406F52C2C348:java.util.concurrent.CompletableFuture@4b9ea343[Not completed]
2020-07-07 04:54:49,951 [pool-517-thread-1] INFO  impl.RaftServerImpl (RaftServerImpl.java:<init>(99)) - 49d4fddc-cd10-443b-a45d-8ada7c557abf: new RaftServerImpl for group-406F52C2C348:[2c88a600-62c8-44d6-86d4-28f745868ae9:172.17.0.2:35933, 441cb323-c758-4204-8e94-c518eb7e3dfa:172.17.0.2:42479, 49d4fddc-cd10-443b-a45d-8ada7c557abf:172.17.0.2:35683] with ContainerStateMachine:uninitialized
2020-07-07 04:54:49,951 [pool-517-thread-1] INFO  server.RaftServerConfigKeys (ConfUtils.java:logGet(44)) - raft.server.rpc.timeout.min = 5s (custom)
2020-07-07 04:54:49,951 [pool-517-thread-1] INFO  server.RaftServerConfigKeys (ConfUtils.java:logGet(44)) - raft.server.rpc.timeout.max = 5200ms (custom)
2020-07-07 04:54:49,951 [pool-517-thread-1] INFO  server.RaftServerConfigKeys (ConfUtils.java:logGet(44)) - raft.server.rpcslowness.timeout = 300000ms (custom)
2020-07-07 04:54:49,951 [pool-517-thread-1] INFO  server.RaftServerConfigKeys (ConfUtils.java:logGet(44)) - raft.server.sleep.deviation.threshold = 300 (default)
2020-07-07 04:54:49,952 [pool-517-thread-1] INFO  server.RaftServerConfigKeys (ConfUtils.java:logGet(44)) - raft.server.log.appender.install.snapshot.enabled = false (custom)
2020-07-07 04:54:49,952 [pool-517-thread-1] INFO  impl.RaftServerImpl (ServerState.java:<init>(103)) - 49d4fddc-cd10-443b-a45d-8ada7c557abf@group-406F52C2C348: ConfigurationManager, init=-1: [2c88a600-62c8-44d6-86d4-28f745868ae9:172.17.0.2:35933, 441cb323-c758-4204-8e94-c518eb7e3dfa:172.17.0.2:42479, 49d4fddc-cd10-443b-a45d-8ada7c557abf:172.17.0.2:35683], old=null, confs=<EMPTY_MAP>
2020-07-07 04:54:49,952 [pool-517-thread-1] INFO  server.RaftServerConfigKeys (ConfUtils.java:logGet(44)) - raft.server.storage.dir = [/github/workspace/mnt/ozone/hadoop-ozone/integration-test/target/test-dir/MiniOzoneClusterImpl-ddfb2fb6-1dd1-47df-b9d1-90c4649f621f/datanode-1/data/ratis] (custom)
2020-07-07 04:54:49,952 [pool-517-thread-1] INFO  server.RaftServerConfigKeys (ConfUtils.java:logGet(44)) - raft.server.log.corruption.policy = EXCEPTION (default)
2020-07-07 04:54:49,952 [pool-517-thread-1] INFO  storage.RaftStorageDirectory (RaftStorageDirectory.java:analyzeStorage(261)) - The storage directory /github/workspace/mnt/ozone/hadoop-ozone/integration-test/target/test-dir/MiniOzoneClusterImpl-ddfb2fb6-1dd1-47df-b9d1-90c4649f621f/datanode-1/data/ratis/0c546911-57de-4501-9d81-406f52c2c348 does not exist. Creating ...
2020-07-07 04:54:49,953 [pool-517-thread-1] INFO  storage.RaftStorageDirectory (RaftStorageDirectory.java:tryLock(343)) - Lock on /github/workspace/mnt/ozone/hadoop-ozone/integration-test/target/test-dir/MiniOzoneClusterImpl-ddfb2fb6-1dd1-47df-b9d1-90c4649f621f/datanode-1/data/ratis/0c546911-57de-4501-9d81-406f52c2c348/in_use.lock acquired by nodename 6181@d53d11c09361
2020-07-07 04:54:49,954 [pool-517-thread-1] INFO  storage.RaftStorage (RaftStorage.java:format(84)) - Storage directory /github/workspace/mnt/ozone/hadoop-ozone/integration-test/target/test-dir/MiniOzoneClusterImpl-ddfb2fb6-1dd1-47df-b9d1-90c4649f621f/datanode-1/data/ratis/0c546911-57de-4501-9d81-406f52c2c348 has been successfully formatted.
2020-07-07 04:54:49,956 [pool-517-thread-1] INFO  ratis.ContainerStateMachine (ContainerStateMachine.java:loadSnapshot(225)) - group-406F52C2C348: The snapshot info is null. Setting the last applied indexto:(t:0, i:~)
2020-07-07 04:54:49,956 [pool-517-thread-1] INFO  server.RaftServerConfigKeys (ConfUtils.java:logGet(44)) - raft.server.notification.no-leader.timeout = 60s (default)
2020-07-07 04:54:49,956 [pool-517-thread-1] INFO  server.RaftServerConfigKeys (ConfUtils.java:logGet(44)) - raft.server.log.use.memory = false (default)
2020-07-07 04:54:49,956 [pool-517-thread-1] INFO  server.RaftServerConfigKeys (ConfUtils.java:logGet(44)) - raft.server.log.purge.gap = 1000000 (custom)
2020-07-07 04:54:49,956 [pool-517-thread-1] INFO  server.RaftServerConfigKeys (ConfUtils.java:logGet(44)) - raft.server.log.appender.buffer.byte-limit = 33554432 (custom)
2020-07-07 04:54:49,956 [pool-517-thread-1] INFO  server.RaftServerConfigKeys (ConfUtils.java:logGet(44)) - raft.server.log.segment.size.max = 1048576 (custom)
2020-07-07 04:54:49,957 [pool-517-thread-1] INFO  metrics.RatisMetrics (RatisMetrics.java:lambda$create$0(36)) - Creating Metrics Registry : ratis.log_worker.49d4fddc-cd10-443b-a45d-8ada7c557abf@group-406F52C2C348
2020-07-07 04:54:49,957 [pool-517-thread-1] INFO  server.RaftServerConfigKeys (ConfUtils.java:logGet(44)) - raft.server.log.segment.cache.num.max = 2 (custom)
2020-07-07 04:54:49,957 [pool-517-thread-1] INFO  segmented.SegmentedRaftLogWorker (SegmentedRaftLogWorker.java:<init>(180)) - new 49d4fddc-cd10-443b-a45d-8ada7c557abf@group-406F52C2C348-SegmentedRaftLogWorker for RaftStorage:Storage Directory /github/workspace/mnt/ozone/hadoop-ozone/integration-test/target/test-dir/MiniOzoneClusterImpl-ddfb2fb6-1dd1-47df-b9d1-90c4649f621f/datanode-1/data/ratis/0c546911-57de-4501-9d81-406f52c2c348
2020-07-07 04:54:49,957 [pool-517-thread-1] INFO  server.RaftServerConfigKeys (ConfUtils.java:logGet(44)) - raft.server.log.queue.byte-limit = 2147483647 (custom)
2020-07-07 04:54:49,957 [pool-517-thread-1] INFO  server.RaftServerConfigKeys (ConfUtils.java:logGet(44)) - raft.server.log.queue.element-limit = 1024 (custom)
2020-07-07 04:54:49,957 [pool-517-thread-1] INFO  server.RaftServerConfigKeys (ConfUtils.java:logGet(44)) - raft.server.log.segment.size.max = 1048576 (custom)
2020-07-07 04:54:49,957 [pool-517-thread-1] INFO  server.RaftServerConfigKeys (ConfUtils.java:logGet(44)) - raft.server.log.preallocated.size = 16384 (custom)
2020-07-07 04:54:49,957 [pool-517-thread-1] INFO  server.RaftServerConfigKeys (ConfUtils.java:logGet(44)) - raft.server.log.write.buffer.size = 1048576 (custom)
2020-07-07 04:54:49,957 [pool-517-thread-1] INFO  server.RaftServerConfigKeys (ConfUtils.java:logGet(44)) - raft.server.log.force.sync.num = 128 (default)
2020-07-07 04:54:49,957 [pool-517-thread-1] INFO  server.RaftServerConfigKeys (ConfUtils.java:logGet(44)) - raft.server.log.statemachine.data.sync = true (default)
2020-07-07 04:54:49,957 [pool-517-thread-1] INFO  server.RaftServerConfigKeys (ConfUtils.java:logGet(44)) - raft.server.log.statemachine.data.sync.timeout = 10s (default)
2020-07-07 04:54:49,957 [pool-517-thread-1] INFO  server.RaftServerConfigKeys (ConfUtils.java:logGet(44)) - raft.server.log.statemachine.data.sync.timeout.retry = -1 (default)
2020-07-07 04:54:49,960 [pool-517-thread-1] INFO  server.RaftServerConfigKeys (ConfUtils.java:logGet(44)) - raft.server.log.statemachine.data.caching.enabled = true (custom)
2020-07-07 04:54:49,960 [pool-517-thread-1] INFO  segmented.SegmentedRaftLogWorker (SegmentedRaftLogWorker.java:lambda$new$0(129)) - 49d4fddc-cd10-443b-a45d-8ada7c557abf@group-406F52C2C348-SegmentedRaftLogWorker: flushIndex: setUnconditionally 0 -> -1
2020-07-07 04:54:49,960 [pool-517-thread-1] INFO  segmented.SegmentedRaftLogWorker (SegmentedRaftLogWorker.java:lambda$new$0(129)) - 49d4fddc-cd10-443b-a45d-8ada7c557abf@group-406F52C2C348-SegmentedRaftLogWorker: safeCacheEvictIndex: setUnconditionally 0 -> -1
2020-07-07 04:54:49,960 [pool-517-thread-1] INFO  server.RaftServerConfigKeys (ConfUtils.java:logGet(44)) - raft.server.snapshot.auto.trigger.enabled = true (custom)
2020-07-07 04:54:49,960 [pool-517-thread-1] INFO  server.RaftServerConfigKeys (ConfUtils.java:logGet(44)) - raft.server.snapshot.auto.trigger.threshold = 10000 (custom)
2020-07-07 04:54:49,960 [pool-517-thread-1] INFO  server.RaftServerConfigKeys (ConfUtils.java:logGet(44)) - raft.server.snapshot.retention.file.num = 5 (custom)
2020-07-07 04:54:49,960 [pool-517-thread-1] INFO  server.RaftServerConfigKeys (ConfUtils.java:logGet(44)) - raft.server.log.purge.upto.snapshot.index = false (default)
2020-07-07 04:54:49,960 [pool-517-thread-1] INFO  server.RaftServerConfigKeys (ConfUtils.java:logGet(44)) - raft.server.retrycache.expirytime = 600000ms (custom)
2020-07-07 04:54:49,960 [pool-517-thread-1] INFO  metrics.RatisMetrics (RatisMetrics.java:lambda$create$0(36)) - Creating Metrics Registry : ratis.leader_election.49d4fddc-cd10-443b-a45d-8ada7c557abf@group-406F52C2C348
2020-07-07 04:54:49,961 [pool-517-thread-1] INFO  metrics.RatisMetrics (RatisMetrics.java:lambda$create$0(36)) - Creating Metrics Registry : ratis.server.49d4fddc-cd10-443b-a45d-8ada7c557abf@group-406F52C2C348
2020-07-07 04:54:49,962 [Command processor thread] INFO  impl.RaftServerProxy (RaftServerProxy.java:addNew(89)) - 49d4fddc-cd10-443b-a45d-8ada7c557abf: addNew group-FFDB633CFC34:[49d4fddc-cd10-443b-a45d-8ada7c557abf:172.17.0.2:35683] returns group-FFDB633CFC34:java.util.concurrent.CompletableFuture@2ddbacef[Not completed]
2020-07-07 04:54:49,965 [pool-517-thread-1] INFO  impl.RaftServerImpl (RaftServerImpl.java:<init>(99)) - 49d4fddc-cd10-443b-a45d-8ada7c557abf: new RaftServerImpl for group-FFDB633CFC34:[49d4fddc-cd10-443b-a45d-8ada7c557abf:172.17.0.2:35683] with ContainerStateMachine:uninitialized
2020-07-07 04:54:49,965 [pool-517-thread-1] INFO  server.RaftServerConfigKeys (ConfUtils.java:logGet(44)) - raft.server.rpc.timeout.min = 5s (custom)
2020-07-07 04:54:49,965 [pool-517-thread-1] INFO  server.RaftServerConfigKeys (ConfUtils.java:logGet(44)) - raft.server.rpc.timeout.max = 5200ms (custom)
2020-07-07 04:54:49,965 [pool-517-thread-1] INFO  server.RaftServerConfigKeys (ConfUtils.java:logGet(44)) - raft.server.rpcslowness.timeout = 300000ms (custom)
2020-07-07 04:54:49,965 [pool-517-thread-1] INFO  server.RaftServerConfigKeys (ConfUtils.java:logGet(44)) - raft.server.sleep.deviation.threshold = 300 (default)
2020-07-07 04:54:49,965 [pool-517-thread-1] INFO  server.RaftServerConfigKeys (ConfUtils.java:logGet(44)) - raft.server.log.appender.install.snapshot.enabled = false (custom)
2020-07-07 04:54:49,965 [pool-517-thread-1] INFO  impl.RaftServerImpl (ServerState.java:<init>(103)) - 49d4fddc-cd10-443b-a45d-8ada7c557abf@group-FFDB633CFC34: ConfigurationManager, init=-1: [49d4fddc-cd10-443b-a45d-8ada7c557abf:172.17.0.2:35683], old=null, confs=<EMPTY_MAP>
2020-07-07 04:54:49,966 [pool-517-thread-1] INFO  server.RaftServerConfigKeys (ConfUtils.java:logGet(44)) - raft.server.storage.dir = [/github/workspace/mnt/ozone/hadoop-ozone/integration-test/target/test-dir/MiniOzoneClusterImpl-ddfb2fb6-1dd1-47df-b9d1-90c4649f621f/datanode-1/data/ratis] (custom)
2020-07-07 04:54:49,966 [pool-517-thread-1] INFO  server.RaftServerConfigKeys (ConfUtils.java:logGet(44)) - raft.server.log.corruption.policy = EXCEPTION (default)
2020-07-07 04:54:49,966 [pool-517-thread-1] INFO  storage.RaftStorageDirectory (RaftStorageDirectory.java:analyzeStorage(261)) - The storage directory /github/workspace/mnt/ozone/hadoop-ozone/integration-test/target/test-dir/MiniOzoneClusterImpl-ddfb2fb6-1dd1-47df-b9d1-90c4649f621f/datanode-1/data/ratis/3d2d14b0-1c88-4076-b744-ffdb633cfc34 does not exist. Creating ...
2020-07-07 04:54:49,967 [pool-517-thread-1] INFO  storage.RaftStorageDirectory (RaftStorageDirectory.java:tryLock(343)) - Lock on /github/workspace/mnt/ozone/hadoop-ozone/integration-test/target/test-dir/MiniOzoneClusterImpl-ddfb2fb6-1dd1-47df-b9d1-90c4649f621f/datanode-1/data/ratis/3d2d14b0-1c88-4076-b744-ffdb633cfc34/in_use.lock acquired by nodename 6181@d53d11c09361
2020-07-07 04:54:49,968 [pool-517-thread-1] INFO  storage.RaftStorage (RaftStorage.java:format(84)) - Storage directory /github/workspace/mnt/ozone/hadoop-ozone/integration-test/target/test-dir/MiniOzoneClusterImpl-ddfb2fb6-1dd1-47df-b9d1-90c4649f621f/datanode-1/data/ratis/3d2d14b0-1c88-4076-b744-ffdb633cfc34 has been successfully formatted.
2020-07-07 04:54:49,969 [pool-517-thread-1] INFO  ratis.ContainerStateMachine (ContainerStateMachine.java:loadSnapshot(225)) - group-FFDB633CFC34: The snapshot info is null. Setting the last applied indexto:(t:0, i:~)
2020-07-07 04:54:49,969 [pool-517-thread-1] INFO  server.RaftServerConfigKeys (ConfUtils.java:logGet(44)) - raft.server.notification.no-leader.timeout = 60s (default)
2020-07-07 04:54:49,969 [EventQueue-PipelineReportForPipelineReportHandler] INFO  pipeline.PipelineStateManager (PipelineStateManager.java:openPipeline(131)) - Pipeline Pipeline[ Id: 3d2d14b0-1c88-4076-b744-ffdb633cfc34, Nodes: 49d4fddc-cd10-443b-a45d-8ada7c557abf{ip: 172.17.0.2, host: d53d11c09361, networkLocation: /default-rack, certSerialId: null}, Type:RATIS, Factor:ONE, State:ALLOCATED, leaderId:49d4fddc-cd10-443b-a45d-8ada7c557abf, CreationTimestamp2020-07-07T04:54:46.963Z] moved to OPEN state
2020-07-07 04:54:49,970 [pool-517-thread-1] INFO  server.RaftServerConfigKeys (ConfUtils.java:logGet(44)) - raft.server.log.use.memory = false (default)
2020-07-07 04:54:49,970 [EventQueue-OpenPipelineForHealthyPipelineSafeModeRule] INFO  safemode.SCMSafeModeManager (HealthyPipelineSafeModeRule.java:process(129)) - SCM in safe mode. Healthy pipelines reported count is 0, required healthy pipeline reported count is 1
2020-07-07 04:54:49,970 [EventQueue-OpenPipelineForOneReplicaPipelineSafeModeRule] INFO  safemode.SCMSafeModeManager (SCMSafeModeManager.java:validateSafeModeExitRules(214)) - AtleastOneDatanodeReportedRule rule is successfully validated
2020-07-07 04:54:49,970 [pool-517-thread-1] INFO  server.RaftServerConfigKeys (ConfUtils.java:logGet(44)) - raft.server.log.purge.gap = 1000000 (custom)
2020-07-07 04:54:49,970 [pool-517-thread-1] INFO  server.RaftServerConfigKeys (ConfUtils.java:logGet(44)) - raft.server.log.appender.buffer.byte-limit = 33554432 (custom)
2020-07-07 04:54:49,970 [pool-517-thread-1] INFO  server.RaftServerConfigKeys (ConfUtils.java:logGet(44)) - raft.server.log.segment.size.max = 1048576 (custom)
2020-07-07 04:54:49,970 [pool-517-thread-1] INFO  metrics.RatisMetrics (RatisMetrics.java:lambda$create$0(36)) - Creating Metrics Registry : ratis.log_worker.49d4fddc-cd10-443b-a45d-8ada7c557abf@group-FFDB633CFC34
2020-07-07 04:54:49,970 [pool-517-thread-1] INFO  server.RaftServerConfigKeys (ConfUtils.java:logGet(44)) - raft.server.log.segment.cache.num.max = 2 (custom)
2020-07-07 04:54:49,970 [pool-517-thread-1] INFO  segmented.SegmentedRaftLogWorker (SegmentedRaftLogWorker.java:<init>(180)) - new 49d4fddc-cd10-443b-a45d-8ada7c557abf@group-FFDB633CFC34-SegmentedRaftLogWorker for RaftStorage:Storage Directory /github/workspace/mnt/ozone/hadoop-ozone/integration-test/target/test-dir/MiniOzoneClusterImpl-ddfb2fb6-1dd1-47df-b9d1-90c4649f621f/datanode-1/data/ratis/3d2d14b0-1c88-4076-b744-ffdb633cfc34
2020-07-07 04:54:49,970 [pool-517-thread-1] INFO  server.RaftServerConfigKeys (ConfUtils.java:logGet(44)) - raft.server.log.queue.byte-limit = 2147483647 (custom)
2020-07-07 04:54:49,971 [pool-517-thread-1] INFO  server.RaftServerConfigKeys (ConfUtils.java:logGet(44)) - raft.server.log.queue.element-limit = 1024 (custom)
2020-07-07 04:54:49,971 [pool-517-thread-1] INFO  server.RaftServerConfigKeys (ConfUtils.java:logGet(44)) - raft.server.log.segment.size.max = 1048576 (custom)
2020-07-07 04:54:49,971 [pool-517-thread-1] INFO  server.RaftServerConfigKeys (ConfUtils.java:logGet(44)) - raft.server.log.preallocated.size = 16384 (custom)
2020-07-07 04:54:49,971 [pool-517-thread-1] INFO  server.RaftServerConfigKeys (ConfUtils.java:logGet(44)) - raft.server.log.write.buffer.size = 1048576 (custom)
2020-07-07 04:54:49,971 [pool-517-thread-1] INFO  server.RaftServerConfigKeys (ConfUtils.java:logGet(44)) - raft.server.log.force.sync.num = 128 (default)
2020-07-07 04:54:49,971 [pool-517-thread-1] INFO  server.RaftServerConfigKeys (ConfUtils.java:logGet(44)) - raft.server.log.statemachine.data.sync = true (default)
2020-07-07 04:54:49,971 [pool-517-thread-1] INFO  server.RaftServerConfigKeys (ConfUtils.java:logGet(44)) - raft.server.log.statemachine.data.sync.timeout = 10s (default)
2020-07-07 04:54:49,971 [pool-517-thread-1] INFO  server.RaftServerConfigKeys (ConfUtils.java:logGet(44)) - raft.server.log.statemachine.data.sync.timeout.retry = -1 (default)
2020-07-07 04:54:49,973 [pool-517-thread-1] INFO  server.RaftServerConfigKeys (ConfUtils.java:logGet(44)) - raft.server.log.statemachine.data.caching.enabled = true (custom)
2020-07-07 04:54:49,973 [pool-517-thread-1] INFO  segmented.SegmentedRaftLogWorker (SegmentedRaftLogWorker.java:lambda$new$0(129)) - 49d4fddc-cd10-443b-a45d-8ada7c557abf@group-FFDB633CFC34-SegmentedRaftLogWorker: flushIndex: setUnconditionally 0 -> -1
2020-07-07 04:54:49,973 [pool-517-thread-1] INFO  segmented.SegmentedRaftLogWorker (SegmentedRaftLogWorker.java:lambda$new$0(129)) - 49d4fddc-cd10-443b-a45d-8ada7c557abf@group-FFDB633CFC34-SegmentedRaftLogWorker: safeCacheEvictIndex: setUnconditionally 0 -> -1
2020-07-07 04:54:49,974 [pool-517-thread-1] INFO  server.RaftServerConfigKeys (ConfUtils.java:logGet(44)) - raft.server.snapshot.auto.trigger.enabled = true (custom)
2020-07-07 04:54:49,974 [pool-517-thread-1] INFO  server.RaftServerConfigKeys (ConfUtils.java:logGet(44)) - raft.server.snapshot.auto.trigger.threshold = 10000 (custom)
2020-07-07 04:54:49,974 [pool-517-thread-1] INFO  server.RaftServerConfigKeys (ConfUtils.java:logGet(44)) - raft.server.snapshot.retention.file.num = 5 (custom)
2020-07-07 04:54:49,974 [pool-517-thread-1] INFO  server.RaftServerConfigKeys (ConfUtils.java:logGet(44)) - raft.server.log.purge.upto.snapshot.index = false (default)
2020-07-07 04:54:49,974 [pool-517-thread-1] INFO  server.RaftServerConfigKeys (ConfUtils.java:logGet(44)) - raft.server.retrycache.expirytime = 600000ms (custom)
2020-07-07 04:54:49,974 [pool-517-thread-1] INFO  metrics.RatisMetrics (RatisMetrics.java:lambda$create$0(36)) - Creating Metrics Registry : ratis.leader_election.49d4fddc-cd10-443b-a45d-8ada7c557abf@group-FFDB633CFC34
2020-07-07 04:54:49,975 [pool-517-thread-1] INFO  metrics.RatisMetrics (RatisMetrics.java:lambda$create$0(36)) - Creating Metrics Registry : ratis.server.49d4fddc-cd10-443b-a45d-8ada7c557abf@group-FFDB633CFC34
2020-07-07 04:54:49,976 [pool-517-thread-1] INFO  impl.RaftServerImpl (RaftServerImpl.java:start(186)) - 49d4fddc-cd10-443b-a45d-8ada7c557abf@group-406F52C2C348: start as a follower, conf=-1: [2c88a600-62c8-44d6-86d4-28f745868ae9:172.17.0.2:35933, 441cb323-c758-4204-8e94-c518eb7e3dfa:172.17.0.2:42479, 49d4fddc-cd10-443b-a45d-8ada7c557abf:172.17.0.2:35683], old=null
2020-07-07 04:54:49,976 [pool-517-thread-1] INFO  impl.RaftServerImpl (RaftServerImpl.java:setRole(175)) - 49d4fddc-cd10-443b-a45d-8ada7c557abf@group-406F52C2C348: changes role from      null to FOLLOWER at term 0 for startAsFollower
2020-07-07 04:54:49,976 [pool-517-thread-1] INFO  impl.RoleInfo (RoleInfo.java:updateAndGet(143)) - 49d4fddc-cd10-443b-a45d-8ada7c557abf: start FollowerState
2020-07-07 04:54:49,976 [pool-517-thread-1] INFO  util.JmxRegister (JmxRegister.java:tryRegister(44)) - Successfully registered JMX Bean with object name Ratis:service=RaftServer,group=group-406F52C2C348,id=49d4fddc-cd10-443b-a45d-8ada7c557abf
2020-07-07 04:54:49,976 [pool-517-thread-1] INFO  metrics.RatisMetrics (RatisMetrics.java:lambda$create$0(36)) - Creating Metrics Registry : ratis.state_machine.49d4fddc-cd10-443b-a45d-8ada7c557abf@group-406F52C2C348
2020-07-07 04:54:49,978 [pool-517-thread-1] INFO  impl.RaftServerImpl (RaftServerImpl.java:start(186)) - 49d4fddc-cd10-443b-a45d-8ada7c557abf@group-FFDB633CFC34: start as a follower, conf=-1: [49d4fddc-cd10-443b-a45d-8ada7c557abf:172.17.0.2:35683], old=null
2020-07-07 04:54:49,978 [pool-517-thread-1] INFO  impl.RaftServerImpl (RaftServerImpl.java:setRole(175)) - 49d4fddc-cd10-443b-a45d-8ada7c557abf@group-FFDB633CFC34: changes role from      null to FOLLOWER at term 0 for startAsFollower
2020-07-07 04:54:49,978 [pool-517-thread-1] INFO  impl.RoleInfo (RoleInfo.java:updateAndGet(143)) - 49d4fddc-cd10-443b-a45d-8ada7c557abf: start FollowerState
2020-07-07 04:54:49,986 [pool-517-thread-1] INFO  util.JmxRegister (JmxRegister.java:tryRegister(44)) - Successfully registered JMX Bean with object name Ratis:service=RaftServer,group=group-FFDB633CFC34,id=49d4fddc-cd10-443b-a45d-8ada7c557abf
2020-07-07 04:54:49,986 [pool-517-thread-1] INFO  metrics.RatisMetrics (RatisMetrics.java:lambda$create$0(36)) - Creating Metrics Registry : ratis.state_machine.49d4fddc-cd10-443b-a45d-8ada7c557abf@group-FFDB633CFC34
2020-07-07 04:54:49,988 [Command processor thread] INFO  commandhandler.CreatePipelineCommandHandler (CreatePipelineCommandHandler.java:handle(109)) - Created Pipeline RATIS ONE #id: "3d2d14b0-1c88-4076-b744-ffdb633cfc34"
uuid128 {
  mostSigBits: 4408202356891074678
  leastSigBits: -5240782748624552908
}
.
2020-07-07 04:54:49,995 [Command processor thread] INFO  commandhandler.CreatePipelineCommandHandler (CreatePipelineCommandHandler.java:handle(109)) - Created Pipeline RATIS THREE #id: "0c546911-57de-4501-9d81-406f52c2c348"
uuid128 {
  mostSigBits: 888450549708375297
  leastSigBits: -7097320690885147832
}
.
2020-07-07 04:54:50,027 [Command processor thread] INFO  impl.RaftServerProxy (RaftServerProxy.java:addNew(89)) - 2c88a600-62c8-44d6-86d4-28f745868ae9: addNew group-AAAE33B07054:[2c88a600-62c8-44d6-86d4-28f745868ae9:172.17.0.2:35933] returns group-AAAE33B07054:java.util.concurrent.CompletableFuture@49c04081[Not completed]
2020-07-07 04:54:50,028 [pool-532-thread-1] INFO  impl.RaftServerImpl (RaftServerImpl.java:<init>(99)) - 2c88a600-62c8-44d6-86d4-28f745868ae9: new RaftServerImpl for group-AAAE33B07054:[2c88a600-62c8-44d6-86d4-28f745868ae9:172.17.0.2:35933] with ContainerStateMachine:uninitialized
2020-07-07 04:54:50,028 [pool-532-thread-1] INFO  server.RaftServerConfigKeys (ConfUtils.java:logGet(44)) - raft.server.rpc.timeout.min = 5s (custom)
2020-07-07 04:54:50,028 [pool-532-thread-1] INFO  server.RaftServerConfigKeys (ConfUtils.java:logGet(44)) - raft.server.rpc.timeout.max = 5200ms (custom)
2020-07-07 04:54:50,028 [pool-532-thread-1] INFO  server.RaftServerConfigKeys (ConfUtils.java:logGet(44)) - raft.server.rpcslowness.timeout = 300000ms (custom)
2020-07-07 04:54:50,028 [pool-532-thread-1] INFO  server.RaftServerConfigKeys (ConfUtils.java:logGet(44)) - raft.server.sleep.deviation.threshold = 300 (default)
2020-07-07 04:54:50,028 [pool-532-thread-1] INFO  server.RaftServerConfigKeys (ConfUtils.java:logGet(44)) - raft.server.log.appender.install.snapshot.enabled = false (custom)
2020-07-07 04:54:50,028 [pool-532-thread-1] INFO  impl.RaftServerImpl (ServerState.java:<init>(103)) - 2c88a600-62c8-44d6-86d4-28f745868ae9@group-AAAE33B07054: ConfigurationManager, init=-1: [2c88a600-62c8-44d6-86d4-28f745868ae9:172.17.0.2:35933], old=null, confs=<EMPTY_MAP>
2020-07-07 04:54:50,028 [pool-532-thread-1] INFO  server.RaftServerConfigKeys (ConfUtils.java:logGet(44)) - raft.server.storage.dir = [/github/workspace/mnt/ozone/hadoop-ozone/integration-test/target/test-dir/MiniOzoneClusterImpl-ddfb2fb6-1dd1-47df-b9d1-90c4649f621f/datanode-2/data/ratis] (custom)
2020-07-07 04:54:50,028 [pool-532-thread-1] INFO  server.RaftServerConfigKeys (ConfUtils.java:logGet(44)) - raft.server.log.corruption.policy = EXCEPTION (default)
2020-07-07 04:54:50,029 [pool-532-thread-1] INFO  storage.RaftStorageDirectory (RaftStorageDirectory.java:analyzeStorage(261)) - The storage directory /github/workspace/mnt/ozone/hadoop-ozone/integration-test/target/test-dir/MiniOzoneClusterImpl-ddfb2fb6-1dd1-47df-b9d1-90c4649f621f/datanode-2/data/ratis/8c4df536-6802-49c5-b252-aaae33b07054 does not exist. Creating ...
2020-07-07 04:54:50,030 [pool-532-thread-1] INFO  storage.RaftStorageDirectory (RaftStorageDirectory.java:tryLock(343)) - Lock on /github/workspace/mnt/ozone/hadoop-ozone/integration-test/target/test-dir/MiniOzoneClusterImpl-ddfb2fb6-1dd1-47df-b9d1-90c4649f621f/datanode-2/data/ratis/8c4df536-6802-49c5-b252-aaae33b07054/in_use.lock acquired by nodename 6181@d53d11c09361
2020-07-07 04:54:50,031 [pool-532-thread-1] INFO  storage.RaftStorage (RaftStorage.java:format(84)) - Storage directory /github/workspace/mnt/ozone/hadoop-ozone/integration-test/target/test-dir/MiniOzoneClusterImpl-ddfb2fb6-1dd1-47df-b9d1-90c4649f621f/datanode-2/data/ratis/8c4df536-6802-49c5-b252-aaae33b07054 has been successfully formatted.
2020-07-07 04:54:50,032 [pool-532-thread-1] INFO  ratis.ContainerStateMachine (ContainerStateMachine.java:loadSnapshot(225)) - group-AAAE33B07054: The snapshot info is null. Setting the last applied indexto:(t:0, i:~)
2020-07-07 04:54:50,032 [pool-532-thread-1] INFO  server.RaftServerConfigKeys (ConfUtils.java:logGet(44)) - raft.server.notification.no-leader.timeout = 60s (default)
2020-07-07 04:54:50,032 [pool-532-thread-1] INFO  server.RaftServerConfigKeys (ConfUtils.java:logGet(44)) - raft.server.log.use.memory = false (default)
2020-07-07 04:54:50,032 [pool-532-thread-1] INFO  server.RaftServerConfigKeys (ConfUtils.java:logGet(44)) - raft.server.log.purge.gap = 1000000 (custom)
2020-07-07 04:54:50,032 [pool-532-thread-1] INFO  server.RaftServerConfigKeys (ConfUtils.java:logGet(44)) - raft.server.log.appender.buffer.byte-limit = 33554432 (custom)
2020-07-07 04:54:50,032 [pool-532-thread-1] INFO  server.RaftServerConfigKeys (ConfUtils.java:logGet(44)) - raft.server.log.segment.size.max = 1048576 (custom)
2020-07-07 04:54:50,033 [EventQueue-PipelineReportForPipelineReportHandler] INFO  pipeline.PipelineStateManager (PipelineStateManager.java:openPipeline(131)) - Pipeline Pipeline[ Id: 8c4df536-6802-49c5-b252-aaae33b07054, Nodes: 2c88a600-62c8-44d6-86d4-28f745868ae9{ip: 172.17.0.2, host: d53d11c09361, networkLocation: /default-rack, certSerialId: null}, Type:RATIS, Factor:ONE, State:ALLOCATED, leaderId:2c88a600-62c8-44d6-86d4-28f745868ae9, CreationTimestamp2020-07-07T04:54:47.027Z] moved to OPEN state
2020-07-07 04:54:50,033 [EventQueue-OpenPipelineForOneReplicaPipelineSafeModeRule] INFO  safemode.SCMSafeModeManager (SCMSafeModeManager.java:validateSafeModeExitRules(214)) - AtleastOneDatanodeReportedRule rule is successfully validated
2020-07-07 04:54:50,033 [EventQueue-OpenPipelineForHealthyPipelineSafeModeRule] INFO  safemode.SCMSafeModeManager (HealthyPipelineSafeModeRule.java:process(129)) - SCM in safe mode. Healthy pipelines reported count is 0, required healthy pipeline reported count is 1
2020-07-07 04:54:50,033 [pool-532-thread-1] INFO  metrics.RatisMetrics (RatisMetrics.java:lambda$create$0(36)) - Creating Metrics Registry : ratis.log_worker.2c88a600-62c8-44d6-86d4-28f745868ae9@group-AAAE33B07054
2020-07-07 04:54:50,033 [pool-532-thread-1] INFO  server.RaftServerConfigKeys (ConfUtils.java:logGet(44)) - raft.server.log.segment.cache.num.max = 2 (custom)
2020-07-07 04:54:50,033 [pool-532-thread-1] INFO  segmented.SegmentedRaftLogWorker (SegmentedRaftLogWorker.java:<init>(180)) - new 2c88a600-62c8-44d6-86d4-28f745868ae9@group-AAAE33B07054-SegmentedRaftLogWorker for RaftStorage:Storage Directory /github/workspace/mnt/ozone/hadoop-ozone/integration-test/target/test-dir/MiniOzoneClusterImpl-ddfb2fb6-1dd1-47df-b9d1-90c4649f621f/datanode-2/data/ratis/8c4df536-6802-49c5-b252-aaae33b07054
2020-07-07 04:54:50,033 [pool-532-thread-1] INFO  server.RaftServerConfigKeys (ConfUtils.java:logGet(44)) - raft.server.log.queue.byte-limit = 2147483647 (custom)
2020-07-07 04:54:50,033 [pool-532-thread-1] INFO  server.RaftServerConfigKeys (ConfUtils.java:logGet(44)) - raft.server.log.queue.element-limit = 1024 (custom)
2020-07-07 04:54:50,033 [pool-532-thread-1] INFO  server.RaftServerConfigKeys (ConfUtils.java:logGet(44)) - raft.server.log.segment.size.max = 1048576 (custom)
2020-07-07 04:54:50,033 [pool-532-thread-1] INFO  server.RaftServerConfigKeys (ConfUtils.java:logGet(44)) - raft.server.log.preallocated.size = 16384 (custom)
2020-07-07 04:54:50,034 [pool-532-thread-1] INFO  server.RaftServerConfigKeys (ConfUtils.java:logGet(44)) - raft.server.log.write.buffer.size = 1048576 (custom)
2020-07-07 04:54:50,034 [pool-532-thread-1] INFO  server.RaftServerConfigKeys (ConfUtils.java:logGet(44)) - raft.server.log.force.sync.num = 128 (default)
2020-07-07 04:54:50,034 [pool-532-thread-1] INFO  server.RaftServerConfigKeys (ConfUtils.java:logGet(44)) - raft.server.log.statemachine.data.sync = true (default)
2020-07-07 04:54:50,034 [pool-532-thread-1] INFO  server.RaftServerConfigKeys (ConfUtils.java:logGet(44)) - raft.server.log.statemachine.data.sync.timeout = 10s (default)
2020-07-07 04:54:50,034 [pool-532-thread-1] INFO  server.RaftServerConfigKeys (ConfUtils.java:logGet(44)) - raft.server.log.statemachine.data.sync.timeout.retry = -1 (default)
2020-07-07 04:54:50,036 [pool-532-thread-1] INFO  server.RaftServerConfigKeys (ConfUtils.java:logGet(44)) - raft.server.log.statemachine.data.caching.enabled = true (custom)
2020-07-07 04:54:50,036 [pool-532-thread-1] INFO  segmented.SegmentedRaftLogWorker (SegmentedRaftLogWorker.java:lambda$new$0(129)) - 2c88a600-62c8-44d6-86d4-28f745868ae9@group-AAAE33B07054-SegmentedRaftLogWorker: flushIndex: setUnconditionally 0 -> -1
2020-07-07 04:54:50,036 [pool-532-thread-1] INFO  segmented.SegmentedRaftLogWorker (SegmentedRaftLogWorker.java:lambda$new$0(129)) - 2c88a600-62c8-44d6-86d4-28f745868ae9@group-AAAE33B07054-SegmentedRaftLogWorker: safeCacheEvictIndex: setUnconditionally 0 -> -1
2020-07-07 04:54:50,037 [pool-532-thread-1] INFO  server.RaftServerConfigKeys (ConfUtils.java:logGet(44)) - raft.server.snapshot.auto.trigger.enabled = true (custom)
2020-07-07 04:54:50,037 [pool-532-thread-1] INFO  server.RaftServerConfigKeys (ConfUtils.java:logGet(44)) - raft.server.snapshot.auto.trigger.threshold = 10000 (custom)
2020-07-07 04:54:50,037 [pool-532-thread-1] INFO  server.RaftServerConfigKeys (ConfUtils.java:logGet(44)) - raft.server.snapshot.retention.file.num = 5 (custom)
2020-07-07 04:54:50,037 [pool-532-thread-1] INFO  server.RaftServerConfigKeys (ConfUtils.java:logGet(44)) - raft.server.log.purge.upto.snapshot.index = false (default)
2020-07-07 04:54:50,037 [pool-532-thread-1] INFO  server.RaftServerConfigKeys (ConfUtils.java:logGet(44)) - raft.server.retrycache.expirytime = 600000ms (custom)
2020-07-07 04:54:50,037 [pool-532-thread-1] INFO  metrics.RatisMetrics (RatisMetrics.java:lambda$create$0(36)) - Creating Metrics Registry : ratis.leader_election.2c88a600-62c8-44d6-86d4-28f745868ae9@group-AAAE33B07054
2020-07-07 04:54:50,038 [pool-532-thread-1] INFO  metrics.RatisMetrics (RatisMetrics.java:lambda$create$0(36)) - Creating Metrics Registry : ratis.server.2c88a600-62c8-44d6-86d4-28f745868ae9@group-AAAE33B07054
2020-07-07 04:54:50,039 [pool-532-thread-1] INFO  impl.RaftServerImpl (RaftServerImpl.java:start(186)) - 2c88a600-62c8-44d6-86d4-28f745868ae9@group-AAAE33B07054: start as a follower, conf=-1: [2c88a600-62c8-44d6-86d4-28f745868ae9:172.17.0.2:35933], old=null
2020-07-07 04:54:50,039 [pool-532-thread-1] INFO  impl.RaftServerImpl (RaftServerImpl.java:setRole(175)) - 2c88a600-62c8-44d6-86d4-28f745868ae9@group-AAAE33B07054: changes role from      null to FOLLOWER at term 0 for startAsFollower
2020-07-07 04:54:50,039 [pool-532-thread-1] INFO  impl.RoleInfo (RoleInfo.java:updateAndGet(143)) - 2c88a600-62c8-44d6-86d4-28f745868ae9: start FollowerState
2020-07-07 04:54:50,041 [pool-532-thread-1] INFO  util.JmxRegister (JmxRegister.java:tryRegister(44)) - Successfully registered JMX Bean with object name Ratis:service=RaftServer,group=group-AAAE33B07054,id=2c88a600-62c8-44d6-86d4-28f745868ae9
2020-07-07 04:54:50,042 [pool-532-thread-1] INFO  metrics.RatisMetrics (RatisMetrics.java:lambda$create$0(36)) - Creating Metrics Registry : ratis.state_machine.2c88a600-62c8-44d6-86d4-28f745868ae9@group-AAAE33B07054
2020-07-07 04:54:50,042 [Command processor thread] INFO  commandhandler.CreatePipelineCommandHandler (CreatePipelineCommandHandler.java:handle(109)) - Created Pipeline RATIS ONE #id: "8c4df536-6802-49c5-b252-aaae33b07054"
uuid128 {
  mostSigBits: -8336737721170900539
  leastSigBits: -5597223721699872684
}
.
2020-07-07 04:54:50,069 [Command processor thread] INFO  impl.RaftServerProxy (RaftServerProxy.java:addNew(89)) - faaf968f-0fca-4e96-b7e0-547f8fed29e0: addNew group-841681429755:[faaf968f-0fca-4e96-b7e0-547f8fed29e0:172.17.0.2:36569] returns group-841681429755:java.util.concurrent.CompletableFuture@ca04fd0[Not completed]
2020-07-07 04:54:50,071 [pool-547-thread-1] INFO  impl.RaftServerImpl (RaftServerImpl.java:<init>(99)) - faaf968f-0fca-4e96-b7e0-547f8fed29e0: new RaftServerImpl for group-841681429755:[faaf968f-0fca-4e96-b7e0-547f8fed29e0:172.17.0.2:36569] with ContainerStateMachine:uninitialized
2020-07-07 04:54:50,071 [pool-547-thread-1] INFO  server.RaftServerConfigKeys (ConfUtils.java:logGet(44)) - raft.server.rpc.timeout.min = 5s (custom)
2020-07-07 04:54:50,071 [pool-547-thread-1] INFO  server.RaftServerConfigKeys (ConfUtils.java:logGet(44)) - raft.server.rpc.timeout.max = 5200ms (custom)
2020-07-07 04:54:50,071 [pool-547-thread-1] INFO  server.RaftServerConfigKeys (ConfUtils.java:logGet(44)) - raft.server.rpcslowness.timeout = 300000ms (custom)
2020-07-07 04:54:50,071 [pool-547-thread-1] INFO  server.RaftServerConfigKeys (ConfUtils.java:logGet(44)) - raft.server.sleep.deviation.threshold = 300 (default)
2020-07-07 04:54:50,071 [pool-547-thread-1] INFO  server.RaftServerConfigKeys (ConfUtils.java:logGet(44)) - raft.server.log.appender.install.snapshot.enabled = false (custom)
2020-07-07 04:54:50,071 [pool-547-thread-1] INFO  impl.RaftServerImpl (ServerState.java:<init>(103)) - faaf968f-0fca-4e96-b7e0-547f8fed29e0@group-841681429755: ConfigurationManager, init=-1: [faaf968f-0fca-4e96-b7e0-547f8fed29e0:172.17.0.2:36569], old=null, confs=<EMPTY_MAP>
2020-07-07 04:54:50,071 [pool-547-thread-1] INFO  server.RaftServerConfigKeys (ConfUtils.java:logGet(44)) - raft.server.storage.dir = [/github/workspace/mnt/ozone/hadoop-ozone/integration-test/target/test-dir/MiniOzoneClusterImpl-ddfb2fb6-1dd1-47df-b9d1-90c4649f621f/datanode-3/data/ratis] (custom)
2020-07-07 04:54:50,071 [pool-547-thread-1] INFO  server.RaftServerConfigKeys (ConfUtils.java:logGet(44)) - raft.server.log.corruption.policy = EXCEPTION (default)
2020-07-07 04:54:50,072 [pool-547-thread-1] INFO  storage.RaftStorageDirectory (RaftStorageDirectory.java:analyzeStorage(261)) - The storage directory /github/workspace/mnt/ozone/hadoop-ozone/integration-test/target/test-dir/MiniOzoneClusterImpl-ddfb2fb6-1dd1-47df-b9d1-90c4649f621f/datanode-3/data/ratis/84dacf13-802d-4d21-9b4c-841681429755 does not exist. Creating ...
2020-07-07 04:54:50,073 [pool-547-thread-1] INFO  storage.RaftStorageDirectory (RaftStorageDirectory.java:tryLock(343)) - Lock on /github/workspace/mnt/ozone/hadoop-ozone/integration-test/target/test-dir/MiniOzoneClusterImpl-ddfb2fb6-1dd1-47df-b9d1-90c4649f621f/datanode-3/data/ratis/84dacf13-802d-4d21-9b4c-841681429755/in_use.lock acquired by nodename 6181@d53d11c09361
2020-07-07 04:54:50,074 [pool-547-thread-1] INFO  storage.RaftStorage (RaftStorage.java:format(84)) - Storage directory /github/workspace/mnt/ozone/hadoop-ozone/integration-test/target/test-dir/MiniOzoneClusterImpl-ddfb2fb6-1dd1-47df-b9d1-90c4649f621f/datanode-3/data/ratis/84dacf13-802d-4d21-9b4c-841681429755 has been successfully formatted.
2020-07-07 04:54:50,075 [pool-547-thread-1] INFO  ratis.ContainerStateMachine (ContainerStateMachine.java:loadSnapshot(225)) - group-841681429755: The snapshot info is null. Setting the last applied indexto:(t:0, i:~)
2020-07-07 04:54:50,075 [pool-547-thread-1] INFO  server.RaftServerConfigKeys (ConfUtils.java:logGet(44)) - raft.server.notification.no-leader.timeout = 60s (default)
2020-07-07 04:54:50,075 [pool-547-thread-1] INFO  server.RaftServerConfigKeys (ConfUtils.java:logGet(44)) - raft.server.log.use.memory = false (default)
2020-07-07 04:54:50,075 [pool-547-thread-1] INFO  server.RaftServerConfigKeys (ConfUtils.java:logGet(44)) - raft.server.log.purge.gap = 1000000 (custom)
2020-07-07 04:54:50,075 [pool-547-thread-1] INFO  server.RaftServerConfigKeys (ConfUtils.java:logGet(44)) - raft.server.log.appender.buffer.byte-limit = 33554432 (custom)
2020-07-07 04:54:50,075 [pool-547-thread-1] INFO  server.RaftServerConfigKeys (ConfUtils.java:logGet(44)) - raft.server.log.segment.size.max = 1048576 (custom)
2020-07-07 04:54:50,076 [EventQueue-PipelineReportForPipelineReportHandler] INFO  pipeline.PipelineStateManager (PipelineStateManager.java:openPipeline(131)) - Pipeline Pipeline[ Id: 84dacf13-802d-4d21-9b4c-841681429755, Nodes: faaf968f-0fca-4e96-b7e0-547f8fed29e0{ip: 172.17.0.2, host: d53d11c09361, networkLocation: /default-rack, certSerialId: null}, Type:RATIS, Factor:ONE, State:ALLOCATED, leaderId:faaf968f-0fca-4e96-b7e0-547f8fed29e0, CreationTimestamp2020-07-07T04:54:47.068Z] moved to OPEN state
2020-07-07 04:54:50,076 [EventQueue-OpenPipelineForOneReplicaPipelineSafeModeRule] INFO  safemode.SCMSafeModeManager (SCMSafeModeManager.java:validateSafeModeExitRules(214)) - AtleastOneDatanodeReportedRule rule is successfully validated
2020-07-07 04:54:50,076 [EventQueue-OpenPipelineForHealthyPipelineSafeModeRule] INFO  safemode.SCMSafeModeManager (HealthyPipelineSafeModeRule.java:process(129)) - SCM in safe mode. Healthy pipelines reported count is 0, required healthy pipeline reported count is 1
2020-07-07 04:54:50,076 [pool-547-thread-1] INFO  metrics.RatisMetrics (RatisMetrics.java:lambda$create$0(36)) - Creating Metrics Registry : ratis.log_worker.faaf968f-0fca-4e96-b7e0-547f8fed29e0@group-841681429755
2020-07-07 04:54:50,077 [pool-547-thread-1] INFO  server.RaftServerConfigKeys (ConfUtils.java:logGet(44)) - raft.server.log.segment.cache.num.max = 2 (custom)
2020-07-07 04:54:50,077 [pool-547-thread-1] INFO  segmented.SegmentedRaftLogWorker (SegmentedRaftLogWorker.java:<init>(180)) - new faaf968f-0fca-4e96-b7e0-547f8fed29e0@group-841681429755-SegmentedRaftLogWorker for RaftStorage:Storage Directory /github/workspace/mnt/ozone/hadoop-ozone/integration-test/target/test-dir/MiniOzoneClusterImpl-ddfb2fb6-1dd1-47df-b9d1-90c4649f621f/datanode-3/data/ratis/84dacf13-802d-4d21-9b4c-841681429755
2020-07-07 04:54:50,077 [pool-547-thread-1] INFO  server.RaftServerConfigKeys (ConfUtils.java:logGet(44)) - raft.server.log.queue.byte-limit = 2147483647 (custom)
2020-07-07 04:54:50,077 [pool-547-thread-1] INFO  server.RaftServerConfigKeys (ConfUtils.java:logGet(44)) - raft.server.log.queue.element-limit = 1024 (custom)
2020-07-07 04:54:50,077 [pool-547-thread-1] INFO  server.RaftServerConfigKeys (ConfUtils.java:logGet(44)) - raft.server.log.segment.size.max = 1048576 (custom)
2020-07-07 04:54:50,078 [pool-547-thread-1] INFO  server.RaftServerConfigKeys (ConfUtils.java:logGet(44)) - raft.server.log.preallocated.size = 16384 (custom)
2020-07-07 04:54:50,078 [pool-547-thread-1] INFO  server.RaftServerConfigKeys (ConfUtils.java:logGet(44)) - raft.server.log.write.buffer.size = 1048576 (custom)
2020-07-07 04:54:50,078 [pool-547-thread-1] INFO  server.RaftServerConfigKeys (ConfUtils.java:logGet(44)) - raft.server.log.force.sync.num = 128 (default)
2020-07-07 04:54:50,078 [pool-547-thread-1] INFO  server.RaftServerConfigKeys (ConfUtils.java:logGet(44)) - raft.server.log.statemachine.data.sync = true (default)
2020-07-07 04:54:50,078 [pool-547-thread-1] INFO  server.RaftServerConfigKeys (ConfUtils.java:logGet(44)) - raft.server.log.statemachine.data.sync.timeout = 10s (default)
2020-07-07 04:54:50,078 [pool-547-thread-1] INFO  server.RaftServerConfigKeys (ConfUtils.java:logGet(44)) - raft.server.log.statemachine.data.sync.timeout.retry = -1 (default)
2020-07-07 04:54:50,080 [pool-547-thread-1] INFO  server.RaftServerConfigKeys (ConfUtils.java:logGet(44)) - raft.server.log.statemachine.data.caching.enabled = true (custom)
2020-07-07 04:54:50,080 [pool-547-thread-1] INFO  segmented.SegmentedRaftLogWorker (SegmentedRaftLogWorker.java:lambda$new$0(129)) - faaf968f-0fca-4e96-b7e0-547f8fed29e0@group-841681429755-SegmentedRaftLogWorker: flushIndex: setUnconditionally 0 -> -1
2020-07-07 04:54:50,080 [pool-547-thread-1] INFO  segmented.SegmentedRaftLogWorker (SegmentedRaftLogWorker.java:lambda$new$0(129)) - faaf968f-0fca-4e96-b7e0-547f8fed29e0@group-841681429755-SegmentedRaftLogWorker: safeCacheEvictIndex: setUnconditionally 0 -> -1
2020-07-07 04:54:50,080 [pool-547-thread-1] INFO  server.RaftServerConfigKeys (ConfUtils.java:logGet(44)) - raft.server.snapshot.auto.trigger.enabled = true (custom)
2020-07-07 04:54:50,080 [pool-547-thread-1] INFO  server.RaftServerConfigKeys (ConfUtils.java:logGet(44)) - raft.server.snapshot.auto.trigger.threshold = 10000 (custom)
2020-07-07 04:54:50,080 [pool-547-thread-1] INFO  server.RaftServerConfigKeys (ConfUtils.java:logGet(44)) - raft.server.snapshot.retention.file.num = 5 (custom)
2020-07-07 04:54:50,081 [pool-547-thread-1] INFO  server.RaftServerConfigKeys (ConfUtils.java:logGet(44)) - raft.server.log.purge.upto.snapshot.index = false (default)
2020-07-07 04:54:50,081 [pool-547-thread-1] INFO  server.RaftServerConfigKeys (ConfUtils.java:logGet(44)) - raft.server.retrycache.expirytime = 600000ms (custom)
2020-07-07 04:54:50,081 [pool-547-thread-1] INFO  metrics.RatisMetrics (RatisMetrics.java:lambda$create$0(36)) - Creating Metrics Registry : ratis.leader_election.faaf968f-0fca-4e96-b7e0-547f8fed29e0@group-841681429755
2020-07-07 04:54:50,083 [pool-547-thread-1] INFO  metrics.RatisMetrics (RatisMetrics.java:lambda$create$0(36)) - Creating Metrics Registry : ratis.server.faaf968f-0fca-4e96-b7e0-547f8fed29e0@group-841681429755
2020-07-07 04:54:50,085 [pool-547-thread-1] INFO  impl.RaftServerImpl (RaftServerImpl.java:start(186)) - faaf968f-0fca-4e96-b7e0-547f8fed29e0@group-841681429755: start as a follower, conf=-1: [faaf968f-0fca-4e96-b7e0-547f8fed29e0:172.17.0.2:36569], old=null
2020-07-07 04:54:50,085 [pool-547-thread-1] INFO  impl.RaftServerImpl (RaftServerImpl.java:setRole(175)) - faaf968f-0fca-4e96-b7e0-547f8fed29e0@group-841681429755: changes role from      null to FOLLOWER at term 0 for startAsFollower
2020-07-07 04:54:50,085 [pool-547-thread-1] INFO  impl.RoleInfo (RoleInfo.java:updateAndGet(143)) - faaf968f-0fca-4e96-b7e0-547f8fed29e0: start FollowerState
2020-07-07 04:54:50,085 [pool-547-thread-1] INFO  util.JmxRegister (JmxRegister.java:tryRegister(44)) - Successfully registered JMX Bean with object name Ratis:service=RaftServer,group=group-841681429755,id=faaf968f-0fca-4e96-b7e0-547f8fed29e0
2020-07-07 04:54:50,085 [pool-547-thread-1] INFO  metrics.RatisMetrics (RatisMetrics.java:lambda$create$0(36)) - Creating Metrics Registry : ratis.state_machine.faaf968f-0fca-4e96-b7e0-547f8fed29e0@group-841681429755
2020-07-07 04:54:50,086 [Command processor thread] INFO  commandhandler.CreatePipelineCommandHandler (CreatePipelineCommandHandler.java:handle(109)) - Created Pipeline RATIS ONE #id: "84dacf13-802d-4d21-9b4c-841681429755"
uuid128 {
  mostSigBits: -8873552433118360287
  leastSigBits: -7256279667407939755
}
.
2020-07-07 04:54:50,086 [Command processor thread] INFO  impl.RaftServerProxy (RaftServerProxy.java:addNew(89)) - faaf968f-0fca-4e96-b7e0-547f8fed29e0: addNew group-5B138B8C53D9:[b4cbc94e-a0c4-4ad4-8347-afa6d31e032e:172.17.0.2:43645, 3f0f6471-07a7-4b9b-821c-68adebd7d2e3:172.17.0.2:44367, faaf968f-0fca-4e96-b7e0-547f8fed29e0:172.17.0.2:36569] returns group-5B138B8C53D9:java.util.concurrent.CompletableFuture@89fca9c[Not completed]
2020-07-07 04:54:50,087 [pool-547-thread-1] INFO  impl.RaftServerImpl (RaftServerImpl.java:<init>(99)) - faaf968f-0fca-4e96-b7e0-547f8fed29e0: new RaftServerImpl for group-5B138B8C53D9:[b4cbc94e-a0c4-4ad4-8347-afa6d31e032e:172.17.0.2:43645, 3f0f6471-07a7-4b9b-821c-68adebd7d2e3:172.17.0.2:44367, faaf968f-0fca-4e96-b7e0-547f8fed29e0:172.17.0.2:36569] with ContainerStateMachine:uninitialized
2020-07-07 04:54:50,087 [pool-547-thread-1] INFO  server.RaftServerConfigKeys (ConfUtils.java:logGet(44)) - raft.server.rpc.timeout.min = 5s (custom)
2020-07-07 04:54:50,087 [pool-547-thread-1] INFO  server.RaftServerConfigKeys (ConfUtils.java:logGet(44)) - raft.server.rpc.timeout.max = 5200ms (custom)
2020-07-07 04:54:50,087 [pool-547-thread-1] INFO  server.RaftServerConfigKeys (ConfUtils.java:logGet(44)) - raft.server.rpcslowness.timeout = 300000ms (custom)
2020-07-07 04:54:50,087 [pool-547-thread-1] INFO  server.RaftServerConfigKeys (ConfUtils.java:logGet(44)) - raft.server.sleep.deviation.threshold = 300 (default)
2020-07-07 04:54:50,087 [pool-547-thread-1] INFO  server.RaftServerConfigKeys (ConfUtils.java:logGet(44)) - raft.server.log.appender.install.snapshot.enabled = false (custom)
2020-07-07 04:54:50,087 [pool-547-thread-1] INFO  impl.RaftServerImpl (ServerState.java:<init>(103)) - faaf968f-0fca-4e96-b7e0-547f8fed29e0@group-5B138B8C53D9: ConfigurationManager, init=-1: [b4cbc94e-a0c4-4ad4-8347-afa6d31e032e:172.17.0.2:43645, 3f0f6471-07a7-4b9b-821c-68adebd7d2e3:172.17.0.2:44367, faaf968f-0fca-4e96-b7e0-547f8fed29e0:172.17.0.2:36569], old=null, confs=<EMPTY_MAP>
2020-07-07 04:54:50,087 [pool-547-thread-1] INFO  server.RaftServerConfigKeys (ConfUtils.java:logGet(44)) - raft.server.storage.dir = [/github/workspace/mnt/ozone/hadoop-ozone/integration-test/target/test-dir/MiniOzoneClusterImpl-ddfb2fb6-1dd1-47df-b9d1-90c4649f621f/datanode-3/data/ratis] (custom)
2020-07-07 04:54:50,088 [pool-547-thread-1] INFO  server.RaftServerConfigKeys (ConfUtils.java:logGet(44)) - raft.server.log.corruption.policy = EXCEPTION (default)
2020-07-07 04:54:50,088 [pool-547-thread-1] INFO  storage.RaftStorageDirectory (RaftStorageDirectory.java:analyzeStorage(261)) - The storage directory /github/workspace/mnt/ozone/hadoop-ozone/integration-test/target/test-dir/MiniOzoneClusterImpl-ddfb2fb6-1dd1-47df-b9d1-90c4649f621f/datanode-3/data/ratis/2edd039b-0aa8-4829-97f7-5b138b8c53d9 does not exist. Creating ...
2020-07-07 04:54:50,089 [pool-547-thread-1] INFO  storage.RaftStorageDirectory (RaftStorageDirectory.java:tryLock(343)) - Lock on /github/workspace/mnt/ozone/hadoop-ozone/integration-test/target/test-dir/MiniOzoneClusterImpl-ddfb2fb6-1dd1-47df-b9d1-90c4649f621f/datanode-3/data/ratis/2edd039b-0aa8-4829-97f7-5b138b8c53d9/in_use.lock acquired by nodename 6181@d53d11c09361
2020-07-07 04:54:50,090 [pool-547-thread-1] INFO  storage.RaftStorage (RaftStorage.java:format(84)) - Storage directory /github/workspace/mnt/ozone/hadoop-ozone/integration-test/target/test-dir/MiniOzoneClusterImpl-ddfb2fb6-1dd1-47df-b9d1-90c4649f621f/datanode-3/data/ratis/2edd039b-0aa8-4829-97f7-5b138b8c53d9 has been successfully formatted.
2020-07-07 04:54:50,090 [pool-547-thread-1] INFO  ratis.ContainerStateMachine (ContainerStateMachine.java:loadSnapshot(225)) - group-5B138B8C53D9: The snapshot info is null. Setting the last applied indexto:(t:0, i:~)
2020-07-07 04:54:50,090 [pool-547-thread-1] INFO  server.RaftServerConfigKeys (ConfUtils.java:logGet(44)) - raft.server.notification.no-leader.timeout = 60s (default)
2020-07-07 04:54:50,091 [pool-547-thread-1] INFO  server.RaftServerConfigKeys (ConfUtils.java:logGet(44)) - raft.server.log.use.memory = false (default)
2020-07-07 04:54:50,091 [pool-547-thread-1] INFO  server.RaftServerConfigKeys (ConfUtils.java:logGet(44)) - raft.server.log.purge.gap = 1000000 (custom)
2020-07-07 04:54:50,091 [pool-547-thread-1] INFO  server.RaftServerConfigKeys (ConfUtils.java:logGet(44)) - raft.server.log.appender.buffer.byte-limit = 33554432 (custom)
2020-07-07 04:54:50,092 [pool-547-thread-1] INFO  server.RaftServerConfigKeys (ConfUtils.java:logGet(44)) - raft.server.log.segment.size.max = 1048576 (custom)
2020-07-07 04:54:50,092 [pool-547-thread-1] INFO  metrics.RatisMetrics (RatisMetrics.java:lambda$create$0(36)) - Creating Metrics Registry : ratis.log_worker.faaf968f-0fca-4e96-b7e0-547f8fed29e0@group-5B138B8C53D9
2020-07-07 04:54:50,092 [pool-547-thread-1] INFO  server.RaftServerConfigKeys (ConfUtils.java:logGet(44)) - raft.server.log.segment.cache.num.max = 2 (custom)
2020-07-07 04:54:50,092 [pool-547-thread-1] INFO  segmented.SegmentedRaftLogWorker (SegmentedRaftLogWorker.java:<init>(180)) - new faaf968f-0fca-4e96-b7e0-547f8fed29e0@group-5B138B8C53D9-SegmentedRaftLogWorker for RaftStorage:Storage Directory /github/workspace/mnt/ozone/hadoop-ozone/integration-test/target/test-dir/MiniOzoneClusterImpl-ddfb2fb6-1dd1-47df-b9d1-90c4649f621f/datanode-3/data/ratis/2edd039b-0aa8-4829-97f7-5b138b8c53d9
2020-07-07 04:54:50,092 [pool-547-thread-1] INFO  server.RaftServerConfigKeys (ConfUtils.java:logGet(44)) - raft.server.log.queue.byte-limit = 2147483647 (custom)
2020-07-07 04:54:50,092 [pool-547-thread-1] INFO  server.RaftServerConfigKeys (ConfUtils.java:logGet(44)) - raft.server.log.queue.element-limit = 1024 (custom)
2020-07-07 04:54:50,092 [pool-547-thread-1] INFO  server.RaftServerConfigKeys (ConfUtils.java:logGet(44)) - raft.server.log.segment.size.max = 1048576 (custom)
2020-07-07 04:54:50,092 [pool-547-thread-1] INFO  server.RaftServerConfigKeys (ConfUtils.java:logGet(44)) - raft.server.log.preallocated.size = 16384 (custom)
2020-07-07 04:54:50,093 [pool-547-thread-1] INFO  server.RaftServerConfigKeys (ConfUtils.java:logGet(44)) - raft.server.log.write.buffer.size = 1048576 (custom)
2020-07-07 04:54:50,093 [pool-547-thread-1] INFO  server.RaftServerConfigKeys (ConfUtils.java:logGet(44)) - raft.server.log.force.sync.num = 128 (default)
2020-07-07 04:54:50,093 [pool-547-thread-1] INFO  server.RaftServerConfigKeys (ConfUtils.java:logGet(44)) - raft.server.log.statemachine.data.sync = true (default)
2020-07-07 04:54:50,093 [pool-547-thread-1] INFO  server.RaftServerConfigKeys (ConfUtils.java:logGet(44)) - raft.server.log.statemachine.data.sync.timeout = 10s (default)
2020-07-07 04:54:50,093 [pool-547-thread-1] INFO  server.RaftServerConfigKeys (ConfUtils.java:logGet(44)) - raft.server.log.statemachine.data.sync.timeout.retry = -1 (default)
2020-07-07 04:54:50,095 [pool-547-thread-1] INFO  server.RaftServerConfigKeys (ConfUtils.java:logGet(44)) - raft.server.log.statemachine.data.caching.enabled = true (custom)
2020-07-07 04:54:50,096 [pool-547-thread-1] INFO  segmented.SegmentedRaftLogWorker (SegmentedRaftLogWorker.java:lambda$new$0(129)) - faaf968f-0fca-4e96-b7e0-547f8fed29e0@group-5B138B8C53D9-SegmentedRaftLogWorker: flushIndex: setUnconditionally 0 -> -1
2020-07-07 04:54:50,096 [pool-547-thread-1] INFO  segmented.SegmentedRaftLogWorker (SegmentedRaftLogWorker.java:lambda$new$0(129)) - faaf968f-0fca-4e96-b7e0-547f8fed29e0@group-5B138B8C53D9-SegmentedRaftLogWorker: safeCacheEvictIndex: setUnconditionally 0 -> -1
2020-07-07 04:54:50,096 [pool-547-thread-1] INFO  server.RaftServerConfigKeys (ConfUtils.java:logGet(44)) - raft.server.snapshot.auto.trigger.enabled = true (custom)
2020-07-07 04:54:50,096 [pool-547-thread-1] INFO  server.RaftServerConfigKeys (ConfUtils.java:logGet(44)) - raft.server.snapshot.auto.trigger.threshold = 10000 (custom)
2020-07-07 04:54:50,096 [pool-547-thread-1] INFO  server.RaftServerConfigKeys (ConfUtils.java:logGet(44)) - raft.server.snapshot.retention.file.num = 5 (custom)
2020-07-07 04:54:50,096 [pool-547-thread-1] INFO  server.RaftServerConfigKeys (ConfUtils.java:logGet(44)) - raft.server.log.purge.upto.snapshot.index = false (default)
2020-07-07 04:54:50,097 [pool-547-thread-1] INFO  server.RaftServerConfigKeys (ConfUtils.java:logGet(44)) - raft.server.retrycache.expirytime = 600000ms (custom)
2020-07-07 04:54:50,097 [pool-547-thread-1] INFO  metrics.RatisMetrics (RatisMetrics.java:lambda$create$0(36)) - Creating Metrics Registry : ratis.leader_election.faaf968f-0fca-4e96-b7e0-547f8fed29e0@group-5B138B8C53D9
2020-07-07 04:54:50,097 [pool-547-thread-1] INFO  metrics.RatisMetrics (RatisMetrics.java:lambda$create$0(36)) - Creating Metrics Registry : ratis.server.faaf968f-0fca-4e96-b7e0-547f8fed29e0@group-5B138B8C53D9
2020-07-07 04:54:50,099 [pool-547-thread-1] INFO  impl.RaftServerImpl (RaftServerImpl.java:start(186)) - faaf968f-0fca-4e96-b7e0-547f8fed29e0@group-5B138B8C53D9: start as a follower, conf=-1: [b4cbc94e-a0c4-4ad4-8347-afa6d31e032e:172.17.0.2:43645, 3f0f6471-07a7-4b9b-821c-68adebd7d2e3:172.17.0.2:44367, faaf968f-0fca-4e96-b7e0-547f8fed29e0:172.17.0.2:36569], old=null
2020-07-07 04:54:50,099 [pool-547-thread-1] INFO  impl.RaftServerImpl (RaftServerImpl.java:setRole(175)) - faaf968f-0fca-4e96-b7e0-547f8fed29e0@group-5B138B8C53D9: changes role from      null to FOLLOWER at term 0 for startAsFollower
2020-07-07 04:54:50,099 [pool-547-thread-1] INFO  impl.RoleInfo (RoleInfo.java:updateAndGet(143)) - faaf968f-0fca-4e96-b7e0-547f8fed29e0: start FollowerState
2020-07-07 04:54:50,099 [pool-547-thread-1] INFO  util.JmxRegister (JmxRegister.java:tryRegister(44)) - Successfully registered JMX Bean with object name Ratis:service=RaftServer,group=group-5B138B8C53D9,id=faaf968f-0fca-4e96-b7e0-547f8fed29e0
2020-07-07 04:54:50,099 [pool-547-thread-1] INFO  metrics.RatisMetrics (RatisMetrics.java:lambda$create$0(36)) - Creating Metrics Registry : ratis.state_machine.faaf968f-0fca-4e96-b7e0-547f8fed29e0@group-5B138B8C53D9
2020-07-07 04:54:50,109 [grpc-default-executor-3] INFO  impl.RaftServerProxy (RaftServerProxy.java:addNew(89)) - b4cbc94e-a0c4-4ad4-8347-afa6d31e032e: addNew group-5B138B8C53D9:[b4cbc94e-a0c4-4ad4-8347-afa6d31e032e:172.17.0.2:43645, 3f0f6471-07a7-4b9b-821c-68adebd7d2e3:172.17.0.2:44367, faaf968f-0fca-4e96-b7e0-547f8fed29e0:172.17.0.2:36569] returns group-5B138B8C53D9:java.util.concurrent.CompletableFuture@57f9c5ba[Not completed]
2020-07-07 04:54:50,110 [pool-562-thread-1] INFO  impl.RaftServerImpl (RaftServerImpl.java:<init>(99)) - b4cbc94e-a0c4-4ad4-8347-afa6d31e032e: new RaftServerImpl for group-5B138B8C53D9:[b4cbc94e-a0c4-4ad4-8347-afa6d31e032e:172.17.0.2:43645, 3f0f6471-07a7-4b9b-821c-68adebd7d2e3:172.17.0.2:44367, faaf968f-0fca-4e96-b7e0-547f8fed29e0:172.17.0.2:36569] with ContainerStateMachine:uninitialized
2020-07-07 04:54:50,110 [pool-562-thread-1] INFO  server.RaftServerConfigKeys (ConfUtils.java:logGet(44)) - raft.server.rpc.timeout.min = 5s (custom)
2020-07-07 04:54:50,110 [pool-562-thread-1] INFO  server.RaftServerConfigKeys (ConfUtils.java:logGet(44)) - raft.server.rpc.timeout.max = 5200ms (custom)
2020-07-07 04:54:50,110 [pool-562-thread-1] INFO  server.RaftServerConfigKeys (ConfUtils.java:logGet(44)) - raft.server.rpcslowness.timeout = 300000ms (custom)
2020-07-07 04:54:50,110 [pool-562-thread-1] INFO  server.RaftServerConfigKeys (ConfUtils.java:logGet(44)) - raft.server.sleep.deviation.threshold = 300 (default)
2020-07-07 04:54:50,110 [pool-562-thread-1] INFO  server.RaftServerConfigKeys (ConfUtils.java:logGet(44)) - raft.server.log.appender.install.snapshot.enabled = false (custom)
2020-07-07 04:54:50,110 [pool-562-thread-1] INFO  impl.RaftServerImpl (ServerState.java:<init>(103)) - b4cbc94e-a0c4-4ad4-8347-afa6d31e032e@group-5B138B8C53D9: ConfigurationManager, init=-1: [b4cbc94e-a0c4-4ad4-8347-afa6d31e032e:172.17.0.2:43645, 3f0f6471-07a7-4b9b-821c-68adebd7d2e3:172.17.0.2:44367, faaf968f-0fca-4e96-b7e0-547f8fed29e0:172.17.0.2:36569], old=null, confs=<EMPTY_MAP>
2020-07-07 04:54:50,111 [pool-562-thread-1] INFO  server.RaftServerConfigKeys (ConfUtils.java:logGet(44)) - raft.server.storage.dir = [/github/workspace/mnt/ozone/hadoop-ozone/integration-test/target/test-dir/MiniOzoneClusterImpl-ddfb2fb6-1dd1-47df-b9d1-90c4649f621f/datanode-4/data/ratis] (custom)
2020-07-07 04:54:50,111 [pool-562-thread-1] INFO  server.RaftServerConfigKeys (ConfUtils.java:logGet(44)) - raft.server.log.corruption.policy = EXCEPTION (default)
2020-07-07 04:54:50,111 [pool-562-thread-1] INFO  storage.RaftStorageDirectory (RaftStorageDirectory.java:analyzeStorage(261)) - The storage directory /github/workspace/mnt/ozone/hadoop-ozone/integration-test/target/test-dir/MiniOzoneClusterImpl-ddfb2fb6-1dd1-47df-b9d1-90c4649f621f/datanode-4/data/ratis/2edd039b-0aa8-4829-97f7-5b138b8c53d9 does not exist. Creating ...
2020-07-07 04:54:50,112 [pool-562-thread-1] INFO  storage.RaftStorageDirectory (RaftStorageDirectory.java:tryLock(343)) - Lock on /github/workspace/mnt/ozone/hadoop-ozone/integration-test/target/test-dir/MiniOzoneClusterImpl-ddfb2fb6-1dd1-47df-b9d1-90c4649f621f/datanode-4/data/ratis/2edd039b-0aa8-4829-97f7-5b138b8c53d9/in_use.lock acquired by nodename 6181@d53d11c09361
2020-07-07 04:54:50,113 [pool-562-thread-1] INFO  storage.RaftStorage (RaftStorage.java:format(84)) - Storage directory /github/workspace/mnt/ozone/hadoop-ozone/integration-test/target/test-dir/MiniOzoneClusterImpl-ddfb2fb6-1dd1-47df-b9d1-90c4649f621f/datanode-4/data/ratis/2edd039b-0aa8-4829-97f7-5b138b8c53d9 has been successfully formatted.
2020-07-07 04:54:50,114 [pool-562-thread-1] INFO  ratis.ContainerStateMachine (ContainerStateMachine.java:loadSnapshot(225)) - group-5B138B8C53D9: The snapshot info is null. Setting the last applied indexto:(t:0, i:~)
2020-07-07 04:54:50,114 [pool-562-thread-1] INFO  server.RaftServerConfigKeys (ConfUtils.java:logGet(44)) - raft.server.notification.no-leader.timeout = 60s (default)
2020-07-07 04:54:50,114 [pool-562-thread-1] INFO  server.RaftServerConfigKeys (ConfUtils.java:logGet(44)) - raft.server.log.use.memory = false (default)
2020-07-07 04:54:50,115 [pool-562-thread-1] INFO  server.RaftServerConfigKeys (ConfUtils.java:logGet(44)) - raft.server.log.purge.gap = 1000000 (custom)
2020-07-07 04:54:50,115 [pool-562-thread-1] INFO  server.RaftServerConfigKeys (ConfUtils.java:logGet(44)) - raft.server.log.appender.buffer.byte-limit = 33554432 (custom)
2020-07-07 04:54:50,115 [pool-562-thread-1] INFO  server.RaftServerConfigKeys (ConfUtils.java:logGet(44)) - raft.server.log.segment.size.max = 1048576 (custom)
2020-07-07 04:54:50,115 [pool-562-thread-1] INFO  metrics.RatisMetrics (RatisMetrics.java:lambda$create$0(36)) - Creating Metrics Registry : ratis.log_worker.b4cbc94e-a0c4-4ad4-8347-afa6d31e032e@group-5B138B8C53D9
2020-07-07 04:54:50,115 [pool-562-thread-1] INFO  server.RaftServerConfigKeys (ConfUtils.java:logGet(44)) - raft.server.log.segment.cache.num.max = 2 (custom)
2020-07-07 04:54:50,115 [pool-562-thread-1] INFO  segmented.SegmentedRaftLogWorker (SegmentedRaftLogWorker.java:<init>(180)) - new b4cbc94e-a0c4-4ad4-8347-afa6d31e032e@group-5B138B8C53D9-SegmentedRaftLogWorker for RaftStorage:Storage Directory /github/workspace/mnt/ozone/hadoop-ozone/integration-test/target/test-dir/MiniOzoneClusterImpl-ddfb2fb6-1dd1-47df-b9d1-90c4649f621f/datanode-4/data/ratis/2edd039b-0aa8-4829-97f7-5b138b8c53d9
2020-07-07 04:54:50,115 [pool-562-thread-1] INFO  server.RaftServerConfigKeys (ConfUtils.java:logGet(44)) - raft.server.log.queue.byte-limit = 2147483647 (custom)
2020-07-07 04:54:50,115 [pool-562-thread-1] INFO  server.RaftServerConfigKeys (ConfUtils.java:logGet(44)) - raft.server.log.queue.element-limit = 1024 (custom)
2020-07-07 04:54:50,116 [pool-562-thread-1] INFO  server.RaftServerConfigKeys (ConfUtils.java:logGet(44)) - raft.server.log.segment.size.max = 1048576 (custom)
2020-07-07 04:54:50,116 [pool-562-thread-1] INFO  server.RaftServerConfigKeys (ConfUtils.java:logGet(44)) - raft.server.log.preallocated.size = 16384 (custom)
2020-07-07 04:54:50,116 [pool-562-thread-1] INFO  server.RaftServerConfigKeys (ConfUtils.java:logGet(44)) - raft.server.log.write.buffer.size = 1048576 (custom)
2020-07-07 04:54:50,116 [pool-562-thread-1] INFO  server.RaftServerConfigKeys (ConfUtils.java:logGet(44)) - raft.server.log.force.sync.num = 128 (default)
2020-07-07 04:54:50,116 [pool-562-thread-1] INFO  server.RaftServerConfigKeys (ConfUtils.java:logGet(44)) - raft.server.log.statemachine.data.sync = true (default)
2020-07-07 04:54:50,116 [pool-562-thread-1] INFO  server.RaftServerConfigKeys (ConfUtils.java:logGet(44)) - raft.server.log.statemachine.data.sync.timeout = 10s (default)
2020-07-07 04:54:50,116 [pool-562-thread-1] INFO  server.RaftServerConfigKeys (ConfUtils.java:logGet(44)) - raft.server.log.statemachine.data.sync.timeout.retry = -1 (default)
2020-07-07 04:54:50,118 [pool-562-thread-1] INFO  server.RaftServerConfigKeys (ConfUtils.java:logGet(44)) - raft.server.log.statemachine.data.caching.enabled = true (custom)
2020-07-07 04:54:50,118 [pool-562-thread-1] INFO  segmented.SegmentedRaftLogWorker (SegmentedRaftLogWorker.java:lambda$new$0(129)) - b4cbc94e-a0c4-4ad4-8347-afa6d31e032e@group-5B138B8C53D9-SegmentedRaftLogWorker: flushIndex: setUnconditionally 0 -> -1
2020-07-07 04:54:50,118 [pool-562-thread-1] INFO  segmented.SegmentedRaftLogWorker (SegmentedRaftLogWorker.java:lambda$new$0(129)) - b4cbc94e-a0c4-4ad4-8347-afa6d31e032e@group-5B138B8C53D9-SegmentedRaftLogWorker: safeCacheEvictIndex: setUnconditionally 0 -> -1
2020-07-07 04:54:50,118 [pool-562-thread-1] INFO  server.RaftServerConfigKeys (ConfUtils.java:logGet(44)) - raft.server.snapshot.auto.trigger.enabled = true (custom)
2020-07-07 04:54:50,118 [pool-562-thread-1] INFO  server.RaftServerConfigKeys (ConfUtils.java:logGet(44)) - raft.server.snapshot.auto.trigger.threshold = 10000 (custom)
2020-07-07 04:54:50,118 [pool-562-thread-1] INFO  server.RaftServerConfigKeys (ConfUtils.java:logGet(44)) - raft.server.snapshot.retention.file.num = 5 (custom)
2020-07-07 04:54:50,119 [pool-562-thread-1] INFO  server.RaftServerConfigKeys (ConfUtils.java:logGet(44)) - raft.server.log.purge.upto.snapshot.index = false (default)
2020-07-07 04:54:50,119 [pool-562-thread-1] INFO  server.RaftServerConfigKeys (ConfUtils.java:logGet(44)) - raft.server.retrycache.expirytime = 600000ms (custom)
2020-07-07 04:54:50,119 [pool-562-thread-1] INFO  metrics.RatisMetrics (RatisMetrics.java:lambda$create$0(36)) - Creating Metrics Registry : ratis.leader_election.b4cbc94e-a0c4-4ad4-8347-afa6d31e032e@group-5B138B8C53D9
2020-07-07 04:54:50,119 [pool-562-thread-1] INFO  metrics.RatisMetrics (RatisMetrics.java:lambda$create$0(36)) - Creating Metrics Registry : ratis.server.b4cbc94e-a0c4-4ad4-8347-afa6d31e032e@group-5B138B8C53D9
2020-07-07 04:54:50,121 [pool-562-thread-1] INFO  impl.RaftServerImpl (RaftServerImpl.java:start(186)) - b4cbc94e-a0c4-4ad4-8347-afa6d31e032e@group-5B138B8C53D9: start as a follower, conf=-1: [b4cbc94e-a0c4-4ad4-8347-afa6d31e032e:172.17.0.2:43645, 3f0f6471-07a7-4b9b-821c-68adebd7d2e3:172.17.0.2:44367, faaf968f-0fca-4e96-b7e0-547f8fed29e0:172.17.0.2:36569], old=null
2020-07-07 04:54:50,121 [pool-562-thread-1] INFO  impl.RaftServerImpl (RaftServerImpl.java:setRole(175)) - b4cbc94e-a0c4-4ad4-8347-afa6d31e032e@group-5B138B8C53D9: changes role from      null to FOLLOWER at term 0 for startAsFollower
2020-07-07 04:54:50,121 [Command processor thread] INFO  impl.RaftServerProxy (RaftServerProxy.java:addNew(89)) - b4cbc94e-a0c4-4ad4-8347-afa6d31e032e: addNew group-477B4A60CD8C:[b4cbc94e-a0c4-4ad4-8347-afa6d31e032e:172.17.0.2:43645] returns group-477B4A60CD8C:java.util.concurrent.CompletableFuture@668bf050[Not completed]
2020-07-07 04:54:50,121 [pool-562-thread-1] INFO  impl.RoleInfo (RoleInfo.java:updateAndGet(143)) - b4cbc94e-a0c4-4ad4-8347-afa6d31e032e: start FollowerState
2020-07-07 04:54:50,121 [pool-562-thread-1] INFO  util.JmxRegister (JmxRegister.java:tryRegister(44)) - Successfully registered JMX Bean with object name Ratis:service=RaftServer,group=group-5B138B8C53D9,id=b4cbc94e-a0c4-4ad4-8347-afa6d31e032e
2020-07-07 04:54:50,121 [pool-562-thread-1] INFO  metrics.RatisMetrics (RatisMetrics.java:lambda$create$0(36)) - Creating Metrics Registry : ratis.state_machine.b4cbc94e-a0c4-4ad4-8347-afa6d31e032e@group-5B138B8C53D9
2020-07-07 04:54:50,123 [pool-562-thread-1] INFO  impl.RaftServerImpl (RaftServerImpl.java:<init>(99)) - b4cbc94e-a0c4-4ad4-8347-afa6d31e032e: new RaftServerImpl for group-477B4A60CD8C:[b4cbc94e-a0c4-4ad4-8347-afa6d31e032e:172.17.0.2:43645] with ContainerStateMachine:uninitialized
2020-07-07 04:54:50,123 [pool-562-thread-1] INFO  server.RaftServerConfigKeys (ConfUtils.java:logGet(44)) - raft.server.rpc.timeout.min = 5s (custom)
2020-07-07 04:54:50,123 [pool-562-thread-1] INFO  server.RaftServerConfigKeys (ConfUtils.java:logGet(44)) - raft.server.rpc.timeout.max = 5200ms (custom)
2020-07-07 04:54:50,123 [pool-562-thread-1] INFO  server.RaftServerConfigKeys (ConfUtils.java:logGet(44)) - raft.server.rpcslowness.timeout = 300000ms (custom)
2020-07-07 04:54:50,123 [pool-562-thread-1] INFO  server.RaftServerConfigKeys (ConfUtils.java:logGet(44)) - raft.server.sleep.deviation.threshold = 300 (default)
2020-07-07 04:54:50,123 [pool-562-thread-1] INFO  server.RaftServerConfigKeys (ConfUtils.java:logGet(44)) - raft.server.log.appender.install.snapshot.enabled = false (custom)
2020-07-07 04:54:50,123 [pool-562-thread-1] INFO  impl.RaftServerImpl (ServerState.java:<init>(103)) - b4cbc94e-a0c4-4ad4-8347-afa6d31e032e@group-477B4A60CD8C: ConfigurationManager, init=-1: [b4cbc94e-a0c4-4ad4-8347-afa6d31e032e:172.17.0.2:43645], old=null, confs=<EMPTY_MAP>
2020-07-07 04:54:50,123 [pool-562-thread-1] INFO  server.RaftServerConfigKeys (ConfUtils.java:logGet(44)) - raft.server.storage.dir = [/github/workspace/mnt/ozone/hadoop-ozone/integration-test/target/test-dir/MiniOzoneClusterImpl-ddfb2fb6-1dd1-47df-b9d1-90c4649f621f/datanode-4/data/ratis] (custom)
2020-07-07 04:54:50,124 [pool-562-thread-1] INFO  server.RaftServerConfigKeys (ConfUtils.java:logGet(44)) - raft.server.log.corruption.policy = EXCEPTION (default)
2020-07-07 04:54:50,124 [pool-562-thread-1] INFO  storage.RaftStorageDirectory (RaftStorageDirectory.java:analyzeStorage(261)) - The storage directory /github/workspace/mnt/ozone/hadoop-ozone/integration-test/target/test-dir/MiniOzoneClusterImpl-ddfb2fb6-1dd1-47df-b9d1-90c4649f621f/datanode-4/data/ratis/888bb53e-f643-4a5e-baff-477b4a60cd8c does not exist. Creating ...
2020-07-07 04:54:50,126 [pool-562-thread-1] INFO  storage.RaftStorageDirectory (RaftStorageDirectory.java:tryLock(343)) - Lock on /github/workspace/mnt/ozone/hadoop-ozone/integration-test/target/test-dir/MiniOzoneClusterImpl-ddfb2fb6-1dd1-47df-b9d1-90c4649f621f/datanode-4/data/ratis/888bb53e-f643-4a5e-baff-477b4a60cd8c/in_use.lock acquired by nodename 6181@d53d11c09361
2020-07-07 04:54:50,127 [pool-562-thread-1] INFO  storage.RaftStorage (RaftStorage.java:format(84)) - Storage directory /github/workspace/mnt/ozone/hadoop-ozone/integration-test/target/test-dir/MiniOzoneClusterImpl-ddfb2fb6-1dd1-47df-b9d1-90c4649f621f/datanode-4/data/ratis/888bb53e-f643-4a5e-baff-477b4a60cd8c has been successfully formatted.
2020-07-07 04:54:50,128 [pool-562-thread-1] INFO  ratis.ContainerStateMachine (ContainerStateMachine.java:loadSnapshot(225)) - group-477B4A60CD8C: The snapshot info is null. Setting the last applied indexto:(t:0, i:~)
2020-07-07 04:54:50,128 [pool-562-thread-1] INFO  server.RaftServerConfigKeys (ConfUtils.java:logGet(44)) - raft.server.notification.no-leader.timeout = 60s (default)
2020-07-07 04:54:50,128 [pool-562-thread-1] INFO  server.RaftServerConfigKeys (ConfUtils.java:logGet(44)) - raft.server.log.use.memory = false (default)
2020-07-07 04:54:50,128 [pool-562-thread-1] INFO  server.RaftServerConfigKeys (ConfUtils.java:logGet(44)) - raft.server.log.purge.gap = 1000000 (custom)
2020-07-07 04:54:50,128 [pool-562-thread-1] INFO  server.RaftServerConfigKeys (ConfUtils.java:logGet(44)) - raft.server.log.appender.buffer.byte-limit = 33554432 (custom)
2020-07-07 04:54:50,128 [EventQueue-PipelineReportForPipelineReportHandler] INFO  pipeline.PipelineStateManager (PipelineStateManager.java:openPipeline(131)) - Pipeline Pipeline[ Id: 888bb53e-f643-4a5e-baff-477b4a60cd8c, Nodes: b4cbc94e-a0c4-4ad4-8347-afa6d31e032e{ip: 172.17.0.2, host: d53d11c09361, networkLocation: /default-rack, certSerialId: null}, Type:RATIS, Factor:ONE, State:ALLOCATED, leaderId:b4cbc94e-a0c4-4ad4-8347-afa6d31e032e, CreationTimestamp2020-07-07T04:54:47.122Z] moved to OPEN state
2020-07-07 04:54:50,129 [EventQueue-OpenPipelineForHealthyPipelineSafeModeRule] INFO  safemode.SCMSafeModeManager (HealthyPipelineSafeModeRule.java:process(129)) - SCM in safe mode. Healthy pipelines reported count is 0, required healthy pipeline reported count is 1
2020-07-07 04:54:50,129 [EventQueue-OpenPipelineForOneReplicaPipelineSafeModeRule] INFO  safemode.SCMSafeModeManager (SCMSafeModeManager.java:validateSafeModeExitRules(214)) - AtleastOneDatanodeReportedRule rule is successfully validated
2020-07-07 04:54:50,128 [pool-562-thread-1] INFO  server.RaftServerConfigKeys (ConfUtils.java:logGet(44)) - raft.server.log.segment.size.max = 1048576 (custom)
2020-07-07 04:54:50,130 [pool-562-thread-1] INFO  metrics.RatisMetrics (RatisMetrics.java:lambda$create$0(36)) - Creating Metrics Registry : ratis.log_worker.b4cbc94e-a0c4-4ad4-8347-afa6d31e032e@group-477B4A60CD8C
2020-07-07 04:54:50,130 [pool-562-thread-1] INFO  server.RaftServerConfigKeys (ConfUtils.java:logGet(44)) - raft.server.log.segment.cache.num.max = 2 (custom)
2020-07-07 04:54:50,130 [pool-562-thread-1] INFO  segmented.SegmentedRaftLogWorker (SegmentedRaftLogWorker.java:<init>(180)) - new b4cbc94e-a0c4-4ad4-8347-afa6d31e032e@group-477B4A60CD8C-SegmentedRaftLogWorker for RaftStorage:Storage Directory /github/workspace/mnt/ozone/hadoop-ozone/integration-test/target/test-dir/MiniOzoneClusterImpl-ddfb2fb6-1dd1-47df-b9d1-90c4649f621f/datanode-4/data/ratis/888bb53e-f643-4a5e-baff-477b4a60cd8c
2020-07-07 04:54:50,130 [pool-562-thread-1] INFO  server.RaftServerConfigKeys (ConfUtils.java:logGet(44)) - raft.server.log.queue.byte-limit = 2147483647 (custom)
2020-07-07 04:54:50,130 [pool-562-thread-1] INFO  server.RaftServerConfigKeys (ConfUtils.java:logGet(44)) - raft.server.log.queue.element-limit = 1024 (custom)
2020-07-07 04:54:50,130 [pool-562-thread-1] INFO  server.RaftServerConfigKeys (ConfUtils.java:logGet(44)) - raft.server.log.segment.size.max = 1048576 (custom)
2020-07-07 04:54:50,130 [pool-562-thread-1] INFO  server.RaftServerConfigKeys (ConfUtils.java:logGet(44)) - raft.server.log.preallocated.size = 16384 (custom)
2020-07-07 04:54:50,130 [pool-562-thread-1] INFO  server.RaftServerConfigKeys (ConfUtils.java:logGet(44)) - raft.server.log.write.buffer.size = 1048576 (custom)
2020-07-07 04:54:50,130 [pool-562-thread-1] INFO  server.RaftServerConfigKeys (ConfUtils.java:logGet(44)) - raft.server.log.force.sync.num = 128 (default)
2020-07-07 04:54:50,130 [pool-562-thread-1] INFO  server.RaftServerConfigKeys (ConfUtils.java:logGet(44)) - raft.server.log.statemachine.data.sync = true (default)
2020-07-07 04:54:50,130 [pool-562-thread-1] INFO  server.RaftServerConfigKeys (ConfUtils.java:logGet(44)) - raft.server.log.statemachine.data.sync.timeout = 10s (default)
2020-07-07 04:54:50,131 [pool-562-thread-1] INFO  server.RaftServerConfigKeys (ConfUtils.java:logGet(44)) - raft.server.log.statemachine.data.sync.timeout.retry = -1 (default)
2020-07-07 04:54:50,139 [grpc-default-executor-3] INFO  impl.RaftServerProxy (RaftServerProxy.java:addNew(89)) - 3f0f6471-07a7-4b9b-821c-68adebd7d2e3: addNew group-5B138B8C53D9:[b4cbc94e-a0c4-4ad4-8347-afa6d31e032e:172.17.0.2:43645, 3f0f6471-07a7-4b9b-821c-68adebd7d2e3:172.17.0.2:44367, faaf968f-0fca-4e96-b7e0-547f8fed29e0:172.17.0.2:36569] returns group-5B138B8C53D9:java.util.concurrent.CompletableFuture@a5bbf33[Not completed]
2020-07-07 04:54:50,141 [pool-562-thread-1] INFO  server.RaftServerConfigKeys (ConfUtils.java:logGet(44)) - raft.server.log.statemachine.data.caching.enabled = true (custom)
2020-07-07 04:54:50,142 [pool-562-thread-1] INFO  segmented.SegmentedRaftLogWorker (SegmentedRaftLogWorker.java:lambda$new$0(129)) - b4cbc94e-a0c4-4ad4-8347-afa6d31e032e@group-477B4A60CD8C-SegmentedRaftLogWorker: flushIndex: setUnconditionally 0 -> -1
2020-07-07 04:54:50,142 [pool-562-thread-1] INFO  segmented.SegmentedRaftLogWorker (SegmentedRaftLogWorker.java:lambda$new$0(129)) - b4cbc94e-a0c4-4ad4-8347-afa6d31e032e@group-477B4A60CD8C-SegmentedRaftLogWorker: safeCacheEvictIndex: setUnconditionally 0 -> -1
2020-07-07 04:54:50,143 [pool-577-thread-1] INFO  impl.RaftServerImpl (RaftServerImpl.java:<init>(99)) - 3f0f6471-07a7-4b9b-821c-68adebd7d2e3: new RaftServerImpl for group-5B138B8C53D9:[b4cbc94e-a0c4-4ad4-8347-afa6d31e032e:172.17.0.2:43645, 3f0f6471-07a7-4b9b-821c-68adebd7d2e3:172.17.0.2:44367, faaf968f-0fca-4e96-b7e0-547f8fed29e0:172.17.0.2:36569] with ContainerStateMachine:uninitialized
2020-07-07 04:54:50,143 [pool-577-thread-1] INFO  server.RaftServerConfigKeys (ConfUtils.java:logGet(44)) - raft.server.rpc.timeout.min = 5s (custom)
2020-07-07 04:54:50,143 [pool-577-thread-1] INFO  server.RaftServerConfigKeys (ConfUtils.java:logGet(44)) - raft.server.rpc.timeout.max = 5200ms (custom)
2020-07-07 04:54:50,143 [pool-577-thread-1] INFO  server.RaftServerConfigKeys (ConfUtils.java:logGet(44)) - raft.server.rpcslowness.timeout = 300000ms (custom)
2020-07-07 04:54:50,143 [pool-577-thread-1] INFO  server.RaftServerConfigKeys (ConfUtils.java:logGet(44)) - raft.server.sleep.deviation.threshold = 300 (default)
2020-07-07 04:54:50,143 [pool-577-thread-1] INFO  server.RaftServerConfigKeys (ConfUtils.java:logGet(44)) - raft.server.log.appender.install.snapshot.enabled = false (custom)
2020-07-07 04:54:50,143 [pool-562-thread-1] INFO  server.RaftServerConfigKeys (ConfUtils.java:logGet(44)) - raft.server.snapshot.auto.trigger.enabled = true (custom)
2020-07-07 04:54:50,143 [pool-562-thread-1] INFO  server.RaftServerConfigKeys (ConfUtils.java:logGet(44)) - raft.server.snapshot.auto.trigger.threshold = 10000 (custom)
2020-07-07 04:54:50,143 [pool-562-thread-1] INFO  server.RaftServerConfigKeys (ConfUtils.java:logGet(44)) - raft.server.snapshot.retention.file.num = 5 (custom)
2020-07-07 04:54:50,143 [pool-562-thread-1] INFO  server.RaftServerConfigKeys (ConfUtils.java:logGet(44)) - raft.server.log.purge.upto.snapshot.index = false (default)
2020-07-07 04:54:50,144 [pool-562-thread-1] INFO  server.RaftServerConfigKeys (ConfUtils.java:logGet(44)) - raft.server.retrycache.expirytime = 600000ms (custom)
2020-07-07 04:54:50,144 [pool-562-thread-1] INFO  metrics.RatisMetrics (RatisMetrics.java:lambda$create$0(36)) - Creating Metrics Registry : ratis.leader_election.b4cbc94e-a0c4-4ad4-8347-afa6d31e032e@group-477B4A60CD8C
2020-07-07 04:54:50,144 [pool-562-thread-1] INFO  metrics.RatisMetrics (RatisMetrics.java:lambda$create$0(36)) - Creating Metrics Registry : ratis.server.b4cbc94e-a0c4-4ad4-8347-afa6d31e032e@group-477B4A60CD8C
2020-07-07 04:54:50,145 [pool-577-thread-1] INFO  impl.RaftServerImpl (ServerState.java:<init>(103)) - 3f0f6471-07a7-4b9b-821c-68adebd7d2e3@group-5B138B8C53D9: ConfigurationManager, init=-1: [b4cbc94e-a0c4-4ad4-8347-afa6d31e032e:172.17.0.2:43645, 3f0f6471-07a7-4b9b-821c-68adebd7d2e3:172.17.0.2:44367, faaf968f-0fca-4e96-b7e0-547f8fed29e0:172.17.0.2:36569], old=null, confs=<EMPTY_MAP>
2020-07-07 04:54:50,146 [pool-577-thread-1] INFO  server.RaftServerConfigKeys (ConfUtils.java:logGet(44)) - raft.server.storage.dir = [/github/workspace/mnt/ozone/hadoop-ozone/integration-test/target/test-dir/MiniOzoneClusterImpl-ddfb2fb6-1dd1-47df-b9d1-90c4649f621f/datanode-5/data/ratis] (custom)
2020-07-07 04:54:50,146 [pool-562-thread-1] INFO  impl.RaftServerImpl (RaftServerImpl.java:start(186)) - b4cbc94e-a0c4-4ad4-8347-afa6d31e032e@group-477B4A60CD8C: start as a follower, conf=-1: [b4cbc94e-a0c4-4ad4-8347-afa6d31e032e:172.17.0.2:43645], old=null
2020-07-07 04:54:50,146 [pool-562-thread-1] INFO  impl.RaftServerImpl (RaftServerImpl.java:setRole(175)) - b4cbc94e-a0c4-4ad4-8347-afa6d31e032e@group-477B4A60CD8C: changes role from      null to FOLLOWER at term 0 for startAsFollower
2020-07-07 04:54:50,146 [pool-562-thread-1] INFO  impl.RoleInfo (RoleInfo.java:updateAndGet(143)) - b4cbc94e-a0c4-4ad4-8347-afa6d31e032e: start FollowerState
2020-07-07 04:54:50,146 [pool-577-thread-1] INFO  server.RaftServerConfigKeys (ConfUtils.java:logGet(44)) - raft.server.log.corruption.policy = EXCEPTION (default)
2020-07-07 04:54:50,146 [pool-562-thread-1] INFO  util.JmxRegister (JmxRegister.java:tryRegister(44)) - Successfully registered JMX Bean with object name Ratis:service=RaftServer,group=group-477B4A60CD8C,id=b4cbc94e-a0c4-4ad4-8347-afa6d31e032e
2020-07-07 04:54:50,146 [pool-562-thread-1] INFO  metrics.RatisMetrics (RatisMetrics.java:lambda$create$0(36)) - Creating Metrics Registry : ratis.state_machine.b4cbc94e-a0c4-4ad4-8347-afa6d31e032e@group-477B4A60CD8C
2020-07-07 04:54:50,146 [pool-577-thread-1] INFO  storage.RaftStorageDirectory (RaftStorageDirectory.java:analyzeStorage(261)) - The storage directory /github/workspace/mnt/ozone/hadoop-ozone/integration-test/target/test-dir/MiniOzoneClusterImpl-ddfb2fb6-1dd1-47df-b9d1-90c4649f621f/datanode-5/data/ratis/2edd039b-0aa8-4829-97f7-5b138b8c53d9 does not exist. Creating ...
2020-07-07 04:54:50,147 [pool-577-thread-1] INFO  storage.RaftStorageDirectory (RaftStorageDirectory.java:tryLock(343)) - Lock on /github/workspace/mnt/ozone/hadoop-ozone/integration-test/target/test-dir/MiniOzoneClusterImpl-ddfb2fb6-1dd1-47df-b9d1-90c4649f621f/datanode-5/data/ratis/2edd039b-0aa8-4829-97f7-5b138b8c53d9/in_use.lock acquired by nodename 6181@d53d11c09361
2020-07-07 04:54:50,147 [Command processor thread] INFO  commandhandler.CreatePipelineCommandHandler (CreatePipelineCommandHandler.java:handle(109)) - Created Pipeline RATIS ONE #id: "888bb53e-f643-4a5e-baff-477b4a60cd8c"
uuid128 {
  mostSigBits: -8607586980764366242
  leastSigBits: -4972176868739330676
}
.
2020-07-07 04:54:50,149 [pool-577-thread-1] INFO  storage.RaftStorage (RaftStorage.java:format(84)) - Storage directory /github/workspace/mnt/ozone/hadoop-ozone/integration-test/target/test-dir/MiniOzoneClusterImpl-ddfb2fb6-1dd1-47df-b9d1-90c4649f621f/datanode-5/data/ratis/2edd039b-0aa8-4829-97f7-5b138b8c53d9 has been successfully formatted.
2020-07-07 04:54:50,150 [pool-577-thread-1] INFO  ratis.ContainerStateMachine (ContainerStateMachine.java:loadSnapshot(225)) - group-5B138B8C53D9: The snapshot info is null. Setting the last applied indexto:(t:0, i:~)
2020-07-07 04:54:50,150 [pool-577-thread-1] INFO  server.RaftServerConfigKeys (ConfUtils.java:logGet(44)) - raft.server.notification.no-leader.timeout = 60s (default)
2020-07-07 04:54:50,150 [pool-577-thread-1] INFO  server.RaftServerConfigKeys (ConfUtils.java:logGet(44)) - raft.server.log.use.memory = false (default)
2020-07-07 04:54:50,150 [pool-577-thread-1] INFO  server.RaftServerConfigKeys (ConfUtils.java:logGet(44)) - raft.server.log.purge.gap = 1000000 (custom)
2020-07-07 04:54:50,150 [pool-577-thread-1] INFO  server.RaftServerConfigKeys (ConfUtils.java:logGet(44)) - raft.server.log.appender.buffer.byte-limit = 33554432 (custom)
2020-07-07 04:54:50,150 [pool-577-thread-1] INFO  server.RaftServerConfigKeys (ConfUtils.java:logGet(44)) - raft.server.log.segment.size.max = 1048576 (custom)
2020-07-07 04:54:50,150 [pool-577-thread-1] INFO  metrics.RatisMetrics (RatisMetrics.java:lambda$create$0(36)) - Creating Metrics Registry : ratis.log_worker.3f0f6471-07a7-4b9b-821c-68adebd7d2e3@group-5B138B8C53D9
2020-07-07 04:54:50,151 [pool-577-thread-1] INFO  server.RaftServerConfigKeys (ConfUtils.java:logGet(44)) - raft.server.log.segment.cache.num.max = 2 (custom)
2020-07-07 04:54:50,151 [pool-577-thread-1] INFO  segmented.SegmentedRaftLogWorker (SegmentedRaftLogWorker.java:<init>(180)) - new 3f0f6471-07a7-4b9b-821c-68adebd7d2e3@group-5B138B8C53D9-SegmentedRaftLogWorker for RaftStorage:Storage Directory /github/workspace/mnt/ozone/hadoop-ozone/integration-test/target/test-dir/MiniOzoneClusterImpl-ddfb2fb6-1dd1-47df-b9d1-90c4649f621f/datanode-5/data/ratis/2edd039b-0aa8-4829-97f7-5b138b8c53d9
2020-07-07 04:54:50,151 [pool-577-thread-1] INFO  server.RaftServerConfigKeys (ConfUtils.java:logGet(44)) - raft.server.log.queue.byte-limit = 2147483647 (custom)
2020-07-07 04:54:50,151 [pool-577-thread-1] INFO  server.RaftServerConfigKeys (ConfUtils.java:logGet(44)) - raft.server.log.queue.element-limit = 1024 (custom)
2020-07-07 04:54:50,151 [pool-577-thread-1] INFO  server.RaftServerConfigKeys (ConfUtils.java:logGet(44)) - raft.server.log.segment.size.max = 1048576 (custom)
2020-07-07 04:54:50,151 [pool-577-thread-1] INFO  server.RaftServerConfigKeys (ConfUtils.java:logGet(44)) - raft.server.log.preallocated.size = 16384 (custom)
2020-07-07 04:54:50,151 [pool-577-thread-1] INFO  server.RaftServerConfigKeys (ConfUtils.java:logGet(44)) - raft.server.log.write.buffer.size = 1048576 (custom)
2020-07-07 04:54:50,151 [pool-577-thread-1] INFO  server.RaftServerConfigKeys (ConfUtils.java:logGet(44)) - raft.server.log.force.sync.num = 128 (default)
2020-07-07 04:54:50,151 [pool-577-thread-1] INFO  server.RaftServerConfigKeys (ConfUtils.java:logGet(44)) - raft.server.log.statemachine.data.sync = true (default)
2020-07-07 04:54:50,151 [pool-577-thread-1] INFO  server.RaftServerConfigKeys (ConfUtils.java:logGet(44)) - raft.server.log.statemachine.data.sync.timeout = 10s (default)
2020-07-07 04:54:50,151 [pool-577-thread-1] INFO  server.RaftServerConfigKeys (ConfUtils.java:logGet(44)) - raft.server.log.statemachine.data.sync.timeout.retry = -1 (default)
2020-07-07 04:54:50,153 [pool-577-thread-1] INFO  server.RaftServerConfigKeys (ConfUtils.java:logGet(44)) - raft.server.log.statemachine.data.caching.enabled = true (custom)
2020-07-07 04:54:50,153 [pool-577-thread-1] INFO  segmented.SegmentedRaftLogWorker (SegmentedRaftLogWorker.java:lambda$new$0(129)) - 3f0f6471-07a7-4b9b-821c-68adebd7d2e3@group-5B138B8C53D9-SegmentedRaftLogWorker: flushIndex: setUnconditionally 0 -> -1
2020-07-07 04:54:50,153 [pool-577-thread-1] INFO  segmented.SegmentedRaftLogWorker (SegmentedRaftLogWorker.java:lambda$new$0(129)) - 3f0f6471-07a7-4b9b-821c-68adebd7d2e3@group-5B138B8C53D9-SegmentedRaftLogWorker: safeCacheEvictIndex: setUnconditionally 0 -> -1
2020-07-07 04:54:50,154 [pool-577-thread-1] INFO  server.RaftServerConfigKeys (ConfUtils.java:logGet(44)) - raft.server.snapshot.auto.trigger.enabled = true (custom)
2020-07-07 04:54:50,154 [pool-577-thread-1] INFO  server.RaftServerConfigKeys (ConfUtils.java:logGet(44)) - raft.server.snapshot.auto.trigger.threshold = 10000 (custom)
2020-07-07 04:54:50,154 [pool-577-thread-1] INFO  server.RaftServerConfigKeys (ConfUtils.java:logGet(44)) - raft.server.snapshot.retention.file.num = 5 (custom)
2020-07-07 04:54:50,154 [pool-577-thread-1] INFO  server.RaftServerConfigKeys (ConfUtils.java:logGet(44)) - raft.server.log.purge.upto.snapshot.index = false (default)
2020-07-07 04:54:50,154 [pool-577-thread-1] INFO  server.RaftServerConfigKeys (ConfUtils.java:logGet(44)) - raft.server.retrycache.expirytime = 600000ms (custom)
2020-07-07 04:54:50,155 [pool-577-thread-1] INFO  metrics.RatisMetrics (RatisMetrics.java:lambda$create$0(36)) - Creating Metrics Registry : ratis.leader_election.3f0f6471-07a7-4b9b-821c-68adebd7d2e3@group-5B138B8C53D9
2020-07-07 04:54:50,155 [pool-577-thread-1] INFO  metrics.RatisMetrics (RatisMetrics.java:lambda$create$0(36)) - Creating Metrics Registry : ratis.server.3f0f6471-07a7-4b9b-821c-68adebd7d2e3@group-5B138B8C53D9
2020-07-07 04:54:50,157 [pool-577-thread-1] INFO  impl.RaftServerImpl (RaftServerImpl.java:start(186)) - 3f0f6471-07a7-4b9b-821c-68adebd7d2e3@group-5B138B8C53D9: start as a follower, conf=-1: [b4cbc94e-a0c4-4ad4-8347-afa6d31e032e:172.17.0.2:43645, 3f0f6471-07a7-4b9b-821c-68adebd7d2e3:172.17.0.2:44367, faaf968f-0fca-4e96-b7e0-547f8fed29e0:172.17.0.2:36569], old=null
2020-07-07 04:54:50,157 [pool-577-thread-1] INFO  impl.RaftServerImpl (RaftServerImpl.java:setRole(175)) - 3f0f6471-07a7-4b9b-821c-68adebd7d2e3@group-5B138B8C53D9: changes role from      null to FOLLOWER at term 0 for startAsFollower
2020-07-07 04:54:50,157 [pool-577-thread-1] INFO  impl.RoleInfo (RoleInfo.java:updateAndGet(143)) - 3f0f6471-07a7-4b9b-821c-68adebd7d2e3: start FollowerState
2020-07-07 04:54:50,158 [pool-577-thread-1] INFO  util.JmxRegister (JmxRegister.java:tryRegister(44)) - Successfully registered JMX Bean with object name Ratis:service=RaftServer,group=group-5B138B8C53D9,id=3f0f6471-07a7-4b9b-821c-68adebd7d2e3
2020-07-07 04:54:50,158 [pool-577-thread-1] INFO  metrics.RatisMetrics (RatisMetrics.java:lambda$create$0(36)) - Creating Metrics Registry : ratis.state_machine.3f0f6471-07a7-4b9b-821c-68adebd7d2e3@group-5B138B8C53D9
2020-07-07 04:54:50,162 [Command processor thread] INFO  commandhandler.CreatePipelineCommandHandler (CreatePipelineCommandHandler.java:handle(109)) - Created Pipeline RATIS THREE #id: "2edd039b-0aa8-4829-97f7-5b138b8c53d9"
uuid128 {
  mostSigBits: 3376859260031354921
  leastSigBits: -7496422915231165479
}
.
2020-07-07 04:54:50,171 [Command processor thread] INFO  impl.RaftServerProxy (RaftServerProxy.java:addNew(89)) - 3f0f6471-07a7-4b9b-821c-68adebd7d2e3: addNew group-13380E399D11:[3f0f6471-07a7-4b9b-821c-68adebd7d2e3:172.17.0.2:44367] returns group-13380E399D11:java.util.concurrent.CompletableFuture@11f04d84[Not completed]
2020-07-07 04:54:50,172 [pool-577-thread-1] INFO  impl.RaftServerImpl (RaftServerImpl.java:<init>(99)) - 3f0f6471-07a7-4b9b-821c-68adebd7d2e3: new RaftServerImpl for group-13380E399D11:[3f0f6471-07a7-4b9b-821c-68adebd7d2e3:172.17.0.2:44367] with ContainerStateMachine:uninitialized
2020-07-07 04:54:50,172 [pool-577-thread-1] INFO  server.RaftServerConfigKeys (ConfUtils.java:logGet(44)) - raft.server.rpc.timeout.min = 5s (custom)
2020-07-07 04:54:50,172 [pool-577-thread-1] INFO  server.RaftServerConfigKeys (ConfUtils.java:logGet(44)) - raft.server.rpc.timeout.max = 5200ms (custom)
2020-07-07 04:54:50,172 [pool-577-thread-1] INFO  server.RaftServerConfigKeys (ConfUtils.java:logGet(44)) - raft.server.rpcslowness.timeout = 300000ms (custom)
2020-07-07 04:54:50,172 [pool-577-thread-1] INFO  server.RaftServerConfigKeys (ConfUtils.java:logGet(44)) - raft.server.sleep.deviation.threshold = 300 (default)
2020-07-07 04:54:50,172 [pool-577-thread-1] INFO  server.RaftServerConfigKeys (ConfUtils.java:logGet(44)) - raft.server.log.appender.install.snapshot.enabled = false (custom)
2020-07-07 04:54:50,172 [pool-577-thread-1] INFO  impl.RaftServerImpl (ServerState.java:<init>(103)) - 3f0f6471-07a7-4b9b-821c-68adebd7d2e3@group-13380E399D11: ConfigurationManager, init=-1: [3f0f6471-07a7-4b9b-821c-68adebd7d2e3:172.17.0.2:44367], old=null, confs=<EMPTY_MAP>
2020-07-07 04:54:50,172 [pool-577-thread-1] INFO  server.RaftServerConfigKeys (ConfUtils.java:logGet(44)) - raft.server.storage.dir = [/github/workspace/mnt/ozone/hadoop-ozone/integration-test/target/test-dir/MiniOzoneClusterImpl-ddfb2fb6-1dd1-47df-b9d1-90c4649f621f/datanode-5/data/ratis] (custom)
2020-07-07 04:54:50,173 [pool-577-thread-1] INFO  server.RaftServerConfigKeys (ConfUtils.java:logGet(44)) - raft.server.log.corruption.policy = EXCEPTION (default)
2020-07-07 04:54:50,173 [pool-577-thread-1] INFO  storage.RaftStorageDirectory (RaftStorageDirectory.java:analyzeStorage(261)) - The storage directory /github/workspace/mnt/ozone/hadoop-ozone/integration-test/target/test-dir/MiniOzoneClusterImpl-ddfb2fb6-1dd1-47df-b9d1-90c4649f621f/datanode-5/data/ratis/1f0a2eb0-309b-42f2-9971-13380e399d11 does not exist. Creating ...
2020-07-07 04:54:50,174 [pool-577-thread-1] INFO  storage.RaftStorageDirectory (RaftStorageDirectory.java:tryLock(343)) - Lock on /github/workspace/mnt/ozone/hadoop-ozone/integration-test/target/test-dir/MiniOzoneClusterImpl-ddfb2fb6-1dd1-47df-b9d1-90c4649f621f/datanode-5/data/ratis/1f0a2eb0-309b-42f2-9971-13380e399d11/in_use.lock acquired by nodename 6181@d53d11c09361
2020-07-07 04:54:50,175 [pool-577-thread-1] INFO  storage.RaftStorage (RaftStorage.java:format(84)) - Storage directory /github/workspace/mnt/ozone/hadoop-ozone/integration-test/target/test-dir/MiniOzoneClusterImpl-ddfb2fb6-1dd1-47df-b9d1-90c4649f621f/datanode-5/data/ratis/1f0a2eb0-309b-42f2-9971-13380e399d11 has been successfully formatted.
2020-07-07 04:54:50,176 [pool-577-thread-1] INFO  ratis.ContainerStateMachine (ContainerStateMachine.java:loadSnapshot(225)) - group-13380E399D11: The snapshot info is null. Setting the last applied indexto:(t:0, i:~)
2020-07-07 04:54:50,177 [EventQueue-PipelineReportForPipelineReportHandler] INFO  pipeline.PipelineStateManager (PipelineStateManager.java:openPipeline(131)) - Pipeline Pipeline[ Id: 1f0a2eb0-309b-42f2-9971-13380e399d11, Nodes: 3f0f6471-07a7-4b9b-821c-68adebd7d2e3{ip: 172.17.0.2, host: d53d11c09361, networkLocation: /default-rack, certSerialId: null}, Type:RATIS, Factor:ONE, State:ALLOCATED, leaderId:3f0f6471-07a7-4b9b-821c-68adebd7d2e3, CreationTimestamp2020-07-07T04:54:47.173Z] moved to OPEN state
2020-07-07 04:54:50,177 [EventQueue-OpenPipelineForOneReplicaPipelineSafeModeRule] INFO  safemode.SCMSafeModeManager (SCMSafeModeManager.java:validateSafeModeExitRules(214)) - AtleastOneDatanodeReportedRule rule is successfully validated
2020-07-07 04:54:50,177 [EventQueue-OpenPipelineForHealthyPipelineSafeModeRule] INFO  safemode.SCMSafeModeManager (HealthyPipelineSafeModeRule.java:process(129)) - SCM in safe mode. Healthy pipelines reported count is 0, required healthy pipeline reported count is 1
2020-07-07 04:54:50,177 [pool-577-thread-1] INFO  server.RaftServerConfigKeys (ConfUtils.java:logGet(44)) - raft.server.notification.no-leader.timeout = 60s (default)
2020-07-07 04:54:50,177 [pool-577-thread-1] INFO  server.RaftServerConfigKeys (ConfUtils.java:logGet(44)) - raft.server.log.use.memory = false (default)
2020-07-07 04:54:50,177 [pool-577-thread-1] INFO  server.RaftServerConfigKeys (ConfUtils.java:logGet(44)) - raft.server.log.purge.gap = 1000000 (custom)
2020-07-07 04:54:50,177 [pool-577-thread-1] INFO  server.RaftServerConfigKeys (ConfUtils.java:logGet(44)) - raft.server.log.appender.buffer.byte-limit = 33554432 (custom)
2020-07-07 04:54:50,177 [pool-577-thread-1] INFO  server.RaftServerConfigKeys (ConfUtils.java:logGet(44)) - raft.server.log.segment.size.max = 1048576 (custom)
2020-07-07 04:54:50,177 [pool-577-thread-1] INFO  metrics.RatisMetrics (RatisMetrics.java:lambda$create$0(36)) - Creating Metrics Registry : ratis.log_worker.3f0f6471-07a7-4b9b-821c-68adebd7d2e3@group-13380E399D11
2020-07-07 04:54:50,178 [pool-577-thread-1] INFO  server.RaftServerConfigKeys (ConfUtils.java:logGet(44)) - raft.server.log.segment.cache.num.max = 2 (custom)
2020-07-07 04:54:50,178 [pool-577-thread-1] INFO  segmented.SegmentedRaftLogWorker (SegmentedRaftLogWorker.java:<init>(180)) - new 3f0f6471-07a7-4b9b-821c-68adebd7d2e3@group-13380E399D11-SegmentedRaftLogWorker for RaftStorage:Storage Directory /github/workspace/mnt/ozone/hadoop-ozone/integration-test/target/test-dir/MiniOzoneClusterImpl-ddfb2fb6-1dd1-47df-b9d1-90c4649f621f/datanode-5/data/ratis/1f0a2eb0-309b-42f2-9971-13380e399d11
2020-07-07 04:54:50,178 [pool-577-thread-1] INFO  server.RaftServerConfigKeys (ConfUtils.java:logGet(44)) - raft.server.log.queue.byte-limit = 2147483647 (custom)
2020-07-07 04:54:50,178 [pool-577-thread-1] INFO  server.RaftServerConfigKeys (ConfUtils.java:logGet(44)) - raft.server.log.queue.element-limit = 1024 (custom)
2020-07-07 04:54:50,178 [pool-577-thread-1] INFO  server.RaftServerConfigKeys (ConfUtils.java:logGet(44)) - raft.server.log.segment.size.max = 1048576 (custom)
2020-07-07 04:54:50,178 [pool-577-thread-1] INFO  server.RaftServerConfigKeys (ConfUtils.java:logGet(44)) - raft.server.log.preallocated.size = 16384 (custom)
2020-07-07 04:54:50,178 [pool-577-thread-1] INFO  server.RaftServerConfigKeys (ConfUtils.java:logGet(44)) - raft.server.log.write.buffer.size = 1048576 (custom)
2020-07-07 04:54:50,178 [pool-577-thread-1] INFO  server.RaftServerConfigKeys (ConfUtils.java:logGet(44)) - raft.server.log.force.sync.num = 128 (default)
2020-07-07 04:54:50,178 [pool-577-thread-1] INFO  server.RaftServerConfigKeys (ConfUtils.java:logGet(44)) - raft.server.log.statemachine.data.sync = true (default)
2020-07-07 04:54:50,178 [pool-577-thread-1] INFO  server.RaftServerConfigKeys (ConfUtils.java:logGet(44)) - raft.server.log.statemachine.data.sync.timeout = 10s (default)
2020-07-07 04:54:50,178 [pool-577-thread-1] INFO  server.RaftServerConfigKeys (ConfUtils.java:logGet(44)) - raft.server.log.statemachine.data.sync.timeout.retry = -1 (default)
2020-07-07 04:54:50,181 [pool-577-thread-1] INFO  server.RaftServerConfigKeys (ConfUtils.java:logGet(44)) - raft.server.log.statemachine.data.caching.enabled = true (custom)
2020-07-07 04:54:50,181 [pool-577-thread-1] INFO  segmented.SegmentedRaftLogWorker (SegmentedRaftLogWorker.java:lambda$new$0(129)) - 3f0f6471-07a7-4b9b-821c-68adebd7d2e3@group-13380E399D11-SegmentedRaftLogWorker: flushIndex: setUnconditionally 0 -> -1
2020-07-07 04:54:50,181 [pool-577-thread-1] INFO  segmented.SegmentedRaftLogWorker (SegmentedRaftLogWorker.java:lambda$new$0(129)) - 3f0f6471-07a7-4b9b-821c-68adebd7d2e3@group-13380E399D11-SegmentedRaftLogWorker: safeCacheEvictIndex: setUnconditionally 0 -> -1
2020-07-07 04:54:50,181 [pool-577-thread-1] INFO  server.RaftServerConfigKeys (ConfUtils.java:logGet(44)) - raft.server.snapshot.auto.trigger.enabled = true (custom)
2020-07-07 04:54:50,181 [pool-577-thread-1] INFO  server.RaftServerConfigKeys (ConfUtils.java:logGet(44)) - raft.server.snapshot.auto.trigger.threshold = 10000 (custom)
2020-07-07 04:54:50,181 [pool-577-thread-1] INFO  server.RaftServerConfigKeys (ConfUtils.java:logGet(44)) - raft.server.snapshot.retention.file.num = 5 (custom)
2020-07-07 04:54:50,182 [pool-577-thread-1] INFO  server.RaftServerConfigKeys (ConfUtils.java:logGet(44)) - raft.server.log.purge.upto.snapshot.index = false (default)
2020-07-07 04:54:50,182 [pool-577-thread-1] INFO  server.RaftServerConfigKeys (ConfUtils.java:logGet(44)) - raft.server.retrycache.expirytime = 600000ms (custom)
2020-07-07 04:54:50,182 [pool-577-thread-1] INFO  metrics.RatisMetrics (RatisMetrics.java:lambda$create$0(36)) - Creating Metrics Registry : ratis.leader_election.3f0f6471-07a7-4b9b-821c-68adebd7d2e3@group-13380E399D11
2020-07-07 04:54:50,183 [pool-577-thread-1] INFO  metrics.RatisMetrics (RatisMetrics.java:lambda$create$0(36)) - Creating Metrics Registry : ratis.server.3f0f6471-07a7-4b9b-821c-68adebd7d2e3@group-13380E399D11
2020-07-07 04:54:50,184 [pool-577-thread-1] INFO  impl.RaftServerImpl (RaftServerImpl.java:start(186)) - 3f0f6471-07a7-4b9b-821c-68adebd7d2e3@group-13380E399D11: start as a follower, conf=-1: [3f0f6471-07a7-4b9b-821c-68adebd7d2e3:172.17.0.2:44367], old=null
2020-07-07 04:54:50,184 [pool-577-thread-1] INFO  impl.RaftServerImpl (RaftServerImpl.java:setRole(175)) - 3f0f6471-07a7-4b9b-821c-68adebd7d2e3@group-13380E399D11: changes role from      null to FOLLOWER at term 0 for startAsFollower
2020-07-07 04:54:50,184 [pool-577-thread-1] INFO  impl.RoleInfo (RoleInfo.java:updateAndGet(143)) - 3f0f6471-07a7-4b9b-821c-68adebd7d2e3: start FollowerState
2020-07-07 04:54:50,185 [pool-577-thread-1] INFO  util.JmxRegister (JmxRegister.java:tryRegister(44)) - Successfully registered JMX Bean with object name Ratis:service=RaftServer,group=group-13380E399D11,id=3f0f6471-07a7-4b9b-821c-68adebd7d2e3
2020-07-07 04:54:50,185 [pool-577-thread-1] INFO  metrics.RatisMetrics (RatisMetrics.java:lambda$create$0(36)) - Creating Metrics Registry : ratis.state_machine.3f0f6471-07a7-4b9b-821c-68adebd7d2e3@group-13380E399D11
2020-07-07 04:54:50,186 [Command processor thread] INFO  commandhandler.CreatePipelineCommandHandler (CreatePipelineCommandHandler.java:handle(109)) - Created Pipeline RATIS ONE #id: "1f0a2eb0-309b-42f2-9971-13380e399d11"
uuid128 {
  mostSigBits: 2236651499207475954
  leastSigBits: -7390104382060520175
}
.
2020-07-07 04:54:50,230 [Command processor thread] INFO  impl.RaftServerProxy (RaftServerProxy.java:addNew(89)) - e48c4946-041b-4a5b-90ab-176302687b86: addNew group-4438A7B4A6C2:[e48c4946-041b-4a5b-90ab-176302687b86:172.17.0.2:38349] returns group-4438A7B4A6C2:java.util.concurrent.CompletableFuture@8495a17[Not completed]
2020-07-07 04:54:50,231 [pool-592-thread-1] INFO  impl.RaftServerImpl (RaftServerImpl.java:<init>(99)) - e48c4946-041b-4a5b-90ab-176302687b86: new RaftServerImpl for group-4438A7B4A6C2:[e48c4946-041b-4a5b-90ab-176302687b86:172.17.0.2:38349] with ContainerStateMachine:uninitialized
2020-07-07 04:54:50,232 [pool-592-thread-1] INFO  server.RaftServerConfigKeys (ConfUtils.java:logGet(44)) - raft.server.rpc.timeout.min = 5s (custom)
2020-07-07 04:54:50,232 [pool-592-thread-1] INFO  server.RaftServerConfigKeys (ConfUtils.java:logGet(44)) - raft.server.rpc.timeout.max = 5200ms (custom)
2020-07-07 04:54:50,232 [pool-592-thread-1] INFO  server.RaftServerConfigKeys (ConfUtils.java:logGet(44)) - raft.server.rpcslowness.timeout = 300000ms (custom)
2020-07-07 04:54:50,232 [pool-592-thread-1] INFO  server.RaftServerConfigKeys (ConfUtils.java:logGet(44)) - raft.server.sleep.deviation.threshold = 300 (default)
2020-07-07 04:54:50,232 [pool-592-thread-1] INFO  server.RaftServerConfigKeys (ConfUtils.java:logGet(44)) - raft.server.log.appender.install.snapshot.enabled = false (custom)
2020-07-07 04:54:50,232 [pool-592-thread-1] INFO  impl.RaftServerImpl (ServerState.java:<init>(103)) - e48c4946-041b-4a5b-90ab-176302687b86@group-4438A7B4A6C2: ConfigurationManager, init=-1: [e48c4946-041b-4a5b-90ab-176302687b86:172.17.0.2:38349], old=null, confs=<EMPTY_MAP>
2020-07-07 04:54:50,232 [pool-592-thread-1] INFO  server.RaftServerConfigKeys (ConfUtils.java:logGet(44)) - raft.server.storage.dir = [/github/workspace/mnt/ozone/hadoop-ozone/integration-test/target/test-dir/MiniOzoneClusterImpl-ddfb2fb6-1dd1-47df-b9d1-90c4649f621f/datanode-6/data/ratis] (custom)
2020-07-07 04:54:50,232 [pool-592-thread-1] INFO  server.RaftServerConfigKeys (ConfUtils.java:logGet(44)) - raft.server.log.corruption.policy = EXCEPTION (default)
2020-07-07 04:54:50,232 [pool-592-thread-1] INFO  storage.RaftStorageDirectory (RaftStorageDirectory.java:analyzeStorage(261)) - The storage directory /github/workspace/mnt/ozone/hadoop-ozone/integration-test/target/test-dir/MiniOzoneClusterImpl-ddfb2fb6-1dd1-47df-b9d1-90c4649f621f/datanode-6/data/ratis/72c01868-d602-4700-bcbe-4438a7b4a6c2 does not exist. Creating ...
2020-07-07 04:54:50,234 [pool-592-thread-1] INFO  storage.RaftStorageDirectory (RaftStorageDirectory.java:tryLock(343)) - Lock on /github/workspace/mnt/ozone/hadoop-ozone/integration-test/target/test-dir/MiniOzoneClusterImpl-ddfb2fb6-1dd1-47df-b9d1-90c4649f621f/datanode-6/data/ratis/72c01868-d602-4700-bcbe-4438a7b4a6c2/in_use.lock acquired by nodename 6181@d53d11c09361
2020-07-07 04:54:50,235 [pool-592-thread-1] INFO  storage.RaftStorage (RaftStorage.java:format(84)) - Storage directory /github/workspace/mnt/ozone/hadoop-ozone/integration-test/target/test-dir/MiniOzoneClusterImpl-ddfb2fb6-1dd1-47df-b9d1-90c4649f621f/datanode-6/data/ratis/72c01868-d602-4700-bcbe-4438a7b4a6c2 has been successfully formatted.
2020-07-07 04:54:50,236 [pool-592-thread-1] INFO  ratis.ContainerStateMachine (ContainerStateMachine.java:loadSnapshot(225)) - group-4438A7B4A6C2: The snapshot info is null. Setting the last applied indexto:(t:0, i:~)
2020-07-07 04:54:50,236 [pool-592-thread-1] INFO  server.RaftServerConfigKeys (ConfUtils.java:logGet(44)) - raft.server.notification.no-leader.timeout = 60s (default)
2020-07-07 04:54:50,236 [pool-592-thread-1] INFO  server.RaftServerConfigKeys (ConfUtils.java:logGet(44)) - raft.server.log.use.memory = false (default)
2020-07-07 04:54:50,237 [pool-592-thread-1] INFO  server.RaftServerConfigKeys (ConfUtils.java:logGet(44)) - raft.server.log.purge.gap = 1000000 (custom)
2020-07-07 04:54:50,237 [pool-592-thread-1] INFO  server.RaftServerConfigKeys (ConfUtils.java:logGet(44)) - raft.server.log.appender.buffer.byte-limit = 33554432 (custom)
2020-07-07 04:54:50,237 [pool-592-thread-1] INFO  server.RaftServerConfigKeys (ConfUtils.java:logGet(44)) - raft.server.log.segment.size.max = 1048576 (custom)
2020-07-07 04:54:50,237 [pool-592-thread-1] INFO  metrics.RatisMetrics (RatisMetrics.java:lambda$create$0(36)) - Creating Metrics Registry : ratis.log_worker.e48c4946-041b-4a5b-90ab-176302687b86@group-4438A7B4A6C2
2020-07-07 04:54:50,237 [pool-592-thread-1] INFO  server.RaftServerConfigKeys (ConfUtils.java:logGet(44)) - raft.server.log.segment.cache.num.max = 2 (custom)
2020-07-07 04:54:50,237 [pool-592-thread-1] INFO  segmented.SegmentedRaftLogWorker (SegmentedRaftLogWorker.java:<init>(180)) - new e48c4946-041b-4a5b-90ab-176302687b86@group-4438A7B4A6C2-SegmentedRaftLogWorker for RaftStorage:Storage Directory /github/workspace/mnt/ozone/hadoop-ozone/integration-test/target/test-dir/MiniOzoneClusterImpl-ddfb2fb6-1dd1-47df-b9d1-90c4649f621f/datanode-6/data/ratis/72c01868-d602-4700-bcbe-4438a7b4a6c2
2020-07-07 04:54:50,237 [pool-592-thread-1] INFO  server.RaftServerConfigKeys (ConfUtils.java:logGet(44)) - raft.server.log.queue.byte-limit = 2147483647 (custom)
2020-07-07 04:54:50,237 [pool-592-thread-1] INFO  server.RaftServerConfigKeys (ConfUtils.java:logGet(44)) - raft.server.log.queue.element-limit = 1024 (custom)
2020-07-07 04:54:50,237 [pool-592-thread-1] INFO  server.RaftServerConfigKeys (ConfUtils.java:logGet(44)) - raft.server.log.segment.size.max = 1048576 (custom)
2020-07-07 04:54:50,237 [pool-592-thread-1] INFO  server.RaftServerConfigKeys (ConfUtils.java:logGet(44)) - raft.server.log.preallocated.size = 16384 (custom)
2020-07-07 04:54:50,238 [pool-592-thread-1] INFO  server.RaftServerConfigKeys (ConfUtils.java:logGet(44)) - raft.server.log.write.buffer.size = 1048576 (custom)
2020-07-07 04:54:50,238 [pool-592-thread-1] INFO  server.RaftServerConfigKeys (ConfUtils.java:logGet(44)) - raft.server.log.force.sync.num = 128 (default)
2020-07-07 04:54:50,238 [pool-592-thread-1] INFO  server.RaftServerConfigKeys (ConfUtils.java:logGet(44)) - raft.server.log.statemachine.data.sync = true (default)
2020-07-07 04:54:50,238 [pool-592-thread-1] INFO  server.RaftServerConfigKeys (ConfUtils.java:logGet(44)) - raft.server.log.statemachine.data.sync.timeout = 10s (default)
2020-07-07 04:54:50,238 [pool-592-thread-1] INFO  server.RaftServerConfigKeys (ConfUtils.java:logGet(44)) - raft.server.log.statemachine.data.sync.timeout.retry = -1 (default)
2020-07-07 04:54:50,240 [pool-592-thread-1] INFO  server.RaftServerConfigKeys (ConfUtils.java:logGet(44)) - raft.server.log.statemachine.data.caching.enabled = true (custom)
2020-07-07 04:54:50,240 [pool-592-thread-1] INFO  segmented.SegmentedRaftLogWorker (SegmentedRaftLogWorker.java:lambda$new$0(129)) - e48c4946-041b-4a5b-90ab-176302687b86@group-4438A7B4A6C2-SegmentedRaftLogWorker: flushIndex: setUnconditionally 0 -> -1
2020-07-07 04:54:50,240 [pool-592-thread-1] INFO  segmented.SegmentedRaftLogWorker (SegmentedRaftLogWorker.java:lambda$new$0(129)) - e48c4946-041b-4a5b-90ab-176302687b86@group-4438A7B4A6C2-SegmentedRaftLogWorker: safeCacheEvictIndex: setUnconditionally 0 -> -1
2020-07-07 04:54:50,241 [pool-592-thread-1] INFO  server.RaftServerConfigKeys (ConfUtils.java:logGet(44)) - raft.server.snapshot.auto.trigger.enabled = true (custom)
2020-07-07 04:54:50,241 [EventQueue-PipelineReportForPipelineReportHandler] INFO  pipeline.PipelineStateManager (PipelineStateManager.java:openPipeline(131)) - Pipeline Pipeline[ Id: 72c01868-d602-4700-bcbe-4438a7b4a6c2, Nodes: e48c4946-041b-4a5b-90ab-176302687b86{ip: 172.17.0.2, host: d53d11c09361, networkLocation: /default-rack, certSerialId: null}, Type:RATIS, Factor:ONE, State:ALLOCATED, leaderId:e48c4946-041b-4a5b-90ab-176302687b86, CreationTimestamp2020-07-07T04:54:47.230Z] moved to OPEN state
2020-07-07 04:54:50,241 [pool-592-thread-1] INFO  server.RaftServerConfigKeys (ConfUtils.java:logGet(44)) - raft.server.snapshot.auto.trigger.threshold = 10000 (custom)
2020-07-07 04:54:50,241 [pool-592-thread-1] INFO  server.RaftServerConfigKeys (ConfUtils.java:logGet(44)) - raft.server.snapshot.retention.file.num = 5 (custom)
2020-07-07 04:54:50,241 [pool-592-thread-1] INFO  server.RaftServerConfigKeys (ConfUtils.java:logGet(44)) - raft.server.log.purge.upto.snapshot.index = false (default)
2020-07-07 04:54:50,241 [pool-592-thread-1] INFO  server.RaftServerConfigKeys (ConfUtils.java:logGet(44)) - raft.server.retrycache.expirytime = 600000ms (custom)
2020-07-07 04:54:50,241 [pool-592-thread-1] INFO  metrics.RatisMetrics (RatisMetrics.java:lambda$create$0(36)) - Creating Metrics Registry : ratis.leader_election.e48c4946-041b-4a5b-90ab-176302687b86@group-4438A7B4A6C2
2020-07-07 04:54:50,241 [EventQueue-OpenPipelineForOneReplicaPipelineSafeModeRule] INFO  safemode.SCMSafeModeManager (SCMSafeModeManager.java:validateSafeModeExitRules(214)) - AtleastOneDatanodeReportedRule rule is successfully validated
2020-07-07 04:54:50,241 [EventQueue-OpenPipelineForHealthyPipelineSafeModeRule] INFO  safemode.SCMSafeModeManager (HealthyPipelineSafeModeRule.java:process(129)) - SCM in safe mode. Healthy pipelines reported count is 0, required healthy pipeline reported count is 1
2020-07-07 04:54:50,242 [pool-592-thread-1] INFO  metrics.RatisMetrics (RatisMetrics.java:lambda$create$0(36)) - Creating Metrics Registry : ratis.server.e48c4946-041b-4a5b-90ab-176302687b86@group-4438A7B4A6C2
2020-07-07 04:54:50,243 [pool-592-thread-1] INFO  impl.RaftServerImpl (RaftServerImpl.java:start(186)) - e48c4946-041b-4a5b-90ab-176302687b86@group-4438A7B4A6C2: start as a follower, conf=-1: [e48c4946-041b-4a5b-90ab-176302687b86:172.17.0.2:38349], old=null
2020-07-07 04:54:50,243 [pool-592-thread-1] INFO  impl.RaftServerImpl (RaftServerImpl.java:setRole(175)) - e48c4946-041b-4a5b-90ab-176302687b86@group-4438A7B4A6C2: changes role from      null to FOLLOWER at term 0 for startAsFollower
2020-07-07 04:54:50,243 [pool-592-thread-1] INFO  impl.RoleInfo (RoleInfo.java:updateAndGet(143)) - e48c4946-041b-4a5b-90ab-176302687b86: start FollowerState
2020-07-07 04:54:50,244 [pool-592-thread-1] INFO  util.JmxRegister (JmxRegister.java:tryRegister(44)) - Successfully registered JMX Bean with object name Ratis:service=RaftServer,group=group-4438A7B4A6C2,id=e48c4946-041b-4a5b-90ab-176302687b86
2020-07-07 04:54:50,244 [pool-592-thread-1] INFO  metrics.RatisMetrics (RatisMetrics.java:lambda$create$0(36)) - Creating Metrics Registry : ratis.state_machine.e48c4946-041b-4a5b-90ab-176302687b86@group-4438A7B4A6C2
2020-07-07 04:54:50,245 [Command processor thread] INFO  commandhandler.CreatePipelineCommandHandler (CreatePipelineCommandHandler.java:handle(109)) - Created Pipeline RATIS ONE #id: "72c01868-d602-4700-bcbe-4438a7b4a6c2"
uuid128 {
  mostSigBits: 8268635754398369536
  leastSigBits: -4846361138881583422
}
.
2020-07-07 04:54:50,245 [Command processor thread] INFO  impl.RaftServerProxy (RaftServerProxy.java:addNew(89)) - e48c4946-041b-4a5b-90ab-176302687b86: addNew group-E8C64DAF1BB3:[a62f0d4c-b40d-4885-8959-00b4626cec0c:172.17.0.2:36867, e48c4946-041b-4a5b-90ab-176302687b86:172.17.0.2:38349, 850327c1-f3ee-4a2d-9c3d-5bffdb64e521:172.17.0.2:42877] returns group-E8C64DAF1BB3:java.util.concurrent.CompletableFuture@c76dfc6[Not completed]
2020-07-07 04:54:50,246 [pool-592-thread-1] INFO  impl.RaftServerImpl (RaftServerImpl.java:<init>(99)) - e48c4946-041b-4a5b-90ab-176302687b86: new RaftServerImpl for group-E8C64DAF1BB3:[a62f0d4c-b40d-4885-8959-00b4626cec0c:172.17.0.2:36867, e48c4946-041b-4a5b-90ab-176302687b86:172.17.0.2:38349, 850327c1-f3ee-4a2d-9c3d-5bffdb64e521:172.17.0.2:42877] with ContainerStateMachine:uninitialized
2020-07-07 04:54:50,246 [pool-592-thread-1] INFO  server.RaftServerConfigKeys (ConfUtils.java:logGet(44)) - raft.server.rpc.timeout.min = 5s (custom)
2020-07-07 04:54:50,246 [pool-592-thread-1] INFO  server.RaftServerConfigKeys (ConfUtils.java:logGet(44)) - raft.server.rpc.timeout.max = 5200ms (custom)
2020-07-07 04:54:50,246 [pool-592-thread-1] INFO  server.RaftServerConfigKeys (ConfUtils.java:logGet(44)) - raft.server.rpcslowness.timeout = 300000ms (custom)
2020-07-07 04:54:50,246 [pool-592-thread-1] INFO  server.RaftServerConfigKeys (ConfUtils.java:logGet(44)) - raft.server.sleep.deviation.threshold = 300 (default)
2020-07-07 04:54:50,246 [pool-592-thread-1] INFO  server.RaftServerConfigKeys (ConfUtils.java:logGet(44)) - raft.server.log.appender.install.snapshot.enabled = false (custom)
2020-07-07 04:54:50,246 [pool-592-thread-1] INFO  impl.RaftServerImpl (ServerState.java:<init>(103)) - e48c4946-041b-4a5b-90ab-176302687b86@group-E8C64DAF1BB3: ConfigurationManager, init=-1: [a62f0d4c-b40d-4885-8959-00b4626cec0c:172.17.0.2:36867, e48c4946-041b-4a5b-90ab-176302687b86:172.17.0.2:38349, 850327c1-f3ee-4a2d-9c3d-5bffdb64e521:172.17.0.2:42877], old=null, confs=<EMPTY_MAP>
2020-07-07 04:54:50,246 [pool-592-thread-1] INFO  server.RaftServerConfigKeys (ConfUtils.java:logGet(44)) - raft.server.storage.dir = [/github/workspace/mnt/ozone/hadoop-ozone/integration-test/target/test-dir/MiniOzoneClusterImpl-ddfb2fb6-1dd1-47df-b9d1-90c4649f621f/datanode-6/data/ratis] (custom)
2020-07-07 04:54:50,246 [pool-592-thread-1] INFO  server.RaftServerConfigKeys (ConfUtils.java:logGet(44)) - raft.server.log.corruption.policy = EXCEPTION (default)
2020-07-07 04:54:50,246 [pool-592-thread-1] INFO  storage.RaftStorageDirectory (RaftStorageDirectory.java:analyzeStorage(261)) - The storage directory /github/workspace/mnt/ozone/hadoop-ozone/integration-test/target/test-dir/MiniOzoneClusterImpl-ddfb2fb6-1dd1-47df-b9d1-90c4649f621f/datanode-6/data/ratis/00bd9342-b899-4510-816c-e8c64daf1bb3 does not exist. Creating ...
2020-07-07 04:54:50,248 [pool-592-thread-1] INFO  storage.RaftStorageDirectory (RaftStorageDirectory.java:tryLock(343)) - Lock on /github/workspace/mnt/ozone/hadoop-ozone/integration-test/target/test-dir/MiniOzoneClusterImpl-ddfb2fb6-1dd1-47df-b9d1-90c4649f621f/datanode-6/data/ratis/00bd9342-b899-4510-816c-e8c64daf1bb3/in_use.lock acquired by nodename 6181@d53d11c09361
2020-07-07 04:54:50,249 [pool-592-thread-1] INFO  storage.RaftStorage (RaftStorage.java:format(84)) - Storage directory /github/workspace/mnt/ozone/hadoop-ozone/integration-test/target/test-dir/MiniOzoneClusterImpl-ddfb2fb6-1dd1-47df-b9d1-90c4649f621f/datanode-6/data/ratis/00bd9342-b899-4510-816c-e8c64daf1bb3 has been successfully formatted.
2020-07-07 04:54:50,249 [pool-592-thread-1] INFO  ratis.ContainerStateMachine (ContainerStateMachine.java:loadSnapshot(225)) - group-E8C64DAF1BB3: The snapshot info is null. Setting the last applied indexto:(t:0, i:~)
2020-07-07 04:54:50,249 [pool-592-thread-1] INFO  server.RaftServerConfigKeys (ConfUtils.java:logGet(44)) - raft.server.notification.no-leader.timeout = 60s (default)
2020-07-07 04:54:50,250 [pool-592-thread-1] INFO  server.RaftServerConfigKeys (ConfUtils.java:logGet(44)) - raft.server.log.use.memory = false (default)
2020-07-07 04:54:50,250 [pool-592-thread-1] INFO  server.RaftServerConfigKeys (ConfUtils.java:logGet(44)) - raft.server.log.purge.gap = 1000000 (custom)
2020-07-07 04:54:50,250 [pool-592-thread-1] INFO  server.RaftServerConfigKeys (ConfUtils.java:logGet(44)) - raft.server.log.appender.buffer.byte-limit = 33554432 (custom)
2020-07-07 04:54:50,250 [pool-592-thread-1] INFO  server.RaftServerConfigKeys (ConfUtils.java:logGet(44)) - raft.server.log.segment.size.max = 1048576 (custom)
2020-07-07 04:54:50,250 [pool-592-thread-1] INFO  metrics.RatisMetrics (RatisMetrics.java:lambda$create$0(36)) - Creating Metrics Registry : ratis.log_worker.e48c4946-041b-4a5b-90ab-176302687b86@group-E8C64DAF1BB3
2020-07-07 04:54:50,250 [pool-592-thread-1] INFO  server.RaftServerConfigKeys (ConfUtils.java:logGet(44)) - raft.server.log.segment.cache.num.max = 2 (custom)
2020-07-07 04:54:50,250 [pool-592-thread-1] INFO  segmented.SegmentedRaftLogWorker (SegmentedRaftLogWorker.java:<init>(180)) - new e48c4946-041b-4a5b-90ab-176302687b86@group-E8C64DAF1BB3-SegmentedRaftLogWorker for RaftStorage:Storage Directory /github/workspace/mnt/ozone/hadoop-ozone/integration-test/target/test-dir/MiniOzoneClusterImpl-ddfb2fb6-1dd1-47df-b9d1-90c4649f621f/datanode-6/data/ratis/00bd9342-b899-4510-816c-e8c64daf1bb3
2020-07-07 04:54:50,250 [pool-592-thread-1] INFO  server.RaftServerConfigKeys (ConfUtils.java:logGet(44)) - raft.server.log.queue.byte-limit = 2147483647 (custom)
2020-07-07 04:54:50,250 [pool-592-thread-1] INFO  server.RaftServerConfigKeys (ConfUtils.java:logGet(44)) - raft.server.log.queue.element-limit = 1024 (custom)
2020-07-07 04:54:50,250 [pool-592-thread-1] INFO  server.RaftServerConfigKeys (ConfUtils.java:logGet(44)) - raft.server.log.segment.size.max = 1048576 (custom)
2020-07-07 04:54:50,250 [pool-592-thread-1] INFO  server.RaftServerConfigKeys (ConfUtils.java:logGet(44)) - raft.server.log.preallocated.size = 16384 (custom)
2020-07-07 04:54:50,250 [pool-592-thread-1] INFO  server.RaftServerConfigKeys (ConfUtils.java:logGet(44)) - raft.server.log.write.buffer.size = 1048576 (custom)
2020-07-07 04:54:50,250 [pool-592-thread-1] INFO  server.RaftServerConfigKeys (ConfUtils.java:logGet(44)) - raft.server.log.force.sync.num = 128 (default)
2020-07-07 04:54:50,250 [pool-592-thread-1] INFO  server.RaftServerConfigKeys (ConfUtils.java:logGet(44)) - raft.server.log.statemachine.data.sync = true (default)
2020-07-07 04:54:50,250 [pool-592-thread-1] INFO  server.RaftServerConfigKeys (ConfUtils.java:logGet(44)) - raft.server.log.statemachine.data.sync.timeout = 10s (default)
2020-07-07 04:54:50,250 [pool-592-thread-1] INFO  server.RaftServerConfigKeys (ConfUtils.java:logGet(44)) - raft.server.log.statemachine.data.sync.timeout.retry = -1 (default)
2020-07-07 04:54:50,253 [pool-592-thread-1] INFO  server.RaftServerConfigKeys (ConfUtils.java:logGet(44)) - raft.server.log.statemachine.data.caching.enabled = true (custom)
2020-07-07 04:54:50,253 [pool-592-thread-1] INFO  segmented.SegmentedRaftLogWorker (SegmentedRaftLogWorker.java:lambda$new$0(129)) - e48c4946-041b-4a5b-90ab-176302687b86@group-E8C64DAF1BB3-SegmentedRaftLogWorker: flushIndex: setUnconditionally 0 -> -1
2020-07-07 04:54:50,253 [pool-592-thread-1] INFO  segmented.SegmentedRaftLogWorker (SegmentedRaftLogWorker.java:lambda$new$0(129)) - e48c4946-041b-4a5b-90ab-176302687b86@group-E8C64DAF1BB3-SegmentedRaftLogWorker: safeCacheEvictIndex: setUnconditionally 0 -> -1
2020-07-07 04:54:50,254 [pool-592-thread-1] INFO  server.RaftServerConfigKeys (ConfUtils.java:logGet(44)) - raft.server.snapshot.auto.trigger.enabled = true (custom)
2020-07-07 04:54:50,254 [pool-592-thread-1] INFO  server.RaftServerConfigKeys (ConfUtils.java:logGet(44)) - raft.server.snapshot.auto.trigger.threshold = 10000 (custom)
2020-07-07 04:54:50,254 [pool-592-thread-1] INFO  server.RaftServerConfigKeys (ConfUtils.java:logGet(44)) - raft.server.snapshot.retention.file.num = 5 (custom)
2020-07-07 04:54:50,254 [pool-592-thread-1] INFO  server.RaftServerConfigKeys (ConfUtils.java:logGet(44)) - raft.server.log.purge.upto.snapshot.index = false (default)
2020-07-07 04:54:50,254 [pool-592-thread-1] INFO  server.RaftServerConfigKeys (ConfUtils.java:logGet(44)) - raft.server.retrycache.expirytime = 600000ms (custom)
2020-07-07 04:54:50,254 [pool-592-thread-1] INFO  metrics.RatisMetrics (RatisMetrics.java:lambda$create$0(36)) - Creating Metrics Registry : ratis.leader_election.e48c4946-041b-4a5b-90ab-176302687b86@group-E8C64DAF1BB3
2020-07-07 04:54:50,255 [pool-592-thread-1] INFO  metrics.RatisMetrics (RatisMetrics.java:lambda$create$0(36)) - Creating Metrics Registry : ratis.server.e48c4946-041b-4a5b-90ab-176302687b86@group-E8C64DAF1BB3
2020-07-07 04:54:50,256 [pool-592-thread-1] INFO  impl.RaftServerImpl (RaftServerImpl.java:start(186)) - e48c4946-041b-4a5b-90ab-176302687b86@group-E8C64DAF1BB3: start as a follower, conf=-1: [a62f0d4c-b40d-4885-8959-00b4626cec0c:172.17.0.2:36867, e48c4946-041b-4a5b-90ab-176302687b86:172.17.0.2:38349, 850327c1-f3ee-4a2d-9c3d-5bffdb64e521:172.17.0.2:42877], old=null
2020-07-07 04:54:50,256 [pool-592-thread-1] INFO  impl.RaftServerImpl (RaftServerImpl.java:setRole(175)) - e48c4946-041b-4a5b-90ab-176302687b86@group-E8C64DAF1BB3: changes role from      null to FOLLOWER at term 0 for startAsFollower
2020-07-07 04:54:50,256 [pool-592-thread-1] INFO  impl.RoleInfo (RoleInfo.java:updateAndGet(143)) - e48c4946-041b-4a5b-90ab-176302687b86: start FollowerState
2020-07-07 04:54:50,257 [pool-592-thread-1] INFO  util.JmxRegister (JmxRegister.java:tryRegister(44)) - Successfully registered JMX Bean with object name Ratis:service=RaftServer,group=group-E8C64DAF1BB3,id=e48c4946-041b-4a5b-90ab-176302687b86
2020-07-07 04:54:50,257 [pool-592-thread-1] INFO  metrics.RatisMetrics (RatisMetrics.java:lambda$create$0(36)) - Creating Metrics Registry : ratis.state_machine.e48c4946-041b-4a5b-90ab-176302687b86@group-E8C64DAF1BB3
2020-07-07 04:54:50,267 [grpc-default-executor-3] INFO  impl.RaftServerProxy (RaftServerProxy.java:addNew(89)) - a62f0d4c-b40d-4885-8959-00b4626cec0c: addNew group-E8C64DAF1BB3:[a62f0d4c-b40d-4885-8959-00b4626cec0c:172.17.0.2:36867, e48c4946-041b-4a5b-90ab-176302687b86:172.17.0.2:38349, 850327c1-f3ee-4a2d-9c3d-5bffdb64e521:172.17.0.2:42877] returns group-E8C64DAF1BB3:java.util.concurrent.CompletableFuture@2ed8df4f[Not completed]
2020-07-07 04:54:50,268 [pool-607-thread-1] INFO  impl.RaftServerImpl (RaftServerImpl.java:<init>(99)) - a62f0d4c-b40d-4885-8959-00b4626cec0c: new RaftServerImpl for group-E8C64DAF1BB3:[a62f0d4c-b40d-4885-8959-00b4626cec0c:172.17.0.2:36867, e48c4946-041b-4a5b-90ab-176302687b86:172.17.0.2:38349, 850327c1-f3ee-4a2d-9c3d-5bffdb64e521:172.17.0.2:42877] with ContainerStateMachine:uninitialized
2020-07-07 04:54:50,268 [pool-607-thread-1] INFO  server.RaftServerConfigKeys (ConfUtils.java:logGet(44)) - raft.server.rpc.timeout.min = 5s (custom)
2020-07-07 04:54:50,268 [pool-607-thread-1] INFO  server.RaftServerConfigKeys (ConfUtils.java:logGet(44)) - raft.server.rpc.timeout.max = 5200ms (custom)
2020-07-07 04:54:50,268 [pool-607-thread-1] INFO  server.RaftServerConfigKeys (ConfUtils.java:logGet(44)) - raft.server.rpcslowness.timeout = 300000ms (custom)
2020-07-07 04:54:50,269 [pool-607-thread-1] INFO  server.RaftServerConfigKeys (ConfUtils.java:logGet(44)) - raft.server.sleep.deviation.threshold = 300 (default)
2020-07-07 04:54:50,269 [pool-607-thread-1] INFO  server.RaftServerConfigKeys (ConfUtils.java:logGet(44)) - raft.server.log.appender.install.snapshot.enabled = false (custom)
2020-07-07 04:54:50,269 [pool-607-thread-1] INFO  impl.RaftServerImpl (ServerState.java:<init>(103)) - a62f0d4c-b40d-4885-8959-00b4626cec0c@group-E8C64DAF1BB3: ConfigurationManager, init=-1: [a62f0d4c-b40d-4885-8959-00b4626cec0c:172.17.0.2:36867, e48c4946-041b-4a5b-90ab-176302687b86:172.17.0.2:38349, 850327c1-f3ee-4a2d-9c3d-5bffdb64e521:172.17.0.2:42877], old=null, confs=<EMPTY_MAP>
2020-07-07 04:54:50,269 [pool-607-thread-1] INFO  server.RaftServerConfigKeys (ConfUtils.java:logGet(44)) - raft.server.storage.dir = [/github/workspace/mnt/ozone/hadoop-ozone/integration-test/target/test-dir/MiniOzoneClusterImpl-ddfb2fb6-1dd1-47df-b9d1-90c4649f621f/datanode-7/data/ratis] (custom)
2020-07-07 04:54:50,269 [pool-607-thread-1] INFO  server.RaftServerConfigKeys (ConfUtils.java:logGet(44)) - raft.server.log.corruption.policy = EXCEPTION (default)
2020-07-07 04:54:50,269 [pool-607-thread-1] INFO  storage.RaftStorageDirectory (RaftStorageDirectory.java:analyzeStorage(261)) - The storage directory /github/workspace/mnt/ozone/hadoop-ozone/integration-test/target/test-dir/MiniOzoneClusterImpl-ddfb2fb6-1dd1-47df-b9d1-90c4649f621f/datanode-7/data/ratis/00bd9342-b899-4510-816c-e8c64daf1bb3 does not exist. Creating ...
2020-07-07 04:54:50,270 [pool-607-thread-1] INFO  storage.RaftStorageDirectory (RaftStorageDirectory.java:tryLock(343)) - Lock on /github/workspace/mnt/ozone/hadoop-ozone/integration-test/target/test-dir/MiniOzoneClusterImpl-ddfb2fb6-1dd1-47df-b9d1-90c4649f621f/datanode-7/data/ratis/00bd9342-b899-4510-816c-e8c64daf1bb3/in_use.lock acquired by nodename 6181@d53d11c09361
2020-07-07 04:54:50,271 [pool-607-thread-1] INFO  storage.RaftStorage (RaftStorage.java:format(84)) - Storage directory /github/workspace/mnt/ozone/hadoop-ozone/integration-test/target/test-dir/MiniOzoneClusterImpl-ddfb2fb6-1dd1-47df-b9d1-90c4649f621f/datanode-7/data/ratis/00bd9342-b899-4510-816c-e8c64daf1bb3 has been successfully formatted.
2020-07-07 04:54:50,272 [pool-607-thread-1] INFO  ratis.ContainerStateMachine (ContainerStateMachine.java:loadSnapshot(225)) - group-E8C64DAF1BB3: The snapshot info is null. Setting the last applied indexto:(t:0, i:~)
2020-07-07 04:54:50,272 [pool-607-thread-1] INFO  server.RaftServerConfigKeys (ConfUtils.java:logGet(44)) - raft.server.notification.no-leader.timeout = 60s (default)
2020-07-07 04:54:50,272 [pool-607-thread-1] INFO  server.RaftServerConfigKeys (ConfUtils.java:logGet(44)) - raft.server.log.use.memory = false (default)
2020-07-07 04:54:50,272 [pool-607-thread-1] INFO  server.RaftServerConfigKeys (ConfUtils.java:logGet(44)) - raft.server.log.purge.gap = 1000000 (custom)
2020-07-07 04:54:50,273 [pool-607-thread-1] INFO  server.RaftServerConfigKeys (ConfUtils.java:logGet(44)) - raft.server.log.appender.buffer.byte-limit = 33554432 (custom)
2020-07-07 04:54:50,273 [pool-607-thread-1] INFO  server.RaftServerConfigKeys (ConfUtils.java:logGet(44)) - raft.server.log.segment.size.max = 1048576 (custom)
2020-07-07 04:54:50,273 [pool-607-thread-1] INFO  metrics.RatisMetrics (RatisMetrics.java:lambda$create$0(36)) - Creating Metrics Registry : ratis.log_worker.a62f0d4c-b40d-4885-8959-00b4626cec0c@group-E8C64DAF1BB3
2020-07-07 04:54:50,273 [pool-607-thread-1] INFO  server.RaftServerConfigKeys (ConfUtils.java:logGet(44)) - raft.server.log.segment.cache.num.max = 2 (custom)
2020-07-07 04:54:50,273 [pool-607-thread-1] INFO  segmented.SegmentedRaftLogWorker (SegmentedRaftLogWorker.java:<init>(180)) - new a62f0d4c-b40d-4885-8959-00b4626cec0c@group-E8C64DAF1BB3-SegmentedRaftLogWorker for RaftStorage:Storage Directory /github/workspace/mnt/ozone/hadoop-ozone/integration-test/target/test-dir/MiniOzoneClusterImpl-ddfb2fb6-1dd1-47df-b9d1-90c4649f621f/datanode-7/data/ratis/00bd9342-b899-4510-816c-e8c64daf1bb3
2020-07-07 04:54:50,273 [pool-607-thread-1] INFO  server.RaftServerConfigKeys (ConfUtils.java:logGet(44)) - raft.server.log.queue.byte-limit = 2147483647 (custom)
2020-07-07 04:54:50,273 [pool-607-thread-1] INFO  server.RaftServerConfigKeys (ConfUtils.java:logGet(44)) - raft.server.log.queue.element-limit = 1024 (custom)
2020-07-07 04:54:50,274 [pool-607-thread-1] INFO  server.RaftServerConfigKeys (ConfUtils.java:logGet(44)) - raft.server.log.segment.size.max = 1048576 (custom)
2020-07-07 04:54:50,274 [pool-607-thread-1] INFO  server.RaftServerConfigKeys (ConfUtils.java:logGet(44)) - raft.server.log.preallocated.size = 16384 (custom)
2020-07-07 04:54:50,274 [pool-607-thread-1] INFO  server.RaftServerConfigKeys (ConfUtils.java:logGet(44)) - raft.server.log.write.buffer.size = 1048576 (custom)
2020-07-07 04:54:50,274 [pool-607-thread-1] INFO  server.RaftServerConfigKeys (ConfUtils.java:logGet(44)) - raft.server.log.force.sync.num = 128 (default)
2020-07-07 04:54:50,274 [pool-607-thread-1] INFO  server.RaftServerConfigKeys (ConfUtils.java:logGet(44)) - raft.server.log.statemachine.data.sync = true (default)
2020-07-07 04:54:50,274 [pool-607-thread-1] INFO  server.RaftServerConfigKeys (ConfUtils.java:logGet(44)) - raft.server.log.statemachine.data.sync.timeout = 10s (default)
2020-07-07 04:54:50,274 [pool-607-thread-1] INFO  server.RaftServerConfigKeys (ConfUtils.java:logGet(44)) - raft.server.log.statemachine.data.sync.timeout.retry = -1 (default)
2020-07-07 04:54:50,276 [pool-607-thread-1] INFO  server.RaftServerConfigKeys (ConfUtils.java:logGet(44)) - raft.server.log.statemachine.data.caching.enabled = true (custom)
2020-07-07 04:54:50,276 [pool-607-thread-1] INFO  segmented.SegmentedRaftLogWorker (SegmentedRaftLogWorker.java:lambda$new$0(129)) - a62f0d4c-b40d-4885-8959-00b4626cec0c@group-E8C64DAF1BB3-SegmentedRaftLogWorker: flushIndex: setUnconditionally 0 -> -1
2020-07-07 04:54:50,276 [pool-607-thread-1] INFO  segmented.SegmentedRaftLogWorker (SegmentedRaftLogWorker.java:lambda$new$0(129)) - a62f0d4c-b40d-4885-8959-00b4626cec0c@group-E8C64DAF1BB3-SegmentedRaftLogWorker: safeCacheEvictIndex: setUnconditionally 0 -> -1
2020-07-07 04:54:50,277 [pool-607-thread-1] INFO  server.RaftServerConfigKeys (ConfUtils.java:logGet(44)) - raft.server.snapshot.auto.trigger.enabled = true (custom)
2020-07-07 04:54:50,277 [pool-607-thread-1] INFO  server.RaftServerConfigKeys (ConfUtils.java:logGet(44)) - raft.server.snapshot.auto.trigger.threshold = 10000 (custom)
2020-07-07 04:54:50,277 [pool-607-thread-1] INFO  server.RaftServerConfigKeys (ConfUtils.java:logGet(44)) - raft.server.snapshot.retention.file.num = 5 (custom)
2020-07-07 04:54:50,277 [pool-607-thread-1] INFO  server.RaftServerConfigKeys (ConfUtils.java:logGet(44)) - raft.server.log.purge.upto.snapshot.index = false (default)
2020-07-07 04:54:50,277 [pool-607-thread-1] INFO  server.RaftServerConfigKeys (ConfUtils.java:logGet(44)) - raft.server.retrycache.expirytime = 600000ms (custom)
2020-07-07 04:54:50,277 [pool-607-thread-1] INFO  metrics.RatisMetrics (RatisMetrics.java:lambda$create$0(36)) - Creating Metrics Registry : ratis.leader_election.a62f0d4c-b40d-4885-8959-00b4626cec0c@group-E8C64DAF1BB3
2020-07-07 04:54:50,278 [pool-607-thread-1] INFO  metrics.RatisMetrics (RatisMetrics.java:lambda$create$0(36)) - Creating Metrics Registry : ratis.server.a62f0d4c-b40d-4885-8959-00b4626cec0c@group-E8C64DAF1BB3
2020-07-07 04:54:50,280 [pool-607-thread-1] INFO  impl.RaftServerImpl (RaftServerImpl.java:start(186)) - a62f0d4c-b40d-4885-8959-00b4626cec0c@group-E8C64DAF1BB3: start as a follower, conf=-1: [a62f0d4c-b40d-4885-8959-00b4626cec0c:172.17.0.2:36867, e48c4946-041b-4a5b-90ab-176302687b86:172.17.0.2:38349, 850327c1-f3ee-4a2d-9c3d-5bffdb64e521:172.17.0.2:42877], old=null
2020-07-07 04:54:50,280 [pool-607-thread-1] INFO  impl.RaftServerImpl (RaftServerImpl.java:setRole(175)) - a62f0d4c-b40d-4885-8959-00b4626cec0c@group-E8C64DAF1BB3: changes role from      null to FOLLOWER at term 0 for startAsFollower
2020-07-07 04:54:50,280 [pool-607-thread-1] INFO  impl.RoleInfo (RoleInfo.java:updateAndGet(143)) - a62f0d4c-b40d-4885-8959-00b4626cec0c: start FollowerState
2020-07-07 04:54:50,285 [pool-607-thread-1] INFO  util.JmxRegister (JmxRegister.java:tryRegister(44)) - Successfully registered JMX Bean with object name Ratis:service=RaftServer,group=group-E8C64DAF1BB3,id=a62f0d4c-b40d-4885-8959-00b4626cec0c
2020-07-07 04:54:50,286 [pool-607-thread-1] INFO  metrics.RatisMetrics (RatisMetrics.java:lambda$create$0(36)) - Creating Metrics Registry : ratis.state_machine.a62f0d4c-b40d-4885-8959-00b4626cec0c@group-E8C64DAF1BB3
2020-07-07 04:54:50,303 [Command processor thread] INFO  impl.RaftServerProxy (RaftServerProxy.java:addNew(89)) - a62f0d4c-b40d-4885-8959-00b4626cec0c: addNew group-1E2D28F166DE:[a62f0d4c-b40d-4885-8959-00b4626cec0c:172.17.0.2:36867] returns group-1E2D28F166DE:java.util.concurrent.CompletableFuture@7d791437[Not completed]
2020-07-07 04:54:50,303 [pool-607-thread-1] INFO  impl.RaftServerImpl (RaftServerImpl.java:<init>(99)) - a62f0d4c-b40d-4885-8959-00b4626cec0c: new RaftServerImpl for group-1E2D28F166DE:[a62f0d4c-b40d-4885-8959-00b4626cec0c:172.17.0.2:36867] with ContainerStateMachine:uninitialized
2020-07-07 04:54:50,303 [pool-607-thread-1] INFO  server.RaftServerConfigKeys (ConfUtils.java:logGet(44)) - raft.server.rpc.timeout.min = 5s (custom)
2020-07-07 04:54:50,303 [pool-607-thread-1] INFO  server.RaftServerConfigKeys (ConfUtils.java:logGet(44)) - raft.server.rpc.timeout.max = 5200ms (custom)
2020-07-07 04:54:50,304 [pool-607-thread-1] INFO  server.RaftServerConfigKeys (ConfUtils.java:logGet(44)) - raft.server.rpcslowness.timeout = 300000ms (custom)
2020-07-07 04:54:50,304 [pool-607-thread-1] INFO  server.RaftServerConfigKeys (ConfUtils.java:logGet(44)) - raft.server.sleep.deviation.threshold = 300 (default)
2020-07-07 04:54:50,304 [pool-607-thread-1] INFO  server.RaftServerConfigKeys (ConfUtils.java:logGet(44)) - raft.server.log.appender.install.snapshot.enabled = false (custom)
2020-07-07 04:54:50,304 [pool-607-thread-1] INFO  impl.RaftServerImpl (ServerState.java:<init>(103)) - a62f0d4c-b40d-4885-8959-00b4626cec0c@group-1E2D28F166DE: ConfigurationManager, init=-1: [a62f0d4c-b40d-4885-8959-00b4626cec0c:172.17.0.2:36867], old=null, confs=<EMPTY_MAP>
2020-07-07 04:54:50,304 [pool-607-thread-1] INFO  server.RaftServerConfigKeys (ConfUtils.java:logGet(44)) - raft.server.storage.dir = [/github/workspace/mnt/ozone/hadoop-ozone/integration-test/target/test-dir/MiniOzoneClusterImpl-ddfb2fb6-1dd1-47df-b9d1-90c4649f621f/datanode-7/data/ratis] (custom)
2020-07-07 04:54:50,304 [pool-607-thread-1] INFO  server.RaftServerConfigKeys (ConfUtils.java:logGet(44)) - raft.server.log.corruption.policy = EXCEPTION (default)
2020-07-07 04:54:50,304 [pool-607-thread-1] INFO  storage.RaftStorageDirectory (RaftStorageDirectory.java:analyzeStorage(261)) - The storage directory /github/workspace/mnt/ozone/hadoop-ozone/integration-test/target/test-dir/MiniOzoneClusterImpl-ddfb2fb6-1dd1-47df-b9d1-90c4649f621f/datanode-7/data/ratis/9561fadf-3ffa-4171-b6cd-1e2d28f166de does not exist. Creating ...
2020-07-07 04:54:50,305 [pool-607-thread-1] INFO  storage.RaftStorageDirectory (RaftStorageDirectory.java:tryLock(343)) - Lock on /github/workspace/mnt/ozone/hadoop-ozone/integration-test/target/test-dir/MiniOzoneClusterImpl-ddfb2fb6-1dd1-47df-b9d1-90c4649f621f/datanode-7/data/ratis/9561fadf-3ffa-4171-b6cd-1e2d28f166de/in_use.lock acquired by nodename 6181@d53d11c09361
2020-07-07 04:54:50,309 [pool-607-thread-1] INFO  storage.RaftStorage (RaftStorage.java:format(84)) - Storage directory /github/workspace/mnt/ozone/hadoop-ozone/integration-test/target/test-dir/MiniOzoneClusterImpl-ddfb2fb6-1dd1-47df-b9d1-90c4649f621f/datanode-7/data/ratis/9561fadf-3ffa-4171-b6cd-1e2d28f166de has been successfully formatted.
2020-07-07 04:54:50,311 [pool-607-thread-1] INFO  ratis.ContainerStateMachine (ContainerStateMachine.java:loadSnapshot(225)) - group-1E2D28F166DE: The snapshot info is null. Setting the last applied indexto:(t:0, i:~)
2020-07-07 04:54:50,311 [pool-607-thread-1] INFO  server.RaftServerConfigKeys (ConfUtils.java:logGet(44)) - raft.server.notification.no-leader.timeout = 60s (default)
2020-07-07 04:54:50,312 [pool-607-thread-1] INFO  server.RaftServerConfigKeys (ConfUtils.java:logGet(44)) - raft.server.log.use.memory = false (default)
2020-07-07 04:54:50,312 [pool-607-thread-1] INFO  server.RaftServerConfigKeys (ConfUtils.java:logGet(44)) - raft.server.log.purge.gap = 1000000 (custom)
2020-07-07 04:54:50,312 [pool-607-thread-1] INFO  server.RaftServerConfigKeys (ConfUtils.java:logGet(44)) - raft.server.log.appender.buffer.byte-limit = 33554432 (custom)
2020-07-07 04:54:50,312 [EventQueue-PipelineReportForPipelineReportHandler] INFO  pipeline.PipelineStateManager (PipelineStateManager.java:openPipeline(131)) - Pipeline Pipeline[ Id: 9561fadf-3ffa-4171-b6cd-1e2d28f166de, Nodes: a62f0d4c-b40d-4885-8959-00b4626cec0c{ip: 172.17.0.2, host: d53d11c09361, networkLocation: /default-rack, certSerialId: null}, Type:RATIS, Factor:ONE, State:ALLOCATED, leaderId:a62f0d4c-b40d-4885-8959-00b4626cec0c, CreationTimestamp2020-07-07T04:54:47.293Z] moved to OPEN state
2020-07-07 04:54:50,312 [EventQueue-OpenPipelineForOneReplicaPipelineSafeModeRule] INFO  safemode.SCMSafeModeManager (SCMSafeModeManager.java:validateSafeModeExitRules(214)) - AtleastOneDatanodeReportedRule rule is successfully validated
2020-07-07 04:54:50,312 [EventQueue-OpenPipelineForHealthyPipelineSafeModeRule] INFO  safemode.SCMSafeModeManager (HealthyPipelineSafeModeRule.java:process(129)) - SCM in safe mode. Healthy pipelines reported count is 0, required healthy pipeline reported count is 1
2020-07-07 04:54:50,312 [pool-607-thread-1] INFO  server.RaftServerConfigKeys (ConfUtils.java:logGet(44)) - raft.server.log.segment.size.max = 1048576 (custom)
2020-07-07 04:54:50,312 [pool-607-thread-1] INFO  metrics.RatisMetrics (RatisMetrics.java:lambda$create$0(36)) - Creating Metrics Registry : ratis.log_worker.a62f0d4c-b40d-4885-8959-00b4626cec0c@group-1E2D28F166DE
2020-07-07 04:54:50,312 [pool-607-thread-1] INFO  server.RaftServerConfigKeys (ConfUtils.java:logGet(44)) - raft.server.log.segment.cache.num.max = 2 (custom)
2020-07-07 04:54:50,312 [pool-607-thread-1] INFO  segmented.SegmentedRaftLogWorker (SegmentedRaftLogWorker.java:<init>(180)) - new a62f0d4c-b40d-4885-8959-00b4626cec0c@group-1E2D28F166DE-SegmentedRaftLogWorker for RaftStorage:Storage Directory /github/workspace/mnt/ozone/hadoop-ozone/integration-test/target/test-dir/MiniOzoneClusterImpl-ddfb2fb6-1dd1-47df-b9d1-90c4649f621f/datanode-7/data/ratis/9561fadf-3ffa-4171-b6cd-1e2d28f166de
2020-07-07 04:54:50,312 [pool-607-thread-1] INFO  server.RaftServerConfigKeys (ConfUtils.java:logGet(44)) - raft.server.log.queue.byte-limit = 2147483647 (custom)
2020-07-07 04:54:50,313 [pool-607-thread-1] INFO  server.RaftServerConfigKeys (ConfUtils.java:logGet(44)) - raft.server.log.queue.element-limit = 1024 (custom)
2020-07-07 04:54:50,313 [pool-607-thread-1] INFO  server.RaftServerConfigKeys (ConfUtils.java:logGet(44)) - raft.server.log.segment.size.max = 1048576 (custom)
2020-07-07 04:54:50,313 [pool-607-thread-1] INFO  server.RaftServerConfigKeys (ConfUtils.java:logGet(44)) - raft.server.log.preallocated.size = 16384 (custom)
2020-07-07 04:54:50,313 [pool-607-thread-1] INFO  server.RaftServerConfigKeys (ConfUtils.java:logGet(44)) - raft.server.log.write.buffer.size = 1048576 (custom)
2020-07-07 04:54:50,313 [pool-607-thread-1] INFO  server.RaftServerConfigKeys (ConfUtils.java:logGet(44)) - raft.server.log.force.sync.num = 128 (default)
2020-07-07 04:54:50,313 [pool-607-thread-1] INFO  server.RaftServerConfigKeys (ConfUtils.java:logGet(44)) - raft.server.log.statemachine.data.sync = true (default)
2020-07-07 04:54:50,313 [pool-607-thread-1] INFO  server.RaftServerConfigKeys (ConfUtils.java:logGet(44)) - raft.server.log.statemachine.data.sync.timeout = 10s (default)
2020-07-07 04:54:50,313 [pool-607-thread-1] INFO  server.RaftServerConfigKeys (ConfUtils.java:logGet(44)) - raft.server.log.statemachine.data.sync.timeout.retry = -1 (default)
2020-07-07 04:54:50,315 [grpc-default-executor-3] INFO  impl.RaftServerProxy (RaftServerProxy.java:addNew(89)) - 850327c1-f3ee-4a2d-9c3d-5bffdb64e521: addNew group-E8C64DAF1BB3:[a62f0d4c-b40d-4885-8959-00b4626cec0c:172.17.0.2:36867, e48c4946-041b-4a5b-90ab-176302687b86:172.17.0.2:38349, 850327c1-f3ee-4a2d-9c3d-5bffdb64e521:172.17.0.2:42877] returns group-E8C64DAF1BB3:java.util.concurrent.CompletableFuture@98b69aa[Not completed]
2020-07-07 04:54:50,318 [pool-622-thread-1] INFO  impl.RaftServerImpl (RaftServerImpl.java:<init>(99)) - 850327c1-f3ee-4a2d-9c3d-5bffdb64e521: new RaftServerImpl for group-E8C64DAF1BB3:[a62f0d4c-b40d-4885-8959-00b4626cec0c:172.17.0.2:36867, e48c4946-041b-4a5b-90ab-176302687b86:172.17.0.2:38349, 850327c1-f3ee-4a2d-9c3d-5bffdb64e521:172.17.0.2:42877] with ContainerStateMachine:uninitialized
2020-07-07 04:54:50,318 [pool-622-thread-1] INFO  server.RaftServerConfigKeys (ConfUtils.java:logGet(44)) - raft.server.rpc.timeout.min = 5s (custom)
2020-07-07 04:54:50,318 [pool-622-thread-1] INFO  server.RaftServerConfigKeys (ConfUtils.java:logGet(44)) - raft.server.rpc.timeout.max = 5200ms (custom)
2020-07-07 04:54:50,318 [pool-622-thread-1] INFO  server.RaftServerConfigKeys (ConfUtils.java:logGet(44)) - raft.server.rpcslowness.timeout = 300000ms (custom)
2020-07-07 04:54:50,318 [pool-622-thread-1] INFO  server.RaftServerConfigKeys (ConfUtils.java:logGet(44)) - raft.server.sleep.deviation.threshold = 300 (default)
2020-07-07 04:54:50,318 [pool-622-thread-1] INFO  server.RaftServerConfigKeys (ConfUtils.java:logGet(44)) - raft.server.log.appender.install.snapshot.enabled = false (custom)
2020-07-07 04:54:50,318 [pool-622-thread-1] INFO  impl.RaftServerImpl (ServerState.java:<init>(103)) - 850327c1-f3ee-4a2d-9c3d-5bffdb64e521@group-E8C64DAF1BB3: ConfigurationManager, init=-1: [a62f0d4c-b40d-4885-8959-00b4626cec0c:172.17.0.2:36867, e48c4946-041b-4a5b-90ab-176302687b86:172.17.0.2:38349, 850327c1-f3ee-4a2d-9c3d-5bffdb64e521:172.17.0.2:42877], old=null, confs=<EMPTY_MAP>
2020-07-07 04:54:50,318 [pool-622-thread-1] INFO  server.RaftServerConfigKeys (ConfUtils.java:logGet(44)) - raft.server.storage.dir = [/github/workspace/mnt/ozone/hadoop-ozone/integration-test/target/test-dir/MiniOzoneClusterImpl-ddfb2fb6-1dd1-47df-b9d1-90c4649f621f/datanode-8/data/ratis] (custom)
2020-07-07 04:54:50,318 [pool-622-thread-1] INFO  server.RaftServerConfigKeys (ConfUtils.java:logGet(44)) - raft.server.log.corruption.policy = EXCEPTION (default)
2020-07-07 04:54:50,318 [pool-622-thread-1] INFO  storage.RaftStorageDirectory (RaftStorageDirectory.java:analyzeStorage(261)) - The storage directory /github/workspace/mnt/ozone/hadoop-ozone/integration-test/target/test-dir/MiniOzoneClusterImpl-ddfb2fb6-1dd1-47df-b9d1-90c4649f621f/datanode-8/data/ratis/00bd9342-b899-4510-816c-e8c64daf1bb3 does not exist. Creating ...
2020-07-07 04:54:50,318 [pool-607-thread-1] INFO  server.RaftServerConfigKeys (ConfUtils.java:logGet(44)) - raft.server.log.statemachine.data.caching.enabled = true (custom)
2020-07-07 04:54:50,319 [pool-607-thread-1] INFO  segmented.SegmentedRaftLogWorker (SegmentedRaftLogWorker.java:lambda$new$0(129)) - a62f0d4c-b40d-4885-8959-00b4626cec0c@group-1E2D28F166DE-SegmentedRaftLogWorker: flushIndex: setUnconditionally 0 -> -1
2020-07-07 04:54:50,319 [pool-607-thread-1] INFO  segmented.SegmentedRaftLogWorker (SegmentedRaftLogWorker.java:lambda$new$0(129)) - a62f0d4c-b40d-4885-8959-00b4626cec0c@group-1E2D28F166DE-SegmentedRaftLogWorker: safeCacheEvictIndex: setUnconditionally 0 -> -1
2020-07-07 04:54:50,319 [pool-607-thread-1] INFO  server.RaftServerConfigKeys (ConfUtils.java:logGet(44)) - raft.server.snapshot.auto.trigger.enabled = true (custom)
2020-07-07 04:54:50,319 [pool-607-thread-1] INFO  server.RaftServerConfigKeys (ConfUtils.java:logGet(44)) - raft.server.snapshot.auto.trigger.threshold = 10000 (custom)
2020-07-07 04:54:50,319 [pool-607-thread-1] INFO  server.RaftServerConfigKeys (ConfUtils.java:logGet(44)) - raft.server.snapshot.retention.file.num = 5 (custom)
2020-07-07 04:54:50,319 [pool-607-thread-1] INFO  server.RaftServerConfigKeys (ConfUtils.java:logGet(44)) - raft.server.log.purge.upto.snapshot.index = false (default)
2020-07-07 04:54:50,319 [pool-607-thread-1] INFO  server.RaftServerConfigKeys (ConfUtils.java:logGet(44)) - raft.server.retrycache.expirytime = 600000ms (custom)
2020-07-07 04:54:50,319 [pool-607-thread-1] INFO  metrics.RatisMetrics (RatisMetrics.java:lambda$create$0(36)) - Creating Metrics Registry : ratis.leader_election.a62f0d4c-b40d-4885-8959-00b4626cec0c@group-1E2D28F166DE
2020-07-07 04:54:50,320 [pool-607-thread-1] INFO  metrics.RatisMetrics (RatisMetrics.java:lambda$create$0(36)) - Creating Metrics Registry : ratis.server.a62f0d4c-b40d-4885-8959-00b4626cec0c@group-1E2D28F166DE
2020-07-07 04:54:50,321 [pool-622-thread-1] INFO  storage.RaftStorageDirectory (RaftStorageDirectory.java:tryLock(343)) - Lock on /github/workspace/mnt/ozone/hadoop-ozone/integration-test/target/test-dir/MiniOzoneClusterImpl-ddfb2fb6-1dd1-47df-b9d1-90c4649f621f/datanode-8/data/ratis/00bd9342-b899-4510-816c-e8c64daf1bb3/in_use.lock acquired by nodename 6181@d53d11c09361
2020-07-07 04:54:50,322 [pool-622-thread-1] INFO  storage.RaftStorage (RaftStorage.java:format(84)) - Storage directory /github/workspace/mnt/ozone/hadoop-ozone/integration-test/target/test-dir/MiniOzoneClusterImpl-ddfb2fb6-1dd1-47df-b9d1-90c4649f621f/datanode-8/data/ratis/00bd9342-b899-4510-816c-e8c64daf1bb3 has been successfully formatted.
2020-07-07 04:54:50,322 [pool-607-thread-1] INFO  impl.RaftServerImpl (RaftServerImpl.java:start(186)) - a62f0d4c-b40d-4885-8959-00b4626cec0c@group-1E2D28F166DE: start as a follower, conf=-1: [a62f0d4c-b40d-4885-8959-00b4626cec0c:172.17.0.2:36867], old=null
2020-07-07 04:54:50,324 [pool-607-thread-1] INFO  impl.RaftServerImpl (RaftServerImpl.java:setRole(175)) - a62f0d4c-b40d-4885-8959-00b4626cec0c@group-1E2D28F166DE: changes role from      null to FOLLOWER at term 0 for startAsFollower
2020-07-07 04:54:50,324 [pool-607-thread-1] INFO  impl.RoleInfo (RoleInfo.java:updateAndGet(143)) - a62f0d4c-b40d-4885-8959-00b4626cec0c: start FollowerState
2020-07-07 04:54:50,324 [pool-622-thread-1] INFO  ratis.ContainerStateMachine (ContainerStateMachine.java:loadSnapshot(225)) - group-E8C64DAF1BB3: The snapshot info is null. Setting the last applied indexto:(t:0, i:~)
2020-07-07 04:54:50,325 [pool-622-thread-1] INFO  server.RaftServerConfigKeys (ConfUtils.java:logGet(44)) - raft.server.notification.no-leader.timeout = 60s (default)
2020-07-07 04:54:50,325 [pool-622-thread-1] INFO  server.RaftServerConfigKeys (ConfUtils.java:logGet(44)) - raft.server.log.use.memory = false (default)
2020-07-07 04:54:50,325 [pool-622-thread-1] INFO  server.RaftServerConfigKeys (ConfUtils.java:logGet(44)) - raft.server.log.purge.gap = 1000000 (custom)
2020-07-07 04:54:50,325 [pool-622-thread-1] INFO  server.RaftServerConfigKeys (ConfUtils.java:logGet(44)) - raft.server.log.appender.buffer.byte-limit = 33554432 (custom)
2020-07-07 04:54:50,325 [pool-622-thread-1] INFO  server.RaftServerConfigKeys (ConfUtils.java:logGet(44)) - raft.server.log.segment.size.max = 1048576 (custom)
2020-07-07 04:54:50,325 [pool-622-thread-1] INFO  metrics.RatisMetrics (RatisMetrics.java:lambda$create$0(36)) - Creating Metrics Registry : ratis.log_worker.850327c1-f3ee-4a2d-9c3d-5bffdb64e521@group-E8C64DAF1BB3
2020-07-07 04:54:50,325 [pool-607-thread-1] INFO  util.JmxRegister (JmxRegister.java:tryRegister(44)) - Successfully registered JMX Bean with object name Ratis:service=RaftServer,group=group-1E2D28F166DE,id=a62f0d4c-b40d-4885-8959-00b4626cec0c
2020-07-07 04:54:50,325 [pool-607-thread-1] INFO  metrics.RatisMetrics (RatisMetrics.java:lambda$create$0(36)) - Creating Metrics Registry : ratis.state_machine.a62f0d4c-b40d-4885-8959-00b4626cec0c@group-1E2D28F166DE
2020-07-07 04:54:50,325 [pool-622-thread-1] INFO  server.RaftServerConfigKeys (ConfUtils.java:logGet(44)) - raft.server.log.segment.cache.num.max = 2 (custom)
2020-07-07 04:54:50,326 [pool-622-thread-1] INFO  segmented.SegmentedRaftLogWorker (SegmentedRaftLogWorker.java:<init>(180)) - new 850327c1-f3ee-4a2d-9c3d-5bffdb64e521@group-E8C64DAF1BB3-SegmentedRaftLogWorker for RaftStorage:Storage Directory /github/workspace/mnt/ozone/hadoop-ozone/integration-test/target/test-dir/MiniOzoneClusterImpl-ddfb2fb6-1dd1-47df-b9d1-90c4649f621f/datanode-8/data/ratis/00bd9342-b899-4510-816c-e8c64daf1bb3
2020-07-07 04:54:50,326 [pool-622-thread-1] INFO  server.RaftServerConfigKeys (ConfUtils.java:logGet(44)) - raft.server.log.queue.byte-limit = 2147483647 (custom)
2020-07-07 04:54:50,326 [pool-622-thread-1] INFO  server.RaftServerConfigKeys (ConfUtils.java:logGet(44)) - raft.server.log.queue.element-limit = 1024 (custom)
2020-07-07 04:54:50,326 [pool-622-thread-1] INFO  server.RaftServerConfigKeys (ConfUtils.java:logGet(44)) - raft.server.log.segment.size.max = 1048576 (custom)
2020-07-07 04:54:50,326 [pool-622-thread-1] INFO  server.RaftServerConfigKeys (ConfUtils.java:logGet(44)) - raft.server.log.preallocated.size = 16384 (custom)
2020-07-07 04:54:50,326 [pool-622-thread-1] INFO  server.RaftServerConfigKeys (ConfUtils.java:logGet(44)) - raft.server.log.write.buffer.size = 1048576 (custom)
2020-07-07 04:54:50,326 [pool-622-thread-1] INFO  server.RaftServerConfigKeys (ConfUtils.java:logGet(44)) - raft.server.log.force.sync.num = 128 (default)
2020-07-07 04:54:50,326 [pool-622-thread-1] INFO  server.RaftServerConfigKeys (ConfUtils.java:logGet(44)) - raft.server.log.statemachine.data.sync = true (default)
2020-07-07 04:54:50,326 [pool-622-thread-1] INFO  server.RaftServerConfigKeys (ConfUtils.java:logGet(44)) - raft.server.log.statemachine.data.sync.timeout = 10s (default)
2020-07-07 04:54:50,326 [pool-622-thread-1] INFO  server.RaftServerConfigKeys (ConfUtils.java:logGet(44)) - raft.server.log.statemachine.data.sync.timeout.retry = -1 (default)
2020-07-07 04:54:50,327 [Command processor thread] INFO  commandhandler.CreatePipelineCommandHandler (CreatePipelineCommandHandler.java:handle(109)) - Created Pipeline RATIS ONE #id: "9561fadf-3ffa-4171-b6cd-1e2d28f166de"
uuid128 {
  mostSigBits: -7682583652559339151
  leastSigBits: -5274526409271712034
}
.
2020-07-07 04:54:50,330 [pool-622-thread-1] INFO  server.RaftServerConfigKeys (ConfUtils.java:logGet(44)) - raft.server.log.statemachine.data.caching.enabled = true (custom)
2020-07-07 04:54:50,330 [pool-622-thread-1] INFO  segmented.SegmentedRaftLogWorker (SegmentedRaftLogWorker.java:lambda$new$0(129)) - 850327c1-f3ee-4a2d-9c3d-5bffdb64e521@group-E8C64DAF1BB3-SegmentedRaftLogWorker: flushIndex: setUnconditionally 0 -> -1
2020-07-07 04:54:50,330 [pool-622-thread-1] INFO  segmented.SegmentedRaftLogWorker (SegmentedRaftLogWorker.java:lambda$new$0(129)) - 850327c1-f3ee-4a2d-9c3d-5bffdb64e521@group-E8C64DAF1BB3-SegmentedRaftLogWorker: safeCacheEvictIndex: setUnconditionally 0 -> -1
2020-07-07 04:54:50,330 [pool-622-thread-1] INFO  server.RaftServerConfigKeys (ConfUtils.java:logGet(44)) - raft.server.snapshot.auto.trigger.enabled = true (custom)
2020-07-07 04:54:50,330 [pool-622-thread-1] INFO  server.RaftServerConfigKeys (ConfUtils.java:logGet(44)) - raft.server.snapshot.auto.trigger.threshold = 10000 (custom)
2020-07-07 04:54:50,330 [pool-622-thread-1] INFO  server.RaftServerConfigKeys (ConfUtils.java:logGet(44)) - raft.server.snapshot.retention.file.num = 5 (custom)
2020-07-07 04:54:50,330 [pool-622-thread-1] INFO  server.RaftServerConfigKeys (ConfUtils.java:logGet(44)) - raft.server.log.purge.upto.snapshot.index = false (default)
2020-07-07 04:54:50,331 [pool-622-thread-1] INFO  server.RaftServerConfigKeys (ConfUtils.java:logGet(44)) - raft.server.retrycache.expirytime = 600000ms (custom)
2020-07-07 04:54:50,331 [pool-622-thread-1] INFO  metrics.RatisMetrics (RatisMetrics.java:lambda$create$0(36)) - Creating Metrics Registry : ratis.leader_election.850327c1-f3ee-4a2d-9c3d-5bffdb64e521@group-E8C64DAF1BB3
2020-07-07 04:54:50,331 [pool-622-thread-1] INFO  metrics.RatisMetrics (RatisMetrics.java:lambda$create$0(36)) - Creating Metrics Registry : ratis.server.850327c1-f3ee-4a2d-9c3d-5bffdb64e521@group-E8C64DAF1BB3
2020-07-07 04:54:50,333 [pool-622-thread-1] INFO  impl.RaftServerImpl (RaftServerImpl.java:start(186)) - 850327c1-f3ee-4a2d-9c3d-5bffdb64e521@group-E8C64DAF1BB3: start as a follower, conf=-1: [a62f0d4c-b40d-4885-8959-00b4626cec0c:172.17.0.2:36867, e48c4946-041b-4a5b-90ab-176302687b86:172.17.0.2:38349, 850327c1-f3ee-4a2d-9c3d-5bffdb64e521:172.17.0.2:42877], old=null
2020-07-07 04:54:50,333 [pool-622-thread-1] INFO  impl.RaftServerImpl (RaftServerImpl.java:setRole(175)) - 850327c1-f3ee-4a2d-9c3d-5bffdb64e521@group-E8C64DAF1BB3: changes role from      null to FOLLOWER at term 0 for startAsFollower
2020-07-07 04:54:50,333 [pool-622-thread-1] INFO  impl.RoleInfo (RoleInfo.java:updateAndGet(143)) - 850327c1-f3ee-4a2d-9c3d-5bffdb64e521: start FollowerState
2020-07-07 04:54:50,333 [pool-622-thread-1] INFO  util.JmxRegister (JmxRegister.java:tryRegister(44)) - Successfully registered JMX Bean with object name Ratis:service=RaftServer,group=group-E8C64DAF1BB3,id=850327c1-f3ee-4a2d-9c3d-5bffdb64e521
2020-07-07 04:54:50,333 [pool-622-thread-1] INFO  metrics.RatisMetrics (RatisMetrics.java:lambda$create$0(36)) - Creating Metrics Registry : ratis.state_machine.850327c1-f3ee-4a2d-9c3d-5bffdb64e521@group-E8C64DAF1BB3
2020-07-07 04:54:50,336 [Command processor thread] INFO  commandhandler.CreatePipelineCommandHandler (CreatePipelineCommandHandler.java:handle(109)) - Created Pipeline RATIS THREE #id: "00bd9342-b899-4510-816c-e8c64daf1bb3"
uuid128 {
  mostSigBits: 53360685372491024
  leastSigBits: -9120659206927606861
}
.
2020-07-07 04:54:50,341 [Listener at 127.0.0.1/42245] INFO  ozone.MiniOzoneClusterImpl (MiniOzoneClusterImpl.java:lambda$waitForClusterToBeReady$0(177)) - Nodes are ready. Got 9 of 9 DN Heartbeats.
2020-07-07 04:54:50,341 [Listener at 127.0.0.1/42245] INFO  ozone.MiniOzoneClusterImpl (MiniOzoneClusterImpl.java:lambda$waitForClusterToBeReady$0(180)) - Waiting for cluster to exit safe mode
2020-07-07 04:54:50,342 [Command processor thread] INFO  impl.RaftServerProxy (RaftServerProxy.java:addNew(89)) - 850327c1-f3ee-4a2d-9c3d-5bffdb64e521: addNew group-5A309F12F548:[850327c1-f3ee-4a2d-9c3d-5bffdb64e521:172.17.0.2:42877] returns group-5A309F12F548:java.util.concurrent.CompletableFuture@282560c6[Not completed]
2020-07-07 04:54:50,343 [pool-622-thread-1] INFO  impl.RaftServerImpl (RaftServerImpl.java:<init>(99)) - 850327c1-f3ee-4a2d-9c3d-5bffdb64e521: new RaftServerImpl for group-5A309F12F548:[850327c1-f3ee-4a2d-9c3d-5bffdb64e521:172.17.0.2:42877] with ContainerStateMachine:uninitialized
2020-07-07 04:54:50,343 [pool-622-thread-1] INFO  server.RaftServerConfigKeys (ConfUtils.java:logGet(44)) - raft.server.rpc.timeout.min = 5s (custom)
2020-07-07 04:54:50,343 [pool-622-thread-1] INFO  server.RaftServerConfigKeys (ConfUtils.java:logGet(44)) - raft.server.rpc.timeout.max = 5200ms (custom)
2020-07-07 04:54:50,343 [pool-622-thread-1] INFO  server.RaftServerConfigKeys (ConfUtils.java:logGet(44)) - raft.server.rpcslowness.timeout = 300000ms (custom)
2020-07-07 04:54:50,343 [pool-622-thread-1] INFO  server.RaftServerConfigKeys (ConfUtils.java:logGet(44)) - raft.server.sleep.deviation.threshold = 300 (default)
2020-07-07 04:54:50,343 [pool-622-thread-1] INFO  server.RaftServerConfigKeys (ConfUtils.java:logGet(44)) - raft.server.log.appender.install.snapshot.enabled = false (custom)
2020-07-07 04:54:50,343 [pool-622-thread-1] INFO  impl.RaftServerImpl (ServerState.java:<init>(103)) - 850327c1-f3ee-4a2d-9c3d-5bffdb64e521@group-5A309F12F548: ConfigurationManager, init=-1: [850327c1-f3ee-4a2d-9c3d-5bffdb64e521:172.17.0.2:42877], old=null, confs=<EMPTY_MAP>
2020-07-07 04:54:50,343 [pool-622-thread-1] INFO  server.RaftServerConfigKeys (ConfUtils.java:logGet(44)) - raft.server.storage.dir = [/github/workspace/mnt/ozone/hadoop-ozone/integration-test/target/test-dir/MiniOzoneClusterImpl-ddfb2fb6-1dd1-47df-b9d1-90c4649f621f/datanode-8/data/ratis] (custom)
2020-07-07 04:54:50,344 [pool-622-thread-1] INFO  server.RaftServerConfigKeys (ConfUtils.java:logGet(44)) - raft.server.log.corruption.policy = EXCEPTION (default)
2020-07-07 04:54:50,344 [pool-622-thread-1] INFO  storage.RaftStorageDirectory (RaftStorageDirectory.java:analyzeStorage(261)) - The storage directory /github/workspace/mnt/ozone/hadoop-ozone/integration-test/target/test-dir/MiniOzoneClusterImpl-ddfb2fb6-1dd1-47df-b9d1-90c4649f621f/datanode-8/data/ratis/168a164c-daca-49e2-ba4c-5a309f12f548 does not exist. Creating ...
2020-07-07 04:54:50,347 [pool-622-thread-1] INFO  storage.RaftStorageDirectory (RaftStorageDirectory.java:tryLock(343)) - Lock on /github/workspace/mnt/ozone/hadoop-ozone/integration-test/target/test-dir/MiniOzoneClusterImpl-ddfb2fb6-1dd1-47df-b9d1-90c4649f621f/datanode-8/data/ratis/168a164c-daca-49e2-ba4c-5a309f12f548/in_use.lock acquired by nodename 6181@d53d11c09361
2020-07-07 04:54:50,348 [pool-622-thread-1] INFO  storage.RaftStorage (RaftStorage.java:format(84)) - Storage directory /github/workspace/mnt/ozone/hadoop-ozone/integration-test/target/test-dir/MiniOzoneClusterImpl-ddfb2fb6-1dd1-47df-b9d1-90c4649f621f/datanode-8/data/ratis/168a164c-daca-49e2-ba4c-5a309f12f548 has been successfully formatted.
2020-07-07 04:54:50,349 [pool-622-thread-1] INFO  ratis.ContainerStateMachine (ContainerStateMachine.java:loadSnapshot(225)) - group-5A309F12F548: The snapshot info is null. Setting the last applied indexto:(t:0, i:~)
2020-07-07 04:54:50,349 [pool-622-thread-1] INFO  server.RaftServerConfigKeys (ConfUtils.java:logGet(44)) - raft.server.notification.no-leader.timeout = 60s (default)
2020-07-07 04:54:50,349 [pool-622-thread-1] INFO  server.RaftServerConfigKeys (ConfUtils.java:logGet(44)) - raft.server.log.use.memory = false (default)
2020-07-07 04:54:50,349 [EventQueue-PipelineReportForPipelineReportHandler] INFO  pipeline.PipelineStateManager (PipelineStateManager.java:openPipeline(131)) - Pipeline Pipeline[ Id: 168a164c-daca-49e2-ba4c-5a309f12f548, Nodes: 850327c1-f3ee-4a2d-9c3d-5bffdb64e521{ip: 172.17.0.2, host: d53d11c09361, networkLocation: /default-rack, certSerialId: null}, Type:RATIS, Factor:ONE, State:ALLOCATED, leaderId:850327c1-f3ee-4a2d-9c3d-5bffdb64e521, CreationTimestamp2020-07-07T04:54:47.343Z] moved to OPEN state
2020-07-07 04:54:50,350 [EventQueue-OpenPipelineForHealthyPipelineSafeModeRule] INFO  safemode.SCMSafeModeManager (HealthyPipelineSafeModeRule.java:process(129)) - SCM in safe mode. Healthy pipelines reported count is 0, required healthy pipeline reported count is 1
2020-07-07 04:54:50,350 [EventQueue-OpenPipelineForOneReplicaPipelineSafeModeRule] INFO  safemode.SCMSafeModeManager (SCMSafeModeManager.java:validateSafeModeExitRules(214)) - AtleastOneDatanodeReportedRule rule is successfully validated
2020-07-07 04:54:50,350 [pool-622-thread-1] INFO  server.RaftServerConfigKeys (ConfUtils.java:logGet(44)) - raft.server.log.purge.gap = 1000000 (custom)
2020-07-07 04:54:50,350 [pool-622-thread-1] INFO  server.RaftServerConfigKeys (ConfUtils.java:logGet(44)) - raft.server.log.appender.buffer.byte-limit = 33554432 (custom)
2020-07-07 04:54:50,350 [pool-622-thread-1] INFO  server.RaftServerConfigKeys (ConfUtils.java:logGet(44)) - raft.server.log.segment.size.max = 1048576 (custom)
2020-07-07 04:54:50,350 [pool-622-thread-1] INFO  metrics.RatisMetrics (RatisMetrics.java:lambda$create$0(36)) - Creating Metrics Registry : ratis.log_worker.850327c1-f3ee-4a2d-9c3d-5bffdb64e521@group-5A309F12F548
2020-07-07 04:54:50,350 [pool-622-thread-1] INFO  server.RaftServerConfigKeys (ConfUtils.java:logGet(44)) - raft.server.log.segment.cache.num.max = 2 (custom)
2020-07-07 04:54:50,350 [pool-622-thread-1] INFO  segmented.SegmentedRaftLogWorker (SegmentedRaftLogWorker.java:<init>(180)) - new 850327c1-f3ee-4a2d-9c3d-5bffdb64e521@group-5A309F12F548-SegmentedRaftLogWorker for RaftStorage:Storage Directory /github/workspace/mnt/ozone/hadoop-ozone/integration-test/target/test-dir/MiniOzoneClusterImpl-ddfb2fb6-1dd1-47df-b9d1-90c4649f621f/datanode-8/data/ratis/168a164c-daca-49e2-ba4c-5a309f12f548
2020-07-07 04:54:50,350 [pool-622-thread-1] INFO  server.RaftServerConfigKeys (ConfUtils.java:logGet(44)) - raft.server.log.queue.byte-limit = 2147483647 (custom)
2020-07-07 04:54:50,351 [pool-622-thread-1] INFO  server.RaftServerConfigKeys (ConfUtils.java:logGet(44)) - raft.server.log.queue.element-limit = 1024 (custom)
2020-07-07 04:54:50,351 [pool-622-thread-1] INFO  server.RaftServerConfigKeys (ConfUtils.java:logGet(44)) - raft.server.log.segment.size.max = 1048576 (custom)
2020-07-07 04:54:50,351 [pool-622-thread-1] INFO  server.RaftServerConfigKeys (ConfUtils.java:logGet(44)) - raft.server.log.preallocated.size = 16384 (custom)
2020-07-07 04:54:50,351 [pool-622-thread-1] INFO  server.RaftServerConfigKeys (ConfUtils.java:logGet(44)) - raft.server.log.write.buffer.size = 1048576 (custom)
2020-07-07 04:54:50,351 [pool-622-thread-1] INFO  server.RaftServerConfigKeys (ConfUtils.java:logGet(44)) - raft.server.log.force.sync.num = 128 (default)
2020-07-07 04:54:50,351 [pool-622-thread-1] INFO  server.RaftServerConfigKeys (ConfUtils.java:logGet(44)) - raft.server.log.statemachine.data.sync = true (default)
2020-07-07 04:54:50,351 [pool-622-thread-1] INFO  server.RaftServerConfigKeys (ConfUtils.java:logGet(44)) - raft.server.log.statemachine.data.sync.timeout = 10s (default)
2020-07-07 04:54:50,351 [pool-622-thread-1] INFO  server.RaftServerConfigKeys (ConfUtils.java:logGet(44)) - raft.server.log.statemachine.data.sync.timeout.retry = -1 (default)
2020-07-07 04:54:50,353 [pool-622-thread-1] INFO  server.RaftServerConfigKeys (ConfUtils.java:logGet(44)) - raft.server.log.statemachine.data.caching.enabled = true (custom)
2020-07-07 04:54:50,354 [pool-622-thread-1] INFO  segmented.SegmentedRaftLogWorker (SegmentedRaftLogWorker.java:lambda$new$0(129)) - 850327c1-f3ee-4a2d-9c3d-5bffdb64e521@group-5A309F12F548-SegmentedRaftLogWorker: flushIndex: setUnconditionally 0 -> -1
2020-07-07 04:54:50,354 [pool-622-thread-1] INFO  segmented.SegmentedRaftLogWorker (SegmentedRaftLogWorker.java:lambda$new$0(129)) - 850327c1-f3ee-4a2d-9c3d-5bffdb64e521@group-5A309F12F548-SegmentedRaftLogWorker: safeCacheEvictIndex: setUnconditionally 0 -> -1
2020-07-07 04:54:50,354 [pool-622-thread-1] INFO  server.RaftServerConfigKeys (ConfUtils.java:logGet(44)) - raft.server.snapshot.auto.trigger.enabled = true (custom)
2020-07-07 04:54:50,354 [pool-622-thread-1] INFO  server.RaftServerConfigKeys (ConfUtils.java:logGet(44)) - raft.server.snapshot.auto.trigger.threshold = 10000 (custom)
2020-07-07 04:54:50,354 [pool-622-thread-1] INFO  server.RaftServerConfigKeys (ConfUtils.java:logGet(44)) - raft.server.snapshot.retention.file.num = 5 (custom)
2020-07-07 04:54:50,354 [pool-622-thread-1] INFO  server.RaftServerConfigKeys (ConfUtils.java:logGet(44)) - raft.server.log.purge.upto.snapshot.index = false (default)
2020-07-07 04:54:50,354 [pool-622-thread-1] INFO  server.RaftServerConfigKeys (ConfUtils.java:logGet(44)) - raft.server.retrycache.expirytime = 600000ms (custom)
2020-07-07 04:54:50,354 [pool-622-thread-1] INFO  metrics.RatisMetrics (RatisMetrics.java:lambda$create$0(36)) - Creating Metrics Registry : ratis.leader_election.850327c1-f3ee-4a2d-9c3d-5bffdb64e521@group-5A309F12F548
2020-07-07 04:54:50,355 [pool-622-thread-1] INFO  metrics.RatisMetrics (RatisMetrics.java:lambda$create$0(36)) - Creating Metrics Registry : ratis.server.850327c1-f3ee-4a2d-9c3d-5bffdb64e521@group-5A309F12F548
2020-07-07 04:54:50,357 [pool-622-thread-1] INFO  impl.RaftServerImpl (RaftServerImpl.java:start(186)) - 850327c1-f3ee-4a2d-9c3d-5bffdb64e521@group-5A309F12F548: start as a follower, conf=-1: [850327c1-f3ee-4a2d-9c3d-5bffdb64e521:172.17.0.2:42877], old=null
2020-07-07 04:54:50,357 [pool-622-thread-1] INFO  impl.RaftServerImpl (RaftServerImpl.java:setRole(175)) - 850327c1-f3ee-4a2d-9c3d-5bffdb64e521@group-5A309F12F548: changes role from      null to FOLLOWER at term 0 for startAsFollower
2020-07-07 04:54:50,357 [pool-622-thread-1] INFO  impl.RoleInfo (RoleInfo.java:updateAndGet(143)) - 850327c1-f3ee-4a2d-9c3d-5bffdb64e521: start FollowerState
2020-07-07 04:54:50,357 [pool-622-thread-1] INFO  util.JmxRegister (JmxRegister.java:tryRegister(44)) - Successfully registered JMX Bean with object name Ratis:service=RaftServer,group=group-5A309F12F548,id=850327c1-f3ee-4a2d-9c3d-5bffdb64e521
2020-07-07 04:54:50,357 [pool-622-thread-1] INFO  metrics.RatisMetrics (RatisMetrics.java:lambda$create$0(36)) - Creating Metrics Registry : ratis.state_machine.850327c1-f3ee-4a2d-9c3d-5bffdb64e521@group-5A309F12F548
2020-07-07 04:54:50,358 [Command processor thread] INFO  commandhandler.CreatePipelineCommandHandler (CreatePipelineCommandHandler.java:handle(109)) - Created Pipeline RATIS ONE #id: "168a164c-daca-49e2-ba4c-5a309f12f548"
uuid128 {
  mostSigBits: 1624135134964500962
  leastSigBits: -5022540319551195832
}
.
2020-07-07 04:54:51,342 [Listener at 127.0.0.1/42245] INFO  ozone.MiniOzoneClusterImpl (MiniOzoneClusterImpl.java:lambda$waitForClusterToBeReady$0(177)) - Nodes are ready. Got 9 of 9 DN Heartbeats.
2020-07-07 04:54:51,342 [Listener at 127.0.0.1/42245] INFO  ozone.MiniOzoneClusterImpl (MiniOzoneClusterImpl.java:lambda$waitForClusterToBeReady$0(180)) - Waiting for cluster to exit safe mode
2020-07-07 04:54:52,342 [Listener at 127.0.0.1/42245] INFO  ozone.MiniOzoneClusterImpl (MiniOzoneClusterImpl.java:lambda$waitForClusterToBeReady$0(177)) - Nodes are ready. Got 9 of 9 DN Heartbeats.
2020-07-07 04:54:52,342 [Listener at 127.0.0.1/42245] INFO  ozone.MiniOzoneClusterImpl (MiniOzoneClusterImpl.java:lambda$waitForClusterToBeReady$0(180)) - Waiting for cluster to exit safe mode
2020-07-07 04:54:53,342 [Listener at 127.0.0.1/42245] INFO  ozone.MiniOzoneClusterImpl (MiniOzoneClusterImpl.java:lambda$waitForClusterToBeReady$0(177)) - Nodes are ready. Got 9 of 9 DN Heartbeats.
2020-07-07 04:54:53,343 [Listener at 127.0.0.1/42245] INFO  ozone.MiniOzoneClusterImpl (MiniOzoneClusterImpl.java:lambda$waitForClusterToBeReady$0(180)) - Waiting for cluster to exit safe mode
2020-07-07 04:54:54,343 [Listener at 127.0.0.1/42245] INFO  ozone.MiniOzoneClusterImpl (MiniOzoneClusterImpl.java:lambda$waitForClusterToBeReady$0(177)) - Nodes are ready. Got 9 of 9 DN Heartbeats.
2020-07-07 04:54:54,343 [Listener at 127.0.0.1/42245] INFO  ozone.MiniOzoneClusterImpl (MiniOzoneClusterImpl.java:lambda$waitForClusterToBeReady$0(180)) - Waiting for cluster to exit safe mode
2020-07-07 04:54:54,927 [Thread-1627] INFO  impl.FollowerState (FollowerState.java:run(108)) - 441cb323-c758-4204-8e94-c518eb7e3dfa@group-9251E4935A46-FollowerState: change to CANDIDATE, lastRpcTime:5029ms, electionTimeout:5029ms
2020-07-07 04:54:54,927 [Thread-1627] INFO  impl.RoleInfo (RoleInfo.java:shutdownFollowerState(121)) - 441cb323-c758-4204-8e94-c518eb7e3dfa: shutdown FollowerState
2020-07-07 04:54:54,928 [Thread-1627] INFO  impl.RaftServerImpl (RaftServerImpl.java:setRole(175)) - 441cb323-c758-4204-8e94-c518eb7e3dfa@group-9251E4935A46: changes role from  FOLLOWER to CANDIDATE at term 0 for changeToCandidate
2020-07-07 04:54:54,928 [Thread-1627] INFO  impl.RoleInfo (RoleInfo.java:updateAndGet(143)) - 441cb323-c758-4204-8e94-c518eb7e3dfa: start LeaderElection
2020-07-07 04:54:54,935 [441cb323-c758-4204-8e94-c518eb7e3dfa@group-9251E4935A46-LeaderElection50] INFO  impl.LeaderElection (LeaderElection.java:askForVotes(206)) - 441cb323-c758-4204-8e94-c518eb7e3dfa@group-9251E4935A46-LeaderElection50: begin an election at term 1 for -1: [441cb323-c758-4204-8e94-c518eb7e3dfa:172.17.0.2:42479], old=null
2020-07-07 04:54:54,935 [441cb323-c758-4204-8e94-c518eb7e3dfa@group-9251E4935A46-LeaderElection50] INFO  impl.RoleInfo (RoleInfo.java:shutdownLeaderElection(134)) - 441cb323-c758-4204-8e94-c518eb7e3dfa: shutdown LeaderElection
2020-07-07 04:54:54,935 [441cb323-c758-4204-8e94-c518eb7e3dfa@group-9251E4935A46-LeaderElection50] INFO  impl.RaftServerImpl (RaftServerImpl.java:setRole(175)) - 441cb323-c758-4204-8e94-c518eb7e3dfa@group-9251E4935A46: changes role from CANDIDATE to LEADER at term 1 for changeToLeader
2020-07-07 04:54:54,935 [441cb323-c758-4204-8e94-c518eb7e3dfa@group-9251E4935A46-LeaderElection50] INFO  ratis.XceiverServerRatis (XceiverServerRatis.java:handleLeaderChangedNotification(762)) - Leader change notification received for group: group-9251E4935A46 with new leaderId: 441cb323-c758-4204-8e94-c518eb7e3dfa
2020-07-07 04:54:54,935 [441cb323-c758-4204-8e94-c518eb7e3dfa@group-9251E4935A46-LeaderElection50] INFO  impl.RaftServerImpl (ServerState.java:setLeader(255)) - 441cb323-c758-4204-8e94-c518eb7e3dfa@group-9251E4935A46: change Leader from null to 441cb323-c758-4204-8e94-c518eb7e3dfa at term 1 for becomeLeader, leader elected after 5046ms
2020-07-07 04:54:54,936 [441cb323-c758-4204-8e94-c518eb7e3dfa@group-9251E4935A46-LeaderElection50] INFO  server.RaftServerConfigKeys (ConfUtils.java:logGet(44)) - raft.server.staging.catchup.gap = 1000 (default)
2020-07-07 04:54:54,936 [441cb323-c758-4204-8e94-c518eb7e3dfa@group-9251E4935A46-LeaderElection50] INFO  server.RaftServerConfigKeys (ConfUtils.java:logGet(44)) - raft.server.rpc.sleep.time = 25ms (default)
2020-07-07 04:54:54,936 [441cb323-c758-4204-8e94-c518eb7e3dfa@group-9251E4935A46-LeaderElection50] INFO  metrics.RatisMetrics (RatisMetrics.java:lambda$create$0(36)) - Creating Metrics Registry : ratis.log_appender.441cb323-c758-4204-8e94-c518eb7e3dfa@group-9251E4935A46
2020-07-07 04:54:54,937 [441cb323-c758-4204-8e94-c518eb7e3dfa@group-9251E4935A46-LeaderElection50] INFO  server.RaftServerConfigKeys (ConfUtils.java:logGet(44)) - raft.server.write.element-limit = 1024 (custom)
2020-07-07 04:54:54,937 [441cb323-c758-4204-8e94-c518eb7e3dfa@group-9251E4935A46-LeaderElection50] INFO  server.RaftServerConfigKeys (ConfUtils.java:logGet(44)) - raft.server.write.byte-limit = 1073741824 (custom)
2020-07-07 04:54:54,937 [441cb323-c758-4204-8e94-c518eb7e3dfa@group-9251E4935A46-LeaderElection50] INFO  server.RaftServerConfigKeys (ConfUtils.java:logGet(44)) - raft.server.watch.timeout = 3000ms (custom)
2020-07-07 04:54:54,937 [441cb323-c758-4204-8e94-c518eb7e3dfa@group-9251E4935A46-LeaderElection50] INFO  server.RaftServerConfigKeys (ConfUtils.java:logGet(44)) - raft.server.watch.timeout.denomination = 1s (default)
2020-07-07 04:54:54,937 [441cb323-c758-4204-8e94-c518eb7e3dfa@group-9251E4935A46-LeaderElection50] INFO  server.RaftServerConfigKeys (ConfUtils.java:logGet(44)) - raft.server.watch.element-limit = 65536 (default)
2020-07-07 04:54:54,937 [441cb323-c758-4204-8e94-c518eb7e3dfa@group-9251E4935A46-LeaderElection50] INFO  impl.RoleInfo (RoleInfo.java:updateAndGet(143)) - 441cb323-c758-4204-8e94-c518eb7e3dfa: start LeaderState
2020-07-07 04:54:54,938 [441cb323-c758-4204-8e94-c518eb7e3dfa@group-9251E4935A46-LeaderElection50] INFO  segmented.SegmentedRaftLogWorker (SegmentedRaftLogWorker.java:startLogSegment(397)) - 441cb323-c758-4204-8e94-c518eb7e3dfa@group-9251E4935A46-SegmentedRaftLogWorker: Starting segment from index:0
2020-07-07 04:54:54,939 [441cb323-c758-4204-8e94-c518eb7e3dfa@group-9251E4935A46-LeaderElection50] INFO  impl.RaftServerImpl (ServerState.java:setRaftConf(356)) - 441cb323-c758-4204-8e94-c518eb7e3dfa@group-9251E4935A46: set configuration 0: [441cb323-c758-4204-8e94-c518eb7e3dfa:172.17.0.2:42479], old=null at 0
2020-07-07 04:54:54,939 [441cb323-c758-4204-8e94-c518eb7e3dfa@group-9251E4935A46-SegmentedRaftLogWorker] INFO  segmented.SegmentedRaftLogWorker (SegmentedRaftLogWorker.java:execute(596)) - 441cb323-c758-4204-8e94-c518eb7e3dfa@group-9251E4935A46-SegmentedRaftLogWorker: created new log segment /github/workspace/mnt/ozone/hadoop-ozone/integration-test/target/test-dir/MiniOzoneClusterImpl-ddfb2fb6-1dd1-47df-b9d1-90c4649f621f/datanode-0/data/ratis/c3389e05-2732-459b-b62c-9251e4935a46/current/log_inprogress_0
2020-07-07 04:54:54,976 [Thread-1635] INFO  impl.FollowerState (FollowerState.java:run(108)) - 49d4fddc-cd10-443b-a45d-8ada7c557abf@group-406F52C2C348-FollowerState: change to CANDIDATE, lastRpcTime:5000ms, electionTimeout:5000ms
2020-07-07 04:54:54,977 [Thread-1635] INFO  impl.RoleInfo (RoleInfo.java:shutdownFollowerState(121)) - 49d4fddc-cd10-443b-a45d-8ada7c557abf: shutdown FollowerState
2020-07-07 04:54:54,977 [Thread-1635] INFO  impl.RaftServerImpl (RaftServerImpl.java:setRole(175)) - 49d4fddc-cd10-443b-a45d-8ada7c557abf@group-406F52C2C348: changes role from  FOLLOWER to CANDIDATE at term 0 for changeToCandidate
2020-07-07 04:54:54,977 [Thread-1635] INFO  impl.RoleInfo (RoleInfo.java:updateAndGet(143)) - 49d4fddc-cd10-443b-a45d-8ada7c557abf: start LeaderElection
2020-07-07 04:54:54,977 [Thread-1629] INFO  impl.FollowerState (FollowerState.java:run(108)) - 441cb323-c758-4204-8e94-c518eb7e3dfa@group-406F52C2C348-FollowerState: change to CANDIDATE, lastRpcTime:5066ms, electionTimeout:5066ms
2020-07-07 04:54:54,979 [Thread-1631] INFO  impl.FollowerState (FollowerState.java:run(108)) - 2c88a600-62c8-44d6-86d4-28f745868ae9@group-406F52C2C348-FollowerState: change to CANDIDATE, lastRpcTime:5043ms, electionTimeout:5043ms
2020-07-07 04:54:54,980 [Thread-1629] INFO  impl.RoleInfo (RoleInfo.java:shutdownFollowerState(121)) - 441cb323-c758-4204-8e94-c518eb7e3dfa: shutdown FollowerState
2020-07-07 04:54:54,980 [Thread-1629] INFO  impl.RaftServerImpl (RaftServerImpl.java:setRole(175)) - 441cb323-c758-4204-8e94-c518eb7e3dfa@group-406F52C2C348: changes role from  FOLLOWER to CANDIDATE at term 0 for changeToCandidate
2020-07-07 04:54:54,980 [Thread-1629] INFO  impl.RoleInfo (RoleInfo.java:updateAndGet(143)) - 441cb323-c758-4204-8e94-c518eb7e3dfa: start LeaderElection
2020-07-07 04:54:54,981 [Thread-1631] INFO  impl.RoleInfo (RoleInfo.java:shutdownFollowerState(121)) - 2c88a600-62c8-44d6-86d4-28f745868ae9: shutdown FollowerState
2020-07-07 04:54:54,981 [Thread-1631] INFO  impl.RaftServerImpl (RaftServerImpl.java:setRole(175)) - 2c88a600-62c8-44d6-86d4-28f745868ae9@group-406F52C2C348: changes role from  FOLLOWER to CANDIDATE at term 0 for changeToCandidate
2020-07-07 04:54:54,981 [Thread-1631] INFO  impl.RoleInfo (RoleInfo.java:updateAndGet(143)) - 2c88a600-62c8-44d6-86d4-28f745868ae9: start LeaderElection
2020-07-07 04:54:54,992 [441cb323-c758-4204-8e94-c518eb7e3dfa@group-406F52C2C348-LeaderElection52] INFO  impl.LeaderElection (LeaderElection.java:askForVotes(206)) - 441cb323-c758-4204-8e94-c518eb7e3dfa@group-406F52C2C348-LeaderElection52: begin an election at term 1 for -1: [2c88a600-62c8-44d6-86d4-28f745868ae9:172.17.0.2:35933, 441cb323-c758-4204-8e94-c518eb7e3dfa:172.17.0.2:42479, 49d4fddc-cd10-443b-a45d-8ada7c557abf:172.17.0.2:35683], old=null
2020-07-07 04:54:54,994 [49d4fddc-cd10-443b-a45d-8ada7c557abf@group-406F52C2C348-LeaderElection51] INFO  impl.LeaderElection (LeaderElection.java:askForVotes(206)) - 49d4fddc-cd10-443b-a45d-8ada7c557abf@group-406F52C2C348-LeaderElection51: begin an election at term 1 for -1: [2c88a600-62c8-44d6-86d4-28f745868ae9:172.17.0.2:35933, 441cb323-c758-4204-8e94-c518eb7e3dfa:172.17.0.2:42479, 49d4fddc-cd10-443b-a45d-8ada7c557abf:172.17.0.2:35683], old=null
2020-07-07 04:54:54,996 [2c88a600-62c8-44d6-86d4-28f745868ae9@group-406F52C2C348-LeaderElection53] INFO  impl.LeaderElection (LeaderElection.java:askForVotes(206)) - 2c88a600-62c8-44d6-86d4-28f745868ae9@group-406F52C2C348-LeaderElection53: begin an election at term 1 for -1: [2c88a600-62c8-44d6-86d4-28f745868ae9:172.17.0.2:35933, 441cb323-c758-4204-8e94-c518eb7e3dfa:172.17.0.2:42479, 49d4fddc-cd10-443b-a45d-8ada7c557abf:172.17.0.2:35683], old=null
2020-07-07 04:54:54,998 [Thread-1637] INFO  impl.FollowerState (FollowerState.java:run(108)) - 49d4fddc-cd10-443b-a45d-8ada7c557abf@group-FFDB633CFC34-FollowerState: change to CANDIDATE, lastRpcTime:5019ms, electionTimeout:5011ms
2020-07-07 04:54:55,013 [Thread-1637] INFO  impl.RoleInfo (RoleInfo.java:shutdownFollowerState(121)) - 49d4fddc-cd10-443b-a45d-8ada7c557abf: shutdown FollowerState
2020-07-07 04:54:55,014 [Thread-1637] INFO  impl.RaftServerImpl (RaftServerImpl.java:setRole(175)) - 49d4fddc-cd10-443b-a45d-8ada7c557abf@group-FFDB633CFC34: changes role from  FOLLOWER to CANDIDATE at term 0 for changeToCandidate
2020-07-07 04:54:55,014 [Thread-1637] INFO  impl.RoleInfo (RoleInfo.java:updateAndGet(143)) - 49d4fddc-cd10-443b-a45d-8ada7c557abf: start LeaderElection
2020-07-07 04:54:55,033 [grpc-default-executor-0] DEBUG impl.RaftServerImpl (RaftServerImpl.java:requestVote(821)) - 49d4fddc-cd10-443b-a45d-8ada7c557abf@group-406F52C2C348: receive requestVote(441cb323-c758-4204-8e94-c518eb7e3dfa, group-406F52C2C348, 1, (t:0, i:0))
2020-07-07 04:54:55,033 [grpc-default-executor-6] DEBUG impl.RaftServerImpl (RaftServerImpl.java:requestVote(821)) - 2c88a600-62c8-44d6-86d4-28f745868ae9@group-406F52C2C348: receive requestVote(49d4fddc-cd10-443b-a45d-8ada7c557abf, group-406F52C2C348, 1, (t:0, i:0))
2020-07-07 04:54:55,033 [grpc-default-executor-4] DEBUG impl.RaftServerImpl (RaftServerImpl.java:requestVote(821)) - 2c88a600-62c8-44d6-86d4-28f745868ae9@group-406F52C2C348: receive requestVote(441cb323-c758-4204-8e94-c518eb7e3dfa, group-406F52C2C348, 1, (t:0, i:0))
2020-07-07 04:54:55,034 [grpc-default-executor-6] DEBUG impl.RaftServerImpl (RaftServerImpl.java:requestVote(853)) - 2c88a600-62c8-44d6-86d4-28f745868ae9@group-406F52C2C348 replies to vote request: 49d4fddc-cd10-443b-a45d-8ada7c557abf<-2c88a600-62c8-44d6-86d4-28f745868ae9#0:FAIL-t1. Peer's state: 2c88a600-62c8-44d6-86d4-28f745868ae9@group-406F52C2C348:t1, leader=null, voted=2c88a600-62c8-44d6-86d4-28f745868ae9, raftlog=2c88a600-62c8-44d6-86d4-28f745868ae9@group-406F52C2C348-SegmentedRaftLog:OPENED:c-1,f-1,i0, conf=-1: [2c88a600-62c8-44d6-86d4-28f745868ae9:172.17.0.2:35933, 441cb323-c758-4204-8e94-c518eb7e3dfa:172.17.0.2:42479, 49d4fddc-cd10-443b-a45d-8ada7c557abf:172.17.0.2:35683], old=null
2020-07-07 04:54:55,034 [grpc-default-executor-1] DEBUG impl.RaftServerImpl (RaftServerImpl.java:requestVote(821)) - 49d4fddc-cd10-443b-a45d-8ada7c557abf@group-406F52C2C348: receive requestVote(2c88a600-62c8-44d6-86d4-28f745868ae9, group-406F52C2C348, 1, (t:0, i:0))
2020-07-07 04:54:55,034 [grpc-default-executor-4] DEBUG impl.RaftServerImpl (RaftServerImpl.java:requestVote(853)) - 2c88a600-62c8-44d6-86d4-28f745868ae9@group-406F52C2C348 replies to vote request: 441cb323-c758-4204-8e94-c518eb7e3dfa<-2c88a600-62c8-44d6-86d4-28f745868ae9#0:FAIL-t1. Peer's state: 2c88a600-62c8-44d6-86d4-28f745868ae9@group-406F52C2C348:t1, leader=null, voted=2c88a600-62c8-44d6-86d4-28f745868ae9, raftlog=2c88a600-62c8-44d6-86d4-28f745868ae9@group-406F52C2C348-SegmentedRaftLog:OPENED:c-1,f-1,i0, conf=-1: [2c88a600-62c8-44d6-86d4-28f745868ae9:172.17.0.2:35933, 441cb323-c758-4204-8e94-c518eb7e3dfa:172.17.0.2:42479, 49d4fddc-cd10-443b-a45d-8ada7c557abf:172.17.0.2:35683], old=null
2020-07-07 04:54:55,034 [grpc-default-executor-5] DEBUG impl.RaftServerImpl (RaftServerImpl.java:requestVote(821)) - 441cb323-c758-4204-8e94-c518eb7e3dfa@group-406F52C2C348: receive requestVote(2c88a600-62c8-44d6-86d4-28f745868ae9, group-406F52C2C348, 1, (t:0, i:0))
2020-07-07 04:54:55,033 [grpc-default-executor-3] DEBUG impl.RaftServerImpl (RaftServerImpl.java:requestVote(821)) - 441cb323-c758-4204-8e94-c518eb7e3dfa@group-406F52C2C348: receive requestVote(49d4fddc-cd10-443b-a45d-8ada7c557abf, group-406F52C2C348, 1, (t:0, i:0))
2020-07-07 04:54:55,033 [grpc-default-executor-0] DEBUG impl.RaftServerImpl (RaftServerImpl.java:requestVote(853)) - 49d4fddc-cd10-443b-a45d-8ada7c557abf@group-406F52C2C348 replies to vote request: 441cb323-c758-4204-8e94-c518eb7e3dfa<-49d4fddc-cd10-443b-a45d-8ada7c557abf#0:FAIL-t1. Peer's state: 49d4fddc-cd10-443b-a45d-8ada7c557abf@group-406F52C2C348:t1, leader=null, voted=49d4fddc-cd10-443b-a45d-8ada7c557abf, raftlog=49d4fddc-cd10-443b-a45d-8ada7c557abf@group-406F52C2C348-SegmentedRaftLog:OPENED:c-1,f-1,i0, conf=-1: [2c88a600-62c8-44d6-86d4-28f745868ae9:172.17.0.2:35933, 441cb323-c758-4204-8e94-c518eb7e3dfa:172.17.0.2:42479, 49d4fddc-cd10-443b-a45d-8ada7c557abf:172.17.0.2:35683], old=null
2020-07-07 04:54:55,035 [grpc-default-executor-1] DEBUG impl.RaftServerImpl (RaftServerImpl.java:requestVote(853)) - 49d4fddc-cd10-443b-a45d-8ada7c557abf@group-406F52C2C348 replies to vote request: 2c88a600-62c8-44d6-86d4-28f745868ae9<-49d4fddc-cd10-443b-a45d-8ada7c557abf#0:FAIL-t1. Peer's state: 49d4fddc-cd10-443b-a45d-8ada7c557abf@group-406F52C2C348:t1, leader=null, voted=49d4fddc-cd10-443b-a45d-8ada7c557abf, raftlog=49d4fddc-cd10-443b-a45d-8ada7c557abf@group-406F52C2C348-SegmentedRaftLog:OPENED:c-1,f-1,i0, conf=-1: [2c88a600-62c8-44d6-86d4-28f745868ae9:172.17.0.2:35933, 441cb323-c758-4204-8e94-c518eb7e3dfa:172.17.0.2:42479, 49d4fddc-cd10-443b-a45d-8ada7c557abf:172.17.0.2:35683], old=null
2020-07-07 04:54:55,035 [grpc-default-executor-5] DEBUG impl.RaftServerImpl (RaftServerImpl.java:requestVote(853)) - 441cb323-c758-4204-8e94-c518eb7e3dfa@group-406F52C2C348 replies to vote request: 2c88a600-62c8-44d6-86d4-28f745868ae9<-441cb323-c758-4204-8e94-c518eb7e3dfa#0:FAIL-t1. Peer's state: 441cb323-c758-4204-8e94-c518eb7e3dfa@group-406F52C2C348:t1, leader=null, voted=441cb323-c758-4204-8e94-c518eb7e3dfa, raftlog=441cb323-c758-4204-8e94-c518eb7e3dfa@group-406F52C2C348-SegmentedRaftLog:OPENED:c-1,f-1,i0, conf=-1: [2c88a600-62c8-44d6-86d4-28f745868ae9:172.17.0.2:35933, 441cb323-c758-4204-8e94-c518eb7e3dfa:172.17.0.2:42479, 49d4fddc-cd10-443b-a45d-8ada7c557abf:172.17.0.2:35683], old=null
2020-07-07 04:54:55,035 [grpc-default-executor-3] DEBUG impl.RaftServerImpl (RaftServerImpl.java:requestVote(853)) - 441cb323-c758-4204-8e94-c518eb7e3dfa@group-406F52C2C348 replies to vote request: 49d4fddc-cd10-443b-a45d-8ada7c557abf<-441cb323-c758-4204-8e94-c518eb7e3dfa#0:FAIL-t1. Peer's state: 441cb323-c758-4204-8e94-c518eb7e3dfa@group-406F52C2C348:t1, leader=null, voted=441cb323-c758-4204-8e94-c518eb7e3dfa, raftlog=441cb323-c758-4204-8e94-c518eb7e3dfa@group-406F52C2C348-SegmentedRaftLog:OPENED:c-1,f-1,i0, conf=-1: [2c88a600-62c8-44d6-86d4-28f745868ae9:172.17.0.2:35933, 441cb323-c758-4204-8e94-c518eb7e3dfa:172.17.0.2:42479, 49d4fddc-cd10-443b-a45d-8ada7c557abf:172.17.0.2:35683], old=null
2020-07-07 04:54:55,037 [49d4fddc-cd10-443b-a45d-8ada7c557abf@group-FFDB633CFC34-LeaderElection54] INFO  impl.LeaderElection (LeaderElection.java:askForVotes(206)) - 49d4fddc-cd10-443b-a45d-8ada7c557abf@group-FFDB633CFC34-LeaderElection54: begin an election at term 1 for -1: [49d4fddc-cd10-443b-a45d-8ada7c557abf:172.17.0.2:35683], old=null
2020-07-07 04:54:55,038 [49d4fddc-cd10-443b-a45d-8ada7c557abf@group-FFDB633CFC34-LeaderElection54] INFO  impl.RoleInfo (RoleInfo.java:shutdownLeaderElection(134)) - 49d4fddc-cd10-443b-a45d-8ada7c557abf: shutdown LeaderElection
2020-07-07 04:54:55,038 [49d4fddc-cd10-443b-a45d-8ada7c557abf@group-FFDB633CFC34-LeaderElection54] INFO  impl.RaftServerImpl (RaftServerImpl.java:setRole(175)) - 49d4fddc-cd10-443b-a45d-8ada7c557abf@group-FFDB633CFC34: changes role from CANDIDATE to LEADER at term 1 for changeToLeader
2020-07-07 04:54:55,038 [49d4fddc-cd10-443b-a45d-8ada7c557abf@group-FFDB633CFC34-LeaderElection54] INFO  ratis.XceiverServerRatis (XceiverServerRatis.java:handleLeaderChangedNotification(762)) - Leader change notification received for group: group-FFDB633CFC34 with new leaderId: 49d4fddc-cd10-443b-a45d-8ada7c557abf
2020-07-07 04:54:55,038 [49d4fddc-cd10-443b-a45d-8ada7c557abf@group-FFDB633CFC34-LeaderElection54] INFO  impl.RaftServerImpl (ServerState.java:setLeader(255)) - 49d4fddc-cd10-443b-a45d-8ada7c557abf@group-FFDB633CFC34: change Leader from null to 49d4fddc-cd10-443b-a45d-8ada7c557abf at term 1 for becomeLeader, leader elected after 5068ms
2020-07-07 04:54:55,038 [49d4fddc-cd10-443b-a45d-8ada7c557abf@group-FFDB633CFC34-LeaderElection54] INFO  server.RaftServerConfigKeys (ConfUtils.java:logGet(44)) - raft.server.staging.catchup.gap = 1000 (default)
2020-07-07 04:54:55,038 [49d4fddc-cd10-443b-a45d-8ada7c557abf@group-FFDB633CFC34-LeaderElection54] INFO  server.RaftServerConfigKeys (ConfUtils.java:logGet(44)) - raft.server.rpc.sleep.time = 25ms (default)
2020-07-07 04:54:55,038 [49d4fddc-cd10-443b-a45d-8ada7c557abf@group-FFDB633CFC34-LeaderElection54] INFO  metrics.RatisMetrics (RatisMetrics.java:lambda$create$0(36)) - Creating Metrics Registry : ratis.log_appender.49d4fddc-cd10-443b-a45d-8ada7c557abf@group-FFDB633CFC34
2020-07-07 04:54:55,039 [49d4fddc-cd10-443b-a45d-8ada7c557abf@group-FFDB633CFC34-LeaderElection54] INFO  server.RaftServerConfigKeys (ConfUtils.java:logGet(44)) - raft.server.write.element-limit = 1024 (custom)
2020-07-07 04:54:55,039 [49d4fddc-cd10-443b-a45d-8ada7c557abf@group-FFDB633CFC34-LeaderElection54] INFO  server.RaftServerConfigKeys (ConfUtils.java:logGet(44)) - raft.server.write.byte-limit = 1073741824 (custom)
2020-07-07 04:54:55,039 [49d4fddc-cd10-443b-a45d-8ada7c557abf@group-FFDB633CFC34-LeaderElection54] INFO  server.RaftServerConfigKeys (ConfUtils.java:logGet(44)) - raft.server.watch.timeout = 3000ms (custom)
2020-07-07 04:54:55,039 [49d4fddc-cd10-443b-a45d-8ada7c557abf@group-FFDB633CFC34-LeaderElection54] INFO  server.RaftServerConfigKeys (ConfUtils.java:logGet(44)) - raft.server.watch.timeout.denomination = 1s (default)
2020-07-07 04:54:55,040 [49d4fddc-cd10-443b-a45d-8ada7c557abf@group-FFDB633CFC34-LeaderElection54] INFO  server.RaftServerConfigKeys (ConfUtils.java:logGet(44)) - raft.server.watch.element-limit = 65536 (default)
2020-07-07 04:54:55,040 [49d4fddc-cd10-443b-a45d-8ada7c557abf@group-FFDB633CFC34-LeaderElection54] INFO  impl.RoleInfo (RoleInfo.java:updateAndGet(143)) - 49d4fddc-cd10-443b-a45d-8ada7c557abf: start LeaderState
2020-07-07 04:54:55,040 [441cb323-c758-4204-8e94-c518eb7e3dfa@group-406F52C2C348-LeaderElection52] INFO  impl.LeaderElection (LeaderElection.java:logAndReturn(61)) - 441cb323-c758-4204-8e94-c518eb7e3dfa@group-406F52C2C348-LeaderElection52: Election REJECTED; received 2 response(s) [441cb323-c758-4204-8e94-c518eb7e3dfa<-2c88a600-62c8-44d6-86d4-28f745868ae9#0:FAIL-t1, 441cb323-c758-4204-8e94-c518eb7e3dfa<-49d4fddc-cd10-443b-a45d-8ada7c557abf#0:FAIL-t1] and 0 exception(s); 441cb323-c758-4204-8e94-c518eb7e3dfa@group-406F52C2C348:t1, leader=null, voted=441cb323-c758-4204-8e94-c518eb7e3dfa, raftlog=441cb323-c758-4204-8e94-c518eb7e3dfa@group-406F52C2C348-SegmentedRaftLog:OPENED:c-1,f-1,i0, conf=-1: [2c88a600-62c8-44d6-86d4-28f745868ae9:172.17.0.2:35933, 441cb323-c758-4204-8e94-c518eb7e3dfa:172.17.0.2:42479, 49d4fddc-cd10-443b-a45d-8ada7c557abf:172.17.0.2:35683], old=null
2020-07-07 04:54:55,040 [441cb323-c758-4204-8e94-c518eb7e3dfa@group-406F52C2C348-LeaderElection52] INFO  impl.RaftServerImpl (RaftServerImpl.java:setRole(175)) - 441cb323-c758-4204-8e94-c518eb7e3dfa@group-406F52C2C348: changes role from CANDIDATE to FOLLOWER at term 1 for DISCOVERED_A_NEW_TERM
2020-07-07 04:54:55,041 [441cb323-c758-4204-8e94-c518eb7e3dfa@group-406F52C2C348-LeaderElection52] INFO  impl.RoleInfo (RoleInfo.java:shutdownLeaderElection(134)) - 441cb323-c758-4204-8e94-c518eb7e3dfa: shutdown LeaderElection
2020-07-07 04:54:55,041 [441cb323-c758-4204-8e94-c518eb7e3dfa@group-406F52C2C348-LeaderElection52] INFO  impl.RoleInfo (RoleInfo.java:updateAndGet(143)) - 441cb323-c758-4204-8e94-c518eb7e3dfa: start FollowerState
2020-07-07 04:54:55,041 [49d4fddc-cd10-443b-a45d-8ada7c557abf@group-FFDB633CFC34-LeaderElection54] INFO  segmented.SegmentedRaftLogWorker (SegmentedRaftLogWorker.java:startLogSegment(397)) - 49d4fddc-cd10-443b-a45d-8ada7c557abf@group-FFDB633CFC34-SegmentedRaftLogWorker: Starting segment from index:0
2020-07-07 04:54:55,050 [2c88a600-62c8-44d6-86d4-28f745868ae9@group-406F52C2C348-LeaderElection53] INFO  impl.LeaderElection (LeaderElection.java:logAndReturn(61)) - 2c88a600-62c8-44d6-86d4-28f745868ae9@group-406F52C2C348-LeaderElection53: Election REJECTED; received 2 response(s) [2c88a600-62c8-44d6-86d4-28f745868ae9<-441cb323-c758-4204-8e94-c518eb7e3dfa#0:FAIL-t1, 2c88a600-62c8-44d6-86d4-28f745868ae9<-49d4fddc-cd10-443b-a45d-8ada7c557abf#0:FAIL-t1] and 0 exception(s); 2c88a600-62c8-44d6-86d4-28f745868ae9@group-406F52C2C348:t1, leader=null, voted=2c88a600-62c8-44d6-86d4-28f745868ae9, raftlog=2c88a600-62c8-44d6-86d4-28f745868ae9@group-406F52C2C348-SegmentedRaftLog:OPENED:c-1,f-1,i0, conf=-1: [2c88a600-62c8-44d6-86d4-28f745868ae9:172.17.0.2:35933, 441cb323-c758-4204-8e94-c518eb7e3dfa:172.17.0.2:42479, 49d4fddc-cd10-443b-a45d-8ada7c557abf:172.17.0.2:35683], old=null
2020-07-07 04:54:55,050 [2c88a600-62c8-44d6-86d4-28f745868ae9@group-406F52C2C348-LeaderElection53] INFO  impl.RaftServerImpl (RaftServerImpl.java:setRole(175)) - 2c88a600-62c8-44d6-86d4-28f745868ae9@group-406F52C2C348: changes role from CANDIDATE to FOLLOWER at term 1 for DISCOVERED_A_NEW_TERM
2020-07-07 04:54:55,050 [2c88a600-62c8-44d6-86d4-28f745868ae9@group-406F52C2C348-LeaderElection53] INFO  impl.RoleInfo (RoleInfo.java:shutdownLeaderElection(134)) - 2c88a600-62c8-44d6-86d4-28f745868ae9: shutdown LeaderElection
2020-07-07 04:54:55,051 [2c88a600-62c8-44d6-86d4-28f745868ae9@group-406F52C2C348-LeaderElection53] INFO  impl.RoleInfo (RoleInfo.java:updateAndGet(143)) - 2c88a600-62c8-44d6-86d4-28f745868ae9: start FollowerState
2020-07-07 04:54:55,052 [49d4fddc-cd10-443b-a45d-8ada7c557abf@group-FFDB633CFC34-LeaderElection54] INFO  impl.RaftServerImpl (ServerState.java:setRaftConf(356)) - 49d4fddc-cd10-443b-a45d-8ada7c557abf@group-FFDB633CFC34: set configuration 0: [49d4fddc-cd10-443b-a45d-8ada7c557abf:172.17.0.2:35683], old=null at 0
2020-07-07 04:54:55,053 [49d4fddc-cd10-443b-a45d-8ada7c557abf@group-FFDB633CFC34-SegmentedRaftLogWorker] INFO  segmented.SegmentedRaftLogWorker (SegmentedRaftLogWorker.java:execute(596)) - 49d4fddc-cd10-443b-a45d-8ada7c557abf@group-FFDB633CFC34-SegmentedRaftLogWorker: created new log segment /github/workspace/mnt/ozone/hadoop-ozone/integration-test/target/test-dir/MiniOzoneClusterImpl-ddfb2fb6-1dd1-47df-b9d1-90c4649f621f/datanode-1/data/ratis/3d2d14b0-1c88-4076-b744-ffdb633cfc34/current/log_inprogress_0
2020-07-07 04:54:55,053 [49d4fddc-cd10-443b-a45d-8ada7c557abf@group-406F52C2C348-LeaderElection51] INFO  impl.LeaderElection (LeaderElection.java:logAndReturn(61)) - 49d4fddc-cd10-443b-a45d-8ada7c557abf@group-406F52C2C348-LeaderElection51: Election REJECTED; received 2 response(s) [49d4fddc-cd10-443b-a45d-8ada7c557abf<-2c88a600-62c8-44d6-86d4-28f745868ae9#0:FAIL-t1, 49d4fddc-cd10-443b-a45d-8ada7c557abf<-441cb323-c758-4204-8e94-c518eb7e3dfa#0:FAIL-t1] and 0 exception(s); 49d4fddc-cd10-443b-a45d-8ada7c557abf@group-406F52C2C348:t1, leader=null, voted=49d4fddc-cd10-443b-a45d-8ada7c557abf, raftlog=49d4fddc-cd10-443b-a45d-8ada7c557abf@group-406F52C2C348-SegmentedRaftLog:OPENED:c-1,f-1,i0, conf=-1: [2c88a600-62c8-44d6-86d4-28f745868ae9:172.17.0.2:35933, 441cb323-c758-4204-8e94-c518eb7e3dfa:172.17.0.2:42479, 49d4fddc-cd10-443b-a45d-8ada7c557abf:172.17.0.2:35683], old=null
2020-07-07 04:54:55,053 [49d4fddc-cd10-443b-a45d-8ada7c557abf@group-406F52C2C348-LeaderElection51] INFO  impl.RaftServerImpl (RaftServerImpl.java:setRole(175)) - 49d4fddc-cd10-443b-a45d-8ada7c557abf@group-406F52C2C348: changes role from CANDIDATE to FOLLOWER at term 1 for DISCOVERED_A_NEW_TERM
2020-07-07 04:54:55,053 [49d4fddc-cd10-443b-a45d-8ada7c557abf@group-406F52C2C348-LeaderElection51] INFO  impl.RoleInfo (RoleInfo.java:shutdownLeaderElection(134)) - 49d4fddc-cd10-443b-a45d-8ada7c557abf: shutdown LeaderElection
2020-07-07 04:54:55,053 [49d4fddc-cd10-443b-a45d-8ada7c557abf@group-406F52C2C348-LeaderElection51] INFO  impl.RoleInfo (RoleInfo.java:updateAndGet(143)) - 49d4fddc-cd10-443b-a45d-8ada7c557abf: start FollowerState
2020-07-07 04:54:55,109 [Thread-1641] INFO  impl.FollowerState (FollowerState.java:run(108)) - faaf968f-0fca-4e96-b7e0-547f8fed29e0@group-841681429755-FollowerState: change to CANDIDATE, lastRpcTime:5024ms, electionTimeout:5024ms
2020-07-07 04:54:55,109 [Thread-1641] INFO  impl.RoleInfo (RoleInfo.java:shutdownFollowerState(121)) - faaf968f-0fca-4e96-b7e0-547f8fed29e0: shutdown FollowerState
2020-07-07 04:54:55,110 [Thread-1641] INFO  impl.RaftServerImpl (RaftServerImpl.java:setRole(175)) - faaf968f-0fca-4e96-b7e0-547f8fed29e0@group-841681429755: changes role from  FOLLOWER to CANDIDATE at term 0 for changeToCandidate
2020-07-07 04:54:55,110 [Thread-1641] INFO  impl.RoleInfo (RoleInfo.java:updateAndGet(143)) - faaf968f-0fca-4e96-b7e0-547f8fed29e0: start LeaderElection
2020-07-07 04:54:55,116 [faaf968f-0fca-4e96-b7e0-547f8fed29e0@group-841681429755-LeaderElection55] INFO  impl.LeaderElection (LeaderElection.java:askForVotes(206)) - faaf968f-0fca-4e96-b7e0-547f8fed29e0@group-841681429755-LeaderElection55: begin an election at term 1 for -1: [faaf968f-0fca-4e96-b7e0-547f8fed29e0:172.17.0.2:36569], old=null
2020-07-07 04:54:55,116 [faaf968f-0fca-4e96-b7e0-547f8fed29e0@group-841681429755-LeaderElection55] INFO  impl.RoleInfo (RoleInfo.java:shutdownLeaderElection(134)) - faaf968f-0fca-4e96-b7e0-547f8fed29e0: shutdown LeaderElection
2020-07-07 04:54:55,116 [faaf968f-0fca-4e96-b7e0-547f8fed29e0@group-841681429755-LeaderElection55] INFO  impl.RaftServerImpl (RaftServerImpl.java:setRole(175)) - faaf968f-0fca-4e96-b7e0-547f8fed29e0@group-841681429755: changes role from CANDIDATE to LEADER at term 1 for changeToLeader
2020-07-07 04:54:55,116 [faaf968f-0fca-4e96-b7e0-547f8fed29e0@group-841681429755-LeaderElection55] INFO  ratis.XceiverServerRatis (XceiverServerRatis.java:handleLeaderChangedNotification(762)) - Leader change notification received for group: group-841681429755 with new leaderId: faaf968f-0fca-4e96-b7e0-547f8fed29e0
2020-07-07 04:54:55,116 [faaf968f-0fca-4e96-b7e0-547f8fed29e0@group-841681429755-LeaderElection55] INFO  impl.RaftServerImpl (ServerState.java:setLeader(255)) - faaf968f-0fca-4e96-b7e0-547f8fed29e0@group-841681429755: change Leader from null to faaf968f-0fca-4e96-b7e0-547f8fed29e0 at term 1 for becomeLeader, leader elected after 5040ms
2020-07-07 04:54:55,116 [faaf968f-0fca-4e96-b7e0-547f8fed29e0@group-841681429755-LeaderElection55] INFO  server.RaftServerConfigKeys (ConfUtils.java:logGet(44)) - raft.server.staging.catchup.gap = 1000 (default)
2020-07-07 04:54:55,116 [faaf968f-0fca-4e96-b7e0-547f8fed29e0@group-841681429755-LeaderElection55] INFO  server.RaftServerConfigKeys (ConfUtils.java:logGet(44)) - raft.server.rpc.sleep.time = 25ms (default)
2020-07-07 04:54:55,117 [faaf968f-0fca-4e96-b7e0-547f8fed29e0@group-841681429755-LeaderElection55] INFO  metrics.RatisMetrics (RatisMetrics.java:lambda$create$0(36)) - Creating Metrics Registry : ratis.log_appender.faaf968f-0fca-4e96-b7e0-547f8fed29e0@group-841681429755
2020-07-07 04:54:55,117 [faaf968f-0fca-4e96-b7e0-547f8fed29e0@group-841681429755-LeaderElection55] INFO  server.RaftServerConfigKeys (ConfUtils.java:logGet(44)) - raft.server.write.element-limit = 1024 (custom)
2020-07-07 04:54:55,117 [faaf968f-0fca-4e96-b7e0-547f8fed29e0@group-841681429755-LeaderElection55] INFO  server.RaftServerConfigKeys (ConfUtils.java:logGet(44)) - raft.server.write.byte-limit = 1073741824 (custom)
2020-07-07 04:54:55,117 [faaf968f-0fca-4e96-b7e0-547f8fed29e0@group-841681429755-LeaderElection55] INFO  server.RaftServerConfigKeys (ConfUtils.java:logGet(44)) - raft.server.watch.timeout = 3000ms (custom)
2020-07-07 04:54:55,118 [faaf968f-0fca-4e96-b7e0-547f8fed29e0@group-841681429755-LeaderElection55] INFO  server.RaftServerConfigKeys (ConfUtils.java:logGet(44)) - raft.server.watch.timeout.denomination = 1s (default)
2020-07-07 04:54:55,118 [faaf968f-0fca-4e96-b7e0-547f8fed29e0@group-841681429755-LeaderElection55] INFO  server.RaftServerConfigKeys (ConfUtils.java:logGet(44)) - raft.server.watch.element-limit = 65536 (default)
2020-07-07 04:54:55,118 [faaf968f-0fca-4e96-b7e0-547f8fed29e0@group-841681429755-LeaderElection55] INFO  impl.RoleInfo (RoleInfo.java:updateAndGet(143)) - faaf968f-0fca-4e96-b7e0-547f8fed29e0: start LeaderState
2020-07-07 04:54:55,118 [faaf968f-0fca-4e96-b7e0-547f8fed29e0@group-841681429755-LeaderElection55] INFO  segmented.SegmentedRaftLogWorker (SegmentedRaftLogWorker.java:startLogSegment(397)) - faaf968f-0fca-4e96-b7e0-547f8fed29e0@group-841681429755-SegmentedRaftLogWorker: Starting segment from index:0
2020-07-07 04:54:55,119 [faaf968f-0fca-4e96-b7e0-547f8fed29e0@group-841681429755-LeaderElection55] INFO  impl.RaftServerImpl (ServerState.java:setRaftConf(356)) - faaf968f-0fca-4e96-b7e0-547f8fed29e0@group-841681429755: set configuration 0: [faaf968f-0fca-4e96-b7e0-547f8fed29e0:172.17.0.2:36569], old=null at 0
2020-07-07 04:54:55,120 [faaf968f-0fca-4e96-b7e0-547f8fed29e0@group-841681429755-SegmentedRaftLogWorker] INFO  segmented.SegmentedRaftLogWorker (SegmentedRaftLogWorker.java:execute(596)) - faaf968f-0fca-4e96-b7e0-547f8fed29e0@group-841681429755-SegmentedRaftLogWorker: created new log segment /github/workspace/mnt/ozone/hadoop-ozone/integration-test/target/test-dir/MiniOzoneClusterImpl-ddfb2fb6-1dd1-47df-b9d1-90c4649f621f/datanode-3/data/ratis/84dacf13-802d-4d21-9b4c-841681429755/current/log_inprogress_0
2020-07-07 04:54:55,124 [Thread-1643] INFO  impl.FollowerState (FollowerState.java:run(108)) - faaf968f-0fca-4e96-b7e0-547f8fed29e0@group-5B138B8C53D9-FollowerState: change to CANDIDATE, lastRpcTime:5025ms, electionTimeout:5025ms
2020-07-07 04:54:55,125 [Thread-1643] INFO  impl.RoleInfo (RoleInfo.java:shutdownFollowerState(121)) - faaf968f-0fca-4e96-b7e0-547f8fed29e0: shutdown FollowerState
2020-07-07 04:54:55,125 [Thread-1643] INFO  impl.RaftServerImpl (RaftServerImpl.java:setRole(175)) - faaf968f-0fca-4e96-b7e0-547f8fed29e0@group-5B138B8C53D9: changes role from  FOLLOWER to CANDIDATE at term 0 for changeToCandidate
2020-07-07 04:54:55,125 [Thread-1643] INFO  impl.RoleInfo (RoleInfo.java:updateAndGet(143)) - faaf968f-0fca-4e96-b7e0-547f8fed29e0: start LeaderElection
2020-07-07 04:54:55,128 [faaf968f-0fca-4e96-b7e0-547f8fed29e0@group-5B138B8C53D9-LeaderElection56] INFO  impl.LeaderElection (LeaderElection.java:askForVotes(206)) - faaf968f-0fca-4e96-b7e0-547f8fed29e0@group-5B138B8C53D9-LeaderElection56: begin an election at term 1 for -1: [b4cbc94e-a0c4-4ad4-8347-afa6d31e032e:172.17.0.2:43645, 3f0f6471-07a7-4b9b-821c-68adebd7d2e3:172.17.0.2:44367, faaf968f-0fca-4e96-b7e0-547f8fed29e0:172.17.0.2:36569], old=null
2020-07-07 04:54:55,135 [grpc-default-executor-0] DEBUG impl.RaftServerImpl (RaftServerImpl.java:requestVote(821)) - 3f0f6471-07a7-4b9b-821c-68adebd7d2e3@group-5B138B8C53D9: receive requestVote(faaf968f-0fca-4e96-b7e0-547f8fed29e0, group-5B138B8C53D9, 1, (t:0, i:0))
2020-07-07 04:54:55,135 [grpc-default-executor-0] INFO  impl.RaftServerImpl (RaftServerImpl.java:setRole(175)) - 3f0f6471-07a7-4b9b-821c-68adebd7d2e3@group-5B138B8C53D9: changes role from  FOLLOWER to FOLLOWER at term 1 for recognizeCandidate:faaf968f-0fca-4e96-b7e0-547f8fed29e0
2020-07-07 04:54:55,135 [grpc-default-executor-0] INFO  impl.RoleInfo (RoleInfo.java:shutdownFollowerState(121)) - 3f0f6471-07a7-4b9b-821c-68adebd7d2e3: shutdown FollowerState
2020-07-07 04:54:55,135 [grpc-default-executor-0] INFO  impl.RoleInfo (RoleInfo.java:updateAndGet(143)) - 3f0f6471-07a7-4b9b-821c-68adebd7d2e3: start FollowerState
2020-07-07 04:54:55,135 [Thread-1650] INFO  impl.FollowerState (FollowerState.java:run(117)) - 3f0f6471-07a7-4b9b-821c-68adebd7d2e3@group-5B138B8C53D9-FollowerState was interrupted: java.lang.InterruptedException: sleep interrupted
2020-07-07 04:54:55,137 [grpc-default-executor-4] DEBUG impl.RaftServerImpl (RaftServerImpl.java:requestVote(821)) - b4cbc94e-a0c4-4ad4-8347-afa6d31e032e@group-5B138B8C53D9: receive requestVote(faaf968f-0fca-4e96-b7e0-547f8fed29e0, group-5B138B8C53D9, 1, (t:0, i:0))
2020-07-07 04:54:55,137 [grpc-default-executor-0] DEBUG impl.RaftServerImpl (RaftServerImpl.java:requestVote(853)) - 3f0f6471-07a7-4b9b-821c-68adebd7d2e3@group-5B138B8C53D9 replies to vote request: faaf968f-0fca-4e96-b7e0-547f8fed29e0<-3f0f6471-07a7-4b9b-821c-68adebd7d2e3#0:OK-t1. Peer's state: 3f0f6471-07a7-4b9b-821c-68adebd7d2e3@group-5B138B8C53D9:t1, leader=null, voted=faaf968f-0fca-4e96-b7e0-547f8fed29e0, raftlog=3f0f6471-07a7-4b9b-821c-68adebd7d2e3@group-5B138B8C53D9-SegmentedRaftLog:OPENED:c-1,f-1,i0, conf=-1: [b4cbc94e-a0c4-4ad4-8347-afa6d31e032e:172.17.0.2:43645, 3f0f6471-07a7-4b9b-821c-68adebd7d2e3:172.17.0.2:44367, faaf968f-0fca-4e96-b7e0-547f8fed29e0:172.17.0.2:36569], old=null
2020-07-07 04:54:55,138 [grpc-default-executor-4] INFO  impl.RaftServerImpl (RaftServerImpl.java:setRole(175)) - b4cbc94e-a0c4-4ad4-8347-afa6d31e032e@group-5B138B8C53D9: changes role from  FOLLOWER to FOLLOWER at term 1 for recognizeCandidate:faaf968f-0fca-4e96-b7e0-547f8fed29e0
2020-07-07 04:54:55,138 [grpc-default-executor-4] INFO  impl.RoleInfo (RoleInfo.java:shutdownFollowerState(121)) - b4cbc94e-a0c4-4ad4-8347-afa6d31e032e: shutdown FollowerState
2020-07-07 04:54:55,139 [grpc-default-executor-4] INFO  impl.RoleInfo (RoleInfo.java:updateAndGet(143)) - b4cbc94e-a0c4-4ad4-8347-afa6d31e032e: start FollowerState
2020-07-07 04:54:55,139 [Thread-1645] INFO  impl.FollowerState (FollowerState.java:run(117)) - b4cbc94e-a0c4-4ad4-8347-afa6d31e032e@group-5B138B8C53D9-FollowerState was interrupted: java.lang.InterruptedException: sleep interrupted
2020-07-07 04:54:55,140 [faaf968f-0fca-4e96-b7e0-547f8fed29e0@group-5B138B8C53D9-LeaderElection56] INFO  impl.LeaderElection (LeaderElection.java:logAndReturn(61)) - faaf968f-0fca-4e96-b7e0-547f8fed29e0@group-5B138B8C53D9-LeaderElection56: Election PASSED; received 1 response(s) [faaf968f-0fca-4e96-b7e0-547f8fed29e0<-3f0f6471-07a7-4b9b-821c-68adebd7d2e3#0:OK-t1] and 0 exception(s); faaf968f-0fca-4e96-b7e0-547f8fed29e0@group-5B138B8C53D9:t1, leader=null, voted=faaf968f-0fca-4e96-b7e0-547f8fed29e0, raftlog=faaf968f-0fca-4e96-b7e0-547f8fed29e0@group-5B138B8C53D9-SegmentedRaftLog:OPENED:c-1,f-1,i0, conf=-1: [b4cbc94e-a0c4-4ad4-8347-afa6d31e032e:172.17.0.2:43645, 3f0f6471-07a7-4b9b-821c-68adebd7d2e3:172.17.0.2:44367, faaf968f-0fca-4e96-b7e0-547f8fed29e0:172.17.0.2:36569], old=null
2020-07-07 04:54:55,140 [faaf968f-0fca-4e96-b7e0-547f8fed29e0@group-5B138B8C53D9-LeaderElection56] INFO  impl.RoleInfo (RoleInfo.java:shutdownLeaderElection(134)) - faaf968f-0fca-4e96-b7e0-547f8fed29e0: shutdown LeaderElection
2020-07-07 04:54:55,140 [faaf968f-0fca-4e96-b7e0-547f8fed29e0@group-5B138B8C53D9-LeaderElection56] INFO  impl.RaftServerImpl (RaftServerImpl.java:setRole(175)) - faaf968f-0fca-4e96-b7e0-547f8fed29e0@group-5B138B8C53D9: changes role from CANDIDATE to LEADER at term 1 for changeToLeader
2020-07-07 04:54:55,140 [faaf968f-0fca-4e96-b7e0-547f8fed29e0@group-5B138B8C53D9-LeaderElection56] INFO  ratis.XceiverServerRatis (XceiverServerRatis.java:handleLeaderChangedNotification(762)) - Leader change notification received for group: group-5B138B8C53D9 with new leaderId: faaf968f-0fca-4e96-b7e0-547f8fed29e0
2020-07-07 04:54:55,141 [faaf968f-0fca-4e96-b7e0-547f8fed29e0@group-5B138B8C53D9-LeaderElection56] INFO  impl.RaftServerImpl (ServerState.java:setLeader(255)) - faaf968f-0fca-4e96-b7e0-547f8fed29e0@group-5B138B8C53D9: change Leader from null to faaf968f-0fca-4e96-b7e0-547f8fed29e0 at term 1 for becomeLeader, leader elected after 5050ms
2020-07-07 04:54:55,141 [faaf968f-0fca-4e96-b7e0-547f8fed29e0@group-5B138B8C53D9-LeaderElection56] INFO  server.RaftServerConfigKeys (ConfUtils.java:logGet(44)) - raft.server.staging.catchup.gap = 1000 (default)
2020-07-07 04:54:55,141 [grpc-default-executor-4] DEBUG impl.RaftServerImpl (RaftServerImpl.java:requestVote(853)) - b4cbc94e-a0c4-4ad4-8347-afa6d31e032e@group-5B138B8C53D9 replies to vote request: faaf968f-0fca-4e96-b7e0-547f8fed29e0<-b4cbc94e-a0c4-4ad4-8347-afa6d31e032e#0:OK-t1. Peer's state: b4cbc94e-a0c4-4ad4-8347-afa6d31e032e@group-5B138B8C53D9:t1, leader=null, voted=faaf968f-0fca-4e96-b7e0-547f8fed29e0, raftlog=b4cbc94e-a0c4-4ad4-8347-afa6d31e032e@group-5B138B8C53D9-SegmentedRaftLog:OPENED:c-1,f-1,i0, conf=-1: [b4cbc94e-a0c4-4ad4-8347-afa6d31e032e:172.17.0.2:43645, 3f0f6471-07a7-4b9b-821c-68adebd7d2e3:172.17.0.2:44367, faaf968f-0fca-4e96-b7e0-547f8fed29e0:172.17.0.2:36569], old=null
2020-07-07 04:54:55,141 [faaf968f-0fca-4e96-b7e0-547f8fed29e0@group-5B138B8C53D9-LeaderElection56] INFO  server.RaftServerConfigKeys (ConfUtils.java:logGet(44)) - raft.server.rpc.sleep.time = 25ms (default)
2020-07-07 04:54:55,141 [faaf968f-0fca-4e96-b7e0-547f8fed29e0@group-5B138B8C53D9-LeaderElection56] INFO  metrics.RatisMetrics (RatisMetrics.java:lambda$create$0(36)) - Creating Metrics Registry : ratis.log_appender.faaf968f-0fca-4e96-b7e0-547f8fed29e0@group-5B138B8C53D9
2020-07-07 04:54:55,141 [faaf968f-0fca-4e96-b7e0-547f8fed29e0@group-5B138B8C53D9-LeaderElection56] INFO  server.RaftServerConfigKeys (ConfUtils.java:logGet(44)) - raft.server.write.element-limit = 1024 (custom)
2020-07-07 04:54:55,141 [faaf968f-0fca-4e96-b7e0-547f8fed29e0@group-5B138B8C53D9-LeaderElection56] INFO  server.RaftServerConfigKeys (ConfUtils.java:logGet(44)) - raft.server.write.byte-limit = 1073741824 (custom)
2020-07-07 04:54:55,142 [faaf968f-0fca-4e96-b7e0-547f8fed29e0@group-5B138B8C53D9-LeaderElection56] INFO  server.RaftServerConfigKeys (ConfUtils.java:logGet(44)) - raft.server.watch.timeout = 3000ms (custom)
2020-07-07 04:54:55,142 [faaf968f-0fca-4e96-b7e0-547f8fed29e0@group-5B138B8C53D9-LeaderElection56] INFO  server.RaftServerConfigKeys (ConfUtils.java:logGet(44)) - raft.server.watch.timeout.denomination = 1s (default)
2020-07-07 04:54:55,142 [faaf968f-0fca-4e96-b7e0-547f8fed29e0@group-5B138B8C53D9-LeaderElection56] INFO  server.RaftServerConfigKeys (ConfUtils.java:logGet(44)) - raft.server.watch.element-limit = 65536 (default)
2020-07-07 04:54:55,142 [faaf968f-0fca-4e96-b7e0-547f8fed29e0@group-5B138B8C53D9-LeaderElection56] INFO  server.RaftServerConfigKeys (ConfUtils.java:logGet(44)) - raft.server.log.appender.snapshot.chunk.size.max = 16MB (=16777216) (default)
2020-07-07 04:54:55,142 [faaf968f-0fca-4e96-b7e0-547f8fed29e0@group-5B138B8C53D9-LeaderElection56] INFO  server.RaftServerConfigKeys (ConfUtils.java:logGet(44)) - raft.server.log.appender.buffer.byte-limit = 33554432 (custom)
2020-07-07 04:54:55,142 [faaf968f-0fca-4e96-b7e0-547f8fed29e0@group-5B138B8C53D9-LeaderElection56] INFO  server.RaftServerConfigKeys (ConfUtils.java:logGet(44)) - raft.server.log.appender.buffer.element-limit = 1 (custom)
2020-07-07 04:54:55,142 [faaf968f-0fca-4e96-b7e0-547f8fed29e0@group-5B138B8C53D9-LeaderElection56] INFO  grpc.GrpcConfigKeys (ConfUtils.java:logGet(44)) - raft.grpc.server.leader.outstanding.appends.max = 128 (default)
2020-07-07 04:54:55,142 [faaf968f-0fca-4e96-b7e0-547f8fed29e0@group-5B138B8C53D9-LeaderElection56] INFO  server.RaftServerConfigKeys (ConfUtils.java:logGet(44)) - raft.server.rpc.request.timeout = 3000ms (default)
2020-07-07 04:54:55,142 [faaf968f-0fca-4e96-b7e0-547f8fed29e0@group-5B138B8C53D9-LeaderElection56] INFO  server.RaftServerConfigKeys (ConfUtils.java:logGet(44)) - raft.server.log.appender.install.snapshot.enabled = false (custom)
2020-07-07 04:54:55,142 [faaf968f-0fca-4e96-b7e0-547f8fed29e0@group-5B138B8C53D9-LeaderElection56] INFO  metrics.RatisMetrics (RatisMetrics.java:lambda$create$0(36)) - Creating Metrics Registry : ratis_grpc.log_appender.faaf968f-0fca-4e96-b7e0-547f8fed29e0@group-5B138B8C53D9
2020-07-07 04:54:55,144 [EventQueue-PipelineReportForPipelineReportHandler] INFO  pipeline.PipelineStateManager (PipelineStateManager.java:openPipeline(131)) - Pipeline Pipeline[ Id: 2edd039b-0aa8-4829-97f7-5b138b8c53d9, Nodes: b4cbc94e-a0c4-4ad4-8347-afa6d31e032e{ip: 172.17.0.2, host: d53d11c09361, networkLocation: /default-rack, certSerialId: null}3f0f6471-07a7-4b9b-821c-68adebd7d2e3{ip: 172.17.0.2, host: d53d11c09361, networkLocation: /default-rack, certSerialId: null}faaf968f-0fca-4e96-b7e0-547f8fed29e0{ip: 172.17.0.2, host: d53d11c09361, networkLocation: /default-rack, certSerialId: null}, Type:RATIS, Factor:THREE, State:ALLOCATED, leaderId:faaf968f-0fca-4e96-b7e0-547f8fed29e0, CreationTimestamp2020-07-07T04:54:47.174Z] moved to OPEN state
2020-07-07 04:54:55,144 [EventQueue-OpenPipelineForHealthyPipelineSafeModeRule] INFO  safemode.SCMSafeModeManager (HealthyPipelineSafeModeRule.java:process(129)) - SCM in safe mode. Healthy pipelines reported count is 1, required healthy pipeline reported count is 1
2020-07-07 04:54:55,144 [EventQueue-OpenPipelineForOneReplicaPipelineSafeModeRule] INFO  safemode.SCMSafeModeManager (SCMSafeModeManager.java:validateSafeModeExitRules(214)) - AtleastOneDatanodeReportedRule rule is successfully validated
2020-07-07 04:54:55,144 [EventQueue-OpenPipelineForHealthyPipelineSafeModeRule] INFO  safemode.SCMSafeModeManager (SCMSafeModeManager.java:validateSafeModeExitRules(214)) - HealthyPipelineSafeModeRule rule is successfully validated
2020-07-07 04:54:55,144 [EventQueue-OpenPipelineForHealthyPipelineSafeModeRule] INFO  safemode.SCMSafeModeManager (SCMSafeModeManager.java:validateSafeModeExitRules(228)) - ScmSafeModeManager, all rules are successfully validated
2020-07-07 04:54:55,144 [EventQueue-OpenPipelineForHealthyPipelineSafeModeRule] INFO  safemode.SCMSafeModeManager (SCMSafeModeManager.java:exitSafeMode(257)) - SCM exiting safe mode.
2020-07-07 04:54:55,146 [faaf968f-0fca-4e96-b7e0-547f8fed29e0@group-5B138B8C53D9-LeaderElection56] INFO  server.RaftServerConfigKeys (ConfUtils.java:logGet(44)) - raft.server.log.appender.snapshot.chunk.size.max = 16MB (=16777216) (default)
2020-07-07 04:54:55,146 [faaf968f-0fca-4e96-b7e0-547f8fed29e0@group-5B138B8C53D9-LeaderElection56] INFO  server.RaftServerConfigKeys (ConfUtils.java:logGet(44)) - raft.server.log.appender.buffer.byte-limit = 33554432 (custom)
2020-07-07 04:54:55,146 [faaf968f-0fca-4e96-b7e0-547f8fed29e0@group-5B138B8C53D9-LeaderElection56] INFO  server.RaftServerConfigKeys (ConfUtils.java:logGet(44)) - raft.server.log.appender.buffer.element-limit = 1 (custom)
2020-07-07 04:54:55,146 [faaf968f-0fca-4e96-b7e0-547f8fed29e0@group-5B138B8C53D9-LeaderElection56] INFO  grpc.GrpcConfigKeys (ConfUtils.java:logGet(44)) - raft.grpc.server.leader.outstanding.appends.max = 128 (default)
2020-07-07 04:54:55,146 [faaf968f-0fca-4e96-b7e0-547f8fed29e0@group-5B138B8C53D9-LeaderElection56] INFO  server.RaftServerConfigKeys (ConfUtils.java:logGet(44)) - raft.server.rpc.request.timeout = 3000ms (default)
2020-07-07 04:54:55,146 [faaf968f-0fca-4e96-b7e0-547f8fed29e0@group-5B138B8C53D9-LeaderElection56] INFO  server.RaftServerConfigKeys (ConfUtils.java:logGet(44)) - raft.server.log.appender.install.snapshot.enabled = false (custom)
2020-07-07 04:54:55,148 [faaf968f-0fca-4e96-b7e0-547f8fed29e0@group-5B138B8C53D9-LeaderElection56] INFO  impl.RoleInfo (RoleInfo.java:updateAndGet(143)) - faaf968f-0fca-4e96-b7e0-547f8fed29e0: start LeaderState
2020-07-07 04:54:55,148 [faaf968f-0fca-4e96-b7e0-547f8fed29e0@group-5B138B8C53D9-LeaderElection56] INFO  segmented.SegmentedRaftLogWorker (SegmentedRaftLogWorker.java:startLogSegment(397)) - faaf968f-0fca-4e96-b7e0-547f8fed29e0@group-5B138B8C53D9-SegmentedRaftLogWorker: Starting segment from index:0
2020-07-07 04:54:55,150 [faaf968f-0fca-4e96-b7e0-547f8fed29e0@group-5B138B8C53D9-LeaderElection56] INFO  impl.RaftServerImpl (ServerState.java:setRaftConf(356)) - faaf968f-0fca-4e96-b7e0-547f8fed29e0@group-5B138B8C53D9: set configuration 0: [b4cbc94e-a0c4-4ad4-8347-afa6d31e032e:172.17.0.2:43645, 3f0f6471-07a7-4b9b-821c-68adebd7d2e3:172.17.0.2:44367, faaf968f-0fca-4e96-b7e0-547f8fed29e0:172.17.0.2:36569], old=null at 0
2020-07-07 04:54:55,150 [faaf968f-0fca-4e96-b7e0-547f8fed29e0@group-5B138B8C53D9-SegmentedRaftLogWorker] INFO  segmented.SegmentedRaftLogWorker (SegmentedRaftLogWorker.java:execute(596)) - faaf968f-0fca-4e96-b7e0-547f8fed29e0@group-5B138B8C53D9-SegmentedRaftLogWorker: created new log segment /github/workspace/mnt/ozone/hadoop-ozone/integration-test/target/test-dir/MiniOzoneClusterImpl-ddfb2fb6-1dd1-47df-b9d1-90c4649f621f/datanode-3/data/ratis/2edd039b-0aa8-4829-97f7-5b138b8c53d9/current/log_inprogress_0
2020-07-07 04:54:55,159 [grpc-default-executor-4] INFO  ratis.XceiverServerRatis (XceiverServerRatis.java:handleLeaderChangedNotification(762)) - Leader change notification received for group: group-5B138B8C53D9 with new leaderId: faaf968f-0fca-4e96-b7e0-547f8fed29e0
2020-07-07 04:54:55,159 [grpc-default-executor-4] INFO  impl.RaftServerImpl (ServerState.java:setLeader(255)) - 3f0f6471-07a7-4b9b-821c-68adebd7d2e3@group-5B138B8C53D9: change Leader from null to faaf968f-0fca-4e96-b7e0-547f8fed29e0 at term 1 for appendEntries, leader elected after 5009ms
2020-07-07 04:54:55,162 [grpc-default-executor-4] DEBUG server.GrpcLogAppender (GrpcLogAppender.java:onNext(257)) - faaf968f-0fca-4e96-b7e0-547f8fed29e0@group-5B138B8C53D9->3f0f6471-07a7-4b9b-821c-68adebd7d2e3-AppendLogResponseHandler: received the first reply faaf968f-0fca-4e96-b7e0-547f8fed29e0<-3f0f6471-07a7-4b9b-821c-68adebd7d2e3#0:OK,SUCCESS,nextIndex:0,term:1,followerCommit:-1, request=AppendEntriesRequest:cid=0,entriesCount=0,lastEntry=null
2020-07-07 04:54:55,163 [grpc-default-executor-1] INFO  ratis.XceiverServerRatis (XceiverServerRatis.java:handleLeaderChangedNotification(762)) - Leader change notification received for group: group-5B138B8C53D9 with new leaderId: faaf968f-0fca-4e96-b7e0-547f8fed29e0
2020-07-07 04:54:55,163 [grpc-default-executor-1] INFO  impl.RaftServerImpl (ServerState.java:setLeader(255)) - b4cbc94e-a0c4-4ad4-8347-afa6d31e032e@group-5B138B8C53D9: change Leader from null to faaf968f-0fca-4e96-b7e0-547f8fed29e0 at term 1 for appendEntries, leader elected after 5049ms
2020-07-07 04:54:55,166 [grpc-default-executor-1] DEBUG server.GrpcLogAppender (GrpcLogAppender.java:onNext(257)) - faaf968f-0fca-4e96-b7e0-547f8fed29e0@group-5B138B8C53D9->b4cbc94e-a0c4-4ad4-8347-afa6d31e032e-AppendLogResponseHandler: received the first reply faaf968f-0fca-4e96-b7e0-547f8fed29e0<-b4cbc94e-a0c4-4ad4-8347-afa6d31e032e#0:OK,SUCCESS,nextIndex:0,term:1,followerCommit:-1, request=AppendEntriesRequest:cid=0,entriesCount=0,lastEntry=null
2020-07-07 04:54:55,168 [grpc-default-executor-0] DEBUG impl.RaftServerImpl (RaftServerImpl.java:logAppendEntries(928)) - b4cbc94e-a0c4-4ad4-8347-afa6d31e032e@group-5B138B8C53D9: receive appendEntries(faaf968f-0fca-4e96-b7e0-547f8fed29e0, 1, null, 0, false, commits[faaf968f-0fca-4e96-b7e0-547f8fed29e0:c0, b4cbc94e-a0c4-4ad4-8347-afa6d31e032e:c-1, 3f0f6471-07a7-4b9b-821c-68adebd7d2e3:c-1], entries: (t:1, i:0), CONFIGURATIONENTRY
2020-07-07 04:54:55,170 [grpc-default-executor-0] INFO  impl.RaftServerImpl (ServerState.java:setRaftConf(356)) - b4cbc94e-a0c4-4ad4-8347-afa6d31e032e@group-5B138B8C53D9: set configuration 0: [b4cbc94e-a0c4-4ad4-8347-afa6d31e032e:172.17.0.2:43645, 3f0f6471-07a7-4b9b-821c-68adebd7d2e3:172.17.0.2:44367, faaf968f-0fca-4e96-b7e0-547f8fed29e0:172.17.0.2:36569], old=null at 0
2020-07-07 04:54:55,171 [grpc-default-executor-0] INFO  segmented.SegmentedRaftLogWorker (SegmentedRaftLogWorker.java:startLogSegment(397)) - b4cbc94e-a0c4-4ad4-8347-afa6d31e032e@group-5B138B8C53D9-SegmentedRaftLogWorker: Starting segment from index:0
2020-07-07 04:54:55,171 [grpc-default-executor-1] DEBUG impl.RaftServerImpl (RaftServerImpl.java:logAppendEntries(928)) - 3f0f6471-07a7-4b9b-821c-68adebd7d2e3@group-5B138B8C53D9: receive appendEntries(faaf968f-0fca-4e96-b7e0-547f8fed29e0, 1, null, -1, false, commits[faaf968f-0fca-4e96-b7e0-547f8fed29e0:c-1, b4cbc94e-a0c4-4ad4-8347-afa6d31e032e:c-1, 3f0f6471-07a7-4b9b-821c-68adebd7d2e3:c-1], entries: (t:1, i:0), CONFIGURATIONENTRY
2020-07-07 04:54:55,172 [grpc-default-executor-1] INFO  impl.RaftServerImpl (ServerState.java:setRaftConf(356)) - 3f0f6471-07a7-4b9b-821c-68adebd7d2e3@group-5B138B8C53D9: set configuration 0: [b4cbc94e-a0c4-4ad4-8347-afa6d31e032e:172.17.0.2:43645, 3f0f6471-07a7-4b9b-821c-68adebd7d2e3:172.17.0.2:44367, faaf968f-0fca-4e96-b7e0-547f8fed29e0:172.17.0.2:36569], old=null at 0
2020-07-07 04:54:55,172 [grpc-default-executor-1] INFO  segmented.SegmentedRaftLogWorker (SegmentedRaftLogWorker.java:startLogSegment(397)) - 3f0f6471-07a7-4b9b-821c-68adebd7d2e3@group-5B138B8C53D9-SegmentedRaftLogWorker: Starting segment from index:0
2020-07-07 04:54:55,173 [b4cbc94e-a0c4-4ad4-8347-afa6d31e032e@group-5B138B8C53D9-SegmentedRaftLogWorker] INFO  segmented.SegmentedRaftLogWorker (SegmentedRaftLogWorker.java:execute(596)) - b4cbc94e-a0c4-4ad4-8347-afa6d31e032e@group-5B138B8C53D9-SegmentedRaftLogWorker: created new log segment /github/workspace/mnt/ozone/hadoop-ozone/integration-test/target/test-dir/MiniOzoneClusterImpl-ddfb2fb6-1dd1-47df-b9d1-90c4649f621f/datanode-4/data/ratis/2edd039b-0aa8-4829-97f7-5b138b8c53d9/current/log_inprogress_0
2020-07-07 04:54:55,174 [3f0f6471-07a7-4b9b-821c-68adebd7d2e3@group-5B138B8C53D9-SegmentedRaftLogWorker] INFO  segmented.SegmentedRaftLogWorker (SegmentedRaftLogWorker.java:execute(596)) - 3f0f6471-07a7-4b9b-821c-68adebd7d2e3@group-5B138B8C53D9-SegmentedRaftLogWorker: created new log segment /github/workspace/mnt/ozone/hadoop-ozone/integration-test/target/test-dir/MiniOzoneClusterImpl-ddfb2fb6-1dd1-47df-b9d1-90c4649f621f/datanode-5/data/ratis/2edd039b-0aa8-4829-97f7-5b138b8c53d9/current/log_inprogress_0
2020-07-07 04:54:55,176 [Thread-1698] DEBUG impl.RaftServerImpl (RaftServerImpl.java:logAppendEntries(928)) - b4cbc94e-a0c4-4ad4-8347-afa6d31e032e@group-5B138B8C53D9: succeeded to handle AppendEntries. Reply: faaf968f-0fca-4e96-b7e0-547f8fed29e0<-b4cbc94e-a0c4-4ad4-8347-afa6d31e032e#1:OK,SUCCESS,nextIndex:1,term:1,followerCommit:0
2020-07-07 04:54:55,177 [grpc-default-executor-1] DEBUG server.GrpcLogAppender (GrpcLogAppender.java:onNext(257)) - faaf968f-0fca-4e96-b7e0-547f8fed29e0@group-5B138B8C53D9->b4cbc94e-a0c4-4ad4-8347-afa6d31e032e-AppendLogResponseHandler: received a reply faaf968f-0fca-4e96-b7e0-547f8fed29e0<-b4cbc94e-a0c4-4ad4-8347-afa6d31e032e#1:OK,SUCCESS,nextIndex:1,term:1,followerCommit:0, request=AppendEntriesRequest:cid=1,entriesCount=1,lastEntry=(t:1, i:0)
2020-07-07 04:54:55,178 [Thread-1699] DEBUG impl.RaftServerImpl (RaftServerImpl.java:logAppendEntries(928)) - 3f0f6471-07a7-4b9b-821c-68adebd7d2e3@group-5B138B8C53D9: succeeded to handle AppendEntries. Reply: faaf968f-0fca-4e96-b7e0-547f8fed29e0<-3f0f6471-07a7-4b9b-821c-68adebd7d2e3#1:OK,SUCCESS,nextIndex:1,term:1,followerCommit:-1
2020-07-07 04:54:55,178 [grpc-default-executor-1] DEBUG server.GrpcLogAppender (GrpcLogAppender.java:onNext(257)) - faaf968f-0fca-4e96-b7e0-547f8fed29e0@group-5B138B8C53D9->3f0f6471-07a7-4b9b-821c-68adebd7d2e3-AppendLogResponseHandler: received a reply faaf968f-0fca-4e96-b7e0-547f8fed29e0<-3f0f6471-07a7-4b9b-821c-68adebd7d2e3#1:OK,SUCCESS,nextIndex:1,term:1,followerCommit:-1, request=AppendEntriesRequest:cid=1,entriesCount=1,lastEntry=(t:1, i:0)
2020-07-07 04:54:55,201 [Thread-1639] INFO  impl.FollowerState (FollowerState.java:run(108)) - 2c88a600-62c8-44d6-86d4-28f745868ae9@group-AAAE33B07054-FollowerState: change to CANDIDATE, lastRpcTime:5161ms, electionTimeout:5158ms
2020-07-07 04:54:55,201 [Thread-1639] INFO  impl.RoleInfo (RoleInfo.java:shutdownFollowerState(121)) - 2c88a600-62c8-44d6-86d4-28f745868ae9: shutdown FollowerState
2020-07-07 04:54:55,201 [Thread-1639] INFO  impl.RaftServerImpl (RaftServerImpl.java:setRole(175)) - 2c88a600-62c8-44d6-86d4-28f745868ae9@group-AAAE33B07054: changes role from  FOLLOWER to CANDIDATE at term 0 for changeToCandidate
2020-07-07 04:54:55,201 [Thread-1639] INFO  impl.RoleInfo (RoleInfo.java:updateAndGet(143)) - 2c88a600-62c8-44d6-86d4-28f745868ae9: start LeaderElection
2020-07-07 04:54:55,205 [2c88a600-62c8-44d6-86d4-28f745868ae9@group-AAAE33B07054-LeaderElection57] INFO  impl.LeaderElection (LeaderElection.java:askForVotes(206)) - 2c88a600-62c8-44d6-86d4-28f745868ae9@group-AAAE33B07054-LeaderElection57: begin an election at term 1 for -1: [2c88a600-62c8-44d6-86d4-28f745868ae9:172.17.0.2:35933], old=null
2020-07-07 04:54:55,205 [2c88a600-62c8-44d6-86d4-28f745868ae9@group-AAAE33B07054-LeaderElection57] INFO  impl.RoleInfo (RoleInfo.java:shutdownLeaderElection(134)) - 2c88a600-62c8-44d6-86d4-28f745868ae9: shutdown LeaderElection
2020-07-07 04:54:55,205 [2c88a600-62c8-44d6-86d4-28f745868ae9@group-AAAE33B07054-LeaderElection57] INFO  impl.RaftServerImpl (RaftServerImpl.java:setRole(175)) - 2c88a600-62c8-44d6-86d4-28f745868ae9@group-AAAE33B07054: changes role from CANDIDATE to LEADER at term 1 for changeToLeader
2020-07-07 04:54:55,205 [2c88a600-62c8-44d6-86d4-28f745868ae9@group-AAAE33B07054-LeaderElection57] INFO  ratis.XceiverServerRatis (XceiverServerRatis.java:handleLeaderChangedNotification(762)) - Leader change notification received for group: group-AAAE33B07054 with new leaderId: 2c88a600-62c8-44d6-86d4-28f745868ae9
2020-07-07 04:54:55,205 [2c88a600-62c8-44d6-86d4-28f745868ae9@group-AAAE33B07054-LeaderElection57] INFO  impl.RaftServerImpl (ServerState.java:setLeader(255)) - 2c88a600-62c8-44d6-86d4-28f745868ae9@group-AAAE33B07054: change Leader from null to 2c88a600-62c8-44d6-86d4-28f745868ae9 at term 1 for becomeLeader, leader elected after 5173ms
2020-07-07 04:54:55,205 [2c88a600-62c8-44d6-86d4-28f745868ae9@group-AAAE33B07054-LeaderElection57] INFO  server.RaftServerConfigKeys (ConfUtils.java:logGet(44)) - raft.server.staging.catchup.gap = 1000 (default)
2020-07-07 04:54:55,205 [2c88a600-62c8-44d6-86d4-28f745868ae9@group-AAAE33B07054-LeaderElection57] INFO  server.RaftServerConfigKeys (ConfUtils.java:logGet(44)) - raft.server.rpc.sleep.time = 25ms (default)
2020-07-07 04:54:55,205 [2c88a600-62c8-44d6-86d4-28f745868ae9@group-AAAE33B07054-LeaderElection57] INFO  metrics.RatisMetrics (RatisMetrics.java:lambda$create$0(36)) - Creating Metrics Registry : ratis.log_appender.2c88a600-62c8-44d6-86d4-28f745868ae9@group-AAAE33B07054
2020-07-07 04:54:55,207 [2c88a600-62c8-44d6-86d4-28f745868ae9@group-AAAE33B07054-LeaderElection57] INFO  server.RaftServerConfigKeys (ConfUtils.java:logGet(44)) - raft.server.write.element-limit = 1024 (custom)
2020-07-07 04:54:55,207 [2c88a600-62c8-44d6-86d4-28f745868ae9@group-AAAE33B07054-LeaderElection57] INFO  server.RaftServerConfigKeys (ConfUtils.java:logGet(44)) - raft.server.write.byte-limit = 1073741824 (custom)
2020-07-07 04:54:55,207 [2c88a600-62c8-44d6-86d4-28f745868ae9@group-AAAE33B07054-LeaderElection57] INFO  server.RaftServerConfigKeys (ConfUtils.java:logGet(44)) - raft.server.watch.timeout = 3000ms (custom)
2020-07-07 04:54:55,207 [2c88a600-62c8-44d6-86d4-28f745868ae9@group-AAAE33B07054-LeaderElection57] INFO  server.RaftServerConfigKeys (ConfUtils.java:logGet(44)) - raft.server.watch.timeout.denomination = 1s (default)
2020-07-07 04:54:55,207 [2c88a600-62c8-44d6-86d4-28f745868ae9@group-AAAE33B07054-LeaderElection57] INFO  server.RaftServerConfigKeys (ConfUtils.java:logGet(44)) - raft.server.watch.element-limit = 65536 (default)
2020-07-07 04:54:55,208 [2c88a600-62c8-44d6-86d4-28f745868ae9@group-AAAE33B07054-LeaderElection57] INFO  impl.RoleInfo (RoleInfo.java:updateAndGet(143)) - 2c88a600-62c8-44d6-86d4-28f745868ae9: start LeaderState
2020-07-07 04:54:55,208 [2c88a600-62c8-44d6-86d4-28f745868ae9@group-AAAE33B07054-LeaderElection57] INFO  segmented.SegmentedRaftLogWorker (SegmentedRaftLogWorker.java:startLogSegment(397)) - 2c88a600-62c8-44d6-86d4-28f745868ae9@group-AAAE33B07054-SegmentedRaftLogWorker: Starting segment from index:0
2020-07-07 04:54:55,208 [Thread-1648] INFO  impl.FollowerState (FollowerState.java:run(108)) - b4cbc94e-a0c4-4ad4-8347-afa6d31e032e@group-477B4A60CD8C-FollowerState: change to CANDIDATE, lastRpcTime:5062ms, electionTimeout:5061ms
2020-07-07 04:54:55,209 [2c88a600-62c8-44d6-86d4-28f745868ae9@group-AAAE33B07054-LeaderElection57] INFO  impl.RaftServerImpl (ServerState.java:setRaftConf(356)) - 2c88a600-62c8-44d6-86d4-28f745868ae9@group-AAAE33B07054: set configuration 0: [2c88a600-62c8-44d6-86d4-28f745868ae9:172.17.0.2:35933], old=null at 0
2020-07-07 04:54:55,209 [Thread-1648] INFO  impl.RoleInfo (RoleInfo.java:shutdownFollowerState(121)) - b4cbc94e-a0c4-4ad4-8347-afa6d31e032e: shutdown FollowerState
2020-07-07 04:54:55,209 [Thread-1648] INFO  impl.RaftServerImpl (RaftServerImpl.java:setRole(175)) - b4cbc94e-a0c4-4ad4-8347-afa6d31e032e@group-477B4A60CD8C: changes role from  FOLLOWER to CANDIDATE at term 0 for changeToCandidate
2020-07-07 04:54:55,209 [Thread-1648] INFO  impl.RoleInfo (RoleInfo.java:updateAndGet(143)) - b4cbc94e-a0c4-4ad4-8347-afa6d31e032e: start LeaderElection
2020-07-07 04:54:55,210 [2c88a600-62c8-44d6-86d4-28f745868ae9@group-AAAE33B07054-SegmentedRaftLogWorker] INFO  segmented.SegmentedRaftLogWorker (SegmentedRaftLogWorker.java:execute(596)) - 2c88a600-62c8-44d6-86d4-28f745868ae9@group-AAAE33B07054-SegmentedRaftLogWorker: created new log segment /github/workspace/mnt/ozone/hadoop-ozone/integration-test/target/test-dir/MiniOzoneClusterImpl-ddfb2fb6-1dd1-47df-b9d1-90c4649f621f/datanode-2/data/ratis/8c4df536-6802-49c5-b252-aaae33b07054/current/log_inprogress_0
2020-07-07 04:54:55,214 [b4cbc94e-a0c4-4ad4-8347-afa6d31e032e@group-477B4A60CD8C-LeaderElection58] INFO  impl.LeaderElection (LeaderElection.java:askForVotes(206)) - b4cbc94e-a0c4-4ad4-8347-afa6d31e032e@group-477B4A60CD8C-LeaderElection58: begin an election at term 1 for -1: [b4cbc94e-a0c4-4ad4-8347-afa6d31e032e:172.17.0.2:43645], old=null
2020-07-07 04:54:55,214 [b4cbc94e-a0c4-4ad4-8347-afa6d31e032e@group-477B4A60CD8C-LeaderElection58] INFO  impl.RoleInfo (RoleInfo.java:shutdownLeaderElection(134)) - b4cbc94e-a0c4-4ad4-8347-afa6d31e032e: shutdown LeaderElection
2020-07-07 04:54:55,214 [b4cbc94e-a0c4-4ad4-8347-afa6d31e032e@group-477B4A60CD8C-LeaderElection58] INFO  impl.RaftServerImpl (RaftServerImpl.java:setRole(175)) - b4cbc94e-a0c4-4ad4-8347-afa6d31e032e@group-477B4A60CD8C: changes role from CANDIDATE to LEADER at term 1 for changeToLeader
2020-07-07 04:54:55,214 [b4cbc94e-a0c4-4ad4-8347-afa6d31e032e@group-477B4A60CD8C-LeaderElection58] INFO  ratis.XceiverServerRatis (XceiverServerRatis.java:handleLeaderChangedNotification(762)) - Leader change notification received for group: group-477B4A60CD8C with new leaderId: b4cbc94e-a0c4-4ad4-8347-afa6d31e032e
2020-07-07 04:54:55,214 [b4cbc94e-a0c4-4ad4-8347-afa6d31e032e@group-477B4A60CD8C-LeaderElection58] INFO  impl.RaftServerImpl (ServerState.java:setLeader(255)) - b4cbc94e-a0c4-4ad4-8347-afa6d31e032e@group-477B4A60CD8C: change Leader from null to b4cbc94e-a0c4-4ad4-8347-afa6d31e032e at term 1 for becomeLeader, leader elected after 5086ms
2020-07-07 04:54:55,215 [b4cbc94e-a0c4-4ad4-8347-afa6d31e032e@group-477B4A60CD8C-LeaderElection58] INFO  server.RaftServerConfigKeys (ConfUtils.java:logGet(44)) - raft.server.staging.catchup.gap = 1000 (default)
2020-07-07 04:54:55,215 [b4cbc94e-a0c4-4ad4-8347-afa6d31e032e@group-477B4A60CD8C-LeaderElection58] INFO  server.RaftServerConfigKeys (ConfUtils.java:logGet(44)) - raft.server.rpc.sleep.time = 25ms (default)
2020-07-07 04:54:55,215 [b4cbc94e-a0c4-4ad4-8347-afa6d31e032e@group-477B4A60CD8C-LeaderElection58] INFO  metrics.RatisMetrics (RatisMetrics.java:lambda$create$0(36)) - Creating Metrics Registry : ratis.log_appender.b4cbc94e-a0c4-4ad4-8347-afa6d31e032e@group-477B4A60CD8C
2020-07-07 04:54:55,215 [b4cbc94e-a0c4-4ad4-8347-afa6d31e032e@group-477B4A60CD8C-LeaderElection58] INFO  server.RaftServerConfigKeys (ConfUtils.java:logGet(44)) - raft.server.write.element-limit = 1024 (custom)
2020-07-07 04:54:55,215 [b4cbc94e-a0c4-4ad4-8347-afa6d31e032e@group-477B4A60CD8C-LeaderElection58] INFO  server.RaftServerConfigKeys (ConfUtils.java:logGet(44)) - raft.server.write.byte-limit = 1073741824 (custom)
2020-07-07 04:54:55,216 [b4cbc94e-a0c4-4ad4-8347-afa6d31e032e@group-477B4A60CD8C-LeaderElection58] INFO  server.RaftServerConfigKeys (ConfUtils.java:logGet(44)) - raft.server.watch.timeout = 3000ms (custom)
2020-07-07 04:54:55,216 [b4cbc94e-a0c4-4ad4-8347-afa6d31e032e@group-477B4A60CD8C-LeaderElection58] INFO  server.RaftServerConfigKeys (ConfUtils.java:logGet(44)) - raft.server.watch.timeout.denomination = 1s (default)
2020-07-07 04:54:55,216 [b4cbc94e-a0c4-4ad4-8347-afa6d31e032e@group-477B4A60CD8C-LeaderElection58] INFO  server.RaftServerConfigKeys (ConfUtils.java:logGet(44)) - raft.server.watch.element-limit = 65536 (default)
2020-07-07 04:54:55,216 [b4cbc94e-a0c4-4ad4-8347-afa6d31e032e@group-477B4A60CD8C-LeaderElection58] INFO  impl.RoleInfo (RoleInfo.java:updateAndGet(143)) - b4cbc94e-a0c4-4ad4-8347-afa6d31e032e: start LeaderState
2020-07-07 04:54:55,216 [b4cbc94e-a0c4-4ad4-8347-afa6d31e032e@group-477B4A60CD8C-LeaderElection58] INFO  segmented.SegmentedRaftLogWorker (SegmentedRaftLogWorker.java:startLogSegment(397)) - b4cbc94e-a0c4-4ad4-8347-afa6d31e032e@group-477B4A60CD8C-SegmentedRaftLogWorker: Starting segment from index:0
2020-07-07 04:54:55,217 [b4cbc94e-a0c4-4ad4-8347-afa6d31e032e@group-477B4A60CD8C-LeaderElection58] INFO  impl.RaftServerImpl (ServerState.java:setRaftConf(356)) - b4cbc94e-a0c4-4ad4-8347-afa6d31e032e@group-477B4A60CD8C: set configuration 0: [b4cbc94e-a0c4-4ad4-8347-afa6d31e032e:172.17.0.2:43645], old=null at 0
2020-07-07 04:54:55,218 [b4cbc94e-a0c4-4ad4-8347-afa6d31e032e@group-477B4A60CD8C-SegmentedRaftLogWorker] INFO  segmented.SegmentedRaftLogWorker (SegmentedRaftLogWorker.java:execute(596)) - b4cbc94e-a0c4-4ad4-8347-afa6d31e032e@group-477B4A60CD8C-SegmentedRaftLogWorker: created new log segment /github/workspace/mnt/ozone/hadoop-ozone/integration-test/target/test-dir/MiniOzoneClusterImpl-ddfb2fb6-1dd1-47df-b9d1-90c4649f621f/datanode-4/data/ratis/888bb53e-f643-4a5e-baff-477b4a60cd8c/current/log_inprogress_0
2020-07-07 04:54:55,251 [Thread-1653] INFO  impl.FollowerState (FollowerState.java:run(108)) - 3f0f6471-07a7-4b9b-821c-68adebd7d2e3@group-13380E399D11-FollowerState: change to CANDIDATE, lastRpcTime:5066ms, electionTimeout:5066ms
2020-07-07 04:54:55,251 [Thread-1653] INFO  impl.RoleInfo (RoleInfo.java:shutdownFollowerState(121)) - 3f0f6471-07a7-4b9b-821c-68adebd7d2e3: shutdown FollowerState
2020-07-07 04:54:55,251 [Thread-1653] INFO  impl.RaftServerImpl (RaftServerImpl.java:setRole(175)) - 3f0f6471-07a7-4b9b-821c-68adebd7d2e3@group-13380E399D11: changes role from  FOLLOWER to CANDIDATE at term 0 for changeToCandidate
2020-07-07 04:54:55,251 [Thread-1653] INFO  impl.RoleInfo (RoleInfo.java:updateAndGet(143)) - 3f0f6471-07a7-4b9b-821c-68adebd7d2e3: start LeaderElection
2020-07-07 04:54:55,254 [3f0f6471-07a7-4b9b-821c-68adebd7d2e3@group-13380E399D11-LeaderElection59] INFO  impl.LeaderElection (LeaderElection.java:askForVotes(206)) - 3f0f6471-07a7-4b9b-821c-68adebd7d2e3@group-13380E399D11-LeaderElection59: begin an election at term 1 for -1: [3f0f6471-07a7-4b9b-821c-68adebd7d2e3:172.17.0.2:44367], old=null
2020-07-07 04:54:55,254 [3f0f6471-07a7-4b9b-821c-68adebd7d2e3@group-13380E399D11-LeaderElection59] INFO  impl.RoleInfo (RoleInfo.java:shutdownLeaderElection(134)) - 3f0f6471-07a7-4b9b-821c-68adebd7d2e3: shutdown LeaderElection
2020-07-07 04:54:55,255 [3f0f6471-07a7-4b9b-821c-68adebd7d2e3@group-13380E399D11-LeaderElection59] INFO  impl.RaftServerImpl (RaftServerImpl.java:setRole(175)) - 3f0f6471-07a7-4b9b-821c-68adebd7d2e3@group-13380E399D11: changes role from CANDIDATE to LEADER at term 1 for changeToLeader
2020-07-07 04:54:55,255 [3f0f6471-07a7-4b9b-821c-68adebd7d2e3@group-13380E399D11-LeaderElection59] INFO  ratis.XceiverServerRatis (XceiverServerRatis.java:handleLeaderChangedNotification(762)) - Leader change notification received for group: group-13380E399D11 with new leaderId: 3f0f6471-07a7-4b9b-821c-68adebd7d2e3
2020-07-07 04:54:55,255 [3f0f6471-07a7-4b9b-821c-68adebd7d2e3@group-13380E399D11-LeaderElection59] INFO  impl.RaftServerImpl (ServerState.java:setLeader(255)) - 3f0f6471-07a7-4b9b-821c-68adebd7d2e3@group-13380E399D11: change Leader from null to 3f0f6471-07a7-4b9b-821c-68adebd7d2e3 at term 1 for becomeLeader, leader elected after 5078ms
2020-07-07 04:54:55,255 [3f0f6471-07a7-4b9b-821c-68adebd7d2e3@group-13380E399D11-LeaderElection59] INFO  server.RaftServerConfigKeys (ConfUtils.java:logGet(44)) - raft.server.staging.catchup.gap = 1000 (default)
2020-07-07 04:54:55,255 [3f0f6471-07a7-4b9b-821c-68adebd7d2e3@group-13380E399D11-LeaderElection59] INFO  server.RaftServerConfigKeys (ConfUtils.java:logGet(44)) - raft.server.rpc.sleep.time = 25ms (default)
2020-07-07 04:54:55,255 [3f0f6471-07a7-4b9b-821c-68adebd7d2e3@group-13380E399D11-LeaderElection59] INFO  metrics.RatisMetrics (RatisMetrics.java:lambda$create$0(36)) - Creating Metrics Registry : ratis.log_appender.3f0f6471-07a7-4b9b-821c-68adebd7d2e3@group-13380E399D11
2020-07-07 04:54:55,256 [3f0f6471-07a7-4b9b-821c-68adebd7d2e3@group-13380E399D11-LeaderElection59] INFO  server.RaftServerConfigKeys (ConfUtils.java:logGet(44)) - raft.server.write.element-limit = 1024 (custom)
2020-07-07 04:54:55,256 [3f0f6471-07a7-4b9b-821c-68adebd7d2e3@group-13380E399D11-LeaderElection59] INFO  server.RaftServerConfigKeys (ConfUtils.java:logGet(44)) - raft.server.write.byte-limit = 1073741824 (custom)
2020-07-07 04:54:55,256 [3f0f6471-07a7-4b9b-821c-68adebd7d2e3@group-13380E399D11-LeaderElection59] INFO  server.RaftServerConfigKeys (ConfUtils.java:logGet(44)) - raft.server.watch.timeout = 3000ms (custom)
2020-07-07 04:54:55,256 [3f0f6471-07a7-4b9b-821c-68adebd7d2e3@group-13380E399D11-LeaderElection59] INFO  server.RaftServerConfigKeys (ConfUtils.java:logGet(44)) - raft.server.watch.timeout.denomination = 1s (default)
2020-07-07 04:54:55,256 [3f0f6471-07a7-4b9b-821c-68adebd7d2e3@group-13380E399D11-LeaderElection59] INFO  server.RaftServerConfigKeys (ConfUtils.java:logGet(44)) - raft.server.watch.element-limit = 65536 (default)
2020-07-07 04:54:55,256 [3f0f6471-07a7-4b9b-821c-68adebd7d2e3@group-13380E399D11-LeaderElection59] INFO  impl.RoleInfo (RoleInfo.java:updateAndGet(143)) - 3f0f6471-07a7-4b9b-821c-68adebd7d2e3: start LeaderState
2020-07-07 04:54:55,257 [3f0f6471-07a7-4b9b-821c-68adebd7d2e3@group-13380E399D11-LeaderElection59] INFO  segmented.SegmentedRaftLogWorker (SegmentedRaftLogWorker.java:startLogSegment(397)) - 3f0f6471-07a7-4b9b-821c-68adebd7d2e3@group-13380E399D11-SegmentedRaftLogWorker: Starting segment from index:0
2020-07-07 04:54:55,258 [3f0f6471-07a7-4b9b-821c-68adebd7d2e3@group-13380E399D11-LeaderElection59] INFO  impl.RaftServerImpl (ServerState.java:setRaftConf(356)) - 3f0f6471-07a7-4b9b-821c-68adebd7d2e3@group-13380E399D11: set configuration 0: [3f0f6471-07a7-4b9b-821c-68adebd7d2e3:172.17.0.2:44367], old=null at 0
2020-07-07 04:54:55,258 [3f0f6471-07a7-4b9b-821c-68adebd7d2e3@group-13380E399D11-SegmentedRaftLogWorker] INFO  segmented.SegmentedRaftLogWorker (SegmentedRaftLogWorker.java:execute(596)) - 3f0f6471-07a7-4b9b-821c-68adebd7d2e3@group-13380E399D11-SegmentedRaftLogWorker: created new log segment /github/workspace/mnt/ozone/hadoop-ozone/integration-test/target/test-dir/MiniOzoneClusterImpl-ddfb2fb6-1dd1-47df-b9d1-90c4649f621f/datanode-5/data/ratis/1f0a2eb0-309b-42f2-9971-13380e399d11/current/log_inprogress_0
2020-07-07 04:54:55,308 [Thread-1657] INFO  impl.FollowerState (FollowerState.java:run(108)) - e48c4946-041b-4a5b-90ab-176302687b86@group-E8C64DAF1BB3-FollowerState: change to CANDIDATE, lastRpcTime:5051ms, electionTimeout:5051ms
2020-07-07 04:54:55,308 [Thread-1657] INFO  impl.RoleInfo (RoleInfo.java:shutdownFollowerState(121)) - e48c4946-041b-4a5b-90ab-176302687b86: shutdown FollowerState
2020-07-07 04:54:55,308 [Thread-1657] INFO  impl.RaftServerImpl (RaftServerImpl.java:setRole(175)) - e48c4946-041b-4a5b-90ab-176302687b86@group-E8C64DAF1BB3: changes role from  FOLLOWER to CANDIDATE at term 0 for changeToCandidate
2020-07-07 04:54:55,308 [Thread-1657] INFO  impl.RoleInfo (RoleInfo.java:updateAndGet(143)) - e48c4946-041b-4a5b-90ab-176302687b86: start LeaderElection
2020-07-07 04:54:55,320 [e48c4946-041b-4a5b-90ab-176302687b86@group-E8C64DAF1BB3-LeaderElection60] INFO  impl.LeaderElection (LeaderElection.java:askForVotes(206)) - e48c4946-041b-4a5b-90ab-176302687b86@group-E8C64DAF1BB3-LeaderElection60: begin an election at term 1 for -1: [a62f0d4c-b40d-4885-8959-00b4626cec0c:172.17.0.2:36867, e48c4946-041b-4a5b-90ab-176302687b86:172.17.0.2:38349, 850327c1-f3ee-4a2d-9c3d-5bffdb64e521:172.17.0.2:42877], old=null
2020-07-07 04:54:55,325 [grpc-default-executor-1] DEBUG impl.RaftServerImpl (RaftServerImpl.java:requestVote(821)) - a62f0d4c-b40d-4885-8959-00b4626cec0c@group-E8C64DAF1BB3: receive requestVote(e48c4946-041b-4a5b-90ab-176302687b86, group-E8C64DAF1BB3, 1, (t:0, i:0))
2020-07-07 04:54:55,326 [grpc-default-executor-1] INFO  impl.RaftServerImpl (RaftServerImpl.java:setRole(175)) - a62f0d4c-b40d-4885-8959-00b4626cec0c@group-E8C64DAF1BB3: changes role from  FOLLOWER to FOLLOWER at term 1 for recognizeCandidate:e48c4946-041b-4a5b-90ab-176302687b86
2020-07-07 04:54:55,326 [grpc-default-executor-1] INFO  impl.RoleInfo (RoleInfo.java:shutdownFollowerState(121)) - a62f0d4c-b40d-4885-8959-00b4626cec0c: shutdown FollowerState
2020-07-07 04:54:55,326 [grpc-default-executor-1] INFO  impl.RoleInfo (RoleInfo.java:updateAndGet(143)) - a62f0d4c-b40d-4885-8959-00b4626cec0c: start FollowerState
2020-07-07 04:54:55,326 [Thread-1659] INFO  impl.FollowerState (FollowerState.java:run(117)) - a62f0d4c-b40d-4885-8959-00b4626cec0c@group-E8C64DAF1BB3-FollowerState was interrupted: java.lang.InterruptedException: sleep interrupted
2020-07-07 04:54:55,332 [grpc-default-executor-1] DEBUG impl.RaftServerImpl (RaftServerImpl.java:requestVote(853)) - a62f0d4c-b40d-4885-8959-00b4626cec0c@group-E8C64DAF1BB3 replies to vote request: e48c4946-041b-4a5b-90ab-176302687b86<-a62f0d4c-b40d-4885-8959-00b4626cec0c#0:OK-t1. Peer's state: a62f0d4c-b40d-4885-8959-00b4626cec0c@group-E8C64DAF1BB3:t1, leader=null, voted=e48c4946-041b-4a5b-90ab-176302687b86, raftlog=a62f0d4c-b40d-4885-8959-00b4626cec0c@group-E8C64DAF1BB3-SegmentedRaftLog:OPENED:c-1,f-1,i0, conf=-1: [a62f0d4c-b40d-4885-8959-00b4626cec0c:172.17.0.2:36867, e48c4946-041b-4a5b-90ab-176302687b86:172.17.0.2:38349, 850327c1-f3ee-4a2d-9c3d-5bffdb64e521:172.17.0.2:42877], old=null
2020-07-07 04:54:55,334 [e48c4946-041b-4a5b-90ab-176302687b86@group-E8C64DAF1BB3-LeaderElection60] INFO  impl.LeaderElection (LeaderElection.java:logAndReturn(61)) - e48c4946-041b-4a5b-90ab-176302687b86@group-E8C64DAF1BB3-LeaderElection60: Election PASSED; received 1 response(s) [e48c4946-041b-4a5b-90ab-176302687b86<-a62f0d4c-b40d-4885-8959-00b4626cec0c#0:OK-t1] and 0 exception(s); e48c4946-041b-4a5b-90ab-176302687b86@group-E8C64DAF1BB3:t1, leader=null, voted=e48c4946-041b-4a5b-90ab-176302687b86, raftlog=e48c4946-041b-4a5b-90ab-176302687b86@group-E8C64DAF1BB3-SegmentedRaftLog:OPENED:c-1,f-1,i0, conf=-1: [a62f0d4c-b40d-4885-8959-00b4626cec0c:172.17.0.2:36867, e48c4946-041b-4a5b-90ab-176302687b86:172.17.0.2:38349, 850327c1-f3ee-4a2d-9c3d-5bffdb64e521:172.17.0.2:42877], old=null
2020-07-07 04:54:55,334 [e48c4946-041b-4a5b-90ab-176302687b86@group-E8C64DAF1BB3-LeaderElection60] INFO  impl.RoleInfo (RoleInfo.java:shutdownLeaderElection(134)) - e48c4946-041b-4a5b-90ab-176302687b86: shutdown LeaderElection
2020-07-07 04:54:55,334 [e48c4946-041b-4a5b-90ab-176302687b86@group-E8C64DAF1BB3-LeaderElection60] INFO  impl.RaftServerImpl (RaftServerImpl.java:setRole(175)) - e48c4946-041b-4a5b-90ab-176302687b86@group-E8C64DAF1BB3: changes role from CANDIDATE to LEADER at term 1 for changeToLeader
2020-07-07 04:54:55,334 [e48c4946-041b-4a5b-90ab-176302687b86@group-E8C64DAF1BB3-LeaderElection60] INFO  ratis.XceiverServerRatis (XceiverServerRatis.java:handleLeaderChangedNotification(762)) - Leader change notification received for group: group-E8C64DAF1BB3 with new leaderId: e48c4946-041b-4a5b-90ab-176302687b86
2020-07-07 04:54:55,334 [e48c4946-041b-4a5b-90ab-176302687b86@group-E8C64DAF1BB3-LeaderElection60] INFO  impl.RaftServerImpl (ServerState.java:setLeader(255)) - e48c4946-041b-4a5b-90ab-176302687b86@group-E8C64DAF1BB3: change Leader from null to e48c4946-041b-4a5b-90ab-176302687b86 at term 1 for becomeLeader, leader elected after 5084ms
2020-07-07 04:54:55,334 [e48c4946-041b-4a5b-90ab-176302687b86@group-E8C64DAF1BB3-LeaderElection60] INFO  server.RaftServerConfigKeys (ConfUtils.java:logGet(44)) - raft.server.staging.catchup.gap = 1000 (default)
2020-07-07 04:54:55,334 [e48c4946-041b-4a5b-90ab-176302687b86@group-E8C64DAF1BB3-LeaderElection60] INFO  server.RaftServerConfigKeys (ConfUtils.java:logGet(44)) - raft.server.rpc.sleep.time = 25ms (default)
2020-07-07 04:54:55,334 [e48c4946-041b-4a5b-90ab-176302687b86@group-E8C64DAF1BB3-LeaderElection60] INFO  metrics.RatisMetrics (RatisMetrics.java:lambda$create$0(36)) - Creating Metrics Registry : ratis.log_appender.e48c4946-041b-4a5b-90ab-176302687b86@group-E8C64DAF1BB3
2020-07-07 04:54:55,335 [e48c4946-041b-4a5b-90ab-176302687b86@group-E8C64DAF1BB3-LeaderElection60] INFO  server.RaftServerConfigKeys (ConfUtils.java:logGet(44)) - raft.server.write.element-limit = 1024 (custom)
2020-07-07 04:54:55,335 [e48c4946-041b-4a5b-90ab-176302687b86@group-E8C64DAF1BB3-LeaderElection60] INFO  server.RaftServerConfigKeys (ConfUtils.java:logGet(44)) - raft.server.write.byte-limit = 1073741824 (custom)
2020-07-07 04:54:55,335 [Thread-1655] INFO  impl.FollowerState (FollowerState.java:run(108)) - e48c4946-041b-4a5b-90ab-176302687b86@group-4438A7B4A6C2-FollowerState: change to CANDIDATE, lastRpcTime:5091ms, electionTimeout:5090ms
2020-07-07 04:54:55,336 [Thread-1664] INFO  impl.FollowerState (FollowerState.java:run(108)) - 850327c1-f3ee-4a2d-9c3d-5bffdb64e521@group-E8C64DAF1BB3-FollowerState: change to CANDIDATE, lastRpcTime:5002ms, electionTimeout:5001ms
2020-07-07 04:54:55,336 [grpc-default-executor-1] DEBUG impl.RaftServerImpl (RaftServerImpl.java:requestVote(821)) - 850327c1-f3ee-4a2d-9c3d-5bffdb64e521@group-E8C64DAF1BB3: receive requestVote(e48c4946-041b-4a5b-90ab-176302687b86, group-E8C64DAF1BB3, 1, (t:0, i:0))
2020-07-07 04:54:55,337 [EventQueue-PipelineReportForPipelineReportHandler] INFO  pipeline.PipelineStateManager (PipelineStateManager.java:openPipeline(131)) - Pipeline Pipeline[ Id: 00bd9342-b899-4510-816c-e8c64daf1bb3, Nodes: a62f0d4c-b40d-4885-8959-00b4626cec0c{ip: 172.17.0.2, host: d53d11c09361, networkLocation: /default-rack, certSerialId: null}850327c1-f3ee-4a2d-9c3d-5bffdb64e521{ip: 172.17.0.2, host: d53d11c09361, networkLocation: /default-rack, certSerialId: null}e48c4946-041b-4a5b-90ab-176302687b86{ip: 172.17.0.2, host: d53d11c09361, networkLocation: /default-rack, certSerialId: null}, Type:RATIS, Factor:THREE, State:ALLOCATED, leaderId:e48c4946-041b-4a5b-90ab-176302687b86, CreationTimestamp2020-07-07T04:54:47.344Z] moved to OPEN state
2020-07-07 04:54:55,339 [Thread-1655] INFO  impl.RoleInfo (RoleInfo.java:shutdownFollowerState(121)) - e48c4946-041b-4a5b-90ab-176302687b86: shutdown FollowerState
2020-07-07 04:54:55,339 [Thread-1664] INFO  impl.RoleInfo (RoleInfo.java:shutdownFollowerState(121)) - 850327c1-f3ee-4a2d-9c3d-5bffdb64e521: shutdown FollowerState
2020-07-07 04:54:55,339 [Thread-1664] INFO  impl.RaftServerImpl (RaftServerImpl.java:setRole(175)) - 850327c1-f3ee-4a2d-9c3d-5bffdb64e521@group-E8C64DAF1BB3: changes role from  FOLLOWER to CANDIDATE at term 0 for changeToCandidate
2020-07-07 04:54:55,339 [Thread-1655] INFO  impl.RaftServerImpl (RaftServerImpl.java:setRole(175)) - e48c4946-041b-4a5b-90ab-176302687b86@group-4438A7B4A6C2: changes role from  FOLLOWER to CANDIDATE at term 0 for changeToCandidate
2020-07-07 04:54:55,339 [Thread-1664] INFO  impl.RoleInfo (RoleInfo.java:updateAndGet(143)) - 850327c1-f3ee-4a2d-9c3d-5bffdb64e521: start LeaderElection
2020-07-07 04:54:55,339 [Thread-1655] INFO  impl.RoleInfo (RoleInfo.java:updateAndGet(143)) - e48c4946-041b-4a5b-90ab-176302687b86: start LeaderElection
2020-07-07 04:54:55,340 [e48c4946-041b-4a5b-90ab-176302687b86@group-E8C64DAF1BB3-LeaderElection60] INFO  server.RaftServerConfigKeys (ConfUtils.java:logGet(44)) - raft.server.watch.timeout = 3000ms (custom)
2020-07-07 04:54:55,340 [e48c4946-041b-4a5b-90ab-176302687b86@group-E8C64DAF1BB3-LeaderElection60] INFO  server.RaftServerConfigKeys (ConfUtils.java:logGet(44)) - raft.server.watch.timeout.denomination = 1s (default)
2020-07-07 04:54:55,340 [e48c4946-041b-4a5b-90ab-176302687b86@group-E8C64DAF1BB3-LeaderElection60] INFO  server.RaftServerConfigKeys (ConfUtils.java:logGet(44)) - raft.server.watch.element-limit = 65536 (default)
2020-07-07 04:54:55,340 [e48c4946-041b-4a5b-90ab-176302687b86@group-E8C64DAF1BB3-LeaderElection60] INFO  server.RaftServerConfigKeys (ConfUtils.java:logGet(44)) - raft.server.log.appender.snapshot.chunk.size.max = 16MB (=16777216) (default)
2020-07-07 04:54:55,340 [e48c4946-041b-4a5b-90ab-176302687b86@group-E8C64DAF1BB3-LeaderElection60] INFO  server.RaftServerConfigKeys (ConfUtils.java:logGet(44)) - raft.server.log.appender.buffer.byte-limit = 33554432 (custom)
2020-07-07 04:54:55,340 [e48c4946-041b-4a5b-90ab-176302687b86@group-E8C64DAF1BB3-LeaderElection60] INFO  server.RaftServerConfigKeys (ConfUtils.java:logGet(44)) - raft.server.log.appender.buffer.element-limit = 1 (custom)
2020-07-07 04:54:55,340 [e48c4946-041b-4a5b-90ab-176302687b86@group-E8C64DAF1BB3-LeaderElection60] INFO  grpc.GrpcConfigKeys (ConfUtils.java:logGet(44)) - raft.grpc.server.leader.outstanding.appends.max = 128 (default)
2020-07-07 04:54:55,340 [e48c4946-041b-4a5b-90ab-176302687b86@group-E8C64DAF1BB3-LeaderElection60] INFO  server.RaftServerConfigKeys (ConfUtils.java:logGet(44)) - raft.server.rpc.request.timeout = 3000ms (default)
2020-07-07 04:54:55,340 [e48c4946-041b-4a5b-90ab-176302687b86@group-E8C64DAF1BB3-LeaderElection60] INFO  server.RaftServerConfigKeys (ConfUtils.java:logGet(44)) - raft.server.log.appender.install.snapshot.enabled = false (custom)
2020-07-07 04:54:55,341 [e48c4946-041b-4a5b-90ab-176302687b86@group-E8C64DAF1BB3-LeaderElection60] INFO  metrics.RatisMetrics (RatisMetrics.java:lambda$create$0(36)) - Creating Metrics Registry : ratis_grpc.log_appender.e48c4946-041b-4a5b-90ab-176302687b86@group-E8C64DAF1BB3
2020-07-07 04:54:55,343 [e48c4946-041b-4a5b-90ab-176302687b86@group-E8C64DAF1BB3-LeaderElection60] INFO  server.RaftServerConfigKeys (ConfUtils.java:logGet(44)) - raft.server.log.appender.snapshot.chunk.size.max = 16MB (=16777216) (default)
2020-07-07 04:54:55,343 [e48c4946-041b-4a5b-90ab-176302687b86@group-E8C64DAF1BB3-LeaderElection60] INFO  server.RaftServerConfigKeys (ConfUtils.java:logGet(44)) - raft.server.log.appender.buffer.byte-limit = 33554432 (custom)
2020-07-07 04:54:55,343 [e48c4946-041b-4a5b-90ab-176302687b86@group-E8C64DAF1BB3-LeaderElection60] INFO  server.RaftServerConfigKeys (ConfUtils.java:logGet(44)) - raft.server.log.appender.buffer.element-limit = 1 (custom)
2020-07-07 04:54:55,343 [e48c4946-041b-4a5b-90ab-176302687b86@group-E8C64DAF1BB3-LeaderElection60] INFO  grpc.GrpcConfigKeys (ConfUtils.java:logGet(44)) - raft.grpc.server.leader.outstanding.appends.max = 128 (default)
2020-07-07 04:54:55,343 [e48c4946-041b-4a5b-90ab-176302687b86@group-E8C64DAF1BB3-LeaderElection60] INFO  server.RaftServerConfigKeys (ConfUtils.java:logGet(44)) - raft.server.rpc.request.timeout = 3000ms (default)
2020-07-07 04:54:55,343 [e48c4946-041b-4a5b-90ab-176302687b86@group-E8C64DAF1BB3-LeaderElection60] INFO  server.RaftServerConfigKeys (ConfUtils.java:logGet(44)) - raft.server.log.appender.install.snapshot.enabled = false (custom)
2020-07-07 04:54:55,344 [grpc-default-executor-1] INFO  impl.RaftServerImpl (RaftServerImpl.java:setRole(175)) - 850327c1-f3ee-4a2d-9c3d-5bffdb64e521@group-E8C64DAF1BB3: changes role from CANDIDATE to FOLLOWER at term 1 for recognizeCandidate:e48c4946-041b-4a5b-90ab-176302687b86
2020-07-07 04:54:55,344 [grpc-default-executor-1] INFO  impl.RoleInfo (RoleInfo.java:shutdownLeaderElection(134)) - 850327c1-f3ee-4a2d-9c3d-5bffdb64e521: shutdown LeaderElection
2020-07-07 04:54:55,344 [grpc-default-executor-1] INFO  impl.RoleInfo (RoleInfo.java:updateAndGet(143)) - 850327c1-f3ee-4a2d-9c3d-5bffdb64e521: start FollowerState
2020-07-07 04:54:55,344 [Listener at 127.0.0.1/42245] INFO  ozone.MiniOzoneClusterImpl (MiniOzoneClusterImpl.java:lambda$waitForClusterToBeReady$0(177)) - Nodes are ready. Got 9 of 9 DN Heartbeats.
2020-07-07 04:54:55,344 [Listener at 127.0.0.1/42245] INFO  ozone.MiniOzoneClusterImpl (MiniOzoneClusterImpl.java:lambda$waitForClusterToBeReady$0(180)) - Cluster exits safe mode
2020-07-07 04:54:55,346 [e48c4946-041b-4a5b-90ab-176302687b86@group-E8C64DAF1BB3-LeaderElection60] INFO  impl.RoleInfo (RoleInfo.java:updateAndGet(143)) - e48c4946-041b-4a5b-90ab-176302687b86: start LeaderState
2020-07-07 04:54:55,346 [e48c4946-041b-4a5b-90ab-176302687b86@group-E8C64DAF1BB3-LeaderElection60] INFO  segmented.SegmentedRaftLogWorker (SegmentedRaftLogWorker.java:startLogSegment(397)) - e48c4946-041b-4a5b-90ab-176302687b86@group-E8C64DAF1BB3-SegmentedRaftLogWorker: Starting segment from index:0
2020-07-07 04:54:55,347 [grpc-default-executor-1] DEBUG impl.RaftServerImpl (RaftServerImpl.java:requestVote(853)) - 850327c1-f3ee-4a2d-9c3d-5bffdb64e521@group-E8C64DAF1BB3 replies to vote request: e48c4946-041b-4a5b-90ab-176302687b86<-850327c1-f3ee-4a2d-9c3d-5bffdb64e521#0:FAIL-t1. Peer's state: 850327c1-f3ee-4a2d-9c3d-5bffdb64e521@group-E8C64DAF1BB3:t1, leader=null, voted=null, raftlog=850327c1-f3ee-4a2d-9c3d-5bffdb64e521@group-E8C64DAF1BB3-SegmentedRaftLog:OPENED:c-1,f-1,i0, conf=-1: [a62f0d4c-b40d-4885-8959-00b4626cec0c:172.17.0.2:36867, e48c4946-041b-4a5b-90ab-176302687b86:172.17.0.2:38349, 850327c1-f3ee-4a2d-9c3d-5bffdb64e521:172.17.0.2:42877], old=null
2020-07-07 04:54:55,348 [e48c4946-041b-4a5b-90ab-176302687b86@group-E8C64DAF1BB3-SegmentedRaftLogWorker] INFO  segmented.SegmentedRaftLogWorker (SegmentedRaftLogWorker.java:execute(596)) - e48c4946-041b-4a5b-90ab-176302687b86@group-E8C64DAF1BB3-SegmentedRaftLogWorker: created new log segment /github/workspace/mnt/ozone/hadoop-ozone/integration-test/target/test-dir/MiniOzoneClusterImpl-ddfb2fb6-1dd1-47df-b9d1-90c4649f621f/datanode-6/data/ratis/00bd9342-b899-4510-816c-e8c64daf1bb3/current/log_inprogress_0
2020-07-07 04:54:55,349 [850327c1-f3ee-4a2d-9c3d-5bffdb64e521@group-E8C64DAF1BB3-LeaderElection61] INFO  impl.LeaderElection (LeaderElection.java:askForVotes(206)) - 850327c1-f3ee-4a2d-9c3d-5bffdb64e521@group-E8C64DAF1BB3-LeaderElection61: begin an election at term 2 for -1: [a62f0d4c-b40d-4885-8959-00b4626cec0c:172.17.0.2:36867, e48c4946-041b-4a5b-90ab-176302687b86:172.17.0.2:38349, 850327c1-f3ee-4a2d-9c3d-5bffdb64e521:172.17.0.2:42877], old=null
2020-07-07 04:54:55,359 [e48c4946-041b-4a5b-90ab-176302687b86@group-E8C64DAF1BB3-LeaderElection60] INFO  impl.RaftServerImpl (ServerState.java:setRaftConf(356)) - e48c4946-041b-4a5b-90ab-176302687b86@group-E8C64DAF1BB3: set configuration 0: [a62f0d4c-b40d-4885-8959-00b4626cec0c:172.17.0.2:36867, e48c4946-041b-4a5b-90ab-176302687b86:172.17.0.2:38349, 850327c1-f3ee-4a2d-9c3d-5bffdb64e521:172.17.0.2:42877], old=null at 0
2020-07-07 04:54:55,363 [e48c4946-041b-4a5b-90ab-176302687b86@group-4438A7B4A6C2-LeaderElection62] INFO  impl.LeaderElection (LeaderElection.java:askForVotes(206)) - e48c4946-041b-4a5b-90ab-176302687b86@group-4438A7B4A6C2-LeaderElection62: begin an election at term 1 for -1: [e48c4946-041b-4a5b-90ab-176302687b86:172.17.0.2:38349], old=null
2020-07-07 04:54:55,363 [e48c4946-041b-4a5b-90ab-176302687b86@group-4438A7B4A6C2-LeaderElection62] INFO  impl.RoleInfo (RoleInfo.java:shutdownLeaderElection(134)) - e48c4946-041b-4a5b-90ab-176302687b86: shutdown LeaderElection
2020-07-07 04:54:55,363 [e48c4946-041b-4a5b-90ab-176302687b86@group-4438A7B4A6C2-LeaderElection62] INFO  impl.RaftServerImpl (RaftServerImpl.java:setRole(175)) - e48c4946-041b-4a5b-90ab-176302687b86@group-4438A7B4A6C2: changes role from CANDIDATE to LEADER at term 1 for changeToLeader
2020-07-07 04:54:55,363 [e48c4946-041b-4a5b-90ab-176302687b86@group-4438A7B4A6C2-LeaderElection62] INFO  ratis.XceiverServerRatis (XceiverServerRatis.java:handleLeaderChangedNotification(762)) - Leader change notification received for group: group-4438A7B4A6C2 with new leaderId: e48c4946-041b-4a5b-90ab-176302687b86
2020-07-07 04:54:55,366 [e48c4946-041b-4a5b-90ab-176302687b86@group-4438A7B4A6C2-LeaderElection62] INFO  impl.RaftServerImpl (ServerState.java:setLeader(255)) - e48c4946-041b-4a5b-90ab-176302687b86@group-4438A7B4A6C2: change Leader from null to e48c4946-041b-4a5b-90ab-176302687b86 at term 1 for becomeLeader, leader elected after 5127ms
2020-07-07 04:54:55,366 [850327c1-f3ee-4a2d-9c3d-5bffdb64e521@group-E8C64DAF1BB3-LeaderElection61] INFO  impl.LeaderElection (LeaderElection.java:logAndReturn(61)) - 850327c1-f3ee-4a2d-9c3d-5bffdb64e521@group-E8C64DAF1BB3-LeaderElection61: Election REJECTED; received 0 response(s) [] and 0 exception(s); 850327c1-f3ee-4a2d-9c3d-5bffdb64e521@group-E8C64DAF1BB3:t2, leader=null, voted=850327c1-f3ee-4a2d-9c3d-5bffdb64e521, raftlog=850327c1-f3ee-4a2d-9c3d-5bffdb64e521@group-E8C64DAF1BB3-SegmentedRaftLog:OPENED:c-1,f-1,i0, conf=-1: [a62f0d4c-b40d-4885-8959-00b4626cec0c:172.17.0.2:36867, e48c4946-041b-4a5b-90ab-176302687b86:172.17.0.2:38349, 850327c1-f3ee-4a2d-9c3d-5bffdb64e521:172.17.0.2:42877], old=null
2020-07-07 04:54:55,366 [e48c4946-041b-4a5b-90ab-176302687b86@group-4438A7B4A6C2-LeaderElection62] INFO  server.RaftServerConfigKeys (ConfUtils.java:logGet(44)) - raft.server.staging.catchup.gap = 1000 (default)
2020-07-07 04:54:55,366 [e48c4946-041b-4a5b-90ab-176302687b86@group-4438A7B4A6C2-LeaderElection62] INFO  server.RaftServerConfigKeys (ConfUtils.java:logGet(44)) - raft.server.rpc.sleep.time = 25ms (default)
2020-07-07 04:54:55,366 [e48c4946-041b-4a5b-90ab-176302687b86@group-4438A7B4A6C2-LeaderElection62] INFO  metrics.RatisMetrics (RatisMetrics.java:lambda$create$0(36)) - Creating Metrics Registry : ratis.log_appender.e48c4946-041b-4a5b-90ab-176302687b86@group-4438A7B4A6C2
2020-07-07 04:54:55,367 [e48c4946-041b-4a5b-90ab-176302687b86@group-4438A7B4A6C2-LeaderElection62] INFO  server.RaftServerConfigKeys (ConfUtils.java:logGet(44)) - raft.server.write.element-limit = 1024 (custom)
2020-07-07 04:54:55,367 [e48c4946-041b-4a5b-90ab-176302687b86@group-4438A7B4A6C2-LeaderElection62] INFO  server.RaftServerConfigKeys (ConfUtils.java:logGet(44)) - raft.server.write.byte-limit = 1073741824 (custom)
2020-07-07 04:54:55,371 [Thread-1662] INFO  impl.FollowerState (FollowerState.java:run(108)) - a62f0d4c-b40d-4885-8959-00b4626cec0c@group-1E2D28F166DE-FollowerState: change to CANDIDATE, lastRpcTime:5046ms, electionTimeout:5046ms
2020-07-07 04:54:55,371 [grpc-default-executor-4] DEBUG impl.RaftServerImpl (RaftServerImpl.java:requestVote(821)) - a62f0d4c-b40d-4885-8959-00b4626cec0c@group-E8C64DAF1BB3: receive requestVote(850327c1-f3ee-4a2d-9c3d-5bffdb64e521, group-E8C64DAF1BB3, 2, (t:0, i:0))
2020-07-07 04:54:55,372 [grpc-default-executor-4] INFO  impl.RaftServerImpl (RaftServerImpl.java:setRole(175)) - a62f0d4c-b40d-4885-8959-00b4626cec0c@group-E8C64DAF1BB3: changes role from  FOLLOWER to FOLLOWER at term 2 for recognizeCandidate:850327c1-f3ee-4a2d-9c3d-5bffdb64e521
2020-07-07 04:54:55,372 [grpc-default-executor-4] INFO  impl.RoleInfo (RoleInfo.java:shutdownFollowerState(121)) - a62f0d4c-b40d-4885-8959-00b4626cec0c: shutdown FollowerState
2020-07-07 04:54:55,372 [grpc-default-executor-4] INFO  impl.RoleInfo (RoleInfo.java:updateAndGet(143)) - a62f0d4c-b40d-4885-8959-00b4626cec0c: start FollowerState
2020-07-07 04:54:55,372 [Thread-1709] INFO  impl.FollowerState (FollowerState.java:run(117)) - a62f0d4c-b40d-4885-8959-00b4626cec0c@group-E8C64DAF1BB3-FollowerState was interrupted: java.lang.InterruptedException: sleep interrupted
2020-07-07 04:54:55,379 [grpc-default-executor-0] DEBUG impl.RaftServerImpl (RaftServerImpl.java:appendEntriesAsync(990)) - 850327c1-f3ee-4a2d-9c3d-5bffdb64e521@group-E8C64DAF1BB3: Not recognize e48c4946-041b-4a5b-90ab-176302687b86 (term=1) as leader, state: 850327c1-f3ee-4a2d-9c3d-5bffdb64e521@group-E8C64DAF1BB3:t2, leader=null, voted=850327c1-f3ee-4a2d-9c3d-5bffdb64e521, raftlog=850327c1-f3ee-4a2d-9c3d-5bffdb64e521@group-E8C64DAF1BB3-SegmentedRaftLog:OPENED:c-1,f-1,i0, conf=-1: [a62f0d4c-b40d-4885-8959-00b4626cec0c:172.17.0.2:36867, e48c4946-041b-4a5b-90ab-176302687b86:172.17.0.2:38349, 850327c1-f3ee-4a2d-9c3d-5bffdb64e521:172.17.0.2:42877], old=null reply: e48c4946-041b-4a5b-90ab-176302687b86<-850327c1-f3ee-4a2d-9c3d-5bffdb64e521#0:FAIL,NOT_LEADER,nextIndex:1,term:2,followerCommit:-1
2020-07-07 04:54:55,380 [Thread-1662] INFO  impl.RoleInfo (RoleInfo.java:shutdownFollowerState(121)) - a62f0d4c-b40d-4885-8959-00b4626cec0c: shutdown FollowerState
2020-07-07 04:54:55,380 [Thread-1662] INFO  impl.RaftServerImpl (RaftServerImpl.java:setRole(175)) - a62f0d4c-b40d-4885-8959-00b4626cec0c@group-1E2D28F166DE: changes role from  FOLLOWER to CANDIDATE at term 0 for changeToCandidate
2020-07-07 04:54:55,380 [Thread-1662] INFO  impl.RoleInfo (RoleInfo.java:updateAndGet(143)) - a62f0d4c-b40d-4885-8959-00b4626cec0c: start LeaderElection
2020-07-07 04:54:55,380 [e48c4946-041b-4a5b-90ab-176302687b86@group-4438A7B4A6C2-LeaderElection62] INFO  server.RaftServerConfigKeys (ConfUtils.java:logGet(44)) - raft.server.watch.timeout = 3000ms (custom)
2020-07-07 04:54:55,380 [e48c4946-041b-4a5b-90ab-176302687b86@group-4438A7B4A6C2-LeaderElection62] INFO  server.RaftServerConfigKeys (ConfUtils.java:logGet(44)) - raft.server.watch.timeout.denomination = 1s (default)
2020-07-07 04:54:55,380 [e48c4946-041b-4a5b-90ab-176302687b86@group-4438A7B4A6C2-LeaderElection62] INFO  server.RaftServerConfigKeys (ConfUtils.java:logGet(44)) - raft.server.watch.element-limit = 65536 (default)
2020-07-07 04:54:55,381 [e48c4946-041b-4a5b-90ab-176302687b86@group-4438A7B4A6C2-LeaderElection62] INFO  impl.RoleInfo (RoleInfo.java:updateAndGet(143)) - e48c4946-041b-4a5b-90ab-176302687b86: start LeaderState
2020-07-07 04:54:55,381 [e48c4946-041b-4a5b-90ab-176302687b86@group-4438A7B4A6C2-LeaderElection62] INFO  segmented.SegmentedRaftLogWorker (SegmentedRaftLogWorker.java:startLogSegment(397)) - e48c4946-041b-4a5b-90ab-176302687b86@group-4438A7B4A6C2-SegmentedRaftLogWorker: Starting segment from index:0
2020-07-07 04:54:55,381 [grpc-default-executor-0] DEBUG server.GrpcLogAppender (GrpcLogAppender.java:onNext(257)) - e48c4946-041b-4a5b-90ab-176302687b86@group-E8C64DAF1BB3->850327c1-f3ee-4a2d-9c3d-5bffdb64e521-AppendLogResponseHandler: received the first reply e48c4946-041b-4a5b-90ab-176302687b86<-850327c1-f3ee-4a2d-9c3d-5bffdb64e521#0:FAIL,NOT_LEADER,nextIndex:1,term:2,followerCommit:-1, request=AppendEntriesRequest:cid=0,entriesCount=0,lastEntry=null
2020-07-07 04:54:55,382 [grpc-default-executor-6] DEBUG impl.RaftServerImpl (RaftServerImpl.java:logAppendEntries(928)) - 850327c1-f3ee-4a2d-9c3d-5bffdb64e521@group-E8C64DAF1BB3: receive appendEntries(e48c4946-041b-4a5b-90ab-176302687b86, 1, null, 0, false, commits[e48c4946-041b-4a5b-90ab-176302687b86:c0, a62f0d4c-b40d-4885-8959-00b4626cec0c:c-1, 850327c1-f3ee-4a2d-9c3d-5bffdb64e521:c-1], entries: (t:1, i:0), CONFIGURATIONENTRY
2020-07-07 04:54:55,383 [grpc-default-executor-6] DEBUG impl.RaftServerImpl (RaftServerImpl.java:appendEntriesAsync(990)) - 850327c1-f3ee-4a2d-9c3d-5bffdb64e521@group-E8C64DAF1BB3: Not recognize e48c4946-041b-4a5b-90ab-176302687b86 (term=1) as leader, state: 850327c1-f3ee-4a2d-9c3d-5bffdb64e521@group-E8C64DAF1BB3:t2, leader=null, voted=850327c1-f3ee-4a2d-9c3d-5bffdb64e521, raftlog=850327c1-f3ee-4a2d-9c3d-5bffdb64e521@group-E8C64DAF1BB3-SegmentedRaftLog:OPENED:c-1,f-1,i0, conf=-1: [a62f0d4c-b40d-4885-8959-00b4626cec0c:172.17.0.2:36867, e48c4946-041b-4a5b-90ab-176302687b86:172.17.0.2:38349, 850327c1-f3ee-4a2d-9c3d-5bffdb64e521:172.17.0.2:42877], old=null reply: e48c4946-041b-4a5b-90ab-176302687b86<-850327c1-f3ee-4a2d-9c3d-5bffdb64e521#1:FAIL,NOT_LEADER,nextIndex:1,term:2,followerCommit:-1
2020-07-07 04:54:55,388 [grpc-default-executor-4] DEBUG impl.RaftServerImpl (RaftServerImpl.java:requestVote(853)) - a62f0d4c-b40d-4885-8959-00b4626cec0c@group-E8C64DAF1BB3 replies to vote request: 850327c1-f3ee-4a2d-9c3d-5bffdb64e521<-a62f0d4c-b40d-4885-8959-00b4626cec0c#0:OK-t2. Peer's state: a62f0d4c-b40d-4885-8959-00b4626cec0c@group-E8C64DAF1BB3:t2, leader=null, voted=850327c1-f3ee-4a2d-9c3d-5bffdb64e521, raftlog=a62f0d4c-b40d-4885-8959-00b4626cec0c@group-E8C64DAF1BB3-SegmentedRaftLog:OPENED:c-1,f-1,i0, conf=-1: [a62f0d4c-b40d-4885-8959-00b4626cec0c:172.17.0.2:36867, e48c4946-041b-4a5b-90ab-176302687b86:172.17.0.2:38349, 850327c1-f3ee-4a2d-9c3d-5bffdb64e521:172.17.0.2:42877], old=null
2020-07-07 04:54:55,390 [Thread-1710] INFO  impl.RaftServerImpl (ServerState.java:setLeader(255)) - e48c4946-041b-4a5b-90ab-176302687b86@group-E8C64DAF1BB3: change Leader from e48c4946-041b-4a5b-90ab-176302687b86 to null at term 2 for updateCurrentTerm
2020-07-07 04:54:55,390 [Thread-1710] INFO  impl.RaftServerImpl (RaftServerImpl.java:setRole(175)) - e48c4946-041b-4a5b-90ab-176302687b86@group-E8C64DAF1BB3: changes role from    LEADER to FOLLOWER at term 2 for stepDown
2020-07-07 04:54:55,390 [Thread-1710] INFO  impl.RoleInfo (RoleInfo.java:shutdownLeaderState(104)) - e48c4946-041b-4a5b-90ab-176302687b86: shutdown LeaderState
2020-07-07 04:54:55,390 [Thread-1710] INFO  metrics.RatisMetrics (RatisMetrics.java:unregister(43)) - Unregistering Metrics Registry : ratis_grpc.log_appender.e48c4946-041b-4a5b-90ab-176302687b86@group-E8C64DAF1BB3
2020-07-07 04:54:55,390 [Listener at 127.0.0.1/42245] INFO  rpc.RpcClient (RpcClient.java:createVolume(313)) - Creating Volume: watchforcommithandlingtest, with jenkins1001 as owner.
2020-07-07 04:54:55,392 [grpc-default-executor-0] DEBUG server.GrpcLogAppender (GrpcLogAppender.java:onNext(257)) - e48c4946-041b-4a5b-90ab-176302687b86@group-E8C64DAF1BB3->850327c1-f3ee-4a2d-9c3d-5bffdb64e521-AppendLogResponseHandler: received a reply e48c4946-041b-4a5b-90ab-176302687b86<-850327c1-f3ee-4a2d-9c3d-5bffdb64e521#1:FAIL,NOT_LEADER,nextIndex:1,term:2,followerCommit:-1, request=AppendEntriesRequest:cid=1,entriesCount=1,lastEntry=(t:1, i:0)
2020-07-07 04:54:55,392 [grpc-default-executor-1] DEBUG impl.RaftServerImpl (RaftServerImpl.java:appendEntriesAsync(990)) - a62f0d4c-b40d-4885-8959-00b4626cec0c@group-E8C64DAF1BB3: Not recognize e48c4946-041b-4a5b-90ab-176302687b86 (term=1) as leader, state: a62f0d4c-b40d-4885-8959-00b4626cec0c@group-E8C64DAF1BB3:t2, leader=null, voted=850327c1-f3ee-4a2d-9c3d-5bffdb64e521, raftlog=a62f0d4c-b40d-4885-8959-00b4626cec0c@group-E8C64DAF1BB3-SegmentedRaftLog:OPENED:c-1,f-1,i0, conf=-1: [a62f0d4c-b40d-4885-8959-00b4626cec0c:172.17.0.2:36867, e48c4946-041b-4a5b-90ab-176302687b86:172.17.0.2:38349, 850327c1-f3ee-4a2d-9c3d-5bffdb64e521:172.17.0.2:42877], old=null reply: e48c4946-041b-4a5b-90ab-176302687b86<-a62f0d4c-b40d-4885-8959-00b4626cec0c#0:FAIL,NOT_LEADER,nextIndex:1,term:2,followerCommit:-1
2020-07-07 04:54:55,394 [IPC Server handler 1 on default port 42245] INFO  volume.OMVolumeCreateRequest (OMVolumeCreateRequest.java:validateAndUpdateCache(208)) - created volume:watchforcommithandlingtest for user:jenkins1001
2020-07-07 04:54:55,394 [e48c4946-041b-4a5b-90ab-176302687b86@group-4438A7B4A6C2-SegmentedRaftLogWorker] INFO  segmented.SegmentedRaftLogWorker (SegmentedRaftLogWorker.java:execute(596)) - e48c4946-041b-4a5b-90ab-176302687b86@group-4438A7B4A6C2-SegmentedRaftLogWorker: created new log segment /github/workspace/mnt/ozone/hadoop-ozone/integration-test/target/test-dir/MiniOzoneClusterImpl-ddfb2fb6-1dd1-47df-b9d1-90c4649f621f/datanode-6/data/ratis/72c01868-d602-4700-bcbe-4438a7b4a6c2/current/log_inprogress_0
2020-07-07 04:54:55,392 [e48c4946-041b-4a5b-90ab-176302687b86@group-4438A7B4A6C2-LeaderElection62] INFO  impl.RaftServerImpl (ServerState.java:setRaftConf(356)) - e48c4946-041b-4a5b-90ab-176302687b86@group-4438A7B4A6C2: set configuration 0: [e48c4946-041b-4a5b-90ab-176302687b86:172.17.0.2:38349], old=null at 0
2020-07-07 04:54:55,397 [Thread-1710] INFO  metrics.RatisMetrics (RatisMetrics.java:unregister(43)) - Unregistering Metrics Registry : ratis_grpc.log_appender.e48c4946-041b-4a5b-90ab-176302687b86@group-E8C64DAF1BB3
2020-07-07 04:54:55,397 [org.apache.ratis.server.impl.LogAppender$AppenderDaemon$$Lambda$443/424591466@368b5d62] WARN  server.GrpcLogAppender (GrpcLogAppender.java:mayWait(153)) - e48c4946-041b-4a5b-90ab-176302687b86@group-E8C64DAF1BB3->a62f0d4c-b40d-4885-8959-00b4626cec0c-GrpcLogAppender: Wait interrupted by java.lang.InterruptedException
2020-07-07 04:54:55,398 [grpc-default-executor-1] DEBUG server.GrpcLogAppender (GrpcLogAppender.java:onNext(257)) - e48c4946-041b-4a5b-90ab-176302687b86@group-E8C64DAF1BB3->a62f0d4c-b40d-4885-8959-00b4626cec0c-AppendLogResponseHandler: received the first reply e48c4946-041b-4a5b-90ab-176302687b86<-a62f0d4c-b40d-4885-8959-00b4626cec0c#0:FAIL,NOT_LEADER,nextIndex:1,term:2,followerCommit:-1, request=AppendEntriesRequest:cid=0,entriesCount=0,lastEntry=null
2020-07-07 04:54:55,398 [grpc-default-executor-4] DEBUG impl.RaftServerImpl (RaftServerImpl.java:logAppendEntries(928)) - a62f0d4c-b40d-4885-8959-00b4626cec0c@group-E8C64DAF1BB3: receive appendEntries(e48c4946-041b-4a5b-90ab-176302687b86, 1, null, -1, false, commits[e48c4946-041b-4a5b-90ab-176302687b86:c-1, a62f0d4c-b40d-4885-8959-00b4626cec0c:c-1, 850327c1-f3ee-4a2d-9c3d-5bffdb64e521:c-1], entries: (t:1, i:0), CONFIGURATIONENTRY
2020-07-07 04:54:55,399 [grpc-default-executor-4] DEBUG impl.RaftServerImpl (RaftServerImpl.java:appendEntriesAsync(990)) - a62f0d4c-b40d-4885-8959-00b4626cec0c@group-E8C64DAF1BB3: Not recognize e48c4946-041b-4a5b-90ab-176302687b86 (term=1) as leader, state: a62f0d4c-b40d-4885-8959-00b4626cec0c@group-E8C64DAF1BB3:t2, leader=null, voted=850327c1-f3ee-4a2d-9c3d-5bffdb64e521, raftlog=a62f0d4c-b40d-4885-8959-00b4626cec0c@group-E8C64DAF1BB3-SegmentedRaftLog:OPENED:c-1,f-1,i0, conf=-1: [a62f0d4c-b40d-4885-8959-00b4626cec0c:172.17.0.2:36867, e48c4946-041b-4a5b-90ab-176302687b86:172.17.0.2:38349, 850327c1-f3ee-4a2d-9c3d-5bffdb64e521:172.17.0.2:42877], old=null reply: e48c4946-041b-4a5b-90ab-176302687b86<-a62f0d4c-b40d-4885-8959-00b4626cec0c#1:FAIL,NOT_LEADER,nextIndex:1,term:2,followerCommit:-1
2020-07-07 04:54:55,400 [grpc-default-executor-4] INFO  server.GrpcServerProtocolService (GrpcServerProtocolService.java:onCompleted(138)) - a62f0d4c-b40d-4885-8959-00b4626cec0c: Completed APPEND_ENTRIES, lastRequest: e48c4946-041b-4a5b-90ab-176302687b86->a62f0d4c-b40d-4885-8959-00b4626cec0c#1-t1, previous=(t:0, i:0), leaderCommit=-1, initializing? false, entries: size=1, first=(t:1, i:0), CONFIGURATIONENTRY
2020-07-07 04:54:55,402 [Thread-1710] INFO  impl.PendingRequests (PendingRequests.java:sendNotLeaderResponses(249)) - e48c4946-041b-4a5b-90ab-176302687b86@group-E8C64DAF1BB3-PendingRequests: sendNotLeaderResponses
2020-07-07 04:54:55,402 [Thread-1710] INFO  metrics.RatisMetrics (RatisMetrics.java:unregister(43)) - Unregistering Metrics Registry : ratis.log_appender.e48c4946-041b-4a5b-90ab-176302687b86@group-E8C64DAF1BB3
2020-07-07 04:54:55,402 [Thread-1710] INFO  metrics.RatisMetrics (RatisMetrics.java:unregister(43)) - Unregistering Metrics Registry : ratis.server.e48c4946-041b-4a5b-90ab-176302687b86@group-E8C64DAF1BB3
2020-07-07 04:54:55,402 [Thread-1710] INFO  impl.RoleInfo (RoleInfo.java:updateAndGet(143)) - e48c4946-041b-4a5b-90ab-176302687b86: start FollowerState
2020-07-07 04:54:55,402 [org.apache.ratis.server.impl.LogAppender$AppenderDaemon$$Lambda$443/424591466@4c86dbc2] WARN  server.GrpcLogAppender (GrpcLogAppender.java:mayWait(153)) - e48c4946-041b-4a5b-90ab-176302687b86@group-E8C64DAF1BB3->850327c1-f3ee-4a2d-9c3d-5bffdb64e521-GrpcLogAppender: Wait interrupted by java.lang.InterruptedException
2020-07-07 04:54:55,403 [grpc-default-executor-4] DEBUG impl.RaftServerImpl (RaftServerImpl.java:requestVote(821)) - e48c4946-041b-4a5b-90ab-176302687b86@group-E8C64DAF1BB3: receive requestVote(850327c1-f3ee-4a2d-9c3d-5bffdb64e521, group-E8C64DAF1BB3, 2, (t:0, i:0))
2020-07-07 04:54:55,403 [a62f0d4c-b40d-4885-8959-00b4626cec0c@group-1E2D28F166DE-LeaderElection63] INFO  impl.LeaderElection (LeaderElection.java:askForVotes(206)) - a62f0d4c-b40d-4885-8959-00b4626cec0c@group-1E2D28F166DE-LeaderElection63: begin an election at term 1 for -1: [a62f0d4c-b40d-4885-8959-00b4626cec0c:172.17.0.2:36867], old=null
2020-07-07 04:54:55,403 [a62f0d4c-b40d-4885-8959-00b4626cec0c@group-1E2D28F166DE-LeaderElection63] INFO  impl.RoleInfo (RoleInfo.java:shutdownLeaderElection(134)) - a62f0d4c-b40d-4885-8959-00b4626cec0c: shutdown LeaderElection
2020-07-07 04:54:55,403 [a62f0d4c-b40d-4885-8959-00b4626cec0c@group-1E2D28F166DE-LeaderElection63] INFO  impl.RaftServerImpl (RaftServerImpl.java:setRole(175)) - a62f0d4c-b40d-4885-8959-00b4626cec0c@group-1E2D28F166DE: changes role from CANDIDATE to LEADER at term 1 for changeToLeader
2020-07-07 04:54:55,403 [a62f0d4c-b40d-4885-8959-00b4626cec0c@group-1E2D28F166DE-LeaderElection63] INFO  ratis.XceiverServerRatis (XceiverServerRatis.java:handleLeaderChangedNotification(762)) - Leader change notification received for group: group-1E2D28F166DE with new leaderId: a62f0d4c-b40d-4885-8959-00b4626cec0c
2020-07-07 04:54:55,404 [a62f0d4c-b40d-4885-8959-00b4626cec0c@group-1E2D28F166DE-LeaderElection63] INFO  impl.RaftServerImpl (ServerState.java:setLeader(255)) - a62f0d4c-b40d-4885-8959-00b4626cec0c@group-1E2D28F166DE: change Leader from null to a62f0d4c-b40d-4885-8959-00b4626cec0c at term 1 for becomeLeader, leader elected after 5091ms
2020-07-07 04:54:55,404 [a62f0d4c-b40d-4885-8959-00b4626cec0c@group-1E2D28F166DE-LeaderElection63] INFO  server.RaftServerConfigKeys (ConfUtils.java:logGet(44)) - raft.server.staging.catchup.gap = 1000 (default)
2020-07-07 04:54:55,404 [a62f0d4c-b40d-4885-8959-00b4626cec0c@group-1E2D28F166DE-LeaderElection63] INFO  server.RaftServerConfigKeys (ConfUtils.java:logGet(44)) - raft.server.rpc.sleep.time = 25ms (default)
2020-07-07 04:54:55,404 [a62f0d4c-b40d-4885-8959-00b4626cec0c@group-1E2D28F166DE-LeaderElection63] INFO  metrics.RatisMetrics (RatisMetrics.java:lambda$create$0(36)) - Creating Metrics Registry : ratis.log_appender.a62f0d4c-b40d-4885-8959-00b4626cec0c@group-1E2D28F166DE
2020-07-07 04:54:55,407 [grpc-default-executor-4] INFO  impl.RaftServerImpl (RaftServerImpl.java:setRole(175)) - e48c4946-041b-4a5b-90ab-176302687b86@group-E8C64DAF1BB3: changes role from  FOLLOWER to FOLLOWER at term 2 for recognizeCandidate:850327c1-f3ee-4a2d-9c3d-5bffdb64e521
2020-07-07 04:54:55,407 [grpc-default-executor-4] INFO  impl.RoleInfo (RoleInfo.java:shutdownFollowerState(121)) - e48c4946-041b-4a5b-90ab-176302687b86: shutdown FollowerState
2020-07-07 04:54:55,407 [grpc-default-executor-4] INFO  impl.RoleInfo (RoleInfo.java:updateAndGet(143)) - e48c4946-041b-4a5b-90ab-176302687b86: start FollowerState
2020-07-07 04:54:55,407 [Thread-1667] INFO  impl.FollowerState (FollowerState.java:run(108)) - 850327c1-f3ee-4a2d-9c3d-5bffdb64e521@group-5A309F12F548-FollowerState: change to CANDIDATE, lastRpcTime:5050ms, electionTimeout:5047ms
2020-07-07 04:54:55,408 [Thread-1667] INFO  impl.RoleInfo (RoleInfo.java:shutdownFollowerState(121)) - 850327c1-f3ee-4a2d-9c3d-5bffdb64e521: shutdown FollowerState
2020-07-07 04:54:55,408 [Thread-1667] INFO  impl.RaftServerImpl (RaftServerImpl.java:setRole(175)) - 850327c1-f3ee-4a2d-9c3d-5bffdb64e521@group-5A309F12F548: changes role from  FOLLOWER to CANDIDATE at term 0 for changeToCandidate
2020-07-07 04:54:55,408 [grpc-default-executor-4] DEBUG impl.RaftServerImpl (RaftServerImpl.java:requestVote(853)) - e48c4946-041b-4a5b-90ab-176302687b86@group-E8C64DAF1BB3 replies to vote request: 850327c1-f3ee-4a2d-9c3d-5bffdb64e521<-e48c4946-041b-4a5b-90ab-176302687b86#0:FAIL-t2. Peer's state: e48c4946-041b-4a5b-90ab-176302687b86@group-E8C64DAF1BB3:t2, leader=null, voted=null, raftlog=e48c4946-041b-4a5b-90ab-176302687b86@group-E8C64DAF1BB3-SegmentedRaftLog:OPENED:c0,f0,i0, conf=0: [a62f0d4c-b40d-4885-8959-00b4626cec0c:172.17.0.2:36867, e48c4946-041b-4a5b-90ab-176302687b86:172.17.0.2:38349, 850327c1-f3ee-4a2d-9c3d-5bffdb64e521:172.17.0.2:42877], old=null
2020-07-07 04:54:55,408 [grpc-default-executor-6] INFO  server.GrpcServerProtocolService (GrpcServerProtocolService.java:onCompleted(138)) - 850327c1-f3ee-4a2d-9c3d-5bffdb64e521: Completed APPEND_ENTRIES, lastRequest: e48c4946-041b-4a5b-90ab-176302687b86->850327c1-f3ee-4a2d-9c3d-5bffdb64e521#1-t1, previous=(t:0, i:0), leaderCommit=0, initializing? false, entries: size=1, first=(t:1, i:0), CONFIGURATIONENTRY
2020-07-07 04:54:55,408 [a62f0d4c-b40d-4885-8959-00b4626cec0c@group-1E2D28F166DE-LeaderElection63] INFO  server.RaftServerConfigKeys (ConfUtils.java:logGet(44)) - raft.server.write.element-limit = 1024 (custom)
2020-07-07 04:54:55,409 [a62f0d4c-b40d-4885-8959-00b4626cec0c@group-1E2D28F166DE-LeaderElection63] INFO  server.RaftServerConfigKeys (ConfUtils.java:logGet(44)) - raft.server.write.byte-limit = 1073741824 (custom)
2020-07-07 04:54:55,414 [Thread-1667] INFO  impl.RoleInfo (RoleInfo.java:updateAndGet(143)) - 850327c1-f3ee-4a2d-9c3d-5bffdb64e521: start LeaderElection
2020-07-07 04:54:55,415 [grpc-default-executor-1] INFO  server.GrpcLogAppender (GrpcLogAppender.java:onCompleted(319)) - e48c4946-041b-4a5b-90ab-176302687b86@group-E8C64DAF1BB3->850327c1-f3ee-4a2d-9c3d-5bffdb64e521-AppendLogResponseHandler: follower responses appendEntries COMPLETED
2020-07-07 04:54:55,415 [grpc-default-executor-0] DEBUG server.GrpcLogAppender (GrpcLogAppender.java:onNext(257)) - e48c4946-041b-4a5b-90ab-176302687b86@group-E8C64DAF1BB3->a62f0d4c-b40d-4885-8959-00b4626cec0c-AppendLogResponseHandler: received a reply e48c4946-041b-4a5b-90ab-176302687b86<-a62f0d4c-b40d-4885-8959-00b4626cec0c#1:FAIL,NOT_LEADER,nextIndex:1,term:2,followerCommit:-1, request=AppendEntriesRequest:cid=1,entriesCount=1,lastEntry=(t:1, i:0)
2020-07-07 04:54:55,415 [grpc-default-executor-0] INFO  server.GrpcLogAppender (GrpcLogAppender.java:onCompleted(319)) - e48c4946-041b-4a5b-90ab-176302687b86@group-E8C64DAF1BB3->a62f0d4c-b40d-4885-8959-00b4626cec0c-AppendLogResponseHandler: follower responses appendEntries COMPLETED
2020-07-07 04:54:55,415 [a62f0d4c-b40d-4885-8959-00b4626cec0c@group-1E2D28F166DE-LeaderElection63] INFO  server.RaftServerConfigKeys (ConfUtils.java:logGet(44)) - raft.server.watch.timeout = 3000ms (custom)
2020-07-07 04:54:55,415 [a62f0d4c-b40d-4885-8959-00b4626cec0c@group-1E2D28F166DE-LeaderElection63] INFO  server.RaftServerConfigKeys (ConfUtils.java:logGet(44)) - raft.server.watch.timeout.denomination = 1s (default)
2020-07-07 04:54:55,416 [a62f0d4c-b40d-4885-8959-00b4626cec0c@group-1E2D28F166DE-LeaderElection63] INFO  server.RaftServerConfigKeys (ConfUtils.java:logGet(44)) - raft.server.watch.element-limit = 65536 (default)
2020-07-07 04:54:55,416 [a62f0d4c-b40d-4885-8959-00b4626cec0c@group-1E2D28F166DE-LeaderElection63] INFO  impl.RoleInfo (RoleInfo.java:updateAndGet(143)) - a62f0d4c-b40d-4885-8959-00b4626cec0c: start LeaderState
2020-07-07 04:54:55,416 [a62f0d4c-b40d-4885-8959-00b4626cec0c@group-1E2D28F166DE-LeaderElection63] INFO  segmented.SegmentedRaftLogWorker (SegmentedRaftLogWorker.java:startLogSegment(397)) - a62f0d4c-b40d-4885-8959-00b4626cec0c@group-1E2D28F166DE-SegmentedRaftLogWorker: Starting segment from index:0
2020-07-07 04:54:55,416 [a62f0d4c-b40d-4885-8959-00b4626cec0c@group-1E2D28F166DE-LeaderElection63] INFO  impl.RaftServerImpl (ServerState.java:setRaftConf(356)) - a62f0d4c-b40d-4885-8959-00b4626cec0c@group-1E2D28F166DE: set configuration 0: [a62f0d4c-b40d-4885-8959-00b4626cec0c:172.17.0.2:36867], old=null at 0
2020-07-07 04:54:55,425 [a62f0d4c-b40d-4885-8959-00b4626cec0c@group-1E2D28F166DE-SegmentedRaftLogWorker] INFO  segmented.SegmentedRaftLogWorker (SegmentedRaftLogWorker.java:execute(596)) - a62f0d4c-b40d-4885-8959-00b4626cec0c@group-1E2D28F166DE-SegmentedRaftLogWorker: created new log segment /github/workspace/mnt/ozone/hadoop-ozone/integration-test/target/test-dir/MiniOzoneClusterImpl-ddfb2fb6-1dd1-47df-b9d1-90c4649f621f/datanode-7/data/ratis/9561fadf-3ffa-4171-b6cd-1e2d28f166de/current/log_inprogress_0
2020-07-07 04:54:55,425 [grpc-default-executor-1] INFO  impl.FollowerInfo (FollowerInfo.java:lambda$new$0(51)) - e48c4946-041b-4a5b-90ab-176302687b86@group-E8C64DAF1BB3->850327c1-f3ee-4a2d-9c3d-5bffdb64e521: nextIndex: updateUnconditionally 1 -> 0
2020-07-07 04:54:55,425 [Listener at 127.0.0.1/42245] INFO  rpc.RpcClient (RpcClient.java:createBucket(456)) - Creating Bucket: watchforcommithandlingtest/watchforcommithandlingtest, with Versioning false and Storage Type set to DISK and Encryption set to false 
2020-07-07 04:54:55,427 [grpc-default-executor-0] INFO  impl.FollowerInfo (FollowerInfo.java:lambda$new$0(51)) - e48c4946-041b-4a5b-90ab-176302687b86@group-E8C64DAF1BB3->a62f0d4c-b40d-4885-8959-00b4626cec0c: nextIndex: updateUnconditionally 1 -> 0
2020-07-07 04:54:55,429 [Listener at 127.0.0.1/42245] INFO  ozone.MiniOzoneClusterImpl (MiniOzoneClusterImpl.java:getStorageContainerLocationClient(289)) - Creating StorageContainerLocationProtocol RPC client with address /0.0.0.0:40189
2020-07-07 04:54:55,439 [850327c1-f3ee-4a2d-9c3d-5bffdb64e521@group-5A309F12F548-LeaderElection64] INFO  impl.LeaderElection (LeaderElection.java:askForVotes(206)) - 850327c1-f3ee-4a2d-9c3d-5bffdb64e521@group-5A309F12F548-LeaderElection64: begin an election at term 1 for -1: [850327c1-f3ee-4a2d-9c3d-5bffdb64e521:172.17.0.2:42877], old=null
2020-07-07 04:54:55,439 [850327c1-f3ee-4a2d-9c3d-5bffdb64e521@group-5A309F12F548-LeaderElection64] INFO  impl.RoleInfo (RoleInfo.java:shutdownLeaderElection(134)) - 850327c1-f3ee-4a2d-9c3d-5bffdb64e521: shutdown LeaderElection
2020-07-07 04:54:55,439 [850327c1-f3ee-4a2d-9c3d-5bffdb64e521@group-5A309F12F548-LeaderElection64] INFO  impl.RaftServerImpl (RaftServerImpl.java:setRole(175)) - 850327c1-f3ee-4a2d-9c3d-5bffdb64e521@group-5A309F12F548: changes role from CANDIDATE to LEADER at term 1 for changeToLeader
2020-07-07 04:54:55,439 [850327c1-f3ee-4a2d-9c3d-5bffdb64e521@group-5A309F12F548-LeaderElection64] INFO  ratis.XceiverServerRatis (XceiverServerRatis.java:handleLeaderChangedNotification(762)) - Leader change notification received for group: group-5A309F12F548 with new leaderId: 850327c1-f3ee-4a2d-9c3d-5bffdb64e521
2020-07-07 04:54:55,439 [850327c1-f3ee-4a2d-9c3d-5bffdb64e521@group-5A309F12F548-LeaderElection64] INFO  impl.RaftServerImpl (ServerState.java:setLeader(255)) - 850327c1-f3ee-4a2d-9c3d-5bffdb64e521@group-5A309F12F548: change Leader from null to 850327c1-f3ee-4a2d-9c3d-5bffdb64e521 at term 1 for becomeLeader, leader elected after 5090ms
2020-07-07 04:54:55,439 [850327c1-f3ee-4a2d-9c3d-5bffdb64e521@group-5A309F12F548-LeaderElection64] INFO  server.RaftServerConfigKeys (ConfUtils.java:logGet(44)) - raft.server.staging.catchup.gap = 1000 (default)
2020-07-07 04:54:55,439 [850327c1-f3ee-4a2d-9c3d-5bffdb64e521@group-5A309F12F548-LeaderElection64] INFO  server.RaftServerConfigKeys (ConfUtils.java:logGet(44)) - raft.server.rpc.sleep.time = 25ms (default)
2020-07-07 04:54:55,439 [850327c1-f3ee-4a2d-9c3d-5bffdb64e521@group-5A309F12F548-LeaderElection64] INFO  metrics.RatisMetrics (RatisMetrics.java:lambda$create$0(36)) - Creating Metrics Registry : ratis.log_appender.850327c1-f3ee-4a2d-9c3d-5bffdb64e521@group-5A309F12F548
2020-07-07 04:54:55,440 [850327c1-f3ee-4a2d-9c3d-5bffdb64e521@group-5A309F12F548-LeaderElection64] INFO  server.RaftServerConfigKeys (ConfUtils.java:logGet(44)) - raft.server.write.element-limit = 1024 (custom)
2020-07-07 04:54:55,440 [850327c1-f3ee-4a2d-9c3d-5bffdb64e521@group-5A309F12F548-LeaderElection64] INFO  server.RaftServerConfigKeys (ConfUtils.java:logGet(44)) - raft.server.write.byte-limit = 1073741824 (custom)
2020-07-07 04:54:55,440 [850327c1-f3ee-4a2d-9c3d-5bffdb64e521@group-5A309F12F548-LeaderElection64] INFO  server.RaftServerConfigKeys (ConfUtils.java:logGet(44)) - raft.server.watch.timeout = 3000ms (custom)
2020-07-07 04:54:55,440 [850327c1-f3ee-4a2d-9c3d-5bffdb64e521@group-5A309F12F548-LeaderElection64] INFO  server.RaftServerConfigKeys (ConfUtils.java:logGet(44)) - raft.server.watch.timeout.denomination = 1s (default)
2020-07-07 04:54:55,440 [850327c1-f3ee-4a2d-9c3d-5bffdb64e521@group-5A309F12F548-LeaderElection64] INFO  server.RaftServerConfigKeys (ConfUtils.java:logGet(44)) - raft.server.watch.element-limit = 65536 (default)
2020-07-07 04:54:55,440 [850327c1-f3ee-4a2d-9c3d-5bffdb64e521@group-5A309F12F548-LeaderElection64] INFO  impl.RoleInfo (RoleInfo.java:updateAndGet(143)) - 850327c1-f3ee-4a2d-9c3d-5bffdb64e521: start LeaderState
2020-07-07 04:54:55,441 [850327c1-f3ee-4a2d-9c3d-5bffdb64e521@group-5A309F12F548-LeaderElection64] INFO  segmented.SegmentedRaftLogWorker (SegmentedRaftLogWorker.java:startLogSegment(397)) - 850327c1-f3ee-4a2d-9c3d-5bffdb64e521@group-5A309F12F548-SegmentedRaftLogWorker: Starting segment from index:0
2020-07-07 04:54:55,443 [850327c1-f3ee-4a2d-9c3d-5bffdb64e521@group-5A309F12F548-SegmentedRaftLogWorker] INFO  segmented.SegmentedRaftLogWorker (SegmentedRaftLogWorker.java:execute(596)) - 850327c1-f3ee-4a2d-9c3d-5bffdb64e521@group-5A309F12F548-SegmentedRaftLogWorker: created new log segment /github/workspace/mnt/ozone/hadoop-ozone/integration-test/target/test-dir/MiniOzoneClusterImpl-ddfb2fb6-1dd1-47df-b9d1-90c4649f621f/datanode-8/data/ratis/168a164c-daca-49e2-ba4c-5a309f12f548/current/log_inprogress_0
2020-07-07 04:54:55,446 [850327c1-f3ee-4a2d-9c3d-5bffdb64e521@group-5A309F12F548-LeaderElection64] INFO  impl.RaftServerImpl (ServerState.java:setRaftConf(356)) - 850327c1-f3ee-4a2d-9c3d-5bffdb64e521@group-5A309F12F548: set configuration 0: [850327c1-f3ee-4a2d-9c3d-5bffdb64e521:172.17.0.2:42877], old=null at 0
2020-07-07 04:54:55,448 [grpc-default-executor-0] DEBUG impl.RaftServerImpl (RaftServerImpl.java:submitClientRequestAsync(575)) - faaf968f-0fca-4e96-b7e0-547f8fed29e0@group-5B138B8C53D9: receive client request(RaftClientRequest:client-82C810BD0BF0->faaf968f-0fca-4e96-b7e0-547f8fed29e0@group-5B138B8C53D9, cid=78, seq=1*, Watch(0), Message:<EMPTY>)
2020-07-07 04:54:55,449 [grpc-default-executor-0] DEBUG impl.RaftServerImpl (LeaderState.java:addWatchReqeust(353)) - faaf968f-0fca-4e96-b7e0-547f8fed29e0@group-5B138B8C53D9-LeaderState: addWatchRequest RaftClientRequest:client-82C810BD0BF0->faaf968f-0fca-4e96-b7e0-547f8fed29e0@group-5B138B8C53D9, cid=78, seq=1*, Watch(0), Message:<EMPTY>
2020-07-07 04:54:55,453 [grpc-default-executor-0] DEBUG impl.RaftServerImpl (RaftServerImpl.java:submitClientRequestAsync(575)) - faaf968f-0fca-4e96-b7e0-547f8fed29e0@group-5B138B8C53D9: receive client request(RaftClientRequest:client-82C810BD0BF0->faaf968f-0fca-4e96-b7e0-547f8fed29e0@group-5B138B8C53D9, cid=79, seq=2, RW, Message:0000002e080112001801...(size=50))
2020-07-07 04:54:55,454 [grpc-default-executor-0] DEBUG impl.RaftServerImpl (LeaderState.java:addPendingRequest(335)) - faaf968f-0fca-4e96-b7e0-547f8fed29e0@group-5B138B8C53D9-LeaderState: addPendingRequest at RaftClientRequest:client-82C810BD0BF0->faaf968f-0fca-4e96-b7e0-547f8fed29e0@group-5B138B8C53D9, cid=79, seq=2, RW, Message:0000002e080112001801...(size=50), entry=(t:1, i:1), STATEMACHINELOGENTRY, client-82C810BD0BF0, cid=79
2020-07-07 04:54:55,455 [grpc-default-executor-1] DEBUG impl.RaftServerImpl (RaftServerImpl.java:logAppendEntries(928)) - 3f0f6471-07a7-4b9b-821c-68adebd7d2e3@group-5B138B8C53D9: receive appendEntries(faaf968f-0fca-4e96-b7e0-547f8fed29e0, 1, (t:1, i:0), 0, false, commits[faaf968f-0fca-4e96-b7e0-547f8fed29e0:c0, b4cbc94e-a0c4-4ad4-8347-afa6d31e032e:c0, 3f0f6471-07a7-4b9b-821c-68adebd7d2e3:c-1], entries: (t:1, i:1), STATEMACHINELOGENTRY, client-82C810BD0BF0, cid=79
2020-07-07 04:54:55,455 [grpc-default-executor-0] DEBUG impl.RaftServerImpl (RaftServerImpl.java:logAppendEntries(928)) - b4cbc94e-a0c4-4ad4-8347-afa6d31e032e@group-5B138B8C53D9: receive appendEntries(faaf968f-0fca-4e96-b7e0-547f8fed29e0, 1, (t:1, i:0), 0, false, commits[faaf968f-0fca-4e96-b7e0-547f8fed29e0:c0, b4cbc94e-a0c4-4ad4-8347-afa6d31e032e:c0, 3f0f6471-07a7-4b9b-821c-68adebd7d2e3:c-1], entries: (t:1, i:1), STATEMACHINELOGENTRY, client-82C810BD0BF0, cid=79
2020-07-07 04:54:55,456 [Thread-1729] DEBUG impl.RaftServerImpl (RaftServerImpl.java:logAppendEntries(928)) - 3f0f6471-07a7-4b9b-821c-68adebd7d2e3@group-5B138B8C53D9: succeeded to handle AppendEntries. Reply: faaf968f-0fca-4e96-b7e0-547f8fed29e0<-3f0f6471-07a7-4b9b-821c-68adebd7d2e3#2:OK,SUCCESS,nextIndex:2,term:1,followerCommit:0
2020-07-07 04:54:55,456 [grpc-default-executor-0] DEBUG server.GrpcLogAppender (GrpcLogAppender.java:onNext(257)) - faaf968f-0fca-4e96-b7e0-547f8fed29e0@group-5B138B8C53D9->3f0f6471-07a7-4b9b-821c-68adebd7d2e3-AppendLogResponseHandler: received a reply faaf968f-0fca-4e96-b7e0-547f8fed29e0<-3f0f6471-07a7-4b9b-821c-68adebd7d2e3#2:OK,SUCCESS,nextIndex:2,term:1,followerCommit:0, request=AppendEntriesRequest:cid=2,entriesCount=1,lastEntry=(t:1, i:1)
2020-07-07 04:54:55,457 [grpc-default-executor-0] DEBUG impl.RaftServerImpl (RaftServerImpl.java:logAppendEntries(928)) - 3f0f6471-07a7-4b9b-821c-68adebd7d2e3@group-5B138B8C53D9: receive appendEntries(faaf968f-0fca-4e96-b7e0-547f8fed29e0, 1, (t:1, i:1), 1, false, commits[faaf968f-0fca-4e96-b7e0-547f8fed29e0:c1, b4cbc94e-a0c4-4ad4-8347-afa6d31e032e:c0, 3f0f6471-07a7-4b9b-821c-68adebd7d2e3:c0], entries: (t:1, i:2), METADATAENTRY(c:1)
2020-07-07 04:54:55,458 [grpc-default-executor-1] DEBUG impl.RaftServerImpl (RaftServerImpl.java:logAppendEntries(928)) - b4cbc94e-a0c4-4ad4-8347-afa6d31e032e@group-5B138B8C53D9: receive appendEntries(faaf968f-0fca-4e96-b7e0-547f8fed29e0, 1, (t:1, i:1), 1, false, commits[faaf968f-0fca-4e96-b7e0-547f8fed29e0:c1, b4cbc94e-a0c4-4ad4-8347-afa6d31e032e:c0, 3f0f6471-07a7-4b9b-821c-68adebd7d2e3:c0], entries: (t:1, i:2), METADATAENTRY(c:1)
2020-07-07 04:54:55,458 [Thread-1730] DEBUG impl.RaftServerImpl (RaftServerImpl.java:logAppendEntries(928)) - b4cbc94e-a0c4-4ad4-8347-afa6d31e032e@group-5B138B8C53D9: succeeded to handle AppendEntries. Reply: faaf968f-0fca-4e96-b7e0-547f8fed29e0<-b4cbc94e-a0c4-4ad4-8347-afa6d31e032e#2:OK,SUCCESS,nextIndex:2,term:1,followerCommit:0
2020-07-07 04:54:55,459 [grpc-default-executor-1] DEBUG server.GrpcLogAppender (GrpcLogAppender.java:onNext(257)) - faaf968f-0fca-4e96-b7e0-547f8fed29e0@group-5B138B8C53D9->b4cbc94e-a0c4-4ad4-8347-afa6d31e032e-AppendLogResponseHandler: received a reply faaf968f-0fca-4e96-b7e0-547f8fed29e0<-b4cbc94e-a0c4-4ad4-8347-afa6d31e032e#2:OK,SUCCESS,nextIndex:2,term:1,followerCommit:0, request=AppendEntriesRequest:cid=2,entriesCount=1,lastEntry=(t:1, i:1)
2020-07-07 04:54:55,461 [Thread-1733] DEBUG impl.RaftServerImpl (RaftServerImpl.java:logAppendEntries(928)) - b4cbc94e-a0c4-4ad4-8347-afa6d31e032e@group-5B138B8C53D9: succeeded to handle AppendEntries. Reply: faaf968f-0fca-4e96-b7e0-547f8fed29e0<-b4cbc94e-a0c4-4ad4-8347-afa6d31e032e#3:OK,SUCCESS,nextIndex:3,term:1,followerCommit:1
2020-07-07 04:54:55,461 [grpc-default-executor-1] DEBUG server.GrpcLogAppender (GrpcLogAppender.java:onNext(257)) - faaf968f-0fca-4e96-b7e0-547f8fed29e0@group-5B138B8C53D9->b4cbc94e-a0c4-4ad4-8347-afa6d31e032e-AppendLogResponseHandler: received a reply faaf968f-0fca-4e96-b7e0-547f8fed29e0<-b4cbc94e-a0c4-4ad4-8347-afa6d31e032e#3:OK,SUCCESS,nextIndex:3,term:1,followerCommit:1, request=AppendEntriesRequest:cid=3,entriesCount=1,lastEntry=(t:1, i:2)
2020-07-07 04:54:55,462 [Thread-1732] DEBUG impl.RaftServerImpl (RaftServerImpl.java:logAppendEntries(928)) - 3f0f6471-07a7-4b9b-821c-68adebd7d2e3@group-5B138B8C53D9: succeeded to handle AppendEntries. Reply: faaf968f-0fca-4e96-b7e0-547f8fed29e0<-3f0f6471-07a7-4b9b-821c-68adebd7d2e3#3:OK,SUCCESS,nextIndex:3,term:1,followerCommit:1
2020-07-07 04:54:55,462 [grpc-default-executor-1] DEBUG server.GrpcLogAppender (GrpcLogAppender.java:onNext(257)) - faaf968f-0fca-4e96-b7e0-547f8fed29e0@group-5B138B8C53D9->3f0f6471-07a7-4b9b-821c-68adebd7d2e3-AppendLogResponseHandler: received a reply faaf968f-0fca-4e96-b7e0-547f8fed29e0<-3f0f6471-07a7-4b9b-821c-68adebd7d2e3#3:OK,SUCCESS,nextIndex:3,term:1,followerCommit:1, request=AppendEntriesRequest:cid=3,entriesCount=1,lastEntry=(t:1, i:2)
2020-07-07 04:54:55,495 [Listener at 127.0.0.1/42245] INFO  ozone.MiniOzoneClusterImpl (MiniOzoneClusterImpl.java:shutdown(387)) - Shutting down the Mini Ozone Cluster
2020-07-07 04:54:55,495 [Listener at 127.0.0.1/42245] INFO  ozone.MiniOzoneClusterImpl (MiniOzoneClusterImpl.java:stop(402)) - Stopping the Mini Ozone Cluster
2020-07-07 04:54:55,495 [Listener at 127.0.0.1/42245] INFO  ozone.MiniOzoneClusterImpl (MiniOzoneClusterImpl.java:stopOM(484)) - Stopping the OzoneManager
2020-07-07 04:54:55,495 [Listener at 127.0.0.1/42245] INFO  ipc.Server (Server.java:stop(3359)) - Stopping server on 42245
2020-07-07 04:54:55,498 [IPC Server Responder] INFO  ipc.Server (Server.java:run(1465)) - Stopping IPC Server Responder
2020-07-07 04:54:55,498 [Listener at 127.0.0.1/42245] INFO  ratis.OzoneManagerDoubleBuffer (OzoneManagerDoubleBuffer.java:stop(458)) - Stopping OMDoubleBuffer flush thread
2020-07-07 04:54:55,498 [OMDoubleBufferFlushThread] INFO  ratis.OzoneManagerDoubleBuffer (OzoneManagerDoubleBuffer.java:flushTransactions(357)) - OMDoubleBuffer flush thread OMDoubleBufferFlushThread is interrupted and will exit. OMDoubleBufferFlushThread
2020-07-07 04:54:55,498 [IPC Server listener on 0] INFO  ipc.Server (Server.java:run(1330)) - Stopping IPC Server listener on 0
2020-07-07 04:54:55,498 [Listener at 127.0.0.1/42245] INFO  utils.BackgroundService (BackgroundService.java:shutdown(157)) - Shutting down service KeyDeletingService
2020-07-07 04:54:55,503 [Listener at 127.0.0.1/42245] INFO  handler.ContextHandler (ContextHandler.java:doStop(1016)) - Stopped o.e.j.w.WebAppContext@3b8f7c0b{ozoneManager,/,null,UNAVAILABLE}{file:/github/workspace/mnt/ozone/hadoop-ozone/integration-test/target/test-classes/webapps/ozoneManager}
2020-07-07 04:54:55,503 [Listener at 127.0.0.1/42245] INFO  server.AbstractConnector (AbstractConnector.java:doStop(380)) - Stopped ServerConnector@2dddf634{HTTP/1.1,[http/1.1]}{0.0.0.0:0}
2020-07-07 04:54:55,504 [Listener at 127.0.0.1/42245] INFO  server.session (HouseKeeper.java:stopScavenging(158)) - node0 Stopped scavenging
2020-07-07 04:54:55,504 [Listener at 127.0.0.1/42245] INFO  handler.ContextHandler (ContextHandler.java:doStop(1016)) - Stopped o.e.j.s.ServletContextHandler@47cd31ea{static,/static,file:///github/workspace/mnt/ozone/hadoop-ozone/integration-test/target/test-classes/webapps/static,UNAVAILABLE}
2020-07-07 04:54:55,504 [Listener at 127.0.0.1/42245] INFO  handler.ContextHandler (ContextHandler.java:doStop(1016)) - Stopped o.e.j.s.ServletContextHandler@471933e5{logs,/logs,file:///github/workspace/mnt/ozone/hadoop-ozone/integration-test/target/log,UNAVAILABLE}
2020-07-07 04:54:55,506 [Listener at 127.0.0.1/42245] INFO  ozone.MiniOzoneClusterImpl (MiniOzoneClusterImpl.java:stopDatanodes(461)) - Stopping the HddsDatanodes
2020-07-07 04:54:56,205 [Datanode State Machine Thread - 0] INFO  statemachine.DatanodeStateMachine (DatanodeStateMachine.java:lambda$startDaemon$0(380)) - Ozone container server started.
2020-07-07 04:54:56,492 [Datanode State Machine Thread - 0] INFO  statemachine.DatanodeStateMachine (DatanodeStateMachine.java:lambda$startDaemon$0(380)) - Ozone container server started.
2020-07-07 04:54:57,966 [grpc-default-executor-0] DEBUG server.GrpcLogAppender (GrpcLogAppender.java:onNext(257)) - faaf968f-0fca-4e96-b7e0-547f8fed29e0@group-5B138B8C53D9->b4cbc94e-a0c4-4ad4-8347-afa6d31e032e-AppendLogResponseHandler: received a reply faaf968f-0fca-4e96-b7e0-547f8fed29e0<-b4cbc94e-a0c4-4ad4-8347-afa6d31e032e#4:OK,SUCCESS,nextIndex:3,term:1,followerCommit:2, request=AppendEntriesRequest:cid=4,entriesCount=0,lastEntry=null
2020-07-07 04:54:57,968 [grpc-default-executor-0] DEBUG server.GrpcLogAppender (GrpcLogAppender.java:onNext(257)) - faaf968f-0fca-4e96-b7e0-547f8fed29e0@group-5B138B8C53D9->3f0f6471-07a7-4b9b-821c-68adebd7d2e3-AppendLogResponseHandler: received a reply faaf968f-0fca-4e96-b7e0-547f8fed29e0<-3f0f6471-07a7-4b9b-821c-68adebd7d2e3#4:OK,SUCCESS,nextIndex:3,term:1,followerCommit:2, request=AppendEntriesRequest:cid=4,entriesCount=0,lastEntry=null
2020-07-07 04:54:58,146 [EventQueue-Delayed safe mode statusForReplicationManager] INFO  container.ReplicationManager (ReplicationManager.java:start(177)) - Starting Replication Monitor Thread.
2020-07-07 04:54:58,147 [ReplicationMonitor] INFO  container.ReplicationManager (ReplicationManager.java:run(241)) - Replication Monitor Thread took 0 milliseconds for processing 1 containers.
2020-07-07 04:55:00,052 [Thread-1682] INFO  impl.FollowerState (FollowerState.java:run(108)) - 2c88a600-62c8-44d6-86d4-28f745868ae9@group-406F52C2C348-FollowerState: change to CANDIDATE, lastRpcTime:5001ms, electionTimeout:5001ms
2020-07-07 04:55:00,053 [Thread-1682] INFO  impl.RoleInfo (RoleInfo.java:shutdownFollowerState(121)) - 2c88a600-62c8-44d6-86d4-28f745868ae9: shutdown FollowerState
2020-07-07 04:55:00,053 [Thread-1682] INFO  impl.RaftServerImpl (RaftServerImpl.java:setRole(175)) - 2c88a600-62c8-44d6-86d4-28f745868ae9@group-406F52C2C348: changes role from  FOLLOWER to CANDIDATE at term 1 for changeToCandidate
2020-07-07 04:55:00,053 [Thread-1682] INFO  impl.RoleInfo (RoleInfo.java:updateAndGet(143)) - 2c88a600-62c8-44d6-86d4-28f745868ae9: start LeaderElection
2020-07-07 04:55:00,054 [2c88a600-62c8-44d6-86d4-28f745868ae9@group-406F52C2C348-LeaderElection65] INFO  impl.LeaderElection (LeaderElection.java:askForVotes(206)) - 2c88a600-62c8-44d6-86d4-28f745868ae9@group-406F52C2C348-LeaderElection65: begin an election at term 2 for -1: [2c88a600-62c8-44d6-86d4-28f745868ae9:172.17.0.2:35933, 441cb323-c758-4204-8e94-c518eb7e3dfa:172.17.0.2:42479, 49d4fddc-cd10-443b-a45d-8ada7c557abf:172.17.0.2:35683], old=null
2020-07-07 04:55:00,063 [grpc-default-executor-0] DEBUG impl.RaftServerImpl (RaftServerImpl.java:requestVote(821)) - 441cb323-c758-4204-8e94-c518eb7e3dfa@group-406F52C2C348: receive requestVote(2c88a600-62c8-44d6-86d4-28f745868ae9, group-406F52C2C348, 2, (t:0, i:0))
2020-07-07 04:55:00,063 [grpc-default-executor-0] INFO  impl.RaftServerImpl (RaftServerImpl.java:setRole(175)) - 441cb323-c758-4204-8e94-c518eb7e3dfa@group-406F52C2C348: changes role from  FOLLOWER to FOLLOWER at term 2 for recognizeCandidate:2c88a600-62c8-44d6-86d4-28f745868ae9
2020-07-07 04:55:00,063 [grpc-default-executor-0] INFO  impl.RoleInfo (RoleInfo.java:shutdownFollowerState(121)) - 441cb323-c758-4204-8e94-c518eb7e3dfa: shutdown FollowerState
2020-07-07 04:55:00,063 [grpc-default-executor-0] INFO  impl.RoleInfo (RoleInfo.java:updateAndGet(143)) - 441cb323-c758-4204-8e94-c518eb7e3dfa: start FollowerState
2020-07-07 04:55:00,063 [Thread-1681] INFO  impl.FollowerState (FollowerState.java:run(117)) - 441cb323-c758-4204-8e94-c518eb7e3dfa@group-406F52C2C348-FollowerState was interrupted: java.lang.InterruptedException: sleep interrupted
2020-07-07 04:55:00,064 [grpc-default-executor-0] DEBUG impl.RaftServerImpl (RaftServerImpl.java:requestVote(853)) - 441cb323-c758-4204-8e94-c518eb7e3dfa@group-406F52C2C348 replies to vote request: 2c88a600-62c8-44d6-86d4-28f745868ae9<-441cb323-c758-4204-8e94-c518eb7e3dfa#0:OK-t2. Peer's state: 441cb323-c758-4204-8e94-c518eb7e3dfa@group-406F52C2C348:t2, leader=null, voted=2c88a600-62c8-44d6-86d4-28f745868ae9, raftlog=441cb323-c758-4204-8e94-c518eb7e3dfa@group-406F52C2C348-SegmentedRaftLog:OPENED:c-1,f-1,i0, conf=-1: [2c88a600-62c8-44d6-86d4-28f745868ae9:172.17.0.2:35933, 441cb323-c758-4204-8e94-c518eb7e3dfa:172.17.0.2:42479, 49d4fddc-cd10-443b-a45d-8ada7c557abf:172.17.0.2:35683], old=null
2020-07-07 04:55:00,066 [grpc-default-executor-0] DEBUG impl.RaftServerImpl (RaftServerImpl.java:requestVote(821)) - 49d4fddc-cd10-443b-a45d-8ada7c557abf@group-406F52C2C348: receive requestVote(2c88a600-62c8-44d6-86d4-28f745868ae9, group-406F52C2C348, 2, (t:0, i:0))
2020-07-07 04:55:00,066 [grpc-default-executor-0] INFO  impl.RaftServerImpl (RaftServerImpl.java:setRole(175)) - 49d4fddc-cd10-443b-a45d-8ada7c557abf@group-406F52C2C348: changes role from  FOLLOWER to FOLLOWER at term 2 for recognizeCandidate:2c88a600-62c8-44d6-86d4-28f745868ae9
2020-07-07 04:55:00,066 [grpc-default-executor-0] INFO  impl.RoleInfo (RoleInfo.java:shutdownFollowerState(121)) - 49d4fddc-cd10-443b-a45d-8ada7c557abf: shutdown FollowerState
2020-07-07 04:55:00,066 [grpc-default-executor-0] INFO  impl.RoleInfo (RoleInfo.java:updateAndGet(143)) - 49d4fddc-cd10-443b-a45d-8ada7c557abf: start FollowerState
2020-07-07 04:55:00,066 [Thread-1683] INFO  impl.FollowerState (FollowerState.java:run(117)) - 49d4fddc-cd10-443b-a45d-8ada7c557abf@group-406F52C2C348-FollowerState was interrupted: java.lang.InterruptedException: sleep interrupted
2020-07-07 04:55:00,068 [2c88a600-62c8-44d6-86d4-28f745868ae9@group-406F52C2C348-LeaderElection65] INFO  impl.LeaderElection (LeaderElection.java:logAndReturn(61)) - 2c88a600-62c8-44d6-86d4-28f745868ae9@group-406F52C2C348-LeaderElection65: Election PASSED; received 1 response(s) [2c88a600-62c8-44d6-86d4-28f745868ae9<-441cb323-c758-4204-8e94-c518eb7e3dfa#0:OK-t2] and 0 exception(s); 2c88a600-62c8-44d6-86d4-28f745868ae9@group-406F52C2C348:t2, leader=null, voted=2c88a600-62c8-44d6-86d4-28f745868ae9, raftlog=2c88a600-62c8-44d6-86d4-28f745868ae9@group-406F52C2C348-SegmentedRaftLog:OPENED:c-1,f-1,i0, conf=-1: [2c88a600-62c8-44d6-86d4-28f745868ae9:172.17.0.2:35933, 441cb323-c758-4204-8e94-c518eb7e3dfa:172.17.0.2:42479, 49d4fddc-cd10-443b-a45d-8ada7c557abf:172.17.0.2:35683], old=null
2020-07-07 04:55:00,068 [2c88a600-62c8-44d6-86d4-28f745868ae9@group-406F52C2C348-LeaderElection65] INFO  impl.RoleInfo (RoleInfo.java:shutdownLeaderElection(134)) - 2c88a600-62c8-44d6-86d4-28f745868ae9: shutdown LeaderElection
2020-07-07 04:55:00,068 [2c88a600-62c8-44d6-86d4-28f745868ae9@group-406F52C2C348-LeaderElection65] INFO  impl.RaftServerImpl (RaftServerImpl.java:setRole(175)) - 2c88a600-62c8-44d6-86d4-28f745868ae9@group-406F52C2C348: changes role from CANDIDATE to LEADER at term 2 for changeToLeader
2020-07-07 04:55:00,068 [2c88a600-62c8-44d6-86d4-28f745868ae9@group-406F52C2C348-LeaderElection65] INFO  ratis.XceiverServerRatis (XceiverServerRatis.java:handleLeaderChangedNotification(762)) - Leader change notification received for group: group-406F52C2C348 with new leaderId: 2c88a600-62c8-44d6-86d4-28f745868ae9
2020-07-07 04:55:00,068 [2c88a600-62c8-44d6-86d4-28f745868ae9@group-406F52C2C348-LeaderElection65] INFO  impl.RaftServerImpl (ServerState.java:setLeader(255)) - 2c88a600-62c8-44d6-86d4-28f745868ae9@group-406F52C2C348: change Leader from null to 2c88a600-62c8-44d6-86d4-28f745868ae9 at term 2 for becomeLeader, leader elected after 10140ms
2020-07-07 04:55:00,068 [2c88a600-62c8-44d6-86d4-28f745868ae9@group-406F52C2C348-LeaderElection65] INFO  server.RaftServerConfigKeys (ConfUtils.java:logGet(44)) - raft.server.staging.catchup.gap = 1000 (default)
2020-07-07 04:55:00,068 [2c88a600-62c8-44d6-86d4-28f745868ae9@group-406F52C2C348-LeaderElection65] INFO  server.RaftServerConfigKeys (ConfUtils.java:logGet(44)) - raft.server.rpc.sleep.time = 25ms (default)
2020-07-07 04:55:00,068 [2c88a600-62c8-44d6-86d4-28f745868ae9@group-406F52C2C348-LeaderElection65] INFO  metrics.RatisMetrics (RatisMetrics.java:lambda$create$0(36)) - Creating Metrics Registry : ratis.log_appender.2c88a600-62c8-44d6-86d4-28f745868ae9@group-406F52C2C348
2020-07-07 04:55:00,069 [grpc-default-executor-0] DEBUG impl.RaftServerImpl (RaftServerImpl.java:requestVote(853)) - 49d4fddc-cd10-443b-a45d-8ada7c557abf@group-406F52C2C348 replies to vote request: 2c88a600-62c8-44d6-86d4-28f745868ae9<-49d4fddc-cd10-443b-a45d-8ada7c557abf#0:OK-t2. Peer's state: 49d4fddc-cd10-443b-a45d-8ada7c557abf@group-406F52C2C348:t2, leader=null, voted=2c88a600-62c8-44d6-86d4-28f745868ae9, raftlog=49d4fddc-cd10-443b-a45d-8ada7c557abf@group-406F52C2C348-SegmentedRaftLog:OPENED:c-1,f-1,i0, conf=-1: [2c88a600-62c8-44d6-86d4-28f745868ae9:172.17.0.2:35933, 441cb323-c758-4204-8e94-c518eb7e3dfa:172.17.0.2:42479, 49d4fddc-cd10-443b-a45d-8ada7c557abf:172.17.0.2:35683], old=null
2020-07-07 04:55:00,069 [2c88a600-62c8-44d6-86d4-28f745868ae9@group-406F52C2C348-LeaderElection65] INFO  server.RaftServerConfigKeys (ConfUtils.java:logGet(44)) - raft.server.write.element-limit = 1024 (custom)
2020-07-07 04:55:00,069 [2c88a600-62c8-44d6-86d4-28f745868ae9@group-406F52C2C348-LeaderElection65] INFO  server.RaftServerConfigKeys (ConfUtils.java:logGet(44)) - raft.server.write.byte-limit = 1073741824 (custom)
2020-07-07 04:55:00,069 [2c88a600-62c8-44d6-86d4-28f745868ae9@group-406F52C2C348-LeaderElection65] INFO  server.RaftServerConfigKeys (ConfUtils.java:logGet(44)) - raft.server.watch.timeout = 3000ms (custom)
2020-07-07 04:55:00,069 [2c88a600-62c8-44d6-86d4-28f745868ae9@group-406F52C2C348-LeaderElection65] INFO  server.RaftServerConfigKeys (ConfUtils.java:logGet(44)) - raft.server.watch.timeout.denomination = 1s (default)
2020-07-07 04:55:00,069 [2c88a600-62c8-44d6-86d4-28f745868ae9@group-406F52C2C348-LeaderElection65] INFO  server.RaftServerConfigKeys (ConfUtils.java:logGet(44)) - raft.server.watch.element-limit = 65536 (default)
2020-07-07 04:55:00,070 [2c88a600-62c8-44d6-86d4-28f745868ae9@group-406F52C2C348-LeaderElection65] INFO  server.RaftServerConfigKeys (ConfUtils.java:logGet(44)) - raft.server.log.appender.snapshot.chunk.size.max = 16MB (=16777216) (default)
2020-07-07 04:55:00,070 [2c88a600-62c8-44d6-86d4-28f745868ae9@group-406F52C2C348-LeaderElection65] INFO  server.RaftServerConfigKeys (ConfUtils.java:logGet(44)) - raft.server.log.appender.buffer.byte-limit = 33554432 (custom)
2020-07-07 04:55:00,070 [2c88a600-62c8-44d6-86d4-28f745868ae9@group-406F52C2C348-LeaderElection65] INFO  server.RaftServerConfigKeys (ConfUtils.java:logGet(44)) - raft.server.log.appender.buffer.element-limit = 1 (custom)
2020-07-07 04:55:00,070 [2c88a600-62c8-44d6-86d4-28f745868ae9@group-406F52C2C348-LeaderElection65] INFO  grpc.GrpcConfigKeys (ConfUtils.java:logGet(44)) - raft.grpc.server.leader.outstanding.appends.max = 128 (default)
2020-07-07 04:55:00,070 [2c88a600-62c8-44d6-86d4-28f745868ae9@group-406F52C2C348-LeaderElection65] INFO  server.RaftServerConfigKeys (ConfUtils.java:logGet(44)) - raft.server.rpc.request.timeout = 3000ms (default)
2020-07-07 04:55:00,070 [2c88a600-62c8-44d6-86d4-28f745868ae9@group-406F52C2C348-LeaderElection65] INFO  server.RaftServerConfigKeys (ConfUtils.java:logGet(44)) - raft.server.log.appender.install.snapshot.enabled = false (custom)
2020-07-07 04:55:00,070 [2c88a600-62c8-44d6-86d4-28f745868ae9@group-406F52C2C348-LeaderElection65] INFO  metrics.RatisMetrics (RatisMetrics.java:lambda$create$0(36)) - Creating Metrics Registry : ratis_grpc.log_appender.2c88a600-62c8-44d6-86d4-28f745868ae9@group-406F52C2C348
2020-07-07 04:55:00,072 [2c88a600-62c8-44d6-86d4-28f745868ae9@group-406F52C2C348-LeaderElection65] INFO  server.RaftServerConfigKeys (ConfUtils.java:logGet(44)) - raft.server.log.appender.snapshot.chunk.size.max = 16MB (=16777216) (default)
2020-07-07 04:55:00,072 [2c88a600-62c8-44d6-86d4-28f745868ae9@group-406F52C2C348-LeaderElection65] INFO  server.RaftServerConfigKeys (ConfUtils.java:logGet(44)) - raft.server.log.appender.buffer.byte-limit = 33554432 (custom)
2020-07-07 04:55:00,072 [2c88a600-62c8-44d6-86d4-28f745868ae9@group-406F52C2C348-LeaderElection65] INFO  server.RaftServerConfigKeys (ConfUtils.java:logGet(44)) - raft.server.log.appender.buffer.element-limit = 1 (custom)
2020-07-07 04:55:00,072 [2c88a600-62c8-44d6-86d4-28f745868ae9@group-406F52C2C348-LeaderElection65] INFO  grpc.GrpcConfigKeys (ConfUtils.java:logGet(44)) - raft.grpc.server.leader.outstanding.appends.max = 128 (default)
2020-07-07 04:55:00,072 [2c88a600-62c8-44d6-86d4-28f745868ae9@group-406F52C2C348-LeaderElection65] INFO  server.RaftServerConfigKeys (ConfUtils.java:logGet(44)) - raft.server.rpc.request.timeout = 3000ms (default)
2020-07-07 04:55:00,072 [2c88a600-62c8-44d6-86d4-28f745868ae9@group-406F52C2C348-LeaderElection65] INFO  server.RaftServerConfigKeys (ConfUtils.java:logGet(44)) - raft.server.log.appender.install.snapshot.enabled = false (custom)
2020-07-07 04:55:00,074 [2c88a600-62c8-44d6-86d4-28f745868ae9@group-406F52C2C348-LeaderElection65] INFO  impl.RoleInfo (RoleInfo.java:updateAndGet(143)) - 2c88a600-62c8-44d6-86d4-28f745868ae9: start LeaderState
2020-07-07 04:55:00,075 [2c88a600-62c8-44d6-86d4-28f745868ae9@group-406F52C2C348-LeaderElection65] INFO  segmented.SegmentedRaftLogWorker (SegmentedRaftLogWorker.java:startLogSegment(397)) - 2c88a600-62c8-44d6-86d4-28f745868ae9@group-406F52C2C348-SegmentedRaftLogWorker: Starting segment from index:0
2020-07-07 04:55:00,076 [2c88a600-62c8-44d6-86d4-28f745868ae9@group-406F52C2C348-LeaderElection65] INFO  impl.RaftServerImpl (ServerState.java:setRaftConf(356)) - 2c88a600-62c8-44d6-86d4-28f745868ae9@group-406F52C2C348: set configuration 0: [2c88a600-62c8-44d6-86d4-28f745868ae9:172.17.0.2:35933, 441cb323-c758-4204-8e94-c518eb7e3dfa:172.17.0.2:42479, 49d4fddc-cd10-443b-a45d-8ada7c557abf:172.17.0.2:35683], old=null at 0
2020-07-07 04:55:00,076 [2c88a600-62c8-44d6-86d4-28f745868ae9@group-406F52C2C348-SegmentedRaftLogWorker] INFO  segmented.SegmentedRaftLogWorker (SegmentedRaftLogWorker.java:execute(596)) - 2c88a600-62c8-44d6-86d4-28f745868ae9@group-406F52C2C348-SegmentedRaftLogWorker: created new log segment /github/workspace/mnt/ozone/hadoop-ozone/integration-test/target/test-dir/MiniOzoneClusterImpl-ddfb2fb6-1dd1-47df-b9d1-90c4649f621f/datanode-2/data/ratis/0c546911-57de-4501-9d81-406f52c2c348/current/log_inprogress_0
2020-07-07 04:55:00,087 [grpc-default-executor-1] INFO  ratis.XceiverServerRatis (XceiverServerRatis.java:handleLeaderChangedNotification(762)) - Leader change notification received for group: group-406F52C2C348 with new leaderId: 2c88a600-62c8-44d6-86d4-28f745868ae9
2020-07-07 04:55:00,087 [grpc-default-executor-1] INFO  impl.RaftServerImpl (ServerState.java:setLeader(255)) - 49d4fddc-cd10-443b-a45d-8ada7c557abf@group-406F52C2C348: change Leader from null to 2c88a600-62c8-44d6-86d4-28f745868ae9 at term 2 for appendEntries, leader elected after 10130ms
2020-07-07 04:55:00,088 [grpc-default-executor-1] INFO  ratis.XceiverServerRatis (XceiverServerRatis.java:handleLeaderChangedNotification(762)) - Leader change notification received for group: group-406F52C2C348 with new leaderId: 2c88a600-62c8-44d6-86d4-28f745868ae9
2020-07-07 04:55:00,088 [grpc-default-executor-1] INFO  impl.RaftServerImpl (ServerState.java:setLeader(255)) - 441cb323-c758-4204-8e94-c518eb7e3dfa@group-406F52C2C348: change Leader from null to 2c88a600-62c8-44d6-86d4-28f745868ae9 at term 2 for appendEntries, leader elected after 10184ms
2020-07-07 04:55:00,095 [grpc-default-executor-0] DEBUG impl.RaftServerImpl (RaftServerImpl.java:logAppendEntries(928)) - 49d4fddc-cd10-443b-a45d-8ada7c557abf@group-406F52C2C348: receive appendEntries(2c88a600-62c8-44d6-86d4-28f745868ae9, 2, null, 0, false, commits[2c88a600-62c8-44d6-86d4-28f745868ae9:c0, 441cb323-c758-4204-8e94-c518eb7e3dfa:c-1, 49d4fddc-cd10-443b-a45d-8ada7c557abf:c-1], entries: (t:2, i:0), CONFIGURATIONENTRY
2020-07-07 04:55:00,095 [grpc-default-executor-0] INFO  impl.RaftServerImpl (ServerState.java:setRaftConf(356)) - 49d4fddc-cd10-443b-a45d-8ada7c557abf@group-406F52C2C348: set configuration 0: [2c88a600-62c8-44d6-86d4-28f745868ae9:172.17.0.2:35933, 441cb323-c758-4204-8e94-c518eb7e3dfa:172.17.0.2:42479, 49d4fddc-cd10-443b-a45d-8ada7c557abf:172.17.0.2:35683], old=null at 0
2020-07-07 04:55:00,096 [grpc-default-executor-0] INFO  segmented.SegmentedRaftLogWorker (SegmentedRaftLogWorker.java:startLogSegment(397)) - 49d4fddc-cd10-443b-a45d-8ada7c557abf@group-406F52C2C348-SegmentedRaftLogWorker: Starting segment from index:0
2020-07-07 04:55:00,096 [grpc-default-executor-1] DEBUG server.GrpcLogAppender (GrpcLogAppender.java:onNext(257)) - 2c88a600-62c8-44d6-86d4-28f745868ae9@group-406F52C2C348->49d4fddc-cd10-443b-a45d-8ada7c557abf-AppendLogResponseHandler: received the first reply 2c88a600-62c8-44d6-86d4-28f745868ae9<-49d4fddc-cd10-443b-a45d-8ada7c557abf#0:OK,SUCCESS,nextIndex:0,term:2,followerCommit:-1, request=AppendEntriesRequest:cid=0,entriesCount=0,lastEntry=null
2020-07-07 04:55:00,096 [grpc-default-executor-6] DEBUG impl.RaftServerImpl (RaftServerImpl.java:logAppendEntries(928)) - 441cb323-c758-4204-8e94-c518eb7e3dfa@group-406F52C2C348: receive appendEntries(2c88a600-62c8-44d6-86d4-28f745868ae9, 2, null, 0, false, commits[2c88a600-62c8-44d6-86d4-28f745868ae9:c0, 441cb323-c758-4204-8e94-c518eb7e3dfa:c-1, 49d4fddc-cd10-443b-a45d-8ada7c557abf:c-1], entries: (t:2, i:0), CONFIGURATIONENTRY
2020-07-07 04:55:00,097 [grpc-default-executor-0] DEBUG server.GrpcLogAppender (GrpcLogAppender.java:onNext(257)) - 2c88a600-62c8-44d6-86d4-28f745868ae9@group-406F52C2C348->441cb323-c758-4204-8e94-c518eb7e3dfa-AppendLogResponseHandler: received the first reply 2c88a600-62c8-44d6-86d4-28f745868ae9<-441cb323-c758-4204-8e94-c518eb7e3dfa#0:OK,SUCCESS,nextIndex:0,term:2,followerCommit:-1, request=AppendEntriesRequest:cid=0,entriesCount=0,lastEntry=null
2020-07-07 04:55:00,100 [49d4fddc-cd10-443b-a45d-8ada7c557abf@group-406F52C2C348-SegmentedRaftLogWorker] INFO  segmented.SegmentedRaftLogWorker (SegmentedRaftLogWorker.java:execute(596)) - 49d4fddc-cd10-443b-a45d-8ada7c557abf@group-406F52C2C348-SegmentedRaftLogWorker: created new log segment /github/workspace/mnt/ozone/hadoop-ozone/integration-test/target/test-dir/MiniOzoneClusterImpl-ddfb2fb6-1dd1-47df-b9d1-90c4649f621f/datanode-1/data/ratis/0c546911-57de-4501-9d81-406f52c2c348/current/log_inprogress_0
2020-07-07 04:55:00,102 [grpc-default-executor-6] INFO  impl.RaftServerImpl (ServerState.java:setRaftConf(356)) - 441cb323-c758-4204-8e94-c518eb7e3dfa@group-406F52C2C348: set configuration 0: [2c88a600-62c8-44d6-86d4-28f745868ae9:172.17.0.2:35933, 441cb323-c758-4204-8e94-c518eb7e3dfa:172.17.0.2:42479, 49d4fddc-cd10-443b-a45d-8ada7c557abf:172.17.0.2:35683], old=null at 0
2020-07-07 04:55:00,104 [grpc-default-executor-6] INFO  segmented.SegmentedRaftLogWorker (SegmentedRaftLogWorker.java:startLogSegment(397)) - 441cb323-c758-4204-8e94-c518eb7e3dfa@group-406F52C2C348-SegmentedRaftLogWorker: Starting segment from index:0
2020-07-07 04:55:00,106 [441cb323-c758-4204-8e94-c518eb7e3dfa@group-406F52C2C348-SegmentedRaftLogWorker] INFO  segmented.SegmentedRaftLogWorker (SegmentedRaftLogWorker.java:execute(596)) - 441cb323-c758-4204-8e94-c518eb7e3dfa@group-406F52C2C348-SegmentedRaftLogWorker: created new log segment /github/workspace/mnt/ozone/hadoop-ozone/integration-test/target/test-dir/MiniOzoneClusterImpl-ddfb2fb6-1dd1-47df-b9d1-90c4649f621f/datanode-0/data/ratis/0c546911-57de-4501-9d81-406f52c2c348/current/log_inprogress_0
2020-07-07 04:55:00,107 [Thread-1751] DEBUG impl.RaftServerImpl (RaftServerImpl.java:logAppendEntries(928)) - 49d4fddc-cd10-443b-a45d-8ada7c557abf@group-406F52C2C348: succeeded to handle AppendEntries. Reply: 2c88a600-62c8-44d6-86d4-28f745868ae9<-49d4fddc-cd10-443b-a45d-8ada7c557abf#1:OK,SUCCESS,nextIndex:1,term:2,followerCommit:0
2020-07-07 04:55:00,114 [grpc-default-executor-6] DEBUG server.GrpcLogAppender (GrpcLogAppender.java:onNext(257)) - 2c88a600-62c8-44d6-86d4-28f745868ae9@group-406F52C2C348->49d4fddc-cd10-443b-a45d-8ada7c557abf-AppendLogResponseHandler: received a reply 2c88a600-62c8-44d6-86d4-28f745868ae9<-49d4fddc-cd10-443b-a45d-8ada7c557abf#1:OK,SUCCESS,nextIndex:1,term:2,followerCommit:0, request=AppendEntriesRequest:cid=1,entriesCount=1,lastEntry=(t:2, i:0)
2020-07-07 04:55:00,122 [Thread-1752] DEBUG impl.RaftServerImpl (RaftServerImpl.java:logAppendEntries(928)) - 441cb323-c758-4204-8e94-c518eb7e3dfa@group-406F52C2C348: succeeded to handle AppendEntries. Reply: 2c88a600-62c8-44d6-86d4-28f745868ae9<-441cb323-c758-4204-8e94-c518eb7e3dfa#1:OK,SUCCESS,nextIndex:1,term:2,followerCommit:0
2020-07-07 04:55:00,122 [grpc-default-executor-6] DEBUG server.GrpcLogAppender (GrpcLogAppender.java:onNext(257)) - 2c88a600-62c8-44d6-86d4-28f745868ae9@group-406F52C2C348->441cb323-c758-4204-8e94-c518eb7e3dfa-AppendLogResponseHandler: received a reply 2c88a600-62c8-44d6-86d4-28f745868ae9<-441cb323-c758-4204-8e94-c518eb7e3dfa#1:OK,SUCCESS,nextIndex:1,term:2,followerCommit:0, request=AppendEntriesRequest:cid=1,entriesCount=1,lastEntry=(t:2, i:0)
2020-07-07 04:55:00,363 [Thread-1715] INFO  impl.FollowerState (FollowerState.java:run(108)) - 850327c1-f3ee-4a2d-9c3d-5bffdb64e521@group-E8C64DAF1BB3-FollowerState: change to CANDIDATE, lastRpcTime:5019ms, electionTimeout:5017ms
2020-07-07 04:55:00,363 [Thread-1715] INFO  impl.RoleInfo (RoleInfo.java:shutdownFollowerState(121)) - 850327c1-f3ee-4a2d-9c3d-5bffdb64e521: shutdown FollowerState
2020-07-07 04:55:00,363 [Thread-1715] INFO  impl.RaftServerImpl (RaftServerImpl.java:setRole(175)) - 850327c1-f3ee-4a2d-9c3d-5bffdb64e521@group-E8C64DAF1BB3: changes role from  FOLLOWER to CANDIDATE at term 2 for changeToCandidate
2020-07-07 04:55:00,363 [Thread-1715] INFO  impl.RoleInfo (RoleInfo.java:updateAndGet(143)) - 850327c1-f3ee-4a2d-9c3d-5bffdb64e521: start LeaderElection
2020-07-07 04:55:00,365 [850327c1-f3ee-4a2d-9c3d-5bffdb64e521@group-E8C64DAF1BB3-LeaderElection66] INFO  impl.LeaderElection (LeaderElection.java:askForVotes(206)) - 850327c1-f3ee-4a2d-9c3d-5bffdb64e521@group-E8C64DAF1BB3-LeaderElection66: begin an election at term 3 for -1: [a62f0d4c-b40d-4885-8959-00b4626cec0c:172.17.0.2:36867, e48c4946-041b-4a5b-90ab-176302687b86:172.17.0.2:38349, 850327c1-f3ee-4a2d-9c3d-5bffdb64e521:172.17.0.2:42877], old=null
2020-07-07 04:55:00,375 [grpc-default-executor-6] DEBUG impl.RaftServerImpl (RaftServerImpl.java:requestVote(821)) - a62f0d4c-b40d-4885-8959-00b4626cec0c@group-E8C64DAF1BB3: receive requestVote(850327c1-f3ee-4a2d-9c3d-5bffdb64e521, group-E8C64DAF1BB3, 3, (t:0, i:0))
2020-07-07 04:55:00,375 [grpc-default-executor-6] INFO  impl.RaftServerImpl (RaftServerImpl.java:setRole(175)) - a62f0d4c-b40d-4885-8959-00b4626cec0c@group-E8C64DAF1BB3: changes role from  FOLLOWER to FOLLOWER at term 3 for recognizeCandidate:850327c1-f3ee-4a2d-9c3d-5bffdb64e521
2020-07-07 04:55:00,375 [grpc-default-executor-6] INFO  impl.RoleInfo (RoleInfo.java:shutdownFollowerState(121)) - a62f0d4c-b40d-4885-8959-00b4626cec0c: shutdown FollowerState
2020-07-07 04:55:00,375 [grpc-default-executor-6] INFO  impl.RoleInfo (RoleInfo.java:updateAndGet(143)) - a62f0d4c-b40d-4885-8959-00b4626cec0c: start FollowerState
2020-07-07 04:55:00,375 [Thread-1720] INFO  impl.FollowerState (FollowerState.java:run(117)) - a62f0d4c-b40d-4885-8959-00b4626cec0c@group-E8C64DAF1BB3-FollowerState was interrupted: java.lang.InterruptedException: sleep interrupted
2020-07-07 04:55:00,378 [grpc-default-executor-6] DEBUG impl.RaftServerImpl (RaftServerImpl.java:requestVote(853)) - a62f0d4c-b40d-4885-8959-00b4626cec0c@group-E8C64DAF1BB3 replies to vote request: 850327c1-f3ee-4a2d-9c3d-5bffdb64e521<-a62f0d4c-b40d-4885-8959-00b4626cec0c#0:OK-t3. Peer's state: a62f0d4c-b40d-4885-8959-00b4626cec0c@group-E8C64DAF1BB3:t3, leader=null, voted=850327c1-f3ee-4a2d-9c3d-5bffdb64e521, raftlog=a62f0d4c-b40d-4885-8959-00b4626cec0c@group-E8C64DAF1BB3-SegmentedRaftLog:OPENED:c-1,f-1,i0, conf=-1: [a62f0d4c-b40d-4885-8959-00b4626cec0c:172.17.0.2:36867, e48c4946-041b-4a5b-90ab-176302687b86:172.17.0.2:38349, 850327c1-f3ee-4a2d-9c3d-5bffdb64e521:172.17.0.2:42877], old=null
2020-07-07 04:55:00,378 [850327c1-f3ee-4a2d-9c3d-5bffdb64e521@group-E8C64DAF1BB3-LeaderElection66] INFO  impl.LeaderElection (LeaderElection.java:logAndReturn(61)) - 850327c1-f3ee-4a2d-9c3d-5bffdb64e521@group-E8C64DAF1BB3-LeaderElection66: Election PASSED; received 1 response(s) [850327c1-f3ee-4a2d-9c3d-5bffdb64e521<-a62f0d4c-b40d-4885-8959-00b4626cec0c#0:OK-t3] and 0 exception(s); 850327c1-f3ee-4a2d-9c3d-5bffdb64e521@group-E8C64DAF1BB3:t3, leader=null, voted=850327c1-f3ee-4a2d-9c3d-5bffdb64e521, raftlog=850327c1-f3ee-4a2d-9c3d-5bffdb64e521@group-E8C64DAF1BB3-SegmentedRaftLog:OPENED:c-1,f-1,i0, conf=-1: [a62f0d4c-b40d-4885-8959-00b4626cec0c:172.17.0.2:36867, e48c4946-041b-4a5b-90ab-176302687b86:172.17.0.2:38349, 850327c1-f3ee-4a2d-9c3d-5bffdb64e521:172.17.0.2:42877], old=null
2020-07-07 04:55:00,378 [grpc-default-executor-6] DEBUG impl.RaftServerImpl (RaftServerImpl.java:requestVote(821)) - e48c4946-041b-4a5b-90ab-176302687b86@group-E8C64DAF1BB3: receive requestVote(850327c1-f3ee-4a2d-9c3d-5bffdb64e521, group-E8C64DAF1BB3, 3, (t:0, i:0))
2020-07-07 04:55:00,379 [grpc-default-executor-6] INFO  impl.RaftServerImpl (RaftServerImpl.java:setRole(175)) - e48c4946-041b-4a5b-90ab-176302687b86@group-E8C64DAF1BB3: changes role from  FOLLOWER to FOLLOWER at term 3 for recognizeCandidate:850327c1-f3ee-4a2d-9c3d-5bffdb64e521
2020-07-07 04:55:00,379 [grpc-default-executor-6] INFO  impl.RoleInfo (RoleInfo.java:shutdownFollowerState(121)) - e48c4946-041b-4a5b-90ab-176302687b86: shutdown FollowerState
2020-07-07 04:55:00,379 [grpc-default-executor-6] INFO  impl.RoleInfo (RoleInfo.java:updateAndGet(143)) - e48c4946-041b-4a5b-90ab-176302687b86: start FollowerState
2020-07-07 04:55:00,379 [850327c1-f3ee-4a2d-9c3d-5bffdb64e521@group-E8C64DAF1BB3-LeaderElection66] INFO  impl.RoleInfo (RoleInfo.java:shutdownLeaderElection(134)) - 850327c1-f3ee-4a2d-9c3d-5bffdb64e521: shutdown LeaderElection
2020-07-07 04:55:00,379 [Thread-1724] INFO  impl.FollowerState (FollowerState.java:run(117)) - e48c4946-041b-4a5b-90ab-176302687b86@group-E8C64DAF1BB3-FollowerState was interrupted: java.lang.InterruptedException: sleep interrupted
2020-07-07 04:55:00,379 [850327c1-f3ee-4a2d-9c3d-5bffdb64e521@group-E8C64DAF1BB3-LeaderElection66] INFO  impl.RaftServerImpl (RaftServerImpl.java:setRole(175)) - 850327c1-f3ee-4a2d-9c3d-5bffdb64e521@group-E8C64DAF1BB3: changes role from CANDIDATE to LEADER at term 3 for changeToLeader
2020-07-07 04:55:00,379 [850327c1-f3ee-4a2d-9c3d-5bffdb64e521@group-E8C64DAF1BB3-LeaderElection66] INFO  ratis.XceiverServerRatis (XceiverServerRatis.java:handleLeaderChangedNotification(762)) - Leader change notification received for group: group-E8C64DAF1BB3 with new leaderId: 850327c1-f3ee-4a2d-9c3d-5bffdb64e521
2020-07-07 04:55:00,380 [grpc-default-executor-6] DEBUG impl.RaftServerImpl (RaftServerImpl.java:requestVote(853)) - e48c4946-041b-4a5b-90ab-176302687b86@group-E8C64DAF1BB3 replies to vote request: 850327c1-f3ee-4a2d-9c3d-5bffdb64e521<-e48c4946-041b-4a5b-90ab-176302687b86#0:FAIL-t3. Peer's state: e48c4946-041b-4a5b-90ab-176302687b86@group-E8C64DAF1BB3:t3, leader=null, voted=null, raftlog=e48c4946-041b-4a5b-90ab-176302687b86@group-E8C64DAF1BB3-SegmentedRaftLog:OPENED:c0,f0,i0, conf=0: [a62f0d4c-b40d-4885-8959-00b4626cec0c:172.17.0.2:36867, e48c4946-041b-4a5b-90ab-176302687b86:172.17.0.2:38349, 850327c1-f3ee-4a2d-9c3d-5bffdb64e521:172.17.0.2:42877], old=null
2020-07-07 04:55:00,382 [850327c1-f3ee-4a2d-9c3d-5bffdb64e521@group-E8C64DAF1BB3-LeaderElection66] INFO  impl.RaftServerImpl (ServerState.java:setLeader(255)) - 850327c1-f3ee-4a2d-9c3d-5bffdb64e521@group-E8C64DAF1BB3: change Leader from null to 850327c1-f3ee-4a2d-9c3d-5bffdb64e521 at term 3 for becomeLeader, leader elected after 10054ms
2020-07-07 04:55:00,382 [850327c1-f3ee-4a2d-9c3d-5bffdb64e521@group-E8C64DAF1BB3-LeaderElection66] INFO  server.RaftServerConfigKeys (ConfUtils.java:logGet(44)) - raft.server.staging.catchup.gap = 1000 (default)
2020-07-07 04:55:00,383 [850327c1-f3ee-4a2d-9c3d-5bffdb64e521@group-E8C64DAF1BB3-LeaderElection66] INFO  server.RaftServerConfigKeys (ConfUtils.java:logGet(44)) - raft.server.rpc.sleep.time = 25ms (default)
2020-07-07 04:55:00,383 [850327c1-f3ee-4a2d-9c3d-5bffdb64e521@group-E8C64DAF1BB3-LeaderElection66] INFO  metrics.RatisMetrics (RatisMetrics.java:lambda$create$0(36)) - Creating Metrics Registry : ratis.log_appender.850327c1-f3ee-4a2d-9c3d-5bffdb64e521@group-E8C64DAF1BB3
2020-07-07 04:55:00,383 [850327c1-f3ee-4a2d-9c3d-5bffdb64e521@group-E8C64DAF1BB3-LeaderElection66] INFO  server.RaftServerConfigKeys (ConfUtils.java:logGet(44)) - raft.server.write.element-limit = 1024 (custom)
2020-07-07 04:55:00,383 [850327c1-f3ee-4a2d-9c3d-5bffdb64e521@group-E8C64DAF1BB3-LeaderElection66] INFO  server.RaftServerConfigKeys (ConfUtils.java:logGet(44)) - raft.server.write.byte-limit = 1073741824 (custom)
2020-07-07 04:55:00,384 [850327c1-f3ee-4a2d-9c3d-5bffdb64e521@group-E8C64DAF1BB3-LeaderElection66] INFO  server.RaftServerConfigKeys (ConfUtils.java:logGet(44)) - raft.server.watch.timeout = 3000ms (custom)
2020-07-07 04:55:00,384 [850327c1-f3ee-4a2d-9c3d-5bffdb64e521@group-E8C64DAF1BB3-LeaderElection66] INFO  server.RaftServerConfigKeys (ConfUtils.java:logGet(44)) - raft.server.watch.timeout.denomination = 1s (default)
2020-07-07 04:55:00,384 [850327c1-f3ee-4a2d-9c3d-5bffdb64e521@group-E8C64DAF1BB3-LeaderElection66] INFO  server.RaftServerConfigKeys (ConfUtils.java:logGet(44)) - raft.server.watch.element-limit = 65536 (default)
2020-07-07 04:55:00,384 [850327c1-f3ee-4a2d-9c3d-5bffdb64e521@group-E8C64DAF1BB3-LeaderElection66] INFO  server.RaftServerConfigKeys (ConfUtils.java:logGet(44)) - raft.server.log.appender.snapshot.chunk.size.max = 16MB (=16777216) (default)
2020-07-07 04:55:00,384 [850327c1-f3ee-4a2d-9c3d-5bffdb64e521@group-E8C64DAF1BB3-LeaderElection66] INFO  server.RaftServerConfigKeys (ConfUtils.java:logGet(44)) - raft.server.log.appender.buffer.byte-limit = 33554432 (custom)
2020-07-07 04:55:00,384 [850327c1-f3ee-4a2d-9c3d-5bffdb64e521@group-E8C64DAF1BB3-LeaderElection66] INFO  server.RaftServerConfigKeys (ConfUtils.java:logGet(44)) - raft.server.log.appender.buffer.element-limit = 1 (custom)
2020-07-07 04:55:00,384 [850327c1-f3ee-4a2d-9c3d-5bffdb64e521@group-E8C64DAF1BB3-LeaderElection66] INFO  grpc.GrpcConfigKeys (ConfUtils.java:logGet(44)) - raft.grpc.server.leader.outstanding.appends.max = 128 (default)
2020-07-07 04:55:00,384 [850327c1-f3ee-4a2d-9c3d-5bffdb64e521@group-E8C64DAF1BB3-LeaderElection66] INFO  server.RaftServerConfigKeys (ConfUtils.java:logGet(44)) - raft.server.rpc.request.timeout = 3000ms (default)
2020-07-07 04:55:00,384 [850327c1-f3ee-4a2d-9c3d-5bffdb64e521@group-E8C64DAF1BB3-LeaderElection66] INFO  server.RaftServerConfigKeys (ConfUtils.java:logGet(44)) - raft.server.log.appender.install.snapshot.enabled = false (custom)
2020-07-07 04:55:00,384 [850327c1-f3ee-4a2d-9c3d-5bffdb64e521@group-E8C64DAF1BB3-LeaderElection66] INFO  metrics.RatisMetrics (RatisMetrics.java:lambda$create$0(36)) - Creating Metrics Registry : ratis_grpc.log_appender.850327c1-f3ee-4a2d-9c3d-5bffdb64e521@group-E8C64DAF1BB3
2020-07-07 04:55:00,386 [850327c1-f3ee-4a2d-9c3d-5bffdb64e521@group-E8C64DAF1BB3-LeaderElection66] INFO  server.RaftServerConfigKeys (ConfUtils.java:logGet(44)) - raft.server.log.appender.snapshot.chunk.size.max = 16MB (=16777216) (default)
2020-07-07 04:55:00,386 [850327c1-f3ee-4a2d-9c3d-5bffdb64e521@group-E8C64DAF1BB3-LeaderElection66] INFO  server.RaftServerConfigKeys (ConfUtils.java:logGet(44)) - raft.server.log.appender.buffer.byte-limit = 33554432 (custom)
2020-07-07 04:55:00,386 [850327c1-f3ee-4a2d-9c3d-5bffdb64e521@group-E8C64DAF1BB3-LeaderElection66] INFO  server.RaftServerConfigKeys (ConfUtils.java:logGet(44)) - raft.server.log.appender.buffer.element-limit = 1 (custom)
2020-07-07 04:55:00,386 [850327c1-f3ee-4a2d-9c3d-5bffdb64e521@group-E8C64DAF1BB3-LeaderElection66] INFO  grpc.GrpcConfigKeys (ConfUtils.java:logGet(44)) - raft.grpc.server.leader.outstanding.appends.max = 128 (default)
2020-07-07 04:55:00,386 [850327c1-f3ee-4a2d-9c3d-5bffdb64e521@group-E8C64DAF1BB3-LeaderElection66] INFO  server.RaftServerConfigKeys (ConfUtils.java:logGet(44)) - raft.server.rpc.request.timeout = 3000ms (default)
2020-07-07 04:55:00,387 [850327c1-f3ee-4a2d-9c3d-5bffdb64e521@group-E8C64DAF1BB3-LeaderElection66] INFO  server.RaftServerConfigKeys (ConfUtils.java:logGet(44)) - raft.server.log.appender.install.snapshot.enabled = false (custom)
2020-07-07 04:55:00,388 [850327c1-f3ee-4a2d-9c3d-5bffdb64e521@group-E8C64DAF1BB3-LeaderElection66] INFO  impl.RoleInfo (RoleInfo.java:updateAndGet(143)) - 850327c1-f3ee-4a2d-9c3d-5bffdb64e521: start LeaderState
2020-07-07 04:55:00,389 [850327c1-f3ee-4a2d-9c3d-5bffdb64e521@group-E8C64DAF1BB3-LeaderElection66] INFO  segmented.SegmentedRaftLogWorker (SegmentedRaftLogWorker.java:startLogSegment(397)) - 850327c1-f3ee-4a2d-9c3d-5bffdb64e521@group-E8C64DAF1BB3-SegmentedRaftLogWorker: Starting segment from index:0
2020-07-07 04:55:00,393 [850327c1-f3ee-4a2d-9c3d-5bffdb64e521@group-E8C64DAF1BB3-SegmentedRaftLogWorker] INFO  segmented.SegmentedRaftLogWorker (SegmentedRaftLogWorker.java:execute(596)) - 850327c1-f3ee-4a2d-9c3d-5bffdb64e521@group-E8C64DAF1BB3-SegmentedRaftLogWorker: created new log segment /github/workspace/mnt/ozone/hadoop-ozone/integration-test/target/test-dir/MiniOzoneClusterImpl-ddfb2fb6-1dd1-47df-b9d1-90c4649f621f/datanode-8/data/ratis/00bd9342-b899-4510-816c-e8c64daf1bb3/current/log_inprogress_0
2020-07-07 04:55:00,395 [grpc-default-executor-0] INFO  ratis.XceiverServerRatis (XceiverServerRatis.java:handleLeaderChangedNotification(762)) - Leader change notification received for group: group-E8C64DAF1BB3 with new leaderId: 850327c1-f3ee-4a2d-9c3d-5bffdb64e521
2020-07-07 04:55:00,395 [grpc-default-executor-0] INFO  impl.RaftServerImpl (ServerState.java:setLeader(255)) - a62f0d4c-b40d-4885-8959-00b4626cec0c@group-E8C64DAF1BB3: change Leader from null to 850327c1-f3ee-4a2d-9c3d-5bffdb64e521 at term 3 for appendEntries, leader elected after 10122ms
2020-07-07 04:55:00,396 [850327c1-f3ee-4a2d-9c3d-5bffdb64e521@group-E8C64DAF1BB3-LeaderElection66] INFO  impl.RaftServerImpl (ServerState.java:setRaftConf(356)) - 850327c1-f3ee-4a2d-9c3d-5bffdb64e521@group-E8C64DAF1BB3: set configuration 0: [a62f0d4c-b40d-4885-8959-00b4626cec0c:172.17.0.2:36867, e48c4946-041b-4a5b-90ab-176302687b86:172.17.0.2:38349, 850327c1-f3ee-4a2d-9c3d-5bffdb64e521:172.17.0.2:42877], old=null at 0
2020-07-07 04:55:00,398 [grpc-default-executor-6] INFO  ratis.XceiverServerRatis (XceiverServerRatis.java:handleLeaderChangedNotification(762)) - Leader change notification received for group: group-E8C64DAF1BB3 with new leaderId: 850327c1-f3ee-4a2d-9c3d-5bffdb64e521
2020-07-07 04:55:00,399 [grpc-default-executor-6] INFO  impl.RaftServerImpl (ServerState.java:setLeader(255)) - e48c4946-041b-4a5b-90ab-176302687b86@group-E8C64DAF1BB3: change Leader from null to 850327c1-f3ee-4a2d-9c3d-5bffdb64e521 at term 3 for appendEntries, leader elected after 5008ms
2020-07-07 04:55:00,400 [grpc-default-executor-0] DEBUG impl.RaftServerImpl (RaftServerImpl.java:logAppendEntries(928)) - a62f0d4c-b40d-4885-8959-00b4626cec0c@group-E8C64DAF1BB3: receive appendEntries(850327c1-f3ee-4a2d-9c3d-5bffdb64e521, 3, null, -1, false, commits[850327c1-f3ee-4a2d-9c3d-5bffdb64e521:c-1, a62f0d4c-b40d-4885-8959-00b4626cec0c:c-1, e48c4946-041b-4a5b-90ab-176302687b86:c-1], entries: (t:3, i:0), CONFIGURATIONENTRY
2020-07-07 04:55:00,400 [grpc-default-executor-0] INFO  impl.RaftServerImpl (ServerState.java:setRaftConf(356)) - a62f0d4c-b40d-4885-8959-00b4626cec0c@group-E8C64DAF1BB3: set configuration 0: [a62f0d4c-b40d-4885-8959-00b4626cec0c:172.17.0.2:36867, e48c4946-041b-4a5b-90ab-176302687b86:172.17.0.2:38349, 850327c1-f3ee-4a2d-9c3d-5bffdb64e521:172.17.0.2:42877], old=null at 0
2020-07-07 04:55:00,400 [grpc-default-executor-0] INFO  segmented.SegmentedRaftLogWorker (SegmentedRaftLogWorker.java:startLogSegment(397)) - a62f0d4c-b40d-4885-8959-00b4626cec0c@group-E8C64DAF1BB3-SegmentedRaftLogWorker: Starting segment from index:0
2020-07-07 04:55:00,402 [grpc-default-executor-6] DEBUG impl.RaftServerImpl (RaftServerImpl.java:logAppendEntries(928)) - e48c4946-041b-4a5b-90ab-176302687b86@group-E8C64DAF1BB3: receive appendEntries(850327c1-f3ee-4a2d-9c3d-5bffdb64e521, 3, null, 0, false, commits[850327c1-f3ee-4a2d-9c3d-5bffdb64e521:c0, a62f0d4c-b40d-4885-8959-00b4626cec0c:c-1, e48c4946-041b-4a5b-90ab-176302687b86:c-1], entries: (t:3, i:0), CONFIGURATIONENTRY
2020-07-07 04:55:00,402 [grpc-default-executor-0] DEBUG server.GrpcLogAppender (GrpcLogAppender.java:onNext(257)) - 850327c1-f3ee-4a2d-9c3d-5bffdb64e521@group-E8C64DAF1BB3->a62f0d4c-b40d-4885-8959-00b4626cec0c-AppendLogResponseHandler: received the first reply 850327c1-f3ee-4a2d-9c3d-5bffdb64e521<-a62f0d4c-b40d-4885-8959-00b4626cec0c#0:OK,SUCCESS,nextIndex:1,term:3,followerCommit:-1, request=AppendEntriesRequest:cid=0,entriesCount=0,lastEntry=null
2020-07-07 04:55:00,403 [grpc-default-executor-1] DEBUG server.GrpcLogAppender (GrpcLogAppender.java:onNext(257)) - 850327c1-f3ee-4a2d-9c3d-5bffdb64e521@group-E8C64DAF1BB3->e48c4946-041b-4a5b-90ab-176302687b86-AppendLogResponseHandler: received the first reply 850327c1-f3ee-4a2d-9c3d-5bffdb64e521<-e48c4946-041b-4a5b-90ab-176302687b86#0:OK,SUCCESS,nextIndex:1,term:3,followerCommit:0, request=AppendEntriesRequest:cid=0,entriesCount=0,lastEntry=null
2020-07-07 04:55:00,406 [a62f0d4c-b40d-4885-8959-00b4626cec0c@group-E8C64DAF1BB3-SegmentedRaftLogWorker] INFO  segmented.SegmentedRaftLogWorker (SegmentedRaftLogWorker.java:execute(596)) - a62f0d4c-b40d-4885-8959-00b4626cec0c@group-E8C64DAF1BB3-SegmentedRaftLogWorker: created new log segment /github/workspace/mnt/ozone/hadoop-ozone/integration-test/target/test-dir/MiniOzoneClusterImpl-ddfb2fb6-1dd1-47df-b9d1-90c4649f621f/datanode-7/data/ratis/00bd9342-b899-4510-816c-e8c64daf1bb3/current/log_inprogress_0
2020-07-07 04:55:00,407 [grpc-default-executor-6] INFO  impl.RaftServerImpl (ServerState.java:setRaftConf(356)) - e48c4946-041b-4a5b-90ab-176302687b86@group-E8C64DAF1BB3: set configuration 0: [a62f0d4c-b40d-4885-8959-00b4626cec0c:172.17.0.2:36867, e48c4946-041b-4a5b-90ab-176302687b86:172.17.0.2:38349, 850327c1-f3ee-4a2d-9c3d-5bffdb64e521:172.17.0.2:42877], old=null at 0
2020-07-07 04:55:00,407 [grpc-default-executor-6] INFO  segmented.SegmentedRaftLogWorker (SegmentedRaftLogWorker.java:truncate(413)) - e48c4946-041b-4a5b-90ab-176302687b86@group-E8C64DAF1BB3-SegmentedRaftLogWorker: Truncating segments toTruncate: null
  toDelete: [(0, 0) isOpen? true, length=0, newEndIndex=-1], start index 0
2020-07-07 04:55:00,407 [grpc-default-executor-6] INFO  segmented.SegmentedRaftLogWorker (SegmentedRaftLogWorker.java:startLogSegment(397)) - e48c4946-041b-4a5b-90ab-176302687b86@group-E8C64DAF1BB3-SegmentedRaftLogWorker: Starting segment from index:0
2020-07-07 04:55:00,409 [e48c4946-041b-4a5b-90ab-176302687b86@group-E8C64DAF1BB3-SegmentedRaftLogWorker] INFO  segmented.SegmentedRaftLogWorker (SegmentedRaftLogWorker.java:execute(663)) - e48c4946-041b-4a5b-90ab-176302687b86@group-E8C64DAF1BB3-SegmentedRaftLogWorker: Deleted log file /github/workspace/mnt/ozone/hadoop-ozone/integration-test/target/test-dir/MiniOzoneClusterImpl-ddfb2fb6-1dd1-47df-b9d1-90c4649f621f/datanode-6/data/ratis/00bd9342-b899-4510-816c-e8c64daf1bb3/current/log_inprogress_0
2020-07-07 04:55:00,409 [e48c4946-041b-4a5b-90ab-176302687b86@group-E8C64DAF1BB3-SegmentedRaftLogWorker] INFO  segmented.SegmentedRaftLogWorker (SegmentedRaftLogWorker.java:lambda$new$0(129)) - e48c4946-041b-4a5b-90ab-176302687b86@group-E8C64DAF1BB3-SegmentedRaftLogWorker: flushIndex: setUnconditionally 0 -> -1
2020-07-07 04:55:00,409 [e48c4946-041b-4a5b-90ab-176302687b86@group-E8C64DAF1BB3-SegmentedRaftLogWorker] INFO  segmented.SegmentedRaftLogWorker (SegmentedRaftLogWorker.java:lambda$new$0(129)) - e48c4946-041b-4a5b-90ab-176302687b86@group-E8C64DAF1BB3-SegmentedRaftLogWorker: safeCacheEvictIndex: setUnconditionally -1 -> -1
2020-07-07 04:55:00,411 [e48c4946-041b-4a5b-90ab-176302687b86@group-E8C64DAF1BB3-SegmentedRaftLogWorker] INFO  segmented.SegmentedRaftLogWorker (SegmentedRaftLogWorker.java:execute(596)) - e48c4946-041b-4a5b-90ab-176302687b86@group-E8C64DAF1BB3-SegmentedRaftLogWorker: created new log segment /github/workspace/mnt/ozone/hadoop-ozone/integration-test/target/test-dir/MiniOzoneClusterImpl-ddfb2fb6-1dd1-47df-b9d1-90c4649f621f/datanode-6/data/ratis/00bd9342-b899-4510-816c-e8c64daf1bb3/current/log_inprogress_0
2020-07-07 04:55:00,411 [Thread-1763] DEBUG impl.RaftServerImpl (RaftServerImpl.java:logAppendEntries(928)) - a62f0d4c-b40d-4885-8959-00b4626cec0c@group-E8C64DAF1BB3: succeeded to handle AppendEntries. Reply: 850327c1-f3ee-4a2d-9c3d-5bffdb64e521<-a62f0d4c-b40d-4885-8959-00b4626cec0c#1:OK,SUCCESS,nextIndex:1,term:3,followerCommit:-1
2020-07-07 04:55:00,412 [Thread-1764] DEBUG impl.RaftServerImpl (RaftServerImpl.java:logAppendEntries(928)) - e48c4946-041b-4a5b-90ab-176302687b86@group-E8C64DAF1BB3: succeeded to handle AppendEntries. Reply: 850327c1-f3ee-4a2d-9c3d-5bffdb64e521<-e48c4946-041b-4a5b-90ab-176302687b86#1:OK,SUCCESS,nextIndex:1,term:3,followerCommit:0
2020-07-07 04:55:00,412 [grpc-default-executor-1] DEBUG server.GrpcLogAppender (GrpcLogAppender.java:onNext(257)) - 850327c1-f3ee-4a2d-9c3d-5bffdb64e521@group-E8C64DAF1BB3->a62f0d4c-b40d-4885-8959-00b4626cec0c-AppendLogResponseHandler: received a reply 850327c1-f3ee-4a2d-9c3d-5bffdb64e521<-a62f0d4c-b40d-4885-8959-00b4626cec0c#1:OK,SUCCESS,nextIndex:1,term:3,followerCommit:-1, request=AppendEntriesRequest:cid=1,entriesCount=1,lastEntry=(t:3, i:0)
2020-07-07 04:55:00,413 [grpc-default-executor-1] DEBUG server.GrpcLogAppender (GrpcLogAppender.java:onNext(257)) - 850327c1-f3ee-4a2d-9c3d-5bffdb64e521@group-E8C64DAF1BB3->e48c4946-041b-4a5b-90ab-176302687b86-AppendLogResponseHandler: received a reply 850327c1-f3ee-4a2d-9c3d-5bffdb64e521<-e48c4946-041b-4a5b-90ab-176302687b86#1:OK,SUCCESS,nextIndex:1,term:3,followerCommit:0, request=AppendEntriesRequest:cid=1,entriesCount=1,lastEntry=(t:3, i:0)
2020-07-07 04:55:00,468 [grpc-default-executor-1] DEBUG server.GrpcLogAppender (GrpcLogAppender.java:onNext(257)) - faaf968f-0fca-4e96-b7e0-547f8fed29e0@group-5B138B8C53D9->b4cbc94e-a0c4-4ad4-8347-afa6d31e032e-AppendLogResponseHandler: received a reply faaf968f-0fca-4e96-b7e0-547f8fed29e0<-b4cbc94e-a0c4-4ad4-8347-afa6d31e032e#5:OK,SUCCESS,nextIndex:3,term:1,followerCommit:2, request=AppendEntriesRequest:cid=5,entriesCount=0,lastEntry=null
2020-07-07 04:55:00,470 [grpc-default-executor-1] DEBUG server.GrpcLogAppender (GrpcLogAppender.java:onNext(257)) - faaf968f-0fca-4e96-b7e0-547f8fed29e0@group-5B138B8C53D9->3f0f6471-07a7-4b9b-821c-68adebd7d2e3-AppendLogResponseHandler: received a reply faaf968f-0fca-4e96-b7e0-547f8fed29e0<-3f0f6471-07a7-4b9b-821c-68adebd7d2e3#5:OK,SUCCESS,nextIndex:3,term:1,followerCommit:2, request=AppendEntriesRequest:cid=5,entriesCount=0,lastEntry=null
2020-07-07 04:55:00,507 [Listener at 127.0.0.1/42245] INFO  ozoneimpl.OzoneContainer (OzoneContainer.java:stop(246)) - Attempting to stop container services.
2020-07-07 04:55:00,507 [ForkJoinPool.commonPool-worker-0] INFO  ozoneimpl.OzoneContainer (OzoneContainer.java:stop(246)) - Attempting to stop container services.
2020-07-07 04:55:00,507 [Listener at 127.0.0.1/42245] INFO  impl.RaftServerProxy (RaftServerProxy.java:lambda$close$4(319)) - b4cbc94e-a0c4-4ad4-8347-afa6d31e032e: close
2020-07-07 04:55:00,507 [ForkJoinPool.commonPool-worker-0] INFO  impl.RaftServerProxy (RaftServerProxy.java:lambda$close$4(319)) - 2c88a600-62c8-44d6-86d4-28f745868ae9: close
2020-07-07 04:55:00,507 [ForkJoinPool.commonPool-worker-0] INFO  impl.RaftServerImpl (RaftServerImpl.java:lambda$shutdown$3(252)) - 2c88a600-62c8-44d6-86d4-28f745868ae9@group-AAAE33B07054: shutdown
2020-07-07 04:55:00,508 [ForkJoinPool.commonPool-worker-0] INFO  util.JmxRegister (JmxRegister.java:unregister(73)) - Successfully un-registered JMX Bean with object name Ratis:service=RaftServer,group=group-AAAE33B07054,id=2c88a600-62c8-44d6-86d4-28f745868ae9
2020-07-07 04:55:00,508 [ForkJoinPool.commonPool-worker-0] INFO  impl.RoleInfo (RoleInfo.java:shutdownLeaderState(104)) - 2c88a600-62c8-44d6-86d4-28f745868ae9: shutdown LeaderState
2020-07-07 04:55:00,508 [ForkJoinPool.commonPool-worker-0] INFO  impl.PendingRequests (PendingRequests.java:sendNotLeaderResponses(249)) - 2c88a600-62c8-44d6-86d4-28f745868ae9@group-AAAE33B07054-PendingRequests: sendNotLeaderResponses
2020-07-07 04:55:00,507 [Listener at 127.0.0.1/42245] INFO  impl.RaftServerImpl (RaftServerImpl.java:lambda$shutdown$3(252)) - b4cbc94e-a0c4-4ad4-8347-afa6d31e032e@group-477B4A60CD8C: shutdown
2020-07-07 04:55:00,508 [Listener at 127.0.0.1/42245] INFO  util.JmxRegister (JmxRegister.java:unregister(73)) - Successfully un-registered JMX Bean with object name Ratis:service=RaftServer,group=group-477B4A60CD8C,id=b4cbc94e-a0c4-4ad4-8347-afa6d31e032e
2020-07-07 04:55:00,509 [Listener at 127.0.0.1/42245] INFO  impl.RoleInfo (RoleInfo.java:shutdownLeaderState(104)) - b4cbc94e-a0c4-4ad4-8347-afa6d31e032e: shutdown LeaderState
2020-07-07 04:55:00,509 [Listener at 127.0.0.1/42245] INFO  impl.PendingRequests (PendingRequests.java:sendNotLeaderResponses(249)) - b4cbc94e-a0c4-4ad4-8347-afa6d31e032e@group-477B4A60CD8C-PendingRequests: sendNotLeaderResponses
2020-07-07 04:55:00,509 [Listener at 127.0.0.1/42245] INFO  metrics.RatisMetrics (RatisMetrics.java:unregister(43)) - Unregistering Metrics Registry : ratis.log_appender.b4cbc94e-a0c4-4ad4-8347-afa6d31e032e@group-477B4A60CD8C
2020-07-07 04:55:00,509 [Listener at 127.0.0.1/42245] INFO  metrics.RatisMetrics (RatisMetrics.java:unregister(43)) - Unregistering Metrics Registry : ratis.server.b4cbc94e-a0c4-4ad4-8347-afa6d31e032e@group-477B4A60CD8C
2020-07-07 04:55:00,508 [ForkJoinPool.commonPool-worker-0] INFO  metrics.RatisMetrics (RatisMetrics.java:unregister(43)) - Unregistering Metrics Registry : ratis.log_appender.2c88a600-62c8-44d6-86d4-28f745868ae9@group-AAAE33B07054
2020-07-07 04:55:00,510 [ForkJoinPool.commonPool-worker-0] INFO  metrics.RatisMetrics (RatisMetrics.java:unregister(43)) - Unregistering Metrics Registry : ratis.server.2c88a600-62c8-44d6-86d4-28f745868ae9@group-AAAE33B07054
2020-07-07 04:55:00,510 [Listener at 127.0.0.1/42245] INFO  impl.StateMachineUpdater (StateMachineUpdater.java:stopAndJoin(142)) - b4cbc94e-a0c4-4ad4-8347-afa6d31e032e@group-477B4A60CD8C-StateMachineUpdater: set stopIndex = 0
2020-07-07 04:55:00,511 [b4cbc94e-a0c4-4ad4-8347-afa6d31e032e@group-477B4A60CD8C-StateMachineUpdater] INFO  ratis.ContainerStateMachine (ContainerStateMachine.java:takeSnapshot(293)) - group-477B4A60CD8C: Taking a snapshot at:(t:1, i:0) file /github/workspace/mnt/ozone/hadoop-ozone/integration-test/target/test-dir/MiniOzoneClusterImpl-ddfb2fb6-1dd1-47df-b9d1-90c4649f621f/datanode-4/data/ratis/888bb53e-f643-4a5e-baff-477b4a60cd8c/sm/snapshot.1_0
2020-07-07 04:55:00,512 [2c88a600-62c8-44d6-86d4-28f745868ae9@group-AAAE33B07054-StateMachineUpdater] INFO  ratis.ContainerStateMachine (ContainerStateMachine.java:takeSnapshot(293)) - group-AAAE33B07054: Taking a snapshot at:(t:1, i:0) file /github/workspace/mnt/ozone/hadoop-ozone/integration-test/target/test-dir/MiniOzoneClusterImpl-ddfb2fb6-1dd1-47df-b9d1-90c4649f621f/datanode-2/data/ratis/8c4df536-6802-49c5-b252-aaae33b07054/sm/snapshot.1_0
2020-07-07 04:55:00,512 [ForkJoinPool.commonPool-worker-0] INFO  impl.StateMachineUpdater (StateMachineUpdater.java:stopAndJoin(142)) - 2c88a600-62c8-44d6-86d4-28f745868ae9@group-AAAE33B07054-StateMachineUpdater: set stopIndex = 0
2020-07-07 04:55:00,512 [b4cbc94e-a0c4-4ad4-8347-afa6d31e032e@group-477B4A60CD8C-StateMachineUpdater] INFO  ratis.ContainerStateMachine (ContainerStateMachine.java:takeSnapshot(304)) - group-477B4A60CD8C: Finished taking a snapshot at:(t:1, i:0) file:/github/workspace/mnt/ozone/hadoop-ozone/integration-test/target/test-dir/MiniOzoneClusterImpl-ddfb2fb6-1dd1-47df-b9d1-90c4649f621f/datanode-4/data/ratis/888bb53e-f643-4a5e-baff-477b4a60cd8c/sm/snapshot.1_0 time:1
2020-07-07 04:55:00,512 [b4cbc94e-a0c4-4ad4-8347-afa6d31e032e@group-477B4A60CD8C-StateMachineUpdater] INFO  impl.StateMachineUpdater (StateMachineUpdater.java:takeSnapshot(277)) - b4cbc94e-a0c4-4ad4-8347-afa6d31e032e@group-477B4A60CD8C-StateMachineUpdater: Took a snapshot at index 0
2020-07-07 04:55:00,512 [b4cbc94e-a0c4-4ad4-8347-afa6d31e032e@group-477B4A60CD8C-StateMachineUpdater] INFO  impl.StateMachineUpdater (StateMachineUpdater.java:lambda$new$0(87)) - b4cbc94e-a0c4-4ad4-8347-afa6d31e032e@group-477B4A60CD8C-StateMachineUpdater: snapshotIndex: updateIncreasingly -1 -> 0
2020-07-07 04:55:00,512 [2c88a600-62c8-44d6-86d4-28f745868ae9@group-AAAE33B07054-StateMachineUpdater] INFO  ratis.ContainerStateMachine (ContainerStateMachine.java:takeSnapshot(304)) - group-AAAE33B07054: Finished taking a snapshot at:(t:1, i:0) file:/github/workspace/mnt/ozone/hadoop-ozone/integration-test/target/test-dir/MiniOzoneClusterImpl-ddfb2fb6-1dd1-47df-b9d1-90c4649f621f/datanode-2/data/ratis/8c4df536-6802-49c5-b252-aaae33b07054/sm/snapshot.1_0 time:1
2020-07-07 04:55:00,512 [b4cbc94e-a0c4-4ad4-8347-afa6d31e032e@group-477B4A60CD8C-StateMachineUpdater] INFO  metrics.RatisMetrics (RatisMetrics.java:unregister(43)) - Unregistering Metrics Registry : ratis.state_machine.b4cbc94e-a0c4-4ad4-8347-afa6d31e032e@group-477B4A60CD8C
2020-07-07 04:55:00,513 [2c88a600-62c8-44d6-86d4-28f745868ae9@group-AAAE33B07054-StateMachineUpdater] INFO  impl.StateMachineUpdater (StateMachineUpdater.java:takeSnapshot(277)) - 2c88a600-62c8-44d6-86d4-28f745868ae9@group-AAAE33B07054-StateMachineUpdater: Took a snapshot at index 0
2020-07-07 04:55:00,513 [2c88a600-62c8-44d6-86d4-28f745868ae9@group-AAAE33B07054-StateMachineUpdater] INFO  impl.StateMachineUpdater (StateMachineUpdater.java:lambda$new$0(87)) - 2c88a600-62c8-44d6-86d4-28f745868ae9@group-AAAE33B07054-StateMachineUpdater: snapshotIndex: updateIncreasingly -1 -> 0
2020-07-07 04:55:00,513 [2c88a600-62c8-44d6-86d4-28f745868ae9@group-AAAE33B07054-StateMachineUpdater] INFO  metrics.RatisMetrics (RatisMetrics.java:unregister(43)) - Unregistering Metrics Registry : ratis.state_machine.2c88a600-62c8-44d6-86d4-28f745868ae9@group-AAAE33B07054
2020-07-07 04:55:00,513 [ForkJoinPool.commonPool-worker-0] INFO  impl.RaftServerImpl (ServerState.java:close(387)) - 2c88a600-62c8-44d6-86d4-28f745868ae9@group-AAAE33B07054: closes. applyIndex: 0
2020-07-07 04:55:00,513 [2c88a600-62c8-44d6-86d4-28f745868ae9@group-AAAE33B07054-SegmentedRaftLogWorker] INFO  segmented.SegmentedRaftLogWorker (SegmentedRaftLogWorker.java:run(327)) - 2c88a600-62c8-44d6-86d4-28f745868ae9@group-AAAE33B07054-SegmentedRaftLogWorker was interrupted, exiting. There are 0 tasks remaining in the queue.
2020-07-07 04:55:00,513 [Listener at 127.0.0.1/42245] INFO  impl.RaftServerImpl (ServerState.java:close(387)) - b4cbc94e-a0c4-4ad4-8347-afa6d31e032e@group-477B4A60CD8C: closes. applyIndex: 0
2020-07-07 04:55:00,515 [ForkJoinPool.commonPool-worker-0] INFO  segmented.SegmentedRaftLogWorker (SegmentedRaftLogWorker.java:close(234)) - 2c88a600-62c8-44d6-86d4-28f745868ae9@group-AAAE33B07054-SegmentedRaftLogWorker close()
2020-07-07 04:55:00,516 [b4cbc94e-a0c4-4ad4-8347-afa6d31e032e@group-477B4A60CD8C-SegmentedRaftLogWorker] INFO  segmented.SegmentedRaftLogWorker (SegmentedRaftLogWorker.java:run(327)) - b4cbc94e-a0c4-4ad4-8347-afa6d31e032e@group-477B4A60CD8C-SegmentedRaftLogWorker was interrupted, exiting. There are 0 tasks remaining in the queue.
2020-07-07 04:55:00,518 [ForkJoinPool.commonPool-worker-0] INFO  metrics.RatisMetrics (RatisMetrics.java:unregister(43)) - Unregistering Metrics Registry : ratis.log_worker.2c88a600-62c8-44d6-86d4-28f745868ae9@group-AAAE33B07054
2020-07-07 04:55:00,518 [ForkJoinPool.commonPool-worker-0] INFO  metrics.RatisMetrics (RatisMetrics.java:unregister(43)) - Unregistering Metrics Registry : ratis.leader_election.2c88a600-62c8-44d6-86d4-28f745868ae9@group-AAAE33B07054
2020-07-07 04:55:00,518 [ForkJoinPool.commonPool-worker-0] INFO  metrics.RatisMetrics (RatisMetrics.java:unregister(43)) - Unregistering Metrics Registry : ratis.server.2c88a600-62c8-44d6-86d4-28f745868ae9@group-AAAE33B07054
2020-07-07 04:55:00,518 [ForkJoinPool.commonPool-worker-0] INFO  impl.RaftServerImpl (RaftServerImpl.java:lambda$shutdown$3(252)) - 2c88a600-62c8-44d6-86d4-28f745868ae9@group-406F52C2C348: shutdown
2020-07-07 04:55:00,518 [ForkJoinPool.commonPool-worker-0] INFO  util.JmxRegister (JmxRegister.java:unregister(73)) - Successfully un-registered JMX Bean with object name Ratis:service=RaftServer,group=group-406F52C2C348,id=2c88a600-62c8-44d6-86d4-28f745868ae9
2020-07-07 04:55:00,518 [ForkJoinPool.commonPool-worker-0] INFO  impl.RoleInfo (RoleInfo.java:shutdownLeaderState(104)) - 2c88a600-62c8-44d6-86d4-28f745868ae9: shutdown LeaderState
2020-07-07 04:55:00,518 [ForkJoinPool.commonPool-worker-0] INFO  metrics.RatisMetrics (RatisMetrics.java:unregister(43)) - Unregistering Metrics Registry : ratis_grpc.log_appender.2c88a600-62c8-44d6-86d4-28f745868ae9@group-406F52C2C348
2020-07-07 04:55:00,519 [ForkJoinPool.commonPool-worker-0] INFO  metrics.RatisMetrics (RatisMetrics.java:unregister(43)) - Unregistering Metrics Registry : ratis_grpc.log_appender.2c88a600-62c8-44d6-86d4-28f745868ae9@group-406F52C2C348
2020-07-07 04:55:00,519 [org.apache.ratis.server.impl.LogAppender$AppenderDaemon$$Lambda$443/424591466@5af70a82] WARN  server.GrpcLogAppender (GrpcLogAppender.java:mayWait(153)) - 2c88a600-62c8-44d6-86d4-28f745868ae9@group-406F52C2C348->441cb323-c758-4204-8e94-c518eb7e3dfa-GrpcLogAppender: Wait interrupted by java.lang.InterruptedException
2020-07-07 04:55:00,519 [Listener at 127.0.0.1/42245] INFO  segmented.SegmentedRaftLogWorker (SegmentedRaftLogWorker.java:close(234)) - b4cbc94e-a0c4-4ad4-8347-afa6d31e032e@group-477B4A60CD8C-SegmentedRaftLogWorker close()
2020-07-07 04:55:00,528 [Listener at 127.0.0.1/42245] INFO  metrics.RatisMetrics (RatisMetrics.java:unregister(43)) - Unregistering Metrics Registry : ratis.log_worker.b4cbc94e-a0c4-4ad4-8347-afa6d31e032e@group-477B4A60CD8C
2020-07-07 04:55:00,528 [Listener at 127.0.0.1/42245] INFO  metrics.RatisMetrics (RatisMetrics.java:unregister(43)) - Unregistering Metrics Registry : ratis.leader_election.b4cbc94e-a0c4-4ad4-8347-afa6d31e032e@group-477B4A60CD8C
2020-07-07 04:55:00,528 [Listener at 127.0.0.1/42245] INFO  metrics.RatisMetrics (RatisMetrics.java:unregister(43)) - Unregistering Metrics Registry : ratis.server.b4cbc94e-a0c4-4ad4-8347-afa6d31e032e@group-477B4A60CD8C
2020-07-07 04:55:00,529 [Listener at 127.0.0.1/42245] INFO  impl.RaftServerImpl (RaftServerImpl.java:lambda$shutdown$3(252)) - b4cbc94e-a0c4-4ad4-8347-afa6d31e032e@group-5B138B8C53D9: shutdown
2020-07-07 04:55:00,530 [Listener at 127.0.0.1/42245] INFO  util.JmxRegister (JmxRegister.java:unregister(73)) - Successfully un-registered JMX Bean with object name Ratis:service=RaftServer,group=group-5B138B8C53D9,id=b4cbc94e-a0c4-4ad4-8347-afa6d31e032e
2020-07-07 04:55:00,530 [Listener at 127.0.0.1/42245] INFO  impl.RoleInfo (RoleInfo.java:shutdownFollowerState(121)) - b4cbc94e-a0c4-4ad4-8347-afa6d31e032e: shutdown FollowerState
2020-07-07 04:55:00,530 [Listener at 127.0.0.1/42245] INFO  impl.StateMachineUpdater (StateMachineUpdater.java:stopAndJoin(142)) - b4cbc94e-a0c4-4ad4-8347-afa6d31e032e@group-5B138B8C53D9-StateMachineUpdater: set stopIndex = 2
2020-07-07 04:55:00,528 [grpc-default-executor-1] INFO  server.GrpcServerProtocolService (GrpcServerProtocolService.java:onCompleted(138)) - 441cb323-c758-4204-8e94-c518eb7e3dfa: Completed APPEND_ENTRIES, lastRequest: 2c88a600-62c8-44d6-86d4-28f745868ae9->441cb323-c758-4204-8e94-c518eb7e3dfa#1-t2, previous=(t:0, i:0), leaderCommit=0, initializing? false, entries: size=1, first=(t:2, i:0), CONFIGURATIONENTRY
2020-07-07 04:55:00,530 [Thread-1690] INFO  impl.FollowerState (FollowerState.java:run(117)) - b4cbc94e-a0c4-4ad4-8347-afa6d31e032e@group-5B138B8C53D9-FollowerState was interrupted: java.lang.InterruptedException: sleep interrupted
2020-07-07 04:55:00,531 [grpc-default-executor-0] INFO  server.GrpcLogAppender (GrpcLogAppender.java:onCompleted(319)) - 2c88a600-62c8-44d6-86d4-28f745868ae9@group-406F52C2C348->441cb323-c758-4204-8e94-c518eb7e3dfa-AppendLogResponseHandler: follower responses appendEntries COMPLETED
2020-07-07 04:55:00,531 [b4cbc94e-a0c4-4ad4-8347-afa6d31e032e@group-5B138B8C53D9-StateMachineUpdater] INFO  ratis.ContainerStateMachine (ContainerStateMachine.java:takeSnapshot(293)) - group-5B138B8C53D9: Taking a snapshot at:(t:1, i:2) file /github/workspace/mnt/ozone/hadoop-ozone/integration-test/target/test-dir/MiniOzoneClusterImpl-ddfb2fb6-1dd1-47df-b9d1-90c4649f621f/datanode-4/data/ratis/2edd039b-0aa8-4829-97f7-5b138b8c53d9/sm/snapshot.1_2
2020-07-07 04:55:00,529 [ForkJoinPool.commonPool-worker-0] INFO  impl.PendingRequests (PendingRequests.java:sendNotLeaderResponses(249)) - 2c88a600-62c8-44d6-86d4-28f745868ae9@group-406F52C2C348-PendingRequests: sendNotLeaderResponses
2020-07-07 04:55:00,529 [org.apache.ratis.server.impl.LogAppender$AppenderDaemon$$Lambda$443/424591466@119981c] WARN  server.GrpcLogAppender (GrpcLogAppender.java:mayWait(153)) - 2c88a600-62c8-44d6-86d4-28f745868ae9@group-406F52C2C348->49d4fddc-cd10-443b-a45d-8ada7c557abf-GrpcLogAppender: Wait interrupted by java.lang.InterruptedException
2020-07-07 04:55:00,532 [b4cbc94e-a0c4-4ad4-8347-afa6d31e032e@group-5B138B8C53D9-StateMachineUpdater] INFO  ratis.ContainerStateMachine (ContainerStateMachine.java:takeSnapshot(304)) - group-5B138B8C53D9: Finished taking a snapshot at:(t:1, i:2) file:/github/workspace/mnt/ozone/hadoop-ozone/integration-test/target/test-dir/MiniOzoneClusterImpl-ddfb2fb6-1dd1-47df-b9d1-90c4649f621f/datanode-4/data/ratis/2edd039b-0aa8-4829-97f7-5b138b8c53d9/sm/snapshot.1_2 time:2
2020-07-07 04:55:00,533 [b4cbc94e-a0c4-4ad4-8347-afa6d31e032e@group-5B138B8C53D9-StateMachineUpdater] INFO  impl.StateMachineUpdater (StateMachineUpdater.java:takeSnapshot(277)) - b4cbc94e-a0c4-4ad4-8347-afa6d31e032e@group-5B138B8C53D9-StateMachineUpdater: Took a snapshot at index 2
2020-07-07 04:55:00,533 [b4cbc94e-a0c4-4ad4-8347-afa6d31e032e@group-5B138B8C53D9-StateMachineUpdater] INFO  impl.StateMachineUpdater (StateMachineUpdater.java:lambda$new$0(87)) - b4cbc94e-a0c4-4ad4-8347-afa6d31e032e@group-5B138B8C53D9-StateMachineUpdater: snapshotIndex: updateIncreasingly -1 -> 2
2020-07-07 04:55:00,533 [b4cbc94e-a0c4-4ad4-8347-afa6d31e032e@group-5B138B8C53D9-StateMachineUpdater] INFO  metrics.RatisMetrics (RatisMetrics.java:unregister(43)) - Unregistering Metrics Registry : ratis.state_machine.b4cbc94e-a0c4-4ad4-8347-afa6d31e032e@group-5B138B8C53D9
2020-07-07 04:55:00,533 [Listener at 127.0.0.1/42245] INFO  impl.RaftServerImpl (ServerState.java:close(387)) - b4cbc94e-a0c4-4ad4-8347-afa6d31e032e@group-5B138B8C53D9: closes. applyIndex: 2
2020-07-07 04:55:00,533 [b4cbc94e-a0c4-4ad4-8347-afa6d31e032e@group-5B138B8C53D9-SegmentedRaftLogWorker] INFO  segmented.SegmentedRaftLogWorker (SegmentedRaftLogWorker.java:run(327)) - b4cbc94e-a0c4-4ad4-8347-afa6d31e032e@group-5B138B8C53D9-SegmentedRaftLogWorker was interrupted, exiting. There are 0 tasks remaining in the queue.
2020-07-07 04:55:00,534 [grpc-default-executor-1] INFO  server.GrpcServerProtocolService (GrpcServerProtocolService.java:onCompleted(138)) - 49d4fddc-cd10-443b-a45d-8ada7c557abf: Completed APPEND_ENTRIES, lastRequest: 2c88a600-62c8-44d6-86d4-28f745868ae9->49d4fddc-cd10-443b-a45d-8ada7c557abf#1-t2, previous=(t:0, i:0), leaderCommit=0, initializing? false, entries: size=1, first=(t:2, i:0), CONFIGURATIONENTRY
2020-07-07 04:55:00,534 [grpc-default-executor-0] INFO  impl.FollowerInfo (FollowerInfo.java:lambda$new$0(51)) - 2c88a600-62c8-44d6-86d4-28f745868ae9@group-406F52C2C348->441cb323-c758-4204-8e94-c518eb7e3dfa: nextIndex: updateUnconditionally 1 -> 0
2020-07-07 04:55:00,535 [ForkJoinPool.commonPool-worker-0] INFO  metrics.RatisMetrics (RatisMetrics.java:unregister(43)) - Unregistering Metrics Registry : ratis.log_appender.2c88a600-62c8-44d6-86d4-28f745868ae9@group-406F52C2C348
2020-07-07 04:55:00,535 [grpc-default-executor-1] INFO  server.GrpcLogAppender (GrpcLogAppender.java:onCompleted(319)) - 2c88a600-62c8-44d6-86d4-28f745868ae9@group-406F52C2C348->49d4fddc-cd10-443b-a45d-8ada7c557abf-AppendLogResponseHandler: follower responses appendEntries COMPLETED
2020-07-07 04:55:00,535 [ForkJoinPool.commonPool-worker-0] INFO  metrics.RatisMetrics (RatisMetrics.java:unregister(43)) - Unregistering Metrics Registry : ratis.server.2c88a600-62c8-44d6-86d4-28f745868ae9@group-406F52C2C348
2020-07-07 04:55:00,536 [Listener at 127.0.0.1/42245] INFO  segmented.SegmentedRaftLogWorker (SegmentedRaftLogWorker.java:close(234)) - b4cbc94e-a0c4-4ad4-8347-afa6d31e032e@group-5B138B8C53D9-SegmentedRaftLogWorker close()
2020-07-07 04:55:00,537 [grpc-default-executor-1] INFO  impl.FollowerInfo (FollowerInfo.java:lambda$new$0(51)) - 2c88a600-62c8-44d6-86d4-28f745868ae9@group-406F52C2C348->49d4fddc-cd10-443b-a45d-8ada7c557abf: nextIndex: updateUnconditionally 1 -> 0
2020-07-07 04:55:00,537 [ForkJoinPool.commonPool-worker-0] INFO  impl.StateMachineUpdater (StateMachineUpdater.java:stopAndJoin(142)) - 2c88a600-62c8-44d6-86d4-28f745868ae9@group-406F52C2C348-StateMachineUpdater: set stopIndex = 0
2020-07-07 04:55:00,537 [2c88a600-62c8-44d6-86d4-28f745868ae9@group-406F52C2C348-StateMachineUpdater] INFO  ratis.ContainerStateMachine (ContainerStateMachine.java:takeSnapshot(293)) - group-406F52C2C348: Taking a snapshot at:(t:2, i:0) file /github/workspace/mnt/ozone/hadoop-ozone/integration-test/target/test-dir/MiniOzoneClusterImpl-ddfb2fb6-1dd1-47df-b9d1-90c4649f621f/datanode-2/data/ratis/0c546911-57de-4501-9d81-406f52c2c348/sm/snapshot.2_0
2020-07-07 04:55:00,539 [2c88a600-62c8-44d6-86d4-28f745868ae9@group-406F52C2C348-StateMachineUpdater] INFO  ratis.ContainerStateMachine (ContainerStateMachine.java:takeSnapshot(304)) - group-406F52C2C348: Finished taking a snapshot at:(t:2, i:0) file:/github/workspace/mnt/ozone/hadoop-ozone/integration-test/target/test-dir/MiniOzoneClusterImpl-ddfb2fb6-1dd1-47df-b9d1-90c4649f621f/datanode-2/data/ratis/0c546911-57de-4501-9d81-406f52c2c348/sm/snapshot.2_0 time:1
2020-07-07 04:55:00,539 [2c88a600-62c8-44d6-86d4-28f745868ae9@group-406F52C2C348-StateMachineUpdater] INFO  impl.StateMachineUpdater (StateMachineUpdater.java:takeSnapshot(277)) - 2c88a600-62c8-44d6-86d4-28f745868ae9@group-406F52C2C348-StateMachineUpdater: Took a snapshot at index 0
2020-07-07 04:55:00,539 [2c88a600-62c8-44d6-86d4-28f745868ae9@group-406F52C2C348-StateMachineUpdater] INFO  impl.StateMachineUpdater (StateMachineUpdater.java:lambda$new$0(87)) - 2c88a600-62c8-44d6-86d4-28f745868ae9@group-406F52C2C348-StateMachineUpdater: snapshotIndex: updateIncreasingly -1 -> 0
2020-07-07 04:55:00,539 [2c88a600-62c8-44d6-86d4-28f745868ae9@group-406F52C2C348-StateMachineUpdater] INFO  metrics.RatisMetrics (RatisMetrics.java:unregister(43)) - Unregistering Metrics Registry : ratis.state_machine.2c88a600-62c8-44d6-86d4-28f745868ae9@group-406F52C2C348
2020-07-07 04:55:00,540 [ForkJoinPool.commonPool-worker-0] INFO  impl.RaftServerImpl (ServerState.java:close(387)) - 2c88a600-62c8-44d6-86d4-28f745868ae9@group-406F52C2C348: closes. applyIndex: 0
2020-07-07 04:55:00,540 [2c88a600-62c8-44d6-86d4-28f745868ae9@group-406F52C2C348-SegmentedRaftLogWorker] INFO  segmented.SegmentedRaftLogWorker (SegmentedRaftLogWorker.java:run(327)) - 2c88a600-62c8-44d6-86d4-28f745868ae9@group-406F52C2C348-SegmentedRaftLogWorker was interrupted, exiting. There are 0 tasks remaining in the queue.
2020-07-07 04:55:00,541 [Listener at 127.0.0.1/42245] INFO  metrics.RatisMetrics (RatisMetrics.java:unregister(43)) - Unregistering Metrics Registry : ratis.log_worker.b4cbc94e-a0c4-4ad4-8347-afa6d31e032e@group-5B138B8C53D9
2020-07-07 04:55:00,541 [ForkJoinPool.commonPool-worker-0] INFO  segmented.SegmentedRaftLogWorker (SegmentedRaftLogWorker.java:close(234)) - 2c88a600-62c8-44d6-86d4-28f745868ae9@group-406F52C2C348-SegmentedRaftLogWorker close()
2020-07-07 04:55:00,541 [Listener at 127.0.0.1/42245] INFO  metrics.RatisMetrics (RatisMetrics.java:unregister(43)) - Unregistering Metrics Registry : ratis.leader_election.b4cbc94e-a0c4-4ad4-8347-afa6d31e032e@group-5B138B8C53D9
2020-07-07 04:55:00,542 [Listener at 127.0.0.1/42245] INFO  metrics.RatisMetrics (RatisMetrics.java:unregister(43)) - Unregistering Metrics Registry : ratis.server.b4cbc94e-a0c4-4ad4-8347-afa6d31e032e@group-5B138B8C53D9
2020-07-07 04:55:00,542 [Listener at 127.0.0.1/42245] INFO  server.GrpcService (GrpcService.java:closeImpl(166)) - b4cbc94e-a0c4-4ad4-8347-afa6d31e032e: shutdown server with port 43645 now
2020-07-07 04:55:00,544 [grpc-default-executor-0] WARN  server.GrpcServerProtocolService (LogUtils.java:warn(122)) - b4cbc94e-a0c4-4ad4-8347-afa6d31e032e: installSnapshot onError, lastRequest: faaf968f-0fca-4e96-b7e0-547f8fed29e0->b4cbc94e-a0c4-4ad4-8347-afa6d31e032e#3-t1, previous=(t:1, i:1), leaderCommit=1, initializing? false, entries: size=1, first=(t:1, i:2), METADATAENTRY(c:1): org.apache.ratis.thirdparty.io.grpc.StatusRuntimeException: CANCELLED: cancelled before receiving half close
2020-07-07 04:55:00,544 [grpc-default-executor-6] WARN  server.GrpcLogAppender (LogUtils.java:warn(122)) - faaf968f-0fca-4e96-b7e0-547f8fed29e0@group-5B138B8C53D9->b4cbc94e-a0c4-4ad4-8347-afa6d31e032e-AppendLogResponseHandler: Failed appendEntries: org.apache.ratis.thirdparty.io.grpc.StatusRuntimeException: CANCELLED: HTTP/2 error code: CANCEL
Received Rst Stream
2020-07-07 04:55:00,544 [Listener at 127.0.0.1/42245] INFO  server.GrpcService (GrpcService.java:closeImpl(174)) - b4cbc94e-a0c4-4ad4-8347-afa6d31e032e: shutdown server with port 43645 successfully
2020-07-07 04:55:00,544 [ForkJoinPool.commonPool-worker-0] INFO  metrics.RatisMetrics (RatisMetrics.java:unregister(43)) - Unregistering Metrics Registry : ratis.log_worker.2c88a600-62c8-44d6-86d4-28f745868ae9@group-406F52C2C348
2020-07-07 04:55:00,545 [ForkJoinPool.commonPool-worker-0] INFO  metrics.RatisMetrics (RatisMetrics.java:unregister(43)) - Unregistering Metrics Registry : ratis.leader_election.2c88a600-62c8-44d6-86d4-28f745868ae9@group-406F52C2C348
2020-07-07 04:55:00,546 [ForkJoinPool.commonPool-worker-0] INFO  metrics.RatisMetrics (RatisMetrics.java:unregister(43)) - Unregistering Metrics Registry : ratis.server.2c88a600-62c8-44d6-86d4-28f745868ae9@group-406F52C2C348
2020-07-07 04:55:00,546 [ForkJoinPool.commonPool-worker-0] INFO  server.GrpcService (GrpcService.java:closeImpl(166)) - 2c88a600-62c8-44d6-86d4-28f745868ae9: shutdown server with port 35933 now
2020-07-07 04:55:00,545 [Listener at 127.0.0.1/42245] INFO  utils.BackgroundService (BackgroundService.java:shutdown(157)) - Shutting down service BlockDeletingService
2020-07-07 04:55:00,545 [grpc-default-executor-6] INFO  impl.FollowerInfo (FollowerInfo.java:lambda$new$0(51)) - faaf968f-0fca-4e96-b7e0-547f8fed29e0@group-5B138B8C53D9->b4cbc94e-a0c4-4ad4-8347-afa6d31e032e: nextIndex: updateUnconditionally 3 -> 2
2020-07-07 04:55:00,547 [ForkJoinPool.commonPool-worker-0] INFO  server.GrpcService (GrpcService.java:closeImpl(174)) - 2c88a600-62c8-44d6-86d4-28f745868ae9: shutdown server with port 35933 successfully
2020-07-07 04:55:00,552 [Listener at 127.0.0.1/42245] INFO  statemachine.DatanodeStateMachine (DatanodeStateMachine.java:stopDaemon(428)) - Ozone container server stopped.
2020-07-07 04:55:00,553 [ForkJoinPool.commonPool-worker-0] INFO  utils.BackgroundService (BackgroundService.java:shutdown(157)) - Shutting down service BlockDeletingService
2020-07-07 04:55:00,555 [ForkJoinPool.commonPool-worker-0] INFO  statemachine.DatanodeStateMachine (DatanodeStateMachine.java:stopDaemon(428)) - Ozone container server stopped.
2020-07-07 04:55:00,556 [Listener at 127.0.0.1/42245] INFO  handler.ContextHandler (ContextHandler.java:doStop(1016)) - Stopped o.e.j.w.WebAppContext@234a21e9{hddsDatanode,/,null,UNAVAILABLE}{jar:file:/home/user/.m2/repository/org/apache/hadoop/hadoop-hdds-container-service/0.6.0-SNAPSHOT/hadoop-hdds-container-service-0.6.0-SNAPSHOT.jar!/webapps/hddsDatanode}
2020-07-07 04:55:00,557 [ForkJoinPool.commonPool-worker-0] INFO  handler.ContextHandler (ContextHandler.java:doStop(1016)) - Stopped o.e.j.w.WebAppContext@27e4aacc{hddsDatanode,/,null,UNAVAILABLE}{jar:file:/home/user/.m2/repository/org/apache/hadoop/hadoop-hdds-container-service/0.6.0-SNAPSHOT/hadoop-hdds-container-service-0.6.0-SNAPSHOT.jar!/webapps/hddsDatanode}
2020-07-07 04:55:00,557 [Listener at 127.0.0.1/42245] INFO  server.AbstractConnector (AbstractConnector.java:doStop(380)) - Stopped ServerConnector@7963a94b{HTTP/1.1,[http/1.1]}{0.0.0.0:0}
2020-07-07 04:55:00,558 [Listener at 127.0.0.1/42245] INFO  server.session (HouseKeeper.java:stopScavenging(158)) - node0 Stopped scavenging
2020-07-07 04:55:00,558 [ForkJoinPool.commonPool-worker-0] INFO  server.AbstractConnector (AbstractConnector.java:doStop(380)) - Stopped ServerConnector@29923d3d{HTTP/1.1,[http/1.1]}{0.0.0.0:0}
2020-07-07 04:55:00,558 [ForkJoinPool.commonPool-worker-0] INFO  server.session (HouseKeeper.java:stopScavenging(158)) - node0 Stopped scavenging
2020-07-07 04:55:00,558 [Listener at 127.0.0.1/42245] INFO  handler.ContextHandler (ContextHandler.java:doStop(1016)) - Stopped o.e.j.s.ServletContextHandler@3dacb927{static,/static,jar:file:/home/user/.m2/repository/org/apache/hadoop/hadoop-hdds-container-service/0.6.0-SNAPSHOT/hadoop-hdds-container-service-0.6.0-SNAPSHOT.jar!/webapps/static,UNAVAILABLE}
2020-07-07 04:55:00,559 [Listener at 127.0.0.1/42245] INFO  handler.ContextHandler (ContextHandler.java:doStop(1016)) - Stopped o.e.j.s.ServletContextHandler@38cbc9a7{logs,/logs,file:///github/workspace/mnt/ozone/hadoop-ozone/integration-test/target/log,UNAVAILABLE}
2020-07-07 04:55:00,559 [ForkJoinPool.commonPool-worker-0] INFO  handler.ContextHandler (ContextHandler.java:doStop(1016)) - Stopped o.e.j.s.ServletContextHandler@32a7f41b{static,/static,jar:file:/home/user/.m2/repository/org/apache/hadoop/hadoop-hdds-container-service/0.6.0-SNAPSHOT/hadoop-hdds-container-service-0.6.0-SNAPSHOT.jar!/webapps/static,UNAVAILABLE}
2020-07-07 04:55:00,562 [ForkJoinPool.commonPool-worker-0] INFO  handler.ContextHandler (ContextHandler.java:doStop(1016)) - Stopped o.e.j.s.ServletContextHandler@5679e277{logs,/logs,file:///github/workspace/mnt/ozone/hadoop-ozone/integration-test/target/log,UNAVAILABLE}
2020-07-07 04:55:01,481 [Datanode State Machine Thread - 0] INFO  statemachine.DatanodeStateMachine (DatanodeStateMachine.java:lambda$startDaemon$0(380)) - Ozone container server started.
2020-07-07 04:55:01,485 [Datanode State Machine Thread - 0] INFO  statemachine.DatanodeStateMachine (DatanodeStateMachine.java:lambda$startDaemon$0(380)) - Ozone container server started.
2020-07-07 04:55:02,916 [grpc-default-executor-0] DEBUG server.GrpcLogAppender (GrpcLogAppender.java:onNext(257)) - 850327c1-f3ee-4a2d-9c3d-5bffdb64e521@group-E8C64DAF1BB3->a62f0d4c-b40d-4885-8959-00b4626cec0c-AppendLogResponseHandler: received a reply 850327c1-f3ee-4a2d-9c3d-5bffdb64e521<-a62f0d4c-b40d-4885-8959-00b4626cec0c#2:OK,SUCCESS,nextIndex:1,term:3,followerCommit:0, request=AppendEntriesRequest:cid=2,entriesCount=0,lastEntry=null
2020-07-07 04:55:02,916 [grpc-default-executor-0] DEBUG server.GrpcLogAppender (GrpcLogAppender.java:onNext(257)) - 850327c1-f3ee-4a2d-9c3d-5bffdb64e521@group-E8C64DAF1BB3->e48c4946-041b-4a5b-90ab-176302687b86-AppendLogResponseHandler: received a reply 850327c1-f3ee-4a2d-9c3d-5bffdb64e521<-e48c4946-041b-4a5b-90ab-176302687b86#2:OK,SUCCESS,nextIndex:1,term:3,followerCommit:0, request=AppendEntriesRequest:cid=2,entriesCount=0,lastEntry=null
2020-07-07 04:55:02,972 [grpc-default-executor-1] WARN  server.GrpcLogAppender (LogUtils.java:warn(122)) - faaf968f-0fca-4e96-b7e0-547f8fed29e0@group-5B138B8C53D9->b4cbc94e-a0c4-4ad4-8347-afa6d31e032e-AppendLogResponseHandler: Failed appendEntries: org.apache.ratis.thirdparty.io.grpc.StatusRuntimeException: UNAVAILABLE: io exception
2020-07-07 04:55:02,975 [grpc-default-executor-1] INFO  impl.FollowerInfo (FollowerInfo.java:lambda$new$0(51)) - faaf968f-0fca-4e96-b7e0-547f8fed29e0@group-5B138B8C53D9->b4cbc94e-a0c4-4ad4-8347-afa6d31e032e: nextIndex: updateUnconditionally 3 -> 2
2020-07-07 04:55:02,976 [grpc-default-executor-1] DEBUG server.GrpcLogAppender (GrpcLogAppender.java:onNext(257)) - faaf968f-0fca-4e96-b7e0-547f8fed29e0@group-5B138B8C53D9->3f0f6471-07a7-4b9b-821c-68adebd7d2e3-AppendLogResponseHandler: received a reply faaf968f-0fca-4e96-b7e0-547f8fed29e0<-3f0f6471-07a7-4b9b-821c-68adebd7d2e3#6:OK,SUCCESS,nextIndex:3,term:1,followerCommit:2, request=AppendEntriesRequest:cid=6,entriesCount=0,lastEntry=null
2020-07-07 04:55:05,418 [grpc-default-executor-1] DEBUG server.GrpcLogAppender (GrpcLogAppender.java:onNext(257)) - 850327c1-f3ee-4a2d-9c3d-5bffdb64e521@group-E8C64DAF1BB3->a62f0d4c-b40d-4885-8959-00b4626cec0c-AppendLogResponseHandler: received a reply 850327c1-f3ee-4a2d-9c3d-5bffdb64e521<-a62f0d4c-b40d-4885-8959-00b4626cec0c#3:OK,SUCCESS,nextIndex:1,term:3,followerCommit:0, request=AppendEntriesRequest:cid=3,entriesCount=0,lastEntry=null
2020-07-07 04:55:05,419 [grpc-default-executor-0] DEBUG server.GrpcLogAppender (GrpcLogAppender.java:onNext(257)) - 850327c1-f3ee-4a2d-9c3d-5bffdb64e521@group-E8C64DAF1BB3->e48c4946-041b-4a5b-90ab-176302687b86-AppendLogResponseHandler: received a reply 850327c1-f3ee-4a2d-9c3d-5bffdb64e521<-e48c4946-041b-4a5b-90ab-176302687b86#3:OK,SUCCESS,nextIndex:1,term:3,followerCommit:0, request=AppendEntriesRequest:cid=3,entriesCount=0,lastEntry=null
2020-07-07 04:55:05,473 [grpc-default-executor-1] WARN  server.GrpcLogAppender (LogUtils.java:warn(122)) - faaf968f-0fca-4e96-b7e0-547f8fed29e0@group-5B138B8C53D9->b4cbc94e-a0c4-4ad4-8347-afa6d31e032e-AppendLogResponseHandler: Failed appendEntries: org.apache.ratis.thirdparty.io.grpc.StatusRuntimeException: UNAVAILABLE: io exception
2020-07-07 04:55:05,475 [grpc-default-executor-1] INFO  impl.FollowerInfo (FollowerInfo.java:lambda$new$0(51)) - faaf968f-0fca-4e96-b7e0-547f8fed29e0@group-5B138B8C53D9->b4cbc94e-a0c4-4ad4-8347-afa6d31e032e: nextIndex: updateUnconditionally 3 -> 2
2020-07-07 04:55:05,477 [grpc-default-executor-1] DEBUG server.GrpcLogAppender (GrpcLogAppender.java:onNext(257)) - faaf968f-0fca-4e96-b7e0-547f8fed29e0@group-5B138B8C53D9->3f0f6471-07a7-4b9b-821c-68adebd7d2e3-AppendLogResponseHandler: received a reply faaf968f-0fca-4e96-b7e0-547f8fed29e0<-3f0f6471-07a7-4b9b-821c-68adebd7d2e3#7:OK,SUCCESS,nextIndex:3,term:1,followerCommit:2, request=AppendEntriesRequest:cid=7,entriesCount=0,lastEntry=null
2020-07-07 04:55:05,563 [Listener at 127.0.0.1/42245] INFO  ozoneimpl.OzoneContainer (OzoneContainer.java:stop(246)) - Attempting to stop container services.
2020-07-07 04:55:05,563 [Listener at 127.0.0.1/42245] INFO  impl.RaftServerProxy (RaftServerProxy.java:lambda$close$4(319)) - 3f0f6471-07a7-4b9b-821c-68adebd7d2e3: close
2020-07-07 04:55:05,563 [Listener at 127.0.0.1/42245] INFO  impl.RaftServerImpl (RaftServerImpl.java:lambda$shutdown$3(252)) - 3f0f6471-07a7-4b9b-821c-68adebd7d2e3@group-13380E399D11: shutdown
2020-07-07 04:55:05,563 [ForkJoinPool.commonPool-worker-0] INFO  ozoneimpl.OzoneContainer (OzoneContainer.java:stop(246)) - Attempting to stop container services.
2020-07-07 04:55:05,563 [Listener at 127.0.0.1/42245] INFO  util.JmxRegister (JmxRegister.java:unregister(73)) - Successfully un-registered JMX Bean with object name Ratis:service=RaftServer,group=group-13380E399D11,id=3f0f6471-07a7-4b9b-821c-68adebd7d2e3
2020-07-07 04:55:05,564 [Listener at 127.0.0.1/42245] INFO  impl.RoleInfo (RoleInfo.java:shutdownLeaderState(104)) - 3f0f6471-07a7-4b9b-821c-68adebd7d2e3: shutdown LeaderState
2020-07-07 04:55:05,564 [ForkJoinPool.commonPool-worker-0] INFO  impl.RaftServerProxy (RaftServerProxy.java:lambda$close$4(319)) - faaf968f-0fca-4e96-b7e0-547f8fed29e0: close
2020-07-07 04:55:05,564 [Listener at 127.0.0.1/42245] INFO  impl.PendingRequests (PendingRequests.java:sendNotLeaderResponses(249)) - 3f0f6471-07a7-4b9b-821c-68adebd7d2e3@group-13380E399D11-PendingRequests: sendNotLeaderResponses
2020-07-07 04:55:05,564 [ForkJoinPool.commonPool-worker-0] INFO  impl.RaftServerImpl (RaftServerImpl.java:lambda$shutdown$3(252)) - faaf968f-0fca-4e96-b7e0-547f8fed29e0@group-5B138B8C53D9: shutdown
2020-07-07 04:55:05,564 [ForkJoinPool.commonPool-worker-0] INFO  util.JmxRegister (JmxRegister.java:unregister(73)) - Successfully un-registered JMX Bean with object name Ratis:service=RaftServer,group=group-5B138B8C53D9,id=faaf968f-0fca-4e96-b7e0-547f8fed29e0
2020-07-07 04:55:05,565 [ForkJoinPool.commonPool-worker-0] INFO  impl.RoleInfo (RoleInfo.java:shutdownLeaderState(104)) - faaf968f-0fca-4e96-b7e0-547f8fed29e0: shutdown LeaderState
2020-07-07 04:55:05,565 [ForkJoinPool.commonPool-worker-0] INFO  metrics.RatisMetrics (RatisMetrics.java:unregister(43)) - Unregistering Metrics Registry : ratis_grpc.log_appender.faaf968f-0fca-4e96-b7e0-547f8fed29e0@group-5B138B8C53D9
2020-07-07 04:55:05,564 [Listener at 127.0.0.1/42245] INFO  metrics.RatisMetrics (RatisMetrics.java:unregister(43)) - Unregistering Metrics Registry : ratis.log_appender.3f0f6471-07a7-4b9b-821c-68adebd7d2e3@group-13380E399D11
2020-07-07 04:55:05,566 [org.apache.ratis.server.impl.LogAppender$AppenderDaemon$$Lambda$443/424591466@6c0ce9b3] WARN  server.GrpcLogAppender (GrpcLogAppender.java:mayWait(153)) - faaf968f-0fca-4e96-b7e0-547f8fed29e0@group-5B138B8C53D9->b4cbc94e-a0c4-4ad4-8347-afa6d31e032e-GrpcLogAppender: Wait interrupted by java.lang.InterruptedException
2020-07-07 04:55:05,566 [ForkJoinPool.commonPool-worker-0] INFO  metrics.RatisMetrics (RatisMetrics.java:unregister(43)) - Unregistering Metrics Registry : ratis_grpc.log_appender.faaf968f-0fca-4e96-b7e0-547f8fed29e0@group-5B138B8C53D9
2020-07-07 04:55:05,566 [Listener at 127.0.0.1/42245] INFO  metrics.RatisMetrics (RatisMetrics.java:unregister(43)) - Unregistering Metrics Registry : ratis.server.3f0f6471-07a7-4b9b-821c-68adebd7d2e3@group-13380E399D11
2020-07-07 04:55:05,567 [org.apache.ratis.server.impl.LogAppender$AppenderDaemon$$Lambda$443/424591466@1e026102] WARN  server.GrpcLogAppender (GrpcLogAppender.java:mayWait(153)) - faaf968f-0fca-4e96-b7e0-547f8fed29e0@group-5B138B8C53D9->3f0f6471-07a7-4b9b-821c-68adebd7d2e3-GrpcLogAppender: Wait interrupted by java.lang.InterruptedException
2020-07-07 04:55:05,567 [ForkJoinPool.commonPool-worker-0] INFO  impl.PendingRequests (PendingRequests.java:sendNotLeaderResponses(249)) - faaf968f-0fca-4e96-b7e0-547f8fed29e0@group-5B138B8C53D9-PendingRequests: sendNotLeaderResponses
2020-07-07 04:55:05,571 [ForkJoinPool.commonPool-worker-0] INFO  metrics.RatisMetrics (RatisMetrics.java:unregister(43)) - Unregistering Metrics Registry : ratis.log_appender.faaf968f-0fca-4e96-b7e0-547f8fed29e0@group-5B138B8C53D9
2020-07-07 04:55:05,571 [ForkJoinPool.commonPool-worker-0] INFO  metrics.RatisMetrics (RatisMetrics.java:unregister(43)) - Unregistering Metrics Registry : ratis.server.faaf968f-0fca-4e96-b7e0-547f8fed29e0@group-5B138B8C53D9
2020-07-07 04:55:05,572 [grpc-default-executor-1] INFO  server.GrpcServerProtocolService (GrpcServerProtocolService.java:onCompleted(138)) - 3f0f6471-07a7-4b9b-821c-68adebd7d2e3: Completed APPEND_ENTRIES, lastRequest: faaf968f-0fca-4e96-b7e0-547f8fed29e0->3f0f6471-07a7-4b9b-821c-68adebd7d2e3#3-t1, previous=(t:1, i:1), leaderCommit=1, initializing? false, entries: size=1, first=(t:1, i:2), METADATAENTRY(c:1)
2020-07-07 04:55:05,572 [faaf968f-0fca-4e96-b7e0-547f8fed29e0@group-5B138B8C53D9-StateMachineUpdater] INFO  ratis.ContainerStateMachine (ContainerStateMachine.java:takeSnapshot(293)) - group-5B138B8C53D9: Taking a snapshot at:(t:1, i:2) file /github/workspace/mnt/ozone/hadoop-ozone/integration-test/target/test-dir/MiniOzoneClusterImpl-ddfb2fb6-1dd1-47df-b9d1-90c4649f621f/datanode-3/data/ratis/2edd039b-0aa8-4829-97f7-5b138b8c53d9/sm/snapshot.1_2
2020-07-07 04:55:05,572 [grpc-default-executor-0] INFO  server.GrpcLogAppender (GrpcLogAppender.java:onCompleted(319)) - faaf968f-0fca-4e96-b7e0-547f8fed29e0@group-5B138B8C53D9->3f0f6471-07a7-4b9b-821c-68adebd7d2e3-AppendLogResponseHandler: follower responses appendEntries COMPLETED
2020-07-07 04:55:05,572 [ForkJoinPool.commonPool-worker-0] INFO  impl.StateMachineUpdater (StateMachineUpdater.java:stopAndJoin(142)) - faaf968f-0fca-4e96-b7e0-547f8fed29e0@group-5B138B8C53D9-StateMachineUpdater: set stopIndex = 2
2020-07-07 04:55:05,573 [faaf968f-0fca-4e96-b7e0-547f8fed29e0@group-5B138B8C53D9-StateMachineUpdater] INFO  ratis.ContainerStateMachine (ContainerStateMachine.java:takeSnapshot(304)) - group-5B138B8C53D9: Finished taking a snapshot at:(t:1, i:2) file:/github/workspace/mnt/ozone/hadoop-ozone/integration-test/target/test-dir/MiniOzoneClusterImpl-ddfb2fb6-1dd1-47df-b9d1-90c4649f621f/datanode-3/data/ratis/2edd039b-0aa8-4829-97f7-5b138b8c53d9/sm/snapshot.1_2 time:1
2020-07-07 04:55:05,574 [Listener at 127.0.0.1/42245] INFO  impl.StateMachineUpdater (StateMachineUpdater.java:stopAndJoin(142)) - 3f0f6471-07a7-4b9b-821c-68adebd7d2e3@group-13380E399D11-StateMachineUpdater: set stopIndex = 0
2020-07-07 04:55:05,574 [faaf968f-0fca-4e96-b7e0-547f8fed29e0@group-5B138B8C53D9-StateMachineUpdater] INFO  impl.StateMachineUpdater (StateMachineUpdater.java:takeSnapshot(277)) - faaf968f-0fca-4e96-b7e0-547f8fed29e0@group-5B138B8C53D9-StateMachineUpdater: Took a snapshot at index 2
2020-07-07 04:55:05,574 [faaf968f-0fca-4e96-b7e0-547f8fed29e0@group-5B138B8C53D9-StateMachineUpdater] INFO  impl.StateMachineUpdater (StateMachineUpdater.java:lambda$new$0(87)) - faaf968f-0fca-4e96-b7e0-547f8fed29e0@group-5B138B8C53D9-StateMachineUpdater: snapshotIndex: updateIncreasingly -1 -> 2
2020-07-07 04:55:05,574 [faaf968f-0fca-4e96-b7e0-547f8fed29e0@group-5B138B8C53D9-StateMachineUpdater] INFO  metrics.RatisMetrics (RatisMetrics.java:unregister(43)) - Unregistering Metrics Registry : ratis.state_machine.faaf968f-0fca-4e96-b7e0-547f8fed29e0@group-5B138B8C53D9
2020-07-07 04:55:05,574 [3f0f6471-07a7-4b9b-821c-68adebd7d2e3@group-13380E399D11-StateMachineUpdater] INFO  ratis.ContainerStateMachine (ContainerStateMachine.java:takeSnapshot(293)) - group-13380E399D11: Taking a snapshot at:(t:1, i:0) file /github/workspace/mnt/ozone/hadoop-ozone/integration-test/target/test-dir/MiniOzoneClusterImpl-ddfb2fb6-1dd1-47df-b9d1-90c4649f621f/datanode-5/data/ratis/1f0a2eb0-309b-42f2-9971-13380e399d11/sm/snapshot.1_0
2020-07-07 04:55:05,575 [ForkJoinPool.commonPool-worker-0] INFO  impl.RaftServerImpl (ServerState.java:close(387)) - faaf968f-0fca-4e96-b7e0-547f8fed29e0@group-5B138B8C53D9: closes. applyIndex: 2
2020-07-07 04:55:05,575 [faaf968f-0fca-4e96-b7e0-547f8fed29e0@group-5B138B8C53D9-SegmentedRaftLogWorker] INFO  segmented.SegmentedRaftLogWorker (SegmentedRaftLogWorker.java:run(327)) - faaf968f-0fca-4e96-b7e0-547f8fed29e0@group-5B138B8C53D9-SegmentedRaftLogWorker was interrupted, exiting. There are 0 tasks remaining in the queue.
2020-07-07 04:55:05,575 [grpc-default-executor-0] INFO  impl.FollowerInfo (FollowerInfo.java:lambda$new$0(51)) - faaf968f-0fca-4e96-b7e0-547f8fed29e0@group-5B138B8C53D9->3f0f6471-07a7-4b9b-821c-68adebd7d2e3: nextIndex: updateUnconditionally 3 -> 2
2020-07-07 04:55:05,576 [3f0f6471-07a7-4b9b-821c-68adebd7d2e3@group-13380E399D11-StateMachineUpdater] INFO  ratis.ContainerStateMachine (ContainerStateMachine.java:takeSnapshot(304)) - group-13380E399D11: Finished taking a snapshot at:(t:1, i:0) file:/github/workspace/mnt/ozone/hadoop-ozone/integration-test/target/test-dir/MiniOzoneClusterImpl-ddfb2fb6-1dd1-47df-b9d1-90c4649f621f/datanode-5/data/ratis/1f0a2eb0-309b-42f2-9971-13380e399d11/sm/snapshot.1_0 time:1
2020-07-07 04:55:05,576 [3f0f6471-07a7-4b9b-821c-68adebd7d2e3@group-13380E399D11-StateMachineUpdater] INFO  impl.StateMachineUpdater (StateMachineUpdater.java:takeSnapshot(277)) - 3f0f6471-07a7-4b9b-821c-68adebd7d2e3@group-13380E399D11-StateMachineUpdater: Took a snapshot at index 0
2020-07-07 04:55:05,576 [3f0f6471-07a7-4b9b-821c-68adebd7d2e3@group-13380E399D11-StateMachineUpdater] INFO  impl.StateMachineUpdater (StateMachineUpdater.java:lambda$new$0(87)) - 3f0f6471-07a7-4b9b-821c-68adebd7d2e3@group-13380E399D11-StateMachineUpdater: snapshotIndex: updateIncreasingly -1 -> 0
2020-07-07 04:55:05,576 [3f0f6471-07a7-4b9b-821c-68adebd7d2e3@group-13380E399D11-StateMachineUpdater] INFO  metrics.RatisMetrics (RatisMetrics.java:unregister(43)) - Unregistering Metrics Registry : ratis.state_machine.3f0f6471-07a7-4b9b-821c-68adebd7d2e3@group-13380E399D11
2020-07-07 04:55:05,577 [ForkJoinPool.commonPool-worker-0] INFO  segmented.SegmentedRaftLogWorker (SegmentedRaftLogWorker.java:close(234)) - faaf968f-0fca-4e96-b7e0-547f8fed29e0@group-5B138B8C53D9-SegmentedRaftLogWorker close()
2020-07-07 04:55:05,580 [Listener at 127.0.0.1/42245] INFO  impl.RaftServerImpl (ServerState.java:close(387)) - 3f0f6471-07a7-4b9b-821c-68adebd7d2e3@group-13380E399D11: closes. applyIndex: 0
2020-07-07 04:55:05,580 [3f0f6471-07a7-4b9b-821c-68adebd7d2e3@group-13380E399D11-SegmentedRaftLogWorker] INFO  segmented.SegmentedRaftLogWorker (SegmentedRaftLogWorker.java:run(327)) - 3f0f6471-07a7-4b9b-821c-68adebd7d2e3@group-13380E399D11-SegmentedRaftLogWorker was interrupted, exiting. There are 0 tasks remaining in the queue.
2020-07-07 04:55:05,582 [Listener at 127.0.0.1/42245] INFO  segmented.SegmentedRaftLogWorker (SegmentedRaftLogWorker.java:close(234)) - 3f0f6471-07a7-4b9b-821c-68adebd7d2e3@group-13380E399D11-SegmentedRaftLogWorker close()
2020-07-07 04:55:05,582 [ForkJoinPool.commonPool-worker-0] INFO  metrics.RatisMetrics (RatisMetrics.java:unregister(43)) - Unregistering Metrics Registry : ratis.log_worker.faaf968f-0fca-4e96-b7e0-547f8fed29e0@group-5B138B8C53D9
2020-07-07 04:55:05,583 [ForkJoinPool.commonPool-worker-0] INFO  metrics.RatisMetrics (RatisMetrics.java:unregister(43)) - Unregistering Metrics Registry : ratis.leader_election.faaf968f-0fca-4e96-b7e0-547f8fed29e0@group-5B138B8C53D9
2020-07-07 04:55:05,583 [ForkJoinPool.commonPool-worker-0] INFO  metrics.RatisMetrics (RatisMetrics.java:unregister(43)) - Unregistering Metrics Registry : ratis.server.faaf968f-0fca-4e96-b7e0-547f8fed29e0@group-5B138B8C53D9
2020-07-07 04:55:05,583 [ForkJoinPool.commonPool-worker-0] INFO  impl.RaftServerImpl (RaftServerImpl.java:lambda$shutdown$3(252)) - faaf968f-0fca-4e96-b7e0-547f8fed29e0@group-841681429755: shutdown
2020-07-07 04:55:05,583 [ForkJoinPool.commonPool-worker-0] INFO  util.JmxRegister (JmxRegister.java:unregister(73)) - Successfully un-registered JMX Bean with object name Ratis:service=RaftServer,group=group-841681429755,id=faaf968f-0fca-4e96-b7e0-547f8fed29e0
2020-07-07 04:55:05,583 [ForkJoinPool.commonPool-worker-0] INFO  impl.RoleInfo (RoleInfo.java:shutdownLeaderState(104)) - faaf968f-0fca-4e96-b7e0-547f8fed29e0: shutdown LeaderState
2020-07-07 04:55:05,583 [ForkJoinPool.commonPool-worker-0] INFO  impl.PendingRequests (PendingRequests.java:sendNotLeaderResponses(249)) - faaf968f-0fca-4e96-b7e0-547f8fed29e0@group-841681429755-PendingRequests: sendNotLeaderResponses
2020-07-07 04:55:05,583 [ForkJoinPool.commonPool-worker-0] INFO  metrics.RatisMetrics (RatisMetrics.java:unregister(43)) - Unregistering Metrics Registry : ratis.log_appender.faaf968f-0fca-4e96-b7e0-547f8fed29e0@group-841681429755
2020-07-07 04:55:05,584 [ForkJoinPool.commonPool-worker-0] INFO  metrics.RatisMetrics (RatisMetrics.java:unregister(43)) - Unregistering Metrics Registry : ratis.server.faaf968f-0fca-4e96-b7e0-547f8fed29e0@group-841681429755
2020-07-07 04:55:05,584 [ForkJoinPool.commonPool-worker-0] INFO  impl.StateMachineUpdater (StateMachineUpdater.java:stopAndJoin(142)) - faaf968f-0fca-4e96-b7e0-547f8fed29e0@group-841681429755-StateMachineUpdater: set stopIndex = 0
2020-07-07 04:55:05,583 [Listener at 127.0.0.1/42245] INFO  metrics.RatisMetrics (RatisMetrics.java:unregister(43)) - Unregistering Metrics Registry : ratis.log_worker.3f0f6471-07a7-4b9b-821c-68adebd7d2e3@group-13380E399D11
2020-07-07 04:55:05,585 [Listener at 127.0.0.1/42245] INFO  metrics.RatisMetrics (RatisMetrics.java:unregister(43)) - Unregistering Metrics Registry : ratis.leader_election.3f0f6471-07a7-4b9b-821c-68adebd7d2e3@group-13380E399D11
2020-07-07 04:55:05,585 [faaf968f-0fca-4e96-b7e0-547f8fed29e0@group-841681429755-StateMachineUpdater] INFO  ratis.ContainerStateMachine (ContainerStateMachine.java:takeSnapshot(293)) - group-841681429755: Taking a snapshot at:(t:1, i:0) file /github/workspace/mnt/ozone/hadoop-ozone/integration-test/target/test-dir/MiniOzoneClusterImpl-ddfb2fb6-1dd1-47df-b9d1-90c4649f621f/datanode-3/data/ratis/84dacf13-802d-4d21-9b4c-841681429755/sm/snapshot.1_0
2020-07-07 04:55:05,585 [Listener at 127.0.0.1/42245] INFO  metrics.RatisMetrics (RatisMetrics.java:unregister(43)) - Unregistering Metrics Registry : ratis.server.3f0f6471-07a7-4b9b-821c-68adebd7d2e3@group-13380E399D11
2020-07-07 04:55:05,585 [Listener at 127.0.0.1/42245] INFO  impl.RaftServerImpl (RaftServerImpl.java:lambda$shutdown$3(252)) - 3f0f6471-07a7-4b9b-821c-68adebd7d2e3@group-5B138B8C53D9: shutdown
2020-07-07 04:55:05,585 [Listener at 127.0.0.1/42245] INFO  util.JmxRegister (JmxRegister.java:unregister(73)) - Successfully un-registered JMX Bean with object name Ratis:service=RaftServer,group=group-5B138B8C53D9,id=3f0f6471-07a7-4b9b-821c-68adebd7d2e3
2020-07-07 04:55:05,586 [Listener at 127.0.0.1/42245] INFO  impl.RoleInfo (RoleInfo.java:shutdownFollowerState(121)) - 3f0f6471-07a7-4b9b-821c-68adebd7d2e3: shutdown FollowerState
2020-07-07 04:55:05,586 [faaf968f-0fca-4e96-b7e0-547f8fed29e0@group-841681429755-StateMachineUpdater] INFO  ratis.ContainerStateMachine (ContainerStateMachine.java:takeSnapshot(304)) - group-841681429755: Finished taking a snapshot at:(t:1, i:0) file:/github/workspace/mnt/ozone/hadoop-ozone/integration-test/target/test-dir/MiniOzoneClusterImpl-ddfb2fb6-1dd1-47df-b9d1-90c4649f621f/datanode-3/data/ratis/84dacf13-802d-4d21-9b4c-841681429755/sm/snapshot.1_0 time:1
2020-07-07 04:55:05,586 [faaf968f-0fca-4e96-b7e0-547f8fed29e0@group-841681429755-StateMachineUpdater] INFO  impl.StateMachineUpdater (StateMachineUpdater.java:takeSnapshot(277)) - faaf968f-0fca-4e96-b7e0-547f8fed29e0@group-841681429755-StateMachineUpdater: Took a snapshot at index 0
2020-07-07 04:55:05,586 [faaf968f-0fca-4e96-b7e0-547f8fed29e0@group-841681429755-StateMachineUpdater] INFO  impl.StateMachineUpdater (StateMachineUpdater.java:lambda$new$0(87)) - faaf968f-0fca-4e96-b7e0-547f8fed29e0@group-841681429755-StateMachineUpdater: snapshotIndex: updateIncreasingly -1 -> 0
2020-07-07 04:55:05,586 [3f0f6471-07a7-4b9b-821c-68adebd7d2e3@group-5B138B8C53D9-StateMachineUpdater] INFO  ratis.ContainerStateMachine (ContainerStateMachine.java:takeSnapshot(293)) - group-5B138B8C53D9: Taking a snapshot at:(t:1, i:2) file /github/workspace/mnt/ozone/hadoop-ozone/integration-test/target/test-dir/MiniOzoneClusterImpl-ddfb2fb6-1dd1-47df-b9d1-90c4649f621f/datanode-5/data/ratis/2edd039b-0aa8-4829-97f7-5b138b8c53d9/sm/snapshot.1_2
2020-07-07 04:55:05,586 [Thread-1689] INFO  impl.FollowerState (FollowerState.java:run(117)) - 3f0f6471-07a7-4b9b-821c-68adebd7d2e3@group-5B138B8C53D9-FollowerState was interrupted: java.lang.InterruptedException: sleep interrupted
2020-07-07 04:55:05,586 [Listener at 127.0.0.1/42245] INFO  impl.StateMachineUpdater (StateMachineUpdater.java:stopAndJoin(142)) - 3f0f6471-07a7-4b9b-821c-68adebd7d2e3@group-5B138B8C53D9-StateMachineUpdater: set stopIndex = 2
2020-07-07 04:55:05,586 [faaf968f-0fca-4e96-b7e0-547f8fed29e0@group-841681429755-StateMachineUpdater] INFO  metrics.RatisMetrics (RatisMetrics.java:unregister(43)) - Unregistering Metrics Registry : ratis.state_machine.faaf968f-0fca-4e96-b7e0-547f8fed29e0@group-841681429755
2020-07-07 04:55:05,587 [ForkJoinPool.commonPool-worker-0] INFO  impl.RaftServerImpl (ServerState.java:close(387)) - faaf968f-0fca-4e96-b7e0-547f8fed29e0@group-841681429755: closes. applyIndex: 0
2020-07-07 04:55:05,587 [faaf968f-0fca-4e96-b7e0-547f8fed29e0@group-841681429755-SegmentedRaftLogWorker] INFO  segmented.SegmentedRaftLogWorker (SegmentedRaftLogWorker.java:run(327)) - faaf968f-0fca-4e96-b7e0-547f8fed29e0@group-841681429755-SegmentedRaftLogWorker was interrupted, exiting. There are 0 tasks remaining in the queue.
2020-07-07 04:55:05,587 [3f0f6471-07a7-4b9b-821c-68adebd7d2e3@group-5B138B8C53D9-StateMachineUpdater] INFO  ratis.ContainerStateMachine (ContainerStateMachine.java:takeSnapshot(304)) - group-5B138B8C53D9: Finished taking a snapshot at:(t:1, i:2) file:/github/workspace/mnt/ozone/hadoop-ozone/integration-test/target/test-dir/MiniOzoneClusterImpl-ddfb2fb6-1dd1-47df-b9d1-90c4649f621f/datanode-5/data/ratis/2edd039b-0aa8-4829-97f7-5b138b8c53d9/sm/snapshot.1_2 time:1
2020-07-07 04:55:05,588 [ForkJoinPool.commonPool-worker-0] INFO  segmented.SegmentedRaftLogWorker (SegmentedRaftLogWorker.java:close(234)) - faaf968f-0fca-4e96-b7e0-547f8fed29e0@group-841681429755-SegmentedRaftLogWorker close()
2020-07-07 04:55:05,588 [3f0f6471-07a7-4b9b-821c-68adebd7d2e3@group-5B138B8C53D9-StateMachineUpdater] INFO  impl.StateMachineUpdater (StateMachineUpdater.java:takeSnapshot(277)) - 3f0f6471-07a7-4b9b-821c-68adebd7d2e3@group-5B138B8C53D9-StateMachineUpdater: Took a snapshot at index 2
2020-07-07 04:55:05,588 [3f0f6471-07a7-4b9b-821c-68adebd7d2e3@group-5B138B8C53D9-StateMachineUpdater] INFO  impl.StateMachineUpdater (StateMachineUpdater.java:lambda$new$0(87)) - 3f0f6471-07a7-4b9b-821c-68adebd7d2e3@group-5B138B8C53D9-StateMachineUpdater: snapshotIndex: updateIncreasingly -1 -> 2
2020-07-07 04:55:05,588 [3f0f6471-07a7-4b9b-821c-68adebd7d2e3@group-5B138B8C53D9-StateMachineUpdater] INFO  metrics.RatisMetrics (RatisMetrics.java:unregister(43)) - Unregistering Metrics Registry : ratis.state_machine.3f0f6471-07a7-4b9b-821c-68adebd7d2e3@group-5B138B8C53D9
2020-07-07 04:55:05,588 [Listener at 127.0.0.1/42245] INFO  impl.RaftServerImpl (ServerState.java:close(387)) - 3f0f6471-07a7-4b9b-821c-68adebd7d2e3@group-5B138B8C53D9: closes. applyIndex: 2
2020-07-07 04:55:05,589 [3f0f6471-07a7-4b9b-821c-68adebd7d2e3@group-5B138B8C53D9-SegmentedRaftLogWorker] INFO  segmented.SegmentedRaftLogWorker (SegmentedRaftLogWorker.java:run(327)) - 3f0f6471-07a7-4b9b-821c-68adebd7d2e3@group-5B138B8C53D9-SegmentedRaftLogWorker was interrupted, exiting. There are 0 tasks remaining in the queue.
2020-07-07 04:55:05,590 [Listener at 127.0.0.1/42245] INFO  segmented.SegmentedRaftLogWorker (SegmentedRaftLogWorker.java:close(234)) - 3f0f6471-07a7-4b9b-821c-68adebd7d2e3@group-5B138B8C53D9-SegmentedRaftLogWorker close()
2020-07-07 04:55:05,590 [ForkJoinPool.commonPool-worker-0] INFO  metrics.RatisMetrics (RatisMetrics.java:unregister(43)) - Unregistering Metrics Registry : ratis.log_worker.faaf968f-0fca-4e96-b7e0-547f8fed29e0@group-841681429755
2020-07-07 04:55:05,591 [Listener at 127.0.0.1/42245] INFO  metrics.RatisMetrics (RatisMetrics.java:unregister(43)) - Unregistering Metrics Registry : ratis.log_worker.3f0f6471-07a7-4b9b-821c-68adebd7d2e3@group-5B138B8C53D9
2020-07-07 04:55:05,591 [ForkJoinPool.commonPool-worker-0] INFO  metrics.RatisMetrics (RatisMetrics.java:unregister(43)) - Unregistering Metrics Registry : ratis.leader_election.faaf968f-0fca-4e96-b7e0-547f8fed29e0@group-841681429755
2020-07-07 04:55:05,591 [ForkJoinPool.commonPool-worker-0] INFO  metrics.RatisMetrics (RatisMetrics.java:unregister(43)) - Unregistering Metrics Registry : ratis.server.faaf968f-0fca-4e96-b7e0-547f8fed29e0@group-841681429755
2020-07-07 04:55:05,591 [ForkJoinPool.commonPool-worker-0] INFO  server.GrpcService (GrpcService.java:closeImpl(166)) - faaf968f-0fca-4e96-b7e0-547f8fed29e0: shutdown server with port 36569 now
2020-07-07 04:55:05,591 [Listener at 127.0.0.1/42245] INFO  metrics.RatisMetrics (RatisMetrics.java:unregister(43)) - Unregistering Metrics Registry : ratis.leader_election.3f0f6471-07a7-4b9b-821c-68adebd7d2e3@group-5B138B8C53D9
2020-07-07 04:55:05,592 [Listener at 127.0.0.1/42245] INFO  metrics.RatisMetrics (RatisMetrics.java:unregister(43)) - Unregistering Metrics Registry : ratis.server.3f0f6471-07a7-4b9b-821c-68adebd7d2e3@group-5B138B8C53D9
2020-07-07 04:55:05,593 [Listener at 127.0.0.1/42245] INFO  server.GrpcService (GrpcService.java:closeImpl(166)) - 3f0f6471-07a7-4b9b-821c-68adebd7d2e3: shutdown server with port 44367 now
2020-07-07 04:55:05,593 [ForkJoinPool.commonPool-worker-0] INFO  server.GrpcService (GrpcService.java:closeImpl(174)) - faaf968f-0fca-4e96-b7e0-547f8fed29e0: shutdown server with port 36569 successfully
2020-07-07 04:55:05,597 [Listener at 127.0.0.1/42245] INFO  server.GrpcService (GrpcService.java:closeImpl(174)) - 3f0f6471-07a7-4b9b-821c-68adebd7d2e3: shutdown server with port 44367 successfully
2020-07-07 04:55:05,600 [ForkJoinPool.commonPool-worker-0] INFO  utils.BackgroundService (BackgroundService.java:shutdown(157)) - Shutting down service BlockDeletingService
2020-07-07 04:55:05,602 [Listener at 127.0.0.1/42245] INFO  utils.BackgroundService (BackgroundService.java:shutdown(157)) - Shutting down service BlockDeletingService
2020-07-07 04:55:05,604 [ForkJoinPool.commonPool-worker-0] INFO  statemachine.DatanodeStateMachine (DatanodeStateMachine.java:stopDaemon(428)) - Ozone container server stopped.
2020-07-07 04:55:05,606 [ForkJoinPool.commonPool-worker-0] INFO  handler.ContextHandler (ContextHandler.java:doStop(1016)) - Stopped o.e.j.w.WebAppContext@36891524{hddsDatanode,/,null,UNAVAILABLE}{jar:file:/home/user/.m2/repository/org/apache/hadoop/hadoop-hdds-container-service/0.6.0-SNAPSHOT/hadoop-hdds-container-service-0.6.0-SNAPSHOT.jar!/webapps/hddsDatanode}
2020-07-07 04:55:05,607 [ForkJoinPool.commonPool-worker-0] INFO  server.AbstractConnector (AbstractConnector.java:doStop(380)) - Stopped ServerConnector@1c49ae29{HTTP/1.1,[http/1.1]}{0.0.0.0:0}
2020-07-07 04:55:05,608 [ForkJoinPool.commonPool-worker-0] INFO  server.session (HouseKeeper.java:stopScavenging(158)) - node0 Stopped scavenging
2020-07-07 04:55:05,608 [ForkJoinPool.commonPool-worker-0] INFO  handler.ContextHandler (ContextHandler.java:doStop(1016)) - Stopped o.e.j.s.ServletContextHandler@37ca8b4c{static,/static,jar:file:/home/user/.m2/repository/org/apache/hadoop/hadoop-hdds-container-service/0.6.0-SNAPSHOT/hadoop-hdds-container-service-0.6.0-SNAPSHOT.jar!/webapps/static,UNAVAILABLE}
2020-07-07 04:55:05,609 [Listener at 127.0.0.1/42245] INFO  statemachine.DatanodeStateMachine (DatanodeStateMachine.java:stopDaemon(428)) - Ozone container server stopped.
2020-07-07 04:55:05,610 [Listener at 127.0.0.1/42245] INFO  handler.ContextHandler (ContextHandler.java:doStop(1016)) - Stopped o.e.j.w.WebAppContext@52599443{hddsDatanode,/,null,UNAVAILABLE}{jar:file:/home/user/.m2/repository/org/apache/hadoop/hadoop-hdds-container-service/0.6.0-SNAPSHOT/hadoop-hdds-container-service-0.6.0-SNAPSHOT.jar!/webapps/hddsDatanode}
2020-07-07 04:55:05,610 [Listener at 127.0.0.1/42245] INFO  server.AbstractConnector (AbstractConnector.java:doStop(380)) - Stopped ServerConnector@4dc1f629{HTTP/1.1,[http/1.1]}{0.0.0.0:0}
2020-07-07 04:55:05,611 [Listener at 127.0.0.1/42245] INFO  server.session (HouseKeeper.java:stopScavenging(158)) - node0 Stopped scavenging
2020-07-07 04:55:05,611 [Listener at 127.0.0.1/42245] INFO  handler.ContextHandler (ContextHandler.java:doStop(1016)) - Stopped o.e.j.s.ServletContextHandler@3833a045{static,/static,jar:file:/home/user/.m2/repository/org/apache/hadoop/hadoop-hdds-container-service/0.6.0-SNAPSHOT/hadoop-hdds-container-service-0.6.0-SNAPSHOT.jar!/webapps/static,UNAVAILABLE}
2020-07-07 04:55:05,611 [Listener at 127.0.0.1/42245] INFO  handler.ContextHandler (ContextHandler.java:doStop(1016)) - Stopped o.e.j.s.ServletContextHandler@4fbdd61f{logs,/logs,file:///github/workspace/mnt/ozone/hadoop-ozone/integration-test/target/log,UNAVAILABLE}
2020-07-07 04:55:05,615 [ForkJoinPool.commonPool-worker-0] INFO  handler.ContextHandler (ContextHandler.java:doStop(1016)) - Stopped o.e.j.s.ServletContextHandler@1f05b63d{logs,/logs,file:///github/workspace/mnt/ozone/hadoop-ozone/integration-test/target/log,UNAVAILABLE}
2020-07-07 04:55:05,937 [Datanode State Machine Thread - 0] INFO  statemachine.DatanodeStateMachine (DatanodeStateMachine.java:lambda$startDaemon$0(380)) - Ozone container server started.
2020-07-07 04:55:06,405 [Datanode State Machine Thread - 0] INFO  statemachine.DatanodeStateMachine (DatanodeStateMachine.java:lambda$startDaemon$0(380)) - Ozone container server started.
2020-07-07 04:55:07,921 [grpc-default-executor-1] DEBUG server.GrpcLogAppender (GrpcLogAppender.java:onNext(257)) - 850327c1-f3ee-4a2d-9c3d-5bffdb64e521@group-E8C64DAF1BB3->a62f0d4c-b40d-4885-8959-00b4626cec0c-AppendLogResponseHandler: received a reply 850327c1-f3ee-4a2d-9c3d-5bffdb64e521<-a62f0d4c-b40d-4885-8959-00b4626cec0c#4:OK,SUCCESS,nextIndex:1,term:3,followerCommit:0, request=AppendEntriesRequest:cid=4,entriesCount=0,lastEntry=null
2020-07-07 04:55:07,921 [grpc-default-executor-1] DEBUG server.GrpcLogAppender (GrpcLogAppender.java:onNext(257)) - 850327c1-f3ee-4a2d-9c3d-5bffdb64e521@group-E8C64DAF1BB3->e48c4946-041b-4a5b-90ab-176302687b86-AppendLogResponseHandler: received a reply 850327c1-f3ee-4a2d-9c3d-5bffdb64e521<-e48c4946-041b-4a5b-90ab-176302687b86#4:OK,SUCCESS,nextIndex:1,term:3,followerCommit:0, request=AppendEntriesRequest:cid=4,entriesCount=0,lastEntry=null
2020-07-07 04:55:10,384 [Thread-1745] INFO  impl.FollowerState (FollowerState.java:run(108)) - 49d4fddc-cd10-443b-a45d-8ada7c557abf@group-406F52C2C348-FollowerState: change to CANDIDATE, lastRpcTime:10278ms, electionTimeout:5135ms
2020-07-07 04:55:10,384 [Thread-1745] INFO  impl.RoleInfo (RoleInfo.java:shutdownFollowerState(121)) - 49d4fddc-cd10-443b-a45d-8ada7c557abf: shutdown FollowerState
2020-07-07 04:55:10,384 [Thread-1745] INFO  impl.RaftServerImpl (RaftServerImpl.java:setRole(175)) - 49d4fddc-cd10-443b-a45d-8ada7c557abf@group-406F52C2C348: changes role from  FOLLOWER to CANDIDATE at term 2 for changeToCandidate
2020-07-07 04:55:10,384 [Thread-1745] INFO  impl.RoleInfo (RoleInfo.java:updateAndGet(143)) - 49d4fddc-cd10-443b-a45d-8ada7c557abf: start LeaderElection
2020-07-07 04:55:10,385 [49d4fddc-cd10-443b-a45d-8ada7c557abf@group-406F52C2C348-LeaderElection67] INFO  impl.RaftServerImpl (ServerState.java:setLeader(255)) - 49d4fddc-cd10-443b-a45d-8ada7c557abf@group-406F52C2C348: change Leader from 2c88a600-62c8-44d6-86d4-28f745868ae9 to null at term 2 for initElection
2020-07-07 04:55:10,387 [49d4fddc-cd10-443b-a45d-8ada7c557abf@group-406F52C2C348-LeaderElection67] INFO  impl.LeaderElection (LeaderElection.java:askForVotes(206)) - 49d4fddc-cd10-443b-a45d-8ada7c557abf@group-406F52C2C348-LeaderElection67: begin an election at term 3 for 0: [2c88a600-62c8-44d6-86d4-28f745868ae9:172.17.0.2:35933, 441cb323-c758-4204-8e94-c518eb7e3dfa:172.17.0.2:42479, 49d4fddc-cd10-443b-a45d-8ada7c557abf:172.17.0.2:35683], old=null
2020-07-07 04:55:10,391 [grpc-default-executor-1] DEBUG impl.RaftServerImpl (RaftServerImpl.java:requestVote(821)) - 441cb323-c758-4204-8e94-c518eb7e3dfa@group-406F52C2C348: receive requestVote(49d4fddc-cd10-443b-a45d-8ada7c557abf, group-406F52C2C348, 3, (t:2, i:0))
2020-07-07 04:55:10,391 [grpc-default-executor-1] INFO  impl.RaftServerImpl (ServerState.java:setLeader(255)) - 441cb323-c758-4204-8e94-c518eb7e3dfa@group-406F52C2C348: change Leader from 2c88a600-62c8-44d6-86d4-28f745868ae9 to null at term 3 for updateCurrentTerm
2020-07-07 04:55:10,392 [grpc-default-executor-1] INFO  impl.RaftServerImpl (RaftServerImpl.java:setRole(175)) - 441cb323-c758-4204-8e94-c518eb7e3dfa@group-406F52C2C348: changes role from  FOLLOWER to FOLLOWER at term 3 for recognizeCandidate:49d4fddc-cd10-443b-a45d-8ada7c557abf
2020-07-07 04:55:10,392 [grpc-default-executor-1] INFO  impl.RoleInfo (RoleInfo.java:shutdownFollowerState(121)) - 441cb323-c758-4204-8e94-c518eb7e3dfa: shutdown FollowerState
2020-07-07 04:55:10,392 [grpc-default-executor-1] INFO  impl.RoleInfo (RoleInfo.java:updateAndGet(143)) - 441cb323-c758-4204-8e94-c518eb7e3dfa: start FollowerState
2020-07-07 04:55:10,392 [Thread-1744] INFO  impl.FollowerState (FollowerState.java:run(117)) - 441cb323-c758-4204-8e94-c518eb7e3dfa@group-406F52C2C348-FollowerState was interrupted: java.lang.InterruptedException: sleep interrupted
2020-07-07 04:55:10,394 [grpc-default-executor-1] DEBUG impl.RaftServerImpl (RaftServerImpl.java:requestVote(853)) - 441cb323-c758-4204-8e94-c518eb7e3dfa@group-406F52C2C348 replies to vote request: 49d4fddc-cd10-443b-a45d-8ada7c557abf<-441cb323-c758-4204-8e94-c518eb7e3dfa#0:OK-t3. Peer's state: 441cb323-c758-4204-8e94-c518eb7e3dfa@group-406F52C2C348:t3, leader=null, voted=49d4fddc-cd10-443b-a45d-8ada7c557abf, raftlog=441cb323-c758-4204-8e94-c518eb7e3dfa@group-406F52C2C348-SegmentedRaftLog:OPENED:c0,f0,i0, conf=0: [2c88a600-62c8-44d6-86d4-28f745868ae9:172.17.0.2:35933, 441cb323-c758-4204-8e94-c518eb7e3dfa:172.17.0.2:42479, 49d4fddc-cd10-443b-a45d-8ada7c557abf:172.17.0.2:35683], old=null
2020-07-07 04:55:10,395 [49d4fddc-cd10-443b-a45d-8ada7c557abf@group-406F52C2C348-LeaderElection67] INFO  impl.LeaderElection (LogUtils.java:infoOrTrace(137)) - 49d4fddc-cd10-443b-a45d-8ada7c557abf@group-406F52C2C348-LeaderElection67 got exception when requesting votes: java.util.concurrent.ExecutionException: org.apache.ratis.thirdparty.io.grpc.StatusRuntimeException: UNAVAILABLE: io exception
2020-07-07 04:55:10,396 [49d4fddc-cd10-443b-a45d-8ada7c557abf@group-406F52C2C348-LeaderElection67] INFO  impl.LeaderElection (LeaderElection.java:logAndReturn(61)) - 49d4fddc-cd10-443b-a45d-8ada7c557abf@group-406F52C2C348-LeaderElection67: Election PASSED; received 1 response(s) [49d4fddc-cd10-443b-a45d-8ada7c557abf<-441cb323-c758-4204-8e94-c518eb7e3dfa#0:OK-t3] and 1 exception(s); 49d4fddc-cd10-443b-a45d-8ada7c557abf@group-406F52C2C348:t3, leader=null, voted=49d4fddc-cd10-443b-a45d-8ada7c557abf, raftlog=49d4fddc-cd10-443b-a45d-8ada7c557abf@group-406F52C2C348-SegmentedRaftLog:OPENED:c0,f0,i0, conf=0: [2c88a600-62c8-44d6-86d4-28f745868ae9:172.17.0.2:35933, 441cb323-c758-4204-8e94-c518eb7e3dfa:172.17.0.2:42479, 49d4fddc-cd10-443b-a45d-8ada7c557abf:172.17.0.2:35683], old=null
2020-07-07 04:55:10,396 [49d4fddc-cd10-443b-a45d-8ada7c557abf@group-406F52C2C348-LeaderElection67] INFO  impl.LeaderElection (LogUtils.java:infoOrTrace(137)) -   Exception 0: java.util.concurrent.ExecutionException: org.apache.ratis.thirdparty.io.grpc.StatusRuntimeException: UNAVAILABLE: io exception
2020-07-07 04:55:10,396 [49d4fddc-cd10-443b-a45d-8ada7c557abf@group-406F52C2C348-LeaderElection67] INFO  impl.RoleInfo (RoleInfo.java:shutdownLeaderElection(134)) - 49d4fddc-cd10-443b-a45d-8ada7c557abf: shutdown LeaderElection
2020-07-07 04:55:10,396 [49d4fddc-cd10-443b-a45d-8ada7c557abf@group-406F52C2C348-LeaderElection67] INFO  impl.RaftServerImpl (RaftServerImpl.java:setRole(175)) - 49d4fddc-cd10-443b-a45d-8ada7c557abf@group-406F52C2C348: changes role from CANDIDATE to LEADER at term 3 for changeToLeader
2020-07-07 04:55:10,397 [49d4fddc-cd10-443b-a45d-8ada7c557abf@group-406F52C2C348-LeaderElection67] INFO  ratis.XceiverServerRatis (XceiverServerRatis.java:handleLeaderChangedNotification(762)) - Leader change notification received for group: group-406F52C2C348 with new leaderId: 49d4fddc-cd10-443b-a45d-8ada7c557abf
2020-07-07 04:55:10,397 [49d4fddc-cd10-443b-a45d-8ada7c557abf@group-406F52C2C348-LeaderElection67] INFO  impl.RaftServerImpl (ServerState.java:setLeader(255)) - 49d4fddc-cd10-443b-a45d-8ada7c557abf@group-406F52C2C348: change Leader from null to 49d4fddc-cd10-443b-a45d-8ada7c557abf at term 3 for becomeLeader, leader elected after 11ms
2020-07-07 04:55:10,397 [49d4fddc-cd10-443b-a45d-8ada7c557abf@group-406F52C2C348-LeaderElection67] INFO  server.RaftServerConfigKeys (ConfUtils.java:logGet(44)) - raft.server.staging.catchup.gap = 1000 (default)
2020-07-07 04:55:10,397 [49d4fddc-cd10-443b-a45d-8ada7c557abf@group-406F52C2C348-LeaderElection67] INFO  server.RaftServerConfigKeys (ConfUtils.java:logGet(44)) - raft.server.rpc.sleep.time = 25ms (default)
2020-07-07 04:55:10,397 [49d4fddc-cd10-443b-a45d-8ada7c557abf@group-406F52C2C348-LeaderElection67] INFO  metrics.RatisMetrics (RatisMetrics.java:lambda$create$0(36)) - Creating Metrics Registry : ratis.log_appender.49d4fddc-cd10-443b-a45d-8ada7c557abf@group-406F52C2C348
2020-07-07 04:55:10,397 [49d4fddc-cd10-443b-a45d-8ada7c557abf@group-406F52C2C348-LeaderElection67] INFO  server.RaftServerConfigKeys (ConfUtils.java:logGet(44)) - raft.server.write.element-limit = 1024 (custom)
2020-07-07 04:55:10,397 [49d4fddc-cd10-443b-a45d-8ada7c557abf@group-406F52C2C348-LeaderElection67] INFO  server.RaftServerConfigKeys (ConfUtils.java:logGet(44)) - raft.server.write.byte-limit = 1073741824 (custom)
2020-07-07 04:55:10,398 [EventQueue-PipelineReportForPipelineReportHandler] INFO  pipeline.PipelineStateManager (PipelineStateManager.java:openPipeline(131)) - Pipeline Pipeline[ Id: 0c546911-57de-4501-9d81-406f52c2c348, Nodes: 2c88a600-62c8-44d6-86d4-28f745868ae9{ip: 172.17.0.2, host: d53d11c09361, networkLocation: /default-rack, certSerialId: null}441cb323-c758-4204-8e94-c518eb7e3dfa{ip: 172.17.0.2, host: d53d11c09361, networkLocation: /default-rack, certSerialId: null}49d4fddc-cd10-443b-a45d-8ada7c557abf{ip: 172.17.0.2, host: d53d11c09361, networkLocation: /default-rack, certSerialId: null}, Type:RATIS, Factor:THREE, State:ALLOCATED, leaderId:49d4fddc-cd10-443b-a45d-8ada7c557abf, CreationTimestamp2020-07-07T04:54:47.028Z] moved to OPEN state
2020-07-07 04:55:10,398 [49d4fddc-cd10-443b-a45d-8ada7c557abf@group-406F52C2C348-LeaderElection67] INFO  server.RaftServerConfigKeys (ConfUtils.java:logGet(44)) - raft.server.watch.timeout = 3000ms (custom)
2020-07-07 04:55:10,398 [49d4fddc-cd10-443b-a45d-8ada7c557abf@group-406F52C2C348-LeaderElection67] INFO  server.RaftServerConfigKeys (ConfUtils.java:logGet(44)) - raft.server.watch.timeout.denomination = 1s (default)
2020-07-07 04:55:10,398 [49d4fddc-cd10-443b-a45d-8ada7c557abf@group-406F52C2C348-LeaderElection67] INFO  server.RaftServerConfigKeys (ConfUtils.java:logGet(44)) - raft.server.watch.element-limit = 65536 (default)
2020-07-07 04:55:10,398 [49d4fddc-cd10-443b-a45d-8ada7c557abf@group-406F52C2C348-LeaderElection67] INFO  server.RaftServerConfigKeys (ConfUtils.java:logGet(44)) - raft.server.log.appender.snapshot.chunk.size.max = 16MB (=16777216) (default)
2020-07-07 04:55:10,398 [49d4fddc-cd10-443b-a45d-8ada7c557abf@group-406F52C2C348-LeaderElection67] INFO  server.RaftServerConfigKeys (ConfUtils.java:logGet(44)) - raft.server.log.appender.buffer.byte-limit = 33554432 (custom)
2020-07-07 04:55:10,398 [49d4fddc-cd10-443b-a45d-8ada7c557abf@group-406F52C2C348-LeaderElection67] INFO  server.RaftServerConfigKeys (ConfUtils.java:logGet(44)) - raft.server.log.appender.buffer.element-limit = 1 (custom)
2020-07-07 04:55:10,399 [49d4fddc-cd10-443b-a45d-8ada7c557abf@group-406F52C2C348-LeaderElection67] INFO  grpc.GrpcConfigKeys (ConfUtils.java:logGet(44)) - raft.grpc.server.leader.outstanding.appends.max = 128 (default)
2020-07-07 04:55:10,399 [49d4fddc-cd10-443b-a45d-8ada7c557abf@group-406F52C2C348-LeaderElection67] INFO  server.RaftServerConfigKeys (ConfUtils.java:logGet(44)) - raft.server.rpc.request.timeout = 3000ms (default)
2020-07-07 04:55:10,399 [49d4fddc-cd10-443b-a45d-8ada7c557abf@group-406F52C2C348-LeaderElection67] INFO  server.RaftServerConfigKeys (ConfUtils.java:logGet(44)) - raft.server.log.appender.install.snapshot.enabled = false (custom)
2020-07-07 04:55:10,399 [49d4fddc-cd10-443b-a45d-8ada7c557abf@group-406F52C2C348-LeaderElection67] INFO  metrics.RatisMetrics (RatisMetrics.java:lambda$create$0(36)) - Creating Metrics Registry : ratis_grpc.log_appender.49d4fddc-cd10-443b-a45d-8ada7c557abf@group-406F52C2C348
2020-07-07 04:55:10,400 [49d4fddc-cd10-443b-a45d-8ada7c557abf@group-406F52C2C348-LeaderElection67] INFO  server.RaftServerConfigKeys (ConfUtils.java:logGet(44)) - raft.server.log.appender.snapshot.chunk.size.max = 16MB (=16777216) (default)
2020-07-07 04:55:10,401 [49d4fddc-cd10-443b-a45d-8ada7c557abf@group-406F52C2C348-LeaderElection67] INFO  server.RaftServerConfigKeys (ConfUtils.java:logGet(44)) - raft.server.log.appender.buffer.byte-limit = 33554432 (custom)
2020-07-07 04:55:10,401 [49d4fddc-cd10-443b-a45d-8ada7c557abf@group-406F52C2C348-LeaderElection67] INFO  server.RaftServerConfigKeys (ConfUtils.java:logGet(44)) - raft.server.log.appender.buffer.element-limit = 1 (custom)
2020-07-07 04:55:10,401 [49d4fddc-cd10-443b-a45d-8ada7c557abf@group-406F52C2C348-LeaderElection67] INFO  grpc.GrpcConfigKeys (ConfUtils.java:logGet(44)) - raft.grpc.server.leader.outstanding.appends.max = 128 (default)
2020-07-07 04:55:10,401 [49d4fddc-cd10-443b-a45d-8ada7c557abf@group-406F52C2C348-LeaderElection67] INFO  server.RaftServerConfigKeys (ConfUtils.java:logGet(44)) - raft.server.rpc.request.timeout = 3000ms (default)
2020-07-07 04:55:10,401 [49d4fddc-cd10-443b-a45d-8ada7c557abf@group-406F52C2C348-LeaderElection67] INFO  server.RaftServerConfigKeys (ConfUtils.java:logGet(44)) - raft.server.log.appender.install.snapshot.enabled = false (custom)
2020-07-07 04:55:10,403 [49d4fddc-cd10-443b-a45d-8ada7c557abf@group-406F52C2C348-LeaderElection67] INFO  impl.RoleInfo (RoleInfo.java:updateAndGet(143)) - 49d4fddc-cd10-443b-a45d-8ada7c557abf: start LeaderState
2020-07-07 04:55:10,403 [49d4fddc-cd10-443b-a45d-8ada7c557abf@group-406F52C2C348-LeaderElection67] INFO  segmented.SegmentedRaftLogWorker (SegmentedRaftLogWorker.java:rollLogSegment(402)) - 49d4fddc-cd10-443b-a45d-8ada7c557abf@group-406F52C2C348-SegmentedRaftLogWorker: Rolling segment log-0_0 to index:0
2020-07-07 04:55:10,405 [49d4fddc-cd10-443b-a45d-8ada7c557abf@group-406F52C2C348-SegmentedRaftLogWorker] INFO  segmented.SegmentedRaftLogWorker (SegmentedRaftLogWorker.java:execute(553)) - 49d4fddc-cd10-443b-a45d-8ada7c557abf@group-406F52C2C348-SegmentedRaftLogWorker: Rolled log segment from /github/workspace/mnt/ozone/hadoop-ozone/integration-test/target/test-dir/MiniOzoneClusterImpl-ddfb2fb6-1dd1-47df-b9d1-90c4649f621f/datanode-1/data/ratis/0c546911-57de-4501-9d81-406f52c2c348/current/log_inprogress_0 to /github/workspace/mnt/ozone/hadoop-ozone/integration-test/target/test-dir/MiniOzoneClusterImpl-ddfb2fb6-1dd1-47df-b9d1-90c4649f621f/datanode-1/data/ratis/0c546911-57de-4501-9d81-406f52c2c348/current/log_0-0
2020-07-07 04:55:10,406 [49d4fddc-cd10-443b-a45d-8ada7c557abf@group-406F52C2C348-SegmentedRaftLogWorker] INFO  segmented.SegmentedRaftLogWorker (SegmentedRaftLogWorker.java:execute(596)) - 49d4fddc-cd10-443b-a45d-8ada7c557abf@group-406F52C2C348-SegmentedRaftLogWorker: created new log segment /github/workspace/mnt/ozone/hadoop-ozone/integration-test/target/test-dir/MiniOzoneClusterImpl-ddfb2fb6-1dd1-47df-b9d1-90c4649f621f/datanode-1/data/ratis/0c546911-57de-4501-9d81-406f52c2c348/current/log_inprogress_1
2020-07-07 04:55:10,406 [49d4fddc-cd10-443b-a45d-8ada7c557abf@group-406F52C2C348-LeaderElection67] INFO  impl.RaftServerImpl (ServerState.java:setRaftConf(356)) - 49d4fddc-cd10-443b-a45d-8ada7c557abf@group-406F52C2C348: set configuration 1: [2c88a600-62c8-44d6-86d4-28f745868ae9:172.17.0.2:35933, 441cb323-c758-4204-8e94-c518eb7e3dfa:172.17.0.2:42479, 49d4fddc-cd10-443b-a45d-8ada7c557abf:172.17.0.2:35683], old=null at 1
2020-07-07 04:55:10,408 [grpc-default-executor-1] WARN  server.GrpcLogAppender (LogUtils.java:warn(122)) - 49d4fddc-cd10-443b-a45d-8ada7c557abf@group-406F52C2C348->2c88a600-62c8-44d6-86d4-28f745868ae9-AppendLogResponseHandler: Failed appendEntries: org.apache.ratis.thirdparty.io.grpc.StatusRuntimeException: UNAVAILABLE: io exception
2020-07-07 04:55:10,410 [grpc-default-executor-0] INFO  ratis.XceiverServerRatis (XceiverServerRatis.java:handleLeaderChangedNotification(762)) - Leader change notification received for group: group-406F52C2C348 with new leaderId: 49d4fddc-cd10-443b-a45d-8ada7c557abf
2020-07-07 04:55:10,410 [grpc-default-executor-0] INFO  impl.RaftServerImpl (ServerState.java:setLeader(255)) - 441cb323-c758-4204-8e94-c518eb7e3dfa@group-406F52C2C348: change Leader from null to 49d4fddc-cd10-443b-a45d-8ada7c557abf at term 3 for appendEntries, leader elected after 18ms
2020-07-07 04:55:10,412 [grpc-default-executor-0] DEBUG server.GrpcLogAppender (GrpcLogAppender.java:onNext(257)) - 49d4fddc-cd10-443b-a45d-8ada7c557abf@group-406F52C2C348->441cb323-c758-4204-8e94-c518eb7e3dfa-AppendLogResponseHandler: received the first reply 49d4fddc-cd10-443b-a45d-8ada7c557abf<-441cb323-c758-4204-8e94-c518eb7e3dfa#0:OK,SUCCESS,nextIndex:1,term:3,followerCommit:0, request=AppendEntriesRequest:cid=0,entriesCount=0,lastEntry=null
2020-07-07 04:55:10,419 [grpc-default-executor-1] INFO  impl.FollowerInfo (FollowerInfo.java:lambda$new$0(51)) - 49d4fddc-cd10-443b-a45d-8ada7c557abf@group-406F52C2C348->2c88a600-62c8-44d6-86d4-28f745868ae9: nextIndex: updateUnconditionally 2 -> 1
2020-07-07 04:55:10,420 [grpc-default-executor-0] DEBUG impl.RaftServerImpl (RaftServerImpl.java:logAppendEntries(928)) - 441cb323-c758-4204-8e94-c518eb7e3dfa@group-406F52C2C348: receive appendEntries(49d4fddc-cd10-443b-a45d-8ada7c557abf, 3, (t:2, i:0), 0, false, commits[49d4fddc-cd10-443b-a45d-8ada7c557abf:c0, 2c88a600-62c8-44d6-86d4-28f745868ae9:c0, 441cb323-c758-4204-8e94-c518eb7e3dfa:c-1], entries: (t:3, i:1), CONFIGURATIONENTRY
2020-07-07 04:55:10,420 [grpc-default-executor-0] INFO  impl.RaftServerImpl (ServerState.java:setRaftConf(356)) - 441cb323-c758-4204-8e94-c518eb7e3dfa@group-406F52C2C348: set configuration 1: [2c88a600-62c8-44d6-86d4-28f745868ae9:172.17.0.2:35933, 441cb323-c758-4204-8e94-c518eb7e3dfa:172.17.0.2:42479, 49d4fddc-cd10-443b-a45d-8ada7c557abf:172.17.0.2:35683], old=null at 1
2020-07-07 04:55:10,420 [grpc-default-executor-0] INFO  segmented.SegmentedRaftLogWorker (SegmentedRaftLogWorker.java:rollLogSegment(402)) - 441cb323-c758-4204-8e94-c518eb7e3dfa@group-406F52C2C348-SegmentedRaftLogWorker: Rolling segment log-0_0 to index:0
2020-07-07 04:55:10,424 [441cb323-c758-4204-8e94-c518eb7e3dfa@group-406F52C2C348-SegmentedRaftLogWorker] INFO  segmented.SegmentedRaftLogWorker (SegmentedRaftLogWorker.java:execute(553)) - 441cb323-c758-4204-8e94-c518eb7e3dfa@group-406F52C2C348-SegmentedRaftLogWorker: Rolled log segment from /github/workspace/mnt/ozone/hadoop-ozone/integration-test/target/test-dir/MiniOzoneClusterImpl-ddfb2fb6-1dd1-47df-b9d1-90c4649f621f/datanode-0/data/ratis/0c546911-57de-4501-9d81-406f52c2c348/current/log_inprogress_0 to /github/workspace/mnt/ozone/hadoop-ozone/integration-test/target/test-dir/MiniOzoneClusterImpl-ddfb2fb6-1dd1-47df-b9d1-90c4649f621f/datanode-0/data/ratis/0c546911-57de-4501-9d81-406f52c2c348/current/log_0-0
2020-07-07 04:55:10,426 [grpc-default-executor-1] DEBUG server.GrpcLogAppender (GrpcLogAppender.java:onNext(257)) - 850327c1-f3ee-4a2d-9c3d-5bffdb64e521@group-E8C64DAF1BB3->e48c4946-041b-4a5b-90ab-176302687b86-AppendLogResponseHandler: received a reply 850327c1-f3ee-4a2d-9c3d-5bffdb64e521<-e48c4946-041b-4a5b-90ab-176302687b86#5:OK,SUCCESS,nextIndex:1,term:3,followerCommit:0, request=AppendEntriesRequest:cid=5,entriesCount=0,lastEntry=null
2020-07-07 04:55:10,426 [441cb323-c758-4204-8e94-c518eb7e3dfa@group-406F52C2C348-SegmentedRaftLogWorker] INFO  segmented.SegmentedRaftLogWorker (SegmentedRaftLogWorker.java:execute(596)) - 441cb323-c758-4204-8e94-c518eb7e3dfa@group-406F52C2C348-SegmentedRaftLogWorker: created new log segment /github/workspace/mnt/ozone/hadoop-ozone/integration-test/target/test-dir/MiniOzoneClusterImpl-ddfb2fb6-1dd1-47df-b9d1-90c4649f621f/datanode-0/data/ratis/0c546911-57de-4501-9d81-406f52c2c348/current/log_inprogress_1
2020-07-07 04:55:10,426 [grpc-default-executor-1] DEBUG server.GrpcLogAppender (GrpcLogAppender.java:onNext(257)) - 850327c1-f3ee-4a2d-9c3d-5bffdb64e521@group-E8C64DAF1BB3->a62f0d4c-b40d-4885-8959-00b4626cec0c-AppendLogResponseHandler: received a reply 850327c1-f3ee-4a2d-9c3d-5bffdb64e521<-a62f0d4c-b40d-4885-8959-00b4626cec0c#5:OK,SUCCESS,nextIndex:1,term:3,followerCommit:0, request=AppendEntriesRequest:cid=5,entriesCount=0,lastEntry=null
2020-07-07 04:55:10,429 [Thread-1785] DEBUG impl.RaftServerImpl (RaftServerImpl.java:logAppendEntries(928)) - 441cb323-c758-4204-8e94-c518eb7e3dfa@group-406F52C2C348: succeeded to handle AppendEntries. Reply: 49d4fddc-cd10-443b-a45d-8ada7c557abf<-441cb323-c758-4204-8e94-c518eb7e3dfa#1:OK,SUCCESS,nextIndex:2,term:3,followerCommit:0
2020-07-07 04:55:10,429 [grpc-default-executor-1] DEBUG server.GrpcLogAppender (GrpcLogAppender.java:onNext(257)) - 49d4fddc-cd10-443b-a45d-8ada7c557abf@group-406F52C2C348->441cb323-c758-4204-8e94-c518eb7e3dfa-AppendLogResponseHandler: received a reply 49d4fddc-cd10-443b-a45d-8ada7c557abf<-441cb323-c758-4204-8e94-c518eb7e3dfa#1:OK,SUCCESS,nextIndex:2,term:3,followerCommit:0, request=AppendEntriesRequest:cid=1,entriesCount=1,lastEntry=(t:3, i:1)
2020-07-07 04:55:10,433 [grpc-default-executor-1] DEBUG impl.RaftServerImpl (RaftServerImpl.java:logAppendEntries(928)) - 441cb323-c758-4204-8e94-c518eb7e3dfa@group-406F52C2C348: receive appendEntries(49d4fddc-cd10-443b-a45d-8ada7c557abf, 3, (t:3, i:1), 1, false, commits[49d4fddc-cd10-443b-a45d-8ada7c557abf:c1, 2c88a600-62c8-44d6-86d4-28f745868ae9:c0, 441cb323-c758-4204-8e94-c518eb7e3dfa:c0], entries: (t:3, i:2), METADATAENTRY(c:1)
2020-07-07 04:55:10,434 [grpc-default-executor-1] WARN  server.GrpcLogAppender (LogUtils.java:warn(122)) - 49d4fddc-cd10-443b-a45d-8ada7c557abf@group-406F52C2C348->2c88a600-62c8-44d6-86d4-28f745868ae9-AppendLogResponseHandler: Failed appendEntries: org.apache.ratis.thirdparty.io.grpc.StatusRuntimeException: UNAVAILABLE: io exception
2020-07-07 04:55:10,442 [Thread-1786] DEBUG impl.RaftServerImpl (RaftServerImpl.java:logAppendEntries(928)) - 441cb323-c758-4204-8e94-c518eb7e3dfa@group-406F52C2C348: succeeded to handle AppendEntries. Reply: 49d4fddc-cd10-443b-a45d-8ada7c557abf<-441cb323-c758-4204-8e94-c518eb7e3dfa#2:OK,SUCCESS,nextIndex:3,term:3,followerCommit:1
2020-07-07 04:55:10,442 [grpc-default-executor-1] INFO  impl.FollowerInfo (FollowerInfo.java:lambda$new$0(51)) - 49d4fddc-cd10-443b-a45d-8ada7c557abf@group-406F52C2C348->2c88a600-62c8-44d6-86d4-28f745868ae9: nextIndex: updateUnconditionally 2 -> 1
2020-07-07 04:55:10,443 [grpc-default-executor-0] DEBUG server.GrpcLogAppender (GrpcLogAppender.java:onNext(257)) - 49d4fddc-cd10-443b-a45d-8ada7c557abf@group-406F52C2C348->441cb323-c758-4204-8e94-c518eb7e3dfa-AppendLogResponseHandler: received a reply 49d4fddc-cd10-443b-a45d-8ada7c557abf<-441cb323-c758-4204-8e94-c518eb7e3dfa#2:OK,SUCCESS,nextIndex:3,term:3,followerCommit:1, request=AppendEntriesRequest:cid=2,entriesCount=1,lastEntry=(t:3, i:2)
2020-07-07 04:55:10,445 [grpc-default-executor-1] WARN  server.GrpcLogAppender (LogUtils.java:warn(122)) - 49d4fddc-cd10-443b-a45d-8ada7c557abf@group-406F52C2C348->2c88a600-62c8-44d6-86d4-28f745868ae9-AppendLogResponseHandler: Failed appendEntries: org.apache.ratis.thirdparty.io.grpc.StatusRuntimeException: UNAVAILABLE: io exception
2020-07-07 04:55:10,446 [grpc-default-executor-1] INFO  impl.FollowerInfo (FollowerInfo.java:lambda$new$0(51)) - 49d4fddc-cd10-443b-a45d-8ada7c557abf@group-406F52C2C348->2c88a600-62c8-44d6-86d4-28f745868ae9: nextIndex: updateUnconditionally 2 -> 1
2020-07-07 04:55:10,614 [Listener at 127.0.0.1/42245] INFO  ozoneimpl.OzoneContainer (OzoneContainer.java:stop(246)) - Attempting to stop container services.
2020-07-07 04:55:10,615 [Listener at 127.0.0.1/42245] INFO  impl.RaftServerProxy (RaftServerProxy.java:lambda$close$4(319)) - a62f0d4c-b40d-4885-8959-00b4626cec0c: close
2020-07-07 04:55:10,615 [Listener at 127.0.0.1/42245] INFO  impl.RaftServerImpl (RaftServerImpl.java:lambda$shutdown$3(252)) - a62f0d4c-b40d-4885-8959-00b4626cec0c@group-E8C64DAF1BB3: shutdown
2020-07-07 04:55:10,615 [Listener at 127.0.0.1/42245] INFO  util.JmxRegister (JmxRegister.java:unregister(73)) - Successfully un-registered JMX Bean with object name Ratis:service=RaftServer,group=group-E8C64DAF1BB3,id=a62f0d4c-b40d-4885-8959-00b4626cec0c
2020-07-07 04:55:10,615 [Listener at 127.0.0.1/42245] INFO  impl.RoleInfo (RoleInfo.java:shutdownFollowerState(121)) - a62f0d4c-b40d-4885-8959-00b4626cec0c: shutdown FollowerState
2020-07-07 04:55:10,615 [Listener at 127.0.0.1/42245] INFO  impl.StateMachineUpdater (StateMachineUpdater.java:stopAndJoin(142)) - a62f0d4c-b40d-4885-8959-00b4626cec0c@group-E8C64DAF1BB3-StateMachineUpdater: set stopIndex = 0
2020-07-07 04:55:10,616 [a62f0d4c-b40d-4885-8959-00b4626cec0c@group-E8C64DAF1BB3-StateMachineUpdater] INFO  ratis.ContainerStateMachine (ContainerStateMachine.java:takeSnapshot(293)) - group-E8C64DAF1BB3: Taking a snapshot at:(t:3, i:0) file /github/workspace/mnt/ozone/hadoop-ozone/integration-test/target/test-dir/MiniOzoneClusterImpl-ddfb2fb6-1dd1-47df-b9d1-90c4649f621f/datanode-7/data/ratis/00bd9342-b899-4510-816c-e8c64daf1bb3/sm/snapshot.3_0
2020-07-07 04:55:10,615 [Thread-1756] INFO  impl.FollowerState (FollowerState.java:run(117)) - a62f0d4c-b40d-4885-8959-00b4626cec0c@group-E8C64DAF1BB3-FollowerState was interrupted: java.lang.InterruptedException: sleep interrupted
2020-07-07 04:55:10,617 [a62f0d4c-b40d-4885-8959-00b4626cec0c@group-E8C64DAF1BB3-StateMachineUpdater] INFO  ratis.ContainerStateMachine (ContainerStateMachine.java:takeSnapshot(304)) - group-E8C64DAF1BB3: Finished taking a snapshot at:(t:3, i:0) file:/github/workspace/mnt/ozone/hadoop-ozone/integration-test/target/test-dir/MiniOzoneClusterImpl-ddfb2fb6-1dd1-47df-b9d1-90c4649f621f/datanode-7/data/ratis/00bd9342-b899-4510-816c-e8c64daf1bb3/sm/snapshot.3_0 time:1
2020-07-07 04:55:10,617 [ForkJoinPool.commonPool-worker-0] INFO  ozoneimpl.OzoneContainer (OzoneContainer.java:stop(246)) - Attempting to stop container services.
2020-07-07 04:55:10,617 [ForkJoinPool.commonPool-worker-0] INFO  impl.RaftServerProxy (RaftServerProxy.java:lambda$close$4(319)) - 441cb323-c758-4204-8e94-c518eb7e3dfa: close
2020-07-07 04:55:10,617 [a62f0d4c-b40d-4885-8959-00b4626cec0c@group-E8C64DAF1BB3-StateMachineUpdater] INFO  impl.StateMachineUpdater (StateMachineUpdater.java:takeSnapshot(277)) - a62f0d4c-b40d-4885-8959-00b4626cec0c@group-E8C64DAF1BB3-StateMachineUpdater: Took a snapshot at index 0
2020-07-07 04:55:10,617 [a62f0d4c-b40d-4885-8959-00b4626cec0c@group-E8C64DAF1BB3-StateMachineUpdater] INFO  impl.StateMachineUpdater (StateMachineUpdater.java:lambda$new$0(87)) - a62f0d4c-b40d-4885-8959-00b4626cec0c@group-E8C64DAF1BB3-StateMachineUpdater: snapshotIndex: updateIncreasingly -1 -> 0
2020-07-07 04:55:10,618 [ForkJoinPool.commonPool-worker-0] INFO  impl.RaftServerImpl (RaftServerImpl.java:lambda$shutdown$3(252)) - 441cb323-c758-4204-8e94-c518eb7e3dfa@group-9251E4935A46: shutdown
2020-07-07 04:55:10,618 [a62f0d4c-b40d-4885-8959-00b4626cec0c@group-E8C64DAF1BB3-StateMachineUpdater] INFO  metrics.RatisMetrics (RatisMetrics.java:unregister(43)) - Unregistering Metrics Registry : ratis.state_machine.a62f0d4c-b40d-4885-8959-00b4626cec0c@group-E8C64DAF1BB3
2020-07-07 04:55:10,618 [ForkJoinPool.commonPool-worker-0] INFO  util.JmxRegister (JmxRegister.java:unregister(73)) - Successfully un-registered JMX Bean with object name Ratis:service=RaftServer,group=group-9251E4935A46,id=441cb323-c758-4204-8e94-c518eb7e3dfa
2020-07-07 04:55:10,618 [ForkJoinPool.commonPool-worker-0] INFO  impl.RoleInfo (RoleInfo.java:shutdownLeaderState(104)) - 441cb323-c758-4204-8e94-c518eb7e3dfa: shutdown LeaderState
2020-07-07 04:55:10,618 [ForkJoinPool.commonPool-worker-0] INFO  impl.PendingRequests (PendingRequests.java:sendNotLeaderResponses(249)) - 441cb323-c758-4204-8e94-c518eb7e3dfa@group-9251E4935A46-PendingRequests: sendNotLeaderResponses
2020-07-07 04:55:10,618 [ForkJoinPool.commonPool-worker-0] INFO  metrics.RatisMetrics (RatisMetrics.java:unregister(43)) - Unregistering Metrics Registry : ratis.log_appender.441cb323-c758-4204-8e94-c518eb7e3dfa@group-9251E4935A46
2020-07-07 04:55:10,619 [ForkJoinPool.commonPool-worker-0] INFO  metrics.RatisMetrics (RatisMetrics.java:unregister(43)) - Unregistering Metrics Registry : ratis.server.441cb323-c758-4204-8e94-c518eb7e3dfa@group-9251E4935A46
2020-07-07 04:55:10,619 [ForkJoinPool.commonPool-worker-0] INFO  impl.StateMachineUpdater (StateMachineUpdater.java:stopAndJoin(142)) - 441cb323-c758-4204-8e94-c518eb7e3dfa@group-9251E4935A46-StateMachineUpdater: set stopIndex = 0
2020-07-07 04:55:10,620 [Listener at 127.0.0.1/42245] INFO  impl.RaftServerImpl (ServerState.java:close(387)) - a62f0d4c-b40d-4885-8959-00b4626cec0c@group-E8C64DAF1BB3: closes. applyIndex: 0
2020-07-07 04:55:10,620 [441cb323-c758-4204-8e94-c518eb7e3dfa@group-9251E4935A46-StateMachineUpdater] INFO  ratis.ContainerStateMachine (ContainerStateMachine.java:takeSnapshot(293)) - group-9251E4935A46: Taking a snapshot at:(t:1, i:0) file /github/workspace/mnt/ozone/hadoop-ozone/integration-test/target/test-dir/MiniOzoneClusterImpl-ddfb2fb6-1dd1-47df-b9d1-90c4649f621f/datanode-0/data/ratis/c3389e05-2732-459b-b62c-9251e4935a46/sm/snapshot.1_0
2020-07-07 04:55:10,620 [a62f0d4c-b40d-4885-8959-00b4626cec0c@group-E8C64DAF1BB3-SegmentedRaftLogWorker] INFO  segmented.SegmentedRaftLogWorker (SegmentedRaftLogWorker.java:run(327)) - a62f0d4c-b40d-4885-8959-00b4626cec0c@group-E8C64DAF1BB3-SegmentedRaftLogWorker was interrupted, exiting. There are 0 tasks remaining in the queue.
2020-07-07 04:55:10,620 [441cb323-c758-4204-8e94-c518eb7e3dfa@group-9251E4935A46-StateMachineUpdater] INFO  ratis.ContainerStateMachine (ContainerStateMachine.java:takeSnapshot(304)) - group-9251E4935A46: Finished taking a snapshot at:(t:1, i:0) file:/github/workspace/mnt/ozone/hadoop-ozone/integration-test/target/test-dir/MiniOzoneClusterImpl-ddfb2fb6-1dd1-47df-b9d1-90c4649f621f/datanode-0/data/ratis/c3389e05-2732-459b-b62c-9251e4935a46/sm/snapshot.1_0 time:1
2020-07-07 04:55:10,620 [Listener at 127.0.0.1/42245] INFO  segmented.SegmentedRaftLogWorker (SegmentedRaftLogWorker.java:close(234)) - a62f0d4c-b40d-4885-8959-00b4626cec0c@group-E8C64DAF1BB3-SegmentedRaftLogWorker close()
2020-07-07 04:55:10,621 [441cb323-c758-4204-8e94-c518eb7e3dfa@group-9251E4935A46-StateMachineUpdater] INFO  impl.StateMachineUpdater (StateMachineUpdater.java:takeSnapshot(277)) - 441cb323-c758-4204-8e94-c518eb7e3dfa@group-9251E4935A46-StateMachineUpdater: Took a snapshot at index 0
2020-07-07 04:55:10,622 [441cb323-c758-4204-8e94-c518eb7e3dfa@group-9251E4935A46-StateMachineUpdater] INFO  impl.StateMachineUpdater (StateMachineUpdater.java:lambda$new$0(87)) - 441cb323-c758-4204-8e94-c518eb7e3dfa@group-9251E4935A46-StateMachineUpdater: snapshotIndex: updateIncreasingly -1 -> 0
2020-07-07 04:55:10,621 [Listener at 127.0.0.1/42245] INFO  metrics.RatisMetrics (RatisMetrics.java:unregister(43)) - Unregistering Metrics Registry : ratis.log_worker.a62f0d4c-b40d-4885-8959-00b4626cec0c@group-E8C64DAF1BB3
2020-07-07 04:55:10,622 [441cb323-c758-4204-8e94-c518eb7e3dfa@group-9251E4935A46-StateMachineUpdater] INFO  metrics.RatisMetrics (RatisMetrics.java:unregister(43)) - Unregistering Metrics Registry : ratis.state_machine.441cb323-c758-4204-8e94-c518eb7e3dfa@group-9251E4935A46
2020-07-07 04:55:10,622 [Listener at 127.0.0.1/42245] INFO  metrics.RatisMetrics (RatisMetrics.java:unregister(43)) - Unregistering Metrics Registry : ratis.leader_election.a62f0d4c-b40d-4885-8959-00b4626cec0c@group-E8C64DAF1BB3
2020-07-07 04:55:10,622 [Listener at 127.0.0.1/42245] INFO  metrics.RatisMetrics (RatisMetrics.java:unregister(43)) - Unregistering Metrics Registry : ratis.server.a62f0d4c-b40d-4885-8959-00b4626cec0c@group-E8C64DAF1BB3
2020-07-07 04:55:10,622 [Listener at 127.0.0.1/42245] INFO  impl.RaftServerImpl (RaftServerImpl.java:lambda$shutdown$3(252)) - a62f0d4c-b40d-4885-8959-00b4626cec0c@group-1E2D28F166DE: shutdown
2020-07-07 04:55:10,622 [Listener at 127.0.0.1/42245] INFO  util.JmxRegister (JmxRegister.java:unregister(73)) - Successfully un-registered JMX Bean with object name Ratis:service=RaftServer,group=group-1E2D28F166DE,id=a62f0d4c-b40d-4885-8959-00b4626cec0c
2020-07-07 04:55:10,623 [Listener at 127.0.0.1/42245] INFO  impl.RoleInfo (RoleInfo.java:shutdownLeaderState(104)) - a62f0d4c-b40d-4885-8959-00b4626cec0c: shutdown LeaderState
2020-07-07 04:55:10,623 [Listener at 127.0.0.1/42245] INFO  impl.PendingRequests (PendingRequests.java:sendNotLeaderResponses(249)) - a62f0d4c-b40d-4885-8959-00b4626cec0c@group-1E2D28F166DE-PendingRequests: sendNotLeaderResponses
2020-07-07 04:55:10,623 [Listener at 127.0.0.1/42245] INFO  metrics.RatisMetrics (RatisMetrics.java:unregister(43)) - Unregistering Metrics Registry : ratis.log_appender.a62f0d4c-b40d-4885-8959-00b4626cec0c@group-1E2D28F166DE
2020-07-07 04:55:10,623 [Listener at 127.0.0.1/42245] INFO  metrics.RatisMetrics (RatisMetrics.java:unregister(43)) - Unregistering Metrics Registry : ratis.server.a62f0d4c-b40d-4885-8959-00b4626cec0c@group-1E2D28F166DE
2020-07-07 04:55:10,625 [ForkJoinPool.commonPool-worker-0] INFO  impl.RaftServerImpl (ServerState.java:close(387)) - 441cb323-c758-4204-8e94-c518eb7e3dfa@group-9251E4935A46: closes. applyIndex: 0
2020-07-07 04:55:10,625 [a62f0d4c-b40d-4885-8959-00b4626cec0c@group-1E2D28F166DE-StateMachineUpdater] INFO  ratis.ContainerStateMachine (ContainerStateMachine.java:takeSnapshot(293)) - group-1E2D28F166DE: Taking a snapshot at:(t:1, i:0) file /github/workspace/mnt/ozone/hadoop-ozone/integration-test/target/test-dir/MiniOzoneClusterImpl-ddfb2fb6-1dd1-47df-b9d1-90c4649f621f/datanode-7/data/ratis/9561fadf-3ffa-4171-b6cd-1e2d28f166de/sm/snapshot.1_0
2020-07-07 04:55:10,625 [Listener at 127.0.0.1/42245] INFO  impl.StateMachineUpdater (StateMachineUpdater.java:stopAndJoin(142)) - a62f0d4c-b40d-4885-8959-00b4626cec0c@group-1E2D28F166DE-StateMachineUpdater: set stopIndex = 0
2020-07-07 04:55:10,626 [441cb323-c758-4204-8e94-c518eb7e3dfa@group-9251E4935A46-SegmentedRaftLogWorker] INFO  segmented.SegmentedRaftLogWorker (SegmentedRaftLogWorker.java:run(327)) - 441cb323-c758-4204-8e94-c518eb7e3dfa@group-9251E4935A46-SegmentedRaftLogWorker was interrupted, exiting. There are 0 tasks remaining in the queue.
2020-07-07 04:55:10,627 [a62f0d4c-b40d-4885-8959-00b4626cec0c@group-1E2D28F166DE-StateMachineUpdater] INFO  ratis.ContainerStateMachine (ContainerStateMachine.java:takeSnapshot(304)) - group-1E2D28F166DE: Finished taking a snapshot at:(t:1, i:0) file:/github/workspace/mnt/ozone/hadoop-ozone/integration-test/target/test-dir/MiniOzoneClusterImpl-ddfb2fb6-1dd1-47df-b9d1-90c4649f621f/datanode-7/data/ratis/9561fadf-3ffa-4171-b6cd-1e2d28f166de/sm/snapshot.1_0 time:1
2020-07-07 04:55:10,627 [a62f0d4c-b40d-4885-8959-00b4626cec0c@group-1E2D28F166DE-StateMachineUpdater] INFO  impl.StateMachineUpdater (StateMachineUpdater.java:takeSnapshot(277)) - a62f0d4c-b40d-4885-8959-00b4626cec0c@group-1E2D28F166DE-StateMachineUpdater: Took a snapshot at index 0
2020-07-07 04:55:10,627 [a62f0d4c-b40d-4885-8959-00b4626cec0c@group-1E2D28F166DE-StateMachineUpdater] INFO  impl.StateMachineUpdater (StateMachineUpdater.java:lambda$new$0(87)) - a62f0d4c-b40d-4885-8959-00b4626cec0c@group-1E2D28F166DE-StateMachineUpdater: snapshotIndex: updateIncreasingly -1 -> 0
2020-07-07 04:55:10,627 [a62f0d4c-b40d-4885-8959-00b4626cec0c@group-1E2D28F166DE-StateMachineUpdater] INFO  metrics.RatisMetrics (RatisMetrics.java:unregister(43)) - Unregistering Metrics Registry : ratis.state_machine.a62f0d4c-b40d-4885-8959-00b4626cec0c@group-1E2D28F166DE
2020-07-07 04:55:10,627 [Listener at 127.0.0.1/42245] INFO  impl.RaftServerImpl (ServerState.java:close(387)) - a62f0d4c-b40d-4885-8959-00b4626cec0c@group-1E2D28F166DE: closes. applyIndex: 0
2020-07-07 04:55:10,627 [ForkJoinPool.commonPool-worker-0] INFO  segmented.SegmentedRaftLogWorker (SegmentedRaftLogWorker.java:close(234)) - 441cb323-c758-4204-8e94-c518eb7e3dfa@group-9251E4935A46-SegmentedRaftLogWorker close()
2020-07-07 04:55:10,630 [ForkJoinPool.commonPool-worker-0] INFO  metrics.RatisMetrics (RatisMetrics.java:unregister(43)) - Unregistering Metrics Registry : ratis.log_worker.441cb323-c758-4204-8e94-c518eb7e3dfa@group-9251E4935A46
2020-07-07 04:55:10,630 [ForkJoinPool.commonPool-worker-0] INFO  metrics.RatisMetrics (RatisMetrics.java:unregister(43)) - Unregistering Metrics Registry : ratis.leader_election.441cb323-c758-4204-8e94-c518eb7e3dfa@group-9251E4935A46
2020-07-07 04:55:10,630 [ForkJoinPool.commonPool-worker-0] INFO  metrics.RatisMetrics (RatisMetrics.java:unregister(43)) - Unregistering Metrics Registry : ratis.server.441cb323-c758-4204-8e94-c518eb7e3dfa@group-9251E4935A46
2020-07-07 04:55:10,631 [ForkJoinPool.commonPool-worker-0] INFO  impl.RaftServerImpl (RaftServerImpl.java:lambda$shutdown$3(252)) - 441cb323-c758-4204-8e94-c518eb7e3dfa@group-406F52C2C348: shutdown
2020-07-07 04:55:10,631 [ForkJoinPool.commonPool-worker-0] INFO  util.JmxRegister (JmxRegister.java:unregister(73)) - Successfully un-registered JMX Bean with object name Ratis:service=RaftServer,group=group-406F52C2C348,id=441cb323-c758-4204-8e94-c518eb7e3dfa
2020-07-07 04:55:10,631 [ForkJoinPool.commonPool-worker-0] INFO  impl.RoleInfo (RoleInfo.java:shutdownFollowerState(121)) - 441cb323-c758-4204-8e94-c518eb7e3dfa: shutdown FollowerState
2020-07-07 04:55:10,631 [ForkJoinPool.commonPool-worker-0] INFO  impl.StateMachineUpdater (StateMachineUpdater.java:stopAndJoin(142)) - 441cb323-c758-4204-8e94-c518eb7e3dfa@group-406F52C2C348-StateMachineUpdater: set stopIndex = 1
2020-07-07 04:55:10,631 [a62f0d4c-b40d-4885-8959-00b4626cec0c@group-1E2D28F166DE-SegmentedRaftLogWorker] INFO  segmented.SegmentedRaftLogWorker (SegmentedRaftLogWorker.java:run(327)) - a62f0d4c-b40d-4885-8959-00b4626cec0c@group-1E2D28F166DE-SegmentedRaftLogWorker was interrupted, exiting. There are 0 tasks remaining in the queue.
2020-07-07 04:55:10,631 [Thread-1778] INFO  impl.FollowerState (FollowerState.java:run(117)) - 441cb323-c758-4204-8e94-c518eb7e3dfa@group-406F52C2C348-FollowerState was interrupted: java.lang.InterruptedException: sleep interrupted
2020-07-07 04:55:10,632 [441cb323-c758-4204-8e94-c518eb7e3dfa@group-406F52C2C348-StateMachineUpdater] INFO  ratis.ContainerStateMachine (ContainerStateMachine.java:takeSnapshot(293)) - group-406F52C2C348: Taking a snapshot at:(t:3, i:1) file /github/workspace/mnt/ozone/hadoop-ozone/integration-test/target/test-dir/MiniOzoneClusterImpl-ddfb2fb6-1dd1-47df-b9d1-90c4649f621f/datanode-0/data/ratis/0c546911-57de-4501-9d81-406f52c2c348/sm/snapshot.3_1
2020-07-07 04:55:10,632 [441cb323-c758-4204-8e94-c518eb7e3dfa@group-406F52C2C348-StateMachineUpdater] INFO  ratis.ContainerStateMachine (ContainerStateMachine.java:takeSnapshot(304)) - group-406F52C2C348: Finished taking a snapshot at:(t:3, i:1) file:/github/workspace/mnt/ozone/hadoop-ozone/integration-test/target/test-dir/MiniOzoneClusterImpl-ddfb2fb6-1dd1-47df-b9d1-90c4649f621f/datanode-0/data/ratis/0c546911-57de-4501-9d81-406f52c2c348/sm/snapshot.3_1 time:1
2020-07-07 04:55:10,632 [441cb323-c758-4204-8e94-c518eb7e3dfa@group-406F52C2C348-StateMachineUpdater] INFO  impl.StateMachineUpdater (StateMachineUpdater.java:takeSnapshot(277)) - 441cb323-c758-4204-8e94-c518eb7e3dfa@group-406F52C2C348-StateMachineUpdater: Took a snapshot at index 1
2020-07-07 04:55:10,632 [441cb323-c758-4204-8e94-c518eb7e3dfa@group-406F52C2C348-StateMachineUpdater] INFO  impl.StateMachineUpdater (StateMachineUpdater.java:lambda$new$0(87)) - 441cb323-c758-4204-8e94-c518eb7e3dfa@group-406F52C2C348-StateMachineUpdater: snapshotIndex: updateIncreasingly -1 -> 1
2020-07-07 04:55:10,633 [441cb323-c758-4204-8e94-c518eb7e3dfa@group-406F52C2C348-StateMachineUpdater] INFO  metrics.RatisMetrics (RatisMetrics.java:unregister(43)) - Unregistering Metrics Registry : ratis.state_machine.441cb323-c758-4204-8e94-c518eb7e3dfa@group-406F52C2C348
2020-07-07 04:55:10,633 [Listener at 127.0.0.1/42245] INFO  segmented.SegmentedRaftLogWorker (SegmentedRaftLogWorker.java:close(234)) - a62f0d4c-b40d-4885-8959-00b4626cec0c@group-1E2D28F166DE-SegmentedRaftLogWorker close()
2020-07-07 04:55:10,633 [ForkJoinPool.commonPool-worker-0] INFO  impl.RaftServerImpl (ServerState.java:close(387)) - 441cb323-c758-4204-8e94-c518eb7e3dfa@group-406F52C2C348: closes. applyIndex: 1
2020-07-07 04:55:10,633 [441cb323-c758-4204-8e94-c518eb7e3dfa@group-406F52C2C348-SegmentedRaftLogWorker] INFO  segmented.SegmentedRaftLogWorker (SegmentedRaftLogWorker.java:run(327)) - 441cb323-c758-4204-8e94-c518eb7e3dfa@group-406F52C2C348-SegmentedRaftLogWorker was interrupted, exiting. There are 0 tasks remaining in the queue.
2020-07-07 04:55:10,633 [ForkJoinPool.commonPool-worker-0] INFO  segmented.SegmentedRaftLogWorker (SegmentedRaftLogWorker.java:close(234)) - 441cb323-c758-4204-8e94-c518eb7e3dfa@group-406F52C2C348-SegmentedRaftLogWorker close()
2020-07-07 04:55:10,634 [Listener at 127.0.0.1/42245] INFO  metrics.RatisMetrics (RatisMetrics.java:unregister(43)) - Unregistering Metrics Registry : ratis.log_worker.a62f0d4c-b40d-4885-8959-00b4626cec0c@group-1E2D28F166DE
2020-07-07 04:55:10,634 [Listener at 127.0.0.1/42245] INFO  metrics.RatisMetrics (RatisMetrics.java:unregister(43)) - Unregistering Metrics Registry : ratis.leader_election.a62f0d4c-b40d-4885-8959-00b4626cec0c@group-1E2D28F166DE
2020-07-07 04:55:10,634 [Listener at 127.0.0.1/42245] INFO  metrics.RatisMetrics (RatisMetrics.java:unregister(43)) - Unregistering Metrics Registry : ratis.server.a62f0d4c-b40d-4885-8959-00b4626cec0c@group-1E2D28F166DE
2020-07-07 04:55:10,635 [Listener at 127.0.0.1/42245] INFO  server.GrpcService (GrpcService.java:closeImpl(166)) - a62f0d4c-b40d-4885-8959-00b4626cec0c: shutdown server with port 36867 now
2020-07-07 04:55:10,635 [ForkJoinPool.commonPool-worker-0] INFO  metrics.RatisMetrics (RatisMetrics.java:unregister(43)) - Unregistering Metrics Registry : ratis.log_worker.441cb323-c758-4204-8e94-c518eb7e3dfa@group-406F52C2C348
2020-07-07 04:55:10,635 [ForkJoinPool.commonPool-worker-0] INFO  metrics.RatisMetrics (RatisMetrics.java:unregister(43)) - Unregistering Metrics Registry : ratis.leader_election.441cb323-c758-4204-8e94-c518eb7e3dfa@group-406F52C2C348
2020-07-07 04:55:10,635 [ForkJoinPool.commonPool-worker-0] INFO  metrics.RatisMetrics (RatisMetrics.java:unregister(43)) - Unregistering Metrics Registry : ratis.server.441cb323-c758-4204-8e94-c518eb7e3dfa@group-406F52C2C348
2020-07-07 04:55:10,635 [ForkJoinPool.commonPool-worker-0] INFO  server.GrpcService (GrpcService.java:closeImpl(166)) - 441cb323-c758-4204-8e94-c518eb7e3dfa: shutdown server with port 42479 now
2020-07-07 04:55:10,637 [grpc-default-executor-0] WARN  server.GrpcServerProtocolService (LogUtils.java:warn(122)) - a62f0d4c-b40d-4885-8959-00b4626cec0c: installSnapshot onError, lastRequest: 850327c1-f3ee-4a2d-9c3d-5bffdb64e521->a62f0d4c-b40d-4885-8959-00b4626cec0c#1-t3, previous=(t:0, i:0), leaderCommit=-1, initializing? false, entries: size=1, first=(t:3, i:0), CONFIGURATIONENTRY: org.apache.ratis.thirdparty.io.grpc.StatusRuntimeException: CANCELLED: cancelled before receiving half close
2020-07-07 04:55:10,637 [grpc-default-executor-4] WARN  server.GrpcServerProtocolService (LogUtils.java:warn(122)) - 441cb323-c758-4204-8e94-c518eb7e3dfa: installSnapshot onError, lastRequest: 49d4fddc-cd10-443b-a45d-8ada7c557abf->441cb323-c758-4204-8e94-c518eb7e3dfa#2-t3, previous=(t:3, i:1), leaderCommit=1, initializing? false, entries: size=1, first=(t:3, i:2), METADATAENTRY(c:1): org.apache.ratis.thirdparty.io.grpc.StatusRuntimeException: CANCELLED: cancelled before receiving half close
2020-07-07 04:55:10,637 [Listener at 127.0.0.1/42245] INFO  server.GrpcService (GrpcService.java:closeImpl(174)) - a62f0d4c-b40d-4885-8959-00b4626cec0c: shutdown server with port 36867 successfully
2020-07-07 04:55:10,637 [grpc-default-executor-3] WARN  server.GrpcLogAppender (LogUtils.java:warn(122)) - 850327c1-f3ee-4a2d-9c3d-5bffdb64e521@group-E8C64DAF1BB3->a62f0d4c-b40d-4885-8959-00b4626cec0c-AppendLogResponseHandler: Failed appendEntries: org.apache.ratis.thirdparty.io.grpc.StatusRuntimeException: CANCELLED: HTTP/2 error code: CANCEL
Received Rst Stream
2020-07-07 04:55:10,637 [grpc-default-executor-0] WARN  server.GrpcLogAppender (LogUtils.java:warn(122)) - 49d4fddc-cd10-443b-a45d-8ada7c557abf@group-406F52C2C348->441cb323-c758-4204-8e94-c518eb7e3dfa-AppendLogResponseHandler: Failed appendEntries: org.apache.ratis.thirdparty.io.grpc.StatusRuntimeException: CANCELLED: HTTP/2 error code: CANCEL
Received Rst Stream
2020-07-07 04:55:10,637 [ForkJoinPool.commonPool-worker-0] INFO  server.GrpcService (GrpcService.java:closeImpl(174)) - 441cb323-c758-4204-8e94-c518eb7e3dfa: shutdown server with port 42479 successfully
2020-07-07 04:55:10,638 [Listener at 127.0.0.1/42245] INFO  utils.BackgroundService (BackgroundService.java:shutdown(157)) - Shutting down service BlockDeletingService
2020-07-07 04:55:10,638 [grpc-default-executor-0] INFO  impl.FollowerInfo (FollowerInfo.java:lambda$new$0(51)) - 49d4fddc-cd10-443b-a45d-8ada7c557abf@group-406F52C2C348->441cb323-c758-4204-8e94-c518eb7e3dfa: nextIndex: updateUnconditionally 3 -> 2
2020-07-07 04:55:10,639 [grpc-default-executor-3] INFO  impl.FollowerInfo (FollowerInfo.java:lambda$new$0(51)) - 850327c1-f3ee-4a2d-9c3d-5bffdb64e521@group-E8C64DAF1BB3->a62f0d4c-b40d-4885-8959-00b4626cec0c: nextIndex: updateUnconditionally 1 -> 0
2020-07-07 04:55:10,640 [ForkJoinPool.commonPool-worker-0] INFO  utils.BackgroundService (BackgroundService.java:shutdown(157)) - Shutting down service BlockDeletingService
2020-07-07 04:55:10,644 [Listener at 127.0.0.1/42245] INFO  statemachine.DatanodeStateMachine (DatanodeStateMachine.java:stopDaemon(428)) - Ozone container server stopped.
2020-07-07 04:55:10,644 [Listener at 127.0.0.1/42245] INFO  handler.ContextHandler (ContextHandler.java:doStop(1016)) - Stopped o.e.j.w.WebAppContext@5393c04{hddsDatanode,/,null,UNAVAILABLE}{jar:file:/home/user/.m2/repository/org/apache/hadoop/hadoop-hdds-container-service/0.6.0-SNAPSHOT/hadoop-hdds-container-service-0.6.0-SNAPSHOT.jar!/webapps/hddsDatanode}
2020-07-07 04:55:10,645 [Listener at 127.0.0.1/42245] INFO  server.AbstractConnector (AbstractConnector.java:doStop(380)) - Stopped ServerConnector@645b31d0{HTTP/1.1,[http/1.1]}{0.0.0.0:0}
2020-07-07 04:55:10,645 [Listener at 127.0.0.1/42245] INFO  server.session (HouseKeeper.java:stopScavenging(158)) - node0 Stopped scavenging
2020-07-07 04:55:10,645 [Listener at 127.0.0.1/42245] INFO  handler.ContextHandler (ContextHandler.java:doStop(1016)) - Stopped o.e.j.s.ServletContextHandler@14443c86{static,/static,jar:file:/home/user/.m2/repository/org/apache/hadoop/hadoop-hdds-container-service/0.6.0-SNAPSHOT/hadoop-hdds-container-service-0.6.0-SNAPSHOT.jar!/webapps/static,UNAVAILABLE}
2020-07-07 04:55:10,646 [Listener at 127.0.0.1/42245] INFO  handler.ContextHandler (ContextHandler.java:doStop(1016)) - Stopped o.e.j.s.ServletContextHandler@1df2b230{logs,/logs,file:///github/workspace/mnt/ozone/hadoop-ozone/integration-test/target/log,UNAVAILABLE}
2020-07-07 04:55:10,648 [ForkJoinPool.commonPool-worker-0] INFO  statemachine.DatanodeStateMachine (DatanodeStateMachine.java:stopDaemon(428)) - Ozone container server stopped.
2020-07-07 04:55:10,651 [ForkJoinPool.commonPool-worker-0] INFO  handler.ContextHandler (ContextHandler.java:doStop(1016)) - Stopped o.e.j.w.WebAppContext@51f7265b{hddsDatanode,/,null,UNAVAILABLE}{jar:file:/home/user/.m2/repository/org/apache/hadoop/hadoop-hdds-container-service/0.6.0-SNAPSHOT/hadoop-hdds-container-service-0.6.0-SNAPSHOT.jar!/webapps/hddsDatanode}
2020-07-07 04:55:10,651 [ForkJoinPool.commonPool-worker-0] INFO  server.AbstractConnector (AbstractConnector.java:doStop(380)) - Stopped ServerConnector@1b6bb1bd{HTTP/1.1,[http/1.1]}{0.0.0.0:0}
2020-07-07 04:55:10,652 [ForkJoinPool.commonPool-worker-0] INFO  server.session (HouseKeeper.java:stopScavenging(158)) - node0 Stopped scavenging
2020-07-07 04:55:10,656 [ForkJoinPool.commonPool-worker-0] INFO  handler.ContextHandler (ContextHandler.java:doStop(1016)) - Stopped o.e.j.s.ServletContextHandler@2da8cbb9{static,/static,jar:file:/home/user/.m2/repository/org/apache/hadoop/hadoop-hdds-container-service/0.6.0-SNAPSHOT/hadoop-hdds-container-service-0.6.0-SNAPSHOT.jar!/webapps/static,UNAVAILABLE}
2020-07-07 04:55:10,656 [ForkJoinPool.commonPool-worker-0] INFO  handler.ContextHandler (ContextHandler.java:doStop(1016)) - Stopped o.e.j.s.ServletContextHandler@5d642e46{logs,/logs,file:///github/workspace/mnt/ozone/hadoop-ozone/integration-test/target/log,UNAVAILABLE}
2020-07-07 04:55:11,382 [Datanode State Machine Thread - 0] INFO  statemachine.DatanodeStateMachine (DatanodeStateMachine.java:lambda$startDaemon$0(380)) - Ozone container server started.
2020-07-07 04:55:11,397 [Datanode State Machine Thread - 0] INFO  statemachine.DatanodeStateMachine (DatanodeStateMachine.java:lambda$startDaemon$0(380)) - Ozone container server started.
2020-07-07 04:55:12,928 [grpc-default-executor-0] DEBUG server.GrpcLogAppender (GrpcLogAppender.java:onNext(257)) - 850327c1-f3ee-4a2d-9c3d-5bffdb64e521@group-E8C64DAF1BB3->e48c4946-041b-4a5b-90ab-176302687b86-AppendLogResponseHandler: received a reply 850327c1-f3ee-4a2d-9c3d-5bffdb64e521<-e48c4946-041b-4a5b-90ab-176302687b86#6:OK,SUCCESS,nextIndex:1,term:3,followerCommit:0, request=AppendEntriesRequest:cid=6,entriesCount=0,lastEntry=null
2020-07-07 04:55:12,930 [grpc-default-executor-0] WARN  server.GrpcLogAppender (LogUtils.java:warn(122)) - 850327c1-f3ee-4a2d-9c3d-5bffdb64e521@group-E8C64DAF1BB3->a62f0d4c-b40d-4885-8959-00b4626cec0c-AppendLogResponseHandler: Failed appendEntries: org.apache.ratis.thirdparty.io.grpc.StatusRuntimeException: UNAVAILABLE: io exception
2020-07-07 04:55:12,931 [grpc-default-executor-0] INFO  impl.FollowerInfo (FollowerInfo.java:lambda$new$0(51)) - 850327c1-f3ee-4a2d-9c3d-5bffdb64e521@group-E8C64DAF1BB3->a62f0d4c-b40d-4885-8959-00b4626cec0c: nextIndex: updateUnconditionally 1 -> 0
2020-07-07 04:55:12,946 [grpc-default-executor-4] WARN  server.GrpcLogAppender (LogUtils.java:warn(122)) - 49d4fddc-cd10-443b-a45d-8ada7c557abf@group-406F52C2C348->2c88a600-62c8-44d6-86d4-28f745868ae9-AppendLogResponseHandler: Failed appendEntries: org.apache.ratis.thirdparty.io.grpc.StatusRuntimeException: UNAVAILABLE: io exception
2020-07-07 04:55:12,948 [grpc-default-executor-4] INFO  impl.FollowerInfo (FollowerInfo.java:lambda$new$0(51)) - 49d4fddc-cd10-443b-a45d-8ada7c557abf@group-406F52C2C348->2c88a600-62c8-44d6-86d4-28f745868ae9: nextIndex: updateUnconditionally 2 -> 1
2020-07-07 04:55:12,948 [grpc-default-executor-4] WARN  server.GrpcLogAppender (LogUtils.java:warn(122)) - 49d4fddc-cd10-443b-a45d-8ada7c557abf@group-406F52C2C348->441cb323-c758-4204-8e94-c518eb7e3dfa-AppendLogResponseHandler: Failed appendEntries: org.apache.ratis.thirdparty.io.grpc.StatusRuntimeException: UNAVAILABLE: io exception
2020-07-07 04:55:12,948 [grpc-default-executor-4] INFO  impl.FollowerInfo (FollowerInfo.java:lambda$new$0(51)) - 49d4fddc-cd10-443b-a45d-8ada7c557abf@group-406F52C2C348->441cb323-c758-4204-8e94-c518eb7e3dfa: nextIndex: updateUnconditionally 3 -> 2
2020-07-07 04:55:15,431 [grpc-default-executor-4] WARN  server.GrpcLogAppender (LogUtils.java:warn(122)) - 850327c1-f3ee-4a2d-9c3d-5bffdb64e521@group-E8C64DAF1BB3->a62f0d4c-b40d-4885-8959-00b4626cec0c-AppendLogResponseHandler: Failed appendEntries: org.apache.ratis.thirdparty.io.grpc.StatusRuntimeException: UNAVAILABLE: io exception
2020-07-07 04:55:15,432 [grpc-default-executor-0] DEBUG server.GrpcLogAppender (GrpcLogAppender.java:onNext(257)) - 850327c1-f3ee-4a2d-9c3d-5bffdb64e521@group-E8C64DAF1BB3->e48c4946-041b-4a5b-90ab-176302687b86-AppendLogResponseHandler: received a reply 850327c1-f3ee-4a2d-9c3d-5bffdb64e521<-e48c4946-041b-4a5b-90ab-176302687b86#7:OK,SUCCESS,nextIndex:1,term:3,followerCommit:0, request=AppendEntriesRequest:cid=7,entriesCount=0,lastEntry=null
2020-07-07 04:55:15,433 [grpc-default-executor-4] INFO  impl.FollowerInfo (FollowerInfo.java:lambda$new$0(51)) - 850327c1-f3ee-4a2d-9c3d-5bffdb64e521@group-E8C64DAF1BB3->a62f0d4c-b40d-4885-8959-00b4626cec0c: nextIndex: updateUnconditionally 1 -> 0
2020-07-07 04:55:15,448 [grpc-default-executor-3] WARN  server.GrpcLogAppender (LogUtils.java:warn(122)) - 49d4fddc-cd10-443b-a45d-8ada7c557abf@group-406F52C2C348->441cb323-c758-4204-8e94-c518eb7e3dfa-AppendLogResponseHandler: Failed appendEntries: org.apache.ratis.thirdparty.io.grpc.StatusRuntimeException: UNAVAILABLE: io exception
2020-07-07 04:55:15,449 [grpc-default-executor-3] INFO  impl.FollowerInfo (FollowerInfo.java:lambda$new$0(51)) - 49d4fddc-cd10-443b-a45d-8ada7c557abf@group-406F52C2C348->441cb323-c758-4204-8e94-c518eb7e3dfa: nextIndex: updateUnconditionally 3 -> 2
2020-07-07 04:55:15,449 [grpc-default-executor-3] WARN  server.GrpcLogAppender (LogUtils.java:warn(122)) - 49d4fddc-cd10-443b-a45d-8ada7c557abf@group-406F52C2C348->2c88a600-62c8-44d6-86d4-28f745868ae9-AppendLogResponseHandler: Failed appendEntries: org.apache.ratis.thirdparty.io.grpc.StatusRuntimeException: UNAVAILABLE: io exception
2020-07-07 04:55:15,450 [grpc-default-executor-3] INFO  impl.FollowerInfo (FollowerInfo.java:lambda$new$0(51)) - 49d4fddc-cd10-443b-a45d-8ada7c557abf@group-406F52C2C348->2c88a600-62c8-44d6-86d4-28f745868ae9: nextIndex: updateUnconditionally 2 -> 1
2020-07-07 04:55:15,647 [Listener at 127.0.0.1/42245] INFO  ozoneimpl.OzoneContainer (OzoneContainer.java:stop(246)) - Attempting to stop container services.
2020-07-07 04:55:15,648 [Listener at 127.0.0.1/42245] INFO  impl.RaftServerProxy (RaftServerProxy.java:lambda$close$4(319)) - 850327c1-f3ee-4a2d-9c3d-5bffdb64e521: close
2020-07-07 04:55:15,648 [Listener at 127.0.0.1/42245] INFO  impl.RaftServerImpl (RaftServerImpl.java:lambda$shutdown$3(252)) - 850327c1-f3ee-4a2d-9c3d-5bffdb64e521@group-E8C64DAF1BB3: shutdown
2020-07-07 04:55:15,648 [Listener at 127.0.0.1/42245] INFO  util.JmxRegister (JmxRegister.java:unregister(73)) - Successfully un-registered JMX Bean with object name Ratis:service=RaftServer,group=group-E8C64DAF1BB3,id=850327c1-f3ee-4a2d-9c3d-5bffdb64e521
2020-07-07 04:55:15,648 [Listener at 127.0.0.1/42245] INFO  impl.RoleInfo (RoleInfo.java:shutdownLeaderState(104)) - 850327c1-f3ee-4a2d-9c3d-5bffdb64e521: shutdown LeaderState
2020-07-07 04:55:15,648 [Listener at 127.0.0.1/42245] INFO  metrics.RatisMetrics (RatisMetrics.java:unregister(43)) - Unregistering Metrics Registry : ratis_grpc.log_appender.850327c1-f3ee-4a2d-9c3d-5bffdb64e521@group-E8C64DAF1BB3
2020-07-07 04:55:15,649 [Listener at 127.0.0.1/42245] INFO  metrics.RatisMetrics (RatisMetrics.java:unregister(43)) - Unregistering Metrics Registry : ratis_grpc.log_appender.850327c1-f3ee-4a2d-9c3d-5bffdb64e521@group-E8C64DAF1BB3
2020-07-07 04:55:15,649 [org.apache.ratis.server.impl.LogAppender$AppenderDaemon$$Lambda$443/424591466@189e098d] WARN  server.GrpcLogAppender (GrpcLogAppender.java:mayWait(153)) - 850327c1-f3ee-4a2d-9c3d-5bffdb64e521@group-E8C64DAF1BB3->a62f0d4c-b40d-4885-8959-00b4626cec0c-GrpcLogAppender: Wait interrupted by java.lang.InterruptedException
2020-07-07 04:55:15,650 [org.apache.ratis.server.impl.LogAppender$AppenderDaemon$$Lambda$443/424591466@3fbe49bb] WARN  server.GrpcLogAppender (GrpcLogAppender.java:mayWait(153)) - 850327c1-f3ee-4a2d-9c3d-5bffdb64e521@group-E8C64DAF1BB3->e48c4946-041b-4a5b-90ab-176302687b86-GrpcLogAppender: Wait interrupted by java.lang.InterruptedException
2020-07-07 04:55:15,650 [Listener at 127.0.0.1/42245] INFO  impl.PendingRequests (PendingRequests.java:sendNotLeaderResponses(249)) - 850327c1-f3ee-4a2d-9c3d-5bffdb64e521@group-E8C64DAF1BB3-PendingRequests: sendNotLeaderResponses
2020-07-07 04:55:15,650 [Listener at 127.0.0.1/42245] INFO  metrics.RatisMetrics (RatisMetrics.java:unregister(43)) - Unregistering Metrics Registry : ratis.log_appender.850327c1-f3ee-4a2d-9c3d-5bffdb64e521@group-E8C64DAF1BB3
2020-07-07 04:55:15,651 [Listener at 127.0.0.1/42245] INFO  metrics.RatisMetrics (RatisMetrics.java:unregister(43)) - Unregistering Metrics Registry : ratis.server.850327c1-f3ee-4a2d-9c3d-5bffdb64e521@group-E8C64DAF1BB3
2020-07-07 04:55:15,651 [grpc-default-executor-3] INFO  server.GrpcServerProtocolService (GrpcServerProtocolService.java:onCompleted(138)) - e48c4946-041b-4a5b-90ab-176302687b86: Completed APPEND_ENTRIES, lastRequest: 850327c1-f3ee-4a2d-9c3d-5bffdb64e521->e48c4946-041b-4a5b-90ab-176302687b86#1-t3, previous=(t:0, i:0), leaderCommit=0, initializing? false, entries: size=1, first=(t:3, i:0), CONFIGURATIONENTRY
2020-07-07 04:55:15,652 [Listener at 127.0.0.1/42245] INFO  impl.StateMachineUpdater (StateMachineUpdater.java:stopAndJoin(142)) - 850327c1-f3ee-4a2d-9c3d-5bffdb64e521@group-E8C64DAF1BB3-StateMachineUpdater: set stopIndex = 0
2020-07-07 04:55:15,652 [850327c1-f3ee-4a2d-9c3d-5bffdb64e521@group-E8C64DAF1BB3-StateMachineUpdater] INFO  ratis.ContainerStateMachine (ContainerStateMachine.java:takeSnapshot(293)) - group-E8C64DAF1BB3: Taking a snapshot at:(t:3, i:0) file /github/workspace/mnt/ozone/hadoop-ozone/integration-test/target/test-dir/MiniOzoneClusterImpl-ddfb2fb6-1dd1-47df-b9d1-90c4649f621f/datanode-8/data/ratis/00bd9342-b899-4510-816c-e8c64daf1bb3/sm/snapshot.3_0
2020-07-07 04:55:15,653 [grpc-default-executor-3] INFO  server.GrpcLogAppender (GrpcLogAppender.java:onCompleted(319)) - 850327c1-f3ee-4a2d-9c3d-5bffdb64e521@group-E8C64DAF1BB3->e48c4946-041b-4a5b-90ab-176302687b86-AppendLogResponseHandler: follower responses appendEntries COMPLETED
2020-07-07 04:55:15,653 [850327c1-f3ee-4a2d-9c3d-5bffdb64e521@group-E8C64DAF1BB3-StateMachineUpdater] INFO  ratis.ContainerStateMachine (ContainerStateMachine.java:takeSnapshot(304)) - group-E8C64DAF1BB3: Finished taking a snapshot at:(t:3, i:0) file:/github/workspace/mnt/ozone/hadoop-ozone/integration-test/target/test-dir/MiniOzoneClusterImpl-ddfb2fb6-1dd1-47df-b9d1-90c4649f621f/datanode-8/data/ratis/00bd9342-b899-4510-816c-e8c64daf1bb3/sm/snapshot.3_0 time:2
2020-07-07 04:55:15,653 [850327c1-f3ee-4a2d-9c3d-5bffdb64e521@group-E8C64DAF1BB3-StateMachineUpdater] INFO  impl.StateMachineUpdater (StateMachineUpdater.java:takeSnapshot(277)) - 850327c1-f3ee-4a2d-9c3d-5bffdb64e521@group-E8C64DAF1BB3-StateMachineUpdater: Took a snapshot at index 0
2020-07-07 04:55:15,654 [850327c1-f3ee-4a2d-9c3d-5bffdb64e521@group-E8C64DAF1BB3-StateMachineUpdater] INFO  impl.StateMachineUpdater (StateMachineUpdater.java:lambda$new$0(87)) - 850327c1-f3ee-4a2d-9c3d-5bffdb64e521@group-E8C64DAF1BB3-StateMachineUpdater: snapshotIndex: updateIncreasingly -1 -> 0
2020-07-07 04:55:15,654 [850327c1-f3ee-4a2d-9c3d-5bffdb64e521@group-E8C64DAF1BB3-StateMachineUpdater] INFO  metrics.RatisMetrics (RatisMetrics.java:unregister(43)) - Unregistering Metrics Registry : ratis.state_machine.850327c1-f3ee-4a2d-9c3d-5bffdb64e521@group-E8C64DAF1BB3
2020-07-07 04:55:15,654 [grpc-default-executor-3] INFO  impl.FollowerInfo (FollowerInfo.java:lambda$new$0(51)) - 850327c1-f3ee-4a2d-9c3d-5bffdb64e521@group-E8C64DAF1BB3->e48c4946-041b-4a5b-90ab-176302687b86: nextIndex: updateUnconditionally 1 -> 0
2020-07-07 04:55:15,654 [Listener at 127.0.0.1/42245] INFO  impl.RaftServerImpl (ServerState.java:close(387)) - 850327c1-f3ee-4a2d-9c3d-5bffdb64e521@group-E8C64DAF1BB3: closes. applyIndex: 0
2020-07-07 04:55:15,654 [850327c1-f3ee-4a2d-9c3d-5bffdb64e521@group-E8C64DAF1BB3-SegmentedRaftLogWorker] INFO  segmented.SegmentedRaftLogWorker (SegmentedRaftLogWorker.java:run(327)) - 850327c1-f3ee-4a2d-9c3d-5bffdb64e521@group-E8C64DAF1BB3-SegmentedRaftLogWorker was interrupted, exiting. There are 0 tasks remaining in the queue.
2020-07-07 04:55:15,655 [Listener at 127.0.0.1/42245] INFO  segmented.SegmentedRaftLogWorker (SegmentedRaftLogWorker.java:close(234)) - 850327c1-f3ee-4a2d-9c3d-5bffdb64e521@group-E8C64DAF1BB3-SegmentedRaftLogWorker close()
2020-07-07 04:55:15,656 [Listener at 127.0.0.1/42245] INFO  metrics.RatisMetrics (RatisMetrics.java:unregister(43)) - Unregistering Metrics Registry : ratis.log_worker.850327c1-f3ee-4a2d-9c3d-5bffdb64e521@group-E8C64DAF1BB3
2020-07-07 04:55:15,656 [Listener at 127.0.0.1/42245] INFO  metrics.RatisMetrics (RatisMetrics.java:unregister(43)) - Unregistering Metrics Registry : ratis.leader_election.850327c1-f3ee-4a2d-9c3d-5bffdb64e521@group-E8C64DAF1BB3
2020-07-07 04:55:15,656 [Listener at 127.0.0.1/42245] INFO  metrics.RatisMetrics (RatisMetrics.java:unregister(43)) - Unregistering Metrics Registry : ratis.server.850327c1-f3ee-4a2d-9c3d-5bffdb64e521@group-E8C64DAF1BB3
2020-07-07 04:55:15,656 [Listener at 127.0.0.1/42245] INFO  impl.RaftServerImpl (RaftServerImpl.java:lambda$shutdown$3(252)) - 850327c1-f3ee-4a2d-9c3d-5bffdb64e521@group-5A309F12F548: shutdown
2020-07-07 04:55:15,656 [Listener at 127.0.0.1/42245] INFO  util.JmxRegister (JmxRegister.java:unregister(73)) - Successfully un-registered JMX Bean with object name Ratis:service=RaftServer,group=group-5A309F12F548,id=850327c1-f3ee-4a2d-9c3d-5bffdb64e521
2020-07-07 04:55:15,657 [Listener at 127.0.0.1/42245] INFO  impl.RoleInfo (RoleInfo.java:shutdownLeaderState(104)) - 850327c1-f3ee-4a2d-9c3d-5bffdb64e521: shutdown LeaderState
2020-07-07 04:55:15,657 [Listener at 127.0.0.1/42245] INFO  impl.PendingRequests (PendingRequests.java:sendNotLeaderResponses(249)) - 850327c1-f3ee-4a2d-9c3d-5bffdb64e521@group-5A309F12F548-PendingRequests: sendNotLeaderResponses
2020-07-07 04:55:15,657 [Listener at 127.0.0.1/42245] INFO  metrics.RatisMetrics (RatisMetrics.java:unregister(43)) - Unregistering Metrics Registry : ratis.log_appender.850327c1-f3ee-4a2d-9c3d-5bffdb64e521@group-5A309F12F548
2020-07-07 04:55:15,657 [Listener at 127.0.0.1/42245] INFO  metrics.RatisMetrics (RatisMetrics.java:unregister(43)) - Unregistering Metrics Registry : ratis.server.850327c1-f3ee-4a2d-9c3d-5bffdb64e521@group-5A309F12F548
2020-07-07 04:55:15,658 [Listener at 127.0.0.1/42245] INFO  impl.StateMachineUpdater (StateMachineUpdater.java:stopAndJoin(142)) - 850327c1-f3ee-4a2d-9c3d-5bffdb64e521@group-5A309F12F548-StateMachineUpdater: set stopIndex = 0
2020-07-07 04:55:15,659 [850327c1-f3ee-4a2d-9c3d-5bffdb64e521@group-5A309F12F548-StateMachineUpdater] INFO  ratis.ContainerStateMachine (ContainerStateMachine.java:takeSnapshot(293)) - group-5A309F12F548: Taking a snapshot at:(t:1, i:0) file /github/workspace/mnt/ozone/hadoop-ozone/integration-test/target/test-dir/MiniOzoneClusterImpl-ddfb2fb6-1dd1-47df-b9d1-90c4649f621f/datanode-8/data/ratis/168a164c-daca-49e2-ba4c-5a309f12f548/sm/snapshot.1_0
2020-07-07 04:55:15,659 [850327c1-f3ee-4a2d-9c3d-5bffdb64e521@group-5A309F12F548-StateMachineUpdater] INFO  ratis.ContainerStateMachine (ContainerStateMachine.java:takeSnapshot(304)) - group-5A309F12F548: Finished taking a snapshot at:(t:1, i:0) file:/github/workspace/mnt/ozone/hadoop-ozone/integration-test/target/test-dir/MiniOzoneClusterImpl-ddfb2fb6-1dd1-47df-b9d1-90c4649f621f/datanode-8/data/ratis/168a164c-daca-49e2-ba4c-5a309f12f548/sm/snapshot.1_0 time:1
2020-07-07 04:55:15,660 [850327c1-f3ee-4a2d-9c3d-5bffdb64e521@group-5A309F12F548-StateMachineUpdater] INFO  impl.StateMachineUpdater (StateMachineUpdater.java:takeSnapshot(277)) - 850327c1-f3ee-4a2d-9c3d-5bffdb64e521@group-5A309F12F548-StateMachineUpdater: Took a snapshot at index 0
2020-07-07 04:55:15,660 [850327c1-f3ee-4a2d-9c3d-5bffdb64e521@group-5A309F12F548-StateMachineUpdater] INFO  impl.StateMachineUpdater (StateMachineUpdater.java:lambda$new$0(87)) - 850327c1-f3ee-4a2d-9c3d-5bffdb64e521@group-5A309F12F548-StateMachineUpdater: snapshotIndex: updateIncreasingly -1 -> 0
2020-07-07 04:55:15,660 [850327c1-f3ee-4a2d-9c3d-5bffdb64e521@group-5A309F12F548-StateMachineUpdater] INFO  metrics.RatisMetrics (RatisMetrics.java:unregister(43)) - Unregistering Metrics Registry : ratis.state_machine.850327c1-f3ee-4a2d-9c3d-5bffdb64e521@group-5A309F12F548
2020-07-07 04:55:15,660 [Listener at 127.0.0.1/42245] INFO  impl.RaftServerImpl (ServerState.java:close(387)) - 850327c1-f3ee-4a2d-9c3d-5bffdb64e521@group-5A309F12F548: closes. applyIndex: 0
2020-07-07 04:55:15,660 [850327c1-f3ee-4a2d-9c3d-5bffdb64e521@group-5A309F12F548-SegmentedRaftLogWorker] INFO  segmented.SegmentedRaftLogWorker (SegmentedRaftLogWorker.java:run(327)) - 850327c1-f3ee-4a2d-9c3d-5bffdb64e521@group-5A309F12F548-SegmentedRaftLogWorker was interrupted, exiting. There are 0 tasks remaining in the queue.
2020-07-07 04:55:15,660 [Listener at 127.0.0.1/42245] INFO  segmented.SegmentedRaftLogWorker (SegmentedRaftLogWorker.java:close(234)) - 850327c1-f3ee-4a2d-9c3d-5bffdb64e521@group-5A309F12F548-SegmentedRaftLogWorker close()
2020-07-07 04:55:15,661 [ForkJoinPool.commonPool-worker-0] INFO  ozoneimpl.OzoneContainer (OzoneContainer.java:stop(246)) - Attempting to stop container services.
2020-07-07 04:55:15,661 [ForkJoinPool.commonPool-worker-0] INFO  impl.RaftServerProxy (RaftServerProxy.java:lambda$close$4(319)) - 49d4fddc-cd10-443b-a45d-8ada7c557abf: close
2020-07-07 04:55:15,661 [ForkJoinPool.commonPool-worker-0] INFO  impl.RaftServerImpl (RaftServerImpl.java:lambda$shutdown$3(252)) - 49d4fddc-cd10-443b-a45d-8ada7c557abf@group-FFDB633CFC34: shutdown
2020-07-07 04:55:15,661 [ForkJoinPool.commonPool-worker-0] INFO  util.JmxRegister (JmxRegister.java:unregister(73)) - Successfully un-registered JMX Bean with object name Ratis:service=RaftServer,group=group-FFDB633CFC34,id=49d4fddc-cd10-443b-a45d-8ada7c557abf
2020-07-07 04:55:15,661 [ForkJoinPool.commonPool-worker-0] INFO  impl.RoleInfo (RoleInfo.java:shutdownLeaderState(104)) - 49d4fddc-cd10-443b-a45d-8ada7c557abf: shutdown LeaderState
2020-07-07 04:55:15,662 [ForkJoinPool.commonPool-worker-0] INFO  impl.PendingRequests (PendingRequests.java:sendNotLeaderResponses(249)) - 49d4fddc-cd10-443b-a45d-8ada7c557abf@group-FFDB633CFC34-PendingRequests: sendNotLeaderResponses
2020-07-07 04:55:15,662 [ForkJoinPool.commonPool-worker-0] INFO  metrics.RatisMetrics (RatisMetrics.java:unregister(43)) - Unregistering Metrics Registry : ratis.log_appender.49d4fddc-cd10-443b-a45d-8ada7c557abf@group-FFDB633CFC34
2020-07-07 04:55:15,662 [ForkJoinPool.commonPool-worker-0] INFO  metrics.RatisMetrics (RatisMetrics.java:unregister(43)) - Unregistering Metrics Registry : ratis.server.49d4fddc-cd10-443b-a45d-8ada7c557abf@group-FFDB633CFC34
2020-07-07 04:55:15,663 [ForkJoinPool.commonPool-worker-0] INFO  impl.StateMachineUpdater (StateMachineUpdater.java:stopAndJoin(142)) - 49d4fddc-cd10-443b-a45d-8ada7c557abf@group-FFDB633CFC34-StateMachineUpdater: set stopIndex = 0
2020-07-07 04:55:15,663 [Listener at 127.0.0.1/42245] INFO  metrics.RatisMetrics (RatisMetrics.java:unregister(43)) - Unregistering Metrics Registry : ratis.log_worker.850327c1-f3ee-4a2d-9c3d-5bffdb64e521@group-5A309F12F548
2020-07-07 04:55:15,663 [49d4fddc-cd10-443b-a45d-8ada7c557abf@group-FFDB633CFC34-StateMachineUpdater] INFO  ratis.ContainerStateMachine (ContainerStateMachine.java:takeSnapshot(293)) - group-FFDB633CFC34: Taking a snapshot at:(t:1, i:0) file /github/workspace/mnt/ozone/hadoop-ozone/integration-test/target/test-dir/MiniOzoneClusterImpl-ddfb2fb6-1dd1-47df-b9d1-90c4649f621f/datanode-1/data/ratis/3d2d14b0-1c88-4076-b744-ffdb633cfc34/sm/snapshot.1_0
2020-07-07 04:55:15,663 [Listener at 127.0.0.1/42245] INFO  metrics.RatisMetrics (RatisMetrics.java:unregister(43)) - Unregistering Metrics Registry : ratis.leader_election.850327c1-f3ee-4a2d-9c3d-5bffdb64e521@group-5A309F12F548
2020-07-07 04:55:15,663 [Listener at 127.0.0.1/42245] INFO  metrics.RatisMetrics (RatisMetrics.java:unregister(43)) - Unregistering Metrics Registry : ratis.server.850327c1-f3ee-4a2d-9c3d-5bffdb64e521@group-5A309F12F548
2020-07-07 04:55:15,664 [Listener at 127.0.0.1/42245] INFO  server.GrpcService (GrpcService.java:closeImpl(166)) - 850327c1-f3ee-4a2d-9c3d-5bffdb64e521: shutdown server with port 42877 now
2020-07-07 04:55:15,664 [49d4fddc-cd10-443b-a45d-8ada7c557abf@group-FFDB633CFC34-StateMachineUpdater] INFO  ratis.ContainerStateMachine (ContainerStateMachine.java:takeSnapshot(304)) - group-FFDB633CFC34: Finished taking a snapshot at:(t:1, i:0) file:/github/workspace/mnt/ozone/hadoop-ozone/integration-test/target/test-dir/MiniOzoneClusterImpl-ddfb2fb6-1dd1-47df-b9d1-90c4649f621f/datanode-1/data/ratis/3d2d14b0-1c88-4076-b744-ffdb633cfc34/sm/snapshot.1_0 time:1
2020-07-07 04:55:15,665 [49d4fddc-cd10-443b-a45d-8ada7c557abf@group-FFDB633CFC34-StateMachineUpdater] INFO  impl.StateMachineUpdater (StateMachineUpdater.java:takeSnapshot(277)) - 49d4fddc-cd10-443b-a45d-8ada7c557abf@group-FFDB633CFC34-StateMachineUpdater: Took a snapshot at index 0
2020-07-07 04:55:15,665 [49d4fddc-cd10-443b-a45d-8ada7c557abf@group-FFDB633CFC34-StateMachineUpdater] INFO  impl.StateMachineUpdater (StateMachineUpdater.java:lambda$new$0(87)) - 49d4fddc-cd10-443b-a45d-8ada7c557abf@group-FFDB633CFC34-StateMachineUpdater: snapshotIndex: updateIncreasingly -1 -> 0
2020-07-07 04:55:15,665 [49d4fddc-cd10-443b-a45d-8ada7c557abf@group-FFDB633CFC34-StateMachineUpdater] INFO  metrics.RatisMetrics (RatisMetrics.java:unregister(43)) - Unregistering Metrics Registry : ratis.state_machine.49d4fddc-cd10-443b-a45d-8ada7c557abf@group-FFDB633CFC34
2020-07-07 04:55:15,665 [ForkJoinPool.commonPool-worker-0] INFO  impl.RaftServerImpl (ServerState.java:close(387)) - 49d4fddc-cd10-443b-a45d-8ada7c557abf@group-FFDB633CFC34: closes. applyIndex: 0
2020-07-07 04:55:15,665 [49d4fddc-cd10-443b-a45d-8ada7c557abf@group-FFDB633CFC34-SegmentedRaftLogWorker] INFO  segmented.SegmentedRaftLogWorker (SegmentedRaftLogWorker.java:run(327)) - 49d4fddc-cd10-443b-a45d-8ada7c557abf@group-FFDB633CFC34-SegmentedRaftLogWorker was interrupted, exiting. There are 0 tasks remaining in the queue.
2020-07-07 04:55:15,665 [ForkJoinPool.commonPool-worker-0] INFO  segmented.SegmentedRaftLogWorker (SegmentedRaftLogWorker.java:close(234)) - 49d4fddc-cd10-443b-a45d-8ada7c557abf@group-FFDB633CFC34-SegmentedRaftLogWorker close()
2020-07-07 04:55:15,666 [Listener at 127.0.0.1/42245] INFO  server.GrpcService (GrpcService.java:closeImpl(174)) - 850327c1-f3ee-4a2d-9c3d-5bffdb64e521: shutdown server with port 42877 successfully
2020-07-07 04:55:15,666 [ForkJoinPool.commonPool-worker-0] INFO  metrics.RatisMetrics (RatisMetrics.java:unregister(43)) - Unregistering Metrics Registry : ratis.log_worker.49d4fddc-cd10-443b-a45d-8ada7c557abf@group-FFDB633CFC34
2020-07-07 04:55:15,666 [ForkJoinPool.commonPool-worker-0] INFO  metrics.RatisMetrics (RatisMetrics.java:unregister(43)) - Unregistering Metrics Registry : ratis.leader_election.49d4fddc-cd10-443b-a45d-8ada7c557abf@group-FFDB633CFC34
2020-07-07 04:55:15,667 [ForkJoinPool.commonPool-worker-0] INFO  metrics.RatisMetrics (RatisMetrics.java:unregister(43)) - Unregistering Metrics Registry : ratis.server.49d4fddc-cd10-443b-a45d-8ada7c557abf@group-FFDB633CFC34
2020-07-07 04:55:15,667 [ForkJoinPool.commonPool-worker-0] INFO  impl.RaftServerImpl (RaftServerImpl.java:lambda$shutdown$3(252)) - 49d4fddc-cd10-443b-a45d-8ada7c557abf@group-406F52C2C348: shutdown
2020-07-07 04:55:15,667 [ForkJoinPool.commonPool-worker-0] INFO  util.JmxRegister (JmxRegister.java:unregister(73)) - Successfully un-registered JMX Bean with object name Ratis:service=RaftServer,group=group-406F52C2C348,id=49d4fddc-cd10-443b-a45d-8ada7c557abf
2020-07-07 04:55:15,667 [ForkJoinPool.commonPool-worker-0] INFO  impl.RoleInfo (RoleInfo.java:shutdownLeaderState(104)) - 49d4fddc-cd10-443b-a45d-8ada7c557abf: shutdown LeaderState
2020-07-07 04:55:15,667 [ForkJoinPool.commonPool-worker-0] INFO  metrics.RatisMetrics (RatisMetrics.java:unregister(43)) - Unregistering Metrics Registry : ratis_grpc.log_appender.49d4fddc-cd10-443b-a45d-8ada7c557abf@group-406F52C2C348
2020-07-07 04:55:15,668 [Listener at 127.0.0.1/42245] INFO  utils.BackgroundService (BackgroundService.java:shutdown(157)) - Shutting down service BlockDeletingService
2020-07-07 04:55:15,668 [org.apache.ratis.server.impl.LogAppender$AppenderDaemon$$Lambda$443/424591466@28e870bf] WARN  server.GrpcLogAppender (GrpcLogAppender.java:mayWait(153)) - 49d4fddc-cd10-443b-a45d-8ada7c557abf@group-406F52C2C348->2c88a600-62c8-44d6-86d4-28f745868ae9-GrpcLogAppender: Wait interrupted by java.lang.InterruptedException
2020-07-07 04:55:15,669 [ForkJoinPool.commonPool-worker-0] INFO  metrics.RatisMetrics (RatisMetrics.java:unregister(43)) - Unregistering Metrics Registry : ratis_grpc.log_appender.49d4fddc-cd10-443b-a45d-8ada7c557abf@group-406F52C2C348
2020-07-07 04:55:15,670 [ForkJoinPool.commonPool-worker-0] INFO  impl.PendingRequests (PendingRequests.java:sendNotLeaderResponses(249)) - 49d4fddc-cd10-443b-a45d-8ada7c557abf@group-406F52C2C348-PendingRequests: sendNotLeaderResponses
2020-07-07 04:55:15,670 [Listener at 127.0.0.1/42245] INFO  statemachine.DatanodeStateMachine (DatanodeStateMachine.java:stopDaemon(428)) - Ozone container server stopped.
2020-07-07 04:55:15,670 [org.apache.ratis.server.impl.LogAppender$AppenderDaemon$$Lambda$443/424591466@6db20a85] WARN  server.GrpcLogAppender (GrpcLogAppender.java:mayWait(153)) - 49d4fddc-cd10-443b-a45d-8ada7c557abf@group-406F52C2C348->441cb323-c758-4204-8e94-c518eb7e3dfa-GrpcLogAppender: Wait interrupted by java.lang.InterruptedException
2020-07-07 04:55:15,671 [Listener at 127.0.0.1/42245] INFO  handler.ContextHandler (ContextHandler.java:doStop(1016)) - Stopped o.e.j.w.WebAppContext@29abba49{hddsDatanode,/,null,UNAVAILABLE}{jar:file:/home/user/.m2/repository/org/apache/hadoop/hadoop-hdds-container-service/0.6.0-SNAPSHOT/hadoop-hdds-container-service-0.6.0-SNAPSHOT.jar!/webapps/hddsDatanode}
2020-07-07 04:55:15,672 [ForkJoinPool.commonPool-worker-0] INFO  metrics.RatisMetrics (RatisMetrics.java:unregister(43)) - Unregistering Metrics Registry : ratis.log_appender.49d4fddc-cd10-443b-a45d-8ada7c557abf@group-406F52C2C348
2020-07-07 04:55:15,672 [ForkJoinPool.commonPool-worker-0] INFO  metrics.RatisMetrics (RatisMetrics.java:unregister(43)) - Unregistering Metrics Registry : ratis.server.49d4fddc-cd10-443b-a45d-8ada7c557abf@group-406F52C2C348
2020-07-07 04:55:15,672 [Listener at 127.0.0.1/42245] INFO  server.AbstractConnector (AbstractConnector.java:doStop(380)) - Stopped ServerConnector@e06d647{HTTP/1.1,[http/1.1]}{0.0.0.0:0}
2020-07-07 04:55:15,672 [Listener at 127.0.0.1/42245] INFO  server.session (HouseKeeper.java:stopScavenging(158)) - node0 Stopped scavenging
2020-07-07 04:55:15,673 [Listener at 127.0.0.1/42245] INFO  handler.ContextHandler (ContextHandler.java:doStop(1016)) - Stopped o.e.j.s.ServletContextHandler@29f32a41{static,/static,jar:file:/home/user/.m2/repository/org/apache/hadoop/hadoop-hdds-container-service/0.6.0-SNAPSHOT/hadoop-hdds-container-service-0.6.0-SNAPSHOT.jar!/webapps/static,UNAVAILABLE}
2020-07-07 04:55:15,673 [Listener at 127.0.0.1/42245] INFO  handler.ContextHandler (ContextHandler.java:doStop(1016)) - Stopped o.e.j.s.ServletContextHandler@7dfe23c2{logs,/logs,file:///github/workspace/mnt/ozone/hadoop-ozone/integration-test/target/log,UNAVAILABLE}
2020-07-07 04:55:15,673 [49d4fddc-cd10-443b-a45d-8ada7c557abf@group-406F52C2C348-StateMachineUpdater] INFO  ratis.ContainerStateMachine (ContainerStateMachine.java:takeSnapshot(293)) - group-406F52C2C348: Taking a snapshot at:(t:3, i:2) file /github/workspace/mnt/ozone/hadoop-ozone/integration-test/target/test-dir/MiniOzoneClusterImpl-ddfb2fb6-1dd1-47df-b9d1-90c4649f621f/datanode-1/data/ratis/0c546911-57de-4501-9d81-406f52c2c348/sm/snapshot.3_2
2020-07-07 04:55:15,673 [ForkJoinPool.commonPool-worker-0] INFO  impl.StateMachineUpdater (StateMachineUpdater.java:stopAndJoin(142)) - 49d4fddc-cd10-443b-a45d-8ada7c557abf@group-406F52C2C348-StateMachineUpdater: set stopIndex = 2
2020-07-07 04:55:15,674 [49d4fddc-cd10-443b-a45d-8ada7c557abf@group-406F52C2C348-StateMachineUpdater] INFO  ratis.ContainerStateMachine (ContainerStateMachine.java:takeSnapshot(304)) - group-406F52C2C348: Finished taking a snapshot at:(t:3, i:2) file:/github/workspace/mnt/ozone/hadoop-ozone/integration-test/target/test-dir/MiniOzoneClusterImpl-ddfb2fb6-1dd1-47df-b9d1-90c4649f621f/datanode-1/data/ratis/0c546911-57de-4501-9d81-406f52c2c348/sm/snapshot.3_2 time:1
2020-07-07 04:55:15,674 [49d4fddc-cd10-443b-a45d-8ada7c557abf@group-406F52C2C348-StateMachineUpdater] INFO  impl.StateMachineUpdater (StateMachineUpdater.java:takeSnapshot(277)) - 49d4fddc-cd10-443b-a45d-8ada7c557abf@group-406F52C2C348-StateMachineUpdater: Took a snapshot at index 2
2020-07-07 04:55:15,674 [49d4fddc-cd10-443b-a45d-8ada7c557abf@group-406F52C2C348-StateMachineUpdater] INFO  impl.StateMachineUpdater (StateMachineUpdater.java:lambda$new$0(87)) - 49d4fddc-cd10-443b-a45d-8ada7c557abf@group-406F52C2C348-StateMachineUpdater: snapshotIndex: updateIncreasingly -1 -> 2
2020-07-07 04:55:15,675 [49d4fddc-cd10-443b-a45d-8ada7c557abf@group-406F52C2C348-StateMachineUpdater] INFO  metrics.RatisMetrics (RatisMetrics.java:unregister(43)) - Unregistering Metrics Registry : ratis.state_machine.49d4fddc-cd10-443b-a45d-8ada7c557abf@group-406F52C2C348
2020-07-07 04:55:15,675 [ForkJoinPool.commonPool-worker-0] INFO  impl.RaftServerImpl (ServerState.java:close(387)) - 49d4fddc-cd10-443b-a45d-8ada7c557abf@group-406F52C2C348: closes. applyIndex: 2
2020-07-07 04:55:15,675 [49d4fddc-cd10-443b-a45d-8ada7c557abf@group-406F52C2C348-SegmentedRaftLogWorker] INFO  segmented.SegmentedRaftLogWorker (SegmentedRaftLogWorker.java:run(327)) - 49d4fddc-cd10-443b-a45d-8ada7c557abf@group-406F52C2C348-SegmentedRaftLogWorker was interrupted, exiting. There are 0 tasks remaining in the queue.
2020-07-07 04:55:15,675 [ForkJoinPool.commonPool-worker-0] INFO  segmented.SegmentedRaftLogWorker (SegmentedRaftLogWorker.java:close(234)) - 49d4fddc-cd10-443b-a45d-8ada7c557abf@group-406F52C2C348-SegmentedRaftLogWorker close()
2020-07-07 04:55:15,676 [ForkJoinPool.commonPool-worker-0] INFO  metrics.RatisMetrics (RatisMetrics.java:unregister(43)) - Unregistering Metrics Registry : ratis.log_worker.49d4fddc-cd10-443b-a45d-8ada7c557abf@group-406F52C2C348
2020-07-07 04:55:15,676 [ForkJoinPool.commonPool-worker-0] INFO  metrics.RatisMetrics (RatisMetrics.java:unregister(43)) - Unregistering Metrics Registry : ratis.leader_election.49d4fddc-cd10-443b-a45d-8ada7c557abf@group-406F52C2C348
2020-07-07 04:55:15,676 [ForkJoinPool.commonPool-worker-0] INFO  metrics.RatisMetrics (RatisMetrics.java:unregister(43)) - Unregistering Metrics Registry : ratis.server.49d4fddc-cd10-443b-a45d-8ada7c557abf@group-406F52C2C348
2020-07-07 04:55:15,676 [ForkJoinPool.commonPool-worker-0] INFO  server.GrpcService (GrpcService.java:closeImpl(166)) - 49d4fddc-cd10-443b-a45d-8ada7c557abf: shutdown server with port 35683 now
2020-07-07 04:55:15,677 [ForkJoinPool.commonPool-worker-0] INFO  server.GrpcService (GrpcService.java:closeImpl(174)) - 49d4fddc-cd10-443b-a45d-8ada7c557abf: shutdown server with port 35683 successfully
2020-07-07 04:55:15,678 [ForkJoinPool.commonPool-worker-0] INFO  utils.BackgroundService (BackgroundService.java:shutdown(157)) - Shutting down service BlockDeletingService
2020-07-07 04:55:15,679 [ForkJoinPool.commonPool-worker-0] INFO  statemachine.DatanodeStateMachine (DatanodeStateMachine.java:stopDaemon(428)) - Ozone container server stopped.
2020-07-07 04:55:15,681 [ForkJoinPool.commonPool-worker-0] INFO  handler.ContextHandler (ContextHandler.java:doStop(1016)) - Stopped o.e.j.w.WebAppContext@55bcd722{hddsDatanode,/,null,UNAVAILABLE}{jar:file:/home/user/.m2/repository/org/apache/hadoop/hadoop-hdds-container-service/0.6.0-SNAPSHOT/hadoop-hdds-container-service-0.6.0-SNAPSHOT.jar!/webapps/hddsDatanode}
2020-07-07 04:55:15,686 [ForkJoinPool.commonPool-worker-0] INFO  server.AbstractConnector (AbstractConnector.java:doStop(380)) - Stopped ServerConnector@3a3e0f7a{HTTP/1.1,[http/1.1]}{0.0.0.0:0}
2020-07-07 04:55:15,686 [ForkJoinPool.commonPool-worker-0] INFO  server.session (HouseKeeper.java:stopScavenging(158)) - node0 Stopped scavenging
2020-07-07 04:55:15,687 [ForkJoinPool.commonPool-worker-0] INFO  handler.ContextHandler (ContextHandler.java:doStop(1016)) - Stopped o.e.j.s.ServletContextHandler@add99a4{static,/static,jar:file:/home/user/.m2/repository/org/apache/hadoop/hadoop-hdds-container-service/0.6.0-SNAPSHOT/hadoop-hdds-container-service-0.6.0-SNAPSHOT.jar!/webapps/static,UNAVAILABLE}
2020-07-07 04:55:15,687 [ForkJoinPool.commonPool-worker-0] INFO  handler.ContextHandler (ContextHandler.java:doStop(1016)) - Stopped o.e.j.s.ServletContextHandler@7c007713{logs,/logs,file:///github/workspace/mnt/ozone/hadoop-ozone/integration-test/target/log,UNAVAILABLE}
2020-07-07 04:55:16,370 [Datanode State Machine Thread - 0] INFO  statemachine.DatanodeStateMachine (DatanodeStateMachine.java:lambda$startDaemon$0(380)) - Ozone container server started.
2020-07-07 04:55:20,618 [Thread-1757] INFO  impl.FollowerState (FollowerState.java:run(108)) - e48c4946-041b-4a5b-90ab-176302687b86@group-E8C64DAF1BB3-FollowerState: change to CANDIDATE, lastRpcTime:5187ms, electionTimeout:5105ms
2020-07-07 04:55:20,618 [Thread-1757] INFO  impl.RoleInfo (RoleInfo.java:shutdownFollowerState(121)) - e48c4946-041b-4a5b-90ab-176302687b86: shutdown FollowerState
2020-07-07 04:55:20,618 [Thread-1757] INFO  impl.RaftServerImpl (RaftServerImpl.java:setRole(175)) - e48c4946-041b-4a5b-90ab-176302687b86@group-E8C64DAF1BB3: changes role from  FOLLOWER to CANDIDATE at term 3 for changeToCandidate
2020-07-07 04:55:20,619 [Thread-1757] INFO  impl.RoleInfo (RoleInfo.java:updateAndGet(143)) - e48c4946-041b-4a5b-90ab-176302687b86: start LeaderElection
2020-07-07 04:55:20,619 [e48c4946-041b-4a5b-90ab-176302687b86@group-E8C64DAF1BB3-LeaderElection68] INFO  impl.RaftServerImpl (ServerState.java:setLeader(255)) - e48c4946-041b-4a5b-90ab-176302687b86@group-E8C64DAF1BB3: change Leader from 850327c1-f3ee-4a2d-9c3d-5bffdb64e521 to null at term 3 for initElection
2020-07-07 04:55:20,621 [e48c4946-041b-4a5b-90ab-176302687b86@group-E8C64DAF1BB3-LeaderElection68] INFO  impl.LeaderElection (LeaderElection.java:askForVotes(206)) - e48c4946-041b-4a5b-90ab-176302687b86@group-E8C64DAF1BB3-LeaderElection68: begin an election at term 4 for 0: [a62f0d4c-b40d-4885-8959-00b4626cec0c:172.17.0.2:36867, e48c4946-041b-4a5b-90ab-176302687b86:172.17.0.2:38349, 850327c1-f3ee-4a2d-9c3d-5bffdb64e521:172.17.0.2:42877], old=null
2020-07-07 04:55:20,625 [e48c4946-041b-4a5b-90ab-176302687b86@group-E8C64DAF1BB3-LeaderElection68] INFO  impl.LeaderElection (LogUtils.java:infoOrTrace(137)) - e48c4946-041b-4a5b-90ab-176302687b86@group-E8C64DAF1BB3-LeaderElection68 got exception when requesting votes: java.util.concurrent.ExecutionException: org.apache.ratis.thirdparty.io.grpc.StatusRuntimeException: UNAVAILABLE: io exception
2020-07-07 04:55:20,629 [e48c4946-041b-4a5b-90ab-176302687b86@group-E8C64DAF1BB3-LeaderElection68] INFO  impl.LeaderElection (LogUtils.java:infoOrTrace(137)) - e48c4946-041b-4a5b-90ab-176302687b86@group-E8C64DAF1BB3-LeaderElection68 got exception when requesting votes: java.util.concurrent.ExecutionException: org.apache.ratis.thirdparty.io.grpc.StatusRuntimeException: UNAVAILABLE: io exception
2020-07-07 04:55:20,629 [e48c4946-041b-4a5b-90ab-176302687b86@group-E8C64DAF1BB3-LeaderElection68] INFO  impl.LeaderElection (LeaderElection.java:logAndReturn(61)) - e48c4946-041b-4a5b-90ab-176302687b86@group-E8C64DAF1BB3-LeaderElection68: Election REJECTED; received 0 response(s) [] and 2 exception(s); e48c4946-041b-4a5b-90ab-176302687b86@group-E8C64DAF1BB3:t4, leader=null, voted=e48c4946-041b-4a5b-90ab-176302687b86, raftlog=e48c4946-041b-4a5b-90ab-176302687b86@group-E8C64DAF1BB3-SegmentedRaftLog:OPENED:c0,f0,i0, conf=0: [a62f0d4c-b40d-4885-8959-00b4626cec0c:172.17.0.2:36867, e48c4946-041b-4a5b-90ab-176302687b86:172.17.0.2:38349, 850327c1-f3ee-4a2d-9c3d-5bffdb64e521:172.17.0.2:42877], old=null
2020-07-07 04:55:20,629 [e48c4946-041b-4a5b-90ab-176302687b86@group-E8C64DAF1BB3-LeaderElection68] INFO  impl.LeaderElection (LogUtils.java:infoOrTrace(137)) -   Exception 0: java.util.concurrent.ExecutionException: org.apache.ratis.thirdparty.io.grpc.StatusRuntimeException: UNAVAILABLE: io exception
2020-07-07 04:55:20,629 [e48c4946-041b-4a5b-90ab-176302687b86@group-E8C64DAF1BB3-LeaderElection68] INFO  impl.LeaderElection (LogUtils.java:infoOrTrace(137)) -   Exception 1: java.util.concurrent.ExecutionException: org.apache.ratis.thirdparty.io.grpc.StatusRuntimeException: UNAVAILABLE: io exception
2020-07-07 04:55:20,629 [e48c4946-041b-4a5b-90ab-176302687b86@group-E8C64DAF1BB3-LeaderElection68] INFO  impl.RaftServerImpl (RaftServerImpl.java:setRole(175)) - e48c4946-041b-4a5b-90ab-176302687b86@group-E8C64DAF1BB3: changes role from CANDIDATE to FOLLOWER at term 4 for DISCOVERED_A_NEW_TERM
2020-07-07 04:55:20,629 [e48c4946-041b-4a5b-90ab-176302687b86@group-E8C64DAF1BB3-LeaderElection68] INFO  impl.RoleInfo (RoleInfo.java:shutdownLeaderElection(134)) - e48c4946-041b-4a5b-90ab-176302687b86: shutdown LeaderElection
2020-07-07 04:55:20,629 [e48c4946-041b-4a5b-90ab-176302687b86@group-E8C64DAF1BB3-LeaderElection68] INFO  impl.RoleInfo (RoleInfo.java:updateAndGet(143)) - e48c4946-041b-4a5b-90ab-176302687b86: start FollowerState
2020-07-07 04:55:20,674 [Listener at 127.0.0.1/42245] INFO  ozoneimpl.OzoneContainer (OzoneContainer.java:stop(246)) - Attempting to stop container services.
2020-07-07 04:55:20,675 [Listener at 127.0.0.1/42245] INFO  impl.RaftServerProxy (RaftServerProxy.java:lambda$close$4(319)) - e48c4946-041b-4a5b-90ab-176302687b86: close
2020-07-07 04:55:20,675 [Listener at 127.0.0.1/42245] INFO  impl.RaftServerImpl (RaftServerImpl.java:lambda$shutdown$3(252)) - e48c4946-041b-4a5b-90ab-176302687b86@group-E8C64DAF1BB3: shutdown
2020-07-07 04:55:20,675 [Listener at 127.0.0.1/42245] INFO  util.JmxRegister (JmxRegister.java:unregister(73)) - Successfully un-registered JMX Bean with object name Ratis:service=RaftServer,group=group-E8C64DAF1BB3,id=e48c4946-041b-4a5b-90ab-176302687b86
2020-07-07 04:55:20,676 [Listener at 127.0.0.1/42245] INFO  impl.RoleInfo (RoleInfo.java:shutdownFollowerState(121)) - e48c4946-041b-4a5b-90ab-176302687b86: shutdown FollowerState
2020-07-07 04:55:20,676 [Listener at 127.0.0.1/42245] INFO  impl.StateMachineUpdater (StateMachineUpdater.java:stopAndJoin(142)) - e48c4946-041b-4a5b-90ab-176302687b86@group-E8C64DAF1BB3-StateMachineUpdater: set stopIndex = 0
2020-07-07 04:55:20,675 [ForkJoinPool.commonPool-worker-1] INFO  impl.RaftServerImpl (RaftServerImpl.java:lambda$shutdown$3(252)) - e48c4946-041b-4a5b-90ab-176302687b86@group-4438A7B4A6C2: shutdown
2020-07-07 04:55:20,676 [Thread-1792] INFO  impl.FollowerState (FollowerState.java:run(117)) - e48c4946-041b-4a5b-90ab-176302687b86@group-E8C64DAF1BB3-FollowerState was interrupted: java.lang.InterruptedException: sleep interrupted
2020-07-07 04:55:20,676 [ForkJoinPool.commonPool-worker-1] INFO  util.JmxRegister (JmxRegister.java:unregister(73)) - Successfully un-registered JMX Bean with object name Ratis:service=RaftServer,group=group-4438A7B4A6C2,id=e48c4946-041b-4a5b-90ab-176302687b86
2020-07-07 04:55:20,676 [ForkJoinPool.commonPool-worker-1] INFO  impl.RoleInfo (RoleInfo.java:shutdownLeaderState(104)) - e48c4946-041b-4a5b-90ab-176302687b86: shutdown LeaderState
2020-07-07 04:55:20,676 [e48c4946-041b-4a5b-90ab-176302687b86@group-E8C64DAF1BB3-StateMachineUpdater] INFO  ratis.ContainerStateMachine (ContainerStateMachine.java:takeSnapshot(293)) - group-E8C64DAF1BB3: Taking a snapshot at:(t:1, i:0) file /github/workspace/mnt/ozone/hadoop-ozone/integration-test/target/test-dir/MiniOzoneClusterImpl-ddfb2fb6-1dd1-47df-b9d1-90c4649f621f/datanode-6/data/ratis/00bd9342-b899-4510-816c-e8c64daf1bb3/sm/snapshot.1_0
2020-07-07 04:55:20,676 [ForkJoinPool.commonPool-worker-1] INFO  impl.PendingRequests (PendingRequests.java:sendNotLeaderResponses(249)) - e48c4946-041b-4a5b-90ab-176302687b86@group-4438A7B4A6C2-PendingRequests: sendNotLeaderResponses
2020-07-07 04:55:20,677 [ForkJoinPool.commonPool-worker-1] INFO  metrics.RatisMetrics (RatisMetrics.java:unregister(43)) - Unregistering Metrics Registry : ratis.log_appender.e48c4946-041b-4a5b-90ab-176302687b86@group-4438A7B4A6C2
2020-07-07 04:55:20,677 [ForkJoinPool.commonPool-worker-1] INFO  metrics.RatisMetrics (RatisMetrics.java:unregister(43)) - Unregistering Metrics Registry : ratis.server.e48c4946-041b-4a5b-90ab-176302687b86@group-4438A7B4A6C2
2020-07-07 04:55:20,678 [ForkJoinPool.commonPool-worker-1] INFO  impl.StateMachineUpdater (StateMachineUpdater.java:stopAndJoin(142)) - e48c4946-041b-4a5b-90ab-176302687b86@group-4438A7B4A6C2-StateMachineUpdater: set stopIndex = 0
2020-07-07 04:55:20,679 [e48c4946-041b-4a5b-90ab-176302687b86@group-4438A7B4A6C2-StateMachineUpdater] INFO  ratis.ContainerStateMachine (ContainerStateMachine.java:takeSnapshot(293)) - group-4438A7B4A6C2: Taking a snapshot at:(t:1, i:0) file /github/workspace/mnt/ozone/hadoop-ozone/integration-test/target/test-dir/MiniOzoneClusterImpl-ddfb2fb6-1dd1-47df-b9d1-90c4649f621f/datanode-6/data/ratis/72c01868-d602-4700-bcbe-4438a7b4a6c2/sm/snapshot.1_0
2020-07-07 04:55:20,679 [e48c4946-041b-4a5b-90ab-176302687b86@group-E8C64DAF1BB3-StateMachineUpdater] INFO  ratis.ContainerStateMachine (ContainerStateMachine.java:takeSnapshot(304)) - group-E8C64DAF1BB3: Finished taking a snapshot at:(t:1, i:0) file:/github/workspace/mnt/ozone/hadoop-ozone/integration-test/target/test-dir/MiniOzoneClusterImpl-ddfb2fb6-1dd1-47df-b9d1-90c4649f621f/datanode-6/data/ratis/00bd9342-b899-4510-816c-e8c64daf1bb3/sm/snapshot.1_0 time:2
2020-07-07 04:55:20,679 [e48c4946-041b-4a5b-90ab-176302687b86@group-E8C64DAF1BB3-StateMachineUpdater] INFO  impl.StateMachineUpdater (StateMachineUpdater.java:takeSnapshot(277)) - e48c4946-041b-4a5b-90ab-176302687b86@group-E8C64DAF1BB3-StateMachineUpdater: Took a snapshot at index 0
2020-07-07 04:55:20,679 [e48c4946-041b-4a5b-90ab-176302687b86@group-E8C64DAF1BB3-StateMachineUpdater] INFO  impl.StateMachineUpdater (StateMachineUpdater.java:lambda$new$0(87)) - e48c4946-041b-4a5b-90ab-176302687b86@group-E8C64DAF1BB3-StateMachineUpdater: snapshotIndex: updateIncreasingly -1 -> 0
2020-07-07 04:55:20,679 [e48c4946-041b-4a5b-90ab-176302687b86@group-E8C64DAF1BB3-StateMachineUpdater] INFO  metrics.RatisMetrics (RatisMetrics.java:unregister(43)) - Unregistering Metrics Registry : ratis.state_machine.e48c4946-041b-4a5b-90ab-176302687b86@group-E8C64DAF1BB3
2020-07-07 04:55:20,679 [Listener at 127.0.0.1/42245] INFO  impl.RaftServerImpl (ServerState.java:close(387)) - e48c4946-041b-4a5b-90ab-176302687b86@group-E8C64DAF1BB3: closes. applyIndex: 0
2020-07-07 04:55:20,681 [e48c4946-041b-4a5b-90ab-176302687b86@group-E8C64DAF1BB3-SegmentedRaftLogWorker] INFO  segmented.SegmentedRaftLogWorker (SegmentedRaftLogWorker.java:run(327)) - e48c4946-041b-4a5b-90ab-176302687b86@group-E8C64DAF1BB3-SegmentedRaftLogWorker was interrupted, exiting. There are 0 tasks remaining in the queue.
2020-07-07 04:55:20,682 [Listener at 127.0.0.1/42245] INFO  segmented.SegmentedRaftLogWorker (SegmentedRaftLogWorker.java:close(234)) - e48c4946-041b-4a5b-90ab-176302687b86@group-E8C64DAF1BB3-SegmentedRaftLogWorker close()
2020-07-07 04:55:20,680 [e48c4946-041b-4a5b-90ab-176302687b86@group-4438A7B4A6C2-StateMachineUpdater] INFO  ratis.ContainerStateMachine (ContainerStateMachine.java:takeSnapshot(304)) - group-4438A7B4A6C2: Finished taking a snapshot at:(t:1, i:0) file:/github/workspace/mnt/ozone/hadoop-ozone/integration-test/target/test-dir/MiniOzoneClusterImpl-ddfb2fb6-1dd1-47df-b9d1-90c4649f621f/datanode-6/data/ratis/72c01868-d602-4700-bcbe-4438a7b4a6c2/sm/snapshot.1_0 time:1
2020-07-07 04:55:20,682 [e48c4946-041b-4a5b-90ab-176302687b86@group-4438A7B4A6C2-StateMachineUpdater] INFO  impl.StateMachineUpdater (StateMachineUpdater.java:takeSnapshot(277)) - e48c4946-041b-4a5b-90ab-176302687b86@group-4438A7B4A6C2-StateMachineUpdater: Took a snapshot at index 0
2020-07-07 04:55:20,682 [e48c4946-041b-4a5b-90ab-176302687b86@group-4438A7B4A6C2-StateMachineUpdater] INFO  impl.StateMachineUpdater (StateMachineUpdater.java:lambda$new$0(87)) - e48c4946-041b-4a5b-90ab-176302687b86@group-4438A7B4A6C2-StateMachineUpdater: snapshotIndex: updateIncreasingly -1 -> 0
2020-07-07 04:55:20,682 [e48c4946-041b-4a5b-90ab-176302687b86@group-4438A7B4A6C2-StateMachineUpdater] INFO  metrics.RatisMetrics (RatisMetrics.java:unregister(43)) - Unregistering Metrics Registry : ratis.state_machine.e48c4946-041b-4a5b-90ab-176302687b86@group-4438A7B4A6C2
2020-07-07 04:55:20,682 [ForkJoinPool.commonPool-worker-1] INFO  impl.RaftServerImpl (ServerState.java:close(387)) - e48c4946-041b-4a5b-90ab-176302687b86@group-4438A7B4A6C2: closes. applyIndex: 0
2020-07-07 04:55:20,683 [Listener at 127.0.0.1/42245] INFO  metrics.RatisMetrics (RatisMetrics.java:unregister(43)) - Unregistering Metrics Registry : ratis.log_worker.e48c4946-041b-4a5b-90ab-176302687b86@group-E8C64DAF1BB3
2020-07-07 04:55:20,683 [Listener at 127.0.0.1/42245] INFO  metrics.RatisMetrics (RatisMetrics.java:unregister(43)) - Unregistering Metrics Registry : ratis.leader_election.e48c4946-041b-4a5b-90ab-176302687b86@group-E8C64DAF1BB3
2020-07-07 04:55:20,683 [Listener at 127.0.0.1/42245] INFO  metrics.RatisMetrics (RatisMetrics.java:unregister(43)) - Unregistering Metrics Registry : ratis.server.e48c4946-041b-4a5b-90ab-176302687b86@group-E8C64DAF1BB3
2020-07-07 04:55:20,683 [e48c4946-041b-4a5b-90ab-176302687b86@group-4438A7B4A6C2-SegmentedRaftLogWorker] INFO  segmented.SegmentedRaftLogWorker (SegmentedRaftLogWorker.java:run(327)) - e48c4946-041b-4a5b-90ab-176302687b86@group-4438A7B4A6C2-SegmentedRaftLogWorker was interrupted, exiting. There are 0 tasks remaining in the queue.
2020-07-07 04:55:20,683 [ForkJoinPool.commonPool-worker-1] INFO  segmented.SegmentedRaftLogWorker (SegmentedRaftLogWorker.java:close(234)) - e48c4946-041b-4a5b-90ab-176302687b86@group-4438A7B4A6C2-SegmentedRaftLogWorker close()
2020-07-07 04:55:20,684 [ForkJoinPool.commonPool-worker-1] INFO  metrics.RatisMetrics (RatisMetrics.java:unregister(43)) - Unregistering Metrics Registry : ratis.log_worker.e48c4946-041b-4a5b-90ab-176302687b86@group-4438A7B4A6C2
2020-07-07 04:55:20,684 [ForkJoinPool.commonPool-worker-1] INFO  metrics.RatisMetrics (RatisMetrics.java:unregister(43)) - Unregistering Metrics Registry : ratis.leader_election.e48c4946-041b-4a5b-90ab-176302687b86@group-4438A7B4A6C2
2020-07-07 04:55:20,684 [ForkJoinPool.commonPool-worker-1] INFO  metrics.RatisMetrics (RatisMetrics.java:unregister(43)) - Unregistering Metrics Registry : ratis.server.e48c4946-041b-4a5b-90ab-176302687b86@group-4438A7B4A6C2
2020-07-07 04:55:20,685 [Listener at 127.0.0.1/42245] INFO  server.GrpcService (GrpcService.java:closeImpl(166)) - e48c4946-041b-4a5b-90ab-176302687b86: shutdown server with port 38349 now
2020-07-07 04:55:20,687 [Listener at 127.0.0.1/42245] INFO  server.GrpcService (GrpcService.java:closeImpl(174)) - e48c4946-041b-4a5b-90ab-176302687b86: shutdown server with port 38349 successfully
2020-07-07 04:55:20,688 [Listener at 127.0.0.1/42245] INFO  utils.BackgroundService (BackgroundService.java:shutdown(157)) - Shutting down service BlockDeletingService
2020-07-07 04:55:20,690 [Listener at 127.0.0.1/42245] INFO  statemachine.DatanodeStateMachine (DatanodeStateMachine.java:stopDaemon(428)) - Ozone container server stopped.
2020-07-07 04:55:20,691 [Listener at 127.0.0.1/42245] INFO  handler.ContextHandler (ContextHandler.java:doStop(1016)) - Stopped o.e.j.w.WebAppContext@4b28d787{hddsDatanode,/,null,UNAVAILABLE}{jar:file:/home/user/.m2/repository/org/apache/hadoop/hadoop-hdds-container-service/0.6.0-SNAPSHOT/hadoop-hdds-container-service-0.6.0-SNAPSHOT.jar!/webapps/hddsDatanode}
2020-07-07 04:55:20,692 [Listener at 127.0.0.1/42245] INFO  server.AbstractConnector (AbstractConnector.java:doStop(380)) - Stopped ServerConnector@337d97e3{HTTP/1.1,[http/1.1]}{0.0.0.0:0}
2020-07-07 04:55:20,692 [Listener at 127.0.0.1/42245] INFO  server.session (HouseKeeper.java:stopScavenging(158)) - node0 Stopped scavenging
2020-07-07 04:55:20,692 [Listener at 127.0.0.1/42245] INFO  handler.ContextHandler (ContextHandler.java:doStop(1016)) - Stopped o.e.j.s.ServletContextHandler@12550aaf{static,/static,jar:file:/home/user/.m2/repository/org/apache/hadoop/hadoop-hdds-container-service/0.6.0-SNAPSHOT/hadoop-hdds-container-service-0.6.0-SNAPSHOT.jar!/webapps/static,UNAVAILABLE}
2020-07-07 04:55:20,692 [Listener at 127.0.0.1/42245] INFO  handler.ContextHandler (ContextHandler.java:doStop(1016)) - Stopped o.e.j.s.ServletContextHandler@7bb5f1b5{logs,/logs,file:///github/workspace/mnt/ozone/hadoop-ozone/integration-test/target/log,UNAVAILABLE}
2020-07-07 04:55:20,693 [Listener at 127.0.0.1/42245] INFO  ozone.MiniOzoneClusterImpl (MiniOzoneClusterImpl.java:stopSCM(476)) - Stopping the StorageContainerManager
2020-07-07 04:55:20,693 [Listener at 127.0.0.1/42245] INFO  server.StorageContainerManager (StorageContainerManager.java:stop(825)) - Stopping Replication Manager Service.
2020-07-07 04:55:20,693 [Listener at 127.0.0.1/42245] INFO  container.ReplicationManager (ReplicationManager.java:stop(218)) - Stopping Replication Monitor Thread.
2020-07-07 04:55:20,694 [Listener at 127.0.0.1/42245] INFO  server.StorageContainerManager (StorageContainerManager.java:stop(832)) - Stopping Lease Manager of the command watchers
2020-07-07 04:55:20,694 [CommandWatcher-LeaseManager#LeaseMonitor] ERROR lease.LeaseManager (LeaseManager.java:run(238)) - Execution was interrupted 
java.lang.InterruptedException: sleep interrupted
	at java.lang.Thread.sleep(Native Method)
	at org.apache.hadoop.ozone.lease.LeaseManager$LeaseMonitor.run(LeaseManager.java:234)
	at java.lang.Thread.run(Thread.java:748)
2020-07-07 04:55:20,694 [Listener at 127.0.0.1/42245] INFO  server.StorageContainerManager (StorageContainerManager.java:stop(839)) - Stopping datanode service RPC server
2020-07-07 04:55:20,694 [Listener at 127.0.0.1/42245] INFO  server.SCMDatanodeProtocolServer (SCMDatanodeProtocolServer.java:stop(361)) - Stopping the RPC server for DataNodes
2020-07-07 04:55:20,694 [Listener at 127.0.0.1/42245] INFO  ipc.Server (Server.java:stop(3359)) - Stopping server on 41729
2020-07-07 04:55:20,695 [IPC Server listener on 0] INFO  ipc.Server (Server.java:run(1330)) - Stopping IPC Server listener on 0
2020-07-07 04:55:20,697 [IPC Server Responder] INFO  ipc.Server (Server.java:run(1465)) - Stopping IPC Server Responder
2020-07-07 04:55:20,697 [SCM Heartbeat Processing Thread - 0] WARN  node.NodeStateManager (NodeStateManager.java:scheduleNextHealthCheck(661)) - Current Thread is interrupted, shutting down HB processing thread for Node Manager.
2020-07-07 04:55:20,698 [Listener at 127.0.0.1/42245] INFO  server.StorageContainerManager (StorageContainerManager.java:stop(847)) - Stopping block service RPC server
2020-07-07 04:55:20,698 [Listener at 127.0.0.1/42245] INFO  server.SCMBlockProtocolServer (SCMBlockProtocolServer.java:stop(158)) - Stopping the RPC server for Block Protocol
2020-07-07 04:55:20,698 [Listener at 127.0.0.1/42245] INFO  ipc.Server (Server.java:stop(3359)) - Stopping server on 33299
2020-07-07 04:55:20,700 [IPC Server listener on 0] INFO  ipc.Server (Server.java:run(1330)) - Stopping IPC Server listener on 0
2020-07-07 04:55:20,700 [Listener at 127.0.0.1/42245] INFO  server.StorageContainerManager (StorageContainerManager.java:stop(854)) - Stopping the StorageContainerLocationProtocol RPC server
2020-07-07 04:55:20,700 [IPC Server Responder] INFO  ipc.Server (Server.java:run(1465)) - Stopping IPC Server Responder
2020-07-07 04:55:20,701 [Listener at 127.0.0.1/42245] INFO  server.SCMClientProtocolServer (SCMClientProtocolServer.java:stop(165)) - Stopping the RPC server for Client Protocol
2020-07-07 04:55:20,701 [Listener at 127.0.0.1/42245] INFO  ipc.Server (Server.java:stop(3359)) - Stopping server on 40189
2020-07-07 04:55:20,702 [IPC Server listener on 0] INFO  ipc.Server (Server.java:run(1330)) - Stopping IPC Server listener on 0
2020-07-07 04:55:20,703 [IPC Server Responder] INFO  ipc.Server (Server.java:run(1465)) - Stopping IPC Server Responder
2020-07-07 04:55:20,703 [Listener at 127.0.0.1/42245] INFO  server.StorageContainerManager (StorageContainerManager.java:stop(861)) - Stopping Storage Container Manager HTTP server.
2020-07-07 04:55:20,704 [Listener at 127.0.0.1/42245] INFO  handler.ContextHandler (ContextHandler.java:doStop(1016)) - Stopped o.e.j.w.WebAppContext@7b5d3ac5{scm,/,null,UNAVAILABLE}{file:/github/workspace/mnt/ozone/hadoop-ozone/integration-test/target/test-classes/webapps/scm}
2020-07-07 04:55:20,704 [Listener at 127.0.0.1/42245] INFO  server.AbstractConnector (AbstractConnector.java:doStop(380)) - Stopped ServerConnector@42593f64{HTTP/1.1,[http/1.1]}{0.0.0.0:0}
2020-07-07 04:55:20,704 [Listener at 127.0.0.1/42245] INFO  server.session (HouseKeeper.java:stopScavenging(158)) - node0 Stopped scavenging
2020-07-07 04:55:20,705 [Listener at 127.0.0.1/42245] INFO  handler.ContextHandler (ContextHandler.java:doStop(1016)) - Stopped o.e.j.s.ServletContextHandler@6013565b{static,/static,file:///github/workspace/mnt/ozone/hadoop-ozone/integration-test/target/test-classes/webapps/static,UNAVAILABLE}
2020-07-07 04:55:20,705 [Listener at 127.0.0.1/42245] INFO  handler.ContextHandler (ContextHandler.java:doStop(1016)) - Stopped o.e.j.s.ServletContextHandler@65028252{logs,/logs,file:///github/workspace/mnt/ozone/hadoop-ozone/integration-test/target/log,UNAVAILABLE}
2020-07-07 04:55:20,706 [Listener at 127.0.0.1/42245] INFO  server.StorageContainerManager (StorageContainerManager.java:stop(872)) - Stopping Block Manager Service.
2020-07-07 04:55:20,706 [Listener at 127.0.0.1/42245] INFO  utils.BackgroundService (BackgroundService.java:shutdown(157)) - Shutting down service SCMBlockDeletingService
2020-07-07 04:55:20,706 [Listener at 127.0.0.1/42245] INFO  utils.BackgroundService (BackgroundService.java:shutdown(157)) - Shutting down service SCMBlockDeletingService
2020-07-07 04:55:20,706 [Listener at 127.0.0.1/42245] INFO  server.StorageContainerManager (StorageContainerManager.java:stop(897)) - Stopping SCM Event Queue.
2020-07-07 04:55:20,709 [Listener at 127.0.0.1/42245] INFO  impl.MetricsSystemImpl (MetricsSystemImpl.java:stop(210)) - Stopping HddsDatanode metrics system...
2020-07-07 04:55:20,714 [Listener at 127.0.0.1/42245] INFO  impl.MetricsSystemImpl (MetricsSystemImpl.java:stop(216)) - HddsDatanode metrics system stopped.
]]></system-out>
    <system-err><![CDATA[Jul 07, 2020 4:54:49 AM org.apache.ratis.thirdparty.io.grpc.internal.ManagedChannelOrphanWrapper$ManagedChannelReference cleanQueue
SEVERE: *~*~*~ Channel ManagedChannelImpl{logId=667, target=172.17.0.2:37741} was not shutdown properly!!! ~*~*~*
    Make sure to call shutdown()/shutdownNow() and wait until awaitTermination() returns true.
java.lang.RuntimeException: ManagedChannel allocation site
	at org.apache.ratis.thirdparty.io.grpc.internal.ManagedChannelOrphanWrapper$ManagedChannelReference.<init>(ManagedChannelOrphanWrapper.java:94)
	at org.apache.ratis.thirdparty.io.grpc.internal.ManagedChannelOrphanWrapper.<init>(ManagedChannelOrphanWrapper.java:52)
	at org.apache.ratis.thirdparty.io.grpc.internal.ManagedChannelOrphanWrapper.<init>(ManagedChannelOrphanWrapper.java:43)
	at org.apache.ratis.thirdparty.io.grpc.internal.AbstractManagedChannelImplBuilder.build(AbstractManagedChannelImplBuilder.java:518)
	at org.apache.ratis.grpc.client.GrpcClientProtocolClient.<init>(GrpcClientProtocolClient.java:129)
	at org.apache.ratis.grpc.client.GrpcClientRpc.lambda$new$0(GrpcClientRpc.java:55)
	at org.apache.ratis.util.PeerProxyMap$PeerAndProxy.lambda$getProxy$0(PeerProxyMap.java:62)
	at org.apache.ratis.util.LifeCycle.startAndTransition(LifeCycle.java:214)
	at org.apache.ratis.util.PeerProxyMap$PeerAndProxy.getProxy(PeerProxyMap.java:61)
	at org.apache.ratis.util.PeerProxyMap.getProxy(PeerProxyMap.java:109)
	at org.apache.ratis.grpc.client.GrpcClientRpc.sendRequestAsync(GrpcClientRpc.java:66)
	at org.apache.ratis.client.impl.OrderedAsync.sendRequest(OrderedAsync.java:233)
	at org.apache.ratis.client.impl.OrderedAsync.sendRequestWithRetry(OrderedAsync.java:187)
	at org.apache.ratis.util.SlidingWindow$Client.sendOrDelayRequest(SlidingWindow.java:278)
	at org.apache.ratis.util.SlidingWindow$Client.submitNewRequest(SlidingWindow.java:257)
	at org.apache.ratis.client.impl.OrderedAsync.send(OrderedAsync.java:168)
	at org.apache.ratis.client.impl.OrderedAsync.newInstance(OrderedAsync.java:117)
	at org.apache.ratis.client.impl.RaftClientImpl.lambda$new$0(RaftClientImpl.java:127)
	at org.apache.ratis.util.MemoizedSupplier.get(MemoizedSupplier.java:62)
	at org.apache.ratis.client.impl.RaftClientImpl.getOrderedAsync(RaftClientImpl.java:150)
	at org.apache.ratis.client.impl.RaftClientImpl.sendAsync(RaftClientImpl.java:188)
	at org.apache.ratis.client.impl.RaftClientImpl.sendAsync(RaftClientImpl.java:160)
	at org.apache.hadoop.hdds.scm.XceiverClientRatis.lambda$sendRequestAsync$3(XceiverClientRatis.java:224)
	at org.apache.hadoop.hdds.tracing.TracingUtil.executeInNewSpan(TracingUtil.java:159)
	at org.apache.hadoop.hdds.scm.XceiverClientRatis.sendRequestAsync(XceiverClientRatis.java:209)
	at org.apache.hadoop.hdds.scm.XceiverClientRatis.sendCommandAsync(XceiverClientRatis.java:305)
	at org.apache.hadoop.ozone.client.rpc.TestWatchForCommit.testWatchForCommitForGroupMismatchException(TestWatchForCommit.java:335)
	at sun.reflect.NativeMethodAccessorImpl.invoke0(Native Method)
	at sun.reflect.NativeMethodAccessorImpl.invoke(NativeMethodAccessorImpl.java:62)
	at sun.reflect.DelegatingMethodAccessorImpl.invoke(DelegatingMethodAccessorImpl.java:43)
	at java.lang.reflect.Method.invoke(Method.java:498)
	at org.junit.runners.model.FrameworkMethod$1.runReflectiveCall(FrameworkMethod.java:47)
	at org.junit.internal.runners.model.ReflectiveCallable.run(ReflectiveCallable.java:12)
	at org.junit.runners.model.FrameworkMethod.invokeExplosively(FrameworkMethod.java:44)
	at org.junit.internal.runners.statements.InvokeMethod.evaluate(InvokeMethod.java:17)
	at org.junit.internal.runners.statements.RunBefores.evaluate(RunBefores.java:26)
	at org.junit.internal.runners.statements.RunAfters.evaluate(RunAfters.java:27)
	at org.junit.runners.ParentRunner.runLeaf(ParentRunner.java:271)
	at org.junit.runners.BlockJUnit4ClassRunner.runChild(BlockJUnit4ClassRunner.java:70)
	at org.junit.runners.BlockJUnit4ClassRunner.runChild(BlockJUnit4ClassRunner.java:50)
	at org.junit.runners.ParentRunner$3.run(ParentRunner.java:238)
	at org.junit.runners.ParentRunner$1.schedule(ParentRunner.java:63)
	at org.junit.runners.ParentRunner.runChildren(ParentRunner.java:236)
	at org.junit.runners.ParentRunner.access$000(ParentRunner.java:53)
	at org.junit.runners.ParentRunner$2.evaluate(ParentRunner.java:229)
	at org.junit.runners.ParentRunner.run(ParentRunner.java:309)
	at org.apache.maven.surefire.junit4.JUnit4Provider.execute(JUnit4Provider.java:365)
	at org.apache.maven.surefire.junit4.JUnit4Provider.executeWithRerun(JUnit4Provider.java:273)
	at org.apache.maven.surefire.junit4.JUnit4Provider.executeTestSet(JUnit4Provider.java:238)
	at org.apache.maven.surefire.junit4.JUnit4Provider.invoke(JUnit4Provider.java:159)
	at org.apache.maven.surefire.booter.ForkedBooter.invokeProviderInSameClassLoader(ForkedBooter.java:384)
	at org.apache.maven.surefire.booter.ForkedBooter.runSuitesInProcess(ForkedBooter.java:345)
	at org.apache.maven.surefire.booter.ForkedBooter.execute(ForkedBooter.java:126)
	at org.apache.maven.surefire.booter.ForkedBooter.main(ForkedBooter.java:418)

]]></system-err>
  </testcase>
</testsuite>