<?xml version="1.0" encoding="UTF-8"?>
<testsuite xmlns:xsi="http://www.w3.org/2001/XMLSchema-instance" xsi:noNamespaceSchemaLocation="https://maven.apache.org/surefire/maven-surefire-plugin/xsd/surefire-test-report.xsd" name="org.apache.hadoop.ozone.client.rpc.TestDeleteWithSlowFollower" time="45.234" tests="1" errors="0" skipped="0" failures="1">
  <properties>
    <property name="awt.toolkit" value="sun.awt.X11.XToolkit"/>
    <property name="file.encoding.pkg" value="sun.io"/>
    <property name="java.specification.version" value="1.8"/>
    <property name="sun.cpu.isalist" value=""/>
    <property name="sun.jnu.encoding" value="UTF-8"/>
    <property name="java.class.path" value="/home/runner/work/ozone/ozone/mnt/ozone/hadoop-ozone/integration-test/target/test-classes:/home/runner/work/ozone/ozone/mnt/ozone/hadoop-ozone/integration-test/target/classes:/home/runner/.m2/repository/org/apache/ozone/ozone-common/1.2.0-SNAPSHOT/ozone-common-1.2.0-SNAPSHOT.jar:/home/runner/.m2/repository/org/apache/commons/commons-compress/1.20/commons-compress-1.20.jar:/home/runner/.m2/repository/org/apache/ozone/hdds-common/1.2.0-SNAPSHOT/hdds-common-1.2.0-SNAPSHOT.jar:/home/runner/.m2/repository/org/apache/ozone/hdds-client/1.2.0-SNAPSHOT/hdds-client-1.2.0-SNAPSHOT.jar:/home/runner/.m2/repository/org/apache/ozone/ozone-interface-client/1.2.0-SNAPSHOT/ozone-interface-client-1.2.0-SNAPSHOT.jar:/home/runner/.m2/repository/org/apache/ozone/hdds-test-utils/1.2.0-SNAPSHOT/hdds-test-utils-1.2.0-SNAPSHOT.jar:/home/runner/.m2/repository/com/google/guava/guava/30.1.1-jre/guava-30.1.1-jre.jar:/home/runner/.m2/repository/com/google/guava/failureaccess/1.0.1/failureaccess-1.0.1.jar:/home/runner/.m2/repository/com/google/guava/listenablefuture/9999.0-empty-to-avoid-conflict-with-guava/listenablefuture-9999.0-empty-to-avoid-conflict-with-guava.jar:/home/runner/.m2/repository/com/google/code/findbugs/jsr305/3.0.0/jsr305-3.0.0.jar:/home/runner/.m2/repository/org/checkerframework/checker-qual/3.8.0/checker-qual-3.8.0.jar:/home/runner/.m2/repository/com/google/errorprone/error_prone_annotations/2.2.0/error_prone_annotations-2.2.0.jar:/home/runner/.m2/repository/com/google/j2objc/j2objc-annotations/1.3/j2objc-annotations-1.3.jar:/home/runner/.m2/repository/commons-io/commons-io/2.8.0/commons-io-2.8.0.jar:/home/runner/.m2/repository/commons-logging/commons-logging/1.2/commons-logging-1.2.jar:/home/runner/.m2/repository/log4j/log4j/1.2.17/log4j-1.2.17.jar:/home/runner/.m2/repository/org/slf4j/slf4j-api/1.7.30/slf4j-api-1.7.30.jar:/home/runner/.m2/repository/org/apache/ozone/hdds-server-scm/1.2.0-SNAPSHOT/hdds-server-scm-1.2.0-SNAPSHOT.jar:/home/runner/.m2/repository/org/apache/ozone/hdds-container-service/1.2.0-SNAPSHOT/hdds-container-service-1.2.0-SNAPSHOT.jar:/home/runner/.m2/repository/org/apache/ozone/hdds-hadoop-dependency-server/1.2.0-SNAPSHOT/hdds-hadoop-dependency-server-1.2.0-SNAPSHOT.jar:/home/runner/.m2/repository/org/apache/hadoop/hadoop-hdfs/3.3.1/hadoop-hdfs-3.3.1.jar:/home/runner/.m2/repository/org/apache/ozone/hdds-server-framework/1.2.0-SNAPSHOT/hdds-server-framework-1.2.0-SNAPSHOT.jar:/home/runner/.m2/repository/org/apache/ozone/hdds-interface-server/1.2.0-SNAPSHOT/hdds-interface-server-1.2.0-SNAPSHOT.jar:/home/runner/.m2/repository/org/eclipse/jetty/jetty-servlet/9.4.35.v20201120/jetty-servlet-9.4.35.v20201120.jar:/home/runner/.m2/repository/org/eclipse/jetty/jetty-security/9.4.35.v20201120/jetty-security-9.4.35.v20201120.jar:/home/runner/.m2/repository/org/rocksdb/rocksdbjni/6.20.3/rocksdbjni-6.20.3.jar:/home/runner/.m2/repository/io/prometheus/simpleclient_dropwizard/0.7.0/simpleclient_dropwizard-0.7.0.jar:/home/runner/.m2/repository/io/prometheus/simpleclient/0.7.0/simpleclient-0.7.0.jar:/home/runner/.m2/repository/io/prometheus/simpleclient_common/0.7.0/simpleclient_common-0.7.0.jar:/home/runner/.m2/repository/com/fasterxml/jackson/datatype/jackson-datatype-jsr310/2.12.1/jackson-datatype-jsr310-2.12.1.jar:/home/runner/.m2/repository/io/dropwizard/metrics/metrics-core/3.2.4/metrics-core-3.2.4.jar:/home/runner/.m2/repository/org/apache/hadoop/hadoop-hdfs-client/3.3.1/hadoop-hdfs-client-3.3.1.jar:/home/runner/.m2/repository/org/bouncycastle/bcprov-jdk15on/1.67/bcprov-jdk15on-1.67.jar:/home/runner/.m2/repository/com/google/protobuf/protobuf-java/2.5.0/protobuf-java-2.5.0.jar:/home/runner/.m2/repository/org/apache/ozone/ozone-manager/1.2.0-SNAPSHOT/ozone-manager-1.2.0-SNAPSHOT.jar:/home/runner/.m2/repository/org/aspectj/aspectjrt/1.8.9/aspectjrt-1.8.9.jar:/home/runner/.m2/repository/org/aspectj/aspectjweaver/1.8.9/aspectjweaver-1.8.9.jar:/home/runner/.m2/repository/org/apache/ozone/hdds-interface-client/1.2.0-SNAPSHOT/hdds-interface-client-1.2.0-SNAPSHOT.jar:/home/runner/.m2/repository/org/apache/ratis/ratis-thirdparty-misc/0.7.0-a398b19-SNAPSHOT/ratis-thirdparty-misc-0.7.0-a398b19-SNAPSHOT.jar:/home/runner/.m2/repository/org/apache/ozone/ozone-interface-storage/1.2.0-SNAPSHOT/ozone-interface-storage-1.2.0-SNAPSHOT.jar:/home/runner/.m2/repository/org/reflections/reflections/0.9.11/reflections-0.9.11.jar:/home/runner/.m2/repository/org/apache/hadoop/hadoop-minikdc/3.3.1/hadoop-minikdc-3.3.1.jar:/home/runner/.m2/repository/org/apache/kerby/kerb-simplekdc/1.0.1/kerb-simplekdc-1.0.1.jar:/home/runner/.m2/repository/org/apache/kerby/kerb-client/1.0.1/kerb-client-1.0.1.jar:/home/runner/.m2/repository/org/apache/kerby/kerby-config/1.0.1/kerby-config-1.0.1.jar:/home/runner/.m2/repository/org/apache/kerby/kerb-common/1.0.1/kerb-common-1.0.1.jar:/home/runner/.m2/repository/org/apache/kerby/kerb-crypto/1.0.1/kerb-crypto-1.0.1.jar:/home/runner/.m2/repository/org/apache/kerby/kerb-util/1.0.1/kerb-util-1.0.1.jar:/home/runner/.m2/repository/org/apache/kerby/token-provider/1.0.1/token-provider-1.0.1.jar:/home/runner/.m2/repository/org/apache/kerby/kerb-admin/1.0.1/kerb-admin-1.0.1.jar:/home/runner/.m2/repository/org/apache/kerby/kerb-server/1.0.1/kerb-server-1.0.1.jar:/home/runner/.m2/repository/org/apache/kerby/kerb-identity/1.0.1/kerb-identity-1.0.1.jar:/home/runner/.m2/repository/org/apache/kerby/kerby-xdr/1.0.1/kerby-xdr-1.0.1.jar:/home/runner/.m2/repository/org/slf4j/slf4j-log4j12/1.7.30/slf4j-log4j12-1.7.30.jar:/home/runner/.m2/repository/org/apache/ozone/ozone-s3gateway/1.2.0-SNAPSHOT/ozone-s3gateway-1.2.0-SNAPSHOT.jar:/home/runner/.m2/repository/org/javassist/javassist/3.21.0-GA/javassist-3.21.0-GA.jar:/home/runner/.m2/repository/org/jboss/weld/servlet/weld-servlet/2.4.7.Final/weld-servlet-2.4.7.Final.jar:/home/runner/.m2/repository/org/glassfish/jersey/containers/jersey-container-servlet-core/2.33/jersey-container-servlet-core-2.33.jar:/home/runner/.m2/repository/org/glassfish/hk2/external/jakarta.inject/2.6.1/jakarta.inject-2.6.1.jar:/home/runner/.m2/repository/org/glassfish/jersey/core/jersey-common/2.33/jersey-common-2.33.jar:/home/runner/.m2/repository/jakarta/ws/rs/jakarta.ws.rs-api/2.1.6/jakarta.ws.rs-api-2.1.6.jar:/home/runner/.m2/repository/org/glassfish/jersey/ext/cdi/jersey-cdi1x/2.33/jersey-cdi1x-2.33.jar:/home/runner/.m2/repository/org/glassfish/jersey/inject/jersey-hk2/2.33/jersey-hk2-2.33.jar:/home/runner/.m2/repository/org/glassfish/hk2/hk2-locator/2.6.1/hk2-locator-2.6.1.jar:/home/runner/.m2/repository/org/glassfish/jersey/media/jersey-media-jaxb/2.33/jersey-media-jaxb-2.33.jar:/home/runner/.m2/repository/org/glassfish/hk2/osgi-resource-locator/1.0.3/osgi-resource-locator-1.0.3.jar:/home/runner/.m2/repository/org/glassfish/hk2/hk2-api/2.5.0/hk2-api-2.5.0.jar:/home/runner/.m2/repository/org/glassfish/hk2/hk2-utils/2.5.0/hk2-utils-2.5.0.jar:/home/runner/.m2/repository/org/glassfish/hk2/external/aopalliance-repackaged/2.5.0/aopalliance-repackaged-2.5.0.jar:/home/runner/.m2/repository/com/fasterxml/jackson/dataformat/jackson-dataformat-xml/2.12.1/jackson-dataformat-xml-2.12.1.jar:/home/runner/.m2/repository/com/fasterxml/jackson/core/jackson-core/2.12.1/jackson-core-2.12.1.jar:/home/runner/.m2/repository/com/fasterxml/jackson/module/jackson-module-jaxb-annotations/2.12.1/jackson-module-jaxb-annotations-2.12.1.jar:/home/runner/.m2/repository/jakarta/xml/bind/jakarta.xml.bind-api/2.3.2/jakarta.xml.bind-api-2.3.2.jar:/home/runner/.m2/repository/org/codehaus/woodstox/stax2-api/3.1.4/stax2-api-3.1.4.jar:/home/runner/.m2/repository/com/fasterxml/woodstox/woodstox-core/5.0.3/woodstox-core-5.0.3.jar:/home/runner/.m2/repository/javax/enterprise/cdi-api/1.2/cdi-api-1.2.jar:/home/runner/.m2/repository/javax/el/javax.el-api/3.0.0/javax.el-api-3.0.0.jar:/home/runner/.m2/repository/javax/interceptor/javax.interceptor-api/1.2/javax.interceptor-api-1.2.jar:/home/runner/.m2/repository/javax/inject/javax.inject/1/javax.inject-1.jar:/home/runner/.m2/repository/javax/xml/bind/jaxb-api/2.3.0/jaxb-api-2.3.0.jar:/home/runner/.m2/repository/org/glassfish/jaxb/jaxb-runtime/2.3.0.1/jaxb-runtime-2.3.0.1.jar:/home/runner/.m2/repository/org/glassfish/jaxb/jaxb-core/2.3.0.1/jaxb-core-2.3.0.1.jar:/home/runner/.m2/repository/org/glassfish/jaxb/txw2/2.3.0.1/txw2-2.3.0.1.jar:/home/runner/.m2/repository/com/sun/istack/istack-commons-runtime/3.0.5/istack-commons-runtime-3.0.5.jar:/home/runner/.m2/repository/org/jvnet/staxex/stax-ex/1.7.8/stax-ex-1.7.8.jar:/home/runner/.m2/repository/com/sun/xml/fastinfoset/FastInfoset/1.2.13/FastInfoset-1.2.13.jar:/home/runner/.m2/repository/javax/activation/activation/1.1.1/activation-1.1.1.jar:/home/runner/.m2/repository/org/apache/ozone/ozone-csi/1.2.0-SNAPSHOT/ozone-csi-1.2.0-SNAPSHOT.jar:/home/runner/.m2/repository/com/google/protobuf/protobuf-java-util/3.12.0/protobuf-java-util-3.12.0.jar:/home/runner/.m2/repository/com/google/code/gson/gson/2.2.4/gson-2.2.4.jar:/home/runner/.m2/repository/org/apache/ozone/hdds-config/1.2.0-SNAPSHOT/hdds-config-1.2.0-SNAPSHOT.jar:/home/runner/.m2/repository/io/grpc/grpc-netty/1.33.0/grpc-netty-1.33.0.jar:/home/runner/.m2/repository/io/grpc/grpc-core/1.33.0/grpc-core-1.33.0.jar:/home/runner/.m2/repository/com/google/android/annotations/4.1.1.4/annotations-4.1.1.4.jar:/home/runner/.m2/repository/io/netty/netty-codec-http2/4.1.63.Final/netty-codec-http2-4.1.63.Final.jar:/home/runner/.m2/repository/io/netty/netty-codec-http/4.1.63.Final/netty-codec-http-4.1.63.Final.jar:/home/runner/.m2/repository/io/netty/netty-handler-proxy/4.1.63.Final/netty-handler-proxy-4.1.63.Final.jar:/home/runner/.m2/repository/io/netty/netty-codec-socks/4.1.63.Final/netty-codec-socks-4.1.63.Final.jar:/home/runner/.m2/repository/io/perfmark/perfmark-api/0.19.0/perfmark-api-0.19.0.jar:/home/runner/.m2/repository/org/codehaus/mojo/animal-sniffer-annotations/1.18/animal-sniffer-annotations-1.18.jar:/home/runner/.m2/repository/io/netty/netty-transport-native-epoll/4.1.63.Final/netty-transport-native-epoll-4.1.63.Final.jar:/home/runner/.m2/repository/io/netty/netty-common/4.1.63.Final/netty-common-4.1.63.Final.jar:/home/runner/.m2/repository/io/netty/netty-buffer/4.1.63.Final/netty-buffer-4.1.63.Final.jar:/home/runner/.m2/repository/io/netty/netty-transport-native-unix-common/4.1.63.Final/netty-transport-native-unix-common-4.1.63.Final.jar:/home/runner/.m2/repository/io/grpc/grpc-protobuf/1.33.0/grpc-protobuf-1.33.0.jar:/home/runner/.m2/repository/io/grpc/grpc-api/1.33.0/grpc-api-1.33.0.jar:/home/runner/.m2/repository/io/grpc/grpc-context/1.33.0/grpc-context-1.33.0.jar:/home/runner/.m2/repository/com/google/api/grpc/proto-google-common-protos/1.17.0/proto-google-common-protos-1.17.0.jar:/home/runner/.m2/repository/io/grpc/grpc-protobuf-lite/1.33.0/grpc-protobuf-lite-1.33.0.jar:/home/runner/.m2/repository/io/grpc/grpc-stub/1.33.0/grpc-stub-1.33.0.jar:/home/runner/.m2/repository/org/apache/ozone/ozone-recon/1.2.0-SNAPSHOT/ozone-recon-1.2.0-SNAPSHOT.jar:/home/runner/.m2/repository/org/apache/ozone/ozone-reconcodegen/1.2.0-SNAPSHOT/ozone-reconcodegen-1.2.0-SNAPSHOT.jar:/home/runner/.m2/repository/com/google/inject/extensions/guice-multibindings/4.0/guice-multibindings-4.0.jar:/home/runner/.m2/repository/com/google/inject/guice/4.0/guice-4.0.jar:/home/runner/.m2/repository/aopalliance/aopalliance/1.0/aopalliance-1.0.jar:/home/runner/.m2/repository/com/google/inject/extensions/guice-assistedinject/4.0/guice-assistedinject-4.0.jar:/home/runner/.m2/repository/com/google/inject/extensions/guice-servlet/4.0/guice-servlet-4.0.jar:/home/runner/.m2/repository/org/glassfish/jersey/containers/jersey-container-servlet/2.33/jersey-container-servlet-2.33.jar:/home/runner/.m2/repository/org/glassfish/hk2/guice-bridge/2.5.0/guice-bridge-2.5.0.jar:/home/runner/.m2/repository/org/glassfish/jersey/core/jersey-server/2.33/jersey-server-2.33.jar:/home/runner/.m2/repository/org/glassfish/jersey/core/jersey-client/2.33/jersey-client-2.33.jar:/home/runner/.m2/repository/jakarta/annotation/jakarta.annotation-api/1.3.5/jakarta.annotation-api-1.3.5.jar:/home/runner/.m2/repository/jakarta/validation/jakarta.validation-api/2.0.2/jakarta.validation-api-2.0.2.jar:/home/runner/.m2/repository/org/glassfish/jersey/media/jersey-media-json-jackson/2.33/jersey-media-json-jackson-2.33.jar:/home/runner/.m2/repository/org/glassfish/jersey/ext/jersey-entity-filtering/2.33/jersey-entity-filtering-2.33.jar:/home/runner/.m2/repository/org/jooq/jooq/3.11.10/jooq-3.11.10.jar:/home/runner/.m2/repository/org/jooq/jooq-meta/3.11.10/jooq-meta-3.11.10.jar:/home/runner/.m2/repository/org/jooq/jooq-codegen/3.11.10/jooq-codegen-3.11.10.jar:/home/runner/.m2/repository/com/jolbox/bonecp/0.8.0.RELEASE/bonecp-0.8.0.RELEASE.jar:/home/runner/.m2/repository/org/apache/derby/derby/10.14.2.0/derby-10.14.2.0.jar:/home/runner/.m2/repository/org/xerial/sqlite-jdbc/3.25.2/sqlite-jdbc-3.25.2.jar:/home/runner/.m2/repository/org/springframework/spring-jdbc/5.2.11.RELEASE/spring-jdbc-5.2.11.RELEASE.jar:/home/runner/.m2/repository/org/springframework/spring-beans/5.2.11.RELEASE/spring-beans-5.2.11.RELEASE.jar:/home/runner/.m2/repository/org/springframework/spring-core/5.2.11.RELEASE/spring-core-5.2.11.RELEASE.jar:/home/runner/.m2/repository/org/springframework/spring-jcl/5.2.11.RELEASE/spring-jcl-5.2.11.RELEASE.jar:/home/runner/.m2/repository/org/springframework/spring-tx/5.2.11.RELEASE/spring-tx-5.2.11.RELEASE.jar:/home/runner/.m2/repository/org/apache/ozone/ozone-client/1.2.0-SNAPSHOT/ozone-client-1.2.0-SNAPSHOT.jar:/home/runner/.m2/repository/org/apache/ozone/ozone-filesystem/1.2.0-SNAPSHOT/ozone-filesystem-1.2.0-SNAPSHOT.jar:/home/runner/.m2/repository/org/apache/ozone/ozone-filesystem-common/1.2.0-SNAPSHOT/ozone-filesystem-common-1.2.0-SNAPSHOT.jar:/home/runner/.m2/repository/org/apache/ozone/ozone-tools/1.2.0-SNAPSHOT/ozone-tools-1.2.0-SNAPSHOT.jar:/home/runner/.m2/repository/org/apache/ratis/ratis-tools/2.1.0-ff8aa66-SNAPSHOT/ratis-tools-2.1.0-ff8aa66-SNAPSHOT.jar:/home/runner/.m2/repository/org/apache/ratis/ratis-proto/2.1.0-ff8aa66-SNAPSHOT/ratis-proto-2.1.0-ff8aa66-SNAPSHOT.jar:/home/runner/.m2/repository/org/apache/ratis/ratis-common/2.1.0-ff8aa66-SNAPSHOT/ratis-common-2.1.0-ff8aa66-SNAPSHOT.jar:/home/runner/.m2/repository/com/amazonaws/aws-java-sdk-core/1.11.901/aws-java-sdk-core-1.11.901.jar:/home/runner/.m2/repository/org/apache/httpcomponents/httpclient/4.5.13/httpclient-4.5.13.jar:/home/runner/.m2/repository/org/apache/httpcomponents/httpcore/4.4.13/httpcore-4.4.13.jar:/home/runner/.m2/repository/software/amazon/ion/ion-java/1.0.2/ion-java-1.0.2.jar:/home/runner/.m2/repository/com/fasterxml/jackson/dataformat/jackson-dataformat-cbor/2.12.1/jackson-dataformat-cbor-2.12.1.jar:/home/runner/.m2/repository/joda-time/joda-time/2.8.1/joda-time-2.8.1.jar:/home/runner/.m2/repository/com/amazonaws/aws-java-sdk-s3/1.11.901/aws-java-sdk-s3-1.11.901.jar:/home/runner/.m2/repository/com/amazonaws/aws-java-sdk-kms/1.11.901/aws-java-sdk-kms-1.11.901.jar:/home/runner/.m2/repository/com/amazonaws/jmespath-java/1.11.901/jmespath-java-1.11.901.jar:/home/runner/.m2/repository/org/kohsuke/metainf-services/metainf-services/1.8/metainf-services-1.8.jar:/home/runner/.m2/repository/org/apache/ozone/hdds-tools/1.2.0-SNAPSHOT/hdds-tools-1.2.0-SNAPSHOT.jar:/home/runner/.m2/repository/commons-cli/commons-cli/1.2/commons-cli-1.2.jar:/home/runner/.m2/repository/org/apache/commons/commons-lang3/3.7/commons-lang3-3.7.jar:/home/runner/.m2/repository/org/apache/ozone/ozone-manager/1.2.0-SNAPSHOT/ozone-manager-1.2.0-SNAPSHOT-tests.jar:/home/runner/.m2/repository/org/apache/ozone/hdds-common/1.2.0-SNAPSHOT/hdds-common-1.2.0-SNAPSHOT-tests.jar:/home/runner/.m2/repository/org/apache/ozone/hdds-hadoop-dependency-client/1.2.0-SNAPSHOT/hdds-hadoop-dependency-client-1.2.0-SNAPSHOT.jar:/home/runner/.m2/repository/info/picocli/picocli/4.4.0/picocli-4.4.0.jar:/home/runner/.m2/repository/com/fasterxml/jackson/core/jackson-annotations/2.12.1/jackson-annotations-2.12.1.jar:/home/runner/.m2/repository/javax/annotation/javax.annotation-api/1.2/javax.annotation-api-1.2.jar:/home/runner/.m2/repository/org/apache/ratis/ratis-server/2.1.0-ff8aa66-SNAPSHOT/ratis-server-2.1.0-ff8aa66-SNAPSHOT.jar:/home/runner/.m2/repository/org/apache/ratis/ratis-client/2.1.0-ff8aa66-SNAPSHOT/ratis-client-2.1.0-ff8aa66-SNAPSHOT.jar:/home/runner/.m2/repository/org/apache/ratis/ratis-server-api/2.1.0-ff8aa66-SNAPSHOT/ratis-server-api-2.1.0-ff8aa66-SNAPSHOT.jar:/home/runner/.m2/repository/org/apache/ratis/ratis-metrics/2.1.0-ff8aa66-SNAPSHOT/ratis-metrics-2.1.0-ff8aa66-SNAPSHOT.jar:/home/runner/.m2/repository/org/apache/ratis/ratis-netty/2.1.0-ff8aa66-SNAPSHOT/ratis-netty-2.1.0-ff8aa66-SNAPSHOT.jar:/home/runner/.m2/repository/org/apache/ratis/ratis-grpc/2.1.0-ff8aa66-SNAPSHOT/ratis-grpc-2.1.0-ff8aa66-SNAPSHOT.jar:/home/runner/.m2/repository/org/apache/logging/log4j/log4j-api/2.13.3/log4j-api-2.13.3.jar:/home/runner/.m2/repository/org/apache/logging/log4j/log4j-core/2.13.3/log4j-core-2.13.3.jar:/home/runner/.m2/repository/com/lmax/disruptor/3.4.2/disruptor-3.4.2.jar:/home/runner/.m2/repository/org/apache/commons/commons-pool2/2.6.0/commons-pool2-2.6.0.jar:/home/runner/.m2/repository/org/bouncycastle/bcpkix-jdk15on/1.67/bcpkix-jdk15on-1.67.jar:/home/runner/.m2/repository/commons-validator/commons-validator/1.6/commons-validator-1.6.jar:/home/runner/.m2/repository/commons-beanutils/commons-beanutils/1.9.4/commons-beanutils-1.9.4.jar:/home/runner/.m2/repository/commons-digester/commons-digester/1.8.1/commons-digester-1.8.1.jar:/home/runner/.m2/repository/commons-collections/commons-collections/3.2.2/commons-collections-3.2.2.jar:/home/runner/.m2/repository/io/jaegertracing/jaeger-client/1.6.0/jaeger-client-1.6.0.jar:/home/runner/.m2/repository/io/jaegertracing/jaeger-thrift/1.6.0/jaeger-thrift-1.6.0.jar:/home/runner/.m2/repository/org/apache/thrift/libthrift/0.14.1/libthrift-0.14.1.jar:/home/runner/.m2/repository/com/squareup/okhttp3/okhttp/4.9.0/okhttp-4.9.0.jar:/home/runner/.m2/repository/com/squareup/okio/okio/2.8.0/okio-2.8.0.jar:/home/runner/.m2/repository/io/jaegertracing/jaeger-core/1.6.0/jaeger-core-1.6.0.jar:/home/runner/.m2/repository/io/jaegertracing/jaeger-tracerresolver/1.6.0/jaeger-tracerresolver-1.6.0.jar:/home/runner/.m2/repository/io/opentracing/contrib/opentracing-tracerresolver/0.1.8/opentracing-tracerresolver-0.1.8.jar:/home/runner/.m2/repository/org/jetbrains/kotlin/kotlin-stdlib/1.4.31/kotlin-stdlib-1.4.31.jar:/home/runner/.m2/repository/org/jetbrains/kotlin/kotlin-stdlib-common/1.4.31/kotlin-stdlib-common-1.4.31.jar:/home/runner/.m2/repository/org/jetbrains/annotations/13.0/annotations-13.0.jar:/home/runner/.m2/repository/io/opentracing/opentracing-util/0.33.0/opentracing-util-0.33.0.jar:/home/runner/.m2/repository/io/opentracing/opentracing-api/0.33.0/opentracing-api-0.33.0.jar:/home/runner/.m2/repository/io/opentracing/opentracing-noop/0.33.0/opentracing-noop-0.33.0.jar:/home/runner/.m2/repository/org/yaml/snakeyaml/1.26/snakeyaml-1.26.jar:/home/runner/.m2/repository/org/apache/ozone/hdds-interface-admin/1.2.0-SNAPSHOT/hdds-interface-admin-1.2.0-SNAPSHOT.jar:/home/runner/.m2/repository/junit/junit/4.13.1/junit-4.13.1.jar:/home/runner/.m2/repository/org/hamcrest/hamcrest-core/1.3/hamcrest-core-1.3.jar:/home/runner/.m2/repository/org/junit/jupiter/junit-jupiter-api/5.7.0/junit-jupiter-api-5.7.0.jar:/home/runner/.m2/repository/org/apiguardian/apiguardian-api/1.1.0/apiguardian-api-1.1.0.jar:/home/runner/.m2/repository/org/opentest4j/opentest4j/1.2.0/opentest4j-1.2.0.jar:/home/runner/.m2/repository/org/junit/platform/junit-platform-commons/1.7.0/junit-platform-commons-1.7.0.jar:/home/runner/.m2/repository/org/junit/jupiter/junit-jupiter-engine/5.7.0/junit-jupiter-engine-5.7.0.jar:/home/runner/.m2/repository/org/junit/platform/junit-platform-engine/1.7.0/junit-platform-engine-1.7.0.jar:/home/runner/.m2/repository/org/junit/vintage/junit-vintage-engine/5.7.0/junit-vintage-engine-5.7.0.jar:/home/runner/.m2/repository/org/junit/platform/junit-platform-launcher/1.7.0/junit-platform-launcher-1.7.0.jar:/home/runner/.m2/repository/org/openjdk/jmh/jmh-core/1.19/jmh-core-1.19.jar:/home/runner/.m2/repository/net/sf/jopt-simple/jopt-simple/4.6/jopt-simple-4.6.jar:/home/runner/.m2/repository/org/apache/commons/commons-math3/3.1.1/commons-math3-3.1.1.jar:/home/runner/.m2/repository/org/openjdk/jmh/jmh-generator-annprocess/1.19/jmh-generator-annprocess-1.19.jar:/home/runner/.m2/repository/org/mockito/mockito-core/2.28.2/mockito-core-2.28.2.jar:/home/runner/.m2/repository/net/bytebuddy/byte-buddy/1.9.10/byte-buddy-1.9.10.jar:/home/runner/.m2/repository/net/bytebuddy/byte-buddy-agent/1.9.10/byte-buddy-agent-1.9.10.jar:/home/runner/.m2/repository/org/objenesis/objenesis/1.0/objenesis-1.0.jar:/home/runner/.m2/repository/org/apache/hadoop/hadoop-kms/3.3.1/hadoop-kms-3.3.1.jar:/home/runner/.m2/repository/org/apache/hadoop/hadoop-auth/3.3.1/hadoop-auth-3.3.1.jar:/home/runner/.m2/repository/com/nimbusds/nimbus-jose-jwt/7.9/nimbus-jose-jwt-7.9.jar:/home/runner/.m2/repository/com/github/stephenc/jcip/jcip-annotations/1.0-1/jcip-annotations-1.0-1.jar:/home/runner/.m2/repository/net/minidev/json-smart/2.3/json-smart-2.3.jar:/home/runner/.m2/repository/net/minidev/accessors-smart/1.2/accessors-smart-1.2.jar:/home/runner/.m2/repository/org/ow2/asm/asm/5.0.4/asm-5.0.4.jar:/home/runner/.m2/repository/org/apache/zookeeper/zookeeper/3.5.6/zookeeper-3.5.6.jar:/home/runner/.m2/repository/org/apache/zookeeper/zookeeper-jute/3.5.6/zookeeper-jute-3.5.6.jar:/home/runner/.m2/repository/org/apache/yetus/audience-annotations/0.5.0/audience-annotations-0.5.0.jar:/home/runner/.m2/repository/org/apache/curator/curator-framework/4.2.0/curator-framework-4.2.0.jar:/home/runner/.m2/repository/org/apache/hadoop/thirdparty/hadoop-shaded-guava/1.1.1/hadoop-shaded-guava-1.1.1.jar:/home/runner/.m2/repository/com/sun/jersey/jersey-core/1.19/jersey-core-1.19.jar:/home/runner/.m2/repository/javax/ws/rs/jsr311-api/1.1.1/jsr311-api-1.1.1.jar:/home/runner/.m2/repository/com/sun/jersey/jersey-server/1.19/jersey-server-1.19.jar:/home/runner/.m2/repository/javax/servlet/javax.servlet-api/3.1.0/javax.servlet-api-3.1.0.jar:/home/runner/.m2/repository/org/eclipse/jetty/jetty-server/9.4.35.v20201120/jetty-server-9.4.35.v20201120.jar:/home/runner/.m2/repository/org/eclipse/jetty/jetty-http/9.4.35.v20201120/jetty-http-9.4.35.v20201120.jar:/home/runner/.m2/repository/org/eclipse/jetty/jetty-io/9.4.35.v20201120/jetty-io-9.4.35.v20201120.jar:/home/runner/.m2/repository/org/eclipse/jetty/jetty-webapp/9.4.35.v20201120/jetty-webapp-9.4.35.v20201120.jar:/home/runner/.m2/repository/org/eclipse/jetty/jetty-xml/9.4.35.v20201120/jetty-xml-9.4.35.v20201120.jar:/home/runner/.m2/repository/org/apache/hadoop/hadoop-common/3.3.1/hadoop-common-3.3.1.jar:/home/runner/.m2/repository/org/apache/hadoop/thirdparty/hadoop-shaded-protobuf_3_7/1.1.1/hadoop-shaded-protobuf_3_7-1.1.1.jar:/home/runner/.m2/repository/commons-net/commons-net/3.6/commons-net-3.6.jar:/home/runner/.m2/repository/jakarta/activation/jakarta.activation-api/1.2.1/jakarta.activation-api-1.2.1.jar:/home/runner/.m2/repository/com/sun/jersey/jersey-servlet/1.19/jersey-servlet-1.19.jar:/home/runner/.m2/repository/com/sun/jersey/jersey-json/1.19/jersey-json-1.19.jar:/home/runner/.m2/repository/org/codehaus/jettison/jettison/1.1/jettison-1.1.jar:/home/runner/.m2/repository/com/sun/xml/bind/jaxb-impl/2.2.3-1/jaxb-impl-2.2.3-1.jar:/home/runner/.m2/repository/org/codehaus/jackson/jackson-jaxrs/1.9.2/jackson-jaxrs-1.9.2.jar:/home/runner/.m2/repository/org/codehaus/jackson/jackson-xc/1.9.2/jackson-xc-1.9.2.jar:/home/runner/.m2/repository/org/apache/commons/commons-configuration2/2.1.1/commons-configuration2-2.1.1.jar:/home/runner/.m2/repository/org/apache/commons/commons-text/1.4/commons-text-1.4.jar:/home/runner/.m2/repository/com/google/re2j/re2j/1.1/re2j-1.1.jar:/home/runner/.m2/repository/com/jcraft/jsch/0.1.54/jsch-0.1.54.jar:/home/runner/.m2/repository/org/apache/curator/curator-client/4.2.0/curator-client-4.2.0.jar:/home/runner/.m2/repository/org/apache/curator/curator-recipes/4.2.0/curator-recipes-4.2.0.jar:/home/runner/.m2/repository/org/apache/kerby/kerb-core/1.0.1/kerb-core-1.0.1.jar:/home/runner/.m2/repository/org/apache/kerby/kerby-pkix/1.0.1/kerby-pkix-1.0.1.jar:/home/runner/.m2/repository/org/apache/kerby/kerby-asn1/1.0.1/kerby-asn1-1.0.1.jar:/home/runner/.m2/repository/org/apache/kerby/kerby-util/1.0.1/kerby-util-1.0.1.jar:/home/runner/.m2/repository/dnsjava/dnsjava/2.1.7/dnsjava-2.1.7.jar:/home/runner/.m2/repository/org/xerial/snappy/snappy-java/1.1.8.2/snappy-java-1.1.8.2.jar:/home/runner/.m2/repository/org/slf4j/jul-to-slf4j/1.7.30/jul-to-slf4j-1.7.30.jar:/home/runner/.m2/repository/org/eclipse/jetty/jetty-util/9.4.35.v20201120/jetty-util-9.4.35.v20201120.jar:/home/runner/.m2/repository/com/fasterxml/jackson/core/jackson-databind/2.12.1/jackson-databind-2.12.1.jar:/home/runner/.m2/repository/org/apache/hadoop/hadoop-kms/3.3.1/hadoop-kms-3.3.1-tests.jar:/home/runner/.m2/repository/org/apache/ozone/hdds-server-scm/1.2.0-SNAPSHOT/hdds-server-scm-1.2.0-SNAPSHOT-tests.jar:/home/runner/.m2/repository/org/apache/ozone/hdds-container-service/1.2.0-SNAPSHOT/hdds-container-service-1.2.0-SNAPSHOT-tests.jar:/home/runner/.m2/repository/commons-codec/commons-codec/1.11/commons-codec-1.11.jar:/home/runner/.m2/repository/io/netty/netty-transport/4.1.63.Final/netty-transport-4.1.63.Final.jar:/home/runner/.m2/repository/io/netty/netty-resolver/4.1.63.Final/netty-resolver-4.1.63.Final.jar:/home/runner/.m2/repository/io/netty/netty-codec/4.1.63.Final/netty-codec-4.1.63.Final.jar:/home/runner/.m2/repository/io/netty/netty-handler/4.1.63.Final/netty-handler-4.1.63.Final.jar:/home/runner/.m2/repository/org/apache/ozone/hdds-hadoop-dependency-test/1.2.0-SNAPSHOT/hdds-hadoop-dependency-test-1.2.0-SNAPSHOT.jar:/home/runner/.m2/repository/org/apache/hadoop/hadoop-common/3.3.1/hadoop-common-3.3.1-tests.jar:/home/runner/.m2/repository/org/assertj/assertj-core/3.12.2/assertj-core-3.12.2.jar:/home/runner/.m2/repository/org/apache/hadoop/hadoop-hdfs/3.3.1/hadoop-hdfs-3.3.1-tests.jar:/home/runner/.m2/repository/org/eclipse/jetty/jetty-util-ajax/9.4.35.v20201120/jetty-util-ajax-9.4.35.v20201120.jar:/home/runner/.m2/repository/commons-daemon/commons-daemon/1.0.13/commons-daemon-1.0.13.jar:/home/runner/.m2/repository/io/netty/netty/3.10.6.Final/netty-3.10.6.Final.jar:/home/runner/.m2/repository/io/netty/netty-all/4.1.63.Final/netty-all-4.1.63.Final.jar:/home/runner/.m2/repository/org/apache/htrace/htrace-core4/4.1.0-incubating/htrace-core4-4.1.0-incubating.jar:/home/runner/.m2/repository/org/fusesource/leveldbjni/leveldbjni-all/1.8/leveldbjni-all-1.8.jar:/home/runner/.m2/repository/org/apache/hadoop/hadoop-distcp/3.3.1/hadoop-distcp-3.3.1.jar:/home/runner/.m2/repository/org/apache/hadoop/hadoop-mapreduce-client-jobclient/3.3.1/hadoop-mapreduce-client-jobclient-3.3.1.jar:/home/runner/.m2/repository/org/apache/hadoop/hadoop-mapreduce-client-common/3.3.1/hadoop-mapreduce-client-common-3.3.1.jar:/home/runner/.m2/repository/org/apache/hadoop/hadoop-yarn-common/3.3.1/hadoop-yarn-common-3.3.1.jar:/home/runner/.m2/repository/org/apache/hadoop/hadoop-yarn-api/3.3.1/hadoop-yarn-api-3.3.1.jar:/home/runner/.m2/repository/com/sun/jersey/jersey-client/1.19/jersey-client-1.19.jar:/home/runner/.m2/repository/com/sun/jersey/contribs/jersey-guice/1.19/jersey-guice-1.19.jar:/home/runner/.m2/repository/com/fasterxml/jackson/jaxrs/jackson-jaxrs-json-provider/2.12.1/jackson-jaxrs-json-provider-2.12.1.jar:/home/runner/.m2/repository/com/fasterxml/jackson/jaxrs/jackson-jaxrs-base/2.12.1/jackson-jaxrs-base-2.12.1.jar:/home/runner/.m2/repository/org/apache/hadoop/hadoop-yarn-client/3.3.1/hadoop-yarn-client-3.3.1.jar:/home/runner/.m2/repository/org/eclipse/jetty/websocket/websocket-client/9.4.40.v20210413/websocket-client-9.4.40.v20210413.jar:/home/runner/.m2/repository/org/eclipse/jetty/jetty-client/9.4.40.v20210413/jetty-client-9.4.40.v20210413.jar:/home/runner/.m2/repository/org/eclipse/jetty/websocket/websocket-common/9.4.40.v20210413/websocket-common-9.4.40.v20210413.jar:/home/runner/.m2/repository/org/eclipse/jetty/websocket/websocket-api/9.4.40.v20210413/websocket-api-9.4.40.v20210413.jar:/home/runner/.m2/repository/org/jline/jline/3.9.0/jline-3.9.0.jar:/home/runner/.m2/repository/org/apache/hadoop/hadoop-mapreduce-client-core/3.3.1/hadoop-mapreduce-client-core-3.3.1.jar:/home/runner/.m2/repository/org/apache/avro/avro/1.7.7/avro-1.7.7.jar:/home/runner/.m2/repository/org/codehaus/jackson/jackson-core-asl/1.9.13/jackson-core-asl-1.9.13.jar:/home/runner/.m2/repository/org/codehaus/jackson/jackson-mapper-asl/1.9.13/jackson-mapper-asl-1.9.13.jar:/home/runner/.m2/repository/com/thoughtworks/paranamer/paranamer/2.3/paranamer-2.3.jar:/home/runner/.m2/repository/org/apache/hadoop/hadoop-annotations/3.3.1/hadoop-annotations-3.3.1.jar:/usr/lib/jvm/adoptopenjdk-8-hotspot-amd64/jre/../lib/tools.jar:/home/runner/.m2/repository/org/apache/hadoop/hadoop-distcp/3.3.1/hadoop-distcp-3.3.1-tests.jar:"/>
    <property name="java.vm.vendor" value="AdoptOpenJDK"/>
    <property name="sun.arch.data.model" value="64"/>
    <property name="test.build.dir" value="/home/runner/work/ozone/ozone/mnt/ozone/hadoop-ozone/integration-test/target/test-dir"/>
    <property name="test.cache.data" value=""/>
    <property name="java.vendor.url" value="https://adoptopenjdk.net/"/>
    <property name="user.timezone" value=""/>
    <property name="java.vm.specification.version" value="1.8"/>
    <property name="os.name" value="Linux"/>
    <property name="test.build.data" value="/home/runner/work/ozone/ozone/mnt/ozone/hadoop-ozone/integration-test/target/test-dir"/>
    <property name="sun.java.launcher" value="SUN_STANDARD"/>
    <property name="sun.boot.library.path" value="/usr/lib/jvm/adoptopenjdk-8-hotspot-amd64/jre/lib/amd64"/>
    <property name="sun.java.command" value="/home/runner/work/ozone/ozone/mnt/ozone/hadoop-ozone/integration-test/target/surefire/surefirebooter2616195097104941694.jar /home/runner/work/ozone/ozone/mnt/ozone/hadoop-ozone/integration-test/target/surefire 2021-07-15T14-39-26_020-jvmRun1 surefire8929885297940099126tmp surefire_176057596360233198354tmp"/>
    <property name="surefire.test.class.path" value="/home/runner/work/ozone/ozone/mnt/ozone/hadoop-ozone/integration-test/target/test-classes:/home/runner/work/ozone/ozone/mnt/ozone/hadoop-ozone/integration-test/target/classes:/home/runner/.m2/repository/org/apache/ozone/ozone-common/1.2.0-SNAPSHOT/ozone-common-1.2.0-SNAPSHOT.jar:/home/runner/.m2/repository/org/apache/commons/commons-compress/1.20/commons-compress-1.20.jar:/home/runner/.m2/repository/org/apache/ozone/hdds-common/1.2.0-SNAPSHOT/hdds-common-1.2.0-SNAPSHOT.jar:/home/runner/.m2/repository/org/apache/ozone/hdds-client/1.2.0-SNAPSHOT/hdds-client-1.2.0-SNAPSHOT.jar:/home/runner/.m2/repository/org/apache/ozone/ozone-interface-client/1.2.0-SNAPSHOT/ozone-interface-client-1.2.0-SNAPSHOT.jar:/home/runner/.m2/repository/org/apache/ozone/hdds-test-utils/1.2.0-SNAPSHOT/hdds-test-utils-1.2.0-SNAPSHOT.jar:/home/runner/.m2/repository/com/google/guava/guava/30.1.1-jre/guava-30.1.1-jre.jar:/home/runner/.m2/repository/com/google/guava/failureaccess/1.0.1/failureaccess-1.0.1.jar:/home/runner/.m2/repository/com/google/guava/listenablefuture/9999.0-empty-to-avoid-conflict-with-guava/listenablefuture-9999.0-empty-to-avoid-conflict-with-guava.jar:/home/runner/.m2/repository/com/google/code/findbugs/jsr305/3.0.0/jsr305-3.0.0.jar:/home/runner/.m2/repository/org/checkerframework/checker-qual/3.8.0/checker-qual-3.8.0.jar:/home/runner/.m2/repository/com/google/errorprone/error_prone_annotations/2.2.0/error_prone_annotations-2.2.0.jar:/home/runner/.m2/repository/com/google/j2objc/j2objc-annotations/1.3/j2objc-annotations-1.3.jar:/home/runner/.m2/repository/commons-io/commons-io/2.8.0/commons-io-2.8.0.jar:/home/runner/.m2/repository/commons-logging/commons-logging/1.2/commons-logging-1.2.jar:/home/runner/.m2/repository/log4j/log4j/1.2.17/log4j-1.2.17.jar:/home/runner/.m2/repository/org/slf4j/slf4j-api/1.7.30/slf4j-api-1.7.30.jar:/home/runner/.m2/repository/org/apache/ozone/hdds-server-scm/1.2.0-SNAPSHOT/hdds-server-scm-1.2.0-SNAPSHOT.jar:/home/runner/.m2/repository/org/apache/ozone/hdds-container-service/1.2.0-SNAPSHOT/hdds-container-service-1.2.0-SNAPSHOT.jar:/home/runner/.m2/repository/org/apache/ozone/hdds-hadoop-dependency-server/1.2.0-SNAPSHOT/hdds-hadoop-dependency-server-1.2.0-SNAPSHOT.jar:/home/runner/.m2/repository/org/apache/hadoop/hadoop-hdfs/3.3.1/hadoop-hdfs-3.3.1.jar:/home/runner/.m2/repository/org/apache/ozone/hdds-server-framework/1.2.0-SNAPSHOT/hdds-server-framework-1.2.0-SNAPSHOT.jar:/home/runner/.m2/repository/org/apache/ozone/hdds-interface-server/1.2.0-SNAPSHOT/hdds-interface-server-1.2.0-SNAPSHOT.jar:/home/runner/.m2/repository/org/eclipse/jetty/jetty-servlet/9.4.35.v20201120/jetty-servlet-9.4.35.v20201120.jar:/home/runner/.m2/repository/org/eclipse/jetty/jetty-security/9.4.35.v20201120/jetty-security-9.4.35.v20201120.jar:/home/runner/.m2/repository/org/rocksdb/rocksdbjni/6.20.3/rocksdbjni-6.20.3.jar:/home/runner/.m2/repository/io/prometheus/simpleclient_dropwizard/0.7.0/simpleclient_dropwizard-0.7.0.jar:/home/runner/.m2/repository/io/prometheus/simpleclient/0.7.0/simpleclient-0.7.0.jar:/home/runner/.m2/repository/io/prometheus/simpleclient_common/0.7.0/simpleclient_common-0.7.0.jar:/home/runner/.m2/repository/com/fasterxml/jackson/datatype/jackson-datatype-jsr310/2.12.1/jackson-datatype-jsr310-2.12.1.jar:/home/runner/.m2/repository/io/dropwizard/metrics/metrics-core/3.2.4/metrics-core-3.2.4.jar:/home/runner/.m2/repository/org/apache/hadoop/hadoop-hdfs-client/3.3.1/hadoop-hdfs-client-3.3.1.jar:/home/runner/.m2/repository/org/bouncycastle/bcprov-jdk15on/1.67/bcprov-jdk15on-1.67.jar:/home/runner/.m2/repository/com/google/protobuf/protobuf-java/2.5.0/protobuf-java-2.5.0.jar:/home/runner/.m2/repository/org/apache/ozone/ozone-manager/1.2.0-SNAPSHOT/ozone-manager-1.2.0-SNAPSHOT.jar:/home/runner/.m2/repository/org/aspectj/aspectjrt/1.8.9/aspectjrt-1.8.9.jar:/home/runner/.m2/repository/org/aspectj/aspectjweaver/1.8.9/aspectjweaver-1.8.9.jar:/home/runner/.m2/repository/org/apache/ozone/hdds-interface-client/1.2.0-SNAPSHOT/hdds-interface-client-1.2.0-SNAPSHOT.jar:/home/runner/.m2/repository/org/apache/ratis/ratis-thirdparty-misc/0.7.0-a398b19-SNAPSHOT/ratis-thirdparty-misc-0.7.0-a398b19-SNAPSHOT.jar:/home/runner/.m2/repository/org/apache/ozone/ozone-interface-storage/1.2.0-SNAPSHOT/ozone-interface-storage-1.2.0-SNAPSHOT.jar:/home/runner/.m2/repository/org/reflections/reflections/0.9.11/reflections-0.9.11.jar:/home/runner/.m2/repository/org/apache/hadoop/hadoop-minikdc/3.3.1/hadoop-minikdc-3.3.1.jar:/home/runner/.m2/repository/org/apache/kerby/kerb-simplekdc/1.0.1/kerb-simplekdc-1.0.1.jar:/home/runner/.m2/repository/org/apache/kerby/kerb-client/1.0.1/kerb-client-1.0.1.jar:/home/runner/.m2/repository/org/apache/kerby/kerby-config/1.0.1/kerby-config-1.0.1.jar:/home/runner/.m2/repository/org/apache/kerby/kerb-common/1.0.1/kerb-common-1.0.1.jar:/home/runner/.m2/repository/org/apache/kerby/kerb-crypto/1.0.1/kerb-crypto-1.0.1.jar:/home/runner/.m2/repository/org/apache/kerby/kerb-util/1.0.1/kerb-util-1.0.1.jar:/home/runner/.m2/repository/org/apache/kerby/token-provider/1.0.1/token-provider-1.0.1.jar:/home/runner/.m2/repository/org/apache/kerby/kerb-admin/1.0.1/kerb-admin-1.0.1.jar:/home/runner/.m2/repository/org/apache/kerby/kerb-server/1.0.1/kerb-server-1.0.1.jar:/home/runner/.m2/repository/org/apache/kerby/kerb-identity/1.0.1/kerb-identity-1.0.1.jar:/home/runner/.m2/repository/org/apache/kerby/kerby-xdr/1.0.1/kerby-xdr-1.0.1.jar:/home/runner/.m2/repository/org/slf4j/slf4j-log4j12/1.7.30/slf4j-log4j12-1.7.30.jar:/home/runner/.m2/repository/org/apache/ozone/ozone-s3gateway/1.2.0-SNAPSHOT/ozone-s3gateway-1.2.0-SNAPSHOT.jar:/home/runner/.m2/repository/org/javassist/javassist/3.21.0-GA/javassist-3.21.0-GA.jar:/home/runner/.m2/repository/org/jboss/weld/servlet/weld-servlet/2.4.7.Final/weld-servlet-2.4.7.Final.jar:/home/runner/.m2/repository/org/glassfish/jersey/containers/jersey-container-servlet-core/2.33/jersey-container-servlet-core-2.33.jar:/home/runner/.m2/repository/org/glassfish/hk2/external/jakarta.inject/2.6.1/jakarta.inject-2.6.1.jar:/home/runner/.m2/repository/org/glassfish/jersey/core/jersey-common/2.33/jersey-common-2.33.jar:/home/runner/.m2/repository/jakarta/ws/rs/jakarta.ws.rs-api/2.1.6/jakarta.ws.rs-api-2.1.6.jar:/home/runner/.m2/repository/org/glassfish/jersey/ext/cdi/jersey-cdi1x/2.33/jersey-cdi1x-2.33.jar:/home/runner/.m2/repository/org/glassfish/jersey/inject/jersey-hk2/2.33/jersey-hk2-2.33.jar:/home/runner/.m2/repository/org/glassfish/hk2/hk2-locator/2.6.1/hk2-locator-2.6.1.jar:/home/runner/.m2/repository/org/glassfish/jersey/media/jersey-media-jaxb/2.33/jersey-media-jaxb-2.33.jar:/home/runner/.m2/repository/org/glassfish/hk2/osgi-resource-locator/1.0.3/osgi-resource-locator-1.0.3.jar:/home/runner/.m2/repository/org/glassfish/hk2/hk2-api/2.5.0/hk2-api-2.5.0.jar:/home/runner/.m2/repository/org/glassfish/hk2/hk2-utils/2.5.0/hk2-utils-2.5.0.jar:/home/runner/.m2/repository/org/glassfish/hk2/external/aopalliance-repackaged/2.5.0/aopalliance-repackaged-2.5.0.jar:/home/runner/.m2/repository/com/fasterxml/jackson/dataformat/jackson-dataformat-xml/2.12.1/jackson-dataformat-xml-2.12.1.jar:/home/runner/.m2/repository/com/fasterxml/jackson/core/jackson-core/2.12.1/jackson-core-2.12.1.jar:/home/runner/.m2/repository/com/fasterxml/jackson/module/jackson-module-jaxb-annotations/2.12.1/jackson-module-jaxb-annotations-2.12.1.jar:/home/runner/.m2/repository/jakarta/xml/bind/jakarta.xml.bind-api/2.3.2/jakarta.xml.bind-api-2.3.2.jar:/home/runner/.m2/repository/org/codehaus/woodstox/stax2-api/3.1.4/stax2-api-3.1.4.jar:/home/runner/.m2/repository/com/fasterxml/woodstox/woodstox-core/5.0.3/woodstox-core-5.0.3.jar:/home/runner/.m2/repository/javax/enterprise/cdi-api/1.2/cdi-api-1.2.jar:/home/runner/.m2/repository/javax/el/javax.el-api/3.0.0/javax.el-api-3.0.0.jar:/home/runner/.m2/repository/javax/interceptor/javax.interceptor-api/1.2/javax.interceptor-api-1.2.jar:/home/runner/.m2/repository/javax/inject/javax.inject/1/javax.inject-1.jar:/home/runner/.m2/repository/javax/xml/bind/jaxb-api/2.3.0/jaxb-api-2.3.0.jar:/home/runner/.m2/repository/org/glassfish/jaxb/jaxb-runtime/2.3.0.1/jaxb-runtime-2.3.0.1.jar:/home/runner/.m2/repository/org/glassfish/jaxb/jaxb-core/2.3.0.1/jaxb-core-2.3.0.1.jar:/home/runner/.m2/repository/org/glassfish/jaxb/txw2/2.3.0.1/txw2-2.3.0.1.jar:/home/runner/.m2/repository/com/sun/istack/istack-commons-runtime/3.0.5/istack-commons-runtime-3.0.5.jar:/home/runner/.m2/repository/org/jvnet/staxex/stax-ex/1.7.8/stax-ex-1.7.8.jar:/home/runner/.m2/repository/com/sun/xml/fastinfoset/FastInfoset/1.2.13/FastInfoset-1.2.13.jar:/home/runner/.m2/repository/javax/activation/activation/1.1.1/activation-1.1.1.jar:/home/runner/.m2/repository/org/apache/ozone/ozone-csi/1.2.0-SNAPSHOT/ozone-csi-1.2.0-SNAPSHOT.jar:/home/runner/.m2/repository/com/google/protobuf/protobuf-java-util/3.12.0/protobuf-java-util-3.12.0.jar:/home/runner/.m2/repository/com/google/code/gson/gson/2.2.4/gson-2.2.4.jar:/home/runner/.m2/repository/org/apache/ozone/hdds-config/1.2.0-SNAPSHOT/hdds-config-1.2.0-SNAPSHOT.jar:/home/runner/.m2/repository/io/grpc/grpc-netty/1.33.0/grpc-netty-1.33.0.jar:/home/runner/.m2/repository/io/grpc/grpc-core/1.33.0/grpc-core-1.33.0.jar:/home/runner/.m2/repository/com/google/android/annotations/4.1.1.4/annotations-4.1.1.4.jar:/home/runner/.m2/repository/io/netty/netty-codec-http2/4.1.63.Final/netty-codec-http2-4.1.63.Final.jar:/home/runner/.m2/repository/io/netty/netty-codec-http/4.1.63.Final/netty-codec-http-4.1.63.Final.jar:/home/runner/.m2/repository/io/netty/netty-handler-proxy/4.1.63.Final/netty-handler-proxy-4.1.63.Final.jar:/home/runner/.m2/repository/io/netty/netty-codec-socks/4.1.63.Final/netty-codec-socks-4.1.63.Final.jar:/home/runner/.m2/repository/io/perfmark/perfmark-api/0.19.0/perfmark-api-0.19.0.jar:/home/runner/.m2/repository/org/codehaus/mojo/animal-sniffer-annotations/1.18/animal-sniffer-annotations-1.18.jar:/home/runner/.m2/repository/io/netty/netty-transport-native-epoll/4.1.63.Final/netty-transport-native-epoll-4.1.63.Final.jar:/home/runner/.m2/repository/io/netty/netty-common/4.1.63.Final/netty-common-4.1.63.Final.jar:/home/runner/.m2/repository/io/netty/netty-buffer/4.1.63.Final/netty-buffer-4.1.63.Final.jar:/home/runner/.m2/repository/io/netty/netty-transport-native-unix-common/4.1.63.Final/netty-transport-native-unix-common-4.1.63.Final.jar:/home/runner/.m2/repository/io/grpc/grpc-protobuf/1.33.0/grpc-protobuf-1.33.0.jar:/home/runner/.m2/repository/io/grpc/grpc-api/1.33.0/grpc-api-1.33.0.jar:/home/runner/.m2/repository/io/grpc/grpc-context/1.33.0/grpc-context-1.33.0.jar:/home/runner/.m2/repository/com/google/api/grpc/proto-google-common-protos/1.17.0/proto-google-common-protos-1.17.0.jar:/home/runner/.m2/repository/io/grpc/grpc-protobuf-lite/1.33.0/grpc-protobuf-lite-1.33.0.jar:/home/runner/.m2/repository/io/grpc/grpc-stub/1.33.0/grpc-stub-1.33.0.jar:/home/runner/.m2/repository/org/apache/ozone/ozone-recon/1.2.0-SNAPSHOT/ozone-recon-1.2.0-SNAPSHOT.jar:/home/runner/.m2/repository/org/apache/ozone/ozone-reconcodegen/1.2.0-SNAPSHOT/ozone-reconcodegen-1.2.0-SNAPSHOT.jar:/home/runner/.m2/repository/com/google/inject/extensions/guice-multibindings/4.0/guice-multibindings-4.0.jar:/home/runner/.m2/repository/com/google/inject/guice/4.0/guice-4.0.jar:/home/runner/.m2/repository/aopalliance/aopalliance/1.0/aopalliance-1.0.jar:/home/runner/.m2/repository/com/google/inject/extensions/guice-assistedinject/4.0/guice-assistedinject-4.0.jar:/home/runner/.m2/repository/com/google/inject/extensions/guice-servlet/4.0/guice-servlet-4.0.jar:/home/runner/.m2/repository/org/glassfish/jersey/containers/jersey-container-servlet/2.33/jersey-container-servlet-2.33.jar:/home/runner/.m2/repository/org/glassfish/hk2/guice-bridge/2.5.0/guice-bridge-2.5.0.jar:/home/runner/.m2/repository/org/glassfish/jersey/core/jersey-server/2.33/jersey-server-2.33.jar:/home/runner/.m2/repository/org/glassfish/jersey/core/jersey-client/2.33/jersey-client-2.33.jar:/home/runner/.m2/repository/jakarta/annotation/jakarta.annotation-api/1.3.5/jakarta.annotation-api-1.3.5.jar:/home/runner/.m2/repository/jakarta/validation/jakarta.validation-api/2.0.2/jakarta.validation-api-2.0.2.jar:/home/runner/.m2/repository/org/glassfish/jersey/media/jersey-media-json-jackson/2.33/jersey-media-json-jackson-2.33.jar:/home/runner/.m2/repository/org/glassfish/jersey/ext/jersey-entity-filtering/2.33/jersey-entity-filtering-2.33.jar:/home/runner/.m2/repository/org/jooq/jooq/3.11.10/jooq-3.11.10.jar:/home/runner/.m2/repository/org/jooq/jooq-meta/3.11.10/jooq-meta-3.11.10.jar:/home/runner/.m2/repository/org/jooq/jooq-codegen/3.11.10/jooq-codegen-3.11.10.jar:/home/runner/.m2/repository/com/jolbox/bonecp/0.8.0.RELEASE/bonecp-0.8.0.RELEASE.jar:/home/runner/.m2/repository/org/apache/derby/derby/10.14.2.0/derby-10.14.2.0.jar:/home/runner/.m2/repository/org/xerial/sqlite-jdbc/3.25.2/sqlite-jdbc-3.25.2.jar:/home/runner/.m2/repository/org/springframework/spring-jdbc/5.2.11.RELEASE/spring-jdbc-5.2.11.RELEASE.jar:/home/runner/.m2/repository/org/springframework/spring-beans/5.2.11.RELEASE/spring-beans-5.2.11.RELEASE.jar:/home/runner/.m2/repository/org/springframework/spring-core/5.2.11.RELEASE/spring-core-5.2.11.RELEASE.jar:/home/runner/.m2/repository/org/springframework/spring-jcl/5.2.11.RELEASE/spring-jcl-5.2.11.RELEASE.jar:/home/runner/.m2/repository/org/springframework/spring-tx/5.2.11.RELEASE/spring-tx-5.2.11.RELEASE.jar:/home/runner/.m2/repository/org/apache/ozone/ozone-client/1.2.0-SNAPSHOT/ozone-client-1.2.0-SNAPSHOT.jar:/home/runner/.m2/repository/org/apache/ozone/ozone-filesystem/1.2.0-SNAPSHOT/ozone-filesystem-1.2.0-SNAPSHOT.jar:/home/runner/.m2/repository/org/apache/ozone/ozone-filesystem-common/1.2.0-SNAPSHOT/ozone-filesystem-common-1.2.0-SNAPSHOT.jar:/home/runner/.m2/repository/org/apache/ozone/ozone-tools/1.2.0-SNAPSHOT/ozone-tools-1.2.0-SNAPSHOT.jar:/home/runner/.m2/repository/org/apache/ratis/ratis-tools/2.1.0-ff8aa66-SNAPSHOT/ratis-tools-2.1.0-ff8aa66-SNAPSHOT.jar:/home/runner/.m2/repository/org/apache/ratis/ratis-proto/2.1.0-ff8aa66-SNAPSHOT/ratis-proto-2.1.0-ff8aa66-SNAPSHOT.jar:/home/runner/.m2/repository/org/apache/ratis/ratis-common/2.1.0-ff8aa66-SNAPSHOT/ratis-common-2.1.0-ff8aa66-SNAPSHOT.jar:/home/runner/.m2/repository/com/amazonaws/aws-java-sdk-core/1.11.901/aws-java-sdk-core-1.11.901.jar:/home/runner/.m2/repository/org/apache/httpcomponents/httpclient/4.5.13/httpclient-4.5.13.jar:/home/runner/.m2/repository/org/apache/httpcomponents/httpcore/4.4.13/httpcore-4.4.13.jar:/home/runner/.m2/repository/software/amazon/ion/ion-java/1.0.2/ion-java-1.0.2.jar:/home/runner/.m2/repository/com/fasterxml/jackson/dataformat/jackson-dataformat-cbor/2.12.1/jackson-dataformat-cbor-2.12.1.jar:/home/runner/.m2/repository/joda-time/joda-time/2.8.1/joda-time-2.8.1.jar:/home/runner/.m2/repository/com/amazonaws/aws-java-sdk-s3/1.11.901/aws-java-sdk-s3-1.11.901.jar:/home/runner/.m2/repository/com/amazonaws/aws-java-sdk-kms/1.11.901/aws-java-sdk-kms-1.11.901.jar:/home/runner/.m2/repository/com/amazonaws/jmespath-java/1.11.901/jmespath-java-1.11.901.jar:/home/runner/.m2/repository/org/kohsuke/metainf-services/metainf-services/1.8/metainf-services-1.8.jar:/home/runner/.m2/repository/org/apache/ozone/hdds-tools/1.2.0-SNAPSHOT/hdds-tools-1.2.0-SNAPSHOT.jar:/home/runner/.m2/repository/commons-cli/commons-cli/1.2/commons-cli-1.2.jar:/home/runner/.m2/repository/org/apache/commons/commons-lang3/3.7/commons-lang3-3.7.jar:/home/runner/.m2/repository/org/apache/ozone/ozone-manager/1.2.0-SNAPSHOT/ozone-manager-1.2.0-SNAPSHOT-tests.jar:/home/runner/.m2/repository/org/apache/ozone/hdds-common/1.2.0-SNAPSHOT/hdds-common-1.2.0-SNAPSHOT-tests.jar:/home/runner/.m2/repository/org/apache/ozone/hdds-hadoop-dependency-client/1.2.0-SNAPSHOT/hdds-hadoop-dependency-client-1.2.0-SNAPSHOT.jar:/home/runner/.m2/repository/info/picocli/picocli/4.4.0/picocli-4.4.0.jar:/home/runner/.m2/repository/com/fasterxml/jackson/core/jackson-annotations/2.12.1/jackson-annotations-2.12.1.jar:/home/runner/.m2/repository/javax/annotation/javax.annotation-api/1.2/javax.annotation-api-1.2.jar:/home/runner/.m2/repository/org/apache/ratis/ratis-server/2.1.0-ff8aa66-SNAPSHOT/ratis-server-2.1.0-ff8aa66-SNAPSHOT.jar:/home/runner/.m2/repository/org/apache/ratis/ratis-client/2.1.0-ff8aa66-SNAPSHOT/ratis-client-2.1.0-ff8aa66-SNAPSHOT.jar:/home/runner/.m2/repository/org/apache/ratis/ratis-server-api/2.1.0-ff8aa66-SNAPSHOT/ratis-server-api-2.1.0-ff8aa66-SNAPSHOT.jar:/home/runner/.m2/repository/org/apache/ratis/ratis-metrics/2.1.0-ff8aa66-SNAPSHOT/ratis-metrics-2.1.0-ff8aa66-SNAPSHOT.jar:/home/runner/.m2/repository/org/apache/ratis/ratis-netty/2.1.0-ff8aa66-SNAPSHOT/ratis-netty-2.1.0-ff8aa66-SNAPSHOT.jar:/home/runner/.m2/repository/org/apache/ratis/ratis-grpc/2.1.0-ff8aa66-SNAPSHOT/ratis-grpc-2.1.0-ff8aa66-SNAPSHOT.jar:/home/runner/.m2/repository/org/apache/logging/log4j/log4j-api/2.13.3/log4j-api-2.13.3.jar:/home/runner/.m2/repository/org/apache/logging/log4j/log4j-core/2.13.3/log4j-core-2.13.3.jar:/home/runner/.m2/repository/com/lmax/disruptor/3.4.2/disruptor-3.4.2.jar:/home/runner/.m2/repository/org/apache/commons/commons-pool2/2.6.0/commons-pool2-2.6.0.jar:/home/runner/.m2/repository/org/bouncycastle/bcpkix-jdk15on/1.67/bcpkix-jdk15on-1.67.jar:/home/runner/.m2/repository/commons-validator/commons-validator/1.6/commons-validator-1.6.jar:/home/runner/.m2/repository/commons-beanutils/commons-beanutils/1.9.4/commons-beanutils-1.9.4.jar:/home/runner/.m2/repository/commons-digester/commons-digester/1.8.1/commons-digester-1.8.1.jar:/home/runner/.m2/repository/commons-collections/commons-collections/3.2.2/commons-collections-3.2.2.jar:/home/runner/.m2/repository/io/jaegertracing/jaeger-client/1.6.0/jaeger-client-1.6.0.jar:/home/runner/.m2/repository/io/jaegertracing/jaeger-thrift/1.6.0/jaeger-thrift-1.6.0.jar:/home/runner/.m2/repository/org/apache/thrift/libthrift/0.14.1/libthrift-0.14.1.jar:/home/runner/.m2/repository/com/squareup/okhttp3/okhttp/4.9.0/okhttp-4.9.0.jar:/home/runner/.m2/repository/com/squareup/okio/okio/2.8.0/okio-2.8.0.jar:/home/runner/.m2/repository/io/jaegertracing/jaeger-core/1.6.0/jaeger-core-1.6.0.jar:/home/runner/.m2/repository/io/jaegertracing/jaeger-tracerresolver/1.6.0/jaeger-tracerresolver-1.6.0.jar:/home/runner/.m2/repository/io/opentracing/contrib/opentracing-tracerresolver/0.1.8/opentracing-tracerresolver-0.1.8.jar:/home/runner/.m2/repository/org/jetbrains/kotlin/kotlin-stdlib/1.4.31/kotlin-stdlib-1.4.31.jar:/home/runner/.m2/repository/org/jetbrains/kotlin/kotlin-stdlib-common/1.4.31/kotlin-stdlib-common-1.4.31.jar:/home/runner/.m2/repository/org/jetbrains/annotations/13.0/annotations-13.0.jar:/home/runner/.m2/repository/io/opentracing/opentracing-util/0.33.0/opentracing-util-0.33.0.jar:/home/runner/.m2/repository/io/opentracing/opentracing-api/0.33.0/opentracing-api-0.33.0.jar:/home/runner/.m2/repository/io/opentracing/opentracing-noop/0.33.0/opentracing-noop-0.33.0.jar:/home/runner/.m2/repository/org/yaml/snakeyaml/1.26/snakeyaml-1.26.jar:/home/runner/.m2/repository/org/apache/ozone/hdds-interface-admin/1.2.0-SNAPSHOT/hdds-interface-admin-1.2.0-SNAPSHOT.jar:/home/runner/.m2/repository/junit/junit/4.13.1/junit-4.13.1.jar:/home/runner/.m2/repository/org/hamcrest/hamcrest-core/1.3/hamcrest-core-1.3.jar:/home/runner/.m2/repository/org/junit/jupiter/junit-jupiter-api/5.7.0/junit-jupiter-api-5.7.0.jar:/home/runner/.m2/repository/org/apiguardian/apiguardian-api/1.1.0/apiguardian-api-1.1.0.jar:/home/runner/.m2/repository/org/opentest4j/opentest4j/1.2.0/opentest4j-1.2.0.jar:/home/runner/.m2/repository/org/junit/platform/junit-platform-commons/1.7.0/junit-platform-commons-1.7.0.jar:/home/runner/.m2/repository/org/junit/jupiter/junit-jupiter-engine/5.7.0/junit-jupiter-engine-5.7.0.jar:/home/runner/.m2/repository/org/junit/platform/junit-platform-engine/1.7.0/junit-platform-engine-1.7.0.jar:/home/runner/.m2/repository/org/junit/vintage/junit-vintage-engine/5.7.0/junit-vintage-engine-5.7.0.jar:/home/runner/.m2/repository/org/junit/platform/junit-platform-launcher/1.7.0/junit-platform-launcher-1.7.0.jar:/home/runner/.m2/repository/org/openjdk/jmh/jmh-core/1.19/jmh-core-1.19.jar:/home/runner/.m2/repository/net/sf/jopt-simple/jopt-simple/4.6/jopt-simple-4.6.jar:/home/runner/.m2/repository/org/apache/commons/commons-math3/3.1.1/commons-math3-3.1.1.jar:/home/runner/.m2/repository/org/openjdk/jmh/jmh-generator-annprocess/1.19/jmh-generator-annprocess-1.19.jar:/home/runner/.m2/repository/org/mockito/mockito-core/2.28.2/mockito-core-2.28.2.jar:/home/runner/.m2/repository/net/bytebuddy/byte-buddy/1.9.10/byte-buddy-1.9.10.jar:/home/runner/.m2/repository/net/bytebuddy/byte-buddy-agent/1.9.10/byte-buddy-agent-1.9.10.jar:/home/runner/.m2/repository/org/objenesis/objenesis/1.0/objenesis-1.0.jar:/home/runner/.m2/repository/org/apache/hadoop/hadoop-kms/3.3.1/hadoop-kms-3.3.1.jar:/home/runner/.m2/repository/org/apache/hadoop/hadoop-auth/3.3.1/hadoop-auth-3.3.1.jar:/home/runner/.m2/repository/com/nimbusds/nimbus-jose-jwt/7.9/nimbus-jose-jwt-7.9.jar:/home/runner/.m2/repository/com/github/stephenc/jcip/jcip-annotations/1.0-1/jcip-annotations-1.0-1.jar:/home/runner/.m2/repository/net/minidev/json-smart/2.3/json-smart-2.3.jar:/home/runner/.m2/repository/net/minidev/accessors-smart/1.2/accessors-smart-1.2.jar:/home/runner/.m2/repository/org/ow2/asm/asm/5.0.4/asm-5.0.4.jar:/home/runner/.m2/repository/org/apache/zookeeper/zookeeper/3.5.6/zookeeper-3.5.6.jar:/home/runner/.m2/repository/org/apache/zookeeper/zookeeper-jute/3.5.6/zookeeper-jute-3.5.6.jar:/home/runner/.m2/repository/org/apache/yetus/audience-annotations/0.5.0/audience-annotations-0.5.0.jar:/home/runner/.m2/repository/org/apache/curator/curator-framework/4.2.0/curator-framework-4.2.0.jar:/home/runner/.m2/repository/org/apache/hadoop/thirdparty/hadoop-shaded-guava/1.1.1/hadoop-shaded-guava-1.1.1.jar:/home/runner/.m2/repository/com/sun/jersey/jersey-core/1.19/jersey-core-1.19.jar:/home/runner/.m2/repository/javax/ws/rs/jsr311-api/1.1.1/jsr311-api-1.1.1.jar:/home/runner/.m2/repository/com/sun/jersey/jersey-server/1.19/jersey-server-1.19.jar:/home/runner/.m2/repository/javax/servlet/javax.servlet-api/3.1.0/javax.servlet-api-3.1.0.jar:/home/runner/.m2/repository/org/eclipse/jetty/jetty-server/9.4.35.v20201120/jetty-server-9.4.35.v20201120.jar:/home/runner/.m2/repository/org/eclipse/jetty/jetty-http/9.4.35.v20201120/jetty-http-9.4.35.v20201120.jar:/home/runner/.m2/repository/org/eclipse/jetty/jetty-io/9.4.35.v20201120/jetty-io-9.4.35.v20201120.jar:/home/runner/.m2/repository/org/eclipse/jetty/jetty-webapp/9.4.35.v20201120/jetty-webapp-9.4.35.v20201120.jar:/home/runner/.m2/repository/org/eclipse/jetty/jetty-xml/9.4.35.v20201120/jetty-xml-9.4.35.v20201120.jar:/home/runner/.m2/repository/org/apache/hadoop/hadoop-common/3.3.1/hadoop-common-3.3.1.jar:/home/runner/.m2/repository/org/apache/hadoop/thirdparty/hadoop-shaded-protobuf_3_7/1.1.1/hadoop-shaded-protobuf_3_7-1.1.1.jar:/home/runner/.m2/repository/commons-net/commons-net/3.6/commons-net-3.6.jar:/home/runner/.m2/repository/jakarta/activation/jakarta.activation-api/1.2.1/jakarta.activation-api-1.2.1.jar:/home/runner/.m2/repository/com/sun/jersey/jersey-servlet/1.19/jersey-servlet-1.19.jar:/home/runner/.m2/repository/com/sun/jersey/jersey-json/1.19/jersey-json-1.19.jar:/home/runner/.m2/repository/org/codehaus/jettison/jettison/1.1/jettison-1.1.jar:/home/runner/.m2/repository/com/sun/xml/bind/jaxb-impl/2.2.3-1/jaxb-impl-2.2.3-1.jar:/home/runner/.m2/repository/org/codehaus/jackson/jackson-jaxrs/1.9.2/jackson-jaxrs-1.9.2.jar:/home/runner/.m2/repository/org/codehaus/jackson/jackson-xc/1.9.2/jackson-xc-1.9.2.jar:/home/runner/.m2/repository/org/apache/commons/commons-configuration2/2.1.1/commons-configuration2-2.1.1.jar:/home/runner/.m2/repository/org/apache/commons/commons-text/1.4/commons-text-1.4.jar:/home/runner/.m2/repository/com/google/re2j/re2j/1.1/re2j-1.1.jar:/home/runner/.m2/repository/com/jcraft/jsch/0.1.54/jsch-0.1.54.jar:/home/runner/.m2/repository/org/apache/curator/curator-client/4.2.0/curator-client-4.2.0.jar:/home/runner/.m2/repository/org/apache/curator/curator-recipes/4.2.0/curator-recipes-4.2.0.jar:/home/runner/.m2/repository/org/apache/kerby/kerb-core/1.0.1/kerb-core-1.0.1.jar:/home/runner/.m2/repository/org/apache/kerby/kerby-pkix/1.0.1/kerby-pkix-1.0.1.jar:/home/runner/.m2/repository/org/apache/kerby/kerby-asn1/1.0.1/kerby-asn1-1.0.1.jar:/home/runner/.m2/repository/org/apache/kerby/kerby-util/1.0.1/kerby-util-1.0.1.jar:/home/runner/.m2/repository/dnsjava/dnsjava/2.1.7/dnsjava-2.1.7.jar:/home/runner/.m2/repository/org/xerial/snappy/snappy-java/1.1.8.2/snappy-java-1.1.8.2.jar:/home/runner/.m2/repository/org/slf4j/jul-to-slf4j/1.7.30/jul-to-slf4j-1.7.30.jar:/home/runner/.m2/repository/org/eclipse/jetty/jetty-util/9.4.35.v20201120/jetty-util-9.4.35.v20201120.jar:/home/runner/.m2/repository/com/fasterxml/jackson/core/jackson-databind/2.12.1/jackson-databind-2.12.1.jar:/home/runner/.m2/repository/org/apache/hadoop/hadoop-kms/3.3.1/hadoop-kms-3.3.1-tests.jar:/home/runner/.m2/repository/org/apache/ozone/hdds-server-scm/1.2.0-SNAPSHOT/hdds-server-scm-1.2.0-SNAPSHOT-tests.jar:/home/runner/.m2/repository/org/apache/ozone/hdds-container-service/1.2.0-SNAPSHOT/hdds-container-service-1.2.0-SNAPSHOT-tests.jar:/home/runner/.m2/repository/commons-codec/commons-codec/1.11/commons-codec-1.11.jar:/home/runner/.m2/repository/io/netty/netty-transport/4.1.63.Final/netty-transport-4.1.63.Final.jar:/home/runner/.m2/repository/io/netty/netty-resolver/4.1.63.Final/netty-resolver-4.1.63.Final.jar:/home/runner/.m2/repository/io/netty/netty-codec/4.1.63.Final/netty-codec-4.1.63.Final.jar:/home/runner/.m2/repository/io/netty/netty-handler/4.1.63.Final/netty-handler-4.1.63.Final.jar:/home/runner/.m2/repository/org/apache/ozone/hdds-hadoop-dependency-test/1.2.0-SNAPSHOT/hdds-hadoop-dependency-test-1.2.0-SNAPSHOT.jar:/home/runner/.m2/repository/org/apache/hadoop/hadoop-common/3.3.1/hadoop-common-3.3.1-tests.jar:/home/runner/.m2/repository/org/assertj/assertj-core/3.12.2/assertj-core-3.12.2.jar:/home/runner/.m2/repository/org/apache/hadoop/hadoop-hdfs/3.3.1/hadoop-hdfs-3.3.1-tests.jar:/home/runner/.m2/repository/org/eclipse/jetty/jetty-util-ajax/9.4.35.v20201120/jetty-util-ajax-9.4.35.v20201120.jar:/home/runner/.m2/repository/commons-daemon/commons-daemon/1.0.13/commons-daemon-1.0.13.jar:/home/runner/.m2/repository/io/netty/netty/3.10.6.Final/netty-3.10.6.Final.jar:/home/runner/.m2/repository/io/netty/netty-all/4.1.63.Final/netty-all-4.1.63.Final.jar:/home/runner/.m2/repository/org/apache/htrace/htrace-core4/4.1.0-incubating/htrace-core4-4.1.0-incubating.jar:/home/runner/.m2/repository/org/fusesource/leveldbjni/leveldbjni-all/1.8/leveldbjni-all-1.8.jar:/home/runner/.m2/repository/org/apache/hadoop/hadoop-distcp/3.3.1/hadoop-distcp-3.3.1.jar:/home/runner/.m2/repository/org/apache/hadoop/hadoop-mapreduce-client-jobclient/3.3.1/hadoop-mapreduce-client-jobclient-3.3.1.jar:/home/runner/.m2/repository/org/apache/hadoop/hadoop-mapreduce-client-common/3.3.1/hadoop-mapreduce-client-common-3.3.1.jar:/home/runner/.m2/repository/org/apache/hadoop/hadoop-yarn-common/3.3.1/hadoop-yarn-common-3.3.1.jar:/home/runner/.m2/repository/org/apache/hadoop/hadoop-yarn-api/3.3.1/hadoop-yarn-api-3.3.1.jar:/home/runner/.m2/repository/com/sun/jersey/jersey-client/1.19/jersey-client-1.19.jar:/home/runner/.m2/repository/com/sun/jersey/contribs/jersey-guice/1.19/jersey-guice-1.19.jar:/home/runner/.m2/repository/com/fasterxml/jackson/jaxrs/jackson-jaxrs-json-provider/2.12.1/jackson-jaxrs-json-provider-2.12.1.jar:/home/runner/.m2/repository/com/fasterxml/jackson/jaxrs/jackson-jaxrs-base/2.12.1/jackson-jaxrs-base-2.12.1.jar:/home/runner/.m2/repository/org/apache/hadoop/hadoop-yarn-client/3.3.1/hadoop-yarn-client-3.3.1.jar:/home/runner/.m2/repository/org/eclipse/jetty/websocket/websocket-client/9.4.40.v20210413/websocket-client-9.4.40.v20210413.jar:/home/runner/.m2/repository/org/eclipse/jetty/jetty-client/9.4.40.v20210413/jetty-client-9.4.40.v20210413.jar:/home/runner/.m2/repository/org/eclipse/jetty/websocket/websocket-common/9.4.40.v20210413/websocket-common-9.4.40.v20210413.jar:/home/runner/.m2/repository/org/eclipse/jetty/websocket/websocket-api/9.4.40.v20210413/websocket-api-9.4.40.v20210413.jar:/home/runner/.m2/repository/org/jline/jline/3.9.0/jline-3.9.0.jar:/home/runner/.m2/repository/org/apache/hadoop/hadoop-mapreduce-client-core/3.3.1/hadoop-mapreduce-client-core-3.3.1.jar:/home/runner/.m2/repository/org/apache/avro/avro/1.7.7/avro-1.7.7.jar:/home/runner/.m2/repository/org/codehaus/jackson/jackson-core-asl/1.9.13/jackson-core-asl-1.9.13.jar:/home/runner/.m2/repository/org/codehaus/jackson/jackson-mapper-asl/1.9.13/jackson-mapper-asl-1.9.13.jar:/home/runner/.m2/repository/com/thoughtworks/paranamer/paranamer/2.3/paranamer-2.3.jar:/home/runner/.m2/repository/org/apache/hadoop/hadoop-annotations/3.3.1/hadoop-annotations-3.3.1.jar:/usr/lib/jvm/adoptopenjdk-8-hotspot-amd64/jre/../lib/tools.jar:/home/runner/.m2/repository/org/apache/hadoop/hadoop-distcp/3.3.1/hadoop-distcp-3.3.1-tests.jar:"/>
    <property name="sun.cpu.endian" value="little"/>
    <property name="user.home" value="/home/runner"/>
    <property name="user.language" value="en"/>
    <property name="java.specification.vendor" value="Oracle Corporation"/>
    <property name="java.home" value="/usr/lib/jvm/adoptopenjdk-8-hotspot-amd64/jre"/>
    <property name="java.security.krb5.conf" value="/home/runner/work/ozone/ozone/mnt/ozone/hadoop-ozone/integration-test/target/test-classes/krb5.conf"/>
    <property name="basedir" value="/home/runner/work/ozone/ozone/mnt/ozone/hadoop-ozone/integration-test"/>
    <property name="file.separator" value="/"/>
    <property name="line.separator" value="&#10;"/>
    <property name="java.vm.specification.vendor" value="Oracle Corporation"/>
    <property name="java.specification.name" value="Java Platform API Specification"/>
    <property name="java.awt.graphicsenv" value="sun.awt.X11GraphicsEnvironment"/>
    <property name="skip.installnpx" value="true"/>
    <property name="surefire.real.class.path" value="/home/runner/work/ozone/ozone/mnt/ozone/hadoop-ozone/integration-test/target/surefire/surefirebooter2616195097104941694.jar:/home/runner/.m2/repository/org/jacoco/org.jacoco.agent/0.8.5/org.jacoco.agent-0.8.5-runtime.jar"/>
    <property name="hadoop.log.dir" value="/home/runner/work/ozone/ozone/mnt/ozone/hadoop-ozone/integration-test/target/log"/>
    <property name="sun.boot.class.path" value="/usr/lib/jvm/adoptopenjdk-8-hotspot-amd64/jre/lib/resources.jar:/usr/lib/jvm/adoptopenjdk-8-hotspot-amd64/jre/lib/rt.jar:/usr/lib/jvm/adoptopenjdk-8-hotspot-amd64/jre/lib/sunrsasign.jar:/usr/lib/jvm/adoptopenjdk-8-hotspot-amd64/jre/lib/jsse.jar:/usr/lib/jvm/adoptopenjdk-8-hotspot-amd64/jre/lib/jce.jar:/usr/lib/jvm/adoptopenjdk-8-hotspot-amd64/jre/lib/charsets.jar:/usr/lib/jvm/adoptopenjdk-8-hotspot-amd64/jre/lib/jfr.jar:/usr/lib/jvm/adoptopenjdk-8-hotspot-amd64/jre/classes"/>
    <property name="sun.management.compiler" value="HotSpot 64-Bit Tiered Compilers"/>
    <property name="skip.npx" value="true"/>
    <property name="java.runtime.version" value="1.8.0_292-b10"/>
    <property name="java.net.preferIPv4Stack" value="true"/>
    <property name="user.name" value="runner"/>
    <property name="path.separator" value=":"/>
    <property name="java.security.egd" value="file:///dev/urandom"/>
    <property name="os.version" value="5.4.0-1051-azure"/>
    <property name="java.endorsed.dirs" value="/usr/lib/jvm/adoptopenjdk-8-hotspot-amd64/jre/lib/endorsed"/>
    <property name="java.runtime.name" value="OpenJDK Runtime Environment"/>
    <property name="file.encoding" value="UTF-8"/>
    <property name="java.vm.name" value="OpenJDK 64-Bit Server VM"/>
    <property name="test.build.webapps" value=""/>
    <property name="localRepository" value="/home/runner/.m2/repository"/>
    <property name="java.vendor.url.bug" value="https://github.com/AdoptOpenJDK/openjdk-support/issues"/>
    <property name="java.io.tmpdir" value="/tmp"/>
    <property name="require.test.libhadoop" value=""/>
    <property name="java.version" value="1.8.0_292"/>
    <property name="user.dir" value="/home/runner/work/ozone/ozone/mnt/ozone/hadoop-ozone/integration-test"/>
    <property name="os.arch" value="amd64"/>
    <property name="java.vm.specification.name" value="Java Virtual Machine Specification"/>
    <property name="test.build.classes" value="/home/runner/work/ozone/ozone/mnt/ozone/hadoop-ozone/integration-test/target/test-classes"/>
    <property name="java.awt.printerjob" value="sun.print.PSPrinterJob"/>
    <property name="sun.os.patch.level" value="unknown"/>
    <property name="hadoop.tmp.dir" value="/home/runner/work/ozone/ozone/mnt/ozone/hadoop-ozone/integration-test/target/tmp"/>
    <property name="java.library.path" value="/usr/java/packages/lib/amd64:/usr/lib64:/lib64:/lib:/usr/lib"/>
    <property name="java.vm.info" value="mixed mode"/>
    <property name="java.vendor" value="AdoptOpenJDK"/>
    <property name="java.vm.version" value="25.292-b10"/>
    <property name="java.ext.dirs" value="/usr/lib/jvm/adoptopenjdk-8-hotspot-amd64/jre/lib/ext:/usr/java/packages/lib/ext"/>
    <property name="sun.io.unicode.encoding" value="UnicodeLittle"/>
    <property name="java.class.version" value="52.0"/>
  </properties>
  <testcase name="testDeleteKeyWithSlowFollower" classname="org.apache.hadoop.ozone.client.rpc.TestDeleteWithSlowFollower" time="0.158">
    <failure type="java.lang.AssertionError">java.lang.AssertionError
	at org.junit.Assert.fail(Assert.java:87)
	at org.junit.Assert.assertTrue(Assert.java:42)
	at org.junit.Assert.assertNotNull(Assert.java:713)
	at org.junit.Assert.assertNotNull(Assert.java:723)
	at org.apache.hadoop.ozone.client.rpc.TestDeleteWithSlowFollower.testDeleteKeyWithSlowFollower(TestDeleteWithSlowFollower.java:237)
	at sun.reflect.NativeMethodAccessorImpl.invoke0(Native Method)
	at sun.reflect.NativeMethodAccessorImpl.invoke(NativeMethodAccessorImpl.java:62)
	at sun.reflect.DelegatingMethodAccessorImpl.invoke(DelegatingMethodAccessorImpl.java:43)
	at java.lang.reflect.Method.invoke(Method.java:498)
	at org.junit.runners.model.FrameworkMethod$1.runReflectiveCall(FrameworkMethod.java:59)
	at org.junit.internal.runners.model.ReflectiveCallable.run(ReflectiveCallable.java:12)
	at org.junit.runners.model.FrameworkMethod.invokeExplosively(FrameworkMethod.java:56)
	at org.junit.internal.runners.statements.InvokeMethod.evaluate(InvokeMethod.java:17)
	at org.junit.runners.ParentRunner$3.evaluate(ParentRunner.java:306)
	at org.junit.runners.BlockJUnit4ClassRunner$1.evaluate(BlockJUnit4ClassRunner.java:100)
	at org.junit.runners.ParentRunner.runLeaf(ParentRunner.java:366)
	at org.junit.runners.BlockJUnit4ClassRunner.runChild(BlockJUnit4ClassRunner.java:103)
	at org.junit.runners.BlockJUnit4ClassRunner.runChild(BlockJUnit4ClassRunner.java:63)
	at org.junit.runners.ParentRunner$4.run(ParentRunner.java:331)
	at org.junit.runners.ParentRunner$1.schedule(ParentRunner.java:79)
	at org.junit.runners.ParentRunner.runChildren(ParentRunner.java:329)
	at org.junit.runners.ParentRunner.access$100(ParentRunner.java:66)
	at org.junit.runners.ParentRunner$2.evaluate(ParentRunner.java:293)
	at org.junit.internal.runners.statements.RunBefores.evaluate(RunBefores.java:26)
	at org.junit.internal.runners.statements.RunAfters.evaluate(RunAfters.java:27)
	at org.junit.runners.ParentRunner$3.evaluate(ParentRunner.java:306)
	at org.junit.runners.ParentRunner.run(ParentRunner.java:413)
	at org.junit.runner.JUnitCore.run(JUnitCore.java:137)
	at org.junit.runner.JUnitCore.run(JUnitCore.java:115)
	at org.junit.vintage.engine.execution.RunnerExecutor.execute(RunnerExecutor.java:43)
	at java.util.stream.ForEachOps$ForEachOp$OfRef.accept(ForEachOps.java:183)
	at java.util.stream.ReferencePipeline$3$1.accept(ReferencePipeline.java:193)
	at java.util.Iterator.forEachRemaining(Iterator.java:116)
	at java.util.Spliterators$IteratorSpliterator.forEachRemaining(Spliterators.java:1801)
	at java.util.stream.AbstractPipeline.copyInto(AbstractPipeline.java:482)
	at java.util.stream.AbstractPipeline.wrapAndCopyInto(AbstractPipeline.java:472)
	at java.util.stream.ForEachOps$ForEachOp.evaluateSequential(ForEachOps.java:150)
	at java.util.stream.ForEachOps$ForEachOp$OfRef.evaluateSequential(ForEachOps.java:173)
	at java.util.stream.AbstractPipeline.evaluate(AbstractPipeline.java:234)
	at java.util.stream.ReferencePipeline.forEach(ReferencePipeline.java:485)
	at org.junit.vintage.engine.VintageTestEngine.executeAllChildren(VintageTestEngine.java:82)
	at org.junit.vintage.engine.VintageTestEngine.execute(VintageTestEngine.java:73)
	at org.junit.platform.launcher.core.EngineExecutionOrchestrator.execute(EngineExecutionOrchestrator.java:108)
	at org.junit.platform.launcher.core.EngineExecutionOrchestrator.execute(EngineExecutionOrchestrator.java:88)
	at org.junit.platform.launcher.core.EngineExecutionOrchestrator.lambda$execute$0(EngineExecutionOrchestrator.java:54)
	at org.junit.platform.launcher.core.EngineExecutionOrchestrator.withInterceptedStreams(EngineExecutionOrchestrator.java:67)
	at org.junit.platform.launcher.core.EngineExecutionOrchestrator.execute(EngineExecutionOrchestrator.java:52)
	at org.junit.platform.launcher.core.DefaultLauncher.execute(DefaultLauncher.java:96)
	at org.junit.platform.launcher.core.DefaultLauncher.execute(DefaultLauncher.java:75)
	at org.apache.maven.surefire.junitplatform.JUnitPlatformProvider.invokeAllTests(JUnitPlatformProvider.java:142)
	at org.apache.maven.surefire.junitplatform.JUnitPlatformProvider.invoke(JUnitPlatformProvider.java:113)
	at org.apache.maven.surefire.booter.ForkedBooter.invokeProviderInSameClassLoader(ForkedBooter.java:384)
	at org.apache.maven.surefire.booter.ForkedBooter.runSuitesInProcess(ForkedBooter.java:345)
	at org.apache.maven.surefire.booter.ForkedBooter.execute(ForkedBooter.java:126)
	at org.apache.maven.surefire.booter.ForkedBooter.main(ForkedBooter.java:418)
</failure>
    <system-out><![CDATA[2021-07-15 15:21:08,302 [main] WARN  server.ServerUtils (ServerUtils.java:getScmDbDir(148)) - ozone.scm.db.dirs is not configured. We recommend adding this setting. Falling back to ozone.metadata.dirs instead.
2021-07-15 15:21:08,391 [main] INFO  ha.SCMHANodeDetails (SCMHANodeDetails.java:loadSCMHAConfig(157)) - ServiceID for StorageContainerManager is null
2021-07-15 15:21:08,391 [main] INFO  ha.SCMHANodeDetails (SCMHANodeDetails.java:loadSCMHAConfig(162)) - ozone.scm.default.service.id is not defined, falling back to ozone.scm.service.ids to find serviceID for StorageContainerManager if it is HA enabled cluster
2021-07-15 15:21:08,509 [main] WARN  server.ServerUtils (ServerUtils.java:getScmDbDir(148)) - ozone.scm.db.dirs is not configured. We recommend adding this setting. Falling back to ozone.metadata.dirs instead.
2021-07-15 15:21:08,513 [main] INFO  upgrade.AbstractLayoutVersionManager (AbstractLayoutVersionManager.java:init(70)) - Initializing Layout version manager with metadata layout = SCM_HA (version = 2), software layout = SCM_HA (version = 2)
2021-07-15 15:21:08,784 [main] INFO  reflections.Reflections (Reflections.java:scan(232)) - Reflections took 171 ms to scan 7 urls, producing 119 keys and 271 values 
2021-07-15 15:21:09,463 [main] WARN  utils.HAUtils (HAUtils.java:getMetaDir(342)) - ozone.scm.db.dirs is not configured. We recommend adding this setting. Falling back to ozone.metadata.dirs instead.
2021-07-15 15:21:09,607 [main] WARN  db.DBStoreBuilder (DBStoreBuilder.java:applyDBDefinition(145)) - ozone.scm.db.dirs is not configured. We recommend adding this setting. Falling back to ozone.metadata.dirs instead.
2021-07-15 15:21:09,779 [main] INFO  net.NodeSchemaLoader (NodeSchemaLoader.java:loadSchemaFromFile(129)) - Loading schema from [jar:file:/home/runner/.m2/repository/org/apache/ozone/hdds-common/1.2.0-SNAPSHOT/hdds-common-1.2.0-SNAPSHOT.jar!/network-topology-default.xml]
2021-07-15 15:21:09,783 [main] INFO  net.NodeSchemaLoader (NodeSchemaLoader.java:loadSchema(176)) - Loading network topology layer schema file
2021-07-15 15:21:09,842 [main] INFO  ha.SequenceIdGenerator (SequenceIdGenerator.java:upgradeToSequenceId(327)) - upgrade localId to 107544261427200000
2021-07-15 15:21:09,842 [main] INFO  ha.SequenceIdGenerator (SequenceIdGenerator.java:upgradeToSequenceId(337)) - upgrade delTxnId to 0
2021-07-15 15:21:09,846 [main] INFO  ha.SequenceIdGenerator (SequenceIdGenerator.java:upgradeToSequenceId(351)) - upgrade containerId to 0
2021-07-15 15:21:09,848 [main] INFO  ha.SequenceIdGenerator (SequenceIdGenerator.java:<init>(217)) - Init the HA SequenceIdGenerator.
2021-07-15 15:21:09,888 [main] WARN  server.ServerUtils (ServerUtils.java:sanitizeUserArgs(73)) - ozone.scm.stale.node.interval value = 1000000 is larger than max = 100000 based on the key value of ozone.scm.heartbeat.thread.interval, reset to the max value 100000.
2021-07-15 15:21:09,889 [main] WARN  server.ServerUtils (ServerUtils.java:sanitizeUserArgs(73)) - ozone.scm.stale.node.interval value = 1000000 is larger than max = 100000 based on the key value of ozone.scm.heartbeat.thread.interval, reset to the max value 100000.
2021-07-15 15:21:09,895 [main] INFO  node.SCMNodeManager (SCMNodeManager.java:<init>(141)) - Entering startup safe mode.
2021-07-15 15:21:09,951 [main] INFO  algorithms.ContainerPlacementPolicyFactory (ContainerPlacementPolicyFactory.java:getPolicy(60)) - Create container placement policy of type org.apache.hadoop.hdds.scm.container.placement.algorithms.SCMContainerPlacementRandom
2021-07-15 15:21:09,961 [main] INFO  pipeline.PipelineStateManager (PipelineStateManagerV2Impl.java:initialize(78)) - No pipeline exists in current db
2021-07-15 15:21:09,993 [main] INFO  algorithms.LeaderChoosePolicyFactory (LeaderChoosePolicyFactory.java:getPolicy(57)) - Create leader choose policy of type org.apache.hadoop.hdds.scm.pipeline.leader.choose.algorithms.MinLeaderCountChoosePolicy
2021-07-15 15:21:10,001 [main] INFO  ha.SCMServiceManager (SCMServiceManager.java:register(43)) - Registering service BackgroundPipelineCreator.
2021-07-15 15:21:10,002 [main] INFO  pipeline.BackgroundPipelineCreator (BackgroundPipelineCreatorV2.java:start(130)) - Starting RatisPipelineUtilsThread.
2021-07-15 15:21:10,032 [main] INFO  algorithms.PipelineChoosePolicyFactory (PipelineChoosePolicyFactory.java:createPipelineChoosePolicyFromClass(73)) - Create pipeline choose policy of type org.apache.hadoop.hdds.scm.pipeline.choose.algorithms.RandomPipelineChoosePolicy
2021-07-15 15:21:10,050 [main] INFO  ha.SCMServiceManager (SCMServiceManager.java:register(43)) - Registering service SCMBlockDeletingService.
2021-07-15 15:21:10,068 [main] INFO  ha.SCMServiceManager (SCMServiceManager.java:register(43)) - Registering service ReplicationManager.
2021-07-15 15:21:10,072 [main] INFO  container.ReplicationManager (ReplicationManager.java:start(220)) - Starting Replication Monitor Thread.
2021-07-15 15:21:10,082 [ReplicationMonitor] INFO  container.ReplicationManager (ReplicationManager.java:run(284)) - Replication Monitor Thread took 0 milliseconds for processing 0 containers.
2021-07-15 15:21:10,089 [main] INFO  safemode.ContainerSafeModeRule (ContainerSafeModeRule.java:<init>(89)) - containers with one replica threshold count 0
2021-07-15 15:21:10,092 [main] INFO  safemode.HealthyPipelineSafeModeRule (HealthyPipelineSafeModeRule.java:initializeRule(156)) - Total pipeline count is 0, healthy pipeline threshold count is 1
2021-07-15 15:21:10,095 [main] INFO  safemode.OneReplicaPipelineSafeModeRule (OneReplicaPipelineSafeModeRule.java:initializeRule(180)) - Total pipeline count is 0, pipeline's with at least one datanode reported threshold count is 0
2021-07-15 15:21:10,513 [main] INFO  ipc.CallQueueManager (CallQueueManager.java:<init>(90)) - Using callQueue: class java.util.concurrent.LinkedBlockingQueue, queueCapacity: 2000, scheduler: class org.apache.hadoop.ipc.DefaultRpcScheduler, ipcBackoff: false.
2021-07-15 15:21:10,565 [Socket Reader #1 for port 0] INFO  ipc.Server (Server.java:run(1265)) - Starting Socket Reader #1 for port 0
2021-07-15 15:21:10,617 [Listener at 0.0.0.0/45643] INFO  ipc.CallQueueManager (CallQueueManager.java:<init>(90)) - Using callQueue: class java.util.concurrent.LinkedBlockingQueue, queueCapacity: 2000, scheduler: class org.apache.hadoop.ipc.DefaultRpcScheduler, ipcBackoff: false.
2021-07-15 15:21:10,618 [Socket Reader #1 for port 0] INFO  ipc.Server (Server.java:run(1265)) - Starting Socket Reader #1 for port 0
2021-07-15 15:21:10,638 [Listener at 0.0.0.0/46319] INFO  ipc.CallQueueManager (CallQueueManager.java:<init>(90)) - Using callQueue: class java.util.concurrent.LinkedBlockingQueue, queueCapacity: 2000, scheduler: class org.apache.hadoop.ipc.DefaultRpcScheduler, ipcBackoff: false.
2021-07-15 15:21:10,639 [Socket Reader #1 for port 0] INFO  ipc.Server (Server.java:run(1265)) - Starting Socket Reader #1 for port 0
2021-07-15 15:21:10,700 [Listener at 0.0.0.0/41793] INFO  server.StorageContainerManager (StorageContainerManager.java:<init>(378)) - 
Container Balancer status:
Key                            Value
Running                        true
Container Balancer Configuration values:
Key                            Value
Threshold                      0.1
Max Datanodes to Balance       5
Max Size to Move               10737418240B

2021-07-15 15:21:10,701 [Listener at 0.0.0.0/41793] WARN  events.EventQueue (EventQueue.java:fireEvent(194)) - No event handler registered for event TypedEvent{payloadType=SafeModeStatus, name='Safe mode status'}
2021-07-15 15:21:10,701 [Listener at 0.0.0.0/41793] INFO  ha.SCMContext (SCMContext.java:updateSafeModeStatus(205)) - Update SafeModeStatus from SafeModeStatus{safeModeStatus=true, preCheckPassed=false} to SafeModeStatus{safeModeStatus=true, preCheckPassed=false}.
2021-07-15 15:21:10,707 [Listener at 0.0.0.0/41793] INFO  server.StorageContainerManager (StorageContainerManager.java:start(1242)) - StorageContainerLocationProtocol RPC server is listening at /0.0.0.0:41793
2021-07-15 15:21:10,775 [Listener at 0.0.0.0/41793] WARN  impl.MetricsConfig (MetricsConfig.java:loadFirst(136)) - Cannot locate configuration: tried hadoop-metrics2-storagecontainermanager.properties,hadoop-metrics2.properties
2021-07-15 15:21:10,792 [Listener at 0.0.0.0/41793] INFO  impl.MetricsSystemImpl (MetricsSystemImpl.java:startTimer(378)) - Scheduled Metric snapshot period at 10 second(s).
2021-07-15 15:21:10,792 [Listener at 0.0.0.0/41793] INFO  impl.MetricsSystemImpl (MetricsSystemImpl.java:start(191)) - StorageContainerManager metrics system started
2021-07-15 15:21:11,168 [Listener at 0.0.0.0/41793] INFO  server.SCMClientProtocolServer (SCMClientProtocolServer.java:start(165)) - RPC server for Client  is listening at /0.0.0.0:41793
2021-07-15 15:21:11,170 [IPC Server Responder] INFO  ipc.Server (Server.java:run(1507)) - IPC Server Responder: starting
2021-07-15 15:21:11,171 [IPC Server listener on 0] INFO  ipc.Server (Server.java:run(1344)) - IPC Server listener on 0: starting
2021-07-15 15:21:11,177 [Listener at 0.0.0.0/41793] INFO  server.StorageContainerManager (StorageContainerManager.java:start(1257)) - ScmBlockLocationProtocol RPC server is listening at /0.0.0.0:46319
2021-07-15 15:21:11,178 [Listener at 0.0.0.0/41793] INFO  server.SCMBlockProtocolServer (SCMBlockProtocolServer.java:start(151)) - RPC server for Block Protocol is listening at /0.0.0.0:46319
2021-07-15 15:21:11,180 [IPC Server Responder] INFO  ipc.Server (Server.java:run(1507)) - IPC Server Responder: starting
2021-07-15 15:21:11,180 [IPC Server listener on 0] INFO  ipc.Server (Server.java:run(1344)) - IPC Server listener on 0: starting
2021-07-15 15:21:11,184 [Listener at 0.0.0.0/41793] INFO  server.StorageContainerManager (StorageContainerManager.java:start(1263)) - ScmDatanodeProtocl RPC server is listening at /0.0.0.0:45643
2021-07-15 15:21:11,185 [Listener at 0.0.0.0/41793] INFO  server.SCMDatanodeProtocolServer (SCMDatanodeProtocolServer.java:start(181)) - RPC server for DataNodes is listening at /0.0.0.0:45643
2021-07-15 15:21:11,187 [IPC Server Responder] INFO  ipc.Server (Server.java:run(1507)) - IPC Server Responder: starting
2021-07-15 15:21:11,187 [IPC Server listener on 0] INFO  ipc.Server (Server.java:run(1344)) - IPC Server listener on 0: starting
2021-07-15 15:21:11,210 [org.apache.hadoop.util.JvmPauseMonitor$Monitor@36330be8] INFO  util.JvmPauseMonitor (JvmPauseMonitor.java:run(188)) - Starting JVM pause monitor
2021-07-15 15:21:11,230 [Listener at 0.0.0.0/41793] INFO  http.BaseHttpServer (BaseHttpServer.java:newHttpServer2BuilderForOzone(209)) - Starting Web-server for scm at: http://0.0.0.0:0
2021-07-15 15:21:11,231 [Listener at 0.0.0.0/41793] INFO  http.BaseHttpServer (BaseHttpServer.java:<init>(107)) - Hadoop Security Enabled: false Ozone Security Enabled: false Ozone HTTP Security Enabled: false 
2021-07-15 15:21:11,261 [Listener at 0.0.0.0/41793] INFO  util.log (Log.java:initialized(169)) - Logging initialized @4507ms to org.eclipse.jetty.util.log.Slf4jLog
2021-07-15 15:21:11,386 [Listener at 0.0.0.0/41793] INFO  server.AuthenticationFilter (AuthenticationFilter.java:constructSecretProvider(240)) - Unable to initialize FileSignerSecretProvider, falling back to use random secrets.
2021-07-15 15:21:11,393 [Listener at 0.0.0.0/41793] WARN  http.HttpRequestLog (HttpRequestLog.java:getRequestLog(103)) - Jetty request log can only be enabled using Log4j
2021-07-15 15:21:11,401 [Listener at 0.0.0.0/41793] INFO  http.HttpServer2 (HttpServer2.java:addGlobalFilter(1020)) - Added global filter 'safety' (class=org.apache.hadoop.hdds.server.http.HttpServer2$QuotingInputFilter)
2021-07-15 15:21:11,403 [Listener at 0.0.0.0/41793] INFO  http.HttpServer2 (HttpServer2.java:addFilter(996)) - Added filter static_user_filter (class=org.apache.hadoop.http.lib.StaticUserWebFilter$StaticUserFilter) to context scm
2021-07-15 15:21:11,404 [Listener at 0.0.0.0/41793] INFO  http.HttpServer2 (HttpServer2.java:addFilter(1004)) - Added filter static_user_filter (class=org.apache.hadoop.http.lib.StaticUserWebFilter$StaticUserFilter) to context logs
2021-07-15 15:21:11,404 [Listener at 0.0.0.0/41793] INFO  http.HttpServer2 (HttpServer2.java:addFilter(1004)) - Added filter static_user_filter (class=org.apache.hadoop.http.lib.StaticUserWebFilter$StaticUserFilter) to context static
2021-07-15 15:21:11,444 [Listener at 0.0.0.0/41793] INFO  http.HttpServer2 (HttpServer2.java:bindListener(1238)) - Jetty bound to port 42839
2021-07-15 15:21:11,445 [Listener at 0.0.0.0/41793] INFO  server.Server (Server.java:doStart(375)) - jetty-9.4.35.v20201120; built: 2020-11-20T21:17:03.964Z; git: bdc54f03a5e0a7e280fab27f55c3c75ee8da89fb; jvm 1.8.0_292-b10
2021-07-15 15:21:11,476 [Listener at 0.0.0.0/41793] INFO  server.session (DefaultSessionIdManager.java:doStart(334)) - DefaultSessionIdManager workerName=node0
2021-07-15 15:21:11,477 [Listener at 0.0.0.0/41793] INFO  server.session (DefaultSessionIdManager.java:doStart(339)) - No SessionScavenger set, using defaults
2021-07-15 15:21:11,478 [Listener at 0.0.0.0/41793] INFO  server.session (HouseKeeper.java:startScavenging(132)) - node0 Scavenging every 600000ms
2021-07-15 15:21:11,490 [Listener at 0.0.0.0/41793] INFO  handler.ContextHandler (ContextHandler.java:doStart(916)) - Started o.e.j.s.ServletContextHandler@361fa478{logs,/logs,file:///home/runner/work/ozone/ozone/mnt/ozone/hadoop-ozone/integration-test/target/log,AVAILABLE}
2021-07-15 15:21:11,490 [Listener at 0.0.0.0/41793] INFO  handler.ContextHandler (ContextHandler.java:doStart(916)) - Started o.e.j.s.ServletContextHandler@2f3a8166{static,/static,file:///home/runner/work/ozone/ozone/mnt/ozone/hadoop-ozone/integration-test/target/test-classes/webapps/static,AVAILABLE}
2021-07-15 15:21:11,539 [Listener at 0.0.0.0/41793] INFO  handler.ContextHandler (ContextHandler.java:doStart(916)) - Started o.e.j.w.WebAppContext@5acd7d1c{scm,/,file:///home/runner/work/ozone/ozone/mnt/ozone/hadoop-ozone/integration-test/target/test-classes/webapps/scm/,AVAILABLE}{file:/home/runner/work/ozone/ozone/mnt/ozone/hadoop-ozone/integration-test/target/test-classes/webapps/scm}
2021-07-15 15:21:11,549 [Listener at 0.0.0.0/41793] INFO  server.AbstractConnector (AbstractConnector.java:doStart(331)) - Started ServerConnector@4e789704{HTTP/1.1, (http/1.1)}{0.0.0.0:42839}
2021-07-15 15:21:11,549 [Listener at 0.0.0.0/41793] INFO  server.Server (Server.java:doStart(415)) - Started @4796ms
2021-07-15 15:21:11,552 [Listener at 0.0.0.0/41793] INFO  impl.MetricsSinkAdapter (MetricsSinkAdapter.java:start(204)) - Sink prometheus started
2021-07-15 15:21:11,552 [Listener at 0.0.0.0/41793] INFO  impl.MetricsSystemImpl (MetricsSystemImpl.java:registerSink(305)) - Registered sink prometheus
2021-07-15 15:21:11,554 [Listener at 0.0.0.0/41793] INFO  http.BaseHttpServer (BaseHttpServer.java:updateConnectorAddress(329)) - HTTP server of scm listening at http://0.0.0.0:42839
2021-07-15 15:21:11,556 [Listener at 0.0.0.0/41793] WARN  server.ServerUtils (ServerUtils.java:getDBPath(225)) - ozone.om.db.dirs is not configured. We recommend adding this setting. Falling back to ozone.metadata.dirs instead.
2021-07-15 15:21:11,676 [Listener at 0.0.0.0/41793] INFO  ha.OMHANodeDetails (OMHANodeDetails.java:loadOMHAConfig(105)) - ozone.om.internal.service.id is not defined, falling back to ozone.om.service.ids to find serviceID for OzoneManager if it is HA enabled cluster
2021-07-15 15:21:11,679 [Listener at 0.0.0.0/41793] INFO  ha.OMHANodeDetails (OMHANodeDetails.java:loadOMHAConfig(212)) - Configuration does not have ozone.om.address set. Falling back to the default OM address /127.0.0.1:0
2021-07-15 15:21:11,679 [Listener at 0.0.0.0/41793] INFO  ha.OMHANodeDetails (OMHANodeDetails.java:getOMNodeDetails(240)) - OM Service ID is not set. Setting it to the default ID: omServiceIdDefault
2021-07-15 15:21:11,679 [Listener at 0.0.0.0/41793] INFO  ha.OMHANodeDetails (OMHANodeDetails.java:getOMNodeDetails(247)) - OM Node ID is not set. Setting it to the default ID: om1
2021-07-15 15:21:11,682 [Listener at 0.0.0.0/41793] WARN  server.ServerUtils (ServerUtils.java:getDBPath(225)) - ozone.om.db.dirs is not configured. We recommend adding this setting. Falling back to ozone.metadata.dirs instead.
2021-07-15 15:21:11,684 [Listener at 0.0.0.0/41793] INFO  upgrade.AbstractLayoutVersionManager (AbstractLayoutVersionManager.java:init(70)) - Initializing Layout version manager with metadata layout = INITIAL_VERSION (version = 0), software layout = INITIAL_VERSION (version = 0)
2021-07-15 15:21:11,742 [Listener at 0.0.0.0/41793] INFO  reflections.Reflections (Reflections.java:scan(232)) - Reflections took 53 ms to scan 2 urls, producing 130 keys and 340 values [using 2 cores]
2021-07-15 15:21:11,747 [Listener at 0.0.0.0/41793] INFO  upgrade.OMLayoutVersionManager (OMLayoutVersionManager.java:lambda$0(116)) - Skipping Upgrade Action MockOmUpgradeAction since it has been finalized.
2021-07-15 15:21:11,748 [Listener at 0.0.0.0/41793] WARN  server.ServerUtils (ServerUtils.java:getDBPath(225)) - ozone.om.db.dirs is not configured. We recommend adding this setting. Falling back to ozone.metadata.dirs instead.
2021-07-15 15:21:12,165 [Listener at 0.0.0.0/41793] WARN  server.ServerUtils (ServerUtils.java:getDBPath(225)) - ozone.om.db.dirs is not configured. We recommend adding this setting. Falling back to ozone.metadata.dirs instead.
2021-07-15 15:21:12,173 [Listener at 0.0.0.0/41793] INFO  codec.OmKeyInfoCodec (OmKeyInfoCodec.java:<init>(51)) - OmKeyInfoCodec ignorePipeline = true
2021-07-15 15:21:12,174 [Listener at 0.0.0.0/41793] INFO  codec.RepeatedOmKeyInfoCodec (RepeatedOmKeyInfoCodec.java:<init>(42)) - RepeatedOmKeyInfoCodec ignorePipeline = true
2021-07-15 15:21:12,400 [Listener at 0.0.0.0/41793] INFO  om.OzoneManager (OzoneManager.java:addS3GVolumeToDB(3899)) - Created Volume s3v With Owner runner required for S3Gateway operations.
2021-07-15 15:21:12,405 [Listener at 0.0.0.0/41793] WARN  server.ServerUtils (ServerUtils.java:getDefaultRatisDirectory(237)) - Storage directory for Ratis is not configured. It is a good idea to map this to an SSD disk. Falling back to ozone.metadata.dirs
2021-07-15 15:21:12,406 [Listener at 0.0.0.0/41793] WARN  ratis.OzoneManagerRatisServer (OzoneManagerRatisServer.java:getOMRatisSnapshotDirectory(654)) - ozone.om.ratis.snapshot.dir is not configured. Falling back to ozone.metadata.dirs config
2021-07-15 15:21:12,413 [Listener at 0.0.0.0/41793] INFO  metrics.MetricRegistries (MetricRegistriesLoader.java:load(64)) - Loaded MetricRegistries class org.apache.ratis.metrics.impl.MetricRegistriesImpl
2021-07-15 15:21:12,448 [Listener at 0.0.0.0/41793] WARN  server.ServerUtils (ServerUtils.java:getDefaultRatisDirectory(237)) - Storage directory for Ratis is not configured. It is a good idea to map this to an SSD disk. Falling back to ozone.metadata.dirs
2021-07-15 15:21:12,479 [Listener at 0.0.0.0/41793] INFO  ratis.OzoneManagerRatisServer (OzoneManagerRatisServer.java:<init>(308)) - Instantiating OM Ratis server with GroupID: omServiceIdDefault and Raft Peers: localhost:9872
2021-07-15 15:21:12,489 [Listener at 0.0.0.0/41793] INFO  ratis.OzoneManagerStateMachine (OzoneManagerStateMachine.java:loadSnapshotInfoFromDB(575)) - LastAppliedIndex is set from TransactionInfo from OM DB as (t:0, i:~)
2021-07-15 15:21:12,527 [Listener at 0.0.0.0/41793] INFO  server.RaftServer (ConfUtils.java:logGet(44)) - raft.rpc.type = GRPC (default)
2021-07-15 15:21:12,595 [Listener at 0.0.0.0/41793] INFO  grpc.GrpcFactory (GrpcFactory.java:checkPooledByteBufAllocatorUseCacheForAllThreads(48)) - PERFORMANCE WARNING: useCacheForAllThreads is true that may cause Netty to create a lot garbage objects and, as a result, trigger GC.
	It is recommended to disable useCacheForAllThreads by setting -Dorg.apache.ratis.thirdparty.io.netty.allocator.useCacheForAllThreads=false in command line.
2021-07-15 15:21:12,599 [Listener at 0.0.0.0/41793] INFO  grpc.GrpcConfigKeys (ConfUtils.java:logGet(44)) - raft.grpc.admin.port = -1 (default)
2021-07-15 15:21:12,600 [Listener at 0.0.0.0/41793] INFO  grpc.GrpcConfigKeys (ConfUtils.java:logGet(44)) - raft.grpc.server.port = 9872 (custom)
2021-07-15 15:21:12,601 [Listener at 0.0.0.0/41793] INFO  grpc.GrpcConfigKeys (ConfUtils.java:logGet(44)) - raft.grpc.client.port = -1 (default)
2021-07-15 15:21:12,602 [Listener at 0.0.0.0/41793] INFO  grpc.GrpcConfigKeys (ConfUtils.java:logGet(44)) - raft.grpc.server.port = 9872 (custom)
2021-07-15 15:21:12,602 [Listener at 0.0.0.0/41793] INFO  grpc.GrpcConfigKeys (ConfUtils.java:logGet(44)) - raft.grpc.server.port = 9872 (custom)
2021-07-15 15:21:12,603 [Listener at 0.0.0.0/41793] INFO  server.GrpcService (ConfUtils.java:logGet(44)) - raft.grpc.message.size.max = 33554432 (custom)
2021-07-15 15:21:12,609 [Listener at 0.0.0.0/41793] INFO  server.RaftServerConfigKeys (ConfUtils.java:logGet(44)) - raft.server.log.appender.buffer.byte-limit = 33554432 (custom)
2021-07-15 15:21:12,610 [Listener at 0.0.0.0/41793] INFO  server.GrpcService (ConfUtils.java:logGet(44)) - raft.grpc.flow.control.window = 1MB (=1048576) (default)
2021-07-15 15:21:12,611 [Listener at 0.0.0.0/41793] INFO  server.RaftServerConfigKeys (ConfUtils.java:logGet(44)) - raft.server.rpc.request.timeout = 3000ms (default)
2021-07-15 15:21:12,822 [Listener at 0.0.0.0/41793] INFO  impl.DataStreamServerImpl (ConfUtils.java:logGet(44)) - raft.datastream.type = DISABLED (default)
2021-07-15 15:21:12,825 [Listener at 0.0.0.0/41793] INFO  server.RaftServerConfigKeys (ConfUtils.java:logGet(44)) - raft.server.rpc.slowness.timeout = 120s (custom)
2021-07-15 15:21:12,825 [Listener at 0.0.0.0/41793] INFO  server.RaftServerConfigKeys (ConfUtils.java:logGet(44)) - raft.server.leaderelection.leader.step-down.wait-time = 10s (default)
2021-07-15 15:21:12,855 [Listener at 0.0.0.0/41793] INFO  server.RaftServerConfigKeys (ConfUtils.java:logGet(44)) - raft.server.storage.dir = [/home/runner/work/ozone/ozone/mnt/ozone/hadoop-ozone/integration-test/target/test-dir/MiniOzoneClusterImpl-67a6e2a6-babe-416c-a56a-0c8fe9c2ffa6/ozone-meta/ratis] (custom)
2021-07-15 15:21:12,866 [Listener at 0.0.0.0/41793] INFO  server.RaftServer (RaftServerProxy.java:addNew(95)) - om1: addNew group-C5BA1605619E:[om1|rpc:localhost:9872|priority:0] returns group-C5BA1605619E:java.util.concurrent.CompletableFuture@1acf7db2[Not completed]
2021-07-15 15:21:12,867 [Listener at 0.0.0.0/41793] INFO  om.OzoneManager (OzoneManager.java:initializeRatisServer(1364)) - OzoneManager Ratis server initialized at port 9872
2021-07-15 15:21:12,907 [pool-38-thread-1] INFO  server.RaftServer$Division (RaftServerImpl.java:<init>(180)) - om1: new RaftServerImpl for group-C5BA1605619E:[om1|rpc:localhost:9872|priority:0] with OzoneManagerStateMachine:uninitialized
2021-07-15 15:21:12,909 [pool-38-thread-1] INFO  server.RaftServerConfigKeys (ConfUtils.java:logGet(44)) - raft.server.rpc.timeout.min = 1s (custom)
2021-07-15 15:21:12,910 [pool-38-thread-1] INFO  server.RaftServerConfigKeys (ConfUtils.java:logGet(44)) - raft.server.rpc.timeout.max = 1200ms (custom)
2021-07-15 15:21:12,910 [pool-38-thread-1] INFO  server.RaftServerConfigKeys (ConfUtils.java:logGet(44)) - raft.server.rpc.sleep.time = 25ms (default)
2021-07-15 15:21:12,911 [pool-38-thread-1] INFO  server.RaftServerConfigKeys (ConfUtils.java:logGet(44)) - raft.server.rpc.slowness.timeout = 120s (custom)
2021-07-15 15:21:12,911 [pool-38-thread-1] INFO  server.RaftServerConfigKeys (ConfUtils.java:logGet(44)) - raft.server.leaderelection.leader.step-down.wait-time = 10s (default)
2021-07-15 15:21:12,912 [pool-38-thread-1] INFO  server.RaftServerConfigKeys (ConfUtils.java:logGet(44)) - raft.server.sleep.deviation.threshold = 300ms (default)
2021-07-15 15:21:12,913 [pool-38-thread-1] INFO  server.RaftServerConfigKeys (ConfUtils.java:logGet(44)) - raft.server.log.appender.install.snapshot.enabled = false (custom)
2021-07-15 15:21:12,912 [Listener at 0.0.0.0/41793] INFO  ipc.CallQueueManager (CallQueueManager.java:<init>(90)) - Using callQueue: class java.util.concurrent.LinkedBlockingQueue, queueCapacity: 2000, scheduler: class org.apache.hadoop.ipc.DefaultRpcScheduler, ipcBackoff: false.
2021-07-15 15:21:12,918 [pool-38-thread-1] INFO  server.RaftServer$Division (ServerState.java:<init>(105)) - om1@group-C5BA1605619E: ConfigurationManager, init=-1: [om1|rpc:localhost:9872|priority:0], old=null, confs=<EMPTY_MAP>
2021-07-15 15:21:12,918 [pool-38-thread-1] INFO  server.RaftServerConfigKeys (ConfUtils.java:logGet(44)) - raft.server.storage.dir = [/home/runner/work/ozone/ozone/mnt/ozone/hadoop-ozone/integration-test/target/test-dir/MiniOzoneClusterImpl-67a6e2a6-babe-416c-a56a-0c8fe9c2ffa6/ozone-meta/ratis] (custom)
2021-07-15 15:21:12,923 [pool-38-thread-1] INFO  server.RaftServerConfigKeys (ConfUtils.java:logGet(44)) - raft.server.log.corruption.policy = EXCEPTION (default)
2021-07-15 15:21:12,925 [pool-38-thread-1] INFO  storage.RaftStorageDirectory (RaftStorageDirectoryImpl.java:analyzeStorage(132)) - The storage directory /home/runner/work/ozone/ozone/mnt/ozone/hadoop-ozone/integration-test/target/test-dir/MiniOzoneClusterImpl-67a6e2a6-babe-416c-a56a-0c8fe9c2ffa6/ozone-meta/ratis/bf265839-605b-3f16-9796-c5ba1605619e does not exist. Creating ...
2021-07-15 15:21:12,924 [Socket Reader #1 for port 0] INFO  ipc.Server (Server.java:run(1265)) - Starting Socket Reader #1 for port 0
2021-07-15 15:21:12,939 [pool-38-thread-1] INFO  storage.RaftStorageDirectory (RaftStorageDirectoryImpl.java:tryLock(215)) - Lock on /home/runner/work/ozone/ozone/mnt/ozone/hadoop-ozone/integration-test/target/test-dir/MiniOzoneClusterImpl-67a6e2a6-babe-416c-a56a-0c8fe9c2ffa6/ozone-meta/ratis/bf265839-605b-3f16-9796-c5ba1605619e/in_use.lock acquired by nodename 29436@fv-az116-592
2021-07-15 15:21:12,951 [pool-38-thread-1] INFO  storage.RaftStorage (RaftStorageImpl.java:format(87)) - Storage directory /home/runner/work/ozone/ozone/mnt/ozone/hadoop-ozone/integration-test/target/test-dir/MiniOzoneClusterImpl-67a6e2a6-babe-416c-a56a-0c8fe9c2ffa6/ozone-meta/ratis/bf265839-605b-3f16-9796-c5ba1605619e has been successfully formatted.
2021-07-15 15:21:12,954 [pool-38-thread-1] INFO  server.RaftServerConfigKeys (ConfUtils.java:logGet(44)) - raft.server.notification.no-leader.timeout = 120s (custom)
2021-07-15 15:21:12,966 [pool-38-thread-1] INFO  server.RaftServerConfigKeys (ConfUtils.java:logGet(44)) - raft.server.log.use.memory = false (default)
2021-07-15 15:21:12,984 [pool-38-thread-1] INFO  server.RaftServerConfigKeys (ConfUtils.java:logGet(44)) - raft.server.log.purge.gap = 1000000 (custom)
2021-07-15 15:21:12,991 [pool-38-thread-1] INFO  server.RaftServerConfigKeys (ConfUtils.java:logGet(44)) - raft.server.log.appender.buffer.byte-limit = 33554432 (custom)
2021-07-15 15:21:13,009 [pool-38-thread-1] INFO  metrics.RatisMetrics (RatisMetrics.java:lambda$create$0(36)) - Creating Metrics Registry : ratis.log_worker.om1@group-C5BA1605619E
2021-07-15 15:21:13,026 [pool-38-thread-1] INFO  server.RaftServerConfigKeys (ConfUtils.java:logGet(44)) - raft.server.log.segment.size.max = 4194304 (custom)
2021-07-15 15:21:13,074 [pool-38-thread-1] INFO  server.RaftServerConfigKeys (ConfUtils.java:logGet(44)) - raft.server.log.segment.cache.num.max = 2 (custom)
2021-07-15 15:21:13,075 [pool-38-thread-1] INFO  server.RaftServerConfigKeys (ConfUtils.java:logGet(44)) - raft.server.log.segment.cache.size.max = 200MB (=209715200) (default)
2021-07-15 15:21:13,094 [pool-38-thread-1] INFO  segmented.SegmentedRaftLogWorker (SegmentedRaftLogWorker.java:<init>(182)) - new om1@group-C5BA1605619E-SegmentedRaftLogWorker for RaftStorageImpl:Storage Directory /home/runner/work/ozone/ozone/mnt/ozone/hadoop-ozone/integration-test/target/test-dir/MiniOzoneClusterImpl-67a6e2a6-babe-416c-a56a-0c8fe9c2ffa6/ozone-meta/ratis/bf265839-605b-3f16-9796-c5ba1605619e
2021-07-15 15:21:13,094 [pool-38-thread-1] INFO  server.RaftServerConfigKeys (ConfUtils.java:logGet(44)) - raft.server.log.queue.byte-limit = 64MB (=67108864) (default)
2021-07-15 15:21:13,095 [pool-38-thread-1] INFO  server.RaftServerConfigKeys (ConfUtils.java:logGet(44)) - raft.server.log.queue.element-limit = 4096 (default)
2021-07-15 15:21:13,096 [pool-38-thread-1] INFO  server.RaftServerConfigKeys (ConfUtils.java:logGet(44)) - raft.server.log.segment.size.max = 4194304 (custom)
2021-07-15 15:21:13,096 [pool-38-thread-1] INFO  server.RaftServerConfigKeys (ConfUtils.java:logGet(44)) - raft.server.log.preallocated.size = 4194304 (custom)
2021-07-15 15:21:13,097 [pool-38-thread-1] INFO  server.RaftServerConfigKeys (ConfUtils.java:logGet(44)) - raft.server.log.force.sync.num = 128 (default)
2021-07-15 15:21:13,106 [pool-38-thread-1] INFO  server.RaftServerConfigKeys (ConfUtils.java:logGet(44)) - raft.server.log.statemachine.data.sync = true (default)
2021-07-15 15:21:13,107 [pool-38-thread-1] INFO  server.RaftServerConfigKeys (ConfUtils.java:logGet(44)) - raft.server.log.statemachine.data.sync.timeout = 10s (default)
2021-07-15 15:21:13,107 [pool-38-thread-1] INFO  server.RaftServerConfigKeys (ConfUtils.java:logGet(44)) - raft.server.log.statemachine.data.sync.timeout.retry = -1 (default)
2021-07-15 15:21:13,140 [pool-38-thread-1] INFO  server.RaftServerConfigKeys (ConfUtils.java:logGet(44)) - raft.server.log.write.buffer.size = 64KB (=65536) (default)
2021-07-15 15:21:13,141 [pool-38-thread-1] INFO  server.RaftServerConfigKeys (ConfUtils.java:logGet(44)) - raft.server.log.statemachine.data.caching.enabled = false (default)
2021-07-15 15:21:13,152 [Listener at 127.0.0.1/43527] INFO  om.OzoneManager (OzoneManager.java:initFSOLayout(4105)) - Configured ozone.om.metadata.layout=SIMPLE and disabled optimized OM FS operations
2021-07-15 15:21:13,153 [Listener at 127.0.0.1/43527] INFO  impl.MetricsSystemImpl (MetricsSystemImpl.java:init(158)) - OzoneManager metrics system started (again)
2021-07-15 15:21:13,162 [pool-38-thread-1] INFO  segmented.SegmentedRaftLogWorker (SegmentedRaftLogWorker.java:lambda$new$0(133)) - om1@group-C5BA1605619E-SegmentedRaftLogWorker: flushIndex: setUnconditionally 0 -> -1
2021-07-15 15:21:13,163 [pool-38-thread-1] INFO  segmented.SegmentedRaftLogWorker (SegmentedRaftLogWorker.java:lambda$new$0(133)) - om1@group-C5BA1605619E-SegmentedRaftLogWorker: safeCacheEvictIndex: setUnconditionally 0 -> -1
2021-07-15 15:21:13,178 [pool-38-thread-1] INFO  server.RaftServerConfigKeys (ConfUtils.java:logGet(44)) - raft.server.snapshot.auto.trigger.enabled = true (custom)
2021-07-15 15:21:13,178 [pool-38-thread-1] INFO  server.RaftServerConfigKeys (ConfUtils.java:logGet(44)) - raft.server.snapshot.auto.trigger.threshold = 400000 (default)
2021-07-15 15:21:13,183 [pool-38-thread-1] INFO  server.RaftServerConfigKeys (ConfUtils.java:logGet(44)) - raft.server.snapshot.retention.file.num = -1 (default)
2021-07-15 15:21:13,184 [pool-38-thread-1] INFO  server.RaftServerConfigKeys (ConfUtils.java:logGet(44)) - raft.server.log.purge.upto.snapshot.index = true (custom)
2021-07-15 15:21:13,185 [pool-38-thread-1] INFO  server.RaftServerConfigKeys (ConfUtils.java:logGet(44)) - raft.server.retrycache.expirytime = 300s (custom)
2021-07-15 15:21:13,185 [pool-38-thread-1] INFO  server.RaftServerConfigKeys (ConfUtils.java:logGet(44)) - raft.server.retrycache.statistics.expirytime = 100μs (default)
2021-07-15 15:21:13,202 [Listener at 127.0.0.1/43527] INFO  om.OzoneManager (OzoneManager.java:start(1155)) - OzoneManager RPC server is listening at localhost/127.0.0.1:43527
2021-07-15 15:21:13,202 [Listener at 127.0.0.1/43527] INFO  ratis.OzoneManagerRatisServer (OzoneManagerRatisServer.java:start(408)) - Starting OzoneManagerRatisServer om1 at port 9872
2021-07-15 15:21:13,218 [pool-38-thread-1] INFO  metrics.RatisMetrics (RatisMetrics.java:lambda$create$0(36)) - Creating Metrics Registry : ratis.leader_election.om1@group-C5BA1605619E
2021-07-15 15:21:13,221 [pool-38-thread-1] INFO  metrics.RatisMetrics (RatisMetrics.java:lambda$create$0(36)) - Creating Metrics Registry : ratis.server.om1@group-C5BA1605619E
2021-07-15 15:21:13,228 [Listener at 127.0.0.1/43527] INFO  server.RaftServer$Division (RaftServerImpl.java:start(295)) - om1@group-C5BA1605619E: start as a follower, conf=-1: [om1|rpc:localhost:9872|priority:0], old=null
2021-07-15 15:21:13,230 [Listener at 127.0.0.1/43527] INFO  server.RaftServer$Division (RaftServerImpl.java:setRole(284)) - om1@group-C5BA1605619E: changes role from      null to FOLLOWER at term 0 for startAsFollower
2021-07-15 15:21:13,231 [Listener at 127.0.0.1/43527] INFO  impl.RoleInfo (RoleInfo.java:updateAndGet(130)) - om1: start om1@group-C5BA1605619E-FollowerState
2021-07-15 15:21:13,233 [Listener at 127.0.0.1/43527] INFO  util.JmxRegister (JmxRegister.java:tryRegister(44)) - Successfully registered JMX Bean with object name Ratis:service=RaftServer,group=group-C5BA1605619E,id=om1
2021-07-15 15:21:13,235 [Listener at 127.0.0.1/43527] INFO  metrics.RatisMetrics (RatisMetrics.java:lambda$create$0(36)) - Creating Metrics Registry : ratis.state_machine.om1@group-C5BA1605619E
2021-07-15 15:21:13,238 [Listener at 127.0.0.1/43527] INFO  server.RaftServer (RaftServerProxy.java:lambda$start$5(374)) - om1: start RPC server
2021-07-15 15:21:13,287 [Listener at 127.0.0.1/43527] INFO  server.GrpcService (GrpcService.java:startImpl(253)) - om1: GrpcService started, listening on 9872
2021-07-15 15:21:13,290 [Listener at 127.0.0.1/43527] INFO  om.OzoneManager (OzoneManager.java:start(1173)) - Version File has different layout version (0) than OM DB (null). That is expected if this OM has never been finalized to a newer layout version.
2021-07-15 15:21:13,299 [Listener at 127.0.0.1/43527] INFO  http.BaseHttpServer (BaseHttpServer.java:newHttpServer2BuilderForOzone(209)) - Starting Web-server for ozoneManager at: http://0.0.0.0:0
2021-07-15 15:21:13,299 [Listener at 127.0.0.1/43527] INFO  http.BaseHttpServer (BaseHttpServer.java:<init>(107)) - Hadoop Security Enabled: false Ozone Security Enabled: false Ozone HTTP Security Enabled: false 
2021-07-15 15:21:13,301 [org.apache.ratis.util.JvmPauseMonitor$$Lambda$515/421904019@30a1e459] INFO  util.JvmPauseMonitor (JvmPauseMonitor.java:run(103)) - JvmPauseMonitor-om1: Started
2021-07-15 15:21:13,303 [Listener at 127.0.0.1/43527] INFO  server.AuthenticationFilter (AuthenticationFilter.java:constructSecretProvider(240)) - Unable to initialize FileSignerSecretProvider, falling back to use random secrets.
2021-07-15 15:21:13,309 [Listener at 127.0.0.1/43527] WARN  http.HttpRequestLog (HttpRequestLog.java:getRequestLog(103)) - Jetty request log can only be enabled using Log4j
2021-07-15 15:21:13,311 [Listener at 127.0.0.1/43527] INFO  http.HttpServer2 (HttpServer2.java:addGlobalFilter(1020)) - Added global filter 'safety' (class=org.apache.hadoop.hdds.server.http.HttpServer2$QuotingInputFilter)
2021-07-15 15:21:13,312 [Listener at 127.0.0.1/43527] INFO  http.HttpServer2 (HttpServer2.java:addFilter(996)) - Added filter static_user_filter (class=org.apache.hadoop.http.lib.StaticUserWebFilter$StaticUserFilter) to context ozoneManager
2021-07-15 15:21:13,312 [Listener at 127.0.0.1/43527] INFO  http.HttpServer2 (HttpServer2.java:addFilter(1004)) - Added filter static_user_filter (class=org.apache.hadoop.http.lib.StaticUserWebFilter$StaticUserFilter) to context logs
2021-07-15 15:21:13,312 [Listener at 127.0.0.1/43527] INFO  http.HttpServer2 (HttpServer2.java:addFilter(1004)) - Added filter static_user_filter (class=org.apache.hadoop.http.lib.StaticUserWebFilter$StaticUserFilter) to context static
2021-07-15 15:21:13,317 [Listener at 127.0.0.1/43527] INFO  http.HttpServer2 (HttpServer2.java:bindListener(1238)) - Jetty bound to port 36859
2021-07-15 15:21:13,317 [Listener at 127.0.0.1/43527] INFO  server.Server (Server.java:doStart(375)) - jetty-9.4.35.v20201120; built: 2020-11-20T21:17:03.964Z; git: bdc54f03a5e0a7e280fab27f55c3c75ee8da89fb; jvm 1.8.0_292-b10
2021-07-15 15:21:13,330 [Listener at 127.0.0.1/43527] INFO  server.session (DefaultSessionIdManager.java:doStart(334)) - DefaultSessionIdManager workerName=node0
2021-07-15 15:21:13,330 [Listener at 127.0.0.1/43527] INFO  server.session (DefaultSessionIdManager.java:doStart(339)) - No SessionScavenger set, using defaults
2021-07-15 15:21:13,330 [Listener at 127.0.0.1/43527] INFO  server.session (HouseKeeper.java:startScavenging(132)) - node0 Scavenging every 660000ms
2021-07-15 15:21:13,332 [Listener at 127.0.0.1/43527] INFO  handler.ContextHandler (ContextHandler.java:doStart(916)) - Started o.e.j.s.ServletContextHandler@4d5bfb1a{logs,/logs,file:///home/runner/work/ozone/ozone/mnt/ozone/hadoop-ozone/integration-test/target/log,AVAILABLE}
2021-07-15 15:21:13,332 [Listener at 127.0.0.1/43527] INFO  handler.ContextHandler (ContextHandler.java:doStart(916)) - Started o.e.j.s.ServletContextHandler@65c6a7a{static,/static,file:///home/runner/work/ozone/ozone/mnt/ozone/hadoop-ozone/integration-test/target/test-classes/webapps/static,AVAILABLE}
2021-07-15 15:21:13,338 [Listener at 127.0.0.1/43527] INFO  handler.ContextHandler (ContextHandler.java:doStart(916)) - Started o.e.j.w.WebAppContext@7da3cbeb{ozoneManager,/,file:///home/runner/work/ozone/ozone/mnt/ozone/hadoop-ozone/integration-test/target/test-classes/webapps/ozoneManager/,AVAILABLE}{file:/home/runner/work/ozone/ozone/mnt/ozone/hadoop-ozone/integration-test/target/test-classes/webapps/ozoneManager}
2021-07-15 15:21:13,340 [Listener at 127.0.0.1/43527] INFO  server.AbstractConnector (AbstractConnector.java:doStart(331)) - Started ServerConnector@353ab9e5{HTTP/1.1, (http/1.1)}{0.0.0.0:36859}
2021-07-15 15:21:13,340 [Listener at 127.0.0.1/43527] INFO  server.Server (Server.java:doStart(415)) - Started @6586ms
2021-07-15 15:21:13,340 [Listener at 127.0.0.1/43527] WARN  impl.MetricsSystemImpl (MetricsSystemImpl.java:register(279)) - Sink prometheus already exists!
2021-07-15 15:21:13,341 [Listener at 127.0.0.1/43527] INFO  http.BaseHttpServer (BaseHttpServer.java:updateConnectorAddress(329)) - HTTP server of ozoneManager listening at http://0.0.0.0:36859
2021-07-15 15:21:13,341 [IPC Server Responder] INFO  ipc.Server (Server.java:run(1507)) - IPC Server Responder: starting
2021-07-15 15:21:13,342 [IPC Server listener on 0] INFO  ipc.Server (Server.java:run(1344)) - IPC Server listener on 0: starting
2021-07-15 15:21:13,348 [Listener at 127.0.0.1/43527] INFO  om.OzoneManager (OzoneManager.java:startTrashEmptier(1304)) - Trash Interval set to 0. Files deleted will not move to trash
2021-07-15 15:21:13,354 [org.apache.hadoop.util.JvmPauseMonitor$Monitor@18c49ecb] INFO  util.JvmPauseMonitor (JvmPauseMonitor.java:run(188)) - Starting JVM pause monitor
2021-07-15 15:21:13,510 [Listener at 127.0.0.1/43527] INFO  impl.MetricsSystemImpl (MetricsSystemImpl.java:init(158)) - HddsDatanode metrics system started (again)
2021-07-15 15:21:13,529 [Listener at 127.0.0.1/43527] INFO  ozone.HddsDatanodeService (HddsDatanodeService.java:start(223)) - HddsDatanodeService host:fv-az116-592.vzw04321ajxubdbcnpick5nqva.xx.internal.cloudapp.net ip:10.1.0.62
2021-07-15 15:21:13,560 [Listener at 127.0.0.1/43527] INFO  upgrade.AbstractLayoutVersionManager (AbstractLayoutVersionManager.java:init(70)) - Initializing Layout version manager with metadata layout = SCM_HA (version = 2), software layout = SCM_HA (version = 2)
2021-07-15 15:21:13,602 [Listener at 127.0.0.1/43527] INFO  reflections.Reflections (Reflections.java:scan(232)) - Reflections took 41 ms to scan 7 urls, producing 119 keys and 271 values 
2021-07-15 15:21:13,682 [Listener at 127.0.0.1/43527] INFO  volume.HddsVolume (HddsVolume.java:<init>(120)) - Creating HddsVolume: /home/runner/work/ozone/ozone/mnt/ozone/hadoop-ozone/integration-test/target/test-dir/MiniOzoneClusterImpl-67a6e2a6-babe-416c-a56a-0c8fe9c2ffa6/datanode-0/data-0/containers/hdds of storage type : DISK capacity : 9223372036854775807
2021-07-15 15:21:13,684 [Listener at 127.0.0.1/43527] INFO  volume.MutableVolumeSet (MutableVolumeSet.java:initializeVolumeSet(181)) - Added Volume : /home/runner/work/ozone/ozone/mnt/ozone/hadoop-ozone/integration-test/target/test-dir/MiniOzoneClusterImpl-67a6e2a6-babe-416c-a56a-0c8fe9c2ffa6/datanode-0/data-0/containers/hdds to VolumeSet
2021-07-15 15:21:13,684 [Listener at 127.0.0.1/43527] INFO  volume.ThrottledAsyncChecker (ThrottledAsyncChecker.java:schedule(141)) - Scheduling a check for /home/runner/work/ozone/ozone/mnt/ozone/hadoop-ozone/integration-test/target/test-dir/MiniOzoneClusterImpl-67a6e2a6-babe-416c-a56a-0c8fe9c2ffa6/datanode-0/data-0/containers/hdds
2021-07-15 15:21:13,707 [Listener at 127.0.0.1/43527] INFO  volume.StorageVolumeChecker (StorageVolumeChecker.java:checkAllVolumes(203)) - Scheduled health check for volume /home/runner/work/ozone/ozone/mnt/ozone/hadoop-ozone/integration-test/target/test-dir/MiniOzoneClusterImpl-67a6e2a6-babe-416c-a56a-0c8fe9c2ffa6/datanode-0/data-0/containers/hdds
2021-07-15 15:21:13,732 [Listener at 127.0.0.1/43527] INFO  volume.MutableVolumeSet (MutableVolumeSet.java:initializeVolumeSet(181)) - Added Volume : /home/runner/work/ozone/ozone/mnt/ozone/hadoop-ozone/integration-test/target/test-dir/MiniOzoneClusterImpl-67a6e2a6-babe-416c-a56a-0c8fe9c2ffa6/datanode-0/data/ratis to VolumeSet
2021-07-15 15:21:13,732 [Listener at 127.0.0.1/43527] INFO  volume.ThrottledAsyncChecker (ThrottledAsyncChecker.java:schedule(141)) - Scheduling a check for /home/runner/work/ozone/ozone/mnt/ozone/hadoop-ozone/integration-test/target/test-dir/MiniOzoneClusterImpl-67a6e2a6-babe-416c-a56a-0c8fe9c2ffa6/datanode-0/data/ratis
2021-07-15 15:21:13,732 [Listener at 127.0.0.1/43527] INFO  volume.StorageVolumeChecker (StorageVolumeChecker.java:checkAllVolumes(203)) - Scheduled health check for volume /home/runner/work/ozone/ozone/mnt/ozone/hadoop-ozone/integration-test/target/test-dir/MiniOzoneClusterImpl-67a6e2a6-babe-416c-a56a-0c8fe9c2ffa6/datanode-0/data/ratis
2021-07-15 15:21:13,752 [Listener at 127.0.0.1/43527] INFO  ozoneimpl.ContainerReader (ContainerReader.java:<init>(98)) - Running in upgrade mode:true
2021-07-15 15:21:13,755 [Thread-127] INFO  ozoneimpl.ContainerReader (ContainerReader.java:readVolume(142)) - Start to verify containers on volume /home/runner/work/ozone/ozone/mnt/ozone/hadoop-ozone/integration-test/target/test-dir/MiniOzoneClusterImpl-67a6e2a6-babe-416c-a56a-0c8fe9c2ffa6/datanode-0/data-0/containers/hdds
2021-07-15 15:21:13,755 [Thread-127] INFO  ozoneimpl.ContainerReader (ContainerReader.java:readVolume(174)) - Finish verifying containers on volume /home/runner/work/ozone/ozone/mnt/ozone/hadoop-ozone/integration-test/target/test-dir/MiniOzoneClusterImpl-67a6e2a6-babe-416c-a56a-0c8fe9c2ffa6/datanode-0/data-0/containers/hdds
2021-07-15 15:21:13,755 [Listener at 127.0.0.1/43527] INFO  ozoneimpl.OzoneContainer (OzoneContainer.java:buildContainerSet(237)) - Build ContainerSet costs 0s
2021-07-15 15:21:13,825 [Listener at 127.0.0.1/43527] INFO  server.RaftServer (ConfUtils.java:logGet(44)) - raft.rpc.type = GRPC (default)
2021-07-15 15:21:13,825 [Listener at 127.0.0.1/43527] INFO  grpc.GrpcFactory (GrpcFactory.java:checkPooledByteBufAllocatorUseCacheForAllThreads(48)) - PERFORMANCE WARNING: useCacheForAllThreads is true that may cause Netty to create a lot garbage objects and, as a result, trigger GC.
	It is recommended to disable useCacheForAllThreads by setting -Dorg.apache.ratis.thirdparty.io.netty.allocator.useCacheForAllThreads=false in command line.
2021-07-15 15:21:13,826 [Listener at 127.0.0.1/43527] INFO  grpc.GrpcConfigKeys (ConfUtils.java:logGet(44)) - raft.grpc.admin.port = 0 (custom)
2021-07-15 15:21:13,827 [Listener at 127.0.0.1/43527] INFO  grpc.GrpcConfigKeys (ConfUtils.java:logGet(44)) - raft.grpc.client.port = 0 (custom)
2021-07-15 15:21:13,830 [Listener at 127.0.0.1/43527] INFO  grpc.GrpcConfigKeys (ConfUtils.java:logGet(44)) - raft.grpc.server.port = 0 (default)
2021-07-15 15:21:13,831 [Listener at 127.0.0.1/43527] INFO  server.GrpcService (ConfUtils.java:logGet(44)) - raft.grpc.message.size.max = 32MB (=33554432) (custom)
2021-07-15 15:21:13,831 [Listener at 127.0.0.1/43527] INFO  server.RaftServerConfigKeys (ConfUtils.java:logGet(44)) - raft.server.log.appender.buffer.byte-limit = 33554432 (custom)
2021-07-15 15:21:13,831 [Listener at 127.0.0.1/43527] INFO  server.GrpcService (ConfUtils.java:logGet(44)) - raft.grpc.flow.control.window = 5MB (=5242880) (custom)
2021-07-15 15:21:13,831 [Listener at 127.0.0.1/43527] INFO  server.RaftServerConfigKeys (ConfUtils.java:logGet(44)) - raft.server.rpc.request.timeout = 3000ms (default)
2021-07-15 15:21:13,833 [Listener at 127.0.0.1/43527] INFO  impl.DataStreamServerImpl (ConfUtils.java:logGet(44)) - raft.datastream.type = DISABLED (default)
2021-07-15 15:21:13,833 [Listener at 127.0.0.1/43527] INFO  server.RaftServerConfigKeys (ConfUtils.java:logGet(44)) - raft.server.rpc.slowness.timeout = 1000000ms (custom)
2021-07-15 15:21:13,835 [Listener at 127.0.0.1/43527] INFO  server.RaftServerConfigKeys (ConfUtils.java:logGet(44)) - raft.server.leaderelection.leader.step-down.wait-time = 10s (default)
2021-07-15 15:21:13,836 [Listener at 127.0.0.1/43527] INFO  server.RaftServerConfigKeys (ConfUtils.java:logGet(44)) - raft.server.storage.dir = [/home/runner/work/ozone/ozone/mnt/ozone/hadoop-ozone/integration-test/target/test-dir/MiniOzoneClusterImpl-67a6e2a6-babe-416c-a56a-0c8fe9c2ffa6/datanode-0/data/ratis] (custom)
2021-07-15 15:21:13,911 [Listener at 127.0.0.1/43527] INFO  http.BaseHttpServer (BaseHttpServer.java:newHttpServer2BuilderForOzone(209)) - Starting Web-server for hddsDatanode at: http://0.0.0.0:0
2021-07-15 15:21:13,911 [Listener at 127.0.0.1/43527] INFO  http.BaseHttpServer (BaseHttpServer.java:<init>(107)) - Hadoop Security Enabled: false Ozone Security Enabled: false Ozone HTTP Security Enabled: false 
2021-07-15 15:21:13,913 [Listener at 127.0.0.1/43527] INFO  server.AuthenticationFilter (AuthenticationFilter.java:constructSecretProvider(240)) - Unable to initialize FileSignerSecretProvider, falling back to use random secrets.
2021-07-15 15:21:13,914 [Listener at 127.0.0.1/43527] WARN  http.HttpRequestLog (HttpRequestLog.java:getRequestLog(103)) - Jetty request log can only be enabled using Log4j
2021-07-15 15:21:13,915 [Listener at 127.0.0.1/43527] INFO  http.HttpServer2 (HttpServer2.java:addGlobalFilter(1020)) - Added global filter 'safety' (class=org.apache.hadoop.hdds.server.http.HttpServer2$QuotingInputFilter)
2021-07-15 15:21:13,916 [Listener at 127.0.0.1/43527] INFO  http.HttpServer2 (HttpServer2.java:addFilter(996)) - Added filter static_user_filter (class=org.apache.hadoop.http.lib.StaticUserWebFilter$StaticUserFilter) to context hddsDatanode
2021-07-15 15:21:13,916 [Listener at 127.0.0.1/43527] INFO  http.HttpServer2 (HttpServer2.java:addFilter(1004)) - Added filter static_user_filter (class=org.apache.hadoop.http.lib.StaticUserWebFilter$StaticUserFilter) to context static
2021-07-15 15:21:13,916 [Listener at 127.0.0.1/43527] INFO  http.HttpServer2 (HttpServer2.java:addFilter(1004)) - Added filter static_user_filter (class=org.apache.hadoop.http.lib.StaticUserWebFilter$StaticUserFilter) to context logs
2021-07-15 15:21:13,917 [Listener at 127.0.0.1/43527] INFO  http.HttpServer2 (HttpServer2.java:bindListener(1238)) - Jetty bound to port 33941
2021-07-15 15:21:13,917 [Listener at 127.0.0.1/43527] INFO  server.Server (Server.java:doStart(375)) - jetty-9.4.35.v20201120; built: 2020-11-20T21:17:03.964Z; git: bdc54f03a5e0a7e280fab27f55c3c75ee8da89fb; jvm 1.8.0_292-b10
2021-07-15 15:21:13,922 [Listener at 127.0.0.1/43527] INFO  server.session (DefaultSessionIdManager.java:doStart(334)) - DefaultSessionIdManager workerName=node0
2021-07-15 15:21:13,922 [Listener at 127.0.0.1/43527] INFO  server.session (DefaultSessionIdManager.java:doStart(339)) - No SessionScavenger set, using defaults
2021-07-15 15:21:13,922 [Listener at 127.0.0.1/43527] INFO  server.session (HouseKeeper.java:startScavenging(132)) - node0 Scavenging every 660000ms
2021-07-15 15:21:13,923 [Listener at 127.0.0.1/43527] INFO  handler.ContextHandler (ContextHandler.java:doStart(916)) - Started o.e.j.s.ServletContextHandler@32cbb8c6{logs,/logs,file:///home/runner/work/ozone/ozone/mnt/ozone/hadoop-ozone/integration-test/target/log,AVAILABLE}
2021-07-15 15:21:13,924 [Listener at 127.0.0.1/43527] INFO  handler.ContextHandler (ContextHandler.java:doStart(916)) - Started o.e.j.s.ServletContextHandler@4c3133a1{static,/static,jar:file:/home/runner/.m2/repository/org/apache/ozone/hdds-container-service/1.2.0-SNAPSHOT/hdds-container-service-1.2.0-SNAPSHOT.jar!/webapps/static,AVAILABLE}
2021-07-15 15:21:13,980 [Listener at 127.0.0.1/43527] INFO  handler.ContextHandler (ContextHandler.java:doStart(916)) - Started o.e.j.w.WebAppContext@769fbb26{hddsDatanode,/,file:///tmp/jetty-0_0_0_0-33941-hdds-container-service-1_2_0-SNAPSHOT_jar-_-any-8377565278009037054/webapp/,AVAILABLE}{jar:file:/home/runner/.m2/repository/org/apache/ozone/hdds-container-service/1.2.0-SNAPSHOT/hdds-container-service-1.2.0-SNAPSHOT.jar!/webapps/hddsDatanode}
2021-07-15 15:21:13,983 [Listener at 127.0.0.1/43527] INFO  server.AbstractConnector (AbstractConnector.java:doStart(331)) - Started ServerConnector@5dea8bf2{HTTP/1.1, (http/1.1)}{0.0.0.0:33941}
2021-07-15 15:21:13,984 [Listener at 127.0.0.1/43527] INFO  server.Server (Server.java:doStart(415)) - Started @7230ms
2021-07-15 15:21:13,984 [Listener at 127.0.0.1/43527] WARN  impl.MetricsSystemImpl (MetricsSystemImpl.java:register(279)) - Sink prometheus already exists!
2021-07-15 15:21:13,984 [Listener at 127.0.0.1/43527] INFO  http.BaseHttpServer (BaseHttpServer.java:updateConnectorAddress(329)) - HTTP server of hddsDatanode listening at http://0.0.0.0:33941
2021-07-15 15:21:13,986 [Listener at 127.0.0.1/43527] INFO  impl.MetricsSystemImpl (MetricsSystemImpl.java:init(158)) - HddsDatanode metrics system started (again)
2021-07-15 15:21:14,003 [org.apache.hadoop.util.JvmPauseMonitor$Monitor@17d1aeb8] INFO  util.JvmPauseMonitor (JvmPauseMonitor.java:run(188)) - Starting JVM pause monitor
2021-07-15 15:21:14,018 [Listener at 127.0.0.1/43527] INFO  ozone.HddsDatanodeService (HddsDatanodeService.java:start(223)) - HddsDatanodeService host:fv-az116-592.vzw04321ajxubdbcnpick5nqva.xx.internal.cloudapp.net ip:10.1.0.62
2021-07-15 15:21:14,048 [Listener at 127.0.0.1/43527] INFO  upgrade.AbstractLayoutVersionManager (AbstractLayoutVersionManager.java:init(70)) - Initializing Layout version manager with metadata layout = SCM_HA (version = 2), software layout = SCM_HA (version = 2)
2021-07-15 15:21:14,130 [Listener at 127.0.0.1/43527] INFO  reflections.Reflections (Reflections.java:scan(232)) - Reflections took 79 ms to scan 7 urls, producing 119 keys and 271 values 
2021-07-15 15:21:14,134 [Listener at 127.0.0.1/43527] INFO  volume.HddsVolume (HddsVolume.java:<init>(120)) - Creating HddsVolume: /home/runner/work/ozone/ozone/mnt/ozone/hadoop-ozone/integration-test/target/test-dir/MiniOzoneClusterImpl-67a6e2a6-babe-416c-a56a-0c8fe9c2ffa6/datanode-1/data-0/containers/hdds of storage type : DISK capacity : 9223372036854775807
2021-07-15 15:21:14,135 [Listener at 127.0.0.1/43527] INFO  volume.MutableVolumeSet (MutableVolumeSet.java:initializeVolumeSet(181)) - Added Volume : /home/runner/work/ozone/ozone/mnt/ozone/hadoop-ozone/integration-test/target/test-dir/MiniOzoneClusterImpl-67a6e2a6-babe-416c-a56a-0c8fe9c2ffa6/datanode-1/data-0/containers/hdds to VolumeSet
2021-07-15 15:21:14,135 [Listener at 127.0.0.1/43527] INFO  volume.ThrottledAsyncChecker (ThrottledAsyncChecker.java:schedule(141)) - Scheduling a check for /home/runner/work/ozone/ozone/mnt/ozone/hadoop-ozone/integration-test/target/test-dir/MiniOzoneClusterImpl-67a6e2a6-babe-416c-a56a-0c8fe9c2ffa6/datanode-1/data-0/containers/hdds
2021-07-15 15:21:14,135 [Listener at 127.0.0.1/43527] INFO  volume.StorageVolumeChecker (StorageVolumeChecker.java:checkAllVolumes(203)) - Scheduled health check for volume /home/runner/work/ozone/ozone/mnt/ozone/hadoop-ozone/integration-test/target/test-dir/MiniOzoneClusterImpl-67a6e2a6-babe-416c-a56a-0c8fe9c2ffa6/datanode-1/data-0/containers/hdds
2021-07-15 15:21:14,164 [Listener at 127.0.0.1/43527] INFO  volume.MutableVolumeSet (MutableVolumeSet.java:initializeVolumeSet(181)) - Added Volume : /home/runner/work/ozone/ozone/mnt/ozone/hadoop-ozone/integration-test/target/test-dir/MiniOzoneClusterImpl-67a6e2a6-babe-416c-a56a-0c8fe9c2ffa6/datanode-1/data/ratis to VolumeSet
2021-07-15 15:21:14,170 [Listener at 127.0.0.1/43527] INFO  volume.ThrottledAsyncChecker (ThrottledAsyncChecker.java:schedule(141)) - Scheduling a check for /home/runner/work/ozone/ozone/mnt/ozone/hadoop-ozone/integration-test/target/test-dir/MiniOzoneClusterImpl-67a6e2a6-babe-416c-a56a-0c8fe9c2ffa6/datanode-1/data/ratis
2021-07-15 15:21:14,171 [Listener at 127.0.0.1/43527] INFO  volume.StorageVolumeChecker (StorageVolumeChecker.java:checkAllVolumes(203)) - Scheduled health check for volume /home/runner/work/ozone/ozone/mnt/ozone/hadoop-ozone/integration-test/target/test-dir/MiniOzoneClusterImpl-67a6e2a6-babe-416c-a56a-0c8fe9c2ffa6/datanode-1/data/ratis
2021-07-15 15:21:14,183 [Datanode State Machine Task Thread - 0] INFO  datanode.InitDatanodeState (InitDatanodeState.java:persistContainerDatanodeDetails(145)) - DatanodeDetails is persisted to /home/runner/work/ozone/ozone/mnt/ozone/hadoop-ozone/integration-test/target/test-dir/MiniOzoneClusterImpl-67a6e2a6-babe-416c-a56a-0c8fe9c2ffa6/datanode-0/meta/datanode.id
2021-07-15 15:21:14,195 [Listener at 127.0.0.1/43527] INFO  ozoneimpl.ContainerReader (ContainerReader.java:<init>(98)) - Running in upgrade mode:true
2021-07-15 15:21:14,201 [Thread-138] INFO  ozoneimpl.ContainerReader (ContainerReader.java:readVolume(142)) - Start to verify containers on volume /home/runner/work/ozone/ozone/mnt/ozone/hadoop-ozone/integration-test/target/test-dir/MiniOzoneClusterImpl-67a6e2a6-babe-416c-a56a-0c8fe9c2ffa6/datanode-1/data-0/containers/hdds
2021-07-15 15:21:14,201 [Thread-138] INFO  ozoneimpl.ContainerReader (ContainerReader.java:readVolume(174)) - Finish verifying containers on volume /home/runner/work/ozone/ozone/mnt/ozone/hadoop-ozone/integration-test/target/test-dir/MiniOzoneClusterImpl-67a6e2a6-babe-416c-a56a-0c8fe9c2ffa6/datanode-1/data-0/containers/hdds
2021-07-15 15:21:14,202 [Listener at 127.0.0.1/43527] INFO  ozoneimpl.OzoneContainer (OzoneContainer.java:buildContainerSet(237)) - Build ContainerSet costs 0s
2021-07-15 15:21:14,207 [Listener at 127.0.0.1/43527] INFO  server.RaftServer (ConfUtils.java:logGet(44)) - raft.rpc.type = GRPC (default)
2021-07-15 15:21:14,207 [Listener at 127.0.0.1/43527] INFO  grpc.GrpcFactory (GrpcFactory.java:checkPooledByteBufAllocatorUseCacheForAllThreads(48)) - PERFORMANCE WARNING: useCacheForAllThreads is true that may cause Netty to create a lot garbage objects and, as a result, trigger GC.
	It is recommended to disable useCacheForAllThreads by setting -Dorg.apache.ratis.thirdparty.io.netty.allocator.useCacheForAllThreads=false in command line.
2021-07-15 15:21:14,208 [Listener at 127.0.0.1/43527] INFO  grpc.GrpcConfigKeys (ConfUtils.java:logGet(44)) - raft.grpc.admin.port = 0 (custom)
2021-07-15 15:21:14,208 [Listener at 127.0.0.1/43527] INFO  grpc.GrpcConfigKeys (ConfUtils.java:logGet(44)) - raft.grpc.client.port = 0 (custom)
2021-07-15 15:21:14,209 [Listener at 127.0.0.1/43527] INFO  grpc.GrpcConfigKeys (ConfUtils.java:logGet(44)) - raft.grpc.server.port = 0 (default)
2021-07-15 15:21:14,209 [Listener at 127.0.0.1/43527] INFO  server.GrpcService (ConfUtils.java:logGet(44)) - raft.grpc.message.size.max = 32MB (=33554432) (custom)
2021-07-15 15:21:14,209 [Listener at 127.0.0.1/43527] INFO  server.RaftServerConfigKeys (ConfUtils.java:logGet(44)) - raft.server.log.appender.buffer.byte-limit = 33554432 (custom)
2021-07-15 15:21:14,210 [Listener at 127.0.0.1/43527] INFO  server.GrpcService (ConfUtils.java:logGet(44)) - raft.grpc.flow.control.window = 5MB (=5242880) (custom)
2021-07-15 15:21:14,210 [Listener at 127.0.0.1/43527] INFO  server.RaftServerConfigKeys (ConfUtils.java:logGet(44)) - raft.server.rpc.request.timeout = 3000ms (default)
2021-07-15 15:21:14,211 [Listener at 127.0.0.1/43527] INFO  impl.DataStreamServerImpl (ConfUtils.java:logGet(44)) - raft.datastream.type = DISABLED (default)
2021-07-15 15:21:14,212 [Listener at 127.0.0.1/43527] INFO  server.RaftServerConfigKeys (ConfUtils.java:logGet(44)) - raft.server.rpc.slowness.timeout = 1000000ms (custom)
2021-07-15 15:21:14,214 [Listener at 127.0.0.1/43527] INFO  server.RaftServerConfigKeys (ConfUtils.java:logGet(44)) - raft.server.leaderelection.leader.step-down.wait-time = 10s (default)
2021-07-15 15:21:14,214 [Listener at 127.0.0.1/43527] INFO  server.RaftServerConfigKeys (ConfUtils.java:logGet(44)) - raft.server.storage.dir = [/home/runner/work/ozone/ozone/mnt/ozone/hadoop-ozone/integration-test/target/test-dir/MiniOzoneClusterImpl-67a6e2a6-babe-416c-a56a-0c8fe9c2ffa6/datanode-1/data/ratis] (custom)
2021-07-15 15:21:14,222 [Listener at 127.0.0.1/43527] INFO  http.BaseHttpServer (BaseHttpServer.java:newHttpServer2BuilderForOzone(209)) - Starting Web-server for hddsDatanode at: http://0.0.0.0:0
2021-07-15 15:21:14,222 [Listener at 127.0.0.1/43527] INFO  http.BaseHttpServer (BaseHttpServer.java:<init>(107)) - Hadoop Security Enabled: false Ozone Security Enabled: false Ozone HTTP Security Enabled: false 
2021-07-15 15:21:14,224 [Listener at 127.0.0.1/43527] INFO  server.AuthenticationFilter (AuthenticationFilter.java:constructSecretProvider(240)) - Unable to initialize FileSignerSecretProvider, falling back to use random secrets.
2021-07-15 15:21:14,224 [Listener at 127.0.0.1/43527] WARN  http.HttpRequestLog (HttpRequestLog.java:getRequestLog(103)) - Jetty request log can only be enabled using Log4j
2021-07-15 15:21:14,225 [Listener at 127.0.0.1/43527] INFO  http.HttpServer2 (HttpServer2.java:addGlobalFilter(1020)) - Added global filter 'safety' (class=org.apache.hadoop.hdds.server.http.HttpServer2$QuotingInputFilter)
2021-07-15 15:21:14,226 [Listener at 127.0.0.1/43527] INFO  http.HttpServer2 (HttpServer2.java:addFilter(996)) - Added filter static_user_filter (class=org.apache.hadoop.http.lib.StaticUserWebFilter$StaticUserFilter) to context hddsDatanode
2021-07-15 15:21:14,226 [Listener at 127.0.0.1/43527] INFO  http.HttpServer2 (HttpServer2.java:addFilter(1004)) - Added filter static_user_filter (class=org.apache.hadoop.http.lib.StaticUserWebFilter$StaticUserFilter) to context logs
2021-07-15 15:21:14,227 [Listener at 127.0.0.1/43527] INFO  http.HttpServer2 (HttpServer2.java:addFilter(1004)) - Added filter static_user_filter (class=org.apache.hadoop.http.lib.StaticUserWebFilter$StaticUserFilter) to context static
2021-07-15 15:21:14,228 [Listener at 127.0.0.1/43527] INFO  http.HttpServer2 (HttpServer2.java:bindListener(1238)) - Jetty bound to port 33419
2021-07-15 15:21:14,228 [Listener at 127.0.0.1/43527] INFO  server.Server (Server.java:doStart(375)) - jetty-9.4.35.v20201120; built: 2020-11-20T21:17:03.964Z; git: bdc54f03a5e0a7e280fab27f55c3c75ee8da89fb; jvm 1.8.0_292-b10
2021-07-15 15:21:14,231 [Listener at 127.0.0.1/43527] INFO  server.session (DefaultSessionIdManager.java:doStart(334)) - DefaultSessionIdManager workerName=node0
2021-07-15 15:21:14,231 [Listener at 127.0.0.1/43527] INFO  server.session (DefaultSessionIdManager.java:doStart(339)) - No SessionScavenger set, using defaults
2021-07-15 15:21:14,232 [Listener at 127.0.0.1/43527] INFO  server.session (HouseKeeper.java:startScavenging(132)) - node0 Scavenging every 660000ms
2021-07-15 15:21:14,234 [Listener at 127.0.0.1/43527] INFO  handler.ContextHandler (ContextHandler.java:doStart(916)) - Started o.e.j.s.ServletContextHandler@79e464a{logs,/logs,file:///home/runner/work/ozone/ozone/mnt/ozone/hadoop-ozone/integration-test/target/log,AVAILABLE}
2021-07-15 15:21:14,234 [Listener at 127.0.0.1/43527] INFO  handler.ContextHandler (ContextHandler.java:doStart(916)) - Started o.e.j.s.ServletContextHandler@578fb678{static,/static,jar:file:/home/runner/.m2/repository/org/apache/ozone/hdds-container-service/1.2.0-SNAPSHOT/hdds-container-service-1.2.0-SNAPSHOT.jar!/webapps/static,AVAILABLE}
2021-07-15 15:21:14,295 [Listener at 127.0.0.1/43527] INFO  handler.ContextHandler (ContextHandler.java:doStart(916)) - Started o.e.j.w.WebAppContext@54dd2962{hddsDatanode,/,file:///tmp/jetty-0_0_0_0-33419-hdds-container-service-1_2_0-SNAPSHOT_jar-_-any-3692909220475701709/webapp/,AVAILABLE}{jar:file:/home/runner/.m2/repository/org/apache/ozone/hdds-container-service/1.2.0-SNAPSHOT/hdds-container-service-1.2.0-SNAPSHOT.jar!/webapps/hddsDatanode}
2021-07-15 15:21:14,296 [Listener at 127.0.0.1/43527] INFO  server.AbstractConnector (AbstractConnector.java:doStart(331)) - Started ServerConnector@712e49ef{HTTP/1.1, (http/1.1)}{0.0.0.0:33419}
2021-07-15 15:21:14,297 [Listener at 127.0.0.1/43527] INFO  server.Server (Server.java:doStart(415)) - Started @7543ms
2021-07-15 15:21:14,297 [Listener at 127.0.0.1/43527] WARN  impl.MetricsSystemImpl (MetricsSystemImpl.java:register(279)) - Sink prometheus already exists!
2021-07-15 15:21:14,298 [Listener at 127.0.0.1/43527] INFO  http.BaseHttpServer (BaseHttpServer.java:updateConnectorAddress(329)) - HTTP server of hddsDatanode listening at http://0.0.0.0:33419
2021-07-15 15:21:14,301 [Listener at 127.0.0.1/43527] INFO  impl.MetricsSystemImpl (MetricsSystemImpl.java:init(158)) - HddsDatanode metrics system started (again)
2021-07-15 15:21:14,321 [org.apache.hadoop.util.JvmPauseMonitor$Monitor@7f3124be] INFO  util.JvmPauseMonitor (JvmPauseMonitor.java:run(188)) - Starting JVM pause monitor
2021-07-15 15:21:14,339 [Listener at 127.0.0.1/43527] INFO  ozone.HddsDatanodeService (HddsDatanodeService.java:start(223)) - HddsDatanodeService host:fv-az116-592.vzw04321ajxubdbcnpick5nqva.xx.internal.cloudapp.net ip:10.1.0.62
2021-07-15 15:21:14,341 [om1@group-C5BA1605619E-FollowerState] INFO  impl.FollowerState (FollowerState.java:run(134)) - om1@group-C5BA1605619E-FollowerState: change to CANDIDATE, lastRpcElapsedTime:1110557005ns, electionTimeout:1104ms
2021-07-15 15:21:14,342 [om1@group-C5BA1605619E-FollowerState] INFO  impl.RoleInfo (RoleInfo.java:shutdownFollowerState(108)) - om1: shutdown om1@group-C5BA1605619E-FollowerState
2021-07-15 15:21:14,343 [om1@group-C5BA1605619E-FollowerState] INFO  server.RaftServer$Division (RaftServerImpl.java:setRole(284)) - om1@group-C5BA1605619E: changes role from  FOLLOWER to CANDIDATE at term 0 for changeToCandidate
2021-07-15 15:21:14,352 [Datanode State Machine Task Thread - 0] INFO  datanode.InitDatanodeState (InitDatanodeState.java:persistContainerDatanodeDetails(145)) - DatanodeDetails is persisted to /home/runner/work/ozone/ozone/mnt/ozone/hadoop-ozone/integration-test/target/test-dir/MiniOzoneClusterImpl-67a6e2a6-babe-416c-a56a-0c8fe9c2ffa6/datanode-1/meta/datanode.id
2021-07-15 15:21:14,353 [om1@group-C5BA1605619E-FollowerState] INFO  server.RaftServerConfigKeys (ConfUtils.java:logGet(44)) - raft.server.leaderelection.pre-vote = false (custom)
2021-07-15 15:21:14,353 [om1@group-C5BA1605619E-FollowerState] INFO  impl.RoleInfo (RoleInfo.java:updateAndGet(130)) - om1: start om1@group-C5BA1605619E-LeaderElection1
2021-07-15 15:21:14,375 [Listener at 127.0.0.1/43527] INFO  upgrade.AbstractLayoutVersionManager (AbstractLayoutVersionManager.java:init(70)) - Initializing Layout version manager with metadata layout = SCM_HA (version = 2), software layout = SCM_HA (version = 2)
2021-07-15 15:21:14,382 [om1@group-C5BA1605619E-LeaderElection1] INFO  impl.LeaderElection (LeaderElection.java:askForVotes(306)) - om1@group-C5BA1605619E-LeaderElection1 ELECTION round 0: submit vote requests at term 1 for -1: [om1|rpc:localhost:9872|priority:0], old=null
2021-07-15 15:21:14,391 [om1@group-C5BA1605619E-LeaderElection1] INFO  impl.LeaderElection (LeaderElection.java:askForVotes(308)) - om1@group-C5BA1605619E-LeaderElection1 ELECTION round 0: result PASSED (term=1)
2021-07-15 15:21:14,392 [om1@group-C5BA1605619E-LeaderElection1] INFO  impl.RoleInfo (RoleInfo.java:shutdownLeaderElection(121)) - om1: shutdown om1@group-C5BA1605619E-LeaderElection1
2021-07-15 15:21:14,392 [om1@group-C5BA1605619E-LeaderElection1] INFO  server.RaftServer$Division (RaftServerImpl.java:setRole(284)) - om1@group-C5BA1605619E: changes role from CANDIDATE to LEADER at term 1 for changeToLeader
2021-07-15 15:21:14,393 [om1@group-C5BA1605619E-LeaderElection1] INFO  server.RaftServer$Division (ServerState.java:setLeader(271)) - om1@group-C5BA1605619E: change Leader from null to om1 at term 1 for becomeLeader, leader elected after 1438ms
2021-07-15 15:21:14,403 [om1@group-C5BA1605619E-LeaderElection1] INFO  server.RaftServerConfigKeys (ConfUtils.java:logGet(44)) - raft.server.staging.catchup.gap = 1000 (default)
2021-07-15 15:21:14,408 [om1@group-C5BA1605619E-LeaderElection1] INFO  metrics.RatisMetrics (RatisMetrics.java:lambda$create$0(36)) - Creating Metrics Registry : ratis.log_appender.om1@group-C5BA1605619E
2021-07-15 15:21:14,420 [om1@group-C5BA1605619E-LeaderElection1] INFO  server.RaftServerConfigKeys (ConfUtils.java:logGet(44)) - raft.server.write.element-limit = 4096 (default)
2021-07-15 15:21:14,421 [om1@group-C5BA1605619E-LeaderElection1] INFO  server.RaftServerConfigKeys (ConfUtils.java:logGet(44)) - raft.server.write.byte-limit = 64MB (=67108864) (default)
2021-07-15 15:21:14,459 [om1@group-C5BA1605619E-LeaderElection1] INFO  server.RaftServerConfigKeys (ConfUtils.java:logGet(44)) - raft.server.watch.timeout = 10s (default)
2021-07-15 15:21:14,459 [om1@group-C5BA1605619E-LeaderElection1] INFO  server.RaftServerConfigKeys (ConfUtils.java:logGet(44)) - raft.server.watch.timeout.denomination = 1s (default)
2021-07-15 15:21:14,460 [om1@group-C5BA1605619E-LeaderElection1] INFO  server.RaftServerConfigKeys (ConfUtils.java:logGet(44)) - raft.server.watch.element-limit = 65536 (default)
2021-07-15 15:21:14,482 [om1@group-C5BA1605619E-LeaderElection1] INFO  impl.RoleInfo (RoleInfo.java:updateAndGet(130)) - om1: start om1@group-C5BA1605619E-LeaderStateImpl
2021-07-15 15:21:14,777 [Listener at 127.0.0.1/43527] INFO  reflections.Reflections (Reflections.java:scan(232)) - Reflections took 398 ms to scan 7 urls, producing 119 keys and 271 values 
2021-07-15 15:21:14,791 [Listener at 127.0.0.1/43527] INFO  volume.HddsVolume (HddsVolume.java:<init>(120)) - Creating HddsVolume: /home/runner/work/ozone/ozone/mnt/ozone/hadoop-ozone/integration-test/target/test-dir/MiniOzoneClusterImpl-67a6e2a6-babe-416c-a56a-0c8fe9c2ffa6/datanode-2/data-0/containers/hdds of storage type : DISK capacity : 9223372036854775807
2021-07-15 15:21:14,802 [Listener at 127.0.0.1/43527] INFO  volume.MutableVolumeSet (MutableVolumeSet.java:initializeVolumeSet(181)) - Added Volume : /home/runner/work/ozone/ozone/mnt/ozone/hadoop-ozone/integration-test/target/test-dir/MiniOzoneClusterImpl-67a6e2a6-babe-416c-a56a-0c8fe9c2ffa6/datanode-2/data-0/containers/hdds to VolumeSet
2021-07-15 15:21:14,803 [Listener at 127.0.0.1/43527] INFO  volume.ThrottledAsyncChecker (ThrottledAsyncChecker.java:schedule(141)) - Scheduling a check for /home/runner/work/ozone/ozone/mnt/ozone/hadoop-ozone/integration-test/target/test-dir/MiniOzoneClusterImpl-67a6e2a6-babe-416c-a56a-0c8fe9c2ffa6/datanode-2/data-0/containers/hdds
2021-07-15 15:21:14,811 [Listener at 127.0.0.1/43527] INFO  volume.StorageVolumeChecker (StorageVolumeChecker.java:checkAllVolumes(203)) - Scheduled health check for volume /home/runner/work/ozone/ozone/mnt/ozone/hadoop-ozone/integration-test/target/test-dir/MiniOzoneClusterImpl-67a6e2a6-babe-416c-a56a-0c8fe9c2ffa6/datanode-2/data-0/containers/hdds
2021-07-15 15:21:14,849 [om1@group-C5BA1605619E-LeaderElection1] INFO  segmented.SegmentedRaftLogWorker (SegmentedRaftLogWorker.java:startLogSegment(394)) - om1@group-C5BA1605619E-SegmentedRaftLogWorker: Starting segment from index:0
2021-07-15 15:21:14,874 [Listener at 127.0.0.1/43527] INFO  volume.MutableVolumeSet (MutableVolumeSet.java:initializeVolumeSet(181)) - Added Volume : /home/runner/work/ozone/ozone/mnt/ozone/hadoop-ozone/integration-test/target/test-dir/MiniOzoneClusterImpl-67a6e2a6-babe-416c-a56a-0c8fe9c2ffa6/datanode-2/data/ratis to VolumeSet
2021-07-15 15:21:14,876 [Listener at 127.0.0.1/43527] INFO  volume.ThrottledAsyncChecker (ThrottledAsyncChecker.java:schedule(141)) - Scheduling a check for /home/runner/work/ozone/ozone/mnt/ozone/hadoop-ozone/integration-test/target/test-dir/MiniOzoneClusterImpl-67a6e2a6-babe-416c-a56a-0c8fe9c2ffa6/datanode-2/data/ratis
2021-07-15 15:21:14,876 [Listener at 127.0.0.1/43527] INFO  volume.StorageVolumeChecker (StorageVolumeChecker.java:checkAllVolumes(203)) - Scheduled health check for volume /home/runner/work/ozone/ozone/mnt/ozone/hadoop-ozone/integration-test/target/test-dir/MiniOzoneClusterImpl-67a6e2a6-babe-416c-a56a-0c8fe9c2ffa6/datanode-2/data/ratis
2021-07-15 15:21:14,903 [Listener at 127.0.0.1/43527] INFO  ozoneimpl.ContainerReader (ContainerReader.java:<init>(98)) - Running in upgrade mode:true
2021-07-15 15:21:14,913 [om1@group-C5BA1605619E-LeaderElection1] INFO  server.RaftServer$Division (ServerState.java:setRaftConf(373)) - om1@group-C5BA1605619E: set configuration 0: [om1|rpc:localhost:9872|admin:|client:|dataStream:|priority:0], old=null
2021-07-15 15:21:14,917 [Thread-151] INFO  ozoneimpl.ContainerReader (ContainerReader.java:readVolume(142)) - Start to verify containers on volume /home/runner/work/ozone/ozone/mnt/ozone/hadoop-ozone/integration-test/target/test-dir/MiniOzoneClusterImpl-67a6e2a6-babe-416c-a56a-0c8fe9c2ffa6/datanode-2/data-0/containers/hdds
2021-07-15 15:21:14,917 [Thread-151] INFO  ozoneimpl.ContainerReader (ContainerReader.java:readVolume(174)) - Finish verifying containers on volume /home/runner/work/ozone/ozone/mnt/ozone/hadoop-ozone/integration-test/target/test-dir/MiniOzoneClusterImpl-67a6e2a6-babe-416c-a56a-0c8fe9c2ffa6/datanode-2/data-0/containers/hdds
2021-07-15 15:21:14,917 [Listener at 127.0.0.1/43527] INFO  ozoneimpl.OzoneContainer (OzoneContainer.java:buildContainerSet(237)) - Build ContainerSet costs 0s
2021-07-15 15:21:14,921 [Listener at 127.0.0.1/43527] INFO  server.RaftServer (ConfUtils.java:logGet(44)) - raft.rpc.type = GRPC (default)
2021-07-15 15:21:14,921 [Listener at 127.0.0.1/43527] INFO  grpc.GrpcFactory (GrpcFactory.java:checkPooledByteBufAllocatorUseCacheForAllThreads(48)) - PERFORMANCE WARNING: useCacheForAllThreads is true that may cause Netty to create a lot garbage objects and, as a result, trigger GC.
	It is recommended to disable useCacheForAllThreads by setting -Dorg.apache.ratis.thirdparty.io.netty.allocator.useCacheForAllThreads=false in command line.
2021-07-15 15:21:14,923 [Listener at 127.0.0.1/43527] INFO  grpc.GrpcConfigKeys (ConfUtils.java:logGet(44)) - raft.grpc.admin.port = 0 (custom)
2021-07-15 15:21:14,923 [Listener at 127.0.0.1/43527] INFO  grpc.GrpcConfigKeys (ConfUtils.java:logGet(44)) - raft.grpc.client.port = 0 (custom)
2021-07-15 15:21:14,923 [Listener at 127.0.0.1/43527] INFO  grpc.GrpcConfigKeys (ConfUtils.java:logGet(44)) - raft.grpc.server.port = 0 (default)
2021-07-15 15:21:14,924 [Listener at 127.0.0.1/43527] INFO  server.GrpcService (ConfUtils.java:logGet(44)) - raft.grpc.message.size.max = 32MB (=33554432) (custom)
2021-07-15 15:21:14,924 [Listener at 127.0.0.1/43527] INFO  server.RaftServerConfigKeys (ConfUtils.java:logGet(44)) - raft.server.log.appender.buffer.byte-limit = 33554432 (custom)
2021-07-15 15:21:14,924 [Listener at 127.0.0.1/43527] INFO  server.GrpcService (ConfUtils.java:logGet(44)) - raft.grpc.flow.control.window = 5MB (=5242880) (custom)
2021-07-15 15:21:14,924 [Listener at 127.0.0.1/43527] INFO  server.RaftServerConfigKeys (ConfUtils.java:logGet(44)) - raft.server.rpc.request.timeout = 3000ms (default)
2021-07-15 15:21:14,925 [Listener at 127.0.0.1/43527] INFO  impl.DataStreamServerImpl (ConfUtils.java:logGet(44)) - raft.datastream.type = DISABLED (default)
2021-07-15 15:21:14,926 [Listener at 127.0.0.1/43527] INFO  server.RaftServerConfigKeys (ConfUtils.java:logGet(44)) - raft.server.rpc.slowness.timeout = 1000000ms (custom)
2021-07-15 15:21:14,926 [Listener at 127.0.0.1/43527] INFO  server.RaftServerConfigKeys (ConfUtils.java:logGet(44)) - raft.server.leaderelection.leader.step-down.wait-time = 10s (default)
2021-07-15 15:21:14,926 [Listener at 127.0.0.1/43527] INFO  server.RaftServerConfigKeys (ConfUtils.java:logGet(44)) - raft.server.storage.dir = [/home/runner/work/ozone/ozone/mnt/ozone/hadoop-ozone/integration-test/target/test-dir/MiniOzoneClusterImpl-67a6e2a6-babe-416c-a56a-0c8fe9c2ffa6/datanode-2/data/ratis] (custom)
2021-07-15 15:21:14,932 [Listener at 127.0.0.1/43527] INFO  http.BaseHttpServer (BaseHttpServer.java:newHttpServer2BuilderForOzone(209)) - Starting Web-server for hddsDatanode at: http://0.0.0.0:0
2021-07-15 15:21:14,932 [Listener at 127.0.0.1/43527] INFO  http.BaseHttpServer (BaseHttpServer.java:<init>(107)) - Hadoop Security Enabled: false Ozone Security Enabled: false Ozone HTTP Security Enabled: false 
2021-07-15 15:21:14,933 [Listener at 127.0.0.1/43527] INFO  server.AuthenticationFilter (AuthenticationFilter.java:constructSecretProvider(240)) - Unable to initialize FileSignerSecretProvider, falling back to use random secrets.
2021-07-15 15:21:14,941 [Listener at 127.0.0.1/43527] WARN  http.HttpRequestLog (HttpRequestLog.java:getRequestLog(103)) - Jetty request log can only be enabled using Log4j
2021-07-15 15:21:14,942 [Listener at 127.0.0.1/43527] INFO  http.HttpServer2 (HttpServer2.java:addGlobalFilter(1020)) - Added global filter 'safety' (class=org.apache.hadoop.hdds.server.http.HttpServer2$QuotingInputFilter)
2021-07-15 15:21:14,943 [Listener at 127.0.0.1/43527] INFO  http.HttpServer2 (HttpServer2.java:addFilter(996)) - Added filter static_user_filter (class=org.apache.hadoop.http.lib.StaticUserWebFilter$StaticUserFilter) to context hddsDatanode
2021-07-15 15:21:14,943 [Listener at 127.0.0.1/43527] INFO  http.HttpServer2 (HttpServer2.java:addFilter(1004)) - Added filter static_user_filter (class=org.apache.hadoop.http.lib.StaticUserWebFilter$StaticUserFilter) to context logs
2021-07-15 15:21:14,943 [Listener at 127.0.0.1/43527] INFO  http.HttpServer2 (HttpServer2.java:addFilter(1004)) - Added filter static_user_filter (class=org.apache.hadoop.http.lib.StaticUserWebFilter$StaticUserFilter) to context static
2021-07-15 15:21:14,944 [Listener at 127.0.0.1/43527] INFO  http.HttpServer2 (HttpServer2.java:bindListener(1238)) - Jetty bound to port 34533
2021-07-15 15:21:14,944 [Listener at 127.0.0.1/43527] INFO  server.Server (Server.java:doStart(375)) - jetty-9.4.35.v20201120; built: 2020-11-20T21:17:03.964Z; git: bdc54f03a5e0a7e280fab27f55c3c75ee8da89fb; jvm 1.8.0_292-b10
2021-07-15 15:21:14,957 [Listener at 127.0.0.1/43527] INFO  server.session (DefaultSessionIdManager.java:doStart(334)) - DefaultSessionIdManager workerName=node0
2021-07-15 15:21:14,958 [Listener at 127.0.0.1/43527] INFO  server.session (DefaultSessionIdManager.java:doStart(339)) - No SessionScavenger set, using defaults
2021-07-15 15:21:14,958 [Listener at 127.0.0.1/43527] INFO  server.session (HouseKeeper.java:startScavenging(132)) - node0 Scavenging every 660000ms
2021-07-15 15:21:14,959 [Listener at 127.0.0.1/43527] INFO  handler.ContextHandler (ContextHandler.java:doStart(916)) - Started o.e.j.s.ServletContextHandler@1cad885b{logs,/logs,file:///home/runner/work/ozone/ozone/mnt/ozone/hadoop-ozone/integration-test/target/log,AVAILABLE}
2021-07-15 15:21:14,959 [Listener at 127.0.0.1/43527] INFO  handler.ContextHandler (ContextHandler.java:doStart(916)) - Started o.e.j.s.ServletContextHandler@122c8b64{static,/static,jar:file:/home/runner/.m2/repository/org/apache/ozone/hdds-container-service/1.2.0-SNAPSHOT/hdds-container-service-1.2.0-SNAPSHOT.jar!/webapps/static,AVAILABLE}
2021-07-15 15:21:15,007 [Listener at 127.0.0.1/43527] INFO  handler.ContextHandler (ContextHandler.java:doStart(916)) - Started o.e.j.w.WebAppContext@5a5d16c2{hddsDatanode,/,file:///tmp/jetty-0_0_0_0-34533-hdds-container-service-1_2_0-SNAPSHOT_jar-_-any-3151778199056946447/webapp/,AVAILABLE}{jar:file:/home/runner/.m2/repository/org/apache/ozone/hdds-container-service/1.2.0-SNAPSHOT/hdds-container-service-1.2.0-SNAPSHOT.jar!/webapps/hddsDatanode}
2021-07-15 15:21:15,008 [Listener at 127.0.0.1/43527] INFO  server.AbstractConnector (AbstractConnector.java:doStart(331)) - Started ServerConnector@17baf642{HTTP/1.1, (http/1.1)}{0.0.0.0:34533}
2021-07-15 15:21:15,009 [Listener at 127.0.0.1/43527] INFO  server.Server (Server.java:doStart(415)) - Started @8255ms
2021-07-15 15:21:15,010 [Listener at 127.0.0.1/43527] WARN  impl.MetricsSystemImpl (MetricsSystemImpl.java:register(279)) - Sink prometheus already exists!
2021-07-15 15:21:15,010 [Listener at 127.0.0.1/43527] INFO  http.BaseHttpServer (BaseHttpServer.java:updateConnectorAddress(329)) - HTTP server of hddsDatanode listening at http://0.0.0.0:34533
2021-07-15 15:21:15,012 [Listener at 127.0.0.1/43527] INFO  ozone.MiniOzoneClusterImpl (MiniOzoneClusterImpl.java:lambda$waitForClusterToBeReady$0(230)) - Waiting for nodes to be ready. Got 0 of 3 DN Heartbeats.
2021-07-15 15:21:15,012 [Listener at 127.0.0.1/43527] INFO  ozone.MiniOzoneClusterImpl (MiniOzoneClusterImpl.java:lambda$waitForClusterToBeReady$0(233)) - Waiting for cluster to exit safe mode
2021-07-15 15:21:15,012 [Listener at 127.0.0.1/43527] INFO  ozone.MiniOzoneClusterImpl (MiniOzoneClusterImpl.java:lambda$waitForClusterToBeReady$0(235)) - SCM became leader
2021-07-15 15:21:15,014 [om1@group-C5BA1605619E-SegmentedRaftLogWorker] INFO  segmented.SegmentedRaftLogWorker (SegmentedRaftLogWorker.java:execute(601)) - om1@group-C5BA1605619E-SegmentedRaftLogWorker: created new log segment /home/runner/work/ozone/ozone/mnt/ozone/hadoop-ozone/integration-test/target/test-dir/MiniOzoneClusterImpl-67a6e2a6-babe-416c-a56a-0c8fe9c2ffa6/ozone-meta/ratis/bf265839-605b-3f16-9796-c5ba1605619e/current/log_inprogress_0
2021-07-15 15:21:15,026 [org.apache.hadoop.util.JvmPauseMonitor$Monitor@1420c754] INFO  util.JvmPauseMonitor (JvmPauseMonitor.java:run(188)) - Starting JVM pause monitor
2021-07-15 15:21:15,028 [Datanode State Machine Task Thread - 0] INFO  datanode.InitDatanodeState (InitDatanodeState.java:persistContainerDatanodeDetails(145)) - DatanodeDetails is persisted to /home/runner/work/ozone/ozone/mnt/ozone/hadoop-ozone/integration-test/target/test-dir/MiniOzoneClusterImpl-67a6e2a6-babe-416c-a56a-0c8fe9c2ffa6/datanode-2/meta/datanode.id
2021-07-15 15:21:16,013 [Listener at 127.0.0.1/43527] INFO  ozone.MiniOzoneClusterImpl (MiniOzoneClusterImpl.java:lambda$waitForClusterToBeReady$0(230)) - Waiting for nodes to be ready. Got 0 of 3 DN Heartbeats.
2021-07-15 15:21:16,013 [Listener at 127.0.0.1/43527] INFO  ozone.MiniOzoneClusterImpl (MiniOzoneClusterImpl.java:lambda$waitForClusterToBeReady$0(233)) - Waiting for cluster to exit safe mode
2021-07-15 15:21:16,013 [Listener at 127.0.0.1/43527] INFO  ozone.MiniOzoneClusterImpl (MiniOzoneClusterImpl.java:lambda$waitForClusterToBeReady$0(235)) - SCM became leader
2021-07-15 15:21:16,061 [EndpointStateMachine task thread for /0.0.0.0:45643 - 0 ] INFO  ozoneimpl.OzoneContainer (OzoneContainer.java:start(305)) - Attempting to start container services.
2021-07-15 15:21:16,063 [EndpointStateMachine task thread for /0.0.0.0:45643 - 0 ] INFO  ozoneimpl.OzoneContainer (OzoneContainer.java:startContainerScrub(250)) - Background container scanner has been disabled.
2021-07-15 15:21:16,065 [EndpointStateMachine task thread for /0.0.0.0:45643 - 0 ] INFO  replication.ReplicationServer (ReplicationServer.java:start(106)) - ReplicationServer is started using port 38497
2021-07-15 15:21:16,069 [EndpointStateMachine task thread for /0.0.0.0:45643 - 0 ] INFO  ratis.XceiverServerRatis (XceiverServerRatis.java:start(478)) - Starting XceiverServerRatis 938969cd-6f27-4e77-a3a7-149c5df66c5a
2021-07-15 15:21:16,074 [EndpointStateMachine task thread for /0.0.0.0:45643 - 0 ] INFO  server.RaftServer (RaftServerProxy.java:lambda$start$5(374)) - 938969cd-6f27-4e77-a3a7-149c5df66c5a: start RPC server
2021-07-15 15:21:16,075 [EndpointStateMachine task thread for /0.0.0.0:45643 - 0 ] INFO  server.GrpcService (GrpcService.java:startImpl(253)) - 938969cd-6f27-4e77-a3a7-149c5df66c5a: GrpcService started, listening on 42485
2021-07-15 15:21:16,077 [EndpointStateMachine task thread for /0.0.0.0:45643 - 0 ] INFO  ratis.XceiverServerRatis (XceiverServerRatis.java:getRealPort(499)) - XceiverServerRatis 938969cd-6f27-4e77-a3a7-149c5df66c5a is started using port 42485 for RATIS
2021-07-15 15:21:16,077 [EndpointStateMachine task thread for /0.0.0.0:45643 - 0 ] INFO  ratis.XceiverServerRatis (XceiverServerRatis.java:getRealPort(499)) - XceiverServerRatis 938969cd-6f27-4e77-a3a7-149c5df66c5a is started using port 42485 for RATIS_ADMIN
2021-07-15 15:21:16,077 [EndpointStateMachine task thread for /0.0.0.0:45643 - 0 ] INFO  ratis.XceiverServerRatis (XceiverServerRatis.java:getRealPort(499)) - XceiverServerRatis 938969cd-6f27-4e77-a3a7-149c5df66c5a is started using port 42485 for RATIS_SERVER
2021-07-15 15:21:16,078 [org.apache.ratis.util.JvmPauseMonitor$$Lambda$515/421904019@553fdfb3] INFO  util.JvmPauseMonitor (JvmPauseMonitor.java:run(103)) - JvmPauseMonitor-938969cd-6f27-4e77-a3a7-149c5df66c5a: Started
2021-07-15 15:21:16,079 [EndpointStateMachine task thread for /0.0.0.0:45643 - 0 ] INFO  server.XceiverServerGrpc (XceiverServerGrpc.java:start(135)) - XceiverServerGrpc 938969cd-6f27-4e77-a3a7-149c5df66c5a is started using port 33803
2021-07-15 15:21:16,325 [EndpointStateMachine task thread for /0.0.0.0:45643 - 0 ] INFO  ozoneimpl.OzoneContainer (OzoneContainer.java:start(305)) - Attempting to start container services.
2021-07-15 15:21:16,325 [EndpointStateMachine task thread for /0.0.0.0:45643 - 0 ] INFO  ozoneimpl.OzoneContainer (OzoneContainer.java:startContainerScrub(250)) - Background container scanner has been disabled.
2021-07-15 15:21:16,327 [EndpointStateMachine task thread for /0.0.0.0:45643 - 0 ] INFO  replication.ReplicationServer (ReplicationServer.java:start(106)) - ReplicationServer is started using port 41377
2021-07-15 15:21:16,327 [EndpointStateMachine task thread for /0.0.0.0:45643 - 0 ] INFO  ratis.XceiverServerRatis (XceiverServerRatis.java:start(478)) - Starting XceiverServerRatis d5e7ecd9-d575-4439-91df-5c301da40fda
2021-07-15 15:21:16,328 [EndpointStateMachine task thread for /0.0.0.0:45643 - 0 ] INFO  server.RaftServer (RaftServerProxy.java:lambda$start$5(374)) - d5e7ecd9-d575-4439-91df-5c301da40fda: start RPC server
2021-07-15 15:21:16,329 [EndpointStateMachine task thread for /0.0.0.0:45643 - 0 ] INFO  server.GrpcService (GrpcService.java:startImpl(253)) - d5e7ecd9-d575-4439-91df-5c301da40fda: GrpcService started, listening on 33833
2021-07-15 15:21:16,329 [EndpointStateMachine task thread for /0.0.0.0:45643 - 0 ] INFO  ratis.XceiverServerRatis (XceiverServerRatis.java:getRealPort(499)) - XceiverServerRatis d5e7ecd9-d575-4439-91df-5c301da40fda is started using port 33833 for RATIS
2021-07-15 15:21:16,330 [org.apache.ratis.util.JvmPauseMonitor$$Lambda$515/421904019@6def12e5] INFO  util.JvmPauseMonitor (JvmPauseMonitor.java:run(103)) - JvmPauseMonitor-d5e7ecd9-d575-4439-91df-5c301da40fda: Started
2021-07-15 15:21:16,330 [EndpointStateMachine task thread for /0.0.0.0:45643 - 0 ] INFO  ratis.XceiverServerRatis (XceiverServerRatis.java:getRealPort(499)) - XceiverServerRatis d5e7ecd9-d575-4439-91df-5c301da40fda is started using port 33833 for RATIS_ADMIN
2021-07-15 15:21:16,330 [EndpointStateMachine task thread for /0.0.0.0:45643 - 0 ] INFO  ratis.XceiverServerRatis (XceiverServerRatis.java:getRealPort(499)) - XceiverServerRatis d5e7ecd9-d575-4439-91df-5c301da40fda is started using port 33833 for RATIS_SERVER
2021-07-15 15:21:16,331 [EndpointStateMachine task thread for /0.0.0.0:45643 - 0 ] INFO  server.XceiverServerGrpc (XceiverServerGrpc.java:start(135)) - XceiverServerGrpc d5e7ecd9-d575-4439-91df-5c301da40fda is started using port 37867
2021-07-15 15:21:17,014 [Listener at 127.0.0.1/43527] INFO  ozone.MiniOzoneClusterImpl (MiniOzoneClusterImpl.java:lambda$waitForClusterToBeReady$0(230)) - Waiting for nodes to be ready. Got 0 of 3 DN Heartbeats.
2021-07-15 15:21:17,014 [Listener at 127.0.0.1/43527] INFO  ozone.MiniOzoneClusterImpl (MiniOzoneClusterImpl.java:lambda$waitForClusterToBeReady$0(233)) - Waiting for cluster to exit safe mode
2021-07-15 15:21:17,014 [Listener at 127.0.0.1/43527] INFO  ozone.MiniOzoneClusterImpl (MiniOzoneClusterImpl.java:lambda$waitForClusterToBeReady$0(235)) - SCM became leader
2021-07-15 15:21:17,032 [EndpointStateMachine task thread for /0.0.0.0:45643 - 0 ] INFO  ozoneimpl.OzoneContainer (OzoneContainer.java:start(305)) - Attempting to start container services.
2021-07-15 15:21:17,032 [EndpointStateMachine task thread for /0.0.0.0:45643 - 0 ] INFO  ozoneimpl.OzoneContainer (OzoneContainer.java:startContainerScrub(250)) - Background container scanner has been disabled.
2021-07-15 15:21:17,035 [EndpointStateMachine task thread for /0.0.0.0:45643 - 0 ] INFO  replication.ReplicationServer (ReplicationServer.java:start(106)) - ReplicationServer is started using port 45419
2021-07-15 15:21:17,036 [EndpointStateMachine task thread for /0.0.0.0:45643 - 0 ] INFO  ratis.XceiverServerRatis (XceiverServerRatis.java:start(478)) - Starting XceiverServerRatis 0032be0d-8d4a-4918-9261-56acb00cff02
2021-07-15 15:21:17,037 [EndpointStateMachine task thread for /0.0.0.0:45643 - 0 ] INFO  server.RaftServer (RaftServerProxy.java:lambda$start$5(374)) - 0032be0d-8d4a-4918-9261-56acb00cff02: start RPC server
2021-07-15 15:21:17,038 [EndpointStateMachine task thread for /0.0.0.0:45643 - 0 ] INFO  server.GrpcService (GrpcService.java:startImpl(253)) - 0032be0d-8d4a-4918-9261-56acb00cff02: GrpcService started, listening on 41481
2021-07-15 15:21:17,038 [EndpointStateMachine task thread for /0.0.0.0:45643 - 0 ] INFO  ratis.XceiverServerRatis (XceiverServerRatis.java:getRealPort(499)) - XceiverServerRatis 0032be0d-8d4a-4918-9261-56acb00cff02 is started using port 41481 for RATIS
2021-07-15 15:21:17,039 [org.apache.ratis.util.JvmPauseMonitor$$Lambda$515/421904019@30b000e6] INFO  util.JvmPauseMonitor (JvmPauseMonitor.java:run(103)) - JvmPauseMonitor-0032be0d-8d4a-4918-9261-56acb00cff02: Started
2021-07-15 15:21:17,039 [EndpointStateMachine task thread for /0.0.0.0:45643 - 0 ] INFO  ratis.XceiverServerRatis (XceiverServerRatis.java:getRealPort(499)) - XceiverServerRatis 0032be0d-8d4a-4918-9261-56acb00cff02 is started using port 41481 for RATIS_ADMIN
2021-07-15 15:21:17,039 [EndpointStateMachine task thread for /0.0.0.0:45643 - 0 ] INFO  ratis.XceiverServerRatis (XceiverServerRatis.java:getRealPort(499)) - XceiverServerRatis 0032be0d-8d4a-4918-9261-56acb00cff02 is started using port 41481 for RATIS_SERVER
2021-07-15 15:21:17,039 [EndpointStateMachine task thread for /0.0.0.0:45643 - 0 ] INFO  server.XceiverServerGrpc (XceiverServerGrpc.java:start(135)) - XceiverServerGrpc 0032be0d-8d4a-4918-9261-56acb00cff02 is started using port 32853
2021-07-15 15:21:18,014 [Listener at 127.0.0.1/43527] INFO  ozone.MiniOzoneClusterImpl (MiniOzoneClusterImpl.java:lambda$waitForClusterToBeReady$0(230)) - Waiting for nodes to be ready. Got 0 of 3 DN Heartbeats.
2021-07-15 15:21:18,015 [Listener at 127.0.0.1/43527] INFO  ozone.MiniOzoneClusterImpl (MiniOzoneClusterImpl.java:lambda$waitForClusterToBeReady$0(233)) - Waiting for cluster to exit safe mode
2021-07-15 15:21:18,015 [Listener at 127.0.0.1/43527] INFO  ozone.MiniOzoneClusterImpl (MiniOzoneClusterImpl.java:lambda$waitForClusterToBeReady$0(235)) - SCM became leader
2021-07-15 15:21:18,037 [IPC Server handler 2 on default port 45643] INFO  net.NetworkTopologyImpl (NetworkTopologyImpl.java:add(112)) - Added a new node: /default-rack/938969cd-6f27-4e77-a3a7-149c5df66c5a
2021-07-15 15:21:18,038 [IPC Server handler 2 on default port 45643] INFO  node.SCMNodeManager (SCMNodeManager.java:register(386)) - Registered Data node : 938969cd-6f27-4e77-a3a7-149c5df66c5a{ip: 10.1.0.62, host: fv-az116-592.vzw04321ajxubdbcnpick5nqva.xx.internal.cloudapp.net, ports: [REPLICATION=38497, RATIS=42485, RATIS_ADMIN=42485, RATIS_SERVER=42485, STANDALONE=33803], networkLocation: /default-rack, certSerialId: null, persistedOpState: null, persistedOpStateExpiryEpochSec: 0}
2021-07-15 15:21:18,041 [EventQueue-NewNodeForNewNodeHandler] INFO  pipeline.BackgroundPipelineCreator (BackgroundPipelineCreatorV2.java:notifyEventTriggered(285)) - trigger a one-shot run on RatisPipelineUtilsThread.
2021-07-15 15:21:18,051 [EventQueue-NodeRegistrationContainerReportForContainerSafeModeRule] INFO  safemode.SCMSafeModeManager (SCMSafeModeManager.java:validateSafeModeExitRules(204)) - ContainerSafeModeRule rule is successfully validated
2021-07-15 15:21:18,052 [EventQueue-NodeRegistrationContainerReportForDataNodeSafeModeRule] INFO  safemode.SCMSafeModeManager (DataNodeSafeModeRule.java:process(71)) - SCM in safe mode. 1 DataNodes registered, 3 required.
2021-07-15 15:21:18,053 [RatisPipelineUtilsThread - 0] INFO  pipeline.RatisPipelineProvider (RatisPipelineProvider.java:lambda$create$0(170)) - Sending CreatePipelineCommand for pipeline:PipelineID=b567051b-264c-429f-a56f-a4d58e80182b to datanode:938969cd-6f27-4e77-a3a7-149c5df66c5a
2021-07-15 15:21:18,053 [EventQueue-PipelineReportForOneReplicaPipelineSafeModeRule] INFO  safemode.SCMSafeModeManager (SCMSafeModeManager.java:validateSafeModeExitRules(204)) - AtleastOneDatanodeReportedRule rule is successfully validated
2021-07-15 15:21:18,064 [RatisPipelineUtilsThread - 0] INFO  pipeline.PipelineStateManager (PipelineStateManagerV2Impl.java:addPipeline(101)) - Created pipeline Pipeline[ Id: b567051b-264c-429f-a56f-a4d58e80182b, Nodes: 938969cd-6f27-4e77-a3a7-149c5df66c5a{ip: 10.1.0.62, host: fv-az116-592.vzw04321ajxubdbcnpick5nqva.xx.internal.cloudapp.net, ports: [REPLICATION=38497, RATIS=42485, RATIS_ADMIN=42485, RATIS_SERVER=42485, STANDALONE=33803], networkLocation: /default-rack, certSerialId: null, persistedOpState: IN_SERVICE, persistedOpStateExpiryEpochSec: 0}, ReplicationConfig: RATIS/ONE, State:ALLOCATED, leaderId:, CreationTimestamp2021-07-15T15:21:18.050Z[Etc/UTC]].
2021-07-15 15:21:18,324 [IPC Server handler 1 on default port 45643] INFO  net.NetworkTopologyImpl (NetworkTopologyImpl.java:add(112)) - Added a new node: /default-rack/d5e7ecd9-d575-4439-91df-5c301da40fda
2021-07-15 15:21:18,324 [IPC Server handler 1 on default port 45643] INFO  node.SCMNodeManager (SCMNodeManager.java:register(386)) - Registered Data node : d5e7ecd9-d575-4439-91df-5c301da40fda{ip: 10.1.0.62, host: fv-az116-592.vzw04321ajxubdbcnpick5nqva.xx.internal.cloudapp.net, ports: [REPLICATION=41377, RATIS=33833, RATIS_ADMIN=33833, RATIS_SERVER=33833, STANDALONE=37867], networkLocation: /default-rack, certSerialId: null, persistedOpState: null, persistedOpStateExpiryEpochSec: 0}
2021-07-15 15:21:18,324 [EventQueue-NewNodeForNewNodeHandler] INFO  pipeline.BackgroundPipelineCreator (BackgroundPipelineCreatorV2.java:notifyEventTriggered(285)) - trigger a one-shot run on RatisPipelineUtilsThread.
2021-07-15 15:21:18,324 [EventQueue-NodeRegistrationContainerReportForDataNodeSafeModeRule] INFO  safemode.SCMSafeModeManager (DataNodeSafeModeRule.java:process(71)) - SCM in safe mode. 2 DataNodes registered, 3 required.
2021-07-15 15:21:18,329 [RatisPipelineUtilsThread - 0] INFO  pipeline.RatisPipelineProvider (RatisPipelineProvider.java:lambda$create$0(170)) - Sending CreatePipelineCommand for pipeline:PipelineID=b95b7ad9-11d9-4f96-bc51-9d7f41835da2 to datanode:d5e7ecd9-d575-4439-91df-5c301da40fda
2021-07-15 15:21:18,329 [RatisPipelineUtilsThread - 0] INFO  pipeline.PipelineStateManager (PipelineStateManagerV2Impl.java:addPipeline(101)) - Created pipeline Pipeline[ Id: b95b7ad9-11d9-4f96-bc51-9d7f41835da2, Nodes: d5e7ecd9-d575-4439-91df-5c301da40fda{ip: 10.1.0.62, host: fv-az116-592.vzw04321ajxubdbcnpick5nqva.xx.internal.cloudapp.net, ports: [REPLICATION=41377, RATIS=33833, RATIS_ADMIN=33833, RATIS_SERVER=33833, STANDALONE=37867], networkLocation: /default-rack, certSerialId: null, persistedOpState: IN_SERVICE, persistedOpStateExpiryEpochSec: 0}, ReplicationConfig: RATIS/ONE, State:ALLOCATED, leaderId:, CreationTimestamp2021-07-15T15:21:18.329Z[Etc/UTC]].
2021-07-15 15:21:19,015 [Listener at 127.0.0.1/43527] INFO  ozone.MiniOzoneClusterImpl (MiniOzoneClusterImpl.java:lambda$waitForClusterToBeReady$0(230)) - Waiting for nodes to be ready. Got 2 of 3 DN Heartbeats.
2021-07-15 15:21:19,015 [Listener at 127.0.0.1/43527] INFO  ozone.MiniOzoneClusterImpl (MiniOzoneClusterImpl.java:lambda$waitForClusterToBeReady$0(233)) - Waiting for cluster to exit safe mode
2021-07-15 15:21:19,015 [Listener at 127.0.0.1/43527] INFO  ozone.MiniOzoneClusterImpl (MiniOzoneClusterImpl.java:lambda$waitForClusterToBeReady$0(235)) - SCM became leader
2021-07-15 15:21:19,029 [IPC Server handler 2 on default port 45643] INFO  net.NetworkTopologyImpl (NetworkTopologyImpl.java:add(112)) - Added a new node: /default-rack/0032be0d-8d4a-4918-9261-56acb00cff02
2021-07-15 15:21:19,029 [IPC Server handler 2 on default port 45643] INFO  node.SCMNodeManager (SCMNodeManager.java:register(386)) - Registered Data node : 0032be0d-8d4a-4918-9261-56acb00cff02{ip: 10.1.0.62, host: fv-az116-592.vzw04321ajxubdbcnpick5nqva.xx.internal.cloudapp.net, ports: [REPLICATION=45419, RATIS=41481, RATIS_ADMIN=41481, RATIS_SERVER=41481, STANDALONE=32853], networkLocation: /default-rack, certSerialId: null, persistedOpState: null, persistedOpStateExpiryEpochSec: 0}
2021-07-15 15:21:19,030 [EventQueue-NewNodeForNewNodeHandler] INFO  pipeline.BackgroundPipelineCreator (BackgroundPipelineCreatorV2.java:notifyEventTriggered(285)) - trigger a one-shot run on RatisPipelineUtilsThread.
2021-07-15 15:21:19,030 [RatisPipelineUtilsThread - 0] INFO  pipeline.RatisPipelineProvider (RatisPipelineProvider.java:lambda$create$0(170)) - Sending CreatePipelineCommand for pipeline:PipelineID=25272939-6153-462a-9751-0e2d08c4a9e9 to datanode:0032be0d-8d4a-4918-9261-56acb00cff02
2021-07-15 15:21:19,031 [RatisPipelineUtilsThread - 0] INFO  pipeline.PipelineStateManager (PipelineStateManagerV2Impl.java:addPipeline(101)) - Created pipeline Pipeline[ Id: 25272939-6153-462a-9751-0e2d08c4a9e9, Nodes: 0032be0d-8d4a-4918-9261-56acb00cff02{ip: 10.1.0.62, host: fv-az116-592.vzw04321ajxubdbcnpick5nqva.xx.internal.cloudapp.net, ports: [REPLICATION=45419, RATIS=41481, RATIS_ADMIN=41481, RATIS_SERVER=41481, STANDALONE=32853], networkLocation: /default-rack, certSerialId: null, persistedOpState: IN_SERVICE, persistedOpStateExpiryEpochSec: 0}, ReplicationConfig: RATIS/ONE, State:ALLOCATED, leaderId:, CreationTimestamp2021-07-15T15:21:19.030Z[Etc/UTC]].
2021-07-15 15:21:19,032 [EventQueue-NodeRegistrationContainerReportForDataNodeSafeModeRule] INFO  safemode.SCMSafeModeManager (DataNodeSafeModeRule.java:process(71)) - SCM in safe mode. 3 DataNodes registered, 3 required.
2021-07-15 15:21:19,032 [EventQueue-NodeRegistrationContainerReportForDataNodeSafeModeRule] INFO  safemode.SCMSafeModeManager (SCMSafeModeManager.java:validateSafeModeExitRules(204)) - DataNodeSafeModeRule rule is successfully validated
2021-07-15 15:21:19,032 [EventQueue-NodeRegistrationContainerReportForDataNodeSafeModeRule] INFO  safemode.SCMSafeModeManager (SCMSafeModeManager.java:completePreCheck(233)) - All SCM safe mode pre check rules have passed
2021-07-15 15:21:19,032 [EventQueue-NodeRegistrationContainerReportForDataNodeSafeModeRule] WARN  events.EventQueue (EventQueue.java:fireEvent(194)) - No event handler registered for event TypedEvent{payloadType=SafeModeStatus, name='Safe mode status'}
2021-07-15 15:21:19,032 [EventQueue-NodeRegistrationContainerReportForDataNodeSafeModeRule] INFO  ha.SCMContext (SCMContext.java:updateSafeModeStatus(205)) - Update SafeModeStatus from SafeModeStatus{safeModeStatus=true, preCheckPassed=false} to SafeModeStatus{safeModeStatus=true, preCheckPassed=true}.
2021-07-15 15:21:19,032 [EventQueue-NodeRegistrationContainerReportForDataNodeSafeModeRule] INFO  pipeline.BackgroundPipelineCreator (BackgroundPipelineCreatorV2.java:notifyEventTriggered(285)) - trigger a one-shot run on RatisPipelineUtilsThread.
2021-07-15 15:21:19,036 [RatisPipelineUtilsThread - 0] INFO  pipeline.RatisPipelineProvider (RatisPipelineProvider.java:lambda$create$0(170)) - Sending CreatePipelineCommand for pipeline:PipelineID=39eba2b0-17dc-4916-925c-0de953e7f363 to datanode:d5e7ecd9-d575-4439-91df-5c301da40fda
2021-07-15 15:21:19,037 [RatisPipelineUtilsThread - 0] INFO  pipeline.RatisPipelineProvider (RatisPipelineProvider.java:lambda$create$0(170)) - Sending CreatePipelineCommand for pipeline:PipelineID=39eba2b0-17dc-4916-925c-0de953e7f363 to datanode:0032be0d-8d4a-4918-9261-56acb00cff02
2021-07-15 15:21:19,037 [RatisPipelineUtilsThread - 0] INFO  pipeline.RatisPipelineProvider (RatisPipelineProvider.java:lambda$create$0(170)) - Sending CreatePipelineCommand for pipeline:PipelineID=39eba2b0-17dc-4916-925c-0de953e7f363 to datanode:938969cd-6f27-4e77-a3a7-149c5df66c5a
2021-07-15 15:21:19,038 [RatisPipelineUtilsThread - 0] INFO  pipeline.PipelineStateManager (PipelineStateManagerV2Impl.java:addPipeline(101)) - Created pipeline Pipeline[ Id: 39eba2b0-17dc-4916-925c-0de953e7f363, Nodes: d5e7ecd9-d575-4439-91df-5c301da40fda{ip: 10.1.0.62, host: fv-az116-592.vzw04321ajxubdbcnpick5nqva.xx.internal.cloudapp.net, ports: [REPLICATION=41377, RATIS=33833, RATIS_ADMIN=33833, RATIS_SERVER=33833, STANDALONE=37867], networkLocation: /default-rack, certSerialId: null, persistedOpState: IN_SERVICE, persistedOpStateExpiryEpochSec: 0}0032be0d-8d4a-4918-9261-56acb00cff02{ip: 10.1.0.62, host: fv-az116-592.vzw04321ajxubdbcnpick5nqva.xx.internal.cloudapp.net, ports: [REPLICATION=45419, RATIS=41481, RATIS_ADMIN=41481, RATIS_SERVER=41481, STANDALONE=32853], networkLocation: /default-rack, certSerialId: null, persistedOpState: IN_SERVICE, persistedOpStateExpiryEpochSec: 0}938969cd-6f27-4e77-a3a7-149c5df66c5a{ip: 10.1.0.62, host: fv-az116-592.vzw04321ajxubdbcnpick5nqva.xx.internal.cloudapp.net, ports: [REPLICATION=38497, RATIS=42485, RATIS_ADMIN=42485, RATIS_SERVER=42485, STANDALONE=33803], networkLocation: /default-rack, certSerialId: null, persistedOpState: IN_SERVICE, persistedOpStateExpiryEpochSec: 0}, ReplicationConfig: RATIS/THREE, State:ALLOCATED, leaderId:, CreationTimestamp2021-07-15T15:21:19.036Z[Etc/UTC]].
2021-07-15 15:21:20,016 [Listener at 127.0.0.1/43527] INFO  ozone.MiniOzoneClusterImpl (MiniOzoneClusterImpl.java:lambda$waitForClusterToBeReady$0(230)) - Nodes are ready. Got 3 of 3 DN Heartbeats.
2021-07-15 15:21:20,016 [Listener at 127.0.0.1/43527] INFO  ozone.MiniOzoneClusterImpl (MiniOzoneClusterImpl.java:lambda$waitForClusterToBeReady$0(233)) - Waiting for cluster to exit safe mode
2021-07-15 15:21:20,016 [Listener at 127.0.0.1/43527] INFO  ozone.MiniOzoneClusterImpl (MiniOzoneClusterImpl.java:lambda$waitForClusterToBeReady$0(235)) - SCM became leader
2021-07-15 15:21:21,016 [Listener at 127.0.0.1/43527] INFO  ozone.MiniOzoneClusterImpl (MiniOzoneClusterImpl.java:lambda$waitForClusterToBeReady$0(230)) - Nodes are ready. Got 3 of 3 DN Heartbeats.
2021-07-15 15:21:21,017 [Listener at 127.0.0.1/43527] INFO  ozone.MiniOzoneClusterImpl (MiniOzoneClusterImpl.java:lambda$waitForClusterToBeReady$0(233)) - Waiting for cluster to exit safe mode
2021-07-15 15:21:21,017 [Listener at 127.0.0.1/43527] INFO  ozone.MiniOzoneClusterImpl (MiniOzoneClusterImpl.java:lambda$waitForClusterToBeReady$0(235)) - SCM became leader
2021-07-15 15:21:21,018 [Command processor thread] INFO  server.RaftServer (RaftServerProxy.java:addNew(95)) - 938969cd-6f27-4e77-a3a7-149c5df66c5a: addNew group-A4D58E80182B:[938969cd-6f27-4e77-a3a7-149c5df66c5a|rpc:10.1.0.62:42485|priority:1] returns group-A4D58E80182B:java.util.concurrent.CompletableFuture@13d2f125[Not completed]
2021-07-15 15:21:21,029 [pool-53-thread-1] INFO  server.RaftServer$Division (RaftServerImpl.java:<init>(180)) - 938969cd-6f27-4e77-a3a7-149c5df66c5a: new RaftServerImpl for group-A4D58E80182B:[938969cd-6f27-4e77-a3a7-149c5df66c5a|rpc:10.1.0.62:42485|priority:1] with ContainerStateMachine:uninitialized
2021-07-15 15:21:21,029 [pool-53-thread-1] INFO  server.RaftServerConfigKeys (ConfUtils.java:logGet(44)) - raft.server.rpc.timeout.min = 5s (custom)
2021-07-15 15:21:21,030 [pool-53-thread-1] INFO  server.RaftServerConfigKeys (ConfUtils.java:logGet(44)) - raft.server.rpc.timeout.max = 5200ms (custom)
2021-07-15 15:21:21,030 [pool-53-thread-1] INFO  server.RaftServerConfigKeys (ConfUtils.java:logGet(44)) - raft.server.rpc.sleep.time = 25ms (default)
2021-07-15 15:21:21,030 [pool-53-thread-1] INFO  server.RaftServerConfigKeys (ConfUtils.java:logGet(44)) - raft.server.rpc.slowness.timeout = 1000000ms (custom)
2021-07-15 15:21:21,030 [pool-53-thread-1] INFO  server.RaftServerConfigKeys (ConfUtils.java:logGet(44)) - raft.server.leaderelection.leader.step-down.wait-time = 10s (default)
2021-07-15 15:21:21,030 [pool-53-thread-1] INFO  server.RaftServerConfigKeys (ConfUtils.java:logGet(44)) - raft.server.sleep.deviation.threshold = 300ms (default)
2021-07-15 15:21:21,030 [pool-53-thread-1] INFO  server.RaftServerConfigKeys (ConfUtils.java:logGet(44)) - raft.server.log.appender.install.snapshot.enabled = false (custom)
2021-07-15 15:21:21,030 [pool-53-thread-1] INFO  server.RaftServer$Division (ServerState.java:<init>(105)) - 938969cd-6f27-4e77-a3a7-149c5df66c5a@group-A4D58E80182B: ConfigurationManager, init=-1: [938969cd-6f27-4e77-a3a7-149c5df66c5a|rpc:10.1.0.62:42485|priority:1], old=null, confs=<EMPTY_MAP>
2021-07-15 15:21:21,030 [pool-53-thread-1] INFO  server.RaftServerConfigKeys (ConfUtils.java:logGet(44)) - raft.server.storage.dir = [/home/runner/work/ozone/ozone/mnt/ozone/hadoop-ozone/integration-test/target/test-dir/MiniOzoneClusterImpl-67a6e2a6-babe-416c-a56a-0c8fe9c2ffa6/datanode-0/data/ratis] (custom)
2021-07-15 15:21:21,031 [pool-53-thread-1] INFO  server.RaftServerConfigKeys (ConfUtils.java:logGet(44)) - raft.server.log.corruption.policy = EXCEPTION (default)
2021-07-15 15:21:21,031 [pool-53-thread-1] INFO  storage.RaftStorageDirectory (RaftStorageDirectoryImpl.java:analyzeStorage(132)) - The storage directory /home/runner/work/ozone/ozone/mnt/ozone/hadoop-ozone/integration-test/target/test-dir/MiniOzoneClusterImpl-67a6e2a6-babe-416c-a56a-0c8fe9c2ffa6/datanode-0/data/ratis/b567051b-264c-429f-a56f-a4d58e80182b does not exist. Creating ...
2021-07-15 15:21:21,032 [pool-53-thread-1] INFO  storage.RaftStorageDirectory (RaftStorageDirectoryImpl.java:tryLock(215)) - Lock on /home/runner/work/ozone/ozone/mnt/ozone/hadoop-ozone/integration-test/target/test-dir/MiniOzoneClusterImpl-67a6e2a6-babe-416c-a56a-0c8fe9c2ffa6/datanode-0/data/ratis/b567051b-264c-429f-a56f-a4d58e80182b/in_use.lock acquired by nodename 29436@fv-az116-592
2021-07-15 15:21:21,042 [pool-53-thread-1] INFO  storage.RaftStorage (RaftStorageImpl.java:format(87)) - Storage directory /home/runner/work/ozone/ozone/mnt/ozone/hadoop-ozone/integration-test/target/test-dir/MiniOzoneClusterImpl-67a6e2a6-babe-416c-a56a-0c8fe9c2ffa6/datanode-0/data/ratis/b567051b-264c-429f-a56f-a4d58e80182b has been successfully formatted.
2021-07-15 15:21:21,046 [Datanode State Machine Thread - 0] WARN  statemachine.StateContext (StateContext.java:execute(621)) - No available thread in pool for past 0 seconds.
2021-07-15 15:21:21,046 [pool-53-thread-1] INFO  ratis.ContainerStateMachine (ContainerStateMachine.java:loadSnapshot(223)) - group-A4D58E80182B: The snapshot info is null. Setting the last applied indexto:(t:0, i:~)
2021-07-15 15:21:21,046 [pool-53-thread-1] INFO  server.RaftServerConfigKeys (ConfUtils.java:logGet(44)) - raft.server.notification.no-leader.timeout = 1000000ms (custom)
2021-07-15 15:21:21,047 [pool-53-thread-1] INFO  server.RaftServerConfigKeys (ConfUtils.java:logGet(44)) - raft.server.log.use.memory = false (default)
2021-07-15 15:21:21,047 [pool-53-thread-1] INFO  server.RaftServerConfigKeys (ConfUtils.java:logGet(44)) - raft.server.log.purge.gap = 1000000 (custom)
2021-07-15 15:21:21,048 [pool-53-thread-1] INFO  server.RaftServerConfigKeys (ConfUtils.java:logGet(44)) - raft.server.log.appender.buffer.byte-limit = 33554432 (custom)
2021-07-15 15:21:21,048 [pool-53-thread-1] INFO  metrics.RatisMetrics (RatisMetrics.java:lambda$create$0(36)) - Creating Metrics Registry : ratis.log_worker.938969cd-6f27-4e77-a3a7-149c5df66c5a@group-A4D58E80182B
2021-07-15 15:21:21,048 [pool-53-thread-1] INFO  server.RaftServerConfigKeys (ConfUtils.java:logGet(44)) - raft.server.log.segment.size.max = 1048576 (custom)
2021-07-15 15:21:21,048 [EventQueue-PipelineReportForPipelineReportHandler] INFO  pipeline.PipelineManagerV2Impl (PipelineManagerV2Impl.java:openPipeline(283)) - Pipeline Pipeline[ Id: b567051b-264c-429f-a56f-a4d58e80182b, Nodes: 938969cd-6f27-4e77-a3a7-149c5df66c5a{ip: 10.1.0.62, host: fv-az116-592.vzw04321ajxubdbcnpick5nqva.xx.internal.cloudapp.net, ports: [REPLICATION=38497, RATIS=42485, RATIS_ADMIN=42485, RATIS_SERVER=42485, STANDALONE=33803], networkLocation: /default-rack, certSerialId: null, persistedOpState: IN_SERVICE, persistedOpStateExpiryEpochSec: 0}, ReplicationConfig: RATIS/ONE, State:ALLOCATED, leaderId:938969cd-6f27-4e77-a3a7-149c5df66c5a, CreationTimestamp2021-07-15T15:21:18.050Z[Etc/UTC]] moved to OPEN state
2021-07-15 15:21:21,049 [pool-53-thread-1] INFO  server.RaftServerConfigKeys (ConfUtils.java:logGet(44)) - raft.server.log.segment.cache.num.max = 2 (custom)
2021-07-15 15:21:21,049 [pool-53-thread-1] INFO  server.RaftServerConfigKeys (ConfUtils.java:logGet(44)) - raft.server.log.segment.cache.size.max = 200MB (=209715200) (default)
2021-07-15 15:21:21,049 [pool-53-thread-1] INFO  segmented.SegmentedRaftLogWorker (SegmentedRaftLogWorker.java:<init>(182)) - new 938969cd-6f27-4e77-a3a7-149c5df66c5a@group-A4D58E80182B-SegmentedRaftLogWorker for RaftStorageImpl:Storage Directory /home/runner/work/ozone/ozone/mnt/ozone/hadoop-ozone/integration-test/target/test-dir/MiniOzoneClusterImpl-67a6e2a6-babe-416c-a56a-0c8fe9c2ffa6/datanode-0/data/ratis/b567051b-264c-429f-a56f-a4d58e80182b
2021-07-15 15:21:21,058 [pool-53-thread-1] INFO  server.RaftServerConfigKeys (ConfUtils.java:logGet(44)) - raft.server.log.queue.byte-limit = 2147483647 (custom)
2021-07-15 15:21:21,058 [pool-53-thread-1] INFO  server.RaftServerConfigKeys (ConfUtils.java:logGet(44)) - raft.server.log.queue.element-limit = 1024 (custom)
2021-07-15 15:21:21,058 [pool-53-thread-1] INFO  server.RaftServerConfigKeys (ConfUtils.java:logGet(44)) - raft.server.log.segment.size.max = 1048576 (custom)
2021-07-15 15:21:21,058 [pool-53-thread-1] INFO  server.RaftServerConfigKeys (ConfUtils.java:logGet(44)) - raft.server.log.preallocated.size = 16384 (custom)
2021-07-15 15:21:21,058 [pool-53-thread-1] INFO  server.RaftServerConfigKeys (ConfUtils.java:logGet(44)) - raft.server.log.force.sync.num = 128 (default)
2021-07-15 15:21:21,058 [pool-53-thread-1] INFO  server.RaftServerConfigKeys (ConfUtils.java:logGet(44)) - raft.server.log.statemachine.data.sync = true (default)
2021-07-15 15:21:21,058 [pool-53-thread-1] INFO  server.RaftServerConfigKeys (ConfUtils.java:logGet(44)) - raft.server.log.statemachine.data.sync.timeout = 10s (default)
2021-07-15 15:21:21,059 [pool-53-thread-1] INFO  server.RaftServerConfigKeys (ConfUtils.java:logGet(44)) - raft.server.log.statemachine.data.sync.timeout.retry = -1 (default)
2021-07-15 15:21:21,060 [pool-53-thread-1] INFO  server.RaftServerConfigKeys (ConfUtils.java:logGet(44)) - raft.server.log.write.buffer.size = 1048576 (custom)
2021-07-15 15:21:21,060 [pool-53-thread-1] INFO  server.RaftServerConfigKeys (ConfUtils.java:logGet(44)) - raft.server.log.statemachine.data.caching.enabled = true (custom)
2021-07-15 15:21:21,061 [pool-53-thread-1] INFO  segmented.SegmentedRaftLogWorker (SegmentedRaftLogWorker.java:lambda$new$0(133)) - 938969cd-6f27-4e77-a3a7-149c5df66c5a@group-A4D58E80182B-SegmentedRaftLogWorker: flushIndex: setUnconditionally 0 -> -1
2021-07-15 15:21:21,061 [pool-53-thread-1] INFO  segmented.SegmentedRaftLogWorker (SegmentedRaftLogWorker.java:lambda$new$0(133)) - 938969cd-6f27-4e77-a3a7-149c5df66c5a@group-A4D58E80182B-SegmentedRaftLogWorker: safeCacheEvictIndex: setUnconditionally 0 -> -1
2021-07-15 15:21:21,061 [EventQueue-OpenPipelineForHealthyPipelineSafeModeRule] INFO  safemode.SCMSafeModeManager (HealthyPipelineSafeModeRule.java:process(124)) - SCM in safe mode. Healthy pipelines reported count is 0, required healthy pipeline reported count is 1
2021-07-15 15:21:21,061 [pool-53-thread-1] INFO  server.RaftServerConfigKeys (ConfUtils.java:logGet(44)) - raft.server.snapshot.auto.trigger.enabled = true (custom)
2021-07-15 15:21:21,066 [pool-53-thread-1] INFO  server.RaftServerConfigKeys (ConfUtils.java:logGet(44)) - raft.server.snapshot.auto.trigger.threshold = 10000 (custom)
2021-07-15 15:21:21,066 [pool-53-thread-1] INFO  server.RaftServerConfigKeys (ConfUtils.java:logGet(44)) - raft.server.snapshot.retention.file.num = 5 (custom)
2021-07-15 15:21:21,066 [pool-53-thread-1] INFO  server.RaftServerConfigKeys (ConfUtils.java:logGet(44)) - raft.server.log.purge.upto.snapshot.index = false (default)
2021-07-15 15:21:21,066 [pool-53-thread-1] INFO  server.RaftServerConfigKeys (ConfUtils.java:logGet(44)) - raft.server.retrycache.expirytime = 600000ms (custom)
2021-07-15 15:21:21,066 [pool-53-thread-1] INFO  server.RaftServerConfigKeys (ConfUtils.java:logGet(44)) - raft.server.retrycache.statistics.expirytime = 100μs (default)
2021-07-15 15:21:21,066 [pool-53-thread-1] INFO  metrics.RatisMetrics (RatisMetrics.java:lambda$create$0(36)) - Creating Metrics Registry : ratis.leader_election.938969cd-6f27-4e77-a3a7-149c5df66c5a@group-A4D58E80182B
2021-07-15 15:21:21,067 [pool-53-thread-1] INFO  metrics.RatisMetrics (RatisMetrics.java:lambda$create$0(36)) - Creating Metrics Registry : ratis.server.938969cd-6f27-4e77-a3a7-149c5df66c5a@group-A4D58E80182B
2021-07-15 15:21:21,068 [pool-53-thread-1] INFO  server.RaftServer$Division (RaftServerImpl.java:start(295)) - 938969cd-6f27-4e77-a3a7-149c5df66c5a@group-A4D58E80182B: start as a follower, conf=-1: [938969cd-6f27-4e77-a3a7-149c5df66c5a|rpc:10.1.0.62:42485|priority:1], old=null
2021-07-15 15:21:21,068 [pool-53-thread-1] INFO  server.RaftServer$Division (RaftServerImpl.java:setRole(284)) - 938969cd-6f27-4e77-a3a7-149c5df66c5a@group-A4D58E80182B: changes role from      null to FOLLOWER at term 0 for startAsFollower
2021-07-15 15:21:21,068 [pool-53-thread-1] INFO  impl.RoleInfo (RoleInfo.java:updateAndGet(130)) - 938969cd-6f27-4e77-a3a7-149c5df66c5a: start 938969cd-6f27-4e77-a3a7-149c5df66c5a@group-A4D58E80182B-FollowerState
2021-07-15 15:21:21,069 [pool-53-thread-1] INFO  util.JmxRegister (JmxRegister.java:tryRegister(44)) - Successfully registered JMX Bean with object name Ratis:service=RaftServer,group=group-A4D58E80182B,id=938969cd-6f27-4e77-a3a7-149c5df66c5a
2021-07-15 15:21:21,074 [pool-53-thread-1] INFO  metrics.RatisMetrics (RatisMetrics.java:lambda$create$0(36)) - Creating Metrics Registry : ratis.state_machine.938969cd-6f27-4e77-a3a7-149c5df66c5a@group-A4D58E80182B
2021-07-15 15:21:21,088 [Command processor thread] INFO  ratis.XceiverServerRatis (XceiverServerRatis.java:addGroup(759)) - Created group PipelineID=b567051b-264c-429f-a56f-a4d58e80182b
2021-07-15 15:21:21,089 [Command processor thread] INFO  commandhandler.CreatePipelineCommandHandler (CreatePipelineCommandHandler.java:handle(106)) - Created Pipeline RATIS ONE PipelineID=b567051b-264c-429f-a56f-a4d58e80182b.
2021-07-15 15:21:21,089 [Command processor thread] INFO  server.RaftServer (RaftServerProxy.java:addNew(95)) - 938969cd-6f27-4e77-a3a7-149c5df66c5a: addNew group-0DE953E7F363:[938969cd-6f27-4e77-a3a7-149c5df66c5a|rpc:10.1.0.62:42485|priority:0, 0032be0d-8d4a-4918-9261-56acb00cff02|rpc:10.1.0.62:41481|priority:0, d5e7ecd9-d575-4439-91df-5c301da40fda|rpc:10.1.0.62:33833|priority:1] returns group-0DE953E7F363:java.util.concurrent.CompletableFuture@4810e50[Not completed]
2021-07-15 15:21:21,091 [pool-53-thread-1] INFO  server.RaftServer$Division (RaftServerImpl.java:<init>(180)) - 938969cd-6f27-4e77-a3a7-149c5df66c5a: new RaftServerImpl for group-0DE953E7F363:[938969cd-6f27-4e77-a3a7-149c5df66c5a|rpc:10.1.0.62:42485|priority:0, 0032be0d-8d4a-4918-9261-56acb00cff02|rpc:10.1.0.62:41481|priority:0, d5e7ecd9-d575-4439-91df-5c301da40fda|rpc:10.1.0.62:33833|priority:1] with ContainerStateMachine:uninitialized
2021-07-15 15:21:21,091 [pool-53-thread-1] INFO  server.RaftServerConfigKeys (ConfUtils.java:logGet(44)) - raft.server.rpc.timeout.min = 5s (custom)
2021-07-15 15:21:21,091 [pool-53-thread-1] INFO  server.RaftServerConfigKeys (ConfUtils.java:logGet(44)) - raft.server.rpc.timeout.max = 5200ms (custom)
2021-07-15 15:21:21,091 [pool-53-thread-1] INFO  server.RaftServerConfigKeys (ConfUtils.java:logGet(44)) - raft.server.rpc.sleep.time = 25ms (default)
2021-07-15 15:21:21,091 [pool-53-thread-1] INFO  server.RaftServerConfigKeys (ConfUtils.java:logGet(44)) - raft.server.rpc.slowness.timeout = 1000000ms (custom)
2021-07-15 15:21:21,092 [pool-53-thread-1] INFO  server.RaftServerConfigKeys (ConfUtils.java:logGet(44)) - raft.server.leaderelection.leader.step-down.wait-time = 10s (default)
2021-07-15 15:21:21,092 [pool-53-thread-1] INFO  server.RaftServerConfigKeys (ConfUtils.java:logGet(44)) - raft.server.sleep.deviation.threshold = 300ms (default)
2021-07-15 15:21:21,092 [pool-53-thread-1] INFO  server.RaftServerConfigKeys (ConfUtils.java:logGet(44)) - raft.server.log.appender.install.snapshot.enabled = false (custom)
2021-07-15 15:21:21,092 [pool-53-thread-1] INFO  server.RaftServer$Division (ServerState.java:<init>(105)) - 938969cd-6f27-4e77-a3a7-149c5df66c5a@group-0DE953E7F363: ConfigurationManager, init=-1: [938969cd-6f27-4e77-a3a7-149c5df66c5a|rpc:10.1.0.62:42485|priority:0, 0032be0d-8d4a-4918-9261-56acb00cff02|rpc:10.1.0.62:41481|priority:0, d5e7ecd9-d575-4439-91df-5c301da40fda|rpc:10.1.0.62:33833|priority:1], old=null, confs=<EMPTY_MAP>
2021-07-15 15:21:21,092 [pool-53-thread-1] INFO  server.RaftServerConfigKeys (ConfUtils.java:logGet(44)) - raft.server.storage.dir = [/home/runner/work/ozone/ozone/mnt/ozone/hadoop-ozone/integration-test/target/test-dir/MiniOzoneClusterImpl-67a6e2a6-babe-416c-a56a-0c8fe9c2ffa6/datanode-0/data/ratis] (custom)
2021-07-15 15:21:21,092 [pool-53-thread-1] INFO  server.RaftServerConfigKeys (ConfUtils.java:logGet(44)) - raft.server.log.corruption.policy = EXCEPTION (default)
2021-07-15 15:21:21,092 [pool-53-thread-1] INFO  storage.RaftStorageDirectory (RaftStorageDirectoryImpl.java:analyzeStorage(132)) - The storage directory /home/runner/work/ozone/ozone/mnt/ozone/hadoop-ozone/integration-test/target/test-dir/MiniOzoneClusterImpl-67a6e2a6-babe-416c-a56a-0c8fe9c2ffa6/datanode-0/data/ratis/39eba2b0-17dc-4916-925c-0de953e7f363 does not exist. Creating ...
2021-07-15 15:21:21,097 [pool-53-thread-1] INFO  storage.RaftStorageDirectory (RaftStorageDirectoryImpl.java:tryLock(215)) - Lock on /home/runner/work/ozone/ozone/mnt/ozone/hadoop-ozone/integration-test/target/test-dir/MiniOzoneClusterImpl-67a6e2a6-babe-416c-a56a-0c8fe9c2ffa6/datanode-0/data/ratis/39eba2b0-17dc-4916-925c-0de953e7f363/in_use.lock acquired by nodename 29436@fv-az116-592
2021-07-15 15:21:21,099 [pool-53-thread-1] INFO  storage.RaftStorage (RaftStorageImpl.java:format(87)) - Storage directory /home/runner/work/ozone/ozone/mnt/ozone/hadoop-ozone/integration-test/target/test-dir/MiniOzoneClusterImpl-67a6e2a6-babe-416c-a56a-0c8fe9c2ffa6/datanode-0/data/ratis/39eba2b0-17dc-4916-925c-0de953e7f363 has been successfully formatted.
2021-07-15 15:21:21,099 [pool-53-thread-1] INFO  ratis.ContainerStateMachine (ContainerStateMachine.java:loadSnapshot(223)) - group-0DE953E7F363: The snapshot info is null. Setting the last applied indexto:(t:0, i:~)
2021-07-15 15:21:21,101 [pool-53-thread-1] INFO  server.RaftServerConfigKeys (ConfUtils.java:logGet(44)) - raft.server.notification.no-leader.timeout = 1000000ms (custom)
2021-07-15 15:21:21,102 [pool-53-thread-1] INFO  server.RaftServerConfigKeys (ConfUtils.java:logGet(44)) - raft.server.log.use.memory = false (default)
2021-07-15 15:21:21,102 [pool-53-thread-1] INFO  server.RaftServerConfigKeys (ConfUtils.java:logGet(44)) - raft.server.log.purge.gap = 1000000 (custom)
2021-07-15 15:21:21,103 [EventQueue-OpenPipelineForHealthyPipelineSafeModeRule] INFO  safemode.SCMSafeModeManager (HealthyPipelineSafeModeRule.java:process(124)) - SCM in safe mode. Healthy pipelines reported count is 0, required healthy pipeline reported count is 1
2021-07-15 15:21:21,103 [pool-53-thread-1] INFO  server.RaftServerConfigKeys (ConfUtils.java:logGet(44)) - raft.server.log.appender.buffer.byte-limit = 33554432 (custom)
2021-07-15 15:21:21,104 [pool-53-thread-1] INFO  metrics.RatisMetrics (RatisMetrics.java:lambda$create$0(36)) - Creating Metrics Registry : ratis.log_worker.938969cd-6f27-4e77-a3a7-149c5df66c5a@group-0DE953E7F363
2021-07-15 15:21:21,105 [pool-53-thread-1] INFO  server.RaftServerConfigKeys (ConfUtils.java:logGet(44)) - raft.server.log.segment.size.max = 1048576 (custom)
2021-07-15 15:21:21,106 [pool-53-thread-1] INFO  server.RaftServerConfigKeys (ConfUtils.java:logGet(44)) - raft.server.log.segment.cache.num.max = 2 (custom)
2021-07-15 15:21:21,107 [pool-53-thread-1] INFO  server.RaftServerConfigKeys (ConfUtils.java:logGet(44)) - raft.server.log.segment.cache.size.max = 200MB (=209715200) (default)
2021-07-15 15:21:21,107 [pool-53-thread-1] INFO  segmented.SegmentedRaftLogWorker (SegmentedRaftLogWorker.java:<init>(182)) - new 938969cd-6f27-4e77-a3a7-149c5df66c5a@group-0DE953E7F363-SegmentedRaftLogWorker for RaftStorageImpl:Storage Directory /home/runner/work/ozone/ozone/mnt/ozone/hadoop-ozone/integration-test/target/test-dir/MiniOzoneClusterImpl-67a6e2a6-babe-416c-a56a-0c8fe9c2ffa6/datanode-0/data/ratis/39eba2b0-17dc-4916-925c-0de953e7f363
2021-07-15 15:21:21,107 [pool-53-thread-1] INFO  server.RaftServerConfigKeys (ConfUtils.java:logGet(44)) - raft.server.log.queue.byte-limit = 2147483647 (custom)
2021-07-15 15:21:21,107 [pool-53-thread-1] INFO  server.RaftServerConfigKeys (ConfUtils.java:logGet(44)) - raft.server.log.queue.element-limit = 1024 (custom)
2021-07-15 15:21:21,107 [pool-53-thread-1] INFO  server.RaftServerConfigKeys (ConfUtils.java:logGet(44)) - raft.server.log.segment.size.max = 1048576 (custom)
2021-07-15 15:21:21,107 [pool-53-thread-1] INFO  server.RaftServerConfigKeys (ConfUtils.java:logGet(44)) - raft.server.log.preallocated.size = 16384 (custom)
2021-07-15 15:21:21,107 [pool-53-thread-1] INFO  server.RaftServerConfigKeys (ConfUtils.java:logGet(44)) - raft.server.log.force.sync.num = 128 (default)
2021-07-15 15:21:21,109 [pool-53-thread-1] INFO  server.RaftServerConfigKeys (ConfUtils.java:logGet(44)) - raft.server.log.statemachine.data.sync = true (default)
2021-07-15 15:21:21,109 [pool-53-thread-1] INFO  server.RaftServerConfigKeys (ConfUtils.java:logGet(44)) - raft.server.log.statemachine.data.sync.timeout = 10s (default)
2021-07-15 15:21:21,109 [pool-53-thread-1] INFO  server.RaftServerConfigKeys (ConfUtils.java:logGet(44)) - raft.server.log.statemachine.data.sync.timeout.retry = -1 (default)
2021-07-15 15:21:21,111 [pool-53-thread-1] INFO  server.RaftServerConfigKeys (ConfUtils.java:logGet(44)) - raft.server.log.write.buffer.size = 1048576 (custom)
2021-07-15 15:21:21,115 [pool-53-thread-1] INFO  server.RaftServerConfigKeys (ConfUtils.java:logGet(44)) - raft.server.log.statemachine.data.caching.enabled = true (custom)
2021-07-15 15:21:21,115 [pool-53-thread-1] INFO  segmented.SegmentedRaftLogWorker (SegmentedRaftLogWorker.java:lambda$new$0(133)) - 938969cd-6f27-4e77-a3a7-149c5df66c5a@group-0DE953E7F363-SegmentedRaftLogWorker: flushIndex: setUnconditionally 0 -> -1
2021-07-15 15:21:21,115 [pool-53-thread-1] INFO  segmented.SegmentedRaftLogWorker (SegmentedRaftLogWorker.java:lambda$new$0(133)) - 938969cd-6f27-4e77-a3a7-149c5df66c5a@group-0DE953E7F363-SegmentedRaftLogWorker: safeCacheEvictIndex: setUnconditionally 0 -> -1
2021-07-15 15:21:21,120 [pool-53-thread-1] INFO  server.RaftServerConfigKeys (ConfUtils.java:logGet(44)) - raft.server.snapshot.auto.trigger.enabled = true (custom)
2021-07-15 15:21:21,120 [pool-53-thread-1] INFO  server.RaftServerConfigKeys (ConfUtils.java:logGet(44)) - raft.server.snapshot.auto.trigger.threshold = 10000 (custom)
2021-07-15 15:21:21,120 [pool-53-thread-1] INFO  server.RaftServerConfigKeys (ConfUtils.java:logGet(44)) - raft.server.snapshot.retention.file.num = 5 (custom)
2021-07-15 15:21:21,120 [pool-53-thread-1] INFO  server.RaftServerConfigKeys (ConfUtils.java:logGet(44)) - raft.server.log.purge.upto.snapshot.index = false (default)
2021-07-15 15:21:21,120 [pool-53-thread-1] INFO  server.RaftServerConfigKeys (ConfUtils.java:logGet(44)) - raft.server.retrycache.expirytime = 600000ms (custom)
2021-07-15 15:21:21,120 [pool-53-thread-1] INFO  server.RaftServerConfigKeys (ConfUtils.java:logGet(44)) - raft.server.retrycache.statistics.expirytime = 100μs (default)
2021-07-15 15:21:21,121 [pool-53-thread-1] INFO  metrics.RatisMetrics (RatisMetrics.java:lambda$create$0(36)) - Creating Metrics Registry : ratis.leader_election.938969cd-6f27-4e77-a3a7-149c5df66c5a@group-0DE953E7F363
2021-07-15 15:21:21,121 [pool-53-thread-1] INFO  metrics.RatisMetrics (RatisMetrics.java:lambda$create$0(36)) - Creating Metrics Registry : ratis.server.938969cd-6f27-4e77-a3a7-149c5df66c5a@group-0DE953E7F363
2021-07-15 15:21:21,131 [pool-53-thread-1] INFO  server.RaftServer$Division (RaftServerImpl.java:start(295)) - 938969cd-6f27-4e77-a3a7-149c5df66c5a@group-0DE953E7F363: start as a follower, conf=-1: [938969cd-6f27-4e77-a3a7-149c5df66c5a|rpc:10.1.0.62:42485|priority:0, 0032be0d-8d4a-4918-9261-56acb00cff02|rpc:10.1.0.62:41481|priority:0, d5e7ecd9-d575-4439-91df-5c301da40fda|rpc:10.1.0.62:33833|priority:1], old=null
2021-07-15 15:21:21,131 [pool-53-thread-1] INFO  server.RaftServer$Division (RaftServerImpl.java:setRole(284)) - 938969cd-6f27-4e77-a3a7-149c5df66c5a@group-0DE953E7F363: changes role from      null to FOLLOWER at term 0 for startAsFollower
2021-07-15 15:21:21,131 [pool-53-thread-1] INFO  impl.RoleInfo (RoleInfo.java:updateAndGet(130)) - 938969cd-6f27-4e77-a3a7-149c5df66c5a: start 938969cd-6f27-4e77-a3a7-149c5df66c5a@group-0DE953E7F363-FollowerState
2021-07-15 15:21:21,131 [pool-53-thread-1] INFO  util.JmxRegister (JmxRegister.java:tryRegister(44)) - Successfully registered JMX Bean with object name Ratis:service=RaftServer,group=group-0DE953E7F363,id=938969cd-6f27-4e77-a3a7-149c5df66c5a
2021-07-15 15:21:21,131 [pool-53-thread-1] INFO  metrics.RatisMetrics (RatisMetrics.java:lambda$create$0(36)) - Creating Metrics Registry : ratis.state_machine.938969cd-6f27-4e77-a3a7-149c5df66c5a@group-0DE953E7F363
2021-07-15 15:21:21,132 [Command processor thread] INFO  ratis.XceiverServerRatis (XceiverServerRatis.java:addGroup(759)) - Created group PipelineID=39eba2b0-17dc-4916-925c-0de953e7f363
2021-07-15 15:21:21,172 [Command processor thread] INFO  metrics.RatisMetrics (RatisMetrics.java:lambda$create$0(36)) - Creating Metrics Registry : ratis.client_message_metrics.client-2E8B91638BCC->d5e7ecd9-d575-4439-91df-5c301da40fda
2021-07-15 15:21:21,324 [Command processor thread] INFO  server.RaftServer (RaftServerProxy.java:addNew(95)) - d5e7ecd9-d575-4439-91df-5c301da40fda: addNew group-9D7F41835DA2:[d5e7ecd9-d575-4439-91df-5c301da40fda|rpc:10.1.0.62:33833|priority:1] returns group-9D7F41835DA2:java.util.concurrent.CompletableFuture@516871dc[Not completed]
2021-07-15 15:21:21,338 [pool-71-thread-1] INFO  server.RaftServer$Division (RaftServerImpl.java:<init>(180)) - d5e7ecd9-d575-4439-91df-5c301da40fda: new RaftServerImpl for group-9D7F41835DA2:[d5e7ecd9-d575-4439-91df-5c301da40fda|rpc:10.1.0.62:33833|priority:1] with ContainerStateMachine:uninitialized
2021-07-15 15:21:21,344 [pool-71-thread-1] INFO  server.RaftServerConfigKeys (ConfUtils.java:logGet(44)) - raft.server.rpc.timeout.min = 5s (custom)
2021-07-15 15:21:21,344 [pool-71-thread-1] INFO  server.RaftServerConfigKeys (ConfUtils.java:logGet(44)) - raft.server.rpc.timeout.max = 5200ms (custom)
2021-07-15 15:21:21,344 [pool-71-thread-1] INFO  server.RaftServerConfigKeys (ConfUtils.java:logGet(44)) - raft.server.rpc.sleep.time = 25ms (default)
2021-07-15 15:21:21,344 [pool-71-thread-1] INFO  server.RaftServerConfigKeys (ConfUtils.java:logGet(44)) - raft.server.rpc.slowness.timeout = 1000000ms (custom)
2021-07-15 15:21:21,345 [pool-71-thread-1] INFO  server.RaftServerConfigKeys (ConfUtils.java:logGet(44)) - raft.server.leaderelection.leader.step-down.wait-time = 10s (default)
2021-07-15 15:21:21,345 [pool-71-thread-1] INFO  server.RaftServerConfigKeys (ConfUtils.java:logGet(44)) - raft.server.sleep.deviation.threshold = 300ms (default)
2021-07-15 15:21:21,345 [pool-71-thread-1] INFO  server.RaftServerConfigKeys (ConfUtils.java:logGet(44)) - raft.server.log.appender.install.snapshot.enabled = false (custom)
2021-07-15 15:21:21,345 [pool-71-thread-1] INFO  server.RaftServer$Division (ServerState.java:<init>(105)) - d5e7ecd9-d575-4439-91df-5c301da40fda@group-9D7F41835DA2: ConfigurationManager, init=-1: [d5e7ecd9-d575-4439-91df-5c301da40fda|rpc:10.1.0.62:33833|priority:1], old=null, confs=<EMPTY_MAP>
2021-07-15 15:21:21,345 [pool-71-thread-1] INFO  server.RaftServerConfigKeys (ConfUtils.java:logGet(44)) - raft.server.storage.dir = [/home/runner/work/ozone/ozone/mnt/ozone/hadoop-ozone/integration-test/target/test-dir/MiniOzoneClusterImpl-67a6e2a6-babe-416c-a56a-0c8fe9c2ffa6/datanode-1/data/ratis] (custom)
2021-07-15 15:21:21,346 [pool-71-thread-1] INFO  server.RaftServerConfigKeys (ConfUtils.java:logGet(44)) - raft.server.log.corruption.policy = EXCEPTION (default)
2021-07-15 15:21:21,346 [pool-71-thread-1] INFO  storage.RaftStorageDirectory (RaftStorageDirectoryImpl.java:analyzeStorage(132)) - The storage directory /home/runner/work/ozone/ozone/mnt/ozone/hadoop-ozone/integration-test/target/test-dir/MiniOzoneClusterImpl-67a6e2a6-babe-416c-a56a-0c8fe9c2ffa6/datanode-1/data/ratis/b95b7ad9-11d9-4f96-bc51-9d7f41835da2 does not exist. Creating ...
2021-07-15 15:21:21,348 [pool-71-thread-1] INFO  storage.RaftStorageDirectory (RaftStorageDirectoryImpl.java:tryLock(215)) - Lock on /home/runner/work/ozone/ozone/mnt/ozone/hadoop-ozone/integration-test/target/test-dir/MiniOzoneClusterImpl-67a6e2a6-babe-416c-a56a-0c8fe9c2ffa6/datanode-1/data/ratis/b95b7ad9-11d9-4f96-bc51-9d7f41835da2/in_use.lock acquired by nodename 29436@fv-az116-592
2021-07-15 15:21:21,353 [pool-71-thread-1] INFO  storage.RaftStorage (RaftStorageImpl.java:format(87)) - Storage directory /home/runner/work/ozone/ozone/mnt/ozone/hadoop-ozone/integration-test/target/test-dir/MiniOzoneClusterImpl-67a6e2a6-babe-416c-a56a-0c8fe9c2ffa6/datanode-1/data/ratis/b95b7ad9-11d9-4f96-bc51-9d7f41835da2 has been successfully formatted.
2021-07-15 15:21:21,354 [pool-71-thread-1] INFO  ratis.ContainerStateMachine (ContainerStateMachine.java:loadSnapshot(223)) - group-9D7F41835DA2: The snapshot info is null. Setting the last applied indexto:(t:0, i:~)
2021-07-15 15:21:21,356 [EventQueue-PipelineReportForPipelineReportHandler] INFO  pipeline.PipelineManagerV2Impl (PipelineManagerV2Impl.java:openPipeline(283)) - Pipeline Pipeline[ Id: b95b7ad9-11d9-4f96-bc51-9d7f41835da2, Nodes: d5e7ecd9-d575-4439-91df-5c301da40fda{ip: 10.1.0.62, host: fv-az116-592.vzw04321ajxubdbcnpick5nqva.xx.internal.cloudapp.net, ports: [REPLICATION=41377, RATIS=33833, RATIS_ADMIN=33833, RATIS_SERVER=33833, STANDALONE=37867], networkLocation: /default-rack, certSerialId: null, persistedOpState: IN_SERVICE, persistedOpStateExpiryEpochSec: 0}, ReplicationConfig: RATIS/ONE, State:ALLOCATED, leaderId:d5e7ecd9-d575-4439-91df-5c301da40fda, CreationTimestamp2021-07-15T15:21:18.329Z[Etc/UTC]] moved to OPEN state
2021-07-15 15:21:21,356 [EventQueue-OpenPipelineForHealthyPipelineSafeModeRule] INFO  safemode.SCMSafeModeManager (HealthyPipelineSafeModeRule.java:process(124)) - SCM in safe mode. Healthy pipelines reported count is 0, required healthy pipeline reported count is 1
2021-07-15 15:21:21,357 [pool-71-thread-1] INFO  server.RaftServerConfigKeys (ConfUtils.java:logGet(44)) - raft.server.notification.no-leader.timeout = 1000000ms (custom)
2021-07-15 15:21:21,358 [pool-71-thread-1] INFO  server.RaftServerConfigKeys (ConfUtils.java:logGet(44)) - raft.server.log.use.memory = false (default)
2021-07-15 15:21:21,359 [pool-71-thread-1] INFO  server.RaftServerConfigKeys (ConfUtils.java:logGet(44)) - raft.server.log.purge.gap = 1000000 (custom)
2021-07-15 15:21:21,359 [pool-71-thread-1] INFO  server.RaftServerConfigKeys (ConfUtils.java:logGet(44)) - raft.server.log.appender.buffer.byte-limit = 33554432 (custom)
2021-07-15 15:21:21,360 [pool-71-thread-1] INFO  metrics.RatisMetrics (RatisMetrics.java:lambda$create$0(36)) - Creating Metrics Registry : ratis.log_worker.d5e7ecd9-d575-4439-91df-5c301da40fda@group-9D7F41835DA2
2021-07-15 15:21:21,360 [pool-71-thread-1] INFO  server.RaftServerConfigKeys (ConfUtils.java:logGet(44)) - raft.server.log.segment.size.max = 1048576 (custom)
2021-07-15 15:21:21,361 [pool-71-thread-1] INFO  server.RaftServerConfigKeys (ConfUtils.java:logGet(44)) - raft.server.log.segment.cache.num.max = 2 (custom)
2021-07-15 15:21:21,362 [pool-71-thread-1] INFO  server.RaftServerConfigKeys (ConfUtils.java:logGet(44)) - raft.server.log.segment.cache.size.max = 200MB (=209715200) (default)
2021-07-15 15:21:21,362 [pool-71-thread-1] INFO  segmented.SegmentedRaftLogWorker (SegmentedRaftLogWorker.java:<init>(182)) - new d5e7ecd9-d575-4439-91df-5c301da40fda@group-9D7F41835DA2-SegmentedRaftLogWorker for RaftStorageImpl:Storage Directory /home/runner/work/ozone/ozone/mnt/ozone/hadoop-ozone/integration-test/target/test-dir/MiniOzoneClusterImpl-67a6e2a6-babe-416c-a56a-0c8fe9c2ffa6/datanode-1/data/ratis/b95b7ad9-11d9-4f96-bc51-9d7f41835da2
2021-07-15 15:21:21,362 [pool-71-thread-1] INFO  server.RaftServerConfigKeys (ConfUtils.java:logGet(44)) - raft.server.log.queue.byte-limit = 2147483647 (custom)
2021-07-15 15:21:21,362 [pool-71-thread-1] INFO  server.RaftServerConfigKeys (ConfUtils.java:logGet(44)) - raft.server.log.queue.element-limit = 1024 (custom)
2021-07-15 15:21:21,362 [pool-71-thread-1] INFO  server.RaftServerConfigKeys (ConfUtils.java:logGet(44)) - raft.server.log.segment.size.max = 1048576 (custom)
2021-07-15 15:21:21,362 [pool-71-thread-1] INFO  server.RaftServerConfigKeys (ConfUtils.java:logGet(44)) - raft.server.log.preallocated.size = 16384 (custom)
2021-07-15 15:21:21,364 [pool-71-thread-1] INFO  server.RaftServerConfigKeys (ConfUtils.java:logGet(44)) - raft.server.log.force.sync.num = 128 (default)
2021-07-15 15:21:21,364 [pool-71-thread-1] INFO  server.RaftServerConfigKeys (ConfUtils.java:logGet(44)) - raft.server.log.statemachine.data.sync = true (default)
2021-07-15 15:21:21,364 [pool-71-thread-1] INFO  server.RaftServerConfigKeys (ConfUtils.java:logGet(44)) - raft.server.log.statemachine.data.sync.timeout = 10s (default)
2021-07-15 15:21:21,364 [pool-71-thread-1] INFO  server.RaftServerConfigKeys (ConfUtils.java:logGet(44)) - raft.server.log.statemachine.data.sync.timeout.retry = -1 (default)
2021-07-15 15:21:21,371 [pool-71-thread-1] INFO  server.RaftServerConfigKeys (ConfUtils.java:logGet(44)) - raft.server.log.write.buffer.size = 1048576 (custom)
2021-07-15 15:21:21,372 [pool-71-thread-1] INFO  server.RaftServerConfigKeys (ConfUtils.java:logGet(44)) - raft.server.log.statemachine.data.caching.enabled = true (custom)
2021-07-15 15:21:21,372 [pool-71-thread-1] INFO  segmented.SegmentedRaftLogWorker (SegmentedRaftLogWorker.java:lambda$new$0(133)) - d5e7ecd9-d575-4439-91df-5c301da40fda@group-9D7F41835DA2-SegmentedRaftLogWorker: flushIndex: setUnconditionally 0 -> -1
2021-07-15 15:21:21,372 [pool-71-thread-1] INFO  segmented.SegmentedRaftLogWorker (SegmentedRaftLogWorker.java:lambda$new$0(133)) - d5e7ecd9-d575-4439-91df-5c301da40fda@group-9D7F41835DA2-SegmentedRaftLogWorker: safeCacheEvictIndex: setUnconditionally 0 -> -1
2021-07-15 15:21:21,381 [pool-71-thread-1] INFO  server.RaftServerConfigKeys (ConfUtils.java:logGet(44)) - raft.server.snapshot.auto.trigger.enabled = true (custom)
2021-07-15 15:21:21,381 [pool-71-thread-1] INFO  server.RaftServerConfigKeys (ConfUtils.java:logGet(44)) - raft.server.snapshot.auto.trigger.threshold = 10000 (custom)
2021-07-15 15:21:21,381 [pool-71-thread-1] INFO  server.RaftServerConfigKeys (ConfUtils.java:logGet(44)) - raft.server.snapshot.retention.file.num = 5 (custom)
2021-07-15 15:21:21,381 [pool-71-thread-1] INFO  server.RaftServerConfigKeys (ConfUtils.java:logGet(44)) - raft.server.log.purge.upto.snapshot.index = false (default)
2021-07-15 15:21:21,381 [pool-71-thread-1] INFO  server.RaftServerConfigKeys (ConfUtils.java:logGet(44)) - raft.server.retrycache.expirytime = 600000ms (custom)
2021-07-15 15:21:21,381 [pool-71-thread-1] INFO  server.RaftServerConfigKeys (ConfUtils.java:logGet(44)) - raft.server.retrycache.statistics.expirytime = 100μs (default)
2021-07-15 15:21:21,381 [pool-71-thread-1] INFO  metrics.RatisMetrics (RatisMetrics.java:lambda$create$0(36)) - Creating Metrics Registry : ratis.leader_election.d5e7ecd9-d575-4439-91df-5c301da40fda@group-9D7F41835DA2
2021-07-15 15:21:21,382 [pool-71-thread-1] INFO  metrics.RatisMetrics (RatisMetrics.java:lambda$create$0(36)) - Creating Metrics Registry : ratis.server.d5e7ecd9-d575-4439-91df-5c301da40fda@group-9D7F41835DA2
2021-07-15 15:21:21,383 [pool-71-thread-1] INFO  server.RaftServer$Division (RaftServerImpl.java:start(295)) - d5e7ecd9-d575-4439-91df-5c301da40fda@group-9D7F41835DA2: start as a follower, conf=-1: [d5e7ecd9-d575-4439-91df-5c301da40fda|rpc:10.1.0.62:33833|priority:1], old=null
2021-07-15 15:21:21,383 [pool-71-thread-1] INFO  server.RaftServer$Division (RaftServerImpl.java:setRole(284)) - d5e7ecd9-d575-4439-91df-5c301da40fda@group-9D7F41835DA2: changes role from      null to FOLLOWER at term 0 for startAsFollower
2021-07-15 15:21:21,383 [pool-71-thread-1] INFO  impl.RoleInfo (RoleInfo.java:updateAndGet(130)) - d5e7ecd9-d575-4439-91df-5c301da40fda: start d5e7ecd9-d575-4439-91df-5c301da40fda@group-9D7F41835DA2-FollowerState
2021-07-15 15:21:21,388 [pool-71-thread-1] INFO  util.JmxRegister (JmxRegister.java:tryRegister(44)) - Successfully registered JMX Bean with object name Ratis:service=RaftServer,group=group-9D7F41835DA2,id=d5e7ecd9-d575-4439-91df-5c301da40fda
2021-07-15 15:21:21,388 [pool-71-thread-1] INFO  metrics.RatisMetrics (RatisMetrics.java:lambda$create$0(36)) - Creating Metrics Registry : ratis.state_machine.d5e7ecd9-d575-4439-91df-5c301da40fda@group-9D7F41835DA2
2021-07-15 15:21:21,398 [Command processor thread] INFO  ratis.XceiverServerRatis (XceiverServerRatis.java:addGroup(759)) - Created group PipelineID=b95b7ad9-11d9-4f96-bc51-9d7f41835da2
2021-07-15 15:21:21,398 [Command processor thread] INFO  commandhandler.CreatePipelineCommandHandler (CreatePipelineCommandHandler.java:handle(106)) - Created Pipeline RATIS ONE PipelineID=b95b7ad9-11d9-4f96-bc51-9d7f41835da2.
2021-07-15 15:21:21,399 [Command processor thread] INFO  server.RaftServer (RaftServerProxy.java:addNew(95)) - d5e7ecd9-d575-4439-91df-5c301da40fda: addNew group-0DE953E7F363:[938969cd-6f27-4e77-a3a7-149c5df66c5a|rpc:10.1.0.62:42485|priority:0, 0032be0d-8d4a-4918-9261-56acb00cff02|rpc:10.1.0.62:41481|priority:0, d5e7ecd9-d575-4439-91df-5c301da40fda|rpc:10.1.0.62:33833|priority:1] returns group-0DE953E7F363:java.util.concurrent.CompletableFuture@5557ef29[Not completed]
2021-07-15 15:21:21,401 [pool-71-thread-1] INFO  server.RaftServer$Division (RaftServerImpl.java:<init>(180)) - d5e7ecd9-d575-4439-91df-5c301da40fda: new RaftServerImpl for group-0DE953E7F363:[938969cd-6f27-4e77-a3a7-149c5df66c5a|rpc:10.1.0.62:42485|priority:0, 0032be0d-8d4a-4918-9261-56acb00cff02|rpc:10.1.0.62:41481|priority:0, d5e7ecd9-d575-4439-91df-5c301da40fda|rpc:10.1.0.62:33833|priority:1] with ContainerStateMachine:uninitialized
2021-07-15 15:21:21,401 [pool-71-thread-1] INFO  server.RaftServerConfigKeys (ConfUtils.java:logGet(44)) - raft.server.rpc.timeout.min = 5s (custom)
2021-07-15 15:21:21,401 [pool-71-thread-1] INFO  server.RaftServerConfigKeys (ConfUtils.java:logGet(44)) - raft.server.rpc.timeout.max = 5200ms (custom)
2021-07-15 15:21:21,401 [pool-71-thread-1] INFO  server.RaftServerConfigKeys (ConfUtils.java:logGet(44)) - raft.server.rpc.sleep.time = 25ms (default)
2021-07-15 15:21:21,402 [pool-71-thread-1] INFO  server.RaftServerConfigKeys (ConfUtils.java:logGet(44)) - raft.server.rpc.slowness.timeout = 1000000ms (custom)
2021-07-15 15:21:21,402 [pool-71-thread-1] INFO  server.RaftServerConfigKeys (ConfUtils.java:logGet(44)) - raft.server.leaderelection.leader.step-down.wait-time = 10s (default)
2021-07-15 15:21:21,402 [pool-71-thread-1] INFO  server.RaftServerConfigKeys (ConfUtils.java:logGet(44)) - raft.server.sleep.deviation.threshold = 300ms (default)
2021-07-15 15:21:21,402 [pool-71-thread-1] INFO  server.RaftServerConfigKeys (ConfUtils.java:logGet(44)) - raft.server.log.appender.install.snapshot.enabled = false (custom)
2021-07-15 15:21:21,402 [pool-71-thread-1] INFO  server.RaftServer$Division (ServerState.java:<init>(105)) - d5e7ecd9-d575-4439-91df-5c301da40fda@group-0DE953E7F363: ConfigurationManager, init=-1: [938969cd-6f27-4e77-a3a7-149c5df66c5a|rpc:10.1.0.62:42485|priority:0, 0032be0d-8d4a-4918-9261-56acb00cff02|rpc:10.1.0.62:41481|priority:0, d5e7ecd9-d575-4439-91df-5c301da40fda|rpc:10.1.0.62:33833|priority:1], old=null, confs=<EMPTY_MAP>
2021-07-15 15:21:21,402 [pool-71-thread-1] INFO  server.RaftServerConfigKeys (ConfUtils.java:logGet(44)) - raft.server.storage.dir = [/home/runner/work/ozone/ozone/mnt/ozone/hadoop-ozone/integration-test/target/test-dir/MiniOzoneClusterImpl-67a6e2a6-babe-416c-a56a-0c8fe9c2ffa6/datanode-1/data/ratis] (custom)
2021-07-15 15:21:21,402 [pool-71-thread-1] INFO  server.RaftServerConfigKeys (ConfUtils.java:logGet(44)) - raft.server.log.corruption.policy = EXCEPTION (default)
2021-07-15 15:21:21,402 [pool-71-thread-1] INFO  storage.RaftStorageDirectory (RaftStorageDirectoryImpl.java:analyzeStorage(132)) - The storage directory /home/runner/work/ozone/ozone/mnt/ozone/hadoop-ozone/integration-test/target/test-dir/MiniOzoneClusterImpl-67a6e2a6-babe-416c-a56a-0c8fe9c2ffa6/datanode-1/data/ratis/39eba2b0-17dc-4916-925c-0de953e7f363 does not exist. Creating ...
2021-07-15 15:21:21,405 [pool-71-thread-1] INFO  storage.RaftStorageDirectory (RaftStorageDirectoryImpl.java:tryLock(215)) - Lock on /home/runner/work/ozone/ozone/mnt/ozone/hadoop-ozone/integration-test/target/test-dir/MiniOzoneClusterImpl-67a6e2a6-babe-416c-a56a-0c8fe9c2ffa6/datanode-1/data/ratis/39eba2b0-17dc-4916-925c-0de953e7f363/in_use.lock acquired by nodename 29436@fv-az116-592
2021-07-15 15:21:21,406 [pool-71-thread-1] INFO  storage.RaftStorage (RaftStorageImpl.java:format(87)) - Storage directory /home/runner/work/ozone/ozone/mnt/ozone/hadoop-ozone/integration-test/target/test-dir/MiniOzoneClusterImpl-67a6e2a6-babe-416c-a56a-0c8fe9c2ffa6/datanode-1/data/ratis/39eba2b0-17dc-4916-925c-0de953e7f363 has been successfully formatted.
2021-07-15 15:21:21,407 [pool-71-thread-1] INFO  ratis.ContainerStateMachine (ContainerStateMachine.java:loadSnapshot(223)) - group-0DE953E7F363: The snapshot info is null. Setting the last applied indexto:(t:0, i:~)
2021-07-15 15:21:21,408 [EventQueue-OpenPipelineForHealthyPipelineSafeModeRule] INFO  safemode.SCMSafeModeManager (HealthyPipelineSafeModeRule.java:process(124)) - SCM in safe mode. Healthy pipelines reported count is 0, required healthy pipeline reported count is 1
2021-07-15 15:21:21,408 [pool-71-thread-1] INFO  server.RaftServerConfigKeys (ConfUtils.java:logGet(44)) - raft.server.notification.no-leader.timeout = 1000000ms (custom)
2021-07-15 15:21:21,409 [pool-71-thread-1] INFO  server.RaftServerConfigKeys (ConfUtils.java:logGet(44)) - raft.server.log.use.memory = false (default)
2021-07-15 15:21:21,409 [pool-71-thread-1] INFO  server.RaftServerConfigKeys (ConfUtils.java:logGet(44)) - raft.server.log.purge.gap = 1000000 (custom)
2021-07-15 15:21:21,409 [pool-71-thread-1] INFO  server.RaftServerConfigKeys (ConfUtils.java:logGet(44)) - raft.server.log.appender.buffer.byte-limit = 33554432 (custom)
2021-07-15 15:21:21,409 [pool-71-thread-1] INFO  metrics.RatisMetrics (RatisMetrics.java:lambda$create$0(36)) - Creating Metrics Registry : ratis.log_worker.d5e7ecd9-d575-4439-91df-5c301da40fda@group-0DE953E7F363
2021-07-15 15:21:21,409 [pool-71-thread-1] INFO  server.RaftServerConfigKeys (ConfUtils.java:logGet(44)) - raft.server.log.segment.size.max = 1048576 (custom)
2021-07-15 15:21:21,410 [pool-71-thread-1] INFO  server.RaftServerConfigKeys (ConfUtils.java:logGet(44)) - raft.server.log.segment.cache.num.max = 2 (custom)
2021-07-15 15:21:21,410 [pool-71-thread-1] INFO  server.RaftServerConfigKeys (ConfUtils.java:logGet(44)) - raft.server.log.segment.cache.size.max = 200MB (=209715200) (default)
2021-07-15 15:21:21,410 [pool-71-thread-1] INFO  segmented.SegmentedRaftLogWorker (SegmentedRaftLogWorker.java:<init>(182)) - new d5e7ecd9-d575-4439-91df-5c301da40fda@group-0DE953E7F363-SegmentedRaftLogWorker for RaftStorageImpl:Storage Directory /home/runner/work/ozone/ozone/mnt/ozone/hadoop-ozone/integration-test/target/test-dir/MiniOzoneClusterImpl-67a6e2a6-babe-416c-a56a-0c8fe9c2ffa6/datanode-1/data/ratis/39eba2b0-17dc-4916-925c-0de953e7f363
2021-07-15 15:21:21,410 [pool-71-thread-1] INFO  server.RaftServerConfigKeys (ConfUtils.java:logGet(44)) - raft.server.log.queue.byte-limit = 2147483647 (custom)
2021-07-15 15:21:21,410 [pool-71-thread-1] INFO  server.RaftServerConfigKeys (ConfUtils.java:logGet(44)) - raft.server.log.queue.element-limit = 1024 (custom)
2021-07-15 15:21:21,410 [pool-71-thread-1] INFO  server.RaftServerConfigKeys (ConfUtils.java:logGet(44)) - raft.server.log.segment.size.max = 1048576 (custom)
2021-07-15 15:21:21,410 [pool-71-thread-1] INFO  server.RaftServerConfigKeys (ConfUtils.java:logGet(44)) - raft.server.log.preallocated.size = 16384 (custom)
2021-07-15 15:21:21,411 [pool-71-thread-1] INFO  server.RaftServerConfigKeys (ConfUtils.java:logGet(44)) - raft.server.log.force.sync.num = 128 (default)
2021-07-15 15:21:21,411 [pool-71-thread-1] INFO  server.RaftServerConfigKeys (ConfUtils.java:logGet(44)) - raft.server.log.statemachine.data.sync = true (default)
2021-07-15 15:21:21,411 [pool-71-thread-1] INFO  server.RaftServerConfigKeys (ConfUtils.java:logGet(44)) - raft.server.log.statemachine.data.sync.timeout = 10s (default)
2021-07-15 15:21:21,411 [pool-71-thread-1] INFO  server.RaftServerConfigKeys (ConfUtils.java:logGet(44)) - raft.server.log.statemachine.data.sync.timeout.retry = -1 (default)
2021-07-15 15:21:21,412 [pool-71-thread-1] INFO  server.RaftServerConfigKeys (ConfUtils.java:logGet(44)) - raft.server.log.write.buffer.size = 1048576 (custom)
2021-07-15 15:21:21,415 [pool-71-thread-1] INFO  server.RaftServerConfigKeys (ConfUtils.java:logGet(44)) - raft.server.log.statemachine.data.caching.enabled = true (custom)
2021-07-15 15:21:21,415 [pool-71-thread-1] INFO  segmented.SegmentedRaftLogWorker (SegmentedRaftLogWorker.java:lambda$new$0(133)) - d5e7ecd9-d575-4439-91df-5c301da40fda@group-0DE953E7F363-SegmentedRaftLogWorker: flushIndex: setUnconditionally 0 -> -1
2021-07-15 15:21:21,415 [pool-71-thread-1] INFO  segmented.SegmentedRaftLogWorker (SegmentedRaftLogWorker.java:lambda$new$0(133)) - d5e7ecd9-d575-4439-91df-5c301da40fda@group-0DE953E7F363-SegmentedRaftLogWorker: safeCacheEvictIndex: setUnconditionally 0 -> -1
2021-07-15 15:21:21,423 [pool-71-thread-1] INFO  server.RaftServerConfigKeys (ConfUtils.java:logGet(44)) - raft.server.snapshot.auto.trigger.enabled = true (custom)
2021-07-15 15:21:21,424 [pool-71-thread-1] INFO  server.RaftServerConfigKeys (ConfUtils.java:logGet(44)) - raft.server.snapshot.auto.trigger.threshold = 10000 (custom)
2021-07-15 15:21:21,424 [pool-71-thread-1] INFO  server.RaftServerConfigKeys (ConfUtils.java:logGet(44)) - raft.server.snapshot.retention.file.num = 5 (custom)
2021-07-15 15:21:21,424 [pool-71-thread-1] INFO  server.RaftServerConfigKeys (ConfUtils.java:logGet(44)) - raft.server.log.purge.upto.snapshot.index = false (default)
2021-07-15 15:21:21,424 [pool-71-thread-1] INFO  server.RaftServerConfigKeys (ConfUtils.java:logGet(44)) - raft.server.retrycache.expirytime = 600000ms (custom)
2021-07-15 15:21:21,424 [pool-71-thread-1] INFO  server.RaftServerConfigKeys (ConfUtils.java:logGet(44)) - raft.server.retrycache.statistics.expirytime = 100μs (default)
2021-07-15 15:21:21,424 [pool-71-thread-1] INFO  metrics.RatisMetrics (RatisMetrics.java:lambda$create$0(36)) - Creating Metrics Registry : ratis.leader_election.d5e7ecd9-d575-4439-91df-5c301da40fda@group-0DE953E7F363
2021-07-15 15:21:21,425 [pool-71-thread-1] INFO  metrics.RatisMetrics (RatisMetrics.java:lambda$create$0(36)) - Creating Metrics Registry : ratis.server.d5e7ecd9-d575-4439-91df-5c301da40fda@group-0DE953E7F363
2021-07-15 15:21:21,425 [pool-71-thread-1] INFO  server.RaftServer$Division (RaftServerImpl.java:start(295)) - d5e7ecd9-d575-4439-91df-5c301da40fda@group-0DE953E7F363: start as a follower, conf=-1: [938969cd-6f27-4e77-a3a7-149c5df66c5a|rpc:10.1.0.62:42485|priority:0, 0032be0d-8d4a-4918-9261-56acb00cff02|rpc:10.1.0.62:41481|priority:0, d5e7ecd9-d575-4439-91df-5c301da40fda|rpc:10.1.0.62:33833|priority:1], old=null
2021-07-15 15:21:21,426 [pool-71-thread-1] INFO  server.RaftServer$Division (RaftServerImpl.java:setRole(284)) - d5e7ecd9-d575-4439-91df-5c301da40fda@group-0DE953E7F363: changes role from      null to FOLLOWER at term 0 for startAsFollower
2021-07-15 15:21:21,426 [pool-71-thread-1] INFO  impl.RoleInfo (RoleInfo.java:updateAndGet(130)) - d5e7ecd9-d575-4439-91df-5c301da40fda: start d5e7ecd9-d575-4439-91df-5c301da40fda@group-0DE953E7F363-FollowerState
2021-07-15 15:21:21,433 [pool-71-thread-1] INFO  util.JmxRegister (JmxRegister.java:tryRegister(44)) - Successfully registered JMX Bean with object name Ratis:service=RaftServer,group=group-0DE953E7F363,id=d5e7ecd9-d575-4439-91df-5c301da40fda
2021-07-15 15:21:21,433 [pool-71-thread-1] INFO  metrics.RatisMetrics (RatisMetrics.java:lambda$create$0(36)) - Creating Metrics Registry : ratis.state_machine.d5e7ecd9-d575-4439-91df-5c301da40fda@group-0DE953E7F363
2021-07-15 15:21:21,439 [Command processor thread] INFO  ratis.XceiverServerRatis (XceiverServerRatis.java:addGroup(759)) - Created group PipelineID=39eba2b0-17dc-4916-925c-0de953e7f363
2021-07-15 15:21:21,441 [Command processor thread] INFO  metrics.RatisMetrics (RatisMetrics.java:lambda$create$0(36)) - Creating Metrics Registry : ratis.client_message_metrics.client-BBE9A343099D->0032be0d-8d4a-4918-9261-56acb00cff02
2021-07-15 15:21:21,605 [grpc-default-executor-1] INFO  metrics.RatisMetrics (RatisMetrics.java:lambda$create$0(36)) - Creating Metrics Registry : ratis.server_message_metrics.0032be0d-8d4a-4918-9261-56acb00cff02
2021-07-15 15:21:21,608 [grpc-default-executor-0] INFO  metrics.RatisMetrics (RatisMetrics.java:lambda$create$0(36)) - Creating Metrics Registry : ratis.server_message_metrics.d5e7ecd9-d575-4439-91df-5c301da40fda
2021-07-15 15:21:21,633 [grpc-default-executor-0] INFO  server.RaftServer (RaftServerProxy.java:addNew(95)) - 0032be0d-8d4a-4918-9261-56acb00cff02: addNew group-0DE953E7F363:[938969cd-6f27-4e77-a3a7-149c5df66c5a|rpc:10.1.0.62:42485|dataStream:|priority:0, 0032be0d-8d4a-4918-9261-56acb00cff02|rpc:10.1.0.62:41481|dataStream:|priority:0, d5e7ecd9-d575-4439-91df-5c301da40fda|rpc:10.1.0.62:33833|dataStream:|priority:1] returns group-0DE953E7F363:java.util.concurrent.CompletableFuture@4f353b47[Not completed]
2021-07-15 15:21:21,647 [pool-89-thread-1] INFO  server.RaftServer$Division (RaftServerImpl.java:<init>(180)) - 0032be0d-8d4a-4918-9261-56acb00cff02: new RaftServerImpl for group-0DE953E7F363:[938969cd-6f27-4e77-a3a7-149c5df66c5a|rpc:10.1.0.62:42485|dataStream:|priority:0, 0032be0d-8d4a-4918-9261-56acb00cff02|rpc:10.1.0.62:41481|dataStream:|priority:0, d5e7ecd9-d575-4439-91df-5c301da40fda|rpc:10.1.0.62:33833|dataStream:|priority:1] with ContainerStateMachine:uninitialized
2021-07-15 15:21:21,653 [pool-89-thread-1] INFO  server.RaftServerConfigKeys (ConfUtils.java:logGet(44)) - raft.server.rpc.timeout.min = 5s (custom)
2021-07-15 15:21:21,653 [pool-89-thread-1] INFO  server.RaftServerConfigKeys (ConfUtils.java:logGet(44)) - raft.server.rpc.timeout.max = 5200ms (custom)
2021-07-15 15:21:21,653 [pool-89-thread-1] INFO  server.RaftServerConfigKeys (ConfUtils.java:logGet(44)) - raft.server.rpc.sleep.time = 25ms (default)
2021-07-15 15:21:21,654 [pool-89-thread-1] INFO  server.RaftServerConfigKeys (ConfUtils.java:logGet(44)) - raft.server.rpc.slowness.timeout = 1000000ms (custom)
2021-07-15 15:21:21,654 [pool-89-thread-1] INFO  server.RaftServerConfigKeys (ConfUtils.java:logGet(44)) - raft.server.leaderelection.leader.step-down.wait-time = 10s (default)
2021-07-15 15:21:21,654 [pool-89-thread-1] INFO  server.RaftServerConfigKeys (ConfUtils.java:logGet(44)) - raft.server.sleep.deviation.threshold = 300ms (default)
2021-07-15 15:21:21,654 [pool-89-thread-1] INFO  server.RaftServerConfigKeys (ConfUtils.java:logGet(44)) - raft.server.log.appender.install.snapshot.enabled = false (custom)
2021-07-15 15:21:21,654 [pool-89-thread-1] INFO  server.RaftServer$Division (ServerState.java:<init>(105)) - 0032be0d-8d4a-4918-9261-56acb00cff02@group-0DE953E7F363: ConfigurationManager, init=-1: [938969cd-6f27-4e77-a3a7-149c5df66c5a|rpc:10.1.0.62:42485|dataStream:|priority:0, 0032be0d-8d4a-4918-9261-56acb00cff02|rpc:10.1.0.62:41481|dataStream:|priority:0, d5e7ecd9-d575-4439-91df-5c301da40fda|rpc:10.1.0.62:33833|dataStream:|priority:1], old=null, confs=<EMPTY_MAP>
2021-07-15 15:21:21,654 [pool-89-thread-1] INFO  server.RaftServerConfigKeys (ConfUtils.java:logGet(44)) - raft.server.storage.dir = [/home/runner/work/ozone/ozone/mnt/ozone/hadoop-ozone/integration-test/target/test-dir/MiniOzoneClusterImpl-67a6e2a6-babe-416c-a56a-0c8fe9c2ffa6/datanode-2/data/ratis] (custom)
2021-07-15 15:21:21,655 [pool-89-thread-1] INFO  server.RaftServerConfigKeys (ConfUtils.java:logGet(44)) - raft.server.log.corruption.policy = EXCEPTION (default)
2021-07-15 15:21:21,655 [pool-89-thread-1] INFO  storage.RaftStorageDirectory (RaftStorageDirectoryImpl.java:analyzeStorage(132)) - The storage directory /home/runner/work/ozone/ozone/mnt/ozone/hadoop-ozone/integration-test/target/test-dir/MiniOzoneClusterImpl-67a6e2a6-babe-416c-a56a-0c8fe9c2ffa6/datanode-2/data/ratis/39eba2b0-17dc-4916-925c-0de953e7f363 does not exist. Creating ...
2021-07-15 15:21:21,664 [pool-89-thread-1] INFO  storage.RaftStorageDirectory (RaftStorageDirectoryImpl.java:tryLock(215)) - Lock on /home/runner/work/ozone/ozone/mnt/ozone/hadoop-ozone/integration-test/target/test-dir/MiniOzoneClusterImpl-67a6e2a6-babe-416c-a56a-0c8fe9c2ffa6/datanode-2/data/ratis/39eba2b0-17dc-4916-925c-0de953e7f363/in_use.lock acquired by nodename 29436@fv-az116-592
2021-07-15 15:21:21,665 [pool-89-thread-1] INFO  storage.RaftStorage (RaftStorageImpl.java:format(87)) - Storage directory /home/runner/work/ozone/ozone/mnt/ozone/hadoop-ozone/integration-test/target/test-dir/MiniOzoneClusterImpl-67a6e2a6-babe-416c-a56a-0c8fe9c2ffa6/datanode-2/data/ratis/39eba2b0-17dc-4916-925c-0de953e7f363 has been successfully formatted.
2021-07-15 15:21:21,682 [pool-89-thread-1] INFO  ratis.ContainerStateMachine (ContainerStateMachine.java:loadSnapshot(223)) - group-0DE953E7F363: The snapshot info is null. Setting the last applied indexto:(t:0, i:~)
2021-07-15 15:21:21,682 [pool-89-thread-1] INFO  server.RaftServerConfigKeys (ConfUtils.java:logGet(44)) - raft.server.notification.no-leader.timeout = 1000000ms (custom)
2021-07-15 15:21:21,682 [pool-89-thread-1] INFO  server.RaftServerConfigKeys (ConfUtils.java:logGet(44)) - raft.server.log.use.memory = false (default)
2021-07-15 15:21:21,682 [pool-89-thread-1] INFO  server.RaftServerConfigKeys (ConfUtils.java:logGet(44)) - raft.server.log.purge.gap = 1000000 (custom)
2021-07-15 15:21:21,682 [pool-89-thread-1] INFO  server.RaftServerConfigKeys (ConfUtils.java:logGet(44)) - raft.server.log.appender.buffer.byte-limit = 33554432 (custom)
2021-07-15 15:21:21,682 [pool-89-thread-1] INFO  metrics.RatisMetrics (RatisMetrics.java:lambda$create$0(36)) - Creating Metrics Registry : ratis.log_worker.0032be0d-8d4a-4918-9261-56acb00cff02@group-0DE953E7F363
2021-07-15 15:21:21,683 [pool-89-thread-1] INFO  server.RaftServerConfigKeys (ConfUtils.java:logGet(44)) - raft.server.log.segment.size.max = 1048576 (custom)
2021-07-15 15:21:21,683 [pool-89-thread-1] INFO  server.RaftServerConfigKeys (ConfUtils.java:logGet(44)) - raft.server.log.segment.cache.num.max = 2 (custom)
2021-07-15 15:21:21,683 [pool-89-thread-1] INFO  server.RaftServerConfigKeys (ConfUtils.java:logGet(44)) - raft.server.log.segment.cache.size.max = 200MB (=209715200) (default)
2021-07-15 15:21:21,683 [pool-89-thread-1] INFO  segmented.SegmentedRaftLogWorker (SegmentedRaftLogWorker.java:<init>(182)) - new 0032be0d-8d4a-4918-9261-56acb00cff02@group-0DE953E7F363-SegmentedRaftLogWorker for RaftStorageImpl:Storage Directory /home/runner/work/ozone/ozone/mnt/ozone/hadoop-ozone/integration-test/target/test-dir/MiniOzoneClusterImpl-67a6e2a6-babe-416c-a56a-0c8fe9c2ffa6/datanode-2/data/ratis/39eba2b0-17dc-4916-925c-0de953e7f363
2021-07-15 15:21:21,683 [pool-89-thread-1] INFO  server.RaftServerConfigKeys (ConfUtils.java:logGet(44)) - raft.server.log.queue.byte-limit = 2147483647 (custom)
2021-07-15 15:21:21,683 [pool-89-thread-1] INFO  server.RaftServerConfigKeys (ConfUtils.java:logGet(44)) - raft.server.log.queue.element-limit = 1024 (custom)
2021-07-15 15:21:21,683 [pool-89-thread-1] INFO  server.RaftServerConfigKeys (ConfUtils.java:logGet(44)) - raft.server.log.segment.size.max = 1048576 (custom)
2021-07-15 15:21:21,684 [pool-89-thread-1] INFO  server.RaftServerConfigKeys (ConfUtils.java:logGet(44)) - raft.server.log.preallocated.size = 16384 (custom)
2021-07-15 15:21:21,684 [pool-89-thread-1] INFO  server.RaftServerConfigKeys (ConfUtils.java:logGet(44)) - raft.server.log.force.sync.num = 128 (default)
2021-07-15 15:21:21,684 [pool-89-thread-1] INFO  server.RaftServerConfigKeys (ConfUtils.java:logGet(44)) - raft.server.log.statemachine.data.sync = true (default)
2021-07-15 15:21:21,684 [pool-89-thread-1] INFO  server.RaftServerConfigKeys (ConfUtils.java:logGet(44)) - raft.server.log.statemachine.data.sync.timeout = 10s (default)
2021-07-15 15:21:21,684 [pool-89-thread-1] INFO  server.RaftServerConfigKeys (ConfUtils.java:logGet(44)) - raft.server.log.statemachine.data.sync.timeout.retry = -1 (default)
2021-07-15 15:21:21,685 [pool-89-thread-1] INFO  server.RaftServerConfigKeys (ConfUtils.java:logGet(44)) - raft.server.log.write.buffer.size = 1048576 (custom)
2021-07-15 15:21:21,685 [pool-89-thread-1] INFO  server.RaftServerConfigKeys (ConfUtils.java:logGet(44)) - raft.server.log.statemachine.data.caching.enabled = true (custom)
2021-07-15 15:21:21,687 [pool-89-thread-1] INFO  segmented.SegmentedRaftLogWorker (SegmentedRaftLogWorker.java:lambda$new$0(133)) - 0032be0d-8d4a-4918-9261-56acb00cff02@group-0DE953E7F363-SegmentedRaftLogWorker: flushIndex: setUnconditionally 0 -> -1
2021-07-15 15:21:21,687 [pool-89-thread-1] INFO  segmented.SegmentedRaftLogWorker (SegmentedRaftLogWorker.java:lambda$new$0(133)) - 0032be0d-8d4a-4918-9261-56acb00cff02@group-0DE953E7F363-SegmentedRaftLogWorker: safeCacheEvictIndex: setUnconditionally 0 -> -1
2021-07-15 15:21:21,697 [pool-89-thread-1] INFO  server.RaftServerConfigKeys (ConfUtils.java:logGet(44)) - raft.server.snapshot.auto.trigger.enabled = true (custom)
2021-07-15 15:21:21,697 [pool-89-thread-1] INFO  server.RaftServerConfigKeys (ConfUtils.java:logGet(44)) - raft.server.snapshot.auto.trigger.threshold = 10000 (custom)
2021-07-15 15:21:21,697 [pool-89-thread-1] INFO  server.RaftServerConfigKeys (ConfUtils.java:logGet(44)) - raft.server.snapshot.retention.file.num = 5 (custom)
2021-07-15 15:21:21,698 [pool-89-thread-1] INFO  server.RaftServerConfigKeys (ConfUtils.java:logGet(44)) - raft.server.log.purge.upto.snapshot.index = false (default)
2021-07-15 15:21:21,698 [pool-89-thread-1] INFO  server.RaftServerConfigKeys (ConfUtils.java:logGet(44)) - raft.server.retrycache.expirytime = 600000ms (custom)
2021-07-15 15:21:21,698 [pool-89-thread-1] INFO  server.RaftServerConfigKeys (ConfUtils.java:logGet(44)) - raft.server.retrycache.statistics.expirytime = 100μs (default)
2021-07-15 15:21:21,698 [pool-89-thread-1] INFO  metrics.RatisMetrics (RatisMetrics.java:lambda$create$0(36)) - Creating Metrics Registry : ratis.leader_election.0032be0d-8d4a-4918-9261-56acb00cff02@group-0DE953E7F363
2021-07-15 15:21:21,698 [pool-89-thread-1] INFO  metrics.RatisMetrics (RatisMetrics.java:lambda$create$0(36)) - Creating Metrics Registry : ratis.server.0032be0d-8d4a-4918-9261-56acb00cff02@group-0DE953E7F363
2021-07-15 15:21:21,699 [pool-89-thread-1] INFO  server.RaftServer$Division (RaftServerImpl.java:start(295)) - 0032be0d-8d4a-4918-9261-56acb00cff02@group-0DE953E7F363: start as a follower, conf=-1: [938969cd-6f27-4e77-a3a7-149c5df66c5a|rpc:10.1.0.62:42485|dataStream:|priority:0, 0032be0d-8d4a-4918-9261-56acb00cff02|rpc:10.1.0.62:41481|dataStream:|priority:0, d5e7ecd9-d575-4439-91df-5c301da40fda|rpc:10.1.0.62:33833|dataStream:|priority:1], old=null
2021-07-15 15:21:21,702 [pool-89-thread-1] INFO  server.RaftServer$Division (RaftServerImpl.java:setRole(284)) - 0032be0d-8d4a-4918-9261-56acb00cff02@group-0DE953E7F363: changes role from      null to FOLLOWER at term 0 for startAsFollower
2021-07-15 15:21:21,685 [Datanode State Machine Thread - 0] WARN  statemachine.StateContext (StateContext.java:execute(621)) - No available thread in pool for past 0 seconds.
2021-07-15 15:21:21,705 [pool-89-thread-1] INFO  impl.RoleInfo (RoleInfo.java:updateAndGet(130)) - 0032be0d-8d4a-4918-9261-56acb00cff02: start 0032be0d-8d4a-4918-9261-56acb00cff02@group-0DE953E7F363-FollowerState
2021-07-15 15:21:21,716 [pool-89-thread-1] INFO  util.JmxRegister (JmxRegister.java:tryRegister(44)) - Successfully registered JMX Bean with object name Ratis:service=RaftServer,group=group-0DE953E7F363,id=0032be0d-8d4a-4918-9261-56acb00cff02
2021-07-15 15:21:21,716 [pool-89-thread-1] INFO  metrics.RatisMetrics (RatisMetrics.java:lambda$create$0(36)) - Creating Metrics Registry : ratis.state_machine.0032be0d-8d4a-4918-9261-56acb00cff02@group-0DE953E7F363
2021-07-15 15:21:21,738 [Command processor thread] INFO  metrics.RatisMetrics (RatisMetrics.java:lambda$create$0(36)) - Creating Metrics Registry : ratis.client_message_metrics.client-97255F5A5B4E->0032be0d-8d4a-4918-9261-56acb00cff02
2021-07-15 15:21:21,783 [Command processor thread] INFO  metrics.RatisMetrics (RatisMetrics.java:lambda$create$0(36)) - Creating Metrics Registry : ratis.client_message_metrics.client-2AD4C953B34F->938969cd-6f27-4e77-a3a7-149c5df66c5a
2021-07-15 15:21:21,794 [Command processor thread] INFO  commandhandler.CreatePipelineCommandHandler (CreatePipelineCommandHandler.java:handle(106)) - Created Pipeline RATIS THREE PipelineID=39eba2b0-17dc-4916-925c-0de953e7f363.
2021-07-15 15:21:21,799 [grpc-default-executor-0] INFO  metrics.RatisMetrics (RatisMetrics.java:lambda$create$0(36)) - Creating Metrics Registry : ratis.server_message_metrics.938969cd-6f27-4e77-a3a7-149c5df66c5a
2021-07-15 15:21:21,810 [Command processor thread] INFO  commandhandler.CreatePipelineCommandHandler (CreatePipelineCommandHandler.java:handle(106)) - Created Pipeline RATIS THREE PipelineID=39eba2b0-17dc-4916-925c-0de953e7f363.
2021-07-15 15:21:22,017 [Listener at 127.0.0.1/43527] INFO  ozone.MiniOzoneClusterImpl (MiniOzoneClusterImpl.java:lambda$waitForClusterToBeReady$0(230)) - Nodes are ready. Got 3 of 3 DN Heartbeats.
2021-07-15 15:21:22,017 [Listener at 127.0.0.1/43527] INFO  ozone.MiniOzoneClusterImpl (MiniOzoneClusterImpl.java:lambda$waitForClusterToBeReady$0(233)) - Waiting for cluster to exit safe mode
2021-07-15 15:21:22,018 [Listener at 127.0.0.1/43527] INFO  ozone.MiniOzoneClusterImpl (MiniOzoneClusterImpl.java:lambda$waitForClusterToBeReady$0(235)) - SCM became leader
2021-07-15 15:21:22,027 [Command processor thread] INFO  server.RaftServer (RaftServerProxy.java:addNew(95)) - 0032be0d-8d4a-4918-9261-56acb00cff02: addNew group-0E2D08C4A9E9:[0032be0d-8d4a-4918-9261-56acb00cff02|rpc:10.1.0.62:41481|priority:1] returns group-0E2D08C4A9E9:java.util.concurrent.CompletableFuture@4c7f7b17[Not completed]
2021-07-15 15:21:22,028 [pool-89-thread-1] INFO  server.RaftServer$Division (RaftServerImpl.java:<init>(180)) - 0032be0d-8d4a-4918-9261-56acb00cff02: new RaftServerImpl for group-0E2D08C4A9E9:[0032be0d-8d4a-4918-9261-56acb00cff02|rpc:10.1.0.62:41481|priority:1] with ContainerStateMachine:uninitialized
2021-07-15 15:21:22,028 [pool-89-thread-1] INFO  server.RaftServerConfigKeys (ConfUtils.java:logGet(44)) - raft.server.rpc.timeout.min = 5s (custom)
2021-07-15 15:21:22,028 [pool-89-thread-1] INFO  server.RaftServerConfigKeys (ConfUtils.java:logGet(44)) - raft.server.rpc.timeout.max = 5200ms (custom)
2021-07-15 15:21:22,028 [pool-89-thread-1] INFO  server.RaftServerConfigKeys (ConfUtils.java:logGet(44)) - raft.server.rpc.sleep.time = 25ms (default)
2021-07-15 15:21:22,029 [pool-89-thread-1] INFO  server.RaftServerConfigKeys (ConfUtils.java:logGet(44)) - raft.server.rpc.slowness.timeout = 1000000ms (custom)
2021-07-15 15:21:22,029 [pool-89-thread-1] INFO  server.RaftServerConfigKeys (ConfUtils.java:logGet(44)) - raft.server.leaderelection.leader.step-down.wait-time = 10s (default)
2021-07-15 15:21:22,029 [pool-89-thread-1] INFO  server.RaftServerConfigKeys (ConfUtils.java:logGet(44)) - raft.server.sleep.deviation.threshold = 300ms (default)
2021-07-15 15:21:22,029 [pool-89-thread-1] INFO  server.RaftServerConfigKeys (ConfUtils.java:logGet(44)) - raft.server.log.appender.install.snapshot.enabled = false (custom)
2021-07-15 15:21:22,029 [pool-89-thread-1] INFO  server.RaftServer$Division (ServerState.java:<init>(105)) - 0032be0d-8d4a-4918-9261-56acb00cff02@group-0E2D08C4A9E9: ConfigurationManager, init=-1: [0032be0d-8d4a-4918-9261-56acb00cff02|rpc:10.1.0.62:41481|priority:1], old=null, confs=<EMPTY_MAP>
2021-07-15 15:21:22,029 [pool-89-thread-1] INFO  server.RaftServerConfigKeys (ConfUtils.java:logGet(44)) - raft.server.storage.dir = [/home/runner/work/ozone/ozone/mnt/ozone/hadoop-ozone/integration-test/target/test-dir/MiniOzoneClusterImpl-67a6e2a6-babe-416c-a56a-0c8fe9c2ffa6/datanode-2/data/ratis] (custom)
2021-07-15 15:21:22,029 [pool-89-thread-1] INFO  server.RaftServerConfigKeys (ConfUtils.java:logGet(44)) - raft.server.log.corruption.policy = EXCEPTION (default)
2021-07-15 15:21:22,029 [pool-89-thread-1] INFO  storage.RaftStorageDirectory (RaftStorageDirectoryImpl.java:analyzeStorage(132)) - The storage directory /home/runner/work/ozone/ozone/mnt/ozone/hadoop-ozone/integration-test/target/test-dir/MiniOzoneClusterImpl-67a6e2a6-babe-416c-a56a-0c8fe9c2ffa6/datanode-2/data/ratis/25272939-6153-462a-9751-0e2d08c4a9e9 does not exist. Creating ...
2021-07-15 15:21:22,031 [pool-89-thread-1] INFO  storage.RaftStorageDirectory (RaftStorageDirectoryImpl.java:tryLock(215)) - Lock on /home/runner/work/ozone/ozone/mnt/ozone/hadoop-ozone/integration-test/target/test-dir/MiniOzoneClusterImpl-67a6e2a6-babe-416c-a56a-0c8fe9c2ffa6/datanode-2/data/ratis/25272939-6153-462a-9751-0e2d08c4a9e9/in_use.lock acquired by nodename 29436@fv-az116-592
2021-07-15 15:21:22,032 [pool-89-thread-1] INFO  storage.RaftStorage (RaftStorageImpl.java:format(87)) - Storage directory /home/runner/work/ozone/ozone/mnt/ozone/hadoop-ozone/integration-test/target/test-dir/MiniOzoneClusterImpl-67a6e2a6-babe-416c-a56a-0c8fe9c2ffa6/datanode-2/data/ratis/25272939-6153-462a-9751-0e2d08c4a9e9 has been successfully formatted.
2021-07-15 15:21:22,033 [Datanode State Machine Thread - 0] WARN  statemachine.StateContext (StateContext.java:execute(621)) - No available thread in pool for past 0 seconds.
2021-07-15 15:21:22,033 [pool-89-thread-1] INFO  ratis.ContainerStateMachine (ContainerStateMachine.java:loadSnapshot(223)) - group-0E2D08C4A9E9: The snapshot info is null. Setting the last applied indexto:(t:0, i:~)
2021-07-15 15:21:22,034 [pool-89-thread-1] INFO  server.RaftServerConfigKeys (ConfUtils.java:logGet(44)) - raft.server.notification.no-leader.timeout = 1000000ms (custom)
2021-07-15 15:21:22,034 [pool-89-thread-1] INFO  server.RaftServerConfigKeys (ConfUtils.java:logGet(44)) - raft.server.log.use.memory = false (default)
2021-07-15 15:21:22,034 [pool-89-thread-1] INFO  server.RaftServerConfigKeys (ConfUtils.java:logGet(44)) - raft.server.log.purge.gap = 1000000 (custom)
2021-07-15 15:21:22,034 [pool-89-thread-1] INFO  server.RaftServerConfigKeys (ConfUtils.java:logGet(44)) - raft.server.log.appender.buffer.byte-limit = 33554432 (custom)
2021-07-15 15:21:22,034 [pool-89-thread-1] INFO  metrics.RatisMetrics (RatisMetrics.java:lambda$create$0(36)) - Creating Metrics Registry : ratis.log_worker.0032be0d-8d4a-4918-9261-56acb00cff02@group-0E2D08C4A9E9
2021-07-15 15:21:22,034 [pool-89-thread-1] INFO  server.RaftServerConfigKeys (ConfUtils.java:logGet(44)) - raft.server.log.segment.size.max = 1048576 (custom)
2021-07-15 15:21:22,035 [EventQueue-PipelineReportForPipelineReportHandler] INFO  pipeline.PipelineManagerV2Impl (PipelineManagerV2Impl.java:openPipeline(283)) - Pipeline Pipeline[ Id: 25272939-6153-462a-9751-0e2d08c4a9e9, Nodes: 0032be0d-8d4a-4918-9261-56acb00cff02{ip: 10.1.0.62, host: fv-az116-592.vzw04321ajxubdbcnpick5nqva.xx.internal.cloudapp.net, ports: [REPLICATION=45419, RATIS=41481, RATIS_ADMIN=41481, RATIS_SERVER=41481, STANDALONE=32853], networkLocation: /default-rack, certSerialId: null, persistedOpState: IN_SERVICE, persistedOpStateExpiryEpochSec: 0}, ReplicationConfig: RATIS/ONE, State:ALLOCATED, leaderId:0032be0d-8d4a-4918-9261-56acb00cff02, CreationTimestamp2021-07-15T15:21:19.030Z[Etc/UTC]] moved to OPEN state
2021-07-15 15:21:22,036 [EventQueue-OpenPipelineForHealthyPipelineSafeModeRule] INFO  safemode.SCMSafeModeManager (HealthyPipelineSafeModeRule.java:process(124)) - SCM in safe mode. Healthy pipelines reported count is 0, required healthy pipeline reported count is 1
2021-07-15 15:21:22,037 [pool-89-thread-1] INFO  server.RaftServerConfigKeys (ConfUtils.java:logGet(44)) - raft.server.log.segment.cache.num.max = 2 (custom)
2021-07-15 15:21:22,037 [pool-89-thread-1] INFO  server.RaftServerConfigKeys (ConfUtils.java:logGet(44)) - raft.server.log.segment.cache.size.max = 200MB (=209715200) (default)
2021-07-15 15:21:22,038 [pool-89-thread-1] INFO  segmented.SegmentedRaftLogWorker (SegmentedRaftLogWorker.java:<init>(182)) - new 0032be0d-8d4a-4918-9261-56acb00cff02@group-0E2D08C4A9E9-SegmentedRaftLogWorker for RaftStorageImpl:Storage Directory /home/runner/work/ozone/ozone/mnt/ozone/hadoop-ozone/integration-test/target/test-dir/MiniOzoneClusterImpl-67a6e2a6-babe-416c-a56a-0c8fe9c2ffa6/datanode-2/data/ratis/25272939-6153-462a-9751-0e2d08c4a9e9
2021-07-15 15:21:22,038 [pool-89-thread-1] INFO  server.RaftServerConfigKeys (ConfUtils.java:logGet(44)) - raft.server.log.queue.byte-limit = 2147483647 (custom)
2021-07-15 15:21:22,038 [pool-89-thread-1] INFO  server.RaftServerConfigKeys (ConfUtils.java:logGet(44)) - raft.server.log.queue.element-limit = 1024 (custom)
2021-07-15 15:21:22,038 [pool-89-thread-1] INFO  server.RaftServerConfigKeys (ConfUtils.java:logGet(44)) - raft.server.log.segment.size.max = 1048576 (custom)
2021-07-15 15:21:22,038 [pool-89-thread-1] INFO  server.RaftServerConfigKeys (ConfUtils.java:logGet(44)) - raft.server.log.preallocated.size = 16384 (custom)
2021-07-15 15:21:22,038 [pool-89-thread-1] INFO  server.RaftServerConfigKeys (ConfUtils.java:logGet(44)) - raft.server.log.force.sync.num = 128 (default)
2021-07-15 15:21:22,038 [pool-89-thread-1] INFO  server.RaftServerConfigKeys (ConfUtils.java:logGet(44)) - raft.server.log.statemachine.data.sync = true (default)
2021-07-15 15:21:22,038 [pool-89-thread-1] INFO  server.RaftServerConfigKeys (ConfUtils.java:logGet(44)) - raft.server.log.statemachine.data.sync.timeout = 10s (default)
2021-07-15 15:21:22,038 [pool-89-thread-1] INFO  server.RaftServerConfigKeys (ConfUtils.java:logGet(44)) - raft.server.log.statemachine.data.sync.timeout.retry = -1 (default)
2021-07-15 15:21:22,045 [pool-89-thread-1] INFO  server.RaftServerConfigKeys (ConfUtils.java:logGet(44)) - raft.server.log.write.buffer.size = 1048576 (custom)
2021-07-15 15:21:22,046 [pool-89-thread-1] INFO  server.RaftServerConfigKeys (ConfUtils.java:logGet(44)) - raft.server.log.statemachine.data.caching.enabled = true (custom)
2021-07-15 15:21:22,046 [pool-89-thread-1] INFO  segmented.SegmentedRaftLogWorker (SegmentedRaftLogWorker.java:lambda$new$0(133)) - 0032be0d-8d4a-4918-9261-56acb00cff02@group-0E2D08C4A9E9-SegmentedRaftLogWorker: flushIndex: setUnconditionally 0 -> -1
2021-07-15 15:21:22,046 [pool-89-thread-1] INFO  segmented.SegmentedRaftLogWorker (SegmentedRaftLogWorker.java:lambda$new$0(133)) - 0032be0d-8d4a-4918-9261-56acb00cff02@group-0E2D08C4A9E9-SegmentedRaftLogWorker: safeCacheEvictIndex: setUnconditionally 0 -> -1
2021-07-15 15:21:22,047 [pool-89-thread-1] INFO  server.RaftServerConfigKeys (ConfUtils.java:logGet(44)) - raft.server.snapshot.auto.trigger.enabled = true (custom)
2021-07-15 15:21:22,047 [pool-89-thread-1] INFO  server.RaftServerConfigKeys (ConfUtils.java:logGet(44)) - raft.server.snapshot.auto.trigger.threshold = 10000 (custom)
2021-07-15 15:21:22,047 [pool-89-thread-1] INFO  server.RaftServerConfigKeys (ConfUtils.java:logGet(44)) - raft.server.snapshot.retention.file.num = 5 (custom)
2021-07-15 15:21:22,047 [pool-89-thread-1] INFO  server.RaftServerConfigKeys (ConfUtils.java:logGet(44)) - raft.server.log.purge.upto.snapshot.index = false (default)
2021-07-15 15:21:22,047 [pool-89-thread-1] INFO  server.RaftServerConfigKeys (ConfUtils.java:logGet(44)) - raft.server.retrycache.expirytime = 600000ms (custom)
2021-07-15 15:21:22,047 [pool-89-thread-1] INFO  server.RaftServerConfigKeys (ConfUtils.java:logGet(44)) - raft.server.retrycache.statistics.expirytime = 100μs (default)
2021-07-15 15:21:22,048 [pool-89-thread-1] INFO  metrics.RatisMetrics (RatisMetrics.java:lambda$create$0(36)) - Creating Metrics Registry : ratis.leader_election.0032be0d-8d4a-4918-9261-56acb00cff02@group-0E2D08C4A9E9
2021-07-15 15:21:22,048 [pool-89-thread-1] INFO  metrics.RatisMetrics (RatisMetrics.java:lambda$create$0(36)) - Creating Metrics Registry : ratis.server.0032be0d-8d4a-4918-9261-56acb00cff02@group-0E2D08C4A9E9
2021-07-15 15:21:22,049 [pool-89-thread-1] INFO  server.RaftServer$Division (RaftServerImpl.java:start(295)) - 0032be0d-8d4a-4918-9261-56acb00cff02@group-0E2D08C4A9E9: start as a follower, conf=-1: [0032be0d-8d4a-4918-9261-56acb00cff02|rpc:10.1.0.62:41481|priority:1], old=null
2021-07-15 15:21:22,049 [pool-89-thread-1] INFO  server.RaftServer$Division (RaftServerImpl.java:setRole(284)) - 0032be0d-8d4a-4918-9261-56acb00cff02@group-0E2D08C4A9E9: changes role from      null to FOLLOWER at term 0 for startAsFollower
2021-07-15 15:21:22,049 [pool-89-thread-1] INFO  impl.RoleInfo (RoleInfo.java:updateAndGet(130)) - 0032be0d-8d4a-4918-9261-56acb00cff02: start 0032be0d-8d4a-4918-9261-56acb00cff02@group-0E2D08C4A9E9-FollowerState
2021-07-15 15:21:22,050 [pool-89-thread-1] INFO  util.JmxRegister (JmxRegister.java:tryRegister(44)) - Successfully registered JMX Bean with object name Ratis:service=RaftServer,group=group-0E2D08C4A9E9,id=0032be0d-8d4a-4918-9261-56acb00cff02
2021-07-15 15:21:22,050 [pool-89-thread-1] INFO  metrics.RatisMetrics (RatisMetrics.java:lambda$create$0(36)) - Creating Metrics Registry : ratis.state_machine.0032be0d-8d4a-4918-9261-56acb00cff02@group-0E2D08C4A9E9
2021-07-15 15:21:22,051 [Command processor thread] INFO  ratis.XceiverServerRatis (XceiverServerRatis.java:addGroup(759)) - Created group PipelineID=25272939-6153-462a-9751-0e2d08c4a9e9
2021-07-15 15:21:22,051 [Command processor thread] INFO  commandhandler.CreatePipelineCommandHandler (CreatePipelineCommandHandler.java:handle(106)) - Created Pipeline RATIS ONE PipelineID=25272939-6153-462a-9751-0e2d08c4a9e9.
2021-07-15 15:21:23,018 [Listener at 127.0.0.1/43527] INFO  ozone.MiniOzoneClusterImpl (MiniOzoneClusterImpl.java:lambda$waitForClusterToBeReady$0(230)) - Nodes are ready. Got 3 of 3 DN Heartbeats.
2021-07-15 15:21:23,018 [Listener at 127.0.0.1/43527] INFO  ozone.MiniOzoneClusterImpl (MiniOzoneClusterImpl.java:lambda$waitForClusterToBeReady$0(233)) - Waiting for cluster to exit safe mode
2021-07-15 15:21:23,018 [Listener at 127.0.0.1/43527] INFO  ozone.MiniOzoneClusterImpl (MiniOzoneClusterImpl.java:lambda$waitForClusterToBeReady$0(235)) - SCM became leader
2021-07-15 15:21:24,018 [Listener at 127.0.0.1/43527] INFO  ozone.MiniOzoneClusterImpl (MiniOzoneClusterImpl.java:lambda$waitForClusterToBeReady$0(230)) - Nodes are ready. Got 3 of 3 DN Heartbeats.
2021-07-15 15:21:24,019 [Listener at 127.0.0.1/43527] INFO  ozone.MiniOzoneClusterImpl (MiniOzoneClusterImpl.java:lambda$waitForClusterToBeReady$0(233)) - Waiting for cluster to exit safe mode
2021-07-15 15:21:24,019 [Listener at 127.0.0.1/43527] INFO  ozone.MiniOzoneClusterImpl (MiniOzoneClusterImpl.java:lambda$waitForClusterToBeReady$0(235)) - SCM became leader
2021-07-15 15:21:25,019 [Listener at 127.0.0.1/43527] INFO  ozone.MiniOzoneClusterImpl (MiniOzoneClusterImpl.java:lambda$waitForClusterToBeReady$0(230)) - Nodes are ready. Got 3 of 3 DN Heartbeats.
2021-07-15 15:21:25,019 [Listener at 127.0.0.1/43527] INFO  ozone.MiniOzoneClusterImpl (MiniOzoneClusterImpl.java:lambda$waitForClusterToBeReady$0(233)) - Waiting for cluster to exit safe mode
2021-07-15 15:21:25,019 [Listener at 127.0.0.1/43527] INFO  ozone.MiniOzoneClusterImpl (MiniOzoneClusterImpl.java:lambda$waitForClusterToBeReady$0(235)) - SCM became leader
2021-07-15 15:21:26,020 [Listener at 127.0.0.1/43527] INFO  ozone.MiniOzoneClusterImpl (MiniOzoneClusterImpl.java:lambda$waitForClusterToBeReady$0(230)) - Nodes are ready. Got 3 of 3 DN Heartbeats.
2021-07-15 15:21:26,020 [Listener at 127.0.0.1/43527] INFO  ozone.MiniOzoneClusterImpl (MiniOzoneClusterImpl.java:lambda$waitForClusterToBeReady$0(233)) - Waiting for cluster to exit safe mode
2021-07-15 15:21:26,020 [Listener at 127.0.0.1/43527] INFO  ozone.MiniOzoneClusterImpl (MiniOzoneClusterImpl.java:lambda$waitForClusterToBeReady$0(235)) - SCM became leader
2021-07-15 15:21:26,187 [938969cd-6f27-4e77-a3a7-149c5df66c5a@group-0DE953E7F363-FollowerState] INFO  impl.FollowerState (FollowerState.java:run(134)) - 938969cd-6f27-4e77-a3a7-149c5df66c5a@group-0DE953E7F363-FollowerState: change to CANDIDATE, lastRpcElapsedTime:5056320288ns, electionTimeout:5055ms
2021-07-15 15:21:26,188 [938969cd-6f27-4e77-a3a7-149c5df66c5a@group-0DE953E7F363-FollowerState] INFO  impl.RoleInfo (RoleInfo.java:shutdownFollowerState(108)) - 938969cd-6f27-4e77-a3a7-149c5df66c5a: shutdown 938969cd-6f27-4e77-a3a7-149c5df66c5a@group-0DE953E7F363-FollowerState
2021-07-15 15:21:26,188 [938969cd-6f27-4e77-a3a7-149c5df66c5a@group-0DE953E7F363-FollowerState] INFO  server.RaftServer$Division (RaftServerImpl.java:setRole(284)) - 938969cd-6f27-4e77-a3a7-149c5df66c5a@group-0DE953E7F363: changes role from  FOLLOWER to CANDIDATE at term 0 for changeToCandidate
2021-07-15 15:21:26,188 [938969cd-6f27-4e77-a3a7-149c5df66c5a@group-0DE953E7F363-FollowerState] INFO  server.RaftServerConfigKeys (ConfUtils.java:logGet(44)) - raft.server.leaderelection.pre-vote = false (custom)
2021-07-15 15:21:26,188 [938969cd-6f27-4e77-a3a7-149c5df66c5a@group-0DE953E7F363-FollowerState] INFO  impl.RoleInfo (RoleInfo.java:updateAndGet(130)) - 938969cd-6f27-4e77-a3a7-149c5df66c5a: start 938969cd-6f27-4e77-a3a7-149c5df66c5a@group-0DE953E7F363-LeaderElection2
2021-07-15 15:21:26,191 [938969cd-6f27-4e77-a3a7-149c5df66c5a@group-0DE953E7F363-LeaderElection2] INFO  impl.LeaderElection (LeaderElection.java:askForVotes(306)) - 938969cd-6f27-4e77-a3a7-149c5df66c5a@group-0DE953E7F363-LeaderElection2 ELECTION round 0: submit vote requests at term 1 for -1: [938969cd-6f27-4e77-a3a7-149c5df66c5a|rpc:10.1.0.62:42485|priority:0, 0032be0d-8d4a-4918-9261-56acb00cff02|rpc:10.1.0.62:41481|priority:0, d5e7ecd9-d575-4439-91df-5c301da40fda|rpc:10.1.0.62:33833|priority:1], old=null
2021-07-15 15:21:26,227 [938969cd-6f27-4e77-a3a7-149c5df66c5a@group-A4D58E80182B-FollowerState] INFO  impl.FollowerState (FollowerState.java:run(134)) - 938969cd-6f27-4e77-a3a7-149c5df66c5a@group-A4D58E80182B-FollowerState: change to CANDIDATE, lastRpcElapsedTime:5159114596ns, electionTimeout:5150ms
2021-07-15 15:21:26,228 [938969cd-6f27-4e77-a3a7-149c5df66c5a@group-A4D58E80182B-FollowerState] INFO  impl.RoleInfo (RoleInfo.java:shutdownFollowerState(108)) - 938969cd-6f27-4e77-a3a7-149c5df66c5a: shutdown 938969cd-6f27-4e77-a3a7-149c5df66c5a@group-A4D58E80182B-FollowerState
2021-07-15 15:21:26,228 [938969cd-6f27-4e77-a3a7-149c5df66c5a@group-A4D58E80182B-FollowerState] INFO  server.RaftServer$Division (RaftServerImpl.java:setRole(284)) - 938969cd-6f27-4e77-a3a7-149c5df66c5a@group-A4D58E80182B: changes role from  FOLLOWER to CANDIDATE at term 0 for changeToCandidate
2021-07-15 15:21:26,228 [938969cd-6f27-4e77-a3a7-149c5df66c5a@group-A4D58E80182B-FollowerState] INFO  server.RaftServerConfigKeys (ConfUtils.java:logGet(44)) - raft.server.leaderelection.pre-vote = false (custom)
2021-07-15 15:21:26,228 [938969cd-6f27-4e77-a3a7-149c5df66c5a@group-A4D58E80182B-FollowerState] INFO  impl.RoleInfo (RoleInfo.java:updateAndGet(130)) - 938969cd-6f27-4e77-a3a7-149c5df66c5a: start 938969cd-6f27-4e77-a3a7-149c5df66c5a@group-A4D58E80182B-LeaderElection3
2021-07-15 15:21:26,241 [938969cd-6f27-4e77-a3a7-149c5df66c5a@group-A4D58E80182B-LeaderElection3] INFO  impl.LeaderElection (LeaderElection.java:askForVotes(306)) - 938969cd-6f27-4e77-a3a7-149c5df66c5a@group-A4D58E80182B-LeaderElection3 ELECTION round 0: submit vote requests at term 1 for -1: [938969cd-6f27-4e77-a3a7-149c5df66c5a|rpc:10.1.0.62:42485|priority:1], old=null
2021-07-15 15:21:26,241 [938969cd-6f27-4e77-a3a7-149c5df66c5a@group-A4D58E80182B-LeaderElection3] INFO  impl.LeaderElection (LeaderElection.java:askForVotes(308)) - 938969cd-6f27-4e77-a3a7-149c5df66c5a@group-A4D58E80182B-LeaderElection3 ELECTION round 0: result PASSED (term=1)
2021-07-15 15:21:26,242 [938969cd-6f27-4e77-a3a7-149c5df66c5a@group-A4D58E80182B-LeaderElection3] INFO  impl.RoleInfo (RoleInfo.java:shutdownLeaderElection(121)) - 938969cd-6f27-4e77-a3a7-149c5df66c5a: shutdown 938969cd-6f27-4e77-a3a7-149c5df66c5a@group-A4D58E80182B-LeaderElection3
2021-07-15 15:21:26,242 [938969cd-6f27-4e77-a3a7-149c5df66c5a@group-A4D58E80182B-LeaderElection3] INFO  server.RaftServer$Division (RaftServerImpl.java:setRole(284)) - 938969cd-6f27-4e77-a3a7-149c5df66c5a@group-A4D58E80182B: changes role from CANDIDATE to LEADER at term 1 for changeToLeader
2021-07-15 15:21:26,242 [938969cd-6f27-4e77-a3a7-149c5df66c5a@group-A4D58E80182B-LeaderElection3] INFO  ratis.XceiverServerRatis (XceiverServerRatis.java:handleLeaderChangedNotification(857)) - Leader change notification received for group: group-A4D58E80182B with new leaderId: 938969cd-6f27-4e77-a3a7-149c5df66c5a
2021-07-15 15:21:26,245 [938969cd-6f27-4e77-a3a7-149c5df66c5a@group-A4D58E80182B-LeaderElection3] INFO  server.RaftServer$Division (ServerState.java:setLeader(271)) - 938969cd-6f27-4e77-a3a7-149c5df66c5a@group-A4D58E80182B: change Leader from null to 938969cd-6f27-4e77-a3a7-149c5df66c5a at term 1 for becomeLeader, leader elected after 5195ms
2021-07-15 15:21:26,245 [938969cd-6f27-4e77-a3a7-149c5df66c5a@group-A4D58E80182B-LeaderElection3] INFO  server.RaftServerConfigKeys (ConfUtils.java:logGet(44)) - raft.server.staging.catchup.gap = 1000 (default)
2021-07-15 15:21:26,246 [grpc-default-executor-1] INFO  server.RaftServer$Division (RaftServerImpl.java:requestVote(1042)) - 0032be0d-8d4a-4918-9261-56acb00cff02@group-0DE953E7F363: receive requestVote(ELECTION, 938969cd-6f27-4e77-a3a7-149c5df66c5a, group-0DE953E7F363, 1, (t:0, i:0))
2021-07-15 15:21:26,246 [grpc-default-executor-0] INFO  server.RaftServer$Division (RaftServerImpl.java:requestVote(1042)) - d5e7ecd9-d575-4439-91df-5c301da40fda@group-0DE953E7F363: receive requestVote(ELECTION, 938969cd-6f27-4e77-a3a7-149c5df66c5a, group-0DE953E7F363, 1, (t:0, i:0))
2021-07-15 15:21:26,245 [Datanode State Machine Thread - 0] WARN  statemachine.StateContext (StateContext.java:execute(621)) - No available thread in pool for past 0 seconds.
2021-07-15 15:21:26,248 [grpc-default-executor-0] INFO  impl.VoteContext (VoteContext.java:log(48)) - d5e7ecd9-d575-4439-91df-5c301da40fda@group-0DE953E7F363-FOLLOWER: reject ELECTION from 938969cd-6f27-4e77-a3a7-149c5df66c5a: our priority 1 > candidate's priority 0
2021-07-15 15:21:26,248 [grpc-default-executor-0] INFO  server.RaftServer$Division (RaftServerImpl.java:setRole(284)) - d5e7ecd9-d575-4439-91df-5c301da40fda@group-0DE953E7F363: changes role from  FOLLOWER to FOLLOWER at term 1 for candidate:938969cd-6f27-4e77-a3a7-149c5df66c5a
2021-07-15 15:21:26,249 [grpc-default-executor-0] INFO  impl.RoleInfo (RoleInfo.java:shutdownFollowerState(108)) - d5e7ecd9-d575-4439-91df-5c301da40fda: shutdown d5e7ecd9-d575-4439-91df-5c301da40fda@group-0DE953E7F363-FollowerState
2021-07-15 15:21:26,249 [grpc-default-executor-0] INFO  impl.RoleInfo (RoleInfo.java:updateAndGet(130)) - d5e7ecd9-d575-4439-91df-5c301da40fda: start d5e7ecd9-d575-4439-91df-5c301da40fda@group-0DE953E7F363-FollowerState
2021-07-15 15:21:26,250 [d5e7ecd9-d575-4439-91df-5c301da40fda@group-0DE953E7F363-FollowerState] INFO  impl.FollowerState (FollowerState.java:run(143)) - d5e7ecd9-d575-4439-91df-5c301da40fda@group-0DE953E7F363-FollowerState was interrupted: {}
java.lang.InterruptedException: sleep interrupted
	at java.lang.Thread.sleep(Native Method)
	at java.lang.Thread.sleep(Thread.java:340)
	at java.util.concurrent.TimeUnit.sleep(TimeUnit.java:386)
	at org.apache.ratis.util.TimeDuration.sleep(TimeDuration.java:324)
	at org.apache.ratis.util.TimeDuration.sleep(TimeDuration.java:309)
	at org.apache.ratis.server.impl.FollowerState.run(FollowerState.java:118)
2021-07-15 15:21:26,251 [EventQueue-OpenPipelineForHealthyPipelineSafeModeRule] INFO  safemode.SCMSafeModeManager (HealthyPipelineSafeModeRule.java:process(124)) - SCM in safe mode. Healthy pipelines reported count is 0, required healthy pipeline reported count is 1
2021-07-15 15:21:26,251 [938969cd-6f27-4e77-a3a7-149c5df66c5a@group-A4D58E80182B-LeaderElection3] INFO  metrics.RatisMetrics (RatisMetrics.java:lambda$create$0(36)) - Creating Metrics Registry : ratis.log_appender.938969cd-6f27-4e77-a3a7-149c5df66c5a@group-A4D58E80182B
2021-07-15 15:21:26,252 [938969cd-6f27-4e77-a3a7-149c5df66c5a@group-A4D58E80182B-LeaderElection3] INFO  server.RaftServerConfigKeys (ConfUtils.java:logGet(44)) - raft.server.write.element-limit = 1024 (custom)
2021-07-15 15:21:26,252 [938969cd-6f27-4e77-a3a7-149c5df66c5a@group-A4D58E80182B-LeaderElection3] INFO  server.RaftServerConfigKeys (ConfUtils.java:logGet(44)) - raft.server.write.byte-limit = 1073741824 (custom)
2021-07-15 15:21:26,253 [938969cd-6f27-4e77-a3a7-149c5df66c5a@group-A4D58E80182B-LeaderElection3] INFO  server.RaftServerConfigKeys (ConfUtils.java:logGet(44)) - raft.server.watch.timeout = 3000ms (custom)
2021-07-15 15:21:26,255 [938969cd-6f27-4e77-a3a7-149c5df66c5a@group-A4D58E80182B-LeaderElection3] INFO  server.RaftServerConfigKeys (ConfUtils.java:logGet(44)) - raft.server.watch.timeout.denomination = 1s (default)
2021-07-15 15:21:26,255 [938969cd-6f27-4e77-a3a7-149c5df66c5a@group-A4D58E80182B-LeaderElection3] INFO  server.RaftServerConfigKeys (ConfUtils.java:logGet(44)) - raft.server.watch.element-limit = 65536 (default)
2021-07-15 15:21:26,255 [938969cd-6f27-4e77-a3a7-149c5df66c5a@group-A4D58E80182B-LeaderElection3] INFO  impl.RoleInfo (RoleInfo.java:updateAndGet(130)) - 938969cd-6f27-4e77-a3a7-149c5df66c5a: start 938969cd-6f27-4e77-a3a7-149c5df66c5a@group-A4D58E80182B-LeaderStateImpl
2021-07-15 15:21:26,256 [938969cd-6f27-4e77-a3a7-149c5df66c5a@group-A4D58E80182B-LeaderElection3] INFO  segmented.SegmentedRaftLogWorker (SegmentedRaftLogWorker.java:startLogSegment(394)) - 938969cd-6f27-4e77-a3a7-149c5df66c5a@group-A4D58E80182B-SegmentedRaftLogWorker: Starting segment from index:0
2021-07-15 15:21:26,259 [938969cd-6f27-4e77-a3a7-149c5df66c5a@group-A4D58E80182B-SegmentedRaftLogWorker] INFO  segmented.SegmentedRaftLogWorker (SegmentedRaftLogWorker.java:execute(601)) - 938969cd-6f27-4e77-a3a7-149c5df66c5a@group-A4D58E80182B-SegmentedRaftLogWorker: created new log segment /home/runner/work/ozone/ozone/mnt/ozone/hadoop-ozone/integration-test/target/test-dir/MiniOzoneClusterImpl-67a6e2a6-babe-416c-a56a-0c8fe9c2ffa6/datanode-0/data/ratis/b567051b-264c-429f-a56f-a4d58e80182b/current/log_inprogress_0
2021-07-15 15:21:26,255 [grpc-default-executor-0] INFO  server.RaftServer$Division (RaftServerImpl.java:requestVote(1074)) - d5e7ecd9-d575-4439-91df-5c301da40fda@group-0DE953E7F363 replies to ELECTION vote request: 938969cd-6f27-4e77-a3a7-149c5df66c5a<-d5e7ecd9-d575-4439-91df-5c301da40fda#0:FAIL-t1. Peer's state: d5e7ecd9-d575-4439-91df-5c301da40fda@group-0DE953E7F363:t1, leader=null, voted=null, raftlog=d5e7ecd9-d575-4439-91df-5c301da40fda@group-0DE953E7F363-SegmentedRaftLog:OPENED:c-1,f-1,i0, conf=-1: [938969cd-6f27-4e77-a3a7-149c5df66c5a|rpc:10.1.0.62:42485|priority:0, 0032be0d-8d4a-4918-9261-56acb00cff02|rpc:10.1.0.62:41481|priority:0, d5e7ecd9-d575-4439-91df-5c301da40fda|rpc:10.1.0.62:33833|priority:1], old=null
2021-07-15 15:21:26,248 [grpc-default-executor-1] INFO  impl.VoteContext (VoteContext.java:log(48)) - 0032be0d-8d4a-4918-9261-56acb00cff02@group-0DE953E7F363-FOLLOWER: accept ELECTION from 938969cd-6f27-4e77-a3a7-149c5df66c5a: our priority 0 <= candidate's priority 0
2021-07-15 15:21:26,270 [grpc-default-executor-1] INFO  server.RaftServer$Division (RaftServerImpl.java:setRole(284)) - 0032be0d-8d4a-4918-9261-56acb00cff02@group-0DE953E7F363: changes role from  FOLLOWER to FOLLOWER at term 1 for candidate:938969cd-6f27-4e77-a3a7-149c5df66c5a
2021-07-15 15:21:26,270 [grpc-default-executor-1] INFO  impl.RoleInfo (RoleInfo.java:shutdownFollowerState(108)) - 0032be0d-8d4a-4918-9261-56acb00cff02: shutdown 0032be0d-8d4a-4918-9261-56acb00cff02@group-0DE953E7F363-FollowerState
2021-07-15 15:21:26,270 [grpc-default-executor-1] INFO  impl.RoleInfo (RoleInfo.java:updateAndGet(130)) - 0032be0d-8d4a-4918-9261-56acb00cff02: start 0032be0d-8d4a-4918-9261-56acb00cff02@group-0DE953E7F363-FollowerState
2021-07-15 15:21:26,270 [938969cd-6f27-4e77-a3a7-149c5df66c5a@group-A4D58E80182B-LeaderElection3] INFO  server.RaftServer$Division (ServerState.java:setRaftConf(373)) - 938969cd-6f27-4e77-a3a7-149c5df66c5a@group-A4D58E80182B: set configuration 0: [938969cd-6f27-4e77-a3a7-149c5df66c5a|rpc:10.1.0.62:42485|dataStream:|priority:1], old=null
2021-07-15 15:21:26,270 [0032be0d-8d4a-4918-9261-56acb00cff02@group-0DE953E7F363-FollowerState] INFO  impl.FollowerState (FollowerState.java:run(143)) - 0032be0d-8d4a-4918-9261-56acb00cff02@group-0DE953E7F363-FollowerState was interrupted: {}
java.lang.InterruptedException: sleep interrupted
	at java.lang.Thread.sleep(Native Method)
	at java.lang.Thread.sleep(Thread.java:340)
	at java.util.concurrent.TimeUnit.sleep(TimeUnit.java:386)
	at org.apache.ratis.util.TimeDuration.sleep(TimeDuration.java:324)
	at org.apache.ratis.util.TimeDuration.sleep(TimeDuration.java:309)
	at org.apache.ratis.server.impl.FollowerState.run(FollowerState.java:118)
2021-07-15 15:21:26,274 [grpc-default-executor-1] INFO  server.RaftServer$Division (RaftServerImpl.java:requestVote(1074)) - 0032be0d-8d4a-4918-9261-56acb00cff02@group-0DE953E7F363 replies to ELECTION vote request: 938969cd-6f27-4e77-a3a7-149c5df66c5a<-0032be0d-8d4a-4918-9261-56acb00cff02#0:OK-t1. Peer's state: 0032be0d-8d4a-4918-9261-56acb00cff02@group-0DE953E7F363:t1, leader=null, voted=938969cd-6f27-4e77-a3a7-149c5df66c5a, raftlog=0032be0d-8d4a-4918-9261-56acb00cff02@group-0DE953E7F363-SegmentedRaftLog:OPENED:c-1,f-1,i0, conf=-1: [938969cd-6f27-4e77-a3a7-149c5df66c5a|rpc:10.1.0.62:42485|dataStream:|priority:0, 0032be0d-8d4a-4918-9261-56acb00cff02|rpc:10.1.0.62:41481|dataStream:|priority:0, d5e7ecd9-d575-4439-91df-5c301da40fda|rpc:10.1.0.62:33833|dataStream:|priority:1], old=null
2021-07-15 15:21:26,274 [938969cd-6f27-4e77-a3a7-149c5df66c5a@group-0DE953E7F363-LeaderElection2] INFO  impl.LeaderElection (LeaderElection.java:logAndReturn(89)) - 938969cd-6f27-4e77-a3a7-149c5df66c5a@group-0DE953E7F363-LeaderElection2: ELECTION REJECTED received 1 response(s) and 0 exception(s):
2021-07-15 15:21:26,276 [938969cd-6f27-4e77-a3a7-149c5df66c5a@group-0DE953E7F363-LeaderElection2] INFO  impl.LeaderElection (LeaderElection.java:logAndReturn(93)) -   Response 0: 938969cd-6f27-4e77-a3a7-149c5df66c5a<-d5e7ecd9-d575-4439-91df-5c301da40fda#0:FAIL-t1
2021-07-15 15:21:26,276 [938969cd-6f27-4e77-a3a7-149c5df66c5a@group-0DE953E7F363-LeaderElection2] INFO  impl.LeaderElection (LeaderElection.java:askForVotes(308)) - 938969cd-6f27-4e77-a3a7-149c5df66c5a@group-0DE953E7F363-LeaderElection2 ELECTION round 0: result REJECTED
2021-07-15 15:21:26,277 [938969cd-6f27-4e77-a3a7-149c5df66c5a@group-0DE953E7F363-LeaderElection2] INFO  server.RaftServer$Division (RaftServerImpl.java:setRole(284)) - 938969cd-6f27-4e77-a3a7-149c5df66c5a@group-0DE953E7F363: changes role from CANDIDATE to FOLLOWER at term 1 for REJECTED
2021-07-15 15:21:26,277 [938969cd-6f27-4e77-a3a7-149c5df66c5a@group-0DE953E7F363-LeaderElection2] INFO  impl.RoleInfo (RoleInfo.java:shutdownLeaderElection(121)) - 938969cd-6f27-4e77-a3a7-149c5df66c5a: shutdown 938969cd-6f27-4e77-a3a7-149c5df66c5a@group-0DE953E7F363-LeaderElection2
2021-07-15 15:21:26,277 [938969cd-6f27-4e77-a3a7-149c5df66c5a@group-0DE953E7F363-LeaderElection2] INFO  impl.RoleInfo (RoleInfo.java:updateAndGet(130)) - 938969cd-6f27-4e77-a3a7-149c5df66c5a: start 938969cd-6f27-4e77-a3a7-149c5df66c5a@group-0DE953E7F363-FollowerState
2021-07-15 15:21:26,485 [d5e7ecd9-d575-4439-91df-5c301da40fda@group-9D7F41835DA2-FollowerState] INFO  impl.FollowerState (FollowerState.java:run(134)) - d5e7ecd9-d575-4439-91df-5c301da40fda@group-9D7F41835DA2-FollowerState: change to CANDIDATE, lastRpcElapsedTime:5102415571ns, electionTimeout:5096ms
2021-07-15 15:21:26,486 [d5e7ecd9-d575-4439-91df-5c301da40fda@group-9D7F41835DA2-FollowerState] INFO  impl.RoleInfo (RoleInfo.java:shutdownFollowerState(108)) - d5e7ecd9-d575-4439-91df-5c301da40fda: shutdown d5e7ecd9-d575-4439-91df-5c301da40fda@group-9D7F41835DA2-FollowerState
2021-07-15 15:21:26,487 [d5e7ecd9-d575-4439-91df-5c301da40fda@group-9D7F41835DA2-FollowerState] INFO  server.RaftServer$Division (RaftServerImpl.java:setRole(284)) - d5e7ecd9-d575-4439-91df-5c301da40fda@group-9D7F41835DA2: changes role from  FOLLOWER to CANDIDATE at term 0 for changeToCandidate
2021-07-15 15:21:26,487 [d5e7ecd9-d575-4439-91df-5c301da40fda@group-9D7F41835DA2-FollowerState] INFO  server.RaftServerConfigKeys (ConfUtils.java:logGet(44)) - raft.server.leaderelection.pre-vote = false (custom)
2021-07-15 15:21:26,487 [d5e7ecd9-d575-4439-91df-5c301da40fda@group-9D7F41835DA2-FollowerState] INFO  impl.RoleInfo (RoleInfo.java:updateAndGet(130)) - d5e7ecd9-d575-4439-91df-5c301da40fda: start d5e7ecd9-d575-4439-91df-5c301da40fda@group-9D7F41835DA2-LeaderElection4
2021-07-15 15:21:26,489 [d5e7ecd9-d575-4439-91df-5c301da40fda@group-9D7F41835DA2-LeaderElection4] INFO  impl.LeaderElection (LeaderElection.java:askForVotes(306)) - d5e7ecd9-d575-4439-91df-5c301da40fda@group-9D7F41835DA2-LeaderElection4 ELECTION round 0: submit vote requests at term 1 for -1: [d5e7ecd9-d575-4439-91df-5c301da40fda|rpc:10.1.0.62:33833|priority:1], old=null
2021-07-15 15:21:26,489 [d5e7ecd9-d575-4439-91df-5c301da40fda@group-9D7F41835DA2-LeaderElection4] INFO  impl.LeaderElection (LeaderElection.java:askForVotes(308)) - d5e7ecd9-d575-4439-91df-5c301da40fda@group-9D7F41835DA2-LeaderElection4 ELECTION round 0: result PASSED (term=1)
2021-07-15 15:21:26,489 [d5e7ecd9-d575-4439-91df-5c301da40fda@group-9D7F41835DA2-LeaderElection4] INFO  impl.RoleInfo (RoleInfo.java:shutdownLeaderElection(121)) - d5e7ecd9-d575-4439-91df-5c301da40fda: shutdown d5e7ecd9-d575-4439-91df-5c301da40fda@group-9D7F41835DA2-LeaderElection4
2021-07-15 15:21:26,489 [d5e7ecd9-d575-4439-91df-5c301da40fda@group-9D7F41835DA2-LeaderElection4] INFO  server.RaftServer$Division (RaftServerImpl.java:setRole(284)) - d5e7ecd9-d575-4439-91df-5c301da40fda@group-9D7F41835DA2: changes role from CANDIDATE to LEADER at term 1 for changeToLeader
2021-07-15 15:21:26,489 [d5e7ecd9-d575-4439-91df-5c301da40fda@group-9D7F41835DA2-LeaderElection4] INFO  ratis.XceiverServerRatis (XceiverServerRatis.java:handleLeaderChangedNotification(857)) - Leader change notification received for group: group-9D7F41835DA2 with new leaderId: d5e7ecd9-d575-4439-91df-5c301da40fda
2021-07-15 15:21:26,490 [d5e7ecd9-d575-4439-91df-5c301da40fda@group-9D7F41835DA2-LeaderElection4] INFO  server.RaftServer$Division (ServerState.java:setLeader(271)) - d5e7ecd9-d575-4439-91df-5c301da40fda@group-9D7F41835DA2: change Leader from null to d5e7ecd9-d575-4439-91df-5c301da40fda at term 1 for becomeLeader, leader elected after 5132ms
2021-07-15 15:21:26,490 [d5e7ecd9-d575-4439-91df-5c301da40fda@group-9D7F41835DA2-LeaderElection4] INFO  server.RaftServerConfigKeys (ConfUtils.java:logGet(44)) - raft.server.staging.catchup.gap = 1000 (default)
2021-07-15 15:21:26,490 [Datanode State Machine Thread - 0] WARN  statemachine.StateContext (StateContext.java:execute(621)) - No available thread in pool for past 0 seconds.
2021-07-15 15:21:26,490 [d5e7ecd9-d575-4439-91df-5c301da40fda@group-9D7F41835DA2-LeaderElection4] INFO  metrics.RatisMetrics (RatisMetrics.java:lambda$create$0(36)) - Creating Metrics Registry : ratis.log_appender.d5e7ecd9-d575-4439-91df-5c301da40fda@group-9D7F41835DA2
2021-07-15 15:21:26,490 [d5e7ecd9-d575-4439-91df-5c301da40fda@group-9D7F41835DA2-LeaderElection4] INFO  server.RaftServerConfigKeys (ConfUtils.java:logGet(44)) - raft.server.write.element-limit = 1024 (custom)
2021-07-15 15:21:26,490 [d5e7ecd9-d575-4439-91df-5c301da40fda@group-9D7F41835DA2-LeaderElection4] INFO  server.RaftServerConfigKeys (ConfUtils.java:logGet(44)) - raft.server.write.byte-limit = 1073741824 (custom)
2021-07-15 15:21:26,491 [d5e7ecd9-d575-4439-91df-5c301da40fda@group-9D7F41835DA2-LeaderElection4] INFO  server.RaftServerConfigKeys (ConfUtils.java:logGet(44)) - raft.server.watch.timeout = 3000ms (custom)
2021-07-15 15:21:26,491 [d5e7ecd9-d575-4439-91df-5c301da40fda@group-9D7F41835DA2-LeaderElection4] INFO  server.RaftServerConfigKeys (ConfUtils.java:logGet(44)) - raft.server.watch.timeout.denomination = 1s (default)
2021-07-15 15:21:26,491 [d5e7ecd9-d575-4439-91df-5c301da40fda@group-9D7F41835DA2-LeaderElection4] INFO  server.RaftServerConfigKeys (ConfUtils.java:logGet(44)) - raft.server.watch.element-limit = 65536 (default)
2021-07-15 15:21:26,491 [d5e7ecd9-d575-4439-91df-5c301da40fda@group-9D7F41835DA2-LeaderElection4] INFO  impl.RoleInfo (RoleInfo.java:updateAndGet(130)) - d5e7ecd9-d575-4439-91df-5c301da40fda: start d5e7ecd9-d575-4439-91df-5c301da40fda@group-9D7F41835DA2-LeaderStateImpl
2021-07-15 15:21:26,492 [EventQueue-OpenPipelineForHealthyPipelineSafeModeRule] INFO  safemode.SCMSafeModeManager (HealthyPipelineSafeModeRule.java:process(124)) - SCM in safe mode. Healthy pipelines reported count is 0, required healthy pipeline reported count is 1
2021-07-15 15:21:26,492 [d5e7ecd9-d575-4439-91df-5c301da40fda@group-9D7F41835DA2-LeaderElection4] INFO  segmented.SegmentedRaftLogWorker (SegmentedRaftLogWorker.java:startLogSegment(394)) - d5e7ecd9-d575-4439-91df-5c301da40fda@group-9D7F41835DA2-SegmentedRaftLogWorker: Starting segment from index:0
2021-07-15 15:21:26,493 [d5e7ecd9-d575-4439-91df-5c301da40fda@group-9D7F41835DA2-SegmentedRaftLogWorker] INFO  segmented.SegmentedRaftLogWorker (SegmentedRaftLogWorker.java:execute(601)) - d5e7ecd9-d575-4439-91df-5c301da40fda@group-9D7F41835DA2-SegmentedRaftLogWorker: created new log segment /home/runner/work/ozone/ozone/mnt/ozone/hadoop-ozone/integration-test/target/test-dir/MiniOzoneClusterImpl-67a6e2a6-babe-416c-a56a-0c8fe9c2ffa6/datanode-1/data/ratis/b95b7ad9-11d9-4f96-bc51-9d7f41835da2/current/log_inprogress_0
2021-07-15 15:21:26,494 [d5e7ecd9-d575-4439-91df-5c301da40fda@group-9D7F41835DA2-LeaderElection4] INFO  server.RaftServer$Division (ServerState.java:setRaftConf(373)) - d5e7ecd9-d575-4439-91df-5c301da40fda@group-9D7F41835DA2: set configuration 0: [d5e7ecd9-d575-4439-91df-5c301da40fda|rpc:10.1.0.62:33833|dataStream:|priority:1], old=null
2021-07-15 15:21:27,020 [Listener at 127.0.0.1/43527] INFO  ozone.MiniOzoneClusterImpl (MiniOzoneClusterImpl.java:lambda$waitForClusterToBeReady$0(230)) - Nodes are ready. Got 3 of 3 DN Heartbeats.
2021-07-15 15:21:27,021 [Listener at 127.0.0.1/43527] INFO  ozone.MiniOzoneClusterImpl (MiniOzoneClusterImpl.java:lambda$waitForClusterToBeReady$0(233)) - Waiting for cluster to exit safe mode
2021-07-15 15:21:27,021 [Listener at 127.0.0.1/43527] INFO  ozone.MiniOzoneClusterImpl (MiniOzoneClusterImpl.java:lambda$waitForClusterToBeReady$0(235)) - SCM became leader
2021-07-15 15:21:27,140 [0032be0d-8d4a-4918-9261-56acb00cff02@group-0E2D08C4A9E9-FollowerState] INFO  impl.FollowerState (FollowerState.java:run(134)) - 0032be0d-8d4a-4918-9261-56acb00cff02@group-0E2D08C4A9E9-FollowerState: change to CANDIDATE, lastRpcElapsedTime:5091059628ns, electionTimeout:5090ms
2021-07-15 15:21:27,141 [0032be0d-8d4a-4918-9261-56acb00cff02@group-0E2D08C4A9E9-FollowerState] INFO  impl.RoleInfo (RoleInfo.java:shutdownFollowerState(108)) - 0032be0d-8d4a-4918-9261-56acb00cff02: shutdown 0032be0d-8d4a-4918-9261-56acb00cff02@group-0E2D08C4A9E9-FollowerState
2021-07-15 15:21:27,141 [0032be0d-8d4a-4918-9261-56acb00cff02@group-0E2D08C4A9E9-FollowerState] INFO  server.RaftServer$Division (RaftServerImpl.java:setRole(284)) - 0032be0d-8d4a-4918-9261-56acb00cff02@group-0E2D08C4A9E9: changes role from  FOLLOWER to CANDIDATE at term 0 for changeToCandidate
2021-07-15 15:21:27,141 [0032be0d-8d4a-4918-9261-56acb00cff02@group-0E2D08C4A9E9-FollowerState] INFO  server.RaftServerConfigKeys (ConfUtils.java:logGet(44)) - raft.server.leaderelection.pre-vote = false (custom)
2021-07-15 15:21:27,141 [0032be0d-8d4a-4918-9261-56acb00cff02@group-0E2D08C4A9E9-FollowerState] INFO  impl.RoleInfo (RoleInfo.java:updateAndGet(130)) - 0032be0d-8d4a-4918-9261-56acb00cff02: start 0032be0d-8d4a-4918-9261-56acb00cff02@group-0E2D08C4A9E9-LeaderElection5
2021-07-15 15:21:27,149 [0032be0d-8d4a-4918-9261-56acb00cff02@group-0E2D08C4A9E9-LeaderElection5] INFO  impl.LeaderElection (LeaderElection.java:askForVotes(306)) - 0032be0d-8d4a-4918-9261-56acb00cff02@group-0E2D08C4A9E9-LeaderElection5 ELECTION round 0: submit vote requests at term 1 for -1: [0032be0d-8d4a-4918-9261-56acb00cff02|rpc:10.1.0.62:41481|priority:1], old=null
2021-07-15 15:21:27,149 [0032be0d-8d4a-4918-9261-56acb00cff02@group-0E2D08C4A9E9-LeaderElection5] INFO  impl.LeaderElection (LeaderElection.java:askForVotes(308)) - 0032be0d-8d4a-4918-9261-56acb00cff02@group-0E2D08C4A9E9-LeaderElection5 ELECTION round 0: result PASSED (term=1)
2021-07-15 15:21:27,149 [0032be0d-8d4a-4918-9261-56acb00cff02@group-0E2D08C4A9E9-LeaderElection5] INFO  impl.RoleInfo (RoleInfo.java:shutdownLeaderElection(121)) - 0032be0d-8d4a-4918-9261-56acb00cff02: shutdown 0032be0d-8d4a-4918-9261-56acb00cff02@group-0E2D08C4A9E9-LeaderElection5
2021-07-15 15:21:27,149 [0032be0d-8d4a-4918-9261-56acb00cff02@group-0E2D08C4A9E9-LeaderElection5] INFO  server.RaftServer$Division (RaftServerImpl.java:setRole(284)) - 0032be0d-8d4a-4918-9261-56acb00cff02@group-0E2D08C4A9E9: changes role from CANDIDATE to LEADER at term 1 for changeToLeader
2021-07-15 15:21:27,149 [0032be0d-8d4a-4918-9261-56acb00cff02@group-0E2D08C4A9E9-LeaderElection5] INFO  ratis.XceiverServerRatis (XceiverServerRatis.java:handleLeaderChangedNotification(857)) - Leader change notification received for group: group-0E2D08C4A9E9 with new leaderId: 0032be0d-8d4a-4918-9261-56acb00cff02
2021-07-15 15:21:27,150 [Datanode State Machine Thread - 0] WARN  statemachine.StateContext (StateContext.java:execute(621)) - No available thread in pool for past 0 seconds.
2021-07-15 15:21:27,150 [0032be0d-8d4a-4918-9261-56acb00cff02@group-0E2D08C4A9E9-LeaderElection5] INFO  server.RaftServer$Division (ServerState.java:setLeader(271)) - 0032be0d-8d4a-4918-9261-56acb00cff02@group-0E2D08C4A9E9: change Leader from null to 0032be0d-8d4a-4918-9261-56acb00cff02 at term 1 for becomeLeader, leader elected after 5115ms
2021-07-15 15:21:27,150 [0032be0d-8d4a-4918-9261-56acb00cff02@group-0E2D08C4A9E9-LeaderElection5] INFO  server.RaftServerConfigKeys (ConfUtils.java:logGet(44)) - raft.server.staging.catchup.gap = 1000 (default)
2021-07-15 15:21:27,150 [0032be0d-8d4a-4918-9261-56acb00cff02@group-0E2D08C4A9E9-LeaderElection5] INFO  metrics.RatisMetrics (RatisMetrics.java:lambda$create$0(36)) - Creating Metrics Registry : ratis.log_appender.0032be0d-8d4a-4918-9261-56acb00cff02@group-0E2D08C4A9E9
2021-07-15 15:21:27,150 [0032be0d-8d4a-4918-9261-56acb00cff02@group-0E2D08C4A9E9-LeaderElection5] INFO  server.RaftServerConfigKeys (ConfUtils.java:logGet(44)) - raft.server.write.element-limit = 1024 (custom)
2021-07-15 15:21:27,150 [0032be0d-8d4a-4918-9261-56acb00cff02@group-0E2D08C4A9E9-LeaderElection5] INFO  server.RaftServerConfigKeys (ConfUtils.java:logGet(44)) - raft.server.write.byte-limit = 1073741824 (custom)
2021-07-15 15:21:27,151 [0032be0d-8d4a-4918-9261-56acb00cff02@group-0E2D08C4A9E9-LeaderElection5] INFO  server.RaftServerConfigKeys (ConfUtils.java:logGet(44)) - raft.server.watch.timeout = 3000ms (custom)
2021-07-15 15:21:27,151 [EventQueue-OpenPipelineForHealthyPipelineSafeModeRule] INFO  safemode.SCMSafeModeManager (HealthyPipelineSafeModeRule.java:process(124)) - SCM in safe mode. Healthy pipelines reported count is 0, required healthy pipeline reported count is 1
2021-07-15 15:21:27,151 [0032be0d-8d4a-4918-9261-56acb00cff02@group-0E2D08C4A9E9-LeaderElection5] INFO  server.RaftServerConfigKeys (ConfUtils.java:logGet(44)) - raft.server.watch.timeout.denomination = 1s (default)
2021-07-15 15:21:27,152 [0032be0d-8d4a-4918-9261-56acb00cff02@group-0E2D08C4A9E9-LeaderElection5] INFO  server.RaftServerConfigKeys (ConfUtils.java:logGet(44)) - raft.server.watch.element-limit = 65536 (default)
2021-07-15 15:21:27,152 [0032be0d-8d4a-4918-9261-56acb00cff02@group-0E2D08C4A9E9-LeaderElection5] INFO  impl.RoleInfo (RoleInfo.java:updateAndGet(130)) - 0032be0d-8d4a-4918-9261-56acb00cff02: start 0032be0d-8d4a-4918-9261-56acb00cff02@group-0E2D08C4A9E9-LeaderStateImpl
2021-07-15 15:21:27,152 [0032be0d-8d4a-4918-9261-56acb00cff02@group-0E2D08C4A9E9-LeaderElection5] INFO  segmented.SegmentedRaftLogWorker (SegmentedRaftLogWorker.java:startLogSegment(394)) - 0032be0d-8d4a-4918-9261-56acb00cff02@group-0E2D08C4A9E9-SegmentedRaftLogWorker: Starting segment from index:0
2021-07-15 15:21:27,154 [0032be0d-8d4a-4918-9261-56acb00cff02@group-0E2D08C4A9E9-SegmentedRaftLogWorker] INFO  segmented.SegmentedRaftLogWorker (SegmentedRaftLogWorker.java:execute(601)) - 0032be0d-8d4a-4918-9261-56acb00cff02@group-0E2D08C4A9E9-SegmentedRaftLogWorker: created new log segment /home/runner/work/ozone/ozone/mnt/ozone/hadoop-ozone/integration-test/target/test-dir/MiniOzoneClusterImpl-67a6e2a6-babe-416c-a56a-0c8fe9c2ffa6/datanode-2/data/ratis/25272939-6153-462a-9751-0e2d08c4a9e9/current/log_inprogress_0
2021-07-15 15:21:27,154 [0032be0d-8d4a-4918-9261-56acb00cff02@group-0E2D08C4A9E9-LeaderElection5] INFO  server.RaftServer$Division (ServerState.java:setRaftConf(373)) - 0032be0d-8d4a-4918-9261-56acb00cff02@group-0E2D08C4A9E9: set configuration 0: [0032be0d-8d4a-4918-9261-56acb00cff02|rpc:10.1.0.62:41481|dataStream:|priority:1], old=null
2021-07-15 15:21:28,022 [Listener at 127.0.0.1/43527] INFO  ozone.MiniOzoneClusterImpl (MiniOzoneClusterImpl.java:lambda$waitForClusterToBeReady$0(230)) - Nodes are ready. Got 3 of 3 DN Heartbeats.
2021-07-15 15:21:28,023 [Listener at 127.0.0.1/43527] INFO  ozone.MiniOzoneClusterImpl (MiniOzoneClusterImpl.java:lambda$waitForClusterToBeReady$0(233)) - Waiting for cluster to exit safe mode
2021-07-15 15:21:28,023 [Listener at 127.0.0.1/43527] INFO  ozone.MiniOzoneClusterImpl (MiniOzoneClusterImpl.java:lambda$waitForClusterToBeReady$0(235)) - SCM became leader
2021-07-15 15:21:29,023 [Listener at 127.0.0.1/43527] INFO  ozone.MiniOzoneClusterImpl (MiniOzoneClusterImpl.java:lambda$waitForClusterToBeReady$0(230)) - Nodes are ready. Got 3 of 3 DN Heartbeats.
2021-07-15 15:21:29,023 [Listener at 127.0.0.1/43527] INFO  ozone.MiniOzoneClusterImpl (MiniOzoneClusterImpl.java:lambda$waitForClusterToBeReady$0(233)) - Waiting for cluster to exit safe mode
2021-07-15 15:21:29,023 [Listener at 127.0.0.1/43527] INFO  ozone.MiniOzoneClusterImpl (MiniOzoneClusterImpl.java:lambda$waitForClusterToBeReady$0(235)) - SCM became leader
2021-07-15 15:21:30,023 [Listener at 127.0.0.1/43527] INFO  ozone.MiniOzoneClusterImpl (MiniOzoneClusterImpl.java:lambda$waitForClusterToBeReady$0(230)) - Nodes are ready. Got 3 of 3 DN Heartbeats.
2021-07-15 15:21:30,024 [Listener at 127.0.0.1/43527] INFO  ozone.MiniOzoneClusterImpl (MiniOzoneClusterImpl.java:lambda$waitForClusterToBeReady$0(233)) - Waiting for cluster to exit safe mode
2021-07-15 15:21:30,024 [Listener at 127.0.0.1/43527] INFO  ozone.MiniOzoneClusterImpl (MiniOzoneClusterImpl.java:lambda$waitForClusterToBeReady$0(235)) - SCM became leader
2021-07-15 15:21:31,024 [Listener at 127.0.0.1/43527] INFO  ozone.MiniOzoneClusterImpl (MiniOzoneClusterImpl.java:lambda$waitForClusterToBeReady$0(230)) - Nodes are ready. Got 3 of 3 DN Heartbeats.
2021-07-15 15:21:31,024 [Listener at 127.0.0.1/43527] INFO  ozone.MiniOzoneClusterImpl (MiniOzoneClusterImpl.java:lambda$waitForClusterToBeReady$0(233)) - Waiting for cluster to exit safe mode
2021-07-15 15:21:31,024 [Listener at 127.0.0.1/43527] INFO  ozone.MiniOzoneClusterImpl (MiniOzoneClusterImpl.java:lambda$waitForClusterToBeReady$0(235)) - SCM became leader
2021-07-15 15:21:31,286 [938969cd-6f27-4e77-a3a7-149c5df66c5a@group-0DE953E7F363-FollowerState] INFO  impl.FollowerState (FollowerState.java:run(134)) - 938969cd-6f27-4e77-a3a7-149c5df66c5a@group-0DE953E7F363-FollowerState: change to CANDIDATE, lastRpcElapsedTime:5009087315ns, electionTimeout:5004ms
2021-07-15 15:21:31,286 [938969cd-6f27-4e77-a3a7-149c5df66c5a@group-0DE953E7F363-FollowerState] INFO  impl.RoleInfo (RoleInfo.java:shutdownFollowerState(108)) - 938969cd-6f27-4e77-a3a7-149c5df66c5a: shutdown 938969cd-6f27-4e77-a3a7-149c5df66c5a@group-0DE953E7F363-FollowerState
2021-07-15 15:21:31,286 [938969cd-6f27-4e77-a3a7-149c5df66c5a@group-0DE953E7F363-FollowerState] INFO  server.RaftServer$Division (RaftServerImpl.java:setRole(284)) - 938969cd-6f27-4e77-a3a7-149c5df66c5a@group-0DE953E7F363: changes role from  FOLLOWER to CANDIDATE at term 1 for changeToCandidate
2021-07-15 15:21:31,286 [938969cd-6f27-4e77-a3a7-149c5df66c5a@group-0DE953E7F363-FollowerState] INFO  server.RaftServerConfigKeys (ConfUtils.java:logGet(44)) - raft.server.leaderelection.pre-vote = false (custom)
2021-07-15 15:21:31,287 [938969cd-6f27-4e77-a3a7-149c5df66c5a@group-0DE953E7F363-FollowerState] INFO  impl.RoleInfo (RoleInfo.java:updateAndGet(130)) - 938969cd-6f27-4e77-a3a7-149c5df66c5a: start 938969cd-6f27-4e77-a3a7-149c5df66c5a@group-0DE953E7F363-LeaderElection6
2021-07-15 15:21:31,289 [938969cd-6f27-4e77-a3a7-149c5df66c5a@group-0DE953E7F363-LeaderElection6] INFO  impl.LeaderElection (LeaderElection.java:askForVotes(306)) - 938969cd-6f27-4e77-a3a7-149c5df66c5a@group-0DE953E7F363-LeaderElection6 ELECTION round 0: submit vote requests at term 2 for -1: [938969cd-6f27-4e77-a3a7-149c5df66c5a|rpc:10.1.0.62:42485|priority:0, 0032be0d-8d4a-4918-9261-56acb00cff02|rpc:10.1.0.62:41481|priority:0, d5e7ecd9-d575-4439-91df-5c301da40fda|rpc:10.1.0.62:33833|priority:1], old=null
2021-07-15 15:21:31,296 [grpc-default-executor-1] INFO  server.RaftServer$Division (RaftServerImpl.java:requestVote(1042)) - d5e7ecd9-d575-4439-91df-5c301da40fda@group-0DE953E7F363: receive requestVote(ELECTION, 938969cd-6f27-4e77-a3a7-149c5df66c5a, group-0DE953E7F363, 2, (t:0, i:0))
2021-07-15 15:21:31,297 [grpc-default-executor-0] INFO  server.RaftServer$Division (RaftServerImpl.java:requestVote(1042)) - 0032be0d-8d4a-4918-9261-56acb00cff02@group-0DE953E7F363: receive requestVote(ELECTION, 938969cd-6f27-4e77-a3a7-149c5df66c5a, group-0DE953E7F363, 2, (t:0, i:0))
2021-07-15 15:21:31,297 [grpc-default-executor-1] INFO  impl.VoteContext (VoteContext.java:log(48)) - d5e7ecd9-d575-4439-91df-5c301da40fda@group-0DE953E7F363-FOLLOWER: reject ELECTION from 938969cd-6f27-4e77-a3a7-149c5df66c5a: our priority 1 > candidate's priority 0
2021-07-15 15:21:31,297 [grpc-default-executor-1] INFO  server.RaftServer$Division (RaftServerImpl.java:setRole(284)) - d5e7ecd9-d575-4439-91df-5c301da40fda@group-0DE953E7F363: changes role from  FOLLOWER to FOLLOWER at term 2 for candidate:938969cd-6f27-4e77-a3a7-149c5df66c5a
2021-07-15 15:21:31,298 [grpc-default-executor-1] INFO  impl.RoleInfo (RoleInfo.java:shutdownFollowerState(108)) - d5e7ecd9-d575-4439-91df-5c301da40fda: shutdown d5e7ecd9-d575-4439-91df-5c301da40fda@group-0DE953E7F363-FollowerState
2021-07-15 15:21:31,298 [grpc-default-executor-1] INFO  impl.RoleInfo (RoleInfo.java:updateAndGet(130)) - d5e7ecd9-d575-4439-91df-5c301da40fda: start d5e7ecd9-d575-4439-91df-5c301da40fda@group-0DE953E7F363-FollowerState
2021-07-15 15:21:31,298 [d5e7ecd9-d575-4439-91df-5c301da40fda@group-0DE953E7F363-FollowerState] INFO  impl.FollowerState (FollowerState.java:run(143)) - d5e7ecd9-d575-4439-91df-5c301da40fda@group-0DE953E7F363-FollowerState was interrupted: {}
java.lang.InterruptedException: sleep interrupted
	at java.lang.Thread.sleep(Native Method)
	at java.lang.Thread.sleep(Thread.java:340)
	at java.util.concurrent.TimeUnit.sleep(TimeUnit.java:386)
	at org.apache.ratis.util.TimeDuration.sleep(TimeDuration.java:324)
	at org.apache.ratis.util.TimeDuration.sleep(TimeDuration.java:309)
	at org.apache.ratis.server.impl.FollowerState.run(FollowerState.java:118)
2021-07-15 15:21:31,306 [grpc-default-executor-0] INFO  impl.VoteContext (VoteContext.java:log(48)) - 0032be0d-8d4a-4918-9261-56acb00cff02@group-0DE953E7F363-FOLLOWER: accept ELECTION from 938969cd-6f27-4e77-a3a7-149c5df66c5a: our priority 0 <= candidate's priority 0
2021-07-15 15:21:31,306 [grpc-default-executor-0] INFO  server.RaftServer$Division (RaftServerImpl.java:setRole(284)) - 0032be0d-8d4a-4918-9261-56acb00cff02@group-0DE953E7F363: changes role from  FOLLOWER to FOLLOWER at term 2 for candidate:938969cd-6f27-4e77-a3a7-149c5df66c5a
2021-07-15 15:21:31,306 [grpc-default-executor-0] INFO  impl.RoleInfo (RoleInfo.java:shutdownFollowerState(108)) - 0032be0d-8d4a-4918-9261-56acb00cff02: shutdown 0032be0d-8d4a-4918-9261-56acb00cff02@group-0DE953E7F363-FollowerState
2021-07-15 15:21:31,306 [grpc-default-executor-0] INFO  impl.RoleInfo (RoleInfo.java:updateAndGet(130)) - 0032be0d-8d4a-4918-9261-56acb00cff02: start 0032be0d-8d4a-4918-9261-56acb00cff02@group-0DE953E7F363-FollowerState
2021-07-15 15:21:31,306 [0032be0d-8d4a-4918-9261-56acb00cff02@group-0DE953E7F363-FollowerState] INFO  impl.FollowerState (FollowerState.java:run(143)) - 0032be0d-8d4a-4918-9261-56acb00cff02@group-0DE953E7F363-FollowerState was interrupted: {}
java.lang.InterruptedException: sleep interrupted
	at java.lang.Thread.sleep(Native Method)
	at java.lang.Thread.sleep(Thread.java:340)
	at java.util.concurrent.TimeUnit.sleep(TimeUnit.java:386)
	at org.apache.ratis.util.TimeDuration.sleep(TimeDuration.java:324)
	at org.apache.ratis.util.TimeDuration.sleep(TimeDuration.java:309)
	at org.apache.ratis.server.impl.FollowerState.run(FollowerState.java:118)
2021-07-15 15:21:31,306 [grpc-default-executor-1] INFO  server.RaftServer$Division (RaftServerImpl.java:requestVote(1074)) - d5e7ecd9-d575-4439-91df-5c301da40fda@group-0DE953E7F363 replies to ELECTION vote request: 938969cd-6f27-4e77-a3a7-149c5df66c5a<-d5e7ecd9-d575-4439-91df-5c301da40fda#0:FAIL-t2. Peer's state: d5e7ecd9-d575-4439-91df-5c301da40fda@group-0DE953E7F363:t2, leader=null, voted=null, raftlog=d5e7ecd9-d575-4439-91df-5c301da40fda@group-0DE953E7F363-SegmentedRaftLog:OPENED:c-1,f-1,i0, conf=-1: [938969cd-6f27-4e77-a3a7-149c5df66c5a|rpc:10.1.0.62:42485|priority:0, 0032be0d-8d4a-4918-9261-56acb00cff02|rpc:10.1.0.62:41481|priority:0, d5e7ecd9-d575-4439-91df-5c301da40fda|rpc:10.1.0.62:33833|priority:1], old=null
2021-07-15 15:21:31,308 [grpc-default-executor-0] INFO  server.RaftServer$Division (RaftServerImpl.java:requestVote(1074)) - 0032be0d-8d4a-4918-9261-56acb00cff02@group-0DE953E7F363 replies to ELECTION vote request: 938969cd-6f27-4e77-a3a7-149c5df66c5a<-0032be0d-8d4a-4918-9261-56acb00cff02#0:OK-t2. Peer's state: 0032be0d-8d4a-4918-9261-56acb00cff02@group-0DE953E7F363:t2, leader=null, voted=938969cd-6f27-4e77-a3a7-149c5df66c5a, raftlog=0032be0d-8d4a-4918-9261-56acb00cff02@group-0DE953E7F363-SegmentedRaftLog:OPENED:c-1,f-1,i0, conf=-1: [938969cd-6f27-4e77-a3a7-149c5df66c5a|rpc:10.1.0.62:42485|dataStream:|priority:0, 0032be0d-8d4a-4918-9261-56acb00cff02|rpc:10.1.0.62:41481|dataStream:|priority:0, d5e7ecd9-d575-4439-91df-5c301da40fda|rpc:10.1.0.62:33833|dataStream:|priority:1], old=null
2021-07-15 15:21:31,310 [938969cd-6f27-4e77-a3a7-149c5df66c5a@group-0DE953E7F363-LeaderElection6] INFO  impl.LeaderElection (LeaderElection.java:logAndReturn(89)) - 938969cd-6f27-4e77-a3a7-149c5df66c5a@group-0DE953E7F363-LeaderElection6: ELECTION REJECTED received 2 response(s) and 0 exception(s):
2021-07-15 15:21:31,312 [938969cd-6f27-4e77-a3a7-149c5df66c5a@group-0DE953E7F363-LeaderElection6] INFO  impl.LeaderElection (LeaderElection.java:logAndReturn(93)) -   Response 0: 938969cd-6f27-4e77-a3a7-149c5df66c5a<-0032be0d-8d4a-4918-9261-56acb00cff02#0:OK-t2
2021-07-15 15:21:31,312 [938969cd-6f27-4e77-a3a7-149c5df66c5a@group-0DE953E7F363-LeaderElection6] INFO  impl.LeaderElection (LeaderElection.java:logAndReturn(93)) -   Response 1: 938969cd-6f27-4e77-a3a7-149c5df66c5a<-d5e7ecd9-d575-4439-91df-5c301da40fda#0:FAIL-t2
2021-07-15 15:21:31,313 [938969cd-6f27-4e77-a3a7-149c5df66c5a@group-0DE953E7F363-LeaderElection6] INFO  impl.LeaderElection (LeaderElection.java:askForVotes(308)) - 938969cd-6f27-4e77-a3a7-149c5df66c5a@group-0DE953E7F363-LeaderElection6 ELECTION round 0: result REJECTED
2021-07-15 15:21:31,313 [938969cd-6f27-4e77-a3a7-149c5df66c5a@group-0DE953E7F363-LeaderElection6] INFO  server.RaftServer$Division (RaftServerImpl.java:setRole(284)) - 938969cd-6f27-4e77-a3a7-149c5df66c5a@group-0DE953E7F363: changes role from CANDIDATE to FOLLOWER at term 2 for REJECTED
2021-07-15 15:21:31,313 [938969cd-6f27-4e77-a3a7-149c5df66c5a@group-0DE953E7F363-LeaderElection6] INFO  impl.RoleInfo (RoleInfo.java:shutdownLeaderElection(121)) - 938969cd-6f27-4e77-a3a7-149c5df66c5a: shutdown 938969cd-6f27-4e77-a3a7-149c5df66c5a@group-0DE953E7F363-LeaderElection6
2021-07-15 15:21:31,314 [938969cd-6f27-4e77-a3a7-149c5df66c5a@group-0DE953E7F363-LeaderElection6] INFO  impl.RoleInfo (RoleInfo.java:updateAndGet(130)) - 938969cd-6f27-4e77-a3a7-149c5df66c5a: start 938969cd-6f27-4e77-a3a7-149c5df66c5a@group-0DE953E7F363-FollowerState
2021-07-15 15:21:32,025 [Listener at 127.0.0.1/43527] INFO  ozone.MiniOzoneClusterImpl (MiniOzoneClusterImpl.java:lambda$waitForClusterToBeReady$0(230)) - Nodes are ready. Got 3 of 3 DN Heartbeats.
2021-07-15 15:21:32,026 [Listener at 127.0.0.1/43527] INFO  ozone.MiniOzoneClusterImpl (MiniOzoneClusterImpl.java:lambda$waitForClusterToBeReady$0(233)) - Waiting for cluster to exit safe mode
2021-07-15 15:21:32,026 [Listener at 127.0.0.1/43527] INFO  ozone.MiniOzoneClusterImpl (MiniOzoneClusterImpl.java:lambda$waitForClusterToBeReady$0(235)) - SCM became leader
2021-07-15 15:21:33,026 [Listener at 127.0.0.1/43527] INFO  ozone.MiniOzoneClusterImpl (MiniOzoneClusterImpl.java:lambda$waitForClusterToBeReady$0(230)) - Nodes are ready. Got 3 of 3 DN Heartbeats.
2021-07-15 15:21:33,026 [Listener at 127.0.0.1/43527] INFO  ozone.MiniOzoneClusterImpl (MiniOzoneClusterImpl.java:lambda$waitForClusterToBeReady$0(233)) - Waiting for cluster to exit safe mode
2021-07-15 15:21:33,026 [Listener at 127.0.0.1/43527] INFO  ozone.MiniOzoneClusterImpl (MiniOzoneClusterImpl.java:lambda$waitForClusterToBeReady$0(235)) - SCM became leader
2021-07-15 15:21:34,027 [Listener at 127.0.0.1/43527] INFO  ozone.MiniOzoneClusterImpl (MiniOzoneClusterImpl.java:lambda$waitForClusterToBeReady$0(230)) - Nodes are ready. Got 3 of 3 DN Heartbeats.
2021-07-15 15:21:34,027 [Listener at 127.0.0.1/43527] INFO  ozone.MiniOzoneClusterImpl (MiniOzoneClusterImpl.java:lambda$waitForClusterToBeReady$0(233)) - Waiting for cluster to exit safe mode
2021-07-15 15:21:34,027 [Listener at 127.0.0.1/43527] INFO  ozone.MiniOzoneClusterImpl (MiniOzoneClusterImpl.java:lambda$waitForClusterToBeReady$0(235)) - SCM became leader
2021-07-15 15:21:35,027 [Listener at 127.0.0.1/43527] INFO  ozone.MiniOzoneClusterImpl (MiniOzoneClusterImpl.java:lambda$waitForClusterToBeReady$0(230)) - Nodes are ready. Got 3 of 3 DN Heartbeats.
2021-07-15 15:21:35,027 [Listener at 127.0.0.1/43527] INFO  ozone.MiniOzoneClusterImpl (MiniOzoneClusterImpl.java:lambda$waitForClusterToBeReady$0(233)) - Waiting for cluster to exit safe mode
2021-07-15 15:21:35,027 [Listener at 127.0.0.1/43527] INFO  ozone.MiniOzoneClusterImpl (MiniOzoneClusterImpl.java:lambda$waitForClusterToBeReady$0(235)) - SCM became leader
2021-07-15 15:21:36,028 [Listener at 127.0.0.1/43527] INFO  ozone.MiniOzoneClusterImpl (MiniOzoneClusterImpl.java:lambda$waitForClusterToBeReady$0(230)) - Nodes are ready. Got 3 of 3 DN Heartbeats.
2021-07-15 15:21:36,028 [Listener at 127.0.0.1/43527] INFO  ozone.MiniOzoneClusterImpl (MiniOzoneClusterImpl.java:lambda$waitForClusterToBeReady$0(233)) - Waiting for cluster to exit safe mode
2021-07-15 15:21:36,028 [Listener at 127.0.0.1/43527] INFO  ozone.MiniOzoneClusterImpl (MiniOzoneClusterImpl.java:lambda$waitForClusterToBeReady$0(235)) - SCM became leader
2021-07-15 15:21:36,430 [0032be0d-8d4a-4918-9261-56acb00cff02@group-0DE953E7F363-FollowerState] INFO  impl.FollowerState (FollowerState.java:run(134)) - 0032be0d-8d4a-4918-9261-56acb00cff02@group-0DE953E7F363-FollowerState: change to CANDIDATE, lastRpcElapsedTime:5122393680ns, electionTimeout:5120ms
2021-07-15 15:21:36,430 [0032be0d-8d4a-4918-9261-56acb00cff02@group-0DE953E7F363-FollowerState] INFO  impl.RoleInfo (RoleInfo.java:shutdownFollowerState(108)) - 0032be0d-8d4a-4918-9261-56acb00cff02: shutdown 0032be0d-8d4a-4918-9261-56acb00cff02@group-0DE953E7F363-FollowerState
2021-07-15 15:21:36,430 [0032be0d-8d4a-4918-9261-56acb00cff02@group-0DE953E7F363-FollowerState] INFO  server.RaftServer$Division (RaftServerImpl.java:setRole(284)) - 0032be0d-8d4a-4918-9261-56acb00cff02@group-0DE953E7F363: changes role from  FOLLOWER to CANDIDATE at term 2 for changeToCandidate
2021-07-15 15:21:36,431 [0032be0d-8d4a-4918-9261-56acb00cff02@group-0DE953E7F363-FollowerState] INFO  server.RaftServerConfigKeys (ConfUtils.java:logGet(44)) - raft.server.leaderelection.pre-vote = false (custom)
2021-07-15 15:21:36,431 [0032be0d-8d4a-4918-9261-56acb00cff02@group-0DE953E7F363-FollowerState] INFO  impl.RoleInfo (RoleInfo.java:updateAndGet(130)) - 0032be0d-8d4a-4918-9261-56acb00cff02: start 0032be0d-8d4a-4918-9261-56acb00cff02@group-0DE953E7F363-LeaderElection7
2021-07-15 15:21:36,433 [0032be0d-8d4a-4918-9261-56acb00cff02@group-0DE953E7F363-LeaderElection7] INFO  impl.LeaderElection (LeaderElection.java:askForVotes(306)) - 0032be0d-8d4a-4918-9261-56acb00cff02@group-0DE953E7F363-LeaderElection7 ELECTION round 0: submit vote requests at term 3 for -1: [938969cd-6f27-4e77-a3a7-149c5df66c5a|rpc:10.1.0.62:42485|dataStream:|priority:0, 0032be0d-8d4a-4918-9261-56acb00cff02|rpc:10.1.0.62:41481|dataStream:|priority:0, d5e7ecd9-d575-4439-91df-5c301da40fda|rpc:10.1.0.62:33833|dataStream:|priority:1], old=null
2021-07-15 15:21:36,444 [grpc-default-executor-1] INFO  server.RaftServer$Division (RaftServerImpl.java:requestVote(1042)) - d5e7ecd9-d575-4439-91df-5c301da40fda@group-0DE953E7F363: receive requestVote(ELECTION, 0032be0d-8d4a-4918-9261-56acb00cff02, group-0DE953E7F363, 3, (t:0, i:0))
2021-07-15 15:21:36,445 [grpc-default-executor-1] INFO  impl.VoteContext (VoteContext.java:log(48)) - d5e7ecd9-d575-4439-91df-5c301da40fda@group-0DE953E7F363-FOLLOWER: reject ELECTION from 0032be0d-8d4a-4918-9261-56acb00cff02: our priority 1 > candidate's priority 0
2021-07-15 15:21:36,445 [grpc-default-executor-1] INFO  server.RaftServer$Division (RaftServerImpl.java:setRole(284)) - d5e7ecd9-d575-4439-91df-5c301da40fda@group-0DE953E7F363: changes role from  FOLLOWER to FOLLOWER at term 3 for candidate:0032be0d-8d4a-4918-9261-56acb00cff02
2021-07-15 15:21:36,445 [grpc-default-executor-1] INFO  impl.RoleInfo (RoleInfo.java:shutdownFollowerState(108)) - d5e7ecd9-d575-4439-91df-5c301da40fda: shutdown d5e7ecd9-d575-4439-91df-5c301da40fda@group-0DE953E7F363-FollowerState
2021-07-15 15:21:36,445 [grpc-default-executor-1] INFO  impl.RoleInfo (RoleInfo.java:updateAndGet(130)) - d5e7ecd9-d575-4439-91df-5c301da40fda: start d5e7ecd9-d575-4439-91df-5c301da40fda@group-0DE953E7F363-FollowerState
2021-07-15 15:21:36,445 [d5e7ecd9-d575-4439-91df-5c301da40fda@group-0DE953E7F363-FollowerState] INFO  impl.FollowerState (FollowerState.java:run(143)) - d5e7ecd9-d575-4439-91df-5c301da40fda@group-0DE953E7F363-FollowerState was interrupted: {}
java.lang.InterruptedException: sleep interrupted
	at java.lang.Thread.sleep(Native Method)
	at java.lang.Thread.sleep(Thread.java:340)
	at java.util.concurrent.TimeUnit.sleep(TimeUnit.java:386)
	at org.apache.ratis.util.TimeDuration.sleep(TimeDuration.java:324)
	at org.apache.ratis.util.TimeDuration.sleep(TimeDuration.java:309)
	at org.apache.ratis.server.impl.FollowerState.run(FollowerState.java:118)
2021-07-15 15:21:36,454 [grpc-default-executor-1] INFO  server.RaftServer$Division (RaftServerImpl.java:requestVote(1074)) - d5e7ecd9-d575-4439-91df-5c301da40fda@group-0DE953E7F363 replies to ELECTION vote request: 0032be0d-8d4a-4918-9261-56acb00cff02<-d5e7ecd9-d575-4439-91df-5c301da40fda#0:FAIL-t3. Peer's state: d5e7ecd9-d575-4439-91df-5c301da40fda@group-0DE953E7F363:t3, leader=null, voted=null, raftlog=d5e7ecd9-d575-4439-91df-5c301da40fda@group-0DE953E7F363-SegmentedRaftLog:OPENED:c-1,f-1,i0, conf=-1: [938969cd-6f27-4e77-a3a7-149c5df66c5a|rpc:10.1.0.62:42485|priority:0, 0032be0d-8d4a-4918-9261-56acb00cff02|rpc:10.1.0.62:41481|priority:0, d5e7ecd9-d575-4439-91df-5c301da40fda|rpc:10.1.0.62:33833|priority:1], old=null
2021-07-15 15:21:36,457 [grpc-default-executor-0] INFO  server.RaftServer$Division (RaftServerImpl.java:requestVote(1042)) - 938969cd-6f27-4e77-a3a7-149c5df66c5a@group-0DE953E7F363: receive requestVote(ELECTION, 0032be0d-8d4a-4918-9261-56acb00cff02, group-0DE953E7F363, 3, (t:0, i:0))
2021-07-15 15:21:36,457 [grpc-default-executor-0] INFO  impl.VoteContext (VoteContext.java:log(48)) - 938969cd-6f27-4e77-a3a7-149c5df66c5a@group-0DE953E7F363-FOLLOWER: accept ELECTION from 0032be0d-8d4a-4918-9261-56acb00cff02: our priority 0 <= candidate's priority 0
2021-07-15 15:21:36,457 [grpc-default-executor-0] INFO  server.RaftServer$Division (RaftServerImpl.java:setRole(284)) - 938969cd-6f27-4e77-a3a7-149c5df66c5a@group-0DE953E7F363: changes role from  FOLLOWER to FOLLOWER at term 3 for candidate:0032be0d-8d4a-4918-9261-56acb00cff02
2021-07-15 15:21:36,457 [grpc-default-executor-0] INFO  impl.RoleInfo (RoleInfo.java:shutdownFollowerState(108)) - 938969cd-6f27-4e77-a3a7-149c5df66c5a: shutdown 938969cd-6f27-4e77-a3a7-149c5df66c5a@group-0DE953E7F363-FollowerState
2021-07-15 15:21:36,457 [grpc-default-executor-0] INFO  impl.RoleInfo (RoleInfo.java:updateAndGet(130)) - 938969cd-6f27-4e77-a3a7-149c5df66c5a: start 938969cd-6f27-4e77-a3a7-149c5df66c5a@group-0DE953E7F363-FollowerState
2021-07-15 15:21:36,457 [938969cd-6f27-4e77-a3a7-149c5df66c5a@group-0DE953E7F363-FollowerState] INFO  impl.FollowerState (FollowerState.java:run(143)) - 938969cd-6f27-4e77-a3a7-149c5df66c5a@group-0DE953E7F363-FollowerState was interrupted: {}
java.lang.InterruptedException: sleep interrupted
	at java.lang.Thread.sleep(Native Method)
	at java.lang.Thread.sleep(Thread.java:340)
	at java.util.concurrent.TimeUnit.sleep(TimeUnit.java:386)
	at org.apache.ratis.util.TimeDuration.sleep(TimeDuration.java:324)
	at org.apache.ratis.util.TimeDuration.sleep(TimeDuration.java:309)
	at org.apache.ratis.server.impl.FollowerState.run(FollowerState.java:118)
2021-07-15 15:21:36,466 [grpc-default-executor-0] INFO  server.RaftServer$Division (RaftServerImpl.java:requestVote(1074)) - 938969cd-6f27-4e77-a3a7-149c5df66c5a@group-0DE953E7F363 replies to ELECTION vote request: 0032be0d-8d4a-4918-9261-56acb00cff02<-938969cd-6f27-4e77-a3a7-149c5df66c5a#0:OK-t3. Peer's state: 938969cd-6f27-4e77-a3a7-149c5df66c5a@group-0DE953E7F363:t3, leader=null, voted=0032be0d-8d4a-4918-9261-56acb00cff02, raftlog=938969cd-6f27-4e77-a3a7-149c5df66c5a@group-0DE953E7F363-SegmentedRaftLog:OPENED:c-1,f-1,i0, conf=-1: [938969cd-6f27-4e77-a3a7-149c5df66c5a|rpc:10.1.0.62:42485|priority:0, 0032be0d-8d4a-4918-9261-56acb00cff02|rpc:10.1.0.62:41481|priority:0, d5e7ecd9-d575-4439-91df-5c301da40fda|rpc:10.1.0.62:33833|priority:1], old=null
2021-07-15 15:21:36,467 [0032be0d-8d4a-4918-9261-56acb00cff02@group-0DE953E7F363-LeaderElection7] INFO  impl.LeaderElection (LeaderElection.java:logAndReturn(89)) - 0032be0d-8d4a-4918-9261-56acb00cff02@group-0DE953E7F363-LeaderElection7: ELECTION REJECTED received 1 response(s) and 0 exception(s):
2021-07-15 15:21:36,467 [0032be0d-8d4a-4918-9261-56acb00cff02@group-0DE953E7F363-LeaderElection7] INFO  impl.LeaderElection (LeaderElection.java:logAndReturn(93)) -   Response 0: 0032be0d-8d4a-4918-9261-56acb00cff02<-d5e7ecd9-d575-4439-91df-5c301da40fda#0:FAIL-t3
2021-07-15 15:21:36,467 [0032be0d-8d4a-4918-9261-56acb00cff02@group-0DE953E7F363-LeaderElection7] INFO  impl.LeaderElection (LeaderElection.java:askForVotes(308)) - 0032be0d-8d4a-4918-9261-56acb00cff02@group-0DE953E7F363-LeaderElection7 ELECTION round 0: result REJECTED
2021-07-15 15:21:36,467 [0032be0d-8d4a-4918-9261-56acb00cff02@group-0DE953E7F363-LeaderElection7] INFO  server.RaftServer$Division (RaftServerImpl.java:setRole(284)) - 0032be0d-8d4a-4918-9261-56acb00cff02@group-0DE953E7F363: changes role from CANDIDATE to FOLLOWER at term 3 for REJECTED
2021-07-15 15:21:36,467 [0032be0d-8d4a-4918-9261-56acb00cff02@group-0DE953E7F363-LeaderElection7] INFO  impl.RoleInfo (RoleInfo.java:shutdownLeaderElection(121)) - 0032be0d-8d4a-4918-9261-56acb00cff02: shutdown 0032be0d-8d4a-4918-9261-56acb00cff02@group-0DE953E7F363-LeaderElection7
2021-07-15 15:21:36,467 [0032be0d-8d4a-4918-9261-56acb00cff02@group-0DE953E7F363-LeaderElection7] INFO  impl.RoleInfo (RoleInfo.java:updateAndGet(130)) - 0032be0d-8d4a-4918-9261-56acb00cff02: start 0032be0d-8d4a-4918-9261-56acb00cff02@group-0DE953E7F363-FollowerState
2021-07-15 15:21:37,028 [Listener at 127.0.0.1/43527] INFO  ozone.MiniOzoneClusterImpl (MiniOzoneClusterImpl.java:lambda$waitForClusterToBeReady$0(230)) - Nodes are ready. Got 3 of 3 DN Heartbeats.
2021-07-15 15:21:37,029 [Listener at 127.0.0.1/43527] INFO  ozone.MiniOzoneClusterImpl (MiniOzoneClusterImpl.java:lambda$waitForClusterToBeReady$0(233)) - Waiting for cluster to exit safe mode
2021-07-15 15:21:37,029 [Listener at 127.0.0.1/43527] INFO  ozone.MiniOzoneClusterImpl (MiniOzoneClusterImpl.java:lambda$waitForClusterToBeReady$0(235)) - SCM became leader
2021-07-15 15:21:38,030 [Listener at 127.0.0.1/43527] INFO  ozone.MiniOzoneClusterImpl (MiniOzoneClusterImpl.java:lambda$waitForClusterToBeReady$0(230)) - Nodes are ready. Got 3 of 3 DN Heartbeats.
2021-07-15 15:21:38,030 [Listener at 127.0.0.1/43527] INFO  ozone.MiniOzoneClusterImpl (MiniOzoneClusterImpl.java:lambda$waitForClusterToBeReady$0(233)) - Waiting for cluster to exit safe mode
2021-07-15 15:21:38,030 [Listener at 127.0.0.1/43527] INFO  ozone.MiniOzoneClusterImpl (MiniOzoneClusterImpl.java:lambda$waitForClusterToBeReady$0(235)) - SCM became leader
2021-07-15 15:21:39,030 [Listener at 127.0.0.1/43527] INFO  ozone.MiniOzoneClusterImpl (MiniOzoneClusterImpl.java:lambda$waitForClusterToBeReady$0(230)) - Nodes are ready. Got 3 of 3 DN Heartbeats.
2021-07-15 15:21:39,031 [Listener at 127.0.0.1/43527] INFO  ozone.MiniOzoneClusterImpl (MiniOzoneClusterImpl.java:lambda$waitForClusterToBeReady$0(233)) - Waiting for cluster to exit safe mode
2021-07-15 15:21:39,031 [Listener at 127.0.0.1/43527] INFO  ozone.MiniOzoneClusterImpl (MiniOzoneClusterImpl.java:lambda$waitForClusterToBeReady$0(235)) - SCM became leader
2021-07-15 15:21:40,031 [Listener at 127.0.0.1/43527] INFO  ozone.MiniOzoneClusterImpl (MiniOzoneClusterImpl.java:lambda$waitForClusterToBeReady$0(230)) - Nodes are ready. Got 3 of 3 DN Heartbeats.
2021-07-15 15:21:40,031 [Listener at 127.0.0.1/43527] INFO  ozone.MiniOzoneClusterImpl (MiniOzoneClusterImpl.java:lambda$waitForClusterToBeReady$0(233)) - Waiting for cluster to exit safe mode
2021-07-15 15:21:40,031 [Listener at 127.0.0.1/43527] INFO  ozone.MiniOzoneClusterImpl (MiniOzoneClusterImpl.java:lambda$waitForClusterToBeReady$0(235)) - SCM became leader
2021-07-15 15:21:41,031 [Listener at 127.0.0.1/43527] INFO  ozone.MiniOzoneClusterImpl (MiniOzoneClusterImpl.java:lambda$waitForClusterToBeReady$0(230)) - Nodes are ready. Got 3 of 3 DN Heartbeats.
2021-07-15 15:21:41,032 [Listener at 127.0.0.1/43527] INFO  ozone.MiniOzoneClusterImpl (MiniOzoneClusterImpl.java:lambda$waitForClusterToBeReady$0(233)) - Waiting for cluster to exit safe mode
2021-07-15 15:21:41,032 [Listener at 127.0.0.1/43527] INFO  ozone.MiniOzoneClusterImpl (MiniOzoneClusterImpl.java:lambda$waitForClusterToBeReady$0(235)) - SCM became leader
2021-07-15 15:21:41,464 [d5e7ecd9-d575-4439-91df-5c301da40fda@group-0DE953E7F363-FollowerState] INFO  impl.FollowerState (FollowerState.java:run(134)) - d5e7ecd9-d575-4439-91df-5c301da40fda@group-0DE953E7F363-FollowerState: change to CANDIDATE, lastRpcElapsedTime:5019059384ns, electionTimeout:5010ms
2021-07-15 15:21:41,464 [d5e7ecd9-d575-4439-91df-5c301da40fda@group-0DE953E7F363-FollowerState] INFO  impl.RoleInfo (RoleInfo.java:shutdownFollowerState(108)) - d5e7ecd9-d575-4439-91df-5c301da40fda: shutdown d5e7ecd9-d575-4439-91df-5c301da40fda@group-0DE953E7F363-FollowerState
2021-07-15 15:21:41,464 [d5e7ecd9-d575-4439-91df-5c301da40fda@group-0DE953E7F363-FollowerState] INFO  server.RaftServer$Division (RaftServerImpl.java:setRole(284)) - d5e7ecd9-d575-4439-91df-5c301da40fda@group-0DE953E7F363: changes role from  FOLLOWER to CANDIDATE at term 3 for changeToCandidate
2021-07-15 15:21:41,464 [d5e7ecd9-d575-4439-91df-5c301da40fda@group-0DE953E7F363-FollowerState] INFO  server.RaftServerConfigKeys (ConfUtils.java:logGet(44)) - raft.server.leaderelection.pre-vote = false (custom)
2021-07-15 15:21:41,464 [d5e7ecd9-d575-4439-91df-5c301da40fda@group-0DE953E7F363-FollowerState] INFO  impl.RoleInfo (RoleInfo.java:updateAndGet(130)) - d5e7ecd9-d575-4439-91df-5c301da40fda: start d5e7ecd9-d575-4439-91df-5c301da40fda@group-0DE953E7F363-LeaderElection8
2021-07-15 15:21:41,467 [d5e7ecd9-d575-4439-91df-5c301da40fda@group-0DE953E7F363-LeaderElection8] INFO  impl.LeaderElection (LeaderElection.java:askForVotes(306)) - d5e7ecd9-d575-4439-91df-5c301da40fda@group-0DE953E7F363-LeaderElection8 ELECTION round 0: submit vote requests at term 4 for -1: [938969cd-6f27-4e77-a3a7-149c5df66c5a|rpc:10.1.0.62:42485|priority:0, 0032be0d-8d4a-4918-9261-56acb00cff02|rpc:10.1.0.62:41481|priority:0, d5e7ecd9-d575-4439-91df-5c301da40fda|rpc:10.1.0.62:33833|priority:1], old=null
2021-07-15 15:21:41,480 [grpc-default-executor-0] INFO  server.RaftServer$Division (RaftServerImpl.java:requestVote(1042)) - 938969cd-6f27-4e77-a3a7-149c5df66c5a@group-0DE953E7F363: receive requestVote(ELECTION, d5e7ecd9-d575-4439-91df-5c301da40fda, group-0DE953E7F363, 4, (t:0, i:0))
2021-07-15 15:21:41,480 [grpc-default-executor-0] INFO  impl.VoteContext (VoteContext.java:log(48)) - 938969cd-6f27-4e77-a3a7-149c5df66c5a@group-0DE953E7F363-FOLLOWER: accept ELECTION from d5e7ecd9-d575-4439-91df-5c301da40fda: our priority 0 <= candidate's priority 1
2021-07-15 15:21:41,480 [grpc-default-executor-0] INFO  server.RaftServer$Division (RaftServerImpl.java:setRole(284)) - 938969cd-6f27-4e77-a3a7-149c5df66c5a@group-0DE953E7F363: changes role from  FOLLOWER to FOLLOWER at term 4 for candidate:d5e7ecd9-d575-4439-91df-5c301da40fda
2021-07-15 15:21:41,481 [grpc-default-executor-0] INFO  impl.RoleInfo (RoleInfo.java:shutdownFollowerState(108)) - 938969cd-6f27-4e77-a3a7-149c5df66c5a: shutdown 938969cd-6f27-4e77-a3a7-149c5df66c5a@group-0DE953E7F363-FollowerState
2021-07-15 15:21:41,481 [grpc-default-executor-0] INFO  impl.RoleInfo (RoleInfo.java:updateAndGet(130)) - 938969cd-6f27-4e77-a3a7-149c5df66c5a: start 938969cd-6f27-4e77-a3a7-149c5df66c5a@group-0DE953E7F363-FollowerState
2021-07-15 15:21:41,481 [938969cd-6f27-4e77-a3a7-149c5df66c5a@group-0DE953E7F363-FollowerState] INFO  impl.FollowerState (FollowerState.java:run(143)) - 938969cd-6f27-4e77-a3a7-149c5df66c5a@group-0DE953E7F363-FollowerState was interrupted: {}
java.lang.InterruptedException: sleep interrupted
	at java.lang.Thread.sleep(Native Method)
	at java.lang.Thread.sleep(Thread.java:340)
	at java.util.concurrent.TimeUnit.sleep(TimeUnit.java:386)
	at org.apache.ratis.util.TimeDuration.sleep(TimeDuration.java:324)
	at org.apache.ratis.util.TimeDuration.sleep(TimeDuration.java:309)
	at org.apache.ratis.server.impl.FollowerState.run(FollowerState.java:118)
2021-07-15 15:21:41,486 [grpc-default-executor-0] INFO  server.RaftServer$Division (RaftServerImpl.java:requestVote(1074)) - 938969cd-6f27-4e77-a3a7-149c5df66c5a@group-0DE953E7F363 replies to ELECTION vote request: d5e7ecd9-d575-4439-91df-5c301da40fda<-938969cd-6f27-4e77-a3a7-149c5df66c5a#0:OK-t4. Peer's state: 938969cd-6f27-4e77-a3a7-149c5df66c5a@group-0DE953E7F363:t4, leader=null, voted=d5e7ecd9-d575-4439-91df-5c301da40fda, raftlog=938969cd-6f27-4e77-a3a7-149c5df66c5a@group-0DE953E7F363-SegmentedRaftLog:OPENED:c-1,f-1,i0, conf=-1: [938969cd-6f27-4e77-a3a7-149c5df66c5a|rpc:10.1.0.62:42485|priority:0, 0032be0d-8d4a-4918-9261-56acb00cff02|rpc:10.1.0.62:41481|priority:0, d5e7ecd9-d575-4439-91df-5c301da40fda|rpc:10.1.0.62:33833|priority:1], old=null
2021-07-15 15:21:41,490 [d5e7ecd9-d575-4439-91df-5c301da40fda@group-0DE953E7F363-LeaderElection8] INFO  impl.LeaderElection (LeaderElection.java:logAndReturn(89)) - d5e7ecd9-d575-4439-91df-5c301da40fda@group-0DE953E7F363-LeaderElection8: ELECTION PASSED received 1 response(s) and 0 exception(s):
2021-07-15 15:21:41,490 [d5e7ecd9-d575-4439-91df-5c301da40fda@group-0DE953E7F363-LeaderElection8] INFO  impl.LeaderElection (LeaderElection.java:logAndReturn(93)) -   Response 0: d5e7ecd9-d575-4439-91df-5c301da40fda<-938969cd-6f27-4e77-a3a7-149c5df66c5a#0:OK-t4
2021-07-15 15:21:41,490 [d5e7ecd9-d575-4439-91df-5c301da40fda@group-0DE953E7F363-LeaderElection8] INFO  impl.LeaderElection (LeaderElection.java:askForVotes(308)) - d5e7ecd9-d575-4439-91df-5c301da40fda@group-0DE953E7F363-LeaderElection8 ELECTION round 0: result PASSED
2021-07-15 15:21:41,490 [d5e7ecd9-d575-4439-91df-5c301da40fda@group-0DE953E7F363-LeaderElection8] INFO  impl.RoleInfo (RoleInfo.java:shutdownLeaderElection(121)) - d5e7ecd9-d575-4439-91df-5c301da40fda: shutdown d5e7ecd9-d575-4439-91df-5c301da40fda@group-0DE953E7F363-LeaderElection8
2021-07-15 15:21:41,490 [d5e7ecd9-d575-4439-91df-5c301da40fda@group-0DE953E7F363-LeaderElection8] INFO  server.RaftServer$Division (RaftServerImpl.java:setRole(284)) - d5e7ecd9-d575-4439-91df-5c301da40fda@group-0DE953E7F363: changes role from CANDIDATE to LEADER at term 4 for changeToLeader
2021-07-15 15:21:41,490 [grpc-default-executor-1] INFO  server.RaftServer$Division (RaftServerImpl.java:requestVote(1042)) - 0032be0d-8d4a-4918-9261-56acb00cff02@group-0DE953E7F363: receive requestVote(ELECTION, d5e7ecd9-d575-4439-91df-5c301da40fda, group-0DE953E7F363, 4, (t:0, i:0))
2021-07-15 15:21:41,490 [d5e7ecd9-d575-4439-91df-5c301da40fda@group-0DE953E7F363-LeaderElection8] INFO  ratis.XceiverServerRatis (XceiverServerRatis.java:handleLeaderChangedNotification(857)) - Leader change notification received for group: group-0DE953E7F363 with new leaderId: d5e7ecd9-d575-4439-91df-5c301da40fda
2021-07-15 15:21:41,491 [d5e7ecd9-d575-4439-91df-5c301da40fda@group-0DE953E7F363-LeaderElection8] INFO  server.RaftServer$Division (ServerState.java:setLeader(271)) - d5e7ecd9-d575-4439-91df-5c301da40fda@group-0DE953E7F363: change Leader from null to d5e7ecd9-d575-4439-91df-5c301da40fda at term 4 for becomeLeader, leader elected after 20081ms
2021-07-15 15:21:41,491 [d5e7ecd9-d575-4439-91df-5c301da40fda@group-0DE953E7F363-LeaderElection8] INFO  server.RaftServerConfigKeys (ConfUtils.java:logGet(44)) - raft.server.staging.catchup.gap = 1000 (default)
2021-07-15 15:21:41,492 [d5e7ecd9-d575-4439-91df-5c301da40fda@group-0DE953E7F363-LeaderElection8] INFO  metrics.RatisMetrics (RatisMetrics.java:lambda$create$0(36)) - Creating Metrics Registry : ratis.log_appender.d5e7ecd9-d575-4439-91df-5c301da40fda@group-0DE953E7F363
2021-07-15 15:21:41,492 [d5e7ecd9-d575-4439-91df-5c301da40fda@group-0DE953E7F363-LeaderElection8] INFO  server.RaftServerConfigKeys (ConfUtils.java:logGet(44)) - raft.server.write.element-limit = 1024 (custom)
2021-07-15 15:21:41,492 [d5e7ecd9-d575-4439-91df-5c301da40fda@group-0DE953E7F363-LeaderElection8] INFO  server.RaftServerConfigKeys (ConfUtils.java:logGet(44)) - raft.server.write.byte-limit = 1073741824 (custom)
2021-07-15 15:21:41,492 [d5e7ecd9-d575-4439-91df-5c301da40fda@group-0DE953E7F363-LeaderElection8] INFO  server.RaftServerConfigKeys (ConfUtils.java:logGet(44)) - raft.server.watch.timeout = 3000ms (custom)
2021-07-15 15:21:41,493 [d5e7ecd9-d575-4439-91df-5c301da40fda@group-0DE953E7F363-LeaderElection8] INFO  server.RaftServerConfigKeys (ConfUtils.java:logGet(44)) - raft.server.watch.timeout.denomination = 1s (default)
2021-07-15 15:21:41,493 [d5e7ecd9-d575-4439-91df-5c301da40fda@group-0DE953E7F363-LeaderElection8] INFO  server.RaftServerConfigKeys (ConfUtils.java:logGet(44)) - raft.server.watch.element-limit = 65536 (default)
2021-07-15 15:21:41,494 [Datanode State Machine Thread - 0] WARN  statemachine.StateContext (StateContext.java:execute(621)) - No available thread in pool for past 0 seconds.
2021-07-15 15:21:41,496 [EventQueue-PipelineReportForPipelineReportHandler] INFO  pipeline.PipelineManagerV2Impl (PipelineManagerV2Impl.java:openPipeline(283)) - Pipeline Pipeline[ Id: 39eba2b0-17dc-4916-925c-0de953e7f363, Nodes: d5e7ecd9-d575-4439-91df-5c301da40fda{ip: 10.1.0.62, host: fv-az116-592.vzw04321ajxubdbcnpick5nqva.xx.internal.cloudapp.net, ports: [REPLICATION=41377, RATIS=33833, RATIS_ADMIN=33833, RATIS_SERVER=33833, STANDALONE=37867], networkLocation: /default-rack, certSerialId: null, persistedOpState: IN_SERVICE, persistedOpStateExpiryEpochSec: 0}0032be0d-8d4a-4918-9261-56acb00cff02{ip: 10.1.0.62, host: fv-az116-592.vzw04321ajxubdbcnpick5nqva.xx.internal.cloudapp.net, ports: [REPLICATION=45419, RATIS=41481, RATIS_ADMIN=41481, RATIS_SERVER=41481, STANDALONE=32853], networkLocation: /default-rack, certSerialId: null, persistedOpState: IN_SERVICE, persistedOpStateExpiryEpochSec: 0}938969cd-6f27-4e77-a3a7-149c5df66c5a{ip: 10.1.0.62, host: fv-az116-592.vzw04321ajxubdbcnpick5nqva.xx.internal.cloudapp.net, ports: [REPLICATION=38497, RATIS=42485, RATIS_ADMIN=42485, RATIS_SERVER=42485, STANDALONE=33803], networkLocation: /default-rack, certSerialId: null, persistedOpState: IN_SERVICE, persistedOpStateExpiryEpochSec: 0}, ReplicationConfig: RATIS/THREE, State:ALLOCATED, leaderId:d5e7ecd9-d575-4439-91df-5c301da40fda, CreationTimestamp2021-07-15T15:21:19.036Z[Etc/UTC]] moved to OPEN state
2021-07-15 15:21:41,496 [EventQueue-OpenPipelineForHealthyPipelineSafeModeRule] INFO  safemode.SCMSafeModeManager (HealthyPipelineSafeModeRule.java:process(124)) - SCM in safe mode. Healthy pipelines reported count is 1, required healthy pipeline reported count is 1
2021-07-15 15:21:41,497 [EventQueue-OpenPipelineForHealthyPipelineSafeModeRule] INFO  safemode.SCMSafeModeManager (SCMSafeModeManager.java:validateSafeModeExitRules(204)) - HealthyPipelineSafeModeRule rule is successfully validated
2021-07-15 15:21:41,497 [EventQueue-OpenPipelineForHealthyPipelineSafeModeRule] INFO  safemode.SCMSafeModeManager (SCMSafeModeManager.java:validateSafeModeExitRules(219)) - ScmSafeModeManager, all rules are successfully validated
2021-07-15 15:21:41,497 [EventQueue-OpenPipelineForHealthyPipelineSafeModeRule] INFO  safemode.SCMSafeModeManager (SCMSafeModeManager.java:exitSafeMode(248)) - SCM exiting safe mode.
2021-07-15 15:21:41,497 [EventQueue-OpenPipelineForHealthyPipelineSafeModeRule] WARN  events.EventQueue (EventQueue.java:fireEvent(194)) - No event handler registered for event TypedEvent{payloadType=SafeModeStatus, name='Safe mode status'}
2021-07-15 15:21:41,497 [EventQueue-OpenPipelineForHealthyPipelineSafeModeRule] INFO  ha.SCMContext (SCMContext.java:updateSafeModeStatus(205)) - Update SafeModeStatus from SafeModeStatus{safeModeStatus=true, preCheckPassed=true} to SafeModeStatus{safeModeStatus=false, preCheckPassed=true}.
2021-07-15 15:21:41,497 [EventQueue-OpenPipelineForHealthyPipelineSafeModeRule] INFO  pipeline.BackgroundPipelineCreator (BackgroundPipelineCreatorV2.java:notifyStatusChanged(264)) - Service BackgroundPipelineCreator transitions to RUNNING.
2021-07-15 15:21:41,497 [EventQueue-OpenPipelineForHealthyPipelineSafeModeRule] INFO  container.ReplicationManager (ReplicationManager.java:notifyStatusChanged(1281)) - Service ReplicationManager transitions to RUNNING.
2021-07-15 15:21:41,491 [grpc-default-executor-1] INFO  impl.VoteContext (VoteContext.java:log(48)) - 0032be0d-8d4a-4918-9261-56acb00cff02@group-0DE953E7F363-FOLLOWER: accept ELECTION from d5e7ecd9-d575-4439-91df-5c301da40fda: our priority 0 <= candidate's priority 1
2021-07-15 15:21:41,500 [grpc-default-executor-1] INFO  server.RaftServer$Division (RaftServerImpl.java:setRole(284)) - 0032be0d-8d4a-4918-9261-56acb00cff02@group-0DE953E7F363: changes role from  FOLLOWER to FOLLOWER at term 4 for candidate:d5e7ecd9-d575-4439-91df-5c301da40fda
2021-07-15 15:21:41,500 [grpc-default-executor-1] INFO  impl.RoleInfo (RoleInfo.java:shutdownFollowerState(108)) - 0032be0d-8d4a-4918-9261-56acb00cff02: shutdown 0032be0d-8d4a-4918-9261-56acb00cff02@group-0DE953E7F363-FollowerState
2021-07-15 15:21:41,500 [grpc-default-executor-1] INFO  impl.RoleInfo (RoleInfo.java:updateAndGet(130)) - 0032be0d-8d4a-4918-9261-56acb00cff02: start 0032be0d-8d4a-4918-9261-56acb00cff02@group-0DE953E7F363-FollowerState
2021-07-15 15:21:41,502 [grpc-default-executor-1] INFO  server.RaftServer$Division (RaftServerImpl.java:requestVote(1074)) - 0032be0d-8d4a-4918-9261-56acb00cff02@group-0DE953E7F363 replies to ELECTION vote request: d5e7ecd9-d575-4439-91df-5c301da40fda<-0032be0d-8d4a-4918-9261-56acb00cff02#0:OK-t4. Peer's state: 0032be0d-8d4a-4918-9261-56acb00cff02@group-0DE953E7F363:t4, leader=null, voted=d5e7ecd9-d575-4439-91df-5c301da40fda, raftlog=0032be0d-8d4a-4918-9261-56acb00cff02@group-0DE953E7F363-SegmentedRaftLog:OPENED:c-1,f-1,i0, conf=-1: [938969cd-6f27-4e77-a3a7-149c5df66c5a|rpc:10.1.0.62:42485|dataStream:|priority:0, 0032be0d-8d4a-4918-9261-56acb00cff02|rpc:10.1.0.62:41481|dataStream:|priority:0, d5e7ecd9-d575-4439-91df-5c301da40fda|rpc:10.1.0.62:33833|dataStream:|priority:1], old=null
2021-07-15 15:21:41,502 [0032be0d-8d4a-4918-9261-56acb00cff02@group-0DE953E7F363-FollowerState] INFO  impl.FollowerState (FollowerState.java:run(134)) - 0032be0d-8d4a-4918-9261-56acb00cff02@group-0DE953E7F363-FollowerState: change to CANDIDATE, lastRpcElapsedTime:5035022247ns, electionTimeout:5025ms
2021-07-15 15:21:41,502 [0032be0d-8d4a-4918-9261-56acb00cff02@group-0DE953E7F363-FollowerState] INFO  impl.RoleInfo (RoleInfo.java:shutdownFollowerState(108)) - 0032be0d-8d4a-4918-9261-56acb00cff02: shutdown 0032be0d-8d4a-4918-9261-56acb00cff02@group-0DE953E7F363-FollowerState
2021-07-15 15:21:41,502 [0032be0d-8d4a-4918-9261-56acb00cff02@group-0DE953E7F363-FollowerState] INFO  server.RaftServer$Division (RaftServerImpl.java:setRole(284)) - 0032be0d-8d4a-4918-9261-56acb00cff02@group-0DE953E7F363: changes role from  FOLLOWER to CANDIDATE at term 4 for changeToCandidate
2021-07-15 15:21:41,502 [0032be0d-8d4a-4918-9261-56acb00cff02@group-0DE953E7F363-FollowerState] INFO  server.RaftServerConfigKeys (ConfUtils.java:logGet(44)) - raft.server.leaderelection.pre-vote = false (custom)
2021-07-15 15:21:41,502 [0032be0d-8d4a-4918-9261-56acb00cff02@group-0DE953E7F363-FollowerState] INFO  impl.RoleInfo (RoleInfo.java:updateAndGet(130)) - 0032be0d-8d4a-4918-9261-56acb00cff02: start 0032be0d-8d4a-4918-9261-56acb00cff02@group-0DE953E7F363-LeaderElection9
2021-07-15 15:21:41,503 [0032be0d-8d4a-4918-9261-56acb00cff02@group-0DE953E7F363-FollowerState] INFO  impl.FollowerState (FollowerState.java:run(143)) - 0032be0d-8d4a-4918-9261-56acb00cff02@group-0DE953E7F363-FollowerState was interrupted: {}
java.lang.InterruptedException: sleep interrupted
	at java.lang.Thread.sleep(Native Method)
	at java.lang.Thread.sleep(Thread.java:340)
	at java.util.concurrent.TimeUnit.sleep(TimeUnit.java:386)
	at org.apache.ratis.util.TimeDuration.sleep(TimeDuration.java:324)
	at org.apache.ratis.util.TimeDuration.sleep(TimeDuration.java:309)
	at org.apache.ratis.server.impl.FollowerState.run(FollowerState.java:118)
2021-07-15 15:21:41,512 [d5e7ecd9-d575-4439-91df-5c301da40fda@group-0DE953E7F363-LeaderElection8] INFO  server.RaftServerConfigKeys (ConfUtils.java:logGet(44)) - raft.server.log.appender.snapshot.chunk.size.max = 16MB (=16777216) (default)
2021-07-15 15:21:41,513 [d5e7ecd9-d575-4439-91df-5c301da40fda@group-0DE953E7F363-LeaderElection8] INFO  server.RaftServerConfigKeys (ConfUtils.java:logGet(44)) - raft.server.log.appender.buffer.byte-limit = 33554432 (custom)
2021-07-15 15:21:41,514 [0032be0d-8d4a-4918-9261-56acb00cff02@group-0DE953E7F363-LeaderElection9] INFO  impl.LeaderElection (LeaderElection.java:askForVotes(306)) - 0032be0d-8d4a-4918-9261-56acb00cff02@group-0DE953E7F363-LeaderElection9 ELECTION round 0: submit vote requests at term 5 for -1: [938969cd-6f27-4e77-a3a7-149c5df66c5a|rpc:10.1.0.62:42485|dataStream:|priority:0, 0032be0d-8d4a-4918-9261-56acb00cff02|rpc:10.1.0.62:41481|dataStream:|priority:0, d5e7ecd9-d575-4439-91df-5c301da40fda|rpc:10.1.0.62:33833|dataStream:|priority:1], old=null
2021-07-15 15:21:41,515 [d5e7ecd9-d575-4439-91df-5c301da40fda@group-0DE953E7F363-LeaderElection8] INFO  server.RaftServerConfigKeys (ConfUtils.java:logGet(44)) - raft.server.log.appender.buffer.element-limit = 1 (custom)
2021-07-15 15:21:41,526 [grpc-default-executor-1] INFO  server.RaftServer$Division (RaftServerImpl.java:requestVote(1042)) - 938969cd-6f27-4e77-a3a7-149c5df66c5a@group-0DE953E7F363: receive requestVote(ELECTION, 0032be0d-8d4a-4918-9261-56acb00cff02, group-0DE953E7F363, 5, (t:0, i:0))
2021-07-15 15:21:41,526 [grpc-default-executor-1] INFO  impl.VoteContext (VoteContext.java:log(48)) - 938969cd-6f27-4e77-a3a7-149c5df66c5a@group-0DE953E7F363-FOLLOWER: accept ELECTION from 0032be0d-8d4a-4918-9261-56acb00cff02: our priority 0 <= candidate's priority 0
2021-07-15 15:21:41,526 [grpc-default-executor-1] INFO  server.RaftServer$Division (RaftServerImpl.java:setRole(284)) - 938969cd-6f27-4e77-a3a7-149c5df66c5a@group-0DE953E7F363: changes role from  FOLLOWER to FOLLOWER at term 5 for candidate:0032be0d-8d4a-4918-9261-56acb00cff02
2021-07-15 15:21:41,526 [grpc-default-executor-1] INFO  impl.RoleInfo (RoleInfo.java:shutdownFollowerState(108)) - 938969cd-6f27-4e77-a3a7-149c5df66c5a: shutdown 938969cd-6f27-4e77-a3a7-149c5df66c5a@group-0DE953E7F363-FollowerState
2021-07-15 15:21:41,526 [grpc-default-executor-1] INFO  impl.RoleInfo (RoleInfo.java:updateAndGet(130)) - 938969cd-6f27-4e77-a3a7-149c5df66c5a: start 938969cd-6f27-4e77-a3a7-149c5df66c5a@group-0DE953E7F363-FollowerState
2021-07-15 15:21:41,527 [938969cd-6f27-4e77-a3a7-149c5df66c5a@group-0DE953E7F363-FollowerState] INFO  impl.FollowerState (FollowerState.java:run(143)) - 938969cd-6f27-4e77-a3a7-149c5df66c5a@group-0DE953E7F363-FollowerState was interrupted: {}
java.lang.InterruptedException: sleep interrupted
	at java.lang.Thread.sleep(Native Method)
	at java.lang.Thread.sleep(Thread.java:340)
	at java.util.concurrent.TimeUnit.sleep(TimeUnit.java:386)
	at org.apache.ratis.util.TimeDuration.sleep(TimeDuration.java:324)
	at org.apache.ratis.util.TimeDuration.sleep(TimeDuration.java:309)
	at org.apache.ratis.server.impl.FollowerState.run(FollowerState.java:118)
2021-07-15 15:21:41,534 [d5e7ecd9-d575-4439-91df-5c301da40fda@group-0DE953E7F363-LeaderElection8] INFO  grpc.GrpcConfigKeys (ConfUtils.java:logGet(44)) - raft.grpc.server.leader.outstanding.appends.max = 128 (default)
2021-07-15 15:21:41,535 [grpc-default-executor-1] INFO  server.RaftServer$Division (RaftServerImpl.java:requestVote(1074)) - 938969cd-6f27-4e77-a3a7-149c5df66c5a@group-0DE953E7F363 replies to ELECTION vote request: 0032be0d-8d4a-4918-9261-56acb00cff02<-938969cd-6f27-4e77-a3a7-149c5df66c5a#0:OK-t5. Peer's state: 938969cd-6f27-4e77-a3a7-149c5df66c5a@group-0DE953E7F363:t5, leader=null, voted=0032be0d-8d4a-4918-9261-56acb00cff02, raftlog=938969cd-6f27-4e77-a3a7-149c5df66c5a@group-0DE953E7F363-SegmentedRaftLog:OPENED:c-1,f-1,i0, conf=-1: [938969cd-6f27-4e77-a3a7-149c5df66c5a|rpc:10.1.0.62:42485|priority:0, 0032be0d-8d4a-4918-9261-56acb00cff02|rpc:10.1.0.62:41481|priority:0, d5e7ecd9-d575-4439-91df-5c301da40fda|rpc:10.1.0.62:33833|priority:1], old=null
2021-07-15 15:21:41,535 [d5e7ecd9-d575-4439-91df-5c301da40fda@group-0DE953E7F363-LeaderElection8] INFO  server.RaftServerConfigKeys (ConfUtils.java:logGet(44)) - raft.server.rpc.request.timeout = 3000ms (default)
2021-07-15 15:21:41,535 [d5e7ecd9-d575-4439-91df-5c301da40fda@group-0DE953E7F363-LeaderElection8] INFO  server.RaftServerConfigKeys (ConfUtils.java:logGet(44)) - raft.server.log.appender.install.snapshot.enabled = false (custom)
2021-07-15 15:21:41,536 [d5e7ecd9-d575-4439-91df-5c301da40fda@group-0DE953E7F363-LeaderElection8] INFO  metrics.RatisMetrics (RatisMetrics.java:lambda$create$0(36)) - Creating Metrics Registry : ratis_grpc.log_appender.d5e7ecd9-d575-4439-91df-5c301da40fda@group-0DE953E7F363
2021-07-15 15:21:41,538 [grpc-default-executor-1] INFO  server.RaftServer$Division (RaftServerImpl.java:requestVote(1042)) - d5e7ecd9-d575-4439-91df-5c301da40fda@group-0DE953E7F363: receive requestVote(ELECTION, 0032be0d-8d4a-4918-9261-56acb00cff02, group-0DE953E7F363, 5, (t:0, i:0))
2021-07-15 15:21:41,544 [d5e7ecd9-d575-4439-91df-5c301da40fda@group-0DE953E7F363-LeaderElection8] INFO  server.RaftServerConfigKeys (ConfUtils.java:logGet(44)) - raft.server.log.appender.snapshot.chunk.size.max = 16MB (=16777216) (default)
2021-07-15 15:21:41,544 [d5e7ecd9-d575-4439-91df-5c301da40fda@group-0DE953E7F363-LeaderElection8] INFO  server.RaftServerConfigKeys (ConfUtils.java:logGet(44)) - raft.server.log.appender.buffer.byte-limit = 33554432 (custom)
2021-07-15 15:21:41,544 [d5e7ecd9-d575-4439-91df-5c301da40fda@group-0DE953E7F363-LeaderElection8] INFO  server.RaftServerConfigKeys (ConfUtils.java:logGet(44)) - raft.server.log.appender.buffer.element-limit = 1 (custom)
2021-07-15 15:21:41,544 [d5e7ecd9-d575-4439-91df-5c301da40fda@group-0DE953E7F363-LeaderElection8] INFO  grpc.GrpcConfigKeys (ConfUtils.java:logGet(44)) - raft.grpc.server.leader.outstanding.appends.max = 128 (default)
2021-07-15 15:21:41,544 [d5e7ecd9-d575-4439-91df-5c301da40fda@group-0DE953E7F363-LeaderElection8] INFO  server.RaftServerConfigKeys (ConfUtils.java:logGet(44)) - raft.server.rpc.request.timeout = 3000ms (default)
2021-07-15 15:21:41,544 [d5e7ecd9-d575-4439-91df-5c301da40fda@group-0DE953E7F363-LeaderElection8] INFO  server.RaftServerConfigKeys (ConfUtils.java:logGet(44)) - raft.server.log.appender.install.snapshot.enabled = false (custom)
2021-07-15 15:21:41,546 [d5e7ecd9-d575-4439-91df-5c301da40fda@group-0DE953E7F363-LeaderElection8] INFO  impl.RoleInfo (RoleInfo.java:updateAndGet(130)) - d5e7ecd9-d575-4439-91df-5c301da40fda: start d5e7ecd9-d575-4439-91df-5c301da40fda@group-0DE953E7F363-LeaderStateImpl
2021-07-15 15:21:41,546 [d5e7ecd9-d575-4439-91df-5c301da40fda@group-0DE953E7F363-LeaderElection8] INFO  segmented.SegmentedRaftLogWorker (SegmentedRaftLogWorker.java:startLogSegment(394)) - d5e7ecd9-d575-4439-91df-5c301da40fda@group-0DE953E7F363-SegmentedRaftLogWorker: Starting segment from index:0
2021-07-15 15:21:41,548 [d5e7ecd9-d575-4439-91df-5c301da40fda@group-0DE953E7F363-SegmentedRaftLogWorker] INFO  segmented.SegmentedRaftLogWorker (SegmentedRaftLogWorker.java:execute(601)) - d5e7ecd9-d575-4439-91df-5c301da40fda@group-0DE953E7F363-SegmentedRaftLogWorker: created new log segment /home/runner/work/ozone/ozone/mnt/ozone/hadoop-ozone/integration-test/target/test-dir/MiniOzoneClusterImpl-67a6e2a6-babe-416c-a56a-0c8fe9c2ffa6/datanode-1/data/ratis/39eba2b0-17dc-4916-925c-0de953e7f363/current/log_inprogress_0
2021-07-15 15:21:41,552 [d5e7ecd9-d575-4439-91df-5c301da40fda@group-0DE953E7F363-LeaderElection8] INFO  server.RaftServer$Division (ServerState.java:setRaftConf(373)) - d5e7ecd9-d575-4439-91df-5c301da40fda@group-0DE953E7F363: set configuration 0: [938969cd-6f27-4e77-a3a7-149c5df66c5a|rpc:10.1.0.62:42485|dataStream:|priority:0, 0032be0d-8d4a-4918-9261-56acb00cff02|rpc:10.1.0.62:41481|dataStream:|priority:0, d5e7ecd9-d575-4439-91df-5c301da40fda|rpc:10.1.0.62:33833|dataStream:|priority:1], old=null
2021-07-15 15:21:41,553 [grpc-default-executor-1] INFO  impl.VoteContext (VoteContext.java:log(48)) - d5e7ecd9-d575-4439-91df-5c301da40fda@group-0DE953E7F363-LEADER: reject ELECTION from 0032be0d-8d4a-4918-9261-56acb00cff02: our last entry (t:4, i:0) > candidate's last entry (t:0, i:0)
2021-07-15 15:21:41,554 [grpc-default-executor-1] INFO  server.RaftServer$Division (ServerState.java:setLeader(271)) - d5e7ecd9-d575-4439-91df-5c301da40fda@group-0DE953E7F363: change Leader from d5e7ecd9-d575-4439-91df-5c301da40fda to null at term 5 for updateCurrentTerm
2021-07-15 15:21:41,554 [grpc-default-executor-1] INFO  server.RaftServer$Division (RaftServerImpl.java:setRole(284)) - d5e7ecd9-d575-4439-91df-5c301da40fda@group-0DE953E7F363: changes role from    LEADER to FOLLOWER at term 5 for candidate:0032be0d-8d4a-4918-9261-56acb00cff02
2021-07-15 15:21:41,554 [grpc-default-executor-1] INFO  impl.RoleInfo (RoleInfo.java:shutdownLeaderState(91)) - d5e7ecd9-d575-4439-91df-5c301da40fda: shutdown d5e7ecd9-d575-4439-91df-5c301da40fda@group-0DE953E7F363-LeaderStateImpl
2021-07-15 15:21:41,555 [grpc-default-executor-1] INFO  metrics.RatisMetrics (RatisMetrics.java:unregister(43)) - Unregistering Metrics Registry : ratis_grpc.log_appender.d5e7ecd9-d575-4439-91df-5c301da40fda@group-0DE953E7F363
2021-07-15 15:21:41,555 [grpc-default-executor-1] INFO  metrics.RatisMetrics (RatisMetrics.java:unregister(43)) - Unregistering Metrics Registry : ratis_grpc.log_appender.d5e7ecd9-d575-4439-91df-5c301da40fda@group-0DE953E7F363
2021-07-15 15:21:41,556 [grpc-default-executor-1] INFO  impl.PendingRequests (PendingRequests.java:sendNotLeaderResponses(249)) - d5e7ecd9-d575-4439-91df-5c301da40fda@group-0DE953E7F363-PendingRequests: sendNotLeaderResponses
2021-07-15 15:21:41,557 [grpc-default-executor-1] INFO  metrics.RatisMetrics (RatisMetrics.java:unregister(43)) - Unregistering Metrics Registry : ratis.log_appender.d5e7ecd9-d575-4439-91df-5c301da40fda@group-0DE953E7F363
2021-07-15 15:21:41,557 [grpc-default-executor-1] INFO  metrics.RatisMetrics (RatisMetrics.java:unregister(43)) - Unregistering Metrics Registry : ratis.server.d5e7ecd9-d575-4439-91df-5c301da40fda@group-0DE953E7F363
2021-07-15 15:21:41,558 [grpc-default-executor-1] INFO  impl.RoleInfo (RoleInfo.java:updateAndGet(130)) - d5e7ecd9-d575-4439-91df-5c301da40fda: start d5e7ecd9-d575-4439-91df-5c301da40fda@group-0DE953E7F363-FollowerState
2021-07-15 15:21:41,560 [grpc-default-executor-1] INFO  server.RaftServer$Division (RaftServerImpl.java:requestVote(1074)) - d5e7ecd9-d575-4439-91df-5c301da40fda@group-0DE953E7F363 replies to ELECTION vote request: 0032be0d-8d4a-4918-9261-56acb00cff02<-d5e7ecd9-d575-4439-91df-5c301da40fda#0:FAIL-t5. Peer's state: d5e7ecd9-d575-4439-91df-5c301da40fda@group-0DE953E7F363:t5, leader=null, voted=null, raftlog=d5e7ecd9-d575-4439-91df-5c301da40fda@group-0DE953E7F363-SegmentedRaftLog:OPENED:c0,f0,i0, conf=0: [938969cd-6f27-4e77-a3a7-149c5df66c5a|rpc:10.1.0.62:42485|dataStream:|priority:0, 0032be0d-8d4a-4918-9261-56acb00cff02|rpc:10.1.0.62:41481|dataStream:|priority:0, d5e7ecd9-d575-4439-91df-5c301da40fda|rpc:10.1.0.62:33833|dataStream:|priority:1], old=null
2021-07-15 15:21:41,563 [0032be0d-8d4a-4918-9261-56acb00cff02@group-0DE953E7F363-LeaderElection9] INFO  impl.LeaderElection (LeaderElection.java:logAndReturn(89)) - 0032be0d-8d4a-4918-9261-56acb00cff02@group-0DE953E7F363-LeaderElection9: ELECTION REJECTED received 2 response(s) and 0 exception(s):
2021-07-15 15:21:41,563 [0032be0d-8d4a-4918-9261-56acb00cff02@group-0DE953E7F363-LeaderElection9] INFO  impl.LeaderElection (LeaderElection.java:logAndReturn(93)) -   Response 0: 0032be0d-8d4a-4918-9261-56acb00cff02<-938969cd-6f27-4e77-a3a7-149c5df66c5a#0:OK-t5
2021-07-15 15:21:41,563 [0032be0d-8d4a-4918-9261-56acb00cff02@group-0DE953E7F363-LeaderElection9] INFO  impl.LeaderElection (LeaderElection.java:logAndReturn(93)) -   Response 1: 0032be0d-8d4a-4918-9261-56acb00cff02<-d5e7ecd9-d575-4439-91df-5c301da40fda#0:FAIL-t5
2021-07-15 15:21:41,563 [0032be0d-8d4a-4918-9261-56acb00cff02@group-0DE953E7F363-LeaderElection9] INFO  impl.LeaderElection (LeaderElection.java:askForVotes(308)) - 0032be0d-8d4a-4918-9261-56acb00cff02@group-0DE953E7F363-LeaderElection9 ELECTION round 0: result REJECTED
2021-07-15 15:21:41,563 [0032be0d-8d4a-4918-9261-56acb00cff02@group-0DE953E7F363-LeaderElection9] INFO  server.RaftServer$Division (RaftServerImpl.java:setRole(284)) - 0032be0d-8d4a-4918-9261-56acb00cff02@group-0DE953E7F363: changes role from CANDIDATE to FOLLOWER at term 5 for REJECTED
2021-07-15 15:21:41,563 [0032be0d-8d4a-4918-9261-56acb00cff02@group-0DE953E7F363-LeaderElection9] INFO  impl.RoleInfo (RoleInfo.java:shutdownLeaderElection(121)) - 0032be0d-8d4a-4918-9261-56acb00cff02: shutdown 0032be0d-8d4a-4918-9261-56acb00cff02@group-0DE953E7F363-LeaderElection9
2021-07-15 15:21:41,563 [0032be0d-8d4a-4918-9261-56acb00cff02@group-0DE953E7F363-LeaderElection9] INFO  impl.RoleInfo (RoleInfo.java:updateAndGet(130)) - 0032be0d-8d4a-4918-9261-56acb00cff02: start 0032be0d-8d4a-4918-9261-56acb00cff02@group-0DE953E7F363-FollowerState
2021-07-15 15:21:41,578 [grpc-default-executor-1] INFO  server.GrpcServerProtocolService (GrpcServerProtocolService.java:onCompleted(140)) - 938969cd-6f27-4e77-a3a7-149c5df66c5a: Completed APPEND_ENTRIES, lastRequest: null
2021-07-15 15:21:41,580 [grpc-default-executor-1] INFO  server.GrpcLogAppender (GrpcLogAppender.java:onCompleted(344)) - d5e7ecd9-d575-4439-91df-5c301da40fda@group-0DE953E7F363->938969cd-6f27-4e77-a3a7-149c5df66c5a-AppendLogResponseHandler: follower responses appendEntries COMPLETED
2021-07-15 15:21:41,582 [grpc-default-executor-1] INFO  leader.FollowerInfo (FollowerInfoImpl.java:lambda$new$0(46)) - d5e7ecd9-d575-4439-91df-5c301da40fda@group-0DE953E7F363->938969cd-6f27-4e77-a3a7-149c5df66c5a: nextIndex: updateUnconditionally 0 -> 0
2021-07-15 15:21:42,032 [Listener at 127.0.0.1/43527] INFO  ozone.MiniOzoneClusterImpl (MiniOzoneClusterImpl.java:lambda$waitForClusterToBeReady$0(230)) - Nodes are ready. Got 3 of 3 DN Heartbeats.
2021-07-15 15:21:42,032 [Listener at 127.0.0.1/43527] INFO  ozone.MiniOzoneClusterImpl (MiniOzoneClusterImpl.java:lambda$waitForClusterToBeReady$0(233)) - Cluster exits safe mode
2021-07-15 15:21:42,032 [Listener at 127.0.0.1/43527] INFO  ozone.MiniOzoneClusterImpl (MiniOzoneClusterImpl.java:lambda$waitForClusterToBeReady$0(235)) - SCM became leader
2021-07-15 15:21:42,540 [Listener at 127.0.0.1/43527] INFO  rpc.RpcClient (RpcClient.java:createVolume(341)) - Creating Volume: testcontainerstatemachinefailures, with runner as owner and space quota set to -1 bytes, counts quota set to -1
2021-07-15 15:21:42,593 [OM StateMachine ApplyTransaction Thread - 0] INFO  volume.OMVolumeCreateRequest (OMVolumeCreateRequest.java:validateAndUpdateCache(195)) - created volume:testcontainerstatemachinefailures for user:runner
2021-07-15 15:21:42,614 [Listener at 127.0.0.1/43527] INFO  rpc.RpcClient (RpcClient.java:createBucket(500)) - Creating Bucket: testcontainerstatemachinefailures/testcontainerstatemachinefailures, with Versioning false and Storage Type set to DISK and Encryption set to false 
2021-07-15 15:21:42,688 [IPC Server handler 0 on default port 46319] INFO  ha.SequenceIdGenerator (SequenceIdGenerator.java:getNextId(127)) - Allocate a batch for containerId, change lastId from 0 to 1000.
2021-07-15 15:21:42,702 [IPC Server handler 0 on default port 46319] WARN  ha.SequenceIdGenerator (SequenceIdGenerator.java:allocateBatch(234)) - Failed to allocate a batch for localId, expected lastId is 0, actual lastId is 107544261427200000.
2021-07-15 15:21:42,702 [IPC Server handler 0 on default port 46319] INFO  ha.SequenceIdGenerator (SequenceIdGenerator.java:getNextId(127)) - Allocate a batch for localId, change lastId from 107544261427200000 to 107544261427201000.
2021-07-15 15:21:42,775 [Listener at 127.0.0.1/43527] INFO  impl.MetricsSystemImpl (MetricsSystemImpl.java:init(158)) - XceiverClientMetrics metrics system started (again)
]]></system-out>
  </testcase>
</testsuite>