<?xml version="1.0" encoding="UTF-8"?>
<testsuite xmlns:xsi="http://www.w3.org/2001/XMLSchema-instance" xsi:noNamespaceSchemaLocation="https://maven.apache.org/surefire/maven-surefire-plugin/xsd/surefire-test-report.xsd" name="org.apache.hadoop.ozone.client.rpc.TestOzoneClientRetriesOnException" time="82.21" tests="2" errors="0" skipped="0" failures="1">
  <properties>
    <property name="awt.toolkit" value="sun.awt.X11.XToolkit"/>
    <property name="file.encoding.pkg" value="sun.io"/>
    <property name="java.specification.version" value="1.8"/>
    <property name="sun.cpu.isalist" value=""/>
    <property name="sun.jnu.encoding" value="ANSI_X3.4-1968"/>
    <property name="java.class.path" value="/github/workspace/mnt/ozone/hadoop-ozone/integration-test/target/test-classes:/github/workspace/mnt/ozone/hadoop-ozone/integration-test/target/classes:/home/user/.m2/repository/org/apache/hadoop/hadoop-ozone-common/1.1.0-SNAPSHOT/hadoop-ozone-common-1.1.0-SNAPSHOT.jar:/home/user/.m2/repository/org/apache/commons/commons-compress/1.4.1/commons-compress-1.4.1.jar:/home/user/.m2/repository/org/tukaani/xz/1.0/xz-1.0.jar:/home/user/.m2/repository/org/apache/hadoop/hadoop-hdds-common/1.1.0-SNAPSHOT/hadoop-hdds-common-1.1.0-SNAPSHOT.jar:/home/user/.m2/repository/org/apache/hadoop/hadoop-hdds-client/1.1.0-SNAPSHOT/hadoop-hdds-client-1.1.0-SNAPSHOT.jar:/home/user/.m2/repository/org/apache/hadoop/hadoop-ozone-interface-client/1.1.0-SNAPSHOT/hadoop-ozone-interface-client-1.1.0-SNAPSHOT.jar:/home/user/.m2/repository/org/apache/hadoop/hadoop-hdds-test-utils/1.1.0-SNAPSHOT/hadoop-hdds-test-utils-1.1.0-SNAPSHOT.jar:/home/user/.m2/repository/com/google/guava/guava/28.2-jre/guava-28.2-jre.jar:/home/user/.m2/repository/com/google/guava/failureaccess/1.0.1/failureaccess-1.0.1.jar:/home/user/.m2/repository/com/google/guava/listenablefuture/9999.0-empty-to-avoid-conflict-with-guava/listenablefuture-9999.0-empty-to-avoid-conflict-with-guava.jar:/home/user/.m2/repository/com/google/code/findbugs/jsr305/3.0.0/jsr305-3.0.0.jar:/home/user/.m2/repository/org/checkerframework/checker-qual/2.10.0/checker-qual-2.10.0.jar:/home/user/.m2/repository/com/google/errorprone/error_prone_annotations/2.2.0/error_prone_annotations-2.2.0.jar:/home/user/.m2/repository/com/google/j2objc/j2objc-annotations/1.3/j2objc-annotations-1.3.jar:/home/user/.m2/repository/commons-io/commons-io/2.5/commons-io-2.5.jar:/home/user/.m2/repository/commons-logging/commons-logging/1.2/commons-logging-1.2.jar:/home/user/.m2/repository/log4j/log4j/1.2.17/log4j-1.2.17.jar:/home/user/.m2/repository/org/slf4j/slf4j-api/1.7.30/slf4j-api-1.7.30.jar:/home/user/.m2/repository/org/apache/hadoop/hadoop-hdds-server-scm/1.1.0-SNAPSHOT/hadoop-hdds-server-scm-1.1.0-SNAPSHOT.jar:/home/user/.m2/repository/org/apache/hadoop/hadoop-hdds-container-service/1.1.0-SNAPSHOT/hadoop-hdds-container-service-1.1.0-SNAPSHOT.jar:/home/user/.m2/repository/org/apache/hadoop/hadoop-hdds-hadoop-dependency-server/1.1.0-SNAPSHOT/hadoop-hdds-hadoop-dependency-server-1.1.0-SNAPSHOT.jar:/home/user/.m2/repository/org/apache/hadoop/hadoop-hdfs/3.2.1/hadoop-hdfs-3.2.1.jar:/home/user/.m2/repository/org/apache/hadoop/hadoop-hdds-server-framework/1.1.0-SNAPSHOT/hadoop-hdds-server-framework-1.1.0-SNAPSHOT.jar:/home/user/.m2/repository/org/apache/hadoop/hadoop-hdds-interface-server/1.1.0-SNAPSHOT/hadoop-hdds-interface-server-1.1.0-SNAPSHOT.jar:/home/user/.m2/repository/org/apache/hadoop/hadoop-hdds-interface-admin/1.1.0-SNAPSHOT/hadoop-hdds-interface-admin-1.1.0-SNAPSHOT.jar:/home/user/.m2/repository/org/eclipse/jetty/jetty-servlet/9.4.34.v20201102/jetty-servlet-9.4.34.v20201102.jar:/home/user/.m2/repository/org/eclipse/jetty/jetty-security/9.4.34.v20201102/jetty-security-9.4.34.v20201102.jar:/home/user/.m2/repository/org/rocksdb/rocksdbjni/6.8.1/rocksdbjni-6.8.1.jar:/home/user/.m2/repository/io/prometheus/simpleclient_dropwizard/0.7.0/simpleclient_dropwizard-0.7.0.jar:/home/user/.m2/repository/io/prometheus/simpleclient/0.7.0/simpleclient-0.7.0.jar:/home/user/.m2/repository/io/prometheus/simpleclient_common/0.7.0/simpleclient_common-0.7.0.jar:/home/user/.m2/repository/com/fasterxml/jackson/datatype/jackson-datatype-jsr310/2.10.3/jackson-datatype-jsr310-2.10.3.jar:/home/user/.m2/repository/io/dropwizard/metrics/metrics-core/3.2.4/metrics-core-3.2.4.jar:/home/user/.m2/repository/org/apache/hadoop/hadoop-hdfs-client/3.2.1/hadoop-hdfs-client-3.2.1.jar:/home/user/.m2/repository/org/bouncycastle/bcprov-jdk15on/1.60/bcprov-jdk15on-1.60.jar:/home/user/.m2/repository/org/apache/hadoop/hadoop-ozone-ozone-manager/1.1.0-SNAPSHOT/hadoop-ozone-ozone-manager-1.1.0-SNAPSHOT.jar:/home/user/.m2/repository/org/apache/hadoop/hadoop-hdds-interface-client/1.1.0-SNAPSHOT/hadoop-hdds-interface-client-1.1.0-SNAPSHOT.jar:/home/user/.m2/repository/org/apache/ratis/ratis-thirdparty-misc/0.6.0-SNAPSHOT/ratis-thirdparty-misc-0.6.0-SNAPSHOT.jar:/home/user/.m2/repository/org/apache/hadoop/hadoop-ozone-interface-storage/1.1.0-SNAPSHOT/hadoop-ozone-interface-storage-1.1.0-SNAPSHOT.jar:/home/user/.m2/repository/org/apache/hadoop/hadoop-minikdc/3.2.1/hadoop-minikdc-3.2.1.jar:/home/user/.m2/repository/org/apache/kerby/kerb-simplekdc/1.0.1/kerb-simplekdc-1.0.1.jar:/home/user/.m2/repository/org/apache/kerby/kerb-client/1.0.1/kerb-client-1.0.1.jar:/home/user/.m2/repository/org/apache/kerby/kerby-config/1.0.1/kerby-config-1.0.1.jar:/home/user/.m2/repository/org/apache/kerby/kerb-core/1.0.1/kerb-core-1.0.1.jar:/home/user/.m2/repository/org/apache/kerby/kerby-pkix/1.0.1/kerby-pkix-1.0.1.jar:/home/user/.m2/repository/org/apache/kerby/kerby-asn1/1.0.1/kerby-asn1-1.0.1.jar:/home/user/.m2/repository/org/apache/kerby/kerby-util/1.0.1/kerby-util-1.0.1.jar:/home/user/.m2/repository/org/apache/kerby/kerb-common/1.0.1/kerb-common-1.0.1.jar:/home/user/.m2/repository/org/apache/kerby/kerb-crypto/1.0.1/kerb-crypto-1.0.1.jar:/home/user/.m2/repository/org/apache/kerby/kerb-util/1.0.1/kerb-util-1.0.1.jar:/home/user/.m2/repository/org/apache/kerby/token-provider/1.0.1/token-provider-1.0.1.jar:/home/user/.m2/repository/org/apache/kerby/kerb-admin/1.0.1/kerb-admin-1.0.1.jar:/home/user/.m2/repository/org/apache/kerby/kerb-server/1.0.1/kerb-server-1.0.1.jar:/home/user/.m2/repository/org/apache/kerby/kerb-identity/1.0.1/kerb-identity-1.0.1.jar:/home/user/.m2/repository/org/apache/kerby/kerby-xdr/1.0.1/kerby-xdr-1.0.1.jar:/home/user/.m2/repository/org/slf4j/slf4j-log4j12/1.7.30/slf4j-log4j12-1.7.30.jar:/home/user/.m2/repository/org/apache/hadoop/hadoop-ozone-s3gateway/1.1.0-SNAPSHOT/hadoop-ozone-s3gateway-1.1.0-SNAPSHOT.jar:/home/user/.m2/repository/org/jboss/weld/servlet/weld-servlet/2.4.7.Final/weld-servlet-2.4.7.Final.jar:/home/user/.m2/repository/org/glassfish/jersey/containers/jersey-container-servlet-core/2.27/jersey-container-servlet-core-2.27.jar:/home/user/.m2/repository/org/glassfish/hk2/external/javax.inject/2.5.0-b42/javax.inject-2.5.0-b42.jar:/home/user/.m2/repository/org/glassfish/jersey/core/jersey-common/2.27/jersey-common-2.27.jar:/home/user/.m2/repository/org/glassfish/hk2/osgi-resource-locator/1.0.1/osgi-resource-locator-1.0.1.jar:/home/user/.m2/repository/javax/ws/rs/javax.ws.rs-api/2.1/javax.ws.rs-api-2.1.jar:/home/user/.m2/repository/org/glassfish/jersey/ext/cdi/jersey-cdi1x/2.27/jersey-cdi1x-2.27.jar:/home/user/.m2/repository/org/glassfish/jersey/inject/jersey-hk2/2.27/jersey-hk2-2.27.jar:/home/user/.m2/repository/org/glassfish/hk2/hk2-locator/2.5.0-b42/hk2-locator-2.5.0-b42.jar:/home/user/.m2/repository/org/javassist/javassist/3.22.0-CR2/javassist-3.22.0-CR2.jar:/home/user/.m2/repository/org/glassfish/hk2/hk2-api/2.5.0/hk2-api-2.5.0.jar:/home/user/.m2/repository/org/glassfish/hk2/external/jakarta.inject/2.5.0/jakarta.inject-2.5.0.jar:/home/user/.m2/repository/org/glassfish/hk2/hk2-utils/2.5.0/hk2-utils-2.5.0.jar:/home/user/.m2/repository/jakarta/annotation/jakarta.annotation-api/1.3.4/jakarta.annotation-api-1.3.4.jar:/home/user/.m2/repository/org/glassfish/hk2/external/aopalliance-repackaged/2.5.0/aopalliance-repackaged-2.5.0.jar:/home/user/.m2/repository/com/fasterxml/jackson/dataformat/jackson-dataformat-xml/2.10.3/jackson-dataformat-xml-2.10.3.jar:/home/user/.m2/repository/com/fasterxml/jackson/core/jackson-core/2.10.3/jackson-core-2.10.3.jar:/home/user/.m2/repository/com/fasterxml/jackson/module/jackson-module-jaxb-annotations/2.10.3/jackson-module-jaxb-annotations-2.10.3.jar:/home/user/.m2/repository/jakarta/xml/bind/jakarta.xml.bind-api/2.3.2/jakarta.xml.bind-api-2.3.2.jar:/home/user/.m2/repository/jakarta/activation/jakarta.activation-api/1.2.1/jakarta.activation-api-1.2.1.jar:/home/user/.m2/repository/org/codehaus/woodstox/stax2-api/3.1.4/stax2-api-3.1.4.jar:/home/user/.m2/repository/com/fasterxml/woodstox/woodstox-core/5.0.3/woodstox-core-5.0.3.jar:/home/user/.m2/repository/javax/enterprise/cdi-api/1.2/cdi-api-1.2.jar:/home/user/.m2/repository/javax/el/javax.el-api/3.0.0/javax.el-api-3.0.0.jar:/home/user/.m2/repository/javax/interceptor/javax.interceptor-api/1.2/javax.interceptor-api-1.2.jar:/home/user/.m2/repository/javax/inject/javax.inject/1/javax.inject-1.jar:/home/user/.m2/repository/com/sun/xml/bind/jaxb-impl/2.3.0.1/jaxb-impl-2.3.0.1.jar:/home/user/.m2/repository/com/sun/xml/bind/jaxb-core/2.3.0.1/jaxb-core-2.3.0.1.jar:/home/user/.m2/repository/javax/xml/bind/jaxb-api/2.3.0/jaxb-api-2.3.0.jar:/home/user/.m2/repository/javax/activation/activation/1.1.1/activation-1.1.1.jar:/home/user/.m2/repository/org/apache/hadoop/hadoop-ozone-csi/1.1.0-SNAPSHOT/hadoop-ozone-csi-1.1.0-SNAPSHOT.jar:/home/user/.m2/repository/com/google/protobuf/protobuf-java-util/3.11.0/protobuf-java-util-3.11.0.jar:/home/user/.m2/repository/com/google/code/gson/gson/2.2.4/gson-2.2.4.jar:/home/user/.m2/repository/org/apache/hadoop/hadoop-hdds-config/1.1.0-SNAPSHOT/hadoop-hdds-config-1.1.0-SNAPSHOT.jar:/home/user/.m2/repository/com/google/protobuf/protobuf-java/2.5.0/protobuf-java-2.5.0.jar:/home/user/.m2/repository/io/grpc/grpc-netty/1.29.0/grpc-netty-1.29.0.jar:/home/user/.m2/repository/io/grpc/grpc-core/1.29.0/grpc-core-1.29.0.jar:/home/user/.m2/repository/com/google/android/annotations/4.1.1.4/annotations-4.1.1.4.jar:/home/user/.m2/repository/io/perfmark/perfmark-api/0.19.0/perfmark-api-0.19.0.jar:/home/user/.m2/repository/io/netty/netty-codec-http2/4.1.48.Final/netty-codec-http2-4.1.48.Final.jar:/home/user/.m2/repository/io/netty/netty-codec/4.1.48.Final/netty-codec-4.1.48.Final.jar:/home/user/.m2/repository/io/netty/netty-handler/4.1.48.Final/netty-handler-4.1.48.Final.jar:/home/user/.m2/repository/io/netty/netty-codec-http/4.1.48.Final/netty-codec-http-4.1.48.Final.jar:/home/user/.m2/repository/io/netty/netty-handler-proxy/4.1.48.Final/netty-handler-proxy-4.1.48.Final.jar:/home/user/.m2/repository/io/netty/netty-codec-socks/4.1.48.Final/netty-codec-socks-4.1.48.Final.jar:/home/user/.m2/repository/io/netty/netty-transport-native-epoll/4.1.48.Final/netty-transport-native-epoll-4.1.48.Final.jar:/home/user/.m2/repository/io/netty/netty-common/4.1.48.Final/netty-common-4.1.48.Final.jar:/home/user/.m2/repository/io/netty/netty-buffer/4.1.48.Final/netty-buffer-4.1.48.Final.jar:/home/user/.m2/repository/io/netty/netty-transport/4.1.48.Final/netty-transport-4.1.48.Final.jar:/home/user/.m2/repository/io/netty/netty-resolver/4.1.48.Final/netty-resolver-4.1.48.Final.jar:/home/user/.m2/repository/io/netty/netty-transport-native-unix-common/4.1.48.Final/netty-transport-native-unix-common-4.1.48.Final.jar:/home/user/.m2/repository/io/grpc/grpc-protobuf/1.29.0/grpc-protobuf-1.29.0.jar:/home/user/.m2/repository/io/grpc/grpc-api/1.29.0/grpc-api-1.29.0.jar:/home/user/.m2/repository/io/grpc/grpc-context/1.29.0/grpc-context-1.29.0.jar:/home/user/.m2/repository/org/codehaus/mojo/animal-sniffer-annotations/1.18/animal-sniffer-annotations-1.18.jar:/home/user/.m2/repository/com/google/api/grpc/proto-google-common-protos/1.17.0/proto-google-common-protos-1.17.0.jar:/home/user/.m2/repository/io/grpc/grpc-protobuf-lite/1.29.0/grpc-protobuf-lite-1.29.0.jar:/home/user/.m2/repository/io/grpc/grpc-stub/1.29.0/grpc-stub-1.29.0.jar:/home/user/.m2/repository/org/apache/hadoop/hadoop-ozone-recon/1.1.0-SNAPSHOT/hadoop-ozone-recon-1.1.0-SNAPSHOT.jar:/home/user/.m2/repository/org/apache/hadoop/hadoop-ozone-reconcodegen/1.1.0-SNAPSHOT/hadoop-ozone-reconcodegen-1.1.0-SNAPSHOT.jar:/home/user/.m2/repository/com/google/inject/extensions/guice-multibindings/4.0/guice-multibindings-4.0.jar:/home/user/.m2/repository/com/google/inject/guice/4.0/guice-4.0.jar:/home/user/.m2/repository/aopalliance/aopalliance/1.0/aopalliance-1.0.jar:/home/user/.m2/repository/com/google/inject/extensions/guice-assistedinject/4.0/guice-assistedinject-4.0.jar:/home/user/.m2/repository/com/google/inject/extensions/guice-servlet/4.0/guice-servlet-4.0.jar:/home/user/.m2/repository/org/glassfish/jersey/containers/jersey-container-servlet/2.27/jersey-container-servlet-2.27.jar:/home/user/.m2/repository/org/glassfish/hk2/guice-bridge/2.5.0/guice-bridge-2.5.0.jar:/home/user/.m2/repository/org/glassfish/jersey/core/jersey-server/2.27/jersey-server-2.27.jar:/home/user/.m2/repository/org/glassfish/jersey/core/jersey-client/2.27/jersey-client-2.27.jar:/home/user/.m2/repository/org/glassfish/jersey/media/jersey-media-jaxb/2.27/jersey-media-jaxb-2.27.jar:/home/user/.m2/repository/javax/validation/validation-api/1.1.0.Final/validation-api-1.1.0.Final.jar:/home/user/.m2/repository/org/glassfish/jersey/media/jersey-media-json-jackson/2.27/jersey-media-json-jackson-2.27.jar:/home/user/.m2/repository/org/glassfish/jersey/ext/jersey-entity-filtering/2.27/jersey-entity-filtering-2.27.jar:/home/user/.m2/repository/org/jooq/jooq/3.11.10/jooq-3.11.10.jar:/home/user/.m2/repository/org/jooq/jooq-meta/3.11.10/jooq-meta-3.11.10.jar:/home/user/.m2/repository/org/jooq/jooq-codegen/3.11.10/jooq-codegen-3.11.10.jar:/home/user/.m2/repository/com/jolbox/bonecp/0.8.0.RELEASE/bonecp-0.8.0.RELEASE.jar:/home/user/.m2/repository/org/apache/derby/derby/10.14.2.0/derby-10.14.2.0.jar:/home/user/.m2/repository/org/xerial/sqlite-jdbc/3.25.2/sqlite-jdbc-3.25.2.jar:/home/user/.m2/repository/org/springframework/spring-jdbc/5.2.11.RELEASE/spring-jdbc-5.2.11.RELEASE.jar:/home/user/.m2/repository/org/springframework/spring-beans/5.2.11.RELEASE/spring-beans-5.2.11.RELEASE.jar:/home/user/.m2/repository/org/springframework/spring-core/5.2.11.RELEASE/spring-core-5.2.11.RELEASE.jar:/home/user/.m2/repository/org/springframework/spring-jcl/5.2.11.RELEASE/spring-jcl-5.2.11.RELEASE.jar:/home/user/.m2/repository/org/springframework/spring-tx/5.2.11.RELEASE/spring-tx-5.2.11.RELEASE.jar:/home/user/.m2/repository/org/apache/hadoop/hadoop-ozone-client/1.1.0-SNAPSHOT/hadoop-ozone-client-1.1.0-SNAPSHOT.jar:/home/user/.m2/repository/org/apache/hadoop/hadoop-ozone-filesystem/1.1.0-SNAPSHOT/hadoop-ozone-filesystem-1.1.0-SNAPSHOT.jar:/home/user/.m2/repository/org/apache/hadoop/hadoop-ozone-filesystem-common/1.1.0-SNAPSHOT/hadoop-ozone-filesystem-common-1.1.0-SNAPSHOT.jar:/home/user/.m2/repository/org/apache/hadoop/hadoop-ozone-tools/1.1.0-SNAPSHOT/hadoop-ozone-tools-1.1.0-SNAPSHOT.jar:/home/user/.m2/repository/org/apache/ratis/ratis-tools/1.1.0-913f5a4-SNAPSHOT/ratis-tools-1.1.0-913f5a4-SNAPSHOT.jar:/home/user/.m2/repository/org/apache/ratis/ratis-proto/1.1.0-913f5a4-SNAPSHOT/ratis-proto-1.1.0-913f5a4-SNAPSHOT.jar:/home/user/.m2/repository/org/apache/ratis/ratis-common/1.1.0-913f5a4-SNAPSHOT/ratis-common-1.1.0-913f5a4-SNAPSHOT.jar:/home/user/.m2/repository/com/amazonaws/aws-java-sdk-core/1.11.901/aws-java-sdk-core-1.11.901.jar:/home/user/.m2/repository/org/apache/httpcomponents/httpclient/4.5.13/httpclient-4.5.13.jar:/home/user/.m2/repository/org/apache/httpcomponents/httpcore/4.4.13/httpcore-4.4.13.jar:/home/user/.m2/repository/software/amazon/ion/ion-java/1.0.2/ion-java-1.0.2.jar:/home/user/.m2/repository/com/fasterxml/jackson/dataformat/jackson-dataformat-cbor/2.10.3/jackson-dataformat-cbor-2.10.3.jar:/home/user/.m2/repository/joda-time/joda-time/2.8.1/joda-time-2.8.1.jar:/home/user/.m2/repository/com/amazonaws/aws-java-sdk-s3/1.11.901/aws-java-sdk-s3-1.11.901.jar:/home/user/.m2/repository/com/amazonaws/aws-java-sdk-kms/1.11.901/aws-java-sdk-kms-1.11.901.jar:/home/user/.m2/repository/com/amazonaws/jmespath-java/1.11.901/jmespath-java-1.11.901.jar:/home/user/.m2/repository/org/kohsuke/metainf-services/metainf-services/1.8/metainf-services-1.8.jar:/home/user/.m2/repository/org/apache/hadoop/hadoop-hdds-tools/1.1.0-SNAPSHOT/hadoop-hdds-tools-1.1.0-SNAPSHOT.jar:/home/user/.m2/repository/commons-cli/commons-cli/1.2/commons-cli-1.2.jar:/home/user/.m2/repository/org/apache/commons/commons-lang3/3.7/commons-lang3-3.7.jar:/home/user/.m2/repository/org/apache/hadoop/hadoop-ozone-ozone-manager/1.1.0-SNAPSHOT/hadoop-ozone-ozone-manager-1.1.0-SNAPSHOT-tests.jar:/home/user/.m2/repository/org/apache/hadoop/hadoop-hdds-common/1.1.0-SNAPSHOT/hadoop-hdds-common-1.1.0-SNAPSHOT-tests.jar:/home/user/.m2/repository/org/apache/hadoop/hadoop-hdds-hadoop-dependency-client/1.1.0-SNAPSHOT/hadoop-hdds-hadoop-dependency-client-1.1.0-SNAPSHOT.jar:/home/user/.m2/repository/info/picocli/picocli/4.4.0/picocli-4.4.0.jar:/home/user/.m2/repository/com/fasterxml/jackson/core/jackson-annotations/2.10.3/jackson-annotations-2.10.3.jar:/home/user/.m2/repository/javax/annotation/javax.annotation-api/1.2/javax.annotation-api-1.2.jar:/home/user/.m2/repository/org/fusesource/leveldbjni/leveldbjni-all/1.8/leveldbjni-all-1.8.jar:/home/user/.m2/repository/org/apache/ratis/ratis-server/1.1.0-913f5a4-SNAPSHOT/ratis-server-1.1.0-913f5a4-SNAPSHOT.jar:/home/user/.m2/repository/org/apache/ratis/ratis-client/1.1.0-913f5a4-SNAPSHOT/ratis-client-1.1.0-913f5a4-SNAPSHOT.jar:/home/user/.m2/repository/org/apache/ratis/ratis-metrics/1.1.0-913f5a4-SNAPSHOT/ratis-metrics-1.1.0-913f5a4-SNAPSHOT.jar:/home/user/.m2/repository/org/apache/ratis/ratis-netty/1.1.0-913f5a4-SNAPSHOT/ratis-netty-1.1.0-913f5a4-SNAPSHOT.jar:/home/user/.m2/repository/org/apache/ratis/ratis-grpc/1.1.0-913f5a4-SNAPSHOT/ratis-grpc-1.1.0-913f5a4-SNAPSHOT.jar:/home/user/.m2/repository/org/apache/logging/log4j/log4j-api/2.13.3/log4j-api-2.13.3.jar:/home/user/.m2/repository/org/apache/logging/log4j/log4j-core/2.13.3/log4j-core-2.13.3.jar:/home/user/.m2/repository/com/lmax/disruptor/3.4.2/disruptor-3.4.2.jar:/home/user/.m2/repository/org/apache/commons/commons-pool2/2.6.0/commons-pool2-2.6.0.jar:/home/user/.m2/repository/org/bouncycastle/bcpkix-jdk15on/1.60/bcpkix-jdk15on-1.60.jar:/home/user/.m2/repository/commons-validator/commons-validator/1.6/commons-validator-1.6.jar:/home/user/.m2/repository/commons-beanutils/commons-beanutils/1.9.4/commons-beanutils-1.9.4.jar:/home/user/.m2/repository/commons-digester/commons-digester/1.8.1/commons-digester-1.8.1.jar:/home/user/.m2/repository/commons-collections/commons-collections/3.2.2/commons-collections-3.2.2.jar:/home/user/.m2/repository/io/jaegertracing/jaeger-client/1.2.0/jaeger-client-1.2.0.jar:/home/user/.m2/repository/io/jaegertracing/jaeger-thrift/1.2.0/jaeger-thrift-1.2.0.jar:/home/user/.m2/repository/org/apache/thrift/libthrift/0.13.0/libthrift-0.13.0.jar:/home/user/.m2/repository/com/squareup/okhttp3/okhttp/4.2.2/okhttp-4.2.2.jar:/home/user/.m2/repository/com/squareup/okio/okio/2.2.2/okio-2.2.2.jar:/home/user/.m2/repository/org/jetbrains/kotlin/kotlin-stdlib/1.3.50/kotlin-stdlib-1.3.50.jar:/home/user/.m2/repository/org/jetbrains/kotlin/kotlin-stdlib-common/1.3.50/kotlin-stdlib-common-1.3.50.jar:/home/user/.m2/repository/org/jetbrains/annotations/13.0/annotations-13.0.jar:/home/user/.m2/repository/io/jaegertracing/jaeger-core/1.2.0/jaeger-core-1.2.0.jar:/home/user/.m2/repository/io/jaegertracing/jaeger-tracerresolver/1.2.0/jaeger-tracerresolver-1.2.0.jar:/home/user/.m2/repository/io/opentracing/contrib/opentracing-tracerresolver/0.1.8/opentracing-tracerresolver-0.1.8.jar:/home/user/.m2/repository/io/opentracing/opentracing-util/0.33.0/opentracing-util-0.33.0.jar:/home/user/.m2/repository/io/opentracing/opentracing-api/0.33.0/opentracing-api-0.33.0.jar:/home/user/.m2/repository/io/opentracing/opentracing-noop/0.33.0/opentracing-noop-0.33.0.jar:/home/user/.m2/repository/org/yaml/snakeyaml/1.26/snakeyaml-1.26.jar:/home/user/.m2/repository/junit/junit/4.11/junit-4.11.jar:/home/user/.m2/repository/org/hamcrest/hamcrest-core/1.3/hamcrest-core-1.3.jar:/home/user/.m2/repository/org/openjdk/jmh/jmh-core/1.19/jmh-core-1.19.jar:/home/user/.m2/repository/net/sf/jopt-simple/jopt-simple/4.6/jopt-simple-4.6.jar:/home/user/.m2/repository/org/apache/commons/commons-math3/3.1.1/commons-math3-3.1.1.jar:/home/user/.m2/repository/org/openjdk/jmh/jmh-generator-annprocess/1.19/jmh-generator-annprocess-1.19.jar:/home/user/.m2/repository/org/mockito/mockito-all/1.8.5/mockito-all-1.8.5.jar:/home/user/.m2/repository/org/apache/hadoop/hadoop-kms/3.2.1/hadoop-kms-3.2.1.jar:/home/user/.m2/repository/org/apache/hadoop/hadoop-auth/3.2.1/hadoop-auth-3.2.1.jar:/home/user/.m2/repository/com/nimbusds/nimbus-jose-jwt/7.9/nimbus-jose-jwt-7.9.jar:/home/user/.m2/repository/com/github/stephenc/jcip/jcip-annotations/1.0-1/jcip-annotations-1.0-1.jar:/home/user/.m2/repository/net/minidev/json-smart/2.3/json-smart-2.3.jar:/home/user/.m2/repository/net/minidev/accessors-smart/1.2/accessors-smart-1.2.jar:/home/user/.m2/repository/org/ow2/asm/asm/5.0.4/asm-5.0.4.jar:/home/user/.m2/repository/org/apache/zookeeper/zookeeper/3.4.13/zookeeper-3.4.13.jar:/home/user/.m2/repository/org/apache/yetus/audience-annotations/0.5.0/audience-annotations-0.5.0.jar:/home/user/.m2/repository/org/apache/curator/curator-framework/2.13.0/curator-framework-2.13.0.jar:/home/user/.m2/repository/com/sun/jersey/jersey-core/1.19/jersey-core-1.19.jar:/home/user/.m2/repository/javax/ws/rs/jsr311-api/1.1.1/jsr311-api-1.1.1.jar:/home/user/.m2/repository/com/sun/jersey/jersey-server/1.19/jersey-server-1.19.jar:/home/user/.m2/repository/javax/servlet/javax.servlet-api/3.1.0/javax.servlet-api-3.1.0.jar:/home/user/.m2/repository/org/eclipse/jetty/jetty-server/9.4.34.v20201102/jetty-server-9.4.34.v20201102.jar:/home/user/.m2/repository/org/eclipse/jetty/jetty-http/9.4.34.v20201102/jetty-http-9.4.34.v20201102.jar:/home/user/.m2/repository/org/eclipse/jetty/jetty-io/9.4.34.v20201102/jetty-io-9.4.34.v20201102.jar:/home/user/.m2/repository/org/eclipse/jetty/jetty-webapp/9.4.34.v20201102/jetty-webapp-9.4.34.v20201102.jar:/home/user/.m2/repository/org/eclipse/jetty/jetty-xml/9.4.34.v20201102/jetty-xml-9.4.34.v20201102.jar:/home/user/.m2/repository/org/apache/hadoop/hadoop-common/3.2.1/hadoop-common-3.2.1.jar:/home/user/.m2/repository/commons-net/commons-net/3.6/commons-net-3.6.jar:/home/user/.m2/repository/com/sun/jersey/jersey-servlet/1.19/jersey-servlet-1.19.jar:/home/user/.m2/repository/com/sun/jersey/jersey-json/1.19/jersey-json-1.19.jar:/home/user/.m2/repository/org/codehaus/jettison/jettison/1.1/jettison-1.1.jar:/home/user/.m2/repository/org/codehaus/jackson/jackson-jaxrs/1.9.2/jackson-jaxrs-1.9.2.jar:/home/user/.m2/repository/org/codehaus/jackson/jackson-xc/1.9.2/jackson-xc-1.9.2.jar:/home/user/.m2/repository/org/apache/commons/commons-configuration2/2.1.1/commons-configuration2-2.1.1.jar:/home/user/.m2/repository/org/apache/commons/commons-text/1.4/commons-text-1.4.jar:/home/user/.m2/repository/com/google/re2j/re2j/1.1/re2j-1.1.jar:/home/user/.m2/repository/com/jcraft/jsch/0.1.54/jsch-0.1.54.jar:/home/user/.m2/repository/org/apache/curator/curator-client/2.13.0/curator-client-2.13.0.jar:/home/user/.m2/repository/org/apache/curator/curator-recipes/2.13.0/curator-recipes-2.13.0.jar:/home/user/.m2/repository/dnsjava/dnsjava/2.1.7/dnsjava-2.1.7.jar:/home/user/.m2/repository/org/slf4j/jul-to-slf4j/1.7.30/jul-to-slf4j-1.7.30.jar:/home/user/.m2/repository/org/eclipse/jetty/jetty-util/9.4.34.v20201102/jetty-util-9.4.34.v20201102.jar:/home/user/.m2/repository/com/fasterxml/jackson/core/jackson-databind/2.10.3/jackson-databind-2.10.3.jar:/home/user/.m2/repository/org/apache/hadoop/hadoop-kms/3.2.1/hadoop-kms-3.2.1-tests.jar:/home/user/.m2/repository/org/apache/hadoop/hadoop-hdds-server-scm/1.1.0-SNAPSHOT/hadoop-hdds-server-scm-1.1.0-SNAPSHOT-tests.jar:/home/user/.m2/repository/org/apache/hadoop/hadoop-hdds-container-service/1.1.0-SNAPSHOT/hadoop-hdds-container-service-1.1.0-SNAPSHOT-tests.jar:/home/user/.m2/repository/commons-codec/commons-codec/1.11/commons-codec-1.11.jar:/home/user/.m2/repository/org/apache/hadoop/hadoop-hdds-hadoop-dependency-test/1.1.0-SNAPSHOT/hadoop-hdds-hadoop-dependency-test-1.1.0-SNAPSHOT.jar:/home/user/.m2/repository/org/apache/hadoop/hadoop-common/3.2.1/hadoop-common-3.2.1-tests.jar:/home/user/.m2/repository/org/apache/hadoop/hadoop-hdfs/3.2.1/hadoop-hdfs-3.2.1-tests.jar:/home/user/.m2/repository/org/eclipse/jetty/jetty-util-ajax/9.4.34.v20201102/jetty-util-ajax-9.4.34.v20201102.jar:/home/user/.m2/repository/commons-daemon/commons-daemon/1.0.13/commons-daemon-1.0.13.jar:/home/user/.m2/repository/io/netty/netty/3.10.5.Final/netty-3.10.5.Final.jar:/home/user/.m2/repository/io/netty/netty-all/4.1.48.Final/netty-all-4.1.48.Final.jar:/home/user/.m2/repository/org/apache/htrace/htrace-core4/4.1.0-incubating/htrace-core4-4.1.0-incubating.jar:/home/user/.m2/repository/org/apache/hadoop/hadoop-distcp/3.2.1/hadoop-distcp-3.2.1.jar:/home/user/.m2/repository/org/apache/hadoop/hadoop-mapreduce-client-jobclient/3.2.1/hadoop-mapreduce-client-jobclient-3.2.1.jar:/home/user/.m2/repository/org/apache/hadoop/hadoop-mapreduce-client-common/3.2.1/hadoop-mapreduce-client-common-3.2.1.jar:/home/user/.m2/repository/org/apache/hadoop/hadoop-yarn-common/3.2.1/hadoop-yarn-common-3.2.1.jar:/home/user/.m2/repository/org/apache/hadoop/hadoop-yarn-api/3.2.1/hadoop-yarn-api-3.2.1.jar:/home/user/.m2/repository/com/sun/jersey/jersey-client/1.19/jersey-client-1.19.jar:/home/user/.m2/repository/com/sun/jersey/contribs/jersey-guice/1.19/jersey-guice-1.19.jar:/home/user/.m2/repository/com/fasterxml/jackson/jaxrs/jackson-jaxrs-json-provider/2.10.3/jackson-jaxrs-json-provider-2.10.3.jar:/home/user/.m2/repository/com/fasterxml/jackson/jaxrs/jackson-jaxrs-base/2.10.3/jackson-jaxrs-base-2.10.3.jar:/home/user/.m2/repository/org/apache/hadoop/hadoop-yarn-client/3.2.1/hadoop-yarn-client-3.2.1.jar:/home/user/.m2/repository/org/apache/hadoop/hadoop-mapreduce-client-core/3.2.1/hadoop-mapreduce-client-core-3.2.1.jar:/home/user/.m2/repository/org/apache/avro/avro/1.7.7/avro-1.7.7.jar:/home/user/.m2/repository/org/codehaus/jackson/jackson-core-asl/1.9.13/jackson-core-asl-1.9.13.jar:/home/user/.m2/repository/org/codehaus/jackson/jackson-mapper-asl/1.9.13/jackson-mapper-asl-1.9.13.jar:/home/user/.m2/repository/com/thoughtworks/paranamer/paranamer/2.3/paranamer-2.3.jar:/home/user/.m2/repository/org/xerial/snappy/snappy-java/1.0.5/snappy-java-1.0.5.jar:/home/user/.m2/repository/org/apache/hadoop/hadoop-annotations/3.2.1/hadoop-annotations-3.2.1.jar:/usr/lib/jvm/java-1.8.0-openjdk-1.8.0.232.b09-0.el7_7.x86_64/jre/../lib/tools.jar:/home/user/.m2/repository/org/apache/hadoop/hadoop-distcp/3.2.1/hadoop-distcp-3.2.1-tests.jar:"/>
    <property name="java.vm.vendor" value="Oracle Corporation"/>
    <property name="sun.arch.data.model" value="64"/>
    <property name="test.build.dir" value="/github/workspace/mnt/ozone/hadoop-ozone/integration-test/target/test-dir"/>
    <property name="test.cache.data" value=""/>
    <property name="java.vendor.url" value="http://java.oracle.com/"/>
    <property name="user.timezone" value=""/>
    <property name="java.vm.specification.version" value="1.8"/>
    <property name="os.name" value="Linux"/>
    <property name="test.build.data" value="/github/workspace/mnt/ozone/hadoop-ozone/integration-test/target/test-dir"/>
    <property name="user.country" value="US"/>
    <property name="sun.java.launcher" value="SUN_STANDARD"/>
    <property name="sun.boot.library.path" value="/usr/lib/jvm/java-1.8.0-openjdk-1.8.0.232.b09-0.el7_7.x86_64/jre/lib/amd64"/>
    <property name="sun.java.command" value="/github/workspace/mnt/ozone/hadoop-ozone/integration-test/target/surefire/surefirebooter481589523117735749.jar /github/workspace/mnt/ozone/hadoop-ozone/integration-test/target/surefire 2020-12-11T13-45-06_208-jvmRun1 surefire74918805399215407tmp surefire_158401919751793508978tmp"/>
    <property name="surefire.test.class.path" value="/github/workspace/mnt/ozone/hadoop-ozone/integration-test/target/test-classes:/github/workspace/mnt/ozone/hadoop-ozone/integration-test/target/classes:/home/user/.m2/repository/org/apache/hadoop/hadoop-ozone-common/1.1.0-SNAPSHOT/hadoop-ozone-common-1.1.0-SNAPSHOT.jar:/home/user/.m2/repository/org/apache/commons/commons-compress/1.4.1/commons-compress-1.4.1.jar:/home/user/.m2/repository/org/tukaani/xz/1.0/xz-1.0.jar:/home/user/.m2/repository/org/apache/hadoop/hadoop-hdds-common/1.1.0-SNAPSHOT/hadoop-hdds-common-1.1.0-SNAPSHOT.jar:/home/user/.m2/repository/org/apache/hadoop/hadoop-hdds-client/1.1.0-SNAPSHOT/hadoop-hdds-client-1.1.0-SNAPSHOT.jar:/home/user/.m2/repository/org/apache/hadoop/hadoop-ozone-interface-client/1.1.0-SNAPSHOT/hadoop-ozone-interface-client-1.1.0-SNAPSHOT.jar:/home/user/.m2/repository/org/apache/hadoop/hadoop-hdds-test-utils/1.1.0-SNAPSHOT/hadoop-hdds-test-utils-1.1.0-SNAPSHOT.jar:/home/user/.m2/repository/com/google/guava/guava/28.2-jre/guava-28.2-jre.jar:/home/user/.m2/repository/com/google/guava/failureaccess/1.0.1/failureaccess-1.0.1.jar:/home/user/.m2/repository/com/google/guava/listenablefuture/9999.0-empty-to-avoid-conflict-with-guava/listenablefuture-9999.0-empty-to-avoid-conflict-with-guava.jar:/home/user/.m2/repository/com/google/code/findbugs/jsr305/3.0.0/jsr305-3.0.0.jar:/home/user/.m2/repository/org/checkerframework/checker-qual/2.10.0/checker-qual-2.10.0.jar:/home/user/.m2/repository/com/google/errorprone/error_prone_annotations/2.2.0/error_prone_annotations-2.2.0.jar:/home/user/.m2/repository/com/google/j2objc/j2objc-annotations/1.3/j2objc-annotations-1.3.jar:/home/user/.m2/repository/commons-io/commons-io/2.5/commons-io-2.5.jar:/home/user/.m2/repository/commons-logging/commons-logging/1.2/commons-logging-1.2.jar:/home/user/.m2/repository/log4j/log4j/1.2.17/log4j-1.2.17.jar:/home/user/.m2/repository/org/slf4j/slf4j-api/1.7.30/slf4j-api-1.7.30.jar:/home/user/.m2/repository/org/apache/hadoop/hadoop-hdds-server-scm/1.1.0-SNAPSHOT/hadoop-hdds-server-scm-1.1.0-SNAPSHOT.jar:/home/user/.m2/repository/org/apache/hadoop/hadoop-hdds-container-service/1.1.0-SNAPSHOT/hadoop-hdds-container-service-1.1.0-SNAPSHOT.jar:/home/user/.m2/repository/org/apache/hadoop/hadoop-hdds-hadoop-dependency-server/1.1.0-SNAPSHOT/hadoop-hdds-hadoop-dependency-server-1.1.0-SNAPSHOT.jar:/home/user/.m2/repository/org/apache/hadoop/hadoop-hdfs/3.2.1/hadoop-hdfs-3.2.1.jar:/home/user/.m2/repository/org/apache/hadoop/hadoop-hdds-server-framework/1.1.0-SNAPSHOT/hadoop-hdds-server-framework-1.1.0-SNAPSHOT.jar:/home/user/.m2/repository/org/apache/hadoop/hadoop-hdds-interface-server/1.1.0-SNAPSHOT/hadoop-hdds-interface-server-1.1.0-SNAPSHOT.jar:/home/user/.m2/repository/org/apache/hadoop/hadoop-hdds-interface-admin/1.1.0-SNAPSHOT/hadoop-hdds-interface-admin-1.1.0-SNAPSHOT.jar:/home/user/.m2/repository/org/eclipse/jetty/jetty-servlet/9.4.34.v20201102/jetty-servlet-9.4.34.v20201102.jar:/home/user/.m2/repository/org/eclipse/jetty/jetty-security/9.4.34.v20201102/jetty-security-9.4.34.v20201102.jar:/home/user/.m2/repository/org/rocksdb/rocksdbjni/6.8.1/rocksdbjni-6.8.1.jar:/home/user/.m2/repository/io/prometheus/simpleclient_dropwizard/0.7.0/simpleclient_dropwizard-0.7.0.jar:/home/user/.m2/repository/io/prometheus/simpleclient/0.7.0/simpleclient-0.7.0.jar:/home/user/.m2/repository/io/prometheus/simpleclient_common/0.7.0/simpleclient_common-0.7.0.jar:/home/user/.m2/repository/com/fasterxml/jackson/datatype/jackson-datatype-jsr310/2.10.3/jackson-datatype-jsr310-2.10.3.jar:/home/user/.m2/repository/io/dropwizard/metrics/metrics-core/3.2.4/metrics-core-3.2.4.jar:/home/user/.m2/repository/org/apache/hadoop/hadoop-hdfs-client/3.2.1/hadoop-hdfs-client-3.2.1.jar:/home/user/.m2/repository/org/bouncycastle/bcprov-jdk15on/1.60/bcprov-jdk15on-1.60.jar:/home/user/.m2/repository/org/apache/hadoop/hadoop-ozone-ozone-manager/1.1.0-SNAPSHOT/hadoop-ozone-ozone-manager-1.1.0-SNAPSHOT.jar:/home/user/.m2/repository/org/apache/hadoop/hadoop-hdds-interface-client/1.1.0-SNAPSHOT/hadoop-hdds-interface-client-1.1.0-SNAPSHOT.jar:/home/user/.m2/repository/org/apache/ratis/ratis-thirdparty-misc/0.6.0-SNAPSHOT/ratis-thirdparty-misc-0.6.0-SNAPSHOT.jar:/home/user/.m2/repository/org/apache/hadoop/hadoop-ozone-interface-storage/1.1.0-SNAPSHOT/hadoop-ozone-interface-storage-1.1.0-SNAPSHOT.jar:/home/user/.m2/repository/org/apache/hadoop/hadoop-minikdc/3.2.1/hadoop-minikdc-3.2.1.jar:/home/user/.m2/repository/org/apache/kerby/kerb-simplekdc/1.0.1/kerb-simplekdc-1.0.1.jar:/home/user/.m2/repository/org/apache/kerby/kerb-client/1.0.1/kerb-client-1.0.1.jar:/home/user/.m2/repository/org/apache/kerby/kerby-config/1.0.1/kerby-config-1.0.1.jar:/home/user/.m2/repository/org/apache/kerby/kerb-core/1.0.1/kerb-core-1.0.1.jar:/home/user/.m2/repository/org/apache/kerby/kerby-pkix/1.0.1/kerby-pkix-1.0.1.jar:/home/user/.m2/repository/org/apache/kerby/kerby-asn1/1.0.1/kerby-asn1-1.0.1.jar:/home/user/.m2/repository/org/apache/kerby/kerby-util/1.0.1/kerby-util-1.0.1.jar:/home/user/.m2/repository/org/apache/kerby/kerb-common/1.0.1/kerb-common-1.0.1.jar:/home/user/.m2/repository/org/apache/kerby/kerb-crypto/1.0.1/kerb-crypto-1.0.1.jar:/home/user/.m2/repository/org/apache/kerby/kerb-util/1.0.1/kerb-util-1.0.1.jar:/home/user/.m2/repository/org/apache/kerby/token-provider/1.0.1/token-provider-1.0.1.jar:/home/user/.m2/repository/org/apache/kerby/kerb-admin/1.0.1/kerb-admin-1.0.1.jar:/home/user/.m2/repository/org/apache/kerby/kerb-server/1.0.1/kerb-server-1.0.1.jar:/home/user/.m2/repository/org/apache/kerby/kerb-identity/1.0.1/kerb-identity-1.0.1.jar:/home/user/.m2/repository/org/apache/kerby/kerby-xdr/1.0.1/kerby-xdr-1.0.1.jar:/home/user/.m2/repository/org/slf4j/slf4j-log4j12/1.7.30/slf4j-log4j12-1.7.30.jar:/home/user/.m2/repository/org/apache/hadoop/hadoop-ozone-s3gateway/1.1.0-SNAPSHOT/hadoop-ozone-s3gateway-1.1.0-SNAPSHOT.jar:/home/user/.m2/repository/org/jboss/weld/servlet/weld-servlet/2.4.7.Final/weld-servlet-2.4.7.Final.jar:/home/user/.m2/repository/org/glassfish/jersey/containers/jersey-container-servlet-core/2.27/jersey-container-servlet-core-2.27.jar:/home/user/.m2/repository/org/glassfish/hk2/external/javax.inject/2.5.0-b42/javax.inject-2.5.0-b42.jar:/home/user/.m2/repository/org/glassfish/jersey/core/jersey-common/2.27/jersey-common-2.27.jar:/home/user/.m2/repository/org/glassfish/hk2/osgi-resource-locator/1.0.1/osgi-resource-locator-1.0.1.jar:/home/user/.m2/repository/javax/ws/rs/javax.ws.rs-api/2.1/javax.ws.rs-api-2.1.jar:/home/user/.m2/repository/org/glassfish/jersey/ext/cdi/jersey-cdi1x/2.27/jersey-cdi1x-2.27.jar:/home/user/.m2/repository/org/glassfish/jersey/inject/jersey-hk2/2.27/jersey-hk2-2.27.jar:/home/user/.m2/repository/org/glassfish/hk2/hk2-locator/2.5.0-b42/hk2-locator-2.5.0-b42.jar:/home/user/.m2/repository/org/javassist/javassist/3.22.0-CR2/javassist-3.22.0-CR2.jar:/home/user/.m2/repository/org/glassfish/hk2/hk2-api/2.5.0/hk2-api-2.5.0.jar:/home/user/.m2/repository/org/glassfish/hk2/external/jakarta.inject/2.5.0/jakarta.inject-2.5.0.jar:/home/user/.m2/repository/org/glassfish/hk2/hk2-utils/2.5.0/hk2-utils-2.5.0.jar:/home/user/.m2/repository/jakarta/annotation/jakarta.annotation-api/1.3.4/jakarta.annotation-api-1.3.4.jar:/home/user/.m2/repository/org/glassfish/hk2/external/aopalliance-repackaged/2.5.0/aopalliance-repackaged-2.5.0.jar:/home/user/.m2/repository/com/fasterxml/jackson/dataformat/jackson-dataformat-xml/2.10.3/jackson-dataformat-xml-2.10.3.jar:/home/user/.m2/repository/com/fasterxml/jackson/core/jackson-core/2.10.3/jackson-core-2.10.3.jar:/home/user/.m2/repository/com/fasterxml/jackson/module/jackson-module-jaxb-annotations/2.10.3/jackson-module-jaxb-annotations-2.10.3.jar:/home/user/.m2/repository/jakarta/xml/bind/jakarta.xml.bind-api/2.3.2/jakarta.xml.bind-api-2.3.2.jar:/home/user/.m2/repository/jakarta/activation/jakarta.activation-api/1.2.1/jakarta.activation-api-1.2.1.jar:/home/user/.m2/repository/org/codehaus/woodstox/stax2-api/3.1.4/stax2-api-3.1.4.jar:/home/user/.m2/repository/com/fasterxml/woodstox/woodstox-core/5.0.3/woodstox-core-5.0.3.jar:/home/user/.m2/repository/javax/enterprise/cdi-api/1.2/cdi-api-1.2.jar:/home/user/.m2/repository/javax/el/javax.el-api/3.0.0/javax.el-api-3.0.0.jar:/home/user/.m2/repository/javax/interceptor/javax.interceptor-api/1.2/javax.interceptor-api-1.2.jar:/home/user/.m2/repository/javax/inject/javax.inject/1/javax.inject-1.jar:/home/user/.m2/repository/com/sun/xml/bind/jaxb-impl/2.3.0.1/jaxb-impl-2.3.0.1.jar:/home/user/.m2/repository/com/sun/xml/bind/jaxb-core/2.3.0.1/jaxb-core-2.3.0.1.jar:/home/user/.m2/repository/javax/xml/bind/jaxb-api/2.3.0/jaxb-api-2.3.0.jar:/home/user/.m2/repository/javax/activation/activation/1.1.1/activation-1.1.1.jar:/home/user/.m2/repository/org/apache/hadoop/hadoop-ozone-csi/1.1.0-SNAPSHOT/hadoop-ozone-csi-1.1.0-SNAPSHOT.jar:/home/user/.m2/repository/com/google/protobuf/protobuf-java-util/3.11.0/protobuf-java-util-3.11.0.jar:/home/user/.m2/repository/com/google/code/gson/gson/2.2.4/gson-2.2.4.jar:/home/user/.m2/repository/org/apache/hadoop/hadoop-hdds-config/1.1.0-SNAPSHOT/hadoop-hdds-config-1.1.0-SNAPSHOT.jar:/home/user/.m2/repository/com/google/protobuf/protobuf-java/2.5.0/protobuf-java-2.5.0.jar:/home/user/.m2/repository/io/grpc/grpc-netty/1.29.0/grpc-netty-1.29.0.jar:/home/user/.m2/repository/io/grpc/grpc-core/1.29.0/grpc-core-1.29.0.jar:/home/user/.m2/repository/com/google/android/annotations/4.1.1.4/annotations-4.1.1.4.jar:/home/user/.m2/repository/io/perfmark/perfmark-api/0.19.0/perfmark-api-0.19.0.jar:/home/user/.m2/repository/io/netty/netty-codec-http2/4.1.48.Final/netty-codec-http2-4.1.48.Final.jar:/home/user/.m2/repository/io/netty/netty-codec/4.1.48.Final/netty-codec-4.1.48.Final.jar:/home/user/.m2/repository/io/netty/netty-handler/4.1.48.Final/netty-handler-4.1.48.Final.jar:/home/user/.m2/repository/io/netty/netty-codec-http/4.1.48.Final/netty-codec-http-4.1.48.Final.jar:/home/user/.m2/repository/io/netty/netty-handler-proxy/4.1.48.Final/netty-handler-proxy-4.1.48.Final.jar:/home/user/.m2/repository/io/netty/netty-codec-socks/4.1.48.Final/netty-codec-socks-4.1.48.Final.jar:/home/user/.m2/repository/io/netty/netty-transport-native-epoll/4.1.48.Final/netty-transport-native-epoll-4.1.48.Final.jar:/home/user/.m2/repository/io/netty/netty-common/4.1.48.Final/netty-common-4.1.48.Final.jar:/home/user/.m2/repository/io/netty/netty-buffer/4.1.48.Final/netty-buffer-4.1.48.Final.jar:/home/user/.m2/repository/io/netty/netty-transport/4.1.48.Final/netty-transport-4.1.48.Final.jar:/home/user/.m2/repository/io/netty/netty-resolver/4.1.48.Final/netty-resolver-4.1.48.Final.jar:/home/user/.m2/repository/io/netty/netty-transport-native-unix-common/4.1.48.Final/netty-transport-native-unix-common-4.1.48.Final.jar:/home/user/.m2/repository/io/grpc/grpc-protobuf/1.29.0/grpc-protobuf-1.29.0.jar:/home/user/.m2/repository/io/grpc/grpc-api/1.29.0/grpc-api-1.29.0.jar:/home/user/.m2/repository/io/grpc/grpc-context/1.29.0/grpc-context-1.29.0.jar:/home/user/.m2/repository/org/codehaus/mojo/animal-sniffer-annotations/1.18/animal-sniffer-annotations-1.18.jar:/home/user/.m2/repository/com/google/api/grpc/proto-google-common-protos/1.17.0/proto-google-common-protos-1.17.0.jar:/home/user/.m2/repository/io/grpc/grpc-protobuf-lite/1.29.0/grpc-protobuf-lite-1.29.0.jar:/home/user/.m2/repository/io/grpc/grpc-stub/1.29.0/grpc-stub-1.29.0.jar:/home/user/.m2/repository/org/apache/hadoop/hadoop-ozone-recon/1.1.0-SNAPSHOT/hadoop-ozone-recon-1.1.0-SNAPSHOT.jar:/home/user/.m2/repository/org/apache/hadoop/hadoop-ozone-reconcodegen/1.1.0-SNAPSHOT/hadoop-ozone-reconcodegen-1.1.0-SNAPSHOT.jar:/home/user/.m2/repository/com/google/inject/extensions/guice-multibindings/4.0/guice-multibindings-4.0.jar:/home/user/.m2/repository/com/google/inject/guice/4.0/guice-4.0.jar:/home/user/.m2/repository/aopalliance/aopalliance/1.0/aopalliance-1.0.jar:/home/user/.m2/repository/com/google/inject/extensions/guice-assistedinject/4.0/guice-assistedinject-4.0.jar:/home/user/.m2/repository/com/google/inject/extensions/guice-servlet/4.0/guice-servlet-4.0.jar:/home/user/.m2/repository/org/glassfish/jersey/containers/jersey-container-servlet/2.27/jersey-container-servlet-2.27.jar:/home/user/.m2/repository/org/glassfish/hk2/guice-bridge/2.5.0/guice-bridge-2.5.0.jar:/home/user/.m2/repository/org/glassfish/jersey/core/jersey-server/2.27/jersey-server-2.27.jar:/home/user/.m2/repository/org/glassfish/jersey/core/jersey-client/2.27/jersey-client-2.27.jar:/home/user/.m2/repository/org/glassfish/jersey/media/jersey-media-jaxb/2.27/jersey-media-jaxb-2.27.jar:/home/user/.m2/repository/javax/validation/validation-api/1.1.0.Final/validation-api-1.1.0.Final.jar:/home/user/.m2/repository/org/glassfish/jersey/media/jersey-media-json-jackson/2.27/jersey-media-json-jackson-2.27.jar:/home/user/.m2/repository/org/glassfish/jersey/ext/jersey-entity-filtering/2.27/jersey-entity-filtering-2.27.jar:/home/user/.m2/repository/org/jooq/jooq/3.11.10/jooq-3.11.10.jar:/home/user/.m2/repository/org/jooq/jooq-meta/3.11.10/jooq-meta-3.11.10.jar:/home/user/.m2/repository/org/jooq/jooq-codegen/3.11.10/jooq-codegen-3.11.10.jar:/home/user/.m2/repository/com/jolbox/bonecp/0.8.0.RELEASE/bonecp-0.8.0.RELEASE.jar:/home/user/.m2/repository/org/apache/derby/derby/10.14.2.0/derby-10.14.2.0.jar:/home/user/.m2/repository/org/xerial/sqlite-jdbc/3.25.2/sqlite-jdbc-3.25.2.jar:/home/user/.m2/repository/org/springframework/spring-jdbc/5.2.11.RELEASE/spring-jdbc-5.2.11.RELEASE.jar:/home/user/.m2/repository/org/springframework/spring-beans/5.2.11.RELEASE/spring-beans-5.2.11.RELEASE.jar:/home/user/.m2/repository/org/springframework/spring-core/5.2.11.RELEASE/spring-core-5.2.11.RELEASE.jar:/home/user/.m2/repository/org/springframework/spring-jcl/5.2.11.RELEASE/spring-jcl-5.2.11.RELEASE.jar:/home/user/.m2/repository/org/springframework/spring-tx/5.2.11.RELEASE/spring-tx-5.2.11.RELEASE.jar:/home/user/.m2/repository/org/apache/hadoop/hadoop-ozone-client/1.1.0-SNAPSHOT/hadoop-ozone-client-1.1.0-SNAPSHOT.jar:/home/user/.m2/repository/org/apache/hadoop/hadoop-ozone-filesystem/1.1.0-SNAPSHOT/hadoop-ozone-filesystem-1.1.0-SNAPSHOT.jar:/home/user/.m2/repository/org/apache/hadoop/hadoop-ozone-filesystem-common/1.1.0-SNAPSHOT/hadoop-ozone-filesystem-common-1.1.0-SNAPSHOT.jar:/home/user/.m2/repository/org/apache/hadoop/hadoop-ozone-tools/1.1.0-SNAPSHOT/hadoop-ozone-tools-1.1.0-SNAPSHOT.jar:/home/user/.m2/repository/org/apache/ratis/ratis-tools/1.1.0-913f5a4-SNAPSHOT/ratis-tools-1.1.0-913f5a4-SNAPSHOT.jar:/home/user/.m2/repository/org/apache/ratis/ratis-proto/1.1.0-913f5a4-SNAPSHOT/ratis-proto-1.1.0-913f5a4-SNAPSHOT.jar:/home/user/.m2/repository/org/apache/ratis/ratis-common/1.1.0-913f5a4-SNAPSHOT/ratis-common-1.1.0-913f5a4-SNAPSHOT.jar:/home/user/.m2/repository/com/amazonaws/aws-java-sdk-core/1.11.901/aws-java-sdk-core-1.11.901.jar:/home/user/.m2/repository/org/apache/httpcomponents/httpclient/4.5.13/httpclient-4.5.13.jar:/home/user/.m2/repository/org/apache/httpcomponents/httpcore/4.4.13/httpcore-4.4.13.jar:/home/user/.m2/repository/software/amazon/ion/ion-java/1.0.2/ion-java-1.0.2.jar:/home/user/.m2/repository/com/fasterxml/jackson/dataformat/jackson-dataformat-cbor/2.10.3/jackson-dataformat-cbor-2.10.3.jar:/home/user/.m2/repository/joda-time/joda-time/2.8.1/joda-time-2.8.1.jar:/home/user/.m2/repository/com/amazonaws/aws-java-sdk-s3/1.11.901/aws-java-sdk-s3-1.11.901.jar:/home/user/.m2/repository/com/amazonaws/aws-java-sdk-kms/1.11.901/aws-java-sdk-kms-1.11.901.jar:/home/user/.m2/repository/com/amazonaws/jmespath-java/1.11.901/jmespath-java-1.11.901.jar:/home/user/.m2/repository/org/kohsuke/metainf-services/metainf-services/1.8/metainf-services-1.8.jar:/home/user/.m2/repository/org/apache/hadoop/hadoop-hdds-tools/1.1.0-SNAPSHOT/hadoop-hdds-tools-1.1.0-SNAPSHOT.jar:/home/user/.m2/repository/commons-cli/commons-cli/1.2/commons-cli-1.2.jar:/home/user/.m2/repository/org/apache/commons/commons-lang3/3.7/commons-lang3-3.7.jar:/home/user/.m2/repository/org/apache/hadoop/hadoop-ozone-ozone-manager/1.1.0-SNAPSHOT/hadoop-ozone-ozone-manager-1.1.0-SNAPSHOT-tests.jar:/home/user/.m2/repository/org/apache/hadoop/hadoop-hdds-common/1.1.0-SNAPSHOT/hadoop-hdds-common-1.1.0-SNAPSHOT-tests.jar:/home/user/.m2/repository/org/apache/hadoop/hadoop-hdds-hadoop-dependency-client/1.1.0-SNAPSHOT/hadoop-hdds-hadoop-dependency-client-1.1.0-SNAPSHOT.jar:/home/user/.m2/repository/info/picocli/picocli/4.4.0/picocli-4.4.0.jar:/home/user/.m2/repository/com/fasterxml/jackson/core/jackson-annotations/2.10.3/jackson-annotations-2.10.3.jar:/home/user/.m2/repository/javax/annotation/javax.annotation-api/1.2/javax.annotation-api-1.2.jar:/home/user/.m2/repository/org/fusesource/leveldbjni/leveldbjni-all/1.8/leveldbjni-all-1.8.jar:/home/user/.m2/repository/org/apache/ratis/ratis-server/1.1.0-913f5a4-SNAPSHOT/ratis-server-1.1.0-913f5a4-SNAPSHOT.jar:/home/user/.m2/repository/org/apache/ratis/ratis-client/1.1.0-913f5a4-SNAPSHOT/ratis-client-1.1.0-913f5a4-SNAPSHOT.jar:/home/user/.m2/repository/org/apache/ratis/ratis-metrics/1.1.0-913f5a4-SNAPSHOT/ratis-metrics-1.1.0-913f5a4-SNAPSHOT.jar:/home/user/.m2/repository/org/apache/ratis/ratis-netty/1.1.0-913f5a4-SNAPSHOT/ratis-netty-1.1.0-913f5a4-SNAPSHOT.jar:/home/user/.m2/repository/org/apache/ratis/ratis-grpc/1.1.0-913f5a4-SNAPSHOT/ratis-grpc-1.1.0-913f5a4-SNAPSHOT.jar:/home/user/.m2/repository/org/apache/logging/log4j/log4j-api/2.13.3/log4j-api-2.13.3.jar:/home/user/.m2/repository/org/apache/logging/log4j/log4j-core/2.13.3/log4j-core-2.13.3.jar:/home/user/.m2/repository/com/lmax/disruptor/3.4.2/disruptor-3.4.2.jar:/home/user/.m2/repository/org/apache/commons/commons-pool2/2.6.0/commons-pool2-2.6.0.jar:/home/user/.m2/repository/org/bouncycastle/bcpkix-jdk15on/1.60/bcpkix-jdk15on-1.60.jar:/home/user/.m2/repository/commons-validator/commons-validator/1.6/commons-validator-1.6.jar:/home/user/.m2/repository/commons-beanutils/commons-beanutils/1.9.4/commons-beanutils-1.9.4.jar:/home/user/.m2/repository/commons-digester/commons-digester/1.8.1/commons-digester-1.8.1.jar:/home/user/.m2/repository/commons-collections/commons-collections/3.2.2/commons-collections-3.2.2.jar:/home/user/.m2/repository/io/jaegertracing/jaeger-client/1.2.0/jaeger-client-1.2.0.jar:/home/user/.m2/repository/io/jaegertracing/jaeger-thrift/1.2.0/jaeger-thrift-1.2.0.jar:/home/user/.m2/repository/org/apache/thrift/libthrift/0.13.0/libthrift-0.13.0.jar:/home/user/.m2/repository/com/squareup/okhttp3/okhttp/4.2.2/okhttp-4.2.2.jar:/home/user/.m2/repository/com/squareup/okio/okio/2.2.2/okio-2.2.2.jar:/home/user/.m2/repository/org/jetbrains/kotlin/kotlin-stdlib/1.3.50/kotlin-stdlib-1.3.50.jar:/home/user/.m2/repository/org/jetbrains/kotlin/kotlin-stdlib-common/1.3.50/kotlin-stdlib-common-1.3.50.jar:/home/user/.m2/repository/org/jetbrains/annotations/13.0/annotations-13.0.jar:/home/user/.m2/repository/io/jaegertracing/jaeger-core/1.2.0/jaeger-core-1.2.0.jar:/home/user/.m2/repository/io/jaegertracing/jaeger-tracerresolver/1.2.0/jaeger-tracerresolver-1.2.0.jar:/home/user/.m2/repository/io/opentracing/contrib/opentracing-tracerresolver/0.1.8/opentracing-tracerresolver-0.1.8.jar:/home/user/.m2/repository/io/opentracing/opentracing-util/0.33.0/opentracing-util-0.33.0.jar:/home/user/.m2/repository/io/opentracing/opentracing-api/0.33.0/opentracing-api-0.33.0.jar:/home/user/.m2/repository/io/opentracing/opentracing-noop/0.33.0/opentracing-noop-0.33.0.jar:/home/user/.m2/repository/org/yaml/snakeyaml/1.26/snakeyaml-1.26.jar:/home/user/.m2/repository/junit/junit/4.11/junit-4.11.jar:/home/user/.m2/repository/org/hamcrest/hamcrest-core/1.3/hamcrest-core-1.3.jar:/home/user/.m2/repository/org/openjdk/jmh/jmh-core/1.19/jmh-core-1.19.jar:/home/user/.m2/repository/net/sf/jopt-simple/jopt-simple/4.6/jopt-simple-4.6.jar:/home/user/.m2/repository/org/apache/commons/commons-math3/3.1.1/commons-math3-3.1.1.jar:/home/user/.m2/repository/org/openjdk/jmh/jmh-generator-annprocess/1.19/jmh-generator-annprocess-1.19.jar:/home/user/.m2/repository/org/mockito/mockito-all/1.8.5/mockito-all-1.8.5.jar:/home/user/.m2/repository/org/apache/hadoop/hadoop-kms/3.2.1/hadoop-kms-3.2.1.jar:/home/user/.m2/repository/org/apache/hadoop/hadoop-auth/3.2.1/hadoop-auth-3.2.1.jar:/home/user/.m2/repository/com/nimbusds/nimbus-jose-jwt/7.9/nimbus-jose-jwt-7.9.jar:/home/user/.m2/repository/com/github/stephenc/jcip/jcip-annotations/1.0-1/jcip-annotations-1.0-1.jar:/home/user/.m2/repository/net/minidev/json-smart/2.3/json-smart-2.3.jar:/home/user/.m2/repository/net/minidev/accessors-smart/1.2/accessors-smart-1.2.jar:/home/user/.m2/repository/org/ow2/asm/asm/5.0.4/asm-5.0.4.jar:/home/user/.m2/repository/org/apache/zookeeper/zookeeper/3.4.13/zookeeper-3.4.13.jar:/home/user/.m2/repository/org/apache/yetus/audience-annotations/0.5.0/audience-annotations-0.5.0.jar:/home/user/.m2/repository/org/apache/curator/curator-framework/2.13.0/curator-framework-2.13.0.jar:/home/user/.m2/repository/com/sun/jersey/jersey-core/1.19/jersey-core-1.19.jar:/home/user/.m2/repository/javax/ws/rs/jsr311-api/1.1.1/jsr311-api-1.1.1.jar:/home/user/.m2/repository/com/sun/jersey/jersey-server/1.19/jersey-server-1.19.jar:/home/user/.m2/repository/javax/servlet/javax.servlet-api/3.1.0/javax.servlet-api-3.1.0.jar:/home/user/.m2/repository/org/eclipse/jetty/jetty-server/9.4.34.v20201102/jetty-server-9.4.34.v20201102.jar:/home/user/.m2/repository/org/eclipse/jetty/jetty-http/9.4.34.v20201102/jetty-http-9.4.34.v20201102.jar:/home/user/.m2/repository/org/eclipse/jetty/jetty-io/9.4.34.v20201102/jetty-io-9.4.34.v20201102.jar:/home/user/.m2/repository/org/eclipse/jetty/jetty-webapp/9.4.34.v20201102/jetty-webapp-9.4.34.v20201102.jar:/home/user/.m2/repository/org/eclipse/jetty/jetty-xml/9.4.34.v20201102/jetty-xml-9.4.34.v20201102.jar:/home/user/.m2/repository/org/apache/hadoop/hadoop-common/3.2.1/hadoop-common-3.2.1.jar:/home/user/.m2/repository/commons-net/commons-net/3.6/commons-net-3.6.jar:/home/user/.m2/repository/com/sun/jersey/jersey-servlet/1.19/jersey-servlet-1.19.jar:/home/user/.m2/repository/com/sun/jersey/jersey-json/1.19/jersey-json-1.19.jar:/home/user/.m2/repository/org/codehaus/jettison/jettison/1.1/jettison-1.1.jar:/home/user/.m2/repository/org/codehaus/jackson/jackson-jaxrs/1.9.2/jackson-jaxrs-1.9.2.jar:/home/user/.m2/repository/org/codehaus/jackson/jackson-xc/1.9.2/jackson-xc-1.9.2.jar:/home/user/.m2/repository/org/apache/commons/commons-configuration2/2.1.1/commons-configuration2-2.1.1.jar:/home/user/.m2/repository/org/apache/commons/commons-text/1.4/commons-text-1.4.jar:/home/user/.m2/repository/com/google/re2j/re2j/1.1/re2j-1.1.jar:/home/user/.m2/repository/com/jcraft/jsch/0.1.54/jsch-0.1.54.jar:/home/user/.m2/repository/org/apache/curator/curator-client/2.13.0/curator-client-2.13.0.jar:/home/user/.m2/repository/org/apache/curator/curator-recipes/2.13.0/curator-recipes-2.13.0.jar:/home/user/.m2/repository/dnsjava/dnsjava/2.1.7/dnsjava-2.1.7.jar:/home/user/.m2/repository/org/slf4j/jul-to-slf4j/1.7.30/jul-to-slf4j-1.7.30.jar:/home/user/.m2/repository/org/eclipse/jetty/jetty-util/9.4.34.v20201102/jetty-util-9.4.34.v20201102.jar:/home/user/.m2/repository/com/fasterxml/jackson/core/jackson-databind/2.10.3/jackson-databind-2.10.3.jar:/home/user/.m2/repository/org/apache/hadoop/hadoop-kms/3.2.1/hadoop-kms-3.2.1-tests.jar:/home/user/.m2/repository/org/apache/hadoop/hadoop-hdds-server-scm/1.1.0-SNAPSHOT/hadoop-hdds-server-scm-1.1.0-SNAPSHOT-tests.jar:/home/user/.m2/repository/org/apache/hadoop/hadoop-hdds-container-service/1.1.0-SNAPSHOT/hadoop-hdds-container-service-1.1.0-SNAPSHOT-tests.jar:/home/user/.m2/repository/commons-codec/commons-codec/1.11/commons-codec-1.11.jar:/home/user/.m2/repository/org/apache/hadoop/hadoop-hdds-hadoop-dependency-test/1.1.0-SNAPSHOT/hadoop-hdds-hadoop-dependency-test-1.1.0-SNAPSHOT.jar:/home/user/.m2/repository/org/apache/hadoop/hadoop-common/3.2.1/hadoop-common-3.2.1-tests.jar:/home/user/.m2/repository/org/apache/hadoop/hadoop-hdfs/3.2.1/hadoop-hdfs-3.2.1-tests.jar:/home/user/.m2/repository/org/eclipse/jetty/jetty-util-ajax/9.4.34.v20201102/jetty-util-ajax-9.4.34.v20201102.jar:/home/user/.m2/repository/commons-daemon/commons-daemon/1.0.13/commons-daemon-1.0.13.jar:/home/user/.m2/repository/io/netty/netty/3.10.5.Final/netty-3.10.5.Final.jar:/home/user/.m2/repository/io/netty/netty-all/4.1.48.Final/netty-all-4.1.48.Final.jar:/home/user/.m2/repository/org/apache/htrace/htrace-core4/4.1.0-incubating/htrace-core4-4.1.0-incubating.jar:/home/user/.m2/repository/org/apache/hadoop/hadoop-distcp/3.2.1/hadoop-distcp-3.2.1.jar:/home/user/.m2/repository/org/apache/hadoop/hadoop-mapreduce-client-jobclient/3.2.1/hadoop-mapreduce-client-jobclient-3.2.1.jar:/home/user/.m2/repository/org/apache/hadoop/hadoop-mapreduce-client-common/3.2.1/hadoop-mapreduce-client-common-3.2.1.jar:/home/user/.m2/repository/org/apache/hadoop/hadoop-yarn-common/3.2.1/hadoop-yarn-common-3.2.1.jar:/home/user/.m2/repository/org/apache/hadoop/hadoop-yarn-api/3.2.1/hadoop-yarn-api-3.2.1.jar:/home/user/.m2/repository/com/sun/jersey/jersey-client/1.19/jersey-client-1.19.jar:/home/user/.m2/repository/com/sun/jersey/contribs/jersey-guice/1.19/jersey-guice-1.19.jar:/home/user/.m2/repository/com/fasterxml/jackson/jaxrs/jackson-jaxrs-json-provider/2.10.3/jackson-jaxrs-json-provider-2.10.3.jar:/home/user/.m2/repository/com/fasterxml/jackson/jaxrs/jackson-jaxrs-base/2.10.3/jackson-jaxrs-base-2.10.3.jar:/home/user/.m2/repository/org/apache/hadoop/hadoop-yarn-client/3.2.1/hadoop-yarn-client-3.2.1.jar:/home/user/.m2/repository/org/apache/hadoop/hadoop-mapreduce-client-core/3.2.1/hadoop-mapreduce-client-core-3.2.1.jar:/home/user/.m2/repository/org/apache/avro/avro/1.7.7/avro-1.7.7.jar:/home/user/.m2/repository/org/codehaus/jackson/jackson-core-asl/1.9.13/jackson-core-asl-1.9.13.jar:/home/user/.m2/repository/org/codehaus/jackson/jackson-mapper-asl/1.9.13/jackson-mapper-asl-1.9.13.jar:/home/user/.m2/repository/com/thoughtworks/paranamer/paranamer/2.3/paranamer-2.3.jar:/home/user/.m2/repository/org/xerial/snappy/snappy-java/1.0.5/snappy-java-1.0.5.jar:/home/user/.m2/repository/org/apache/hadoop/hadoop-annotations/3.2.1/hadoop-annotations-3.2.1.jar:/usr/lib/jvm/java-1.8.0-openjdk-1.8.0.232.b09-0.el7_7.x86_64/jre/../lib/tools.jar:/home/user/.m2/repository/org/apache/hadoop/hadoop-distcp/3.2.1/hadoop-distcp-3.2.1-tests.jar:"/>
    <property name="sun.cpu.endian" value="little"/>
    <property name="user.home" value="/home/user"/>
    <property name="user.language" value="en"/>
    <property name="java.specification.vendor" value="Oracle Corporation"/>
    <property name="java.home" value="/usr/lib/jvm/java-1.8.0-openjdk-1.8.0.232.b09-0.el7_7.x86_64/jre"/>
    <property name="java.security.krb5.conf" value="/github/workspace/mnt/ozone/hadoop-ozone/integration-test/target/test-classes/krb5.conf"/>
    <property name="basedir" value="/github/workspace/mnt/ozone/hadoop-ozone/integration-test"/>
    <property name="file.separator" value="/"/>
    <property name="line.separator" value="&#10;"/>
    <property name="java.vm.specification.vendor" value="Oracle Corporation"/>
    <property name="java.specification.name" value="Java Platform API Specification"/>
    <property name="java.awt.graphicsenv" value="sun.awt.X11GraphicsEnvironment"/>
    <property name="skip.installnpx" value="true"/>
    <property name="surefire.real.class.path" value="/github/workspace/mnt/ozone/hadoop-ozone/integration-test/target/surefire/surefirebooter481589523117735749.jar:/home/user/.m2/repository/org/jacoco/org.jacoco.agent/0.8.5/org.jacoco.agent-0.8.5-runtime.jar"/>
    <property name="hadoop.log.dir" value="/github/workspace/mnt/ozone/hadoop-ozone/integration-test/target/log"/>
    <property name="sun.boot.class.path" value="/usr/lib/jvm/java-1.8.0-openjdk-1.8.0.232.b09-0.el7_7.x86_64/jre/lib/resources.jar:/usr/lib/jvm/java-1.8.0-openjdk-1.8.0.232.b09-0.el7_7.x86_64/jre/lib/rt.jar:/usr/lib/jvm/java-1.8.0-openjdk-1.8.0.232.b09-0.el7_7.x86_64/jre/lib/sunrsasign.jar:/usr/lib/jvm/java-1.8.0-openjdk-1.8.0.232.b09-0.el7_7.x86_64/jre/lib/jsse.jar:/usr/lib/jvm/java-1.8.0-openjdk-1.8.0.232.b09-0.el7_7.x86_64/jre/lib/jce.jar:/usr/lib/jvm/java-1.8.0-openjdk-1.8.0.232.b09-0.el7_7.x86_64/jre/lib/charsets.jar:/usr/lib/jvm/java-1.8.0-openjdk-1.8.0.232.b09-0.el7_7.x86_64/jre/lib/jfr.jar:/usr/lib/jvm/java-1.8.0-openjdk-1.8.0.232.b09-0.el7_7.x86_64/jre/classes"/>
    <property name="sun.management.compiler" value="HotSpot 64-Bit Tiered Compilers"/>
    <property name="skip.npx" value="true"/>
    <property name="java.runtime.version" value="1.8.0_232-b09"/>
    <property name="java.net.preferIPv4Stack" value="true"/>
    <property name="user.name" value="jenkins1001"/>
    <property name="path.separator" value=":"/>
    <property name="java.security.egd" value="file:///dev/urandom"/>
    <property name="os.version" value="5.4.0-1031-azure"/>
    <property name="java.endorsed.dirs" value="/usr/lib/jvm/java-1.8.0-openjdk-1.8.0.232.b09-0.el7_7.x86_64/jre/lib/endorsed"/>
    <property name="java.runtime.name" value="OpenJDK Runtime Environment"/>
    <property name="file.encoding" value="ANSI_X3.4-1968"/>
    <property name="java.vm.name" value="OpenJDK 64-Bit Server VM"/>
    <property name="test.build.webapps" value=""/>
    <property name="localRepository" value="/home/user/.m2/repository"/>
    <property name="java.vendor.url.bug" value="http://bugreport.sun.com/bugreport/"/>
    <property name="java.io.tmpdir" value="/tmp"/>
    <property name="require.test.libhadoop" value=""/>
    <property name="java.version" value="1.8.0_232"/>
    <property name="user.dir" value="/github/workspace/mnt/ozone/hadoop-ozone/integration-test"/>
    <property name="os.arch" value="amd64"/>
    <property name="java.vm.specification.name" value="Java Virtual Machine Specification"/>
    <property name="test.build.classes" value="/github/workspace/mnt/ozone/hadoop-ozone/integration-test/target/test-classes"/>
    <property name="java.awt.printerjob" value="sun.print.PSPrinterJob"/>
    <property name="sun.os.patch.level" value="unknown"/>
    <property name="hadoop.tmp.dir" value="/github/workspace/mnt/ozone/hadoop-ozone/integration-test/target/tmp"/>
    <property name="java.library.path" value="/usr/lib:/usr/java/packages/lib/amd64:/usr/lib64:/lib64:/lib:/usr/lib"/>
    <property name="java.vm.info" value="mixed mode"/>
    <property name="java.vendor" value="Oracle Corporation"/>
    <property name="java.vm.version" value="25.232-b09"/>
    <property name="java.ext.dirs" value="/usr/lib/jvm/java-1.8.0-openjdk-1.8.0.232.b09-0.el7_7.x86_64/jre/lib/ext:/usr/java/packages/lib/ext"/>
    <property name="sun.io.unicode.encoding" value="UnicodeLittle"/>
    <property name="java.class.version" value="52.0"/>
  </properties>
  <testcase name="testGroupMismatchExceptionHandling" classname="org.apache.hadoop.ozone.client.rpc.TestOzoneClientRetriesOnException" time="45.853"/>
  <testcase name="testMaxRetriesByOzoneClient" classname="org.apache.hadoop.ozone.client.rpc.TestOzoneClientRetriesOnException" time="36.164">
    <failure message="Expected exception not thrown" type="java.lang.AssertionError">java.lang.AssertionError: Expected exception not thrown
	at org.junit.Assert.fail(Assert.java:88)
	at org.apache.hadoop.ozone.client.rpc.TestOzoneClientRetriesOnException.testMaxRetriesByOzoneClient(TestOzoneClientRetriesOnException.java:235)
	at sun.reflect.NativeMethodAccessorImpl.invoke0(Native Method)
	at sun.reflect.NativeMethodAccessorImpl.invoke(NativeMethodAccessorImpl.java:62)
	at sun.reflect.DelegatingMethodAccessorImpl.invoke(DelegatingMethodAccessorImpl.java:43)
	at java.lang.reflect.Method.invoke(Method.java:498)
	at org.junit.runners.model.FrameworkMethod$1.runReflectiveCall(FrameworkMethod.java:47)
	at org.junit.internal.runners.model.ReflectiveCallable.run(ReflectiveCallable.java:12)
	at org.junit.runners.model.FrameworkMethod.invokeExplosively(FrameworkMethod.java:44)
	at org.junit.internal.runners.statements.InvokeMethod.evaluate(InvokeMethod.java:17)
	at org.junit.internal.runners.statements.RunBefores.evaluate(RunBefores.java:26)
	at org.junit.internal.runners.statements.RunAfters.evaluate(RunAfters.java:27)
	at org.junit.internal.runners.statements.FailOnTimeout$StatementThread.run(FailOnTimeout.java:74)
</failure>
    <system-out><![CDATA[2020-12-11 14:19:06,408 [Thread-369] WARN  server.ServerUtils (ServerUtils.java:getScmDbDir(148)) - ozone.scm.db.dirs is not configured. We recommend adding this setting. Falling back to ozone.metadata.dirs instead.
2020-12-11 14:19:06,410 [Thread-369] WARN  server.ServerUtils (ServerUtils.java:getScmDbDir(148)) - ozone.scm.db.dirs is not configured. We recommend adding this setting. Falling back to ozone.metadata.dirs instead.
2020-12-11 14:19:06,410 [Thread-369] WARN  db.DBStoreBuilder (DBStoreBuilder.java:applyDBDefinition(145)) - ozone.scm.db.dirs is not configured. We recommend adding this setting. Falling back to ozone.metadata.dirs instead.
2020-12-11 14:19:06,438 [Thread-369] INFO  net.NodeSchemaLoader (NodeSchemaLoader.java:loadSchemaFromFile(126)) - Loading file from sun.misc.CompoundEnumeration@42da6dc5
2020-12-11 14:19:06,438 [Thread-369] INFO  net.NodeSchemaLoader (NodeSchemaLoader.java:loadSchema(172)) - Loading network topology layer schema file
2020-12-11 14:19:06,442 [Thread-369] WARN  server.ServerUtils (ServerUtils.java:sanitizeUserArgs(73)) - ozone.scm.stale.node.interval value = 300000 is larger than max = 100000 based on the key value of ozone.scm.heartbeat.thread.interval, reset to the max value 100000.
2020-12-11 14:19:06,442 [Thread-369] WARN  server.ServerUtils (ServerUtils.java:sanitizeUserArgs(73)) - ozone.scm.stale.node.interval value = 300000 is larger than max = 100000 based on the key value of ozone.scm.heartbeat.thread.interval, reset to the max value 100000.
2020-12-11 14:19:06,442 [Thread-369] INFO  node.SCMNodeManager (SCMNodeManager.java:<init>(123)) - Entering startup safe mode.
2020-12-11 14:19:06,443 [Thread-369] INFO  algorithms.ContainerPlacementPolicyFactory (ContainerPlacementPolicyFactory.java:getPolicy(60)) - Create container placement policy of type org.apache.hadoop.hdds.scm.container.placement.algorithms.SCMContainerPlacementRandom
2020-12-11 14:19:06,443 [Thread-369] INFO  algorithms.LeaderChoosePolicyFactory (LeaderChoosePolicyFactory.java:getPolicy(57)) - Create leader choose policy of type org.apache.hadoop.hdds.scm.pipeline.leader.choose.algorithms.DefaultLeaderChoosePolicy
2020-12-11 14:19:06,443 [Thread-369] INFO  pipeline.SCMPipelineManager (SCMPipelineManager.java:initializePipelineState(161)) - No pipeline exists in current db
2020-12-11 14:19:06,445 [Thread-369] INFO  algorithms.PipelineChoosePolicyFactory (PipelineChoosePolicyFactory.java:createPipelineChoosePolicyFromClass(75)) - Create pipeline choose policy of type org.apache.hadoop.hdds.scm.pipeline.choose.algorithms.RandomPipelineChoosePolicy
2020-12-11 14:19:06,446 [Thread-369] INFO  safemode.HealthyPipelineSafeModeRule (HealthyPipelineSafeModeRule.java:<init>(89)) - Total pipeline count is 0, healthy pipeline threshold count is 0
2020-12-11 14:19:06,446 [Thread-369] INFO  safemode.OneReplicaPipelineSafeModeRule (OneReplicaPipelineSafeModeRule.java:<init>(84)) - Total pipeline count is 0, pipeline's with at least one datanode reported threshold count is 0
2020-12-11 14:19:06,451 [Thread-369] INFO  ipc.CallQueueManager (CallQueueManager.java:<init>(84)) - Using callQueue: class java.util.concurrent.LinkedBlockingQueue, queueCapacity: 2000, scheduler: class org.apache.hadoop.ipc.DefaultRpcScheduler, ipcBackoff: false.
2020-12-11 14:19:06,452 [Socket Reader #1 for port 0] INFO  ipc.Server (Server.java:run(1219)) - Starting Socket Reader #1 for port 0
2020-12-11 14:19:06,454 [Listener at 0.0.0.0/45833] INFO  ipc.CallQueueManager (CallQueueManager.java:<init>(84)) - Using callQueue: class java.util.concurrent.LinkedBlockingQueue, queueCapacity: 2000, scheduler: class org.apache.hadoop.ipc.DefaultRpcScheduler, ipcBackoff: false.
2020-12-11 14:19:06,455 [Socket Reader #1 for port 0] INFO  ipc.Server (Server.java:run(1219)) - Starting Socket Reader #1 for port 0
2020-12-11 14:19:06,458 [Listener at 0.0.0.0/40025] INFO  ipc.CallQueueManager (CallQueueManager.java:<init>(84)) - Using callQueue: class java.util.concurrent.LinkedBlockingQueue, queueCapacity: 2000, scheduler: class org.apache.hadoop.ipc.DefaultRpcScheduler, ipcBackoff: false.
2020-12-11 14:19:06,458 [Socket Reader #1 for port 0] INFO  ipc.Server (Server.java:run(1219)) - Starting Socket Reader #1 for port 0
2020-12-11 14:19:06,471 [Listener at 0.0.0.0/33655] INFO  http.BaseHttpServer (BaseHttpServer.java:newHttpServer2BuilderForOzone(207)) - Starting Web-server for scm at: http://0.0.0.0:0
2020-12-11 14:19:06,471 [Listener at 0.0.0.0/33655] INFO  http.BaseHttpServer (BaseHttpServer.java:<init>(106)) - Hadoop Security Enabled: false Ozone Security Enabled: false Ozone HTTP Security Enabled: false 
2020-12-11 14:19:06,472 [Listener at 0.0.0.0/33655] INFO  server.AuthenticationFilter (AuthenticationFilter.java:constructSecretProvider(240)) - Unable to initialize FileSignerSecretProvider, falling back to use random secrets.
2020-12-11 14:19:06,472 [Listener at 0.0.0.0/33655] WARN  http.HttpRequestLog (HttpRequestLog.java:getRequestLog(103)) - Jetty request log can only be enabled using Log4j
2020-12-11 14:19:06,473 [Listener at 0.0.0.0/33655] INFO  http.HttpServer2 (HttpServer2.java:addGlobalFilter(1020)) - Added global filter 'safety' (class=org.apache.hadoop.hdds.server.http.HttpServer2$QuotingInputFilter)
2020-12-11 14:19:06,474 [Listener at 0.0.0.0/33655] INFO  http.HttpServer2 (HttpServer2.java:addFilter(996)) - Added filter static_user_filter (class=org.apache.hadoop.http.lib.StaticUserWebFilter$StaticUserFilter) to context scm
2020-12-11 14:19:06,474 [Listener at 0.0.0.0/33655] INFO  http.HttpServer2 (HttpServer2.java:addFilter(1004)) - Added filter static_user_filter (class=org.apache.hadoop.http.lib.StaticUserWebFilter$StaticUserFilter) to context static
2020-12-11 14:19:06,474 [Listener at 0.0.0.0/33655] INFO  http.HttpServer2 (HttpServer2.java:addFilter(1004)) - Added filter static_user_filter (class=org.apache.hadoop.http.lib.StaticUserWebFilter$StaticUserFilter) to context logs
2020-12-11 14:19:06,476 [Listener at 0.0.0.0/33655] INFO  server.StorageContainerManager (StorageContainerManager.java:start(789)) - StorageContainerLocationProtocol RPC server is listening at /0.0.0.0:33655
2020-12-11 14:19:06,477 [Listener at 0.0.0.0/33655] WARN  impl.MetricsConfig (MetricsConfig.java:loadFirst(134)) - Cannot locate configuration: tried hadoop-metrics2-storagecontainermanager.properties,hadoop-metrics2.properties
2020-12-11 14:19:06,478 [Listener at 0.0.0.0/33655] INFO  impl.MetricsSystemImpl (MetricsSystemImpl.java:startTimer(374)) - Scheduled Metric snapshot period at 10 second(s).
2020-12-11 14:19:06,478 [Listener at 0.0.0.0/33655] INFO  impl.MetricsSystemImpl (MetricsSystemImpl.java:start(191)) - StorageContainerManager metrics system started
2020-12-11 14:19:06,485 [Listener at 0.0.0.0/33655] WARN  impl.MetricsSystemImpl (MetricsSystemImpl.java:register(276)) - Sink prometheus already exists!
2020-12-11 14:19:06,490 [Listener at 0.0.0.0/33655] INFO  server.SCMClientProtocolServer (SCMClientProtocolServer.java:start(159)) - RPC server for Client  is listening at /0.0.0.0:33655
2020-12-11 14:19:06,491 [IPC Server Responder] INFO  ipc.Server (Server.java:run(1460)) - IPC Server Responder: starting
2020-12-11 14:19:06,491 [IPC Server listener on 0] INFO  ipc.Server (Server.java:run(1298)) - IPC Server listener on 0: starting
2020-12-11 14:19:06,495 [Listener at 0.0.0.0/33655] INFO  server.StorageContainerManager (StorageContainerManager.java:start(801)) - ScmBlockLocationProtocol RPC server is listening at /0.0.0.0:40025
2020-12-11 14:19:06,495 [Listener at 0.0.0.0/33655] INFO  server.SCMBlockProtocolServer (SCMBlockProtocolServer.java:start(150)) - RPC server for Block Protocol is listening at /0.0.0.0:40025
2020-12-11 14:19:06,495 [IPC Server Responder] INFO  ipc.Server (Server.java:run(1460)) - IPC Server Responder: starting
2020-12-11 14:19:06,500 [IPC Server listener on 0] INFO  ipc.Server (Server.java:run(1298)) - IPC Server listener on 0: starting
2020-12-11 14:19:06,503 [Listener at 0.0.0.0/33655] INFO  server.StorageContainerManager (StorageContainerManager.java:start(807)) - ScmDatanodeProtocl RPC server is listening at /0.0.0.0:45833
2020-12-11 14:19:06,503 [Listener at 0.0.0.0/33655] INFO  server.SCMDatanodeProtocolServer (SCMDatanodeProtocolServer.java:start(174)) - RPC server for DataNodes is listening at /0.0.0.0:45833
2020-12-11 14:19:06,504 [IPC Server Responder] INFO  ipc.Server (Server.java:run(1460)) - IPC Server Responder: starting
2020-12-11 14:19:06,504 [IPC Server listener on 0] INFO  ipc.Server (Server.java:run(1298)) - IPC Server listener on 0: starting
2020-12-11 14:19:06,512 [Listener at 0.0.0.0/33655] INFO  http.HttpServer2 (HttpServer2.java:bindListener(1238)) - Jetty bound to port 40747
2020-12-11 14:19:06,513 [Listener at 0.0.0.0/33655] INFO  server.Server (Server.java:doStart(375)) - jetty-9.4.34.v20201102; built: 2020-11-02T14:15:39.302Z; git: e46af88704a893fc12cb0e3bf46e2c7b48a009e7; jvm 1.8.0_232-b09
2020-12-11 14:19:06,514 [Listener at 0.0.0.0/33655] INFO  server.session (DefaultSessionIdManager.java:doStart(334)) - DefaultSessionIdManager workerName=node0
2020-12-11 14:19:06,514 [Listener at 0.0.0.0/33655] INFO  server.session (DefaultSessionIdManager.java:doStart(339)) - No SessionScavenger set, using defaults
2020-12-11 14:19:06,514 [Listener at 0.0.0.0/33655] INFO  server.session (HouseKeeper.java:startScavenging(132)) - node0 Scavenging every 660000ms
2020-12-11 14:19:06,515 [Listener at 0.0.0.0/33655] INFO  handler.ContextHandler (ContextHandler.java:doStart(916)) - Started o.e.j.s.ServletContextHandler@f3320b{logs,/logs,file:///github/workspace/mnt/ozone/hadoop-ozone/integration-test/target/log,AVAILABLE}
2020-12-11 14:19:06,515 [Listener at 0.0.0.0/33655] INFO  handler.ContextHandler (ContextHandler.java:doStart(916)) - Started o.e.j.s.ServletContextHandler@305662a3{static,/static,file:///github/workspace/mnt/ozone/hadoop-ozone/integration-test/target/test-classes/webapps/static,AVAILABLE}
2020-12-11 14:19:06,519 [Listener at 0.0.0.0/33655] INFO  handler.ContextHandler (ContextHandler.java:doStart(916)) - Started o.e.j.w.WebAppContext@69962e72{scm,/,file:///github/workspace/mnt/ozone/hadoop-ozone/integration-test/target/test-classes/webapps/scm/,AVAILABLE}{file:/github/workspace/mnt/ozone/hadoop-ozone/integration-test/target/test-classes/webapps/scm}
2020-12-11 14:19:06,519 [Listener at 0.0.0.0/33655] INFO  server.AbstractConnector (AbstractConnector.java:doStart(331)) - Started ServerConnector@74c25346{HTTP/1.1, (http/1.1)}{0.0.0.0:40747}
2020-12-11 14:19:06,520 [Listener at 0.0.0.0/33655] INFO  server.Server (Server.java:doStart(415)) - Started @46689ms
2020-12-11 14:19:06,520 [Listener at 0.0.0.0/33655] WARN  impl.MetricsSystemImpl (MetricsSystemImpl.java:register(276)) - Sink prometheus already exists!
2020-12-11 14:19:06,523 [Listener at 0.0.0.0/33655] INFO  http.BaseHttpServer (BaseHttpServer.java:updateConnectorAddress(327)) - HTTP server of scm listening at http://0.0.0.0:40747
2020-12-11 14:19:06,523 [Listener at 0.0.0.0/33655] WARN  server.ServerUtils (ServerUtils.java:getDBPath(225)) - ozone.om.db.dirs is not configured. We recommend adding this setting. Falling back to ozone.metadata.dirs instead.
2020-12-11 14:19:06,523 [org.apache.hadoop.util.JvmPauseMonitor$Monitor@48c417ef] INFO  util.JvmPauseMonitor (JvmPauseMonitor.java:run(188)) - Starting JVM pause monitor
2020-12-11 14:19:06,524 [Listener at 0.0.0.0/33655] INFO  ha.OMHANodeDetails (OMHANodeDetails.java:loadOMHAConfig(104)) - ozone.om.internal.service.id is not defined, falling back to ozone.om.service.ids to find serviceID for OzoneManager if it is HA enabled cluster
2020-12-11 14:19:06,524 [Listener at 0.0.0.0/33655] INFO  ha.OMHANodeDetails (OMHANodeDetails.java:loadOMHAConfig(213)) - Configuration either no ozone.om.address set. Falling back to the default OM address /127.0.0.1:0
2020-12-11 14:19:06,524 [Listener at 0.0.0.0/33655] INFO  ha.OMHANodeDetails (OMHANodeDetails.java:getOMNodeDetails(241)) - OM Service ID is not set. Setting it to the default ID: omServiceIdDefault
2020-12-11 14:19:06,525 [Listener at 0.0.0.0/33655] WARN  server.ServerUtils (ServerUtils.java:getDBPath(225)) - ozone.om.db.dirs is not configured. We recommend adding this setting. Falling back to ozone.metadata.dirs instead.
2020-12-11 14:19:06,525 [Listener at 0.0.0.0/33655] WARN  server.ServerUtils (ServerUtils.java:getDBPath(225)) - ozone.om.db.dirs is not configured. We recommend adding this setting. Falling back to ozone.metadata.dirs instead.
2020-12-11 14:19:06,530 [Listener at 0.0.0.0/33655] WARN  server.ServerUtils (ServerUtils.java:getDBPath(225)) - ozone.om.db.dirs is not configured. We recommend adding this setting. Falling back to ozone.metadata.dirs instead.
2020-12-11 14:19:06,530 [Listener at 0.0.0.0/33655] INFO  codec.OmKeyInfoCodec (OmKeyInfoCodec.java:<init>(41)) - OmKeyInfoCodec ignorePipeline = true
2020-12-11 14:19:06,530 [Listener at 0.0.0.0/33655] INFO  codec.RepeatedOmKeyInfoCodec (RepeatedOmKeyInfoCodec.java:<init>(40)) - RepeatedOmKeyInfoCodec ignorePipeline = true
2020-12-11 14:19:06,578 [Listener at 0.0.0.0/33655] INFO  om.OzoneManager (OzoneManager.java:addS3GVolumeToDB(3735)) - Created Volume s3v With Owner jenkins1001 required for S3Gateway operations.
2020-12-11 14:19:06,579 [Listener at 0.0.0.0/33655] INFO  ipc.CallQueueManager (CallQueueManager.java:<init>(84)) - Using callQueue: class java.util.concurrent.LinkedBlockingQueue, queueCapacity: 2000, scheduler: class org.apache.hadoop.ipc.DefaultRpcScheduler, ipcBackoff: false.
2020-12-11 14:19:06,579 [Socket Reader #1 for port 0] INFO  ipc.Server (Server.java:run(1219)) - Starting Socket Reader #1 for port 0
2020-12-11 14:19:06,595 [Listener at 127.0.0.1/43915] INFO  impl.MetricsSystemImpl (MetricsSystemImpl.java:init(158)) - OzoneManager metrics system started (again)
2020-12-11 14:19:06,596 [Listener at 127.0.0.1/43915] INFO  om.OzoneManager (OzoneManager.java:start(1144)) - OzoneManager RPC server is listening at localhost/127.0.0.1:43915
2020-12-11 14:19:06,601 [Listener at 127.0.0.1/43915] INFO  http.BaseHttpServer (BaseHttpServer.java:newHttpServer2BuilderForOzone(207)) - Starting Web-server for ozoneManager at: http://0.0.0.0:0
2020-12-11 14:19:06,601 [Listener at 127.0.0.1/43915] INFO  http.BaseHttpServer (BaseHttpServer.java:<init>(106)) - Hadoop Security Enabled: false Ozone Security Enabled: false Ozone HTTP Security Enabled: false 
2020-12-11 14:19:06,603 [Listener at 127.0.0.1/43915] INFO  server.AuthenticationFilter (AuthenticationFilter.java:constructSecretProvider(240)) - Unable to initialize FileSignerSecretProvider, falling back to use random secrets.
2020-12-11 14:19:06,603 [Listener at 127.0.0.1/43915] WARN  http.HttpRequestLog (HttpRequestLog.java:getRequestLog(103)) - Jetty request log can only be enabled using Log4j
2020-12-11 14:19:06,604 [Listener at 127.0.0.1/43915] INFO  http.HttpServer2 (HttpServer2.java:addGlobalFilter(1020)) - Added global filter 'safety' (class=org.apache.hadoop.hdds.server.http.HttpServer2$QuotingInputFilter)
2020-12-11 14:19:06,604 [Listener at 127.0.0.1/43915] INFO  http.HttpServer2 (HttpServer2.java:addFilter(996)) - Added filter static_user_filter (class=org.apache.hadoop.http.lib.StaticUserWebFilter$StaticUserFilter) to context ozoneManager
2020-12-11 14:19:06,604 [Listener at 127.0.0.1/43915] INFO  http.HttpServer2 (HttpServer2.java:addFilter(1004)) - Added filter static_user_filter (class=org.apache.hadoop.http.lib.StaticUserWebFilter$StaticUserFilter) to context logs
2020-12-11 14:19:06,604 [Listener at 127.0.0.1/43915] INFO  http.HttpServer2 (HttpServer2.java:addFilter(1004)) - Added filter static_user_filter (class=org.apache.hadoop.http.lib.StaticUserWebFilter$StaticUserFilter) to context static
2020-12-11 14:19:06,605 [Listener at 127.0.0.1/43915] INFO  http.HttpServer2 (HttpServer2.java:bindListener(1238)) - Jetty bound to port 42939
2020-12-11 14:19:06,605 [Listener at 127.0.0.1/43915] INFO  server.Server (Server.java:doStart(375)) - jetty-9.4.34.v20201102; built: 2020-11-02T14:15:39.302Z; git: e46af88704a893fc12cb0e3bf46e2c7b48a009e7; jvm 1.8.0_232-b09
2020-12-11 14:19:06,606 [Listener at 127.0.0.1/43915] INFO  server.session (DefaultSessionIdManager.java:doStart(334)) - DefaultSessionIdManager workerName=node0
2020-12-11 14:19:06,606 [Listener at 127.0.0.1/43915] INFO  server.session (DefaultSessionIdManager.java:doStart(339)) - No SessionScavenger set, using defaults
2020-12-11 14:19:06,606 [Listener at 127.0.0.1/43915] INFO  server.session (HouseKeeper.java:startScavenging(132)) - node0 Scavenging every 660000ms
2020-12-11 14:19:06,607 [Listener at 127.0.0.1/43915] INFO  handler.ContextHandler (ContextHandler.java:doStart(916)) - Started o.e.j.s.ServletContextHandler@3ef850b3{logs,/logs,file:///github/workspace/mnt/ozone/hadoop-ozone/integration-test/target/log,AVAILABLE}
2020-12-11 14:19:06,607 [Listener at 127.0.0.1/43915] INFO  handler.ContextHandler (ContextHandler.java:doStart(916)) - Started o.e.j.s.ServletContextHandler@74e0f4ff{static,/static,file:///github/workspace/mnt/ozone/hadoop-ozone/integration-test/target/test-classes/webapps/static,AVAILABLE}
2020-12-11 14:19:06,610 [Listener at 127.0.0.1/43915] INFO  handler.ContextHandler (ContextHandler.java:doStart(916)) - Started o.e.j.w.WebAppContext@27206da6{ozoneManager,/,file:///github/workspace/mnt/ozone/hadoop-ozone/integration-test/target/test-classes/webapps/ozoneManager/,AVAILABLE}{file:/github/workspace/mnt/ozone/hadoop-ozone/integration-test/target/test-classes/webapps/ozoneManager}
2020-12-11 14:19:06,611 [Listener at 127.0.0.1/43915] INFO  server.AbstractConnector (AbstractConnector.java:doStart(331)) - Started ServerConnector@4ea18cbb{HTTP/1.1, (http/1.1)}{0.0.0.0:42939}
2020-12-11 14:19:06,611 [Listener at 127.0.0.1/43915] INFO  server.Server (Server.java:doStart(415)) - Started @46780ms
2020-12-11 14:19:06,611 [Listener at 127.0.0.1/43915] WARN  impl.MetricsSystemImpl (MetricsSystemImpl.java:register(276)) - Sink prometheus already exists!
2020-12-11 14:19:06,613 [Listener at 127.0.0.1/43915] INFO  http.BaseHttpServer (BaseHttpServer.java:updateConnectorAddress(327)) - HTTP server of ozoneManager listening at http://0.0.0.0:42939
2020-12-11 14:19:06,614 [IPC Server Responder] INFO  ipc.Server (Server.java:run(1460)) - IPC Server Responder: starting
2020-12-11 14:19:06,614 [IPC Server listener on 0] INFO  ipc.Server (Server.java:run(1298)) - IPC Server listener on 0: starting
2020-12-11 14:19:06,619 [Listener at 127.0.0.1/43915] INFO  om.OzoneManager (OzoneManager.java:startTrashEmptier(1265)) - Trash Interval set to 0. Files deleted will not move to trash
2020-12-11 14:19:06,629 [org.apache.hadoop.util.JvmPauseMonitor$Monitor@7eb06418] INFO  util.JvmPauseMonitor (JvmPauseMonitor.java:run(188)) - Starting JVM pause monitor
2020-12-11 14:19:06,634 [Listener at 127.0.0.1/43915] INFO  impl.MetricsSystemImpl (MetricsSystemImpl.java:init(158)) - HddsDatanode metrics system started (again)
2020-12-11 14:19:06,635 [Listener at 127.0.0.1/43915] INFO  ozone.HddsDatanodeService (HddsDatanodeService.java:start(217)) - HddsDatanodeService host:cfd2ce0fb241 ip:172.17.0.2
2020-12-11 14:19:06,636 [Listener at 127.0.0.1/43915] INFO  volume.HddsVolume (HddsVolume.java:<init>(176)) - Creating Volume: /github/workspace/mnt/ozone/hadoop-ozone/integration-test/target/test-dir/MiniOzoneClusterImpl-f6ec90cd-9249-41c8-b5e0-41cfbed7d430/datanode-0/data-0/containers/hdds of storage type : DISK and capacity : 9223372036854775807
2020-12-11 14:19:06,636 [Listener at 127.0.0.1/43915] INFO  volume.MutableVolumeSet (MutableVolumeSet.java:initializeVolumeSet(179)) - Added Volume : /github/workspace/mnt/ozone/hadoop-ozone/integration-test/target/test-dir/MiniOzoneClusterImpl-f6ec90cd-9249-41c8-b5e0-41cfbed7d430/datanode-0/data-0/containers/hdds to VolumeSet
2020-12-11 14:19:06,637 [Listener at 127.0.0.1/43915] INFO  volume.ThrottledAsyncChecker (ThrottledAsyncChecker.java:schedule(141)) - Scheduling a check for /github/workspace/mnt/ozone/hadoop-ozone/integration-test/target/test-dir/MiniOzoneClusterImpl-f6ec90cd-9249-41c8-b5e0-41cfbed7d430/datanode-0/data-0/containers/hdds
2020-12-11 14:19:06,637 [Listener at 127.0.0.1/43915] INFO  volume.HddsVolumeChecker (HddsVolumeChecker.java:checkAllVolumes(200)) - Scheduled health check for volume /github/workspace/mnt/ozone/hadoop-ozone/integration-test/target/test-dir/MiniOzoneClusterImpl-f6ec90cd-9249-41c8-b5e0-41cfbed7d430/datanode-0/data-0/containers/hdds
2020-12-11 14:19:06,648 [Thread-492] INFO  ozoneimpl.ContainerReader (ContainerReader.java:readVolume(123)) - Start to verify containers on volume /github/workspace/mnt/ozone/hadoop-ozone/integration-test/target/test-dir/MiniOzoneClusterImpl-f6ec90cd-9249-41c8-b5e0-41cfbed7d430/datanode-0/data-0/containers/hdds
2020-12-11 14:19:06,648 [Thread-492] INFO  ozoneimpl.ContainerReader (ContainerReader.java:readVolume(148)) - Finish verifying containers on volume /github/workspace/mnt/ozone/hadoop-ozone/integration-test/target/test-dir/MiniOzoneClusterImpl-f6ec90cd-9249-41c8-b5e0-41cfbed7d430/datanode-0/data-0/containers/hdds
2020-12-11 14:19:06,648 [Listener at 127.0.0.1/43915] INFO  ozoneimpl.OzoneContainer (OzoneContainer.java:buildContainerSet(194)) - Build ContainerSet costs 0s
2020-12-11 14:19:06,650 [Listener at 127.0.0.1/43915] INFO  impl.RaftServerProxy (ConfUtils.java:logGet(44)) - raft.rpc.type = GRPC (default)
2020-12-11 14:19:06,650 [Listener at 127.0.0.1/43915] INFO  grpc.GrpcFactory (GrpcFactory.java:checkPooledByteBufAllocatorUseCacheForAllThreads(45)) - PERFORMANCE WARNING: useCacheForAllThreads is true that may cause Netty to create a lot garbage objects and, as a result, trigger GC.
	It is recommended to disable useCacheForAllThreads by setting -Dorg.apache.ratis.thirdparty.io.netty.allocator.useCacheForAllThreads=false in command line.
2020-12-11 14:19:06,650 [Listener at 127.0.0.1/43915] INFO  grpc.GrpcConfigKeys (ConfUtils.java:logGet(44)) - raft.grpc.server.port = 0 (default)
2020-12-11 14:19:06,650 [Listener at 127.0.0.1/43915] INFO  server.GrpcService (ConfUtils.java:logGet(44)) - raft.grpc.message.size.max = 32MB (=33554432) (custom)
2020-12-11 14:19:06,650 [Listener at 127.0.0.1/43915] INFO  server.RaftServerConfigKeys (ConfUtils.java:logGet(44)) - raft.server.log.appender.buffer.byte-limit = 33554432 (custom)
2020-12-11 14:19:06,650 [Listener at 127.0.0.1/43915] INFO  server.GrpcService (ConfUtils.java:logGet(44)) - raft.grpc.flow.control.window = 5MB (=5242880) (custom)
2020-12-11 14:19:06,650 [Listener at 127.0.0.1/43915] INFO  server.RaftServerConfigKeys (ConfUtils.java:logGet(44)) - raft.server.rpc.request.timeout = 60s (custom)
2020-12-11 14:19:06,651 [Listener at 127.0.0.1/43915] INFO  impl.DataStreamServerImpl (ConfUtils.java:logGet(44)) - raft.datastream.type = DISABLED (default)
2020-12-11 14:19:06,651 [Listener at 127.0.0.1/43915] INFO  server.RaftServerConfigKeys (ConfUtils.java:logGet(44)) - raft.server.storage.dir = [/github/workspace/mnt/ozone/hadoop-ozone/integration-test/target/test-dir/MiniOzoneClusterImpl-f6ec90cd-9249-41c8-b5e0-41cfbed7d430/datanode-0/data/ratis] (custom)
2020-12-11 14:19:06,656 [Listener at 127.0.0.1/43915] INFO  http.BaseHttpServer (BaseHttpServer.java:newHttpServer2BuilderForOzone(207)) - Starting Web-server for hddsDatanode at: http://0.0.0.0:0
2020-12-11 14:19:06,656 [Listener at 127.0.0.1/43915] INFO  http.BaseHttpServer (BaseHttpServer.java:<init>(106)) - Hadoop Security Enabled: false Ozone Security Enabled: false Ozone HTTP Security Enabled: false 
2020-12-11 14:19:06,657 [Listener at 127.0.0.1/43915] INFO  server.AuthenticationFilter (AuthenticationFilter.java:constructSecretProvider(240)) - Unable to initialize FileSignerSecretProvider, falling back to use random secrets.
2020-12-11 14:19:06,657 [Listener at 127.0.0.1/43915] WARN  http.HttpRequestLog (HttpRequestLog.java:getRequestLog(103)) - Jetty request log can only be enabled using Log4j
2020-12-11 14:19:06,658 [Listener at 127.0.0.1/43915] INFO  http.HttpServer2 (HttpServer2.java:addGlobalFilter(1020)) - Added global filter 'safety' (class=org.apache.hadoop.hdds.server.http.HttpServer2$QuotingInputFilter)
2020-12-11 14:19:06,658 [Listener at 127.0.0.1/43915] INFO  http.HttpServer2 (HttpServer2.java:addFilter(996)) - Added filter static_user_filter (class=org.apache.hadoop.http.lib.StaticUserWebFilter$StaticUserFilter) to context hddsDatanode
2020-12-11 14:19:06,659 [Listener at 127.0.0.1/43915] INFO  http.HttpServer2 (HttpServer2.java:addFilter(1004)) - Added filter static_user_filter (class=org.apache.hadoop.http.lib.StaticUserWebFilter$StaticUserFilter) to context static
2020-12-11 14:19:06,659 [Listener at 127.0.0.1/43915] INFO  http.HttpServer2 (HttpServer2.java:addFilter(1004)) - Added filter static_user_filter (class=org.apache.hadoop.http.lib.StaticUserWebFilter$StaticUserFilter) to context logs
2020-12-11 14:19:06,659 [Listener at 127.0.0.1/43915] INFO  http.HttpServer2 (HttpServer2.java:bindListener(1238)) - Jetty bound to port 41181
2020-12-11 14:19:06,659 [Listener at 127.0.0.1/43915] INFO  server.Server (Server.java:doStart(375)) - jetty-9.4.34.v20201102; built: 2020-11-02T14:15:39.302Z; git: e46af88704a893fc12cb0e3bf46e2c7b48a009e7; jvm 1.8.0_232-b09
2020-12-11 14:19:06,660 [Listener at 127.0.0.1/43915] INFO  server.session (DefaultSessionIdManager.java:doStart(334)) - DefaultSessionIdManager workerName=node0
2020-12-11 14:19:06,660 [Listener at 127.0.0.1/43915] INFO  server.session (DefaultSessionIdManager.java:doStart(339)) - No SessionScavenger set, using defaults
2020-12-11 14:19:06,660 [Listener at 127.0.0.1/43915] INFO  server.session (HouseKeeper.java:startScavenging(132)) - node0 Scavenging every 660000ms
2020-12-11 14:19:06,661 [Listener at 127.0.0.1/43915] INFO  handler.ContextHandler (ContextHandler.java:doStart(916)) - Started o.e.j.s.ServletContextHandler@6a589972{logs,/logs,file:///github/workspace/mnt/ozone/hadoop-ozone/integration-test/target/log,AVAILABLE}
2020-12-11 14:19:06,661 [Listener at 127.0.0.1/43915] INFO  handler.ContextHandler (ContextHandler.java:doStart(916)) - Started o.e.j.s.ServletContextHandler@5ab6b11e{static,/static,jar:file:/home/user/.m2/repository/org/apache/hadoop/hadoop-hdds-container-service/1.1.0-SNAPSHOT/hadoop-hdds-container-service-1.1.0-SNAPSHOT.jar!/webapps/static,AVAILABLE}
2020-12-11 14:19:06,782 [Listener at 127.0.0.1/43915] INFO  handler.ContextHandler (ContextHandler.java:doStart(916)) - Started o.e.j.w.WebAppContext@25cf60fd{hddsDatanode,/,file:///tmp/jetty-0_0_0_0-41181-hadoop-hdds-container-service-1_1_0-SNAPSHOT_jar-_-any-185754840177538924/webapp/,AVAILABLE}{jar:file:/home/user/.m2/repository/org/apache/hadoop/hadoop-hdds-container-service/1.1.0-SNAPSHOT/hadoop-hdds-container-service-1.1.0-SNAPSHOT.jar!/webapps/hddsDatanode}
2020-12-11 14:19:06,784 [Listener at 127.0.0.1/43915] INFO  server.AbstractConnector (AbstractConnector.java:doStart(331)) - Started ServerConnector@fabd030{HTTP/1.1, (http/1.1)}{0.0.0.0:41181}
2020-12-11 14:19:06,784 [Listener at 127.0.0.1/43915] INFO  server.Server (Server.java:doStart(415)) - Started @46953ms
2020-12-11 14:19:06,784 [Listener at 127.0.0.1/43915] WARN  impl.MetricsSystemImpl (MetricsSystemImpl.java:register(276)) - Sink prometheus already exists!
2020-12-11 14:19:06,786 [Listener at 127.0.0.1/43915] INFO  http.BaseHttpServer (BaseHttpServer.java:updateConnectorAddress(327)) - HTTP server of hddsDatanode listening at http://0.0.0.0:41181
2020-12-11 14:19:06,788 [Listener at 127.0.0.1/43915] INFO  impl.MetricsSystemImpl (MetricsSystemImpl.java:init(158)) - HddsDatanode metrics system started (again)
2020-12-11 14:19:06,789 [Listener at 127.0.0.1/43915] INFO  ozone.HddsDatanodeService (HddsDatanodeService.java:start(217)) - HddsDatanodeService host:cfd2ce0fb241 ip:172.17.0.2
2020-12-11 14:19:06,790 [Listener at 127.0.0.1/43915] INFO  volume.HddsVolume (HddsVolume.java:<init>(176)) - Creating Volume: /github/workspace/mnt/ozone/hadoop-ozone/integration-test/target/test-dir/MiniOzoneClusterImpl-f6ec90cd-9249-41c8-b5e0-41cfbed7d430/datanode-1/data-0/containers/hdds of storage type : DISK and capacity : 9223372036854775807
2020-12-11 14:19:06,790 [Listener at 127.0.0.1/43915] INFO  volume.MutableVolumeSet (MutableVolumeSet.java:initializeVolumeSet(179)) - Added Volume : /github/workspace/mnt/ozone/hadoop-ozone/integration-test/target/test-dir/MiniOzoneClusterImpl-f6ec90cd-9249-41c8-b5e0-41cfbed7d430/datanode-1/data-0/containers/hdds to VolumeSet
2020-12-11 14:19:06,790 [Listener at 127.0.0.1/43915] INFO  volume.ThrottledAsyncChecker (ThrottledAsyncChecker.java:schedule(141)) - Scheduling a check for /github/workspace/mnt/ozone/hadoop-ozone/integration-test/target/test-dir/MiniOzoneClusterImpl-f6ec90cd-9249-41c8-b5e0-41cfbed7d430/datanode-1/data-0/containers/hdds
2020-12-11 14:19:06,791 [org.apache.hadoop.util.JvmPauseMonitor$Monitor@64f4693f] INFO  util.JvmPauseMonitor (JvmPauseMonitor.java:run(188)) - Starting JVM pause monitor
2020-12-11 14:19:06,791 [Listener at 127.0.0.1/43915] INFO  volume.HddsVolumeChecker (HddsVolumeChecker.java:checkAllVolumes(200)) - Scheduled health check for volume /github/workspace/mnt/ozone/hadoop-ozone/integration-test/target/test-dir/MiniOzoneClusterImpl-f6ec90cd-9249-41c8-b5e0-41cfbed7d430/datanode-1/data-0/containers/hdds
2020-12-11 14:19:06,804 [Datanode State Machine Task Thread - 0] INFO  datanode.InitDatanodeState (InitDatanodeState.java:persistContainerDatanodeDetails(145)) - DatanodeDetails is persisted to /github/workspace/mnt/ozone/hadoop-ozone/integration-test/target/test-dir/MiniOzoneClusterImpl-f6ec90cd-9249-41c8-b5e0-41cfbed7d430/datanode-0/meta/datanode.id
2020-12-11 14:19:06,813 [Thread-503] INFO  ozoneimpl.ContainerReader (ContainerReader.java:readVolume(123)) - Start to verify containers on volume /github/workspace/mnt/ozone/hadoop-ozone/integration-test/target/test-dir/MiniOzoneClusterImpl-f6ec90cd-9249-41c8-b5e0-41cfbed7d430/datanode-1/data-0/containers/hdds
2020-12-11 14:19:06,813 [Thread-503] INFO  ozoneimpl.ContainerReader (ContainerReader.java:readVolume(148)) - Finish verifying containers on volume /github/workspace/mnt/ozone/hadoop-ozone/integration-test/target/test-dir/MiniOzoneClusterImpl-f6ec90cd-9249-41c8-b5e0-41cfbed7d430/datanode-1/data-0/containers/hdds
2020-12-11 14:19:06,813 [Listener at 127.0.0.1/43915] INFO  ozoneimpl.OzoneContainer (OzoneContainer.java:buildContainerSet(194)) - Build ContainerSet costs 0s
2020-12-11 14:19:06,815 [Listener at 127.0.0.1/43915] INFO  impl.RaftServerProxy (ConfUtils.java:logGet(44)) - raft.rpc.type = GRPC (default)
2020-12-11 14:19:06,815 [Listener at 127.0.0.1/43915] INFO  grpc.GrpcFactory (GrpcFactory.java:checkPooledByteBufAllocatorUseCacheForAllThreads(45)) - PERFORMANCE WARNING: useCacheForAllThreads is true that may cause Netty to create a lot garbage objects and, as a result, trigger GC.
	It is recommended to disable useCacheForAllThreads by setting -Dorg.apache.ratis.thirdparty.io.netty.allocator.useCacheForAllThreads=false in command line.
2020-12-11 14:19:06,815 [Listener at 127.0.0.1/43915] INFO  grpc.GrpcConfigKeys (ConfUtils.java:logGet(44)) - raft.grpc.server.port = 0 (default)
2020-12-11 14:19:06,815 [Listener at 127.0.0.1/43915] INFO  server.GrpcService (ConfUtils.java:logGet(44)) - raft.grpc.message.size.max = 32MB (=33554432) (custom)
2020-12-11 14:19:06,815 [Listener at 127.0.0.1/43915] INFO  server.RaftServerConfigKeys (ConfUtils.java:logGet(44)) - raft.server.log.appender.buffer.byte-limit = 33554432 (custom)
2020-12-11 14:19:06,816 [Listener at 127.0.0.1/43915] INFO  server.GrpcService (ConfUtils.java:logGet(44)) - raft.grpc.flow.control.window = 5MB (=5242880) (custom)
2020-12-11 14:19:06,816 [Listener at 127.0.0.1/43915] INFO  server.RaftServerConfigKeys (ConfUtils.java:logGet(44)) - raft.server.rpc.request.timeout = 60s (custom)
2020-12-11 14:19:06,816 [Listener at 127.0.0.1/43915] INFO  impl.DataStreamServerImpl (ConfUtils.java:logGet(44)) - raft.datastream.type = DISABLED (default)
2020-12-11 14:19:06,817 [Listener at 127.0.0.1/43915] INFO  server.RaftServerConfigKeys (ConfUtils.java:logGet(44)) - raft.server.storage.dir = [/github/workspace/mnt/ozone/hadoop-ozone/integration-test/target/test-dir/MiniOzoneClusterImpl-f6ec90cd-9249-41c8-b5e0-41cfbed7d430/datanode-1/data/ratis] (custom)
2020-12-11 14:19:06,823 [Listener at 127.0.0.1/43915] INFO  http.BaseHttpServer (BaseHttpServer.java:newHttpServer2BuilderForOzone(207)) - Starting Web-server for hddsDatanode at: http://0.0.0.0:0
2020-12-11 14:19:06,823 [Listener at 127.0.0.1/43915] INFO  http.BaseHttpServer (BaseHttpServer.java:<init>(106)) - Hadoop Security Enabled: false Ozone Security Enabled: false Ozone HTTP Security Enabled: false 
2020-12-11 14:19:06,824 [Listener at 127.0.0.1/43915] INFO  server.AuthenticationFilter (AuthenticationFilter.java:constructSecretProvider(240)) - Unable to initialize FileSignerSecretProvider, falling back to use random secrets.
2020-12-11 14:19:06,824 [Listener at 127.0.0.1/43915] WARN  http.HttpRequestLog (HttpRequestLog.java:getRequestLog(103)) - Jetty request log can only be enabled using Log4j
2020-12-11 14:19:06,825 [Listener at 127.0.0.1/43915] INFO  http.HttpServer2 (HttpServer2.java:addGlobalFilter(1020)) - Added global filter 'safety' (class=org.apache.hadoop.hdds.server.http.HttpServer2$QuotingInputFilter)
2020-12-11 14:19:06,826 [Listener at 127.0.0.1/43915] INFO  http.HttpServer2 (HttpServer2.java:addFilter(996)) - Added filter static_user_filter (class=org.apache.hadoop.http.lib.StaticUserWebFilter$StaticUserFilter) to context hddsDatanode
2020-12-11 14:19:06,826 [Listener at 127.0.0.1/43915] INFO  http.HttpServer2 (HttpServer2.java:addFilter(1004)) - Added filter static_user_filter (class=org.apache.hadoop.http.lib.StaticUserWebFilter$StaticUserFilter) to context static
2020-12-11 14:19:06,826 [Listener at 127.0.0.1/43915] INFO  http.HttpServer2 (HttpServer2.java:addFilter(1004)) - Added filter static_user_filter (class=org.apache.hadoop.http.lib.StaticUserWebFilter$StaticUserFilter) to context logs
2020-12-11 14:19:06,826 [Listener at 127.0.0.1/43915] INFO  http.HttpServer2 (HttpServer2.java:bindListener(1238)) - Jetty bound to port 35199
2020-12-11 14:19:06,826 [Listener at 127.0.0.1/43915] INFO  server.Server (Server.java:doStart(375)) - jetty-9.4.34.v20201102; built: 2020-11-02T14:15:39.302Z; git: e46af88704a893fc12cb0e3bf46e2c7b48a009e7; jvm 1.8.0_232-b09
2020-12-11 14:19:06,829 [Listener at 127.0.0.1/43915] INFO  server.session (DefaultSessionIdManager.java:doStart(334)) - DefaultSessionIdManager workerName=node0
2020-12-11 14:19:06,829 [Listener at 127.0.0.1/43915] INFO  server.session (DefaultSessionIdManager.java:doStart(339)) - No SessionScavenger set, using defaults
2020-12-11 14:19:06,829 [Listener at 127.0.0.1/43915] INFO  server.session (HouseKeeper.java:startScavenging(132)) - node0 Scavenging every 600000ms
2020-12-11 14:19:06,830 [Listener at 127.0.0.1/43915] INFO  handler.ContextHandler (ContextHandler.java:doStart(916)) - Started o.e.j.s.ServletContextHandler@3cfe32ed{logs,/logs,file:///github/workspace/mnt/ozone/hadoop-ozone/integration-test/target/log,AVAILABLE}
2020-12-11 14:19:06,830 [Listener at 127.0.0.1/43915] INFO  handler.ContextHandler (ContextHandler.java:doStart(916)) - Started o.e.j.s.ServletContextHandler@397d88df{static,/static,jar:file:/home/user/.m2/repository/org/apache/hadoop/hadoop-hdds-container-service/1.1.0-SNAPSHOT/hadoop-hdds-container-service-1.1.0-SNAPSHOT.jar!/webapps/static,AVAILABLE}
2020-12-11 14:19:06,965 [Listener at 127.0.0.1/43915] INFO  handler.ContextHandler (ContextHandler.java:doStart(916)) - Started o.e.j.w.WebAppContext@21964dbe{hddsDatanode,/,file:///tmp/jetty-0_0_0_0-35199-hadoop-hdds-container-service-1_1_0-SNAPSHOT_jar-_-any-3475513151217274932/webapp/,AVAILABLE}{jar:file:/home/user/.m2/repository/org/apache/hadoop/hadoop-hdds-container-service/1.1.0-SNAPSHOT/hadoop-hdds-container-service-1.1.0-SNAPSHOT.jar!/webapps/hddsDatanode}
2020-12-11 14:19:06,966 [Listener at 127.0.0.1/43915] INFO  server.AbstractConnector (AbstractConnector.java:doStart(331)) - Started ServerConnector@542f8b4{HTTP/1.1, (http/1.1)}{0.0.0.0:35199}
2020-12-11 14:19:06,966 [Listener at 127.0.0.1/43915] INFO  server.Server (Server.java:doStart(415)) - Started @47135ms
2020-12-11 14:19:06,967 [Listener at 127.0.0.1/43915] WARN  impl.MetricsSystemImpl (MetricsSystemImpl.java:register(276)) - Sink prometheus already exists!
2020-12-11 14:19:06,969 [Listener at 127.0.0.1/43915] INFO  http.BaseHttpServer (BaseHttpServer.java:updateConnectorAddress(327)) - HTTP server of hddsDatanode listening at http://0.0.0.0:35199
2020-12-11 14:19:06,974 [Listener at 127.0.0.1/43915] INFO  impl.MetricsSystemImpl (MetricsSystemImpl.java:init(158)) - HddsDatanode metrics system started (again)
2020-12-11 14:19:06,975 [Listener at 127.0.0.1/43915] INFO  ozone.HddsDatanodeService (HddsDatanodeService.java:start(217)) - HddsDatanodeService host:cfd2ce0fb241 ip:172.17.0.2
2020-12-11 14:19:06,981 [org.apache.hadoop.util.JvmPauseMonitor$Monitor@e5c1bad] INFO  util.JvmPauseMonitor (JvmPauseMonitor.java:run(188)) - Starting JVM pause monitor
2020-12-11 14:19:06,986 [Listener at 127.0.0.1/43915] INFO  volume.HddsVolume (HddsVolume.java:<init>(176)) - Creating Volume: /github/workspace/mnt/ozone/hadoop-ozone/integration-test/target/test-dir/MiniOzoneClusterImpl-f6ec90cd-9249-41c8-b5e0-41cfbed7d430/datanode-2/data-0/containers/hdds of storage type : DISK and capacity : 9223372036854775807
2020-12-11 14:19:06,986 [Listener at 127.0.0.1/43915] INFO  volume.MutableVolumeSet (MutableVolumeSet.java:initializeVolumeSet(179)) - Added Volume : /github/workspace/mnt/ozone/hadoop-ozone/integration-test/target/test-dir/MiniOzoneClusterImpl-f6ec90cd-9249-41c8-b5e0-41cfbed7d430/datanode-2/data-0/containers/hdds to VolumeSet
2020-12-11 14:19:06,986 [Listener at 127.0.0.1/43915] INFO  volume.ThrottledAsyncChecker (ThrottledAsyncChecker.java:schedule(141)) - Scheduling a check for /github/workspace/mnt/ozone/hadoop-ozone/integration-test/target/test-dir/MiniOzoneClusterImpl-f6ec90cd-9249-41c8-b5e0-41cfbed7d430/datanode-2/data-0/containers/hdds
2020-12-11 14:19:06,986 [Listener at 127.0.0.1/43915] INFO  volume.HddsVolumeChecker (HddsVolumeChecker.java:checkAllVolumes(200)) - Scheduled health check for volume /github/workspace/mnt/ozone/hadoop-ozone/integration-test/target/test-dir/MiniOzoneClusterImpl-f6ec90cd-9249-41c8-b5e0-41cfbed7d430/datanode-2/data-0/containers/hdds
2020-12-11 14:19:06,988 [Datanode State Machine Task Thread - 0] INFO  datanode.InitDatanodeState (InitDatanodeState.java:persistContainerDatanodeDetails(145)) - DatanodeDetails is persisted to /github/workspace/mnt/ozone/hadoop-ozone/integration-test/target/test-dir/MiniOzoneClusterImpl-f6ec90cd-9249-41c8-b5e0-41cfbed7d430/datanode-1/meta/datanode.id
2020-12-11 14:19:06,997 [Thread-514] INFO  ozoneimpl.ContainerReader (ContainerReader.java:readVolume(123)) - Start to verify containers on volume /github/workspace/mnt/ozone/hadoop-ozone/integration-test/target/test-dir/MiniOzoneClusterImpl-f6ec90cd-9249-41c8-b5e0-41cfbed7d430/datanode-2/data-0/containers/hdds
2020-12-11 14:19:06,997 [Thread-514] INFO  ozoneimpl.ContainerReader (ContainerReader.java:readVolume(148)) - Finish verifying containers on volume /github/workspace/mnt/ozone/hadoop-ozone/integration-test/target/test-dir/MiniOzoneClusterImpl-f6ec90cd-9249-41c8-b5e0-41cfbed7d430/datanode-2/data-0/containers/hdds
2020-12-11 14:19:06,998 [Listener at 127.0.0.1/43915] INFO  ozoneimpl.OzoneContainer (OzoneContainer.java:buildContainerSet(194)) - Build ContainerSet costs 0s
2020-12-11 14:19:06,999 [Listener at 127.0.0.1/43915] INFO  impl.RaftServerProxy (ConfUtils.java:logGet(44)) - raft.rpc.type = GRPC (default)
2020-12-11 14:19:06,999 [Listener at 127.0.0.1/43915] INFO  grpc.GrpcFactory (GrpcFactory.java:checkPooledByteBufAllocatorUseCacheForAllThreads(45)) - PERFORMANCE WARNING: useCacheForAllThreads is true that may cause Netty to create a lot garbage objects and, as a result, trigger GC.
	It is recommended to disable useCacheForAllThreads by setting -Dorg.apache.ratis.thirdparty.io.netty.allocator.useCacheForAllThreads=false in command line.
2020-12-11 14:19:06,999 [Listener at 127.0.0.1/43915] INFO  grpc.GrpcConfigKeys (ConfUtils.java:logGet(44)) - raft.grpc.server.port = 0 (default)
2020-12-11 14:19:07,000 [Listener at 127.0.0.1/43915] INFO  server.GrpcService (ConfUtils.java:logGet(44)) - raft.grpc.message.size.max = 32MB (=33554432) (custom)
2020-12-11 14:19:07,000 [Listener at 127.0.0.1/43915] INFO  server.RaftServerConfigKeys (ConfUtils.java:logGet(44)) - raft.server.log.appender.buffer.byte-limit = 33554432 (custom)
2020-12-11 14:19:07,000 [Listener at 127.0.0.1/43915] INFO  server.GrpcService (ConfUtils.java:logGet(44)) - raft.grpc.flow.control.window = 5MB (=5242880) (custom)
2020-12-11 14:19:07,000 [Listener at 127.0.0.1/43915] INFO  server.RaftServerConfigKeys (ConfUtils.java:logGet(44)) - raft.server.rpc.request.timeout = 60s (custom)
2020-12-11 14:19:07,001 [Listener at 127.0.0.1/43915] INFO  impl.DataStreamServerImpl (ConfUtils.java:logGet(44)) - raft.datastream.type = DISABLED (default)
2020-12-11 14:19:07,001 [Listener at 127.0.0.1/43915] INFO  server.RaftServerConfigKeys (ConfUtils.java:logGet(44)) - raft.server.storage.dir = [/github/workspace/mnt/ozone/hadoop-ozone/integration-test/target/test-dir/MiniOzoneClusterImpl-f6ec90cd-9249-41c8-b5e0-41cfbed7d430/datanode-2/data/ratis] (custom)
2020-12-11 14:19:07,005 [Listener at 127.0.0.1/43915] INFO  http.BaseHttpServer (BaseHttpServer.java:newHttpServer2BuilderForOzone(207)) - Starting Web-server for hddsDatanode at: http://0.0.0.0:0
2020-12-11 14:19:07,005 [Listener at 127.0.0.1/43915] INFO  http.BaseHttpServer (BaseHttpServer.java:<init>(106)) - Hadoop Security Enabled: false Ozone Security Enabled: false Ozone HTTP Security Enabled: false 
2020-12-11 14:19:07,006 [Listener at 127.0.0.1/43915] INFO  server.AuthenticationFilter (AuthenticationFilter.java:constructSecretProvider(240)) - Unable to initialize FileSignerSecretProvider, falling back to use random secrets.
2020-12-11 14:19:07,006 [Listener at 127.0.0.1/43915] WARN  http.HttpRequestLog (HttpRequestLog.java:getRequestLog(103)) - Jetty request log can only be enabled using Log4j
2020-12-11 14:19:07,007 [Listener at 127.0.0.1/43915] INFO  http.HttpServer2 (HttpServer2.java:addGlobalFilter(1020)) - Added global filter 'safety' (class=org.apache.hadoop.hdds.server.http.HttpServer2$QuotingInputFilter)
2020-12-11 14:19:07,007 [Listener at 127.0.0.1/43915] INFO  http.HttpServer2 (HttpServer2.java:addFilter(996)) - Added filter static_user_filter (class=org.apache.hadoop.http.lib.StaticUserWebFilter$StaticUserFilter) to context hddsDatanode
2020-12-11 14:19:07,007 [Listener at 127.0.0.1/43915] INFO  http.HttpServer2 (HttpServer2.java:addFilter(1004)) - Added filter static_user_filter (class=org.apache.hadoop.http.lib.StaticUserWebFilter$StaticUserFilter) to context logs
2020-12-11 14:19:07,007 [Listener at 127.0.0.1/43915] INFO  http.HttpServer2 (HttpServer2.java:addFilter(1004)) - Added filter static_user_filter (class=org.apache.hadoop.http.lib.StaticUserWebFilter$StaticUserFilter) to context static
2020-12-11 14:19:07,008 [Listener at 127.0.0.1/43915] INFO  http.HttpServer2 (HttpServer2.java:bindListener(1238)) - Jetty bound to port 37897
2020-12-11 14:19:07,008 [Listener at 127.0.0.1/43915] INFO  server.Server (Server.java:doStart(375)) - jetty-9.4.34.v20201102; built: 2020-11-02T14:15:39.302Z; git: e46af88704a893fc12cb0e3bf46e2c7b48a009e7; jvm 1.8.0_232-b09
2020-12-11 14:19:07,009 [Listener at 127.0.0.1/43915] INFO  server.session (DefaultSessionIdManager.java:doStart(334)) - DefaultSessionIdManager workerName=node0
2020-12-11 14:19:07,009 [Listener at 127.0.0.1/43915] INFO  server.session (DefaultSessionIdManager.java:doStart(339)) - No SessionScavenger set, using defaults
2020-12-11 14:19:07,009 [Listener at 127.0.0.1/43915] INFO  server.session (HouseKeeper.java:startScavenging(132)) - node0 Scavenging every 600000ms
2020-12-11 14:19:07,010 [Listener at 127.0.0.1/43915] INFO  handler.ContextHandler (ContextHandler.java:doStart(916)) - Started o.e.j.s.ServletContextHandler@67606bc3{logs,/logs,file:///github/workspace/mnt/ozone/hadoop-ozone/integration-test/target/log,AVAILABLE}
2020-12-11 14:19:07,010 [Listener at 127.0.0.1/43915] INFO  handler.ContextHandler (ContextHandler.java:doStart(916)) - Started o.e.j.s.ServletContextHandler@2bb89f8c{static,/static,jar:file:/home/user/.m2/repository/org/apache/hadoop/hadoop-hdds-container-service/1.1.0-SNAPSHOT/hadoop-hdds-container-service-1.1.0-SNAPSHOT.jar!/webapps/static,AVAILABLE}
2020-12-11 14:19:07,129 [Listener at 127.0.0.1/43915] INFO  handler.ContextHandler (ContextHandler.java:doStart(916)) - Started o.e.j.w.WebAppContext@2c1154f2{hddsDatanode,/,file:///tmp/jetty-0_0_0_0-37897-hadoop-hdds-container-service-1_1_0-SNAPSHOT_jar-_-any-2562076723316757488/webapp/,AVAILABLE}{jar:file:/home/user/.m2/repository/org/apache/hadoop/hadoop-hdds-container-service/1.1.0-SNAPSHOT/hadoop-hdds-container-service-1.1.0-SNAPSHOT.jar!/webapps/hddsDatanode}
2020-12-11 14:19:07,131 [Listener at 127.0.0.1/43915] INFO  server.AbstractConnector (AbstractConnector.java:doStart(331)) - Started ServerConnector@17047f0f{HTTP/1.1, (http/1.1)}{0.0.0.0:37897}
2020-12-11 14:19:07,131 [Listener at 127.0.0.1/43915] INFO  server.Server (Server.java:doStart(415)) - Started @47300ms
2020-12-11 14:19:07,131 [Listener at 127.0.0.1/43915] WARN  impl.MetricsSystemImpl (MetricsSystemImpl.java:register(276)) - Sink prometheus already exists!
2020-12-11 14:19:07,134 [Listener at 127.0.0.1/43915] INFO  http.BaseHttpServer (BaseHttpServer.java:updateConnectorAddress(327)) - HTTP server of hddsDatanode listening at http://0.0.0.0:37897
2020-12-11 14:19:07,135 [Listener at 127.0.0.1/43915] INFO  impl.MetricsSystemImpl (MetricsSystemImpl.java:init(158)) - HddsDatanode metrics system started (again)
2020-12-11 14:19:07,136 [Listener at 127.0.0.1/43915] INFO  ozone.HddsDatanodeService (HddsDatanodeService.java:start(217)) - HddsDatanodeService host:cfd2ce0fb241 ip:172.17.0.2
2020-12-11 14:19:07,138 [Listener at 127.0.0.1/43915] INFO  volume.HddsVolume (HddsVolume.java:<init>(176)) - Creating Volume: /github/workspace/mnt/ozone/hadoop-ozone/integration-test/target/test-dir/MiniOzoneClusterImpl-f6ec90cd-9249-41c8-b5e0-41cfbed7d430/datanode-3/data-0/containers/hdds of storage type : DISK and capacity : 9223372036854775807
2020-12-11 14:19:07,138 [Listener at 127.0.0.1/43915] INFO  volume.MutableVolumeSet (MutableVolumeSet.java:initializeVolumeSet(179)) - Added Volume : /github/workspace/mnt/ozone/hadoop-ozone/integration-test/target/test-dir/MiniOzoneClusterImpl-f6ec90cd-9249-41c8-b5e0-41cfbed7d430/datanode-3/data-0/containers/hdds to VolumeSet
2020-12-11 14:19:07,139 [Listener at 127.0.0.1/43915] INFO  volume.ThrottledAsyncChecker (ThrottledAsyncChecker.java:schedule(141)) - Scheduling a check for /github/workspace/mnt/ozone/hadoop-ozone/integration-test/target/test-dir/MiniOzoneClusterImpl-f6ec90cd-9249-41c8-b5e0-41cfbed7d430/datanode-3/data-0/containers/hdds
2020-12-11 14:19:07,139 [Listener at 127.0.0.1/43915] INFO  volume.HddsVolumeChecker (HddsVolumeChecker.java:checkAllVolumes(200)) - Scheduled health check for volume /github/workspace/mnt/ozone/hadoop-ozone/integration-test/target/test-dir/MiniOzoneClusterImpl-f6ec90cd-9249-41c8-b5e0-41cfbed7d430/datanode-3/data-0/containers/hdds
2020-12-11 14:19:07,151 [org.apache.hadoop.util.JvmPauseMonitor$Monitor@307d7616] INFO  util.JvmPauseMonitor (JvmPauseMonitor.java:run(188)) - Starting JVM pause monitor
2020-12-11 14:19:07,153 [Datanode State Machine Task Thread - 0] INFO  datanode.InitDatanodeState (InitDatanodeState.java:persistContainerDatanodeDetails(145)) - DatanodeDetails is persisted to /github/workspace/mnt/ozone/hadoop-ozone/integration-test/target/test-dir/MiniOzoneClusterImpl-f6ec90cd-9249-41c8-b5e0-41cfbed7d430/datanode-2/meta/datanode.id
2020-12-11 14:19:07,154 [Thread-525] INFO  ozoneimpl.ContainerReader (ContainerReader.java:readVolume(123)) - Start to verify containers on volume /github/workspace/mnt/ozone/hadoop-ozone/integration-test/target/test-dir/MiniOzoneClusterImpl-f6ec90cd-9249-41c8-b5e0-41cfbed7d430/datanode-3/data-0/containers/hdds
2020-12-11 14:19:07,154 [Thread-525] INFO  ozoneimpl.ContainerReader (ContainerReader.java:readVolume(148)) - Finish verifying containers on volume /github/workspace/mnt/ozone/hadoop-ozone/integration-test/target/test-dir/MiniOzoneClusterImpl-f6ec90cd-9249-41c8-b5e0-41cfbed7d430/datanode-3/data-0/containers/hdds
2020-12-11 14:19:07,154 [Listener at 127.0.0.1/43915] INFO  ozoneimpl.OzoneContainer (OzoneContainer.java:buildContainerSet(194)) - Build ContainerSet costs 0s
2020-12-11 14:19:07,156 [Listener at 127.0.0.1/43915] INFO  impl.RaftServerProxy (ConfUtils.java:logGet(44)) - raft.rpc.type = GRPC (default)
2020-12-11 14:19:07,156 [Listener at 127.0.0.1/43915] INFO  grpc.GrpcFactory (GrpcFactory.java:checkPooledByteBufAllocatorUseCacheForAllThreads(45)) - PERFORMANCE WARNING: useCacheForAllThreads is true that may cause Netty to create a lot garbage objects and, as a result, trigger GC.
	It is recommended to disable useCacheForAllThreads by setting -Dorg.apache.ratis.thirdparty.io.netty.allocator.useCacheForAllThreads=false in command line.
2020-12-11 14:19:07,156 [Listener at 127.0.0.1/43915] INFO  grpc.GrpcConfigKeys (ConfUtils.java:logGet(44)) - raft.grpc.server.port = 0 (default)
2020-12-11 14:19:07,156 [Listener at 127.0.0.1/43915] INFO  server.GrpcService (ConfUtils.java:logGet(44)) - raft.grpc.message.size.max = 32MB (=33554432) (custom)
2020-12-11 14:19:07,156 [Listener at 127.0.0.1/43915] INFO  server.RaftServerConfigKeys (ConfUtils.java:logGet(44)) - raft.server.log.appender.buffer.byte-limit = 33554432 (custom)
2020-12-11 14:19:07,156 [Listener at 127.0.0.1/43915] INFO  server.GrpcService (ConfUtils.java:logGet(44)) - raft.grpc.flow.control.window = 5MB (=5242880) (custom)
2020-12-11 14:19:07,156 [Listener at 127.0.0.1/43915] INFO  server.RaftServerConfigKeys (ConfUtils.java:logGet(44)) - raft.server.rpc.request.timeout = 60s (custom)
2020-12-11 14:19:07,157 [Listener at 127.0.0.1/43915] INFO  impl.DataStreamServerImpl (ConfUtils.java:logGet(44)) - raft.datastream.type = DISABLED (default)
2020-12-11 14:19:07,157 [Listener at 127.0.0.1/43915] INFO  server.RaftServerConfigKeys (ConfUtils.java:logGet(44)) - raft.server.storage.dir = [/github/workspace/mnt/ozone/hadoop-ozone/integration-test/target/test-dir/MiniOzoneClusterImpl-f6ec90cd-9249-41c8-b5e0-41cfbed7d430/datanode-3/data/ratis] (custom)
2020-12-11 14:19:07,161 [Listener at 127.0.0.1/43915] INFO  http.BaseHttpServer (BaseHttpServer.java:newHttpServer2BuilderForOzone(207)) - Starting Web-server for hddsDatanode at: http://0.0.0.0:0
2020-12-11 14:19:07,161 [Listener at 127.0.0.1/43915] INFO  http.BaseHttpServer (BaseHttpServer.java:<init>(106)) - Hadoop Security Enabled: false Ozone Security Enabled: false Ozone HTTP Security Enabled: false 
2020-12-11 14:19:07,162 [Listener at 127.0.0.1/43915] INFO  server.AuthenticationFilter (AuthenticationFilter.java:constructSecretProvider(240)) - Unable to initialize FileSignerSecretProvider, falling back to use random secrets.
2020-12-11 14:19:07,162 [Listener at 127.0.0.1/43915] WARN  http.HttpRequestLog (HttpRequestLog.java:getRequestLog(103)) - Jetty request log can only be enabled using Log4j
2020-12-11 14:19:07,163 [Listener at 127.0.0.1/43915] INFO  http.HttpServer2 (HttpServer2.java:addGlobalFilter(1020)) - Added global filter 'safety' (class=org.apache.hadoop.hdds.server.http.HttpServer2$QuotingInputFilter)
2020-12-11 14:19:07,164 [Listener at 127.0.0.1/43915] INFO  http.HttpServer2 (HttpServer2.java:addFilter(996)) - Added filter static_user_filter (class=org.apache.hadoop.http.lib.StaticUserWebFilter$StaticUserFilter) to context hddsDatanode
2020-12-11 14:19:07,164 [Listener at 127.0.0.1/43915] INFO  http.HttpServer2 (HttpServer2.java:addFilter(1004)) - Added filter static_user_filter (class=org.apache.hadoop.http.lib.StaticUserWebFilter$StaticUserFilter) to context logs
2020-12-11 14:19:07,164 [Listener at 127.0.0.1/43915] INFO  http.HttpServer2 (HttpServer2.java:addFilter(1004)) - Added filter static_user_filter (class=org.apache.hadoop.http.lib.StaticUserWebFilter$StaticUserFilter) to context static
2020-12-11 14:19:07,164 [Listener at 127.0.0.1/43915] INFO  http.HttpServer2 (HttpServer2.java:bindListener(1238)) - Jetty bound to port 34351
2020-12-11 14:19:07,164 [Listener at 127.0.0.1/43915] INFO  server.Server (Server.java:doStart(375)) - jetty-9.4.34.v20201102; built: 2020-11-02T14:15:39.302Z; git: e46af88704a893fc12cb0e3bf46e2c7b48a009e7; jvm 1.8.0_232-b09
2020-12-11 14:19:07,165 [Listener at 127.0.0.1/43915] INFO  server.session (DefaultSessionIdManager.java:doStart(334)) - DefaultSessionIdManager workerName=node0
2020-12-11 14:19:07,166 [Listener at 127.0.0.1/43915] INFO  server.session (DefaultSessionIdManager.java:doStart(339)) - No SessionScavenger set, using defaults
2020-12-11 14:19:07,166 [Listener at 127.0.0.1/43915] INFO  server.session (HouseKeeper.java:startScavenging(132)) - node0 Scavenging every 660000ms
2020-12-11 14:19:07,166 [Listener at 127.0.0.1/43915] INFO  handler.ContextHandler (ContextHandler.java:doStart(916)) - Started o.e.j.s.ServletContextHandler@76e095d6{logs,/logs,file:///github/workspace/mnt/ozone/hadoop-ozone/integration-test/target/log,AVAILABLE}
2020-12-11 14:19:07,167 [Listener at 127.0.0.1/43915] INFO  handler.ContextHandler (ContextHandler.java:doStart(916)) - Started o.e.j.s.ServletContextHandler@7556ac2a{static,/static,jar:file:/home/user/.m2/repository/org/apache/hadoop/hadoop-hdds-container-service/1.1.0-SNAPSHOT/hadoop-hdds-container-service-1.1.0-SNAPSHOT.jar!/webapps/static,AVAILABLE}
2020-12-11 14:19:07,301 [Listener at 127.0.0.1/43915] INFO  handler.ContextHandler (ContextHandler.java:doStart(916)) - Started o.e.j.w.WebAppContext@2000081a{hddsDatanode,/,file:///tmp/jetty-0_0_0_0-34351-hadoop-hdds-container-service-1_1_0-SNAPSHOT_jar-_-any-1296479635184887874/webapp/,AVAILABLE}{jar:file:/home/user/.m2/repository/org/apache/hadoop/hadoop-hdds-container-service/1.1.0-SNAPSHOT/hadoop-hdds-container-service-1.1.0-SNAPSHOT.jar!/webapps/hddsDatanode}
2020-12-11 14:19:07,302 [Listener at 127.0.0.1/43915] INFO  server.AbstractConnector (AbstractConnector.java:doStart(331)) - Started ServerConnector@5c8fdf2{HTTP/1.1, (http/1.1)}{0.0.0.0:34351}
2020-12-11 14:19:07,303 [Listener at 127.0.0.1/43915] INFO  server.Server (Server.java:doStart(415)) - Started @47472ms
2020-12-11 14:19:07,303 [Listener at 127.0.0.1/43915] WARN  impl.MetricsSystemImpl (MetricsSystemImpl.java:register(276)) - Sink prometheus already exists!
2020-12-11 14:19:07,306 [Listener at 127.0.0.1/43915] INFO  http.BaseHttpServer (BaseHttpServer.java:updateConnectorAddress(327)) - HTTP server of hddsDatanode listening at http://0.0.0.0:34351
2020-12-11 14:19:07,307 [Listener at 127.0.0.1/43915] INFO  impl.MetricsSystemImpl (MetricsSystemImpl.java:init(158)) - HddsDatanode metrics system started (again)
2020-12-11 14:19:07,309 [Listener at 127.0.0.1/43915] INFO  ozone.HddsDatanodeService (HddsDatanodeService.java:start(217)) - HddsDatanodeService host:cfd2ce0fb241 ip:172.17.0.2
2020-12-11 14:19:07,309 [org.apache.hadoop.util.JvmPauseMonitor$Monitor@706d4fd] INFO  util.JvmPauseMonitor (JvmPauseMonitor.java:run(188)) - Starting JVM pause monitor
2020-12-11 14:19:07,310 [Listener at 127.0.0.1/43915] INFO  volume.HddsVolume (HddsVolume.java:<init>(176)) - Creating Volume: /github/workspace/mnt/ozone/hadoop-ozone/integration-test/target/test-dir/MiniOzoneClusterImpl-f6ec90cd-9249-41c8-b5e0-41cfbed7d430/datanode-4/data-0/containers/hdds of storage type : DISK and capacity : 9223372036854775807
2020-12-11 14:19:07,311 [Listener at 127.0.0.1/43915] INFO  volume.MutableVolumeSet (MutableVolumeSet.java:initializeVolumeSet(179)) - Added Volume : /github/workspace/mnt/ozone/hadoop-ozone/integration-test/target/test-dir/MiniOzoneClusterImpl-f6ec90cd-9249-41c8-b5e0-41cfbed7d430/datanode-4/data-0/containers/hdds to VolumeSet
2020-12-11 14:19:07,311 [Listener at 127.0.0.1/43915] INFO  volume.ThrottledAsyncChecker (ThrottledAsyncChecker.java:schedule(141)) - Scheduling a check for /github/workspace/mnt/ozone/hadoop-ozone/integration-test/target/test-dir/MiniOzoneClusterImpl-f6ec90cd-9249-41c8-b5e0-41cfbed7d430/datanode-4/data-0/containers/hdds
2020-12-11 14:19:07,312 [Datanode State Machine Task Thread - 0] INFO  datanode.InitDatanodeState (InitDatanodeState.java:persistContainerDatanodeDetails(145)) - DatanodeDetails is persisted to /github/workspace/mnt/ozone/hadoop-ozone/integration-test/target/test-dir/MiniOzoneClusterImpl-f6ec90cd-9249-41c8-b5e0-41cfbed7d430/datanode-3/meta/datanode.id
2020-12-11 14:19:07,312 [Listener at 127.0.0.1/43915] INFO  volume.HddsVolumeChecker (HddsVolumeChecker.java:checkAllVolumes(200)) - Scheduled health check for volume /github/workspace/mnt/ozone/hadoop-ozone/integration-test/target/test-dir/MiniOzoneClusterImpl-f6ec90cd-9249-41c8-b5e0-41cfbed7d430/datanode-4/data-0/containers/hdds
2020-12-11 14:19:07,324 [Thread-536] INFO  ozoneimpl.ContainerReader (ContainerReader.java:readVolume(123)) - Start to verify containers on volume /github/workspace/mnt/ozone/hadoop-ozone/integration-test/target/test-dir/MiniOzoneClusterImpl-f6ec90cd-9249-41c8-b5e0-41cfbed7d430/datanode-4/data-0/containers/hdds
2020-12-11 14:19:07,324 [Thread-536] INFO  ozoneimpl.ContainerReader (ContainerReader.java:readVolume(148)) - Finish verifying containers on volume /github/workspace/mnt/ozone/hadoop-ozone/integration-test/target/test-dir/MiniOzoneClusterImpl-f6ec90cd-9249-41c8-b5e0-41cfbed7d430/datanode-4/data-0/containers/hdds
2020-12-11 14:19:07,324 [Listener at 127.0.0.1/43915] INFO  ozoneimpl.OzoneContainer (OzoneContainer.java:buildContainerSet(194)) - Build ContainerSet costs 0s
2020-12-11 14:19:07,325 [Listener at 127.0.0.1/43915] INFO  impl.RaftServerProxy (ConfUtils.java:logGet(44)) - raft.rpc.type = GRPC (default)
2020-12-11 14:19:07,326 [Listener at 127.0.0.1/43915] INFO  grpc.GrpcFactory (GrpcFactory.java:checkPooledByteBufAllocatorUseCacheForAllThreads(45)) - PERFORMANCE WARNING: useCacheForAllThreads is true that may cause Netty to create a lot garbage objects and, as a result, trigger GC.
	It is recommended to disable useCacheForAllThreads by setting -Dorg.apache.ratis.thirdparty.io.netty.allocator.useCacheForAllThreads=false in command line.
2020-12-11 14:19:07,326 [Listener at 127.0.0.1/43915] INFO  grpc.GrpcConfigKeys (ConfUtils.java:logGet(44)) - raft.grpc.server.port = 0 (default)
2020-12-11 14:19:07,326 [Listener at 127.0.0.1/43915] INFO  server.GrpcService (ConfUtils.java:logGet(44)) - raft.grpc.message.size.max = 32MB (=33554432) (custom)
2020-12-11 14:19:07,326 [Listener at 127.0.0.1/43915] INFO  server.RaftServerConfigKeys (ConfUtils.java:logGet(44)) - raft.server.log.appender.buffer.byte-limit = 33554432 (custom)
2020-12-11 14:19:07,326 [Listener at 127.0.0.1/43915] INFO  server.GrpcService (ConfUtils.java:logGet(44)) - raft.grpc.flow.control.window = 5MB (=5242880) (custom)
2020-12-11 14:19:07,326 [Listener at 127.0.0.1/43915] INFO  server.RaftServerConfigKeys (ConfUtils.java:logGet(44)) - raft.server.rpc.request.timeout = 60s (custom)
2020-12-11 14:19:07,327 [Listener at 127.0.0.1/43915] INFO  impl.DataStreamServerImpl (ConfUtils.java:logGet(44)) - raft.datastream.type = DISABLED (default)
2020-12-11 14:19:07,327 [Listener at 127.0.0.1/43915] INFO  server.RaftServerConfigKeys (ConfUtils.java:logGet(44)) - raft.server.storage.dir = [/github/workspace/mnt/ozone/hadoop-ozone/integration-test/target/test-dir/MiniOzoneClusterImpl-f6ec90cd-9249-41c8-b5e0-41cfbed7d430/datanode-4/data/ratis] (custom)
2020-12-11 14:19:07,331 [Listener at 127.0.0.1/43915] INFO  http.BaseHttpServer (BaseHttpServer.java:newHttpServer2BuilderForOzone(207)) - Starting Web-server for hddsDatanode at: http://0.0.0.0:0
2020-12-11 14:19:07,331 [Listener at 127.0.0.1/43915] INFO  http.BaseHttpServer (BaseHttpServer.java:<init>(106)) - Hadoop Security Enabled: false Ozone Security Enabled: false Ozone HTTP Security Enabled: false 
2020-12-11 14:19:07,332 [Listener at 127.0.0.1/43915] INFO  server.AuthenticationFilter (AuthenticationFilter.java:constructSecretProvider(240)) - Unable to initialize FileSignerSecretProvider, falling back to use random secrets.
2020-12-11 14:19:07,332 [Listener at 127.0.0.1/43915] WARN  http.HttpRequestLog (HttpRequestLog.java:getRequestLog(103)) - Jetty request log can only be enabled using Log4j
2020-12-11 14:19:07,333 [Listener at 127.0.0.1/43915] INFO  http.HttpServer2 (HttpServer2.java:addGlobalFilter(1020)) - Added global filter 'safety' (class=org.apache.hadoop.hdds.server.http.HttpServer2$QuotingInputFilter)
2020-12-11 14:19:07,333 [Listener at 127.0.0.1/43915] INFO  http.HttpServer2 (HttpServer2.java:addFilter(996)) - Added filter static_user_filter (class=org.apache.hadoop.http.lib.StaticUserWebFilter$StaticUserFilter) to context hddsDatanode
2020-12-11 14:19:07,333 [Listener at 127.0.0.1/43915] INFO  http.HttpServer2 (HttpServer2.java:addFilter(1004)) - Added filter static_user_filter (class=org.apache.hadoop.http.lib.StaticUserWebFilter$StaticUserFilter) to context logs
2020-12-11 14:19:07,334 [Listener at 127.0.0.1/43915] INFO  http.HttpServer2 (HttpServer2.java:addFilter(1004)) - Added filter static_user_filter (class=org.apache.hadoop.http.lib.StaticUserWebFilter$StaticUserFilter) to context static
2020-12-11 14:19:07,334 [Listener at 127.0.0.1/43915] INFO  http.HttpServer2 (HttpServer2.java:bindListener(1238)) - Jetty bound to port 36373
2020-12-11 14:19:07,334 [Listener at 127.0.0.1/43915] INFO  server.Server (Server.java:doStart(375)) - jetty-9.4.34.v20201102; built: 2020-11-02T14:15:39.302Z; git: e46af88704a893fc12cb0e3bf46e2c7b48a009e7; jvm 1.8.0_232-b09
2020-12-11 14:19:07,335 [Listener at 127.0.0.1/43915] INFO  server.session (DefaultSessionIdManager.java:doStart(334)) - DefaultSessionIdManager workerName=node0
2020-12-11 14:19:07,335 [Listener at 127.0.0.1/43915] INFO  server.session (DefaultSessionIdManager.java:doStart(339)) - No SessionScavenger set, using defaults
2020-12-11 14:19:07,336 [Listener at 127.0.0.1/43915] INFO  server.session (HouseKeeper.java:startScavenging(132)) - node0 Scavenging every 600000ms
2020-12-11 14:19:07,336 [Listener at 127.0.0.1/43915] INFO  handler.ContextHandler (ContextHandler.java:doStart(916)) - Started o.e.j.s.ServletContextHandler@cd523a0{logs,/logs,file:///github/workspace/mnt/ozone/hadoop-ozone/integration-test/target/log,AVAILABLE}
2020-12-11 14:19:07,337 [Listener at 127.0.0.1/43915] INFO  handler.ContextHandler (ContextHandler.java:doStart(916)) - Started o.e.j.s.ServletContextHandler@74444099{static,/static,jar:file:/home/user/.m2/repository/org/apache/hadoop/hadoop-hdds-container-service/1.1.0-SNAPSHOT/hadoop-hdds-container-service-1.1.0-SNAPSHOT.jar!/webapps/static,AVAILABLE}
2020-12-11 14:19:07,456 [Listener at 127.0.0.1/43915] INFO  handler.ContextHandler (ContextHandler.java:doStart(916)) - Started o.e.j.w.WebAppContext@30467673{hddsDatanode,/,file:///tmp/jetty-0_0_0_0-36373-hadoop-hdds-container-service-1_1_0-SNAPSHOT_jar-_-any-5942771759454541705/webapp/,AVAILABLE}{jar:file:/home/user/.m2/repository/org/apache/hadoop/hadoop-hdds-container-service/1.1.0-SNAPSHOT/hadoop-hdds-container-service-1.1.0-SNAPSHOT.jar!/webapps/hddsDatanode}
2020-12-11 14:19:07,457 [Listener at 127.0.0.1/43915] INFO  server.AbstractConnector (AbstractConnector.java:doStart(331)) - Started ServerConnector@34f11db4{HTTP/1.1, (http/1.1)}{0.0.0.0:36373}
2020-12-11 14:19:07,458 [Listener at 127.0.0.1/43915] INFO  server.Server (Server.java:doStart(415)) - Started @47627ms
2020-12-11 14:19:07,458 [Listener at 127.0.0.1/43915] WARN  impl.MetricsSystemImpl (MetricsSystemImpl.java:register(276)) - Sink prometheus already exists!
2020-12-11 14:19:07,461 [Listener at 127.0.0.1/43915] INFO  http.BaseHttpServer (BaseHttpServer.java:updateConnectorAddress(327)) - HTTP server of hddsDatanode listening at http://0.0.0.0:36373
2020-12-11 14:19:07,465 [Listener at 127.0.0.1/43915] INFO  impl.MetricsSystemImpl (MetricsSystemImpl.java:init(158)) - HddsDatanode metrics system started (again)
2020-12-11 14:19:07,466 [Listener at 127.0.0.1/43915] INFO  ozone.HddsDatanodeService (HddsDatanodeService.java:start(217)) - HddsDatanodeService host:cfd2ce0fb241 ip:172.17.0.2
2020-12-11 14:19:07,469 [org.apache.hadoop.util.JvmPauseMonitor$Monitor@59591f8e] INFO  util.JvmPauseMonitor (JvmPauseMonitor.java:run(188)) - Starting JVM pause monitor
2020-12-11 14:19:07,471 [Listener at 127.0.0.1/43915] INFO  volume.HddsVolume (HddsVolume.java:<init>(176)) - Creating Volume: /github/workspace/mnt/ozone/hadoop-ozone/integration-test/target/test-dir/MiniOzoneClusterImpl-f6ec90cd-9249-41c8-b5e0-41cfbed7d430/datanode-5/data-0/containers/hdds of storage type : DISK and capacity : 9223372036854775807
2020-12-11 14:19:07,472 [Listener at 127.0.0.1/43915] INFO  volume.MutableVolumeSet (MutableVolumeSet.java:initializeVolumeSet(179)) - Added Volume : /github/workspace/mnt/ozone/hadoop-ozone/integration-test/target/test-dir/MiniOzoneClusterImpl-f6ec90cd-9249-41c8-b5e0-41cfbed7d430/datanode-5/data-0/containers/hdds to VolumeSet
2020-12-11 14:19:07,472 [Listener at 127.0.0.1/43915] INFO  volume.ThrottledAsyncChecker (ThrottledAsyncChecker.java:schedule(141)) - Scheduling a check for /github/workspace/mnt/ozone/hadoop-ozone/integration-test/target/test-dir/MiniOzoneClusterImpl-f6ec90cd-9249-41c8-b5e0-41cfbed7d430/datanode-5/data-0/containers/hdds
2020-12-11 14:19:07,473 [Datanode State Machine Task Thread - 0] INFO  datanode.InitDatanodeState (InitDatanodeState.java:persistContainerDatanodeDetails(145)) - DatanodeDetails is persisted to /github/workspace/mnt/ozone/hadoop-ozone/integration-test/target/test-dir/MiniOzoneClusterImpl-f6ec90cd-9249-41c8-b5e0-41cfbed7d430/datanode-4/meta/datanode.id
2020-12-11 14:19:07,474 [Listener at 127.0.0.1/43915] INFO  volume.HddsVolumeChecker (HddsVolumeChecker.java:checkAllVolumes(200)) - Scheduled health check for volume /github/workspace/mnt/ozone/hadoop-ozone/integration-test/target/test-dir/MiniOzoneClusterImpl-f6ec90cd-9249-41c8-b5e0-41cfbed7d430/datanode-5/data-0/containers/hdds
2020-12-11 14:19:07,486 [Thread-547] INFO  ozoneimpl.ContainerReader (ContainerReader.java:readVolume(123)) - Start to verify containers on volume /github/workspace/mnt/ozone/hadoop-ozone/integration-test/target/test-dir/MiniOzoneClusterImpl-f6ec90cd-9249-41c8-b5e0-41cfbed7d430/datanode-5/data-0/containers/hdds
2020-12-11 14:19:07,486 [Thread-547] INFO  ozoneimpl.ContainerReader (ContainerReader.java:readVolume(148)) - Finish verifying containers on volume /github/workspace/mnt/ozone/hadoop-ozone/integration-test/target/test-dir/MiniOzoneClusterImpl-f6ec90cd-9249-41c8-b5e0-41cfbed7d430/datanode-5/data-0/containers/hdds
2020-12-11 14:19:07,486 [Listener at 127.0.0.1/43915] INFO  ozoneimpl.OzoneContainer (OzoneContainer.java:buildContainerSet(194)) - Build ContainerSet costs 0s
2020-12-11 14:19:07,488 [Listener at 127.0.0.1/43915] INFO  impl.RaftServerProxy (ConfUtils.java:logGet(44)) - raft.rpc.type = GRPC (default)
2020-12-11 14:19:07,488 [Listener at 127.0.0.1/43915] INFO  grpc.GrpcFactory (GrpcFactory.java:checkPooledByteBufAllocatorUseCacheForAllThreads(45)) - PERFORMANCE WARNING: useCacheForAllThreads is true that may cause Netty to create a lot garbage objects and, as a result, trigger GC.
	It is recommended to disable useCacheForAllThreads by setting -Dorg.apache.ratis.thirdparty.io.netty.allocator.useCacheForAllThreads=false in command line.
2020-12-11 14:19:07,488 [Listener at 127.0.0.1/43915] INFO  grpc.GrpcConfigKeys (ConfUtils.java:logGet(44)) - raft.grpc.server.port = 0 (default)
2020-12-11 14:19:07,488 [Listener at 127.0.0.1/43915] INFO  server.GrpcService (ConfUtils.java:logGet(44)) - raft.grpc.message.size.max = 32MB (=33554432) (custom)
2020-12-11 14:19:07,488 [Listener at 127.0.0.1/43915] INFO  server.RaftServerConfigKeys (ConfUtils.java:logGet(44)) - raft.server.log.appender.buffer.byte-limit = 33554432 (custom)
2020-12-11 14:19:07,488 [Listener at 127.0.0.1/43915] INFO  server.GrpcService (ConfUtils.java:logGet(44)) - raft.grpc.flow.control.window = 5MB (=5242880) (custom)
2020-12-11 14:19:07,488 [Listener at 127.0.0.1/43915] INFO  server.RaftServerConfigKeys (ConfUtils.java:logGet(44)) - raft.server.rpc.request.timeout = 60s (custom)
2020-12-11 14:19:07,489 [Listener at 127.0.0.1/43915] INFO  impl.DataStreamServerImpl (ConfUtils.java:logGet(44)) - raft.datastream.type = DISABLED (default)
2020-12-11 14:19:07,489 [Listener at 127.0.0.1/43915] INFO  server.RaftServerConfigKeys (ConfUtils.java:logGet(44)) - raft.server.storage.dir = [/github/workspace/mnt/ozone/hadoop-ozone/integration-test/target/test-dir/MiniOzoneClusterImpl-f6ec90cd-9249-41c8-b5e0-41cfbed7d430/datanode-5/data/ratis] (custom)
2020-12-11 14:19:07,493 [Listener at 127.0.0.1/43915] INFO  http.BaseHttpServer (BaseHttpServer.java:newHttpServer2BuilderForOzone(207)) - Starting Web-server for hddsDatanode at: http://0.0.0.0:0
2020-12-11 14:19:07,494 [Listener at 127.0.0.1/43915] INFO  http.BaseHttpServer (BaseHttpServer.java:<init>(106)) - Hadoop Security Enabled: false Ozone Security Enabled: false Ozone HTTP Security Enabled: false 
2020-12-11 14:19:07,494 [Listener at 127.0.0.1/43915] INFO  server.AuthenticationFilter (AuthenticationFilter.java:constructSecretProvider(240)) - Unable to initialize FileSignerSecretProvider, falling back to use random secrets.
2020-12-11 14:19:07,495 [Listener at 127.0.0.1/43915] WARN  http.HttpRequestLog (HttpRequestLog.java:getRequestLog(103)) - Jetty request log can only be enabled using Log4j
2020-12-11 14:19:07,495 [Listener at 127.0.0.1/43915] INFO  http.HttpServer2 (HttpServer2.java:addGlobalFilter(1020)) - Added global filter 'safety' (class=org.apache.hadoop.hdds.server.http.HttpServer2$QuotingInputFilter)
2020-12-11 14:19:07,496 [Listener at 127.0.0.1/43915] INFO  http.HttpServer2 (HttpServer2.java:addFilter(996)) - Added filter static_user_filter (class=org.apache.hadoop.http.lib.StaticUserWebFilter$StaticUserFilter) to context hddsDatanode
2020-12-11 14:19:07,496 [Listener at 127.0.0.1/43915] INFO  http.HttpServer2 (HttpServer2.java:addFilter(1004)) - Added filter static_user_filter (class=org.apache.hadoop.http.lib.StaticUserWebFilter$StaticUserFilter) to context static
2020-12-11 14:19:07,496 [Listener at 127.0.0.1/43915] INFO  http.HttpServer2 (HttpServer2.java:addFilter(1004)) - Added filter static_user_filter (class=org.apache.hadoop.http.lib.StaticUserWebFilter$StaticUserFilter) to context logs
2020-12-11 14:19:07,496 [Listener at 127.0.0.1/43915] INFO  http.HttpServer2 (HttpServer2.java:bindListener(1238)) - Jetty bound to port 40781
2020-12-11 14:19:07,496 [Listener at 127.0.0.1/43915] INFO  server.Server (Server.java:doStart(375)) - jetty-9.4.34.v20201102; built: 2020-11-02T14:15:39.302Z; git: e46af88704a893fc12cb0e3bf46e2c7b48a009e7; jvm 1.8.0_232-b09
2020-12-11 14:19:07,498 [Listener at 127.0.0.1/43915] INFO  server.session (DefaultSessionIdManager.java:doStart(334)) - DefaultSessionIdManager workerName=node0
2020-12-11 14:19:07,498 [Listener at 127.0.0.1/43915] INFO  server.session (DefaultSessionIdManager.java:doStart(339)) - No SessionScavenger set, using defaults
2020-12-11 14:19:07,498 [Listener at 127.0.0.1/43915] INFO  server.session (HouseKeeper.java:startScavenging(132)) - node0 Scavenging every 660000ms
2020-12-11 14:19:07,499 [Listener at 127.0.0.1/43915] INFO  handler.ContextHandler (ContextHandler.java:doStart(916)) - Started o.e.j.s.ServletContextHandler@499df3e6{logs,/logs,file:///github/workspace/mnt/ozone/hadoop-ozone/integration-test/target/log,AVAILABLE}
2020-12-11 14:19:07,499 [Listener at 127.0.0.1/43915] INFO  handler.ContextHandler (ContextHandler.java:doStart(916)) - Started o.e.j.s.ServletContextHandler@582edde7{static,/static,jar:file:/home/user/.m2/repository/org/apache/hadoop/hadoop-hdds-container-service/1.1.0-SNAPSHOT/hadoop-hdds-container-service-1.1.0-SNAPSHOT.jar!/webapps/static,AVAILABLE}
2020-12-11 14:19:07,619 [Listener at 127.0.0.1/43915] INFO  handler.ContextHandler (ContextHandler.java:doStart(916)) - Started o.e.j.w.WebAppContext@50926453{hddsDatanode,/,file:///tmp/jetty-0_0_0_0-40781-hadoop-hdds-container-service-1_1_0-SNAPSHOT_jar-_-any-706544687232381584/webapp/,AVAILABLE}{jar:file:/home/user/.m2/repository/org/apache/hadoop/hadoop-hdds-container-service/1.1.0-SNAPSHOT/hadoop-hdds-container-service-1.1.0-SNAPSHOT.jar!/webapps/hddsDatanode}
2020-12-11 14:19:07,620 [Listener at 127.0.0.1/43915] INFO  server.AbstractConnector (AbstractConnector.java:doStart(331)) - Started ServerConnector@6ad4d09f{HTTP/1.1, (http/1.1)}{0.0.0.0:40781}
2020-12-11 14:19:07,620 [Listener at 127.0.0.1/43915] INFO  server.Server (Server.java:doStart(415)) - Started @47789ms
2020-12-11 14:19:07,620 [Listener at 127.0.0.1/43915] WARN  impl.MetricsSystemImpl (MetricsSystemImpl.java:register(276)) - Sink prometheus already exists!
2020-12-11 14:19:07,623 [Listener at 127.0.0.1/43915] INFO  http.BaseHttpServer (BaseHttpServer.java:updateConnectorAddress(327)) - HTTP server of hddsDatanode listening at http://0.0.0.0:40781
2020-12-11 14:19:07,626 [Listener at 127.0.0.1/43915] INFO  impl.MetricsSystemImpl (MetricsSystemImpl.java:init(158)) - HddsDatanode metrics system started (again)
2020-12-11 14:19:07,628 [Listener at 127.0.0.1/43915] INFO  ozone.HddsDatanodeService (HddsDatanodeService.java:start(217)) - HddsDatanodeService host:cfd2ce0fb241 ip:172.17.0.2
2020-12-11 14:19:07,630 [Listener at 127.0.0.1/43915] INFO  volume.HddsVolume (HddsVolume.java:<init>(176)) - Creating Volume: /github/workspace/mnt/ozone/hadoop-ozone/integration-test/target/test-dir/MiniOzoneClusterImpl-f6ec90cd-9249-41c8-b5e0-41cfbed7d430/datanode-6/data-0/containers/hdds of storage type : DISK and capacity : 9223372036854775807
2020-12-11 14:19:07,630 [Listener at 127.0.0.1/43915] INFO  volume.MutableVolumeSet (MutableVolumeSet.java:initializeVolumeSet(179)) - Added Volume : /github/workspace/mnt/ozone/hadoop-ozone/integration-test/target/test-dir/MiniOzoneClusterImpl-f6ec90cd-9249-41c8-b5e0-41cfbed7d430/datanode-6/data-0/containers/hdds to VolumeSet
2020-12-11 14:19:07,630 [Listener at 127.0.0.1/43915] INFO  volume.ThrottledAsyncChecker (ThrottledAsyncChecker.java:schedule(141)) - Scheduling a check for /github/workspace/mnt/ozone/hadoop-ozone/integration-test/target/test-dir/MiniOzoneClusterImpl-f6ec90cd-9249-41c8-b5e0-41cfbed7d430/datanode-6/data-0/containers/hdds
2020-12-11 14:19:07,630 [org.apache.hadoop.util.JvmPauseMonitor$Monitor@655fad9a] INFO  util.JvmPauseMonitor (JvmPauseMonitor.java:run(188)) - Starting JVM pause monitor
2020-12-11 14:19:07,631 [Datanode State Machine Task Thread - 0] INFO  datanode.InitDatanodeState (InitDatanodeState.java:persistContainerDatanodeDetails(145)) - DatanodeDetails is persisted to /github/workspace/mnt/ozone/hadoop-ozone/integration-test/target/test-dir/MiniOzoneClusterImpl-f6ec90cd-9249-41c8-b5e0-41cfbed7d430/datanode-5/meta/datanode.id
2020-12-11 14:19:07,633 [Listener at 127.0.0.1/43915] INFO  volume.HddsVolumeChecker (HddsVolumeChecker.java:checkAllVolumes(200)) - Scheduled health check for volume /github/workspace/mnt/ozone/hadoop-ozone/integration-test/target/test-dir/MiniOzoneClusterImpl-f6ec90cd-9249-41c8-b5e0-41cfbed7d430/datanode-6/data-0/containers/hdds
2020-12-11 14:19:07,643 [Thread-558] INFO  ozoneimpl.ContainerReader (ContainerReader.java:readVolume(123)) - Start to verify containers on volume /github/workspace/mnt/ozone/hadoop-ozone/integration-test/target/test-dir/MiniOzoneClusterImpl-f6ec90cd-9249-41c8-b5e0-41cfbed7d430/datanode-6/data-0/containers/hdds
2020-12-11 14:19:07,643 [Thread-558] INFO  ozoneimpl.ContainerReader (ContainerReader.java:readVolume(148)) - Finish verifying containers on volume /github/workspace/mnt/ozone/hadoop-ozone/integration-test/target/test-dir/MiniOzoneClusterImpl-f6ec90cd-9249-41c8-b5e0-41cfbed7d430/datanode-6/data-0/containers/hdds
2020-12-11 14:19:07,644 [Listener at 127.0.0.1/43915] INFO  ozoneimpl.OzoneContainer (OzoneContainer.java:buildContainerSet(194)) - Build ContainerSet costs 0s
2020-12-11 14:19:07,645 [Listener at 127.0.0.1/43915] INFO  impl.RaftServerProxy (ConfUtils.java:logGet(44)) - raft.rpc.type = GRPC (default)
2020-12-11 14:19:07,646 [Listener at 127.0.0.1/43915] INFO  grpc.GrpcFactory (GrpcFactory.java:checkPooledByteBufAllocatorUseCacheForAllThreads(45)) - PERFORMANCE WARNING: useCacheForAllThreads is true that may cause Netty to create a lot garbage objects and, as a result, trigger GC.
	It is recommended to disable useCacheForAllThreads by setting -Dorg.apache.ratis.thirdparty.io.netty.allocator.useCacheForAllThreads=false in command line.
2020-12-11 14:19:07,646 [Listener at 127.0.0.1/43915] INFO  grpc.GrpcConfigKeys (ConfUtils.java:logGet(44)) - raft.grpc.server.port = 0 (default)
2020-12-11 14:19:07,646 [Listener at 127.0.0.1/43915] INFO  server.GrpcService (ConfUtils.java:logGet(44)) - raft.grpc.message.size.max = 32MB (=33554432) (custom)
2020-12-11 14:19:07,646 [Listener at 127.0.0.1/43915] INFO  server.RaftServerConfigKeys (ConfUtils.java:logGet(44)) - raft.server.log.appender.buffer.byte-limit = 33554432 (custom)
2020-12-11 14:19:07,646 [Listener at 127.0.0.1/43915] INFO  server.GrpcService (ConfUtils.java:logGet(44)) - raft.grpc.flow.control.window = 5MB (=5242880) (custom)
2020-12-11 14:19:07,646 [Listener at 127.0.0.1/43915] INFO  server.RaftServerConfigKeys (ConfUtils.java:logGet(44)) - raft.server.rpc.request.timeout = 60s (custom)
2020-12-11 14:19:07,647 [Listener at 127.0.0.1/43915] INFO  impl.DataStreamServerImpl (ConfUtils.java:logGet(44)) - raft.datastream.type = DISABLED (default)
2020-12-11 14:19:07,647 [Listener at 127.0.0.1/43915] INFO  server.RaftServerConfigKeys (ConfUtils.java:logGet(44)) - raft.server.storage.dir = [/github/workspace/mnt/ozone/hadoop-ozone/integration-test/target/test-dir/MiniOzoneClusterImpl-f6ec90cd-9249-41c8-b5e0-41cfbed7d430/datanode-6/data/ratis] (custom)
2020-12-11 14:19:07,650 [Listener at 127.0.0.1/43915] INFO  http.BaseHttpServer (BaseHttpServer.java:newHttpServer2BuilderForOzone(207)) - Starting Web-server for hddsDatanode at: http://0.0.0.0:0
2020-12-11 14:19:07,650 [Listener at 127.0.0.1/43915] INFO  http.BaseHttpServer (BaseHttpServer.java:<init>(106)) - Hadoop Security Enabled: false Ozone Security Enabled: false Ozone HTTP Security Enabled: false 
2020-12-11 14:19:07,651 [Listener at 127.0.0.1/43915] INFO  server.AuthenticationFilter (AuthenticationFilter.java:constructSecretProvider(240)) - Unable to initialize FileSignerSecretProvider, falling back to use random secrets.
2020-12-11 14:19:07,652 [Listener at 127.0.0.1/43915] WARN  http.HttpRequestLog (HttpRequestLog.java:getRequestLog(103)) - Jetty request log can only be enabled using Log4j
2020-12-11 14:19:07,652 [Listener at 127.0.0.1/43915] INFO  http.HttpServer2 (HttpServer2.java:addGlobalFilter(1020)) - Added global filter 'safety' (class=org.apache.hadoop.hdds.server.http.HttpServer2$QuotingInputFilter)
2020-12-11 14:19:07,653 [Listener at 127.0.0.1/43915] INFO  http.HttpServer2 (HttpServer2.java:addFilter(996)) - Added filter static_user_filter (class=org.apache.hadoop.http.lib.StaticUserWebFilter$StaticUserFilter) to context hddsDatanode
2020-12-11 14:19:07,653 [Listener at 127.0.0.1/43915] INFO  http.HttpServer2 (HttpServer2.java:addFilter(1004)) - Added filter static_user_filter (class=org.apache.hadoop.http.lib.StaticUserWebFilter$StaticUserFilter) to context logs
2020-12-11 14:19:07,653 [Listener at 127.0.0.1/43915] INFO  http.HttpServer2 (HttpServer2.java:addFilter(1004)) - Added filter static_user_filter (class=org.apache.hadoop.http.lib.StaticUserWebFilter$StaticUserFilter) to context static
2020-12-11 14:19:07,653 [Listener at 127.0.0.1/43915] INFO  http.HttpServer2 (HttpServer2.java:bindListener(1238)) - Jetty bound to port 42205
2020-12-11 14:19:07,653 [Listener at 127.0.0.1/43915] INFO  server.Server (Server.java:doStart(375)) - jetty-9.4.34.v20201102; built: 2020-11-02T14:15:39.302Z; git: e46af88704a893fc12cb0e3bf46e2c7b48a009e7; jvm 1.8.0_232-b09
2020-12-11 14:19:07,655 [Listener at 127.0.0.1/43915] INFO  server.session (DefaultSessionIdManager.java:doStart(334)) - DefaultSessionIdManager workerName=node0
2020-12-11 14:19:07,656 [Listener at 127.0.0.1/43915] INFO  server.session (DefaultSessionIdManager.java:doStart(339)) - No SessionScavenger set, using defaults
2020-12-11 14:19:07,656 [Listener at 127.0.0.1/43915] INFO  server.session (HouseKeeper.java:startScavenging(132)) - node0 Scavenging every 660000ms
2020-12-11 14:19:07,656 [Listener at 127.0.0.1/43915] INFO  handler.ContextHandler (ContextHandler.java:doStart(916)) - Started o.e.j.s.ServletContextHandler@308bbe2b{logs,/logs,file:///github/workspace/mnt/ozone/hadoop-ozone/integration-test/target/log,AVAILABLE}
2020-12-11 14:19:07,656 [Listener at 127.0.0.1/43915] INFO  handler.ContextHandler (ContextHandler.java:doStart(916)) - Started o.e.j.s.ServletContextHandler@63c8d0d3{static,/static,jar:file:/home/user/.m2/repository/org/apache/hadoop/hadoop-hdds-container-service/1.1.0-SNAPSHOT/hadoop-hdds-container-service-1.1.0-SNAPSHOT.jar!/webapps/static,AVAILABLE}
2020-12-11 14:19:07,776 [Listener at 127.0.0.1/43915] INFO  handler.ContextHandler (ContextHandler.java:doStart(916)) - Started o.e.j.w.WebAppContext@b853448{hddsDatanode,/,file:///tmp/jetty-0_0_0_0-42205-hadoop-hdds-container-service-1_1_0-SNAPSHOT_jar-_-any-2028073632471727980/webapp/,AVAILABLE}{jar:file:/home/user/.m2/repository/org/apache/hadoop/hadoop-hdds-container-service/1.1.0-SNAPSHOT/hadoop-hdds-container-service-1.1.0-SNAPSHOT.jar!/webapps/hddsDatanode}
2020-12-11 14:19:07,778 [Listener at 127.0.0.1/43915] INFO  server.AbstractConnector (AbstractConnector.java:doStart(331)) - Started ServerConnector@2ea026b2{HTTP/1.1, (http/1.1)}{0.0.0.0:42205}
2020-12-11 14:19:07,778 [Listener at 127.0.0.1/43915] INFO  server.Server (Server.java:doStart(415)) - Started @47947ms
2020-12-11 14:19:07,778 [Listener at 127.0.0.1/43915] WARN  impl.MetricsSystemImpl (MetricsSystemImpl.java:register(276)) - Sink prometheus already exists!
2020-12-11 14:19:07,781 [Listener at 127.0.0.1/43915] INFO  http.BaseHttpServer (BaseHttpServer.java:updateConnectorAddress(327)) - HTTP server of hddsDatanode listening at http://0.0.0.0:42205
2020-12-11 14:19:07,787 [Listener at 127.0.0.1/43915] INFO  ozone.MiniOzoneClusterImpl (MiniOzoneClusterImpl.java:lambda$waitForClusterToBeReady$0(178)) - Waiting for nodes to be ready. Got 0 of 7 DN Heartbeats.
2020-12-11 14:19:07,787 [Listener at 127.0.0.1/43915] INFO  ozone.MiniOzoneClusterImpl (MiniOzoneClusterImpl.java:lambda$waitForClusterToBeReady$0(181)) - Waiting for cluster to exit safe mode
2020-12-11 14:19:07,793 [org.apache.hadoop.util.JvmPauseMonitor$Monitor@340042aa] INFO  util.JvmPauseMonitor (JvmPauseMonitor.java:run(188)) - Starting JVM pause monitor
2020-12-11 14:19:07,794 [Datanode State Machine Task Thread - 0] INFO  datanode.InitDatanodeState (InitDatanodeState.java:persistContainerDatanodeDetails(145)) - DatanodeDetails is persisted to /github/workspace/mnt/ozone/hadoop-ozone/integration-test/target/test-dir/MiniOzoneClusterImpl-f6ec90cd-9249-41c8-b5e0-41cfbed7d430/datanode-6/meta/datanode.id
2020-12-11 14:19:08,787 [Listener at 127.0.0.1/43915] INFO  ozone.MiniOzoneClusterImpl (MiniOzoneClusterImpl.java:lambda$waitForClusterToBeReady$0(178)) - Waiting for nodes to be ready. Got 0 of 7 DN Heartbeats.
2020-12-11 14:19:08,787 [Listener at 127.0.0.1/43915] INFO  ozone.MiniOzoneClusterImpl (MiniOzoneClusterImpl.java:lambda$waitForClusterToBeReady$0(181)) - Waiting for cluster to exit safe mode
2020-12-11 14:19:08,801 [EndpointStateMachine task thread for /0.0.0.0:45833 - 0 ] INFO  ozoneimpl.OzoneContainer (OzoneContainer.java:start(243)) - Attempting to start container services.
2020-12-11 14:19:08,802 [EndpointStateMachine task thread for /0.0.0.0:45833 - 0 ] INFO  ozoneimpl.OzoneContainer (OzoneContainer.java:startContainerScrub(207)) - Background container scanner has been disabled.
2020-12-11 14:19:08,802 [EndpointStateMachine task thread for /0.0.0.0:45833 - 0 ] INFO  ratis.XceiverServerRatis (XceiverServerRatis.java:start(456)) - Starting XceiverServerRatis 0a86f2cf-b4a5-462d-ae84-45f64b212dc7 at port 0
2020-12-11 14:19:08,806 [EndpointStateMachine task thread for /0.0.0.0:45833 - 0 ] INFO  impl.RaftServerProxy (RaftServerProxy.java:lambda$start$3(321)) - 0a86f2cf-b4a5-462d-ae84-45f64b212dc7: start RPC server
2020-12-11 14:19:08,807 [EndpointStateMachine task thread for /0.0.0.0:45833 - 0 ] INFO  server.GrpcService (GrpcService.java:startImpl(177)) - 0a86f2cf-b4a5-462d-ae84-45f64b212dc7: GrpcService started, listening on 0.0.0.0/0.0.0.0:36529
2020-12-11 14:19:08,809 [EndpointStateMachine task thread for /0.0.0.0:45833 - 0 ] INFO  ratis.XceiverServerRatis (XceiverServerRatis.java:start(468)) - XceiverServerRatis 0a86f2cf-b4a5-462d-ae84-45f64b212dc7 is started using port 36529
2020-12-11 14:19:08,810 [EndpointStateMachine task thread for /0.0.0.0:45833 - 0 ] INFO  server.XceiverServerGrpc (XceiverServerGrpc.java:start(145)) - XceiverServerGrpc 0a86f2cf-b4a5-462d-ae84-45f64b212dc7 is started using port 37905
2020-12-11 14:19:08,812 [org.apache.ratis.server.JvmPauseMonitor@163ac568-Monitor] INFO  server.RaftServerConfigKeys (ConfUtils.java:logGet(44)) - raft.server.leaderelection.leader.step-down.wait-time = 10s (default)
2020-12-11 14:19:08,812 [org.apache.ratis.server.JvmPauseMonitor@163ac568-Monitor] INFO  server.RaftServerConfigKeys (ConfUtils.java:logGet(44)) - raft.server.rpc.slowness.timeout = 300s (custom)
2020-12-11 14:19:08,812 [org.apache.ratis.server.JvmPauseMonitor@163ac568-Monitor] INFO  server.JvmPauseMonitor (JvmPauseMonitor.java:run(129)) - Starting Ratis JVM pause monitor
2020-12-11 14:19:08,985 [EndpointStateMachine task thread for /0.0.0.0:45833 - 0 ] INFO  ozoneimpl.OzoneContainer (OzoneContainer.java:start(243)) - Attempting to start container services.
2020-12-11 14:19:08,986 [EndpointStateMachine task thread for /0.0.0.0:45833 - 0 ] INFO  ozoneimpl.OzoneContainer (OzoneContainer.java:startContainerScrub(207)) - Background container scanner has been disabled.
2020-12-11 14:19:08,986 [EndpointStateMachine task thread for /0.0.0.0:45833 - 0 ] INFO  ratis.XceiverServerRatis (XceiverServerRatis.java:start(456)) - Starting XceiverServerRatis ee36c03c-d65c-4f9e-bb47-23af7307440e at port 0
2020-12-11 14:19:08,988 [EndpointStateMachine task thread for /0.0.0.0:45833 - 0 ] INFO  impl.RaftServerProxy (RaftServerProxy.java:lambda$start$3(321)) - ee36c03c-d65c-4f9e-bb47-23af7307440e: start RPC server
2020-12-11 14:19:08,989 [EndpointStateMachine task thread for /0.0.0.0:45833 - 0 ] INFO  server.GrpcService (GrpcService.java:startImpl(177)) - ee36c03c-d65c-4f9e-bb47-23af7307440e: GrpcService started, listening on 0.0.0.0/0.0.0.0:44287
2020-12-11 14:19:08,989 [EndpointStateMachine task thread for /0.0.0.0:45833 - 0 ] INFO  ratis.XceiverServerRatis (XceiverServerRatis.java:start(468)) - XceiverServerRatis ee36c03c-d65c-4f9e-bb47-23af7307440e is started using port 44287
2020-12-11 14:19:08,989 [org.apache.ratis.server.JvmPauseMonitor@198ca929-Monitor] INFO  server.RaftServerConfigKeys (ConfUtils.java:logGet(44)) - raft.server.leaderelection.leader.step-down.wait-time = 10s (default)
2020-12-11 14:19:08,989 [org.apache.ratis.server.JvmPauseMonitor@198ca929-Monitor] INFO  server.RaftServerConfigKeys (ConfUtils.java:logGet(44)) - raft.server.rpc.slowness.timeout = 300s (custom)
2020-12-11 14:19:08,989 [org.apache.ratis.server.JvmPauseMonitor@198ca929-Monitor] INFO  server.JvmPauseMonitor (JvmPauseMonitor.java:run(129)) - Starting Ratis JVM pause monitor
2020-12-11 14:19:08,989 [EndpointStateMachine task thread for /0.0.0.0:45833 - 0 ] INFO  server.XceiverServerGrpc (XceiverServerGrpc.java:start(145)) - XceiverServerGrpc ee36c03c-d65c-4f9e-bb47-23af7307440e is started using port 39661
2020-12-11 14:19:09,151 [EndpointStateMachine task thread for /0.0.0.0:45833 - 0 ] INFO  ozoneimpl.OzoneContainer (OzoneContainer.java:start(243)) - Attempting to start container services.
2020-12-11 14:19:09,151 [EndpointStateMachine task thread for /0.0.0.0:45833 - 0 ] INFO  ozoneimpl.OzoneContainer (OzoneContainer.java:startContainerScrub(207)) - Background container scanner has been disabled.
2020-12-11 14:19:09,151 [EndpointStateMachine task thread for /0.0.0.0:45833 - 0 ] INFO  ratis.XceiverServerRatis (XceiverServerRatis.java:start(456)) - Starting XceiverServerRatis 1e19d63f-6462-4e22-a106-6f9be0aefcff at port 0
2020-12-11 14:19:09,153 [EndpointStateMachine task thread for /0.0.0.0:45833 - 0 ] INFO  impl.RaftServerProxy (RaftServerProxy.java:lambda$start$3(321)) - 1e19d63f-6462-4e22-a106-6f9be0aefcff: start RPC server
2020-12-11 14:19:09,154 [EndpointStateMachine task thread for /0.0.0.0:45833 - 0 ] INFO  server.GrpcService (GrpcService.java:startImpl(177)) - 1e19d63f-6462-4e22-a106-6f9be0aefcff: GrpcService started, listening on 0.0.0.0/0.0.0.0:42641
2020-12-11 14:19:09,154 [EndpointStateMachine task thread for /0.0.0.0:45833 - 0 ] INFO  ratis.XceiverServerRatis (XceiverServerRatis.java:start(468)) - XceiverServerRatis 1e19d63f-6462-4e22-a106-6f9be0aefcff is started using port 42641
2020-12-11 14:19:09,155 [EndpointStateMachine task thread for /0.0.0.0:45833 - 0 ] INFO  server.XceiverServerGrpc (XceiverServerGrpc.java:start(145)) - XceiverServerGrpc 1e19d63f-6462-4e22-a106-6f9be0aefcff is started using port 42015
2020-12-11 14:19:09,155 [org.apache.ratis.server.JvmPauseMonitor@514a5240-Monitor] INFO  server.RaftServerConfigKeys (ConfUtils.java:logGet(44)) - raft.server.leaderelection.leader.step-down.wait-time = 10s (default)
2020-12-11 14:19:09,155 [org.apache.ratis.server.JvmPauseMonitor@514a5240-Monitor] INFO  server.RaftServerConfigKeys (ConfUtils.java:logGet(44)) - raft.server.rpc.slowness.timeout = 300s (custom)
2020-12-11 14:19:09,155 [org.apache.ratis.server.JvmPauseMonitor@514a5240-Monitor] INFO  server.JvmPauseMonitor (JvmPauseMonitor.java:run(129)) - Starting Ratis JVM pause monitor
2020-12-11 14:19:09,313 [EndpointStateMachine task thread for /0.0.0.0:45833 - 0 ] INFO  ozoneimpl.OzoneContainer (OzoneContainer.java:start(243)) - Attempting to start container services.
2020-12-11 14:19:09,313 [EndpointStateMachine task thread for /0.0.0.0:45833 - 0 ] INFO  ozoneimpl.OzoneContainer (OzoneContainer.java:startContainerScrub(207)) - Background container scanner has been disabled.
2020-12-11 14:19:09,313 [EndpointStateMachine task thread for /0.0.0.0:45833 - 0 ] INFO  ratis.XceiverServerRatis (XceiverServerRatis.java:start(456)) - Starting XceiverServerRatis 1ac8e757-626b-4b72-bb8b-00adfc4da993 at port 0
2020-12-11 14:19:09,314 [EndpointStateMachine task thread for /0.0.0.0:45833 - 0 ] INFO  impl.RaftServerProxy (RaftServerProxy.java:lambda$start$3(321)) - 1ac8e757-626b-4b72-bb8b-00adfc4da993: start RPC server
2020-12-11 14:19:09,317 [EndpointStateMachine task thread for /0.0.0.0:45833 - 0 ] INFO  server.GrpcService (GrpcService.java:startImpl(177)) - 1ac8e757-626b-4b72-bb8b-00adfc4da993: GrpcService started, listening on 0.0.0.0/0.0.0.0:35785
2020-12-11 14:19:09,317 [EndpointStateMachine task thread for /0.0.0.0:45833 - 0 ] INFO  ratis.XceiverServerRatis (XceiverServerRatis.java:start(468)) - XceiverServerRatis 1ac8e757-626b-4b72-bb8b-00adfc4da993 is started using port 35785
2020-12-11 14:19:09,318 [org.apache.ratis.server.JvmPauseMonitor@20ccb016-Monitor] INFO  server.RaftServerConfigKeys (ConfUtils.java:logGet(44)) - raft.server.leaderelection.leader.step-down.wait-time = 10s (default)
2020-12-11 14:19:09,318 [EndpointStateMachine task thread for /0.0.0.0:45833 - 0 ] INFO  server.XceiverServerGrpc (XceiverServerGrpc.java:start(145)) - XceiverServerGrpc 1ac8e757-626b-4b72-bb8b-00adfc4da993 is started using port 46095
2020-12-11 14:19:09,319 [org.apache.ratis.server.JvmPauseMonitor@20ccb016-Monitor] INFO  server.RaftServerConfigKeys (ConfUtils.java:logGet(44)) - raft.server.rpc.slowness.timeout = 300s (custom)
2020-12-11 14:19:09,319 [org.apache.ratis.server.JvmPauseMonitor@20ccb016-Monitor] INFO  server.JvmPauseMonitor (JvmPauseMonitor.java:run(129)) - Starting Ratis JVM pause monitor
2020-12-11 14:19:09,473 [EndpointStateMachine task thread for /0.0.0.0:45833 - 0 ] INFO  ozoneimpl.OzoneContainer (OzoneContainer.java:start(243)) - Attempting to start container services.
2020-12-11 14:19:09,473 [EndpointStateMachine task thread for /0.0.0.0:45833 - 0 ] INFO  ozoneimpl.OzoneContainer (OzoneContainer.java:startContainerScrub(207)) - Background container scanner has been disabled.
2020-12-11 14:19:09,473 [EndpointStateMachine task thread for /0.0.0.0:45833 - 0 ] INFO  ratis.XceiverServerRatis (XceiverServerRatis.java:start(456)) - Starting XceiverServerRatis 1f76fe74-9ac9-4278-b8d3-859f8312f824 at port 0
2020-12-11 14:19:09,474 [EndpointStateMachine task thread for /0.0.0.0:45833 - 0 ] INFO  impl.RaftServerProxy (RaftServerProxy.java:lambda$start$3(321)) - 1f76fe74-9ac9-4278-b8d3-859f8312f824: start RPC server
2020-12-11 14:19:09,474 [EndpointStateMachine task thread for /0.0.0.0:45833 - 0 ] INFO  server.GrpcService (GrpcService.java:startImpl(177)) - 1f76fe74-9ac9-4278-b8d3-859f8312f824: GrpcService started, listening on 0.0.0.0/0.0.0.0:37521
2020-12-11 14:19:09,475 [EndpointStateMachine task thread for /0.0.0.0:45833 - 0 ] INFO  ratis.XceiverServerRatis (XceiverServerRatis.java:start(468)) - XceiverServerRatis 1f76fe74-9ac9-4278-b8d3-859f8312f824 is started using port 37521
2020-12-11 14:19:09,475 [org.apache.ratis.server.JvmPauseMonitor@4c63f30-Monitor] INFO  server.RaftServerConfigKeys (ConfUtils.java:logGet(44)) - raft.server.leaderelection.leader.step-down.wait-time = 10s (default)
2020-12-11 14:19:09,475 [org.apache.ratis.server.JvmPauseMonitor@4c63f30-Monitor] INFO  server.RaftServerConfigKeys (ConfUtils.java:logGet(44)) - raft.server.rpc.slowness.timeout = 300s (custom)
2020-12-11 14:19:09,475 [org.apache.ratis.server.JvmPauseMonitor@4c63f30-Monitor] INFO  server.JvmPauseMonitor (JvmPauseMonitor.java:run(129)) - Starting Ratis JVM pause monitor
2020-12-11 14:19:09,475 [EndpointStateMachine task thread for /0.0.0.0:45833 - 0 ] INFO  server.XceiverServerGrpc (XceiverServerGrpc.java:start(145)) - XceiverServerGrpc 1f76fe74-9ac9-4278-b8d3-859f8312f824 is started using port 42063
2020-12-11 14:19:09,634 [EndpointStateMachine task thread for /0.0.0.0:45833 - 0 ] INFO  ozoneimpl.OzoneContainer (OzoneContainer.java:start(243)) - Attempting to start container services.
2020-12-11 14:19:09,634 [EndpointStateMachine task thread for /0.0.0.0:45833 - 0 ] INFO  ozoneimpl.OzoneContainer (OzoneContainer.java:startContainerScrub(207)) - Background container scanner has been disabled.
2020-12-11 14:19:09,634 [EndpointStateMachine task thread for /0.0.0.0:45833 - 0 ] INFO  ratis.XceiverServerRatis (XceiverServerRatis.java:start(456)) - Starting XceiverServerRatis 6177e5e9-2a89-4341-baf8-bbec2955e7c9 at port 0
2020-12-11 14:19:09,635 [EndpointStateMachine task thread for /0.0.0.0:45833 - 0 ] INFO  impl.RaftServerProxy (RaftServerProxy.java:lambda$start$3(321)) - 6177e5e9-2a89-4341-baf8-bbec2955e7c9: start RPC server
2020-12-11 14:19:09,635 [EndpointStateMachine task thread for /0.0.0.0:45833 - 0 ] INFO  server.GrpcService (GrpcService.java:startImpl(177)) - 6177e5e9-2a89-4341-baf8-bbec2955e7c9: GrpcService started, listening on 0.0.0.0/0.0.0.0:41133
2020-12-11 14:19:09,636 [EndpointStateMachine task thread for /0.0.0.0:45833 - 0 ] INFO  ratis.XceiverServerRatis (XceiverServerRatis.java:start(468)) - XceiverServerRatis 6177e5e9-2a89-4341-baf8-bbec2955e7c9 is started using port 41133
2020-12-11 14:19:09,637 [org.apache.ratis.server.JvmPauseMonitor@568294dc-Monitor] INFO  server.RaftServerConfigKeys (ConfUtils.java:logGet(44)) - raft.server.leaderelection.leader.step-down.wait-time = 10s (default)
2020-12-11 14:19:09,637 [EndpointStateMachine task thread for /0.0.0.0:45833 - 0 ] INFO  server.XceiverServerGrpc (XceiverServerGrpc.java:start(145)) - XceiverServerGrpc 6177e5e9-2a89-4341-baf8-bbec2955e7c9 is started using port 45735
2020-12-11 14:19:09,638 [org.apache.ratis.server.JvmPauseMonitor@568294dc-Monitor] INFO  server.RaftServerConfigKeys (ConfUtils.java:logGet(44)) - raft.server.rpc.slowness.timeout = 300s (custom)
2020-12-11 14:19:09,638 [org.apache.ratis.server.JvmPauseMonitor@568294dc-Monitor] INFO  server.JvmPauseMonitor (JvmPauseMonitor.java:run(129)) - Starting Ratis JVM pause monitor
2020-12-11 14:19:09,787 [Listener at 127.0.0.1/43915] INFO  ozone.MiniOzoneClusterImpl (MiniOzoneClusterImpl.java:lambda$waitForClusterToBeReady$0(178)) - Waiting for nodes to be ready. Got 0 of 7 DN Heartbeats.
2020-12-11 14:19:09,788 [Listener at 127.0.0.1/43915] INFO  ozone.MiniOzoneClusterImpl (MiniOzoneClusterImpl.java:lambda$waitForClusterToBeReady$0(181)) - Waiting for cluster to exit safe mode
2020-12-11 14:19:09,797 [EndpointStateMachine task thread for /0.0.0.0:45833 - 0 ] INFO  ozoneimpl.OzoneContainer (OzoneContainer.java:start(243)) - Attempting to start container services.
2020-12-11 14:19:09,797 [EndpointStateMachine task thread for /0.0.0.0:45833 - 0 ] INFO  ozoneimpl.OzoneContainer (OzoneContainer.java:startContainerScrub(207)) - Background container scanner has been disabled.
2020-12-11 14:19:09,797 [EndpointStateMachine task thread for /0.0.0.0:45833 - 0 ] INFO  ratis.XceiverServerRatis (XceiverServerRatis.java:start(456)) - Starting XceiverServerRatis b64ecab1-a9a6-4a36-bfad-80c590b1cb6b at port 0
2020-12-11 14:19:09,798 [EndpointStateMachine task thread for /0.0.0.0:45833 - 0 ] INFO  impl.RaftServerProxy (RaftServerProxy.java:lambda$start$3(321)) - b64ecab1-a9a6-4a36-bfad-80c590b1cb6b: start RPC server
2020-12-11 14:19:09,799 [EndpointStateMachine task thread for /0.0.0.0:45833 - 0 ] INFO  server.GrpcService (GrpcService.java:startImpl(177)) - b64ecab1-a9a6-4a36-bfad-80c590b1cb6b: GrpcService started, listening on 0.0.0.0/0.0.0.0:46429
2020-12-11 14:19:09,799 [EndpointStateMachine task thread for /0.0.0.0:45833 - 0 ] INFO  ratis.XceiverServerRatis (XceiverServerRatis.java:start(468)) - XceiverServerRatis b64ecab1-a9a6-4a36-bfad-80c590b1cb6b is started using port 46429
2020-12-11 14:19:09,800 [EndpointStateMachine task thread for /0.0.0.0:45833 - 0 ] INFO  server.XceiverServerGrpc (XceiverServerGrpc.java:start(145)) - XceiverServerGrpc b64ecab1-a9a6-4a36-bfad-80c590b1cb6b is started using port 35033
2020-12-11 14:19:09,800 [org.apache.ratis.server.JvmPauseMonitor@33044398-Monitor] INFO  server.RaftServerConfigKeys (ConfUtils.java:logGet(44)) - raft.server.leaderelection.leader.step-down.wait-time = 10s (default)
2020-12-11 14:19:09,800 [org.apache.ratis.server.JvmPauseMonitor@33044398-Monitor] INFO  server.RaftServerConfigKeys (ConfUtils.java:logGet(44)) - raft.server.rpc.slowness.timeout = 300s (custom)
2020-12-11 14:19:09,800 [org.apache.ratis.server.JvmPauseMonitor@33044398-Monitor] INFO  server.JvmPauseMonitor (JvmPauseMonitor.java:run(129)) - Starting Ratis JVM pause monitor
2020-12-11 14:19:10,788 [Listener at 127.0.0.1/43915] INFO  ozone.MiniOzoneClusterImpl (MiniOzoneClusterImpl.java:lambda$waitForClusterToBeReady$0(178)) - Waiting for nodes to be ready. Got 0 of 7 DN Heartbeats.
2020-12-11 14:19:10,788 [Listener at 127.0.0.1/43915] INFO  ozone.MiniOzoneClusterImpl (MiniOzoneClusterImpl.java:lambda$waitForClusterToBeReady$0(181)) - Waiting for cluster to exit safe mode
2020-12-11 14:19:10,793 [IPC Server handler 1 on default port 45833] INFO  net.NetworkTopologyImpl (NetworkTopologyImpl.java:add(111)) - Added a new node: /default-rack/0a86f2cf-b4a5-462d-ae84-45f64b212dc7
2020-12-11 14:19:10,794 [IPC Server handler 1 on default port 45833] INFO  node.SCMNodeManager (SCMNodeManager.java:register(341)) - Registered Data node : 0a86f2cf-b4a5-462d-ae84-45f64b212dc7{ip: 172.17.0.2, host: cfd2ce0fb241, networkLocation: /default-rack, certSerialId: null, persistedOpState: IN_SERVICE, persistedOpStateExpiryEpochSec: 0}
2020-12-11 14:19:10,794 [RatisPipelineUtilsThread] INFO  pipeline.RatisPipelineProvider (RatisPipelineProvider.java:lambda$create$0(161)) - Sending CreatePipelineCommand for pipeline:PipelineID=96b6b0f1-8248-420d-b4f9-76ef7642f325 to datanode:0a86f2cf-b4a5-462d-ae84-45f64b212dc7
2020-12-11 14:19:10,795 [EventQueue-NodeRegistrationContainerReportForContainerSafeModeRule] INFO  safemode.SCMSafeModeManager (SCMSafeModeManager.java:validateSafeModeExitRules(214)) - ContainerSafeModeRule rule is successfully validated
2020-12-11 14:19:10,795 [EventQueue-NodeRegistrationContainerReportForDataNodeSafeModeRule] INFO  safemode.SCMSafeModeManager (DataNodeSafeModeRule.java:process(71)) - SCM in safe mode. 1 DataNodes registered, 1 required.
2020-12-11 14:19:10,795 [RatisPipelineUtilsThread] INFO  pipeline.PipelineStateManager (PipelineStateManager.java:addPipeline(54)) - Created pipeline Pipeline[ Id: 96b6b0f1-8248-420d-b4f9-76ef7642f325, Nodes: 0a86f2cf-b4a5-462d-ae84-45f64b212dc7{ip: 172.17.0.2, host: cfd2ce0fb241, networkLocation: /default-rack, certSerialId: null, persistedOpState: IN_SERVICE, persistedOpStateExpiryEpochSec: 0}, Type:RATIS, Factor:ONE, State:ALLOCATED, leaderId:, CreationTimestamp2020-12-11T14:19:10.794Z]
2020-12-11 14:19:10,798 [EventQueue-NodeRegistrationContainerReportForDataNodeSafeModeRule] INFO  safemode.SCMSafeModeManager (SCMSafeModeManager.java:validateSafeModeExitRules(214)) - DataNodeSafeModeRule rule is successfully validated
2020-12-11 14:19:10,798 [EventQueue-NodeRegistrationContainerReportForDataNodeSafeModeRule] INFO  safemode.SCMSafeModeManager (SCMSafeModeManager.java:completePreCheck(242)) - All SCM safe mode pre check rules have passed
2020-12-11 14:19:10,798 [EventQueue-PipelineReportForOneReplicaPipelineSafeModeRule] INFO  safemode.SCMSafeModeManager (SCMSafeModeManager.java:validateSafeModeExitRules(214)) - AtleastOneDatanodeReportedRule rule is successfully validated
2020-12-11 14:19:10,798 [RatisPipelineUtilsThread] WARN  pipeline.PipelinePlacementPolicy (PipelinePlacementPolicy.java:filterViableNodes(139)) - Pipeline creation failed due to no sufficient healthy datanodes. Required 3. Found 1.
2020-12-11 14:19:10,983 [IPC Server handler 2 on default port 45833] INFO  net.NetworkTopologyImpl (NetworkTopologyImpl.java:add(111)) - Added a new node: /default-rack/ee36c03c-d65c-4f9e-bb47-23af7307440e
2020-12-11 14:19:10,984 [IPC Server handler 2 on default port 45833] INFO  node.SCMNodeManager (SCMNodeManager.java:register(341)) - Registered Data node : ee36c03c-d65c-4f9e-bb47-23af7307440e{ip: 172.17.0.2, host: cfd2ce0fb241, networkLocation: /default-rack, certSerialId: null, persistedOpState: IN_SERVICE, persistedOpStateExpiryEpochSec: 0}
2020-12-11 14:19:10,984 [EventQueue-PipelineReportForOneReplicaPipelineSafeModeRule] INFO  safemode.SCMSafeModeManager (SCMSafeModeManager.java:validateSafeModeExitRules(214)) - AtleastOneDatanodeReportedRule rule is successfully validated
2020-12-11 14:19:10,984 [EventQueue-NodeRegistrationContainerReportForContainerSafeModeRule] INFO  safemode.SCMSafeModeManager (SCMSafeModeManager.java:validateSafeModeExitRules(214)) - ContainerSafeModeRule rule is successfully validated
2020-12-11 14:19:10,984 [EventQueue-NodeRegistrationContainerReportForDataNodeSafeModeRule] INFO  safemode.SCMSafeModeManager (SCMSafeModeManager.java:validateSafeModeExitRules(214)) - DataNodeSafeModeRule rule is successfully validated
2020-12-11 14:19:10,985 [RatisPipelineUtilsThread] INFO  pipeline.RatisPipelineProvider (RatisPipelineProvider.java:lambda$create$0(161)) - Sending CreatePipelineCommand for pipeline:PipelineID=2b906e90-8145-4865-9e85-37b8d0e7d170 to datanode:ee36c03c-d65c-4f9e-bb47-23af7307440e
2020-12-11 14:19:10,985 [RatisPipelineUtilsThread] INFO  pipeline.PipelineStateManager (PipelineStateManager.java:addPipeline(54)) - Created pipeline Pipeline[ Id: 2b906e90-8145-4865-9e85-37b8d0e7d170, Nodes: ee36c03c-d65c-4f9e-bb47-23af7307440e{ip: 172.17.0.2, host: cfd2ce0fb241, networkLocation: /default-rack, certSerialId: null, persistedOpState: IN_SERVICE, persistedOpStateExpiryEpochSec: 0}, Type:RATIS, Factor:ONE, State:ALLOCATED, leaderId:, CreationTimestamp2020-12-11T14:19:10.985Z]
2020-12-11 14:19:10,985 [RatisPipelineUtilsThread] WARN  pipeline.PipelinePlacementPolicy (PipelinePlacementPolicy.java:filterViableNodes(139)) - Pipeline creation failed due to no sufficient healthy datanodes. Required 3. Found 2.
2020-12-11 14:19:11,149 [IPC Server handler 3 on default port 45833] INFO  net.NetworkTopologyImpl (NetworkTopologyImpl.java:add(111)) - Added a new node: /default-rack/1e19d63f-6462-4e22-a106-6f9be0aefcff
2020-12-11 14:19:11,150 [IPC Server handler 3 on default port 45833] INFO  node.SCMNodeManager (SCMNodeManager.java:register(341)) - Registered Data node : 1e19d63f-6462-4e22-a106-6f9be0aefcff{ip: 172.17.0.2, host: cfd2ce0fb241, networkLocation: /default-rack, certSerialId: null, persistedOpState: IN_SERVICE, persistedOpStateExpiryEpochSec: 0}
2020-12-11 14:19:11,150 [EventQueue-NodeRegistrationContainerReportForDataNodeSafeModeRule] INFO  safemode.SCMSafeModeManager (SCMSafeModeManager.java:validateSafeModeExitRules(214)) - DataNodeSafeModeRule rule is successfully validated
2020-12-11 14:19:11,150 [RatisPipelineUtilsThread] INFO  pipeline.RatisPipelineProvider (RatisPipelineProvider.java:lambda$create$0(161)) - Sending CreatePipelineCommand for pipeline:PipelineID=82c01ea1-db32-4ccb-91af-b862d7dc63d9 to datanode:1e19d63f-6462-4e22-a106-6f9be0aefcff
2020-12-11 14:19:11,150 [EventQueue-PipelineReportForOneReplicaPipelineSafeModeRule] INFO  safemode.SCMSafeModeManager (SCMSafeModeManager.java:validateSafeModeExitRules(214)) - AtleastOneDatanodeReportedRule rule is successfully validated
2020-12-11 14:19:11,150 [EventQueue-NodeRegistrationContainerReportForContainerSafeModeRule] INFO  safemode.SCMSafeModeManager (SCMSafeModeManager.java:validateSafeModeExitRules(214)) - ContainerSafeModeRule rule is successfully validated
2020-12-11 14:19:11,150 [RatisPipelineUtilsThread] INFO  pipeline.PipelineStateManager (PipelineStateManager.java:addPipeline(54)) - Created pipeline Pipeline[ Id: 82c01ea1-db32-4ccb-91af-b862d7dc63d9, Nodes: 1e19d63f-6462-4e22-a106-6f9be0aefcff{ip: 172.17.0.2, host: cfd2ce0fb241, networkLocation: /default-rack, certSerialId: null, persistedOpState: IN_SERVICE, persistedOpStateExpiryEpochSec: 0}, Type:RATIS, Factor:ONE, State:ALLOCATED, leaderId:, CreationTimestamp2020-12-11T14:19:11.150Z]
2020-12-11 14:19:11,151 [RatisPipelineUtilsThread] INFO  pipeline.RatisPipelineProvider (RatisPipelineProvider.java:lambda$create$0(161)) - Sending CreatePipelineCommand for pipeline:PipelineID=be4694ae-0acc-47b7-856c-84b6e63b3474 to datanode:0a86f2cf-b4a5-462d-ae84-45f64b212dc7
2020-12-11 14:19:11,151 [RatisPipelineUtilsThread] INFO  pipeline.RatisPipelineProvider (RatisPipelineProvider.java:lambda$create$0(161)) - Sending CreatePipelineCommand for pipeline:PipelineID=be4694ae-0acc-47b7-856c-84b6e63b3474 to datanode:ee36c03c-d65c-4f9e-bb47-23af7307440e
2020-12-11 14:19:11,151 [RatisPipelineUtilsThread] INFO  pipeline.RatisPipelineProvider (RatisPipelineProvider.java:lambda$create$0(161)) - Sending CreatePipelineCommand for pipeline:PipelineID=be4694ae-0acc-47b7-856c-84b6e63b3474 to datanode:1e19d63f-6462-4e22-a106-6f9be0aefcff
2020-12-11 14:19:11,151 [RatisPipelineUtilsThread] INFO  pipeline.PipelineStateManager (PipelineStateManager.java:addPipeline(54)) - Created pipeline Pipeline[ Id: be4694ae-0acc-47b7-856c-84b6e63b3474, Nodes: 0a86f2cf-b4a5-462d-ae84-45f64b212dc7{ip: 172.17.0.2, host: cfd2ce0fb241, networkLocation: /default-rack, certSerialId: null, persistedOpState: IN_SERVICE, persistedOpStateExpiryEpochSec: 0}ee36c03c-d65c-4f9e-bb47-23af7307440e{ip: 172.17.0.2, host: cfd2ce0fb241, networkLocation: /default-rack, certSerialId: null, persistedOpState: IN_SERVICE, persistedOpStateExpiryEpochSec: 0}1e19d63f-6462-4e22-a106-6f9be0aefcff{ip: 172.17.0.2, host: cfd2ce0fb241, networkLocation: /default-rack, certSerialId: null, persistedOpState: IN_SERVICE, persistedOpStateExpiryEpochSec: 0}, Type:RATIS, Factor:THREE, State:ALLOCATED, leaderId:, CreationTimestamp2020-12-11T14:19:11.151Z]
2020-12-11 14:19:11,311 [IPC Server handler 5 on default port 45833] INFO  net.NetworkTopologyImpl (NetworkTopologyImpl.java:add(111)) - Added a new node: /default-rack/1ac8e757-626b-4b72-bb8b-00adfc4da993
2020-12-11 14:19:11,311 [IPC Server handler 5 on default port 45833] INFO  node.SCMNodeManager (SCMNodeManager.java:register(341)) - Registered Data node : 1ac8e757-626b-4b72-bb8b-00adfc4da993{ip: 172.17.0.2, host: cfd2ce0fb241, networkLocation: /default-rack, certSerialId: null, persistedOpState: IN_SERVICE, persistedOpStateExpiryEpochSec: 0}
2020-12-11 14:19:11,312 [EventQueue-NodeRegistrationContainerReportForDataNodeSafeModeRule] INFO  safemode.SCMSafeModeManager (SCMSafeModeManager.java:validateSafeModeExitRules(214)) - DataNodeSafeModeRule rule is successfully validated
2020-12-11 14:19:11,312 [RatisPipelineUtilsThread] INFO  pipeline.RatisPipelineProvider (RatisPipelineProvider.java:lambda$create$0(161)) - Sending CreatePipelineCommand for pipeline:PipelineID=9428a9b8-574c-4266-b35d-a7af56fda973 to datanode:1ac8e757-626b-4b72-bb8b-00adfc4da993
2020-12-11 14:19:11,314 [RatisPipelineUtilsThread] INFO  pipeline.PipelineStateManager (PipelineStateManager.java:addPipeline(54)) - Created pipeline Pipeline[ Id: 9428a9b8-574c-4266-b35d-a7af56fda973, Nodes: 1ac8e757-626b-4b72-bb8b-00adfc4da993{ip: 172.17.0.2, host: cfd2ce0fb241, networkLocation: /default-rack, certSerialId: null, persistedOpState: IN_SERVICE, persistedOpStateExpiryEpochSec: 0}, Type:RATIS, Factor:ONE, State:ALLOCATED, leaderId:, CreationTimestamp2020-12-11T14:19:11.312Z]
2020-12-11 14:19:11,317 [EventQueue-NodeRegistrationContainerReportForContainerSafeModeRule] INFO  safemode.SCMSafeModeManager (SCMSafeModeManager.java:validateSafeModeExitRules(214)) - ContainerSafeModeRule rule is successfully validated
2020-12-11 14:19:11,317 [EventQueue-PipelineReportForOneReplicaPipelineSafeModeRule] INFO  safemode.SCMSafeModeManager (SCMSafeModeManager.java:validateSafeModeExitRules(214)) - AtleastOneDatanodeReportedRule rule is successfully validated
2020-12-11 14:19:11,471 [IPC Server handler 4 on default port 45833] INFO  net.NetworkTopologyImpl (NetworkTopologyImpl.java:add(111)) - Added a new node: /default-rack/1f76fe74-9ac9-4278-b8d3-859f8312f824
2020-12-11 14:19:11,472 [IPC Server handler 4 on default port 45833] INFO  node.SCMNodeManager (SCMNodeManager.java:register(341)) - Registered Data node : 1f76fe74-9ac9-4278-b8d3-859f8312f824{ip: 172.17.0.2, host: cfd2ce0fb241, networkLocation: /default-rack, certSerialId: null, persistedOpState: IN_SERVICE, persistedOpStateExpiryEpochSec: 0}
2020-12-11 14:19:11,472 [EventQueue-NodeRegistrationContainerReportForDataNodeSafeModeRule] INFO  safemode.SCMSafeModeManager (SCMSafeModeManager.java:validateSafeModeExitRules(214)) - DataNodeSafeModeRule rule is successfully validated
2020-12-11 14:19:11,472 [EventQueue-PipelineReportForOneReplicaPipelineSafeModeRule] INFO  safemode.SCMSafeModeManager (SCMSafeModeManager.java:validateSafeModeExitRules(214)) - AtleastOneDatanodeReportedRule rule is successfully validated
2020-12-11 14:19:11,472 [EventQueue-NodeRegistrationContainerReportForContainerSafeModeRule] INFO  safemode.SCMSafeModeManager (SCMSafeModeManager.java:validateSafeModeExitRules(214)) - ContainerSafeModeRule rule is successfully validated
2020-12-11 14:19:11,473 [RatisPipelineUtilsThread] INFO  pipeline.RatisPipelineProvider (RatisPipelineProvider.java:lambda$create$0(161)) - Sending CreatePipelineCommand for pipeline:PipelineID=35f8d68d-dc95-4d6e-85e2-4c611074549f to datanode:1f76fe74-9ac9-4278-b8d3-859f8312f824
2020-12-11 14:19:11,473 [RatisPipelineUtilsThread] INFO  pipeline.PipelineStateManager (PipelineStateManager.java:addPipeline(54)) - Created pipeline Pipeline[ Id: 35f8d68d-dc95-4d6e-85e2-4c611074549f, Nodes: 1f76fe74-9ac9-4278-b8d3-859f8312f824{ip: 172.17.0.2, host: cfd2ce0fb241, networkLocation: /default-rack, certSerialId: null, persistedOpState: IN_SERVICE, persistedOpStateExpiryEpochSec: 0}, Type:RATIS, Factor:ONE, State:ALLOCATED, leaderId:, CreationTimestamp2020-12-11T14:19:11.473Z]
2020-12-11 14:19:11,631 [IPC Server handler 0 on default port 45833] INFO  net.NetworkTopologyImpl (NetworkTopologyImpl.java:add(111)) - Added a new node: /default-rack/6177e5e9-2a89-4341-baf8-bbec2955e7c9
2020-12-11 14:19:11,631 [IPC Server handler 0 on default port 45833] INFO  node.SCMNodeManager (SCMNodeManager.java:register(341)) - Registered Data node : 6177e5e9-2a89-4341-baf8-bbec2955e7c9{ip: 172.17.0.2, host: cfd2ce0fb241, networkLocation: /default-rack, certSerialId: null, persistedOpState: IN_SERVICE, persistedOpStateExpiryEpochSec: 0}
2020-12-11 14:19:11,631 [EventQueue-NodeRegistrationContainerReportForDataNodeSafeModeRule] INFO  safemode.SCMSafeModeManager (SCMSafeModeManager.java:validateSafeModeExitRules(214)) - DataNodeSafeModeRule rule is successfully validated
2020-12-11 14:19:11,632 [EventQueue-PipelineReportForOneReplicaPipelineSafeModeRule] INFO  safemode.SCMSafeModeManager (SCMSafeModeManager.java:validateSafeModeExitRules(214)) - AtleastOneDatanodeReportedRule rule is successfully validated
2020-12-11 14:19:11,632 [EventQueue-NodeRegistrationContainerReportForContainerSafeModeRule] INFO  safemode.SCMSafeModeManager (SCMSafeModeManager.java:validateSafeModeExitRules(214)) - ContainerSafeModeRule rule is successfully validated
2020-12-11 14:19:11,632 [RatisPipelineUtilsThread] INFO  pipeline.RatisPipelineProvider (RatisPipelineProvider.java:lambda$create$0(161)) - Sending CreatePipelineCommand for pipeline:PipelineID=263adf68-9de9-4688-9565-fd00c5a5a8fc to datanode:6177e5e9-2a89-4341-baf8-bbec2955e7c9
2020-12-11 14:19:11,633 [RatisPipelineUtilsThread] INFO  pipeline.PipelineStateManager (PipelineStateManager.java:addPipeline(54)) - Created pipeline Pipeline[ Id: 263adf68-9de9-4688-9565-fd00c5a5a8fc, Nodes: 6177e5e9-2a89-4341-baf8-bbec2955e7c9{ip: 172.17.0.2, host: cfd2ce0fb241, networkLocation: /default-rack, certSerialId: null, persistedOpState: IN_SERVICE, persistedOpStateExpiryEpochSec: 0}, Type:RATIS, Factor:ONE, State:ALLOCATED, leaderId:, CreationTimestamp2020-12-11T14:19:11.632Z]
2020-12-11 14:19:11,633 [RatisPipelineUtilsThread] INFO  pipeline.RatisPipelineProvider (RatisPipelineProvider.java:lambda$create$0(161)) - Sending CreatePipelineCommand for pipeline:PipelineID=f87edba7-5f67-403d-bf3a-ee85626a98d9 to datanode:1f76fe74-9ac9-4278-b8d3-859f8312f824
2020-12-11 14:19:11,633 [RatisPipelineUtilsThread] INFO  pipeline.RatisPipelineProvider (RatisPipelineProvider.java:lambda$create$0(161)) - Sending CreatePipelineCommand for pipeline:PipelineID=f87edba7-5f67-403d-bf3a-ee85626a98d9 to datanode:1ac8e757-626b-4b72-bb8b-00adfc4da993
2020-12-11 14:19:11,633 [RatisPipelineUtilsThread] INFO  pipeline.RatisPipelineProvider (RatisPipelineProvider.java:lambda$create$0(161)) - Sending CreatePipelineCommand for pipeline:PipelineID=f87edba7-5f67-403d-bf3a-ee85626a98d9 to datanode:6177e5e9-2a89-4341-baf8-bbec2955e7c9
2020-12-11 14:19:11,634 [RatisPipelineUtilsThread] INFO  pipeline.PipelineStateManager (PipelineStateManager.java:addPipeline(54)) - Created pipeline Pipeline[ Id: f87edba7-5f67-403d-bf3a-ee85626a98d9, Nodes: 1f76fe74-9ac9-4278-b8d3-859f8312f824{ip: 172.17.0.2, host: cfd2ce0fb241, networkLocation: /default-rack, certSerialId: null, persistedOpState: IN_SERVICE, persistedOpStateExpiryEpochSec: 0}1ac8e757-626b-4b72-bb8b-00adfc4da993{ip: 172.17.0.2, host: cfd2ce0fb241, networkLocation: /default-rack, certSerialId: null, persistedOpState: IN_SERVICE, persistedOpStateExpiryEpochSec: 0}6177e5e9-2a89-4341-baf8-bbec2955e7c9{ip: 172.17.0.2, host: cfd2ce0fb241, networkLocation: /default-rack, certSerialId: null, persistedOpState: IN_SERVICE, persistedOpStateExpiryEpochSec: 0}, Type:RATIS, Factor:THREE, State:ALLOCATED, leaderId:, CreationTimestamp2020-12-11T14:19:11.633Z]
2020-12-11 14:19:11,788 [Listener at 127.0.0.1/43915] INFO  ozone.MiniOzoneClusterImpl (MiniOzoneClusterImpl.java:lambda$waitForClusterToBeReady$0(178)) - Waiting for nodes to be ready. Got 6 of 7 DN Heartbeats.
2020-12-11 14:19:11,789 [Listener at 127.0.0.1/43915] INFO  ozone.MiniOzoneClusterImpl (MiniOzoneClusterImpl.java:lambda$waitForClusterToBeReady$0(181)) - Waiting for cluster to exit safe mode
2020-12-11 14:19:11,795 [IPC Server handler 1 on default port 45833] INFO  net.NetworkTopologyImpl (NetworkTopologyImpl.java:add(111)) - Added a new node: /default-rack/b64ecab1-a9a6-4a36-bfad-80c590b1cb6b
2020-12-11 14:19:11,796 [IPC Server handler 1 on default port 45833] INFO  node.SCMNodeManager (SCMNodeManager.java:register(341)) - Registered Data node : b64ecab1-a9a6-4a36-bfad-80c590b1cb6b{ip: 172.17.0.2, host: cfd2ce0fb241, networkLocation: /default-rack, certSerialId: null, persistedOpState: IN_SERVICE, persistedOpStateExpiryEpochSec: 0}
2020-12-11 14:19:11,797 [RatisPipelineUtilsThread] INFO  pipeline.RatisPipelineProvider (RatisPipelineProvider.java:lambda$create$0(161)) - Sending CreatePipelineCommand for pipeline:PipelineID=bcc70431-3b9a-4a35-9421-78def98344ce to datanode:b64ecab1-a9a6-4a36-bfad-80c590b1cb6b
2020-12-11 14:19:11,797 [EventQueue-NodeRegistrationContainerReportForContainerSafeModeRule] INFO  safemode.SCMSafeModeManager (SCMSafeModeManager.java:validateSafeModeExitRules(214)) - ContainerSafeModeRule rule is successfully validated
2020-12-11 14:19:11,797 [EventQueue-PipelineReportForOneReplicaPipelineSafeModeRule] INFO  safemode.SCMSafeModeManager (SCMSafeModeManager.java:validateSafeModeExitRules(214)) - AtleastOneDatanodeReportedRule rule is successfully validated
2020-12-11 14:19:11,797 [EventQueue-NodeRegistrationContainerReportForDataNodeSafeModeRule] INFO  safemode.SCMSafeModeManager (SCMSafeModeManager.java:validateSafeModeExitRules(214)) - DataNodeSafeModeRule rule is successfully validated
2020-12-11 14:19:11,797 [RatisPipelineUtilsThread] INFO  pipeline.PipelineStateManager (PipelineStateManager.java:addPipeline(54)) - Created pipeline Pipeline[ Id: bcc70431-3b9a-4a35-9421-78def98344ce, Nodes: b64ecab1-a9a6-4a36-bfad-80c590b1cb6b{ip: 172.17.0.2, host: cfd2ce0fb241, networkLocation: /default-rack, certSerialId: null, persistedOpState: IN_SERVICE, persistedOpStateExpiryEpochSec: 0}, Type:RATIS, Factor:ONE, State:ALLOCATED, leaderId:, CreationTimestamp2020-12-11T14:19:11.796Z]
2020-12-11 14:19:12,789 [Listener at 127.0.0.1/43915] INFO  ozone.MiniOzoneClusterImpl (MiniOzoneClusterImpl.java:lambda$waitForClusterToBeReady$0(178)) - Nodes are ready. Got 7 of 7 DN Heartbeats.
2020-12-11 14:19:12,789 [Listener at 127.0.0.1/43915] INFO  ozone.MiniOzoneClusterImpl (MiniOzoneClusterImpl.java:lambda$waitForClusterToBeReady$0(181)) - Waiting for cluster to exit safe mode
2020-12-11 14:19:13,790 [Listener at 127.0.0.1/43915] INFO  ozone.MiniOzoneClusterImpl (MiniOzoneClusterImpl.java:lambda$waitForClusterToBeReady$0(178)) - Nodes are ready. Got 7 of 7 DN Heartbeats.
2020-12-11 14:19:13,790 [Listener at 127.0.0.1/43915] INFO  ozone.MiniOzoneClusterImpl (MiniOzoneClusterImpl.java:lambda$waitForClusterToBeReady$0(181)) - Waiting for cluster to exit safe mode
2020-12-11 14:19:13,793 [Command processor thread] INFO  impl.RaftServerProxy (RaftServerProxy.java:addNew(93)) - 0a86f2cf-b4a5-462d-ae84-45f64b212dc7: addNew group-76EF7642F325:[0a86f2cf-b4a5-462d-ae84-45f64b212dc7|rpc:172.17.0.2:36529] returns group-76EF7642F325:java.util.concurrent.CompletableFuture@71e9430b[Not completed]
2020-12-11 14:19:13,795 [pool-177-thread-1] INFO  impl.RaftServerImpl (RaftServerImpl.java:<init>(121)) - 0a86f2cf-b4a5-462d-ae84-45f64b212dc7: new RaftServerImpl for group-76EF7642F325:[0a86f2cf-b4a5-462d-ae84-45f64b212dc7|rpc:172.17.0.2:36529] with ContainerStateMachine:uninitialized
2020-12-11 14:19:13,796 [pool-177-thread-1] INFO  server.RaftServerConfigKeys (ConfUtils.java:logGet(44)) - raft.server.rpc.timeout.min = 5s (custom)
2020-12-11 14:19:13,796 [pool-177-thread-1] INFO  server.RaftServerConfigKeys (ConfUtils.java:logGet(44)) - raft.server.rpc.timeout.max = 5200ms (custom)
2020-12-11 14:19:13,796 [pool-177-thread-1] INFO  server.RaftServerConfigKeys (ConfUtils.java:logGet(44)) - raft.server.rpc.slowness.timeout = 300s (custom)
2020-12-11 14:19:13,796 [pool-177-thread-1] INFO  server.RaftServerConfigKeys (ConfUtils.java:logGet(44)) - raft.server.leaderelection.leader.step-down.wait-time = 10s (default)
2020-12-11 14:19:13,796 [pool-177-thread-1] INFO  server.RaftServerConfigKeys (ConfUtils.java:logGet(44)) - raft.server.sleep.deviation.threshold = 300 (default)
2020-12-11 14:19:13,796 [pool-177-thread-1] INFO  server.RaftServerConfigKeys (ConfUtils.java:logGet(44)) - raft.server.log.appender.install.snapshot.enabled = false (custom)
2020-12-11 14:19:13,796 [pool-177-thread-1] INFO  impl.RaftServerImpl (ServerState.java:<init>(104)) - 0a86f2cf-b4a5-462d-ae84-45f64b212dc7@group-76EF7642F325: ConfigurationManager, init=-1: [0a86f2cf-b4a5-462d-ae84-45f64b212dc7|rpc:172.17.0.2:36529], old=null, confs=<EMPTY_MAP>
2020-12-11 14:19:13,797 [pool-177-thread-1] INFO  server.RaftServerConfigKeys (ConfUtils.java:logGet(44)) - raft.server.storage.dir = [/github/workspace/mnt/ozone/hadoop-ozone/integration-test/target/test-dir/MiniOzoneClusterImpl-f6ec90cd-9249-41c8-b5e0-41cfbed7d430/datanode-0/data/ratis] (custom)
2020-12-11 14:19:13,797 [pool-177-thread-1] INFO  server.RaftServerConfigKeys (ConfUtils.java:logGet(44)) - raft.server.log.corruption.policy = EXCEPTION (default)
2020-12-11 14:19:13,797 [pool-177-thread-1] INFO  storage.RaftStorageDirectory (RaftStorageDirectory.java:analyzeStorage(261)) - The storage directory /github/workspace/mnt/ozone/hadoop-ozone/integration-test/target/test-dir/MiniOzoneClusterImpl-f6ec90cd-9249-41c8-b5e0-41cfbed7d430/datanode-0/data/ratis/96b6b0f1-8248-420d-b4f9-76ef7642f325 does not exist. Creating ...
2020-12-11 14:19:13,798 [pool-177-thread-1] INFO  storage.RaftStorageDirectory (RaftStorageDirectory.java:tryLock(343)) - Lock on /github/workspace/mnt/ozone/hadoop-ozone/integration-test/target/test-dir/MiniOzoneClusterImpl-f6ec90cd-9249-41c8-b5e0-41cfbed7d430/datanode-0/data/ratis/96b6b0f1-8248-420d-b4f9-76ef7642f325/in_use.lock acquired by nodename 2449@cfd2ce0fb241
2020-12-11 14:19:13,800 [pool-177-thread-1] INFO  storage.RaftStorage (RaftStorage.java:format(85)) - Storage directory /github/workspace/mnt/ozone/hadoop-ozone/integration-test/target/test-dir/MiniOzoneClusterImpl-f6ec90cd-9249-41c8-b5e0-41cfbed7d430/datanode-0/data/ratis/96b6b0f1-8248-420d-b4f9-76ef7642f325 has been successfully formatted.
2020-12-11 14:19:13,801 [pool-177-thread-1] INFO  ratis.ContainerStateMachine (ContainerStateMachine.java:loadSnapshot(225)) - group-76EF7642F325: The snapshot info is null. Setting the last applied indexto:(t:0, i:~)
2020-12-11 14:19:13,801 [pool-177-thread-1] INFO  server.RaftServerConfigKeys (ConfUtils.java:logGet(44)) - raft.server.notification.no-leader.timeout = 300s (custom)
2020-12-11 14:19:13,801 [pool-177-thread-1] INFO  server.RaftServerConfigKeys (ConfUtils.java:logGet(44)) - raft.server.log.use.memory = false (default)
2020-12-11 14:19:13,801 [pool-177-thread-1] INFO  server.RaftServerConfigKeys (ConfUtils.java:logGet(44)) - raft.server.log.purge.gap = 1000000 (custom)
2020-12-11 14:19:13,801 [pool-177-thread-1] INFO  metrics.RatisMetrics (RatisMetrics.java:lambda$create$0(36)) - Creating Metrics Registry : ratis.log_worker.0a86f2cf-b4a5-462d-ae84-45f64b212dc7@group-76EF7642F325
2020-12-11 14:19:13,801 [pool-177-thread-1] INFO  server.RaftServerConfigKeys (ConfUtils.java:logGet(44)) - raft.server.log.appender.buffer.byte-limit = 33554432 (custom)
2020-12-11 14:19:13,802 [pool-177-thread-1] INFO  server.RaftServerConfigKeys (ConfUtils.java:logGet(44)) - raft.server.log.segment.size.max = 1048576 (custom)
2020-12-11 14:19:13,802 [pool-177-thread-1] INFO  server.RaftServerConfigKeys (ConfUtils.java:logGet(44)) - raft.server.log.segment.cache.num.max = 2 (custom)
2020-12-11 14:19:13,802 [pool-177-thread-1] INFO  segmented.SegmentedRaftLogWorker (SegmentedRaftLogWorker.java:<init>(180)) - new 0a86f2cf-b4a5-462d-ae84-45f64b212dc7@group-76EF7642F325-SegmentedRaftLogWorker for RaftStorage:Storage Directory /github/workspace/mnt/ozone/hadoop-ozone/integration-test/target/test-dir/MiniOzoneClusterImpl-f6ec90cd-9249-41c8-b5e0-41cfbed7d430/datanode-0/data/ratis/96b6b0f1-8248-420d-b4f9-76ef7642f325
2020-12-11 14:19:13,802 [pool-177-thread-1] INFO  server.RaftServerConfigKeys (ConfUtils.java:logGet(44)) - raft.server.log.queue.byte-limit = 2147483647 (custom)
2020-12-11 14:19:13,802 [pool-177-thread-1] INFO  server.RaftServerConfigKeys (ConfUtils.java:logGet(44)) - raft.server.log.queue.element-limit = 1024 (custom)
2020-12-11 14:19:13,802 [EventQueue-PipelineReportForOneReplicaPipelineSafeModeRule] INFO  safemode.SCMSafeModeManager (SCMSafeModeManager.java:validateSafeModeExitRules(214)) - AtleastOneDatanodeReportedRule rule is successfully validated
2020-12-11 14:19:13,803 [EventQueue-PipelineReportForPipelineReportHandler] INFO  pipeline.PipelineStateManager (PipelineStateManager.java:openPipeline(132)) - Pipeline Pipeline[ Id: 96b6b0f1-8248-420d-b4f9-76ef7642f325, Nodes: 0a86f2cf-b4a5-462d-ae84-45f64b212dc7{ip: 172.17.0.2, host: cfd2ce0fb241, networkLocation: /default-rack, certSerialId: null, persistedOpState: IN_SERVICE, persistedOpStateExpiryEpochSec: 0}, Type:RATIS, Factor:ONE, State:ALLOCATED, leaderId:0a86f2cf-b4a5-462d-ae84-45f64b212dc7, CreationTimestamp2020-12-11T14:19:10.794Z] moved to OPEN state
2020-12-11 14:19:13,802 [pool-177-thread-1] INFO  server.RaftServerConfigKeys (ConfUtils.java:logGet(44)) - raft.server.log.segment.size.max = 1048576 (custom)
2020-12-11 14:19:13,804 [pool-177-thread-1] INFO  server.RaftServerConfigKeys (ConfUtils.java:logGet(44)) - raft.server.log.preallocated.size = 16384 (custom)
2020-12-11 14:19:13,804 [pool-177-thread-1] INFO  server.RaftServerConfigKeys (ConfUtils.java:logGet(44)) - raft.server.log.write.buffer.size = 1048576 (custom)
2020-12-11 14:19:13,804 [pool-177-thread-1] INFO  server.RaftServerConfigKeys (ConfUtils.java:logGet(44)) - raft.server.log.force.sync.num = 128 (default)
2020-12-11 14:19:13,804 [pool-177-thread-1] INFO  server.RaftServerConfigKeys (ConfUtils.java:logGet(44)) - raft.server.log.statemachine.data.sync = true (default)
2020-12-11 14:19:13,804 [pool-177-thread-1] INFO  server.RaftServerConfigKeys (ConfUtils.java:logGet(44)) - raft.server.log.statemachine.data.sync.timeout = 10s (default)
2020-12-11 14:19:13,804 [pool-177-thread-1] INFO  server.RaftServerConfigKeys (ConfUtils.java:logGet(44)) - raft.server.log.statemachine.data.sync.timeout.retry = -1 (default)
2020-12-11 14:19:13,805 [pool-177-thread-1] INFO  server.RaftServerConfigKeys (ConfUtils.java:logGet(44)) - raft.server.log.statemachine.data.caching.enabled = true (custom)
2020-12-11 14:19:13,805 [pool-177-thread-1] INFO  segmented.SegmentedRaftLogWorker (SegmentedRaftLogWorker.java:lambda$new$0(129)) - 0a86f2cf-b4a5-462d-ae84-45f64b212dc7@group-76EF7642F325-SegmentedRaftLogWorker: flushIndex: setUnconditionally 0 -> -1
2020-12-11 14:19:13,805 [pool-177-thread-1] INFO  segmented.SegmentedRaftLogWorker (SegmentedRaftLogWorker.java:lambda$new$0(129)) - 0a86f2cf-b4a5-462d-ae84-45f64b212dc7@group-76EF7642F325-SegmentedRaftLogWorker: safeCacheEvictIndex: setUnconditionally 0 -> -1
2020-12-11 14:19:13,806 [EventQueue-OpenPipelineForHealthyPipelineSafeModeRule] INFO  safemode.SCMSafeModeManager (HealthyPipelineSafeModeRule.java:process(128)) - SCM in safe mode. Healthy pipelines reported count is 0, required healthy pipeline reported count is 1
2020-12-11 14:19:13,812 [pool-177-thread-1] INFO  server.RaftServerConfigKeys (ConfUtils.java:logGet(44)) - raft.server.snapshot.auto.trigger.enabled = true (custom)
2020-12-11 14:19:13,812 [pool-177-thread-1] INFO  server.RaftServerConfigKeys (ConfUtils.java:logGet(44)) - raft.server.snapshot.auto.trigger.threshold = 10000 (custom)
2020-12-11 14:19:13,812 [pool-177-thread-1] INFO  server.RaftServerConfigKeys (ConfUtils.java:logGet(44)) - raft.server.snapshot.retention.file.num = 5 (custom)
2020-12-11 14:19:13,812 [pool-177-thread-1] INFO  server.RaftServerConfigKeys (ConfUtils.java:logGet(44)) - raft.server.log.purge.upto.snapshot.index = false (default)
2020-12-11 14:19:13,812 [pool-177-thread-1] INFO  server.RaftServerConfigKeys (ConfUtils.java:logGet(44)) - raft.server.retrycache.expirytime = 600000ms (custom)
2020-12-11 14:19:13,812 [pool-177-thread-1] INFO  metrics.RatisMetrics (RatisMetrics.java:lambda$create$0(36)) - Creating Metrics Registry : ratis.leader_election.0a86f2cf-b4a5-462d-ae84-45f64b212dc7@group-76EF7642F325
2020-12-11 14:19:13,813 [pool-177-thread-1] INFO  metrics.RatisMetrics (RatisMetrics.java:lambda$create$0(36)) - Creating Metrics Registry : ratis.server.0a86f2cf-b4a5-462d-ae84-45f64b212dc7@group-76EF7642F325
2020-12-11 14:19:13,814 [pool-177-thread-1] INFO  impl.RaftServerImpl (RaftServerImpl.java:start(215)) - 0a86f2cf-b4a5-462d-ae84-45f64b212dc7@group-76EF7642F325: start as a follower, conf=-1: [0a86f2cf-b4a5-462d-ae84-45f64b212dc7|rpc:172.17.0.2:36529], old=null
2020-12-11 14:19:13,814 [pool-177-thread-1] INFO  impl.RaftServerImpl (RaftServerImpl.java:setRole(204)) - 0a86f2cf-b4a5-462d-ae84-45f64b212dc7@group-76EF7642F325: changes role from      null to FOLLOWER at term 0 for startAsFollower
2020-12-11 14:19:13,814 [pool-177-thread-1] INFO  impl.RoleInfo (RoleInfo.java:updateAndGet(143)) - 0a86f2cf-b4a5-462d-ae84-45f64b212dc7: start 0a86f2cf-b4a5-462d-ae84-45f64b212dc7@group-76EF7642F325-FollowerState
2020-12-11 14:19:13,818 [pool-177-thread-1] INFO  util.JmxRegister (JmxRegister.java:tryRegister(44)) - Successfully registered JMX Bean with object name Ratis:service=RaftServer,group=group-76EF7642F325,id=0a86f2cf-b4a5-462d-ae84-45f64b212dc7
2020-12-11 14:19:13,818 [pool-177-thread-1] INFO  metrics.RatisMetrics (RatisMetrics.java:lambda$create$0(36)) - Creating Metrics Registry : ratis.state_machine.0a86f2cf-b4a5-462d-ae84-45f64b212dc7@group-76EF7642F325
2020-12-11 14:19:13,819 [Command processor thread] INFO  commandhandler.CreatePipelineCommandHandler (CreatePipelineCommandHandler.java:handle(106)) - Created Pipeline RATIS ONE PipelineID=96b6b0f1-8248-420d-b4f9-76ef7642f325.
2020-12-11 14:19:13,819 [Command processor thread] INFO  impl.RaftServerProxy (RaftServerProxy.java:addNew(93)) - 0a86f2cf-b4a5-462d-ae84-45f64b212dc7: addNew group-84B6E63B3474:[0a86f2cf-b4a5-462d-ae84-45f64b212dc7|rpc:172.17.0.2:36529, 1e19d63f-6462-4e22-a106-6f9be0aefcff|rpc:172.17.0.2:42641, ee36c03c-d65c-4f9e-bb47-23af7307440e|rpc:172.17.0.2:44287] returns group-84B6E63B3474:java.util.concurrent.CompletableFuture@75d6c9ee[Not completed]
2020-12-11 14:19:13,820 [pool-177-thread-1] INFO  impl.RaftServerImpl (RaftServerImpl.java:<init>(121)) - 0a86f2cf-b4a5-462d-ae84-45f64b212dc7: new RaftServerImpl for group-84B6E63B3474:[0a86f2cf-b4a5-462d-ae84-45f64b212dc7|rpc:172.17.0.2:36529, 1e19d63f-6462-4e22-a106-6f9be0aefcff|rpc:172.17.0.2:42641, ee36c03c-d65c-4f9e-bb47-23af7307440e|rpc:172.17.0.2:44287] with ContainerStateMachine:uninitialized
2020-12-11 14:19:13,820 [pool-177-thread-1] INFO  server.RaftServerConfigKeys (ConfUtils.java:logGet(44)) - raft.server.rpc.timeout.min = 5s (custom)
2020-12-11 14:19:13,820 [pool-177-thread-1] INFO  server.RaftServerConfigKeys (ConfUtils.java:logGet(44)) - raft.server.rpc.timeout.max = 5200ms (custom)
2020-12-11 14:19:13,820 [pool-177-thread-1] INFO  server.RaftServerConfigKeys (ConfUtils.java:logGet(44)) - raft.server.rpc.slowness.timeout = 300s (custom)
2020-12-11 14:19:13,820 [pool-177-thread-1] INFO  server.RaftServerConfigKeys (ConfUtils.java:logGet(44)) - raft.server.leaderelection.leader.step-down.wait-time = 10s (default)
2020-12-11 14:19:13,820 [pool-177-thread-1] INFO  server.RaftServerConfigKeys (ConfUtils.java:logGet(44)) - raft.server.sleep.deviation.threshold = 300 (default)
2020-12-11 14:19:13,820 [pool-177-thread-1] INFO  server.RaftServerConfigKeys (ConfUtils.java:logGet(44)) - raft.server.log.appender.install.snapshot.enabled = false (custom)
2020-12-11 14:19:13,821 [pool-177-thread-1] INFO  impl.RaftServerImpl (ServerState.java:<init>(104)) - 0a86f2cf-b4a5-462d-ae84-45f64b212dc7@group-84B6E63B3474: ConfigurationManager, init=-1: [0a86f2cf-b4a5-462d-ae84-45f64b212dc7|rpc:172.17.0.2:36529, 1e19d63f-6462-4e22-a106-6f9be0aefcff|rpc:172.17.0.2:42641, ee36c03c-d65c-4f9e-bb47-23af7307440e|rpc:172.17.0.2:44287], old=null, confs=<EMPTY_MAP>
2020-12-11 14:19:13,821 [pool-177-thread-1] INFO  server.RaftServerConfigKeys (ConfUtils.java:logGet(44)) - raft.server.storage.dir = [/github/workspace/mnt/ozone/hadoop-ozone/integration-test/target/test-dir/MiniOzoneClusterImpl-f6ec90cd-9249-41c8-b5e0-41cfbed7d430/datanode-0/data/ratis] (custom)
2020-12-11 14:19:13,821 [pool-177-thread-1] INFO  server.RaftServerConfigKeys (ConfUtils.java:logGet(44)) - raft.server.log.corruption.policy = EXCEPTION (default)
2020-12-11 14:19:13,821 [pool-177-thread-1] INFO  storage.RaftStorageDirectory (RaftStorageDirectory.java:analyzeStorage(261)) - The storage directory /github/workspace/mnt/ozone/hadoop-ozone/integration-test/target/test-dir/MiniOzoneClusterImpl-f6ec90cd-9249-41c8-b5e0-41cfbed7d430/datanode-0/data/ratis/be4694ae-0acc-47b7-856c-84b6e63b3474 does not exist. Creating ...
2020-12-11 14:19:13,821 [org.apache.ratis.server.JvmPauseMonitor@20ccb016-Monitor] WARN  server.JvmPauseMonitor (JvmPauseMonitor.java:run(141)) - Detected pause in JVM or host machine (eg GC): pause of approximately 1ms
No GCs detected
2020-12-11 14:19:13,822 [pool-177-thread-1] INFO  storage.RaftStorageDirectory (RaftStorageDirectory.java:tryLock(343)) - Lock on /github/workspace/mnt/ozone/hadoop-ozone/integration-test/target/test-dir/MiniOzoneClusterImpl-f6ec90cd-9249-41c8-b5e0-41cfbed7d430/datanode-0/data/ratis/be4694ae-0acc-47b7-856c-84b6e63b3474/in_use.lock acquired by nodename 2449@cfd2ce0fb241
2020-12-11 14:19:13,823 [pool-177-thread-1] INFO  storage.RaftStorage (RaftStorage.java:format(85)) - Storage directory /github/workspace/mnt/ozone/hadoop-ozone/integration-test/target/test-dir/MiniOzoneClusterImpl-f6ec90cd-9249-41c8-b5e0-41cfbed7d430/datanode-0/data/ratis/be4694ae-0acc-47b7-856c-84b6e63b3474 has been successfully formatted.
2020-12-11 14:19:13,824 [pool-177-thread-1] INFO  ratis.ContainerStateMachine (ContainerStateMachine.java:loadSnapshot(225)) - group-84B6E63B3474: The snapshot info is null. Setting the last applied indexto:(t:0, i:~)
2020-12-11 14:19:13,824 [pool-177-thread-1] INFO  server.RaftServerConfigKeys (ConfUtils.java:logGet(44)) - raft.server.notification.no-leader.timeout = 300s (custom)
2020-12-11 14:19:13,824 [pool-177-thread-1] INFO  server.RaftServerConfigKeys (ConfUtils.java:logGet(44)) - raft.server.log.use.memory = false (default)
2020-12-11 14:19:13,824 [pool-177-thread-1] INFO  server.RaftServerConfigKeys (ConfUtils.java:logGet(44)) - raft.server.log.purge.gap = 1000000 (custom)
2020-12-11 14:19:13,824 [pool-177-thread-1] INFO  metrics.RatisMetrics (RatisMetrics.java:lambda$create$0(36)) - Creating Metrics Registry : ratis.log_worker.0a86f2cf-b4a5-462d-ae84-45f64b212dc7@group-84B6E63B3474
2020-12-11 14:19:13,825 [EventQueue-PipelineReportForOneReplicaPipelineSafeModeRule] INFO  safemode.SCMSafeModeManager (SCMSafeModeManager.java:validateSafeModeExitRules(214)) - AtleastOneDatanodeReportedRule rule is successfully validated
2020-12-11 14:19:13,825 [EventQueue-OpenPipelineForHealthyPipelineSafeModeRule] INFO  safemode.SCMSafeModeManager (HealthyPipelineSafeModeRule.java:process(128)) - SCM in safe mode. Healthy pipelines reported count is 0, required healthy pipeline reported count is 1
2020-12-11 14:19:13,825 [pool-177-thread-1] INFO  server.RaftServerConfigKeys (ConfUtils.java:logGet(44)) - raft.server.log.appender.buffer.byte-limit = 33554432 (custom)
2020-12-11 14:19:13,825 [pool-177-thread-1] INFO  server.RaftServerConfigKeys (ConfUtils.java:logGet(44)) - raft.server.log.segment.size.max = 1048576 (custom)
2020-12-11 14:19:13,825 [pool-177-thread-1] INFO  server.RaftServerConfigKeys (ConfUtils.java:logGet(44)) - raft.server.log.segment.cache.num.max = 2 (custom)
2020-12-11 14:19:13,825 [pool-177-thread-1] INFO  segmented.SegmentedRaftLogWorker (SegmentedRaftLogWorker.java:<init>(180)) - new 0a86f2cf-b4a5-462d-ae84-45f64b212dc7@group-84B6E63B3474-SegmentedRaftLogWorker for RaftStorage:Storage Directory /github/workspace/mnt/ozone/hadoop-ozone/integration-test/target/test-dir/MiniOzoneClusterImpl-f6ec90cd-9249-41c8-b5e0-41cfbed7d430/datanode-0/data/ratis/be4694ae-0acc-47b7-856c-84b6e63b3474
2020-12-11 14:19:13,826 [pool-177-thread-1] INFO  server.RaftServerConfigKeys (ConfUtils.java:logGet(44)) - raft.server.log.queue.byte-limit = 2147483647 (custom)
2020-12-11 14:19:13,826 [pool-177-thread-1] INFO  server.RaftServerConfigKeys (ConfUtils.java:logGet(44)) - raft.server.log.queue.element-limit = 1024 (custom)
2020-12-11 14:19:13,826 [pool-177-thread-1] INFO  server.RaftServerConfigKeys (ConfUtils.java:logGet(44)) - raft.server.log.segment.size.max = 1048576 (custom)
2020-12-11 14:19:13,826 [pool-177-thread-1] INFO  server.RaftServerConfigKeys (ConfUtils.java:logGet(44)) - raft.server.log.preallocated.size = 16384 (custom)
2020-12-11 14:19:13,826 [pool-177-thread-1] INFO  server.RaftServerConfigKeys (ConfUtils.java:logGet(44)) - raft.server.log.write.buffer.size = 1048576 (custom)
2020-12-11 14:19:13,826 [pool-177-thread-1] INFO  server.RaftServerConfigKeys (ConfUtils.java:logGet(44)) - raft.server.log.force.sync.num = 128 (default)
2020-12-11 14:19:13,826 [pool-177-thread-1] INFO  server.RaftServerConfigKeys (ConfUtils.java:logGet(44)) - raft.server.log.statemachine.data.sync = true (default)
2020-12-11 14:19:13,826 [pool-177-thread-1] INFO  server.RaftServerConfigKeys (ConfUtils.java:logGet(44)) - raft.server.log.statemachine.data.sync.timeout = 10s (default)
2020-12-11 14:19:13,826 [pool-177-thread-1] INFO  server.RaftServerConfigKeys (ConfUtils.java:logGet(44)) - raft.server.log.statemachine.data.sync.timeout.retry = -1 (default)
2020-12-11 14:19:13,827 [pool-177-thread-1] INFO  server.RaftServerConfigKeys (ConfUtils.java:logGet(44)) - raft.server.log.statemachine.data.caching.enabled = true (custom)
2020-12-11 14:19:13,828 [pool-177-thread-1] INFO  segmented.SegmentedRaftLogWorker (SegmentedRaftLogWorker.java:lambda$new$0(129)) - 0a86f2cf-b4a5-462d-ae84-45f64b212dc7@group-84B6E63B3474-SegmentedRaftLogWorker: flushIndex: setUnconditionally 0 -> -1
2020-12-11 14:19:13,828 [pool-177-thread-1] INFO  segmented.SegmentedRaftLogWorker (SegmentedRaftLogWorker.java:lambda$new$0(129)) - 0a86f2cf-b4a5-462d-ae84-45f64b212dc7@group-84B6E63B3474-SegmentedRaftLogWorker: safeCacheEvictIndex: setUnconditionally 0 -> -1
2020-12-11 14:19:13,828 [pool-177-thread-1] INFO  server.RaftServerConfigKeys (ConfUtils.java:logGet(44)) - raft.server.snapshot.auto.trigger.enabled = true (custom)
2020-12-11 14:19:13,828 [pool-177-thread-1] INFO  server.RaftServerConfigKeys (ConfUtils.java:logGet(44)) - raft.server.snapshot.auto.trigger.threshold = 10000 (custom)
2020-12-11 14:19:13,828 [pool-177-thread-1] INFO  server.RaftServerConfigKeys (ConfUtils.java:logGet(44)) - raft.server.snapshot.retention.file.num = 5 (custom)
2020-12-11 14:19:13,828 [pool-177-thread-1] INFO  server.RaftServerConfigKeys (ConfUtils.java:logGet(44)) - raft.server.log.purge.upto.snapshot.index = false (default)
2020-12-11 14:19:13,828 [pool-177-thread-1] INFO  server.RaftServerConfigKeys (ConfUtils.java:logGet(44)) - raft.server.retrycache.expirytime = 600000ms (custom)
2020-12-11 14:19:13,828 [pool-177-thread-1] INFO  metrics.RatisMetrics (RatisMetrics.java:lambda$create$0(36)) - Creating Metrics Registry : ratis.leader_election.0a86f2cf-b4a5-462d-ae84-45f64b212dc7@group-84B6E63B3474
2020-12-11 14:19:13,829 [pool-177-thread-1] INFO  metrics.RatisMetrics (RatisMetrics.java:lambda$create$0(36)) - Creating Metrics Registry : ratis.server.0a86f2cf-b4a5-462d-ae84-45f64b212dc7@group-84B6E63B3474
2020-12-11 14:19:13,830 [pool-177-thread-1] INFO  impl.RaftServerImpl (RaftServerImpl.java:start(215)) - 0a86f2cf-b4a5-462d-ae84-45f64b212dc7@group-84B6E63B3474: start as a follower, conf=-1: [0a86f2cf-b4a5-462d-ae84-45f64b212dc7|rpc:172.17.0.2:36529, 1e19d63f-6462-4e22-a106-6f9be0aefcff|rpc:172.17.0.2:42641, ee36c03c-d65c-4f9e-bb47-23af7307440e|rpc:172.17.0.2:44287], old=null
2020-12-11 14:19:13,830 [pool-177-thread-1] INFO  impl.RaftServerImpl (RaftServerImpl.java:setRole(204)) - 0a86f2cf-b4a5-462d-ae84-45f64b212dc7@group-84B6E63B3474: changes role from      null to FOLLOWER at term 0 for startAsFollower
2020-12-11 14:19:13,830 [pool-177-thread-1] INFO  impl.RoleInfo (RoleInfo.java:updateAndGet(143)) - 0a86f2cf-b4a5-462d-ae84-45f64b212dc7: start 0a86f2cf-b4a5-462d-ae84-45f64b212dc7@group-84B6E63B3474-FollowerState
2020-12-11 14:19:13,831 [pool-177-thread-1] INFO  util.JmxRegister (JmxRegister.java:tryRegister(44)) - Successfully registered JMX Bean with object name Ratis:service=RaftServer,group=group-84B6E63B3474,id=0a86f2cf-b4a5-462d-ae84-45f64b212dc7
2020-12-11 14:19:13,831 [pool-177-thread-1] INFO  metrics.RatisMetrics (RatisMetrics.java:lambda$create$0(36)) - Creating Metrics Registry : ratis.state_machine.0a86f2cf-b4a5-462d-ae84-45f64b212dc7@group-84B6E63B3474
2020-12-11 14:19:13,832 [Command processor thread] INFO  metrics.RatisMetrics (RatisMetrics.java:lambda$create$0(36)) - Creating Metrics Registry : ratis.client_message_metrics.client-92304FDEDA82->ee36c03c-d65c-4f9e-bb47-23af7307440e
2020-12-11 14:19:13,840 [grpc-default-executor-0] INFO  metrics.RatisMetrics (RatisMetrics.java:lambda$create$0(36)) - Creating Metrics Registry : ratis.server_message_metrics.ee36c03c-d65c-4f9e-bb47-23af7307440e
2020-12-11 14:19:13,843 [grpc-default-executor-0] INFO  impl.RaftServerProxy (RaftServerProxy.java:addNew(93)) - ee36c03c-d65c-4f9e-bb47-23af7307440e: addNew group-84B6E63B3474:[0a86f2cf-b4a5-462d-ae84-45f64b212dc7|rpc:172.17.0.2:36529|dataStream:, 1e19d63f-6462-4e22-a106-6f9be0aefcff|rpc:172.17.0.2:42641|dataStream:, ee36c03c-d65c-4f9e-bb47-23af7307440e|rpc:172.17.0.2:44287|dataStream:] returns group-84B6E63B3474:java.util.concurrent.CompletableFuture@22aed490[Not completed]
2020-12-11 14:19:13,846 [pool-193-thread-1] INFO  impl.RaftServerImpl (RaftServerImpl.java:<init>(121)) - ee36c03c-d65c-4f9e-bb47-23af7307440e: new RaftServerImpl for group-84B6E63B3474:[0a86f2cf-b4a5-462d-ae84-45f64b212dc7|rpc:172.17.0.2:36529|dataStream:, 1e19d63f-6462-4e22-a106-6f9be0aefcff|rpc:172.17.0.2:42641|dataStream:, ee36c03c-d65c-4f9e-bb47-23af7307440e|rpc:172.17.0.2:44287|dataStream:] with ContainerStateMachine:uninitialized
2020-12-11 14:19:13,847 [pool-193-thread-1] INFO  server.RaftServerConfigKeys (ConfUtils.java:logGet(44)) - raft.server.rpc.timeout.min = 5s (custom)
2020-12-11 14:19:13,847 [pool-193-thread-1] INFO  server.RaftServerConfigKeys (ConfUtils.java:logGet(44)) - raft.server.rpc.timeout.max = 5200ms (custom)
2020-12-11 14:19:13,847 [pool-193-thread-1] INFO  server.RaftServerConfigKeys (ConfUtils.java:logGet(44)) - raft.server.rpc.slowness.timeout = 300s (custom)
2020-12-11 14:19:13,847 [pool-193-thread-1] INFO  server.RaftServerConfigKeys (ConfUtils.java:logGet(44)) - raft.server.leaderelection.leader.step-down.wait-time = 10s (default)
2020-12-11 14:19:13,847 [pool-193-thread-1] INFO  server.RaftServerConfigKeys (ConfUtils.java:logGet(44)) - raft.server.sleep.deviation.threshold = 300 (default)
2020-12-11 14:19:13,847 [pool-193-thread-1] INFO  server.RaftServerConfigKeys (ConfUtils.java:logGet(44)) - raft.server.log.appender.install.snapshot.enabled = false (custom)
2020-12-11 14:19:13,847 [pool-193-thread-1] INFO  impl.RaftServerImpl (ServerState.java:<init>(104)) - ee36c03c-d65c-4f9e-bb47-23af7307440e@group-84B6E63B3474: ConfigurationManager, init=-1: [0a86f2cf-b4a5-462d-ae84-45f64b212dc7|rpc:172.17.0.2:36529|dataStream:, 1e19d63f-6462-4e22-a106-6f9be0aefcff|rpc:172.17.0.2:42641|dataStream:, ee36c03c-d65c-4f9e-bb47-23af7307440e|rpc:172.17.0.2:44287|dataStream:], old=null, confs=<EMPTY_MAP>
2020-12-11 14:19:13,848 [pool-193-thread-1] INFO  server.RaftServerConfigKeys (ConfUtils.java:logGet(44)) - raft.server.storage.dir = [/github/workspace/mnt/ozone/hadoop-ozone/integration-test/target/test-dir/MiniOzoneClusterImpl-f6ec90cd-9249-41c8-b5e0-41cfbed7d430/datanode-1/data/ratis] (custom)
2020-12-11 14:19:13,848 [pool-193-thread-1] INFO  server.RaftServerConfigKeys (ConfUtils.java:logGet(44)) - raft.server.log.corruption.policy = EXCEPTION (default)
2020-12-11 14:19:13,848 [pool-193-thread-1] INFO  storage.RaftStorageDirectory (RaftStorageDirectory.java:analyzeStorage(261)) - The storage directory /github/workspace/mnt/ozone/hadoop-ozone/integration-test/target/test-dir/MiniOzoneClusterImpl-f6ec90cd-9249-41c8-b5e0-41cfbed7d430/datanode-1/data/ratis/be4694ae-0acc-47b7-856c-84b6e63b3474 does not exist. Creating ...
2020-12-11 14:19:13,850 [pool-193-thread-1] INFO  storage.RaftStorageDirectory (RaftStorageDirectory.java:tryLock(343)) - Lock on /github/workspace/mnt/ozone/hadoop-ozone/integration-test/target/test-dir/MiniOzoneClusterImpl-f6ec90cd-9249-41c8-b5e0-41cfbed7d430/datanode-1/data/ratis/be4694ae-0acc-47b7-856c-84b6e63b3474/in_use.lock acquired by nodename 2449@cfd2ce0fb241
2020-12-11 14:19:13,852 [pool-193-thread-1] INFO  storage.RaftStorage (RaftStorage.java:format(85)) - Storage directory /github/workspace/mnt/ozone/hadoop-ozone/integration-test/target/test-dir/MiniOzoneClusterImpl-f6ec90cd-9249-41c8-b5e0-41cfbed7d430/datanode-1/data/ratis/be4694ae-0acc-47b7-856c-84b6e63b3474 has been successfully formatted.
2020-12-11 14:19:13,852 [pool-193-thread-1] INFO  ratis.ContainerStateMachine (ContainerStateMachine.java:loadSnapshot(225)) - group-84B6E63B3474: The snapshot info is null. Setting the last applied indexto:(t:0, i:~)
2020-12-11 14:19:13,854 [EventQueue-PipelineReportForOneReplicaPipelineSafeModeRule] INFO  safemode.SCMSafeModeManager (SCMSafeModeManager.java:validateSafeModeExitRules(214)) - AtleastOneDatanodeReportedRule rule is successfully validated
2020-12-11 14:19:13,854 [pool-193-thread-1] INFO  server.RaftServerConfigKeys (ConfUtils.java:logGet(44)) - raft.server.notification.no-leader.timeout = 300s (custom)
2020-12-11 14:19:13,854 [pool-193-thread-1] INFO  server.RaftServerConfigKeys (ConfUtils.java:logGet(44)) - raft.server.log.use.memory = false (default)
2020-12-11 14:19:13,854 [pool-193-thread-1] INFO  server.RaftServerConfigKeys (ConfUtils.java:logGet(44)) - raft.server.log.purge.gap = 1000000 (custom)
2020-12-11 14:19:13,854 [pool-193-thread-1] INFO  metrics.RatisMetrics (RatisMetrics.java:lambda$create$0(36)) - Creating Metrics Registry : ratis.log_worker.ee36c03c-d65c-4f9e-bb47-23af7307440e@group-84B6E63B3474
2020-12-11 14:19:13,855 [pool-193-thread-1] INFO  server.RaftServerConfigKeys (ConfUtils.java:logGet(44)) - raft.server.log.appender.buffer.byte-limit = 33554432 (custom)
2020-12-11 14:19:13,855 [pool-193-thread-1] INFO  server.RaftServerConfigKeys (ConfUtils.java:logGet(44)) - raft.server.log.segment.size.max = 1048576 (custom)
2020-12-11 14:19:13,855 [pool-193-thread-1] INFO  server.RaftServerConfigKeys (ConfUtils.java:logGet(44)) - raft.server.log.segment.cache.num.max = 2 (custom)
2020-12-11 14:19:13,855 [pool-193-thread-1] INFO  segmented.SegmentedRaftLogWorker (SegmentedRaftLogWorker.java:<init>(180)) - new ee36c03c-d65c-4f9e-bb47-23af7307440e@group-84B6E63B3474-SegmentedRaftLogWorker for RaftStorage:Storage Directory /github/workspace/mnt/ozone/hadoop-ozone/integration-test/target/test-dir/MiniOzoneClusterImpl-f6ec90cd-9249-41c8-b5e0-41cfbed7d430/datanode-1/data/ratis/be4694ae-0acc-47b7-856c-84b6e63b3474
2020-12-11 14:19:13,855 [pool-193-thread-1] INFO  server.RaftServerConfigKeys (ConfUtils.java:logGet(44)) - raft.server.log.queue.byte-limit = 2147483647 (custom)
2020-12-11 14:19:13,855 [pool-193-thread-1] INFO  server.RaftServerConfigKeys (ConfUtils.java:logGet(44)) - raft.server.log.queue.element-limit = 1024 (custom)
2020-12-11 14:19:13,855 [pool-193-thread-1] INFO  server.RaftServerConfigKeys (ConfUtils.java:logGet(44)) - raft.server.log.segment.size.max = 1048576 (custom)
2020-12-11 14:19:13,855 [pool-193-thread-1] INFO  server.RaftServerConfigKeys (ConfUtils.java:logGet(44)) - raft.server.log.preallocated.size = 16384 (custom)
2020-12-11 14:19:13,856 [pool-193-thread-1] INFO  server.RaftServerConfigKeys (ConfUtils.java:logGet(44)) - raft.server.log.write.buffer.size = 1048576 (custom)
2020-12-11 14:19:13,856 [pool-193-thread-1] INFO  server.RaftServerConfigKeys (ConfUtils.java:logGet(44)) - raft.server.log.force.sync.num = 128 (default)
2020-12-11 14:19:13,856 [pool-193-thread-1] INFO  server.RaftServerConfigKeys (ConfUtils.java:logGet(44)) - raft.server.log.statemachine.data.sync = true (default)
2020-12-11 14:19:13,856 [pool-193-thread-1] INFO  server.RaftServerConfigKeys (ConfUtils.java:logGet(44)) - raft.server.log.statemachine.data.sync.timeout = 10s (default)
2020-12-11 14:19:13,856 [pool-193-thread-1] INFO  server.RaftServerConfigKeys (ConfUtils.java:logGet(44)) - raft.server.log.statemachine.data.sync.timeout.retry = -1 (default)
2020-12-11 14:19:13,858 [pool-193-thread-1] INFO  server.RaftServerConfigKeys (ConfUtils.java:logGet(44)) - raft.server.log.statemachine.data.caching.enabled = true (custom)
2020-12-11 14:19:13,858 [pool-193-thread-1] INFO  segmented.SegmentedRaftLogWorker (SegmentedRaftLogWorker.java:lambda$new$0(129)) - ee36c03c-d65c-4f9e-bb47-23af7307440e@group-84B6E63B3474-SegmentedRaftLogWorker: flushIndex: setUnconditionally 0 -> -1
2020-12-11 14:19:13,858 [pool-193-thread-1] INFO  segmented.SegmentedRaftLogWorker (SegmentedRaftLogWorker.java:lambda$new$0(129)) - ee36c03c-d65c-4f9e-bb47-23af7307440e@group-84B6E63B3474-SegmentedRaftLogWorker: safeCacheEvictIndex: setUnconditionally 0 -> -1
2020-12-11 14:19:13,861 [pool-193-thread-1] INFO  server.RaftServerConfigKeys (ConfUtils.java:logGet(44)) - raft.server.snapshot.auto.trigger.enabled = true (custom)
2020-12-11 14:19:13,861 [pool-193-thread-1] INFO  server.RaftServerConfigKeys (ConfUtils.java:logGet(44)) - raft.server.snapshot.auto.trigger.threshold = 10000 (custom)
2020-12-11 14:19:13,861 [pool-193-thread-1] INFO  server.RaftServerConfigKeys (ConfUtils.java:logGet(44)) - raft.server.snapshot.retention.file.num = 5 (custom)
2020-12-11 14:19:13,862 [pool-193-thread-1] INFO  server.RaftServerConfigKeys (ConfUtils.java:logGet(44)) - raft.server.log.purge.upto.snapshot.index = false (default)
2020-12-11 14:19:13,862 [pool-193-thread-1] INFO  server.RaftServerConfigKeys (ConfUtils.java:logGet(44)) - raft.server.retrycache.expirytime = 600000ms (custom)
2020-12-11 14:19:13,862 [pool-193-thread-1] INFO  metrics.RatisMetrics (RatisMetrics.java:lambda$create$0(36)) - Creating Metrics Registry : ratis.leader_election.ee36c03c-d65c-4f9e-bb47-23af7307440e@group-84B6E63B3474
2020-12-11 14:19:13,864 [pool-193-thread-1] INFO  metrics.RatisMetrics (RatisMetrics.java:lambda$create$0(36)) - Creating Metrics Registry : ratis.server.ee36c03c-d65c-4f9e-bb47-23af7307440e@group-84B6E63B3474
2020-12-11 14:19:13,865 [pool-193-thread-1] INFO  impl.RaftServerImpl (RaftServerImpl.java:start(215)) - ee36c03c-d65c-4f9e-bb47-23af7307440e@group-84B6E63B3474: start as a follower, conf=-1: [0a86f2cf-b4a5-462d-ae84-45f64b212dc7|rpc:172.17.0.2:36529|dataStream:, 1e19d63f-6462-4e22-a106-6f9be0aefcff|rpc:172.17.0.2:42641|dataStream:, ee36c03c-d65c-4f9e-bb47-23af7307440e|rpc:172.17.0.2:44287|dataStream:], old=null
2020-12-11 14:19:13,865 [pool-193-thread-1] INFO  impl.RaftServerImpl (RaftServerImpl.java:setRole(204)) - ee36c03c-d65c-4f9e-bb47-23af7307440e@group-84B6E63B3474: changes role from      null to FOLLOWER at term 0 for startAsFollower
2020-12-11 14:19:13,865 [pool-193-thread-1] INFO  impl.RoleInfo (RoleInfo.java:updateAndGet(143)) - ee36c03c-d65c-4f9e-bb47-23af7307440e: start ee36c03c-d65c-4f9e-bb47-23af7307440e@group-84B6E63B3474-FollowerState
2020-12-11 14:19:13,866 [pool-193-thread-1] INFO  util.JmxRegister (JmxRegister.java:tryRegister(44)) - Successfully registered JMX Bean with object name Ratis:service=RaftServer,group=group-84B6E63B3474,id=ee36c03c-d65c-4f9e-bb47-23af7307440e
2020-12-11 14:19:13,866 [pool-193-thread-1] INFO  metrics.RatisMetrics (RatisMetrics.java:lambda$create$0(36)) - Creating Metrics Registry : ratis.state_machine.ee36c03c-d65c-4f9e-bb47-23af7307440e@group-84B6E63B3474
2020-12-11 14:19:13,874 [Command processor thread] INFO  metrics.RatisMetrics (RatisMetrics.java:lambda$create$0(36)) - Creating Metrics Registry : ratis.client_message_metrics.client-48D46C50368A->1e19d63f-6462-4e22-a106-6f9be0aefcff
2020-12-11 14:19:13,880 [grpc-default-executor-0] INFO  metrics.RatisMetrics (RatisMetrics.java:lambda$create$0(36)) - Creating Metrics Registry : ratis.server_message_metrics.1e19d63f-6462-4e22-a106-6f9be0aefcff
2020-12-11 14:19:13,883 [grpc-default-executor-0] INFO  impl.RaftServerProxy (RaftServerProxy.java:addNew(93)) - 1e19d63f-6462-4e22-a106-6f9be0aefcff: addNew group-84B6E63B3474:[0a86f2cf-b4a5-462d-ae84-45f64b212dc7|rpc:172.17.0.2:36529|dataStream:, 1e19d63f-6462-4e22-a106-6f9be0aefcff|rpc:172.17.0.2:42641|dataStream:, ee36c03c-d65c-4f9e-bb47-23af7307440e|rpc:172.17.0.2:44287|dataStream:] returns group-84B6E63B3474:java.util.concurrent.CompletableFuture@777734eb[Not completed]
2020-12-11 14:19:13,886 [pool-209-thread-1] INFO  impl.RaftServerImpl (RaftServerImpl.java:<init>(121)) - 1e19d63f-6462-4e22-a106-6f9be0aefcff: new RaftServerImpl for group-84B6E63B3474:[0a86f2cf-b4a5-462d-ae84-45f64b212dc7|rpc:172.17.0.2:36529|dataStream:, 1e19d63f-6462-4e22-a106-6f9be0aefcff|rpc:172.17.0.2:42641|dataStream:, ee36c03c-d65c-4f9e-bb47-23af7307440e|rpc:172.17.0.2:44287|dataStream:] with ContainerStateMachine:uninitialized
2020-12-11 14:19:13,887 [pool-209-thread-1] INFO  server.RaftServerConfigKeys (ConfUtils.java:logGet(44)) - raft.server.rpc.timeout.min = 5s (custom)
2020-12-11 14:19:13,888 [pool-209-thread-1] INFO  server.RaftServerConfigKeys (ConfUtils.java:logGet(44)) - raft.server.rpc.timeout.max = 5200ms (custom)
2020-12-11 14:19:13,888 [pool-209-thread-1] INFO  server.RaftServerConfigKeys (ConfUtils.java:logGet(44)) - raft.server.rpc.slowness.timeout = 300s (custom)
2020-12-11 14:19:13,890 [pool-209-thread-1] INFO  server.RaftServerConfigKeys (ConfUtils.java:logGet(44)) - raft.server.leaderelection.leader.step-down.wait-time = 10s (default)
2020-12-11 14:19:13,890 [pool-209-thread-1] INFO  server.RaftServerConfigKeys (ConfUtils.java:logGet(44)) - raft.server.sleep.deviation.threshold = 300 (default)
2020-12-11 14:19:13,890 [pool-209-thread-1] INFO  server.RaftServerConfigKeys (ConfUtils.java:logGet(44)) - raft.server.log.appender.install.snapshot.enabled = false (custom)
2020-12-11 14:19:13,890 [pool-209-thread-1] INFO  impl.RaftServerImpl (ServerState.java:<init>(104)) - 1e19d63f-6462-4e22-a106-6f9be0aefcff@group-84B6E63B3474: ConfigurationManager, init=-1: [0a86f2cf-b4a5-462d-ae84-45f64b212dc7|rpc:172.17.0.2:36529|dataStream:, 1e19d63f-6462-4e22-a106-6f9be0aefcff|rpc:172.17.0.2:42641|dataStream:, ee36c03c-d65c-4f9e-bb47-23af7307440e|rpc:172.17.0.2:44287|dataStream:], old=null, confs=<EMPTY_MAP>
2020-12-11 14:19:13,890 [pool-209-thread-1] INFO  server.RaftServerConfigKeys (ConfUtils.java:logGet(44)) - raft.server.storage.dir = [/github/workspace/mnt/ozone/hadoop-ozone/integration-test/target/test-dir/MiniOzoneClusterImpl-f6ec90cd-9249-41c8-b5e0-41cfbed7d430/datanode-2/data/ratis] (custom)
2020-12-11 14:19:13,890 [pool-209-thread-1] INFO  server.RaftServerConfigKeys (ConfUtils.java:logGet(44)) - raft.server.log.corruption.policy = EXCEPTION (default)
2020-12-11 14:19:13,890 [pool-209-thread-1] INFO  storage.RaftStorageDirectory (RaftStorageDirectory.java:analyzeStorage(261)) - The storage directory /github/workspace/mnt/ozone/hadoop-ozone/integration-test/target/test-dir/MiniOzoneClusterImpl-f6ec90cd-9249-41c8-b5e0-41cfbed7d430/datanode-2/data/ratis/be4694ae-0acc-47b7-856c-84b6e63b3474 does not exist. Creating ...
2020-12-11 14:19:13,892 [pool-209-thread-1] INFO  storage.RaftStorageDirectory (RaftStorageDirectory.java:tryLock(343)) - Lock on /github/workspace/mnt/ozone/hadoop-ozone/integration-test/target/test-dir/MiniOzoneClusterImpl-f6ec90cd-9249-41c8-b5e0-41cfbed7d430/datanode-2/data/ratis/be4694ae-0acc-47b7-856c-84b6e63b3474/in_use.lock acquired by nodename 2449@cfd2ce0fb241
2020-12-11 14:19:13,893 [pool-209-thread-1] INFO  storage.RaftStorage (RaftStorage.java:format(85)) - Storage directory /github/workspace/mnt/ozone/hadoop-ozone/integration-test/target/test-dir/MiniOzoneClusterImpl-f6ec90cd-9249-41c8-b5e0-41cfbed7d430/datanode-2/data/ratis/be4694ae-0acc-47b7-856c-84b6e63b3474 has been successfully formatted.
2020-12-11 14:19:13,894 [pool-209-thread-1] INFO  ratis.ContainerStateMachine (ContainerStateMachine.java:loadSnapshot(225)) - group-84B6E63B3474: The snapshot info is null. Setting the last applied indexto:(t:0, i:~)
2020-12-11 14:19:13,894 [pool-209-thread-1] INFO  server.RaftServerConfigKeys (ConfUtils.java:logGet(44)) - raft.server.notification.no-leader.timeout = 300s (custom)
2020-12-11 14:19:13,894 [pool-209-thread-1] INFO  server.RaftServerConfigKeys (ConfUtils.java:logGet(44)) - raft.server.log.use.memory = false (default)
2020-12-11 14:19:13,894 [pool-209-thread-1] INFO  server.RaftServerConfigKeys (ConfUtils.java:logGet(44)) - raft.server.log.purge.gap = 1000000 (custom)
2020-12-11 14:19:13,894 [pool-209-thread-1] INFO  metrics.RatisMetrics (RatisMetrics.java:lambda$create$0(36)) - Creating Metrics Registry : ratis.log_worker.1e19d63f-6462-4e22-a106-6f9be0aefcff@group-84B6E63B3474
2020-12-11 14:19:13,894 [EventQueue-PipelineReportForOneReplicaPipelineSafeModeRule] INFO  safemode.SCMSafeModeManager (SCMSafeModeManager.java:validateSafeModeExitRules(214)) - AtleastOneDatanodeReportedRule rule is successfully validated
2020-12-11 14:19:13,895 [pool-209-thread-1] INFO  server.RaftServerConfigKeys (ConfUtils.java:logGet(44)) - raft.server.log.appender.buffer.byte-limit = 33554432 (custom)
2020-12-11 14:19:13,896 [pool-209-thread-1] INFO  server.RaftServerConfigKeys (ConfUtils.java:logGet(44)) - raft.server.log.segment.size.max = 1048576 (custom)
2020-12-11 14:19:13,896 [pool-209-thread-1] INFO  server.RaftServerConfigKeys (ConfUtils.java:logGet(44)) - raft.server.log.segment.cache.num.max = 2 (custom)
2020-12-11 14:19:13,896 [pool-209-thread-1] INFO  segmented.SegmentedRaftLogWorker (SegmentedRaftLogWorker.java:<init>(180)) - new 1e19d63f-6462-4e22-a106-6f9be0aefcff@group-84B6E63B3474-SegmentedRaftLogWorker for RaftStorage:Storage Directory /github/workspace/mnt/ozone/hadoop-ozone/integration-test/target/test-dir/MiniOzoneClusterImpl-f6ec90cd-9249-41c8-b5e0-41cfbed7d430/datanode-2/data/ratis/be4694ae-0acc-47b7-856c-84b6e63b3474
2020-12-11 14:19:13,896 [pool-209-thread-1] INFO  server.RaftServerConfigKeys (ConfUtils.java:logGet(44)) - raft.server.log.queue.byte-limit = 2147483647 (custom)
2020-12-11 14:19:13,896 [pool-209-thread-1] INFO  server.RaftServerConfigKeys (ConfUtils.java:logGet(44)) - raft.server.log.queue.element-limit = 1024 (custom)
2020-12-11 14:19:13,896 [pool-209-thread-1] INFO  server.RaftServerConfigKeys (ConfUtils.java:logGet(44)) - raft.server.log.segment.size.max = 1048576 (custom)
2020-12-11 14:19:13,896 [pool-209-thread-1] INFO  server.RaftServerConfigKeys (ConfUtils.java:logGet(44)) - raft.server.log.preallocated.size = 16384 (custom)
2020-12-11 14:19:13,896 [pool-209-thread-1] INFO  server.RaftServerConfigKeys (ConfUtils.java:logGet(44)) - raft.server.log.write.buffer.size = 1048576 (custom)
2020-12-11 14:19:13,897 [pool-209-thread-1] INFO  server.RaftServerConfigKeys (ConfUtils.java:logGet(44)) - raft.server.log.force.sync.num = 128 (default)
2020-12-11 14:19:13,897 [pool-209-thread-1] INFO  server.RaftServerConfigKeys (ConfUtils.java:logGet(44)) - raft.server.log.statemachine.data.sync = true (default)
2020-12-11 14:19:13,897 [pool-209-thread-1] INFO  server.RaftServerConfigKeys (ConfUtils.java:logGet(44)) - raft.server.log.statemachine.data.sync.timeout = 10s (default)
2020-12-11 14:19:13,897 [pool-209-thread-1] INFO  server.RaftServerConfigKeys (ConfUtils.java:logGet(44)) - raft.server.log.statemachine.data.sync.timeout.retry = -1 (default)
2020-12-11 14:19:13,899 [pool-209-thread-1] INFO  server.RaftServerConfigKeys (ConfUtils.java:logGet(44)) - raft.server.log.statemachine.data.caching.enabled = true (custom)
2020-12-11 14:19:13,899 [pool-209-thread-1] INFO  segmented.SegmentedRaftLogWorker (SegmentedRaftLogWorker.java:lambda$new$0(129)) - 1e19d63f-6462-4e22-a106-6f9be0aefcff@group-84B6E63B3474-SegmentedRaftLogWorker: flushIndex: setUnconditionally 0 -> -1
2020-12-11 14:19:13,899 [pool-209-thread-1] INFO  segmented.SegmentedRaftLogWorker (SegmentedRaftLogWorker.java:lambda$new$0(129)) - 1e19d63f-6462-4e22-a106-6f9be0aefcff@group-84B6E63B3474-SegmentedRaftLogWorker: safeCacheEvictIndex: setUnconditionally 0 -> -1
2020-12-11 14:19:13,899 [pool-209-thread-1] INFO  server.RaftServerConfigKeys (ConfUtils.java:logGet(44)) - raft.server.snapshot.auto.trigger.enabled = true (custom)
2020-12-11 14:19:13,899 [pool-209-thread-1] INFO  server.RaftServerConfigKeys (ConfUtils.java:logGet(44)) - raft.server.snapshot.auto.trigger.threshold = 10000 (custom)
2020-12-11 14:19:13,899 [pool-209-thread-1] INFO  server.RaftServerConfigKeys (ConfUtils.java:logGet(44)) - raft.server.snapshot.retention.file.num = 5 (custom)
2020-12-11 14:19:13,899 [pool-209-thread-1] INFO  server.RaftServerConfigKeys (ConfUtils.java:logGet(44)) - raft.server.log.purge.upto.snapshot.index = false (default)
2020-12-11 14:19:13,899 [pool-209-thread-1] INFO  server.RaftServerConfigKeys (ConfUtils.java:logGet(44)) - raft.server.retrycache.expirytime = 600000ms (custom)
2020-12-11 14:19:13,899 [pool-209-thread-1] INFO  metrics.RatisMetrics (RatisMetrics.java:lambda$create$0(36)) - Creating Metrics Registry : ratis.leader_election.1e19d63f-6462-4e22-a106-6f9be0aefcff@group-84B6E63B3474
2020-12-11 14:19:13,900 [pool-209-thread-1] INFO  metrics.RatisMetrics (RatisMetrics.java:lambda$create$0(36)) - Creating Metrics Registry : ratis.server.1e19d63f-6462-4e22-a106-6f9be0aefcff@group-84B6E63B3474
2020-12-11 14:19:13,901 [pool-209-thread-1] INFO  impl.RaftServerImpl (RaftServerImpl.java:start(215)) - 1e19d63f-6462-4e22-a106-6f9be0aefcff@group-84B6E63B3474: start as a follower, conf=-1: [0a86f2cf-b4a5-462d-ae84-45f64b212dc7|rpc:172.17.0.2:36529|dataStream:, 1e19d63f-6462-4e22-a106-6f9be0aefcff|rpc:172.17.0.2:42641|dataStream:, ee36c03c-d65c-4f9e-bb47-23af7307440e|rpc:172.17.0.2:44287|dataStream:], old=null
2020-12-11 14:19:13,901 [pool-209-thread-1] INFO  impl.RaftServerImpl (RaftServerImpl.java:setRole(204)) - 1e19d63f-6462-4e22-a106-6f9be0aefcff@group-84B6E63B3474: changes role from      null to FOLLOWER at term 0 for startAsFollower
2020-12-11 14:19:13,901 [pool-209-thread-1] INFO  impl.RoleInfo (RoleInfo.java:updateAndGet(143)) - 1e19d63f-6462-4e22-a106-6f9be0aefcff: start 1e19d63f-6462-4e22-a106-6f9be0aefcff@group-84B6E63B3474-FollowerState
2020-12-11 14:19:13,905 [pool-209-thread-1] INFO  util.JmxRegister (JmxRegister.java:tryRegister(44)) - Successfully registered JMX Bean with object name Ratis:service=RaftServer,group=group-84B6E63B3474,id=1e19d63f-6462-4e22-a106-6f9be0aefcff
2020-12-11 14:19:13,905 [pool-209-thread-1] INFO  metrics.RatisMetrics (RatisMetrics.java:lambda$create$0(36)) - Creating Metrics Registry : ratis.state_machine.1e19d63f-6462-4e22-a106-6f9be0aefcff@group-84B6E63B3474
2020-12-11 14:19:13,922 [Command processor thread] INFO  commandhandler.CreatePipelineCommandHandler (CreatePipelineCommandHandler.java:handle(106)) - Created Pipeline RATIS THREE PipelineID=be4694ae-0acc-47b7-856c-84b6e63b3474.
2020-12-11 14:19:13,983 [Command processor thread] INFO  impl.RaftServerProxy (RaftServerProxy.java:addNew(93)) - ee36c03c-d65c-4f9e-bb47-23af7307440e: addNew group-37B8D0E7D170:[ee36c03c-d65c-4f9e-bb47-23af7307440e|rpc:172.17.0.2:44287] returns group-37B8D0E7D170:java.util.concurrent.CompletableFuture@61e25f16[Not completed]
2020-12-11 14:19:13,984 [pool-193-thread-1] INFO  impl.RaftServerImpl (RaftServerImpl.java:<init>(121)) - ee36c03c-d65c-4f9e-bb47-23af7307440e: new RaftServerImpl for group-37B8D0E7D170:[ee36c03c-d65c-4f9e-bb47-23af7307440e|rpc:172.17.0.2:44287] with ContainerStateMachine:uninitialized
2020-12-11 14:19:13,984 [pool-193-thread-1] INFO  server.RaftServerConfigKeys (ConfUtils.java:logGet(44)) - raft.server.rpc.timeout.min = 5s (custom)
2020-12-11 14:19:13,984 [pool-193-thread-1] INFO  server.RaftServerConfigKeys (ConfUtils.java:logGet(44)) - raft.server.rpc.timeout.max = 5200ms (custom)
2020-12-11 14:19:13,984 [pool-193-thread-1] INFO  server.RaftServerConfigKeys (ConfUtils.java:logGet(44)) - raft.server.rpc.slowness.timeout = 300s (custom)
2020-12-11 14:19:13,984 [pool-193-thread-1] INFO  server.RaftServerConfigKeys (ConfUtils.java:logGet(44)) - raft.server.leaderelection.leader.step-down.wait-time = 10s (default)
2020-12-11 14:19:13,984 [pool-193-thread-1] INFO  server.RaftServerConfigKeys (ConfUtils.java:logGet(44)) - raft.server.sleep.deviation.threshold = 300 (default)
2020-12-11 14:19:13,984 [pool-193-thread-1] INFO  server.RaftServerConfigKeys (ConfUtils.java:logGet(44)) - raft.server.log.appender.install.snapshot.enabled = false (custom)
2020-12-11 14:19:13,984 [pool-193-thread-1] INFO  impl.RaftServerImpl (ServerState.java:<init>(104)) - ee36c03c-d65c-4f9e-bb47-23af7307440e@group-37B8D0E7D170: ConfigurationManager, init=-1: [ee36c03c-d65c-4f9e-bb47-23af7307440e|rpc:172.17.0.2:44287], old=null, confs=<EMPTY_MAP>
2020-12-11 14:19:13,985 [pool-193-thread-1] INFO  server.RaftServerConfigKeys (ConfUtils.java:logGet(44)) - raft.server.storage.dir = [/github/workspace/mnt/ozone/hadoop-ozone/integration-test/target/test-dir/MiniOzoneClusterImpl-f6ec90cd-9249-41c8-b5e0-41cfbed7d430/datanode-1/data/ratis] (custom)
2020-12-11 14:19:13,985 [pool-193-thread-1] INFO  server.RaftServerConfigKeys (ConfUtils.java:logGet(44)) - raft.server.log.corruption.policy = EXCEPTION (default)
2020-12-11 14:19:13,985 [pool-193-thread-1] INFO  storage.RaftStorageDirectory (RaftStorageDirectory.java:analyzeStorage(261)) - The storage directory /github/workspace/mnt/ozone/hadoop-ozone/integration-test/target/test-dir/MiniOzoneClusterImpl-f6ec90cd-9249-41c8-b5e0-41cfbed7d430/datanode-1/data/ratis/2b906e90-8145-4865-9e85-37b8d0e7d170 does not exist. Creating ...
2020-12-11 14:19:13,986 [pool-193-thread-1] INFO  storage.RaftStorageDirectory (RaftStorageDirectory.java:tryLock(343)) - Lock on /github/workspace/mnt/ozone/hadoop-ozone/integration-test/target/test-dir/MiniOzoneClusterImpl-f6ec90cd-9249-41c8-b5e0-41cfbed7d430/datanode-1/data/ratis/2b906e90-8145-4865-9e85-37b8d0e7d170/in_use.lock acquired by nodename 2449@cfd2ce0fb241
2020-12-11 14:19:13,987 [pool-193-thread-1] INFO  storage.RaftStorage (RaftStorage.java:format(85)) - Storage directory /github/workspace/mnt/ozone/hadoop-ozone/integration-test/target/test-dir/MiniOzoneClusterImpl-f6ec90cd-9249-41c8-b5e0-41cfbed7d430/datanode-1/data/ratis/2b906e90-8145-4865-9e85-37b8d0e7d170 has been successfully formatted.
2020-12-11 14:19:13,987 [pool-193-thread-1] INFO  ratis.ContainerStateMachine (ContainerStateMachine.java:loadSnapshot(225)) - group-37B8D0E7D170: The snapshot info is null. Setting the last applied indexto:(t:0, i:~)
2020-12-11 14:19:13,988 [pool-193-thread-1] INFO  server.RaftServerConfigKeys (ConfUtils.java:logGet(44)) - raft.server.notification.no-leader.timeout = 300s (custom)
2020-12-11 14:19:13,988 [pool-193-thread-1] INFO  server.RaftServerConfigKeys (ConfUtils.java:logGet(44)) - raft.server.log.use.memory = false (default)
2020-12-11 14:19:13,988 [pool-193-thread-1] INFO  server.RaftServerConfigKeys (ConfUtils.java:logGet(44)) - raft.server.log.purge.gap = 1000000 (custom)
2020-12-11 14:19:13,989 [EventQueue-PipelineReportForOneReplicaPipelineSafeModeRule] INFO  safemode.SCMSafeModeManager (SCMSafeModeManager.java:validateSafeModeExitRules(214)) - AtleastOneDatanodeReportedRule rule is successfully validated
2020-12-11 14:19:13,989 [EventQueue-PipelineReportForPipelineReportHandler] INFO  pipeline.PipelineStateManager (PipelineStateManager.java:openPipeline(132)) - Pipeline Pipeline[ Id: 2b906e90-8145-4865-9e85-37b8d0e7d170, Nodes: ee36c03c-d65c-4f9e-bb47-23af7307440e{ip: 172.17.0.2, host: cfd2ce0fb241, networkLocation: /default-rack, certSerialId: null, persistedOpState: IN_SERVICE, persistedOpStateExpiryEpochSec: 0}, Type:RATIS, Factor:ONE, State:ALLOCATED, leaderId:ee36c03c-d65c-4f9e-bb47-23af7307440e, CreationTimestamp2020-12-11T14:19:10.985Z] moved to OPEN state
2020-12-11 14:19:13,989 [pool-193-thread-1] INFO  metrics.RatisMetrics (RatisMetrics.java:lambda$create$0(36)) - Creating Metrics Registry : ratis.log_worker.ee36c03c-d65c-4f9e-bb47-23af7307440e@group-37B8D0E7D170
2020-12-11 14:19:13,989 [pool-193-thread-1] INFO  server.RaftServerConfigKeys (ConfUtils.java:logGet(44)) - raft.server.log.appender.buffer.byte-limit = 33554432 (custom)
2020-12-11 14:19:13,989 [EventQueue-OpenPipelineForHealthyPipelineSafeModeRule] INFO  safemode.SCMSafeModeManager (HealthyPipelineSafeModeRule.java:process(128)) - SCM in safe mode. Healthy pipelines reported count is 0, required healthy pipeline reported count is 1
2020-12-11 14:19:13,991 [pool-193-thread-1] INFO  server.RaftServerConfigKeys (ConfUtils.java:logGet(44)) - raft.server.log.segment.size.max = 1048576 (custom)
2020-12-11 14:19:13,992 [pool-193-thread-1] INFO  server.RaftServerConfigKeys (ConfUtils.java:logGet(44)) - raft.server.log.segment.cache.num.max = 2 (custom)
2020-12-11 14:19:13,992 [pool-193-thread-1] INFO  segmented.SegmentedRaftLogWorker (SegmentedRaftLogWorker.java:<init>(180)) - new ee36c03c-d65c-4f9e-bb47-23af7307440e@group-37B8D0E7D170-SegmentedRaftLogWorker for RaftStorage:Storage Directory /github/workspace/mnt/ozone/hadoop-ozone/integration-test/target/test-dir/MiniOzoneClusterImpl-f6ec90cd-9249-41c8-b5e0-41cfbed7d430/datanode-1/data/ratis/2b906e90-8145-4865-9e85-37b8d0e7d170
2020-12-11 14:19:13,992 [pool-193-thread-1] INFO  server.RaftServerConfigKeys (ConfUtils.java:logGet(44)) - raft.server.log.queue.byte-limit = 2147483647 (custom)
2020-12-11 14:19:13,992 [pool-193-thread-1] INFO  server.RaftServerConfigKeys (ConfUtils.java:logGet(44)) - raft.server.log.queue.element-limit = 1024 (custom)
2020-12-11 14:19:13,992 [pool-193-thread-1] INFO  server.RaftServerConfigKeys (ConfUtils.java:logGet(44)) - raft.server.log.segment.size.max = 1048576 (custom)
2020-12-11 14:19:13,992 [pool-193-thread-1] INFO  server.RaftServerConfigKeys (ConfUtils.java:logGet(44)) - raft.server.log.preallocated.size = 16384 (custom)
2020-12-11 14:19:13,992 [pool-193-thread-1] INFO  server.RaftServerConfigKeys (ConfUtils.java:logGet(44)) - raft.server.log.write.buffer.size = 1048576 (custom)
2020-12-11 14:19:13,992 [pool-193-thread-1] INFO  server.RaftServerConfigKeys (ConfUtils.java:logGet(44)) - raft.server.log.force.sync.num = 128 (default)
2020-12-11 14:19:13,992 [pool-193-thread-1] INFO  server.RaftServerConfigKeys (ConfUtils.java:logGet(44)) - raft.server.log.statemachine.data.sync = true (default)
2020-12-11 14:19:13,992 [pool-193-thread-1] INFO  server.RaftServerConfigKeys (ConfUtils.java:logGet(44)) - raft.server.log.statemachine.data.sync.timeout = 10s (default)
2020-12-11 14:19:13,992 [pool-193-thread-1] INFO  server.RaftServerConfigKeys (ConfUtils.java:logGet(44)) - raft.server.log.statemachine.data.sync.timeout.retry = -1 (default)
2020-12-11 14:19:13,994 [pool-193-thread-1] INFO  server.RaftServerConfigKeys (ConfUtils.java:logGet(44)) - raft.server.log.statemachine.data.caching.enabled = true (custom)
2020-12-11 14:19:13,994 [pool-193-thread-1] INFO  segmented.SegmentedRaftLogWorker (SegmentedRaftLogWorker.java:lambda$new$0(129)) - ee36c03c-d65c-4f9e-bb47-23af7307440e@group-37B8D0E7D170-SegmentedRaftLogWorker: flushIndex: setUnconditionally 0 -> -1
2020-12-11 14:19:13,994 [pool-193-thread-1] INFO  segmented.SegmentedRaftLogWorker (SegmentedRaftLogWorker.java:lambda$new$0(129)) - ee36c03c-d65c-4f9e-bb47-23af7307440e@group-37B8D0E7D170-SegmentedRaftLogWorker: safeCacheEvictIndex: setUnconditionally 0 -> -1
2020-12-11 14:19:14,001 [pool-193-thread-1] INFO  server.RaftServerConfigKeys (ConfUtils.java:logGet(44)) - raft.server.snapshot.auto.trigger.enabled = true (custom)
2020-12-11 14:19:14,001 [pool-193-thread-1] INFO  server.RaftServerConfigKeys (ConfUtils.java:logGet(44)) - raft.server.snapshot.auto.trigger.threshold = 10000 (custom)
2020-12-11 14:19:14,001 [pool-193-thread-1] INFO  server.RaftServerConfigKeys (ConfUtils.java:logGet(44)) - raft.server.snapshot.retention.file.num = 5 (custom)
2020-12-11 14:19:14,002 [pool-193-thread-1] INFO  server.RaftServerConfigKeys (ConfUtils.java:logGet(44)) - raft.server.log.purge.upto.snapshot.index = false (default)
2020-12-11 14:19:14,002 [pool-193-thread-1] INFO  server.RaftServerConfigKeys (ConfUtils.java:logGet(44)) - raft.server.retrycache.expirytime = 600000ms (custom)
2020-12-11 14:19:14,002 [pool-193-thread-1] INFO  metrics.RatisMetrics (RatisMetrics.java:lambda$create$0(36)) - Creating Metrics Registry : ratis.leader_election.ee36c03c-d65c-4f9e-bb47-23af7307440e@group-37B8D0E7D170
2020-12-11 14:19:14,002 [pool-193-thread-1] INFO  metrics.RatisMetrics (RatisMetrics.java:lambda$create$0(36)) - Creating Metrics Registry : ratis.server.ee36c03c-d65c-4f9e-bb47-23af7307440e@group-37B8D0E7D170
2020-12-11 14:19:14,003 [pool-193-thread-1] INFO  impl.RaftServerImpl (RaftServerImpl.java:start(215)) - ee36c03c-d65c-4f9e-bb47-23af7307440e@group-37B8D0E7D170: start as a follower, conf=-1: [ee36c03c-d65c-4f9e-bb47-23af7307440e|rpc:172.17.0.2:44287], old=null
2020-12-11 14:19:14,003 [pool-193-thread-1] INFO  impl.RaftServerImpl (RaftServerImpl.java:setRole(204)) - ee36c03c-d65c-4f9e-bb47-23af7307440e@group-37B8D0E7D170: changes role from      null to FOLLOWER at term 0 for startAsFollower
2020-12-11 14:19:14,003 [pool-193-thread-1] INFO  impl.RoleInfo (RoleInfo.java:updateAndGet(143)) - ee36c03c-d65c-4f9e-bb47-23af7307440e: start ee36c03c-d65c-4f9e-bb47-23af7307440e@group-37B8D0E7D170-FollowerState
2020-12-11 14:19:14,003 [pool-193-thread-1] INFO  util.JmxRegister (JmxRegister.java:tryRegister(44)) - Successfully registered JMX Bean with object name Ratis:service=RaftServer,group=group-37B8D0E7D170,id=ee36c03c-d65c-4f9e-bb47-23af7307440e
2020-12-11 14:19:14,003 [pool-193-thread-1] INFO  metrics.RatisMetrics (RatisMetrics.java:lambda$create$0(36)) - Creating Metrics Registry : ratis.state_machine.ee36c03c-d65c-4f9e-bb47-23af7307440e@group-37B8D0E7D170
2020-12-11 14:19:14,009 [Command processor thread] INFO  commandhandler.CreatePipelineCommandHandler (CreatePipelineCommandHandler.java:handle(106)) - Created Pipeline RATIS ONE PipelineID=2b906e90-8145-4865-9e85-37b8d0e7d170.
2020-12-11 14:19:14,148 [Command processor thread] INFO  impl.RaftServerProxy (RaftServerProxy.java:addNew(93)) - 1e19d63f-6462-4e22-a106-6f9be0aefcff: addNew group-B862D7DC63D9:[1e19d63f-6462-4e22-a106-6f9be0aefcff|rpc:172.17.0.2:42641] returns group-B862D7DC63D9:java.util.concurrent.CompletableFuture@57485c2a[Not completed]
2020-12-11 14:19:14,149 [pool-209-thread-1] INFO  impl.RaftServerImpl (RaftServerImpl.java:<init>(121)) - 1e19d63f-6462-4e22-a106-6f9be0aefcff: new RaftServerImpl for group-B862D7DC63D9:[1e19d63f-6462-4e22-a106-6f9be0aefcff|rpc:172.17.0.2:42641] with ContainerStateMachine:uninitialized
2020-12-11 14:19:14,149 [pool-209-thread-1] INFO  server.RaftServerConfigKeys (ConfUtils.java:logGet(44)) - raft.server.rpc.timeout.min = 5s (custom)
2020-12-11 14:19:14,150 [pool-209-thread-1] INFO  server.RaftServerConfigKeys (ConfUtils.java:logGet(44)) - raft.server.rpc.timeout.max = 5200ms (custom)
2020-12-11 14:19:14,150 [pool-209-thread-1] INFO  server.RaftServerConfigKeys (ConfUtils.java:logGet(44)) - raft.server.rpc.slowness.timeout = 300s (custom)
2020-12-11 14:19:14,150 [pool-209-thread-1] INFO  server.RaftServerConfigKeys (ConfUtils.java:logGet(44)) - raft.server.leaderelection.leader.step-down.wait-time = 10s (default)
2020-12-11 14:19:14,150 [pool-209-thread-1] INFO  server.RaftServerConfigKeys (ConfUtils.java:logGet(44)) - raft.server.sleep.deviation.threshold = 300 (default)
2020-12-11 14:19:14,150 [pool-209-thread-1] INFO  server.RaftServerConfigKeys (ConfUtils.java:logGet(44)) - raft.server.log.appender.install.snapshot.enabled = false (custom)
2020-12-11 14:19:14,150 [pool-209-thread-1] INFO  impl.RaftServerImpl (ServerState.java:<init>(104)) - 1e19d63f-6462-4e22-a106-6f9be0aefcff@group-B862D7DC63D9: ConfigurationManager, init=-1: [1e19d63f-6462-4e22-a106-6f9be0aefcff|rpc:172.17.0.2:42641], old=null, confs=<EMPTY_MAP>
2020-12-11 14:19:14,150 [pool-209-thread-1] INFO  server.RaftServerConfigKeys (ConfUtils.java:logGet(44)) - raft.server.storage.dir = [/github/workspace/mnt/ozone/hadoop-ozone/integration-test/target/test-dir/MiniOzoneClusterImpl-f6ec90cd-9249-41c8-b5e0-41cfbed7d430/datanode-2/data/ratis] (custom)
2020-12-11 14:19:14,150 [pool-209-thread-1] INFO  server.RaftServerConfigKeys (ConfUtils.java:logGet(44)) - raft.server.log.corruption.policy = EXCEPTION (default)
2020-12-11 14:19:14,150 [pool-209-thread-1] INFO  storage.RaftStorageDirectory (RaftStorageDirectory.java:analyzeStorage(261)) - The storage directory /github/workspace/mnt/ozone/hadoop-ozone/integration-test/target/test-dir/MiniOzoneClusterImpl-f6ec90cd-9249-41c8-b5e0-41cfbed7d430/datanode-2/data/ratis/82c01ea1-db32-4ccb-91af-b862d7dc63d9 does not exist. Creating ...
2020-12-11 14:19:14,152 [pool-209-thread-1] INFO  storage.RaftStorageDirectory (RaftStorageDirectory.java:tryLock(343)) - Lock on /github/workspace/mnt/ozone/hadoop-ozone/integration-test/target/test-dir/MiniOzoneClusterImpl-f6ec90cd-9249-41c8-b5e0-41cfbed7d430/datanode-2/data/ratis/82c01ea1-db32-4ccb-91af-b862d7dc63d9/in_use.lock acquired by nodename 2449@cfd2ce0fb241
2020-12-11 14:19:14,153 [pool-209-thread-1] INFO  storage.RaftStorage (RaftStorage.java:format(85)) - Storage directory /github/workspace/mnt/ozone/hadoop-ozone/integration-test/target/test-dir/MiniOzoneClusterImpl-f6ec90cd-9249-41c8-b5e0-41cfbed7d430/datanode-2/data/ratis/82c01ea1-db32-4ccb-91af-b862d7dc63d9 has been successfully formatted.
2020-12-11 14:19:14,153 [pool-209-thread-1] INFO  ratis.ContainerStateMachine (ContainerStateMachine.java:loadSnapshot(225)) - group-B862D7DC63D9: The snapshot info is null. Setting the last applied indexto:(t:0, i:~)
2020-12-11 14:19:14,153 [pool-209-thread-1] INFO  server.RaftServerConfigKeys (ConfUtils.java:logGet(44)) - raft.server.notification.no-leader.timeout = 300s (custom)
2020-12-11 14:19:14,154 [pool-209-thread-1] INFO  server.RaftServerConfigKeys (ConfUtils.java:logGet(44)) - raft.server.log.use.memory = false (default)
2020-12-11 14:19:14,154 [pool-209-thread-1] INFO  server.RaftServerConfigKeys (ConfUtils.java:logGet(44)) - raft.server.log.purge.gap = 1000000 (custom)
2020-12-11 14:19:14,154 [pool-209-thread-1] INFO  metrics.RatisMetrics (RatisMetrics.java:lambda$create$0(36)) - Creating Metrics Registry : ratis.log_worker.1e19d63f-6462-4e22-a106-6f9be0aefcff@group-B862D7DC63D9
2020-12-11 14:19:14,154 [EventQueue-PipelineReportForOneReplicaPipelineSafeModeRule] INFO  safemode.SCMSafeModeManager (SCMSafeModeManager.java:validateSafeModeExitRules(214)) - AtleastOneDatanodeReportedRule rule is successfully validated
2020-12-11 14:19:14,155 [EventQueue-PipelineReportForPipelineReportHandler] INFO  pipeline.PipelineStateManager (PipelineStateManager.java:openPipeline(132)) - Pipeline Pipeline[ Id: 82c01ea1-db32-4ccb-91af-b862d7dc63d9, Nodes: 1e19d63f-6462-4e22-a106-6f9be0aefcff{ip: 172.17.0.2, host: cfd2ce0fb241, networkLocation: /default-rack, certSerialId: null, persistedOpState: IN_SERVICE, persistedOpStateExpiryEpochSec: 0}, Type:RATIS, Factor:ONE, State:ALLOCATED, leaderId:1e19d63f-6462-4e22-a106-6f9be0aefcff, CreationTimestamp2020-12-11T14:19:11.150Z] moved to OPEN state
2020-12-11 14:19:14,155 [EventQueue-OpenPipelineForHealthyPipelineSafeModeRule] INFO  safemode.SCMSafeModeManager (HealthyPipelineSafeModeRule.java:process(128)) - SCM in safe mode. Healthy pipelines reported count is 0, required healthy pipeline reported count is 1
2020-12-11 14:19:14,155 [pool-209-thread-1] INFO  server.RaftServerConfigKeys (ConfUtils.java:logGet(44)) - raft.server.log.appender.buffer.byte-limit = 33554432 (custom)
2020-12-11 14:19:14,156 [pool-209-thread-1] INFO  server.RaftServerConfigKeys (ConfUtils.java:logGet(44)) - raft.server.log.segment.size.max = 1048576 (custom)
2020-12-11 14:19:14,157 [pool-209-thread-1] INFO  server.RaftServerConfigKeys (ConfUtils.java:logGet(44)) - raft.server.log.segment.cache.num.max = 2 (custom)
2020-12-11 14:19:14,157 [pool-209-thread-1] INFO  segmented.SegmentedRaftLogWorker (SegmentedRaftLogWorker.java:<init>(180)) - new 1e19d63f-6462-4e22-a106-6f9be0aefcff@group-B862D7DC63D9-SegmentedRaftLogWorker for RaftStorage:Storage Directory /github/workspace/mnt/ozone/hadoop-ozone/integration-test/target/test-dir/MiniOzoneClusterImpl-f6ec90cd-9249-41c8-b5e0-41cfbed7d430/datanode-2/data/ratis/82c01ea1-db32-4ccb-91af-b862d7dc63d9
2020-12-11 14:19:14,157 [pool-209-thread-1] INFO  server.RaftServerConfigKeys (ConfUtils.java:logGet(44)) - raft.server.log.queue.byte-limit = 2147483647 (custom)
2020-12-11 14:19:14,157 [pool-209-thread-1] INFO  server.RaftServerConfigKeys (ConfUtils.java:logGet(44)) - raft.server.log.queue.element-limit = 1024 (custom)
2020-12-11 14:19:14,157 [pool-209-thread-1] INFO  server.RaftServerConfigKeys (ConfUtils.java:logGet(44)) - raft.server.log.segment.size.max = 1048576 (custom)
2020-12-11 14:19:14,157 [pool-209-thread-1] INFO  server.RaftServerConfigKeys (ConfUtils.java:logGet(44)) - raft.server.log.preallocated.size = 16384 (custom)
2020-12-11 14:19:14,157 [pool-209-thread-1] INFO  server.RaftServerConfigKeys (ConfUtils.java:logGet(44)) - raft.server.log.write.buffer.size = 1048576 (custom)
2020-12-11 14:19:14,157 [pool-209-thread-1] INFO  server.RaftServerConfigKeys (ConfUtils.java:logGet(44)) - raft.server.log.force.sync.num = 128 (default)
2020-12-11 14:19:14,157 [pool-209-thread-1] INFO  server.RaftServerConfigKeys (ConfUtils.java:logGet(44)) - raft.server.log.statemachine.data.sync = true (default)
2020-12-11 14:19:14,157 [pool-209-thread-1] INFO  server.RaftServerConfigKeys (ConfUtils.java:logGet(44)) - raft.server.log.statemachine.data.sync.timeout = 10s (default)
2020-12-11 14:19:14,157 [pool-209-thread-1] INFO  server.RaftServerConfigKeys (ConfUtils.java:logGet(44)) - raft.server.log.statemachine.data.sync.timeout.retry = -1 (default)
2020-12-11 14:19:14,158 [pool-209-thread-1] INFO  server.RaftServerConfigKeys (ConfUtils.java:logGet(44)) - raft.server.log.statemachine.data.caching.enabled = true (custom)
2020-12-11 14:19:14,159 [pool-209-thread-1] INFO  segmented.SegmentedRaftLogWorker (SegmentedRaftLogWorker.java:lambda$new$0(129)) - 1e19d63f-6462-4e22-a106-6f9be0aefcff@group-B862D7DC63D9-SegmentedRaftLogWorker: flushIndex: setUnconditionally 0 -> -1
2020-12-11 14:19:14,159 [pool-209-thread-1] INFO  segmented.SegmentedRaftLogWorker (SegmentedRaftLogWorker.java:lambda$new$0(129)) - 1e19d63f-6462-4e22-a106-6f9be0aefcff@group-B862D7DC63D9-SegmentedRaftLogWorker: safeCacheEvictIndex: setUnconditionally 0 -> -1
2020-12-11 14:19:14,159 [pool-209-thread-1] INFO  server.RaftServerConfigKeys (ConfUtils.java:logGet(44)) - raft.server.snapshot.auto.trigger.enabled = true (custom)
2020-12-11 14:19:14,159 [pool-209-thread-1] INFO  server.RaftServerConfigKeys (ConfUtils.java:logGet(44)) - raft.server.snapshot.auto.trigger.threshold = 10000 (custom)
2020-12-11 14:19:14,159 [pool-209-thread-1] INFO  server.RaftServerConfigKeys (ConfUtils.java:logGet(44)) - raft.server.snapshot.retention.file.num = 5 (custom)
2020-12-11 14:19:14,159 [pool-209-thread-1] INFO  server.RaftServerConfigKeys (ConfUtils.java:logGet(44)) - raft.server.log.purge.upto.snapshot.index = false (default)
2020-12-11 14:19:14,159 [pool-209-thread-1] INFO  server.RaftServerConfigKeys (ConfUtils.java:logGet(44)) - raft.server.retrycache.expirytime = 600000ms (custom)
2020-12-11 14:19:14,159 [pool-209-thread-1] INFO  metrics.RatisMetrics (RatisMetrics.java:lambda$create$0(36)) - Creating Metrics Registry : ratis.leader_election.1e19d63f-6462-4e22-a106-6f9be0aefcff@group-B862D7DC63D9
2020-12-11 14:19:14,159 [pool-209-thread-1] INFO  metrics.RatisMetrics (RatisMetrics.java:lambda$create$0(36)) - Creating Metrics Registry : ratis.server.1e19d63f-6462-4e22-a106-6f9be0aefcff@group-B862D7DC63D9
2020-12-11 14:19:14,160 [pool-209-thread-1] INFO  impl.RaftServerImpl (RaftServerImpl.java:start(215)) - 1e19d63f-6462-4e22-a106-6f9be0aefcff@group-B862D7DC63D9: start as a follower, conf=-1: [1e19d63f-6462-4e22-a106-6f9be0aefcff|rpc:172.17.0.2:42641], old=null
2020-12-11 14:19:14,160 [pool-209-thread-1] INFO  impl.RaftServerImpl (RaftServerImpl.java:setRole(204)) - 1e19d63f-6462-4e22-a106-6f9be0aefcff@group-B862D7DC63D9: changes role from      null to FOLLOWER at term 0 for startAsFollower
2020-12-11 14:19:14,160 [pool-209-thread-1] INFO  impl.RoleInfo (RoleInfo.java:updateAndGet(143)) - 1e19d63f-6462-4e22-a106-6f9be0aefcff: start 1e19d63f-6462-4e22-a106-6f9be0aefcff@group-B862D7DC63D9-FollowerState
2020-12-11 14:19:14,163 [pool-209-thread-1] INFO  util.JmxRegister (JmxRegister.java:tryRegister(44)) - Successfully registered JMX Bean with object name Ratis:service=RaftServer,group=group-B862D7DC63D9,id=1e19d63f-6462-4e22-a106-6f9be0aefcff
2020-12-11 14:19:14,163 [pool-209-thread-1] INFO  metrics.RatisMetrics (RatisMetrics.java:lambda$create$0(36)) - Creating Metrics Registry : ratis.state_machine.1e19d63f-6462-4e22-a106-6f9be0aefcff@group-B862D7DC63D9
2020-12-11 14:19:14,170 [Command processor thread] INFO  commandhandler.CreatePipelineCommandHandler (CreatePipelineCommandHandler.java:handle(106)) - Created Pipeline RATIS ONE PipelineID=82c01ea1-db32-4ccb-91af-b862d7dc63d9.
2020-12-11 14:19:14,311 [Command processor thread] INFO  impl.RaftServerProxy (RaftServerProxy.java:addNew(93)) - 1ac8e757-626b-4b72-bb8b-00adfc4da993: addNew group-A7AF56FDA973:[1ac8e757-626b-4b72-bb8b-00adfc4da993|rpc:172.17.0.2:35785] returns group-A7AF56FDA973:java.util.concurrent.CompletableFuture@3ba67127[Not completed]
2020-12-11 14:19:14,312 [pool-225-thread-1] INFO  impl.RaftServerImpl (RaftServerImpl.java:<init>(121)) - 1ac8e757-626b-4b72-bb8b-00adfc4da993: new RaftServerImpl for group-A7AF56FDA973:[1ac8e757-626b-4b72-bb8b-00adfc4da993|rpc:172.17.0.2:35785] with ContainerStateMachine:uninitialized
2020-12-11 14:19:14,314 [pool-225-thread-1] INFO  server.RaftServerConfigKeys (ConfUtils.java:logGet(44)) - raft.server.rpc.timeout.min = 5s (custom)
2020-12-11 14:19:14,314 [pool-225-thread-1] INFO  server.RaftServerConfigKeys (ConfUtils.java:logGet(44)) - raft.server.rpc.timeout.max = 5200ms (custom)
2020-12-11 14:19:14,314 [pool-225-thread-1] INFO  server.RaftServerConfigKeys (ConfUtils.java:logGet(44)) - raft.server.rpc.slowness.timeout = 300s (custom)
2020-12-11 14:19:14,314 [pool-225-thread-1] INFO  server.RaftServerConfigKeys (ConfUtils.java:logGet(44)) - raft.server.leaderelection.leader.step-down.wait-time = 10s (default)
2020-12-11 14:19:14,314 [pool-225-thread-1] INFO  server.RaftServerConfigKeys (ConfUtils.java:logGet(44)) - raft.server.sleep.deviation.threshold = 300 (default)
2020-12-11 14:19:14,314 [pool-225-thread-1] INFO  server.RaftServerConfigKeys (ConfUtils.java:logGet(44)) - raft.server.log.appender.install.snapshot.enabled = false (custom)
2020-12-11 14:19:14,314 [pool-225-thread-1] INFO  impl.RaftServerImpl (ServerState.java:<init>(104)) - 1ac8e757-626b-4b72-bb8b-00adfc4da993@group-A7AF56FDA973: ConfigurationManager, init=-1: [1ac8e757-626b-4b72-bb8b-00adfc4da993|rpc:172.17.0.2:35785], old=null, confs=<EMPTY_MAP>
2020-12-11 14:19:14,314 [pool-225-thread-1] INFO  server.RaftServerConfigKeys (ConfUtils.java:logGet(44)) - raft.server.storage.dir = [/github/workspace/mnt/ozone/hadoop-ozone/integration-test/target/test-dir/MiniOzoneClusterImpl-f6ec90cd-9249-41c8-b5e0-41cfbed7d430/datanode-3/data/ratis] (custom)
2020-12-11 14:19:14,314 [pool-225-thread-1] INFO  server.RaftServerConfigKeys (ConfUtils.java:logGet(44)) - raft.server.log.corruption.policy = EXCEPTION (default)
2020-12-11 14:19:14,314 [pool-225-thread-1] INFO  storage.RaftStorageDirectory (RaftStorageDirectory.java:analyzeStorage(261)) - The storage directory /github/workspace/mnt/ozone/hadoop-ozone/integration-test/target/test-dir/MiniOzoneClusterImpl-f6ec90cd-9249-41c8-b5e0-41cfbed7d430/datanode-3/data/ratis/9428a9b8-574c-4266-b35d-a7af56fda973 does not exist. Creating ...
2020-12-11 14:19:14,316 [pool-225-thread-1] INFO  storage.RaftStorageDirectory (RaftStorageDirectory.java:tryLock(343)) - Lock on /github/workspace/mnt/ozone/hadoop-ozone/integration-test/target/test-dir/MiniOzoneClusterImpl-f6ec90cd-9249-41c8-b5e0-41cfbed7d430/datanode-3/data/ratis/9428a9b8-574c-4266-b35d-a7af56fda973/in_use.lock acquired by nodename 2449@cfd2ce0fb241
2020-12-11 14:19:14,317 [pool-225-thread-1] INFO  storage.RaftStorage (RaftStorage.java:format(85)) - Storage directory /github/workspace/mnt/ozone/hadoop-ozone/integration-test/target/test-dir/MiniOzoneClusterImpl-f6ec90cd-9249-41c8-b5e0-41cfbed7d430/datanode-3/data/ratis/9428a9b8-574c-4266-b35d-a7af56fda973 has been successfully formatted.
2020-12-11 14:19:14,318 [pool-225-thread-1] INFO  ratis.ContainerStateMachine (ContainerStateMachine.java:loadSnapshot(225)) - group-A7AF56FDA973: The snapshot info is null. Setting the last applied indexto:(t:0, i:~)
2020-12-11 14:19:14,318 [pool-225-thread-1] INFO  server.RaftServerConfigKeys (ConfUtils.java:logGet(44)) - raft.server.notification.no-leader.timeout = 300s (custom)
2020-12-11 14:19:14,318 [pool-225-thread-1] INFO  server.RaftServerConfigKeys (ConfUtils.java:logGet(44)) - raft.server.log.use.memory = false (default)
2020-12-11 14:19:14,318 [pool-225-thread-1] INFO  server.RaftServerConfigKeys (ConfUtils.java:logGet(44)) - raft.server.log.purge.gap = 1000000 (custom)
2020-12-11 14:19:14,318 [pool-225-thread-1] INFO  metrics.RatisMetrics (RatisMetrics.java:lambda$create$0(36)) - Creating Metrics Registry : ratis.log_worker.1ac8e757-626b-4b72-bb8b-00adfc4da993@group-A7AF56FDA973
2020-12-11 14:19:14,319 [pool-225-thread-1] INFO  server.RaftServerConfigKeys (ConfUtils.java:logGet(44)) - raft.server.log.appender.buffer.byte-limit = 33554432 (custom)
2020-12-11 14:19:14,319 [EventQueue-PipelineReportForPipelineReportHandler] INFO  pipeline.PipelineStateManager (PipelineStateManager.java:openPipeline(132)) - Pipeline Pipeline[ Id: 9428a9b8-574c-4266-b35d-a7af56fda973, Nodes: 1ac8e757-626b-4b72-bb8b-00adfc4da993{ip: 172.17.0.2, host: cfd2ce0fb241, networkLocation: /default-rack, certSerialId: null, persistedOpState: IN_SERVICE, persistedOpStateExpiryEpochSec: 0}, Type:RATIS, Factor:ONE, State:ALLOCATED, leaderId:1ac8e757-626b-4b72-bb8b-00adfc4da993, CreationTimestamp2020-12-11T14:19:11.312Z] moved to OPEN state
2020-12-11 14:19:14,319 [EventQueue-PipelineReportForOneReplicaPipelineSafeModeRule] INFO  safemode.SCMSafeModeManager (SCMSafeModeManager.java:validateSafeModeExitRules(214)) - AtleastOneDatanodeReportedRule rule is successfully validated
2020-12-11 14:19:14,320 [pool-225-thread-1] INFO  server.RaftServerConfigKeys (ConfUtils.java:logGet(44)) - raft.server.log.segment.size.max = 1048576 (custom)
2020-12-11 14:19:14,320 [EventQueue-OpenPipelineForHealthyPipelineSafeModeRule] INFO  safemode.SCMSafeModeManager (HealthyPipelineSafeModeRule.java:process(128)) - SCM in safe mode. Healthy pipelines reported count is 0, required healthy pipeline reported count is 1
2020-12-11 14:19:14,321 [pool-225-thread-1] INFO  server.RaftServerConfigKeys (ConfUtils.java:logGet(44)) - raft.server.log.segment.cache.num.max = 2 (custom)
2020-12-11 14:19:14,321 [pool-225-thread-1] INFO  segmented.SegmentedRaftLogWorker (SegmentedRaftLogWorker.java:<init>(180)) - new 1ac8e757-626b-4b72-bb8b-00adfc4da993@group-A7AF56FDA973-SegmentedRaftLogWorker for RaftStorage:Storage Directory /github/workspace/mnt/ozone/hadoop-ozone/integration-test/target/test-dir/MiniOzoneClusterImpl-f6ec90cd-9249-41c8-b5e0-41cfbed7d430/datanode-3/data/ratis/9428a9b8-574c-4266-b35d-a7af56fda973
2020-12-11 14:19:14,321 [pool-225-thread-1] INFO  server.RaftServerConfigKeys (ConfUtils.java:logGet(44)) - raft.server.log.queue.byte-limit = 2147483647 (custom)
2020-12-11 14:19:14,321 [pool-225-thread-1] INFO  server.RaftServerConfigKeys (ConfUtils.java:logGet(44)) - raft.server.log.queue.element-limit = 1024 (custom)
2020-12-11 14:19:14,321 [pool-225-thread-1] INFO  server.RaftServerConfigKeys (ConfUtils.java:logGet(44)) - raft.server.log.segment.size.max = 1048576 (custom)
2020-12-11 14:19:14,321 [pool-225-thread-1] INFO  server.RaftServerConfigKeys (ConfUtils.java:logGet(44)) - raft.server.log.preallocated.size = 16384 (custom)
2020-12-11 14:19:14,321 [pool-225-thread-1] INFO  server.RaftServerConfigKeys (ConfUtils.java:logGet(44)) - raft.server.log.write.buffer.size = 1048576 (custom)
2020-12-11 14:19:14,321 [pool-225-thread-1] INFO  server.RaftServerConfigKeys (ConfUtils.java:logGet(44)) - raft.server.log.force.sync.num = 128 (default)
2020-12-11 14:19:14,322 [pool-225-thread-1] INFO  server.RaftServerConfigKeys (ConfUtils.java:logGet(44)) - raft.server.log.statemachine.data.sync = true (default)
2020-12-11 14:19:14,322 [pool-225-thread-1] INFO  server.RaftServerConfigKeys (ConfUtils.java:logGet(44)) - raft.server.log.statemachine.data.sync.timeout = 10s (default)
2020-12-11 14:19:14,322 [pool-225-thread-1] INFO  server.RaftServerConfigKeys (ConfUtils.java:logGet(44)) - raft.server.log.statemachine.data.sync.timeout.retry = -1 (default)
2020-12-11 14:19:14,323 [pool-225-thread-1] INFO  server.RaftServerConfigKeys (ConfUtils.java:logGet(44)) - raft.server.log.statemachine.data.caching.enabled = true (custom)
2020-12-11 14:19:14,323 [pool-225-thread-1] INFO  segmented.SegmentedRaftLogWorker (SegmentedRaftLogWorker.java:lambda$new$0(129)) - 1ac8e757-626b-4b72-bb8b-00adfc4da993@group-A7AF56FDA973-SegmentedRaftLogWorker: flushIndex: setUnconditionally 0 -> -1
2020-12-11 14:19:14,323 [pool-225-thread-1] INFO  segmented.SegmentedRaftLogWorker (SegmentedRaftLogWorker.java:lambda$new$0(129)) - 1ac8e757-626b-4b72-bb8b-00adfc4da993@group-A7AF56FDA973-SegmentedRaftLogWorker: safeCacheEvictIndex: setUnconditionally 0 -> -1
2020-12-11 14:19:14,329 [pool-225-thread-1] INFO  server.RaftServerConfigKeys (ConfUtils.java:logGet(44)) - raft.server.snapshot.auto.trigger.enabled = true (custom)
2020-12-11 14:19:14,330 [pool-225-thread-1] INFO  server.RaftServerConfigKeys (ConfUtils.java:logGet(44)) - raft.server.snapshot.auto.trigger.threshold = 10000 (custom)
2020-12-11 14:19:14,330 [pool-225-thread-1] INFO  server.RaftServerConfigKeys (ConfUtils.java:logGet(44)) - raft.server.snapshot.retention.file.num = 5 (custom)
2020-12-11 14:19:14,330 [pool-225-thread-1] INFO  server.RaftServerConfigKeys (ConfUtils.java:logGet(44)) - raft.server.log.purge.upto.snapshot.index = false (default)
2020-12-11 14:19:14,330 [pool-225-thread-1] INFO  server.RaftServerConfigKeys (ConfUtils.java:logGet(44)) - raft.server.retrycache.expirytime = 600000ms (custom)
2020-12-11 14:19:14,330 [pool-225-thread-1] INFO  metrics.RatisMetrics (RatisMetrics.java:lambda$create$0(36)) - Creating Metrics Registry : ratis.leader_election.1ac8e757-626b-4b72-bb8b-00adfc4da993@group-A7AF56FDA973
2020-12-11 14:19:14,330 [pool-225-thread-1] INFO  metrics.RatisMetrics (RatisMetrics.java:lambda$create$0(36)) - Creating Metrics Registry : ratis.server.1ac8e757-626b-4b72-bb8b-00adfc4da993@group-A7AF56FDA973
2020-12-11 14:19:14,331 [pool-225-thread-1] INFO  impl.RaftServerImpl (RaftServerImpl.java:start(215)) - 1ac8e757-626b-4b72-bb8b-00adfc4da993@group-A7AF56FDA973: start as a follower, conf=-1: [1ac8e757-626b-4b72-bb8b-00adfc4da993|rpc:172.17.0.2:35785], old=null
2020-12-11 14:19:14,331 [pool-225-thread-1] INFO  impl.RaftServerImpl (RaftServerImpl.java:setRole(204)) - 1ac8e757-626b-4b72-bb8b-00adfc4da993@group-A7AF56FDA973: changes role from      null to FOLLOWER at term 0 for startAsFollower
2020-12-11 14:19:14,331 [pool-225-thread-1] INFO  impl.RoleInfo (RoleInfo.java:updateAndGet(143)) - 1ac8e757-626b-4b72-bb8b-00adfc4da993: start 1ac8e757-626b-4b72-bb8b-00adfc4da993@group-A7AF56FDA973-FollowerState
2020-12-11 14:19:14,331 [pool-225-thread-1] INFO  util.JmxRegister (JmxRegister.java:tryRegister(44)) - Successfully registered JMX Bean with object name Ratis:service=RaftServer,group=group-A7AF56FDA973,id=1ac8e757-626b-4b72-bb8b-00adfc4da993
2020-12-11 14:19:14,331 [pool-225-thread-1] INFO  metrics.RatisMetrics (RatisMetrics.java:lambda$create$0(36)) - Creating Metrics Registry : ratis.state_machine.1ac8e757-626b-4b72-bb8b-00adfc4da993@group-A7AF56FDA973
2020-12-11 14:19:14,332 [Command processor thread] INFO  commandhandler.CreatePipelineCommandHandler (CreatePipelineCommandHandler.java:handle(106)) - Created Pipeline RATIS ONE PipelineID=9428a9b8-574c-4266-b35d-a7af56fda973.
2020-12-11 14:19:14,332 [Command processor thread] INFO  impl.RaftServerProxy (RaftServerProxy.java:addNew(93)) - 1ac8e757-626b-4b72-bb8b-00adfc4da993: addNew group-EE85626A98D9:[1f76fe74-9ac9-4278-b8d3-859f8312f824|rpc:172.17.0.2:37521, 1ac8e757-626b-4b72-bb8b-00adfc4da993|rpc:172.17.0.2:35785, 6177e5e9-2a89-4341-baf8-bbec2955e7c9|rpc:172.17.0.2:41133] returns group-EE85626A98D9:java.util.concurrent.CompletableFuture@3f99e28b[Not completed]
2020-12-11 14:19:14,333 [pool-225-thread-1] INFO  impl.RaftServerImpl (RaftServerImpl.java:<init>(121)) - 1ac8e757-626b-4b72-bb8b-00adfc4da993: new RaftServerImpl for group-EE85626A98D9:[1f76fe74-9ac9-4278-b8d3-859f8312f824|rpc:172.17.0.2:37521, 1ac8e757-626b-4b72-bb8b-00adfc4da993|rpc:172.17.0.2:35785, 6177e5e9-2a89-4341-baf8-bbec2955e7c9|rpc:172.17.0.2:41133] with ContainerStateMachine:uninitialized
2020-12-11 14:19:14,333 [pool-225-thread-1] INFO  server.RaftServerConfigKeys (ConfUtils.java:logGet(44)) - raft.server.rpc.timeout.min = 5s (custom)
2020-12-11 14:19:14,333 [pool-225-thread-1] INFO  server.RaftServerConfigKeys (ConfUtils.java:logGet(44)) - raft.server.rpc.timeout.max = 5200ms (custom)
2020-12-11 14:19:14,333 [pool-225-thread-1] INFO  server.RaftServerConfigKeys (ConfUtils.java:logGet(44)) - raft.server.rpc.slowness.timeout = 300s (custom)
2020-12-11 14:19:14,333 [pool-225-thread-1] INFO  server.RaftServerConfigKeys (ConfUtils.java:logGet(44)) - raft.server.leaderelection.leader.step-down.wait-time = 10s (default)
2020-12-11 14:19:14,333 [pool-225-thread-1] INFO  server.RaftServerConfigKeys (ConfUtils.java:logGet(44)) - raft.server.sleep.deviation.threshold = 300 (default)
2020-12-11 14:19:14,333 [pool-225-thread-1] INFO  server.RaftServerConfigKeys (ConfUtils.java:logGet(44)) - raft.server.log.appender.install.snapshot.enabled = false (custom)
2020-12-11 14:19:14,333 [pool-225-thread-1] INFO  impl.RaftServerImpl (ServerState.java:<init>(104)) - 1ac8e757-626b-4b72-bb8b-00adfc4da993@group-EE85626A98D9: ConfigurationManager, init=-1: [1f76fe74-9ac9-4278-b8d3-859f8312f824|rpc:172.17.0.2:37521, 1ac8e757-626b-4b72-bb8b-00adfc4da993|rpc:172.17.0.2:35785, 6177e5e9-2a89-4341-baf8-bbec2955e7c9|rpc:172.17.0.2:41133], old=null, confs=<EMPTY_MAP>
2020-12-11 14:19:14,333 [pool-225-thread-1] INFO  server.RaftServerConfigKeys (ConfUtils.java:logGet(44)) - raft.server.storage.dir = [/github/workspace/mnt/ozone/hadoop-ozone/integration-test/target/test-dir/MiniOzoneClusterImpl-f6ec90cd-9249-41c8-b5e0-41cfbed7d430/datanode-3/data/ratis] (custom)
2020-12-11 14:19:14,333 [pool-225-thread-1] INFO  server.RaftServerConfigKeys (ConfUtils.java:logGet(44)) - raft.server.log.corruption.policy = EXCEPTION (default)
2020-12-11 14:19:14,334 [pool-225-thread-1] INFO  storage.RaftStorageDirectory (RaftStorageDirectory.java:analyzeStorage(261)) - The storage directory /github/workspace/mnt/ozone/hadoop-ozone/integration-test/target/test-dir/MiniOzoneClusterImpl-f6ec90cd-9249-41c8-b5e0-41cfbed7d430/datanode-3/data/ratis/f87edba7-5f67-403d-bf3a-ee85626a98d9 does not exist. Creating ...
2020-12-11 14:19:14,334 [pool-225-thread-1] INFO  storage.RaftStorageDirectory (RaftStorageDirectory.java:tryLock(343)) - Lock on /github/workspace/mnt/ozone/hadoop-ozone/integration-test/target/test-dir/MiniOzoneClusterImpl-f6ec90cd-9249-41c8-b5e0-41cfbed7d430/datanode-3/data/ratis/f87edba7-5f67-403d-bf3a-ee85626a98d9/in_use.lock acquired by nodename 2449@cfd2ce0fb241
2020-12-11 14:19:14,335 [pool-225-thread-1] INFO  storage.RaftStorage (RaftStorage.java:format(85)) - Storage directory /github/workspace/mnt/ozone/hadoop-ozone/integration-test/target/test-dir/MiniOzoneClusterImpl-f6ec90cd-9249-41c8-b5e0-41cfbed7d430/datanode-3/data/ratis/f87edba7-5f67-403d-bf3a-ee85626a98d9 has been successfully formatted.
2020-12-11 14:19:14,336 [pool-225-thread-1] INFO  ratis.ContainerStateMachine (ContainerStateMachine.java:loadSnapshot(225)) - group-EE85626A98D9: The snapshot info is null. Setting the last applied indexto:(t:0, i:~)
2020-12-11 14:19:14,336 [pool-225-thread-1] INFO  server.RaftServerConfigKeys (ConfUtils.java:logGet(44)) - raft.server.notification.no-leader.timeout = 300s (custom)
2020-12-11 14:19:14,336 [pool-225-thread-1] INFO  server.RaftServerConfigKeys (ConfUtils.java:logGet(44)) - raft.server.log.use.memory = false (default)
2020-12-11 14:19:14,336 [pool-225-thread-1] INFO  server.RaftServerConfigKeys (ConfUtils.java:logGet(44)) - raft.server.log.purge.gap = 1000000 (custom)
2020-12-11 14:19:14,336 [pool-225-thread-1] INFO  metrics.RatisMetrics (RatisMetrics.java:lambda$create$0(36)) - Creating Metrics Registry : ratis.log_worker.1ac8e757-626b-4b72-bb8b-00adfc4da993@group-EE85626A98D9
2020-12-11 14:19:14,336 [pool-225-thread-1] INFO  server.RaftServerConfigKeys (ConfUtils.java:logGet(44)) - raft.server.log.appender.buffer.byte-limit = 33554432 (custom)
2020-12-11 14:19:14,336 [pool-225-thread-1] INFO  server.RaftServerConfigKeys (ConfUtils.java:logGet(44)) - raft.server.log.segment.size.max = 1048576 (custom)
2020-12-11 14:19:14,337 [pool-225-thread-1] INFO  server.RaftServerConfigKeys (ConfUtils.java:logGet(44)) - raft.server.log.segment.cache.num.max = 2 (custom)
2020-12-11 14:19:14,337 [pool-225-thread-1] INFO  segmented.SegmentedRaftLogWorker (SegmentedRaftLogWorker.java:<init>(180)) - new 1ac8e757-626b-4b72-bb8b-00adfc4da993@group-EE85626A98D9-SegmentedRaftLogWorker for RaftStorage:Storage Directory /github/workspace/mnt/ozone/hadoop-ozone/integration-test/target/test-dir/MiniOzoneClusterImpl-f6ec90cd-9249-41c8-b5e0-41cfbed7d430/datanode-3/data/ratis/f87edba7-5f67-403d-bf3a-ee85626a98d9
2020-12-11 14:19:14,337 [pool-225-thread-1] INFO  server.RaftServerConfigKeys (ConfUtils.java:logGet(44)) - raft.server.log.queue.byte-limit = 2147483647 (custom)
2020-12-11 14:19:14,337 [pool-225-thread-1] INFO  server.RaftServerConfigKeys (ConfUtils.java:logGet(44)) - raft.server.log.queue.element-limit = 1024 (custom)
2020-12-11 14:19:14,337 [pool-225-thread-1] INFO  server.RaftServerConfigKeys (ConfUtils.java:logGet(44)) - raft.server.log.segment.size.max = 1048576 (custom)
2020-12-11 14:19:14,337 [pool-225-thread-1] INFO  server.RaftServerConfigKeys (ConfUtils.java:logGet(44)) - raft.server.log.preallocated.size = 16384 (custom)
2020-12-11 14:19:14,337 [pool-225-thread-1] INFO  server.RaftServerConfigKeys (ConfUtils.java:logGet(44)) - raft.server.log.write.buffer.size = 1048576 (custom)
2020-12-11 14:19:14,337 [pool-225-thread-1] INFO  server.RaftServerConfigKeys (ConfUtils.java:logGet(44)) - raft.server.log.force.sync.num = 128 (default)
2020-12-11 14:19:14,337 [pool-225-thread-1] INFO  server.RaftServerConfigKeys (ConfUtils.java:logGet(44)) - raft.server.log.statemachine.data.sync = true (default)
2020-12-11 14:19:14,337 [pool-225-thread-1] INFO  server.RaftServerConfigKeys (ConfUtils.java:logGet(44)) - raft.server.log.statemachine.data.sync.timeout = 10s (default)
2020-12-11 14:19:14,337 [pool-225-thread-1] INFO  server.RaftServerConfigKeys (ConfUtils.java:logGet(44)) - raft.server.log.statemachine.data.sync.timeout.retry = -1 (default)
2020-12-11 14:19:14,339 [pool-225-thread-1] INFO  server.RaftServerConfigKeys (ConfUtils.java:logGet(44)) - raft.server.log.statemachine.data.caching.enabled = true (custom)
2020-12-11 14:19:14,339 [EventQueue-PipelineReportForOneReplicaPipelineSafeModeRule] INFO  safemode.SCMSafeModeManager (SCMSafeModeManager.java:validateSafeModeExitRules(214)) - AtleastOneDatanodeReportedRule rule is successfully validated
2020-12-11 14:19:14,339 [pool-225-thread-1] INFO  segmented.SegmentedRaftLogWorker (SegmentedRaftLogWorker.java:lambda$new$0(129)) - 1ac8e757-626b-4b72-bb8b-00adfc4da993@group-EE85626A98D9-SegmentedRaftLogWorker: flushIndex: setUnconditionally 0 -> -1
2020-12-11 14:19:14,339 [pool-225-thread-1] INFO  segmented.SegmentedRaftLogWorker (SegmentedRaftLogWorker.java:lambda$new$0(129)) - 1ac8e757-626b-4b72-bb8b-00adfc4da993@group-EE85626A98D9-SegmentedRaftLogWorker: safeCacheEvictIndex: setUnconditionally 0 -> -1
2020-12-11 14:19:14,339 [EventQueue-OpenPipelineForHealthyPipelineSafeModeRule] INFO  safemode.SCMSafeModeManager (HealthyPipelineSafeModeRule.java:process(128)) - SCM in safe mode. Healthy pipelines reported count is 0, required healthy pipeline reported count is 1
2020-12-11 14:19:14,345 [pool-225-thread-1] INFO  server.RaftServerConfigKeys (ConfUtils.java:logGet(44)) - raft.server.snapshot.auto.trigger.enabled = true (custom)
2020-12-11 14:19:14,345 [pool-225-thread-1] INFO  server.RaftServerConfigKeys (ConfUtils.java:logGet(44)) - raft.server.snapshot.auto.trigger.threshold = 10000 (custom)
2020-12-11 14:19:14,346 [pool-225-thread-1] INFO  server.RaftServerConfigKeys (ConfUtils.java:logGet(44)) - raft.server.snapshot.retention.file.num = 5 (custom)
2020-12-11 14:19:14,346 [pool-225-thread-1] INFO  server.RaftServerConfigKeys (ConfUtils.java:logGet(44)) - raft.server.log.purge.upto.snapshot.index = false (default)
2020-12-11 14:19:14,346 [pool-225-thread-1] INFO  server.RaftServerConfigKeys (ConfUtils.java:logGet(44)) - raft.server.retrycache.expirytime = 600000ms (custom)
2020-12-11 14:19:14,346 [pool-225-thread-1] INFO  metrics.RatisMetrics (RatisMetrics.java:lambda$create$0(36)) - Creating Metrics Registry : ratis.leader_election.1ac8e757-626b-4b72-bb8b-00adfc4da993@group-EE85626A98D9
2020-12-11 14:19:14,346 [pool-225-thread-1] INFO  metrics.RatisMetrics (RatisMetrics.java:lambda$create$0(36)) - Creating Metrics Registry : ratis.server.1ac8e757-626b-4b72-bb8b-00adfc4da993@group-EE85626A98D9
2020-12-11 14:19:14,347 [pool-225-thread-1] INFO  impl.RaftServerImpl (RaftServerImpl.java:start(215)) - 1ac8e757-626b-4b72-bb8b-00adfc4da993@group-EE85626A98D9: start as a follower, conf=-1: [1f76fe74-9ac9-4278-b8d3-859f8312f824|rpc:172.17.0.2:37521, 1ac8e757-626b-4b72-bb8b-00adfc4da993|rpc:172.17.0.2:35785, 6177e5e9-2a89-4341-baf8-bbec2955e7c9|rpc:172.17.0.2:41133], old=null
2020-12-11 14:19:14,347 [pool-225-thread-1] INFO  impl.RaftServerImpl (RaftServerImpl.java:setRole(204)) - 1ac8e757-626b-4b72-bb8b-00adfc4da993@group-EE85626A98D9: changes role from      null to FOLLOWER at term 0 for startAsFollower
2020-12-11 14:19:14,347 [pool-225-thread-1] INFO  impl.RoleInfo (RoleInfo.java:updateAndGet(143)) - 1ac8e757-626b-4b72-bb8b-00adfc4da993: start 1ac8e757-626b-4b72-bb8b-00adfc4da993@group-EE85626A98D9-FollowerState
2020-12-11 14:19:14,347 [pool-225-thread-1] INFO  util.JmxRegister (JmxRegister.java:tryRegister(44)) - Successfully registered JMX Bean with object name Ratis:service=RaftServer,group=group-EE85626A98D9,id=1ac8e757-626b-4b72-bb8b-00adfc4da993
2020-12-11 14:19:14,347 [pool-225-thread-1] INFO  metrics.RatisMetrics (RatisMetrics.java:lambda$create$0(36)) - Creating Metrics Registry : ratis.state_machine.1ac8e757-626b-4b72-bb8b-00adfc4da993@group-EE85626A98D9
2020-12-11 14:19:14,349 [Command processor thread] INFO  metrics.RatisMetrics (RatisMetrics.java:lambda$create$0(36)) - Creating Metrics Registry : ratis.client_message_metrics.client-C8387562B66D->1f76fe74-9ac9-4278-b8d3-859f8312f824
2020-12-11 14:19:14,355 [grpc-default-executor-0] INFO  metrics.RatisMetrics (RatisMetrics.java:lambda$create$0(36)) - Creating Metrics Registry : ratis.server_message_metrics.1f76fe74-9ac9-4278-b8d3-859f8312f824
2020-12-11 14:19:14,364 [grpc-default-executor-0] INFO  impl.RaftServerProxy (RaftServerProxy.java:addNew(93)) - 1f76fe74-9ac9-4278-b8d3-859f8312f824: addNew group-EE85626A98D9:[1f76fe74-9ac9-4278-b8d3-859f8312f824|rpc:172.17.0.2:37521|dataStream:, 1ac8e757-626b-4b72-bb8b-00adfc4da993|rpc:172.17.0.2:35785|dataStream:, 6177e5e9-2a89-4341-baf8-bbec2955e7c9|rpc:172.17.0.2:41133|dataStream:] returns group-EE85626A98D9:java.util.concurrent.CompletableFuture@50d7171b[Not completed]
2020-12-11 14:19:14,369 [pool-241-thread-1] INFO  impl.RaftServerImpl (RaftServerImpl.java:<init>(121)) - 1f76fe74-9ac9-4278-b8d3-859f8312f824: new RaftServerImpl for group-EE85626A98D9:[1f76fe74-9ac9-4278-b8d3-859f8312f824|rpc:172.17.0.2:37521|dataStream:, 1ac8e757-626b-4b72-bb8b-00adfc4da993|rpc:172.17.0.2:35785|dataStream:, 6177e5e9-2a89-4341-baf8-bbec2955e7c9|rpc:172.17.0.2:41133|dataStream:] with ContainerStateMachine:uninitialized
2020-12-11 14:19:14,370 [pool-241-thread-1] INFO  server.RaftServerConfigKeys (ConfUtils.java:logGet(44)) - raft.server.rpc.timeout.min = 5s (custom)
2020-12-11 14:19:14,370 [pool-241-thread-1] INFO  server.RaftServerConfigKeys (ConfUtils.java:logGet(44)) - raft.server.rpc.timeout.max = 5200ms (custom)
2020-12-11 14:19:14,370 [pool-241-thread-1] INFO  server.RaftServerConfigKeys (ConfUtils.java:logGet(44)) - raft.server.rpc.slowness.timeout = 300s (custom)
2020-12-11 14:19:14,370 [pool-241-thread-1] INFO  server.RaftServerConfigKeys (ConfUtils.java:logGet(44)) - raft.server.leaderelection.leader.step-down.wait-time = 10s (default)
2020-12-11 14:19:14,370 [pool-241-thread-1] INFO  server.RaftServerConfigKeys (ConfUtils.java:logGet(44)) - raft.server.sleep.deviation.threshold = 300 (default)
2020-12-11 14:19:14,370 [pool-241-thread-1] INFO  server.RaftServerConfigKeys (ConfUtils.java:logGet(44)) - raft.server.log.appender.install.snapshot.enabled = false (custom)
2020-12-11 14:19:14,370 [pool-241-thread-1] INFO  impl.RaftServerImpl (ServerState.java:<init>(104)) - 1f76fe74-9ac9-4278-b8d3-859f8312f824@group-EE85626A98D9: ConfigurationManager, init=-1: [1f76fe74-9ac9-4278-b8d3-859f8312f824|rpc:172.17.0.2:37521|dataStream:, 1ac8e757-626b-4b72-bb8b-00adfc4da993|rpc:172.17.0.2:35785|dataStream:, 6177e5e9-2a89-4341-baf8-bbec2955e7c9|rpc:172.17.0.2:41133|dataStream:], old=null, confs=<EMPTY_MAP>
2020-12-11 14:19:14,370 [pool-241-thread-1] INFO  server.RaftServerConfigKeys (ConfUtils.java:logGet(44)) - raft.server.storage.dir = [/github/workspace/mnt/ozone/hadoop-ozone/integration-test/target/test-dir/MiniOzoneClusterImpl-f6ec90cd-9249-41c8-b5e0-41cfbed7d430/datanode-4/data/ratis] (custom)
2020-12-11 14:19:14,370 [pool-241-thread-1] INFO  server.RaftServerConfigKeys (ConfUtils.java:logGet(44)) - raft.server.log.corruption.policy = EXCEPTION (default)
2020-12-11 14:19:14,371 [pool-241-thread-1] INFO  storage.RaftStorageDirectory (RaftStorageDirectory.java:analyzeStorage(261)) - The storage directory /github/workspace/mnt/ozone/hadoop-ozone/integration-test/target/test-dir/MiniOzoneClusterImpl-f6ec90cd-9249-41c8-b5e0-41cfbed7d430/datanode-4/data/ratis/f87edba7-5f67-403d-bf3a-ee85626a98d9 does not exist. Creating ...
2020-12-11 14:19:14,372 [pool-241-thread-1] INFO  storage.RaftStorageDirectory (RaftStorageDirectory.java:tryLock(343)) - Lock on /github/workspace/mnt/ozone/hadoop-ozone/integration-test/target/test-dir/MiniOzoneClusterImpl-f6ec90cd-9249-41c8-b5e0-41cfbed7d430/datanode-4/data/ratis/f87edba7-5f67-403d-bf3a-ee85626a98d9/in_use.lock acquired by nodename 2449@cfd2ce0fb241
2020-12-11 14:19:14,374 [pool-241-thread-1] INFO  storage.RaftStorage (RaftStorage.java:format(85)) - Storage directory /github/workspace/mnt/ozone/hadoop-ozone/integration-test/target/test-dir/MiniOzoneClusterImpl-f6ec90cd-9249-41c8-b5e0-41cfbed7d430/datanode-4/data/ratis/f87edba7-5f67-403d-bf3a-ee85626a98d9 has been successfully formatted.
2020-12-11 14:19:14,375 [pool-241-thread-1] INFO  ratis.ContainerStateMachine (ContainerStateMachine.java:loadSnapshot(225)) - group-EE85626A98D9: The snapshot info is null. Setting the last applied indexto:(t:0, i:~)
2020-12-11 14:19:14,375 [pool-241-thread-1] INFO  server.RaftServerConfigKeys (ConfUtils.java:logGet(44)) - raft.server.notification.no-leader.timeout = 300s (custom)
2020-12-11 14:19:14,376 [EventQueue-PipelineReportForOneReplicaPipelineSafeModeRule] INFO  safemode.SCMSafeModeManager (SCMSafeModeManager.java:validateSafeModeExitRules(214)) - AtleastOneDatanodeReportedRule rule is successfully validated
2020-12-11 14:19:14,377 [pool-241-thread-1] INFO  server.RaftServerConfigKeys (ConfUtils.java:logGet(44)) - raft.server.log.use.memory = false (default)
2020-12-11 14:19:14,377 [pool-241-thread-1] INFO  server.RaftServerConfigKeys (ConfUtils.java:logGet(44)) - raft.server.log.purge.gap = 1000000 (custom)
2020-12-11 14:19:14,377 [pool-241-thread-1] INFO  metrics.RatisMetrics (RatisMetrics.java:lambda$create$0(36)) - Creating Metrics Registry : ratis.log_worker.1f76fe74-9ac9-4278-b8d3-859f8312f824@group-EE85626A98D9
2020-12-11 14:19:14,377 [pool-241-thread-1] INFO  server.RaftServerConfigKeys (ConfUtils.java:logGet(44)) - raft.server.log.appender.buffer.byte-limit = 33554432 (custom)
2020-12-11 14:19:14,378 [pool-241-thread-1] INFO  server.RaftServerConfigKeys (ConfUtils.java:logGet(44)) - raft.server.log.segment.size.max = 1048576 (custom)
2020-12-11 14:19:14,378 [pool-241-thread-1] INFO  server.RaftServerConfigKeys (ConfUtils.java:logGet(44)) - raft.server.log.segment.cache.num.max = 2 (custom)
2020-12-11 14:19:14,378 [pool-241-thread-1] INFO  segmented.SegmentedRaftLogWorker (SegmentedRaftLogWorker.java:<init>(180)) - new 1f76fe74-9ac9-4278-b8d3-859f8312f824@group-EE85626A98D9-SegmentedRaftLogWorker for RaftStorage:Storage Directory /github/workspace/mnt/ozone/hadoop-ozone/integration-test/target/test-dir/MiniOzoneClusterImpl-f6ec90cd-9249-41c8-b5e0-41cfbed7d430/datanode-4/data/ratis/f87edba7-5f67-403d-bf3a-ee85626a98d9
2020-12-11 14:19:14,378 [pool-241-thread-1] INFO  server.RaftServerConfigKeys (ConfUtils.java:logGet(44)) - raft.server.log.queue.byte-limit = 2147483647 (custom)
2020-12-11 14:19:14,378 [pool-241-thread-1] INFO  server.RaftServerConfigKeys (ConfUtils.java:logGet(44)) - raft.server.log.queue.element-limit = 1024 (custom)
2020-12-11 14:19:14,378 [pool-241-thread-1] INFO  server.RaftServerConfigKeys (ConfUtils.java:logGet(44)) - raft.server.log.segment.size.max = 1048576 (custom)
2020-12-11 14:19:14,378 [pool-241-thread-1] INFO  server.RaftServerConfigKeys (ConfUtils.java:logGet(44)) - raft.server.log.preallocated.size = 16384 (custom)
2020-12-11 14:19:14,378 [pool-241-thread-1] INFO  server.RaftServerConfigKeys (ConfUtils.java:logGet(44)) - raft.server.log.write.buffer.size = 1048576 (custom)
2020-12-11 14:19:14,378 [pool-241-thread-1] INFO  server.RaftServerConfigKeys (ConfUtils.java:logGet(44)) - raft.server.log.force.sync.num = 128 (default)
2020-12-11 14:19:14,379 [pool-241-thread-1] INFO  server.RaftServerConfigKeys (ConfUtils.java:logGet(44)) - raft.server.log.statemachine.data.sync = true (default)
2020-12-11 14:19:14,379 [pool-241-thread-1] INFO  server.RaftServerConfigKeys (ConfUtils.java:logGet(44)) - raft.server.log.statemachine.data.sync.timeout = 10s (default)
2020-12-11 14:19:14,379 [pool-241-thread-1] INFO  server.RaftServerConfigKeys (ConfUtils.java:logGet(44)) - raft.server.log.statemachine.data.sync.timeout.retry = -1 (default)
2020-12-11 14:19:14,381 [pool-241-thread-1] INFO  server.RaftServerConfigKeys (ConfUtils.java:logGet(44)) - raft.server.log.statemachine.data.caching.enabled = true (custom)
2020-12-11 14:19:14,381 [pool-241-thread-1] INFO  segmented.SegmentedRaftLogWorker (SegmentedRaftLogWorker.java:lambda$new$0(129)) - 1f76fe74-9ac9-4278-b8d3-859f8312f824@group-EE85626A98D9-SegmentedRaftLogWorker: flushIndex: setUnconditionally 0 -> -1
2020-12-11 14:19:14,381 [pool-241-thread-1] INFO  segmented.SegmentedRaftLogWorker (SegmentedRaftLogWorker.java:lambda$new$0(129)) - 1f76fe74-9ac9-4278-b8d3-859f8312f824@group-EE85626A98D9-SegmentedRaftLogWorker: safeCacheEvictIndex: setUnconditionally 0 -> -1
2020-12-11 14:19:14,381 [pool-241-thread-1] INFO  server.RaftServerConfigKeys (ConfUtils.java:logGet(44)) - raft.server.snapshot.auto.trigger.enabled = true (custom)
2020-12-11 14:19:14,381 [pool-241-thread-1] INFO  server.RaftServerConfigKeys (ConfUtils.java:logGet(44)) - raft.server.snapshot.auto.trigger.threshold = 10000 (custom)
2020-12-11 14:19:14,381 [pool-241-thread-1] INFO  server.RaftServerConfigKeys (ConfUtils.java:logGet(44)) - raft.server.snapshot.retention.file.num = 5 (custom)
2020-12-11 14:19:14,382 [pool-241-thread-1] INFO  server.RaftServerConfigKeys (ConfUtils.java:logGet(44)) - raft.server.log.purge.upto.snapshot.index = false (default)
2020-12-11 14:19:14,382 [pool-241-thread-1] INFO  server.RaftServerConfigKeys (ConfUtils.java:logGet(44)) - raft.server.retrycache.expirytime = 600000ms (custom)
2020-12-11 14:19:14,382 [pool-241-thread-1] INFO  metrics.RatisMetrics (RatisMetrics.java:lambda$create$0(36)) - Creating Metrics Registry : ratis.leader_election.1f76fe74-9ac9-4278-b8d3-859f8312f824@group-EE85626A98D9
2020-12-11 14:19:14,382 [pool-241-thread-1] INFO  metrics.RatisMetrics (RatisMetrics.java:lambda$create$0(36)) - Creating Metrics Registry : ratis.server.1f76fe74-9ac9-4278-b8d3-859f8312f824@group-EE85626A98D9
2020-12-11 14:19:14,383 [pool-241-thread-1] INFO  impl.RaftServerImpl (RaftServerImpl.java:start(215)) - 1f76fe74-9ac9-4278-b8d3-859f8312f824@group-EE85626A98D9: start as a follower, conf=-1: [1f76fe74-9ac9-4278-b8d3-859f8312f824|rpc:172.17.0.2:37521|dataStream:, 1ac8e757-626b-4b72-bb8b-00adfc4da993|rpc:172.17.0.2:35785|dataStream:, 6177e5e9-2a89-4341-baf8-bbec2955e7c9|rpc:172.17.0.2:41133|dataStream:], old=null
2020-12-11 14:19:14,383 [pool-241-thread-1] INFO  impl.RaftServerImpl (RaftServerImpl.java:setRole(204)) - 1f76fe74-9ac9-4278-b8d3-859f8312f824@group-EE85626A98D9: changes role from      null to FOLLOWER at term 0 for startAsFollower
2020-12-11 14:19:14,383 [pool-241-thread-1] INFO  impl.RoleInfo (RoleInfo.java:updateAndGet(143)) - 1f76fe74-9ac9-4278-b8d3-859f8312f824: start 1f76fe74-9ac9-4278-b8d3-859f8312f824@group-EE85626A98D9-FollowerState
2020-12-11 14:19:14,384 [pool-241-thread-1] INFO  util.JmxRegister (JmxRegister.java:tryRegister(44)) - Successfully registered JMX Bean with object name Ratis:service=RaftServer,group=group-EE85626A98D9,id=1f76fe74-9ac9-4278-b8d3-859f8312f824
2020-12-11 14:19:14,384 [pool-241-thread-1] INFO  metrics.RatisMetrics (RatisMetrics.java:lambda$create$0(36)) - Creating Metrics Registry : ratis.state_machine.1f76fe74-9ac9-4278-b8d3-859f8312f824@group-EE85626A98D9
2020-12-11 14:19:14,391 [Command processor thread] INFO  metrics.RatisMetrics (RatisMetrics.java:lambda$create$0(36)) - Creating Metrics Registry : ratis.client_message_metrics.client-986D0A89F2CF->6177e5e9-2a89-4341-baf8-bbec2955e7c9
2020-12-11 14:19:14,399 [grpc-default-executor-0] INFO  metrics.RatisMetrics (RatisMetrics.java:lambda$create$0(36)) - Creating Metrics Registry : ratis.server_message_metrics.6177e5e9-2a89-4341-baf8-bbec2955e7c9
2020-12-11 14:19:14,407 [grpc-default-executor-0] INFO  impl.RaftServerProxy (RaftServerProxy.java:addNew(93)) - 6177e5e9-2a89-4341-baf8-bbec2955e7c9: addNew group-EE85626A98D9:[1f76fe74-9ac9-4278-b8d3-859f8312f824|rpc:172.17.0.2:37521|dataStream:, 1ac8e757-626b-4b72-bb8b-00adfc4da993|rpc:172.17.0.2:35785|dataStream:, 6177e5e9-2a89-4341-baf8-bbec2955e7c9|rpc:172.17.0.2:41133|dataStream:] returns group-EE85626A98D9:java.util.concurrent.CompletableFuture@3ff9b903[Not completed]
2020-12-11 14:19:14,408 [pool-257-thread-1] INFO  impl.RaftServerImpl (RaftServerImpl.java:<init>(121)) - 6177e5e9-2a89-4341-baf8-bbec2955e7c9: new RaftServerImpl for group-EE85626A98D9:[1f76fe74-9ac9-4278-b8d3-859f8312f824|rpc:172.17.0.2:37521|dataStream:, 1ac8e757-626b-4b72-bb8b-00adfc4da993|rpc:172.17.0.2:35785|dataStream:, 6177e5e9-2a89-4341-baf8-bbec2955e7c9|rpc:172.17.0.2:41133|dataStream:] with ContainerStateMachine:uninitialized
2020-12-11 14:19:14,408 [pool-257-thread-1] INFO  server.RaftServerConfigKeys (ConfUtils.java:logGet(44)) - raft.server.rpc.timeout.min = 5s (custom)
2020-12-11 14:19:14,408 [pool-257-thread-1] INFO  server.RaftServerConfigKeys (ConfUtils.java:logGet(44)) - raft.server.rpc.timeout.max = 5200ms (custom)
2020-12-11 14:19:14,408 [pool-257-thread-1] INFO  server.RaftServerConfigKeys (ConfUtils.java:logGet(44)) - raft.server.rpc.slowness.timeout = 300s (custom)
2020-12-11 14:19:14,408 [pool-257-thread-1] INFO  server.RaftServerConfigKeys (ConfUtils.java:logGet(44)) - raft.server.leaderelection.leader.step-down.wait-time = 10s (default)
2020-12-11 14:19:14,408 [pool-257-thread-1] INFO  server.RaftServerConfigKeys (ConfUtils.java:logGet(44)) - raft.server.sleep.deviation.threshold = 300 (default)
2020-12-11 14:19:14,408 [pool-257-thread-1] INFO  server.RaftServerConfigKeys (ConfUtils.java:logGet(44)) - raft.server.log.appender.install.snapshot.enabled = false (custom)
2020-12-11 14:19:14,408 [pool-257-thread-1] INFO  impl.RaftServerImpl (ServerState.java:<init>(104)) - 6177e5e9-2a89-4341-baf8-bbec2955e7c9@group-EE85626A98D9: ConfigurationManager, init=-1: [1f76fe74-9ac9-4278-b8d3-859f8312f824|rpc:172.17.0.2:37521|dataStream:, 1ac8e757-626b-4b72-bb8b-00adfc4da993|rpc:172.17.0.2:35785|dataStream:, 6177e5e9-2a89-4341-baf8-bbec2955e7c9|rpc:172.17.0.2:41133|dataStream:], old=null, confs=<EMPTY_MAP>
2020-12-11 14:19:14,408 [pool-257-thread-1] INFO  server.RaftServerConfigKeys (ConfUtils.java:logGet(44)) - raft.server.storage.dir = [/github/workspace/mnt/ozone/hadoop-ozone/integration-test/target/test-dir/MiniOzoneClusterImpl-f6ec90cd-9249-41c8-b5e0-41cfbed7d430/datanode-5/data/ratis] (custom)
2020-12-11 14:19:14,409 [pool-257-thread-1] INFO  server.RaftServerConfigKeys (ConfUtils.java:logGet(44)) - raft.server.log.corruption.policy = EXCEPTION (default)
2020-12-11 14:19:14,409 [pool-257-thread-1] INFO  storage.RaftStorageDirectory (RaftStorageDirectory.java:analyzeStorage(261)) - The storage directory /github/workspace/mnt/ozone/hadoop-ozone/integration-test/target/test-dir/MiniOzoneClusterImpl-f6ec90cd-9249-41c8-b5e0-41cfbed7d430/datanode-5/data/ratis/f87edba7-5f67-403d-bf3a-ee85626a98d9 does not exist. Creating ...
2020-12-11 14:19:14,411 [pool-257-thread-1] INFO  storage.RaftStorageDirectory (RaftStorageDirectory.java:tryLock(343)) - Lock on /github/workspace/mnt/ozone/hadoop-ozone/integration-test/target/test-dir/MiniOzoneClusterImpl-f6ec90cd-9249-41c8-b5e0-41cfbed7d430/datanode-5/data/ratis/f87edba7-5f67-403d-bf3a-ee85626a98d9/in_use.lock acquired by nodename 2449@cfd2ce0fb241
2020-12-11 14:19:14,413 [pool-257-thread-1] INFO  storage.RaftStorage (RaftStorage.java:format(85)) - Storage directory /github/workspace/mnt/ozone/hadoop-ozone/integration-test/target/test-dir/MiniOzoneClusterImpl-f6ec90cd-9249-41c8-b5e0-41cfbed7d430/datanode-5/data/ratis/f87edba7-5f67-403d-bf3a-ee85626a98d9 has been successfully formatted.
2020-12-11 14:19:14,414 [pool-257-thread-1] INFO  ratis.ContainerStateMachine (ContainerStateMachine.java:loadSnapshot(225)) - group-EE85626A98D9: The snapshot info is null. Setting the last applied indexto:(t:0, i:~)
2020-12-11 14:19:14,414 [pool-257-thread-1] INFO  server.RaftServerConfigKeys (ConfUtils.java:logGet(44)) - raft.server.notification.no-leader.timeout = 300s (custom)
2020-12-11 14:19:14,415 [EventQueue-PipelineReportForOneReplicaPipelineSafeModeRule] INFO  safemode.SCMSafeModeManager (SCMSafeModeManager.java:validateSafeModeExitRules(214)) - AtleastOneDatanodeReportedRule rule is successfully validated
2020-12-11 14:19:14,416 [pool-257-thread-1] INFO  server.RaftServerConfigKeys (ConfUtils.java:logGet(44)) - raft.server.log.use.memory = false (default)
2020-12-11 14:19:14,417 [pool-257-thread-1] INFO  server.RaftServerConfigKeys (ConfUtils.java:logGet(44)) - raft.server.log.purge.gap = 1000000 (custom)
2020-12-11 14:19:14,417 [pool-257-thread-1] INFO  metrics.RatisMetrics (RatisMetrics.java:lambda$create$0(36)) - Creating Metrics Registry : ratis.log_worker.6177e5e9-2a89-4341-baf8-bbec2955e7c9@group-EE85626A98D9
2020-12-11 14:19:14,417 [pool-257-thread-1] INFO  server.RaftServerConfigKeys (ConfUtils.java:logGet(44)) - raft.server.log.appender.buffer.byte-limit = 33554432 (custom)
2020-12-11 14:19:14,417 [pool-257-thread-1] INFO  server.RaftServerConfigKeys (ConfUtils.java:logGet(44)) - raft.server.log.segment.size.max = 1048576 (custom)
2020-12-11 14:19:14,418 [pool-257-thread-1] INFO  server.RaftServerConfigKeys (ConfUtils.java:logGet(44)) - raft.server.log.segment.cache.num.max = 2 (custom)
2020-12-11 14:19:14,418 [pool-257-thread-1] INFO  segmented.SegmentedRaftLogWorker (SegmentedRaftLogWorker.java:<init>(180)) - new 6177e5e9-2a89-4341-baf8-bbec2955e7c9@group-EE85626A98D9-SegmentedRaftLogWorker for RaftStorage:Storage Directory /github/workspace/mnt/ozone/hadoop-ozone/integration-test/target/test-dir/MiniOzoneClusterImpl-f6ec90cd-9249-41c8-b5e0-41cfbed7d430/datanode-5/data/ratis/f87edba7-5f67-403d-bf3a-ee85626a98d9
2020-12-11 14:19:14,418 [pool-257-thread-1] INFO  server.RaftServerConfigKeys (ConfUtils.java:logGet(44)) - raft.server.log.queue.byte-limit = 2147483647 (custom)
2020-12-11 14:19:14,418 [pool-257-thread-1] INFO  server.RaftServerConfigKeys (ConfUtils.java:logGet(44)) - raft.server.log.queue.element-limit = 1024 (custom)
2020-12-11 14:19:14,418 [pool-257-thread-1] INFO  server.RaftServerConfigKeys (ConfUtils.java:logGet(44)) - raft.server.log.segment.size.max = 1048576 (custom)
2020-12-11 14:19:14,418 [pool-257-thread-1] INFO  server.RaftServerConfigKeys (ConfUtils.java:logGet(44)) - raft.server.log.preallocated.size = 16384 (custom)
2020-12-11 14:19:14,419 [pool-257-thread-1] INFO  server.RaftServerConfigKeys (ConfUtils.java:logGet(44)) - raft.server.log.write.buffer.size = 1048576 (custom)
2020-12-11 14:19:14,419 [pool-257-thread-1] INFO  server.RaftServerConfigKeys (ConfUtils.java:logGet(44)) - raft.server.log.force.sync.num = 128 (default)
2020-12-11 14:19:14,419 [pool-257-thread-1] INFO  server.RaftServerConfigKeys (ConfUtils.java:logGet(44)) - raft.server.log.statemachine.data.sync = true (default)
2020-12-11 14:19:14,419 [pool-257-thread-1] INFO  server.RaftServerConfigKeys (ConfUtils.java:logGet(44)) - raft.server.log.statemachine.data.sync.timeout = 10s (default)
2020-12-11 14:19:14,419 [pool-257-thread-1] INFO  server.RaftServerConfigKeys (ConfUtils.java:logGet(44)) - raft.server.log.statemachine.data.sync.timeout.retry = -1 (default)
2020-12-11 14:19:14,421 [pool-257-thread-1] INFO  server.RaftServerConfigKeys (ConfUtils.java:logGet(44)) - raft.server.log.statemachine.data.caching.enabled = true (custom)
2020-12-11 14:19:14,421 [pool-257-thread-1] INFO  segmented.SegmentedRaftLogWorker (SegmentedRaftLogWorker.java:lambda$new$0(129)) - 6177e5e9-2a89-4341-baf8-bbec2955e7c9@group-EE85626A98D9-SegmentedRaftLogWorker: flushIndex: setUnconditionally 0 -> -1
2020-12-11 14:19:14,422 [pool-257-thread-1] INFO  segmented.SegmentedRaftLogWorker (SegmentedRaftLogWorker.java:lambda$new$0(129)) - 6177e5e9-2a89-4341-baf8-bbec2955e7c9@group-EE85626A98D9-SegmentedRaftLogWorker: safeCacheEvictIndex: setUnconditionally 0 -> -1
2020-12-11 14:19:14,422 [pool-257-thread-1] INFO  server.RaftServerConfigKeys (ConfUtils.java:logGet(44)) - raft.server.snapshot.auto.trigger.enabled = true (custom)
2020-12-11 14:19:14,422 [pool-257-thread-1] INFO  server.RaftServerConfigKeys (ConfUtils.java:logGet(44)) - raft.server.snapshot.auto.trigger.threshold = 10000 (custom)
2020-12-11 14:19:14,422 [pool-257-thread-1] INFO  server.RaftServerConfigKeys (ConfUtils.java:logGet(44)) - raft.server.snapshot.retention.file.num = 5 (custom)
2020-12-11 14:19:14,422 [pool-257-thread-1] INFO  server.RaftServerConfigKeys (ConfUtils.java:logGet(44)) - raft.server.log.purge.upto.snapshot.index = false (default)
2020-12-11 14:19:14,422 [pool-257-thread-1] INFO  server.RaftServerConfigKeys (ConfUtils.java:logGet(44)) - raft.server.retrycache.expirytime = 600000ms (custom)
2020-12-11 14:19:14,422 [pool-257-thread-1] INFO  metrics.RatisMetrics (RatisMetrics.java:lambda$create$0(36)) - Creating Metrics Registry : ratis.leader_election.6177e5e9-2a89-4341-baf8-bbec2955e7c9@group-EE85626A98D9
2020-12-11 14:19:14,422 [pool-257-thread-1] INFO  metrics.RatisMetrics (RatisMetrics.java:lambda$create$0(36)) - Creating Metrics Registry : ratis.server.6177e5e9-2a89-4341-baf8-bbec2955e7c9@group-EE85626A98D9
2020-12-11 14:19:14,423 [pool-257-thread-1] INFO  impl.RaftServerImpl (RaftServerImpl.java:start(215)) - 6177e5e9-2a89-4341-baf8-bbec2955e7c9@group-EE85626A98D9: start as a follower, conf=-1: [1f76fe74-9ac9-4278-b8d3-859f8312f824|rpc:172.17.0.2:37521|dataStream:, 1ac8e757-626b-4b72-bb8b-00adfc4da993|rpc:172.17.0.2:35785|dataStream:, 6177e5e9-2a89-4341-baf8-bbec2955e7c9|rpc:172.17.0.2:41133|dataStream:], old=null
2020-12-11 14:19:14,423 [pool-257-thread-1] INFO  impl.RaftServerImpl (RaftServerImpl.java:setRole(204)) - 6177e5e9-2a89-4341-baf8-bbec2955e7c9@group-EE85626A98D9: changes role from      null to FOLLOWER at term 0 for startAsFollower
2020-12-11 14:19:14,423 [pool-257-thread-1] INFO  impl.RoleInfo (RoleInfo.java:updateAndGet(143)) - 6177e5e9-2a89-4341-baf8-bbec2955e7c9: start 6177e5e9-2a89-4341-baf8-bbec2955e7c9@group-EE85626A98D9-FollowerState
2020-12-11 14:19:14,424 [pool-257-thread-1] INFO  util.JmxRegister (JmxRegister.java:tryRegister(44)) - Successfully registered JMX Bean with object name Ratis:service=RaftServer,group=group-EE85626A98D9,id=6177e5e9-2a89-4341-baf8-bbec2955e7c9
2020-12-11 14:19:14,424 [pool-257-thread-1] INFO  metrics.RatisMetrics (RatisMetrics.java:lambda$create$0(36)) - Creating Metrics Registry : ratis.state_machine.6177e5e9-2a89-4341-baf8-bbec2955e7c9@group-EE85626A98D9
2020-12-11 14:19:14,430 [Command processor thread] INFO  commandhandler.CreatePipelineCommandHandler (CreatePipelineCommandHandler.java:handle(106)) - Created Pipeline RATIS THREE PipelineID=f87edba7-5f67-403d-bf3a-ee85626a98d9.
2020-12-11 14:19:14,470 [Command processor thread] INFO  impl.RaftServerProxy (RaftServerProxy.java:addNew(93)) - 1f76fe74-9ac9-4278-b8d3-859f8312f824: addNew group-4C611074549F:[1f76fe74-9ac9-4278-b8d3-859f8312f824|rpc:172.17.0.2:37521] returns group-4C611074549F:java.util.concurrent.CompletableFuture@53421417[Not completed]
2020-12-11 14:19:14,471 [pool-241-thread-1] INFO  impl.RaftServerImpl (RaftServerImpl.java:<init>(121)) - 1f76fe74-9ac9-4278-b8d3-859f8312f824: new RaftServerImpl for group-4C611074549F:[1f76fe74-9ac9-4278-b8d3-859f8312f824|rpc:172.17.0.2:37521] with ContainerStateMachine:uninitialized
2020-12-11 14:19:14,471 [pool-241-thread-1] INFO  server.RaftServerConfigKeys (ConfUtils.java:logGet(44)) - raft.server.rpc.timeout.min = 5s (custom)
2020-12-11 14:19:14,471 [pool-241-thread-1] INFO  server.RaftServerConfigKeys (ConfUtils.java:logGet(44)) - raft.server.rpc.timeout.max = 5200ms (custom)
2020-12-11 14:19:14,471 [pool-241-thread-1] INFO  server.RaftServerConfigKeys (ConfUtils.java:logGet(44)) - raft.server.rpc.slowness.timeout = 300s (custom)
2020-12-11 14:19:14,471 [pool-241-thread-1] INFO  server.RaftServerConfigKeys (ConfUtils.java:logGet(44)) - raft.server.leaderelection.leader.step-down.wait-time = 10s (default)
2020-12-11 14:19:14,471 [pool-241-thread-1] INFO  server.RaftServerConfigKeys (ConfUtils.java:logGet(44)) - raft.server.sleep.deviation.threshold = 300 (default)
2020-12-11 14:19:14,471 [pool-241-thread-1] INFO  server.RaftServerConfigKeys (ConfUtils.java:logGet(44)) - raft.server.log.appender.install.snapshot.enabled = false (custom)
2020-12-11 14:19:14,471 [pool-241-thread-1] INFO  impl.RaftServerImpl (ServerState.java:<init>(104)) - 1f76fe74-9ac9-4278-b8d3-859f8312f824@group-4C611074549F: ConfigurationManager, init=-1: [1f76fe74-9ac9-4278-b8d3-859f8312f824|rpc:172.17.0.2:37521], old=null, confs=<EMPTY_MAP>
2020-12-11 14:19:14,471 [pool-241-thread-1] INFO  server.RaftServerConfigKeys (ConfUtils.java:logGet(44)) - raft.server.storage.dir = [/github/workspace/mnt/ozone/hadoop-ozone/integration-test/target/test-dir/MiniOzoneClusterImpl-f6ec90cd-9249-41c8-b5e0-41cfbed7d430/datanode-4/data/ratis] (custom)
2020-12-11 14:19:14,472 [pool-241-thread-1] INFO  server.RaftServerConfigKeys (ConfUtils.java:logGet(44)) - raft.server.log.corruption.policy = EXCEPTION (default)
2020-12-11 14:19:14,472 [pool-241-thread-1] INFO  storage.RaftStorageDirectory (RaftStorageDirectory.java:analyzeStorage(261)) - The storage directory /github/workspace/mnt/ozone/hadoop-ozone/integration-test/target/test-dir/MiniOzoneClusterImpl-f6ec90cd-9249-41c8-b5e0-41cfbed7d430/datanode-4/data/ratis/35f8d68d-dc95-4d6e-85e2-4c611074549f does not exist. Creating ...
2020-12-11 14:19:14,473 [pool-241-thread-1] INFO  storage.RaftStorageDirectory (RaftStorageDirectory.java:tryLock(343)) - Lock on /github/workspace/mnt/ozone/hadoop-ozone/integration-test/target/test-dir/MiniOzoneClusterImpl-f6ec90cd-9249-41c8-b5e0-41cfbed7d430/datanode-4/data/ratis/35f8d68d-dc95-4d6e-85e2-4c611074549f/in_use.lock acquired by nodename 2449@cfd2ce0fb241
2020-12-11 14:19:14,474 [pool-241-thread-1] INFO  storage.RaftStorage (RaftStorage.java:format(85)) - Storage directory /github/workspace/mnt/ozone/hadoop-ozone/integration-test/target/test-dir/MiniOzoneClusterImpl-f6ec90cd-9249-41c8-b5e0-41cfbed7d430/datanode-4/data/ratis/35f8d68d-dc95-4d6e-85e2-4c611074549f has been successfully formatted.
2020-12-11 14:19:14,474 [pool-241-thread-1] INFO  ratis.ContainerStateMachine (ContainerStateMachine.java:loadSnapshot(225)) - group-4C611074549F: The snapshot info is null. Setting the last applied indexto:(t:0, i:~)
2020-12-11 14:19:14,474 [pool-241-thread-1] INFO  server.RaftServerConfigKeys (ConfUtils.java:logGet(44)) - raft.server.notification.no-leader.timeout = 300s (custom)
2020-12-11 14:19:14,474 [pool-241-thread-1] INFO  server.RaftServerConfigKeys (ConfUtils.java:logGet(44)) - raft.server.log.use.memory = false (default)
2020-12-11 14:19:14,474 [pool-241-thread-1] INFO  server.RaftServerConfigKeys (ConfUtils.java:logGet(44)) - raft.server.log.purge.gap = 1000000 (custom)
2020-12-11 14:19:14,474 [pool-241-thread-1] INFO  metrics.RatisMetrics (RatisMetrics.java:lambda$create$0(36)) - Creating Metrics Registry : ratis.log_worker.1f76fe74-9ac9-4278-b8d3-859f8312f824@group-4C611074549F
2020-12-11 14:19:14,474 [pool-241-thread-1] INFO  server.RaftServerConfigKeys (ConfUtils.java:logGet(44)) - raft.server.log.appender.buffer.byte-limit = 33554432 (custom)
2020-12-11 14:19:14,474 [pool-241-thread-1] INFO  server.RaftServerConfigKeys (ConfUtils.java:logGet(44)) - raft.server.log.segment.size.max = 1048576 (custom)
2020-12-11 14:19:14,475 [pool-241-thread-1] INFO  server.RaftServerConfigKeys (ConfUtils.java:logGet(44)) - raft.server.log.segment.cache.num.max = 2 (custom)
2020-12-11 14:19:14,475 [pool-241-thread-1] INFO  segmented.SegmentedRaftLogWorker (SegmentedRaftLogWorker.java:<init>(180)) - new 1f76fe74-9ac9-4278-b8d3-859f8312f824@group-4C611074549F-SegmentedRaftLogWorker for RaftStorage:Storage Directory /github/workspace/mnt/ozone/hadoop-ozone/integration-test/target/test-dir/MiniOzoneClusterImpl-f6ec90cd-9249-41c8-b5e0-41cfbed7d430/datanode-4/data/ratis/35f8d68d-dc95-4d6e-85e2-4c611074549f
2020-12-11 14:19:14,475 [pool-241-thread-1] INFO  server.RaftServerConfigKeys (ConfUtils.java:logGet(44)) - raft.server.log.queue.byte-limit = 2147483647 (custom)
2020-12-11 14:19:14,475 [pool-241-thread-1] INFO  server.RaftServerConfigKeys (ConfUtils.java:logGet(44)) - raft.server.log.queue.element-limit = 1024 (custom)
2020-12-11 14:19:14,475 [pool-241-thread-1] INFO  server.RaftServerConfigKeys (ConfUtils.java:logGet(44)) - raft.server.log.segment.size.max = 1048576 (custom)
2020-12-11 14:19:14,475 [pool-241-thread-1] INFO  server.RaftServerConfigKeys (ConfUtils.java:logGet(44)) - raft.server.log.preallocated.size = 16384 (custom)
2020-12-11 14:19:14,475 [pool-241-thread-1] INFO  server.RaftServerConfigKeys (ConfUtils.java:logGet(44)) - raft.server.log.write.buffer.size = 1048576 (custom)
2020-12-11 14:19:14,475 [pool-241-thread-1] INFO  server.RaftServerConfigKeys (ConfUtils.java:logGet(44)) - raft.server.log.force.sync.num = 128 (default)
2020-12-11 14:19:14,475 [pool-241-thread-1] INFO  server.RaftServerConfigKeys (ConfUtils.java:logGet(44)) - raft.server.log.statemachine.data.sync = true (default)
2020-12-11 14:19:14,475 [pool-241-thread-1] INFO  server.RaftServerConfigKeys (ConfUtils.java:logGet(44)) - raft.server.log.statemachine.data.sync.timeout = 10s (default)
2020-12-11 14:19:14,475 [pool-241-thread-1] INFO  server.RaftServerConfigKeys (ConfUtils.java:logGet(44)) - raft.server.log.statemachine.data.sync.timeout.retry = -1 (default)
2020-12-11 14:19:14,475 [EventQueue-PipelineReportForOneReplicaPipelineSafeModeRule] INFO  safemode.SCMSafeModeManager (SCMSafeModeManager.java:validateSafeModeExitRules(214)) - AtleastOneDatanodeReportedRule rule is successfully validated
2020-12-11 14:19:14,475 [EventQueue-PipelineReportForPipelineReportHandler] INFO  pipeline.PipelineStateManager (PipelineStateManager.java:openPipeline(132)) - Pipeline Pipeline[ Id: 35f8d68d-dc95-4d6e-85e2-4c611074549f, Nodes: 1f76fe74-9ac9-4278-b8d3-859f8312f824{ip: 172.17.0.2, host: cfd2ce0fb241, networkLocation: /default-rack, certSerialId: null, persistedOpState: IN_SERVICE, persistedOpStateExpiryEpochSec: 0}, Type:RATIS, Factor:ONE, State:ALLOCATED, leaderId:1f76fe74-9ac9-4278-b8d3-859f8312f824, CreationTimestamp2020-12-11T14:19:11.473Z] moved to OPEN state
2020-12-11 14:19:14,476 [EventQueue-OpenPipelineForHealthyPipelineSafeModeRule] INFO  safemode.SCMSafeModeManager (HealthyPipelineSafeModeRule.java:process(128)) - SCM in safe mode. Healthy pipelines reported count is 0, required healthy pipeline reported count is 1
2020-12-11 14:19:14,476 [pool-241-thread-1] INFO  server.RaftServerConfigKeys (ConfUtils.java:logGet(44)) - raft.server.log.statemachine.data.caching.enabled = true (custom)
2020-12-11 14:19:14,478 [pool-241-thread-1] INFO  segmented.SegmentedRaftLogWorker (SegmentedRaftLogWorker.java:lambda$new$0(129)) - 1f76fe74-9ac9-4278-b8d3-859f8312f824@group-4C611074549F-SegmentedRaftLogWorker: flushIndex: setUnconditionally 0 -> -1
2020-12-11 14:19:14,478 [pool-241-thread-1] INFO  segmented.SegmentedRaftLogWorker (SegmentedRaftLogWorker.java:lambda$new$0(129)) - 1f76fe74-9ac9-4278-b8d3-859f8312f824@group-4C611074549F-SegmentedRaftLogWorker: safeCacheEvictIndex: setUnconditionally 0 -> -1
2020-12-11 14:19:14,478 [pool-241-thread-1] INFO  server.RaftServerConfigKeys (ConfUtils.java:logGet(44)) - raft.server.snapshot.auto.trigger.enabled = true (custom)
2020-12-11 14:19:14,478 [pool-241-thread-1] INFO  server.RaftServerConfigKeys (ConfUtils.java:logGet(44)) - raft.server.snapshot.auto.trigger.threshold = 10000 (custom)
2020-12-11 14:19:14,478 [pool-241-thread-1] INFO  server.RaftServerConfigKeys (ConfUtils.java:logGet(44)) - raft.server.snapshot.retention.file.num = 5 (custom)
2020-12-11 14:19:14,478 [pool-241-thread-1] INFO  server.RaftServerConfigKeys (ConfUtils.java:logGet(44)) - raft.server.log.purge.upto.snapshot.index = false (default)
2020-12-11 14:19:14,478 [pool-241-thread-1] INFO  server.RaftServerConfigKeys (ConfUtils.java:logGet(44)) - raft.server.retrycache.expirytime = 600000ms (custom)
2020-12-11 14:19:14,478 [pool-241-thread-1] INFO  metrics.RatisMetrics (RatisMetrics.java:lambda$create$0(36)) - Creating Metrics Registry : ratis.leader_election.1f76fe74-9ac9-4278-b8d3-859f8312f824@group-4C611074549F
2020-12-11 14:19:14,479 [pool-241-thread-1] INFO  metrics.RatisMetrics (RatisMetrics.java:lambda$create$0(36)) - Creating Metrics Registry : ratis.server.1f76fe74-9ac9-4278-b8d3-859f8312f824@group-4C611074549F
2020-12-11 14:19:14,479 [pool-241-thread-1] INFO  impl.RaftServerImpl (RaftServerImpl.java:start(215)) - 1f76fe74-9ac9-4278-b8d3-859f8312f824@group-4C611074549F: start as a follower, conf=-1: [1f76fe74-9ac9-4278-b8d3-859f8312f824|rpc:172.17.0.2:37521], old=null
2020-12-11 14:19:14,479 [pool-241-thread-1] INFO  impl.RaftServerImpl (RaftServerImpl.java:setRole(204)) - 1f76fe74-9ac9-4278-b8d3-859f8312f824@group-4C611074549F: changes role from      null to FOLLOWER at term 0 for startAsFollower
2020-12-11 14:19:14,480 [pool-241-thread-1] INFO  impl.RoleInfo (RoleInfo.java:updateAndGet(143)) - 1f76fe74-9ac9-4278-b8d3-859f8312f824: start 1f76fe74-9ac9-4278-b8d3-859f8312f824@group-4C611074549F-FollowerState
2020-12-11 14:19:14,480 [pool-241-thread-1] INFO  util.JmxRegister (JmxRegister.java:tryRegister(44)) - Successfully registered JMX Bean with object name Ratis:service=RaftServer,group=group-4C611074549F,id=1f76fe74-9ac9-4278-b8d3-859f8312f824
2020-12-11 14:19:14,480 [pool-241-thread-1] INFO  metrics.RatisMetrics (RatisMetrics.java:lambda$create$0(36)) - Creating Metrics Registry : ratis.state_machine.1f76fe74-9ac9-4278-b8d3-859f8312f824@group-4C611074549F
2020-12-11 14:19:14,480 [Command processor thread] INFO  commandhandler.CreatePipelineCommandHandler (CreatePipelineCommandHandler.java:handle(106)) - Created Pipeline RATIS ONE PipelineID=35f8d68d-dc95-4d6e-85e2-4c611074549f.
2020-12-11 14:19:14,630 [Command processor thread] INFO  impl.RaftServerProxy (RaftServerProxy.java:addNew(93)) - 6177e5e9-2a89-4341-baf8-bbec2955e7c9: addNew group-FD00C5A5A8FC:[6177e5e9-2a89-4341-baf8-bbec2955e7c9|rpc:172.17.0.2:41133] returns group-FD00C5A5A8FC:java.util.concurrent.CompletableFuture@648c5d99[Not completed]
2020-12-11 14:19:14,631 [pool-257-thread-1] INFO  impl.RaftServerImpl (RaftServerImpl.java:<init>(121)) - 6177e5e9-2a89-4341-baf8-bbec2955e7c9: new RaftServerImpl for group-FD00C5A5A8FC:[6177e5e9-2a89-4341-baf8-bbec2955e7c9|rpc:172.17.0.2:41133] with ContainerStateMachine:uninitialized
2020-12-11 14:19:14,631 [pool-257-thread-1] INFO  server.RaftServerConfigKeys (ConfUtils.java:logGet(44)) - raft.server.rpc.timeout.min = 5s (custom)
2020-12-11 14:19:14,631 [pool-257-thread-1] INFO  server.RaftServerConfigKeys (ConfUtils.java:logGet(44)) - raft.server.rpc.timeout.max = 5200ms (custom)
2020-12-11 14:19:14,631 [pool-257-thread-1] INFO  server.RaftServerConfigKeys (ConfUtils.java:logGet(44)) - raft.server.rpc.slowness.timeout = 300s (custom)
2020-12-11 14:19:14,631 [pool-257-thread-1] INFO  server.RaftServerConfigKeys (ConfUtils.java:logGet(44)) - raft.server.leaderelection.leader.step-down.wait-time = 10s (default)
2020-12-11 14:19:14,631 [pool-257-thread-1] INFO  server.RaftServerConfigKeys (ConfUtils.java:logGet(44)) - raft.server.sleep.deviation.threshold = 300 (default)
2020-12-11 14:19:14,631 [pool-257-thread-1] INFO  server.RaftServerConfigKeys (ConfUtils.java:logGet(44)) - raft.server.log.appender.install.snapshot.enabled = false (custom)
2020-12-11 14:19:14,631 [pool-257-thread-1] INFO  impl.RaftServerImpl (ServerState.java:<init>(104)) - 6177e5e9-2a89-4341-baf8-bbec2955e7c9@group-FD00C5A5A8FC: ConfigurationManager, init=-1: [6177e5e9-2a89-4341-baf8-bbec2955e7c9|rpc:172.17.0.2:41133], old=null, confs=<EMPTY_MAP>
2020-12-11 14:19:14,631 [pool-257-thread-1] INFO  server.RaftServerConfigKeys (ConfUtils.java:logGet(44)) - raft.server.storage.dir = [/github/workspace/mnt/ozone/hadoop-ozone/integration-test/target/test-dir/MiniOzoneClusterImpl-f6ec90cd-9249-41c8-b5e0-41cfbed7d430/datanode-5/data/ratis] (custom)
2020-12-11 14:19:14,632 [pool-257-thread-1] INFO  server.RaftServerConfigKeys (ConfUtils.java:logGet(44)) - raft.server.log.corruption.policy = EXCEPTION (default)
2020-12-11 14:19:14,632 [pool-257-thread-1] INFO  storage.RaftStorageDirectory (RaftStorageDirectory.java:analyzeStorage(261)) - The storage directory /github/workspace/mnt/ozone/hadoop-ozone/integration-test/target/test-dir/MiniOzoneClusterImpl-f6ec90cd-9249-41c8-b5e0-41cfbed7d430/datanode-5/data/ratis/263adf68-9de9-4688-9565-fd00c5a5a8fc does not exist. Creating ...
2020-12-11 14:19:14,633 [pool-257-thread-1] INFO  storage.RaftStorageDirectory (RaftStorageDirectory.java:tryLock(343)) - Lock on /github/workspace/mnt/ozone/hadoop-ozone/integration-test/target/test-dir/MiniOzoneClusterImpl-f6ec90cd-9249-41c8-b5e0-41cfbed7d430/datanode-5/data/ratis/263adf68-9de9-4688-9565-fd00c5a5a8fc/in_use.lock acquired by nodename 2449@cfd2ce0fb241
2020-12-11 14:19:14,634 [pool-257-thread-1] INFO  storage.RaftStorage (RaftStorage.java:format(85)) - Storage directory /github/workspace/mnt/ozone/hadoop-ozone/integration-test/target/test-dir/MiniOzoneClusterImpl-f6ec90cd-9249-41c8-b5e0-41cfbed7d430/datanode-5/data/ratis/263adf68-9de9-4688-9565-fd00c5a5a8fc has been successfully formatted.
2020-12-11 14:19:14,635 [pool-257-thread-1] INFO  ratis.ContainerStateMachine (ContainerStateMachine.java:loadSnapshot(225)) - group-FD00C5A5A8FC: The snapshot info is null. Setting the last applied indexto:(t:0, i:~)
2020-12-11 14:19:14,635 [pool-257-thread-1] INFO  server.RaftServerConfigKeys (ConfUtils.java:logGet(44)) - raft.server.notification.no-leader.timeout = 300s (custom)
2020-12-11 14:19:14,635 [pool-257-thread-1] INFO  server.RaftServerConfigKeys (ConfUtils.java:logGet(44)) - raft.server.log.use.memory = false (default)
2020-12-11 14:19:14,635 [pool-257-thread-1] INFO  server.RaftServerConfigKeys (ConfUtils.java:logGet(44)) - raft.server.log.purge.gap = 1000000 (custom)
2020-12-11 14:19:14,635 [pool-257-thread-1] INFO  metrics.RatisMetrics (RatisMetrics.java:lambda$create$0(36)) - Creating Metrics Registry : ratis.log_worker.6177e5e9-2a89-4341-baf8-bbec2955e7c9@group-FD00C5A5A8FC
2020-12-11 14:19:14,635 [pool-257-thread-1] INFO  server.RaftServerConfigKeys (ConfUtils.java:logGet(44)) - raft.server.log.appender.buffer.byte-limit = 33554432 (custom)
2020-12-11 14:19:14,635 [pool-257-thread-1] INFO  server.RaftServerConfigKeys (ConfUtils.java:logGet(44)) - raft.server.log.segment.size.max = 1048576 (custom)
2020-12-11 14:19:14,635 [pool-257-thread-1] INFO  server.RaftServerConfigKeys (ConfUtils.java:logGet(44)) - raft.server.log.segment.cache.num.max = 2 (custom)
2020-12-11 14:19:14,636 [pool-257-thread-1] INFO  segmented.SegmentedRaftLogWorker (SegmentedRaftLogWorker.java:<init>(180)) - new 6177e5e9-2a89-4341-baf8-bbec2955e7c9@group-FD00C5A5A8FC-SegmentedRaftLogWorker for RaftStorage:Storage Directory /github/workspace/mnt/ozone/hadoop-ozone/integration-test/target/test-dir/MiniOzoneClusterImpl-f6ec90cd-9249-41c8-b5e0-41cfbed7d430/datanode-5/data/ratis/263adf68-9de9-4688-9565-fd00c5a5a8fc
2020-12-11 14:19:14,636 [pool-257-thread-1] INFO  server.RaftServerConfigKeys (ConfUtils.java:logGet(44)) - raft.server.log.queue.byte-limit = 2147483647 (custom)
2020-12-11 14:19:14,636 [pool-257-thread-1] INFO  server.RaftServerConfigKeys (ConfUtils.java:logGet(44)) - raft.server.log.queue.element-limit = 1024 (custom)
2020-12-11 14:19:14,636 [pool-257-thread-1] INFO  server.RaftServerConfigKeys (ConfUtils.java:logGet(44)) - raft.server.log.segment.size.max = 1048576 (custom)
2020-12-11 14:19:14,636 [pool-257-thread-1] INFO  server.RaftServerConfigKeys (ConfUtils.java:logGet(44)) - raft.server.log.preallocated.size = 16384 (custom)
2020-12-11 14:19:14,636 [pool-257-thread-1] INFO  server.RaftServerConfigKeys (ConfUtils.java:logGet(44)) - raft.server.log.write.buffer.size = 1048576 (custom)
2020-12-11 14:19:14,636 [EventQueue-PipelineReportForOneReplicaPipelineSafeModeRule] INFO  safemode.SCMSafeModeManager (SCMSafeModeManager.java:validateSafeModeExitRules(214)) - AtleastOneDatanodeReportedRule rule is successfully validated
2020-12-11 14:19:14,636 [pool-257-thread-1] INFO  server.RaftServerConfigKeys (ConfUtils.java:logGet(44)) - raft.server.log.force.sync.num = 128 (default)
2020-12-11 14:19:14,636 [pool-257-thread-1] INFO  server.RaftServerConfigKeys (ConfUtils.java:logGet(44)) - raft.server.log.statemachine.data.sync = true (default)
2020-12-11 14:19:14,636 [pool-257-thread-1] INFO  server.RaftServerConfigKeys (ConfUtils.java:logGet(44)) - raft.server.log.statemachine.data.sync.timeout = 10s (default)
2020-12-11 14:19:14,636 [EventQueue-PipelineReportForPipelineReportHandler] INFO  pipeline.PipelineStateManager (PipelineStateManager.java:openPipeline(132)) - Pipeline Pipeline[ Id: 263adf68-9de9-4688-9565-fd00c5a5a8fc, Nodes: 6177e5e9-2a89-4341-baf8-bbec2955e7c9{ip: 172.17.0.2, host: cfd2ce0fb241, networkLocation: /default-rack, certSerialId: null, persistedOpState: IN_SERVICE, persistedOpStateExpiryEpochSec: 0}, Type:RATIS, Factor:ONE, State:ALLOCATED, leaderId:6177e5e9-2a89-4341-baf8-bbec2955e7c9, CreationTimestamp2020-12-11T14:19:11.632Z] moved to OPEN state
2020-12-11 14:19:14,636 [pool-257-thread-1] INFO  server.RaftServerConfigKeys (ConfUtils.java:logGet(44)) - raft.server.log.statemachine.data.sync.timeout.retry = -1 (default)
2020-12-11 14:19:14,636 [EventQueue-OpenPipelineForHealthyPipelineSafeModeRule] INFO  safemode.SCMSafeModeManager (HealthyPipelineSafeModeRule.java:process(128)) - SCM in safe mode. Healthy pipelines reported count is 0, required healthy pipeline reported count is 1
2020-12-11 14:19:14,646 [pool-257-thread-1] INFO  server.RaftServerConfigKeys (ConfUtils.java:logGet(44)) - raft.server.log.statemachine.data.caching.enabled = true (custom)
2020-12-11 14:19:14,646 [pool-257-thread-1] INFO  segmented.SegmentedRaftLogWorker (SegmentedRaftLogWorker.java:lambda$new$0(129)) - 6177e5e9-2a89-4341-baf8-bbec2955e7c9@group-FD00C5A5A8FC-SegmentedRaftLogWorker: flushIndex: setUnconditionally 0 -> -1
2020-12-11 14:19:14,646 [pool-257-thread-1] INFO  segmented.SegmentedRaftLogWorker (SegmentedRaftLogWorker.java:lambda$new$0(129)) - 6177e5e9-2a89-4341-baf8-bbec2955e7c9@group-FD00C5A5A8FC-SegmentedRaftLogWorker: safeCacheEvictIndex: setUnconditionally 0 -> -1
2020-12-11 14:19:14,653 [pool-257-thread-1] INFO  server.RaftServerConfigKeys (ConfUtils.java:logGet(44)) - raft.server.snapshot.auto.trigger.enabled = true (custom)
2020-12-11 14:19:14,653 [pool-257-thread-1] INFO  server.RaftServerConfigKeys (ConfUtils.java:logGet(44)) - raft.server.snapshot.auto.trigger.threshold = 10000 (custom)
2020-12-11 14:19:14,653 [pool-257-thread-1] INFO  server.RaftServerConfigKeys (ConfUtils.java:logGet(44)) - raft.server.snapshot.retention.file.num = 5 (custom)
2020-12-11 14:19:14,653 [pool-257-thread-1] INFO  server.RaftServerConfigKeys (ConfUtils.java:logGet(44)) - raft.server.log.purge.upto.snapshot.index = false (default)
2020-12-11 14:19:14,653 [pool-257-thread-1] INFO  server.RaftServerConfigKeys (ConfUtils.java:logGet(44)) - raft.server.retrycache.expirytime = 600000ms (custom)
2020-12-11 14:19:14,653 [pool-257-thread-1] INFO  metrics.RatisMetrics (RatisMetrics.java:lambda$create$0(36)) - Creating Metrics Registry : ratis.leader_election.6177e5e9-2a89-4341-baf8-bbec2955e7c9@group-FD00C5A5A8FC
2020-12-11 14:19:14,654 [pool-257-thread-1] INFO  metrics.RatisMetrics (RatisMetrics.java:lambda$create$0(36)) - Creating Metrics Registry : ratis.server.6177e5e9-2a89-4341-baf8-bbec2955e7c9@group-FD00C5A5A8FC
2020-12-11 14:19:14,654 [pool-257-thread-1] INFO  impl.RaftServerImpl (RaftServerImpl.java:start(215)) - 6177e5e9-2a89-4341-baf8-bbec2955e7c9@group-FD00C5A5A8FC: start as a follower, conf=-1: [6177e5e9-2a89-4341-baf8-bbec2955e7c9|rpc:172.17.0.2:41133], old=null
2020-12-11 14:19:14,655 [pool-257-thread-1] INFO  impl.RaftServerImpl (RaftServerImpl.java:setRole(204)) - 6177e5e9-2a89-4341-baf8-bbec2955e7c9@group-FD00C5A5A8FC: changes role from      null to FOLLOWER at term 0 for startAsFollower
2020-12-11 14:19:14,655 [pool-257-thread-1] INFO  impl.RoleInfo (RoleInfo.java:updateAndGet(143)) - 6177e5e9-2a89-4341-baf8-bbec2955e7c9: start 6177e5e9-2a89-4341-baf8-bbec2955e7c9@group-FD00C5A5A8FC-FollowerState
2020-12-11 14:19:14,655 [pool-257-thread-1] INFO  util.JmxRegister (JmxRegister.java:tryRegister(44)) - Successfully registered JMX Bean with object name Ratis:service=RaftServer,group=group-FD00C5A5A8FC,id=6177e5e9-2a89-4341-baf8-bbec2955e7c9
2020-12-11 14:19:14,655 [pool-257-thread-1] INFO  metrics.RatisMetrics (RatisMetrics.java:lambda$create$0(36)) - Creating Metrics Registry : ratis.state_machine.6177e5e9-2a89-4341-baf8-bbec2955e7c9@group-FD00C5A5A8FC
2020-12-11 14:19:14,656 [Command processor thread] INFO  commandhandler.CreatePipelineCommandHandler (CreatePipelineCommandHandler.java:handle(106)) - Created Pipeline RATIS ONE PipelineID=263adf68-9de9-4688-9565-fd00c5a5a8fc.
2020-12-11 14:19:14,790 [Listener at 127.0.0.1/43915] INFO  ozone.MiniOzoneClusterImpl (MiniOzoneClusterImpl.java:lambda$waitForClusterToBeReady$0(178)) - Nodes are ready. Got 7 of 7 DN Heartbeats.
2020-12-11 14:19:14,790 [Listener at 127.0.0.1/43915] INFO  ozone.MiniOzoneClusterImpl (MiniOzoneClusterImpl.java:lambda$waitForClusterToBeReady$0(181)) - Waiting for cluster to exit safe mode
2020-12-11 14:19:14,796 [Command processor thread] INFO  impl.RaftServerProxy (RaftServerProxy.java:addNew(93)) - b64ecab1-a9a6-4a36-bfad-80c590b1cb6b: addNew group-78DEF98344CE:[b64ecab1-a9a6-4a36-bfad-80c590b1cb6b|rpc:172.17.0.2:46429] returns group-78DEF98344CE:java.util.concurrent.CompletableFuture@fada523[Not completed]
2020-12-11 14:19:14,798 [pool-273-thread-1] INFO  impl.RaftServerImpl (RaftServerImpl.java:<init>(121)) - b64ecab1-a9a6-4a36-bfad-80c590b1cb6b: new RaftServerImpl for group-78DEF98344CE:[b64ecab1-a9a6-4a36-bfad-80c590b1cb6b|rpc:172.17.0.2:46429] with ContainerStateMachine:uninitialized
2020-12-11 14:19:14,798 [pool-273-thread-1] INFO  server.RaftServerConfigKeys (ConfUtils.java:logGet(44)) - raft.server.rpc.timeout.min = 5s (custom)
2020-12-11 14:19:14,798 [pool-273-thread-1] INFO  server.RaftServerConfigKeys (ConfUtils.java:logGet(44)) - raft.server.rpc.timeout.max = 5200ms (custom)
2020-12-11 14:19:14,798 [pool-273-thread-1] INFO  server.RaftServerConfigKeys (ConfUtils.java:logGet(44)) - raft.server.rpc.slowness.timeout = 300s (custom)
2020-12-11 14:19:14,798 [pool-273-thread-1] INFO  server.RaftServerConfigKeys (ConfUtils.java:logGet(44)) - raft.server.leaderelection.leader.step-down.wait-time = 10s (default)
2020-12-11 14:19:14,798 [pool-273-thread-1] INFO  server.RaftServerConfigKeys (ConfUtils.java:logGet(44)) - raft.server.sleep.deviation.threshold = 300 (default)
2020-12-11 14:19:14,798 [pool-273-thread-1] INFO  server.RaftServerConfigKeys (ConfUtils.java:logGet(44)) - raft.server.log.appender.install.snapshot.enabled = false (custom)
2020-12-11 14:19:14,798 [pool-273-thread-1] INFO  impl.RaftServerImpl (ServerState.java:<init>(104)) - b64ecab1-a9a6-4a36-bfad-80c590b1cb6b@group-78DEF98344CE: ConfigurationManager, init=-1: [b64ecab1-a9a6-4a36-bfad-80c590b1cb6b|rpc:172.17.0.2:46429], old=null, confs=<EMPTY_MAP>
2020-12-11 14:19:14,798 [pool-273-thread-1] INFO  server.RaftServerConfigKeys (ConfUtils.java:logGet(44)) - raft.server.storage.dir = [/github/workspace/mnt/ozone/hadoop-ozone/integration-test/target/test-dir/MiniOzoneClusterImpl-f6ec90cd-9249-41c8-b5e0-41cfbed7d430/datanode-6/data/ratis] (custom)
2020-12-11 14:19:14,798 [pool-273-thread-1] INFO  server.RaftServerConfigKeys (ConfUtils.java:logGet(44)) - raft.server.log.corruption.policy = EXCEPTION (default)
2020-12-11 14:19:14,799 [pool-273-thread-1] INFO  storage.RaftStorageDirectory (RaftStorageDirectory.java:analyzeStorage(261)) - The storage directory /github/workspace/mnt/ozone/hadoop-ozone/integration-test/target/test-dir/MiniOzoneClusterImpl-f6ec90cd-9249-41c8-b5e0-41cfbed7d430/datanode-6/data/ratis/bcc70431-3b9a-4a35-9421-78def98344ce does not exist. Creating ...
2020-12-11 14:19:14,800 [pool-273-thread-1] INFO  storage.RaftStorageDirectory (RaftStorageDirectory.java:tryLock(343)) - Lock on /github/workspace/mnt/ozone/hadoop-ozone/integration-test/target/test-dir/MiniOzoneClusterImpl-f6ec90cd-9249-41c8-b5e0-41cfbed7d430/datanode-6/data/ratis/bcc70431-3b9a-4a35-9421-78def98344ce/in_use.lock acquired by nodename 2449@cfd2ce0fb241
2020-12-11 14:19:14,802 [pool-273-thread-1] INFO  storage.RaftStorage (RaftStorage.java:format(85)) - Storage directory /github/workspace/mnt/ozone/hadoop-ozone/integration-test/target/test-dir/MiniOzoneClusterImpl-f6ec90cd-9249-41c8-b5e0-41cfbed7d430/datanode-6/data/ratis/bcc70431-3b9a-4a35-9421-78def98344ce has been successfully formatted.
2020-12-11 14:19:14,803 [pool-273-thread-1] INFO  ratis.ContainerStateMachine (ContainerStateMachine.java:loadSnapshot(225)) - group-78DEF98344CE: The snapshot info is null. Setting the last applied indexto:(t:0, i:~)
2020-12-11 14:19:14,803 [pool-273-thread-1] INFO  server.RaftServerConfigKeys (ConfUtils.java:logGet(44)) - raft.server.notification.no-leader.timeout = 300s (custom)
2020-12-11 14:19:14,803 [pool-273-thread-1] INFO  server.RaftServerConfigKeys (ConfUtils.java:logGet(44)) - raft.server.log.use.memory = false (default)
2020-12-11 14:19:14,803 [pool-273-thread-1] INFO  server.RaftServerConfigKeys (ConfUtils.java:logGet(44)) - raft.server.log.purge.gap = 1000000 (custom)
2020-12-11 14:19:14,803 [pool-273-thread-1] INFO  metrics.RatisMetrics (RatisMetrics.java:lambda$create$0(36)) - Creating Metrics Registry : ratis.log_worker.b64ecab1-a9a6-4a36-bfad-80c590b1cb6b@group-78DEF98344CE
2020-12-11 14:19:14,803 [pool-273-thread-1] INFO  server.RaftServerConfigKeys (ConfUtils.java:logGet(44)) - raft.server.log.appender.buffer.byte-limit = 33554432 (custom)
2020-12-11 14:19:14,804 [pool-273-thread-1] INFO  server.RaftServerConfigKeys (ConfUtils.java:logGet(44)) - raft.server.log.segment.size.max = 1048576 (custom)
2020-12-11 14:19:14,804 [EventQueue-PipelineReportForOneReplicaPipelineSafeModeRule] INFO  safemode.SCMSafeModeManager (SCMSafeModeManager.java:validateSafeModeExitRules(214)) - AtleastOneDatanodeReportedRule rule is successfully validated
2020-12-11 14:19:14,804 [EventQueue-PipelineReportForPipelineReportHandler] INFO  pipeline.PipelineStateManager (PipelineStateManager.java:openPipeline(132)) - Pipeline Pipeline[ Id: bcc70431-3b9a-4a35-9421-78def98344ce, Nodes: b64ecab1-a9a6-4a36-bfad-80c590b1cb6b{ip: 172.17.0.2, host: cfd2ce0fb241, networkLocation: /default-rack, certSerialId: null, persistedOpState: IN_SERVICE, persistedOpStateExpiryEpochSec: 0}, Type:RATIS, Factor:ONE, State:ALLOCATED, leaderId:b64ecab1-a9a6-4a36-bfad-80c590b1cb6b, CreationTimestamp2020-12-11T14:19:11.796Z] moved to OPEN state
2020-12-11 14:19:14,804 [pool-273-thread-1] INFO  server.RaftServerConfigKeys (ConfUtils.java:logGet(44)) - raft.server.log.segment.cache.num.max = 2 (custom)
2020-12-11 14:19:14,804 [pool-273-thread-1] INFO  segmented.SegmentedRaftLogWorker (SegmentedRaftLogWorker.java:<init>(180)) - new b64ecab1-a9a6-4a36-bfad-80c590b1cb6b@group-78DEF98344CE-SegmentedRaftLogWorker for RaftStorage:Storage Directory /github/workspace/mnt/ozone/hadoop-ozone/integration-test/target/test-dir/MiniOzoneClusterImpl-f6ec90cd-9249-41c8-b5e0-41cfbed7d430/datanode-6/data/ratis/bcc70431-3b9a-4a35-9421-78def98344ce
2020-12-11 14:19:14,804 [pool-273-thread-1] INFO  server.RaftServerConfigKeys (ConfUtils.java:logGet(44)) - raft.server.log.queue.byte-limit = 2147483647 (custom)
2020-12-11 14:19:14,804 [EventQueue-OpenPipelineForHealthyPipelineSafeModeRule] INFO  safemode.SCMSafeModeManager (HealthyPipelineSafeModeRule.java:process(128)) - SCM in safe mode. Healthy pipelines reported count is 0, required healthy pipeline reported count is 1
2020-12-11 14:19:14,804 [pool-273-thread-1] INFO  server.RaftServerConfigKeys (ConfUtils.java:logGet(44)) - raft.server.log.queue.element-limit = 1024 (custom)
2020-12-11 14:19:14,805 [pool-273-thread-1] INFO  server.RaftServerConfigKeys (ConfUtils.java:logGet(44)) - raft.server.log.segment.size.max = 1048576 (custom)
2020-12-11 14:19:14,805 [pool-273-thread-1] INFO  server.RaftServerConfigKeys (ConfUtils.java:logGet(44)) - raft.server.log.preallocated.size = 16384 (custom)
2020-12-11 14:19:14,805 [pool-273-thread-1] INFO  server.RaftServerConfigKeys (ConfUtils.java:logGet(44)) - raft.server.log.write.buffer.size = 1048576 (custom)
2020-12-11 14:19:14,805 [pool-273-thread-1] INFO  server.RaftServerConfigKeys (ConfUtils.java:logGet(44)) - raft.server.log.force.sync.num = 128 (default)
2020-12-11 14:19:14,806 [pool-273-thread-1] INFO  server.RaftServerConfigKeys (ConfUtils.java:logGet(44)) - raft.server.log.statemachine.data.sync = true (default)
2020-12-11 14:19:14,806 [pool-273-thread-1] INFO  server.RaftServerConfigKeys (ConfUtils.java:logGet(44)) - raft.server.log.statemachine.data.sync.timeout = 10s (default)
2020-12-11 14:19:14,806 [pool-273-thread-1] INFO  server.RaftServerConfigKeys (ConfUtils.java:logGet(44)) - raft.server.log.statemachine.data.sync.timeout.retry = -1 (default)
2020-12-11 14:19:14,808 [pool-273-thread-1] INFO  server.RaftServerConfigKeys (ConfUtils.java:logGet(44)) - raft.server.log.statemachine.data.caching.enabled = true (custom)
2020-12-11 14:19:14,808 [pool-273-thread-1] INFO  segmented.SegmentedRaftLogWorker (SegmentedRaftLogWorker.java:lambda$new$0(129)) - b64ecab1-a9a6-4a36-bfad-80c590b1cb6b@group-78DEF98344CE-SegmentedRaftLogWorker: flushIndex: setUnconditionally 0 -> -1
2020-12-11 14:19:14,808 [pool-273-thread-1] INFO  segmented.SegmentedRaftLogWorker (SegmentedRaftLogWorker.java:lambda$new$0(129)) - b64ecab1-a9a6-4a36-bfad-80c590b1cb6b@group-78DEF98344CE-SegmentedRaftLogWorker: safeCacheEvictIndex: setUnconditionally 0 -> -1
2020-12-11 14:19:14,809 [pool-273-thread-1] INFO  server.RaftServerConfigKeys (ConfUtils.java:logGet(44)) - raft.server.snapshot.auto.trigger.enabled = true (custom)
2020-12-11 14:19:14,809 [pool-273-thread-1] INFO  server.RaftServerConfigKeys (ConfUtils.java:logGet(44)) - raft.server.snapshot.auto.trigger.threshold = 10000 (custom)
2020-12-11 14:19:14,809 [pool-273-thread-1] INFO  server.RaftServerConfigKeys (ConfUtils.java:logGet(44)) - raft.server.snapshot.retention.file.num = 5 (custom)
2020-12-11 14:19:14,809 [pool-273-thread-1] INFO  server.RaftServerConfigKeys (ConfUtils.java:logGet(44)) - raft.server.log.purge.upto.snapshot.index = false (default)
2020-12-11 14:19:14,809 [pool-273-thread-1] INFO  server.RaftServerConfigKeys (ConfUtils.java:logGet(44)) - raft.server.retrycache.expirytime = 600000ms (custom)
2020-12-11 14:19:14,809 [pool-273-thread-1] INFO  metrics.RatisMetrics (RatisMetrics.java:lambda$create$0(36)) - Creating Metrics Registry : ratis.leader_election.b64ecab1-a9a6-4a36-bfad-80c590b1cb6b@group-78DEF98344CE
2020-12-11 14:19:14,809 [pool-273-thread-1] INFO  metrics.RatisMetrics (RatisMetrics.java:lambda$create$0(36)) - Creating Metrics Registry : ratis.server.b64ecab1-a9a6-4a36-bfad-80c590b1cb6b@group-78DEF98344CE
2020-12-11 14:19:14,810 [pool-273-thread-1] INFO  impl.RaftServerImpl (RaftServerImpl.java:start(215)) - b64ecab1-a9a6-4a36-bfad-80c590b1cb6b@group-78DEF98344CE: start as a follower, conf=-1: [b64ecab1-a9a6-4a36-bfad-80c590b1cb6b|rpc:172.17.0.2:46429], old=null
2020-12-11 14:19:14,810 [pool-273-thread-1] INFO  impl.RaftServerImpl (RaftServerImpl.java:setRole(204)) - b64ecab1-a9a6-4a36-bfad-80c590b1cb6b@group-78DEF98344CE: changes role from      null to FOLLOWER at term 0 for startAsFollower
2020-12-11 14:19:14,810 [pool-273-thread-1] INFO  impl.RoleInfo (RoleInfo.java:updateAndGet(143)) - b64ecab1-a9a6-4a36-bfad-80c590b1cb6b: start b64ecab1-a9a6-4a36-bfad-80c590b1cb6b@group-78DEF98344CE-FollowerState
2020-12-11 14:19:14,810 [pool-273-thread-1] INFO  util.JmxRegister (JmxRegister.java:tryRegister(44)) - Successfully registered JMX Bean with object name Ratis:service=RaftServer,group=group-78DEF98344CE,id=b64ecab1-a9a6-4a36-bfad-80c590b1cb6b
2020-12-11 14:19:14,810 [pool-273-thread-1] INFO  metrics.RatisMetrics (RatisMetrics.java:lambda$create$0(36)) - Creating Metrics Registry : ratis.state_machine.b64ecab1-a9a6-4a36-bfad-80c590b1cb6b@group-78DEF98344CE
2020-12-11 14:19:14,811 [Command processor thread] INFO  commandhandler.CreatePipelineCommandHandler (CreatePipelineCommandHandler.java:handle(106)) - Created Pipeline RATIS ONE PipelineID=bcc70431-3b9a-4a35-9421-78def98344ce.
2020-12-11 14:19:15,791 [Listener at 127.0.0.1/43915] INFO  ozone.MiniOzoneClusterImpl (MiniOzoneClusterImpl.java:lambda$waitForClusterToBeReady$0(178)) - Nodes are ready. Got 7 of 7 DN Heartbeats.
2020-12-11 14:19:15,791 [Listener at 127.0.0.1/43915] INFO  ozone.MiniOzoneClusterImpl (MiniOzoneClusterImpl.java:lambda$waitForClusterToBeReady$0(181)) - Waiting for cluster to exit safe mode
2020-12-11 14:19:16,791 [Listener at 127.0.0.1/43915] INFO  ozone.MiniOzoneClusterImpl (MiniOzoneClusterImpl.java:lambda$waitForClusterToBeReady$0(178)) - Nodes are ready. Got 7 of 7 DN Heartbeats.
2020-12-11 14:19:16,791 [Listener at 127.0.0.1/43915] INFO  ozone.MiniOzoneClusterImpl (MiniOzoneClusterImpl.java:lambda$waitForClusterToBeReady$0(181)) - Waiting for cluster to exit safe mode
2020-12-11 14:19:17,792 [Listener at 127.0.0.1/43915] INFO  ozone.MiniOzoneClusterImpl (MiniOzoneClusterImpl.java:lambda$waitForClusterToBeReady$0(178)) - Nodes are ready. Got 7 of 7 DN Heartbeats.
2020-12-11 14:19:17,792 [Listener at 127.0.0.1/43915] INFO  ozone.MiniOzoneClusterImpl (MiniOzoneClusterImpl.java:lambda$waitForClusterToBeReady$0(181)) - Waiting for cluster to exit safe mode
2020-12-11 14:19:18,792 [Listener at 127.0.0.1/43915] INFO  ozone.MiniOzoneClusterImpl (MiniOzoneClusterImpl.java:lambda$waitForClusterToBeReady$0(178)) - Nodes are ready. Got 7 of 7 DN Heartbeats.
2020-12-11 14:19:18,792 [Listener at 127.0.0.1/43915] INFO  ozone.MiniOzoneClusterImpl (MiniOzoneClusterImpl.java:lambda$waitForClusterToBeReady$0(181)) - Waiting for cluster to exit safe mode
2020-12-11 14:19:18,820 [Thread-600] INFO  impl.FollowerState (FollowerState.java:run(128)) - 0a86f2cf-b4a5-462d-ae84-45f64b212dc7@group-76EF7642F325-FollowerState: change to CANDIDATE, lastRpcTime:5005ms, electionTimeout:5001ms
2020-12-11 14:19:18,820 [Thread-600] INFO  impl.RoleInfo (RoleInfo.java:shutdownFollowerState(121)) - 0a86f2cf-b4a5-462d-ae84-45f64b212dc7: shutdown 0a86f2cf-b4a5-462d-ae84-45f64b212dc7@group-76EF7642F325-FollowerState
2020-12-11 14:19:18,820 [Thread-600] INFO  impl.RaftServerImpl (RaftServerImpl.java:setRole(204)) - 0a86f2cf-b4a5-462d-ae84-45f64b212dc7@group-76EF7642F325: changes role from  FOLLOWER to CANDIDATE at term 0 for changeToCandidate
2020-12-11 14:19:18,821 [Thread-600] INFO  impl.RoleInfo (RoleInfo.java:updateAndGet(143)) - 0a86f2cf-b4a5-462d-ae84-45f64b212dc7: start 0a86f2cf-b4a5-462d-ae84-45f64b212dc7@group-76EF7642F325-LeaderElection12
2020-12-11 14:19:18,826 [0a86f2cf-b4a5-462d-ae84-45f64b212dc7@group-76EF7642F325-LeaderElection12] INFO  impl.LeaderElection (LeaderElection.java:askForVotes(215)) - 0a86f2cf-b4a5-462d-ae84-45f64b212dc7@group-76EF7642F325-LeaderElection12: begin an election at term 1 for -1: [0a86f2cf-b4a5-462d-ae84-45f64b212dc7|rpc:172.17.0.2:36529], old=null
2020-12-11 14:19:18,826 [0a86f2cf-b4a5-462d-ae84-45f64b212dc7@group-76EF7642F325-LeaderElection12] INFO  impl.RoleInfo (RoleInfo.java:shutdownLeaderElection(134)) - 0a86f2cf-b4a5-462d-ae84-45f64b212dc7: shutdown 0a86f2cf-b4a5-462d-ae84-45f64b212dc7@group-76EF7642F325-LeaderElection12
2020-12-11 14:19:18,826 [0a86f2cf-b4a5-462d-ae84-45f64b212dc7@group-76EF7642F325-LeaderElection12] INFO  impl.RaftServerImpl (RaftServerImpl.java:setRole(204)) - 0a86f2cf-b4a5-462d-ae84-45f64b212dc7@group-76EF7642F325: changes role from CANDIDATE to LEADER at term 1 for changeToLeader
2020-12-11 14:19:18,827 [0a86f2cf-b4a5-462d-ae84-45f64b212dc7@group-76EF7642F325-LeaderElection12] INFO  ratis.XceiverServerRatis (XceiverServerRatis.java:handleLeaderChangedNotification(854)) - Leader change notification received for group: group-76EF7642F325 with new leaderId: 0a86f2cf-b4a5-462d-ae84-45f64b212dc7
2020-12-11 14:19:18,827 [0a86f2cf-b4a5-462d-ae84-45f64b212dc7@group-76EF7642F325-LeaderElection12] INFO  impl.RaftServerImpl (ServerState.java:setLeader(256)) - 0a86f2cf-b4a5-462d-ae84-45f64b212dc7@group-76EF7642F325: change Leader from null to 0a86f2cf-b4a5-462d-ae84-45f64b212dc7 at term 1 for becomeLeader, leader elected after 5025ms
2020-12-11 14:19:18,827 [0a86f2cf-b4a5-462d-ae84-45f64b212dc7@group-76EF7642F325-LeaderElection12] INFO  server.RaftServerConfigKeys (ConfUtils.java:logGet(44)) - raft.server.staging.catchup.gap = 1000 (default)
2020-12-11 14:19:18,827 [0a86f2cf-b4a5-462d-ae84-45f64b212dc7@group-76EF7642F325-LeaderElection12] INFO  server.RaftServerConfigKeys (ConfUtils.java:logGet(44)) - raft.server.rpc.sleep.time = 25ms (default)
2020-12-11 14:19:18,827 [0a86f2cf-b4a5-462d-ae84-45f64b212dc7@group-76EF7642F325-LeaderElection12] INFO  metrics.RatisMetrics (RatisMetrics.java:lambda$create$0(36)) - Creating Metrics Registry : ratis.log_appender.0a86f2cf-b4a5-462d-ae84-45f64b212dc7@group-76EF7642F325
2020-12-11 14:19:18,827 [0a86f2cf-b4a5-462d-ae84-45f64b212dc7@group-76EF7642F325-LeaderElection12] INFO  server.RaftServerConfigKeys (ConfUtils.java:logGet(44)) - raft.server.write.element-limit = 1024 (custom)
2020-12-11 14:19:18,827 [0a86f2cf-b4a5-462d-ae84-45f64b212dc7@group-76EF7642F325-LeaderElection12] INFO  server.RaftServerConfigKeys (ConfUtils.java:logGet(44)) - raft.server.write.byte-limit = 1073741824 (custom)
2020-12-11 14:19:18,828 [EventQueue-OpenPipelineForHealthyPipelineSafeModeRule] INFO  safemode.SCMSafeModeManager (HealthyPipelineSafeModeRule.java:process(128)) - SCM in safe mode. Healthy pipelines reported count is 0, required healthy pipeline reported count is 1
2020-12-11 14:19:18,828 [EventQueue-PipelineReportForOneReplicaPipelineSafeModeRule] INFO  safemode.SCMSafeModeManager (SCMSafeModeManager.java:validateSafeModeExitRules(214)) - AtleastOneDatanodeReportedRule rule is successfully validated
2020-12-11 14:19:18,828 [0a86f2cf-b4a5-462d-ae84-45f64b212dc7@group-76EF7642F325-LeaderElection12] INFO  server.RaftServerConfigKeys (ConfUtils.java:logGet(44)) - raft.server.watch.timeout = 180s (custom)
2020-12-11 14:19:18,828 [0a86f2cf-b4a5-462d-ae84-45f64b212dc7@group-76EF7642F325-LeaderElection12] INFO  server.RaftServerConfigKeys (ConfUtils.java:logGet(44)) - raft.server.watch.timeout.denomination = 1s (default)
2020-12-11 14:19:18,828 [0a86f2cf-b4a5-462d-ae84-45f64b212dc7@group-76EF7642F325-LeaderElection12] INFO  server.RaftServerConfigKeys (ConfUtils.java:logGet(44)) - raft.server.watch.element-limit = 65536 (default)
2020-12-11 14:19:18,828 [0a86f2cf-b4a5-462d-ae84-45f64b212dc7@group-76EF7642F325-LeaderElection12] INFO  impl.RoleInfo (RoleInfo.java:updateAndGet(143)) - 0a86f2cf-b4a5-462d-ae84-45f64b212dc7: start 0a86f2cf-b4a5-462d-ae84-45f64b212dc7@group-76EF7642F325-LeaderState
2020-12-11 14:19:18,828 [0a86f2cf-b4a5-462d-ae84-45f64b212dc7@group-76EF7642F325-LeaderElection12] INFO  segmented.SegmentedRaftLogWorker (SegmentedRaftLogWorker.java:startLogSegment(398)) - 0a86f2cf-b4a5-462d-ae84-45f64b212dc7@group-76EF7642F325-SegmentedRaftLogWorker: Starting segment from index:0
2020-12-11 14:19:18,829 [0a86f2cf-b4a5-462d-ae84-45f64b212dc7@group-76EF7642F325-LeaderElection12] INFO  impl.RaftServerImpl (ServerState.java:setRaftConf(374)) - 0a86f2cf-b4a5-462d-ae84-45f64b212dc7@group-76EF7642F325: set configuration 0: [0a86f2cf-b4a5-462d-ae84-45f64b212dc7|rpc:172.17.0.2:36529|dataStream:], old=null at 0
2020-12-11 14:19:18,830 [0a86f2cf-b4a5-462d-ae84-45f64b212dc7@group-76EF7642F325-SegmentedRaftLogWorker] INFO  segmented.SegmentedRaftLogWorker (SegmentedRaftLogWorker.java:execute(597)) - 0a86f2cf-b4a5-462d-ae84-45f64b212dc7@group-76EF7642F325-SegmentedRaftLogWorker: created new log segment /github/workspace/mnt/ozone/hadoop-ozone/integration-test/target/test-dir/MiniOzoneClusterImpl-f6ec90cd-9249-41c8-b5e0-41cfbed7d430/datanode-0/data/ratis/96b6b0f1-8248-420d-b4f9-76ef7642f325/current/log_inprogress_0
2020-12-11 14:19:18,915 [Thread-602] INFO  impl.FollowerState (FollowerState.java:run(128)) - 0a86f2cf-b4a5-462d-ae84-45f64b212dc7@group-84B6E63B3474-FollowerState: change to CANDIDATE, lastRpcTime:5085ms, electionTimeout:5084ms
2020-12-11 14:19:18,916 [Thread-602] INFO  impl.RoleInfo (RoleInfo.java:shutdownFollowerState(121)) - 0a86f2cf-b4a5-462d-ae84-45f64b212dc7: shutdown 0a86f2cf-b4a5-462d-ae84-45f64b212dc7@group-84B6E63B3474-FollowerState
2020-12-11 14:19:18,916 [Thread-602] INFO  impl.RaftServerImpl (RaftServerImpl.java:setRole(204)) - 0a86f2cf-b4a5-462d-ae84-45f64b212dc7@group-84B6E63B3474: changes role from  FOLLOWER to CANDIDATE at term 0 for changeToCandidate
2020-12-11 14:19:18,916 [Thread-602] INFO  impl.RoleInfo (RoleInfo.java:updateAndGet(143)) - 0a86f2cf-b4a5-462d-ae84-45f64b212dc7: start 0a86f2cf-b4a5-462d-ae84-45f64b212dc7@group-84B6E63B3474-LeaderElection13
2020-12-11 14:19:18,920 [0a86f2cf-b4a5-462d-ae84-45f64b212dc7@group-84B6E63B3474-LeaderElection13] INFO  impl.LeaderElection (LeaderElection.java:askForVotes(215)) - 0a86f2cf-b4a5-462d-ae84-45f64b212dc7@group-84B6E63B3474-LeaderElection13: begin an election at term 1 for -1: [0a86f2cf-b4a5-462d-ae84-45f64b212dc7|rpc:172.17.0.2:36529, 1e19d63f-6462-4e22-a106-6f9be0aefcff|rpc:172.17.0.2:42641, ee36c03c-d65c-4f9e-bb47-23af7307440e|rpc:172.17.0.2:44287], old=null
2020-12-11 14:19:18,931 [Thread-604] INFO  impl.FollowerState (FollowerState.java:run(128)) - ee36c03c-d65c-4f9e-bb47-23af7307440e@group-84B6E63B3474-FollowerState: change to CANDIDATE, lastRpcTime:5065ms, electionTimeout:5064ms
2020-12-11 14:19:18,931 [Thread-604] INFO  impl.RoleInfo (RoleInfo.java:shutdownFollowerState(121)) - ee36c03c-d65c-4f9e-bb47-23af7307440e: shutdown ee36c03c-d65c-4f9e-bb47-23af7307440e@group-84B6E63B3474-FollowerState
2020-12-11 14:19:18,931 [Thread-604] INFO  impl.RaftServerImpl (RaftServerImpl.java:setRole(204)) - ee36c03c-d65c-4f9e-bb47-23af7307440e@group-84B6E63B3474: changes role from  FOLLOWER to CANDIDATE at term 0 for changeToCandidate
2020-12-11 14:19:18,931 [Thread-604] INFO  impl.RoleInfo (RoleInfo.java:updateAndGet(143)) - ee36c03c-d65c-4f9e-bb47-23af7307440e: start ee36c03c-d65c-4f9e-bb47-23af7307440e@group-84B6E63B3474-LeaderElection14
2020-12-11 14:19:18,939 [grpc-default-executor-0] INFO  impl.RaftServerImpl (RaftServerImpl.java:setRole(204)) - 1e19d63f-6462-4e22-a106-6f9be0aefcff@group-84B6E63B3474: changes role from  FOLLOWER to FOLLOWER at term 1 for recognizeCandidate:0a86f2cf-b4a5-462d-ae84-45f64b212dc7
2020-12-11 14:19:18,939 [grpc-default-executor-0] INFO  impl.RoleInfo (RoleInfo.java:shutdownFollowerState(121)) - 1e19d63f-6462-4e22-a106-6f9be0aefcff: shutdown 1e19d63f-6462-4e22-a106-6f9be0aefcff@group-84B6E63B3474-FollowerState
2020-12-11 14:19:18,939 [grpc-default-executor-0] INFO  impl.RoleInfo (RoleInfo.java:updateAndGet(143)) - 1e19d63f-6462-4e22-a106-6f9be0aefcff: start 1e19d63f-6462-4e22-a106-6f9be0aefcff@group-84B6E63B3474-FollowerState
2020-12-11 14:19:18,939 [Thread-607] INFO  impl.FollowerState (FollowerState.java:run(137)) - 1e19d63f-6462-4e22-a106-6f9be0aefcff@group-84B6E63B3474-FollowerState was interrupted: {}
java.lang.InterruptedException: sleep interrupted
	at java.lang.Thread.sleep(Native Method)
	at org.apache.ratis.util.JavaUtils.sleep(JavaUtils.java:250)
	at org.apache.ratis.server.impl.FollowerState.run(FollowerState.java:116)
2020-12-11 14:19:18,946 [grpc-default-executor-0] INFO  impl.RaftServerImpl (RaftServerImpl.java:requestVote(963)) -  FOLLOWER 1e19d63f-6462-4e22-a106-6f9be0aefcff@group-84B6E63B3474:t1, leader=null, voted=null, raftlog=1e19d63f-6462-4e22-a106-6f9be0aefcff@group-84B6E63B3474-SegmentedRaftLog:OPENED:c-1,f-1,i0, conf=-1: [0a86f2cf-b4a5-462d-ae84-45f64b212dc7|rpc:172.17.0.2:36529|dataStream:, 1e19d63f-6462-4e22-a106-6f9be0aefcff|rpc:172.17.0.2:42641|dataStream:, ee36c03c-d65c-4f9e-bb47-23af7307440e|rpc:172.17.0.2:44287|dataStream:], old=null RUNNING priority:0 candidate:0a86f2cf-b4a5-462d-ae84-45f64b212dc7|rpc:172.17.0.2:36529|dataStream: candidatePriority:0 compare:0
2020-12-11 14:19:18,949 [ee36c03c-d65c-4f9e-bb47-23af7307440e@group-84B6E63B3474-LeaderElection14] INFO  impl.LeaderElection (LeaderElection.java:askForVotes(215)) - ee36c03c-d65c-4f9e-bb47-23af7307440e@group-84B6E63B3474-LeaderElection14: begin an election at term 1 for -1: [0a86f2cf-b4a5-462d-ae84-45f64b212dc7|rpc:172.17.0.2:36529|dataStream:, 1e19d63f-6462-4e22-a106-6f9be0aefcff|rpc:172.17.0.2:42641|dataStream:, ee36c03c-d65c-4f9e-bb47-23af7307440e|rpc:172.17.0.2:44287|dataStream:], old=null
2020-12-11 14:19:18,955 [grpc-default-executor-2] INFO  metrics.RatisMetrics (RatisMetrics.java:lambda$create$0(36)) - Creating Metrics Registry : ratis.server_message_metrics.0a86f2cf-b4a5-462d-ae84-45f64b212dc7
2020-12-11 14:19:18,955 [0a86f2cf-b4a5-462d-ae84-45f64b212dc7@group-84B6E63B3474-LeaderElection13] INFO  impl.LeaderElection (LeaderElection.java:logAndReturn(65)) - 0a86f2cf-b4a5-462d-ae84-45f64b212dc7@group-84B6E63B3474-LeaderElection13: Election PASSED; received 1 response(s) [0a86f2cf-b4a5-462d-ae84-45f64b212dc7<-1e19d63f-6462-4e22-a106-6f9be0aefcff#0:OK-t1] and 0 exception(s); 0a86f2cf-b4a5-462d-ae84-45f64b212dc7@group-84B6E63B3474:t1, leader=null, voted=0a86f2cf-b4a5-462d-ae84-45f64b212dc7, raftlog=0a86f2cf-b4a5-462d-ae84-45f64b212dc7@group-84B6E63B3474-SegmentedRaftLog:OPENED:c-1,f-1,i0, conf=-1: [0a86f2cf-b4a5-462d-ae84-45f64b212dc7|rpc:172.17.0.2:36529, 1e19d63f-6462-4e22-a106-6f9be0aefcff|rpc:172.17.0.2:42641, ee36c03c-d65c-4f9e-bb47-23af7307440e|rpc:172.17.0.2:44287], old=null
2020-12-11 14:19:18,956 [0a86f2cf-b4a5-462d-ae84-45f64b212dc7@group-84B6E63B3474-LeaderElection13] INFO  impl.RoleInfo (RoleInfo.java:shutdownLeaderElection(134)) - 0a86f2cf-b4a5-462d-ae84-45f64b212dc7: shutdown 0a86f2cf-b4a5-462d-ae84-45f64b212dc7@group-84B6E63B3474-LeaderElection13
2020-12-11 14:19:18,956 [0a86f2cf-b4a5-462d-ae84-45f64b212dc7@group-84B6E63B3474-LeaderElection13] INFO  impl.RaftServerImpl (RaftServerImpl.java:setRole(204)) - 0a86f2cf-b4a5-462d-ae84-45f64b212dc7@group-84B6E63B3474: changes role from CANDIDATE to LEADER at term 1 for changeToLeader
2020-12-11 14:19:18,957 [0a86f2cf-b4a5-462d-ae84-45f64b212dc7@group-84B6E63B3474-LeaderElection13] INFO  ratis.XceiverServerRatis (XceiverServerRatis.java:handleLeaderChangedNotification(854)) - Leader change notification received for group: group-84B6E63B3474 with new leaderId: 0a86f2cf-b4a5-462d-ae84-45f64b212dc7
2020-12-11 14:19:18,957 [0a86f2cf-b4a5-462d-ae84-45f64b212dc7@group-84B6E63B3474-LeaderElection13] INFO  impl.RaftServerImpl (ServerState.java:setLeader(256)) - 0a86f2cf-b4a5-462d-ae84-45f64b212dc7@group-84B6E63B3474: change Leader from null to 0a86f2cf-b4a5-462d-ae84-45f64b212dc7 at term 1 for becomeLeader, leader elected after 5132ms
2020-12-11 14:19:18,958 [0a86f2cf-b4a5-462d-ae84-45f64b212dc7@group-84B6E63B3474-LeaderElection13] INFO  server.RaftServerConfigKeys (ConfUtils.java:logGet(44)) - raft.server.staging.catchup.gap = 1000 (default)
2020-12-11 14:19:18,958 [0a86f2cf-b4a5-462d-ae84-45f64b212dc7@group-84B6E63B3474-LeaderElection13] INFO  server.RaftServerConfigKeys (ConfUtils.java:logGet(44)) - raft.server.rpc.sleep.time = 25ms (default)
2020-12-11 14:19:18,958 [0a86f2cf-b4a5-462d-ae84-45f64b212dc7@group-84B6E63B3474-LeaderElection13] INFO  metrics.RatisMetrics (RatisMetrics.java:lambda$create$0(36)) - Creating Metrics Registry : ratis.log_appender.0a86f2cf-b4a5-462d-ae84-45f64b212dc7@group-84B6E63B3474
2020-12-11 14:19:18,958 [0a86f2cf-b4a5-462d-ae84-45f64b212dc7@group-84B6E63B3474-LeaderElection13] INFO  server.RaftServerConfigKeys (ConfUtils.java:logGet(44)) - raft.server.write.element-limit = 1024 (custom)
2020-12-11 14:19:18,960 [EventQueue-PipelineReportForOneReplicaPipelineSafeModeRule] INFO  safemode.SCMSafeModeManager (SCMSafeModeManager.java:validateSafeModeExitRules(214)) - AtleastOneDatanodeReportedRule rule is successfully validated
2020-12-11 14:19:18,960 [EventQueue-OpenPipelineForHealthyPipelineSafeModeRule] INFO  safemode.SCMSafeModeManager (HealthyPipelineSafeModeRule.java:process(128)) - SCM in safe mode. Healthy pipelines reported count is 0, required healthy pipeline reported count is 1
2020-12-11 14:19:18,959 [EventQueue-PipelineReportForPipelineReportHandler] INFO  pipeline.PipelineStateManager (PipelineStateManager.java:openPipeline(132)) - Pipeline Pipeline[ Id: be4694ae-0acc-47b7-856c-84b6e63b3474, Nodes: 0a86f2cf-b4a5-462d-ae84-45f64b212dc7{ip: 172.17.0.2, host: cfd2ce0fb241, networkLocation: /default-rack, certSerialId: null, persistedOpState: IN_SERVICE, persistedOpStateExpiryEpochSec: 0}ee36c03c-d65c-4f9e-bb47-23af7307440e{ip: 172.17.0.2, host: cfd2ce0fb241, networkLocation: /default-rack, certSerialId: null, persistedOpState: IN_SERVICE, persistedOpStateExpiryEpochSec: 0}1e19d63f-6462-4e22-a106-6f9be0aefcff{ip: 172.17.0.2, host: cfd2ce0fb241, networkLocation: /default-rack, certSerialId: null, persistedOpState: IN_SERVICE, persistedOpStateExpiryEpochSec: 0}, Type:RATIS, Factor:THREE, State:ALLOCATED, leaderId:0a86f2cf-b4a5-462d-ae84-45f64b212dc7, CreationTimestamp2020-12-11T14:19:11.151Z] moved to OPEN state
2020-12-11 14:19:18,962 [EventQueue-OpenPipelineForHealthyPipelineSafeModeRule] INFO  safemode.SCMSafeModeManager (HealthyPipelineSafeModeRule.java:process(128)) - SCM in safe mode. Healthy pipelines reported count is 1, required healthy pipeline reported count is 1
2020-12-11 14:19:18,962 [EventQueue-OpenPipelineForHealthyPipelineSafeModeRule] INFO  safemode.SCMSafeModeManager (SCMSafeModeManager.java:validateSafeModeExitRules(214)) - HealthyPipelineSafeModeRule rule is successfully validated
2020-12-11 14:19:18,962 [EventQueue-OpenPipelineForHealthyPipelineSafeModeRule] INFO  safemode.SCMSafeModeManager (SCMSafeModeManager.java:validateSafeModeExitRules(228)) - ScmSafeModeManager, all rules are successfully validated
2020-12-11 14:19:18,962 [EventQueue-OpenPipelineForHealthyPipelineSafeModeRule] INFO  safemode.SCMSafeModeManager (SCMSafeModeManager.java:exitSafeMode(257)) - SCM exiting safe mode.
2020-12-11 14:19:18,961 [0a86f2cf-b4a5-462d-ae84-45f64b212dc7@group-84B6E63B3474-LeaderElection13] INFO  server.RaftServerConfigKeys (ConfUtils.java:logGet(44)) - raft.server.write.byte-limit = 1073741824 (custom)
2020-12-11 14:19:18,963 [0a86f2cf-b4a5-462d-ae84-45f64b212dc7@group-84B6E63B3474-LeaderElection13] INFO  server.RaftServerConfigKeys (ConfUtils.java:logGet(44)) - raft.server.watch.timeout = 180s (custom)
2020-12-11 14:19:18,963 [0a86f2cf-b4a5-462d-ae84-45f64b212dc7@group-84B6E63B3474-LeaderElection13] INFO  server.RaftServerConfigKeys (ConfUtils.java:logGet(44)) - raft.server.watch.timeout.denomination = 1s (default)
2020-12-11 14:19:18,963 [0a86f2cf-b4a5-462d-ae84-45f64b212dc7@group-84B6E63B3474-LeaderElection13] INFO  server.RaftServerConfigKeys (ConfUtils.java:logGet(44)) - raft.server.watch.element-limit = 65536 (default)
2020-12-11 14:19:18,964 [0a86f2cf-b4a5-462d-ae84-45f64b212dc7@group-84B6E63B3474-LeaderElection13] INFO  server.RaftServerConfigKeys (ConfUtils.java:logGet(44)) - raft.server.log.appender.snapshot.chunk.size.max = 16MB (=16777216) (default)
2020-12-11 14:19:18,964 [0a86f2cf-b4a5-462d-ae84-45f64b212dc7@group-84B6E63B3474-LeaderElection13] INFO  server.RaftServerConfigKeys (ConfUtils.java:logGet(44)) - raft.server.log.appender.buffer.byte-limit = 33554432 (custom)
2020-12-11 14:19:18,964 [0a86f2cf-b4a5-462d-ae84-45f64b212dc7@group-84B6E63B3474-LeaderElection13] INFO  server.RaftServerConfigKeys (ConfUtils.java:logGet(44)) - raft.server.log.appender.buffer.element-limit = 1 (custom)
2020-12-11 14:19:18,964 [0a86f2cf-b4a5-462d-ae84-45f64b212dc7@group-84B6E63B3474-LeaderElection13] INFO  grpc.GrpcConfigKeys (ConfUtils.java:logGet(44)) - raft.grpc.server.leader.outstanding.appends.max = 128 (default)
2020-12-11 14:19:18,964 [0a86f2cf-b4a5-462d-ae84-45f64b212dc7@group-84B6E63B3474-LeaderElection13] INFO  server.RaftServerConfigKeys (ConfUtils.java:logGet(44)) - raft.server.rpc.request.timeout = 60s (custom)
2020-12-11 14:19:18,964 [0a86f2cf-b4a5-462d-ae84-45f64b212dc7@group-84B6E63B3474-LeaderElection13] INFO  server.RaftServerConfigKeys (ConfUtils.java:logGet(44)) - raft.server.log.appender.install.snapshot.enabled = false (custom)
2020-12-11 14:19:18,964 [0a86f2cf-b4a5-462d-ae84-45f64b212dc7@group-84B6E63B3474-LeaderElection13] INFO  metrics.RatisMetrics (RatisMetrics.java:lambda$create$0(36)) - Creating Metrics Registry : ratis_grpc.log_appender.0a86f2cf-b4a5-462d-ae84-45f64b212dc7@group-84B6E63B3474
2020-12-11 14:19:18,965 [0a86f2cf-b4a5-462d-ae84-45f64b212dc7@group-84B6E63B3474-LeaderElection13] INFO  server.RaftServerConfigKeys (ConfUtils.java:logGet(44)) - raft.server.log.appender.snapshot.chunk.size.max = 16MB (=16777216) (default)
2020-12-11 14:19:18,965 [0a86f2cf-b4a5-462d-ae84-45f64b212dc7@group-84B6E63B3474-LeaderElection13] INFO  server.RaftServerConfigKeys (ConfUtils.java:logGet(44)) - raft.server.log.appender.buffer.byte-limit = 33554432 (custom)
2020-12-11 14:19:18,965 [0a86f2cf-b4a5-462d-ae84-45f64b212dc7@group-84B6E63B3474-LeaderElection13] INFO  server.RaftServerConfigKeys (ConfUtils.java:logGet(44)) - raft.server.log.appender.buffer.element-limit = 1 (custom)
2020-12-11 14:19:18,965 [0a86f2cf-b4a5-462d-ae84-45f64b212dc7@group-84B6E63B3474-LeaderElection13] INFO  grpc.GrpcConfigKeys (ConfUtils.java:logGet(44)) - raft.grpc.server.leader.outstanding.appends.max = 128 (default)
2020-12-11 14:19:18,965 [0a86f2cf-b4a5-462d-ae84-45f64b212dc7@group-84B6E63B3474-LeaderElection13] INFO  server.RaftServerConfigKeys (ConfUtils.java:logGet(44)) - raft.server.rpc.request.timeout = 60s (custom)
2020-12-11 14:19:18,965 [0a86f2cf-b4a5-462d-ae84-45f64b212dc7@group-84B6E63B3474-LeaderElection13] INFO  server.RaftServerConfigKeys (ConfUtils.java:logGet(44)) - raft.server.log.appender.install.snapshot.enabled = false (custom)
2020-12-11 14:19:18,966 [0a86f2cf-b4a5-462d-ae84-45f64b212dc7@group-84B6E63B3474-LeaderElection13] INFO  impl.RoleInfo (RoleInfo.java:updateAndGet(143)) - 0a86f2cf-b4a5-462d-ae84-45f64b212dc7: start 0a86f2cf-b4a5-462d-ae84-45f64b212dc7@group-84B6E63B3474-LeaderState
2020-12-11 14:19:18,966 [0a86f2cf-b4a5-462d-ae84-45f64b212dc7@group-84B6E63B3474-LeaderElection13] INFO  segmented.SegmentedRaftLogWorker (SegmentedRaftLogWorker.java:startLogSegment(398)) - 0a86f2cf-b4a5-462d-ae84-45f64b212dc7@group-84B6E63B3474-SegmentedRaftLogWorker: Starting segment from index:0
2020-12-11 14:19:18,967 [0a86f2cf-b4a5-462d-ae84-45f64b212dc7@group-84B6E63B3474-LeaderElection13] INFO  impl.RaftServerImpl (ServerState.java:setRaftConf(374)) - 0a86f2cf-b4a5-462d-ae84-45f64b212dc7@group-84B6E63B3474: set configuration 0: [0a86f2cf-b4a5-462d-ae84-45f64b212dc7|rpc:172.17.0.2:36529|dataStream:, 1e19d63f-6462-4e22-a106-6f9be0aefcff|rpc:172.17.0.2:42641|dataStream:, ee36c03c-d65c-4f9e-bb47-23af7307440e|rpc:172.17.0.2:44287|dataStream:], old=null at 0
2020-12-11 14:19:18,967 [grpc-default-executor-2] INFO  impl.RaftServerImpl (RaftServerImpl.java:requestVote(953)) - 0a86f2cf-b4a5-462d-ae84-45f64b212dc7@group-84B6E63B3474-   LEADER: Withhold vote from candidate ee36c03c-d65c-4f9e-bb47-23af7307440e with term 1. State: leader=0a86f2cf-b4a5-462d-ae84-45f64b212dc7, term=1, lastRpcElapsed=null
2020-12-11 14:19:18,969 [0a86f2cf-b4a5-462d-ae84-45f64b212dc7@group-84B6E63B3474-SegmentedRaftLogWorker] INFO  segmented.SegmentedRaftLogWorker (SegmentedRaftLogWorker.java:execute(597)) - 0a86f2cf-b4a5-462d-ae84-45f64b212dc7@group-84B6E63B3474-SegmentedRaftLogWorker: created new log segment /github/workspace/mnt/ozone/hadoop-ozone/integration-test/target/test-dir/MiniOzoneClusterImpl-f6ec90cd-9249-41c8-b5e0-41cfbed7d430/datanode-0/data/ratis/be4694ae-0acc-47b7-856c-84b6e63b3474/current/log_inprogress_0
2020-12-11 14:19:18,978 [grpc-default-executor-0] INFO  impl.RaftServerImpl (RaftServerImpl.java:setRole(204)) - ee36c03c-d65c-4f9e-bb47-23af7307440e@group-84B6E63B3474: changes role from CANDIDATE to FOLLOWER at term 1 for appendEntries
2020-12-11 14:19:18,978 [grpc-default-executor-0] INFO  impl.RoleInfo (RoleInfo.java:shutdownLeaderElection(134)) - ee36c03c-d65c-4f9e-bb47-23af7307440e: shutdown ee36c03c-d65c-4f9e-bb47-23af7307440e@group-84B6E63B3474-LeaderElection14
2020-12-11 14:19:18,980 [grpc-default-executor-3] INFO  ratis.XceiverServerRatis (XceiverServerRatis.java:handleLeaderChangedNotification(854)) - Leader change notification received for group: group-84B6E63B3474 with new leaderId: 0a86f2cf-b4a5-462d-ae84-45f64b212dc7
2020-12-11 14:19:18,980 [grpc-default-executor-3] INFO  impl.RaftServerImpl (ServerState.java:setLeader(256)) - 1e19d63f-6462-4e22-a106-6f9be0aefcff@group-84B6E63B3474: change Leader from null to 0a86f2cf-b4a5-462d-ae84-45f64b212dc7 at term 1 for appendEntries, leader elected after 5086ms
2020-12-11 14:19:18,980 [grpc-default-executor-0] INFO  impl.RoleInfo (RoleInfo.java:updateAndGet(143)) - ee36c03c-d65c-4f9e-bb47-23af7307440e: start ee36c03c-d65c-4f9e-bb47-23af7307440e@group-84B6E63B3474-FollowerState
2020-12-11 14:19:18,981 [ee36c03c-d65c-4f9e-bb47-23af7307440e@group-84B6E63B3474-LeaderElection14] INFO  impl.LeaderElection (LeaderElection.java:logAndReturn(65)) - ee36c03c-d65c-4f9e-bb47-23af7307440e@group-84B6E63B3474-LeaderElection14: Election REJECTED; received 1 response(s) [ee36c03c-d65c-4f9e-bb47-23af7307440e<-0a86f2cf-b4a5-462d-ae84-45f64b212dc7#0:FAIL-t1] and 0 exception(s); ee36c03c-d65c-4f9e-bb47-23af7307440e@group-84B6E63B3474:t1, leader=null, voted=ee36c03c-d65c-4f9e-bb47-23af7307440e, raftlog=ee36c03c-d65c-4f9e-bb47-23af7307440e@group-84B6E63B3474-SegmentedRaftLog:OPENED:c-1,f-1,i0, conf=-1: [0a86f2cf-b4a5-462d-ae84-45f64b212dc7|rpc:172.17.0.2:36529|dataStream:, 1e19d63f-6462-4e22-a106-6f9be0aefcff|rpc:172.17.0.2:42641|dataStream:, ee36c03c-d65c-4f9e-bb47-23af7307440e|rpc:172.17.0.2:44287|dataStream:], old=null
2020-12-11 14:19:18,982 [grpc-default-executor-0] INFO  ratis.XceiverServerRatis (XceiverServerRatis.java:handleLeaderChangedNotification(854)) - Leader change notification received for group: group-84B6E63B3474 with new leaderId: 0a86f2cf-b4a5-462d-ae84-45f64b212dc7
2020-12-11 14:19:18,982 [grpc-default-executor-0] INFO  impl.RaftServerImpl (ServerState.java:setLeader(256)) - ee36c03c-d65c-4f9e-bb47-23af7307440e@group-84B6E63B3474: change Leader from null to 0a86f2cf-b4a5-462d-ae84-45f64b212dc7 at term 1 for appendEntries, leader elected after 5129ms
2020-12-11 14:19:18,985 [grpc-default-executor-0] INFO  impl.RaftServerImpl (ServerState.java:setRaftConf(374)) - 1e19d63f-6462-4e22-a106-6f9be0aefcff@group-84B6E63B3474: set configuration 0: [0a86f2cf-b4a5-462d-ae84-45f64b212dc7|rpc:172.17.0.2:36529|dataStream:, 1e19d63f-6462-4e22-a106-6f9be0aefcff|rpc:172.17.0.2:42641|dataStream:, ee36c03c-d65c-4f9e-bb47-23af7307440e|rpc:172.17.0.2:44287|dataStream:], old=null at 0
2020-12-11 14:19:18,985 [grpc-default-executor-0] INFO  segmented.SegmentedRaftLogWorker (SegmentedRaftLogWorker.java:startLogSegment(398)) - 1e19d63f-6462-4e22-a106-6f9be0aefcff@group-84B6E63B3474-SegmentedRaftLogWorker: Starting segment from index:0
2020-12-11 14:19:18,986 [grpc-default-executor-3] INFO  impl.RaftServerImpl (ServerState.java:setRaftConf(374)) - ee36c03c-d65c-4f9e-bb47-23af7307440e@group-84B6E63B3474: set configuration 0: [0a86f2cf-b4a5-462d-ae84-45f64b212dc7|rpc:172.17.0.2:36529|dataStream:, 1e19d63f-6462-4e22-a106-6f9be0aefcff|rpc:172.17.0.2:42641|dataStream:, ee36c03c-d65c-4f9e-bb47-23af7307440e|rpc:172.17.0.2:44287|dataStream:], old=null at 0
2020-12-11 14:19:18,988 [1e19d63f-6462-4e22-a106-6f9be0aefcff@group-84B6E63B3474-SegmentedRaftLogWorker] INFO  segmented.SegmentedRaftLogWorker (SegmentedRaftLogWorker.java:execute(597)) - 1e19d63f-6462-4e22-a106-6f9be0aefcff@group-84B6E63B3474-SegmentedRaftLogWorker: created new log segment /github/workspace/mnt/ozone/hadoop-ozone/integration-test/target/test-dir/MiniOzoneClusterImpl-f6ec90cd-9249-41c8-b5e0-41cfbed7d430/datanode-2/data/ratis/be4694ae-0acc-47b7-856c-84b6e63b3474/current/log_inprogress_0
2020-12-11 14:19:18,988 [grpc-default-executor-3] INFO  segmented.SegmentedRaftLogWorker (SegmentedRaftLogWorker.java:startLogSegment(398)) - ee36c03c-d65c-4f9e-bb47-23af7307440e@group-84B6E63B3474-SegmentedRaftLogWorker: Starting segment from index:0
2020-12-11 14:19:18,991 [ee36c03c-d65c-4f9e-bb47-23af7307440e@group-84B6E63B3474-SegmentedRaftLogWorker] INFO  segmented.SegmentedRaftLogWorker (SegmentedRaftLogWorker.java:execute(597)) - ee36c03c-d65c-4f9e-bb47-23af7307440e@group-84B6E63B3474-SegmentedRaftLogWorker: created new log segment /github/workspace/mnt/ozone/hadoop-ozone/integration-test/target/test-dir/MiniOzoneClusterImpl-f6ec90cd-9249-41c8-b5e0-41cfbed7d430/datanode-1/data/ratis/be4694ae-0acc-47b7-856c-84b6e63b3474/current/log_inprogress_0
2020-12-11 14:19:18,997 [org.apache.ratis.server.JvmPauseMonitor@198ca929-Monitor] WARN  server.JvmPauseMonitor (JvmPauseMonitor.java:run(141)) - Detected pause in JVM or host machine (eg GC): pause of approximately 4ms
No GCs detected
2020-12-11 14:19:19,082 [Thread-610] INFO  impl.FollowerState (FollowerState.java:run(128)) - ee36c03c-d65c-4f9e-bb47-23af7307440e@group-37B8D0E7D170-FollowerState: change to CANDIDATE, lastRpcTime:5079ms, electionTimeout:5079ms
2020-12-11 14:19:19,083 [Thread-610] INFO  impl.RoleInfo (RoleInfo.java:shutdownFollowerState(121)) - ee36c03c-d65c-4f9e-bb47-23af7307440e: shutdown ee36c03c-d65c-4f9e-bb47-23af7307440e@group-37B8D0E7D170-FollowerState
2020-12-11 14:19:19,083 [Thread-610] INFO  impl.RaftServerImpl (RaftServerImpl.java:setRole(204)) - ee36c03c-d65c-4f9e-bb47-23af7307440e@group-37B8D0E7D170: changes role from  FOLLOWER to CANDIDATE at term 0 for changeToCandidate
2020-12-11 14:19:19,083 [Thread-610] INFO  impl.RoleInfo (RoleInfo.java:updateAndGet(143)) - ee36c03c-d65c-4f9e-bb47-23af7307440e: start ee36c03c-d65c-4f9e-bb47-23af7307440e@group-37B8D0E7D170-LeaderElection15
2020-12-11 14:19:19,086 [ee36c03c-d65c-4f9e-bb47-23af7307440e@group-37B8D0E7D170-LeaderElection15] INFO  impl.LeaderElection (LeaderElection.java:askForVotes(215)) - ee36c03c-d65c-4f9e-bb47-23af7307440e@group-37B8D0E7D170-LeaderElection15: begin an election at term 1 for -1: [ee36c03c-d65c-4f9e-bb47-23af7307440e|rpc:172.17.0.2:44287], old=null
2020-12-11 14:19:19,086 [ee36c03c-d65c-4f9e-bb47-23af7307440e@group-37B8D0E7D170-LeaderElection15] INFO  impl.RoleInfo (RoleInfo.java:shutdownLeaderElection(134)) - ee36c03c-d65c-4f9e-bb47-23af7307440e: shutdown ee36c03c-d65c-4f9e-bb47-23af7307440e@group-37B8D0E7D170-LeaderElection15
2020-12-11 14:19:19,086 [ee36c03c-d65c-4f9e-bb47-23af7307440e@group-37B8D0E7D170-LeaderElection15] INFO  impl.RaftServerImpl (RaftServerImpl.java:setRole(204)) - ee36c03c-d65c-4f9e-bb47-23af7307440e@group-37B8D0E7D170: changes role from CANDIDATE to LEADER at term 1 for changeToLeader
2020-12-11 14:19:19,086 [ee36c03c-d65c-4f9e-bb47-23af7307440e@group-37B8D0E7D170-LeaderElection15] INFO  ratis.XceiverServerRatis (XceiverServerRatis.java:handleLeaderChangedNotification(854)) - Leader change notification received for group: group-37B8D0E7D170 with new leaderId: ee36c03c-d65c-4f9e-bb47-23af7307440e
2020-12-11 14:19:19,086 [ee36c03c-d65c-4f9e-bb47-23af7307440e@group-37B8D0E7D170-LeaderElection15] INFO  impl.RaftServerImpl (ServerState.java:setLeader(256)) - ee36c03c-d65c-4f9e-bb47-23af7307440e@group-37B8D0E7D170: change Leader from null to ee36c03c-d65c-4f9e-bb47-23af7307440e at term 1 for becomeLeader, leader elected after 5098ms
2020-12-11 14:19:19,086 [ee36c03c-d65c-4f9e-bb47-23af7307440e@group-37B8D0E7D170-LeaderElection15] INFO  server.RaftServerConfigKeys (ConfUtils.java:logGet(44)) - raft.server.staging.catchup.gap = 1000 (default)
2020-12-11 14:19:19,087 [ee36c03c-d65c-4f9e-bb47-23af7307440e@group-37B8D0E7D170-LeaderElection15] INFO  server.RaftServerConfigKeys (ConfUtils.java:logGet(44)) - raft.server.rpc.sleep.time = 25ms (default)
2020-12-11 14:19:19,087 [ee36c03c-d65c-4f9e-bb47-23af7307440e@group-37B8D0E7D170-LeaderElection15] INFO  metrics.RatisMetrics (RatisMetrics.java:lambda$create$0(36)) - Creating Metrics Registry : ratis.log_appender.ee36c03c-d65c-4f9e-bb47-23af7307440e@group-37B8D0E7D170
2020-12-11 14:19:19,088 [ee36c03c-d65c-4f9e-bb47-23af7307440e@group-37B8D0E7D170-LeaderElection15] INFO  server.RaftServerConfigKeys (ConfUtils.java:logGet(44)) - raft.server.write.element-limit = 1024 (custom)
2020-12-11 14:19:19,088 [ee36c03c-d65c-4f9e-bb47-23af7307440e@group-37B8D0E7D170-LeaderElection15] INFO  server.RaftServerConfigKeys (ConfUtils.java:logGet(44)) - raft.server.write.byte-limit = 1073741824 (custom)
2020-12-11 14:19:19,088 [ee36c03c-d65c-4f9e-bb47-23af7307440e@group-37B8D0E7D170-LeaderElection15] INFO  server.RaftServerConfigKeys (ConfUtils.java:logGet(44)) - raft.server.watch.timeout = 180s (custom)
2020-12-11 14:19:19,089 [ee36c03c-d65c-4f9e-bb47-23af7307440e@group-37B8D0E7D170-LeaderElection15] INFO  server.RaftServerConfigKeys (ConfUtils.java:logGet(44)) - raft.server.watch.timeout.denomination = 1s (default)
2020-12-11 14:19:19,089 [ee36c03c-d65c-4f9e-bb47-23af7307440e@group-37B8D0E7D170-LeaderElection15] INFO  server.RaftServerConfigKeys (ConfUtils.java:logGet(44)) - raft.server.watch.element-limit = 65536 (default)
2020-12-11 14:19:19,089 [ee36c03c-d65c-4f9e-bb47-23af7307440e@group-37B8D0E7D170-LeaderElection15] INFO  impl.RoleInfo (RoleInfo.java:updateAndGet(143)) - ee36c03c-d65c-4f9e-bb47-23af7307440e: start ee36c03c-d65c-4f9e-bb47-23af7307440e@group-37B8D0E7D170-LeaderState
2020-12-11 14:19:19,089 [ee36c03c-d65c-4f9e-bb47-23af7307440e@group-37B8D0E7D170-LeaderElection15] INFO  segmented.SegmentedRaftLogWorker (SegmentedRaftLogWorker.java:startLogSegment(398)) - ee36c03c-d65c-4f9e-bb47-23af7307440e@group-37B8D0E7D170-SegmentedRaftLogWorker: Starting segment from index:0
2020-12-11 14:19:19,090 [ee36c03c-d65c-4f9e-bb47-23af7307440e@group-37B8D0E7D170-LeaderElection15] INFO  impl.RaftServerImpl (ServerState.java:setRaftConf(374)) - ee36c03c-d65c-4f9e-bb47-23af7307440e@group-37B8D0E7D170: set configuration 0: [ee36c03c-d65c-4f9e-bb47-23af7307440e|rpc:172.17.0.2:44287|dataStream:], old=null at 0
2020-12-11 14:19:19,090 [ee36c03c-d65c-4f9e-bb47-23af7307440e@group-37B8D0E7D170-SegmentedRaftLogWorker] INFO  segmented.SegmentedRaftLogWorker (SegmentedRaftLogWorker.java:execute(597)) - ee36c03c-d65c-4f9e-bb47-23af7307440e@group-37B8D0E7D170-SegmentedRaftLogWorker: created new log segment /github/workspace/mnt/ozone/hadoop-ozone/integration-test/target/test-dir/MiniOzoneClusterImpl-f6ec90cd-9249-41c8-b5e0-41cfbed7d430/datanode-1/data/ratis/2b906e90-8145-4865-9e85-37b8d0e7d170/current/log_inprogress_0
2020-12-11 14:19:19,284 [Thread-612] INFO  impl.FollowerState (FollowerState.java:run(128)) - 1e19d63f-6462-4e22-a106-6f9be0aefcff@group-B862D7DC63D9-FollowerState: change to CANDIDATE, lastRpcTime:5123ms, electionTimeout:5114ms
2020-12-11 14:19:19,284 [Thread-612] INFO  impl.RoleInfo (RoleInfo.java:shutdownFollowerState(121)) - 1e19d63f-6462-4e22-a106-6f9be0aefcff: shutdown 1e19d63f-6462-4e22-a106-6f9be0aefcff@group-B862D7DC63D9-FollowerState
2020-12-11 14:19:19,284 [Thread-612] INFO  impl.RaftServerImpl (RaftServerImpl.java:setRole(204)) - 1e19d63f-6462-4e22-a106-6f9be0aefcff@group-B862D7DC63D9: changes role from  FOLLOWER to CANDIDATE at term 0 for changeToCandidate
2020-12-11 14:19:19,284 [Thread-612] INFO  impl.RoleInfo (RoleInfo.java:updateAndGet(143)) - 1e19d63f-6462-4e22-a106-6f9be0aefcff: start 1e19d63f-6462-4e22-a106-6f9be0aefcff@group-B862D7DC63D9-LeaderElection16
2020-12-11 14:19:19,291 [1e19d63f-6462-4e22-a106-6f9be0aefcff@group-B862D7DC63D9-LeaderElection16] INFO  impl.LeaderElection (LeaderElection.java:askForVotes(215)) - 1e19d63f-6462-4e22-a106-6f9be0aefcff@group-B862D7DC63D9-LeaderElection16: begin an election at term 1 for -1: [1e19d63f-6462-4e22-a106-6f9be0aefcff|rpc:172.17.0.2:42641], old=null
2020-12-11 14:19:19,291 [1e19d63f-6462-4e22-a106-6f9be0aefcff@group-B862D7DC63D9-LeaderElection16] INFO  impl.RoleInfo (RoleInfo.java:shutdownLeaderElection(134)) - 1e19d63f-6462-4e22-a106-6f9be0aefcff: shutdown 1e19d63f-6462-4e22-a106-6f9be0aefcff@group-B862D7DC63D9-LeaderElection16
2020-12-11 14:19:19,291 [1e19d63f-6462-4e22-a106-6f9be0aefcff@group-B862D7DC63D9-LeaderElection16] INFO  impl.RaftServerImpl (RaftServerImpl.java:setRole(204)) - 1e19d63f-6462-4e22-a106-6f9be0aefcff@group-B862D7DC63D9: changes role from CANDIDATE to LEADER at term 1 for changeToLeader
2020-12-11 14:19:19,291 [1e19d63f-6462-4e22-a106-6f9be0aefcff@group-B862D7DC63D9-LeaderElection16] INFO  ratis.XceiverServerRatis (XceiverServerRatis.java:handleLeaderChangedNotification(854)) - Leader change notification received for group: group-B862D7DC63D9 with new leaderId: 1e19d63f-6462-4e22-a106-6f9be0aefcff
2020-12-11 14:19:19,291 [1e19d63f-6462-4e22-a106-6f9be0aefcff@group-B862D7DC63D9-LeaderElection16] INFO  impl.RaftServerImpl (ServerState.java:setLeader(256)) - 1e19d63f-6462-4e22-a106-6f9be0aefcff@group-B862D7DC63D9: change Leader from null to 1e19d63f-6462-4e22-a106-6f9be0aefcff at term 1 for becomeLeader, leader elected after 5137ms
2020-12-11 14:19:19,292 [1e19d63f-6462-4e22-a106-6f9be0aefcff@group-B862D7DC63D9-LeaderElection16] INFO  server.RaftServerConfigKeys (ConfUtils.java:logGet(44)) - raft.server.staging.catchup.gap = 1000 (default)
2020-12-11 14:19:19,292 [1e19d63f-6462-4e22-a106-6f9be0aefcff@group-B862D7DC63D9-LeaderElection16] INFO  server.RaftServerConfigKeys (ConfUtils.java:logGet(44)) - raft.server.rpc.sleep.time = 25ms (default)
2020-12-11 14:19:19,292 [1e19d63f-6462-4e22-a106-6f9be0aefcff@group-B862D7DC63D9-LeaderElection16] INFO  metrics.RatisMetrics (RatisMetrics.java:lambda$create$0(36)) - Creating Metrics Registry : ratis.log_appender.1e19d63f-6462-4e22-a106-6f9be0aefcff@group-B862D7DC63D9
2020-12-11 14:19:19,293 [1e19d63f-6462-4e22-a106-6f9be0aefcff@group-B862D7DC63D9-LeaderElection16] INFO  server.RaftServerConfigKeys (ConfUtils.java:logGet(44)) - raft.server.write.element-limit = 1024 (custom)
2020-12-11 14:19:19,293 [1e19d63f-6462-4e22-a106-6f9be0aefcff@group-B862D7DC63D9-LeaderElection16] INFO  server.RaftServerConfigKeys (ConfUtils.java:logGet(44)) - raft.server.write.byte-limit = 1073741824 (custom)
2020-12-11 14:19:19,293 [1e19d63f-6462-4e22-a106-6f9be0aefcff@group-B862D7DC63D9-LeaderElection16] INFO  server.RaftServerConfigKeys (ConfUtils.java:logGet(44)) - raft.server.watch.timeout = 180s (custom)
2020-12-11 14:19:19,293 [1e19d63f-6462-4e22-a106-6f9be0aefcff@group-B862D7DC63D9-LeaderElection16] INFO  server.RaftServerConfigKeys (ConfUtils.java:logGet(44)) - raft.server.watch.timeout.denomination = 1s (default)
2020-12-11 14:19:19,293 [1e19d63f-6462-4e22-a106-6f9be0aefcff@group-B862D7DC63D9-LeaderElection16] INFO  server.RaftServerConfigKeys (ConfUtils.java:logGet(44)) - raft.server.watch.element-limit = 65536 (default)
2020-12-11 14:19:19,293 [1e19d63f-6462-4e22-a106-6f9be0aefcff@group-B862D7DC63D9-LeaderElection16] INFO  impl.RoleInfo (RoleInfo.java:updateAndGet(143)) - 1e19d63f-6462-4e22-a106-6f9be0aefcff: start 1e19d63f-6462-4e22-a106-6f9be0aefcff@group-B862D7DC63D9-LeaderState
2020-12-11 14:19:19,294 [1e19d63f-6462-4e22-a106-6f9be0aefcff@group-B862D7DC63D9-LeaderElection16] INFO  segmented.SegmentedRaftLogWorker (SegmentedRaftLogWorker.java:startLogSegment(398)) - 1e19d63f-6462-4e22-a106-6f9be0aefcff@group-B862D7DC63D9-SegmentedRaftLogWorker: Starting segment from index:0
2020-12-11 14:19:19,295 [1e19d63f-6462-4e22-a106-6f9be0aefcff@group-B862D7DC63D9-SegmentedRaftLogWorker] INFO  segmented.SegmentedRaftLogWorker (SegmentedRaftLogWorker.java:execute(597)) - 1e19d63f-6462-4e22-a106-6f9be0aefcff@group-B862D7DC63D9-SegmentedRaftLogWorker: created new log segment /github/workspace/mnt/ozone/hadoop-ozone/integration-test/target/test-dir/MiniOzoneClusterImpl-f6ec90cd-9249-41c8-b5e0-41cfbed7d430/datanode-2/data/ratis/82c01ea1-db32-4ccb-91af-b862d7dc63d9/current/log_inprogress_0
2020-12-11 14:19:19,295 [1e19d63f-6462-4e22-a106-6f9be0aefcff@group-B862D7DC63D9-LeaderElection16] INFO  impl.RaftServerImpl (ServerState.java:setRaftConf(374)) - 1e19d63f-6462-4e22-a106-6f9be0aefcff@group-B862D7DC63D9: set configuration 0: [1e19d63f-6462-4e22-a106-6f9be0aefcff|rpc:172.17.0.2:42641|dataStream:], old=null at 0
2020-12-11 14:19:19,484 [Thread-614] INFO  impl.FollowerState (FollowerState.java:run(128)) - 1ac8e757-626b-4b72-bb8b-00adfc4da993@group-A7AF56FDA973-FollowerState: change to CANDIDATE, lastRpcTime:5152ms, electionTimeout:5152ms
2020-12-11 14:19:19,484 [Thread-614] INFO  impl.RoleInfo (RoleInfo.java:shutdownFollowerState(121)) - 1ac8e757-626b-4b72-bb8b-00adfc4da993: shutdown 1ac8e757-626b-4b72-bb8b-00adfc4da993@group-A7AF56FDA973-FollowerState
2020-12-11 14:19:19,484 [Thread-614] INFO  impl.RaftServerImpl (RaftServerImpl.java:setRole(204)) - 1ac8e757-626b-4b72-bb8b-00adfc4da993@group-A7AF56FDA973: changes role from  FOLLOWER to CANDIDATE at term 0 for changeToCandidate
2020-12-11 14:19:19,484 [Thread-614] INFO  impl.RoleInfo (RoleInfo.java:updateAndGet(143)) - 1ac8e757-626b-4b72-bb8b-00adfc4da993: start 1ac8e757-626b-4b72-bb8b-00adfc4da993@group-A7AF56FDA973-LeaderElection17
2020-12-11 14:19:19,487 [1ac8e757-626b-4b72-bb8b-00adfc4da993@group-A7AF56FDA973-LeaderElection17] INFO  impl.LeaderElection (LeaderElection.java:askForVotes(215)) - 1ac8e757-626b-4b72-bb8b-00adfc4da993@group-A7AF56FDA973-LeaderElection17: begin an election at term 1 for -1: [1ac8e757-626b-4b72-bb8b-00adfc4da993|rpc:172.17.0.2:35785], old=null
2020-12-11 14:19:19,487 [1ac8e757-626b-4b72-bb8b-00adfc4da993@group-A7AF56FDA973-LeaderElection17] INFO  impl.RoleInfo (RoleInfo.java:shutdownLeaderElection(134)) - 1ac8e757-626b-4b72-bb8b-00adfc4da993: shutdown 1ac8e757-626b-4b72-bb8b-00adfc4da993@group-A7AF56FDA973-LeaderElection17
2020-12-11 14:19:19,487 [1ac8e757-626b-4b72-bb8b-00adfc4da993@group-A7AF56FDA973-LeaderElection17] INFO  impl.RaftServerImpl (RaftServerImpl.java:setRole(204)) - 1ac8e757-626b-4b72-bb8b-00adfc4da993@group-A7AF56FDA973: changes role from CANDIDATE to LEADER at term 1 for changeToLeader
2020-12-11 14:19:19,487 [1ac8e757-626b-4b72-bb8b-00adfc4da993@group-A7AF56FDA973-LeaderElection17] INFO  ratis.XceiverServerRatis (XceiverServerRatis.java:handleLeaderChangedNotification(854)) - Leader change notification received for group: group-A7AF56FDA973 with new leaderId: 1ac8e757-626b-4b72-bb8b-00adfc4da993
2020-12-11 14:19:19,487 [1ac8e757-626b-4b72-bb8b-00adfc4da993@group-A7AF56FDA973-LeaderElection17] INFO  impl.RaftServerImpl (ServerState.java:setLeader(256)) - 1ac8e757-626b-4b72-bb8b-00adfc4da993@group-A7AF56FDA973: change Leader from null to 1ac8e757-626b-4b72-bb8b-00adfc4da993 at term 1 for becomeLeader, leader elected after 5168ms
2020-12-11 14:19:19,487 [1ac8e757-626b-4b72-bb8b-00adfc4da993@group-A7AF56FDA973-LeaderElection17] INFO  server.RaftServerConfigKeys (ConfUtils.java:logGet(44)) - raft.server.staging.catchup.gap = 1000 (default)
2020-12-11 14:19:19,488 [1ac8e757-626b-4b72-bb8b-00adfc4da993@group-A7AF56FDA973-LeaderElection17] INFO  server.RaftServerConfigKeys (ConfUtils.java:logGet(44)) - raft.server.rpc.sleep.time = 25ms (default)
2020-12-11 14:19:19,492 [1ac8e757-626b-4b72-bb8b-00adfc4da993@group-A7AF56FDA973-LeaderElection17] INFO  metrics.RatisMetrics (RatisMetrics.java:lambda$create$0(36)) - Creating Metrics Registry : ratis.log_appender.1ac8e757-626b-4b72-bb8b-00adfc4da993@group-A7AF56FDA973
2020-12-11 14:19:19,492 [1ac8e757-626b-4b72-bb8b-00adfc4da993@group-A7AF56FDA973-LeaderElection17] INFO  server.RaftServerConfigKeys (ConfUtils.java:logGet(44)) - raft.server.write.element-limit = 1024 (custom)
2020-12-11 14:19:19,492 [1ac8e757-626b-4b72-bb8b-00adfc4da993@group-A7AF56FDA973-LeaderElection17] INFO  server.RaftServerConfigKeys (ConfUtils.java:logGet(44)) - raft.server.write.byte-limit = 1073741824 (custom)
2020-12-11 14:19:19,492 [1ac8e757-626b-4b72-bb8b-00adfc4da993@group-A7AF56FDA973-LeaderElection17] INFO  server.RaftServerConfigKeys (ConfUtils.java:logGet(44)) - raft.server.watch.timeout = 180s (custom)
2020-12-11 14:19:19,492 [1ac8e757-626b-4b72-bb8b-00adfc4da993@group-A7AF56FDA973-LeaderElection17] INFO  server.RaftServerConfigKeys (ConfUtils.java:logGet(44)) - raft.server.watch.timeout.denomination = 1s (default)
2020-12-11 14:19:19,492 [Thread-621] INFO  impl.FollowerState (FollowerState.java:run(128)) - 6177e5e9-2a89-4341-baf8-bbec2955e7c9@group-EE85626A98D9-FollowerState: change to CANDIDATE, lastRpcTime:5069ms, electionTimeout:5068ms
2020-12-11 14:19:19,492 [1ac8e757-626b-4b72-bb8b-00adfc4da993@group-A7AF56FDA973-LeaderElection17] INFO  server.RaftServerConfigKeys (ConfUtils.java:logGet(44)) - raft.server.watch.element-limit = 65536 (default)
2020-12-11 14:19:19,492 [Thread-621] INFO  impl.RoleInfo (RoleInfo.java:shutdownFollowerState(121)) - 6177e5e9-2a89-4341-baf8-bbec2955e7c9: shutdown 6177e5e9-2a89-4341-baf8-bbec2955e7c9@group-EE85626A98D9-FollowerState
2020-12-11 14:19:19,493 [1ac8e757-626b-4b72-bb8b-00adfc4da993@group-A7AF56FDA973-LeaderElection17] INFO  impl.RoleInfo (RoleInfo.java:updateAndGet(143)) - 1ac8e757-626b-4b72-bb8b-00adfc4da993: start 1ac8e757-626b-4b72-bb8b-00adfc4da993@group-A7AF56FDA973-LeaderState
2020-12-11 14:19:19,493 [Thread-621] INFO  impl.RaftServerImpl (RaftServerImpl.java:setRole(204)) - 6177e5e9-2a89-4341-baf8-bbec2955e7c9@group-EE85626A98D9: changes role from  FOLLOWER to CANDIDATE at term 0 for changeToCandidate
2020-12-11 14:19:19,493 [Thread-621] INFO  impl.RoleInfo (RoleInfo.java:updateAndGet(143)) - 6177e5e9-2a89-4341-baf8-bbec2955e7c9: start 6177e5e9-2a89-4341-baf8-bbec2955e7c9@group-EE85626A98D9-LeaderElection18
2020-12-11 14:19:19,493 [1ac8e757-626b-4b72-bb8b-00adfc4da993@group-A7AF56FDA973-LeaderElection17] INFO  segmented.SegmentedRaftLogWorker (SegmentedRaftLogWorker.java:startLogSegment(398)) - 1ac8e757-626b-4b72-bb8b-00adfc4da993@group-A7AF56FDA973-SegmentedRaftLogWorker: Starting segment from index:0
2020-12-11 14:19:19,494 [Thread-616] INFO  impl.FollowerState (FollowerState.java:run(128)) - 1ac8e757-626b-4b72-bb8b-00adfc4da993@group-EE85626A98D9-FollowerState: change to CANDIDATE, lastRpcTime:5146ms, electionTimeout:5146ms
2020-12-11 14:19:19,494 [Thread-616] INFO  impl.RoleInfo (RoleInfo.java:shutdownFollowerState(121)) - 1ac8e757-626b-4b72-bb8b-00adfc4da993: shutdown 1ac8e757-626b-4b72-bb8b-00adfc4da993@group-EE85626A98D9-FollowerState
2020-12-11 14:19:19,494 [Thread-616] INFO  impl.RaftServerImpl (RaftServerImpl.java:setRole(204)) - 1ac8e757-626b-4b72-bb8b-00adfc4da993@group-EE85626A98D9: changes role from  FOLLOWER to CANDIDATE at term 0 for changeToCandidate
2020-12-11 14:19:19,494 [Thread-616] INFO  impl.RoleInfo (RoleInfo.java:updateAndGet(143)) - 1ac8e757-626b-4b72-bb8b-00adfc4da993: start 1ac8e757-626b-4b72-bb8b-00adfc4da993@group-EE85626A98D9-LeaderElection19
2020-12-11 14:19:19,495 [6177e5e9-2a89-4341-baf8-bbec2955e7c9@group-EE85626A98D9-LeaderElection18] INFO  impl.LeaderElection (LeaderElection.java:askForVotes(215)) - 6177e5e9-2a89-4341-baf8-bbec2955e7c9@group-EE85626A98D9-LeaderElection18: begin an election at term 1 for -1: [1f76fe74-9ac9-4278-b8d3-859f8312f824|rpc:172.17.0.2:37521|dataStream:, 1ac8e757-626b-4b72-bb8b-00adfc4da993|rpc:172.17.0.2:35785|dataStream:, 6177e5e9-2a89-4341-baf8-bbec2955e7c9|rpc:172.17.0.2:41133|dataStream:], old=null
2020-12-11 14:19:19,495 [1ac8e757-626b-4b72-bb8b-00adfc4da993@group-A7AF56FDA973-LeaderElection17] INFO  impl.RaftServerImpl (ServerState.java:setRaftConf(374)) - 1ac8e757-626b-4b72-bb8b-00adfc4da993@group-A7AF56FDA973: set configuration 0: [1ac8e757-626b-4b72-bb8b-00adfc4da993|rpc:172.17.0.2:35785|dataStream:], old=null at 0
2020-12-11 14:19:19,498 [1ac8e757-626b-4b72-bb8b-00adfc4da993@group-A7AF56FDA973-SegmentedRaftLogWorker] INFO  segmented.SegmentedRaftLogWorker (SegmentedRaftLogWorker.java:execute(597)) - 1ac8e757-626b-4b72-bb8b-00adfc4da993@group-A7AF56FDA973-SegmentedRaftLogWorker: created new log segment /github/workspace/mnt/ozone/hadoop-ozone/integration-test/target/test-dir/MiniOzoneClusterImpl-f6ec90cd-9249-41c8-b5e0-41cfbed7d430/datanode-3/data/ratis/9428a9b8-574c-4266-b35d-a7af56fda973/current/log_inprogress_0
2020-12-11 14:19:19,500 [1ac8e757-626b-4b72-bb8b-00adfc4da993@group-EE85626A98D9-LeaderElection19] INFO  impl.LeaderElection (LeaderElection.java:askForVotes(215)) - 1ac8e757-626b-4b72-bb8b-00adfc4da993@group-EE85626A98D9-LeaderElection19: begin an election at term 1 for -1: [1f76fe74-9ac9-4278-b8d3-859f8312f824|rpc:172.17.0.2:37521, 1ac8e757-626b-4b72-bb8b-00adfc4da993|rpc:172.17.0.2:35785, 6177e5e9-2a89-4341-baf8-bbec2955e7c9|rpc:172.17.0.2:41133], old=null
2020-12-11 14:19:19,516 [grpc-default-executor-0] INFO  impl.RaftServerImpl (RaftServerImpl.java:setRole(204)) - 1f76fe74-9ac9-4278-b8d3-859f8312f824@group-EE85626A98D9: changes role from  FOLLOWER to FOLLOWER at term 1 for recognizeCandidate:6177e5e9-2a89-4341-baf8-bbec2955e7c9
2020-12-11 14:19:19,516 [grpc-default-executor-0] INFO  impl.RoleInfo (RoleInfo.java:shutdownFollowerState(121)) - 1f76fe74-9ac9-4278-b8d3-859f8312f824: shutdown 1f76fe74-9ac9-4278-b8d3-859f8312f824@group-EE85626A98D9-FollowerState
2020-12-11 14:19:19,516 [grpc-default-executor-0] INFO  impl.RoleInfo (RoleInfo.java:updateAndGet(143)) - 1f76fe74-9ac9-4278-b8d3-859f8312f824: start 1f76fe74-9ac9-4278-b8d3-859f8312f824@group-EE85626A98D9-FollowerState
2020-12-11 14:19:19,516 [Thread-618] INFO  impl.FollowerState (FollowerState.java:run(137)) - 1f76fe74-9ac9-4278-b8d3-859f8312f824@group-EE85626A98D9-FollowerState was interrupted: {}
java.lang.InterruptedException: sleep interrupted
	at java.lang.Thread.sleep(Native Method)
	at org.apache.ratis.util.JavaUtils.sleep(JavaUtils.java:250)
	at org.apache.ratis.server.impl.FollowerState.run(FollowerState.java:116)
2020-12-11 14:19:19,517 [grpc-default-executor-3] INFO  metrics.RatisMetrics (RatisMetrics.java:lambda$create$0(36)) - Creating Metrics Registry : ratis.server_message_metrics.1ac8e757-626b-4b72-bb8b-00adfc4da993
2020-12-11 14:19:19,521 [grpc-default-executor-0] INFO  impl.RaftServerImpl (RaftServerImpl.java:requestVote(963)) -  FOLLOWER 1f76fe74-9ac9-4278-b8d3-859f8312f824@group-EE85626A98D9:t1, leader=null, voted=null, raftlog=1f76fe74-9ac9-4278-b8d3-859f8312f824@group-EE85626A98D9-SegmentedRaftLog:OPENED:c-1,f-1,i0, conf=-1: [1f76fe74-9ac9-4278-b8d3-859f8312f824|rpc:172.17.0.2:37521|dataStream:, 1ac8e757-626b-4b72-bb8b-00adfc4da993|rpc:172.17.0.2:35785|dataStream:, 6177e5e9-2a89-4341-baf8-bbec2955e7c9|rpc:172.17.0.2:41133|dataStream:], old=null RUNNING priority:0 candidate:6177e5e9-2a89-4341-baf8-bbec2955e7c9|rpc:172.17.0.2:41133|dataStream: candidatePriority:0 compare:0
2020-12-11 14:19:19,538 [6177e5e9-2a89-4341-baf8-bbec2955e7c9@group-EE85626A98D9-LeaderElection18] INFO  impl.LeaderElection (LeaderElection.java:logAndReturn(65)) - 6177e5e9-2a89-4341-baf8-bbec2955e7c9@group-EE85626A98D9-LeaderElection18: Election PASSED; received 2 response(s) [6177e5e9-2a89-4341-baf8-bbec2955e7c9<-1f76fe74-9ac9-4278-b8d3-859f8312f824#0:OK-t1, 6177e5e9-2a89-4341-baf8-bbec2955e7c9<-1ac8e757-626b-4b72-bb8b-00adfc4da993#0:FAIL-t1] and 0 exception(s); 6177e5e9-2a89-4341-baf8-bbec2955e7c9@group-EE85626A98D9:t1, leader=null, voted=6177e5e9-2a89-4341-baf8-bbec2955e7c9, raftlog=6177e5e9-2a89-4341-baf8-bbec2955e7c9@group-EE85626A98D9-SegmentedRaftLog:OPENED:c-1,f-1,i0, conf=-1: [1f76fe74-9ac9-4278-b8d3-859f8312f824|rpc:172.17.0.2:37521|dataStream:, 1ac8e757-626b-4b72-bb8b-00adfc4da993|rpc:172.17.0.2:35785|dataStream:, 6177e5e9-2a89-4341-baf8-bbec2955e7c9|rpc:172.17.0.2:41133|dataStream:], old=null
2020-12-11 14:19:19,539 [6177e5e9-2a89-4341-baf8-bbec2955e7c9@group-EE85626A98D9-LeaderElection18] INFO  impl.RoleInfo (RoleInfo.java:shutdownLeaderElection(134)) - 6177e5e9-2a89-4341-baf8-bbec2955e7c9: shutdown 6177e5e9-2a89-4341-baf8-bbec2955e7c9@group-EE85626A98D9-LeaderElection18
2020-12-11 14:19:19,539 [6177e5e9-2a89-4341-baf8-bbec2955e7c9@group-EE85626A98D9-LeaderElection18] INFO  impl.RaftServerImpl (RaftServerImpl.java:setRole(204)) - 6177e5e9-2a89-4341-baf8-bbec2955e7c9@group-EE85626A98D9: changes role from CANDIDATE to LEADER at term 1 for changeToLeader
2020-12-11 14:19:19,539 [6177e5e9-2a89-4341-baf8-bbec2955e7c9@group-EE85626A98D9-LeaderElection18] INFO  ratis.XceiverServerRatis (XceiverServerRatis.java:handleLeaderChangedNotification(854)) - Leader change notification received for group: group-EE85626A98D9 with new leaderId: 6177e5e9-2a89-4341-baf8-bbec2955e7c9
2020-12-11 14:19:19,539 [6177e5e9-2a89-4341-baf8-bbec2955e7c9@group-EE85626A98D9-LeaderElection18] INFO  impl.RaftServerImpl (ServerState.java:setLeader(256)) - 6177e5e9-2a89-4341-baf8-bbec2955e7c9@group-EE85626A98D9: change Leader from null to 6177e5e9-2a89-4341-baf8-bbec2955e7c9 at term 1 for becomeLeader, leader elected after 5124ms
2020-12-11 14:19:19,539 [6177e5e9-2a89-4341-baf8-bbec2955e7c9@group-EE85626A98D9-LeaderElection18] INFO  server.RaftServerConfigKeys (ConfUtils.java:logGet(44)) - raft.server.staging.catchup.gap = 1000 (default)
2020-12-11 14:19:19,539 [6177e5e9-2a89-4341-baf8-bbec2955e7c9@group-EE85626A98D9-LeaderElection18] INFO  server.RaftServerConfigKeys (ConfUtils.java:logGet(44)) - raft.server.rpc.sleep.time = 25ms (default)
2020-12-11 14:19:19,539 [6177e5e9-2a89-4341-baf8-bbec2955e7c9@group-EE85626A98D9-LeaderElection18] INFO  metrics.RatisMetrics (RatisMetrics.java:lambda$create$0(36)) - Creating Metrics Registry : ratis.log_appender.6177e5e9-2a89-4341-baf8-bbec2955e7c9@group-EE85626A98D9
2020-12-11 14:19:19,539 [6177e5e9-2a89-4341-baf8-bbec2955e7c9@group-EE85626A98D9-LeaderElection18] INFO  server.RaftServerConfigKeys (ConfUtils.java:logGet(44)) - raft.server.write.element-limit = 1024 (custom)
2020-12-11 14:19:19,539 [6177e5e9-2a89-4341-baf8-bbec2955e7c9@group-EE85626A98D9-LeaderElection18] INFO  server.RaftServerConfigKeys (ConfUtils.java:logGet(44)) - raft.server.write.byte-limit = 1073741824 (custom)
2020-12-11 14:19:19,539 [6177e5e9-2a89-4341-baf8-bbec2955e7c9@group-EE85626A98D9-LeaderElection18] INFO  server.RaftServerConfigKeys (ConfUtils.java:logGet(44)) - raft.server.watch.timeout = 180s (custom)
2020-12-11 14:19:19,539 [6177e5e9-2a89-4341-baf8-bbec2955e7c9@group-EE85626A98D9-LeaderElection18] INFO  server.RaftServerConfigKeys (ConfUtils.java:logGet(44)) - raft.server.watch.timeout.denomination = 1s (default)
2020-12-11 14:19:19,539 [6177e5e9-2a89-4341-baf8-bbec2955e7c9@group-EE85626A98D9-LeaderElection18] INFO  server.RaftServerConfigKeys (ConfUtils.java:logGet(44)) - raft.server.watch.element-limit = 65536 (default)
2020-12-11 14:19:19,540 [6177e5e9-2a89-4341-baf8-bbec2955e7c9@group-EE85626A98D9-LeaderElection18] INFO  server.RaftServerConfigKeys (ConfUtils.java:logGet(44)) - raft.server.log.appender.snapshot.chunk.size.max = 16MB (=16777216) (default)
2020-12-11 14:19:19,540 [6177e5e9-2a89-4341-baf8-bbec2955e7c9@group-EE85626A98D9-LeaderElection18] INFO  server.RaftServerConfigKeys (ConfUtils.java:logGet(44)) - raft.server.log.appender.buffer.byte-limit = 33554432 (custom)
2020-12-11 14:19:19,540 [6177e5e9-2a89-4341-baf8-bbec2955e7c9@group-EE85626A98D9-LeaderElection18] INFO  server.RaftServerConfigKeys (ConfUtils.java:logGet(44)) - raft.server.log.appender.buffer.element-limit = 1 (custom)
2020-12-11 14:19:19,540 [6177e5e9-2a89-4341-baf8-bbec2955e7c9@group-EE85626A98D9-LeaderElection18] INFO  grpc.GrpcConfigKeys (ConfUtils.java:logGet(44)) - raft.grpc.server.leader.outstanding.appends.max = 128 (default)
2020-12-11 14:19:19,540 [6177e5e9-2a89-4341-baf8-bbec2955e7c9@group-EE85626A98D9-LeaderElection18] INFO  server.RaftServerConfigKeys (ConfUtils.java:logGet(44)) - raft.server.rpc.request.timeout = 60s (custom)
2020-12-11 14:19:19,540 [6177e5e9-2a89-4341-baf8-bbec2955e7c9@group-EE85626A98D9-LeaderElection18] INFO  server.RaftServerConfigKeys (ConfUtils.java:logGet(44)) - raft.server.log.appender.install.snapshot.enabled = false (custom)
2020-12-11 14:19:19,540 [6177e5e9-2a89-4341-baf8-bbec2955e7c9@group-EE85626A98D9-LeaderElection18] INFO  metrics.RatisMetrics (RatisMetrics.java:lambda$create$0(36)) - Creating Metrics Registry : ratis_grpc.log_appender.6177e5e9-2a89-4341-baf8-bbec2955e7c9@group-EE85626A98D9
2020-12-11 14:19:19,541 [6177e5e9-2a89-4341-baf8-bbec2955e7c9@group-EE85626A98D9-LeaderElection18] INFO  server.RaftServerConfigKeys (ConfUtils.java:logGet(44)) - raft.server.log.appender.snapshot.chunk.size.max = 16MB (=16777216) (default)
2020-12-11 14:19:19,541 [6177e5e9-2a89-4341-baf8-bbec2955e7c9@group-EE85626A98D9-LeaderElection18] INFO  server.RaftServerConfigKeys (ConfUtils.java:logGet(44)) - raft.server.log.appender.buffer.byte-limit = 33554432 (custom)
2020-12-11 14:19:19,541 [6177e5e9-2a89-4341-baf8-bbec2955e7c9@group-EE85626A98D9-LeaderElection18] INFO  server.RaftServerConfigKeys (ConfUtils.java:logGet(44)) - raft.server.log.appender.buffer.element-limit = 1 (custom)
2020-12-11 14:19:19,541 [6177e5e9-2a89-4341-baf8-bbec2955e7c9@group-EE85626A98D9-LeaderElection18] INFO  grpc.GrpcConfigKeys (ConfUtils.java:logGet(44)) - raft.grpc.server.leader.outstanding.appends.max = 128 (default)
2020-12-11 14:19:19,541 [6177e5e9-2a89-4341-baf8-bbec2955e7c9@group-EE85626A98D9-LeaderElection18] INFO  server.RaftServerConfigKeys (ConfUtils.java:logGet(44)) - raft.server.rpc.request.timeout = 60s (custom)
2020-12-11 14:19:19,541 [6177e5e9-2a89-4341-baf8-bbec2955e7c9@group-EE85626A98D9-LeaderElection18] INFO  server.RaftServerConfigKeys (ConfUtils.java:logGet(44)) - raft.server.log.appender.install.snapshot.enabled = false (custom)
2020-12-11 14:19:19,542 [6177e5e9-2a89-4341-baf8-bbec2955e7c9@group-EE85626A98D9-LeaderElection18] INFO  impl.RoleInfo (RoleInfo.java:updateAndGet(143)) - 6177e5e9-2a89-4341-baf8-bbec2955e7c9: start 6177e5e9-2a89-4341-baf8-bbec2955e7c9@group-EE85626A98D9-LeaderState
2020-12-11 14:19:19,542 [6177e5e9-2a89-4341-baf8-bbec2955e7c9@group-EE85626A98D9-LeaderElection18] INFO  segmented.SegmentedRaftLogWorker (SegmentedRaftLogWorker.java:startLogSegment(398)) - 6177e5e9-2a89-4341-baf8-bbec2955e7c9@group-EE85626A98D9-SegmentedRaftLogWorker: Starting segment from index:0
2020-12-11 14:19:19,542 [EventQueue-PipelineReportForPipelineReportHandler] INFO  pipeline.PipelineStateManager (PipelineStateManager.java:openPipeline(132)) - Pipeline Pipeline[ Id: f87edba7-5f67-403d-bf3a-ee85626a98d9, Nodes: 1f76fe74-9ac9-4278-b8d3-859f8312f824{ip: 172.17.0.2, host: cfd2ce0fb241, networkLocation: /default-rack, certSerialId: null, persistedOpState: IN_SERVICE, persistedOpStateExpiryEpochSec: 0}1ac8e757-626b-4b72-bb8b-00adfc4da993{ip: 172.17.0.2, host: cfd2ce0fb241, networkLocation: /default-rack, certSerialId: null, persistedOpState: IN_SERVICE, persistedOpStateExpiryEpochSec: 0}6177e5e9-2a89-4341-baf8-bbec2955e7c9{ip: 172.17.0.2, host: cfd2ce0fb241, networkLocation: /default-rack, certSerialId: null, persistedOpState: IN_SERVICE, persistedOpStateExpiryEpochSec: 0}, Type:RATIS, Factor:THREE, State:ALLOCATED, leaderId:6177e5e9-2a89-4341-baf8-bbec2955e7c9, CreationTimestamp2020-12-11T14:19:11.633Z] moved to OPEN state
2020-12-11 14:19:19,549 [6177e5e9-2a89-4341-baf8-bbec2955e7c9@group-EE85626A98D9-LeaderElection18] INFO  impl.RaftServerImpl (ServerState.java:setRaftConf(374)) - 6177e5e9-2a89-4341-baf8-bbec2955e7c9@group-EE85626A98D9: set configuration 0: [1f76fe74-9ac9-4278-b8d3-859f8312f824|rpc:172.17.0.2:37521|dataStream:, 1ac8e757-626b-4b72-bb8b-00adfc4da993|rpc:172.17.0.2:35785|dataStream:, 6177e5e9-2a89-4341-baf8-bbec2955e7c9|rpc:172.17.0.2:41133|dataStream:], old=null at 0
2020-12-11 14:19:19,544 [6177e5e9-2a89-4341-baf8-bbec2955e7c9@group-EE85626A98D9-SegmentedRaftLogWorker] INFO  segmented.SegmentedRaftLogWorker (SegmentedRaftLogWorker.java:execute(597)) - 6177e5e9-2a89-4341-baf8-bbec2955e7c9@group-EE85626A98D9-SegmentedRaftLogWorker: created new log segment /github/workspace/mnt/ozone/hadoop-ozone/integration-test/target/test-dir/MiniOzoneClusterImpl-f6ec90cd-9249-41c8-b5e0-41cfbed7d430/datanode-5/data/ratis/f87edba7-5f67-403d-bf3a-ee85626a98d9/current/log_inprogress_0
2020-12-11 14:19:19,550 [grpc-default-executor-0] INFO  impl.RaftServerImpl (RaftServerImpl.java:requestVote(953)) - 6177e5e9-2a89-4341-baf8-bbec2955e7c9@group-EE85626A98D9-   LEADER: Withhold vote from candidate 1ac8e757-626b-4b72-bb8b-00adfc4da993 with term 1. State: leader=6177e5e9-2a89-4341-baf8-bbec2955e7c9, term=1, lastRpcElapsed=null
2020-12-11 14:19:19,555 [grpc-default-executor-2] INFO  ratis.XceiverServerRatis (XceiverServerRatis.java:handleLeaderChangedNotification(854)) - Leader change notification received for group: group-EE85626A98D9 with new leaderId: 6177e5e9-2a89-4341-baf8-bbec2955e7c9
2020-12-11 14:19:19,555 [grpc-default-executor-2] INFO  impl.RaftServerImpl (ServerState.java:setLeader(256)) - 1f76fe74-9ac9-4278-b8d3-859f8312f824@group-EE85626A98D9: change Leader from null to 6177e5e9-2a89-4341-baf8-bbec2955e7c9 at term 1 for appendEntries, leader elected after 5179ms
2020-12-11 14:19:19,558 [grpc-default-executor-0] INFO  impl.RaftServerImpl (ServerState.java:setRaftConf(374)) - 1f76fe74-9ac9-4278-b8d3-859f8312f824@group-EE85626A98D9: set configuration 0: [1f76fe74-9ac9-4278-b8d3-859f8312f824|rpc:172.17.0.2:37521|dataStream:, 1ac8e757-626b-4b72-bb8b-00adfc4da993|rpc:172.17.0.2:35785|dataStream:, 6177e5e9-2a89-4341-baf8-bbec2955e7c9|rpc:172.17.0.2:41133|dataStream:], old=null at 0
2020-12-11 14:19:19,558 [1ac8e757-626b-4b72-bb8b-00adfc4da993@group-EE85626A98D9-LeaderElection19] INFO  impl.LeaderElection (LeaderElection.java:logAndReturn(65)) - 1ac8e757-626b-4b72-bb8b-00adfc4da993@group-EE85626A98D9-LeaderElection19: Election REJECTED; received 2 response(s) [1ac8e757-626b-4b72-bb8b-00adfc4da993<-1f76fe74-9ac9-4278-b8d3-859f8312f824#0:FAIL-t1, 1ac8e757-626b-4b72-bb8b-00adfc4da993<-6177e5e9-2a89-4341-baf8-bbec2955e7c9#0:FAIL-t1] and 0 exception(s); 1ac8e757-626b-4b72-bb8b-00adfc4da993@group-EE85626A98D9:t1, leader=null, voted=1ac8e757-626b-4b72-bb8b-00adfc4da993, raftlog=1ac8e757-626b-4b72-bb8b-00adfc4da993@group-EE85626A98D9-SegmentedRaftLog:OPENED:c-1,f-1,i0, conf=-1: [1f76fe74-9ac9-4278-b8d3-859f8312f824|rpc:172.17.0.2:37521, 1ac8e757-626b-4b72-bb8b-00adfc4da993|rpc:172.17.0.2:35785, 6177e5e9-2a89-4341-baf8-bbec2955e7c9|rpc:172.17.0.2:41133], old=null
2020-12-11 14:19:19,558 [1ac8e757-626b-4b72-bb8b-00adfc4da993@group-EE85626A98D9-LeaderElection19] INFO  impl.RaftServerImpl (RaftServerImpl.java:setRole(204)) - 1ac8e757-626b-4b72-bb8b-00adfc4da993@group-EE85626A98D9: changes role from CANDIDATE to FOLLOWER at term 1 for DISCOVERED_A_NEW_TERM
2020-12-11 14:19:19,558 [1ac8e757-626b-4b72-bb8b-00adfc4da993@group-EE85626A98D9-LeaderElection19] INFO  impl.RoleInfo (RoleInfo.java:shutdownLeaderElection(134)) - 1ac8e757-626b-4b72-bb8b-00adfc4da993: shutdown 1ac8e757-626b-4b72-bb8b-00adfc4da993@group-EE85626A98D9-LeaderElection19
2020-12-11 14:19:19,558 [1ac8e757-626b-4b72-bb8b-00adfc4da993@group-EE85626A98D9-LeaderElection19] INFO  impl.RoleInfo (RoleInfo.java:updateAndGet(143)) - 1ac8e757-626b-4b72-bb8b-00adfc4da993: start 1ac8e757-626b-4b72-bb8b-00adfc4da993@group-EE85626A98D9-FollowerState
2020-12-11 14:19:19,558 [grpc-default-executor-0] INFO  segmented.SegmentedRaftLogWorker (SegmentedRaftLogWorker.java:startLogSegment(398)) - 1f76fe74-9ac9-4278-b8d3-859f8312f824@group-EE85626A98D9-SegmentedRaftLogWorker: Starting segment from index:0
2020-12-11 14:19:19,566 [grpc-default-executor-3] INFO  ratis.XceiverServerRatis (XceiverServerRatis.java:handleLeaderChangedNotification(854)) - Leader change notification received for group: group-EE85626A98D9 with new leaderId: 6177e5e9-2a89-4341-baf8-bbec2955e7c9
2020-12-11 14:19:19,567 [grpc-default-executor-3] INFO  impl.RaftServerImpl (ServerState.java:setLeader(256)) - 1ac8e757-626b-4b72-bb8b-00adfc4da993@group-EE85626A98D9: change Leader from null to 6177e5e9-2a89-4341-baf8-bbec2955e7c9 at term 1 for appendEntries, leader elected after 5230ms
2020-12-11 14:19:19,569 [1f76fe74-9ac9-4278-b8d3-859f8312f824@group-EE85626A98D9-SegmentedRaftLogWorker] INFO  segmented.SegmentedRaftLogWorker (SegmentedRaftLogWorker.java:execute(597)) - 1f76fe74-9ac9-4278-b8d3-859f8312f824@group-EE85626A98D9-SegmentedRaftLogWorker: created new log segment /github/workspace/mnt/ozone/hadoop-ozone/integration-test/target/test-dir/MiniOzoneClusterImpl-f6ec90cd-9249-41c8-b5e0-41cfbed7d430/datanode-4/data/ratis/f87edba7-5f67-403d-bf3a-ee85626a98d9/current/log_inprogress_0
2020-12-11 14:19:19,571 [grpc-default-executor-3] INFO  impl.RaftServerImpl (ServerState.java:setRaftConf(374)) - 1ac8e757-626b-4b72-bb8b-00adfc4da993@group-EE85626A98D9: set configuration 0: [1f76fe74-9ac9-4278-b8d3-859f8312f824|rpc:172.17.0.2:37521|dataStream:, 1ac8e757-626b-4b72-bb8b-00adfc4da993|rpc:172.17.0.2:35785|dataStream:, 6177e5e9-2a89-4341-baf8-bbec2955e7c9|rpc:172.17.0.2:41133|dataStream:], old=null at 0
2020-12-11 14:19:19,574 [grpc-default-executor-3] INFO  segmented.SegmentedRaftLogWorker (SegmentedRaftLogWorker.java:startLogSegment(398)) - 1ac8e757-626b-4b72-bb8b-00adfc4da993@group-EE85626A98D9-SegmentedRaftLogWorker: Starting segment from index:0
2020-12-11 14:19:19,576 [1ac8e757-626b-4b72-bb8b-00adfc4da993@group-EE85626A98D9-SegmentedRaftLogWorker] INFO  segmented.SegmentedRaftLogWorker (SegmentedRaftLogWorker.java:execute(597)) - 1ac8e757-626b-4b72-bb8b-00adfc4da993@group-EE85626A98D9-SegmentedRaftLogWorker: created new log segment /github/workspace/mnt/ozone/hadoop-ozone/integration-test/target/test-dir/MiniOzoneClusterImpl-f6ec90cd-9249-41c8-b5e0-41cfbed7d430/datanode-3/data/ratis/f87edba7-5f67-403d-bf3a-ee85626a98d9/current/log_inprogress_0
2020-12-11 14:19:19,672 [Thread-624] INFO  impl.FollowerState (FollowerState.java:run(128)) - 1f76fe74-9ac9-4278-b8d3-859f8312f824@group-4C611074549F-FollowerState: change to CANDIDATE, lastRpcTime:5192ms, electionTimeout:5192ms
2020-12-11 14:19:19,673 [Thread-624] INFO  impl.RoleInfo (RoleInfo.java:shutdownFollowerState(121)) - 1f76fe74-9ac9-4278-b8d3-859f8312f824: shutdown 1f76fe74-9ac9-4278-b8d3-859f8312f824@group-4C611074549F-FollowerState
2020-12-11 14:19:19,673 [Thread-624] INFO  impl.RaftServerImpl (RaftServerImpl.java:setRole(204)) - 1f76fe74-9ac9-4278-b8d3-859f8312f824@group-4C611074549F: changes role from  FOLLOWER to CANDIDATE at term 0 for changeToCandidate
2020-12-11 14:19:19,673 [Thread-624] INFO  impl.RoleInfo (RoleInfo.java:updateAndGet(143)) - 1f76fe74-9ac9-4278-b8d3-859f8312f824: start 1f76fe74-9ac9-4278-b8d3-859f8312f824@group-4C611074549F-LeaderElection20
2020-12-11 14:19:19,676 [1f76fe74-9ac9-4278-b8d3-859f8312f824@group-4C611074549F-LeaderElection20] INFO  impl.LeaderElection (LeaderElection.java:askForVotes(215)) - 1f76fe74-9ac9-4278-b8d3-859f8312f824@group-4C611074549F-LeaderElection20: begin an election at term 1 for -1: [1f76fe74-9ac9-4278-b8d3-859f8312f824|rpc:172.17.0.2:37521], old=null
2020-12-11 14:19:19,676 [1f76fe74-9ac9-4278-b8d3-859f8312f824@group-4C611074549F-LeaderElection20] INFO  impl.RoleInfo (RoleInfo.java:shutdownLeaderElection(134)) - 1f76fe74-9ac9-4278-b8d3-859f8312f824: shutdown 1f76fe74-9ac9-4278-b8d3-859f8312f824@group-4C611074549F-LeaderElection20
2020-12-11 14:19:19,676 [1f76fe74-9ac9-4278-b8d3-859f8312f824@group-4C611074549F-LeaderElection20] INFO  impl.RaftServerImpl (RaftServerImpl.java:setRole(204)) - 1f76fe74-9ac9-4278-b8d3-859f8312f824@group-4C611074549F: changes role from CANDIDATE to LEADER at term 1 for changeToLeader
2020-12-11 14:19:19,676 [1f76fe74-9ac9-4278-b8d3-859f8312f824@group-4C611074549F-LeaderElection20] INFO  ratis.XceiverServerRatis (XceiverServerRatis.java:handleLeaderChangedNotification(854)) - Leader change notification received for group: group-4C611074549F with new leaderId: 1f76fe74-9ac9-4278-b8d3-859f8312f824
2020-12-11 14:19:19,676 [1f76fe74-9ac9-4278-b8d3-859f8312f824@group-4C611074549F-LeaderElection20] INFO  impl.RaftServerImpl (ServerState.java:setLeader(256)) - 1f76fe74-9ac9-4278-b8d3-859f8312f824@group-4C611074549F: change Leader from null to 1f76fe74-9ac9-4278-b8d3-859f8312f824 at term 1 for becomeLeader, leader elected after 5201ms
2020-12-11 14:19:19,676 [1f76fe74-9ac9-4278-b8d3-859f8312f824@group-4C611074549F-LeaderElection20] INFO  server.RaftServerConfigKeys (ConfUtils.java:logGet(44)) - raft.server.staging.catchup.gap = 1000 (default)
2020-12-11 14:19:19,676 [1f76fe74-9ac9-4278-b8d3-859f8312f824@group-4C611074549F-LeaderElection20] INFO  server.RaftServerConfigKeys (ConfUtils.java:logGet(44)) - raft.server.rpc.sleep.time = 25ms (default)
2020-12-11 14:19:19,677 [1f76fe74-9ac9-4278-b8d3-859f8312f824@group-4C611074549F-LeaderElection20] INFO  metrics.RatisMetrics (RatisMetrics.java:lambda$create$0(36)) - Creating Metrics Registry : ratis.log_appender.1f76fe74-9ac9-4278-b8d3-859f8312f824@group-4C611074549F
2020-12-11 14:19:19,677 [1f76fe74-9ac9-4278-b8d3-859f8312f824@group-4C611074549F-LeaderElection20] INFO  server.RaftServerConfigKeys (ConfUtils.java:logGet(44)) - raft.server.write.element-limit = 1024 (custom)
2020-12-11 14:19:19,677 [1f76fe74-9ac9-4278-b8d3-859f8312f824@group-4C611074549F-LeaderElection20] INFO  server.RaftServerConfigKeys (ConfUtils.java:logGet(44)) - raft.server.write.byte-limit = 1073741824 (custom)
2020-12-11 14:19:19,677 [1f76fe74-9ac9-4278-b8d3-859f8312f824@group-4C611074549F-LeaderElection20] INFO  server.RaftServerConfigKeys (ConfUtils.java:logGet(44)) - raft.server.watch.timeout = 180s (custom)
2020-12-11 14:19:19,677 [1f76fe74-9ac9-4278-b8d3-859f8312f824@group-4C611074549F-LeaderElection20] INFO  server.RaftServerConfigKeys (ConfUtils.java:logGet(44)) - raft.server.watch.timeout.denomination = 1s (default)
2020-12-11 14:19:19,677 [1f76fe74-9ac9-4278-b8d3-859f8312f824@group-4C611074549F-LeaderElection20] INFO  server.RaftServerConfigKeys (ConfUtils.java:logGet(44)) - raft.server.watch.element-limit = 65536 (default)
2020-12-11 14:19:19,677 [1f76fe74-9ac9-4278-b8d3-859f8312f824@group-4C611074549F-LeaderElection20] INFO  impl.RoleInfo (RoleInfo.java:updateAndGet(143)) - 1f76fe74-9ac9-4278-b8d3-859f8312f824: start 1f76fe74-9ac9-4278-b8d3-859f8312f824@group-4C611074549F-LeaderState
2020-12-11 14:19:19,678 [1f76fe74-9ac9-4278-b8d3-859f8312f824@group-4C611074549F-LeaderElection20] INFO  segmented.SegmentedRaftLogWorker (SegmentedRaftLogWorker.java:startLogSegment(398)) - 1f76fe74-9ac9-4278-b8d3-859f8312f824@group-4C611074549F-SegmentedRaftLogWorker: Starting segment from index:0
2020-12-11 14:19:19,679 [1f76fe74-9ac9-4278-b8d3-859f8312f824@group-4C611074549F-SegmentedRaftLogWorker] INFO  segmented.SegmentedRaftLogWorker (SegmentedRaftLogWorker.java:execute(597)) - 1f76fe74-9ac9-4278-b8d3-859f8312f824@group-4C611074549F-SegmentedRaftLogWorker: created new log segment /github/workspace/mnt/ozone/hadoop-ozone/integration-test/target/test-dir/MiniOzoneClusterImpl-f6ec90cd-9249-41c8-b5e0-41cfbed7d430/datanode-4/data/ratis/35f8d68d-dc95-4d6e-85e2-4c611074549f/current/log_inprogress_0
2020-12-11 14:19:19,680 [1f76fe74-9ac9-4278-b8d3-859f8312f824@group-4C611074549F-LeaderElection20] INFO  impl.RaftServerImpl (ServerState.java:setRaftConf(374)) - 1f76fe74-9ac9-4278-b8d3-859f8312f824@group-4C611074549F: set configuration 0: [1f76fe74-9ac9-4278-b8d3-859f8312f824|rpc:172.17.0.2:37521|dataStream:], old=null at 0
2020-12-11 14:19:19,792 [Listener at 127.0.0.1/43915] INFO  ozone.MiniOzoneClusterImpl (MiniOzoneClusterImpl.java:lambda$waitForClusterToBeReady$0(178)) - Nodes are ready. Got 7 of 7 DN Heartbeats.
2020-12-11 14:19:19,793 [Listener at 127.0.0.1/43915] INFO  ozone.MiniOzoneClusterImpl (MiniOzoneClusterImpl.java:lambda$waitForClusterToBeReady$0(181)) - Cluster exits safe mode
2020-12-11 14:19:19,802 [Listener at 127.0.0.1/43915] INFO  rpc.RpcClient (RpcClient.java:createVolume(272)) - Creating Volume: testblockoutputstreamwithretries, with jenkins1001 as owner.
2020-12-11 14:19:19,803 [IPC Server handler 2 on default port 43915] INFO  volume.OMVolumeCreateRequest (OMVolumeCreateRequest.java:validateAndUpdateCache(196)) - created volume:testblockoutputstreamwithretries for user:jenkins1001
2020-12-11 14:19:19,809 [Listener at 127.0.0.1/43915] INFO  rpc.RpcClient (RpcClient.java:createBucket(425)) - Creating Bucket: testblockoutputstreamwithretries/testblockoutputstreamwithretries, with Versioning false and Storage Type set to DISK and Encryption set to false 
2020-12-11 14:19:19,825 [org.apache.ratis.server.JvmPauseMonitor@20ccb016-Monitor] WARN  server.JvmPauseMonitor (JvmPauseMonitor.java:run(141)) - Detected pause in JVM or host machine (eg GC): pause of approximately 1ms
No GCs detected
2020-12-11 14:19:19,828 [Listener at 127.0.0.1/43915] INFO  metrics.RatisMetrics (RatisMetrics.java:lambda$create$0(36)) - Creating Metrics Registry : ratis.client_message_metrics.client-C6D6E9287C19->1e19d63f-6462-4e22-a106-6f9be0aefcff
2020-12-11 14:19:19,838 [Thread-626] INFO  impl.FollowerState (FollowerState.java:run(128)) - 6177e5e9-2a89-4341-baf8-bbec2955e7c9@group-FD00C5A5A8FC-FollowerState: change to CANDIDATE, lastRpcTime:5183ms, electionTimeout:5182ms
2020-12-11 14:19:19,838 [Thread-626] INFO  impl.RoleInfo (RoleInfo.java:shutdownFollowerState(121)) - 6177e5e9-2a89-4341-baf8-bbec2955e7c9: shutdown 6177e5e9-2a89-4341-baf8-bbec2955e7c9@group-FD00C5A5A8FC-FollowerState
2020-12-11 14:19:19,838 [Thread-626] INFO  impl.RaftServerImpl (RaftServerImpl.java:setRole(204)) - 6177e5e9-2a89-4341-baf8-bbec2955e7c9@group-FD00C5A5A8FC: changes role from  FOLLOWER to CANDIDATE at term 0 for changeToCandidate
2020-12-11 14:19:19,838 [Thread-626] INFO  impl.RoleInfo (RoleInfo.java:updateAndGet(143)) - 6177e5e9-2a89-4341-baf8-bbec2955e7c9: start 6177e5e9-2a89-4341-baf8-bbec2955e7c9@group-FD00C5A5A8FC-LeaderElection21
2020-12-11 14:19:19,843 [6177e5e9-2a89-4341-baf8-bbec2955e7c9@group-FD00C5A5A8FC-LeaderElection21] INFO  impl.LeaderElection (LeaderElection.java:askForVotes(215)) - 6177e5e9-2a89-4341-baf8-bbec2955e7c9@group-FD00C5A5A8FC-LeaderElection21: begin an election at term 1 for -1: [6177e5e9-2a89-4341-baf8-bbec2955e7c9|rpc:172.17.0.2:41133], old=null
2020-12-11 14:19:19,844 [6177e5e9-2a89-4341-baf8-bbec2955e7c9@group-FD00C5A5A8FC-LeaderElection21] INFO  impl.RoleInfo (RoleInfo.java:shutdownLeaderElection(134)) - 6177e5e9-2a89-4341-baf8-bbec2955e7c9: shutdown 6177e5e9-2a89-4341-baf8-bbec2955e7c9@group-FD00C5A5A8FC-LeaderElection21
2020-12-11 14:19:19,844 [6177e5e9-2a89-4341-baf8-bbec2955e7c9@group-FD00C5A5A8FC-LeaderElection21] INFO  impl.RaftServerImpl (RaftServerImpl.java:setRole(204)) - 6177e5e9-2a89-4341-baf8-bbec2955e7c9@group-FD00C5A5A8FC: changes role from CANDIDATE to LEADER at term 1 for changeToLeader
2020-12-11 14:19:19,844 [6177e5e9-2a89-4341-baf8-bbec2955e7c9@group-FD00C5A5A8FC-LeaderElection21] INFO  ratis.XceiverServerRatis (XceiverServerRatis.java:handleLeaderChangedNotification(854)) - Leader change notification received for group: group-FD00C5A5A8FC with new leaderId: 6177e5e9-2a89-4341-baf8-bbec2955e7c9
2020-12-11 14:19:19,845 [6177e5e9-2a89-4341-baf8-bbec2955e7c9@group-FD00C5A5A8FC-LeaderElection21] INFO  impl.RaftServerImpl (ServerState.java:setLeader(256)) - 6177e5e9-2a89-4341-baf8-bbec2955e7c9@group-FD00C5A5A8FC: change Leader from null to 6177e5e9-2a89-4341-baf8-bbec2955e7c9 at term 1 for becomeLeader, leader elected after 5209ms
2020-12-11 14:19:19,845 [6177e5e9-2a89-4341-baf8-bbec2955e7c9@group-FD00C5A5A8FC-LeaderElection21] INFO  server.RaftServerConfigKeys (ConfUtils.java:logGet(44)) - raft.server.staging.catchup.gap = 1000 (default)
2020-12-11 14:19:19,846 [6177e5e9-2a89-4341-baf8-bbec2955e7c9@group-FD00C5A5A8FC-LeaderElection21] INFO  server.RaftServerConfigKeys (ConfUtils.java:logGet(44)) - raft.server.rpc.sleep.time = 25ms (default)
2020-12-11 14:19:19,846 [6177e5e9-2a89-4341-baf8-bbec2955e7c9@group-FD00C5A5A8FC-LeaderElection21] INFO  metrics.RatisMetrics (RatisMetrics.java:lambda$create$0(36)) - Creating Metrics Registry : ratis.log_appender.6177e5e9-2a89-4341-baf8-bbec2955e7c9@group-FD00C5A5A8FC
2020-12-11 14:19:19,846 [6177e5e9-2a89-4341-baf8-bbec2955e7c9@group-FD00C5A5A8FC-LeaderElection21] INFO  server.RaftServerConfigKeys (ConfUtils.java:logGet(44)) - raft.server.write.element-limit = 1024 (custom)
2020-12-11 14:19:19,846 [6177e5e9-2a89-4341-baf8-bbec2955e7c9@group-FD00C5A5A8FC-LeaderElection21] INFO  server.RaftServerConfigKeys (ConfUtils.java:logGet(44)) - raft.server.write.byte-limit = 1073741824 (custom)
2020-12-11 14:19:19,847 [6177e5e9-2a89-4341-baf8-bbec2955e7c9@group-FD00C5A5A8FC-LeaderElection21] INFO  server.RaftServerConfigKeys (ConfUtils.java:logGet(44)) - raft.server.watch.timeout = 180s (custom)
2020-12-11 14:19:19,847 [6177e5e9-2a89-4341-baf8-bbec2955e7c9@group-FD00C5A5A8FC-LeaderElection21] INFO  server.RaftServerConfigKeys (ConfUtils.java:logGet(44)) - raft.server.watch.timeout.denomination = 1s (default)
2020-12-11 14:19:19,847 [6177e5e9-2a89-4341-baf8-bbec2955e7c9@group-FD00C5A5A8FC-LeaderElection21] INFO  server.RaftServerConfigKeys (ConfUtils.java:logGet(44)) - raft.server.watch.element-limit = 65536 (default)
2020-12-11 14:19:19,847 [6177e5e9-2a89-4341-baf8-bbec2955e7c9@group-FD00C5A5A8FC-LeaderElection21] INFO  impl.RoleInfo (RoleInfo.java:updateAndGet(143)) - 6177e5e9-2a89-4341-baf8-bbec2955e7c9: start 6177e5e9-2a89-4341-baf8-bbec2955e7c9@group-FD00C5A5A8FC-LeaderState
2020-12-11 14:19:19,848 [6177e5e9-2a89-4341-baf8-bbec2955e7c9@group-FD00C5A5A8FC-LeaderElection21] INFO  segmented.SegmentedRaftLogWorker (SegmentedRaftLogWorker.java:startLogSegment(398)) - 6177e5e9-2a89-4341-baf8-bbec2955e7c9@group-FD00C5A5A8FC-SegmentedRaftLogWorker: Starting segment from index:0
2020-12-11 14:19:19,849 [6177e5e9-2a89-4341-baf8-bbec2955e7c9@group-FD00C5A5A8FC-LeaderElection21] INFO  impl.RaftServerImpl (ServerState.java:setRaftConf(374)) - 6177e5e9-2a89-4341-baf8-bbec2955e7c9@group-FD00C5A5A8FC: set configuration 0: [6177e5e9-2a89-4341-baf8-bbec2955e7c9|rpc:172.17.0.2:41133|dataStream:], old=null at 0
2020-12-11 14:19:19,849 [6177e5e9-2a89-4341-baf8-bbec2955e7c9@group-FD00C5A5A8FC-SegmentedRaftLogWorker] INFO  segmented.SegmentedRaftLogWorker (SegmentedRaftLogWorker.java:execute(597)) - 6177e5e9-2a89-4341-baf8-bbec2955e7c9@group-FD00C5A5A8FC-SegmentedRaftLogWorker: created new log segment /github/workspace/mnt/ozone/hadoop-ozone/integration-test/target/test-dir/MiniOzoneClusterImpl-f6ec90cd-9249-41c8-b5e0-41cfbed7d430/datanode-5/data/ratis/263adf68-9de9-4688-9565-fd00c5a5a8fc/current/log_inprogress_0
2020-12-11 14:19:19,899 [Thread-628] INFO  impl.FollowerState (FollowerState.java:run(128)) - b64ecab1-a9a6-4a36-bfad-80c590b1cb6b@group-78DEF98344CE-FollowerState: change to CANDIDATE, lastRpcTime:5088ms, electionTimeout:5088ms
2020-12-11 14:19:19,899 [Thread-628] INFO  impl.RoleInfo (RoleInfo.java:shutdownFollowerState(121)) - b64ecab1-a9a6-4a36-bfad-80c590b1cb6b: shutdown b64ecab1-a9a6-4a36-bfad-80c590b1cb6b@group-78DEF98344CE-FollowerState
2020-12-11 14:19:19,899 [Thread-628] INFO  impl.RaftServerImpl (RaftServerImpl.java:setRole(204)) - b64ecab1-a9a6-4a36-bfad-80c590b1cb6b@group-78DEF98344CE: changes role from  FOLLOWER to CANDIDATE at term 0 for changeToCandidate
2020-12-11 14:19:19,899 [Thread-628] INFO  impl.RoleInfo (RoleInfo.java:updateAndGet(143)) - b64ecab1-a9a6-4a36-bfad-80c590b1cb6b: start b64ecab1-a9a6-4a36-bfad-80c590b1cb6b@group-78DEF98344CE-LeaderElection22
2020-12-11 14:19:19,905 [b64ecab1-a9a6-4a36-bfad-80c590b1cb6b@group-78DEF98344CE-LeaderElection22] INFO  impl.LeaderElection (LeaderElection.java:askForVotes(215)) - b64ecab1-a9a6-4a36-bfad-80c590b1cb6b@group-78DEF98344CE-LeaderElection22: begin an election at term 1 for -1: [b64ecab1-a9a6-4a36-bfad-80c590b1cb6b|rpc:172.17.0.2:46429], old=null
2020-12-11 14:19:19,905 [b64ecab1-a9a6-4a36-bfad-80c590b1cb6b@group-78DEF98344CE-LeaderElection22] INFO  impl.RoleInfo (RoleInfo.java:shutdownLeaderElection(134)) - b64ecab1-a9a6-4a36-bfad-80c590b1cb6b: shutdown b64ecab1-a9a6-4a36-bfad-80c590b1cb6b@group-78DEF98344CE-LeaderElection22
2020-12-11 14:19:19,905 [b64ecab1-a9a6-4a36-bfad-80c590b1cb6b@group-78DEF98344CE-LeaderElection22] INFO  impl.RaftServerImpl (RaftServerImpl.java:setRole(204)) - b64ecab1-a9a6-4a36-bfad-80c590b1cb6b@group-78DEF98344CE: changes role from CANDIDATE to LEADER at term 1 for changeToLeader
2020-12-11 14:19:19,905 [b64ecab1-a9a6-4a36-bfad-80c590b1cb6b@group-78DEF98344CE-LeaderElection22] INFO  ratis.XceiverServerRatis (XceiverServerRatis.java:handleLeaderChangedNotification(854)) - Leader change notification received for group: group-78DEF98344CE with new leaderId: b64ecab1-a9a6-4a36-bfad-80c590b1cb6b
2020-12-11 14:19:19,906 [b64ecab1-a9a6-4a36-bfad-80c590b1cb6b@group-78DEF98344CE-LeaderElection22] INFO  impl.RaftServerImpl (ServerState.java:setLeader(256)) - b64ecab1-a9a6-4a36-bfad-80c590b1cb6b@group-78DEF98344CE: change Leader from null to b64ecab1-a9a6-4a36-bfad-80c590b1cb6b at term 1 for becomeLeader, leader elected after 5102ms
2020-12-11 14:19:19,906 [b64ecab1-a9a6-4a36-bfad-80c590b1cb6b@group-78DEF98344CE-LeaderElection22] INFO  server.RaftServerConfigKeys (ConfUtils.java:logGet(44)) - raft.server.staging.catchup.gap = 1000 (default)
2020-12-11 14:19:19,906 [b64ecab1-a9a6-4a36-bfad-80c590b1cb6b@group-78DEF98344CE-LeaderElection22] INFO  server.RaftServerConfigKeys (ConfUtils.java:logGet(44)) - raft.server.rpc.sleep.time = 25ms (default)
2020-12-11 14:19:19,906 [b64ecab1-a9a6-4a36-bfad-80c590b1cb6b@group-78DEF98344CE-LeaderElection22] INFO  metrics.RatisMetrics (RatisMetrics.java:lambda$create$0(36)) - Creating Metrics Registry : ratis.log_appender.b64ecab1-a9a6-4a36-bfad-80c590b1cb6b@group-78DEF98344CE
2020-12-11 14:19:19,906 [b64ecab1-a9a6-4a36-bfad-80c590b1cb6b@group-78DEF98344CE-LeaderElection22] INFO  server.RaftServerConfigKeys (ConfUtils.java:logGet(44)) - raft.server.write.element-limit = 1024 (custom)
2020-12-11 14:19:19,906 [b64ecab1-a9a6-4a36-bfad-80c590b1cb6b@group-78DEF98344CE-LeaderElection22] INFO  server.RaftServerConfigKeys (ConfUtils.java:logGet(44)) - raft.server.write.byte-limit = 1073741824 (custom)
2020-12-11 14:19:19,906 [b64ecab1-a9a6-4a36-bfad-80c590b1cb6b@group-78DEF98344CE-LeaderElection22] INFO  server.RaftServerConfigKeys (ConfUtils.java:logGet(44)) - raft.server.watch.timeout = 180s (custom)
2020-12-11 14:19:19,906 [Listener at 127.0.0.1/43915] INFO  metrics.RatisMetrics (RatisMetrics.java:lambda$create$0(36)) - Creating Metrics Registry : ratis.client_message_metrics.client-1A8DD553BC58->b64ecab1-a9a6-4a36-bfad-80c590b1cb6b
2020-12-11 14:19:19,906 [b64ecab1-a9a6-4a36-bfad-80c590b1cb6b@group-78DEF98344CE-LeaderElection22] INFO  server.RaftServerConfigKeys (ConfUtils.java:logGet(44)) - raft.server.watch.timeout.denomination = 1s (default)
2020-12-11 14:19:19,907 [b64ecab1-a9a6-4a36-bfad-80c590b1cb6b@group-78DEF98344CE-LeaderElection22] INFO  server.RaftServerConfigKeys (ConfUtils.java:logGet(44)) - raft.server.watch.element-limit = 65536 (default)
2020-12-11 14:19:19,907 [b64ecab1-a9a6-4a36-bfad-80c590b1cb6b@group-78DEF98344CE-LeaderElection22] INFO  impl.RoleInfo (RoleInfo.java:updateAndGet(143)) - b64ecab1-a9a6-4a36-bfad-80c590b1cb6b: start b64ecab1-a9a6-4a36-bfad-80c590b1cb6b@group-78DEF98344CE-LeaderState
2020-12-11 14:19:19,907 [b64ecab1-a9a6-4a36-bfad-80c590b1cb6b@group-78DEF98344CE-LeaderElection22] INFO  segmented.SegmentedRaftLogWorker (SegmentedRaftLogWorker.java:startLogSegment(398)) - b64ecab1-a9a6-4a36-bfad-80c590b1cb6b@group-78DEF98344CE-SegmentedRaftLogWorker: Starting segment from index:0
2020-12-11 14:19:19,908 [b64ecab1-a9a6-4a36-bfad-80c590b1cb6b@group-78DEF98344CE-LeaderElection22] INFO  impl.RaftServerImpl (ServerState.java:setRaftConf(374)) - b64ecab1-a9a6-4a36-bfad-80c590b1cb6b@group-78DEF98344CE: set configuration 0: [b64ecab1-a9a6-4a36-bfad-80c590b1cb6b|rpc:172.17.0.2:46429|dataStream:], old=null at 0
2020-12-11 14:19:19,908 [b64ecab1-a9a6-4a36-bfad-80c590b1cb6b@group-78DEF98344CE-SegmentedRaftLogWorker] INFO  segmented.SegmentedRaftLogWorker (SegmentedRaftLogWorker.java:execute(597)) - b64ecab1-a9a6-4a36-bfad-80c590b1cb6b@group-78DEF98344CE-SegmentedRaftLogWorker: created new log segment /github/workspace/mnt/ozone/hadoop-ozone/integration-test/target/test-dir/MiniOzoneClusterImpl-f6ec90cd-9249-41c8-b5e0-41cfbed7d430/datanode-6/data/ratis/bcc70431-3b9a-4a35-9421-78def98344ce/current/log_inprogress_0
2020-12-11 14:19:19,915 [grpc-default-executor-2] INFO  metrics.RatisMetrics (RatisMetrics.java:lambda$create$0(36)) - Creating Metrics Registry : ratis.server_message_metrics.b64ecab1-a9a6-4a36-bfad-80c590b1cb6b
2020-12-11 14:19:19,955 [Listener at 127.0.0.1/43915] INFO  metrics.RatisMetrics (RatisMetrics.java:lambda$create$0(36)) - Creating Metrics Registry : ratis.client_message_metrics.client-9272F2866E49->1e19d63f-6462-4e22-a106-6f9be0aefcff
2020-12-11 14:19:19,986 [org.apache.ratis.server.JvmPauseMonitor@4c63f30-Monitor] WARN  server.JvmPauseMonitor (JvmPauseMonitor.java:run(141)) - Detected pause in JVM or host machine (eg GC): pause of approximately 8ms
No GCs detected
2020-12-11 14:19:19,995 [EventQueue-CloseContainerForCloseContainerEventHandler] INFO  container.CloseContainerEventHandler (CloseContainerEventHandler.java:onMessage(61)) - Close container Event triggered for container : #1
2020-12-11 14:19:19,996 [EventQueue-CloseContainerForCloseContainerEventHandler] INFO  container.CloseContainerEventHandler (CloseContainerEventHandler.java:onMessage(61)) - Close container Event triggered for container : #2
2020-12-11 14:19:19,996 [EventQueue-CloseContainerForCloseContainerEventHandler] INFO  container.CloseContainerEventHandler (CloseContainerEventHandler.java:onMessage(61)) - Close container Event triggered for container : #3
2020-12-11 14:19:21,910 [RatisApplyTransactionExecutor 1] INFO  keyvalue.KeyValueContainer (KeyValueContainer.java:flushAndSyncDB(388)) - Container 1 is synced with bcsId 12.
2020-12-11 14:19:21,911 [RatisApplyTransactionExecutor 1] INFO  keyvalue.KeyValueContainer (KeyValueContainer.java:flushAndSyncDB(388)) - Container 1 is synced with bcsId 12.
2020-12-11 14:19:21,913 [RatisApplyTransactionExecutor 1] INFO  keyvalue.KeyValueContainer (KeyValueContainer.java:close(326)) - Container 1 is closed with bcsId 12.
2020-12-11 14:19:21,914 [EventQueue-IncrementalContainerReportForIncrementalContainerReportHandler] INFO  container.IncrementalContainerReportHandler (AbstractContainerReportHandler.java:updateContainerState(215)) - Moving container #1 to CLOSED state, datanode 1e19d63f-6462-4e22-a106-6f9be0aefcff{ip: 172.17.0.2, host: cfd2ce0fb241, networkLocation: /default-rack, certSerialId: null, persistedOpState: IN_SERVICE, persistedOpStateExpiryEpochSec: 0} reported CLOSED replica.
2020-12-11 14:19:21,917 [RatisApplyTransactionExecutor 2] INFO  keyvalue.KeyValueContainer (KeyValueContainer.java:flushAndSyncDB(388)) - Container 2 is synced with bcsId 0.
2020-12-11 14:19:21,917 [RatisApplyTransactionExecutor 2] INFO  keyvalue.KeyValueContainer (KeyValueContainer.java:flushAndSyncDB(388)) - Container 2 is synced with bcsId 0.
2020-12-11 14:19:21,919 [RatisApplyTransactionExecutor 2] INFO  keyvalue.KeyValueContainer (KeyValueContainer.java:close(326)) - Container 2 is closed with bcsId 0.
2020-12-11 14:19:21,920 [EventQueue-IncrementalContainerReportForIncrementalContainerReportHandler] INFO  container.IncrementalContainerReportHandler (AbstractContainerReportHandler.java:updateContainerState(215)) - Moving container #2 to CLOSED state, datanode 1e19d63f-6462-4e22-a106-6f9be0aefcff{ip: 172.17.0.2, host: cfd2ce0fb241, networkLocation: /default-rack, certSerialId: null, persistedOpState: IN_SERVICE, persistedOpStateExpiryEpochSec: 0} reported CLOSED replica.
2020-12-11 14:19:21,951 [RatisApplyTransactionExecutor 3] INFO  keyvalue.KeyValueContainer (KeyValueContainer.java:flushAndSyncDB(388)) - Container 3 is synced with bcsId 0.
2020-12-11 14:19:21,951 [RatisApplyTransactionExecutor 3] INFO  keyvalue.KeyValueContainer (KeyValueContainer.java:flushAndSyncDB(388)) - Container 3 is synced with bcsId 0.
2020-12-11 14:19:21,953 [RatisApplyTransactionExecutor 3] INFO  keyvalue.KeyValueContainer (KeyValueContainer.java:close(326)) - Container 3 is closed with bcsId 0.
2020-12-11 14:19:21,954 [EventQueue-IncrementalContainerReportForIncrementalContainerReportHandler] INFO  container.IncrementalContainerReportHandler (AbstractContainerReportHandler.java:updateContainerState(215)) - Moving container #3 to CLOSED state, datanode b64ecab1-a9a6-4a36-bfad-80c590b1cb6b{ip: 172.17.0.2, host: cfd2ce0fb241, networkLocation: /default-rack, certSerialId: null, persistedOpState: IN_SERVICE, persistedOpStateExpiryEpochSec: 0} reported CLOSED replica.
2020-12-11 14:19:21,973 [EventQueue-Delayed safe mode statusForReplicationManager] INFO  container.ReplicationManager (ReplicationManager.java:start(186)) - Starting Replication Monitor Thread.
2020-12-11 14:19:21,976 [ReplicationMonitor] INFO  container.ReplicationManager (ReplicationManager.java:sendDeleteCommand(993)) - Sending delete container command for container #2 to datanode 1e19d63f-6462-4e22-a106-6f9be0aefcff{ip: 172.17.0.2, host: cfd2ce0fb241, networkLocation: /default-rack, certSerialId: null, persistedOpState: IN_SERVICE, persistedOpStateExpiryEpochSec: 0}
2020-12-11 14:19:21,978 [ReplicationMonitor] INFO  container.ReplicationManager (ReplicationManager.java:sendDeleteCommand(993)) - Sending delete container command for container #3 to datanode b64ecab1-a9a6-4a36-bfad-80c590b1cb6b{ip: 172.17.0.2, host: cfd2ce0fb241, networkLocation: /default-rack, certSerialId: null, persistedOpState: IN_SERVICE, persistedOpStateExpiryEpochSec: 0}
2020-12-11 14:19:21,978 [ReplicationMonitor] INFO  container.ReplicationManager (ReplicationManager.java:run(250)) - Replication Monitor Thread took 4 milliseconds for processing 3 containers.
14:19:22.001 [grpc-default-executor-3] ERROR DNAudit - user=null | ip=null | op=WRITE_CHUNK {blockData=conID: 1 locID: 105361988637163523 bcsId: 12} | ret=FAILURE
org.apache.hadoop.hdds.scm.container.common.helpers.ContainerNotOpenException: Container 1 in CLOSED state
	at org.apache.hadoop.ozone.container.common.impl.HddsDispatcher.validateContainerCommand(HddsDispatcher.java:484) ~[hadoop-hdds-container-service-1.1.0-SNAPSHOT.jar:?]
	at org.apache.hadoop.ozone.container.common.transport.server.ratis.ContainerStateMachine.startTransaction(ContainerStateMachine.java:319) ~[hadoop-hdds-container-service-1.1.0-SNAPSHOT.jar:?]
	at org.apache.ratis.server.impl.RaftServerImpl.submitClientRequestAsync(RaftServerImpl.java:723) ~[ratis-server-1.1.0-913f5a4-SNAPSHOT.jar:1.1.0-913f5a4-SNAPSHOT]
	at org.apache.ratis.server.impl.RaftServerProxy.lambda$submitClientRequestAsync$7(RaftServerProxy.java:364) ~[ratis-server-1.1.0-913f5a4-SNAPSHOT.jar:1.1.0-913f5a4-SNAPSHOT]
	at org.apache.ratis.server.impl.RaftServerProxy.lambda$null$5(RaftServerProxy.java:359) ~[ratis-server-1.1.0-913f5a4-SNAPSHOT.jar:1.1.0-913f5a4-SNAPSHOT]
	at org.apache.ratis.util.JavaUtils.callAsUnchecked(JavaUtils.java:116) ~[ratis-common-1.1.0-913f5a4-SNAPSHOT.jar:1.1.0-913f5a4-SNAPSHOT]
	at org.apache.ratis.server.impl.RaftServerProxy.lambda$submitRequest$6(RaftServerProxy.java:359) ~[ratis-server-1.1.0-913f5a4-SNAPSHOT.jar:1.1.0-913f5a4-SNAPSHOT]
	at java.util.concurrent.CompletableFuture.uniComposeStage(CompletableFuture.java:995) ~[?:1.8.0_232]
	at java.util.concurrent.CompletableFuture.thenCompose(CompletableFuture.java:2137) ~[?:1.8.0_232]
	at org.apache.ratis.server.impl.RaftServerProxy.submitRequest(RaftServerProxy.java:358) ~[ratis-server-1.1.0-913f5a4-SNAPSHOT.jar:1.1.0-913f5a4-SNAPSHOT]
	at org.apache.ratis.server.impl.RaftServerProxy.submitClientRequestAsync(RaftServerProxy.java:364) ~[ratis-server-1.1.0-913f5a4-SNAPSHOT.jar:1.1.0-913f5a4-SNAPSHOT]
	at org.apache.ratis.grpc.client.GrpcClientProtocolService$RequestStreamObserver.processClientRequest(GrpcClientProtocolService.java:231) ~[ratis-grpc-1.1.0-913f5a4-SNAPSHOT.jar:1.1.0-913f5a4-SNAPSHOT]
	at org.apache.ratis.grpc.client.GrpcClientProtocolService$OrderedRequestStreamObserver.processClientRequest(GrpcClientProtocolService.java:337) ~[ratis-grpc-1.1.0-913f5a4-SNAPSHOT.jar:1.1.0-913f5a4-SNAPSHOT]
	at org.apache.ratis.util.SlidingWindow$Server.processRequestsFromHead(SlidingWindow.java:429) [ratis-common-1.1.0-913f5a4-SNAPSHOT.jar:1.1.0-913f5a4-SNAPSHOT]
	at org.apache.ratis.util.SlidingWindow$Server.receivedRequest(SlidingWindow.java:421) [ratis-common-1.1.0-913f5a4-SNAPSHOT.jar:1.1.0-913f5a4-SNAPSHOT]
	at org.apache.ratis.grpc.client.GrpcClientProtocolService$OrderedRequestStreamObserver.processClientRequest(GrpcClientProtocolService.java:361) [ratis-grpc-1.1.0-913f5a4-SNAPSHOT.jar:1.1.0-913f5a4-SNAPSHOT]
	at org.apache.ratis.grpc.client.GrpcClientProtocolService$RequestStreamObserver.onNext(GrpcClientProtocolService.java:251) [ratis-grpc-1.1.0-913f5a4-SNAPSHOT.jar:1.1.0-913f5a4-SNAPSHOT]
	at org.apache.ratis.grpc.client.GrpcClientProtocolService$RequestStreamObserver.onNext(GrpcClientProtocolService.java:174) [ratis-grpc-1.1.0-913f5a4-SNAPSHOT.jar:1.1.0-913f5a4-SNAPSHOT]
	at org.apache.ratis.thirdparty.io.grpc.stub.ServerCalls$StreamingServerCallHandler$StreamingServerCallListener.onMessage(ServerCalls.java:251) [ratis-thirdparty-misc-0.6.0-SNAPSHOT.jar:0.6.0-SNAPSHOT]
	at org.apache.ratis.thirdparty.io.grpc.ForwardingServerCallListener.onMessage(ForwardingServerCallListener.java:33) [ratis-thirdparty-misc-0.6.0-SNAPSHOT.jar:0.6.0-SNAPSHOT]
	at org.apache.ratis.thirdparty.io.grpc.internal.ServerCallImpl$ServerStreamListenerImpl.messagesAvailableInternal(ServerCallImpl.java:309) [ratis-thirdparty-misc-0.6.0-SNAPSHOT.jar:0.6.0-SNAPSHOT]
	at org.apache.ratis.thirdparty.io.grpc.internal.ServerCallImpl$ServerStreamListenerImpl.messagesAvailable(ServerCallImpl.java:292) [ratis-thirdparty-misc-0.6.0-SNAPSHOT.jar:0.6.0-SNAPSHOT]
	at org.apache.ratis.thirdparty.io.grpc.internal.ServerImpl$JumpToApplicationThreadServerStreamListener$1MessagesAvailable.runInContext(ServerImpl.java:783) [ratis-thirdparty-misc-0.6.0-SNAPSHOT.jar:0.6.0-SNAPSHOT]
	at org.apache.ratis.thirdparty.io.grpc.internal.ContextRunnable.run(ContextRunnable.java:37) [ratis-thirdparty-misc-0.6.0-SNAPSHOT.jar:0.6.0-SNAPSHOT]
	at org.apache.ratis.thirdparty.io.grpc.internal.SerializingExecutor.run(SerializingExecutor.java:123) [ratis-thirdparty-misc-0.6.0-SNAPSHOT.jar:0.6.0-SNAPSHOT]
	at java.util.concurrent.ThreadPoolExecutor.runWorker(ThreadPoolExecutor.java:1149) [?:1.8.0_232]
	at java.util.concurrent.ThreadPoolExecutor$Worker.run(ThreadPoolExecutor.java:624) [?:1.8.0_232]
	at java.lang.Thread.run(Thread.java:748) [?:1.8.0_232]
14:19:22.014 [grpc-default-executor-3] ERROR DNAudit - user=null | ip=null | op=WRITE_CHUNK {blockData=conID: 1 locID: 105361988637163523 bcsId: 12} | ret=FAILURE
org.apache.hadoop.hdds.scm.container.common.helpers.ContainerNotOpenException: Container 1 in CLOSED state
	at org.apache.hadoop.ozone.container.common.impl.HddsDispatcher.validateContainerCommand(HddsDispatcher.java:484) ~[hadoop-hdds-container-service-1.1.0-SNAPSHOT.jar:?]
	at org.apache.hadoop.ozone.container.common.transport.server.ratis.ContainerStateMachine.startTransaction(ContainerStateMachine.java:319) ~[hadoop-hdds-container-service-1.1.0-SNAPSHOT.jar:?]
	at org.apache.ratis.server.impl.RaftServerImpl.submitClientRequestAsync(RaftServerImpl.java:723) ~[ratis-server-1.1.0-913f5a4-SNAPSHOT.jar:1.1.0-913f5a4-SNAPSHOT]
	at org.apache.ratis.server.impl.RaftServerProxy.lambda$submitClientRequestAsync$7(RaftServerProxy.java:364) ~[ratis-server-1.1.0-913f5a4-SNAPSHOT.jar:1.1.0-913f5a4-SNAPSHOT]
	at org.apache.ratis.server.impl.RaftServerProxy.lambda$null$5(RaftServerProxy.java:359) ~[ratis-server-1.1.0-913f5a4-SNAPSHOT.jar:1.1.0-913f5a4-SNAPSHOT]
	at org.apache.ratis.util.JavaUtils.callAsUnchecked(JavaUtils.java:116) ~[ratis-common-1.1.0-913f5a4-SNAPSHOT.jar:1.1.0-913f5a4-SNAPSHOT]
	at org.apache.ratis.server.impl.RaftServerProxy.lambda$submitRequest$6(RaftServerProxy.java:359) ~[ratis-server-1.1.0-913f5a4-SNAPSHOT.jar:1.1.0-913f5a4-SNAPSHOT]
	at java.util.concurrent.CompletableFuture.uniComposeStage(CompletableFuture.java:995) ~[?:1.8.0_232]
	at java.util.concurrent.CompletableFuture.thenCompose(CompletableFuture.java:2137) ~[?:1.8.0_232]
	at org.apache.ratis.server.impl.RaftServerProxy.submitRequest(RaftServerProxy.java:358) ~[ratis-server-1.1.0-913f5a4-SNAPSHOT.jar:1.1.0-913f5a4-SNAPSHOT]
	at org.apache.ratis.server.impl.RaftServerProxy.submitClientRequestAsync(RaftServerProxy.java:364) ~[ratis-server-1.1.0-913f5a4-SNAPSHOT.jar:1.1.0-913f5a4-SNAPSHOT]
	at org.apache.ratis.grpc.client.GrpcClientProtocolService$RequestStreamObserver.processClientRequest(GrpcClientProtocolService.java:231) ~[ratis-grpc-1.1.0-913f5a4-SNAPSHOT.jar:1.1.0-913f5a4-SNAPSHOT]
	at org.apache.ratis.grpc.client.GrpcClientProtocolService$OrderedRequestStreamObserver.processClientRequest(GrpcClientProtocolService.java:337) ~[ratis-grpc-1.1.0-913f5a4-SNAPSHOT.jar:1.1.0-913f5a4-SNAPSHOT]
	at org.apache.ratis.util.SlidingWindow$Server.processRequestsFromHead(SlidingWindow.java:429) [ratis-common-1.1.0-913f5a4-SNAPSHOT.jar:1.1.0-913f5a4-SNAPSHOT]
	at org.apache.ratis.util.SlidingWindow$Server.receivedRequest(SlidingWindow.java:421) [ratis-common-1.1.0-913f5a4-SNAPSHOT.jar:1.1.0-913f5a4-SNAPSHOT]
	at org.apache.ratis.grpc.client.GrpcClientProtocolService$OrderedRequestStreamObserver.processClientRequest(GrpcClientProtocolService.java:361) [ratis-grpc-1.1.0-913f5a4-SNAPSHOT.jar:1.1.0-913f5a4-SNAPSHOT]
	at org.apache.ratis.grpc.client.GrpcClientProtocolService$RequestStreamObserver.onNext(GrpcClientProtocolService.java:251) [ratis-grpc-1.1.0-913f5a4-SNAPSHOT.jar:1.1.0-913f5a4-SNAPSHOT]
	at org.apache.ratis.grpc.client.GrpcClientProtocolService$RequestStreamObserver.onNext(GrpcClientProtocolService.java:174) [ratis-grpc-1.1.0-913f5a4-SNAPSHOT.jar:1.1.0-913f5a4-SNAPSHOT]
	at org.apache.ratis.thirdparty.io.grpc.stub.ServerCalls$StreamingServerCallHandler$StreamingServerCallListener.onMessage(ServerCalls.java:251) [ratis-thirdparty-misc-0.6.0-SNAPSHOT.jar:0.6.0-SNAPSHOT]
	at org.apache.ratis.thirdparty.io.grpc.ForwardingServerCallListener.onMessage(ForwardingServerCallListener.java:33) [ratis-thirdparty-misc-0.6.0-SNAPSHOT.jar:0.6.0-SNAPSHOT]
	at org.apache.ratis.thirdparty.io.grpc.internal.ServerCallImpl$ServerStreamListenerImpl.messagesAvailableInternal(ServerCallImpl.java:309) [ratis-thirdparty-misc-0.6.0-SNAPSHOT.jar:0.6.0-SNAPSHOT]
	at org.apache.ratis.thirdparty.io.grpc.internal.ServerCallImpl$ServerStreamListenerImpl.messagesAvailable(ServerCallImpl.java:292) [ratis-thirdparty-misc-0.6.0-SNAPSHOT.jar:0.6.0-SNAPSHOT]
	at org.apache.ratis.thirdparty.io.grpc.internal.ServerImpl$JumpToApplicationThreadServerStreamListener$1MessagesAvailable.runInContext(ServerImpl.java:783) [ratis-thirdparty-misc-0.6.0-SNAPSHOT.jar:0.6.0-SNAPSHOT]
	at org.apache.ratis.thirdparty.io.grpc.internal.ContextRunnable.run(ContextRunnable.java:37) [ratis-thirdparty-misc-0.6.0-SNAPSHOT.jar:0.6.0-SNAPSHOT]
	at org.apache.ratis.thirdparty.io.grpc.internal.SerializingExecutor.run(SerializingExecutor.java:123) [ratis-thirdparty-misc-0.6.0-SNAPSHOT.jar:0.6.0-SNAPSHOT]
	at java.util.concurrent.ThreadPoolExecutor.runWorker(ThreadPoolExecutor.java:1149) [?:1.8.0_232]
	at java.util.concurrent.ThreadPoolExecutor$Worker.run(ThreadPoolExecutor.java:624) [?:1.8.0_232]
	at java.lang.Thread.run(Thread.java:748) [?:1.8.0_232]
14:19:22.015 [grpc-default-executor-3] ERROR DNAudit - user=null | ip=null | op=PUT_BLOCK {blockData=[blockId=conID: 1 locID: 105361988637163523 bcsId: 0,size=600]} | ret=FAILURE
org.apache.hadoop.hdds.scm.container.common.helpers.ContainerNotOpenException: Container 1 in CLOSED state
	at org.apache.hadoop.ozone.container.common.impl.HddsDispatcher.validateContainerCommand(HddsDispatcher.java:484) ~[hadoop-hdds-container-service-1.1.0-SNAPSHOT.jar:?]
	at org.apache.hadoop.ozone.container.common.transport.server.ratis.ContainerStateMachine.startTransaction(ContainerStateMachine.java:319) ~[hadoop-hdds-container-service-1.1.0-SNAPSHOT.jar:?]
	at org.apache.ratis.server.impl.RaftServerImpl.submitClientRequestAsync(RaftServerImpl.java:723) ~[ratis-server-1.1.0-913f5a4-SNAPSHOT.jar:1.1.0-913f5a4-SNAPSHOT]
	at org.apache.ratis.server.impl.RaftServerProxy.lambda$submitClientRequestAsync$7(RaftServerProxy.java:364) ~[ratis-server-1.1.0-913f5a4-SNAPSHOT.jar:1.1.0-913f5a4-SNAPSHOT]
	at org.apache.ratis.server.impl.RaftServerProxy.lambda$null$5(RaftServerProxy.java:359) ~[ratis-server-1.1.0-913f5a4-SNAPSHOT.jar:1.1.0-913f5a4-SNAPSHOT]
	at org.apache.ratis.util.JavaUtils.callAsUnchecked(JavaUtils.java:116) ~[ratis-common-1.1.0-913f5a4-SNAPSHOT.jar:1.1.0-913f5a4-SNAPSHOT]
	at org.apache.ratis.server.impl.RaftServerProxy.lambda$submitRequest$6(RaftServerProxy.java:359) ~[ratis-server-1.1.0-913f5a4-SNAPSHOT.jar:1.1.0-913f5a4-SNAPSHOT]
	at java.util.concurrent.CompletableFuture.uniComposeStage(CompletableFuture.java:995) ~[?:1.8.0_232]
	at java.util.concurrent.CompletableFuture.thenCompose(CompletableFuture.java:2137) ~[?:1.8.0_232]
	at org.apache.ratis.server.impl.RaftServerProxy.submitRequest(RaftServerProxy.java:358) ~[ratis-server-1.1.0-913f5a4-SNAPSHOT.jar:1.1.0-913f5a4-SNAPSHOT]
	at org.apache.ratis.server.impl.RaftServerProxy.submitClientRequestAsync(RaftServerProxy.java:364) ~[ratis-server-1.1.0-913f5a4-SNAPSHOT.jar:1.1.0-913f5a4-SNAPSHOT]
	at org.apache.ratis.grpc.client.GrpcClientProtocolService$RequestStreamObserver.processClientRequest(GrpcClientProtocolService.java:231) ~[ratis-grpc-1.1.0-913f5a4-SNAPSHOT.jar:1.1.0-913f5a4-SNAPSHOT]
	at org.apache.ratis.grpc.client.GrpcClientProtocolService$OrderedRequestStreamObserver.processClientRequest(GrpcClientProtocolService.java:337) ~[ratis-grpc-1.1.0-913f5a4-SNAPSHOT.jar:1.1.0-913f5a4-SNAPSHOT]
	at org.apache.ratis.util.SlidingWindow$Server.processRequestsFromHead(SlidingWindow.java:429) [ratis-common-1.1.0-913f5a4-SNAPSHOT.jar:1.1.0-913f5a4-SNAPSHOT]
	at org.apache.ratis.util.SlidingWindow$Server.receivedRequest(SlidingWindow.java:421) [ratis-common-1.1.0-913f5a4-SNAPSHOT.jar:1.1.0-913f5a4-SNAPSHOT]
	at org.apache.ratis.grpc.client.GrpcClientProtocolService$OrderedRequestStreamObserver.processClientRequest(GrpcClientProtocolService.java:361) [ratis-grpc-1.1.0-913f5a4-SNAPSHOT.jar:1.1.0-913f5a4-SNAPSHOT]
	at org.apache.ratis.grpc.client.GrpcClientProtocolService$RequestStreamObserver.onNext(GrpcClientProtocolService.java:251) [ratis-grpc-1.1.0-913f5a4-SNAPSHOT.jar:1.1.0-913f5a4-SNAPSHOT]
	at org.apache.ratis.grpc.client.GrpcClientProtocolService$RequestStreamObserver.onNext(GrpcClientProtocolService.java:174) [ratis-grpc-1.1.0-913f5a4-SNAPSHOT.jar:1.1.0-913f5a4-SNAPSHOT]
	at org.apache.ratis.thirdparty.io.grpc.stub.ServerCalls$StreamingServerCallHandler$StreamingServerCallListener.onMessage(ServerCalls.java:251) [ratis-thirdparty-misc-0.6.0-SNAPSHOT.jar:0.6.0-SNAPSHOT]
	at org.apache.ratis.thirdparty.io.grpc.ForwardingServerCallListener.onMessage(ForwardingServerCallListener.java:33) [ratis-thirdparty-misc-0.6.0-SNAPSHOT.jar:0.6.0-SNAPSHOT]
	at org.apache.ratis.thirdparty.io.grpc.internal.ServerCallImpl$ServerStreamListenerImpl.messagesAvailableInternal(ServerCallImpl.java:309) [ratis-thirdparty-misc-0.6.0-SNAPSHOT.jar:0.6.0-SNAPSHOT]
	at org.apache.ratis.thirdparty.io.grpc.internal.ServerCallImpl$ServerStreamListenerImpl.messagesAvailable(ServerCallImpl.java:292) [ratis-thirdparty-misc-0.6.0-SNAPSHOT.jar:0.6.0-SNAPSHOT]
	at org.apache.ratis.thirdparty.io.grpc.internal.ServerImpl$JumpToApplicationThreadServerStreamListener$1MessagesAvailable.runInContext(ServerImpl.java:783) [ratis-thirdparty-misc-0.6.0-SNAPSHOT.jar:0.6.0-SNAPSHOT]
	at org.apache.ratis.thirdparty.io.grpc.internal.ContextRunnable.run(ContextRunnable.java:37) [ratis-thirdparty-misc-0.6.0-SNAPSHOT.jar:0.6.0-SNAPSHOT]
	at org.apache.ratis.thirdparty.io.grpc.internal.SerializingExecutor.run(SerializingExecutor.java:123) [ratis-thirdparty-misc-0.6.0-SNAPSHOT.jar:0.6.0-SNAPSHOT]
	at java.util.concurrent.ThreadPoolExecutor.runWorker(ThreadPoolExecutor.java:1149) [?:1.8.0_232]
	at java.util.concurrent.ThreadPoolExecutor$Worker.run(ThreadPoolExecutor.java:624) [?:1.8.0_232]
	at java.lang.Thread.run(Thread.java:748) [?:1.8.0_232]
2020-12-11 14:19:22,033 [grpc-default-executor-2] ERROR storage.BlockOutputStream (BlockOutputStream.java:lambda$writeChunkToContainer$3(677)) - writing chunk failed 105361988637163523_chunk_5 blockID conID: 1 locID: 105361988637163523 bcsId: 12 with exception org.apache.ratis.protocol.exceptions.StateMachineException: org.apache.hadoop.hdds.scm.container.common.helpers.ContainerNotOpenException from Server 1e19d63f-6462-4e22-a106-6f9be0aefcff@group-B862D7DC63D9: Container 1 in CLOSED state
14:19:22.033 [grpc-default-executor-3] ERROR DNAudit - user=null | ip=null | op=WRITE_CHUNK {blockData=conID: 1 locID: 105361988637163523 bcsId: 12} | ret=FAILURE
org.apache.hadoop.hdds.scm.container.common.helpers.ContainerNotOpenException: Container 1 in CLOSED state
	at org.apache.hadoop.ozone.container.common.impl.HddsDispatcher.validateContainerCommand(HddsDispatcher.java:484) ~[hadoop-hdds-container-service-1.1.0-SNAPSHOT.jar:?]
	at org.apache.hadoop.ozone.container.common.transport.server.ratis.ContainerStateMachine.startTransaction(ContainerStateMachine.java:319) ~[hadoop-hdds-container-service-1.1.0-SNAPSHOT.jar:?]
	at org.apache.ratis.server.impl.RaftServerImpl.submitClientRequestAsync(RaftServerImpl.java:723) ~[ratis-server-1.1.0-913f5a4-SNAPSHOT.jar:1.1.0-913f5a4-SNAPSHOT]
	at org.apache.ratis.server.impl.RaftServerProxy.lambda$submitClientRequestAsync$7(RaftServerProxy.java:364) ~[ratis-server-1.1.0-913f5a4-SNAPSHOT.jar:1.1.0-913f5a4-SNAPSHOT]
	at org.apache.ratis.server.impl.RaftServerProxy.lambda$null$5(RaftServerProxy.java:359) ~[ratis-server-1.1.0-913f5a4-SNAPSHOT.jar:1.1.0-913f5a4-SNAPSHOT]
	at org.apache.ratis.util.JavaUtils.callAsUnchecked(JavaUtils.java:116) ~[ratis-common-1.1.0-913f5a4-SNAPSHOT.jar:1.1.0-913f5a4-SNAPSHOT]
	at org.apache.ratis.server.impl.RaftServerProxy.lambda$submitRequest$6(RaftServerProxy.java:359) ~[ratis-server-1.1.0-913f5a4-SNAPSHOT.jar:1.1.0-913f5a4-SNAPSHOT]
	at java.util.concurrent.CompletableFuture.uniComposeStage(CompletableFuture.java:995) ~[?:1.8.0_232]
	at java.util.concurrent.CompletableFuture.thenCompose(CompletableFuture.java:2137) ~[?:1.8.0_232]
	at org.apache.ratis.server.impl.RaftServerProxy.submitRequest(RaftServerProxy.java:358) ~[ratis-server-1.1.0-913f5a4-SNAPSHOT.jar:1.1.0-913f5a4-SNAPSHOT]
	at org.apache.ratis.server.impl.RaftServerProxy.submitClientRequestAsync(RaftServerProxy.java:364) ~[ratis-server-1.1.0-913f5a4-SNAPSHOT.jar:1.1.0-913f5a4-SNAPSHOT]
	at org.apache.ratis.grpc.client.GrpcClientProtocolService$RequestStreamObserver.processClientRequest(GrpcClientProtocolService.java:231) ~[ratis-grpc-1.1.0-913f5a4-SNAPSHOT.jar:1.1.0-913f5a4-SNAPSHOT]
	at org.apache.ratis.grpc.client.GrpcClientProtocolService$OrderedRequestStreamObserver.processClientRequest(GrpcClientProtocolService.java:337) ~[ratis-grpc-1.1.0-913f5a4-SNAPSHOT.jar:1.1.0-913f5a4-SNAPSHOT]
	at org.apache.ratis.util.SlidingWindow$Server.processRequestsFromHead(SlidingWindow.java:429) [ratis-common-1.1.0-913f5a4-SNAPSHOT.jar:1.1.0-913f5a4-SNAPSHOT]
	at org.apache.ratis.util.SlidingWindow$Server.receivedRequest(SlidingWindow.java:421) [ratis-common-1.1.0-913f5a4-SNAPSHOT.jar:1.1.0-913f5a4-SNAPSHOT]
	at org.apache.ratis.grpc.client.GrpcClientProtocolService$OrderedRequestStreamObserver.processClientRequest(GrpcClientProtocolService.java:361) [ratis-grpc-1.1.0-913f5a4-SNAPSHOT.jar:1.1.0-913f5a4-SNAPSHOT]
	at org.apache.ratis.grpc.client.GrpcClientProtocolService$RequestStreamObserver.onNext(GrpcClientProtocolService.java:251) [ratis-grpc-1.1.0-913f5a4-SNAPSHOT.jar:1.1.0-913f5a4-SNAPSHOT]
	at org.apache.ratis.grpc.client.GrpcClientProtocolService$RequestStreamObserver.onNext(GrpcClientProtocolService.java:174) [ratis-grpc-1.1.0-913f5a4-SNAPSHOT.jar:1.1.0-913f5a4-SNAPSHOT]
	at org.apache.ratis.thirdparty.io.grpc.stub.ServerCalls$StreamingServerCallHandler$StreamingServerCallListener.onMessage(ServerCalls.java:251) [ratis-thirdparty-misc-0.6.0-SNAPSHOT.jar:0.6.0-SNAPSHOT]
	at org.apache.ratis.thirdparty.io.grpc.ForwardingServerCallListener.onMessage(ForwardingServerCallListener.java:33) [ratis-thirdparty-misc-0.6.0-SNAPSHOT.jar:0.6.0-SNAPSHOT]
	at org.apache.ratis.thirdparty.io.grpc.internal.ServerCallImpl$ServerStreamListenerImpl.messagesAvailableInternal(ServerCallImpl.java:309) [ratis-thirdparty-misc-0.6.0-SNAPSHOT.jar:0.6.0-SNAPSHOT]
	at org.apache.ratis.thirdparty.io.grpc.internal.ServerCallImpl$ServerStreamListenerImpl.messagesAvailable(ServerCallImpl.java:292) [ratis-thirdparty-misc-0.6.0-SNAPSHOT.jar:0.6.0-SNAPSHOT]
	at org.apache.ratis.thirdparty.io.grpc.internal.ServerImpl$JumpToApplicationThreadServerStreamListener$1MessagesAvailable.runInContext(ServerImpl.java:783) [ratis-thirdparty-misc-0.6.0-SNAPSHOT.jar:0.6.0-SNAPSHOT]
	at org.apache.ratis.thirdparty.io.grpc.internal.ContextRunnable.run(ContextRunnable.java:37) [ratis-thirdparty-misc-0.6.0-SNAPSHOT.jar:0.6.0-SNAPSHOT]
	at org.apache.ratis.thirdparty.io.grpc.internal.SerializingExecutor.run(SerializingExecutor.java:123) [ratis-thirdparty-misc-0.6.0-SNAPSHOT.jar:0.6.0-SNAPSHOT]
	at java.util.concurrent.ThreadPoolExecutor.runWorker(ThreadPoolExecutor.java:1149) [?:1.8.0_232]
	at java.util.concurrent.ThreadPoolExecutor$Worker.run(ThreadPoolExecutor.java:624) [?:1.8.0_232]
	at java.lang.Thread.run(Thread.java:748) [?:1.8.0_232]
2020-12-11 14:19:22,040 [grpc-default-executor-2] ERROR storage.BlockOutputStream (BlockOutputStream.java:lambda$writeChunkToContainer$3(677)) - writing chunk failed 105361988637163523_chunk_6 blockID conID: 1 locID: 105361988637163523 bcsId: 12 with exception org.apache.ratis.protocol.exceptions.StateMachineException: org.apache.hadoop.hdds.scm.container.common.helpers.ContainerNotOpenException from Server 1e19d63f-6462-4e22-a106-6f9be0aefcff@group-B862D7DC63D9: Container 1 in CLOSED state
2020-12-11 14:19:22,049 [grpc-default-executor-2] ERROR storage.BlockOutputStream (BlockOutputStream.java:lambda$writeChunkToContainer$3(677)) - writing chunk failed 105361988637163523_chunk_7 blockID conID: 1 locID: 105361988637163523 bcsId: 12 with exception org.apache.ratis.protocol.exceptions.StateMachineException: org.apache.hadoop.hdds.scm.container.common.helpers.ContainerNotOpenException from Server 1e19d63f-6462-4e22-a106-6f9be0aefcff@group-B862D7DC63D9: Container 1 in CLOSED state
14:19:22.049 [grpc-default-executor-3] ERROR DNAudit - user=null | ip=null | op=WRITE_CHUNK {blockData=conID: 1 locID: 105361988637163523 bcsId: 12} | ret=FAILURE
org.apache.hadoop.hdds.scm.container.common.helpers.ContainerNotOpenException: Container 1 in CLOSED state
	at org.apache.hadoop.ozone.container.common.impl.HddsDispatcher.validateContainerCommand(HddsDispatcher.java:484) ~[hadoop-hdds-container-service-1.1.0-SNAPSHOT.jar:?]
	at org.apache.hadoop.ozone.container.common.transport.server.ratis.ContainerStateMachine.startTransaction(ContainerStateMachine.java:319) ~[hadoop-hdds-container-service-1.1.0-SNAPSHOT.jar:?]
	at org.apache.ratis.server.impl.RaftServerImpl.submitClientRequestAsync(RaftServerImpl.java:723) ~[ratis-server-1.1.0-913f5a4-SNAPSHOT.jar:1.1.0-913f5a4-SNAPSHOT]
	at org.apache.ratis.server.impl.RaftServerProxy.lambda$submitClientRequestAsync$7(RaftServerProxy.java:364) ~[ratis-server-1.1.0-913f5a4-SNAPSHOT.jar:1.1.0-913f5a4-SNAPSHOT]
	at org.apache.ratis.server.impl.RaftServerProxy.lambda$null$5(RaftServerProxy.java:359) ~[ratis-server-1.1.0-913f5a4-SNAPSHOT.jar:1.1.0-913f5a4-SNAPSHOT]
	at org.apache.ratis.util.JavaUtils.callAsUnchecked(JavaUtils.java:116) ~[ratis-common-1.1.0-913f5a4-SNAPSHOT.jar:1.1.0-913f5a4-SNAPSHOT]
	at org.apache.ratis.server.impl.RaftServerProxy.lambda$submitRequest$6(RaftServerProxy.java:359) ~[ratis-server-1.1.0-913f5a4-SNAPSHOT.jar:1.1.0-913f5a4-SNAPSHOT]
	at java.util.concurrent.CompletableFuture.uniComposeStage(CompletableFuture.java:995) ~[?:1.8.0_232]
	at java.util.concurrent.CompletableFuture.thenCompose(CompletableFuture.java:2137) ~[?:1.8.0_232]
	at org.apache.ratis.server.impl.RaftServerProxy.submitRequest(RaftServerProxy.java:358) ~[ratis-server-1.1.0-913f5a4-SNAPSHOT.jar:1.1.0-913f5a4-SNAPSHOT]
	at org.apache.ratis.server.impl.RaftServerProxy.submitClientRequestAsync(RaftServerProxy.java:364) ~[ratis-server-1.1.0-913f5a4-SNAPSHOT.jar:1.1.0-913f5a4-SNAPSHOT]
	at org.apache.ratis.grpc.client.GrpcClientProtocolService$RequestStreamObserver.processClientRequest(GrpcClientProtocolService.java:231) ~[ratis-grpc-1.1.0-913f5a4-SNAPSHOT.jar:1.1.0-913f5a4-SNAPSHOT]
	at org.apache.ratis.grpc.client.GrpcClientProtocolService$OrderedRequestStreamObserver.processClientRequest(GrpcClientProtocolService.java:337) ~[ratis-grpc-1.1.0-913f5a4-SNAPSHOT.jar:1.1.0-913f5a4-SNAPSHOT]
	at org.apache.ratis.util.SlidingWindow$Server.processRequestsFromHead(SlidingWindow.java:429) [ratis-common-1.1.0-913f5a4-SNAPSHOT.jar:1.1.0-913f5a4-SNAPSHOT]
	at org.apache.ratis.util.SlidingWindow$Server.receivedRequest(SlidingWindow.java:421) [ratis-common-1.1.0-913f5a4-SNAPSHOT.jar:1.1.0-913f5a4-SNAPSHOT]
	at org.apache.ratis.grpc.client.GrpcClientProtocolService$OrderedRequestStreamObserver.processClientRequest(GrpcClientProtocolService.java:361) [ratis-grpc-1.1.0-913f5a4-SNAPSHOT.jar:1.1.0-913f5a4-SNAPSHOT]
	at org.apache.ratis.grpc.client.GrpcClientProtocolService$RequestStreamObserver.onNext(GrpcClientProtocolService.java:251) [ratis-grpc-1.1.0-913f5a4-SNAPSHOT.jar:1.1.0-913f5a4-SNAPSHOT]
	at org.apache.ratis.grpc.client.GrpcClientProtocolService$RequestStreamObserver.onNext(GrpcClientProtocolService.java:174) [ratis-grpc-1.1.0-913f5a4-SNAPSHOT.jar:1.1.0-913f5a4-SNAPSHOT]
	at org.apache.ratis.thirdparty.io.grpc.stub.ServerCalls$StreamingServerCallHandler$StreamingServerCallListener.onMessage(ServerCalls.java:251) [ratis-thirdparty-misc-0.6.0-SNAPSHOT.jar:0.6.0-SNAPSHOT]
	at org.apache.ratis.thirdparty.io.grpc.ForwardingServerCallListener.onMessage(ForwardingServerCallListener.java:33) [ratis-thirdparty-misc-0.6.0-SNAPSHOT.jar:0.6.0-SNAPSHOT]
	at org.apache.ratis.thirdparty.io.grpc.internal.ServerCallImpl$ServerStreamListenerImpl.messagesAvailableInternal(ServerCallImpl.java:309) [ratis-thirdparty-misc-0.6.0-SNAPSHOT.jar:0.6.0-SNAPSHOT]
	at org.apache.ratis.thirdparty.io.grpc.internal.ServerCallImpl$ServerStreamListenerImpl.messagesAvailable(ServerCallImpl.java:292) [ratis-thirdparty-misc-0.6.0-SNAPSHOT.jar:0.6.0-SNAPSHOT]
	at org.apache.ratis.thirdparty.io.grpc.internal.ServerImpl$JumpToApplicationThreadServerStreamListener$1MessagesAvailable.runInContext(ServerImpl.java:783) [ratis-thirdparty-misc-0.6.0-SNAPSHOT.jar:0.6.0-SNAPSHOT]
	at org.apache.ratis.thirdparty.io.grpc.internal.ContextRunnable.run(ContextRunnable.java:37) [ratis-thirdparty-misc-0.6.0-SNAPSHOT.jar:0.6.0-SNAPSHOT]
	at org.apache.ratis.thirdparty.io.grpc.internal.SerializingExecutor.run(SerializingExecutor.java:123) [ratis-thirdparty-misc-0.6.0-SNAPSHOT.jar:0.6.0-SNAPSHOT]
	at java.util.concurrent.ThreadPoolExecutor.runWorker(ThreadPoolExecutor.java:1149) [?:1.8.0_232]
	at java.util.concurrent.ThreadPoolExecutor$Worker.run(ThreadPoolExecutor.java:624) [?:1.8.0_232]
	at java.lang.Thread.run(Thread.java:748) [?:1.8.0_232]
2020-12-11 14:19:22,059 [grpc-default-executor-2] ERROR storage.BlockOutputStream (BlockOutputStream.java:lambda$writeChunkToContainer$3(677)) - writing chunk failed 105361988637163523_chunk_8 blockID conID: 1 locID: 105361988637163523 bcsId: 12 with exception org.apache.ratis.protocol.exceptions.StateMachineException: org.apache.hadoop.hdds.scm.container.common.helpers.ContainerNotOpenException from Server 1e19d63f-6462-4e22-a106-6f9be0aefcff@group-B862D7DC63D9: Container 1 in CLOSED state
14:19:22.062 [grpc-default-executor-3] ERROR DNAudit - user=null | ip=null | op=PUT_BLOCK {blockData=[blockId=conID: 1 locID: 105361988637163523 bcsId: 0,size=800]} | ret=FAILURE
org.apache.hadoop.hdds.scm.container.common.helpers.ContainerNotOpenException: Container 1 in CLOSED state
	at org.apache.hadoop.ozone.container.common.impl.HddsDispatcher.validateContainerCommand(HddsDispatcher.java:484) ~[hadoop-hdds-container-service-1.1.0-SNAPSHOT.jar:?]
	at org.apache.hadoop.ozone.container.common.transport.server.ratis.ContainerStateMachine.startTransaction(ContainerStateMachine.java:319) ~[hadoop-hdds-container-service-1.1.0-SNAPSHOT.jar:?]
	at org.apache.ratis.server.impl.RaftServerImpl.submitClientRequestAsync(RaftServerImpl.java:723) ~[ratis-server-1.1.0-913f5a4-SNAPSHOT.jar:1.1.0-913f5a4-SNAPSHOT]
	at org.apache.ratis.server.impl.RaftServerProxy.lambda$submitClientRequestAsync$7(RaftServerProxy.java:364) ~[ratis-server-1.1.0-913f5a4-SNAPSHOT.jar:1.1.0-913f5a4-SNAPSHOT]
	at org.apache.ratis.server.impl.RaftServerProxy.lambda$null$5(RaftServerProxy.java:359) ~[ratis-server-1.1.0-913f5a4-SNAPSHOT.jar:1.1.0-913f5a4-SNAPSHOT]
	at org.apache.ratis.util.JavaUtils.callAsUnchecked(JavaUtils.java:116) ~[ratis-common-1.1.0-913f5a4-SNAPSHOT.jar:1.1.0-913f5a4-SNAPSHOT]
	at org.apache.ratis.server.impl.RaftServerProxy.lambda$submitRequest$6(RaftServerProxy.java:359) ~[ratis-server-1.1.0-913f5a4-SNAPSHOT.jar:1.1.0-913f5a4-SNAPSHOT]
	at java.util.concurrent.CompletableFuture.uniComposeStage(CompletableFuture.java:995) ~[?:1.8.0_232]
	at java.util.concurrent.CompletableFuture.thenCompose(CompletableFuture.java:2137) ~[?:1.8.0_232]
	at org.apache.ratis.server.impl.RaftServerProxy.submitRequest(RaftServerProxy.java:358) ~[ratis-server-1.1.0-913f5a4-SNAPSHOT.jar:1.1.0-913f5a4-SNAPSHOT]
	at org.apache.ratis.server.impl.RaftServerProxy.submitClientRequestAsync(RaftServerProxy.java:364) ~[ratis-server-1.1.0-913f5a4-SNAPSHOT.jar:1.1.0-913f5a4-SNAPSHOT]
	at org.apache.ratis.grpc.client.GrpcClientProtocolService$RequestStreamObserver.processClientRequest(GrpcClientProtocolService.java:231) ~[ratis-grpc-1.1.0-913f5a4-SNAPSHOT.jar:1.1.0-913f5a4-SNAPSHOT]
	at org.apache.ratis.grpc.client.GrpcClientProtocolService$OrderedRequestStreamObserver.processClientRequest(GrpcClientProtocolService.java:337) ~[ratis-grpc-1.1.0-913f5a4-SNAPSHOT.jar:1.1.0-913f5a4-SNAPSHOT]
	at org.apache.ratis.util.SlidingWindow$Server.processRequestsFromHead(SlidingWindow.java:429) [ratis-common-1.1.0-913f5a4-SNAPSHOT.jar:1.1.0-913f5a4-SNAPSHOT]
	at org.apache.ratis.util.SlidingWindow$Server.receivedRequest(SlidingWindow.java:421) [ratis-common-1.1.0-913f5a4-SNAPSHOT.jar:1.1.0-913f5a4-SNAPSHOT]
	at org.apache.ratis.grpc.client.GrpcClientProtocolService$OrderedRequestStreamObserver.processClientRequest(GrpcClientProtocolService.java:361) [ratis-grpc-1.1.0-913f5a4-SNAPSHOT.jar:1.1.0-913f5a4-SNAPSHOT]
	at org.apache.ratis.grpc.client.GrpcClientProtocolService$RequestStreamObserver.onNext(GrpcClientProtocolService.java:251) [ratis-grpc-1.1.0-913f5a4-SNAPSHOT.jar:1.1.0-913f5a4-SNAPSHOT]
	at org.apache.ratis.grpc.client.GrpcClientProtocolService$RequestStreamObserver.onNext(GrpcClientProtocolService.java:174) [ratis-grpc-1.1.0-913f5a4-SNAPSHOT.jar:1.1.0-913f5a4-SNAPSHOT]
	at org.apache.ratis.thirdparty.io.grpc.stub.ServerCalls$StreamingServerCallHandler$StreamingServerCallListener.onMessage(ServerCalls.java:251) [ratis-thirdparty-misc-0.6.0-SNAPSHOT.jar:0.6.0-SNAPSHOT]
	at org.apache.ratis.thirdparty.io.grpc.ForwardingServerCallListener.onMessage(ForwardingServerCallListener.java:33) [ratis-thirdparty-misc-0.6.0-SNAPSHOT.jar:0.6.0-SNAPSHOT]
	at org.apache.ratis.thirdparty.io.grpc.internal.ServerCallImpl$ServerStreamListenerImpl.messagesAvailableInternal(ServerCallImpl.java:309) [ratis-thirdparty-misc-0.6.0-SNAPSHOT.jar:0.6.0-SNAPSHOT]
	at org.apache.ratis.thirdparty.io.grpc.internal.ServerCallImpl$ServerStreamListenerImpl.messagesAvailable(ServerCallImpl.java:292) [ratis-thirdparty-misc-0.6.0-SNAPSHOT.jar:0.6.0-SNAPSHOT]
	at org.apache.ratis.thirdparty.io.grpc.internal.ServerImpl$JumpToApplicationThreadServerStreamListener$1MessagesAvailable.runInContext(ServerImpl.java:783) [ratis-thirdparty-misc-0.6.0-SNAPSHOT.jar:0.6.0-SNAPSHOT]
	at org.apache.ratis.thirdparty.io.grpc.internal.ContextRunnable.run(ContextRunnable.java:37) [ratis-thirdparty-misc-0.6.0-SNAPSHOT.jar:0.6.0-SNAPSHOT]
	at org.apache.ratis.thirdparty.io.grpc.internal.SerializingExecutor.run(SerializingExecutor.java:123) [ratis-thirdparty-misc-0.6.0-SNAPSHOT.jar:0.6.0-SNAPSHOT]
	at java.util.concurrent.ThreadPoolExecutor.runWorker(ThreadPoolExecutor.java:1149) [?:1.8.0_232]
	at java.util.concurrent.ThreadPoolExecutor$Worker.run(ThreadPoolExecutor.java:624) [?:1.8.0_232]
	at java.lang.Thread.run(Thread.java:748) [?:1.8.0_232]
14:19:22.077 [grpc-default-executor-3] ERROR DNAudit - user=null | ip=null | op=WRITE_CHUNK {blockData=conID: 2 locID: 105361988637163524 bcsId: 0} | ret=FAILURE
org.apache.hadoop.hdds.scm.container.common.helpers.ContainerNotOpenException: Container 2 in CLOSED state
	at org.apache.hadoop.ozone.container.common.impl.HddsDispatcher.validateContainerCommand(HddsDispatcher.java:484) ~[hadoop-hdds-container-service-1.1.0-SNAPSHOT.jar:?]
	at org.apache.hadoop.ozone.container.common.transport.server.ratis.ContainerStateMachine.startTransaction(ContainerStateMachine.java:319) ~[hadoop-hdds-container-service-1.1.0-SNAPSHOT.jar:?]
	at org.apache.ratis.server.impl.RaftServerImpl.submitClientRequestAsync(RaftServerImpl.java:723) ~[ratis-server-1.1.0-913f5a4-SNAPSHOT.jar:1.1.0-913f5a4-SNAPSHOT]
	at org.apache.ratis.server.impl.RaftServerProxy.lambda$submitClientRequestAsync$7(RaftServerProxy.java:364) ~[ratis-server-1.1.0-913f5a4-SNAPSHOT.jar:1.1.0-913f5a4-SNAPSHOT]
	at org.apache.ratis.server.impl.RaftServerProxy.lambda$null$5(RaftServerProxy.java:359) ~[ratis-server-1.1.0-913f5a4-SNAPSHOT.jar:1.1.0-913f5a4-SNAPSHOT]
	at org.apache.ratis.util.JavaUtils.callAsUnchecked(JavaUtils.java:116) ~[ratis-common-1.1.0-913f5a4-SNAPSHOT.jar:1.1.0-913f5a4-SNAPSHOT]
	at org.apache.ratis.server.impl.RaftServerProxy.lambda$submitRequest$6(RaftServerProxy.java:359) ~[ratis-server-1.1.0-913f5a4-SNAPSHOT.jar:1.1.0-913f5a4-SNAPSHOT]
	at java.util.concurrent.CompletableFuture.uniComposeStage(CompletableFuture.java:995) ~[?:1.8.0_232]
	at java.util.concurrent.CompletableFuture.thenCompose(CompletableFuture.java:2137) ~[?:1.8.0_232]
	at org.apache.ratis.server.impl.RaftServerProxy.submitRequest(RaftServerProxy.java:358) ~[ratis-server-1.1.0-913f5a4-SNAPSHOT.jar:1.1.0-913f5a4-SNAPSHOT]
	at org.apache.ratis.server.impl.RaftServerProxy.submitClientRequestAsync(RaftServerProxy.java:364) ~[ratis-server-1.1.0-913f5a4-SNAPSHOT.jar:1.1.0-913f5a4-SNAPSHOT]
	at org.apache.ratis.grpc.client.GrpcClientProtocolService$RequestStreamObserver.processClientRequest(GrpcClientProtocolService.java:231) ~[ratis-grpc-1.1.0-913f5a4-SNAPSHOT.jar:1.1.0-913f5a4-SNAPSHOT]
	at org.apache.ratis.grpc.client.GrpcClientProtocolService$OrderedRequestStreamObserver.processClientRequest(GrpcClientProtocolService.java:337) ~[ratis-grpc-1.1.0-913f5a4-SNAPSHOT.jar:1.1.0-913f5a4-SNAPSHOT]
	at org.apache.ratis.util.SlidingWindow$Server.processRequestsFromHead(SlidingWindow.java:429) [ratis-common-1.1.0-913f5a4-SNAPSHOT.jar:1.1.0-913f5a4-SNAPSHOT]
	at org.apache.ratis.util.SlidingWindow$Server.receivedRequest(SlidingWindow.java:421) [ratis-common-1.1.0-913f5a4-SNAPSHOT.jar:1.1.0-913f5a4-SNAPSHOT]
	at org.apache.ratis.grpc.client.GrpcClientProtocolService$OrderedRequestStreamObserver.processClientRequest(GrpcClientProtocolService.java:361) [ratis-grpc-1.1.0-913f5a4-SNAPSHOT.jar:1.1.0-913f5a4-SNAPSHOT]
	at org.apache.ratis.grpc.client.GrpcClientProtocolService$RequestStreamObserver.onNext(GrpcClientProtocolService.java:251) [ratis-grpc-1.1.0-913f5a4-SNAPSHOT.jar:1.1.0-913f5a4-SNAPSHOT]
	at org.apache.ratis.grpc.client.GrpcClientProtocolService$RequestStreamObserver.onNext(GrpcClientProtocolService.java:174) [ratis-grpc-1.1.0-913f5a4-SNAPSHOT.jar:1.1.0-913f5a4-SNAPSHOT]
	at org.apache.ratis.thirdparty.io.grpc.stub.ServerCalls$StreamingServerCallHandler$StreamingServerCallListener.onMessage(ServerCalls.java:251) [ratis-thirdparty-misc-0.6.0-SNAPSHOT.jar:0.6.0-SNAPSHOT]
	at org.apache.ratis.thirdparty.io.grpc.ForwardingServerCallListener.onMessage(ForwardingServerCallListener.java:33) [ratis-thirdparty-misc-0.6.0-SNAPSHOT.jar:0.6.0-SNAPSHOT]
	at org.apache.ratis.thirdparty.io.grpc.internal.ServerCallImpl$ServerStreamListenerImpl.messagesAvailableInternal(ServerCallImpl.java:309) [ratis-thirdparty-misc-0.6.0-SNAPSHOT.jar:0.6.0-SNAPSHOT]
	at org.apache.ratis.thirdparty.io.grpc.internal.ServerCallImpl$ServerStreamListenerImpl.messagesAvailable(ServerCallImpl.java:292) [ratis-thirdparty-misc-0.6.0-SNAPSHOT.jar:0.6.0-SNAPSHOT]
	at org.apache.ratis.thirdparty.io.grpc.internal.ServerImpl$JumpToApplicationThreadServerStreamListener$1MessagesAvailable.runInContext(ServerImpl.java:783) [ratis-thirdparty-misc-0.6.0-SNAPSHOT.jar:0.6.0-SNAPSHOT]
	at org.apache.ratis.thirdparty.io.grpc.internal.ContextRunnable.run(ContextRunnable.java:37) [ratis-thirdparty-misc-0.6.0-SNAPSHOT.jar:0.6.0-SNAPSHOT]
	at org.apache.ratis.thirdparty.io.grpc.internal.SerializingExecutor.run(SerializingExecutor.java:123) [ratis-thirdparty-misc-0.6.0-SNAPSHOT.jar:0.6.0-SNAPSHOT]
	at java.util.concurrent.ThreadPoolExecutor.runWorker(ThreadPoolExecutor.java:1149) [?:1.8.0_232]
	at java.util.concurrent.ThreadPoolExecutor$Worker.run(ThreadPoolExecutor.java:624) [?:1.8.0_232]
	at java.lang.Thread.run(Thread.java:748) [?:1.8.0_232]
14:19:22.079 [grpc-default-executor-3] ERROR DNAudit - user=null | ip=null | op=WRITE_CHUNK {blockData=conID: 2 locID: 105361988637163524 bcsId: 0} | ret=FAILURE
org.apache.hadoop.hdds.scm.container.common.helpers.ContainerNotOpenException: Container 2 in CLOSED state
	at org.apache.hadoop.ozone.container.common.impl.HddsDispatcher.validateContainerCommand(HddsDispatcher.java:484) ~[hadoop-hdds-container-service-1.1.0-SNAPSHOT.jar:?]
	at org.apache.hadoop.ozone.container.common.transport.server.ratis.ContainerStateMachine.startTransaction(ContainerStateMachine.java:319) ~[hadoop-hdds-container-service-1.1.0-SNAPSHOT.jar:?]
	at org.apache.ratis.server.impl.RaftServerImpl.submitClientRequestAsync(RaftServerImpl.java:723) ~[ratis-server-1.1.0-913f5a4-SNAPSHOT.jar:1.1.0-913f5a4-SNAPSHOT]
	at org.apache.ratis.server.impl.RaftServerProxy.lambda$submitClientRequestAsync$7(RaftServerProxy.java:364) ~[ratis-server-1.1.0-913f5a4-SNAPSHOT.jar:1.1.0-913f5a4-SNAPSHOT]
	at org.apache.ratis.server.impl.RaftServerProxy.lambda$null$5(RaftServerProxy.java:359) ~[ratis-server-1.1.0-913f5a4-SNAPSHOT.jar:1.1.0-913f5a4-SNAPSHOT]
	at org.apache.ratis.util.JavaUtils.callAsUnchecked(JavaUtils.java:116) ~[ratis-common-1.1.0-913f5a4-SNAPSHOT.jar:1.1.0-913f5a4-SNAPSHOT]
	at org.apache.ratis.server.impl.RaftServerProxy.lambda$submitRequest$6(RaftServerProxy.java:359) ~[ratis-server-1.1.0-913f5a4-SNAPSHOT.jar:1.1.0-913f5a4-SNAPSHOT]
	at java.util.concurrent.CompletableFuture.uniComposeStage(CompletableFuture.java:995) ~[?:1.8.0_232]
	at java.util.concurrent.CompletableFuture.thenCompose(CompletableFuture.java:2137) ~[?:1.8.0_232]
	at org.apache.ratis.server.impl.RaftServerProxy.submitRequest(RaftServerProxy.java:358) ~[ratis-server-1.1.0-913f5a4-SNAPSHOT.jar:1.1.0-913f5a4-SNAPSHOT]
	at org.apache.ratis.server.impl.RaftServerProxy.submitClientRequestAsync(RaftServerProxy.java:364) ~[ratis-server-1.1.0-913f5a4-SNAPSHOT.jar:1.1.0-913f5a4-SNAPSHOT]
	at org.apache.ratis.grpc.client.GrpcClientProtocolService$RequestStreamObserver.processClientRequest(GrpcClientProtocolService.java:231) ~[ratis-grpc-1.1.0-913f5a4-SNAPSHOT.jar:1.1.0-913f5a4-SNAPSHOT]
	at org.apache.ratis.grpc.client.GrpcClientProtocolService$OrderedRequestStreamObserver.processClientRequest(GrpcClientProtocolService.java:337) ~[ratis-grpc-1.1.0-913f5a4-SNAPSHOT.jar:1.1.0-913f5a4-SNAPSHOT]
	at org.apache.ratis.util.SlidingWindow$Server.processRequestsFromHead(SlidingWindow.java:429) [ratis-common-1.1.0-913f5a4-SNAPSHOT.jar:1.1.0-913f5a4-SNAPSHOT]
	at org.apache.ratis.util.SlidingWindow$Server.receivedRequest(SlidingWindow.java:421) [ratis-common-1.1.0-913f5a4-SNAPSHOT.jar:1.1.0-913f5a4-SNAPSHOT]
	at org.apache.ratis.grpc.client.GrpcClientProtocolService$OrderedRequestStreamObserver.processClientRequest(GrpcClientProtocolService.java:361) [ratis-grpc-1.1.0-913f5a4-SNAPSHOT.jar:1.1.0-913f5a4-SNAPSHOT]
	at org.apache.ratis.grpc.client.GrpcClientProtocolService$RequestStreamObserver.onNext(GrpcClientProtocolService.java:251) [ratis-grpc-1.1.0-913f5a4-SNAPSHOT.jar:1.1.0-913f5a4-SNAPSHOT]
	at org.apache.ratis.grpc.client.GrpcClientProtocolService$RequestStreamObserver.onNext(GrpcClientProtocolService.java:174) [ratis-grpc-1.1.0-913f5a4-SNAPSHOT.jar:1.1.0-913f5a4-SNAPSHOT]
	at org.apache.ratis.thirdparty.io.grpc.stub.ServerCalls$StreamingServerCallHandler$StreamingServerCallListener.onMessage(ServerCalls.java:251) [ratis-thirdparty-misc-0.6.0-SNAPSHOT.jar:0.6.0-SNAPSHOT]
	at org.apache.ratis.thirdparty.io.grpc.ForwardingServerCallListener.onMessage(ForwardingServerCallListener.java:33) [ratis-thirdparty-misc-0.6.0-SNAPSHOT.jar:0.6.0-SNAPSHOT]
	at org.apache.ratis.thirdparty.io.grpc.internal.ServerCallImpl$ServerStreamListenerImpl.messagesAvailableInternal(ServerCallImpl.java:309) [ratis-thirdparty-misc-0.6.0-SNAPSHOT.jar:0.6.0-SNAPSHOT]
	at org.apache.ratis.thirdparty.io.grpc.internal.ServerCallImpl$ServerStreamListenerImpl.messagesAvailable(ServerCallImpl.java:292) [ratis-thirdparty-misc-0.6.0-SNAPSHOT.jar:0.6.0-SNAPSHOT]
	at org.apache.ratis.thirdparty.io.grpc.internal.ServerImpl$JumpToApplicationThreadServerStreamListener$1MessagesAvailable.runInContext(ServerImpl.java:783) [ratis-thirdparty-misc-0.6.0-SNAPSHOT.jar:0.6.0-SNAPSHOT]
	at org.apache.ratis.thirdparty.io.grpc.internal.ContextRunnable.run(ContextRunnable.java:37) [ratis-thirdparty-misc-0.6.0-SNAPSHOT.jar:0.6.0-SNAPSHOT]
	at org.apache.ratis.thirdparty.io.grpc.internal.SerializingExecutor.run(SerializingExecutor.java:123) [ratis-thirdparty-misc-0.6.0-SNAPSHOT.jar:0.6.0-SNAPSHOT]
	at java.util.concurrent.ThreadPoolExecutor.runWorker(ThreadPoolExecutor.java:1149) [?:1.8.0_232]
	at java.util.concurrent.ThreadPoolExecutor$Worker.run(ThreadPoolExecutor.java:624) [?:1.8.0_232]
	at java.lang.Thread.run(Thread.java:748) [?:1.8.0_232]
14:19:22.083 [grpc-default-executor-3] ERROR DNAudit - user=null | ip=null | op=PUT_BLOCK {blockData=[blockId=conID: 2 locID: 105361988637163524 bcsId: 0,size=200]} | ret=FAILURE
org.apache.hadoop.hdds.scm.container.common.helpers.ContainerNotOpenException: Container 2 in CLOSED state
	at org.apache.hadoop.ozone.container.common.impl.HddsDispatcher.validateContainerCommand(HddsDispatcher.java:484) ~[hadoop-hdds-container-service-1.1.0-SNAPSHOT.jar:?]
	at org.apache.hadoop.ozone.container.common.transport.server.ratis.ContainerStateMachine.startTransaction(ContainerStateMachine.java:319) ~[hadoop-hdds-container-service-1.1.0-SNAPSHOT.jar:?]
	at org.apache.ratis.server.impl.RaftServerImpl.submitClientRequestAsync(RaftServerImpl.java:723) ~[ratis-server-1.1.0-913f5a4-SNAPSHOT.jar:1.1.0-913f5a4-SNAPSHOT]
	at org.apache.ratis.server.impl.RaftServerProxy.lambda$submitClientRequestAsync$7(RaftServerProxy.java:364) ~[ratis-server-1.1.0-913f5a4-SNAPSHOT.jar:1.1.0-913f5a4-SNAPSHOT]
	at org.apache.ratis.server.impl.RaftServerProxy.lambda$null$5(RaftServerProxy.java:359) ~[ratis-server-1.1.0-913f5a4-SNAPSHOT.jar:1.1.0-913f5a4-SNAPSHOT]
	at org.apache.ratis.util.JavaUtils.callAsUnchecked(JavaUtils.java:116) ~[ratis-common-1.1.0-913f5a4-SNAPSHOT.jar:1.1.0-913f5a4-SNAPSHOT]
	at org.apache.ratis.server.impl.RaftServerProxy.lambda$submitRequest$6(RaftServerProxy.java:359) ~[ratis-server-1.1.0-913f5a4-SNAPSHOT.jar:1.1.0-913f5a4-SNAPSHOT]
	at java.util.concurrent.CompletableFuture.uniComposeStage(CompletableFuture.java:995) ~[?:1.8.0_232]
	at java.util.concurrent.CompletableFuture.thenCompose(CompletableFuture.java:2137) ~[?:1.8.0_232]
	at org.apache.ratis.server.impl.RaftServerProxy.submitRequest(RaftServerProxy.java:358) ~[ratis-server-1.1.0-913f5a4-SNAPSHOT.jar:1.1.0-913f5a4-SNAPSHOT]
	at org.apache.ratis.server.impl.RaftServerProxy.submitClientRequestAsync(RaftServerProxy.java:364) ~[ratis-server-1.1.0-913f5a4-SNAPSHOT.jar:1.1.0-913f5a4-SNAPSHOT]
	at org.apache.ratis.grpc.client.GrpcClientProtocolService$RequestStreamObserver.processClientRequest(GrpcClientProtocolService.java:231) ~[ratis-grpc-1.1.0-913f5a4-SNAPSHOT.jar:1.1.0-913f5a4-SNAPSHOT]
	at org.apache.ratis.grpc.client.GrpcClientProtocolService$OrderedRequestStreamObserver.processClientRequest(GrpcClientProtocolService.java:337) ~[ratis-grpc-1.1.0-913f5a4-SNAPSHOT.jar:1.1.0-913f5a4-SNAPSHOT]
	at org.apache.ratis.util.SlidingWindow$Server.processRequestsFromHead(SlidingWindow.java:429) [ratis-common-1.1.0-913f5a4-SNAPSHOT.jar:1.1.0-913f5a4-SNAPSHOT]
	at org.apache.ratis.util.SlidingWindow$Server.receivedRequest(SlidingWindow.java:421) [ratis-common-1.1.0-913f5a4-SNAPSHOT.jar:1.1.0-913f5a4-SNAPSHOT]
	at org.apache.ratis.grpc.client.GrpcClientProtocolService$OrderedRequestStreamObserver.processClientRequest(GrpcClientProtocolService.java:361) [ratis-grpc-1.1.0-913f5a4-SNAPSHOT.jar:1.1.0-913f5a4-SNAPSHOT]
	at org.apache.ratis.grpc.client.GrpcClientProtocolService$RequestStreamObserver.onNext(GrpcClientProtocolService.java:251) [ratis-grpc-1.1.0-913f5a4-SNAPSHOT.jar:1.1.0-913f5a4-SNAPSHOT]
	at org.apache.ratis.grpc.client.GrpcClientProtocolService$RequestStreamObserver.onNext(GrpcClientProtocolService.java:174) [ratis-grpc-1.1.0-913f5a4-SNAPSHOT.jar:1.1.0-913f5a4-SNAPSHOT]
	at org.apache.ratis.thirdparty.io.grpc.stub.ServerCalls$StreamingServerCallHandler$StreamingServerCallListener.onMessage(ServerCalls.java:251) [ratis-thirdparty-misc-0.6.0-SNAPSHOT.jar:0.6.0-SNAPSHOT]
	at org.apache.ratis.thirdparty.io.grpc.ForwardingServerCallListener.onMessage(ForwardingServerCallListener.java:33) [ratis-thirdparty-misc-0.6.0-SNAPSHOT.jar:0.6.0-SNAPSHOT]
	at org.apache.ratis.thirdparty.io.grpc.internal.ServerCallImpl$ServerStreamListenerImpl.messagesAvailableInternal(ServerCallImpl.java:309) [ratis-thirdparty-misc-0.6.0-SNAPSHOT.jar:0.6.0-SNAPSHOT]
	at org.apache.ratis.thirdparty.io.grpc.internal.ServerCallImpl$ServerStreamListenerImpl.messagesAvailable(ServerCallImpl.java:292) [ratis-thirdparty-misc-0.6.0-SNAPSHOT.jar:0.6.0-SNAPSHOT]
	at org.apache.ratis.thirdparty.io.grpc.internal.ServerImpl$JumpToApplicationThreadServerStreamListener$1MessagesAvailable.runInContext(ServerImpl.java:783) [ratis-thirdparty-misc-0.6.0-SNAPSHOT.jar:0.6.0-SNAPSHOT]
	at org.apache.ratis.thirdparty.io.grpc.internal.ContextRunnable.run(ContextRunnable.java:37) [ratis-thirdparty-misc-0.6.0-SNAPSHOT.jar:0.6.0-SNAPSHOT]
	at org.apache.ratis.thirdparty.io.grpc.internal.SerializingExecutor.run(SerializingExecutor.java:123) [ratis-thirdparty-misc-0.6.0-SNAPSHOT.jar:0.6.0-SNAPSHOT]
	at java.util.concurrent.ThreadPoolExecutor.runWorker(ThreadPoolExecutor.java:1149) [?:1.8.0_232]
	at java.util.concurrent.ThreadPoolExecutor$Worker.run(ThreadPoolExecutor.java:624) [?:1.8.0_232]
	at java.lang.Thread.run(Thread.java:748) [?:1.8.0_232]
14:19:22.084 [grpc-default-executor-3] ERROR DNAudit - user=null | ip=null | op=WRITE_CHUNK {blockData=conID: 2 locID: 105361988637163524 bcsId: 0} | ret=FAILURE
org.apache.hadoop.hdds.scm.container.common.helpers.ContainerNotOpenException: Container 2 in CLOSED state
	at org.apache.hadoop.ozone.container.common.impl.HddsDispatcher.validateContainerCommand(HddsDispatcher.java:484) ~[hadoop-hdds-container-service-1.1.0-SNAPSHOT.jar:?]
	at org.apache.hadoop.ozone.container.common.transport.server.ratis.ContainerStateMachine.startTransaction(ContainerStateMachine.java:319) ~[hadoop-hdds-container-service-1.1.0-SNAPSHOT.jar:?]
	at org.apache.ratis.server.impl.RaftServerImpl.submitClientRequestAsync(RaftServerImpl.java:723) ~[ratis-server-1.1.0-913f5a4-SNAPSHOT.jar:1.1.0-913f5a4-SNAPSHOT]
	at org.apache.ratis.server.impl.RaftServerProxy.lambda$submitClientRequestAsync$7(RaftServerProxy.java:364) ~[ratis-server-1.1.0-913f5a4-SNAPSHOT.jar:1.1.0-913f5a4-SNAPSHOT]
	at org.apache.ratis.server.impl.RaftServerProxy.lambda$null$5(RaftServerProxy.java:359) ~[ratis-server-1.1.0-913f5a4-SNAPSHOT.jar:1.1.0-913f5a4-SNAPSHOT]
	at org.apache.ratis.util.JavaUtils.callAsUnchecked(JavaUtils.java:116) ~[ratis-common-1.1.0-913f5a4-SNAPSHOT.jar:1.1.0-913f5a4-SNAPSHOT]
	at org.apache.ratis.server.impl.RaftServerProxy.lambda$submitRequest$6(RaftServerProxy.java:359) ~[ratis-server-1.1.0-913f5a4-SNAPSHOT.jar:1.1.0-913f5a4-SNAPSHOT]
	at java.util.concurrent.CompletableFuture.uniComposeStage(CompletableFuture.java:995) ~[?:1.8.0_232]
	at java.util.concurrent.CompletableFuture.thenCompose(CompletableFuture.java:2137) ~[?:1.8.0_232]
	at org.apache.ratis.server.impl.RaftServerProxy.submitRequest(RaftServerProxy.java:358) ~[ratis-server-1.1.0-913f5a4-SNAPSHOT.jar:1.1.0-913f5a4-SNAPSHOT]
	at org.apache.ratis.server.impl.RaftServerProxy.submitClientRequestAsync(RaftServerProxy.java:364) ~[ratis-server-1.1.0-913f5a4-SNAPSHOT.jar:1.1.0-913f5a4-SNAPSHOT]
	at org.apache.ratis.grpc.client.GrpcClientProtocolService$RequestStreamObserver.processClientRequest(GrpcClientProtocolService.java:231) ~[ratis-grpc-1.1.0-913f5a4-SNAPSHOT.jar:1.1.0-913f5a4-SNAPSHOT]
	at org.apache.ratis.grpc.client.GrpcClientProtocolService$OrderedRequestStreamObserver.processClientRequest(GrpcClientProtocolService.java:337) ~[ratis-grpc-1.1.0-913f5a4-SNAPSHOT.jar:1.1.0-913f5a4-SNAPSHOT]
	at org.apache.ratis.util.SlidingWindow$Server.processRequestsFromHead(SlidingWindow.java:429) [ratis-common-1.1.0-913f5a4-SNAPSHOT.jar:1.1.0-913f5a4-SNAPSHOT]
	at org.apache.ratis.util.SlidingWindow$Server.receivedRequest(SlidingWindow.java:421) [ratis-common-1.1.0-913f5a4-SNAPSHOT.jar:1.1.0-913f5a4-SNAPSHOT]
	at org.apache.ratis.grpc.client.GrpcClientProtocolService$OrderedRequestStreamObserver.processClientRequest(GrpcClientProtocolService.java:361) [ratis-grpc-1.1.0-913f5a4-SNAPSHOT.jar:1.1.0-913f5a4-SNAPSHOT]
	at org.apache.ratis.grpc.client.GrpcClientProtocolService$RequestStreamObserver.onNext(GrpcClientProtocolService.java:251) [ratis-grpc-1.1.0-913f5a4-SNAPSHOT.jar:1.1.0-913f5a4-SNAPSHOT]
	at org.apache.ratis.grpc.client.GrpcClientProtocolService$RequestStreamObserver.onNext(GrpcClientProtocolService.java:174) [ratis-grpc-1.1.0-913f5a4-SNAPSHOT.jar:1.1.0-913f5a4-SNAPSHOT]
	at org.apache.ratis.thirdparty.io.grpc.stub.ServerCalls$StreamingServerCallHandler$StreamingServerCallListener.onMessage(ServerCalls.java:251) [ratis-thirdparty-misc-0.6.0-SNAPSHOT.jar:0.6.0-SNAPSHOT]
	at org.apache.ratis.thirdparty.io.grpc.ForwardingServerCallListener.onMessage(ForwardingServerCallListener.java:33) [ratis-thirdparty-misc-0.6.0-SNAPSHOT.jar:0.6.0-SNAPSHOT]
	at org.apache.ratis.thirdparty.io.grpc.internal.ServerCallImpl$ServerStreamListenerImpl.messagesAvailableInternal(ServerCallImpl.java:309) [ratis-thirdparty-misc-0.6.0-SNAPSHOT.jar:0.6.0-SNAPSHOT]
	at org.apache.ratis.thirdparty.io.grpc.internal.ServerCallImpl$ServerStreamListenerImpl.messagesAvailable(ServerCallImpl.java:292) [ratis-thirdparty-misc-0.6.0-SNAPSHOT.jar:0.6.0-SNAPSHOT]
	at org.apache.ratis.thirdparty.io.grpc.internal.ServerImpl$JumpToApplicationThreadServerStreamListener$1MessagesAvailable.runInContext(ServerImpl.java:783) [ratis-thirdparty-misc-0.6.0-SNAPSHOT.jar:0.6.0-SNAPSHOT]
	at org.apache.ratis.thirdparty.io.grpc.internal.ContextRunnable.run(ContextRunnable.java:37) [ratis-thirdparty-misc-0.6.0-SNAPSHOT.jar:0.6.0-SNAPSHOT]
	at org.apache.ratis.thirdparty.io.grpc.internal.SerializingExecutor.run(SerializingExecutor.java:123) [ratis-thirdparty-misc-0.6.0-SNAPSHOT.jar:0.6.0-SNAPSHOT]
	at java.util.concurrent.ThreadPoolExecutor.runWorker(ThreadPoolExecutor.java:1149) [?:1.8.0_232]
	at java.util.concurrent.ThreadPoolExecutor$Worker.run(ThreadPoolExecutor.java:624) [?:1.8.0_232]
	at java.lang.Thread.run(Thread.java:748) [?:1.8.0_232]
14:19:22.085 [grpc-default-executor-3] ERROR DNAudit - user=null | ip=null | op=WRITE_CHUNK {blockData=conID: 2 locID: 105361988637163524 bcsId: 0} | ret=FAILURE
org.apache.hadoop.hdds.scm.container.common.helpers.ContainerNotOpenException: Container 2 in CLOSED state
	at org.apache.hadoop.ozone.container.common.impl.HddsDispatcher.validateContainerCommand(HddsDispatcher.java:484) ~[hadoop-hdds-container-service-1.1.0-SNAPSHOT.jar:?]
	at org.apache.hadoop.ozone.container.common.transport.server.ratis.ContainerStateMachine.startTransaction(ContainerStateMachine.java:319) ~[hadoop-hdds-container-service-1.1.0-SNAPSHOT.jar:?]
	at org.apache.ratis.server.impl.RaftServerImpl.submitClientRequestAsync(RaftServerImpl.java:723) ~[ratis-server-1.1.0-913f5a4-SNAPSHOT.jar:1.1.0-913f5a4-SNAPSHOT]
	at org.apache.ratis.server.impl.RaftServerProxy.lambda$submitClientRequestAsync$7(RaftServerProxy.java:364) ~[ratis-server-1.1.0-913f5a4-SNAPSHOT.jar:1.1.0-913f5a4-SNAPSHOT]
	at org.apache.ratis.server.impl.RaftServerProxy.lambda$null$5(RaftServerProxy.java:359) ~[ratis-server-1.1.0-913f5a4-SNAPSHOT.jar:1.1.0-913f5a4-SNAPSHOT]
	at org.apache.ratis.util.JavaUtils.callAsUnchecked(JavaUtils.java:116) ~[ratis-common-1.1.0-913f5a4-SNAPSHOT.jar:1.1.0-913f5a4-SNAPSHOT]
	at org.apache.ratis.server.impl.RaftServerProxy.lambda$submitRequest$6(RaftServerProxy.java:359) ~[ratis-server-1.1.0-913f5a4-SNAPSHOT.jar:1.1.0-913f5a4-SNAPSHOT]
	at java.util.concurrent.CompletableFuture.uniComposeStage(CompletableFuture.java:995) ~[?:1.8.0_232]
	at java.util.concurrent.CompletableFuture.thenCompose(CompletableFuture.java:2137) ~[?:1.8.0_232]
	at org.apache.ratis.server.impl.RaftServerProxy.submitRequest(RaftServerProxy.java:358) ~[ratis-server-1.1.0-913f5a4-SNAPSHOT.jar:1.1.0-913f5a4-SNAPSHOT]
	at org.apache.ratis.server.impl.RaftServerProxy.submitClientRequestAsync(RaftServerProxy.java:364) ~[ratis-server-1.1.0-913f5a4-SNAPSHOT.jar:1.1.0-913f5a4-SNAPSHOT]
	at org.apache.ratis.grpc.client.GrpcClientProtocolService$RequestStreamObserver.processClientRequest(GrpcClientProtocolService.java:231) ~[ratis-grpc-1.1.0-913f5a4-SNAPSHOT.jar:1.1.0-913f5a4-SNAPSHOT]
	at org.apache.ratis.grpc.client.GrpcClientProtocolService$OrderedRequestStreamObserver.processClientRequest(GrpcClientProtocolService.java:337) ~[ratis-grpc-1.1.0-913f5a4-SNAPSHOT.jar:1.1.0-913f5a4-SNAPSHOT]
	at org.apache.ratis.util.SlidingWindow$Server.processRequestsFromHead(SlidingWindow.java:429) [ratis-common-1.1.0-913f5a4-SNAPSHOT.jar:1.1.0-913f5a4-SNAPSHOT]
	at org.apache.ratis.util.SlidingWindow$Server.receivedRequest(SlidingWindow.java:421) [ratis-common-1.1.0-913f5a4-SNAPSHOT.jar:1.1.0-913f5a4-SNAPSHOT]
	at org.apache.ratis.grpc.client.GrpcClientProtocolService$OrderedRequestStreamObserver.processClientRequest(GrpcClientProtocolService.java:361) [ratis-grpc-1.1.0-913f5a4-SNAPSHOT.jar:1.1.0-913f5a4-SNAPSHOT]
	at org.apache.ratis.grpc.client.GrpcClientProtocolService$RequestStreamObserver.onNext(GrpcClientProtocolService.java:251) [ratis-grpc-1.1.0-913f5a4-SNAPSHOT.jar:1.1.0-913f5a4-SNAPSHOT]
	at org.apache.ratis.grpc.client.GrpcClientProtocolService$RequestStreamObserver.onNext(GrpcClientProtocolService.java:174) [ratis-grpc-1.1.0-913f5a4-SNAPSHOT.jar:1.1.0-913f5a4-SNAPSHOT]
	at org.apache.ratis.thirdparty.io.grpc.stub.ServerCalls$StreamingServerCallHandler$StreamingServerCallListener.onMessage(ServerCalls.java:251) [ratis-thirdparty-misc-0.6.0-SNAPSHOT.jar:0.6.0-SNAPSHOT]
	at org.apache.ratis.thirdparty.io.grpc.ForwardingServerCallListener.onMessage(ForwardingServerCallListener.java:33) [ratis-thirdparty-misc-0.6.0-SNAPSHOT.jar:0.6.0-SNAPSHOT]
	at org.apache.ratis.thirdparty.io.grpc.internal.ServerCallImpl$ServerStreamListenerImpl.messagesAvailableInternal(ServerCallImpl.java:309) [ratis-thirdparty-misc-0.6.0-SNAPSHOT.jar:0.6.0-SNAPSHOT]
	at org.apache.ratis.thirdparty.io.grpc.internal.ServerCallImpl$ServerStreamListenerImpl.messagesAvailable(ServerCallImpl.java:292) [ratis-thirdparty-misc-0.6.0-SNAPSHOT.jar:0.6.0-SNAPSHOT]
	at org.apache.ratis.thirdparty.io.grpc.internal.ServerImpl$JumpToApplicationThreadServerStreamListener$1MessagesAvailable.runInContext(ServerImpl.java:783) [ratis-thirdparty-misc-0.6.0-SNAPSHOT.jar:0.6.0-SNAPSHOT]
	at org.apache.ratis.thirdparty.io.grpc.internal.ContextRunnable.run(ContextRunnable.java:37) [ratis-thirdparty-misc-0.6.0-SNAPSHOT.jar:0.6.0-SNAPSHOT]
	at org.apache.ratis.thirdparty.io.grpc.internal.SerializingExecutor.run(SerializingExecutor.java:123) [ratis-thirdparty-misc-0.6.0-SNAPSHOT.jar:0.6.0-SNAPSHOT]
	at java.util.concurrent.ThreadPoolExecutor.runWorker(ThreadPoolExecutor.java:1149) [?:1.8.0_232]
	at java.util.concurrent.ThreadPoolExecutor$Worker.run(ThreadPoolExecutor.java:624) [?:1.8.0_232]
	at java.lang.Thread.run(Thread.java:748) [?:1.8.0_232]
2020-12-11 14:19:22,094 [grpc-default-executor-0] ERROR storage.BlockOutputStream (BlockOutputStream.java:lambda$writeChunkToContainer$3(677)) - writing chunk failed 105361988637163524_chunk_1 blockID conID: 2 locID: 105361988637163524 bcsId: 0 with exception org.apache.ratis.protocol.exceptions.StateMachineException: org.apache.hadoop.hdds.scm.container.common.helpers.ContainerNotOpenException from Server 1e19d63f-6462-4e22-a106-6f9be0aefcff@group-B862D7DC63D9: Container 2 in CLOSED state
2020-12-11 14:19:22,108 [grpc-default-executor-0] ERROR storage.BlockOutputStream (BlockOutputStream.java:lambda$writeChunkToContainer$3(677)) - writing chunk failed 105361988637163524_chunk_2 blockID conID: 2 locID: 105361988637163524 bcsId: 0 with exception org.apache.ratis.protocol.exceptions.StateMachineException: org.apache.hadoop.hdds.scm.container.common.helpers.ContainerNotOpenException from Server 1e19d63f-6462-4e22-a106-6f9be0aefcff@group-B862D7DC63D9: Container 2 in CLOSED state
14:19:22.109 [grpc-default-executor-3] ERROR DNAudit - user=null | ip=null | op=PUT_BLOCK {blockData=[blockId=conID: 2 locID: 105361988637163524 bcsId: 0,size=400]} | ret=FAILURE
org.apache.hadoop.hdds.scm.container.common.helpers.ContainerNotOpenException: Container 2 in CLOSED state
	at org.apache.hadoop.ozone.container.common.impl.HddsDispatcher.validateContainerCommand(HddsDispatcher.java:484) ~[hadoop-hdds-container-service-1.1.0-SNAPSHOT.jar:?]
	at org.apache.hadoop.ozone.container.common.transport.server.ratis.ContainerStateMachine.startTransaction(ContainerStateMachine.java:319) ~[hadoop-hdds-container-service-1.1.0-SNAPSHOT.jar:?]
	at org.apache.ratis.server.impl.RaftServerImpl.submitClientRequestAsync(RaftServerImpl.java:723) ~[ratis-server-1.1.0-913f5a4-SNAPSHOT.jar:1.1.0-913f5a4-SNAPSHOT]
	at org.apache.ratis.server.impl.RaftServerProxy.lambda$submitClientRequestAsync$7(RaftServerProxy.java:364) ~[ratis-server-1.1.0-913f5a4-SNAPSHOT.jar:1.1.0-913f5a4-SNAPSHOT]
	at org.apache.ratis.server.impl.RaftServerProxy.lambda$null$5(RaftServerProxy.java:359) ~[ratis-server-1.1.0-913f5a4-SNAPSHOT.jar:1.1.0-913f5a4-SNAPSHOT]
	at org.apache.ratis.util.JavaUtils.callAsUnchecked(JavaUtils.java:116) ~[ratis-common-1.1.0-913f5a4-SNAPSHOT.jar:1.1.0-913f5a4-SNAPSHOT]
	at org.apache.ratis.server.impl.RaftServerProxy.lambda$submitRequest$6(RaftServerProxy.java:359) ~[ratis-server-1.1.0-913f5a4-SNAPSHOT.jar:1.1.0-913f5a4-SNAPSHOT]
	at java.util.concurrent.CompletableFuture.uniComposeStage(CompletableFuture.java:995) ~[?:1.8.0_232]
	at java.util.concurrent.CompletableFuture.thenCompose(CompletableFuture.java:2137) ~[?:1.8.0_232]
	at org.apache.ratis.server.impl.RaftServerProxy.submitRequest(RaftServerProxy.java:358) ~[ratis-server-1.1.0-913f5a4-SNAPSHOT.jar:1.1.0-913f5a4-SNAPSHOT]
	at org.apache.ratis.server.impl.RaftServerProxy.submitClientRequestAsync(RaftServerProxy.java:364) ~[ratis-server-1.1.0-913f5a4-SNAPSHOT.jar:1.1.0-913f5a4-SNAPSHOT]
	at org.apache.ratis.grpc.client.GrpcClientProtocolService$RequestStreamObserver.processClientRequest(GrpcClientProtocolService.java:231) ~[ratis-grpc-1.1.0-913f5a4-SNAPSHOT.jar:1.1.0-913f5a4-SNAPSHOT]
	at org.apache.ratis.grpc.client.GrpcClientProtocolService$OrderedRequestStreamObserver.processClientRequest(GrpcClientProtocolService.java:337) ~[ratis-grpc-1.1.0-913f5a4-SNAPSHOT.jar:1.1.0-913f5a4-SNAPSHOT]
	at org.apache.ratis.util.SlidingWindow$Server.processRequestsFromHead(SlidingWindow.java:429) [ratis-common-1.1.0-913f5a4-SNAPSHOT.jar:1.1.0-913f5a4-SNAPSHOT]
	at org.apache.ratis.util.SlidingWindow$Server.receivedRequest(SlidingWindow.java:421) [ratis-common-1.1.0-913f5a4-SNAPSHOT.jar:1.1.0-913f5a4-SNAPSHOT]
	at org.apache.ratis.grpc.client.GrpcClientProtocolService$OrderedRequestStreamObserver.processClientRequest(GrpcClientProtocolService.java:361) [ratis-grpc-1.1.0-913f5a4-SNAPSHOT.jar:1.1.0-913f5a4-SNAPSHOT]
	at org.apache.ratis.grpc.client.GrpcClientProtocolService$RequestStreamObserver.onNext(GrpcClientProtocolService.java:251) [ratis-grpc-1.1.0-913f5a4-SNAPSHOT.jar:1.1.0-913f5a4-SNAPSHOT]
	at org.apache.ratis.grpc.client.GrpcClientProtocolService$RequestStreamObserver.onNext(GrpcClientProtocolService.java:174) [ratis-grpc-1.1.0-913f5a4-SNAPSHOT.jar:1.1.0-913f5a4-SNAPSHOT]
	at org.apache.ratis.thirdparty.io.grpc.stub.ServerCalls$StreamingServerCallHandler$StreamingServerCallListener.onMessage(ServerCalls.java:251) [ratis-thirdparty-misc-0.6.0-SNAPSHOT.jar:0.6.0-SNAPSHOT]
	at org.apache.ratis.thirdparty.io.grpc.ForwardingServerCallListener.onMessage(ForwardingServerCallListener.java:33) [ratis-thirdparty-misc-0.6.0-SNAPSHOT.jar:0.6.0-SNAPSHOT]
	at org.apache.ratis.thirdparty.io.grpc.internal.ServerCallImpl$ServerStreamListenerImpl.messagesAvailableInternal(ServerCallImpl.java:309) [ratis-thirdparty-misc-0.6.0-SNAPSHOT.jar:0.6.0-SNAPSHOT]
	at org.apache.ratis.thirdparty.io.grpc.internal.ServerCallImpl$ServerStreamListenerImpl.messagesAvailable(ServerCallImpl.java:292) [ratis-thirdparty-misc-0.6.0-SNAPSHOT.jar:0.6.0-SNAPSHOT]
	at org.apache.ratis.thirdparty.io.grpc.internal.ServerImpl$JumpToApplicationThreadServerStreamListener$1MessagesAvailable.runInContext(ServerImpl.java:783) [ratis-thirdparty-misc-0.6.0-SNAPSHOT.jar:0.6.0-SNAPSHOT]
	at org.apache.ratis.thirdparty.io.grpc.internal.ContextRunnable.run(ContextRunnable.java:37) [ratis-thirdparty-misc-0.6.0-SNAPSHOT.jar:0.6.0-SNAPSHOT]
	at org.apache.ratis.thirdparty.io.grpc.internal.SerializingExecutor.run(SerializingExecutor.java:123) [ratis-thirdparty-misc-0.6.0-SNAPSHOT.jar:0.6.0-SNAPSHOT]
	at java.util.concurrent.ThreadPoolExecutor.runWorker(ThreadPoolExecutor.java:1149) [?:1.8.0_232]
	at java.util.concurrent.ThreadPoolExecutor$Worker.run(ThreadPoolExecutor.java:624) [?:1.8.0_232]
	at java.lang.Thread.run(Thread.java:748) [?:1.8.0_232]
2020-12-11 14:19:22,119 [grpc-default-executor-3] ERROR storage.BlockOutputStream (BlockOutputStream.java:lambda$writeChunkToContainer$3(677)) - writing chunk failed 105361988637163524_chunk_3 blockID conID: 2 locID: 105361988637163524 bcsId: 0 with exception org.apache.ratis.protocol.exceptions.StateMachineException: org.apache.hadoop.hdds.scm.container.common.helpers.ContainerNotOpenException from Server 1e19d63f-6462-4e22-a106-6f9be0aefcff@group-B862D7DC63D9: Container 2 in CLOSED state
2020-12-11 14:19:22,121 [grpc-default-executor-3] ERROR storage.BlockOutputStream (BlockOutputStream.java:lambda$writeChunkToContainer$3(677)) - writing chunk failed 105361988637163524_chunk_4 blockID conID: 2 locID: 105361988637163524 bcsId: 0 with exception org.apache.ratis.protocol.exceptions.StateMachineException: org.apache.hadoop.hdds.scm.container.common.helpers.ContainerNotOpenException from Server 1e19d63f-6462-4e22-a106-6f9be0aefcff@group-B862D7DC63D9: Container 2 in CLOSED state
2020-12-11 14:19:22,133 [Listener at 127.0.0.1/43915] INFO  metrics.RatisMetrics (RatisMetrics.java:lambda$create$0(36)) - Creating Metrics Registry : ratis.client_message_metrics.client-7F5063248AC2->b64ecab1-a9a6-4a36-bfad-80c590b1cb6b
2020-12-11 14:19:22,146 [org.apache.ratis.server.JvmPauseMonitor@568294dc-Monitor] WARN  server.JvmPauseMonitor (JvmPauseMonitor.java:run(141)) - Detected pause in JVM or host machine (eg GC): pause of approximately 4ms
No GCs detected
14:19:22.148 [grpc-default-executor-3] ERROR DNAudit - user=null | ip=null | op=WRITE_CHUNK {blockData=conID: 3 locID: 105361988637163526 bcsId: 0} | ret=FAILURE
org.apache.hadoop.hdds.scm.container.common.helpers.ContainerNotOpenException: Container 3 in CLOSED state
	at org.apache.hadoop.ozone.container.common.impl.HddsDispatcher.validateContainerCommand(HddsDispatcher.java:484) ~[hadoop-hdds-container-service-1.1.0-SNAPSHOT.jar:?]
	at org.apache.hadoop.ozone.container.common.transport.server.ratis.ContainerStateMachine.startTransaction(ContainerStateMachine.java:319) ~[hadoop-hdds-container-service-1.1.0-SNAPSHOT.jar:?]
	at org.apache.ratis.server.impl.RaftServerImpl.submitClientRequestAsync(RaftServerImpl.java:723) ~[ratis-server-1.1.0-913f5a4-SNAPSHOT.jar:1.1.0-913f5a4-SNAPSHOT]
	at org.apache.ratis.server.impl.RaftServerProxy.lambda$submitClientRequestAsync$7(RaftServerProxy.java:364) ~[ratis-server-1.1.0-913f5a4-SNAPSHOT.jar:1.1.0-913f5a4-SNAPSHOT]
	at org.apache.ratis.server.impl.RaftServerProxy.lambda$null$5(RaftServerProxy.java:359) ~[ratis-server-1.1.0-913f5a4-SNAPSHOT.jar:1.1.0-913f5a4-SNAPSHOT]
	at org.apache.ratis.util.JavaUtils.callAsUnchecked(JavaUtils.java:116) ~[ratis-common-1.1.0-913f5a4-SNAPSHOT.jar:1.1.0-913f5a4-SNAPSHOT]
	at org.apache.ratis.server.impl.RaftServerProxy.lambda$submitRequest$6(RaftServerProxy.java:359) ~[ratis-server-1.1.0-913f5a4-SNAPSHOT.jar:1.1.0-913f5a4-SNAPSHOT]
	at java.util.concurrent.CompletableFuture.uniComposeStage(CompletableFuture.java:995) ~[?:1.8.0_232]
	at java.util.concurrent.CompletableFuture.thenCompose(CompletableFuture.java:2137) ~[?:1.8.0_232]
	at org.apache.ratis.server.impl.RaftServerProxy.submitRequest(RaftServerProxy.java:358) ~[ratis-server-1.1.0-913f5a4-SNAPSHOT.jar:1.1.0-913f5a4-SNAPSHOT]
	at org.apache.ratis.server.impl.RaftServerProxy.submitClientRequestAsync(RaftServerProxy.java:364) ~[ratis-server-1.1.0-913f5a4-SNAPSHOT.jar:1.1.0-913f5a4-SNAPSHOT]
	at org.apache.ratis.grpc.client.GrpcClientProtocolService$RequestStreamObserver.processClientRequest(GrpcClientProtocolService.java:231) ~[ratis-grpc-1.1.0-913f5a4-SNAPSHOT.jar:1.1.0-913f5a4-SNAPSHOT]
	at org.apache.ratis.grpc.client.GrpcClientProtocolService$OrderedRequestStreamObserver.processClientRequest(GrpcClientProtocolService.java:337) ~[ratis-grpc-1.1.0-913f5a4-SNAPSHOT.jar:1.1.0-913f5a4-SNAPSHOT]
	at org.apache.ratis.util.SlidingWindow$Server.processRequestsFromHead(SlidingWindow.java:429) [ratis-common-1.1.0-913f5a4-SNAPSHOT.jar:1.1.0-913f5a4-SNAPSHOT]
	at org.apache.ratis.util.SlidingWindow$Server.receivedRequest(SlidingWindow.java:421) [ratis-common-1.1.0-913f5a4-SNAPSHOT.jar:1.1.0-913f5a4-SNAPSHOT]
	at org.apache.ratis.grpc.client.GrpcClientProtocolService$OrderedRequestStreamObserver.processClientRequest(GrpcClientProtocolService.java:361) [ratis-grpc-1.1.0-913f5a4-SNAPSHOT.jar:1.1.0-913f5a4-SNAPSHOT]
	at org.apache.ratis.grpc.client.GrpcClientProtocolService$RequestStreamObserver.onNext(GrpcClientProtocolService.java:251) [ratis-grpc-1.1.0-913f5a4-SNAPSHOT.jar:1.1.0-913f5a4-SNAPSHOT]
	at org.apache.ratis.grpc.client.GrpcClientProtocolService$RequestStreamObserver.onNext(GrpcClientProtocolService.java:174) [ratis-grpc-1.1.0-913f5a4-SNAPSHOT.jar:1.1.0-913f5a4-SNAPSHOT]
	at org.apache.ratis.thirdparty.io.grpc.stub.ServerCalls$StreamingServerCallHandler$StreamingServerCallListener.onMessage(ServerCalls.java:251) [ratis-thirdparty-misc-0.6.0-SNAPSHOT.jar:0.6.0-SNAPSHOT]
	at org.apache.ratis.thirdparty.io.grpc.ForwardingServerCallListener.onMessage(ForwardingServerCallListener.java:33) [ratis-thirdparty-misc-0.6.0-SNAPSHOT.jar:0.6.0-SNAPSHOT]
	at org.apache.ratis.thirdparty.io.grpc.internal.ServerCallImpl$ServerStreamListenerImpl.messagesAvailableInternal(ServerCallImpl.java:309) [ratis-thirdparty-misc-0.6.0-SNAPSHOT.jar:0.6.0-SNAPSHOT]
	at org.apache.ratis.thirdparty.io.grpc.internal.ServerCallImpl$ServerStreamListenerImpl.messagesAvailable(ServerCallImpl.java:292) [ratis-thirdparty-misc-0.6.0-SNAPSHOT.jar:0.6.0-SNAPSHOT]
	at org.apache.ratis.thirdparty.io.grpc.internal.ServerImpl$JumpToApplicationThreadServerStreamListener$1MessagesAvailable.runInContext(ServerImpl.java:783) [ratis-thirdparty-misc-0.6.0-SNAPSHOT.jar:0.6.0-SNAPSHOT]
	at org.apache.ratis.thirdparty.io.grpc.internal.ContextRunnable.run(ContextRunnable.java:37) [ratis-thirdparty-misc-0.6.0-SNAPSHOT.jar:0.6.0-SNAPSHOT]
	at org.apache.ratis.thirdparty.io.grpc.internal.SerializingExecutor.run(SerializingExecutor.java:123) [ratis-thirdparty-misc-0.6.0-SNAPSHOT.jar:0.6.0-SNAPSHOT]
	at java.util.concurrent.ThreadPoolExecutor.runWorker(ThreadPoolExecutor.java:1149) [?:1.8.0_232]
	at java.util.concurrent.ThreadPoolExecutor$Worker.run(ThreadPoolExecutor.java:624) [?:1.8.0_232]
	at java.lang.Thread.run(Thread.java:748) [?:1.8.0_232]
2020-12-11 14:19:22,152 [grpc-default-executor-0] ERROR storage.BlockOutputStream (BlockOutputStream.java:lambda$writeChunkToContainer$3(677)) - writing chunk failed 105361988637163526_chunk_1 blockID conID: 3 locID: 105361988637163526 bcsId: 0 with exception org.apache.ratis.protocol.exceptions.StateMachineException: org.apache.hadoop.hdds.scm.container.common.helpers.ContainerNotOpenException from Server b64ecab1-a9a6-4a36-bfad-80c590b1cb6b@group-78DEF98344CE: Container 3 in CLOSED state
14:19:22.154 [grpc-default-executor-3] ERROR DNAudit - user=null | ip=null | op=WRITE_CHUNK {blockData=conID: 3 locID: 105361988637163526 bcsId: 0} | ret=FAILURE
org.apache.hadoop.hdds.scm.container.common.helpers.ContainerNotOpenException: Container 3 in CLOSED state
	at org.apache.hadoop.ozone.container.common.impl.HddsDispatcher.validateContainerCommand(HddsDispatcher.java:484) ~[hadoop-hdds-container-service-1.1.0-SNAPSHOT.jar:?]
	at org.apache.hadoop.ozone.container.common.transport.server.ratis.ContainerStateMachine.startTransaction(ContainerStateMachine.java:319) ~[hadoop-hdds-container-service-1.1.0-SNAPSHOT.jar:?]
	at org.apache.ratis.server.impl.RaftServerImpl.submitClientRequestAsync(RaftServerImpl.java:723) ~[ratis-server-1.1.0-913f5a4-SNAPSHOT.jar:1.1.0-913f5a4-SNAPSHOT]
	at org.apache.ratis.server.impl.RaftServerProxy.lambda$submitClientRequestAsync$7(RaftServerProxy.java:364) ~[ratis-server-1.1.0-913f5a4-SNAPSHOT.jar:1.1.0-913f5a4-SNAPSHOT]
	at org.apache.ratis.server.impl.RaftServerProxy.lambda$null$5(RaftServerProxy.java:359) ~[ratis-server-1.1.0-913f5a4-SNAPSHOT.jar:1.1.0-913f5a4-SNAPSHOT]
	at org.apache.ratis.util.JavaUtils.callAsUnchecked(JavaUtils.java:116) ~[ratis-common-1.1.0-913f5a4-SNAPSHOT.jar:1.1.0-913f5a4-SNAPSHOT]
	at org.apache.ratis.server.impl.RaftServerProxy.lambda$submitRequest$6(RaftServerProxy.java:359) ~[ratis-server-1.1.0-913f5a4-SNAPSHOT.jar:1.1.0-913f5a4-SNAPSHOT]
	at java.util.concurrent.CompletableFuture.uniComposeStage(CompletableFuture.java:995) ~[?:1.8.0_232]
	at java.util.concurrent.CompletableFuture.thenCompose(CompletableFuture.java:2137) ~[?:1.8.0_232]
	at org.apache.ratis.server.impl.RaftServerProxy.submitRequest(RaftServerProxy.java:358) ~[ratis-server-1.1.0-913f5a4-SNAPSHOT.jar:1.1.0-913f5a4-SNAPSHOT]
	at org.apache.ratis.server.impl.RaftServerProxy.submitClientRequestAsync(RaftServerProxy.java:364) ~[ratis-server-1.1.0-913f5a4-SNAPSHOT.jar:1.1.0-913f5a4-SNAPSHOT]
	at org.apache.ratis.grpc.client.GrpcClientProtocolService$RequestStreamObserver.processClientRequest(GrpcClientProtocolService.java:231) ~[ratis-grpc-1.1.0-913f5a4-SNAPSHOT.jar:1.1.0-913f5a4-SNAPSHOT]
	at org.apache.ratis.grpc.client.GrpcClientProtocolService$OrderedRequestStreamObserver.processClientRequest(GrpcClientProtocolService.java:337) ~[ratis-grpc-1.1.0-913f5a4-SNAPSHOT.jar:1.1.0-913f5a4-SNAPSHOT]
	at org.apache.ratis.util.SlidingWindow$Server.processRequestsFromHead(SlidingWindow.java:429) [ratis-common-1.1.0-913f5a4-SNAPSHOT.jar:1.1.0-913f5a4-SNAPSHOT]
	at org.apache.ratis.util.SlidingWindow$Server.receivedRequest(SlidingWindow.java:421) [ratis-common-1.1.0-913f5a4-SNAPSHOT.jar:1.1.0-913f5a4-SNAPSHOT]
	at org.apache.ratis.grpc.client.GrpcClientProtocolService$OrderedRequestStreamObserver.processClientRequest(GrpcClientProtocolService.java:361) [ratis-grpc-1.1.0-913f5a4-SNAPSHOT.jar:1.1.0-913f5a4-SNAPSHOT]
	at org.apache.ratis.grpc.client.GrpcClientProtocolService$RequestStreamObserver.onNext(GrpcClientProtocolService.java:251) [ratis-grpc-1.1.0-913f5a4-SNAPSHOT.jar:1.1.0-913f5a4-SNAPSHOT]
	at org.apache.ratis.grpc.client.GrpcClientProtocolService$RequestStreamObserver.onNext(GrpcClientProtocolService.java:174) [ratis-grpc-1.1.0-913f5a4-SNAPSHOT.jar:1.1.0-913f5a4-SNAPSHOT]
	at org.apache.ratis.thirdparty.io.grpc.stub.ServerCalls$StreamingServerCallHandler$StreamingServerCallListener.onMessage(ServerCalls.java:251) [ratis-thirdparty-misc-0.6.0-SNAPSHOT.jar:0.6.0-SNAPSHOT]
	at org.apache.ratis.thirdparty.io.grpc.ForwardingServerCallListener.onMessage(ForwardingServerCallListener.java:33) [ratis-thirdparty-misc-0.6.0-SNAPSHOT.jar:0.6.0-SNAPSHOT]
	at org.apache.ratis.thirdparty.io.grpc.internal.ServerCallImpl$ServerStreamListenerImpl.messagesAvailableInternal(ServerCallImpl.java:309) [ratis-thirdparty-misc-0.6.0-SNAPSHOT.jar:0.6.0-SNAPSHOT]
	at org.apache.ratis.thirdparty.io.grpc.internal.ServerCallImpl$ServerStreamListenerImpl.messagesAvailable(ServerCallImpl.java:292) [ratis-thirdparty-misc-0.6.0-SNAPSHOT.jar:0.6.0-SNAPSHOT]
	at org.apache.ratis.thirdparty.io.grpc.internal.ServerImpl$JumpToApplicationThreadServerStreamListener$1MessagesAvailable.runInContext(ServerImpl.java:783) [ratis-thirdparty-misc-0.6.0-SNAPSHOT.jar:0.6.0-SNAPSHOT]
	at org.apache.ratis.thirdparty.io.grpc.internal.ContextRunnable.run(ContextRunnable.java:37) [ratis-thirdparty-misc-0.6.0-SNAPSHOT.jar:0.6.0-SNAPSHOT]
	at org.apache.ratis.thirdparty.io.grpc.internal.SerializingExecutor.run(SerializingExecutor.java:123) [ratis-thirdparty-misc-0.6.0-SNAPSHOT.jar:0.6.0-SNAPSHOT]
	at java.util.concurrent.ThreadPoolExecutor.runWorker(ThreadPoolExecutor.java:1149) [?:1.8.0_232]
	at java.util.concurrent.ThreadPoolExecutor$Worker.run(ThreadPoolExecutor.java:624) [?:1.8.0_232]
	at java.lang.Thread.run(Thread.java:748) [?:1.8.0_232]
14:19:22.161 [grpc-default-executor-3] ERROR DNAudit - user=null | ip=null | op=PUT_BLOCK {blockData=[blockId=conID: 3 locID: 105361988637163526 bcsId: 0,size=200]} | ret=FAILURE
org.apache.hadoop.hdds.scm.container.common.helpers.ContainerNotOpenException: Container 3 in CLOSED state
	at org.apache.hadoop.ozone.container.common.impl.HddsDispatcher.validateContainerCommand(HddsDispatcher.java:484) ~[hadoop-hdds-container-service-1.1.0-SNAPSHOT.jar:?]
	at org.apache.hadoop.ozone.container.common.transport.server.ratis.ContainerStateMachine.startTransaction(ContainerStateMachine.java:319) ~[hadoop-hdds-container-service-1.1.0-SNAPSHOT.jar:?]
	at org.apache.ratis.server.impl.RaftServerImpl.submitClientRequestAsync(RaftServerImpl.java:723) ~[ratis-server-1.1.0-913f5a4-SNAPSHOT.jar:1.1.0-913f5a4-SNAPSHOT]
	at org.apache.ratis.server.impl.RaftServerProxy.lambda$submitClientRequestAsync$7(RaftServerProxy.java:364) ~[ratis-server-1.1.0-913f5a4-SNAPSHOT.jar:1.1.0-913f5a4-SNAPSHOT]
	at org.apache.ratis.server.impl.RaftServerProxy.lambda$null$5(RaftServerProxy.java:359) ~[ratis-server-1.1.0-913f5a4-SNAPSHOT.jar:1.1.0-913f5a4-SNAPSHOT]
	at org.apache.ratis.util.JavaUtils.callAsUnchecked(JavaUtils.java:116) ~[ratis-common-1.1.0-913f5a4-SNAPSHOT.jar:1.1.0-913f5a4-SNAPSHOT]
	at org.apache.ratis.server.impl.RaftServerProxy.lambda$submitRequest$6(RaftServerProxy.java:359) ~[ratis-server-1.1.0-913f5a4-SNAPSHOT.jar:1.1.0-913f5a4-SNAPSHOT]
	at java.util.concurrent.CompletableFuture.uniComposeStage(CompletableFuture.java:995) ~[?:1.8.0_232]
	at java.util.concurrent.CompletableFuture.thenCompose(CompletableFuture.java:2137) ~[?:1.8.0_232]
	at org.apache.ratis.server.impl.RaftServerProxy.submitRequest(RaftServerProxy.java:358) ~[ratis-server-1.1.0-913f5a4-SNAPSHOT.jar:1.1.0-913f5a4-SNAPSHOT]
	at org.apache.ratis.server.impl.RaftServerProxy.submitClientRequestAsync(RaftServerProxy.java:364) ~[ratis-server-1.1.0-913f5a4-SNAPSHOT.jar:1.1.0-913f5a4-SNAPSHOT]
	at org.apache.ratis.grpc.client.GrpcClientProtocolService$RequestStreamObserver.processClientRequest(GrpcClientProtocolService.java:231) ~[ratis-grpc-1.1.0-913f5a4-SNAPSHOT.jar:1.1.0-913f5a4-SNAPSHOT]
	at org.apache.ratis.grpc.client.GrpcClientProtocolService$OrderedRequestStreamObserver.processClientRequest(GrpcClientProtocolService.java:337) ~[ratis-grpc-1.1.0-913f5a4-SNAPSHOT.jar:1.1.0-913f5a4-SNAPSHOT]
	at org.apache.ratis.util.SlidingWindow$Server.processRequestsFromHead(SlidingWindow.java:429) [ratis-common-1.1.0-913f5a4-SNAPSHOT.jar:1.1.0-913f5a4-SNAPSHOT]
	at org.apache.ratis.util.SlidingWindow$Server.receivedRequest(SlidingWindow.java:421) [ratis-common-1.1.0-913f5a4-SNAPSHOT.jar:1.1.0-913f5a4-SNAPSHOT]
	at org.apache.ratis.grpc.client.GrpcClientProtocolService$OrderedRequestStreamObserver.processClientRequest(GrpcClientProtocolService.java:361) [ratis-grpc-1.1.0-913f5a4-SNAPSHOT.jar:1.1.0-913f5a4-SNAPSHOT]
	at org.apache.ratis.grpc.client.GrpcClientProtocolService$RequestStreamObserver.onNext(GrpcClientProtocolService.java:251) [ratis-grpc-1.1.0-913f5a4-SNAPSHOT.jar:1.1.0-913f5a4-SNAPSHOT]
	at org.apache.ratis.grpc.client.GrpcClientProtocolService$RequestStreamObserver.onNext(GrpcClientProtocolService.java:174) [ratis-grpc-1.1.0-913f5a4-SNAPSHOT.jar:1.1.0-913f5a4-SNAPSHOT]
	at org.apache.ratis.thirdparty.io.grpc.stub.ServerCalls$StreamingServerCallHandler$StreamingServerCallListener.onMessage(ServerCalls.java:251) [ratis-thirdparty-misc-0.6.0-SNAPSHOT.jar:0.6.0-SNAPSHOT]
	at org.apache.ratis.thirdparty.io.grpc.ForwardingServerCallListener.onMessage(ForwardingServerCallListener.java:33) [ratis-thirdparty-misc-0.6.0-SNAPSHOT.jar:0.6.0-SNAPSHOT]
	at org.apache.ratis.thirdparty.io.grpc.internal.ServerCallImpl$ServerStreamListenerImpl.messagesAvailableInternal(ServerCallImpl.java:309) [ratis-thirdparty-misc-0.6.0-SNAPSHOT.jar:0.6.0-SNAPSHOT]
	at org.apache.ratis.thirdparty.io.grpc.internal.ServerCallImpl$ServerStreamListenerImpl.messagesAvailable(ServerCallImpl.java:292) [ratis-thirdparty-misc-0.6.0-SNAPSHOT.jar:0.6.0-SNAPSHOT]
	at org.apache.ratis.thirdparty.io.grpc.internal.ServerImpl$JumpToApplicationThreadServerStreamListener$1MessagesAvailable.runInContext(ServerImpl.java:783) [ratis-thirdparty-misc-0.6.0-SNAPSHOT.jar:0.6.0-SNAPSHOT]
	at org.apache.ratis.thirdparty.io.grpc.internal.ContextRunnable.run(ContextRunnable.java:37) [ratis-thirdparty-misc-0.6.0-SNAPSHOT.jar:0.6.0-SNAPSHOT]
	at org.apache.ratis.thirdparty.io.grpc.internal.SerializingExecutor.run(SerializingExecutor.java:123) [ratis-thirdparty-misc-0.6.0-SNAPSHOT.jar:0.6.0-SNAPSHOT]
	at java.util.concurrent.ThreadPoolExecutor.runWorker(ThreadPoolExecutor.java:1149) [?:1.8.0_232]
	at java.util.concurrent.ThreadPoolExecutor$Worker.run(ThreadPoolExecutor.java:624) [?:1.8.0_232]
	at java.lang.Thread.run(Thread.java:748) [?:1.8.0_232]
2020-12-11 14:19:22,162 [grpc-default-executor-0] ERROR storage.BlockOutputStream (BlockOutputStream.java:lambda$writeChunkToContainer$3(677)) - writing chunk failed 105361988637163526_chunk_2 blockID conID: 3 locID: 105361988637163526 bcsId: 0 with exception org.apache.ratis.protocol.exceptions.StateMachineException: org.apache.hadoop.hdds.scm.container.common.helpers.ContainerNotOpenException from Server b64ecab1-a9a6-4a36-bfad-80c590b1cb6b@group-78DEF98344CE: Container 3 in CLOSED state
14:19:22.166 [grpc-default-executor-3] ERROR DNAudit - user=null | ip=null | op=WRITE_CHUNK {blockData=conID: 3 locID: 105361988637163526 bcsId: 0} | ret=FAILURE
org.apache.hadoop.hdds.scm.container.common.helpers.ContainerNotOpenException: Container 3 in CLOSED state
	at org.apache.hadoop.ozone.container.common.impl.HddsDispatcher.validateContainerCommand(HddsDispatcher.java:484) ~[hadoop-hdds-container-service-1.1.0-SNAPSHOT.jar:?]
	at org.apache.hadoop.ozone.container.common.transport.server.ratis.ContainerStateMachine.startTransaction(ContainerStateMachine.java:319) ~[hadoop-hdds-container-service-1.1.0-SNAPSHOT.jar:?]
	at org.apache.ratis.server.impl.RaftServerImpl.submitClientRequestAsync(RaftServerImpl.java:723) ~[ratis-server-1.1.0-913f5a4-SNAPSHOT.jar:1.1.0-913f5a4-SNAPSHOT]
	at org.apache.ratis.server.impl.RaftServerProxy.lambda$submitClientRequestAsync$7(RaftServerProxy.java:364) ~[ratis-server-1.1.0-913f5a4-SNAPSHOT.jar:1.1.0-913f5a4-SNAPSHOT]
	at org.apache.ratis.server.impl.RaftServerProxy.lambda$null$5(RaftServerProxy.java:359) ~[ratis-server-1.1.0-913f5a4-SNAPSHOT.jar:1.1.0-913f5a4-SNAPSHOT]
	at org.apache.ratis.util.JavaUtils.callAsUnchecked(JavaUtils.java:116) ~[ratis-common-1.1.0-913f5a4-SNAPSHOT.jar:1.1.0-913f5a4-SNAPSHOT]
	at org.apache.ratis.server.impl.RaftServerProxy.lambda$submitRequest$6(RaftServerProxy.java:359) ~[ratis-server-1.1.0-913f5a4-SNAPSHOT.jar:1.1.0-913f5a4-SNAPSHOT]
	at java.util.concurrent.CompletableFuture.uniComposeStage(CompletableFuture.java:995) ~[?:1.8.0_232]
	at java.util.concurrent.CompletableFuture.thenCompose(CompletableFuture.java:2137) ~[?:1.8.0_232]
	at org.apache.ratis.server.impl.RaftServerProxy.submitRequest(RaftServerProxy.java:358) ~[ratis-server-1.1.0-913f5a4-SNAPSHOT.jar:1.1.0-913f5a4-SNAPSHOT]
	at org.apache.ratis.server.impl.RaftServerProxy.submitClientRequestAsync(RaftServerProxy.java:364) ~[ratis-server-1.1.0-913f5a4-SNAPSHOT.jar:1.1.0-913f5a4-SNAPSHOT]
	at org.apache.ratis.grpc.client.GrpcClientProtocolService$RequestStreamObserver.processClientRequest(GrpcClientProtocolService.java:231) ~[ratis-grpc-1.1.0-913f5a4-SNAPSHOT.jar:1.1.0-913f5a4-SNAPSHOT]
	at org.apache.ratis.grpc.client.GrpcClientProtocolService$OrderedRequestStreamObserver.processClientRequest(GrpcClientProtocolService.java:337) ~[ratis-grpc-1.1.0-913f5a4-SNAPSHOT.jar:1.1.0-913f5a4-SNAPSHOT]
	at org.apache.ratis.util.SlidingWindow$Server.processRequestsFromHead(SlidingWindow.java:429) [ratis-common-1.1.0-913f5a4-SNAPSHOT.jar:1.1.0-913f5a4-SNAPSHOT]
	at org.apache.ratis.util.SlidingWindow$Server.receivedRequest(SlidingWindow.java:421) [ratis-common-1.1.0-913f5a4-SNAPSHOT.jar:1.1.0-913f5a4-SNAPSHOT]
	at org.apache.ratis.grpc.client.GrpcClientProtocolService$OrderedRequestStreamObserver.processClientRequest(GrpcClientProtocolService.java:361) [ratis-grpc-1.1.0-913f5a4-SNAPSHOT.jar:1.1.0-913f5a4-SNAPSHOT]
	at org.apache.ratis.grpc.client.GrpcClientProtocolService$RequestStreamObserver.onNext(GrpcClientProtocolService.java:251) [ratis-grpc-1.1.0-913f5a4-SNAPSHOT.jar:1.1.0-913f5a4-SNAPSHOT]
	at org.apache.ratis.grpc.client.GrpcClientProtocolService$RequestStreamObserver.onNext(GrpcClientProtocolService.java:174) [ratis-grpc-1.1.0-913f5a4-SNAPSHOT.jar:1.1.0-913f5a4-SNAPSHOT]
	at org.apache.ratis.thirdparty.io.grpc.stub.ServerCalls$StreamingServerCallHandler$StreamingServerCallListener.onMessage(ServerCalls.java:251) [ratis-thirdparty-misc-0.6.0-SNAPSHOT.jar:0.6.0-SNAPSHOT]
	at org.apache.ratis.thirdparty.io.grpc.ForwardingServerCallListener.onMessage(ForwardingServerCallListener.java:33) [ratis-thirdparty-misc-0.6.0-SNAPSHOT.jar:0.6.0-SNAPSHOT]
	at org.apache.ratis.thirdparty.io.grpc.internal.ServerCallImpl$ServerStreamListenerImpl.messagesAvailableInternal(ServerCallImpl.java:309) [ratis-thirdparty-misc-0.6.0-SNAPSHOT.jar:0.6.0-SNAPSHOT]
	at org.apache.ratis.thirdparty.io.grpc.internal.ServerCallImpl$ServerStreamListenerImpl.messagesAvailable(ServerCallImpl.java:292) [ratis-thirdparty-misc-0.6.0-SNAPSHOT.jar:0.6.0-SNAPSHOT]
	at org.apache.ratis.thirdparty.io.grpc.internal.ServerImpl$JumpToApplicationThreadServerStreamListener$1MessagesAvailable.runInContext(ServerImpl.java:783) [ratis-thirdparty-misc-0.6.0-SNAPSHOT.jar:0.6.0-SNAPSHOT]
	at org.apache.ratis.thirdparty.io.grpc.internal.ContextRunnable.run(ContextRunnable.java:37) [ratis-thirdparty-misc-0.6.0-SNAPSHOT.jar:0.6.0-SNAPSHOT]
	at org.apache.ratis.thirdparty.io.grpc.internal.SerializingExecutor.run(SerializingExecutor.java:123) [ratis-thirdparty-misc-0.6.0-SNAPSHOT.jar:0.6.0-SNAPSHOT]
	at java.util.concurrent.ThreadPoolExecutor.runWorker(ThreadPoolExecutor.java:1149) [?:1.8.0_232]
	at java.util.concurrent.ThreadPoolExecutor$Worker.run(ThreadPoolExecutor.java:624) [?:1.8.0_232]
	at java.lang.Thread.run(Thread.java:748) [?:1.8.0_232]
14:19:22.179 [grpc-default-executor-3] ERROR DNAudit - user=null | ip=null | op=WRITE_CHUNK {blockData=conID: 3 locID: 105361988637163526 bcsId: 0} | ret=FAILURE
org.apache.hadoop.hdds.scm.container.common.helpers.ContainerNotOpenException: Container 3 in CLOSED state
	at org.apache.hadoop.ozone.container.common.impl.HddsDispatcher.validateContainerCommand(HddsDispatcher.java:484) ~[hadoop-hdds-container-service-1.1.0-SNAPSHOT.jar:?]
	at org.apache.hadoop.ozone.container.common.transport.server.ratis.ContainerStateMachine.startTransaction(ContainerStateMachine.java:319) ~[hadoop-hdds-container-service-1.1.0-SNAPSHOT.jar:?]
	at org.apache.ratis.server.impl.RaftServerImpl.submitClientRequestAsync(RaftServerImpl.java:723) ~[ratis-server-1.1.0-913f5a4-SNAPSHOT.jar:1.1.0-913f5a4-SNAPSHOT]
	at org.apache.ratis.server.impl.RaftServerProxy.lambda$submitClientRequestAsync$7(RaftServerProxy.java:364) ~[ratis-server-1.1.0-913f5a4-SNAPSHOT.jar:1.1.0-913f5a4-SNAPSHOT]
	at org.apache.ratis.server.impl.RaftServerProxy.lambda$null$5(RaftServerProxy.java:359) ~[ratis-server-1.1.0-913f5a4-SNAPSHOT.jar:1.1.0-913f5a4-SNAPSHOT]
	at org.apache.ratis.util.JavaUtils.callAsUnchecked(JavaUtils.java:116) ~[ratis-common-1.1.0-913f5a4-SNAPSHOT.jar:1.1.0-913f5a4-SNAPSHOT]
	at org.apache.ratis.server.impl.RaftServerProxy.lambda$submitRequest$6(RaftServerProxy.java:359) ~[ratis-server-1.1.0-913f5a4-SNAPSHOT.jar:1.1.0-913f5a4-SNAPSHOT]
	at java.util.concurrent.CompletableFuture.uniComposeStage(CompletableFuture.java:995) ~[?:1.8.0_232]
	at java.util.concurrent.CompletableFuture.thenCompose(CompletableFuture.java:2137) ~[?:1.8.0_232]
	at org.apache.ratis.server.impl.RaftServerProxy.submitRequest(RaftServerProxy.java:358) ~[ratis-server-1.1.0-913f5a4-SNAPSHOT.jar:1.1.0-913f5a4-SNAPSHOT]
	at org.apache.ratis.server.impl.RaftServerProxy.submitClientRequestAsync(RaftServerProxy.java:364) ~[ratis-server-1.1.0-913f5a4-SNAPSHOT.jar:1.1.0-913f5a4-SNAPSHOT]
	at org.apache.ratis.grpc.client.GrpcClientProtocolService$RequestStreamObserver.processClientRequest(GrpcClientProtocolService.java:231) ~[ratis-grpc-1.1.0-913f5a4-SNAPSHOT.jar:1.1.0-913f5a4-SNAPSHOT]
	at org.apache.ratis.grpc.client.GrpcClientProtocolService$OrderedRequestStreamObserver.processClientRequest(GrpcClientProtocolService.java:337) ~[ratis-grpc-1.1.0-913f5a4-SNAPSHOT.jar:1.1.0-913f5a4-SNAPSHOT]
	at org.apache.ratis.util.SlidingWindow$Server.processRequestsFromHead(SlidingWindow.java:429) [ratis-common-1.1.0-913f5a4-SNAPSHOT.jar:1.1.0-913f5a4-SNAPSHOT]
	at org.apache.ratis.util.SlidingWindow$Server.receivedRequest(SlidingWindow.java:421) [ratis-common-1.1.0-913f5a4-SNAPSHOT.jar:1.1.0-913f5a4-SNAPSHOT]
	at org.apache.ratis.grpc.client.GrpcClientProtocolService$OrderedRequestStreamObserver.processClientRequest(GrpcClientProtocolService.java:361) [ratis-grpc-1.1.0-913f5a4-SNAPSHOT.jar:1.1.0-913f5a4-SNAPSHOT]
	at org.apache.ratis.grpc.client.GrpcClientProtocolService$RequestStreamObserver.onNext(GrpcClientProtocolService.java:251) [ratis-grpc-1.1.0-913f5a4-SNAPSHOT.jar:1.1.0-913f5a4-SNAPSHOT]
	at org.apache.ratis.grpc.client.GrpcClientProtocolService$RequestStreamObserver.onNext(GrpcClientProtocolService.java:174) [ratis-grpc-1.1.0-913f5a4-SNAPSHOT.jar:1.1.0-913f5a4-SNAPSHOT]
	at org.apache.ratis.thirdparty.io.grpc.stub.ServerCalls$StreamingServerCallHandler$StreamingServerCallListener.onMessage(ServerCalls.java:251) [ratis-thirdparty-misc-0.6.0-SNAPSHOT.jar:0.6.0-SNAPSHOT]
	at org.apache.ratis.thirdparty.io.grpc.ForwardingServerCallListener.onMessage(ForwardingServerCallListener.java:33) [ratis-thirdparty-misc-0.6.0-SNAPSHOT.jar:0.6.0-SNAPSHOT]
	at org.apache.ratis.thirdparty.io.grpc.internal.ServerCallImpl$ServerStreamListenerImpl.messagesAvailableInternal(ServerCallImpl.java:309) [ratis-thirdparty-misc-0.6.0-SNAPSHOT.jar:0.6.0-SNAPSHOT]
	at org.apache.ratis.thirdparty.io.grpc.internal.ServerCallImpl$ServerStreamListenerImpl.messagesAvailable(ServerCallImpl.java:292) [ratis-thirdparty-misc-0.6.0-SNAPSHOT.jar:0.6.0-SNAPSHOT]
	at org.apache.ratis.thirdparty.io.grpc.internal.ServerImpl$JumpToApplicationThreadServerStreamListener$1MessagesAvailable.runInContext(ServerImpl.java:783) [ratis-thirdparty-misc-0.6.0-SNAPSHOT.jar:0.6.0-SNAPSHOT]
	at org.apache.ratis.thirdparty.io.grpc.internal.ContextRunnable.run(ContextRunnable.java:37) [ratis-thirdparty-misc-0.6.0-SNAPSHOT.jar:0.6.0-SNAPSHOT]
	at org.apache.ratis.thirdparty.io.grpc.internal.SerializingExecutor.run(SerializingExecutor.java:123) [ratis-thirdparty-misc-0.6.0-SNAPSHOT.jar:0.6.0-SNAPSHOT]
	at java.util.concurrent.ThreadPoolExecutor.runWorker(ThreadPoolExecutor.java:1149) [?:1.8.0_232]
	at java.util.concurrent.ThreadPoolExecutor$Worker.run(ThreadPoolExecutor.java:624) [?:1.8.0_232]
	at java.lang.Thread.run(Thread.java:748) [?:1.8.0_232]
2020-12-11 14:19:22,182 [grpc-default-executor-0] ERROR storage.BlockOutputStream (BlockOutputStream.java:lambda$writeChunkToContainer$3(677)) - writing chunk failed 105361988637163526_chunk_3 blockID conID: 3 locID: 105361988637163526 bcsId: 0 with exception org.apache.ratis.protocol.exceptions.StateMachineException: org.apache.hadoop.hdds.scm.container.common.helpers.ContainerNotOpenException from Server b64ecab1-a9a6-4a36-bfad-80c590b1cb6b@group-78DEF98344CE: Container 3 in CLOSED state
14:19:22.183 [grpc-default-executor-3] ERROR DNAudit - user=null | ip=null | op=PUT_BLOCK {blockData=[blockId=conID: 3 locID: 105361988637163526 bcsId: 0,size=400]} | ret=FAILURE
org.apache.hadoop.hdds.scm.container.common.helpers.ContainerNotOpenException: Container 3 in CLOSED state
	at org.apache.hadoop.ozone.container.common.impl.HddsDispatcher.validateContainerCommand(HddsDispatcher.java:484) ~[hadoop-hdds-container-service-1.1.0-SNAPSHOT.jar:?]
	at org.apache.hadoop.ozone.container.common.transport.server.ratis.ContainerStateMachine.startTransaction(ContainerStateMachine.java:319) ~[hadoop-hdds-container-service-1.1.0-SNAPSHOT.jar:?]
	at org.apache.ratis.server.impl.RaftServerImpl.submitClientRequestAsync(RaftServerImpl.java:723) ~[ratis-server-1.1.0-913f5a4-SNAPSHOT.jar:1.1.0-913f5a4-SNAPSHOT]
	at org.apache.ratis.server.impl.RaftServerProxy.lambda$submitClientRequestAsync$7(RaftServerProxy.java:364) ~[ratis-server-1.1.0-913f5a4-SNAPSHOT.jar:1.1.0-913f5a4-SNAPSHOT]
	at org.apache.ratis.server.impl.RaftServerProxy.lambda$null$5(RaftServerProxy.java:359) ~[ratis-server-1.1.0-913f5a4-SNAPSHOT.jar:1.1.0-913f5a4-SNAPSHOT]
	at org.apache.ratis.util.JavaUtils.callAsUnchecked(JavaUtils.java:116) ~[ratis-common-1.1.0-913f5a4-SNAPSHOT.jar:1.1.0-913f5a4-SNAPSHOT]
	at org.apache.ratis.server.impl.RaftServerProxy.lambda$submitRequest$6(RaftServerProxy.java:359) ~[ratis-server-1.1.0-913f5a4-SNAPSHOT.jar:1.1.0-913f5a4-SNAPSHOT]
	at java.util.concurrent.CompletableFuture.uniComposeStage(CompletableFuture.java:995) ~[?:1.8.0_232]
	at java.util.concurrent.CompletableFuture.thenCompose(CompletableFuture.java:2137) ~[?:1.8.0_232]
	at org.apache.ratis.server.impl.RaftServerProxy.submitRequest(RaftServerProxy.java:358) ~[ratis-server-1.1.0-913f5a4-SNAPSHOT.jar:1.1.0-913f5a4-SNAPSHOT]
	at org.apache.ratis.server.impl.RaftServerProxy.submitClientRequestAsync(RaftServerProxy.java:364) ~[ratis-server-1.1.0-913f5a4-SNAPSHOT.jar:1.1.0-913f5a4-SNAPSHOT]
	at org.apache.ratis.grpc.client.GrpcClientProtocolService$RequestStreamObserver.processClientRequest(GrpcClientProtocolService.java:231) ~[ratis-grpc-1.1.0-913f5a4-SNAPSHOT.jar:1.1.0-913f5a4-SNAPSHOT]
	at org.apache.ratis.grpc.client.GrpcClientProtocolService$OrderedRequestStreamObserver.processClientRequest(GrpcClientProtocolService.java:337) ~[ratis-grpc-1.1.0-913f5a4-SNAPSHOT.jar:1.1.0-913f5a4-SNAPSHOT]
	at org.apache.ratis.util.SlidingWindow$Server.processRequestsFromHead(SlidingWindow.java:429) [ratis-common-1.1.0-913f5a4-SNAPSHOT.jar:1.1.0-913f5a4-SNAPSHOT]
	at org.apache.ratis.util.SlidingWindow$Server.receivedRequest(SlidingWindow.java:421) [ratis-common-1.1.0-913f5a4-SNAPSHOT.jar:1.1.0-913f5a4-SNAPSHOT]
	at org.apache.ratis.grpc.client.GrpcClientProtocolService$OrderedRequestStreamObserver.processClientRequest(GrpcClientProtocolService.java:361) [ratis-grpc-1.1.0-913f5a4-SNAPSHOT.jar:1.1.0-913f5a4-SNAPSHOT]
	at org.apache.ratis.grpc.client.GrpcClientProtocolService$RequestStreamObserver.onNext(GrpcClientProtocolService.java:251) [ratis-grpc-1.1.0-913f5a4-SNAPSHOT.jar:1.1.0-913f5a4-SNAPSHOT]
	at org.apache.ratis.grpc.client.GrpcClientProtocolService$RequestStreamObserver.onNext(GrpcClientProtocolService.java:174) [ratis-grpc-1.1.0-913f5a4-SNAPSHOT.jar:1.1.0-913f5a4-SNAPSHOT]
	at org.apache.ratis.thirdparty.io.grpc.stub.ServerCalls$StreamingServerCallHandler$StreamingServerCallListener.onMessage(ServerCalls.java:251) [ratis-thirdparty-misc-0.6.0-SNAPSHOT.jar:0.6.0-SNAPSHOT]
	at org.apache.ratis.thirdparty.io.grpc.ForwardingServerCallListener.onMessage(ForwardingServerCallListener.java:33) [ratis-thirdparty-misc-0.6.0-SNAPSHOT.jar:0.6.0-SNAPSHOT]
	at org.apache.ratis.thirdparty.io.grpc.internal.ServerCallImpl$ServerStreamListenerImpl.messagesAvailableInternal(ServerCallImpl.java:309) [ratis-thirdparty-misc-0.6.0-SNAPSHOT.jar:0.6.0-SNAPSHOT]
	at org.apache.ratis.thirdparty.io.grpc.internal.ServerCallImpl$ServerStreamListenerImpl.messagesAvailable(ServerCallImpl.java:292) [ratis-thirdparty-misc-0.6.0-SNAPSHOT.jar:0.6.0-SNAPSHOT]
	at org.apache.ratis.thirdparty.io.grpc.internal.ServerImpl$JumpToApplicationThreadServerStreamListener$1MessagesAvailable.runInContext(ServerImpl.java:783) [ratis-thirdparty-misc-0.6.0-SNAPSHOT.jar:0.6.0-SNAPSHOT]
	at org.apache.ratis.thirdparty.io.grpc.internal.ContextRunnable.run(ContextRunnable.java:37) [ratis-thirdparty-misc-0.6.0-SNAPSHOT.jar:0.6.0-SNAPSHOT]
	at org.apache.ratis.thirdparty.io.grpc.internal.SerializingExecutor.run(SerializingExecutor.java:123) [ratis-thirdparty-misc-0.6.0-SNAPSHOT.jar:0.6.0-SNAPSHOT]
	at java.util.concurrent.ThreadPoolExecutor.runWorker(ThreadPoolExecutor.java:1149) [?:1.8.0_232]
	at java.util.concurrent.ThreadPoolExecutor$Worker.run(ThreadPoolExecutor.java:624) [?:1.8.0_232]
	at java.lang.Thread.run(Thread.java:748) [?:1.8.0_232]
2020-12-11 14:19:22,196 [grpc-default-executor-3] ERROR storage.BlockOutputStream (BlockOutputStream.java:lambda$writeChunkToContainer$3(677)) - writing chunk failed 105361988637163526_chunk_4 blockID conID: 3 locID: 105361988637163526 bcsId: 0 with exception org.apache.ratis.protocol.exceptions.StateMachineException: org.apache.hadoop.hdds.scm.container.common.helpers.ContainerNotOpenException from Server b64ecab1-a9a6-4a36-bfad-80c590b1cb6b@group-78DEF98344CE: Container 3 in CLOSED state
2020-12-11 14:19:22,202 [Listener at 127.0.0.1/43915] INFO  io.BlockOutputStreamEntryPool (BlockOutputStreamEntryPool.java:allocateNewBlock(241)) - Allocating block with ExcludeList {datanodes = [], containerIds = [#1, #2, #3], pipelineIds = []}
2020-12-11 14:19:22,210 [Listener at 127.0.0.1/43915] INFO  metrics.RatisMetrics (RatisMetrics.java:lambda$create$0(36)) - Creating Metrics Registry : ratis.client_message_metrics.client-D8E7A587BA87->0a86f2cf-b4a5-462d-ae84-45f64b212dc7
2020-12-11 14:19:22,312 [Listener at 127.0.0.1/43915] INFO  ozone.MiniOzoneClusterImpl (MiniOzoneClusterImpl.java:shutdown(388)) - Shutting down the Mini Ozone Cluster
2020-12-11 14:19:22,313 [Listener at 127.0.0.1/43915] INFO  ozone.MiniOzoneClusterImpl (MiniOzoneClusterImpl.java:stop(403)) - Stopping the Mini Ozone Cluster
2020-12-11 14:19:22,313 [Listener at 127.0.0.1/43915] INFO  ozone.MiniOzoneClusterImpl (MiniOzoneClusterImpl.java:stopOM(485)) - Stopping the OzoneManager
2020-12-11 14:19:22,313 [Listener at 127.0.0.1/43915] INFO  ipc.Server (Server.java:stop(3359)) - Stopping server on 43915
2020-12-11 14:19:22,315 [IPC Server listener on 0] INFO  ipc.Server (Server.java:run(1330)) - Stopping IPC Server listener on 0
2020-12-11 14:19:22,322 [IPC Server Responder] INFO  ipc.Server (Server.java:run(1465)) - Stopping IPC Server Responder
2020-12-11 14:19:22,322 [Listener at 127.0.0.1/43915] INFO  ratis.OzoneManagerDoubleBuffer (OzoneManagerDoubleBuffer.java:stop(457)) - Stopping OMDoubleBuffer flush thread
2020-12-11 14:19:22,322 [OMDoubleBufferFlushThread] INFO  ratis.OzoneManagerDoubleBuffer (OzoneManagerDoubleBuffer.java:flushTransactions(356)) - OMDoubleBuffer flush thread OMDoubleBufferFlushThread is interrupted and will exit. OMDoubleBufferFlushThread
2020-12-11 14:19:22,322 [Listener at 127.0.0.1/43915] INFO  utils.BackgroundService (BackgroundService.java:shutdown(132)) - Shutting down service KeyDeletingService
2020-12-11 14:19:22,323 [Listener at 127.0.0.1/43915] INFO  handler.ContextHandler (ContextHandler.java:doStop(1154)) - Stopped o.e.j.w.WebAppContext@27206da6{ozoneManager,/,null,STOPPED}{file:/github/workspace/mnt/ozone/hadoop-ozone/integration-test/target/test-classes/webapps/ozoneManager}
2020-12-11 14:19:22,323 [Listener at 127.0.0.1/43915] INFO  server.AbstractConnector (AbstractConnector.java:doStop(381)) - Stopped ServerConnector@4ea18cbb{HTTP/1.1, (http/1.1)}{0.0.0.0:0}
2020-12-11 14:19:22,323 [Listener at 127.0.0.1/43915] INFO  server.session (HouseKeeper.java:stopScavenging(149)) - node0 Stopped scavenging
2020-12-11 14:19:22,323 [Listener at 127.0.0.1/43915] INFO  handler.ContextHandler (ContextHandler.java:doStop(1154)) - Stopped o.e.j.s.ServletContextHandler@74e0f4ff{static,/static,file:///github/workspace/mnt/ozone/hadoop-ozone/integration-test/target/test-classes/webapps/static,STOPPED}
2020-12-11 14:19:22,324 [Listener at 127.0.0.1/43915] INFO  handler.ContextHandler (ContextHandler.java:doStop(1154)) - Stopped o.e.j.s.ServletContextHandler@3ef850b3{logs,/logs,file:///github/workspace/mnt/ozone/hadoop-ozone/integration-test/target/log,STOPPED}
2020-12-11 14:19:22,327 [org.apache.ratis.server.JvmPauseMonitor@20ccb016-Monitor] WARN  server.JvmPauseMonitor (JvmPauseMonitor.java:run(141)) - Detected pause in JVM or host machine (eg GC): pause of approximately 1ms
No GCs detected
2020-12-11 14:19:22,327 [Listener at 127.0.0.1/43915] INFO  ozone.MiniOzoneClusterImpl (MiniOzoneClusterImpl.java:stopDatanodes(462)) - Stopping the HddsDatanodes
2020-12-11 14:19:22,677 [Datanode State Machine Thread - 0] INFO  statemachine.DatanodeStateMachine (DatanodeStateMachine.java:lambda$startDaemon$0(408)) - Ozone container server started.
2020-12-11 14:19:23,089 [Datanode State Machine Thread - 0] INFO  statemachine.DatanodeStateMachine (DatanodeStateMachine.java:lambda$startDaemon$0(408)) - Ozone container server started.
2020-12-11 14:19:24,540 [org.apache.ratis.server.JvmPauseMonitor@198ca929-Monitor] WARN  server.JvmPauseMonitor (JvmPauseMonitor.java:run(141)) - Detected pause in JVM or host machine (eg GC): pause of approximately 35ms
GC pool 'PS Scavenge' had collection(s): count=1 time=38ms
2020-12-11 14:19:27,328 [Listener at 127.0.0.1/43915] INFO  ozoneimpl.OzoneContainer (OzoneContainer.java:stop(257)) - Attempting to stop container services.
2020-12-11 14:19:27,328 [ForkJoinPool.commonPool-worker-1] INFO  ozoneimpl.OzoneContainer (OzoneContainer.java:stop(257)) - Attempting to stop container services.
2020-12-11 14:19:27,329 [ForkJoinPool.commonPool-worker-1] INFO  impl.RaftServerProxy (RaftServerProxy.java:lambda$close$4(338)) - ee36c03c-d65c-4f9e-bb47-23af7307440e: close
2020-12-11 14:19:27,329 [ForkJoinPool.commonPool-worker-1] INFO  impl.RaftServerImpl (RaftServerImpl.java:lambda$shutdown$3(328)) - ee36c03c-d65c-4f9e-bb47-23af7307440e@group-84B6E63B3474: shutdown
2020-12-11 14:19:27,329 [ForkJoinPool.commonPool-worker-1] INFO  util.JmxRegister (JmxRegister.java:unregister(73)) - Successfully un-registered JMX Bean with object name Ratis:service=RaftServer,group=group-84B6E63B3474,id=ee36c03c-d65c-4f9e-bb47-23af7307440e
2020-12-11 14:19:27,329 [ForkJoinPool.commonPool-worker-1] INFO  impl.RoleInfo (RoleInfo.java:shutdownFollowerState(121)) - ee36c03c-d65c-4f9e-bb47-23af7307440e: shutdown ee36c03c-d65c-4f9e-bb47-23af7307440e@group-84B6E63B3474-FollowerState
2020-12-11 14:19:27,329 [ForkJoinPool.commonPool-worker-1] INFO  impl.StateMachineUpdater (StateMachineUpdater.java:stopAndJoin(147)) - ee36c03c-d65c-4f9e-bb47-23af7307440e@group-84B6E63B3474-StateMachineUpdater: set stopIndex = 0
2020-12-11 14:19:27,330 [Thread-643] INFO  impl.FollowerState (FollowerState.java:run(137)) - ee36c03c-d65c-4f9e-bb47-23af7307440e@group-84B6E63B3474-FollowerState was interrupted: {}
java.lang.InterruptedException: sleep interrupted
	at java.lang.Thread.sleep(Native Method)
	at org.apache.ratis.util.JavaUtils.sleep(JavaUtils.java:250)
	at org.apache.ratis.server.impl.FollowerState.run(FollowerState.java:116)
2020-12-11 14:19:27,329 [Listener at 127.0.0.1/43915] INFO  impl.RaftServerProxy (RaftServerProxy.java:lambda$close$4(338)) - 1f76fe74-9ac9-4278-b8d3-859f8312f824: close
2020-12-11 14:19:27,333 [ee36c03c-d65c-4f9e-bb47-23af7307440e@group-84B6E63B3474-StateMachineUpdater] INFO  ratis.ContainerStateMachine (ContainerStateMachine.java:takeSnapshot(293)) - group-84B6E63B3474: Taking a snapshot at:(t:1, i:0) file /github/workspace/mnt/ozone/hadoop-ozone/integration-test/target/test-dir/MiniOzoneClusterImpl-f6ec90cd-9249-41c8-b5e0-41cfbed7d430/datanode-1/data/ratis/be4694ae-0acc-47b7-856c-84b6e63b3474/sm/snapshot.1_0
2020-12-11 14:19:27,333 [Listener at 127.0.0.1/43915] INFO  impl.RaftServerImpl (RaftServerImpl.java:lambda$shutdown$3(328)) - 1f76fe74-9ac9-4278-b8d3-859f8312f824@group-4C611074549F: shutdown
2020-12-11 14:19:27,334 [Listener at 127.0.0.1/43915] INFO  util.JmxRegister (JmxRegister.java:unregister(73)) - Successfully un-registered JMX Bean with object name Ratis:service=RaftServer,group=group-4C611074549F,id=1f76fe74-9ac9-4278-b8d3-859f8312f824
2020-12-11 14:19:27,334 [Listener at 127.0.0.1/43915] INFO  impl.RoleInfo (RoleInfo.java:shutdownLeaderState(104)) - 1f76fe74-9ac9-4278-b8d3-859f8312f824: shutdown 1f76fe74-9ac9-4278-b8d3-859f8312f824@group-4C611074549F-LeaderState
2020-12-11 14:19:27,334 [Listener at 127.0.0.1/43915] INFO  impl.PendingRequests (PendingRequests.java:sendNotLeaderResponses(250)) - 1f76fe74-9ac9-4278-b8d3-859f8312f824@group-4C611074549F-PendingRequests: sendNotLeaderResponses
2020-12-11 14:19:27,334 [Listener at 127.0.0.1/43915] INFO  metrics.RatisMetrics (RatisMetrics.java:unregister(43)) - Unregistering Metrics Registry : ratis.log_appender.1f76fe74-9ac9-4278-b8d3-859f8312f824@group-4C611074549F
2020-12-11 14:19:27,334 [Listener at 127.0.0.1/43915] INFO  metrics.RatisMetrics (RatisMetrics.java:unregister(43)) - Unregistering Metrics Registry : ratis.server.1f76fe74-9ac9-4278-b8d3-859f8312f824@group-4C611074549F
2020-12-11 14:19:27,334 [ee36c03c-d65c-4f9e-bb47-23af7307440e@group-84B6E63B3474-StateMachineUpdater] INFO  ratis.ContainerStateMachine (ContainerStateMachine.java:takeSnapshot(304)) - group-84B6E63B3474: Finished taking a snapshot at:(t:1, i:0) file:/github/workspace/mnt/ozone/hadoop-ozone/integration-test/target/test-dir/MiniOzoneClusterImpl-f6ec90cd-9249-41c8-b5e0-41cfbed7d430/datanode-1/data/ratis/be4694ae-0acc-47b7-856c-84b6e63b3474/sm/snapshot.1_0 time:2
2020-12-11 14:19:27,335 [ee36c03c-d65c-4f9e-bb47-23af7307440e@group-84B6E63B3474-StateMachineUpdater] INFO  impl.StateMachineUpdater (StateMachineUpdater.java:takeSnapshot(278)) - ee36c03c-d65c-4f9e-bb47-23af7307440e@group-84B6E63B3474-StateMachineUpdater: Took a snapshot at index 0
2020-12-11 14:19:27,335 [ee36c03c-d65c-4f9e-bb47-23af7307440e@group-84B6E63B3474-StateMachineUpdater] INFO  impl.StateMachineUpdater (StateMachineUpdater.java:lambda$new$0(87)) - ee36c03c-d65c-4f9e-bb47-23af7307440e@group-84B6E63B3474-StateMachineUpdater: snapshotIndex: updateIncreasingly -1 -> 0
2020-12-11 14:19:27,335 [ee36c03c-d65c-4f9e-bb47-23af7307440e@group-84B6E63B3474-StateMachineUpdater] INFO  metrics.RatisMetrics (RatisMetrics.java:unregister(43)) - Unregistering Metrics Registry : ratis.state_machine.ee36c03c-d65c-4f9e-bb47-23af7307440e@group-84B6E63B3474
2020-12-11 14:19:27,335 [ForkJoinPool.commonPool-worker-1] INFO  impl.RaftServerImpl (ServerState.java:close(406)) - ee36c03c-d65c-4f9e-bb47-23af7307440e@group-84B6E63B3474: closes. applyIndex: 0
2020-12-11 14:19:27,335 [ee36c03c-d65c-4f9e-bb47-23af7307440e@group-84B6E63B3474-SegmentedRaftLogWorker] INFO  segmented.SegmentedRaftLogWorker (SegmentedRaftLogWorker.java:run(329)) - ee36c03c-d65c-4f9e-bb47-23af7307440e@group-84B6E63B3474-SegmentedRaftLogWorker was interrupted, exiting. There are 0 tasks remaining in the queue.
2020-12-11 14:19:27,336 [ForkJoinPool.commonPool-worker-1] INFO  segmented.SegmentedRaftLogWorker (SegmentedRaftLogWorker.java:close(235)) - ee36c03c-d65c-4f9e-bb47-23af7307440e@group-84B6E63B3474-SegmentedRaftLogWorker close()
2020-12-11 14:19:27,339 [Listener at 127.0.0.1/43915] INFO  impl.StateMachineUpdater (StateMachineUpdater.java:stopAndJoin(147)) - 1f76fe74-9ac9-4278-b8d3-859f8312f824@group-4C611074549F-StateMachineUpdater: set stopIndex = 0
2020-12-11 14:19:27,339 [1f76fe74-9ac9-4278-b8d3-859f8312f824@group-4C611074549F-StateMachineUpdater] INFO  ratis.ContainerStateMachine (ContainerStateMachine.java:takeSnapshot(293)) - group-4C611074549F: Taking a snapshot at:(t:1, i:0) file /github/workspace/mnt/ozone/hadoop-ozone/integration-test/target/test-dir/MiniOzoneClusterImpl-f6ec90cd-9249-41c8-b5e0-41cfbed7d430/datanode-4/data/ratis/35f8d68d-dc95-4d6e-85e2-4c611074549f/sm/snapshot.1_0
2020-12-11 14:19:27,340 [1f76fe74-9ac9-4278-b8d3-859f8312f824@group-4C611074549F-StateMachineUpdater] INFO  ratis.ContainerStateMachine (ContainerStateMachine.java:takeSnapshot(304)) - group-4C611074549F: Finished taking a snapshot at:(t:1, i:0) file:/github/workspace/mnt/ozone/hadoop-ozone/integration-test/target/test-dir/MiniOzoneClusterImpl-f6ec90cd-9249-41c8-b5e0-41cfbed7d430/datanode-4/data/ratis/35f8d68d-dc95-4d6e-85e2-4c611074549f/sm/snapshot.1_0 time:0
2020-12-11 14:19:27,340 [1f76fe74-9ac9-4278-b8d3-859f8312f824@group-4C611074549F-StateMachineUpdater] INFO  impl.StateMachineUpdater (StateMachineUpdater.java:takeSnapshot(278)) - 1f76fe74-9ac9-4278-b8d3-859f8312f824@group-4C611074549F-StateMachineUpdater: Took a snapshot at index 0
2020-12-11 14:19:27,340 [1f76fe74-9ac9-4278-b8d3-859f8312f824@group-4C611074549F-StateMachineUpdater] INFO  impl.StateMachineUpdater (StateMachineUpdater.java:lambda$new$0(87)) - 1f76fe74-9ac9-4278-b8d3-859f8312f824@group-4C611074549F-StateMachineUpdater: snapshotIndex: updateIncreasingly -1 -> 0
2020-12-11 14:19:27,340 [1f76fe74-9ac9-4278-b8d3-859f8312f824@group-4C611074549F-StateMachineUpdater] INFO  metrics.RatisMetrics (RatisMetrics.java:unregister(43)) - Unregistering Metrics Registry : ratis.state_machine.1f76fe74-9ac9-4278-b8d3-859f8312f824@group-4C611074549F
2020-12-11 14:19:27,340 [Listener at 127.0.0.1/43915] INFO  impl.RaftServerImpl (ServerState.java:close(406)) - 1f76fe74-9ac9-4278-b8d3-859f8312f824@group-4C611074549F: closes. applyIndex: 0
2020-12-11 14:19:27,341 [1f76fe74-9ac9-4278-b8d3-859f8312f824@group-4C611074549F-SegmentedRaftLogWorker] INFO  segmented.SegmentedRaftLogWorker (SegmentedRaftLogWorker.java:run(329)) - 1f76fe74-9ac9-4278-b8d3-859f8312f824@group-4C611074549F-SegmentedRaftLogWorker was interrupted, exiting. There are 0 tasks remaining in the queue.
2020-12-11 14:19:27,341 [ForkJoinPool.commonPool-worker-1] INFO  metrics.RatisMetrics (RatisMetrics.java:unregister(43)) - Unregistering Metrics Registry : ratis.log_worker.ee36c03c-d65c-4f9e-bb47-23af7307440e@group-84B6E63B3474
2020-12-11 14:19:27,341 [Listener at 127.0.0.1/43915] INFO  segmented.SegmentedRaftLogWorker (SegmentedRaftLogWorker.java:close(235)) - 1f76fe74-9ac9-4278-b8d3-859f8312f824@group-4C611074549F-SegmentedRaftLogWorker close()
2020-12-11 14:19:27,341 [ForkJoinPool.commonPool-worker-1] INFO  metrics.RatisMetrics (RatisMetrics.java:unregister(43)) - Unregistering Metrics Registry : ratis.leader_election.ee36c03c-d65c-4f9e-bb47-23af7307440e@group-84B6E63B3474
2020-12-11 14:19:27,344 [ForkJoinPool.commonPool-worker-1] INFO  metrics.RatisMetrics (RatisMetrics.java:unregister(43)) - Unregistering Metrics Registry : ratis.server.ee36c03c-d65c-4f9e-bb47-23af7307440e@group-84B6E63B3474
2020-12-11 14:19:27,344 [ForkJoinPool.commonPool-worker-1] INFO  impl.RaftServerImpl (RaftServerImpl.java:lambda$shutdown$3(328)) - ee36c03c-d65c-4f9e-bb47-23af7307440e@group-37B8D0E7D170: shutdown
2020-12-11 14:19:27,344 [ForkJoinPool.commonPool-worker-1] INFO  util.JmxRegister (JmxRegister.java:unregister(73)) - Successfully un-registered JMX Bean with object name Ratis:service=RaftServer,group=group-37B8D0E7D170,id=ee36c03c-d65c-4f9e-bb47-23af7307440e
2020-12-11 14:19:27,344 [ForkJoinPool.commonPool-worker-1] INFO  impl.RoleInfo (RoleInfo.java:shutdownLeaderState(104)) - ee36c03c-d65c-4f9e-bb47-23af7307440e: shutdown ee36c03c-d65c-4f9e-bb47-23af7307440e@group-37B8D0E7D170-LeaderState
2020-12-11 14:19:27,344 [ForkJoinPool.commonPool-worker-1] INFO  impl.PendingRequests (PendingRequests.java:sendNotLeaderResponses(250)) - ee36c03c-d65c-4f9e-bb47-23af7307440e@group-37B8D0E7D170-PendingRequests: sendNotLeaderResponses
2020-12-11 14:19:27,344 [ForkJoinPool.commonPool-worker-1] INFO  metrics.RatisMetrics (RatisMetrics.java:unregister(43)) - Unregistering Metrics Registry : ratis.log_appender.ee36c03c-d65c-4f9e-bb47-23af7307440e@group-37B8D0E7D170
2020-12-11 14:19:27,344 [ForkJoinPool.commonPool-worker-1] INFO  metrics.RatisMetrics (RatisMetrics.java:unregister(43)) - Unregistering Metrics Registry : ratis.server.ee36c03c-d65c-4f9e-bb47-23af7307440e@group-37B8D0E7D170
2020-12-11 14:19:27,344 [ForkJoinPool.commonPool-worker-1] INFO  impl.StateMachineUpdater (StateMachineUpdater.java:stopAndJoin(147)) - ee36c03c-d65c-4f9e-bb47-23af7307440e@group-37B8D0E7D170-StateMachineUpdater: set stopIndex = 0
2020-12-11 14:19:27,342 [Listener at 127.0.0.1/43915] INFO  metrics.RatisMetrics (RatisMetrics.java:unregister(43)) - Unregistering Metrics Registry : ratis.log_worker.1f76fe74-9ac9-4278-b8d3-859f8312f824@group-4C611074549F
2020-12-11 14:19:27,345 [ee36c03c-d65c-4f9e-bb47-23af7307440e@group-37B8D0E7D170-StateMachineUpdater] INFO  ratis.ContainerStateMachine (ContainerStateMachine.java:takeSnapshot(293)) - group-37B8D0E7D170: Taking a snapshot at:(t:1, i:0) file /github/workspace/mnt/ozone/hadoop-ozone/integration-test/target/test-dir/MiniOzoneClusterImpl-f6ec90cd-9249-41c8-b5e0-41cfbed7d430/datanode-1/data/ratis/2b906e90-8145-4865-9e85-37b8d0e7d170/sm/snapshot.1_0
2020-12-11 14:19:27,345 [Listener at 127.0.0.1/43915] INFO  metrics.RatisMetrics (RatisMetrics.java:unregister(43)) - Unregistering Metrics Registry : ratis.leader_election.1f76fe74-9ac9-4278-b8d3-859f8312f824@group-4C611074549F
2020-12-11 14:19:27,345 [Listener at 127.0.0.1/43915] INFO  metrics.RatisMetrics (RatisMetrics.java:unregister(43)) - Unregistering Metrics Registry : ratis.server.1f76fe74-9ac9-4278-b8d3-859f8312f824@group-4C611074549F
2020-12-11 14:19:27,345 [Listener at 127.0.0.1/43915] INFO  impl.RaftServerImpl (RaftServerImpl.java:lambda$shutdown$3(328)) - 1f76fe74-9ac9-4278-b8d3-859f8312f824@group-EE85626A98D9: shutdown
2020-12-11 14:19:27,345 [Listener at 127.0.0.1/43915] INFO  util.JmxRegister (JmxRegister.java:unregister(73)) - Successfully un-registered JMX Bean with object name Ratis:service=RaftServer,group=group-EE85626A98D9,id=1f76fe74-9ac9-4278-b8d3-859f8312f824
2020-12-11 14:19:27,345 [Listener at 127.0.0.1/43915] INFO  impl.RoleInfo (RoleInfo.java:shutdownFollowerState(121)) - 1f76fe74-9ac9-4278-b8d3-859f8312f824: shutdown 1f76fe74-9ac9-4278-b8d3-859f8312f824@group-EE85626A98D9-FollowerState
2020-12-11 14:19:27,345 [ee36c03c-d65c-4f9e-bb47-23af7307440e@group-37B8D0E7D170-StateMachineUpdater] INFO  ratis.ContainerStateMachine (ContainerStateMachine.java:takeSnapshot(304)) - group-37B8D0E7D170: Finished taking a snapshot at:(t:1, i:0) file:/github/workspace/mnt/ozone/hadoop-ozone/integration-test/target/test-dir/MiniOzoneClusterImpl-f6ec90cd-9249-41c8-b5e0-41cfbed7d430/datanode-1/data/ratis/2b906e90-8145-4865-9e85-37b8d0e7d170/sm/snapshot.1_0 time:1
2020-12-11 14:19:27,346 [1f76fe74-9ac9-4278-b8d3-859f8312f824@group-EE85626A98D9-StateMachineUpdater] INFO  ratis.ContainerStateMachine (ContainerStateMachine.java:takeSnapshot(293)) - group-EE85626A98D9: Taking a snapshot at:(t:1, i:0) file /github/workspace/mnt/ozone/hadoop-ozone/integration-test/target/test-dir/MiniOzoneClusterImpl-f6ec90cd-9249-41c8-b5e0-41cfbed7d430/datanode-4/data/ratis/f87edba7-5f67-403d-bf3a-ee85626a98d9/sm/snapshot.1_0
2020-12-11 14:19:27,346 [ee36c03c-d65c-4f9e-bb47-23af7307440e@group-37B8D0E7D170-StateMachineUpdater] INFO  impl.StateMachineUpdater (StateMachineUpdater.java:takeSnapshot(278)) - ee36c03c-d65c-4f9e-bb47-23af7307440e@group-37B8D0E7D170-StateMachineUpdater: Took a snapshot at index 0
2020-12-11 14:19:27,346 [ee36c03c-d65c-4f9e-bb47-23af7307440e@group-37B8D0E7D170-StateMachineUpdater] INFO  impl.StateMachineUpdater (StateMachineUpdater.java:lambda$new$0(87)) - ee36c03c-d65c-4f9e-bb47-23af7307440e@group-37B8D0E7D170-StateMachineUpdater: snapshotIndex: updateIncreasingly -1 -> 0
2020-12-11 14:19:27,346 [Listener at 127.0.0.1/43915] INFO  impl.StateMachineUpdater (StateMachineUpdater.java:stopAndJoin(147)) - 1f76fe74-9ac9-4278-b8d3-859f8312f824@group-EE85626A98D9-StateMachineUpdater: set stopIndex = 0
2020-12-11 14:19:27,346 [Thread-661] INFO  impl.FollowerState (FollowerState.java:run(137)) - 1f76fe74-9ac9-4278-b8d3-859f8312f824@group-EE85626A98D9-FollowerState was interrupted: {}
java.lang.InterruptedException: sleep interrupted
	at java.lang.Thread.sleep(Native Method)
	at org.apache.ratis.util.JavaUtils.sleep(JavaUtils.java:250)
	at org.apache.ratis.server.impl.FollowerState.run(FollowerState.java:116)
2020-12-11 14:19:27,346 [1f76fe74-9ac9-4278-b8d3-859f8312f824@group-EE85626A98D9-StateMachineUpdater] INFO  ratis.ContainerStateMachine (ContainerStateMachine.java:takeSnapshot(304)) - group-EE85626A98D9: Finished taking a snapshot at:(t:1, i:0) file:/github/workspace/mnt/ozone/hadoop-ozone/integration-test/target/test-dir/MiniOzoneClusterImpl-f6ec90cd-9249-41c8-b5e0-41cfbed7d430/datanode-4/data/ratis/f87edba7-5f67-403d-bf3a-ee85626a98d9/sm/snapshot.1_0 time:0
2020-12-11 14:19:27,346 [ee36c03c-d65c-4f9e-bb47-23af7307440e@group-37B8D0E7D170-StateMachineUpdater] INFO  metrics.RatisMetrics (RatisMetrics.java:unregister(43)) - Unregistering Metrics Registry : ratis.state_machine.ee36c03c-d65c-4f9e-bb47-23af7307440e@group-37B8D0E7D170
2020-12-11 14:19:27,346 [1f76fe74-9ac9-4278-b8d3-859f8312f824@group-EE85626A98D9-StateMachineUpdater] INFO  impl.StateMachineUpdater (StateMachineUpdater.java:takeSnapshot(278)) - 1f76fe74-9ac9-4278-b8d3-859f8312f824@group-EE85626A98D9-StateMachineUpdater: Took a snapshot at index 0
2020-12-11 14:19:27,346 [1f76fe74-9ac9-4278-b8d3-859f8312f824@group-EE85626A98D9-StateMachineUpdater] INFO  impl.StateMachineUpdater (StateMachineUpdater.java:lambda$new$0(87)) - 1f76fe74-9ac9-4278-b8d3-859f8312f824@group-EE85626A98D9-StateMachineUpdater: snapshotIndex: updateIncreasingly -1 -> 0
2020-12-11 14:19:27,346 [ForkJoinPool.commonPool-worker-1] INFO  impl.RaftServerImpl (ServerState.java:close(406)) - ee36c03c-d65c-4f9e-bb47-23af7307440e@group-37B8D0E7D170: closes. applyIndex: 0
2020-12-11 14:19:27,347 [1f76fe74-9ac9-4278-b8d3-859f8312f824@group-EE85626A98D9-StateMachineUpdater] INFO  metrics.RatisMetrics (RatisMetrics.java:unregister(43)) - Unregistering Metrics Registry : ratis.state_machine.1f76fe74-9ac9-4278-b8d3-859f8312f824@group-EE85626A98D9
2020-12-11 14:19:27,347 [Listener at 127.0.0.1/43915] INFO  impl.RaftServerImpl (ServerState.java:close(406)) - 1f76fe74-9ac9-4278-b8d3-859f8312f824@group-EE85626A98D9: closes. applyIndex: 0
2020-12-11 14:19:27,347 [ee36c03c-d65c-4f9e-bb47-23af7307440e@group-37B8D0E7D170-SegmentedRaftLogWorker] INFO  segmented.SegmentedRaftLogWorker (SegmentedRaftLogWorker.java:run(329)) - ee36c03c-d65c-4f9e-bb47-23af7307440e@group-37B8D0E7D170-SegmentedRaftLogWorker was interrupted, exiting. There are 0 tasks remaining in the queue.
2020-12-11 14:19:27,351 [ForkJoinPool.commonPool-worker-1] INFO  segmented.SegmentedRaftLogWorker (SegmentedRaftLogWorker.java:close(235)) - ee36c03c-d65c-4f9e-bb47-23af7307440e@group-37B8D0E7D170-SegmentedRaftLogWorker close()
2020-12-11 14:19:27,352 [ForkJoinPool.commonPool-worker-1] INFO  metrics.RatisMetrics (RatisMetrics.java:unregister(43)) - Unregistering Metrics Registry : ratis.log_worker.ee36c03c-d65c-4f9e-bb47-23af7307440e@group-37B8D0E7D170
2020-12-11 14:19:27,352 [1f76fe74-9ac9-4278-b8d3-859f8312f824@group-EE85626A98D9-SegmentedRaftLogWorker] INFO  segmented.SegmentedRaftLogWorker (SegmentedRaftLogWorker.java:run(329)) - 1f76fe74-9ac9-4278-b8d3-859f8312f824@group-EE85626A98D9-SegmentedRaftLogWorker was interrupted, exiting. There are 0 tasks remaining in the queue.
2020-12-11 14:19:27,352 [ForkJoinPool.commonPool-worker-1] INFO  metrics.RatisMetrics (RatisMetrics.java:unregister(43)) - Unregistering Metrics Registry : ratis.leader_election.ee36c03c-d65c-4f9e-bb47-23af7307440e@group-37B8D0E7D170
2020-12-11 14:19:27,352 [ForkJoinPool.commonPool-worker-1] INFO  metrics.RatisMetrics (RatisMetrics.java:unregister(43)) - Unregistering Metrics Registry : ratis.server.ee36c03c-d65c-4f9e-bb47-23af7307440e@group-37B8D0E7D170
2020-12-11 14:19:27,352 [ForkJoinPool.commonPool-worker-1] INFO  server.GrpcService (GrpcService.java:closeImpl(184)) - ee36c03c-d65c-4f9e-bb47-23af7307440e: shutdown server with port 44287 now
2020-12-11 14:19:27,353 [grpc-default-executor-0] WARN  server.GrpcServerProtocolService (LogUtils.java:warn(122)) - ee36c03c-d65c-4f9e-bb47-23af7307440e: installSnapshot onError, lastRequest: 0a86f2cf-b4a5-462d-ae84-45f64b212dc7->ee36c03c-d65c-4f9e-bb47-23af7307440e#1-t1, previous=(t:0, i:0), leaderCommit=0, initializing? false, entries: size=1, first=(t:1, i:0), CONFIGURATIONENTRY: org.apache.ratis.thirdparty.io.grpc.StatusRuntimeException: CANCELLED: cancelled before receiving half close
2020-12-11 14:19:27,354 [grpc-default-executor-2] WARN  server.GrpcLogAppender (LogUtils.java:warn(122)) - 0a86f2cf-b4a5-462d-ae84-45f64b212dc7@group-84B6E63B3474->ee36c03c-d65c-4f9e-bb47-23af7307440e-AppendLogResponseHandler: Failed appendEntries: org.apache.ratis.thirdparty.io.grpc.StatusRuntimeException: CANCELLED: HTTP/2 error code: CANCEL
Received Rst Stream
2020-12-11 14:19:27,354 [grpc-default-executor-2] WARN  server.GrpcLogAppender (GrpcLogAppender.java:resetClient(107)) - 0a86f2cf-b4a5-462d-ae84-45f64b212dc7@group-84B6E63B3474->ee36c03c-d65c-4f9e-bb47-23af7307440e-GrpcLogAppender: Leader has not got in touch with Follower 0a86f2cf-b4a5-462d-ae84-45f64b212dc7@group-84B6E63B3474->ee36c03c-d65c-4f9e-bb47-23af7307440e(c0,m0,n1, attendVote=true, lastRpcSendTime=844, lastRpcResponseTime=842) yet, just keep nextIndex unchanged and retry.
2020-12-11 14:19:27,355 [Listener at 127.0.0.1/43915] INFO  segmented.SegmentedRaftLogWorker (SegmentedRaftLogWorker.java:close(235)) - 1f76fe74-9ac9-4278-b8d3-859f8312f824@group-EE85626A98D9-SegmentedRaftLogWorker close()
2020-12-11 14:19:27,362 [ForkJoinPool.commonPool-worker-1] INFO  server.GrpcService (GrpcService.java:closeImpl(193)) - ee36c03c-d65c-4f9e-bb47-23af7307440e: shutdown server with port 44287 successfully
2020-12-11 14:19:27,363 [Listener at 127.0.0.1/43915] INFO  metrics.RatisMetrics (RatisMetrics.java:unregister(43)) - Unregistering Metrics Registry : ratis.log_worker.1f76fe74-9ac9-4278-b8d3-859f8312f824@group-EE85626A98D9
2020-12-11 14:19:27,363 [Listener at 127.0.0.1/43915] INFO  metrics.RatisMetrics (RatisMetrics.java:unregister(43)) - Unregistering Metrics Registry : ratis.leader_election.1f76fe74-9ac9-4278-b8d3-859f8312f824@group-EE85626A98D9
2020-12-11 14:19:27,363 [Listener at 127.0.0.1/43915] INFO  metrics.RatisMetrics (RatisMetrics.java:unregister(43)) - Unregistering Metrics Registry : ratis.server.1f76fe74-9ac9-4278-b8d3-859f8312f824@group-EE85626A98D9
2020-12-11 14:19:27,363 [Listener at 127.0.0.1/43915] INFO  server.GrpcService (GrpcService.java:closeImpl(184)) - 1f76fe74-9ac9-4278-b8d3-859f8312f824: shutdown server with port 37521 now
2020-12-11 14:19:27,366 [grpc-default-executor-3] WARN  server.GrpcServerProtocolService (LogUtils.java:warn(122)) - 1f76fe74-9ac9-4278-b8d3-859f8312f824: installSnapshot onError, lastRequest: 6177e5e9-2a89-4341-baf8-bbec2955e7c9->1f76fe74-9ac9-4278-b8d3-859f8312f824#1-t1, previous=(t:0, i:0), leaderCommit=-1, initializing? false, entries: size=1, first=(t:1, i:0), CONFIGURATIONENTRY: org.apache.ratis.thirdparty.io.grpc.StatusRuntimeException: CANCELLED: cancelled before receiving half close
2020-12-11 14:19:27,367 [grpc-default-executor-0] WARN  server.GrpcLogAppender (LogUtils.java:warn(122)) - 6177e5e9-2a89-4341-baf8-bbec2955e7c9@group-EE85626A98D9->1f76fe74-9ac9-4278-b8d3-859f8312f824-AppendLogResponseHandler: Failed appendEntries: org.apache.ratis.thirdparty.io.grpc.StatusRuntimeException: CANCELLED: HTTP/2 error code: CANCEL
Received Rst Stream
2020-12-11 14:19:27,367 [grpc-default-executor-0] WARN  server.GrpcLogAppender (GrpcLogAppender.java:resetClient(107)) - 6177e5e9-2a89-4341-baf8-bbec2955e7c9@group-EE85626A98D9->1f76fe74-9ac9-4278-b8d3-859f8312f824-GrpcLogAppender: Leader has not got in touch with Follower 6177e5e9-2a89-4341-baf8-bbec2955e7c9@group-EE85626A98D9->1f76fe74-9ac9-4278-b8d3-859f8312f824(c0,m0,n1, attendVote=true, lastRpcSendTime=275, lastRpcResponseTime=272) yet, just keep nextIndex unchanged and retry.
2020-12-11 14:19:27,367 [Listener at 127.0.0.1/43915] INFO  server.GrpcService (GrpcService.java:closeImpl(193)) - 1f76fe74-9ac9-4278-b8d3-859f8312f824: shutdown server with port 37521 successfully
2020-12-11 14:19:27,367 [ForkJoinPool.commonPool-worker-1] INFO  utils.BackgroundService (BackgroundService.java:shutdown(132)) - Shutting down service BlockDeletingService
2020-12-11 14:19:27,369 [Listener at 127.0.0.1/43915] INFO  utils.BackgroundService (BackgroundService.java:shutdown(132)) - Shutting down service BlockDeletingService
2020-12-11 14:19:27,370 [ForkJoinPool.commonPool-worker-1] INFO  statemachine.DatanodeStateMachine (DatanodeStateMachine.java:stopDaemon(461)) - Ozone container server stopped.
2020-12-11 14:19:27,372 [Listener at 127.0.0.1/43915] INFO  statemachine.DatanodeStateMachine (DatanodeStateMachine.java:stopDaemon(461)) - Ozone container server stopped.
2020-12-11 14:19:27,379 [Listener at 127.0.0.1/43915] INFO  handler.ContextHandler (ContextHandler.java:doStop(1154)) - Stopped o.e.j.w.WebAppContext@30467673{hddsDatanode,/,null,STOPPED}{jar:file:/home/user/.m2/repository/org/apache/hadoop/hadoop-hdds-container-service/1.1.0-SNAPSHOT/hadoop-hdds-container-service-1.1.0-SNAPSHOT.jar!/webapps/hddsDatanode}
2020-12-11 14:19:27,385 [Listener at 127.0.0.1/43915] INFO  server.AbstractConnector (AbstractConnector.java:doStop(381)) - Stopped ServerConnector@34f11db4{HTTP/1.1, (http/1.1)}{0.0.0.0:0}
2020-12-11 14:19:27,386 [Listener at 127.0.0.1/43915] INFO  server.session (HouseKeeper.java:stopScavenging(149)) - node0 Stopped scavenging
2020-12-11 14:19:27,386 [Listener at 127.0.0.1/43915] INFO  handler.ContextHandler (ContextHandler.java:doStop(1154)) - Stopped o.e.j.s.ServletContextHandler@74444099{static,/static,jar:file:/home/user/.m2/repository/org/apache/hadoop/hadoop-hdds-container-service/1.1.0-SNAPSHOT/hadoop-hdds-container-service-1.1.0-SNAPSHOT.jar!/webapps/static,STOPPED}
2020-12-11 14:19:27,386 [Listener at 127.0.0.1/43915] INFO  handler.ContextHandler (ContextHandler.java:doStop(1154)) - Stopped o.e.j.s.ServletContextHandler@cd523a0{logs,/logs,file:///github/workspace/mnt/ozone/hadoop-ozone/integration-test/target/log,STOPPED}
2020-12-11 14:19:27,387 [ForkJoinPool.commonPool-worker-1] INFO  handler.ContextHandler (ContextHandler.java:doStop(1154)) - Stopped o.e.j.w.WebAppContext@21964dbe{hddsDatanode,/,null,STOPPED}{jar:file:/home/user/.m2/repository/org/apache/hadoop/hadoop-hdds-container-service/1.1.0-SNAPSHOT/hadoop-hdds-container-service-1.1.0-SNAPSHOT.jar!/webapps/hddsDatanode}
2020-12-11 14:19:27,388 [ForkJoinPool.commonPool-worker-1] INFO  server.AbstractConnector (AbstractConnector.java:doStop(381)) - Stopped ServerConnector@542f8b4{HTTP/1.1, (http/1.1)}{0.0.0.0:0}
2020-12-11 14:19:27,388 [ForkJoinPool.commonPool-worker-1] INFO  server.session (HouseKeeper.java:stopScavenging(149)) - node0 Stopped scavenging
2020-12-11 14:19:27,389 [ForkJoinPool.commonPool-worker-1] INFO  handler.ContextHandler (ContextHandler.java:doStop(1154)) - Stopped o.e.j.s.ServletContextHandler@397d88df{static,/static,jar:file:/home/user/.m2/repository/org/apache/hadoop/hadoop-hdds-container-service/1.1.0-SNAPSHOT/hadoop-hdds-container-service-1.1.0-SNAPSHOT.jar!/webapps/static,STOPPED}
2020-12-11 14:19:27,389 [ForkJoinPool.commonPool-worker-1] INFO  handler.ContextHandler (ContextHandler.java:doStop(1154)) - Stopped o.e.j.s.ServletContextHandler@3cfe32ed{logs,/logs,file:///github/workspace/mnt/ozone/hadoop-ozone/integration-test/target/log,STOPPED}
2020-12-11 14:19:27,488 [Datanode State Machine Thread - 0] INFO  statemachine.DatanodeStateMachine (DatanodeStateMachine.java:lambda$startDaemon$0(408)) - Ozone container server started.
2020-12-11 14:19:27,924 [Datanode State Machine Thread - 0] INFO  statemachine.DatanodeStateMachine (DatanodeStateMachine.java:lambda$startDaemon$0(408)) - Ozone container server started.
2020-12-11 14:19:29,018 [grpc-default-executor-3] WARN  server.GrpcLogAppender (LogUtils.java:warn(122)) - 0a86f2cf-b4a5-462d-ae84-45f64b212dc7@group-84B6E63B3474->ee36c03c-d65c-4f9e-bb47-23af7307440e-AppendLogResponseHandler: Failed appendEntries: org.apache.ratis.thirdparty.io.grpc.StatusRuntimeException: UNAVAILABLE: io exception
2020-12-11 14:19:29,018 [grpc-default-executor-3] WARN  server.GrpcLogAppender (GrpcLogAppender.java:resetClient(107)) - 0a86f2cf-b4a5-462d-ae84-45f64b212dc7@group-84B6E63B3474->ee36c03c-d65c-4f9e-bb47-23af7307440e-GrpcLogAppender: Leader has not got in touch with Follower 0a86f2cf-b4a5-462d-ae84-45f64b212dc7@group-84B6E63B3474->ee36c03c-d65c-4f9e-bb47-23af7307440e(c0,m0,n1, attendVote=true, lastRpcSendTime=0, lastRpcResponseTime=2506) yet, just keep nextIndex unchanged and retry.
2020-12-11 14:19:29,596 [grpc-default-executor-0] WARN  server.GrpcLogAppender (LogUtils.java:warn(122)) - 6177e5e9-2a89-4341-baf8-bbec2955e7c9@group-EE85626A98D9->1f76fe74-9ac9-4278-b8d3-859f8312f824-AppendLogResponseHandler: Failed appendEntries: org.apache.ratis.thirdparty.io.grpc.StatusRuntimeException: UNAVAILABLE: io exception
2020-12-11 14:19:29,596 [grpc-default-executor-0] WARN  server.GrpcLogAppender (GrpcLogAppender.java:resetClient(107)) - 6177e5e9-2a89-4341-baf8-bbec2955e7c9@group-EE85626A98D9->1f76fe74-9ac9-4278-b8d3-859f8312f824-GrpcLogAppender: Leader has not got in touch with Follower 6177e5e9-2a89-4341-baf8-bbec2955e7c9@group-EE85626A98D9->1f76fe74-9ac9-4278-b8d3-859f8312f824(c0,m0,n1, attendVote=true, lastRpcSendTime=1, lastRpcResponseTime=2502) yet, just keep nextIndex unchanged and retry.
2020-12-11 14:19:31,519 [grpc-default-executor-0] WARN  server.GrpcLogAppender (LogUtils.java:warn(122)) - 0a86f2cf-b4a5-462d-ae84-45f64b212dc7@group-84B6E63B3474->ee36c03c-d65c-4f9e-bb47-23af7307440e-AppendLogResponseHandler: Failed appendEntries: org.apache.ratis.thirdparty.io.grpc.StatusRuntimeException: UNAVAILABLE: io exception
2020-12-11 14:19:31,519 [grpc-default-executor-0] WARN  server.GrpcLogAppender (GrpcLogAppender.java:resetClient(107)) - 0a86f2cf-b4a5-462d-ae84-45f64b212dc7@group-84B6E63B3474->ee36c03c-d65c-4f9e-bb47-23af7307440e-GrpcLogAppender: Leader has not got in touch with Follower 0a86f2cf-b4a5-462d-ae84-45f64b212dc7@group-84B6E63B3474->ee36c03c-d65c-4f9e-bb47-23af7307440e(c0,m0,n1, attendVote=true, lastRpcSendTime=0, lastRpcResponseTime=5007) yet, just keep nextIndex unchanged and retry.
2020-12-11 14:19:32,095 [grpc-default-executor-0] WARN  server.GrpcLogAppender (LogUtils.java:warn(122)) - 6177e5e9-2a89-4341-baf8-bbec2955e7c9@group-EE85626A98D9->1f76fe74-9ac9-4278-b8d3-859f8312f824-AppendLogResponseHandler: Failed appendEntries: org.apache.ratis.thirdparty.io.grpc.StatusRuntimeException: UNAVAILABLE: io exception
2020-12-11 14:19:32,096 [grpc-default-executor-0] WARN  server.GrpcLogAppender (GrpcLogAppender.java:resetClient(107)) - 6177e5e9-2a89-4341-baf8-bbec2955e7c9@group-EE85626A98D9->1f76fe74-9ac9-4278-b8d3-859f8312f824-GrpcLogAppender: Leader has not got in touch with Follower 6177e5e9-2a89-4341-baf8-bbec2955e7c9@group-EE85626A98D9->1f76fe74-9ac9-4278-b8d3-859f8312f824(c0,m0,n1, attendVote=true, lastRpcSendTime=0, lastRpcResponseTime=5002) yet, just keep nextIndex unchanged and retry.
2020-12-11 14:19:32,388 [Listener at 127.0.0.1/43915] INFO  ozoneimpl.OzoneContainer (OzoneContainer.java:stop(257)) - Attempting to stop container services.
2020-12-11 14:19:32,388 [Listener at 127.0.0.1/43915] INFO  impl.RaftServerProxy (RaftServerProxy.java:lambda$close$4(338)) - 1ac8e757-626b-4b72-bb8b-00adfc4da993: close
2020-12-11 14:19:32,388 [Listener at 127.0.0.1/43915] INFO  impl.RaftServerImpl (RaftServerImpl.java:lambda$shutdown$3(328)) - 1ac8e757-626b-4b72-bb8b-00adfc4da993@group-A7AF56FDA973: shutdown
2020-12-11 14:19:32,388 [Listener at 127.0.0.1/43915] INFO  util.JmxRegister (JmxRegister.java:unregister(73)) - Successfully un-registered JMX Bean with object name Ratis:service=RaftServer,group=group-A7AF56FDA973,id=1ac8e757-626b-4b72-bb8b-00adfc4da993
2020-12-11 14:19:32,388 [Listener at 127.0.0.1/43915] INFO  impl.RoleInfo (RoleInfo.java:shutdownLeaderState(104)) - 1ac8e757-626b-4b72-bb8b-00adfc4da993: shutdown 1ac8e757-626b-4b72-bb8b-00adfc4da993@group-A7AF56FDA973-LeaderState
2020-12-11 14:19:32,389 [Listener at 127.0.0.1/43915] INFO  impl.PendingRequests (PendingRequests.java:sendNotLeaderResponses(250)) - 1ac8e757-626b-4b72-bb8b-00adfc4da993@group-A7AF56FDA973-PendingRequests: sendNotLeaderResponses
2020-12-11 14:19:32,389 [Listener at 127.0.0.1/43915] INFO  metrics.RatisMetrics (RatisMetrics.java:unregister(43)) - Unregistering Metrics Registry : ratis.log_appender.1ac8e757-626b-4b72-bb8b-00adfc4da993@group-A7AF56FDA973
2020-12-11 14:19:32,389 [Listener at 127.0.0.1/43915] INFO  metrics.RatisMetrics (RatisMetrics.java:unregister(43)) - Unregistering Metrics Registry : ratis.server.1ac8e757-626b-4b72-bb8b-00adfc4da993@group-A7AF56FDA973
2020-12-11 14:19:32,389 [Listener at 127.0.0.1/43915] INFO  impl.StateMachineUpdater (StateMachineUpdater.java:stopAndJoin(147)) - 1ac8e757-626b-4b72-bb8b-00adfc4da993@group-A7AF56FDA973-StateMachineUpdater: set stopIndex = 0
2020-12-11 14:19:32,390 [1ac8e757-626b-4b72-bb8b-00adfc4da993@group-A7AF56FDA973-StateMachineUpdater] INFO  ratis.ContainerStateMachine (ContainerStateMachine.java:takeSnapshot(293)) - group-A7AF56FDA973: Taking a snapshot at:(t:1, i:0) file /github/workspace/mnt/ozone/hadoop-ozone/integration-test/target/test-dir/MiniOzoneClusterImpl-f6ec90cd-9249-41c8-b5e0-41cfbed7d430/datanode-3/data/ratis/9428a9b8-574c-4266-b35d-a7af56fda973/sm/snapshot.1_0
2020-12-11 14:19:32,390 [ForkJoinPool.commonPool-worker-1] INFO  ozoneimpl.OzoneContainer (OzoneContainer.java:stop(257)) - Attempting to stop container services.
2020-12-11 14:19:32,391 [1ac8e757-626b-4b72-bb8b-00adfc4da993@group-A7AF56FDA973-StateMachineUpdater] INFO  ratis.ContainerStateMachine (ContainerStateMachine.java:takeSnapshot(304)) - group-A7AF56FDA973: Finished taking a snapshot at:(t:1, i:0) file:/github/workspace/mnt/ozone/hadoop-ozone/integration-test/target/test-dir/MiniOzoneClusterImpl-f6ec90cd-9249-41c8-b5e0-41cfbed7d430/datanode-3/data/ratis/9428a9b8-574c-4266-b35d-a7af56fda973/sm/snapshot.1_0 time:1
2020-12-11 14:19:32,391 [ForkJoinPool.commonPool-worker-1] INFO  impl.RaftServerProxy (RaftServerProxy.java:lambda$close$4(338)) - 1e19d63f-6462-4e22-a106-6f9be0aefcff: close
2020-12-11 14:19:32,391 [ForkJoinPool.commonPool-worker-1] INFO  impl.RaftServerImpl (RaftServerImpl.java:lambda$shutdown$3(328)) - 1e19d63f-6462-4e22-a106-6f9be0aefcff@group-B862D7DC63D9: shutdown
2020-12-11 14:19:32,391 [ForkJoinPool.commonPool-worker-1] INFO  util.JmxRegister (JmxRegister.java:unregister(73)) - Successfully un-registered JMX Bean with object name Ratis:service=RaftServer,group=group-B862D7DC63D9,id=1e19d63f-6462-4e22-a106-6f9be0aefcff
2020-12-11 14:19:32,391 [ForkJoinPool.commonPool-worker-1] INFO  impl.RoleInfo (RoleInfo.java:shutdownLeaderState(104)) - 1e19d63f-6462-4e22-a106-6f9be0aefcff: shutdown 1e19d63f-6462-4e22-a106-6f9be0aefcff@group-B862D7DC63D9-LeaderState
2020-12-11 14:19:32,391 [ForkJoinPool.commonPool-worker-1] INFO  impl.PendingRequests (PendingRequests.java:sendNotLeaderResponses(250)) - 1e19d63f-6462-4e22-a106-6f9be0aefcff@group-B862D7DC63D9-PendingRequests: sendNotLeaderResponses
2020-12-11 14:19:32,392 [1ac8e757-626b-4b72-bb8b-00adfc4da993@group-A7AF56FDA973-StateMachineUpdater] INFO  impl.StateMachineUpdater (StateMachineUpdater.java:takeSnapshot(278)) - 1ac8e757-626b-4b72-bb8b-00adfc4da993@group-A7AF56FDA973-StateMachineUpdater: Took a snapshot at index 0
2020-12-11 14:19:32,392 [1ac8e757-626b-4b72-bb8b-00adfc4da993@group-A7AF56FDA973-StateMachineUpdater] INFO  impl.StateMachineUpdater (StateMachineUpdater.java:lambda$new$0(87)) - 1ac8e757-626b-4b72-bb8b-00adfc4da993@group-A7AF56FDA973-StateMachineUpdater: snapshotIndex: updateIncreasingly -1 -> 0
2020-12-11 14:19:32,392 [1ac8e757-626b-4b72-bb8b-00adfc4da993@group-A7AF56FDA973-StateMachineUpdater] INFO  metrics.RatisMetrics (RatisMetrics.java:unregister(43)) - Unregistering Metrics Registry : ratis.state_machine.1ac8e757-626b-4b72-bb8b-00adfc4da993@group-A7AF56FDA973
2020-12-11 14:19:32,393 [Listener at 127.0.0.1/43915] INFO  impl.RaftServerImpl (ServerState.java:close(406)) - 1ac8e757-626b-4b72-bb8b-00adfc4da993@group-A7AF56FDA973: closes. applyIndex: 0
2020-12-11 14:19:32,394 [1ac8e757-626b-4b72-bb8b-00adfc4da993@group-A7AF56FDA973-SegmentedRaftLogWorker] INFO  segmented.SegmentedRaftLogWorker (SegmentedRaftLogWorker.java:run(329)) - 1ac8e757-626b-4b72-bb8b-00adfc4da993@group-A7AF56FDA973-SegmentedRaftLogWorker was interrupted, exiting. There are 0 tasks remaining in the queue.
2020-12-11 14:19:32,394 [ForkJoinPool.commonPool-worker-1] INFO  metrics.RatisMetrics (RatisMetrics.java:unregister(43)) - Unregistering Metrics Registry : ratis.log_appender.1e19d63f-6462-4e22-a106-6f9be0aefcff@group-B862D7DC63D9
2020-12-11 14:19:32,394 [ForkJoinPool.commonPool-worker-1] INFO  metrics.RatisMetrics (RatisMetrics.java:unregister(43)) - Unregistering Metrics Registry : ratis.server.1e19d63f-6462-4e22-a106-6f9be0aefcff@group-B862D7DC63D9
2020-12-11 14:19:32,396 [ForkJoinPool.commonPool-worker-1] INFO  impl.StateMachineUpdater (StateMachineUpdater.java:stopAndJoin(147)) - 1e19d63f-6462-4e22-a106-6f9be0aefcff@group-B862D7DC63D9-StateMachineUpdater: set stopIndex = 17
2020-12-11 14:19:32,396 [1e19d63f-6462-4e22-a106-6f9be0aefcff@group-B862D7DC63D9-StateMachineUpdater] INFO  ratis.ContainerStateMachine (ContainerStateMachine.java:takeSnapshot(293)) - group-B862D7DC63D9: Taking a snapshot at:(t:1, i:17) file /github/workspace/mnt/ozone/hadoop-ozone/integration-test/target/test-dir/MiniOzoneClusterImpl-f6ec90cd-9249-41c8-b5e0-41cfbed7d430/datanode-2/data/ratis/82c01ea1-db32-4ccb-91af-b862d7dc63d9/sm/snapshot.1_17
2020-12-11 14:19:32,396 [Listener at 127.0.0.1/43915] INFO  segmented.SegmentedRaftLogWorker (SegmentedRaftLogWorker.java:close(235)) - 1ac8e757-626b-4b72-bb8b-00adfc4da993@group-A7AF56FDA973-SegmentedRaftLogWorker close()
2020-12-11 14:19:32,397 [Listener at 127.0.0.1/43915] INFO  metrics.RatisMetrics (RatisMetrics.java:unregister(43)) - Unregistering Metrics Registry : ratis.log_worker.1ac8e757-626b-4b72-bb8b-00adfc4da993@group-A7AF56FDA973
2020-12-11 14:19:32,397 [Listener at 127.0.0.1/43915] INFO  metrics.RatisMetrics (RatisMetrics.java:unregister(43)) - Unregistering Metrics Registry : ratis.leader_election.1ac8e757-626b-4b72-bb8b-00adfc4da993@group-A7AF56FDA973
2020-12-11 14:19:32,397 [1e19d63f-6462-4e22-a106-6f9be0aefcff@group-B862D7DC63D9-StateMachineUpdater] INFO  ratis.ContainerStateMachine (ContainerStateMachine.java:takeSnapshot(304)) - group-B862D7DC63D9: Finished taking a snapshot at:(t:1, i:17) file:/github/workspace/mnt/ozone/hadoop-ozone/integration-test/target/test-dir/MiniOzoneClusterImpl-f6ec90cd-9249-41c8-b5e0-41cfbed7d430/datanode-2/data/ratis/82c01ea1-db32-4ccb-91af-b862d7dc63d9/sm/snapshot.1_17 time:1
2020-12-11 14:19:32,398 [Listener at 127.0.0.1/43915] INFO  metrics.RatisMetrics (RatisMetrics.java:unregister(43)) - Unregistering Metrics Registry : ratis.server.1ac8e757-626b-4b72-bb8b-00adfc4da993@group-A7AF56FDA973
2020-12-11 14:19:32,398 [1e19d63f-6462-4e22-a106-6f9be0aefcff@group-B862D7DC63D9-StateMachineUpdater] INFO  impl.StateMachineUpdater (StateMachineUpdater.java:takeSnapshot(278)) - 1e19d63f-6462-4e22-a106-6f9be0aefcff@group-B862D7DC63D9-StateMachineUpdater: Took a snapshot at index 17
2020-12-11 14:19:32,398 [Listener at 127.0.0.1/43915] INFO  impl.RaftServerImpl (RaftServerImpl.java:lambda$shutdown$3(328)) - 1ac8e757-626b-4b72-bb8b-00adfc4da993@group-EE85626A98D9: shutdown
2020-12-11 14:19:32,398 [1e19d63f-6462-4e22-a106-6f9be0aefcff@group-B862D7DC63D9-StateMachineUpdater] INFO  impl.StateMachineUpdater (StateMachineUpdater.java:lambda$new$0(87)) - 1e19d63f-6462-4e22-a106-6f9be0aefcff@group-B862D7DC63D9-StateMachineUpdater: snapshotIndex: updateIncreasingly -1 -> 17
2020-12-11 14:19:32,398 [Listener at 127.0.0.1/43915] INFO  util.JmxRegister (JmxRegister.java:unregister(73)) - Successfully un-registered JMX Bean with object name Ratis:service=RaftServer,group=group-EE85626A98D9,id=1ac8e757-626b-4b72-bb8b-00adfc4da993
2020-12-11 14:19:32,398 [1e19d63f-6462-4e22-a106-6f9be0aefcff@group-B862D7DC63D9-StateMachineUpdater] INFO  metrics.RatisMetrics (RatisMetrics.java:unregister(43)) - Unregistering Metrics Registry : ratis.state_machine.1e19d63f-6462-4e22-a106-6f9be0aefcff@group-B862D7DC63D9
2020-12-11 14:19:32,398 [Listener at 127.0.0.1/43915] INFO  impl.RoleInfo (RoleInfo.java:shutdownFollowerState(121)) - 1ac8e757-626b-4b72-bb8b-00adfc4da993: shutdown 1ac8e757-626b-4b72-bb8b-00adfc4da993@group-EE85626A98D9-FollowerState
2020-12-11 14:19:32,399 [ForkJoinPool.commonPool-worker-1] INFO  impl.RaftServerImpl (ServerState.java:close(406)) - 1e19d63f-6462-4e22-a106-6f9be0aefcff@group-B862D7DC63D9: closes. applyIndex: 17
2020-12-11 14:19:32,399 [Thread-666] INFO  impl.FollowerState (FollowerState.java:run(137)) - 1ac8e757-626b-4b72-bb8b-00adfc4da993@group-EE85626A98D9-FollowerState was interrupted: {}
java.lang.InterruptedException: sleep interrupted
	at java.lang.Thread.sleep(Native Method)
	at org.apache.ratis.util.JavaUtils.sleep(JavaUtils.java:250)
	at org.apache.ratis.server.impl.FollowerState.run(FollowerState.java:116)
2020-12-11 14:19:32,399 [1e19d63f-6462-4e22-a106-6f9be0aefcff@group-B862D7DC63D9-SegmentedRaftLogWorker] INFO  segmented.SegmentedRaftLogWorker (SegmentedRaftLogWorker.java:run(329)) - 1e19d63f-6462-4e22-a106-6f9be0aefcff@group-B862D7DC63D9-SegmentedRaftLogWorker was interrupted, exiting. There are 0 tasks remaining in the queue.
2020-12-11 14:19:32,399 [1ac8e757-626b-4b72-bb8b-00adfc4da993@group-EE85626A98D9-StateMachineUpdater] INFO  ratis.ContainerStateMachine (ContainerStateMachine.java:takeSnapshot(293)) - group-EE85626A98D9: Taking a snapshot at:(t:1, i:0) file /github/workspace/mnt/ozone/hadoop-ozone/integration-test/target/test-dir/MiniOzoneClusterImpl-f6ec90cd-9249-41c8-b5e0-41cfbed7d430/datanode-3/data/ratis/f87edba7-5f67-403d-bf3a-ee85626a98d9/sm/snapshot.1_0
2020-12-11 14:19:32,399 [Listener at 127.0.0.1/43915] INFO  impl.StateMachineUpdater (StateMachineUpdater.java:stopAndJoin(147)) - 1ac8e757-626b-4b72-bb8b-00adfc4da993@group-EE85626A98D9-StateMachineUpdater: set stopIndex = 0
2020-12-11 14:19:32,401 [ForkJoinPool.commonPool-worker-1] INFO  segmented.SegmentedRaftLogWorker (SegmentedRaftLogWorker.java:close(235)) - 1e19d63f-6462-4e22-a106-6f9be0aefcff@group-B862D7DC63D9-SegmentedRaftLogWorker close()
2020-12-11 14:19:32,401 [1ac8e757-626b-4b72-bb8b-00adfc4da993@group-EE85626A98D9-StateMachineUpdater] INFO  ratis.ContainerStateMachine (ContainerStateMachine.java:takeSnapshot(304)) - group-EE85626A98D9: Finished taking a snapshot at:(t:1, i:0) file:/github/workspace/mnt/ozone/hadoop-ozone/integration-test/target/test-dir/MiniOzoneClusterImpl-f6ec90cd-9249-41c8-b5e0-41cfbed7d430/datanode-3/data/ratis/f87edba7-5f67-403d-bf3a-ee85626a98d9/sm/snapshot.1_0 time:3
2020-12-11 14:19:32,401 [1ac8e757-626b-4b72-bb8b-00adfc4da993@group-EE85626A98D9-StateMachineUpdater] INFO  impl.StateMachineUpdater (StateMachineUpdater.java:takeSnapshot(278)) - 1ac8e757-626b-4b72-bb8b-00adfc4da993@group-EE85626A98D9-StateMachineUpdater: Took a snapshot at index 0
2020-12-11 14:19:32,401 [1ac8e757-626b-4b72-bb8b-00adfc4da993@group-EE85626A98D9-StateMachineUpdater] INFO  impl.StateMachineUpdater (StateMachineUpdater.java:lambda$new$0(87)) - 1ac8e757-626b-4b72-bb8b-00adfc4da993@group-EE85626A98D9-StateMachineUpdater: snapshotIndex: updateIncreasingly -1 -> 0
2020-12-11 14:19:32,402 [1ac8e757-626b-4b72-bb8b-00adfc4da993@group-EE85626A98D9-StateMachineUpdater] INFO  metrics.RatisMetrics (RatisMetrics.java:unregister(43)) - Unregistering Metrics Registry : ratis.state_machine.1ac8e757-626b-4b72-bb8b-00adfc4da993@group-EE85626A98D9
2020-12-11 14:19:32,403 [Listener at 127.0.0.1/43915] INFO  impl.RaftServerImpl (ServerState.java:close(406)) - 1ac8e757-626b-4b72-bb8b-00adfc4da993@group-EE85626A98D9: closes. applyIndex: 0
2020-12-11 14:19:32,403 [ForkJoinPool.commonPool-worker-1] INFO  metrics.RatisMetrics (RatisMetrics.java:unregister(43)) - Unregistering Metrics Registry : ratis.log_worker.1e19d63f-6462-4e22-a106-6f9be0aefcff@group-B862D7DC63D9
2020-12-11 14:19:32,403 [1ac8e757-626b-4b72-bb8b-00adfc4da993@group-EE85626A98D9-SegmentedRaftLogWorker] INFO  segmented.SegmentedRaftLogWorker (SegmentedRaftLogWorker.java:run(329)) - 1ac8e757-626b-4b72-bb8b-00adfc4da993@group-EE85626A98D9-SegmentedRaftLogWorker was interrupted, exiting. There are 0 tasks remaining in the queue.
2020-12-11 14:19:32,404 [ForkJoinPool.commonPool-worker-1] INFO  metrics.RatisMetrics (RatisMetrics.java:unregister(43)) - Unregistering Metrics Registry : ratis.leader_election.1e19d63f-6462-4e22-a106-6f9be0aefcff@group-B862D7DC63D9
2020-12-11 14:19:32,404 [Listener at 127.0.0.1/43915] INFO  segmented.SegmentedRaftLogWorker (SegmentedRaftLogWorker.java:close(235)) - 1ac8e757-626b-4b72-bb8b-00adfc4da993@group-EE85626A98D9-SegmentedRaftLogWorker close()
2020-12-11 14:19:32,404 [ForkJoinPool.commonPool-worker-1] INFO  metrics.RatisMetrics (RatisMetrics.java:unregister(43)) - Unregistering Metrics Registry : ratis.server.1e19d63f-6462-4e22-a106-6f9be0aefcff@group-B862D7DC63D9
2020-12-11 14:19:32,405 [Listener at 127.0.0.1/43915] INFO  metrics.RatisMetrics (RatisMetrics.java:unregister(43)) - Unregistering Metrics Registry : ratis.log_worker.1ac8e757-626b-4b72-bb8b-00adfc4da993@group-EE85626A98D9
2020-12-11 14:19:32,405 [ForkJoinPool.commonPool-worker-1] INFO  impl.RaftServerImpl (RaftServerImpl.java:lambda$shutdown$3(328)) - 1e19d63f-6462-4e22-a106-6f9be0aefcff@group-84B6E63B3474: shutdown
2020-12-11 14:19:32,405 [Listener at 127.0.0.1/43915] INFO  metrics.RatisMetrics (RatisMetrics.java:unregister(43)) - Unregistering Metrics Registry : ratis.leader_election.1ac8e757-626b-4b72-bb8b-00adfc4da993@group-EE85626A98D9
2020-12-11 14:19:32,405 [Listener at 127.0.0.1/43915] INFO  metrics.RatisMetrics (RatisMetrics.java:unregister(43)) - Unregistering Metrics Registry : ratis.server.1ac8e757-626b-4b72-bb8b-00adfc4da993@group-EE85626A98D9
2020-12-11 14:19:32,405 [ForkJoinPool.commonPool-worker-1] INFO  util.JmxRegister (JmxRegister.java:unregister(73)) - Successfully un-registered JMX Bean with object name Ratis:service=RaftServer,group=group-84B6E63B3474,id=1e19d63f-6462-4e22-a106-6f9be0aefcff
2020-12-11 14:19:32,405 [ForkJoinPool.commonPool-worker-1] INFO  impl.RoleInfo (RoleInfo.java:shutdownFollowerState(121)) - 1e19d63f-6462-4e22-a106-6f9be0aefcff: shutdown 1e19d63f-6462-4e22-a106-6f9be0aefcff@group-84B6E63B3474-FollowerState
2020-12-11 14:19:32,405 [Listener at 127.0.0.1/43915] INFO  server.GrpcService (GrpcService.java:closeImpl(184)) - 1ac8e757-626b-4b72-bb8b-00adfc4da993: shutdown server with port 35785 now
2020-12-11 14:19:32,406 [1e19d63f-6462-4e22-a106-6f9be0aefcff@group-84B6E63B3474-StateMachineUpdater] INFO  ratis.ContainerStateMachine (ContainerStateMachine.java:takeSnapshot(293)) - group-84B6E63B3474: Taking a snapshot at:(t:1, i:0) file /github/workspace/mnt/ozone/hadoop-ozone/integration-test/target/test-dir/MiniOzoneClusterImpl-f6ec90cd-9249-41c8-b5e0-41cfbed7d430/datanode-2/data/ratis/be4694ae-0acc-47b7-856c-84b6e63b3474/sm/snapshot.1_0
2020-12-11 14:19:32,405 [Thread-635] INFO  impl.FollowerState (FollowerState.java:run(137)) - 1e19d63f-6462-4e22-a106-6f9be0aefcff@group-84B6E63B3474-FollowerState was interrupted: {}
java.lang.InterruptedException: sleep interrupted
	at java.lang.Thread.sleep(Native Method)
	at org.apache.ratis.util.JavaUtils.sleep(JavaUtils.java:250)
	at org.apache.ratis.server.impl.FollowerState.run(FollowerState.java:116)
2020-12-11 14:19:32,409 [ForkJoinPool.commonPool-worker-1] INFO  impl.StateMachineUpdater (StateMachineUpdater.java:stopAndJoin(147)) - 1e19d63f-6462-4e22-a106-6f9be0aefcff@group-84B6E63B3474-StateMachineUpdater: set stopIndex = 0
2020-12-11 14:19:32,410 [1e19d63f-6462-4e22-a106-6f9be0aefcff@group-84B6E63B3474-StateMachineUpdater] INFO  ratis.ContainerStateMachine (ContainerStateMachine.java:takeSnapshot(304)) - group-84B6E63B3474: Finished taking a snapshot at:(t:1, i:0) file:/github/workspace/mnt/ozone/hadoop-ozone/integration-test/target/test-dir/MiniOzoneClusterImpl-f6ec90cd-9249-41c8-b5e0-41cfbed7d430/datanode-2/data/ratis/be4694ae-0acc-47b7-856c-84b6e63b3474/sm/snapshot.1_0 time:4
2020-12-11 14:19:32,410 [1e19d63f-6462-4e22-a106-6f9be0aefcff@group-84B6E63B3474-StateMachineUpdater] INFO  impl.StateMachineUpdater (StateMachineUpdater.java:takeSnapshot(278)) - 1e19d63f-6462-4e22-a106-6f9be0aefcff@group-84B6E63B3474-StateMachineUpdater: Took a snapshot at index 0
2020-12-11 14:19:32,410 [1e19d63f-6462-4e22-a106-6f9be0aefcff@group-84B6E63B3474-StateMachineUpdater] INFO  impl.StateMachineUpdater (StateMachineUpdater.java:lambda$new$0(87)) - 1e19d63f-6462-4e22-a106-6f9be0aefcff@group-84B6E63B3474-StateMachineUpdater: snapshotIndex: updateIncreasingly -1 -> 0
2020-12-11 14:19:32,410 [1e19d63f-6462-4e22-a106-6f9be0aefcff@group-84B6E63B3474-StateMachineUpdater] INFO  metrics.RatisMetrics (RatisMetrics.java:unregister(43)) - Unregistering Metrics Registry : ratis.state_machine.1e19d63f-6462-4e22-a106-6f9be0aefcff@group-84B6E63B3474
2020-12-11 14:19:32,410 [ForkJoinPool.commonPool-worker-1] INFO  impl.RaftServerImpl (ServerState.java:close(406)) - 1e19d63f-6462-4e22-a106-6f9be0aefcff@group-84B6E63B3474: closes. applyIndex: 0
2020-12-11 14:19:32,411 [grpc-default-executor-2] WARN  server.GrpcLogAppender (LogUtils.java:warn(122)) - 6177e5e9-2a89-4341-baf8-bbec2955e7c9@group-EE85626A98D9->1ac8e757-626b-4b72-bb8b-00adfc4da993-AppendLogResponseHandler: Failed appendEntries: org.apache.ratis.thirdparty.io.grpc.StatusRuntimeException: CANCELLED: HTTP/2 error code: CANCEL
Received Rst Stream
2020-12-11 14:19:32,411 [grpc-default-executor-2] WARN  server.GrpcLogAppender (GrpcLogAppender.java:resetClient(107)) - 6177e5e9-2a89-4341-baf8-bbec2955e7c9@group-EE85626A98D9->1ac8e757-626b-4b72-bb8b-00adfc4da993-GrpcLogAppender: Leader has not got in touch with Follower 6177e5e9-2a89-4341-baf8-bbec2955e7c9@group-EE85626A98D9->1ac8e757-626b-4b72-bb8b-00adfc4da993(c0,m0,n1, attendVote=true, lastRpcSendTime=312, lastRpcResponseTime=305) yet, just keep nextIndex unchanged and retry.
2020-12-11 14:19:32,411 [grpc-default-executor-3] WARN  server.GrpcServerProtocolService (LogUtils.java:warn(122)) - 1ac8e757-626b-4b72-bb8b-00adfc4da993: installSnapshot onError, lastRequest: 6177e5e9-2a89-4341-baf8-bbec2955e7c9->1ac8e757-626b-4b72-bb8b-00adfc4da993#1-t1, previous=(t:0, i:0), leaderCommit=0, initializing? false, entries: size=1, first=(t:1, i:0), CONFIGURATIONENTRY: org.apache.ratis.thirdparty.io.grpc.StatusRuntimeException: CANCELLED: cancelled before receiving half close
2020-12-11 14:19:32,412 [1e19d63f-6462-4e22-a106-6f9be0aefcff@group-84B6E63B3474-SegmentedRaftLogWorker] INFO  segmented.SegmentedRaftLogWorker (SegmentedRaftLogWorker.java:run(329)) - 1e19d63f-6462-4e22-a106-6f9be0aefcff@group-84B6E63B3474-SegmentedRaftLogWorker was interrupted, exiting. There are 0 tasks remaining in the queue.
2020-12-11 14:19:32,413 [ForkJoinPool.commonPool-worker-1] INFO  segmented.SegmentedRaftLogWorker (SegmentedRaftLogWorker.java:close(235)) - 1e19d63f-6462-4e22-a106-6f9be0aefcff@group-84B6E63B3474-SegmentedRaftLogWorker close()
2020-12-11 14:19:32,414 [ForkJoinPool.commonPool-worker-1] INFO  metrics.RatisMetrics (RatisMetrics.java:unregister(43)) - Unregistering Metrics Registry : ratis.log_worker.1e19d63f-6462-4e22-a106-6f9be0aefcff@group-84B6E63B3474
2020-12-11 14:19:32,414 [ForkJoinPool.commonPool-worker-1] INFO  metrics.RatisMetrics (RatisMetrics.java:unregister(43)) - Unregistering Metrics Registry : ratis.leader_election.1e19d63f-6462-4e22-a106-6f9be0aefcff@group-84B6E63B3474
2020-12-11 14:19:32,414 [ForkJoinPool.commonPool-worker-1] INFO  metrics.RatisMetrics (RatisMetrics.java:unregister(43)) - Unregistering Metrics Registry : ratis.server.1e19d63f-6462-4e22-a106-6f9be0aefcff@group-84B6E63B3474
2020-12-11 14:19:32,414 [ForkJoinPool.commonPool-worker-1] INFO  server.GrpcService (GrpcService.java:closeImpl(184)) - 1e19d63f-6462-4e22-a106-6f9be0aefcff: shutdown server with port 42641 now
2020-12-11 14:19:32,414 [Listener at 127.0.0.1/43915] INFO  server.GrpcService (GrpcService.java:closeImpl(193)) - 1ac8e757-626b-4b72-bb8b-00adfc4da993: shutdown server with port 35785 successfully
2020-12-11 14:19:32,415 [grpc-default-executor-3] WARN  server.GrpcServerProtocolService (LogUtils.java:warn(122)) - 1e19d63f-6462-4e22-a106-6f9be0aefcff: installSnapshot onError, lastRequest: 0a86f2cf-b4a5-462d-ae84-45f64b212dc7->1e19d63f-6462-4e22-a106-6f9be0aefcff#1-t1, previous=(t:0, i:0), leaderCommit=-1, initializing? false, entries: size=1, first=(t:1, i:0), CONFIGURATIONENTRY: org.apache.ratis.thirdparty.io.grpc.StatusRuntimeException: CANCELLED: cancelled before receiving half close
2020-12-11 14:19:32,415 [Listener at 127.0.0.1/43915] INFO  utils.BackgroundService (BackgroundService.java:shutdown(132)) - Shutting down service BlockDeletingService
2020-12-11 14:19:32,416 [ForkJoinPool.commonPool-worker-1] INFO  server.GrpcService (GrpcService.java:closeImpl(193)) - 1e19d63f-6462-4e22-a106-6f9be0aefcff: shutdown server with port 42641 successfully
2020-12-11 14:19:32,417 [ForkJoinPool.commonPool-worker-1] INFO  utils.BackgroundService (BackgroundService.java:shutdown(132)) - Shutting down service BlockDeletingService
2020-12-11 14:19:32,418 [grpc-default-executor-0] WARN  server.GrpcLogAppender (LogUtils.java:warn(122)) - 0a86f2cf-b4a5-462d-ae84-45f64b212dc7@group-84B6E63B3474->1e19d63f-6462-4e22-a106-6f9be0aefcff-AppendLogResponseHandler: Failed appendEntries: org.apache.ratis.thirdparty.io.grpc.StatusRuntimeException: CANCELLED: HTTP/2 error code: CANCEL
Received Rst Stream
2020-12-11 14:19:32,418 [grpc-default-executor-0] WARN  server.GrpcLogAppender (GrpcLogAppender.java:resetClient(107)) - 0a86f2cf-b4a5-462d-ae84-45f64b212dc7@group-84B6E63B3474->1e19d63f-6462-4e22-a106-6f9be0aefcff-GrpcLogAppender: Leader has not got in touch with Follower 0a86f2cf-b4a5-462d-ae84-45f64b212dc7@group-84B6E63B3474->1e19d63f-6462-4e22-a106-6f9be0aefcff(c0,m0,n1, attendVote=true, lastRpcSendTime=901, lastRpcResponseTime=900) yet, just keep nextIndex unchanged and retry.
2020-12-11 14:19:32,418 [Listener at 127.0.0.1/43915] INFO  statemachine.DatanodeStateMachine (DatanodeStateMachine.java:stopDaemon(461)) - Ozone container server stopped.
2020-12-11 14:19:32,421 [ForkJoinPool.commonPool-worker-1] INFO  statemachine.DatanodeStateMachine (DatanodeStateMachine.java:stopDaemon(461)) - Ozone container server stopped.
2020-12-11 14:19:32,430 [ForkJoinPool.commonPool-worker-1] INFO  handler.ContextHandler (ContextHandler.java:doStop(1154)) - Stopped o.e.j.w.WebAppContext@2c1154f2{hddsDatanode,/,null,STOPPED}{jar:file:/home/user/.m2/repository/org/apache/hadoop/hadoop-hdds-container-service/1.1.0-SNAPSHOT/hadoop-hdds-container-service-1.1.0-SNAPSHOT.jar!/webapps/hddsDatanode}
2020-12-11 14:19:32,430 [ForkJoinPool.commonPool-worker-1] INFO  server.AbstractConnector (AbstractConnector.java:doStop(381)) - Stopped ServerConnector@17047f0f{HTTP/1.1, (http/1.1)}{0.0.0.0:0}
2020-12-11 14:19:32,430 [ForkJoinPool.commonPool-worker-1] INFO  server.session (HouseKeeper.java:stopScavenging(149)) - node0 Stopped scavenging
2020-12-11 14:19:32,431 [ForkJoinPool.commonPool-worker-1] INFO  handler.ContextHandler (ContextHandler.java:doStop(1154)) - Stopped o.e.j.s.ServletContextHandler@2bb89f8c{static,/static,jar:file:/home/user/.m2/repository/org/apache/hadoop/hadoop-hdds-container-service/1.1.0-SNAPSHOT/hadoop-hdds-container-service-1.1.0-SNAPSHOT.jar!/webapps/static,STOPPED}
2020-12-11 14:19:32,432 [Listener at 127.0.0.1/43915] INFO  handler.ContextHandler (ContextHandler.java:doStop(1154)) - Stopped o.e.j.w.WebAppContext@2000081a{hddsDatanode,/,null,STOPPED}{jar:file:/home/user/.m2/repository/org/apache/hadoop/hadoop-hdds-container-service/1.1.0-SNAPSHOT/hadoop-hdds-container-service-1.1.0-SNAPSHOT.jar!/webapps/hddsDatanode}
2020-12-11 14:19:32,435 [Listener at 127.0.0.1/43915] INFO  server.AbstractConnector (AbstractConnector.java:doStop(381)) - Stopped ServerConnector@5c8fdf2{HTTP/1.1, (http/1.1)}{0.0.0.0:0}
2020-12-11 14:19:32,436 [Listener at 127.0.0.1/43915] INFO  server.session (HouseKeeper.java:stopScavenging(149)) - node0 Stopped scavenging
2020-12-11 14:19:32,436 [Listener at 127.0.0.1/43915] INFO  handler.ContextHandler (ContextHandler.java:doStop(1154)) - Stopped o.e.j.s.ServletContextHandler@7556ac2a{static,/static,jar:file:/home/user/.m2/repository/org/apache/hadoop/hadoop-hdds-container-service/1.1.0-SNAPSHOT/hadoop-hdds-container-service-1.1.0-SNAPSHOT.jar!/webapps/static,STOPPED}
2020-12-11 14:19:32,436 [Listener at 127.0.0.1/43915] INFO  handler.ContextHandler (ContextHandler.java:doStop(1154)) - Stopped o.e.j.s.ServletContextHandler@76e095d6{logs,/logs,file:///github/workspace/mnt/ozone/hadoop-ozone/integration-test/target/log,STOPPED}
2020-12-11 14:19:32,435 [ForkJoinPool.commonPool-worker-1] INFO  handler.ContextHandler (ContextHandler.java:doStop(1154)) - Stopped o.e.j.s.ServletContextHandler@67606bc3{logs,/logs,file:///github/workspace/mnt/ozone/hadoop-ozone/integration-test/target/log,STOPPED}
2020-12-11 14:19:32,956 [Datanode State Machine Thread - 0] INFO  statemachine.DatanodeStateMachine (DatanodeStateMachine.java:lambda$startDaemon$0(408)) - Ozone container server started.
2020-12-11 14:19:33,253 [Datanode State Machine Thread - 0] INFO  statemachine.DatanodeStateMachine (DatanodeStateMachine.java:lambda$startDaemon$0(408)) - Ozone container server started.
2020-12-11 14:19:34,020 [grpc-default-executor-0] WARN  server.GrpcLogAppender (LogUtils.java:warn(122)) - 0a86f2cf-b4a5-462d-ae84-45f64b212dc7@group-84B6E63B3474->ee36c03c-d65c-4f9e-bb47-23af7307440e-AppendLogResponseHandler: Failed appendEntries: org.apache.ratis.thirdparty.io.grpc.StatusRuntimeException: UNAVAILABLE: io exception
2020-12-11 14:19:34,020 [grpc-default-executor-0] WARN  server.GrpcLogAppender (GrpcLogAppender.java:resetClient(107)) - 0a86f2cf-b4a5-462d-ae84-45f64b212dc7@group-84B6E63B3474->ee36c03c-d65c-4f9e-bb47-23af7307440e-GrpcLogAppender: Leader has not got in touch with Follower 0a86f2cf-b4a5-462d-ae84-45f64b212dc7@group-84B6E63B3474->ee36c03c-d65c-4f9e-bb47-23af7307440e(c0,m0,n1, attendVote=true, lastRpcSendTime=1, lastRpcResponseTime=7508) yet, just keep nextIndex unchanged and retry.
2020-12-11 14:19:34,021 [grpc-default-executor-2] WARN  server.GrpcLogAppender (LogUtils.java:warn(122)) - 0a86f2cf-b4a5-462d-ae84-45f64b212dc7@group-84B6E63B3474->1e19d63f-6462-4e22-a106-6f9be0aefcff-AppendLogResponseHandler: Failed appendEntries: org.apache.ratis.thirdparty.io.grpc.StatusRuntimeException: UNAVAILABLE: io exception
2020-12-11 14:19:34,021 [grpc-default-executor-2] WARN  server.GrpcLogAppender (GrpcLogAppender.java:resetClient(107)) - 0a86f2cf-b4a5-462d-ae84-45f64b212dc7@group-84B6E63B3474->1e19d63f-6462-4e22-a106-6f9be0aefcff-GrpcLogAppender: Leader has not got in touch with Follower 0a86f2cf-b4a5-462d-ae84-45f64b212dc7@group-84B6E63B3474->1e19d63f-6462-4e22-a106-6f9be0aefcff(c0,m0,n1, attendVote=true, lastRpcSendTime=1, lastRpcResponseTime=2503) yet, just keep nextIndex unchanged and retry.
2020-12-11 14:19:34,597 [grpc-default-executor-2] WARN  server.GrpcLogAppender (LogUtils.java:warn(122)) - 6177e5e9-2a89-4341-baf8-bbec2955e7c9@group-EE85626A98D9->1f76fe74-9ac9-4278-b8d3-859f8312f824-AppendLogResponseHandler: Failed appendEntries: org.apache.ratis.thirdparty.io.grpc.StatusRuntimeException: UNAVAILABLE: io exception
2020-12-11 14:19:34,597 [grpc-default-executor-2] WARN  server.GrpcLogAppender (GrpcLogAppender.java:resetClient(107)) - 6177e5e9-2a89-4341-baf8-bbec2955e7c9@group-EE85626A98D9->1f76fe74-9ac9-4278-b8d3-859f8312f824-GrpcLogAppender: Leader has not got in touch with Follower 6177e5e9-2a89-4341-baf8-bbec2955e7c9@group-EE85626A98D9->1f76fe74-9ac9-4278-b8d3-859f8312f824(c0,m0,n1, attendVote=true, lastRpcSendTime=0, lastRpcResponseTime=7503) yet, just keep nextIndex unchanged and retry.
2020-12-11 14:19:34,607 [grpc-default-executor-0] WARN  server.GrpcLogAppender (LogUtils.java:warn(122)) - 6177e5e9-2a89-4341-baf8-bbec2955e7c9@group-EE85626A98D9->1ac8e757-626b-4b72-bb8b-00adfc4da993-AppendLogResponseHandler: Failed appendEntries: org.apache.ratis.thirdparty.io.grpc.StatusRuntimeException: UNAVAILABLE: io exception
2020-12-11 14:19:34,608 [grpc-default-executor-0] WARN  server.GrpcLogAppender (GrpcLogAppender.java:resetClient(107)) - 6177e5e9-2a89-4341-baf8-bbec2955e7c9@group-EE85626A98D9->1ac8e757-626b-4b72-bb8b-00adfc4da993-GrpcLogAppender: Leader has not got in touch with Follower 6177e5e9-2a89-4341-baf8-bbec2955e7c9@group-EE85626A98D9->1ac8e757-626b-4b72-bb8b-00adfc4da993(c0,m0,n1, attendVote=true, lastRpcSendTime=0, lastRpcResponseTime=2501) yet, just keep nextIndex unchanged and retry.
2020-12-11 14:19:36,520 [grpc-default-executor-2] WARN  server.GrpcLogAppender (LogUtils.java:warn(122)) - 0a86f2cf-b4a5-462d-ae84-45f64b212dc7@group-84B6E63B3474->ee36c03c-d65c-4f9e-bb47-23af7307440e-AppendLogResponseHandler: Failed appendEntries: org.apache.ratis.thirdparty.io.grpc.StatusRuntimeException: UNAVAILABLE: io exception
2020-12-11 14:19:36,520 [grpc-default-executor-0] WARN  server.GrpcLogAppender (LogUtils.java:warn(122)) - 0a86f2cf-b4a5-462d-ae84-45f64b212dc7@group-84B6E63B3474->1e19d63f-6462-4e22-a106-6f9be0aefcff-AppendLogResponseHandler: Failed appendEntries: org.apache.ratis.thirdparty.io.grpc.StatusRuntimeException: UNAVAILABLE: io exception
2020-12-11 14:19:36,521 [grpc-default-executor-2] WARN  server.GrpcLogAppender (GrpcLogAppender.java:resetClient(107)) - 0a86f2cf-b4a5-462d-ae84-45f64b212dc7@group-84B6E63B3474->ee36c03c-d65c-4f9e-bb47-23af7307440e-GrpcLogAppender: Leader has not got in touch with Follower 0a86f2cf-b4a5-462d-ae84-45f64b212dc7@group-84B6E63B3474->ee36c03c-d65c-4f9e-bb47-23af7307440e(c0,m0,n1, attendVote=true, lastRpcSendTime=0, lastRpcResponseTime=10009) yet, just keep nextIndex unchanged and retry.
2020-12-11 14:19:36,521 [grpc-default-executor-0] WARN  server.GrpcLogAppender (GrpcLogAppender.java:resetClient(107)) - 0a86f2cf-b4a5-462d-ae84-45f64b212dc7@group-84B6E63B3474->1e19d63f-6462-4e22-a106-6f9be0aefcff-GrpcLogAppender: Leader has not got in touch with Follower 0a86f2cf-b4a5-462d-ae84-45f64b212dc7@group-84B6E63B3474->1e19d63f-6462-4e22-a106-6f9be0aefcff(c0,m0,n1, attendVote=true, lastRpcSendTime=0, lastRpcResponseTime=5003) yet, just keep nextIndex unchanged and retry.
2020-12-11 14:19:37,098 [grpc-default-executor-0] WARN  server.GrpcLogAppender (LogUtils.java:warn(122)) - 6177e5e9-2a89-4341-baf8-bbec2955e7c9@group-EE85626A98D9->1f76fe74-9ac9-4278-b8d3-859f8312f824-AppendLogResponseHandler: Failed appendEntries: org.apache.ratis.thirdparty.io.grpc.StatusRuntimeException: UNAVAILABLE: io exception
2020-12-11 14:19:37,098 [grpc-default-executor-0] WARN  server.GrpcLogAppender (GrpcLogAppender.java:resetClient(107)) - 6177e5e9-2a89-4341-baf8-bbec2955e7c9@group-EE85626A98D9->1f76fe74-9ac9-4278-b8d3-859f8312f824-GrpcLogAppender: Leader has not got in touch with Follower 6177e5e9-2a89-4341-baf8-bbec2955e7c9@group-EE85626A98D9->1f76fe74-9ac9-4278-b8d3-859f8312f824(c0,m0,n1, attendVote=true, lastRpcSendTime=0, lastRpcResponseTime=10004) yet, just keep nextIndex unchanged and retry.
2020-12-11 14:19:37,107 [grpc-default-executor-0] WARN  server.GrpcLogAppender (LogUtils.java:warn(122)) - 6177e5e9-2a89-4341-baf8-bbec2955e7c9@group-EE85626A98D9->1ac8e757-626b-4b72-bb8b-00adfc4da993-AppendLogResponseHandler: Failed appendEntries: org.apache.ratis.thirdparty.io.grpc.StatusRuntimeException: UNAVAILABLE: io exception
2020-12-11 14:19:37,107 [grpc-default-executor-0] WARN  server.GrpcLogAppender (GrpcLogAppender.java:resetClient(107)) - 6177e5e9-2a89-4341-baf8-bbec2955e7c9@group-EE85626A98D9->1ac8e757-626b-4b72-bb8b-00adfc4da993-GrpcLogAppender: Leader has not got in touch with Follower 6177e5e9-2a89-4341-baf8-bbec2955e7c9@group-EE85626A98D9->1ac8e757-626b-4b72-bb8b-00adfc4da993(c0,m0,n1, attendVote=true, lastRpcSendTime=0, lastRpcResponseTime=5001) yet, just keep nextIndex unchanged and retry.
2020-12-11 14:19:37,439 [ForkJoinPool.commonPool-worker-1] INFO  ozoneimpl.OzoneContainer (OzoneContainer.java:stop(257)) - Attempting to stop container services.
2020-12-11 14:19:37,439 [Listener at 127.0.0.1/43915] INFO  ozoneimpl.OzoneContainer (OzoneContainer.java:stop(257)) - Attempting to stop container services.
2020-12-11 14:19:37,439 [ForkJoinPool.commonPool-worker-1] INFO  impl.RaftServerProxy (RaftServerProxy.java:lambda$close$4(338)) - 0a86f2cf-b4a5-462d-ae84-45f64b212dc7: close
2020-12-11 14:19:37,439 [Listener at 127.0.0.1/43915] INFO  impl.RaftServerProxy (RaftServerProxy.java:lambda$close$4(338)) - b64ecab1-a9a6-4a36-bfad-80c590b1cb6b: close
2020-12-11 14:19:37,439 [ForkJoinPool.commonPool-worker-1] INFO  impl.RaftServerImpl (RaftServerImpl.java:lambda$shutdown$3(328)) - 0a86f2cf-b4a5-462d-ae84-45f64b212dc7@group-76EF7642F325: shutdown
2020-12-11 14:19:37,440 [Listener at 127.0.0.1/43915] INFO  impl.RaftServerImpl (RaftServerImpl.java:lambda$shutdown$3(328)) - b64ecab1-a9a6-4a36-bfad-80c590b1cb6b@group-78DEF98344CE: shutdown
2020-12-11 14:19:37,440 [Listener at 127.0.0.1/43915] INFO  util.JmxRegister (JmxRegister.java:unregister(73)) - Successfully un-registered JMX Bean with object name Ratis:service=RaftServer,group=group-78DEF98344CE,id=b64ecab1-a9a6-4a36-bfad-80c590b1cb6b
2020-12-11 14:19:37,440 [Listener at 127.0.0.1/43915] INFO  impl.RoleInfo (RoleInfo.java:shutdownLeaderState(104)) - b64ecab1-a9a6-4a36-bfad-80c590b1cb6b: shutdown b64ecab1-a9a6-4a36-bfad-80c590b1cb6b@group-78DEF98344CE-LeaderState
2020-12-11 14:19:37,440 [Listener at 127.0.0.1/43915] INFO  impl.PendingRequests (PendingRequests.java:sendNotLeaderResponses(250)) - b64ecab1-a9a6-4a36-bfad-80c590b1cb6b@group-78DEF98344CE-PendingRequests: sendNotLeaderResponses
2020-12-11 14:19:37,440 [ForkJoinPool.commonPool-worker-1] INFO  util.JmxRegister (JmxRegister.java:unregister(73)) - Successfully un-registered JMX Bean with object name Ratis:service=RaftServer,group=group-76EF7642F325,id=0a86f2cf-b4a5-462d-ae84-45f64b212dc7
2020-12-11 14:19:37,441 [ForkJoinPool.commonPool-worker-1] INFO  impl.RoleInfo (RoleInfo.java:shutdownLeaderState(104)) - 0a86f2cf-b4a5-462d-ae84-45f64b212dc7: shutdown 0a86f2cf-b4a5-462d-ae84-45f64b212dc7@group-76EF7642F325-LeaderState
2020-12-11 14:19:37,441 [ForkJoinPool.commonPool-worker-1] INFO  impl.PendingRequests (PendingRequests.java:sendNotLeaderResponses(250)) - 0a86f2cf-b4a5-462d-ae84-45f64b212dc7@group-76EF7642F325-PendingRequests: sendNotLeaderResponses
2020-12-11 14:19:37,445 [Listener at 127.0.0.1/43915] INFO  metrics.RatisMetrics (RatisMetrics.java:unregister(43)) - Unregistering Metrics Registry : ratis.log_appender.b64ecab1-a9a6-4a36-bfad-80c590b1cb6b@group-78DEF98344CE
2020-12-11 14:19:37,445 [Listener at 127.0.0.1/43915] INFO  metrics.RatisMetrics (RatisMetrics.java:unregister(43)) - Unregistering Metrics Registry : ratis.server.b64ecab1-a9a6-4a36-bfad-80c590b1cb6b@group-78DEF98344CE
2020-12-11 14:19:37,446 [ForkJoinPool.commonPool-worker-1] INFO  metrics.RatisMetrics (RatisMetrics.java:unregister(43)) - Unregistering Metrics Registry : ratis.log_appender.0a86f2cf-b4a5-462d-ae84-45f64b212dc7@group-76EF7642F325
2020-12-11 14:19:37,446 [ForkJoinPool.commonPool-worker-1] INFO  metrics.RatisMetrics (RatisMetrics.java:unregister(43)) - Unregistering Metrics Registry : ratis.server.0a86f2cf-b4a5-462d-ae84-45f64b212dc7@group-76EF7642F325
2020-12-11 14:19:37,447 [0a86f2cf-b4a5-462d-ae84-45f64b212dc7@group-76EF7642F325-StateMachineUpdater] INFO  ratis.ContainerStateMachine (ContainerStateMachine.java:takeSnapshot(293)) - group-76EF7642F325: Taking a snapshot at:(t:1, i:11) file /github/workspace/mnt/ozone/hadoop-ozone/integration-test/target/test-dir/MiniOzoneClusterImpl-f6ec90cd-9249-41c8-b5e0-41cfbed7d430/datanode-0/data/ratis/96b6b0f1-8248-420d-b4f9-76ef7642f325/sm/snapshot.1_11
2020-12-11 14:19:37,447 [ForkJoinPool.commonPool-worker-1] INFO  impl.StateMachineUpdater (StateMachineUpdater.java:stopAndJoin(147)) - 0a86f2cf-b4a5-462d-ae84-45f64b212dc7@group-76EF7642F325-StateMachineUpdater: set stopIndex = 11
2020-12-11 14:19:37,448 [b64ecab1-a9a6-4a36-bfad-80c590b1cb6b@group-78DEF98344CE-StateMachineUpdater] INFO  ratis.ContainerStateMachine (ContainerStateMachine.java:takeSnapshot(293)) - group-78DEF98344CE: Taking a snapshot at:(t:1, i:4) file /github/workspace/mnt/ozone/hadoop-ozone/integration-test/target/test-dir/MiniOzoneClusterImpl-f6ec90cd-9249-41c8-b5e0-41cfbed7d430/datanode-6/data/ratis/bcc70431-3b9a-4a35-9421-78def98344ce/sm/snapshot.1_4
2020-12-11 14:19:37,448 [0a86f2cf-b4a5-462d-ae84-45f64b212dc7@group-76EF7642F325-StateMachineUpdater] INFO  ratis.ContainerStateMachine (ContainerStateMachine.java:takeSnapshot(304)) - group-76EF7642F325: Finished taking a snapshot at:(t:1, i:11) file:/github/workspace/mnt/ozone/hadoop-ozone/integration-test/target/test-dir/MiniOzoneClusterImpl-f6ec90cd-9249-41c8-b5e0-41cfbed7d430/datanode-0/data/ratis/96b6b0f1-8248-420d-b4f9-76ef7642f325/sm/snapshot.1_11 time:2
2020-12-11 14:19:37,448 [0a86f2cf-b4a5-462d-ae84-45f64b212dc7@group-76EF7642F325-StateMachineUpdater] INFO  impl.StateMachineUpdater (StateMachineUpdater.java:takeSnapshot(278)) - 0a86f2cf-b4a5-462d-ae84-45f64b212dc7@group-76EF7642F325-StateMachineUpdater: Took a snapshot at index 11
2020-12-11 14:19:37,449 [0a86f2cf-b4a5-462d-ae84-45f64b212dc7@group-76EF7642F325-StateMachineUpdater] INFO  impl.StateMachineUpdater (StateMachineUpdater.java:lambda$new$0(87)) - 0a86f2cf-b4a5-462d-ae84-45f64b212dc7@group-76EF7642F325-StateMachineUpdater: snapshotIndex: updateIncreasingly -1 -> 11
2020-12-11 14:19:37,449 [Listener at 127.0.0.1/43915] INFO  impl.StateMachineUpdater (StateMachineUpdater.java:stopAndJoin(147)) - b64ecab1-a9a6-4a36-bfad-80c590b1cb6b@group-78DEF98344CE-StateMachineUpdater: set stopIndex = 4
2020-12-11 14:19:37,456 [b64ecab1-a9a6-4a36-bfad-80c590b1cb6b@group-78DEF98344CE-StateMachineUpdater] INFO  ratis.ContainerStateMachine (ContainerStateMachine.java:takeSnapshot(304)) - group-78DEF98344CE: Finished taking a snapshot at:(t:1, i:4) file:/github/workspace/mnt/ozone/hadoop-ozone/integration-test/target/test-dir/MiniOzoneClusterImpl-f6ec90cd-9249-41c8-b5e0-41cfbed7d430/datanode-6/data/ratis/bcc70431-3b9a-4a35-9421-78def98344ce/sm/snapshot.1_4 time:8
2020-12-11 14:19:37,456 [b64ecab1-a9a6-4a36-bfad-80c590b1cb6b@group-78DEF98344CE-StateMachineUpdater] INFO  impl.StateMachineUpdater (StateMachineUpdater.java:takeSnapshot(278)) - b64ecab1-a9a6-4a36-bfad-80c590b1cb6b@group-78DEF98344CE-StateMachineUpdater: Took a snapshot at index 4
2020-12-11 14:19:37,456 [b64ecab1-a9a6-4a36-bfad-80c590b1cb6b@group-78DEF98344CE-StateMachineUpdater] INFO  impl.StateMachineUpdater (StateMachineUpdater.java:lambda$new$0(87)) - b64ecab1-a9a6-4a36-bfad-80c590b1cb6b@group-78DEF98344CE-StateMachineUpdater: snapshotIndex: updateIncreasingly -1 -> 4
2020-12-11 14:19:37,456 [b64ecab1-a9a6-4a36-bfad-80c590b1cb6b@group-78DEF98344CE-StateMachineUpdater] INFO  metrics.RatisMetrics (RatisMetrics.java:unregister(43)) - Unregistering Metrics Registry : ratis.state_machine.b64ecab1-a9a6-4a36-bfad-80c590b1cb6b@group-78DEF98344CE
2020-12-11 14:19:37,456 [Listener at 127.0.0.1/43915] INFO  impl.RaftServerImpl (ServerState.java:close(406)) - b64ecab1-a9a6-4a36-bfad-80c590b1cb6b@group-78DEF98344CE: closes. applyIndex: 4
2020-12-11 14:19:37,457 [b64ecab1-a9a6-4a36-bfad-80c590b1cb6b@group-78DEF98344CE-SegmentedRaftLogWorker] INFO  segmented.SegmentedRaftLogWorker (SegmentedRaftLogWorker.java:run(329)) - b64ecab1-a9a6-4a36-bfad-80c590b1cb6b@group-78DEF98344CE-SegmentedRaftLogWorker was interrupted, exiting. There are 0 tasks remaining in the queue.
2020-12-11 14:19:37,457 [0a86f2cf-b4a5-462d-ae84-45f64b212dc7@group-76EF7642F325-StateMachineUpdater] INFO  metrics.RatisMetrics (RatisMetrics.java:unregister(43)) - Unregistering Metrics Registry : ratis.state_machine.0a86f2cf-b4a5-462d-ae84-45f64b212dc7@group-76EF7642F325
2020-12-11 14:19:37,457 [ForkJoinPool.commonPool-worker-1] INFO  impl.RaftServerImpl (ServerState.java:close(406)) - 0a86f2cf-b4a5-462d-ae84-45f64b212dc7@group-76EF7642F325: closes. applyIndex: 11
2020-12-11 14:19:37,457 [0a86f2cf-b4a5-462d-ae84-45f64b212dc7@group-76EF7642F325-SegmentedRaftLogWorker] INFO  segmented.SegmentedRaftLogWorker (SegmentedRaftLogWorker.java:run(329)) - 0a86f2cf-b4a5-462d-ae84-45f64b212dc7@group-76EF7642F325-SegmentedRaftLogWorker was interrupted, exiting. There are 0 tasks remaining in the queue.
2020-12-11 14:19:37,458 [ForkJoinPool.commonPool-worker-1] INFO  segmented.SegmentedRaftLogWorker (SegmentedRaftLogWorker.java:close(235)) - 0a86f2cf-b4a5-462d-ae84-45f64b212dc7@group-76EF7642F325-SegmentedRaftLogWorker close()
2020-12-11 14:19:37,458 [Listener at 127.0.0.1/43915] INFO  segmented.SegmentedRaftLogWorker (SegmentedRaftLogWorker.java:close(235)) - b64ecab1-a9a6-4a36-bfad-80c590b1cb6b@group-78DEF98344CE-SegmentedRaftLogWorker close()
2020-12-11 14:19:37,459 [ForkJoinPool.commonPool-worker-1] INFO  metrics.RatisMetrics (RatisMetrics.java:unregister(43)) - Unregistering Metrics Registry : ratis.log_worker.0a86f2cf-b4a5-462d-ae84-45f64b212dc7@group-76EF7642F325
2020-12-11 14:19:37,459 [ForkJoinPool.commonPool-worker-1] INFO  metrics.RatisMetrics (RatisMetrics.java:unregister(43)) - Unregistering Metrics Registry : ratis.leader_election.0a86f2cf-b4a5-462d-ae84-45f64b212dc7@group-76EF7642F325
2020-12-11 14:19:37,460 [ForkJoinPool.commonPool-worker-1] INFO  metrics.RatisMetrics (RatisMetrics.java:unregister(43)) - Unregistering Metrics Registry : ratis.server.0a86f2cf-b4a5-462d-ae84-45f64b212dc7@group-76EF7642F325
2020-12-11 14:19:37,460 [ForkJoinPool.commonPool-worker-1] INFO  impl.RaftServerImpl (RaftServerImpl.java:lambda$shutdown$3(328)) - 0a86f2cf-b4a5-462d-ae84-45f64b212dc7@group-84B6E63B3474: shutdown
2020-12-11 14:19:37,460 [ForkJoinPool.commonPool-worker-1] INFO  util.JmxRegister (JmxRegister.java:unregister(73)) - Successfully un-registered JMX Bean with object name Ratis:service=RaftServer,group=group-84B6E63B3474,id=0a86f2cf-b4a5-462d-ae84-45f64b212dc7
2020-12-11 14:19:37,460 [ForkJoinPool.commonPool-worker-1] INFO  impl.RoleInfo (RoleInfo.java:shutdownLeaderState(104)) - 0a86f2cf-b4a5-462d-ae84-45f64b212dc7: shutdown 0a86f2cf-b4a5-462d-ae84-45f64b212dc7@group-84B6E63B3474-LeaderState
2020-12-11 14:19:37,460 [ForkJoinPool.commonPool-worker-1] INFO  metrics.RatisMetrics (RatisMetrics.java:unregister(43)) - Unregistering Metrics Registry : ratis_grpc.log_appender.0a86f2cf-b4a5-462d-ae84-45f64b212dc7@group-84B6E63B3474
2020-12-11 14:19:37,460 [Listener at 127.0.0.1/43915] INFO  metrics.RatisMetrics (RatisMetrics.java:unregister(43)) - Unregistering Metrics Registry : ratis.log_worker.b64ecab1-a9a6-4a36-bfad-80c590b1cb6b@group-78DEF98344CE
2020-12-11 14:19:37,460 [Listener at 127.0.0.1/43915] INFO  metrics.RatisMetrics (RatisMetrics.java:unregister(43)) - Unregistering Metrics Registry : ratis.leader_election.b64ecab1-a9a6-4a36-bfad-80c590b1cb6b@group-78DEF98344CE
2020-12-11 14:19:37,460 [Listener at 127.0.0.1/43915] INFO  metrics.RatisMetrics (RatisMetrics.java:unregister(43)) - Unregistering Metrics Registry : ratis.server.b64ecab1-a9a6-4a36-bfad-80c590b1cb6b@group-78DEF98344CE
2020-12-11 14:19:37,460 [Listener at 127.0.0.1/43915] INFO  server.GrpcService (GrpcService.java:closeImpl(184)) - b64ecab1-a9a6-4a36-bfad-80c590b1cb6b: shutdown server with port 46429 now
2020-12-11 14:19:37,460 [ForkJoinPool.commonPool-worker-1] INFO  metrics.RatisMetrics (RatisMetrics.java:unregister(43)) - Unregistering Metrics Registry : ratis_grpc.log_appender.0a86f2cf-b4a5-462d-ae84-45f64b212dc7@group-84B6E63B3474
2020-12-11 14:19:37,460 [org.apache.ratis.server.impl.LogAppender$AppenderDaemon$$Lambda$477/805821573@40783d6a] WARN  server.GrpcLogAppender (GrpcLogAppender.java:mayWait(168)) - 0a86f2cf-b4a5-462d-ae84-45f64b212dc7@group-84B6E63B3474->1e19d63f-6462-4e22-a106-6f9be0aefcff-GrpcLogAppender: Wait interrupted by java.lang.InterruptedException
2020-12-11 14:19:37,461 [org.apache.ratis.server.impl.LogAppender$AppenderDaemon$$Lambda$477/805821573@a45813f] WARN  server.GrpcLogAppender (GrpcLogAppender.java:mayWait(168)) - 0a86f2cf-b4a5-462d-ae84-45f64b212dc7@group-84B6E63B3474->ee36c03c-d65c-4f9e-bb47-23af7307440e-GrpcLogAppender: Wait interrupted by java.lang.InterruptedException
2020-12-11 14:19:37,461 [ForkJoinPool.commonPool-worker-1] INFO  impl.PendingRequests (PendingRequests.java:sendNotLeaderResponses(250)) - 0a86f2cf-b4a5-462d-ae84-45f64b212dc7@group-84B6E63B3474-PendingRequests: sendNotLeaderResponses
2020-12-11 14:19:37,461 [ForkJoinPool.commonPool-worker-1] INFO  metrics.RatisMetrics (RatisMetrics.java:unregister(43)) - Unregistering Metrics Registry : ratis.log_appender.0a86f2cf-b4a5-462d-ae84-45f64b212dc7@group-84B6E63B3474
2020-12-11 14:19:37,461 [ForkJoinPool.commonPool-worker-1] INFO  metrics.RatisMetrics (RatisMetrics.java:unregister(43)) - Unregistering Metrics Registry : ratis.server.0a86f2cf-b4a5-462d-ae84-45f64b212dc7@group-84B6E63B3474
2020-12-11 14:19:37,462 [ForkJoinPool.commonPool-worker-1] INFO  impl.StateMachineUpdater (StateMachineUpdater.java:stopAndJoin(147)) - 0a86f2cf-b4a5-462d-ae84-45f64b212dc7@group-84B6E63B3474-StateMachineUpdater: set stopIndex = 0
2020-12-11 14:19:37,462 [0a86f2cf-b4a5-462d-ae84-45f64b212dc7@group-84B6E63B3474-StateMachineUpdater] INFO  ratis.ContainerStateMachine (ContainerStateMachine.java:takeSnapshot(293)) - group-84B6E63B3474: Taking a snapshot at:(t:1, i:0) file /github/workspace/mnt/ozone/hadoop-ozone/integration-test/target/test-dir/MiniOzoneClusterImpl-f6ec90cd-9249-41c8-b5e0-41cfbed7d430/datanode-0/data/ratis/be4694ae-0acc-47b7-856c-84b6e63b3474/sm/snapshot.1_0
2020-12-11 14:19:37,463 [Listener at 127.0.0.1/43915] INFO  server.GrpcService (GrpcService.java:closeImpl(193)) - b64ecab1-a9a6-4a36-bfad-80c590b1cb6b: shutdown server with port 46429 successfully
2020-12-11 14:19:37,463 [0a86f2cf-b4a5-462d-ae84-45f64b212dc7@group-84B6E63B3474-StateMachineUpdater] INFO  ratis.ContainerStateMachine (ContainerStateMachine.java:takeSnapshot(304)) - group-84B6E63B3474: Finished taking a snapshot at:(t:1, i:0) file:/github/workspace/mnt/ozone/hadoop-ozone/integration-test/target/test-dir/MiniOzoneClusterImpl-f6ec90cd-9249-41c8-b5e0-41cfbed7d430/datanode-0/data/ratis/be4694ae-0acc-47b7-856c-84b6e63b3474/sm/snapshot.1_0 time:2
2020-12-11 14:19:37,464 [0a86f2cf-b4a5-462d-ae84-45f64b212dc7@group-84B6E63B3474-StateMachineUpdater] INFO  impl.StateMachineUpdater (StateMachineUpdater.java:takeSnapshot(278)) - 0a86f2cf-b4a5-462d-ae84-45f64b212dc7@group-84B6E63B3474-StateMachineUpdater: Took a snapshot at index 0
2020-12-11 14:19:37,464 [0a86f2cf-b4a5-462d-ae84-45f64b212dc7@group-84B6E63B3474-StateMachineUpdater] INFO  impl.StateMachineUpdater (StateMachineUpdater.java:lambda$new$0(87)) - 0a86f2cf-b4a5-462d-ae84-45f64b212dc7@group-84B6E63B3474-StateMachineUpdater: snapshotIndex: updateIncreasingly -1 -> 0
2020-12-11 14:19:37,464 [0a86f2cf-b4a5-462d-ae84-45f64b212dc7@group-84B6E63B3474-StateMachineUpdater] INFO  metrics.RatisMetrics (RatisMetrics.java:unregister(43)) - Unregistering Metrics Registry : ratis.state_machine.0a86f2cf-b4a5-462d-ae84-45f64b212dc7@group-84B6E63B3474
2020-12-11 14:19:37,464 [ForkJoinPool.commonPool-worker-1] INFO  impl.RaftServerImpl (ServerState.java:close(406)) - 0a86f2cf-b4a5-462d-ae84-45f64b212dc7@group-84B6E63B3474: closes. applyIndex: 0
2020-12-11 14:19:37,464 [0a86f2cf-b4a5-462d-ae84-45f64b212dc7@group-84B6E63B3474-SegmentedRaftLogWorker] INFO  segmented.SegmentedRaftLogWorker (SegmentedRaftLogWorker.java:run(329)) - 0a86f2cf-b4a5-462d-ae84-45f64b212dc7@group-84B6E63B3474-SegmentedRaftLogWorker was interrupted, exiting. There are 0 tasks remaining in the queue.
2020-12-11 14:19:37,464 [ForkJoinPool.commonPool-worker-1] INFO  segmented.SegmentedRaftLogWorker (SegmentedRaftLogWorker.java:close(235)) - 0a86f2cf-b4a5-462d-ae84-45f64b212dc7@group-84B6E63B3474-SegmentedRaftLogWorker close()
2020-12-11 14:19:37,464 [ForkJoinPool.commonPool-worker-1] INFO  metrics.RatisMetrics (RatisMetrics.java:unregister(43)) - Unregistering Metrics Registry : ratis.log_worker.0a86f2cf-b4a5-462d-ae84-45f64b212dc7@group-84B6E63B3474
2020-12-11 14:19:37,464 [ForkJoinPool.commonPool-worker-1] INFO  metrics.RatisMetrics (RatisMetrics.java:unregister(43)) - Unregistering Metrics Registry : ratis.leader_election.0a86f2cf-b4a5-462d-ae84-45f64b212dc7@group-84B6E63B3474
2020-12-11 14:19:37,465 [ForkJoinPool.commonPool-worker-1] INFO  metrics.RatisMetrics (RatisMetrics.java:unregister(43)) - Unregistering Metrics Registry : ratis.server.0a86f2cf-b4a5-462d-ae84-45f64b212dc7@group-84B6E63B3474
2020-12-11 14:19:37,465 [ForkJoinPool.commonPool-worker-1] INFO  server.GrpcService (GrpcService.java:closeImpl(184)) - 0a86f2cf-b4a5-462d-ae84-45f64b212dc7: shutdown server with port 36529 now
2020-12-11 14:19:37,464 [Listener at 127.0.0.1/43915] INFO  utils.BackgroundService (BackgroundService.java:shutdown(132)) - Shutting down service BlockDeletingService
2020-12-11 14:19:37,467 [Listener at 127.0.0.1/43915] INFO  statemachine.DatanodeStateMachine (DatanodeStateMachine.java:stopDaemon(461)) - Ozone container server stopped.
2020-12-11 14:19:37,469 [ForkJoinPool.commonPool-worker-1] INFO  server.GrpcService (GrpcService.java:closeImpl(193)) - 0a86f2cf-b4a5-462d-ae84-45f64b212dc7: shutdown server with port 36529 successfully
2020-12-11 14:19:37,474 [ForkJoinPool.commonPool-worker-1] INFO  utils.BackgroundService (BackgroundService.java:shutdown(132)) - Shutting down service BlockDeletingService
2020-12-11 14:19:37,475 [ForkJoinPool.commonPool-worker-1] INFO  statemachine.DatanodeStateMachine (DatanodeStateMachine.java:stopDaemon(461)) - Ozone container server stopped.
2020-12-11 14:19:37,483 [Listener at 127.0.0.1/43915] INFO  handler.ContextHandler (ContextHandler.java:doStop(1154)) - Stopped o.e.j.w.WebAppContext@b853448{hddsDatanode,/,null,STOPPED}{jar:file:/home/user/.m2/repository/org/apache/hadoop/hadoop-hdds-container-service/1.1.0-SNAPSHOT/hadoop-hdds-container-service-1.1.0-SNAPSHOT.jar!/webapps/hddsDatanode}
2020-12-11 14:19:37,483 [Listener at 127.0.0.1/43915] INFO  server.AbstractConnector (AbstractConnector.java:doStop(381)) - Stopped ServerConnector@2ea026b2{HTTP/1.1, (http/1.1)}{0.0.0.0:0}
2020-12-11 14:19:37,483 [Listener at 127.0.0.1/43915] INFO  server.session (HouseKeeper.java:stopScavenging(149)) - node0 Stopped scavenging
2020-12-11 14:19:37,484 [Listener at 127.0.0.1/43915] INFO  handler.ContextHandler (ContextHandler.java:doStop(1154)) - Stopped o.e.j.s.ServletContextHandler@63c8d0d3{static,/static,jar:file:/home/user/.m2/repository/org/apache/hadoop/hadoop-hdds-container-service/1.1.0-SNAPSHOT/hadoop-hdds-container-service-1.1.0-SNAPSHOT.jar!/webapps/static,STOPPED}
2020-12-11 14:19:37,484 [Listener at 127.0.0.1/43915] INFO  handler.ContextHandler (ContextHandler.java:doStop(1154)) - Stopped o.e.j.s.ServletContextHandler@308bbe2b{logs,/logs,file:///github/workspace/mnt/ozone/hadoop-ozone/integration-test/target/log,STOPPED}
2020-12-11 14:19:37,486 [ForkJoinPool.commonPool-worker-1] INFO  handler.ContextHandler (ContextHandler.java:doStop(1154)) - Stopped o.e.j.w.WebAppContext@25cf60fd{hddsDatanode,/,null,STOPPED}{jar:file:/home/user/.m2/repository/org/apache/hadoop/hadoop-hdds-container-service/1.1.0-SNAPSHOT/hadoop-hdds-container-service-1.1.0-SNAPSHOT.jar!/webapps/hddsDatanode}
2020-12-11 14:19:37,487 [ForkJoinPool.commonPool-worker-1] INFO  server.AbstractConnector (AbstractConnector.java:doStop(381)) - Stopped ServerConnector@fabd030{HTTP/1.1, (http/1.1)}{0.0.0.0:0}
2020-12-11 14:19:37,487 [ForkJoinPool.commonPool-worker-1] INFO  server.session (HouseKeeper.java:stopScavenging(149)) - node0 Stopped scavenging
2020-12-11 14:19:37,488 [ForkJoinPool.commonPool-worker-1] INFO  handler.ContextHandler (ContextHandler.java:doStop(1154)) - Stopped o.e.j.s.ServletContextHandler@5ab6b11e{static,/static,jar:file:/home/user/.m2/repository/org/apache/hadoop/hadoop-hdds-container-service/1.1.0-SNAPSHOT/hadoop-hdds-container-service-1.1.0-SNAPSHOT.jar!/webapps/static,STOPPED}
2020-12-11 14:19:37,488 [ForkJoinPool.commonPool-worker-1] INFO  handler.ContextHandler (ContextHandler.java:doStop(1154)) - Stopped o.e.j.s.ServletContextHandler@6a589972{logs,/logs,file:///github/workspace/mnt/ozone/hadoop-ozone/integration-test/target/log,STOPPED}
2020-12-11 14:19:37,846 [Datanode State Machine Thread - 0] INFO  statemachine.DatanodeStateMachine (DatanodeStateMachine.java:lambda$startDaemon$0(408)) - Ozone container server started.
2020-12-11 14:19:39,599 [grpc-default-executor-5] WARN  server.GrpcLogAppender (LogUtils.java:warn(122)) - 6177e5e9-2a89-4341-baf8-bbec2955e7c9@group-EE85626A98D9->1f76fe74-9ac9-4278-b8d3-859f8312f824-AppendLogResponseHandler: Failed appendEntries: org.apache.ratis.thirdparty.io.grpc.StatusRuntimeException: UNAVAILABLE: io exception
2020-12-11 14:19:39,600 [grpc-default-executor-5] WARN  server.GrpcLogAppender (GrpcLogAppender.java:resetClient(107)) - 6177e5e9-2a89-4341-baf8-bbec2955e7c9@group-EE85626A98D9->1f76fe74-9ac9-4278-b8d3-859f8312f824-GrpcLogAppender: Leader has not got in touch with Follower 6177e5e9-2a89-4341-baf8-bbec2955e7c9@group-EE85626A98D9->1f76fe74-9ac9-4278-b8d3-859f8312f824(c0,m0,n1, attendVote=true, lastRpcSendTime=1, lastRpcResponseTime=12506) yet, just keep nextIndex unchanged and retry.
2020-12-11 14:19:39,608 [grpc-default-executor-5] WARN  server.GrpcLogAppender (LogUtils.java:warn(122)) - 6177e5e9-2a89-4341-baf8-bbec2955e7c9@group-EE85626A98D9->1ac8e757-626b-4b72-bb8b-00adfc4da993-AppendLogResponseHandler: Failed appendEntries: org.apache.ratis.thirdparty.io.grpc.StatusRuntimeException: UNAVAILABLE: io exception
2020-12-11 14:19:39,609 [grpc-default-executor-5] WARN  server.GrpcLogAppender (GrpcLogAppender.java:resetClient(107)) - 6177e5e9-2a89-4341-baf8-bbec2955e7c9@group-EE85626A98D9->1ac8e757-626b-4b72-bb8b-00adfc4da993-GrpcLogAppender: Leader has not got in touch with Follower 6177e5e9-2a89-4341-baf8-bbec2955e7c9@group-EE85626A98D9->1ac8e757-626b-4b72-bb8b-00adfc4da993(c0,m0,n1, attendVote=true, lastRpcSendTime=0, lastRpcResponseTime=7503) yet, just keep nextIndex unchanged and retry.
2020-12-11 14:19:40,357 [Thread-662] WARN  impl.RaftServerImpl (LeaderState.java:checkLeadership(905)) - 6177e5e9-2a89-4341-baf8-bbec2955e7c9@group-EE85626A98D9-LeaderState: Lost leadership on term: 1. Election timeout: 5200ms. In charge for: 20818ms. Conf: 0: [1f76fe74-9ac9-4278-b8d3-859f8312f824|rpc:172.17.0.2:37521|dataStream:, 1ac8e757-626b-4b72-bb8b-00adfc4da993|rpc:172.17.0.2:35785|dataStream:, 6177e5e9-2a89-4341-baf8-bbec2955e7c9|rpc:172.17.0.2:41133|dataStream:], old=null
2020-12-11 14:19:40,358 [Thread-662] WARN  impl.RaftServerImpl (LeaderState.java:lambda$checkLeadership$20(909)) - Follower 6177e5e9-2a89-4341-baf8-bbec2955e7c9@group-EE85626A98D9->1f76fe74-9ac9-4278-b8d3-859f8312f824(c0,m0,n1, attendVote=true, lastRpcSendTime=759, lastRpcResponseTime=13264)
2020-12-11 14:19:40,358 [Thread-662] WARN  impl.RaftServerImpl (LeaderState.java:lambda$checkLeadership$20(909)) - Follower 6177e5e9-2a89-4341-baf8-bbec2955e7c9@group-EE85626A98D9->1ac8e757-626b-4b72-bb8b-00adfc4da993(c0,m0,n1, attendVote=true, lastRpcSendTime=750, lastRpcResponseTime=8252)
2020-12-11 14:19:40,359 [Thread-662] INFO  impl.RaftServerImpl (RaftServerImpl.java:setRole(204)) - 6177e5e9-2a89-4341-baf8-bbec2955e7c9@group-EE85626A98D9: changes role from    LEADER to FOLLOWER at term 1 for StepDownReason:LOST_MAJORITY_HEARTBEATS
2020-12-11 14:19:40,359 [Thread-662] INFO  impl.RoleInfo (RoleInfo.java:shutdownLeaderState(104)) - 6177e5e9-2a89-4341-baf8-bbec2955e7c9: shutdown 6177e5e9-2a89-4341-baf8-bbec2955e7c9@group-EE85626A98D9-LeaderState
2020-12-11 14:19:40,359 [Thread-662] INFO  metrics.RatisMetrics (RatisMetrics.java:unregister(43)) - Unregistering Metrics Registry : ratis_grpc.log_appender.6177e5e9-2a89-4341-baf8-bbec2955e7c9@group-EE85626A98D9
2020-12-11 14:19:40,359 [Thread-662] INFO  metrics.RatisMetrics (RatisMetrics.java:unregister(43)) - Unregistering Metrics Registry : ratis_grpc.log_appender.6177e5e9-2a89-4341-baf8-bbec2955e7c9@group-EE85626A98D9
2020-12-11 14:19:40,359 [org.apache.ratis.server.impl.LogAppender$AppenderDaemon$$Lambda$477/805821573@763a75e9] WARN  server.GrpcLogAppender (GrpcLogAppender.java:mayWait(168)) - 6177e5e9-2a89-4341-baf8-bbec2955e7c9@group-EE85626A98D9->1f76fe74-9ac9-4278-b8d3-859f8312f824-GrpcLogAppender: Wait interrupted by java.lang.InterruptedException
2020-12-11 14:19:40,359 [Thread-662] INFO  impl.PendingRequests (PendingRequests.java:sendNotLeaderResponses(250)) - 6177e5e9-2a89-4341-baf8-bbec2955e7c9@group-EE85626A98D9-PendingRequests: sendNotLeaderResponses
2020-12-11 14:19:40,359 [Thread-662] INFO  metrics.RatisMetrics (RatisMetrics.java:unregister(43)) - Unregistering Metrics Registry : ratis.log_appender.6177e5e9-2a89-4341-baf8-bbec2955e7c9@group-EE85626A98D9
2020-12-11 14:19:40,359 [Thread-662] INFO  metrics.RatisMetrics (RatisMetrics.java:unregister(43)) - Unregistering Metrics Registry : ratis.server.6177e5e9-2a89-4341-baf8-bbec2955e7c9@group-EE85626A98D9
2020-12-11 14:19:40,360 [Thread-662] INFO  impl.RoleInfo (RoleInfo.java:updateAndGet(143)) - 6177e5e9-2a89-4341-baf8-bbec2955e7c9: start 6177e5e9-2a89-4341-baf8-bbec2955e7c9@group-EE85626A98D9-FollowerState
2020-12-11 14:19:40,360 [org.apache.ratis.server.impl.LogAppender$AppenderDaemon$$Lambda$477/805821573@1799e5cf] WARN  server.GrpcLogAppender (GrpcLogAppender.java:mayWait(168)) - 6177e5e9-2a89-4341-baf8-bbec2955e7c9@group-EE85626A98D9->1ac8e757-626b-4b72-bb8b-00adfc4da993-GrpcLogAppender: Wait interrupted by java.lang.InterruptedException
2020-12-11 14:19:42,485 [Listener at 127.0.0.1/43915] INFO  ozoneimpl.OzoneContainer (OzoneContainer.java:stop(257)) - Attempting to stop container services.
2020-12-11 14:19:42,486 [Listener at 127.0.0.1/43915] INFO  impl.RaftServerProxy (RaftServerProxy.java:lambda$close$4(338)) - 6177e5e9-2a89-4341-baf8-bbec2955e7c9: close
2020-12-11 14:19:42,486 [Listener at 127.0.0.1/43915] INFO  impl.RaftServerImpl (RaftServerImpl.java:lambda$shutdown$3(328)) - 6177e5e9-2a89-4341-baf8-bbec2955e7c9@group-EE85626A98D9: shutdown
2020-12-11 14:19:42,486 [Listener at 127.0.0.1/43915] INFO  util.JmxRegister (JmxRegister.java:unregister(73)) - Successfully un-registered JMX Bean with object name Ratis:service=RaftServer,group=group-EE85626A98D9,id=6177e5e9-2a89-4341-baf8-bbec2955e7c9
2020-12-11 14:19:42,486 [Listener at 127.0.0.1/43915] INFO  impl.RoleInfo (RoleInfo.java:shutdownFollowerState(121)) - 6177e5e9-2a89-4341-baf8-bbec2955e7c9: shutdown 6177e5e9-2a89-4341-baf8-bbec2955e7c9@group-EE85626A98D9-FollowerState
2020-12-11 14:19:42,487 [Listener at 127.0.0.1/43915] INFO  impl.StateMachineUpdater (StateMachineUpdater.java:stopAndJoin(147)) - 6177e5e9-2a89-4341-baf8-bbec2955e7c9@group-EE85626A98D9-StateMachineUpdater: set stopIndex = 0
2020-12-11 14:19:42,487 [Thread-744] INFO  impl.FollowerState (FollowerState.java:run(137)) - 6177e5e9-2a89-4341-baf8-bbec2955e7c9@group-EE85626A98D9-FollowerState was interrupted: {}
java.lang.InterruptedException: sleep interrupted
	at java.lang.Thread.sleep(Native Method)
	at org.apache.ratis.util.JavaUtils.sleep(JavaUtils.java:250)
	at org.apache.ratis.server.impl.FollowerState.run(FollowerState.java:116)
2020-12-11 14:19:42,487 [6177e5e9-2a89-4341-baf8-bbec2955e7c9@group-EE85626A98D9-StateMachineUpdater] INFO  ratis.ContainerStateMachine (ContainerStateMachine.java:takeSnapshot(293)) - group-EE85626A98D9: Taking a snapshot at:(t:1, i:0) file /github/workspace/mnt/ozone/hadoop-ozone/integration-test/target/test-dir/MiniOzoneClusterImpl-f6ec90cd-9249-41c8-b5e0-41cfbed7d430/datanode-5/data/ratis/f87edba7-5f67-403d-bf3a-ee85626a98d9/sm/snapshot.1_0
2020-12-11 14:19:42,488 [6177e5e9-2a89-4341-baf8-bbec2955e7c9@group-EE85626A98D9-StateMachineUpdater] INFO  ratis.ContainerStateMachine (ContainerStateMachine.java:takeSnapshot(304)) - group-EE85626A98D9: Finished taking a snapshot at:(t:1, i:0) file:/github/workspace/mnt/ozone/hadoop-ozone/integration-test/target/test-dir/MiniOzoneClusterImpl-f6ec90cd-9249-41c8-b5e0-41cfbed7d430/datanode-5/data/ratis/f87edba7-5f67-403d-bf3a-ee85626a98d9/sm/snapshot.1_0 time:1
2020-12-11 14:19:42,488 [6177e5e9-2a89-4341-baf8-bbec2955e7c9@group-EE85626A98D9-StateMachineUpdater] INFO  impl.StateMachineUpdater (StateMachineUpdater.java:takeSnapshot(278)) - 6177e5e9-2a89-4341-baf8-bbec2955e7c9@group-EE85626A98D9-StateMachineUpdater: Took a snapshot at index 0
2020-12-11 14:19:42,488 [6177e5e9-2a89-4341-baf8-bbec2955e7c9@group-EE85626A98D9-StateMachineUpdater] INFO  impl.StateMachineUpdater (StateMachineUpdater.java:lambda$new$0(87)) - 6177e5e9-2a89-4341-baf8-bbec2955e7c9@group-EE85626A98D9-StateMachineUpdater: snapshotIndex: updateIncreasingly -1 -> 0
2020-12-11 14:19:42,488 [6177e5e9-2a89-4341-baf8-bbec2955e7c9@group-EE85626A98D9-StateMachineUpdater] INFO  metrics.RatisMetrics (RatisMetrics.java:unregister(43)) - Unregistering Metrics Registry : ratis.state_machine.6177e5e9-2a89-4341-baf8-bbec2955e7c9@group-EE85626A98D9
2020-12-11 14:19:42,488 [Listener at 127.0.0.1/43915] INFO  impl.RaftServerImpl (ServerState.java:close(406)) - 6177e5e9-2a89-4341-baf8-bbec2955e7c9@group-EE85626A98D9: closes. applyIndex: 0
2020-12-11 14:19:42,489 [6177e5e9-2a89-4341-baf8-bbec2955e7c9@group-EE85626A98D9-SegmentedRaftLogWorker] INFO  segmented.SegmentedRaftLogWorker (SegmentedRaftLogWorker.java:run(329)) - 6177e5e9-2a89-4341-baf8-bbec2955e7c9@group-EE85626A98D9-SegmentedRaftLogWorker was interrupted, exiting. There are 0 tasks remaining in the queue.
2020-12-11 14:19:42,489 [Listener at 127.0.0.1/43915] INFO  segmented.SegmentedRaftLogWorker (SegmentedRaftLogWorker.java:close(235)) - 6177e5e9-2a89-4341-baf8-bbec2955e7c9@group-EE85626A98D9-SegmentedRaftLogWorker close()
2020-12-11 14:19:42,489 [Listener at 127.0.0.1/43915] INFO  metrics.RatisMetrics (RatisMetrics.java:unregister(43)) - Unregistering Metrics Registry : ratis.log_worker.6177e5e9-2a89-4341-baf8-bbec2955e7c9@group-EE85626A98D9
2020-12-11 14:19:42,489 [Listener at 127.0.0.1/43915] INFO  metrics.RatisMetrics (RatisMetrics.java:unregister(43)) - Unregistering Metrics Registry : ratis.leader_election.6177e5e9-2a89-4341-baf8-bbec2955e7c9@group-EE85626A98D9
2020-12-11 14:19:42,489 [Listener at 127.0.0.1/43915] INFO  metrics.RatisMetrics (RatisMetrics.java:unregister(43)) - Unregistering Metrics Registry : ratis.server.6177e5e9-2a89-4341-baf8-bbec2955e7c9@group-EE85626A98D9
2020-12-11 14:19:42,489 [Listener at 127.0.0.1/43915] INFO  impl.RaftServerImpl (RaftServerImpl.java:lambda$shutdown$3(328)) - 6177e5e9-2a89-4341-baf8-bbec2955e7c9@group-FD00C5A5A8FC: shutdown
2020-12-11 14:19:42,489 [Listener at 127.0.0.1/43915] INFO  util.JmxRegister (JmxRegister.java:unregister(73)) - Successfully un-registered JMX Bean with object name Ratis:service=RaftServer,group=group-FD00C5A5A8FC,id=6177e5e9-2a89-4341-baf8-bbec2955e7c9
2020-12-11 14:19:42,490 [Listener at 127.0.0.1/43915] INFO  impl.RoleInfo (RoleInfo.java:shutdownLeaderState(104)) - 6177e5e9-2a89-4341-baf8-bbec2955e7c9: shutdown 6177e5e9-2a89-4341-baf8-bbec2955e7c9@group-FD00C5A5A8FC-LeaderState
2020-12-11 14:19:42,490 [Listener at 127.0.0.1/43915] INFO  impl.PendingRequests (PendingRequests.java:sendNotLeaderResponses(250)) - 6177e5e9-2a89-4341-baf8-bbec2955e7c9@group-FD00C5A5A8FC-PendingRequests: sendNotLeaderResponses
2020-12-11 14:19:42,490 [Listener at 127.0.0.1/43915] INFO  metrics.RatisMetrics (RatisMetrics.java:unregister(43)) - Unregistering Metrics Registry : ratis.log_appender.6177e5e9-2a89-4341-baf8-bbec2955e7c9@group-FD00C5A5A8FC
2020-12-11 14:19:42,490 [Listener at 127.0.0.1/43915] INFO  metrics.RatisMetrics (RatisMetrics.java:unregister(43)) - Unregistering Metrics Registry : ratis.server.6177e5e9-2a89-4341-baf8-bbec2955e7c9@group-FD00C5A5A8FC
2020-12-11 14:19:42,490 [Listener at 127.0.0.1/43915] INFO  impl.StateMachineUpdater (StateMachineUpdater.java:stopAndJoin(147)) - 6177e5e9-2a89-4341-baf8-bbec2955e7c9@group-FD00C5A5A8FC-StateMachineUpdater: set stopIndex = 0
2020-12-11 14:19:42,490 [6177e5e9-2a89-4341-baf8-bbec2955e7c9@group-FD00C5A5A8FC-StateMachineUpdater] INFO  ratis.ContainerStateMachine (ContainerStateMachine.java:takeSnapshot(293)) - group-FD00C5A5A8FC: Taking a snapshot at:(t:1, i:0) file /github/workspace/mnt/ozone/hadoop-ozone/integration-test/target/test-dir/MiniOzoneClusterImpl-f6ec90cd-9249-41c8-b5e0-41cfbed7d430/datanode-5/data/ratis/263adf68-9de9-4688-9565-fd00c5a5a8fc/sm/snapshot.1_0
2020-12-11 14:19:42,491 [6177e5e9-2a89-4341-baf8-bbec2955e7c9@group-FD00C5A5A8FC-StateMachineUpdater] INFO  ratis.ContainerStateMachine (ContainerStateMachine.java:takeSnapshot(304)) - group-FD00C5A5A8FC: Finished taking a snapshot at:(t:1, i:0) file:/github/workspace/mnt/ozone/hadoop-ozone/integration-test/target/test-dir/MiniOzoneClusterImpl-f6ec90cd-9249-41c8-b5e0-41cfbed7d430/datanode-5/data/ratis/263adf68-9de9-4688-9565-fd00c5a5a8fc/sm/snapshot.1_0 time:0
2020-12-11 14:19:42,491 [6177e5e9-2a89-4341-baf8-bbec2955e7c9@group-FD00C5A5A8FC-StateMachineUpdater] INFO  impl.StateMachineUpdater (StateMachineUpdater.java:takeSnapshot(278)) - 6177e5e9-2a89-4341-baf8-bbec2955e7c9@group-FD00C5A5A8FC-StateMachineUpdater: Took a snapshot at index 0
2020-12-11 14:19:42,491 [6177e5e9-2a89-4341-baf8-bbec2955e7c9@group-FD00C5A5A8FC-StateMachineUpdater] INFO  impl.StateMachineUpdater (StateMachineUpdater.java:lambda$new$0(87)) - 6177e5e9-2a89-4341-baf8-bbec2955e7c9@group-FD00C5A5A8FC-StateMachineUpdater: snapshotIndex: updateIncreasingly -1 -> 0
2020-12-11 14:19:42,491 [6177e5e9-2a89-4341-baf8-bbec2955e7c9@group-FD00C5A5A8FC-StateMachineUpdater] INFO  metrics.RatisMetrics (RatisMetrics.java:unregister(43)) - Unregistering Metrics Registry : ratis.state_machine.6177e5e9-2a89-4341-baf8-bbec2955e7c9@group-FD00C5A5A8FC
2020-12-11 14:19:42,492 [Listener at 127.0.0.1/43915] INFO  impl.RaftServerImpl (ServerState.java:close(406)) - 6177e5e9-2a89-4341-baf8-bbec2955e7c9@group-FD00C5A5A8FC: closes. applyIndex: 0
2020-12-11 14:19:42,492 [6177e5e9-2a89-4341-baf8-bbec2955e7c9@group-FD00C5A5A8FC-SegmentedRaftLogWorker] INFO  segmented.SegmentedRaftLogWorker (SegmentedRaftLogWorker.java:run(329)) - 6177e5e9-2a89-4341-baf8-bbec2955e7c9@group-FD00C5A5A8FC-SegmentedRaftLogWorker was interrupted, exiting. There are 0 tasks remaining in the queue.
2020-12-11 14:19:42,492 [Listener at 127.0.0.1/43915] INFO  segmented.SegmentedRaftLogWorker (SegmentedRaftLogWorker.java:close(235)) - 6177e5e9-2a89-4341-baf8-bbec2955e7c9@group-FD00C5A5A8FC-SegmentedRaftLogWorker close()
2020-12-11 14:19:42,492 [Listener at 127.0.0.1/43915] INFO  metrics.RatisMetrics (RatisMetrics.java:unregister(43)) - Unregistering Metrics Registry : ratis.log_worker.6177e5e9-2a89-4341-baf8-bbec2955e7c9@group-FD00C5A5A8FC
2020-12-11 14:19:42,492 [Listener at 127.0.0.1/43915] INFO  metrics.RatisMetrics (RatisMetrics.java:unregister(43)) - Unregistering Metrics Registry : ratis.leader_election.6177e5e9-2a89-4341-baf8-bbec2955e7c9@group-FD00C5A5A8FC
2020-12-11 14:19:42,492 [Listener at 127.0.0.1/43915] INFO  metrics.RatisMetrics (RatisMetrics.java:unregister(43)) - Unregistering Metrics Registry : ratis.server.6177e5e9-2a89-4341-baf8-bbec2955e7c9@group-FD00C5A5A8FC
2020-12-11 14:19:42,492 [Listener at 127.0.0.1/43915] INFO  server.GrpcService (GrpcService.java:closeImpl(184)) - 6177e5e9-2a89-4341-baf8-bbec2955e7c9: shutdown server with port 41133 now
2020-12-11 14:19:42,493 [Listener at 127.0.0.1/43915] INFO  server.GrpcService (GrpcService.java:closeImpl(193)) - 6177e5e9-2a89-4341-baf8-bbec2955e7c9: shutdown server with port 41133 successfully
2020-12-11 14:19:42,494 [Listener at 127.0.0.1/43915] INFO  utils.BackgroundService (BackgroundService.java:shutdown(132)) - Shutting down service BlockDeletingService
2020-12-11 14:19:42,495 [Listener at 127.0.0.1/43915] INFO  statemachine.DatanodeStateMachine (DatanodeStateMachine.java:stopDaemon(461)) - Ozone container server stopped.
2020-12-11 14:19:42,503 [Listener at 127.0.0.1/43915] INFO  handler.ContextHandler (ContextHandler.java:doStop(1154)) - Stopped o.e.j.w.WebAppContext@50926453{hddsDatanode,/,null,STOPPED}{jar:file:/home/user/.m2/repository/org/apache/hadoop/hadoop-hdds-container-service/1.1.0-SNAPSHOT/hadoop-hdds-container-service-1.1.0-SNAPSHOT.jar!/webapps/hddsDatanode}
2020-12-11 14:19:42,504 [Listener at 127.0.0.1/43915] INFO  server.AbstractConnector (AbstractConnector.java:doStop(381)) - Stopped ServerConnector@6ad4d09f{HTTP/1.1, (http/1.1)}{0.0.0.0:0}
2020-12-11 14:19:42,504 [Listener at 127.0.0.1/43915] INFO  server.session (HouseKeeper.java:stopScavenging(149)) - node0 Stopped scavenging
2020-12-11 14:19:42,504 [Listener at 127.0.0.1/43915] INFO  handler.ContextHandler (ContextHandler.java:doStop(1154)) - Stopped o.e.j.s.ServletContextHandler@582edde7{static,/static,jar:file:/home/user/.m2/repository/org/apache/hadoop/hadoop-hdds-container-service/1.1.0-SNAPSHOT/hadoop-hdds-container-service-1.1.0-SNAPSHOT.jar!/webapps/static,STOPPED}
2020-12-11 14:19:42,504 [Listener at 127.0.0.1/43915] INFO  handler.ContextHandler (ContextHandler.java:doStop(1154)) - Stopped o.e.j.s.ServletContextHandler@499df3e6{logs,/logs,file:///github/workspace/mnt/ozone/hadoop-ozone/integration-test/target/log,STOPPED}
2020-12-11 14:19:42,505 [Listener at 127.0.0.1/43915] INFO  ozone.MiniOzoneClusterImpl (MiniOzoneClusterImpl.java:stopSCM(477)) - Stopping the StorageContainerManager
2020-12-11 14:19:42,505 [Listener at 127.0.0.1/43915] INFO  server.StorageContainerManager (StorageContainerManager.java:stop(832)) - Stopping Replication Manager Service.
2020-12-11 14:19:42,505 [Listener at 127.0.0.1/43915] INFO  container.ReplicationManager (ReplicationManager.java:stop(227)) - Stopping Replication Monitor Thread.
2020-12-11 14:19:42,506 [Listener at 127.0.0.1/43915] INFO  server.StorageContainerManager (StorageContainerManager.java:stop(839)) - Stopping the Datanode Admin Monitor.
2020-12-11 14:19:42,506 [Listener at 127.0.0.1/43915] INFO  server.StorageContainerManager (StorageContainerManager.java:stop(846)) - Stopping Lease Manager of the command watchers
2020-12-11 14:19:42,506 [Listener at 127.0.0.1/43915] INFO  server.StorageContainerManager (StorageContainerManager.java:stop(853)) - Stopping datanode service RPC server
2020-12-11 14:19:42,506 [Listener at 127.0.0.1/43915] INFO  server.SCMDatanodeProtocolServer (SCMDatanodeProtocolServer.java:stop(369)) - Stopping the RPC server for DataNodes
2020-12-11 14:19:42,506 [Listener at 127.0.0.1/43915] INFO  ipc.Server (Server.java:stop(3359)) - Stopping server on 45833
2020-12-11 14:19:42,508 [IPC Server Responder] INFO  ipc.Server (Server.java:run(1465)) - Stopping IPC Server Responder
2020-12-11 14:19:42,508 [IPC Server listener on 0] INFO  ipc.Server (Server.java:run(1330)) - Stopping IPC Server listener on 0
2020-12-11 14:19:42,522 [SCM Heartbeat Processing Thread - 0] WARN  node.NodeStateManager (NodeStateManager.java:scheduleNextHealthCheck(688)) - Current Thread is interrupted, shutting down HB processing thread for Node Manager.
2020-12-11 14:19:42,522 [Listener at 127.0.0.1/43915] INFO  server.StorageContainerManager (StorageContainerManager.java:stop(861)) - Stopping block service RPC server
2020-12-11 14:19:42,522 [Listener at 127.0.0.1/43915] INFO  server.SCMBlockProtocolServer (SCMBlockProtocolServer.java:stop(159)) - Stopping the RPC server for Block Protocol
2020-12-11 14:19:42,523 [Listener at 127.0.0.1/43915] INFO  ipc.Server (Server.java:stop(3359)) - Stopping server on 40025
2020-12-11 14:19:42,524 [IPC Server listener on 0] INFO  ipc.Server (Server.java:run(1330)) - Stopping IPC Server listener on 0
2020-12-11 14:19:42,525 [IPC Server Responder] INFO  ipc.Server (Server.java:run(1465)) - Stopping IPC Server Responder
2020-12-11 14:19:42,525 [Listener at 127.0.0.1/43915] INFO  server.StorageContainerManager (StorageContainerManager.java:stop(868)) - Stopping the StorageContainerLocationProtocol RPC server
2020-12-11 14:19:42,525 [Listener at 127.0.0.1/43915] INFO  server.SCMClientProtocolServer (SCMClientProtocolServer.java:stop(168)) - Stopping the RPC server for Client Protocol
2020-12-11 14:19:42,525 [Listener at 127.0.0.1/43915] INFO  ipc.Server (Server.java:stop(3359)) - Stopping server on 33655
2020-12-11 14:19:42,525 [IPC Server listener on 0] INFO  ipc.Server (Server.java:run(1330)) - Stopping IPC Server listener on 0
2020-12-11 14:19:42,527 [IPC Server Responder] INFO  ipc.Server (Server.java:run(1465)) - Stopping IPC Server Responder
2020-12-11 14:19:42,527 [Listener at 127.0.0.1/43915] INFO  server.StorageContainerManager (StorageContainerManager.java:stop(875)) - Stopping Storage Container Manager HTTP server.
2020-12-11 14:19:42,527 [Listener at 127.0.0.1/43915] INFO  handler.ContextHandler (ContextHandler.java:doStop(1154)) - Stopped o.e.j.w.WebAppContext@69962e72{scm,/,null,STOPPED}{file:/github/workspace/mnt/ozone/hadoop-ozone/integration-test/target/test-classes/webapps/scm}
2020-12-11 14:19:42,528 [Listener at 127.0.0.1/43915] INFO  server.AbstractConnector (AbstractConnector.java:doStop(381)) - Stopped ServerConnector@74c25346{HTTP/1.1, (http/1.1)}{0.0.0.0:0}
2020-12-11 14:19:42,528 [Listener at 127.0.0.1/43915] INFO  server.session (HouseKeeper.java:stopScavenging(149)) - node0 Stopped scavenging
2020-12-11 14:19:42,528 [Listener at 127.0.0.1/43915] INFO  handler.ContextHandler (ContextHandler.java:doStop(1154)) - Stopped o.e.j.s.ServletContextHandler@305662a3{static,/static,file:///github/workspace/mnt/ozone/hadoop-ozone/integration-test/target/test-classes/webapps/static,STOPPED}
2020-12-11 14:19:42,529 [Listener at 127.0.0.1/43915] INFO  handler.ContextHandler (ContextHandler.java:doStop(1154)) - Stopped o.e.j.s.ServletContextHandler@f3320b{logs,/logs,file:///github/workspace/mnt/ozone/hadoop-ozone/integration-test/target/log,STOPPED}
2020-12-11 14:19:42,529 [Listener at 127.0.0.1/43915] INFO  server.StorageContainerManager (StorageContainerManager.java:stop(886)) - Stopping Block Manager Service.
2020-12-11 14:19:42,529 [Listener at 127.0.0.1/43915] INFO  utils.BackgroundService (BackgroundService.java:shutdown(132)) - Shutting down service SCMBlockDeletingService
2020-12-11 14:19:42,529 [Listener at 127.0.0.1/43915] INFO  utils.BackgroundService (BackgroundService.java:shutdown(132)) - Shutting down service SCMBlockDeletingService
2020-12-11 14:19:42,530 [Listener at 127.0.0.1/43915] INFO  server.StorageContainerManager (StorageContainerManager.java:stop(911)) - Stopping SCM Event Queue.
2020-12-11 14:19:42,532 [Listener at 127.0.0.1/43915] INFO  impl.MetricsSystemImpl (MetricsSystemImpl.java:stop(210)) - Stopping HddsDatanode metrics system...
2020-12-11 14:19:42,540 [Listener at 127.0.0.1/43915] INFO  impl.MetricsSystemImpl (MetricsSystemImpl.java:stop(216)) - HddsDatanode metrics system stopped.
]]></system-out>
  </testcase>
</testsuite>