<?xml version="1.0" encoding="UTF-8"?>
<testsuite xmlns:xsi="http://www.w3.org/2001/XMLSchema-instance" xsi:noNamespaceSchemaLocation="https://maven.apache.org/surefire/maven-surefire-plugin/xsd/surefire-test-report.xsd" name="org.apache.hadoop.ozone.om.TestOzoneManagerHAWithData" time="420.643" tests="7" errors="1" skipped="1" failures="0">
  <properties>
    <property name="awt.toolkit" value="sun.awt.X11.XToolkit"/>
    <property name="file.encoding.pkg" value="sun.io"/>
    <property name="java.specification.version" value="1.8"/>
    <property name="sun.cpu.isalist" value=""/>
    <property name="sun.jnu.encoding" value="UTF-8"/>
    <property name="java.class.path" value="/home/runner/work/ozone/ozone/hadoop-ozone/integration-test/target/test-classes:/home/runner/work/ozone/ozone/hadoop-ozone/integration-test/target/classes:/home/runner/.m2/repository/org/apache/ozone/ozone-common/1.2.0-SNAPSHOT/ozone-common-1.2.0-SNAPSHOT.jar:/home/runner/.m2/repository/org/apache/commons/commons-compress/1.20/commons-compress-1.20.jar:/home/runner/.m2/repository/org/apache/ozone/hdds-common/1.2.0-SNAPSHOT/hdds-common-1.2.0-SNAPSHOT.jar:/home/runner/.m2/repository/org/apache/ozone/hdds-client/1.2.0-SNAPSHOT/hdds-client-1.2.0-SNAPSHOT.jar:/home/runner/.m2/repository/org/apache/ozone/ozone-interface-client/1.2.0-SNAPSHOT/ozone-interface-client-1.2.0-SNAPSHOT.jar:/home/runner/.m2/repository/org/apache/ozone/hdds-server-framework/1.2.0-SNAPSHOT/hdds-server-framework-1.2.0-SNAPSHOT.jar:/home/runner/.m2/repository/org/apache/ozone/hdds-interface-server/1.2.0-SNAPSHOT/hdds-interface-server-1.2.0-SNAPSHOT.jar:/home/runner/.m2/repository/org/eclipse/jetty/jetty-servlet/9.4.43.v20210629/jetty-servlet-9.4.43.v20210629.jar:/home/runner/.m2/repository/org/eclipse/jetty/jetty-security/9.4.43.v20210629/jetty-security-9.4.43.v20210629.jar:/home/runner/.m2/repository/org/rocksdb/rocksdbjni/6.20.3/rocksdbjni-6.20.3.jar:/home/runner/.m2/repository/io/prometheus/simpleclient_dropwizard/0.7.0/simpleclient_dropwizard-0.7.0.jar:/home/runner/.m2/repository/io/prometheus/simpleclient/0.7.0/simpleclient-0.7.0.jar:/home/runner/.m2/repository/io/prometheus/simpleclient_common/0.7.0/simpleclient_common-0.7.0.jar:/home/runner/.m2/repository/com/fasterxml/jackson/datatype/jackson-datatype-jsr310/2.12.1/jackson-datatype-jsr310-2.12.1.jar:/home/runner/.m2/repository/org/apache/ozone/hdds-test-utils/1.2.0-SNAPSHOT/hdds-test-utils-1.2.0-SNAPSHOT.jar:/home/runner/.m2/repository/com/google/guava/guava/30.1.1-jre/guava-30.1.1-jre.jar:/home/runner/.m2/repository/com/google/guava/failureaccess/1.0.1/failureaccess-1.0.1.jar:/home/runner/.m2/repository/com/google/guava/listenablefuture/9999.0-empty-to-avoid-conflict-with-guava/listenablefuture-9999.0-empty-to-avoid-conflict-with-guava.jar:/home/runner/.m2/repository/com/google/code/findbugs/jsr305/3.0.0/jsr305-3.0.0.jar:/home/runner/.m2/repository/org/checkerframework/checker-qual/3.8.0/checker-qual-3.8.0.jar:/home/runner/.m2/repository/com/google/errorprone/error_prone_annotations/2.2.0/error_prone_annotations-2.2.0.jar:/home/runner/.m2/repository/com/google/j2objc/j2objc-annotations/1.3/j2objc-annotations-1.3.jar:/home/runner/.m2/repository/commons-io/commons-io/2.11.0/commons-io-2.11.0.jar:/home/runner/.m2/repository/commons-logging/commons-logging/1.2/commons-logging-1.2.jar:/home/runner/.m2/repository/log4j/log4j/1.2.17/log4j-1.2.17.jar:/home/runner/.m2/repository/org/slf4j/slf4j-api/1.7.30/slf4j-api-1.7.30.jar:/home/runner/.m2/repository/org/apache/ozone/hdds-server-scm/1.2.0-SNAPSHOT/hdds-server-scm-1.2.0-SNAPSHOT.jar:/home/runner/.m2/repository/org/apache/ozone/hdds-container-service/1.2.0-SNAPSHOT/hdds-container-service-1.2.0-SNAPSHOT.jar:/home/runner/.m2/repository/org/apache/ozone/hdds-hadoop-dependency-server/1.2.0-SNAPSHOT/hdds-hadoop-dependency-server-1.2.0-SNAPSHOT.jar:/home/runner/.m2/repository/org/apache/hadoop/hadoop-hdfs/3.3.1/hadoop-hdfs-3.3.1.jar:/home/runner/.m2/repository/io/dropwizard/metrics/metrics-core/3.2.4/metrics-core-3.2.4.jar:/home/runner/.m2/repository/org/apache/hadoop/hadoop-hdfs-client/3.3.1/hadoop-hdfs-client-3.3.1.jar:/home/runner/.m2/repository/org/bouncycastle/bcprov-jdk15on/1.67/bcprov-jdk15on-1.67.jar:/home/runner/.m2/repository/com/google/protobuf/protobuf-java/2.5.0/protobuf-java-2.5.0.jar:/home/runner/.m2/repository/org/apache/ozone/ozone-manager/1.2.0-SNAPSHOT/ozone-manager-1.2.0-SNAPSHOT.jar:/home/runner/.m2/repository/org/aspectj/aspectjrt/1.9.7/aspectjrt-1.9.7.jar:/home/runner/.m2/repository/org/aspectj/aspectjweaver/1.9.7/aspectjweaver-1.9.7.jar:/home/runner/.m2/repository/org/apache/ozone/hdds-interface-client/1.2.0-SNAPSHOT/hdds-interface-client-1.2.0-SNAPSHOT.jar:/home/runner/.m2/repository/org/apache/hadoop/thirdparty/hadoop-shaded-protobuf_3_7/1.1.1/hadoop-shaded-protobuf_3_7-1.1.1.jar:/home/runner/.m2/repository/org/apache/ozone/ozone-interface-storage/1.2.0-SNAPSHOT/ozone-interface-storage-1.2.0-SNAPSHOT.jar:/home/runner/.m2/repository/org/reflections/reflections/0.9.11/reflections-0.9.11.jar:/home/runner/.m2/repository/org/apache/hadoop/hadoop-minikdc/3.3.1/hadoop-minikdc-3.3.1.jar:/home/runner/.m2/repository/org/apache/kerby/kerb-simplekdc/1.0.1/kerb-simplekdc-1.0.1.jar:/home/runner/.m2/repository/org/apache/kerby/kerb-client/1.0.1/kerb-client-1.0.1.jar:/home/runner/.m2/repository/org/apache/kerby/kerby-config/1.0.1/kerby-config-1.0.1.jar:/home/runner/.m2/repository/org/apache/kerby/kerb-common/1.0.1/kerb-common-1.0.1.jar:/home/runner/.m2/repository/org/apache/kerby/kerb-crypto/1.0.1/kerb-crypto-1.0.1.jar:/home/runner/.m2/repository/org/apache/kerby/kerb-util/1.0.1/kerb-util-1.0.1.jar:/home/runner/.m2/repository/org/apache/kerby/token-provider/1.0.1/token-provider-1.0.1.jar:/home/runner/.m2/repository/org/apache/kerby/kerb-admin/1.0.1/kerb-admin-1.0.1.jar:/home/runner/.m2/repository/org/apache/kerby/kerb-server/1.0.1/kerb-server-1.0.1.jar:/home/runner/.m2/repository/org/apache/kerby/kerb-identity/1.0.1/kerb-identity-1.0.1.jar:/home/runner/.m2/repository/org/apache/kerby/kerby-xdr/1.0.1/kerby-xdr-1.0.1.jar:/home/runner/.m2/repository/org/slf4j/slf4j-log4j12/1.7.30/slf4j-log4j12-1.7.30.jar:/home/runner/.m2/repository/org/apache/ozone/ozone-s3gateway/1.2.0-SNAPSHOT/ozone-s3gateway-1.2.0-SNAPSHOT.jar:/home/runner/.m2/repository/org/javassist/javassist/3.21.0-GA/javassist-3.21.0-GA.jar:/home/runner/.m2/repository/org/jboss/weld/servlet/weld-servlet/2.4.7.Final/weld-servlet-2.4.7.Final.jar:/home/runner/.m2/repository/org/glassfish/jersey/containers/jersey-container-servlet-core/2.33/jersey-container-servlet-core-2.33.jar:/home/runner/.m2/repository/org/glassfish/hk2/external/jakarta.inject/2.6.1/jakarta.inject-2.6.1.jar:/home/runner/.m2/repository/org/glassfish/jersey/core/jersey-common/2.33/jersey-common-2.33.jar:/home/runner/.m2/repository/jakarta/ws/rs/jakarta.ws.rs-api/2.1.6/jakarta.ws.rs-api-2.1.6.jar:/home/runner/.m2/repository/org/glassfish/jersey/ext/cdi/jersey-cdi1x/2.33/jersey-cdi1x-2.33.jar:/home/runner/.m2/repository/org/glassfish/jersey/inject/jersey-hk2/2.33/jersey-hk2-2.33.jar:/home/runner/.m2/repository/org/glassfish/hk2/hk2-locator/2.6.1/hk2-locator-2.6.1.jar:/home/runner/.m2/repository/org/glassfish/jersey/media/jersey-media-jaxb/2.33/jersey-media-jaxb-2.33.jar:/home/runner/.m2/repository/org/glassfish/hk2/osgi-resource-locator/1.0.3/osgi-resource-locator-1.0.3.jar:/home/runner/.m2/repository/org/glassfish/hk2/hk2-api/2.5.0/hk2-api-2.5.0.jar:/home/runner/.m2/repository/org/glassfish/hk2/hk2-utils/2.5.0/hk2-utils-2.5.0.jar:/home/runner/.m2/repository/org/glassfish/hk2/external/aopalliance-repackaged/2.5.0/aopalliance-repackaged-2.5.0.jar:/home/runner/.m2/repository/com/fasterxml/jackson/dataformat/jackson-dataformat-xml/2.12.1/jackson-dataformat-xml-2.12.1.jar:/home/runner/.m2/repository/com/fasterxml/jackson/core/jackson-core/2.12.1/jackson-core-2.12.1.jar:/home/runner/.m2/repository/com/fasterxml/jackson/module/jackson-module-jaxb-annotations/2.12.1/jackson-module-jaxb-annotations-2.12.1.jar:/home/runner/.m2/repository/jakarta/xml/bind/jakarta.xml.bind-api/2.3.2/jakarta.xml.bind-api-2.3.2.jar:/home/runner/.m2/repository/org/codehaus/woodstox/stax2-api/3.1.4/stax2-api-3.1.4.jar:/home/runner/.m2/repository/com/fasterxml/woodstox/woodstox-core/5.0.3/woodstox-core-5.0.3.jar:/home/runner/.m2/repository/javax/enterprise/cdi-api/1.2/cdi-api-1.2.jar:/home/runner/.m2/repository/javax/el/javax.el-api/3.0.0/javax.el-api-3.0.0.jar:/home/runner/.m2/repository/javax/interceptor/javax.interceptor-api/1.2/javax.interceptor-api-1.2.jar:/home/runner/.m2/repository/javax/inject/javax.inject/1/javax.inject-1.jar:/home/runner/.m2/repository/javax/xml/bind/jaxb-api/2.3.0/jaxb-api-2.3.0.jar:/home/runner/.m2/repository/org/glassfish/jaxb/jaxb-runtime/2.3.0.1/jaxb-runtime-2.3.0.1.jar:/home/runner/.m2/repository/org/glassfish/jaxb/jaxb-core/2.3.0.1/jaxb-core-2.3.0.1.jar:/home/runner/.m2/repository/org/glassfish/jaxb/txw2/2.3.0.1/txw2-2.3.0.1.jar:/home/runner/.m2/repository/com/sun/istack/istack-commons-runtime/3.0.5/istack-commons-runtime-3.0.5.jar:/home/runner/.m2/repository/org/jvnet/staxex/stax-ex/1.7.8/stax-ex-1.7.8.jar:/home/runner/.m2/repository/com/sun/xml/fastinfoset/FastInfoset/1.2.13/FastInfoset-1.2.13.jar:/home/runner/.m2/repository/javax/activation/activation/1.1.1/activation-1.1.1.jar:/home/runner/.m2/repository/org/apache/ozone/ozone-csi/1.2.0-SNAPSHOT/ozone-csi-1.2.0-SNAPSHOT.jar:/home/runner/.m2/repository/com/google/protobuf/protobuf-java-util/3.12.0/protobuf-java-util-3.12.0.jar:/home/runner/.m2/repository/com/google/code/gson/gson/2.2.4/gson-2.2.4.jar:/home/runner/.m2/repository/org/apache/ozone/hdds-config/1.2.0-SNAPSHOT/hdds-config-1.2.0-SNAPSHOT.jar:/home/runner/.m2/repository/io/grpc/grpc-netty/1.33.0/grpc-netty-1.33.0.jar:/home/runner/.m2/repository/io/grpc/grpc-core/1.33.0/grpc-core-1.33.0.jar:/home/runner/.m2/repository/com/google/android/annotations/4.1.1.4/annotations-4.1.1.4.jar:/home/runner/.m2/repository/io/netty/netty-codec-http2/4.1.63.Final/netty-codec-http2-4.1.63.Final.jar:/home/runner/.m2/repository/io/netty/netty-codec-http/4.1.63.Final/netty-codec-http-4.1.63.Final.jar:/home/runner/.m2/repository/io/netty/netty-handler-proxy/4.1.63.Final/netty-handler-proxy-4.1.63.Final.jar:/home/runner/.m2/repository/io/netty/netty-codec-socks/4.1.63.Final/netty-codec-socks-4.1.63.Final.jar:/home/runner/.m2/repository/io/perfmark/perfmark-api/0.19.0/perfmark-api-0.19.0.jar:/home/runner/.m2/repository/org/codehaus/mojo/animal-sniffer-annotations/1.18/animal-sniffer-annotations-1.18.jar:/home/runner/.m2/repository/io/netty/netty-transport-native-epoll/4.1.63.Final/netty-transport-native-epoll-4.1.63.Final.jar:/home/runner/.m2/repository/io/netty/netty-common/4.1.63.Final/netty-common-4.1.63.Final.jar:/home/runner/.m2/repository/io/netty/netty-buffer/4.1.63.Final/netty-buffer-4.1.63.Final.jar:/home/runner/.m2/repository/io/netty/netty-transport-native-unix-common/4.1.63.Final/netty-transport-native-unix-common-4.1.63.Final.jar:/home/runner/.m2/repository/io/grpc/grpc-protobuf/1.33.0/grpc-protobuf-1.33.0.jar:/home/runner/.m2/repository/io/grpc/grpc-api/1.33.0/grpc-api-1.33.0.jar:/home/runner/.m2/repository/io/grpc/grpc-context/1.33.0/grpc-context-1.33.0.jar:/home/runner/.m2/repository/com/google/api/grpc/proto-google-common-protos/1.17.0/proto-google-common-protos-1.17.0.jar:/home/runner/.m2/repository/io/grpc/grpc-protobuf-lite/1.33.0/grpc-protobuf-lite-1.33.0.jar:/home/runner/.m2/repository/io/grpc/grpc-stub/1.33.0/grpc-stub-1.33.0.jar:/home/runner/.m2/repository/org/apache/ozone/ozone-recon/1.2.0-SNAPSHOT/ozone-recon-1.2.0-SNAPSHOT.jar:/home/runner/.m2/repository/org/apache/ozone/ozone-reconcodegen/1.2.0-SNAPSHOT/ozone-reconcodegen-1.2.0-SNAPSHOT.jar:/home/runner/.m2/repository/com/google/inject/extensions/guice-multibindings/4.0/guice-multibindings-4.0.jar:/home/runner/.m2/repository/com/google/inject/guice/4.0/guice-4.0.jar:/home/runner/.m2/repository/aopalliance/aopalliance/1.0/aopalliance-1.0.jar:/home/runner/.m2/repository/com/google/inject/extensions/guice-assistedinject/4.0/guice-assistedinject-4.0.jar:/home/runner/.m2/repository/com/google/inject/extensions/guice-servlet/4.0/guice-servlet-4.0.jar:/home/runner/.m2/repository/org/glassfish/jersey/containers/jersey-container-servlet/2.33/jersey-container-servlet-2.33.jar:/home/runner/.m2/repository/org/glassfish/hk2/guice-bridge/2.5.0/guice-bridge-2.5.0.jar:/home/runner/.m2/repository/org/glassfish/jersey/core/jersey-server/2.33/jersey-server-2.33.jar:/home/runner/.m2/repository/org/glassfish/jersey/core/jersey-client/2.33/jersey-client-2.33.jar:/home/runner/.m2/repository/jakarta/annotation/jakarta.annotation-api/1.3.5/jakarta.annotation-api-1.3.5.jar:/home/runner/.m2/repository/jakarta/validation/jakarta.validation-api/2.0.2/jakarta.validation-api-2.0.2.jar:/home/runner/.m2/repository/org/glassfish/jersey/media/jersey-media-json-jackson/2.33/jersey-media-json-jackson-2.33.jar:/home/runner/.m2/repository/org/glassfish/jersey/ext/jersey-entity-filtering/2.33/jersey-entity-filtering-2.33.jar:/home/runner/.m2/repository/org/jooq/jooq/3.11.10/jooq-3.11.10.jar:/home/runner/.m2/repository/org/jooq/jooq-meta/3.11.10/jooq-meta-3.11.10.jar:/home/runner/.m2/repository/org/jooq/jooq-codegen/3.11.10/jooq-codegen-3.11.10.jar:/home/runner/.m2/repository/com/jolbox/bonecp/0.8.0.RELEASE/bonecp-0.8.0.RELEASE.jar:/home/runner/.m2/repository/org/apache/derby/derby/10.14.2.0/derby-10.14.2.0.jar:/home/runner/.m2/repository/org/xerial/sqlite-jdbc/3.25.2/sqlite-jdbc-3.25.2.jar:/home/runner/.m2/repository/org/springframework/spring-jdbc/5.2.11.RELEASE/spring-jdbc-5.2.11.RELEASE.jar:/home/runner/.m2/repository/org/springframework/spring-beans/5.2.11.RELEASE/spring-beans-5.2.11.RELEASE.jar:/home/runner/.m2/repository/org/springframework/spring-core/5.2.11.RELEASE/spring-core-5.2.11.RELEASE.jar:/home/runner/.m2/repository/org/springframework/spring-jcl/5.2.11.RELEASE/spring-jcl-5.2.11.RELEASE.jar:/home/runner/.m2/repository/org/springframework/spring-tx/5.2.11.RELEASE/spring-tx-5.2.11.RELEASE.jar:/home/runner/.m2/repository/org/apache/ozone/ozone-client/1.2.0-SNAPSHOT/ozone-client-1.2.0-SNAPSHOT.jar:/home/runner/.m2/repository/org/apache/ozone/ozone-filesystem/1.2.0-SNAPSHOT/ozone-filesystem-1.2.0-SNAPSHOT.jar:/home/runner/.m2/repository/org/apache/ozone/ozone-filesystem-common/1.2.0-SNAPSHOT/ozone-filesystem-common-1.2.0-SNAPSHOT.jar:/home/runner/.m2/repository/org/apache/ozone/ozone-tools/1.2.0-SNAPSHOT/ozone-tools-1.2.0-SNAPSHOT.jar:/home/runner/.m2/repository/org/apache/ratis/ratis-tools/2.1.0-03f3b68-SNAPSHOT/ratis-tools-2.1.0-03f3b68-SNAPSHOT.jar:/home/runner/.m2/repository/com/amazonaws/aws-java-sdk-core/1.11.901/aws-java-sdk-core-1.11.901.jar:/home/runner/.m2/repository/org/apache/httpcomponents/httpclient/4.5.13/httpclient-4.5.13.jar:/home/runner/.m2/repository/org/apache/httpcomponents/httpcore/4.4.13/httpcore-4.4.13.jar:/home/runner/.m2/repository/software/amazon/ion/ion-java/1.0.2/ion-java-1.0.2.jar:/home/runner/.m2/repository/com/fasterxml/jackson/dataformat/jackson-dataformat-cbor/2.12.1/jackson-dataformat-cbor-2.12.1.jar:/home/runner/.m2/repository/joda-time/joda-time/2.8.1/joda-time-2.8.1.jar:/home/runner/.m2/repository/com/amazonaws/aws-java-sdk-s3/1.11.901/aws-java-sdk-s3-1.11.901.jar:/home/runner/.m2/repository/com/amazonaws/aws-java-sdk-kms/1.11.901/aws-java-sdk-kms-1.11.901.jar:/home/runner/.m2/repository/com/amazonaws/jmespath-java/1.11.901/jmespath-java-1.11.901.jar:/home/runner/.m2/repository/org/kohsuke/metainf-services/metainf-services/1.8/metainf-services-1.8.jar:/home/runner/.m2/repository/org/apache/ozone/hdds-tools/1.2.0-SNAPSHOT/hdds-tools-1.2.0-SNAPSHOT.jar:/home/runner/.m2/repository/commons-cli/commons-cli/1.2/commons-cli-1.2.jar:/home/runner/.m2/repository/org/apache/commons/commons-lang3/3.7/commons-lang3-3.7.jar:/home/runner/.m2/repository/org/apache/ozone/ozone-manager/1.2.0-SNAPSHOT/ozone-manager-1.2.0-SNAPSHOT-tests.jar:/home/runner/.m2/repository/org/apache/ozone/hdds-common/1.2.0-SNAPSHOT/hdds-common-1.2.0-SNAPSHOT-tests.jar:/home/runner/.m2/repository/org/apache/ozone/hdds-hadoop-dependency-client/1.2.0-SNAPSHOT/hdds-hadoop-dependency-client-1.2.0-SNAPSHOT.jar:/home/runner/.m2/repository/info/picocli/picocli/4.6.1/picocli-4.6.1.jar:/home/runner/.m2/repository/com/fasterxml/jackson/core/jackson-annotations/2.12.1/jackson-annotations-2.12.1.jar:/home/runner/.m2/repository/javax/annotation/javax.annotation-api/1.2/javax.annotation-api-1.2.jar:/home/runner/.m2/repository/org/apache/ratis/ratis-server/2.1.0-03f3b68-SNAPSHOT/ratis-server-2.1.0-03f3b68-SNAPSHOT.jar:/home/runner/.m2/repository/org/apache/ratis/ratis-client/2.1.0-03f3b68-SNAPSHOT/ratis-client-2.1.0-03f3b68-SNAPSHOT.jar:/home/runner/.m2/repository/org/apache/ratis/ratis-server-api/2.1.0-03f3b68-SNAPSHOT/ratis-server-api-2.1.0-03f3b68-SNAPSHOT.jar:/home/runner/.m2/repository/org/apache/ratis/ratis-metrics/2.1.0-03f3b68-SNAPSHOT/ratis-metrics-2.1.0-03f3b68-SNAPSHOT.jar:/home/runner/.m2/repository/org/apache/ratis/ratis-netty/2.1.0-03f3b68-SNAPSHOT/ratis-netty-2.1.0-03f3b68-SNAPSHOT.jar:/home/runner/.m2/repository/org/apache/ratis/ratis-grpc/2.1.0-03f3b68-SNAPSHOT/ratis-grpc-2.1.0-03f3b68-SNAPSHOT.jar:/home/runner/.m2/repository/org/apache/logging/log4j/log4j-api/2.13.3/log4j-api-2.13.3.jar:/home/runner/.m2/repository/org/apache/logging/log4j/log4j-core/2.13.3/log4j-core-2.13.3.jar:/home/runner/.m2/repository/com/lmax/disruptor/3.4.2/disruptor-3.4.2.jar:/home/runner/.m2/repository/org/apache/commons/commons-pool2/2.6.0/commons-pool2-2.6.0.jar:/home/runner/.m2/repository/org/bouncycastle/bcpkix-jdk15on/1.67/bcpkix-jdk15on-1.67.jar:/home/runner/.m2/repository/commons-validator/commons-validator/1.6/commons-validator-1.6.jar:/home/runner/.m2/repository/commons-beanutils/commons-beanutils/1.9.4/commons-beanutils-1.9.4.jar:/home/runner/.m2/repository/commons-digester/commons-digester/1.8.1/commons-digester-1.8.1.jar:/home/runner/.m2/repository/commons-collections/commons-collections/3.2.2/commons-collections-3.2.2.jar:/home/runner/.m2/repository/io/jaegertracing/jaeger-client/1.6.0/jaeger-client-1.6.0.jar:/home/runner/.m2/repository/io/jaegertracing/jaeger-thrift/1.6.0/jaeger-thrift-1.6.0.jar:/home/runner/.m2/repository/org/apache/thrift/libthrift/0.14.1/libthrift-0.14.1.jar:/home/runner/.m2/repository/com/squareup/okhttp3/okhttp/4.9.0/okhttp-4.9.0.jar:/home/runner/.m2/repository/com/squareup/okio/okio/2.8.0/okio-2.8.0.jar:/home/runner/.m2/repository/io/jaegertracing/jaeger-core/1.6.0/jaeger-core-1.6.0.jar:/home/runner/.m2/repository/io/jaegertracing/jaeger-tracerresolver/1.6.0/jaeger-tracerresolver-1.6.0.jar:/home/runner/.m2/repository/io/opentracing/contrib/opentracing-tracerresolver/0.1.8/opentracing-tracerresolver-0.1.8.jar:/home/runner/.m2/repository/org/jetbrains/kotlin/kotlin-stdlib/1.4.31/kotlin-stdlib-1.4.31.jar:/home/runner/.m2/repository/org/jetbrains/kotlin/kotlin-stdlib-common/1.4.31/kotlin-stdlib-common-1.4.31.jar:/home/runner/.m2/repository/org/jetbrains/annotations/13.0/annotations-13.0.jar:/home/runner/.m2/repository/io/opentracing/opentracing-util/0.33.0/opentracing-util-0.33.0.jar:/home/runner/.m2/repository/io/opentracing/opentracing-api/0.33.0/opentracing-api-0.33.0.jar:/home/runner/.m2/repository/io/opentracing/opentracing-noop/0.33.0/opentracing-noop-0.33.0.jar:/home/runner/.m2/repository/org/yaml/snakeyaml/1.26/snakeyaml-1.26.jar:/home/runner/.m2/repository/org/apache/ozone/hdds-interface-admin/1.2.0-SNAPSHOT/hdds-interface-admin-1.2.0-SNAPSHOT.jar:/home/runner/.m2/repository/junit/junit/4.13.1/junit-4.13.1.jar:/home/runner/.m2/repository/org/hamcrest/hamcrest-core/1.3/hamcrest-core-1.3.jar:/home/runner/.m2/repository/org/junit/jupiter/junit-jupiter-api/5.7.0/junit-jupiter-api-5.7.0.jar:/home/runner/.m2/repository/org/apiguardian/apiguardian-api/1.1.0/apiguardian-api-1.1.0.jar:/home/runner/.m2/repository/org/opentest4j/opentest4j/1.2.0/opentest4j-1.2.0.jar:/home/runner/.m2/repository/org/junit/platform/junit-platform-commons/1.7.0/junit-platform-commons-1.7.0.jar:/home/runner/.m2/repository/org/junit/jupiter/junit-jupiter-engine/5.7.0/junit-jupiter-engine-5.7.0.jar:/home/runner/.m2/repository/org/junit/platform/junit-platform-engine/1.7.0/junit-platform-engine-1.7.0.jar:/home/runner/.m2/repository/org/junit/vintage/junit-vintage-engine/5.7.0/junit-vintage-engine-5.7.0.jar:/home/runner/.m2/repository/org/junit/platform/junit-platform-launcher/1.7.0/junit-platform-launcher-1.7.0.jar:/home/runner/.m2/repository/org/openjdk/jmh/jmh-core/1.19/jmh-core-1.19.jar:/home/runner/.m2/repository/net/sf/jopt-simple/jopt-simple/4.6/jopt-simple-4.6.jar:/home/runner/.m2/repository/org/apache/commons/commons-math3/3.1.1/commons-math3-3.1.1.jar:/home/runner/.m2/repository/org/openjdk/jmh/jmh-generator-annprocess/1.19/jmh-generator-annprocess-1.19.jar:/home/runner/.m2/repository/org/mockito/mockito-core/2.28.2/mockito-core-2.28.2.jar:/home/runner/.m2/repository/net/bytebuddy/byte-buddy/1.9.10/byte-buddy-1.9.10.jar:/home/runner/.m2/repository/net/bytebuddy/byte-buddy-agent/1.9.10/byte-buddy-agent-1.9.10.jar:/home/runner/.m2/repository/org/objenesis/objenesis/1.0/objenesis-1.0.jar:/home/runner/.m2/repository/org/apache/hadoop/hadoop-kms/3.3.1/hadoop-kms-3.3.1.jar:/home/runner/.m2/repository/org/apache/hadoop/hadoop-auth/3.3.1/hadoop-auth-3.3.1.jar:/home/runner/.m2/repository/com/nimbusds/nimbus-jose-jwt/7.9/nimbus-jose-jwt-7.9.jar:/home/runner/.m2/repository/com/github/stephenc/jcip/jcip-annotations/1.0-1/jcip-annotations-1.0-1.jar:/home/runner/.m2/repository/net/minidev/json-smart/2.3/json-smart-2.3.jar:/home/runner/.m2/repository/net/minidev/accessors-smart/1.2/accessors-smart-1.2.jar:/home/runner/.m2/repository/org/ow2/asm/asm/5.0.4/asm-5.0.4.jar:/home/runner/.m2/repository/org/apache/zookeeper/zookeeper/3.5.6/zookeeper-3.5.6.jar:/home/runner/.m2/repository/org/apache/zookeeper/zookeeper-jute/3.5.6/zookeeper-jute-3.5.6.jar:/home/runner/.m2/repository/org/apache/yetus/audience-annotations/0.5.0/audience-annotations-0.5.0.jar:/home/runner/.m2/repository/org/apache/curator/curator-framework/4.2.0/curator-framework-4.2.0.jar:/home/runner/.m2/repository/org/apache/hadoop/thirdparty/hadoop-shaded-guava/1.1.1/hadoop-shaded-guava-1.1.1.jar:/home/runner/.m2/repository/com/sun/jersey/jersey-core/1.19/jersey-core-1.19.jar:/home/runner/.m2/repository/javax/ws/rs/jsr311-api/1.1.1/jsr311-api-1.1.1.jar:/home/runner/.m2/repository/com/sun/jersey/jersey-server/1.19/jersey-server-1.19.jar:/home/runner/.m2/repository/javax/servlet/javax.servlet-api/3.1.0/javax.servlet-api-3.1.0.jar:/home/runner/.m2/repository/org/eclipse/jetty/jetty-server/9.4.43.v20210629/jetty-server-9.4.43.v20210629.jar:/home/runner/.m2/repository/org/eclipse/jetty/jetty-http/9.4.43.v20210629/jetty-http-9.4.43.v20210629.jar:/home/runner/.m2/repository/org/eclipse/jetty/jetty-io/9.4.43.v20210629/jetty-io-9.4.43.v20210629.jar:/home/runner/.m2/repository/org/eclipse/jetty/jetty-webapp/9.4.43.v20210629/jetty-webapp-9.4.43.v20210629.jar:/home/runner/.m2/repository/org/eclipse/jetty/jetty-xml/9.4.43.v20210629/jetty-xml-9.4.43.v20210629.jar:/home/runner/.m2/repository/org/apache/hadoop/hadoop-common/3.3.1/hadoop-common-3.3.1.jar:/home/runner/.m2/repository/commons-net/commons-net/3.6/commons-net-3.6.jar:/home/runner/.m2/repository/jakarta/activation/jakarta.activation-api/1.2.1/jakarta.activation-api-1.2.1.jar:/home/runner/.m2/repository/com/sun/jersey/jersey-servlet/1.19/jersey-servlet-1.19.jar:/home/runner/.m2/repository/com/sun/jersey/jersey-json/1.19/jersey-json-1.19.jar:/home/runner/.m2/repository/org/codehaus/jettison/jettison/1.1/jettison-1.1.jar:/home/runner/.m2/repository/com/sun/xml/bind/jaxb-impl/2.2.3-1/jaxb-impl-2.2.3-1.jar:/home/runner/.m2/repository/org/codehaus/jackson/jackson-jaxrs/1.9.2/jackson-jaxrs-1.9.2.jar:/home/runner/.m2/repository/org/codehaus/jackson/jackson-xc/1.9.2/jackson-xc-1.9.2.jar:/home/runner/.m2/repository/org/apache/commons/commons-configuration2/2.1.1/commons-configuration2-2.1.1.jar:/home/runner/.m2/repository/org/apache/commons/commons-text/1.4/commons-text-1.4.jar:/home/runner/.m2/repository/com/google/re2j/re2j/1.1/re2j-1.1.jar:/home/runner/.m2/repository/com/jcraft/jsch/0.1.54/jsch-0.1.54.jar:/home/runner/.m2/repository/org/apache/curator/curator-client/4.2.0/curator-client-4.2.0.jar:/home/runner/.m2/repository/org/apache/curator/curator-recipes/4.2.0/curator-recipes-4.2.0.jar:/home/runner/.m2/repository/org/apache/kerby/kerb-core/1.0.1/kerb-core-1.0.1.jar:/home/runner/.m2/repository/org/apache/kerby/kerby-pkix/1.0.1/kerby-pkix-1.0.1.jar:/home/runner/.m2/repository/org/apache/kerby/kerby-asn1/1.0.1/kerby-asn1-1.0.1.jar:/home/runner/.m2/repository/org/apache/kerby/kerby-util/1.0.1/kerby-util-1.0.1.jar:/home/runner/.m2/repository/dnsjava/dnsjava/2.1.7/dnsjava-2.1.7.jar:/home/runner/.m2/repository/org/xerial/snappy/snappy-java/1.1.8.2/snappy-java-1.1.8.2.jar:/home/runner/.m2/repository/org/slf4j/jul-to-slf4j/1.7.30/jul-to-slf4j-1.7.30.jar:/home/runner/.m2/repository/org/eclipse/jetty/jetty-util/9.4.43.v20210629/jetty-util-9.4.43.v20210629.jar:/home/runner/.m2/repository/com/fasterxml/jackson/core/jackson-databind/2.12.1/jackson-databind-2.12.1.jar:/home/runner/.m2/repository/org/apache/hadoop/hadoop-kms/3.3.1/hadoop-kms-3.3.1-tests.jar:/home/runner/.m2/repository/org/apache/ozone/hdds-server-scm/1.2.0-SNAPSHOT/hdds-server-scm-1.2.0-SNAPSHOT-tests.jar:/home/runner/.m2/repository/org/apache/ozone/hdds-container-service/1.2.0-SNAPSHOT/hdds-container-service-1.2.0-SNAPSHOT-tests.jar:/home/runner/.m2/repository/commons-codec/commons-codec/1.11/commons-codec-1.11.jar:/home/runner/.m2/repository/io/netty/netty-transport/4.1.63.Final/netty-transport-4.1.63.Final.jar:/home/runner/.m2/repository/io/netty/netty-resolver/4.1.63.Final/netty-resolver-4.1.63.Final.jar:/home/runner/.m2/repository/io/netty/netty-codec/4.1.63.Final/netty-codec-4.1.63.Final.jar:/home/runner/.m2/repository/io/netty/netty-handler/4.1.63.Final/netty-handler-4.1.63.Final.jar:/home/runner/.m2/repository/org/apache/ozone/hdds-hadoop-dependency-test/1.2.0-SNAPSHOT/hdds-hadoop-dependency-test-1.2.0-SNAPSHOT.jar:/home/runner/.m2/repository/org/apache/hadoop/hadoop-common/3.3.1/hadoop-common-3.3.1-tests.jar:/home/runner/.m2/repository/org/assertj/assertj-core/3.12.2/assertj-core-3.12.2.jar:/home/runner/.m2/repository/org/apache/hadoop/hadoop-hdfs/3.3.1/hadoop-hdfs-3.3.1-tests.jar:/home/runner/.m2/repository/org/eclipse/jetty/jetty-util-ajax/9.4.43.v20210629/jetty-util-ajax-9.4.43.v20210629.jar:/home/runner/.m2/repository/commons-daemon/commons-daemon/1.0.13/commons-daemon-1.0.13.jar:/home/runner/.m2/repository/io/netty/netty/3.10.6.Final/netty-3.10.6.Final.jar:/home/runner/.m2/repository/io/netty/netty-all/4.1.63.Final/netty-all-4.1.63.Final.jar:/home/runner/.m2/repository/org/apache/htrace/htrace-core4/4.1.0-incubating/htrace-core4-4.1.0-incubating.jar:/home/runner/.m2/repository/org/fusesource/leveldbjni/leveldbjni-all/1.8/leveldbjni-all-1.8.jar:/home/runner/.m2/repository/org/apache/hadoop/hadoop-distcp/3.3.1/hadoop-distcp-3.3.1.jar:/home/runner/.m2/repository/org/apache/hadoop/hadoop-mapreduce-client-jobclient/3.3.1/hadoop-mapreduce-client-jobclient-3.3.1.jar:/home/runner/.m2/repository/org/apache/hadoop/hadoop-mapreduce-client-common/3.3.1/hadoop-mapreduce-client-common-3.3.1.jar:/home/runner/.m2/repository/org/apache/hadoop/hadoop-yarn-common/3.3.1/hadoop-yarn-common-3.3.1.jar:/home/runner/.m2/repository/org/apache/hadoop/hadoop-yarn-api/3.3.1/hadoop-yarn-api-3.3.1.jar:/home/runner/.m2/repository/com/sun/jersey/jersey-client/1.19/jersey-client-1.19.jar:/home/runner/.m2/repository/com/sun/jersey/contribs/jersey-guice/1.19/jersey-guice-1.19.jar:/home/runner/.m2/repository/com/fasterxml/jackson/jaxrs/jackson-jaxrs-json-provider/2.12.1/jackson-jaxrs-json-provider-2.12.1.jar:/home/runner/.m2/repository/com/fasterxml/jackson/jaxrs/jackson-jaxrs-base/2.12.1/jackson-jaxrs-base-2.12.1.jar:/home/runner/.m2/repository/org/apache/hadoop/hadoop-yarn-client/3.3.1/hadoop-yarn-client-3.3.1.jar:/home/runner/.m2/repository/org/eclipse/jetty/websocket/websocket-client/9.4.40.v20210413/websocket-client-9.4.40.v20210413.jar:/home/runner/.m2/repository/org/eclipse/jetty/jetty-client/9.4.40.v20210413/jetty-client-9.4.40.v20210413.jar:/home/runner/.m2/repository/org/eclipse/jetty/websocket/websocket-common/9.4.40.v20210413/websocket-common-9.4.40.v20210413.jar:/home/runner/.m2/repository/org/eclipse/jetty/websocket/websocket-api/9.4.40.v20210413/websocket-api-9.4.40.v20210413.jar:/home/runner/.m2/repository/org/jline/jline/3.9.0/jline-3.9.0.jar:/home/runner/.m2/repository/org/apache/hadoop/hadoop-mapreduce-client-core/3.3.1/hadoop-mapreduce-client-core-3.3.1.jar:/home/runner/.m2/repository/org/apache/avro/avro/1.7.7/avro-1.7.7.jar:/home/runner/.m2/repository/org/codehaus/jackson/jackson-core-asl/1.9.13/jackson-core-asl-1.9.13.jar:/home/runner/.m2/repository/org/codehaus/jackson/jackson-mapper-asl/1.9.13/jackson-mapper-asl-1.9.13.jar:/home/runner/.m2/repository/com/thoughtworks/paranamer/paranamer/2.3/paranamer-2.3.jar:/home/runner/.m2/repository/org/apache/hadoop/hadoop-annotations/3.3.1/hadoop-annotations-3.3.1.jar:/usr/lib/jvm/adoptopenjdk-8-hotspot-amd64/jre/../lib/tools.jar:/home/runner/.m2/repository/org/apache/hadoop/hadoop-distcp/3.3.1/hadoop-distcp-3.3.1-tests.jar:/home/runner/.m2/repository/org/apache/ratis/ratis-common/2.1.0-03f3b68-SNAPSHOT/ratis-common-2.1.0-03f3b68-SNAPSHOT.jar:/home/runner/.m2/repository/org/apache/ratis/ratis-thirdparty-misc/0.7.0/ratis-thirdparty-misc-0.7.0.jar:/home/runner/.m2/repository/org/apache/ratis/ratis-proto/2.1.0-03f3b68-SNAPSHOT/ratis-proto-2.1.0-03f3b68-SNAPSHOT.jar:"/>
    <property name="java.vm.vendor" value="AdoptOpenJDK"/>
    <property name="sun.arch.data.model" value="64"/>
    <property name="test.build.dir" value="/home/runner/work/ozone/ozone/hadoop-ozone/integration-test/target/test-dir"/>
    <property name="test.cache.data" value=""/>
    <property name="java.vendor.url" value="https://adoptopenjdk.net/"/>
    <property name="user.timezone" value=""/>
    <property name="java.vm.specification.version" value="1.8"/>
    <property name="os.name" value="Linux"/>
    <property name="test.build.data" value="/home/runner/work/ozone/ozone/hadoop-ozone/integration-test/target/test-dir"/>
    <property name="sun.java.launcher" value="SUN_STANDARD"/>
    <property name="sun.boot.library.path" value="/usr/lib/jvm/adoptopenjdk-8-hotspot-amd64/jre/lib/amd64"/>
    <property name="sun.java.command" value="/home/runner/work/ozone/ozone/hadoop-ozone/integration-test/target/surefire/surefirebooter4035905773377051453.jar /home/runner/work/ozone/ozone/hadoop-ozone/integration-test/target/surefire 2021-10-05T22-20-08_800-jvmRun1 surefire4459848655394589267tmp surefire_428314326518686828914tmp"/>
    <property name="surefire.test.class.path" value="/home/runner/work/ozone/ozone/hadoop-ozone/integration-test/target/test-classes:/home/runner/work/ozone/ozone/hadoop-ozone/integration-test/target/classes:/home/runner/.m2/repository/org/apache/ozone/ozone-common/1.2.0-SNAPSHOT/ozone-common-1.2.0-SNAPSHOT.jar:/home/runner/.m2/repository/org/apache/commons/commons-compress/1.20/commons-compress-1.20.jar:/home/runner/.m2/repository/org/apache/ozone/hdds-common/1.2.0-SNAPSHOT/hdds-common-1.2.0-SNAPSHOT.jar:/home/runner/.m2/repository/org/apache/ozone/hdds-client/1.2.0-SNAPSHOT/hdds-client-1.2.0-SNAPSHOT.jar:/home/runner/.m2/repository/org/apache/ozone/ozone-interface-client/1.2.0-SNAPSHOT/ozone-interface-client-1.2.0-SNAPSHOT.jar:/home/runner/.m2/repository/org/apache/ozone/hdds-server-framework/1.2.0-SNAPSHOT/hdds-server-framework-1.2.0-SNAPSHOT.jar:/home/runner/.m2/repository/org/apache/ozone/hdds-interface-server/1.2.0-SNAPSHOT/hdds-interface-server-1.2.0-SNAPSHOT.jar:/home/runner/.m2/repository/org/eclipse/jetty/jetty-servlet/9.4.43.v20210629/jetty-servlet-9.4.43.v20210629.jar:/home/runner/.m2/repository/org/eclipse/jetty/jetty-security/9.4.43.v20210629/jetty-security-9.4.43.v20210629.jar:/home/runner/.m2/repository/org/rocksdb/rocksdbjni/6.20.3/rocksdbjni-6.20.3.jar:/home/runner/.m2/repository/io/prometheus/simpleclient_dropwizard/0.7.0/simpleclient_dropwizard-0.7.0.jar:/home/runner/.m2/repository/io/prometheus/simpleclient/0.7.0/simpleclient-0.7.0.jar:/home/runner/.m2/repository/io/prometheus/simpleclient_common/0.7.0/simpleclient_common-0.7.0.jar:/home/runner/.m2/repository/com/fasterxml/jackson/datatype/jackson-datatype-jsr310/2.12.1/jackson-datatype-jsr310-2.12.1.jar:/home/runner/.m2/repository/org/apache/ozone/hdds-test-utils/1.2.0-SNAPSHOT/hdds-test-utils-1.2.0-SNAPSHOT.jar:/home/runner/.m2/repository/com/google/guava/guava/30.1.1-jre/guava-30.1.1-jre.jar:/home/runner/.m2/repository/com/google/guava/failureaccess/1.0.1/failureaccess-1.0.1.jar:/home/runner/.m2/repository/com/google/guava/listenablefuture/9999.0-empty-to-avoid-conflict-with-guava/listenablefuture-9999.0-empty-to-avoid-conflict-with-guava.jar:/home/runner/.m2/repository/com/google/code/findbugs/jsr305/3.0.0/jsr305-3.0.0.jar:/home/runner/.m2/repository/org/checkerframework/checker-qual/3.8.0/checker-qual-3.8.0.jar:/home/runner/.m2/repository/com/google/errorprone/error_prone_annotations/2.2.0/error_prone_annotations-2.2.0.jar:/home/runner/.m2/repository/com/google/j2objc/j2objc-annotations/1.3/j2objc-annotations-1.3.jar:/home/runner/.m2/repository/commons-io/commons-io/2.11.0/commons-io-2.11.0.jar:/home/runner/.m2/repository/commons-logging/commons-logging/1.2/commons-logging-1.2.jar:/home/runner/.m2/repository/log4j/log4j/1.2.17/log4j-1.2.17.jar:/home/runner/.m2/repository/org/slf4j/slf4j-api/1.7.30/slf4j-api-1.7.30.jar:/home/runner/.m2/repository/org/apache/ozone/hdds-server-scm/1.2.0-SNAPSHOT/hdds-server-scm-1.2.0-SNAPSHOT.jar:/home/runner/.m2/repository/org/apache/ozone/hdds-container-service/1.2.0-SNAPSHOT/hdds-container-service-1.2.0-SNAPSHOT.jar:/home/runner/.m2/repository/org/apache/ozone/hdds-hadoop-dependency-server/1.2.0-SNAPSHOT/hdds-hadoop-dependency-server-1.2.0-SNAPSHOT.jar:/home/runner/.m2/repository/org/apache/hadoop/hadoop-hdfs/3.3.1/hadoop-hdfs-3.3.1.jar:/home/runner/.m2/repository/io/dropwizard/metrics/metrics-core/3.2.4/metrics-core-3.2.4.jar:/home/runner/.m2/repository/org/apache/hadoop/hadoop-hdfs-client/3.3.1/hadoop-hdfs-client-3.3.1.jar:/home/runner/.m2/repository/org/bouncycastle/bcprov-jdk15on/1.67/bcprov-jdk15on-1.67.jar:/home/runner/.m2/repository/com/google/protobuf/protobuf-java/2.5.0/protobuf-java-2.5.0.jar:/home/runner/.m2/repository/org/apache/ozone/ozone-manager/1.2.0-SNAPSHOT/ozone-manager-1.2.0-SNAPSHOT.jar:/home/runner/.m2/repository/org/aspectj/aspectjrt/1.9.7/aspectjrt-1.9.7.jar:/home/runner/.m2/repository/org/aspectj/aspectjweaver/1.9.7/aspectjweaver-1.9.7.jar:/home/runner/.m2/repository/org/apache/ozone/hdds-interface-client/1.2.0-SNAPSHOT/hdds-interface-client-1.2.0-SNAPSHOT.jar:/home/runner/.m2/repository/org/apache/hadoop/thirdparty/hadoop-shaded-protobuf_3_7/1.1.1/hadoop-shaded-protobuf_3_7-1.1.1.jar:/home/runner/.m2/repository/org/apache/ozone/ozone-interface-storage/1.2.0-SNAPSHOT/ozone-interface-storage-1.2.0-SNAPSHOT.jar:/home/runner/.m2/repository/org/reflections/reflections/0.9.11/reflections-0.9.11.jar:/home/runner/.m2/repository/org/apache/hadoop/hadoop-minikdc/3.3.1/hadoop-minikdc-3.3.1.jar:/home/runner/.m2/repository/org/apache/kerby/kerb-simplekdc/1.0.1/kerb-simplekdc-1.0.1.jar:/home/runner/.m2/repository/org/apache/kerby/kerb-client/1.0.1/kerb-client-1.0.1.jar:/home/runner/.m2/repository/org/apache/kerby/kerby-config/1.0.1/kerby-config-1.0.1.jar:/home/runner/.m2/repository/org/apache/kerby/kerb-common/1.0.1/kerb-common-1.0.1.jar:/home/runner/.m2/repository/org/apache/kerby/kerb-crypto/1.0.1/kerb-crypto-1.0.1.jar:/home/runner/.m2/repository/org/apache/kerby/kerb-util/1.0.1/kerb-util-1.0.1.jar:/home/runner/.m2/repository/org/apache/kerby/token-provider/1.0.1/token-provider-1.0.1.jar:/home/runner/.m2/repository/org/apache/kerby/kerb-admin/1.0.1/kerb-admin-1.0.1.jar:/home/runner/.m2/repository/org/apache/kerby/kerb-server/1.0.1/kerb-server-1.0.1.jar:/home/runner/.m2/repository/org/apache/kerby/kerb-identity/1.0.1/kerb-identity-1.0.1.jar:/home/runner/.m2/repository/org/apache/kerby/kerby-xdr/1.0.1/kerby-xdr-1.0.1.jar:/home/runner/.m2/repository/org/slf4j/slf4j-log4j12/1.7.30/slf4j-log4j12-1.7.30.jar:/home/runner/.m2/repository/org/apache/ozone/ozone-s3gateway/1.2.0-SNAPSHOT/ozone-s3gateway-1.2.0-SNAPSHOT.jar:/home/runner/.m2/repository/org/javassist/javassist/3.21.0-GA/javassist-3.21.0-GA.jar:/home/runner/.m2/repository/org/jboss/weld/servlet/weld-servlet/2.4.7.Final/weld-servlet-2.4.7.Final.jar:/home/runner/.m2/repository/org/glassfish/jersey/containers/jersey-container-servlet-core/2.33/jersey-container-servlet-core-2.33.jar:/home/runner/.m2/repository/org/glassfish/hk2/external/jakarta.inject/2.6.1/jakarta.inject-2.6.1.jar:/home/runner/.m2/repository/org/glassfish/jersey/core/jersey-common/2.33/jersey-common-2.33.jar:/home/runner/.m2/repository/jakarta/ws/rs/jakarta.ws.rs-api/2.1.6/jakarta.ws.rs-api-2.1.6.jar:/home/runner/.m2/repository/org/glassfish/jersey/ext/cdi/jersey-cdi1x/2.33/jersey-cdi1x-2.33.jar:/home/runner/.m2/repository/org/glassfish/jersey/inject/jersey-hk2/2.33/jersey-hk2-2.33.jar:/home/runner/.m2/repository/org/glassfish/hk2/hk2-locator/2.6.1/hk2-locator-2.6.1.jar:/home/runner/.m2/repository/org/glassfish/jersey/media/jersey-media-jaxb/2.33/jersey-media-jaxb-2.33.jar:/home/runner/.m2/repository/org/glassfish/hk2/osgi-resource-locator/1.0.3/osgi-resource-locator-1.0.3.jar:/home/runner/.m2/repository/org/glassfish/hk2/hk2-api/2.5.0/hk2-api-2.5.0.jar:/home/runner/.m2/repository/org/glassfish/hk2/hk2-utils/2.5.0/hk2-utils-2.5.0.jar:/home/runner/.m2/repository/org/glassfish/hk2/external/aopalliance-repackaged/2.5.0/aopalliance-repackaged-2.5.0.jar:/home/runner/.m2/repository/com/fasterxml/jackson/dataformat/jackson-dataformat-xml/2.12.1/jackson-dataformat-xml-2.12.1.jar:/home/runner/.m2/repository/com/fasterxml/jackson/core/jackson-core/2.12.1/jackson-core-2.12.1.jar:/home/runner/.m2/repository/com/fasterxml/jackson/module/jackson-module-jaxb-annotations/2.12.1/jackson-module-jaxb-annotations-2.12.1.jar:/home/runner/.m2/repository/jakarta/xml/bind/jakarta.xml.bind-api/2.3.2/jakarta.xml.bind-api-2.3.2.jar:/home/runner/.m2/repository/org/codehaus/woodstox/stax2-api/3.1.4/stax2-api-3.1.4.jar:/home/runner/.m2/repository/com/fasterxml/woodstox/woodstox-core/5.0.3/woodstox-core-5.0.3.jar:/home/runner/.m2/repository/javax/enterprise/cdi-api/1.2/cdi-api-1.2.jar:/home/runner/.m2/repository/javax/el/javax.el-api/3.0.0/javax.el-api-3.0.0.jar:/home/runner/.m2/repository/javax/interceptor/javax.interceptor-api/1.2/javax.interceptor-api-1.2.jar:/home/runner/.m2/repository/javax/inject/javax.inject/1/javax.inject-1.jar:/home/runner/.m2/repository/javax/xml/bind/jaxb-api/2.3.0/jaxb-api-2.3.0.jar:/home/runner/.m2/repository/org/glassfish/jaxb/jaxb-runtime/2.3.0.1/jaxb-runtime-2.3.0.1.jar:/home/runner/.m2/repository/org/glassfish/jaxb/jaxb-core/2.3.0.1/jaxb-core-2.3.0.1.jar:/home/runner/.m2/repository/org/glassfish/jaxb/txw2/2.3.0.1/txw2-2.3.0.1.jar:/home/runner/.m2/repository/com/sun/istack/istack-commons-runtime/3.0.5/istack-commons-runtime-3.0.5.jar:/home/runner/.m2/repository/org/jvnet/staxex/stax-ex/1.7.8/stax-ex-1.7.8.jar:/home/runner/.m2/repository/com/sun/xml/fastinfoset/FastInfoset/1.2.13/FastInfoset-1.2.13.jar:/home/runner/.m2/repository/javax/activation/activation/1.1.1/activation-1.1.1.jar:/home/runner/.m2/repository/org/apache/ozone/ozone-csi/1.2.0-SNAPSHOT/ozone-csi-1.2.0-SNAPSHOT.jar:/home/runner/.m2/repository/com/google/protobuf/protobuf-java-util/3.12.0/protobuf-java-util-3.12.0.jar:/home/runner/.m2/repository/com/google/code/gson/gson/2.2.4/gson-2.2.4.jar:/home/runner/.m2/repository/org/apache/ozone/hdds-config/1.2.0-SNAPSHOT/hdds-config-1.2.0-SNAPSHOT.jar:/home/runner/.m2/repository/io/grpc/grpc-netty/1.33.0/grpc-netty-1.33.0.jar:/home/runner/.m2/repository/io/grpc/grpc-core/1.33.0/grpc-core-1.33.0.jar:/home/runner/.m2/repository/com/google/android/annotations/4.1.1.4/annotations-4.1.1.4.jar:/home/runner/.m2/repository/io/netty/netty-codec-http2/4.1.63.Final/netty-codec-http2-4.1.63.Final.jar:/home/runner/.m2/repository/io/netty/netty-codec-http/4.1.63.Final/netty-codec-http-4.1.63.Final.jar:/home/runner/.m2/repository/io/netty/netty-handler-proxy/4.1.63.Final/netty-handler-proxy-4.1.63.Final.jar:/home/runner/.m2/repository/io/netty/netty-codec-socks/4.1.63.Final/netty-codec-socks-4.1.63.Final.jar:/home/runner/.m2/repository/io/perfmark/perfmark-api/0.19.0/perfmark-api-0.19.0.jar:/home/runner/.m2/repository/org/codehaus/mojo/animal-sniffer-annotations/1.18/animal-sniffer-annotations-1.18.jar:/home/runner/.m2/repository/io/netty/netty-transport-native-epoll/4.1.63.Final/netty-transport-native-epoll-4.1.63.Final.jar:/home/runner/.m2/repository/io/netty/netty-common/4.1.63.Final/netty-common-4.1.63.Final.jar:/home/runner/.m2/repository/io/netty/netty-buffer/4.1.63.Final/netty-buffer-4.1.63.Final.jar:/home/runner/.m2/repository/io/netty/netty-transport-native-unix-common/4.1.63.Final/netty-transport-native-unix-common-4.1.63.Final.jar:/home/runner/.m2/repository/io/grpc/grpc-protobuf/1.33.0/grpc-protobuf-1.33.0.jar:/home/runner/.m2/repository/io/grpc/grpc-api/1.33.0/grpc-api-1.33.0.jar:/home/runner/.m2/repository/io/grpc/grpc-context/1.33.0/grpc-context-1.33.0.jar:/home/runner/.m2/repository/com/google/api/grpc/proto-google-common-protos/1.17.0/proto-google-common-protos-1.17.0.jar:/home/runner/.m2/repository/io/grpc/grpc-protobuf-lite/1.33.0/grpc-protobuf-lite-1.33.0.jar:/home/runner/.m2/repository/io/grpc/grpc-stub/1.33.0/grpc-stub-1.33.0.jar:/home/runner/.m2/repository/org/apache/ozone/ozone-recon/1.2.0-SNAPSHOT/ozone-recon-1.2.0-SNAPSHOT.jar:/home/runner/.m2/repository/org/apache/ozone/ozone-reconcodegen/1.2.0-SNAPSHOT/ozone-reconcodegen-1.2.0-SNAPSHOT.jar:/home/runner/.m2/repository/com/google/inject/extensions/guice-multibindings/4.0/guice-multibindings-4.0.jar:/home/runner/.m2/repository/com/google/inject/guice/4.0/guice-4.0.jar:/home/runner/.m2/repository/aopalliance/aopalliance/1.0/aopalliance-1.0.jar:/home/runner/.m2/repository/com/google/inject/extensions/guice-assistedinject/4.0/guice-assistedinject-4.0.jar:/home/runner/.m2/repository/com/google/inject/extensions/guice-servlet/4.0/guice-servlet-4.0.jar:/home/runner/.m2/repository/org/glassfish/jersey/containers/jersey-container-servlet/2.33/jersey-container-servlet-2.33.jar:/home/runner/.m2/repository/org/glassfish/hk2/guice-bridge/2.5.0/guice-bridge-2.5.0.jar:/home/runner/.m2/repository/org/glassfish/jersey/core/jersey-server/2.33/jersey-server-2.33.jar:/home/runner/.m2/repository/org/glassfish/jersey/core/jersey-client/2.33/jersey-client-2.33.jar:/home/runner/.m2/repository/jakarta/annotation/jakarta.annotation-api/1.3.5/jakarta.annotation-api-1.3.5.jar:/home/runner/.m2/repository/jakarta/validation/jakarta.validation-api/2.0.2/jakarta.validation-api-2.0.2.jar:/home/runner/.m2/repository/org/glassfish/jersey/media/jersey-media-json-jackson/2.33/jersey-media-json-jackson-2.33.jar:/home/runner/.m2/repository/org/glassfish/jersey/ext/jersey-entity-filtering/2.33/jersey-entity-filtering-2.33.jar:/home/runner/.m2/repository/org/jooq/jooq/3.11.10/jooq-3.11.10.jar:/home/runner/.m2/repository/org/jooq/jooq-meta/3.11.10/jooq-meta-3.11.10.jar:/home/runner/.m2/repository/org/jooq/jooq-codegen/3.11.10/jooq-codegen-3.11.10.jar:/home/runner/.m2/repository/com/jolbox/bonecp/0.8.0.RELEASE/bonecp-0.8.0.RELEASE.jar:/home/runner/.m2/repository/org/apache/derby/derby/10.14.2.0/derby-10.14.2.0.jar:/home/runner/.m2/repository/org/xerial/sqlite-jdbc/3.25.2/sqlite-jdbc-3.25.2.jar:/home/runner/.m2/repository/org/springframework/spring-jdbc/5.2.11.RELEASE/spring-jdbc-5.2.11.RELEASE.jar:/home/runner/.m2/repository/org/springframework/spring-beans/5.2.11.RELEASE/spring-beans-5.2.11.RELEASE.jar:/home/runner/.m2/repository/org/springframework/spring-core/5.2.11.RELEASE/spring-core-5.2.11.RELEASE.jar:/home/runner/.m2/repository/org/springframework/spring-jcl/5.2.11.RELEASE/spring-jcl-5.2.11.RELEASE.jar:/home/runner/.m2/repository/org/springframework/spring-tx/5.2.11.RELEASE/spring-tx-5.2.11.RELEASE.jar:/home/runner/.m2/repository/org/apache/ozone/ozone-client/1.2.0-SNAPSHOT/ozone-client-1.2.0-SNAPSHOT.jar:/home/runner/.m2/repository/org/apache/ozone/ozone-filesystem/1.2.0-SNAPSHOT/ozone-filesystem-1.2.0-SNAPSHOT.jar:/home/runner/.m2/repository/org/apache/ozone/ozone-filesystem-common/1.2.0-SNAPSHOT/ozone-filesystem-common-1.2.0-SNAPSHOT.jar:/home/runner/.m2/repository/org/apache/ozone/ozone-tools/1.2.0-SNAPSHOT/ozone-tools-1.2.0-SNAPSHOT.jar:/home/runner/.m2/repository/org/apache/ratis/ratis-tools/2.1.0-03f3b68-SNAPSHOT/ratis-tools-2.1.0-03f3b68-SNAPSHOT.jar:/home/runner/.m2/repository/com/amazonaws/aws-java-sdk-core/1.11.901/aws-java-sdk-core-1.11.901.jar:/home/runner/.m2/repository/org/apache/httpcomponents/httpclient/4.5.13/httpclient-4.5.13.jar:/home/runner/.m2/repository/org/apache/httpcomponents/httpcore/4.4.13/httpcore-4.4.13.jar:/home/runner/.m2/repository/software/amazon/ion/ion-java/1.0.2/ion-java-1.0.2.jar:/home/runner/.m2/repository/com/fasterxml/jackson/dataformat/jackson-dataformat-cbor/2.12.1/jackson-dataformat-cbor-2.12.1.jar:/home/runner/.m2/repository/joda-time/joda-time/2.8.1/joda-time-2.8.1.jar:/home/runner/.m2/repository/com/amazonaws/aws-java-sdk-s3/1.11.901/aws-java-sdk-s3-1.11.901.jar:/home/runner/.m2/repository/com/amazonaws/aws-java-sdk-kms/1.11.901/aws-java-sdk-kms-1.11.901.jar:/home/runner/.m2/repository/com/amazonaws/jmespath-java/1.11.901/jmespath-java-1.11.901.jar:/home/runner/.m2/repository/org/kohsuke/metainf-services/metainf-services/1.8/metainf-services-1.8.jar:/home/runner/.m2/repository/org/apache/ozone/hdds-tools/1.2.0-SNAPSHOT/hdds-tools-1.2.0-SNAPSHOT.jar:/home/runner/.m2/repository/commons-cli/commons-cli/1.2/commons-cli-1.2.jar:/home/runner/.m2/repository/org/apache/commons/commons-lang3/3.7/commons-lang3-3.7.jar:/home/runner/.m2/repository/org/apache/ozone/ozone-manager/1.2.0-SNAPSHOT/ozone-manager-1.2.0-SNAPSHOT-tests.jar:/home/runner/.m2/repository/org/apache/ozone/hdds-common/1.2.0-SNAPSHOT/hdds-common-1.2.0-SNAPSHOT-tests.jar:/home/runner/.m2/repository/org/apache/ozone/hdds-hadoop-dependency-client/1.2.0-SNAPSHOT/hdds-hadoop-dependency-client-1.2.0-SNAPSHOT.jar:/home/runner/.m2/repository/info/picocli/picocli/4.6.1/picocli-4.6.1.jar:/home/runner/.m2/repository/com/fasterxml/jackson/core/jackson-annotations/2.12.1/jackson-annotations-2.12.1.jar:/home/runner/.m2/repository/javax/annotation/javax.annotation-api/1.2/javax.annotation-api-1.2.jar:/home/runner/.m2/repository/org/apache/ratis/ratis-server/2.1.0-03f3b68-SNAPSHOT/ratis-server-2.1.0-03f3b68-SNAPSHOT.jar:/home/runner/.m2/repository/org/apache/ratis/ratis-client/2.1.0-03f3b68-SNAPSHOT/ratis-client-2.1.0-03f3b68-SNAPSHOT.jar:/home/runner/.m2/repository/org/apache/ratis/ratis-server-api/2.1.0-03f3b68-SNAPSHOT/ratis-server-api-2.1.0-03f3b68-SNAPSHOT.jar:/home/runner/.m2/repository/org/apache/ratis/ratis-metrics/2.1.0-03f3b68-SNAPSHOT/ratis-metrics-2.1.0-03f3b68-SNAPSHOT.jar:/home/runner/.m2/repository/org/apache/ratis/ratis-netty/2.1.0-03f3b68-SNAPSHOT/ratis-netty-2.1.0-03f3b68-SNAPSHOT.jar:/home/runner/.m2/repository/org/apache/ratis/ratis-grpc/2.1.0-03f3b68-SNAPSHOT/ratis-grpc-2.1.0-03f3b68-SNAPSHOT.jar:/home/runner/.m2/repository/org/apache/logging/log4j/log4j-api/2.13.3/log4j-api-2.13.3.jar:/home/runner/.m2/repository/org/apache/logging/log4j/log4j-core/2.13.3/log4j-core-2.13.3.jar:/home/runner/.m2/repository/com/lmax/disruptor/3.4.2/disruptor-3.4.2.jar:/home/runner/.m2/repository/org/apache/commons/commons-pool2/2.6.0/commons-pool2-2.6.0.jar:/home/runner/.m2/repository/org/bouncycastle/bcpkix-jdk15on/1.67/bcpkix-jdk15on-1.67.jar:/home/runner/.m2/repository/commons-validator/commons-validator/1.6/commons-validator-1.6.jar:/home/runner/.m2/repository/commons-beanutils/commons-beanutils/1.9.4/commons-beanutils-1.9.4.jar:/home/runner/.m2/repository/commons-digester/commons-digester/1.8.1/commons-digester-1.8.1.jar:/home/runner/.m2/repository/commons-collections/commons-collections/3.2.2/commons-collections-3.2.2.jar:/home/runner/.m2/repository/io/jaegertracing/jaeger-client/1.6.0/jaeger-client-1.6.0.jar:/home/runner/.m2/repository/io/jaegertracing/jaeger-thrift/1.6.0/jaeger-thrift-1.6.0.jar:/home/runner/.m2/repository/org/apache/thrift/libthrift/0.14.1/libthrift-0.14.1.jar:/home/runner/.m2/repository/com/squareup/okhttp3/okhttp/4.9.0/okhttp-4.9.0.jar:/home/runner/.m2/repository/com/squareup/okio/okio/2.8.0/okio-2.8.0.jar:/home/runner/.m2/repository/io/jaegertracing/jaeger-core/1.6.0/jaeger-core-1.6.0.jar:/home/runner/.m2/repository/io/jaegertracing/jaeger-tracerresolver/1.6.0/jaeger-tracerresolver-1.6.0.jar:/home/runner/.m2/repository/io/opentracing/contrib/opentracing-tracerresolver/0.1.8/opentracing-tracerresolver-0.1.8.jar:/home/runner/.m2/repository/org/jetbrains/kotlin/kotlin-stdlib/1.4.31/kotlin-stdlib-1.4.31.jar:/home/runner/.m2/repository/org/jetbrains/kotlin/kotlin-stdlib-common/1.4.31/kotlin-stdlib-common-1.4.31.jar:/home/runner/.m2/repository/org/jetbrains/annotations/13.0/annotations-13.0.jar:/home/runner/.m2/repository/io/opentracing/opentracing-util/0.33.0/opentracing-util-0.33.0.jar:/home/runner/.m2/repository/io/opentracing/opentracing-api/0.33.0/opentracing-api-0.33.0.jar:/home/runner/.m2/repository/io/opentracing/opentracing-noop/0.33.0/opentracing-noop-0.33.0.jar:/home/runner/.m2/repository/org/yaml/snakeyaml/1.26/snakeyaml-1.26.jar:/home/runner/.m2/repository/org/apache/ozone/hdds-interface-admin/1.2.0-SNAPSHOT/hdds-interface-admin-1.2.0-SNAPSHOT.jar:/home/runner/.m2/repository/junit/junit/4.13.1/junit-4.13.1.jar:/home/runner/.m2/repository/org/hamcrest/hamcrest-core/1.3/hamcrest-core-1.3.jar:/home/runner/.m2/repository/org/junit/jupiter/junit-jupiter-api/5.7.0/junit-jupiter-api-5.7.0.jar:/home/runner/.m2/repository/org/apiguardian/apiguardian-api/1.1.0/apiguardian-api-1.1.0.jar:/home/runner/.m2/repository/org/opentest4j/opentest4j/1.2.0/opentest4j-1.2.0.jar:/home/runner/.m2/repository/org/junit/platform/junit-platform-commons/1.7.0/junit-platform-commons-1.7.0.jar:/home/runner/.m2/repository/org/junit/jupiter/junit-jupiter-engine/5.7.0/junit-jupiter-engine-5.7.0.jar:/home/runner/.m2/repository/org/junit/platform/junit-platform-engine/1.7.0/junit-platform-engine-1.7.0.jar:/home/runner/.m2/repository/org/junit/vintage/junit-vintage-engine/5.7.0/junit-vintage-engine-5.7.0.jar:/home/runner/.m2/repository/org/junit/platform/junit-platform-launcher/1.7.0/junit-platform-launcher-1.7.0.jar:/home/runner/.m2/repository/org/openjdk/jmh/jmh-core/1.19/jmh-core-1.19.jar:/home/runner/.m2/repository/net/sf/jopt-simple/jopt-simple/4.6/jopt-simple-4.6.jar:/home/runner/.m2/repository/org/apache/commons/commons-math3/3.1.1/commons-math3-3.1.1.jar:/home/runner/.m2/repository/org/openjdk/jmh/jmh-generator-annprocess/1.19/jmh-generator-annprocess-1.19.jar:/home/runner/.m2/repository/org/mockito/mockito-core/2.28.2/mockito-core-2.28.2.jar:/home/runner/.m2/repository/net/bytebuddy/byte-buddy/1.9.10/byte-buddy-1.9.10.jar:/home/runner/.m2/repository/net/bytebuddy/byte-buddy-agent/1.9.10/byte-buddy-agent-1.9.10.jar:/home/runner/.m2/repository/org/objenesis/objenesis/1.0/objenesis-1.0.jar:/home/runner/.m2/repository/org/apache/hadoop/hadoop-kms/3.3.1/hadoop-kms-3.3.1.jar:/home/runner/.m2/repository/org/apache/hadoop/hadoop-auth/3.3.1/hadoop-auth-3.3.1.jar:/home/runner/.m2/repository/com/nimbusds/nimbus-jose-jwt/7.9/nimbus-jose-jwt-7.9.jar:/home/runner/.m2/repository/com/github/stephenc/jcip/jcip-annotations/1.0-1/jcip-annotations-1.0-1.jar:/home/runner/.m2/repository/net/minidev/json-smart/2.3/json-smart-2.3.jar:/home/runner/.m2/repository/net/minidev/accessors-smart/1.2/accessors-smart-1.2.jar:/home/runner/.m2/repository/org/ow2/asm/asm/5.0.4/asm-5.0.4.jar:/home/runner/.m2/repository/org/apache/zookeeper/zookeeper/3.5.6/zookeeper-3.5.6.jar:/home/runner/.m2/repository/org/apache/zookeeper/zookeeper-jute/3.5.6/zookeeper-jute-3.5.6.jar:/home/runner/.m2/repository/org/apache/yetus/audience-annotations/0.5.0/audience-annotations-0.5.0.jar:/home/runner/.m2/repository/org/apache/curator/curator-framework/4.2.0/curator-framework-4.2.0.jar:/home/runner/.m2/repository/org/apache/hadoop/thirdparty/hadoop-shaded-guava/1.1.1/hadoop-shaded-guava-1.1.1.jar:/home/runner/.m2/repository/com/sun/jersey/jersey-core/1.19/jersey-core-1.19.jar:/home/runner/.m2/repository/javax/ws/rs/jsr311-api/1.1.1/jsr311-api-1.1.1.jar:/home/runner/.m2/repository/com/sun/jersey/jersey-server/1.19/jersey-server-1.19.jar:/home/runner/.m2/repository/javax/servlet/javax.servlet-api/3.1.0/javax.servlet-api-3.1.0.jar:/home/runner/.m2/repository/org/eclipse/jetty/jetty-server/9.4.43.v20210629/jetty-server-9.4.43.v20210629.jar:/home/runner/.m2/repository/org/eclipse/jetty/jetty-http/9.4.43.v20210629/jetty-http-9.4.43.v20210629.jar:/home/runner/.m2/repository/org/eclipse/jetty/jetty-io/9.4.43.v20210629/jetty-io-9.4.43.v20210629.jar:/home/runner/.m2/repository/org/eclipse/jetty/jetty-webapp/9.4.43.v20210629/jetty-webapp-9.4.43.v20210629.jar:/home/runner/.m2/repository/org/eclipse/jetty/jetty-xml/9.4.43.v20210629/jetty-xml-9.4.43.v20210629.jar:/home/runner/.m2/repository/org/apache/hadoop/hadoop-common/3.3.1/hadoop-common-3.3.1.jar:/home/runner/.m2/repository/commons-net/commons-net/3.6/commons-net-3.6.jar:/home/runner/.m2/repository/jakarta/activation/jakarta.activation-api/1.2.1/jakarta.activation-api-1.2.1.jar:/home/runner/.m2/repository/com/sun/jersey/jersey-servlet/1.19/jersey-servlet-1.19.jar:/home/runner/.m2/repository/com/sun/jersey/jersey-json/1.19/jersey-json-1.19.jar:/home/runner/.m2/repository/org/codehaus/jettison/jettison/1.1/jettison-1.1.jar:/home/runner/.m2/repository/com/sun/xml/bind/jaxb-impl/2.2.3-1/jaxb-impl-2.2.3-1.jar:/home/runner/.m2/repository/org/codehaus/jackson/jackson-jaxrs/1.9.2/jackson-jaxrs-1.9.2.jar:/home/runner/.m2/repository/org/codehaus/jackson/jackson-xc/1.9.2/jackson-xc-1.9.2.jar:/home/runner/.m2/repository/org/apache/commons/commons-configuration2/2.1.1/commons-configuration2-2.1.1.jar:/home/runner/.m2/repository/org/apache/commons/commons-text/1.4/commons-text-1.4.jar:/home/runner/.m2/repository/com/google/re2j/re2j/1.1/re2j-1.1.jar:/home/runner/.m2/repository/com/jcraft/jsch/0.1.54/jsch-0.1.54.jar:/home/runner/.m2/repository/org/apache/curator/curator-client/4.2.0/curator-client-4.2.0.jar:/home/runner/.m2/repository/org/apache/curator/curator-recipes/4.2.0/curator-recipes-4.2.0.jar:/home/runner/.m2/repository/org/apache/kerby/kerb-core/1.0.1/kerb-core-1.0.1.jar:/home/runner/.m2/repository/org/apache/kerby/kerby-pkix/1.0.1/kerby-pkix-1.0.1.jar:/home/runner/.m2/repository/org/apache/kerby/kerby-asn1/1.0.1/kerby-asn1-1.0.1.jar:/home/runner/.m2/repository/org/apache/kerby/kerby-util/1.0.1/kerby-util-1.0.1.jar:/home/runner/.m2/repository/dnsjava/dnsjava/2.1.7/dnsjava-2.1.7.jar:/home/runner/.m2/repository/org/xerial/snappy/snappy-java/1.1.8.2/snappy-java-1.1.8.2.jar:/home/runner/.m2/repository/org/slf4j/jul-to-slf4j/1.7.30/jul-to-slf4j-1.7.30.jar:/home/runner/.m2/repository/org/eclipse/jetty/jetty-util/9.4.43.v20210629/jetty-util-9.4.43.v20210629.jar:/home/runner/.m2/repository/com/fasterxml/jackson/core/jackson-databind/2.12.1/jackson-databind-2.12.1.jar:/home/runner/.m2/repository/org/apache/hadoop/hadoop-kms/3.3.1/hadoop-kms-3.3.1-tests.jar:/home/runner/.m2/repository/org/apache/ozone/hdds-server-scm/1.2.0-SNAPSHOT/hdds-server-scm-1.2.0-SNAPSHOT-tests.jar:/home/runner/.m2/repository/org/apache/ozone/hdds-container-service/1.2.0-SNAPSHOT/hdds-container-service-1.2.0-SNAPSHOT-tests.jar:/home/runner/.m2/repository/commons-codec/commons-codec/1.11/commons-codec-1.11.jar:/home/runner/.m2/repository/io/netty/netty-transport/4.1.63.Final/netty-transport-4.1.63.Final.jar:/home/runner/.m2/repository/io/netty/netty-resolver/4.1.63.Final/netty-resolver-4.1.63.Final.jar:/home/runner/.m2/repository/io/netty/netty-codec/4.1.63.Final/netty-codec-4.1.63.Final.jar:/home/runner/.m2/repository/io/netty/netty-handler/4.1.63.Final/netty-handler-4.1.63.Final.jar:/home/runner/.m2/repository/org/apache/ozone/hdds-hadoop-dependency-test/1.2.0-SNAPSHOT/hdds-hadoop-dependency-test-1.2.0-SNAPSHOT.jar:/home/runner/.m2/repository/org/apache/hadoop/hadoop-common/3.3.1/hadoop-common-3.3.1-tests.jar:/home/runner/.m2/repository/org/assertj/assertj-core/3.12.2/assertj-core-3.12.2.jar:/home/runner/.m2/repository/org/apache/hadoop/hadoop-hdfs/3.3.1/hadoop-hdfs-3.3.1-tests.jar:/home/runner/.m2/repository/org/eclipse/jetty/jetty-util-ajax/9.4.43.v20210629/jetty-util-ajax-9.4.43.v20210629.jar:/home/runner/.m2/repository/commons-daemon/commons-daemon/1.0.13/commons-daemon-1.0.13.jar:/home/runner/.m2/repository/io/netty/netty/3.10.6.Final/netty-3.10.6.Final.jar:/home/runner/.m2/repository/io/netty/netty-all/4.1.63.Final/netty-all-4.1.63.Final.jar:/home/runner/.m2/repository/org/apache/htrace/htrace-core4/4.1.0-incubating/htrace-core4-4.1.0-incubating.jar:/home/runner/.m2/repository/org/fusesource/leveldbjni/leveldbjni-all/1.8/leveldbjni-all-1.8.jar:/home/runner/.m2/repository/org/apache/hadoop/hadoop-distcp/3.3.1/hadoop-distcp-3.3.1.jar:/home/runner/.m2/repository/org/apache/hadoop/hadoop-mapreduce-client-jobclient/3.3.1/hadoop-mapreduce-client-jobclient-3.3.1.jar:/home/runner/.m2/repository/org/apache/hadoop/hadoop-mapreduce-client-common/3.3.1/hadoop-mapreduce-client-common-3.3.1.jar:/home/runner/.m2/repository/org/apache/hadoop/hadoop-yarn-common/3.3.1/hadoop-yarn-common-3.3.1.jar:/home/runner/.m2/repository/org/apache/hadoop/hadoop-yarn-api/3.3.1/hadoop-yarn-api-3.3.1.jar:/home/runner/.m2/repository/com/sun/jersey/jersey-client/1.19/jersey-client-1.19.jar:/home/runner/.m2/repository/com/sun/jersey/contribs/jersey-guice/1.19/jersey-guice-1.19.jar:/home/runner/.m2/repository/com/fasterxml/jackson/jaxrs/jackson-jaxrs-json-provider/2.12.1/jackson-jaxrs-json-provider-2.12.1.jar:/home/runner/.m2/repository/com/fasterxml/jackson/jaxrs/jackson-jaxrs-base/2.12.1/jackson-jaxrs-base-2.12.1.jar:/home/runner/.m2/repository/org/apache/hadoop/hadoop-yarn-client/3.3.1/hadoop-yarn-client-3.3.1.jar:/home/runner/.m2/repository/org/eclipse/jetty/websocket/websocket-client/9.4.40.v20210413/websocket-client-9.4.40.v20210413.jar:/home/runner/.m2/repository/org/eclipse/jetty/jetty-client/9.4.40.v20210413/jetty-client-9.4.40.v20210413.jar:/home/runner/.m2/repository/org/eclipse/jetty/websocket/websocket-common/9.4.40.v20210413/websocket-common-9.4.40.v20210413.jar:/home/runner/.m2/repository/org/eclipse/jetty/websocket/websocket-api/9.4.40.v20210413/websocket-api-9.4.40.v20210413.jar:/home/runner/.m2/repository/org/jline/jline/3.9.0/jline-3.9.0.jar:/home/runner/.m2/repository/org/apache/hadoop/hadoop-mapreduce-client-core/3.3.1/hadoop-mapreduce-client-core-3.3.1.jar:/home/runner/.m2/repository/org/apache/avro/avro/1.7.7/avro-1.7.7.jar:/home/runner/.m2/repository/org/codehaus/jackson/jackson-core-asl/1.9.13/jackson-core-asl-1.9.13.jar:/home/runner/.m2/repository/org/codehaus/jackson/jackson-mapper-asl/1.9.13/jackson-mapper-asl-1.9.13.jar:/home/runner/.m2/repository/com/thoughtworks/paranamer/paranamer/2.3/paranamer-2.3.jar:/home/runner/.m2/repository/org/apache/hadoop/hadoop-annotations/3.3.1/hadoop-annotations-3.3.1.jar:/usr/lib/jvm/adoptopenjdk-8-hotspot-amd64/jre/../lib/tools.jar:/home/runner/.m2/repository/org/apache/hadoop/hadoop-distcp/3.3.1/hadoop-distcp-3.3.1-tests.jar:/home/runner/.m2/repository/org/apache/ratis/ratis-common/2.1.0-03f3b68-SNAPSHOT/ratis-common-2.1.0-03f3b68-SNAPSHOT.jar:/home/runner/.m2/repository/org/apache/ratis/ratis-thirdparty-misc/0.7.0/ratis-thirdparty-misc-0.7.0.jar:/home/runner/.m2/repository/org/apache/ratis/ratis-proto/2.1.0-03f3b68-SNAPSHOT/ratis-proto-2.1.0-03f3b68-SNAPSHOT.jar:"/>
    <property name="sun.cpu.endian" value="little"/>
    <property name="user.home" value="/home/runner"/>
    <property name="user.language" value="en"/>
    <property name="java.specification.vendor" value="Oracle Corporation"/>
    <property name="java.home" value="/usr/lib/jvm/adoptopenjdk-8-hotspot-amd64/jre"/>
    <property name="java.security.krb5.conf" value="/home/runner/work/ozone/ozone/hadoop-ozone/integration-test/target/test-classes/krb5.conf"/>
    <property name="basedir" value="/home/runner/work/ozone/ozone/hadoop-ozone/integration-test"/>
    <property name="file.separator" value="/"/>
    <property name="line.separator" value="&#10;"/>
    <property name="java.vm.specification.vendor" value="Oracle Corporation"/>
    <property name="java.specification.name" value="Java Platform API Specification"/>
    <property name="java.awt.graphicsenv" value="sun.awt.X11GraphicsEnvironment"/>
    <property name="skip.installnpx" value="true"/>
    <property name="surefire.real.class.path" value="/home/runner/work/ozone/ozone/hadoop-ozone/integration-test/target/surefire/surefirebooter4035905773377051453.jar:/home/runner/.m2/repository/org/jacoco/org.jacoco.agent/0.8.5/org.jacoco.agent-0.8.5-runtime.jar"/>
    <property name="hadoop.log.dir" value="/home/runner/work/ozone/ozone/hadoop-ozone/integration-test/target/log"/>
    <property name="sun.boot.class.path" value="/usr/lib/jvm/adoptopenjdk-8-hotspot-amd64/jre/lib/resources.jar:/usr/lib/jvm/adoptopenjdk-8-hotspot-amd64/jre/lib/rt.jar:/usr/lib/jvm/adoptopenjdk-8-hotspot-amd64/jre/lib/sunrsasign.jar:/usr/lib/jvm/adoptopenjdk-8-hotspot-amd64/jre/lib/jsse.jar:/usr/lib/jvm/adoptopenjdk-8-hotspot-amd64/jre/lib/jce.jar:/usr/lib/jvm/adoptopenjdk-8-hotspot-amd64/jre/lib/charsets.jar:/usr/lib/jvm/adoptopenjdk-8-hotspot-amd64/jre/lib/jfr.jar:/usr/lib/jvm/adoptopenjdk-8-hotspot-amd64/jre/classes"/>
    <property name="sun.management.compiler" value="HotSpot 64-Bit Tiered Compilers"/>
    <property name="skip.npx" value="true"/>
    <property name="java.runtime.version" value="1.8.0_292-b10"/>
    <property name="java.net.preferIPv4Stack" value="true"/>
    <property name="user.name" value="runner"/>
    <property name="path.separator" value=":"/>
    <property name="java.security.egd" value="file:///dev/urandom"/>
    <property name="os.version" value="5.4.0-1059-azure"/>
    <property name="java.endorsed.dirs" value="/usr/lib/jvm/adoptopenjdk-8-hotspot-amd64/jre/lib/endorsed"/>
    <property name="java.runtime.name" value="OpenJDK Runtime Environment"/>
    <property name="file.encoding" value="UTF-8"/>
    <property name="java.vm.name" value="OpenJDK 64-Bit Server VM"/>
    <property name="test.build.webapps" value=""/>
    <property name="localRepository" value="/home/runner/.m2/repository"/>
    <property name="java.vendor.url.bug" value="https://github.com/AdoptOpenJDK/openjdk-support/issues"/>
    <property name="java.io.tmpdir" value="/tmp"/>
    <property name="require.test.libhadoop" value=""/>
    <property name="java.version" value="1.8.0_292"/>
    <property name="user.dir" value="/home/runner/work/ozone/ozone/hadoop-ozone/integration-test"/>
    <property name="os.arch" value="amd64"/>
    <property name="java.vm.specification.name" value="Java Virtual Machine Specification"/>
    <property name="test.build.classes" value="/home/runner/work/ozone/ozone/hadoop-ozone/integration-test/target/test-classes"/>
    <property name="java.awt.printerjob" value="sun.print.PSPrinterJob"/>
    <property name="sun.os.patch.level" value="unknown"/>
    <property name="hadoop.tmp.dir" value="/home/runner/work/ozone/ozone/hadoop-ozone/integration-test/target/tmp"/>
    <property name="java.library.path" value="/usr/java/packages/lib/amd64:/usr/lib64:/lib64:/lib:/usr/lib"/>
    <property name="java.vm.info" value="mixed mode"/>
    <property name="java.vendor" value="AdoptOpenJDK"/>
    <property name="java.vm.version" value="25.292-b10"/>
    <property name="java.ext.dirs" value="/usr/lib/jvm/adoptopenjdk-8-hotspot-amd64/jre/lib/ext:/usr/java/packages/lib/ext"/>
    <property name="sun.io.unicode.encoding" value="UnicodeLittle"/>
    <property name="java.class.version" value="52.0"/>
  </properties>
  <testcase name="testMultipartUpload" classname="org.apache.hadoop.ozone.om.TestOzoneManagerHAWithData" time="9.824"/>
  <testcase name="testOMRatisSnapshot" classname="org.apache.hadoop.ozone.om.TestOzoneManagerHAWithData" time="300.024">
    <error message="test timed out after 300 seconds" type="org.junit.runners.model.TestTimedOutException">org.junit.runners.model.TestTimedOutException: test timed out after 300 seconds
	at java.lang.Object.wait(Native Method)
	at java.lang.Object.wait(Object.java:502)
	at org.apache.hadoop.util.concurrent.AsyncGet$Util.wait(AsyncGet.java:59)
	at org.apache.hadoop.ipc.Client.getRpcResponse(Client.java:1561)
	at org.apache.hadoop.ipc.Client.call(Client.java:1519)
	at org.apache.hadoop.ipc.Client.call(Client.java:1416)
	at org.apache.hadoop.ipc.ProtobufRpcEngine$Invoker.invoke(ProtobufRpcEngine.java:236)
	at org.apache.hadoop.ipc.ProtobufRpcEngine$Invoker.invoke(ProtobufRpcEngine.java:123)
	at com.sun.proxy.$Proxy51.submitRequest(Unknown Source)
	at sun.reflect.GeneratedMethodAccessor42.invoke(Unknown Source)
	at sun.reflect.DelegatingMethodAccessorImpl.invoke(DelegatingMethodAccessorImpl.java:43)
	at java.lang.reflect.Method.invoke(Method.java:498)
	at org.apache.hadoop.io.retry.RetryInvocationHandler.invokeMethod(RetryInvocationHandler.java:422)
	at org.apache.hadoop.io.retry.RetryInvocationHandler$Call.invokeMethod(RetryInvocationHandler.java:165)
	at org.apache.hadoop.io.retry.RetryInvocationHandler$Call.invoke(RetryInvocationHandler.java:157)
	at org.apache.hadoop.io.retry.RetryInvocationHandler$Call.invokeOnce(RetryInvocationHandler.java:95)
	at org.apache.hadoop.io.retry.RetryInvocationHandler.invoke(RetryInvocationHandler.java:359)
	at com.sun.proxy.$Proxy51.submitRequest(Unknown Source)
	at org.apache.hadoop.ozone.om.protocolPB.Hadoop3OmTransport.submitRequest(Hadoop3OmTransport.java:80)
	at org.apache.hadoop.ozone.om.protocolPB.OzoneManagerProtocolClientSideTranslatorPB.submitRequest(OzoneManagerProtocolClientSideTranslatorPB.java:230)
	at org.apache.hadoop.ozone.om.protocolPB.OzoneManagerProtocolClientSideTranslatorPB.openKey(OzoneManagerProtocolClientSideTranslatorPB.java:604)
	at org.apache.hadoop.ozone.client.rpc.RpcClient.createKey(RpcClient.java:801)
	at org.apache.hadoop.ozone.client.rpc.RpcClient.createKey(RpcClient.java:758)
	at org.apache.hadoop.ozone.client.OzoneBucket.createKey(OzoneBucket.java:511)
	at org.apache.hadoop.ozone.om.TestOzoneManagerHA.createKey(TestOzoneManagerHA.java:219)
	at org.apache.hadoop.ozone.om.TestOzoneManagerHAWithData.testOMRatisSnapshot(TestOzoneManagerHAWithData.java:377)
	at sun.reflect.NativeMethodAccessorImpl.invoke0(Native Method)
	at sun.reflect.NativeMethodAccessorImpl.invoke(NativeMethodAccessorImpl.java:62)
	at sun.reflect.DelegatingMethodAccessorImpl.invoke(DelegatingMethodAccessorImpl.java:43)
	at java.lang.reflect.Method.invoke(Method.java:498)
	at org.junit.runners.model.FrameworkMethod$1.runReflectiveCall(FrameworkMethod.java:59)
	at org.junit.internal.runners.model.ReflectiveCallable.run(ReflectiveCallable.java:12)
	at org.junit.runners.model.FrameworkMethod.invokeExplosively(FrameworkMethod.java:56)
	at org.junit.internal.runners.statements.InvokeMethod.evaluate(InvokeMethod.java:17)
	at org.junit.internal.runners.statements.RunAfters.evaluate(RunAfters.java:27)
	at org.junit.rules.ExpectedException$ExpectedExceptionStatement.evaluate(ExpectedException.java:258)
	at org.junit.internal.runners.statements.FailOnTimeout$CallableStatement.call(FailOnTimeout.java:288)
	at org.junit.internal.runners.statements.FailOnTimeout$CallableStatement.call(FailOnTimeout.java:282)
	at java.util.concurrent.FutureTask.run(FutureTask.java:266)
	at java.lang.Thread.run(Thread.java:748)
</error>
    <system-out><![CDATA[2021-10-05 22:51:54,686 [Time-limited test] INFO  rpc.RpcClient (RpcClient.java:createVolume(342)) - Creating Volume: volume21477, with user27743 as owner and space quota set to -1 bytes, counts quota set to -1
2021-10-05 22:51:54,688 [Time-limited test] INFO  retry.RetryInvocationHandler (RetryInvocationHandler.java:log(411)) - com.google.protobuf.ServiceException: java.io.EOFException: End of File Exception between local host is: "fv-az270-531/10.1.0.27"; destination host is: "localhost":12700; : java.io.EOFException; For more details see:  http://wiki.apache.org/hadoop/EOFException, while invoking $Proxy51.submitRequest over nodeId=omNode-3,nodeAddress=127.0.0.1:12700. Trying to failover after sleeping for 2000ms.
2021-10-05 22:51:55,396 [omNode-3@group-523986131536-FollowerState] INFO  impl.FollowerState (FollowerState.java:run(134)) - omNode-3@group-523986131536-FollowerState: change to CANDIDATE, lastRpcElapsedTime:1025485713ns, electionTimeout:1025ms
2021-10-05 22:51:55,396 [omNode-3@group-523986131536-FollowerState] INFO  impl.RoleInfo (RoleInfo.java:shutdownFollowerState(108)) - omNode-3: shutdown omNode-3@group-523986131536-FollowerState
2021-10-05 22:51:55,396 [omNode-3@group-523986131536-FollowerState] INFO  server.RaftServer$Division (RaftServerImpl.java:setRole(285)) - omNode-3@group-523986131536: changes role from  FOLLOWER to CANDIDATE at term 4 for changeToCandidate
2021-10-05 22:51:55,396 [omNode-3@group-523986131536-FollowerState] INFO  server.RaftServerConfigKeys (ConfUtils.java:logGet(44)) - raft.server.leaderelection.pre-vote = false (custom)
2021-10-05 22:51:55,396 [omNode-3@group-523986131536-FollowerState] INFO  impl.RoleInfo (RoleInfo.java:updateAndGet(130)) - omNode-3: start omNode-3@group-523986131536-LeaderElection18
2021-10-05 22:51:55,399 [omNode-3@group-523986131536-LeaderElection18] INFO  impl.LeaderElection (LeaderElection.java:askForVotes(306)) - omNode-3@group-523986131536-LeaderElection18 ELECTION round 0: submit vote requests at term 5 for 21: [omNode-3|rpc:localhost:12704|admin:|client:|dataStream:|priority:0, omNode-1|rpc:localhost:12692|admin:|client:|dataStream:|priority:0, omNode-2|rpc:localhost:12698|admin:|client:|dataStream:|priority:0], old=null
2021-10-05 22:51:55,412 [grpc-default-executor-1] INFO  server.RaftServer$Division (RaftServerImpl.java:requestVote(1043)) - omNode-2@group-523986131536: receive requestVote(ELECTION, omNode-3, group-523986131536, 5, (t:4, i:30))
2021-10-05 22:51:55,413 [grpc-default-executor-1] INFO  impl.VoteContext (VoteContext.java:log(48)) - omNode-2@group-523986131536-FOLLOWER: accept ELECTION from omNode-3: our priority 0 <= candidate's priority 0
2021-10-05 22:51:55,413 [grpc-default-executor-1] INFO  server.RaftServer$Division (RaftServerImpl.java:setRole(285)) - omNode-2@group-523986131536: changes role from  FOLLOWER to FOLLOWER at term 5 for candidate:omNode-3
2021-10-05 22:51:55,413 [grpc-default-executor-1] INFO  impl.RoleInfo (RoleInfo.java:shutdownFollowerState(108)) - omNode-2: shutdown omNode-2@group-523986131536-FollowerState
2021-10-05 22:51:55,413 [grpc-default-executor-1] INFO  impl.RoleInfo (RoleInfo.java:updateAndGet(130)) - omNode-2: start omNode-2@group-523986131536-FollowerState
2021-10-05 22:51:55,413 [omNode-2@group-523986131536-FollowerState] INFO  impl.FollowerState (FollowerState.java:run(143)) - omNode-2@group-523986131536-FollowerState was interrupted: {}
java.lang.InterruptedException: sleep interrupted
	at java.lang.Thread.sleep(Native Method)
	at java.lang.Thread.sleep(Thread.java:340)
	at java.util.concurrent.TimeUnit.sleep(TimeUnit.java:386)
	at org.apache.ratis.util.TimeDuration.sleep(TimeDuration.java:324)
	at org.apache.ratis.util.TimeDuration.sleep(TimeDuration.java:309)
	at org.apache.ratis.server.impl.FollowerState.run(FollowerState.java:118)
2021-10-05 22:51:55,417 [grpc-default-executor-1] INFO  server.RaftServer$Division (RaftServerImpl.java:requestVote(1075)) - omNode-2@group-523986131536 replies to ELECTION vote request: omNode-3<-omNode-2#0:OK-t5. Peer's state: omNode-2@group-523986131536:t5, leader=null, voted=omNode-3, raftlog=omNode-2@group-523986131536-SegmentedRaftLog:OPENED:c29,f30,i30, conf=21: [omNode-3|rpc:localhost:12704|admin:|client:|dataStream:|priority:0, omNode-1|rpc:localhost:12692|admin:|client:|dataStream:|priority:0, omNode-2|rpc:localhost:12698|admin:|client:|dataStream:|priority:0], old=null
2021-10-05 22:51:55,418 [omNode-3@group-523986131536-LeaderElection18] INFO  impl.LeaderElection (LeaderElection.java:logAndReturn(89)) - omNode-3@group-523986131536-LeaderElection18: ELECTION PASSED received 1 response(s) and 0 exception(s):
2021-10-05 22:51:55,418 [omNode-3@group-523986131536-LeaderElection18] INFO  impl.LeaderElection (LeaderElection.java:logAndReturn(93)) -   Response 0: omNode-3<-omNode-2#0:OK-t5
2021-10-05 22:51:55,418 [omNode-3@group-523986131536-LeaderElection18] INFO  impl.LeaderElection (LeaderElection.java:askForVotes(308)) - omNode-3@group-523986131536-LeaderElection18 ELECTION round 0: result PASSED
2021-10-05 22:51:55,418 [omNode-3@group-523986131536-LeaderElection18] INFO  impl.RoleInfo (RoleInfo.java:shutdownLeaderElection(121)) - omNode-3: shutdown omNode-3@group-523986131536-LeaderElection18
2021-10-05 22:51:55,418 [omNode-3@group-523986131536-LeaderElection18] INFO  server.RaftServer$Division (RaftServerImpl.java:setRole(285)) - omNode-3@group-523986131536: changes role from CANDIDATE to LEADER at term 5 for changeToLeader
2021-10-05 22:51:55,418 [omNode-3@group-523986131536-LeaderElection18] INFO  server.RaftServer$Division (ServerState.java:setLeader(285)) - omNode-3@group-523986131536: change Leader from null to omNode-3 at term 5 for becomeLeader, leader elected after 1059ms
2021-10-05 22:51:55,418 [omNode-3@group-523986131536-LeaderElection18] INFO  server.RaftServerConfigKeys (ConfUtils.java:logGet(44)) - raft.server.staging.catchup.gap = 1000 (default)
2021-10-05 22:51:55,418 [omNode-3@group-523986131536-LeaderElection18] INFO  server.RaftServerConfigKeys (ConfUtils.java:logGet(44)) - raft.server.write.element-limit = 4096 (default)
2021-10-05 22:51:55,418 [omNode-3@group-523986131536-LeaderElection18] INFO  server.RaftServerConfigKeys (ConfUtils.java:logGet(44)) - raft.server.write.byte-limit = 64MB (=67108864) (default)
2021-10-05 22:51:55,419 [omNode-3@group-523986131536-LeaderElection18] INFO  server.RaftServerConfigKeys (ConfUtils.java:logGet(44)) - raft.server.watch.timeout = 10s (default)
2021-10-05 22:51:55,419 [omNode-3@group-523986131536-LeaderElection18] INFO  server.RaftServerConfigKeys (ConfUtils.java:logGet(44)) - raft.server.watch.timeout.denomination = 1s (default)
2021-10-05 22:51:55,419 [omNode-3@group-523986131536-LeaderElection18] INFO  server.RaftServerConfigKeys (ConfUtils.java:logGet(44)) - raft.server.watch.element-limit = 65536 (default)
2021-10-05 22:51:55,419 [omNode-3@group-523986131536-LeaderElection18] INFO  server.RaftServerConfigKeys (ConfUtils.java:logGet(44)) - raft.server.log.appender.snapshot.chunk.size.max = 16MB (=16777216) (default)
2021-10-05 22:51:55,420 [omNode-3@group-523986131536-LeaderElection18] INFO  server.RaftServerConfigKeys (ConfUtils.java:logGet(44)) - raft.server.log.appender.buffer.byte-limit = 33554432 (custom)
2021-10-05 22:51:55,420 [omNode-3@group-523986131536-LeaderElection18] INFO  server.RaftServerConfigKeys (ConfUtils.java:logGet(44)) - raft.server.log.appender.buffer.element-limit = 1024 (custom)
2021-10-05 22:51:55,420 [omNode-3@group-523986131536-LeaderElection18] INFO  grpc.GrpcConfigKeys (ConfUtils.java:logGet(44)) - raft.grpc.server.leader.outstanding.appends.max = 128 (default)
2021-10-05 22:51:55,420 [omNode-3@group-523986131536-LeaderElection18] INFO  server.RaftServerConfigKeys (ConfUtils.java:logGet(44)) - raft.server.rpc.request.timeout = 3000ms (default)
2021-10-05 22:51:55,420 [omNode-3@group-523986131536-LeaderElection18] INFO  server.RaftServerConfigKeys (ConfUtils.java:logGet(44)) - raft.server.log.appender.install.snapshot.enabled = false (custom)
2021-10-05 22:51:55,421 [omNode-3@group-523986131536-LeaderElection18] INFO  server.RaftServerConfigKeys (ConfUtils.java:logGet(44)) - raft.server.log.appender.snapshot.chunk.size.max = 16MB (=16777216) (default)
2021-10-05 22:51:55,421 [omNode-3@group-523986131536-LeaderElection18] INFO  server.RaftServerConfigKeys (ConfUtils.java:logGet(44)) - raft.server.log.appender.buffer.byte-limit = 33554432 (custom)
2021-10-05 22:51:55,421 [omNode-3@group-523986131536-LeaderElection18] INFO  server.RaftServerConfigKeys (ConfUtils.java:logGet(44)) - raft.server.log.appender.buffer.element-limit = 1024 (custom)
2021-10-05 22:51:55,421 [grpc-default-executor-4] INFO  server.RaftServer$Division (RaftServerImpl.java:requestVote(1043)) - omNode-1@group-523986131536: receive requestVote(ELECTION, omNode-3, group-523986131536, 5, (t:4, i:30))
2021-10-05 22:51:55,422 [grpc-default-executor-4] INFO  impl.VoteContext (VoteContext.java:log(48)) - omNode-1@group-523986131536-FOLLOWER: accept ELECTION from omNode-3: our last entry (t:3, i:20) < candidate's last entry (t:4, i:30)
2021-10-05 22:51:55,422 [grpc-default-executor-4] INFO  server.RaftServer$Division (RaftServerImpl.java:setRole(285)) - omNode-1@group-523986131536: changes role from  FOLLOWER to FOLLOWER at term 5 for candidate:omNode-3
2021-10-05 22:51:55,422 [grpc-default-executor-4] INFO  impl.RoleInfo (RoleInfo.java:shutdownFollowerState(108)) - omNode-1: shutdown omNode-1@group-523986131536-FollowerState
2021-10-05 22:51:55,422 [grpc-default-executor-4] INFO  impl.RoleInfo (RoleInfo.java:updateAndGet(130)) - omNode-1: start omNode-1@group-523986131536-FollowerState
2021-10-05 22:51:55,422 [omNode-1@group-523986131536-FollowerState] INFO  impl.FollowerState (FollowerState.java:run(143)) - omNode-1@group-523986131536-FollowerState was interrupted: {}
java.lang.InterruptedException: sleep interrupted
	at java.lang.Thread.sleep(Native Method)
	at java.lang.Thread.sleep(Thread.java:340)
	at java.util.concurrent.TimeUnit.sleep(TimeUnit.java:386)
	at org.apache.ratis.util.TimeDuration.sleep(TimeDuration.java:324)
	at org.apache.ratis.util.TimeDuration.sleep(TimeDuration.java:309)
	at org.apache.ratis.server.impl.FollowerState.run(FollowerState.java:118)
2021-10-05 22:51:55,424 [omNode-3@group-523986131536-LeaderElection18] INFO  grpc.GrpcConfigKeys (ConfUtils.java:logGet(44)) - raft.grpc.server.leader.outstanding.appends.max = 128 (default)
2021-10-05 22:51:55,424 [omNode-3@group-523986131536-LeaderElection18] INFO  server.RaftServerConfigKeys (ConfUtils.java:logGet(44)) - raft.server.rpc.request.timeout = 3000ms (default)
2021-10-05 22:51:55,424 [omNode-3@group-523986131536-LeaderElection18] INFO  server.RaftServerConfigKeys (ConfUtils.java:logGet(44)) - raft.server.log.appender.install.snapshot.enabled = false (custom)
2021-10-05 22:51:55,424 [omNode-3@group-523986131536-LeaderElection18] INFO  impl.RoleInfo (RoleInfo.java:updateAndGet(130)) - omNode-3: start omNode-3@group-523986131536-LeaderStateImpl
2021-10-05 22:51:55,425 [omNode-3@group-523986131536-LeaderElection18] INFO  segmented.SegmentedRaftLogWorker (SegmentedRaftLogWorker.java:rollLogSegment(399)) - omNode-3@group-523986131536-SegmentedRaftLogWorker: Rolling segment log-21_30 to index:30
2021-10-05 22:51:55,426 [omNode-3@group-523986131536-SegmentedRaftLogWorker] INFO  segmented.SegmentedRaftLogWorker (SegmentedRaftLogWorker.java:execute(558)) - omNode-3@group-523986131536-SegmentedRaftLogWorker: Rolled log segment from /home/runner/work/ozone/ozone/hadoop-ozone/integration-test/target/test-dir/MiniOzoneClusterImpl-f8e39ada-e44e-4294-9284-b27e2ab30ff8/omNode-3/ratis/c9bc4cf4-3bc3-3c60-a66b-523986131536/current/log_inprogress_21 to /home/runner/work/ozone/ozone/hadoop-ozone/integration-test/target/test-dir/MiniOzoneClusterImpl-f8e39ada-e44e-4294-9284-b27e2ab30ff8/omNode-3/ratis/c9bc4cf4-3bc3-3c60-a66b-523986131536/current/log_21-30
2021-10-05 22:51:55,428 [grpc-default-executor-4] INFO  server.RaftServer$Division (RaftServerImpl.java:requestVote(1075)) - omNode-1@group-523986131536 replies to ELECTION vote request: omNode-3<-omNode-1#0:OK-t5. Peer's state: omNode-1@group-523986131536:t5, leader=null, voted=omNode-3, raftlog=omNode-1@group-523986131536-SegmentedRaftLog:OPENED:c19,f20,i20, conf=0: [omNode-3|rpc:localhost:12704|admin:|client:|dataStream:|priority:0, omNode-1|rpc:localhost:12692|admin:|client:|dataStream:|priority:0, omNode-2|rpc:localhost:12698|admin:|client:|dataStream:|priority:0], old=null
2021-10-05 22:51:55,434 [omNode-3@group-523986131536-SegmentedRaftLogWorker] INFO  segmented.SegmentedRaftLogWorker (SegmentedRaftLogWorker.java:execute(601)) - omNode-3@group-523986131536-SegmentedRaftLogWorker: created new log segment /home/runner/work/ozone/ozone/hadoop-ozone/integration-test/target/test-dir/MiniOzoneClusterImpl-f8e39ada-e44e-4294-9284-b27e2ab30ff8/omNode-3/ratis/c9bc4cf4-3bc3-3c60-a66b-523986131536/current/log_inprogress_31
2021-10-05 22:51:55,441 [grpc-default-executor-4] INFO  server.RaftServer$Division (ServerState.java:setLeader(285)) - omNode-1@group-523986131536: change Leader from null to omNode-3 at term 5 for appendEntries, leader elected after 935ms
2021-10-05 22:51:55,442 [grpc-default-executor-4] INFO  server.RaftServer$Division (RaftServerImpl.java:checkInconsistentAppendEntries(1319)) - omNode-1@group-523986131536: Failed appendEntries as previous log entry ((t:4, i:30)) is not found
2021-10-05 22:51:55,442 [grpc-default-executor-4] INFO  server.RaftServer$Division (RaftServerImpl.java:checkInconsistentAppendEntries(1285)) - omNode-1@group-523986131536: inconsistency entries. Reply:omNode-3<-omNode-1#0:FAIL-t5,INCONSISTENCY,nextIndex=21,followerCommit=19
2021-10-05 22:51:55,443 [omNode-3@group-523986131536-LeaderElection18] INFO  server.RaftServer$Division (ServerState.java:setRaftConf(387)) - omNode-3@group-523986131536: set configuration 31: [omNode-3|rpc:localhost:12704|admin:|client:|dataStream:|priority:0, omNode-1|rpc:localhost:12692|admin:|client:|dataStream:|priority:0, omNode-2|rpc:localhost:12698|admin:|client:|dataStream:|priority:0], old=null
2021-10-05 22:51:55,455 [grpc-default-executor-4] INFO  leader.FollowerInfo (FollowerInfoImpl.java:lambda$new$0(46)) - omNode-3@group-523986131536->omNode-1: nextIndex: updateUnconditionally 32 -> 21
2021-10-05 22:51:55,458 [grpc-default-executor-1] INFO  server.RaftServer$Division (RaftServerImpl.java:checkInconsistentAppendEntries(1319)) - omNode-1@group-523986131536: Failed appendEntries as previous log entry ((t:4, i:30)) is not found
2021-10-05 22:51:55,458 [grpc-default-executor-1] INFO  server.RaftServer$Division (RaftServerImpl.java:checkInconsistentAppendEntries(1285)) - omNode-1@group-523986131536: inconsistency entries. Reply:omNode-3<-omNode-1#1:FAIL-t5,INCONSISTENCY,nextIndex=21,followerCommit=19
2021-10-05 22:51:55,459 [grpc-default-executor-2] INFO  server.RaftServer$Division (ServerState.java:setLeader(285)) - omNode-2@group-523986131536: change Leader from null to omNode-3 at term 5 for appendEntries, leader elected after 822ms
2021-10-05 22:51:55,459 [grpc-default-executor-4] INFO  leader.FollowerInfo (FollowerInfoImpl.java:lambda$new$0(46)) - omNode-3@group-523986131536->omNode-1: nextIndex: updateUnconditionally 32 -> 21
2021-10-05 22:51:55,464 [grpc-default-executor-1] INFO  server.RaftServer$Division (ServerState.java:setRaftConf(387)) - omNode-1@group-523986131536: set configuration 21: [omNode-3|rpc:localhost:12704|admin:|client:|dataStream:|priority:0, omNode-1|rpc:localhost:12692|admin:|client:|dataStream:|priority:0, omNode-2|rpc:localhost:12698|admin:|client:|dataStream:|priority:0], old=null
2021-10-05 22:51:55,464 [grpc-default-executor-1] INFO  server.RaftServer$Division (ServerState.java:setRaftConf(387)) - omNode-1@group-523986131536: set configuration 31: [omNode-3|rpc:localhost:12704|admin:|client:|dataStream:|priority:0, omNode-1|rpc:localhost:12692|admin:|client:|dataStream:|priority:0, omNode-2|rpc:localhost:12698|admin:|client:|dataStream:|priority:0], old=null
2021-10-05 22:51:55,464 [grpc-default-executor-1] INFO  segmented.SegmentedRaftLogWorker (SegmentedRaftLogWorker.java:rollLogSegment(399)) - omNode-1@group-523986131536-SegmentedRaftLogWorker: Rolling segment log-0_20 to index:20
2021-10-05 22:51:55,465 [grpc-default-executor-1] INFO  segmented.SegmentedRaftLogWorker (SegmentedRaftLogWorker.java:rollLogSegment(399)) - omNode-1@group-523986131536-SegmentedRaftLogWorker: Rolling segment log-21_30 to index:30
2021-10-05 22:51:55,466 [grpc-default-executor-1] INFO  server.RaftServer$Division (ServerState.java:setRaftConf(387)) - omNode-1@group-523986131536: set configuration 21: [omNode-3|rpc:localhost:12704|admin:|client:|dataStream:|priority:0, omNode-1|rpc:localhost:12692|admin:|client:|dataStream:|priority:0, omNode-2|rpc:localhost:12698|admin:|client:|dataStream:|priority:0], old=null
2021-10-05 22:51:55,466 [grpc-default-executor-1] INFO  server.RaftServer$Division (ServerState.java:setRaftConf(387)) - omNode-1@group-523986131536: set configuration 31: [omNode-3|rpc:localhost:12704|admin:|client:|dataStream:|priority:0, omNode-1|rpc:localhost:12692|admin:|client:|dataStream:|priority:0, omNode-2|rpc:localhost:12698|admin:|client:|dataStream:|priority:0], old=null
2021-10-05 22:51:55,469 [grpc-default-executor-2] INFO  server.RaftServer$Division (ServerState.java:setRaftConf(387)) - omNode-2@group-523986131536: set configuration 31: [omNode-3|rpc:localhost:12704|admin:|client:|dataStream:|priority:0, omNode-1|rpc:localhost:12692|admin:|client:|dataStream:|priority:0, omNode-2|rpc:localhost:12698|admin:|client:|dataStream:|priority:0], old=null
2021-10-05 22:51:55,469 [omNode-1@group-523986131536-SegmentedRaftLogWorker] INFO  segmented.SegmentedRaftLogWorker (SegmentedRaftLogWorker.java:execute(558)) - omNode-1@group-523986131536-SegmentedRaftLogWorker: Rolled log segment from /home/runner/work/ozone/ozone/hadoop-ozone/integration-test/target/test-dir/MiniOzoneClusterImpl-f8e39ada-e44e-4294-9284-b27e2ab30ff8/omNode-1/ratis/c9bc4cf4-3bc3-3c60-a66b-523986131536/current/log_inprogress_0 to /home/runner/work/ozone/ozone/hadoop-ozone/integration-test/target/test-dir/MiniOzoneClusterImpl-f8e39ada-e44e-4294-9284-b27e2ab30ff8/omNode-1/ratis/c9bc4cf4-3bc3-3c60-a66b-523986131536/current/log_0-20
2021-10-05 22:51:55,469 [grpc-default-executor-2] INFO  segmented.SegmentedRaftLogWorker (SegmentedRaftLogWorker.java:rollLogSegment(399)) - omNode-2@group-523986131536-SegmentedRaftLogWorker: Rolling segment log-21_30 to index:30
2021-10-05 22:51:55,470 [omNode-2@group-523986131536-SegmentedRaftLogWorker] INFO  segmented.SegmentedRaftLogWorker (SegmentedRaftLogWorker.java:execute(558)) - omNode-2@group-523986131536-SegmentedRaftLogWorker: Rolled log segment from /home/runner/work/ozone/ozone/hadoop-ozone/integration-test/target/test-dir/MiniOzoneClusterImpl-f8e39ada-e44e-4294-9284-b27e2ab30ff8/omNode-2/ratis/c9bc4cf4-3bc3-3c60-a66b-523986131536/current/log_inprogress_21 to /home/runner/work/ozone/ozone/hadoop-ozone/integration-test/target/test-dir/MiniOzoneClusterImpl-f8e39ada-e44e-4294-9284-b27e2ab30ff8/omNode-2/ratis/c9bc4cf4-3bc3-3c60-a66b-523986131536/current/log_21-30
2021-10-05 22:51:55,478 [omNode-1@group-523986131536-SegmentedRaftLogWorker] INFO  segmented.SegmentedRaftLogWorker (SegmentedRaftLogWorker.java:execute(601)) - omNode-1@group-523986131536-SegmentedRaftLogWorker: created new log segment /home/runner/work/ozone/ozone/hadoop-ozone/integration-test/target/test-dir/MiniOzoneClusterImpl-f8e39ada-e44e-4294-9284-b27e2ab30ff8/omNode-1/ratis/c9bc4cf4-3bc3-3c60-a66b-523986131536/current/log_inprogress_21
2021-10-05 22:51:55,478 [omNode-2@group-523986131536-SegmentedRaftLogWorker] INFO  segmented.SegmentedRaftLogWorker (SegmentedRaftLogWorker.java:execute(601)) - omNode-2@group-523986131536-SegmentedRaftLogWorker: created new log segment /home/runner/work/ozone/ozone/hadoop-ozone/integration-test/target/test-dir/MiniOzoneClusterImpl-f8e39ada-e44e-4294-9284-b27e2ab30ff8/omNode-2/ratis/c9bc4cf4-3bc3-3c60-a66b-523986131536/current/log_inprogress_31
2021-10-05 22:51:55,481 [omNode-1@group-523986131536-SegmentedRaftLogWorker] INFO  segmented.SegmentedRaftLogWorker (SegmentedRaftLogWorker.java:execute(558)) - omNode-1@group-523986131536-SegmentedRaftLogWorker: Rolled log segment from /home/runner/work/ozone/ozone/hadoop-ozone/integration-test/target/test-dir/MiniOzoneClusterImpl-f8e39ada-e44e-4294-9284-b27e2ab30ff8/omNode-1/ratis/c9bc4cf4-3bc3-3c60-a66b-523986131536/current/log_inprogress_21 to /home/runner/work/ozone/ozone/hadoop-ozone/integration-test/target/test-dir/MiniOzoneClusterImpl-f8e39ada-e44e-4294-9284-b27e2ab30ff8/omNode-1/ratis/c9bc4cf4-3bc3-3c60-a66b-523986131536/current/log_21-30
2021-10-05 22:51:55,488 [omNode-3@group-523986131536-StateMachineUpdater] INFO  ratis.OzoneManagerStateMachine (OzoneManagerStateMachine.java:notifyConfigurationChanged(188)) - Received Configuration change notification from Ratis. New Peer list:
[id: "omNode-3"
address: "localhost:12704"
, id: "omNode-1"
address: "localhost:12692"
, id: "omNode-2"
address: "localhost:12698"
]
2021-10-05 22:51:55,495 [omNode-2@group-523986131536-StateMachineUpdater] INFO  ratis.OzoneManagerStateMachine (OzoneManagerStateMachine.java:notifyConfigurationChanged(188)) - Received Configuration change notification from Ratis. New Peer list:
[id: "omNode-3"
address: "localhost:12704"
, id: "omNode-1"
address: "localhost:12692"
, id: "omNode-2"
address: "localhost:12698"
]
2021-10-05 22:51:55,500 [omNode-1@group-523986131536-SegmentedRaftLogWorker] INFO  segmented.SegmentedRaftLogWorker (SegmentedRaftLogWorker.java:execute(601)) - omNode-1@group-523986131536-SegmentedRaftLogWorker: created new log segment /home/runner/work/ozone/ozone/hadoop-ozone/integration-test/target/test-dir/MiniOzoneClusterImpl-f8e39ada-e44e-4294-9284-b27e2ab30ff8/omNode-1/ratis/c9bc4cf4-3bc3-3c60-a66b-523986131536/current/log_inprogress_31
2021-10-05 22:51:55,506 [omNode-1@group-523986131536-StateMachineUpdater] INFO  ratis.OzoneManagerStateMachine (OzoneManagerStateMachine.java:notifyConfigurationChanged(188)) - Received Configuration change notification from Ratis. New Peer list:
[id: "omNode-3"
address: "localhost:12704"
, id: "omNode-1"
address: "localhost:12692"
, id: "omNode-2"
address: "localhost:12698"
]
2021-10-05 22:51:55,510 [omNode-1@group-523986131536-StateMachineUpdater] INFO  ratis.OzoneManagerStateMachine (OzoneManagerStateMachine.java:notifyConfigurationChanged(188)) - Received Configuration change notification from Ratis. New Peer list:
[id: "omNode-3"
address: "localhost:12704"
, id: "omNode-1"
address: "localhost:12692"
, id: "omNode-2"
address: "localhost:12698"
]
2021-10-05 22:51:56,692 [Time-limited test] INFO  retry.RetryInvocationHandler (RetryInvocationHandler.java:log(411)) - com.google.protobuf.ServiceException: org.apache.hadoop.ipc.RemoteException(org.apache.hadoop.ozone.om.exceptions.OMNotLeaderException): OM:omNode-1 is not the leader. Could not determine the leader node.
	at org.apache.hadoop.ozone.om.ratis.utils.OzoneManagerRatisUtils.createNotLeaderException(OzoneManagerRatisUtils.java:465)
	at org.apache.hadoop.ozone.om.ratis.utils.OzoneManagerRatisUtils.checkLeaderStatus(OzoneManagerRatisUtils.java:451)
	at org.apache.hadoop.ozone.protocolPB.OzoneManagerProtocolServerSideTranslatorPB.checkLeaderStatus(OzoneManagerProtocolServerSideTranslatorPB.java:242)
	at org.apache.hadoop.ozone.protocolPB.OzoneManagerProtocolServerSideTranslatorPB.processRequest(OzoneManagerProtocolServerSideTranslatorPB.java:135)
	at org.apache.hadoop.hdds.server.OzoneProtocolMessageDispatcher.processRequest(OzoneProtocolMessageDispatcher.java:87)
	at org.apache.hadoop.ozone.protocolPB.OzoneManagerProtocolServerSideTranslatorPB.submitRequest(OzoneManagerProtocolServerSideTranslatorPB.java:123)
	at org.apache.hadoop.ozone.protocol.proto.OzoneManagerProtocolProtos$OzoneManagerService$2.callBlockingMethod(OzoneManagerProtocolProtos.java)
	at org.apache.hadoop.ipc.ProtobufRpcEngine$Server.processCall(ProtobufRpcEngine.java:466)
	at org.apache.hadoop.ipc.ProtobufRpcEngine2$Server$ProtoBufRpcInvoker.call(ProtobufRpcEngine2.java:574)
	at org.apache.hadoop.ipc.ProtobufRpcEngine2$Server$ProtoBufRpcInvoker.call(ProtobufRpcEngine2.java:552)
	at org.apache.hadoop.ipc.RPC$Server.call(RPC.java:1093)
	at org.apache.hadoop.ipc.Server$RpcCall.run(Server.java:1035)
	at org.apache.hadoop.ipc.Server$RpcCall.run(Server.java:963)
	at java.security.AccessController.doPrivileged(Native Method)
	at javax.security.auth.Subject.doAs(Subject.java:422)
	at org.apache.hadoop.security.UserGroupInformation.doAs(UserGroupInformation.java:1878)
	at org.apache.hadoop.ipc.Server$Handler.run(Server.java:2966)
, while invoking $Proxy51.submitRequest over nodeId=omNode-1,nodeAddress=127.0.0.1:12688 after 1 failover attempts. Trying to failover immediately.
2021-10-05 22:51:56,694 [Time-limited test] INFO  retry.RetryInvocationHandler (RetryInvocationHandler.java:log(411)) - com.google.protobuf.ServiceException: java.io.EOFException: End of File Exception between local host is: "fv-az270-531/10.1.0.27"; destination host is: "localhost":12694; : java.io.EOFException; For more details see:  http://wiki.apache.org/hadoop/EOFException, while invoking $Proxy51.submitRequest over nodeId=omNode-2,nodeAddress=127.0.0.1:12694 after 2 failover attempts. Trying to failover immediately.
2021-10-05 22:51:56,708 [OM StateMachine ApplyTransaction Thread - 0] INFO  volume.OMVolumeCreateRequest (OMVolumeCreateRequest.java:validateAndUpdateCache(195)) - created volume:volume21477 for user:user27743
2021-10-05 22:51:56,712 [OM StateMachine ApplyTransaction Thread - 0] INFO  volume.OMVolumeCreateRequest (OMVolumeCreateRequest.java:validateAndUpdateCache(195)) - created volume:volume21477 for user:user27743
2021-10-05 22:51:56,715 [OM StateMachine ApplyTransaction Thread - 0] INFO  volume.OMVolumeCreateRequest (OMVolumeCreateRequest.java:validateAndUpdateCache(195)) - created volume:volume21477 for user:user27743
2021-10-05 22:51:56,722 [Time-limited test] INFO  rpc.RpcClient (RpcClient.java:createBucket(502)) - Creating Bucket: volume21477/bucket38547, with Versioning false and Storage Type set to DISK and Encryption set to false 
2021-10-05 22:51:56,752 [IPC Server handler 4 on default port 44693] INFO  pipeline.PipelineStateManagerImpl (PipelineStateManagerImpl.java:addPipeline(101)) - Created pipeline Pipeline[ Id: d642dde5-533d-4b53-b4d5-68a4f896ee2c, Nodes: e5b72327-d0f1-439b-a609-a1a5d4ce39ca{ip: 10.1.0.27, host: fv-az270-531.tacnzluakwdehk1hpragurqkma.bx.internal.cloudapp.net, ports: [REPLICATION=39075, RATIS=39149, RATIS_ADMIN=39149, RATIS_SERVER=39149, STANDALONE=41397], networkLocation: /default-rack, certSerialId: null, persistedOpState: IN_SERVICE, persistedOpStateExpiryEpochSec: 0}, ReplicationConfig: STANDALONE/ONE, State:OPEN, leaderId:, CreationTimestamp2021-10-05T22:51:56.751Z[Etc/UTC]].
2021-10-05 22:51:56,892 [Datanode State Machine Thread - 0] WARN  statemachine.StateContext (StateContext.java:execute(621)) - No available thread in pool for past 1 seconds.
2021-10-05 22:51:57,201 [omNode-1@group-523986131536-StateMachineUpdater] INFO  ratis.OzoneManagerStateMachine (OzoneManagerStateMachine.java:takeSnapshot(417)) - Current Snapshot Index (t:5, i:69)
2021-10-05 22:51:57,204 [omNode-1@group-523986131536-StateMachineUpdater] INFO  impl.StateMachineUpdater (StateMachineUpdater.java:takeSnapshot(281)) - omNode-1@group-523986131536-StateMachineUpdater: Took a snapshot at index 69
2021-10-05 22:51:57,204 [omNode-1@group-523986131536-StateMachineUpdater] INFO  impl.StateMachineUpdater (StateMachineUpdater.java:lambda$new$0(89)) - omNode-1@group-523986131536-StateMachineUpdater: snapshotIndex: updateIncreasingly 19 -> 69
2021-10-05 22:51:57,204 [omNode-1@group-523986131536-StateMachineUpdater] INFO  raftlog.RaftLog (RaftLogBase.java:purge(306)) - omNode-1@group-523986131536-SegmentedRaftLog: purge 69
2021-10-05 22:51:57,206 [omNode-1@group-523986131536-StateMachineUpdater] INFO  raftlog.RaftLog (RaftLogBase.java:lambda$new$0(53)) - omNode-1@group-523986131536-SegmentedRaftLog: snapshotIndex: updateIncreasingly 19 -> 69
2021-10-05 22:51:57,213 [omNode-1@group-523986131536-StateMachineUpdater] INFO  raftlog.RaftLog (RaftLogBase.java:lambda$new$0(53)) - omNode-1@group-523986131536-SegmentedRaftLog: purgeIndex: updateToMax old=-1, new=30, updated? true
2021-10-05 22:51:57,279 [omNode-3@group-523986131536-StateMachineUpdater] INFO  ratis.OzoneManagerStateMachine (OzoneManagerStateMachine.java:takeSnapshot(417)) - Current Snapshot Index (t:5, i:80)
2021-10-05 22:51:57,280 [omNode-3@group-523986131536-StateMachineUpdater] INFO  impl.StateMachineUpdater (StateMachineUpdater.java:takeSnapshot(281)) - omNode-3@group-523986131536-StateMachineUpdater: Took a snapshot at index 80
2021-10-05 22:51:57,280 [omNode-3@group-523986131536-StateMachineUpdater] INFO  impl.StateMachineUpdater (StateMachineUpdater.java:lambda$new$0(89)) - omNode-3@group-523986131536-StateMachineUpdater: snapshotIndex: updateIncreasingly 30 -> 80
2021-10-05 22:51:57,280 [omNode-3@group-523986131536-StateMachineUpdater] INFO  raftlog.RaftLog (RaftLogBase.java:purge(306)) - omNode-3@group-523986131536-SegmentedRaftLog: purge 80
2021-10-05 22:51:57,280 [omNode-3@group-523986131536-StateMachineUpdater] INFO  raftlog.RaftLog (RaftLogBase.java:lambda$new$0(53)) - omNode-3@group-523986131536-SegmentedRaftLog: snapshotIndex: updateIncreasingly 30 -> 80
2021-10-05 22:51:57,280 [omNode-3@group-523986131536-SegmentedRaftLogWorker] INFO  raftlog.RaftLog (RaftLogBase.java:lambda$new$0(53)) - omNode-3@group-523986131536-SegmentedRaftLog: purgeIndex: updateToMax old=-1, new=30, updated? true
2021-10-05 22:51:57,281 [omNode-2@group-523986131536-StateMachineUpdater] INFO  ratis.OzoneManagerStateMachine (OzoneManagerStateMachine.java:takeSnapshot(417)) - Current Snapshot Index (t:5, i:78)
2021-10-05 22:51:57,282 [omNode-2@group-523986131536-StateMachineUpdater] INFO  impl.StateMachineUpdater (StateMachineUpdater.java:takeSnapshot(281)) - omNode-2@group-523986131536-StateMachineUpdater: Took a snapshot at index 78
2021-10-05 22:51:57,282 [omNode-2@group-523986131536-StateMachineUpdater] INFO  impl.StateMachineUpdater (StateMachineUpdater.java:lambda$new$0(89)) - omNode-2@group-523986131536-StateMachineUpdater: snapshotIndex: updateIncreasingly 29 -> 78
2021-10-05 22:51:57,282 [omNode-2@group-523986131536-StateMachineUpdater] INFO  raftlog.RaftLog (RaftLogBase.java:purge(306)) - omNode-2@group-523986131536-SegmentedRaftLog: purge 78
2021-10-05 22:51:57,282 [omNode-2@group-523986131536-StateMachineUpdater] INFO  raftlog.RaftLog (RaftLogBase.java:lambda$new$0(53)) - omNode-2@group-523986131536-SegmentedRaftLog: snapshotIndex: updateIncreasingly 29 -> 78
2021-10-05 22:51:57,284 [omNode-2@group-523986131536-SegmentedRaftLogWorker] INFO  raftlog.RaftLog (RaftLogBase.java:lambda$new$0(53)) - omNode-2@group-523986131536-SegmentedRaftLog: purgeIndex: updateToMax old=-1, new=30, updated? true
2021-10-05 22:51:59,367 [48f285d5-08c4-4d9f-9330-2fc480905f74@group-93F6BDB90FD7-FollowerState] INFO  impl.FollowerState (FollowerState.java:run(134)) - 48f285d5-08c4-4d9f-9330-2fc480905f74@group-93F6BDB90FD7-FollowerState: change to CANDIDATE, lastRpcElapsedTime:5097344269ns, electionTimeout:5096ms
2021-10-05 22:51:59,367 [48f285d5-08c4-4d9f-9330-2fc480905f74@group-93F6BDB90FD7-FollowerState] INFO  impl.RoleInfo (RoleInfo.java:shutdownFollowerState(108)) - 48f285d5-08c4-4d9f-9330-2fc480905f74: shutdown 48f285d5-08c4-4d9f-9330-2fc480905f74@group-93F6BDB90FD7-FollowerState
2021-10-05 22:51:59,367 [48f285d5-08c4-4d9f-9330-2fc480905f74@group-93F6BDB90FD7-FollowerState] INFO  server.RaftServer$Division (RaftServerImpl.java:setRole(285)) - 48f285d5-08c4-4d9f-9330-2fc480905f74@group-93F6BDB90FD7: changes role from  FOLLOWER to CANDIDATE at term 3 for changeToCandidate
2021-10-05 22:51:59,367 [48f285d5-08c4-4d9f-9330-2fc480905f74@group-93F6BDB90FD7-FollowerState] INFO  server.RaftServerConfigKeys (ConfUtils.java:logGet(44)) - raft.server.leaderelection.pre-vote = false (custom)
2021-10-05 22:51:59,367 [48f285d5-08c4-4d9f-9330-2fc480905f74@group-93F6BDB90FD7-FollowerState] INFO  impl.RoleInfo (RoleInfo.java:updateAndGet(130)) - 48f285d5-08c4-4d9f-9330-2fc480905f74: start 48f285d5-08c4-4d9f-9330-2fc480905f74@group-93F6BDB90FD7-LeaderElection19
2021-10-05 22:51:59,374 [48f285d5-08c4-4d9f-9330-2fc480905f74@group-93F6BDB90FD7-LeaderElection19] INFO  impl.LeaderElection (LeaderElection.java:askForVotes(306)) - 48f285d5-08c4-4d9f-9330-2fc480905f74@group-93F6BDB90FD7-LeaderElection19 ELECTION round 0: submit vote requests at term 4 for -1: [48f285d5-08c4-4d9f-9330-2fc480905f74|rpc:10.1.0.27:41027|dataStream:|priority:0, e5b72327-d0f1-439b-a609-a1a5d4ce39ca|rpc:10.1.0.27:39149|dataStream:|priority:0, 94867b1c-ea3d-4a0c-ad6d-bc01e8fd9c3d|rpc:10.1.0.27:36105|dataStream:|priority:1], old=null
2021-10-05 22:51:59,376 [grpc-default-executor-2] INFO  server.RaftServer$Division (RaftServerImpl.java:requestVote(1043)) - e5b72327-d0f1-439b-a609-a1a5d4ce39ca@group-93F6BDB90FD7: receive requestVote(ELECTION, 48f285d5-08c4-4d9f-9330-2fc480905f74, group-93F6BDB90FD7, 4, (t:0, i:0))
2021-10-05 22:51:59,377 [grpc-default-executor-2] INFO  impl.VoteContext (VoteContext.java:log(48)) - e5b72327-d0f1-439b-a609-a1a5d4ce39ca@group-93F6BDB90FD7-FOLLOWER: accept ELECTION from 48f285d5-08c4-4d9f-9330-2fc480905f74: our priority 0 <= candidate's priority 0
2021-10-05 22:51:59,377 [grpc-default-executor-2] INFO  server.RaftServer$Division (RaftServerImpl.java:setRole(285)) - e5b72327-d0f1-439b-a609-a1a5d4ce39ca@group-93F6BDB90FD7: changes role from  FOLLOWER to FOLLOWER at term 4 for candidate:48f285d5-08c4-4d9f-9330-2fc480905f74
2021-10-05 22:51:59,377 [grpc-default-executor-2] INFO  impl.RoleInfo (RoleInfo.java:shutdownFollowerState(108)) - e5b72327-d0f1-439b-a609-a1a5d4ce39ca: shutdown e5b72327-d0f1-439b-a609-a1a5d4ce39ca@group-93F6BDB90FD7-FollowerState
2021-10-05 22:51:59,377 [grpc-default-executor-2] INFO  impl.RoleInfo (RoleInfo.java:updateAndGet(130)) - e5b72327-d0f1-439b-a609-a1a5d4ce39ca: start e5b72327-d0f1-439b-a609-a1a5d4ce39ca@group-93F6BDB90FD7-FollowerState
2021-10-05 22:51:59,377 [e5b72327-d0f1-439b-a609-a1a5d4ce39ca@group-93F6BDB90FD7-FollowerState] INFO  impl.FollowerState (FollowerState.java:run(143)) - e5b72327-d0f1-439b-a609-a1a5d4ce39ca@group-93F6BDB90FD7-FollowerState was interrupted: {}
java.lang.InterruptedException: sleep interrupted
	at java.lang.Thread.sleep(Native Method)
	at java.lang.Thread.sleep(Thread.java:340)
	at java.util.concurrent.TimeUnit.sleep(TimeUnit.java:386)
	at org.apache.ratis.util.TimeDuration.sleep(TimeDuration.java:324)
	at org.apache.ratis.util.TimeDuration.sleep(TimeDuration.java:309)
	at org.apache.ratis.server.impl.FollowerState.run(FollowerState.java:118)
2021-10-05 22:51:59,384 [grpc-default-executor-2] INFO  server.RaftServer$Division (RaftServerImpl.java:requestVote(1075)) - e5b72327-d0f1-439b-a609-a1a5d4ce39ca@group-93F6BDB90FD7 replies to ELECTION vote request: 48f285d5-08c4-4d9f-9330-2fc480905f74<-e5b72327-d0f1-439b-a609-a1a5d4ce39ca#0:OK-t4. Peer's state: e5b72327-d0f1-439b-a609-a1a5d4ce39ca@group-93F6BDB90FD7:t4, leader=null, voted=48f285d5-08c4-4d9f-9330-2fc480905f74, raftlog=e5b72327-d0f1-439b-a609-a1a5d4ce39ca@group-93F6BDB90FD7-SegmentedRaftLog:OPENED:c-1,f-1,i0, conf=-1: [48f285d5-08c4-4d9f-9330-2fc480905f74|rpc:10.1.0.27:41027|priority:0, e5b72327-d0f1-439b-a609-a1a5d4ce39ca|rpc:10.1.0.27:39149|priority:0, 94867b1c-ea3d-4a0c-ad6d-bc01e8fd9c3d|rpc:10.1.0.27:36105|priority:1], old=null
2021-10-05 22:51:59,385 [grpc-default-executor-1] INFO  server.RaftServer$Division (RaftServerImpl.java:requestVote(1043)) - 94867b1c-ea3d-4a0c-ad6d-bc01e8fd9c3d@group-93F6BDB90FD7: receive requestVote(ELECTION, 48f285d5-08c4-4d9f-9330-2fc480905f74, group-93F6BDB90FD7, 4, (t:0, i:0))
2021-10-05 22:51:59,385 [grpc-default-executor-1] INFO  impl.VoteContext (VoteContext.java:log(48)) - 94867b1c-ea3d-4a0c-ad6d-bc01e8fd9c3d@group-93F6BDB90FD7-FOLLOWER: reject ELECTION from 48f285d5-08c4-4d9f-9330-2fc480905f74: our priority 1 > candidate's priority 0
2021-10-05 22:51:59,385 [grpc-default-executor-1] INFO  server.RaftServer$Division (RaftServerImpl.java:setRole(285)) - 94867b1c-ea3d-4a0c-ad6d-bc01e8fd9c3d@group-93F6BDB90FD7: changes role from  FOLLOWER to FOLLOWER at term 4 for candidate:48f285d5-08c4-4d9f-9330-2fc480905f74
2021-10-05 22:51:59,385 [grpc-default-executor-1] INFO  impl.RoleInfo (RoleInfo.java:shutdownFollowerState(108)) - 94867b1c-ea3d-4a0c-ad6d-bc01e8fd9c3d: shutdown 94867b1c-ea3d-4a0c-ad6d-bc01e8fd9c3d@group-93F6BDB90FD7-FollowerState
2021-10-05 22:51:59,385 [grpc-default-executor-1] INFO  impl.RoleInfo (RoleInfo.java:updateAndGet(130)) - 94867b1c-ea3d-4a0c-ad6d-bc01e8fd9c3d: start 94867b1c-ea3d-4a0c-ad6d-bc01e8fd9c3d@group-93F6BDB90FD7-FollowerState
2021-10-05 22:51:59,385 [94867b1c-ea3d-4a0c-ad6d-bc01e8fd9c3d@group-93F6BDB90FD7-FollowerState] INFO  impl.FollowerState (FollowerState.java:run(143)) - 94867b1c-ea3d-4a0c-ad6d-bc01e8fd9c3d@group-93F6BDB90FD7-FollowerState was interrupted: {}
java.lang.InterruptedException: sleep interrupted
	at java.lang.Thread.sleep(Native Method)
	at java.lang.Thread.sleep(Thread.java:340)
	at java.util.concurrent.TimeUnit.sleep(TimeUnit.java:386)
	at org.apache.ratis.util.TimeDuration.sleep(TimeDuration.java:324)
	at org.apache.ratis.util.TimeDuration.sleep(TimeDuration.java:309)
	at org.apache.ratis.server.impl.FollowerState.run(FollowerState.java:118)
2021-10-05 22:51:59,393 [grpc-default-executor-1] INFO  server.RaftServer$Division (RaftServerImpl.java:requestVote(1075)) - 94867b1c-ea3d-4a0c-ad6d-bc01e8fd9c3d@group-93F6BDB90FD7 replies to ELECTION vote request: 48f285d5-08c4-4d9f-9330-2fc480905f74<-94867b1c-ea3d-4a0c-ad6d-bc01e8fd9c3d#0:FAIL-t4. Peer's state: 94867b1c-ea3d-4a0c-ad6d-bc01e8fd9c3d@group-93F6BDB90FD7:t4, leader=null, voted=null, raftlog=94867b1c-ea3d-4a0c-ad6d-bc01e8fd9c3d@group-93F6BDB90FD7-SegmentedRaftLog:OPENED:c-1,f-1,i0, conf=-1: [48f285d5-08c4-4d9f-9330-2fc480905f74|rpc:10.1.0.27:41027|dataStream:|priority:0, e5b72327-d0f1-439b-a609-a1a5d4ce39ca|rpc:10.1.0.27:39149|dataStream:|priority:0, 94867b1c-ea3d-4a0c-ad6d-bc01e8fd9c3d|rpc:10.1.0.27:36105|dataStream:|priority:1], old=null
2021-10-05 22:51:59,395 [48f285d5-08c4-4d9f-9330-2fc480905f74@group-93F6BDB90FD7-LeaderElection19] INFO  impl.LeaderElection (LeaderElection.java:logAndReturn(89)) - 48f285d5-08c4-4d9f-9330-2fc480905f74@group-93F6BDB90FD7-LeaderElection19: ELECTION REJECTED received 2 response(s) and 0 exception(s):
2021-10-05 22:51:59,395 [48f285d5-08c4-4d9f-9330-2fc480905f74@group-93F6BDB90FD7-LeaderElection19] INFO  impl.LeaderElection (LeaderElection.java:logAndReturn(93)) -   Response 0: 48f285d5-08c4-4d9f-9330-2fc480905f74<-e5b72327-d0f1-439b-a609-a1a5d4ce39ca#0:OK-t4
2021-10-05 22:51:59,395 [48f285d5-08c4-4d9f-9330-2fc480905f74@group-93F6BDB90FD7-LeaderElection19] INFO  impl.LeaderElection (LeaderElection.java:logAndReturn(93)) -   Response 1: 48f285d5-08c4-4d9f-9330-2fc480905f74<-94867b1c-ea3d-4a0c-ad6d-bc01e8fd9c3d#0:FAIL-t4
2021-10-05 22:51:59,395 [48f285d5-08c4-4d9f-9330-2fc480905f74@group-93F6BDB90FD7-LeaderElection19] INFO  impl.LeaderElection (LeaderElection.java:askForVotes(308)) - 48f285d5-08c4-4d9f-9330-2fc480905f74@group-93F6BDB90FD7-LeaderElection19 ELECTION round 0: result REJECTED
2021-10-05 22:51:59,395 [48f285d5-08c4-4d9f-9330-2fc480905f74@group-93F6BDB90FD7-LeaderElection19] INFO  server.RaftServer$Division (RaftServerImpl.java:setRole(285)) - 48f285d5-08c4-4d9f-9330-2fc480905f74@group-93F6BDB90FD7: changes role from CANDIDATE to FOLLOWER at term 4 for REJECTED
2021-10-05 22:51:59,395 [48f285d5-08c4-4d9f-9330-2fc480905f74@group-93F6BDB90FD7-LeaderElection19] INFO  impl.RoleInfo (RoleInfo.java:shutdownLeaderElection(121)) - 48f285d5-08c4-4d9f-9330-2fc480905f74: shutdown 48f285d5-08c4-4d9f-9330-2fc480905f74@group-93F6BDB90FD7-LeaderElection19
2021-10-05 22:51:59,395 [48f285d5-08c4-4d9f-9330-2fc480905f74@group-93F6BDB90FD7-LeaderElection19] INFO  impl.RoleInfo (RoleInfo.java:updateAndGet(130)) - 48f285d5-08c4-4d9f-9330-2fc480905f74: start 48f285d5-08c4-4d9f-9330-2fc480905f74@group-93F6BDB90FD7-FollowerState
2021-10-05 22:52:04,533 [48f285d5-08c4-4d9f-9330-2fc480905f74@group-93F6BDB90FD7-FollowerState] INFO  impl.FollowerState (FollowerState.java:run(134)) - 48f285d5-08c4-4d9f-9330-2fc480905f74@group-93F6BDB90FD7-FollowerState: change to CANDIDATE, lastRpcElapsedTime:5138376932ns, electionTimeout:5138ms
2021-10-05 22:52:04,534 [48f285d5-08c4-4d9f-9330-2fc480905f74@group-93F6BDB90FD7-FollowerState] INFO  impl.RoleInfo (RoleInfo.java:shutdownFollowerState(108)) - 48f285d5-08c4-4d9f-9330-2fc480905f74: shutdown 48f285d5-08c4-4d9f-9330-2fc480905f74@group-93F6BDB90FD7-FollowerState
2021-10-05 22:52:04,534 [48f285d5-08c4-4d9f-9330-2fc480905f74@group-93F6BDB90FD7-FollowerState] INFO  server.RaftServer$Division (RaftServerImpl.java:setRole(285)) - 48f285d5-08c4-4d9f-9330-2fc480905f74@group-93F6BDB90FD7: changes role from  FOLLOWER to CANDIDATE at term 4 for changeToCandidate
2021-10-05 22:52:04,534 [48f285d5-08c4-4d9f-9330-2fc480905f74@group-93F6BDB90FD7-FollowerState] INFO  server.RaftServerConfigKeys (ConfUtils.java:logGet(44)) - raft.server.leaderelection.pre-vote = false (custom)
2021-10-05 22:52:04,534 [48f285d5-08c4-4d9f-9330-2fc480905f74@group-93F6BDB90FD7-FollowerState] INFO  impl.RoleInfo (RoleInfo.java:updateAndGet(130)) - 48f285d5-08c4-4d9f-9330-2fc480905f74: start 48f285d5-08c4-4d9f-9330-2fc480905f74@group-93F6BDB90FD7-LeaderElection20
2021-10-05 22:52:04,536 [e5b72327-d0f1-439b-a609-a1a5d4ce39ca@group-93F6BDB90FD7-FollowerState] INFO  impl.FollowerState (FollowerState.java:run(134)) - e5b72327-d0f1-439b-a609-a1a5d4ce39ca@group-93F6BDB90FD7-FollowerState: change to CANDIDATE, lastRpcElapsedTime:5151751278ns, electionTimeout:5150ms
2021-10-05 22:52:04,536 [e5b72327-d0f1-439b-a609-a1a5d4ce39ca@group-93F6BDB90FD7-FollowerState] INFO  impl.RoleInfo (RoleInfo.java:shutdownFollowerState(108)) - e5b72327-d0f1-439b-a609-a1a5d4ce39ca: shutdown e5b72327-d0f1-439b-a609-a1a5d4ce39ca@group-93F6BDB90FD7-FollowerState
2021-10-05 22:52:04,536 [e5b72327-d0f1-439b-a609-a1a5d4ce39ca@group-93F6BDB90FD7-FollowerState] INFO  server.RaftServer$Division (RaftServerImpl.java:setRole(285)) - e5b72327-d0f1-439b-a609-a1a5d4ce39ca@group-93F6BDB90FD7: changes role from  FOLLOWER to CANDIDATE at term 4 for changeToCandidate
2021-10-05 22:52:04,536 [e5b72327-d0f1-439b-a609-a1a5d4ce39ca@group-93F6BDB90FD7-FollowerState] INFO  server.RaftServerConfigKeys (ConfUtils.java:logGet(44)) - raft.server.leaderelection.pre-vote = false (custom)
2021-10-05 22:52:04,536 [e5b72327-d0f1-439b-a609-a1a5d4ce39ca@group-93F6BDB90FD7-FollowerState] INFO  impl.RoleInfo (RoleInfo.java:updateAndGet(130)) - e5b72327-d0f1-439b-a609-a1a5d4ce39ca: start e5b72327-d0f1-439b-a609-a1a5d4ce39ca@group-93F6BDB90FD7-LeaderElection21
2021-10-05 22:52:04,537 [48f285d5-08c4-4d9f-9330-2fc480905f74@group-93F6BDB90FD7-LeaderElection20] INFO  impl.LeaderElection (LeaderElection.java:askForVotes(306)) - 48f285d5-08c4-4d9f-9330-2fc480905f74@group-93F6BDB90FD7-LeaderElection20 ELECTION round 0: submit vote requests at term 5 for -1: [48f285d5-08c4-4d9f-9330-2fc480905f74|rpc:10.1.0.27:41027|dataStream:|priority:0, e5b72327-d0f1-439b-a609-a1a5d4ce39ca|rpc:10.1.0.27:39149|dataStream:|priority:0, 94867b1c-ea3d-4a0c-ad6d-bc01e8fd9c3d|rpc:10.1.0.27:36105|dataStream:|priority:1], old=null
2021-10-05 22:52:04,545 [e5b72327-d0f1-439b-a609-a1a5d4ce39ca@group-93F6BDB90FD7-LeaderElection21] INFO  impl.LeaderElection (LeaderElection.java:askForVotes(306)) - e5b72327-d0f1-439b-a609-a1a5d4ce39ca@group-93F6BDB90FD7-LeaderElection21 ELECTION round 0: submit vote requests at term 5 for -1: [48f285d5-08c4-4d9f-9330-2fc480905f74|rpc:10.1.0.27:41027|priority:0, e5b72327-d0f1-439b-a609-a1a5d4ce39ca|rpc:10.1.0.27:39149|priority:0, 94867b1c-ea3d-4a0c-ad6d-bc01e8fd9c3d|rpc:10.1.0.27:36105|priority:1], old=null
2021-10-05 22:52:04,547 [grpc-default-executor-1] INFO  server.RaftServer$Division (RaftServerImpl.java:requestVote(1043)) - e5b72327-d0f1-439b-a609-a1a5d4ce39ca@group-93F6BDB90FD7: receive requestVote(ELECTION, 48f285d5-08c4-4d9f-9330-2fc480905f74, group-93F6BDB90FD7, 5, (t:0, i:0))
2021-10-05 22:52:04,547 [grpc-default-executor-1] INFO  impl.VoteContext (VoteContext.java:log(48)) - e5b72327-d0f1-439b-a609-a1a5d4ce39ca@group-93F6BDB90FD7-CANDIDATE: reject ELECTION from 48f285d5-08c4-4d9f-9330-2fc480905f74: already has voted for e5b72327-d0f1-439b-a609-a1a5d4ce39ca at current term 5
2021-10-05 22:52:04,547 [grpc-default-executor-1] INFO  server.RaftServer$Division (RaftServerImpl.java:requestVote(1075)) - e5b72327-d0f1-439b-a609-a1a5d4ce39ca@group-93F6BDB90FD7 replies to ELECTION vote request: 48f285d5-08c4-4d9f-9330-2fc480905f74<-e5b72327-d0f1-439b-a609-a1a5d4ce39ca#0:FAIL-t5. Peer's state: e5b72327-d0f1-439b-a609-a1a5d4ce39ca@group-93F6BDB90FD7:t5, leader=null, voted=e5b72327-d0f1-439b-a609-a1a5d4ce39ca, raftlog=e5b72327-d0f1-439b-a609-a1a5d4ce39ca@group-93F6BDB90FD7-SegmentedRaftLog:OPENED:c-1,f-1,i0, conf=-1: [48f285d5-08c4-4d9f-9330-2fc480905f74|rpc:10.1.0.27:41027|priority:0, e5b72327-d0f1-439b-a609-a1a5d4ce39ca|rpc:10.1.0.27:39149|priority:0, 94867b1c-ea3d-4a0c-ad6d-bc01e8fd9c3d|rpc:10.1.0.27:36105|priority:1], old=null
2021-10-05 22:52:04,548 [grpc-default-executor-2] INFO  server.RaftServer$Division (RaftServerImpl.java:requestVote(1043)) - 94867b1c-ea3d-4a0c-ad6d-bc01e8fd9c3d@group-93F6BDB90FD7: receive requestVote(ELECTION, 48f285d5-08c4-4d9f-9330-2fc480905f74, group-93F6BDB90FD7, 5, (t:0, i:0))
2021-10-05 22:52:04,548 [grpc-default-executor-2] INFO  impl.VoteContext (VoteContext.java:log(48)) - 94867b1c-ea3d-4a0c-ad6d-bc01e8fd9c3d@group-93F6BDB90FD7-FOLLOWER: reject ELECTION from 48f285d5-08c4-4d9f-9330-2fc480905f74: our priority 1 > candidate's priority 0
2021-10-05 22:52:04,548 [grpc-default-executor-2] INFO  server.RaftServer$Division (RaftServerImpl.java:setRole(285)) - 94867b1c-ea3d-4a0c-ad6d-bc01e8fd9c3d@group-93F6BDB90FD7: changes role from  FOLLOWER to FOLLOWER at term 5 for candidate:48f285d5-08c4-4d9f-9330-2fc480905f74
2021-10-05 22:52:04,548 [grpc-default-executor-2] INFO  impl.RoleInfo (RoleInfo.java:shutdownFollowerState(108)) - 94867b1c-ea3d-4a0c-ad6d-bc01e8fd9c3d: shutdown 94867b1c-ea3d-4a0c-ad6d-bc01e8fd9c3d@group-93F6BDB90FD7-FollowerState
2021-10-05 22:52:04,549 [grpc-default-executor-1] INFO  server.RaftServer$Division (RaftServerImpl.java:requestVote(1043)) - 48f285d5-08c4-4d9f-9330-2fc480905f74@group-93F6BDB90FD7: receive requestVote(ELECTION, e5b72327-d0f1-439b-a609-a1a5d4ce39ca, group-93F6BDB90FD7, 5, (t:0, i:0))
2021-10-05 22:52:04,549 [grpc-default-executor-1] INFO  impl.VoteContext (VoteContext.java:log(48)) - 48f285d5-08c4-4d9f-9330-2fc480905f74@group-93F6BDB90FD7-CANDIDATE: reject ELECTION from e5b72327-d0f1-439b-a609-a1a5d4ce39ca: already has voted for 48f285d5-08c4-4d9f-9330-2fc480905f74 at current term 5
2021-10-05 22:52:04,549 [grpc-default-executor-1] INFO  server.RaftServer$Division (RaftServerImpl.java:requestVote(1075)) - 48f285d5-08c4-4d9f-9330-2fc480905f74@group-93F6BDB90FD7 replies to ELECTION vote request: e5b72327-d0f1-439b-a609-a1a5d4ce39ca<-48f285d5-08c4-4d9f-9330-2fc480905f74#0:FAIL-t5. Peer's state: 48f285d5-08c4-4d9f-9330-2fc480905f74@group-93F6BDB90FD7:t5, leader=null, voted=48f285d5-08c4-4d9f-9330-2fc480905f74, raftlog=48f285d5-08c4-4d9f-9330-2fc480905f74@group-93F6BDB90FD7-SegmentedRaftLog:OPENED:c-1,f-1,i0, conf=-1: [48f285d5-08c4-4d9f-9330-2fc480905f74|rpc:10.1.0.27:41027|dataStream:|priority:0, e5b72327-d0f1-439b-a609-a1a5d4ce39ca|rpc:10.1.0.27:39149|dataStream:|priority:0, 94867b1c-ea3d-4a0c-ad6d-bc01e8fd9c3d|rpc:10.1.0.27:36105|dataStream:|priority:1], old=null
2021-10-05 22:52:04,550 [grpc-default-executor-2] INFO  impl.RoleInfo (RoleInfo.java:updateAndGet(130)) - 94867b1c-ea3d-4a0c-ad6d-bc01e8fd9c3d: start 94867b1c-ea3d-4a0c-ad6d-bc01e8fd9c3d@group-93F6BDB90FD7-FollowerState
2021-10-05 22:52:04,550 [94867b1c-ea3d-4a0c-ad6d-bc01e8fd9c3d@group-93F6BDB90FD7-FollowerState] INFO  impl.FollowerState (FollowerState.java:run(143)) - 94867b1c-ea3d-4a0c-ad6d-bc01e8fd9c3d@group-93F6BDB90FD7-FollowerState was interrupted: {}
java.lang.InterruptedException: sleep interrupted
	at java.lang.Thread.sleep(Native Method)
	at java.lang.Thread.sleep(Thread.java:340)
	at java.util.concurrent.TimeUnit.sleep(TimeUnit.java:386)
	at org.apache.ratis.util.TimeDuration.sleep(TimeDuration.java:324)
	at org.apache.ratis.util.TimeDuration.sleep(TimeDuration.java:309)
	at org.apache.ratis.server.impl.FollowerState.run(FollowerState.java:118)
2021-10-05 22:52:04,552 [grpc-default-executor-2] INFO  server.RaftServer$Division (RaftServerImpl.java:requestVote(1075)) - 94867b1c-ea3d-4a0c-ad6d-bc01e8fd9c3d@group-93F6BDB90FD7 replies to ELECTION vote request: 48f285d5-08c4-4d9f-9330-2fc480905f74<-94867b1c-ea3d-4a0c-ad6d-bc01e8fd9c3d#0:FAIL-t5. Peer's state: 94867b1c-ea3d-4a0c-ad6d-bc01e8fd9c3d@group-93F6BDB90FD7:t5, leader=null, voted=null, raftlog=94867b1c-ea3d-4a0c-ad6d-bc01e8fd9c3d@group-93F6BDB90FD7-SegmentedRaftLog:OPENED:c-1,f-1,i0, conf=-1: [48f285d5-08c4-4d9f-9330-2fc480905f74|rpc:10.1.0.27:41027|dataStream:|priority:0, e5b72327-d0f1-439b-a609-a1a5d4ce39ca|rpc:10.1.0.27:39149|dataStream:|priority:0, 94867b1c-ea3d-4a0c-ad6d-bc01e8fd9c3d|rpc:10.1.0.27:36105|dataStream:|priority:1], old=null
2021-10-05 22:52:04,554 [48f285d5-08c4-4d9f-9330-2fc480905f74@group-93F6BDB90FD7-LeaderElection20] INFO  impl.LeaderElection (LeaderElection.java:logAndReturn(89)) - 48f285d5-08c4-4d9f-9330-2fc480905f74@group-93F6BDB90FD7-LeaderElection20: ELECTION REJECTED received 2 response(s) and 0 exception(s):
2021-10-05 22:52:04,554 [48f285d5-08c4-4d9f-9330-2fc480905f74@group-93F6BDB90FD7-LeaderElection20] INFO  impl.LeaderElection (LeaderElection.java:logAndReturn(93)) -   Response 0: 48f285d5-08c4-4d9f-9330-2fc480905f74<-e5b72327-d0f1-439b-a609-a1a5d4ce39ca#0:FAIL-t5
2021-10-05 22:52:04,554 [48f285d5-08c4-4d9f-9330-2fc480905f74@group-93F6BDB90FD7-LeaderElection20] INFO  impl.LeaderElection (LeaderElection.java:logAndReturn(93)) -   Response 1: 48f285d5-08c4-4d9f-9330-2fc480905f74<-94867b1c-ea3d-4a0c-ad6d-bc01e8fd9c3d#0:FAIL-t5
2021-10-05 22:52:04,554 [48f285d5-08c4-4d9f-9330-2fc480905f74@group-93F6BDB90FD7-LeaderElection20] INFO  impl.LeaderElection (LeaderElection.java:askForVotes(308)) - 48f285d5-08c4-4d9f-9330-2fc480905f74@group-93F6BDB90FD7-LeaderElection20 ELECTION round 0: result REJECTED
2021-10-05 22:52:04,554 [48f285d5-08c4-4d9f-9330-2fc480905f74@group-93F6BDB90FD7-LeaderElection20] INFO  server.RaftServer$Division (RaftServerImpl.java:setRole(285)) - 48f285d5-08c4-4d9f-9330-2fc480905f74@group-93F6BDB90FD7: changes role from CANDIDATE to FOLLOWER at term 5 for REJECTED
2021-10-05 22:52:04,554 [48f285d5-08c4-4d9f-9330-2fc480905f74@group-93F6BDB90FD7-LeaderElection20] INFO  impl.RoleInfo (RoleInfo.java:shutdownLeaderElection(121)) - 48f285d5-08c4-4d9f-9330-2fc480905f74: shutdown 48f285d5-08c4-4d9f-9330-2fc480905f74@group-93F6BDB90FD7-LeaderElection20
2021-10-05 22:52:04,554 [48f285d5-08c4-4d9f-9330-2fc480905f74@group-93F6BDB90FD7-LeaderElection20] INFO  impl.RoleInfo (RoleInfo.java:updateAndGet(130)) - 48f285d5-08c4-4d9f-9330-2fc480905f74: start 48f285d5-08c4-4d9f-9330-2fc480905f74@group-93F6BDB90FD7-FollowerState
2021-10-05 22:52:04,554 [grpc-default-executor-2] INFO  server.RaftServer$Division (RaftServerImpl.java:requestVote(1043)) - 94867b1c-ea3d-4a0c-ad6d-bc01e8fd9c3d@group-93F6BDB90FD7: receive requestVote(ELECTION, e5b72327-d0f1-439b-a609-a1a5d4ce39ca, group-93F6BDB90FD7, 5, (t:0, i:0))
2021-10-05 22:52:04,555 [grpc-default-executor-2] INFO  impl.VoteContext (VoteContext.java:log(48)) - 94867b1c-ea3d-4a0c-ad6d-bc01e8fd9c3d@group-93F6BDB90FD7-FOLLOWER: reject ELECTION from e5b72327-d0f1-439b-a609-a1a5d4ce39ca: our priority 1 > candidate's priority 0
2021-10-05 22:52:04,555 [grpc-default-executor-2] INFO  server.RaftServer$Division (RaftServerImpl.java:setRole(285)) - 94867b1c-ea3d-4a0c-ad6d-bc01e8fd9c3d@group-93F6BDB90FD7: changes role from  FOLLOWER to FOLLOWER at term 5 for candidate:e5b72327-d0f1-439b-a609-a1a5d4ce39ca
2021-10-05 22:52:04,555 [grpc-default-executor-2] INFO  impl.RoleInfo (RoleInfo.java:shutdownFollowerState(108)) - 94867b1c-ea3d-4a0c-ad6d-bc01e8fd9c3d: shutdown 94867b1c-ea3d-4a0c-ad6d-bc01e8fd9c3d@group-93F6BDB90FD7-FollowerState
2021-10-05 22:52:04,556 [grpc-default-executor-2] INFO  impl.RoleInfo (RoleInfo.java:updateAndGet(130)) - 94867b1c-ea3d-4a0c-ad6d-bc01e8fd9c3d: start 94867b1c-ea3d-4a0c-ad6d-bc01e8fd9c3d@group-93F6BDB90FD7-FollowerState
2021-10-05 22:52:04,557 [grpc-default-executor-2] INFO  server.RaftServer$Division (RaftServerImpl.java:requestVote(1075)) - 94867b1c-ea3d-4a0c-ad6d-bc01e8fd9c3d@group-93F6BDB90FD7 replies to ELECTION vote request: e5b72327-d0f1-439b-a609-a1a5d4ce39ca<-94867b1c-ea3d-4a0c-ad6d-bc01e8fd9c3d#0:FAIL-t5. Peer's state: 94867b1c-ea3d-4a0c-ad6d-bc01e8fd9c3d@group-93F6BDB90FD7:t5, leader=null, voted=null, raftlog=94867b1c-ea3d-4a0c-ad6d-bc01e8fd9c3d@group-93F6BDB90FD7-SegmentedRaftLog:OPENED:c-1,f-1,i0, conf=-1: [48f285d5-08c4-4d9f-9330-2fc480905f74|rpc:10.1.0.27:41027|dataStream:|priority:0, e5b72327-d0f1-439b-a609-a1a5d4ce39ca|rpc:10.1.0.27:39149|dataStream:|priority:0, 94867b1c-ea3d-4a0c-ad6d-bc01e8fd9c3d|rpc:10.1.0.27:36105|dataStream:|priority:1], old=null
2021-10-05 22:52:04,557 [e5b72327-d0f1-439b-a609-a1a5d4ce39ca@group-93F6BDB90FD7-LeaderElection21] INFO  impl.LeaderElection (LeaderElection.java:logAndReturn(89)) - e5b72327-d0f1-439b-a609-a1a5d4ce39ca@group-93F6BDB90FD7-LeaderElection21: ELECTION REJECTED received 2 response(s) and 0 exception(s):
2021-10-05 22:52:04,557 [e5b72327-d0f1-439b-a609-a1a5d4ce39ca@group-93F6BDB90FD7-LeaderElection21] INFO  impl.LeaderElection (LeaderElection.java:logAndReturn(93)) -   Response 0: e5b72327-d0f1-439b-a609-a1a5d4ce39ca<-48f285d5-08c4-4d9f-9330-2fc480905f74#0:FAIL-t5
2021-10-05 22:52:04,557 [e5b72327-d0f1-439b-a609-a1a5d4ce39ca@group-93F6BDB90FD7-LeaderElection21] INFO  impl.LeaderElection (LeaderElection.java:logAndReturn(93)) -   Response 1: e5b72327-d0f1-439b-a609-a1a5d4ce39ca<-94867b1c-ea3d-4a0c-ad6d-bc01e8fd9c3d#0:FAIL-t5
2021-10-05 22:52:04,557 [e5b72327-d0f1-439b-a609-a1a5d4ce39ca@group-93F6BDB90FD7-LeaderElection21] INFO  impl.LeaderElection (LeaderElection.java:askForVotes(308)) - e5b72327-d0f1-439b-a609-a1a5d4ce39ca@group-93F6BDB90FD7-LeaderElection21 ELECTION round 0: result REJECTED
2021-10-05 22:52:04,557 [e5b72327-d0f1-439b-a609-a1a5d4ce39ca@group-93F6BDB90FD7-LeaderElection21] INFO  server.RaftServer$Division (RaftServerImpl.java:setRole(285)) - e5b72327-d0f1-439b-a609-a1a5d4ce39ca@group-93F6BDB90FD7: changes role from CANDIDATE to FOLLOWER at term 5 for REJECTED
2021-10-05 22:52:04,557 [e5b72327-d0f1-439b-a609-a1a5d4ce39ca@group-93F6BDB90FD7-LeaderElection21] INFO  impl.RoleInfo (RoleInfo.java:shutdownLeaderElection(121)) - e5b72327-d0f1-439b-a609-a1a5d4ce39ca: shutdown e5b72327-d0f1-439b-a609-a1a5d4ce39ca@group-93F6BDB90FD7-LeaderElection21
2021-10-05 22:52:04,558 [e5b72327-d0f1-439b-a609-a1a5d4ce39ca@group-93F6BDB90FD7-LeaderElection21] INFO  impl.RoleInfo (RoleInfo.java:updateAndGet(130)) - e5b72327-d0f1-439b-a609-a1a5d4ce39ca: start e5b72327-d0f1-439b-a609-a1a5d4ce39ca@group-93F6BDB90FD7-FollowerState
2021-10-05 22:52:09,721 [48f285d5-08c4-4d9f-9330-2fc480905f74@group-93F6BDB90FD7-FollowerState] INFO  impl.FollowerState (FollowerState.java:run(134)) - 48f285d5-08c4-4d9f-9330-2fc480905f74@group-93F6BDB90FD7-FollowerState: change to CANDIDATE, lastRpcElapsedTime:5167155360ns, electionTimeout:5164ms
2021-10-05 22:52:09,722 [48f285d5-08c4-4d9f-9330-2fc480905f74@group-93F6BDB90FD7-FollowerState] INFO  impl.RoleInfo (RoleInfo.java:shutdownFollowerState(108)) - 48f285d5-08c4-4d9f-9330-2fc480905f74: shutdown 48f285d5-08c4-4d9f-9330-2fc480905f74@group-93F6BDB90FD7-FollowerState
2021-10-05 22:52:09,722 [48f285d5-08c4-4d9f-9330-2fc480905f74@group-93F6BDB90FD7-FollowerState] INFO  server.RaftServer$Division (RaftServerImpl.java:setRole(285)) - 48f285d5-08c4-4d9f-9330-2fc480905f74@group-93F6BDB90FD7: changes role from  FOLLOWER to CANDIDATE at term 5 for changeToCandidate
2021-10-05 22:52:09,722 [48f285d5-08c4-4d9f-9330-2fc480905f74@group-93F6BDB90FD7-FollowerState] INFO  server.RaftServerConfigKeys (ConfUtils.java:logGet(44)) - raft.server.leaderelection.pre-vote = false (custom)
2021-10-05 22:52:09,722 [48f285d5-08c4-4d9f-9330-2fc480905f74@group-93F6BDB90FD7-FollowerState] INFO  impl.RoleInfo (RoleInfo.java:updateAndGet(130)) - 48f285d5-08c4-4d9f-9330-2fc480905f74: start 48f285d5-08c4-4d9f-9330-2fc480905f74@group-93F6BDB90FD7-LeaderElection22
2021-10-05 22:52:09,725 [48f285d5-08c4-4d9f-9330-2fc480905f74@group-93F6BDB90FD7-LeaderElection22] INFO  impl.LeaderElection (LeaderElection.java:askForVotes(306)) - 48f285d5-08c4-4d9f-9330-2fc480905f74@group-93F6BDB90FD7-LeaderElection22 ELECTION round 0: submit vote requests at term 6 for -1: [48f285d5-08c4-4d9f-9330-2fc480905f74|rpc:10.1.0.27:41027|dataStream:|priority:0, e5b72327-d0f1-439b-a609-a1a5d4ce39ca|rpc:10.1.0.27:39149|dataStream:|priority:0, 94867b1c-ea3d-4a0c-ad6d-bc01e8fd9c3d|rpc:10.1.0.27:36105|dataStream:|priority:1], old=null
2021-10-05 22:52:09,728 [grpc-default-executor-1] INFO  server.RaftServer$Division (RaftServerImpl.java:requestVote(1043)) - e5b72327-d0f1-439b-a609-a1a5d4ce39ca@group-93F6BDB90FD7: receive requestVote(ELECTION, 48f285d5-08c4-4d9f-9330-2fc480905f74, group-93F6BDB90FD7, 6, (t:0, i:0))
2021-10-05 22:52:09,728 [grpc-default-executor-1] INFO  impl.VoteContext (VoteContext.java:log(48)) - e5b72327-d0f1-439b-a609-a1a5d4ce39ca@group-93F6BDB90FD7-FOLLOWER: accept ELECTION from 48f285d5-08c4-4d9f-9330-2fc480905f74: our priority 0 <= candidate's priority 0
2021-10-05 22:52:09,728 [grpc-default-executor-1] INFO  server.RaftServer$Division (RaftServerImpl.java:setRole(285)) - e5b72327-d0f1-439b-a609-a1a5d4ce39ca@group-93F6BDB90FD7: changes role from  FOLLOWER to FOLLOWER at term 6 for candidate:48f285d5-08c4-4d9f-9330-2fc480905f74
2021-10-05 22:52:09,728 [grpc-default-executor-1] INFO  impl.RoleInfo (RoleInfo.java:shutdownFollowerState(108)) - e5b72327-d0f1-439b-a609-a1a5d4ce39ca: shutdown e5b72327-d0f1-439b-a609-a1a5d4ce39ca@group-93F6BDB90FD7-FollowerState
2021-10-05 22:52:09,728 [grpc-default-executor-1] INFO  impl.RoleInfo (RoleInfo.java:updateAndGet(130)) - e5b72327-d0f1-439b-a609-a1a5d4ce39ca: start e5b72327-d0f1-439b-a609-a1a5d4ce39ca@group-93F6BDB90FD7-FollowerState
2021-10-05 22:52:09,728 [e5b72327-d0f1-439b-a609-a1a5d4ce39ca@group-93F6BDB90FD7-FollowerState] INFO  impl.FollowerState (FollowerState.java:run(143)) - e5b72327-d0f1-439b-a609-a1a5d4ce39ca@group-93F6BDB90FD7-FollowerState was interrupted: {}
java.lang.InterruptedException: sleep interrupted
	at java.lang.Thread.sleep(Native Method)
	at java.lang.Thread.sleep(Thread.java:340)
	at java.util.concurrent.TimeUnit.sleep(TimeUnit.java:386)
	at org.apache.ratis.util.TimeDuration.sleep(TimeDuration.java:324)
	at org.apache.ratis.util.TimeDuration.sleep(TimeDuration.java:309)
	at org.apache.ratis.server.impl.FollowerState.run(FollowerState.java:118)
2021-10-05 22:52:09,742 [grpc-default-executor-1] INFO  server.RaftServer$Division (RaftServerImpl.java:requestVote(1075)) - e5b72327-d0f1-439b-a609-a1a5d4ce39ca@group-93F6BDB90FD7 replies to ELECTION vote request: 48f285d5-08c4-4d9f-9330-2fc480905f74<-e5b72327-d0f1-439b-a609-a1a5d4ce39ca#0:OK-t6. Peer's state: e5b72327-d0f1-439b-a609-a1a5d4ce39ca@group-93F6BDB90FD7:t6, leader=null, voted=48f285d5-08c4-4d9f-9330-2fc480905f74, raftlog=e5b72327-d0f1-439b-a609-a1a5d4ce39ca@group-93F6BDB90FD7-SegmentedRaftLog:OPENED:c-1,f-1,i0, conf=-1: [48f285d5-08c4-4d9f-9330-2fc480905f74|rpc:10.1.0.27:41027|priority:0, e5b72327-d0f1-439b-a609-a1a5d4ce39ca|rpc:10.1.0.27:39149|priority:0, 94867b1c-ea3d-4a0c-ad6d-bc01e8fd9c3d|rpc:10.1.0.27:36105|priority:1], old=null
2021-10-05 22:52:09,742 [grpc-default-executor-2] INFO  server.RaftServer$Division (RaftServerImpl.java:requestVote(1043)) - 94867b1c-ea3d-4a0c-ad6d-bc01e8fd9c3d@group-93F6BDB90FD7: receive requestVote(ELECTION, 48f285d5-08c4-4d9f-9330-2fc480905f74, group-93F6BDB90FD7, 6, (t:0, i:0))
2021-10-05 22:52:09,742 [grpc-default-executor-2] INFO  impl.VoteContext (VoteContext.java:log(48)) - 94867b1c-ea3d-4a0c-ad6d-bc01e8fd9c3d@group-93F6BDB90FD7-FOLLOWER: reject ELECTION from 48f285d5-08c4-4d9f-9330-2fc480905f74: our priority 1 > candidate's priority 0
2021-10-05 22:52:09,742 [grpc-default-executor-2] INFO  server.RaftServer$Division (RaftServerImpl.java:setRole(285)) - 94867b1c-ea3d-4a0c-ad6d-bc01e8fd9c3d@group-93F6BDB90FD7: changes role from  FOLLOWER to FOLLOWER at term 6 for candidate:48f285d5-08c4-4d9f-9330-2fc480905f74
2021-10-05 22:52:09,742 [grpc-default-executor-2] INFO  impl.RoleInfo (RoleInfo.java:shutdownFollowerState(108)) - 94867b1c-ea3d-4a0c-ad6d-bc01e8fd9c3d: shutdown 94867b1c-ea3d-4a0c-ad6d-bc01e8fd9c3d@group-93F6BDB90FD7-FollowerState
2021-10-05 22:52:09,742 [grpc-default-executor-2] INFO  impl.RoleInfo (RoleInfo.java:updateAndGet(130)) - 94867b1c-ea3d-4a0c-ad6d-bc01e8fd9c3d: start 94867b1c-ea3d-4a0c-ad6d-bc01e8fd9c3d@group-93F6BDB90FD7-FollowerState
2021-10-05 22:52:09,742 [94867b1c-ea3d-4a0c-ad6d-bc01e8fd9c3d@group-93F6BDB90FD7-FollowerState] INFO  impl.FollowerState (FollowerState.java:run(143)) - 94867b1c-ea3d-4a0c-ad6d-bc01e8fd9c3d@group-93F6BDB90FD7-FollowerState was interrupted: {}
java.lang.InterruptedException: sleep interrupted
	at java.lang.Thread.sleep(Native Method)
	at java.lang.Thread.sleep(Thread.java:340)
	at java.util.concurrent.TimeUnit.sleep(TimeUnit.java:386)
	at org.apache.ratis.util.TimeDuration.sleep(TimeDuration.java:324)
	at org.apache.ratis.util.TimeDuration.sleep(TimeDuration.java:309)
	at org.apache.ratis.server.impl.FollowerState.run(FollowerState.java:118)
2021-10-05 22:52:09,745 [grpc-default-executor-2] INFO  server.RaftServer$Division (RaftServerImpl.java:requestVote(1075)) - 94867b1c-ea3d-4a0c-ad6d-bc01e8fd9c3d@group-93F6BDB90FD7 replies to ELECTION vote request: 48f285d5-08c4-4d9f-9330-2fc480905f74<-94867b1c-ea3d-4a0c-ad6d-bc01e8fd9c3d#0:FAIL-t6. Peer's state: 94867b1c-ea3d-4a0c-ad6d-bc01e8fd9c3d@group-93F6BDB90FD7:t6, leader=null, voted=null, raftlog=94867b1c-ea3d-4a0c-ad6d-bc01e8fd9c3d@group-93F6BDB90FD7-SegmentedRaftLog:OPENED:c-1,f-1,i0, conf=-1: [48f285d5-08c4-4d9f-9330-2fc480905f74|rpc:10.1.0.27:41027|dataStream:|priority:0, e5b72327-d0f1-439b-a609-a1a5d4ce39ca|rpc:10.1.0.27:39149|dataStream:|priority:0, 94867b1c-ea3d-4a0c-ad6d-bc01e8fd9c3d|rpc:10.1.0.27:36105|dataStream:|priority:1], old=null
2021-10-05 22:52:09,746 [48f285d5-08c4-4d9f-9330-2fc480905f74@group-93F6BDB90FD7-LeaderElection22] INFO  impl.LeaderElection (LeaderElection.java:logAndReturn(89)) - 48f285d5-08c4-4d9f-9330-2fc480905f74@group-93F6BDB90FD7-LeaderElection22: ELECTION REJECTED received 2 response(s) and 0 exception(s):
2021-10-05 22:52:09,746 [48f285d5-08c4-4d9f-9330-2fc480905f74@group-93F6BDB90FD7-LeaderElection22] INFO  impl.LeaderElection (LeaderElection.java:logAndReturn(93)) -   Response 0: 48f285d5-08c4-4d9f-9330-2fc480905f74<-e5b72327-d0f1-439b-a609-a1a5d4ce39ca#0:OK-t6
2021-10-05 22:52:09,747 [48f285d5-08c4-4d9f-9330-2fc480905f74@group-93F6BDB90FD7-LeaderElection22] INFO  impl.LeaderElection (LeaderElection.java:logAndReturn(93)) -   Response 1: 48f285d5-08c4-4d9f-9330-2fc480905f74<-94867b1c-ea3d-4a0c-ad6d-bc01e8fd9c3d#0:FAIL-t6
2021-10-05 22:52:09,747 [48f285d5-08c4-4d9f-9330-2fc480905f74@group-93F6BDB90FD7-LeaderElection22] INFO  impl.LeaderElection (LeaderElection.java:askForVotes(308)) - 48f285d5-08c4-4d9f-9330-2fc480905f74@group-93F6BDB90FD7-LeaderElection22 ELECTION round 0: result REJECTED
2021-10-05 22:52:09,747 [48f285d5-08c4-4d9f-9330-2fc480905f74@group-93F6BDB90FD7-LeaderElection22] INFO  server.RaftServer$Division (RaftServerImpl.java:setRole(285)) - 48f285d5-08c4-4d9f-9330-2fc480905f74@group-93F6BDB90FD7: changes role from CANDIDATE to FOLLOWER at term 6 for REJECTED
2021-10-05 22:52:09,747 [48f285d5-08c4-4d9f-9330-2fc480905f74@group-93F6BDB90FD7-LeaderElection22] INFO  impl.RoleInfo (RoleInfo.java:shutdownLeaderElection(121)) - 48f285d5-08c4-4d9f-9330-2fc480905f74: shutdown 48f285d5-08c4-4d9f-9330-2fc480905f74@group-93F6BDB90FD7-LeaderElection22
2021-10-05 22:52:09,748 [48f285d5-08c4-4d9f-9330-2fc480905f74@group-93F6BDB90FD7-LeaderElection22] INFO  impl.RoleInfo (RoleInfo.java:updateAndGet(130)) - 48f285d5-08c4-4d9f-9330-2fc480905f74: start 48f285d5-08c4-4d9f-9330-2fc480905f74@group-93F6BDB90FD7-FollowerState
2021-10-05 22:52:14,860 [48f285d5-08c4-4d9f-9330-2fc480905f74@group-93F6BDB90FD7-FollowerState] INFO  impl.FollowerState (FollowerState.java:run(134)) - 48f285d5-08c4-4d9f-9330-2fc480905f74@group-93F6BDB90FD7-FollowerState: change to CANDIDATE, lastRpcElapsedTime:5112330283ns, electionTimeout:5112ms
2021-10-05 22:52:14,860 [48f285d5-08c4-4d9f-9330-2fc480905f74@group-93F6BDB90FD7-FollowerState] INFO  impl.RoleInfo (RoleInfo.java:shutdownFollowerState(108)) - 48f285d5-08c4-4d9f-9330-2fc480905f74: shutdown 48f285d5-08c4-4d9f-9330-2fc480905f74@group-93F6BDB90FD7-FollowerState
2021-10-05 22:52:14,860 [48f285d5-08c4-4d9f-9330-2fc480905f74@group-93F6BDB90FD7-FollowerState] INFO  server.RaftServer$Division (RaftServerImpl.java:setRole(285)) - 48f285d5-08c4-4d9f-9330-2fc480905f74@group-93F6BDB90FD7: changes role from  FOLLOWER to CANDIDATE at term 6 for changeToCandidate
2021-10-05 22:52:14,860 [48f285d5-08c4-4d9f-9330-2fc480905f74@group-93F6BDB90FD7-FollowerState] INFO  server.RaftServerConfigKeys (ConfUtils.java:logGet(44)) - raft.server.leaderelection.pre-vote = false (custom)
2021-10-05 22:52:14,861 [48f285d5-08c4-4d9f-9330-2fc480905f74@group-93F6BDB90FD7-FollowerState] INFO  impl.RoleInfo (RoleInfo.java:updateAndGet(130)) - 48f285d5-08c4-4d9f-9330-2fc480905f74: start 48f285d5-08c4-4d9f-9330-2fc480905f74@group-93F6BDB90FD7-LeaderElection23
2021-10-05 22:52:14,863 [48f285d5-08c4-4d9f-9330-2fc480905f74@group-93F6BDB90FD7-LeaderElection23] INFO  impl.LeaderElection (LeaderElection.java:askForVotes(306)) - 48f285d5-08c4-4d9f-9330-2fc480905f74@group-93F6BDB90FD7-LeaderElection23 ELECTION round 0: submit vote requests at term 7 for -1: [48f285d5-08c4-4d9f-9330-2fc480905f74|rpc:10.1.0.27:41027|dataStream:|priority:0, e5b72327-d0f1-439b-a609-a1a5d4ce39ca|rpc:10.1.0.27:39149|dataStream:|priority:0, 94867b1c-ea3d-4a0c-ad6d-bc01e8fd9c3d|rpc:10.1.0.27:36105|dataStream:|priority:1], old=null
2021-10-05 22:52:14,865 [grpc-default-executor-2] INFO  server.RaftServer$Division (RaftServerImpl.java:requestVote(1043)) - e5b72327-d0f1-439b-a609-a1a5d4ce39ca@group-93F6BDB90FD7: receive requestVote(ELECTION, 48f285d5-08c4-4d9f-9330-2fc480905f74, group-93F6BDB90FD7, 7, (t:0, i:0))
2021-10-05 22:52:14,865 [grpc-default-executor-2] INFO  impl.VoteContext (VoteContext.java:log(48)) - e5b72327-d0f1-439b-a609-a1a5d4ce39ca@group-93F6BDB90FD7-FOLLOWER: accept ELECTION from 48f285d5-08c4-4d9f-9330-2fc480905f74: our priority 0 <= candidate's priority 0
2021-10-05 22:52:14,865 [grpc-default-executor-2] INFO  server.RaftServer$Division (RaftServerImpl.java:setRole(285)) - e5b72327-d0f1-439b-a609-a1a5d4ce39ca@group-93F6BDB90FD7: changes role from  FOLLOWER to FOLLOWER at term 7 for candidate:48f285d5-08c4-4d9f-9330-2fc480905f74
2021-10-05 22:52:14,865 [grpc-default-executor-2] INFO  impl.RoleInfo (RoleInfo.java:shutdownFollowerState(108)) - e5b72327-d0f1-439b-a609-a1a5d4ce39ca: shutdown e5b72327-d0f1-439b-a609-a1a5d4ce39ca@group-93F6BDB90FD7-FollowerState
2021-10-05 22:52:14,865 [grpc-default-executor-2] INFO  impl.RoleInfo (RoleInfo.java:updateAndGet(130)) - e5b72327-d0f1-439b-a609-a1a5d4ce39ca: start e5b72327-d0f1-439b-a609-a1a5d4ce39ca@group-93F6BDB90FD7-FollowerState
2021-10-05 22:52:14,865 [e5b72327-d0f1-439b-a609-a1a5d4ce39ca@group-93F6BDB90FD7-FollowerState] INFO  impl.FollowerState (FollowerState.java:run(143)) - e5b72327-d0f1-439b-a609-a1a5d4ce39ca@group-93F6BDB90FD7-FollowerState was interrupted: {}
java.lang.InterruptedException: sleep interrupted
	at java.lang.Thread.sleep(Native Method)
	at java.lang.Thread.sleep(Thread.java:340)
	at java.util.concurrent.TimeUnit.sleep(TimeUnit.java:386)
	at org.apache.ratis.util.TimeDuration.sleep(TimeDuration.java:324)
	at org.apache.ratis.util.TimeDuration.sleep(TimeDuration.java:309)
	at org.apache.ratis.server.impl.FollowerState.run(FollowerState.java:118)
2021-10-05 22:52:14,866 [grpc-default-executor-1] INFO  server.RaftServer$Division (RaftServerImpl.java:requestVote(1043)) - 94867b1c-ea3d-4a0c-ad6d-bc01e8fd9c3d@group-93F6BDB90FD7: receive requestVote(ELECTION, 48f285d5-08c4-4d9f-9330-2fc480905f74, group-93F6BDB90FD7, 7, (t:0, i:0))
2021-10-05 22:52:14,866 [grpc-default-executor-1] INFO  impl.VoteContext (VoteContext.java:log(48)) - 94867b1c-ea3d-4a0c-ad6d-bc01e8fd9c3d@group-93F6BDB90FD7-FOLLOWER: reject ELECTION from 48f285d5-08c4-4d9f-9330-2fc480905f74: our priority 1 > candidate's priority 0
2021-10-05 22:52:14,866 [grpc-default-executor-1] INFO  server.RaftServer$Division (RaftServerImpl.java:setRole(285)) - 94867b1c-ea3d-4a0c-ad6d-bc01e8fd9c3d@group-93F6BDB90FD7: changes role from  FOLLOWER to FOLLOWER at term 7 for candidate:48f285d5-08c4-4d9f-9330-2fc480905f74
2021-10-05 22:52:14,866 [grpc-default-executor-1] INFO  impl.RoleInfo (RoleInfo.java:shutdownFollowerState(108)) - 94867b1c-ea3d-4a0c-ad6d-bc01e8fd9c3d: shutdown 94867b1c-ea3d-4a0c-ad6d-bc01e8fd9c3d@group-93F6BDB90FD7-FollowerState
2021-10-05 22:52:14,866 [grpc-default-executor-1] INFO  impl.RoleInfo (RoleInfo.java:updateAndGet(130)) - 94867b1c-ea3d-4a0c-ad6d-bc01e8fd9c3d: start 94867b1c-ea3d-4a0c-ad6d-bc01e8fd9c3d@group-93F6BDB90FD7-FollowerState
2021-10-05 22:52:14,866 [94867b1c-ea3d-4a0c-ad6d-bc01e8fd9c3d@group-93F6BDB90FD7-FollowerState] INFO  impl.FollowerState (FollowerState.java:run(143)) - 94867b1c-ea3d-4a0c-ad6d-bc01e8fd9c3d@group-93F6BDB90FD7-FollowerState was interrupted: {}
java.lang.InterruptedException: sleep interrupted
	at java.lang.Thread.sleep(Native Method)
	at java.lang.Thread.sleep(Thread.java:340)
	at java.util.concurrent.TimeUnit.sleep(TimeUnit.java:386)
	at org.apache.ratis.util.TimeDuration.sleep(TimeDuration.java:324)
	at org.apache.ratis.util.TimeDuration.sleep(TimeDuration.java:309)
	at org.apache.ratis.server.impl.FollowerState.run(FollowerState.java:118)
2021-10-05 22:52:14,868 [grpc-default-executor-2] INFO  server.RaftServer$Division (RaftServerImpl.java:requestVote(1075)) - e5b72327-d0f1-439b-a609-a1a5d4ce39ca@group-93F6BDB90FD7 replies to ELECTION vote request: 48f285d5-08c4-4d9f-9330-2fc480905f74<-e5b72327-d0f1-439b-a609-a1a5d4ce39ca#0:OK-t7. Peer's state: e5b72327-d0f1-439b-a609-a1a5d4ce39ca@group-93F6BDB90FD7:t7, leader=null, voted=48f285d5-08c4-4d9f-9330-2fc480905f74, raftlog=e5b72327-d0f1-439b-a609-a1a5d4ce39ca@group-93F6BDB90FD7-SegmentedRaftLog:OPENED:c-1,f-1,i0, conf=-1: [48f285d5-08c4-4d9f-9330-2fc480905f74|rpc:10.1.0.27:41027|priority:0, e5b72327-d0f1-439b-a609-a1a5d4ce39ca|rpc:10.1.0.27:39149|priority:0, 94867b1c-ea3d-4a0c-ad6d-bc01e8fd9c3d|rpc:10.1.0.27:36105|priority:1], old=null
2021-10-05 22:52:14,869 [grpc-default-executor-1] INFO  server.RaftServer$Division (RaftServerImpl.java:requestVote(1075)) - 94867b1c-ea3d-4a0c-ad6d-bc01e8fd9c3d@group-93F6BDB90FD7 replies to ELECTION vote request: 48f285d5-08c4-4d9f-9330-2fc480905f74<-94867b1c-ea3d-4a0c-ad6d-bc01e8fd9c3d#0:FAIL-t7. Peer's state: 94867b1c-ea3d-4a0c-ad6d-bc01e8fd9c3d@group-93F6BDB90FD7:t7, leader=null, voted=null, raftlog=94867b1c-ea3d-4a0c-ad6d-bc01e8fd9c3d@group-93F6BDB90FD7-SegmentedRaftLog:OPENED:c-1,f-1,i0, conf=-1: [48f285d5-08c4-4d9f-9330-2fc480905f74|rpc:10.1.0.27:41027|dataStream:|priority:0, e5b72327-d0f1-439b-a609-a1a5d4ce39ca|rpc:10.1.0.27:39149|dataStream:|priority:0, 94867b1c-ea3d-4a0c-ad6d-bc01e8fd9c3d|rpc:10.1.0.27:36105|dataStream:|priority:1], old=null
2021-10-05 22:52:14,871 [48f285d5-08c4-4d9f-9330-2fc480905f74@group-93F6BDB90FD7-LeaderElection23] INFO  impl.LeaderElection (LeaderElection.java:logAndReturn(89)) - 48f285d5-08c4-4d9f-9330-2fc480905f74@group-93F6BDB90FD7-LeaderElection23: ELECTION REJECTED received 2 response(s) and 0 exception(s):
2021-10-05 22:52:14,872 [48f285d5-08c4-4d9f-9330-2fc480905f74@group-93F6BDB90FD7-LeaderElection23] INFO  impl.LeaderElection (LeaderElection.java:logAndReturn(93)) -   Response 0: 48f285d5-08c4-4d9f-9330-2fc480905f74<-e5b72327-d0f1-439b-a609-a1a5d4ce39ca#0:OK-t7
2021-10-05 22:52:14,872 [48f285d5-08c4-4d9f-9330-2fc480905f74@group-93F6BDB90FD7-LeaderElection23] INFO  impl.LeaderElection (LeaderElection.java:logAndReturn(93)) -   Response 1: 48f285d5-08c4-4d9f-9330-2fc480905f74<-94867b1c-ea3d-4a0c-ad6d-bc01e8fd9c3d#0:FAIL-t7
2021-10-05 22:52:14,872 [48f285d5-08c4-4d9f-9330-2fc480905f74@group-93F6BDB90FD7-LeaderElection23] INFO  impl.LeaderElection (LeaderElection.java:askForVotes(308)) - 48f285d5-08c4-4d9f-9330-2fc480905f74@group-93F6BDB90FD7-LeaderElection23 ELECTION round 0: result REJECTED
2021-10-05 22:52:14,872 [48f285d5-08c4-4d9f-9330-2fc480905f74@group-93F6BDB90FD7-LeaderElection23] INFO  server.RaftServer$Division (RaftServerImpl.java:setRole(285)) - 48f285d5-08c4-4d9f-9330-2fc480905f74@group-93F6BDB90FD7: changes role from CANDIDATE to FOLLOWER at term 7 for REJECTED
2021-10-05 22:52:14,872 [48f285d5-08c4-4d9f-9330-2fc480905f74@group-93F6BDB90FD7-LeaderElection23] INFO  impl.RoleInfo (RoleInfo.java:shutdownLeaderElection(121)) - 48f285d5-08c4-4d9f-9330-2fc480905f74: shutdown 48f285d5-08c4-4d9f-9330-2fc480905f74@group-93F6BDB90FD7-LeaderElection23
2021-10-05 22:52:14,872 [48f285d5-08c4-4d9f-9330-2fc480905f74@group-93F6BDB90FD7-LeaderElection23] INFO  impl.RoleInfo (RoleInfo.java:updateAndGet(130)) - 48f285d5-08c4-4d9f-9330-2fc480905f74: start 48f285d5-08c4-4d9f-9330-2fc480905f74@group-93F6BDB90FD7-FollowerState
2021-10-05 22:52:19,874 [48f285d5-08c4-4d9f-9330-2fc480905f74@group-93F6BDB90FD7-FollowerState] INFO  impl.FollowerState (FollowerState.java:run(134)) - 48f285d5-08c4-4d9f-9330-2fc480905f74@group-93F6BDB90FD7-FollowerState: change to CANDIDATE, lastRpcElapsedTime:5002308321ns, electionTimeout:5002ms
2021-10-05 22:52:19,874 [48f285d5-08c4-4d9f-9330-2fc480905f74@group-93F6BDB90FD7-FollowerState] INFO  impl.RoleInfo (RoleInfo.java:shutdownFollowerState(108)) - 48f285d5-08c4-4d9f-9330-2fc480905f74: shutdown 48f285d5-08c4-4d9f-9330-2fc480905f74@group-93F6BDB90FD7-FollowerState
2021-10-05 22:52:19,874 [48f285d5-08c4-4d9f-9330-2fc480905f74@group-93F6BDB90FD7-FollowerState] INFO  server.RaftServer$Division (RaftServerImpl.java:setRole(285)) - 48f285d5-08c4-4d9f-9330-2fc480905f74@group-93F6BDB90FD7: changes role from  FOLLOWER to CANDIDATE at term 7 for changeToCandidate
2021-10-05 22:52:19,874 [48f285d5-08c4-4d9f-9330-2fc480905f74@group-93F6BDB90FD7-FollowerState] INFO  server.RaftServerConfigKeys (ConfUtils.java:logGet(44)) - raft.server.leaderelection.pre-vote = false (custom)
2021-10-05 22:52:19,875 [48f285d5-08c4-4d9f-9330-2fc480905f74@group-93F6BDB90FD7-FollowerState] INFO  impl.RoleInfo (RoleInfo.java:updateAndGet(130)) - 48f285d5-08c4-4d9f-9330-2fc480905f74: start 48f285d5-08c4-4d9f-9330-2fc480905f74@group-93F6BDB90FD7-LeaderElection24
2021-10-05 22:52:19,877 [48f285d5-08c4-4d9f-9330-2fc480905f74@group-93F6BDB90FD7-LeaderElection24] INFO  impl.LeaderElection (LeaderElection.java:askForVotes(306)) - 48f285d5-08c4-4d9f-9330-2fc480905f74@group-93F6BDB90FD7-LeaderElection24 ELECTION round 0: submit vote requests at term 8 for -1: [48f285d5-08c4-4d9f-9330-2fc480905f74|rpc:10.1.0.27:41027|dataStream:|priority:0, e5b72327-d0f1-439b-a609-a1a5d4ce39ca|rpc:10.1.0.27:39149|dataStream:|priority:0, 94867b1c-ea3d-4a0c-ad6d-bc01e8fd9c3d|rpc:10.1.0.27:36105|dataStream:|priority:1], old=null
2021-10-05 22:52:19,880 [e5b72327-d0f1-439b-a609-a1a5d4ce39ca@group-93F6BDB90FD7-FollowerState] INFO  impl.FollowerState (FollowerState.java:run(134)) - e5b72327-d0f1-439b-a609-a1a5d4ce39ca@group-93F6BDB90FD7-FollowerState: change to CANDIDATE, lastRpcElapsedTime:5011743722ns, electionTimeout:5011ms
2021-10-05 22:52:19,880 [e5b72327-d0f1-439b-a609-a1a5d4ce39ca@group-93F6BDB90FD7-FollowerState] INFO  impl.RoleInfo (RoleInfo.java:shutdownFollowerState(108)) - e5b72327-d0f1-439b-a609-a1a5d4ce39ca: shutdown e5b72327-d0f1-439b-a609-a1a5d4ce39ca@group-93F6BDB90FD7-FollowerState
2021-10-05 22:52:19,880 [e5b72327-d0f1-439b-a609-a1a5d4ce39ca@group-93F6BDB90FD7-FollowerState] INFO  server.RaftServer$Division (RaftServerImpl.java:setRole(285)) - e5b72327-d0f1-439b-a609-a1a5d4ce39ca@group-93F6BDB90FD7: changes role from  FOLLOWER to CANDIDATE at term 7 for changeToCandidate
2021-10-05 22:52:19,880 [e5b72327-d0f1-439b-a609-a1a5d4ce39ca@group-93F6BDB90FD7-FollowerState] INFO  server.RaftServerConfigKeys (ConfUtils.java:logGet(44)) - raft.server.leaderelection.pre-vote = false (custom)
2021-10-05 22:52:19,880 [e5b72327-d0f1-439b-a609-a1a5d4ce39ca@group-93F6BDB90FD7-FollowerState] INFO  impl.RoleInfo (RoleInfo.java:updateAndGet(130)) - e5b72327-d0f1-439b-a609-a1a5d4ce39ca: start e5b72327-d0f1-439b-a609-a1a5d4ce39ca@group-93F6BDB90FD7-LeaderElection25
2021-10-05 22:52:19,887 [grpc-default-executor-1] INFO  server.RaftServer$Division (RaftServerImpl.java:requestVote(1043)) - e5b72327-d0f1-439b-a609-a1a5d4ce39ca@group-93F6BDB90FD7: receive requestVote(ELECTION, 48f285d5-08c4-4d9f-9330-2fc480905f74, group-93F6BDB90FD7, 8, (t:0, i:0))
2021-10-05 22:52:19,887 [grpc-default-executor-1] INFO  impl.VoteContext (VoteContext.java:log(48)) - e5b72327-d0f1-439b-a609-a1a5d4ce39ca@group-93F6BDB90FD7-CANDIDATE: accept ELECTION from 48f285d5-08c4-4d9f-9330-2fc480905f74: our priority 0 <= candidate's priority 0
2021-10-05 22:52:19,887 [grpc-default-executor-1] INFO  server.RaftServer$Division (RaftServerImpl.java:setRole(285)) - e5b72327-d0f1-439b-a609-a1a5d4ce39ca@group-93F6BDB90FD7: changes role from CANDIDATE to FOLLOWER at term 8 for candidate:48f285d5-08c4-4d9f-9330-2fc480905f74
2021-10-05 22:52:19,887 [grpc-default-executor-1] INFO  impl.RoleInfo (RoleInfo.java:shutdownLeaderElection(121)) - e5b72327-d0f1-439b-a609-a1a5d4ce39ca: shutdown e5b72327-d0f1-439b-a609-a1a5d4ce39ca@group-93F6BDB90FD7-LeaderElection25
2021-10-05 22:52:19,887 [grpc-default-executor-1] INFO  impl.RoleInfo (RoleInfo.java:updateAndGet(130)) - e5b72327-d0f1-439b-a609-a1a5d4ce39ca: start e5b72327-d0f1-439b-a609-a1a5d4ce39ca@group-93F6BDB90FD7-FollowerState
2021-10-05 22:52:19,888 [grpc-default-executor-2] INFO  server.RaftServer$Division (RaftServerImpl.java:requestVote(1043)) - 94867b1c-ea3d-4a0c-ad6d-bc01e8fd9c3d@group-93F6BDB90FD7: receive requestVote(ELECTION, 48f285d5-08c4-4d9f-9330-2fc480905f74, group-93F6BDB90FD7, 8, (t:0, i:0))
2021-10-05 22:52:19,888 [grpc-default-executor-2] INFO  impl.VoteContext (VoteContext.java:log(48)) - 94867b1c-ea3d-4a0c-ad6d-bc01e8fd9c3d@group-93F6BDB90FD7-FOLLOWER: reject ELECTION from 48f285d5-08c4-4d9f-9330-2fc480905f74: our priority 1 > candidate's priority 0
2021-10-05 22:52:19,888 [grpc-default-executor-2] INFO  server.RaftServer$Division (RaftServerImpl.java:setRole(285)) - 94867b1c-ea3d-4a0c-ad6d-bc01e8fd9c3d@group-93F6BDB90FD7: changes role from  FOLLOWER to FOLLOWER at term 8 for candidate:48f285d5-08c4-4d9f-9330-2fc480905f74
2021-10-05 22:52:19,888 [grpc-default-executor-2] INFO  impl.RoleInfo (RoleInfo.java:shutdownFollowerState(108)) - 94867b1c-ea3d-4a0c-ad6d-bc01e8fd9c3d: shutdown 94867b1c-ea3d-4a0c-ad6d-bc01e8fd9c3d@group-93F6BDB90FD7-FollowerState
2021-10-05 22:52:19,888 [grpc-default-executor-2] INFO  impl.RoleInfo (RoleInfo.java:updateAndGet(130)) - 94867b1c-ea3d-4a0c-ad6d-bc01e8fd9c3d: start 94867b1c-ea3d-4a0c-ad6d-bc01e8fd9c3d@group-93F6BDB90FD7-FollowerState
2021-10-05 22:52:19,888 [94867b1c-ea3d-4a0c-ad6d-bc01e8fd9c3d@group-93F6BDB90FD7-FollowerState] INFO  impl.FollowerState (FollowerState.java:run(143)) - 94867b1c-ea3d-4a0c-ad6d-bc01e8fd9c3d@group-93F6BDB90FD7-FollowerState was interrupted: {}
java.lang.InterruptedException: sleep interrupted
	at java.lang.Thread.sleep(Native Method)
	at java.lang.Thread.sleep(Thread.java:340)
	at java.util.concurrent.TimeUnit.sleep(TimeUnit.java:386)
	at org.apache.ratis.util.TimeDuration.sleep(TimeDuration.java:324)
	at org.apache.ratis.util.TimeDuration.sleep(TimeDuration.java:309)
	at org.apache.ratis.server.impl.FollowerState.run(FollowerState.java:118)
2021-10-05 22:52:19,887 [e5b72327-d0f1-439b-a609-a1a5d4ce39ca@group-93F6BDB90FD7-LeaderElection25] INFO  impl.LeaderElection (LeaderElection.java:run(230)) - e5b72327-d0f1-439b-a609-a1a5d4ce39ca@group-93F6BDB90FD7-LeaderElection25: skip running since this is already CLOSING
2021-10-05 22:52:19,894 [grpc-default-executor-1] INFO  server.RaftServer$Division (RaftServerImpl.java:requestVote(1075)) - e5b72327-d0f1-439b-a609-a1a5d4ce39ca@group-93F6BDB90FD7 replies to ELECTION vote request: 48f285d5-08c4-4d9f-9330-2fc480905f74<-e5b72327-d0f1-439b-a609-a1a5d4ce39ca#0:OK-t8. Peer's state: e5b72327-d0f1-439b-a609-a1a5d4ce39ca@group-93F6BDB90FD7:t8, leader=null, voted=48f285d5-08c4-4d9f-9330-2fc480905f74, raftlog=e5b72327-d0f1-439b-a609-a1a5d4ce39ca@group-93F6BDB90FD7-SegmentedRaftLog:OPENED:c-1,f-1,i0, conf=-1: [48f285d5-08c4-4d9f-9330-2fc480905f74|rpc:10.1.0.27:41027|priority:0, e5b72327-d0f1-439b-a609-a1a5d4ce39ca|rpc:10.1.0.27:39149|priority:0, 94867b1c-ea3d-4a0c-ad6d-bc01e8fd9c3d|rpc:10.1.0.27:36105|priority:1], old=null
2021-10-05 22:52:19,894 [grpc-default-executor-2] INFO  server.RaftServer$Division (RaftServerImpl.java:requestVote(1075)) - 94867b1c-ea3d-4a0c-ad6d-bc01e8fd9c3d@group-93F6BDB90FD7 replies to ELECTION vote request: 48f285d5-08c4-4d9f-9330-2fc480905f74<-94867b1c-ea3d-4a0c-ad6d-bc01e8fd9c3d#0:FAIL-t8. Peer's state: 94867b1c-ea3d-4a0c-ad6d-bc01e8fd9c3d@group-93F6BDB90FD7:t8, leader=null, voted=null, raftlog=94867b1c-ea3d-4a0c-ad6d-bc01e8fd9c3d@group-93F6BDB90FD7-SegmentedRaftLog:OPENED:c-1,f-1,i0, conf=-1: [48f285d5-08c4-4d9f-9330-2fc480905f74|rpc:10.1.0.27:41027|dataStream:|priority:0, e5b72327-d0f1-439b-a609-a1a5d4ce39ca|rpc:10.1.0.27:39149|dataStream:|priority:0, 94867b1c-ea3d-4a0c-ad6d-bc01e8fd9c3d|rpc:10.1.0.27:36105|dataStream:|priority:1], old=null
2021-10-05 22:52:19,897 [48f285d5-08c4-4d9f-9330-2fc480905f74@group-93F6BDB90FD7-LeaderElection24] INFO  impl.LeaderElection (LeaderElection.java:logAndReturn(89)) - 48f285d5-08c4-4d9f-9330-2fc480905f74@group-93F6BDB90FD7-LeaderElection24: ELECTION REJECTED received 2 response(s) and 0 exception(s):
2021-10-05 22:52:19,897 [48f285d5-08c4-4d9f-9330-2fc480905f74@group-93F6BDB90FD7-LeaderElection24] INFO  impl.LeaderElection (LeaderElection.java:logAndReturn(93)) -   Response 0: 48f285d5-08c4-4d9f-9330-2fc480905f74<-e5b72327-d0f1-439b-a609-a1a5d4ce39ca#0:OK-t8
2021-10-05 22:52:19,897 [48f285d5-08c4-4d9f-9330-2fc480905f74@group-93F6BDB90FD7-LeaderElection24] INFO  impl.LeaderElection (LeaderElection.java:logAndReturn(93)) -   Response 1: 48f285d5-08c4-4d9f-9330-2fc480905f74<-94867b1c-ea3d-4a0c-ad6d-bc01e8fd9c3d#0:FAIL-t8
2021-10-05 22:52:19,897 [48f285d5-08c4-4d9f-9330-2fc480905f74@group-93F6BDB90FD7-LeaderElection24] INFO  impl.LeaderElection (LeaderElection.java:askForVotes(308)) - 48f285d5-08c4-4d9f-9330-2fc480905f74@group-93F6BDB90FD7-LeaderElection24 ELECTION round 0: result REJECTED
2021-10-05 22:52:19,897 [48f285d5-08c4-4d9f-9330-2fc480905f74@group-93F6BDB90FD7-LeaderElection24] INFO  server.RaftServer$Division (RaftServerImpl.java:setRole(285)) - 48f285d5-08c4-4d9f-9330-2fc480905f74@group-93F6BDB90FD7: changes role from CANDIDATE to FOLLOWER at term 8 for REJECTED
2021-10-05 22:52:19,897 [48f285d5-08c4-4d9f-9330-2fc480905f74@group-93F6BDB90FD7-LeaderElection24] INFO  impl.RoleInfo (RoleInfo.java:shutdownLeaderElection(121)) - 48f285d5-08c4-4d9f-9330-2fc480905f74: shutdown 48f285d5-08c4-4d9f-9330-2fc480905f74@group-93F6BDB90FD7-LeaderElection24
2021-10-05 22:52:19,897 [48f285d5-08c4-4d9f-9330-2fc480905f74@group-93F6BDB90FD7-LeaderElection24] INFO  impl.RoleInfo (RoleInfo.java:updateAndGet(130)) - 48f285d5-08c4-4d9f-9330-2fc480905f74: start 48f285d5-08c4-4d9f-9330-2fc480905f74@group-93F6BDB90FD7-FollowerState
2021-10-05 22:52:25,023 [48f285d5-08c4-4d9f-9330-2fc480905f74@group-93F6BDB90FD7-FollowerState] INFO  impl.FollowerState (FollowerState.java:run(134)) - 48f285d5-08c4-4d9f-9330-2fc480905f74@group-93F6BDB90FD7-FollowerState: change to CANDIDATE, lastRpcElapsedTime:5126119680ns, electionTimeout:5125ms
2021-10-05 22:52:25,024 [48f285d5-08c4-4d9f-9330-2fc480905f74@group-93F6BDB90FD7-FollowerState] INFO  impl.RoleInfo (RoleInfo.java:shutdownFollowerState(108)) - 48f285d5-08c4-4d9f-9330-2fc480905f74: shutdown 48f285d5-08c4-4d9f-9330-2fc480905f74@group-93F6BDB90FD7-FollowerState
2021-10-05 22:52:25,024 [48f285d5-08c4-4d9f-9330-2fc480905f74@group-93F6BDB90FD7-FollowerState] INFO  server.RaftServer$Division (RaftServerImpl.java:setRole(285)) - 48f285d5-08c4-4d9f-9330-2fc480905f74@group-93F6BDB90FD7: changes role from  FOLLOWER to CANDIDATE at term 8 for changeToCandidate
2021-10-05 22:52:25,024 [48f285d5-08c4-4d9f-9330-2fc480905f74@group-93F6BDB90FD7-FollowerState] INFO  server.RaftServerConfigKeys (ConfUtils.java:logGet(44)) - raft.server.leaderelection.pre-vote = false (custom)
2021-10-05 22:52:25,024 [48f285d5-08c4-4d9f-9330-2fc480905f74@group-93F6BDB90FD7-FollowerState] INFO  impl.RoleInfo (RoleInfo.java:updateAndGet(130)) - 48f285d5-08c4-4d9f-9330-2fc480905f74: start 48f285d5-08c4-4d9f-9330-2fc480905f74@group-93F6BDB90FD7-LeaderElection26
2021-10-05 22:52:25,027 [94867b1c-ea3d-4a0c-ad6d-bc01e8fd9c3d@group-93F6BDB90FD7-FollowerState] INFO  impl.FollowerState (FollowerState.java:run(134)) - 94867b1c-ea3d-4a0c-ad6d-bc01e8fd9c3d@group-93F6BDB90FD7-FollowerState: change to CANDIDATE, lastRpcElapsedTime:5138792416ns, electionTimeout:5132ms
2021-10-05 22:52:25,027 [94867b1c-ea3d-4a0c-ad6d-bc01e8fd9c3d@group-93F6BDB90FD7-FollowerState] INFO  impl.RoleInfo (RoleInfo.java:shutdownFollowerState(108)) - 94867b1c-ea3d-4a0c-ad6d-bc01e8fd9c3d: shutdown 94867b1c-ea3d-4a0c-ad6d-bc01e8fd9c3d@group-93F6BDB90FD7-FollowerState
2021-10-05 22:52:25,027 [94867b1c-ea3d-4a0c-ad6d-bc01e8fd9c3d@group-93F6BDB90FD7-FollowerState] INFO  server.RaftServer$Division (RaftServerImpl.java:setRole(285)) - 94867b1c-ea3d-4a0c-ad6d-bc01e8fd9c3d@group-93F6BDB90FD7: changes role from  FOLLOWER to CANDIDATE at term 8 for changeToCandidate
2021-10-05 22:52:25,027 [94867b1c-ea3d-4a0c-ad6d-bc01e8fd9c3d@group-93F6BDB90FD7-FollowerState] INFO  server.RaftServerConfigKeys (ConfUtils.java:logGet(44)) - raft.server.leaderelection.pre-vote = false (custom)
2021-10-05 22:52:25,027 [94867b1c-ea3d-4a0c-ad6d-bc01e8fd9c3d@group-93F6BDB90FD7-FollowerState] INFO  impl.RoleInfo (RoleInfo.java:updateAndGet(130)) - 94867b1c-ea3d-4a0c-ad6d-bc01e8fd9c3d: start 94867b1c-ea3d-4a0c-ad6d-bc01e8fd9c3d@group-93F6BDB90FD7-LeaderElection27
2021-10-05 22:52:25,029 [48f285d5-08c4-4d9f-9330-2fc480905f74@group-93F6BDB90FD7-LeaderElection26] INFO  impl.LeaderElection (LeaderElection.java:askForVotes(306)) - 48f285d5-08c4-4d9f-9330-2fc480905f74@group-93F6BDB90FD7-LeaderElection26 ELECTION round 0: submit vote requests at term 9 for -1: [48f285d5-08c4-4d9f-9330-2fc480905f74|rpc:10.1.0.27:41027|dataStream:|priority:0, e5b72327-d0f1-439b-a609-a1a5d4ce39ca|rpc:10.1.0.27:39149|dataStream:|priority:0, 94867b1c-ea3d-4a0c-ad6d-bc01e8fd9c3d|rpc:10.1.0.27:36105|dataStream:|priority:1], old=null
2021-10-05 22:52:25,030 [94867b1c-ea3d-4a0c-ad6d-bc01e8fd9c3d@group-93F6BDB90FD7-LeaderElection27] INFO  impl.LeaderElection (LeaderElection.java:askForVotes(306)) - 94867b1c-ea3d-4a0c-ad6d-bc01e8fd9c3d@group-93F6BDB90FD7-LeaderElection27 ELECTION round 0: submit vote requests at term 9 for -1: [48f285d5-08c4-4d9f-9330-2fc480905f74|rpc:10.1.0.27:41027|dataStream:|priority:0, e5b72327-d0f1-439b-a609-a1a5d4ce39ca|rpc:10.1.0.27:39149|dataStream:|priority:0, 94867b1c-ea3d-4a0c-ad6d-bc01e8fd9c3d|rpc:10.1.0.27:36105|dataStream:|priority:1], old=null
2021-10-05 22:52:25,032 [grpc-default-executor-1] INFO  server.RaftServer$Division (RaftServerImpl.java:requestVote(1043)) - e5b72327-d0f1-439b-a609-a1a5d4ce39ca@group-93F6BDB90FD7: receive requestVote(ELECTION, 48f285d5-08c4-4d9f-9330-2fc480905f74, group-93F6BDB90FD7, 9, (t:0, i:0))
2021-10-05 22:52:25,032 [grpc-default-executor-1] INFO  impl.VoteContext (VoteContext.java:log(48)) - e5b72327-d0f1-439b-a609-a1a5d4ce39ca@group-93F6BDB90FD7-FOLLOWER: accept ELECTION from 48f285d5-08c4-4d9f-9330-2fc480905f74: our priority 0 <= candidate's priority 0
2021-10-05 22:52:25,032 [grpc-default-executor-1] INFO  server.RaftServer$Division (RaftServerImpl.java:setRole(285)) - e5b72327-d0f1-439b-a609-a1a5d4ce39ca@group-93F6BDB90FD7: changes role from  FOLLOWER to FOLLOWER at term 9 for candidate:48f285d5-08c4-4d9f-9330-2fc480905f74
2021-10-05 22:52:25,032 [grpc-default-executor-1] INFO  impl.RoleInfo (RoleInfo.java:shutdownFollowerState(108)) - e5b72327-d0f1-439b-a609-a1a5d4ce39ca: shutdown e5b72327-d0f1-439b-a609-a1a5d4ce39ca@group-93F6BDB90FD7-FollowerState
2021-10-05 22:52:25,032 [grpc-default-executor-1] INFO  impl.RoleInfo (RoleInfo.java:updateAndGet(130)) - e5b72327-d0f1-439b-a609-a1a5d4ce39ca: start e5b72327-d0f1-439b-a609-a1a5d4ce39ca@group-93F6BDB90FD7-FollowerState
2021-10-05 22:52:25,033 [e5b72327-d0f1-439b-a609-a1a5d4ce39ca@group-93F6BDB90FD7-FollowerState] INFO  impl.FollowerState (FollowerState.java:run(143)) - e5b72327-d0f1-439b-a609-a1a5d4ce39ca@group-93F6BDB90FD7-FollowerState was interrupted: {}
java.lang.InterruptedException: sleep interrupted
	at java.lang.Thread.sleep(Native Method)
	at java.lang.Thread.sleep(Thread.java:340)
	at java.util.concurrent.TimeUnit.sleep(TimeUnit.java:386)
	at org.apache.ratis.util.TimeDuration.sleep(TimeDuration.java:324)
	at org.apache.ratis.util.TimeDuration.sleep(TimeDuration.java:309)
	at org.apache.ratis.server.impl.FollowerState.run(FollowerState.java:118)
2021-10-05 22:52:25,033 [grpc-default-executor-2] INFO  server.RaftServer$Division (RaftServerImpl.java:requestVote(1043)) - 94867b1c-ea3d-4a0c-ad6d-bc01e8fd9c3d@group-93F6BDB90FD7: receive requestVote(ELECTION, 48f285d5-08c4-4d9f-9330-2fc480905f74, group-93F6BDB90FD7, 9, (t:0, i:0))
2021-10-05 22:52:25,033 [grpc-default-executor-2] INFO  impl.VoteContext (VoteContext.java:log(48)) - 94867b1c-ea3d-4a0c-ad6d-bc01e8fd9c3d@group-93F6BDB90FD7-CANDIDATE: reject ELECTION from 48f285d5-08c4-4d9f-9330-2fc480905f74: already has voted for 94867b1c-ea3d-4a0c-ad6d-bc01e8fd9c3d at current term 9
2021-10-05 22:52:25,033 [grpc-default-executor-2] INFO  server.RaftServer$Division (RaftServerImpl.java:requestVote(1075)) - 94867b1c-ea3d-4a0c-ad6d-bc01e8fd9c3d@group-93F6BDB90FD7 replies to ELECTION vote request: 48f285d5-08c4-4d9f-9330-2fc480905f74<-94867b1c-ea3d-4a0c-ad6d-bc01e8fd9c3d#0:FAIL-t9. Peer's state: 94867b1c-ea3d-4a0c-ad6d-bc01e8fd9c3d@group-93F6BDB90FD7:t9, leader=null, voted=94867b1c-ea3d-4a0c-ad6d-bc01e8fd9c3d, raftlog=94867b1c-ea3d-4a0c-ad6d-bc01e8fd9c3d@group-93F6BDB90FD7-SegmentedRaftLog:OPENED:c-1,f-1,i0, conf=-1: [48f285d5-08c4-4d9f-9330-2fc480905f74|rpc:10.1.0.27:41027|dataStream:|priority:0, e5b72327-d0f1-439b-a609-a1a5d4ce39ca|rpc:10.1.0.27:39149|dataStream:|priority:0, 94867b1c-ea3d-4a0c-ad6d-bc01e8fd9c3d|rpc:10.1.0.27:36105|dataStream:|priority:1], old=null
2021-10-05 22:52:25,036 [grpc-default-executor-1] INFO  server.RaftServer$Division (RaftServerImpl.java:requestVote(1075)) - e5b72327-d0f1-439b-a609-a1a5d4ce39ca@group-93F6BDB90FD7 replies to ELECTION vote request: 48f285d5-08c4-4d9f-9330-2fc480905f74<-e5b72327-d0f1-439b-a609-a1a5d4ce39ca#0:OK-t9. Peer's state: e5b72327-d0f1-439b-a609-a1a5d4ce39ca@group-93F6BDB90FD7:t9, leader=null, voted=48f285d5-08c4-4d9f-9330-2fc480905f74, raftlog=e5b72327-d0f1-439b-a609-a1a5d4ce39ca@group-93F6BDB90FD7-SegmentedRaftLog:OPENED:c-1,f-1,i0, conf=-1: [48f285d5-08c4-4d9f-9330-2fc480905f74|rpc:10.1.0.27:41027|priority:0, e5b72327-d0f1-439b-a609-a1a5d4ce39ca|rpc:10.1.0.27:39149|priority:0, 94867b1c-ea3d-4a0c-ad6d-bc01e8fd9c3d|rpc:10.1.0.27:36105|priority:1], old=null
2021-10-05 22:52:25,037 [48f285d5-08c4-4d9f-9330-2fc480905f74@group-93F6BDB90FD7-LeaderElection26] INFO  impl.LeaderElection (LeaderElection.java:logAndReturn(89)) - 48f285d5-08c4-4d9f-9330-2fc480905f74@group-93F6BDB90FD7-LeaderElection26: ELECTION REJECTED received 1 response(s) and 0 exception(s):
2021-10-05 22:52:25,037 [48f285d5-08c4-4d9f-9330-2fc480905f74@group-93F6BDB90FD7-LeaderElection26] INFO  impl.LeaderElection (LeaderElection.java:logAndReturn(93)) -   Response 0: 48f285d5-08c4-4d9f-9330-2fc480905f74<-94867b1c-ea3d-4a0c-ad6d-bc01e8fd9c3d#0:FAIL-t9
2021-10-05 22:52:25,037 [48f285d5-08c4-4d9f-9330-2fc480905f74@group-93F6BDB90FD7-LeaderElection26] INFO  impl.LeaderElection (LeaderElection.java:askForVotes(308)) - 48f285d5-08c4-4d9f-9330-2fc480905f74@group-93F6BDB90FD7-LeaderElection26 ELECTION round 0: result REJECTED
2021-10-05 22:52:25,037 [48f285d5-08c4-4d9f-9330-2fc480905f74@group-93F6BDB90FD7-LeaderElection26] INFO  server.RaftServer$Division (RaftServerImpl.java:setRole(285)) - 48f285d5-08c4-4d9f-9330-2fc480905f74@group-93F6BDB90FD7: changes role from CANDIDATE to FOLLOWER at term 9 for REJECTED
2021-10-05 22:52:25,037 [48f285d5-08c4-4d9f-9330-2fc480905f74@group-93F6BDB90FD7-LeaderElection26] INFO  impl.RoleInfo (RoleInfo.java:shutdownLeaderElection(121)) - 48f285d5-08c4-4d9f-9330-2fc480905f74: shutdown 48f285d5-08c4-4d9f-9330-2fc480905f74@group-93F6BDB90FD7-LeaderElection26
2021-10-05 22:52:25,037 [48f285d5-08c4-4d9f-9330-2fc480905f74@group-93F6BDB90FD7-LeaderElection26] INFO  impl.RoleInfo (RoleInfo.java:updateAndGet(130)) - 48f285d5-08c4-4d9f-9330-2fc480905f74: start 48f285d5-08c4-4d9f-9330-2fc480905f74@group-93F6BDB90FD7-FollowerState
2021-10-05 22:52:25,040 [grpc-default-executor-2] INFO  server.RaftServer$Division (RaftServerImpl.java:requestVote(1043)) - e5b72327-d0f1-439b-a609-a1a5d4ce39ca@group-93F6BDB90FD7: receive requestVote(ELECTION, 94867b1c-ea3d-4a0c-ad6d-bc01e8fd9c3d, group-93F6BDB90FD7, 9, (t:0, i:0))
2021-10-05 22:52:25,040 [grpc-default-executor-2] INFO  impl.VoteContext (VoteContext.java:log(48)) - e5b72327-d0f1-439b-a609-a1a5d4ce39ca@group-93F6BDB90FD7-FOLLOWER: reject ELECTION from 94867b1c-ea3d-4a0c-ad6d-bc01e8fd9c3d: already has voted for 48f285d5-08c4-4d9f-9330-2fc480905f74 at current term 9
2021-10-05 22:52:25,040 [grpc-default-executor-2] INFO  server.RaftServer$Division (RaftServerImpl.java:requestVote(1075)) - e5b72327-d0f1-439b-a609-a1a5d4ce39ca@group-93F6BDB90FD7 replies to ELECTION vote request: 94867b1c-ea3d-4a0c-ad6d-bc01e8fd9c3d<-e5b72327-d0f1-439b-a609-a1a5d4ce39ca#0:FAIL-t9. Peer's state: e5b72327-d0f1-439b-a609-a1a5d4ce39ca@group-93F6BDB90FD7:t9, leader=null, voted=48f285d5-08c4-4d9f-9330-2fc480905f74, raftlog=e5b72327-d0f1-439b-a609-a1a5d4ce39ca@group-93F6BDB90FD7-SegmentedRaftLog:OPENED:c-1,f-1,i0, conf=-1: [48f285d5-08c4-4d9f-9330-2fc480905f74|rpc:10.1.0.27:41027|priority:0, e5b72327-d0f1-439b-a609-a1a5d4ce39ca|rpc:10.1.0.27:39149|priority:0, 94867b1c-ea3d-4a0c-ad6d-bc01e8fd9c3d|rpc:10.1.0.27:36105|priority:1], old=null
2021-10-05 22:52:25,042 [grpc-default-executor-2] INFO  server.RaftServer$Division (RaftServerImpl.java:requestVote(1043)) - 48f285d5-08c4-4d9f-9330-2fc480905f74@group-93F6BDB90FD7: receive requestVote(ELECTION, 94867b1c-ea3d-4a0c-ad6d-bc01e8fd9c3d, group-93F6BDB90FD7, 9, (t:0, i:0))
2021-10-05 22:52:25,042 [grpc-default-executor-2] INFO  impl.VoteContext (VoteContext.java:log(48)) - 48f285d5-08c4-4d9f-9330-2fc480905f74@group-93F6BDB90FD7-FOLLOWER: reject ELECTION from 94867b1c-ea3d-4a0c-ad6d-bc01e8fd9c3d: already has voted for 48f285d5-08c4-4d9f-9330-2fc480905f74 at current term 9
2021-10-05 22:52:25,042 [grpc-default-executor-2] INFO  server.RaftServer$Division (RaftServerImpl.java:requestVote(1075)) - 48f285d5-08c4-4d9f-9330-2fc480905f74@group-93F6BDB90FD7 replies to ELECTION vote request: 94867b1c-ea3d-4a0c-ad6d-bc01e8fd9c3d<-48f285d5-08c4-4d9f-9330-2fc480905f74#0:FAIL-t9. Peer's state: 48f285d5-08c4-4d9f-9330-2fc480905f74@group-93F6BDB90FD7:t9, leader=null, voted=48f285d5-08c4-4d9f-9330-2fc480905f74, raftlog=48f285d5-08c4-4d9f-9330-2fc480905f74@group-93F6BDB90FD7-SegmentedRaftLog:OPENED:c-1,f-1,i0, conf=-1: [48f285d5-08c4-4d9f-9330-2fc480905f74|rpc:10.1.0.27:41027|dataStream:|priority:0, e5b72327-d0f1-439b-a609-a1a5d4ce39ca|rpc:10.1.0.27:39149|dataStream:|priority:0, 94867b1c-ea3d-4a0c-ad6d-bc01e8fd9c3d|rpc:10.1.0.27:36105|dataStream:|priority:1], old=null
2021-10-05 22:52:25,043 [94867b1c-ea3d-4a0c-ad6d-bc01e8fd9c3d@group-93F6BDB90FD7-LeaderElection27] INFO  impl.LeaderElection (LeaderElection.java:logAndReturn(89)) - 94867b1c-ea3d-4a0c-ad6d-bc01e8fd9c3d@group-93F6BDB90FD7-LeaderElection27: ELECTION REJECTED received 2 response(s) and 0 exception(s):
2021-10-05 22:52:25,043 [94867b1c-ea3d-4a0c-ad6d-bc01e8fd9c3d@group-93F6BDB90FD7-LeaderElection27] INFO  impl.LeaderElection (LeaderElection.java:logAndReturn(93)) -   Response 0: 94867b1c-ea3d-4a0c-ad6d-bc01e8fd9c3d<-48f285d5-08c4-4d9f-9330-2fc480905f74#0:FAIL-t9
2021-10-05 22:52:25,043 [94867b1c-ea3d-4a0c-ad6d-bc01e8fd9c3d@group-93F6BDB90FD7-LeaderElection27] INFO  impl.LeaderElection (LeaderElection.java:logAndReturn(93)) -   Response 1: 94867b1c-ea3d-4a0c-ad6d-bc01e8fd9c3d<-e5b72327-d0f1-439b-a609-a1a5d4ce39ca#0:FAIL-t9
2021-10-05 22:52:25,043 [94867b1c-ea3d-4a0c-ad6d-bc01e8fd9c3d@group-93F6BDB90FD7-LeaderElection27] INFO  impl.LeaderElection (LeaderElection.java:askForVotes(308)) - 94867b1c-ea3d-4a0c-ad6d-bc01e8fd9c3d@group-93F6BDB90FD7-LeaderElection27 ELECTION round 0: result REJECTED
2021-10-05 22:52:25,043 [94867b1c-ea3d-4a0c-ad6d-bc01e8fd9c3d@group-93F6BDB90FD7-LeaderElection27] INFO  server.RaftServer$Division (RaftServerImpl.java:setRole(285)) - 94867b1c-ea3d-4a0c-ad6d-bc01e8fd9c3d@group-93F6BDB90FD7: changes role from CANDIDATE to FOLLOWER at term 9 for REJECTED
2021-10-05 22:52:25,043 [94867b1c-ea3d-4a0c-ad6d-bc01e8fd9c3d@group-93F6BDB90FD7-LeaderElection27] INFO  impl.RoleInfo (RoleInfo.java:shutdownLeaderElection(121)) - 94867b1c-ea3d-4a0c-ad6d-bc01e8fd9c3d: shutdown 94867b1c-ea3d-4a0c-ad6d-bc01e8fd9c3d@group-93F6BDB90FD7-LeaderElection27
2021-10-05 22:52:25,044 [94867b1c-ea3d-4a0c-ad6d-bc01e8fd9c3d@group-93F6BDB90FD7-LeaderElection27] INFO  impl.RoleInfo (RoleInfo.java:updateAndGet(130)) - 94867b1c-ea3d-4a0c-ad6d-bc01e8fd9c3d: start 94867b1c-ea3d-4a0c-ad6d-bc01e8fd9c3d@group-93F6BDB90FD7-FollowerState
2021-10-05 22:52:30,132 [94867b1c-ea3d-4a0c-ad6d-bc01e8fd9c3d@group-93F6BDB90FD7-FollowerState] INFO  impl.FollowerState (FollowerState.java:run(134)) - 94867b1c-ea3d-4a0c-ad6d-bc01e8fd9c3d@group-93F6BDB90FD7-FollowerState: change to CANDIDATE, lastRpcElapsedTime:5088576402ns, electionTimeout:5082ms
2021-10-05 22:52:30,132 [94867b1c-ea3d-4a0c-ad6d-bc01e8fd9c3d@group-93F6BDB90FD7-FollowerState] INFO  impl.RoleInfo (RoleInfo.java:shutdownFollowerState(108)) - 94867b1c-ea3d-4a0c-ad6d-bc01e8fd9c3d: shutdown 94867b1c-ea3d-4a0c-ad6d-bc01e8fd9c3d@group-93F6BDB90FD7-FollowerState
2021-10-05 22:52:30,132 [94867b1c-ea3d-4a0c-ad6d-bc01e8fd9c3d@group-93F6BDB90FD7-FollowerState] INFO  server.RaftServer$Division (RaftServerImpl.java:setRole(285)) - 94867b1c-ea3d-4a0c-ad6d-bc01e8fd9c3d@group-93F6BDB90FD7: changes role from  FOLLOWER to CANDIDATE at term 9 for changeToCandidate
2021-10-05 22:52:30,133 [94867b1c-ea3d-4a0c-ad6d-bc01e8fd9c3d@group-93F6BDB90FD7-FollowerState] INFO  server.RaftServerConfigKeys (ConfUtils.java:logGet(44)) - raft.server.leaderelection.pre-vote = false (custom)
2021-10-05 22:52:30,133 [94867b1c-ea3d-4a0c-ad6d-bc01e8fd9c3d@group-93F6BDB90FD7-FollowerState] INFO  impl.RoleInfo (RoleInfo.java:updateAndGet(130)) - 94867b1c-ea3d-4a0c-ad6d-bc01e8fd9c3d: start 94867b1c-ea3d-4a0c-ad6d-bc01e8fd9c3d@group-93F6BDB90FD7-LeaderElection28
2021-10-05 22:52:30,135 [94867b1c-ea3d-4a0c-ad6d-bc01e8fd9c3d@group-93F6BDB90FD7-LeaderElection28] INFO  impl.LeaderElection (LeaderElection.java:askForVotes(306)) - 94867b1c-ea3d-4a0c-ad6d-bc01e8fd9c3d@group-93F6BDB90FD7-LeaderElection28 ELECTION round 0: submit vote requests at term 10 for -1: [48f285d5-08c4-4d9f-9330-2fc480905f74|rpc:10.1.0.27:41027|dataStream:|priority:0, e5b72327-d0f1-439b-a609-a1a5d4ce39ca|rpc:10.1.0.27:39149|dataStream:|priority:0, 94867b1c-ea3d-4a0c-ad6d-bc01e8fd9c3d|rpc:10.1.0.27:36105|dataStream:|priority:1], old=null
2021-10-05 22:52:30,137 [grpc-default-executor-2] INFO  server.RaftServer$Division (RaftServerImpl.java:requestVote(1043)) - 48f285d5-08c4-4d9f-9330-2fc480905f74@group-93F6BDB90FD7: receive requestVote(ELECTION, 94867b1c-ea3d-4a0c-ad6d-bc01e8fd9c3d, group-93F6BDB90FD7, 10, (t:0, i:0))
2021-10-05 22:52:30,137 [grpc-default-executor-2] INFO  impl.VoteContext (VoteContext.java:log(48)) - 48f285d5-08c4-4d9f-9330-2fc480905f74@group-93F6BDB90FD7-FOLLOWER: accept ELECTION from 94867b1c-ea3d-4a0c-ad6d-bc01e8fd9c3d: our priority 0 <= candidate's priority 1
2021-10-05 22:52:30,137 [grpc-default-executor-2] INFO  server.RaftServer$Division (RaftServerImpl.java:setRole(285)) - 48f285d5-08c4-4d9f-9330-2fc480905f74@group-93F6BDB90FD7: changes role from  FOLLOWER to FOLLOWER at term 10 for candidate:94867b1c-ea3d-4a0c-ad6d-bc01e8fd9c3d
2021-10-05 22:52:30,137 [grpc-default-executor-2] INFO  impl.RoleInfo (RoleInfo.java:shutdownFollowerState(108)) - 48f285d5-08c4-4d9f-9330-2fc480905f74: shutdown 48f285d5-08c4-4d9f-9330-2fc480905f74@group-93F6BDB90FD7-FollowerState
2021-10-05 22:52:30,137 [grpc-default-executor-2] INFO  impl.RoleInfo (RoleInfo.java:updateAndGet(130)) - 48f285d5-08c4-4d9f-9330-2fc480905f74: start 48f285d5-08c4-4d9f-9330-2fc480905f74@group-93F6BDB90FD7-FollowerState
2021-10-05 22:52:30,137 [48f285d5-08c4-4d9f-9330-2fc480905f74@group-93F6BDB90FD7-FollowerState] INFO  impl.FollowerState (FollowerState.java:run(143)) - 48f285d5-08c4-4d9f-9330-2fc480905f74@group-93F6BDB90FD7-FollowerState was interrupted: {}
java.lang.InterruptedException: sleep interrupted
	at java.lang.Thread.sleep(Native Method)
	at java.lang.Thread.sleep(Thread.java:340)
	at java.util.concurrent.TimeUnit.sleep(TimeUnit.java:386)
	at org.apache.ratis.util.TimeDuration.sleep(TimeDuration.java:324)
	at org.apache.ratis.util.TimeDuration.sleep(TimeDuration.java:309)
	at org.apache.ratis.server.impl.FollowerState.run(FollowerState.java:118)
2021-10-05 22:52:30,138 [grpc-default-executor-1] INFO  server.RaftServer$Division (RaftServerImpl.java:requestVote(1043)) - e5b72327-d0f1-439b-a609-a1a5d4ce39ca@group-93F6BDB90FD7: receive requestVote(ELECTION, 94867b1c-ea3d-4a0c-ad6d-bc01e8fd9c3d, group-93F6BDB90FD7, 10, (t:0, i:0))
2021-10-05 22:52:30,138 [grpc-default-executor-1] INFO  impl.VoteContext (VoteContext.java:log(48)) - e5b72327-d0f1-439b-a609-a1a5d4ce39ca@group-93F6BDB90FD7-FOLLOWER: accept ELECTION from 94867b1c-ea3d-4a0c-ad6d-bc01e8fd9c3d: our priority 0 <= candidate's priority 1
2021-10-05 22:52:30,138 [grpc-default-executor-1] INFO  server.RaftServer$Division (RaftServerImpl.java:setRole(285)) - e5b72327-d0f1-439b-a609-a1a5d4ce39ca@group-93F6BDB90FD7: changes role from  FOLLOWER to FOLLOWER at term 10 for candidate:94867b1c-ea3d-4a0c-ad6d-bc01e8fd9c3d
2021-10-05 22:52:30,138 [grpc-default-executor-1] INFO  impl.RoleInfo (RoleInfo.java:shutdownFollowerState(108)) - e5b72327-d0f1-439b-a609-a1a5d4ce39ca: shutdown e5b72327-d0f1-439b-a609-a1a5d4ce39ca@group-93F6BDB90FD7-FollowerState
2021-10-05 22:52:30,138 [grpc-default-executor-1] INFO  impl.RoleInfo (RoleInfo.java:updateAndGet(130)) - e5b72327-d0f1-439b-a609-a1a5d4ce39ca: start e5b72327-d0f1-439b-a609-a1a5d4ce39ca@group-93F6BDB90FD7-FollowerState
2021-10-05 22:52:30,138 [e5b72327-d0f1-439b-a609-a1a5d4ce39ca@group-93F6BDB90FD7-FollowerState] INFO  impl.FollowerState (FollowerState.java:run(143)) - e5b72327-d0f1-439b-a609-a1a5d4ce39ca@group-93F6BDB90FD7-FollowerState was interrupted: {}
java.lang.InterruptedException: sleep interrupted
	at java.lang.Thread.sleep(Native Method)
	at java.lang.Thread.sleep(Thread.java:340)
	at java.util.concurrent.TimeUnit.sleep(TimeUnit.java:386)
	at org.apache.ratis.util.TimeDuration.sleep(TimeDuration.java:324)
	at org.apache.ratis.util.TimeDuration.sleep(TimeDuration.java:309)
	at org.apache.ratis.server.impl.FollowerState.run(FollowerState.java:118)
2021-10-05 22:52:30,144 [grpc-default-executor-2] INFO  server.RaftServer$Division (RaftServerImpl.java:requestVote(1075)) - 48f285d5-08c4-4d9f-9330-2fc480905f74@group-93F6BDB90FD7 replies to ELECTION vote request: 94867b1c-ea3d-4a0c-ad6d-bc01e8fd9c3d<-48f285d5-08c4-4d9f-9330-2fc480905f74#0:OK-t10. Peer's state: 48f285d5-08c4-4d9f-9330-2fc480905f74@group-93F6BDB90FD7:t10, leader=null, voted=94867b1c-ea3d-4a0c-ad6d-bc01e8fd9c3d, raftlog=48f285d5-08c4-4d9f-9330-2fc480905f74@group-93F6BDB90FD7-SegmentedRaftLog:OPENED:c-1,f-1,i0, conf=-1: [48f285d5-08c4-4d9f-9330-2fc480905f74|rpc:10.1.0.27:41027|dataStream:|priority:0, e5b72327-d0f1-439b-a609-a1a5d4ce39ca|rpc:10.1.0.27:39149|dataStream:|priority:0, 94867b1c-ea3d-4a0c-ad6d-bc01e8fd9c3d|rpc:10.1.0.27:36105|dataStream:|priority:1], old=null
2021-10-05 22:52:30,145 [grpc-default-executor-1] INFO  server.RaftServer$Division (RaftServerImpl.java:requestVote(1075)) - e5b72327-d0f1-439b-a609-a1a5d4ce39ca@group-93F6BDB90FD7 replies to ELECTION vote request: 94867b1c-ea3d-4a0c-ad6d-bc01e8fd9c3d<-e5b72327-d0f1-439b-a609-a1a5d4ce39ca#0:OK-t10. Peer's state: e5b72327-d0f1-439b-a609-a1a5d4ce39ca@group-93F6BDB90FD7:t10, leader=null, voted=94867b1c-ea3d-4a0c-ad6d-bc01e8fd9c3d, raftlog=e5b72327-d0f1-439b-a609-a1a5d4ce39ca@group-93F6BDB90FD7-SegmentedRaftLog:OPENED:c-1,f-1,i0, conf=-1: [48f285d5-08c4-4d9f-9330-2fc480905f74|rpc:10.1.0.27:41027|priority:0, e5b72327-d0f1-439b-a609-a1a5d4ce39ca|rpc:10.1.0.27:39149|priority:0, 94867b1c-ea3d-4a0c-ad6d-bc01e8fd9c3d|rpc:10.1.0.27:36105|priority:1], old=null
2021-10-05 22:52:30,145 [94867b1c-ea3d-4a0c-ad6d-bc01e8fd9c3d@group-93F6BDB90FD7-LeaderElection28] INFO  impl.LeaderElection (LeaderElection.java:logAndReturn(89)) - 94867b1c-ea3d-4a0c-ad6d-bc01e8fd9c3d@group-93F6BDB90FD7-LeaderElection28: ELECTION PASSED received 1 response(s) and 0 exception(s):
2021-10-05 22:52:30,146 [94867b1c-ea3d-4a0c-ad6d-bc01e8fd9c3d@group-93F6BDB90FD7-LeaderElection28] INFO  impl.LeaderElection (LeaderElection.java:logAndReturn(93)) -   Response 0: 94867b1c-ea3d-4a0c-ad6d-bc01e8fd9c3d<-48f285d5-08c4-4d9f-9330-2fc480905f74#0:OK-t10
2021-10-05 22:52:30,146 [94867b1c-ea3d-4a0c-ad6d-bc01e8fd9c3d@group-93F6BDB90FD7-LeaderElection28] INFO  impl.LeaderElection (LeaderElection.java:askForVotes(308)) - 94867b1c-ea3d-4a0c-ad6d-bc01e8fd9c3d@group-93F6BDB90FD7-LeaderElection28 ELECTION round 0: result PASSED
2021-10-05 22:52:30,146 [94867b1c-ea3d-4a0c-ad6d-bc01e8fd9c3d@group-93F6BDB90FD7-LeaderElection28] INFO  impl.RoleInfo (RoleInfo.java:shutdownLeaderElection(121)) - 94867b1c-ea3d-4a0c-ad6d-bc01e8fd9c3d: shutdown 94867b1c-ea3d-4a0c-ad6d-bc01e8fd9c3d@group-93F6BDB90FD7-LeaderElection28
2021-10-05 22:52:30,146 [94867b1c-ea3d-4a0c-ad6d-bc01e8fd9c3d@group-93F6BDB90FD7-LeaderElection28] INFO  server.RaftServer$Division (RaftServerImpl.java:setRole(285)) - 94867b1c-ea3d-4a0c-ad6d-bc01e8fd9c3d@group-93F6BDB90FD7: changes role from CANDIDATE to LEADER at term 10 for changeToLeader
2021-10-05 22:52:30,146 [94867b1c-ea3d-4a0c-ad6d-bc01e8fd9c3d@group-93F6BDB90FD7-LeaderElection28] INFO  ratis.XceiverServerRatis (XceiverServerRatis.java:handleLeaderChangedNotification(861)) - Leader change notification received for group: group-93F6BDB90FD7 with new leaderId: 94867b1c-ea3d-4a0c-ad6d-bc01e8fd9c3d
2021-10-05 22:52:30,146 [94867b1c-ea3d-4a0c-ad6d-bc01e8fd9c3d@group-93F6BDB90FD7-LeaderElection28] INFO  server.RaftServer$Division (ServerState.java:setLeader(285)) - 94867b1c-ea3d-4a0c-ad6d-bc01e8fd9c3d@group-93F6BDB90FD7: change Leader from null to 94867b1c-ea3d-4a0c-ad6d-bc01e8fd9c3d at term 10 for becomeLeader, leader elected after 51035ms
2021-10-05 22:52:30,146 [94867b1c-ea3d-4a0c-ad6d-bc01e8fd9c3d@group-93F6BDB90FD7-LeaderElection28] INFO  server.RaftServerConfigKeys (ConfUtils.java:logGet(44)) - raft.server.staging.catchup.gap = 1000 (default)
2021-10-05 22:52:30,146 [Datanode State Machine Thread - 0] WARN  statemachine.StateContext (StateContext.java:execute(621)) - No available thread in pool for past 1 seconds.
2021-10-05 22:52:30,146 [94867b1c-ea3d-4a0c-ad6d-bc01e8fd9c3d@group-93F6BDB90FD7-LeaderElection28] INFO  server.RaftServerConfigKeys (ConfUtils.java:logGet(44)) - raft.server.write.element-limit = 1024 (custom)
2021-10-05 22:52:30,146 [94867b1c-ea3d-4a0c-ad6d-bc01e8fd9c3d@group-93F6BDB90FD7-LeaderElection28] INFO  server.RaftServerConfigKeys (ConfUtils.java:logGet(44)) - raft.server.write.byte-limit = 1024 M (=1073741824) (custom)
2021-10-05 22:52:30,147 [94867b1c-ea3d-4a0c-ad6d-bc01e8fd9c3d@group-93F6BDB90FD7-LeaderElection28] INFO  server.RaftServerConfigKeys (ConfUtils.java:logGet(44)) - raft.server.watch.timeout = 180s (custom)
2021-10-05 22:52:30,147 [94867b1c-ea3d-4a0c-ad6d-bc01e8fd9c3d@group-93F6BDB90FD7-LeaderElection28] INFO  server.RaftServerConfigKeys (ConfUtils.java:logGet(44)) - raft.server.watch.timeout.denomination = 1s (default)
2021-10-05 22:52:30,147 [94867b1c-ea3d-4a0c-ad6d-bc01e8fd9c3d@group-93F6BDB90FD7-LeaderElection28] INFO  server.RaftServerConfigKeys (ConfUtils.java:logGet(44)) - raft.server.watch.element-limit = 65536 (default)
2021-10-05 22:52:30,147 [94867b1c-ea3d-4a0c-ad6d-bc01e8fd9c3d@group-93F6BDB90FD7-LeaderElection28] INFO  server.RaftServerConfigKeys (ConfUtils.java:logGet(44)) - raft.server.log.appender.snapshot.chunk.size.max = 16MB (=16777216) (default)
2021-10-05 22:52:30,147 [94867b1c-ea3d-4a0c-ad6d-bc01e8fd9c3d@group-93F6BDB90FD7-LeaderElection28] INFO  server.RaftServerConfigKeys (ConfUtils.java:logGet(44)) - raft.server.log.appender.buffer.byte-limit = 33554432 (custom)
2021-10-05 22:52:30,147 [94867b1c-ea3d-4a0c-ad6d-bc01e8fd9c3d@group-93F6BDB90FD7-LeaderElection28] INFO  server.RaftServerConfigKeys (ConfUtils.java:logGet(44)) - raft.server.log.appender.buffer.element-limit = 1 (custom)
2021-10-05 22:52:30,147 [94867b1c-ea3d-4a0c-ad6d-bc01e8fd9c3d@group-93F6BDB90FD7-LeaderElection28] INFO  grpc.GrpcConfigKeys (ConfUtils.java:logGet(44)) - raft.grpc.server.leader.outstanding.appends.max = 128 (default)
2021-10-05 22:52:30,147 [94867b1c-ea3d-4a0c-ad6d-bc01e8fd9c3d@group-93F6BDB90FD7-LeaderElection28] INFO  server.RaftServerConfigKeys (ConfUtils.java:logGet(44)) - raft.server.rpc.request.timeout = 60s (custom)
2021-10-05 22:52:30,147 [94867b1c-ea3d-4a0c-ad6d-bc01e8fd9c3d@group-93F6BDB90FD7-LeaderElection28] INFO  server.RaftServerConfigKeys (ConfUtils.java:logGet(44)) - raft.server.log.appender.install.snapshot.enabled = false (custom)
2021-10-05 22:52:30,148 [94867b1c-ea3d-4a0c-ad6d-bc01e8fd9c3d@group-93F6BDB90FD7-LeaderElection28] INFO  server.RaftServerConfigKeys (ConfUtils.java:logGet(44)) - raft.server.log.appender.snapshot.chunk.size.max = 16MB (=16777216) (default)
2021-10-05 22:52:30,148 [94867b1c-ea3d-4a0c-ad6d-bc01e8fd9c3d@group-93F6BDB90FD7-LeaderElection28] INFO  server.RaftServerConfigKeys (ConfUtils.java:logGet(44)) - raft.server.log.appender.buffer.byte-limit = 33554432 (custom)
2021-10-05 22:52:30,148 [94867b1c-ea3d-4a0c-ad6d-bc01e8fd9c3d@group-93F6BDB90FD7-LeaderElection28] INFO  server.RaftServerConfigKeys (ConfUtils.java:logGet(44)) - raft.server.log.appender.buffer.element-limit = 1 (custom)
2021-10-05 22:52:30,148 [94867b1c-ea3d-4a0c-ad6d-bc01e8fd9c3d@group-93F6BDB90FD7-LeaderElection28] INFO  grpc.GrpcConfigKeys (ConfUtils.java:logGet(44)) - raft.grpc.server.leader.outstanding.appends.max = 128 (default)
2021-10-05 22:52:30,149 [94867b1c-ea3d-4a0c-ad6d-bc01e8fd9c3d@group-93F6BDB90FD7-LeaderElection28] INFO  server.RaftServerConfigKeys (ConfUtils.java:logGet(44)) - raft.server.rpc.request.timeout = 60s (custom)
2021-10-05 22:52:30,149 [94867b1c-ea3d-4a0c-ad6d-bc01e8fd9c3d@group-93F6BDB90FD7-LeaderElection28] INFO  server.RaftServerConfigKeys (ConfUtils.java:logGet(44)) - raft.server.log.appender.install.snapshot.enabled = false (custom)
2021-10-05 22:52:30,149 [EventQueue-PipelineReportForPipelineReportHandler] INFO  pipeline.PipelineManagerImpl (PipelineManagerImpl.java:openPipeline(282)) - Pipeline Pipeline[ Id: ac436bad-c917-4a0e-9fc1-93f6bdb90fd7, Nodes: 94867b1c-ea3d-4a0c-ad6d-bc01e8fd9c3d{ip: 10.1.0.27, host: fv-az270-531.tacnzluakwdehk1hpragurqkma.bx.internal.cloudapp.net, ports: [REPLICATION=33917, RATIS=36105, RATIS_ADMIN=36105, RATIS_SERVER=36105, STANDALONE=34435], networkLocation: /default-rack, certSerialId: null, persistedOpState: IN_SERVICE, persistedOpStateExpiryEpochSec: 0}e5b72327-d0f1-439b-a609-a1a5d4ce39ca{ip: 10.1.0.27, host: fv-az270-531.tacnzluakwdehk1hpragurqkma.bx.internal.cloudapp.net, ports: [REPLICATION=39075, RATIS=39149, RATIS_ADMIN=39149, RATIS_SERVER=39149, STANDALONE=41397], networkLocation: /default-rack, certSerialId: null, persistedOpState: IN_SERVICE, persistedOpStateExpiryEpochSec: 0}48f285d5-08c4-4d9f-9330-2fc480905f74{ip: 10.1.0.27, host: fv-az270-531.tacnzluakwdehk1hpragurqkma.bx.internal.cloudapp.net, ports: [REPLICATION=37779, RATIS=41027, RATIS_ADMIN=41027, RATIS_SERVER=41027, STANDALONE=38367], networkLocation: /default-rack, certSerialId: null, persistedOpState: IN_SERVICE, persistedOpStateExpiryEpochSec: 0}, ReplicationConfig: RATIS/THREE, State:ALLOCATED, leaderId:94867b1c-ea3d-4a0c-ad6d-bc01e8fd9c3d, CreationTimestamp2021-10-05T22:51:36.425Z[Etc/UTC]] moved to OPEN state
2021-10-05 22:52:30,149 [94867b1c-ea3d-4a0c-ad6d-bc01e8fd9c3d@group-93F6BDB90FD7-LeaderElection28] INFO  impl.RoleInfo (RoleInfo.java:updateAndGet(130)) - 94867b1c-ea3d-4a0c-ad6d-bc01e8fd9c3d: start 94867b1c-ea3d-4a0c-ad6d-bc01e8fd9c3d@group-93F6BDB90FD7-LeaderStateImpl
2021-10-05 22:52:30,149 [94867b1c-ea3d-4a0c-ad6d-bc01e8fd9c3d@group-93F6BDB90FD7-LeaderElection28] INFO  segmented.SegmentedRaftLogWorker (SegmentedRaftLogWorker.java:startLogSegment(394)) - 94867b1c-ea3d-4a0c-ad6d-bc01e8fd9c3d@group-93F6BDB90FD7-SegmentedRaftLogWorker: Starting segment from index:0
2021-10-05 22:52:30,151 [94867b1c-ea3d-4a0c-ad6d-bc01e8fd9c3d@group-93F6BDB90FD7-SegmentedRaftLogWorker] INFO  segmented.SegmentedRaftLogWorker (SegmentedRaftLogWorker.java:execute(601)) - 94867b1c-ea3d-4a0c-ad6d-bc01e8fd9c3d@group-93F6BDB90FD7-SegmentedRaftLogWorker: created new log segment /home/runner/work/ozone/ozone/hadoop-ozone/integration-test/target/test-dir/MiniOzoneClusterImpl-f8e39ada-e44e-4294-9284-b27e2ab30ff8/datanode-1/data/ratis/ac436bad-c917-4a0e-9fc1-93f6bdb90fd7/current/log_inprogress_0
2021-10-05 22:52:30,156 [94867b1c-ea3d-4a0c-ad6d-bc01e8fd9c3d@group-93F6BDB90FD7-LeaderElection28] INFO  server.RaftServer$Division (ServerState.java:setRaftConf(387)) - 94867b1c-ea3d-4a0c-ad6d-bc01e8fd9c3d@group-93F6BDB90FD7: set configuration 0: [48f285d5-08c4-4d9f-9330-2fc480905f74|rpc:10.1.0.27:41027|dataStream:|priority:0, e5b72327-d0f1-439b-a609-a1a5d4ce39ca|rpc:10.1.0.27:39149|dataStream:|priority:0, 94867b1c-ea3d-4a0c-ad6d-bc01e8fd9c3d|rpc:10.1.0.27:36105|dataStream:|priority:1], old=null
2021-10-05 22:52:30,165 [grpc-default-executor-2] INFO  ratis.XceiverServerRatis (XceiverServerRatis.java:handleLeaderChangedNotification(861)) - Leader change notification received for group: group-93F6BDB90FD7 with new leaderId: 94867b1c-ea3d-4a0c-ad6d-bc01e8fd9c3d
2021-10-05 22:52:30,165 [grpc-default-executor-2] INFO  server.RaftServer$Division (ServerState.java:setLeader(285)) - 48f285d5-08c4-4d9f-9330-2fc480905f74@group-93F6BDB90FD7: change Leader from null to 94867b1c-ea3d-4a0c-ad6d-bc01e8fd9c3d at term 10 for appendEntries, leader elected after 51016ms
2021-10-05 22:52:30,169 [grpc-default-executor-1] INFO  server.RaftServer$Division (ServerState.java:setRaftConf(387)) - 48f285d5-08c4-4d9f-9330-2fc480905f74@group-93F6BDB90FD7: set configuration 0: [48f285d5-08c4-4d9f-9330-2fc480905f74|rpc:10.1.0.27:41027|dataStream:|priority:0, e5b72327-d0f1-439b-a609-a1a5d4ce39ca|rpc:10.1.0.27:39149|dataStream:|priority:0, 94867b1c-ea3d-4a0c-ad6d-bc01e8fd9c3d|rpc:10.1.0.27:36105|dataStream:|priority:1], old=null
2021-10-05 22:52:30,169 [grpc-default-executor-1] INFO  segmented.SegmentedRaftLogWorker (SegmentedRaftLogWorker.java:startLogSegment(394)) - 48f285d5-08c4-4d9f-9330-2fc480905f74@group-93F6BDB90FD7-SegmentedRaftLogWorker: Starting segment from index:0
2021-10-05 22:52:30,169 [grpc-default-executor-4] INFO  ratis.XceiverServerRatis (XceiverServerRatis.java:handleLeaderChangedNotification(861)) - Leader change notification received for group: group-93F6BDB90FD7 with new leaderId: 94867b1c-ea3d-4a0c-ad6d-bc01e8fd9c3d
2021-10-05 22:52:30,170 [grpc-default-executor-4] INFO  server.RaftServer$Division (ServerState.java:setLeader(285)) - e5b72327-d0f1-439b-a609-a1a5d4ce39ca@group-93F6BDB90FD7: change Leader from null to 94867b1c-ea3d-4a0c-ad6d-bc01e8fd9c3d at term 10 for appendEntries, leader elected after 51090ms
2021-10-05 22:52:30,170 [48f285d5-08c4-4d9f-9330-2fc480905f74@group-93F6BDB90FD7-SegmentedRaftLogWorker] INFO  segmented.SegmentedRaftLogWorker (SegmentedRaftLogWorker.java:execute(601)) - 48f285d5-08c4-4d9f-9330-2fc480905f74@group-93F6BDB90FD7-SegmentedRaftLogWorker: created new log segment /home/runner/work/ozone/ozone/hadoop-ozone/integration-test/target/test-dir/MiniOzoneClusterImpl-f8e39ada-e44e-4294-9284-b27e2ab30ff8/datanode-2/data/ratis/ac436bad-c917-4a0e-9fc1-93f6bdb90fd7/current/log_inprogress_0
2021-10-05 22:52:30,176 [grpc-default-executor-4] INFO  server.RaftServer$Division (ServerState.java:setRaftConf(387)) - e5b72327-d0f1-439b-a609-a1a5d4ce39ca@group-93F6BDB90FD7: set configuration 0: [48f285d5-08c4-4d9f-9330-2fc480905f74|rpc:10.1.0.27:41027|dataStream:|priority:0, e5b72327-d0f1-439b-a609-a1a5d4ce39ca|rpc:10.1.0.27:39149|dataStream:|priority:0, 94867b1c-ea3d-4a0c-ad6d-bc01e8fd9c3d|rpc:10.1.0.27:36105|dataStream:|priority:1], old=null
2021-10-05 22:52:30,176 [grpc-default-executor-4] INFO  segmented.SegmentedRaftLogWorker (SegmentedRaftLogWorker.java:startLogSegment(394)) - e5b72327-d0f1-439b-a609-a1a5d4ce39ca@group-93F6BDB90FD7-SegmentedRaftLogWorker: Starting segment from index:0
2021-10-05 22:52:30,181 [e5b72327-d0f1-439b-a609-a1a5d4ce39ca@group-93F6BDB90FD7-SegmentedRaftLogWorker] INFO  segmented.SegmentedRaftLogWorker (SegmentedRaftLogWorker.java:execute(601)) - e5b72327-d0f1-439b-a609-a1a5d4ce39ca@group-93F6BDB90FD7-SegmentedRaftLogWorker: created new log segment /home/runner/work/ozone/ozone/hadoop-ozone/integration-test/target/test-dir/MiniOzoneClusterImpl-f8e39ada-e44e-4294-9284-b27e2ab30ff8/datanode-0/data/ratis/ac436bad-c917-4a0e-9fc1-93f6bdb90fd7/current/log_inprogress_0
2021-10-05 22:56:27,537 [ReplicationMonitor] INFO  container.ReplicationManager (ReplicationManager.java:processAll(371)) - Replication Monitor Thread took 6 milliseconds for processing 4 containers.
2021-10-05 22:56:35,780 [org.apache.ratis.util.JvmPauseMonitor$$Lambda$523/2076849991@49a4bfd0] WARN  util.JvmPauseMonitor (JvmPauseMonitor.java:detectPause(124)) - JvmPauseMonitor-omNode-1: Detected pause in JVM or host machine (eg GC): pause of approximately 165333158ns.
GC pool 'PS MarkSweep' had collection(s): count=1 time=206ms
GC pool 'PS Scavenge' had collection(s): count=1 time=207ms
2021-10-05 22:56:35,780 [org.apache.ratis.util.JvmPauseMonitor$$Lambda$523/2076849991@288fd7c9] WARN  util.JvmPauseMonitor (JvmPauseMonitor.java:detectPause(124)) - JvmPauseMonitor-48f285d5-08c4-4d9f-9330-2fc480905f74: Detected pause in JVM or host machine (eg GC): pause of approximately 214858123ns.
GC pool 'PS MarkSweep' had collection(s): count=1 time=206ms
GC pool 'PS Scavenge' had collection(s): count=1 time=207ms
2021-10-05 22:56:35,780 [org.apache.ratis.util.JvmPauseMonitor$$Lambda$523/2076849991@333fe74e] WARN  util.JvmPauseMonitor (JvmPauseMonitor.java:detectPause(124)) - JvmPauseMonitor-e5b72327-d0f1-439b-a609-a1a5d4ce39ca: Detected pause in JVM or host machine (eg GC): pause of approximately 239802458ns.
GC pool 'PS MarkSweep' had collection(s): count=1 time=206ms
GC pool 'PS Scavenge' had collection(s): count=1 time=207ms
2021-10-05 22:56:35,780 [org.apache.ratis.util.JvmPauseMonitor$$Lambda$523/2076849991@61a18e5f] WARN  util.JvmPauseMonitor (JvmPauseMonitor.java:detectPause(124)) - JvmPauseMonitor-omNode-3: Detected pause in JVM or host machine (eg GC): pause of approximately 330361410ns.
GC pool 'PS MarkSweep' had collection(s): count=1 time=206ms
GC pool 'PS Scavenge' had collection(s): count=1 time=207ms
2021-10-05 22:56:54,680 [Time-limited test] INFO  om.OzoneManager (OzoneManager.java:stop(1644)) - Stopping Ozone Manager
2021-10-05 22:56:54,680 [Time-limited test] INFO  ipc.Server (Server.java:stop(3414)) - Stopping server on 12700
2021-10-05 22:56:54,681 [IPC Server handler 7 on default port 12700] INFO  ipc.Server (Server.java:logException(3027)) - IPC Server handler 7 on default port 12700, call Call#151 Retry#0 org.apache.hadoop.ozone.om.protocol.OzoneManagerProtocol.submitRequest from 127.0.0.1:56372
java.lang.InterruptedException
	at java.util.concurrent.CompletableFuture.reportGet(CompletableFuture.java:347)
	at java.util.concurrent.CompletableFuture.get(CompletableFuture.java:1908)
	at org.apache.hadoop.ozone.om.ratis.OzoneManagerRatisServer.submitRequestToRatis(OzoneManagerRatisServer.java:283)
	at org.apache.hadoop.ozone.om.ratis.OzoneManagerRatisServer.submitRequest(OzoneManagerRatisServer.java:245)
	at org.apache.hadoop.ozone.protocolPB.OzoneManagerProtocolServerSideTranslatorPB.submitRequestToRatis(OzoneManagerProtocolServerSideTranslatorPB.java:156)
	at org.apache.hadoop.ozone.protocolPB.OzoneManagerProtocolServerSideTranslatorPB.processRequest(OzoneManagerProtocolServerSideTranslatorPB.java:144)
	at org.apache.hadoop.hdds.server.OzoneProtocolMessageDispatcher.processRequest(OzoneProtocolMessageDispatcher.java:87)
	at org.apache.hadoop.ozone.protocolPB.OzoneManagerProtocolServerSideTranslatorPB.submitRequest(OzoneManagerProtocolServerSideTranslatorPB.java:123)
	at org.apache.hadoop.ozone.protocol.proto.OzoneManagerProtocolProtos$OzoneManagerService$2.callBlockingMethod(OzoneManagerProtocolProtos.java)
	at org.apache.hadoop.ipc.ProtobufRpcEngine$Server.processCall(ProtobufRpcEngine.java:466)
	at org.apache.hadoop.ipc.ProtobufRpcEngine2$Server$ProtoBufRpcInvoker.call(ProtobufRpcEngine2.java:574)
	at org.apache.hadoop.ipc.ProtobufRpcEngine2$Server$ProtoBufRpcInvoker.call(ProtobufRpcEngine2.java:552)
	at org.apache.hadoop.ipc.RPC$Server.call(RPC.java:1093)
	at org.apache.hadoop.ipc.Server$RpcCall.run(Server.java:1035)
	at org.apache.hadoop.ipc.Server$RpcCall.run(Server.java:963)
	at java.security.AccessController.doPrivileged(Native Method)
	at javax.security.auth.Subject.doAs(Subject.java:422)
	at org.apache.hadoop.security.UserGroupInformation.doAs(UserGroupInformation.java:1878)
	at org.apache.hadoop.ipc.Server$Handler.run(Server.java:2966)
2021-10-05 22:56:54,686 [IPC Server listener on 12700] INFO  ipc.Server (Server.java:run(1376)) - Stopping IPC Server listener on 12700
2021-10-05 22:56:54,686 [IPC Server Responder] INFO  ipc.Server (Server.java:run(1512)) - Stopping IPC Server Responder
2021-10-05 22:56:54,686 [Time-limited test] INFO  server.RaftServer (RaftServerProxy.java:lambda$close$6(391)) - omNode-3: close
2021-10-05 22:56:54,687 [Time-limited test] INFO  server.RaftServer$Division (RaftServerImpl.java:lambda$close$4(407)) - omNode-3@group-523986131536: shutdown
2021-10-05 22:56:54,687 [Time-limited test] INFO  util.JmxRegister (JmxRegister.java:unregister(73)) - Successfully un-registered JMX Bean with object name Ratis:service=RaftServer,group=group-523986131536,id=omNode-3
2021-10-05 22:56:54,687 [Time-limited test] INFO  impl.RoleInfo (RoleInfo.java:shutdownLeaderState(91)) - omNode-3: shutdown omNode-3@group-523986131536-LeaderStateImpl
2021-10-05 22:56:54,688 [omNode-3@group-523986131536->omNode-1-GrpcLogAppender-LogAppenderDaemon] WARN  server.GrpcLogAppender (GrpcLogAppender.java:mayWait(175)) - omNode-3@group-523986131536->omNode-1-GrpcLogAppender: Wait interrupted by java.lang.InterruptedException
2021-10-05 22:56:54,688 [Time-limited test] INFO  impl.PendingRequests (PendingRequests.java:sendNotLeaderResponses(282)) - omNode-3@group-523986131536-PendingRequests: sendNotLeaderResponses
2021-10-05 22:56:54,689 [grpc-default-executor-5] INFO  server.GrpcServerProtocolService (GrpcServerProtocolService.java:onCompleted(140)) - omNode-1: Completed APPEND_ENTRIES, lastRequest: omNode-3->omNode-1#224-t5,previous=(t:5, i:80),leaderCommit=80,initializing? true,entries: size=1, first=(t:5, i:81), STATEMACHINELOGENTRY, 151@client-49C9E7CA0E24
2021-10-05 22:56:54,690 [omNode-3@group-523986131536->omNode-2-GrpcLogAppender-LogAppenderDaemon] WARN  server.GrpcLogAppender (GrpcLogAppender.java:mayWait(175)) - omNode-3@group-523986131536->omNode-2-GrpcLogAppender: Wait interrupted by java.lang.InterruptedException
2021-10-05 22:56:54,691 [grpc-default-executor-1] INFO  server.GrpcServerProtocolService (GrpcServerProtocolService.java:onCompleted(140)) - omNode-2: Completed APPEND_ENTRIES, lastRequest: omNode-3->omNode-2#193-t5,previous=(t:5, i:80),leaderCommit=80,initializing? true,entries: size=1, first=(t:5, i:81), STATEMACHINELOGENTRY, 151@client-49C9E7CA0E24
2021-10-05 22:56:54,692 [grpc-default-executor-1] INFO  server.GrpcLogAppender (GrpcLogAppender.java:onCompleted(344)) - omNode-3@group-523986131536->omNode-2-AppendLogResponseHandler: follower responses appendEntries COMPLETED
2021-10-05 22:56:54,692 [grpc-default-executor-1] INFO  leader.FollowerInfo (FollowerInfoImpl.java:lambda$new$0(46)) - omNode-3@group-523986131536->omNode-2: nextIndex: updateUnconditionally 82 -> 81
2021-10-05 22:56:54,692 [grpc-default-executor-1] INFO  server.GrpcLogAppender (GrpcLogAppender.java:onCompleted(344)) - omNode-3@group-523986131536->omNode-1-AppendLogResponseHandler: follower responses appendEntries COMPLETED
2021-10-05 22:56:54,692 [grpc-default-executor-1] INFO  leader.FollowerInfo (FollowerInfoImpl.java:lambda$new$0(46)) - omNode-3@group-523986131536->omNode-1: nextIndex: updateUnconditionally 82 -> 81
2021-10-05 22:56:54,693 [omNode-3@group-523986131536-StateMachineUpdater] INFO  ratis.OzoneManagerStateMachine (OzoneManagerStateMachine.java:close(471)) - StateMachine has shutdown. Shutdown OzoneManager if not already shutdown.
2021-10-05 22:56:54,693 [Time-limited test] INFO  impl.StateMachineUpdater (StateMachineUpdater.java:stopAndJoin(149)) - omNode-3@group-523986131536-StateMachineUpdater: set stopIndex = 80
2021-10-05 22:56:54,693 [Time-limited test] INFO  server.RaftServer$Division (ServerState.java:close(419)) - omNode-3@group-523986131536: closes. applyIndex: 80
2021-10-05 22:56:54,693 [omNode-3@group-523986131536-SegmentedRaftLogWorker] INFO  segmented.SegmentedRaftLogWorker (SegmentedRaftLogWorker.java:run(327)) - omNode-3@group-523986131536-SegmentedRaftLogWorker was interrupted, exiting. There are 0 tasks remaining in the queue.
2021-10-05 22:56:54,695 [Time-limited test] INFO  segmented.SegmentedRaftLogWorker (SegmentedRaftLogWorker.java:close(237)) - omNode-3@group-523986131536-SegmentedRaftLogWorker close()
2021-10-05 22:56:54,697 [Time-limited test] INFO  server.GrpcService (GrpcService.java:closeImpl(262)) - omNode-3: shutdown server with port 12704 now
]]></system-out>
  </testcase>
  <testcase name="testListParts" classname="org.apache.hadoop.ozone.om.TestOzoneManagerHAWithData" time="12.966"/>
  <testcase name="testFileOperationsAndDelete" classname="org.apache.hadoop.ozone.om.TestOzoneManagerHAWithData" time="7.148"/>
  <testcase name="testAllOMNodesRunningAndOneDown" classname="org.apache.hadoop.ozone.om.TestOzoneManagerHAWithData" time="15.943"/>
  <testcase name="testTwoOMNodesDown" classname="org.apache.hadoop.ozone.om.TestOzoneManagerHAWithData" time="0">
    <skipped message="This test is failing randomly. It will be enabled after fixing it."/>
  </testcase>
  <testcase name="testOMRestart" classname="org.apache.hadoop.ozone.om.TestOzoneManagerHAWithData" time="39.479"/>
</testsuite>