<?xml version="1.0" encoding="UTF-8"?>
<testsuite xmlns:xsi="http://www.w3.org/2001/XMLSchema-instance" xsi:noNamespaceSchemaLocation="https://maven.apache.org/surefire/maven-surefire-plugin/xsd/surefire-test-report.xsd" name="org.apache.hadoop.ozone.client.rpc.TestOzoneClientRetriesOnException" time="100.298" tests="2" errors="0" skipped="0" failures="1">
  <properties>
    <property name="awt.toolkit" value="sun.awt.X11.XToolkit"/>
    <property name="file.encoding.pkg" value="sun.io"/>
    <property name="java.specification.version" value="1.8"/>
    <property name="sun.cpu.isalist" value=""/>
    <property name="sun.jnu.encoding" value="ANSI_X3.4-1968"/>
    <property name="java.class.path" value="/github/workspace/mnt/ozone/hadoop-ozone/integration-test/target/test-classes:/github/workspace/mnt/ozone/hadoop-ozone/integration-test/target/classes:/home/user/.m2/repository/org/apache/hadoop/hadoop-ozone-common/1.1.0-SNAPSHOT/hadoop-ozone-common-1.1.0-SNAPSHOT.jar:/home/user/.m2/repository/org/apache/commons/commons-compress/1.4.1/commons-compress-1.4.1.jar:/home/user/.m2/repository/org/tukaani/xz/1.0/xz-1.0.jar:/home/user/.m2/repository/org/apache/hadoop/hadoop-hdds-common/1.1.0-SNAPSHOT/hadoop-hdds-common-1.1.0-SNAPSHOT.jar:/home/user/.m2/repository/org/apache/hadoop/hadoop-hdds-hadoop-dependency-client/1.1.0-SNAPSHOT/hadoop-hdds-hadoop-dependency-client-1.1.0-SNAPSHOT.jar:/home/user/.m2/repository/info/picocli/picocli/4.4.0/picocli-4.4.0.jar:/home/user/.m2/repository/com/fasterxml/jackson/core/jackson-annotations/2.10.3/jackson-annotations-2.10.3.jar:/home/user/.m2/repository/javax/annotation/javax.annotation-api/1.2/javax.annotation-api-1.2.jar:/home/user/.m2/repository/org/apache/ratis/ratis-server/1.1.0-11689cd-SNAPSHOT/ratis-server-1.1.0-11689cd-SNAPSHOT.jar:/home/user/.m2/repository/org/apache/ratis/ratis-client/1.1.0-11689cd-SNAPSHOT/ratis-client-1.1.0-11689cd-SNAPSHOT.jar:/home/user/.m2/repository/org/apache/ratis/ratis-metrics/1.1.0-11689cd-SNAPSHOT/ratis-metrics-1.1.0-11689cd-SNAPSHOT.jar:/home/user/.m2/repository/org/apache/ratis/ratis-netty/1.1.0-11689cd-SNAPSHOT/ratis-netty-1.1.0-11689cd-SNAPSHOT.jar:/home/user/.m2/repository/org/apache/ratis/ratis-grpc/1.1.0-11689cd-SNAPSHOT/ratis-grpc-1.1.0-11689cd-SNAPSHOT.jar:/home/user/.m2/repository/org/apache/logging/log4j/log4j-api/2.13.3/log4j-api-2.13.3.jar:/home/user/.m2/repository/org/apache/logging/log4j/log4j-core/2.13.3/log4j-core-2.13.3.jar:/home/user/.m2/repository/com/lmax/disruptor/3.4.2/disruptor-3.4.2.jar:/home/user/.m2/repository/org/apache/commons/commons-pool2/2.6.0/commons-pool2-2.6.0.jar:/home/user/.m2/repository/org/bouncycastle/bcpkix-jdk15on/1.60/bcpkix-jdk15on-1.60.jar:/home/user/.m2/repository/commons-validator/commons-validator/1.6/commons-validator-1.6.jar:/home/user/.m2/repository/commons-digester/commons-digester/1.8.1/commons-digester-1.8.1.jar:/home/user/.m2/repository/io/jaegertracing/jaeger-client/1.2.0/jaeger-client-1.2.0.jar:/home/user/.m2/repository/io/jaegertracing/jaeger-thrift/1.2.0/jaeger-thrift-1.2.0.jar:/home/user/.m2/repository/org/apache/thrift/libthrift/0.13.0/libthrift-0.13.0.jar:/home/user/.m2/repository/com/squareup/okhttp3/okhttp/4.2.2/okhttp-4.2.2.jar:/home/user/.m2/repository/com/squareup/okio/okio/2.2.2/okio-2.2.2.jar:/home/user/.m2/repository/org/jetbrains/kotlin/kotlin-stdlib/1.3.50/kotlin-stdlib-1.3.50.jar:/home/user/.m2/repository/org/jetbrains/kotlin/kotlin-stdlib-common/1.3.50/kotlin-stdlib-common-1.3.50.jar:/home/user/.m2/repository/org/jetbrains/annotations/13.0/annotations-13.0.jar:/home/user/.m2/repository/io/jaegertracing/jaeger-core/1.2.0/jaeger-core-1.2.0.jar:/home/user/.m2/repository/io/jaegertracing/jaeger-tracerresolver/1.2.0/jaeger-tracerresolver-1.2.0.jar:/home/user/.m2/repository/io/opentracing/contrib/opentracing-tracerresolver/0.1.8/opentracing-tracerresolver-0.1.8.jar:/home/user/.m2/repository/io/opentracing/opentracing-util/0.33.0/opentracing-util-0.33.0.jar:/home/user/.m2/repository/io/opentracing/opentracing-api/0.33.0/opentracing-api-0.33.0.jar:/home/user/.m2/repository/io/opentracing/opentracing-noop/0.33.0/opentracing-noop-0.33.0.jar:/home/user/.m2/repository/org/apache/hadoop/hadoop-hdds-client/1.1.0-SNAPSHOT/hadoop-hdds-client-1.1.0-SNAPSHOT.jar:/home/user/.m2/repository/org/apache/hadoop/hadoop-ozone-interface-client/1.1.0-SNAPSHOT/hadoop-ozone-interface-client-1.1.0-SNAPSHOT.jar:/home/user/.m2/repository/org/apache/hadoop/hadoop-hdds-test-utils/1.1.0-SNAPSHOT/hadoop-hdds-test-utils-1.1.0-SNAPSHOT.jar:/home/user/.m2/repository/com/google/guava/guava/28.2-jre/guava-28.2-jre.jar:/home/user/.m2/repository/com/google/guava/failureaccess/1.0.1/failureaccess-1.0.1.jar:/home/user/.m2/repository/com/google/guava/listenablefuture/9999.0-empty-to-avoid-conflict-with-guava/listenablefuture-9999.0-empty-to-avoid-conflict-with-guava.jar:/home/user/.m2/repository/com/google/code/findbugs/jsr305/3.0.0/jsr305-3.0.0.jar:/home/user/.m2/repository/org/checkerframework/checker-qual/2.10.0/checker-qual-2.10.0.jar:/home/user/.m2/repository/com/google/errorprone/error_prone_annotations/2.2.0/error_prone_annotations-2.2.0.jar:/home/user/.m2/repository/com/google/j2objc/j2objc-annotations/1.3/j2objc-annotations-1.3.jar:/home/user/.m2/repository/commons-io/commons-io/2.5/commons-io-2.5.jar:/home/user/.m2/repository/commons-logging/commons-logging/1.2/commons-logging-1.2.jar:/home/user/.m2/repository/log4j/log4j/1.2.17/log4j-1.2.17.jar:/home/user/.m2/repository/org/slf4j/slf4j-api/1.7.25/slf4j-api-1.7.25.jar:/home/user/.m2/repository/org/apache/hadoop/hadoop-hdds-server-scm/1.1.0-SNAPSHOT/hadoop-hdds-server-scm-1.1.0-SNAPSHOT.jar:/home/user/.m2/repository/org/apache/hadoop/hadoop-hdds-container-service/1.1.0-SNAPSHOT/hadoop-hdds-container-service-1.1.0-SNAPSHOT.jar:/home/user/.m2/repository/org/apache/hadoop/hadoop-hdds-hadoop-dependency-server/1.1.0-SNAPSHOT/hadoop-hdds-hadoop-dependency-server-1.1.0-SNAPSHOT.jar:/home/user/.m2/repository/org/apache/hadoop/hadoop-hdds-server-framework/1.1.0-SNAPSHOT/hadoop-hdds-server-framework-1.1.0-SNAPSHOT.jar:/home/user/.m2/repository/org/apache/hadoop/hadoop-hdds-interface-server/1.1.0-SNAPSHOT/hadoop-hdds-interface-server-1.1.0-SNAPSHOT.jar:/home/user/.m2/repository/org/apache/hadoop/hadoop-hdds-interface-admin/1.1.0-SNAPSHOT/hadoop-hdds-interface-admin-1.1.0-SNAPSHOT.jar:/home/user/.m2/repository/org/rocksdb/rocksdbjni/6.8.1/rocksdbjni-6.8.1.jar:/home/user/.m2/repository/io/prometheus/simpleclient_dropwizard/0.7.0/simpleclient_dropwizard-0.7.0.jar:/home/user/.m2/repository/io/prometheus/simpleclient/0.7.0/simpleclient-0.7.0.jar:/home/user/.m2/repository/io/prometheus/simpleclient_common/0.7.0/simpleclient_common-0.7.0.jar:/home/user/.m2/repository/com/fasterxml/jackson/datatype/jackson-datatype-jsr310/2.10.3/jackson-datatype-jsr310-2.10.3.jar:/home/user/.m2/repository/io/dropwizard/metrics/metrics-core/3.2.4/metrics-core-3.2.4.jar:/home/user/.m2/repository/org/apache/hadoop/hadoop-hdfs-client/3.2.1/hadoop-hdfs-client-3.2.1.jar:/home/user/.m2/repository/org/bouncycastle/bcprov-jdk15on/1.60/bcprov-jdk15on-1.60.jar:/home/user/.m2/repository/org/apache/hadoop/hadoop-ozone-ozone-manager/1.1.0-SNAPSHOT/hadoop-ozone-ozone-manager-1.1.0-SNAPSHOT.jar:/home/user/.m2/repository/org/apache/hadoop/hadoop-hdds-interface-client/1.1.0-SNAPSHOT/hadoop-hdds-interface-client-1.1.0-SNAPSHOT.jar:/home/user/.m2/repository/org/apache/ratis/ratis-thirdparty-misc/0.6.0-SNAPSHOT/ratis-thirdparty-misc-0.6.0-SNAPSHOT.jar:/home/user/.m2/repository/org/apache/hadoop/hadoop-ozone-interface-storage/1.1.0-SNAPSHOT/hadoop-ozone-interface-storage-1.1.0-SNAPSHOT.jar:/home/user/.m2/repository/org/apache/hadoop/hadoop-minikdc/3.2.1/hadoop-minikdc-3.2.1.jar:/home/user/.m2/repository/org/apache/kerby/kerb-simplekdc/1.0.1/kerb-simplekdc-1.0.1.jar:/home/user/.m2/repository/org/apache/kerby/kerb-client/1.0.1/kerb-client-1.0.1.jar:/home/user/.m2/repository/org/apache/kerby/kerby-config/1.0.1/kerby-config-1.0.1.jar:/home/user/.m2/repository/org/apache/kerby/kerb-core/1.0.1/kerb-core-1.0.1.jar:/home/user/.m2/repository/org/apache/kerby/kerby-pkix/1.0.1/kerby-pkix-1.0.1.jar:/home/user/.m2/repository/org/apache/kerby/kerby-asn1/1.0.1/kerby-asn1-1.0.1.jar:/home/user/.m2/repository/org/apache/kerby/kerby-util/1.0.1/kerby-util-1.0.1.jar:/home/user/.m2/repository/org/apache/kerby/kerb-common/1.0.1/kerb-common-1.0.1.jar:/home/user/.m2/repository/org/apache/kerby/kerb-crypto/1.0.1/kerb-crypto-1.0.1.jar:/home/user/.m2/repository/org/apache/kerby/kerb-util/1.0.1/kerb-util-1.0.1.jar:/home/user/.m2/repository/org/apache/kerby/token-provider/1.0.1/token-provider-1.0.1.jar:/home/user/.m2/repository/org/apache/kerby/kerb-admin/1.0.1/kerb-admin-1.0.1.jar:/home/user/.m2/repository/org/apache/kerby/kerb-server/1.0.1/kerb-server-1.0.1.jar:/home/user/.m2/repository/org/apache/kerby/kerb-identity/1.0.1/kerb-identity-1.0.1.jar:/home/user/.m2/repository/org/apache/kerby/kerby-xdr/1.0.1/kerby-xdr-1.0.1.jar:/home/user/.m2/repository/org/slf4j/slf4j-log4j12/1.7.25/slf4j-log4j12-1.7.25.jar:/home/user/.m2/repository/org/apache/hadoop/hadoop-ozone-s3gateway/1.1.0-SNAPSHOT/hadoop-ozone-s3gateway-1.1.0-SNAPSHOT.jar:/home/user/.m2/repository/org/jboss/weld/servlet/weld-servlet/2.4.7.Final/weld-servlet-2.4.7.Final.jar:/home/user/.m2/repository/org/glassfish/jersey/containers/jersey-container-servlet-core/2.27/jersey-container-servlet-core-2.27.jar:/home/user/.m2/repository/org/glassfish/hk2/external/javax.inject/2.5.0-b42/javax.inject-2.5.0-b42.jar:/home/user/.m2/repository/org/glassfish/jersey/core/jersey-common/2.27/jersey-common-2.27.jar:/home/user/.m2/repository/org/glassfish/hk2/osgi-resource-locator/1.0.1/osgi-resource-locator-1.0.1.jar:/home/user/.m2/repository/javax/ws/rs/javax.ws.rs-api/2.1/javax.ws.rs-api-2.1.jar:/home/user/.m2/repository/org/glassfish/jersey/ext/cdi/jersey-cdi1x/2.27/jersey-cdi1x-2.27.jar:/home/user/.m2/repository/org/glassfish/jersey/inject/jersey-hk2/2.27/jersey-hk2-2.27.jar:/home/user/.m2/repository/org/glassfish/hk2/hk2-locator/2.5.0-b42/hk2-locator-2.5.0-b42.jar:/home/user/.m2/repository/org/javassist/javassist/3.22.0-CR2/javassist-3.22.0-CR2.jar:/home/user/.m2/repository/org/glassfish/hk2/hk2-api/2.5.0/hk2-api-2.5.0.jar:/home/user/.m2/repository/org/glassfish/hk2/external/jakarta.inject/2.5.0/jakarta.inject-2.5.0.jar:/home/user/.m2/repository/org/glassfish/hk2/hk2-utils/2.5.0/hk2-utils-2.5.0.jar:/home/user/.m2/repository/jakarta/annotation/jakarta.annotation-api/1.3.4/jakarta.annotation-api-1.3.4.jar:/home/user/.m2/repository/org/glassfish/hk2/external/aopalliance-repackaged/2.5.0/aopalliance-repackaged-2.5.0.jar:/home/user/.m2/repository/com/fasterxml/jackson/dataformat/jackson-dataformat-xml/2.10.3/jackson-dataformat-xml-2.10.3.jar:/home/user/.m2/repository/com/fasterxml/jackson/core/jackson-core/2.10.3/jackson-core-2.10.3.jar:/home/user/.m2/repository/com/fasterxml/jackson/module/jackson-module-jaxb-annotations/2.10.3/jackson-module-jaxb-annotations-2.10.3.jar:/home/user/.m2/repository/jakarta/xml/bind/jakarta.xml.bind-api/2.3.2/jakarta.xml.bind-api-2.3.2.jar:/home/user/.m2/repository/jakarta/activation/jakarta.activation-api/1.2.1/jakarta.activation-api-1.2.1.jar:/home/user/.m2/repository/org/codehaus/woodstox/stax2-api/3.1.4/stax2-api-3.1.4.jar:/home/user/.m2/repository/com/fasterxml/woodstox/woodstox-core/5.0.3/woodstox-core-5.0.3.jar:/home/user/.m2/repository/javax/enterprise/cdi-api/1.2/cdi-api-1.2.jar:/home/user/.m2/repository/javax/el/javax.el-api/3.0.0/javax.el-api-3.0.0.jar:/home/user/.m2/repository/javax/interceptor/javax.interceptor-api/1.2/javax.interceptor-api-1.2.jar:/home/user/.m2/repository/javax/inject/javax.inject/1/javax.inject-1.jar:/home/user/.m2/repository/com/sun/xml/bind/jaxb-impl/2.3.0.1/jaxb-impl-2.3.0.1.jar:/home/user/.m2/repository/com/sun/xml/bind/jaxb-core/2.3.0.1/jaxb-core-2.3.0.1.jar:/home/user/.m2/repository/javax/xml/bind/jaxb-api/2.3.0/jaxb-api-2.3.0.jar:/home/user/.m2/repository/javax/activation/activation/1.1.1/activation-1.1.1.jar:/home/user/.m2/repository/org/apache/hadoop/hadoop-ozone-csi/1.1.0-SNAPSHOT/hadoop-ozone-csi-1.1.0-SNAPSHOT.jar:/home/user/.m2/repository/com/google/protobuf/protobuf-java-util/3.11.0/protobuf-java-util-3.11.0.jar:/home/user/.m2/repository/com/google/code/gson/gson/2.2.4/gson-2.2.4.jar:/home/user/.m2/repository/org/apache/hadoop/hadoop-hdds-config/1.1.0-SNAPSHOT/hadoop-hdds-config-1.1.0-SNAPSHOT.jar:/home/user/.m2/repository/com/google/protobuf/protobuf-java/2.5.0/protobuf-java-2.5.0.jar:/home/user/.m2/repository/io/grpc/grpc-netty/1.29.0/grpc-netty-1.29.0.jar:/home/user/.m2/repository/io/grpc/grpc-core/1.29.0/grpc-core-1.29.0.jar:/home/user/.m2/repository/com/google/android/annotations/4.1.1.4/annotations-4.1.1.4.jar:/home/user/.m2/repository/io/perfmark/perfmark-api/0.19.0/perfmark-api-0.19.0.jar:/home/user/.m2/repository/io/netty/netty-codec-http2/4.1.48.Final/netty-codec-http2-4.1.48.Final.jar:/home/user/.m2/repository/io/netty/netty-codec/4.1.48.Final/netty-codec-4.1.48.Final.jar:/home/user/.m2/repository/io/netty/netty-handler/4.1.48.Final/netty-handler-4.1.48.Final.jar:/home/user/.m2/repository/io/netty/netty-codec-http/4.1.48.Final/netty-codec-http-4.1.48.Final.jar:/home/user/.m2/repository/io/netty/netty-handler-proxy/4.1.48.Final/netty-handler-proxy-4.1.48.Final.jar:/home/user/.m2/repository/io/netty/netty-codec-socks/4.1.48.Final/netty-codec-socks-4.1.48.Final.jar:/home/user/.m2/repository/io/netty/netty-transport-native-epoll/4.1.48.Final/netty-transport-native-epoll-4.1.48.Final.jar:/home/user/.m2/repository/io/netty/netty-common/4.1.48.Final/netty-common-4.1.48.Final.jar:/home/user/.m2/repository/io/netty/netty-buffer/4.1.48.Final/netty-buffer-4.1.48.Final.jar:/home/user/.m2/repository/io/netty/netty-transport/4.1.48.Final/netty-transport-4.1.48.Final.jar:/home/user/.m2/repository/io/netty/netty-resolver/4.1.48.Final/netty-resolver-4.1.48.Final.jar:/home/user/.m2/repository/io/netty/netty-transport-native-unix-common/4.1.48.Final/netty-transport-native-unix-common-4.1.48.Final.jar:/home/user/.m2/repository/io/grpc/grpc-protobuf/1.29.0/grpc-protobuf-1.29.0.jar:/home/user/.m2/repository/io/grpc/grpc-api/1.29.0/grpc-api-1.29.0.jar:/home/user/.m2/repository/io/grpc/grpc-context/1.29.0/grpc-context-1.29.0.jar:/home/user/.m2/repository/org/codehaus/mojo/animal-sniffer-annotations/1.18/animal-sniffer-annotations-1.18.jar:/home/user/.m2/repository/com/google/api/grpc/proto-google-common-protos/1.17.0/proto-google-common-protos-1.17.0.jar:/home/user/.m2/repository/io/grpc/grpc-protobuf-lite/1.29.0/grpc-protobuf-lite-1.29.0.jar:/home/user/.m2/repository/io/grpc/grpc-stub/1.29.0/grpc-stub-1.29.0.jar:/home/user/.m2/repository/org/apache/hadoop/hadoop-ozone-recon/1.1.0-SNAPSHOT/hadoop-ozone-recon-1.1.0-SNAPSHOT.jar:/home/user/.m2/repository/org/apache/hadoop/hadoop-ozone-reconcodegen/1.1.0-SNAPSHOT/hadoop-ozone-reconcodegen-1.1.0-SNAPSHOT.jar:/home/user/.m2/repository/com/google/inject/extensions/guice-multibindings/4.0/guice-multibindings-4.0.jar:/home/user/.m2/repository/com/google/inject/guice/4.0/guice-4.0.jar:/home/user/.m2/repository/aopalliance/aopalliance/1.0/aopalliance-1.0.jar:/home/user/.m2/repository/com/google/inject/extensions/guice-assistedinject/4.0/guice-assistedinject-4.0.jar:/home/user/.m2/repository/com/google/inject/extensions/guice-servlet/4.0/guice-servlet-4.0.jar:/home/user/.m2/repository/org/glassfish/jersey/containers/jersey-container-servlet/2.27/jersey-container-servlet-2.27.jar:/home/user/.m2/repository/org/glassfish/hk2/guice-bridge/2.5.0/guice-bridge-2.5.0.jar:/home/user/.m2/repository/org/glassfish/jersey/core/jersey-server/2.27/jersey-server-2.27.jar:/home/user/.m2/repository/org/glassfish/jersey/core/jersey-client/2.27/jersey-client-2.27.jar:/home/user/.m2/repository/org/glassfish/jersey/media/jersey-media-jaxb/2.27/jersey-media-jaxb-2.27.jar:/home/user/.m2/repository/javax/validation/validation-api/1.1.0.Final/validation-api-1.1.0.Final.jar:/home/user/.m2/repository/org/glassfish/jersey/media/jersey-media-json-jackson/2.27/jersey-media-json-jackson-2.27.jar:/home/user/.m2/repository/org/glassfish/jersey/ext/jersey-entity-filtering/2.27/jersey-entity-filtering-2.27.jar:/home/user/.m2/repository/org/jooq/jooq/3.11.10/jooq-3.11.10.jar:/home/user/.m2/repository/org/jooq/jooq-meta/3.11.10/jooq-meta-3.11.10.jar:/home/user/.m2/repository/org/jooq/jooq-codegen/3.11.10/jooq-codegen-3.11.10.jar:/home/user/.m2/repository/com/jolbox/bonecp/0.8.0.RELEASE/bonecp-0.8.0.RELEASE.jar:/home/user/.m2/repository/org/apache/derby/derby/10.14.2.0/derby-10.14.2.0.jar:/home/user/.m2/repository/org/xerial/sqlite-jdbc/3.25.2/sqlite-jdbc-3.25.2.jar:/home/user/.m2/repository/org/springframework/spring-jdbc/5.2.5.RELEASE/spring-jdbc-5.2.5.RELEASE.jar:/home/user/.m2/repository/org/springframework/spring-beans/5.2.5.RELEASE/spring-beans-5.2.5.RELEASE.jar:/home/user/.m2/repository/org/springframework/spring-core/5.2.5.RELEASE/spring-core-5.2.5.RELEASE.jar:/home/user/.m2/repository/org/springframework/spring-jcl/5.2.5.RELEASE/spring-jcl-5.2.5.RELEASE.jar:/home/user/.m2/repository/org/springframework/spring-tx/5.2.5.RELEASE/spring-tx-5.2.5.RELEASE.jar:/home/user/.m2/repository/org/apache/hadoop/hadoop-ozone-client/1.1.0-SNAPSHOT/hadoop-ozone-client-1.1.0-SNAPSHOT.jar:/home/user/.m2/repository/org/apache/hadoop/hadoop-ozone-filesystem/1.1.0-SNAPSHOT/hadoop-ozone-filesystem-1.1.0-SNAPSHOT.jar:/home/user/.m2/repository/org/apache/hadoop/hadoop-ozone-filesystem-common/1.1.0-SNAPSHOT/hadoop-ozone-filesystem-common-1.1.0-SNAPSHOT.jar:/home/user/.m2/repository/org/apache/hadoop/hadoop-ozone-tools/1.1.0-SNAPSHOT/hadoop-ozone-tools-1.1.0-SNAPSHOT.jar:/home/user/.m2/repository/org/apache/hadoop/hadoop-hdfs/3.2.1/hadoop-hdfs-3.2.1.jar:/home/user/.m2/repository/org/apache/ratis/ratis-tools/1.1.0-11689cd-SNAPSHOT/ratis-tools-1.1.0-11689cd-SNAPSHOT.jar:/home/user/.m2/repository/org/apache/ratis/ratis-proto/1.1.0-11689cd-SNAPSHOT/ratis-proto-1.1.0-11689cd-SNAPSHOT.jar:/home/user/.m2/repository/org/apache/ratis/ratis-common/1.1.0-11689cd-SNAPSHOT/ratis-common-1.1.0-11689cd-SNAPSHOT.jar:/home/user/.m2/repository/com/amazonaws/aws-java-sdk-core/1.11.615/aws-java-sdk-core-1.11.615.jar:/home/user/.m2/repository/org/apache/httpcomponents/httpclient/4.5.2/httpclient-4.5.2.jar:/home/user/.m2/repository/org/apache/httpcomponents/httpcore/4.4.4/httpcore-4.4.4.jar:/home/user/.m2/repository/software/amazon/ion/ion-java/1.0.2/ion-java-1.0.2.jar:/home/user/.m2/repository/com/fasterxml/jackson/dataformat/jackson-dataformat-cbor/2.10.3/jackson-dataformat-cbor-2.10.3.jar:/home/user/.m2/repository/joda-time/joda-time/2.8.1/joda-time-2.8.1.jar:/home/user/.m2/repository/com/amazonaws/aws-java-sdk-s3/1.11.615/aws-java-sdk-s3-1.11.615.jar:/home/user/.m2/repository/com/amazonaws/aws-java-sdk-kms/1.11.615/aws-java-sdk-kms-1.11.615.jar:/home/user/.m2/repository/com/amazonaws/jmespath-java/1.11.615/jmespath-java-1.11.615.jar:/home/user/.m2/repository/org/kohsuke/metainf-services/metainf-services/1.8/metainf-services-1.8.jar:/home/user/.m2/repository/org/apache/hadoop/hadoop-hdds-tools/1.1.0-SNAPSHOT/hadoop-hdds-tools-1.1.0-SNAPSHOT.jar:/home/user/.m2/repository/commons-cli/commons-cli/1.2/commons-cli-1.2.jar:/home/user/.m2/repository/org/apache/commons/commons-lang3/3.7/commons-lang3-3.7.jar:/home/user/.m2/repository/org/apache/hadoop/hadoop-ozone-ozone-manager/1.1.0-SNAPSHOT/hadoop-ozone-ozone-manager-1.1.0-SNAPSHOT-tests.jar:/home/user/.m2/repository/junit/junit/4.11/junit-4.11.jar:/home/user/.m2/repository/org/hamcrest/hamcrest-core/1.3/hamcrest-core-1.3.jar:/home/user/.m2/repository/org/openjdk/jmh/jmh-core/1.19/jmh-core-1.19.jar:/home/user/.m2/repository/net/sf/jopt-simple/jopt-simple/4.6/jopt-simple-4.6.jar:/home/user/.m2/repository/org/apache/commons/commons-math3/3.1.1/commons-math3-3.1.1.jar:/home/user/.m2/repository/org/openjdk/jmh/jmh-generator-annprocess/1.19/jmh-generator-annprocess-1.19.jar:/home/user/.m2/repository/org/mockito/mockito-all/1.8.5/mockito-all-1.8.5.jar:/home/user/.m2/repository/org/apache/hadoop/hadoop-kms/3.2.1/hadoop-kms-3.2.1.jar:/home/user/.m2/repository/org/apache/hadoop/hadoop-auth/3.2.1/hadoop-auth-3.2.1.jar:/home/user/.m2/repository/com/nimbusds/nimbus-jose-jwt/7.9/nimbus-jose-jwt-7.9.jar:/home/user/.m2/repository/com/github/stephenc/jcip/jcip-annotations/1.0-1/jcip-annotations-1.0-1.jar:/home/user/.m2/repository/net/minidev/json-smart/2.3/json-smart-2.3.jar:/home/user/.m2/repository/net/minidev/accessors-smart/1.2/accessors-smart-1.2.jar:/home/user/.m2/repository/org/ow2/asm/asm/5.0.4/asm-5.0.4.jar:/home/user/.m2/repository/org/apache/zookeeper/zookeeper/3.4.13/zookeeper-3.4.13.jar:/home/user/.m2/repository/org/apache/yetus/audience-annotations/0.5.0/audience-annotations-0.5.0.jar:/home/user/.m2/repository/org/apache/curator/curator-framework/2.13.0/curator-framework-2.13.0.jar:/home/user/.m2/repository/com/sun/jersey/jersey-core/1.19/jersey-core-1.19.jar:/home/user/.m2/repository/javax/ws/rs/jsr311-api/1.1.1/jsr311-api-1.1.1.jar:/home/user/.m2/repository/com/sun/jersey/jersey-server/1.19/jersey-server-1.19.jar:/home/user/.m2/repository/javax/servlet/javax.servlet-api/3.1.0/javax.servlet-api-3.1.0.jar:/home/user/.m2/repository/org/eclipse/jetty/jetty-server/9.4.34.v20201102/jetty-server-9.4.34.v20201102.jar:/home/user/.m2/repository/org/eclipse/jetty/jetty-http/9.4.34.v20201102/jetty-http-9.4.34.v20201102.jar:/home/user/.m2/repository/org/eclipse/jetty/jetty-io/9.4.34.v20201102/jetty-io-9.4.34.v20201102.jar:/home/user/.m2/repository/org/eclipse/jetty/jetty-webapp/9.4.34.v20201102/jetty-webapp-9.4.34.v20201102.jar:/home/user/.m2/repository/org/eclipse/jetty/jetty-xml/9.4.34.v20201102/jetty-xml-9.4.34.v20201102.jar:/home/user/.m2/repository/org/eclipse/jetty/jetty-servlet/9.4.34.v20201102/jetty-servlet-9.4.34.v20201102.jar:/home/user/.m2/repository/org/eclipse/jetty/jetty-security/9.4.34.v20201102/jetty-security-9.4.34.v20201102.jar:/home/user/.m2/repository/org/apache/hadoop/hadoop-common/3.2.1/hadoop-common-3.2.1.jar:/home/user/.m2/repository/commons-net/commons-net/3.6/commons-net-3.6.jar:/home/user/.m2/repository/commons-collections/commons-collections/3.2.2/commons-collections-3.2.2.jar:/home/user/.m2/repository/com/sun/jersey/jersey-servlet/1.19/jersey-servlet-1.19.jar:/home/user/.m2/repository/com/sun/jersey/jersey-json/1.19/jersey-json-1.19.jar:/home/user/.m2/repository/org/codehaus/jettison/jettison/1.1/jettison-1.1.jar:/home/user/.m2/repository/org/codehaus/jackson/jackson-jaxrs/1.9.2/jackson-jaxrs-1.9.2.jar:/home/user/.m2/repository/org/codehaus/jackson/jackson-xc/1.9.2/jackson-xc-1.9.2.jar:/home/user/.m2/repository/commons-beanutils/commons-beanutils/1.9.4/commons-beanutils-1.9.4.jar:/home/user/.m2/repository/org/apache/commons/commons-configuration2/2.1.1/commons-configuration2-2.1.1.jar:/home/user/.m2/repository/org/apache/commons/commons-text/1.4/commons-text-1.4.jar:/home/user/.m2/repository/com/google/re2j/re2j/1.1/re2j-1.1.jar:/home/user/.m2/repository/com/jcraft/jsch/0.1.54/jsch-0.1.54.jar:/home/user/.m2/repository/org/apache/curator/curator-client/2.13.0/curator-client-2.13.0.jar:/home/user/.m2/repository/org/apache/curator/curator-recipes/2.13.0/curator-recipes-2.13.0.jar:/home/user/.m2/repository/dnsjava/dnsjava/2.1.7/dnsjava-2.1.7.jar:/home/user/.m2/repository/org/slf4j/jul-to-slf4j/1.7.25/jul-to-slf4j-1.7.25.jar:/home/user/.m2/repository/org/eclipse/jetty/jetty-util/9.4.34.v20201102/jetty-util-9.4.34.v20201102.jar:/home/user/.m2/repository/com/fasterxml/jackson/core/jackson-databind/2.10.3/jackson-databind-2.10.3.jar:/home/user/.m2/repository/org/apache/hadoop/hadoop-kms/3.2.1/hadoop-kms-3.2.1-tests.jar:/home/user/.m2/repository/org/apache/hadoop/hadoop-hdds-server-scm/1.1.0-SNAPSHOT/hadoop-hdds-server-scm-1.1.0-SNAPSHOT-tests.jar:/home/user/.m2/repository/org/apache/hadoop/hadoop-hdds-container-service/1.1.0-SNAPSHOT/hadoop-hdds-container-service-1.1.0-SNAPSHOT-tests.jar:/home/user/.m2/repository/org/apache/hadoop/hadoop-hdds-common/1.1.0-SNAPSHOT/hadoop-hdds-common-1.1.0-SNAPSHOT-tests.jar:/home/user/.m2/repository/org/yaml/snakeyaml/1.16/snakeyaml-1.16.jar:/home/user/.m2/repository/org/apache/hadoop/hadoop-hdds-hadoop-dependency-test/1.1.0-SNAPSHOT/hadoop-hdds-hadoop-dependency-test-1.1.0-SNAPSHOT.jar:/home/user/.m2/repository/org/apache/hadoop/hadoop-common/3.2.1/hadoop-common-3.2.1-tests.jar:/home/user/.m2/repository/javax/servlet/jsp/jsp-api/2.1/jsp-api-2.1.jar:/home/user/.m2/repository/org/apache/hadoop/hadoop-hdfs/3.2.1/hadoop-hdfs-3.2.1-tests.jar:/home/user/.m2/repository/org/eclipse/jetty/jetty-util-ajax/9.4.34.v20201102/jetty-util-ajax-9.4.34.v20201102.jar:/home/user/.m2/repository/commons-codec/commons-codec/1.11/commons-codec-1.11.jar:/home/user/.m2/repository/commons-daemon/commons-daemon/1.0.13/commons-daemon-1.0.13.jar:/home/user/.m2/repository/io/netty/netty/3.10.5.Final/netty-3.10.5.Final.jar:/home/user/.m2/repository/io/netty/netty-all/4.1.48.Final/netty-all-4.1.48.Final.jar:/home/user/.m2/repository/org/apache/htrace/htrace-core4/4.1.0-incubating/htrace-core4-4.1.0-incubating.jar:/home/user/.m2/repository/org/fusesource/leveldbjni/leveldbjni-all/1.8/leveldbjni-all-1.8.jar:/home/user/.m2/repository/org/apache/hadoop/hadoop-distcp/3.2.1/hadoop-distcp-3.2.1.jar:/home/user/.m2/repository/org/apache/hadoop/hadoop-mapreduce-client-jobclient/3.2.1/hadoop-mapreduce-client-jobclient-3.2.1.jar:/home/user/.m2/repository/org/apache/hadoop/hadoop-mapreduce-client-common/3.2.1/hadoop-mapreduce-client-common-3.2.1.jar:/home/user/.m2/repository/org/apache/hadoop/hadoop-yarn-common/3.2.1/hadoop-yarn-common-3.2.1.jar:/home/user/.m2/repository/org/apache/hadoop/hadoop-yarn-api/3.2.1/hadoop-yarn-api-3.2.1.jar:/home/user/.m2/repository/com/sun/jersey/jersey-client/1.19/jersey-client-1.19.jar:/home/user/.m2/repository/com/sun/jersey/contribs/jersey-guice/1.19/jersey-guice-1.19.jar:/home/user/.m2/repository/com/fasterxml/jackson/jaxrs/jackson-jaxrs-json-provider/2.10.3/jackson-jaxrs-json-provider-2.10.3.jar:/home/user/.m2/repository/com/fasterxml/jackson/jaxrs/jackson-jaxrs-base/2.10.3/jackson-jaxrs-base-2.10.3.jar:/home/user/.m2/repository/org/apache/hadoop/hadoop-yarn-client/3.2.1/hadoop-yarn-client-3.2.1.jar:/home/user/.m2/repository/org/apache/hadoop/hadoop-mapreduce-client-core/3.2.1/hadoop-mapreduce-client-core-3.2.1.jar:/home/user/.m2/repository/org/apache/avro/avro/1.7.7/avro-1.7.7.jar:/home/user/.m2/repository/org/codehaus/jackson/jackson-core-asl/1.9.13/jackson-core-asl-1.9.13.jar:/home/user/.m2/repository/org/codehaus/jackson/jackson-mapper-asl/1.9.13/jackson-mapper-asl-1.9.13.jar:/home/user/.m2/repository/com/thoughtworks/paranamer/paranamer/2.3/paranamer-2.3.jar:/home/user/.m2/repository/org/xerial/snappy/snappy-java/1.0.5/snappy-java-1.0.5.jar:/home/user/.m2/repository/org/apache/hadoop/hadoop-annotations/3.2.1/hadoop-annotations-3.2.1.jar:/usr/lib/jvm/java-1.8.0-openjdk-1.8.0.232.b09-0.el7_7.x86_64/jre/../lib/tools.jar:/home/user/.m2/repository/org/apache/hadoop/hadoop-distcp/3.2.1/hadoop-distcp-3.2.1-tests.jar:"/>
    <property name="java.vm.vendor" value="Oracle Corporation"/>
    <property name="sun.arch.data.model" value="64"/>
    <property name="test.build.dir" value="/github/workspace/mnt/ozone/hadoop-ozone/integration-test/target/test-dir"/>
    <property name="test.cache.data" value=""/>
    <property name="java.vendor.url" value="http://java.oracle.com/"/>
    <property name="user.timezone" value=""/>
    <property name="java.vm.specification.version" value="1.8"/>
    <property name="os.name" value="Linux"/>
    <property name="test.build.data" value="/github/workspace/mnt/ozone/hadoop-ozone/integration-test/target/test-dir"/>
    <property name="user.country" value="US"/>
    <property name="sun.java.launcher" value="SUN_STANDARD"/>
    <property name="sun.boot.library.path" value="/usr/lib/jvm/java-1.8.0-openjdk-1.8.0.232.b09-0.el7_7.x86_64/jre/lib/amd64"/>
    <property name="sun.java.command" value="/github/workspace/mnt/ozone/hadoop-ozone/integration-test/target/surefire/surefirebooter4886805014396316944.jar /github/workspace/mnt/ozone/hadoop-ozone/integration-test/target/surefire 2020-11-11T12-27-36_581-jvmRun1 surefire7041025952890358050tmp surefire_243941308694608004413tmp"/>
    <property name="surefire.test.class.path" value="/github/workspace/mnt/ozone/hadoop-ozone/integration-test/target/test-classes:/github/workspace/mnt/ozone/hadoop-ozone/integration-test/target/classes:/home/user/.m2/repository/org/apache/hadoop/hadoop-ozone-common/1.1.0-SNAPSHOT/hadoop-ozone-common-1.1.0-SNAPSHOT.jar:/home/user/.m2/repository/org/apache/commons/commons-compress/1.4.1/commons-compress-1.4.1.jar:/home/user/.m2/repository/org/tukaani/xz/1.0/xz-1.0.jar:/home/user/.m2/repository/org/apache/hadoop/hadoop-hdds-common/1.1.0-SNAPSHOT/hadoop-hdds-common-1.1.0-SNAPSHOT.jar:/home/user/.m2/repository/org/apache/hadoop/hadoop-hdds-hadoop-dependency-client/1.1.0-SNAPSHOT/hadoop-hdds-hadoop-dependency-client-1.1.0-SNAPSHOT.jar:/home/user/.m2/repository/info/picocli/picocli/4.4.0/picocli-4.4.0.jar:/home/user/.m2/repository/com/fasterxml/jackson/core/jackson-annotations/2.10.3/jackson-annotations-2.10.3.jar:/home/user/.m2/repository/javax/annotation/javax.annotation-api/1.2/javax.annotation-api-1.2.jar:/home/user/.m2/repository/org/apache/ratis/ratis-server/1.1.0-11689cd-SNAPSHOT/ratis-server-1.1.0-11689cd-SNAPSHOT.jar:/home/user/.m2/repository/org/apache/ratis/ratis-client/1.1.0-11689cd-SNAPSHOT/ratis-client-1.1.0-11689cd-SNAPSHOT.jar:/home/user/.m2/repository/org/apache/ratis/ratis-metrics/1.1.0-11689cd-SNAPSHOT/ratis-metrics-1.1.0-11689cd-SNAPSHOT.jar:/home/user/.m2/repository/org/apache/ratis/ratis-netty/1.1.0-11689cd-SNAPSHOT/ratis-netty-1.1.0-11689cd-SNAPSHOT.jar:/home/user/.m2/repository/org/apache/ratis/ratis-grpc/1.1.0-11689cd-SNAPSHOT/ratis-grpc-1.1.0-11689cd-SNAPSHOT.jar:/home/user/.m2/repository/org/apache/logging/log4j/log4j-api/2.13.3/log4j-api-2.13.3.jar:/home/user/.m2/repository/org/apache/logging/log4j/log4j-core/2.13.3/log4j-core-2.13.3.jar:/home/user/.m2/repository/com/lmax/disruptor/3.4.2/disruptor-3.4.2.jar:/home/user/.m2/repository/org/apache/commons/commons-pool2/2.6.0/commons-pool2-2.6.0.jar:/home/user/.m2/repository/org/bouncycastle/bcpkix-jdk15on/1.60/bcpkix-jdk15on-1.60.jar:/home/user/.m2/repository/commons-validator/commons-validator/1.6/commons-validator-1.6.jar:/home/user/.m2/repository/commons-digester/commons-digester/1.8.1/commons-digester-1.8.1.jar:/home/user/.m2/repository/io/jaegertracing/jaeger-client/1.2.0/jaeger-client-1.2.0.jar:/home/user/.m2/repository/io/jaegertracing/jaeger-thrift/1.2.0/jaeger-thrift-1.2.0.jar:/home/user/.m2/repository/org/apache/thrift/libthrift/0.13.0/libthrift-0.13.0.jar:/home/user/.m2/repository/com/squareup/okhttp3/okhttp/4.2.2/okhttp-4.2.2.jar:/home/user/.m2/repository/com/squareup/okio/okio/2.2.2/okio-2.2.2.jar:/home/user/.m2/repository/org/jetbrains/kotlin/kotlin-stdlib/1.3.50/kotlin-stdlib-1.3.50.jar:/home/user/.m2/repository/org/jetbrains/kotlin/kotlin-stdlib-common/1.3.50/kotlin-stdlib-common-1.3.50.jar:/home/user/.m2/repository/org/jetbrains/annotations/13.0/annotations-13.0.jar:/home/user/.m2/repository/io/jaegertracing/jaeger-core/1.2.0/jaeger-core-1.2.0.jar:/home/user/.m2/repository/io/jaegertracing/jaeger-tracerresolver/1.2.0/jaeger-tracerresolver-1.2.0.jar:/home/user/.m2/repository/io/opentracing/contrib/opentracing-tracerresolver/0.1.8/opentracing-tracerresolver-0.1.8.jar:/home/user/.m2/repository/io/opentracing/opentracing-util/0.33.0/opentracing-util-0.33.0.jar:/home/user/.m2/repository/io/opentracing/opentracing-api/0.33.0/opentracing-api-0.33.0.jar:/home/user/.m2/repository/io/opentracing/opentracing-noop/0.33.0/opentracing-noop-0.33.0.jar:/home/user/.m2/repository/org/apache/hadoop/hadoop-hdds-client/1.1.0-SNAPSHOT/hadoop-hdds-client-1.1.0-SNAPSHOT.jar:/home/user/.m2/repository/org/apache/hadoop/hadoop-ozone-interface-client/1.1.0-SNAPSHOT/hadoop-ozone-interface-client-1.1.0-SNAPSHOT.jar:/home/user/.m2/repository/org/apache/hadoop/hadoop-hdds-test-utils/1.1.0-SNAPSHOT/hadoop-hdds-test-utils-1.1.0-SNAPSHOT.jar:/home/user/.m2/repository/com/google/guava/guava/28.2-jre/guava-28.2-jre.jar:/home/user/.m2/repository/com/google/guava/failureaccess/1.0.1/failureaccess-1.0.1.jar:/home/user/.m2/repository/com/google/guava/listenablefuture/9999.0-empty-to-avoid-conflict-with-guava/listenablefuture-9999.0-empty-to-avoid-conflict-with-guava.jar:/home/user/.m2/repository/com/google/code/findbugs/jsr305/3.0.0/jsr305-3.0.0.jar:/home/user/.m2/repository/org/checkerframework/checker-qual/2.10.0/checker-qual-2.10.0.jar:/home/user/.m2/repository/com/google/errorprone/error_prone_annotations/2.2.0/error_prone_annotations-2.2.0.jar:/home/user/.m2/repository/com/google/j2objc/j2objc-annotations/1.3/j2objc-annotations-1.3.jar:/home/user/.m2/repository/commons-io/commons-io/2.5/commons-io-2.5.jar:/home/user/.m2/repository/commons-logging/commons-logging/1.2/commons-logging-1.2.jar:/home/user/.m2/repository/log4j/log4j/1.2.17/log4j-1.2.17.jar:/home/user/.m2/repository/org/slf4j/slf4j-api/1.7.25/slf4j-api-1.7.25.jar:/home/user/.m2/repository/org/apache/hadoop/hadoop-hdds-server-scm/1.1.0-SNAPSHOT/hadoop-hdds-server-scm-1.1.0-SNAPSHOT.jar:/home/user/.m2/repository/org/apache/hadoop/hadoop-hdds-container-service/1.1.0-SNAPSHOT/hadoop-hdds-container-service-1.1.0-SNAPSHOT.jar:/home/user/.m2/repository/org/apache/hadoop/hadoop-hdds-hadoop-dependency-server/1.1.0-SNAPSHOT/hadoop-hdds-hadoop-dependency-server-1.1.0-SNAPSHOT.jar:/home/user/.m2/repository/org/apache/hadoop/hadoop-hdds-server-framework/1.1.0-SNAPSHOT/hadoop-hdds-server-framework-1.1.0-SNAPSHOT.jar:/home/user/.m2/repository/org/apache/hadoop/hadoop-hdds-interface-server/1.1.0-SNAPSHOT/hadoop-hdds-interface-server-1.1.0-SNAPSHOT.jar:/home/user/.m2/repository/org/apache/hadoop/hadoop-hdds-interface-admin/1.1.0-SNAPSHOT/hadoop-hdds-interface-admin-1.1.0-SNAPSHOT.jar:/home/user/.m2/repository/org/rocksdb/rocksdbjni/6.8.1/rocksdbjni-6.8.1.jar:/home/user/.m2/repository/io/prometheus/simpleclient_dropwizard/0.7.0/simpleclient_dropwizard-0.7.0.jar:/home/user/.m2/repository/io/prometheus/simpleclient/0.7.0/simpleclient-0.7.0.jar:/home/user/.m2/repository/io/prometheus/simpleclient_common/0.7.0/simpleclient_common-0.7.0.jar:/home/user/.m2/repository/com/fasterxml/jackson/datatype/jackson-datatype-jsr310/2.10.3/jackson-datatype-jsr310-2.10.3.jar:/home/user/.m2/repository/io/dropwizard/metrics/metrics-core/3.2.4/metrics-core-3.2.4.jar:/home/user/.m2/repository/org/apache/hadoop/hadoop-hdfs-client/3.2.1/hadoop-hdfs-client-3.2.1.jar:/home/user/.m2/repository/org/bouncycastle/bcprov-jdk15on/1.60/bcprov-jdk15on-1.60.jar:/home/user/.m2/repository/org/apache/hadoop/hadoop-ozone-ozone-manager/1.1.0-SNAPSHOT/hadoop-ozone-ozone-manager-1.1.0-SNAPSHOT.jar:/home/user/.m2/repository/org/apache/hadoop/hadoop-hdds-interface-client/1.1.0-SNAPSHOT/hadoop-hdds-interface-client-1.1.0-SNAPSHOT.jar:/home/user/.m2/repository/org/apache/ratis/ratis-thirdparty-misc/0.6.0-SNAPSHOT/ratis-thirdparty-misc-0.6.0-SNAPSHOT.jar:/home/user/.m2/repository/org/apache/hadoop/hadoop-ozone-interface-storage/1.1.0-SNAPSHOT/hadoop-ozone-interface-storage-1.1.0-SNAPSHOT.jar:/home/user/.m2/repository/org/apache/hadoop/hadoop-minikdc/3.2.1/hadoop-minikdc-3.2.1.jar:/home/user/.m2/repository/org/apache/kerby/kerb-simplekdc/1.0.1/kerb-simplekdc-1.0.1.jar:/home/user/.m2/repository/org/apache/kerby/kerb-client/1.0.1/kerb-client-1.0.1.jar:/home/user/.m2/repository/org/apache/kerby/kerby-config/1.0.1/kerby-config-1.0.1.jar:/home/user/.m2/repository/org/apache/kerby/kerb-core/1.0.1/kerb-core-1.0.1.jar:/home/user/.m2/repository/org/apache/kerby/kerby-pkix/1.0.1/kerby-pkix-1.0.1.jar:/home/user/.m2/repository/org/apache/kerby/kerby-asn1/1.0.1/kerby-asn1-1.0.1.jar:/home/user/.m2/repository/org/apache/kerby/kerby-util/1.0.1/kerby-util-1.0.1.jar:/home/user/.m2/repository/org/apache/kerby/kerb-common/1.0.1/kerb-common-1.0.1.jar:/home/user/.m2/repository/org/apache/kerby/kerb-crypto/1.0.1/kerb-crypto-1.0.1.jar:/home/user/.m2/repository/org/apache/kerby/kerb-util/1.0.1/kerb-util-1.0.1.jar:/home/user/.m2/repository/org/apache/kerby/token-provider/1.0.1/token-provider-1.0.1.jar:/home/user/.m2/repository/org/apache/kerby/kerb-admin/1.0.1/kerb-admin-1.0.1.jar:/home/user/.m2/repository/org/apache/kerby/kerb-server/1.0.1/kerb-server-1.0.1.jar:/home/user/.m2/repository/org/apache/kerby/kerb-identity/1.0.1/kerb-identity-1.0.1.jar:/home/user/.m2/repository/org/apache/kerby/kerby-xdr/1.0.1/kerby-xdr-1.0.1.jar:/home/user/.m2/repository/org/slf4j/slf4j-log4j12/1.7.25/slf4j-log4j12-1.7.25.jar:/home/user/.m2/repository/org/apache/hadoop/hadoop-ozone-s3gateway/1.1.0-SNAPSHOT/hadoop-ozone-s3gateway-1.1.0-SNAPSHOT.jar:/home/user/.m2/repository/org/jboss/weld/servlet/weld-servlet/2.4.7.Final/weld-servlet-2.4.7.Final.jar:/home/user/.m2/repository/org/glassfish/jersey/containers/jersey-container-servlet-core/2.27/jersey-container-servlet-core-2.27.jar:/home/user/.m2/repository/org/glassfish/hk2/external/javax.inject/2.5.0-b42/javax.inject-2.5.0-b42.jar:/home/user/.m2/repository/org/glassfish/jersey/core/jersey-common/2.27/jersey-common-2.27.jar:/home/user/.m2/repository/org/glassfish/hk2/osgi-resource-locator/1.0.1/osgi-resource-locator-1.0.1.jar:/home/user/.m2/repository/javax/ws/rs/javax.ws.rs-api/2.1/javax.ws.rs-api-2.1.jar:/home/user/.m2/repository/org/glassfish/jersey/ext/cdi/jersey-cdi1x/2.27/jersey-cdi1x-2.27.jar:/home/user/.m2/repository/org/glassfish/jersey/inject/jersey-hk2/2.27/jersey-hk2-2.27.jar:/home/user/.m2/repository/org/glassfish/hk2/hk2-locator/2.5.0-b42/hk2-locator-2.5.0-b42.jar:/home/user/.m2/repository/org/javassist/javassist/3.22.0-CR2/javassist-3.22.0-CR2.jar:/home/user/.m2/repository/org/glassfish/hk2/hk2-api/2.5.0/hk2-api-2.5.0.jar:/home/user/.m2/repository/org/glassfish/hk2/external/jakarta.inject/2.5.0/jakarta.inject-2.5.0.jar:/home/user/.m2/repository/org/glassfish/hk2/hk2-utils/2.5.0/hk2-utils-2.5.0.jar:/home/user/.m2/repository/jakarta/annotation/jakarta.annotation-api/1.3.4/jakarta.annotation-api-1.3.4.jar:/home/user/.m2/repository/org/glassfish/hk2/external/aopalliance-repackaged/2.5.0/aopalliance-repackaged-2.5.0.jar:/home/user/.m2/repository/com/fasterxml/jackson/dataformat/jackson-dataformat-xml/2.10.3/jackson-dataformat-xml-2.10.3.jar:/home/user/.m2/repository/com/fasterxml/jackson/core/jackson-core/2.10.3/jackson-core-2.10.3.jar:/home/user/.m2/repository/com/fasterxml/jackson/module/jackson-module-jaxb-annotations/2.10.3/jackson-module-jaxb-annotations-2.10.3.jar:/home/user/.m2/repository/jakarta/xml/bind/jakarta.xml.bind-api/2.3.2/jakarta.xml.bind-api-2.3.2.jar:/home/user/.m2/repository/jakarta/activation/jakarta.activation-api/1.2.1/jakarta.activation-api-1.2.1.jar:/home/user/.m2/repository/org/codehaus/woodstox/stax2-api/3.1.4/stax2-api-3.1.4.jar:/home/user/.m2/repository/com/fasterxml/woodstox/woodstox-core/5.0.3/woodstox-core-5.0.3.jar:/home/user/.m2/repository/javax/enterprise/cdi-api/1.2/cdi-api-1.2.jar:/home/user/.m2/repository/javax/el/javax.el-api/3.0.0/javax.el-api-3.0.0.jar:/home/user/.m2/repository/javax/interceptor/javax.interceptor-api/1.2/javax.interceptor-api-1.2.jar:/home/user/.m2/repository/javax/inject/javax.inject/1/javax.inject-1.jar:/home/user/.m2/repository/com/sun/xml/bind/jaxb-impl/2.3.0.1/jaxb-impl-2.3.0.1.jar:/home/user/.m2/repository/com/sun/xml/bind/jaxb-core/2.3.0.1/jaxb-core-2.3.0.1.jar:/home/user/.m2/repository/javax/xml/bind/jaxb-api/2.3.0/jaxb-api-2.3.0.jar:/home/user/.m2/repository/javax/activation/activation/1.1.1/activation-1.1.1.jar:/home/user/.m2/repository/org/apache/hadoop/hadoop-ozone-csi/1.1.0-SNAPSHOT/hadoop-ozone-csi-1.1.0-SNAPSHOT.jar:/home/user/.m2/repository/com/google/protobuf/protobuf-java-util/3.11.0/protobuf-java-util-3.11.0.jar:/home/user/.m2/repository/com/google/code/gson/gson/2.2.4/gson-2.2.4.jar:/home/user/.m2/repository/org/apache/hadoop/hadoop-hdds-config/1.1.0-SNAPSHOT/hadoop-hdds-config-1.1.0-SNAPSHOT.jar:/home/user/.m2/repository/com/google/protobuf/protobuf-java/2.5.0/protobuf-java-2.5.0.jar:/home/user/.m2/repository/io/grpc/grpc-netty/1.29.0/grpc-netty-1.29.0.jar:/home/user/.m2/repository/io/grpc/grpc-core/1.29.0/grpc-core-1.29.0.jar:/home/user/.m2/repository/com/google/android/annotations/4.1.1.4/annotations-4.1.1.4.jar:/home/user/.m2/repository/io/perfmark/perfmark-api/0.19.0/perfmark-api-0.19.0.jar:/home/user/.m2/repository/io/netty/netty-codec-http2/4.1.48.Final/netty-codec-http2-4.1.48.Final.jar:/home/user/.m2/repository/io/netty/netty-codec/4.1.48.Final/netty-codec-4.1.48.Final.jar:/home/user/.m2/repository/io/netty/netty-handler/4.1.48.Final/netty-handler-4.1.48.Final.jar:/home/user/.m2/repository/io/netty/netty-codec-http/4.1.48.Final/netty-codec-http-4.1.48.Final.jar:/home/user/.m2/repository/io/netty/netty-handler-proxy/4.1.48.Final/netty-handler-proxy-4.1.48.Final.jar:/home/user/.m2/repository/io/netty/netty-codec-socks/4.1.48.Final/netty-codec-socks-4.1.48.Final.jar:/home/user/.m2/repository/io/netty/netty-transport-native-epoll/4.1.48.Final/netty-transport-native-epoll-4.1.48.Final.jar:/home/user/.m2/repository/io/netty/netty-common/4.1.48.Final/netty-common-4.1.48.Final.jar:/home/user/.m2/repository/io/netty/netty-buffer/4.1.48.Final/netty-buffer-4.1.48.Final.jar:/home/user/.m2/repository/io/netty/netty-transport/4.1.48.Final/netty-transport-4.1.48.Final.jar:/home/user/.m2/repository/io/netty/netty-resolver/4.1.48.Final/netty-resolver-4.1.48.Final.jar:/home/user/.m2/repository/io/netty/netty-transport-native-unix-common/4.1.48.Final/netty-transport-native-unix-common-4.1.48.Final.jar:/home/user/.m2/repository/io/grpc/grpc-protobuf/1.29.0/grpc-protobuf-1.29.0.jar:/home/user/.m2/repository/io/grpc/grpc-api/1.29.0/grpc-api-1.29.0.jar:/home/user/.m2/repository/io/grpc/grpc-context/1.29.0/grpc-context-1.29.0.jar:/home/user/.m2/repository/org/codehaus/mojo/animal-sniffer-annotations/1.18/animal-sniffer-annotations-1.18.jar:/home/user/.m2/repository/com/google/api/grpc/proto-google-common-protos/1.17.0/proto-google-common-protos-1.17.0.jar:/home/user/.m2/repository/io/grpc/grpc-protobuf-lite/1.29.0/grpc-protobuf-lite-1.29.0.jar:/home/user/.m2/repository/io/grpc/grpc-stub/1.29.0/grpc-stub-1.29.0.jar:/home/user/.m2/repository/org/apache/hadoop/hadoop-ozone-recon/1.1.0-SNAPSHOT/hadoop-ozone-recon-1.1.0-SNAPSHOT.jar:/home/user/.m2/repository/org/apache/hadoop/hadoop-ozone-reconcodegen/1.1.0-SNAPSHOT/hadoop-ozone-reconcodegen-1.1.0-SNAPSHOT.jar:/home/user/.m2/repository/com/google/inject/extensions/guice-multibindings/4.0/guice-multibindings-4.0.jar:/home/user/.m2/repository/com/google/inject/guice/4.0/guice-4.0.jar:/home/user/.m2/repository/aopalliance/aopalliance/1.0/aopalliance-1.0.jar:/home/user/.m2/repository/com/google/inject/extensions/guice-assistedinject/4.0/guice-assistedinject-4.0.jar:/home/user/.m2/repository/com/google/inject/extensions/guice-servlet/4.0/guice-servlet-4.0.jar:/home/user/.m2/repository/org/glassfish/jersey/containers/jersey-container-servlet/2.27/jersey-container-servlet-2.27.jar:/home/user/.m2/repository/org/glassfish/hk2/guice-bridge/2.5.0/guice-bridge-2.5.0.jar:/home/user/.m2/repository/org/glassfish/jersey/core/jersey-server/2.27/jersey-server-2.27.jar:/home/user/.m2/repository/org/glassfish/jersey/core/jersey-client/2.27/jersey-client-2.27.jar:/home/user/.m2/repository/org/glassfish/jersey/media/jersey-media-jaxb/2.27/jersey-media-jaxb-2.27.jar:/home/user/.m2/repository/javax/validation/validation-api/1.1.0.Final/validation-api-1.1.0.Final.jar:/home/user/.m2/repository/org/glassfish/jersey/media/jersey-media-json-jackson/2.27/jersey-media-json-jackson-2.27.jar:/home/user/.m2/repository/org/glassfish/jersey/ext/jersey-entity-filtering/2.27/jersey-entity-filtering-2.27.jar:/home/user/.m2/repository/org/jooq/jooq/3.11.10/jooq-3.11.10.jar:/home/user/.m2/repository/org/jooq/jooq-meta/3.11.10/jooq-meta-3.11.10.jar:/home/user/.m2/repository/org/jooq/jooq-codegen/3.11.10/jooq-codegen-3.11.10.jar:/home/user/.m2/repository/com/jolbox/bonecp/0.8.0.RELEASE/bonecp-0.8.0.RELEASE.jar:/home/user/.m2/repository/org/apache/derby/derby/10.14.2.0/derby-10.14.2.0.jar:/home/user/.m2/repository/org/xerial/sqlite-jdbc/3.25.2/sqlite-jdbc-3.25.2.jar:/home/user/.m2/repository/org/springframework/spring-jdbc/5.2.5.RELEASE/spring-jdbc-5.2.5.RELEASE.jar:/home/user/.m2/repository/org/springframework/spring-beans/5.2.5.RELEASE/spring-beans-5.2.5.RELEASE.jar:/home/user/.m2/repository/org/springframework/spring-core/5.2.5.RELEASE/spring-core-5.2.5.RELEASE.jar:/home/user/.m2/repository/org/springframework/spring-jcl/5.2.5.RELEASE/spring-jcl-5.2.5.RELEASE.jar:/home/user/.m2/repository/org/springframework/spring-tx/5.2.5.RELEASE/spring-tx-5.2.5.RELEASE.jar:/home/user/.m2/repository/org/apache/hadoop/hadoop-ozone-client/1.1.0-SNAPSHOT/hadoop-ozone-client-1.1.0-SNAPSHOT.jar:/home/user/.m2/repository/org/apache/hadoop/hadoop-ozone-filesystem/1.1.0-SNAPSHOT/hadoop-ozone-filesystem-1.1.0-SNAPSHOT.jar:/home/user/.m2/repository/org/apache/hadoop/hadoop-ozone-filesystem-common/1.1.0-SNAPSHOT/hadoop-ozone-filesystem-common-1.1.0-SNAPSHOT.jar:/home/user/.m2/repository/org/apache/hadoop/hadoop-ozone-tools/1.1.0-SNAPSHOT/hadoop-ozone-tools-1.1.0-SNAPSHOT.jar:/home/user/.m2/repository/org/apache/hadoop/hadoop-hdfs/3.2.1/hadoop-hdfs-3.2.1.jar:/home/user/.m2/repository/org/apache/ratis/ratis-tools/1.1.0-11689cd-SNAPSHOT/ratis-tools-1.1.0-11689cd-SNAPSHOT.jar:/home/user/.m2/repository/org/apache/ratis/ratis-proto/1.1.0-11689cd-SNAPSHOT/ratis-proto-1.1.0-11689cd-SNAPSHOT.jar:/home/user/.m2/repository/org/apache/ratis/ratis-common/1.1.0-11689cd-SNAPSHOT/ratis-common-1.1.0-11689cd-SNAPSHOT.jar:/home/user/.m2/repository/com/amazonaws/aws-java-sdk-core/1.11.615/aws-java-sdk-core-1.11.615.jar:/home/user/.m2/repository/org/apache/httpcomponents/httpclient/4.5.2/httpclient-4.5.2.jar:/home/user/.m2/repository/org/apache/httpcomponents/httpcore/4.4.4/httpcore-4.4.4.jar:/home/user/.m2/repository/software/amazon/ion/ion-java/1.0.2/ion-java-1.0.2.jar:/home/user/.m2/repository/com/fasterxml/jackson/dataformat/jackson-dataformat-cbor/2.10.3/jackson-dataformat-cbor-2.10.3.jar:/home/user/.m2/repository/joda-time/joda-time/2.8.1/joda-time-2.8.1.jar:/home/user/.m2/repository/com/amazonaws/aws-java-sdk-s3/1.11.615/aws-java-sdk-s3-1.11.615.jar:/home/user/.m2/repository/com/amazonaws/aws-java-sdk-kms/1.11.615/aws-java-sdk-kms-1.11.615.jar:/home/user/.m2/repository/com/amazonaws/jmespath-java/1.11.615/jmespath-java-1.11.615.jar:/home/user/.m2/repository/org/kohsuke/metainf-services/metainf-services/1.8/metainf-services-1.8.jar:/home/user/.m2/repository/org/apache/hadoop/hadoop-hdds-tools/1.1.0-SNAPSHOT/hadoop-hdds-tools-1.1.0-SNAPSHOT.jar:/home/user/.m2/repository/commons-cli/commons-cli/1.2/commons-cli-1.2.jar:/home/user/.m2/repository/org/apache/commons/commons-lang3/3.7/commons-lang3-3.7.jar:/home/user/.m2/repository/org/apache/hadoop/hadoop-ozone-ozone-manager/1.1.0-SNAPSHOT/hadoop-ozone-ozone-manager-1.1.0-SNAPSHOT-tests.jar:/home/user/.m2/repository/junit/junit/4.11/junit-4.11.jar:/home/user/.m2/repository/org/hamcrest/hamcrest-core/1.3/hamcrest-core-1.3.jar:/home/user/.m2/repository/org/openjdk/jmh/jmh-core/1.19/jmh-core-1.19.jar:/home/user/.m2/repository/net/sf/jopt-simple/jopt-simple/4.6/jopt-simple-4.6.jar:/home/user/.m2/repository/org/apache/commons/commons-math3/3.1.1/commons-math3-3.1.1.jar:/home/user/.m2/repository/org/openjdk/jmh/jmh-generator-annprocess/1.19/jmh-generator-annprocess-1.19.jar:/home/user/.m2/repository/org/mockito/mockito-all/1.8.5/mockito-all-1.8.5.jar:/home/user/.m2/repository/org/apache/hadoop/hadoop-kms/3.2.1/hadoop-kms-3.2.1.jar:/home/user/.m2/repository/org/apache/hadoop/hadoop-auth/3.2.1/hadoop-auth-3.2.1.jar:/home/user/.m2/repository/com/nimbusds/nimbus-jose-jwt/7.9/nimbus-jose-jwt-7.9.jar:/home/user/.m2/repository/com/github/stephenc/jcip/jcip-annotations/1.0-1/jcip-annotations-1.0-1.jar:/home/user/.m2/repository/net/minidev/json-smart/2.3/json-smart-2.3.jar:/home/user/.m2/repository/net/minidev/accessors-smart/1.2/accessors-smart-1.2.jar:/home/user/.m2/repository/org/ow2/asm/asm/5.0.4/asm-5.0.4.jar:/home/user/.m2/repository/org/apache/zookeeper/zookeeper/3.4.13/zookeeper-3.4.13.jar:/home/user/.m2/repository/org/apache/yetus/audience-annotations/0.5.0/audience-annotations-0.5.0.jar:/home/user/.m2/repository/org/apache/curator/curator-framework/2.13.0/curator-framework-2.13.0.jar:/home/user/.m2/repository/com/sun/jersey/jersey-core/1.19/jersey-core-1.19.jar:/home/user/.m2/repository/javax/ws/rs/jsr311-api/1.1.1/jsr311-api-1.1.1.jar:/home/user/.m2/repository/com/sun/jersey/jersey-server/1.19/jersey-server-1.19.jar:/home/user/.m2/repository/javax/servlet/javax.servlet-api/3.1.0/javax.servlet-api-3.1.0.jar:/home/user/.m2/repository/org/eclipse/jetty/jetty-server/9.4.34.v20201102/jetty-server-9.4.34.v20201102.jar:/home/user/.m2/repository/org/eclipse/jetty/jetty-http/9.4.34.v20201102/jetty-http-9.4.34.v20201102.jar:/home/user/.m2/repository/org/eclipse/jetty/jetty-io/9.4.34.v20201102/jetty-io-9.4.34.v20201102.jar:/home/user/.m2/repository/org/eclipse/jetty/jetty-webapp/9.4.34.v20201102/jetty-webapp-9.4.34.v20201102.jar:/home/user/.m2/repository/org/eclipse/jetty/jetty-xml/9.4.34.v20201102/jetty-xml-9.4.34.v20201102.jar:/home/user/.m2/repository/org/eclipse/jetty/jetty-servlet/9.4.34.v20201102/jetty-servlet-9.4.34.v20201102.jar:/home/user/.m2/repository/org/eclipse/jetty/jetty-security/9.4.34.v20201102/jetty-security-9.4.34.v20201102.jar:/home/user/.m2/repository/org/apache/hadoop/hadoop-common/3.2.1/hadoop-common-3.2.1.jar:/home/user/.m2/repository/commons-net/commons-net/3.6/commons-net-3.6.jar:/home/user/.m2/repository/commons-collections/commons-collections/3.2.2/commons-collections-3.2.2.jar:/home/user/.m2/repository/com/sun/jersey/jersey-servlet/1.19/jersey-servlet-1.19.jar:/home/user/.m2/repository/com/sun/jersey/jersey-json/1.19/jersey-json-1.19.jar:/home/user/.m2/repository/org/codehaus/jettison/jettison/1.1/jettison-1.1.jar:/home/user/.m2/repository/org/codehaus/jackson/jackson-jaxrs/1.9.2/jackson-jaxrs-1.9.2.jar:/home/user/.m2/repository/org/codehaus/jackson/jackson-xc/1.9.2/jackson-xc-1.9.2.jar:/home/user/.m2/repository/commons-beanutils/commons-beanutils/1.9.4/commons-beanutils-1.9.4.jar:/home/user/.m2/repository/org/apache/commons/commons-configuration2/2.1.1/commons-configuration2-2.1.1.jar:/home/user/.m2/repository/org/apache/commons/commons-text/1.4/commons-text-1.4.jar:/home/user/.m2/repository/com/google/re2j/re2j/1.1/re2j-1.1.jar:/home/user/.m2/repository/com/jcraft/jsch/0.1.54/jsch-0.1.54.jar:/home/user/.m2/repository/org/apache/curator/curator-client/2.13.0/curator-client-2.13.0.jar:/home/user/.m2/repository/org/apache/curator/curator-recipes/2.13.0/curator-recipes-2.13.0.jar:/home/user/.m2/repository/dnsjava/dnsjava/2.1.7/dnsjava-2.1.7.jar:/home/user/.m2/repository/org/slf4j/jul-to-slf4j/1.7.25/jul-to-slf4j-1.7.25.jar:/home/user/.m2/repository/org/eclipse/jetty/jetty-util/9.4.34.v20201102/jetty-util-9.4.34.v20201102.jar:/home/user/.m2/repository/com/fasterxml/jackson/core/jackson-databind/2.10.3/jackson-databind-2.10.3.jar:/home/user/.m2/repository/org/apache/hadoop/hadoop-kms/3.2.1/hadoop-kms-3.2.1-tests.jar:/home/user/.m2/repository/org/apache/hadoop/hadoop-hdds-server-scm/1.1.0-SNAPSHOT/hadoop-hdds-server-scm-1.1.0-SNAPSHOT-tests.jar:/home/user/.m2/repository/org/apache/hadoop/hadoop-hdds-container-service/1.1.0-SNAPSHOT/hadoop-hdds-container-service-1.1.0-SNAPSHOT-tests.jar:/home/user/.m2/repository/org/apache/hadoop/hadoop-hdds-common/1.1.0-SNAPSHOT/hadoop-hdds-common-1.1.0-SNAPSHOT-tests.jar:/home/user/.m2/repository/org/yaml/snakeyaml/1.16/snakeyaml-1.16.jar:/home/user/.m2/repository/org/apache/hadoop/hadoop-hdds-hadoop-dependency-test/1.1.0-SNAPSHOT/hadoop-hdds-hadoop-dependency-test-1.1.0-SNAPSHOT.jar:/home/user/.m2/repository/org/apache/hadoop/hadoop-common/3.2.1/hadoop-common-3.2.1-tests.jar:/home/user/.m2/repository/javax/servlet/jsp/jsp-api/2.1/jsp-api-2.1.jar:/home/user/.m2/repository/org/apache/hadoop/hadoop-hdfs/3.2.1/hadoop-hdfs-3.2.1-tests.jar:/home/user/.m2/repository/org/eclipse/jetty/jetty-util-ajax/9.4.34.v20201102/jetty-util-ajax-9.4.34.v20201102.jar:/home/user/.m2/repository/commons-codec/commons-codec/1.11/commons-codec-1.11.jar:/home/user/.m2/repository/commons-daemon/commons-daemon/1.0.13/commons-daemon-1.0.13.jar:/home/user/.m2/repository/io/netty/netty/3.10.5.Final/netty-3.10.5.Final.jar:/home/user/.m2/repository/io/netty/netty-all/4.1.48.Final/netty-all-4.1.48.Final.jar:/home/user/.m2/repository/org/apache/htrace/htrace-core4/4.1.0-incubating/htrace-core4-4.1.0-incubating.jar:/home/user/.m2/repository/org/fusesource/leveldbjni/leveldbjni-all/1.8/leveldbjni-all-1.8.jar:/home/user/.m2/repository/org/apache/hadoop/hadoop-distcp/3.2.1/hadoop-distcp-3.2.1.jar:/home/user/.m2/repository/org/apache/hadoop/hadoop-mapreduce-client-jobclient/3.2.1/hadoop-mapreduce-client-jobclient-3.2.1.jar:/home/user/.m2/repository/org/apache/hadoop/hadoop-mapreduce-client-common/3.2.1/hadoop-mapreduce-client-common-3.2.1.jar:/home/user/.m2/repository/org/apache/hadoop/hadoop-yarn-common/3.2.1/hadoop-yarn-common-3.2.1.jar:/home/user/.m2/repository/org/apache/hadoop/hadoop-yarn-api/3.2.1/hadoop-yarn-api-3.2.1.jar:/home/user/.m2/repository/com/sun/jersey/jersey-client/1.19/jersey-client-1.19.jar:/home/user/.m2/repository/com/sun/jersey/contribs/jersey-guice/1.19/jersey-guice-1.19.jar:/home/user/.m2/repository/com/fasterxml/jackson/jaxrs/jackson-jaxrs-json-provider/2.10.3/jackson-jaxrs-json-provider-2.10.3.jar:/home/user/.m2/repository/com/fasterxml/jackson/jaxrs/jackson-jaxrs-base/2.10.3/jackson-jaxrs-base-2.10.3.jar:/home/user/.m2/repository/org/apache/hadoop/hadoop-yarn-client/3.2.1/hadoop-yarn-client-3.2.1.jar:/home/user/.m2/repository/org/apache/hadoop/hadoop-mapreduce-client-core/3.2.1/hadoop-mapreduce-client-core-3.2.1.jar:/home/user/.m2/repository/org/apache/avro/avro/1.7.7/avro-1.7.7.jar:/home/user/.m2/repository/org/codehaus/jackson/jackson-core-asl/1.9.13/jackson-core-asl-1.9.13.jar:/home/user/.m2/repository/org/codehaus/jackson/jackson-mapper-asl/1.9.13/jackson-mapper-asl-1.9.13.jar:/home/user/.m2/repository/com/thoughtworks/paranamer/paranamer/2.3/paranamer-2.3.jar:/home/user/.m2/repository/org/xerial/snappy/snappy-java/1.0.5/snappy-java-1.0.5.jar:/home/user/.m2/repository/org/apache/hadoop/hadoop-annotations/3.2.1/hadoop-annotations-3.2.1.jar:/usr/lib/jvm/java-1.8.0-openjdk-1.8.0.232.b09-0.el7_7.x86_64/jre/../lib/tools.jar:/home/user/.m2/repository/org/apache/hadoop/hadoop-distcp/3.2.1/hadoop-distcp-3.2.1-tests.jar:"/>
    <property name="sun.cpu.endian" value="little"/>
    <property name="user.home" value="/home/user"/>
    <property name="user.language" value="en"/>
    <property name="java.specification.vendor" value="Oracle Corporation"/>
    <property name="java.home" value="/usr/lib/jvm/java-1.8.0-openjdk-1.8.0.232.b09-0.el7_7.x86_64/jre"/>
    <property name="java.security.krb5.conf" value="/github/workspace/mnt/ozone/hadoop-ozone/integration-test/target/test-classes/krb5.conf"/>
    <property name="basedir" value="/github/workspace/mnt/ozone/hadoop-ozone/integration-test"/>
    <property name="file.separator" value="/"/>
    <property name="line.separator" value="&#10;"/>
    <property name="java.vm.specification.vendor" value="Oracle Corporation"/>
    <property name="java.specification.name" value="Java Platform API Specification"/>
    <property name="java.awt.graphicsenv" value="sun.awt.X11GraphicsEnvironment"/>
    <property name="skip.installnpx" value="true"/>
    <property name="surefire.real.class.path" value="/github/workspace/mnt/ozone/hadoop-ozone/integration-test/target/surefire/surefirebooter4886805014396316944.jar:/home/user/.m2/repository/org/jacoco/org.jacoco.agent/0.8.5/org.jacoco.agent-0.8.5-runtime.jar"/>
    <property name="hadoop.log.dir" value="/github/workspace/mnt/ozone/hadoop-ozone/integration-test/target/log"/>
    <property name="sun.boot.class.path" value="/usr/lib/jvm/java-1.8.0-openjdk-1.8.0.232.b09-0.el7_7.x86_64/jre/lib/resources.jar:/usr/lib/jvm/java-1.8.0-openjdk-1.8.0.232.b09-0.el7_7.x86_64/jre/lib/rt.jar:/usr/lib/jvm/java-1.8.0-openjdk-1.8.0.232.b09-0.el7_7.x86_64/jre/lib/sunrsasign.jar:/usr/lib/jvm/java-1.8.0-openjdk-1.8.0.232.b09-0.el7_7.x86_64/jre/lib/jsse.jar:/usr/lib/jvm/java-1.8.0-openjdk-1.8.0.232.b09-0.el7_7.x86_64/jre/lib/jce.jar:/usr/lib/jvm/java-1.8.0-openjdk-1.8.0.232.b09-0.el7_7.x86_64/jre/lib/charsets.jar:/usr/lib/jvm/java-1.8.0-openjdk-1.8.0.232.b09-0.el7_7.x86_64/jre/lib/jfr.jar:/usr/lib/jvm/java-1.8.0-openjdk-1.8.0.232.b09-0.el7_7.x86_64/jre/classes"/>
    <property name="sun.management.compiler" value="HotSpot 64-Bit Tiered Compilers"/>
    <property name="skip.npx" value="true"/>
    <property name="java.runtime.version" value="1.8.0_232-b09"/>
    <property name="java.net.preferIPv4Stack" value="true"/>
    <property name="user.name" value="jenkins1001"/>
    <property name="path.separator" value=":"/>
    <property name="java.security.egd" value="file:///dev/urandom"/>
    <property name="os.version" value="5.4.0-1031-azure"/>
    <property name="java.endorsed.dirs" value="/usr/lib/jvm/java-1.8.0-openjdk-1.8.0.232.b09-0.el7_7.x86_64/jre/lib/endorsed"/>
    <property name="java.runtime.name" value="OpenJDK Runtime Environment"/>
    <property name="file.encoding" value="ANSI_X3.4-1968"/>
    <property name="java.vm.name" value="OpenJDK 64-Bit Server VM"/>
    <property name="test.build.webapps" value=""/>
    <property name="localRepository" value="/home/user/.m2/repository"/>
    <property name="java.vendor.url.bug" value="http://bugreport.sun.com/bugreport/"/>
    <property name="java.io.tmpdir" value="/tmp"/>
    <property name="require.test.libhadoop" value=""/>
    <property name="java.version" value="1.8.0_232"/>
    <property name="user.dir" value="/github/workspace/mnt/ozone/hadoop-ozone/integration-test"/>
    <property name="os.arch" value="amd64"/>
    <property name="java.vm.specification.name" value="Java Virtual Machine Specification"/>
    <property name="test.build.classes" value="/github/workspace/mnt/ozone/hadoop-ozone/integration-test/target/test-classes"/>
    <property name="java.awt.printerjob" value="sun.print.PSPrinterJob"/>
    <property name="sun.os.patch.level" value="unknown"/>
    <property name="hadoop.tmp.dir" value="/github/workspace/mnt/ozone/hadoop-ozone/integration-test/target/tmp"/>
    <property name="java.library.path" value="/usr/lib:/usr/java/packages/lib/amd64:/usr/lib64:/lib64:/lib:/usr/lib"/>
    <property name="java.vm.info" value="mixed mode"/>
    <property name="java.vendor" value="Oracle Corporation"/>
    <property name="java.vm.version" value="25.232-b09"/>
    <property name="java.ext.dirs" value="/usr/lib/jvm/java-1.8.0-openjdk-1.8.0.232.b09-0.el7_7.x86_64/jre/lib/ext:/usr/java/packages/lib/ext"/>
    <property name="sun.io.unicode.encoding" value="UnicodeLittle"/>
    <property name="java.class.version" value="52.0"/>
  </properties>
  <testcase name="testGroupMismatchExceptionHandling" classname="org.apache.hadoop.ozone.client.rpc.TestOzoneClientRetriesOnException" time="54.993"/>
  <testcase name="testMaxRetriesByOzoneClient" classname="org.apache.hadoop.ozone.client.rpc.TestOzoneClientRetriesOnException" time="45.079">
    <failure message="Expected exception not thrown" type="java.lang.AssertionError">java.lang.AssertionError: Expected exception not thrown
	at org.junit.Assert.fail(Assert.java:88)
	at org.apache.hadoop.ozone.client.rpc.TestOzoneClientRetriesOnException.testMaxRetriesByOzoneClient(TestOzoneClientRetriesOnException.java:231)
	at sun.reflect.NativeMethodAccessorImpl.invoke0(Native Method)
	at sun.reflect.NativeMethodAccessorImpl.invoke(NativeMethodAccessorImpl.java:62)
	at sun.reflect.DelegatingMethodAccessorImpl.invoke(DelegatingMethodAccessorImpl.java:43)
	at java.lang.reflect.Method.invoke(Method.java:498)
	at org.junit.runners.model.FrameworkMethod$1.runReflectiveCall(FrameworkMethod.java:47)
	at org.junit.internal.runners.model.ReflectiveCallable.run(ReflectiveCallable.java:12)
	at org.junit.runners.model.FrameworkMethod.invokeExplosively(FrameworkMethod.java:44)
	at org.junit.internal.runners.statements.InvokeMethod.evaluate(InvokeMethod.java:17)
	at org.junit.internal.runners.statements.RunBefores.evaluate(RunBefores.java:26)
	at org.junit.internal.runners.statements.RunAfters.evaluate(RunAfters.java:27)
	at org.junit.internal.runners.statements.FailOnTimeout$StatementThread.run(FailOnTimeout.java:74)
</failure>
    <system-out><![CDATA[2020-11-11 13:02:18,994 [Thread-378] WARN  server.ServerUtils (ServerUtils.java:getScmDbDir(148)) - ozone.scm.db.dirs is not configured. We recommend adding this setting. Falling back to ozone.metadata.dirs instead.
2020-11-11 13:02:18,996 [Thread-378] WARN  server.ServerUtils (ServerUtils.java:getScmDbDir(148)) - ozone.scm.db.dirs is not configured. We recommend adding this setting. Falling back to ozone.metadata.dirs instead.
2020-11-11 13:02:18,996 [Thread-378] WARN  db.DBStoreBuilder (DBStoreBuilder.java:createDBStoreBuilder(283)) - ozone.scm.db.dirs is not configured. We recommend adding this setting. Falling back to ozone.metadata.dirs instead.
2020-11-11 13:02:19,021 [Thread-378] INFO  net.NodeSchemaLoader (NodeSchemaLoader.java:loadSchemaFromFile(126)) - Loading file from sun.misc.CompoundEnumeration@45cad8b3
2020-11-11 13:02:19,021 [Thread-378] INFO  net.NodeSchemaLoader (NodeSchemaLoader.java:loadSchema(172)) - Loading network topology layer schema file
2020-11-11 13:02:19,024 [Thread-378] WARN  server.ServerUtils (ServerUtils.java:sanitizeUserArgs(73)) - ozone.scm.stale.node.interval value = 300000 is larger than max = 100000 based on the key value of ozone.scm.heartbeat.thread.interval, reset to the max value 100000.
2020-11-11 13:02:19,024 [Thread-378] WARN  server.ServerUtils (ServerUtils.java:sanitizeUserArgs(73)) - ozone.scm.stale.node.interval value = 300000 is larger than max = 100000 based on the key value of ozone.scm.heartbeat.thread.interval, reset to the max value 100000.
2020-11-11 13:02:19,026 [Thread-378] INFO  node.SCMNodeManager (SCMNodeManager.java:<init>(120)) - Entering startup safe mode.
2020-11-11 13:02:19,026 [Thread-378] INFO  algorithms.ContainerPlacementPolicyFactory (ContainerPlacementPolicyFactory.java:getPolicy(60)) - Create container placement policy of type org.apache.hadoop.hdds.scm.container.placement.algorithms.SCMContainerPlacementRandom
2020-11-11 13:02:19,026 [Thread-378] INFO  algorithms.LeaderChoosePolicyFactory (LeaderChoosePolicyFactory.java:getPolicy(57)) - Create leader choose policy of type org.apache.hadoop.hdds.scm.pipeline.leader.choose.algorithms.DefaultLeaderChoosePolicy
2020-11-11 13:02:19,027 [Thread-378] INFO  pipeline.SCMPipelineManager (SCMPipelineManager.java:initializePipelineState(161)) - No pipeline exists in current db
2020-11-11 13:02:19,027 [Thread-378] INFO  algorithms.PipelineChoosePolicyFactory (PipelineChoosePolicyFactory.java:createPipelineChoosePolicyFromClass(75)) - Create pipeline choose policy of type org.apache.hadoop.hdds.scm.pipeline.choose.algorithms.RandomPipelineChoosePolicy
2020-11-11 13:02:19,028 [Thread-378] INFO  safemode.HealthyPipelineSafeModeRule (HealthyPipelineSafeModeRule.java:<init>(89)) - Total pipeline count is 0, healthy pipeline threshold count is 0
2020-11-11 13:02:19,028 [Thread-378] INFO  safemode.OneReplicaPipelineSafeModeRule (OneReplicaPipelineSafeModeRule.java:<init>(79)) - Total pipeline count is 0, pipeline's with at least one datanode reported threshold count is 0
2020-11-11 13:02:19,031 [Thread-378] INFO  ipc.CallQueueManager (CallQueueManager.java:<init>(84)) - Using callQueue: class java.util.concurrent.LinkedBlockingQueue, queueCapacity: 2000, scheduler: class org.apache.hadoop.ipc.DefaultRpcScheduler, ipcBackoff: false.
2020-11-11 13:02:19,035 [Socket Reader #1 for port 0] INFO  ipc.Server (Server.java:run(1219)) - Starting Socket Reader #1 for port 0
2020-11-11 13:02:19,039 [Listener at 0.0.0.0/44729] INFO  ipc.CallQueueManager (CallQueueManager.java:<init>(84)) - Using callQueue: class java.util.concurrent.LinkedBlockingQueue, queueCapacity: 2000, scheduler: class org.apache.hadoop.ipc.DefaultRpcScheduler, ipcBackoff: false.
2020-11-11 13:02:19,039 [Socket Reader #1 for port 0] INFO  ipc.Server (Server.java:run(1219)) - Starting Socket Reader #1 for port 0
2020-11-11 13:02:19,040 [Listener at 0.0.0.0/45389] INFO  ipc.CallQueueManager (CallQueueManager.java:<init>(84)) - Using callQueue: class java.util.concurrent.LinkedBlockingQueue, queueCapacity: 2000, scheduler: class org.apache.hadoop.ipc.DefaultRpcScheduler, ipcBackoff: false.
2020-11-11 13:02:19,041 [Socket Reader #1 for port 0] INFO  ipc.Server (Server.java:run(1219)) - Starting Socket Reader #1 for port 0
2020-11-11 13:02:19,052 [Listener at 0.0.0.0/36401] INFO  http.BaseHttpServer (BaseHttpServer.java:newHttpServer2BuilderForOzone(207)) - Starting Web-server for scm at: http://0.0.0.0:0
2020-11-11 13:02:19,052 [Listener at 0.0.0.0/36401] INFO  http.BaseHttpServer (BaseHttpServer.java:<init>(106)) - Hadoop Security Enabled: false Ozone Security Enabled: false Ozone HTTP Security Enabled: false 
2020-11-11 13:02:19,053 [Listener at 0.0.0.0/36401] INFO  server.AuthenticationFilter (AuthenticationFilter.java:constructSecretProvider(240)) - Unable to initialize FileSignerSecretProvider, falling back to use random secrets.
2020-11-11 13:02:19,054 [Listener at 0.0.0.0/36401] WARN  http.HttpRequestLog (HttpRequestLog.java:getRequestLog(103)) - Jetty request log can only be enabled using Log4j
2020-11-11 13:02:19,056 [Listener at 0.0.0.0/36401] INFO  http.HttpServer2 (HttpServer2.java:addGlobalFilter(1019)) - Added global filter 'safety' (class=org.apache.hadoop.hdds.server.http.HttpServer2$QuotingInputFilter)
2020-11-11 13:02:19,058 [Listener at 0.0.0.0/36401] INFO  http.HttpServer2 (HttpServer2.java:addFilter(995)) - Added filter static_user_filter (class=org.apache.hadoop.http.lib.StaticUserWebFilter$StaticUserFilter) to context scm
2020-11-11 13:02:19,058 [Listener at 0.0.0.0/36401] INFO  http.HttpServer2 (HttpServer2.java:addFilter(1003)) - Added filter static_user_filter (class=org.apache.hadoop.http.lib.StaticUserWebFilter$StaticUserFilter) to context static
2020-11-11 13:02:19,058 [Listener at 0.0.0.0/36401] INFO  http.HttpServer2 (HttpServer2.java:addFilter(1003)) - Added filter static_user_filter (class=org.apache.hadoop.http.lib.StaticUserWebFilter$StaticUserFilter) to context logs
2020-11-11 13:02:19,061 [Listener at 0.0.0.0/36401] INFO  server.StorageContainerManager (StorageContainerManager.java:start(789)) - StorageContainerLocationProtocol RPC server is listening at /0.0.0.0:36401
2020-11-11 13:02:19,063 [Listener at 0.0.0.0/36401] WARN  impl.MetricsConfig (MetricsConfig.java:loadFirst(134)) - Cannot locate configuration: tried hadoop-metrics2-storagecontainermanager.properties,hadoop-metrics2.properties
2020-11-11 13:02:19,063 [Listener at 0.0.0.0/36401] INFO  impl.MetricsSystemImpl (MetricsSystemImpl.java:startTimer(374)) - Scheduled Metric snapshot period at 10 second(s).
2020-11-11 13:02:19,064 [Listener at 0.0.0.0/36401] INFO  impl.MetricsSystemImpl (MetricsSystemImpl.java:start(191)) - StorageContainerManager metrics system started
2020-11-11 13:02:19,083 [Listener at 0.0.0.0/36401] WARN  impl.MetricsSystemImpl (MetricsSystemImpl.java:register(276)) - Sink prometheus already exists!
2020-11-11 13:02:19,090 [Listener at 0.0.0.0/36401] INFO  server.SCMClientProtocolServer (SCMClientProtocolServer.java:start(156)) - RPC server for Client  is listening at /0.0.0.0:36401
2020-11-11 13:02:19,090 [IPC Server Responder] INFO  ipc.Server (Server.java:run(1460)) - IPC Server Responder: starting
2020-11-11 13:02:19,094 [IPC Server listener on 0] INFO  ipc.Server (Server.java:run(1298)) - IPC Server listener on 0: starting
2020-11-11 13:02:19,102 [Listener at 0.0.0.0/36401] INFO  server.StorageContainerManager (StorageContainerManager.java:start(801)) - ScmBlockLocationProtocol RPC server is listening at /0.0.0.0:45389
2020-11-11 13:02:19,102 [Listener at 0.0.0.0/36401] INFO  server.SCMBlockProtocolServer (SCMBlockProtocolServer.java:start(149)) - RPC server for Block Protocol is listening at /0.0.0.0:45389
2020-11-11 13:02:19,103 [IPC Server Responder] INFO  ipc.Server (Server.java:run(1460)) - IPC Server Responder: starting
2020-11-11 13:02:19,103 [IPC Server listener on 0] INFO  ipc.Server (Server.java:run(1298)) - IPC Server listener on 0: starting
2020-11-11 13:02:19,112 [Listener at 0.0.0.0/36401] INFO  server.StorageContainerManager (StorageContainerManager.java:start(807)) - ScmDatanodeProtocl RPC server is listening at /0.0.0.0:44729
2020-11-11 13:02:19,112 [Listener at 0.0.0.0/36401] INFO  server.SCMDatanodeProtocolServer (SCMDatanodeProtocolServer.java:start(172)) - RPC server for DataNodes is listening at /0.0.0.0:44729
2020-11-11 13:02:19,112 [IPC Server Responder] INFO  ipc.Server (Server.java:run(1460)) - IPC Server Responder: starting
2020-11-11 13:02:19,114 [IPC Server listener on 0] INFO  ipc.Server (Server.java:run(1298)) - IPC Server listener on 0: starting
2020-11-11 13:02:19,125 [Listener at 0.0.0.0/36401] INFO  http.HttpServer2 (HttpServer2.java:bindListener(1237)) - Jetty bound to port 36965
2020-11-11 13:02:19,125 [Listener at 0.0.0.0/36401] INFO  server.Server (Server.java:doStart(375)) - jetty-9.4.34.v20201102; built: 2020-11-02T14:15:39.302Z; git: e46af88704a893fc12cb0e3bf46e2c7b48a009e7; jvm 1.8.0_232-b09
2020-11-11 13:02:19,127 [Listener at 0.0.0.0/36401] INFO  server.session (DefaultSessionIdManager.java:doStart(334)) - DefaultSessionIdManager workerName=node0
2020-11-11 13:02:19,127 [Listener at 0.0.0.0/36401] INFO  server.session (DefaultSessionIdManager.java:doStart(339)) - No SessionScavenger set, using defaults
2020-11-11 13:02:19,127 [Listener at 0.0.0.0/36401] INFO  server.session (HouseKeeper.java:startScavenging(132)) - node0 Scavenging every 600000ms
2020-11-11 13:02:19,128 [Listener at 0.0.0.0/36401] INFO  handler.ContextHandler (ContextHandler.java:doStart(916)) - Started o.e.j.s.ServletContextHandler@26cd24d3{logs,/logs,file:///github/workspace/mnt/ozone/hadoop-ozone/integration-test/target/log,AVAILABLE}
2020-11-11 13:02:19,128 [Listener at 0.0.0.0/36401] INFO  handler.ContextHandler (ContextHandler.java:doStart(916)) - Started o.e.j.s.ServletContextHandler@5e3d26a6{static,/static,file:///github/workspace/mnt/ozone/hadoop-ozone/integration-test/target/test-classes/webapps/static,AVAILABLE}
2020-11-11 13:02:19,131 [Listener at 0.0.0.0/36401] INFO  handler.ContextHandler (ContextHandler.java:doStart(916)) - Started o.e.j.w.WebAppContext@496c5b0d{scm,/,file:///github/workspace/mnt/ozone/hadoop-ozone/integration-test/target/test-classes/webapps/scm/,AVAILABLE}{file:/github/workspace/mnt/ozone/hadoop-ozone/integration-test/target/test-classes/webapps/scm}
2020-11-11 13:02:19,132 [Listener at 0.0.0.0/36401] INFO  server.AbstractConnector (AbstractConnector.java:doStart(331)) - Started ServerConnector@1cd0f17d{HTTP/1.1, (http/1.1)}{0.0.0.0:36965}
2020-11-11 13:02:19,133 [Listener at 0.0.0.0/36401] INFO  server.Server (Server.java:doStart(415)) - Started @56030ms
2020-11-11 13:02:19,133 [Listener at 0.0.0.0/36401] WARN  impl.MetricsSystemImpl (MetricsSystemImpl.java:register(276)) - Sink prometheus already exists!
2020-11-11 13:02:19,138 [Listener at 0.0.0.0/36401] INFO  http.BaseHttpServer (BaseHttpServer.java:updateConnectorAddress(327)) - HTTP server of scm listening at http://0.0.0.0:36965
2020-11-11 13:02:19,139 [Listener at 0.0.0.0/36401] WARN  server.ServerUtils (ServerUtils.java:getDBPath(225)) - ozone.om.db.dirs is not configured. We recommend adding this setting. Falling back to ozone.metadata.dirs instead.
2020-11-11 13:02:19,139 [org.apache.hadoop.util.JvmPauseMonitor$Monitor@59eacdfe] INFO  util.JvmPauseMonitor (JvmPauseMonitor.java:run(188)) - Starting JVM pause monitor
2020-11-11 13:02:19,140 [Listener at 0.0.0.0/36401] INFO  ha.OMHANodeDetails (OMHANodeDetails.java:loadOMHAConfig(104)) - ozone.om.internal.service.id is not defined, falling back to ozone.om.service.ids to find serviceID for OzoneManager if it is HA enabled cluster
2020-11-11 13:02:19,140 [Listener at 0.0.0.0/36401] INFO  ha.OMHANodeDetails (OMHANodeDetails.java:loadOMHAConfig(213)) - Configuration either no ozone.om.address set. Falling back to the default OM address /127.0.0.1:0
2020-11-11 13:02:19,140 [Listener at 0.0.0.0/36401] INFO  ha.OMHANodeDetails (OMHANodeDetails.java:getOMNodeDetails(241)) - OM Service ID is not set. Setting it to the default ID: omServiceIdDefault
2020-11-11 13:02:19,141 [Listener at 0.0.0.0/36401] WARN  server.ServerUtils (ServerUtils.java:getDBPath(225)) - ozone.om.db.dirs is not configured. We recommend adding this setting. Falling back to ozone.metadata.dirs instead.
2020-11-11 13:02:19,141 [Listener at 0.0.0.0/36401] WARN  server.ServerUtils (ServerUtils.java:getDBPath(225)) - ozone.om.db.dirs is not configured. We recommend adding this setting. Falling back to ozone.metadata.dirs instead.
2020-11-11 13:02:19,152 [Listener at 0.0.0.0/36401] WARN  server.ServerUtils (ServerUtils.java:getDBPath(225)) - ozone.om.db.dirs is not configured. We recommend adding this setting. Falling back to ozone.metadata.dirs instead.
2020-11-11 13:02:19,152 [Listener at 0.0.0.0/36401] INFO  codec.OmKeyInfoCodec (OmKeyInfoCodec.java:<init>(41)) - OmKeyInfoCodec ignorePipeline = true
2020-11-11 13:02:19,152 [Listener at 0.0.0.0/36401] INFO  codec.RepeatedOmKeyInfoCodec (RepeatedOmKeyInfoCodec.java:<init>(40)) - RepeatedOmKeyInfoCodec ignorePipeline = true
2020-11-11 13:02:19,203 [Listener at 0.0.0.0/36401] INFO  om.OzoneManager (OzoneManager.java:addS3GVolumeToDB(3711)) - Created Volume s3v With Owner jenkins1001 required for S3Gateway operations.
2020-11-11 13:02:19,204 [Listener at 0.0.0.0/36401] INFO  ipc.CallQueueManager (CallQueueManager.java:<init>(84)) - Using callQueue: class java.util.concurrent.LinkedBlockingQueue, queueCapacity: 2000, scheduler: class org.apache.hadoop.ipc.DefaultRpcScheduler, ipcBackoff: false.
2020-11-11 13:02:19,204 [Socket Reader #1 for port 0] INFO  ipc.Server (Server.java:run(1219)) - Starting Socket Reader #1 for port 0
2020-11-11 13:02:19,224 [Listener at 127.0.0.1/39313] INFO  impl.MetricsSystemImpl (MetricsSystemImpl.java:init(158)) - OzoneManager metrics system started (again)
2020-11-11 13:02:19,225 [Listener at 127.0.0.1/39313] INFO  om.OzoneManager (OzoneManager.java:start(1143)) - OzoneManager RPC server is listening at localhost/127.0.0.1:39313
2020-11-11 13:02:19,229 [Listener at 127.0.0.1/39313] INFO  http.BaseHttpServer (BaseHttpServer.java:newHttpServer2BuilderForOzone(207)) - Starting Web-server for ozoneManager at: http://0.0.0.0:0
2020-11-11 13:02:19,230 [Listener at 127.0.0.1/39313] INFO  http.BaseHttpServer (BaseHttpServer.java:<init>(106)) - Hadoop Security Enabled: false Ozone Security Enabled: false Ozone HTTP Security Enabled: false 
2020-11-11 13:02:19,231 [Listener at 127.0.0.1/39313] INFO  server.AuthenticationFilter (AuthenticationFilter.java:constructSecretProvider(240)) - Unable to initialize FileSignerSecretProvider, falling back to use random secrets.
2020-11-11 13:02:19,231 [Listener at 127.0.0.1/39313] WARN  http.HttpRequestLog (HttpRequestLog.java:getRequestLog(103)) - Jetty request log can only be enabled using Log4j
2020-11-11 13:02:19,232 [Listener at 127.0.0.1/39313] INFO  http.HttpServer2 (HttpServer2.java:addGlobalFilter(1019)) - Added global filter 'safety' (class=org.apache.hadoop.hdds.server.http.HttpServer2$QuotingInputFilter)
2020-11-11 13:02:19,233 [Listener at 127.0.0.1/39313] INFO  http.HttpServer2 (HttpServer2.java:addFilter(995)) - Added filter static_user_filter (class=org.apache.hadoop.http.lib.StaticUserWebFilter$StaticUserFilter) to context ozoneManager
2020-11-11 13:02:19,233 [Listener at 127.0.0.1/39313] INFO  http.HttpServer2 (HttpServer2.java:addFilter(1003)) - Added filter static_user_filter (class=org.apache.hadoop.http.lib.StaticUserWebFilter$StaticUserFilter) to context logs
2020-11-11 13:02:19,233 [Listener at 127.0.0.1/39313] INFO  http.HttpServer2 (HttpServer2.java:addFilter(1003)) - Added filter static_user_filter (class=org.apache.hadoop.http.lib.StaticUserWebFilter$StaticUserFilter) to context static
2020-11-11 13:02:19,233 [Listener at 127.0.0.1/39313] INFO  http.HttpServer2 (HttpServer2.java:bindListener(1237)) - Jetty bound to port 43203
2020-11-11 13:02:19,234 [Listener at 127.0.0.1/39313] INFO  server.Server (Server.java:doStart(375)) - jetty-9.4.34.v20201102; built: 2020-11-02T14:15:39.302Z; git: e46af88704a893fc12cb0e3bf46e2c7b48a009e7; jvm 1.8.0_232-b09
2020-11-11 13:02:19,235 [Listener at 127.0.0.1/39313] INFO  server.session (DefaultSessionIdManager.java:doStart(334)) - DefaultSessionIdManager workerName=node0
2020-11-11 13:02:19,235 [Listener at 127.0.0.1/39313] INFO  server.session (DefaultSessionIdManager.java:doStart(339)) - No SessionScavenger set, using defaults
2020-11-11 13:02:19,235 [Listener at 127.0.0.1/39313] INFO  server.session (HouseKeeper.java:startScavenging(132)) - node0 Scavenging every 600000ms
2020-11-11 13:02:19,236 [Listener at 127.0.0.1/39313] INFO  handler.ContextHandler (ContextHandler.java:doStart(916)) - Started o.e.j.s.ServletContextHandler@d73d450{logs,/logs,file:///github/workspace/mnt/ozone/hadoop-ozone/integration-test/target/log,AVAILABLE}
2020-11-11 13:02:19,236 [Listener at 127.0.0.1/39313] INFO  handler.ContextHandler (ContextHandler.java:doStart(916)) - Started o.e.j.s.ServletContextHandler@2b6113a7{static,/static,file:///github/workspace/mnt/ozone/hadoop-ozone/integration-test/target/test-classes/webapps/static,AVAILABLE}
2020-11-11 13:02:19,239 [Listener at 127.0.0.1/39313] INFO  handler.ContextHandler (ContextHandler.java:doStart(916)) - Started o.e.j.w.WebAppContext@4b5f4b9f{ozoneManager,/,file:///github/workspace/mnt/ozone/hadoop-ozone/integration-test/target/test-classes/webapps/ozoneManager/,AVAILABLE}{file:/github/workspace/mnt/ozone/hadoop-ozone/integration-test/target/test-classes/webapps/ozoneManager}
2020-11-11 13:02:19,241 [Listener at 127.0.0.1/39313] INFO  server.AbstractConnector (AbstractConnector.java:doStart(331)) - Started ServerConnector@56cc3500{HTTP/1.1, (http/1.1)}{0.0.0.0:43203}
2020-11-11 13:02:19,241 [Listener at 127.0.0.1/39313] INFO  server.Server (Server.java:doStart(415)) - Started @56139ms
2020-11-11 13:02:19,241 [Listener at 127.0.0.1/39313] WARN  impl.MetricsSystemImpl (MetricsSystemImpl.java:register(276)) - Sink prometheus already exists!
2020-11-11 13:02:19,244 [Listener at 127.0.0.1/39313] INFO  http.BaseHttpServer (BaseHttpServer.java:updateConnectorAddress(327)) - HTTP server of ozoneManager listening at http://0.0.0.0:43203
2020-11-11 13:02:19,244 [IPC Server Responder] INFO  ipc.Server (Server.java:run(1460)) - IPC Server Responder: starting
2020-11-11 13:02:19,244 [IPC Server listener on 0] INFO  ipc.Server (Server.java:run(1298)) - IPC Server listener on 0: starting
2020-11-11 13:02:19,253 [Listener at 127.0.0.1/39313] INFO  om.OzoneManager (OzoneManager.java:startTrashEmptier(1268)) - Trash Interval set to 0. Files deleted will not move to trash
2020-11-11 13:02:19,253 [org.apache.hadoop.util.JvmPauseMonitor$Monitor@72dfc829] INFO  util.JvmPauseMonitor (JvmPauseMonitor.java:run(188)) - Starting JVM pause monitor
2020-11-11 13:02:19,269 [Listener at 127.0.0.1/39313] INFO  impl.MetricsSystemImpl (MetricsSystemImpl.java:init(158)) - HddsDatanode metrics system started (again)
2020-11-11 13:02:19,270 [Listener at 127.0.0.1/39313] INFO  ozone.HddsDatanodeService (HddsDatanodeService.java:start(217)) - HddsDatanodeService host:1fbbdd0f98d0 ip:172.17.0.2
2020-11-11 13:02:19,278 [Listener at 127.0.0.1/39313] INFO  volume.HddsVolume (HddsVolume.java:<init>(176)) - Creating Volume: /github/workspace/mnt/ozone/hadoop-ozone/integration-test/target/test-dir/MiniOzoneClusterImpl-360dda8a-aacf-474d-b2be-458d96023f40/datanode-0/data-0/containers/hdds of storage type : DISK and capacity : 9223372036854775807
2020-11-11 13:02:19,279 [Listener at 127.0.0.1/39313] INFO  volume.MutableVolumeSet (MutableVolumeSet.java:initializeVolumeSet(179)) - Added Volume : /github/workspace/mnt/ozone/hadoop-ozone/integration-test/target/test-dir/MiniOzoneClusterImpl-360dda8a-aacf-474d-b2be-458d96023f40/datanode-0/data-0/containers/hdds to VolumeSet
2020-11-11 13:02:19,279 [Listener at 127.0.0.1/39313] INFO  volume.ThrottledAsyncChecker (ThrottledAsyncChecker.java:schedule(141)) - Scheduling a check for /github/workspace/mnt/ozone/hadoop-ozone/integration-test/target/test-dir/MiniOzoneClusterImpl-360dda8a-aacf-474d-b2be-458d96023f40/datanode-0/data-0/containers/hdds
2020-11-11 13:02:19,279 [Listener at 127.0.0.1/39313] INFO  volume.HddsVolumeChecker (HddsVolumeChecker.java:checkAllVolumes(200)) - Scheduled health check for volume /github/workspace/mnt/ozone/hadoop-ozone/integration-test/target/test-dir/MiniOzoneClusterImpl-360dda8a-aacf-474d-b2be-458d96023f40/datanode-0/data-0/containers/hdds
2020-11-11 13:02:19,297 [Thread-501] INFO  ozoneimpl.ContainerReader (ContainerReader.java:readVolume(123)) - Start to verify containers on volume /github/workspace/mnt/ozone/hadoop-ozone/integration-test/target/test-dir/MiniOzoneClusterImpl-360dda8a-aacf-474d-b2be-458d96023f40/datanode-0/data-0/containers/hdds
2020-11-11 13:02:19,297 [Thread-501] INFO  ozoneimpl.ContainerReader (ContainerReader.java:readVolume(148)) - Finish verifying containers on volume /github/workspace/mnt/ozone/hadoop-ozone/integration-test/target/test-dir/MiniOzoneClusterImpl-360dda8a-aacf-474d-b2be-458d96023f40/datanode-0/data-0/containers/hdds
2020-11-11 13:02:19,297 [Listener at 127.0.0.1/39313] INFO  ozoneimpl.OzoneContainer (OzoneContainer.java:buildContainerSet(196)) - Build ContainerSet costs 0s
2020-11-11 13:02:19,300 [Listener at 127.0.0.1/39313] INFO  impl.RaftServerProxy (ConfUtils.java:logGet(44)) - raft.rpc.type = GRPC (default)
2020-11-11 13:02:19,300 [Listener at 127.0.0.1/39313] INFO  grpc.GrpcFactory (GrpcFactory.java:checkPooledByteBufAllocatorUseCacheForAllThreads(45)) - PERFORMANCE WARNING: useCacheForAllThreads is true that may cause Netty to create a lot garbage objects and, as a result, trigger GC.
	It is recommended to disable useCacheForAllThreads by setting -Dorg.apache.ratis.thirdparty.io.netty.allocator.useCacheForAllThreads=false in command line.
2020-11-11 13:02:19,300 [Listener at 127.0.0.1/39313] INFO  grpc.GrpcConfigKeys (ConfUtils.java:logGet(44)) - raft.grpc.server.port = 0 (default)
2020-11-11 13:02:19,300 [Listener at 127.0.0.1/39313] INFO  server.GrpcService (ConfUtils.java:logGet(44)) - raft.grpc.message.size.max = 32MB (=33554432) (custom)
2020-11-11 13:02:19,300 [Listener at 127.0.0.1/39313] INFO  server.RaftServerConfigKeys (ConfUtils.java:logGet(44)) - raft.server.log.appender.buffer.byte-limit = 33554432 (custom)
2020-11-11 13:02:19,300 [Listener at 127.0.0.1/39313] INFO  server.GrpcService (ConfUtils.java:logGet(44)) - raft.grpc.flow.control.window = 5MB (=5242880) (custom)
2020-11-11 13:02:19,301 [Listener at 127.0.0.1/39313] INFO  server.RaftServerConfigKeys (ConfUtils.java:logGet(44)) - raft.server.rpc.request.timeout = 60s (custom)
2020-11-11 13:02:19,302 [Listener at 127.0.0.1/39313] INFO  server.RaftServerConfigKeys (ConfUtils.java:logGet(44)) - raft.server.storage.dir = [/github/workspace/mnt/ozone/hadoop-ozone/integration-test/target/test-dir/MiniOzoneClusterImpl-360dda8a-aacf-474d-b2be-458d96023f40/datanode-0/data/ratis] (custom)
2020-11-11 13:02:19,306 [Listener at 127.0.0.1/39313] INFO  http.BaseHttpServer (BaseHttpServer.java:newHttpServer2BuilderForOzone(207)) - Starting Web-server for hddsDatanode at: http://0.0.0.0:0
2020-11-11 13:02:19,306 [Listener at 127.0.0.1/39313] INFO  http.BaseHttpServer (BaseHttpServer.java:<init>(106)) - Hadoop Security Enabled: false Ozone Security Enabled: false Ozone HTTP Security Enabled: false 
2020-11-11 13:02:19,308 [Listener at 127.0.0.1/39313] INFO  server.AuthenticationFilter (AuthenticationFilter.java:constructSecretProvider(240)) - Unable to initialize FileSignerSecretProvider, falling back to use random secrets.
2020-11-11 13:02:19,312 [Listener at 127.0.0.1/39313] WARN  http.HttpRequestLog (HttpRequestLog.java:getRequestLog(103)) - Jetty request log can only be enabled using Log4j
2020-11-11 13:02:19,313 [Listener at 127.0.0.1/39313] INFO  http.HttpServer2 (HttpServer2.java:addGlobalFilter(1019)) - Added global filter 'safety' (class=org.apache.hadoop.hdds.server.http.HttpServer2$QuotingInputFilter)
2020-11-11 13:02:19,314 [Listener at 127.0.0.1/39313] INFO  http.HttpServer2 (HttpServer2.java:addFilter(995)) - Added filter static_user_filter (class=org.apache.hadoop.http.lib.StaticUserWebFilter$StaticUserFilter) to context hddsDatanode
2020-11-11 13:02:19,314 [Listener at 127.0.0.1/39313] INFO  http.HttpServer2 (HttpServer2.java:addFilter(1003)) - Added filter static_user_filter (class=org.apache.hadoop.http.lib.StaticUserWebFilter$StaticUserFilter) to context static
2020-11-11 13:02:19,314 [Listener at 127.0.0.1/39313] INFO  http.HttpServer2 (HttpServer2.java:addFilter(1003)) - Added filter static_user_filter (class=org.apache.hadoop.http.lib.StaticUserWebFilter$StaticUserFilter) to context logs
2020-11-11 13:02:19,314 [Listener at 127.0.0.1/39313] INFO  http.HttpServer2 (HttpServer2.java:bindListener(1237)) - Jetty bound to port 43231
2020-11-11 13:02:19,315 [Listener at 127.0.0.1/39313] INFO  server.Server (Server.java:doStart(375)) - jetty-9.4.34.v20201102; built: 2020-11-02T14:15:39.302Z; git: e46af88704a893fc12cb0e3bf46e2c7b48a009e7; jvm 1.8.0_232-b09
2020-11-11 13:02:19,316 [Listener at 127.0.0.1/39313] INFO  server.session (DefaultSessionIdManager.java:doStart(334)) - DefaultSessionIdManager workerName=node0
2020-11-11 13:02:19,316 [Listener at 127.0.0.1/39313] INFO  server.session (DefaultSessionIdManager.java:doStart(339)) - No SessionScavenger set, using defaults
2020-11-11 13:02:19,316 [Listener at 127.0.0.1/39313] INFO  server.session (HouseKeeper.java:startScavenging(132)) - node0 Scavenging every 660000ms
2020-11-11 13:02:19,317 [Listener at 127.0.0.1/39313] INFO  handler.ContextHandler (ContextHandler.java:doStart(916)) - Started o.e.j.s.ServletContextHandler@24b15ccc{logs,/logs,file:///github/workspace/mnt/ozone/hadoop-ozone/integration-test/target/log,AVAILABLE}
2020-11-11 13:02:19,317 [Listener at 127.0.0.1/39313] INFO  handler.ContextHandler (ContextHandler.java:doStart(916)) - Started o.e.j.s.ServletContextHandler@6aee3f6c{static,/static,jar:file:/home/user/.m2/repository/org/apache/hadoop/hadoop-hdds-container-service/1.1.0-SNAPSHOT/hadoop-hdds-container-service-1.1.0-SNAPSHOT.jar!/webapps/static,AVAILABLE}
2020-11-11 13:02:19,456 [Listener at 127.0.0.1/39313] INFO  handler.ContextHandler (ContextHandler.java:doStart(916)) - Started o.e.j.w.WebAppContext@7cb1eb4e{hddsDatanode,/,file:///tmp/jetty-0_0_0_0-43231-hadoop-hdds-container-service-1_1_0-SNAPSHOT_jar-_-any-6039979142348678465/webapp/,AVAILABLE}{jar:file:/home/user/.m2/repository/org/apache/hadoop/hadoop-hdds-container-service/1.1.0-SNAPSHOT/hadoop-hdds-container-service-1.1.0-SNAPSHOT.jar!/webapps/hddsDatanode}
2020-11-11 13:02:19,457 [Listener at 127.0.0.1/39313] INFO  server.AbstractConnector (AbstractConnector.java:doStart(331)) - Started ServerConnector@651b8372{HTTP/1.1, (http/1.1)}{0.0.0.0:43231}
2020-11-11 13:02:19,457 [Listener at 127.0.0.1/39313] INFO  server.Server (Server.java:doStart(415)) - Started @56355ms
2020-11-11 13:02:19,457 [Listener at 127.0.0.1/39313] WARN  impl.MetricsSystemImpl (MetricsSystemImpl.java:register(276)) - Sink prometheus already exists!
2020-11-11 13:02:19,461 [Listener at 127.0.0.1/39313] INFO  http.BaseHttpServer (BaseHttpServer.java:updateConnectorAddress(327)) - HTTP server of hddsDatanode listening at http://0.0.0.0:43231
2020-11-11 13:02:19,464 [Listener at 127.0.0.1/39313] INFO  impl.MetricsSystemImpl (MetricsSystemImpl.java:init(158)) - HddsDatanode metrics system started (again)
2020-11-11 13:02:19,465 [Listener at 127.0.0.1/39313] INFO  ozone.HddsDatanodeService (HddsDatanodeService.java:start(217)) - HddsDatanodeService host:1fbbdd0f98d0 ip:172.17.0.2
2020-11-11 13:02:19,467 [Listener at 127.0.0.1/39313] INFO  volume.HddsVolume (HddsVolume.java:<init>(176)) - Creating Volume: /github/workspace/mnt/ozone/hadoop-ozone/integration-test/target/test-dir/MiniOzoneClusterImpl-360dda8a-aacf-474d-b2be-458d96023f40/datanode-1/data-0/containers/hdds of storage type : DISK and capacity : 9223372036854775807
2020-11-11 13:02:19,467 [Listener at 127.0.0.1/39313] INFO  volume.MutableVolumeSet (MutableVolumeSet.java:initializeVolumeSet(179)) - Added Volume : /github/workspace/mnt/ozone/hadoop-ozone/integration-test/target/test-dir/MiniOzoneClusterImpl-360dda8a-aacf-474d-b2be-458d96023f40/datanode-1/data-0/containers/hdds to VolumeSet
2020-11-11 13:02:19,467 [Listener at 127.0.0.1/39313] INFO  volume.ThrottledAsyncChecker (ThrottledAsyncChecker.java:schedule(141)) - Scheduling a check for /github/workspace/mnt/ozone/hadoop-ozone/integration-test/target/test-dir/MiniOzoneClusterImpl-360dda8a-aacf-474d-b2be-458d96023f40/datanode-1/data-0/containers/hdds
2020-11-11 13:02:19,468 [Listener at 127.0.0.1/39313] INFO  volume.HddsVolumeChecker (HddsVolumeChecker.java:checkAllVolumes(200)) - Scheduled health check for volume /github/workspace/mnt/ozone/hadoop-ozone/integration-test/target/test-dir/MiniOzoneClusterImpl-360dda8a-aacf-474d-b2be-458d96023f40/datanode-1/data-0/containers/hdds
2020-11-11 13:02:19,484 [org.apache.hadoop.util.JvmPauseMonitor$Monitor@6b9493c8] INFO  util.JvmPauseMonitor (JvmPauseMonitor.java:run(188)) - Starting JVM pause monitor
2020-11-11 13:02:19,485 [Datanode State Machine Task Thread - 0] INFO  datanode.InitDatanodeState (InitDatanodeState.java:persistContainerDatanodeDetails(145)) - DatanodeDetails is persisted to /github/workspace/mnt/ozone/hadoop-ozone/integration-test/target/test-dir/MiniOzoneClusterImpl-360dda8a-aacf-474d-b2be-458d96023f40/datanode-0/meta/datanode.id
2020-11-11 13:02:19,485 [Thread-512] INFO  ozoneimpl.ContainerReader (ContainerReader.java:readVolume(123)) - Start to verify containers on volume /github/workspace/mnt/ozone/hadoop-ozone/integration-test/target/test-dir/MiniOzoneClusterImpl-360dda8a-aacf-474d-b2be-458d96023f40/datanode-1/data-0/containers/hdds
2020-11-11 13:02:19,485 [Thread-512] INFO  ozoneimpl.ContainerReader (ContainerReader.java:readVolume(148)) - Finish verifying containers on volume /github/workspace/mnt/ozone/hadoop-ozone/integration-test/target/test-dir/MiniOzoneClusterImpl-360dda8a-aacf-474d-b2be-458d96023f40/datanode-1/data-0/containers/hdds
2020-11-11 13:02:19,485 [Listener at 127.0.0.1/39313] INFO  ozoneimpl.OzoneContainer (OzoneContainer.java:buildContainerSet(196)) - Build ContainerSet costs 0s
2020-11-11 13:02:19,487 [Listener at 127.0.0.1/39313] INFO  impl.RaftServerProxy (ConfUtils.java:logGet(44)) - raft.rpc.type = GRPC (default)
2020-11-11 13:02:19,487 [Listener at 127.0.0.1/39313] INFO  grpc.GrpcFactory (GrpcFactory.java:checkPooledByteBufAllocatorUseCacheForAllThreads(45)) - PERFORMANCE WARNING: useCacheForAllThreads is true that may cause Netty to create a lot garbage objects and, as a result, trigger GC.
	It is recommended to disable useCacheForAllThreads by setting -Dorg.apache.ratis.thirdparty.io.netty.allocator.useCacheForAllThreads=false in command line.
2020-11-11 13:02:19,487 [Listener at 127.0.0.1/39313] INFO  grpc.GrpcConfigKeys (ConfUtils.java:logGet(44)) - raft.grpc.server.port = 0 (default)
2020-11-11 13:02:19,487 [Listener at 127.0.0.1/39313] INFO  server.GrpcService (ConfUtils.java:logGet(44)) - raft.grpc.message.size.max = 32MB (=33554432) (custom)
2020-11-11 13:02:19,488 [Listener at 127.0.0.1/39313] INFO  server.RaftServerConfigKeys (ConfUtils.java:logGet(44)) - raft.server.log.appender.buffer.byte-limit = 33554432 (custom)
2020-11-11 13:02:19,488 [Listener at 127.0.0.1/39313] INFO  server.GrpcService (ConfUtils.java:logGet(44)) - raft.grpc.flow.control.window = 5MB (=5242880) (custom)
2020-11-11 13:02:19,488 [Listener at 127.0.0.1/39313] INFO  server.RaftServerConfigKeys (ConfUtils.java:logGet(44)) - raft.server.rpc.request.timeout = 60s (custom)
2020-11-11 13:02:19,489 [Listener at 127.0.0.1/39313] INFO  server.RaftServerConfigKeys (ConfUtils.java:logGet(44)) - raft.server.storage.dir = [/github/workspace/mnt/ozone/hadoop-ozone/integration-test/target/test-dir/MiniOzoneClusterImpl-360dda8a-aacf-474d-b2be-458d96023f40/datanode-1/data/ratis] (custom)
2020-11-11 13:02:19,500 [Listener at 127.0.0.1/39313] INFO  http.BaseHttpServer (BaseHttpServer.java:newHttpServer2BuilderForOzone(207)) - Starting Web-server for hddsDatanode at: http://0.0.0.0:0
2020-11-11 13:02:19,500 [Listener at 127.0.0.1/39313] INFO  http.BaseHttpServer (BaseHttpServer.java:<init>(106)) - Hadoop Security Enabled: false Ozone Security Enabled: false Ozone HTTP Security Enabled: false 
2020-11-11 13:02:19,501 [Listener at 127.0.0.1/39313] INFO  server.AuthenticationFilter (AuthenticationFilter.java:constructSecretProvider(240)) - Unable to initialize FileSignerSecretProvider, falling back to use random secrets.
2020-11-11 13:02:19,501 [Listener at 127.0.0.1/39313] WARN  http.HttpRequestLog (HttpRequestLog.java:getRequestLog(103)) - Jetty request log can only be enabled using Log4j
2020-11-11 13:02:19,502 [Listener at 127.0.0.1/39313] INFO  http.HttpServer2 (HttpServer2.java:addGlobalFilter(1019)) - Added global filter 'safety' (class=org.apache.hadoop.hdds.server.http.HttpServer2$QuotingInputFilter)
2020-11-11 13:02:19,502 [Listener at 127.0.0.1/39313] INFO  http.HttpServer2 (HttpServer2.java:addFilter(995)) - Added filter static_user_filter (class=org.apache.hadoop.http.lib.StaticUserWebFilter$StaticUserFilter) to context hddsDatanode
2020-11-11 13:02:19,503 [Listener at 127.0.0.1/39313] INFO  http.HttpServer2 (HttpServer2.java:addFilter(1003)) - Added filter static_user_filter (class=org.apache.hadoop.http.lib.StaticUserWebFilter$StaticUserFilter) to context static
2020-11-11 13:02:19,503 [Listener at 127.0.0.1/39313] INFO  http.HttpServer2 (HttpServer2.java:addFilter(1003)) - Added filter static_user_filter (class=org.apache.hadoop.http.lib.StaticUserWebFilter$StaticUserFilter) to context logs
2020-11-11 13:02:19,503 [Listener at 127.0.0.1/39313] INFO  http.HttpServer2 (HttpServer2.java:bindListener(1237)) - Jetty bound to port 45877
2020-11-11 13:02:19,503 [Listener at 127.0.0.1/39313] INFO  server.Server (Server.java:doStart(375)) - jetty-9.4.34.v20201102; built: 2020-11-02T14:15:39.302Z; git: e46af88704a893fc12cb0e3bf46e2c7b48a009e7; jvm 1.8.0_232-b09
2020-11-11 13:02:19,504 [Listener at 127.0.0.1/39313] INFO  server.session (DefaultSessionIdManager.java:doStart(334)) - DefaultSessionIdManager workerName=node0
2020-11-11 13:02:19,505 [Listener at 127.0.0.1/39313] INFO  server.session (DefaultSessionIdManager.java:doStart(339)) - No SessionScavenger set, using defaults
2020-11-11 13:02:19,505 [Listener at 127.0.0.1/39313] INFO  server.session (HouseKeeper.java:startScavenging(132)) - node0 Scavenging every 600000ms
2020-11-11 13:02:19,505 [Listener at 127.0.0.1/39313] INFO  handler.ContextHandler (ContextHandler.java:doStart(916)) - Started o.e.j.s.ServletContextHandler@f9a14d1{logs,/logs,file:///github/workspace/mnt/ozone/hadoop-ozone/integration-test/target/log,AVAILABLE}
2020-11-11 13:02:19,506 [Listener at 127.0.0.1/39313] INFO  handler.ContextHandler (ContextHandler.java:doStart(916)) - Started o.e.j.s.ServletContextHandler@775c7149{static,/static,jar:file:/home/user/.m2/repository/org/apache/hadoop/hadoop-hdds-container-service/1.1.0-SNAPSHOT/hadoop-hdds-container-service-1.1.0-SNAPSHOT.jar!/webapps/static,AVAILABLE}
2020-11-11 13:02:19,643 [Listener at 127.0.0.1/39313] INFO  handler.ContextHandler (ContextHandler.java:doStart(916)) - Started o.e.j.w.WebAppContext@5212d19e{hddsDatanode,/,file:///tmp/jetty-0_0_0_0-45877-hadoop-hdds-container-service-1_1_0-SNAPSHOT_jar-_-any-984392921336375599/webapp/,AVAILABLE}{jar:file:/home/user/.m2/repository/org/apache/hadoop/hadoop-hdds-container-service/1.1.0-SNAPSHOT/hadoop-hdds-container-service-1.1.0-SNAPSHOT.jar!/webapps/hddsDatanode}
2020-11-11 13:02:19,645 [Listener at 127.0.0.1/39313] INFO  server.AbstractConnector (AbstractConnector.java:doStart(331)) - Started ServerConnector@55f29293{HTTP/1.1, (http/1.1)}{0.0.0.0:45877}
2020-11-11 13:02:19,645 [Listener at 127.0.0.1/39313] INFO  server.Server (Server.java:doStart(415)) - Started @56543ms
2020-11-11 13:02:19,645 [Listener at 127.0.0.1/39313] WARN  impl.MetricsSystemImpl (MetricsSystemImpl.java:register(276)) - Sink prometheus already exists!
2020-11-11 13:02:19,648 [Listener at 127.0.0.1/39313] INFO  http.BaseHttpServer (BaseHttpServer.java:updateConnectorAddress(327)) - HTTP server of hddsDatanode listening at http://0.0.0.0:45877
2020-11-11 13:02:19,653 [Listener at 127.0.0.1/39313] INFO  impl.MetricsSystemImpl (MetricsSystemImpl.java:init(158)) - HddsDatanode metrics system started (again)
2020-11-11 13:02:19,654 [Listener at 127.0.0.1/39313] INFO  ozone.HddsDatanodeService (HddsDatanodeService.java:start(217)) - HddsDatanodeService host:1fbbdd0f98d0 ip:172.17.0.2
2020-11-11 13:02:19,657 [Listener at 127.0.0.1/39313] INFO  volume.HddsVolume (HddsVolume.java:<init>(176)) - Creating Volume: /github/workspace/mnt/ozone/hadoop-ozone/integration-test/target/test-dir/MiniOzoneClusterImpl-360dda8a-aacf-474d-b2be-458d96023f40/datanode-2/data-0/containers/hdds of storage type : DISK and capacity : 9223372036854775807
2020-11-11 13:02:19,658 [Listener at 127.0.0.1/39313] INFO  volume.MutableVolumeSet (MutableVolumeSet.java:initializeVolumeSet(179)) - Added Volume : /github/workspace/mnt/ozone/hadoop-ozone/integration-test/target/test-dir/MiniOzoneClusterImpl-360dda8a-aacf-474d-b2be-458d96023f40/datanode-2/data-0/containers/hdds to VolumeSet
2020-11-11 13:02:19,658 [Listener at 127.0.0.1/39313] INFO  volume.ThrottledAsyncChecker (ThrottledAsyncChecker.java:schedule(141)) - Scheduling a check for /github/workspace/mnt/ozone/hadoop-ozone/integration-test/target/test-dir/MiniOzoneClusterImpl-360dda8a-aacf-474d-b2be-458d96023f40/datanode-2/data-0/containers/hdds
2020-11-11 13:02:19,659 [Listener at 127.0.0.1/39313] INFO  volume.HddsVolumeChecker (HddsVolumeChecker.java:checkAllVolumes(200)) - Scheduled health check for volume /github/workspace/mnt/ozone/hadoop-ozone/integration-test/target/test-dir/MiniOzoneClusterImpl-360dda8a-aacf-474d-b2be-458d96023f40/datanode-2/data-0/containers/hdds
2020-11-11 13:02:19,674 [org.apache.hadoop.util.JvmPauseMonitor$Monitor@1716d745] INFO  util.JvmPauseMonitor (JvmPauseMonitor.java:run(188)) - Starting JVM pause monitor
2020-11-11 13:02:19,674 [Thread-523] INFO  ozoneimpl.ContainerReader (ContainerReader.java:readVolume(123)) - Start to verify containers on volume /github/workspace/mnt/ozone/hadoop-ozone/integration-test/target/test-dir/MiniOzoneClusterImpl-360dda8a-aacf-474d-b2be-458d96023f40/datanode-2/data-0/containers/hdds
2020-11-11 13:02:19,674 [Thread-523] INFO  ozoneimpl.ContainerReader (ContainerReader.java:readVolume(148)) - Finish verifying containers on volume /github/workspace/mnt/ozone/hadoop-ozone/integration-test/target/test-dir/MiniOzoneClusterImpl-360dda8a-aacf-474d-b2be-458d96023f40/datanode-2/data-0/containers/hdds
2020-11-11 13:02:19,674 [Listener at 127.0.0.1/39313] INFO  ozoneimpl.OzoneContainer (OzoneContainer.java:buildContainerSet(196)) - Build ContainerSet costs 0s
2020-11-11 13:02:19,676 [Listener at 127.0.0.1/39313] INFO  impl.RaftServerProxy (ConfUtils.java:logGet(44)) - raft.rpc.type = GRPC (default)
2020-11-11 13:02:19,676 [Listener at 127.0.0.1/39313] INFO  grpc.GrpcFactory (GrpcFactory.java:checkPooledByteBufAllocatorUseCacheForAllThreads(45)) - PERFORMANCE WARNING: useCacheForAllThreads is true that may cause Netty to create a lot garbage objects and, as a result, trigger GC.
	It is recommended to disable useCacheForAllThreads by setting -Dorg.apache.ratis.thirdparty.io.netty.allocator.useCacheForAllThreads=false in command line.
2020-11-11 13:02:19,676 [Listener at 127.0.0.1/39313] INFO  grpc.GrpcConfigKeys (ConfUtils.java:logGet(44)) - raft.grpc.server.port = 0 (default)
2020-11-11 13:02:19,676 [Listener at 127.0.0.1/39313] INFO  server.GrpcService (ConfUtils.java:logGet(44)) - raft.grpc.message.size.max = 32MB (=33554432) (custom)
2020-11-11 13:02:19,676 [Listener at 127.0.0.1/39313] INFO  server.RaftServerConfigKeys (ConfUtils.java:logGet(44)) - raft.server.log.appender.buffer.byte-limit = 33554432 (custom)
2020-11-11 13:02:19,677 [Listener at 127.0.0.1/39313] INFO  server.GrpcService (ConfUtils.java:logGet(44)) - raft.grpc.flow.control.window = 5MB (=5242880) (custom)
2020-11-11 13:02:19,677 [Listener at 127.0.0.1/39313] INFO  server.RaftServerConfigKeys (ConfUtils.java:logGet(44)) - raft.server.rpc.request.timeout = 60s (custom)
2020-11-11 13:02:19,678 [Listener at 127.0.0.1/39313] INFO  server.RaftServerConfigKeys (ConfUtils.java:logGet(44)) - raft.server.storage.dir = [/github/workspace/mnt/ozone/hadoop-ozone/integration-test/target/test-dir/MiniOzoneClusterImpl-360dda8a-aacf-474d-b2be-458d96023f40/datanode-2/data/ratis] (custom)
2020-11-11 13:02:19,686 [Datanode State Machine Task Thread - 0] INFO  datanode.InitDatanodeState (InitDatanodeState.java:persistContainerDatanodeDetails(145)) - DatanodeDetails is persisted to /github/workspace/mnt/ozone/hadoop-ozone/integration-test/target/test-dir/MiniOzoneClusterImpl-360dda8a-aacf-474d-b2be-458d96023f40/datanode-1/meta/datanode.id
2020-11-11 13:02:19,687 [Listener at 127.0.0.1/39313] INFO  http.BaseHttpServer (BaseHttpServer.java:newHttpServer2BuilderForOzone(207)) - Starting Web-server for hddsDatanode at: http://0.0.0.0:0
2020-11-11 13:02:19,687 [Listener at 127.0.0.1/39313] INFO  http.BaseHttpServer (BaseHttpServer.java:<init>(106)) - Hadoop Security Enabled: false Ozone Security Enabled: false Ozone HTTP Security Enabled: false 
2020-11-11 13:02:19,688 [Listener at 127.0.0.1/39313] INFO  server.AuthenticationFilter (AuthenticationFilter.java:constructSecretProvider(240)) - Unable to initialize FileSignerSecretProvider, falling back to use random secrets.
2020-11-11 13:02:19,689 [Listener at 127.0.0.1/39313] WARN  http.HttpRequestLog (HttpRequestLog.java:getRequestLog(103)) - Jetty request log can only be enabled using Log4j
2020-11-11 13:02:19,689 [Listener at 127.0.0.1/39313] INFO  http.HttpServer2 (HttpServer2.java:addGlobalFilter(1019)) - Added global filter 'safety' (class=org.apache.hadoop.hdds.server.http.HttpServer2$QuotingInputFilter)
2020-11-11 13:02:19,690 [Listener at 127.0.0.1/39313] INFO  http.HttpServer2 (HttpServer2.java:addFilter(995)) - Added filter static_user_filter (class=org.apache.hadoop.http.lib.StaticUserWebFilter$StaticUserFilter) to context hddsDatanode
2020-11-11 13:02:19,690 [Listener at 127.0.0.1/39313] INFO  http.HttpServer2 (HttpServer2.java:addFilter(1003)) - Added filter static_user_filter (class=org.apache.hadoop.http.lib.StaticUserWebFilter$StaticUserFilter) to context static
2020-11-11 13:02:19,690 [Listener at 127.0.0.1/39313] INFO  http.HttpServer2 (HttpServer2.java:addFilter(1003)) - Added filter static_user_filter (class=org.apache.hadoop.http.lib.StaticUserWebFilter$StaticUserFilter) to context logs
2020-11-11 13:02:19,691 [Listener at 127.0.0.1/39313] INFO  http.HttpServer2 (HttpServer2.java:bindListener(1237)) - Jetty bound to port 33083
2020-11-11 13:02:19,691 [Listener at 127.0.0.1/39313] INFO  server.Server (Server.java:doStart(375)) - jetty-9.4.34.v20201102; built: 2020-11-02T14:15:39.302Z; git: e46af88704a893fc12cb0e3bf46e2c7b48a009e7; jvm 1.8.0_232-b09
2020-11-11 13:02:19,694 [Listener at 127.0.0.1/39313] INFO  server.session (DefaultSessionIdManager.java:doStart(334)) - DefaultSessionIdManager workerName=node0
2020-11-11 13:02:19,694 [Listener at 127.0.0.1/39313] INFO  server.session (DefaultSessionIdManager.java:doStart(339)) - No SessionScavenger set, using defaults
2020-11-11 13:02:19,695 [Listener at 127.0.0.1/39313] INFO  server.session (HouseKeeper.java:startScavenging(132)) - node0 Scavenging every 660000ms
2020-11-11 13:02:19,696 [Listener at 127.0.0.1/39313] INFO  handler.ContextHandler (ContextHandler.java:doStart(916)) - Started o.e.j.s.ServletContextHandler@7753248e{logs,/logs,file:///github/workspace/mnt/ozone/hadoop-ozone/integration-test/target/log,AVAILABLE}
2020-11-11 13:02:19,696 [Listener at 127.0.0.1/39313] INFO  handler.ContextHandler (ContextHandler.java:doStart(916)) - Started o.e.j.s.ServletContextHandler@60e3d398{static,/static,jar:file:/home/user/.m2/repository/org/apache/hadoop/hadoop-hdds-container-service/1.1.0-SNAPSHOT/hadoop-hdds-container-service-1.1.0-SNAPSHOT.jar!/webapps/static,AVAILABLE}
2020-11-11 13:02:19,840 [Listener at 127.0.0.1/39313] INFO  handler.ContextHandler (ContextHandler.java:doStart(916)) - Started o.e.j.w.WebAppContext@4a4ae541{hddsDatanode,/,file:///tmp/jetty-0_0_0_0-33083-hadoop-hdds-container-service-1_1_0-SNAPSHOT_jar-_-any-6436455962271217848/webapp/,AVAILABLE}{jar:file:/home/user/.m2/repository/org/apache/hadoop/hadoop-hdds-container-service/1.1.0-SNAPSHOT/hadoop-hdds-container-service-1.1.0-SNAPSHOT.jar!/webapps/hddsDatanode}
2020-11-11 13:02:19,842 [Listener at 127.0.0.1/39313] INFO  server.AbstractConnector (AbstractConnector.java:doStart(331)) - Started ServerConnector@685dfc9f{HTTP/1.1, (http/1.1)}{0.0.0.0:33083}
2020-11-11 13:02:19,842 [Listener at 127.0.0.1/39313] INFO  server.Server (Server.java:doStart(415)) - Started @56740ms
2020-11-11 13:02:19,842 [Listener at 127.0.0.1/39313] WARN  impl.MetricsSystemImpl (MetricsSystemImpl.java:register(276)) - Sink prometheus already exists!
2020-11-11 13:02:19,845 [Listener at 127.0.0.1/39313] INFO  http.BaseHttpServer (BaseHttpServer.java:updateConnectorAddress(327)) - HTTP server of hddsDatanode listening at http://0.0.0.0:33083
2020-11-11 13:02:19,845 [Listener at 127.0.0.1/39313] INFO  impl.MetricsSystemImpl (MetricsSystemImpl.java:init(158)) - HddsDatanode metrics system started (again)
2020-11-11 13:02:19,852 [org.apache.hadoop.util.JvmPauseMonitor$Monitor@24251c4e] INFO  util.JvmPauseMonitor (JvmPauseMonitor.java:run(188)) - Starting JVM pause monitor
2020-11-11 13:02:19,852 [Listener at 127.0.0.1/39313] INFO  ozone.HddsDatanodeService (HddsDatanodeService.java:start(217)) - HddsDatanodeService host:1fbbdd0f98d0 ip:172.17.0.2
2020-11-11 13:02:19,853 [Datanode State Machine Task Thread - 0] INFO  datanode.InitDatanodeState (InitDatanodeState.java:persistContainerDatanodeDetails(145)) - DatanodeDetails is persisted to /github/workspace/mnt/ozone/hadoop-ozone/integration-test/target/test-dir/MiniOzoneClusterImpl-360dda8a-aacf-474d-b2be-458d96023f40/datanode-2/meta/datanode.id
2020-11-11 13:02:19,854 [Listener at 127.0.0.1/39313] INFO  volume.HddsVolume (HddsVolume.java:<init>(176)) - Creating Volume: /github/workspace/mnt/ozone/hadoop-ozone/integration-test/target/test-dir/MiniOzoneClusterImpl-360dda8a-aacf-474d-b2be-458d96023f40/datanode-3/data-0/containers/hdds of storage type : DISK and capacity : 9223372036854775807
2020-11-11 13:02:19,854 [Listener at 127.0.0.1/39313] INFO  volume.MutableVolumeSet (MutableVolumeSet.java:initializeVolumeSet(179)) - Added Volume : /github/workspace/mnt/ozone/hadoop-ozone/integration-test/target/test-dir/MiniOzoneClusterImpl-360dda8a-aacf-474d-b2be-458d96023f40/datanode-3/data-0/containers/hdds to VolumeSet
2020-11-11 13:02:19,855 [Listener at 127.0.0.1/39313] INFO  volume.ThrottledAsyncChecker (ThrottledAsyncChecker.java:schedule(141)) - Scheduling a check for /github/workspace/mnt/ozone/hadoop-ozone/integration-test/target/test-dir/MiniOzoneClusterImpl-360dda8a-aacf-474d-b2be-458d96023f40/datanode-3/data-0/containers/hdds
2020-11-11 13:02:19,855 [Listener at 127.0.0.1/39313] INFO  volume.HddsVolumeChecker (HddsVolumeChecker.java:checkAllVolumes(200)) - Scheduled health check for volume /github/workspace/mnt/ozone/hadoop-ozone/integration-test/target/test-dir/MiniOzoneClusterImpl-360dda8a-aacf-474d-b2be-458d96023f40/datanode-3/data-0/containers/hdds
2020-11-11 13:02:19,871 [Thread-534] INFO  ozoneimpl.ContainerReader (ContainerReader.java:readVolume(123)) - Start to verify containers on volume /github/workspace/mnt/ozone/hadoop-ozone/integration-test/target/test-dir/MiniOzoneClusterImpl-360dda8a-aacf-474d-b2be-458d96023f40/datanode-3/data-0/containers/hdds
2020-11-11 13:02:19,872 [Thread-534] INFO  ozoneimpl.ContainerReader (ContainerReader.java:readVolume(148)) - Finish verifying containers on volume /github/workspace/mnt/ozone/hadoop-ozone/integration-test/target/test-dir/MiniOzoneClusterImpl-360dda8a-aacf-474d-b2be-458d96023f40/datanode-3/data-0/containers/hdds
2020-11-11 13:02:19,872 [Listener at 127.0.0.1/39313] INFO  ozoneimpl.OzoneContainer (OzoneContainer.java:buildContainerSet(196)) - Build ContainerSet costs 0s
2020-11-11 13:02:19,874 [Listener at 127.0.0.1/39313] INFO  impl.RaftServerProxy (ConfUtils.java:logGet(44)) - raft.rpc.type = GRPC (default)
2020-11-11 13:02:19,874 [Listener at 127.0.0.1/39313] INFO  grpc.GrpcFactory (GrpcFactory.java:checkPooledByteBufAllocatorUseCacheForAllThreads(45)) - PERFORMANCE WARNING: useCacheForAllThreads is true that may cause Netty to create a lot garbage objects and, as a result, trigger GC.
	It is recommended to disable useCacheForAllThreads by setting -Dorg.apache.ratis.thirdparty.io.netty.allocator.useCacheForAllThreads=false in command line.
2020-11-11 13:02:19,874 [Listener at 127.0.0.1/39313] INFO  grpc.GrpcConfigKeys (ConfUtils.java:logGet(44)) - raft.grpc.server.port = 0 (default)
2020-11-11 13:02:19,875 [Listener at 127.0.0.1/39313] INFO  server.GrpcService (ConfUtils.java:logGet(44)) - raft.grpc.message.size.max = 32MB (=33554432) (custom)
2020-11-11 13:02:19,875 [Listener at 127.0.0.1/39313] INFO  server.RaftServerConfigKeys (ConfUtils.java:logGet(44)) - raft.server.log.appender.buffer.byte-limit = 33554432 (custom)
2020-11-11 13:02:19,875 [Listener at 127.0.0.1/39313] INFO  server.GrpcService (ConfUtils.java:logGet(44)) - raft.grpc.flow.control.window = 5MB (=5242880) (custom)
2020-11-11 13:02:19,875 [Listener at 127.0.0.1/39313] INFO  server.RaftServerConfigKeys (ConfUtils.java:logGet(44)) - raft.server.rpc.request.timeout = 60s (custom)
2020-11-11 13:02:19,876 [Listener at 127.0.0.1/39313] INFO  server.RaftServerConfigKeys (ConfUtils.java:logGet(44)) - raft.server.storage.dir = [/github/workspace/mnt/ozone/hadoop-ozone/integration-test/target/test-dir/MiniOzoneClusterImpl-360dda8a-aacf-474d-b2be-458d96023f40/datanode-3/data/ratis] (custom)
2020-11-11 13:02:19,884 [Listener at 127.0.0.1/39313] INFO  http.BaseHttpServer (BaseHttpServer.java:newHttpServer2BuilderForOzone(207)) - Starting Web-server for hddsDatanode at: http://0.0.0.0:0
2020-11-11 13:02:19,884 [Listener at 127.0.0.1/39313] INFO  http.BaseHttpServer (BaseHttpServer.java:<init>(106)) - Hadoop Security Enabled: false Ozone Security Enabled: false Ozone HTTP Security Enabled: false 
2020-11-11 13:02:19,885 [Listener at 127.0.0.1/39313] INFO  server.AuthenticationFilter (AuthenticationFilter.java:constructSecretProvider(240)) - Unable to initialize FileSignerSecretProvider, falling back to use random secrets.
2020-11-11 13:02:19,890 [Listener at 127.0.0.1/39313] WARN  http.HttpRequestLog (HttpRequestLog.java:getRequestLog(103)) - Jetty request log can only be enabled using Log4j
2020-11-11 13:02:19,890 [Listener at 127.0.0.1/39313] INFO  http.HttpServer2 (HttpServer2.java:addGlobalFilter(1019)) - Added global filter 'safety' (class=org.apache.hadoop.hdds.server.http.HttpServer2$QuotingInputFilter)
2020-11-11 13:02:19,891 [Listener at 127.0.0.1/39313] INFO  http.HttpServer2 (HttpServer2.java:addFilter(995)) - Added filter static_user_filter (class=org.apache.hadoop.http.lib.StaticUserWebFilter$StaticUserFilter) to context hddsDatanode
2020-11-11 13:02:19,891 [Listener at 127.0.0.1/39313] INFO  http.HttpServer2 (HttpServer2.java:addFilter(1003)) - Added filter static_user_filter (class=org.apache.hadoop.http.lib.StaticUserWebFilter$StaticUserFilter) to context logs
2020-11-11 13:02:19,891 [Listener at 127.0.0.1/39313] INFO  http.HttpServer2 (HttpServer2.java:addFilter(1003)) - Added filter static_user_filter (class=org.apache.hadoop.http.lib.StaticUserWebFilter$StaticUserFilter) to context static
2020-11-11 13:02:19,892 [Listener at 127.0.0.1/39313] INFO  http.HttpServer2 (HttpServer2.java:bindListener(1237)) - Jetty bound to port 41991
2020-11-11 13:02:19,892 [Listener at 127.0.0.1/39313] INFO  server.Server (Server.java:doStart(375)) - jetty-9.4.34.v20201102; built: 2020-11-02T14:15:39.302Z; git: e46af88704a893fc12cb0e3bf46e2c7b48a009e7; jvm 1.8.0_232-b09
2020-11-11 13:02:19,898 [Listener at 127.0.0.1/39313] INFO  server.session (DefaultSessionIdManager.java:doStart(334)) - DefaultSessionIdManager workerName=node0
2020-11-11 13:02:19,898 [Listener at 127.0.0.1/39313] INFO  server.session (DefaultSessionIdManager.java:doStart(339)) - No SessionScavenger set, using defaults
2020-11-11 13:02:19,899 [Listener at 127.0.0.1/39313] INFO  server.session (HouseKeeper.java:startScavenging(132)) - node0 Scavenging every 600000ms
2020-11-11 13:02:19,899 [Listener at 127.0.0.1/39313] INFO  handler.ContextHandler (ContextHandler.java:doStart(916)) - Started o.e.j.s.ServletContextHandler@7be10fac{logs,/logs,file:///github/workspace/mnt/ozone/hadoop-ozone/integration-test/target/log,AVAILABLE}
2020-11-11 13:02:19,900 [Listener at 127.0.0.1/39313] INFO  handler.ContextHandler (ContextHandler.java:doStart(916)) - Started o.e.j.s.ServletContextHandler@7abb5a4{static,/static,jar:file:/home/user/.m2/repository/org/apache/hadoop/hadoop-hdds-container-service/1.1.0-SNAPSHOT/hadoop-hdds-container-service-1.1.0-SNAPSHOT.jar!/webapps/static,AVAILABLE}
2020-11-11 13:02:20,043 [Listener at 127.0.0.1/39313] INFO  handler.ContextHandler (ContextHandler.java:doStart(916)) - Started o.e.j.w.WebAppContext@7ec651bd{hddsDatanode,/,file:///tmp/jetty-0_0_0_0-41991-hadoop-hdds-container-service-1_1_0-SNAPSHOT_jar-_-any-5281991730230739774/webapp/,AVAILABLE}{jar:file:/home/user/.m2/repository/org/apache/hadoop/hadoop-hdds-container-service/1.1.0-SNAPSHOT/hadoop-hdds-container-service-1.1.0-SNAPSHOT.jar!/webapps/hddsDatanode}
2020-11-11 13:02:20,045 [Listener at 127.0.0.1/39313] INFO  server.AbstractConnector (AbstractConnector.java:doStart(331)) - Started ServerConnector@42163a45{HTTP/1.1, (http/1.1)}{0.0.0.0:41991}
2020-11-11 13:02:20,045 [Listener at 127.0.0.1/39313] INFO  server.Server (Server.java:doStart(415)) - Started @56943ms
2020-11-11 13:02:20,045 [Listener at 127.0.0.1/39313] WARN  impl.MetricsSystemImpl (MetricsSystemImpl.java:register(276)) - Sink prometheus already exists!
2020-11-11 13:02:20,049 [Listener at 127.0.0.1/39313] INFO  http.BaseHttpServer (BaseHttpServer.java:updateConnectorAddress(327)) - HTTP server of hddsDatanode listening at http://0.0.0.0:41991
2020-11-11 13:02:20,050 [Listener at 127.0.0.1/39313] INFO  impl.MetricsSystemImpl (MetricsSystemImpl.java:init(158)) - HddsDatanode metrics system started (again)
2020-11-11 13:02:20,057 [Listener at 127.0.0.1/39313] INFO  ozone.HddsDatanodeService (HddsDatanodeService.java:start(217)) - HddsDatanodeService host:1fbbdd0f98d0 ip:172.17.0.2
2020-11-11 13:02:20,058 [org.apache.hadoop.util.JvmPauseMonitor$Monitor@5994c3ab] INFO  util.JvmPauseMonitor (JvmPauseMonitor.java:run(188)) - Starting JVM pause monitor
2020-11-11 13:02:20,058 [Listener at 127.0.0.1/39313] INFO  volume.HddsVolume (HddsVolume.java:<init>(176)) - Creating Volume: /github/workspace/mnt/ozone/hadoop-ozone/integration-test/target/test-dir/MiniOzoneClusterImpl-360dda8a-aacf-474d-b2be-458d96023f40/datanode-4/data-0/containers/hdds of storage type : DISK and capacity : 9223372036854775807
2020-11-11 13:02:20,059 [Listener at 127.0.0.1/39313] INFO  volume.MutableVolumeSet (MutableVolumeSet.java:initializeVolumeSet(179)) - Added Volume : /github/workspace/mnt/ozone/hadoop-ozone/integration-test/target/test-dir/MiniOzoneClusterImpl-360dda8a-aacf-474d-b2be-458d96023f40/datanode-4/data-0/containers/hdds to VolumeSet
2020-11-11 13:02:20,059 [Listener at 127.0.0.1/39313] INFO  volume.ThrottledAsyncChecker (ThrottledAsyncChecker.java:schedule(141)) - Scheduling a check for /github/workspace/mnt/ozone/hadoop-ozone/integration-test/target/test-dir/MiniOzoneClusterImpl-360dda8a-aacf-474d-b2be-458d96023f40/datanode-4/data-0/containers/hdds
2020-11-11 13:02:20,059 [Listener at 127.0.0.1/39313] INFO  volume.HddsVolumeChecker (HddsVolumeChecker.java:checkAllVolumes(200)) - Scheduled health check for volume /github/workspace/mnt/ozone/hadoop-ozone/integration-test/target/test-dir/MiniOzoneClusterImpl-360dda8a-aacf-474d-b2be-458d96023f40/datanode-4/data-0/containers/hdds
2020-11-11 13:02:20,064 [Datanode State Machine Task Thread - 0] INFO  datanode.InitDatanodeState (InitDatanodeState.java:persistContainerDatanodeDetails(145)) - DatanodeDetails is persisted to /github/workspace/mnt/ozone/hadoop-ozone/integration-test/target/test-dir/MiniOzoneClusterImpl-360dda8a-aacf-474d-b2be-458d96023f40/datanode-3/meta/datanode.id
2020-11-11 13:02:20,074 [Thread-545] INFO  ozoneimpl.ContainerReader (ContainerReader.java:readVolume(123)) - Start to verify containers on volume /github/workspace/mnt/ozone/hadoop-ozone/integration-test/target/test-dir/MiniOzoneClusterImpl-360dda8a-aacf-474d-b2be-458d96023f40/datanode-4/data-0/containers/hdds
2020-11-11 13:02:20,074 [Thread-545] INFO  ozoneimpl.ContainerReader (ContainerReader.java:readVolume(148)) - Finish verifying containers on volume /github/workspace/mnt/ozone/hadoop-ozone/integration-test/target/test-dir/MiniOzoneClusterImpl-360dda8a-aacf-474d-b2be-458d96023f40/datanode-4/data-0/containers/hdds
2020-11-11 13:02:20,074 [Listener at 127.0.0.1/39313] INFO  ozoneimpl.OzoneContainer (OzoneContainer.java:buildContainerSet(196)) - Build ContainerSet costs 0s
2020-11-11 13:02:20,076 [Listener at 127.0.0.1/39313] INFO  impl.RaftServerProxy (ConfUtils.java:logGet(44)) - raft.rpc.type = GRPC (default)
2020-11-11 13:02:20,076 [Listener at 127.0.0.1/39313] INFO  grpc.GrpcFactory (GrpcFactory.java:checkPooledByteBufAllocatorUseCacheForAllThreads(45)) - PERFORMANCE WARNING: useCacheForAllThreads is true that may cause Netty to create a lot garbage objects and, as a result, trigger GC.
	It is recommended to disable useCacheForAllThreads by setting -Dorg.apache.ratis.thirdparty.io.netty.allocator.useCacheForAllThreads=false in command line.
2020-11-11 13:02:20,076 [Listener at 127.0.0.1/39313] INFO  grpc.GrpcConfigKeys (ConfUtils.java:logGet(44)) - raft.grpc.server.port = 0 (default)
2020-11-11 13:02:20,076 [Listener at 127.0.0.1/39313] INFO  server.GrpcService (ConfUtils.java:logGet(44)) - raft.grpc.message.size.max = 32MB (=33554432) (custom)
2020-11-11 13:02:20,076 [Listener at 127.0.0.1/39313] INFO  server.RaftServerConfigKeys (ConfUtils.java:logGet(44)) - raft.server.log.appender.buffer.byte-limit = 33554432 (custom)
2020-11-11 13:02:20,076 [Listener at 127.0.0.1/39313] INFO  server.GrpcService (ConfUtils.java:logGet(44)) - raft.grpc.flow.control.window = 5MB (=5242880) (custom)
2020-11-11 13:02:20,076 [Listener at 127.0.0.1/39313] INFO  server.RaftServerConfigKeys (ConfUtils.java:logGet(44)) - raft.server.rpc.request.timeout = 60s (custom)
2020-11-11 13:02:20,077 [Listener at 127.0.0.1/39313] INFO  server.RaftServerConfigKeys (ConfUtils.java:logGet(44)) - raft.server.storage.dir = [/github/workspace/mnt/ozone/hadoop-ozone/integration-test/target/test-dir/MiniOzoneClusterImpl-360dda8a-aacf-474d-b2be-458d96023f40/datanode-4/data/ratis] (custom)
2020-11-11 13:02:20,082 [Listener at 127.0.0.1/39313] INFO  http.BaseHttpServer (BaseHttpServer.java:newHttpServer2BuilderForOzone(207)) - Starting Web-server for hddsDatanode at: http://0.0.0.0:0
2020-11-11 13:02:20,082 [Listener at 127.0.0.1/39313] INFO  http.BaseHttpServer (BaseHttpServer.java:<init>(106)) - Hadoop Security Enabled: false Ozone Security Enabled: false Ozone HTTP Security Enabled: false 
2020-11-11 13:02:20,114 [Listener at 127.0.0.1/39313] INFO  server.AuthenticationFilter (AuthenticationFilter.java:constructSecretProvider(240)) - Unable to initialize FileSignerSecretProvider, falling back to use random secrets.
2020-11-11 13:02:20,115 [Listener at 127.0.0.1/39313] WARN  http.HttpRequestLog (HttpRequestLog.java:getRequestLog(103)) - Jetty request log can only be enabled using Log4j
2020-11-11 13:02:20,116 [Listener at 127.0.0.1/39313] INFO  http.HttpServer2 (HttpServer2.java:addGlobalFilter(1019)) - Added global filter 'safety' (class=org.apache.hadoop.hdds.server.http.HttpServer2$QuotingInputFilter)
2020-11-11 13:02:20,120 [Listener at 127.0.0.1/39313] INFO  http.HttpServer2 (HttpServer2.java:addFilter(995)) - Added filter static_user_filter (class=org.apache.hadoop.http.lib.StaticUserWebFilter$StaticUserFilter) to context hddsDatanode
2020-11-11 13:02:20,120 [Listener at 127.0.0.1/39313] INFO  http.HttpServer2 (HttpServer2.java:addFilter(1003)) - Added filter static_user_filter (class=org.apache.hadoop.http.lib.StaticUserWebFilter$StaticUserFilter) to context logs
2020-11-11 13:02:20,120 [Listener at 127.0.0.1/39313] INFO  http.HttpServer2 (HttpServer2.java:addFilter(1003)) - Added filter static_user_filter (class=org.apache.hadoop.http.lib.StaticUserWebFilter$StaticUserFilter) to context static
2020-11-11 13:02:20,121 [Listener at 127.0.0.1/39313] INFO  http.HttpServer2 (HttpServer2.java:bindListener(1237)) - Jetty bound to port 40075
2020-11-11 13:02:20,121 [Listener at 127.0.0.1/39313] INFO  server.Server (Server.java:doStart(375)) - jetty-9.4.34.v20201102; built: 2020-11-02T14:15:39.302Z; git: e46af88704a893fc12cb0e3bf46e2c7b48a009e7; jvm 1.8.0_232-b09
2020-11-11 13:02:20,127 [Listener at 127.0.0.1/39313] INFO  server.session (DefaultSessionIdManager.java:doStart(334)) - DefaultSessionIdManager workerName=node0
2020-11-11 13:02:20,127 [Listener at 127.0.0.1/39313] INFO  server.session (DefaultSessionIdManager.java:doStart(339)) - No SessionScavenger set, using defaults
2020-11-11 13:02:20,127 [Listener at 127.0.0.1/39313] INFO  server.session (HouseKeeper.java:startScavenging(132)) - node0 Scavenging every 600000ms
2020-11-11 13:02:20,128 [Listener at 127.0.0.1/39313] INFO  handler.ContextHandler (ContextHandler.java:doStart(916)) - Started o.e.j.s.ServletContextHandler@38a24427{logs,/logs,file:///github/workspace/mnt/ozone/hadoop-ozone/integration-test/target/log,AVAILABLE}
2020-11-11 13:02:20,129 [Listener at 127.0.0.1/39313] INFO  handler.ContextHandler (ContextHandler.java:doStart(916)) - Started o.e.j.s.ServletContextHandler@52a3f504{static,/static,jar:file:/home/user/.m2/repository/org/apache/hadoop/hadoop-hdds-container-service/1.1.0-SNAPSHOT/hadoop-hdds-container-service-1.1.0-SNAPSHOT.jar!/webapps/static,AVAILABLE}
2020-11-11 13:02:20,280 [Listener at 127.0.0.1/39313] INFO  handler.ContextHandler (ContextHandler.java:doStart(916)) - Started o.e.j.w.WebAppContext@44165880{hddsDatanode,/,file:///tmp/jetty-0_0_0_0-40075-hadoop-hdds-container-service-1_1_0-SNAPSHOT_jar-_-any-3680942328518813957/webapp/,AVAILABLE}{jar:file:/home/user/.m2/repository/org/apache/hadoop/hadoop-hdds-container-service/1.1.0-SNAPSHOT/hadoop-hdds-container-service-1.1.0-SNAPSHOT.jar!/webapps/hddsDatanode}
2020-11-11 13:02:20,281 [Listener at 127.0.0.1/39313] INFO  server.AbstractConnector (AbstractConnector.java:doStart(331)) - Started ServerConnector@2a6adb9d{HTTP/1.1, (http/1.1)}{0.0.0.0:40075}
2020-11-11 13:02:20,281 [Listener at 127.0.0.1/39313] INFO  server.Server (Server.java:doStart(415)) - Started @57179ms
2020-11-11 13:02:20,281 [Listener at 127.0.0.1/39313] WARN  impl.MetricsSystemImpl (MetricsSystemImpl.java:register(276)) - Sink prometheus already exists!
2020-11-11 13:02:20,286 [Listener at 127.0.0.1/39313] INFO  http.BaseHttpServer (BaseHttpServer.java:updateConnectorAddress(327)) - HTTP server of hddsDatanode listening at http://0.0.0.0:40075
2020-11-11 13:02:20,288 [Listener at 127.0.0.1/39313] INFO  impl.MetricsSystemImpl (MetricsSystemImpl.java:init(158)) - HddsDatanode metrics system started (again)
2020-11-11 13:02:20,294 [Datanode State Machine Task Thread - 0] INFO  datanode.InitDatanodeState (InitDatanodeState.java:persistContainerDatanodeDetails(145)) - DatanodeDetails is persisted to /github/workspace/mnt/ozone/hadoop-ozone/integration-test/target/test-dir/MiniOzoneClusterImpl-360dda8a-aacf-474d-b2be-458d96023f40/datanode-4/meta/datanode.id
2020-11-11 13:02:20,294 [Listener at 127.0.0.1/39313] INFO  ozone.HddsDatanodeService (HddsDatanodeService.java:start(217)) - HddsDatanodeService host:1fbbdd0f98d0 ip:172.17.0.2
2020-11-11 13:02:20,295 [org.apache.hadoop.util.JvmPauseMonitor$Monitor@578d7675] INFO  util.JvmPauseMonitor (JvmPauseMonitor.java:run(188)) - Starting JVM pause monitor
2020-11-11 13:02:20,295 [Listener at 127.0.0.1/39313] INFO  volume.HddsVolume (HddsVolume.java:<init>(176)) - Creating Volume: /github/workspace/mnt/ozone/hadoop-ozone/integration-test/target/test-dir/MiniOzoneClusterImpl-360dda8a-aacf-474d-b2be-458d96023f40/datanode-5/data-0/containers/hdds of storage type : DISK and capacity : 9223372036854775807
2020-11-11 13:02:20,295 [Listener at 127.0.0.1/39313] INFO  volume.MutableVolumeSet (MutableVolumeSet.java:initializeVolumeSet(179)) - Added Volume : /github/workspace/mnt/ozone/hadoop-ozone/integration-test/target/test-dir/MiniOzoneClusterImpl-360dda8a-aacf-474d-b2be-458d96023f40/datanode-5/data-0/containers/hdds to VolumeSet
2020-11-11 13:02:20,296 [Listener at 127.0.0.1/39313] INFO  volume.ThrottledAsyncChecker (ThrottledAsyncChecker.java:schedule(141)) - Scheduling a check for /github/workspace/mnt/ozone/hadoop-ozone/integration-test/target/test-dir/MiniOzoneClusterImpl-360dda8a-aacf-474d-b2be-458d96023f40/datanode-5/data-0/containers/hdds
2020-11-11 13:02:20,296 [Listener at 127.0.0.1/39313] INFO  volume.HddsVolumeChecker (HddsVolumeChecker.java:checkAllVolumes(200)) - Scheduled health check for volume /github/workspace/mnt/ozone/hadoop-ozone/integration-test/target/test-dir/MiniOzoneClusterImpl-360dda8a-aacf-474d-b2be-458d96023f40/datanode-5/data-0/containers/hdds
2020-11-11 13:02:20,313 [Thread-556] INFO  ozoneimpl.ContainerReader (ContainerReader.java:readVolume(123)) - Start to verify containers on volume /github/workspace/mnt/ozone/hadoop-ozone/integration-test/target/test-dir/MiniOzoneClusterImpl-360dda8a-aacf-474d-b2be-458d96023f40/datanode-5/data-0/containers/hdds
2020-11-11 13:02:20,313 [Thread-556] INFO  ozoneimpl.ContainerReader (ContainerReader.java:readVolume(148)) - Finish verifying containers on volume /github/workspace/mnt/ozone/hadoop-ozone/integration-test/target/test-dir/MiniOzoneClusterImpl-360dda8a-aacf-474d-b2be-458d96023f40/datanode-5/data-0/containers/hdds
2020-11-11 13:02:20,313 [Listener at 127.0.0.1/39313] INFO  ozoneimpl.OzoneContainer (OzoneContainer.java:buildContainerSet(196)) - Build ContainerSet costs 0s
2020-11-11 13:02:20,315 [Listener at 127.0.0.1/39313] INFO  impl.RaftServerProxy (ConfUtils.java:logGet(44)) - raft.rpc.type = GRPC (default)
2020-11-11 13:02:20,315 [Listener at 127.0.0.1/39313] INFO  grpc.GrpcFactory (GrpcFactory.java:checkPooledByteBufAllocatorUseCacheForAllThreads(45)) - PERFORMANCE WARNING: useCacheForAllThreads is true that may cause Netty to create a lot garbage objects and, as a result, trigger GC.
	It is recommended to disable useCacheForAllThreads by setting -Dorg.apache.ratis.thirdparty.io.netty.allocator.useCacheForAllThreads=false in command line.
2020-11-11 13:02:20,315 [Listener at 127.0.0.1/39313] INFO  grpc.GrpcConfigKeys (ConfUtils.java:logGet(44)) - raft.grpc.server.port = 0 (default)
2020-11-11 13:02:20,315 [Listener at 127.0.0.1/39313] INFO  server.GrpcService (ConfUtils.java:logGet(44)) - raft.grpc.message.size.max = 32MB (=33554432) (custom)
2020-11-11 13:02:20,316 [Listener at 127.0.0.1/39313] INFO  server.RaftServerConfigKeys (ConfUtils.java:logGet(44)) - raft.server.log.appender.buffer.byte-limit = 33554432 (custom)
2020-11-11 13:02:20,316 [Listener at 127.0.0.1/39313] INFO  server.GrpcService (ConfUtils.java:logGet(44)) - raft.grpc.flow.control.window = 5MB (=5242880) (custom)
2020-11-11 13:02:20,316 [Listener at 127.0.0.1/39313] INFO  server.RaftServerConfigKeys (ConfUtils.java:logGet(44)) - raft.server.rpc.request.timeout = 60s (custom)
2020-11-11 13:02:20,317 [Listener at 127.0.0.1/39313] INFO  server.RaftServerConfigKeys (ConfUtils.java:logGet(44)) - raft.server.storage.dir = [/github/workspace/mnt/ozone/hadoop-ozone/integration-test/target/test-dir/MiniOzoneClusterImpl-360dda8a-aacf-474d-b2be-458d96023f40/datanode-5/data/ratis] (custom)
2020-11-11 13:02:20,321 [Listener at 127.0.0.1/39313] INFO  http.BaseHttpServer (BaseHttpServer.java:newHttpServer2BuilderForOzone(207)) - Starting Web-server for hddsDatanode at: http://0.0.0.0:0
2020-11-11 13:02:20,321 [Listener at 127.0.0.1/39313] INFO  http.BaseHttpServer (BaseHttpServer.java:<init>(106)) - Hadoop Security Enabled: false Ozone Security Enabled: false Ozone HTTP Security Enabled: false 
2020-11-11 13:02:20,322 [Listener at 127.0.0.1/39313] INFO  server.AuthenticationFilter (AuthenticationFilter.java:constructSecretProvider(240)) - Unable to initialize FileSignerSecretProvider, falling back to use random secrets.
2020-11-11 13:02:20,322 [Listener at 127.0.0.1/39313] WARN  http.HttpRequestLog (HttpRequestLog.java:getRequestLog(103)) - Jetty request log can only be enabled using Log4j
2020-11-11 13:02:20,323 [Listener at 127.0.0.1/39313] INFO  http.HttpServer2 (HttpServer2.java:addGlobalFilter(1019)) - Added global filter 'safety' (class=org.apache.hadoop.hdds.server.http.HttpServer2$QuotingInputFilter)
2020-11-11 13:02:20,324 [Listener at 127.0.0.1/39313] INFO  http.HttpServer2 (HttpServer2.java:addFilter(995)) - Added filter static_user_filter (class=org.apache.hadoop.http.lib.StaticUserWebFilter$StaticUserFilter) to context hddsDatanode
2020-11-11 13:02:20,324 [Listener at 127.0.0.1/39313] INFO  http.HttpServer2 (HttpServer2.java:addFilter(1003)) - Added filter static_user_filter (class=org.apache.hadoop.http.lib.StaticUserWebFilter$StaticUserFilter) to context logs
2020-11-11 13:02:20,324 [Listener at 127.0.0.1/39313] INFO  http.HttpServer2 (HttpServer2.java:addFilter(1003)) - Added filter static_user_filter (class=org.apache.hadoop.http.lib.StaticUserWebFilter$StaticUserFilter) to context static
2020-11-11 13:02:20,326 [Listener at 127.0.0.1/39313] INFO  http.HttpServer2 (HttpServer2.java:bindListener(1237)) - Jetty bound to port 38201
2020-11-11 13:02:20,326 [Listener at 127.0.0.1/39313] INFO  server.Server (Server.java:doStart(375)) - jetty-9.4.34.v20201102; built: 2020-11-02T14:15:39.302Z; git: e46af88704a893fc12cb0e3bf46e2c7b48a009e7; jvm 1.8.0_232-b09
2020-11-11 13:02:20,327 [Listener at 127.0.0.1/39313] INFO  server.session (DefaultSessionIdManager.java:doStart(334)) - DefaultSessionIdManager workerName=node0
2020-11-11 13:02:20,327 [Listener at 127.0.0.1/39313] INFO  server.session (DefaultSessionIdManager.java:doStart(339)) - No SessionScavenger set, using defaults
2020-11-11 13:02:20,328 [Listener at 127.0.0.1/39313] INFO  server.session (HouseKeeper.java:startScavenging(132)) - node0 Scavenging every 660000ms
2020-11-11 13:02:20,328 [Listener at 127.0.0.1/39313] INFO  handler.ContextHandler (ContextHandler.java:doStart(916)) - Started o.e.j.s.ServletContextHandler@1cd14e{logs,/logs,file:///github/workspace/mnt/ozone/hadoop-ozone/integration-test/target/log,AVAILABLE}
2020-11-11 13:02:20,328 [Listener at 127.0.0.1/39313] INFO  handler.ContextHandler (ContextHandler.java:doStart(916)) - Started o.e.j.s.ServletContextHandler@6983eb59{static,/static,jar:file:/home/user/.m2/repository/org/apache/hadoop/hadoop-hdds-container-service/1.1.0-SNAPSHOT/hadoop-hdds-container-service-1.1.0-SNAPSHOT.jar!/webapps/static,AVAILABLE}
2020-11-11 13:02:20,465 [Listener at 127.0.0.1/39313] INFO  handler.ContextHandler (ContextHandler.java:doStart(916)) - Started o.e.j.w.WebAppContext@5d389101{hddsDatanode,/,file:///tmp/jetty-0_0_0_0-38201-hadoop-hdds-container-service-1_1_0-SNAPSHOT_jar-_-any-2243701505413436473/webapp/,AVAILABLE}{jar:file:/home/user/.m2/repository/org/apache/hadoop/hadoop-hdds-container-service/1.1.0-SNAPSHOT/hadoop-hdds-container-service-1.1.0-SNAPSHOT.jar!/webapps/hddsDatanode}
2020-11-11 13:02:20,466 [Listener at 127.0.0.1/39313] INFO  server.AbstractConnector (AbstractConnector.java:doStart(331)) - Started ServerConnector@78614144{HTTP/1.1, (http/1.1)}{0.0.0.0:38201}
2020-11-11 13:02:20,466 [Listener at 127.0.0.1/39313] INFO  server.Server (Server.java:doStart(415)) - Started @57364ms
2020-11-11 13:02:20,466 [Listener at 127.0.0.1/39313] WARN  impl.MetricsSystemImpl (MetricsSystemImpl.java:register(276)) - Sink prometheus already exists!
2020-11-11 13:02:20,470 [Listener at 127.0.0.1/39313] INFO  http.BaseHttpServer (BaseHttpServer.java:updateConnectorAddress(327)) - HTTP server of hddsDatanode listening at http://0.0.0.0:38201
2020-11-11 13:02:20,475 [Listener at 127.0.0.1/39313] INFO  impl.MetricsSystemImpl (MetricsSystemImpl.java:init(158)) - HddsDatanode metrics system started (again)
2020-11-11 13:02:20,476 [Listener at 127.0.0.1/39313] INFO  ozone.HddsDatanodeService (HddsDatanodeService.java:start(217)) - HddsDatanodeService host:1fbbdd0f98d0 ip:172.17.0.2
2020-11-11 13:02:20,478 [org.apache.hadoop.util.JvmPauseMonitor$Monitor@58ea0ee8] INFO  util.JvmPauseMonitor (JvmPauseMonitor.java:run(188)) - Starting JVM pause monitor
2020-11-11 13:02:20,479 [Listener at 127.0.0.1/39313] INFO  volume.HddsVolume (HddsVolume.java:<init>(176)) - Creating Volume: /github/workspace/mnt/ozone/hadoop-ozone/integration-test/target/test-dir/MiniOzoneClusterImpl-360dda8a-aacf-474d-b2be-458d96023f40/datanode-6/data-0/containers/hdds of storage type : DISK and capacity : 9223372036854775807
2020-11-11 13:02:20,479 [Listener at 127.0.0.1/39313] INFO  volume.MutableVolumeSet (MutableVolumeSet.java:initializeVolumeSet(179)) - Added Volume : /github/workspace/mnt/ozone/hadoop-ozone/integration-test/target/test-dir/MiniOzoneClusterImpl-360dda8a-aacf-474d-b2be-458d96023f40/datanode-6/data-0/containers/hdds to VolumeSet
2020-11-11 13:02:20,479 [Listener at 127.0.0.1/39313] INFO  volume.ThrottledAsyncChecker (ThrottledAsyncChecker.java:schedule(141)) - Scheduling a check for /github/workspace/mnt/ozone/hadoop-ozone/integration-test/target/test-dir/MiniOzoneClusterImpl-360dda8a-aacf-474d-b2be-458d96023f40/datanode-6/data-0/containers/hdds
2020-11-11 13:02:20,480 [Datanode State Machine Task Thread - 0] INFO  datanode.InitDatanodeState (InitDatanodeState.java:persistContainerDatanodeDetails(145)) - DatanodeDetails is persisted to /github/workspace/mnt/ozone/hadoop-ozone/integration-test/target/test-dir/MiniOzoneClusterImpl-360dda8a-aacf-474d-b2be-458d96023f40/datanode-5/meta/datanode.id
2020-11-11 13:02:20,480 [Listener at 127.0.0.1/39313] INFO  volume.HddsVolumeChecker (HddsVolumeChecker.java:checkAllVolumes(200)) - Scheduled health check for volume /github/workspace/mnt/ozone/hadoop-ozone/integration-test/target/test-dir/MiniOzoneClusterImpl-360dda8a-aacf-474d-b2be-458d96023f40/datanode-6/data-0/containers/hdds
2020-11-11 13:02:20,494 [Thread-567] INFO  ozoneimpl.ContainerReader (ContainerReader.java:readVolume(123)) - Start to verify containers on volume /github/workspace/mnt/ozone/hadoop-ozone/integration-test/target/test-dir/MiniOzoneClusterImpl-360dda8a-aacf-474d-b2be-458d96023f40/datanode-6/data-0/containers/hdds
2020-11-11 13:02:20,494 [Thread-567] INFO  ozoneimpl.ContainerReader (ContainerReader.java:readVolume(148)) - Finish verifying containers on volume /github/workspace/mnt/ozone/hadoop-ozone/integration-test/target/test-dir/MiniOzoneClusterImpl-360dda8a-aacf-474d-b2be-458d96023f40/datanode-6/data-0/containers/hdds
2020-11-11 13:02:20,494 [Listener at 127.0.0.1/39313] INFO  ozoneimpl.OzoneContainer (OzoneContainer.java:buildContainerSet(196)) - Build ContainerSet costs 0s
2020-11-11 13:02:20,496 [Listener at 127.0.0.1/39313] INFO  impl.RaftServerProxy (ConfUtils.java:logGet(44)) - raft.rpc.type = GRPC (default)
2020-11-11 13:02:20,496 [Listener at 127.0.0.1/39313] INFO  grpc.GrpcFactory (GrpcFactory.java:checkPooledByteBufAllocatorUseCacheForAllThreads(45)) - PERFORMANCE WARNING: useCacheForAllThreads is true that may cause Netty to create a lot garbage objects and, as a result, trigger GC.
	It is recommended to disable useCacheForAllThreads by setting -Dorg.apache.ratis.thirdparty.io.netty.allocator.useCacheForAllThreads=false in command line.
2020-11-11 13:02:20,496 [Listener at 127.0.0.1/39313] INFO  grpc.GrpcConfigKeys (ConfUtils.java:logGet(44)) - raft.grpc.server.port = 0 (default)
2020-11-11 13:02:20,496 [Listener at 127.0.0.1/39313] INFO  server.GrpcService (ConfUtils.java:logGet(44)) - raft.grpc.message.size.max = 32MB (=33554432) (custom)
2020-11-11 13:02:20,496 [Listener at 127.0.0.1/39313] INFO  server.RaftServerConfigKeys (ConfUtils.java:logGet(44)) - raft.server.log.appender.buffer.byte-limit = 33554432 (custom)
2020-11-11 13:02:20,496 [Listener at 127.0.0.1/39313] INFO  server.GrpcService (ConfUtils.java:logGet(44)) - raft.grpc.flow.control.window = 5MB (=5242880) (custom)
2020-11-11 13:02:20,496 [Listener at 127.0.0.1/39313] INFO  server.RaftServerConfigKeys (ConfUtils.java:logGet(44)) - raft.server.rpc.request.timeout = 60s (custom)
2020-11-11 13:02:20,497 [Listener at 127.0.0.1/39313] INFO  server.RaftServerConfigKeys (ConfUtils.java:logGet(44)) - raft.server.storage.dir = [/github/workspace/mnt/ozone/hadoop-ozone/integration-test/target/test-dir/MiniOzoneClusterImpl-360dda8a-aacf-474d-b2be-458d96023f40/datanode-6/data/ratis] (custom)
2020-11-11 13:02:20,505 [Listener at 127.0.0.1/39313] INFO  http.BaseHttpServer (BaseHttpServer.java:newHttpServer2BuilderForOzone(207)) - Starting Web-server for hddsDatanode at: http://0.0.0.0:0
2020-11-11 13:02:20,505 [Listener at 127.0.0.1/39313] INFO  http.BaseHttpServer (BaseHttpServer.java:<init>(106)) - Hadoop Security Enabled: false Ozone Security Enabled: false Ozone HTTP Security Enabled: false 
2020-11-11 13:02:20,506 [Listener at 127.0.0.1/39313] INFO  server.AuthenticationFilter (AuthenticationFilter.java:constructSecretProvider(240)) - Unable to initialize FileSignerSecretProvider, falling back to use random secrets.
2020-11-11 13:02:20,506 [Listener at 127.0.0.1/39313] WARN  http.HttpRequestLog (HttpRequestLog.java:getRequestLog(103)) - Jetty request log can only be enabled using Log4j
2020-11-11 13:02:20,507 [Listener at 127.0.0.1/39313] INFO  http.HttpServer2 (HttpServer2.java:addGlobalFilter(1019)) - Added global filter 'safety' (class=org.apache.hadoop.hdds.server.http.HttpServer2$QuotingInputFilter)
2020-11-11 13:02:20,507 [Listener at 127.0.0.1/39313] INFO  http.HttpServer2 (HttpServer2.java:addFilter(995)) - Added filter static_user_filter (class=org.apache.hadoop.http.lib.StaticUserWebFilter$StaticUserFilter) to context hddsDatanode
2020-11-11 13:02:20,507 [Listener at 127.0.0.1/39313] INFO  http.HttpServer2 (HttpServer2.java:addFilter(1003)) - Added filter static_user_filter (class=org.apache.hadoop.http.lib.StaticUserWebFilter$StaticUserFilter) to context static
2020-11-11 13:02:20,508 [Listener at 127.0.0.1/39313] INFO  http.HttpServer2 (HttpServer2.java:addFilter(1003)) - Added filter static_user_filter (class=org.apache.hadoop.http.lib.StaticUserWebFilter$StaticUserFilter) to context logs
2020-11-11 13:02:20,508 [Listener at 127.0.0.1/39313] INFO  http.HttpServer2 (HttpServer2.java:bindListener(1237)) - Jetty bound to port 38859
2020-11-11 13:02:20,508 [Listener at 127.0.0.1/39313] INFO  server.Server (Server.java:doStart(375)) - jetty-9.4.34.v20201102; built: 2020-11-02T14:15:39.302Z; git: e46af88704a893fc12cb0e3bf46e2c7b48a009e7; jvm 1.8.0_232-b09
2020-11-11 13:02:20,510 [Listener at 127.0.0.1/39313] INFO  server.session (DefaultSessionIdManager.java:doStart(334)) - DefaultSessionIdManager workerName=node0
2020-11-11 13:02:20,510 [Listener at 127.0.0.1/39313] INFO  server.session (DefaultSessionIdManager.java:doStart(339)) - No SessionScavenger set, using defaults
2020-11-11 13:02:20,510 [Listener at 127.0.0.1/39313] INFO  server.session (HouseKeeper.java:startScavenging(132)) - node0 Scavenging every 660000ms
2020-11-11 13:02:20,511 [Listener at 127.0.0.1/39313] INFO  handler.ContextHandler (ContextHandler.java:doStart(916)) - Started o.e.j.s.ServletContextHandler@519109a8{logs,/logs,file:///github/workspace/mnt/ozone/hadoop-ozone/integration-test/target/log,AVAILABLE}
2020-11-11 13:02:20,511 [Listener at 127.0.0.1/39313] INFO  handler.ContextHandler (ContextHandler.java:doStart(916)) - Started o.e.j.s.ServletContextHandler@26367412{static,/static,jar:file:/home/user/.m2/repository/org/apache/hadoop/hadoop-hdds-container-service/1.1.0-SNAPSHOT/hadoop-hdds-container-service-1.1.0-SNAPSHOT.jar!/webapps/static,AVAILABLE}
2020-11-11 13:02:20,655 [Listener at 127.0.0.1/39313] INFO  handler.ContextHandler (ContextHandler.java:doStart(916)) - Started o.e.j.w.WebAppContext@5a89900e{hddsDatanode,/,file:///tmp/jetty-0_0_0_0-38859-hadoop-hdds-container-service-1_1_0-SNAPSHOT_jar-_-any-8062005260911749439/webapp/,AVAILABLE}{jar:file:/home/user/.m2/repository/org/apache/hadoop/hadoop-hdds-container-service/1.1.0-SNAPSHOT/hadoop-hdds-container-service-1.1.0-SNAPSHOT.jar!/webapps/hddsDatanode}
2020-11-11 13:02:20,656 [Listener at 127.0.0.1/39313] INFO  server.AbstractConnector (AbstractConnector.java:doStart(331)) - Started ServerConnector@7c7d4c51{HTTP/1.1, (http/1.1)}{0.0.0.0:38859}
2020-11-11 13:02:20,657 [Listener at 127.0.0.1/39313] INFO  server.Server (Server.java:doStart(415)) - Started @57554ms
2020-11-11 13:02:20,657 [Listener at 127.0.0.1/39313] WARN  impl.MetricsSystemImpl (MetricsSystemImpl.java:register(276)) - Sink prometheus already exists!
2020-11-11 13:02:20,660 [Listener at 127.0.0.1/39313] INFO  http.BaseHttpServer (BaseHttpServer.java:updateConnectorAddress(327)) - HTTP server of hddsDatanode listening at http://0.0.0.0:38859
2020-11-11 13:02:20,662 [Listener at 127.0.0.1/39313] INFO  ozone.MiniOzoneClusterImpl (MiniOzoneClusterImpl.java:lambda$waitForClusterToBeReady$0(177)) - Waiting for nodes to be ready. Got 0 of 7 DN Heartbeats.
2020-11-11 13:02:20,666 [Listener at 127.0.0.1/39313] INFO  ozone.MiniOzoneClusterImpl (MiniOzoneClusterImpl.java:lambda$waitForClusterToBeReady$0(180)) - Waiting for cluster to exit safe mode
2020-11-11 13:02:20,667 [org.apache.hadoop.util.JvmPauseMonitor$Monitor@6d5d4946] INFO  util.JvmPauseMonitor (JvmPauseMonitor.java:run(188)) - Starting JVM pause monitor
2020-11-11 13:02:20,668 [Datanode State Machine Task Thread - 0] INFO  datanode.InitDatanodeState (InitDatanodeState.java:persistContainerDatanodeDetails(145)) - DatanodeDetails is persisted to /github/workspace/mnt/ozone/hadoop-ozone/integration-test/target/test-dir/MiniOzoneClusterImpl-360dda8a-aacf-474d-b2be-458d96023f40/datanode-6/meta/datanode.id
2020-11-11 13:02:21,494 [EndpointStateMachine task thread for /0.0.0.0:44729 - 0 ] INFO  ozoneimpl.OzoneContainer (OzoneContainer.java:start(245)) - Attempting to start container services.
2020-11-11 13:02:21,495 [EndpointStateMachine task thread for /0.0.0.0:44729 - 0 ] INFO  ozoneimpl.OzoneContainer (OzoneContainer.java:startContainerScrub(209)) - Background container scanner has been disabled.
2020-11-11 13:02:21,495 [EndpointStateMachine task thread for /0.0.0.0:44729 - 0 ] INFO  ratis.XceiverServerRatis (XceiverServerRatis.java:start(456)) - Starting XceiverServerRatis e069e265-bb49-430d-a7d5-075644e54025 at port 0
2020-11-11 13:02:21,498 [EndpointStateMachine task thread for /0.0.0.0:44729 - 0 ] INFO  impl.RaftServerProxy (RaftServerProxy.java:lambda$start$3(307)) - e069e265-bb49-430d-a7d5-075644e54025: start RPC server
2020-11-11 13:02:21,499 [EndpointStateMachine task thread for /0.0.0.0:44729 - 0 ] INFO  server.GrpcService (GrpcService.java:startImpl(177)) - e069e265-bb49-430d-a7d5-075644e54025: GrpcService started, listening on 0.0.0.0/0.0.0.0:45889
2020-11-11 13:02:21,499 [EndpointStateMachine task thread for /0.0.0.0:44729 - 0 ] INFO  ratis.XceiverServerRatis (XceiverServerRatis.java:start(468)) - XceiverServerRatis e069e265-bb49-430d-a7d5-075644e54025 is started using port 45889
2020-11-11 13:02:21,501 [EndpointStateMachine task thread for /0.0.0.0:44729 - 0 ] INFO  server.XceiverServerGrpc (XceiverServerGrpc.java:start(145)) - XceiverServerGrpc e069e265-bb49-430d-a7d5-075644e54025 is started using port 35553
2020-11-11 13:02:21,667 [Listener at 127.0.0.1/39313] INFO  ozone.MiniOzoneClusterImpl (MiniOzoneClusterImpl.java:lambda$waitForClusterToBeReady$0(177)) - Waiting for nodes to be ready. Got 0 of 7 DN Heartbeats.
2020-11-11 13:02:21,667 [Listener at 127.0.0.1/39313] INFO  ozone.MiniOzoneClusterImpl (MiniOzoneClusterImpl.java:lambda$waitForClusterToBeReady$0(180)) - Waiting for cluster to exit safe mode
2020-11-11 13:02:21,683 [EndpointStateMachine task thread for /0.0.0.0:44729 - 0 ] INFO  ozoneimpl.OzoneContainer (OzoneContainer.java:start(245)) - Attempting to start container services.
2020-11-11 13:02:21,683 [EndpointStateMachine task thread for /0.0.0.0:44729 - 0 ] INFO  ozoneimpl.OzoneContainer (OzoneContainer.java:startContainerScrub(209)) - Background container scanner has been disabled.
2020-11-11 13:02:21,683 [EndpointStateMachine task thread for /0.0.0.0:44729 - 0 ] INFO  ratis.XceiverServerRatis (XceiverServerRatis.java:start(456)) - Starting XceiverServerRatis cf4c8ff2-bc1a-4dec-a9dc-d34d644bc422 at port 0
2020-11-11 13:02:21,686 [EndpointStateMachine task thread for /0.0.0.0:44729 - 0 ] INFO  impl.RaftServerProxy (RaftServerProxy.java:lambda$start$3(307)) - cf4c8ff2-bc1a-4dec-a9dc-d34d644bc422: start RPC server
2020-11-11 13:02:21,687 [EndpointStateMachine task thread for /0.0.0.0:44729 - 0 ] INFO  server.GrpcService (GrpcService.java:startImpl(177)) - cf4c8ff2-bc1a-4dec-a9dc-d34d644bc422: GrpcService started, listening on 0.0.0.0/0.0.0.0:44713
2020-11-11 13:02:21,687 [EndpointStateMachine task thread for /0.0.0.0:44729 - 0 ] INFO  ratis.XceiverServerRatis (XceiverServerRatis.java:start(468)) - XceiverServerRatis cf4c8ff2-bc1a-4dec-a9dc-d34d644bc422 is started using port 44713
2020-11-11 13:02:21,688 [EndpointStateMachine task thread for /0.0.0.0:44729 - 0 ] INFO  server.XceiverServerGrpc (XceiverServerGrpc.java:start(145)) - XceiverServerGrpc cf4c8ff2-bc1a-4dec-a9dc-d34d644bc422 is started using port 33751
2020-11-11 13:02:21,855 [EndpointStateMachine task thread for /0.0.0.0:44729 - 0 ] INFO  ozoneimpl.OzoneContainer (OzoneContainer.java:start(245)) - Attempting to start container services.
2020-11-11 13:02:21,856 [EndpointStateMachine task thread for /0.0.0.0:44729 - 0 ] INFO  ozoneimpl.OzoneContainer (OzoneContainer.java:startContainerScrub(209)) - Background container scanner has been disabled.
2020-11-11 13:02:21,856 [EndpointStateMachine task thread for /0.0.0.0:44729 - 0 ] INFO  ratis.XceiverServerRatis (XceiverServerRatis.java:start(456)) - Starting XceiverServerRatis f941e2d8-b1d9-4857-a015-dcc954962098 at port 0
2020-11-11 13:02:21,857 [EndpointStateMachine task thread for /0.0.0.0:44729 - 0 ] INFO  impl.RaftServerProxy (RaftServerProxy.java:lambda$start$3(307)) - f941e2d8-b1d9-4857-a015-dcc954962098: start RPC server
2020-11-11 13:02:21,858 [EndpointStateMachine task thread for /0.0.0.0:44729 - 0 ] INFO  server.GrpcService (GrpcService.java:startImpl(177)) - f941e2d8-b1d9-4857-a015-dcc954962098: GrpcService started, listening on 0.0.0.0/0.0.0.0:43187
2020-11-11 13:02:21,858 [EndpointStateMachine task thread for /0.0.0.0:44729 - 0 ] INFO  ratis.XceiverServerRatis (XceiverServerRatis.java:start(468)) - XceiverServerRatis f941e2d8-b1d9-4857-a015-dcc954962098 is started using port 43187
2020-11-11 13:02:21,861 [EndpointStateMachine task thread for /0.0.0.0:44729 - 0 ] INFO  server.XceiverServerGrpc (XceiverServerGrpc.java:start(145)) - XceiverServerGrpc f941e2d8-b1d9-4857-a015-dcc954962098 is started using port 46489
2020-11-11 13:02:22,068 [EndpointStateMachine task thread for /0.0.0.0:44729 - 0 ] INFO  ozoneimpl.OzoneContainer (OzoneContainer.java:start(245)) - Attempting to start container services.
2020-11-11 13:02:22,068 [EndpointStateMachine task thread for /0.0.0.0:44729 - 0 ] INFO  ozoneimpl.OzoneContainer (OzoneContainer.java:startContainerScrub(209)) - Background container scanner has been disabled.
2020-11-11 13:02:22,068 [EndpointStateMachine task thread for /0.0.0.0:44729 - 0 ] INFO  ratis.XceiverServerRatis (XceiverServerRatis.java:start(456)) - Starting XceiverServerRatis dfc112cd-6783-4672-858d-cfab3cc4e4cb at port 0
2020-11-11 13:02:22,071 [EndpointStateMachine task thread for /0.0.0.0:44729 - 0 ] INFO  impl.RaftServerProxy (RaftServerProxy.java:lambda$start$3(307)) - dfc112cd-6783-4672-858d-cfab3cc4e4cb: start RPC server
2020-11-11 13:02:22,071 [EndpointStateMachine task thread for /0.0.0.0:44729 - 0 ] INFO  server.GrpcService (GrpcService.java:startImpl(177)) - dfc112cd-6783-4672-858d-cfab3cc4e4cb: GrpcService started, listening on 0.0.0.0/0.0.0.0:37735
2020-11-11 13:02:22,071 [EndpointStateMachine task thread for /0.0.0.0:44729 - 0 ] INFO  ratis.XceiverServerRatis (XceiverServerRatis.java:start(468)) - XceiverServerRatis dfc112cd-6783-4672-858d-cfab3cc4e4cb is started using port 37735
2020-11-11 13:02:22,072 [EndpointStateMachine task thread for /0.0.0.0:44729 - 0 ] INFO  server.XceiverServerGrpc (XceiverServerGrpc.java:start(145)) - XceiverServerGrpc dfc112cd-6783-4672-858d-cfab3cc4e4cb is started using port 40507
2020-11-11 13:02:22,297 [EndpointStateMachine task thread for /0.0.0.0:44729 - 0 ] INFO  ozoneimpl.OzoneContainer (OzoneContainer.java:start(245)) - Attempting to start container services.
2020-11-11 13:02:22,297 [EndpointStateMachine task thread for /0.0.0.0:44729 - 0 ] INFO  ozoneimpl.OzoneContainer (OzoneContainer.java:startContainerScrub(209)) - Background container scanner has been disabled.
2020-11-11 13:02:22,297 [EndpointStateMachine task thread for /0.0.0.0:44729 - 0 ] INFO  ratis.XceiverServerRatis (XceiverServerRatis.java:start(456)) - Starting XceiverServerRatis 03e737f9-595c-463e-9a53-563bdd016f99 at port 0
2020-11-11 13:02:22,298 [EndpointStateMachine task thread for /0.0.0.0:44729 - 0 ] INFO  impl.RaftServerProxy (RaftServerProxy.java:lambda$start$3(307)) - 03e737f9-595c-463e-9a53-563bdd016f99: start RPC server
2020-11-11 13:02:22,299 [EndpointStateMachine task thread for /0.0.0.0:44729 - 0 ] INFO  server.GrpcService (GrpcService.java:startImpl(177)) - 03e737f9-595c-463e-9a53-563bdd016f99: GrpcService started, listening on 0.0.0.0/0.0.0.0:45547
2020-11-11 13:02:22,299 [EndpointStateMachine task thread for /0.0.0.0:44729 - 0 ] INFO  ratis.XceiverServerRatis (XceiverServerRatis.java:start(468)) - XceiverServerRatis 03e737f9-595c-463e-9a53-563bdd016f99 is started using port 45547
2020-11-11 13:02:22,302 [EndpointStateMachine task thread for /0.0.0.0:44729 - 0 ] INFO  server.XceiverServerGrpc (XceiverServerGrpc.java:start(145)) - XceiverServerGrpc 03e737f9-595c-463e-9a53-563bdd016f99 is started using port 39293
2020-11-11 13:02:22,481 [EndpointStateMachine task thread for /0.0.0.0:44729 - 0 ] INFO  ozoneimpl.OzoneContainer (OzoneContainer.java:start(245)) - Attempting to start container services.
2020-11-11 13:02:22,482 [EndpointStateMachine task thread for /0.0.0.0:44729 - 0 ] INFO  ozoneimpl.OzoneContainer (OzoneContainer.java:startContainerScrub(209)) - Background container scanner has been disabled.
2020-11-11 13:02:22,482 [EndpointStateMachine task thread for /0.0.0.0:44729 - 0 ] INFO  ratis.XceiverServerRatis (XceiverServerRatis.java:start(456)) - Starting XceiverServerRatis 352d83a1-5d74-43bd-bd39-d85070547324 at port 0
2020-11-11 13:02:22,485 [EndpointStateMachine task thread for /0.0.0.0:44729 - 0 ] INFO  impl.RaftServerProxy (RaftServerProxy.java:lambda$start$3(307)) - 352d83a1-5d74-43bd-bd39-d85070547324: start RPC server
2020-11-11 13:02:22,486 [EndpointStateMachine task thread for /0.0.0.0:44729 - 0 ] INFO  server.GrpcService (GrpcService.java:startImpl(177)) - 352d83a1-5d74-43bd-bd39-d85070547324: GrpcService started, listening on 0.0.0.0/0.0.0.0:35799
2020-11-11 13:02:22,486 [EndpointStateMachine task thread for /0.0.0.0:44729 - 0 ] INFO  ratis.XceiverServerRatis (XceiverServerRatis.java:start(468)) - XceiverServerRatis 352d83a1-5d74-43bd-bd39-d85070547324 is started using port 35799
2020-11-11 13:02:22,487 [EndpointStateMachine task thread for /0.0.0.0:44729 - 0 ] INFO  server.XceiverServerGrpc (XceiverServerGrpc.java:start(145)) - XceiverServerGrpc 352d83a1-5d74-43bd-bd39-d85070547324 is started using port 36557
2020-11-11 13:02:22,667 [Listener at 127.0.0.1/39313] INFO  ozone.MiniOzoneClusterImpl (MiniOzoneClusterImpl.java:lambda$waitForClusterToBeReady$0(177)) - Waiting for nodes to be ready. Got 0 of 7 DN Heartbeats.
2020-11-11 13:02:22,667 [Listener at 127.0.0.1/39313] INFO  ozone.MiniOzoneClusterImpl (MiniOzoneClusterImpl.java:lambda$waitForClusterToBeReady$0(180)) - Waiting for cluster to exit safe mode
2020-11-11 13:02:22,671 [EndpointStateMachine task thread for /0.0.0.0:44729 - 0 ] INFO  ozoneimpl.OzoneContainer (OzoneContainer.java:start(245)) - Attempting to start container services.
2020-11-11 13:02:22,671 [EndpointStateMachine task thread for /0.0.0.0:44729 - 0 ] INFO  ozoneimpl.OzoneContainer (OzoneContainer.java:startContainerScrub(209)) - Background container scanner has been disabled.
2020-11-11 13:02:22,671 [EndpointStateMachine task thread for /0.0.0.0:44729 - 0 ] INFO  ratis.XceiverServerRatis (XceiverServerRatis.java:start(456)) - Starting XceiverServerRatis e61205f8-1646-4505-81d5-b53d4d94fb3b at port 0
2020-11-11 13:02:22,672 [EndpointStateMachine task thread for /0.0.0.0:44729 - 0 ] INFO  impl.RaftServerProxy (RaftServerProxy.java:lambda$start$3(307)) - e61205f8-1646-4505-81d5-b53d4d94fb3b: start RPC server
2020-11-11 13:02:22,672 [EndpointStateMachine task thread for /0.0.0.0:44729 - 0 ] INFO  server.GrpcService (GrpcService.java:startImpl(177)) - e61205f8-1646-4505-81d5-b53d4d94fb3b: GrpcService started, listening on 0.0.0.0/0.0.0.0:33405
2020-11-11 13:02:22,672 [EndpointStateMachine task thread for /0.0.0.0:44729 - 0 ] INFO  ratis.XceiverServerRatis (XceiverServerRatis.java:start(468)) - XceiverServerRatis e61205f8-1646-4505-81d5-b53d4d94fb3b is started using port 33405
2020-11-11 13:02:22,673 [EndpointStateMachine task thread for /0.0.0.0:44729 - 0 ] INFO  server.XceiverServerGrpc (XceiverServerGrpc.java:start(145)) - XceiverServerGrpc e61205f8-1646-4505-81d5-b53d4d94fb3b is started using port 38165
2020-11-11 13:02:23,487 [IPC Server handler 2 on default port 44729] INFO  net.NetworkTopologyImpl (NetworkTopologyImpl.java:add(111)) - Added a new node: /default-rack/e069e265-bb49-430d-a7d5-075644e54025
2020-11-11 13:02:23,488 [IPC Server handler 2 on default port 44729] INFO  node.SCMNodeManager (SCMNodeManager.java:register(282)) - Registered Data node : e069e265-bb49-430d-a7d5-075644e54025{ip: 172.17.0.2, host: 1fbbdd0f98d0, networkLocation: /default-rack, certSerialId: null}
2020-11-11 13:02:23,489 [RatisPipelineUtilsThread] INFO  pipeline.RatisPipelineProvider (RatisPipelineProvider.java:lambda$create$0(161)) - Sending CreatePipelineCommand for pipeline:PipelineID=f698b8eb-0609-4496-8c56-3f78c87211da to datanode:e069e265-bb49-430d-a7d5-075644e54025
2020-11-11 13:02:23,489 [EventQueue-NodeRegistrationContainerReportForDataNodeSafeModeRule] INFO  safemode.SCMSafeModeManager (DataNodeSafeModeRule.java:process(71)) - SCM in safe mode. 1 DataNodes registered, 1 required.
2020-11-11 13:02:23,489 [EventQueue-NodeRegistrationContainerReportForContainerSafeModeRule] INFO  safemode.SCMSafeModeManager (SCMSafeModeManager.java:validateSafeModeExitRules(214)) - ContainerSafeModeRule rule is successfully validated
2020-11-11 13:02:23,491 [EventQueue-NodeRegistrationContainerReportForDataNodeSafeModeRule] INFO  safemode.SCMSafeModeManager (SCMSafeModeManager.java:validateSafeModeExitRules(214)) - DataNodeSafeModeRule rule is successfully validated
2020-11-11 13:02:23,491 [EventQueue-NodeRegistrationContainerReportForDataNodeSafeModeRule] INFO  safemode.SCMSafeModeManager (SCMSafeModeManager.java:completePreCheck(242)) - All SCM safe mode pre check rules have passed
2020-11-11 13:02:23,491 [RatisPipelineUtilsThread] INFO  pipeline.PipelineStateManager (PipelineStateManager.java:addPipeline(54)) - Created pipeline Pipeline[ Id: f698b8eb-0609-4496-8c56-3f78c87211da, Nodes: e069e265-bb49-430d-a7d5-075644e54025{ip: 172.17.0.2, host: 1fbbdd0f98d0, networkLocation: /default-rack, certSerialId: null}, Type:RATIS, Factor:ONE, State:ALLOCATED, leaderId:, CreationTimestamp2020-11-11T13:02:23.489Z]
2020-11-11 13:02:23,492 [RatisPipelineUtilsThread] WARN  pipeline.PipelinePlacementPolicy (PipelinePlacementPolicy.java:filterViableNodes(138)) - Pipeline creation failed due to no sufficient healthy datanodes. Required 3. Found 1.
2020-11-11 13:02:23,667 [Listener at 127.0.0.1/39313] INFO  ozone.MiniOzoneClusterImpl (MiniOzoneClusterImpl.java:lambda$waitForClusterToBeReady$0(177)) - Waiting for nodes to be ready. Got 1 of 7 DN Heartbeats.
2020-11-11 13:02:23,668 [Listener at 127.0.0.1/39313] INFO  ozone.MiniOzoneClusterImpl (MiniOzoneClusterImpl.java:lambda$waitForClusterToBeReady$0(180)) - Waiting for cluster to exit safe mode
2020-11-11 13:02:23,676 [IPC Server handler 3 on default port 44729] INFO  net.NetworkTopologyImpl (NetworkTopologyImpl.java:add(111)) - Added a new node: /default-rack/cf4c8ff2-bc1a-4dec-a9dc-d34d644bc422
2020-11-11 13:02:23,677 [IPC Server handler 3 on default port 44729] INFO  node.SCMNodeManager (SCMNodeManager.java:register(282)) - Registered Data node : cf4c8ff2-bc1a-4dec-a9dc-d34d644bc422{ip: 172.17.0.2, host: 1fbbdd0f98d0, networkLocation: /default-rack, certSerialId: null}
2020-11-11 13:02:23,677 [EventQueue-NodeRegistrationContainerReportForContainerSafeModeRule] INFO  safemode.SCMSafeModeManager (SCMSafeModeManager.java:validateSafeModeExitRules(214)) - ContainerSafeModeRule rule is successfully validated
2020-11-11 13:02:23,677 [EventQueue-NodeRegistrationContainerReportForDataNodeSafeModeRule] INFO  safemode.SCMSafeModeManager (SCMSafeModeManager.java:validateSafeModeExitRules(214)) - DataNodeSafeModeRule rule is successfully validated
2020-11-11 13:02:23,678 [RatisPipelineUtilsThread] INFO  pipeline.RatisPipelineProvider (RatisPipelineProvider.java:lambda$create$0(161)) - Sending CreatePipelineCommand for pipeline:PipelineID=5bd80d95-49ed-4527-8eb4-c6c130a82c84 to datanode:cf4c8ff2-bc1a-4dec-a9dc-d34d644bc422
2020-11-11 13:02:23,679 [RatisPipelineUtilsThread] INFO  pipeline.PipelineStateManager (PipelineStateManager.java:addPipeline(54)) - Created pipeline Pipeline[ Id: 5bd80d95-49ed-4527-8eb4-c6c130a82c84, Nodes: cf4c8ff2-bc1a-4dec-a9dc-d34d644bc422{ip: 172.17.0.2, host: 1fbbdd0f98d0, networkLocation: /default-rack, certSerialId: null}, Type:RATIS, Factor:ONE, State:ALLOCATED, leaderId:, CreationTimestamp2020-11-11T13:02:23.678Z]
2020-11-11 13:02:23,679 [RatisPipelineUtilsThread] WARN  pipeline.PipelinePlacementPolicy (PipelinePlacementPolicy.java:filterViableNodes(138)) - Pipeline creation failed due to no sufficient healthy datanodes. Required 3. Found 2.
2020-11-11 13:02:23,853 [IPC Server handler 4 on default port 44729] INFO  net.NetworkTopologyImpl (NetworkTopologyImpl.java:add(111)) - Added a new node: /default-rack/f941e2d8-b1d9-4857-a015-dcc954962098
2020-11-11 13:02:23,854 [IPC Server handler 4 on default port 44729] INFO  node.SCMNodeManager (SCMNodeManager.java:register(282)) - Registered Data node : f941e2d8-b1d9-4857-a015-dcc954962098{ip: 172.17.0.2, host: 1fbbdd0f98d0, networkLocation: /default-rack, certSerialId: null}
2020-11-11 13:02:23,854 [RatisPipelineUtilsThread] INFO  pipeline.RatisPipelineProvider (RatisPipelineProvider.java:lambda$create$0(161)) - Sending CreatePipelineCommand for pipeline:PipelineID=e9e32198-94f1-4e7c-9ec0-dced4e8f9534 to datanode:f941e2d8-b1d9-4857-a015-dcc954962098
2020-11-11 13:02:23,854 [EventQueue-NodeRegistrationContainerReportForContainerSafeModeRule] INFO  safemode.SCMSafeModeManager (SCMSafeModeManager.java:validateSafeModeExitRules(214)) - ContainerSafeModeRule rule is successfully validated
2020-11-11 13:02:23,855 [EventQueue-NodeRegistrationContainerReportForDataNodeSafeModeRule] INFO  safemode.SCMSafeModeManager (SCMSafeModeManager.java:validateSafeModeExitRules(214)) - DataNodeSafeModeRule rule is successfully validated
2020-11-11 13:02:23,855 [RatisPipelineUtilsThread] INFO  pipeline.PipelineStateManager (PipelineStateManager.java:addPipeline(54)) - Created pipeline Pipeline[ Id: e9e32198-94f1-4e7c-9ec0-dced4e8f9534, Nodes: f941e2d8-b1d9-4857-a015-dcc954962098{ip: 172.17.0.2, host: 1fbbdd0f98d0, networkLocation: /default-rack, certSerialId: null}, Type:RATIS, Factor:ONE, State:ALLOCATED, leaderId:, CreationTimestamp2020-11-11T13:02:23.854Z]
2020-11-11 13:02:23,856 [RatisPipelineUtilsThread] INFO  pipeline.RatisPipelineProvider (RatisPipelineProvider.java:lambda$create$0(161)) - Sending CreatePipelineCommand for pipeline:PipelineID=5f4957af-733e-4ce7-810a-ae36718d8819 to datanode:cf4c8ff2-bc1a-4dec-a9dc-d34d644bc422
2020-11-11 13:02:23,856 [RatisPipelineUtilsThread] INFO  pipeline.RatisPipelineProvider (RatisPipelineProvider.java:lambda$create$0(161)) - Sending CreatePipelineCommand for pipeline:PipelineID=5f4957af-733e-4ce7-810a-ae36718d8819 to datanode:f941e2d8-b1d9-4857-a015-dcc954962098
2020-11-11 13:02:23,856 [RatisPipelineUtilsThread] INFO  pipeline.RatisPipelineProvider (RatisPipelineProvider.java:lambda$create$0(161)) - Sending CreatePipelineCommand for pipeline:PipelineID=5f4957af-733e-4ce7-810a-ae36718d8819 to datanode:e069e265-bb49-430d-a7d5-075644e54025
2020-11-11 13:02:23,857 [RatisPipelineUtilsThread] INFO  pipeline.PipelineStateManager (PipelineStateManager.java:addPipeline(54)) - Created pipeline Pipeline[ Id: 5f4957af-733e-4ce7-810a-ae36718d8819, Nodes: cf4c8ff2-bc1a-4dec-a9dc-d34d644bc422{ip: 172.17.0.2, host: 1fbbdd0f98d0, networkLocation: /default-rack, certSerialId: null}f941e2d8-b1d9-4857-a015-dcc954962098{ip: 172.17.0.2, host: 1fbbdd0f98d0, networkLocation: /default-rack, certSerialId: null}e069e265-bb49-430d-a7d5-075644e54025{ip: 172.17.0.2, host: 1fbbdd0f98d0, networkLocation: /default-rack, certSerialId: null}, Type:RATIS, Factor:THREE, State:ALLOCATED, leaderId:, CreationTimestamp2020-11-11T13:02:23.856Z]
2020-11-11 13:02:24,060 [IPC Server handler 5 on default port 44729] INFO  net.NetworkTopologyImpl (NetworkTopologyImpl.java:add(111)) - Added a new node: /default-rack/dfc112cd-6783-4672-858d-cfab3cc4e4cb
2020-11-11 13:02:24,060 [IPC Server handler 5 on default port 44729] INFO  node.SCMNodeManager (SCMNodeManager.java:register(282)) - Registered Data node : dfc112cd-6783-4672-858d-cfab3cc4e4cb{ip: 172.17.0.2, host: 1fbbdd0f98d0, networkLocation: /default-rack, certSerialId: null}
2020-11-11 13:02:24,060 [EventQueue-NodeRegistrationContainerReportForDataNodeSafeModeRule] INFO  safemode.SCMSafeModeManager (SCMSafeModeManager.java:validateSafeModeExitRules(214)) - DataNodeSafeModeRule rule is successfully validated
2020-11-11 13:02:24,061 [EventQueue-NodeRegistrationContainerReportForContainerSafeModeRule] INFO  safemode.SCMSafeModeManager (SCMSafeModeManager.java:validateSafeModeExitRules(214)) - ContainerSafeModeRule rule is successfully validated
2020-11-11 13:02:24,062 [RatisPipelineUtilsThread] INFO  pipeline.RatisPipelineProvider (RatisPipelineProvider.java:lambda$create$0(161)) - Sending CreatePipelineCommand for pipeline:PipelineID=70669d07-c9c6-4ee5-a43b-553a490b449e to datanode:dfc112cd-6783-4672-858d-cfab3cc4e4cb
2020-11-11 13:02:24,062 [RatisPipelineUtilsThread] INFO  pipeline.PipelineStateManager (PipelineStateManager.java:addPipeline(54)) - Created pipeline Pipeline[ Id: 70669d07-c9c6-4ee5-a43b-553a490b449e, Nodes: dfc112cd-6783-4672-858d-cfab3cc4e4cb{ip: 172.17.0.2, host: 1fbbdd0f98d0, networkLocation: /default-rack, certSerialId: null}, Type:RATIS, Factor:ONE, State:ALLOCATED, leaderId:, CreationTimestamp2020-11-11T13:02:24.062Z]
2020-11-11 13:02:24,294 [IPC Server handler 0 on default port 44729] INFO  net.NetworkTopologyImpl (NetworkTopologyImpl.java:add(111)) - Added a new node: /default-rack/03e737f9-595c-463e-9a53-563bdd016f99
2020-11-11 13:02:24,294 [IPC Server handler 0 on default port 44729] INFO  node.SCMNodeManager (SCMNodeManager.java:register(282)) - Registered Data node : 03e737f9-595c-463e-9a53-563bdd016f99{ip: 172.17.0.2, host: 1fbbdd0f98d0, networkLocation: /default-rack, certSerialId: null}
2020-11-11 13:02:24,294 [EventQueue-NodeRegistrationContainerReportForDataNodeSafeModeRule] INFO  safemode.SCMSafeModeManager (SCMSafeModeManager.java:validateSafeModeExitRules(214)) - DataNodeSafeModeRule rule is successfully validated
2020-11-11 13:02:24,294 [EventQueue-NodeRegistrationContainerReportForContainerSafeModeRule] INFO  safemode.SCMSafeModeManager (SCMSafeModeManager.java:validateSafeModeExitRules(214)) - ContainerSafeModeRule rule is successfully validated
2020-11-11 13:02:24,295 [RatisPipelineUtilsThread] INFO  pipeline.RatisPipelineProvider (RatisPipelineProvider.java:lambda$create$0(161)) - Sending CreatePipelineCommand for pipeline:PipelineID=3b3158a6-1bf4-46e1-9a9f-7e342e325d6c to datanode:03e737f9-595c-463e-9a53-563bdd016f99
2020-11-11 13:02:24,296 [RatisPipelineUtilsThread] INFO  pipeline.PipelineStateManager (PipelineStateManager.java:addPipeline(54)) - Created pipeline Pipeline[ Id: 3b3158a6-1bf4-46e1-9a9f-7e342e325d6c, Nodes: 03e737f9-595c-463e-9a53-563bdd016f99{ip: 172.17.0.2, host: 1fbbdd0f98d0, networkLocation: /default-rack, certSerialId: null}, Type:RATIS, Factor:ONE, State:ALLOCATED, leaderId:, CreationTimestamp2020-11-11T13:02:24.295Z]
2020-11-11 13:02:24,479 [IPC Server handler 1 on default port 44729] INFO  net.NetworkTopologyImpl (NetworkTopologyImpl.java:add(111)) - Added a new node: /default-rack/352d83a1-5d74-43bd-bd39-d85070547324
2020-11-11 13:02:24,480 [IPC Server handler 1 on default port 44729] INFO  node.SCMNodeManager (SCMNodeManager.java:register(282)) - Registered Data node : 352d83a1-5d74-43bd-bd39-d85070547324{ip: 172.17.0.2, host: 1fbbdd0f98d0, networkLocation: /default-rack, certSerialId: null}
2020-11-11 13:02:24,480 [EventQueue-NodeRegistrationContainerReportForContainerSafeModeRule] INFO  safemode.SCMSafeModeManager (SCMSafeModeManager.java:validateSafeModeExitRules(214)) - ContainerSafeModeRule rule is successfully validated
2020-11-11 13:02:24,481 [EventQueue-NodeRegistrationContainerReportForDataNodeSafeModeRule] INFO  safemode.SCMSafeModeManager (SCMSafeModeManager.java:validateSafeModeExitRules(214)) - DataNodeSafeModeRule rule is successfully validated
2020-11-11 13:02:24,481 [RatisPipelineUtilsThread] INFO  pipeline.RatisPipelineProvider (RatisPipelineProvider.java:lambda$create$0(161)) - Sending CreatePipelineCommand for pipeline:PipelineID=1eaf1fd2-3a16-48cf-8e34-7e8547f36a9e to datanode:352d83a1-5d74-43bd-bd39-d85070547324
2020-11-11 13:02:24,481 [RatisPipelineUtilsThread] INFO  pipeline.PipelineStateManager (PipelineStateManager.java:addPipeline(54)) - Created pipeline Pipeline[ Id: 1eaf1fd2-3a16-48cf-8e34-7e8547f36a9e, Nodes: 352d83a1-5d74-43bd-bd39-d85070547324{ip: 172.17.0.2, host: 1fbbdd0f98d0, networkLocation: /default-rack, certSerialId: null}, Type:RATIS, Factor:ONE, State:ALLOCATED, leaderId:, CreationTimestamp2020-11-11T13:02:24.481Z]
2020-11-11 13:02:24,482 [RatisPipelineUtilsThread] INFO  pipeline.RatisPipelineProvider (RatisPipelineProvider.java:lambda$create$0(161)) - Sending CreatePipelineCommand for pipeline:PipelineID=8ae8f7cf-e0cf-4ac8-9d09-82309c06ad61 to datanode:dfc112cd-6783-4672-858d-cfab3cc4e4cb
2020-11-11 13:02:24,482 [RatisPipelineUtilsThread] INFO  pipeline.RatisPipelineProvider (RatisPipelineProvider.java:lambda$create$0(161)) - Sending CreatePipelineCommand for pipeline:PipelineID=8ae8f7cf-e0cf-4ac8-9d09-82309c06ad61 to datanode:03e737f9-595c-463e-9a53-563bdd016f99
2020-11-11 13:02:24,483 [RatisPipelineUtilsThread] INFO  pipeline.RatisPipelineProvider (RatisPipelineProvider.java:lambda$create$0(161)) - Sending CreatePipelineCommand for pipeline:PipelineID=8ae8f7cf-e0cf-4ac8-9d09-82309c06ad61 to datanode:352d83a1-5d74-43bd-bd39-d85070547324
2020-11-11 13:02:24,483 [RatisPipelineUtilsThread] INFO  pipeline.PipelineStateManager (PipelineStateManager.java:addPipeline(54)) - Created pipeline Pipeline[ Id: 8ae8f7cf-e0cf-4ac8-9d09-82309c06ad61, Nodes: dfc112cd-6783-4672-858d-cfab3cc4e4cb{ip: 172.17.0.2, host: 1fbbdd0f98d0, networkLocation: /default-rack, certSerialId: null}03e737f9-595c-463e-9a53-563bdd016f99{ip: 172.17.0.2, host: 1fbbdd0f98d0, networkLocation: /default-rack, certSerialId: null}352d83a1-5d74-43bd-bd39-d85070547324{ip: 172.17.0.2, host: 1fbbdd0f98d0, networkLocation: /default-rack, certSerialId: null}, Type:RATIS, Factor:THREE, State:ALLOCATED, leaderId:, CreationTimestamp2020-11-11T13:02:24.482Z]
2020-11-11 13:02:24,668 [Listener at 127.0.0.1/39313] INFO  ozone.MiniOzoneClusterImpl (MiniOzoneClusterImpl.java:lambda$waitForClusterToBeReady$0(177)) - Waiting for nodes to be ready. Got 6 of 7 DN Heartbeats.
2020-11-11 13:02:24,668 [Listener at 127.0.0.1/39313] INFO  ozone.MiniOzoneClusterImpl (MiniOzoneClusterImpl.java:lambda$waitForClusterToBeReady$0(180)) - Waiting for cluster to exit safe mode
2020-11-11 13:02:24,668 [IPC Server handler 3 on default port 44729] INFO  net.NetworkTopologyImpl (NetworkTopologyImpl.java:add(111)) - Added a new node: /default-rack/e61205f8-1646-4505-81d5-b53d4d94fb3b
2020-11-11 13:02:24,669 [IPC Server handler 3 on default port 44729] INFO  node.SCMNodeManager (SCMNodeManager.java:register(282)) - Registered Data node : e61205f8-1646-4505-81d5-b53d4d94fb3b{ip: 172.17.0.2, host: 1fbbdd0f98d0, networkLocation: /default-rack, certSerialId: null}
2020-11-11 13:02:24,670 [EventQueue-NodeRegistrationContainerReportForContainerSafeModeRule] INFO  safemode.SCMSafeModeManager (SCMSafeModeManager.java:validateSafeModeExitRules(214)) - ContainerSafeModeRule rule is successfully validated
2020-11-11 13:02:24,670 [EventQueue-NodeRegistrationContainerReportForDataNodeSafeModeRule] INFO  safemode.SCMSafeModeManager (SCMSafeModeManager.java:validateSafeModeExitRules(214)) - DataNodeSafeModeRule rule is successfully validated
2020-11-11 13:02:24,671 [RatisPipelineUtilsThread] INFO  pipeline.RatisPipelineProvider (RatisPipelineProvider.java:lambda$create$0(161)) - Sending CreatePipelineCommand for pipeline:PipelineID=564d4314-572d-4037-9efb-399a99a9f468 to datanode:e61205f8-1646-4505-81d5-b53d4d94fb3b
2020-11-11 13:02:24,672 [RatisPipelineUtilsThread] INFO  pipeline.PipelineStateManager (PipelineStateManager.java:addPipeline(54)) - Created pipeline Pipeline[ Id: 564d4314-572d-4037-9efb-399a99a9f468, Nodes: e61205f8-1646-4505-81d5-b53d4d94fb3b{ip: 172.17.0.2, host: 1fbbdd0f98d0, networkLocation: /default-rack, certSerialId: null}, Type:RATIS, Factor:ONE, State:ALLOCATED, leaderId:, CreationTimestamp2020-11-11T13:02:24.671Z]
2020-11-11 13:02:25,668 [Listener at 127.0.0.1/39313] INFO  ozone.MiniOzoneClusterImpl (MiniOzoneClusterImpl.java:lambda$waitForClusterToBeReady$0(177)) - Nodes are ready. Got 7 of 7 DN Heartbeats.
2020-11-11 13:02:25,668 [Listener at 127.0.0.1/39313] INFO  ozone.MiniOzoneClusterImpl (MiniOzoneClusterImpl.java:lambda$waitForClusterToBeReady$0(180)) - Waiting for cluster to exit safe mode
2020-11-11 13:02:26,486 [Command processor thread] INFO  impl.RaftServerProxy (RaftServerProxy.java:addNew(92)) - e069e265-bb49-430d-a7d5-075644e54025: addNew group-3F78C87211DA:[e069e265-bb49-430d-a7d5-075644e54025:172.17.0.2:45889:0] returns group-3F78C87211DA:java.util.concurrent.CompletableFuture@3f69711c[Not completed]
2020-11-11 13:02:26,487 [pool-175-thread-1] INFO  impl.RaftServerImpl (RaftServerImpl.java:<init>(120)) - e069e265-bb49-430d-a7d5-075644e54025: new RaftServerImpl for group-3F78C87211DA:[e069e265-bb49-430d-a7d5-075644e54025:172.17.0.2:45889:0] with ContainerStateMachine:uninitialized
2020-11-11 13:02:26,489 [pool-175-thread-1] INFO  server.RaftServerConfigKeys (ConfUtils.java:logGet(44)) - raft.server.rpc.timeout.min = 5s (custom)
2020-11-11 13:02:26,489 [pool-175-thread-1] INFO  server.RaftServerConfigKeys (ConfUtils.java:logGet(44)) - raft.server.rpc.timeout.max = 5200ms (custom)
2020-11-11 13:02:26,489 [pool-175-thread-1] INFO  server.RaftServerConfigKeys (ConfUtils.java:logGet(44)) - raft.server.rpcslowness.timeout = 300s (custom)
2020-11-11 13:02:26,489 [pool-175-thread-1] INFO  server.RaftServerConfigKeys (ConfUtils.java:logGet(44)) - raft.server.sleep.deviation.threshold = 300 (default)
2020-11-11 13:02:26,489 [pool-175-thread-1] INFO  server.RaftServerConfigKeys (ConfUtils.java:logGet(44)) - raft.server.log.appender.install.snapshot.enabled = false (custom)
2020-11-11 13:02:26,489 [pool-175-thread-1] INFO  impl.RaftServerImpl (ServerState.java:<init>(104)) - e069e265-bb49-430d-a7d5-075644e54025@group-3F78C87211DA: ConfigurationManager, init=-1: [e069e265-bb49-430d-a7d5-075644e54025:172.17.0.2:45889:0], old=null, confs=<EMPTY_MAP>
2020-11-11 13:02:26,489 [pool-175-thread-1] INFO  server.RaftServerConfigKeys (ConfUtils.java:logGet(44)) - raft.server.storage.dir = [/github/workspace/mnt/ozone/hadoop-ozone/integration-test/target/test-dir/MiniOzoneClusterImpl-360dda8a-aacf-474d-b2be-458d96023f40/datanode-0/data/ratis] (custom)
2020-11-11 13:02:26,489 [pool-175-thread-1] INFO  server.RaftServerConfigKeys (ConfUtils.java:logGet(44)) - raft.server.log.corruption.policy = EXCEPTION (default)
2020-11-11 13:02:26,490 [pool-175-thread-1] INFO  storage.RaftStorageDirectory (RaftStorageDirectory.java:analyzeStorage(261)) - The storage directory /github/workspace/mnt/ozone/hadoop-ozone/integration-test/target/test-dir/MiniOzoneClusterImpl-360dda8a-aacf-474d-b2be-458d96023f40/datanode-0/data/ratis/f698b8eb-0609-4496-8c56-3f78c87211da does not exist. Creating ...
2020-11-11 13:02:26,491 [pool-175-thread-1] INFO  storage.RaftStorageDirectory (RaftStorageDirectory.java:tryLock(343)) - Lock on /github/workspace/mnt/ozone/hadoop-ozone/integration-test/target/test-dir/MiniOzoneClusterImpl-360dda8a-aacf-474d-b2be-458d96023f40/datanode-0/data/ratis/f698b8eb-0609-4496-8c56-3f78c87211da/in_use.lock acquired by nodename 3130@1fbbdd0f98d0
2020-11-11 13:02:26,492 [pool-175-thread-1] INFO  storage.RaftStorage (RaftStorage.java:format(84)) - Storage directory /github/workspace/mnt/ozone/hadoop-ozone/integration-test/target/test-dir/MiniOzoneClusterImpl-360dda8a-aacf-474d-b2be-458d96023f40/datanode-0/data/ratis/f698b8eb-0609-4496-8c56-3f78c87211da has been successfully formatted.
2020-11-11 13:02:26,493 [pool-175-thread-1] INFO  ratis.ContainerStateMachine (ContainerStateMachine.java:loadSnapshot(225)) - group-3F78C87211DA: The snapshot info is null. Setting the last applied indexto:(t:0, i:~)
2020-11-11 13:02:26,493 [pool-175-thread-1] INFO  server.RaftServerConfigKeys (ConfUtils.java:logGet(44)) - raft.server.notification.no-leader.timeout = 300s (custom)
2020-11-11 13:02:26,493 [pool-175-thread-1] INFO  server.RaftServerConfigKeys (ConfUtils.java:logGet(44)) - raft.server.log.use.memory = false (default)
2020-11-11 13:02:26,494 [pool-175-thread-1] INFO  server.RaftServerConfigKeys (ConfUtils.java:logGet(44)) - raft.server.log.purge.gap = 1000000 (custom)
2020-11-11 13:02:26,494 [pool-175-thread-1] INFO  metrics.RatisMetrics (RatisMetrics.java:lambda$create$0(36)) - Creating Metrics Registry : ratis.log_worker.e069e265-bb49-430d-a7d5-075644e54025@group-3F78C87211DA
2020-11-11 13:02:26,494 [EventQueue-PipelineReportForPipelineReportHandler] INFO  pipeline.PipelineStateManager (PipelineStateManager.java:openPipeline(132)) - Pipeline Pipeline[ Id: f698b8eb-0609-4496-8c56-3f78c87211da, Nodes: e069e265-bb49-430d-a7d5-075644e54025{ip: 172.17.0.2, host: 1fbbdd0f98d0, networkLocation: /default-rack, certSerialId: null}, Type:RATIS, Factor:ONE, State:ALLOCATED, leaderId:e069e265-bb49-430d-a7d5-075644e54025, CreationTimestamp2020-11-11T13:02:23.489Z] moved to OPEN state
2020-11-11 13:02:26,494 [pool-175-thread-1] INFO  server.RaftServerConfigKeys (ConfUtils.java:logGet(44)) - raft.server.log.appender.buffer.byte-limit = 33554432 (custom)
2020-11-11 13:02:26,494 [pool-175-thread-1] INFO  server.RaftServerConfigKeys (ConfUtils.java:logGet(44)) - raft.server.log.segment.size.max = 1048576 (custom)
2020-11-11 13:02:26,498 [EventQueue-OpenPipelineForOneReplicaPipelineSafeModeRule] INFO  safemode.SCMSafeModeManager (SCMSafeModeManager.java:validateSafeModeExitRules(214)) - AtleastOneDatanodeReportedRule rule is successfully validated
2020-11-11 13:02:26,499 [EventQueue-OpenPipelineForHealthyPipelineSafeModeRule] INFO  safemode.SCMSafeModeManager (HealthyPipelineSafeModeRule.java:process(129)) - SCM in safe mode. Healthy pipelines reported count is 0, required healthy pipeline reported count is 1
2020-11-11 13:02:26,499 [pool-175-thread-1] INFO  server.RaftServerConfigKeys (ConfUtils.java:logGet(44)) - raft.server.log.segment.cache.num.max = 2 (custom)
2020-11-11 13:02:26,499 [pool-175-thread-1] INFO  segmented.SegmentedRaftLogWorker (SegmentedRaftLogWorker.java:<init>(180)) - new e069e265-bb49-430d-a7d5-075644e54025@group-3F78C87211DA-SegmentedRaftLogWorker for RaftStorage:Storage Directory /github/workspace/mnt/ozone/hadoop-ozone/integration-test/target/test-dir/MiniOzoneClusterImpl-360dda8a-aacf-474d-b2be-458d96023f40/datanode-0/data/ratis/f698b8eb-0609-4496-8c56-3f78c87211da
2020-11-11 13:02:26,499 [pool-175-thread-1] INFO  server.RaftServerConfigKeys (ConfUtils.java:logGet(44)) - raft.server.log.queue.byte-limit = 2147483647 (custom)
2020-11-11 13:02:26,500 [pool-175-thread-1] INFO  server.RaftServerConfigKeys (ConfUtils.java:logGet(44)) - raft.server.log.queue.element-limit = 1024 (custom)
2020-11-11 13:02:26,500 [pool-175-thread-1] INFO  server.RaftServerConfigKeys (ConfUtils.java:logGet(44)) - raft.server.log.segment.size.max = 1048576 (custom)
2020-11-11 13:02:26,500 [pool-175-thread-1] INFO  server.RaftServerConfigKeys (ConfUtils.java:logGet(44)) - raft.server.log.preallocated.size = 16384 (custom)
2020-11-11 13:02:26,500 [pool-175-thread-1] INFO  server.RaftServerConfigKeys (ConfUtils.java:logGet(44)) - raft.server.log.write.buffer.size = 1048576 (custom)
2020-11-11 13:02:26,502 [pool-175-thread-1] INFO  server.RaftServerConfigKeys (ConfUtils.java:logGet(44)) - raft.server.log.force.sync.num = 128 (default)
2020-11-11 13:02:26,502 [pool-175-thread-1] INFO  server.RaftServerConfigKeys (ConfUtils.java:logGet(44)) - raft.server.log.statemachine.data.sync = true (default)
2020-11-11 13:02:26,502 [pool-175-thread-1] INFO  server.RaftServerConfigKeys (ConfUtils.java:logGet(44)) - raft.server.log.statemachine.data.sync.timeout = 10s (default)
2020-11-11 13:02:26,502 [pool-175-thread-1] INFO  server.RaftServerConfigKeys (ConfUtils.java:logGet(44)) - raft.server.log.statemachine.data.sync.timeout.retry = -1 (default)
2020-11-11 13:02:26,504 [pool-175-thread-1] INFO  server.RaftServerConfigKeys (ConfUtils.java:logGet(44)) - raft.server.log.statemachine.data.caching.enabled = true (custom)
2020-11-11 13:02:26,504 [pool-175-thread-1] INFO  segmented.SegmentedRaftLogWorker (SegmentedRaftLogWorker.java:lambda$new$0(129)) - e069e265-bb49-430d-a7d5-075644e54025@group-3F78C87211DA-SegmentedRaftLogWorker: flushIndex: setUnconditionally 0 -> -1
2020-11-11 13:02:26,504 [pool-175-thread-1] INFO  segmented.SegmentedRaftLogWorker (SegmentedRaftLogWorker.java:lambda$new$0(129)) - e069e265-bb49-430d-a7d5-075644e54025@group-3F78C87211DA-SegmentedRaftLogWorker: safeCacheEvictIndex: setUnconditionally 0 -> -1
2020-11-11 13:02:26,504 [pool-175-thread-1] INFO  server.RaftServerConfigKeys (ConfUtils.java:logGet(44)) - raft.server.snapshot.auto.trigger.enabled = true (custom)
2020-11-11 13:02:26,504 [pool-175-thread-1] INFO  server.RaftServerConfigKeys (ConfUtils.java:logGet(44)) - raft.server.snapshot.auto.trigger.threshold = 10000 (custom)
2020-11-11 13:02:26,504 [pool-175-thread-1] INFO  server.RaftServerConfigKeys (ConfUtils.java:logGet(44)) - raft.server.snapshot.retention.file.num = 5 (custom)
2020-11-11 13:02:26,504 [pool-175-thread-1] INFO  server.RaftServerConfigKeys (ConfUtils.java:logGet(44)) - raft.server.log.purge.upto.snapshot.index = false (default)
2020-11-11 13:02:26,504 [pool-175-thread-1] INFO  server.RaftServerConfigKeys (ConfUtils.java:logGet(44)) - raft.server.retrycache.expirytime = 600000ms (custom)
2020-11-11 13:02:26,505 [pool-175-thread-1] INFO  metrics.RatisMetrics (RatisMetrics.java:lambda$create$0(36)) - Creating Metrics Registry : ratis.leader_election.e069e265-bb49-430d-a7d5-075644e54025@group-3F78C87211DA
2020-11-11 13:02:26,505 [pool-175-thread-1] INFO  metrics.RatisMetrics (RatisMetrics.java:lambda$create$0(36)) - Creating Metrics Registry : ratis.server.e069e265-bb49-430d-a7d5-075644e54025@group-3F78C87211DA
2020-11-11 13:02:26,506 [pool-175-thread-1] INFO  impl.RaftServerImpl (RaftServerImpl.java:start(209)) - e069e265-bb49-430d-a7d5-075644e54025@group-3F78C87211DA: start as a follower, conf=-1: [e069e265-bb49-430d-a7d5-075644e54025:172.17.0.2:45889:0], old=null
2020-11-11 13:02:26,506 [pool-175-thread-1] INFO  impl.RaftServerImpl (RaftServerImpl.java:setRole(198)) - e069e265-bb49-430d-a7d5-075644e54025@group-3F78C87211DA: changes role from      null to FOLLOWER at term 0 for startAsFollower
2020-11-11 13:02:26,506 [pool-175-thread-1] INFO  impl.RoleInfo (RoleInfo.java:updateAndGet(143)) - e069e265-bb49-430d-a7d5-075644e54025: start FollowerState
2020-11-11 13:02:26,507 [pool-175-thread-1] INFO  util.JmxRegister (JmxRegister.java:tryRegister(44)) - Successfully registered JMX Bean with object name Ratis:service=RaftServer,group=group-3F78C87211DA,id=e069e265-bb49-430d-a7d5-075644e54025
2020-11-11 13:02:26,507 [pool-175-thread-1] INFO  metrics.RatisMetrics (RatisMetrics.java:lambda$create$0(36)) - Creating Metrics Registry : ratis.state_machine.e069e265-bb49-430d-a7d5-075644e54025@group-3F78C87211DA
2020-11-11 13:02:26,514 [Command processor thread] INFO  commandhandler.CreatePipelineCommandHandler (CreatePipelineCommandHandler.java:handle(106)) - Created Pipeline RATIS ONE PipelineID=f698b8eb-0609-4496-8c56-3f78c87211da.
2020-11-11 13:02:26,514 [Command processor thread] INFO  impl.RaftServerProxy (RaftServerProxy.java:addNew(92)) - e069e265-bb49-430d-a7d5-075644e54025: addNew group-AE36718D8819:[cf4c8ff2-bc1a-4dec-a9dc-d34d644bc422:172.17.0.2:44713:0, e069e265-bb49-430d-a7d5-075644e54025:172.17.0.2:45889:0, f941e2d8-b1d9-4857-a015-dcc954962098:172.17.0.2:43187:0] returns group-AE36718D8819:java.util.concurrent.CompletableFuture@3b56f229[Not completed]
2020-11-11 13:02:26,515 [pool-175-thread-1] INFO  impl.RaftServerImpl (RaftServerImpl.java:<init>(120)) - e069e265-bb49-430d-a7d5-075644e54025: new RaftServerImpl for group-AE36718D8819:[cf4c8ff2-bc1a-4dec-a9dc-d34d644bc422:172.17.0.2:44713:0, e069e265-bb49-430d-a7d5-075644e54025:172.17.0.2:45889:0, f941e2d8-b1d9-4857-a015-dcc954962098:172.17.0.2:43187:0] with ContainerStateMachine:uninitialized
2020-11-11 13:02:26,515 [pool-175-thread-1] INFO  server.RaftServerConfigKeys (ConfUtils.java:logGet(44)) - raft.server.rpc.timeout.min = 5s (custom)
2020-11-11 13:02:26,515 [pool-175-thread-1] INFO  server.RaftServerConfigKeys (ConfUtils.java:logGet(44)) - raft.server.rpc.timeout.max = 5200ms (custom)
2020-11-11 13:02:26,515 [pool-175-thread-1] INFO  server.RaftServerConfigKeys (ConfUtils.java:logGet(44)) - raft.server.rpcslowness.timeout = 300s (custom)
2020-11-11 13:02:26,515 [pool-175-thread-1] INFO  server.RaftServerConfigKeys (ConfUtils.java:logGet(44)) - raft.server.sleep.deviation.threshold = 300 (default)
2020-11-11 13:02:26,515 [pool-175-thread-1] INFO  server.RaftServerConfigKeys (ConfUtils.java:logGet(44)) - raft.server.log.appender.install.snapshot.enabled = false (custom)
2020-11-11 13:02:26,515 [pool-175-thread-1] INFO  impl.RaftServerImpl (ServerState.java:<init>(104)) - e069e265-bb49-430d-a7d5-075644e54025@group-AE36718D8819: ConfigurationManager, init=-1: [cf4c8ff2-bc1a-4dec-a9dc-d34d644bc422:172.17.0.2:44713:0, e069e265-bb49-430d-a7d5-075644e54025:172.17.0.2:45889:0, f941e2d8-b1d9-4857-a015-dcc954962098:172.17.0.2:43187:0], old=null, confs=<EMPTY_MAP>
2020-11-11 13:02:26,516 [pool-175-thread-1] INFO  server.RaftServerConfigKeys (ConfUtils.java:logGet(44)) - raft.server.storage.dir = [/github/workspace/mnt/ozone/hadoop-ozone/integration-test/target/test-dir/MiniOzoneClusterImpl-360dda8a-aacf-474d-b2be-458d96023f40/datanode-0/data/ratis] (custom)
2020-11-11 13:02:26,516 [pool-175-thread-1] INFO  server.RaftServerConfigKeys (ConfUtils.java:logGet(44)) - raft.server.log.corruption.policy = EXCEPTION (default)
2020-11-11 13:02:26,516 [pool-175-thread-1] INFO  storage.RaftStorageDirectory (RaftStorageDirectory.java:analyzeStorage(261)) - The storage directory /github/workspace/mnt/ozone/hadoop-ozone/integration-test/target/test-dir/MiniOzoneClusterImpl-360dda8a-aacf-474d-b2be-458d96023f40/datanode-0/data/ratis/5f4957af-733e-4ce7-810a-ae36718d8819 does not exist. Creating ...
2020-11-11 13:02:26,517 [pool-175-thread-1] INFO  storage.RaftStorageDirectory (RaftStorageDirectory.java:tryLock(343)) - Lock on /github/workspace/mnt/ozone/hadoop-ozone/integration-test/target/test-dir/MiniOzoneClusterImpl-360dda8a-aacf-474d-b2be-458d96023f40/datanode-0/data/ratis/5f4957af-733e-4ce7-810a-ae36718d8819/in_use.lock acquired by nodename 3130@1fbbdd0f98d0
2020-11-11 13:02:26,518 [pool-175-thread-1] INFO  storage.RaftStorage (RaftStorage.java:format(84)) - Storage directory /github/workspace/mnt/ozone/hadoop-ozone/integration-test/target/test-dir/MiniOzoneClusterImpl-360dda8a-aacf-474d-b2be-458d96023f40/datanode-0/data/ratis/5f4957af-733e-4ce7-810a-ae36718d8819 has been successfully formatted.
2020-11-11 13:02:26,518 [pool-175-thread-1] INFO  ratis.ContainerStateMachine (ContainerStateMachine.java:loadSnapshot(225)) - group-AE36718D8819: The snapshot info is null. Setting the last applied indexto:(t:0, i:~)
2020-11-11 13:02:26,519 [pool-175-thread-1] INFO  server.RaftServerConfigKeys (ConfUtils.java:logGet(44)) - raft.server.notification.no-leader.timeout = 300s (custom)
2020-11-11 13:02:26,519 [pool-175-thread-1] INFO  server.RaftServerConfigKeys (ConfUtils.java:logGet(44)) - raft.server.log.use.memory = false (default)
2020-11-11 13:02:26,519 [pool-175-thread-1] INFO  server.RaftServerConfigKeys (ConfUtils.java:logGet(44)) - raft.server.log.purge.gap = 1000000 (custom)
2020-11-11 13:02:26,520 [pool-175-thread-1] INFO  metrics.RatisMetrics (RatisMetrics.java:lambda$create$0(36)) - Creating Metrics Registry : ratis.log_worker.e069e265-bb49-430d-a7d5-075644e54025@group-AE36718D8819
2020-11-11 13:02:26,520 [pool-175-thread-1] INFO  server.RaftServerConfigKeys (ConfUtils.java:logGet(44)) - raft.server.log.appender.buffer.byte-limit = 33554432 (custom)
2020-11-11 13:02:26,520 [pool-175-thread-1] INFO  server.RaftServerConfigKeys (ConfUtils.java:logGet(44)) - raft.server.log.segment.size.max = 1048576 (custom)
2020-11-11 13:02:26,520 [pool-175-thread-1] INFO  server.RaftServerConfigKeys (ConfUtils.java:logGet(44)) - raft.server.log.segment.cache.num.max = 2 (custom)
2020-11-11 13:02:26,521 [pool-175-thread-1] INFO  segmented.SegmentedRaftLogWorker (SegmentedRaftLogWorker.java:<init>(180)) - new e069e265-bb49-430d-a7d5-075644e54025@group-AE36718D8819-SegmentedRaftLogWorker for RaftStorage:Storage Directory /github/workspace/mnt/ozone/hadoop-ozone/integration-test/target/test-dir/MiniOzoneClusterImpl-360dda8a-aacf-474d-b2be-458d96023f40/datanode-0/data/ratis/5f4957af-733e-4ce7-810a-ae36718d8819
2020-11-11 13:02:26,521 [pool-175-thread-1] INFO  server.RaftServerConfigKeys (ConfUtils.java:logGet(44)) - raft.server.log.queue.byte-limit = 2147483647 (custom)
2020-11-11 13:02:26,521 [pool-175-thread-1] INFO  server.RaftServerConfigKeys (ConfUtils.java:logGet(44)) - raft.server.log.queue.element-limit = 1024 (custom)
2020-11-11 13:02:26,521 [pool-175-thread-1] INFO  server.RaftServerConfigKeys (ConfUtils.java:logGet(44)) - raft.server.log.segment.size.max = 1048576 (custom)
2020-11-11 13:02:26,521 [pool-175-thread-1] INFO  server.RaftServerConfigKeys (ConfUtils.java:logGet(44)) - raft.server.log.preallocated.size = 16384 (custom)
2020-11-11 13:02:26,521 [pool-175-thread-1] INFO  server.RaftServerConfigKeys (ConfUtils.java:logGet(44)) - raft.server.log.write.buffer.size = 1048576 (custom)
2020-11-11 13:02:26,521 [pool-175-thread-1] INFO  server.RaftServerConfigKeys (ConfUtils.java:logGet(44)) - raft.server.log.force.sync.num = 128 (default)
2020-11-11 13:02:26,521 [pool-175-thread-1] INFO  server.RaftServerConfigKeys (ConfUtils.java:logGet(44)) - raft.server.log.statemachine.data.sync = true (default)
2020-11-11 13:02:26,521 [pool-175-thread-1] INFO  server.RaftServerConfigKeys (ConfUtils.java:logGet(44)) - raft.server.log.statemachine.data.sync.timeout = 10s (default)
2020-11-11 13:02:26,521 [pool-175-thread-1] INFO  server.RaftServerConfigKeys (ConfUtils.java:logGet(44)) - raft.server.log.statemachine.data.sync.timeout.retry = -1 (default)
2020-11-11 13:02:26,523 [pool-175-thread-1] INFO  server.RaftServerConfigKeys (ConfUtils.java:logGet(44)) - raft.server.log.statemachine.data.caching.enabled = true (custom)
2020-11-11 13:02:26,523 [pool-175-thread-1] INFO  segmented.SegmentedRaftLogWorker (SegmentedRaftLogWorker.java:lambda$new$0(129)) - e069e265-bb49-430d-a7d5-075644e54025@group-AE36718D8819-SegmentedRaftLogWorker: flushIndex: setUnconditionally 0 -> -1
2020-11-11 13:02:26,523 [pool-175-thread-1] INFO  segmented.SegmentedRaftLogWorker (SegmentedRaftLogWorker.java:lambda$new$0(129)) - e069e265-bb49-430d-a7d5-075644e54025@group-AE36718D8819-SegmentedRaftLogWorker: safeCacheEvictIndex: setUnconditionally 0 -> -1
2020-11-11 13:02:26,523 [pool-175-thread-1] INFO  server.RaftServerConfigKeys (ConfUtils.java:logGet(44)) - raft.server.snapshot.auto.trigger.enabled = true (custom)
2020-11-11 13:02:26,523 [pool-175-thread-1] INFO  server.RaftServerConfigKeys (ConfUtils.java:logGet(44)) - raft.server.snapshot.auto.trigger.threshold = 10000 (custom)
2020-11-11 13:02:26,523 [pool-175-thread-1] INFO  server.RaftServerConfigKeys (ConfUtils.java:logGet(44)) - raft.server.snapshot.retention.file.num = 5 (custom)
2020-11-11 13:02:26,524 [pool-175-thread-1] INFO  server.RaftServerConfigKeys (ConfUtils.java:logGet(44)) - raft.server.log.purge.upto.snapshot.index = false (default)
2020-11-11 13:02:26,524 [pool-175-thread-1] INFO  server.RaftServerConfigKeys (ConfUtils.java:logGet(44)) - raft.server.retrycache.expirytime = 600000ms (custom)
2020-11-11 13:02:26,524 [pool-175-thread-1] INFO  metrics.RatisMetrics (RatisMetrics.java:lambda$create$0(36)) - Creating Metrics Registry : ratis.leader_election.e069e265-bb49-430d-a7d5-075644e54025@group-AE36718D8819
2020-11-11 13:02:26,524 [pool-175-thread-1] INFO  metrics.RatisMetrics (RatisMetrics.java:lambda$create$0(36)) - Creating Metrics Registry : ratis.server.e069e265-bb49-430d-a7d5-075644e54025@group-AE36718D8819
2020-11-11 13:02:26,525 [pool-175-thread-1] INFO  impl.RaftServerImpl (RaftServerImpl.java:start(209)) - e069e265-bb49-430d-a7d5-075644e54025@group-AE36718D8819: start as a follower, conf=-1: [cf4c8ff2-bc1a-4dec-a9dc-d34d644bc422:172.17.0.2:44713:0, e069e265-bb49-430d-a7d5-075644e54025:172.17.0.2:45889:0, f941e2d8-b1d9-4857-a015-dcc954962098:172.17.0.2:43187:0], old=null
2020-11-11 13:02:26,525 [pool-175-thread-1] INFO  impl.RaftServerImpl (RaftServerImpl.java:setRole(198)) - e069e265-bb49-430d-a7d5-075644e54025@group-AE36718D8819: changes role from      null to FOLLOWER at term 0 for startAsFollower
2020-11-11 13:02:26,525 [pool-175-thread-1] INFO  impl.RoleInfo (RoleInfo.java:updateAndGet(143)) - e069e265-bb49-430d-a7d5-075644e54025: start FollowerState
2020-11-11 13:02:26,530 [pool-175-thread-1] INFO  util.JmxRegister (JmxRegister.java:tryRegister(44)) - Successfully registered JMX Bean with object name Ratis:service=RaftServer,group=group-AE36718D8819,id=e069e265-bb49-430d-a7d5-075644e54025
2020-11-11 13:02:26,530 [pool-175-thread-1] INFO  metrics.RatisMetrics (RatisMetrics.java:lambda$create$0(36)) - Creating Metrics Registry : ratis.state_machine.e069e265-bb49-430d-a7d5-075644e54025@group-AE36718D8819
2020-11-11 13:02:26,532 [Command processor thread] INFO  metrics.RatisMetrics (RatisMetrics.java:lambda$create$0(36)) - Creating Metrics Registry : ratis.client_message_metrics.client-AC56690C4F83->cf4c8ff2-bc1a-4dec-a9dc-d34d644bc422
2020-11-11 13:02:26,537 [grpc-default-executor-2] INFO  metrics.RatisMetrics (RatisMetrics.java:lambda$create$0(36)) - Creating Metrics Registry : ratis.server_message_metrics.cf4c8ff2-bc1a-4dec-a9dc-d34d644bc422
2020-11-11 13:02:26,546 [grpc-default-executor-2] INFO  impl.RaftServerProxy (RaftServerProxy.java:addNew(92)) - cf4c8ff2-bc1a-4dec-a9dc-d34d644bc422: addNew group-AE36718D8819:[cf4c8ff2-bc1a-4dec-a9dc-d34d644bc422:172.17.0.2:44713:0, e069e265-bb49-430d-a7d5-075644e54025:172.17.0.2:45889:0, f941e2d8-b1d9-4857-a015-dcc954962098:172.17.0.2:43187:0] returns group-AE36718D8819:java.util.concurrent.CompletableFuture@20b9c6dd[Not completed]
2020-11-11 13:02:26,550 [pool-191-thread-1] INFO  impl.RaftServerImpl (RaftServerImpl.java:<init>(120)) - cf4c8ff2-bc1a-4dec-a9dc-d34d644bc422: new RaftServerImpl for group-AE36718D8819:[cf4c8ff2-bc1a-4dec-a9dc-d34d644bc422:172.17.0.2:44713:0, e069e265-bb49-430d-a7d5-075644e54025:172.17.0.2:45889:0, f941e2d8-b1d9-4857-a015-dcc954962098:172.17.0.2:43187:0] with ContainerStateMachine:uninitialized
2020-11-11 13:02:26,551 [pool-191-thread-1] INFO  server.RaftServerConfigKeys (ConfUtils.java:logGet(44)) - raft.server.rpc.timeout.min = 5s (custom)
2020-11-11 13:02:26,551 [pool-191-thread-1] INFO  server.RaftServerConfigKeys (ConfUtils.java:logGet(44)) - raft.server.rpc.timeout.max = 5200ms (custom)
2020-11-11 13:02:26,551 [pool-191-thread-1] INFO  server.RaftServerConfigKeys (ConfUtils.java:logGet(44)) - raft.server.rpcslowness.timeout = 300s (custom)
2020-11-11 13:02:26,551 [pool-191-thread-1] INFO  server.RaftServerConfigKeys (ConfUtils.java:logGet(44)) - raft.server.sleep.deviation.threshold = 300 (default)
2020-11-11 13:02:26,551 [pool-191-thread-1] INFO  server.RaftServerConfigKeys (ConfUtils.java:logGet(44)) - raft.server.log.appender.install.snapshot.enabled = false (custom)
2020-11-11 13:02:26,551 [pool-191-thread-1] INFO  impl.RaftServerImpl (ServerState.java:<init>(104)) - cf4c8ff2-bc1a-4dec-a9dc-d34d644bc422@group-AE36718D8819: ConfigurationManager, init=-1: [cf4c8ff2-bc1a-4dec-a9dc-d34d644bc422:172.17.0.2:44713:0, e069e265-bb49-430d-a7d5-075644e54025:172.17.0.2:45889:0, f941e2d8-b1d9-4857-a015-dcc954962098:172.17.0.2:43187:0], old=null, confs=<EMPTY_MAP>
2020-11-11 13:02:26,552 [pool-191-thread-1] INFO  server.RaftServerConfigKeys (ConfUtils.java:logGet(44)) - raft.server.storage.dir = [/github/workspace/mnt/ozone/hadoop-ozone/integration-test/target/test-dir/MiniOzoneClusterImpl-360dda8a-aacf-474d-b2be-458d96023f40/datanode-1/data/ratis] (custom)
2020-11-11 13:02:26,552 [pool-191-thread-1] INFO  server.RaftServerConfigKeys (ConfUtils.java:logGet(44)) - raft.server.log.corruption.policy = EXCEPTION (default)
2020-11-11 13:02:26,552 [pool-191-thread-1] INFO  storage.RaftStorageDirectory (RaftStorageDirectory.java:analyzeStorage(261)) - The storage directory /github/workspace/mnt/ozone/hadoop-ozone/integration-test/target/test-dir/MiniOzoneClusterImpl-360dda8a-aacf-474d-b2be-458d96023f40/datanode-1/data/ratis/5f4957af-733e-4ce7-810a-ae36718d8819 does not exist. Creating ...
2020-11-11 13:02:26,554 [pool-191-thread-1] INFO  storage.RaftStorageDirectory (RaftStorageDirectory.java:tryLock(343)) - Lock on /github/workspace/mnt/ozone/hadoop-ozone/integration-test/target/test-dir/MiniOzoneClusterImpl-360dda8a-aacf-474d-b2be-458d96023f40/datanode-1/data/ratis/5f4957af-733e-4ce7-810a-ae36718d8819/in_use.lock acquired by nodename 3130@1fbbdd0f98d0
2020-11-11 13:02:26,555 [pool-191-thread-1] INFO  storage.RaftStorage (RaftStorage.java:format(84)) - Storage directory /github/workspace/mnt/ozone/hadoop-ozone/integration-test/target/test-dir/MiniOzoneClusterImpl-360dda8a-aacf-474d-b2be-458d96023f40/datanode-1/data/ratis/5f4957af-733e-4ce7-810a-ae36718d8819 has been successfully formatted.
2020-11-11 13:02:26,556 [pool-191-thread-1] INFO  ratis.ContainerStateMachine (ContainerStateMachine.java:loadSnapshot(225)) - group-AE36718D8819: The snapshot info is null. Setting the last applied indexto:(t:0, i:~)
2020-11-11 13:02:26,556 [pool-191-thread-1] INFO  server.RaftServerConfigKeys (ConfUtils.java:logGet(44)) - raft.server.notification.no-leader.timeout = 300s (custom)
2020-11-11 13:02:26,556 [pool-191-thread-1] INFO  server.RaftServerConfigKeys (ConfUtils.java:logGet(44)) - raft.server.log.use.memory = false (default)
2020-11-11 13:02:26,556 [pool-191-thread-1] INFO  server.RaftServerConfigKeys (ConfUtils.java:logGet(44)) - raft.server.log.purge.gap = 1000000 (custom)
2020-11-11 13:02:26,556 [pool-191-thread-1] INFO  metrics.RatisMetrics (RatisMetrics.java:lambda$create$0(36)) - Creating Metrics Registry : ratis.log_worker.cf4c8ff2-bc1a-4dec-a9dc-d34d644bc422@group-AE36718D8819
2020-11-11 13:02:26,557 [pool-191-thread-1] INFO  server.RaftServerConfigKeys (ConfUtils.java:logGet(44)) - raft.server.log.appender.buffer.byte-limit = 33554432 (custom)
2020-11-11 13:02:26,557 [pool-191-thread-1] INFO  server.RaftServerConfigKeys (ConfUtils.java:logGet(44)) - raft.server.log.segment.size.max = 1048576 (custom)
2020-11-11 13:02:26,557 [pool-191-thread-1] INFO  server.RaftServerConfigKeys (ConfUtils.java:logGet(44)) - raft.server.log.segment.cache.num.max = 2 (custom)
2020-11-11 13:02:26,557 [pool-191-thread-1] INFO  segmented.SegmentedRaftLogWorker (SegmentedRaftLogWorker.java:<init>(180)) - new cf4c8ff2-bc1a-4dec-a9dc-d34d644bc422@group-AE36718D8819-SegmentedRaftLogWorker for RaftStorage:Storage Directory /github/workspace/mnt/ozone/hadoop-ozone/integration-test/target/test-dir/MiniOzoneClusterImpl-360dda8a-aacf-474d-b2be-458d96023f40/datanode-1/data/ratis/5f4957af-733e-4ce7-810a-ae36718d8819
2020-11-11 13:02:26,557 [pool-191-thread-1] INFO  server.RaftServerConfigKeys (ConfUtils.java:logGet(44)) - raft.server.log.queue.byte-limit = 2147483647 (custom)
2020-11-11 13:02:26,558 [pool-191-thread-1] INFO  server.RaftServerConfigKeys (ConfUtils.java:logGet(44)) - raft.server.log.queue.element-limit = 1024 (custom)
2020-11-11 13:02:26,558 [pool-191-thread-1] INFO  server.RaftServerConfigKeys (ConfUtils.java:logGet(44)) - raft.server.log.segment.size.max = 1048576 (custom)
2020-11-11 13:02:26,558 [pool-191-thread-1] INFO  server.RaftServerConfigKeys (ConfUtils.java:logGet(44)) - raft.server.log.preallocated.size = 16384 (custom)
2020-11-11 13:02:26,558 [pool-191-thread-1] INFO  server.RaftServerConfigKeys (ConfUtils.java:logGet(44)) - raft.server.log.write.buffer.size = 1048576 (custom)
2020-11-11 13:02:26,558 [pool-191-thread-1] INFO  server.RaftServerConfigKeys (ConfUtils.java:logGet(44)) - raft.server.log.force.sync.num = 128 (default)
2020-11-11 13:02:26,558 [pool-191-thread-1] INFO  server.RaftServerConfigKeys (ConfUtils.java:logGet(44)) - raft.server.log.statemachine.data.sync = true (default)
2020-11-11 13:02:26,558 [pool-191-thread-1] INFO  server.RaftServerConfigKeys (ConfUtils.java:logGet(44)) - raft.server.log.statemachine.data.sync.timeout = 10s (default)
2020-11-11 13:02:26,558 [pool-191-thread-1] INFO  server.RaftServerConfigKeys (ConfUtils.java:logGet(44)) - raft.server.log.statemachine.data.sync.timeout.retry = -1 (default)
2020-11-11 13:02:26,560 [pool-191-thread-1] INFO  server.RaftServerConfigKeys (ConfUtils.java:logGet(44)) - raft.server.log.statemachine.data.caching.enabled = true (custom)
2020-11-11 13:02:26,560 [pool-191-thread-1] INFO  segmented.SegmentedRaftLogWorker (SegmentedRaftLogWorker.java:lambda$new$0(129)) - cf4c8ff2-bc1a-4dec-a9dc-d34d644bc422@group-AE36718D8819-SegmentedRaftLogWorker: flushIndex: setUnconditionally 0 -> -1
2020-11-11 13:02:26,560 [pool-191-thread-1] INFO  segmented.SegmentedRaftLogWorker (SegmentedRaftLogWorker.java:lambda$new$0(129)) - cf4c8ff2-bc1a-4dec-a9dc-d34d644bc422@group-AE36718D8819-SegmentedRaftLogWorker: safeCacheEvictIndex: setUnconditionally 0 -> -1
2020-11-11 13:02:26,560 [pool-191-thread-1] INFO  server.RaftServerConfigKeys (ConfUtils.java:logGet(44)) - raft.server.snapshot.auto.trigger.enabled = true (custom)
2020-11-11 13:02:26,560 [pool-191-thread-1] INFO  server.RaftServerConfigKeys (ConfUtils.java:logGet(44)) - raft.server.snapshot.auto.trigger.threshold = 10000 (custom)
2020-11-11 13:02:26,560 [pool-191-thread-1] INFO  server.RaftServerConfigKeys (ConfUtils.java:logGet(44)) - raft.server.snapshot.retention.file.num = 5 (custom)
2020-11-11 13:02:26,560 [pool-191-thread-1] INFO  server.RaftServerConfigKeys (ConfUtils.java:logGet(44)) - raft.server.log.purge.upto.snapshot.index = false (default)
2020-11-11 13:02:26,560 [pool-191-thread-1] INFO  server.RaftServerConfigKeys (ConfUtils.java:logGet(44)) - raft.server.retrycache.expirytime = 600000ms (custom)
2020-11-11 13:02:26,561 [pool-191-thread-1] INFO  metrics.RatisMetrics (RatisMetrics.java:lambda$create$0(36)) - Creating Metrics Registry : ratis.leader_election.cf4c8ff2-bc1a-4dec-a9dc-d34d644bc422@group-AE36718D8819
2020-11-11 13:02:26,561 [pool-191-thread-1] INFO  metrics.RatisMetrics (RatisMetrics.java:lambda$create$0(36)) - Creating Metrics Registry : ratis.server.cf4c8ff2-bc1a-4dec-a9dc-d34d644bc422@group-AE36718D8819
2020-11-11 13:02:26,562 [pool-191-thread-1] INFO  impl.RaftServerImpl (RaftServerImpl.java:start(209)) - cf4c8ff2-bc1a-4dec-a9dc-d34d644bc422@group-AE36718D8819: start as a follower, conf=-1: [cf4c8ff2-bc1a-4dec-a9dc-d34d644bc422:172.17.0.2:44713:0, e069e265-bb49-430d-a7d5-075644e54025:172.17.0.2:45889:0, f941e2d8-b1d9-4857-a015-dcc954962098:172.17.0.2:43187:0], old=null
2020-11-11 13:02:26,562 [pool-191-thread-1] INFO  impl.RaftServerImpl (RaftServerImpl.java:setRole(198)) - cf4c8ff2-bc1a-4dec-a9dc-d34d644bc422@group-AE36718D8819: changes role from      null to FOLLOWER at term 0 for startAsFollower
2020-11-11 13:02:26,562 [pool-191-thread-1] INFO  impl.RoleInfo (RoleInfo.java:updateAndGet(143)) - cf4c8ff2-bc1a-4dec-a9dc-d34d644bc422: start FollowerState
2020-11-11 13:02:26,566 [pool-191-thread-1] INFO  util.JmxRegister (JmxRegister.java:tryRegister(44)) - Successfully registered JMX Bean with object name Ratis:service=RaftServer,group=group-AE36718D8819,id=cf4c8ff2-bc1a-4dec-a9dc-d34d644bc422
2020-11-11 13:02:26,566 [pool-191-thread-1] INFO  metrics.RatisMetrics (RatisMetrics.java:lambda$create$0(36)) - Creating Metrics Registry : ratis.state_machine.cf4c8ff2-bc1a-4dec-a9dc-d34d644bc422@group-AE36718D8819
2020-11-11 13:02:26,587 [Command processor thread] INFO  metrics.RatisMetrics (RatisMetrics.java:lambda$create$0(36)) - Creating Metrics Registry : ratis.client_message_metrics.client-945B3B5CC6B7->f941e2d8-b1d9-4857-a015-dcc954962098
2020-11-11 13:02:26,594 [grpc-default-executor-2] INFO  metrics.RatisMetrics (RatisMetrics.java:lambda$create$0(36)) - Creating Metrics Registry : ratis.server_message_metrics.f941e2d8-b1d9-4857-a015-dcc954962098
2020-11-11 13:02:26,596 [grpc-default-executor-2] INFO  impl.RaftServerProxy (RaftServerProxy.java:addNew(92)) - f941e2d8-b1d9-4857-a015-dcc954962098: addNew group-AE36718D8819:[cf4c8ff2-bc1a-4dec-a9dc-d34d644bc422:172.17.0.2:44713:0, e069e265-bb49-430d-a7d5-075644e54025:172.17.0.2:45889:0, f941e2d8-b1d9-4857-a015-dcc954962098:172.17.0.2:43187:0] returns group-AE36718D8819:java.util.concurrent.CompletableFuture@542f2454[Not completed]
2020-11-11 13:02:26,600 [pool-206-thread-1] INFO  impl.RaftServerImpl (RaftServerImpl.java:<init>(120)) - f941e2d8-b1d9-4857-a015-dcc954962098: new RaftServerImpl for group-AE36718D8819:[cf4c8ff2-bc1a-4dec-a9dc-d34d644bc422:172.17.0.2:44713:0, e069e265-bb49-430d-a7d5-075644e54025:172.17.0.2:45889:0, f941e2d8-b1d9-4857-a015-dcc954962098:172.17.0.2:43187:0] with ContainerStateMachine:uninitialized
2020-11-11 13:02:26,602 [pool-206-thread-1] INFO  server.RaftServerConfigKeys (ConfUtils.java:logGet(44)) - raft.server.rpc.timeout.min = 5s (custom)
2020-11-11 13:02:26,602 [pool-206-thread-1] INFO  server.RaftServerConfigKeys (ConfUtils.java:logGet(44)) - raft.server.rpc.timeout.max = 5200ms (custom)
2020-11-11 13:02:26,602 [pool-206-thread-1] INFO  server.RaftServerConfigKeys (ConfUtils.java:logGet(44)) - raft.server.rpcslowness.timeout = 300s (custom)
2020-11-11 13:02:26,602 [pool-206-thread-1] INFO  server.RaftServerConfigKeys (ConfUtils.java:logGet(44)) - raft.server.sleep.deviation.threshold = 300 (default)
2020-11-11 13:02:26,602 [pool-206-thread-1] INFO  server.RaftServerConfigKeys (ConfUtils.java:logGet(44)) - raft.server.log.appender.install.snapshot.enabled = false (custom)
2020-11-11 13:02:26,602 [pool-206-thread-1] INFO  impl.RaftServerImpl (ServerState.java:<init>(104)) - f941e2d8-b1d9-4857-a015-dcc954962098@group-AE36718D8819: ConfigurationManager, init=-1: [cf4c8ff2-bc1a-4dec-a9dc-d34d644bc422:172.17.0.2:44713:0, e069e265-bb49-430d-a7d5-075644e54025:172.17.0.2:45889:0, f941e2d8-b1d9-4857-a015-dcc954962098:172.17.0.2:43187:0], old=null, confs=<EMPTY_MAP>
2020-11-11 13:02:26,602 [pool-206-thread-1] INFO  server.RaftServerConfigKeys (ConfUtils.java:logGet(44)) - raft.server.storage.dir = [/github/workspace/mnt/ozone/hadoop-ozone/integration-test/target/test-dir/MiniOzoneClusterImpl-360dda8a-aacf-474d-b2be-458d96023f40/datanode-2/data/ratis] (custom)
2020-11-11 13:02:26,602 [pool-206-thread-1] INFO  server.RaftServerConfigKeys (ConfUtils.java:logGet(44)) - raft.server.log.corruption.policy = EXCEPTION (default)
2020-11-11 13:02:26,603 [pool-206-thread-1] INFO  storage.RaftStorageDirectory (RaftStorageDirectory.java:analyzeStorage(261)) - The storage directory /github/workspace/mnt/ozone/hadoop-ozone/integration-test/target/test-dir/MiniOzoneClusterImpl-360dda8a-aacf-474d-b2be-458d96023f40/datanode-2/data/ratis/5f4957af-733e-4ce7-810a-ae36718d8819 does not exist. Creating ...
2020-11-11 13:02:26,604 [pool-206-thread-1] INFO  storage.RaftStorageDirectory (RaftStorageDirectory.java:tryLock(343)) - Lock on /github/workspace/mnt/ozone/hadoop-ozone/integration-test/target/test-dir/MiniOzoneClusterImpl-360dda8a-aacf-474d-b2be-458d96023f40/datanode-2/data/ratis/5f4957af-733e-4ce7-810a-ae36718d8819/in_use.lock acquired by nodename 3130@1fbbdd0f98d0
2020-11-11 13:02:26,605 [pool-206-thread-1] INFO  storage.RaftStorage (RaftStorage.java:format(84)) - Storage directory /github/workspace/mnt/ozone/hadoop-ozone/integration-test/target/test-dir/MiniOzoneClusterImpl-360dda8a-aacf-474d-b2be-458d96023f40/datanode-2/data/ratis/5f4957af-733e-4ce7-810a-ae36718d8819 has been successfully formatted.
2020-11-11 13:02:26,607 [pool-206-thread-1] INFO  ratis.ContainerStateMachine (ContainerStateMachine.java:loadSnapshot(225)) - group-AE36718D8819: The snapshot info is null. Setting the last applied indexto:(t:0, i:~)
2020-11-11 13:02:26,607 [pool-206-thread-1] INFO  server.RaftServerConfigKeys (ConfUtils.java:logGet(44)) - raft.server.notification.no-leader.timeout = 300s (custom)
2020-11-11 13:02:26,607 [pool-206-thread-1] INFO  server.RaftServerConfigKeys (ConfUtils.java:logGet(44)) - raft.server.log.use.memory = false (default)
2020-11-11 13:02:26,607 [pool-206-thread-1] INFO  server.RaftServerConfigKeys (ConfUtils.java:logGet(44)) - raft.server.log.purge.gap = 1000000 (custom)
2020-11-11 13:02:26,607 [pool-206-thread-1] INFO  metrics.RatisMetrics (RatisMetrics.java:lambda$create$0(36)) - Creating Metrics Registry : ratis.log_worker.f941e2d8-b1d9-4857-a015-dcc954962098@group-AE36718D8819
2020-11-11 13:02:26,608 [pool-206-thread-1] INFO  server.RaftServerConfigKeys (ConfUtils.java:logGet(44)) - raft.server.log.appender.buffer.byte-limit = 33554432 (custom)
2020-11-11 13:02:26,608 [pool-206-thread-1] INFO  server.RaftServerConfigKeys (ConfUtils.java:logGet(44)) - raft.server.log.segment.size.max = 1048576 (custom)
2020-11-11 13:02:26,608 [pool-206-thread-1] INFO  server.RaftServerConfigKeys (ConfUtils.java:logGet(44)) - raft.server.log.segment.cache.num.max = 2 (custom)
2020-11-11 13:02:26,608 [pool-206-thread-1] INFO  segmented.SegmentedRaftLogWorker (SegmentedRaftLogWorker.java:<init>(180)) - new f941e2d8-b1d9-4857-a015-dcc954962098@group-AE36718D8819-SegmentedRaftLogWorker for RaftStorage:Storage Directory /github/workspace/mnt/ozone/hadoop-ozone/integration-test/target/test-dir/MiniOzoneClusterImpl-360dda8a-aacf-474d-b2be-458d96023f40/datanode-2/data/ratis/5f4957af-733e-4ce7-810a-ae36718d8819
2020-11-11 13:02:26,609 [pool-206-thread-1] INFO  server.RaftServerConfigKeys (ConfUtils.java:logGet(44)) - raft.server.log.queue.byte-limit = 2147483647 (custom)
2020-11-11 13:02:26,609 [pool-206-thread-1] INFO  server.RaftServerConfigKeys (ConfUtils.java:logGet(44)) - raft.server.log.queue.element-limit = 1024 (custom)
2020-11-11 13:02:26,609 [pool-206-thread-1] INFO  server.RaftServerConfigKeys (ConfUtils.java:logGet(44)) - raft.server.log.segment.size.max = 1048576 (custom)
2020-11-11 13:02:26,611 [pool-206-thread-1] INFO  server.RaftServerConfigKeys (ConfUtils.java:logGet(44)) - raft.server.log.preallocated.size = 16384 (custom)
2020-11-11 13:02:26,612 [pool-206-thread-1] INFO  server.RaftServerConfigKeys (ConfUtils.java:logGet(44)) - raft.server.log.write.buffer.size = 1048576 (custom)
2020-11-11 13:02:26,612 [pool-206-thread-1] INFO  server.RaftServerConfigKeys (ConfUtils.java:logGet(44)) - raft.server.log.force.sync.num = 128 (default)
2020-11-11 13:02:26,612 [pool-206-thread-1] INFO  server.RaftServerConfigKeys (ConfUtils.java:logGet(44)) - raft.server.log.statemachine.data.sync = true (default)
2020-11-11 13:02:26,612 [pool-206-thread-1] INFO  server.RaftServerConfigKeys (ConfUtils.java:logGet(44)) - raft.server.log.statemachine.data.sync.timeout = 10s (default)
2020-11-11 13:02:26,612 [pool-206-thread-1] INFO  server.RaftServerConfigKeys (ConfUtils.java:logGet(44)) - raft.server.log.statemachine.data.sync.timeout.retry = -1 (default)
2020-11-11 13:02:26,613 [pool-206-thread-1] INFO  server.RaftServerConfigKeys (ConfUtils.java:logGet(44)) - raft.server.log.statemachine.data.caching.enabled = true (custom)
2020-11-11 13:02:26,614 [pool-206-thread-1] INFO  segmented.SegmentedRaftLogWorker (SegmentedRaftLogWorker.java:lambda$new$0(129)) - f941e2d8-b1d9-4857-a015-dcc954962098@group-AE36718D8819-SegmentedRaftLogWorker: flushIndex: setUnconditionally 0 -> -1
2020-11-11 13:02:26,614 [pool-206-thread-1] INFO  segmented.SegmentedRaftLogWorker (SegmentedRaftLogWorker.java:lambda$new$0(129)) - f941e2d8-b1d9-4857-a015-dcc954962098@group-AE36718D8819-SegmentedRaftLogWorker: safeCacheEvictIndex: setUnconditionally 0 -> -1
2020-11-11 13:02:26,614 [pool-206-thread-1] INFO  server.RaftServerConfigKeys (ConfUtils.java:logGet(44)) - raft.server.snapshot.auto.trigger.enabled = true (custom)
2020-11-11 13:02:26,614 [pool-206-thread-1] INFO  server.RaftServerConfigKeys (ConfUtils.java:logGet(44)) - raft.server.snapshot.auto.trigger.threshold = 10000 (custom)
2020-11-11 13:02:26,614 [pool-206-thread-1] INFO  server.RaftServerConfigKeys (ConfUtils.java:logGet(44)) - raft.server.snapshot.retention.file.num = 5 (custom)
2020-11-11 13:02:26,614 [pool-206-thread-1] INFO  server.RaftServerConfigKeys (ConfUtils.java:logGet(44)) - raft.server.log.purge.upto.snapshot.index = false (default)
2020-11-11 13:02:26,614 [pool-206-thread-1] INFO  server.RaftServerConfigKeys (ConfUtils.java:logGet(44)) - raft.server.retrycache.expirytime = 600000ms (custom)
2020-11-11 13:02:26,614 [pool-206-thread-1] INFO  metrics.RatisMetrics (RatisMetrics.java:lambda$create$0(36)) - Creating Metrics Registry : ratis.leader_election.f941e2d8-b1d9-4857-a015-dcc954962098@group-AE36718D8819
2020-11-11 13:02:26,615 [pool-206-thread-1] INFO  metrics.RatisMetrics (RatisMetrics.java:lambda$create$0(36)) - Creating Metrics Registry : ratis.server.f941e2d8-b1d9-4857-a015-dcc954962098@group-AE36718D8819
2020-11-11 13:02:26,616 [pool-206-thread-1] INFO  impl.RaftServerImpl (RaftServerImpl.java:start(209)) - f941e2d8-b1d9-4857-a015-dcc954962098@group-AE36718D8819: start as a follower, conf=-1: [cf4c8ff2-bc1a-4dec-a9dc-d34d644bc422:172.17.0.2:44713:0, e069e265-bb49-430d-a7d5-075644e54025:172.17.0.2:45889:0, f941e2d8-b1d9-4857-a015-dcc954962098:172.17.0.2:43187:0], old=null
2020-11-11 13:02:26,616 [pool-206-thread-1] INFO  impl.RaftServerImpl (RaftServerImpl.java:setRole(198)) - f941e2d8-b1d9-4857-a015-dcc954962098@group-AE36718D8819: changes role from      null to FOLLOWER at term 0 for startAsFollower
2020-11-11 13:02:26,616 [pool-206-thread-1] INFO  impl.RoleInfo (RoleInfo.java:updateAndGet(143)) - f941e2d8-b1d9-4857-a015-dcc954962098: start FollowerState
2020-11-11 13:02:26,622 [pool-206-thread-1] INFO  util.JmxRegister (JmxRegister.java:tryRegister(44)) - Successfully registered JMX Bean with object name Ratis:service=RaftServer,group=group-AE36718D8819,id=f941e2d8-b1d9-4857-a015-dcc954962098
2020-11-11 13:02:26,622 [pool-206-thread-1] INFO  metrics.RatisMetrics (RatisMetrics.java:lambda$create$0(36)) - Creating Metrics Registry : ratis.state_machine.f941e2d8-b1d9-4857-a015-dcc954962098@group-AE36718D8819
2020-11-11 13:02:26,642 [Command processor thread] INFO  commandhandler.CreatePipelineCommandHandler (CreatePipelineCommandHandler.java:handle(106)) - Created Pipeline RATIS THREE PipelineID=5f4957af-733e-4ce7-810a-ae36718d8819.
2020-11-11 13:02:26,669 [Listener at 127.0.0.1/39313] INFO  ozone.MiniOzoneClusterImpl (MiniOzoneClusterImpl.java:lambda$waitForClusterToBeReady$0(177)) - Nodes are ready. Got 7 of 7 DN Heartbeats.
2020-11-11 13:02:26,669 [Listener at 127.0.0.1/39313] INFO  ozone.MiniOzoneClusterImpl (MiniOzoneClusterImpl.java:lambda$waitForClusterToBeReady$0(180)) - Waiting for cluster to exit safe mode
2020-11-11 13:02:26,675 [Command processor thread] INFO  impl.RaftServerProxy (RaftServerProxy.java:addNew(92)) - cf4c8ff2-bc1a-4dec-a9dc-d34d644bc422: addNew group-C6C130A82C84:[cf4c8ff2-bc1a-4dec-a9dc-d34d644bc422:172.17.0.2:44713:0] returns group-C6C130A82C84:java.util.concurrent.CompletableFuture@2a74d9d4[Not completed]
2020-11-11 13:02:26,675 [pool-191-thread-1] INFO  impl.RaftServerImpl (RaftServerImpl.java:<init>(120)) - cf4c8ff2-bc1a-4dec-a9dc-d34d644bc422: new RaftServerImpl for group-C6C130A82C84:[cf4c8ff2-bc1a-4dec-a9dc-d34d644bc422:172.17.0.2:44713:0] with ContainerStateMachine:uninitialized
2020-11-11 13:02:26,675 [pool-191-thread-1] INFO  server.RaftServerConfigKeys (ConfUtils.java:logGet(44)) - raft.server.rpc.timeout.min = 5s (custom)
2020-11-11 13:02:26,675 [pool-191-thread-1] INFO  server.RaftServerConfigKeys (ConfUtils.java:logGet(44)) - raft.server.rpc.timeout.max = 5200ms (custom)
2020-11-11 13:02:26,676 [pool-191-thread-1] INFO  server.RaftServerConfigKeys (ConfUtils.java:logGet(44)) - raft.server.rpcslowness.timeout = 300s (custom)
2020-11-11 13:02:26,676 [pool-191-thread-1] INFO  server.RaftServerConfigKeys (ConfUtils.java:logGet(44)) - raft.server.sleep.deviation.threshold = 300 (default)
2020-11-11 13:02:26,676 [pool-191-thread-1] INFO  server.RaftServerConfigKeys (ConfUtils.java:logGet(44)) - raft.server.log.appender.install.snapshot.enabled = false (custom)
2020-11-11 13:02:26,676 [pool-191-thread-1] INFO  impl.RaftServerImpl (ServerState.java:<init>(104)) - cf4c8ff2-bc1a-4dec-a9dc-d34d644bc422@group-C6C130A82C84: ConfigurationManager, init=-1: [cf4c8ff2-bc1a-4dec-a9dc-d34d644bc422:172.17.0.2:44713:0], old=null, confs=<EMPTY_MAP>
2020-11-11 13:02:26,676 [pool-191-thread-1] INFO  server.RaftServerConfigKeys (ConfUtils.java:logGet(44)) - raft.server.storage.dir = [/github/workspace/mnt/ozone/hadoop-ozone/integration-test/target/test-dir/MiniOzoneClusterImpl-360dda8a-aacf-474d-b2be-458d96023f40/datanode-1/data/ratis] (custom)
2020-11-11 13:02:26,676 [pool-191-thread-1] INFO  server.RaftServerConfigKeys (ConfUtils.java:logGet(44)) - raft.server.log.corruption.policy = EXCEPTION (default)
2020-11-11 13:02:26,676 [pool-191-thread-1] INFO  storage.RaftStorageDirectory (RaftStorageDirectory.java:analyzeStorage(261)) - The storage directory /github/workspace/mnt/ozone/hadoop-ozone/integration-test/target/test-dir/MiniOzoneClusterImpl-360dda8a-aacf-474d-b2be-458d96023f40/datanode-1/data/ratis/5bd80d95-49ed-4527-8eb4-c6c130a82c84 does not exist. Creating ...
2020-11-11 13:02:26,677 [pool-191-thread-1] INFO  storage.RaftStorageDirectory (RaftStorageDirectory.java:tryLock(343)) - Lock on /github/workspace/mnt/ozone/hadoop-ozone/integration-test/target/test-dir/MiniOzoneClusterImpl-360dda8a-aacf-474d-b2be-458d96023f40/datanode-1/data/ratis/5bd80d95-49ed-4527-8eb4-c6c130a82c84/in_use.lock acquired by nodename 3130@1fbbdd0f98d0
2020-11-11 13:02:26,679 [pool-191-thread-1] INFO  storage.RaftStorage (RaftStorage.java:format(84)) - Storage directory /github/workspace/mnt/ozone/hadoop-ozone/integration-test/target/test-dir/MiniOzoneClusterImpl-360dda8a-aacf-474d-b2be-458d96023f40/datanode-1/data/ratis/5bd80d95-49ed-4527-8eb4-c6c130a82c84 has been successfully formatted.
2020-11-11 13:02:26,679 [pool-191-thread-1] INFO  ratis.ContainerStateMachine (ContainerStateMachine.java:loadSnapshot(225)) - group-C6C130A82C84: The snapshot info is null. Setting the last applied indexto:(t:0, i:~)
2020-11-11 13:02:26,679 [pool-191-thread-1] INFO  server.RaftServerConfigKeys (ConfUtils.java:logGet(44)) - raft.server.notification.no-leader.timeout = 300s (custom)
2020-11-11 13:02:26,679 [pool-191-thread-1] INFO  server.RaftServerConfigKeys (ConfUtils.java:logGet(44)) - raft.server.log.use.memory = false (default)
2020-11-11 13:02:26,679 [pool-191-thread-1] INFO  server.RaftServerConfigKeys (ConfUtils.java:logGet(44)) - raft.server.log.purge.gap = 1000000 (custom)
2020-11-11 13:02:26,680 [pool-191-thread-1] INFO  metrics.RatisMetrics (RatisMetrics.java:lambda$create$0(36)) - Creating Metrics Registry : ratis.log_worker.cf4c8ff2-bc1a-4dec-a9dc-d34d644bc422@group-C6C130A82C84
2020-11-11 13:02:26,680 [EventQueue-PipelineReportForPipelineReportHandler] INFO  pipeline.PipelineStateManager (PipelineStateManager.java:openPipeline(132)) - Pipeline Pipeline[ Id: 5bd80d95-49ed-4527-8eb4-c6c130a82c84, Nodes: cf4c8ff2-bc1a-4dec-a9dc-d34d644bc422{ip: 172.17.0.2, host: 1fbbdd0f98d0, networkLocation: /default-rack, certSerialId: null}, Type:RATIS, Factor:ONE, State:ALLOCATED, leaderId:cf4c8ff2-bc1a-4dec-a9dc-d34d644bc422, CreationTimestamp2020-11-11T13:02:23.678Z] moved to OPEN state
2020-11-11 13:02:26,680 [EventQueue-OpenPipelineForOneReplicaPipelineSafeModeRule] INFO  safemode.SCMSafeModeManager (SCMSafeModeManager.java:validateSafeModeExitRules(214)) - AtleastOneDatanodeReportedRule rule is successfully validated
2020-11-11 13:02:26,680 [EventQueue-OpenPipelineForHealthyPipelineSafeModeRule] INFO  safemode.SCMSafeModeManager (HealthyPipelineSafeModeRule.java:process(129)) - SCM in safe mode. Healthy pipelines reported count is 0, required healthy pipeline reported count is 1
2020-11-11 13:02:26,680 [pool-191-thread-1] INFO  server.RaftServerConfigKeys (ConfUtils.java:logGet(44)) - raft.server.log.appender.buffer.byte-limit = 33554432 (custom)
2020-11-11 13:02:26,680 [pool-191-thread-1] INFO  server.RaftServerConfigKeys (ConfUtils.java:logGet(44)) - raft.server.log.segment.size.max = 1048576 (custom)
2020-11-11 13:02:26,681 [pool-191-thread-1] INFO  server.RaftServerConfigKeys (ConfUtils.java:logGet(44)) - raft.server.log.segment.cache.num.max = 2 (custom)
2020-11-11 13:02:26,681 [pool-191-thread-1] INFO  segmented.SegmentedRaftLogWorker (SegmentedRaftLogWorker.java:<init>(180)) - new cf4c8ff2-bc1a-4dec-a9dc-d34d644bc422@group-C6C130A82C84-SegmentedRaftLogWorker for RaftStorage:Storage Directory /github/workspace/mnt/ozone/hadoop-ozone/integration-test/target/test-dir/MiniOzoneClusterImpl-360dda8a-aacf-474d-b2be-458d96023f40/datanode-1/data/ratis/5bd80d95-49ed-4527-8eb4-c6c130a82c84
2020-11-11 13:02:26,681 [pool-191-thread-1] INFO  server.RaftServerConfigKeys (ConfUtils.java:logGet(44)) - raft.server.log.queue.byte-limit = 2147483647 (custom)
2020-11-11 13:02:26,681 [pool-191-thread-1] INFO  server.RaftServerConfigKeys (ConfUtils.java:logGet(44)) - raft.server.log.queue.element-limit = 1024 (custom)
2020-11-11 13:02:26,681 [pool-191-thread-1] INFO  server.RaftServerConfigKeys (ConfUtils.java:logGet(44)) - raft.server.log.segment.size.max = 1048576 (custom)
2020-11-11 13:02:26,681 [pool-191-thread-1] INFO  server.RaftServerConfigKeys (ConfUtils.java:logGet(44)) - raft.server.log.preallocated.size = 16384 (custom)
2020-11-11 13:02:26,681 [pool-191-thread-1] INFO  server.RaftServerConfigKeys (ConfUtils.java:logGet(44)) - raft.server.log.write.buffer.size = 1048576 (custom)
2020-11-11 13:02:26,681 [pool-191-thread-1] INFO  server.RaftServerConfigKeys (ConfUtils.java:logGet(44)) - raft.server.log.force.sync.num = 128 (default)
2020-11-11 13:02:26,681 [pool-191-thread-1] INFO  server.RaftServerConfigKeys (ConfUtils.java:logGet(44)) - raft.server.log.statemachine.data.sync = true (default)
2020-11-11 13:02:26,681 [pool-191-thread-1] INFO  server.RaftServerConfigKeys (ConfUtils.java:logGet(44)) - raft.server.log.statemachine.data.sync.timeout = 10s (default)
2020-11-11 13:02:26,681 [pool-191-thread-1] INFO  server.RaftServerConfigKeys (ConfUtils.java:logGet(44)) - raft.server.log.statemachine.data.sync.timeout.retry = -1 (default)
2020-11-11 13:02:26,683 [pool-191-thread-1] INFO  server.RaftServerConfigKeys (ConfUtils.java:logGet(44)) - raft.server.log.statemachine.data.caching.enabled = true (custom)
2020-11-11 13:02:26,683 [pool-191-thread-1] INFO  segmented.SegmentedRaftLogWorker (SegmentedRaftLogWorker.java:lambda$new$0(129)) - cf4c8ff2-bc1a-4dec-a9dc-d34d644bc422@group-C6C130A82C84-SegmentedRaftLogWorker: flushIndex: setUnconditionally 0 -> -1
2020-11-11 13:02:26,683 [pool-191-thread-1] INFO  segmented.SegmentedRaftLogWorker (SegmentedRaftLogWorker.java:lambda$new$0(129)) - cf4c8ff2-bc1a-4dec-a9dc-d34d644bc422@group-C6C130A82C84-SegmentedRaftLogWorker: safeCacheEvictIndex: setUnconditionally 0 -> -1
2020-11-11 13:02:26,684 [pool-191-thread-1] INFO  server.RaftServerConfigKeys (ConfUtils.java:logGet(44)) - raft.server.snapshot.auto.trigger.enabled = true (custom)
2020-11-11 13:02:26,684 [pool-191-thread-1] INFO  server.RaftServerConfigKeys (ConfUtils.java:logGet(44)) - raft.server.snapshot.auto.trigger.threshold = 10000 (custom)
2020-11-11 13:02:26,684 [pool-191-thread-1] INFO  server.RaftServerConfigKeys (ConfUtils.java:logGet(44)) - raft.server.snapshot.retention.file.num = 5 (custom)
2020-11-11 13:02:26,684 [pool-191-thread-1] INFO  server.RaftServerConfigKeys (ConfUtils.java:logGet(44)) - raft.server.log.purge.upto.snapshot.index = false (default)
2020-11-11 13:02:26,684 [pool-191-thread-1] INFO  server.RaftServerConfigKeys (ConfUtils.java:logGet(44)) - raft.server.retrycache.expirytime = 600000ms (custom)
2020-11-11 13:02:26,684 [pool-191-thread-1] INFO  metrics.RatisMetrics (RatisMetrics.java:lambda$create$0(36)) - Creating Metrics Registry : ratis.leader_election.cf4c8ff2-bc1a-4dec-a9dc-d34d644bc422@group-C6C130A82C84
2020-11-11 13:02:26,684 [pool-191-thread-1] INFO  metrics.RatisMetrics (RatisMetrics.java:lambda$create$0(36)) - Creating Metrics Registry : ratis.server.cf4c8ff2-bc1a-4dec-a9dc-d34d644bc422@group-C6C130A82C84
2020-11-11 13:02:26,685 [pool-191-thread-1] INFO  impl.RaftServerImpl (RaftServerImpl.java:start(209)) - cf4c8ff2-bc1a-4dec-a9dc-d34d644bc422@group-C6C130A82C84: start as a follower, conf=-1: [cf4c8ff2-bc1a-4dec-a9dc-d34d644bc422:172.17.0.2:44713:0], old=null
2020-11-11 13:02:26,685 [pool-191-thread-1] INFO  impl.RaftServerImpl (RaftServerImpl.java:setRole(198)) - cf4c8ff2-bc1a-4dec-a9dc-d34d644bc422@group-C6C130A82C84: changes role from      null to FOLLOWER at term 0 for startAsFollower
2020-11-11 13:02:26,686 [pool-191-thread-1] INFO  impl.RoleInfo (RoleInfo.java:updateAndGet(143)) - cf4c8ff2-bc1a-4dec-a9dc-d34d644bc422: start FollowerState
2020-11-11 13:02:26,686 [pool-191-thread-1] INFO  util.JmxRegister (JmxRegister.java:tryRegister(44)) - Successfully registered JMX Bean with object name Ratis:service=RaftServer,group=group-C6C130A82C84,id=cf4c8ff2-bc1a-4dec-a9dc-d34d644bc422
2020-11-11 13:02:26,686 [pool-191-thread-1] INFO  metrics.RatisMetrics (RatisMetrics.java:lambda$create$0(36)) - Creating Metrics Registry : ratis.state_machine.cf4c8ff2-bc1a-4dec-a9dc-d34d644bc422@group-C6C130A82C84
2020-11-11 13:02:26,687 [Command processor thread] INFO  commandhandler.CreatePipelineCommandHandler (CreatePipelineCommandHandler.java:handle(106)) - Created Pipeline RATIS ONE PipelineID=5bd80d95-49ed-4527-8eb4-c6c130a82c84.
2020-11-11 13:02:26,853 [Command processor thread] INFO  impl.RaftServerProxy (RaftServerProxy.java:addNew(92)) - f941e2d8-b1d9-4857-a015-dcc954962098: addNew group-DCED4E8F9534:[f941e2d8-b1d9-4857-a015-dcc954962098:172.17.0.2:43187:0] returns group-DCED4E8F9534:java.util.concurrent.CompletableFuture@12f72af1[Not completed]
2020-11-11 13:02:26,854 [pool-206-thread-1] INFO  impl.RaftServerImpl (RaftServerImpl.java:<init>(120)) - f941e2d8-b1d9-4857-a015-dcc954962098: new RaftServerImpl for group-DCED4E8F9534:[f941e2d8-b1d9-4857-a015-dcc954962098:172.17.0.2:43187:0] with ContainerStateMachine:uninitialized
2020-11-11 13:02:26,854 [pool-206-thread-1] INFO  server.RaftServerConfigKeys (ConfUtils.java:logGet(44)) - raft.server.rpc.timeout.min = 5s (custom)
2020-11-11 13:02:26,854 [pool-206-thread-1] INFO  server.RaftServerConfigKeys (ConfUtils.java:logGet(44)) - raft.server.rpc.timeout.max = 5200ms (custom)
2020-11-11 13:02:26,854 [pool-206-thread-1] INFO  server.RaftServerConfigKeys (ConfUtils.java:logGet(44)) - raft.server.rpcslowness.timeout = 300s (custom)
2020-11-11 13:02:26,854 [pool-206-thread-1] INFO  server.RaftServerConfigKeys (ConfUtils.java:logGet(44)) - raft.server.sleep.deviation.threshold = 300 (default)
2020-11-11 13:02:26,855 [pool-206-thread-1] INFO  server.RaftServerConfigKeys (ConfUtils.java:logGet(44)) - raft.server.log.appender.install.snapshot.enabled = false (custom)
2020-11-11 13:02:26,855 [pool-206-thread-1] INFO  impl.RaftServerImpl (ServerState.java:<init>(104)) - f941e2d8-b1d9-4857-a015-dcc954962098@group-DCED4E8F9534: ConfigurationManager, init=-1: [f941e2d8-b1d9-4857-a015-dcc954962098:172.17.0.2:43187:0], old=null, confs=<EMPTY_MAP>
2020-11-11 13:02:26,855 [pool-206-thread-1] INFO  server.RaftServerConfigKeys (ConfUtils.java:logGet(44)) - raft.server.storage.dir = [/github/workspace/mnt/ozone/hadoop-ozone/integration-test/target/test-dir/MiniOzoneClusterImpl-360dda8a-aacf-474d-b2be-458d96023f40/datanode-2/data/ratis] (custom)
2020-11-11 13:02:26,855 [pool-206-thread-1] INFO  server.RaftServerConfigKeys (ConfUtils.java:logGet(44)) - raft.server.log.corruption.policy = EXCEPTION (default)
2020-11-11 13:02:26,855 [pool-206-thread-1] INFO  storage.RaftStorageDirectory (RaftStorageDirectory.java:analyzeStorage(261)) - The storage directory /github/workspace/mnt/ozone/hadoop-ozone/integration-test/target/test-dir/MiniOzoneClusterImpl-360dda8a-aacf-474d-b2be-458d96023f40/datanode-2/data/ratis/e9e32198-94f1-4e7c-9ec0-dced4e8f9534 does not exist. Creating ...
2020-11-11 13:02:26,857 [pool-206-thread-1] INFO  storage.RaftStorageDirectory (RaftStorageDirectory.java:tryLock(343)) - Lock on /github/workspace/mnt/ozone/hadoop-ozone/integration-test/target/test-dir/MiniOzoneClusterImpl-360dda8a-aacf-474d-b2be-458d96023f40/datanode-2/data/ratis/e9e32198-94f1-4e7c-9ec0-dced4e8f9534/in_use.lock acquired by nodename 3130@1fbbdd0f98d0
2020-11-11 13:02:26,858 [pool-206-thread-1] INFO  storage.RaftStorage (RaftStorage.java:format(84)) - Storage directory /github/workspace/mnt/ozone/hadoop-ozone/integration-test/target/test-dir/MiniOzoneClusterImpl-360dda8a-aacf-474d-b2be-458d96023f40/datanode-2/data/ratis/e9e32198-94f1-4e7c-9ec0-dced4e8f9534 has been successfully formatted.
2020-11-11 13:02:26,858 [pool-206-thread-1] INFO  ratis.ContainerStateMachine (ContainerStateMachine.java:loadSnapshot(225)) - group-DCED4E8F9534: The snapshot info is null. Setting the last applied indexto:(t:0, i:~)
2020-11-11 13:02:26,859 [pool-206-thread-1] INFO  server.RaftServerConfigKeys (ConfUtils.java:logGet(44)) - raft.server.notification.no-leader.timeout = 300s (custom)
2020-11-11 13:02:26,859 [pool-206-thread-1] INFO  server.RaftServerConfigKeys (ConfUtils.java:logGet(44)) - raft.server.log.use.memory = false (default)
2020-11-11 13:02:26,859 [pool-206-thread-1] INFO  server.RaftServerConfigKeys (ConfUtils.java:logGet(44)) - raft.server.log.purge.gap = 1000000 (custom)
2020-11-11 13:02:26,860 [pool-206-thread-1] INFO  metrics.RatisMetrics (RatisMetrics.java:lambda$create$0(36)) - Creating Metrics Registry : ratis.log_worker.f941e2d8-b1d9-4857-a015-dcc954962098@group-DCED4E8F9534
2020-11-11 13:02:26,859 [EventQueue-PipelineReportForPipelineReportHandler] INFO  pipeline.PipelineStateManager (PipelineStateManager.java:openPipeline(132)) - Pipeline Pipeline[ Id: e9e32198-94f1-4e7c-9ec0-dced4e8f9534, Nodes: f941e2d8-b1d9-4857-a015-dcc954962098{ip: 172.17.0.2, host: 1fbbdd0f98d0, networkLocation: /default-rack, certSerialId: null}, Type:RATIS, Factor:ONE, State:ALLOCATED, leaderId:f941e2d8-b1d9-4857-a015-dcc954962098, CreationTimestamp2020-11-11T13:02:23.854Z] moved to OPEN state
2020-11-11 13:02:26,860 [EventQueue-OpenPipelineForOneReplicaPipelineSafeModeRule] INFO  safemode.SCMSafeModeManager (SCMSafeModeManager.java:validateSafeModeExitRules(214)) - AtleastOneDatanodeReportedRule rule is successfully validated
2020-11-11 13:02:26,860 [EventQueue-OpenPipelineForHealthyPipelineSafeModeRule] INFO  safemode.SCMSafeModeManager (HealthyPipelineSafeModeRule.java:process(129)) - SCM in safe mode. Healthy pipelines reported count is 0, required healthy pipeline reported count is 1
2020-11-11 13:02:26,860 [pool-206-thread-1] INFO  server.RaftServerConfigKeys (ConfUtils.java:logGet(44)) - raft.server.log.appender.buffer.byte-limit = 33554432 (custom)
2020-11-11 13:02:26,863 [pool-206-thread-1] INFO  server.RaftServerConfigKeys (ConfUtils.java:logGet(44)) - raft.server.log.segment.size.max = 1048576 (custom)
2020-11-11 13:02:26,863 [pool-206-thread-1] INFO  server.RaftServerConfigKeys (ConfUtils.java:logGet(44)) - raft.server.log.segment.cache.num.max = 2 (custom)
2020-11-11 13:02:26,863 [pool-206-thread-1] INFO  segmented.SegmentedRaftLogWorker (SegmentedRaftLogWorker.java:<init>(180)) - new f941e2d8-b1d9-4857-a015-dcc954962098@group-DCED4E8F9534-SegmentedRaftLogWorker for RaftStorage:Storage Directory /github/workspace/mnt/ozone/hadoop-ozone/integration-test/target/test-dir/MiniOzoneClusterImpl-360dda8a-aacf-474d-b2be-458d96023f40/datanode-2/data/ratis/e9e32198-94f1-4e7c-9ec0-dced4e8f9534
2020-11-11 13:02:26,864 [pool-206-thread-1] INFO  server.RaftServerConfigKeys (ConfUtils.java:logGet(44)) - raft.server.log.queue.byte-limit = 2147483647 (custom)
2020-11-11 13:02:26,864 [pool-206-thread-1] INFO  server.RaftServerConfigKeys (ConfUtils.java:logGet(44)) - raft.server.log.queue.element-limit = 1024 (custom)
2020-11-11 13:02:26,864 [pool-206-thread-1] INFO  server.RaftServerConfigKeys (ConfUtils.java:logGet(44)) - raft.server.log.segment.size.max = 1048576 (custom)
2020-11-11 13:02:26,864 [pool-206-thread-1] INFO  server.RaftServerConfigKeys (ConfUtils.java:logGet(44)) - raft.server.log.preallocated.size = 16384 (custom)
2020-11-11 13:02:26,864 [pool-206-thread-1] INFO  server.RaftServerConfigKeys (ConfUtils.java:logGet(44)) - raft.server.log.write.buffer.size = 1048576 (custom)
2020-11-11 13:02:26,864 [pool-206-thread-1] INFO  server.RaftServerConfigKeys (ConfUtils.java:logGet(44)) - raft.server.log.force.sync.num = 128 (default)
2020-11-11 13:02:26,864 [pool-206-thread-1] INFO  server.RaftServerConfigKeys (ConfUtils.java:logGet(44)) - raft.server.log.statemachine.data.sync = true (default)
2020-11-11 13:02:26,864 [pool-206-thread-1] INFO  server.RaftServerConfigKeys (ConfUtils.java:logGet(44)) - raft.server.log.statemachine.data.sync.timeout = 10s (default)
2020-11-11 13:02:26,864 [pool-206-thread-1] INFO  server.RaftServerConfigKeys (ConfUtils.java:logGet(44)) - raft.server.log.statemachine.data.sync.timeout.retry = -1 (default)
2020-11-11 13:02:26,868 [pool-206-thread-1] INFO  server.RaftServerConfigKeys (ConfUtils.java:logGet(44)) - raft.server.log.statemachine.data.caching.enabled = true (custom)
2020-11-11 13:02:26,868 [pool-206-thread-1] INFO  segmented.SegmentedRaftLogWorker (SegmentedRaftLogWorker.java:lambda$new$0(129)) - f941e2d8-b1d9-4857-a015-dcc954962098@group-DCED4E8F9534-SegmentedRaftLogWorker: flushIndex: setUnconditionally 0 -> -1
2020-11-11 13:02:26,868 [pool-206-thread-1] INFO  segmented.SegmentedRaftLogWorker (SegmentedRaftLogWorker.java:lambda$new$0(129)) - f941e2d8-b1d9-4857-a015-dcc954962098@group-DCED4E8F9534-SegmentedRaftLogWorker: safeCacheEvictIndex: setUnconditionally 0 -> -1
2020-11-11 13:02:26,868 [pool-206-thread-1] INFO  server.RaftServerConfigKeys (ConfUtils.java:logGet(44)) - raft.server.snapshot.auto.trigger.enabled = true (custom)
2020-11-11 13:02:26,868 [pool-206-thread-1] INFO  server.RaftServerConfigKeys (ConfUtils.java:logGet(44)) - raft.server.snapshot.auto.trigger.threshold = 10000 (custom)
2020-11-11 13:02:26,868 [pool-206-thread-1] INFO  server.RaftServerConfigKeys (ConfUtils.java:logGet(44)) - raft.server.snapshot.retention.file.num = 5 (custom)
2020-11-11 13:02:26,868 [pool-206-thread-1] INFO  server.RaftServerConfigKeys (ConfUtils.java:logGet(44)) - raft.server.log.purge.upto.snapshot.index = false (default)
2020-11-11 13:02:26,868 [pool-206-thread-1] INFO  server.RaftServerConfigKeys (ConfUtils.java:logGet(44)) - raft.server.retrycache.expirytime = 600000ms (custom)
2020-11-11 13:02:26,868 [pool-206-thread-1] INFO  metrics.RatisMetrics (RatisMetrics.java:lambda$create$0(36)) - Creating Metrics Registry : ratis.leader_election.f941e2d8-b1d9-4857-a015-dcc954962098@group-DCED4E8F9534
2020-11-11 13:02:26,869 [pool-206-thread-1] INFO  metrics.RatisMetrics (RatisMetrics.java:lambda$create$0(36)) - Creating Metrics Registry : ratis.server.f941e2d8-b1d9-4857-a015-dcc954962098@group-DCED4E8F9534
2020-11-11 13:02:26,870 [pool-206-thread-1] INFO  impl.RaftServerImpl (RaftServerImpl.java:start(209)) - f941e2d8-b1d9-4857-a015-dcc954962098@group-DCED4E8F9534: start as a follower, conf=-1: [f941e2d8-b1d9-4857-a015-dcc954962098:172.17.0.2:43187:0], old=null
2020-11-11 13:02:26,870 [pool-206-thread-1] INFO  impl.RaftServerImpl (RaftServerImpl.java:setRole(198)) - f941e2d8-b1d9-4857-a015-dcc954962098@group-DCED4E8F9534: changes role from      null to FOLLOWER at term 0 for startAsFollower
2020-11-11 13:02:26,870 [pool-206-thread-1] INFO  impl.RoleInfo (RoleInfo.java:updateAndGet(143)) - f941e2d8-b1d9-4857-a015-dcc954962098: start FollowerState
2020-11-11 13:02:26,873 [pool-206-thread-1] INFO  util.JmxRegister (JmxRegister.java:tryRegister(44)) - Successfully registered JMX Bean with object name Ratis:service=RaftServer,group=group-DCED4E8F9534,id=f941e2d8-b1d9-4857-a015-dcc954962098
2020-11-11 13:02:26,873 [pool-206-thread-1] INFO  metrics.RatisMetrics (RatisMetrics.java:lambda$create$0(36)) - Creating Metrics Registry : ratis.state_machine.f941e2d8-b1d9-4857-a015-dcc954962098@group-DCED4E8F9534
2020-11-11 13:02:26,873 [Command processor thread] INFO  commandhandler.CreatePipelineCommandHandler (CreatePipelineCommandHandler.java:handle(106)) - Created Pipeline RATIS ONE PipelineID=e9e32198-94f1-4e7c-9ec0-dced4e8f9534.
2020-11-11 13:02:27,060 [Command processor thread] INFO  impl.RaftServerProxy (RaftServerProxy.java:addNew(92)) - dfc112cd-6783-4672-858d-cfab3cc4e4cb: addNew group-553A490B449E:[dfc112cd-6783-4672-858d-cfab3cc4e4cb:172.17.0.2:37735:0] returns group-553A490B449E:java.util.concurrent.CompletableFuture@61b57ffb[Not completed]
2020-11-11 13:02:27,062 [pool-223-thread-1] INFO  impl.RaftServerImpl (RaftServerImpl.java:<init>(120)) - dfc112cd-6783-4672-858d-cfab3cc4e4cb: new RaftServerImpl for group-553A490B449E:[dfc112cd-6783-4672-858d-cfab3cc4e4cb:172.17.0.2:37735:0] with ContainerStateMachine:uninitialized
2020-11-11 13:02:27,062 [pool-223-thread-1] INFO  server.RaftServerConfigKeys (ConfUtils.java:logGet(44)) - raft.server.rpc.timeout.min = 5s (custom)
2020-11-11 13:02:27,062 [pool-223-thread-1] INFO  server.RaftServerConfigKeys (ConfUtils.java:logGet(44)) - raft.server.rpc.timeout.max = 5200ms (custom)
2020-11-11 13:02:27,062 [pool-223-thread-1] INFO  server.RaftServerConfigKeys (ConfUtils.java:logGet(44)) - raft.server.rpcslowness.timeout = 300s (custom)
2020-11-11 13:02:27,062 [pool-223-thread-1] INFO  server.RaftServerConfigKeys (ConfUtils.java:logGet(44)) - raft.server.sleep.deviation.threshold = 300 (default)
2020-11-11 13:02:27,062 [pool-223-thread-1] INFO  server.RaftServerConfigKeys (ConfUtils.java:logGet(44)) - raft.server.log.appender.install.snapshot.enabled = false (custom)
2020-11-11 13:02:27,063 [pool-223-thread-1] INFO  impl.RaftServerImpl (ServerState.java:<init>(104)) - dfc112cd-6783-4672-858d-cfab3cc4e4cb@group-553A490B449E: ConfigurationManager, init=-1: [dfc112cd-6783-4672-858d-cfab3cc4e4cb:172.17.0.2:37735:0], old=null, confs=<EMPTY_MAP>
2020-11-11 13:02:27,063 [pool-223-thread-1] INFO  server.RaftServerConfigKeys (ConfUtils.java:logGet(44)) - raft.server.storage.dir = [/github/workspace/mnt/ozone/hadoop-ozone/integration-test/target/test-dir/MiniOzoneClusterImpl-360dda8a-aacf-474d-b2be-458d96023f40/datanode-3/data/ratis] (custom)
2020-11-11 13:02:27,063 [pool-223-thread-1] INFO  server.RaftServerConfigKeys (ConfUtils.java:logGet(44)) - raft.server.log.corruption.policy = EXCEPTION (default)
2020-11-11 13:02:27,063 [pool-223-thread-1] INFO  storage.RaftStorageDirectory (RaftStorageDirectory.java:analyzeStorage(261)) - The storage directory /github/workspace/mnt/ozone/hadoop-ozone/integration-test/target/test-dir/MiniOzoneClusterImpl-360dda8a-aacf-474d-b2be-458d96023f40/datanode-3/data/ratis/70669d07-c9c6-4ee5-a43b-553a490b449e does not exist. Creating ...
2020-11-11 13:02:27,065 [pool-223-thread-1] INFO  storage.RaftStorageDirectory (RaftStorageDirectory.java:tryLock(343)) - Lock on /github/workspace/mnt/ozone/hadoop-ozone/integration-test/target/test-dir/MiniOzoneClusterImpl-360dda8a-aacf-474d-b2be-458d96023f40/datanode-3/data/ratis/70669d07-c9c6-4ee5-a43b-553a490b449e/in_use.lock acquired by nodename 3130@1fbbdd0f98d0
2020-11-11 13:02:27,066 [pool-223-thread-1] INFO  storage.RaftStorage (RaftStorage.java:format(84)) - Storage directory /github/workspace/mnt/ozone/hadoop-ozone/integration-test/target/test-dir/MiniOzoneClusterImpl-360dda8a-aacf-474d-b2be-458d96023f40/datanode-3/data/ratis/70669d07-c9c6-4ee5-a43b-553a490b449e has been successfully formatted.
2020-11-11 13:02:27,067 [pool-223-thread-1] INFO  ratis.ContainerStateMachine (ContainerStateMachine.java:loadSnapshot(225)) - group-553A490B449E: The snapshot info is null. Setting the last applied indexto:(t:0, i:~)
2020-11-11 13:02:27,068 [pool-223-thread-1] INFO  server.RaftServerConfigKeys (ConfUtils.java:logGet(44)) - raft.server.notification.no-leader.timeout = 300s (custom)
2020-11-11 13:02:27,068 [pool-223-thread-1] INFO  server.RaftServerConfigKeys (ConfUtils.java:logGet(44)) - raft.server.log.use.memory = false (default)
2020-11-11 13:02:27,068 [pool-223-thread-1] INFO  server.RaftServerConfigKeys (ConfUtils.java:logGet(44)) - raft.server.log.purge.gap = 1000000 (custom)
2020-11-11 13:02:27,068 [pool-223-thread-1] INFO  metrics.RatisMetrics (RatisMetrics.java:lambda$create$0(36)) - Creating Metrics Registry : ratis.log_worker.dfc112cd-6783-4672-858d-cfab3cc4e4cb@group-553A490B449E
2020-11-11 13:02:27,068 [pool-223-thread-1] INFO  server.RaftServerConfigKeys (ConfUtils.java:logGet(44)) - raft.server.log.appender.buffer.byte-limit = 33554432 (custom)
2020-11-11 13:02:27,068 [pool-223-thread-1] INFO  server.RaftServerConfigKeys (ConfUtils.java:logGet(44)) - raft.server.log.segment.size.max = 1048576 (custom)
2020-11-11 13:02:27,068 [EventQueue-PipelineReportForPipelineReportHandler] INFO  pipeline.PipelineStateManager (PipelineStateManager.java:openPipeline(132)) - Pipeline Pipeline[ Id: 70669d07-c9c6-4ee5-a43b-553a490b449e, Nodes: dfc112cd-6783-4672-858d-cfab3cc4e4cb{ip: 172.17.0.2, host: 1fbbdd0f98d0, networkLocation: /default-rack, certSerialId: null}, Type:RATIS, Factor:ONE, State:ALLOCATED, leaderId:dfc112cd-6783-4672-858d-cfab3cc4e4cb, CreationTimestamp2020-11-11T13:02:24.062Z] moved to OPEN state
2020-11-11 13:02:27,068 [EventQueue-OpenPipelineForOneReplicaPipelineSafeModeRule] INFO  safemode.SCMSafeModeManager (SCMSafeModeManager.java:validateSafeModeExitRules(214)) - AtleastOneDatanodeReportedRule rule is successfully validated
2020-11-11 13:02:27,068 [EventQueue-OpenPipelineForHealthyPipelineSafeModeRule] INFO  safemode.SCMSafeModeManager (HealthyPipelineSafeModeRule.java:process(129)) - SCM in safe mode. Healthy pipelines reported count is 0, required healthy pipeline reported count is 1
2020-11-11 13:02:27,069 [pool-223-thread-1] INFO  server.RaftServerConfigKeys (ConfUtils.java:logGet(44)) - raft.server.log.segment.cache.num.max = 2 (custom)
2020-11-11 13:02:27,069 [pool-223-thread-1] INFO  segmented.SegmentedRaftLogWorker (SegmentedRaftLogWorker.java:<init>(180)) - new dfc112cd-6783-4672-858d-cfab3cc4e4cb@group-553A490B449E-SegmentedRaftLogWorker for RaftStorage:Storage Directory /github/workspace/mnt/ozone/hadoop-ozone/integration-test/target/test-dir/MiniOzoneClusterImpl-360dda8a-aacf-474d-b2be-458d96023f40/datanode-3/data/ratis/70669d07-c9c6-4ee5-a43b-553a490b449e
2020-11-11 13:02:27,069 [pool-223-thread-1] INFO  server.RaftServerConfigKeys (ConfUtils.java:logGet(44)) - raft.server.log.queue.byte-limit = 2147483647 (custom)
2020-11-11 13:02:27,069 [pool-223-thread-1] INFO  server.RaftServerConfigKeys (ConfUtils.java:logGet(44)) - raft.server.log.queue.element-limit = 1024 (custom)
2020-11-11 13:02:27,069 [pool-223-thread-1] INFO  server.RaftServerConfigKeys (ConfUtils.java:logGet(44)) - raft.server.log.segment.size.max = 1048576 (custom)
2020-11-11 13:02:27,069 [pool-223-thread-1] INFO  server.RaftServerConfigKeys (ConfUtils.java:logGet(44)) - raft.server.log.preallocated.size = 16384 (custom)
2020-11-11 13:02:27,069 [pool-223-thread-1] INFO  server.RaftServerConfigKeys (ConfUtils.java:logGet(44)) - raft.server.log.write.buffer.size = 1048576 (custom)
2020-11-11 13:02:27,069 [pool-223-thread-1] INFO  server.RaftServerConfigKeys (ConfUtils.java:logGet(44)) - raft.server.log.force.sync.num = 128 (default)
2020-11-11 13:02:27,069 [pool-223-thread-1] INFO  server.RaftServerConfigKeys (ConfUtils.java:logGet(44)) - raft.server.log.statemachine.data.sync = true (default)
2020-11-11 13:02:27,069 [pool-223-thread-1] INFO  server.RaftServerConfigKeys (ConfUtils.java:logGet(44)) - raft.server.log.statemachine.data.sync.timeout = 10s (default)
2020-11-11 13:02:27,070 [pool-223-thread-1] INFO  server.RaftServerConfigKeys (ConfUtils.java:logGet(44)) - raft.server.log.statemachine.data.sync.timeout.retry = -1 (default)
2020-11-11 13:02:27,071 [pool-223-thread-1] INFO  server.RaftServerConfigKeys (ConfUtils.java:logGet(44)) - raft.server.log.statemachine.data.caching.enabled = true (custom)
2020-11-11 13:02:27,072 [pool-223-thread-1] INFO  segmented.SegmentedRaftLogWorker (SegmentedRaftLogWorker.java:lambda$new$0(129)) - dfc112cd-6783-4672-858d-cfab3cc4e4cb@group-553A490B449E-SegmentedRaftLogWorker: flushIndex: setUnconditionally 0 -> -1
2020-11-11 13:02:27,072 [pool-223-thread-1] INFO  segmented.SegmentedRaftLogWorker (SegmentedRaftLogWorker.java:lambda$new$0(129)) - dfc112cd-6783-4672-858d-cfab3cc4e4cb@group-553A490B449E-SegmentedRaftLogWorker: safeCacheEvictIndex: setUnconditionally 0 -> -1
2020-11-11 13:02:27,072 [pool-223-thread-1] INFO  server.RaftServerConfigKeys (ConfUtils.java:logGet(44)) - raft.server.snapshot.auto.trigger.enabled = true (custom)
2020-11-11 13:02:27,072 [pool-223-thread-1] INFO  server.RaftServerConfigKeys (ConfUtils.java:logGet(44)) - raft.server.snapshot.auto.trigger.threshold = 10000 (custom)
2020-11-11 13:02:27,072 [pool-223-thread-1] INFO  server.RaftServerConfigKeys (ConfUtils.java:logGet(44)) - raft.server.snapshot.retention.file.num = 5 (custom)
2020-11-11 13:02:27,072 [pool-223-thread-1] INFO  server.RaftServerConfigKeys (ConfUtils.java:logGet(44)) - raft.server.log.purge.upto.snapshot.index = false (default)
2020-11-11 13:02:27,072 [pool-223-thread-1] INFO  server.RaftServerConfigKeys (ConfUtils.java:logGet(44)) - raft.server.retrycache.expirytime = 600000ms (custom)
2020-11-11 13:02:27,072 [pool-223-thread-1] INFO  metrics.RatisMetrics (RatisMetrics.java:lambda$create$0(36)) - Creating Metrics Registry : ratis.leader_election.dfc112cd-6783-4672-858d-cfab3cc4e4cb@group-553A490B449E
2020-11-11 13:02:27,073 [pool-223-thread-1] INFO  metrics.RatisMetrics (RatisMetrics.java:lambda$create$0(36)) - Creating Metrics Registry : ratis.server.dfc112cd-6783-4672-858d-cfab3cc4e4cb@group-553A490B449E
2020-11-11 13:02:27,073 [pool-223-thread-1] INFO  impl.RaftServerImpl (RaftServerImpl.java:start(209)) - dfc112cd-6783-4672-858d-cfab3cc4e4cb@group-553A490B449E: start as a follower, conf=-1: [dfc112cd-6783-4672-858d-cfab3cc4e4cb:172.17.0.2:37735:0], old=null
2020-11-11 13:02:27,074 [pool-223-thread-1] INFO  impl.RaftServerImpl (RaftServerImpl.java:setRole(198)) - dfc112cd-6783-4672-858d-cfab3cc4e4cb@group-553A490B449E: changes role from      null to FOLLOWER at term 0 for startAsFollower
2020-11-11 13:02:27,074 [pool-223-thread-1] INFO  impl.RoleInfo (RoleInfo.java:updateAndGet(143)) - dfc112cd-6783-4672-858d-cfab3cc4e4cb: start FollowerState
2020-11-11 13:02:27,076 [pool-223-thread-1] INFO  util.JmxRegister (JmxRegister.java:tryRegister(44)) - Successfully registered JMX Bean with object name Ratis:service=RaftServer,group=group-553A490B449E,id=dfc112cd-6783-4672-858d-cfab3cc4e4cb
2020-11-11 13:02:27,076 [pool-223-thread-1] INFO  metrics.RatisMetrics (RatisMetrics.java:lambda$create$0(36)) - Creating Metrics Registry : ratis.state_machine.dfc112cd-6783-4672-858d-cfab3cc4e4cb@group-553A490B449E
2020-11-11 13:02:27,078 [Command processor thread] INFO  commandhandler.CreatePipelineCommandHandler (CreatePipelineCommandHandler.java:handle(106)) - Created Pipeline RATIS ONE PipelineID=70669d07-c9c6-4ee5-a43b-553a490b449e.
2020-11-11 13:02:27,078 [Command processor thread] INFO  impl.RaftServerProxy (RaftServerProxy.java:addNew(92)) - dfc112cd-6783-4672-858d-cfab3cc4e4cb: addNew group-82309C06AD61:[dfc112cd-6783-4672-858d-cfab3cc4e4cb:172.17.0.2:37735:0, 03e737f9-595c-463e-9a53-563bdd016f99:172.17.0.2:45547:0, 352d83a1-5d74-43bd-bd39-d85070547324:172.17.0.2:35799:0] returns group-82309C06AD61:java.util.concurrent.CompletableFuture@658ae715[Not completed]
2020-11-11 13:02:27,079 [pool-223-thread-1] INFO  impl.RaftServerImpl (RaftServerImpl.java:<init>(120)) - dfc112cd-6783-4672-858d-cfab3cc4e4cb: new RaftServerImpl for group-82309C06AD61:[dfc112cd-6783-4672-858d-cfab3cc4e4cb:172.17.0.2:37735:0, 03e737f9-595c-463e-9a53-563bdd016f99:172.17.0.2:45547:0, 352d83a1-5d74-43bd-bd39-d85070547324:172.17.0.2:35799:0] with ContainerStateMachine:uninitialized
2020-11-11 13:02:27,079 [pool-223-thread-1] INFO  server.RaftServerConfigKeys (ConfUtils.java:logGet(44)) - raft.server.rpc.timeout.min = 5s (custom)
2020-11-11 13:02:27,079 [pool-223-thread-1] INFO  server.RaftServerConfigKeys (ConfUtils.java:logGet(44)) - raft.server.rpc.timeout.max = 5200ms (custom)
2020-11-11 13:02:27,079 [pool-223-thread-1] INFO  server.RaftServerConfigKeys (ConfUtils.java:logGet(44)) - raft.server.rpcslowness.timeout = 300s (custom)
2020-11-11 13:02:27,079 [pool-223-thread-1] INFO  server.RaftServerConfigKeys (ConfUtils.java:logGet(44)) - raft.server.sleep.deviation.threshold = 300 (default)
2020-11-11 13:02:27,079 [pool-223-thread-1] INFO  server.RaftServerConfigKeys (ConfUtils.java:logGet(44)) - raft.server.log.appender.install.snapshot.enabled = false (custom)
2020-11-11 13:02:27,079 [pool-223-thread-1] INFO  impl.RaftServerImpl (ServerState.java:<init>(104)) - dfc112cd-6783-4672-858d-cfab3cc4e4cb@group-82309C06AD61: ConfigurationManager, init=-1: [dfc112cd-6783-4672-858d-cfab3cc4e4cb:172.17.0.2:37735:0, 03e737f9-595c-463e-9a53-563bdd016f99:172.17.0.2:45547:0, 352d83a1-5d74-43bd-bd39-d85070547324:172.17.0.2:35799:0], old=null, confs=<EMPTY_MAP>
2020-11-11 13:02:27,079 [pool-223-thread-1] INFO  server.RaftServerConfigKeys (ConfUtils.java:logGet(44)) - raft.server.storage.dir = [/github/workspace/mnt/ozone/hadoop-ozone/integration-test/target/test-dir/MiniOzoneClusterImpl-360dda8a-aacf-474d-b2be-458d96023f40/datanode-3/data/ratis] (custom)
2020-11-11 13:02:27,079 [pool-223-thread-1] INFO  server.RaftServerConfigKeys (ConfUtils.java:logGet(44)) - raft.server.log.corruption.policy = EXCEPTION (default)
2020-11-11 13:02:27,079 [pool-223-thread-1] INFO  storage.RaftStorageDirectory (RaftStorageDirectory.java:analyzeStorage(261)) - The storage directory /github/workspace/mnt/ozone/hadoop-ozone/integration-test/target/test-dir/MiniOzoneClusterImpl-360dda8a-aacf-474d-b2be-458d96023f40/datanode-3/data/ratis/8ae8f7cf-e0cf-4ac8-9d09-82309c06ad61 does not exist. Creating ...
2020-11-11 13:02:27,081 [pool-223-thread-1] INFO  storage.RaftStorageDirectory (RaftStorageDirectory.java:tryLock(343)) - Lock on /github/workspace/mnt/ozone/hadoop-ozone/integration-test/target/test-dir/MiniOzoneClusterImpl-360dda8a-aacf-474d-b2be-458d96023f40/datanode-3/data/ratis/8ae8f7cf-e0cf-4ac8-9d09-82309c06ad61/in_use.lock acquired by nodename 3130@1fbbdd0f98d0
2020-11-11 13:02:27,082 [pool-223-thread-1] INFO  storage.RaftStorage (RaftStorage.java:format(84)) - Storage directory /github/workspace/mnt/ozone/hadoop-ozone/integration-test/target/test-dir/MiniOzoneClusterImpl-360dda8a-aacf-474d-b2be-458d96023f40/datanode-3/data/ratis/8ae8f7cf-e0cf-4ac8-9d09-82309c06ad61 has been successfully formatted.
2020-11-11 13:02:27,082 [pool-223-thread-1] INFO  ratis.ContainerStateMachine (ContainerStateMachine.java:loadSnapshot(225)) - group-82309C06AD61: The snapshot info is null. Setting the last applied indexto:(t:0, i:~)
2020-11-11 13:02:27,083 [pool-223-thread-1] INFO  server.RaftServerConfigKeys (ConfUtils.java:logGet(44)) - raft.server.notification.no-leader.timeout = 300s (custom)
2020-11-11 13:02:27,083 [pool-223-thread-1] INFO  server.RaftServerConfigKeys (ConfUtils.java:logGet(44)) - raft.server.log.use.memory = false (default)
2020-11-11 13:02:27,083 [pool-223-thread-1] INFO  server.RaftServerConfigKeys (ConfUtils.java:logGet(44)) - raft.server.log.purge.gap = 1000000 (custom)
2020-11-11 13:02:27,083 [pool-223-thread-1] INFO  metrics.RatisMetrics (RatisMetrics.java:lambda$create$0(36)) - Creating Metrics Registry : ratis.log_worker.dfc112cd-6783-4672-858d-cfab3cc4e4cb@group-82309C06AD61
2020-11-11 13:02:27,083 [pool-223-thread-1] INFO  server.RaftServerConfigKeys (ConfUtils.java:logGet(44)) - raft.server.log.appender.buffer.byte-limit = 33554432 (custom)
2020-11-11 13:02:27,083 [pool-223-thread-1] INFO  server.RaftServerConfigKeys (ConfUtils.java:logGet(44)) - raft.server.log.segment.size.max = 1048576 (custom)
2020-11-11 13:02:27,084 [pool-223-thread-1] INFO  server.RaftServerConfigKeys (ConfUtils.java:logGet(44)) - raft.server.log.segment.cache.num.max = 2 (custom)
2020-11-11 13:02:27,084 [pool-223-thread-1] INFO  segmented.SegmentedRaftLogWorker (SegmentedRaftLogWorker.java:<init>(180)) - new dfc112cd-6783-4672-858d-cfab3cc4e4cb@group-82309C06AD61-SegmentedRaftLogWorker for RaftStorage:Storage Directory /github/workspace/mnt/ozone/hadoop-ozone/integration-test/target/test-dir/MiniOzoneClusterImpl-360dda8a-aacf-474d-b2be-458d96023f40/datanode-3/data/ratis/8ae8f7cf-e0cf-4ac8-9d09-82309c06ad61
2020-11-11 13:02:27,084 [pool-223-thread-1] INFO  server.RaftServerConfigKeys (ConfUtils.java:logGet(44)) - raft.server.log.queue.byte-limit = 2147483647 (custom)
2020-11-11 13:02:27,084 [pool-223-thread-1] INFO  server.RaftServerConfigKeys (ConfUtils.java:logGet(44)) - raft.server.log.queue.element-limit = 1024 (custom)
2020-11-11 13:02:27,085 [pool-223-thread-1] INFO  server.RaftServerConfigKeys (ConfUtils.java:logGet(44)) - raft.server.log.segment.size.max = 1048576 (custom)
2020-11-11 13:02:27,085 [pool-223-thread-1] INFO  server.RaftServerConfigKeys (ConfUtils.java:logGet(44)) - raft.server.log.preallocated.size = 16384 (custom)
2020-11-11 13:02:27,085 [pool-223-thread-1] INFO  server.RaftServerConfigKeys (ConfUtils.java:logGet(44)) - raft.server.log.write.buffer.size = 1048576 (custom)
2020-11-11 13:02:27,085 [pool-223-thread-1] INFO  server.RaftServerConfigKeys (ConfUtils.java:logGet(44)) - raft.server.log.force.sync.num = 128 (default)
2020-11-11 13:02:27,085 [pool-223-thread-1] INFO  server.RaftServerConfigKeys (ConfUtils.java:logGet(44)) - raft.server.log.statemachine.data.sync = true (default)
2020-11-11 13:02:27,085 [pool-223-thread-1] INFO  server.RaftServerConfigKeys (ConfUtils.java:logGet(44)) - raft.server.log.statemachine.data.sync.timeout = 10s (default)
2020-11-11 13:02:27,085 [pool-223-thread-1] INFO  server.RaftServerConfigKeys (ConfUtils.java:logGet(44)) - raft.server.log.statemachine.data.sync.timeout.retry = -1 (default)
2020-11-11 13:02:27,088 [pool-223-thread-1] INFO  server.RaftServerConfigKeys (ConfUtils.java:logGet(44)) - raft.server.log.statemachine.data.caching.enabled = true (custom)
2020-11-11 13:02:27,089 [pool-223-thread-1] INFO  segmented.SegmentedRaftLogWorker (SegmentedRaftLogWorker.java:lambda$new$0(129)) - dfc112cd-6783-4672-858d-cfab3cc4e4cb@group-82309C06AD61-SegmentedRaftLogWorker: flushIndex: setUnconditionally 0 -> -1
2020-11-11 13:02:27,089 [pool-223-thread-1] INFO  segmented.SegmentedRaftLogWorker (SegmentedRaftLogWorker.java:lambda$new$0(129)) - dfc112cd-6783-4672-858d-cfab3cc4e4cb@group-82309C06AD61-SegmentedRaftLogWorker: safeCacheEvictIndex: setUnconditionally 0 -> -1
2020-11-11 13:02:27,092 [pool-223-thread-1] INFO  server.RaftServerConfigKeys (ConfUtils.java:logGet(44)) - raft.server.snapshot.auto.trigger.enabled = true (custom)
2020-11-11 13:02:27,092 [pool-223-thread-1] INFO  server.RaftServerConfigKeys (ConfUtils.java:logGet(44)) - raft.server.snapshot.auto.trigger.threshold = 10000 (custom)
2020-11-11 13:02:27,092 [pool-223-thread-1] INFO  server.RaftServerConfigKeys (ConfUtils.java:logGet(44)) - raft.server.snapshot.retention.file.num = 5 (custom)
2020-11-11 13:02:27,092 [pool-223-thread-1] INFO  server.RaftServerConfigKeys (ConfUtils.java:logGet(44)) - raft.server.log.purge.upto.snapshot.index = false (default)
2020-11-11 13:02:27,093 [pool-223-thread-1] INFO  server.RaftServerConfigKeys (ConfUtils.java:logGet(44)) - raft.server.retrycache.expirytime = 600000ms (custom)
2020-11-11 13:02:27,093 [pool-223-thread-1] INFO  metrics.RatisMetrics (RatisMetrics.java:lambda$create$0(36)) - Creating Metrics Registry : ratis.leader_election.dfc112cd-6783-4672-858d-cfab3cc4e4cb@group-82309C06AD61
2020-11-11 13:02:27,093 [pool-223-thread-1] INFO  metrics.RatisMetrics (RatisMetrics.java:lambda$create$0(36)) - Creating Metrics Registry : ratis.server.dfc112cd-6783-4672-858d-cfab3cc4e4cb@group-82309C06AD61
2020-11-11 13:02:27,094 [pool-223-thread-1] INFO  impl.RaftServerImpl (RaftServerImpl.java:start(209)) - dfc112cd-6783-4672-858d-cfab3cc4e4cb@group-82309C06AD61: start as a follower, conf=-1: [dfc112cd-6783-4672-858d-cfab3cc4e4cb:172.17.0.2:37735:0, 03e737f9-595c-463e-9a53-563bdd016f99:172.17.0.2:45547:0, 352d83a1-5d74-43bd-bd39-d85070547324:172.17.0.2:35799:0], old=null
2020-11-11 13:02:27,094 [pool-223-thread-1] INFO  impl.RaftServerImpl (RaftServerImpl.java:setRole(198)) - dfc112cd-6783-4672-858d-cfab3cc4e4cb@group-82309C06AD61: changes role from      null to FOLLOWER at term 0 for startAsFollower
2020-11-11 13:02:27,094 [pool-223-thread-1] INFO  impl.RoleInfo (RoleInfo.java:updateAndGet(143)) - dfc112cd-6783-4672-858d-cfab3cc4e4cb: start FollowerState
2020-11-11 13:02:27,094 [pool-223-thread-1] INFO  util.JmxRegister (JmxRegister.java:tryRegister(44)) - Successfully registered JMX Bean with object name Ratis:service=RaftServer,group=group-82309C06AD61,id=dfc112cd-6783-4672-858d-cfab3cc4e4cb
2020-11-11 13:02:27,094 [pool-223-thread-1] INFO  metrics.RatisMetrics (RatisMetrics.java:lambda$create$0(36)) - Creating Metrics Registry : ratis.state_machine.dfc112cd-6783-4672-858d-cfab3cc4e4cb@group-82309C06AD61
2020-11-11 13:02:27,096 [Command processor thread] INFO  metrics.RatisMetrics (RatisMetrics.java:lambda$create$0(36)) - Creating Metrics Registry : ratis.client_message_metrics.client-54E04AAE6CB4->03e737f9-595c-463e-9a53-563bdd016f99
2020-11-11 13:02:27,102 [grpc-default-executor-2] INFO  metrics.RatisMetrics (RatisMetrics.java:lambda$create$0(36)) - Creating Metrics Registry : ratis.server_message_metrics.03e737f9-595c-463e-9a53-563bdd016f99
2020-11-11 13:02:27,112 [grpc-default-executor-2] INFO  impl.RaftServerProxy (RaftServerProxy.java:addNew(92)) - 03e737f9-595c-463e-9a53-563bdd016f99: addNew group-82309C06AD61:[dfc112cd-6783-4672-858d-cfab3cc4e4cb:172.17.0.2:37735:0, 03e737f9-595c-463e-9a53-563bdd016f99:172.17.0.2:45547:0, 352d83a1-5d74-43bd-bd39-d85070547324:172.17.0.2:35799:0] returns group-82309C06AD61:java.util.concurrent.CompletableFuture@2dad70e6[Not completed]
2020-11-11 13:02:27,118 [pool-239-thread-1] INFO  impl.RaftServerImpl (RaftServerImpl.java:<init>(120)) - 03e737f9-595c-463e-9a53-563bdd016f99: new RaftServerImpl for group-82309C06AD61:[dfc112cd-6783-4672-858d-cfab3cc4e4cb:172.17.0.2:37735:0, 03e737f9-595c-463e-9a53-563bdd016f99:172.17.0.2:45547:0, 352d83a1-5d74-43bd-bd39-d85070547324:172.17.0.2:35799:0] with ContainerStateMachine:uninitialized
2020-11-11 13:02:27,118 [pool-239-thread-1] INFO  server.RaftServerConfigKeys (ConfUtils.java:logGet(44)) - raft.server.rpc.timeout.min = 5s (custom)
2020-11-11 13:02:27,118 [pool-239-thread-1] INFO  server.RaftServerConfigKeys (ConfUtils.java:logGet(44)) - raft.server.rpc.timeout.max = 5200ms (custom)
2020-11-11 13:02:27,118 [pool-239-thread-1] INFO  server.RaftServerConfigKeys (ConfUtils.java:logGet(44)) - raft.server.rpcslowness.timeout = 300s (custom)
2020-11-11 13:02:27,119 [pool-239-thread-1] INFO  server.RaftServerConfigKeys (ConfUtils.java:logGet(44)) - raft.server.sleep.deviation.threshold = 300 (default)
2020-11-11 13:02:27,119 [pool-239-thread-1] INFO  server.RaftServerConfigKeys (ConfUtils.java:logGet(44)) - raft.server.log.appender.install.snapshot.enabled = false (custom)
2020-11-11 13:02:27,119 [pool-239-thread-1] INFO  impl.RaftServerImpl (ServerState.java:<init>(104)) - 03e737f9-595c-463e-9a53-563bdd016f99@group-82309C06AD61: ConfigurationManager, init=-1: [dfc112cd-6783-4672-858d-cfab3cc4e4cb:172.17.0.2:37735:0, 03e737f9-595c-463e-9a53-563bdd016f99:172.17.0.2:45547:0, 352d83a1-5d74-43bd-bd39-d85070547324:172.17.0.2:35799:0], old=null, confs=<EMPTY_MAP>
2020-11-11 13:02:27,119 [pool-239-thread-1] INFO  server.RaftServerConfigKeys (ConfUtils.java:logGet(44)) - raft.server.storage.dir = [/github/workspace/mnt/ozone/hadoop-ozone/integration-test/target/test-dir/MiniOzoneClusterImpl-360dda8a-aacf-474d-b2be-458d96023f40/datanode-4/data/ratis] (custom)
2020-11-11 13:02:27,119 [pool-239-thread-1] INFO  server.RaftServerConfigKeys (ConfUtils.java:logGet(44)) - raft.server.log.corruption.policy = EXCEPTION (default)
2020-11-11 13:02:27,119 [pool-239-thread-1] INFO  storage.RaftStorageDirectory (RaftStorageDirectory.java:analyzeStorage(261)) - The storage directory /github/workspace/mnt/ozone/hadoop-ozone/integration-test/target/test-dir/MiniOzoneClusterImpl-360dda8a-aacf-474d-b2be-458d96023f40/datanode-4/data/ratis/8ae8f7cf-e0cf-4ac8-9d09-82309c06ad61 does not exist. Creating ...
2020-11-11 13:02:27,120 [pool-239-thread-1] INFO  storage.RaftStorageDirectory (RaftStorageDirectory.java:tryLock(343)) - Lock on /github/workspace/mnt/ozone/hadoop-ozone/integration-test/target/test-dir/MiniOzoneClusterImpl-360dda8a-aacf-474d-b2be-458d96023f40/datanode-4/data/ratis/8ae8f7cf-e0cf-4ac8-9d09-82309c06ad61/in_use.lock acquired by nodename 3130@1fbbdd0f98d0
2020-11-11 13:02:27,121 [pool-239-thread-1] INFO  storage.RaftStorage (RaftStorage.java:format(84)) - Storage directory /github/workspace/mnt/ozone/hadoop-ozone/integration-test/target/test-dir/MiniOzoneClusterImpl-360dda8a-aacf-474d-b2be-458d96023f40/datanode-4/data/ratis/8ae8f7cf-e0cf-4ac8-9d09-82309c06ad61 has been successfully formatted.
2020-11-11 13:02:27,122 [pool-239-thread-1] INFO  ratis.ContainerStateMachine (ContainerStateMachine.java:loadSnapshot(225)) - group-82309C06AD61: The snapshot info is null. Setting the last applied indexto:(t:0, i:~)
2020-11-11 13:02:27,122 [pool-239-thread-1] INFO  server.RaftServerConfigKeys (ConfUtils.java:logGet(44)) - raft.server.notification.no-leader.timeout = 300s (custom)
2020-11-11 13:02:27,122 [pool-239-thread-1] INFO  server.RaftServerConfigKeys (ConfUtils.java:logGet(44)) - raft.server.log.use.memory = false (default)
2020-11-11 13:02:27,122 [pool-239-thread-1] INFO  server.RaftServerConfigKeys (ConfUtils.java:logGet(44)) - raft.server.log.purge.gap = 1000000 (custom)
2020-11-11 13:02:27,122 [pool-239-thread-1] INFO  metrics.RatisMetrics (RatisMetrics.java:lambda$create$0(36)) - Creating Metrics Registry : ratis.log_worker.03e737f9-595c-463e-9a53-563bdd016f99@group-82309C06AD61
2020-11-11 13:02:27,123 [pool-239-thread-1] INFO  server.RaftServerConfigKeys (ConfUtils.java:logGet(44)) - raft.server.log.appender.buffer.byte-limit = 33554432 (custom)
2020-11-11 13:02:27,123 [pool-239-thread-1] INFO  server.RaftServerConfigKeys (ConfUtils.java:logGet(44)) - raft.server.log.segment.size.max = 1048576 (custom)
2020-11-11 13:02:27,123 [pool-239-thread-1] INFO  server.RaftServerConfigKeys (ConfUtils.java:logGet(44)) - raft.server.log.segment.cache.num.max = 2 (custom)
2020-11-11 13:02:27,123 [pool-239-thread-1] INFO  segmented.SegmentedRaftLogWorker (SegmentedRaftLogWorker.java:<init>(180)) - new 03e737f9-595c-463e-9a53-563bdd016f99@group-82309C06AD61-SegmentedRaftLogWorker for RaftStorage:Storage Directory /github/workspace/mnt/ozone/hadoop-ozone/integration-test/target/test-dir/MiniOzoneClusterImpl-360dda8a-aacf-474d-b2be-458d96023f40/datanode-4/data/ratis/8ae8f7cf-e0cf-4ac8-9d09-82309c06ad61
2020-11-11 13:02:27,123 [pool-239-thread-1] INFO  server.RaftServerConfigKeys (ConfUtils.java:logGet(44)) - raft.server.log.queue.byte-limit = 2147483647 (custom)
2020-11-11 13:02:27,123 [pool-239-thread-1] INFO  server.RaftServerConfigKeys (ConfUtils.java:logGet(44)) - raft.server.log.queue.element-limit = 1024 (custom)
2020-11-11 13:02:27,124 [pool-239-thread-1] INFO  server.RaftServerConfigKeys (ConfUtils.java:logGet(44)) - raft.server.log.segment.size.max = 1048576 (custom)
2020-11-11 13:02:27,124 [pool-239-thread-1] INFO  server.RaftServerConfigKeys (ConfUtils.java:logGet(44)) - raft.server.log.preallocated.size = 16384 (custom)
2020-11-11 13:02:27,124 [pool-239-thread-1] INFO  server.RaftServerConfigKeys (ConfUtils.java:logGet(44)) - raft.server.log.write.buffer.size = 1048576 (custom)
2020-11-11 13:02:27,124 [pool-239-thread-1] INFO  server.RaftServerConfigKeys (ConfUtils.java:logGet(44)) - raft.server.log.force.sync.num = 128 (default)
2020-11-11 13:02:27,124 [pool-239-thread-1] INFO  server.RaftServerConfigKeys (ConfUtils.java:logGet(44)) - raft.server.log.statemachine.data.sync = true (default)
2020-11-11 13:02:27,124 [pool-239-thread-1] INFO  server.RaftServerConfigKeys (ConfUtils.java:logGet(44)) - raft.server.log.statemachine.data.sync.timeout = 10s (default)
2020-11-11 13:02:27,124 [pool-239-thread-1] INFO  server.RaftServerConfigKeys (ConfUtils.java:logGet(44)) - raft.server.log.statemachine.data.sync.timeout.retry = -1 (default)
2020-11-11 13:02:27,126 [pool-239-thread-1] INFO  server.RaftServerConfigKeys (ConfUtils.java:logGet(44)) - raft.server.log.statemachine.data.caching.enabled = true (custom)
2020-11-11 13:02:27,126 [pool-239-thread-1] INFO  segmented.SegmentedRaftLogWorker (SegmentedRaftLogWorker.java:lambda$new$0(129)) - 03e737f9-595c-463e-9a53-563bdd016f99@group-82309C06AD61-SegmentedRaftLogWorker: flushIndex: setUnconditionally 0 -> -1
2020-11-11 13:02:27,126 [pool-239-thread-1] INFO  segmented.SegmentedRaftLogWorker (SegmentedRaftLogWorker.java:lambda$new$0(129)) - 03e737f9-595c-463e-9a53-563bdd016f99@group-82309C06AD61-SegmentedRaftLogWorker: safeCacheEvictIndex: setUnconditionally 0 -> -1
2020-11-11 13:02:27,130 [pool-239-thread-1] INFO  server.RaftServerConfigKeys (ConfUtils.java:logGet(44)) - raft.server.snapshot.auto.trigger.enabled = true (custom)
2020-11-11 13:02:27,130 [pool-239-thread-1] INFO  server.RaftServerConfigKeys (ConfUtils.java:logGet(44)) - raft.server.snapshot.auto.trigger.threshold = 10000 (custom)
2020-11-11 13:02:27,130 [pool-239-thread-1] INFO  server.RaftServerConfigKeys (ConfUtils.java:logGet(44)) - raft.server.snapshot.retention.file.num = 5 (custom)
2020-11-11 13:02:27,130 [pool-239-thread-1] INFO  server.RaftServerConfigKeys (ConfUtils.java:logGet(44)) - raft.server.log.purge.upto.snapshot.index = false (default)
2020-11-11 13:02:27,130 [pool-239-thread-1] INFO  server.RaftServerConfigKeys (ConfUtils.java:logGet(44)) - raft.server.retrycache.expirytime = 600000ms (custom)
2020-11-11 13:02:27,131 [pool-239-thread-1] INFO  metrics.RatisMetrics (RatisMetrics.java:lambda$create$0(36)) - Creating Metrics Registry : ratis.leader_election.03e737f9-595c-463e-9a53-563bdd016f99@group-82309C06AD61
2020-11-11 13:02:27,131 [pool-239-thread-1] INFO  metrics.RatisMetrics (RatisMetrics.java:lambda$create$0(36)) - Creating Metrics Registry : ratis.server.03e737f9-595c-463e-9a53-563bdd016f99@group-82309C06AD61
2020-11-11 13:02:27,133 [pool-239-thread-1] INFO  impl.RaftServerImpl (RaftServerImpl.java:start(209)) - 03e737f9-595c-463e-9a53-563bdd016f99@group-82309C06AD61: start as a follower, conf=-1: [dfc112cd-6783-4672-858d-cfab3cc4e4cb:172.17.0.2:37735:0, 03e737f9-595c-463e-9a53-563bdd016f99:172.17.0.2:45547:0, 352d83a1-5d74-43bd-bd39-d85070547324:172.17.0.2:35799:0], old=null
2020-11-11 13:02:27,133 [pool-239-thread-1] INFO  impl.RaftServerImpl (RaftServerImpl.java:setRole(198)) - 03e737f9-595c-463e-9a53-563bdd016f99@group-82309C06AD61: changes role from      null to FOLLOWER at term 0 for startAsFollower
2020-11-11 13:02:27,133 [pool-239-thread-1] INFO  impl.RoleInfo (RoleInfo.java:updateAndGet(143)) - 03e737f9-595c-463e-9a53-563bdd016f99: start FollowerState
2020-11-11 13:02:27,134 [pool-239-thread-1] INFO  util.JmxRegister (JmxRegister.java:tryRegister(44)) - Successfully registered JMX Bean with object name Ratis:service=RaftServer,group=group-82309C06AD61,id=03e737f9-595c-463e-9a53-563bdd016f99
2020-11-11 13:02:27,134 [pool-239-thread-1] INFO  metrics.RatisMetrics (RatisMetrics.java:lambda$create$0(36)) - Creating Metrics Registry : ratis.state_machine.03e737f9-595c-463e-9a53-563bdd016f99@group-82309C06AD61
2020-11-11 13:02:27,140 [Command processor thread] INFO  metrics.RatisMetrics (RatisMetrics.java:lambda$create$0(36)) - Creating Metrics Registry : ratis.client_message_metrics.client-7EB7EF1DBBAC->352d83a1-5d74-43bd-bd39-d85070547324
2020-11-11 13:02:27,146 [grpc-default-executor-2] INFO  metrics.RatisMetrics (RatisMetrics.java:lambda$create$0(36)) - Creating Metrics Registry : ratis.server_message_metrics.352d83a1-5d74-43bd-bd39-d85070547324
2020-11-11 13:02:27,148 [grpc-default-executor-2] INFO  impl.RaftServerProxy (RaftServerProxy.java:addNew(92)) - 352d83a1-5d74-43bd-bd39-d85070547324: addNew group-82309C06AD61:[dfc112cd-6783-4672-858d-cfab3cc4e4cb:172.17.0.2:37735:0, 03e737f9-595c-463e-9a53-563bdd016f99:172.17.0.2:45547:0, 352d83a1-5d74-43bd-bd39-d85070547324:172.17.0.2:35799:0] returns group-82309C06AD61:java.util.concurrent.CompletableFuture@501be7b3[Not completed]
2020-11-11 13:02:27,149 [pool-255-thread-1] INFO  impl.RaftServerImpl (RaftServerImpl.java:<init>(120)) - 352d83a1-5d74-43bd-bd39-d85070547324: new RaftServerImpl for group-82309C06AD61:[dfc112cd-6783-4672-858d-cfab3cc4e4cb:172.17.0.2:37735:0, 03e737f9-595c-463e-9a53-563bdd016f99:172.17.0.2:45547:0, 352d83a1-5d74-43bd-bd39-d85070547324:172.17.0.2:35799:0] with ContainerStateMachine:uninitialized
2020-11-11 13:02:27,149 [pool-255-thread-1] INFO  server.RaftServerConfigKeys (ConfUtils.java:logGet(44)) - raft.server.rpc.timeout.min = 5s (custom)
2020-11-11 13:02:27,150 [pool-255-thread-1] INFO  server.RaftServerConfigKeys (ConfUtils.java:logGet(44)) - raft.server.rpc.timeout.max = 5200ms (custom)
2020-11-11 13:02:27,150 [pool-255-thread-1] INFO  server.RaftServerConfigKeys (ConfUtils.java:logGet(44)) - raft.server.rpcslowness.timeout = 300s (custom)
2020-11-11 13:02:27,150 [pool-255-thread-1] INFO  server.RaftServerConfigKeys (ConfUtils.java:logGet(44)) - raft.server.sleep.deviation.threshold = 300 (default)
2020-11-11 13:02:27,150 [pool-255-thread-1] INFO  server.RaftServerConfigKeys (ConfUtils.java:logGet(44)) - raft.server.log.appender.install.snapshot.enabled = false (custom)
2020-11-11 13:02:27,150 [pool-255-thread-1] INFO  impl.RaftServerImpl (ServerState.java:<init>(104)) - 352d83a1-5d74-43bd-bd39-d85070547324@group-82309C06AD61: ConfigurationManager, init=-1: [dfc112cd-6783-4672-858d-cfab3cc4e4cb:172.17.0.2:37735:0, 03e737f9-595c-463e-9a53-563bdd016f99:172.17.0.2:45547:0, 352d83a1-5d74-43bd-bd39-d85070547324:172.17.0.2:35799:0], old=null, confs=<EMPTY_MAP>
2020-11-11 13:02:27,150 [pool-255-thread-1] INFO  server.RaftServerConfigKeys (ConfUtils.java:logGet(44)) - raft.server.storage.dir = [/github/workspace/mnt/ozone/hadoop-ozone/integration-test/target/test-dir/MiniOzoneClusterImpl-360dda8a-aacf-474d-b2be-458d96023f40/datanode-5/data/ratis] (custom)
2020-11-11 13:02:27,150 [pool-255-thread-1] INFO  server.RaftServerConfigKeys (ConfUtils.java:logGet(44)) - raft.server.log.corruption.policy = EXCEPTION (default)
2020-11-11 13:02:27,150 [pool-255-thread-1] INFO  storage.RaftStorageDirectory (RaftStorageDirectory.java:analyzeStorage(261)) - The storage directory /github/workspace/mnt/ozone/hadoop-ozone/integration-test/target/test-dir/MiniOzoneClusterImpl-360dda8a-aacf-474d-b2be-458d96023f40/datanode-5/data/ratis/8ae8f7cf-e0cf-4ac8-9d09-82309c06ad61 does not exist. Creating ...
2020-11-11 13:02:27,153 [pool-255-thread-1] INFO  storage.RaftStorageDirectory (RaftStorageDirectory.java:tryLock(343)) - Lock on /github/workspace/mnt/ozone/hadoop-ozone/integration-test/target/test-dir/MiniOzoneClusterImpl-360dda8a-aacf-474d-b2be-458d96023f40/datanode-5/data/ratis/8ae8f7cf-e0cf-4ac8-9d09-82309c06ad61/in_use.lock acquired by nodename 3130@1fbbdd0f98d0
2020-11-11 13:02:27,154 [pool-255-thread-1] INFO  storage.RaftStorage (RaftStorage.java:format(84)) - Storage directory /github/workspace/mnt/ozone/hadoop-ozone/integration-test/target/test-dir/MiniOzoneClusterImpl-360dda8a-aacf-474d-b2be-458d96023f40/datanode-5/data/ratis/8ae8f7cf-e0cf-4ac8-9d09-82309c06ad61 has been successfully formatted.
2020-11-11 13:02:27,155 [pool-255-thread-1] INFO  ratis.ContainerStateMachine (ContainerStateMachine.java:loadSnapshot(225)) - group-82309C06AD61: The snapshot info is null. Setting the last applied indexto:(t:0, i:~)
2020-11-11 13:02:27,155 [pool-255-thread-1] INFO  server.RaftServerConfigKeys (ConfUtils.java:logGet(44)) - raft.server.notification.no-leader.timeout = 300s (custom)
2020-11-11 13:02:27,155 [pool-255-thread-1] INFO  server.RaftServerConfigKeys (ConfUtils.java:logGet(44)) - raft.server.log.use.memory = false (default)
2020-11-11 13:02:27,156 [pool-255-thread-1] INFO  server.RaftServerConfigKeys (ConfUtils.java:logGet(44)) - raft.server.log.purge.gap = 1000000 (custom)
2020-11-11 13:02:27,156 [pool-255-thread-1] INFO  metrics.RatisMetrics (RatisMetrics.java:lambda$create$0(36)) - Creating Metrics Registry : ratis.log_worker.352d83a1-5d74-43bd-bd39-d85070547324@group-82309C06AD61
2020-11-11 13:02:27,156 [pool-255-thread-1] INFO  server.RaftServerConfigKeys (ConfUtils.java:logGet(44)) - raft.server.log.appender.buffer.byte-limit = 33554432 (custom)
2020-11-11 13:02:27,157 [pool-255-thread-1] INFO  server.RaftServerConfigKeys (ConfUtils.java:logGet(44)) - raft.server.log.segment.size.max = 1048576 (custom)
2020-11-11 13:02:27,157 [pool-255-thread-1] INFO  server.RaftServerConfigKeys (ConfUtils.java:logGet(44)) - raft.server.log.segment.cache.num.max = 2 (custom)
2020-11-11 13:02:27,157 [pool-255-thread-1] INFO  segmented.SegmentedRaftLogWorker (SegmentedRaftLogWorker.java:<init>(180)) - new 352d83a1-5d74-43bd-bd39-d85070547324@group-82309C06AD61-SegmentedRaftLogWorker for RaftStorage:Storage Directory /github/workspace/mnt/ozone/hadoop-ozone/integration-test/target/test-dir/MiniOzoneClusterImpl-360dda8a-aacf-474d-b2be-458d96023f40/datanode-5/data/ratis/8ae8f7cf-e0cf-4ac8-9d09-82309c06ad61
2020-11-11 13:02:27,158 [pool-255-thread-1] INFO  server.RaftServerConfigKeys (ConfUtils.java:logGet(44)) - raft.server.log.queue.byte-limit = 2147483647 (custom)
2020-11-11 13:02:27,158 [pool-255-thread-1] INFO  server.RaftServerConfigKeys (ConfUtils.java:logGet(44)) - raft.server.log.queue.element-limit = 1024 (custom)
2020-11-11 13:02:27,158 [pool-255-thread-1] INFO  server.RaftServerConfigKeys (ConfUtils.java:logGet(44)) - raft.server.log.segment.size.max = 1048576 (custom)
2020-11-11 13:02:27,159 [pool-255-thread-1] INFO  server.RaftServerConfigKeys (ConfUtils.java:logGet(44)) - raft.server.log.preallocated.size = 16384 (custom)
2020-11-11 13:02:27,159 [pool-255-thread-1] INFO  server.RaftServerConfigKeys (ConfUtils.java:logGet(44)) - raft.server.log.write.buffer.size = 1048576 (custom)
2020-11-11 13:02:27,159 [pool-255-thread-1] INFO  server.RaftServerConfigKeys (ConfUtils.java:logGet(44)) - raft.server.log.force.sync.num = 128 (default)
2020-11-11 13:02:27,159 [pool-255-thread-1] INFO  server.RaftServerConfigKeys (ConfUtils.java:logGet(44)) - raft.server.log.statemachine.data.sync = true (default)
2020-11-11 13:02:27,159 [pool-255-thread-1] INFO  server.RaftServerConfigKeys (ConfUtils.java:logGet(44)) - raft.server.log.statemachine.data.sync.timeout = 10s (default)
2020-11-11 13:02:27,159 [pool-255-thread-1] INFO  server.RaftServerConfigKeys (ConfUtils.java:logGet(44)) - raft.server.log.statemachine.data.sync.timeout.retry = -1 (default)
2020-11-11 13:02:27,161 [pool-255-thread-1] INFO  server.RaftServerConfigKeys (ConfUtils.java:logGet(44)) - raft.server.log.statemachine.data.caching.enabled = true (custom)
2020-11-11 13:02:27,161 [pool-255-thread-1] INFO  segmented.SegmentedRaftLogWorker (SegmentedRaftLogWorker.java:lambda$new$0(129)) - 352d83a1-5d74-43bd-bd39-d85070547324@group-82309C06AD61-SegmentedRaftLogWorker: flushIndex: setUnconditionally 0 -> -1
2020-11-11 13:02:27,161 [pool-255-thread-1] INFO  segmented.SegmentedRaftLogWorker (SegmentedRaftLogWorker.java:lambda$new$0(129)) - 352d83a1-5d74-43bd-bd39-d85070547324@group-82309C06AD61-SegmentedRaftLogWorker: safeCacheEvictIndex: setUnconditionally 0 -> -1
2020-11-11 13:02:27,161 [pool-255-thread-1] INFO  server.RaftServerConfigKeys (ConfUtils.java:logGet(44)) - raft.server.snapshot.auto.trigger.enabled = true (custom)
2020-11-11 13:02:27,161 [pool-255-thread-1] INFO  server.RaftServerConfigKeys (ConfUtils.java:logGet(44)) - raft.server.snapshot.auto.trigger.threshold = 10000 (custom)
2020-11-11 13:02:27,161 [pool-255-thread-1] INFO  server.RaftServerConfigKeys (ConfUtils.java:logGet(44)) - raft.server.snapshot.retention.file.num = 5 (custom)
2020-11-11 13:02:27,161 [pool-255-thread-1] INFO  server.RaftServerConfigKeys (ConfUtils.java:logGet(44)) - raft.server.log.purge.upto.snapshot.index = false (default)
2020-11-11 13:02:27,161 [pool-255-thread-1] INFO  server.RaftServerConfigKeys (ConfUtils.java:logGet(44)) - raft.server.retrycache.expirytime = 600000ms (custom)
2020-11-11 13:02:27,161 [pool-255-thread-1] INFO  metrics.RatisMetrics (RatisMetrics.java:lambda$create$0(36)) - Creating Metrics Registry : ratis.leader_election.352d83a1-5d74-43bd-bd39-d85070547324@group-82309C06AD61
2020-11-11 13:02:27,162 [pool-255-thread-1] INFO  metrics.RatisMetrics (RatisMetrics.java:lambda$create$0(36)) - Creating Metrics Registry : ratis.server.352d83a1-5d74-43bd-bd39-d85070547324@group-82309C06AD61
2020-11-11 13:02:27,163 [pool-255-thread-1] INFO  impl.RaftServerImpl (RaftServerImpl.java:start(209)) - 352d83a1-5d74-43bd-bd39-d85070547324@group-82309C06AD61: start as a follower, conf=-1: [dfc112cd-6783-4672-858d-cfab3cc4e4cb:172.17.0.2:37735:0, 03e737f9-595c-463e-9a53-563bdd016f99:172.17.0.2:45547:0, 352d83a1-5d74-43bd-bd39-d85070547324:172.17.0.2:35799:0], old=null
2020-11-11 13:02:27,163 [pool-255-thread-1] INFO  impl.RaftServerImpl (RaftServerImpl.java:setRole(198)) - 352d83a1-5d74-43bd-bd39-d85070547324@group-82309C06AD61: changes role from      null to FOLLOWER at term 0 for startAsFollower
2020-11-11 13:02:27,163 [pool-255-thread-1] INFO  impl.RoleInfo (RoleInfo.java:updateAndGet(143)) - 352d83a1-5d74-43bd-bd39-d85070547324: start FollowerState
2020-11-11 13:02:27,163 [pool-255-thread-1] INFO  util.JmxRegister (JmxRegister.java:tryRegister(44)) - Successfully registered JMX Bean with object name Ratis:service=RaftServer,group=group-82309C06AD61,id=352d83a1-5d74-43bd-bd39-d85070547324
2020-11-11 13:02:27,163 [pool-255-thread-1] INFO  metrics.RatisMetrics (RatisMetrics.java:lambda$create$0(36)) - Creating Metrics Registry : ratis.state_machine.352d83a1-5d74-43bd-bd39-d85070547324@group-82309C06AD61
2020-11-11 13:02:27,182 [Command processor thread] INFO  commandhandler.CreatePipelineCommandHandler (CreatePipelineCommandHandler.java:handle(106)) - Created Pipeline RATIS THREE PipelineID=8ae8f7cf-e0cf-4ac8-9d09-82309c06ad61.
2020-11-11 13:02:27,293 [Command processor thread] INFO  impl.RaftServerProxy (RaftServerProxy.java:addNew(92)) - 03e737f9-595c-463e-9a53-563bdd016f99: addNew group-7E342E325D6C:[03e737f9-595c-463e-9a53-563bdd016f99:172.17.0.2:45547:0] returns group-7E342E325D6C:java.util.concurrent.CompletableFuture@46466561[Not completed]
2020-11-11 13:02:27,295 [pool-239-thread-1] INFO  impl.RaftServerImpl (RaftServerImpl.java:<init>(120)) - 03e737f9-595c-463e-9a53-563bdd016f99: new RaftServerImpl for group-7E342E325D6C:[03e737f9-595c-463e-9a53-563bdd016f99:172.17.0.2:45547:0] with ContainerStateMachine:uninitialized
2020-11-11 13:02:27,295 [pool-239-thread-1] INFO  server.RaftServerConfigKeys (ConfUtils.java:logGet(44)) - raft.server.rpc.timeout.min = 5s (custom)
2020-11-11 13:02:27,295 [pool-239-thread-1] INFO  server.RaftServerConfigKeys (ConfUtils.java:logGet(44)) - raft.server.rpc.timeout.max = 5200ms (custom)
2020-11-11 13:02:27,295 [pool-239-thread-1] INFO  server.RaftServerConfigKeys (ConfUtils.java:logGet(44)) - raft.server.rpcslowness.timeout = 300s (custom)
2020-11-11 13:02:27,295 [pool-239-thread-1] INFO  server.RaftServerConfigKeys (ConfUtils.java:logGet(44)) - raft.server.sleep.deviation.threshold = 300 (default)
2020-11-11 13:02:27,295 [pool-239-thread-1] INFO  server.RaftServerConfigKeys (ConfUtils.java:logGet(44)) - raft.server.log.appender.install.snapshot.enabled = false (custom)
2020-11-11 13:02:27,295 [pool-239-thread-1] INFO  impl.RaftServerImpl (ServerState.java:<init>(104)) - 03e737f9-595c-463e-9a53-563bdd016f99@group-7E342E325D6C: ConfigurationManager, init=-1: [03e737f9-595c-463e-9a53-563bdd016f99:172.17.0.2:45547:0], old=null, confs=<EMPTY_MAP>
2020-11-11 13:02:27,295 [pool-239-thread-1] INFO  server.RaftServerConfigKeys (ConfUtils.java:logGet(44)) - raft.server.storage.dir = [/github/workspace/mnt/ozone/hadoop-ozone/integration-test/target/test-dir/MiniOzoneClusterImpl-360dda8a-aacf-474d-b2be-458d96023f40/datanode-4/data/ratis] (custom)
2020-11-11 13:02:27,295 [pool-239-thread-1] INFO  server.RaftServerConfigKeys (ConfUtils.java:logGet(44)) - raft.server.log.corruption.policy = EXCEPTION (default)
2020-11-11 13:02:27,296 [pool-239-thread-1] INFO  storage.RaftStorageDirectory (RaftStorageDirectory.java:analyzeStorage(261)) - The storage directory /github/workspace/mnt/ozone/hadoop-ozone/integration-test/target/test-dir/MiniOzoneClusterImpl-360dda8a-aacf-474d-b2be-458d96023f40/datanode-4/data/ratis/3b3158a6-1bf4-46e1-9a9f-7e342e325d6c does not exist. Creating ...
2020-11-11 13:02:27,297 [pool-239-thread-1] INFO  storage.RaftStorageDirectory (RaftStorageDirectory.java:tryLock(343)) - Lock on /github/workspace/mnt/ozone/hadoop-ozone/integration-test/target/test-dir/MiniOzoneClusterImpl-360dda8a-aacf-474d-b2be-458d96023f40/datanode-4/data/ratis/3b3158a6-1bf4-46e1-9a9f-7e342e325d6c/in_use.lock acquired by nodename 3130@1fbbdd0f98d0
2020-11-11 13:02:27,298 [pool-239-thread-1] INFO  storage.RaftStorage (RaftStorage.java:format(84)) - Storage directory /github/workspace/mnt/ozone/hadoop-ozone/integration-test/target/test-dir/MiniOzoneClusterImpl-360dda8a-aacf-474d-b2be-458d96023f40/datanode-4/data/ratis/3b3158a6-1bf4-46e1-9a9f-7e342e325d6c has been successfully formatted.
2020-11-11 13:02:27,298 [pool-239-thread-1] INFO  ratis.ContainerStateMachine (ContainerStateMachine.java:loadSnapshot(225)) - group-7E342E325D6C: The snapshot info is null. Setting the last applied indexto:(t:0, i:~)
2020-11-11 13:02:27,299 [pool-239-thread-1] INFO  server.RaftServerConfigKeys (ConfUtils.java:logGet(44)) - raft.server.notification.no-leader.timeout = 300s (custom)
2020-11-11 13:02:27,299 [pool-239-thread-1] INFO  server.RaftServerConfigKeys (ConfUtils.java:logGet(44)) - raft.server.log.use.memory = false (default)
2020-11-11 13:02:27,299 [pool-239-thread-1] INFO  server.RaftServerConfigKeys (ConfUtils.java:logGet(44)) - raft.server.log.purge.gap = 1000000 (custom)
2020-11-11 13:02:27,299 [pool-239-thread-1] INFO  metrics.RatisMetrics (RatisMetrics.java:lambda$create$0(36)) - Creating Metrics Registry : ratis.log_worker.03e737f9-595c-463e-9a53-563bdd016f99@group-7E342E325D6C
2020-11-11 13:02:27,299 [EventQueue-PipelineReportForPipelineReportHandler] INFO  pipeline.PipelineStateManager (PipelineStateManager.java:openPipeline(132)) - Pipeline Pipeline[ Id: 3b3158a6-1bf4-46e1-9a9f-7e342e325d6c, Nodes: 03e737f9-595c-463e-9a53-563bdd016f99{ip: 172.17.0.2, host: 1fbbdd0f98d0, networkLocation: /default-rack, certSerialId: null}, Type:RATIS, Factor:ONE, State:ALLOCATED, leaderId:03e737f9-595c-463e-9a53-563bdd016f99, CreationTimestamp2020-11-11T13:02:24.295Z] moved to OPEN state
2020-11-11 13:02:27,300 [EventQueue-OpenPipelineForOneReplicaPipelineSafeModeRule] INFO  safemode.SCMSafeModeManager (SCMSafeModeManager.java:validateSafeModeExitRules(214)) - AtleastOneDatanodeReportedRule rule is successfully validated
2020-11-11 13:02:27,300 [EventQueue-OpenPipelineForHealthyPipelineSafeModeRule] INFO  safemode.SCMSafeModeManager (HealthyPipelineSafeModeRule.java:process(129)) - SCM in safe mode. Healthy pipelines reported count is 0, required healthy pipeline reported count is 1
2020-11-11 13:02:27,300 [pool-239-thread-1] INFO  server.RaftServerConfigKeys (ConfUtils.java:logGet(44)) - raft.server.log.appender.buffer.byte-limit = 33554432 (custom)
2020-11-11 13:02:27,300 [pool-239-thread-1] INFO  server.RaftServerConfigKeys (ConfUtils.java:logGet(44)) - raft.server.log.segment.size.max = 1048576 (custom)
2020-11-11 13:02:27,300 [pool-239-thread-1] INFO  server.RaftServerConfigKeys (ConfUtils.java:logGet(44)) - raft.server.log.segment.cache.num.max = 2 (custom)
2020-11-11 13:02:27,300 [pool-239-thread-1] INFO  segmented.SegmentedRaftLogWorker (SegmentedRaftLogWorker.java:<init>(180)) - new 03e737f9-595c-463e-9a53-563bdd016f99@group-7E342E325D6C-SegmentedRaftLogWorker for RaftStorage:Storage Directory /github/workspace/mnt/ozone/hadoop-ozone/integration-test/target/test-dir/MiniOzoneClusterImpl-360dda8a-aacf-474d-b2be-458d96023f40/datanode-4/data/ratis/3b3158a6-1bf4-46e1-9a9f-7e342e325d6c
2020-11-11 13:02:27,301 [pool-239-thread-1] INFO  server.RaftServerConfigKeys (ConfUtils.java:logGet(44)) - raft.server.log.queue.byte-limit = 2147483647 (custom)
2020-11-11 13:02:27,302 [pool-239-thread-1] INFO  server.RaftServerConfigKeys (ConfUtils.java:logGet(44)) - raft.server.log.queue.element-limit = 1024 (custom)
2020-11-11 13:02:27,302 [pool-239-thread-1] INFO  server.RaftServerConfigKeys (ConfUtils.java:logGet(44)) - raft.server.log.segment.size.max = 1048576 (custom)
2020-11-11 13:02:27,302 [pool-239-thread-1] INFO  server.RaftServerConfigKeys (ConfUtils.java:logGet(44)) - raft.server.log.preallocated.size = 16384 (custom)
2020-11-11 13:02:27,302 [pool-239-thread-1] INFO  server.RaftServerConfigKeys (ConfUtils.java:logGet(44)) - raft.server.log.write.buffer.size = 1048576 (custom)
2020-11-11 13:02:27,302 [pool-239-thread-1] INFO  server.RaftServerConfigKeys (ConfUtils.java:logGet(44)) - raft.server.log.force.sync.num = 128 (default)
2020-11-11 13:02:27,302 [pool-239-thread-1] INFO  server.RaftServerConfigKeys (ConfUtils.java:logGet(44)) - raft.server.log.statemachine.data.sync = true (default)
2020-11-11 13:02:27,302 [pool-239-thread-1] INFO  server.RaftServerConfigKeys (ConfUtils.java:logGet(44)) - raft.server.log.statemachine.data.sync.timeout = 10s (default)
2020-11-11 13:02:27,302 [pool-239-thread-1] INFO  server.RaftServerConfigKeys (ConfUtils.java:logGet(44)) - raft.server.log.statemachine.data.sync.timeout.retry = -1 (default)
2020-11-11 13:02:27,304 [pool-239-thread-1] INFO  server.RaftServerConfigKeys (ConfUtils.java:logGet(44)) - raft.server.log.statemachine.data.caching.enabled = true (custom)
2020-11-11 13:02:27,304 [pool-239-thread-1] INFO  segmented.SegmentedRaftLogWorker (SegmentedRaftLogWorker.java:lambda$new$0(129)) - 03e737f9-595c-463e-9a53-563bdd016f99@group-7E342E325D6C-SegmentedRaftLogWorker: flushIndex: setUnconditionally 0 -> -1
2020-11-11 13:02:27,304 [pool-239-thread-1] INFO  segmented.SegmentedRaftLogWorker (SegmentedRaftLogWorker.java:lambda$new$0(129)) - 03e737f9-595c-463e-9a53-563bdd016f99@group-7E342E325D6C-SegmentedRaftLogWorker: safeCacheEvictIndex: setUnconditionally 0 -> -1
2020-11-11 13:02:27,304 [pool-239-thread-1] INFO  server.RaftServerConfigKeys (ConfUtils.java:logGet(44)) - raft.server.snapshot.auto.trigger.enabled = true (custom)
2020-11-11 13:02:27,304 [pool-239-thread-1] INFO  server.RaftServerConfigKeys (ConfUtils.java:logGet(44)) - raft.server.snapshot.auto.trigger.threshold = 10000 (custom)
2020-11-11 13:02:27,305 [pool-239-thread-1] INFO  server.RaftServerConfigKeys (ConfUtils.java:logGet(44)) - raft.server.snapshot.retention.file.num = 5 (custom)
2020-11-11 13:02:27,305 [pool-239-thread-1] INFO  server.RaftServerConfigKeys (ConfUtils.java:logGet(44)) - raft.server.log.purge.upto.snapshot.index = false (default)
2020-11-11 13:02:27,305 [pool-239-thread-1] INFO  server.RaftServerConfigKeys (ConfUtils.java:logGet(44)) - raft.server.retrycache.expirytime = 600000ms (custom)
2020-11-11 13:02:27,305 [pool-239-thread-1] INFO  metrics.RatisMetrics (RatisMetrics.java:lambda$create$0(36)) - Creating Metrics Registry : ratis.leader_election.03e737f9-595c-463e-9a53-563bdd016f99@group-7E342E325D6C
2020-11-11 13:02:27,305 [pool-239-thread-1] INFO  metrics.RatisMetrics (RatisMetrics.java:lambda$create$0(36)) - Creating Metrics Registry : ratis.server.03e737f9-595c-463e-9a53-563bdd016f99@group-7E342E325D6C
2020-11-11 13:02:27,306 [pool-239-thread-1] INFO  impl.RaftServerImpl (RaftServerImpl.java:start(209)) - 03e737f9-595c-463e-9a53-563bdd016f99@group-7E342E325D6C: start as a follower, conf=-1: [03e737f9-595c-463e-9a53-563bdd016f99:172.17.0.2:45547:0], old=null
2020-11-11 13:02:27,306 [pool-239-thread-1] INFO  impl.RaftServerImpl (RaftServerImpl.java:setRole(198)) - 03e737f9-595c-463e-9a53-563bdd016f99@group-7E342E325D6C: changes role from      null to FOLLOWER at term 0 for startAsFollower
2020-11-11 13:02:27,306 [pool-239-thread-1] INFO  impl.RoleInfo (RoleInfo.java:updateAndGet(143)) - 03e737f9-595c-463e-9a53-563bdd016f99: start FollowerState
2020-11-11 13:02:27,307 [pool-239-thread-1] INFO  util.JmxRegister (JmxRegister.java:tryRegister(44)) - Successfully registered JMX Bean with object name Ratis:service=RaftServer,group=group-7E342E325D6C,id=03e737f9-595c-463e-9a53-563bdd016f99
2020-11-11 13:02:27,307 [pool-239-thread-1] INFO  metrics.RatisMetrics (RatisMetrics.java:lambda$create$0(36)) - Creating Metrics Registry : ratis.state_machine.03e737f9-595c-463e-9a53-563bdd016f99@group-7E342E325D6C
2020-11-11 13:02:27,307 [Command processor thread] INFO  commandhandler.CreatePipelineCommandHandler (CreatePipelineCommandHandler.java:handle(106)) - Created Pipeline RATIS ONE PipelineID=3b3158a6-1bf4-46e1-9a9f-7e342e325d6c.
2020-11-11 13:02:27,479 [Command processor thread] INFO  impl.RaftServerProxy (RaftServerProxy.java:addNew(92)) - 352d83a1-5d74-43bd-bd39-d85070547324: addNew group-7E8547F36A9E:[352d83a1-5d74-43bd-bd39-d85070547324:172.17.0.2:35799:0] returns group-7E8547F36A9E:java.util.concurrent.CompletableFuture@67739a17[Not completed]
2020-11-11 13:02:27,480 [pool-255-thread-1] INFO  impl.RaftServerImpl (RaftServerImpl.java:<init>(120)) - 352d83a1-5d74-43bd-bd39-d85070547324: new RaftServerImpl for group-7E8547F36A9E:[352d83a1-5d74-43bd-bd39-d85070547324:172.17.0.2:35799:0] with ContainerStateMachine:uninitialized
2020-11-11 13:02:27,480 [pool-255-thread-1] INFO  server.RaftServerConfigKeys (ConfUtils.java:logGet(44)) - raft.server.rpc.timeout.min = 5s (custom)
2020-11-11 13:02:27,480 [pool-255-thread-1] INFO  server.RaftServerConfigKeys (ConfUtils.java:logGet(44)) - raft.server.rpc.timeout.max = 5200ms (custom)
2020-11-11 13:02:27,480 [pool-255-thread-1] INFO  server.RaftServerConfigKeys (ConfUtils.java:logGet(44)) - raft.server.rpcslowness.timeout = 300s (custom)
2020-11-11 13:02:27,480 [pool-255-thread-1] INFO  server.RaftServerConfigKeys (ConfUtils.java:logGet(44)) - raft.server.sleep.deviation.threshold = 300 (default)
2020-11-11 13:02:27,480 [pool-255-thread-1] INFO  server.RaftServerConfigKeys (ConfUtils.java:logGet(44)) - raft.server.log.appender.install.snapshot.enabled = false (custom)
2020-11-11 13:02:27,481 [pool-255-thread-1] INFO  impl.RaftServerImpl (ServerState.java:<init>(104)) - 352d83a1-5d74-43bd-bd39-d85070547324@group-7E8547F36A9E: ConfigurationManager, init=-1: [352d83a1-5d74-43bd-bd39-d85070547324:172.17.0.2:35799:0], old=null, confs=<EMPTY_MAP>
2020-11-11 13:02:27,481 [pool-255-thread-1] INFO  server.RaftServerConfigKeys (ConfUtils.java:logGet(44)) - raft.server.storage.dir = [/github/workspace/mnt/ozone/hadoop-ozone/integration-test/target/test-dir/MiniOzoneClusterImpl-360dda8a-aacf-474d-b2be-458d96023f40/datanode-5/data/ratis] (custom)
2020-11-11 13:02:27,481 [pool-255-thread-1] INFO  server.RaftServerConfigKeys (ConfUtils.java:logGet(44)) - raft.server.log.corruption.policy = EXCEPTION (default)
2020-11-11 13:02:27,481 [pool-255-thread-1] INFO  storage.RaftStorageDirectory (RaftStorageDirectory.java:analyzeStorage(261)) - The storage directory /github/workspace/mnt/ozone/hadoop-ozone/integration-test/target/test-dir/MiniOzoneClusterImpl-360dda8a-aacf-474d-b2be-458d96023f40/datanode-5/data/ratis/1eaf1fd2-3a16-48cf-8e34-7e8547f36a9e does not exist. Creating ...
2020-11-11 13:02:27,482 [pool-255-thread-1] INFO  storage.RaftStorageDirectory (RaftStorageDirectory.java:tryLock(343)) - Lock on /github/workspace/mnt/ozone/hadoop-ozone/integration-test/target/test-dir/MiniOzoneClusterImpl-360dda8a-aacf-474d-b2be-458d96023f40/datanode-5/data/ratis/1eaf1fd2-3a16-48cf-8e34-7e8547f36a9e/in_use.lock acquired by nodename 3130@1fbbdd0f98d0
2020-11-11 13:02:27,484 [pool-255-thread-1] INFO  storage.RaftStorage (RaftStorage.java:format(84)) - Storage directory /github/workspace/mnt/ozone/hadoop-ozone/integration-test/target/test-dir/MiniOzoneClusterImpl-360dda8a-aacf-474d-b2be-458d96023f40/datanode-5/data/ratis/1eaf1fd2-3a16-48cf-8e34-7e8547f36a9e has been successfully formatted.
2020-11-11 13:02:27,484 [pool-255-thread-1] INFO  ratis.ContainerStateMachine (ContainerStateMachine.java:loadSnapshot(225)) - group-7E8547F36A9E: The snapshot info is null. Setting the last applied indexto:(t:0, i:~)
2020-11-11 13:02:27,484 [pool-255-thread-1] INFO  server.RaftServerConfigKeys (ConfUtils.java:logGet(44)) - raft.server.notification.no-leader.timeout = 300s (custom)
2020-11-11 13:02:27,484 [pool-255-thread-1] INFO  server.RaftServerConfigKeys (ConfUtils.java:logGet(44)) - raft.server.log.use.memory = false (default)
2020-11-11 13:02:27,484 [pool-255-thread-1] INFO  server.RaftServerConfigKeys (ConfUtils.java:logGet(44)) - raft.server.log.purge.gap = 1000000 (custom)
2020-11-11 13:02:27,484 [pool-255-thread-1] INFO  metrics.RatisMetrics (RatisMetrics.java:lambda$create$0(36)) - Creating Metrics Registry : ratis.log_worker.352d83a1-5d74-43bd-bd39-d85070547324@group-7E8547F36A9E
2020-11-11 13:02:27,484 [pool-255-thread-1] INFO  server.RaftServerConfigKeys (ConfUtils.java:logGet(44)) - raft.server.log.appender.buffer.byte-limit = 33554432 (custom)
2020-11-11 13:02:27,484 [pool-255-thread-1] INFO  server.RaftServerConfigKeys (ConfUtils.java:logGet(44)) - raft.server.log.segment.size.max = 1048576 (custom)
2020-11-11 13:02:27,485 [pool-255-thread-1] INFO  server.RaftServerConfigKeys (ConfUtils.java:logGet(44)) - raft.server.log.segment.cache.num.max = 2 (custom)
2020-11-11 13:02:27,485 [pool-255-thread-1] INFO  segmented.SegmentedRaftLogWorker (SegmentedRaftLogWorker.java:<init>(180)) - new 352d83a1-5d74-43bd-bd39-d85070547324@group-7E8547F36A9E-SegmentedRaftLogWorker for RaftStorage:Storage Directory /github/workspace/mnt/ozone/hadoop-ozone/integration-test/target/test-dir/MiniOzoneClusterImpl-360dda8a-aacf-474d-b2be-458d96023f40/datanode-5/data/ratis/1eaf1fd2-3a16-48cf-8e34-7e8547f36a9e
2020-11-11 13:02:27,485 [pool-255-thread-1] INFO  server.RaftServerConfigKeys (ConfUtils.java:logGet(44)) - raft.server.log.queue.byte-limit = 2147483647 (custom)
2020-11-11 13:02:27,485 [pool-255-thread-1] INFO  server.RaftServerConfigKeys (ConfUtils.java:logGet(44)) - raft.server.log.queue.element-limit = 1024 (custom)
2020-11-11 13:02:27,485 [pool-255-thread-1] INFO  server.RaftServerConfigKeys (ConfUtils.java:logGet(44)) - raft.server.log.segment.size.max = 1048576 (custom)
2020-11-11 13:02:27,486 [EventQueue-PipelineReportForPipelineReportHandler] INFO  pipeline.PipelineStateManager (PipelineStateManager.java:openPipeline(132)) - Pipeline Pipeline[ Id: 1eaf1fd2-3a16-48cf-8e34-7e8547f36a9e, Nodes: 352d83a1-5d74-43bd-bd39-d85070547324{ip: 172.17.0.2, host: 1fbbdd0f98d0, networkLocation: /default-rack, certSerialId: null}, Type:RATIS, Factor:ONE, State:ALLOCATED, leaderId:352d83a1-5d74-43bd-bd39-d85070547324, CreationTimestamp2020-11-11T13:02:24.481Z] moved to OPEN state
2020-11-11 13:02:27,486 [EventQueue-OpenPipelineForOneReplicaPipelineSafeModeRule] INFO  safemode.SCMSafeModeManager (SCMSafeModeManager.java:validateSafeModeExitRules(214)) - AtleastOneDatanodeReportedRule rule is successfully validated
2020-11-11 13:02:27,486 [EventQueue-OpenPipelineForHealthyPipelineSafeModeRule] INFO  safemode.SCMSafeModeManager (HealthyPipelineSafeModeRule.java:process(129)) - SCM in safe mode. Healthy pipelines reported count is 0, required healthy pipeline reported count is 1
2020-11-11 13:02:27,486 [pool-255-thread-1] INFO  server.RaftServerConfigKeys (ConfUtils.java:logGet(44)) - raft.server.log.preallocated.size = 16384 (custom)
2020-11-11 13:02:27,486 [pool-255-thread-1] INFO  server.RaftServerConfigKeys (ConfUtils.java:logGet(44)) - raft.server.log.write.buffer.size = 1048576 (custom)
2020-11-11 13:02:27,486 [pool-255-thread-1] INFO  server.RaftServerConfigKeys (ConfUtils.java:logGet(44)) - raft.server.log.force.sync.num = 128 (default)
2020-11-11 13:02:27,486 [pool-255-thread-1] INFO  server.RaftServerConfigKeys (ConfUtils.java:logGet(44)) - raft.server.log.statemachine.data.sync = true (default)
2020-11-11 13:02:27,486 [pool-255-thread-1] INFO  server.RaftServerConfigKeys (ConfUtils.java:logGet(44)) - raft.server.log.statemachine.data.sync.timeout = 10s (default)
2020-11-11 13:02:27,486 [pool-255-thread-1] INFO  server.RaftServerConfigKeys (ConfUtils.java:logGet(44)) - raft.server.log.statemachine.data.sync.timeout.retry = -1 (default)
2020-11-11 13:02:27,488 [pool-255-thread-1] INFO  server.RaftServerConfigKeys (ConfUtils.java:logGet(44)) - raft.server.log.statemachine.data.caching.enabled = true (custom)
2020-11-11 13:02:27,488 [pool-255-thread-1] INFO  segmented.SegmentedRaftLogWorker (SegmentedRaftLogWorker.java:lambda$new$0(129)) - 352d83a1-5d74-43bd-bd39-d85070547324@group-7E8547F36A9E-SegmentedRaftLogWorker: flushIndex: setUnconditionally 0 -> -1
2020-11-11 13:02:27,488 [pool-255-thread-1] INFO  segmented.SegmentedRaftLogWorker (SegmentedRaftLogWorker.java:lambda$new$0(129)) - 352d83a1-5d74-43bd-bd39-d85070547324@group-7E8547F36A9E-SegmentedRaftLogWorker: safeCacheEvictIndex: setUnconditionally 0 -> -1
2020-11-11 13:02:27,488 [pool-255-thread-1] INFO  server.RaftServerConfigKeys (ConfUtils.java:logGet(44)) - raft.server.snapshot.auto.trigger.enabled = true (custom)
2020-11-11 13:02:27,488 [pool-255-thread-1] INFO  server.RaftServerConfigKeys (ConfUtils.java:logGet(44)) - raft.server.snapshot.auto.trigger.threshold = 10000 (custom)
2020-11-11 13:02:27,489 [pool-255-thread-1] INFO  server.RaftServerConfigKeys (ConfUtils.java:logGet(44)) - raft.server.snapshot.retention.file.num = 5 (custom)
2020-11-11 13:02:27,489 [pool-255-thread-1] INFO  server.RaftServerConfigKeys (ConfUtils.java:logGet(44)) - raft.server.log.purge.upto.snapshot.index = false (default)
2020-11-11 13:02:27,489 [pool-255-thread-1] INFO  server.RaftServerConfigKeys (ConfUtils.java:logGet(44)) - raft.server.retrycache.expirytime = 600000ms (custom)
2020-11-11 13:02:27,489 [pool-255-thread-1] INFO  metrics.RatisMetrics (RatisMetrics.java:lambda$create$0(36)) - Creating Metrics Registry : ratis.leader_election.352d83a1-5d74-43bd-bd39-d85070547324@group-7E8547F36A9E
2020-11-11 13:02:27,489 [pool-255-thread-1] INFO  metrics.RatisMetrics (RatisMetrics.java:lambda$create$0(36)) - Creating Metrics Registry : ratis.server.352d83a1-5d74-43bd-bd39-d85070547324@group-7E8547F36A9E
2020-11-11 13:02:27,490 [pool-255-thread-1] INFO  impl.RaftServerImpl (RaftServerImpl.java:start(209)) - 352d83a1-5d74-43bd-bd39-d85070547324@group-7E8547F36A9E: start as a follower, conf=-1: [352d83a1-5d74-43bd-bd39-d85070547324:172.17.0.2:35799:0], old=null
2020-11-11 13:02:27,490 [pool-255-thread-1] INFO  impl.RaftServerImpl (RaftServerImpl.java:setRole(198)) - 352d83a1-5d74-43bd-bd39-d85070547324@group-7E8547F36A9E: changes role from      null to FOLLOWER at term 0 for startAsFollower
2020-11-11 13:02:27,490 [pool-255-thread-1] INFO  impl.RoleInfo (RoleInfo.java:updateAndGet(143)) - 352d83a1-5d74-43bd-bd39-d85070547324: start FollowerState
2020-11-11 13:02:27,490 [pool-255-thread-1] INFO  util.JmxRegister (JmxRegister.java:tryRegister(44)) - Successfully registered JMX Bean with object name Ratis:service=RaftServer,group=group-7E8547F36A9E,id=352d83a1-5d74-43bd-bd39-d85070547324
2020-11-11 13:02:27,491 [pool-255-thread-1] INFO  metrics.RatisMetrics (RatisMetrics.java:lambda$create$0(36)) - Creating Metrics Registry : ratis.state_machine.352d83a1-5d74-43bd-bd39-d85070547324@group-7E8547F36A9E
2020-11-11 13:02:27,491 [Command processor thread] INFO  commandhandler.CreatePipelineCommandHandler (CreatePipelineCommandHandler.java:handle(106)) - Created Pipeline RATIS ONE PipelineID=1eaf1fd2-3a16-48cf-8e34-7e8547f36a9e.
2020-11-11 13:02:27,668 [Command processor thread] INFO  impl.RaftServerProxy (RaftServerProxy.java:addNew(92)) - e61205f8-1646-4505-81d5-b53d4d94fb3b: addNew group-399A99A9F468:[e61205f8-1646-4505-81d5-b53d4d94fb3b:172.17.0.2:33405:0] returns group-399A99A9F468:java.util.concurrent.CompletableFuture@f7593ef[Not completed]
2020-11-11 13:02:27,669 [Listener at 127.0.0.1/39313] INFO  ozone.MiniOzoneClusterImpl (MiniOzoneClusterImpl.java:lambda$waitForClusterToBeReady$0(177)) - Nodes are ready. Got 7 of 7 DN Heartbeats.
2020-11-11 13:02:27,669 [Listener at 127.0.0.1/39313] INFO  ozone.MiniOzoneClusterImpl (MiniOzoneClusterImpl.java:lambda$waitForClusterToBeReady$0(180)) - Waiting for cluster to exit safe mode
2020-11-11 13:02:27,670 [pool-271-thread-1] INFO  impl.RaftServerImpl (RaftServerImpl.java:<init>(120)) - e61205f8-1646-4505-81d5-b53d4d94fb3b: new RaftServerImpl for group-399A99A9F468:[e61205f8-1646-4505-81d5-b53d4d94fb3b:172.17.0.2:33405:0] with ContainerStateMachine:uninitialized
2020-11-11 13:02:27,670 [pool-271-thread-1] INFO  server.RaftServerConfigKeys (ConfUtils.java:logGet(44)) - raft.server.rpc.timeout.min = 5s (custom)
2020-11-11 13:02:27,671 [pool-271-thread-1] INFO  server.RaftServerConfigKeys (ConfUtils.java:logGet(44)) - raft.server.rpc.timeout.max = 5200ms (custom)
2020-11-11 13:02:27,671 [pool-271-thread-1] INFO  server.RaftServerConfigKeys (ConfUtils.java:logGet(44)) - raft.server.rpcslowness.timeout = 300s (custom)
2020-11-11 13:02:27,671 [pool-271-thread-1] INFO  server.RaftServerConfigKeys (ConfUtils.java:logGet(44)) - raft.server.sleep.deviation.threshold = 300 (default)
2020-11-11 13:02:27,671 [pool-271-thread-1] INFO  server.RaftServerConfigKeys (ConfUtils.java:logGet(44)) - raft.server.log.appender.install.snapshot.enabled = false (custom)
2020-11-11 13:02:27,671 [pool-271-thread-1] INFO  impl.RaftServerImpl (ServerState.java:<init>(104)) - e61205f8-1646-4505-81d5-b53d4d94fb3b@group-399A99A9F468: ConfigurationManager, init=-1: [e61205f8-1646-4505-81d5-b53d4d94fb3b:172.17.0.2:33405:0], old=null, confs=<EMPTY_MAP>
2020-11-11 13:02:27,671 [pool-271-thread-1] INFO  server.RaftServerConfigKeys (ConfUtils.java:logGet(44)) - raft.server.storage.dir = [/github/workspace/mnt/ozone/hadoop-ozone/integration-test/target/test-dir/MiniOzoneClusterImpl-360dda8a-aacf-474d-b2be-458d96023f40/datanode-6/data/ratis] (custom)
2020-11-11 13:02:27,671 [pool-271-thread-1] INFO  server.RaftServerConfigKeys (ConfUtils.java:logGet(44)) - raft.server.log.corruption.policy = EXCEPTION (default)
2020-11-11 13:02:27,672 [pool-271-thread-1] INFO  storage.RaftStorageDirectory (RaftStorageDirectory.java:analyzeStorage(261)) - The storage directory /github/workspace/mnt/ozone/hadoop-ozone/integration-test/target/test-dir/MiniOzoneClusterImpl-360dda8a-aacf-474d-b2be-458d96023f40/datanode-6/data/ratis/564d4314-572d-4037-9efb-399a99a9f468 does not exist. Creating ...
2020-11-11 13:02:27,673 [pool-271-thread-1] INFO  storage.RaftStorageDirectory (RaftStorageDirectory.java:tryLock(343)) - Lock on /github/workspace/mnt/ozone/hadoop-ozone/integration-test/target/test-dir/MiniOzoneClusterImpl-360dda8a-aacf-474d-b2be-458d96023f40/datanode-6/data/ratis/564d4314-572d-4037-9efb-399a99a9f468/in_use.lock acquired by nodename 3130@1fbbdd0f98d0
2020-11-11 13:02:27,674 [pool-271-thread-1] INFO  storage.RaftStorage (RaftStorage.java:format(84)) - Storage directory /github/workspace/mnt/ozone/hadoop-ozone/integration-test/target/test-dir/MiniOzoneClusterImpl-360dda8a-aacf-474d-b2be-458d96023f40/datanode-6/data/ratis/564d4314-572d-4037-9efb-399a99a9f468 has been successfully formatted.
2020-11-11 13:02:27,676 [pool-271-thread-1] INFO  ratis.ContainerStateMachine (ContainerStateMachine.java:loadSnapshot(225)) - group-399A99A9F468: The snapshot info is null. Setting the last applied indexto:(t:0, i:~)
2020-11-11 13:02:27,676 [EventQueue-PipelineReportForPipelineReportHandler] INFO  pipeline.PipelineStateManager (PipelineStateManager.java:openPipeline(132)) - Pipeline Pipeline[ Id: 564d4314-572d-4037-9efb-399a99a9f468, Nodes: e61205f8-1646-4505-81d5-b53d4d94fb3b{ip: 172.17.0.2, host: 1fbbdd0f98d0, networkLocation: /default-rack, certSerialId: null}, Type:RATIS, Factor:ONE, State:ALLOCATED, leaderId:e61205f8-1646-4505-81d5-b53d4d94fb3b, CreationTimestamp2020-11-11T13:02:24.671Z] moved to OPEN state
2020-11-11 13:02:27,678 [pool-271-thread-1] INFO  server.RaftServerConfigKeys (ConfUtils.java:logGet(44)) - raft.server.notification.no-leader.timeout = 300s (custom)
2020-11-11 13:02:27,678 [EventQueue-OpenPipelineForHealthyPipelineSafeModeRule] INFO  safemode.SCMSafeModeManager (HealthyPipelineSafeModeRule.java:process(129)) - SCM in safe mode. Healthy pipelines reported count is 0, required healthy pipeline reported count is 1
2020-11-11 13:02:27,678 [EventQueue-OpenPipelineForOneReplicaPipelineSafeModeRule] INFO  safemode.SCMSafeModeManager (SCMSafeModeManager.java:validateSafeModeExitRules(214)) - AtleastOneDatanodeReportedRule rule is successfully validated
2020-11-11 13:02:27,678 [pool-271-thread-1] INFO  server.RaftServerConfigKeys (ConfUtils.java:logGet(44)) - raft.server.log.use.memory = false (default)
2020-11-11 13:02:27,679 [pool-271-thread-1] INFO  server.RaftServerConfigKeys (ConfUtils.java:logGet(44)) - raft.server.log.purge.gap = 1000000 (custom)
2020-11-11 13:02:27,679 [pool-271-thread-1] INFO  metrics.RatisMetrics (RatisMetrics.java:lambda$create$0(36)) - Creating Metrics Registry : ratis.log_worker.e61205f8-1646-4505-81d5-b53d4d94fb3b@group-399A99A9F468
2020-11-11 13:02:27,679 [pool-271-thread-1] INFO  server.RaftServerConfigKeys (ConfUtils.java:logGet(44)) - raft.server.log.appender.buffer.byte-limit = 33554432 (custom)
2020-11-11 13:02:27,679 [pool-271-thread-1] INFO  server.RaftServerConfigKeys (ConfUtils.java:logGet(44)) - raft.server.log.segment.size.max = 1048576 (custom)
2020-11-11 13:02:27,680 [pool-271-thread-1] INFO  server.RaftServerConfigKeys (ConfUtils.java:logGet(44)) - raft.server.log.segment.cache.num.max = 2 (custom)
2020-11-11 13:02:27,681 [pool-271-thread-1] INFO  segmented.SegmentedRaftLogWorker (SegmentedRaftLogWorker.java:<init>(180)) - new e61205f8-1646-4505-81d5-b53d4d94fb3b@group-399A99A9F468-SegmentedRaftLogWorker for RaftStorage:Storage Directory /github/workspace/mnt/ozone/hadoop-ozone/integration-test/target/test-dir/MiniOzoneClusterImpl-360dda8a-aacf-474d-b2be-458d96023f40/datanode-6/data/ratis/564d4314-572d-4037-9efb-399a99a9f468
2020-11-11 13:02:27,681 [pool-271-thread-1] INFO  server.RaftServerConfigKeys (ConfUtils.java:logGet(44)) - raft.server.log.queue.byte-limit = 2147483647 (custom)
2020-11-11 13:02:27,681 [pool-271-thread-1] INFO  server.RaftServerConfigKeys (ConfUtils.java:logGet(44)) - raft.server.log.queue.element-limit = 1024 (custom)
2020-11-11 13:02:27,681 [pool-271-thread-1] INFO  server.RaftServerConfigKeys (ConfUtils.java:logGet(44)) - raft.server.log.segment.size.max = 1048576 (custom)
2020-11-11 13:02:27,681 [pool-271-thread-1] INFO  server.RaftServerConfigKeys (ConfUtils.java:logGet(44)) - raft.server.log.preallocated.size = 16384 (custom)
2020-11-11 13:02:27,681 [pool-271-thread-1] INFO  server.RaftServerConfigKeys (ConfUtils.java:logGet(44)) - raft.server.log.write.buffer.size = 1048576 (custom)
2020-11-11 13:02:27,681 [pool-271-thread-1] INFO  server.RaftServerConfigKeys (ConfUtils.java:logGet(44)) - raft.server.log.force.sync.num = 128 (default)
2020-11-11 13:02:27,681 [pool-271-thread-1] INFO  server.RaftServerConfigKeys (ConfUtils.java:logGet(44)) - raft.server.log.statemachine.data.sync = true (default)
2020-11-11 13:02:27,681 [pool-271-thread-1] INFO  server.RaftServerConfigKeys (ConfUtils.java:logGet(44)) - raft.server.log.statemachine.data.sync.timeout = 10s (default)
2020-11-11 13:02:27,681 [pool-271-thread-1] INFO  server.RaftServerConfigKeys (ConfUtils.java:logGet(44)) - raft.server.log.statemachine.data.sync.timeout.retry = -1 (default)
2020-11-11 13:02:27,683 [pool-271-thread-1] INFO  server.RaftServerConfigKeys (ConfUtils.java:logGet(44)) - raft.server.log.statemachine.data.caching.enabled = true (custom)
2020-11-11 13:02:27,683 [pool-271-thread-1] INFO  segmented.SegmentedRaftLogWorker (SegmentedRaftLogWorker.java:lambda$new$0(129)) - e61205f8-1646-4505-81d5-b53d4d94fb3b@group-399A99A9F468-SegmentedRaftLogWorker: flushIndex: setUnconditionally 0 -> -1
2020-11-11 13:02:27,683 [pool-271-thread-1] INFO  segmented.SegmentedRaftLogWorker (SegmentedRaftLogWorker.java:lambda$new$0(129)) - e61205f8-1646-4505-81d5-b53d4d94fb3b@group-399A99A9F468-SegmentedRaftLogWorker: safeCacheEvictIndex: setUnconditionally 0 -> -1
2020-11-11 13:02:27,683 [pool-271-thread-1] INFO  server.RaftServerConfigKeys (ConfUtils.java:logGet(44)) - raft.server.snapshot.auto.trigger.enabled = true (custom)
2020-11-11 13:02:27,683 [pool-271-thread-1] INFO  server.RaftServerConfigKeys (ConfUtils.java:logGet(44)) - raft.server.snapshot.auto.trigger.threshold = 10000 (custom)
2020-11-11 13:02:27,683 [pool-271-thread-1] INFO  server.RaftServerConfigKeys (ConfUtils.java:logGet(44)) - raft.server.snapshot.retention.file.num = 5 (custom)
2020-11-11 13:02:27,683 [pool-271-thread-1] INFO  server.RaftServerConfigKeys (ConfUtils.java:logGet(44)) - raft.server.log.purge.upto.snapshot.index = false (default)
2020-11-11 13:02:27,683 [pool-271-thread-1] INFO  server.RaftServerConfigKeys (ConfUtils.java:logGet(44)) - raft.server.retrycache.expirytime = 600000ms (custom)
2020-11-11 13:02:27,684 [pool-271-thread-1] INFO  metrics.RatisMetrics (RatisMetrics.java:lambda$create$0(36)) - Creating Metrics Registry : ratis.leader_election.e61205f8-1646-4505-81d5-b53d4d94fb3b@group-399A99A9F468
2020-11-11 13:02:27,684 [pool-271-thread-1] INFO  metrics.RatisMetrics (RatisMetrics.java:lambda$create$0(36)) - Creating Metrics Registry : ratis.server.e61205f8-1646-4505-81d5-b53d4d94fb3b@group-399A99A9F468
2020-11-11 13:02:27,685 [pool-271-thread-1] INFO  impl.RaftServerImpl (RaftServerImpl.java:start(209)) - e61205f8-1646-4505-81d5-b53d4d94fb3b@group-399A99A9F468: start as a follower, conf=-1: [e61205f8-1646-4505-81d5-b53d4d94fb3b:172.17.0.2:33405:0], old=null
2020-11-11 13:02:27,685 [pool-271-thread-1] INFO  impl.RaftServerImpl (RaftServerImpl.java:setRole(198)) - e61205f8-1646-4505-81d5-b53d4d94fb3b@group-399A99A9F468: changes role from      null to FOLLOWER at term 0 for startAsFollower
2020-11-11 13:02:27,685 [pool-271-thread-1] INFO  impl.RoleInfo (RoleInfo.java:updateAndGet(143)) - e61205f8-1646-4505-81d5-b53d4d94fb3b: start FollowerState
2020-11-11 13:02:27,685 [pool-271-thread-1] INFO  util.JmxRegister (JmxRegister.java:tryRegister(44)) - Successfully registered JMX Bean with object name Ratis:service=RaftServer,group=group-399A99A9F468,id=e61205f8-1646-4505-81d5-b53d4d94fb3b
2020-11-11 13:02:27,685 [pool-271-thread-1] INFO  metrics.RatisMetrics (RatisMetrics.java:lambda$create$0(36)) - Creating Metrics Registry : ratis.state_machine.e61205f8-1646-4505-81d5-b53d4d94fb3b@group-399A99A9F468
2020-11-11 13:02:27,686 [Command processor thread] INFO  commandhandler.CreatePipelineCommandHandler (CreatePipelineCommandHandler.java:handle(106)) - Created Pipeline RATIS ONE PipelineID=564d4314-572d-4037-9efb-399a99a9f468.
2020-11-11 13:02:28,669 [Listener at 127.0.0.1/39313] INFO  ozone.MiniOzoneClusterImpl (MiniOzoneClusterImpl.java:lambda$waitForClusterToBeReady$0(177)) - Nodes are ready. Got 7 of 7 DN Heartbeats.
2020-11-11 13:02:28,670 [Listener at 127.0.0.1/39313] INFO  ozone.MiniOzoneClusterImpl (MiniOzoneClusterImpl.java:lambda$waitForClusterToBeReady$0(180)) - Waiting for cluster to exit safe mode
2020-11-11 13:02:29,670 [Listener at 127.0.0.1/39313] INFO  ozone.MiniOzoneClusterImpl (MiniOzoneClusterImpl.java:lambda$waitForClusterToBeReady$0(177)) - Nodes are ready. Got 7 of 7 DN Heartbeats.
2020-11-11 13:02:29,670 [Listener at 127.0.0.1/39313] INFO  ozone.MiniOzoneClusterImpl (MiniOzoneClusterImpl.java:lambda$waitForClusterToBeReady$0(180)) - Waiting for cluster to exit safe mode
2020-11-11 13:02:30,671 [Listener at 127.0.0.1/39313] INFO  ozone.MiniOzoneClusterImpl (MiniOzoneClusterImpl.java:lambda$waitForClusterToBeReady$0(177)) - Nodes are ready. Got 7 of 7 DN Heartbeats.
2020-11-11 13:02:30,672 [Listener at 127.0.0.1/39313] INFO  ozone.MiniOzoneClusterImpl (MiniOzoneClusterImpl.java:lambda$waitForClusterToBeReady$0(180)) - Waiting for cluster to exit safe mode
2020-11-11 13:02:31,542 [Thread-604] INFO  impl.FollowerState (FollowerState.java:run(108)) - e069e265-bb49-430d-a7d5-075644e54025@group-AE36718D8819-FollowerState: change to CANDIDATE, lastRpcTime:5016ms, electionTimeout:5012ms
2020-11-11 13:02:31,542 [Thread-604] INFO  impl.RoleInfo (RoleInfo.java:shutdownFollowerState(121)) - e069e265-bb49-430d-a7d5-075644e54025: shutdown FollowerState
2020-11-11 13:02:31,542 [Thread-604] INFO  impl.RaftServerImpl (RaftServerImpl.java:setRole(198)) - e069e265-bb49-430d-a7d5-075644e54025@group-AE36718D8819: changes role from  FOLLOWER to CANDIDATE at term 0 for changeToCandidate
2020-11-11 13:02:31,542 [Thread-604] INFO  impl.RoleInfo (RoleInfo.java:updateAndGet(143)) - e069e265-bb49-430d-a7d5-075644e54025: start LeaderElection
2020-11-11 13:02:31,545 [e069e265-bb49-430d-a7d5-075644e54025@group-AE36718D8819-LeaderElection13] INFO  impl.LeaderElection (LeaderElection.java:askForVotes(210)) - e069e265-bb49-430d-a7d5-075644e54025@group-AE36718D8819-LeaderElection13: begin an election at term 1 for -1: [cf4c8ff2-bc1a-4dec-a9dc-d34d644bc422:172.17.0.2:44713:0, e069e265-bb49-430d-a7d5-075644e54025:172.17.0.2:45889:0, f941e2d8-b1d9-4857-a015-dcc954962098:172.17.0.2:43187:0], old=null
2020-11-11 13:02:31,566 [grpc-default-executor-2] INFO  impl.RaftServerImpl (RaftServerImpl.java:setRole(198)) - cf4c8ff2-bc1a-4dec-a9dc-d34d644bc422@group-AE36718D8819: changes role from  FOLLOWER to FOLLOWER at term 1 for recognizeCandidate:e069e265-bb49-430d-a7d5-075644e54025
2020-11-11 13:02:31,566 [grpc-default-executor-2] INFO  impl.RoleInfo (RoleInfo.java:shutdownFollowerState(121)) - cf4c8ff2-bc1a-4dec-a9dc-d34d644bc422: shutdown FollowerState
2020-11-11 13:02:31,566 [grpc-default-executor-2] INFO  impl.RoleInfo (RoleInfo.java:updateAndGet(143)) - cf4c8ff2-bc1a-4dec-a9dc-d34d644bc422: start FollowerState
2020-11-11 13:02:31,566 [Thread-606] INFO  impl.FollowerState (FollowerState.java:run(117)) - cf4c8ff2-bc1a-4dec-a9dc-d34d644bc422@group-AE36718D8819-FollowerState was interrupted: java.lang.InterruptedException: sleep interrupted
2020-11-11 13:02:31,570 [grpc-default-executor-1] INFO  impl.RaftServerImpl (RaftServerImpl.java:setRole(198)) - f941e2d8-b1d9-4857-a015-dcc954962098@group-AE36718D8819: changes role from  FOLLOWER to FOLLOWER at term 1 for recognizeCandidate:e069e265-bb49-430d-a7d5-075644e54025
2020-11-11 13:02:31,570 [grpc-default-executor-1] INFO  impl.RoleInfo (RoleInfo.java:shutdownFollowerState(121)) - f941e2d8-b1d9-4857-a015-dcc954962098: shutdown FollowerState
2020-11-11 13:02:31,570 [grpc-default-executor-1] INFO  impl.RoleInfo (RoleInfo.java:updateAndGet(143)) - f941e2d8-b1d9-4857-a015-dcc954962098: start FollowerState
2020-11-11 13:02:31,571 [Thread-609] INFO  impl.FollowerState (FollowerState.java:run(117)) - f941e2d8-b1d9-4857-a015-dcc954962098@group-AE36718D8819-FollowerState was interrupted: java.lang.InterruptedException: sleep interrupted
2020-11-11 13:02:31,571 [grpc-default-executor-1] INFO  impl.RaftServerImpl (RaftServerImpl.java:requestVote(923)) -  FOLLOWER f941e2d8-b1d9-4857-a015-dcc954962098@group-AE36718D8819:t1, leader=null, voted=null, raftlog=f941e2d8-b1d9-4857-a015-dcc954962098@group-AE36718D8819-SegmentedRaftLog:OPENED:c-1,f-1,i0, conf=-1: [cf4c8ff2-bc1a-4dec-a9dc-d34d644bc422:172.17.0.2:44713:0, e069e265-bb49-430d-a7d5-075644e54025:172.17.0.2:45889:0, f941e2d8-b1d9-4857-a015-dcc954962098:172.17.0.2:43187:0], old=null RUNNING priority:0 candidate:e069e265-bb49-430d-a7d5-075644e54025:172.17.0.2:45889:0 candidatePriority:0 compare:0
2020-11-11 13:02:31,571 [grpc-default-executor-2] INFO  impl.RaftServerImpl (RaftServerImpl.java:requestVote(923)) -  FOLLOWER cf4c8ff2-bc1a-4dec-a9dc-d34d644bc422@group-AE36718D8819:t1, leader=null, voted=null, raftlog=cf4c8ff2-bc1a-4dec-a9dc-d34d644bc422@group-AE36718D8819-SegmentedRaftLog:OPENED:c-1,f-1,i0, conf=-1: [cf4c8ff2-bc1a-4dec-a9dc-d34d644bc422:172.17.0.2:44713:0, e069e265-bb49-430d-a7d5-075644e54025:172.17.0.2:45889:0, f941e2d8-b1d9-4857-a015-dcc954962098:172.17.0.2:43187:0], old=null RUNNING priority:0 candidate:e069e265-bb49-430d-a7d5-075644e54025:172.17.0.2:45889:0 candidatePriority:0 compare:0
2020-11-11 13:02:31,575 [e069e265-bb49-430d-a7d5-075644e54025@group-AE36718D8819-LeaderElection13] INFO  impl.LeaderElection (LeaderElection.java:logAndReturn(62)) - e069e265-bb49-430d-a7d5-075644e54025@group-AE36718D8819-LeaderElection13: Election PASSED; received 1 response(s) [e069e265-bb49-430d-a7d5-075644e54025<-cf4c8ff2-bc1a-4dec-a9dc-d34d644bc422#0:OK-t1] and 0 exception(s); e069e265-bb49-430d-a7d5-075644e54025@group-AE36718D8819:t1, leader=null, voted=e069e265-bb49-430d-a7d5-075644e54025, raftlog=e069e265-bb49-430d-a7d5-075644e54025@group-AE36718D8819-SegmentedRaftLog:OPENED:c-1,f-1,i0, conf=-1: [cf4c8ff2-bc1a-4dec-a9dc-d34d644bc422:172.17.0.2:44713:0, e069e265-bb49-430d-a7d5-075644e54025:172.17.0.2:45889:0, f941e2d8-b1d9-4857-a015-dcc954962098:172.17.0.2:43187:0], old=null
2020-11-11 13:02:31,576 [e069e265-bb49-430d-a7d5-075644e54025@group-AE36718D8819-LeaderElection13] INFO  impl.RoleInfo (RoleInfo.java:shutdownLeaderElection(134)) - e069e265-bb49-430d-a7d5-075644e54025: shutdown LeaderElection
2020-11-11 13:02:31,576 [e069e265-bb49-430d-a7d5-075644e54025@group-AE36718D8819-LeaderElection13] INFO  impl.RaftServerImpl (RaftServerImpl.java:setRole(198)) - e069e265-bb49-430d-a7d5-075644e54025@group-AE36718D8819: changes role from CANDIDATE to LEADER at term 1 for changeToLeader
2020-11-11 13:02:31,576 [e069e265-bb49-430d-a7d5-075644e54025@group-AE36718D8819-LeaderElection13] INFO  ratis.XceiverServerRatis (XceiverServerRatis.java:handleLeaderChangedNotification(854)) - Leader change notification received for group: group-AE36718D8819 with new leaderId: e069e265-bb49-430d-a7d5-075644e54025
2020-11-11 13:02:31,576 [e069e265-bb49-430d-a7d5-075644e54025@group-AE36718D8819-LeaderElection13] INFO  impl.RaftServerImpl (ServerState.java:setLeader(256)) - e069e265-bb49-430d-a7d5-075644e54025@group-AE36718D8819: change Leader from null to e069e265-bb49-430d-a7d5-075644e54025 at term 1 for becomeLeader, leader elected after 5057ms
2020-11-11 13:02:31,576 [e069e265-bb49-430d-a7d5-075644e54025@group-AE36718D8819-LeaderElection13] INFO  server.RaftServerConfigKeys (ConfUtils.java:logGet(44)) - raft.server.staging.catchup.gap = 1000 (default)
2020-11-11 13:02:31,577 [e069e265-bb49-430d-a7d5-075644e54025@group-AE36718D8819-LeaderElection13] INFO  server.RaftServerConfigKeys (ConfUtils.java:logGet(44)) - raft.server.rpc.sleep.time = 25ms (default)
2020-11-11 13:02:31,577 [e069e265-bb49-430d-a7d5-075644e54025@group-AE36718D8819-LeaderElection13] INFO  metrics.RatisMetrics (RatisMetrics.java:lambda$create$0(36)) - Creating Metrics Registry : ratis.log_appender.e069e265-bb49-430d-a7d5-075644e54025@group-AE36718D8819
2020-11-11 13:02:31,577 [e069e265-bb49-430d-a7d5-075644e54025@group-AE36718D8819-LeaderElection13] INFO  server.RaftServerConfigKeys (ConfUtils.java:logGet(44)) - raft.server.write.element-limit = 1024 (custom)
2020-11-11 13:02:31,577 [e069e265-bb49-430d-a7d5-075644e54025@group-AE36718D8819-LeaderElection13] INFO  server.RaftServerConfigKeys (ConfUtils.java:logGet(44)) - raft.server.write.byte-limit = 1073741824 (custom)
2020-11-11 13:02:31,577 [e069e265-bb49-430d-a7d5-075644e54025@group-AE36718D8819-LeaderElection13] INFO  server.RaftServerConfigKeys (ConfUtils.java:logGet(44)) - raft.server.watch.timeout = 180s (custom)
2020-11-11 13:02:31,577 [e069e265-bb49-430d-a7d5-075644e54025@group-AE36718D8819-LeaderElection13] INFO  server.RaftServerConfigKeys (ConfUtils.java:logGet(44)) - raft.server.watch.timeout.denomination = 1s (default)
2020-11-11 13:02:31,577 [e069e265-bb49-430d-a7d5-075644e54025@group-AE36718D8819-LeaderElection13] INFO  server.RaftServerConfigKeys (ConfUtils.java:logGet(44)) - raft.server.watch.element-limit = 65536 (default)
2020-11-11 13:02:31,580 [EventQueue-PipelineReportForPipelineReportHandler] INFO  pipeline.PipelineStateManager (PipelineStateManager.java:openPipeline(132)) - Pipeline Pipeline[ Id: 5f4957af-733e-4ce7-810a-ae36718d8819, Nodes: cf4c8ff2-bc1a-4dec-a9dc-d34d644bc422{ip: 172.17.0.2, host: 1fbbdd0f98d0, networkLocation: /default-rack, certSerialId: null}f941e2d8-b1d9-4857-a015-dcc954962098{ip: 172.17.0.2, host: 1fbbdd0f98d0, networkLocation: /default-rack, certSerialId: null}e069e265-bb49-430d-a7d5-075644e54025{ip: 172.17.0.2, host: 1fbbdd0f98d0, networkLocation: /default-rack, certSerialId: null}, Type:RATIS, Factor:THREE, State:ALLOCATED, leaderId:e069e265-bb49-430d-a7d5-075644e54025, CreationTimestamp2020-11-11T13:02:23.856Z] moved to OPEN state
2020-11-11 13:02:31,581 [EventQueue-OpenPipelineForOneReplicaPipelineSafeModeRule] INFO  safemode.SCMSafeModeManager (SCMSafeModeManager.java:validateSafeModeExitRules(214)) - AtleastOneDatanodeReportedRule rule is successfully validated
2020-11-11 13:02:31,580 [e069e265-bb49-430d-a7d5-075644e54025@group-AE36718D8819-LeaderElection13] INFO  server.RaftServerConfigKeys (ConfUtils.java:logGet(44)) - raft.server.log.appender.snapshot.chunk.size.max = 16MB (=16777216) (default)
2020-11-11 13:02:31,581 [EventQueue-OpenPipelineForHealthyPipelineSafeModeRule] INFO  safemode.SCMSafeModeManager (HealthyPipelineSafeModeRule.java:process(129)) - SCM in safe mode. Healthy pipelines reported count is 1, required healthy pipeline reported count is 1
2020-11-11 13:02:31,582 [EventQueue-OpenPipelineForHealthyPipelineSafeModeRule] INFO  safemode.SCMSafeModeManager (SCMSafeModeManager.java:validateSafeModeExitRules(214)) - HealthyPipelineSafeModeRule rule is successfully validated
2020-11-11 13:02:31,582 [EventQueue-OpenPipelineForHealthyPipelineSafeModeRule] INFO  safemode.SCMSafeModeManager (SCMSafeModeManager.java:validateSafeModeExitRules(228)) - ScmSafeModeManager, all rules are successfully validated
2020-11-11 13:02:31,582 [EventQueue-OpenPipelineForHealthyPipelineSafeModeRule] INFO  safemode.SCMSafeModeManager (SCMSafeModeManager.java:exitSafeMode(257)) - SCM exiting safe mode.
2020-11-11 13:02:31,582 [e069e265-bb49-430d-a7d5-075644e54025@group-AE36718D8819-LeaderElection13] INFO  server.RaftServerConfigKeys (ConfUtils.java:logGet(44)) - raft.server.log.appender.buffer.byte-limit = 33554432 (custom)
2020-11-11 13:02:31,582 [e069e265-bb49-430d-a7d5-075644e54025@group-AE36718D8819-LeaderElection13] INFO  server.RaftServerConfigKeys (ConfUtils.java:logGet(44)) - raft.server.log.appender.buffer.element-limit = 1 (custom)
2020-11-11 13:02:31,582 [e069e265-bb49-430d-a7d5-075644e54025@group-AE36718D8819-LeaderElection13] INFO  grpc.GrpcConfigKeys (ConfUtils.java:logGet(44)) - raft.grpc.server.leader.outstanding.appends.max = 128 (default)
2020-11-11 13:02:31,582 [e069e265-bb49-430d-a7d5-075644e54025@group-AE36718D8819-LeaderElection13] INFO  server.RaftServerConfigKeys (ConfUtils.java:logGet(44)) - raft.server.rpc.request.timeout = 60s (custom)
2020-11-11 13:02:31,582 [e069e265-bb49-430d-a7d5-075644e54025@group-AE36718D8819-LeaderElection13] INFO  server.RaftServerConfigKeys (ConfUtils.java:logGet(44)) - raft.server.log.appender.install.snapshot.enabled = false (custom)
2020-11-11 13:02:31,582 [e069e265-bb49-430d-a7d5-075644e54025@group-AE36718D8819-LeaderElection13] INFO  metrics.RatisMetrics (RatisMetrics.java:lambda$create$0(36)) - Creating Metrics Registry : ratis_grpc.log_appender.e069e265-bb49-430d-a7d5-075644e54025@group-AE36718D8819
2020-11-11 13:02:31,584 [e069e265-bb49-430d-a7d5-075644e54025@group-AE36718D8819-LeaderElection13] INFO  server.RaftServerConfigKeys (ConfUtils.java:logGet(44)) - raft.server.log.appender.snapshot.chunk.size.max = 16MB (=16777216) (default)
2020-11-11 13:02:31,584 [e069e265-bb49-430d-a7d5-075644e54025@group-AE36718D8819-LeaderElection13] INFO  server.RaftServerConfigKeys (ConfUtils.java:logGet(44)) - raft.server.log.appender.buffer.byte-limit = 33554432 (custom)
2020-11-11 13:02:31,584 [e069e265-bb49-430d-a7d5-075644e54025@group-AE36718D8819-LeaderElection13] INFO  server.RaftServerConfigKeys (ConfUtils.java:logGet(44)) - raft.server.log.appender.buffer.element-limit = 1 (custom)
2020-11-11 13:02:31,584 [e069e265-bb49-430d-a7d5-075644e54025@group-AE36718D8819-LeaderElection13] INFO  grpc.GrpcConfigKeys (ConfUtils.java:logGet(44)) - raft.grpc.server.leader.outstanding.appends.max = 128 (default)
2020-11-11 13:02:31,584 [e069e265-bb49-430d-a7d5-075644e54025@group-AE36718D8819-LeaderElection13] INFO  server.RaftServerConfigKeys (ConfUtils.java:logGet(44)) - raft.server.rpc.request.timeout = 60s (custom)
2020-11-11 13:02:31,584 [e069e265-bb49-430d-a7d5-075644e54025@group-AE36718D8819-LeaderElection13] INFO  server.RaftServerConfigKeys (ConfUtils.java:logGet(44)) - raft.server.log.appender.install.snapshot.enabled = false (custom)
2020-11-11 13:02:31,585 [e069e265-bb49-430d-a7d5-075644e54025@group-AE36718D8819-LeaderElection13] INFO  impl.RoleInfo (RoleInfo.java:updateAndGet(143)) - e069e265-bb49-430d-a7d5-075644e54025: start LeaderState
2020-11-11 13:02:31,586 [e069e265-bb49-430d-a7d5-075644e54025@group-AE36718D8819-LeaderElection13] INFO  segmented.SegmentedRaftLogWorker (SegmentedRaftLogWorker.java:startLogSegment(397)) - e069e265-bb49-430d-a7d5-075644e54025@group-AE36718D8819-SegmentedRaftLogWorker: Starting segment from index:0
2020-11-11 13:02:31,596 [e069e265-bb49-430d-a7d5-075644e54025@group-AE36718D8819-LeaderElection13] INFO  impl.RaftServerImpl (ServerState.java:setRaftConf(374)) - e069e265-bb49-430d-a7d5-075644e54025@group-AE36718D8819: set configuration 0: [cf4c8ff2-bc1a-4dec-a9dc-d34d644bc422:172.17.0.2:44713:0, e069e265-bb49-430d-a7d5-075644e54025:172.17.0.2:45889:0, f941e2d8-b1d9-4857-a015-dcc954962098:172.17.0.2:43187:0], old=null at 0
2020-11-11 13:02:31,596 [e069e265-bb49-430d-a7d5-075644e54025@group-AE36718D8819-SegmentedRaftLogWorker] INFO  segmented.SegmentedRaftLogWorker (SegmentedRaftLogWorker.java:execute(596)) - e069e265-bb49-430d-a7d5-075644e54025@group-AE36718D8819-SegmentedRaftLogWorker: created new log segment /github/workspace/mnt/ozone/hadoop-ozone/integration-test/target/test-dir/MiniOzoneClusterImpl-360dda8a-aacf-474d-b2be-458d96023f40/datanode-0/data/ratis/5f4957af-733e-4ce7-810a-ae36718d8819/current/log_inprogress_0
2020-11-11 13:02:31,613 [grpc-default-executor-1] INFO  ratis.XceiverServerRatis (XceiverServerRatis.java:handleLeaderChangedNotification(854)) - Leader change notification received for group: group-AE36718D8819 with new leaderId: e069e265-bb49-430d-a7d5-075644e54025
2020-11-11 13:02:31,613 [grpc-default-executor-1] INFO  impl.RaftServerImpl (ServerState.java:setLeader(256)) - cf4c8ff2-bc1a-4dec-a9dc-d34d644bc422@group-AE36718D8819: change Leader from null to e069e265-bb49-430d-a7d5-075644e54025 at term 1 for appendEntries, leader elected after 5057ms
2020-11-11 13:02:31,614 [grpc-default-executor-1] INFO  ratis.XceiverServerRatis (XceiverServerRatis.java:handleLeaderChangedNotification(854)) - Leader change notification received for group: group-AE36718D8819 with new leaderId: e069e265-bb49-430d-a7d5-075644e54025
2020-11-11 13:02:31,614 [grpc-default-executor-1] INFO  impl.RaftServerImpl (ServerState.java:setLeader(256)) - f941e2d8-b1d9-4857-a015-dcc954962098@group-AE36718D8819: change Leader from null to e069e265-bb49-430d-a7d5-075644e54025 at term 1 for appendEntries, leader elected after 5006ms
2020-11-11 13:02:31,615 [grpc-default-executor-0] INFO  impl.RaftServerImpl (ServerState.java:setRaftConf(374)) - cf4c8ff2-bc1a-4dec-a9dc-d34d644bc422@group-AE36718D8819: set configuration 0: [cf4c8ff2-bc1a-4dec-a9dc-d34d644bc422:172.17.0.2:44713:0, e069e265-bb49-430d-a7d5-075644e54025:172.17.0.2:45889:0, f941e2d8-b1d9-4857-a015-dcc954962098:172.17.0.2:43187:0], old=null at 0
2020-11-11 13:02:31,615 [grpc-default-executor-1] INFO  impl.RaftServerImpl (ServerState.java:setRaftConf(374)) - f941e2d8-b1d9-4857-a015-dcc954962098@group-AE36718D8819: set configuration 0: [cf4c8ff2-bc1a-4dec-a9dc-d34d644bc422:172.17.0.2:44713:0, e069e265-bb49-430d-a7d5-075644e54025:172.17.0.2:45889:0, f941e2d8-b1d9-4857-a015-dcc954962098:172.17.0.2:43187:0], old=null at 0
2020-11-11 13:02:31,618 [grpc-default-executor-0] INFO  segmented.SegmentedRaftLogWorker (SegmentedRaftLogWorker.java:startLogSegment(397)) - cf4c8ff2-bc1a-4dec-a9dc-d34d644bc422@group-AE36718D8819-SegmentedRaftLogWorker: Starting segment from index:0
2020-11-11 13:02:31,618 [grpc-default-executor-1] INFO  segmented.SegmentedRaftLogWorker (SegmentedRaftLogWorker.java:startLogSegment(397)) - f941e2d8-b1d9-4857-a015-dcc954962098@group-AE36718D8819-SegmentedRaftLogWorker: Starting segment from index:0
2020-11-11 13:02:31,619 [cf4c8ff2-bc1a-4dec-a9dc-d34d644bc422@group-AE36718D8819-SegmentedRaftLogWorker] INFO  segmented.SegmentedRaftLogWorker (SegmentedRaftLogWorker.java:execute(596)) - cf4c8ff2-bc1a-4dec-a9dc-d34d644bc422@group-AE36718D8819-SegmentedRaftLogWorker: created new log segment /github/workspace/mnt/ozone/hadoop-ozone/integration-test/target/test-dir/MiniOzoneClusterImpl-360dda8a-aacf-474d-b2be-458d96023f40/datanode-1/data/ratis/5f4957af-733e-4ce7-810a-ae36718d8819/current/log_inprogress_0
2020-11-11 13:02:31,619 [f941e2d8-b1d9-4857-a015-dcc954962098@group-AE36718D8819-SegmentedRaftLogWorker] INFO  segmented.SegmentedRaftLogWorker (SegmentedRaftLogWorker.java:execute(596)) - f941e2d8-b1d9-4857-a015-dcc954962098@group-AE36718D8819-SegmentedRaftLogWorker: created new log segment /github/workspace/mnt/ozone/hadoop-ozone/integration-test/target/test-dir/MiniOzoneClusterImpl-360dda8a-aacf-474d-b2be-458d96023f40/datanode-2/data/ratis/5f4957af-733e-4ce7-810a-ae36718d8819/current/log_inprogress_0
2020-11-11 13:02:31,672 [Listener at 127.0.0.1/39313] INFO  ozone.MiniOzoneClusterImpl (MiniOzoneClusterImpl.java:lambda$waitForClusterToBeReady$0(177)) - Nodes are ready. Got 7 of 7 DN Heartbeats.
2020-11-11 13:02:31,672 [Listener at 127.0.0.1/39313] INFO  ozone.MiniOzoneClusterImpl (MiniOzoneClusterImpl.java:lambda$waitForClusterToBeReady$0(180)) - Cluster exits safe mode
2020-11-11 13:02:31,682 [Listener at 127.0.0.1/39313] INFO  rpc.RpcClient (RpcClient.java:createVolume(321)) - Creating Volume: testblockoutputstreamwithretries, with jenkins1001 as owner.
2020-11-11 13:02:31,684 [IPC Server handler 1 on default port 39313] INFO  volume.OMVolumeCreateRequest (OMVolumeCreateRequest.java:validateAndUpdateCache(197)) - created volume:testblockoutputstreamwithretries for user:jenkins1001
2020-11-11 13:02:31,688 [Listener at 127.0.0.1/39313] INFO  rpc.RpcClient (RpcClient.java:createBucket(476)) - Creating Bucket: testblockoutputstreamwithretries/testblockoutputstreamwithretries, with Versioning false and Storage Type set to DISK and Encryption set to false 
2020-11-11 13:02:31,691 [Thread-602] INFO  impl.FollowerState (FollowerState.java:run(108)) - e069e265-bb49-430d-a7d5-075644e54025@group-3F78C87211DA-FollowerState: change to CANDIDATE, lastRpcTime:5184ms, electionTimeout:5184ms
2020-11-11 13:02:31,691 [Thread-602] INFO  impl.RoleInfo (RoleInfo.java:shutdownFollowerState(121)) - e069e265-bb49-430d-a7d5-075644e54025: shutdown FollowerState
2020-11-11 13:02:31,691 [Thread-602] INFO  impl.RaftServerImpl (RaftServerImpl.java:setRole(198)) - e069e265-bb49-430d-a7d5-075644e54025@group-3F78C87211DA: changes role from  FOLLOWER to CANDIDATE at term 0 for changeToCandidate
2020-11-11 13:02:31,691 [Thread-602] INFO  impl.RoleInfo (RoleInfo.java:updateAndGet(143)) - e069e265-bb49-430d-a7d5-075644e54025: start LeaderElection
2020-11-11 13:02:31,700 [e069e265-bb49-430d-a7d5-075644e54025@group-3F78C87211DA-LeaderElection14] INFO  impl.LeaderElection (LeaderElection.java:askForVotes(210)) - e069e265-bb49-430d-a7d5-075644e54025@group-3F78C87211DA-LeaderElection14: begin an election at term 1 for -1: [e069e265-bb49-430d-a7d5-075644e54025:172.17.0.2:45889:0], old=null
2020-11-11 13:02:31,700 [e069e265-bb49-430d-a7d5-075644e54025@group-3F78C87211DA-LeaderElection14] INFO  impl.RoleInfo (RoleInfo.java:shutdownLeaderElection(134)) - e069e265-bb49-430d-a7d5-075644e54025: shutdown LeaderElection
2020-11-11 13:02:31,701 [e069e265-bb49-430d-a7d5-075644e54025@group-3F78C87211DA-LeaderElection14] INFO  impl.RaftServerImpl (RaftServerImpl.java:setRole(198)) - e069e265-bb49-430d-a7d5-075644e54025@group-3F78C87211DA: changes role from CANDIDATE to LEADER at term 1 for changeToLeader
2020-11-11 13:02:31,701 [e069e265-bb49-430d-a7d5-075644e54025@group-3F78C87211DA-LeaderElection14] INFO  ratis.XceiverServerRatis (XceiverServerRatis.java:handleLeaderChangedNotification(854)) - Leader change notification received for group: group-3F78C87211DA with new leaderId: e069e265-bb49-430d-a7d5-075644e54025
2020-11-11 13:02:31,703 [e069e265-bb49-430d-a7d5-075644e54025@group-3F78C87211DA-LeaderElection14] INFO  impl.RaftServerImpl (ServerState.java:setLeader(256)) - e069e265-bb49-430d-a7d5-075644e54025@group-3F78C87211DA: change Leader from null to e069e265-bb49-430d-a7d5-075644e54025 at term 1 for becomeLeader, leader elected after 5207ms
2020-11-11 13:02:31,704 [e069e265-bb49-430d-a7d5-075644e54025@group-3F78C87211DA-LeaderElection14] INFO  server.RaftServerConfigKeys (ConfUtils.java:logGet(44)) - raft.server.staging.catchup.gap = 1000 (default)
2020-11-11 13:02:31,708 [e069e265-bb49-430d-a7d5-075644e54025@group-3F78C87211DA-LeaderElection14] INFO  server.RaftServerConfigKeys (ConfUtils.java:logGet(44)) - raft.server.rpc.sleep.time = 25ms (default)
2020-11-11 13:02:31,708 [e069e265-bb49-430d-a7d5-075644e54025@group-3F78C87211DA-LeaderElection14] INFO  metrics.RatisMetrics (RatisMetrics.java:lambda$create$0(36)) - Creating Metrics Registry : ratis.log_appender.e069e265-bb49-430d-a7d5-075644e54025@group-3F78C87211DA
2020-11-11 13:02:31,709 [e069e265-bb49-430d-a7d5-075644e54025@group-3F78C87211DA-LeaderElection14] INFO  server.RaftServerConfigKeys (ConfUtils.java:logGet(44)) - raft.server.write.element-limit = 1024 (custom)
2020-11-11 13:02:31,709 [e069e265-bb49-430d-a7d5-075644e54025@group-3F78C87211DA-LeaderElection14] INFO  server.RaftServerConfigKeys (ConfUtils.java:logGet(44)) - raft.server.write.byte-limit = 1073741824 (custom)
2020-11-11 13:02:31,709 [e069e265-bb49-430d-a7d5-075644e54025@group-3F78C87211DA-LeaderElection14] INFO  server.RaftServerConfigKeys (ConfUtils.java:logGet(44)) - raft.server.watch.timeout = 180s (custom)
2020-11-11 13:02:31,709 [e069e265-bb49-430d-a7d5-075644e54025@group-3F78C87211DA-LeaderElection14] INFO  server.RaftServerConfigKeys (ConfUtils.java:logGet(44)) - raft.server.watch.timeout.denomination = 1s (default)
2020-11-11 13:02:31,709 [e069e265-bb49-430d-a7d5-075644e54025@group-3F78C87211DA-LeaderElection14] INFO  server.RaftServerConfigKeys (ConfUtils.java:logGet(44)) - raft.server.watch.element-limit = 65536 (default)
2020-11-11 13:02:31,709 [e069e265-bb49-430d-a7d5-075644e54025@group-3F78C87211DA-LeaderElection14] INFO  impl.RoleInfo (RoleInfo.java:updateAndGet(143)) - e069e265-bb49-430d-a7d5-075644e54025: start LeaderState
2020-11-11 13:02:31,710 [e069e265-bb49-430d-a7d5-075644e54025@group-3F78C87211DA-LeaderElection14] INFO  segmented.SegmentedRaftLogWorker (SegmentedRaftLogWorker.java:startLogSegment(397)) - e069e265-bb49-430d-a7d5-075644e54025@group-3F78C87211DA-SegmentedRaftLogWorker: Starting segment from index:0
2020-11-11 13:02:31,711 [e069e265-bb49-430d-a7d5-075644e54025@group-3F78C87211DA-LeaderElection14] INFO  impl.RaftServerImpl (ServerState.java:setRaftConf(374)) - e069e265-bb49-430d-a7d5-075644e54025@group-3F78C87211DA: set configuration 0: [e069e265-bb49-430d-a7d5-075644e54025:172.17.0.2:45889:0], old=null at 0
2020-11-11 13:02:31,711 [e069e265-bb49-430d-a7d5-075644e54025@group-3F78C87211DA-SegmentedRaftLogWorker] INFO  segmented.SegmentedRaftLogWorker (SegmentedRaftLogWorker.java:execute(596)) - e069e265-bb49-430d-a7d5-075644e54025@group-3F78C87211DA-SegmentedRaftLogWorker: created new log segment /github/workspace/mnt/ozone/hadoop-ozone/integration-test/target/test-dir/MiniOzoneClusterImpl-360dda8a-aacf-474d-b2be-458d96023f40/datanode-0/data/ratis/f698b8eb-0609-4496-8c56-3f78c87211da/current/log_inprogress_0
2020-11-11 13:02:31,716 [Listener at 127.0.0.1/39313] INFO  metrics.RatisMetrics (RatisMetrics.java:lambda$create$0(36)) - Creating Metrics Registry : ratis.client_message_metrics.client-6404466640CD->f941e2d8-b1d9-4857-a015-dcc954962098
2020-11-11 13:02:31,876 [Thread-612] INFO  impl.FollowerState (FollowerState.java:run(108)) - cf4c8ff2-bc1a-4dec-a9dc-d34d644bc422@group-C6C130A82C84-FollowerState: change to CANDIDATE, lastRpcTime:5190ms, electionTimeout:5186ms
2020-11-11 13:02:31,876 [Thread-612] INFO  impl.RoleInfo (RoleInfo.java:shutdownFollowerState(121)) - cf4c8ff2-bc1a-4dec-a9dc-d34d644bc422: shutdown FollowerState
2020-11-11 13:02:31,876 [Thread-612] INFO  impl.RaftServerImpl (RaftServerImpl.java:setRole(198)) - cf4c8ff2-bc1a-4dec-a9dc-d34d644bc422@group-C6C130A82C84: changes role from  FOLLOWER to CANDIDATE at term 0 for changeToCandidate
2020-11-11 13:02:31,876 [Thread-612] INFO  impl.RoleInfo (RoleInfo.java:updateAndGet(143)) - cf4c8ff2-bc1a-4dec-a9dc-d34d644bc422: start LeaderElection
2020-11-11 13:02:31,881 [cf4c8ff2-bc1a-4dec-a9dc-d34d644bc422@group-C6C130A82C84-LeaderElection15] INFO  impl.LeaderElection (LeaderElection.java:askForVotes(210)) - cf4c8ff2-bc1a-4dec-a9dc-d34d644bc422@group-C6C130A82C84-LeaderElection15: begin an election at term 1 for -1: [cf4c8ff2-bc1a-4dec-a9dc-d34d644bc422:172.17.0.2:44713:0], old=null
2020-11-11 13:02:31,881 [cf4c8ff2-bc1a-4dec-a9dc-d34d644bc422@group-C6C130A82C84-LeaderElection15] INFO  impl.RoleInfo (RoleInfo.java:shutdownLeaderElection(134)) - cf4c8ff2-bc1a-4dec-a9dc-d34d644bc422: shutdown LeaderElection
2020-11-11 13:02:31,881 [cf4c8ff2-bc1a-4dec-a9dc-d34d644bc422@group-C6C130A82C84-LeaderElection15] INFO  impl.RaftServerImpl (RaftServerImpl.java:setRole(198)) - cf4c8ff2-bc1a-4dec-a9dc-d34d644bc422@group-C6C130A82C84: changes role from CANDIDATE to LEADER at term 1 for changeToLeader
2020-11-11 13:02:31,881 [cf4c8ff2-bc1a-4dec-a9dc-d34d644bc422@group-C6C130A82C84-LeaderElection15] INFO  ratis.XceiverServerRatis (XceiverServerRatis.java:handleLeaderChangedNotification(854)) - Leader change notification received for group: group-C6C130A82C84 with new leaderId: cf4c8ff2-bc1a-4dec-a9dc-d34d644bc422
2020-11-11 13:02:31,882 [cf4c8ff2-bc1a-4dec-a9dc-d34d644bc422@group-C6C130A82C84-LeaderElection15] INFO  impl.RaftServerImpl (ServerState.java:setLeader(256)) - cf4c8ff2-bc1a-4dec-a9dc-d34d644bc422@group-C6C130A82C84: change Leader from null to cf4c8ff2-bc1a-4dec-a9dc-d34d644bc422 at term 1 for becomeLeader, leader elected after 5202ms
2020-11-11 13:02:31,882 [cf4c8ff2-bc1a-4dec-a9dc-d34d644bc422@group-C6C130A82C84-LeaderElection15] INFO  server.RaftServerConfigKeys (ConfUtils.java:logGet(44)) - raft.server.staging.catchup.gap = 1000 (default)
2020-11-11 13:02:31,882 [cf4c8ff2-bc1a-4dec-a9dc-d34d644bc422@group-C6C130A82C84-LeaderElection15] INFO  server.RaftServerConfigKeys (ConfUtils.java:logGet(44)) - raft.server.rpc.sleep.time = 25ms (default)
2020-11-11 13:02:31,882 [cf4c8ff2-bc1a-4dec-a9dc-d34d644bc422@group-C6C130A82C84-LeaderElection15] INFO  metrics.RatisMetrics (RatisMetrics.java:lambda$create$0(36)) - Creating Metrics Registry : ratis.log_appender.cf4c8ff2-bc1a-4dec-a9dc-d34d644bc422@group-C6C130A82C84
2020-11-11 13:02:31,882 [cf4c8ff2-bc1a-4dec-a9dc-d34d644bc422@group-C6C130A82C84-LeaderElection15] INFO  server.RaftServerConfigKeys (ConfUtils.java:logGet(44)) - raft.server.write.element-limit = 1024 (custom)
2020-11-11 13:02:31,882 [cf4c8ff2-bc1a-4dec-a9dc-d34d644bc422@group-C6C130A82C84-LeaderElection15] INFO  server.RaftServerConfigKeys (ConfUtils.java:logGet(44)) - raft.server.write.byte-limit = 1073741824 (custom)
2020-11-11 13:02:31,882 [cf4c8ff2-bc1a-4dec-a9dc-d34d644bc422@group-C6C130A82C84-LeaderElection15] INFO  server.RaftServerConfigKeys (ConfUtils.java:logGet(44)) - raft.server.watch.timeout = 180s (custom)
2020-11-11 13:02:31,883 [cf4c8ff2-bc1a-4dec-a9dc-d34d644bc422@group-C6C130A82C84-LeaderElection15] INFO  server.RaftServerConfigKeys (ConfUtils.java:logGet(44)) - raft.server.watch.timeout.denomination = 1s (default)
2020-11-11 13:02:31,883 [cf4c8ff2-bc1a-4dec-a9dc-d34d644bc422@group-C6C130A82C84-LeaderElection15] INFO  server.RaftServerConfigKeys (ConfUtils.java:logGet(44)) - raft.server.watch.element-limit = 65536 (default)
2020-11-11 13:02:31,883 [cf4c8ff2-bc1a-4dec-a9dc-d34d644bc422@group-C6C130A82C84-LeaderElection15] INFO  impl.RoleInfo (RoleInfo.java:updateAndGet(143)) - cf4c8ff2-bc1a-4dec-a9dc-d34d644bc422: start LeaderState
2020-11-11 13:02:31,883 [cf4c8ff2-bc1a-4dec-a9dc-d34d644bc422@group-C6C130A82C84-LeaderElection15] INFO  segmented.SegmentedRaftLogWorker (SegmentedRaftLogWorker.java:startLogSegment(397)) - cf4c8ff2-bc1a-4dec-a9dc-d34d644bc422@group-C6C130A82C84-SegmentedRaftLogWorker: Starting segment from index:0
2020-11-11 13:02:31,884 [cf4c8ff2-bc1a-4dec-a9dc-d34d644bc422@group-C6C130A82C84-LeaderElection15] INFO  impl.RaftServerImpl (ServerState.java:setRaftConf(374)) - cf4c8ff2-bc1a-4dec-a9dc-d34d644bc422@group-C6C130A82C84: set configuration 0: [cf4c8ff2-bc1a-4dec-a9dc-d34d644bc422:172.17.0.2:44713:0], old=null at 0
2020-11-11 13:02:31,884 [cf4c8ff2-bc1a-4dec-a9dc-d34d644bc422@group-C6C130A82C84-SegmentedRaftLogWorker] INFO  segmented.SegmentedRaftLogWorker (SegmentedRaftLogWorker.java:execute(596)) - cf4c8ff2-bc1a-4dec-a9dc-d34d644bc422@group-C6C130A82C84-SegmentedRaftLogWorker: created new log segment /github/workspace/mnt/ozone/hadoop-ozone/integration-test/target/test-dir/MiniOzoneClusterImpl-360dda8a-aacf-474d-b2be-458d96023f40/datanode-1/data/ratis/5bd80d95-49ed-4527-8eb4-c6c130a82c84/current/log_inprogress_0
2020-11-11 13:02:32,023 [Thread-614] INFO  impl.FollowerState (FollowerState.java:run(108)) - f941e2d8-b1d9-4857-a015-dcc954962098@group-DCED4E8F9534-FollowerState: change to CANDIDATE, lastRpcTime:5152ms, electionTimeout:5149ms
2020-11-11 13:02:32,023 [Thread-614] INFO  impl.RoleInfo (RoleInfo.java:shutdownFollowerState(121)) - f941e2d8-b1d9-4857-a015-dcc954962098: shutdown FollowerState
2020-11-11 13:02:32,023 [Thread-614] INFO  impl.RaftServerImpl (RaftServerImpl.java:setRole(198)) - f941e2d8-b1d9-4857-a015-dcc954962098@group-DCED4E8F9534: changes role from  FOLLOWER to CANDIDATE at term 0 for changeToCandidate
2020-11-11 13:02:32,023 [Thread-614] INFO  impl.RoleInfo (RoleInfo.java:updateAndGet(143)) - f941e2d8-b1d9-4857-a015-dcc954962098: start LeaderElection
2020-11-11 13:02:32,028 [f941e2d8-b1d9-4857-a015-dcc954962098@group-DCED4E8F9534-LeaderElection16] INFO  impl.LeaderElection (LeaderElection.java:askForVotes(210)) - f941e2d8-b1d9-4857-a015-dcc954962098@group-DCED4E8F9534-LeaderElection16: begin an election at term 1 for -1: [f941e2d8-b1d9-4857-a015-dcc954962098:172.17.0.2:43187:0], old=null
2020-11-11 13:02:32,028 [f941e2d8-b1d9-4857-a015-dcc954962098@group-DCED4E8F9534-LeaderElection16] INFO  impl.RoleInfo (RoleInfo.java:shutdownLeaderElection(134)) - f941e2d8-b1d9-4857-a015-dcc954962098: shutdown LeaderElection
2020-11-11 13:02:32,028 [f941e2d8-b1d9-4857-a015-dcc954962098@group-DCED4E8F9534-LeaderElection16] INFO  impl.RaftServerImpl (RaftServerImpl.java:setRole(198)) - f941e2d8-b1d9-4857-a015-dcc954962098@group-DCED4E8F9534: changes role from CANDIDATE to LEADER at term 1 for changeToLeader
2020-11-11 13:02:32,028 [f941e2d8-b1d9-4857-a015-dcc954962098@group-DCED4E8F9534-LeaderElection16] INFO  ratis.XceiverServerRatis (XceiverServerRatis.java:handleLeaderChangedNotification(854)) - Leader change notification received for group: group-DCED4E8F9534 with new leaderId: f941e2d8-b1d9-4857-a015-dcc954962098
2020-11-11 13:02:32,028 [f941e2d8-b1d9-4857-a015-dcc954962098@group-DCED4E8F9534-LeaderElection16] INFO  impl.RaftServerImpl (ServerState.java:setLeader(256)) - f941e2d8-b1d9-4857-a015-dcc954962098@group-DCED4E8F9534: change Leader from null to f941e2d8-b1d9-4857-a015-dcc954962098 at term 1 for becomeLeader, leader elected after 5169ms
2020-11-11 13:02:32,029 [f941e2d8-b1d9-4857-a015-dcc954962098@group-DCED4E8F9534-LeaderElection16] INFO  server.RaftServerConfigKeys (ConfUtils.java:logGet(44)) - raft.server.staging.catchup.gap = 1000 (default)
2020-11-11 13:02:32,029 [f941e2d8-b1d9-4857-a015-dcc954962098@group-DCED4E8F9534-LeaderElection16] INFO  server.RaftServerConfigKeys (ConfUtils.java:logGet(44)) - raft.server.rpc.sleep.time = 25ms (default)
2020-11-11 13:02:32,029 [f941e2d8-b1d9-4857-a015-dcc954962098@group-DCED4E8F9534-LeaderElection16] INFO  metrics.RatisMetrics (RatisMetrics.java:lambda$create$0(36)) - Creating Metrics Registry : ratis.log_appender.f941e2d8-b1d9-4857-a015-dcc954962098@group-DCED4E8F9534
2020-11-11 13:02:32,029 [f941e2d8-b1d9-4857-a015-dcc954962098@group-DCED4E8F9534-LeaderElection16] INFO  server.RaftServerConfigKeys (ConfUtils.java:logGet(44)) - raft.server.write.element-limit = 1024 (custom)
2020-11-11 13:02:32,029 [f941e2d8-b1d9-4857-a015-dcc954962098@group-DCED4E8F9534-LeaderElection16] INFO  server.RaftServerConfigKeys (ConfUtils.java:logGet(44)) - raft.server.write.byte-limit = 1073741824 (custom)
2020-11-11 13:02:32,030 [f941e2d8-b1d9-4857-a015-dcc954962098@group-DCED4E8F9534-LeaderElection16] INFO  server.RaftServerConfigKeys (ConfUtils.java:logGet(44)) - raft.server.watch.timeout = 180s (custom)
2020-11-11 13:02:32,030 [f941e2d8-b1d9-4857-a015-dcc954962098@group-DCED4E8F9534-LeaderElection16] INFO  server.RaftServerConfigKeys (ConfUtils.java:logGet(44)) - raft.server.watch.timeout.denomination = 1s (default)
2020-11-11 13:02:32,030 [f941e2d8-b1d9-4857-a015-dcc954962098@group-DCED4E8F9534-LeaderElection16] INFO  server.RaftServerConfigKeys (ConfUtils.java:logGet(44)) - raft.server.watch.element-limit = 65536 (default)
2020-11-11 13:02:32,030 [f941e2d8-b1d9-4857-a015-dcc954962098@group-DCED4E8F9534-LeaderElection16] INFO  impl.RoleInfo (RoleInfo.java:updateAndGet(143)) - f941e2d8-b1d9-4857-a015-dcc954962098: start LeaderState
2020-11-11 13:02:32,031 [f941e2d8-b1d9-4857-a015-dcc954962098@group-DCED4E8F9534-LeaderElection16] INFO  segmented.SegmentedRaftLogWorker (SegmentedRaftLogWorker.java:startLogSegment(397)) - f941e2d8-b1d9-4857-a015-dcc954962098@group-DCED4E8F9534-SegmentedRaftLogWorker: Starting segment from index:0
2020-11-11 13:02:32,031 [f941e2d8-b1d9-4857-a015-dcc954962098@group-DCED4E8F9534-LeaderElection16] INFO  impl.RaftServerImpl (ServerState.java:setRaftConf(374)) - f941e2d8-b1d9-4857-a015-dcc954962098@group-DCED4E8F9534: set configuration 0: [f941e2d8-b1d9-4857-a015-dcc954962098:172.17.0.2:43187:0], old=null at 0
2020-11-11 13:02:32,032 [f941e2d8-b1d9-4857-a015-dcc954962098@group-DCED4E8F9534-SegmentedRaftLogWorker] INFO  segmented.SegmentedRaftLogWorker (SegmentedRaftLogWorker.java:execute(596)) - f941e2d8-b1d9-4857-a015-dcc954962098@group-DCED4E8F9534-SegmentedRaftLogWorker: created new log segment /github/workspace/mnt/ozone/hadoop-ozone/integration-test/target/test-dir/MiniOzoneClusterImpl-360dda8a-aacf-474d-b2be-458d96023f40/datanode-2/data/ratis/e9e32198-94f1-4e7c-9ec0-dced4e8f9534/current/log_inprogress_0
2020-11-11 13:02:32,157 [Thread-616] INFO  impl.FollowerState (FollowerState.java:run(108)) - dfc112cd-6783-4672-858d-cfab3cc4e4cb@group-553A490B449E-FollowerState: change to CANDIDATE, lastRpcTime:5083ms, electionTimeout:5080ms
2020-11-11 13:02:32,158 [Thread-616] INFO  impl.RoleInfo (RoleInfo.java:shutdownFollowerState(121)) - dfc112cd-6783-4672-858d-cfab3cc4e4cb: shutdown FollowerState
2020-11-11 13:02:32,158 [Thread-616] INFO  impl.RaftServerImpl (RaftServerImpl.java:setRole(198)) - dfc112cd-6783-4672-858d-cfab3cc4e4cb@group-553A490B449E: changes role from  FOLLOWER to CANDIDATE at term 0 for changeToCandidate
2020-11-11 13:02:32,158 [Thread-616] INFO  impl.RoleInfo (RoleInfo.java:updateAndGet(143)) - dfc112cd-6783-4672-858d-cfab3cc4e4cb: start LeaderElection
2020-11-11 13:02:32,162 [dfc112cd-6783-4672-858d-cfab3cc4e4cb@group-553A490B449E-LeaderElection17] INFO  impl.LeaderElection (LeaderElection.java:askForVotes(210)) - dfc112cd-6783-4672-858d-cfab3cc4e4cb@group-553A490B449E-LeaderElection17: begin an election at term 1 for -1: [dfc112cd-6783-4672-858d-cfab3cc4e4cb:172.17.0.2:37735:0], old=null
2020-11-11 13:02:32,162 [dfc112cd-6783-4672-858d-cfab3cc4e4cb@group-553A490B449E-LeaderElection17] INFO  impl.RoleInfo (RoleInfo.java:shutdownLeaderElection(134)) - dfc112cd-6783-4672-858d-cfab3cc4e4cb: shutdown LeaderElection
2020-11-11 13:02:32,162 [dfc112cd-6783-4672-858d-cfab3cc4e4cb@group-553A490B449E-LeaderElection17] INFO  impl.RaftServerImpl (RaftServerImpl.java:setRole(198)) - dfc112cd-6783-4672-858d-cfab3cc4e4cb@group-553A490B449E: changes role from CANDIDATE to LEADER at term 1 for changeToLeader
2020-11-11 13:02:32,162 [dfc112cd-6783-4672-858d-cfab3cc4e4cb@group-553A490B449E-LeaderElection17] INFO  ratis.XceiverServerRatis (XceiverServerRatis.java:handleLeaderChangedNotification(854)) - Leader change notification received for group: group-553A490B449E with new leaderId: dfc112cd-6783-4672-858d-cfab3cc4e4cb
2020-11-11 13:02:32,163 [dfc112cd-6783-4672-858d-cfab3cc4e4cb@group-553A490B449E-LeaderElection17] INFO  impl.RaftServerImpl (ServerState.java:setLeader(256)) - dfc112cd-6783-4672-858d-cfab3cc4e4cb@group-553A490B449E: change Leader from null to dfc112cd-6783-4672-858d-cfab3cc4e4cb at term 1 for becomeLeader, leader elected after 5094ms
2020-11-11 13:02:32,164 [dfc112cd-6783-4672-858d-cfab3cc4e4cb@group-553A490B449E-LeaderElection17] INFO  server.RaftServerConfigKeys (ConfUtils.java:logGet(44)) - raft.server.staging.catchup.gap = 1000 (default)
2020-11-11 13:02:32,164 [dfc112cd-6783-4672-858d-cfab3cc4e4cb@group-553A490B449E-LeaderElection17] INFO  server.RaftServerConfigKeys (ConfUtils.java:logGet(44)) - raft.server.rpc.sleep.time = 25ms (default)
2020-11-11 13:02:32,164 [dfc112cd-6783-4672-858d-cfab3cc4e4cb@group-553A490B449E-LeaderElection17] INFO  metrics.RatisMetrics (RatisMetrics.java:lambda$create$0(36)) - Creating Metrics Registry : ratis.log_appender.dfc112cd-6783-4672-858d-cfab3cc4e4cb@group-553A490B449E
2020-11-11 13:02:32,165 [dfc112cd-6783-4672-858d-cfab3cc4e4cb@group-553A490B449E-LeaderElection17] INFO  server.RaftServerConfigKeys (ConfUtils.java:logGet(44)) - raft.server.write.element-limit = 1024 (custom)
2020-11-11 13:02:32,165 [dfc112cd-6783-4672-858d-cfab3cc4e4cb@group-553A490B449E-LeaderElection17] INFO  server.RaftServerConfigKeys (ConfUtils.java:logGet(44)) - raft.server.write.byte-limit = 1073741824 (custom)
2020-11-11 13:02:32,165 [dfc112cd-6783-4672-858d-cfab3cc4e4cb@group-553A490B449E-LeaderElection17] INFO  server.RaftServerConfigKeys (ConfUtils.java:logGet(44)) - raft.server.watch.timeout = 180s (custom)
2020-11-11 13:02:32,165 [dfc112cd-6783-4672-858d-cfab3cc4e4cb@group-553A490B449E-LeaderElection17] INFO  server.RaftServerConfigKeys (ConfUtils.java:logGet(44)) - raft.server.watch.timeout.denomination = 1s (default)
2020-11-11 13:02:32,165 [dfc112cd-6783-4672-858d-cfab3cc4e4cb@group-553A490B449E-LeaderElection17] INFO  server.RaftServerConfigKeys (ConfUtils.java:logGet(44)) - raft.server.watch.element-limit = 65536 (default)
2020-11-11 13:02:32,166 [dfc112cd-6783-4672-858d-cfab3cc4e4cb@group-553A490B449E-LeaderElection17] INFO  impl.RoleInfo (RoleInfo.java:updateAndGet(143)) - dfc112cd-6783-4672-858d-cfab3cc4e4cb: start LeaderState
2020-11-11 13:02:32,166 [dfc112cd-6783-4672-858d-cfab3cc4e4cb@group-553A490B449E-LeaderElection17] INFO  segmented.SegmentedRaftLogWorker (SegmentedRaftLogWorker.java:startLogSegment(397)) - dfc112cd-6783-4672-858d-cfab3cc4e4cb@group-553A490B449E-SegmentedRaftLogWorker: Starting segment from index:0
2020-11-11 13:02:32,168 [dfc112cd-6783-4672-858d-cfab3cc4e4cb@group-553A490B449E-SegmentedRaftLogWorker] INFO  segmented.SegmentedRaftLogWorker (SegmentedRaftLogWorker.java:execute(596)) - dfc112cd-6783-4672-858d-cfab3cc4e4cb@group-553A490B449E-SegmentedRaftLogWorker: created new log segment /github/workspace/mnt/ozone/hadoop-ozone/integration-test/target/test-dir/MiniOzoneClusterImpl-360dda8a-aacf-474d-b2be-458d96023f40/datanode-3/data/ratis/70669d07-c9c6-4ee5-a43b-553a490b449e/current/log_inprogress_0
2020-11-11 13:02:32,172 [dfc112cd-6783-4672-858d-cfab3cc4e4cb@group-553A490B449E-LeaderElection17] INFO  impl.RaftServerImpl (ServerState.java:setRaftConf(374)) - dfc112cd-6783-4672-858d-cfab3cc4e4cb@group-553A490B449E: set configuration 0: [dfc112cd-6783-4672-858d-cfab3cc4e4cb:172.17.0.2:37735:0], old=null at 0
2020-11-11 13:02:32,221 [Thread-618] INFO  impl.FollowerState (FollowerState.java:run(108)) - dfc112cd-6783-4672-858d-cfab3cc4e4cb@group-82309C06AD61-FollowerState: change to CANDIDATE, lastRpcTime:5127ms, electionTimeout:5127ms
2020-11-11 13:02:32,222 [Thread-618] INFO  impl.RoleInfo (RoleInfo.java:shutdownFollowerState(121)) - dfc112cd-6783-4672-858d-cfab3cc4e4cb: shutdown FollowerState
2020-11-11 13:02:32,222 [Thread-618] INFO  impl.RaftServerImpl (RaftServerImpl.java:setRole(198)) - dfc112cd-6783-4672-858d-cfab3cc4e4cb@group-82309C06AD61: changes role from  FOLLOWER to CANDIDATE at term 0 for changeToCandidate
2020-11-11 13:02:32,222 [Thread-618] INFO  impl.RoleInfo (RoleInfo.java:updateAndGet(143)) - dfc112cd-6783-4672-858d-cfab3cc4e4cb: start LeaderElection
2020-11-11 13:02:32,226 [dfc112cd-6783-4672-858d-cfab3cc4e4cb@group-82309C06AD61-LeaderElection18] INFO  impl.LeaderElection (LeaderElection.java:askForVotes(210)) - dfc112cd-6783-4672-858d-cfab3cc4e4cb@group-82309C06AD61-LeaderElection18: begin an election at term 1 for -1: [dfc112cd-6783-4672-858d-cfab3cc4e4cb:172.17.0.2:37735:0, 03e737f9-595c-463e-9a53-563bdd016f99:172.17.0.2:45547:0, 352d83a1-5d74-43bd-bd39-d85070547324:172.17.0.2:35799:0], old=null
2020-11-11 13:02:32,239 [grpc-default-executor-0] INFO  impl.RaftServerImpl (RaftServerImpl.java:setRole(198)) - 352d83a1-5d74-43bd-bd39-d85070547324@group-82309C06AD61: changes role from  FOLLOWER to FOLLOWER at term 1 for recognizeCandidate:dfc112cd-6783-4672-858d-cfab3cc4e4cb
2020-11-11 13:02:32,239 [grpc-default-executor-0] INFO  impl.RoleInfo (RoleInfo.java:shutdownFollowerState(121)) - 352d83a1-5d74-43bd-bd39-d85070547324: shutdown FollowerState
2020-11-11 13:02:32,239 [grpc-default-executor-0] INFO  impl.RoleInfo (RoleInfo.java:updateAndGet(143)) - 352d83a1-5d74-43bd-bd39-d85070547324: start FollowerState
2020-11-11 13:02:32,239 [Thread-623] INFO  impl.FollowerState (FollowerState.java:run(117)) - 352d83a1-5d74-43bd-bd39-d85070547324@group-82309C06AD61-FollowerState was interrupted: java.lang.InterruptedException: sleep interrupted
2020-11-11 13:02:32,239 [grpc-default-executor-0] INFO  impl.RaftServerImpl (RaftServerImpl.java:requestVote(923)) -  FOLLOWER 352d83a1-5d74-43bd-bd39-d85070547324@group-82309C06AD61:t1, leader=null, voted=null, raftlog=352d83a1-5d74-43bd-bd39-d85070547324@group-82309C06AD61-SegmentedRaftLog:OPENED:c-1,f-1,i0, conf=-1: [dfc112cd-6783-4672-858d-cfab3cc4e4cb:172.17.0.2:37735:0, 03e737f9-595c-463e-9a53-563bdd016f99:172.17.0.2:45547:0, 352d83a1-5d74-43bd-bd39-d85070547324:172.17.0.2:35799:0], old=null RUNNING priority:0 candidate:dfc112cd-6783-4672-858d-cfab3cc4e4cb:172.17.0.2:37735:0 candidatePriority:0 compare:0
2020-11-11 13:02:32,239 [grpc-default-executor-1] INFO  impl.RaftServerImpl (RaftServerImpl.java:setRole(198)) - 03e737f9-595c-463e-9a53-563bdd016f99@group-82309C06AD61: changes role from  FOLLOWER to FOLLOWER at term 1 for recognizeCandidate:dfc112cd-6783-4672-858d-cfab3cc4e4cb
2020-11-11 13:02:32,240 [grpc-default-executor-1] INFO  impl.RoleInfo (RoleInfo.java:shutdownFollowerState(121)) - 03e737f9-595c-463e-9a53-563bdd016f99: shutdown FollowerState
2020-11-11 13:02:32,240 [grpc-default-executor-1] INFO  impl.RoleInfo (RoleInfo.java:updateAndGet(143)) - 03e737f9-595c-463e-9a53-563bdd016f99: start FollowerState
2020-11-11 13:02:32,240 [Thread-620] INFO  impl.FollowerState (FollowerState.java:run(117)) - 03e737f9-595c-463e-9a53-563bdd016f99@group-82309C06AD61-FollowerState was interrupted: java.lang.InterruptedException: sleep interrupted
2020-11-11 13:02:32,246 [grpc-default-executor-1] INFO  impl.RaftServerImpl (RaftServerImpl.java:requestVote(923)) -  FOLLOWER 03e737f9-595c-463e-9a53-563bdd016f99@group-82309C06AD61:t1, leader=null, voted=null, raftlog=03e737f9-595c-463e-9a53-563bdd016f99@group-82309C06AD61-SegmentedRaftLog:OPENED:c-1,f-1,i0, conf=-1: [dfc112cd-6783-4672-858d-cfab3cc4e4cb:172.17.0.2:37735:0, 03e737f9-595c-463e-9a53-563bdd016f99:172.17.0.2:45547:0, 352d83a1-5d74-43bd-bd39-d85070547324:172.17.0.2:35799:0], old=null RUNNING priority:0 candidate:dfc112cd-6783-4672-858d-cfab3cc4e4cb:172.17.0.2:37735:0 candidatePriority:0 compare:0
2020-11-11 13:02:32,251 [dfc112cd-6783-4672-858d-cfab3cc4e4cb@group-82309C06AD61-LeaderElection18] INFO  impl.LeaderElection (LeaderElection.java:logAndReturn(62)) - dfc112cd-6783-4672-858d-cfab3cc4e4cb@group-82309C06AD61-LeaderElection18: Election PASSED; received 1 response(s) [dfc112cd-6783-4672-858d-cfab3cc4e4cb<-03e737f9-595c-463e-9a53-563bdd016f99#0:OK-t1] and 0 exception(s); dfc112cd-6783-4672-858d-cfab3cc4e4cb@group-82309C06AD61:t1, leader=null, voted=dfc112cd-6783-4672-858d-cfab3cc4e4cb, raftlog=dfc112cd-6783-4672-858d-cfab3cc4e4cb@group-82309C06AD61-SegmentedRaftLog:OPENED:c-1,f-1,i0, conf=-1: [dfc112cd-6783-4672-858d-cfab3cc4e4cb:172.17.0.2:37735:0, 03e737f9-595c-463e-9a53-563bdd016f99:172.17.0.2:45547:0, 352d83a1-5d74-43bd-bd39-d85070547324:172.17.0.2:35799:0], old=null
2020-11-11 13:02:32,251 [dfc112cd-6783-4672-858d-cfab3cc4e4cb@group-82309C06AD61-LeaderElection18] INFO  impl.RoleInfo (RoleInfo.java:shutdownLeaderElection(134)) - dfc112cd-6783-4672-858d-cfab3cc4e4cb: shutdown LeaderElection
2020-11-11 13:02:32,251 [dfc112cd-6783-4672-858d-cfab3cc4e4cb@group-82309C06AD61-LeaderElection18] INFO  impl.RaftServerImpl (RaftServerImpl.java:setRole(198)) - dfc112cd-6783-4672-858d-cfab3cc4e4cb@group-82309C06AD61: changes role from CANDIDATE to LEADER at term 1 for changeToLeader
2020-11-11 13:02:32,251 [dfc112cd-6783-4672-858d-cfab3cc4e4cb@group-82309C06AD61-LeaderElection18] INFO  ratis.XceiverServerRatis (XceiverServerRatis.java:handleLeaderChangedNotification(854)) - Leader change notification received for group: group-82309C06AD61 with new leaderId: dfc112cd-6783-4672-858d-cfab3cc4e4cb
2020-11-11 13:02:32,251 [dfc112cd-6783-4672-858d-cfab3cc4e4cb@group-82309C06AD61-LeaderElection18] INFO  impl.RaftServerImpl (ServerState.java:setLeader(256)) - dfc112cd-6783-4672-858d-cfab3cc4e4cb@group-82309C06AD61: change Leader from null to dfc112cd-6783-4672-858d-cfab3cc4e4cb at term 1 for becomeLeader, leader elected after 5168ms
2020-11-11 13:02:32,252 [dfc112cd-6783-4672-858d-cfab3cc4e4cb@group-82309C06AD61-LeaderElection18] INFO  server.RaftServerConfigKeys (ConfUtils.java:logGet(44)) - raft.server.staging.catchup.gap = 1000 (default)
2020-11-11 13:02:32,252 [dfc112cd-6783-4672-858d-cfab3cc4e4cb@group-82309C06AD61-LeaderElection18] INFO  server.RaftServerConfigKeys (ConfUtils.java:logGet(44)) - raft.server.rpc.sleep.time = 25ms (default)
2020-11-11 13:02:32,252 [dfc112cd-6783-4672-858d-cfab3cc4e4cb@group-82309C06AD61-LeaderElection18] INFO  metrics.RatisMetrics (RatisMetrics.java:lambda$create$0(36)) - Creating Metrics Registry : ratis.log_appender.dfc112cd-6783-4672-858d-cfab3cc4e4cb@group-82309C06AD61
2020-11-11 13:02:32,252 [dfc112cd-6783-4672-858d-cfab3cc4e4cb@group-82309C06AD61-LeaderElection18] INFO  server.RaftServerConfigKeys (ConfUtils.java:logGet(44)) - raft.server.write.element-limit = 1024 (custom)
2020-11-11 13:02:32,252 [dfc112cd-6783-4672-858d-cfab3cc4e4cb@group-82309C06AD61-LeaderElection18] INFO  server.RaftServerConfigKeys (ConfUtils.java:logGet(44)) - raft.server.write.byte-limit = 1073741824 (custom)
2020-11-11 13:02:32,254 [EventQueue-PipelineReportForPipelineReportHandler] INFO  pipeline.PipelineStateManager (PipelineStateManager.java:openPipeline(132)) - Pipeline Pipeline[ Id: 8ae8f7cf-e0cf-4ac8-9d09-82309c06ad61, Nodes: dfc112cd-6783-4672-858d-cfab3cc4e4cb{ip: 172.17.0.2, host: 1fbbdd0f98d0, networkLocation: /default-rack, certSerialId: null}03e737f9-595c-463e-9a53-563bdd016f99{ip: 172.17.0.2, host: 1fbbdd0f98d0, networkLocation: /default-rack, certSerialId: null}352d83a1-5d74-43bd-bd39-d85070547324{ip: 172.17.0.2, host: 1fbbdd0f98d0, networkLocation: /default-rack, certSerialId: null}, Type:RATIS, Factor:THREE, State:ALLOCATED, leaderId:dfc112cd-6783-4672-858d-cfab3cc4e4cb, CreationTimestamp2020-11-11T13:02:24.482Z] moved to OPEN state
2020-11-11 13:02:32,254 [dfc112cd-6783-4672-858d-cfab3cc4e4cb@group-82309C06AD61-LeaderElection18] INFO  server.RaftServerConfigKeys (ConfUtils.java:logGet(44)) - raft.server.watch.timeout = 180s (custom)
2020-11-11 13:02:32,255 [dfc112cd-6783-4672-858d-cfab3cc4e4cb@group-82309C06AD61-LeaderElection18] INFO  server.RaftServerConfigKeys (ConfUtils.java:logGet(44)) - raft.server.watch.timeout.denomination = 1s (default)
2020-11-11 13:02:32,255 [dfc112cd-6783-4672-858d-cfab3cc4e4cb@group-82309C06AD61-LeaderElection18] INFO  server.RaftServerConfigKeys (ConfUtils.java:logGet(44)) - raft.server.watch.element-limit = 65536 (default)
2020-11-11 13:02:32,255 [dfc112cd-6783-4672-858d-cfab3cc4e4cb@group-82309C06AD61-LeaderElection18] INFO  server.RaftServerConfigKeys (ConfUtils.java:logGet(44)) - raft.server.log.appender.snapshot.chunk.size.max = 16MB (=16777216) (default)
2020-11-11 13:02:32,256 [dfc112cd-6783-4672-858d-cfab3cc4e4cb@group-82309C06AD61-LeaderElection18] INFO  server.RaftServerConfigKeys (ConfUtils.java:logGet(44)) - raft.server.log.appender.buffer.byte-limit = 33554432 (custom)
2020-11-11 13:02:32,256 [dfc112cd-6783-4672-858d-cfab3cc4e4cb@group-82309C06AD61-LeaderElection18] INFO  server.RaftServerConfigKeys (ConfUtils.java:logGet(44)) - raft.server.log.appender.buffer.element-limit = 1 (custom)
2020-11-11 13:02:32,256 [dfc112cd-6783-4672-858d-cfab3cc4e4cb@group-82309C06AD61-LeaderElection18] INFO  grpc.GrpcConfigKeys (ConfUtils.java:logGet(44)) - raft.grpc.server.leader.outstanding.appends.max = 128 (default)
2020-11-11 13:02:32,256 [dfc112cd-6783-4672-858d-cfab3cc4e4cb@group-82309C06AD61-LeaderElection18] INFO  server.RaftServerConfigKeys (ConfUtils.java:logGet(44)) - raft.server.rpc.request.timeout = 60s (custom)
2020-11-11 13:02:32,256 [dfc112cd-6783-4672-858d-cfab3cc4e4cb@group-82309C06AD61-LeaderElection18] INFO  server.RaftServerConfigKeys (ConfUtils.java:logGet(44)) - raft.server.log.appender.install.snapshot.enabled = false (custom)
2020-11-11 13:02:32,256 [dfc112cd-6783-4672-858d-cfab3cc4e4cb@group-82309C06AD61-LeaderElection18] INFO  metrics.RatisMetrics (RatisMetrics.java:lambda$create$0(36)) - Creating Metrics Registry : ratis_grpc.log_appender.dfc112cd-6783-4672-858d-cfab3cc4e4cb@group-82309C06AD61
2020-11-11 13:02:32,257 [dfc112cd-6783-4672-858d-cfab3cc4e4cb@group-82309C06AD61-LeaderElection18] INFO  server.RaftServerConfigKeys (ConfUtils.java:logGet(44)) - raft.server.log.appender.snapshot.chunk.size.max = 16MB (=16777216) (default)
2020-11-11 13:02:32,257 [dfc112cd-6783-4672-858d-cfab3cc4e4cb@group-82309C06AD61-LeaderElection18] INFO  server.RaftServerConfigKeys (ConfUtils.java:logGet(44)) - raft.server.log.appender.buffer.byte-limit = 33554432 (custom)
2020-11-11 13:02:32,257 [dfc112cd-6783-4672-858d-cfab3cc4e4cb@group-82309C06AD61-LeaderElection18] INFO  server.RaftServerConfigKeys (ConfUtils.java:logGet(44)) - raft.server.log.appender.buffer.element-limit = 1 (custom)
2020-11-11 13:02:32,257 [dfc112cd-6783-4672-858d-cfab3cc4e4cb@group-82309C06AD61-LeaderElection18] INFO  grpc.GrpcConfigKeys (ConfUtils.java:logGet(44)) - raft.grpc.server.leader.outstanding.appends.max = 128 (default)
2020-11-11 13:02:32,258 [dfc112cd-6783-4672-858d-cfab3cc4e4cb@group-82309C06AD61-LeaderElection18] INFO  server.RaftServerConfigKeys (ConfUtils.java:logGet(44)) - raft.server.rpc.request.timeout = 60s (custom)
2020-11-11 13:02:32,258 [dfc112cd-6783-4672-858d-cfab3cc4e4cb@group-82309C06AD61-LeaderElection18] INFO  server.RaftServerConfigKeys (ConfUtils.java:logGet(44)) - raft.server.log.appender.install.snapshot.enabled = false (custom)
2020-11-11 13:02:32,259 [dfc112cd-6783-4672-858d-cfab3cc4e4cb@group-82309C06AD61-LeaderElection18] INFO  impl.RoleInfo (RoleInfo.java:updateAndGet(143)) - dfc112cd-6783-4672-858d-cfab3cc4e4cb: start LeaderState
2020-11-11 13:02:32,259 [dfc112cd-6783-4672-858d-cfab3cc4e4cb@group-82309C06AD61-LeaderElection18] INFO  segmented.SegmentedRaftLogWorker (SegmentedRaftLogWorker.java:startLogSegment(397)) - dfc112cd-6783-4672-858d-cfab3cc4e4cb@group-82309C06AD61-SegmentedRaftLogWorker: Starting segment from index:0
2020-11-11 13:02:32,260 [dfc112cd-6783-4672-858d-cfab3cc4e4cb@group-82309C06AD61-SegmentedRaftLogWorker] INFO  segmented.SegmentedRaftLogWorker (SegmentedRaftLogWorker.java:execute(596)) - dfc112cd-6783-4672-858d-cfab3cc4e4cb@group-82309C06AD61-SegmentedRaftLogWorker: created new log segment /github/workspace/mnt/ozone/hadoop-ozone/integration-test/target/test-dir/MiniOzoneClusterImpl-360dda8a-aacf-474d-b2be-458d96023f40/datanode-3/data/ratis/8ae8f7cf-e0cf-4ac8-9d09-82309c06ad61/current/log_inprogress_0
2020-11-11 13:02:32,267 [dfc112cd-6783-4672-858d-cfab3cc4e4cb@group-82309C06AD61-LeaderElection18] INFO  impl.RaftServerImpl (ServerState.java:setRaftConf(374)) - dfc112cd-6783-4672-858d-cfab3cc4e4cb@group-82309C06AD61: set configuration 0: [dfc112cd-6783-4672-858d-cfab3cc4e4cb:172.17.0.2:37735:0, 03e737f9-595c-463e-9a53-563bdd016f99:172.17.0.2:45547:0, 352d83a1-5d74-43bd-bd39-d85070547324:172.17.0.2:35799:0], old=null at 0
2020-11-11 13:02:32,283 [grpc-default-executor-0] INFO  ratis.XceiverServerRatis (XceiverServerRatis.java:handleLeaderChangedNotification(854)) - Leader change notification received for group: group-82309C06AD61 with new leaderId: dfc112cd-6783-4672-858d-cfab3cc4e4cb
2020-11-11 13:02:32,283 [grpc-default-executor-0] INFO  impl.RaftServerImpl (ServerState.java:setLeader(256)) - 03e737f9-595c-463e-9a53-563bdd016f99@group-82309C06AD61: change Leader from null to dfc112cd-6783-4672-858d-cfab3cc4e4cb at term 1 for appendEntries, leader elected after 5161ms
2020-11-11 13:02:32,294 [grpc-default-executor-0] INFO  impl.RaftServerImpl (ServerState.java:setRaftConf(374)) - 03e737f9-595c-463e-9a53-563bdd016f99@group-82309C06AD61: set configuration 0: [dfc112cd-6783-4672-858d-cfab3cc4e4cb:172.17.0.2:37735:0, 03e737f9-595c-463e-9a53-563bdd016f99:172.17.0.2:45547:0, 352d83a1-5d74-43bd-bd39-d85070547324:172.17.0.2:35799:0], old=null at 0
2020-11-11 13:02:32,295 [grpc-default-executor-0] INFO  segmented.SegmentedRaftLogWorker (SegmentedRaftLogWorker.java:startLogSegment(397)) - 03e737f9-595c-463e-9a53-563bdd016f99@group-82309C06AD61-SegmentedRaftLogWorker: Starting segment from index:0
2020-11-11 13:02:32,295 [grpc-default-executor-2] INFO  ratis.XceiverServerRatis (XceiverServerRatis.java:handleLeaderChangedNotification(854)) - Leader change notification received for group: group-82309C06AD61 with new leaderId: dfc112cd-6783-4672-858d-cfab3cc4e4cb
2020-11-11 13:02:32,295 [grpc-default-executor-2] INFO  impl.RaftServerImpl (ServerState.java:setLeader(256)) - 352d83a1-5d74-43bd-bd39-d85070547324@group-82309C06AD61: change Leader from null to dfc112cd-6783-4672-858d-cfab3cc4e4cb at term 1 for appendEntries, leader elected after 5139ms
2020-11-11 13:02:32,296 [03e737f9-595c-463e-9a53-563bdd016f99@group-82309C06AD61-SegmentedRaftLogWorker] INFO  segmented.SegmentedRaftLogWorker (SegmentedRaftLogWorker.java:execute(596)) - 03e737f9-595c-463e-9a53-563bdd016f99@group-82309C06AD61-SegmentedRaftLogWorker: created new log segment /github/workspace/mnt/ozone/hadoop-ozone/integration-test/target/test-dir/MiniOzoneClusterImpl-360dda8a-aacf-474d-b2be-458d96023f40/datanode-4/data/ratis/8ae8f7cf-e0cf-4ac8-9d09-82309c06ad61/current/log_inprogress_0
2020-11-11 13:02:32,303 [grpc-default-executor-2] INFO  impl.RaftServerImpl (ServerState.java:setRaftConf(374)) - 352d83a1-5d74-43bd-bd39-d85070547324@group-82309C06AD61: set configuration 0: [dfc112cd-6783-4672-858d-cfab3cc4e4cb:172.17.0.2:37735:0, 03e737f9-595c-463e-9a53-563bdd016f99:172.17.0.2:45547:0, 352d83a1-5d74-43bd-bd39-d85070547324:172.17.0.2:35799:0], old=null at 0
2020-11-11 13:02:32,303 [grpc-default-executor-2] INFO  segmented.SegmentedRaftLogWorker (SegmentedRaftLogWorker.java:startLogSegment(397)) - 352d83a1-5d74-43bd-bd39-d85070547324@group-82309C06AD61-SegmentedRaftLogWorker: Starting segment from index:0
2020-11-11 13:02:32,305 [352d83a1-5d74-43bd-bd39-d85070547324@group-82309C06AD61-SegmentedRaftLogWorker] INFO  segmented.SegmentedRaftLogWorker (SegmentedRaftLogWorker.java:execute(596)) - 352d83a1-5d74-43bd-bd39-d85070547324@group-82309C06AD61-SegmentedRaftLogWorker: created new log segment /github/workspace/mnt/ozone/hadoop-ozone/integration-test/target/test-dir/MiniOzoneClusterImpl-360dda8a-aacf-474d-b2be-458d96023f40/datanode-5/data/ratis/8ae8f7cf-e0cf-4ac8-9d09-82309c06ad61/current/log_inprogress_0
2020-11-11 13:02:32,484 [Thread-626] INFO  impl.FollowerState (FollowerState.java:run(108)) - 03e737f9-595c-463e-9a53-563bdd016f99@group-7E342E325D6C-FollowerState: change to CANDIDATE, lastRpcTime:5178ms, electionTimeout:5177ms
2020-11-11 13:02:32,484 [Thread-626] INFO  impl.RoleInfo (RoleInfo.java:shutdownFollowerState(121)) - 03e737f9-595c-463e-9a53-563bdd016f99: shutdown FollowerState
2020-11-11 13:02:32,485 [Thread-626] INFO  impl.RaftServerImpl (RaftServerImpl.java:setRole(198)) - 03e737f9-595c-463e-9a53-563bdd016f99@group-7E342E325D6C: changes role from  FOLLOWER to CANDIDATE at term 0 for changeToCandidate
2020-11-11 13:02:32,485 [Thread-626] INFO  impl.RoleInfo (RoleInfo.java:updateAndGet(143)) - 03e737f9-595c-463e-9a53-563bdd016f99: start LeaderElection
2020-11-11 13:02:32,488 [03e737f9-595c-463e-9a53-563bdd016f99@group-7E342E325D6C-LeaderElection19] INFO  impl.LeaderElection (LeaderElection.java:askForVotes(210)) - 03e737f9-595c-463e-9a53-563bdd016f99@group-7E342E325D6C-LeaderElection19: begin an election at term 1 for -1: [03e737f9-595c-463e-9a53-563bdd016f99:172.17.0.2:45547:0], old=null
2020-11-11 13:02:32,488 [03e737f9-595c-463e-9a53-563bdd016f99@group-7E342E325D6C-LeaderElection19] INFO  impl.RoleInfo (RoleInfo.java:shutdownLeaderElection(134)) - 03e737f9-595c-463e-9a53-563bdd016f99: shutdown LeaderElection
2020-11-11 13:02:32,488 [03e737f9-595c-463e-9a53-563bdd016f99@group-7E342E325D6C-LeaderElection19] INFO  impl.RaftServerImpl (RaftServerImpl.java:setRole(198)) - 03e737f9-595c-463e-9a53-563bdd016f99@group-7E342E325D6C: changes role from CANDIDATE to LEADER at term 1 for changeToLeader
2020-11-11 13:02:32,488 [03e737f9-595c-463e-9a53-563bdd016f99@group-7E342E325D6C-LeaderElection19] INFO  ratis.XceiverServerRatis (XceiverServerRatis.java:handleLeaderChangedNotification(854)) - Leader change notification received for group: group-7E342E325D6C with new leaderId: 03e737f9-595c-463e-9a53-563bdd016f99
2020-11-11 13:02:32,489 [03e737f9-595c-463e-9a53-563bdd016f99@group-7E342E325D6C-LeaderElection19] INFO  impl.RaftServerImpl (ServerState.java:setLeader(256)) - 03e737f9-595c-463e-9a53-563bdd016f99@group-7E342E325D6C: change Leader from null to 03e737f9-595c-463e-9a53-563bdd016f99 at term 1 for becomeLeader, leader elected after 5189ms
2020-11-11 13:02:32,490 [03e737f9-595c-463e-9a53-563bdd016f99@group-7E342E325D6C-LeaderElection19] INFO  server.RaftServerConfigKeys (ConfUtils.java:logGet(44)) - raft.server.staging.catchup.gap = 1000 (default)
2020-11-11 13:02:32,491 [03e737f9-595c-463e-9a53-563bdd016f99@group-7E342E325D6C-LeaderElection19] INFO  server.RaftServerConfigKeys (ConfUtils.java:logGet(44)) - raft.server.rpc.sleep.time = 25ms (default)
2020-11-11 13:02:32,491 [03e737f9-595c-463e-9a53-563bdd016f99@group-7E342E325D6C-LeaderElection19] INFO  metrics.RatisMetrics (RatisMetrics.java:lambda$create$0(36)) - Creating Metrics Registry : ratis.log_appender.03e737f9-595c-463e-9a53-563bdd016f99@group-7E342E325D6C
2020-11-11 13:02:32,491 [03e737f9-595c-463e-9a53-563bdd016f99@group-7E342E325D6C-LeaderElection19] INFO  server.RaftServerConfigKeys (ConfUtils.java:logGet(44)) - raft.server.write.element-limit = 1024 (custom)
2020-11-11 13:02:32,491 [03e737f9-595c-463e-9a53-563bdd016f99@group-7E342E325D6C-LeaderElection19] INFO  server.RaftServerConfigKeys (ConfUtils.java:logGet(44)) - raft.server.write.byte-limit = 1073741824 (custom)
2020-11-11 13:02:32,492 [03e737f9-595c-463e-9a53-563bdd016f99@group-7E342E325D6C-LeaderElection19] INFO  server.RaftServerConfigKeys (ConfUtils.java:logGet(44)) - raft.server.watch.timeout = 180s (custom)
2020-11-11 13:02:32,492 [03e737f9-595c-463e-9a53-563bdd016f99@group-7E342E325D6C-LeaderElection19] INFO  server.RaftServerConfigKeys (ConfUtils.java:logGet(44)) - raft.server.watch.timeout.denomination = 1s (default)
2020-11-11 13:02:32,492 [03e737f9-595c-463e-9a53-563bdd016f99@group-7E342E325D6C-LeaderElection19] INFO  server.RaftServerConfigKeys (ConfUtils.java:logGet(44)) - raft.server.watch.element-limit = 65536 (default)
2020-11-11 13:02:32,492 [03e737f9-595c-463e-9a53-563bdd016f99@group-7E342E325D6C-LeaderElection19] INFO  impl.RoleInfo (RoleInfo.java:updateAndGet(143)) - 03e737f9-595c-463e-9a53-563bdd016f99: start LeaderState
2020-11-11 13:02:32,492 [03e737f9-595c-463e-9a53-563bdd016f99@group-7E342E325D6C-LeaderElection19] INFO  segmented.SegmentedRaftLogWorker (SegmentedRaftLogWorker.java:startLogSegment(397)) - 03e737f9-595c-463e-9a53-563bdd016f99@group-7E342E325D6C-SegmentedRaftLogWorker: Starting segment from index:0
2020-11-11 13:02:32,493 [03e737f9-595c-463e-9a53-563bdd016f99@group-7E342E325D6C-LeaderElection19] INFO  impl.RaftServerImpl (ServerState.java:setRaftConf(374)) - 03e737f9-595c-463e-9a53-563bdd016f99@group-7E342E325D6C: set configuration 0: [03e737f9-595c-463e-9a53-563bdd016f99:172.17.0.2:45547:0], old=null at 0
2020-11-11 13:02:32,494 [03e737f9-595c-463e-9a53-563bdd016f99@group-7E342E325D6C-SegmentedRaftLogWorker] INFO  segmented.SegmentedRaftLogWorker (SegmentedRaftLogWorker.java:execute(596)) - 03e737f9-595c-463e-9a53-563bdd016f99@group-7E342E325D6C-SegmentedRaftLogWorker: created new log segment /github/workspace/mnt/ozone/hadoop-ozone/integration-test/target/test-dir/MiniOzoneClusterImpl-360dda8a-aacf-474d-b2be-458d96023f40/datanode-4/data/ratis/3b3158a6-1bf4-46e1-9a9f-7e342e325d6c/current/log_inprogress_0
2020-11-11 13:02:32,584 [Thread-628] INFO  impl.FollowerState (FollowerState.java:run(108)) - 352d83a1-5d74-43bd-bd39-d85070547324@group-7E8547F36A9E-FollowerState: change to CANDIDATE, lastRpcTime:5094ms, electionTimeout:5093ms
2020-11-11 13:02:32,585 [Thread-628] INFO  impl.RoleInfo (RoleInfo.java:shutdownFollowerState(121)) - 352d83a1-5d74-43bd-bd39-d85070547324: shutdown FollowerState
2020-11-11 13:02:32,585 [Thread-628] INFO  impl.RaftServerImpl (RaftServerImpl.java:setRole(198)) - 352d83a1-5d74-43bd-bd39-d85070547324@group-7E8547F36A9E: changes role from  FOLLOWER to CANDIDATE at term 0 for changeToCandidate
2020-11-11 13:02:32,585 [Thread-628] INFO  impl.RoleInfo (RoleInfo.java:updateAndGet(143)) - 352d83a1-5d74-43bd-bd39-d85070547324: start LeaderElection
2020-11-11 13:02:32,588 [352d83a1-5d74-43bd-bd39-d85070547324@group-7E8547F36A9E-LeaderElection20] INFO  impl.LeaderElection (LeaderElection.java:askForVotes(210)) - 352d83a1-5d74-43bd-bd39-d85070547324@group-7E8547F36A9E-LeaderElection20: begin an election at term 1 for -1: [352d83a1-5d74-43bd-bd39-d85070547324:172.17.0.2:35799:0], old=null
2020-11-11 13:02:32,588 [352d83a1-5d74-43bd-bd39-d85070547324@group-7E8547F36A9E-LeaderElection20] INFO  impl.RoleInfo (RoleInfo.java:shutdownLeaderElection(134)) - 352d83a1-5d74-43bd-bd39-d85070547324: shutdown LeaderElection
2020-11-11 13:02:32,588 [352d83a1-5d74-43bd-bd39-d85070547324@group-7E8547F36A9E-LeaderElection20] INFO  impl.RaftServerImpl (RaftServerImpl.java:setRole(198)) - 352d83a1-5d74-43bd-bd39-d85070547324@group-7E8547F36A9E: changes role from CANDIDATE to LEADER at term 1 for changeToLeader
2020-11-11 13:02:32,588 [352d83a1-5d74-43bd-bd39-d85070547324@group-7E8547F36A9E-LeaderElection20] INFO  ratis.XceiverServerRatis (XceiverServerRatis.java:handleLeaderChangedNotification(854)) - Leader change notification received for group: group-7E8547F36A9E with new leaderId: 352d83a1-5d74-43bd-bd39-d85070547324
2020-11-11 13:02:32,588 [352d83a1-5d74-43bd-bd39-d85070547324@group-7E8547F36A9E-LeaderElection20] INFO  impl.RaftServerImpl (ServerState.java:setLeader(256)) - 352d83a1-5d74-43bd-bd39-d85070547324@group-7E8547F36A9E: change Leader from null to 352d83a1-5d74-43bd-bd39-d85070547324 at term 1 for becomeLeader, leader elected after 5104ms
2020-11-11 13:02:32,590 [352d83a1-5d74-43bd-bd39-d85070547324@group-7E8547F36A9E-LeaderElection20] INFO  server.RaftServerConfigKeys (ConfUtils.java:logGet(44)) - raft.server.staging.catchup.gap = 1000 (default)
2020-11-11 13:02:32,590 [352d83a1-5d74-43bd-bd39-d85070547324@group-7E8547F36A9E-LeaderElection20] INFO  server.RaftServerConfigKeys (ConfUtils.java:logGet(44)) - raft.server.rpc.sleep.time = 25ms (default)
2020-11-11 13:02:32,590 [352d83a1-5d74-43bd-bd39-d85070547324@group-7E8547F36A9E-LeaderElection20] INFO  metrics.RatisMetrics (RatisMetrics.java:lambda$create$0(36)) - Creating Metrics Registry : ratis.log_appender.352d83a1-5d74-43bd-bd39-d85070547324@group-7E8547F36A9E
2020-11-11 13:02:32,591 [352d83a1-5d74-43bd-bd39-d85070547324@group-7E8547F36A9E-LeaderElection20] INFO  server.RaftServerConfigKeys (ConfUtils.java:logGet(44)) - raft.server.write.element-limit = 1024 (custom)
2020-11-11 13:02:32,591 [352d83a1-5d74-43bd-bd39-d85070547324@group-7E8547F36A9E-LeaderElection20] INFO  server.RaftServerConfigKeys (ConfUtils.java:logGet(44)) - raft.server.write.byte-limit = 1073741824 (custom)
2020-11-11 13:02:32,591 [352d83a1-5d74-43bd-bd39-d85070547324@group-7E8547F36A9E-LeaderElection20] INFO  server.RaftServerConfigKeys (ConfUtils.java:logGet(44)) - raft.server.watch.timeout = 180s (custom)
2020-11-11 13:02:32,591 [352d83a1-5d74-43bd-bd39-d85070547324@group-7E8547F36A9E-LeaderElection20] INFO  server.RaftServerConfigKeys (ConfUtils.java:logGet(44)) - raft.server.watch.timeout.denomination = 1s (default)
2020-11-11 13:02:32,592 [352d83a1-5d74-43bd-bd39-d85070547324@group-7E8547F36A9E-LeaderElection20] INFO  server.RaftServerConfigKeys (ConfUtils.java:logGet(44)) - raft.server.watch.element-limit = 65536 (default)
2020-11-11 13:02:32,592 [352d83a1-5d74-43bd-bd39-d85070547324@group-7E8547F36A9E-LeaderElection20] INFO  impl.RoleInfo (RoleInfo.java:updateAndGet(143)) - 352d83a1-5d74-43bd-bd39-d85070547324: start LeaderState
2020-11-11 13:02:32,592 [352d83a1-5d74-43bd-bd39-d85070547324@group-7E8547F36A9E-LeaderElection20] INFO  segmented.SegmentedRaftLogWorker (SegmentedRaftLogWorker.java:startLogSegment(397)) - 352d83a1-5d74-43bd-bd39-d85070547324@group-7E8547F36A9E-SegmentedRaftLogWorker: Starting segment from index:0
2020-11-11 13:02:32,593 [352d83a1-5d74-43bd-bd39-d85070547324@group-7E8547F36A9E-LeaderElection20] INFO  impl.RaftServerImpl (ServerState.java:setRaftConf(374)) - 352d83a1-5d74-43bd-bd39-d85070547324@group-7E8547F36A9E: set configuration 0: [352d83a1-5d74-43bd-bd39-d85070547324:172.17.0.2:35799:0], old=null at 0
2020-11-11 13:02:32,594 [352d83a1-5d74-43bd-bd39-d85070547324@group-7E8547F36A9E-SegmentedRaftLogWorker] INFO  segmented.SegmentedRaftLogWorker (SegmentedRaftLogWorker.java:execute(596)) - 352d83a1-5d74-43bd-bd39-d85070547324@group-7E8547F36A9E-SegmentedRaftLogWorker: created new log segment /github/workspace/mnt/ozone/hadoop-ozone/integration-test/target/test-dir/MiniOzoneClusterImpl-360dda8a-aacf-474d-b2be-458d96023f40/datanode-5/data/ratis/1eaf1fd2-3a16-48cf-8e34-7e8547f36a9e/current/log_inprogress_0
2020-11-11 13:02:32,826 [Thread-630] INFO  impl.FollowerState (FollowerState.java:run(108)) - e61205f8-1646-4505-81d5-b53d4d94fb3b@group-399A99A9F468-FollowerState: change to CANDIDATE, lastRpcTime:5141ms, electionTimeout:5141ms
2020-11-11 13:02:32,827 [Thread-630] INFO  impl.RoleInfo (RoleInfo.java:shutdownFollowerState(121)) - e61205f8-1646-4505-81d5-b53d4d94fb3b: shutdown FollowerState
2020-11-11 13:02:32,827 [Thread-630] INFO  impl.RaftServerImpl (RaftServerImpl.java:setRole(198)) - e61205f8-1646-4505-81d5-b53d4d94fb3b@group-399A99A9F468: changes role from  FOLLOWER to CANDIDATE at term 0 for changeToCandidate
2020-11-11 13:02:32,827 [Thread-630] INFO  impl.RoleInfo (RoleInfo.java:updateAndGet(143)) - e61205f8-1646-4505-81d5-b53d4d94fb3b: start LeaderElection
2020-11-11 13:02:32,831 [e61205f8-1646-4505-81d5-b53d4d94fb3b@group-399A99A9F468-LeaderElection21] INFO  impl.LeaderElection (LeaderElection.java:askForVotes(210)) - e61205f8-1646-4505-81d5-b53d4d94fb3b@group-399A99A9F468-LeaderElection21: begin an election at term 1 for -1: [e61205f8-1646-4505-81d5-b53d4d94fb3b:172.17.0.2:33405:0], old=null
2020-11-11 13:02:32,831 [e61205f8-1646-4505-81d5-b53d4d94fb3b@group-399A99A9F468-LeaderElection21] INFO  impl.RoleInfo (RoleInfo.java:shutdownLeaderElection(134)) - e61205f8-1646-4505-81d5-b53d4d94fb3b: shutdown LeaderElection
2020-11-11 13:02:32,831 [e61205f8-1646-4505-81d5-b53d4d94fb3b@group-399A99A9F468-LeaderElection21] INFO  impl.RaftServerImpl (RaftServerImpl.java:setRole(198)) - e61205f8-1646-4505-81d5-b53d4d94fb3b@group-399A99A9F468: changes role from CANDIDATE to LEADER at term 1 for changeToLeader
2020-11-11 13:02:32,831 [e61205f8-1646-4505-81d5-b53d4d94fb3b@group-399A99A9F468-LeaderElection21] INFO  ratis.XceiverServerRatis (XceiverServerRatis.java:handleLeaderChangedNotification(854)) - Leader change notification received for group: group-399A99A9F468 with new leaderId: e61205f8-1646-4505-81d5-b53d4d94fb3b
2020-11-11 13:02:32,831 [e61205f8-1646-4505-81d5-b53d4d94fb3b@group-399A99A9F468-LeaderElection21] INFO  impl.RaftServerImpl (ServerState.java:setLeader(256)) - e61205f8-1646-4505-81d5-b53d4d94fb3b@group-399A99A9F468: change Leader from null to e61205f8-1646-4505-81d5-b53d4d94fb3b at term 1 for becomeLeader, leader elected after 5152ms
2020-11-11 13:02:32,832 [e61205f8-1646-4505-81d5-b53d4d94fb3b@group-399A99A9F468-LeaderElection21] INFO  server.RaftServerConfigKeys (ConfUtils.java:logGet(44)) - raft.server.staging.catchup.gap = 1000 (default)
2020-11-11 13:02:32,832 [e61205f8-1646-4505-81d5-b53d4d94fb3b@group-399A99A9F468-LeaderElection21] INFO  server.RaftServerConfigKeys (ConfUtils.java:logGet(44)) - raft.server.rpc.sleep.time = 25ms (default)
2020-11-11 13:02:32,833 [e61205f8-1646-4505-81d5-b53d4d94fb3b@group-399A99A9F468-LeaderElection21] INFO  metrics.RatisMetrics (RatisMetrics.java:lambda$create$0(36)) - Creating Metrics Registry : ratis.log_appender.e61205f8-1646-4505-81d5-b53d4d94fb3b@group-399A99A9F468
2020-11-11 13:02:32,833 [e61205f8-1646-4505-81d5-b53d4d94fb3b@group-399A99A9F468-LeaderElection21] INFO  server.RaftServerConfigKeys (ConfUtils.java:logGet(44)) - raft.server.write.element-limit = 1024 (custom)
2020-11-11 13:02:32,833 [e61205f8-1646-4505-81d5-b53d4d94fb3b@group-399A99A9F468-LeaderElection21] INFO  server.RaftServerConfigKeys (ConfUtils.java:logGet(44)) - raft.server.write.byte-limit = 1073741824 (custom)
2020-11-11 13:02:32,834 [e61205f8-1646-4505-81d5-b53d4d94fb3b@group-399A99A9F468-LeaderElection21] INFO  server.RaftServerConfigKeys (ConfUtils.java:logGet(44)) - raft.server.watch.timeout = 180s (custom)
2020-11-11 13:02:32,834 [e61205f8-1646-4505-81d5-b53d4d94fb3b@group-399A99A9F468-LeaderElection21] INFO  server.RaftServerConfigKeys (ConfUtils.java:logGet(44)) - raft.server.watch.timeout.denomination = 1s (default)
2020-11-11 13:02:32,834 [e61205f8-1646-4505-81d5-b53d4d94fb3b@group-399A99A9F468-LeaderElection21] INFO  server.RaftServerConfigKeys (ConfUtils.java:logGet(44)) - raft.server.watch.element-limit = 65536 (default)
2020-11-11 13:02:32,834 [e61205f8-1646-4505-81d5-b53d4d94fb3b@group-399A99A9F468-LeaderElection21] INFO  impl.RoleInfo (RoleInfo.java:updateAndGet(143)) - e61205f8-1646-4505-81d5-b53d4d94fb3b: start LeaderState
2020-11-11 13:02:32,834 [e61205f8-1646-4505-81d5-b53d4d94fb3b@group-399A99A9F468-LeaderElection21] INFO  segmented.SegmentedRaftLogWorker (SegmentedRaftLogWorker.java:startLogSegment(397)) - e61205f8-1646-4505-81d5-b53d4d94fb3b@group-399A99A9F468-SegmentedRaftLogWorker: Starting segment from index:0
2020-11-11 13:02:32,835 [e61205f8-1646-4505-81d5-b53d4d94fb3b@group-399A99A9F468-LeaderElection21] INFO  impl.RaftServerImpl (ServerState.java:setRaftConf(374)) - e61205f8-1646-4505-81d5-b53d4d94fb3b@group-399A99A9F468: set configuration 0: [e61205f8-1646-4505-81d5-b53d4d94fb3b:172.17.0.2:33405:0], old=null at 0
2020-11-11 13:02:32,836 [e61205f8-1646-4505-81d5-b53d4d94fb3b@group-399A99A9F468-SegmentedRaftLogWorker] INFO  segmented.SegmentedRaftLogWorker (SegmentedRaftLogWorker.java:execute(596)) - e61205f8-1646-4505-81d5-b53d4d94fb3b@group-399A99A9F468-SegmentedRaftLogWorker: created new log segment /github/workspace/mnt/ozone/hadoop-ozone/integration-test/target/test-dir/MiniOzoneClusterImpl-360dda8a-aacf-474d-b2be-458d96023f40/datanode-6/data/ratis/564d4314-572d-4037-9efb-399a99a9f468/current/log_inprogress_0
2020-11-11 13:02:34,584 [EventQueue-Delayed safe mode statusForReplicationManager] INFO  container.ReplicationManager (ReplicationManager.java:start(178)) - Starting Replication Monitor Thread.
2020-11-11 13:02:34,587 [ReplicationMonitor] INFO  container.ReplicationManager (ReplicationManager.java:run(242)) - Replication Monitor Thread took 1 milliseconds for processing 3 containers.
2020-11-11 13:02:41,443 [Listener at 127.0.0.1/39313] INFO  metrics.RatisMetrics (RatisMetrics.java:lambda$create$0(36)) - Creating Metrics Registry : ratis.client_message_metrics.client-821C6FCE2936->03e737f9-595c-463e-9a53-563bdd016f99
2020-11-11 13:02:41,490 [Listener at 127.0.0.1/39313] INFO  metrics.RatisMetrics (RatisMetrics.java:lambda$create$0(36)) - Creating Metrics Registry : ratis.client_message_metrics.client-770E741A37E8->f941e2d8-b1d9-4857-a015-dcc954962098
2020-11-11 13:02:41,535 [EventQueue-CloseContainerForCloseContainerEventHandler] INFO  container.CloseContainerEventHandler (CloseContainerEventHandler.java:onMessage(61)) - Close container Event triggered for container : #1
2020-11-11 13:02:41,535 [EventQueue-CloseContainerForCloseContainerEventHandler] INFO  container.CloseContainerEventHandler (CloseContainerEventHandler.java:onMessage(61)) - Close container Event triggered for container : #2
2020-11-11 13:02:41,536 [EventQueue-CloseContainerForCloseContainerEventHandler] INFO  container.CloseContainerEventHandler (CloseContainerEventHandler.java:onMessage(61)) - Close container Event triggered for container : #3
2020-11-11 13:02:43,451 [RatisApplyTransactionExecutor 1] INFO  keyvalue.KeyValueContainer (KeyValueContainer.java:flushAndSyncDB(388)) - Container 1 is synced with bcsId 13.
2020-11-11 13:02:43,451 [RatisApplyTransactionExecutor 1] INFO  keyvalue.KeyValueContainer (KeyValueContainer.java:flushAndSyncDB(388)) - Container 1 is synced with bcsId 13.
2020-11-11 13:02:43,453 [RatisApplyTransactionExecutor 1] INFO  keyvalue.KeyValueContainer (KeyValueContainer.java:close(326)) - Container 1 is closed with bcsId 13.
2020-11-11 13:02:43,454 [EventQueue-IncrementalContainerReportForIncrementalContainerReportHandler] INFO  container.IncrementalContainerReportHandler (AbstractContainerReportHandler.java:updateContainerState(215)) - Moving container #1 to CLOSED state, datanode f941e2d8-b1d9-4857-a015-dcc954962098{ip: 172.17.0.2, host: 1fbbdd0f98d0, networkLocation: /default-rack, certSerialId: null} reported CLOSED replica.
2020-11-11 13:02:43,457 [RatisApplyTransactionExecutor 2] INFO  keyvalue.KeyValueContainer (KeyValueContainer.java:flushAndSyncDB(388)) - Container 2 is synced with bcsId 0.
2020-11-11 13:02:43,457 [RatisApplyTransactionExecutor 2] INFO  keyvalue.KeyValueContainer (KeyValueContainer.java:flushAndSyncDB(388)) - Container 2 is synced with bcsId 0.
2020-11-11 13:02:43,459 [RatisApplyTransactionExecutor 2] INFO  keyvalue.KeyValueContainer (KeyValueContainer.java:close(326)) - Container 2 is closed with bcsId 0.
2020-11-11 13:02:43,460 [EventQueue-IncrementalContainerReportForIncrementalContainerReportHandler] INFO  container.IncrementalContainerReportHandler (AbstractContainerReportHandler.java:updateContainerState(215)) - Moving container #2 to CLOSED state, datanode f941e2d8-b1d9-4857-a015-dcc954962098{ip: 172.17.0.2, host: 1fbbdd0f98d0, networkLocation: /default-rack, certSerialId: null} reported CLOSED replica.
2020-11-11 13:02:43,487 [RatisApplyTransactionExecutor 3] INFO  keyvalue.KeyValueContainer (KeyValueContainer.java:flushAndSyncDB(388)) - Container 3 is synced with bcsId 0.
2020-11-11 13:02:43,487 [RatisApplyTransactionExecutor 3] INFO  keyvalue.KeyValueContainer (KeyValueContainer.java:flushAndSyncDB(388)) - Container 3 is synced with bcsId 0.
2020-11-11 13:02:43,489 [RatisApplyTransactionExecutor 3] INFO  keyvalue.KeyValueContainer (KeyValueContainer.java:close(326)) - Container 3 is closed with bcsId 0.
2020-11-11 13:02:43,490 [EventQueue-IncrementalContainerReportForIncrementalContainerReportHandler] INFO  container.IncrementalContainerReportHandler (AbstractContainerReportHandler.java:updateContainerState(215)) - Moving container #3 to CLOSED state, datanode 03e737f9-595c-463e-9a53-563bdd016f99{ip: 172.17.0.2, host: 1fbbdd0f98d0, networkLocation: /default-rack, certSerialId: null} reported CLOSED replica.
13:02:43.539 [grpc-default-executor-0] ERROR DNAudit - user=null | ip=null | op=WRITE_CHUNK {blockData=conID: 1 locID: 105191817327869955 bcsId: 13} | ret=FAILURE
org.apache.hadoop.hdds.scm.container.common.helpers.ContainerNotOpenException: Container 1 in CLOSED state
	at org.apache.hadoop.ozone.container.common.impl.HddsDispatcher.validateContainerCommand(HddsDispatcher.java:484) ~[hadoop-hdds-container-service-1.1.0-SNAPSHOT.jar:?]
	at org.apache.hadoop.ozone.container.common.transport.server.ratis.ContainerStateMachine.startTransaction(ContainerStateMachine.java:319) ~[hadoop-hdds-container-service-1.1.0-SNAPSHOT.jar:?]
	at org.apache.ratis.server.impl.RaftServerImpl.submitClientRequestAsync(RaftServerImpl.java:684) ~[ratis-server-1.1.0-11689cd-SNAPSHOT.jar:1.1.0-11689cd-SNAPSHOT]
	at org.apache.ratis.server.impl.RaftServerProxy.lambda$submitClientRequestAsync$7(RaftServerProxy.java:341) ~[ratis-server-1.1.0-11689cd-SNAPSHOT.jar:1.1.0-11689cd-SNAPSHOT]
	at org.apache.ratis.server.impl.RaftServerProxy.lambda$null$5(RaftServerProxy.java:336) ~[ratis-server-1.1.0-11689cd-SNAPSHOT.jar:1.1.0-11689cd-SNAPSHOT]
	at org.apache.ratis.util.JavaUtils.callAsUnchecked(JavaUtils.java:109) ~[ratis-common-1.1.0-11689cd-SNAPSHOT.jar:1.1.0-11689cd-SNAPSHOT]
	at org.apache.ratis.server.impl.RaftServerProxy.lambda$submitRequest$6(RaftServerProxy.java:336) ~[ratis-server-1.1.0-11689cd-SNAPSHOT.jar:1.1.0-11689cd-SNAPSHOT]
	at java.util.concurrent.CompletableFuture.uniComposeStage(CompletableFuture.java:995) ~[?:1.8.0_232]
	at java.util.concurrent.CompletableFuture.thenCompose(CompletableFuture.java:2137) ~[?:1.8.0_232]
	at org.apache.ratis.server.impl.RaftServerProxy.submitRequest(RaftServerProxy.java:335) ~[ratis-server-1.1.0-11689cd-SNAPSHOT.jar:1.1.0-11689cd-SNAPSHOT]
	at org.apache.ratis.server.impl.RaftServerProxy.submitClientRequestAsync(RaftServerProxy.java:341) ~[ratis-server-1.1.0-11689cd-SNAPSHOT.jar:1.1.0-11689cd-SNAPSHOT]
	at org.apache.ratis.grpc.client.GrpcClientProtocolService$RequestStreamObserver.processClientRequest(GrpcClientProtocolService.java:228) ~[ratis-grpc-1.1.0-11689cd-SNAPSHOT.jar:1.1.0-11689cd-SNAPSHOT]
	at org.apache.ratis.grpc.client.GrpcClientProtocolService$OrderedRequestStreamObserver.processClientRequest(GrpcClientProtocolService.java:334) ~[ratis-grpc-1.1.0-11689cd-SNAPSHOT.jar:1.1.0-11689cd-SNAPSHOT]
	at org.apache.ratis.util.SlidingWindow$Server.processRequestsFromHead(SlidingWindow.java:429) [ratis-common-1.1.0-11689cd-SNAPSHOT.jar:1.1.0-11689cd-SNAPSHOT]
	at org.apache.ratis.util.SlidingWindow$Server.receivedRequest(SlidingWindow.java:421) [ratis-common-1.1.0-11689cd-SNAPSHOT.jar:1.1.0-11689cd-SNAPSHOT]
	at org.apache.ratis.grpc.client.GrpcClientProtocolService$OrderedRequestStreamObserver.processClientRequest(GrpcClientProtocolService.java:358) [ratis-grpc-1.1.0-11689cd-SNAPSHOT.jar:1.1.0-11689cd-SNAPSHOT]
	at org.apache.ratis.grpc.client.GrpcClientProtocolService$RequestStreamObserver.onNext(GrpcClientProtocolService.java:248) [ratis-grpc-1.1.0-11689cd-SNAPSHOT.jar:1.1.0-11689cd-SNAPSHOT]
	at org.apache.ratis.grpc.client.GrpcClientProtocolService$RequestStreamObserver.onNext(GrpcClientProtocolService.java:171) [ratis-grpc-1.1.0-11689cd-SNAPSHOT.jar:1.1.0-11689cd-SNAPSHOT]
	at org.apache.ratis.thirdparty.io.grpc.stub.ServerCalls$StreamingServerCallHandler$StreamingServerCallListener.onMessage(ServerCalls.java:251) [ratis-thirdparty-misc-0.6.0-SNAPSHOT.jar:0.6.0-SNAPSHOT]
	at org.apache.ratis.thirdparty.io.grpc.ForwardingServerCallListener.onMessage(ForwardingServerCallListener.java:33) [ratis-thirdparty-misc-0.6.0-SNAPSHOT.jar:0.6.0-SNAPSHOT]
	at org.apache.ratis.thirdparty.io.grpc.internal.ServerCallImpl$ServerStreamListenerImpl.messagesAvailableInternal(ServerCallImpl.java:309) [ratis-thirdparty-misc-0.6.0-SNAPSHOT.jar:0.6.0-SNAPSHOT]
	at org.apache.ratis.thirdparty.io.grpc.internal.ServerCallImpl$ServerStreamListenerImpl.messagesAvailable(ServerCallImpl.java:292) [ratis-thirdparty-misc-0.6.0-SNAPSHOT.jar:0.6.0-SNAPSHOT]
	at org.apache.ratis.thirdparty.io.grpc.internal.ServerImpl$JumpToApplicationThreadServerStreamListener$1MessagesAvailable.runInContext(ServerImpl.java:783) [ratis-thirdparty-misc-0.6.0-SNAPSHOT.jar:0.6.0-SNAPSHOT]
	at org.apache.ratis.thirdparty.io.grpc.internal.ContextRunnable.run(ContextRunnable.java:37) [ratis-thirdparty-misc-0.6.0-SNAPSHOT.jar:0.6.0-SNAPSHOT]
	at org.apache.ratis.thirdparty.io.grpc.internal.SerializingExecutor.run(SerializingExecutor.java:123) [ratis-thirdparty-misc-0.6.0-SNAPSHOT.jar:0.6.0-SNAPSHOT]
	at java.util.concurrent.ThreadPoolExecutor.runWorker(ThreadPoolExecutor.java:1149) [?:1.8.0_232]
	at java.util.concurrent.ThreadPoolExecutor$Worker.run(ThreadPoolExecutor.java:624) [?:1.8.0_232]
	at java.lang.Thread.run(Thread.java:748) [?:1.8.0_232]
13:02:43.552 [grpc-default-executor-0] ERROR DNAudit - user=null | ip=null | op=WRITE_CHUNK {blockData=conID: 1 locID: 105191817327869955 bcsId: 13} | ret=FAILURE
org.apache.hadoop.hdds.scm.container.common.helpers.ContainerNotOpenException: Container 1 in CLOSED state
	at org.apache.hadoop.ozone.container.common.impl.HddsDispatcher.validateContainerCommand(HddsDispatcher.java:484) ~[hadoop-hdds-container-service-1.1.0-SNAPSHOT.jar:?]
	at org.apache.hadoop.ozone.container.common.transport.server.ratis.ContainerStateMachine.startTransaction(ContainerStateMachine.java:319) ~[hadoop-hdds-container-service-1.1.0-SNAPSHOT.jar:?]
	at org.apache.ratis.server.impl.RaftServerImpl.submitClientRequestAsync(RaftServerImpl.java:684) ~[ratis-server-1.1.0-11689cd-SNAPSHOT.jar:1.1.0-11689cd-SNAPSHOT]
	at org.apache.ratis.server.impl.RaftServerProxy.lambda$submitClientRequestAsync$7(RaftServerProxy.java:341) ~[ratis-server-1.1.0-11689cd-SNAPSHOT.jar:1.1.0-11689cd-SNAPSHOT]
	at org.apache.ratis.server.impl.RaftServerProxy.lambda$null$5(RaftServerProxy.java:336) ~[ratis-server-1.1.0-11689cd-SNAPSHOT.jar:1.1.0-11689cd-SNAPSHOT]
	at org.apache.ratis.util.JavaUtils.callAsUnchecked(JavaUtils.java:109) ~[ratis-common-1.1.0-11689cd-SNAPSHOT.jar:1.1.0-11689cd-SNAPSHOT]
	at org.apache.ratis.server.impl.RaftServerProxy.lambda$submitRequest$6(RaftServerProxy.java:336) ~[ratis-server-1.1.0-11689cd-SNAPSHOT.jar:1.1.0-11689cd-SNAPSHOT]
	at java.util.concurrent.CompletableFuture.uniComposeStage(CompletableFuture.java:995) ~[?:1.8.0_232]
	at java.util.concurrent.CompletableFuture.thenCompose(CompletableFuture.java:2137) ~[?:1.8.0_232]
	at org.apache.ratis.server.impl.RaftServerProxy.submitRequest(RaftServerProxy.java:335) ~[ratis-server-1.1.0-11689cd-SNAPSHOT.jar:1.1.0-11689cd-SNAPSHOT]
	at org.apache.ratis.server.impl.RaftServerProxy.submitClientRequestAsync(RaftServerProxy.java:341) ~[ratis-server-1.1.0-11689cd-SNAPSHOT.jar:1.1.0-11689cd-SNAPSHOT]
	at org.apache.ratis.grpc.client.GrpcClientProtocolService$RequestStreamObserver.processClientRequest(GrpcClientProtocolService.java:228) ~[ratis-grpc-1.1.0-11689cd-SNAPSHOT.jar:1.1.0-11689cd-SNAPSHOT]
	at org.apache.ratis.grpc.client.GrpcClientProtocolService$OrderedRequestStreamObserver.processClientRequest(GrpcClientProtocolService.java:334) ~[ratis-grpc-1.1.0-11689cd-SNAPSHOT.jar:1.1.0-11689cd-SNAPSHOT]
	at org.apache.ratis.util.SlidingWindow$Server.processRequestsFromHead(SlidingWindow.java:429) [ratis-common-1.1.0-11689cd-SNAPSHOT.jar:1.1.0-11689cd-SNAPSHOT]
	at org.apache.ratis.util.SlidingWindow$Server.receivedRequest(SlidingWindow.java:421) [ratis-common-1.1.0-11689cd-SNAPSHOT.jar:1.1.0-11689cd-SNAPSHOT]
	at org.apache.ratis.grpc.client.GrpcClientProtocolService$OrderedRequestStreamObserver.processClientRequest(GrpcClientProtocolService.java:358) [ratis-grpc-1.1.0-11689cd-SNAPSHOT.jar:1.1.0-11689cd-SNAPSHOT]
	at org.apache.ratis.grpc.client.GrpcClientProtocolService$RequestStreamObserver.onNext(GrpcClientProtocolService.java:248) [ratis-grpc-1.1.0-11689cd-SNAPSHOT.jar:1.1.0-11689cd-SNAPSHOT]
	at org.apache.ratis.grpc.client.GrpcClientProtocolService$RequestStreamObserver.onNext(GrpcClientProtocolService.java:171) [ratis-grpc-1.1.0-11689cd-SNAPSHOT.jar:1.1.0-11689cd-SNAPSHOT]
	at org.apache.ratis.thirdparty.io.grpc.stub.ServerCalls$StreamingServerCallHandler$StreamingServerCallListener.onMessage(ServerCalls.java:251) [ratis-thirdparty-misc-0.6.0-SNAPSHOT.jar:0.6.0-SNAPSHOT]
	at org.apache.ratis.thirdparty.io.grpc.ForwardingServerCallListener.onMessage(ForwardingServerCallListener.java:33) [ratis-thirdparty-misc-0.6.0-SNAPSHOT.jar:0.6.0-SNAPSHOT]
	at org.apache.ratis.thirdparty.io.grpc.internal.ServerCallImpl$ServerStreamListenerImpl.messagesAvailableInternal(ServerCallImpl.java:309) [ratis-thirdparty-misc-0.6.0-SNAPSHOT.jar:0.6.0-SNAPSHOT]
	at org.apache.ratis.thirdparty.io.grpc.internal.ServerCallImpl$ServerStreamListenerImpl.messagesAvailable(ServerCallImpl.java:292) [ratis-thirdparty-misc-0.6.0-SNAPSHOT.jar:0.6.0-SNAPSHOT]
	at org.apache.ratis.thirdparty.io.grpc.internal.ServerImpl$JumpToApplicationThreadServerStreamListener$1MessagesAvailable.runInContext(ServerImpl.java:783) [ratis-thirdparty-misc-0.6.0-SNAPSHOT.jar:0.6.0-SNAPSHOT]
	at org.apache.ratis.thirdparty.io.grpc.internal.ContextRunnable.run(ContextRunnable.java:37) [ratis-thirdparty-misc-0.6.0-SNAPSHOT.jar:0.6.0-SNAPSHOT]
	at org.apache.ratis.thirdparty.io.grpc.internal.SerializingExecutor.run(SerializingExecutor.java:123) [ratis-thirdparty-misc-0.6.0-SNAPSHOT.jar:0.6.0-SNAPSHOT]
	at java.util.concurrent.ThreadPoolExecutor.runWorker(ThreadPoolExecutor.java:1149) [?:1.8.0_232]
	at java.util.concurrent.ThreadPoolExecutor$Worker.run(ThreadPoolExecutor.java:624) [?:1.8.0_232]
	at java.lang.Thread.run(Thread.java:748) [?:1.8.0_232]
13:02:43.555 [grpc-default-executor-0] ERROR DNAudit - user=null | ip=null | op=PUT_BLOCK {blockData=[blockId=conID: 1 locID: 105191817327869955 bcsId: 0,size=600]} | ret=FAILURE
org.apache.hadoop.hdds.scm.container.common.helpers.ContainerNotOpenException: Container 1 in CLOSED state
	at org.apache.hadoop.ozone.container.common.impl.HddsDispatcher.validateContainerCommand(HddsDispatcher.java:484) ~[hadoop-hdds-container-service-1.1.0-SNAPSHOT.jar:?]
	at org.apache.hadoop.ozone.container.common.transport.server.ratis.ContainerStateMachine.startTransaction(ContainerStateMachine.java:319) ~[hadoop-hdds-container-service-1.1.0-SNAPSHOT.jar:?]
	at org.apache.ratis.server.impl.RaftServerImpl.submitClientRequestAsync(RaftServerImpl.java:684) ~[ratis-server-1.1.0-11689cd-SNAPSHOT.jar:1.1.0-11689cd-SNAPSHOT]
	at org.apache.ratis.server.impl.RaftServerProxy.lambda$submitClientRequestAsync$7(RaftServerProxy.java:341) ~[ratis-server-1.1.0-11689cd-SNAPSHOT.jar:1.1.0-11689cd-SNAPSHOT]
	at org.apache.ratis.server.impl.RaftServerProxy.lambda$null$5(RaftServerProxy.java:336) ~[ratis-server-1.1.0-11689cd-SNAPSHOT.jar:1.1.0-11689cd-SNAPSHOT]
	at org.apache.ratis.util.JavaUtils.callAsUnchecked(JavaUtils.java:109) ~[ratis-common-1.1.0-11689cd-SNAPSHOT.jar:1.1.0-11689cd-SNAPSHOT]
	at org.apache.ratis.server.impl.RaftServerProxy.lambda$submitRequest$6(RaftServerProxy.java:336) ~[ratis-server-1.1.0-11689cd-SNAPSHOT.jar:1.1.0-11689cd-SNAPSHOT]
	at java.util.concurrent.CompletableFuture.uniComposeStage(CompletableFuture.java:995) ~[?:1.8.0_232]
	at java.util.concurrent.CompletableFuture.thenCompose(CompletableFuture.java:2137) ~[?:1.8.0_232]
	at org.apache.ratis.server.impl.RaftServerProxy.submitRequest(RaftServerProxy.java:335) ~[ratis-server-1.1.0-11689cd-SNAPSHOT.jar:1.1.0-11689cd-SNAPSHOT]
	at org.apache.ratis.server.impl.RaftServerProxy.submitClientRequestAsync(RaftServerProxy.java:341) ~[ratis-server-1.1.0-11689cd-SNAPSHOT.jar:1.1.0-11689cd-SNAPSHOT]
	at org.apache.ratis.grpc.client.GrpcClientProtocolService$RequestStreamObserver.processClientRequest(GrpcClientProtocolService.java:228) ~[ratis-grpc-1.1.0-11689cd-SNAPSHOT.jar:1.1.0-11689cd-SNAPSHOT]
	at org.apache.ratis.grpc.client.GrpcClientProtocolService$OrderedRequestStreamObserver.processClientRequest(GrpcClientProtocolService.java:334) ~[ratis-grpc-1.1.0-11689cd-SNAPSHOT.jar:1.1.0-11689cd-SNAPSHOT]
	at org.apache.ratis.util.SlidingWindow$Server.processRequestsFromHead(SlidingWindow.java:429) [ratis-common-1.1.0-11689cd-SNAPSHOT.jar:1.1.0-11689cd-SNAPSHOT]
	at org.apache.ratis.util.SlidingWindow$Server.receivedRequest(SlidingWindow.java:421) [ratis-common-1.1.0-11689cd-SNAPSHOT.jar:1.1.0-11689cd-SNAPSHOT]
	at org.apache.ratis.grpc.client.GrpcClientProtocolService$OrderedRequestStreamObserver.processClientRequest(GrpcClientProtocolService.java:358) [ratis-grpc-1.1.0-11689cd-SNAPSHOT.jar:1.1.0-11689cd-SNAPSHOT]
	at org.apache.ratis.grpc.client.GrpcClientProtocolService$RequestStreamObserver.onNext(GrpcClientProtocolService.java:248) [ratis-grpc-1.1.0-11689cd-SNAPSHOT.jar:1.1.0-11689cd-SNAPSHOT]
	at org.apache.ratis.grpc.client.GrpcClientProtocolService$RequestStreamObserver.onNext(GrpcClientProtocolService.java:171) [ratis-grpc-1.1.0-11689cd-SNAPSHOT.jar:1.1.0-11689cd-SNAPSHOT]
	at org.apache.ratis.thirdparty.io.grpc.stub.ServerCalls$StreamingServerCallHandler$StreamingServerCallListener.onMessage(ServerCalls.java:251) [ratis-thirdparty-misc-0.6.0-SNAPSHOT.jar:0.6.0-SNAPSHOT]
	at org.apache.ratis.thirdparty.io.grpc.ForwardingServerCallListener.onMessage(ForwardingServerCallListener.java:33) [ratis-thirdparty-misc-0.6.0-SNAPSHOT.jar:0.6.0-SNAPSHOT]
	at org.apache.ratis.thirdparty.io.grpc.internal.ServerCallImpl$ServerStreamListenerImpl.messagesAvailableInternal(ServerCallImpl.java:309) [ratis-thirdparty-misc-0.6.0-SNAPSHOT.jar:0.6.0-SNAPSHOT]
	at org.apache.ratis.thirdparty.io.grpc.internal.ServerCallImpl$ServerStreamListenerImpl.messagesAvailable(ServerCallImpl.java:292) [ratis-thirdparty-misc-0.6.0-SNAPSHOT.jar:0.6.0-SNAPSHOT]
	at org.apache.ratis.thirdparty.io.grpc.internal.ServerImpl$JumpToApplicationThreadServerStreamListener$1MessagesAvailable.runInContext(ServerImpl.java:783) [ratis-thirdparty-misc-0.6.0-SNAPSHOT.jar:0.6.0-SNAPSHOT]
	at org.apache.ratis.thirdparty.io.grpc.internal.ContextRunnable.run(ContextRunnable.java:37) [ratis-thirdparty-misc-0.6.0-SNAPSHOT.jar:0.6.0-SNAPSHOT]
	at org.apache.ratis.thirdparty.io.grpc.internal.SerializingExecutor.run(SerializingExecutor.java:123) [ratis-thirdparty-misc-0.6.0-SNAPSHOT.jar:0.6.0-SNAPSHOT]
	at java.util.concurrent.ThreadPoolExecutor.runWorker(ThreadPoolExecutor.java:1149) [?:1.8.0_232]
	at java.util.concurrent.ThreadPoolExecutor$Worker.run(ThreadPoolExecutor.java:624) [?:1.8.0_232]
	at java.lang.Thread.run(Thread.java:748) [?:1.8.0_232]
13:02:43.562 [grpc-default-executor-0] ERROR DNAudit - user=null | ip=null | op=WRITE_CHUNK {blockData=conID: 1 locID: 105191817327869955 bcsId: 13} | ret=FAILURE
org.apache.hadoop.hdds.scm.container.common.helpers.ContainerNotOpenException: Container 1 in CLOSED state
	at org.apache.hadoop.ozone.container.common.impl.HddsDispatcher.validateContainerCommand(HddsDispatcher.java:484) ~[hadoop-hdds-container-service-1.1.0-SNAPSHOT.jar:?]
	at org.apache.hadoop.ozone.container.common.transport.server.ratis.ContainerStateMachine.startTransaction(ContainerStateMachine.java:319) ~[hadoop-hdds-container-service-1.1.0-SNAPSHOT.jar:?]
	at org.apache.ratis.server.impl.RaftServerImpl.submitClientRequestAsync(RaftServerImpl.java:684) ~[ratis-server-1.1.0-11689cd-SNAPSHOT.jar:1.1.0-11689cd-SNAPSHOT]
	at org.apache.ratis.server.impl.RaftServerProxy.lambda$submitClientRequestAsync$7(RaftServerProxy.java:341) ~[ratis-server-1.1.0-11689cd-SNAPSHOT.jar:1.1.0-11689cd-SNAPSHOT]
	at org.apache.ratis.server.impl.RaftServerProxy.lambda$null$5(RaftServerProxy.java:336) ~[ratis-server-1.1.0-11689cd-SNAPSHOT.jar:1.1.0-11689cd-SNAPSHOT]
	at org.apache.ratis.util.JavaUtils.callAsUnchecked(JavaUtils.java:109) ~[ratis-common-1.1.0-11689cd-SNAPSHOT.jar:1.1.0-11689cd-SNAPSHOT]
	at org.apache.ratis.server.impl.RaftServerProxy.lambda$submitRequest$6(RaftServerProxy.java:336) ~[ratis-server-1.1.0-11689cd-SNAPSHOT.jar:1.1.0-11689cd-SNAPSHOT]
	at java.util.concurrent.CompletableFuture.uniComposeStage(CompletableFuture.java:995) ~[?:1.8.0_232]
	at java.util.concurrent.CompletableFuture.thenCompose(CompletableFuture.java:2137) ~[?:1.8.0_232]
	at org.apache.ratis.server.impl.RaftServerProxy.submitRequest(RaftServerProxy.java:335) ~[ratis-server-1.1.0-11689cd-SNAPSHOT.jar:1.1.0-11689cd-SNAPSHOT]
	at org.apache.ratis.server.impl.RaftServerProxy.submitClientRequestAsync(RaftServerProxy.java:341) ~[ratis-server-1.1.0-11689cd-SNAPSHOT.jar:1.1.0-11689cd-SNAPSHOT]
	at org.apache.ratis.grpc.client.GrpcClientProtocolService$RequestStreamObserver.processClientRequest(GrpcClientProtocolService.java:228) ~[ratis-grpc-1.1.0-11689cd-SNAPSHOT.jar:1.1.0-11689cd-SNAPSHOT]
	at org.apache.ratis.grpc.client.GrpcClientProtocolService$OrderedRequestStreamObserver.processClientRequest(GrpcClientProtocolService.java:334) ~[ratis-grpc-1.1.0-11689cd-SNAPSHOT.jar:1.1.0-11689cd-SNAPSHOT]
	at org.apache.ratis.util.SlidingWindow$Server.processRequestsFromHead(SlidingWindow.java:429) [ratis-common-1.1.0-11689cd-SNAPSHOT.jar:1.1.0-11689cd-SNAPSHOT]
	at org.apache.ratis.util.SlidingWindow$Server.receivedRequest(SlidingWindow.java:421) [ratis-common-1.1.0-11689cd-SNAPSHOT.jar:1.1.0-11689cd-SNAPSHOT]
	at org.apache.ratis.grpc.client.GrpcClientProtocolService$OrderedRequestStreamObserver.processClientRequest(GrpcClientProtocolService.java:358) [ratis-grpc-1.1.0-11689cd-SNAPSHOT.jar:1.1.0-11689cd-SNAPSHOT]
	at org.apache.ratis.grpc.client.GrpcClientProtocolService$RequestStreamObserver.onNext(GrpcClientProtocolService.java:248) [ratis-grpc-1.1.0-11689cd-SNAPSHOT.jar:1.1.0-11689cd-SNAPSHOT]
	at org.apache.ratis.grpc.client.GrpcClientProtocolService$RequestStreamObserver.onNext(GrpcClientProtocolService.java:171) [ratis-grpc-1.1.0-11689cd-SNAPSHOT.jar:1.1.0-11689cd-SNAPSHOT]
	at org.apache.ratis.thirdparty.io.grpc.stub.ServerCalls$StreamingServerCallHandler$StreamingServerCallListener.onMessage(ServerCalls.java:251) [ratis-thirdparty-misc-0.6.0-SNAPSHOT.jar:0.6.0-SNAPSHOT]
	at org.apache.ratis.thirdparty.io.grpc.ForwardingServerCallListener.onMessage(ForwardingServerCallListener.java:33) [ratis-thirdparty-misc-0.6.0-SNAPSHOT.jar:0.6.0-SNAPSHOT]
	at org.apache.ratis.thirdparty.io.grpc.internal.ServerCallImpl$ServerStreamListenerImpl.messagesAvailableInternal(ServerCallImpl.java:309) [ratis-thirdparty-misc-0.6.0-SNAPSHOT.jar:0.6.0-SNAPSHOT]
	at org.apache.ratis.thirdparty.io.grpc.internal.ServerCallImpl$ServerStreamListenerImpl.messagesAvailable(ServerCallImpl.java:292) [ratis-thirdparty-misc-0.6.0-SNAPSHOT.jar:0.6.0-SNAPSHOT]
	at org.apache.ratis.thirdparty.io.grpc.internal.ServerImpl$JumpToApplicationThreadServerStreamListener$1MessagesAvailable.runInContext(ServerImpl.java:783) [ratis-thirdparty-misc-0.6.0-SNAPSHOT.jar:0.6.0-SNAPSHOT]
	at org.apache.ratis.thirdparty.io.grpc.internal.ContextRunnable.run(ContextRunnable.java:37) [ratis-thirdparty-misc-0.6.0-SNAPSHOT.jar:0.6.0-SNAPSHOT]
	at org.apache.ratis.thirdparty.io.grpc.internal.SerializingExecutor.run(SerializingExecutor.java:123) [ratis-thirdparty-misc-0.6.0-SNAPSHOT.jar:0.6.0-SNAPSHOT]
	at java.util.concurrent.ThreadPoolExecutor.runWorker(ThreadPoolExecutor.java:1149) [?:1.8.0_232]
	at java.util.concurrent.ThreadPoolExecutor$Worker.run(ThreadPoolExecutor.java:624) [?:1.8.0_232]
	at java.lang.Thread.run(Thread.java:748) [?:1.8.0_232]
2020-11-11 13:02:43,563 [grpc-default-executor-2] ERROR storage.BlockOutputStream (BlockOutputStream.java:lambda$writeChunkToContainer$3(685)) - writing chunk failed 105191817327869955_chunk_5 blockID conID: 1 locID: 105191817327869955 bcsId: 13 with exception org.apache.ratis.protocol.exceptions.StateMachineException: org.apache.hadoop.hdds.scm.container.common.helpers.ContainerNotOpenException from Server f941e2d8-b1d9-4857-a015-dcc954962098@group-DCED4E8F9534: Container 1 in CLOSED state
2020-11-11 13:02:43,576 [grpc-default-executor-0] ERROR storage.BlockOutputStream (BlockOutputStream.java:lambda$writeChunkToContainer$3(685)) - writing chunk failed 105191817327869955_chunk_6 blockID conID: 1 locID: 105191817327869955 bcsId: 13 with exception org.apache.ratis.protocol.exceptions.StateMachineException: org.apache.hadoop.hdds.scm.container.common.helpers.ContainerNotOpenException from Server f941e2d8-b1d9-4857-a015-dcc954962098@group-DCED4E8F9534: Container 1 in CLOSED state
13:02:43.577 [grpc-default-executor-2] ERROR DNAudit - user=null | ip=null | op=WRITE_CHUNK {blockData=conID: 1 locID: 105191817327869955 bcsId: 13} | ret=FAILURE
org.apache.hadoop.hdds.scm.container.common.helpers.ContainerNotOpenException: Container 1 in CLOSED state
	at org.apache.hadoop.ozone.container.common.impl.HddsDispatcher.validateContainerCommand(HddsDispatcher.java:484) ~[hadoop-hdds-container-service-1.1.0-SNAPSHOT.jar:?]
	at org.apache.hadoop.ozone.container.common.transport.server.ratis.ContainerStateMachine.startTransaction(ContainerStateMachine.java:319) ~[hadoop-hdds-container-service-1.1.0-SNAPSHOT.jar:?]
	at org.apache.ratis.server.impl.RaftServerImpl.submitClientRequestAsync(RaftServerImpl.java:684) ~[ratis-server-1.1.0-11689cd-SNAPSHOT.jar:1.1.0-11689cd-SNAPSHOT]
	at org.apache.ratis.server.impl.RaftServerProxy.lambda$submitClientRequestAsync$7(RaftServerProxy.java:341) ~[ratis-server-1.1.0-11689cd-SNAPSHOT.jar:1.1.0-11689cd-SNAPSHOT]
	at org.apache.ratis.server.impl.RaftServerProxy.lambda$null$5(RaftServerProxy.java:336) ~[ratis-server-1.1.0-11689cd-SNAPSHOT.jar:1.1.0-11689cd-SNAPSHOT]
	at org.apache.ratis.util.JavaUtils.callAsUnchecked(JavaUtils.java:109) ~[ratis-common-1.1.0-11689cd-SNAPSHOT.jar:1.1.0-11689cd-SNAPSHOT]
	at org.apache.ratis.server.impl.RaftServerProxy.lambda$submitRequest$6(RaftServerProxy.java:336) ~[ratis-server-1.1.0-11689cd-SNAPSHOT.jar:1.1.0-11689cd-SNAPSHOT]
	at java.util.concurrent.CompletableFuture.uniComposeStage(CompletableFuture.java:995) ~[?:1.8.0_232]
	at java.util.concurrent.CompletableFuture.thenCompose(CompletableFuture.java:2137) ~[?:1.8.0_232]
	at org.apache.ratis.server.impl.RaftServerProxy.submitRequest(RaftServerProxy.java:335) ~[ratis-server-1.1.0-11689cd-SNAPSHOT.jar:1.1.0-11689cd-SNAPSHOT]
	at org.apache.ratis.server.impl.RaftServerProxy.submitClientRequestAsync(RaftServerProxy.java:341) ~[ratis-server-1.1.0-11689cd-SNAPSHOT.jar:1.1.0-11689cd-SNAPSHOT]
	at org.apache.ratis.grpc.client.GrpcClientProtocolService$RequestStreamObserver.processClientRequest(GrpcClientProtocolService.java:228) ~[ratis-grpc-1.1.0-11689cd-SNAPSHOT.jar:1.1.0-11689cd-SNAPSHOT]
	at org.apache.ratis.grpc.client.GrpcClientProtocolService$OrderedRequestStreamObserver.processClientRequest(GrpcClientProtocolService.java:334) ~[ratis-grpc-1.1.0-11689cd-SNAPSHOT.jar:1.1.0-11689cd-SNAPSHOT]
	at org.apache.ratis.util.SlidingWindow$Server.processRequestsFromHead(SlidingWindow.java:429) [ratis-common-1.1.0-11689cd-SNAPSHOT.jar:1.1.0-11689cd-SNAPSHOT]
	at org.apache.ratis.util.SlidingWindow$Server.receivedRequest(SlidingWindow.java:421) [ratis-common-1.1.0-11689cd-SNAPSHOT.jar:1.1.0-11689cd-SNAPSHOT]
	at org.apache.ratis.grpc.client.GrpcClientProtocolService$OrderedRequestStreamObserver.processClientRequest(GrpcClientProtocolService.java:358) [ratis-grpc-1.1.0-11689cd-SNAPSHOT.jar:1.1.0-11689cd-SNAPSHOT]
	at org.apache.ratis.grpc.client.GrpcClientProtocolService$RequestStreamObserver.onNext(GrpcClientProtocolService.java:248) [ratis-grpc-1.1.0-11689cd-SNAPSHOT.jar:1.1.0-11689cd-SNAPSHOT]
	at org.apache.ratis.grpc.client.GrpcClientProtocolService$RequestStreamObserver.onNext(GrpcClientProtocolService.java:171) [ratis-grpc-1.1.0-11689cd-SNAPSHOT.jar:1.1.0-11689cd-SNAPSHOT]
	at org.apache.ratis.thirdparty.io.grpc.stub.ServerCalls$StreamingServerCallHandler$StreamingServerCallListener.onMessage(ServerCalls.java:251) [ratis-thirdparty-misc-0.6.0-SNAPSHOT.jar:0.6.0-SNAPSHOT]
	at org.apache.ratis.thirdparty.io.grpc.ForwardingServerCallListener.onMessage(ForwardingServerCallListener.java:33) [ratis-thirdparty-misc-0.6.0-SNAPSHOT.jar:0.6.0-SNAPSHOT]
	at org.apache.ratis.thirdparty.io.grpc.internal.ServerCallImpl$ServerStreamListenerImpl.messagesAvailableInternal(ServerCallImpl.java:309) [ratis-thirdparty-misc-0.6.0-SNAPSHOT.jar:0.6.0-SNAPSHOT]
	at org.apache.ratis.thirdparty.io.grpc.internal.ServerCallImpl$ServerStreamListenerImpl.messagesAvailable(ServerCallImpl.java:292) [ratis-thirdparty-misc-0.6.0-SNAPSHOT.jar:0.6.0-SNAPSHOT]
	at org.apache.ratis.thirdparty.io.grpc.internal.ServerImpl$JumpToApplicationThreadServerStreamListener$1MessagesAvailable.runInContext(ServerImpl.java:783) [ratis-thirdparty-misc-0.6.0-SNAPSHOT.jar:0.6.0-SNAPSHOT]
	at org.apache.ratis.thirdparty.io.grpc.internal.ContextRunnable.run(ContextRunnable.java:37) [ratis-thirdparty-misc-0.6.0-SNAPSHOT.jar:0.6.0-SNAPSHOT]
	at org.apache.ratis.thirdparty.io.grpc.internal.SerializingExecutor.run(SerializingExecutor.java:123) [ratis-thirdparty-misc-0.6.0-SNAPSHOT.jar:0.6.0-SNAPSHOT]
	at java.util.concurrent.ThreadPoolExecutor.runWorker(ThreadPoolExecutor.java:1149) [?:1.8.0_232]
	at java.util.concurrent.ThreadPoolExecutor$Worker.run(ThreadPoolExecutor.java:624) [?:1.8.0_232]
	at java.lang.Thread.run(Thread.java:748) [?:1.8.0_232]
13:02:43.586 [grpc-default-executor-2] ERROR DNAudit - user=null | ip=null | op=PUT_BLOCK {blockData=[blockId=conID: 1 locID: 105191817327869955 bcsId: 0,size=800]} | ret=FAILURE
org.apache.hadoop.hdds.scm.container.common.helpers.ContainerNotOpenException: Container 1 in CLOSED state
	at org.apache.hadoop.ozone.container.common.impl.HddsDispatcher.validateContainerCommand(HddsDispatcher.java:484) ~[hadoop-hdds-container-service-1.1.0-SNAPSHOT.jar:?]
	at org.apache.hadoop.ozone.container.common.transport.server.ratis.ContainerStateMachine.startTransaction(ContainerStateMachine.java:319) ~[hadoop-hdds-container-service-1.1.0-SNAPSHOT.jar:?]
	at org.apache.ratis.server.impl.RaftServerImpl.submitClientRequestAsync(RaftServerImpl.java:684) ~[ratis-server-1.1.0-11689cd-SNAPSHOT.jar:1.1.0-11689cd-SNAPSHOT]
	at org.apache.ratis.server.impl.RaftServerProxy.lambda$submitClientRequestAsync$7(RaftServerProxy.java:341) ~[ratis-server-1.1.0-11689cd-SNAPSHOT.jar:1.1.0-11689cd-SNAPSHOT]
	at org.apache.ratis.server.impl.RaftServerProxy.lambda$null$5(RaftServerProxy.java:336) ~[ratis-server-1.1.0-11689cd-SNAPSHOT.jar:1.1.0-11689cd-SNAPSHOT]
	at org.apache.ratis.util.JavaUtils.callAsUnchecked(JavaUtils.java:109) ~[ratis-common-1.1.0-11689cd-SNAPSHOT.jar:1.1.0-11689cd-SNAPSHOT]
	at org.apache.ratis.server.impl.RaftServerProxy.lambda$submitRequest$6(RaftServerProxy.java:336) ~[ratis-server-1.1.0-11689cd-SNAPSHOT.jar:1.1.0-11689cd-SNAPSHOT]
	at java.util.concurrent.CompletableFuture.uniComposeStage(CompletableFuture.java:995) ~[?:1.8.0_232]
	at java.util.concurrent.CompletableFuture.thenCompose(CompletableFuture.java:2137) ~[?:1.8.0_232]
	at org.apache.ratis.server.impl.RaftServerProxy.submitRequest(RaftServerProxy.java:335) ~[ratis-server-1.1.0-11689cd-SNAPSHOT.jar:1.1.0-11689cd-SNAPSHOT]
	at org.apache.ratis.server.impl.RaftServerProxy.submitClientRequestAsync(RaftServerProxy.java:341) ~[ratis-server-1.1.0-11689cd-SNAPSHOT.jar:1.1.0-11689cd-SNAPSHOT]
	at org.apache.ratis.grpc.client.GrpcClientProtocolService$RequestStreamObserver.processClientRequest(GrpcClientProtocolService.java:228) ~[ratis-grpc-1.1.0-11689cd-SNAPSHOT.jar:1.1.0-11689cd-SNAPSHOT]
	at org.apache.ratis.grpc.client.GrpcClientProtocolService$OrderedRequestStreamObserver.processClientRequest(GrpcClientProtocolService.java:334) ~[ratis-grpc-1.1.0-11689cd-SNAPSHOT.jar:1.1.0-11689cd-SNAPSHOT]
	at org.apache.ratis.util.SlidingWindow$Server.processRequestsFromHead(SlidingWindow.java:429) [ratis-common-1.1.0-11689cd-SNAPSHOT.jar:1.1.0-11689cd-SNAPSHOT]
	at org.apache.ratis.util.SlidingWindow$Server.receivedRequest(SlidingWindow.java:421) [ratis-common-1.1.0-11689cd-SNAPSHOT.jar:1.1.0-11689cd-SNAPSHOT]
	at org.apache.ratis.grpc.client.GrpcClientProtocolService$OrderedRequestStreamObserver.processClientRequest(GrpcClientProtocolService.java:358) [ratis-grpc-1.1.0-11689cd-SNAPSHOT.jar:1.1.0-11689cd-SNAPSHOT]
	at org.apache.ratis.grpc.client.GrpcClientProtocolService$RequestStreamObserver.onNext(GrpcClientProtocolService.java:248) [ratis-grpc-1.1.0-11689cd-SNAPSHOT.jar:1.1.0-11689cd-SNAPSHOT]
	at org.apache.ratis.grpc.client.GrpcClientProtocolService$RequestStreamObserver.onNext(GrpcClientProtocolService.java:171) [ratis-grpc-1.1.0-11689cd-SNAPSHOT.jar:1.1.0-11689cd-SNAPSHOT]
	at org.apache.ratis.thirdparty.io.grpc.stub.ServerCalls$StreamingServerCallHandler$StreamingServerCallListener.onMessage(ServerCalls.java:251) [ratis-thirdparty-misc-0.6.0-SNAPSHOT.jar:0.6.0-SNAPSHOT]
	at org.apache.ratis.thirdparty.io.grpc.ForwardingServerCallListener.onMessage(ForwardingServerCallListener.java:33) [ratis-thirdparty-misc-0.6.0-SNAPSHOT.jar:0.6.0-SNAPSHOT]
	at org.apache.ratis.thirdparty.io.grpc.internal.ServerCallImpl$ServerStreamListenerImpl.messagesAvailableInternal(ServerCallImpl.java:309) [ratis-thirdparty-misc-0.6.0-SNAPSHOT.jar:0.6.0-SNAPSHOT]
	at org.apache.ratis.thirdparty.io.grpc.internal.ServerCallImpl$ServerStreamListenerImpl.messagesAvailable(ServerCallImpl.java:292) [ratis-thirdparty-misc-0.6.0-SNAPSHOT.jar:0.6.0-SNAPSHOT]
	at org.apache.ratis.thirdparty.io.grpc.internal.ServerImpl$JumpToApplicationThreadServerStreamListener$1MessagesAvailable.runInContext(ServerImpl.java:783) [ratis-thirdparty-misc-0.6.0-SNAPSHOT.jar:0.6.0-SNAPSHOT]
	at org.apache.ratis.thirdparty.io.grpc.internal.ContextRunnable.run(ContextRunnable.java:37) [ratis-thirdparty-misc-0.6.0-SNAPSHOT.jar:0.6.0-SNAPSHOT]
	at org.apache.ratis.thirdparty.io.grpc.internal.SerializingExecutor.run(SerializingExecutor.java:123) [ratis-thirdparty-misc-0.6.0-SNAPSHOT.jar:0.6.0-SNAPSHOT]
	at java.util.concurrent.ThreadPoolExecutor.runWorker(ThreadPoolExecutor.java:1149) [?:1.8.0_232]
	at java.util.concurrent.ThreadPoolExecutor$Worker.run(ThreadPoolExecutor.java:624) [?:1.8.0_232]
	at java.lang.Thread.run(Thread.java:748) [?:1.8.0_232]
2020-11-11 13:02:43,587 [grpc-default-executor-0] ERROR storage.BlockOutputStream (BlockOutputStream.java:lambda$writeChunkToContainer$3(685)) - writing chunk failed 105191817327869955_chunk_7 blockID conID: 1 locID: 105191817327869955 bcsId: 13 with exception org.apache.ratis.protocol.exceptions.StateMachineException: org.apache.hadoop.hdds.scm.container.common.helpers.ContainerNotOpenException from Server f941e2d8-b1d9-4857-a015-dcc954962098@group-DCED4E8F9534: Container 1 in CLOSED state
2020-11-11 13:02:43,596 [grpc-default-executor-2] ERROR storage.BlockOutputStream (BlockOutputStream.java:lambda$writeChunkToContainer$3(685)) - writing chunk failed 105191817327869955_chunk_8 blockID conID: 1 locID: 105191817327869955 bcsId: 13 with exception org.apache.ratis.protocol.exceptions.StateMachineException: org.apache.hadoop.hdds.scm.container.common.helpers.ContainerNotOpenException from Server f941e2d8-b1d9-4857-a015-dcc954962098@group-DCED4E8F9534: Container 1 in CLOSED state
13:02:43.613 [grpc-default-executor-2] ERROR DNAudit - user=null | ip=null | op=WRITE_CHUNK {blockData=conID: 2 locID: 105191817327869956 bcsId: 0} | ret=FAILURE
org.apache.hadoop.hdds.scm.container.common.helpers.ContainerNotOpenException: Container 2 in CLOSED state
	at org.apache.hadoop.ozone.container.common.impl.HddsDispatcher.validateContainerCommand(HddsDispatcher.java:484) ~[hadoop-hdds-container-service-1.1.0-SNAPSHOT.jar:?]
	at org.apache.hadoop.ozone.container.common.transport.server.ratis.ContainerStateMachine.startTransaction(ContainerStateMachine.java:319) ~[hadoop-hdds-container-service-1.1.0-SNAPSHOT.jar:?]
	at org.apache.ratis.server.impl.RaftServerImpl.submitClientRequestAsync(RaftServerImpl.java:684) ~[ratis-server-1.1.0-11689cd-SNAPSHOT.jar:1.1.0-11689cd-SNAPSHOT]
	at org.apache.ratis.server.impl.RaftServerProxy.lambda$submitClientRequestAsync$7(RaftServerProxy.java:341) ~[ratis-server-1.1.0-11689cd-SNAPSHOT.jar:1.1.0-11689cd-SNAPSHOT]
	at org.apache.ratis.server.impl.RaftServerProxy.lambda$null$5(RaftServerProxy.java:336) ~[ratis-server-1.1.0-11689cd-SNAPSHOT.jar:1.1.0-11689cd-SNAPSHOT]
	at org.apache.ratis.util.JavaUtils.callAsUnchecked(JavaUtils.java:109) ~[ratis-common-1.1.0-11689cd-SNAPSHOT.jar:1.1.0-11689cd-SNAPSHOT]
	at org.apache.ratis.server.impl.RaftServerProxy.lambda$submitRequest$6(RaftServerProxy.java:336) ~[ratis-server-1.1.0-11689cd-SNAPSHOT.jar:1.1.0-11689cd-SNAPSHOT]
	at java.util.concurrent.CompletableFuture.uniComposeStage(CompletableFuture.java:995) ~[?:1.8.0_232]
	at java.util.concurrent.CompletableFuture.thenCompose(CompletableFuture.java:2137) ~[?:1.8.0_232]
	at org.apache.ratis.server.impl.RaftServerProxy.submitRequest(RaftServerProxy.java:335) ~[ratis-server-1.1.0-11689cd-SNAPSHOT.jar:1.1.0-11689cd-SNAPSHOT]
	at org.apache.ratis.server.impl.RaftServerProxy.submitClientRequestAsync(RaftServerProxy.java:341) ~[ratis-server-1.1.0-11689cd-SNAPSHOT.jar:1.1.0-11689cd-SNAPSHOT]
	at org.apache.ratis.grpc.client.GrpcClientProtocolService$RequestStreamObserver.processClientRequest(GrpcClientProtocolService.java:228) ~[ratis-grpc-1.1.0-11689cd-SNAPSHOT.jar:1.1.0-11689cd-SNAPSHOT]
	at org.apache.ratis.grpc.client.GrpcClientProtocolService$OrderedRequestStreamObserver.processClientRequest(GrpcClientProtocolService.java:334) ~[ratis-grpc-1.1.0-11689cd-SNAPSHOT.jar:1.1.0-11689cd-SNAPSHOT]
	at org.apache.ratis.util.SlidingWindow$Server.processRequestsFromHead(SlidingWindow.java:429) [ratis-common-1.1.0-11689cd-SNAPSHOT.jar:1.1.0-11689cd-SNAPSHOT]
	at org.apache.ratis.util.SlidingWindow$Server.receivedRequest(SlidingWindow.java:421) [ratis-common-1.1.0-11689cd-SNAPSHOT.jar:1.1.0-11689cd-SNAPSHOT]
	at org.apache.ratis.grpc.client.GrpcClientProtocolService$OrderedRequestStreamObserver.processClientRequest(GrpcClientProtocolService.java:358) [ratis-grpc-1.1.0-11689cd-SNAPSHOT.jar:1.1.0-11689cd-SNAPSHOT]
	at org.apache.ratis.grpc.client.GrpcClientProtocolService$RequestStreamObserver.onNext(GrpcClientProtocolService.java:248) [ratis-grpc-1.1.0-11689cd-SNAPSHOT.jar:1.1.0-11689cd-SNAPSHOT]
	at org.apache.ratis.grpc.client.GrpcClientProtocolService$RequestStreamObserver.onNext(GrpcClientProtocolService.java:171) [ratis-grpc-1.1.0-11689cd-SNAPSHOT.jar:1.1.0-11689cd-SNAPSHOT]
	at org.apache.ratis.thirdparty.io.grpc.stub.ServerCalls$StreamingServerCallHandler$StreamingServerCallListener.onMessage(ServerCalls.java:251) [ratis-thirdparty-misc-0.6.0-SNAPSHOT.jar:0.6.0-SNAPSHOT]
	at org.apache.ratis.thirdparty.io.grpc.ForwardingServerCallListener.onMessage(ForwardingServerCallListener.java:33) [ratis-thirdparty-misc-0.6.0-SNAPSHOT.jar:0.6.0-SNAPSHOT]
	at org.apache.ratis.thirdparty.io.grpc.internal.ServerCallImpl$ServerStreamListenerImpl.messagesAvailableInternal(ServerCallImpl.java:309) [ratis-thirdparty-misc-0.6.0-SNAPSHOT.jar:0.6.0-SNAPSHOT]
	at org.apache.ratis.thirdparty.io.grpc.internal.ServerCallImpl$ServerStreamListenerImpl.messagesAvailable(ServerCallImpl.java:292) [ratis-thirdparty-misc-0.6.0-SNAPSHOT.jar:0.6.0-SNAPSHOT]
	at org.apache.ratis.thirdparty.io.grpc.internal.ServerImpl$JumpToApplicationThreadServerStreamListener$1MessagesAvailable.runInContext(ServerImpl.java:783) [ratis-thirdparty-misc-0.6.0-SNAPSHOT.jar:0.6.0-SNAPSHOT]
	at org.apache.ratis.thirdparty.io.grpc.internal.ContextRunnable.run(ContextRunnable.java:37) [ratis-thirdparty-misc-0.6.0-SNAPSHOT.jar:0.6.0-SNAPSHOT]
	at org.apache.ratis.thirdparty.io.grpc.internal.SerializingExecutor.run(SerializingExecutor.java:123) [ratis-thirdparty-misc-0.6.0-SNAPSHOT.jar:0.6.0-SNAPSHOT]
	at java.util.concurrent.ThreadPoolExecutor.runWorker(ThreadPoolExecutor.java:1149) [?:1.8.0_232]
	at java.util.concurrent.ThreadPoolExecutor$Worker.run(ThreadPoolExecutor.java:624) [?:1.8.0_232]
	at java.lang.Thread.run(Thread.java:748) [?:1.8.0_232]
13:02:43.616 [grpc-default-executor-2] ERROR DNAudit - user=null | ip=null | op=WRITE_CHUNK {blockData=conID: 2 locID: 105191817327869956 bcsId: 0} | ret=FAILURE
org.apache.hadoop.hdds.scm.container.common.helpers.ContainerNotOpenException: Container 2 in CLOSED state
	at org.apache.hadoop.ozone.container.common.impl.HddsDispatcher.validateContainerCommand(HddsDispatcher.java:484) ~[hadoop-hdds-container-service-1.1.0-SNAPSHOT.jar:?]
	at org.apache.hadoop.ozone.container.common.transport.server.ratis.ContainerStateMachine.startTransaction(ContainerStateMachine.java:319) ~[hadoop-hdds-container-service-1.1.0-SNAPSHOT.jar:?]
	at org.apache.ratis.server.impl.RaftServerImpl.submitClientRequestAsync(RaftServerImpl.java:684) ~[ratis-server-1.1.0-11689cd-SNAPSHOT.jar:1.1.0-11689cd-SNAPSHOT]
	at org.apache.ratis.server.impl.RaftServerProxy.lambda$submitClientRequestAsync$7(RaftServerProxy.java:341) ~[ratis-server-1.1.0-11689cd-SNAPSHOT.jar:1.1.0-11689cd-SNAPSHOT]
	at org.apache.ratis.server.impl.RaftServerProxy.lambda$null$5(RaftServerProxy.java:336) ~[ratis-server-1.1.0-11689cd-SNAPSHOT.jar:1.1.0-11689cd-SNAPSHOT]
	at org.apache.ratis.util.JavaUtils.callAsUnchecked(JavaUtils.java:109) ~[ratis-common-1.1.0-11689cd-SNAPSHOT.jar:1.1.0-11689cd-SNAPSHOT]
	at org.apache.ratis.server.impl.RaftServerProxy.lambda$submitRequest$6(RaftServerProxy.java:336) ~[ratis-server-1.1.0-11689cd-SNAPSHOT.jar:1.1.0-11689cd-SNAPSHOT]
	at java.util.concurrent.CompletableFuture.uniComposeStage(CompletableFuture.java:995) ~[?:1.8.0_232]
	at java.util.concurrent.CompletableFuture.thenCompose(CompletableFuture.java:2137) ~[?:1.8.0_232]
	at org.apache.ratis.server.impl.RaftServerProxy.submitRequest(RaftServerProxy.java:335) ~[ratis-server-1.1.0-11689cd-SNAPSHOT.jar:1.1.0-11689cd-SNAPSHOT]
	at org.apache.ratis.server.impl.RaftServerProxy.submitClientRequestAsync(RaftServerProxy.java:341) ~[ratis-server-1.1.0-11689cd-SNAPSHOT.jar:1.1.0-11689cd-SNAPSHOT]
	at org.apache.ratis.grpc.client.GrpcClientProtocolService$RequestStreamObserver.processClientRequest(GrpcClientProtocolService.java:228) ~[ratis-grpc-1.1.0-11689cd-SNAPSHOT.jar:1.1.0-11689cd-SNAPSHOT]
	at org.apache.ratis.grpc.client.GrpcClientProtocolService$OrderedRequestStreamObserver.processClientRequest(GrpcClientProtocolService.java:334) ~[ratis-grpc-1.1.0-11689cd-SNAPSHOT.jar:1.1.0-11689cd-SNAPSHOT]
	at org.apache.ratis.util.SlidingWindow$Server.processRequestsFromHead(SlidingWindow.java:429) [ratis-common-1.1.0-11689cd-SNAPSHOT.jar:1.1.0-11689cd-SNAPSHOT]
	at org.apache.ratis.util.SlidingWindow$Server.receivedRequest(SlidingWindow.java:421) [ratis-common-1.1.0-11689cd-SNAPSHOT.jar:1.1.0-11689cd-SNAPSHOT]
	at org.apache.ratis.grpc.client.GrpcClientProtocolService$OrderedRequestStreamObserver.processClientRequest(GrpcClientProtocolService.java:358) [ratis-grpc-1.1.0-11689cd-SNAPSHOT.jar:1.1.0-11689cd-SNAPSHOT]
	at org.apache.ratis.grpc.client.GrpcClientProtocolService$RequestStreamObserver.onNext(GrpcClientProtocolService.java:248) [ratis-grpc-1.1.0-11689cd-SNAPSHOT.jar:1.1.0-11689cd-SNAPSHOT]
	at org.apache.ratis.grpc.client.GrpcClientProtocolService$RequestStreamObserver.onNext(GrpcClientProtocolService.java:171) [ratis-grpc-1.1.0-11689cd-SNAPSHOT.jar:1.1.0-11689cd-SNAPSHOT]
	at org.apache.ratis.thirdparty.io.grpc.stub.ServerCalls$StreamingServerCallHandler$StreamingServerCallListener.onMessage(ServerCalls.java:251) [ratis-thirdparty-misc-0.6.0-SNAPSHOT.jar:0.6.0-SNAPSHOT]
	at org.apache.ratis.thirdparty.io.grpc.ForwardingServerCallListener.onMessage(ForwardingServerCallListener.java:33) [ratis-thirdparty-misc-0.6.0-SNAPSHOT.jar:0.6.0-SNAPSHOT]
	at org.apache.ratis.thirdparty.io.grpc.internal.ServerCallImpl$ServerStreamListenerImpl.messagesAvailableInternal(ServerCallImpl.java:309) [ratis-thirdparty-misc-0.6.0-SNAPSHOT.jar:0.6.0-SNAPSHOT]
	at org.apache.ratis.thirdparty.io.grpc.internal.ServerCallImpl$ServerStreamListenerImpl.messagesAvailable(ServerCallImpl.java:292) [ratis-thirdparty-misc-0.6.0-SNAPSHOT.jar:0.6.0-SNAPSHOT]
	at org.apache.ratis.thirdparty.io.grpc.internal.ServerImpl$JumpToApplicationThreadServerStreamListener$1MessagesAvailable.runInContext(ServerImpl.java:783) [ratis-thirdparty-misc-0.6.0-SNAPSHOT.jar:0.6.0-SNAPSHOT]
	at org.apache.ratis.thirdparty.io.grpc.internal.ContextRunnable.run(ContextRunnable.java:37) [ratis-thirdparty-misc-0.6.0-SNAPSHOT.jar:0.6.0-SNAPSHOT]
	at org.apache.ratis.thirdparty.io.grpc.internal.SerializingExecutor.run(SerializingExecutor.java:123) [ratis-thirdparty-misc-0.6.0-SNAPSHOT.jar:0.6.0-SNAPSHOT]
	at java.util.concurrent.ThreadPoolExecutor.runWorker(ThreadPoolExecutor.java:1149) [?:1.8.0_232]
	at java.util.concurrent.ThreadPoolExecutor$Worker.run(ThreadPoolExecutor.java:624) [?:1.8.0_232]
	at java.lang.Thread.run(Thread.java:748) [?:1.8.0_232]
13:02:43.617 [grpc-default-executor-2] ERROR DNAudit - user=null | ip=null | op=PUT_BLOCK {blockData=[blockId=conID: 2 locID: 105191817327869956 bcsId: 0,size=200]} | ret=FAILURE
org.apache.hadoop.hdds.scm.container.common.helpers.ContainerNotOpenException: Container 2 in CLOSED state
	at org.apache.hadoop.ozone.container.common.impl.HddsDispatcher.validateContainerCommand(HddsDispatcher.java:484) ~[hadoop-hdds-container-service-1.1.0-SNAPSHOT.jar:?]
	at org.apache.hadoop.ozone.container.common.transport.server.ratis.ContainerStateMachine.startTransaction(ContainerStateMachine.java:319) ~[hadoop-hdds-container-service-1.1.0-SNAPSHOT.jar:?]
	at org.apache.ratis.server.impl.RaftServerImpl.submitClientRequestAsync(RaftServerImpl.java:684) ~[ratis-server-1.1.0-11689cd-SNAPSHOT.jar:1.1.0-11689cd-SNAPSHOT]
	at org.apache.ratis.server.impl.RaftServerProxy.lambda$submitClientRequestAsync$7(RaftServerProxy.java:341) ~[ratis-server-1.1.0-11689cd-SNAPSHOT.jar:1.1.0-11689cd-SNAPSHOT]
	at org.apache.ratis.server.impl.RaftServerProxy.lambda$null$5(RaftServerProxy.java:336) ~[ratis-server-1.1.0-11689cd-SNAPSHOT.jar:1.1.0-11689cd-SNAPSHOT]
	at org.apache.ratis.util.JavaUtils.callAsUnchecked(JavaUtils.java:109) ~[ratis-common-1.1.0-11689cd-SNAPSHOT.jar:1.1.0-11689cd-SNAPSHOT]
	at org.apache.ratis.server.impl.RaftServerProxy.lambda$submitRequest$6(RaftServerProxy.java:336) ~[ratis-server-1.1.0-11689cd-SNAPSHOT.jar:1.1.0-11689cd-SNAPSHOT]
	at java.util.concurrent.CompletableFuture.uniComposeStage(CompletableFuture.java:995) ~[?:1.8.0_232]
	at java.util.concurrent.CompletableFuture.thenCompose(CompletableFuture.java:2137) ~[?:1.8.0_232]
	at org.apache.ratis.server.impl.RaftServerProxy.submitRequest(RaftServerProxy.java:335) ~[ratis-server-1.1.0-11689cd-SNAPSHOT.jar:1.1.0-11689cd-SNAPSHOT]
	at org.apache.ratis.server.impl.RaftServerProxy.submitClientRequestAsync(RaftServerProxy.java:341) ~[ratis-server-1.1.0-11689cd-SNAPSHOT.jar:1.1.0-11689cd-SNAPSHOT]
	at org.apache.ratis.grpc.client.GrpcClientProtocolService$RequestStreamObserver.processClientRequest(GrpcClientProtocolService.java:228) ~[ratis-grpc-1.1.0-11689cd-SNAPSHOT.jar:1.1.0-11689cd-SNAPSHOT]
	at org.apache.ratis.grpc.client.GrpcClientProtocolService$OrderedRequestStreamObserver.processClientRequest(GrpcClientProtocolService.java:334) ~[ratis-grpc-1.1.0-11689cd-SNAPSHOT.jar:1.1.0-11689cd-SNAPSHOT]
	at org.apache.ratis.util.SlidingWindow$Server.processRequestsFromHead(SlidingWindow.java:429) [ratis-common-1.1.0-11689cd-SNAPSHOT.jar:1.1.0-11689cd-SNAPSHOT]
	at org.apache.ratis.util.SlidingWindow$Server.receivedRequest(SlidingWindow.java:421) [ratis-common-1.1.0-11689cd-SNAPSHOT.jar:1.1.0-11689cd-SNAPSHOT]
	at org.apache.ratis.grpc.client.GrpcClientProtocolService$OrderedRequestStreamObserver.processClientRequest(GrpcClientProtocolService.java:358) [ratis-grpc-1.1.0-11689cd-SNAPSHOT.jar:1.1.0-11689cd-SNAPSHOT]
	at org.apache.ratis.grpc.client.GrpcClientProtocolService$RequestStreamObserver.onNext(GrpcClientProtocolService.java:248) [ratis-grpc-1.1.0-11689cd-SNAPSHOT.jar:1.1.0-11689cd-SNAPSHOT]
	at org.apache.ratis.grpc.client.GrpcClientProtocolService$RequestStreamObserver.onNext(GrpcClientProtocolService.java:171) [ratis-grpc-1.1.0-11689cd-SNAPSHOT.jar:1.1.0-11689cd-SNAPSHOT]
	at org.apache.ratis.thirdparty.io.grpc.stub.ServerCalls$StreamingServerCallHandler$StreamingServerCallListener.onMessage(ServerCalls.java:251) [ratis-thirdparty-misc-0.6.0-SNAPSHOT.jar:0.6.0-SNAPSHOT]
	at org.apache.ratis.thirdparty.io.grpc.ForwardingServerCallListener.onMessage(ForwardingServerCallListener.java:33) [ratis-thirdparty-misc-0.6.0-SNAPSHOT.jar:0.6.0-SNAPSHOT]
	at org.apache.ratis.thirdparty.io.grpc.internal.ServerCallImpl$ServerStreamListenerImpl.messagesAvailableInternal(ServerCallImpl.java:309) [ratis-thirdparty-misc-0.6.0-SNAPSHOT.jar:0.6.0-SNAPSHOT]
	at org.apache.ratis.thirdparty.io.grpc.internal.ServerCallImpl$ServerStreamListenerImpl.messagesAvailable(ServerCallImpl.java:292) [ratis-thirdparty-misc-0.6.0-SNAPSHOT.jar:0.6.0-SNAPSHOT]
	at org.apache.ratis.thirdparty.io.grpc.internal.ServerImpl$JumpToApplicationThreadServerStreamListener$1MessagesAvailable.runInContext(ServerImpl.java:783) [ratis-thirdparty-misc-0.6.0-SNAPSHOT.jar:0.6.0-SNAPSHOT]
	at org.apache.ratis.thirdparty.io.grpc.internal.ContextRunnable.run(ContextRunnable.java:37) [ratis-thirdparty-misc-0.6.0-SNAPSHOT.jar:0.6.0-SNAPSHOT]
	at org.apache.ratis.thirdparty.io.grpc.internal.SerializingExecutor.run(SerializingExecutor.java:123) [ratis-thirdparty-misc-0.6.0-SNAPSHOT.jar:0.6.0-SNAPSHOT]
	at java.util.concurrent.ThreadPoolExecutor.runWorker(ThreadPoolExecutor.java:1149) [?:1.8.0_232]
	at java.util.concurrent.ThreadPoolExecutor$Worker.run(ThreadPoolExecutor.java:624) [?:1.8.0_232]
	at java.lang.Thread.run(Thread.java:748) [?:1.8.0_232]
13:02:43.622 [grpc-default-executor-2] ERROR DNAudit - user=null | ip=null | op=WRITE_CHUNK {blockData=conID: 2 locID: 105191817327869956 bcsId: 0} | ret=FAILURE
org.apache.hadoop.hdds.scm.container.common.helpers.ContainerNotOpenException: Container 2 in CLOSED state
	at org.apache.hadoop.ozone.container.common.impl.HddsDispatcher.validateContainerCommand(HddsDispatcher.java:484) ~[hadoop-hdds-container-service-1.1.0-SNAPSHOT.jar:?]
	at org.apache.hadoop.ozone.container.common.transport.server.ratis.ContainerStateMachine.startTransaction(ContainerStateMachine.java:319) ~[hadoop-hdds-container-service-1.1.0-SNAPSHOT.jar:?]
	at org.apache.ratis.server.impl.RaftServerImpl.submitClientRequestAsync(RaftServerImpl.java:684) ~[ratis-server-1.1.0-11689cd-SNAPSHOT.jar:1.1.0-11689cd-SNAPSHOT]
	at org.apache.ratis.server.impl.RaftServerProxy.lambda$submitClientRequestAsync$7(RaftServerProxy.java:341) ~[ratis-server-1.1.0-11689cd-SNAPSHOT.jar:1.1.0-11689cd-SNAPSHOT]
	at org.apache.ratis.server.impl.RaftServerProxy.lambda$null$5(RaftServerProxy.java:336) ~[ratis-server-1.1.0-11689cd-SNAPSHOT.jar:1.1.0-11689cd-SNAPSHOT]
	at org.apache.ratis.util.JavaUtils.callAsUnchecked(JavaUtils.java:109) ~[ratis-common-1.1.0-11689cd-SNAPSHOT.jar:1.1.0-11689cd-SNAPSHOT]
	at org.apache.ratis.server.impl.RaftServerProxy.lambda$submitRequest$6(RaftServerProxy.java:336) ~[ratis-server-1.1.0-11689cd-SNAPSHOT.jar:1.1.0-11689cd-SNAPSHOT]
	at java.util.concurrent.CompletableFuture.uniComposeStage(CompletableFuture.java:995) ~[?:1.8.0_232]
	at java.util.concurrent.CompletableFuture.thenCompose(CompletableFuture.java:2137) ~[?:1.8.0_232]
	at org.apache.ratis.server.impl.RaftServerProxy.submitRequest(RaftServerProxy.java:335) ~[ratis-server-1.1.0-11689cd-SNAPSHOT.jar:1.1.0-11689cd-SNAPSHOT]
	at org.apache.ratis.server.impl.RaftServerProxy.submitClientRequestAsync(RaftServerProxy.java:341) ~[ratis-server-1.1.0-11689cd-SNAPSHOT.jar:1.1.0-11689cd-SNAPSHOT]
	at org.apache.ratis.grpc.client.GrpcClientProtocolService$RequestStreamObserver.processClientRequest(GrpcClientProtocolService.java:228) ~[ratis-grpc-1.1.0-11689cd-SNAPSHOT.jar:1.1.0-11689cd-SNAPSHOT]
	at org.apache.ratis.grpc.client.GrpcClientProtocolService$OrderedRequestStreamObserver.processClientRequest(GrpcClientProtocolService.java:334) ~[ratis-grpc-1.1.0-11689cd-SNAPSHOT.jar:1.1.0-11689cd-SNAPSHOT]
	at org.apache.ratis.util.SlidingWindow$Server.processRequestsFromHead(SlidingWindow.java:429) [ratis-common-1.1.0-11689cd-SNAPSHOT.jar:1.1.0-11689cd-SNAPSHOT]
	at org.apache.ratis.util.SlidingWindow$Server.receivedRequest(SlidingWindow.java:421) [ratis-common-1.1.0-11689cd-SNAPSHOT.jar:1.1.0-11689cd-SNAPSHOT]
	at org.apache.ratis.grpc.client.GrpcClientProtocolService$OrderedRequestStreamObserver.processClientRequest(GrpcClientProtocolService.java:358) [ratis-grpc-1.1.0-11689cd-SNAPSHOT.jar:1.1.0-11689cd-SNAPSHOT]
	at org.apache.ratis.grpc.client.GrpcClientProtocolService$RequestStreamObserver.onNext(GrpcClientProtocolService.java:248) [ratis-grpc-1.1.0-11689cd-SNAPSHOT.jar:1.1.0-11689cd-SNAPSHOT]
	at org.apache.ratis.grpc.client.GrpcClientProtocolService$RequestStreamObserver.onNext(GrpcClientProtocolService.java:171) [ratis-grpc-1.1.0-11689cd-SNAPSHOT.jar:1.1.0-11689cd-SNAPSHOT]
	at org.apache.ratis.thirdparty.io.grpc.stub.ServerCalls$StreamingServerCallHandler$StreamingServerCallListener.onMessage(ServerCalls.java:251) [ratis-thirdparty-misc-0.6.0-SNAPSHOT.jar:0.6.0-SNAPSHOT]
	at org.apache.ratis.thirdparty.io.grpc.ForwardingServerCallListener.onMessage(ForwardingServerCallListener.java:33) [ratis-thirdparty-misc-0.6.0-SNAPSHOT.jar:0.6.0-SNAPSHOT]
	at org.apache.ratis.thirdparty.io.grpc.internal.ServerCallImpl$ServerStreamListenerImpl.messagesAvailableInternal(ServerCallImpl.java:309) [ratis-thirdparty-misc-0.6.0-SNAPSHOT.jar:0.6.0-SNAPSHOT]
	at org.apache.ratis.thirdparty.io.grpc.internal.ServerCallImpl$ServerStreamListenerImpl.messagesAvailable(ServerCallImpl.java:292) [ratis-thirdparty-misc-0.6.0-SNAPSHOT.jar:0.6.0-SNAPSHOT]
	at org.apache.ratis.thirdparty.io.grpc.internal.ServerImpl$JumpToApplicationThreadServerStreamListener$1MessagesAvailable.runInContext(ServerImpl.java:783) [ratis-thirdparty-misc-0.6.0-SNAPSHOT.jar:0.6.0-SNAPSHOT]
	at org.apache.ratis.thirdparty.io.grpc.internal.ContextRunnable.run(ContextRunnable.java:37) [ratis-thirdparty-misc-0.6.0-SNAPSHOT.jar:0.6.0-SNAPSHOT]
	at org.apache.ratis.thirdparty.io.grpc.internal.SerializingExecutor.run(SerializingExecutor.java:123) [ratis-thirdparty-misc-0.6.0-SNAPSHOT.jar:0.6.0-SNAPSHOT]
	at java.util.concurrent.ThreadPoolExecutor.runWorker(ThreadPoolExecutor.java:1149) [?:1.8.0_232]
	at java.util.concurrent.ThreadPoolExecutor$Worker.run(ThreadPoolExecutor.java:624) [?:1.8.0_232]
	at java.lang.Thread.run(Thread.java:748) [?:1.8.0_232]
2020-11-11 13:02:43,629 [grpc-default-executor-0] ERROR storage.BlockOutputStream (BlockOutputStream.java:lambda$writeChunkToContainer$3(685)) - writing chunk failed 105191817327869956_chunk_1 blockID conID: 2 locID: 105191817327869956 bcsId: 0 with exception org.apache.ratis.protocol.exceptions.StateMachineException: org.apache.hadoop.hdds.scm.container.common.helpers.ContainerNotOpenException from Server f941e2d8-b1d9-4857-a015-dcc954962098@group-DCED4E8F9534: Container 2 in CLOSED state
2020-11-11 13:02:43,632 [grpc-default-executor-0] ERROR storage.BlockOutputStream (BlockOutputStream.java:lambda$writeChunkToContainer$3(685)) - writing chunk failed 105191817327869956_chunk_2 blockID conID: 2 locID: 105191817327869956 bcsId: 0 with exception org.apache.ratis.protocol.exceptions.StateMachineException: org.apache.hadoop.hdds.scm.container.common.helpers.ContainerNotOpenException from Server f941e2d8-b1d9-4857-a015-dcc954962098@group-DCED4E8F9534: Container 2 in CLOSED state
13:02:43.631 [grpc-default-executor-2] ERROR DNAudit - user=null | ip=null | op=WRITE_CHUNK {blockData=conID: 2 locID: 105191817327869956 bcsId: 0} | ret=FAILURE
org.apache.hadoop.hdds.scm.container.common.helpers.ContainerNotOpenException: Container 2 in CLOSED state
	at org.apache.hadoop.ozone.container.common.impl.HddsDispatcher.validateContainerCommand(HddsDispatcher.java:484) ~[hadoop-hdds-container-service-1.1.0-SNAPSHOT.jar:?]
	at org.apache.hadoop.ozone.container.common.transport.server.ratis.ContainerStateMachine.startTransaction(ContainerStateMachine.java:319) ~[hadoop-hdds-container-service-1.1.0-SNAPSHOT.jar:?]
	at org.apache.ratis.server.impl.RaftServerImpl.submitClientRequestAsync(RaftServerImpl.java:684) ~[ratis-server-1.1.0-11689cd-SNAPSHOT.jar:1.1.0-11689cd-SNAPSHOT]
	at org.apache.ratis.server.impl.RaftServerProxy.lambda$submitClientRequestAsync$7(RaftServerProxy.java:341) ~[ratis-server-1.1.0-11689cd-SNAPSHOT.jar:1.1.0-11689cd-SNAPSHOT]
	at org.apache.ratis.server.impl.RaftServerProxy.lambda$null$5(RaftServerProxy.java:336) ~[ratis-server-1.1.0-11689cd-SNAPSHOT.jar:1.1.0-11689cd-SNAPSHOT]
	at org.apache.ratis.util.JavaUtils.callAsUnchecked(JavaUtils.java:109) ~[ratis-common-1.1.0-11689cd-SNAPSHOT.jar:1.1.0-11689cd-SNAPSHOT]
	at org.apache.ratis.server.impl.RaftServerProxy.lambda$submitRequest$6(RaftServerProxy.java:336) ~[ratis-server-1.1.0-11689cd-SNAPSHOT.jar:1.1.0-11689cd-SNAPSHOT]
	at java.util.concurrent.CompletableFuture.uniComposeStage(CompletableFuture.java:995) ~[?:1.8.0_232]
	at java.util.concurrent.CompletableFuture.thenCompose(CompletableFuture.java:2137) ~[?:1.8.0_232]
	at org.apache.ratis.server.impl.RaftServerProxy.submitRequest(RaftServerProxy.java:335) ~[ratis-server-1.1.0-11689cd-SNAPSHOT.jar:1.1.0-11689cd-SNAPSHOT]
	at org.apache.ratis.server.impl.RaftServerProxy.submitClientRequestAsync(RaftServerProxy.java:341) ~[ratis-server-1.1.0-11689cd-SNAPSHOT.jar:1.1.0-11689cd-SNAPSHOT]
	at org.apache.ratis.grpc.client.GrpcClientProtocolService$RequestStreamObserver.processClientRequest(GrpcClientProtocolService.java:228) ~[ratis-grpc-1.1.0-11689cd-SNAPSHOT.jar:1.1.0-11689cd-SNAPSHOT]
	at org.apache.ratis.grpc.client.GrpcClientProtocolService$OrderedRequestStreamObserver.processClientRequest(GrpcClientProtocolService.java:334) ~[ratis-grpc-1.1.0-11689cd-SNAPSHOT.jar:1.1.0-11689cd-SNAPSHOT]
	at org.apache.ratis.util.SlidingWindow$Server.processRequestsFromHead(SlidingWindow.java:429) [ratis-common-1.1.0-11689cd-SNAPSHOT.jar:1.1.0-11689cd-SNAPSHOT]
	at org.apache.ratis.util.SlidingWindow$Server.receivedRequest(SlidingWindow.java:421) [ratis-common-1.1.0-11689cd-SNAPSHOT.jar:1.1.0-11689cd-SNAPSHOT]
	at org.apache.ratis.grpc.client.GrpcClientProtocolService$OrderedRequestStreamObserver.processClientRequest(GrpcClientProtocolService.java:358) [ratis-grpc-1.1.0-11689cd-SNAPSHOT.jar:1.1.0-11689cd-SNAPSHOT]
	at org.apache.ratis.grpc.client.GrpcClientProtocolService$RequestStreamObserver.onNext(GrpcClientProtocolService.java:248) [ratis-grpc-1.1.0-11689cd-SNAPSHOT.jar:1.1.0-11689cd-SNAPSHOT]
	at org.apache.ratis.grpc.client.GrpcClientProtocolService$RequestStreamObserver.onNext(GrpcClientProtocolService.java:171) [ratis-grpc-1.1.0-11689cd-SNAPSHOT.jar:1.1.0-11689cd-SNAPSHOT]
	at org.apache.ratis.thirdparty.io.grpc.stub.ServerCalls$StreamingServerCallHandler$StreamingServerCallListener.onMessage(ServerCalls.java:251) [ratis-thirdparty-misc-0.6.0-SNAPSHOT.jar:0.6.0-SNAPSHOT]
	at org.apache.ratis.thirdparty.io.grpc.ForwardingServerCallListener.onMessage(ForwardingServerCallListener.java:33) [ratis-thirdparty-misc-0.6.0-SNAPSHOT.jar:0.6.0-SNAPSHOT]
	at org.apache.ratis.thirdparty.io.grpc.internal.ServerCallImpl$ServerStreamListenerImpl.messagesAvailableInternal(ServerCallImpl.java:309) [ratis-thirdparty-misc-0.6.0-SNAPSHOT.jar:0.6.0-SNAPSHOT]
	at org.apache.ratis.thirdparty.io.grpc.internal.ServerCallImpl$ServerStreamListenerImpl.messagesAvailable(ServerCallImpl.java:292) [ratis-thirdparty-misc-0.6.0-SNAPSHOT.jar:0.6.0-SNAPSHOT]
	at org.apache.ratis.thirdparty.io.grpc.internal.ServerImpl$JumpToApplicationThreadServerStreamListener$1MessagesAvailable.runInContext(ServerImpl.java:783) [ratis-thirdparty-misc-0.6.0-SNAPSHOT.jar:0.6.0-SNAPSHOT]
	at org.apache.ratis.thirdparty.io.grpc.internal.ContextRunnable.run(ContextRunnable.java:37) [ratis-thirdparty-misc-0.6.0-SNAPSHOT.jar:0.6.0-SNAPSHOT]
	at org.apache.ratis.thirdparty.io.grpc.internal.SerializingExecutor.run(SerializingExecutor.java:123) [ratis-thirdparty-misc-0.6.0-SNAPSHOT.jar:0.6.0-SNAPSHOT]
	at java.util.concurrent.ThreadPoolExecutor.runWorker(ThreadPoolExecutor.java:1149) [?:1.8.0_232]
	at java.util.concurrent.ThreadPoolExecutor$Worker.run(ThreadPoolExecutor.java:624) [?:1.8.0_232]
	at java.lang.Thread.run(Thread.java:748) [?:1.8.0_232]
2020-11-11 13:02:43,639 [grpc-default-executor-0] ERROR storage.BlockOutputStream (BlockOutputStream.java:lambda$writeChunkToContainer$3(685)) - writing chunk failed 105191817327869956_chunk_3 blockID conID: 2 locID: 105191817327869956 bcsId: 0 with exception org.apache.ratis.protocol.exceptions.StateMachineException: org.apache.hadoop.hdds.scm.container.common.helpers.ContainerNotOpenException from Server f941e2d8-b1d9-4857-a015-dcc954962098@group-DCED4E8F9534: Container 2 in CLOSED state
2020-11-11 13:02:43,640 [grpc-default-executor-0] ERROR storage.BlockOutputStream (BlockOutputStream.java:lambda$writeChunkToContainer$3(685)) - writing chunk failed 105191817327869956_chunk_4 blockID conID: 2 locID: 105191817327869956 bcsId: 0 with exception org.apache.ratis.protocol.exceptions.StateMachineException: org.apache.hadoop.hdds.scm.container.common.helpers.ContainerNotOpenException from Server f941e2d8-b1d9-4857-a015-dcc954962098@group-DCED4E8F9534: Container 2 in CLOSED state
13:02:43.640 [grpc-default-executor-2] ERROR DNAudit - user=null | ip=null | op=PUT_BLOCK {blockData=[blockId=conID: 2 locID: 105191817327869956 bcsId: 0,size=400]} | ret=FAILURE
org.apache.hadoop.hdds.scm.container.common.helpers.ContainerNotOpenException: Container 2 in CLOSED state
	at org.apache.hadoop.ozone.container.common.impl.HddsDispatcher.validateContainerCommand(HddsDispatcher.java:484) ~[hadoop-hdds-container-service-1.1.0-SNAPSHOT.jar:?]
	at org.apache.hadoop.ozone.container.common.transport.server.ratis.ContainerStateMachine.startTransaction(ContainerStateMachine.java:319) ~[hadoop-hdds-container-service-1.1.0-SNAPSHOT.jar:?]
	at org.apache.ratis.server.impl.RaftServerImpl.submitClientRequestAsync(RaftServerImpl.java:684) ~[ratis-server-1.1.0-11689cd-SNAPSHOT.jar:1.1.0-11689cd-SNAPSHOT]
	at org.apache.ratis.server.impl.RaftServerProxy.lambda$submitClientRequestAsync$7(RaftServerProxy.java:341) ~[ratis-server-1.1.0-11689cd-SNAPSHOT.jar:1.1.0-11689cd-SNAPSHOT]
	at org.apache.ratis.server.impl.RaftServerProxy.lambda$null$5(RaftServerProxy.java:336) ~[ratis-server-1.1.0-11689cd-SNAPSHOT.jar:1.1.0-11689cd-SNAPSHOT]
	at org.apache.ratis.util.JavaUtils.callAsUnchecked(JavaUtils.java:109) ~[ratis-common-1.1.0-11689cd-SNAPSHOT.jar:1.1.0-11689cd-SNAPSHOT]
	at org.apache.ratis.server.impl.RaftServerProxy.lambda$submitRequest$6(RaftServerProxy.java:336) ~[ratis-server-1.1.0-11689cd-SNAPSHOT.jar:1.1.0-11689cd-SNAPSHOT]
	at java.util.concurrent.CompletableFuture.uniComposeStage(CompletableFuture.java:995) ~[?:1.8.0_232]
	at java.util.concurrent.CompletableFuture.thenCompose(CompletableFuture.java:2137) ~[?:1.8.0_232]
	at org.apache.ratis.server.impl.RaftServerProxy.submitRequest(RaftServerProxy.java:335) ~[ratis-server-1.1.0-11689cd-SNAPSHOT.jar:1.1.0-11689cd-SNAPSHOT]
	at org.apache.ratis.server.impl.RaftServerProxy.submitClientRequestAsync(RaftServerProxy.java:341) ~[ratis-server-1.1.0-11689cd-SNAPSHOT.jar:1.1.0-11689cd-SNAPSHOT]
	at org.apache.ratis.grpc.client.GrpcClientProtocolService$RequestStreamObserver.processClientRequest(GrpcClientProtocolService.java:228) ~[ratis-grpc-1.1.0-11689cd-SNAPSHOT.jar:1.1.0-11689cd-SNAPSHOT]
	at org.apache.ratis.grpc.client.GrpcClientProtocolService$OrderedRequestStreamObserver.processClientRequest(GrpcClientProtocolService.java:334) ~[ratis-grpc-1.1.0-11689cd-SNAPSHOT.jar:1.1.0-11689cd-SNAPSHOT]
	at org.apache.ratis.util.SlidingWindow$Server.processRequestsFromHead(SlidingWindow.java:429) [ratis-common-1.1.0-11689cd-SNAPSHOT.jar:1.1.0-11689cd-SNAPSHOT]
	at org.apache.ratis.util.SlidingWindow$Server.receivedRequest(SlidingWindow.java:421) [ratis-common-1.1.0-11689cd-SNAPSHOT.jar:1.1.0-11689cd-SNAPSHOT]
	at org.apache.ratis.grpc.client.GrpcClientProtocolService$OrderedRequestStreamObserver.processClientRequest(GrpcClientProtocolService.java:358) [ratis-grpc-1.1.0-11689cd-SNAPSHOT.jar:1.1.0-11689cd-SNAPSHOT]
	at org.apache.ratis.grpc.client.GrpcClientProtocolService$RequestStreamObserver.onNext(GrpcClientProtocolService.java:248) [ratis-grpc-1.1.0-11689cd-SNAPSHOT.jar:1.1.0-11689cd-SNAPSHOT]
	at org.apache.ratis.grpc.client.GrpcClientProtocolService$RequestStreamObserver.onNext(GrpcClientProtocolService.java:171) [ratis-grpc-1.1.0-11689cd-SNAPSHOT.jar:1.1.0-11689cd-SNAPSHOT]
	at org.apache.ratis.thirdparty.io.grpc.stub.ServerCalls$StreamingServerCallHandler$StreamingServerCallListener.onMessage(ServerCalls.java:251) [ratis-thirdparty-misc-0.6.0-SNAPSHOT.jar:0.6.0-SNAPSHOT]
	at org.apache.ratis.thirdparty.io.grpc.ForwardingServerCallListener.onMessage(ForwardingServerCallListener.java:33) [ratis-thirdparty-misc-0.6.0-SNAPSHOT.jar:0.6.0-SNAPSHOT]
	at org.apache.ratis.thirdparty.io.grpc.internal.ServerCallImpl$ServerStreamListenerImpl.messagesAvailableInternal(ServerCallImpl.java:309) [ratis-thirdparty-misc-0.6.0-SNAPSHOT.jar:0.6.0-SNAPSHOT]
	at org.apache.ratis.thirdparty.io.grpc.internal.ServerCallImpl$ServerStreamListenerImpl.messagesAvailable(ServerCallImpl.java:292) [ratis-thirdparty-misc-0.6.0-SNAPSHOT.jar:0.6.0-SNAPSHOT]
	at org.apache.ratis.thirdparty.io.grpc.internal.ServerImpl$JumpToApplicationThreadServerStreamListener$1MessagesAvailable.runInContext(ServerImpl.java:783) [ratis-thirdparty-misc-0.6.0-SNAPSHOT.jar:0.6.0-SNAPSHOT]
	at org.apache.ratis.thirdparty.io.grpc.internal.ContextRunnable.run(ContextRunnable.java:37) [ratis-thirdparty-misc-0.6.0-SNAPSHOT.jar:0.6.0-SNAPSHOT]
	at org.apache.ratis.thirdparty.io.grpc.internal.SerializingExecutor.run(SerializingExecutor.java:123) [ratis-thirdparty-misc-0.6.0-SNAPSHOT.jar:0.6.0-SNAPSHOT]
	at java.util.concurrent.ThreadPoolExecutor.runWorker(ThreadPoolExecutor.java:1149) [?:1.8.0_232]
	at java.util.concurrent.ThreadPoolExecutor$Worker.run(ThreadPoolExecutor.java:624) [?:1.8.0_232]
	at java.lang.Thread.run(Thread.java:748) [?:1.8.0_232]
2020-11-11 13:02:43,651 [Listener at 127.0.0.1/39313] INFO  metrics.RatisMetrics (RatisMetrics.java:lambda$create$0(36)) - Creating Metrics Registry : ratis.client_message_metrics.client-D0C1243ECE78->03e737f9-595c-463e-9a53-563bdd016f99
13:02:43.665 [grpc-default-executor-0] ERROR DNAudit - user=null | ip=null | op=WRITE_CHUNK {blockData=conID: 3 locID: 105191817327869957 bcsId: 0} | ret=FAILURE
org.apache.hadoop.hdds.scm.container.common.helpers.ContainerNotOpenException: Container 3 in CLOSED state
	at org.apache.hadoop.ozone.container.common.impl.HddsDispatcher.validateContainerCommand(HddsDispatcher.java:484) ~[hadoop-hdds-container-service-1.1.0-SNAPSHOT.jar:?]
	at org.apache.hadoop.ozone.container.common.transport.server.ratis.ContainerStateMachine.startTransaction(ContainerStateMachine.java:319) ~[hadoop-hdds-container-service-1.1.0-SNAPSHOT.jar:?]
	at org.apache.ratis.server.impl.RaftServerImpl.submitClientRequestAsync(RaftServerImpl.java:684) ~[ratis-server-1.1.0-11689cd-SNAPSHOT.jar:1.1.0-11689cd-SNAPSHOT]
	at org.apache.ratis.server.impl.RaftServerProxy.lambda$submitClientRequestAsync$7(RaftServerProxy.java:341) ~[ratis-server-1.1.0-11689cd-SNAPSHOT.jar:1.1.0-11689cd-SNAPSHOT]
	at org.apache.ratis.server.impl.RaftServerProxy.lambda$null$5(RaftServerProxy.java:336) ~[ratis-server-1.1.0-11689cd-SNAPSHOT.jar:1.1.0-11689cd-SNAPSHOT]
	at org.apache.ratis.util.JavaUtils.callAsUnchecked(JavaUtils.java:109) ~[ratis-common-1.1.0-11689cd-SNAPSHOT.jar:1.1.0-11689cd-SNAPSHOT]
	at org.apache.ratis.server.impl.RaftServerProxy.lambda$submitRequest$6(RaftServerProxy.java:336) ~[ratis-server-1.1.0-11689cd-SNAPSHOT.jar:1.1.0-11689cd-SNAPSHOT]
	at java.util.concurrent.CompletableFuture.uniComposeStage(CompletableFuture.java:995) ~[?:1.8.0_232]
	at java.util.concurrent.CompletableFuture.thenCompose(CompletableFuture.java:2137) ~[?:1.8.0_232]
	at org.apache.ratis.server.impl.RaftServerProxy.submitRequest(RaftServerProxy.java:335) ~[ratis-server-1.1.0-11689cd-SNAPSHOT.jar:1.1.0-11689cd-SNAPSHOT]
	at org.apache.ratis.server.impl.RaftServerProxy.submitClientRequestAsync(RaftServerProxy.java:341) ~[ratis-server-1.1.0-11689cd-SNAPSHOT.jar:1.1.0-11689cd-SNAPSHOT]
	at org.apache.ratis.grpc.client.GrpcClientProtocolService$RequestStreamObserver.processClientRequest(GrpcClientProtocolService.java:228) ~[ratis-grpc-1.1.0-11689cd-SNAPSHOT.jar:1.1.0-11689cd-SNAPSHOT]
	at org.apache.ratis.grpc.client.GrpcClientProtocolService$OrderedRequestStreamObserver.processClientRequest(GrpcClientProtocolService.java:334) ~[ratis-grpc-1.1.0-11689cd-SNAPSHOT.jar:1.1.0-11689cd-SNAPSHOT]
	at org.apache.ratis.util.SlidingWindow$Server.processRequestsFromHead(SlidingWindow.java:429) [ratis-common-1.1.0-11689cd-SNAPSHOT.jar:1.1.0-11689cd-SNAPSHOT]
	at org.apache.ratis.util.SlidingWindow$Server.receivedRequest(SlidingWindow.java:421) [ratis-common-1.1.0-11689cd-SNAPSHOT.jar:1.1.0-11689cd-SNAPSHOT]
	at org.apache.ratis.grpc.client.GrpcClientProtocolService$OrderedRequestStreamObserver.processClientRequest(GrpcClientProtocolService.java:358) [ratis-grpc-1.1.0-11689cd-SNAPSHOT.jar:1.1.0-11689cd-SNAPSHOT]
	at org.apache.ratis.grpc.client.GrpcClientProtocolService$RequestStreamObserver.onNext(GrpcClientProtocolService.java:248) [ratis-grpc-1.1.0-11689cd-SNAPSHOT.jar:1.1.0-11689cd-SNAPSHOT]
	at org.apache.ratis.grpc.client.GrpcClientProtocolService$RequestStreamObserver.onNext(GrpcClientProtocolService.java:171) [ratis-grpc-1.1.0-11689cd-SNAPSHOT.jar:1.1.0-11689cd-SNAPSHOT]
	at org.apache.ratis.thirdparty.io.grpc.stub.ServerCalls$StreamingServerCallHandler$StreamingServerCallListener.onMessage(ServerCalls.java:251) [ratis-thirdparty-misc-0.6.0-SNAPSHOT.jar:0.6.0-SNAPSHOT]
	at org.apache.ratis.thirdparty.io.grpc.ForwardingServerCallListener.onMessage(ForwardingServerCallListener.java:33) [ratis-thirdparty-misc-0.6.0-SNAPSHOT.jar:0.6.0-SNAPSHOT]
	at org.apache.ratis.thirdparty.io.grpc.internal.ServerCallImpl$ServerStreamListenerImpl.messagesAvailableInternal(ServerCallImpl.java:309) [ratis-thirdparty-misc-0.6.0-SNAPSHOT.jar:0.6.0-SNAPSHOT]
	at org.apache.ratis.thirdparty.io.grpc.internal.ServerCallImpl$ServerStreamListenerImpl.messagesAvailable(ServerCallImpl.java:292) [ratis-thirdparty-misc-0.6.0-SNAPSHOT.jar:0.6.0-SNAPSHOT]
	at org.apache.ratis.thirdparty.io.grpc.internal.ServerImpl$JumpToApplicationThreadServerStreamListener$1MessagesAvailable.runInContext(ServerImpl.java:783) [ratis-thirdparty-misc-0.6.0-SNAPSHOT.jar:0.6.0-SNAPSHOT]
	at org.apache.ratis.thirdparty.io.grpc.internal.ContextRunnable.run(ContextRunnable.java:37) [ratis-thirdparty-misc-0.6.0-SNAPSHOT.jar:0.6.0-SNAPSHOT]
	at org.apache.ratis.thirdparty.io.grpc.internal.SerializingExecutor.run(SerializingExecutor.java:123) [ratis-thirdparty-misc-0.6.0-SNAPSHOT.jar:0.6.0-SNAPSHOT]
	at java.util.concurrent.ThreadPoolExecutor.runWorker(ThreadPoolExecutor.java:1149) [?:1.8.0_232]
	at java.util.concurrent.ThreadPoolExecutor$Worker.run(ThreadPoolExecutor.java:624) [?:1.8.0_232]
	at java.lang.Thread.run(Thread.java:748) [?:1.8.0_232]
13:02:43.667 [grpc-default-executor-0] ERROR DNAudit - user=null | ip=null | op=WRITE_CHUNK {blockData=conID: 3 locID: 105191817327869957 bcsId: 0} | ret=FAILURE
org.apache.hadoop.hdds.scm.container.common.helpers.ContainerNotOpenException: Container 3 in CLOSED state
	at org.apache.hadoop.ozone.container.common.impl.HddsDispatcher.validateContainerCommand(HddsDispatcher.java:484) ~[hadoop-hdds-container-service-1.1.0-SNAPSHOT.jar:?]
	at org.apache.hadoop.ozone.container.common.transport.server.ratis.ContainerStateMachine.startTransaction(ContainerStateMachine.java:319) ~[hadoop-hdds-container-service-1.1.0-SNAPSHOT.jar:?]
	at org.apache.ratis.server.impl.RaftServerImpl.submitClientRequestAsync(RaftServerImpl.java:684) ~[ratis-server-1.1.0-11689cd-SNAPSHOT.jar:1.1.0-11689cd-SNAPSHOT]
	at org.apache.ratis.server.impl.RaftServerProxy.lambda$submitClientRequestAsync$7(RaftServerProxy.java:341) ~[ratis-server-1.1.0-11689cd-SNAPSHOT.jar:1.1.0-11689cd-SNAPSHOT]
	at org.apache.ratis.server.impl.RaftServerProxy.lambda$null$5(RaftServerProxy.java:336) ~[ratis-server-1.1.0-11689cd-SNAPSHOT.jar:1.1.0-11689cd-SNAPSHOT]
	at org.apache.ratis.util.JavaUtils.callAsUnchecked(JavaUtils.java:109) ~[ratis-common-1.1.0-11689cd-SNAPSHOT.jar:1.1.0-11689cd-SNAPSHOT]
	at org.apache.ratis.server.impl.RaftServerProxy.lambda$submitRequest$6(RaftServerProxy.java:336) ~[ratis-server-1.1.0-11689cd-SNAPSHOT.jar:1.1.0-11689cd-SNAPSHOT]
	at java.util.concurrent.CompletableFuture.uniComposeStage(CompletableFuture.java:995) ~[?:1.8.0_232]
	at java.util.concurrent.CompletableFuture.thenCompose(CompletableFuture.java:2137) ~[?:1.8.0_232]
	at org.apache.ratis.server.impl.RaftServerProxy.submitRequest(RaftServerProxy.java:335) ~[ratis-server-1.1.0-11689cd-SNAPSHOT.jar:1.1.0-11689cd-SNAPSHOT]
	at org.apache.ratis.server.impl.RaftServerProxy.submitClientRequestAsync(RaftServerProxy.java:341) ~[ratis-server-1.1.0-11689cd-SNAPSHOT.jar:1.1.0-11689cd-SNAPSHOT]
	at org.apache.ratis.grpc.client.GrpcClientProtocolService$RequestStreamObserver.processClientRequest(GrpcClientProtocolService.java:228) ~[ratis-grpc-1.1.0-11689cd-SNAPSHOT.jar:1.1.0-11689cd-SNAPSHOT]
	at org.apache.ratis.grpc.client.GrpcClientProtocolService$OrderedRequestStreamObserver.processClientRequest(GrpcClientProtocolService.java:334) ~[ratis-grpc-1.1.0-11689cd-SNAPSHOT.jar:1.1.0-11689cd-SNAPSHOT]
	at org.apache.ratis.util.SlidingWindow$Server.processRequestsFromHead(SlidingWindow.java:429) [ratis-common-1.1.0-11689cd-SNAPSHOT.jar:1.1.0-11689cd-SNAPSHOT]
	at org.apache.ratis.util.SlidingWindow$Server.receivedRequest(SlidingWindow.java:421) [ratis-common-1.1.0-11689cd-SNAPSHOT.jar:1.1.0-11689cd-SNAPSHOT]
	at org.apache.ratis.grpc.client.GrpcClientProtocolService$OrderedRequestStreamObserver.processClientRequest(GrpcClientProtocolService.java:358) [ratis-grpc-1.1.0-11689cd-SNAPSHOT.jar:1.1.0-11689cd-SNAPSHOT]
	at org.apache.ratis.grpc.client.GrpcClientProtocolService$RequestStreamObserver.onNext(GrpcClientProtocolService.java:248) [ratis-grpc-1.1.0-11689cd-SNAPSHOT.jar:1.1.0-11689cd-SNAPSHOT]
	at org.apache.ratis.grpc.client.GrpcClientProtocolService$RequestStreamObserver.onNext(GrpcClientProtocolService.java:171) [ratis-grpc-1.1.0-11689cd-SNAPSHOT.jar:1.1.0-11689cd-SNAPSHOT]
	at org.apache.ratis.thirdparty.io.grpc.stub.ServerCalls$StreamingServerCallHandler$StreamingServerCallListener.onMessage(ServerCalls.java:251) [ratis-thirdparty-misc-0.6.0-SNAPSHOT.jar:0.6.0-SNAPSHOT]
	at org.apache.ratis.thirdparty.io.grpc.ForwardingServerCallListener.onMessage(ForwardingServerCallListener.java:33) [ratis-thirdparty-misc-0.6.0-SNAPSHOT.jar:0.6.0-SNAPSHOT]
	at org.apache.ratis.thirdparty.io.grpc.internal.ServerCallImpl$ServerStreamListenerImpl.messagesAvailableInternal(ServerCallImpl.java:309) [ratis-thirdparty-misc-0.6.0-SNAPSHOT.jar:0.6.0-SNAPSHOT]
	at org.apache.ratis.thirdparty.io.grpc.internal.ServerCallImpl$ServerStreamListenerImpl.messagesAvailable(ServerCallImpl.java:292) [ratis-thirdparty-misc-0.6.0-SNAPSHOT.jar:0.6.0-SNAPSHOT]
	at org.apache.ratis.thirdparty.io.grpc.internal.ServerImpl$JumpToApplicationThreadServerStreamListener$1MessagesAvailable.runInContext(ServerImpl.java:783) [ratis-thirdparty-misc-0.6.0-SNAPSHOT.jar:0.6.0-SNAPSHOT]
	at org.apache.ratis.thirdparty.io.grpc.internal.ContextRunnable.run(ContextRunnable.java:37) [ratis-thirdparty-misc-0.6.0-SNAPSHOT.jar:0.6.0-SNAPSHOT]
	at org.apache.ratis.thirdparty.io.grpc.internal.SerializingExecutor.run(SerializingExecutor.java:123) [ratis-thirdparty-misc-0.6.0-SNAPSHOT.jar:0.6.0-SNAPSHOT]
	at java.util.concurrent.ThreadPoolExecutor.runWorker(ThreadPoolExecutor.java:1149) [?:1.8.0_232]
	at java.util.concurrent.ThreadPoolExecutor$Worker.run(ThreadPoolExecutor.java:624) [?:1.8.0_232]
	at java.lang.Thread.run(Thread.java:748) [?:1.8.0_232]
2020-11-11 13:02:43,687 [grpc-default-executor-2] ERROR storage.BlockOutputStream (BlockOutputStream.java:lambda$writeChunkToContainer$3(685)) - writing chunk failed 105191817327869957_chunk_1 blockID conID: 3 locID: 105191817327869957 bcsId: 0 with exception org.apache.ratis.protocol.exceptions.StateMachineException: org.apache.hadoop.hdds.scm.container.common.helpers.ContainerNotOpenException from Server 03e737f9-595c-463e-9a53-563bdd016f99@group-7E342E325D6C: Container 3 in CLOSED state
2020-11-11 13:02:43,691 [grpc-default-executor-2] ERROR storage.BlockOutputStream (BlockOutputStream.java:lambda$writeChunkToContainer$3(685)) - writing chunk failed 105191817327869957_chunk_2 blockID conID: 3 locID: 105191817327869957 bcsId: 0 with exception org.apache.ratis.protocol.exceptions.StateMachineException: org.apache.hadoop.hdds.scm.container.common.helpers.ContainerNotOpenException from Server 03e737f9-595c-463e-9a53-563bdd016f99@group-7E342E325D6C: Container 3 in CLOSED state
13:02:43.691 [grpc-default-executor-0] ERROR DNAudit - user=null | ip=null | op=PUT_BLOCK {blockData=[blockId=conID: 3 locID: 105191817327869957 bcsId: 0,size=200]} | ret=FAILURE
org.apache.hadoop.hdds.scm.container.common.helpers.ContainerNotOpenException: Container 3 in CLOSED state
	at org.apache.hadoop.ozone.container.common.impl.HddsDispatcher.validateContainerCommand(HddsDispatcher.java:484) ~[hadoop-hdds-container-service-1.1.0-SNAPSHOT.jar:?]
	at org.apache.hadoop.ozone.container.common.transport.server.ratis.ContainerStateMachine.startTransaction(ContainerStateMachine.java:319) ~[hadoop-hdds-container-service-1.1.0-SNAPSHOT.jar:?]
	at org.apache.ratis.server.impl.RaftServerImpl.submitClientRequestAsync(RaftServerImpl.java:684) ~[ratis-server-1.1.0-11689cd-SNAPSHOT.jar:1.1.0-11689cd-SNAPSHOT]
	at org.apache.ratis.server.impl.RaftServerProxy.lambda$submitClientRequestAsync$7(RaftServerProxy.java:341) ~[ratis-server-1.1.0-11689cd-SNAPSHOT.jar:1.1.0-11689cd-SNAPSHOT]
	at org.apache.ratis.server.impl.RaftServerProxy.lambda$null$5(RaftServerProxy.java:336) ~[ratis-server-1.1.0-11689cd-SNAPSHOT.jar:1.1.0-11689cd-SNAPSHOT]
	at org.apache.ratis.util.JavaUtils.callAsUnchecked(JavaUtils.java:109) ~[ratis-common-1.1.0-11689cd-SNAPSHOT.jar:1.1.0-11689cd-SNAPSHOT]
	at org.apache.ratis.server.impl.RaftServerProxy.lambda$submitRequest$6(RaftServerProxy.java:336) ~[ratis-server-1.1.0-11689cd-SNAPSHOT.jar:1.1.0-11689cd-SNAPSHOT]
	at java.util.concurrent.CompletableFuture.uniComposeStage(CompletableFuture.java:995) ~[?:1.8.0_232]
	at java.util.concurrent.CompletableFuture.thenCompose(CompletableFuture.java:2137) ~[?:1.8.0_232]
	at org.apache.ratis.server.impl.RaftServerProxy.submitRequest(RaftServerProxy.java:335) ~[ratis-server-1.1.0-11689cd-SNAPSHOT.jar:1.1.0-11689cd-SNAPSHOT]
	at org.apache.ratis.server.impl.RaftServerProxy.submitClientRequestAsync(RaftServerProxy.java:341) ~[ratis-server-1.1.0-11689cd-SNAPSHOT.jar:1.1.0-11689cd-SNAPSHOT]
	at org.apache.ratis.grpc.client.GrpcClientProtocolService$RequestStreamObserver.processClientRequest(GrpcClientProtocolService.java:228) ~[ratis-grpc-1.1.0-11689cd-SNAPSHOT.jar:1.1.0-11689cd-SNAPSHOT]
	at org.apache.ratis.grpc.client.GrpcClientProtocolService$OrderedRequestStreamObserver.processClientRequest(GrpcClientProtocolService.java:334) ~[ratis-grpc-1.1.0-11689cd-SNAPSHOT.jar:1.1.0-11689cd-SNAPSHOT]
	at org.apache.ratis.util.SlidingWindow$Server.processRequestsFromHead(SlidingWindow.java:429) [ratis-common-1.1.0-11689cd-SNAPSHOT.jar:1.1.0-11689cd-SNAPSHOT]
	at org.apache.ratis.util.SlidingWindow$Server.receivedRequest(SlidingWindow.java:421) [ratis-common-1.1.0-11689cd-SNAPSHOT.jar:1.1.0-11689cd-SNAPSHOT]
	at org.apache.ratis.grpc.client.GrpcClientProtocolService$OrderedRequestStreamObserver.processClientRequest(GrpcClientProtocolService.java:358) [ratis-grpc-1.1.0-11689cd-SNAPSHOT.jar:1.1.0-11689cd-SNAPSHOT]
	at org.apache.ratis.grpc.client.GrpcClientProtocolService$RequestStreamObserver.onNext(GrpcClientProtocolService.java:248) [ratis-grpc-1.1.0-11689cd-SNAPSHOT.jar:1.1.0-11689cd-SNAPSHOT]
	at org.apache.ratis.grpc.client.GrpcClientProtocolService$RequestStreamObserver.onNext(GrpcClientProtocolService.java:171) [ratis-grpc-1.1.0-11689cd-SNAPSHOT.jar:1.1.0-11689cd-SNAPSHOT]
	at org.apache.ratis.thirdparty.io.grpc.stub.ServerCalls$StreamingServerCallHandler$StreamingServerCallListener.onMessage(ServerCalls.java:251) [ratis-thirdparty-misc-0.6.0-SNAPSHOT.jar:0.6.0-SNAPSHOT]
	at org.apache.ratis.thirdparty.io.grpc.ForwardingServerCallListener.onMessage(ForwardingServerCallListener.java:33) [ratis-thirdparty-misc-0.6.0-SNAPSHOT.jar:0.6.0-SNAPSHOT]
	at org.apache.ratis.thirdparty.io.grpc.internal.ServerCallImpl$ServerStreamListenerImpl.messagesAvailableInternal(ServerCallImpl.java:309) [ratis-thirdparty-misc-0.6.0-SNAPSHOT.jar:0.6.0-SNAPSHOT]
	at org.apache.ratis.thirdparty.io.grpc.internal.ServerCallImpl$ServerStreamListenerImpl.messagesAvailable(ServerCallImpl.java:292) [ratis-thirdparty-misc-0.6.0-SNAPSHOT.jar:0.6.0-SNAPSHOT]
	at org.apache.ratis.thirdparty.io.grpc.internal.ServerImpl$JumpToApplicationThreadServerStreamListener$1MessagesAvailable.runInContext(ServerImpl.java:783) [ratis-thirdparty-misc-0.6.0-SNAPSHOT.jar:0.6.0-SNAPSHOT]
	at org.apache.ratis.thirdparty.io.grpc.internal.ContextRunnable.run(ContextRunnable.java:37) [ratis-thirdparty-misc-0.6.0-SNAPSHOT.jar:0.6.0-SNAPSHOT]
	at org.apache.ratis.thirdparty.io.grpc.internal.SerializingExecutor.run(SerializingExecutor.java:123) [ratis-thirdparty-misc-0.6.0-SNAPSHOT.jar:0.6.0-SNAPSHOT]
	at java.util.concurrent.ThreadPoolExecutor.runWorker(ThreadPoolExecutor.java:1149) [?:1.8.0_232]
	at java.util.concurrent.ThreadPoolExecutor$Worker.run(ThreadPoolExecutor.java:624) [?:1.8.0_232]
	at java.lang.Thread.run(Thread.java:748) [?:1.8.0_232]
13:02:43.696 [grpc-default-executor-0] ERROR DNAudit - user=null | ip=null | op=WRITE_CHUNK {blockData=conID: 3 locID: 105191817327869957 bcsId: 0} | ret=FAILURE
org.apache.hadoop.hdds.scm.container.common.helpers.ContainerNotOpenException: Container 3 in CLOSED state
	at org.apache.hadoop.ozone.container.common.impl.HddsDispatcher.validateContainerCommand(HddsDispatcher.java:484) ~[hadoop-hdds-container-service-1.1.0-SNAPSHOT.jar:?]
	at org.apache.hadoop.ozone.container.common.transport.server.ratis.ContainerStateMachine.startTransaction(ContainerStateMachine.java:319) ~[hadoop-hdds-container-service-1.1.0-SNAPSHOT.jar:?]
	at org.apache.ratis.server.impl.RaftServerImpl.submitClientRequestAsync(RaftServerImpl.java:684) ~[ratis-server-1.1.0-11689cd-SNAPSHOT.jar:1.1.0-11689cd-SNAPSHOT]
	at org.apache.ratis.server.impl.RaftServerProxy.lambda$submitClientRequestAsync$7(RaftServerProxy.java:341) ~[ratis-server-1.1.0-11689cd-SNAPSHOT.jar:1.1.0-11689cd-SNAPSHOT]
	at org.apache.ratis.server.impl.RaftServerProxy.lambda$null$5(RaftServerProxy.java:336) ~[ratis-server-1.1.0-11689cd-SNAPSHOT.jar:1.1.0-11689cd-SNAPSHOT]
	at org.apache.ratis.util.JavaUtils.callAsUnchecked(JavaUtils.java:109) ~[ratis-common-1.1.0-11689cd-SNAPSHOT.jar:1.1.0-11689cd-SNAPSHOT]
	at org.apache.ratis.server.impl.RaftServerProxy.lambda$submitRequest$6(RaftServerProxy.java:336) ~[ratis-server-1.1.0-11689cd-SNAPSHOT.jar:1.1.0-11689cd-SNAPSHOT]
	at java.util.concurrent.CompletableFuture.uniComposeStage(CompletableFuture.java:995) ~[?:1.8.0_232]
	at java.util.concurrent.CompletableFuture.thenCompose(CompletableFuture.java:2137) ~[?:1.8.0_232]
	at org.apache.ratis.server.impl.RaftServerProxy.submitRequest(RaftServerProxy.java:335) ~[ratis-server-1.1.0-11689cd-SNAPSHOT.jar:1.1.0-11689cd-SNAPSHOT]
	at org.apache.ratis.server.impl.RaftServerProxy.submitClientRequestAsync(RaftServerProxy.java:341) ~[ratis-server-1.1.0-11689cd-SNAPSHOT.jar:1.1.0-11689cd-SNAPSHOT]
	at org.apache.ratis.grpc.client.GrpcClientProtocolService$RequestStreamObserver.processClientRequest(GrpcClientProtocolService.java:228) ~[ratis-grpc-1.1.0-11689cd-SNAPSHOT.jar:1.1.0-11689cd-SNAPSHOT]
	at org.apache.ratis.grpc.client.GrpcClientProtocolService$OrderedRequestStreamObserver.processClientRequest(GrpcClientProtocolService.java:334) ~[ratis-grpc-1.1.0-11689cd-SNAPSHOT.jar:1.1.0-11689cd-SNAPSHOT]
	at org.apache.ratis.util.SlidingWindow$Server.processRequestsFromHead(SlidingWindow.java:429) [ratis-common-1.1.0-11689cd-SNAPSHOT.jar:1.1.0-11689cd-SNAPSHOT]
	at org.apache.ratis.util.SlidingWindow$Server.receivedRequest(SlidingWindow.java:421) [ratis-common-1.1.0-11689cd-SNAPSHOT.jar:1.1.0-11689cd-SNAPSHOT]
	at org.apache.ratis.grpc.client.GrpcClientProtocolService$OrderedRequestStreamObserver.processClientRequest(GrpcClientProtocolService.java:358) [ratis-grpc-1.1.0-11689cd-SNAPSHOT.jar:1.1.0-11689cd-SNAPSHOT]
	at org.apache.ratis.grpc.client.GrpcClientProtocolService$RequestStreamObserver.onNext(GrpcClientProtocolService.java:248) [ratis-grpc-1.1.0-11689cd-SNAPSHOT.jar:1.1.0-11689cd-SNAPSHOT]
	at org.apache.ratis.grpc.client.GrpcClientProtocolService$RequestStreamObserver.onNext(GrpcClientProtocolService.java:171) [ratis-grpc-1.1.0-11689cd-SNAPSHOT.jar:1.1.0-11689cd-SNAPSHOT]
	at org.apache.ratis.thirdparty.io.grpc.stub.ServerCalls$StreamingServerCallHandler$StreamingServerCallListener.onMessage(ServerCalls.java:251) [ratis-thirdparty-misc-0.6.0-SNAPSHOT.jar:0.6.0-SNAPSHOT]
	at org.apache.ratis.thirdparty.io.grpc.ForwardingServerCallListener.onMessage(ForwardingServerCallListener.java:33) [ratis-thirdparty-misc-0.6.0-SNAPSHOT.jar:0.6.0-SNAPSHOT]
	at org.apache.ratis.thirdparty.io.grpc.internal.ServerCallImpl$ServerStreamListenerImpl.messagesAvailableInternal(ServerCallImpl.java:309) [ratis-thirdparty-misc-0.6.0-SNAPSHOT.jar:0.6.0-SNAPSHOT]
	at org.apache.ratis.thirdparty.io.grpc.internal.ServerCallImpl$ServerStreamListenerImpl.messagesAvailable(ServerCallImpl.java:292) [ratis-thirdparty-misc-0.6.0-SNAPSHOT.jar:0.6.0-SNAPSHOT]
	at org.apache.ratis.thirdparty.io.grpc.internal.ServerImpl$JumpToApplicationThreadServerStreamListener$1MessagesAvailable.runInContext(ServerImpl.java:783) [ratis-thirdparty-misc-0.6.0-SNAPSHOT.jar:0.6.0-SNAPSHOT]
	at org.apache.ratis.thirdparty.io.grpc.internal.ContextRunnable.run(ContextRunnable.java:37) [ratis-thirdparty-misc-0.6.0-SNAPSHOT.jar:0.6.0-SNAPSHOT]
	at org.apache.ratis.thirdparty.io.grpc.internal.SerializingExecutor.run(SerializingExecutor.java:123) [ratis-thirdparty-misc-0.6.0-SNAPSHOT.jar:0.6.0-SNAPSHOT]
	at java.util.concurrent.ThreadPoolExecutor.runWorker(ThreadPoolExecutor.java:1149) [?:1.8.0_232]
	at java.util.concurrent.ThreadPoolExecutor$Worker.run(ThreadPoolExecutor.java:624) [?:1.8.0_232]
	at java.lang.Thread.run(Thread.java:748) [?:1.8.0_232]
13:02:43.696 [grpc-default-executor-0] ERROR DNAudit - user=null | ip=null | op=WRITE_CHUNK {blockData=conID: 3 locID: 105191817327869957 bcsId: 0} | ret=FAILURE
org.apache.hadoop.hdds.scm.container.common.helpers.ContainerNotOpenException: Container 3 in CLOSED state
	at org.apache.hadoop.ozone.container.common.impl.HddsDispatcher.validateContainerCommand(HddsDispatcher.java:484) ~[hadoop-hdds-container-service-1.1.0-SNAPSHOT.jar:?]
	at org.apache.hadoop.ozone.container.common.transport.server.ratis.ContainerStateMachine.startTransaction(ContainerStateMachine.java:319) ~[hadoop-hdds-container-service-1.1.0-SNAPSHOT.jar:?]
	at org.apache.ratis.server.impl.RaftServerImpl.submitClientRequestAsync(RaftServerImpl.java:684) ~[ratis-server-1.1.0-11689cd-SNAPSHOT.jar:1.1.0-11689cd-SNAPSHOT]
	at org.apache.ratis.server.impl.RaftServerProxy.lambda$submitClientRequestAsync$7(RaftServerProxy.java:341) ~[ratis-server-1.1.0-11689cd-SNAPSHOT.jar:1.1.0-11689cd-SNAPSHOT]
	at org.apache.ratis.server.impl.RaftServerProxy.lambda$null$5(RaftServerProxy.java:336) ~[ratis-server-1.1.0-11689cd-SNAPSHOT.jar:1.1.0-11689cd-SNAPSHOT]
	at org.apache.ratis.util.JavaUtils.callAsUnchecked(JavaUtils.java:109) ~[ratis-common-1.1.0-11689cd-SNAPSHOT.jar:1.1.0-11689cd-SNAPSHOT]
	at org.apache.ratis.server.impl.RaftServerProxy.lambda$submitRequest$6(RaftServerProxy.java:336) ~[ratis-server-1.1.0-11689cd-SNAPSHOT.jar:1.1.0-11689cd-SNAPSHOT]
	at java.util.concurrent.CompletableFuture.uniComposeStage(CompletableFuture.java:995) ~[?:1.8.0_232]
	at java.util.concurrent.CompletableFuture.thenCompose(CompletableFuture.java:2137) ~[?:1.8.0_232]
	at org.apache.ratis.server.impl.RaftServerProxy.submitRequest(RaftServerProxy.java:335) ~[ratis-server-1.1.0-11689cd-SNAPSHOT.jar:1.1.0-11689cd-SNAPSHOT]
	at org.apache.ratis.server.impl.RaftServerProxy.submitClientRequestAsync(RaftServerProxy.java:341) ~[ratis-server-1.1.0-11689cd-SNAPSHOT.jar:1.1.0-11689cd-SNAPSHOT]
	at org.apache.ratis.grpc.client.GrpcClientProtocolService$RequestStreamObserver.processClientRequest(GrpcClientProtocolService.java:228) ~[ratis-grpc-1.1.0-11689cd-SNAPSHOT.jar:1.1.0-11689cd-SNAPSHOT]
	at org.apache.ratis.grpc.client.GrpcClientProtocolService$OrderedRequestStreamObserver.processClientRequest(GrpcClientProtocolService.java:334) ~[ratis-grpc-1.1.0-11689cd-SNAPSHOT.jar:1.1.0-11689cd-SNAPSHOT]
	at org.apache.ratis.util.SlidingWindow$Server.processRequestsFromHead(SlidingWindow.java:429) [ratis-common-1.1.0-11689cd-SNAPSHOT.jar:1.1.0-11689cd-SNAPSHOT]
	at org.apache.ratis.util.SlidingWindow$Server.receivedRequest(SlidingWindow.java:421) [ratis-common-1.1.0-11689cd-SNAPSHOT.jar:1.1.0-11689cd-SNAPSHOT]
	at org.apache.ratis.grpc.client.GrpcClientProtocolService$OrderedRequestStreamObserver.processClientRequest(GrpcClientProtocolService.java:358) [ratis-grpc-1.1.0-11689cd-SNAPSHOT.jar:1.1.0-11689cd-SNAPSHOT]
	at org.apache.ratis.grpc.client.GrpcClientProtocolService$RequestStreamObserver.onNext(GrpcClientProtocolService.java:248) [ratis-grpc-1.1.0-11689cd-SNAPSHOT.jar:1.1.0-11689cd-SNAPSHOT]
	at org.apache.ratis.grpc.client.GrpcClientProtocolService$RequestStreamObserver.onNext(GrpcClientProtocolService.java:171) [ratis-grpc-1.1.0-11689cd-SNAPSHOT.jar:1.1.0-11689cd-SNAPSHOT]
	at org.apache.ratis.thirdparty.io.grpc.stub.ServerCalls$StreamingServerCallHandler$StreamingServerCallListener.onMessage(ServerCalls.java:251) [ratis-thirdparty-misc-0.6.0-SNAPSHOT.jar:0.6.0-SNAPSHOT]
	at org.apache.ratis.thirdparty.io.grpc.ForwardingServerCallListener.onMessage(ForwardingServerCallListener.java:33) [ratis-thirdparty-misc-0.6.0-SNAPSHOT.jar:0.6.0-SNAPSHOT]
	at org.apache.ratis.thirdparty.io.grpc.internal.ServerCallImpl$ServerStreamListenerImpl.messagesAvailableInternal(ServerCallImpl.java:309) [ratis-thirdparty-misc-0.6.0-SNAPSHOT.jar:0.6.0-SNAPSHOT]
	at org.apache.ratis.thirdparty.io.grpc.internal.ServerCallImpl$ServerStreamListenerImpl.messagesAvailable(ServerCallImpl.java:292) [ratis-thirdparty-misc-0.6.0-SNAPSHOT.jar:0.6.0-SNAPSHOT]
	at org.apache.ratis.thirdparty.io.grpc.internal.ServerImpl$JumpToApplicationThreadServerStreamListener$1MessagesAvailable.runInContext(ServerImpl.java:783) [ratis-thirdparty-misc-0.6.0-SNAPSHOT.jar:0.6.0-SNAPSHOT]
	at org.apache.ratis.thirdparty.io.grpc.internal.ContextRunnable.run(ContextRunnable.java:37) [ratis-thirdparty-misc-0.6.0-SNAPSHOT.jar:0.6.0-SNAPSHOT]
	at org.apache.ratis.thirdparty.io.grpc.internal.SerializingExecutor.run(SerializingExecutor.java:123) [ratis-thirdparty-misc-0.6.0-SNAPSHOT.jar:0.6.0-SNAPSHOT]
	at java.util.concurrent.ThreadPoolExecutor.runWorker(ThreadPoolExecutor.java:1149) [?:1.8.0_232]
	at java.util.concurrent.ThreadPoolExecutor$Worker.run(ThreadPoolExecutor.java:624) [?:1.8.0_232]
	at java.lang.Thread.run(Thread.java:748) [?:1.8.0_232]
2020-11-11 13:02:43,705 [grpc-default-executor-2] ERROR storage.BlockOutputStream (BlockOutputStream.java:lambda$writeChunkToContainer$3(685)) - writing chunk failed 105191817327869957_chunk_3 blockID conID: 3 locID: 105191817327869957 bcsId: 0 with exception org.apache.ratis.protocol.exceptions.StateMachineException: org.apache.hadoop.hdds.scm.container.common.helpers.ContainerNotOpenException from Server 03e737f9-595c-463e-9a53-563bdd016f99@group-7E342E325D6C: Container 3 in CLOSED state
13:02:43.707 [grpc-default-executor-0] ERROR DNAudit - user=null | ip=null | op=PUT_BLOCK {blockData=[blockId=conID: 3 locID: 105191817327869957 bcsId: 0,size=400]} | ret=FAILURE
org.apache.hadoop.hdds.scm.container.common.helpers.ContainerNotOpenException: Container 3 in CLOSED state
	at org.apache.hadoop.ozone.container.common.impl.HddsDispatcher.validateContainerCommand(HddsDispatcher.java:484) ~[hadoop-hdds-container-service-1.1.0-SNAPSHOT.jar:?]
	at org.apache.hadoop.ozone.container.common.transport.server.ratis.ContainerStateMachine.startTransaction(ContainerStateMachine.java:319) ~[hadoop-hdds-container-service-1.1.0-SNAPSHOT.jar:?]
	at org.apache.ratis.server.impl.RaftServerImpl.submitClientRequestAsync(RaftServerImpl.java:684) ~[ratis-server-1.1.0-11689cd-SNAPSHOT.jar:1.1.0-11689cd-SNAPSHOT]
	at org.apache.ratis.server.impl.RaftServerProxy.lambda$submitClientRequestAsync$7(RaftServerProxy.java:341) ~[ratis-server-1.1.0-11689cd-SNAPSHOT.jar:1.1.0-11689cd-SNAPSHOT]
	at org.apache.ratis.server.impl.RaftServerProxy.lambda$null$5(RaftServerProxy.java:336) ~[ratis-server-1.1.0-11689cd-SNAPSHOT.jar:1.1.0-11689cd-SNAPSHOT]
	at org.apache.ratis.util.JavaUtils.callAsUnchecked(JavaUtils.java:109) ~[ratis-common-1.1.0-11689cd-SNAPSHOT.jar:1.1.0-11689cd-SNAPSHOT]
	at org.apache.ratis.server.impl.RaftServerProxy.lambda$submitRequest$6(RaftServerProxy.java:336) ~[ratis-server-1.1.0-11689cd-SNAPSHOT.jar:1.1.0-11689cd-SNAPSHOT]
	at java.util.concurrent.CompletableFuture.uniComposeStage(CompletableFuture.java:995) ~[?:1.8.0_232]
	at java.util.concurrent.CompletableFuture.thenCompose(CompletableFuture.java:2137) ~[?:1.8.0_232]
	at org.apache.ratis.server.impl.RaftServerProxy.submitRequest(RaftServerProxy.java:335) ~[ratis-server-1.1.0-11689cd-SNAPSHOT.jar:1.1.0-11689cd-SNAPSHOT]
	at org.apache.ratis.server.impl.RaftServerProxy.submitClientRequestAsync(RaftServerProxy.java:341) ~[ratis-server-1.1.0-11689cd-SNAPSHOT.jar:1.1.0-11689cd-SNAPSHOT]
	at org.apache.ratis.grpc.client.GrpcClientProtocolService$RequestStreamObserver.processClientRequest(GrpcClientProtocolService.java:228) ~[ratis-grpc-1.1.0-11689cd-SNAPSHOT.jar:1.1.0-11689cd-SNAPSHOT]
	at org.apache.ratis.grpc.client.GrpcClientProtocolService$OrderedRequestStreamObserver.processClientRequest(GrpcClientProtocolService.java:334) ~[ratis-grpc-1.1.0-11689cd-SNAPSHOT.jar:1.1.0-11689cd-SNAPSHOT]
	at org.apache.ratis.util.SlidingWindow$Server.processRequestsFromHead(SlidingWindow.java:429) [ratis-common-1.1.0-11689cd-SNAPSHOT.jar:1.1.0-11689cd-SNAPSHOT]
	at org.apache.ratis.util.SlidingWindow$Server.receivedRequest(SlidingWindow.java:421) [ratis-common-1.1.0-11689cd-SNAPSHOT.jar:1.1.0-11689cd-SNAPSHOT]
	at org.apache.ratis.grpc.client.GrpcClientProtocolService$OrderedRequestStreamObserver.processClientRequest(GrpcClientProtocolService.java:358) [ratis-grpc-1.1.0-11689cd-SNAPSHOT.jar:1.1.0-11689cd-SNAPSHOT]
	at org.apache.ratis.grpc.client.GrpcClientProtocolService$RequestStreamObserver.onNext(GrpcClientProtocolService.java:248) [ratis-grpc-1.1.0-11689cd-SNAPSHOT.jar:1.1.0-11689cd-SNAPSHOT]
	at org.apache.ratis.grpc.client.GrpcClientProtocolService$RequestStreamObserver.onNext(GrpcClientProtocolService.java:171) [ratis-grpc-1.1.0-11689cd-SNAPSHOT.jar:1.1.0-11689cd-SNAPSHOT]
	at org.apache.ratis.thirdparty.io.grpc.stub.ServerCalls$StreamingServerCallHandler$StreamingServerCallListener.onMessage(ServerCalls.java:251) [ratis-thirdparty-misc-0.6.0-SNAPSHOT.jar:0.6.0-SNAPSHOT]
	at org.apache.ratis.thirdparty.io.grpc.ForwardingServerCallListener.onMessage(ForwardingServerCallListener.java:33) [ratis-thirdparty-misc-0.6.0-SNAPSHOT.jar:0.6.0-SNAPSHOT]
	at org.apache.ratis.thirdparty.io.grpc.internal.ServerCallImpl$ServerStreamListenerImpl.messagesAvailableInternal(ServerCallImpl.java:309) [ratis-thirdparty-misc-0.6.0-SNAPSHOT.jar:0.6.0-SNAPSHOT]
	at org.apache.ratis.thirdparty.io.grpc.internal.ServerCallImpl$ServerStreamListenerImpl.messagesAvailable(ServerCallImpl.java:292) [ratis-thirdparty-misc-0.6.0-SNAPSHOT.jar:0.6.0-SNAPSHOT]
	at org.apache.ratis.thirdparty.io.grpc.internal.ServerImpl$JumpToApplicationThreadServerStreamListener$1MessagesAvailable.runInContext(ServerImpl.java:783) [ratis-thirdparty-misc-0.6.0-SNAPSHOT.jar:0.6.0-SNAPSHOT]
	at org.apache.ratis.thirdparty.io.grpc.internal.ContextRunnable.run(ContextRunnable.java:37) [ratis-thirdparty-misc-0.6.0-SNAPSHOT.jar:0.6.0-SNAPSHOT]
	at org.apache.ratis.thirdparty.io.grpc.internal.SerializingExecutor.run(SerializingExecutor.java:123) [ratis-thirdparty-misc-0.6.0-SNAPSHOT.jar:0.6.0-SNAPSHOT]
	at java.util.concurrent.ThreadPoolExecutor.runWorker(ThreadPoolExecutor.java:1149) [?:1.8.0_232]
	at java.util.concurrent.ThreadPoolExecutor$Worker.run(ThreadPoolExecutor.java:624) [?:1.8.0_232]
	at java.lang.Thread.run(Thread.java:748) [?:1.8.0_232]
2020-11-11 13:02:43,708 [grpc-default-executor-2] ERROR storage.BlockOutputStream (BlockOutputStream.java:lambda$writeChunkToContainer$3(685)) - writing chunk failed 105191817327869957_chunk_4 blockID conID: 3 locID: 105191817327869957 bcsId: 0 with exception org.apache.ratis.protocol.exceptions.StateMachineException: org.apache.hadoop.hdds.scm.container.common.helpers.ContainerNotOpenException from Server 03e737f9-595c-463e-9a53-563bdd016f99@group-7E342E325D6C: Container 3 in CLOSED state
2020-11-11 13:02:43,720 [Listener at 127.0.0.1/39313] INFO  io.BlockOutputStreamEntryPool (BlockOutputStreamEntryPool.java:allocateNewBlock(284)) - Allocating block with ExcludeList {datanodes = [], containerIds = [#1, #2, #3], pipelineIds = []}
2020-11-11 13:02:43,732 [Listener at 127.0.0.1/39313] INFO  metrics.RatisMetrics (RatisMetrics.java:lambda$create$0(36)) - Creating Metrics Registry : ratis.client_message_metrics.client-810C4B112508->dfc112cd-6783-4672-858d-cfab3cc4e4cb
2020-11-11 13:02:43,736 [grpc-default-executor-0] INFO  metrics.RatisMetrics (RatisMetrics.java:lambda$create$0(36)) - Creating Metrics Registry : ratis.server_message_metrics.dfc112cd-6783-4672-858d-cfab3cc4e4cb
2020-11-11 13:02:43,800 [Listener at 127.0.0.1/39313] INFO  ozone.MiniOzoneClusterImpl (MiniOzoneClusterImpl.java:shutdown(387)) - Shutting down the Mini Ozone Cluster
2020-11-11 13:02:43,800 [Listener at 127.0.0.1/39313] INFO  ozone.MiniOzoneClusterImpl (MiniOzoneClusterImpl.java:stop(402)) - Stopping the Mini Ozone Cluster
2020-11-11 13:02:43,800 [Listener at 127.0.0.1/39313] INFO  ozone.MiniOzoneClusterImpl (MiniOzoneClusterImpl.java:stopOM(484)) - Stopping the OzoneManager
2020-11-11 13:02:43,800 [Listener at 127.0.0.1/39313] INFO  ipc.Server (Server.java:stop(3359)) - Stopping server on 39313
2020-11-11 13:02:43,804 [IPC Server Responder] INFO  ipc.Server (Server.java:run(1465)) - Stopping IPC Server Responder
2020-11-11 13:02:43,804 [Listener at 127.0.0.1/39313] INFO  ratis.OzoneManagerDoubleBuffer (OzoneManagerDoubleBuffer.java:stop(458)) - Stopping OMDoubleBuffer flush thread
2020-11-11 13:02:43,804 [IPC Server listener on 0] INFO  ipc.Server (Server.java:run(1330)) - Stopping IPC Server listener on 0
2020-11-11 13:02:43,804 [OMDoubleBufferFlushThread] INFO  ratis.OzoneManagerDoubleBuffer (OzoneManagerDoubleBuffer.java:flushTransactions(357)) - OMDoubleBuffer flush thread OMDoubleBufferFlushThread is interrupted and will exit. OMDoubleBufferFlushThread
2020-11-11 13:02:43,805 [Listener at 127.0.0.1/39313] INFO  utils.BackgroundService (BackgroundService.java:shutdown(132)) - Shutting down service KeyDeletingService
2020-11-11 13:02:43,806 [Listener at 127.0.0.1/39313] INFO  handler.ContextHandler (ContextHandler.java:doStop(1154)) - Stopped o.e.j.w.WebAppContext@4b5f4b9f{ozoneManager,/,null,STOPPED}{file:/github/workspace/mnt/ozone/hadoop-ozone/integration-test/target/test-classes/webapps/ozoneManager}
2020-11-11 13:02:43,807 [Listener at 127.0.0.1/39313] INFO  server.AbstractConnector (AbstractConnector.java:doStop(381)) - Stopped ServerConnector@56cc3500{HTTP/1.1, (http/1.1)}{0.0.0.0:0}
2020-11-11 13:02:43,807 [Listener at 127.0.0.1/39313] INFO  server.session (HouseKeeper.java:stopScavenging(149)) - node0 Stopped scavenging
2020-11-11 13:02:43,807 [Listener at 127.0.0.1/39313] INFO  handler.ContextHandler (ContextHandler.java:doStop(1154)) - Stopped o.e.j.s.ServletContextHandler@2b6113a7{static,/static,file:///github/workspace/mnt/ozone/hadoop-ozone/integration-test/target/test-classes/webapps/static,STOPPED}
2020-11-11 13:02:43,807 [Listener at 127.0.0.1/39313] INFO  handler.ContextHandler (ContextHandler.java:doStop(1154)) - Stopped o.e.j.s.ServletContextHandler@d73d450{logs,/logs,file:///github/workspace/mnt/ozone/hadoop-ozone/integration-test/target/log,STOPPED}
2020-11-11 13:02:43,809 [Listener at 127.0.0.1/39313] INFO  ozone.MiniOzoneClusterImpl (MiniOzoneClusterImpl.java:stopDatanodes(461)) - Stopping the HddsDatanodes
2020-11-11 13:02:43,881 [Datanode State Machine Thread - 0] INFO  statemachine.DatanodeStateMachine (DatanodeStateMachine.java:lambda$startDaemon$0(405)) - Ozone container server started.
2020-11-11 13:02:44,489 [Datanode State Machine Thread - 0] INFO  statemachine.DatanodeStateMachine (DatanodeStateMachine.java:lambda$startDaemon$0(405)) - Ozone container server started.
2020-11-11 13:02:48,810 [Listener at 127.0.0.1/39313] INFO  ozoneimpl.OzoneContainer (OzoneContainer.java:stop(259)) - Attempting to stop container services.
2020-11-11 13:02:48,811 [ForkJoinPool.commonPool-worker-0] INFO  ozoneimpl.OzoneContainer (OzoneContainer.java:stop(259)) - Attempting to stop container services.
2020-11-11 13:02:48,811 [ForkJoinPool.commonPool-worker-0] INFO  impl.RaftServerProxy (RaftServerProxy.java:lambda$close$4(322)) - cf4c8ff2-bc1a-4dec-a9dc-d34d644bc422: close
2020-11-11 13:02:48,811 [Listener at 127.0.0.1/39313] INFO  impl.RaftServerProxy (RaftServerProxy.java:lambda$close$4(322)) - 03e737f9-595c-463e-9a53-563bdd016f99: close
2020-11-11 13:02:48,812 [Listener at 127.0.0.1/39313] INFO  impl.RaftServerImpl (RaftServerImpl.java:lambda$shutdown$3(321)) - 03e737f9-595c-463e-9a53-563bdd016f99@group-7E342E325D6C: shutdown
2020-11-11 13:02:48,812 [Listener at 127.0.0.1/39313] INFO  util.JmxRegister (JmxRegister.java:unregister(73)) - Successfully un-registered JMX Bean with object name Ratis:service=RaftServer,group=group-7E342E325D6C,id=03e737f9-595c-463e-9a53-563bdd016f99
2020-11-11 13:02:48,813 [Listener at 127.0.0.1/39313] INFO  impl.RoleInfo (RoleInfo.java:shutdownLeaderState(104)) - 03e737f9-595c-463e-9a53-563bdd016f99: shutdown LeaderState
2020-11-11 13:02:48,811 [ForkJoinPool.commonPool-worker-0] INFO  impl.RaftServerImpl (RaftServerImpl.java:lambda$shutdown$3(321)) - cf4c8ff2-bc1a-4dec-a9dc-d34d644bc422@group-AE36718D8819: shutdown
2020-11-11 13:02:48,813 [ForkJoinPool.commonPool-worker-0] INFO  util.JmxRegister (JmxRegister.java:unregister(73)) - Successfully un-registered JMX Bean with object name Ratis:service=RaftServer,group=group-AE36718D8819,id=cf4c8ff2-bc1a-4dec-a9dc-d34d644bc422
2020-11-11 13:02:48,813 [ForkJoinPool.commonPool-worker-0] INFO  impl.RoleInfo (RoleInfo.java:shutdownFollowerState(121)) - cf4c8ff2-bc1a-4dec-a9dc-d34d644bc422: shutdown FollowerState
2020-11-11 13:02:48,813 [ForkJoinPool.commonPool-worker-0] INFO  impl.StateMachineUpdater (StateMachineUpdater.java:stopAndJoin(142)) - cf4c8ff2-bc1a-4dec-a9dc-d34d644bc422@group-AE36718D8819-StateMachineUpdater: set stopIndex = 0
2020-11-11 13:02:48,814 [Thread-634] INFO  impl.FollowerState (FollowerState.java:run(117)) - cf4c8ff2-bc1a-4dec-a9dc-d34d644bc422@group-AE36718D8819-FollowerState was interrupted: java.lang.InterruptedException: sleep interrupted
2020-11-11 13:02:48,814 [cf4c8ff2-bc1a-4dec-a9dc-d34d644bc422@group-AE36718D8819-StateMachineUpdater] INFO  ratis.ContainerStateMachine (ContainerStateMachine.java:takeSnapshot(293)) - group-AE36718D8819: Taking a snapshot at:(t:1, i:0) file /github/workspace/mnt/ozone/hadoop-ozone/integration-test/target/test-dir/MiniOzoneClusterImpl-360dda8a-aacf-474d-b2be-458d96023f40/datanode-1/data/ratis/5f4957af-733e-4ce7-810a-ae36718d8819/sm/snapshot.1_0
2020-11-11 13:02:48,813 [Listener at 127.0.0.1/39313] INFO  impl.PendingRequests (PendingRequests.java:sendNotLeaderResponses(249)) - 03e737f9-595c-463e-9a53-563bdd016f99@group-7E342E325D6C-PendingRequests: sendNotLeaderResponses
2020-11-11 13:02:48,815 [cf4c8ff2-bc1a-4dec-a9dc-d34d644bc422@group-AE36718D8819-StateMachineUpdater] INFO  ratis.ContainerStateMachine (ContainerStateMachine.java:takeSnapshot(304)) - group-AE36718D8819: Finished taking a snapshot at:(t:1, i:0) file:/github/workspace/mnt/ozone/hadoop-ozone/integration-test/target/test-dir/MiniOzoneClusterImpl-360dda8a-aacf-474d-b2be-458d96023f40/datanode-1/data/ratis/5f4957af-733e-4ce7-810a-ae36718d8819/sm/snapshot.1_0 time:1
2020-11-11 13:02:48,815 [cf4c8ff2-bc1a-4dec-a9dc-d34d644bc422@group-AE36718D8819-StateMachineUpdater] INFO  impl.StateMachineUpdater (StateMachineUpdater.java:takeSnapshot(277)) - cf4c8ff2-bc1a-4dec-a9dc-d34d644bc422@group-AE36718D8819-StateMachineUpdater: Took a snapshot at index 0
2020-11-11 13:02:48,815 [cf4c8ff2-bc1a-4dec-a9dc-d34d644bc422@group-AE36718D8819-StateMachineUpdater] INFO  impl.StateMachineUpdater (StateMachineUpdater.java:lambda$new$0(87)) - cf4c8ff2-bc1a-4dec-a9dc-d34d644bc422@group-AE36718D8819-StateMachineUpdater: snapshotIndex: updateIncreasingly -1 -> 0
2020-11-11 13:02:48,816 [cf4c8ff2-bc1a-4dec-a9dc-d34d644bc422@group-AE36718D8819-StateMachineUpdater] INFO  metrics.RatisMetrics (RatisMetrics.java:unregister(43)) - Unregistering Metrics Registry : ratis.state_machine.cf4c8ff2-bc1a-4dec-a9dc-d34d644bc422@group-AE36718D8819
2020-11-11 13:02:48,816 [ForkJoinPool.commonPool-worker-0] INFO  impl.RaftServerImpl (ServerState.java:close(405)) - cf4c8ff2-bc1a-4dec-a9dc-d34d644bc422@group-AE36718D8819: closes. applyIndex: 0
2020-11-11 13:02:48,816 [cf4c8ff2-bc1a-4dec-a9dc-d34d644bc422@group-AE36718D8819-SegmentedRaftLogWorker] INFO  segmented.SegmentedRaftLogWorker (SegmentedRaftLogWorker.java:run(327)) - cf4c8ff2-bc1a-4dec-a9dc-d34d644bc422@group-AE36718D8819-SegmentedRaftLogWorker was interrupted, exiting. There are 0 tasks remaining in the queue.
2020-11-11 13:02:48,817 [ForkJoinPool.commonPool-worker-0] INFO  segmented.SegmentedRaftLogWorker (SegmentedRaftLogWorker.java:close(234)) - cf4c8ff2-bc1a-4dec-a9dc-d34d644bc422@group-AE36718D8819-SegmentedRaftLogWorker close()
2020-11-11 13:02:48,819 [ForkJoinPool.commonPool-worker-0] INFO  metrics.RatisMetrics (RatisMetrics.java:unregister(43)) - Unregistering Metrics Registry : ratis.log_worker.cf4c8ff2-bc1a-4dec-a9dc-d34d644bc422@group-AE36718D8819
2020-11-11 13:02:48,819 [ForkJoinPool.commonPool-worker-0] INFO  metrics.RatisMetrics (RatisMetrics.java:unregister(43)) - Unregistering Metrics Registry : ratis.leader_election.cf4c8ff2-bc1a-4dec-a9dc-d34d644bc422@group-AE36718D8819
2020-11-11 13:02:48,819 [ForkJoinPool.commonPool-worker-0] INFO  metrics.RatisMetrics (RatisMetrics.java:unregister(43)) - Unregistering Metrics Registry : ratis.server.cf4c8ff2-bc1a-4dec-a9dc-d34d644bc422@group-AE36718D8819
2020-11-11 13:02:48,819 [ForkJoinPool.commonPool-worker-0] INFO  impl.RaftServerImpl (RaftServerImpl.java:lambda$shutdown$3(321)) - cf4c8ff2-bc1a-4dec-a9dc-d34d644bc422@group-C6C130A82C84: shutdown
2020-11-11 13:02:48,819 [ForkJoinPool.commonPool-worker-0] INFO  util.JmxRegister (JmxRegister.java:unregister(73)) - Successfully un-registered JMX Bean with object name Ratis:service=RaftServer,group=group-C6C130A82C84,id=cf4c8ff2-bc1a-4dec-a9dc-d34d644bc422
2020-11-11 13:02:48,822 [ForkJoinPool.commonPool-worker-0] INFO  impl.RoleInfo (RoleInfo.java:shutdownLeaderState(104)) - cf4c8ff2-bc1a-4dec-a9dc-d34d644bc422: shutdown LeaderState
2020-11-11 13:02:48,821 [Listener at 127.0.0.1/39313] INFO  metrics.RatisMetrics (RatisMetrics.java:unregister(43)) - Unregistering Metrics Registry : ratis.log_appender.03e737f9-595c-463e-9a53-563bdd016f99@group-7E342E325D6C
2020-11-11 13:02:48,822 [Listener at 127.0.0.1/39313] INFO  metrics.RatisMetrics (RatisMetrics.java:unregister(43)) - Unregistering Metrics Registry : ratis.server.03e737f9-595c-463e-9a53-563bdd016f99@group-7E342E325D6C
2020-11-11 13:02:48,822 [ForkJoinPool.commonPool-worker-0] INFO  impl.PendingRequests (PendingRequests.java:sendNotLeaderResponses(249)) - cf4c8ff2-bc1a-4dec-a9dc-d34d644bc422@group-C6C130A82C84-PendingRequests: sendNotLeaderResponses
2020-11-11 13:02:48,824 [ForkJoinPool.commonPool-worker-0] INFO  metrics.RatisMetrics (RatisMetrics.java:unregister(43)) - Unregistering Metrics Registry : ratis.log_appender.cf4c8ff2-bc1a-4dec-a9dc-d34d644bc422@group-C6C130A82C84
2020-11-11 13:02:48,824 [ForkJoinPool.commonPool-worker-0] INFO  metrics.RatisMetrics (RatisMetrics.java:unregister(43)) - Unregistering Metrics Registry : ratis.server.cf4c8ff2-bc1a-4dec-a9dc-d34d644bc422@group-C6C130A82C84
2020-11-11 13:02:48,825 [cf4c8ff2-bc1a-4dec-a9dc-d34d644bc422@group-C6C130A82C84-StateMachineUpdater] INFO  ratis.ContainerStateMachine (ContainerStateMachine.java:takeSnapshot(293)) - group-C6C130A82C84: Taking a snapshot at:(t:1, i:0) file /github/workspace/mnt/ozone/hadoop-ozone/integration-test/target/test-dir/MiniOzoneClusterImpl-360dda8a-aacf-474d-b2be-458d96023f40/datanode-1/data/ratis/5bd80d95-49ed-4527-8eb4-c6c130a82c84/sm/snapshot.1_0
2020-11-11 13:02:48,826 [cf4c8ff2-bc1a-4dec-a9dc-d34d644bc422@group-C6C130A82C84-StateMachineUpdater] INFO  ratis.ContainerStateMachine (ContainerStateMachine.java:takeSnapshot(304)) - group-C6C130A82C84: Finished taking a snapshot at:(t:1, i:0) file:/github/workspace/mnt/ozone/hadoop-ozone/integration-test/target/test-dir/MiniOzoneClusterImpl-360dda8a-aacf-474d-b2be-458d96023f40/datanode-1/data/ratis/5bd80d95-49ed-4527-8eb4-c6c130a82c84/sm/snapshot.1_0 time:1
2020-11-11 13:02:48,826 [cf4c8ff2-bc1a-4dec-a9dc-d34d644bc422@group-C6C130A82C84-StateMachineUpdater] INFO  impl.StateMachineUpdater (StateMachineUpdater.java:takeSnapshot(277)) - cf4c8ff2-bc1a-4dec-a9dc-d34d644bc422@group-C6C130A82C84-StateMachineUpdater: Took a snapshot at index 0
2020-11-11 13:02:48,826 [cf4c8ff2-bc1a-4dec-a9dc-d34d644bc422@group-C6C130A82C84-StateMachineUpdater] INFO  impl.StateMachineUpdater (StateMachineUpdater.java:lambda$new$0(87)) - cf4c8ff2-bc1a-4dec-a9dc-d34d644bc422@group-C6C130A82C84-StateMachineUpdater: snapshotIndex: updateIncreasingly -1 -> 0
2020-11-11 13:02:48,826 [cf4c8ff2-bc1a-4dec-a9dc-d34d644bc422@group-C6C130A82C84-StateMachineUpdater] INFO  metrics.RatisMetrics (RatisMetrics.java:unregister(43)) - Unregistering Metrics Registry : ratis.state_machine.cf4c8ff2-bc1a-4dec-a9dc-d34d644bc422@group-C6C130A82C84
2020-11-11 13:02:48,826 [ForkJoinPool.commonPool-worker-0] INFO  impl.StateMachineUpdater (StateMachineUpdater.java:stopAndJoin(142)) - cf4c8ff2-bc1a-4dec-a9dc-d34d644bc422@group-C6C130A82C84-StateMachineUpdater: set stopIndex = 0
2020-11-11 13:02:48,827 [ForkJoinPool.commonPool-worker-0] INFO  impl.RaftServerImpl (ServerState.java:close(405)) - cf4c8ff2-bc1a-4dec-a9dc-d34d644bc422@group-C6C130A82C84: closes. applyIndex: 0
2020-11-11 13:02:48,827 [cf4c8ff2-bc1a-4dec-a9dc-d34d644bc422@group-C6C130A82C84-SegmentedRaftLogWorker] INFO  segmented.SegmentedRaftLogWorker (SegmentedRaftLogWorker.java:run(327)) - cf4c8ff2-bc1a-4dec-a9dc-d34d644bc422@group-C6C130A82C84-SegmentedRaftLogWorker was interrupted, exiting. There are 0 tasks remaining in the queue.
2020-11-11 13:02:48,827 [03e737f9-595c-463e-9a53-563bdd016f99@group-7E342E325D6C-StateMachineUpdater] INFO  ratis.ContainerStateMachine (ContainerStateMachine.java:takeSnapshot(293)) - group-7E342E325D6C: Taking a snapshot at:(t:1, i:4) file /github/workspace/mnt/ozone/hadoop-ozone/integration-test/target/test-dir/MiniOzoneClusterImpl-360dda8a-aacf-474d-b2be-458d96023f40/datanode-4/data/ratis/3b3158a6-1bf4-46e1-9a9f-7e342e325d6c/sm/snapshot.1_4
2020-11-11 13:02:48,827 [Listener at 127.0.0.1/39313] INFO  impl.StateMachineUpdater (StateMachineUpdater.java:stopAndJoin(142)) - 03e737f9-595c-463e-9a53-563bdd016f99@group-7E342E325D6C-StateMachineUpdater: set stopIndex = 4
2020-11-11 13:02:48,828 [ForkJoinPool.commonPool-worker-0] INFO  segmented.SegmentedRaftLogWorker (SegmentedRaftLogWorker.java:close(234)) - cf4c8ff2-bc1a-4dec-a9dc-d34d644bc422@group-C6C130A82C84-SegmentedRaftLogWorker close()
2020-11-11 13:02:48,828 [03e737f9-595c-463e-9a53-563bdd016f99@group-7E342E325D6C-StateMachineUpdater] INFO  ratis.ContainerStateMachine (ContainerStateMachine.java:takeSnapshot(304)) - group-7E342E325D6C: Finished taking a snapshot at:(t:1, i:4) file:/github/workspace/mnt/ozone/hadoop-ozone/integration-test/target/test-dir/MiniOzoneClusterImpl-360dda8a-aacf-474d-b2be-458d96023f40/datanode-4/data/ratis/3b3158a6-1bf4-46e1-9a9f-7e342e325d6c/sm/snapshot.1_4 time:1
2020-11-11 13:02:48,829 [03e737f9-595c-463e-9a53-563bdd016f99@group-7E342E325D6C-StateMachineUpdater] INFO  impl.StateMachineUpdater (StateMachineUpdater.java:takeSnapshot(277)) - 03e737f9-595c-463e-9a53-563bdd016f99@group-7E342E325D6C-StateMachineUpdater: Took a snapshot at index 4
2020-11-11 13:02:48,829 [03e737f9-595c-463e-9a53-563bdd016f99@group-7E342E325D6C-StateMachineUpdater] INFO  impl.StateMachineUpdater (StateMachineUpdater.java:lambda$new$0(87)) - 03e737f9-595c-463e-9a53-563bdd016f99@group-7E342E325D6C-StateMachineUpdater: snapshotIndex: updateIncreasingly -1 -> 4
2020-11-11 13:02:48,829 [03e737f9-595c-463e-9a53-563bdd016f99@group-7E342E325D6C-StateMachineUpdater] INFO  metrics.RatisMetrics (RatisMetrics.java:unregister(43)) - Unregistering Metrics Registry : ratis.state_machine.03e737f9-595c-463e-9a53-563bdd016f99@group-7E342E325D6C
2020-11-11 13:02:48,830 [Listener at 127.0.0.1/39313] INFO  impl.RaftServerImpl (ServerState.java:close(405)) - 03e737f9-595c-463e-9a53-563bdd016f99@group-7E342E325D6C: closes. applyIndex: 4
2020-11-11 13:02:48,830 [03e737f9-595c-463e-9a53-563bdd016f99@group-7E342E325D6C-SegmentedRaftLogWorker] INFO  segmented.SegmentedRaftLogWorker (SegmentedRaftLogWorker.java:run(327)) - 03e737f9-595c-463e-9a53-563bdd016f99@group-7E342E325D6C-SegmentedRaftLogWorker was interrupted, exiting. There are 0 tasks remaining in the queue.
2020-11-11 13:02:48,830 [ForkJoinPool.commonPool-worker-0] INFO  metrics.RatisMetrics (RatisMetrics.java:unregister(43)) - Unregistering Metrics Registry : ratis.log_worker.cf4c8ff2-bc1a-4dec-a9dc-d34d644bc422@group-C6C130A82C84
2020-11-11 13:02:48,833 [ForkJoinPool.commonPool-worker-0] INFO  metrics.RatisMetrics (RatisMetrics.java:unregister(43)) - Unregistering Metrics Registry : ratis.leader_election.cf4c8ff2-bc1a-4dec-a9dc-d34d644bc422@group-C6C130A82C84
2020-11-11 13:02:48,833 [ForkJoinPool.commonPool-worker-0] INFO  metrics.RatisMetrics (RatisMetrics.java:unregister(43)) - Unregistering Metrics Registry : ratis.server.cf4c8ff2-bc1a-4dec-a9dc-d34d644bc422@group-C6C130A82C84
2020-11-11 13:02:48,831 [Listener at 127.0.0.1/39313] INFO  segmented.SegmentedRaftLogWorker (SegmentedRaftLogWorker.java:close(234)) - 03e737f9-595c-463e-9a53-563bdd016f99@group-7E342E325D6C-SegmentedRaftLogWorker close()
2020-11-11 13:02:48,834 [ForkJoinPool.commonPool-worker-0] INFO  server.GrpcService (GrpcService.java:closeImpl(183)) - cf4c8ff2-bc1a-4dec-a9dc-d34d644bc422: shutdown server with port 44713 now
2020-11-11 13:02:48,835 [Listener at 127.0.0.1/39313] INFO  metrics.RatisMetrics (RatisMetrics.java:unregister(43)) - Unregistering Metrics Registry : ratis.log_worker.03e737f9-595c-463e-9a53-563bdd016f99@group-7E342E325D6C
2020-11-11 13:02:48,835 [Listener at 127.0.0.1/39313] INFO  metrics.RatisMetrics (RatisMetrics.java:unregister(43)) - Unregistering Metrics Registry : ratis.leader_election.03e737f9-595c-463e-9a53-563bdd016f99@group-7E342E325D6C
2020-11-11 13:02:48,835 [Listener at 127.0.0.1/39313] INFO  metrics.RatisMetrics (RatisMetrics.java:unregister(43)) - Unregistering Metrics Registry : ratis.server.03e737f9-595c-463e-9a53-563bdd016f99@group-7E342E325D6C
2020-11-11 13:02:48,835 [Listener at 127.0.0.1/39313] INFO  impl.RaftServerImpl (RaftServerImpl.java:lambda$shutdown$3(321)) - 03e737f9-595c-463e-9a53-563bdd016f99@group-82309C06AD61: shutdown
2020-11-11 13:02:48,835 [Listener at 127.0.0.1/39313] INFO  util.JmxRegister (JmxRegister.java:unregister(73)) - Successfully un-registered JMX Bean with object name Ratis:service=RaftServer,group=group-82309C06AD61,id=03e737f9-595c-463e-9a53-563bdd016f99
2020-11-11 13:02:48,835 [Listener at 127.0.0.1/39313] INFO  impl.RoleInfo (RoleInfo.java:shutdownFollowerState(121)) - 03e737f9-595c-463e-9a53-563bdd016f99: shutdown FollowerState
2020-11-11 13:02:48,836 [Thread-660] INFO  impl.FollowerState (FollowerState.java:run(117)) - 03e737f9-595c-463e-9a53-563bdd016f99@group-82309C06AD61-FollowerState was interrupted: java.lang.InterruptedException: sleep interrupted
2020-11-11 13:02:48,836 [03e737f9-595c-463e-9a53-563bdd016f99@group-82309C06AD61-StateMachineUpdater] INFO  ratis.ContainerStateMachine (ContainerStateMachine.java:takeSnapshot(293)) - group-82309C06AD61: Taking a snapshot at:(t:1, i:0) file /github/workspace/mnt/ozone/hadoop-ozone/integration-test/target/test-dir/MiniOzoneClusterImpl-360dda8a-aacf-474d-b2be-458d96023f40/datanode-4/data/ratis/8ae8f7cf-e0cf-4ac8-9d09-82309c06ad61/sm/snapshot.1_0
2020-11-11 13:02:48,836 [Listener at 127.0.0.1/39313] INFO  impl.StateMachineUpdater (StateMachineUpdater.java:stopAndJoin(142)) - 03e737f9-595c-463e-9a53-563bdd016f99@group-82309C06AD61-StateMachineUpdater: set stopIndex = 0
2020-11-11 13:02:48,837 [grpc-default-executor-0] WARN  server.GrpcServerProtocolService (LogUtils.java:warn(122)) - cf4c8ff2-bc1a-4dec-a9dc-d34d644bc422: installSnapshot onError, lastRequest: e069e265-bb49-430d-a7d5-075644e54025->cf4c8ff2-bc1a-4dec-a9dc-d34d644bc422#1-t1, previous=(t:0, i:0), leaderCommit=0, initializing? false, entries: size=1, first=(t:1, i:0), CONFIGURATIONENTRY: org.apache.ratis.thirdparty.io.grpc.StatusRuntimeException: CANCELLED: cancelled before receiving half close
2020-11-11 13:02:48,837 [03e737f9-595c-463e-9a53-563bdd016f99@group-82309C06AD61-StateMachineUpdater] INFO  ratis.ContainerStateMachine (ContainerStateMachine.java:takeSnapshot(304)) - group-82309C06AD61: Finished taking a snapshot at:(t:1, i:0) file:/github/workspace/mnt/ozone/hadoop-ozone/integration-test/target/test-dir/MiniOzoneClusterImpl-360dda8a-aacf-474d-b2be-458d96023f40/datanode-4/data/ratis/8ae8f7cf-e0cf-4ac8-9d09-82309c06ad61/sm/snapshot.1_0 time:1
2020-11-11 13:02:48,837 [03e737f9-595c-463e-9a53-563bdd016f99@group-82309C06AD61-StateMachineUpdater] INFO  impl.StateMachineUpdater (StateMachineUpdater.java:takeSnapshot(277)) - 03e737f9-595c-463e-9a53-563bdd016f99@group-82309C06AD61-StateMachineUpdater: Took a snapshot at index 0
2020-11-11 13:02:48,837 [03e737f9-595c-463e-9a53-563bdd016f99@group-82309C06AD61-StateMachineUpdater] INFO  impl.StateMachineUpdater (StateMachineUpdater.java:lambda$new$0(87)) - 03e737f9-595c-463e-9a53-563bdd016f99@group-82309C06AD61-StateMachineUpdater: snapshotIndex: updateIncreasingly -1 -> 0
2020-11-11 13:02:48,837 [03e737f9-595c-463e-9a53-563bdd016f99@group-82309C06AD61-StateMachineUpdater] INFO  metrics.RatisMetrics (RatisMetrics.java:unregister(43)) - Unregistering Metrics Registry : ratis.state_machine.03e737f9-595c-463e-9a53-563bdd016f99@group-82309C06AD61
2020-11-11 13:02:48,837 [Listener at 127.0.0.1/39313] INFO  impl.RaftServerImpl (ServerState.java:close(405)) - 03e737f9-595c-463e-9a53-563bdd016f99@group-82309C06AD61: closes. applyIndex: 0
2020-11-11 13:02:48,837 [grpc-default-executor-1] WARN  server.GrpcLogAppender (LogUtils.java:warn(122)) - e069e265-bb49-430d-a7d5-075644e54025@group-AE36718D8819->cf4c8ff2-bc1a-4dec-a9dc-d34d644bc422-AppendLogResponseHandler: Failed appendEntries: org.apache.ratis.thirdparty.io.grpc.StatusRuntimeException: CANCELLED: HTTP/2 error code: CANCEL
Received Rst Stream
2020-11-11 13:02:48,838 [grpc-default-executor-1] WARN  server.GrpcLogAppender (GrpcLogAppender.java:resetClient(107)) - e069e265-bb49-430d-a7d5-075644e54025@group-AE36718D8819->cf4c8ff2-bc1a-4dec-a9dc-d34d644bc422-GrpcLogAppender: Leader has not got in touch with Follower e069e265-bb49-430d-a7d5-075644e54025@group-AE36718D8819->cf4c8ff2-bc1a-4dec-a9dc-d34d644bc422(c0,m0,n1, attendVote=true, lastRpcSendTime=2191, lastRpcResponseTime=2189) yet, just keep nextIndex unchanged and retry.
2020-11-11 13:02:48,838 [ForkJoinPool.commonPool-worker-0] INFO  server.GrpcService (GrpcService.java:closeImpl(191)) - cf4c8ff2-bc1a-4dec-a9dc-d34d644bc422: shutdown server with port 44713 successfully
2020-11-11 13:02:48,838 [03e737f9-595c-463e-9a53-563bdd016f99@group-82309C06AD61-SegmentedRaftLogWorker] INFO  segmented.SegmentedRaftLogWorker (SegmentedRaftLogWorker.java:run(327)) - 03e737f9-595c-463e-9a53-563bdd016f99@group-82309C06AD61-SegmentedRaftLogWorker was interrupted, exiting. There are 0 tasks remaining in the queue.
2020-11-11 13:02:48,840 [Listener at 127.0.0.1/39313] INFO  segmented.SegmentedRaftLogWorker (SegmentedRaftLogWorker.java:close(234)) - 03e737f9-595c-463e-9a53-563bdd016f99@group-82309C06AD61-SegmentedRaftLogWorker close()
2020-11-11 13:02:48,841 [ForkJoinPool.commonPool-worker-0] INFO  utils.BackgroundService (BackgroundService.java:shutdown(132)) - Shutting down service BlockDeletingService
2020-11-11 13:02:48,842 [Listener at 127.0.0.1/39313] INFO  metrics.RatisMetrics (RatisMetrics.java:unregister(43)) - Unregistering Metrics Registry : ratis.log_worker.03e737f9-595c-463e-9a53-563bdd016f99@group-82309C06AD61
2020-11-11 13:02:48,842 [Listener at 127.0.0.1/39313] INFO  metrics.RatisMetrics (RatisMetrics.java:unregister(43)) - Unregistering Metrics Registry : ratis.leader_election.03e737f9-595c-463e-9a53-563bdd016f99@group-82309C06AD61
2020-11-11 13:02:48,844 [Listener at 127.0.0.1/39313] INFO  metrics.RatisMetrics (RatisMetrics.java:unregister(43)) - Unregistering Metrics Registry : ratis.server.03e737f9-595c-463e-9a53-563bdd016f99@group-82309C06AD61
2020-11-11 13:02:48,844 [Listener at 127.0.0.1/39313] INFO  server.GrpcService (GrpcService.java:closeImpl(183)) - 03e737f9-595c-463e-9a53-563bdd016f99: shutdown server with port 45547 now
2020-11-11 13:02:48,846 [grpc-default-executor-2] WARN  server.GrpcServerProtocolService (LogUtils.java:warn(122)) - 03e737f9-595c-463e-9a53-563bdd016f99: installSnapshot onError, lastRequest: dfc112cd-6783-4672-858d-cfab3cc4e4cb->03e737f9-595c-463e-9a53-563bdd016f99#1-t1, previous=(t:0, i:0), leaderCommit=-1, initializing? false, entries: size=1, first=(t:1, i:0), CONFIGURATIONENTRY: org.apache.ratis.thirdparty.io.grpc.StatusRuntimeException: CANCELLED: cancelled before receiving half close
2020-11-11 13:02:48,847 [grpc-default-executor-1] WARN  server.GrpcLogAppender (LogUtils.java:warn(122)) - dfc112cd-6783-4672-858d-cfab3cc4e4cb@group-82309C06AD61->03e737f9-595c-463e-9a53-563bdd016f99-AppendLogResponseHandler: Failed appendEntries: org.apache.ratis.thirdparty.io.grpc.StatusRuntimeException: CANCELLED: HTTP/2 error code: CANCEL
Received Rst Stream
2020-11-11 13:02:48,847 [grpc-default-executor-1] WARN  server.GrpcLogAppender (GrpcLogAppender.java:resetClient(107)) - dfc112cd-6783-4672-858d-cfab3cc4e4cb@group-82309C06AD61->03e737f9-595c-463e-9a53-563bdd016f99-GrpcLogAppender: Leader has not got in touch with Follower dfc112cd-6783-4672-858d-cfab3cc4e4cb@group-82309C06AD61->03e737f9-595c-463e-9a53-563bdd016f99(c0,m0,n1, attendVote=true, lastRpcSendTime=1521, lastRpcResponseTime=1519) yet, just keep nextIndex unchanged and retry.
2020-11-11 13:02:48,847 [Listener at 127.0.0.1/39313] INFO  server.GrpcService (GrpcService.java:closeImpl(191)) - 03e737f9-595c-463e-9a53-563bdd016f99: shutdown server with port 45547 successfully
2020-11-11 13:02:48,849 [ForkJoinPool.commonPool-worker-0] INFO  statemachine.DatanodeStateMachine (DatanodeStateMachine.java:stopDaemon(453)) - Ozone container server stopped.
2020-11-11 13:02:48,850 [Listener at 127.0.0.1/39313] INFO  utils.BackgroundService (BackgroundService.java:shutdown(132)) - Shutting down service BlockDeletingService
2020-11-11 13:02:48,852 [Listener at 127.0.0.1/39313] INFO  statemachine.DatanodeStateMachine (DatanodeStateMachine.java:stopDaemon(453)) - Ozone container server stopped.
2020-11-11 13:02:48,862 [Listener at 127.0.0.1/39313] INFO  handler.ContextHandler (ContextHandler.java:doStop(1154)) - Stopped o.e.j.w.WebAppContext@44165880{hddsDatanode,/,null,STOPPED}{jar:file:/home/user/.m2/repository/org/apache/hadoop/hadoop-hdds-container-service/1.1.0-SNAPSHOT/hadoop-hdds-container-service-1.1.0-SNAPSHOT.jar!/webapps/hddsDatanode}
2020-11-11 13:02:48,863 [Listener at 127.0.0.1/39313] INFO  server.AbstractConnector (AbstractConnector.java:doStop(381)) - Stopped ServerConnector@2a6adb9d{HTTP/1.1, (http/1.1)}{0.0.0.0:0}
2020-11-11 13:02:48,863 [Listener at 127.0.0.1/39313] INFO  server.session (HouseKeeper.java:stopScavenging(149)) - node0 Stopped scavenging
2020-11-11 13:02:48,864 [Listener at 127.0.0.1/39313] INFO  handler.ContextHandler (ContextHandler.java:doStop(1154)) - Stopped o.e.j.s.ServletContextHandler@52a3f504{static,/static,jar:file:/home/user/.m2/repository/org/apache/hadoop/hadoop-hdds-container-service/1.1.0-SNAPSHOT/hadoop-hdds-container-service-1.1.0-SNAPSHOT.jar!/webapps/static,STOPPED}
2020-11-11 13:02:48,864 [Listener at 127.0.0.1/39313] INFO  handler.ContextHandler (ContextHandler.java:doStop(1154)) - Stopped o.e.j.s.ServletContextHandler@38a24427{logs,/logs,file:///github/workspace/mnt/ozone/hadoop-ozone/integration-test/target/log,STOPPED}
2020-11-11 13:02:48,865 [ForkJoinPool.commonPool-worker-0] INFO  handler.ContextHandler (ContextHandler.java:doStop(1154)) - Stopped o.e.j.w.WebAppContext@5212d19e{hddsDatanode,/,null,STOPPED}{jar:file:/home/user/.m2/repository/org/apache/hadoop/hadoop-hdds-container-service/1.1.0-SNAPSHOT/hadoop-hdds-container-service-1.1.0-SNAPSHOT.jar!/webapps/hddsDatanode}
2020-11-11 13:02:48,866 [ForkJoinPool.commonPool-worker-0] INFO  server.AbstractConnector (AbstractConnector.java:doStop(381)) - Stopped ServerConnector@55f29293{HTTP/1.1, (http/1.1)}{0.0.0.0:0}
2020-11-11 13:02:48,866 [ForkJoinPool.commonPool-worker-0] INFO  server.session (HouseKeeper.java:stopScavenging(149)) - node0 Stopped scavenging
2020-11-11 13:02:48,868 [ForkJoinPool.commonPool-worker-0] INFO  handler.ContextHandler (ContextHandler.java:doStop(1154)) - Stopped o.e.j.s.ServletContextHandler@775c7149{static,/static,jar:file:/home/user/.m2/repository/org/apache/hadoop/hadoop-hdds-container-service/1.1.0-SNAPSHOT/hadoop-hdds-container-service-1.1.0-SNAPSHOT.jar!/webapps/static,STOPPED}
2020-11-11 13:02:48,869 [ForkJoinPool.commonPool-worker-0] INFO  handler.ContextHandler (ContextHandler.java:doStop(1154)) - Stopped o.e.j.s.ServletContextHandler@f9a14d1{logs,/logs,file:///github/workspace/mnt/ozone/hadoop-ozone/integration-test/target/log,STOPPED}
2020-11-11 13:02:49,151 [grpc-default-executor-1] WARN  server.GrpcLogAppender (LogUtils.java:warn(122)) - e069e265-bb49-430d-a7d5-075644e54025@group-AE36718D8819->cf4c8ff2-bc1a-4dec-a9dc-d34d644bc422-AppendLogResponseHandler: Failed appendEntries: org.apache.ratis.thirdparty.io.grpc.StatusRuntimeException: UNAVAILABLE: io exception
2020-11-11 13:02:49,152 [grpc-default-executor-1] WARN  server.GrpcLogAppender (GrpcLogAppender.java:resetClient(107)) - e069e265-bb49-430d-a7d5-075644e54025@group-AE36718D8819->cf4c8ff2-bc1a-4dec-a9dc-d34d644bc422-GrpcLogAppender: Leader has not got in touch with Follower e069e265-bb49-430d-a7d5-075644e54025@group-AE36718D8819->cf4c8ff2-bc1a-4dec-a9dc-d34d644bc422(c0,m0,n1, attendVote=true, lastRpcSendTime=2, lastRpcResponseTime=2504) yet, just keep nextIndex unchanged and retry.
2020-11-11 13:02:49,459 [Datanode State Machine Thread - 0] INFO  statemachine.DatanodeStateMachine (DatanodeStateMachine.java:lambda$startDaemon$0(405)) - Ozone container server started.
2020-11-11 13:02:49,772 [Datanode State Machine Thread - 0] INFO  statemachine.DatanodeStateMachine (DatanodeStateMachine.java:lambda$startDaemon$0(405)) - Ozone container server started.
2020-11-11 13:02:49,831 [grpc-default-executor-1] WARN  server.GrpcLogAppender (LogUtils.java:warn(122)) - dfc112cd-6783-4672-858d-cfab3cc4e4cb@group-82309C06AD61->03e737f9-595c-463e-9a53-563bdd016f99-AppendLogResponseHandler: Failed appendEntries: org.apache.ratis.thirdparty.io.grpc.StatusRuntimeException: UNAVAILABLE: io exception
2020-11-11 13:02:49,831 [grpc-default-executor-1] WARN  server.GrpcLogAppender (GrpcLogAppender.java:resetClient(107)) - dfc112cd-6783-4672-858d-cfab3cc4e4cb@group-82309C06AD61->03e737f9-595c-463e-9a53-563bdd016f99-GrpcLogAppender: Leader has not got in touch with Follower dfc112cd-6783-4672-858d-cfab3cc4e4cb@group-82309C06AD61->03e737f9-595c-463e-9a53-563bdd016f99(c0,m0,n1, attendVote=true, lastRpcSendTime=1, lastRpcResponseTime=2503) yet, just keep nextIndex unchanged and retry.
2020-11-11 13:02:51,651 [grpc-default-executor-1] WARN  server.GrpcLogAppender (LogUtils.java:warn(122)) - e069e265-bb49-430d-a7d5-075644e54025@group-AE36718D8819->cf4c8ff2-bc1a-4dec-a9dc-d34d644bc422-AppendLogResponseHandler: Failed appendEntries: org.apache.ratis.thirdparty.io.grpc.StatusRuntimeException: UNAVAILABLE: io exception
2020-11-11 13:02:51,652 [grpc-default-executor-1] WARN  server.GrpcLogAppender (GrpcLogAppender.java:resetClient(107)) - e069e265-bb49-430d-a7d5-075644e54025@group-AE36718D8819->cf4c8ff2-bc1a-4dec-a9dc-d34d644bc422-GrpcLogAppender: Leader has not got in touch with Follower e069e265-bb49-430d-a7d5-075644e54025@group-AE36718D8819->cf4c8ff2-bc1a-4dec-a9dc-d34d644bc422(c0,m0,n1, attendVote=true, lastRpcSendTime=1, lastRpcResponseTime=5003) yet, just keep nextIndex unchanged and retry.
2020-11-11 13:02:52,330 [grpc-default-executor-1] WARN  server.GrpcLogAppender (LogUtils.java:warn(122)) - dfc112cd-6783-4672-858d-cfab3cc4e4cb@group-82309C06AD61->03e737f9-595c-463e-9a53-563bdd016f99-AppendLogResponseHandler: Failed appendEntries: org.apache.ratis.thirdparty.io.grpc.StatusRuntimeException: UNAVAILABLE: io exception
2020-11-11 13:02:52,331 [grpc-default-executor-1] WARN  server.GrpcLogAppender (GrpcLogAppender.java:resetClient(107)) - dfc112cd-6783-4672-858d-cfab3cc4e4cb@group-82309C06AD61->03e737f9-595c-463e-9a53-563bdd016f99-GrpcLogAppender: Leader has not got in touch with Follower dfc112cd-6783-4672-858d-cfab3cc4e4cb@group-82309C06AD61->03e737f9-595c-463e-9a53-563bdd016f99(c0,m0,n1, attendVote=true, lastRpcSendTime=2501, lastRpcResponseTime=5003) yet, just keep nextIndex unchanged and retry.
2020-11-11 13:02:53,867 [Listener at 127.0.0.1/39313] INFO  ozoneimpl.OzoneContainer (OzoneContainer.java:stop(259)) - Attempting to stop container services.
2020-11-11 13:02:53,867 [Listener at 127.0.0.1/39313] INFO  impl.RaftServerProxy (RaftServerProxy.java:lambda$close$4(322)) - dfc112cd-6783-4672-858d-cfab3cc4e4cb: close
2020-11-11 13:02:53,868 [Listener at 127.0.0.1/39313] INFO  impl.RaftServerImpl (RaftServerImpl.java:lambda$shutdown$3(321)) - dfc112cd-6783-4672-858d-cfab3cc4e4cb@group-553A490B449E: shutdown
2020-11-11 13:02:53,868 [Listener at 127.0.0.1/39313] INFO  util.JmxRegister (JmxRegister.java:unregister(73)) - Successfully un-registered JMX Bean with object name Ratis:service=RaftServer,group=group-553A490B449E,id=dfc112cd-6783-4672-858d-cfab3cc4e4cb
2020-11-11 13:02:53,868 [Listener at 127.0.0.1/39313] INFO  impl.RoleInfo (RoleInfo.java:shutdownLeaderState(104)) - dfc112cd-6783-4672-858d-cfab3cc4e4cb: shutdown LeaderState
2020-11-11 13:02:53,868 [Listener at 127.0.0.1/39313] INFO  impl.PendingRequests (PendingRequests.java:sendNotLeaderResponses(249)) - dfc112cd-6783-4672-858d-cfab3cc4e4cb@group-553A490B449E-PendingRequests: sendNotLeaderResponses
2020-11-11 13:02:53,874 [ForkJoinPool.commonPool-worker-0] INFO  ozoneimpl.OzoneContainer (OzoneContainer.java:stop(259)) - Attempting to stop container services.
2020-11-11 13:02:53,874 [ForkJoinPool.commonPool-worker-0] INFO  impl.RaftServerProxy (RaftServerProxy.java:lambda$close$4(322)) - f941e2d8-b1d9-4857-a015-dcc954962098: close
2020-11-11 13:02:53,875 [ForkJoinPool.commonPool-worker-0] INFO  impl.RaftServerImpl (RaftServerImpl.java:lambda$shutdown$3(321)) - f941e2d8-b1d9-4857-a015-dcc954962098@group-DCED4E8F9534: shutdown
2020-11-11 13:02:53,875 [ForkJoinPool.commonPool-worker-0] INFO  util.JmxRegister (JmxRegister.java:unregister(73)) - Successfully un-registered JMX Bean with object name Ratis:service=RaftServer,group=group-DCED4E8F9534,id=f941e2d8-b1d9-4857-a015-dcc954962098
2020-11-11 13:02:53,875 [ForkJoinPool.commonPool-worker-0] INFO  impl.RoleInfo (RoleInfo.java:shutdownLeaderState(104)) - f941e2d8-b1d9-4857-a015-dcc954962098: shutdown LeaderState
2020-11-11 13:02:53,875 [ForkJoinPool.commonPool-worker-0] INFO  impl.PendingRequests (PendingRequests.java:sendNotLeaderResponses(249)) - f941e2d8-b1d9-4857-a015-dcc954962098@group-DCED4E8F9534-PendingRequests: sendNotLeaderResponses
2020-11-11 13:02:53,875 [Listener at 127.0.0.1/39313] INFO  metrics.RatisMetrics (RatisMetrics.java:unregister(43)) - Unregistering Metrics Registry : ratis.log_appender.dfc112cd-6783-4672-858d-cfab3cc4e4cb@group-553A490B449E
2020-11-11 13:02:53,881 [ForkJoinPool.commonPool-worker-0] INFO  metrics.RatisMetrics (RatisMetrics.java:unregister(43)) - Unregistering Metrics Registry : ratis.log_appender.f941e2d8-b1d9-4857-a015-dcc954962098@group-DCED4E8F9534
2020-11-11 13:02:53,882 [ForkJoinPool.commonPool-worker-0] INFO  metrics.RatisMetrics (RatisMetrics.java:unregister(43)) - Unregistering Metrics Registry : ratis.server.f941e2d8-b1d9-4857-a015-dcc954962098@group-DCED4E8F9534
2020-11-11 13:02:53,883 [ForkJoinPool.commonPool-worker-0] INFO  impl.StateMachineUpdater (StateMachineUpdater.java:stopAndJoin(142)) - f941e2d8-b1d9-4857-a015-dcc954962098@group-DCED4E8F9534-StateMachineUpdater: set stopIndex = 18
2020-11-11 13:02:53,885 [f941e2d8-b1d9-4857-a015-dcc954962098@group-DCED4E8F9534-StateMachineUpdater] INFO  ratis.ContainerStateMachine (ContainerStateMachine.java:takeSnapshot(293)) - group-DCED4E8F9534: Taking a snapshot at:(t:1, i:18) file /github/workspace/mnt/ozone/hadoop-ozone/integration-test/target/test-dir/MiniOzoneClusterImpl-360dda8a-aacf-474d-b2be-458d96023f40/datanode-2/data/ratis/e9e32198-94f1-4e7c-9ec0-dced4e8f9534/sm/snapshot.1_18
2020-11-11 13:02:53,886 [Listener at 127.0.0.1/39313] INFO  metrics.RatisMetrics (RatisMetrics.java:unregister(43)) - Unregistering Metrics Registry : ratis.server.dfc112cd-6783-4672-858d-cfab3cc4e4cb@group-553A490B449E
2020-11-11 13:02:53,886 [f941e2d8-b1d9-4857-a015-dcc954962098@group-DCED4E8F9534-StateMachineUpdater] INFO  ratis.ContainerStateMachine (ContainerStateMachine.java:takeSnapshot(304)) - group-DCED4E8F9534: Finished taking a snapshot at:(t:1, i:18) file:/github/workspace/mnt/ozone/hadoop-ozone/integration-test/target/test-dir/MiniOzoneClusterImpl-360dda8a-aacf-474d-b2be-458d96023f40/datanode-2/data/ratis/e9e32198-94f1-4e7c-9ec0-dced4e8f9534/sm/snapshot.1_18 time:1
2020-11-11 13:02:53,886 [Listener at 127.0.0.1/39313] INFO  impl.StateMachineUpdater (StateMachineUpdater.java:stopAndJoin(142)) - dfc112cd-6783-4672-858d-cfab3cc4e4cb@group-553A490B449E-StateMachineUpdater: set stopIndex = 11
2020-11-11 13:02:53,886 [dfc112cd-6783-4672-858d-cfab3cc4e4cb@group-553A490B449E-StateMachineUpdater] INFO  ratis.ContainerStateMachine (ContainerStateMachine.java:takeSnapshot(293)) - group-553A490B449E: Taking a snapshot at:(t:1, i:11) file /github/workspace/mnt/ozone/hadoop-ozone/integration-test/target/test-dir/MiniOzoneClusterImpl-360dda8a-aacf-474d-b2be-458d96023f40/datanode-3/data/ratis/70669d07-c9c6-4ee5-a43b-553a490b449e/sm/snapshot.1_11
2020-11-11 13:02:53,886 [f941e2d8-b1d9-4857-a015-dcc954962098@group-DCED4E8F9534-StateMachineUpdater] INFO  impl.StateMachineUpdater (StateMachineUpdater.java:takeSnapshot(277)) - f941e2d8-b1d9-4857-a015-dcc954962098@group-DCED4E8F9534-StateMachineUpdater: Took a snapshot at index 18
2020-11-11 13:02:53,887 [f941e2d8-b1d9-4857-a015-dcc954962098@group-DCED4E8F9534-StateMachineUpdater] INFO  impl.StateMachineUpdater (StateMachineUpdater.java:lambda$new$0(87)) - f941e2d8-b1d9-4857-a015-dcc954962098@group-DCED4E8F9534-StateMachineUpdater: snapshotIndex: updateIncreasingly -1 -> 18
2020-11-11 13:02:53,887 [f941e2d8-b1d9-4857-a015-dcc954962098@group-DCED4E8F9534-StateMachineUpdater] INFO  metrics.RatisMetrics (RatisMetrics.java:unregister(43)) - Unregistering Metrics Registry : ratis.state_machine.f941e2d8-b1d9-4857-a015-dcc954962098@group-DCED4E8F9534
2020-11-11 13:02:53,887 [dfc112cd-6783-4672-858d-cfab3cc4e4cb@group-553A490B449E-StateMachineUpdater] INFO  ratis.ContainerStateMachine (ContainerStateMachine.java:takeSnapshot(304)) - group-553A490B449E: Finished taking a snapshot at:(t:1, i:11) file:/github/workspace/mnt/ozone/hadoop-ozone/integration-test/target/test-dir/MiniOzoneClusterImpl-360dda8a-aacf-474d-b2be-458d96023f40/datanode-3/data/ratis/70669d07-c9c6-4ee5-a43b-553a490b449e/sm/snapshot.1_11 time:1
2020-11-11 13:02:53,888 [dfc112cd-6783-4672-858d-cfab3cc4e4cb@group-553A490B449E-StateMachineUpdater] INFO  impl.StateMachineUpdater (StateMachineUpdater.java:takeSnapshot(277)) - dfc112cd-6783-4672-858d-cfab3cc4e4cb@group-553A490B449E-StateMachineUpdater: Took a snapshot at index 11
2020-11-11 13:02:53,888 [dfc112cd-6783-4672-858d-cfab3cc4e4cb@group-553A490B449E-StateMachineUpdater] INFO  impl.StateMachineUpdater (StateMachineUpdater.java:lambda$new$0(87)) - dfc112cd-6783-4672-858d-cfab3cc4e4cb@group-553A490B449E-StateMachineUpdater: snapshotIndex: updateIncreasingly -1 -> 11
2020-11-11 13:02:53,888 [dfc112cd-6783-4672-858d-cfab3cc4e4cb@group-553A490B449E-StateMachineUpdater] INFO  metrics.RatisMetrics (RatisMetrics.java:unregister(43)) - Unregistering Metrics Registry : ratis.state_machine.dfc112cd-6783-4672-858d-cfab3cc4e4cb@group-553A490B449E
2020-11-11 13:02:53,888 [ForkJoinPool.commonPool-worker-0] INFO  impl.RaftServerImpl (ServerState.java:close(405)) - f941e2d8-b1d9-4857-a015-dcc954962098@group-DCED4E8F9534: closes. applyIndex: 18
2020-11-11 13:02:53,888 [f941e2d8-b1d9-4857-a015-dcc954962098@group-DCED4E8F9534-SegmentedRaftLogWorker] INFO  segmented.SegmentedRaftLogWorker (SegmentedRaftLogWorker.java:run(327)) - f941e2d8-b1d9-4857-a015-dcc954962098@group-DCED4E8F9534-SegmentedRaftLogWorker was interrupted, exiting. There are 0 tasks remaining in the queue.
2020-11-11 13:02:53,888 [Listener at 127.0.0.1/39313] INFO  impl.RaftServerImpl (ServerState.java:close(405)) - dfc112cd-6783-4672-858d-cfab3cc4e4cb@group-553A490B449E: closes. applyIndex: 11
2020-11-11 13:02:53,889 [dfc112cd-6783-4672-858d-cfab3cc4e4cb@group-553A490B449E-SegmentedRaftLogWorker] INFO  segmented.SegmentedRaftLogWorker (SegmentedRaftLogWorker.java:run(327)) - dfc112cd-6783-4672-858d-cfab3cc4e4cb@group-553A490B449E-SegmentedRaftLogWorker was interrupted, exiting. There are 0 tasks remaining in the queue.
2020-11-11 13:02:53,889 [ForkJoinPool.commonPool-worker-0] INFO  segmented.SegmentedRaftLogWorker (SegmentedRaftLogWorker.java:close(234)) - f941e2d8-b1d9-4857-a015-dcc954962098@group-DCED4E8F9534-SegmentedRaftLogWorker close()
2020-11-11 13:02:53,890 [Listener at 127.0.0.1/39313] INFO  segmented.SegmentedRaftLogWorker (SegmentedRaftLogWorker.java:close(234)) - dfc112cd-6783-4672-858d-cfab3cc4e4cb@group-553A490B449E-SegmentedRaftLogWorker close()
2020-11-11 13:02:53,890 [ForkJoinPool.commonPool-worker-0] INFO  metrics.RatisMetrics (RatisMetrics.java:unregister(43)) - Unregistering Metrics Registry : ratis.log_worker.f941e2d8-b1d9-4857-a015-dcc954962098@group-DCED4E8F9534
2020-11-11 13:02:53,892 [Listener at 127.0.0.1/39313] INFO  metrics.RatisMetrics (RatisMetrics.java:unregister(43)) - Unregistering Metrics Registry : ratis.log_worker.dfc112cd-6783-4672-858d-cfab3cc4e4cb@group-553A490B449E
2020-11-11 13:02:53,892 [ForkJoinPool.commonPool-worker-0] INFO  metrics.RatisMetrics (RatisMetrics.java:unregister(43)) - Unregistering Metrics Registry : ratis.leader_election.f941e2d8-b1d9-4857-a015-dcc954962098@group-DCED4E8F9534
2020-11-11 13:02:53,892 [Listener at 127.0.0.1/39313] INFO  metrics.RatisMetrics (RatisMetrics.java:unregister(43)) - Unregistering Metrics Registry : ratis.leader_election.dfc112cd-6783-4672-858d-cfab3cc4e4cb@group-553A490B449E
2020-11-11 13:02:53,892 [ForkJoinPool.commonPool-worker-0] INFO  metrics.RatisMetrics (RatisMetrics.java:unregister(43)) - Unregistering Metrics Registry : ratis.server.f941e2d8-b1d9-4857-a015-dcc954962098@group-DCED4E8F9534
2020-11-11 13:02:53,893 [Listener at 127.0.0.1/39313] INFO  metrics.RatisMetrics (RatisMetrics.java:unregister(43)) - Unregistering Metrics Registry : ratis.server.dfc112cd-6783-4672-858d-cfab3cc4e4cb@group-553A490B449E
2020-11-11 13:02:53,893 [ForkJoinPool.commonPool-worker-0] INFO  impl.RaftServerImpl (RaftServerImpl.java:lambda$shutdown$3(321)) - f941e2d8-b1d9-4857-a015-dcc954962098@group-AE36718D8819: shutdown
2020-11-11 13:02:53,893 [Listener at 127.0.0.1/39313] INFO  impl.RaftServerImpl (RaftServerImpl.java:lambda$shutdown$3(321)) - dfc112cd-6783-4672-858d-cfab3cc4e4cb@group-82309C06AD61: shutdown
2020-11-11 13:02:53,893 [ForkJoinPool.commonPool-worker-0] INFO  util.JmxRegister (JmxRegister.java:unregister(73)) - Successfully un-registered JMX Bean with object name Ratis:service=RaftServer,group=group-AE36718D8819,id=f941e2d8-b1d9-4857-a015-dcc954962098
2020-11-11 13:02:53,893 [ForkJoinPool.commonPool-worker-0] INFO  impl.RoleInfo (RoleInfo.java:shutdownFollowerState(121)) - f941e2d8-b1d9-4857-a015-dcc954962098: shutdown FollowerState
2020-11-11 13:02:53,893 [Listener at 127.0.0.1/39313] INFO  util.JmxRegister (JmxRegister.java:unregister(73)) - Successfully un-registered JMX Bean with object name Ratis:service=RaftServer,group=group-82309C06AD61,id=dfc112cd-6783-4672-858d-cfab3cc4e4cb
2020-11-11 13:02:53,894 [f941e2d8-b1d9-4857-a015-dcc954962098@group-AE36718D8819-StateMachineUpdater] INFO  ratis.ContainerStateMachine (ContainerStateMachine.java:takeSnapshot(293)) - group-AE36718D8819: Taking a snapshot at:(t:1, i:0) file /github/workspace/mnt/ozone/hadoop-ozone/integration-test/target/test-dir/MiniOzoneClusterImpl-360dda8a-aacf-474d-b2be-458d96023f40/datanode-2/data/ratis/5f4957af-733e-4ce7-810a-ae36718d8819/sm/snapshot.1_0
2020-11-11 13:02:53,893 [ForkJoinPool.commonPool-worker-0] INFO  impl.StateMachineUpdater (StateMachineUpdater.java:stopAndJoin(142)) - f941e2d8-b1d9-4857-a015-dcc954962098@group-AE36718D8819-StateMachineUpdater: set stopIndex = 0
2020-11-11 13:02:53,893 [Thread-635] INFO  impl.FollowerState (FollowerState.java:run(117)) - f941e2d8-b1d9-4857-a015-dcc954962098@group-AE36718D8819-FollowerState was interrupted: java.lang.InterruptedException: sleep interrupted
2020-11-11 13:02:53,894 [Listener at 127.0.0.1/39313] INFO  impl.RoleInfo (RoleInfo.java:shutdownLeaderState(104)) - dfc112cd-6783-4672-858d-cfab3cc4e4cb: shutdown LeaderState
2020-11-11 13:02:53,894 [Listener at 127.0.0.1/39313] INFO  metrics.RatisMetrics (RatisMetrics.java:unregister(43)) - Unregistering Metrics Registry : ratis_grpc.log_appender.dfc112cd-6783-4672-858d-cfab3cc4e4cb@group-82309C06AD61
2020-11-11 13:02:53,895 [f941e2d8-b1d9-4857-a015-dcc954962098@group-AE36718D8819-StateMachineUpdater] INFO  ratis.ContainerStateMachine (ContainerStateMachine.java:takeSnapshot(304)) - group-AE36718D8819: Finished taking a snapshot at:(t:1, i:0) file:/github/workspace/mnt/ozone/hadoop-ozone/integration-test/target/test-dir/MiniOzoneClusterImpl-360dda8a-aacf-474d-b2be-458d96023f40/datanode-2/data/ratis/5f4957af-733e-4ce7-810a-ae36718d8819/sm/snapshot.1_0 time:1
2020-11-11 13:02:53,895 [Listener at 127.0.0.1/39313] INFO  metrics.RatisMetrics (RatisMetrics.java:unregister(43)) - Unregistering Metrics Registry : ratis_grpc.log_appender.dfc112cd-6783-4672-858d-cfab3cc4e4cb@group-82309C06AD61
2020-11-11 13:02:53,895 [f941e2d8-b1d9-4857-a015-dcc954962098@group-AE36718D8819-StateMachineUpdater] INFO  impl.StateMachineUpdater (StateMachineUpdater.java:takeSnapshot(277)) - f941e2d8-b1d9-4857-a015-dcc954962098@group-AE36718D8819-StateMachineUpdater: Took a snapshot at index 0
2020-11-11 13:02:53,895 [f941e2d8-b1d9-4857-a015-dcc954962098@group-AE36718D8819-StateMachineUpdater] INFO  impl.StateMachineUpdater (StateMachineUpdater.java:lambda$new$0(87)) - f941e2d8-b1d9-4857-a015-dcc954962098@group-AE36718D8819-StateMachineUpdater: snapshotIndex: updateIncreasingly -1 -> 0
2020-11-11 13:02:53,895 [org.apache.ratis.server.impl.LogAppender$AppenderDaemon$$Lambda$449/1939845929@738bf1d7] WARN  server.GrpcLogAppender (GrpcLogAppender.java:mayWait(168)) - dfc112cd-6783-4672-858d-cfab3cc4e4cb@group-82309C06AD61->352d83a1-5d74-43bd-bd39-d85070547324-GrpcLogAppender: Wait interrupted by java.lang.InterruptedException
2020-11-11 13:02:53,895 [f941e2d8-b1d9-4857-a015-dcc954962098@group-AE36718D8819-StateMachineUpdater] INFO  metrics.RatisMetrics (RatisMetrics.java:unregister(43)) - Unregistering Metrics Registry : ratis.state_machine.f941e2d8-b1d9-4857-a015-dcc954962098@group-AE36718D8819
2020-11-11 13:02:53,895 [Listener at 127.0.0.1/39313] INFO  impl.PendingRequests (PendingRequests.java:sendNotLeaderResponses(249)) - dfc112cd-6783-4672-858d-cfab3cc4e4cb@group-82309C06AD61-PendingRequests: sendNotLeaderResponses
2020-11-11 13:02:53,896 [Listener at 127.0.0.1/39313] INFO  metrics.RatisMetrics (RatisMetrics.java:unregister(43)) - Unregistering Metrics Registry : ratis.log_appender.dfc112cd-6783-4672-858d-cfab3cc4e4cb@group-82309C06AD61
2020-11-11 13:02:53,896 [Listener at 127.0.0.1/39313] INFO  metrics.RatisMetrics (RatisMetrics.java:unregister(43)) - Unregistering Metrics Registry : ratis.server.dfc112cd-6783-4672-858d-cfab3cc4e4cb@group-82309C06AD61
2020-11-11 13:02:53,896 [org.apache.ratis.server.impl.LogAppender$AppenderDaemon$$Lambda$449/1939845929@4b5ad160] WARN  server.GrpcLogAppender (GrpcLogAppender.java:mayWait(168)) - dfc112cd-6783-4672-858d-cfab3cc4e4cb@group-82309C06AD61->03e737f9-595c-463e-9a53-563bdd016f99-GrpcLogAppender: Wait interrupted by java.lang.InterruptedException
2020-11-11 13:02:53,897 [dfc112cd-6783-4672-858d-cfab3cc4e4cb@group-82309C06AD61-StateMachineUpdater] INFO  ratis.ContainerStateMachine (ContainerStateMachine.java:takeSnapshot(293)) - group-82309C06AD61: Taking a snapshot at:(t:1, i:0) file /github/workspace/mnt/ozone/hadoop-ozone/integration-test/target/test-dir/MiniOzoneClusterImpl-360dda8a-aacf-474d-b2be-458d96023f40/datanode-3/data/ratis/8ae8f7cf-e0cf-4ac8-9d09-82309c06ad61/sm/snapshot.1_0
2020-11-11 13:02:53,897 [Listener at 127.0.0.1/39313] INFO  impl.StateMachineUpdater (StateMachineUpdater.java:stopAndJoin(142)) - dfc112cd-6783-4672-858d-cfab3cc4e4cb@group-82309C06AD61-StateMachineUpdater: set stopIndex = 0
2020-11-11 13:02:53,897 [grpc-default-executor-1] INFO  server.GrpcServerProtocolService (GrpcServerProtocolService.java:onCompleted(138)) - 352d83a1-5d74-43bd-bd39-d85070547324: Completed APPEND_ENTRIES, lastRequest: dfc112cd-6783-4672-858d-cfab3cc4e4cb->352d83a1-5d74-43bd-bd39-d85070547324#1-t1, previous=(t:0, i:0), leaderCommit=0, initializing? false, entries: size=1, first=(t:1, i:0), CONFIGURATIONENTRY
2020-11-11 13:02:53,898 [dfc112cd-6783-4672-858d-cfab3cc4e4cb@group-82309C06AD61-StateMachineUpdater] INFO  ratis.ContainerStateMachine (ContainerStateMachine.java:takeSnapshot(304)) - group-82309C06AD61: Finished taking a snapshot at:(t:1, i:0) file:/github/workspace/mnt/ozone/hadoop-ozone/integration-test/target/test-dir/MiniOzoneClusterImpl-360dda8a-aacf-474d-b2be-458d96023f40/datanode-3/data/ratis/8ae8f7cf-e0cf-4ac8-9d09-82309c06ad61/sm/snapshot.1_0 time:1
2020-11-11 13:02:53,898 [dfc112cd-6783-4672-858d-cfab3cc4e4cb@group-82309C06AD61-StateMachineUpdater] INFO  impl.StateMachineUpdater (StateMachineUpdater.java:takeSnapshot(277)) - dfc112cd-6783-4672-858d-cfab3cc4e4cb@group-82309C06AD61-StateMachineUpdater: Took a snapshot at index 0
2020-11-11 13:02:53,898 [dfc112cd-6783-4672-858d-cfab3cc4e4cb@group-82309C06AD61-StateMachineUpdater] INFO  impl.StateMachineUpdater (StateMachineUpdater.java:lambda$new$0(87)) - dfc112cd-6783-4672-858d-cfab3cc4e4cb@group-82309C06AD61-StateMachineUpdater: snapshotIndex: updateIncreasingly -1 -> 0
2020-11-11 13:02:53,898 [dfc112cd-6783-4672-858d-cfab3cc4e4cb@group-82309C06AD61-StateMachineUpdater] INFO  metrics.RatisMetrics (RatisMetrics.java:unregister(43)) - Unregistering Metrics Registry : ratis.state_machine.dfc112cd-6783-4672-858d-cfab3cc4e4cb@group-82309C06AD61
2020-11-11 13:02:53,898 [grpc-default-executor-0] INFO  server.GrpcLogAppender (GrpcLogAppender.java:onCompleted(336)) - dfc112cd-6783-4672-858d-cfab3cc4e4cb@group-82309C06AD61->352d83a1-5d74-43bd-bd39-d85070547324-AppendLogResponseHandler: follower responses appendEntries COMPLETED
2020-11-11 13:02:53,898 [ForkJoinPool.commonPool-worker-0] INFO  impl.RaftServerImpl (ServerState.java:close(405)) - f941e2d8-b1d9-4857-a015-dcc954962098@group-AE36718D8819: closes. applyIndex: 0
2020-11-11 13:02:53,898 [Listener at 127.0.0.1/39313] INFO  impl.RaftServerImpl (ServerState.java:close(405)) - dfc112cd-6783-4672-858d-cfab3cc4e4cb@group-82309C06AD61: closes. applyIndex: 0
2020-11-11 13:02:53,902 [f941e2d8-b1d9-4857-a015-dcc954962098@group-AE36718D8819-SegmentedRaftLogWorker] INFO  segmented.SegmentedRaftLogWorker (SegmentedRaftLogWorker.java:run(327)) - f941e2d8-b1d9-4857-a015-dcc954962098@group-AE36718D8819-SegmentedRaftLogWorker was interrupted, exiting. There are 0 tasks remaining in the queue.
2020-11-11 13:02:53,902 [dfc112cd-6783-4672-858d-cfab3cc4e4cb@group-82309C06AD61-SegmentedRaftLogWorker] INFO  segmented.SegmentedRaftLogWorker (SegmentedRaftLogWorker.java:run(327)) - dfc112cd-6783-4672-858d-cfab3cc4e4cb@group-82309C06AD61-SegmentedRaftLogWorker was interrupted, exiting. There are 0 tasks remaining in the queue.
2020-11-11 13:02:53,899 [grpc-default-executor-0] INFO  impl.FollowerInfo (FollowerInfo.java:lambda$new$0(51)) - dfc112cd-6783-4672-858d-cfab3cc4e4cb@group-82309C06AD61->352d83a1-5d74-43bd-bd39-d85070547324: nextIndex: updateUnconditionally 1 -> 0
2020-11-11 13:02:53,903 [Listener at 127.0.0.1/39313] INFO  segmented.SegmentedRaftLogWorker (SegmentedRaftLogWorker.java:close(234)) - dfc112cd-6783-4672-858d-cfab3cc4e4cb@group-82309C06AD61-SegmentedRaftLogWorker close()
2020-11-11 13:02:53,903 [ForkJoinPool.commonPool-worker-0] INFO  segmented.SegmentedRaftLogWorker (SegmentedRaftLogWorker.java:close(234)) - f941e2d8-b1d9-4857-a015-dcc954962098@group-AE36718D8819-SegmentedRaftLogWorker close()
2020-11-11 13:02:53,903 [Listener at 127.0.0.1/39313] INFO  metrics.RatisMetrics (RatisMetrics.java:unregister(43)) - Unregistering Metrics Registry : ratis.log_worker.dfc112cd-6783-4672-858d-cfab3cc4e4cb@group-82309C06AD61
2020-11-11 13:02:53,904 [Listener at 127.0.0.1/39313] INFO  metrics.RatisMetrics (RatisMetrics.java:unregister(43)) - Unregistering Metrics Registry : ratis.leader_election.dfc112cd-6783-4672-858d-cfab3cc4e4cb@group-82309C06AD61
2020-11-11 13:02:53,904 [Listener at 127.0.0.1/39313] INFO  metrics.RatisMetrics (RatisMetrics.java:unregister(43)) - Unregistering Metrics Registry : ratis.server.dfc112cd-6783-4672-858d-cfab3cc4e4cb@group-82309C06AD61
2020-11-11 13:02:53,904 [Listener at 127.0.0.1/39313] INFO  server.GrpcService (GrpcService.java:closeImpl(183)) - dfc112cd-6783-4672-858d-cfab3cc4e4cb: shutdown server with port 37735 now
2020-11-11 13:02:53,904 [ForkJoinPool.commonPool-worker-0] INFO  metrics.RatisMetrics (RatisMetrics.java:unregister(43)) - Unregistering Metrics Registry : ratis.log_worker.f941e2d8-b1d9-4857-a015-dcc954962098@group-AE36718D8819
2020-11-11 13:02:53,904 [ForkJoinPool.commonPool-worker-0] INFO  metrics.RatisMetrics (RatisMetrics.java:unregister(43)) - Unregistering Metrics Registry : ratis.leader_election.f941e2d8-b1d9-4857-a015-dcc954962098@group-AE36718D8819
2020-11-11 13:02:53,905 [ForkJoinPool.commonPool-worker-0] INFO  metrics.RatisMetrics (RatisMetrics.java:unregister(43)) - Unregistering Metrics Registry : ratis.server.f941e2d8-b1d9-4857-a015-dcc954962098@group-AE36718D8819
2020-11-11 13:02:53,905 [ForkJoinPool.commonPool-worker-0] INFO  server.GrpcService (GrpcService.java:closeImpl(183)) - f941e2d8-b1d9-4857-a015-dcc954962098: shutdown server with port 43187 now
2020-11-11 13:02:53,908 [grpc-default-executor-0] WARN  server.GrpcLogAppender (LogUtils.java:warn(122)) - e069e265-bb49-430d-a7d5-075644e54025@group-AE36718D8819->f941e2d8-b1d9-4857-a015-dcc954962098-AppendLogResponseHandler: Failed appendEntries: org.apache.ratis.thirdparty.io.grpc.StatusRuntimeException: CANCELLED: HTTP/2 error code: CANCEL
Received Rst Stream
2020-11-11 13:02:53,908 [grpc-default-executor-0] WARN  server.GrpcLogAppender (GrpcLogAppender.java:resetClient(107)) - e069e265-bb49-430d-a7d5-075644e54025@group-AE36718D8819->f941e2d8-b1d9-4857-a015-dcc954962098-GrpcLogAppender: Leader has not got in touch with Follower e069e265-bb49-430d-a7d5-075644e54025@group-AE36718D8819->f941e2d8-b1d9-4857-a015-dcc954962098(c0,m0,n1, attendVote=true, lastRpcSendTime=2252, lastRpcResponseTime=2250) yet, just keep nextIndex unchanged and retry.
2020-11-11 13:02:53,908 [grpc-default-executor-1] WARN  server.GrpcServerProtocolService (LogUtils.java:warn(122)) - f941e2d8-b1d9-4857-a015-dcc954962098: installSnapshot onError, lastRequest: e069e265-bb49-430d-a7d5-075644e54025->f941e2d8-b1d9-4857-a015-dcc954962098#1-t1, previous=(t:0, i:0), leaderCommit=0, initializing? false, entries: size=1, first=(t:1, i:0), CONFIGURATIONENTRY: org.apache.ratis.thirdparty.io.grpc.StatusRuntimeException: CANCELLED: cancelled before receiving half close
2020-11-11 13:02:53,908 [ForkJoinPool.commonPool-worker-0] INFO  server.GrpcService (GrpcService.java:closeImpl(191)) - f941e2d8-b1d9-4857-a015-dcc954962098: shutdown server with port 43187 successfully
2020-11-11 13:02:53,909 [Listener at 127.0.0.1/39313] INFO  server.GrpcService (GrpcService.java:closeImpl(191)) - dfc112cd-6783-4672-858d-cfab3cc4e4cb: shutdown server with port 37735 successfully
2020-11-11 13:02:53,911 [Listener at 127.0.0.1/39313] INFO  utils.BackgroundService (BackgroundService.java:shutdown(132)) - Shutting down service BlockDeletingService
2020-11-11 13:02:53,912 [ForkJoinPool.commonPool-worker-0] INFO  utils.BackgroundService (BackgroundService.java:shutdown(132)) - Shutting down service BlockDeletingService
2020-11-11 13:02:53,915 [Listener at 127.0.0.1/39313] INFO  statemachine.DatanodeStateMachine (DatanodeStateMachine.java:stopDaemon(453)) - Ozone container server stopped.
2020-11-11 13:02:53,915 [ForkJoinPool.commonPool-worker-0] INFO  statemachine.DatanodeStateMachine (DatanodeStateMachine.java:stopDaemon(453)) - Ozone container server stopped.
2020-11-11 13:02:53,924 [Listener at 127.0.0.1/39313] INFO  handler.ContextHandler (ContextHandler.java:doStop(1154)) - Stopped o.e.j.w.WebAppContext@7ec651bd{hddsDatanode,/,null,STOPPED}{jar:file:/home/user/.m2/repository/org/apache/hadoop/hadoop-hdds-container-service/1.1.0-SNAPSHOT/hadoop-hdds-container-service-1.1.0-SNAPSHOT.jar!/webapps/hddsDatanode}
2020-11-11 13:02:53,925 [Listener at 127.0.0.1/39313] INFO  server.AbstractConnector (AbstractConnector.java:doStop(381)) - Stopped ServerConnector@42163a45{HTTP/1.1, (http/1.1)}{0.0.0.0:0}
2020-11-11 13:02:53,925 [Listener at 127.0.0.1/39313] INFO  server.session (HouseKeeper.java:stopScavenging(149)) - node0 Stopped scavenging
2020-11-11 13:02:53,925 [Listener at 127.0.0.1/39313] INFO  handler.ContextHandler (ContextHandler.java:doStop(1154)) - Stopped o.e.j.s.ServletContextHandler@7abb5a4{static,/static,jar:file:/home/user/.m2/repository/org/apache/hadoop/hadoop-hdds-container-service/1.1.0-SNAPSHOT/hadoop-hdds-container-service-1.1.0-SNAPSHOT.jar!/webapps/static,STOPPED}
2020-11-11 13:02:53,926 [Listener at 127.0.0.1/39313] INFO  handler.ContextHandler (ContextHandler.java:doStop(1154)) - Stopped o.e.j.s.ServletContextHandler@7be10fac{logs,/logs,file:///github/workspace/mnt/ozone/hadoop-ozone/integration-test/target/log,STOPPED}
2020-11-11 13:02:53,933 [ForkJoinPool.commonPool-worker-0] INFO  handler.ContextHandler (ContextHandler.java:doStop(1154)) - Stopped o.e.j.w.WebAppContext@4a4ae541{hddsDatanode,/,null,STOPPED}{jar:file:/home/user/.m2/repository/org/apache/hadoop/hadoop-hdds-container-service/1.1.0-SNAPSHOT/hadoop-hdds-container-service-1.1.0-SNAPSHOT.jar!/webapps/hddsDatanode}
2020-11-11 13:02:53,933 [ForkJoinPool.commonPool-worker-0] INFO  server.AbstractConnector (AbstractConnector.java:doStop(381)) - Stopped ServerConnector@685dfc9f{HTTP/1.1, (http/1.1)}{0.0.0.0:0}
2020-11-11 13:02:53,933 [ForkJoinPool.commonPool-worker-0] INFO  server.session (HouseKeeper.java:stopScavenging(149)) - node0 Stopped scavenging
2020-11-11 13:02:53,934 [ForkJoinPool.commonPool-worker-0] INFO  handler.ContextHandler (ContextHandler.java:doStop(1154)) - Stopped o.e.j.s.ServletContextHandler@60e3d398{static,/static,jar:file:/home/user/.m2/repository/org/apache/hadoop/hadoop-hdds-container-service/1.1.0-SNAPSHOT/hadoop-hdds-container-service-1.1.0-SNAPSHOT.jar!/webapps/static,STOPPED}
2020-11-11 13:02:53,935 [ForkJoinPool.commonPool-worker-0] INFO  handler.ContextHandler (ContextHandler.java:doStop(1154)) - Stopped o.e.j.s.ServletContextHandler@7753248e{logs,/logs,file:///github/workspace/mnt/ozone/hadoop-ozone/integration-test/target/log,STOPPED}
2020-11-11 13:02:54,152 [grpc-default-executor-1] WARN  server.GrpcLogAppender (LogUtils.java:warn(122)) - e069e265-bb49-430d-a7d5-075644e54025@group-AE36718D8819->cf4c8ff2-bc1a-4dec-a9dc-d34d644bc422-AppendLogResponseHandler: Failed appendEntries: org.apache.ratis.thirdparty.io.grpc.StatusRuntimeException: UNAVAILABLE: io exception
2020-11-11 13:02:54,153 [grpc-default-executor-1] WARN  server.GrpcLogAppender (GrpcLogAppender.java:resetClient(107)) - e069e265-bb49-430d-a7d5-075644e54025@group-AE36718D8819->cf4c8ff2-bc1a-4dec-a9dc-d34d644bc422-GrpcLogAppender: Leader has not got in touch with Follower e069e265-bb49-430d-a7d5-075644e54025@group-AE36718D8819->cf4c8ff2-bc1a-4dec-a9dc-d34d644bc422(c0,m0,n1, attendVote=true, lastRpcSendTime=0, lastRpcResponseTime=7504) yet, just keep nextIndex unchanged and retry.
2020-11-11 13:02:54,159 [grpc-default-executor-0] WARN  server.GrpcLogAppender (LogUtils.java:warn(122)) - e069e265-bb49-430d-a7d5-075644e54025@group-AE36718D8819->f941e2d8-b1d9-4857-a015-dcc954962098-AppendLogResponseHandler: Failed appendEntries: org.apache.ratis.thirdparty.io.grpc.StatusRuntimeException: UNAVAILABLE: io exception
2020-11-11 13:02:54,159 [grpc-default-executor-0] WARN  server.GrpcLogAppender (GrpcLogAppender.java:resetClient(107)) - e069e265-bb49-430d-a7d5-075644e54025@group-AE36718D8819->f941e2d8-b1d9-4857-a015-dcc954962098-GrpcLogAppender: Leader has not got in touch with Follower e069e265-bb49-430d-a7d5-075644e54025@group-AE36718D8819->f941e2d8-b1d9-4857-a015-dcc954962098(c0,m0,n1, attendVote=true, lastRpcSendTime=0, lastRpcResponseTime=2502) yet, just keep nextIndex unchanged and retry.
2020-11-11 13:02:54,708 [Datanode State Machine Thread - 0] INFO  statemachine.DatanodeStateMachine (DatanodeStateMachine.java:lambda$startDaemon$0(405)) - Ozone container server started.
2020-11-11 13:02:54,833 [Datanode State Machine Thread - 0] INFO  statemachine.DatanodeStateMachine (DatanodeStateMachine.java:lambda$startDaemon$0(405)) - Ozone container server started.
2020-11-11 13:02:56,652 [grpc-default-executor-0] WARN  server.GrpcLogAppender (LogUtils.java:warn(122)) - e069e265-bb49-430d-a7d5-075644e54025@group-AE36718D8819->cf4c8ff2-bc1a-4dec-a9dc-d34d644bc422-AppendLogResponseHandler: Failed appendEntries: org.apache.ratis.thirdparty.io.grpc.StatusRuntimeException: UNAVAILABLE: io exception
2020-11-11 13:02:56,653 [grpc-default-executor-0] WARN  server.GrpcLogAppender (GrpcLogAppender.java:resetClient(107)) - e069e265-bb49-430d-a7d5-075644e54025@group-AE36718D8819->cf4c8ff2-bc1a-4dec-a9dc-d34d644bc422-GrpcLogAppender: Leader has not got in touch with Follower e069e265-bb49-430d-a7d5-075644e54025@group-AE36718D8819->cf4c8ff2-bc1a-4dec-a9dc-d34d644bc422(c0,m0,n1, attendVote=true, lastRpcSendTime=1, lastRpcResponseTime=10005) yet, just keep nextIndex unchanged and retry.
2020-11-11 13:02:56,659 [grpc-default-executor-0] WARN  server.GrpcLogAppender (LogUtils.java:warn(122)) - e069e265-bb49-430d-a7d5-075644e54025@group-AE36718D8819->f941e2d8-b1d9-4857-a015-dcc954962098-AppendLogResponseHandler: Failed appendEntries: org.apache.ratis.thirdparty.io.grpc.StatusRuntimeException: UNAVAILABLE: io exception
2020-11-11 13:02:56,660 [grpc-default-executor-0] WARN  server.GrpcLogAppender (GrpcLogAppender.java:resetClient(107)) - e069e265-bb49-430d-a7d5-075644e54025@group-AE36718D8819->f941e2d8-b1d9-4857-a015-dcc954962098-GrpcLogAppender: Leader has not got in touch with Follower e069e265-bb49-430d-a7d5-075644e54025@group-AE36718D8819->f941e2d8-b1d9-4857-a015-dcc954962098(c0,m0,n1, attendVote=true, lastRpcSendTime=0, lastRpcResponseTime=5002) yet, just keep nextIndex unchanged and retry.
2020-11-11 13:02:57,601 [Thread-636] WARN  impl.RaftServerImpl (LeaderState.java:checkLeadership(893)) - e069e265-bb49-430d-a7d5-075644e54025@group-AE36718D8819-LeaderState: Lost leadership on term: 1. Election timeout: 5200ms. In charge for: 26024ms. Conf: 0: [cf4c8ff2-bc1a-4dec-a9dc-d34d644bc422:172.17.0.2:44713:0, e069e265-bb49-430d-a7d5-075644e54025:172.17.0.2:45889:0, f941e2d8-b1d9-4857-a015-dcc954962098:172.17.0.2:43187:0], old=null. Followers: [e069e265-bb49-430d-a7d5-075644e54025@group-AE36718D8819->cf4c8ff2-bc1a-4dec-a9dc-d34d644bc422(c0,m0,n1, attendVote=true, lastRpcSendTime=948, lastRpcResponseTime=10952), e069e265-bb49-430d-a7d5-075644e54025@group-AE36718D8819->f941e2d8-b1d9-4857-a015-dcc954962098(c0,m0,n1, attendVote=true, lastRpcSendTime=941, lastRpcResponseTime=5944)]
2020-11-11 13:02:57,601 [Thread-636] INFO  impl.RaftServerImpl (RaftServerImpl.java:setRole(198)) - e069e265-bb49-430d-a7d5-075644e54025@group-AE36718D8819: changes role from    LEADER to FOLLOWER at term 1 for stepDown
2020-11-11 13:02:57,601 [Thread-636] INFO  impl.RoleInfo (RoleInfo.java:shutdownLeaderState(104)) - e069e265-bb49-430d-a7d5-075644e54025: shutdown LeaderState
2020-11-11 13:02:57,601 [Thread-636] INFO  metrics.RatisMetrics (RatisMetrics.java:unregister(43)) - Unregistering Metrics Registry : ratis_grpc.log_appender.e069e265-bb49-430d-a7d5-075644e54025@group-AE36718D8819
2020-11-11 13:02:57,601 [Thread-636] INFO  metrics.RatisMetrics (RatisMetrics.java:unregister(43)) - Unregistering Metrics Registry : ratis_grpc.log_appender.e069e265-bb49-430d-a7d5-075644e54025@group-AE36718D8819
2020-11-11 13:02:57,601 [org.apache.ratis.server.impl.LogAppender$AppenderDaemon$$Lambda$449/1939845929@6301d7a4] WARN  server.GrpcLogAppender (GrpcLogAppender.java:mayWait(168)) - e069e265-bb49-430d-a7d5-075644e54025@group-AE36718D8819->cf4c8ff2-bc1a-4dec-a9dc-d34d644bc422-GrpcLogAppender: Wait interrupted by java.lang.InterruptedException
2020-11-11 13:02:57,601 [Thread-636] INFO  impl.PendingRequests (PendingRequests.java:sendNotLeaderResponses(249)) - e069e265-bb49-430d-a7d5-075644e54025@group-AE36718D8819-PendingRequests: sendNotLeaderResponses
2020-11-11 13:02:57,602 [Thread-636] INFO  metrics.RatisMetrics (RatisMetrics.java:unregister(43)) - Unregistering Metrics Registry : ratis.log_appender.e069e265-bb49-430d-a7d5-075644e54025@group-AE36718D8819
2020-11-11 13:02:57,603 [Thread-636] INFO  metrics.RatisMetrics (RatisMetrics.java:unregister(43)) - Unregistering Metrics Registry : ratis.server.e069e265-bb49-430d-a7d5-075644e54025@group-AE36718D8819
2020-11-11 13:02:57,601 [org.apache.ratis.server.impl.LogAppender$AppenderDaemon$$Lambda$449/1939845929@51f6e8ea] WARN  server.GrpcLogAppender (GrpcLogAppender.java:mayWait(168)) - e069e265-bb49-430d-a7d5-075644e54025@group-AE36718D8819->f941e2d8-b1d9-4857-a015-dcc954962098-GrpcLogAppender: Wait interrupted by java.lang.InterruptedException
2020-11-11 13:02:57,603 [Thread-636] INFO  impl.RoleInfo (RoleInfo.java:updateAndGet(143)) - e069e265-bb49-430d-a7d5-075644e54025: start FollowerState
2020-11-11 13:02:57,722 [Thread-659] INFO  impl.FollowerState (FollowerState.java:run(108)) - 352d83a1-5d74-43bd-bd39-d85070547324@group-82309C06AD61-FollowerState: change to CANDIDATE, lastRpcTime:5389ms, electionTimeout:5001ms
2020-11-11 13:02:57,722 [Thread-659] INFO  impl.RoleInfo (RoleInfo.java:shutdownFollowerState(121)) - 352d83a1-5d74-43bd-bd39-d85070547324: shutdown FollowerState
2020-11-11 13:02:57,722 [Thread-659] INFO  impl.RaftServerImpl (RaftServerImpl.java:setRole(198)) - 352d83a1-5d74-43bd-bd39-d85070547324@group-82309C06AD61: changes role from  FOLLOWER to CANDIDATE at term 1 for changeToCandidate
2020-11-11 13:02:57,722 [Thread-659] INFO  impl.RoleInfo (RoleInfo.java:updateAndGet(143)) - 352d83a1-5d74-43bd-bd39-d85070547324: start LeaderElection
2020-11-11 13:02:57,723 [352d83a1-5d74-43bd-bd39-d85070547324@group-82309C06AD61-LeaderElection22] INFO  impl.RaftServerImpl (ServerState.java:setLeader(256)) - 352d83a1-5d74-43bd-bd39-d85070547324@group-82309C06AD61: change Leader from dfc112cd-6783-4672-858d-cfab3cc4e4cb to null at term 1 for initElection
2020-11-11 13:02:57,725 [352d83a1-5d74-43bd-bd39-d85070547324@group-82309C06AD61-LeaderElection22] INFO  impl.LeaderElection (LeaderElection.java:askForVotes(210)) - 352d83a1-5d74-43bd-bd39-d85070547324@group-82309C06AD61-LeaderElection22: begin an election at term 2 for 0: [dfc112cd-6783-4672-858d-cfab3cc4e4cb:172.17.0.2:37735:0, 03e737f9-595c-463e-9a53-563bdd016f99:172.17.0.2:45547:0, 352d83a1-5d74-43bd-bd39-d85070547324:172.17.0.2:35799:0], old=null
2020-11-11 13:02:57,729 [352d83a1-5d74-43bd-bd39-d85070547324@group-82309C06AD61-LeaderElection22] INFO  impl.LeaderElection (LogUtils.java:infoOrTrace(137)) - 352d83a1-5d74-43bd-bd39-d85070547324@group-82309C06AD61-LeaderElection22 got exception when requesting votes: java.util.concurrent.ExecutionException: org.apache.ratis.thirdparty.io.grpc.StatusRuntimeException: UNAVAILABLE: io exception
2020-11-11 13:02:57,730 [352d83a1-5d74-43bd-bd39-d85070547324@group-82309C06AD61-LeaderElection22] INFO  impl.LeaderElection (LogUtils.java:infoOrTrace(137)) - 352d83a1-5d74-43bd-bd39-d85070547324@group-82309C06AD61-LeaderElection22 got exception when requesting votes: java.util.concurrent.ExecutionException: org.apache.ratis.thirdparty.io.grpc.StatusRuntimeException: UNAVAILABLE: io exception
2020-11-11 13:02:57,730 [352d83a1-5d74-43bd-bd39-d85070547324@group-82309C06AD61-LeaderElection22] INFO  impl.LeaderElection (LeaderElection.java:logAndReturn(62)) - 352d83a1-5d74-43bd-bd39-d85070547324@group-82309C06AD61-LeaderElection22: Election REJECTED; received 0 response(s) [] and 2 exception(s); 352d83a1-5d74-43bd-bd39-d85070547324@group-82309C06AD61:t2, leader=null, voted=352d83a1-5d74-43bd-bd39-d85070547324, raftlog=352d83a1-5d74-43bd-bd39-d85070547324@group-82309C06AD61-SegmentedRaftLog:OPENED:c0,f0,i0, conf=0: [dfc112cd-6783-4672-858d-cfab3cc4e4cb:172.17.0.2:37735:0, 03e737f9-595c-463e-9a53-563bdd016f99:172.17.0.2:45547:0, 352d83a1-5d74-43bd-bd39-d85070547324:172.17.0.2:35799:0], old=null
2020-11-11 13:02:57,730 [352d83a1-5d74-43bd-bd39-d85070547324@group-82309C06AD61-LeaderElection22] INFO  impl.LeaderElection (LogUtils.java:infoOrTrace(137)) -   Exception 0: java.util.concurrent.ExecutionException: org.apache.ratis.thirdparty.io.grpc.StatusRuntimeException: UNAVAILABLE: io exception
2020-11-11 13:02:57,730 [352d83a1-5d74-43bd-bd39-d85070547324@group-82309C06AD61-LeaderElection22] INFO  impl.LeaderElection (LogUtils.java:infoOrTrace(137)) -   Exception 1: java.util.concurrent.ExecutionException: org.apache.ratis.thirdparty.io.grpc.StatusRuntimeException: UNAVAILABLE: io exception
2020-11-11 13:02:57,730 [352d83a1-5d74-43bd-bd39-d85070547324@group-82309C06AD61-LeaderElection22] INFO  impl.RaftServerImpl (RaftServerImpl.java:setRole(198)) - 352d83a1-5d74-43bd-bd39-d85070547324@group-82309C06AD61: changes role from CANDIDATE to FOLLOWER at term 2 for DISCOVERED_A_NEW_TERM
2020-11-11 13:02:57,730 [352d83a1-5d74-43bd-bd39-d85070547324@group-82309C06AD61-LeaderElection22] INFO  impl.RoleInfo (RoleInfo.java:shutdownLeaderElection(134)) - 352d83a1-5d74-43bd-bd39-d85070547324: shutdown LeaderElection
2020-11-11 13:02:57,730 [352d83a1-5d74-43bd-bd39-d85070547324@group-82309C06AD61-LeaderElection22] INFO  impl.RoleInfo (RoleInfo.java:updateAndGet(143)) - 352d83a1-5d74-43bd-bd39-d85070547324: start FollowerState
2020-11-11 13:02:58,927 [Listener at 127.0.0.1/39313] INFO  ozoneimpl.OzoneContainer (OzoneContainer.java:stop(259)) - Attempting to stop container services.
2020-11-11 13:02:58,929 [Listener at 127.0.0.1/39313] INFO  impl.RaftServerProxy (RaftServerProxy.java:lambda$close$4(322)) - e61205f8-1646-4505-81d5-b53d4d94fb3b: close
2020-11-11 13:02:58,929 [Listener at 127.0.0.1/39313] INFO  impl.RaftServerImpl (RaftServerImpl.java:lambda$shutdown$3(321)) - e61205f8-1646-4505-81d5-b53d4d94fb3b@group-399A99A9F468: shutdown
2020-11-11 13:02:58,929 [Listener at 127.0.0.1/39313] INFO  util.JmxRegister (JmxRegister.java:unregister(73)) - Successfully un-registered JMX Bean with object name Ratis:service=RaftServer,group=group-399A99A9F468,id=e61205f8-1646-4505-81d5-b53d4d94fb3b
2020-11-11 13:02:58,929 [Listener at 127.0.0.1/39313] INFO  impl.RoleInfo (RoleInfo.java:shutdownLeaderState(104)) - e61205f8-1646-4505-81d5-b53d4d94fb3b: shutdown LeaderState
2020-11-11 13:02:58,930 [Listener at 127.0.0.1/39313] INFO  impl.PendingRequests (PendingRequests.java:sendNotLeaderResponses(249)) - e61205f8-1646-4505-81d5-b53d4d94fb3b@group-399A99A9F468-PendingRequests: sendNotLeaderResponses
2020-11-11 13:02:58,930 [Listener at 127.0.0.1/39313] INFO  metrics.RatisMetrics (RatisMetrics.java:unregister(43)) - Unregistering Metrics Registry : ratis.log_appender.e61205f8-1646-4505-81d5-b53d4d94fb3b@group-399A99A9F468
2020-11-11 13:02:58,930 [Listener at 127.0.0.1/39313] INFO  metrics.RatisMetrics (RatisMetrics.java:unregister(43)) - Unregistering Metrics Registry : ratis.server.e61205f8-1646-4505-81d5-b53d4d94fb3b@group-399A99A9F468
2020-11-11 13:02:58,931 [Listener at 127.0.0.1/39313] INFO  impl.StateMachineUpdater (StateMachineUpdater.java:stopAndJoin(142)) - e61205f8-1646-4505-81d5-b53d4d94fb3b@group-399A99A9F468-StateMachineUpdater: set stopIndex = 0
2020-11-11 13:02:58,931 [e61205f8-1646-4505-81d5-b53d4d94fb3b@group-399A99A9F468-StateMachineUpdater] INFO  ratis.ContainerStateMachine (ContainerStateMachine.java:takeSnapshot(293)) - group-399A99A9F468: Taking a snapshot at:(t:1, i:0) file /github/workspace/mnt/ozone/hadoop-ozone/integration-test/target/test-dir/MiniOzoneClusterImpl-360dda8a-aacf-474d-b2be-458d96023f40/datanode-6/data/ratis/564d4314-572d-4037-9efb-399a99a9f468/sm/snapshot.1_0
2020-11-11 13:02:58,932 [e61205f8-1646-4505-81d5-b53d4d94fb3b@group-399A99A9F468-StateMachineUpdater] INFO  ratis.ContainerStateMachine (ContainerStateMachine.java:takeSnapshot(304)) - group-399A99A9F468: Finished taking a snapshot at:(t:1, i:0) file:/github/workspace/mnt/ozone/hadoop-ozone/integration-test/target/test-dir/MiniOzoneClusterImpl-360dda8a-aacf-474d-b2be-458d96023f40/datanode-6/data/ratis/564d4314-572d-4037-9efb-399a99a9f468/sm/snapshot.1_0 time:1
2020-11-11 13:02:58,932 [e61205f8-1646-4505-81d5-b53d4d94fb3b@group-399A99A9F468-StateMachineUpdater] INFO  impl.StateMachineUpdater (StateMachineUpdater.java:takeSnapshot(277)) - e61205f8-1646-4505-81d5-b53d4d94fb3b@group-399A99A9F468-StateMachineUpdater: Took a snapshot at index 0
2020-11-11 13:02:58,933 [e61205f8-1646-4505-81d5-b53d4d94fb3b@group-399A99A9F468-StateMachineUpdater] INFO  impl.StateMachineUpdater (StateMachineUpdater.java:lambda$new$0(87)) - e61205f8-1646-4505-81d5-b53d4d94fb3b@group-399A99A9F468-StateMachineUpdater: snapshotIndex: updateIncreasingly -1 -> 0
2020-11-11 13:02:58,933 [e61205f8-1646-4505-81d5-b53d4d94fb3b@group-399A99A9F468-StateMachineUpdater] INFO  metrics.RatisMetrics (RatisMetrics.java:unregister(43)) - Unregistering Metrics Registry : ratis.state_machine.e61205f8-1646-4505-81d5-b53d4d94fb3b@group-399A99A9F468
2020-11-11 13:02:58,933 [Listener at 127.0.0.1/39313] INFO  impl.RaftServerImpl (ServerState.java:close(405)) - e61205f8-1646-4505-81d5-b53d4d94fb3b@group-399A99A9F468: closes. applyIndex: 0
2020-11-11 13:02:58,933 [e61205f8-1646-4505-81d5-b53d4d94fb3b@group-399A99A9F468-SegmentedRaftLogWorker] INFO  segmented.SegmentedRaftLogWorker (SegmentedRaftLogWorker.java:run(327)) - e61205f8-1646-4505-81d5-b53d4d94fb3b@group-399A99A9F468-SegmentedRaftLogWorker was interrupted, exiting. There are 0 tasks remaining in the queue.
2020-11-11 13:02:58,934 [Listener at 127.0.0.1/39313] INFO  segmented.SegmentedRaftLogWorker (SegmentedRaftLogWorker.java:close(234)) - e61205f8-1646-4505-81d5-b53d4d94fb3b@group-399A99A9F468-SegmentedRaftLogWorker close()
2020-11-11 13:02:58,934 [Listener at 127.0.0.1/39313] INFO  metrics.RatisMetrics (RatisMetrics.java:unregister(43)) - Unregistering Metrics Registry : ratis.log_worker.e61205f8-1646-4505-81d5-b53d4d94fb3b@group-399A99A9F468
2020-11-11 13:02:58,935 [Listener at 127.0.0.1/39313] INFO  metrics.RatisMetrics (RatisMetrics.java:unregister(43)) - Unregistering Metrics Registry : ratis.leader_election.e61205f8-1646-4505-81d5-b53d4d94fb3b@group-399A99A9F468
2020-11-11 13:02:58,935 [Listener at 127.0.0.1/39313] INFO  metrics.RatisMetrics (RatisMetrics.java:unregister(43)) - Unregistering Metrics Registry : ratis.server.e61205f8-1646-4505-81d5-b53d4d94fb3b@group-399A99A9F468
2020-11-11 13:02:58,935 [Listener at 127.0.0.1/39313] INFO  server.GrpcService (GrpcService.java:closeImpl(183)) - e61205f8-1646-4505-81d5-b53d4d94fb3b: shutdown server with port 33405 now
2020-11-11 13:02:58,935 [Listener at 127.0.0.1/39313] INFO  server.GrpcService (GrpcService.java:closeImpl(191)) - e61205f8-1646-4505-81d5-b53d4d94fb3b: shutdown server with port 33405 successfully
2020-11-11 13:02:58,936 [ForkJoinPool.commonPool-worker-0] INFO  ozoneimpl.OzoneContainer (OzoneContainer.java:stop(259)) - Attempting to stop container services.
2020-11-11 13:02:58,936 [ForkJoinPool.commonPool-worker-0] INFO  impl.RaftServerProxy (RaftServerProxy.java:lambda$close$4(322)) - e069e265-bb49-430d-a7d5-075644e54025: close
2020-11-11 13:02:58,936 [ForkJoinPool.commonPool-worker-0] INFO  impl.RaftServerImpl (RaftServerImpl.java:lambda$shutdown$3(321)) - e069e265-bb49-430d-a7d5-075644e54025@group-AE36718D8819: shutdown
2020-11-11 13:02:58,937 [ForkJoinPool.commonPool-worker-0] INFO  util.JmxRegister (JmxRegister.java:unregister(73)) - Successfully un-registered JMX Bean with object name Ratis:service=RaftServer,group=group-AE36718D8819,id=e069e265-bb49-430d-a7d5-075644e54025
2020-11-11 13:02:58,937 [Listener at 127.0.0.1/39313] INFO  utils.BackgroundService (BackgroundService.java:shutdown(132)) - Shutting down service BlockDeletingService
2020-11-11 13:02:58,937 [ForkJoinPool.commonPool-worker-0] INFO  impl.RoleInfo (RoleInfo.java:shutdownFollowerState(121)) - e069e265-bb49-430d-a7d5-075644e54025: shutdown FollowerState
2020-11-11 13:02:58,937 [ForkJoinPool.commonPool-worker-0] INFO  impl.StateMachineUpdater (StateMachineUpdater.java:stopAndJoin(142)) - e069e265-bb49-430d-a7d5-075644e54025@group-AE36718D8819-StateMachineUpdater: set stopIndex = 0
2020-11-11 13:02:58,937 [Thread-753] INFO  impl.FollowerState (FollowerState.java:run(117)) - e069e265-bb49-430d-a7d5-075644e54025@group-AE36718D8819-FollowerState was interrupted: java.lang.InterruptedException: sleep interrupted
2020-11-11 13:02:58,937 [e069e265-bb49-430d-a7d5-075644e54025@group-AE36718D8819-StateMachineUpdater] INFO  ratis.ContainerStateMachine (ContainerStateMachine.java:takeSnapshot(293)) - group-AE36718D8819: Taking a snapshot at:(t:1, i:0) file /github/workspace/mnt/ozone/hadoop-ozone/integration-test/target/test-dir/MiniOzoneClusterImpl-360dda8a-aacf-474d-b2be-458d96023f40/datanode-0/data/ratis/5f4957af-733e-4ce7-810a-ae36718d8819/sm/snapshot.1_0
2020-11-11 13:02:58,938 [e069e265-bb49-430d-a7d5-075644e54025@group-AE36718D8819-StateMachineUpdater] INFO  ratis.ContainerStateMachine (ContainerStateMachine.java:takeSnapshot(304)) - group-AE36718D8819: Finished taking a snapshot at:(t:1, i:0) file:/github/workspace/mnt/ozone/hadoop-ozone/integration-test/target/test-dir/MiniOzoneClusterImpl-360dda8a-aacf-474d-b2be-458d96023f40/datanode-0/data/ratis/5f4957af-733e-4ce7-810a-ae36718d8819/sm/snapshot.1_0 time:0
2020-11-11 13:02:58,939 [e069e265-bb49-430d-a7d5-075644e54025@group-AE36718D8819-StateMachineUpdater] INFO  impl.StateMachineUpdater (StateMachineUpdater.java:takeSnapshot(277)) - e069e265-bb49-430d-a7d5-075644e54025@group-AE36718D8819-StateMachineUpdater: Took a snapshot at index 0
2020-11-11 13:02:58,939 [e069e265-bb49-430d-a7d5-075644e54025@group-AE36718D8819-StateMachineUpdater] INFO  impl.StateMachineUpdater (StateMachineUpdater.java:lambda$new$0(87)) - e069e265-bb49-430d-a7d5-075644e54025@group-AE36718D8819-StateMachineUpdater: snapshotIndex: updateIncreasingly -1 -> 0
2020-11-11 13:02:58,939 [Listener at 127.0.0.1/39313] INFO  statemachine.DatanodeStateMachine (DatanodeStateMachine.java:stopDaemon(453)) - Ozone container server stopped.
2020-11-11 13:02:58,939 [e069e265-bb49-430d-a7d5-075644e54025@group-AE36718D8819-StateMachineUpdater] INFO  metrics.RatisMetrics (RatisMetrics.java:unregister(43)) - Unregistering Metrics Registry : ratis.state_machine.e069e265-bb49-430d-a7d5-075644e54025@group-AE36718D8819
2020-11-11 13:02:58,939 [ForkJoinPool.commonPool-worker-0] INFO  impl.RaftServerImpl (ServerState.java:close(405)) - e069e265-bb49-430d-a7d5-075644e54025@group-AE36718D8819: closes. applyIndex: 0
2020-11-11 13:02:58,939 [e069e265-bb49-430d-a7d5-075644e54025@group-AE36718D8819-SegmentedRaftLogWorker] INFO  segmented.SegmentedRaftLogWorker (SegmentedRaftLogWorker.java:run(327)) - e069e265-bb49-430d-a7d5-075644e54025@group-AE36718D8819-SegmentedRaftLogWorker was interrupted, exiting. There are 0 tasks remaining in the queue.
2020-11-11 13:02:58,941 [ForkJoinPool.commonPool-worker-0] INFO  segmented.SegmentedRaftLogWorker (SegmentedRaftLogWorker.java:close(234)) - e069e265-bb49-430d-a7d5-075644e54025@group-AE36718D8819-SegmentedRaftLogWorker close()
2020-11-11 13:02:58,941 [ForkJoinPool.commonPool-worker-0] INFO  metrics.RatisMetrics (RatisMetrics.java:unregister(43)) - Unregistering Metrics Registry : ratis.log_worker.e069e265-bb49-430d-a7d5-075644e54025@group-AE36718D8819
2020-11-11 13:02:58,941 [ForkJoinPool.commonPool-worker-0] INFO  metrics.RatisMetrics (RatisMetrics.java:unregister(43)) - Unregistering Metrics Registry : ratis.leader_election.e069e265-bb49-430d-a7d5-075644e54025@group-AE36718D8819
2020-11-11 13:02:58,941 [ForkJoinPool.commonPool-worker-0] INFO  metrics.RatisMetrics (RatisMetrics.java:unregister(43)) - Unregistering Metrics Registry : ratis.server.e069e265-bb49-430d-a7d5-075644e54025@group-AE36718D8819
2020-11-11 13:02:58,941 [ForkJoinPool.commonPool-worker-0] INFO  impl.RaftServerImpl (RaftServerImpl.java:lambda$shutdown$3(321)) - e069e265-bb49-430d-a7d5-075644e54025@group-3F78C87211DA: shutdown
2020-11-11 13:02:58,941 [ForkJoinPool.commonPool-worker-0] INFO  util.JmxRegister (JmxRegister.java:unregister(73)) - Successfully un-registered JMX Bean with object name Ratis:service=RaftServer,group=group-3F78C87211DA,id=e069e265-bb49-430d-a7d5-075644e54025
2020-11-11 13:02:58,942 [ForkJoinPool.commonPool-worker-0] INFO  impl.RoleInfo (RoleInfo.java:shutdownLeaderState(104)) - e069e265-bb49-430d-a7d5-075644e54025: shutdown LeaderState
2020-11-11 13:02:58,942 [ForkJoinPool.commonPool-worker-0] INFO  impl.PendingRequests (PendingRequests.java:sendNotLeaderResponses(249)) - e069e265-bb49-430d-a7d5-075644e54025@group-3F78C87211DA-PendingRequests: sendNotLeaderResponses
2020-11-11 13:02:58,942 [ForkJoinPool.commonPool-worker-0] INFO  metrics.RatisMetrics (RatisMetrics.java:unregister(43)) - Unregistering Metrics Registry : ratis.log_appender.e069e265-bb49-430d-a7d5-075644e54025@group-3F78C87211DA
2020-11-11 13:02:58,942 [ForkJoinPool.commonPool-worker-0] INFO  metrics.RatisMetrics (RatisMetrics.java:unregister(43)) - Unregistering Metrics Registry : ratis.server.e069e265-bb49-430d-a7d5-075644e54025@group-3F78C87211DA
2020-11-11 13:02:58,942 [ForkJoinPool.commonPool-worker-0] INFO  impl.StateMachineUpdater (StateMachineUpdater.java:stopAndJoin(142)) - e069e265-bb49-430d-a7d5-075644e54025@group-3F78C87211DA-StateMachineUpdater: set stopIndex = 0
2020-11-11 13:02:58,943 [e069e265-bb49-430d-a7d5-075644e54025@group-3F78C87211DA-StateMachineUpdater] INFO  ratis.ContainerStateMachine (ContainerStateMachine.java:takeSnapshot(293)) - group-3F78C87211DA: Taking a snapshot at:(t:1, i:0) file /github/workspace/mnt/ozone/hadoop-ozone/integration-test/target/test-dir/MiniOzoneClusterImpl-360dda8a-aacf-474d-b2be-458d96023f40/datanode-0/data/ratis/f698b8eb-0609-4496-8c56-3f78c87211da/sm/snapshot.1_0
2020-11-11 13:02:58,943 [e069e265-bb49-430d-a7d5-075644e54025@group-3F78C87211DA-StateMachineUpdater] INFO  ratis.ContainerStateMachine (ContainerStateMachine.java:takeSnapshot(304)) - group-3F78C87211DA: Finished taking a snapshot at:(t:1, i:0) file:/github/workspace/mnt/ozone/hadoop-ozone/integration-test/target/test-dir/MiniOzoneClusterImpl-360dda8a-aacf-474d-b2be-458d96023f40/datanode-0/data/ratis/f698b8eb-0609-4496-8c56-3f78c87211da/sm/snapshot.1_0 time:0
2020-11-11 13:02:58,943 [e069e265-bb49-430d-a7d5-075644e54025@group-3F78C87211DA-StateMachineUpdater] INFO  impl.StateMachineUpdater (StateMachineUpdater.java:takeSnapshot(277)) - e069e265-bb49-430d-a7d5-075644e54025@group-3F78C87211DA-StateMachineUpdater: Took a snapshot at index 0
2020-11-11 13:02:58,943 [e069e265-bb49-430d-a7d5-075644e54025@group-3F78C87211DA-StateMachineUpdater] INFO  impl.StateMachineUpdater (StateMachineUpdater.java:lambda$new$0(87)) - e069e265-bb49-430d-a7d5-075644e54025@group-3F78C87211DA-StateMachineUpdater: snapshotIndex: updateIncreasingly -1 -> 0
2020-11-11 13:02:58,944 [e069e265-bb49-430d-a7d5-075644e54025@group-3F78C87211DA-StateMachineUpdater] INFO  metrics.RatisMetrics (RatisMetrics.java:unregister(43)) - Unregistering Metrics Registry : ratis.state_machine.e069e265-bb49-430d-a7d5-075644e54025@group-3F78C87211DA
2020-11-11 13:02:58,944 [ForkJoinPool.commonPool-worker-0] INFO  impl.RaftServerImpl (ServerState.java:close(405)) - e069e265-bb49-430d-a7d5-075644e54025@group-3F78C87211DA: closes. applyIndex: 0
2020-11-11 13:02:58,944 [e069e265-bb49-430d-a7d5-075644e54025@group-3F78C87211DA-SegmentedRaftLogWorker] INFO  segmented.SegmentedRaftLogWorker (SegmentedRaftLogWorker.java:run(327)) - e069e265-bb49-430d-a7d5-075644e54025@group-3F78C87211DA-SegmentedRaftLogWorker was interrupted, exiting. There are 0 tasks remaining in the queue.
2020-11-11 13:02:58,944 [ForkJoinPool.commonPool-worker-0] INFO  segmented.SegmentedRaftLogWorker (SegmentedRaftLogWorker.java:close(234)) - e069e265-bb49-430d-a7d5-075644e54025@group-3F78C87211DA-SegmentedRaftLogWorker close()
2020-11-11 13:02:58,944 [ForkJoinPool.commonPool-worker-0] INFO  metrics.RatisMetrics (RatisMetrics.java:unregister(43)) - Unregistering Metrics Registry : ratis.log_worker.e069e265-bb49-430d-a7d5-075644e54025@group-3F78C87211DA
2020-11-11 13:02:58,944 [ForkJoinPool.commonPool-worker-0] INFO  metrics.RatisMetrics (RatisMetrics.java:unregister(43)) - Unregistering Metrics Registry : ratis.leader_election.e069e265-bb49-430d-a7d5-075644e54025@group-3F78C87211DA
2020-11-11 13:02:58,944 [ForkJoinPool.commonPool-worker-0] INFO  metrics.RatisMetrics (RatisMetrics.java:unregister(43)) - Unregistering Metrics Registry : ratis.server.e069e265-bb49-430d-a7d5-075644e54025@group-3F78C87211DA
2020-11-11 13:02:58,945 [ForkJoinPool.commonPool-worker-0] INFO  server.GrpcService (GrpcService.java:closeImpl(183)) - e069e265-bb49-430d-a7d5-075644e54025: shutdown server with port 45889 now
2020-11-11 13:02:58,946 [ForkJoinPool.commonPool-worker-0] INFO  server.GrpcService (GrpcService.java:closeImpl(191)) - e069e265-bb49-430d-a7d5-075644e54025: shutdown server with port 45889 successfully
2020-11-11 13:02:58,947 [ForkJoinPool.commonPool-worker-0] INFO  utils.BackgroundService (BackgroundService.java:shutdown(132)) - Shutting down service BlockDeletingService
2020-11-11 13:02:58,948 [ForkJoinPool.commonPool-worker-0] INFO  statemachine.DatanodeStateMachine (DatanodeStateMachine.java:stopDaemon(453)) - Ozone container server stopped.
2020-11-11 13:02:58,960 [ForkJoinPool.commonPool-worker-0] INFO  handler.ContextHandler (ContextHandler.java:doStop(1154)) - Stopped o.e.j.w.WebAppContext@7cb1eb4e{hddsDatanode,/,null,STOPPED}{jar:file:/home/user/.m2/repository/org/apache/hadoop/hadoop-hdds-container-service/1.1.0-SNAPSHOT/hadoop-hdds-container-service-1.1.0-SNAPSHOT.jar!/webapps/hddsDatanode}
2020-11-11 13:02:58,961 [ForkJoinPool.commonPool-worker-0] INFO  server.AbstractConnector (AbstractConnector.java:doStop(381)) - Stopped ServerConnector@651b8372{HTTP/1.1, (http/1.1)}{0.0.0.0:0}
2020-11-11 13:02:58,961 [ForkJoinPool.commonPool-worker-0] INFO  server.session (HouseKeeper.java:stopScavenging(149)) - node0 Stopped scavenging
2020-11-11 13:02:58,962 [ForkJoinPool.commonPool-worker-0] INFO  handler.ContextHandler (ContextHandler.java:doStop(1154)) - Stopped o.e.j.s.ServletContextHandler@6aee3f6c{static,/static,jar:file:/home/user/.m2/repository/org/apache/hadoop/hadoop-hdds-container-service/1.1.0-SNAPSHOT/hadoop-hdds-container-service-1.1.0-SNAPSHOT.jar!/webapps/static,STOPPED}
2020-11-11 13:02:58,963 [ForkJoinPool.commonPool-worker-0] INFO  handler.ContextHandler (ContextHandler.java:doStop(1154)) - Stopped o.e.j.s.ServletContextHandler@24b15ccc{logs,/logs,file:///github/workspace/mnt/ozone/hadoop-ozone/integration-test/target/log,STOPPED}
2020-11-11 13:02:58,966 [Listener at 127.0.0.1/39313] INFO  handler.ContextHandler (ContextHandler.java:doStop(1154)) - Stopped o.e.j.w.WebAppContext@5a89900e{hddsDatanode,/,null,STOPPED}{jar:file:/home/user/.m2/repository/org/apache/hadoop/hadoop-hdds-container-service/1.1.0-SNAPSHOT/hadoop-hdds-container-service-1.1.0-SNAPSHOT.jar!/webapps/hddsDatanode}
2020-11-11 13:02:58,966 [Listener at 127.0.0.1/39313] INFO  server.AbstractConnector (AbstractConnector.java:doStop(381)) - Stopped ServerConnector@7c7d4c51{HTTP/1.1, (http/1.1)}{0.0.0.0:0}
2020-11-11 13:02:58,966 [Listener at 127.0.0.1/39313] INFO  server.session (HouseKeeper.java:stopScavenging(149)) - node0 Stopped scavenging
2020-11-11 13:02:58,967 [Listener at 127.0.0.1/39313] INFO  handler.ContextHandler (ContextHandler.java:doStop(1154)) - Stopped o.e.j.s.ServletContextHandler@26367412{static,/static,jar:file:/home/user/.m2/repository/org/apache/hadoop/hadoop-hdds-container-service/1.1.0-SNAPSHOT/hadoop-hdds-container-service-1.1.0-SNAPSHOT.jar!/webapps/static,STOPPED}
2020-11-11 13:02:58,968 [Listener at 127.0.0.1/39313] INFO  handler.ContextHandler (ContextHandler.java:doStop(1154)) - Stopped o.e.j.s.ServletContextHandler@519109a8{logs,/logs,file:///github/workspace/mnt/ozone/hadoop-ozone/integration-test/target/log,STOPPED}
2020-11-11 13:02:59,595 [Datanode State Machine Thread - 0] INFO  statemachine.DatanodeStateMachine (DatanodeStateMachine.java:lambda$startDaemon$0(405)) - Ozone container server started.
2020-11-11 13:03:02,872 [Thread-757] INFO  impl.FollowerState (FollowerState.java:run(108)) - 352d83a1-5d74-43bd-bd39-d85070547324@group-82309C06AD61-FollowerState: change to CANDIDATE, lastRpcTime:5142ms, electionTimeout:5141ms
2020-11-11 13:03:02,873 [Thread-757] INFO  impl.RoleInfo (RoleInfo.java:shutdownFollowerState(121)) - 352d83a1-5d74-43bd-bd39-d85070547324: shutdown FollowerState
2020-11-11 13:03:02,873 [Thread-757] INFO  impl.RaftServerImpl (RaftServerImpl.java:setRole(198)) - 352d83a1-5d74-43bd-bd39-d85070547324@group-82309C06AD61: changes role from  FOLLOWER to CANDIDATE at term 2 for changeToCandidate
2020-11-11 13:03:02,873 [Thread-757] INFO  impl.RoleInfo (RoleInfo.java:updateAndGet(143)) - 352d83a1-5d74-43bd-bd39-d85070547324: start LeaderElection
2020-11-11 13:03:02,875 [352d83a1-5d74-43bd-bd39-d85070547324@group-82309C06AD61-LeaderElection23] INFO  impl.LeaderElection (LeaderElection.java:askForVotes(210)) - 352d83a1-5d74-43bd-bd39-d85070547324@group-82309C06AD61-LeaderElection23: begin an election at term 3 for 0: [dfc112cd-6783-4672-858d-cfab3cc4e4cb:172.17.0.2:37735:0, 03e737f9-595c-463e-9a53-563bdd016f99:172.17.0.2:45547:0, 352d83a1-5d74-43bd-bd39-d85070547324:172.17.0.2:35799:0], old=null
2020-11-11 13:03:02,878 [352d83a1-5d74-43bd-bd39-d85070547324@group-82309C06AD61-LeaderElection23] INFO  impl.LeaderElection (LogUtils.java:infoOrTrace(137)) - 352d83a1-5d74-43bd-bd39-d85070547324@group-82309C06AD61-LeaderElection23 got exception when requesting votes: java.util.concurrent.ExecutionException: org.apache.ratis.thirdparty.io.grpc.StatusRuntimeException: UNAVAILABLE: io exception
2020-11-11 13:03:02,878 [352d83a1-5d74-43bd-bd39-d85070547324@group-82309C06AD61-LeaderElection23] INFO  impl.LeaderElection (LogUtils.java:infoOrTrace(137)) - 352d83a1-5d74-43bd-bd39-d85070547324@group-82309C06AD61-LeaderElection23 got exception when requesting votes: java.util.concurrent.ExecutionException: org.apache.ratis.thirdparty.io.grpc.StatusRuntimeException: UNAVAILABLE: io exception
2020-11-11 13:03:02,878 [352d83a1-5d74-43bd-bd39-d85070547324@group-82309C06AD61-LeaderElection23] INFO  impl.LeaderElection (LeaderElection.java:logAndReturn(62)) - 352d83a1-5d74-43bd-bd39-d85070547324@group-82309C06AD61-LeaderElection23: Election REJECTED; received 0 response(s) [] and 2 exception(s); 352d83a1-5d74-43bd-bd39-d85070547324@group-82309C06AD61:t3, leader=null, voted=352d83a1-5d74-43bd-bd39-d85070547324, raftlog=352d83a1-5d74-43bd-bd39-d85070547324@group-82309C06AD61-SegmentedRaftLog:OPENED:c0,f0,i0, conf=0: [dfc112cd-6783-4672-858d-cfab3cc4e4cb:172.17.0.2:37735:0, 03e737f9-595c-463e-9a53-563bdd016f99:172.17.0.2:45547:0, 352d83a1-5d74-43bd-bd39-d85070547324:172.17.0.2:35799:0], old=null
2020-11-11 13:03:02,879 [352d83a1-5d74-43bd-bd39-d85070547324@group-82309C06AD61-LeaderElection23] INFO  impl.LeaderElection (LogUtils.java:infoOrTrace(137)) -   Exception 0: java.util.concurrent.ExecutionException: org.apache.ratis.thirdparty.io.grpc.StatusRuntimeException: UNAVAILABLE: io exception
2020-11-11 13:03:02,879 [352d83a1-5d74-43bd-bd39-d85070547324@group-82309C06AD61-LeaderElection23] INFO  impl.LeaderElection (LogUtils.java:infoOrTrace(137)) -   Exception 1: java.util.concurrent.ExecutionException: org.apache.ratis.thirdparty.io.grpc.StatusRuntimeException: UNAVAILABLE: io exception
2020-11-11 13:03:02,879 [352d83a1-5d74-43bd-bd39-d85070547324@group-82309C06AD61-LeaderElection23] INFO  impl.RaftServerImpl (RaftServerImpl.java:setRole(198)) - 352d83a1-5d74-43bd-bd39-d85070547324@group-82309C06AD61: changes role from CANDIDATE to FOLLOWER at term 3 for DISCOVERED_A_NEW_TERM
2020-11-11 13:03:02,879 [352d83a1-5d74-43bd-bd39-d85070547324@group-82309C06AD61-LeaderElection23] INFO  impl.RoleInfo (RoleInfo.java:shutdownLeaderElection(134)) - 352d83a1-5d74-43bd-bd39-d85070547324: shutdown LeaderElection
2020-11-11 13:03:02,879 [352d83a1-5d74-43bd-bd39-d85070547324@group-82309C06AD61-LeaderElection23] INFO  impl.RoleInfo (RoleInfo.java:updateAndGet(143)) - 352d83a1-5d74-43bd-bd39-d85070547324: start FollowerState
2020-11-11 13:03:03,965 [ForkJoinPool.commonPool-worker-0] INFO  ozoneimpl.OzoneContainer (OzoneContainer.java:stop(259)) - Attempting to stop container services.
2020-11-11 13:03:03,966 [ForkJoinPool.commonPool-worker-0] INFO  impl.RaftServerProxy (RaftServerProxy.java:lambda$close$4(322)) - 352d83a1-5d74-43bd-bd39-d85070547324: close
2020-11-11 13:03:03,966 [ForkJoinPool.commonPool-worker-0] INFO  impl.RaftServerImpl (RaftServerImpl.java:lambda$shutdown$3(321)) - 352d83a1-5d74-43bd-bd39-d85070547324@group-7E8547F36A9E: shutdown
2020-11-11 13:03:03,966 [ForkJoinPool.commonPool-worker-0] INFO  util.JmxRegister (JmxRegister.java:unregister(73)) - Successfully un-registered JMX Bean with object name Ratis:service=RaftServer,group=group-7E8547F36A9E,id=352d83a1-5d74-43bd-bd39-d85070547324
2020-11-11 13:03:03,966 [ForkJoinPool.commonPool-worker-0] INFO  impl.RoleInfo (RoleInfo.java:shutdownLeaderState(104)) - 352d83a1-5d74-43bd-bd39-d85070547324: shutdown LeaderState
2020-11-11 13:03:03,966 [ForkJoinPool.commonPool-worker-0] INFO  impl.PendingRequests (PendingRequests.java:sendNotLeaderResponses(249)) - 352d83a1-5d74-43bd-bd39-d85070547324@group-7E8547F36A9E-PendingRequests: sendNotLeaderResponses
2020-11-11 13:03:03,967 [ForkJoinPool.commonPool-worker-0] INFO  metrics.RatisMetrics (RatisMetrics.java:unregister(43)) - Unregistering Metrics Registry : ratis.log_appender.352d83a1-5d74-43bd-bd39-d85070547324@group-7E8547F36A9E
2020-11-11 13:03:03,967 [ForkJoinPool.commonPool-worker-0] INFO  metrics.RatisMetrics (RatisMetrics.java:unregister(43)) - Unregistering Metrics Registry : ratis.server.352d83a1-5d74-43bd-bd39-d85070547324@group-7E8547F36A9E
2020-11-11 13:03:03,967 [ForkJoinPool.commonPool-worker-0] INFO  impl.StateMachineUpdater (StateMachineUpdater.java:stopAndJoin(142)) - 352d83a1-5d74-43bd-bd39-d85070547324@group-7E8547F36A9E-StateMachineUpdater: set stopIndex = 0
2020-11-11 13:03:03,967 [352d83a1-5d74-43bd-bd39-d85070547324@group-7E8547F36A9E-StateMachineUpdater] INFO  ratis.ContainerStateMachine (ContainerStateMachine.java:takeSnapshot(293)) - group-7E8547F36A9E: Taking a snapshot at:(t:1, i:0) file /github/workspace/mnt/ozone/hadoop-ozone/integration-test/target/test-dir/MiniOzoneClusterImpl-360dda8a-aacf-474d-b2be-458d96023f40/datanode-5/data/ratis/1eaf1fd2-3a16-48cf-8e34-7e8547f36a9e/sm/snapshot.1_0
2020-11-11 13:03:03,968 [352d83a1-5d74-43bd-bd39-d85070547324@group-7E8547F36A9E-StateMachineUpdater] INFO  ratis.ContainerStateMachine (ContainerStateMachine.java:takeSnapshot(304)) - group-7E8547F36A9E: Finished taking a snapshot at:(t:1, i:0) file:/github/workspace/mnt/ozone/hadoop-ozone/integration-test/target/test-dir/MiniOzoneClusterImpl-360dda8a-aacf-474d-b2be-458d96023f40/datanode-5/data/ratis/1eaf1fd2-3a16-48cf-8e34-7e8547f36a9e/sm/snapshot.1_0 time:0
2020-11-11 13:03:03,968 [352d83a1-5d74-43bd-bd39-d85070547324@group-7E8547F36A9E-StateMachineUpdater] INFO  impl.StateMachineUpdater (StateMachineUpdater.java:takeSnapshot(277)) - 352d83a1-5d74-43bd-bd39-d85070547324@group-7E8547F36A9E-StateMachineUpdater: Took a snapshot at index 0
2020-11-11 13:03:03,968 [352d83a1-5d74-43bd-bd39-d85070547324@group-7E8547F36A9E-StateMachineUpdater] INFO  impl.StateMachineUpdater (StateMachineUpdater.java:lambda$new$0(87)) - 352d83a1-5d74-43bd-bd39-d85070547324@group-7E8547F36A9E-StateMachineUpdater: snapshotIndex: updateIncreasingly -1 -> 0
2020-11-11 13:03:03,969 [352d83a1-5d74-43bd-bd39-d85070547324@group-7E8547F36A9E-StateMachineUpdater] INFO  metrics.RatisMetrics (RatisMetrics.java:unregister(43)) - Unregistering Metrics Registry : ratis.state_machine.352d83a1-5d74-43bd-bd39-d85070547324@group-7E8547F36A9E
2020-11-11 13:03:03,969 [ForkJoinPool.commonPool-worker-0] INFO  impl.RaftServerImpl (ServerState.java:close(405)) - 352d83a1-5d74-43bd-bd39-d85070547324@group-7E8547F36A9E: closes. applyIndex: 0
2020-11-11 13:03:03,969 [352d83a1-5d74-43bd-bd39-d85070547324@group-7E8547F36A9E-SegmentedRaftLogWorker] INFO  segmented.SegmentedRaftLogWorker (SegmentedRaftLogWorker.java:run(327)) - 352d83a1-5d74-43bd-bd39-d85070547324@group-7E8547F36A9E-SegmentedRaftLogWorker was interrupted, exiting. There are 0 tasks remaining in the queue.
2020-11-11 13:03:03,969 [ForkJoinPool.commonPool-worker-0] INFO  segmented.SegmentedRaftLogWorker (SegmentedRaftLogWorker.java:close(234)) - 352d83a1-5d74-43bd-bd39-d85070547324@group-7E8547F36A9E-SegmentedRaftLogWorker close()
2020-11-11 13:03:03,969 [ForkJoinPool.commonPool-worker-0] INFO  metrics.RatisMetrics (RatisMetrics.java:unregister(43)) - Unregistering Metrics Registry : ratis.log_worker.352d83a1-5d74-43bd-bd39-d85070547324@group-7E8547F36A9E
2020-11-11 13:03:03,970 [ForkJoinPool.commonPool-worker-0] INFO  metrics.RatisMetrics (RatisMetrics.java:unregister(43)) - Unregistering Metrics Registry : ratis.leader_election.352d83a1-5d74-43bd-bd39-d85070547324@group-7E8547F36A9E
2020-11-11 13:03:03,970 [ForkJoinPool.commonPool-worker-0] INFO  metrics.RatisMetrics (RatisMetrics.java:unregister(43)) - Unregistering Metrics Registry : ratis.server.352d83a1-5d74-43bd-bd39-d85070547324@group-7E8547F36A9E
2020-11-11 13:03:03,970 [ForkJoinPool.commonPool-worker-0] INFO  impl.RaftServerImpl (RaftServerImpl.java:lambda$shutdown$3(321)) - 352d83a1-5d74-43bd-bd39-d85070547324@group-82309C06AD61: shutdown
2020-11-11 13:03:03,970 [ForkJoinPool.commonPool-worker-0] INFO  util.JmxRegister (JmxRegister.java:unregister(73)) - Successfully un-registered JMX Bean with object name Ratis:service=RaftServer,group=group-82309C06AD61,id=352d83a1-5d74-43bd-bd39-d85070547324
2020-11-11 13:03:03,970 [ForkJoinPool.commonPool-worker-0] INFO  impl.RoleInfo (RoleInfo.java:shutdownFollowerState(121)) - 352d83a1-5d74-43bd-bd39-d85070547324: shutdown FollowerState
2020-11-11 13:03:03,970 [ForkJoinPool.commonPool-worker-0] INFO  impl.StateMachineUpdater (StateMachineUpdater.java:stopAndJoin(142)) - 352d83a1-5d74-43bd-bd39-d85070547324@group-82309C06AD61-StateMachineUpdater: set stopIndex = 0
2020-11-11 13:03:03,970 [Thread-761] INFO  impl.FollowerState (FollowerState.java:run(117)) - 352d83a1-5d74-43bd-bd39-d85070547324@group-82309C06AD61-FollowerState was interrupted: java.lang.InterruptedException: sleep interrupted
2020-11-11 13:03:03,970 [352d83a1-5d74-43bd-bd39-d85070547324@group-82309C06AD61-StateMachineUpdater] INFO  ratis.ContainerStateMachine (ContainerStateMachine.java:takeSnapshot(293)) - group-82309C06AD61: Taking a snapshot at:(t:1, i:0) file /github/workspace/mnt/ozone/hadoop-ozone/integration-test/target/test-dir/MiniOzoneClusterImpl-360dda8a-aacf-474d-b2be-458d96023f40/datanode-5/data/ratis/8ae8f7cf-e0cf-4ac8-9d09-82309c06ad61/sm/snapshot.1_0
2020-11-11 13:03:03,971 [352d83a1-5d74-43bd-bd39-d85070547324@group-82309C06AD61-StateMachineUpdater] INFO  ratis.ContainerStateMachine (ContainerStateMachine.java:takeSnapshot(304)) - group-82309C06AD61: Finished taking a snapshot at:(t:1, i:0) file:/github/workspace/mnt/ozone/hadoop-ozone/integration-test/target/test-dir/MiniOzoneClusterImpl-360dda8a-aacf-474d-b2be-458d96023f40/datanode-5/data/ratis/8ae8f7cf-e0cf-4ac8-9d09-82309c06ad61/sm/snapshot.1_0 time:1
2020-11-11 13:03:03,972 [352d83a1-5d74-43bd-bd39-d85070547324@group-82309C06AD61-StateMachineUpdater] INFO  impl.StateMachineUpdater (StateMachineUpdater.java:takeSnapshot(277)) - 352d83a1-5d74-43bd-bd39-d85070547324@group-82309C06AD61-StateMachineUpdater: Took a snapshot at index 0
2020-11-11 13:03:03,972 [352d83a1-5d74-43bd-bd39-d85070547324@group-82309C06AD61-StateMachineUpdater] INFO  impl.StateMachineUpdater (StateMachineUpdater.java:lambda$new$0(87)) - 352d83a1-5d74-43bd-bd39-d85070547324@group-82309C06AD61-StateMachineUpdater: snapshotIndex: updateIncreasingly -1 -> 0
2020-11-11 13:03:03,972 [352d83a1-5d74-43bd-bd39-d85070547324@group-82309C06AD61-StateMachineUpdater] INFO  metrics.RatisMetrics (RatisMetrics.java:unregister(43)) - Unregistering Metrics Registry : ratis.state_machine.352d83a1-5d74-43bd-bd39-d85070547324@group-82309C06AD61
2020-11-11 13:03:03,972 [ForkJoinPool.commonPool-worker-0] INFO  impl.RaftServerImpl (ServerState.java:close(405)) - 352d83a1-5d74-43bd-bd39-d85070547324@group-82309C06AD61: closes. applyIndex: 0
2020-11-11 13:03:03,972 [352d83a1-5d74-43bd-bd39-d85070547324@group-82309C06AD61-SegmentedRaftLogWorker] INFO  segmented.SegmentedRaftLogWorker (SegmentedRaftLogWorker.java:run(327)) - 352d83a1-5d74-43bd-bd39-d85070547324@group-82309C06AD61-SegmentedRaftLogWorker was interrupted, exiting. There are 0 tasks remaining in the queue.
2020-11-11 13:03:03,972 [ForkJoinPool.commonPool-worker-0] INFO  segmented.SegmentedRaftLogWorker (SegmentedRaftLogWorker.java:close(234)) - 352d83a1-5d74-43bd-bd39-d85070547324@group-82309C06AD61-SegmentedRaftLogWorker close()
2020-11-11 13:03:03,973 [ForkJoinPool.commonPool-worker-0] INFO  metrics.RatisMetrics (RatisMetrics.java:unregister(43)) - Unregistering Metrics Registry : ratis.log_worker.352d83a1-5d74-43bd-bd39-d85070547324@group-82309C06AD61
2020-11-11 13:03:03,973 [ForkJoinPool.commonPool-worker-0] INFO  metrics.RatisMetrics (RatisMetrics.java:unregister(43)) - Unregistering Metrics Registry : ratis.leader_election.352d83a1-5d74-43bd-bd39-d85070547324@group-82309C06AD61
2020-11-11 13:03:03,973 [ForkJoinPool.commonPool-worker-0] INFO  metrics.RatisMetrics (RatisMetrics.java:unregister(43)) - Unregistering Metrics Registry : ratis.server.352d83a1-5d74-43bd-bd39-d85070547324@group-82309C06AD61
2020-11-11 13:03:03,973 [ForkJoinPool.commonPool-worker-0] INFO  server.GrpcService (GrpcService.java:closeImpl(183)) - 352d83a1-5d74-43bd-bd39-d85070547324: shutdown server with port 35799 now
2020-11-11 13:03:03,974 [ForkJoinPool.commonPool-worker-0] INFO  server.GrpcService (GrpcService.java:closeImpl(191)) - 352d83a1-5d74-43bd-bd39-d85070547324: shutdown server with port 35799 successfully
2020-11-11 13:03:03,976 [ForkJoinPool.commonPool-worker-0] INFO  utils.BackgroundService (BackgroundService.java:shutdown(132)) - Shutting down service BlockDeletingService
2020-11-11 13:03:03,977 [ForkJoinPool.commonPool-worker-0] INFO  statemachine.DatanodeStateMachine (DatanodeStateMachine.java:stopDaemon(453)) - Ozone container server stopped.
2020-11-11 13:03:03,986 [ForkJoinPool.commonPool-worker-0] INFO  handler.ContextHandler (ContextHandler.java:doStop(1154)) - Stopped o.e.j.w.WebAppContext@5d389101{hddsDatanode,/,null,STOPPED}{jar:file:/home/user/.m2/repository/org/apache/hadoop/hadoop-hdds-container-service/1.1.0-SNAPSHOT/hadoop-hdds-container-service-1.1.0-SNAPSHOT.jar!/webapps/hddsDatanode}
2020-11-11 13:03:03,986 [ForkJoinPool.commonPool-worker-0] INFO  server.AbstractConnector (AbstractConnector.java:doStop(381)) - Stopped ServerConnector@78614144{HTTP/1.1, (http/1.1)}{0.0.0.0:0}
2020-11-11 13:03:03,986 [ForkJoinPool.commonPool-worker-0] INFO  server.session (HouseKeeper.java:stopScavenging(149)) - node0 Stopped scavenging
2020-11-11 13:03:03,987 [ForkJoinPool.commonPool-worker-0] INFO  handler.ContextHandler (ContextHandler.java:doStop(1154)) - Stopped o.e.j.s.ServletContextHandler@6983eb59{static,/static,jar:file:/home/user/.m2/repository/org/apache/hadoop/hadoop-hdds-container-service/1.1.0-SNAPSHOT/hadoop-hdds-container-service-1.1.0-SNAPSHOT.jar!/webapps/static,STOPPED}
2020-11-11 13:03:03,987 [ForkJoinPool.commonPool-worker-0] INFO  handler.ContextHandler (ContextHandler.java:doStop(1154)) - Stopped o.e.j.s.ServletContextHandler@1cd14e{logs,/logs,file:///github/workspace/mnt/ozone/hadoop-ozone/integration-test/target/log,STOPPED}
2020-11-11 13:03:03,988 [Listener at 127.0.0.1/39313] INFO  ozone.MiniOzoneClusterImpl (MiniOzoneClusterImpl.java:stopSCM(476)) - Stopping the StorageContainerManager
2020-11-11 13:03:03,988 [Listener at 127.0.0.1/39313] INFO  server.StorageContainerManager (StorageContainerManager.java:stop(832)) - Stopping Replication Manager Service.
2020-11-11 13:03:03,988 [Listener at 127.0.0.1/39313] INFO  container.ReplicationManager (ReplicationManager.java:stop(219)) - Stopping Replication Monitor Thread.
2020-11-11 13:03:03,989 [Listener at 127.0.0.1/39313] INFO  server.StorageContainerManager (StorageContainerManager.java:stop(839)) - Stopping Lease Manager of the command watchers
2020-11-11 13:03:03,989 [Listener at 127.0.0.1/39313] INFO  server.StorageContainerManager (StorageContainerManager.java:stop(846)) - Stopping datanode service RPC server
2020-11-11 13:03:03,989 [CommandWatcher-LeaseManager#LeaseMonitor] ERROR lease.LeaseManager (LeaseManager.java:run(238)) - Execution was interrupted 
java.lang.InterruptedException: sleep interrupted
	at java.lang.Thread.sleep(Native Method)
	at org.apache.hadoop.ozone.lease.LeaseManager$LeaseMonitor.run(LeaseManager.java:234)
	at java.lang.Thread.run(Thread.java:748)
2020-11-11 13:03:03,989 [Listener at 127.0.0.1/39313] INFO  server.SCMDatanodeProtocolServer (SCMDatanodeProtocolServer.java:stop(361)) - Stopping the RPC server for DataNodes
2020-11-11 13:03:03,989 [Listener at 127.0.0.1/39313] INFO  ipc.Server (Server.java:stop(3359)) - Stopping server on 44729
2020-11-11 13:03:03,991 [IPC Server listener on 0] INFO  ipc.Server (Server.java:run(1330)) - Stopping IPC Server listener on 0
2020-11-11 13:03:03,991 [IPC Server Responder] INFO  ipc.Server (Server.java:run(1465)) - Stopping IPC Server Responder
2020-11-11 13:03:03,999 [SCM Heartbeat Processing Thread - 0] WARN  node.NodeStateManager (NodeStateManager.java:scheduleNextHealthCheck(661)) - Current Thread is interrupted, shutting down HB processing thread for Node Manager.
2020-11-11 13:03:03,999 [Listener at 127.0.0.1/39313] INFO  server.StorageContainerManager (StorageContainerManager.java:stop(854)) - Stopping block service RPC server
2020-11-11 13:03:04,000 [Listener at 127.0.0.1/39313] INFO  server.SCMBlockProtocolServer (SCMBlockProtocolServer.java:stop(158)) - Stopping the RPC server for Block Protocol
2020-11-11 13:03:04,000 [Listener at 127.0.0.1/39313] INFO  ipc.Server (Server.java:stop(3359)) - Stopping server on 45389
2020-11-11 13:03:04,001 [IPC Server Responder] INFO  ipc.Server (Server.java:run(1465)) - Stopping IPC Server Responder
2020-11-11 13:03:04,001 [Listener at 127.0.0.1/39313] INFO  server.StorageContainerManager (StorageContainerManager.java:stop(861)) - Stopping the StorageContainerLocationProtocol RPC server
2020-11-11 13:03:04,001 [Listener at 127.0.0.1/39313] INFO  server.SCMClientProtocolServer (SCMClientProtocolServer.java:stop(165)) - Stopping the RPC server for Client Protocol
2020-11-11 13:03:04,001 [Listener at 127.0.0.1/39313] INFO  ipc.Server (Server.java:stop(3359)) - Stopping server on 36401
2020-11-11 13:03:04,001 [IPC Server listener on 0] INFO  ipc.Server (Server.java:run(1330)) - Stopping IPC Server listener on 0
2020-11-11 13:03:04,003 [IPC Server listener on 0] INFO  ipc.Server (Server.java:run(1330)) - Stopping IPC Server listener on 0
2020-11-11 13:03:04,004 [IPC Server Responder] INFO  ipc.Server (Server.java:run(1465)) - Stopping IPC Server Responder
2020-11-11 13:03:04,004 [Listener at 127.0.0.1/39313] INFO  server.StorageContainerManager (StorageContainerManager.java:stop(868)) - Stopping Storage Container Manager HTTP server.
2020-11-11 13:03:04,004 [Listener at 127.0.0.1/39313] INFO  handler.ContextHandler (ContextHandler.java:doStop(1154)) - Stopped o.e.j.w.WebAppContext@496c5b0d{scm,/,null,STOPPED}{file:/github/workspace/mnt/ozone/hadoop-ozone/integration-test/target/test-classes/webapps/scm}
2020-11-11 13:03:04,005 [Listener at 127.0.0.1/39313] INFO  server.AbstractConnector (AbstractConnector.java:doStop(381)) - Stopped ServerConnector@1cd0f17d{HTTP/1.1, (http/1.1)}{0.0.0.0:0}
2020-11-11 13:03:04,005 [Listener at 127.0.0.1/39313] INFO  server.session (HouseKeeper.java:stopScavenging(149)) - node0 Stopped scavenging
2020-11-11 13:03:04,005 [Listener at 127.0.0.1/39313] INFO  handler.ContextHandler (ContextHandler.java:doStop(1154)) - Stopped o.e.j.s.ServletContextHandler@5e3d26a6{static,/static,file:///github/workspace/mnt/ozone/hadoop-ozone/integration-test/target/test-classes/webapps/static,STOPPED}
2020-11-11 13:03:04,005 [Listener at 127.0.0.1/39313] INFO  handler.ContextHandler (ContextHandler.java:doStop(1154)) - Stopped o.e.j.s.ServletContextHandler@26cd24d3{logs,/logs,file:///github/workspace/mnt/ozone/hadoop-ozone/integration-test/target/log,STOPPED}
2020-11-11 13:03:04,006 [Listener at 127.0.0.1/39313] INFO  server.StorageContainerManager (StorageContainerManager.java:stop(879)) - Stopping Block Manager Service.
2020-11-11 13:03:04,006 [Listener at 127.0.0.1/39313] INFO  utils.BackgroundService (BackgroundService.java:shutdown(132)) - Shutting down service SCMBlockDeletingService
2020-11-11 13:03:04,006 [Listener at 127.0.0.1/39313] INFO  utils.BackgroundService (BackgroundService.java:shutdown(132)) - Shutting down service SCMBlockDeletingService
2020-11-11 13:03:04,007 [Listener at 127.0.0.1/39313] INFO  server.StorageContainerManager (StorageContainerManager.java:stop(904)) - Stopping SCM Event Queue.
2020-11-11 13:03:04,014 [Listener at 127.0.0.1/39313] INFO  impl.MetricsSystemImpl (MetricsSystemImpl.java:stop(210)) - Stopping HddsDatanode metrics system...
2020-11-11 13:03:04,025 [Listener at 127.0.0.1/39313] INFO  impl.MetricsSystemImpl (MetricsSystemImpl.java:stop(216)) - HddsDatanode metrics system stopped.
]]></system-out>
  </testcase>
</testsuite>