<?xml version="1.0" encoding="UTF-8"?>
<testsuite xmlns:xsi="http://www.w3.org/2001/XMLSchema-instance" xsi:noNamespaceSchemaLocation="https://maven.apache.org/surefire/maven-surefire-plugin/xsd/surefire-test-report.xsd" name="org.apache.hadoop.ozone.client.rpc.TestDeleteWithSlowFollower" time="28.823" tests="1" errors="0" skipped="0" failures="1">
  <properties>
    <property name="awt.toolkit" value="sun.awt.X11.XToolkit"/>
    <property name="file.encoding.pkg" value="sun.io"/>
    <property name="java.specification.version" value="1.8"/>
    <property name="sun.cpu.isalist" value=""/>
    <property name="sun.jnu.encoding" value="ANSI_X3.4-1968"/>
    <property name="java.class.path" value="/github/workspace/mnt/ozone/hadoop-ozone/integration-test/target/test-classes:/github/workspace/mnt/ozone/hadoop-ozone/integration-test/target/classes:/home/user/.m2/repository/org/apache/hadoop/hadoop-ozone-common/0.6.0-SNAPSHOT/hadoop-ozone-common-0.6.0-SNAPSHOT.jar:/home/user/.m2/repository/org/apache/commons/commons-compress/1.4.1/commons-compress-1.4.1.jar:/home/user/.m2/repository/org/tukaani/xz/1.0/xz-1.0.jar:/home/user/.m2/repository/org/apache/hadoop/hadoop-hdds-common/0.6.0-SNAPSHOT/hadoop-hdds-common-0.6.0-SNAPSHOT.jar:/home/user/.m2/repository/org/apache/hadoop/hadoop-hdds-hadoop-dependency-client/0.6.0-SNAPSHOT/hadoop-hdds-hadoop-dependency-client-0.6.0-SNAPSHOT.jar:/home/user/.m2/repository/info/picocli/picocli/3.9.6/picocli-3.9.6.jar:/home/user/.m2/repository/com/fasterxml/jackson/core/jackson-annotations/2.10.3/jackson-annotations-2.10.3.jar:/home/user/.m2/repository/javax/annotation/javax.annotation-api/1.2/javax.annotation-api-1.2.jar:/home/user/.m2/repository/org/apache/ratis/ratis-server/0.6.0-6ab75ae-SNAPSHOT/ratis-server-0.6.0-6ab75ae-SNAPSHOT.jar:/home/user/.m2/repository/org/apache/ratis/ratis-client/0.6.0-6ab75ae-SNAPSHOT/ratis-client-0.6.0-6ab75ae-SNAPSHOT.jar:/home/user/.m2/repository/org/apache/ratis/ratis-metrics/0.6.0-6ab75ae-SNAPSHOT/ratis-metrics-0.6.0-6ab75ae-SNAPSHOT.jar:/home/user/.m2/repository/org/apache/ratis/ratis-netty/0.6.0-6ab75ae-SNAPSHOT/ratis-netty-0.6.0-6ab75ae-SNAPSHOT.jar:/home/user/.m2/repository/org/apache/ratis/ratis-grpc/0.6.0-6ab75ae-SNAPSHOT/ratis-grpc-0.6.0-6ab75ae-SNAPSHOT.jar:/home/user/.m2/repository/org/apache/logging/log4j/log4j-api/2.11.0/log4j-api-2.11.0.jar:/home/user/.m2/repository/org/apache/logging/log4j/log4j-core/2.11.0/log4j-core-2.11.0.jar:/home/user/.m2/repository/com/lmax/disruptor/3.4.2/disruptor-3.4.2.jar:/home/user/.m2/repository/org/apache/commons/commons-pool2/2.6.0/commons-pool2-2.6.0.jar:/home/user/.m2/repository/org/bouncycastle/bcpkix-jdk15on/1.60/bcpkix-jdk15on-1.60.jar:/home/user/.m2/repository/commons-validator/commons-validator/1.6/commons-validator-1.6.jar:/home/user/.m2/repository/commons-digester/commons-digester/1.8.1/commons-digester-1.8.1.jar:/home/user/.m2/repository/io/jaegertracing/jaeger-client/1.2.0/jaeger-client-1.2.0.jar:/home/user/.m2/repository/io/jaegertracing/jaeger-thrift/1.2.0/jaeger-thrift-1.2.0.jar:/home/user/.m2/repository/org/apache/thrift/libthrift/0.13.0/libthrift-0.13.0.jar:/home/user/.m2/repository/com/squareup/okhttp3/okhttp/4.2.2/okhttp-4.2.2.jar:/home/user/.m2/repository/com/squareup/okio/okio/2.2.2/okio-2.2.2.jar:/home/user/.m2/repository/org/jetbrains/kotlin/kotlin-stdlib/1.3.50/kotlin-stdlib-1.3.50.jar:/home/user/.m2/repository/org/jetbrains/kotlin/kotlin-stdlib-common/1.3.50/kotlin-stdlib-common-1.3.50.jar:/home/user/.m2/repository/org/jetbrains/annotations/13.0/annotations-13.0.jar:/home/user/.m2/repository/io/jaegertracing/jaeger-core/1.2.0/jaeger-core-1.2.0.jar:/home/user/.m2/repository/io/jaegertracing/jaeger-tracerresolver/1.2.0/jaeger-tracerresolver-1.2.0.jar:/home/user/.m2/repository/io/opentracing/contrib/opentracing-tracerresolver/0.1.8/opentracing-tracerresolver-0.1.8.jar:/home/user/.m2/repository/io/opentracing/opentracing-util/0.33.0/opentracing-util-0.33.0.jar:/home/user/.m2/repository/io/opentracing/opentracing-api/0.33.0/opentracing-api-0.33.0.jar:/home/user/.m2/repository/io/opentracing/opentracing-noop/0.33.0/opentracing-noop-0.33.0.jar:/home/user/.m2/repository/org/apache/hadoop/hadoop-hdds-client/0.6.0-SNAPSHOT/hadoop-hdds-client-0.6.0-SNAPSHOT.jar:/home/user/.m2/repository/org/apache/hadoop/hadoop-hdds-test-utils/0.6.0-SNAPSHOT/hadoop-hdds-test-utils-0.6.0-SNAPSHOT.jar:/home/user/.m2/repository/com/google/guava/guava/28.2-jre/guava-28.2-jre.jar:/home/user/.m2/repository/com/google/guava/failureaccess/1.0.1/failureaccess-1.0.1.jar:/home/user/.m2/repository/com/google/guava/listenablefuture/9999.0-empty-to-avoid-conflict-with-guava/listenablefuture-9999.0-empty-to-avoid-conflict-with-guava.jar:/home/user/.m2/repository/com/google/code/findbugs/jsr305/3.0.0/jsr305-3.0.0.jar:/home/user/.m2/repository/org/checkerframework/checker-qual/2.10.0/checker-qual-2.10.0.jar:/home/user/.m2/repository/com/google/errorprone/error_prone_annotations/2.2.0/error_prone_annotations-2.2.0.jar:/home/user/.m2/repository/com/google/j2objc/j2objc-annotations/1.3/j2objc-annotations-1.3.jar:/home/user/.m2/repository/commons-io/commons-io/2.5/commons-io-2.5.jar:/home/user/.m2/repository/commons-logging/commons-logging/1.2/commons-logging-1.2.jar:/home/user/.m2/repository/log4j/log4j/1.2.17/log4j-1.2.17.jar:/home/user/.m2/repository/org/slf4j/slf4j-api/1.7.25/slf4j-api-1.7.25.jar:/home/user/.m2/repository/org/apache/hadoop/hadoop-hdds-server-scm/0.6.0-SNAPSHOT/hadoop-hdds-server-scm-0.6.0-SNAPSHOT.jar:/home/user/.m2/repository/org/apache/hadoop/hadoop-hdds-container-service/0.6.0-SNAPSHOT/hadoop-hdds-container-service-0.6.0-SNAPSHOT.jar:/home/user/.m2/repository/org/apache/hadoop/hadoop-hdds-hadoop-dependency-server/0.6.0-SNAPSHOT/hadoop-hdds-hadoop-dependency-server-0.6.0-SNAPSHOT.jar:/home/user/.m2/repository/org/apache/hadoop/hadoop-hdds-server-framework/0.6.0-SNAPSHOT/hadoop-hdds-server-framework-0.6.0-SNAPSHOT.jar:/home/user/.m2/repository/org/apache/hadoop/hadoop-hdds-interface-server/0.6.0-SNAPSHOT/hadoop-hdds-interface-server-0.6.0-SNAPSHOT.jar:/home/user/.m2/repository/org/apache/hadoop/hadoop-hdds-interface-admin/0.6.0-SNAPSHOT/hadoop-hdds-interface-admin-0.6.0-SNAPSHOT.jar:/home/user/.m2/repository/org/rocksdb/rocksdbjni/6.6.4/rocksdbjni-6.6.4.jar:/home/user/.m2/repository/io/prometheus/simpleclient_dropwizard/0.7.0/simpleclient_dropwizard-0.7.0.jar:/home/user/.m2/repository/io/prometheus/simpleclient/0.7.0/simpleclient-0.7.0.jar:/home/user/.m2/repository/io/prometheus/simpleclient_common/0.7.0/simpleclient_common-0.7.0.jar:/home/user/.m2/repository/com/fasterxml/jackson/datatype/jackson-datatype-jsr310/2.10.3/jackson-datatype-jsr310-2.10.3.jar:/home/user/.m2/repository/org/apache/hadoop/hadoop-hdds-docs/0.6.0-SNAPSHOT/hadoop-hdds-docs-0.6.0-SNAPSHOT.jar:/home/user/.m2/repository/io/dropwizard/metrics/metrics-core/3.2.4/metrics-core-3.2.4.jar:/home/user/.m2/repository/org/apache/hadoop/hadoop-hdfs-client/3.2.1/hadoop-hdfs-client-3.2.1.jar:/home/user/.m2/repository/org/bouncycastle/bcprov-jdk15on/1.60/bcprov-jdk15on-1.60.jar:/home/user/.m2/repository/org/apache/hadoop/hadoop-ozone-ozone-manager/0.6.0-SNAPSHOT/hadoop-ozone-ozone-manager-0.6.0-SNAPSHOT.jar:/home/user/.m2/repository/org/apache/hadoop/hadoop-hdds-interface-client/0.6.0-SNAPSHOT/hadoop-hdds-interface-client-0.6.0-SNAPSHOT.jar:/home/user/.m2/repository/org/apache/ratis/ratis-thirdparty-misc/0.4.0/ratis-thirdparty-misc-0.4.0.jar:/home/user/.m2/repository/org/apache/hadoop/hadoop-minikdc/3.2.1/hadoop-minikdc-3.2.1.jar:/home/user/.m2/repository/org/apache/kerby/kerb-simplekdc/1.0.1/kerb-simplekdc-1.0.1.jar:/home/user/.m2/repository/org/apache/kerby/kerb-client/1.0.1/kerb-client-1.0.1.jar:/home/user/.m2/repository/org/apache/kerby/kerby-config/1.0.1/kerby-config-1.0.1.jar:/home/user/.m2/repository/org/apache/kerby/kerb-core/1.0.1/kerb-core-1.0.1.jar:/home/user/.m2/repository/org/apache/kerby/kerby-pkix/1.0.1/kerby-pkix-1.0.1.jar:/home/user/.m2/repository/org/apache/kerby/kerby-asn1/1.0.1/kerby-asn1-1.0.1.jar:/home/user/.m2/repository/org/apache/kerby/kerby-util/1.0.1/kerby-util-1.0.1.jar:/home/user/.m2/repository/org/apache/kerby/kerb-common/1.0.1/kerb-common-1.0.1.jar:/home/user/.m2/repository/org/apache/kerby/kerb-crypto/1.0.1/kerb-crypto-1.0.1.jar:/home/user/.m2/repository/org/apache/kerby/kerb-util/1.0.1/kerb-util-1.0.1.jar:/home/user/.m2/repository/org/apache/kerby/token-provider/1.0.1/token-provider-1.0.1.jar:/home/user/.m2/repository/org/apache/kerby/kerb-admin/1.0.1/kerb-admin-1.0.1.jar:/home/user/.m2/repository/org/apache/kerby/kerb-server/1.0.1/kerb-server-1.0.1.jar:/home/user/.m2/repository/org/apache/kerby/kerb-identity/1.0.1/kerb-identity-1.0.1.jar:/home/user/.m2/repository/org/apache/kerby/kerby-xdr/1.0.1/kerby-xdr-1.0.1.jar:/home/user/.m2/repository/org/slf4j/slf4j-log4j12/1.7.25/slf4j-log4j12-1.7.25.jar:/home/user/.m2/repository/org/apache/hadoop/hadoop-ozone-s3gateway/0.6.0-SNAPSHOT/hadoop-ozone-s3gateway-0.6.0-SNAPSHOT.jar:/home/user/.m2/repository/org/jboss/weld/servlet/weld-servlet/2.4.7.Final/weld-servlet-2.4.7.Final.jar:/home/user/.m2/repository/org/glassfish/jersey/containers/jersey-container-servlet-core/2.27/jersey-container-servlet-core-2.27.jar:/home/user/.m2/repository/org/glassfish/hk2/external/javax.inject/2.5.0-b42/javax.inject-2.5.0-b42.jar:/home/user/.m2/repository/org/glassfish/jersey/core/jersey-common/2.27/jersey-common-2.27.jar:/home/user/.m2/repository/org/glassfish/hk2/osgi-resource-locator/1.0.1/osgi-resource-locator-1.0.1.jar:/home/user/.m2/repository/javax/ws/rs/javax.ws.rs-api/2.1/javax.ws.rs-api-2.1.jar:/home/user/.m2/repository/org/glassfish/jersey/ext/cdi/jersey-cdi1x/2.27/jersey-cdi1x-2.27.jar:/home/user/.m2/repository/org/glassfish/jersey/inject/jersey-hk2/2.27/jersey-hk2-2.27.jar:/home/user/.m2/repository/org/glassfish/hk2/hk2-locator/2.5.0-b42/hk2-locator-2.5.0-b42.jar:/home/user/.m2/repository/org/javassist/javassist/3.22.0-CR2/javassist-3.22.0-CR2.jar:/home/user/.m2/repository/org/glassfish/hk2/hk2-api/2.5.0/hk2-api-2.5.0.jar:/home/user/.m2/repository/org/glassfish/hk2/external/jakarta.inject/2.5.0/jakarta.inject-2.5.0.jar:/home/user/.m2/repository/org/glassfish/hk2/hk2-utils/2.5.0/hk2-utils-2.5.0.jar:/home/user/.m2/repository/jakarta/annotation/jakarta.annotation-api/1.3.4/jakarta.annotation-api-1.3.4.jar:/home/user/.m2/repository/org/glassfish/hk2/external/aopalliance-repackaged/2.5.0/aopalliance-repackaged-2.5.0.jar:/home/user/.m2/repository/com/fasterxml/jackson/dataformat/jackson-dataformat-xml/2.10.3/jackson-dataformat-xml-2.10.3.jar:/home/user/.m2/repository/com/fasterxml/jackson/core/jackson-core/2.10.3/jackson-core-2.10.3.jar:/home/user/.m2/repository/com/fasterxml/jackson/module/jackson-module-jaxb-annotations/2.10.3/jackson-module-jaxb-annotations-2.10.3.jar:/home/user/.m2/repository/jakarta/xml/bind/jakarta.xml.bind-api/2.3.2/jakarta.xml.bind-api-2.3.2.jar:/home/user/.m2/repository/jakarta/activation/jakarta.activation-api/1.2.1/jakarta.activation-api-1.2.1.jar:/home/user/.m2/repository/org/codehaus/woodstox/stax2-api/3.1.4/stax2-api-3.1.4.jar:/home/user/.m2/repository/com/fasterxml/woodstox/woodstox-core/5.0.3/woodstox-core-5.0.3.jar:/home/user/.m2/repository/javax/enterprise/cdi-api/1.2/cdi-api-1.2.jar:/home/user/.m2/repository/javax/el/javax.el-api/3.0.0/javax.el-api-3.0.0.jar:/home/user/.m2/repository/javax/interceptor/javax.interceptor-api/1.2/javax.interceptor-api-1.2.jar:/home/user/.m2/repository/javax/inject/javax.inject/1/javax.inject-1.jar:/home/user/.m2/repository/com/sun/xml/bind/jaxb-impl/2.3.0.1/jaxb-impl-2.3.0.1.jar:/home/user/.m2/repository/com/sun/xml/bind/jaxb-core/2.3.0.1/jaxb-core-2.3.0.1.jar:/home/user/.m2/repository/javax/xml/bind/jaxb-api/2.3.0/jaxb-api-2.3.0.jar:/home/user/.m2/repository/javax/activation/activation/1.1.1/activation-1.1.1.jar:/home/user/.m2/repository/org/apache/hadoop/hadoop-ozone-csi/0.6.0-SNAPSHOT/hadoop-ozone-csi-0.6.0-SNAPSHOT.jar:/home/user/.m2/repository/com/google/protobuf/protobuf-java-util/3.11.0/protobuf-java-util-3.11.0.jar:/home/user/.m2/repository/com/google/code/gson/gson/2.2.4/gson-2.2.4.jar:/home/user/.m2/repository/org/apache/hadoop/hadoop-hdds-config/0.6.0-SNAPSHOT/hadoop-hdds-config-0.6.0-SNAPSHOT.jar:/home/user/.m2/repository/com/google/protobuf/protobuf-java/2.5.0/protobuf-java-2.5.0.jar:/home/user/.m2/repository/io/grpc/grpc-netty/1.29.0/grpc-netty-1.29.0.jar:/home/user/.m2/repository/io/grpc/grpc-core/1.29.0/grpc-core-1.29.0.jar:/home/user/.m2/repository/com/google/android/annotations/4.1.1.4/annotations-4.1.1.4.jar:/home/user/.m2/repository/io/perfmark/perfmark-api/0.19.0/perfmark-api-0.19.0.jar:/home/user/.m2/repository/io/netty/netty-codec-http2/4.1.48.Final/netty-codec-http2-4.1.48.Final.jar:/home/user/.m2/repository/io/netty/netty-codec/4.1.48.Final/netty-codec-4.1.48.Final.jar:/home/user/.m2/repository/io/netty/netty-handler/4.1.48.Final/netty-handler-4.1.48.Final.jar:/home/user/.m2/repository/io/netty/netty-codec-http/4.1.48.Final/netty-codec-http-4.1.48.Final.jar:/home/user/.m2/repository/io/netty/netty-handler-proxy/4.1.48.Final/netty-handler-proxy-4.1.48.Final.jar:/home/user/.m2/repository/io/netty/netty-codec-socks/4.1.48.Final/netty-codec-socks-4.1.48.Final.jar:/home/user/.m2/repository/io/netty/netty-transport-native-epoll/4.1.48.Final/netty-transport-native-epoll-4.1.48.Final.jar:/home/user/.m2/repository/io/netty/netty-common/4.1.48.Final/netty-common-4.1.48.Final.jar:/home/user/.m2/repository/io/netty/netty-buffer/4.1.48.Final/netty-buffer-4.1.48.Final.jar:/home/user/.m2/repository/io/netty/netty-transport/4.1.48.Final/netty-transport-4.1.48.Final.jar:/home/user/.m2/repository/io/netty/netty-resolver/4.1.48.Final/netty-resolver-4.1.48.Final.jar:/home/user/.m2/repository/io/netty/netty-transport-native-unix-common/4.1.48.Final/netty-transport-native-unix-common-4.1.48.Final.jar:/home/user/.m2/repository/io/grpc/grpc-protobuf/1.29.0/grpc-protobuf-1.29.0.jar:/home/user/.m2/repository/io/grpc/grpc-api/1.29.0/grpc-api-1.29.0.jar:/home/user/.m2/repository/io/grpc/grpc-context/1.29.0/grpc-context-1.29.0.jar:/home/user/.m2/repository/org/codehaus/mojo/animal-sniffer-annotations/1.18/animal-sniffer-annotations-1.18.jar:/home/user/.m2/repository/com/google/api/grpc/proto-google-common-protos/1.17.0/proto-google-common-protos-1.17.0.jar:/home/user/.m2/repository/io/grpc/grpc-protobuf-lite/1.29.0/grpc-protobuf-lite-1.29.0.jar:/home/user/.m2/repository/io/grpc/grpc-stub/1.29.0/grpc-stub-1.29.0.jar:/home/user/.m2/repository/org/apache/hadoop/hadoop-ozone-recon/0.6.0-SNAPSHOT/hadoop-ozone-recon-0.6.0-SNAPSHOT.jar:/home/user/.m2/repository/org/apache/hadoop/hadoop-ozone-reconcodegen/0.6.0-SNAPSHOT/hadoop-ozone-reconcodegen-0.6.0-SNAPSHOT.jar:/home/user/.m2/repository/com/google/inject/extensions/guice-multibindings/4.0/guice-multibindings-4.0.jar:/home/user/.m2/repository/com/google/inject/guice/4.0/guice-4.0.jar:/home/user/.m2/repository/aopalliance/aopalliance/1.0/aopalliance-1.0.jar:/home/user/.m2/repository/com/google/inject/extensions/guice-assistedinject/4.0/guice-assistedinject-4.0.jar:/home/user/.m2/repository/com/google/inject/extensions/guice-servlet/4.0/guice-servlet-4.0.jar:/home/user/.m2/repository/org/glassfish/jersey/containers/jersey-container-servlet/2.27/jersey-container-servlet-2.27.jar:/home/user/.m2/repository/org/glassfish/hk2/guice-bridge/2.5.0/guice-bridge-2.5.0.jar:/home/user/.m2/repository/org/glassfish/jersey/core/jersey-server/2.27/jersey-server-2.27.jar:/home/user/.m2/repository/org/glassfish/jersey/core/jersey-client/2.27/jersey-client-2.27.jar:/home/user/.m2/repository/org/glassfish/jersey/media/jersey-media-jaxb/2.27/jersey-media-jaxb-2.27.jar:/home/user/.m2/repository/javax/validation/validation-api/1.1.0.Final/validation-api-1.1.0.Final.jar:/home/user/.m2/repository/org/glassfish/jersey/media/jersey-media-json-jackson/2.27/jersey-media-json-jackson-2.27.jar:/home/user/.m2/repository/org/glassfish/jersey/ext/jersey-entity-filtering/2.27/jersey-entity-filtering-2.27.jar:/home/user/.m2/repository/org/jooq/jooq/3.11.10/jooq-3.11.10.jar:/home/user/.m2/repository/org/jooq/jooq-meta/3.11.10/jooq-meta-3.11.10.jar:/home/user/.m2/repository/org/jooq/jooq-codegen/3.11.10/jooq-codegen-3.11.10.jar:/home/user/.m2/repository/com/jolbox/bonecp/0.8.0.RELEASE/bonecp-0.8.0.RELEASE.jar:/home/user/.m2/repository/org/apache/derby/derby/10.14.2.0/derby-10.14.2.0.jar:/home/user/.m2/repository/org/xerial/sqlite-jdbc/3.25.2/sqlite-jdbc-3.25.2.jar:/home/user/.m2/repository/org/springframework/spring-jdbc/5.2.5.RELEASE/spring-jdbc-5.2.5.RELEASE.jar:/home/user/.m2/repository/org/springframework/spring-beans/5.2.5.RELEASE/spring-beans-5.2.5.RELEASE.jar:/home/user/.m2/repository/org/springframework/spring-core/5.2.5.RELEASE/spring-core-5.2.5.RELEASE.jar:/home/user/.m2/repository/org/springframework/spring-jcl/5.2.5.RELEASE/spring-jcl-5.2.5.RELEASE.jar:/home/user/.m2/repository/org/springframework/spring-tx/5.2.5.RELEASE/spring-tx-5.2.5.RELEASE.jar:/home/user/.m2/repository/org/apache/hadoop/hadoop-ozone-client/0.6.0-SNAPSHOT/hadoop-ozone-client-0.6.0-SNAPSHOT.jar:/home/user/.m2/repository/org/apache/hadoop/hadoop-ozone-filesystem/0.6.0-SNAPSHOT/hadoop-ozone-filesystem-0.6.0-SNAPSHOT.jar:/home/user/.m2/repository/org/apache/hadoop/hadoop-ozone-filesystem-common/0.6.0-SNAPSHOT/hadoop-ozone-filesystem-common-0.6.0-SNAPSHOT.jar:/home/user/.m2/repository/org/apache/hadoop/hadoop-ozone-tools/0.6.0-SNAPSHOT/hadoop-ozone-tools-0.6.0-SNAPSHOT.jar:/home/user/.m2/repository/org/apache/hadoop/hadoop-hdfs/3.2.1/hadoop-hdfs-3.2.1.jar:/home/user/.m2/repository/org/apache/ratis/ratis-tools/0.6.0-6ab75ae-SNAPSHOT/ratis-tools-0.6.0-6ab75ae-SNAPSHOT.jar:/home/user/.m2/repository/org/apache/ratis/ratis-proto/0.6.0-6ab75ae-SNAPSHOT/ratis-proto-0.6.0-6ab75ae-SNAPSHOT.jar:/home/user/.m2/repository/org/apache/ratis/ratis-common/0.6.0-6ab75ae-SNAPSHOT/ratis-common-0.6.0-6ab75ae-SNAPSHOT.jar:/home/user/.m2/repository/com/amazonaws/aws-java-sdk-core/1.11.615/aws-java-sdk-core-1.11.615.jar:/home/user/.m2/repository/org/apache/httpcomponents/httpclient/4.5.2/httpclient-4.5.2.jar:/home/user/.m2/repository/org/apache/httpcomponents/httpcore/4.4.4/httpcore-4.4.4.jar:/home/user/.m2/repository/software/amazon/ion/ion-java/1.0.2/ion-java-1.0.2.jar:/home/user/.m2/repository/com/fasterxml/jackson/dataformat/jackson-dataformat-cbor/2.10.3/jackson-dataformat-cbor-2.10.3.jar:/home/user/.m2/repository/joda-time/joda-time/2.8.1/joda-time-2.8.1.jar:/home/user/.m2/repository/com/amazonaws/aws-java-sdk-s3/1.11.615/aws-java-sdk-s3-1.11.615.jar:/home/user/.m2/repository/com/amazonaws/aws-java-sdk-kms/1.11.615/aws-java-sdk-kms-1.11.615.jar:/home/user/.m2/repository/com/amazonaws/jmespath-java/1.11.615/jmespath-java-1.11.615.jar:/home/user/.m2/repository/org/apache/hadoop/hadoop-hdds-tools/0.6.0-SNAPSHOT/hadoop-hdds-tools-0.6.0-SNAPSHOT.jar:/home/user/.m2/repository/commons-cli/commons-cli/1.2/commons-cli-1.2.jar:/home/user/.m2/repository/org/apache/commons/commons-lang3/3.7/commons-lang3-3.7.jar:/home/user/.m2/repository/org/apache/hadoop/hadoop-ozone-ozone-manager/0.6.0-SNAPSHOT/hadoop-ozone-ozone-manager-0.6.0-SNAPSHOT-tests.jar:/home/user/.m2/repository/junit/junit/4.11/junit-4.11.jar:/home/user/.m2/repository/org/hamcrest/hamcrest-core/1.3/hamcrest-core-1.3.jar:/home/user/.m2/repository/org/openjdk/jmh/jmh-core/1.19/jmh-core-1.19.jar:/home/user/.m2/repository/net/sf/jopt-simple/jopt-simple/4.6/jopt-simple-4.6.jar:/home/user/.m2/repository/org/apache/commons/commons-math3/3.1.1/commons-math3-3.1.1.jar:/home/user/.m2/repository/org/openjdk/jmh/jmh-generator-annprocess/1.19/jmh-generator-annprocess-1.19.jar:/home/user/.m2/repository/org/mockito/mockito-all/1.8.5/mockito-all-1.8.5.jar:/home/user/.m2/repository/org/apache/hadoop/hadoop-kms/3.2.1/hadoop-kms-3.2.1.jar:/home/user/.m2/repository/org/apache/hadoop/hadoop-auth/3.2.1/hadoop-auth-3.2.1.jar:/home/user/.m2/repository/com/nimbusds/nimbus-jose-jwt/7.9/nimbus-jose-jwt-7.9.jar:/home/user/.m2/repository/com/github/stephenc/jcip/jcip-annotations/1.0-1/jcip-annotations-1.0-1.jar:/home/user/.m2/repository/net/minidev/json-smart/2.3/json-smart-2.3.jar:/home/user/.m2/repository/net/minidev/accessors-smart/1.2/accessors-smart-1.2.jar:/home/user/.m2/repository/org/ow2/asm/asm/5.0.4/asm-5.0.4.jar:/home/user/.m2/repository/org/apache/zookeeper/zookeeper/3.4.13/zookeeper-3.4.13.jar:/home/user/.m2/repository/org/apache/yetus/audience-annotations/0.5.0/audience-annotations-0.5.0.jar:/home/user/.m2/repository/org/apache/curator/curator-framework/2.13.0/curator-framework-2.13.0.jar:/home/user/.m2/repository/com/sun/jersey/jersey-core/1.19/jersey-core-1.19.jar:/home/user/.m2/repository/javax/ws/rs/jsr311-api/1.1.1/jsr311-api-1.1.1.jar:/home/user/.m2/repository/com/sun/jersey/jersey-server/1.19/jersey-server-1.19.jar:/home/user/.m2/repository/javax/servlet/javax.servlet-api/3.1.0/javax.servlet-api-3.1.0.jar:/home/user/.m2/repository/org/eclipse/jetty/jetty-server/9.4.26.v20200117/jetty-server-9.4.26.v20200117.jar:/home/user/.m2/repository/org/eclipse/jetty/jetty-http/9.4.26.v20200117/jetty-http-9.4.26.v20200117.jar:/home/user/.m2/repository/org/eclipse/jetty/jetty-io/9.4.26.v20200117/jetty-io-9.4.26.v20200117.jar:/home/user/.m2/repository/org/eclipse/jetty/jetty-webapp/9.4.26.v20200117/jetty-webapp-9.4.26.v20200117.jar:/home/user/.m2/repository/org/eclipse/jetty/jetty-xml/9.4.26.v20200117/jetty-xml-9.4.26.v20200117.jar:/home/user/.m2/repository/org/eclipse/jetty/jetty-servlet/9.4.26.v20200117/jetty-servlet-9.4.26.v20200117.jar:/home/user/.m2/repository/org/eclipse/jetty/jetty-security/9.4.26.v20200117/jetty-security-9.4.26.v20200117.jar:/home/user/.m2/repository/org/apache/hadoop/hadoop-common/3.2.1/hadoop-common-3.2.1.jar:/home/user/.m2/repository/commons-net/commons-net/3.6/commons-net-3.6.jar:/home/user/.m2/repository/commons-collections/commons-collections/3.2.2/commons-collections-3.2.2.jar:/home/user/.m2/repository/com/sun/jersey/jersey-servlet/1.19/jersey-servlet-1.19.jar:/home/user/.m2/repository/com/sun/jersey/jersey-json/1.19/jersey-json-1.19.jar:/home/user/.m2/repository/org/codehaus/jettison/jettison/1.1/jettison-1.1.jar:/home/user/.m2/repository/org/codehaus/jackson/jackson-jaxrs/1.9.2/jackson-jaxrs-1.9.2.jar:/home/user/.m2/repository/org/codehaus/jackson/jackson-xc/1.9.2/jackson-xc-1.9.2.jar:/home/user/.m2/repository/commons-beanutils/commons-beanutils/1.9.4/commons-beanutils-1.9.4.jar:/home/user/.m2/repository/org/apache/commons/commons-configuration2/2.1.1/commons-configuration2-2.1.1.jar:/home/user/.m2/repository/org/apache/commons/commons-text/1.4/commons-text-1.4.jar:/home/user/.m2/repository/com/google/re2j/re2j/1.1/re2j-1.1.jar:/home/user/.m2/repository/com/jcraft/jsch/0.1.54/jsch-0.1.54.jar:/home/user/.m2/repository/org/apache/curator/curator-client/2.13.0/curator-client-2.13.0.jar:/home/user/.m2/repository/org/apache/curator/curator-recipes/2.13.0/curator-recipes-2.13.0.jar:/home/user/.m2/repository/dnsjava/dnsjava/2.1.7/dnsjava-2.1.7.jar:/home/user/.m2/repository/org/slf4j/jul-to-slf4j/1.7.25/jul-to-slf4j-1.7.25.jar:/home/user/.m2/repository/org/eclipse/jetty/jetty-util/9.4.26.v20200117/jetty-util-9.4.26.v20200117.jar:/home/user/.m2/repository/com/fasterxml/jackson/core/jackson-databind/2.10.3/jackson-databind-2.10.3.jar:/home/user/.m2/repository/org/apache/hadoop/hadoop-kms/3.2.1/hadoop-kms-3.2.1-tests.jar:/home/user/.m2/repository/org/apache/hadoop/hadoop-hdds-server-scm/0.6.0-SNAPSHOT/hadoop-hdds-server-scm-0.6.0-SNAPSHOT-tests.jar:/home/user/.m2/repository/org/apache/hadoop/hadoop-hdds-container-service/0.6.0-SNAPSHOT/hadoop-hdds-container-service-0.6.0-SNAPSHOT-tests.jar:/home/user/.m2/repository/org/apache/hadoop/hadoop-hdds-common/0.6.0-SNAPSHOT/hadoop-hdds-common-0.6.0-SNAPSHOT-tests.jar:/home/user/.m2/repository/org/yaml/snakeyaml/1.16/snakeyaml-1.16.jar:/home/user/.m2/repository/org/apache/hadoop/hadoop-hdds-hadoop-dependency-test/0.6.0-SNAPSHOT/hadoop-hdds-hadoop-dependency-test-0.6.0-SNAPSHOT.jar:/home/user/.m2/repository/org/apache/hadoop/hadoop-common/3.2.1/hadoop-common-3.2.1-tests.jar:/home/user/.m2/repository/javax/servlet/jsp/jsp-api/2.1/jsp-api-2.1.jar:/home/user/.m2/repository/org/apache/hadoop/hadoop-hdfs/3.2.1/hadoop-hdfs-3.2.1-tests.jar:/home/user/.m2/repository/org/eclipse/jetty/jetty-util-ajax/9.4.26.v20200117/jetty-util-ajax-9.4.26.v20200117.jar:/home/user/.m2/repository/commons-codec/commons-codec/1.11/commons-codec-1.11.jar:/home/user/.m2/repository/commons-daemon/commons-daemon/1.0.13/commons-daemon-1.0.13.jar:/home/user/.m2/repository/io/netty/netty/3.10.5.Final/netty-3.10.5.Final.jar:/home/user/.m2/repository/io/netty/netty-all/4.1.48.Final/netty-all-4.1.48.Final.jar:/home/user/.m2/repository/org/apache/htrace/htrace-core4/4.1.0-incubating/htrace-core4-4.1.0-incubating.jar:/home/user/.m2/repository/org/fusesource/leveldbjni/leveldbjni-all/1.8/leveldbjni-all-1.8.jar:/home/user/.m2/repository/org/apache/hadoop/hadoop-distcp/3.2.1/hadoop-distcp-3.2.1.jar:/home/user/.m2/repository/org/apache/hadoop/hadoop-mapreduce-client-jobclient/3.2.1/hadoop-mapreduce-client-jobclient-3.2.1.jar:/home/user/.m2/repository/org/apache/hadoop/hadoop-mapreduce-client-common/3.2.1/hadoop-mapreduce-client-common-3.2.1.jar:/home/user/.m2/repository/org/apache/hadoop/hadoop-yarn-common/3.2.1/hadoop-yarn-common-3.2.1.jar:/home/user/.m2/repository/org/apache/hadoop/hadoop-yarn-api/3.2.1/hadoop-yarn-api-3.2.1.jar:/home/user/.m2/repository/com/sun/jersey/jersey-client/1.19/jersey-client-1.19.jar:/home/user/.m2/repository/com/sun/jersey/contribs/jersey-guice/1.19/jersey-guice-1.19.jar:/home/user/.m2/repository/com/fasterxml/jackson/jaxrs/jackson-jaxrs-json-provider/2.10.3/jackson-jaxrs-json-provider-2.10.3.jar:/home/user/.m2/repository/com/fasterxml/jackson/jaxrs/jackson-jaxrs-base/2.10.3/jackson-jaxrs-base-2.10.3.jar:/home/user/.m2/repository/org/apache/hadoop/hadoop-yarn-client/3.2.1/hadoop-yarn-client-3.2.1.jar:/home/user/.m2/repository/org/apache/hadoop/hadoop-mapreduce-client-core/3.2.1/hadoop-mapreduce-client-core-3.2.1.jar:/home/user/.m2/repository/org/apache/avro/avro/1.7.7/avro-1.7.7.jar:/home/user/.m2/repository/org/codehaus/jackson/jackson-core-asl/1.9.13/jackson-core-asl-1.9.13.jar:/home/user/.m2/repository/org/codehaus/jackson/jackson-mapper-asl/1.9.13/jackson-mapper-asl-1.9.13.jar:/home/user/.m2/repository/com/thoughtworks/paranamer/paranamer/2.3/paranamer-2.3.jar:/home/user/.m2/repository/org/xerial/snappy/snappy-java/1.0.5/snappy-java-1.0.5.jar:/home/user/.m2/repository/org/apache/hadoop/hadoop-annotations/3.2.1/hadoop-annotations-3.2.1.jar:/usr/lib/jvm/java-1.8.0-openjdk-1.8.0.232.b09-0.el7_7.x86_64/jre/../lib/tools.jar:/home/user/.m2/repository/org/apache/hadoop/hadoop-distcp/3.2.1/hadoop-distcp-3.2.1-tests.jar:"/>
    <property name="java.vm.vendor" value="Oracle Corporation"/>
    <property name="sun.arch.data.model" value="64"/>
    <property name="test.build.dir" value="/github/workspace/mnt/ozone/hadoop-ozone/integration-test/target/test-dir"/>
    <property name="test.cache.data" value=""/>
    <property name="java.vendor.url" value="http://java.oracle.com/"/>
    <property name="user.timezone" value=""/>
    <property name="java.vm.specification.version" value="1.8"/>
    <property name="os.name" value="Linux"/>
    <property name="test.build.data" value="/github/workspace/mnt/ozone/hadoop-ozone/integration-test/target/test-dir"/>
    <property name="user.country" value="US"/>
    <property name="sun.java.launcher" value="SUN_STANDARD"/>
    <property name="sun.boot.library.path" value="/usr/lib/jvm/java-1.8.0-openjdk-1.8.0.232.b09-0.el7_7.x86_64/jre/lib/amd64"/>
    <property name="sun.java.command" value="/github/workspace/mnt/ozone/hadoop-ozone/integration-test/target/surefire/surefirebooter972455473119779450.jar /github/workspace/mnt/ozone/hadoop-ozone/integration-test/target/surefire 2020-06-16T15-00-49_023-jvmRun1 surefire1730925101634586090tmp surefire_206889353414644053151tmp"/>
    <property name="surefire.test.class.path" value="/github/workspace/mnt/ozone/hadoop-ozone/integration-test/target/test-classes:/github/workspace/mnt/ozone/hadoop-ozone/integration-test/target/classes:/home/user/.m2/repository/org/apache/hadoop/hadoop-ozone-common/0.6.0-SNAPSHOT/hadoop-ozone-common-0.6.0-SNAPSHOT.jar:/home/user/.m2/repository/org/apache/commons/commons-compress/1.4.1/commons-compress-1.4.1.jar:/home/user/.m2/repository/org/tukaani/xz/1.0/xz-1.0.jar:/home/user/.m2/repository/org/apache/hadoop/hadoop-hdds-common/0.6.0-SNAPSHOT/hadoop-hdds-common-0.6.0-SNAPSHOT.jar:/home/user/.m2/repository/org/apache/hadoop/hadoop-hdds-hadoop-dependency-client/0.6.0-SNAPSHOT/hadoop-hdds-hadoop-dependency-client-0.6.0-SNAPSHOT.jar:/home/user/.m2/repository/info/picocli/picocli/3.9.6/picocli-3.9.6.jar:/home/user/.m2/repository/com/fasterxml/jackson/core/jackson-annotations/2.10.3/jackson-annotations-2.10.3.jar:/home/user/.m2/repository/javax/annotation/javax.annotation-api/1.2/javax.annotation-api-1.2.jar:/home/user/.m2/repository/org/apache/ratis/ratis-server/0.6.0-6ab75ae-SNAPSHOT/ratis-server-0.6.0-6ab75ae-SNAPSHOT.jar:/home/user/.m2/repository/org/apache/ratis/ratis-client/0.6.0-6ab75ae-SNAPSHOT/ratis-client-0.6.0-6ab75ae-SNAPSHOT.jar:/home/user/.m2/repository/org/apache/ratis/ratis-metrics/0.6.0-6ab75ae-SNAPSHOT/ratis-metrics-0.6.0-6ab75ae-SNAPSHOT.jar:/home/user/.m2/repository/org/apache/ratis/ratis-netty/0.6.0-6ab75ae-SNAPSHOT/ratis-netty-0.6.0-6ab75ae-SNAPSHOT.jar:/home/user/.m2/repository/org/apache/ratis/ratis-grpc/0.6.0-6ab75ae-SNAPSHOT/ratis-grpc-0.6.0-6ab75ae-SNAPSHOT.jar:/home/user/.m2/repository/org/apache/logging/log4j/log4j-api/2.11.0/log4j-api-2.11.0.jar:/home/user/.m2/repository/org/apache/logging/log4j/log4j-core/2.11.0/log4j-core-2.11.0.jar:/home/user/.m2/repository/com/lmax/disruptor/3.4.2/disruptor-3.4.2.jar:/home/user/.m2/repository/org/apache/commons/commons-pool2/2.6.0/commons-pool2-2.6.0.jar:/home/user/.m2/repository/org/bouncycastle/bcpkix-jdk15on/1.60/bcpkix-jdk15on-1.60.jar:/home/user/.m2/repository/commons-validator/commons-validator/1.6/commons-validator-1.6.jar:/home/user/.m2/repository/commons-digester/commons-digester/1.8.1/commons-digester-1.8.1.jar:/home/user/.m2/repository/io/jaegertracing/jaeger-client/1.2.0/jaeger-client-1.2.0.jar:/home/user/.m2/repository/io/jaegertracing/jaeger-thrift/1.2.0/jaeger-thrift-1.2.0.jar:/home/user/.m2/repository/org/apache/thrift/libthrift/0.13.0/libthrift-0.13.0.jar:/home/user/.m2/repository/com/squareup/okhttp3/okhttp/4.2.2/okhttp-4.2.2.jar:/home/user/.m2/repository/com/squareup/okio/okio/2.2.2/okio-2.2.2.jar:/home/user/.m2/repository/org/jetbrains/kotlin/kotlin-stdlib/1.3.50/kotlin-stdlib-1.3.50.jar:/home/user/.m2/repository/org/jetbrains/kotlin/kotlin-stdlib-common/1.3.50/kotlin-stdlib-common-1.3.50.jar:/home/user/.m2/repository/org/jetbrains/annotations/13.0/annotations-13.0.jar:/home/user/.m2/repository/io/jaegertracing/jaeger-core/1.2.0/jaeger-core-1.2.0.jar:/home/user/.m2/repository/io/jaegertracing/jaeger-tracerresolver/1.2.0/jaeger-tracerresolver-1.2.0.jar:/home/user/.m2/repository/io/opentracing/contrib/opentracing-tracerresolver/0.1.8/opentracing-tracerresolver-0.1.8.jar:/home/user/.m2/repository/io/opentracing/opentracing-util/0.33.0/opentracing-util-0.33.0.jar:/home/user/.m2/repository/io/opentracing/opentracing-api/0.33.0/opentracing-api-0.33.0.jar:/home/user/.m2/repository/io/opentracing/opentracing-noop/0.33.0/opentracing-noop-0.33.0.jar:/home/user/.m2/repository/org/apache/hadoop/hadoop-hdds-client/0.6.0-SNAPSHOT/hadoop-hdds-client-0.6.0-SNAPSHOT.jar:/home/user/.m2/repository/org/apache/hadoop/hadoop-hdds-test-utils/0.6.0-SNAPSHOT/hadoop-hdds-test-utils-0.6.0-SNAPSHOT.jar:/home/user/.m2/repository/com/google/guava/guava/28.2-jre/guava-28.2-jre.jar:/home/user/.m2/repository/com/google/guava/failureaccess/1.0.1/failureaccess-1.0.1.jar:/home/user/.m2/repository/com/google/guava/listenablefuture/9999.0-empty-to-avoid-conflict-with-guava/listenablefuture-9999.0-empty-to-avoid-conflict-with-guava.jar:/home/user/.m2/repository/com/google/code/findbugs/jsr305/3.0.0/jsr305-3.0.0.jar:/home/user/.m2/repository/org/checkerframework/checker-qual/2.10.0/checker-qual-2.10.0.jar:/home/user/.m2/repository/com/google/errorprone/error_prone_annotations/2.2.0/error_prone_annotations-2.2.0.jar:/home/user/.m2/repository/com/google/j2objc/j2objc-annotations/1.3/j2objc-annotations-1.3.jar:/home/user/.m2/repository/commons-io/commons-io/2.5/commons-io-2.5.jar:/home/user/.m2/repository/commons-logging/commons-logging/1.2/commons-logging-1.2.jar:/home/user/.m2/repository/log4j/log4j/1.2.17/log4j-1.2.17.jar:/home/user/.m2/repository/org/slf4j/slf4j-api/1.7.25/slf4j-api-1.7.25.jar:/home/user/.m2/repository/org/apache/hadoop/hadoop-hdds-server-scm/0.6.0-SNAPSHOT/hadoop-hdds-server-scm-0.6.0-SNAPSHOT.jar:/home/user/.m2/repository/org/apache/hadoop/hadoop-hdds-container-service/0.6.0-SNAPSHOT/hadoop-hdds-container-service-0.6.0-SNAPSHOT.jar:/home/user/.m2/repository/org/apache/hadoop/hadoop-hdds-hadoop-dependency-server/0.6.0-SNAPSHOT/hadoop-hdds-hadoop-dependency-server-0.6.0-SNAPSHOT.jar:/home/user/.m2/repository/org/apache/hadoop/hadoop-hdds-server-framework/0.6.0-SNAPSHOT/hadoop-hdds-server-framework-0.6.0-SNAPSHOT.jar:/home/user/.m2/repository/org/apache/hadoop/hadoop-hdds-interface-server/0.6.0-SNAPSHOT/hadoop-hdds-interface-server-0.6.0-SNAPSHOT.jar:/home/user/.m2/repository/org/apache/hadoop/hadoop-hdds-interface-admin/0.6.0-SNAPSHOT/hadoop-hdds-interface-admin-0.6.0-SNAPSHOT.jar:/home/user/.m2/repository/org/rocksdb/rocksdbjni/6.6.4/rocksdbjni-6.6.4.jar:/home/user/.m2/repository/io/prometheus/simpleclient_dropwizard/0.7.0/simpleclient_dropwizard-0.7.0.jar:/home/user/.m2/repository/io/prometheus/simpleclient/0.7.0/simpleclient-0.7.0.jar:/home/user/.m2/repository/io/prometheus/simpleclient_common/0.7.0/simpleclient_common-0.7.0.jar:/home/user/.m2/repository/com/fasterxml/jackson/datatype/jackson-datatype-jsr310/2.10.3/jackson-datatype-jsr310-2.10.3.jar:/home/user/.m2/repository/org/apache/hadoop/hadoop-hdds-docs/0.6.0-SNAPSHOT/hadoop-hdds-docs-0.6.0-SNAPSHOT.jar:/home/user/.m2/repository/io/dropwizard/metrics/metrics-core/3.2.4/metrics-core-3.2.4.jar:/home/user/.m2/repository/org/apache/hadoop/hadoop-hdfs-client/3.2.1/hadoop-hdfs-client-3.2.1.jar:/home/user/.m2/repository/org/bouncycastle/bcprov-jdk15on/1.60/bcprov-jdk15on-1.60.jar:/home/user/.m2/repository/org/apache/hadoop/hadoop-ozone-ozone-manager/0.6.0-SNAPSHOT/hadoop-ozone-ozone-manager-0.6.0-SNAPSHOT.jar:/home/user/.m2/repository/org/apache/hadoop/hadoop-hdds-interface-client/0.6.0-SNAPSHOT/hadoop-hdds-interface-client-0.6.0-SNAPSHOT.jar:/home/user/.m2/repository/org/apache/ratis/ratis-thirdparty-misc/0.4.0/ratis-thirdparty-misc-0.4.0.jar:/home/user/.m2/repository/org/apache/hadoop/hadoop-minikdc/3.2.1/hadoop-minikdc-3.2.1.jar:/home/user/.m2/repository/org/apache/kerby/kerb-simplekdc/1.0.1/kerb-simplekdc-1.0.1.jar:/home/user/.m2/repository/org/apache/kerby/kerb-client/1.0.1/kerb-client-1.0.1.jar:/home/user/.m2/repository/org/apache/kerby/kerby-config/1.0.1/kerby-config-1.0.1.jar:/home/user/.m2/repository/org/apache/kerby/kerb-core/1.0.1/kerb-core-1.0.1.jar:/home/user/.m2/repository/org/apache/kerby/kerby-pkix/1.0.1/kerby-pkix-1.0.1.jar:/home/user/.m2/repository/org/apache/kerby/kerby-asn1/1.0.1/kerby-asn1-1.0.1.jar:/home/user/.m2/repository/org/apache/kerby/kerby-util/1.0.1/kerby-util-1.0.1.jar:/home/user/.m2/repository/org/apache/kerby/kerb-common/1.0.1/kerb-common-1.0.1.jar:/home/user/.m2/repository/org/apache/kerby/kerb-crypto/1.0.1/kerb-crypto-1.0.1.jar:/home/user/.m2/repository/org/apache/kerby/kerb-util/1.0.1/kerb-util-1.0.1.jar:/home/user/.m2/repository/org/apache/kerby/token-provider/1.0.1/token-provider-1.0.1.jar:/home/user/.m2/repository/org/apache/kerby/kerb-admin/1.0.1/kerb-admin-1.0.1.jar:/home/user/.m2/repository/org/apache/kerby/kerb-server/1.0.1/kerb-server-1.0.1.jar:/home/user/.m2/repository/org/apache/kerby/kerb-identity/1.0.1/kerb-identity-1.0.1.jar:/home/user/.m2/repository/org/apache/kerby/kerby-xdr/1.0.1/kerby-xdr-1.0.1.jar:/home/user/.m2/repository/org/slf4j/slf4j-log4j12/1.7.25/slf4j-log4j12-1.7.25.jar:/home/user/.m2/repository/org/apache/hadoop/hadoop-ozone-s3gateway/0.6.0-SNAPSHOT/hadoop-ozone-s3gateway-0.6.0-SNAPSHOT.jar:/home/user/.m2/repository/org/jboss/weld/servlet/weld-servlet/2.4.7.Final/weld-servlet-2.4.7.Final.jar:/home/user/.m2/repository/org/glassfish/jersey/containers/jersey-container-servlet-core/2.27/jersey-container-servlet-core-2.27.jar:/home/user/.m2/repository/org/glassfish/hk2/external/javax.inject/2.5.0-b42/javax.inject-2.5.0-b42.jar:/home/user/.m2/repository/org/glassfish/jersey/core/jersey-common/2.27/jersey-common-2.27.jar:/home/user/.m2/repository/org/glassfish/hk2/osgi-resource-locator/1.0.1/osgi-resource-locator-1.0.1.jar:/home/user/.m2/repository/javax/ws/rs/javax.ws.rs-api/2.1/javax.ws.rs-api-2.1.jar:/home/user/.m2/repository/org/glassfish/jersey/ext/cdi/jersey-cdi1x/2.27/jersey-cdi1x-2.27.jar:/home/user/.m2/repository/org/glassfish/jersey/inject/jersey-hk2/2.27/jersey-hk2-2.27.jar:/home/user/.m2/repository/org/glassfish/hk2/hk2-locator/2.5.0-b42/hk2-locator-2.5.0-b42.jar:/home/user/.m2/repository/org/javassist/javassist/3.22.0-CR2/javassist-3.22.0-CR2.jar:/home/user/.m2/repository/org/glassfish/hk2/hk2-api/2.5.0/hk2-api-2.5.0.jar:/home/user/.m2/repository/org/glassfish/hk2/external/jakarta.inject/2.5.0/jakarta.inject-2.5.0.jar:/home/user/.m2/repository/org/glassfish/hk2/hk2-utils/2.5.0/hk2-utils-2.5.0.jar:/home/user/.m2/repository/jakarta/annotation/jakarta.annotation-api/1.3.4/jakarta.annotation-api-1.3.4.jar:/home/user/.m2/repository/org/glassfish/hk2/external/aopalliance-repackaged/2.5.0/aopalliance-repackaged-2.5.0.jar:/home/user/.m2/repository/com/fasterxml/jackson/dataformat/jackson-dataformat-xml/2.10.3/jackson-dataformat-xml-2.10.3.jar:/home/user/.m2/repository/com/fasterxml/jackson/core/jackson-core/2.10.3/jackson-core-2.10.3.jar:/home/user/.m2/repository/com/fasterxml/jackson/module/jackson-module-jaxb-annotations/2.10.3/jackson-module-jaxb-annotations-2.10.3.jar:/home/user/.m2/repository/jakarta/xml/bind/jakarta.xml.bind-api/2.3.2/jakarta.xml.bind-api-2.3.2.jar:/home/user/.m2/repository/jakarta/activation/jakarta.activation-api/1.2.1/jakarta.activation-api-1.2.1.jar:/home/user/.m2/repository/org/codehaus/woodstox/stax2-api/3.1.4/stax2-api-3.1.4.jar:/home/user/.m2/repository/com/fasterxml/woodstox/woodstox-core/5.0.3/woodstox-core-5.0.3.jar:/home/user/.m2/repository/javax/enterprise/cdi-api/1.2/cdi-api-1.2.jar:/home/user/.m2/repository/javax/el/javax.el-api/3.0.0/javax.el-api-3.0.0.jar:/home/user/.m2/repository/javax/interceptor/javax.interceptor-api/1.2/javax.interceptor-api-1.2.jar:/home/user/.m2/repository/javax/inject/javax.inject/1/javax.inject-1.jar:/home/user/.m2/repository/com/sun/xml/bind/jaxb-impl/2.3.0.1/jaxb-impl-2.3.0.1.jar:/home/user/.m2/repository/com/sun/xml/bind/jaxb-core/2.3.0.1/jaxb-core-2.3.0.1.jar:/home/user/.m2/repository/javax/xml/bind/jaxb-api/2.3.0/jaxb-api-2.3.0.jar:/home/user/.m2/repository/javax/activation/activation/1.1.1/activation-1.1.1.jar:/home/user/.m2/repository/org/apache/hadoop/hadoop-ozone-csi/0.6.0-SNAPSHOT/hadoop-ozone-csi-0.6.0-SNAPSHOT.jar:/home/user/.m2/repository/com/google/protobuf/protobuf-java-util/3.11.0/protobuf-java-util-3.11.0.jar:/home/user/.m2/repository/com/google/code/gson/gson/2.2.4/gson-2.2.4.jar:/home/user/.m2/repository/org/apache/hadoop/hadoop-hdds-config/0.6.0-SNAPSHOT/hadoop-hdds-config-0.6.0-SNAPSHOT.jar:/home/user/.m2/repository/com/google/protobuf/protobuf-java/2.5.0/protobuf-java-2.5.0.jar:/home/user/.m2/repository/io/grpc/grpc-netty/1.29.0/grpc-netty-1.29.0.jar:/home/user/.m2/repository/io/grpc/grpc-core/1.29.0/grpc-core-1.29.0.jar:/home/user/.m2/repository/com/google/android/annotations/4.1.1.4/annotations-4.1.1.4.jar:/home/user/.m2/repository/io/perfmark/perfmark-api/0.19.0/perfmark-api-0.19.0.jar:/home/user/.m2/repository/io/netty/netty-codec-http2/4.1.48.Final/netty-codec-http2-4.1.48.Final.jar:/home/user/.m2/repository/io/netty/netty-codec/4.1.48.Final/netty-codec-4.1.48.Final.jar:/home/user/.m2/repository/io/netty/netty-handler/4.1.48.Final/netty-handler-4.1.48.Final.jar:/home/user/.m2/repository/io/netty/netty-codec-http/4.1.48.Final/netty-codec-http-4.1.48.Final.jar:/home/user/.m2/repository/io/netty/netty-handler-proxy/4.1.48.Final/netty-handler-proxy-4.1.48.Final.jar:/home/user/.m2/repository/io/netty/netty-codec-socks/4.1.48.Final/netty-codec-socks-4.1.48.Final.jar:/home/user/.m2/repository/io/netty/netty-transport-native-epoll/4.1.48.Final/netty-transport-native-epoll-4.1.48.Final.jar:/home/user/.m2/repository/io/netty/netty-common/4.1.48.Final/netty-common-4.1.48.Final.jar:/home/user/.m2/repository/io/netty/netty-buffer/4.1.48.Final/netty-buffer-4.1.48.Final.jar:/home/user/.m2/repository/io/netty/netty-transport/4.1.48.Final/netty-transport-4.1.48.Final.jar:/home/user/.m2/repository/io/netty/netty-resolver/4.1.48.Final/netty-resolver-4.1.48.Final.jar:/home/user/.m2/repository/io/netty/netty-transport-native-unix-common/4.1.48.Final/netty-transport-native-unix-common-4.1.48.Final.jar:/home/user/.m2/repository/io/grpc/grpc-protobuf/1.29.0/grpc-protobuf-1.29.0.jar:/home/user/.m2/repository/io/grpc/grpc-api/1.29.0/grpc-api-1.29.0.jar:/home/user/.m2/repository/io/grpc/grpc-context/1.29.0/grpc-context-1.29.0.jar:/home/user/.m2/repository/org/codehaus/mojo/animal-sniffer-annotations/1.18/animal-sniffer-annotations-1.18.jar:/home/user/.m2/repository/com/google/api/grpc/proto-google-common-protos/1.17.0/proto-google-common-protos-1.17.0.jar:/home/user/.m2/repository/io/grpc/grpc-protobuf-lite/1.29.0/grpc-protobuf-lite-1.29.0.jar:/home/user/.m2/repository/io/grpc/grpc-stub/1.29.0/grpc-stub-1.29.0.jar:/home/user/.m2/repository/org/apache/hadoop/hadoop-ozone-recon/0.6.0-SNAPSHOT/hadoop-ozone-recon-0.6.0-SNAPSHOT.jar:/home/user/.m2/repository/org/apache/hadoop/hadoop-ozone-reconcodegen/0.6.0-SNAPSHOT/hadoop-ozone-reconcodegen-0.6.0-SNAPSHOT.jar:/home/user/.m2/repository/com/google/inject/extensions/guice-multibindings/4.0/guice-multibindings-4.0.jar:/home/user/.m2/repository/com/google/inject/guice/4.0/guice-4.0.jar:/home/user/.m2/repository/aopalliance/aopalliance/1.0/aopalliance-1.0.jar:/home/user/.m2/repository/com/google/inject/extensions/guice-assistedinject/4.0/guice-assistedinject-4.0.jar:/home/user/.m2/repository/com/google/inject/extensions/guice-servlet/4.0/guice-servlet-4.0.jar:/home/user/.m2/repository/org/glassfish/jersey/containers/jersey-container-servlet/2.27/jersey-container-servlet-2.27.jar:/home/user/.m2/repository/org/glassfish/hk2/guice-bridge/2.5.0/guice-bridge-2.5.0.jar:/home/user/.m2/repository/org/glassfish/jersey/core/jersey-server/2.27/jersey-server-2.27.jar:/home/user/.m2/repository/org/glassfish/jersey/core/jersey-client/2.27/jersey-client-2.27.jar:/home/user/.m2/repository/org/glassfish/jersey/media/jersey-media-jaxb/2.27/jersey-media-jaxb-2.27.jar:/home/user/.m2/repository/javax/validation/validation-api/1.1.0.Final/validation-api-1.1.0.Final.jar:/home/user/.m2/repository/org/glassfish/jersey/media/jersey-media-json-jackson/2.27/jersey-media-json-jackson-2.27.jar:/home/user/.m2/repository/org/glassfish/jersey/ext/jersey-entity-filtering/2.27/jersey-entity-filtering-2.27.jar:/home/user/.m2/repository/org/jooq/jooq/3.11.10/jooq-3.11.10.jar:/home/user/.m2/repository/org/jooq/jooq-meta/3.11.10/jooq-meta-3.11.10.jar:/home/user/.m2/repository/org/jooq/jooq-codegen/3.11.10/jooq-codegen-3.11.10.jar:/home/user/.m2/repository/com/jolbox/bonecp/0.8.0.RELEASE/bonecp-0.8.0.RELEASE.jar:/home/user/.m2/repository/org/apache/derby/derby/10.14.2.0/derby-10.14.2.0.jar:/home/user/.m2/repository/org/xerial/sqlite-jdbc/3.25.2/sqlite-jdbc-3.25.2.jar:/home/user/.m2/repository/org/springframework/spring-jdbc/5.2.5.RELEASE/spring-jdbc-5.2.5.RELEASE.jar:/home/user/.m2/repository/org/springframework/spring-beans/5.2.5.RELEASE/spring-beans-5.2.5.RELEASE.jar:/home/user/.m2/repository/org/springframework/spring-core/5.2.5.RELEASE/spring-core-5.2.5.RELEASE.jar:/home/user/.m2/repository/org/springframework/spring-jcl/5.2.5.RELEASE/spring-jcl-5.2.5.RELEASE.jar:/home/user/.m2/repository/org/springframework/spring-tx/5.2.5.RELEASE/spring-tx-5.2.5.RELEASE.jar:/home/user/.m2/repository/org/apache/hadoop/hadoop-ozone-client/0.6.0-SNAPSHOT/hadoop-ozone-client-0.6.0-SNAPSHOT.jar:/home/user/.m2/repository/org/apache/hadoop/hadoop-ozone-filesystem/0.6.0-SNAPSHOT/hadoop-ozone-filesystem-0.6.0-SNAPSHOT.jar:/home/user/.m2/repository/org/apache/hadoop/hadoop-ozone-filesystem-common/0.6.0-SNAPSHOT/hadoop-ozone-filesystem-common-0.6.0-SNAPSHOT.jar:/home/user/.m2/repository/org/apache/hadoop/hadoop-ozone-tools/0.6.0-SNAPSHOT/hadoop-ozone-tools-0.6.0-SNAPSHOT.jar:/home/user/.m2/repository/org/apache/hadoop/hadoop-hdfs/3.2.1/hadoop-hdfs-3.2.1.jar:/home/user/.m2/repository/org/apache/ratis/ratis-tools/0.6.0-6ab75ae-SNAPSHOT/ratis-tools-0.6.0-6ab75ae-SNAPSHOT.jar:/home/user/.m2/repository/org/apache/ratis/ratis-proto/0.6.0-6ab75ae-SNAPSHOT/ratis-proto-0.6.0-6ab75ae-SNAPSHOT.jar:/home/user/.m2/repository/org/apache/ratis/ratis-common/0.6.0-6ab75ae-SNAPSHOT/ratis-common-0.6.0-6ab75ae-SNAPSHOT.jar:/home/user/.m2/repository/com/amazonaws/aws-java-sdk-core/1.11.615/aws-java-sdk-core-1.11.615.jar:/home/user/.m2/repository/org/apache/httpcomponents/httpclient/4.5.2/httpclient-4.5.2.jar:/home/user/.m2/repository/org/apache/httpcomponents/httpcore/4.4.4/httpcore-4.4.4.jar:/home/user/.m2/repository/software/amazon/ion/ion-java/1.0.2/ion-java-1.0.2.jar:/home/user/.m2/repository/com/fasterxml/jackson/dataformat/jackson-dataformat-cbor/2.10.3/jackson-dataformat-cbor-2.10.3.jar:/home/user/.m2/repository/joda-time/joda-time/2.8.1/joda-time-2.8.1.jar:/home/user/.m2/repository/com/amazonaws/aws-java-sdk-s3/1.11.615/aws-java-sdk-s3-1.11.615.jar:/home/user/.m2/repository/com/amazonaws/aws-java-sdk-kms/1.11.615/aws-java-sdk-kms-1.11.615.jar:/home/user/.m2/repository/com/amazonaws/jmespath-java/1.11.615/jmespath-java-1.11.615.jar:/home/user/.m2/repository/org/apache/hadoop/hadoop-hdds-tools/0.6.0-SNAPSHOT/hadoop-hdds-tools-0.6.0-SNAPSHOT.jar:/home/user/.m2/repository/commons-cli/commons-cli/1.2/commons-cli-1.2.jar:/home/user/.m2/repository/org/apache/commons/commons-lang3/3.7/commons-lang3-3.7.jar:/home/user/.m2/repository/org/apache/hadoop/hadoop-ozone-ozone-manager/0.6.0-SNAPSHOT/hadoop-ozone-ozone-manager-0.6.0-SNAPSHOT-tests.jar:/home/user/.m2/repository/junit/junit/4.11/junit-4.11.jar:/home/user/.m2/repository/org/hamcrest/hamcrest-core/1.3/hamcrest-core-1.3.jar:/home/user/.m2/repository/org/openjdk/jmh/jmh-core/1.19/jmh-core-1.19.jar:/home/user/.m2/repository/net/sf/jopt-simple/jopt-simple/4.6/jopt-simple-4.6.jar:/home/user/.m2/repository/org/apache/commons/commons-math3/3.1.1/commons-math3-3.1.1.jar:/home/user/.m2/repository/org/openjdk/jmh/jmh-generator-annprocess/1.19/jmh-generator-annprocess-1.19.jar:/home/user/.m2/repository/org/mockito/mockito-all/1.8.5/mockito-all-1.8.5.jar:/home/user/.m2/repository/org/apache/hadoop/hadoop-kms/3.2.1/hadoop-kms-3.2.1.jar:/home/user/.m2/repository/org/apache/hadoop/hadoop-auth/3.2.1/hadoop-auth-3.2.1.jar:/home/user/.m2/repository/com/nimbusds/nimbus-jose-jwt/7.9/nimbus-jose-jwt-7.9.jar:/home/user/.m2/repository/com/github/stephenc/jcip/jcip-annotations/1.0-1/jcip-annotations-1.0-1.jar:/home/user/.m2/repository/net/minidev/json-smart/2.3/json-smart-2.3.jar:/home/user/.m2/repository/net/minidev/accessors-smart/1.2/accessors-smart-1.2.jar:/home/user/.m2/repository/org/ow2/asm/asm/5.0.4/asm-5.0.4.jar:/home/user/.m2/repository/org/apache/zookeeper/zookeeper/3.4.13/zookeeper-3.4.13.jar:/home/user/.m2/repository/org/apache/yetus/audience-annotations/0.5.0/audience-annotations-0.5.0.jar:/home/user/.m2/repository/org/apache/curator/curator-framework/2.13.0/curator-framework-2.13.0.jar:/home/user/.m2/repository/com/sun/jersey/jersey-core/1.19/jersey-core-1.19.jar:/home/user/.m2/repository/javax/ws/rs/jsr311-api/1.1.1/jsr311-api-1.1.1.jar:/home/user/.m2/repository/com/sun/jersey/jersey-server/1.19/jersey-server-1.19.jar:/home/user/.m2/repository/javax/servlet/javax.servlet-api/3.1.0/javax.servlet-api-3.1.0.jar:/home/user/.m2/repository/org/eclipse/jetty/jetty-server/9.4.26.v20200117/jetty-server-9.4.26.v20200117.jar:/home/user/.m2/repository/org/eclipse/jetty/jetty-http/9.4.26.v20200117/jetty-http-9.4.26.v20200117.jar:/home/user/.m2/repository/org/eclipse/jetty/jetty-io/9.4.26.v20200117/jetty-io-9.4.26.v20200117.jar:/home/user/.m2/repository/org/eclipse/jetty/jetty-webapp/9.4.26.v20200117/jetty-webapp-9.4.26.v20200117.jar:/home/user/.m2/repository/org/eclipse/jetty/jetty-xml/9.4.26.v20200117/jetty-xml-9.4.26.v20200117.jar:/home/user/.m2/repository/org/eclipse/jetty/jetty-servlet/9.4.26.v20200117/jetty-servlet-9.4.26.v20200117.jar:/home/user/.m2/repository/org/eclipse/jetty/jetty-security/9.4.26.v20200117/jetty-security-9.4.26.v20200117.jar:/home/user/.m2/repository/org/apache/hadoop/hadoop-common/3.2.1/hadoop-common-3.2.1.jar:/home/user/.m2/repository/commons-net/commons-net/3.6/commons-net-3.6.jar:/home/user/.m2/repository/commons-collections/commons-collections/3.2.2/commons-collections-3.2.2.jar:/home/user/.m2/repository/com/sun/jersey/jersey-servlet/1.19/jersey-servlet-1.19.jar:/home/user/.m2/repository/com/sun/jersey/jersey-json/1.19/jersey-json-1.19.jar:/home/user/.m2/repository/org/codehaus/jettison/jettison/1.1/jettison-1.1.jar:/home/user/.m2/repository/org/codehaus/jackson/jackson-jaxrs/1.9.2/jackson-jaxrs-1.9.2.jar:/home/user/.m2/repository/org/codehaus/jackson/jackson-xc/1.9.2/jackson-xc-1.9.2.jar:/home/user/.m2/repository/commons-beanutils/commons-beanutils/1.9.4/commons-beanutils-1.9.4.jar:/home/user/.m2/repository/org/apache/commons/commons-configuration2/2.1.1/commons-configuration2-2.1.1.jar:/home/user/.m2/repository/org/apache/commons/commons-text/1.4/commons-text-1.4.jar:/home/user/.m2/repository/com/google/re2j/re2j/1.1/re2j-1.1.jar:/home/user/.m2/repository/com/jcraft/jsch/0.1.54/jsch-0.1.54.jar:/home/user/.m2/repository/org/apache/curator/curator-client/2.13.0/curator-client-2.13.0.jar:/home/user/.m2/repository/org/apache/curator/curator-recipes/2.13.0/curator-recipes-2.13.0.jar:/home/user/.m2/repository/dnsjava/dnsjava/2.1.7/dnsjava-2.1.7.jar:/home/user/.m2/repository/org/slf4j/jul-to-slf4j/1.7.25/jul-to-slf4j-1.7.25.jar:/home/user/.m2/repository/org/eclipse/jetty/jetty-util/9.4.26.v20200117/jetty-util-9.4.26.v20200117.jar:/home/user/.m2/repository/com/fasterxml/jackson/core/jackson-databind/2.10.3/jackson-databind-2.10.3.jar:/home/user/.m2/repository/org/apache/hadoop/hadoop-kms/3.2.1/hadoop-kms-3.2.1-tests.jar:/home/user/.m2/repository/org/apache/hadoop/hadoop-hdds-server-scm/0.6.0-SNAPSHOT/hadoop-hdds-server-scm-0.6.0-SNAPSHOT-tests.jar:/home/user/.m2/repository/org/apache/hadoop/hadoop-hdds-container-service/0.6.0-SNAPSHOT/hadoop-hdds-container-service-0.6.0-SNAPSHOT-tests.jar:/home/user/.m2/repository/org/apache/hadoop/hadoop-hdds-common/0.6.0-SNAPSHOT/hadoop-hdds-common-0.6.0-SNAPSHOT-tests.jar:/home/user/.m2/repository/org/yaml/snakeyaml/1.16/snakeyaml-1.16.jar:/home/user/.m2/repository/org/apache/hadoop/hadoop-hdds-hadoop-dependency-test/0.6.0-SNAPSHOT/hadoop-hdds-hadoop-dependency-test-0.6.0-SNAPSHOT.jar:/home/user/.m2/repository/org/apache/hadoop/hadoop-common/3.2.1/hadoop-common-3.2.1-tests.jar:/home/user/.m2/repository/javax/servlet/jsp/jsp-api/2.1/jsp-api-2.1.jar:/home/user/.m2/repository/org/apache/hadoop/hadoop-hdfs/3.2.1/hadoop-hdfs-3.2.1-tests.jar:/home/user/.m2/repository/org/eclipse/jetty/jetty-util-ajax/9.4.26.v20200117/jetty-util-ajax-9.4.26.v20200117.jar:/home/user/.m2/repository/commons-codec/commons-codec/1.11/commons-codec-1.11.jar:/home/user/.m2/repository/commons-daemon/commons-daemon/1.0.13/commons-daemon-1.0.13.jar:/home/user/.m2/repository/io/netty/netty/3.10.5.Final/netty-3.10.5.Final.jar:/home/user/.m2/repository/io/netty/netty-all/4.1.48.Final/netty-all-4.1.48.Final.jar:/home/user/.m2/repository/org/apache/htrace/htrace-core4/4.1.0-incubating/htrace-core4-4.1.0-incubating.jar:/home/user/.m2/repository/org/fusesource/leveldbjni/leveldbjni-all/1.8/leveldbjni-all-1.8.jar:/home/user/.m2/repository/org/apache/hadoop/hadoop-distcp/3.2.1/hadoop-distcp-3.2.1.jar:/home/user/.m2/repository/org/apache/hadoop/hadoop-mapreduce-client-jobclient/3.2.1/hadoop-mapreduce-client-jobclient-3.2.1.jar:/home/user/.m2/repository/org/apache/hadoop/hadoop-mapreduce-client-common/3.2.1/hadoop-mapreduce-client-common-3.2.1.jar:/home/user/.m2/repository/org/apache/hadoop/hadoop-yarn-common/3.2.1/hadoop-yarn-common-3.2.1.jar:/home/user/.m2/repository/org/apache/hadoop/hadoop-yarn-api/3.2.1/hadoop-yarn-api-3.2.1.jar:/home/user/.m2/repository/com/sun/jersey/jersey-client/1.19/jersey-client-1.19.jar:/home/user/.m2/repository/com/sun/jersey/contribs/jersey-guice/1.19/jersey-guice-1.19.jar:/home/user/.m2/repository/com/fasterxml/jackson/jaxrs/jackson-jaxrs-json-provider/2.10.3/jackson-jaxrs-json-provider-2.10.3.jar:/home/user/.m2/repository/com/fasterxml/jackson/jaxrs/jackson-jaxrs-base/2.10.3/jackson-jaxrs-base-2.10.3.jar:/home/user/.m2/repository/org/apache/hadoop/hadoop-yarn-client/3.2.1/hadoop-yarn-client-3.2.1.jar:/home/user/.m2/repository/org/apache/hadoop/hadoop-mapreduce-client-core/3.2.1/hadoop-mapreduce-client-core-3.2.1.jar:/home/user/.m2/repository/org/apache/avro/avro/1.7.7/avro-1.7.7.jar:/home/user/.m2/repository/org/codehaus/jackson/jackson-core-asl/1.9.13/jackson-core-asl-1.9.13.jar:/home/user/.m2/repository/org/codehaus/jackson/jackson-mapper-asl/1.9.13/jackson-mapper-asl-1.9.13.jar:/home/user/.m2/repository/com/thoughtworks/paranamer/paranamer/2.3/paranamer-2.3.jar:/home/user/.m2/repository/org/xerial/snappy/snappy-java/1.0.5/snappy-java-1.0.5.jar:/home/user/.m2/repository/org/apache/hadoop/hadoop-annotations/3.2.1/hadoop-annotations-3.2.1.jar:/usr/lib/jvm/java-1.8.0-openjdk-1.8.0.232.b09-0.el7_7.x86_64/jre/../lib/tools.jar:/home/user/.m2/repository/org/apache/hadoop/hadoop-distcp/3.2.1/hadoop-distcp-3.2.1-tests.jar:"/>
    <property name="sun.cpu.endian" value="little"/>
    <property name="user.home" value="/home/user"/>
    <property name="user.language" value="en"/>
    <property name="java.specification.vendor" value="Oracle Corporation"/>
    <property name="java.home" value="/usr/lib/jvm/java-1.8.0-openjdk-1.8.0.232.b09-0.el7_7.x86_64/jre"/>
    <property name="java.security.krb5.conf" value="/github/workspace/mnt/ozone/hadoop-ozone/integration-test/target/test-classes/krb5.conf"/>
    <property name="basedir" value="/github/workspace/mnt/ozone/hadoop-ozone/integration-test"/>
    <property name="file.separator" value="/"/>
    <property name="line.separator" value="&#10;"/>
    <property name="java.vm.specification.vendor" value="Oracle Corporation"/>
    <property name="java.specification.name" value="Java Platform API Specification"/>
    <property name="java.awt.graphicsenv" value="sun.awt.X11GraphicsEnvironment"/>
    <property name="skip.installnpx" value="true"/>
    <property name="surefire.real.class.path" value="/github/workspace/mnt/ozone/hadoop-ozone/integration-test/target/surefire/surefirebooter972455473119779450.jar:/home/user/.m2/repository/org/jacoco/org.jacoco.agent/0.8.5/org.jacoco.agent-0.8.5-runtime.jar"/>
    <property name="hadoop.log.dir" value="/github/workspace/mnt/ozone/hadoop-ozone/integration-test/target/log"/>
    <property name="sun.boot.class.path" value="/usr/lib/jvm/java-1.8.0-openjdk-1.8.0.232.b09-0.el7_7.x86_64/jre/lib/resources.jar:/usr/lib/jvm/java-1.8.0-openjdk-1.8.0.232.b09-0.el7_7.x86_64/jre/lib/rt.jar:/usr/lib/jvm/java-1.8.0-openjdk-1.8.0.232.b09-0.el7_7.x86_64/jre/lib/sunrsasign.jar:/usr/lib/jvm/java-1.8.0-openjdk-1.8.0.232.b09-0.el7_7.x86_64/jre/lib/jsse.jar:/usr/lib/jvm/java-1.8.0-openjdk-1.8.0.232.b09-0.el7_7.x86_64/jre/lib/jce.jar:/usr/lib/jvm/java-1.8.0-openjdk-1.8.0.232.b09-0.el7_7.x86_64/jre/lib/charsets.jar:/usr/lib/jvm/java-1.8.0-openjdk-1.8.0.232.b09-0.el7_7.x86_64/jre/lib/jfr.jar:/usr/lib/jvm/java-1.8.0-openjdk-1.8.0.232.b09-0.el7_7.x86_64/jre/classes"/>
    <property name="sun.management.compiler" value="HotSpot 64-Bit Tiered Compilers"/>
    <property name="skip.npx" value="true"/>
    <property name="java.runtime.version" value="1.8.0_232-b09"/>
    <property name="java.net.preferIPv4Stack" value="true"/>
    <property name="user.name" value="jenkins1001"/>
    <property name="path.separator" value=":"/>
    <property name="java.security.egd" value="file:///dev/urandom"/>
    <property name="os.version" value="5.3.0-1022-azure"/>
    <property name="java.endorsed.dirs" value="/usr/lib/jvm/java-1.8.0-openjdk-1.8.0.232.b09-0.el7_7.x86_64/jre/lib/endorsed"/>
    <property name="java.runtime.name" value="OpenJDK Runtime Environment"/>
    <property name="file.encoding" value="ANSI_X3.4-1968"/>
    <property name="java.vm.name" value="OpenJDK 64-Bit Server VM"/>
    <property name="test.build.webapps" value=""/>
    <property name="localRepository" value="/home/user/.m2/repository"/>
    <property name="java.vendor.url.bug" value="http://bugreport.sun.com/bugreport/"/>
    <property name="java.io.tmpdir" value="/tmp"/>
    <property name="require.test.libhadoop" value=""/>
    <property name="java.version" value="1.8.0_232"/>
    <property name="user.dir" value="/github/workspace/mnt/ozone/hadoop-ozone/integration-test"/>
    <property name="os.arch" value="amd64"/>
    <property name="java.vm.specification.name" value="Java Virtual Machine Specification"/>
    <property name="test.build.classes" value="/github/workspace/mnt/ozone/hadoop-ozone/integration-test/target/test-classes"/>
    <property name="java.awt.printerjob" value="sun.print.PSPrinterJob"/>
    <property name="sun.os.patch.level" value="unknown"/>
    <property name="hadoop.tmp.dir" value="/github/workspace/mnt/ozone/hadoop-ozone/integration-test/target/tmp"/>
    <property name="java.library.path" value="/usr/lib:/usr/java/packages/lib/amd64:/usr/lib64:/lib64:/lib:/usr/lib"/>
    <property name="java.vm.info" value="mixed mode"/>
    <property name="java.vendor" value="Oracle Corporation"/>
    <property name="java.vm.version" value="25.232-b09"/>
    <property name="java.ext.dirs" value="/usr/lib/jvm/java-1.8.0-openjdk-1.8.0.232.b09-0.el7_7.x86_64/jre/lib/ext:/usr/java/packages/lib/ext"/>
    <property name="sun.io.unicode.encoding" value="UnicodeLittle"/>
    <property name="java.class.version" value="52.0"/>
  </properties>
  <testcase name="testDeleteKeyWithSlowFollower" classname="org.apache.hadoop.ozone.client.rpc.TestDeleteWithSlowFollower" time="0.143">
    <failure type="java.lang.AssertionError">java.lang.AssertionError
	at org.junit.Assert.fail(Assert.java:86)
	at org.junit.Assert.assertTrue(Assert.java:41)
	at org.junit.Assert.assertNotNull(Assert.java:621)
	at org.junit.Assert.assertNotNull(Assert.java:631)
	at org.apache.hadoop.ozone.client.rpc.TestDeleteWithSlowFollower.testDeleteKeyWithSlowFollower(TestDeleteWithSlowFollower.java:225)
	at sun.reflect.NativeMethodAccessorImpl.invoke0(Native Method)
	at sun.reflect.NativeMethodAccessorImpl.invoke(NativeMethodAccessorImpl.java:62)
	at sun.reflect.DelegatingMethodAccessorImpl.invoke(DelegatingMethodAccessorImpl.java:43)
	at java.lang.reflect.Method.invoke(Method.java:498)
	at org.junit.runners.model.FrameworkMethod$1.runReflectiveCall(FrameworkMethod.java:47)
	at org.junit.internal.runners.model.ReflectiveCallable.run(ReflectiveCallable.java:12)
	at org.junit.runners.model.FrameworkMethod.invokeExplosively(FrameworkMethod.java:44)
	at org.junit.internal.runners.statements.InvokeMethod.evaluate(InvokeMethod.java:17)
	at org.junit.runners.ParentRunner.runLeaf(ParentRunner.java:271)
	at org.junit.runners.BlockJUnit4ClassRunner.runChild(BlockJUnit4ClassRunner.java:70)
	at org.junit.runners.BlockJUnit4ClassRunner.runChild(BlockJUnit4ClassRunner.java:50)
	at org.junit.runners.ParentRunner$3.run(ParentRunner.java:238)
	at org.junit.runners.ParentRunner$1.schedule(ParentRunner.java:63)
	at org.junit.runners.ParentRunner.runChildren(ParentRunner.java:236)
	at org.junit.runners.ParentRunner.access$000(ParentRunner.java:53)
	at org.junit.runners.ParentRunner$2.evaluate(ParentRunner.java:229)
	at org.junit.internal.runners.statements.RunBefores.evaluate(RunBefores.java:26)
	at org.junit.internal.runners.statements.RunAfters.evaluate(RunAfters.java:27)
	at org.junit.runners.ParentRunner.run(ParentRunner.java:309)
	at org.apache.maven.surefire.junit4.JUnit4Provider.execute(JUnit4Provider.java:365)
	at org.apache.maven.surefire.junit4.JUnit4Provider.executeWithRerun(JUnit4Provider.java:273)
	at org.apache.maven.surefire.junit4.JUnit4Provider.executeTestSet(JUnit4Provider.java:238)
	at org.apache.maven.surefire.junit4.JUnit4Provider.invoke(JUnit4Provider.java:159)
	at org.apache.maven.surefire.booter.ForkedBooter.invokeProviderInSameClassLoader(ForkedBooter.java:384)
	at org.apache.maven.surefire.booter.ForkedBooter.runSuitesInProcess(ForkedBooter.java:345)
	at org.apache.maven.surefire.booter.ForkedBooter.execute(ForkedBooter.java:126)
	at org.apache.maven.surefire.booter.ForkedBooter.main(ForkedBooter.java:418)
</failure>
    <system-out><![CDATA[2020-06-16 15:32:36,898 [main] WARN  server.ServerUtils (ServerUtils.java:getScmDbDir(148)) - ozone.scm.db.dirs is not configured. We recommend adding this setting. Falling back to ozone.metadata.dirs instead.
2020-06-16 15:32:37,004 [main] WARN  server.ServerUtils (ServerUtils.java:getScmDbDir(148)) - ozone.scm.db.dirs is not configured. We recommend adding this setting. Falling back to ozone.metadata.dirs instead.
2020-06-16 15:32:37,139 [main] WARN  db.DBStoreBuilder (DBStoreBuilder.java:createDBStoreBuilder(277)) - ozone.scm.db.dirs is not configured. We recommend adding this setting. Falling back to ozone.metadata.dirs instead.
2020-06-16 15:32:37,291 [main] INFO  net.NodeSchemaLoader (NodeSchemaLoader.java:loadSchemaFromFile(126)) - Loading file from sun.misc.CompoundEnumeration@3e2822
2020-06-16 15:32:37,292 [main] INFO  net.NodeSchemaLoader (NodeSchemaLoader.java:loadSchema(172)) - Loading network topology layer schema file
2020-06-16 15:32:37,376 [main] WARN  server.ServerUtils (ServerUtils.java:sanitizeUserArgs(73)) - ozone.scm.stale.node.interval value = 1000000 is larger than max = 100000 based on the key value of ozone.scm.heartbeat.thread.interval, reset to the max value 100000.
2020-06-16 15:32:37,376 [main] WARN  server.ServerUtils (ServerUtils.java:sanitizeUserArgs(73)) - ozone.scm.stale.node.interval value = 1000000 is larger than max = 100000 based on the key value of ozone.scm.heartbeat.thread.interval, reset to the max value 100000.
2020-06-16 15:32:37,384 [main] INFO  node.SCMNodeManager (SCMNodeManager.java:<init>(116)) - Entering startup safe mode.
2020-06-16 15:32:37,512 [main] INFO  algorithms.ContainerPlacementPolicyFactory (ContainerPlacementPolicyFactory.java:getPolicy(60)) - Create container placement policy of type org.apache.hadoop.hdds.scm.container.placement.algorithms.SCMContainerPlacementRandom
2020-06-16 15:32:37,537 [main] INFO  pipeline.SCMPipelineManager (SCMPipelineManager.java:initializePipelineState(158)) - No pipeline exists in current db
2020-06-16 15:32:37,609 [main] INFO  safemode.HealthyPipelineSafeModeRule (HealthyPipelineSafeModeRule.java:<init>(89)) - Total pipeline count is 0, healthy pipeline threshold count is 0
2020-06-16 15:32:37,612 [main] INFO  safemode.OneReplicaPipelineSafeModeRule (OneReplicaPipelineSafeModeRule.java:<init>(79)) - Total pipeline count is 0, pipeline's with at least one datanode reported threshold count is 0
2020-06-16 15:32:37,657 [RatisPipelineUtilsThread] ERROR pipeline.SCMPipelineManager (SCMPipelineManager.java:createPipeline(222)) - Failed to create pipeline of type RATIS and factor ONE. Exception: Cannot create pipeline of factor 1 using 0 nodes. Used 0 nodes. Healthy nodes 0
2020-06-16 15:32:37,989 [main] INFO  ipc.CallQueueManager (CallQueueManager.java:<init>(84)) - Using callQueue: class java.util.concurrent.LinkedBlockingQueue, queueCapacity: 2000, scheduler: class org.apache.hadoop.ipc.DefaultRpcScheduler, ipcBackoff: false.
2020-06-16 15:32:38,014 [Socket Reader #1 for port 0] INFO  ipc.Server (Server.java:run(1219)) - Starting Socket Reader #1 for port 0
2020-06-16 15:32:38,050 [Listener at 0.0.0.0/34095] INFO  ipc.CallQueueManager (CallQueueManager.java:<init>(84)) - Using callQueue: class java.util.concurrent.LinkedBlockingQueue, queueCapacity: 2000, scheduler: class org.apache.hadoop.ipc.DefaultRpcScheduler, ipcBackoff: false.
2020-06-16 15:32:38,054 [Socket Reader #1 for port 0] INFO  ipc.Server (Server.java:run(1219)) - Starting Socket Reader #1 for port 0
2020-06-16 15:32:38,068 [Listener at 0.0.0.0/35349] INFO  ipc.CallQueueManager (CallQueueManager.java:<init>(84)) - Using callQueue: class java.util.concurrent.LinkedBlockingQueue, queueCapacity: 2000, scheduler: class org.apache.hadoop.ipc.DefaultRpcScheduler, ipcBackoff: false.
2020-06-16 15:32:38,068 [Socket Reader #1 for port 0] INFO  ipc.Server (Server.java:run(1219)) - Starting Socket Reader #1 for port 0
2020-06-16 15:32:38,088 [Listener at 0.0.0.0/37281] INFO  http.BaseHttpServer (BaseHttpServer.java:newHttpServer2BuilderForOzone(205)) - Starting Web-server for scm at: http://0.0.0.0:0
2020-06-16 15:32:38,088 [Listener at 0.0.0.0/37281] INFO  http.BaseHttpServer (BaseHttpServer.java:<init>(106)) - Hadoop Security Enabled: false Ozone Security Enabled: false Ozone HTTP Security Enabled: false 
2020-06-16 15:32:38,116 [Listener at 0.0.0.0/37281] INFO  util.log (Log.java:initialized(169)) - Logging initialized @2310ms to org.eclipse.jetty.util.log.Slf4jLog
2020-06-16 15:32:38,260 [Listener at 0.0.0.0/37281] INFO  server.AuthenticationFilter (AuthenticationFilter.java:constructSecretProvider(240)) - Unable to initialize FileSignerSecretProvider, falling back to use random secrets.
2020-06-16 15:32:38,276 [Listener at 0.0.0.0/37281] WARN  http.HttpRequestLog (HttpRequestLog.java:getRequestLog(103)) - Jetty request log can only be enabled using Log4j
2020-06-16 15:32:38,282 [Listener at 0.0.0.0/37281] INFO  http.HttpServer2 (HttpServer2.java:addGlobalFilter(993)) - Added global filter 'safety' (class=org.apache.hadoop.hdds.server.http.HttpServer2$QuotingInputFilter)
2020-06-16 15:32:38,287 [Listener at 0.0.0.0/37281] INFO  http.HttpServer2 (HttpServer2.java:addFilter(969)) - Added filter authentication (class=org.apache.hadoop.security.authentication.server.AuthenticationFilter) to context scm
2020-06-16 15:32:38,288 [Listener at 0.0.0.0/37281] INFO  http.HttpServer2 (HttpServer2.java:addFilter(977)) - Added filter authentication (class=org.apache.hadoop.security.authentication.server.AuthenticationFilter) to context logs
2020-06-16 15:32:38,288 [Listener at 0.0.0.0/37281] INFO  http.HttpServer2 (HttpServer2.java:addFilter(977)) - Added filter authentication (class=org.apache.hadoop.security.authentication.server.AuthenticationFilter) to context static
2020-06-16 15:32:38,344 [Listener at 0.0.0.0/37281] INFO  server.StorageContainerManager (StorageContainerManager.java:start(781)) - StorageContainerLocationProtocol RPC server is listening at /0.0.0.0:37281
2020-06-16 15:32:38,397 [Listener at 0.0.0.0/37281] WARN  impl.MetricsConfig (MetricsConfig.java:loadFirst(134)) - Cannot locate configuration: tried hadoop-metrics2-storagecontainermanager.properties,hadoop-metrics2.properties
2020-06-16 15:32:38,410 [Listener at 0.0.0.0/37281] INFO  impl.MetricsSystemImpl (MetricsSystemImpl.java:startTimer(374)) - Scheduled Metric snapshot period at 10 second(s).
2020-06-16 15:32:38,410 [Listener at 0.0.0.0/37281] INFO  impl.MetricsSystemImpl (MetricsSystemImpl.java:start(191)) - StorageContainerManager metrics system started
2020-06-16 15:32:38,639 [Listener at 0.0.0.0/37281] INFO  server.SCMClientProtocolServer (SCMClientProtocolServer.java:start(155)) - RPC server for Client  is listening at /0.0.0.0:37281
2020-06-16 15:32:38,642 [IPC Server Responder] INFO  ipc.Server (Server.java:run(1460)) - IPC Server Responder: starting
2020-06-16 15:32:38,646 [IPC Server listener on 0] INFO  ipc.Server (Server.java:run(1298)) - IPC Server listener on 0: starting
2020-06-16 15:32:38,655 [Listener at 0.0.0.0/37281] INFO  server.StorageContainerManager (StorageContainerManager.java:start(793)) - ScmBlockLocationProtocol RPC server is listening at /0.0.0.0:35349
2020-06-16 15:32:38,656 [Listener at 0.0.0.0/37281] INFO  server.SCMBlockProtocolServer (SCMBlockProtocolServer.java:start(149)) - RPC server for Block Protocol is listening at /0.0.0.0:35349
2020-06-16 15:32:38,657 [IPC Server Responder] INFO  ipc.Server (Server.java:run(1460)) - IPC Server Responder: starting
2020-06-16 15:32:38,657 [IPC Server listener on 0] INFO  ipc.Server (Server.java:run(1298)) - IPC Server listener on 0: starting
2020-06-16 15:32:38,661 [Listener at 0.0.0.0/37281] INFO  server.StorageContainerManager (StorageContainerManager.java:start(799)) - ScmDatanodeProtocl RPC server is listening at /0.0.0.0:34095
2020-06-16 15:32:38,662 [Listener at 0.0.0.0/37281] INFO  server.SCMDatanodeProtocolServer (SCMDatanodeProtocolServer.java:start(172)) - RPC server for DataNodes is listening at /0.0.0.0:34095
2020-06-16 15:32:38,662 [IPC Server Responder] INFO  ipc.Server (Server.java:run(1460)) - IPC Server Responder: starting
2020-06-16 15:32:38,663 [IPC Server listener on 0] INFO  ipc.Server (Server.java:run(1298)) - IPC Server listener on 0: starting
2020-06-16 15:32:38,667 [Listener at 0.0.0.0/37281] INFO  http.HttpServer2 (HttpServer2.java:bindListener(1211)) - Jetty bound to port 34937
2020-06-16 15:32:38,668 [Listener at 0.0.0.0/37281] INFO  server.Server (Server.java:doStart(359)) - jetty-9.4.26.v20200117; built: 2020-01-17T12:35:33.676Z; git: 7b38981d25d14afb4a12ff1f2596756144edf695; jvm 1.8.0_232-b09
2020-06-16 15:32:38,700 [Listener at 0.0.0.0/37281] INFO  server.session (DefaultSessionIdManager.java:doStart(333)) - DefaultSessionIdManager workerName=node0
2020-06-16 15:32:38,700 [Listener at 0.0.0.0/37281] INFO  server.session (DefaultSessionIdManager.java:doStart(338)) - No SessionScavenger set, using defaults
2020-06-16 15:32:38,702 [Listener at 0.0.0.0/37281] INFO  server.session (HouseKeeper.java:startScavenging(140)) - node0 Scavenging every 600000ms
2020-06-16 15:32:38,717 [Listener at 0.0.0.0/37281] INFO  server.AuthenticationFilter (AuthenticationFilter.java:constructSecretProvider(240)) - Unable to initialize FileSignerSecretProvider, falling back to use random secrets.
2020-06-16 15:32:38,724 [Listener at 0.0.0.0/37281] INFO  handler.ContextHandler (ContextHandler.java:doStart(825)) - Started o.e.j.s.ServletContextHandler@115ca7de{logs,/logs,file:///github/workspace/mnt/ozone/hadoop-ozone/integration-test/target/log,AVAILABLE}
2020-06-16 15:32:38,725 [Listener at 0.0.0.0/37281] INFO  handler.ContextHandler (ContextHandler.java:doStart(825)) - Started o.e.j.s.ServletContextHandler@553da911{static,/static,file:///github/workspace/mnt/ozone/hadoop-ozone/integration-test/target/test-classes/webapps/static,AVAILABLE}
2020-06-16 15:32:38,768 [Listener at 0.0.0.0/37281] INFO  handler.ContextHandler (ContextHandler.java:doStart(825)) - Started o.e.j.w.WebAppContext@15214920{scm,/,file:///github/workspace/mnt/ozone/hadoop-ozone/integration-test/target/test-classes/webapps/scm/,AVAILABLE}{file:/github/workspace/mnt/ozone/hadoop-ozone/integration-test/target/test-classes/webapps/scm}
2020-06-16 15:32:38,776 [Listener at 0.0.0.0/37281] INFO  server.AbstractConnector (AbstractConnector.java:doStart(330)) - Started ServerConnector@4cc65c2{HTTP/1.1,[http/1.1]}{0.0.0.0:34937}
2020-06-16 15:32:38,777 [Listener at 0.0.0.0/37281] INFO  server.Server (Server.java:doStart(399)) - Started @2971ms
2020-06-16 15:32:38,779 [Listener at 0.0.0.0/37281] INFO  impl.MetricsSinkAdapter (MetricsSinkAdapter.java:start(204)) - Sink prometheus started
2020-06-16 15:32:38,779 [Listener at 0.0.0.0/37281] INFO  impl.MetricsSystemImpl (MetricsSystemImpl.java:registerSink(301)) - Registered sink prometheus
2020-06-16 15:32:38,782 [Listener at 0.0.0.0/37281] INFO  http.BaseHttpServer (BaseHttpServer.java:updateConnectorAddress(325)) - HTTP server of scm listening at http://0.0.0.0:34937
2020-06-16 15:32:38,791 [Listener at 0.0.0.0/37281] WARN  server.ServerUtils (ServerUtils.java:getDBPath(225)) - ozone.om.db.dirs is not configured. We recommend adding this setting. Falling back to ozone.metadata.dirs instead.
2020-06-16 15:32:38,803 [org.apache.hadoop.util.JvmPauseMonitor$Monitor@1653b84e] INFO  util.JvmPauseMonitor (JvmPauseMonitor.java:run(188)) - Starting JVM pause monitor
2020-06-16 15:32:38,888 [Listener at 0.0.0.0/37281] INFO  ha.OMHANodeDetails (OMHANodeDetails.java:loadOMHAConfig(104)) - ozone.om.internal.service.id is not defined, falling back to ozone.om.service.ids to find serviceID for OzoneManager if it is HA enabled cluster
2020-06-16 15:32:38,891 [Listener at 0.0.0.0/37281] INFO  ha.OMHANodeDetails (OMHANodeDetails.java:loadOMHAConfig(213)) - Configuration either no ozone.om.address set. Falling back to the default OM address /127.0.0.1:0
2020-06-16 15:32:38,891 [Listener at 0.0.0.0/37281] INFO  ha.OMHANodeDetails (OMHANodeDetails.java:getOMNodeDetails(241)) - OM Service ID is not set. Setting it to the default ID: omServiceIdDefault
2020-06-16 15:32:38,894 [Listener at 0.0.0.0/37281] WARN  server.ServerUtils (ServerUtils.java:getDBPath(225)) - ozone.om.db.dirs is not configured. We recommend adding this setting. Falling back to ozone.metadata.dirs instead.
2020-06-16 15:32:38,894 [Listener at 0.0.0.0/37281] WARN  server.ServerUtils (ServerUtils.java:getDBPath(225)) - ozone.om.db.dirs is not configured. We recommend adding this setting. Falling back to ozone.metadata.dirs instead.
2020-06-16 15:32:39,626 [Listener at 0.0.0.0/37281] WARN  server.ServerUtils (ServerUtils.java:getDBPath(225)) - ozone.om.db.dirs is not configured. We recommend adding this setting. Falling back to ozone.metadata.dirs instead.
2020-06-16 15:32:39,771 [Listener at 0.0.0.0/37281] INFO  ipc.CallQueueManager (CallQueueManager.java:<init>(84)) - Using callQueue: class java.util.concurrent.LinkedBlockingQueue, queueCapacity: 2000, scheduler: class org.apache.hadoop.ipc.DefaultRpcScheduler, ipcBackoff: false.
2020-06-16 15:32:39,774 [Socket Reader #1 for port 0] INFO  ipc.Server (Server.java:run(1219)) - Starting Socket Reader #1 for port 0
2020-06-16 15:32:39,810 [Listener at 127.0.0.1/36375] INFO  impl.MetricsSystemImpl (MetricsSystemImpl.java:init(158)) - OzoneManager metrics system started (again)
2020-06-16 15:32:39,812 [Listener at 127.0.0.1/36375] INFO  om.OzoneManager (OzoneManager.java:start(1085)) - OzoneManager RPC server is listening at localhost/127.0.0.1:36375
2020-06-16 15:32:39,834 [IPC Server Responder] INFO  ipc.Server (Server.java:run(1460)) - IPC Server Responder: starting
2020-06-16 15:32:39,835 [IPC Server listener on 0] INFO  ipc.Server (Server.java:run(1298)) - IPC Server listener on 0: starting
2020-06-16 15:32:39,855 [Listener at 127.0.0.1/36375] INFO  http.BaseHttpServer (BaseHttpServer.java:newHttpServer2BuilderForOzone(205)) - Starting Web-server for ozoneManager at: http://0.0.0.0:0
2020-06-16 15:32:39,855 [Listener at 127.0.0.1/36375] INFO  http.BaseHttpServer (BaseHttpServer.java:<init>(106)) - Hadoop Security Enabled: false Ozone Security Enabled: false Ozone HTTP Security Enabled: false 
2020-06-16 15:32:39,857 [Listener at 127.0.0.1/36375] INFO  server.AuthenticationFilter (AuthenticationFilter.java:constructSecretProvider(240)) - Unable to initialize FileSignerSecretProvider, falling back to use random secrets.
2020-06-16 15:32:39,857 [Listener at 127.0.0.1/36375] WARN  http.HttpRequestLog (HttpRequestLog.java:getRequestLog(103)) - Jetty request log can only be enabled using Log4j
2020-06-16 15:32:39,858 [Listener at 127.0.0.1/36375] INFO  http.HttpServer2 (HttpServer2.java:addGlobalFilter(993)) - Added global filter 'safety' (class=org.apache.hadoop.hdds.server.http.HttpServer2$QuotingInputFilter)
2020-06-16 15:32:39,859 [Listener at 127.0.0.1/36375] INFO  http.HttpServer2 (HttpServer2.java:addFilter(969)) - Added filter authentication (class=org.apache.hadoop.security.authentication.server.AuthenticationFilter) to context ozoneManager
2020-06-16 15:32:39,859 [Listener at 127.0.0.1/36375] INFO  http.HttpServer2 (HttpServer2.java:addFilter(977)) - Added filter authentication (class=org.apache.hadoop.security.authentication.server.AuthenticationFilter) to context static
2020-06-16 15:32:39,859 [Listener at 127.0.0.1/36375] INFO  http.HttpServer2 (HttpServer2.java:addFilter(977)) - Added filter authentication (class=org.apache.hadoop.security.authentication.server.AuthenticationFilter) to context logs
2020-06-16 15:32:39,862 [Listener at 127.0.0.1/36375] INFO  http.HttpServer2 (HttpServer2.java:bindListener(1211)) - Jetty bound to port 39809
2020-06-16 15:32:39,862 [Listener at 127.0.0.1/36375] INFO  server.Server (Server.java:doStart(359)) - jetty-9.4.26.v20200117; built: 2020-01-17T12:35:33.676Z; git: 7b38981d25d14afb4a12ff1f2596756144edf695; jvm 1.8.0_232-b09
2020-06-16 15:32:39,864 [Listener at 127.0.0.1/36375] INFO  server.session (DefaultSessionIdManager.java:doStart(333)) - DefaultSessionIdManager workerName=node0
2020-06-16 15:32:39,864 [Listener at 127.0.0.1/36375] INFO  server.session (DefaultSessionIdManager.java:doStart(338)) - No SessionScavenger set, using defaults
2020-06-16 15:32:39,864 [Listener at 127.0.0.1/36375] INFO  server.session (HouseKeeper.java:startScavenging(140)) - node0 Scavenging every 660000ms
2020-06-16 15:32:39,865 [Listener at 127.0.0.1/36375] INFO  server.AuthenticationFilter (AuthenticationFilter.java:constructSecretProvider(240)) - Unable to initialize FileSignerSecretProvider, falling back to use random secrets.
2020-06-16 15:32:39,866 [Listener at 127.0.0.1/36375] INFO  handler.ContextHandler (ContextHandler.java:doStart(825)) - Started o.e.j.s.ServletContextHandler@1999e1f5{logs,/logs,file:///github/workspace/mnt/ozone/hadoop-ozone/integration-test/target/log,AVAILABLE}
2020-06-16 15:32:39,866 [Listener at 127.0.0.1/36375] INFO  handler.ContextHandler (ContextHandler.java:doStart(825)) - Started o.e.j.s.ServletContextHandler@77307b51{static,/static,file:///github/workspace/mnt/ozone/hadoop-ozone/integration-test/target/test-classes/webapps/static,AVAILABLE}
2020-06-16 15:32:39,870 [Listener at 127.0.0.1/36375] INFO  handler.ContextHandler (ContextHandler.java:doStart(825)) - Started o.e.j.w.WebAppContext@50f13494{ozoneManager,/,file:///github/workspace/mnt/ozone/hadoop-ozone/integration-test/target/test-classes/webapps/ozoneManager/,AVAILABLE}{file:/github/workspace/mnt/ozone/hadoop-ozone/integration-test/target/test-classes/webapps/ozoneManager}
2020-06-16 15:32:39,871 [Listener at 127.0.0.1/36375] INFO  server.AbstractConnector (AbstractConnector.java:doStart(330)) - Started ServerConnector@4cefa0be{HTTP/1.1,[http/1.1]}{0.0.0.0:39809}
2020-06-16 15:32:39,871 [Listener at 127.0.0.1/36375] INFO  server.Server (Server.java:doStart(399)) - Started @4066ms
2020-06-16 15:32:39,872 [Listener at 127.0.0.1/36375] WARN  impl.MetricsSystemImpl (MetricsSystemImpl.java:register(276)) - Sink prometheus already exists!
2020-06-16 15:32:39,875 [Listener at 127.0.0.1/36375] INFO  http.BaseHttpServer (BaseHttpServer.java:updateConnectorAddress(325)) - HTTP server of ozoneManager listening at http://0.0.0.0:39809
2020-06-16 15:32:39,894 [org.apache.hadoop.util.JvmPauseMonitor$Monitor@1c3b221f] INFO  util.JvmPauseMonitor (JvmPauseMonitor.java:run(188)) - Starting JVM pause monitor
2020-06-16 15:32:39,986 [Listener at 127.0.0.1/36375] INFO  metrics.MetricRegistries (MetricRegistriesLoader.java:load(64)) - Loaded MetricRegistries class org.apache.ratis.metrics.impl.MetricRegistriesImpl
2020-06-16 15:32:39,988 [Listener at 127.0.0.1/36375] INFO  impl.MetricsSystemImpl (MetricsSystemImpl.java:init(158)) - HddsDatanode metrics system started (again)
2020-06-16 15:32:39,992 [Listener at 127.0.0.1/36375] INFO  ozone.HddsDatanodeService (HddsDatanodeService.java:start(197)) - HddsDatanodeService host:e341d3404cbd ip:172.17.0.2
2020-06-16 15:32:40,043 [Listener at 127.0.0.1/36375] INFO  volume.HddsVolume (HddsVolume.java:<init>(176)) - Creating Volume: /github/workspace/mnt/ozone/hadoop-ozone/integration-test/target/test-dir/MiniOzoneClusterImpl-6d8badc9-fe29-45e7-b6a6-4f647f694532/datanode-0/data-0/containers/hdds of storage type : DISK and capacity : 9223372036854775807
2020-06-16 15:32:40,046 [Listener at 127.0.0.1/36375] INFO  volume.MutableVolumeSet (MutableVolumeSet.java:initializeVolumeSet(181)) - Added Volume : /github/workspace/mnt/ozone/hadoop-ozone/integration-test/target/test-dir/MiniOzoneClusterImpl-6d8badc9-fe29-45e7-b6a6-4f647f694532/datanode-0/data-0/containers/hdds to VolumeSet
2020-06-16 15:32:40,047 [Listener at 127.0.0.1/36375] INFO  volume.ThrottledAsyncChecker (ThrottledAsyncChecker.java:schedule(141)) - Scheduling a check for /github/workspace/mnt/ozone/hadoop-ozone/integration-test/target/test-dir/MiniOzoneClusterImpl-6d8badc9-fe29-45e7-b6a6-4f647f694532/datanode-0/data-0/containers/hdds
2020-06-16 15:32:40,068 [Listener at 127.0.0.1/36375] INFO  volume.HddsVolumeChecker (HddsVolumeChecker.java:checkAllVolumes(200)) - Scheduled health check for volume /github/workspace/mnt/ozone/hadoop-ozone/integration-test/target/test-dir/MiniOzoneClusterImpl-6d8badc9-fe29-45e7-b6a6-4f647f694532/datanode-0/data-0/containers/hdds
2020-06-16 15:32:40,242 [Listener at 127.0.0.1/36375] INFO  impl.RaftServerProxy (ConfUtils.java:logGet(44)) - raft.rpc.type = GRPC (default)
2020-06-16 15:32:40,318 [Listener at 127.0.0.1/36375] INFO  grpc.GrpcFactory (GrpcFactory.java:checkPooledByteBufAllocatorUseCacheForAllThreads(45)) - PERFORMANCE WARNING: useCacheForAllThreads is true that may cause Netty to create a lot garbage objects and, as a result, trigger GC.
	It is recommended to disable useCacheForAllThreads by setting -Dorg.apache.ratis.thirdparty.io.netty.allocator.useCacheForAllThreads=false in command line.
2020-06-16 15:32:40,325 [Listener at 127.0.0.1/36375] INFO  grpc.GrpcConfigKeys (ConfUtils.java:logGet(44)) - raft.grpc.server.port = 0 (default)
2020-06-16 15:32:40,326 [Listener at 127.0.0.1/36375] INFO  server.GrpcService (ConfUtils.java:logGet(44)) - raft.grpc.message.size.max = 32MB (=33554432) (custom)
2020-06-16 15:32:40,327 [Listener at 127.0.0.1/36375] INFO  server.RaftServerConfigKeys (ConfUtils.java:logGet(44)) - raft.server.log.appender.buffer.byte-limit = 33554432 (custom)
2020-06-16 15:32:40,328 [Listener at 127.0.0.1/36375] INFO  server.GrpcService (ConfUtils.java:logGet(44)) - raft.grpc.flow.control.window = 5MB (=5242880) (custom)
2020-06-16 15:32:40,332 [Listener at 127.0.0.1/36375] INFO  server.RaftServerConfigKeys (ConfUtils.java:logGet(44)) - raft.server.rpc.request.timeout = 3s (default)
2020-06-16 15:32:40,550 [Listener at 127.0.0.1/36375] INFO  server.RaftServerConfigKeys (ConfUtils.java:logGet(44)) - raft.server.storage.dir = [/github/workspace/mnt/ozone/hadoop-ozone/integration-test/target/test-dir/MiniOzoneClusterImpl-6d8badc9-fe29-45e7-b6a6-4f647f694532/datanode-0/data/ratis] (custom)
2020-06-16 15:32:40,635 [Listener at 127.0.0.1/36375] INFO  http.BaseHttpServer (BaseHttpServer.java:newHttpServer2BuilderForOzone(205)) - Starting Web-server for hddsDatanode at: http://0.0.0.0:0
2020-06-16 15:32:40,635 [Listener at 127.0.0.1/36375] INFO  http.BaseHttpServer (BaseHttpServer.java:<init>(106)) - Hadoop Security Enabled: false Ozone Security Enabled: false Ozone HTTP Security Enabled: false 
2020-06-16 15:32:40,637 [Listener at 127.0.0.1/36375] INFO  server.AuthenticationFilter (AuthenticationFilter.java:constructSecretProvider(240)) - Unable to initialize FileSignerSecretProvider, falling back to use random secrets.
2020-06-16 15:32:40,637 [Listener at 127.0.0.1/36375] WARN  http.HttpRequestLog (HttpRequestLog.java:getRequestLog(103)) - Jetty request log can only be enabled using Log4j
2020-06-16 15:32:40,638 [Listener at 127.0.0.1/36375] INFO  http.HttpServer2 (HttpServer2.java:addGlobalFilter(993)) - Added global filter 'safety' (class=org.apache.hadoop.hdds.server.http.HttpServer2$QuotingInputFilter)
2020-06-16 15:32:40,639 [Listener at 127.0.0.1/36375] INFO  http.HttpServer2 (HttpServer2.java:addFilter(969)) - Added filter authentication (class=org.apache.hadoop.security.authentication.server.AuthenticationFilter) to context hddsDatanode
2020-06-16 15:32:40,639 [Listener at 127.0.0.1/36375] INFO  http.HttpServer2 (HttpServer2.java:addFilter(977)) - Added filter authentication (class=org.apache.hadoop.security.authentication.server.AuthenticationFilter) to context static
2020-06-16 15:32:40,640 [Listener at 127.0.0.1/36375] INFO  http.HttpServer2 (HttpServer2.java:addFilter(977)) - Added filter authentication (class=org.apache.hadoop.security.authentication.server.AuthenticationFilter) to context logs
2020-06-16 15:32:40,640 [Listener at 127.0.0.1/36375] INFO  http.HttpServer2 (HttpServer2.java:bindListener(1211)) - Jetty bound to port 33101
2020-06-16 15:32:40,640 [Listener at 127.0.0.1/36375] INFO  server.Server (Server.java:doStart(359)) - jetty-9.4.26.v20200117; built: 2020-01-17T12:35:33.676Z; git: 7b38981d25d14afb4a12ff1f2596756144edf695; jvm 1.8.0_232-b09
2020-06-16 15:32:40,646 [Listener at 127.0.0.1/36375] INFO  server.session (DefaultSessionIdManager.java:doStart(333)) - DefaultSessionIdManager workerName=node0
2020-06-16 15:32:40,647 [Listener at 127.0.0.1/36375] INFO  server.session (DefaultSessionIdManager.java:doStart(338)) - No SessionScavenger set, using defaults
2020-06-16 15:32:40,647 [Listener at 127.0.0.1/36375] INFO  server.session (HouseKeeper.java:startScavenging(140)) - node0 Scavenging every 600000ms
2020-06-16 15:32:40,650 [Listener at 127.0.0.1/36375] INFO  server.AuthenticationFilter (AuthenticationFilter.java:constructSecretProvider(240)) - Unable to initialize FileSignerSecretProvider, falling back to use random secrets.
2020-06-16 15:32:40,651 [Listener at 127.0.0.1/36375] INFO  handler.ContextHandler (ContextHandler.java:doStart(825)) - Started o.e.j.s.ServletContextHandler@7a458c73{logs,/logs,file:///github/workspace/mnt/ozone/hadoop-ozone/integration-test/target/log,AVAILABLE}
2020-06-16 15:32:40,651 [Listener at 127.0.0.1/36375] INFO  handler.ContextHandler (ContextHandler.java:doStart(825)) - Started o.e.j.s.ServletContextHandler@112f8f8f{static,/static,jar:file:/home/user/.m2/repository/org/apache/hadoop/hadoop-hdds-container-service/0.6.0-SNAPSHOT/hadoop-hdds-container-service-0.6.0-SNAPSHOT.jar!/webapps/static,AVAILABLE}
2020-06-16 15:32:40,674 [Listener at 127.0.0.1/36375] INFO  handler.ContextHandler (ContextHandler.java:doStart(825)) - Started o.e.j.w.WebAppContext@77a14911{hddsDatanode,/,file:///tmp/jetty-0_0_0_0-33101-hadoop-hdds-container-service-0_6_0-SNAPSHOT_jar-_-any-6218209634783484571.dir/webapp/,AVAILABLE}{jar:file:/home/user/.m2/repository/org/apache/hadoop/hadoop-hdds-container-service/0.6.0-SNAPSHOT/hadoop-hdds-container-service-0.6.0-SNAPSHOT.jar!/webapps/hddsDatanode}
2020-06-16 15:32:40,676 [Listener at 127.0.0.1/36375] INFO  server.AbstractConnector (AbstractConnector.java:doStart(330)) - Started ServerConnector@55854382{HTTP/1.1,[http/1.1]}{0.0.0.0:33101}
2020-06-16 15:32:40,676 [Listener at 127.0.0.1/36375] INFO  server.Server (Server.java:doStart(399)) - Started @4870ms
2020-06-16 15:32:40,676 [Listener at 127.0.0.1/36375] WARN  impl.MetricsSystemImpl (MetricsSystemImpl.java:register(276)) - Sink prometheus already exists!
2020-06-16 15:32:40,683 [Listener at 127.0.0.1/36375] INFO  http.BaseHttpServer (BaseHttpServer.java:updateConnectorAddress(325)) - HTTP server of hddsDatanode listening at http://0.0.0.0:33101
2020-06-16 15:32:40,684 [Listener at 127.0.0.1/36375] INFO  impl.MetricsSystemImpl (MetricsSystemImpl.java:init(158)) - HddsDatanode metrics system started (again)
2020-06-16 15:32:40,685 [Listener at 127.0.0.1/36375] INFO  ozone.HddsDatanodeService (HddsDatanodeService.java:start(197)) - HddsDatanodeService host:e341d3404cbd ip:172.17.0.2
2020-06-16 15:32:40,691 [Listener at 127.0.0.1/36375] INFO  volume.HddsVolume (HddsVolume.java:<init>(176)) - Creating Volume: /github/workspace/mnt/ozone/hadoop-ozone/integration-test/target/test-dir/MiniOzoneClusterImpl-6d8badc9-fe29-45e7-b6a6-4f647f694532/datanode-1/data-0/containers/hdds of storage type : DISK and capacity : 9223372036854775807
2020-06-16 15:32:40,691 [Listener at 127.0.0.1/36375] INFO  volume.MutableVolumeSet (MutableVolumeSet.java:initializeVolumeSet(181)) - Added Volume : /github/workspace/mnt/ozone/hadoop-ozone/integration-test/target/test-dir/MiniOzoneClusterImpl-6d8badc9-fe29-45e7-b6a6-4f647f694532/datanode-1/data-0/containers/hdds to VolumeSet
2020-06-16 15:32:40,691 [Listener at 127.0.0.1/36375] INFO  volume.ThrottledAsyncChecker (ThrottledAsyncChecker.java:schedule(141)) - Scheduling a check for /github/workspace/mnt/ozone/hadoop-ozone/integration-test/target/test-dir/MiniOzoneClusterImpl-6d8badc9-fe29-45e7-b6a6-4f647f694532/datanode-1/data-0/containers/hdds
2020-06-16 15:32:40,692 [Listener at 127.0.0.1/36375] INFO  volume.HddsVolumeChecker (HddsVolumeChecker.java:checkAllVolumes(200)) - Scheduled health check for volume /github/workspace/mnt/ozone/hadoop-ozone/integration-test/target/test-dir/MiniOzoneClusterImpl-6d8badc9-fe29-45e7-b6a6-4f647f694532/datanode-1/data-0/containers/hdds
2020-06-16 15:32:40,725 [org.apache.hadoop.util.JvmPauseMonitor$Monitor@2d90672c] INFO  util.JvmPauseMonitor (JvmPauseMonitor.java:run(188)) - Starting JVM pause monitor
2020-06-16 15:32:40,745 [Listener at 127.0.0.1/36375] INFO  impl.RaftServerProxy (ConfUtils.java:logGet(44)) - raft.rpc.type = GRPC (default)
2020-06-16 15:32:40,745 [Listener at 127.0.0.1/36375] INFO  grpc.GrpcFactory (GrpcFactory.java:checkPooledByteBufAllocatorUseCacheForAllThreads(45)) - PERFORMANCE WARNING: useCacheForAllThreads is true that may cause Netty to create a lot garbage objects and, as a result, trigger GC.
	It is recommended to disable useCacheForAllThreads by setting -Dorg.apache.ratis.thirdparty.io.netty.allocator.useCacheForAllThreads=false in command line.
2020-06-16 15:32:40,745 [Listener at 127.0.0.1/36375] INFO  grpc.GrpcConfigKeys (ConfUtils.java:logGet(44)) - raft.grpc.server.port = 0 (default)
2020-06-16 15:32:40,746 [Listener at 127.0.0.1/36375] INFO  server.GrpcService (ConfUtils.java:logGet(44)) - raft.grpc.message.size.max = 32MB (=33554432) (custom)
2020-06-16 15:32:40,746 [Listener at 127.0.0.1/36375] INFO  server.RaftServerConfigKeys (ConfUtils.java:logGet(44)) - raft.server.log.appender.buffer.byte-limit = 33554432 (custom)
2020-06-16 15:32:40,746 [Listener at 127.0.0.1/36375] INFO  server.GrpcService (ConfUtils.java:logGet(44)) - raft.grpc.flow.control.window = 5MB (=5242880) (custom)
2020-06-16 15:32:40,746 [Listener at 127.0.0.1/36375] INFO  server.RaftServerConfigKeys (ConfUtils.java:logGet(44)) - raft.server.rpc.request.timeout = 3s (default)
2020-06-16 15:32:40,747 [Listener at 127.0.0.1/36375] INFO  server.RaftServerConfigKeys (ConfUtils.java:logGet(44)) - raft.server.storage.dir = [/github/workspace/mnt/ozone/hadoop-ozone/integration-test/target/test-dir/MiniOzoneClusterImpl-6d8badc9-fe29-45e7-b6a6-4f647f694532/datanode-1/data/ratis] (custom)
2020-06-16 15:32:40,755 [Listener at 127.0.0.1/36375] INFO  http.BaseHttpServer (BaseHttpServer.java:newHttpServer2BuilderForOzone(205)) - Starting Web-server for hddsDatanode at: http://0.0.0.0:0
2020-06-16 15:32:40,755 [Listener at 127.0.0.1/36375] INFO  http.BaseHttpServer (BaseHttpServer.java:<init>(106)) - Hadoop Security Enabled: false Ozone Security Enabled: false Ozone HTTP Security Enabled: false 
2020-06-16 15:32:40,756 [Listener at 127.0.0.1/36375] INFO  server.AuthenticationFilter (AuthenticationFilter.java:constructSecretProvider(240)) - Unable to initialize FileSignerSecretProvider, falling back to use random secrets.
2020-06-16 15:32:40,762 [Listener at 127.0.0.1/36375] WARN  http.HttpRequestLog (HttpRequestLog.java:getRequestLog(103)) - Jetty request log can only be enabled using Log4j
2020-06-16 15:32:40,763 [Listener at 127.0.0.1/36375] INFO  http.HttpServer2 (HttpServer2.java:addGlobalFilter(993)) - Added global filter 'safety' (class=org.apache.hadoop.hdds.server.http.HttpServer2$QuotingInputFilter)
2020-06-16 15:32:40,764 [Listener at 127.0.0.1/36375] INFO  http.HttpServer2 (HttpServer2.java:addFilter(969)) - Added filter authentication (class=org.apache.hadoop.security.authentication.server.AuthenticationFilter) to context hddsDatanode
2020-06-16 15:32:40,764 [Listener at 127.0.0.1/36375] INFO  http.HttpServer2 (HttpServer2.java:addFilter(977)) - Added filter authentication (class=org.apache.hadoop.security.authentication.server.AuthenticationFilter) to context logs
2020-06-16 15:32:40,764 [Listener at 127.0.0.1/36375] INFO  http.HttpServer2 (HttpServer2.java:addFilter(977)) - Added filter authentication (class=org.apache.hadoop.security.authentication.server.AuthenticationFilter) to context static
2020-06-16 15:32:40,765 [Listener at 127.0.0.1/36375] INFO  http.HttpServer2 (HttpServer2.java:bindListener(1211)) - Jetty bound to port 42109
2020-06-16 15:32:40,765 [Listener at 127.0.0.1/36375] INFO  server.Server (Server.java:doStart(359)) - jetty-9.4.26.v20200117; built: 2020-01-17T12:35:33.676Z; git: 7b38981d25d14afb4a12ff1f2596756144edf695; jvm 1.8.0_232-b09
2020-06-16 15:32:40,822 [Listener at 127.0.0.1/36375] INFO  server.session (DefaultSessionIdManager.java:doStart(333)) - DefaultSessionIdManager workerName=node0
2020-06-16 15:32:40,822 [Listener at 127.0.0.1/36375] INFO  server.session (DefaultSessionIdManager.java:doStart(338)) - No SessionScavenger set, using defaults
2020-06-16 15:32:40,822 [Listener at 127.0.0.1/36375] INFO  server.session (HouseKeeper.java:startScavenging(140)) - node0 Scavenging every 660000ms
2020-06-16 15:32:40,826 [Listener at 127.0.0.1/36375] INFO  server.AuthenticationFilter (AuthenticationFilter.java:constructSecretProvider(240)) - Unable to initialize FileSignerSecretProvider, falling back to use random secrets.
2020-06-16 15:32:40,827 [Listener at 127.0.0.1/36375] INFO  handler.ContextHandler (ContextHandler.java:doStart(825)) - Started o.e.j.s.ServletContextHandler@77e4ffe5{logs,/logs,file:///github/workspace/mnt/ozone/hadoop-ozone/integration-test/target/log,AVAILABLE}
2020-06-16 15:32:40,828 [Listener at 127.0.0.1/36375] INFO  handler.ContextHandler (ContextHandler.java:doStart(825)) - Started o.e.j.s.ServletContextHandler@4c663fda{static,/static,jar:file:/home/user/.m2/repository/org/apache/hadoop/hadoop-hdds-container-service/0.6.0-SNAPSHOT/hadoop-hdds-container-service-0.6.0-SNAPSHOT.jar!/webapps/static,AVAILABLE}
2020-06-16 15:32:40,868 [Listener at 127.0.0.1/36375] INFO  handler.ContextHandler (ContextHandler.java:doStart(825)) - Started o.e.j.w.WebAppContext@f28ee19{hddsDatanode,/,file:///tmp/jetty-0_0_0_0-42109-hadoop-hdds-container-service-0_6_0-SNAPSHOT_jar-_-any-8759698160635690556.dir/webapp/,AVAILABLE}{jar:file:/home/user/.m2/repository/org/apache/hadoop/hadoop-hdds-container-service/0.6.0-SNAPSHOT/hadoop-hdds-container-service-0.6.0-SNAPSHOT.jar!/webapps/hddsDatanode}
2020-06-16 15:32:40,877 [Datanode State Machine Thread - 0] INFO  datanode.InitDatanodeState (InitDatanodeState.java:persistContainerDatanodeDetails(145)) - DatanodeDetails is persisted to /github/workspace/mnt/ozone/hadoop-ozone/integration-test/target/test-dir/MiniOzoneClusterImpl-6d8badc9-fe29-45e7-b6a6-4f647f694532/datanode-0/meta/datanode.id
2020-06-16 15:32:40,877 [Listener at 127.0.0.1/36375] INFO  server.AbstractConnector (AbstractConnector.java:doStart(330)) - Started ServerConnector@1297cf8{HTTP/1.1,[http/1.1]}{0.0.0.0:42109}
2020-06-16 15:32:40,878 [Listener at 127.0.0.1/36375] INFO  server.Server (Server.java:doStart(399)) - Started @5072ms
2020-06-16 15:32:40,878 [Listener at 127.0.0.1/36375] WARN  impl.MetricsSystemImpl (MetricsSystemImpl.java:register(276)) - Sink prometheus already exists!
2020-06-16 15:32:40,881 [Listener at 127.0.0.1/36375] INFO  http.BaseHttpServer (BaseHttpServer.java:updateConnectorAddress(325)) - HTTP server of hddsDatanode listening at http://0.0.0.0:42109
2020-06-16 15:32:40,881 [Listener at 127.0.0.1/36375] INFO  impl.MetricsSystemImpl (MetricsSystemImpl.java:init(158)) - HddsDatanode metrics system started (again)
2020-06-16 15:32:40,883 [Listener at 127.0.0.1/36375] INFO  ozone.HddsDatanodeService (HddsDatanodeService.java:start(197)) - HddsDatanodeService host:e341d3404cbd ip:172.17.0.2
2020-06-16 15:32:40,884 [Listener at 127.0.0.1/36375] INFO  volume.HddsVolume (HddsVolume.java:<init>(176)) - Creating Volume: /github/workspace/mnt/ozone/hadoop-ozone/integration-test/target/test-dir/MiniOzoneClusterImpl-6d8badc9-fe29-45e7-b6a6-4f647f694532/datanode-2/data-0/containers/hdds of storage type : DISK and capacity : 9223372036854775807
2020-06-16 15:32:40,884 [Listener at 127.0.0.1/36375] INFO  volume.MutableVolumeSet (MutableVolumeSet.java:initializeVolumeSet(181)) - Added Volume : /github/workspace/mnt/ozone/hadoop-ozone/integration-test/target/test-dir/MiniOzoneClusterImpl-6d8badc9-fe29-45e7-b6a6-4f647f694532/datanode-2/data-0/containers/hdds to VolumeSet
2020-06-16 15:32:40,885 [Listener at 127.0.0.1/36375] INFO  volume.ThrottledAsyncChecker (ThrottledAsyncChecker.java:schedule(141)) - Scheduling a check for /github/workspace/mnt/ozone/hadoop-ozone/integration-test/target/test-dir/MiniOzoneClusterImpl-6d8badc9-fe29-45e7-b6a6-4f647f694532/datanode-2/data-0/containers/hdds
2020-06-16 15:32:40,885 [Listener at 127.0.0.1/36375] INFO  volume.HddsVolumeChecker (HddsVolumeChecker.java:checkAllVolumes(200)) - Scheduled health check for volume /github/workspace/mnt/ozone/hadoop-ozone/integration-test/target/test-dir/MiniOzoneClusterImpl-6d8badc9-fe29-45e7-b6a6-4f647f694532/datanode-2/data-0/containers/hdds
2020-06-16 15:32:40,905 [org.apache.hadoop.util.JvmPauseMonitor$Monitor@4e82959b] INFO  util.JvmPauseMonitor (JvmPauseMonitor.java:run(188)) - Starting JVM pause monitor
2020-06-16 15:32:40,912 [Listener at 127.0.0.1/36375] INFO  impl.RaftServerProxy (ConfUtils.java:logGet(44)) - raft.rpc.type = GRPC (default)
2020-06-16 15:32:40,917 [Listener at 127.0.0.1/36375] INFO  grpc.GrpcFactory (GrpcFactory.java:checkPooledByteBufAllocatorUseCacheForAllThreads(45)) - PERFORMANCE WARNING: useCacheForAllThreads is true that may cause Netty to create a lot garbage objects and, as a result, trigger GC.
	It is recommended to disable useCacheForAllThreads by setting -Dorg.apache.ratis.thirdparty.io.netty.allocator.useCacheForAllThreads=false in command line.
2020-06-16 15:32:40,918 [Listener at 127.0.0.1/36375] INFO  grpc.GrpcConfigKeys (ConfUtils.java:logGet(44)) - raft.grpc.server.port = 0 (default)
2020-06-16 15:32:40,918 [Listener at 127.0.0.1/36375] INFO  server.GrpcService (ConfUtils.java:logGet(44)) - raft.grpc.message.size.max = 32MB (=33554432) (custom)
2020-06-16 15:32:40,918 [Listener at 127.0.0.1/36375] INFO  server.RaftServerConfigKeys (ConfUtils.java:logGet(44)) - raft.server.log.appender.buffer.byte-limit = 33554432 (custom)
2020-06-16 15:32:40,918 [Listener at 127.0.0.1/36375] INFO  server.GrpcService (ConfUtils.java:logGet(44)) - raft.grpc.flow.control.window = 5MB (=5242880) (custom)
2020-06-16 15:32:40,918 [Listener at 127.0.0.1/36375] INFO  server.RaftServerConfigKeys (ConfUtils.java:logGet(44)) - raft.server.rpc.request.timeout = 3s (default)
2020-06-16 15:32:40,919 [Listener at 127.0.0.1/36375] INFO  server.RaftServerConfigKeys (ConfUtils.java:logGet(44)) - raft.server.storage.dir = [/github/workspace/mnt/ozone/hadoop-ozone/integration-test/target/test-dir/MiniOzoneClusterImpl-6d8badc9-fe29-45e7-b6a6-4f647f694532/datanode-2/data/ratis] (custom)
2020-06-16 15:32:40,928 [Datanode State Machine Thread - 0] INFO  datanode.InitDatanodeState (InitDatanodeState.java:persistContainerDatanodeDetails(145)) - DatanodeDetails is persisted to /github/workspace/mnt/ozone/hadoop-ozone/integration-test/target/test-dir/MiniOzoneClusterImpl-6d8badc9-fe29-45e7-b6a6-4f647f694532/datanode-1/meta/datanode.id
2020-06-16 15:32:40,930 [Listener at 127.0.0.1/36375] INFO  http.BaseHttpServer (BaseHttpServer.java:newHttpServer2BuilderForOzone(205)) - Starting Web-server for hddsDatanode at: http://0.0.0.0:0
2020-06-16 15:32:40,931 [Listener at 127.0.0.1/36375] INFO  http.BaseHttpServer (BaseHttpServer.java:<init>(106)) - Hadoop Security Enabled: false Ozone Security Enabled: false Ozone HTTP Security Enabled: false 
2020-06-16 15:32:40,932 [Listener at 127.0.0.1/36375] INFO  server.AuthenticationFilter (AuthenticationFilter.java:constructSecretProvider(240)) - Unable to initialize FileSignerSecretProvider, falling back to use random secrets.
2020-06-16 15:32:40,933 [Listener at 127.0.0.1/36375] WARN  http.HttpRequestLog (HttpRequestLog.java:getRequestLog(103)) - Jetty request log can only be enabled using Log4j
2020-06-16 15:32:40,934 [Listener at 127.0.0.1/36375] INFO  http.HttpServer2 (HttpServer2.java:addGlobalFilter(993)) - Added global filter 'safety' (class=org.apache.hadoop.hdds.server.http.HttpServer2$QuotingInputFilter)
2020-06-16 15:32:40,935 [Listener at 127.0.0.1/36375] INFO  http.HttpServer2 (HttpServer2.java:addFilter(969)) - Added filter authentication (class=org.apache.hadoop.security.authentication.server.AuthenticationFilter) to context hddsDatanode
2020-06-16 15:32:40,935 [Listener at 127.0.0.1/36375] INFO  http.HttpServer2 (HttpServer2.java:addFilter(977)) - Added filter authentication (class=org.apache.hadoop.security.authentication.server.AuthenticationFilter) to context static
2020-06-16 15:32:40,935 [Listener at 127.0.0.1/36375] INFO  http.HttpServer2 (HttpServer2.java:addFilter(977)) - Added filter authentication (class=org.apache.hadoop.security.authentication.server.AuthenticationFilter) to context logs
2020-06-16 15:32:40,935 [Listener at 127.0.0.1/36375] INFO  http.HttpServer2 (HttpServer2.java:bindListener(1211)) - Jetty bound to port 45895
2020-06-16 15:32:40,936 [Listener at 127.0.0.1/36375] INFO  server.Server (Server.java:doStart(359)) - jetty-9.4.26.v20200117; built: 2020-01-17T12:35:33.676Z; git: 7b38981d25d14afb4a12ff1f2596756144edf695; jvm 1.8.0_232-b09
2020-06-16 15:32:40,939 [Listener at 127.0.0.1/36375] INFO  server.session (DefaultSessionIdManager.java:doStart(333)) - DefaultSessionIdManager workerName=node0
2020-06-16 15:32:40,939 [Listener at 127.0.0.1/36375] INFO  server.session (DefaultSessionIdManager.java:doStart(338)) - No SessionScavenger set, using defaults
2020-06-16 15:32:40,939 [Listener at 127.0.0.1/36375] INFO  server.session (HouseKeeper.java:startScavenging(140)) - node0 Scavenging every 600000ms
2020-06-16 15:32:40,941 [Listener at 127.0.0.1/36375] INFO  server.AuthenticationFilter (AuthenticationFilter.java:constructSecretProvider(240)) - Unable to initialize FileSignerSecretProvider, falling back to use random secrets.
2020-06-16 15:32:40,941 [Listener at 127.0.0.1/36375] INFO  handler.ContextHandler (ContextHandler.java:doStart(825)) - Started o.e.j.s.ServletContextHandler@68b4e7b5{logs,/logs,file:///github/workspace/mnt/ozone/hadoop-ozone/integration-test/target/log,AVAILABLE}
2020-06-16 15:32:40,942 [Listener at 127.0.0.1/36375] INFO  handler.ContextHandler (ContextHandler.java:doStart(825)) - Started o.e.j.s.ServletContextHandler@5ace902e{static,/static,jar:file:/home/user/.m2/repository/org/apache/hadoop/hadoop-hdds-container-service/0.6.0-SNAPSHOT/hadoop-hdds-container-service-0.6.0-SNAPSHOT.jar!/webapps/static,AVAILABLE}
2020-06-16 15:32:40,961 [Listener at 127.0.0.1/36375] INFO  handler.ContextHandler (ContextHandler.java:doStart(825)) - Started o.e.j.w.WebAppContext@45398bb0{hddsDatanode,/,file:///tmp/jetty-0_0_0_0-45895-hadoop-hdds-container-service-0_6_0-SNAPSHOT_jar-_-any-6117756205217787600.dir/webapp/,AVAILABLE}{jar:file:/home/user/.m2/repository/org/apache/hadoop/hadoop-hdds-container-service/0.6.0-SNAPSHOT/hadoop-hdds-container-service-0.6.0-SNAPSHOT.jar!/webapps/hddsDatanode}
2020-06-16 15:32:40,963 [Listener at 127.0.0.1/36375] INFO  server.AbstractConnector (AbstractConnector.java:doStart(330)) - Started ServerConnector@3c8c5513{HTTP/1.1,[http/1.1]}{0.0.0.0:45895}
2020-06-16 15:32:40,963 [Listener at 127.0.0.1/36375] INFO  server.Server (Server.java:doStart(399)) - Started @5158ms
2020-06-16 15:32:40,964 [Listener at 127.0.0.1/36375] WARN  impl.MetricsSystemImpl (MetricsSystemImpl.java:register(276)) - Sink prometheus already exists!
2020-06-16 15:32:40,970 [Listener at 127.0.0.1/36375] INFO  http.BaseHttpServer (BaseHttpServer.java:updateConnectorAddress(325)) - HTTP server of hddsDatanode listening at http://0.0.0.0:45895
2020-06-16 15:32:40,971 [Listener at 127.0.0.1/36375] INFO  ozone.MiniOzoneClusterImpl (MiniOzoneClusterImpl.java:lambda$waitForClusterToBeReady$0(177)) - Waiting for nodes to be ready. Got 0 of 3 DN Heartbeats.
2020-06-16 15:32:40,971 [Listener at 127.0.0.1/36375] INFO  ozone.MiniOzoneClusterImpl (MiniOzoneClusterImpl.java:lambda$waitForClusterToBeReady$0(180)) - Waiting for cluster to exit safe mode
2020-06-16 15:32:40,986 [org.apache.hadoop.util.JvmPauseMonitor$Monitor@3fd5cc4a] INFO  util.JvmPauseMonitor (JvmPauseMonitor.java:run(188)) - Starting JVM pause monitor
2020-06-16 15:32:40,989 [Datanode State Machine Thread - 0] INFO  datanode.InitDatanodeState (InitDatanodeState.java:persistContainerDatanodeDetails(145)) - DatanodeDetails is persisted to /github/workspace/mnt/ozone/hadoop-ozone/integration-test/target/test-dir/MiniOzoneClusterImpl-6d8badc9-fe29-45e7-b6a6-4f647f694532/datanode-2/meta/datanode.id
2020-06-16 15:32:41,971 [Listener at 127.0.0.1/36375] INFO  ozone.MiniOzoneClusterImpl (MiniOzoneClusterImpl.java:lambda$waitForClusterToBeReady$0(177)) - Waiting for nodes to be ready. Got 0 of 3 DN Heartbeats.
2020-06-16 15:32:41,972 [Listener at 127.0.0.1/36375] INFO  ozone.MiniOzoneClusterImpl (MiniOzoneClusterImpl.java:lambda$waitForClusterToBeReady$0(180)) - Waiting for cluster to exit safe mode
2020-06-16 15:32:42,791 [Datanode State Machine Thread - 0] INFO  ozoneimpl.OzoneContainer (OzoneContainer.java:start(232)) - Attempting to start container services.
2020-06-16 15:32:42,792 [Datanode State Machine Thread - 0] INFO  ozoneimpl.OzoneContainer (OzoneContainer.java:startContainerScrub(196)) - Background container scanner has been disabled.
2020-06-16 15:32:42,792 [Datanode State Machine Thread - 0] INFO  ratis.XceiverServerRatis (XceiverServerRatis.java:start(425)) - Starting XceiverServerRatis 8458e734-765e-4ee8-b4f3-e9f516628ec1 at port 0
2020-06-16 15:32:42,807 [Datanode State Machine Thread - 0] INFO  impl.RaftServerProxy (RaftServerProxy.java:lambda$start$3(304)) - 8458e734-765e-4ee8-b4f3-e9f516628ec1: start RPC server
2020-06-16 15:32:42,865 [Datanode State Machine Thread - 0] INFO  server.GrpcService (GrpcService.java:startImpl(160)) - 8458e734-765e-4ee8-b4f3-e9f516628ec1: GrpcService started, listening on 0.0.0.0/0.0.0.0:38605
2020-06-16 15:32:42,866 [Datanode State Machine Thread - 0] INFO  ratis.XceiverServerRatis (XceiverServerRatis.java:start(437)) - XceiverServerRatis 8458e734-765e-4ee8-b4f3-e9f516628ec1 is started using port 38605
2020-06-16 15:32:42,869 [Datanode State Machine Thread - 0] INFO  server.XceiverServerGrpc (XceiverServerGrpc.java:start(145)) - XceiverServerGrpc 8458e734-765e-4ee8-b4f3-e9f516628ec1 is started using port 42309
2020-06-16 15:32:42,908 [Datanode State Machine Thread - 0] INFO  ozoneimpl.OzoneContainer (OzoneContainer.java:start(232)) - Attempting to start container services.
2020-06-16 15:32:42,910 [Datanode State Machine Thread - 0] INFO  ozoneimpl.OzoneContainer (OzoneContainer.java:startContainerScrub(196)) - Background container scanner has been disabled.
2020-06-16 15:32:42,910 [Datanode State Machine Thread - 0] INFO  ratis.XceiverServerRatis (XceiverServerRatis.java:start(425)) - Starting XceiverServerRatis 741ab520-3362-4783-b5be-19cc72175476 at port 0
2020-06-16 15:32:42,911 [Datanode State Machine Thread - 0] INFO  impl.RaftServerProxy (RaftServerProxy.java:lambda$start$3(304)) - 741ab520-3362-4783-b5be-19cc72175476: start RPC server
2020-06-16 15:32:42,920 [Datanode State Machine Thread - 0] INFO  server.GrpcService (GrpcService.java:startImpl(160)) - 741ab520-3362-4783-b5be-19cc72175476: GrpcService started, listening on 0.0.0.0/0.0.0.0:33805
2020-06-16 15:32:42,920 [Datanode State Machine Thread - 0] INFO  ratis.XceiverServerRatis (XceiverServerRatis.java:start(437)) - XceiverServerRatis 741ab520-3362-4783-b5be-19cc72175476 is started using port 33805
2020-06-16 15:32:42,922 [Datanode State Machine Thread - 0] INFO  server.XceiverServerGrpc (XceiverServerGrpc.java:start(145)) - XceiverServerGrpc 741ab520-3362-4783-b5be-19cc72175476 is started using port 45529
2020-06-16 15:32:42,972 [Listener at 127.0.0.1/36375] INFO  ozone.MiniOzoneClusterImpl (MiniOzoneClusterImpl.java:lambda$waitForClusterToBeReady$0(177)) - Waiting for nodes to be ready. Got 0 of 3 DN Heartbeats.
2020-06-16 15:32:42,972 [Listener at 127.0.0.1/36375] INFO  ozone.MiniOzoneClusterImpl (MiniOzoneClusterImpl.java:lambda$waitForClusterToBeReady$0(180)) - Waiting for cluster to exit safe mode
2020-06-16 15:32:42,989 [Datanode State Machine Thread - 0] INFO  ozoneimpl.OzoneContainer (OzoneContainer.java:start(232)) - Attempting to start container services.
2020-06-16 15:32:42,989 [Datanode State Machine Thread - 0] INFO  ozoneimpl.OzoneContainer (OzoneContainer.java:startContainerScrub(196)) - Background container scanner has been disabled.
2020-06-16 15:32:42,989 [Datanode State Machine Thread - 0] INFO  ratis.XceiverServerRatis (XceiverServerRatis.java:start(425)) - Starting XceiverServerRatis ef9cfcc1-9f7d-43bd-9c02-62b2f479cb11 at port 0
2020-06-16 15:32:42,992 [Datanode State Machine Thread - 0] INFO  impl.RaftServerProxy (RaftServerProxy.java:lambda$start$3(304)) - ef9cfcc1-9f7d-43bd-9c02-62b2f479cb11: start RPC server
2020-06-16 15:32:43,002 [Datanode State Machine Thread - 0] INFO  server.GrpcService (GrpcService.java:startImpl(160)) - ef9cfcc1-9f7d-43bd-9c02-62b2f479cb11: GrpcService started, listening on 0.0.0.0/0.0.0.0:44625
2020-06-16 15:32:43,002 [Datanode State Machine Thread - 0] INFO  ratis.XceiverServerRatis (XceiverServerRatis.java:start(437)) - XceiverServerRatis ef9cfcc1-9f7d-43bd-9c02-62b2f479cb11 is started using port 44625
2020-06-16 15:32:43,003 [Datanode State Machine Thread - 0] INFO  server.XceiverServerGrpc (XceiverServerGrpc.java:start(145)) - XceiverServerGrpc ef9cfcc1-9f7d-43bd-9c02-62b2f479cb11 is started using port 46437
2020-06-16 15:32:43,972 [Listener at 127.0.0.1/36375] INFO  ozone.MiniOzoneClusterImpl (MiniOzoneClusterImpl.java:lambda$waitForClusterToBeReady$0(177)) - Waiting for nodes to be ready. Got 0 of 3 DN Heartbeats.
2020-06-16 15:32:43,973 [Listener at 127.0.0.1/36375] INFO  ozone.MiniOzoneClusterImpl (MiniOzoneClusterImpl.java:lambda$waitForClusterToBeReady$0(180)) - Waiting for cluster to exit safe mode
2020-06-16 15:32:44,749 [IPC Server handler 0 on default port 34095] INFO  net.NetworkTopology (NetworkTopologyImpl.java:add(111)) - Added a new node: /default-rack/8458e734-765e-4ee8-b4f3-e9f516628ec1
2020-06-16 15:32:44,749 [IPC Server handler 0 on default port 34095] INFO  node.SCMNodeManager (SCMNodeManager.java:register(268)) - Registered Data node : 8458e734-765e-4ee8-b4f3-e9f516628ec1{ip: 172.17.0.2, host: e341d3404cbd, networkLocation: /default-rack, certSerialId: null}
2020-06-16 15:32:44,753 [EventQueue-NodeRegistrationContainerReportForDataNodeSafeModeRule] INFO  safemode.SCMSafeModeManager (DataNodeSafeModeRule.java:process(71)) - SCM in safe mode. 1 DataNodes registered, 1 required.
2020-06-16 15:32:44,753 [EventQueue-NodeRegistrationContainerReportForDataNodeSafeModeRule] INFO  safemode.SCMSafeModeManager (SCMSafeModeManager.java:validateSafeModeExitRules(213)) - DataNodeSafeModeRule rule is successfully validated
2020-06-16 15:32:44,753 [EventQueue-NodeRegistrationContainerReportForDataNodeSafeModeRule] INFO  safemode.SCMSafeModeManager (SCMSafeModeManager.java:completePreCheck(241)) - All SCM safe mode pre check rules have passed
2020-06-16 15:32:44,764 [EventQueue-NodeRegistrationContainerReportForContainerSafeModeRule] INFO  safemode.SCMSafeModeManager (SCMSafeModeManager.java:validateSafeModeExitRules(213)) - ContainerSafeModeRule rule is successfully validated
2020-06-16 15:32:44,764 [RatisPipelineUtilsThread] INFO  pipeline.RatisPipelineProvider (RatisPipelineProvider.java:lambda$create$0(138)) - Sending CreatePipelineCommand for pipeline:PipelineID=1b8a1843-ea54-4018-ab2e-bf50e663ee3d to datanode:8458e734-765e-4ee8-b4f3-e9f516628ec1
2020-06-16 15:32:44,776 [RatisPipelineUtilsThread] INFO  pipeline.PipelineStateManager (PipelineStateManager.java:addPipeline(54)) - Created pipeline Pipeline[ Id: 1b8a1843-ea54-4018-ab2e-bf50e663ee3d, Nodes: 8458e734-765e-4ee8-b4f3-e9f516628ec1{ip: 172.17.0.2, host: e341d3404cbd, networkLocation: /default-rack, certSerialId: null}, Type:RATIS, Factor:ONE, State:ALLOCATED, leaderId:, CreationTimestamp2020-06-16T15:32:44.760Z]
2020-06-16 15:32:44,779 [RatisPipelineUtilsThread] ERROR pipeline.SCMPipelineManager (SCMPipelineManager.java:createPipeline(222)) - Failed to create pipeline of type RATIS and factor ONE. Exception: Cannot create pipeline of factor 1 using 0 nodes. Used 1 nodes. Healthy nodes 1
2020-06-16 15:32:44,779 [RatisPipelineUtilsThread] WARN  pipeline.PipelinePlacementPolicy (PipelinePlacementPolicy.java:filterViableNodes(133)) - Pipeline creation failed due to no sufficient healthy datanodes. Required 3. Found 1.
2020-06-16 15:32:44,779 [RatisPipelineUtilsThread] ERROR pipeline.SCMPipelineManager (SCMPipelineManager.java:createPipeline(222)) - Failed to create pipeline of type RATIS and factor THREE. Exception: Pipeline creation failed due to no sufficient healthy datanodes. Required 3. Found 1.
2020-06-16 15:32:44,905 [IPC Server handler 1 on default port 34095] INFO  net.NetworkTopology (NetworkTopologyImpl.java:add(111)) - Added a new node: /default-rack/741ab520-3362-4783-b5be-19cc72175476
2020-06-16 15:32:44,906 [IPC Server handler 1 on default port 34095] INFO  node.SCMNodeManager (SCMNodeManager.java:register(268)) - Registered Data node : 741ab520-3362-4783-b5be-19cc72175476{ip: 172.17.0.2, host: e341d3404cbd, networkLocation: /default-rack, certSerialId: null}
2020-06-16 15:32:44,906 [EventQueue-NodeRegistrationContainerReportForContainerSafeModeRule] INFO  safemode.SCMSafeModeManager (SCMSafeModeManager.java:validateSafeModeExitRules(213)) - ContainerSafeModeRule rule is successfully validated
2020-06-16 15:32:44,906 [EventQueue-NodeRegistrationContainerReportForDataNodeSafeModeRule] INFO  safemode.SCMSafeModeManager (SCMSafeModeManager.java:validateSafeModeExitRules(213)) - DataNodeSafeModeRule rule is successfully validated
2020-06-16 15:32:44,910 [RatisPipelineUtilsThread] INFO  pipeline.RatisPipelineProvider (RatisPipelineProvider.java:lambda$create$0(138)) - Sending CreatePipelineCommand for pipeline:PipelineID=4f1cfea3-8982-468c-9858-4f54355fcb5c to datanode:741ab520-3362-4783-b5be-19cc72175476
2020-06-16 15:32:44,911 [RatisPipelineUtilsThread] INFO  pipeline.PipelineStateManager (PipelineStateManager.java:addPipeline(54)) - Created pipeline Pipeline[ Id: 4f1cfea3-8982-468c-9858-4f54355fcb5c, Nodes: 741ab520-3362-4783-b5be-19cc72175476{ip: 172.17.0.2, host: e341d3404cbd, networkLocation: /default-rack, certSerialId: null}, Type:RATIS, Factor:ONE, State:ALLOCATED, leaderId:, CreationTimestamp2020-06-16T15:32:44.910Z]
2020-06-16 15:32:44,911 [RatisPipelineUtilsThread] ERROR pipeline.SCMPipelineManager (SCMPipelineManager.java:createPipeline(222)) - Failed to create pipeline of type RATIS and factor ONE. Exception: Cannot create pipeline of factor 1 using 0 nodes. Used 2 nodes. Healthy nodes 2
2020-06-16 15:32:44,911 [RatisPipelineUtilsThread] WARN  pipeline.PipelinePlacementPolicy (PipelinePlacementPolicy.java:filterViableNodes(133)) - Pipeline creation failed due to no sufficient healthy datanodes. Required 3. Found 2.
2020-06-16 15:32:44,911 [RatisPipelineUtilsThread] ERROR pipeline.SCMPipelineManager (SCMPipelineManager.java:createPipeline(222)) - Failed to create pipeline of type RATIS and factor THREE. Exception: Pipeline creation failed due to no sufficient healthy datanodes. Required 3. Found 2.
2020-06-16 15:32:44,973 [Listener at 127.0.0.1/36375] INFO  ozone.MiniOzoneClusterImpl (MiniOzoneClusterImpl.java:lambda$waitForClusterToBeReady$0(177)) - Waiting for nodes to be ready. Got 2 of 3 DN Heartbeats.
2020-06-16 15:32:44,973 [Listener at 127.0.0.1/36375] INFO  ozone.MiniOzoneClusterImpl (MiniOzoneClusterImpl.java:lambda$waitForClusterToBeReady$0(180)) - Waiting for cluster to exit safe mode
2020-06-16 15:32:44,988 [IPC Server handler 2 on default port 34095] INFO  net.NetworkTopology (NetworkTopologyImpl.java:add(111)) - Added a new node: /default-rack/ef9cfcc1-9f7d-43bd-9c02-62b2f479cb11
2020-06-16 15:32:44,988 [IPC Server handler 2 on default port 34095] INFO  node.SCMNodeManager (SCMNodeManager.java:register(268)) - Registered Data node : ef9cfcc1-9f7d-43bd-9c02-62b2f479cb11{ip: 172.17.0.2, host: e341d3404cbd, networkLocation: /default-rack, certSerialId: null}
2020-06-16 15:32:44,988 [RatisPipelineUtilsThread] INFO  pipeline.RatisPipelineProvider (RatisPipelineProvider.java:lambda$create$0(138)) - Sending CreatePipelineCommand for pipeline:PipelineID=ea3d3481-fb3d-4edd-979f-570ad61c5c99 to datanode:ef9cfcc1-9f7d-43bd-9c02-62b2f479cb11
2020-06-16 15:32:44,988 [EventQueue-NodeRegistrationContainerReportForContainerSafeModeRule] INFO  safemode.SCMSafeModeManager (SCMSafeModeManager.java:validateSafeModeExitRules(213)) - ContainerSafeModeRule rule is successfully validated
2020-06-16 15:32:44,988 [RatisPipelineUtilsThread] INFO  pipeline.PipelineStateManager (PipelineStateManager.java:addPipeline(54)) - Created pipeline Pipeline[ Id: ea3d3481-fb3d-4edd-979f-570ad61c5c99, Nodes: ef9cfcc1-9f7d-43bd-9c02-62b2f479cb11{ip: 172.17.0.2, host: e341d3404cbd, networkLocation: /default-rack, certSerialId: null}, Type:RATIS, Factor:ONE, State:ALLOCATED, leaderId:, CreationTimestamp2020-06-16T15:32:44.988Z]
2020-06-16 15:32:44,989 [RatisPipelineUtilsThread] ERROR pipeline.SCMPipelineManager (SCMPipelineManager.java:createPipeline(222)) - Failed to create pipeline of type RATIS and factor ONE. Exception: Cannot create pipeline of factor 1 using 0 nodes. Used 3 nodes. Healthy nodes 3
2020-06-16 15:32:44,990 [EventQueue-NodeRegistrationContainerReportForDataNodeSafeModeRule] INFO  safemode.SCMSafeModeManager (SCMSafeModeManager.java:validateSafeModeExitRules(213)) - DataNodeSafeModeRule rule is successfully validated
2020-06-16 15:32:44,994 [RatisPipelineUtilsThread] INFO  pipeline.RatisPipelineProvider (RatisPipelineProvider.java:lambda$create$0(138)) - Sending CreatePipelineCommand for pipeline:PipelineID=da78ed7a-febb-4746-952b-c7b7a9ffaf8e to datanode:ef9cfcc1-9f7d-43bd-9c02-62b2f479cb11
2020-06-16 15:32:44,994 [RatisPipelineUtilsThread] INFO  pipeline.RatisPipelineProvider (RatisPipelineProvider.java:lambda$create$0(138)) - Sending CreatePipelineCommand for pipeline:PipelineID=da78ed7a-febb-4746-952b-c7b7a9ffaf8e to datanode:741ab520-3362-4783-b5be-19cc72175476
2020-06-16 15:32:44,995 [RatisPipelineUtilsThread] INFO  pipeline.RatisPipelineProvider (RatisPipelineProvider.java:lambda$create$0(138)) - Sending CreatePipelineCommand for pipeline:PipelineID=da78ed7a-febb-4746-952b-c7b7a9ffaf8e to datanode:8458e734-765e-4ee8-b4f3-e9f516628ec1
2020-06-16 15:32:44,996 [RatisPipelineUtilsThread] INFO  pipeline.PipelineStateManager (PipelineStateManager.java:addPipeline(54)) - Created pipeline Pipeline[ Id: da78ed7a-febb-4746-952b-c7b7a9ffaf8e, Nodes: ef9cfcc1-9f7d-43bd-9c02-62b2f479cb11{ip: 172.17.0.2, host: e341d3404cbd, networkLocation: /default-rack, certSerialId: null}741ab520-3362-4783-b5be-19cc72175476{ip: 172.17.0.2, host: e341d3404cbd, networkLocation: /default-rack, certSerialId: null}8458e734-765e-4ee8-b4f3-e9f516628ec1{ip: 172.17.0.2, host: e341d3404cbd, networkLocation: /default-rack, certSerialId: null}, Type:RATIS, Factor:THREE, State:ALLOCATED, leaderId:, CreationTimestamp2020-06-16T15:32:44.994Z]
2020-06-16 15:32:44,997 [RatisPipelineUtilsThread] ERROR pipeline.SCMPipelineManager (SCMPipelineManager.java:createPipeline(222)) - Failed to create pipeline of type RATIS and factor THREE. Exception: Pipeline creation failed because nodes are engaged in other pipelines and every node can only be engaged in max 2 pipelines. Required 3. Found 0
2020-06-16 15:32:45,973 [Listener at 127.0.0.1/36375] INFO  ozone.MiniOzoneClusterImpl (MiniOzoneClusterImpl.java:lambda$waitForClusterToBeReady$0(177)) - Nodes are ready. Got 3 of 3 DN Heartbeats.
2020-06-16 15:32:45,974 [Listener at 127.0.0.1/36375] INFO  ozone.MiniOzoneClusterImpl (MiniOzoneClusterImpl.java:lambda$waitForClusterToBeReady$0(180)) - Waiting for cluster to exit safe mode
2020-06-16 15:32:46,974 [Listener at 127.0.0.1/36375] INFO  ozone.MiniOzoneClusterImpl (MiniOzoneClusterImpl.java:lambda$waitForClusterToBeReady$0(177)) - Nodes are ready. Got 3 of 3 DN Heartbeats.
2020-06-16 15:32:46,975 [Listener at 127.0.0.1/36375] INFO  ozone.MiniOzoneClusterImpl (MiniOzoneClusterImpl.java:lambda$waitForClusterToBeReady$0(180)) - Waiting for cluster to exit safe mode
2020-06-16 15:32:47,755 [Command processor thread] INFO  impl.RaftServerProxy (RaftServerProxy.java:addNew(89)) - 8458e734-765e-4ee8-b4f3-e9f516628ec1: addNew group-BF50E663EE3D:[8458e734-765e-4ee8-b4f3-e9f516628ec1:172.17.0.2:38605] returns group-BF50E663EE3D:java.util.concurrent.CompletableFuture@116efaff[Not completed]
2020-06-16 15:32:47,781 [pool-35-thread-1] INFO  impl.RaftServerImpl (RaftServerImpl.java:<init>(99)) - 8458e734-765e-4ee8-b4f3-e9f516628ec1: new RaftServerImpl for group-BF50E663EE3D:[8458e734-765e-4ee8-b4f3-e9f516628ec1:172.17.0.2:38605] with ContainerStateMachine:uninitialized
2020-06-16 15:32:47,782 [pool-35-thread-1] INFO  server.RaftServerConfigKeys (ConfUtils.java:logGet(44)) - raft.server.rpc.timeout.min = 5s (custom)
2020-06-16 15:32:47,783 [pool-35-thread-1] INFO  server.RaftServerConfigKeys (ConfUtils.java:logGet(44)) - raft.server.rpc.timeout.max = 5200ms (custom)
2020-06-16 15:32:47,783 [pool-35-thread-1] INFO  server.RaftServerConfigKeys (ConfUtils.java:logGet(44)) - raft.server.rpcslowness.timeout = 1000s (custom)
2020-06-16 15:32:47,783 [pool-35-thread-1] INFO  server.RaftServerConfigKeys (ConfUtils.java:logGet(44)) - raft.server.sleep.deviation.threshold = 300 (default)
2020-06-16 15:32:47,784 [pool-35-thread-1] INFO  server.RaftServerConfigKeys (ConfUtils.java:logGet(44)) - raft.server.log.appender.install.snapshot.enabled = false (custom)
2020-06-16 15:32:47,791 [pool-35-thread-1] INFO  impl.RaftServerImpl (ServerState.java:<init>(103)) - 8458e734-765e-4ee8-b4f3-e9f516628ec1@group-BF50E663EE3D: ConfigurationManager, init=-1: [8458e734-765e-4ee8-b4f3-e9f516628ec1:172.17.0.2:38605], old=null, confs=<EMPTY_MAP>
2020-06-16 15:32:47,791 [pool-35-thread-1] INFO  server.RaftServerConfigKeys (ConfUtils.java:logGet(44)) - raft.server.storage.dir = [/github/workspace/mnt/ozone/hadoop-ozone/integration-test/target/test-dir/MiniOzoneClusterImpl-6d8badc9-fe29-45e7-b6a6-4f647f694532/datanode-0/data/ratis] (custom)
2020-06-16 15:32:47,795 [pool-35-thread-1] INFO  server.RaftServerConfigKeys (ConfUtils.java:logGet(44)) - raft.server.log.corruption.policy = EXCEPTION (default)
2020-06-16 15:32:47,797 [pool-35-thread-1] INFO  storage.RaftStorageDirectory (RaftStorageDirectory.java:analyzeStorage(261)) - The storage directory /github/workspace/mnt/ozone/hadoop-ozone/integration-test/target/test-dir/MiniOzoneClusterImpl-6d8badc9-fe29-45e7-b6a6-4f647f694532/datanode-0/data/ratis/1b8a1843-ea54-4018-ab2e-bf50e663ee3d does not exist. Creating ...
2020-06-16 15:32:47,801 [pool-35-thread-1] INFO  storage.RaftStorageDirectory (RaftStorageDirectory.java:tryLock(343)) - Lock on /github/workspace/mnt/ozone/hadoop-ozone/integration-test/target/test-dir/MiniOzoneClusterImpl-6d8badc9-fe29-45e7-b6a6-4f647f694532/datanode-0/data/ratis/1b8a1843-ea54-4018-ab2e-bf50e663ee3d/in_use.lock acquired by nodename 35567@e341d3404cbd
2020-06-16 15:32:47,803 [pool-35-thread-1] INFO  storage.RaftStorage (RaftStorage.java:format(84)) - Storage directory /github/workspace/mnt/ozone/hadoop-ozone/integration-test/target/test-dir/MiniOzoneClusterImpl-6d8badc9-fe29-45e7-b6a6-4f647f694532/datanode-0/data/ratis/1b8a1843-ea54-4018-ab2e-bf50e663ee3d has been successfully formatted.
2020-06-16 15:32:47,812 [EventQueue-PipelineReportForPipelineReportHandler] INFO  pipeline.PipelineStateManager (PipelineStateManager.java:openPipeline(131)) - Pipeline Pipeline[ Id: 1b8a1843-ea54-4018-ab2e-bf50e663ee3d, Nodes: 8458e734-765e-4ee8-b4f3-e9f516628ec1{ip: 172.17.0.2, host: e341d3404cbd, networkLocation: /default-rack, certSerialId: null}, Type:RATIS, Factor:ONE, State:ALLOCATED, leaderId:8458e734-765e-4ee8-b4f3-e9f516628ec1, CreationTimestamp2020-06-16T15:32:44.760Z] moved to OPEN state
2020-06-16 15:32:47,813 [pool-35-thread-1] INFO  ratis.ContainerStateMachine (ContainerStateMachine.java:loadSnapshot(226)) - group-BF50E663EE3D: The snapshot info is null. Setting the last applied indexto:(t:0, i:~)
2020-06-16 15:32:47,814 [pool-35-thread-1] INFO  server.RaftServerConfigKeys (ConfUtils.java:logGet(44)) - raft.server.notification.no-leader.timeout = 60s (default)
2020-06-16 15:32:47,816 [pool-35-thread-1] INFO  server.RaftServerConfigKeys (ConfUtils.java:logGet(44)) - raft.server.log.use.memory = false (default)
2020-06-16 15:32:47,820 [pool-35-thread-1] INFO  server.RaftServerConfigKeys (ConfUtils.java:logGet(44)) - raft.server.log.purge.gap = 1000000 (custom)
2020-06-16 15:32:47,820 [pool-35-thread-1] INFO  server.RaftServerConfigKeys (ConfUtils.java:logGet(44)) - raft.server.log.appender.buffer.byte-limit = 33554432 (custom)
2020-06-16 15:32:47,822 [EventQueue-OpenPipelineForOneReplicaPipelineSafeModeRule] INFO  safemode.SCMSafeModeManager (SCMSafeModeManager.java:validateSafeModeExitRules(213)) - AtleastOneDatanodeReportedRule rule is successfully validated
2020-06-16 15:32:47,822 [pool-35-thread-1] INFO  server.RaftServerConfigKeys (ConfUtils.java:logGet(44)) - raft.server.log.segment.size.max = 1048576 (custom)
2020-06-16 15:32:47,825 [pool-35-thread-1] INFO  metrics.RatisMetrics (RatisMetrics.java:lambda$create$0(36)) - Creating Metrics Registry : ratis.log_worker.8458e734-765e-4ee8-b4f3-e9f516628ec1@group-BF50E663EE3D
2020-06-16 15:32:47,825 [EventQueue-OpenPipelineForHealthyPipelineSafeModeRule] INFO  safemode.SCMSafeModeManager (HealthyPipelineSafeModeRule.java:process(132)) - SCM in safe mode. Healthy pipelines reported count is 0, required healthy pipeline reported count is 1
2020-06-16 15:32:47,835 [pool-35-thread-1] INFO  server.RaftServerConfigKeys (ConfUtils.java:logGet(44)) - raft.server.log.segment.cache.num.max = 2 (custom)
2020-06-16 15:32:47,843 [pool-35-thread-1] INFO  segmented.SegmentedRaftLogWorker (SegmentedRaftLogWorker.java:<init>(180)) - new 8458e734-765e-4ee8-b4f3-e9f516628ec1@group-BF50E663EE3D-SegmentedRaftLogWorker for RaftStorage:Storage Directory /github/workspace/mnt/ozone/hadoop-ozone/integration-test/target/test-dir/MiniOzoneClusterImpl-6d8badc9-fe29-45e7-b6a6-4f647f694532/datanode-0/data/ratis/1b8a1843-ea54-4018-ab2e-bf50e663ee3d
2020-06-16 15:32:47,843 [pool-35-thread-1] INFO  server.RaftServerConfigKeys (ConfUtils.java:logGet(44)) - raft.server.log.queue.byte-limit = 2147483647 (custom)
2020-06-16 15:32:47,844 [pool-35-thread-1] INFO  server.RaftServerConfigKeys (ConfUtils.java:logGet(44)) - raft.server.log.queue.element-limit = 1024 (custom)
2020-06-16 15:32:47,844 [pool-35-thread-1] INFO  server.RaftServerConfigKeys (ConfUtils.java:logGet(44)) - raft.server.log.segment.size.max = 1048576 (custom)
2020-06-16 15:32:47,845 [pool-35-thread-1] INFO  server.RaftServerConfigKeys (ConfUtils.java:logGet(44)) - raft.server.log.preallocated.size = 16384 (custom)
2020-06-16 15:32:47,845 [pool-35-thread-1] INFO  server.RaftServerConfigKeys (ConfUtils.java:logGet(44)) - raft.server.log.write.buffer.size = 1048576 (custom)
2020-06-16 15:32:47,846 [pool-35-thread-1] INFO  server.RaftServerConfigKeys (ConfUtils.java:logGet(44)) - raft.server.log.force.sync.num = 128 (default)
2020-06-16 15:32:47,847 [pool-35-thread-1] INFO  server.RaftServerConfigKeys (ConfUtils.java:logGet(44)) - raft.server.log.statemachine.data.sync = true (default)
2020-06-16 15:32:47,847 [pool-35-thread-1] INFO  server.RaftServerConfigKeys (ConfUtils.java:logGet(44)) - raft.server.log.statemachine.data.sync.timeout = 10s (default)
2020-06-16 15:32:47,847 [pool-35-thread-1] INFO  server.RaftServerConfigKeys (ConfUtils.java:logGet(44)) - raft.server.log.statemachine.data.sync.timeout.retry = -1 (default)
2020-06-16 15:32:47,859 [pool-35-thread-1] INFO  server.RaftServerConfigKeys (ConfUtils.java:logGet(44)) - raft.server.log.statemachine.data.caching.enabled = true (custom)
2020-06-16 15:32:47,864 [pool-35-thread-1] INFO  segmented.SegmentedRaftLogWorker (SegmentedRaftLogWorker.java:lambda$new$0(129)) - 8458e734-765e-4ee8-b4f3-e9f516628ec1@group-BF50E663EE3D-SegmentedRaftLogWorker: flushIndex: setUnconditionally 0 -> -1
2020-06-16 15:32:47,864 [pool-35-thread-1] INFO  segmented.SegmentedRaftLogWorker (SegmentedRaftLogWorker.java:lambda$new$0(129)) - 8458e734-765e-4ee8-b4f3-e9f516628ec1@group-BF50E663EE3D-SegmentedRaftLogWorker: safeCacheEvictIndex: setUnconditionally 0 -> -1
2020-06-16 15:32:47,868 [pool-35-thread-1] INFO  server.RaftServerConfigKeys (ConfUtils.java:logGet(44)) - raft.server.snapshot.auto.trigger.enabled = true (custom)
2020-06-16 15:32:47,869 [pool-35-thread-1] INFO  server.RaftServerConfigKeys (ConfUtils.java:logGet(44)) - raft.server.snapshot.auto.trigger.threshold = 10000 (custom)
2020-06-16 15:32:47,869 [pool-35-thread-1] INFO  server.RaftServerConfigKeys (ConfUtils.java:logGet(44)) - raft.server.snapshot.retention.file.num = 5 (custom)
2020-06-16 15:32:47,870 [pool-35-thread-1] INFO  server.RaftServerConfigKeys (ConfUtils.java:logGet(44)) - raft.server.log.purge.upto.snapshot.index = false (default)
2020-06-16 15:32:47,870 [pool-35-thread-1] INFO  server.RaftServerConfigKeys (ConfUtils.java:logGet(44)) - raft.server.retrycache.expirytime = 600000ms (custom)
2020-06-16 15:32:47,891 [pool-35-thread-1] INFO  metrics.RatisMetrics (RatisMetrics.java:lambda$create$0(36)) - Creating Metrics Registry : ratis.leader_election.8458e734-765e-4ee8-b4f3-e9f516628ec1@group-BF50E663EE3D
2020-06-16 15:32:47,895 [pool-35-thread-1] INFO  metrics.RatisMetrics (RatisMetrics.java:lambda$create$0(36)) - Creating Metrics Registry : ratis.server.8458e734-765e-4ee8-b4f3-e9f516628ec1@group-BF50E663EE3D
2020-06-16 15:32:47,899 [pool-35-thread-1] INFO  impl.RaftServerImpl (RaftServerImpl.java:start(186)) - 8458e734-765e-4ee8-b4f3-e9f516628ec1@group-BF50E663EE3D: start as a follower, conf=-1: [8458e734-765e-4ee8-b4f3-e9f516628ec1:172.17.0.2:38605], old=null
2020-06-16 15:32:47,900 [pool-35-thread-1] INFO  impl.RaftServerImpl (RaftServerImpl.java:setRole(175)) - 8458e734-765e-4ee8-b4f3-e9f516628ec1@group-BF50E663EE3D: changes role from      null to FOLLOWER at term 0 for startAsFollower
2020-06-16 15:32:47,901 [pool-35-thread-1] INFO  impl.RoleInfo (RoleInfo.java:updateAndGet(143)) - 8458e734-765e-4ee8-b4f3-e9f516628ec1: start FollowerState
2020-06-16 15:32:47,902 [pool-35-thread-1] INFO  util.JmxRegister (JmxRegister.java:tryRegister(44)) - Successfully registered JMX Bean with object name Ratis:service=RaftServer,group=group-BF50E663EE3D,id=8458e734-765e-4ee8-b4f3-e9f516628ec1
2020-06-16 15:32:47,903 [pool-35-thread-1] INFO  metrics.RatisMetrics (RatisMetrics.java:lambda$create$0(36)) - Creating Metrics Registry : ratis.state_machine.8458e734-765e-4ee8-b4f3-e9f516628ec1@group-BF50E663EE3D
2020-06-16 15:32:47,910 [Command processor thread] INFO  impl.RaftServerProxy (RaftServerProxy.java:addNew(89)) - 741ab520-3362-4783-b5be-19cc72175476: addNew group-4F54355FCB5C:[741ab520-3362-4783-b5be-19cc72175476:172.17.0.2:33805] returns group-4F54355FCB5C:java.util.concurrent.CompletableFuture@18a51a02[Not completed]
2020-06-16 15:32:47,943 [pool-51-thread-1] INFO  impl.RaftServerImpl (RaftServerImpl.java:<init>(99)) - 741ab520-3362-4783-b5be-19cc72175476: new RaftServerImpl for group-4F54355FCB5C:[741ab520-3362-4783-b5be-19cc72175476:172.17.0.2:33805] with ContainerStateMachine:uninitialized
2020-06-16 15:32:47,943 [pool-51-thread-1] INFO  server.RaftServerConfigKeys (ConfUtils.java:logGet(44)) - raft.server.rpc.timeout.min = 5s (custom)
2020-06-16 15:32:47,944 [pool-51-thread-1] INFO  server.RaftServerConfigKeys (ConfUtils.java:logGet(44)) - raft.server.rpc.timeout.max = 5200ms (custom)
2020-06-16 15:32:47,944 [pool-51-thread-1] INFO  server.RaftServerConfigKeys (ConfUtils.java:logGet(44)) - raft.server.rpcslowness.timeout = 1000s (custom)
2020-06-16 15:32:47,944 [pool-51-thread-1] INFO  server.RaftServerConfigKeys (ConfUtils.java:logGet(44)) - raft.server.sleep.deviation.threshold = 300 (default)
2020-06-16 15:32:47,944 [pool-51-thread-1] INFO  server.RaftServerConfigKeys (ConfUtils.java:logGet(44)) - raft.server.log.appender.install.snapshot.enabled = false (custom)
2020-06-16 15:32:47,944 [pool-51-thread-1] INFO  impl.RaftServerImpl (ServerState.java:<init>(103)) - 741ab520-3362-4783-b5be-19cc72175476@group-4F54355FCB5C: ConfigurationManager, init=-1: [741ab520-3362-4783-b5be-19cc72175476:172.17.0.2:33805], old=null, confs=<EMPTY_MAP>
2020-06-16 15:32:47,944 [pool-51-thread-1] INFO  server.RaftServerConfigKeys (ConfUtils.java:logGet(44)) - raft.server.storage.dir = [/github/workspace/mnt/ozone/hadoop-ozone/integration-test/target/test-dir/MiniOzoneClusterImpl-6d8badc9-fe29-45e7-b6a6-4f647f694532/datanode-1/data/ratis] (custom)
2020-06-16 15:32:47,944 [pool-51-thread-1] INFO  server.RaftServerConfigKeys (ConfUtils.java:logGet(44)) - raft.server.log.corruption.policy = EXCEPTION (default)
2020-06-16 15:32:47,944 [pool-51-thread-1] INFO  storage.RaftStorageDirectory (RaftStorageDirectory.java:analyzeStorage(261)) - The storage directory /github/workspace/mnt/ozone/hadoop-ozone/integration-test/target/test-dir/MiniOzoneClusterImpl-6d8badc9-fe29-45e7-b6a6-4f647f694532/datanode-1/data/ratis/4f1cfea3-8982-468c-9858-4f54355fcb5c does not exist. Creating ...
2020-06-16 15:32:47,950 [Command processor thread] INFO  commandhandler.CreatePipelineCommandHandler (CreatePipelineCommandHandler.java:handle(109)) - Created Pipeline RATIS ONE #id: "1b8a1843-ea54-4018-ab2e-bf50e663ee3d"
.
2020-06-16 15:32:47,950 [pool-51-thread-1] INFO  storage.RaftStorageDirectory (RaftStorageDirectory.java:tryLock(343)) - Lock on /github/workspace/mnt/ozone/hadoop-ozone/integration-test/target/test-dir/MiniOzoneClusterImpl-6d8badc9-fe29-45e7-b6a6-4f647f694532/datanode-1/data/ratis/4f1cfea3-8982-468c-9858-4f54355fcb5c/in_use.lock acquired by nodename 35567@e341d3404cbd
2020-06-16 15:32:47,951 [pool-51-thread-1] INFO  storage.RaftStorage (RaftStorage.java:format(84)) - Storage directory /github/workspace/mnt/ozone/hadoop-ozone/integration-test/target/test-dir/MiniOzoneClusterImpl-6d8badc9-fe29-45e7-b6a6-4f647f694532/datanode-1/data/ratis/4f1cfea3-8982-468c-9858-4f54355fcb5c has been successfully formatted.
2020-06-16 15:32:47,952 [Command processor thread] INFO  impl.RaftServerProxy (RaftServerProxy.java:addNew(89)) - 8458e734-765e-4ee8-b4f3-e9f516628ec1: addNew group-C7B7A9FFAF8E:[ef9cfcc1-9f7d-43bd-9c02-62b2f479cb11:172.17.0.2:44625, 8458e734-765e-4ee8-b4f3-e9f516628ec1:172.17.0.2:38605, 741ab520-3362-4783-b5be-19cc72175476:172.17.0.2:33805] returns group-C7B7A9FFAF8E:java.util.concurrent.CompletableFuture@2fb64210[Not completed]
2020-06-16 15:32:47,954 [EventQueue-PipelineReportForPipelineReportHandler] INFO  pipeline.PipelineStateManager (PipelineStateManager.java:openPipeline(131)) - Pipeline Pipeline[ Id: 4f1cfea3-8982-468c-9858-4f54355fcb5c, Nodes: 741ab520-3362-4783-b5be-19cc72175476{ip: 172.17.0.2, host: e341d3404cbd, networkLocation: /default-rack, certSerialId: null}, Type:RATIS, Factor:ONE, State:ALLOCATED, leaderId:741ab520-3362-4783-b5be-19cc72175476, CreationTimestamp2020-06-16T15:32:44.910Z] moved to OPEN state
2020-06-16 15:32:47,954 [EventQueue-OpenPipelineForOneReplicaPipelineSafeModeRule] INFO  safemode.SCMSafeModeManager (SCMSafeModeManager.java:validateSafeModeExitRules(213)) - AtleastOneDatanodeReportedRule rule is successfully validated
2020-06-16 15:32:47,954 [EventQueue-OpenPipelineForHealthyPipelineSafeModeRule] INFO  safemode.SCMSafeModeManager (HealthyPipelineSafeModeRule.java:process(132)) - SCM in safe mode. Healthy pipelines reported count is 0, required healthy pipeline reported count is 1
2020-06-16 15:32:47,952 [pool-51-thread-1] INFO  ratis.ContainerStateMachine (ContainerStateMachine.java:loadSnapshot(226)) - group-4F54355FCB5C: The snapshot info is null. Setting the last applied indexto:(t:0, i:~)
2020-06-16 15:32:47,957 [pool-51-thread-1] INFO  server.RaftServerConfigKeys (ConfUtils.java:logGet(44)) - raft.server.notification.no-leader.timeout = 60s (default)
2020-06-16 15:32:47,957 [pool-51-thread-1] INFO  server.RaftServerConfigKeys (ConfUtils.java:logGet(44)) - raft.server.log.use.memory = false (default)
2020-06-16 15:32:47,957 [pool-51-thread-1] INFO  server.RaftServerConfigKeys (ConfUtils.java:logGet(44)) - raft.server.log.purge.gap = 1000000 (custom)
2020-06-16 15:32:47,957 [pool-51-thread-1] INFO  server.RaftServerConfigKeys (ConfUtils.java:logGet(44)) - raft.server.log.appender.buffer.byte-limit = 33554432 (custom)
2020-06-16 15:32:47,958 [pool-51-thread-1] INFO  server.RaftServerConfigKeys (ConfUtils.java:logGet(44)) - raft.server.log.segment.size.max = 1048576 (custom)
2020-06-16 15:32:47,958 [pool-35-thread-1] INFO  impl.RaftServerImpl (RaftServerImpl.java:<init>(99)) - 8458e734-765e-4ee8-b4f3-e9f516628ec1: new RaftServerImpl for group-C7B7A9FFAF8E:[ef9cfcc1-9f7d-43bd-9c02-62b2f479cb11:172.17.0.2:44625, 8458e734-765e-4ee8-b4f3-e9f516628ec1:172.17.0.2:38605, 741ab520-3362-4783-b5be-19cc72175476:172.17.0.2:33805] with ContainerStateMachine:uninitialized
2020-06-16 15:32:47,958 [pool-35-thread-1] INFO  server.RaftServerConfigKeys (ConfUtils.java:logGet(44)) - raft.server.rpc.timeout.min = 5s (custom)
2020-06-16 15:32:47,958 [pool-35-thread-1] INFO  server.RaftServerConfigKeys (ConfUtils.java:logGet(44)) - raft.server.rpc.timeout.max = 5200ms (custom)
2020-06-16 15:32:47,958 [pool-35-thread-1] INFO  server.RaftServerConfigKeys (ConfUtils.java:logGet(44)) - raft.server.rpcslowness.timeout = 1000s (custom)
2020-06-16 15:32:47,958 [pool-35-thread-1] INFO  server.RaftServerConfigKeys (ConfUtils.java:logGet(44)) - raft.server.sleep.deviation.threshold = 300 (default)
2020-06-16 15:32:47,959 [pool-35-thread-1] INFO  server.RaftServerConfigKeys (ConfUtils.java:logGet(44)) - raft.server.log.appender.install.snapshot.enabled = false (custom)
2020-06-16 15:32:47,959 [pool-35-thread-1] INFO  impl.RaftServerImpl (ServerState.java:<init>(103)) - 8458e734-765e-4ee8-b4f3-e9f516628ec1@group-C7B7A9FFAF8E: ConfigurationManager, init=-1: [ef9cfcc1-9f7d-43bd-9c02-62b2f479cb11:172.17.0.2:44625, 8458e734-765e-4ee8-b4f3-e9f516628ec1:172.17.0.2:38605, 741ab520-3362-4783-b5be-19cc72175476:172.17.0.2:33805], old=null, confs=<EMPTY_MAP>
2020-06-16 15:32:47,959 [pool-35-thread-1] INFO  server.RaftServerConfigKeys (ConfUtils.java:logGet(44)) - raft.server.storage.dir = [/github/workspace/mnt/ozone/hadoop-ozone/integration-test/target/test-dir/MiniOzoneClusterImpl-6d8badc9-fe29-45e7-b6a6-4f647f694532/datanode-0/data/ratis] (custom)
2020-06-16 15:32:47,959 [pool-35-thread-1] INFO  server.RaftServerConfigKeys (ConfUtils.java:logGet(44)) - raft.server.log.corruption.policy = EXCEPTION (default)
2020-06-16 15:32:47,959 [pool-35-thread-1] INFO  storage.RaftStorageDirectory (RaftStorageDirectory.java:analyzeStorage(261)) - The storage directory /github/workspace/mnt/ozone/hadoop-ozone/integration-test/target/test-dir/MiniOzoneClusterImpl-6d8badc9-fe29-45e7-b6a6-4f647f694532/datanode-0/data/ratis/da78ed7a-febb-4746-952b-c7b7a9ffaf8e does not exist. Creating ...
2020-06-16 15:32:47,958 [pool-51-thread-1] INFO  metrics.RatisMetrics (RatisMetrics.java:lambda$create$0(36)) - Creating Metrics Registry : ratis.log_worker.741ab520-3362-4783-b5be-19cc72175476@group-4F54355FCB5C
2020-06-16 15:32:47,961 [pool-51-thread-1] INFO  server.RaftServerConfigKeys (ConfUtils.java:logGet(44)) - raft.server.log.segment.cache.num.max = 2 (custom)
2020-06-16 15:32:47,961 [pool-51-thread-1] INFO  segmented.SegmentedRaftLogWorker (SegmentedRaftLogWorker.java:<init>(180)) - new 741ab520-3362-4783-b5be-19cc72175476@group-4F54355FCB5C-SegmentedRaftLogWorker for RaftStorage:Storage Directory /github/workspace/mnt/ozone/hadoop-ozone/integration-test/target/test-dir/MiniOzoneClusterImpl-6d8badc9-fe29-45e7-b6a6-4f647f694532/datanode-1/data/ratis/4f1cfea3-8982-468c-9858-4f54355fcb5c
2020-06-16 15:32:47,962 [pool-51-thread-1] INFO  server.RaftServerConfigKeys (ConfUtils.java:logGet(44)) - raft.server.log.queue.byte-limit = 2147483647 (custom)
2020-06-16 15:32:47,962 [pool-35-thread-1] INFO  storage.RaftStorageDirectory (RaftStorageDirectory.java:tryLock(343)) - Lock on /github/workspace/mnt/ozone/hadoop-ozone/integration-test/target/test-dir/MiniOzoneClusterImpl-6d8badc9-fe29-45e7-b6a6-4f647f694532/datanode-0/data/ratis/da78ed7a-febb-4746-952b-c7b7a9ffaf8e/in_use.lock acquired by nodename 35567@e341d3404cbd
2020-06-16 15:32:47,963 [pool-51-thread-1] INFO  server.RaftServerConfigKeys (ConfUtils.java:logGet(44)) - raft.server.log.queue.element-limit = 1024 (custom)
2020-06-16 15:32:47,963 [pool-51-thread-1] INFO  server.RaftServerConfigKeys (ConfUtils.java:logGet(44)) - raft.server.log.segment.size.max = 1048576 (custom)
2020-06-16 15:32:47,963 [pool-51-thread-1] INFO  server.RaftServerConfigKeys (ConfUtils.java:logGet(44)) - raft.server.log.preallocated.size = 16384 (custom)
2020-06-16 15:32:47,963 [pool-51-thread-1] INFO  server.RaftServerConfigKeys (ConfUtils.java:logGet(44)) - raft.server.log.write.buffer.size = 1048576 (custom)
2020-06-16 15:32:47,963 [pool-51-thread-1] INFO  server.RaftServerConfigKeys (ConfUtils.java:logGet(44)) - raft.server.log.force.sync.num = 128 (default)
2020-06-16 15:32:47,963 [pool-51-thread-1] INFO  server.RaftServerConfigKeys (ConfUtils.java:logGet(44)) - raft.server.log.statemachine.data.sync = true (default)
2020-06-16 15:32:47,963 [pool-51-thread-1] INFO  server.RaftServerConfigKeys (ConfUtils.java:logGet(44)) - raft.server.log.statemachine.data.sync.timeout = 10s (default)
2020-06-16 15:32:47,963 [pool-51-thread-1] INFO  server.RaftServerConfigKeys (ConfUtils.java:logGet(44)) - raft.server.log.statemachine.data.sync.timeout.retry = -1 (default)
2020-06-16 15:32:47,964 [pool-35-thread-1] INFO  storage.RaftStorage (RaftStorage.java:format(84)) - Storage directory /github/workspace/mnt/ozone/hadoop-ozone/integration-test/target/test-dir/MiniOzoneClusterImpl-6d8badc9-fe29-45e7-b6a6-4f647f694532/datanode-0/data/ratis/da78ed7a-febb-4746-952b-c7b7a9ffaf8e has been successfully formatted.
2020-06-16 15:32:47,965 [pool-51-thread-1] INFO  server.RaftServerConfigKeys (ConfUtils.java:logGet(44)) - raft.server.log.statemachine.data.caching.enabled = true (custom)
2020-06-16 15:32:47,966 [pool-51-thread-1] INFO  segmented.SegmentedRaftLogWorker (SegmentedRaftLogWorker.java:lambda$new$0(129)) - 741ab520-3362-4783-b5be-19cc72175476@group-4F54355FCB5C-SegmentedRaftLogWorker: flushIndex: setUnconditionally 0 -> -1
2020-06-16 15:32:47,967 [pool-51-thread-1] INFO  segmented.SegmentedRaftLogWorker (SegmentedRaftLogWorker.java:lambda$new$0(129)) - 741ab520-3362-4783-b5be-19cc72175476@group-4F54355FCB5C-SegmentedRaftLogWorker: safeCacheEvictIndex: setUnconditionally 0 -> -1
2020-06-16 15:32:47,967 [pool-35-thread-1] INFO  ratis.ContainerStateMachine (ContainerStateMachine.java:loadSnapshot(226)) - group-C7B7A9FFAF8E: The snapshot info is null. Setting the last applied indexto:(t:0, i:~)
2020-06-16 15:32:47,967 [pool-35-thread-1] INFO  server.RaftServerConfigKeys (ConfUtils.java:logGet(44)) - raft.server.notification.no-leader.timeout = 60s (default)
2020-06-16 15:32:47,967 [pool-35-thread-1] INFO  server.RaftServerConfigKeys (ConfUtils.java:logGet(44)) - raft.server.log.use.memory = false (default)
2020-06-16 15:32:47,967 [pool-35-thread-1] INFO  server.RaftServerConfigKeys (ConfUtils.java:logGet(44)) - raft.server.log.purge.gap = 1000000 (custom)
2020-06-16 15:32:47,968 [pool-35-thread-1] INFO  server.RaftServerConfigKeys (ConfUtils.java:logGet(44)) - raft.server.log.appender.buffer.byte-limit = 33554432 (custom)
2020-06-16 15:32:47,968 [pool-35-thread-1] INFO  server.RaftServerConfigKeys (ConfUtils.java:logGet(44)) - raft.server.log.segment.size.max = 1048576 (custom)
2020-06-16 15:32:47,968 [pool-35-thread-1] INFO  metrics.RatisMetrics (RatisMetrics.java:lambda$create$0(36)) - Creating Metrics Registry : ratis.log_worker.8458e734-765e-4ee8-b4f3-e9f516628ec1@group-C7B7A9FFAF8E
2020-06-16 15:32:47,969 [pool-35-thread-1] INFO  server.RaftServerConfigKeys (ConfUtils.java:logGet(44)) - raft.server.log.segment.cache.num.max = 2 (custom)
2020-06-16 15:32:47,969 [pool-35-thread-1] INFO  segmented.SegmentedRaftLogWorker (SegmentedRaftLogWorker.java:<init>(180)) - new 8458e734-765e-4ee8-b4f3-e9f516628ec1@group-C7B7A9FFAF8E-SegmentedRaftLogWorker for RaftStorage:Storage Directory /github/workspace/mnt/ozone/hadoop-ozone/integration-test/target/test-dir/MiniOzoneClusterImpl-6d8badc9-fe29-45e7-b6a6-4f647f694532/datanode-0/data/ratis/da78ed7a-febb-4746-952b-c7b7a9ffaf8e
2020-06-16 15:32:47,970 [pool-35-thread-1] INFO  server.RaftServerConfigKeys (ConfUtils.java:logGet(44)) - raft.server.log.queue.byte-limit = 2147483647 (custom)
2020-06-16 15:32:47,970 [pool-35-thread-1] INFO  server.RaftServerConfigKeys (ConfUtils.java:logGet(44)) - raft.server.log.queue.element-limit = 1024 (custom)
2020-06-16 15:32:47,970 [pool-35-thread-1] INFO  server.RaftServerConfigKeys (ConfUtils.java:logGet(44)) - raft.server.log.segment.size.max = 1048576 (custom)
2020-06-16 15:32:47,972 [pool-35-thread-1] INFO  server.RaftServerConfigKeys (ConfUtils.java:logGet(44)) - raft.server.log.preallocated.size = 16384 (custom)
2020-06-16 15:32:47,972 [pool-35-thread-1] INFO  server.RaftServerConfigKeys (ConfUtils.java:logGet(44)) - raft.server.log.write.buffer.size = 1048576 (custom)
2020-06-16 15:32:47,972 [pool-51-thread-1] INFO  server.RaftServerConfigKeys (ConfUtils.java:logGet(44)) - raft.server.snapshot.auto.trigger.enabled = true (custom)
2020-06-16 15:32:47,972 [pool-35-thread-1] INFO  server.RaftServerConfigKeys (ConfUtils.java:logGet(44)) - raft.server.log.force.sync.num = 128 (default)
2020-06-16 15:32:47,972 [pool-51-thread-1] INFO  server.RaftServerConfigKeys (ConfUtils.java:logGet(44)) - raft.server.snapshot.auto.trigger.threshold = 10000 (custom)
2020-06-16 15:32:47,972 [pool-35-thread-1] INFO  server.RaftServerConfigKeys (ConfUtils.java:logGet(44)) - raft.server.log.statemachine.data.sync = true (default)
2020-06-16 15:32:47,973 [pool-35-thread-1] INFO  server.RaftServerConfigKeys (ConfUtils.java:logGet(44)) - raft.server.log.statemachine.data.sync.timeout = 10s (default)
2020-06-16 15:32:47,973 [pool-35-thread-1] INFO  server.RaftServerConfigKeys (ConfUtils.java:logGet(44)) - raft.server.log.statemachine.data.sync.timeout.retry = -1 (default)
2020-06-16 15:32:47,972 [pool-51-thread-1] INFO  server.RaftServerConfigKeys (ConfUtils.java:logGet(44)) - raft.server.snapshot.retention.file.num = 5 (custom)
2020-06-16 15:32:47,973 [pool-51-thread-1] INFO  server.RaftServerConfigKeys (ConfUtils.java:logGet(44)) - raft.server.log.purge.upto.snapshot.index = false (default)
2020-06-16 15:32:47,973 [pool-51-thread-1] INFO  server.RaftServerConfigKeys (ConfUtils.java:logGet(44)) - raft.server.retrycache.expirytime = 600000ms (custom)
2020-06-16 15:32:47,973 [pool-51-thread-1] INFO  metrics.RatisMetrics (RatisMetrics.java:lambda$create$0(36)) - Creating Metrics Registry : ratis.leader_election.741ab520-3362-4783-b5be-19cc72175476@group-4F54355FCB5C
2020-06-16 15:32:47,974 [pool-51-thread-1] INFO  metrics.RatisMetrics (RatisMetrics.java:lambda$create$0(36)) - Creating Metrics Registry : ratis.server.741ab520-3362-4783-b5be-19cc72175476@group-4F54355FCB5C
2020-06-16 15:32:47,975 [Listener at 127.0.0.1/36375] INFO  ozone.MiniOzoneClusterImpl (MiniOzoneClusterImpl.java:lambda$waitForClusterToBeReady$0(177)) - Nodes are ready. Got 3 of 3 DN Heartbeats.
2020-06-16 15:32:47,975 [Listener at 127.0.0.1/36375] INFO  ozone.MiniOzoneClusterImpl (MiniOzoneClusterImpl.java:lambda$waitForClusterToBeReady$0(180)) - Waiting for cluster to exit safe mode
2020-06-16 15:32:47,975 [pool-51-thread-1] INFO  impl.RaftServerImpl (RaftServerImpl.java:start(186)) - 741ab520-3362-4783-b5be-19cc72175476@group-4F54355FCB5C: start as a follower, conf=-1: [741ab520-3362-4783-b5be-19cc72175476:172.17.0.2:33805], old=null
2020-06-16 15:32:47,976 [pool-51-thread-1] INFO  impl.RaftServerImpl (RaftServerImpl.java:setRole(175)) - 741ab520-3362-4783-b5be-19cc72175476@group-4F54355FCB5C: changes role from      null to FOLLOWER at term 0 for startAsFollower
2020-06-16 15:32:47,976 [pool-51-thread-1] INFO  impl.RoleInfo (RoleInfo.java:updateAndGet(143)) - 741ab520-3362-4783-b5be-19cc72175476: start FollowerState
2020-06-16 15:32:47,986 [pool-35-thread-1] INFO  server.RaftServerConfigKeys (ConfUtils.java:logGet(44)) - raft.server.log.statemachine.data.caching.enabled = true (custom)
2020-06-16 15:32:47,987 [pool-35-thread-1] INFO  segmented.SegmentedRaftLogWorker (SegmentedRaftLogWorker.java:lambda$new$0(129)) - 8458e734-765e-4ee8-b4f3-e9f516628ec1@group-C7B7A9FFAF8E-SegmentedRaftLogWorker: flushIndex: setUnconditionally 0 -> -1
2020-06-16 15:32:47,987 [pool-35-thread-1] INFO  segmented.SegmentedRaftLogWorker (SegmentedRaftLogWorker.java:lambda$new$0(129)) - 8458e734-765e-4ee8-b4f3-e9f516628ec1@group-C7B7A9FFAF8E-SegmentedRaftLogWorker: safeCacheEvictIndex: setUnconditionally 0 -> -1
2020-06-16 15:32:47,978 [pool-51-thread-1] INFO  util.JmxRegister (JmxRegister.java:tryRegister(44)) - Successfully registered JMX Bean with object name Ratis:service=RaftServer,group=group-4F54355FCB5C,id=741ab520-3362-4783-b5be-19cc72175476
2020-06-16 15:32:47,987 [pool-51-thread-1] INFO  metrics.RatisMetrics (RatisMetrics.java:lambda$create$0(36)) - Creating Metrics Registry : ratis.state_machine.741ab520-3362-4783-b5be-19cc72175476@group-4F54355FCB5C
2020-06-16 15:32:47,990 [pool-35-thread-1] INFO  server.RaftServerConfigKeys (ConfUtils.java:logGet(44)) - raft.server.snapshot.auto.trigger.enabled = true (custom)
2020-06-16 15:32:47,990 [pool-35-thread-1] INFO  server.RaftServerConfigKeys (ConfUtils.java:logGet(44)) - raft.server.snapshot.auto.trigger.threshold = 10000 (custom)
2020-06-16 15:32:47,990 [pool-35-thread-1] INFO  server.RaftServerConfigKeys (ConfUtils.java:logGet(44)) - raft.server.snapshot.retention.file.num = 5 (custom)
2020-06-16 15:32:47,990 [pool-35-thread-1] INFO  server.RaftServerConfigKeys (ConfUtils.java:logGet(44)) - raft.server.log.purge.upto.snapshot.index = false (default)
2020-06-16 15:32:47,990 [pool-35-thread-1] INFO  server.RaftServerConfigKeys (ConfUtils.java:logGet(44)) - raft.server.retrycache.expirytime = 600000ms (custom)
2020-06-16 15:32:47,990 [pool-35-thread-1] INFO  metrics.RatisMetrics (RatisMetrics.java:lambda$create$0(36)) - Creating Metrics Registry : ratis.leader_election.8458e734-765e-4ee8-b4f3-e9f516628ec1@group-C7B7A9FFAF8E
2020-06-16 15:32:47,991 [pool-35-thread-1] INFO  metrics.RatisMetrics (RatisMetrics.java:lambda$create$0(36)) - Creating Metrics Registry : ratis.server.8458e734-765e-4ee8-b4f3-e9f516628ec1@group-C7B7A9FFAF8E
2020-06-16 15:32:47,995 [pool-35-thread-1] INFO  impl.RaftServerImpl (RaftServerImpl.java:start(186)) - 8458e734-765e-4ee8-b4f3-e9f516628ec1@group-C7B7A9FFAF8E: start as a follower, conf=-1: [ef9cfcc1-9f7d-43bd-9c02-62b2f479cb11:172.17.0.2:44625, 8458e734-765e-4ee8-b4f3-e9f516628ec1:172.17.0.2:38605, 741ab520-3362-4783-b5be-19cc72175476:172.17.0.2:33805], old=null
2020-06-16 15:32:47,996 [pool-35-thread-1] INFO  impl.RaftServerImpl (RaftServerImpl.java:setRole(175)) - 8458e734-765e-4ee8-b4f3-e9f516628ec1@group-C7B7A9FFAF8E: changes role from      null to FOLLOWER at term 0 for startAsFollower
2020-06-16 15:32:48,002 [pool-35-thread-1] INFO  impl.RoleInfo (RoleInfo.java:updateAndGet(143)) - 8458e734-765e-4ee8-b4f3-e9f516628ec1: start FollowerState
2020-06-16 15:32:48,002 [Command processor thread] INFO  commandhandler.CreatePipelineCommandHandler (CreatePipelineCommandHandler.java:handle(109)) - Created Pipeline RATIS ONE #id: "4f1cfea3-8982-468c-9858-4f54355fcb5c"
.
2020-06-16 15:32:48,007 [pool-35-thread-1] INFO  util.JmxRegister (JmxRegister.java:tryRegister(44)) - Successfully registered JMX Bean with object name Ratis:service=RaftServer,group=group-C7B7A9FFAF8E,id=8458e734-765e-4ee8-b4f3-e9f516628ec1
2020-06-16 15:32:48,007 [pool-35-thread-1] INFO  metrics.RatisMetrics (RatisMetrics.java:lambda$create$0(36)) - Creating Metrics Registry : ratis.state_machine.8458e734-765e-4ee8-b4f3-e9f516628ec1@group-C7B7A9FFAF8E
2020-06-16 15:32:48,010 [Command processor thread] INFO  impl.RaftServerProxy (RaftServerProxy.java:addNew(89)) - ef9cfcc1-9f7d-43bd-9c02-62b2f479cb11: addNew group-570AD61C5C99:[ef9cfcc1-9f7d-43bd-9c02-62b2f479cb11:172.17.0.2:44625] returns group-570AD61C5C99:java.util.concurrent.CompletableFuture@5e0a319b[Not completed]
2020-06-16 15:32:48,015 [pool-67-thread-1] INFO  impl.RaftServerImpl (RaftServerImpl.java:<init>(99)) - ef9cfcc1-9f7d-43bd-9c02-62b2f479cb11: new RaftServerImpl for group-570AD61C5C99:[ef9cfcc1-9f7d-43bd-9c02-62b2f479cb11:172.17.0.2:44625] with ContainerStateMachine:uninitialized
2020-06-16 15:32:48,018 [Command processor thread] INFO  impl.RaftServerProxy (RaftServerProxy.java:addNew(89)) - 741ab520-3362-4783-b5be-19cc72175476: addNew group-C7B7A9FFAF8E:[ef9cfcc1-9f7d-43bd-9c02-62b2f479cb11:172.17.0.2:44625, 8458e734-765e-4ee8-b4f3-e9f516628ec1:172.17.0.2:38605, 741ab520-3362-4783-b5be-19cc72175476:172.17.0.2:33805] returns group-C7B7A9FFAF8E:java.util.concurrent.CompletableFuture@1c9a9dce[Not completed]
2020-06-16 15:32:48,020 [pool-51-thread-1] INFO  impl.RaftServerImpl (RaftServerImpl.java:<init>(99)) - 741ab520-3362-4783-b5be-19cc72175476: new RaftServerImpl for group-C7B7A9FFAF8E:[ef9cfcc1-9f7d-43bd-9c02-62b2f479cb11:172.17.0.2:44625, 8458e734-765e-4ee8-b4f3-e9f516628ec1:172.17.0.2:38605, 741ab520-3362-4783-b5be-19cc72175476:172.17.0.2:33805] with ContainerStateMachine:uninitialized
2020-06-16 15:32:48,020 [pool-51-thread-1] INFO  server.RaftServerConfigKeys (ConfUtils.java:logGet(44)) - raft.server.rpc.timeout.min = 5s (custom)
2020-06-16 15:32:48,020 [pool-51-thread-1] INFO  server.RaftServerConfigKeys (ConfUtils.java:logGet(44)) - raft.server.rpc.timeout.max = 5200ms (custom)
2020-06-16 15:32:48,020 [pool-51-thread-1] INFO  server.RaftServerConfigKeys (ConfUtils.java:logGet(44)) - raft.server.rpcslowness.timeout = 1000s (custom)
2020-06-16 15:32:48,020 [pool-51-thread-1] INFO  server.RaftServerConfigKeys (ConfUtils.java:logGet(44)) - raft.server.sleep.deviation.threshold = 300 (default)
2020-06-16 15:32:48,020 [pool-51-thread-1] INFO  server.RaftServerConfigKeys (ConfUtils.java:logGet(44)) - raft.server.log.appender.install.snapshot.enabled = false (custom)
2020-06-16 15:32:48,020 [pool-51-thread-1] INFO  impl.RaftServerImpl (ServerState.java:<init>(103)) - 741ab520-3362-4783-b5be-19cc72175476@group-C7B7A9FFAF8E: ConfigurationManager, init=-1: [ef9cfcc1-9f7d-43bd-9c02-62b2f479cb11:172.17.0.2:44625, 8458e734-765e-4ee8-b4f3-e9f516628ec1:172.17.0.2:38605, 741ab520-3362-4783-b5be-19cc72175476:172.17.0.2:33805], old=null, confs=<EMPTY_MAP>
2020-06-16 15:32:48,020 [pool-51-thread-1] INFO  server.RaftServerConfigKeys (ConfUtils.java:logGet(44)) - raft.server.storage.dir = [/github/workspace/mnt/ozone/hadoop-ozone/integration-test/target/test-dir/MiniOzoneClusterImpl-6d8badc9-fe29-45e7-b6a6-4f647f694532/datanode-1/data/ratis] (custom)
2020-06-16 15:32:48,020 [pool-51-thread-1] INFO  server.RaftServerConfigKeys (ConfUtils.java:logGet(44)) - raft.server.log.corruption.policy = EXCEPTION (default)
2020-06-16 15:32:48,021 [pool-51-thread-1] INFO  storage.RaftStorageDirectory (RaftStorageDirectory.java:analyzeStorage(261)) - The storage directory /github/workspace/mnt/ozone/hadoop-ozone/integration-test/target/test-dir/MiniOzoneClusterImpl-6d8badc9-fe29-45e7-b6a6-4f647f694532/datanode-1/data/ratis/da78ed7a-febb-4746-952b-c7b7a9ffaf8e does not exist. Creating ...
2020-06-16 15:32:48,022 [pool-51-thread-1] INFO  storage.RaftStorageDirectory (RaftStorageDirectory.java:tryLock(343)) - Lock on /github/workspace/mnt/ozone/hadoop-ozone/integration-test/target/test-dir/MiniOzoneClusterImpl-6d8badc9-fe29-45e7-b6a6-4f647f694532/datanode-1/data/ratis/da78ed7a-febb-4746-952b-c7b7a9ffaf8e/in_use.lock acquired by nodename 35567@e341d3404cbd
2020-06-16 15:32:48,022 [pool-67-thread-1] INFO  server.RaftServerConfigKeys (ConfUtils.java:logGet(44)) - raft.server.rpc.timeout.min = 5s (custom)
2020-06-16 15:32:48,023 [pool-67-thread-1] INFO  server.RaftServerConfigKeys (ConfUtils.java:logGet(44)) - raft.server.rpc.timeout.max = 5200ms (custom)
2020-06-16 15:32:48,023 [pool-67-thread-1] INFO  server.RaftServerConfigKeys (ConfUtils.java:logGet(44)) - raft.server.rpcslowness.timeout = 1000s (custom)
2020-06-16 15:32:48,023 [pool-67-thread-1] INFO  server.RaftServerConfigKeys (ConfUtils.java:logGet(44)) - raft.server.sleep.deviation.threshold = 300 (default)
2020-06-16 15:32:48,023 [pool-67-thread-1] INFO  server.RaftServerConfigKeys (ConfUtils.java:logGet(44)) - raft.server.log.appender.install.snapshot.enabled = false (custom)
2020-06-16 15:32:48,023 [pool-67-thread-1] INFO  impl.RaftServerImpl (ServerState.java:<init>(103)) - ef9cfcc1-9f7d-43bd-9c02-62b2f479cb11@group-570AD61C5C99: ConfigurationManager, init=-1: [ef9cfcc1-9f7d-43bd-9c02-62b2f479cb11:172.17.0.2:44625], old=null, confs=<EMPTY_MAP>
2020-06-16 15:32:48,023 [pool-67-thread-1] INFO  server.RaftServerConfigKeys (ConfUtils.java:logGet(44)) - raft.server.storage.dir = [/github/workspace/mnt/ozone/hadoop-ozone/integration-test/target/test-dir/MiniOzoneClusterImpl-6d8badc9-fe29-45e7-b6a6-4f647f694532/datanode-2/data/ratis] (custom)
2020-06-16 15:32:48,023 [pool-51-thread-1] INFO  storage.RaftStorage (RaftStorage.java:format(84)) - Storage directory /github/workspace/mnt/ozone/hadoop-ozone/integration-test/target/test-dir/MiniOzoneClusterImpl-6d8badc9-fe29-45e7-b6a6-4f647f694532/datanode-1/data/ratis/da78ed7a-febb-4746-952b-c7b7a9ffaf8e has been successfully formatted.
2020-06-16 15:32:48,026 [pool-67-thread-1] INFO  server.RaftServerConfigKeys (ConfUtils.java:logGet(44)) - raft.server.log.corruption.policy = EXCEPTION (default)
2020-06-16 15:32:48,026 [pool-67-thread-1] INFO  storage.RaftStorageDirectory (RaftStorageDirectory.java:analyzeStorage(261)) - The storage directory /github/workspace/mnt/ozone/hadoop-ozone/integration-test/target/test-dir/MiniOzoneClusterImpl-6d8badc9-fe29-45e7-b6a6-4f647f694532/datanode-2/data/ratis/ea3d3481-fb3d-4edd-979f-570ad61c5c99 does not exist. Creating ...
2020-06-16 15:32:48,029 [pool-67-thread-1] INFO  storage.RaftStorageDirectory (RaftStorageDirectory.java:tryLock(343)) - Lock on /github/workspace/mnt/ozone/hadoop-ozone/integration-test/target/test-dir/MiniOzoneClusterImpl-6d8badc9-fe29-45e7-b6a6-4f647f694532/datanode-2/data/ratis/ea3d3481-fb3d-4edd-979f-570ad61c5c99/in_use.lock acquired by nodename 35567@e341d3404cbd
2020-06-16 15:32:48,030 [pool-67-thread-1] INFO  storage.RaftStorage (RaftStorage.java:format(84)) - Storage directory /github/workspace/mnt/ozone/hadoop-ozone/integration-test/target/test-dir/MiniOzoneClusterImpl-6d8badc9-fe29-45e7-b6a6-4f647f694532/datanode-2/data/ratis/ea3d3481-fb3d-4edd-979f-570ad61c5c99 has been successfully formatted.
2020-06-16 15:32:48,040 [pool-51-thread-1] INFO  ratis.ContainerStateMachine (ContainerStateMachine.java:loadSnapshot(226)) - group-C7B7A9FFAF8E: The snapshot info is null. Setting the last applied indexto:(t:0, i:~)
2020-06-16 15:32:48,040 [pool-51-thread-1] INFO  server.RaftServerConfigKeys (ConfUtils.java:logGet(44)) - raft.server.notification.no-leader.timeout = 60s (default)
2020-06-16 15:32:48,040 [pool-51-thread-1] INFO  server.RaftServerConfigKeys (ConfUtils.java:logGet(44)) - raft.server.log.use.memory = false (default)
2020-06-16 15:32:48,040 [pool-51-thread-1] INFO  server.RaftServerConfigKeys (ConfUtils.java:logGet(44)) - raft.server.log.purge.gap = 1000000 (custom)
2020-06-16 15:32:48,040 [pool-51-thread-1] INFO  server.RaftServerConfigKeys (ConfUtils.java:logGet(44)) - raft.server.log.appender.buffer.byte-limit = 33554432 (custom)
2020-06-16 15:32:48,040 [pool-51-thread-1] INFO  server.RaftServerConfigKeys (ConfUtils.java:logGet(44)) - raft.server.log.segment.size.max = 1048576 (custom)
2020-06-16 15:32:48,042 [pool-51-thread-1] INFO  metrics.RatisMetrics (RatisMetrics.java:lambda$create$0(36)) - Creating Metrics Registry : ratis.log_worker.741ab520-3362-4783-b5be-19cc72175476@group-C7B7A9FFAF8E
2020-06-16 15:32:48,042 [pool-51-thread-1] INFO  server.RaftServerConfigKeys (ConfUtils.java:logGet(44)) - raft.server.log.segment.cache.num.max = 2 (custom)
2020-06-16 15:32:48,042 [pool-51-thread-1] INFO  segmented.SegmentedRaftLogWorker (SegmentedRaftLogWorker.java:<init>(180)) - new 741ab520-3362-4783-b5be-19cc72175476@group-C7B7A9FFAF8E-SegmentedRaftLogWorker for RaftStorage:Storage Directory /github/workspace/mnt/ozone/hadoop-ozone/integration-test/target/test-dir/MiniOzoneClusterImpl-6d8badc9-fe29-45e7-b6a6-4f647f694532/datanode-1/data/ratis/da78ed7a-febb-4746-952b-c7b7a9ffaf8e
2020-06-16 15:32:48,042 [pool-51-thread-1] INFO  server.RaftServerConfigKeys (ConfUtils.java:logGet(44)) - raft.server.log.queue.byte-limit = 2147483647 (custom)
2020-06-16 15:32:48,042 [pool-51-thread-1] INFO  server.RaftServerConfigKeys (ConfUtils.java:logGet(44)) - raft.server.log.queue.element-limit = 1024 (custom)
2020-06-16 15:32:48,042 [pool-51-thread-1] INFO  server.RaftServerConfigKeys (ConfUtils.java:logGet(44)) - raft.server.log.segment.size.max = 1048576 (custom)
2020-06-16 15:32:48,042 [pool-51-thread-1] INFO  server.RaftServerConfigKeys (ConfUtils.java:logGet(44)) - raft.server.log.preallocated.size = 16384 (custom)
2020-06-16 15:32:48,042 [pool-51-thread-1] INFO  server.RaftServerConfigKeys (ConfUtils.java:logGet(44)) - raft.server.log.write.buffer.size = 1048576 (custom)
2020-06-16 15:32:48,042 [pool-51-thread-1] INFO  server.RaftServerConfigKeys (ConfUtils.java:logGet(44)) - raft.server.log.force.sync.num = 128 (default)
2020-06-16 15:32:48,042 [pool-51-thread-1] INFO  server.RaftServerConfigKeys (ConfUtils.java:logGet(44)) - raft.server.log.statemachine.data.sync = true (default)
2020-06-16 15:32:48,043 [pool-51-thread-1] INFO  server.RaftServerConfigKeys (ConfUtils.java:logGet(44)) - raft.server.log.statemachine.data.sync.timeout = 10s (default)
2020-06-16 15:32:48,043 [pool-51-thread-1] INFO  server.RaftServerConfigKeys (ConfUtils.java:logGet(44)) - raft.server.log.statemachine.data.sync.timeout.retry = -1 (default)
2020-06-16 15:32:48,044 [pool-51-thread-1] INFO  server.RaftServerConfigKeys (ConfUtils.java:logGet(44)) - raft.server.log.statemachine.data.caching.enabled = true (custom)
2020-06-16 15:32:48,044 [pool-51-thread-1] INFO  segmented.SegmentedRaftLogWorker (SegmentedRaftLogWorker.java:lambda$new$0(129)) - 741ab520-3362-4783-b5be-19cc72175476@group-C7B7A9FFAF8E-SegmentedRaftLogWorker: flushIndex: setUnconditionally 0 -> -1
2020-06-16 15:32:48,044 [pool-51-thread-1] INFO  segmented.SegmentedRaftLogWorker (SegmentedRaftLogWorker.java:lambda$new$0(129)) - 741ab520-3362-4783-b5be-19cc72175476@group-C7B7A9FFAF8E-SegmentedRaftLogWorker: safeCacheEvictIndex: setUnconditionally 0 -> -1
2020-06-16 15:32:48,046 [pool-67-thread-1] INFO  ratis.ContainerStateMachine (ContainerStateMachine.java:loadSnapshot(226)) - group-570AD61C5C99: The snapshot info is null. Setting the last applied indexto:(t:0, i:~)
2020-06-16 15:32:48,046 [pool-67-thread-1] INFO  server.RaftServerConfigKeys (ConfUtils.java:logGet(44)) - raft.server.notification.no-leader.timeout = 60s (default)
2020-06-16 15:32:48,046 [pool-67-thread-1] INFO  server.RaftServerConfigKeys (ConfUtils.java:logGet(44)) - raft.server.log.use.memory = false (default)
2020-06-16 15:32:48,046 [pool-67-thread-1] INFO  server.RaftServerConfigKeys (ConfUtils.java:logGet(44)) - raft.server.log.purge.gap = 1000000 (custom)
2020-06-16 15:32:48,046 [pool-67-thread-1] INFO  server.RaftServerConfigKeys (ConfUtils.java:logGet(44)) - raft.server.log.appender.buffer.byte-limit = 33554432 (custom)
2020-06-16 15:32:48,047 [pool-67-thread-1] INFO  server.RaftServerConfigKeys (ConfUtils.java:logGet(44)) - raft.server.log.segment.size.max = 1048576 (custom)
2020-06-16 15:32:48,047 [pool-67-thread-1] INFO  metrics.RatisMetrics (RatisMetrics.java:lambda$create$0(36)) - Creating Metrics Registry : ratis.log_worker.ef9cfcc1-9f7d-43bd-9c02-62b2f479cb11@group-570AD61C5C99
2020-06-16 15:32:48,047 [pool-67-thread-1] INFO  server.RaftServerConfigKeys (ConfUtils.java:logGet(44)) - raft.server.log.segment.cache.num.max = 2 (custom)
2020-06-16 15:32:48,047 [pool-67-thread-1] INFO  segmented.SegmentedRaftLogWorker (SegmentedRaftLogWorker.java:<init>(180)) - new ef9cfcc1-9f7d-43bd-9c02-62b2f479cb11@group-570AD61C5C99-SegmentedRaftLogWorker for RaftStorage:Storage Directory /github/workspace/mnt/ozone/hadoop-ozone/integration-test/target/test-dir/MiniOzoneClusterImpl-6d8badc9-fe29-45e7-b6a6-4f647f694532/datanode-2/data/ratis/ea3d3481-fb3d-4edd-979f-570ad61c5c99
2020-06-16 15:32:48,047 [pool-67-thread-1] INFO  server.RaftServerConfigKeys (ConfUtils.java:logGet(44)) - raft.server.log.queue.byte-limit = 2147483647 (custom)
2020-06-16 15:32:48,047 [pool-67-thread-1] INFO  server.RaftServerConfigKeys (ConfUtils.java:logGet(44)) - raft.server.log.queue.element-limit = 1024 (custom)
2020-06-16 15:32:48,047 [pool-67-thread-1] INFO  server.RaftServerConfigKeys (ConfUtils.java:logGet(44)) - raft.server.log.segment.size.max = 1048576 (custom)
2020-06-16 15:32:48,047 [pool-67-thread-1] INFO  server.RaftServerConfigKeys (ConfUtils.java:logGet(44)) - raft.server.log.preallocated.size = 16384 (custom)
2020-06-16 15:32:48,047 [pool-67-thread-1] INFO  server.RaftServerConfigKeys (ConfUtils.java:logGet(44)) - raft.server.log.write.buffer.size = 1048576 (custom)
2020-06-16 15:32:48,047 [pool-67-thread-1] INFO  server.RaftServerConfigKeys (ConfUtils.java:logGet(44)) - raft.server.log.force.sync.num = 128 (default)
2020-06-16 15:32:48,047 [pool-67-thread-1] INFO  server.RaftServerConfigKeys (ConfUtils.java:logGet(44)) - raft.server.log.statemachine.data.sync = true (default)
2020-06-16 15:32:48,048 [pool-67-thread-1] INFO  server.RaftServerConfigKeys (ConfUtils.java:logGet(44)) - raft.server.log.statemachine.data.sync.timeout = 10s (default)
2020-06-16 15:32:48,048 [pool-67-thread-1] INFO  server.RaftServerConfigKeys (ConfUtils.java:logGet(44)) - raft.server.log.statemachine.data.sync.timeout.retry = -1 (default)
2020-06-16 15:32:48,046 [EventQueue-PipelineReportForPipelineReportHandler] INFO  pipeline.PipelineStateManager (PipelineStateManager.java:openPipeline(131)) - Pipeline Pipeline[ Id: ea3d3481-fb3d-4edd-979f-570ad61c5c99, Nodes: ef9cfcc1-9f7d-43bd-9c02-62b2f479cb11{ip: 172.17.0.2, host: e341d3404cbd, networkLocation: /default-rack, certSerialId: null}, Type:RATIS, Factor:ONE, State:ALLOCATED, leaderId:ef9cfcc1-9f7d-43bd-9c02-62b2f479cb11, CreationTimestamp2020-06-16T15:32:44.988Z] moved to OPEN state
2020-06-16 15:32:48,048 [EventQueue-OpenPipelineForOneReplicaPipelineSafeModeRule] INFO  safemode.SCMSafeModeManager (SCMSafeModeManager.java:validateSafeModeExitRules(213)) - AtleastOneDatanodeReportedRule rule is successfully validated
2020-06-16 15:32:48,048 [EventQueue-OpenPipelineForHealthyPipelineSafeModeRule] INFO  safemode.SCMSafeModeManager (HealthyPipelineSafeModeRule.java:process(132)) - SCM in safe mode. Healthy pipelines reported count is 0, required healthy pipeline reported count is 1
2020-06-16 15:32:48,048 [pool-51-thread-1] INFO  server.RaftServerConfigKeys (ConfUtils.java:logGet(44)) - raft.server.snapshot.auto.trigger.enabled = true (custom)
2020-06-16 15:32:48,048 [pool-51-thread-1] INFO  server.RaftServerConfigKeys (ConfUtils.java:logGet(44)) - raft.server.snapshot.auto.trigger.threshold = 10000 (custom)
2020-06-16 15:32:48,048 [pool-51-thread-1] INFO  server.RaftServerConfigKeys (ConfUtils.java:logGet(44)) - raft.server.snapshot.retention.file.num = 5 (custom)
2020-06-16 15:32:48,048 [pool-51-thread-1] INFO  server.RaftServerConfigKeys (ConfUtils.java:logGet(44)) - raft.server.log.purge.upto.snapshot.index = false (default)
2020-06-16 15:32:48,049 [pool-51-thread-1] INFO  server.RaftServerConfigKeys (ConfUtils.java:logGet(44)) - raft.server.retrycache.expirytime = 600000ms (custom)
2020-06-16 15:32:48,049 [pool-51-thread-1] INFO  metrics.RatisMetrics (RatisMetrics.java:lambda$create$0(36)) - Creating Metrics Registry : ratis.leader_election.741ab520-3362-4783-b5be-19cc72175476@group-C7B7A9FFAF8E
2020-06-16 15:32:48,050 [pool-67-thread-1] INFO  server.RaftServerConfigKeys (ConfUtils.java:logGet(44)) - raft.server.log.statemachine.data.caching.enabled = true (custom)
2020-06-16 15:32:48,050 [pool-67-thread-1] INFO  segmented.SegmentedRaftLogWorker (SegmentedRaftLogWorker.java:lambda$new$0(129)) - ef9cfcc1-9f7d-43bd-9c02-62b2f479cb11@group-570AD61C5C99-SegmentedRaftLogWorker: flushIndex: setUnconditionally 0 -> -1
2020-06-16 15:32:48,050 [pool-67-thread-1] INFO  segmented.SegmentedRaftLogWorker (SegmentedRaftLogWorker.java:lambda$new$0(129)) - ef9cfcc1-9f7d-43bd-9c02-62b2f479cb11@group-570AD61C5C99-SegmentedRaftLogWorker: safeCacheEvictIndex: setUnconditionally 0 -> -1
2020-06-16 15:32:48,052 [pool-67-thread-1] INFO  server.RaftServerConfigKeys (ConfUtils.java:logGet(44)) - raft.server.snapshot.auto.trigger.enabled = true (custom)
2020-06-16 15:32:48,052 [pool-67-thread-1] INFO  server.RaftServerConfigKeys (ConfUtils.java:logGet(44)) - raft.server.snapshot.auto.trigger.threshold = 10000 (custom)
2020-06-16 15:32:48,052 [pool-67-thread-1] INFO  server.RaftServerConfigKeys (ConfUtils.java:logGet(44)) - raft.server.snapshot.retention.file.num = 5 (custom)
2020-06-16 15:32:48,052 [pool-67-thread-1] INFO  server.RaftServerConfigKeys (ConfUtils.java:logGet(44)) - raft.server.log.purge.upto.snapshot.index = false (default)
2020-06-16 15:32:48,053 [pool-67-thread-1] INFO  server.RaftServerConfigKeys (ConfUtils.java:logGet(44)) - raft.server.retrycache.expirytime = 600000ms (custom)
2020-06-16 15:32:48,053 [pool-67-thread-1] INFO  metrics.RatisMetrics (RatisMetrics.java:lambda$create$0(36)) - Creating Metrics Registry : ratis.leader_election.ef9cfcc1-9f7d-43bd-9c02-62b2f479cb11@group-570AD61C5C99
2020-06-16 15:32:48,053 [pool-67-thread-1] INFO  metrics.RatisMetrics (RatisMetrics.java:lambda$create$0(36)) - Creating Metrics Registry : ratis.server.ef9cfcc1-9f7d-43bd-9c02-62b2f479cb11@group-570AD61C5C99
2020-06-16 15:32:48,061 [pool-67-thread-1] INFO  impl.RaftServerImpl (RaftServerImpl.java:start(186)) - ef9cfcc1-9f7d-43bd-9c02-62b2f479cb11@group-570AD61C5C99: start as a follower, conf=-1: [ef9cfcc1-9f7d-43bd-9c02-62b2f479cb11:172.17.0.2:44625], old=null
2020-06-16 15:32:48,062 [pool-67-thread-1] INFO  impl.RaftServerImpl (RaftServerImpl.java:setRole(175)) - ef9cfcc1-9f7d-43bd-9c02-62b2f479cb11@group-570AD61C5C99: changes role from      null to FOLLOWER at term 0 for startAsFollower
2020-06-16 15:32:48,065 [pool-51-thread-1] INFO  metrics.RatisMetrics (RatisMetrics.java:lambda$create$0(36)) - Creating Metrics Registry : ratis.server.741ab520-3362-4783-b5be-19cc72175476@group-C7B7A9FFAF8E
2020-06-16 15:32:48,071 [pool-51-thread-1] INFO  impl.RaftServerImpl (RaftServerImpl.java:start(186)) - 741ab520-3362-4783-b5be-19cc72175476@group-C7B7A9FFAF8E: start as a follower, conf=-1: [ef9cfcc1-9f7d-43bd-9c02-62b2f479cb11:172.17.0.2:44625, 8458e734-765e-4ee8-b4f3-e9f516628ec1:172.17.0.2:38605, 741ab520-3362-4783-b5be-19cc72175476:172.17.0.2:33805], old=null
2020-06-16 15:32:48,071 [pool-51-thread-1] INFO  impl.RaftServerImpl (RaftServerImpl.java:setRole(175)) - 741ab520-3362-4783-b5be-19cc72175476@group-C7B7A9FFAF8E: changes role from      null to FOLLOWER at term 0 for startAsFollower
2020-06-16 15:32:48,071 [pool-51-thread-1] INFO  impl.RoleInfo (RoleInfo.java:updateAndGet(143)) - 741ab520-3362-4783-b5be-19cc72175476: start FollowerState
2020-06-16 15:32:48,072 [pool-51-thread-1] INFO  util.JmxRegister (JmxRegister.java:tryRegister(44)) - Successfully registered JMX Bean with object name Ratis:service=RaftServer,group=group-C7B7A9FFAF8E,id=741ab520-3362-4783-b5be-19cc72175476
2020-06-16 15:32:48,072 [pool-51-thread-1] INFO  metrics.RatisMetrics (RatisMetrics.java:lambda$create$0(36)) - Creating Metrics Registry : ratis.state_machine.741ab520-3362-4783-b5be-19cc72175476@group-C7B7A9FFAF8E
2020-06-16 15:32:48,078 [pool-67-thread-1] INFO  impl.RoleInfo (RoleInfo.java:updateAndGet(143)) - ef9cfcc1-9f7d-43bd-9c02-62b2f479cb11: start FollowerState
2020-06-16 15:32:48,078 [pool-67-thread-1] INFO  util.JmxRegister (JmxRegister.java:tryRegister(44)) - Successfully registered JMX Bean with object name Ratis:service=RaftServer,group=group-570AD61C5C99,id=ef9cfcc1-9f7d-43bd-9c02-62b2f479cb11
2020-06-16 15:32:48,078 [pool-67-thread-1] INFO  metrics.RatisMetrics (RatisMetrics.java:lambda$create$0(36)) - Creating Metrics Registry : ratis.state_machine.ef9cfcc1-9f7d-43bd-9c02-62b2f479cb11@group-570AD61C5C99
2020-06-16 15:32:48,084 [Command processor thread] INFO  commandhandler.CreatePipelineCommandHandler (CreatePipelineCommandHandler.java:handle(109)) - Created Pipeline RATIS ONE #id: "ea3d3481-fb3d-4edd-979f-570ad61c5c99"
.
2020-06-16 15:32:48,084 [Command processor thread] INFO  impl.RaftServerProxy (RaftServerProxy.java:addNew(89)) - ef9cfcc1-9f7d-43bd-9c02-62b2f479cb11: addNew group-C7B7A9FFAF8E:[ef9cfcc1-9f7d-43bd-9c02-62b2f479cb11:172.17.0.2:44625, 8458e734-765e-4ee8-b4f3-e9f516628ec1:172.17.0.2:38605, 741ab520-3362-4783-b5be-19cc72175476:172.17.0.2:33805] returns group-C7B7A9FFAF8E:java.util.concurrent.CompletableFuture@5a35ae82[Not completed]
2020-06-16 15:32:48,086 [pool-67-thread-1] INFO  impl.RaftServerImpl (RaftServerImpl.java:<init>(99)) - ef9cfcc1-9f7d-43bd-9c02-62b2f479cb11: new RaftServerImpl for group-C7B7A9FFAF8E:[ef9cfcc1-9f7d-43bd-9c02-62b2f479cb11:172.17.0.2:44625, 8458e734-765e-4ee8-b4f3-e9f516628ec1:172.17.0.2:38605, 741ab520-3362-4783-b5be-19cc72175476:172.17.0.2:33805] with ContainerStateMachine:uninitialized
2020-06-16 15:32:48,086 [pool-67-thread-1] INFO  server.RaftServerConfigKeys (ConfUtils.java:logGet(44)) - raft.server.rpc.timeout.min = 5s (custom)
2020-06-16 15:32:48,086 [pool-67-thread-1] INFO  server.RaftServerConfigKeys (ConfUtils.java:logGet(44)) - raft.server.rpc.timeout.max = 5200ms (custom)
2020-06-16 15:32:48,086 [pool-67-thread-1] INFO  server.RaftServerConfigKeys (ConfUtils.java:logGet(44)) - raft.server.rpcslowness.timeout = 1000s (custom)
2020-06-16 15:32:48,086 [pool-67-thread-1] INFO  server.RaftServerConfigKeys (ConfUtils.java:logGet(44)) - raft.server.sleep.deviation.threshold = 300 (default)
2020-06-16 15:32:48,086 [pool-67-thread-1] INFO  server.RaftServerConfigKeys (ConfUtils.java:logGet(44)) - raft.server.log.appender.install.snapshot.enabled = false (custom)
2020-06-16 15:32:48,086 [pool-67-thread-1] INFO  impl.RaftServerImpl (ServerState.java:<init>(103)) - ef9cfcc1-9f7d-43bd-9c02-62b2f479cb11@group-C7B7A9FFAF8E: ConfigurationManager, init=-1: [ef9cfcc1-9f7d-43bd-9c02-62b2f479cb11:172.17.0.2:44625, 8458e734-765e-4ee8-b4f3-e9f516628ec1:172.17.0.2:38605, 741ab520-3362-4783-b5be-19cc72175476:172.17.0.2:33805], old=null, confs=<EMPTY_MAP>
2020-06-16 15:32:48,086 [pool-67-thread-1] INFO  server.RaftServerConfigKeys (ConfUtils.java:logGet(44)) - raft.server.storage.dir = [/github/workspace/mnt/ozone/hadoop-ozone/integration-test/target/test-dir/MiniOzoneClusterImpl-6d8badc9-fe29-45e7-b6a6-4f647f694532/datanode-2/data/ratis] (custom)
2020-06-16 15:32:48,087 [pool-67-thread-1] INFO  server.RaftServerConfigKeys (ConfUtils.java:logGet(44)) - raft.server.log.corruption.policy = EXCEPTION (default)
2020-06-16 15:32:48,087 [pool-67-thread-1] INFO  storage.RaftStorageDirectory (RaftStorageDirectory.java:analyzeStorage(261)) - The storage directory /github/workspace/mnt/ozone/hadoop-ozone/integration-test/target/test-dir/MiniOzoneClusterImpl-6d8badc9-fe29-45e7-b6a6-4f647f694532/datanode-2/data/ratis/da78ed7a-febb-4746-952b-c7b7a9ffaf8e does not exist. Creating ...
2020-06-16 15:32:48,089 [pool-67-thread-1] INFO  storage.RaftStorageDirectory (RaftStorageDirectory.java:tryLock(343)) - Lock on /github/workspace/mnt/ozone/hadoop-ozone/integration-test/target/test-dir/MiniOzoneClusterImpl-6d8badc9-fe29-45e7-b6a6-4f647f694532/datanode-2/data/ratis/da78ed7a-febb-4746-952b-c7b7a9ffaf8e/in_use.lock acquired by nodename 35567@e341d3404cbd
2020-06-16 15:32:48,090 [pool-67-thread-1] INFO  storage.RaftStorage (RaftStorage.java:format(84)) - Storage directory /github/workspace/mnt/ozone/hadoop-ozone/integration-test/target/test-dir/MiniOzoneClusterImpl-6d8badc9-fe29-45e7-b6a6-4f647f694532/datanode-2/data/ratis/da78ed7a-febb-4746-952b-c7b7a9ffaf8e has been successfully formatted.
2020-06-16 15:32:48,090 [pool-67-thread-1] INFO  ratis.ContainerStateMachine (ContainerStateMachine.java:loadSnapshot(226)) - group-C7B7A9FFAF8E: The snapshot info is null. Setting the last applied indexto:(t:0, i:~)
2020-06-16 15:32:48,091 [pool-67-thread-1] INFO  server.RaftServerConfigKeys (ConfUtils.java:logGet(44)) - raft.server.notification.no-leader.timeout = 60s (default)
2020-06-16 15:32:48,091 [pool-67-thread-1] INFO  server.RaftServerConfigKeys (ConfUtils.java:logGet(44)) - raft.server.log.use.memory = false (default)
2020-06-16 15:32:48,091 [pool-67-thread-1] INFO  server.RaftServerConfigKeys (ConfUtils.java:logGet(44)) - raft.server.log.purge.gap = 1000000 (custom)
2020-06-16 15:32:48,091 [pool-67-thread-1] INFO  server.RaftServerConfigKeys (ConfUtils.java:logGet(44)) - raft.server.log.appender.buffer.byte-limit = 33554432 (custom)
2020-06-16 15:32:48,091 [pool-67-thread-1] INFO  server.RaftServerConfigKeys (ConfUtils.java:logGet(44)) - raft.server.log.segment.size.max = 1048576 (custom)
2020-06-16 15:32:48,091 [pool-67-thread-1] INFO  metrics.RatisMetrics (RatisMetrics.java:lambda$create$0(36)) - Creating Metrics Registry : ratis.log_worker.ef9cfcc1-9f7d-43bd-9c02-62b2f479cb11@group-C7B7A9FFAF8E
2020-06-16 15:32:48,091 [pool-67-thread-1] INFO  server.RaftServerConfigKeys (ConfUtils.java:logGet(44)) - raft.server.log.segment.cache.num.max = 2 (custom)
2020-06-16 15:32:48,091 [pool-67-thread-1] INFO  segmented.SegmentedRaftLogWorker (SegmentedRaftLogWorker.java:<init>(180)) - new ef9cfcc1-9f7d-43bd-9c02-62b2f479cb11@group-C7B7A9FFAF8E-SegmentedRaftLogWorker for RaftStorage:Storage Directory /github/workspace/mnt/ozone/hadoop-ozone/integration-test/target/test-dir/MiniOzoneClusterImpl-6d8badc9-fe29-45e7-b6a6-4f647f694532/datanode-2/data/ratis/da78ed7a-febb-4746-952b-c7b7a9ffaf8e
2020-06-16 15:32:48,091 [pool-67-thread-1] INFO  server.RaftServerConfigKeys (ConfUtils.java:logGet(44)) - raft.server.log.queue.byte-limit = 2147483647 (custom)
2020-06-16 15:32:48,091 [pool-67-thread-1] INFO  server.RaftServerConfigKeys (ConfUtils.java:logGet(44)) - raft.server.log.queue.element-limit = 1024 (custom)
2020-06-16 15:32:48,091 [pool-67-thread-1] INFO  server.RaftServerConfigKeys (ConfUtils.java:logGet(44)) - raft.server.log.segment.size.max = 1048576 (custom)
2020-06-16 15:32:48,091 [pool-67-thread-1] INFO  server.RaftServerConfigKeys (ConfUtils.java:logGet(44)) - raft.server.log.preallocated.size = 16384 (custom)
2020-06-16 15:32:48,091 [pool-67-thread-1] INFO  server.RaftServerConfigKeys (ConfUtils.java:logGet(44)) - raft.server.log.write.buffer.size = 1048576 (custom)
2020-06-16 15:32:48,092 [pool-67-thread-1] INFO  server.RaftServerConfigKeys (ConfUtils.java:logGet(44)) - raft.server.log.force.sync.num = 128 (default)
2020-06-16 15:32:48,092 [pool-67-thread-1] INFO  server.RaftServerConfigKeys (ConfUtils.java:logGet(44)) - raft.server.log.statemachine.data.sync = true (default)
2020-06-16 15:32:48,092 [pool-67-thread-1] INFO  server.RaftServerConfigKeys (ConfUtils.java:logGet(44)) - raft.server.log.statemachine.data.sync.timeout = 10s (default)
2020-06-16 15:32:48,092 [pool-67-thread-1] INFO  server.RaftServerConfigKeys (ConfUtils.java:logGet(44)) - raft.server.log.statemachine.data.sync.timeout.retry = -1 (default)
2020-06-16 15:32:48,093 [pool-67-thread-1] INFO  server.RaftServerConfigKeys (ConfUtils.java:logGet(44)) - raft.server.log.statemachine.data.caching.enabled = true (custom)
2020-06-16 15:32:48,093 [pool-67-thread-1] INFO  segmented.SegmentedRaftLogWorker (SegmentedRaftLogWorker.java:lambda$new$0(129)) - ef9cfcc1-9f7d-43bd-9c02-62b2f479cb11@group-C7B7A9FFAF8E-SegmentedRaftLogWorker: flushIndex: setUnconditionally 0 -> -1
2020-06-16 15:32:48,093 [pool-67-thread-1] INFO  segmented.SegmentedRaftLogWorker (SegmentedRaftLogWorker.java:lambda$new$0(129)) - ef9cfcc1-9f7d-43bd-9c02-62b2f479cb11@group-C7B7A9FFAF8E-SegmentedRaftLogWorker: safeCacheEvictIndex: setUnconditionally 0 -> -1
2020-06-16 15:32:48,106 [pool-67-thread-1] INFO  server.RaftServerConfigKeys (ConfUtils.java:logGet(44)) - raft.server.snapshot.auto.trigger.enabled = true (custom)
2020-06-16 15:32:48,107 [pool-67-thread-1] INFO  server.RaftServerConfigKeys (ConfUtils.java:logGet(44)) - raft.server.snapshot.auto.trigger.threshold = 10000 (custom)
2020-06-16 15:32:48,107 [pool-67-thread-1] INFO  server.RaftServerConfigKeys (ConfUtils.java:logGet(44)) - raft.server.snapshot.retention.file.num = 5 (custom)
2020-06-16 15:32:48,107 [pool-67-thread-1] INFO  server.RaftServerConfigKeys (ConfUtils.java:logGet(44)) - raft.server.log.purge.upto.snapshot.index = false (default)
2020-06-16 15:32:48,107 [pool-67-thread-1] INFO  server.RaftServerConfigKeys (ConfUtils.java:logGet(44)) - raft.server.retrycache.expirytime = 600000ms (custom)
2020-06-16 15:32:48,107 [pool-67-thread-1] INFO  metrics.RatisMetrics (RatisMetrics.java:lambda$create$0(36)) - Creating Metrics Registry : ratis.leader_election.ef9cfcc1-9f7d-43bd-9c02-62b2f479cb11@group-C7B7A9FFAF8E
2020-06-16 15:32:48,107 [pool-67-thread-1] INFO  metrics.RatisMetrics (RatisMetrics.java:lambda$create$0(36)) - Creating Metrics Registry : ratis.server.ef9cfcc1-9f7d-43bd-9c02-62b2f479cb11@group-C7B7A9FFAF8E
2020-06-16 15:32:48,108 [pool-67-thread-1] INFO  impl.RaftServerImpl (RaftServerImpl.java:start(186)) - ef9cfcc1-9f7d-43bd-9c02-62b2f479cb11@group-C7B7A9FFAF8E: start as a follower, conf=-1: [ef9cfcc1-9f7d-43bd-9c02-62b2f479cb11:172.17.0.2:44625, 8458e734-765e-4ee8-b4f3-e9f516628ec1:172.17.0.2:38605, 741ab520-3362-4783-b5be-19cc72175476:172.17.0.2:33805], old=null
2020-06-16 15:32:48,108 [pool-67-thread-1] INFO  impl.RaftServerImpl (RaftServerImpl.java:setRole(175)) - ef9cfcc1-9f7d-43bd-9c02-62b2f479cb11@group-C7B7A9FFAF8E: changes role from      null to FOLLOWER at term 0 for startAsFollower
2020-06-16 15:32:48,108 [pool-67-thread-1] INFO  impl.RoleInfo (RoleInfo.java:updateAndGet(143)) - ef9cfcc1-9f7d-43bd-9c02-62b2f479cb11: start FollowerState
2020-06-16 15:32:48,120 [pool-67-thread-1] INFO  util.JmxRegister (JmxRegister.java:tryRegister(44)) - Successfully registered JMX Bean with object name Ratis:service=RaftServer,group=group-C7B7A9FFAF8E,id=ef9cfcc1-9f7d-43bd-9c02-62b2f479cb11
2020-06-16 15:32:48,120 [pool-67-thread-1] INFO  metrics.RatisMetrics (RatisMetrics.java:lambda$create$0(36)) - Creating Metrics Registry : ratis.state_machine.ef9cfcc1-9f7d-43bd-9c02-62b2f479cb11@group-C7B7A9FFAF8E
2020-06-16 15:32:48,745 [Command processor thread] INFO  commandhandler.CreatePipelineCommandHandler (CreatePipelineCommandHandler.java:handle(109)) - Created Pipeline RATIS THREE #id: "da78ed7a-febb-4746-952b-c7b7a9ffaf8e"
.
2020-06-16 15:32:48,779 [Command processor thread] INFO  commandhandler.CreatePipelineCommandHandler (CreatePipelineCommandHandler.java:handle(109)) - Created Pipeline RATIS THREE #id: "da78ed7a-febb-4746-952b-c7b7a9ffaf8e"
.
2020-06-16 15:32:48,780 [Command processor thread] INFO  commandhandler.CreatePipelineCommandHandler (CreatePipelineCommandHandler.java:handle(109)) - Created Pipeline RATIS THREE #id: "da78ed7a-febb-4746-952b-c7b7a9ffaf8e"
.
2020-06-16 15:32:48,975 [Listener at 127.0.0.1/36375] INFO  ozone.MiniOzoneClusterImpl (MiniOzoneClusterImpl.java:lambda$waitForClusterToBeReady$0(177)) - Nodes are ready. Got 3 of 3 DN Heartbeats.
2020-06-16 15:32:48,976 [Listener at 127.0.0.1/36375] INFO  ozone.MiniOzoneClusterImpl (MiniOzoneClusterImpl.java:lambda$waitForClusterToBeReady$0(180)) - Waiting for cluster to exit safe mode
2020-06-16 15:32:49,976 [Listener at 127.0.0.1/36375] INFO  ozone.MiniOzoneClusterImpl (MiniOzoneClusterImpl.java:lambda$waitForClusterToBeReady$0(177)) - Nodes are ready. Got 3 of 3 DN Heartbeats.
2020-06-16 15:32:49,976 [Listener at 127.0.0.1/36375] INFO  ozone.MiniOzoneClusterImpl (MiniOzoneClusterImpl.java:lambda$waitForClusterToBeReady$0(180)) - Waiting for cluster to exit safe mode
2020-06-16 15:32:50,977 [Listener at 127.0.0.1/36375] INFO  ozone.MiniOzoneClusterImpl (MiniOzoneClusterImpl.java:lambda$waitForClusterToBeReady$0(177)) - Nodes are ready. Got 3 of 3 DN Heartbeats.
2020-06-16 15:32:50,977 [Listener at 127.0.0.1/36375] INFO  ozone.MiniOzoneClusterImpl (MiniOzoneClusterImpl.java:lambda$waitForClusterToBeReady$0(180)) - Waiting for cluster to exit safe mode
2020-06-16 15:32:51,977 [Listener at 127.0.0.1/36375] INFO  ozone.MiniOzoneClusterImpl (MiniOzoneClusterImpl.java:lambda$waitForClusterToBeReady$0(177)) - Nodes are ready. Got 3 of 3 DN Heartbeats.
2020-06-16 15:32:51,977 [Listener at 127.0.0.1/36375] INFO  ozone.MiniOzoneClusterImpl (MiniOzoneClusterImpl.java:lambda$waitForClusterToBeReady$0(180)) - Waiting for cluster to exit safe mode
2020-06-16 15:32:52,978 [Listener at 127.0.0.1/36375] INFO  ozone.MiniOzoneClusterImpl (MiniOzoneClusterImpl.java:lambda$waitForClusterToBeReady$0(177)) - Nodes are ready. Got 3 of 3 DN Heartbeats.
2020-06-16 15:32:52,978 [Listener at 127.0.0.1/36375] INFO  ozone.MiniOzoneClusterImpl (MiniOzoneClusterImpl.java:lambda$waitForClusterToBeReady$0(180)) - Waiting for cluster to exit safe mode
2020-06-16 15:32:53,002 [Thread-191] INFO  impl.FollowerState (FollowerState.java:run(108)) - 8458e734-765e-4ee8-b4f3-e9f516628ec1@group-BF50E663EE3D-FollowerState: change to CANDIDATE, lastRpcTime:5101ms, electionTimeout:5097ms
2020-06-16 15:32:53,004 [Thread-191] INFO  impl.RoleInfo (RoleInfo.java:shutdownFollowerState(121)) - 8458e734-765e-4ee8-b4f3-e9f516628ec1: shutdown FollowerState
2020-06-16 15:32:53,004 [Thread-191] INFO  impl.RaftServerImpl (RaftServerImpl.java:setRole(175)) - 8458e734-765e-4ee8-b4f3-e9f516628ec1@group-BF50E663EE3D: changes role from  FOLLOWER to CANDIDATE at term 0 for changeToCandidate
2020-06-16 15:32:53,007 [Thread-191] INFO  impl.RoleInfo (RoleInfo.java:updateAndGet(143)) - 8458e734-765e-4ee8-b4f3-e9f516628ec1: start LeaderElection
2020-06-16 15:32:53,012 [8458e734-765e-4ee8-b4f3-e9f516628ec1@group-BF50E663EE3D-LeaderElection1] INFO  impl.LeaderElection (LeaderElection.java:askForVotes(206)) - 8458e734-765e-4ee8-b4f3-e9f516628ec1@group-BF50E663EE3D-LeaderElection1: begin an election at term 1 for -1: [8458e734-765e-4ee8-b4f3-e9f516628ec1:172.17.0.2:38605], old=null
2020-06-16 15:32:53,013 [8458e734-765e-4ee8-b4f3-e9f516628ec1@group-BF50E663EE3D-LeaderElection1] INFO  impl.RoleInfo (RoleInfo.java:shutdownLeaderElection(134)) - 8458e734-765e-4ee8-b4f3-e9f516628ec1: shutdown LeaderElection
2020-06-16 15:32:53,013 [8458e734-765e-4ee8-b4f3-e9f516628ec1@group-BF50E663EE3D-LeaderElection1] INFO  impl.RaftServerImpl (RaftServerImpl.java:setRole(175)) - 8458e734-765e-4ee8-b4f3-e9f516628ec1@group-BF50E663EE3D: changes role from CANDIDATE to LEADER at term 1 for changeToLeader
2020-06-16 15:32:53,013 [8458e734-765e-4ee8-b4f3-e9f516628ec1@group-BF50E663EE3D-LeaderElection1] INFO  ratis.XceiverServerRatis (XceiverServerRatis.java:handleLeaderChangedNotification(762)) - Leader change notification received for group: group-BF50E663EE3D with new leaderId: 8458e734-765e-4ee8-b4f3-e9f516628ec1
2020-06-16 15:32:53,014 [8458e734-765e-4ee8-b4f3-e9f516628ec1@group-BF50E663EE3D-LeaderElection1] INFO  impl.RaftServerImpl (ServerState.java:setLeader(255)) - 8458e734-765e-4ee8-b4f3-e9f516628ec1@group-BF50E663EE3D: change Leader from null to 8458e734-765e-4ee8-b4f3-e9f516628ec1 at term 1 for becomeLeader, leader elected after 5199ms
2020-06-16 15:32:53,018 [8458e734-765e-4ee8-b4f3-e9f516628ec1@group-BF50E663EE3D-LeaderElection1] INFO  server.RaftServerConfigKeys (ConfUtils.java:logGet(44)) - raft.server.staging.catchup.gap = 1000 (default)
2020-06-16 15:32:53,018 [8458e734-765e-4ee8-b4f3-e9f516628ec1@group-BF50E663EE3D-LeaderElection1] INFO  server.RaftServerConfigKeys (ConfUtils.java:logGet(44)) - raft.server.rpc.sleep.time = 25ms (default)
2020-06-16 15:32:53,020 [8458e734-765e-4ee8-b4f3-e9f516628ec1@group-BF50E663EE3D-LeaderElection1] INFO  metrics.RatisMetrics (RatisMetrics.java:lambda$create$0(36)) - Creating Metrics Registry : ratis.log_appender.8458e734-765e-4ee8-b4f3-e9f516628ec1@group-BF50E663EE3D
2020-06-16 15:32:53,021 [8458e734-765e-4ee8-b4f3-e9f516628ec1@group-BF50E663EE3D-LeaderElection1] INFO  server.RaftServerConfigKeys (ConfUtils.java:logGet(44)) - raft.server.write.element-limit = 1024 (custom)
2020-06-16 15:32:53,022 [8458e734-765e-4ee8-b4f3-e9f516628ec1@group-BF50E663EE3D-LeaderElection1] INFO  server.RaftServerConfigKeys (ConfUtils.java:logGet(44)) - raft.server.write.byte-limit = 1073741824 (custom)
2020-06-16 15:32:53,024 [Thread-194] INFO  impl.FollowerState (FollowerState.java:run(108)) - 741ab520-3362-4783-b5be-19cc72175476@group-4F54355FCB5C-FollowerState: change to CANDIDATE, lastRpcTime:5048ms, electionTimeout:5028ms
2020-06-16 15:32:53,025 [Thread-194] INFO  impl.RoleInfo (RoleInfo.java:shutdownFollowerState(121)) - 741ab520-3362-4783-b5be-19cc72175476: shutdown FollowerState
2020-06-16 15:32:53,025 [Thread-194] INFO  impl.RaftServerImpl (RaftServerImpl.java:setRole(175)) - 741ab520-3362-4783-b5be-19cc72175476@group-4F54355FCB5C: changes role from  FOLLOWER to CANDIDATE at term 0 for changeToCandidate
2020-06-16 15:32:53,025 [Thread-194] INFO  impl.RoleInfo (RoleInfo.java:updateAndGet(143)) - 741ab520-3362-4783-b5be-19cc72175476: start LeaderElection
2020-06-16 15:32:53,028 [8458e734-765e-4ee8-b4f3-e9f516628ec1@group-BF50E663EE3D-LeaderElection1] INFO  server.RaftServerConfigKeys (ConfUtils.java:logGet(44)) - raft.server.watch.timeout = 3s (custom)
2020-06-16 15:32:53,028 [8458e734-765e-4ee8-b4f3-e9f516628ec1@group-BF50E663EE3D-LeaderElection1] INFO  server.RaftServerConfigKeys (ConfUtils.java:logGet(44)) - raft.server.watch.timeout.denomination = 1s (default)
2020-06-16 15:32:53,029 [8458e734-765e-4ee8-b4f3-e9f516628ec1@group-BF50E663EE3D-LeaderElection1] INFO  server.RaftServerConfigKeys (ConfUtils.java:logGet(44)) - raft.server.watch.element-limit = 65536 (default)
2020-06-16 15:32:53,050 [8458e734-765e-4ee8-b4f3-e9f516628ec1@group-BF50E663EE3D-LeaderElection1] INFO  impl.RoleInfo (RoleInfo.java:updateAndGet(143)) - 8458e734-765e-4ee8-b4f3-e9f516628ec1: start LeaderState
2020-06-16 15:32:53,047 [741ab520-3362-4783-b5be-19cc72175476@group-4F54355FCB5C-LeaderElection2] INFO  impl.LeaderElection (LeaderElection.java:askForVotes(206)) - 741ab520-3362-4783-b5be-19cc72175476@group-4F54355FCB5C-LeaderElection2: begin an election at term 1 for -1: [741ab520-3362-4783-b5be-19cc72175476:172.17.0.2:33805], old=null
2020-06-16 15:32:53,050 [741ab520-3362-4783-b5be-19cc72175476@group-4F54355FCB5C-LeaderElection2] INFO  impl.RoleInfo (RoleInfo.java:shutdownLeaderElection(134)) - 741ab520-3362-4783-b5be-19cc72175476: shutdown LeaderElection
2020-06-16 15:32:53,051 [741ab520-3362-4783-b5be-19cc72175476@group-4F54355FCB5C-LeaderElection2] INFO  impl.RaftServerImpl (RaftServerImpl.java:setRole(175)) - 741ab520-3362-4783-b5be-19cc72175476@group-4F54355FCB5C: changes role from CANDIDATE to LEADER at term 1 for changeToLeader
2020-06-16 15:32:53,051 [741ab520-3362-4783-b5be-19cc72175476@group-4F54355FCB5C-LeaderElection2] INFO  ratis.XceiverServerRatis (XceiverServerRatis.java:handleLeaderChangedNotification(762)) - Leader change notification received for group: group-4F54355FCB5C with new leaderId: 741ab520-3362-4783-b5be-19cc72175476
2020-06-16 15:32:53,051 [741ab520-3362-4783-b5be-19cc72175476@group-4F54355FCB5C-LeaderElection2] INFO  impl.RaftServerImpl (ServerState.java:setLeader(255)) - 741ab520-3362-4783-b5be-19cc72175476@group-4F54355FCB5C: change Leader from null to 741ab520-3362-4783-b5be-19cc72175476 at term 1 for becomeLeader, leader elected after 5094ms
2020-06-16 15:32:53,052 [741ab520-3362-4783-b5be-19cc72175476@group-4F54355FCB5C-LeaderElection2] INFO  server.RaftServerConfigKeys (ConfUtils.java:logGet(44)) - raft.server.staging.catchup.gap = 1000 (default)
2020-06-16 15:32:53,052 [741ab520-3362-4783-b5be-19cc72175476@group-4F54355FCB5C-LeaderElection2] INFO  server.RaftServerConfigKeys (ConfUtils.java:logGet(44)) - raft.server.rpc.sleep.time = 25ms (default)
2020-06-16 15:32:53,053 [741ab520-3362-4783-b5be-19cc72175476@group-4F54355FCB5C-LeaderElection2] INFO  metrics.RatisMetrics (RatisMetrics.java:lambda$create$0(36)) - Creating Metrics Registry : ratis.log_appender.741ab520-3362-4783-b5be-19cc72175476@group-4F54355FCB5C
2020-06-16 15:32:53,053 [741ab520-3362-4783-b5be-19cc72175476@group-4F54355FCB5C-LeaderElection2] INFO  server.RaftServerConfigKeys (ConfUtils.java:logGet(44)) - raft.server.write.element-limit = 1024 (custom)
2020-06-16 15:32:53,053 [741ab520-3362-4783-b5be-19cc72175476@group-4F54355FCB5C-LeaderElection2] INFO  server.RaftServerConfigKeys (ConfUtils.java:logGet(44)) - raft.server.write.byte-limit = 1073741824 (custom)
2020-06-16 15:32:53,053 [741ab520-3362-4783-b5be-19cc72175476@group-4F54355FCB5C-LeaderElection2] INFO  server.RaftServerConfigKeys (ConfUtils.java:logGet(44)) - raft.server.watch.timeout = 3s (custom)
2020-06-16 15:32:53,054 [741ab520-3362-4783-b5be-19cc72175476@group-4F54355FCB5C-LeaderElection2] INFO  server.RaftServerConfigKeys (ConfUtils.java:logGet(44)) - raft.server.watch.timeout.denomination = 1s (default)
2020-06-16 15:32:53,054 [741ab520-3362-4783-b5be-19cc72175476@group-4F54355FCB5C-LeaderElection2] INFO  server.RaftServerConfigKeys (ConfUtils.java:logGet(44)) - raft.server.watch.element-limit = 65536 (default)
2020-06-16 15:32:53,055 [741ab520-3362-4783-b5be-19cc72175476@group-4F54355FCB5C-LeaderElection2] INFO  impl.RoleInfo (RoleInfo.java:updateAndGet(143)) - 741ab520-3362-4783-b5be-19cc72175476: start LeaderState
2020-06-16 15:32:53,068 [8458e734-765e-4ee8-b4f3-e9f516628ec1@group-BF50E663EE3D-LeaderElection1] INFO  segmented.SegmentedRaftLogWorker (SegmentedRaftLogWorker.java:startLogSegment(397)) - 8458e734-765e-4ee8-b4f3-e9f516628ec1@group-BF50E663EE3D-SegmentedRaftLogWorker: Starting segment from index:0
2020-06-16 15:32:53,068 [741ab520-3362-4783-b5be-19cc72175476@group-4F54355FCB5C-LeaderElection2] INFO  segmented.SegmentedRaftLogWorker (SegmentedRaftLogWorker.java:startLogSegment(397)) - 741ab520-3362-4783-b5be-19cc72175476@group-4F54355FCB5C-SegmentedRaftLogWorker: Starting segment from index:0
2020-06-16 15:32:53,084 [Thread-196] INFO  impl.FollowerState (FollowerState.java:run(108)) - 8458e734-765e-4ee8-b4f3-e9f516628ec1@group-C7B7A9FFAF8E-FollowerState: change to CANDIDATE, lastRpcTime:5082ms, electionTimeout:5062ms
2020-06-16 15:32:53,084 [Thread-196] INFO  impl.RoleInfo (RoleInfo.java:shutdownFollowerState(121)) - 8458e734-765e-4ee8-b4f3-e9f516628ec1: shutdown FollowerState
2020-06-16 15:32:53,084 [Thread-196] INFO  impl.RaftServerImpl (RaftServerImpl.java:setRole(175)) - 8458e734-765e-4ee8-b4f3-e9f516628ec1@group-C7B7A9FFAF8E: changes role from  FOLLOWER to CANDIDATE at term 0 for changeToCandidate
2020-06-16 15:32:53,084 [Thread-196] INFO  impl.RoleInfo (RoleInfo.java:updateAndGet(143)) - 8458e734-765e-4ee8-b4f3-e9f516628ec1: start LeaderElection
2020-06-16 15:32:53,096 [741ab520-3362-4783-b5be-19cc72175476@group-4F54355FCB5C-LeaderElection2] INFO  impl.RaftServerImpl (ServerState.java:setRaftConf(356)) - 741ab520-3362-4783-b5be-19cc72175476@group-4F54355FCB5C: set configuration 0: [741ab520-3362-4783-b5be-19cc72175476:172.17.0.2:33805], old=null at 0
2020-06-16 15:32:53,100 [8458e734-765e-4ee8-b4f3-e9f516628ec1@group-C7B7A9FFAF8E-LeaderElection3] INFO  impl.LeaderElection (LeaderElection.java:askForVotes(206)) - 8458e734-765e-4ee8-b4f3-e9f516628ec1@group-C7B7A9FFAF8E-LeaderElection3: begin an election at term 1 for -1: [ef9cfcc1-9f7d-43bd-9c02-62b2f479cb11:172.17.0.2:44625, 8458e734-765e-4ee8-b4f3-e9f516628ec1:172.17.0.2:38605, 741ab520-3362-4783-b5be-19cc72175476:172.17.0.2:33805], old=null
2020-06-16 15:32:53,106 [8458e734-765e-4ee8-b4f3-e9f516628ec1@group-BF50E663EE3D-LeaderElection1] INFO  impl.RaftServerImpl (ServerState.java:setRaftConf(356)) - 8458e734-765e-4ee8-b4f3-e9f516628ec1@group-BF50E663EE3D: set configuration 0: [8458e734-765e-4ee8-b4f3-e9f516628ec1:172.17.0.2:38605], old=null at 0
2020-06-16 15:32:53,141 [grpc-default-executor-2] INFO  impl.RaftServerImpl (RaftServerImpl.java:setRole(175)) - ef9cfcc1-9f7d-43bd-9c02-62b2f479cb11@group-C7B7A9FFAF8E: changes role from  FOLLOWER to FOLLOWER at term 1 for recognizeCandidate:8458e734-765e-4ee8-b4f3-e9f516628ec1
2020-06-16 15:32:53,141 [grpc-default-executor-2] INFO  impl.RoleInfo (RoleInfo.java:shutdownFollowerState(121)) - ef9cfcc1-9f7d-43bd-9c02-62b2f479cb11: shutdown FollowerState
2020-06-16 15:32:53,141 [grpc-default-executor-2] INFO  impl.RoleInfo (RoleInfo.java:updateAndGet(143)) - ef9cfcc1-9f7d-43bd-9c02-62b2f479cb11: start FollowerState
2020-06-16 15:32:53,141 [Thread-203] INFO  impl.FollowerState (FollowerState.java:run(117)) - ef9cfcc1-9f7d-43bd-9c02-62b2f479cb11@group-C7B7A9FFAF8E-FollowerState was interrupted: java.lang.InterruptedException: sleep interrupted
2020-06-16 15:32:53,150 [Thread-200] INFO  impl.FollowerState (FollowerState.java:run(108)) - 741ab520-3362-4783-b5be-19cc72175476@group-C7B7A9FFAF8E-FollowerState: change to CANDIDATE, lastRpcTime:5079ms, electionTimeout:5064ms
2020-06-16 15:32:53,151 [Thread-200] INFO  impl.RoleInfo (RoleInfo.java:shutdownFollowerState(121)) - 741ab520-3362-4783-b5be-19cc72175476: shutdown FollowerState
2020-06-16 15:32:53,151 [Thread-200] INFO  impl.RaftServerImpl (RaftServerImpl.java:setRole(175)) - 741ab520-3362-4783-b5be-19cc72175476@group-C7B7A9FFAF8E: changes role from  FOLLOWER to CANDIDATE at term 0 for changeToCandidate
2020-06-16 15:32:53,151 [Thread-200] INFO  impl.RoleInfo (RoleInfo.java:updateAndGet(143)) - 741ab520-3362-4783-b5be-19cc72175476: start LeaderElection
2020-06-16 15:32:53,154 [grpc-default-executor-0] INFO  impl.RaftServerImpl (RaftServerImpl.java:setRole(175)) - 741ab520-3362-4783-b5be-19cc72175476@group-C7B7A9FFAF8E: changes role from CANDIDATE to FOLLOWER at term 1 for recognizeCandidate:8458e734-765e-4ee8-b4f3-e9f516628ec1
2020-06-16 15:32:53,154 [grpc-default-executor-0] INFO  impl.RoleInfo (RoleInfo.java:shutdownLeaderElection(134)) - 741ab520-3362-4783-b5be-19cc72175476: shutdown LeaderElection
2020-06-16 15:32:53,155 [grpc-default-executor-0] INFO  impl.RoleInfo (RoleInfo.java:updateAndGet(143)) - 741ab520-3362-4783-b5be-19cc72175476: start FollowerState
2020-06-16 15:32:53,157 [Thread-201] INFO  impl.FollowerState (FollowerState.java:run(108)) - ef9cfcc1-9f7d-43bd-9c02-62b2f479cb11@group-570AD61C5C99-FollowerState: change to CANDIDATE, lastRpcTime:5079ms, electionTimeout:5067ms
2020-06-16 15:32:53,157 [Thread-201] INFO  impl.RoleInfo (RoleInfo.java:shutdownFollowerState(121)) - ef9cfcc1-9f7d-43bd-9c02-62b2f479cb11: shutdown FollowerState
2020-06-16 15:32:53,157 [Thread-201] INFO  impl.RaftServerImpl (RaftServerImpl.java:setRole(175)) - ef9cfcc1-9f7d-43bd-9c02-62b2f479cb11@group-570AD61C5C99: changes role from  FOLLOWER to CANDIDATE at term 0 for changeToCandidate
2020-06-16 15:32:53,166 [Thread-201] INFO  impl.RoleInfo (RoleInfo.java:updateAndGet(143)) - ef9cfcc1-9f7d-43bd-9c02-62b2f479cb11: start LeaderElection
2020-06-16 15:32:53,171 [741ab520-3362-4783-b5be-19cc72175476@group-C7B7A9FFAF8E-LeaderElection4] INFO  impl.LeaderElection (LeaderElection.java:askForVotes(206)) - 741ab520-3362-4783-b5be-19cc72175476@group-C7B7A9FFAF8E-LeaderElection4: begin an election at term 2 for -1: [ef9cfcc1-9f7d-43bd-9c02-62b2f479cb11:172.17.0.2:44625, 8458e734-765e-4ee8-b4f3-e9f516628ec1:172.17.0.2:38605, 741ab520-3362-4783-b5be-19cc72175476:172.17.0.2:33805], old=null
2020-06-16 15:32:53,172 [8458e734-765e-4ee8-b4f3-e9f516628ec1@group-C7B7A9FFAF8E-LeaderElection3] INFO  impl.LeaderElection (LeaderElection.java:logAndReturn(61)) - 8458e734-765e-4ee8-b4f3-e9f516628ec1@group-C7B7A9FFAF8E-LeaderElection3: Election PASSED; received 1 response(s) [8458e734-765e-4ee8-b4f3-e9f516628ec1<-ef9cfcc1-9f7d-43bd-9c02-62b2f479cb11#0:OK-t1] and 0 exception(s); 8458e734-765e-4ee8-b4f3-e9f516628ec1@group-C7B7A9FFAF8E:t1, leader=null, voted=8458e734-765e-4ee8-b4f3-e9f516628ec1, raftlog=8458e734-765e-4ee8-b4f3-e9f516628ec1@group-C7B7A9FFAF8E-SegmentedRaftLog:OPENED:c-1,f-1,i0, conf=-1: [ef9cfcc1-9f7d-43bd-9c02-62b2f479cb11:172.17.0.2:44625, 8458e734-765e-4ee8-b4f3-e9f516628ec1:172.17.0.2:38605, 741ab520-3362-4783-b5be-19cc72175476:172.17.0.2:33805], old=null
2020-06-16 15:32:53,185 [8458e734-765e-4ee8-b4f3-e9f516628ec1@group-C7B7A9FFAF8E-LeaderElection3] INFO  impl.RoleInfo (RoleInfo.java:shutdownLeaderElection(134)) - 8458e734-765e-4ee8-b4f3-e9f516628ec1: shutdown LeaderElection
2020-06-16 15:32:53,187 [741ab520-3362-4783-b5be-19cc72175476@group-C7B7A9FFAF8E-LeaderElection4] INFO  impl.LeaderElection (LeaderElection.java:logAndReturn(61)) - 741ab520-3362-4783-b5be-19cc72175476@group-C7B7A9FFAF8E-LeaderElection4: Election REJECTED; received 0 response(s) [] and 0 exception(s); 741ab520-3362-4783-b5be-19cc72175476@group-C7B7A9FFAF8E:t2, leader=null, voted=741ab520-3362-4783-b5be-19cc72175476, raftlog=741ab520-3362-4783-b5be-19cc72175476@group-C7B7A9FFAF8E-SegmentedRaftLog:OPENED:c-1,f-1,i0, conf=-1: [ef9cfcc1-9f7d-43bd-9c02-62b2f479cb11:172.17.0.2:44625, 8458e734-765e-4ee8-b4f3-e9f516628ec1:172.17.0.2:38605, 741ab520-3362-4783-b5be-19cc72175476:172.17.0.2:33805], old=null
2020-06-16 15:32:53,188 [8458e734-765e-4ee8-b4f3-e9f516628ec1@group-C7B7A9FFAF8E-LeaderElection3] INFO  impl.RaftServerImpl (RaftServerImpl.java:setRole(175)) - 8458e734-765e-4ee8-b4f3-e9f516628ec1@group-C7B7A9FFAF8E: changes role from CANDIDATE to LEADER at term 1 for changeToLeader
2020-06-16 15:32:53,188 [8458e734-765e-4ee8-b4f3-e9f516628ec1@group-C7B7A9FFAF8E-LeaderElection3] INFO  ratis.XceiverServerRatis (XceiverServerRatis.java:handleLeaderChangedNotification(762)) - Leader change notification received for group: group-C7B7A9FFAF8E with new leaderId: 8458e734-765e-4ee8-b4f3-e9f516628ec1
2020-06-16 15:32:53,188 [8458e734-765e-4ee8-b4f3-e9f516628ec1@group-C7B7A9FFAF8E-LeaderElection3] INFO  impl.RaftServerImpl (ServerState.java:setLeader(255)) - 8458e734-765e-4ee8-b4f3-e9f516628ec1@group-C7B7A9FFAF8E: change Leader from null to 8458e734-765e-4ee8-b4f3-e9f516628ec1 at term 1 for becomeLeader, leader elected after 5221ms
2020-06-16 15:32:53,189 [8458e734-765e-4ee8-b4f3-e9f516628ec1@group-C7B7A9FFAF8E-LeaderElection3] INFO  server.RaftServerConfigKeys (ConfUtils.java:logGet(44)) - raft.server.staging.catchup.gap = 1000 (default)
2020-06-16 15:32:53,189 [8458e734-765e-4ee8-b4f3-e9f516628ec1@group-C7B7A9FFAF8E-LeaderElection3] INFO  server.RaftServerConfigKeys (ConfUtils.java:logGet(44)) - raft.server.rpc.sleep.time = 25ms (default)
2020-06-16 15:32:53,189 [8458e734-765e-4ee8-b4f3-e9f516628ec1@group-C7B7A9FFAF8E-LeaderElection3] INFO  metrics.RatisMetrics (RatisMetrics.java:lambda$create$0(36)) - Creating Metrics Registry : ratis.log_appender.8458e734-765e-4ee8-b4f3-e9f516628ec1@group-C7B7A9FFAF8E
2020-06-16 15:32:53,188 [ef9cfcc1-9f7d-43bd-9c02-62b2f479cb11@group-570AD61C5C99-LeaderElection5] INFO  impl.LeaderElection (LeaderElection.java:askForVotes(206)) - ef9cfcc1-9f7d-43bd-9c02-62b2f479cb11@group-570AD61C5C99-LeaderElection5: begin an election at term 1 for -1: [ef9cfcc1-9f7d-43bd-9c02-62b2f479cb11:172.17.0.2:44625], old=null
2020-06-16 15:32:53,194 [8458e734-765e-4ee8-b4f3-e9f516628ec1@group-C7B7A9FFAF8E-LeaderElection3] INFO  server.RaftServerConfigKeys (ConfUtils.java:logGet(44)) - raft.server.write.element-limit = 1024 (custom)
2020-06-16 15:32:53,194 [8458e734-765e-4ee8-b4f3-e9f516628ec1@group-C7B7A9FFAF8E-LeaderElection3] INFO  server.RaftServerConfigKeys (ConfUtils.java:logGet(44)) - raft.server.write.byte-limit = 1073741824 (custom)
2020-06-16 15:32:53,194 [grpc-default-executor-2] INFO  impl.RaftServerImpl (RaftServerImpl.java:setRole(175)) - ef9cfcc1-9f7d-43bd-9c02-62b2f479cb11@group-C7B7A9FFAF8E: changes role from  FOLLOWER to FOLLOWER at term 2 for recognizeCandidate:741ab520-3362-4783-b5be-19cc72175476
2020-06-16 15:32:53,194 [grpc-default-executor-2] INFO  impl.RoleInfo (RoleInfo.java:shutdownFollowerState(121)) - ef9cfcc1-9f7d-43bd-9c02-62b2f479cb11: shutdown FollowerState
2020-06-16 15:32:53,194 [grpc-default-executor-2] INFO  impl.RoleInfo (RoleInfo.java:updateAndGet(143)) - ef9cfcc1-9f7d-43bd-9c02-62b2f479cb11: start FollowerState
2020-06-16 15:32:53,194 [Thread-226] INFO  impl.FollowerState (FollowerState.java:run(117)) - ef9cfcc1-9f7d-43bd-9c02-62b2f479cb11@group-C7B7A9FFAF8E-FollowerState was interrupted: java.lang.InterruptedException: sleep interrupted
2020-06-16 15:32:53,194 [ef9cfcc1-9f7d-43bd-9c02-62b2f479cb11@group-570AD61C5C99-LeaderElection5] INFO  impl.RoleInfo (RoleInfo.java:shutdownLeaderElection(134)) - ef9cfcc1-9f7d-43bd-9c02-62b2f479cb11: shutdown LeaderElection
2020-06-16 15:32:53,195 [ef9cfcc1-9f7d-43bd-9c02-62b2f479cb11@group-570AD61C5C99-LeaderElection5] INFO  impl.RaftServerImpl (RaftServerImpl.java:setRole(175)) - ef9cfcc1-9f7d-43bd-9c02-62b2f479cb11@group-570AD61C5C99: changes role from CANDIDATE to LEADER at term 1 for changeToLeader
2020-06-16 15:32:53,195 [ef9cfcc1-9f7d-43bd-9c02-62b2f479cb11@group-570AD61C5C99-LeaderElection5] INFO  ratis.XceiverServerRatis (XceiverServerRatis.java:handleLeaderChangedNotification(762)) - Leader change notification received for group: group-570AD61C5C99 with new leaderId: ef9cfcc1-9f7d-43bd-9c02-62b2f479cb11
2020-06-16 15:32:53,195 [ef9cfcc1-9f7d-43bd-9c02-62b2f479cb11@group-570AD61C5C99-LeaderElection5] INFO  impl.RaftServerImpl (ServerState.java:setLeader(255)) - ef9cfcc1-9f7d-43bd-9c02-62b2f479cb11@group-570AD61C5C99: change Leader from null to ef9cfcc1-9f7d-43bd-9c02-62b2f479cb11 at term 1 for becomeLeader, leader elected after 5148ms
2020-06-16 15:32:53,194 [8458e734-765e-4ee8-b4f3-e9f516628ec1@group-C7B7A9FFAF8E-LeaderElection3] INFO  server.RaftServerConfigKeys (ConfUtils.java:logGet(44)) - raft.server.watch.timeout = 3s (custom)
2020-06-16 15:32:53,195 [8458e734-765e-4ee8-b4f3-e9f516628ec1@group-C7B7A9FFAF8E-LeaderElection3] INFO  server.RaftServerConfigKeys (ConfUtils.java:logGet(44)) - raft.server.watch.timeout.denomination = 1s (default)
2020-06-16 15:32:53,195 [8458e734-765e-4ee8-b4f3-e9f516628ec1@group-C7B7A9FFAF8E-LeaderElection3] INFO  server.RaftServerConfigKeys (ConfUtils.java:logGet(44)) - raft.server.watch.element-limit = 65536 (default)
2020-06-16 15:32:53,195 [ef9cfcc1-9f7d-43bd-9c02-62b2f479cb11@group-570AD61C5C99-LeaderElection5] INFO  server.RaftServerConfigKeys (ConfUtils.java:logGet(44)) - raft.server.staging.catchup.gap = 1000 (default)
2020-06-16 15:32:53,195 [ef9cfcc1-9f7d-43bd-9c02-62b2f479cb11@group-570AD61C5C99-LeaderElection5] INFO  server.RaftServerConfigKeys (ConfUtils.java:logGet(44)) - raft.server.rpc.sleep.time = 25ms (default)
2020-06-16 15:32:53,195 [ef9cfcc1-9f7d-43bd-9c02-62b2f479cb11@group-570AD61C5C99-LeaderElection5] INFO  metrics.RatisMetrics (RatisMetrics.java:lambda$create$0(36)) - Creating Metrics Registry : ratis.log_appender.ef9cfcc1-9f7d-43bd-9c02-62b2f479cb11@group-570AD61C5C99
2020-06-16 15:32:53,196 [ef9cfcc1-9f7d-43bd-9c02-62b2f479cb11@group-570AD61C5C99-LeaderElection5] INFO  server.RaftServerConfigKeys (ConfUtils.java:logGet(44)) - raft.server.write.element-limit = 1024 (custom)
2020-06-16 15:32:53,196 [ef9cfcc1-9f7d-43bd-9c02-62b2f479cb11@group-570AD61C5C99-LeaderElection5] INFO  server.RaftServerConfigKeys (ConfUtils.java:logGet(44)) - raft.server.write.byte-limit = 1073741824 (custom)
2020-06-16 15:32:53,196 [ef9cfcc1-9f7d-43bd-9c02-62b2f479cb11@group-570AD61C5C99-LeaderElection5] INFO  server.RaftServerConfigKeys (ConfUtils.java:logGet(44)) - raft.server.watch.timeout = 3s (custom)
2020-06-16 15:32:53,196 [ef9cfcc1-9f7d-43bd-9c02-62b2f479cb11@group-570AD61C5C99-LeaderElection5] INFO  server.RaftServerConfigKeys (ConfUtils.java:logGet(44)) - raft.server.watch.timeout.denomination = 1s (default)
2020-06-16 15:32:53,196 [ef9cfcc1-9f7d-43bd-9c02-62b2f479cb11@group-570AD61C5C99-LeaderElection5] INFO  server.RaftServerConfigKeys (ConfUtils.java:logGet(44)) - raft.server.watch.element-limit = 65536 (default)
2020-06-16 15:32:53,196 [ef9cfcc1-9f7d-43bd-9c02-62b2f479cb11@group-570AD61C5C99-LeaderElection5] INFO  impl.RoleInfo (RoleInfo.java:updateAndGet(143)) - ef9cfcc1-9f7d-43bd-9c02-62b2f479cb11: start LeaderState
2020-06-16 15:32:53,196 [ef9cfcc1-9f7d-43bd-9c02-62b2f479cb11@group-570AD61C5C99-LeaderElection5] INFO  segmented.SegmentedRaftLogWorker (SegmentedRaftLogWorker.java:startLogSegment(397)) - ef9cfcc1-9f7d-43bd-9c02-62b2f479cb11@group-570AD61C5C99-SegmentedRaftLogWorker: Starting segment from index:0
2020-06-16 15:32:53,197 [ef9cfcc1-9f7d-43bd-9c02-62b2f479cb11@group-570AD61C5C99-LeaderElection5] INFO  impl.RaftServerImpl (ServerState.java:setRaftConf(356)) - ef9cfcc1-9f7d-43bd-9c02-62b2f479cb11@group-570AD61C5C99: set configuration 0: [ef9cfcc1-9f7d-43bd-9c02-62b2f479cb11:172.17.0.2:44625], old=null at 0
2020-06-16 15:32:53,198 [EventQueue-PipelineReportForPipelineReportHandler] INFO  pipeline.PipelineStateManager (PipelineStateManager.java:openPipeline(131)) - Pipeline Pipeline[ Id: da78ed7a-febb-4746-952b-c7b7a9ffaf8e, Nodes: ef9cfcc1-9f7d-43bd-9c02-62b2f479cb11{ip: 172.17.0.2, host: e341d3404cbd, networkLocation: /default-rack, certSerialId: null}741ab520-3362-4783-b5be-19cc72175476{ip: 172.17.0.2, host: e341d3404cbd, networkLocation: /default-rack, certSerialId: null}8458e734-765e-4ee8-b4f3-e9f516628ec1{ip: 172.17.0.2, host: e341d3404cbd, networkLocation: /default-rack, certSerialId: null}, Type:RATIS, Factor:THREE, State:ALLOCATED, leaderId:8458e734-765e-4ee8-b4f3-e9f516628ec1, CreationTimestamp2020-06-16T15:32:44.994Z] moved to OPEN state
2020-06-16 15:32:53,198 [EventQueue-OpenPipelineForOneReplicaPipelineSafeModeRule] INFO  safemode.SCMSafeModeManager (SCMSafeModeManager.java:validateSafeModeExitRules(213)) - AtleastOneDatanodeReportedRule rule is successfully validated
2020-06-16 15:32:53,198 [EventQueue-OpenPipelineForHealthyPipelineSafeModeRule] INFO  safemode.SCMSafeModeManager (HealthyPipelineSafeModeRule.java:process(132)) - SCM in safe mode. Healthy pipelines reported count is 1, required healthy pipeline reported count is 1
2020-06-16 15:32:53,202 [EventQueue-OpenPipelineForHealthyPipelineSafeModeRule] INFO  safemode.SCMSafeModeManager (SCMSafeModeManager.java:validateSafeModeExitRules(213)) - HealthyPipelineSafeModeRule rule is successfully validated
2020-06-16 15:32:53,202 [EventQueue-OpenPipelineForHealthyPipelineSafeModeRule] INFO  safemode.SCMSafeModeManager (SCMSafeModeManager.java:validateSafeModeExitRules(227)) - ScmSafeModeManager, all rules are successfully validated
2020-06-16 15:32:53,202 [EventQueue-OpenPipelineForHealthyPipelineSafeModeRule] INFO  safemode.SCMSafeModeManager (SCMSafeModeManager.java:exitSafeMode(256)) - SCM exiting safe mode.
2020-06-16 15:32:53,203 [8458e734-765e-4ee8-b4f3-e9f516628ec1@group-C7B7A9FFAF8E-LeaderElection3] INFO  server.RaftServerConfigKeys (ConfUtils.java:logGet(44)) - raft.server.log.appender.snapshot.chunk.size.max = 16MB (=16777216) (default)
2020-06-16 15:32:53,203 [8458e734-765e-4ee8-b4f3-e9f516628ec1@group-C7B7A9FFAF8E-LeaderElection3] INFO  server.RaftServerConfigKeys (ConfUtils.java:logGet(44)) - raft.server.log.appender.buffer.byte-limit = 33554432 (custom)
2020-06-16 15:32:53,204 [8458e734-765e-4ee8-b4f3-e9f516628ec1@group-C7B7A9FFAF8E-LeaderElection3] INFO  server.RaftServerConfigKeys (ConfUtils.java:logGet(44)) - raft.server.log.appender.buffer.element-limit = 1 (custom)
2020-06-16 15:32:53,206 [8458e734-765e-4ee8-b4f3-e9f516628ec1@group-C7B7A9FFAF8E-LeaderElection3] INFO  grpc.GrpcConfigKeys (ConfUtils.java:logGet(44)) - raft.grpc.server.leader.outstanding.appends.max = 128 (default)
2020-06-16 15:32:53,206 [8458e734-765e-4ee8-b4f3-e9f516628ec1@group-C7B7A9FFAF8E-LeaderElection3] INFO  server.RaftServerConfigKeys (ConfUtils.java:logGet(44)) - raft.server.rpc.request.timeout = 3s (default)
2020-06-16 15:32:53,207 [8458e734-765e-4ee8-b4f3-e9f516628ec1@group-C7B7A9FFAF8E-LeaderElection3] INFO  server.RaftServerConfigKeys (ConfUtils.java:logGet(44)) - raft.server.log.appender.install.snapshot.enabled = false (custom)
2020-06-16 15:32:53,207 [8458e734-765e-4ee8-b4f3-e9f516628ec1@group-C7B7A9FFAF8E-LeaderElection3] INFO  metrics.RatisMetrics (RatisMetrics.java:lambda$create$0(36)) - Creating Metrics Registry : ratis_grpc.log_appender.8458e734-765e-4ee8-b4f3-e9f516628ec1@group-C7B7A9FFAF8E
2020-06-16 15:32:53,215 [8458e734-765e-4ee8-b4f3-e9f516628ec1@group-C7B7A9FFAF8E-LeaderElection3] INFO  server.RaftServerConfigKeys (ConfUtils.java:logGet(44)) - raft.server.log.appender.snapshot.chunk.size.max = 16MB (=16777216) (default)
2020-06-16 15:32:53,215 [8458e734-765e-4ee8-b4f3-e9f516628ec1@group-C7B7A9FFAF8E-LeaderElection3] INFO  server.RaftServerConfigKeys (ConfUtils.java:logGet(44)) - raft.server.log.appender.buffer.byte-limit = 33554432 (custom)
2020-06-16 15:32:53,216 [8458e734-765e-4ee8-b4f3-e9f516628ec1@group-C7B7A9FFAF8E-LeaderElection3] INFO  server.RaftServerConfigKeys (ConfUtils.java:logGet(44)) - raft.server.log.appender.buffer.element-limit = 1 (custom)
2020-06-16 15:32:53,216 [8458e734-765e-4ee8-b4f3-e9f516628ec1@group-C7B7A9FFAF8E-LeaderElection3] INFO  grpc.GrpcConfigKeys (ConfUtils.java:logGet(44)) - raft.grpc.server.leader.outstanding.appends.max = 128 (default)
2020-06-16 15:32:53,216 [8458e734-765e-4ee8-b4f3-e9f516628ec1@group-C7B7A9FFAF8E-LeaderElection3] INFO  server.RaftServerConfigKeys (ConfUtils.java:logGet(44)) - raft.server.rpc.request.timeout = 3s (default)
2020-06-16 15:32:53,216 [8458e734-765e-4ee8-b4f3-e9f516628ec1@group-C7B7A9FFAF8E-LeaderElection3] INFO  server.RaftServerConfigKeys (ConfUtils.java:logGet(44)) - raft.server.log.appender.install.snapshot.enabled = false (custom)
2020-06-16 15:32:53,218 [8458e734-765e-4ee8-b4f3-e9f516628ec1@group-C7B7A9FFAF8E-LeaderElection3] INFO  impl.RoleInfo (RoleInfo.java:updateAndGet(143)) - 8458e734-765e-4ee8-b4f3-e9f516628ec1: start LeaderState
2020-06-16 15:32:53,218 [8458e734-765e-4ee8-b4f3-e9f516628ec1@group-C7B7A9FFAF8E-LeaderElection3] INFO  segmented.SegmentedRaftLogWorker (SegmentedRaftLogWorker.java:startLogSegment(397)) - 8458e734-765e-4ee8-b4f3-e9f516628ec1@group-C7B7A9FFAF8E-SegmentedRaftLogWorker: Starting segment from index:0
2020-06-16 15:32:53,224 [8458e734-765e-4ee8-b4f3-e9f516628ec1@group-C7B7A9FFAF8E-LeaderElection3] INFO  impl.RaftServerImpl (ServerState.java:setRaftConf(356)) - 8458e734-765e-4ee8-b4f3-e9f516628ec1@group-C7B7A9FFAF8E: set configuration 0: [ef9cfcc1-9f7d-43bd-9c02-62b2f479cb11:172.17.0.2:44625, 8458e734-765e-4ee8-b4f3-e9f516628ec1:172.17.0.2:38605, 741ab520-3362-4783-b5be-19cc72175476:172.17.0.2:33805], old=null at 0
2020-06-16 15:32:53,238 [grpc-default-executor-2] INFO  impl.RaftServerImpl (ServerState.java:setLeader(255)) - 8458e734-765e-4ee8-b4f3-e9f516628ec1@group-C7B7A9FFAF8E: change Leader from 8458e734-765e-4ee8-b4f3-e9f516628ec1 to null at term 2 for updateCurrentTerm
2020-06-16 15:32:53,238 [grpc-default-executor-2] INFO  impl.RaftServerImpl (RaftServerImpl.java:setRole(175)) - 8458e734-765e-4ee8-b4f3-e9f516628ec1@group-C7B7A9FFAF8E: changes role from    LEADER to FOLLOWER at term 2 for recognizeCandidate:741ab520-3362-4783-b5be-19cc72175476
2020-06-16 15:32:53,238 [grpc-default-executor-2] INFO  impl.RoleInfo (RoleInfo.java:shutdownLeaderState(104)) - 8458e734-765e-4ee8-b4f3-e9f516628ec1: shutdown LeaderState
2020-06-16 15:32:53,238 [grpc-default-executor-2] INFO  metrics.RatisMetrics (RatisMetrics.java:unregister(43)) - Unregistering Metrics Registry : ratis_grpc.log_appender.8458e734-765e-4ee8-b4f3-e9f516628ec1@group-C7B7A9FFAF8E
2020-06-16 15:32:53,246 [grpc-default-executor-2] INFO  metrics.RatisMetrics (RatisMetrics.java:unregister(43)) - Unregistering Metrics Registry : ratis_grpc.log_appender.8458e734-765e-4ee8-b4f3-e9f516628ec1@group-C7B7A9FFAF8E
2020-06-16 15:32:53,247 [grpc-default-executor-2] INFO  impl.PendingRequests (PendingRequests.java:sendNotLeaderResponses(249)) - 8458e734-765e-4ee8-b4f3-e9f516628ec1@group-C7B7A9FFAF8E-PendingRequests: sendNotLeaderResponses
2020-06-16 15:32:53,248 [grpc-default-executor-2] INFO  metrics.RatisMetrics (RatisMetrics.java:unregister(43)) - Unregistering Metrics Registry : ratis.log_appender.8458e734-765e-4ee8-b4f3-e9f516628ec1@group-C7B7A9FFAF8E
2020-06-16 15:32:53,248 [grpc-default-executor-2] INFO  metrics.RatisMetrics (RatisMetrics.java:unregister(43)) - Unregistering Metrics Registry : ratis.server.8458e734-765e-4ee8-b4f3-e9f516628ec1@group-C7B7A9FFAF8E
2020-06-16 15:32:53,249 [grpc-default-executor-2] INFO  impl.RoleInfo (RoleInfo.java:updateAndGet(143)) - 8458e734-765e-4ee8-b4f3-e9f516628ec1: start FollowerState
2020-06-16 15:32:53,281 [grpc-default-executor-1] INFO  server.GrpcServerProtocolService (GrpcServerProtocolService.java:onCompleted(138)) - ef9cfcc1-9f7d-43bd-9c02-62b2f479cb11: Completed APPEND_ENTRIES, lastRequest: null
2020-06-16 15:32:53,283 [grpc-default-executor-2] INFO  server.GrpcLogAppender (GrpcLogAppender.java:onCompleted(319)) - 8458e734-765e-4ee8-b4f3-e9f516628ec1@group-C7B7A9FFAF8E->ef9cfcc1-9f7d-43bd-9c02-62b2f479cb11-AppendLogResponseHandler: follower responses appendEntries COMPLETED
2020-06-16 15:32:53,282 [grpc-default-executor-3] INFO  server.GrpcServerProtocolService (GrpcServerProtocolService.java:onCompleted(138)) - 741ab520-3362-4783-b5be-19cc72175476: Completed APPEND_ENTRIES, lastRequest: null
2020-06-16 15:32:53,284 [grpc-default-executor-3] INFO  server.GrpcLogAppender (GrpcLogAppender.java:onCompleted(319)) - 8458e734-765e-4ee8-b4f3-e9f516628ec1@group-C7B7A9FFAF8E->741ab520-3362-4783-b5be-19cc72175476-AppendLogResponseHandler: follower responses appendEntries COMPLETED
2020-06-16 15:32:53,287 [grpc-default-executor-2] INFO  impl.FollowerInfo (FollowerInfo.java:lambda$new$0(51)) - 8458e734-765e-4ee8-b4f3-e9f516628ec1@group-C7B7A9FFAF8E->ef9cfcc1-9f7d-43bd-9c02-62b2f479cb11: nextIndex: updateUnconditionally 0 -> 0
2020-06-16 15:32:53,294 [grpc-default-executor-3] INFO  impl.FollowerInfo (FollowerInfo.java:lambda$new$0(51)) - 8458e734-765e-4ee8-b4f3-e9f516628ec1@group-C7B7A9FFAF8E->741ab520-3362-4783-b5be-19cc72175476: nextIndex: updateUnconditionally 0 -> 0
2020-06-16 15:32:53,319 [8458e734-765e-4ee8-b4f3-e9f516628ec1@group-C7B7A9FFAF8E-SegmentedRaftLogWorker] INFO  segmented.SegmentedRaftLogWorker (SegmentedRaftLogWorker.java:execute(596)) - 8458e734-765e-4ee8-b4f3-e9f516628ec1@group-C7B7A9FFAF8E-SegmentedRaftLogWorker: created new log segment /github/workspace/mnt/ozone/hadoop-ozone/integration-test/target/test-dir/MiniOzoneClusterImpl-6d8badc9-fe29-45e7-b6a6-4f647f694532/datanode-0/data/ratis/da78ed7a-febb-4746-952b-c7b7a9ffaf8e/current/log_inprogress_0
2020-06-16 15:32:53,320 [741ab520-3362-4783-b5be-19cc72175476@group-4F54355FCB5C-SegmentedRaftLogWorker] INFO  segmented.SegmentedRaftLogWorker (SegmentedRaftLogWorker.java:execute(596)) - 741ab520-3362-4783-b5be-19cc72175476@group-4F54355FCB5C-SegmentedRaftLogWorker: created new log segment /github/workspace/mnt/ozone/hadoop-ozone/integration-test/target/test-dir/MiniOzoneClusterImpl-6d8badc9-fe29-45e7-b6a6-4f647f694532/datanode-1/data/ratis/4f1cfea3-8982-468c-9858-4f54355fcb5c/current/log_inprogress_0
2020-06-16 15:32:53,322 [ef9cfcc1-9f7d-43bd-9c02-62b2f479cb11@group-570AD61C5C99-SegmentedRaftLogWorker] INFO  segmented.SegmentedRaftLogWorker (SegmentedRaftLogWorker.java:execute(596)) - ef9cfcc1-9f7d-43bd-9c02-62b2f479cb11@group-570AD61C5C99-SegmentedRaftLogWorker: created new log segment /github/workspace/mnt/ozone/hadoop-ozone/integration-test/target/test-dir/MiniOzoneClusterImpl-6d8badc9-fe29-45e7-b6a6-4f647f694532/datanode-2/data/ratis/ea3d3481-fb3d-4edd-979f-570ad61c5c99/current/log_inprogress_0
2020-06-16 15:32:53,322 [8458e734-765e-4ee8-b4f3-e9f516628ec1@group-BF50E663EE3D-SegmentedRaftLogWorker] INFO  segmented.SegmentedRaftLogWorker (SegmentedRaftLogWorker.java:execute(596)) - 8458e734-765e-4ee8-b4f3-e9f516628ec1@group-BF50E663EE3D-SegmentedRaftLogWorker: created new log segment /github/workspace/mnt/ozone/hadoop-ozone/integration-test/target/test-dir/MiniOzoneClusterImpl-6d8badc9-fe29-45e7-b6a6-4f647f694532/datanode-0/data/ratis/1b8a1843-ea54-4018-ab2e-bf50e663ee3d/current/log_inprogress_0
2020-06-16 15:32:53,978 [Listener at 127.0.0.1/36375] INFO  ozone.MiniOzoneClusterImpl (MiniOzoneClusterImpl.java:lambda$waitForClusterToBeReady$0(177)) - Nodes are ready. Got 3 of 3 DN Heartbeats.
2020-06-16 15:32:53,978 [Listener at 127.0.0.1/36375] INFO  ozone.MiniOzoneClusterImpl (MiniOzoneClusterImpl.java:lambda$waitForClusterToBeReady$0(180)) - Cluster exits safe mode
2020-06-16 15:32:54,753 [Listener at 127.0.0.1/36375] INFO  rpc.RpcClient (RpcClient.java:createVolume(310)) - Creating Volume: testcontainerstatemachinefailures, with jenkins1001 as owner.
2020-06-16 15:32:54,843 [IPC Server handler 3 on default port 36375] INFO  volume.OMVolumeCreateRequest (OMVolumeCreateRequest.java:validateAndUpdateCache(204)) - created volume:testcontainerstatemachinefailures for user:jenkins1001
2020-06-16 15:32:54,870 [Listener at 127.0.0.1/36375] INFO  rpc.RpcClient (RpcClient.java:createBucket(450)) - Creating Bucket: testcontainerstatemachinefailures/testcontainerstatemachinefailures, with Versioning false and Storage Type set to DISK and Encryption set to false 
2020-06-16 15:32:55,022 [Listener at 127.0.0.1/36375] INFO  impl.MetricsSystemImpl (MetricsSystemImpl.java:init(158)) - XceiverClientMetrics metrics system started (again)
]]></system-out>
    <system-err><![CDATA[ERROR StatusLogger No Log4j 2 configuration file found. Using default configuration (logging only errors to the console), or user programmatically provided configurations. Set system property 'log4j2.debug' to show Log4j 2 internal initialization logging. See https://logging.apache.org/log4j/2.x/manual/configuration.html for instructions on how to configure Log4j 2
]]></system-err>
  </testcase>
</testsuite>